{
  "stats": {
    "suites": 10,
    "tests": 48,
    "passes": 48,
    "pending": 0,
    "failures": 0,
    "start": "2021-07-08T07:17:04.303Z",
    "end": "2021-07-08T07:17:04.729Z",
    "duration": 426,
    "testsRegistered": 48,
    "passPercent": 100,
    "pendingPercent": 0,
    "other": 0,
    "hasOther": false,
    "skipped": 0,
    "hasSkipped": false
  },
  "results": [
    {
      "uuid": "52239a77-11b0-4a6e-9ea5-f6fd88e36c61",
      "title": "",
      "fullFile": "",
      "file": "",
      "beforeHooks": [],
      "afterHooks": [],
      "tests": [],
      "suites": [
        {
          "uuid": "ecd39825-0028-47c3-b086-e04526c4f112",
          "title": "initDirectories",
          "fullFile": "/home/runner/work/planwithus-lib/planwithus-lib/src/block/schemas.test.ts",
          "file": "/src/block/schemas.test.ts",
          "beforeHooks": [],
          "afterHooks": [],
          "tests": [
            {
              "title": "should parse all blocks with no errors",
              "fullTitle": "initDirectories should parse all blocks with no errors",
              "timedOut": false,
              "duration": 4,
              "state": "passed",
              "speed": "fast",
              "pass": true,
              "fail": false,
              "pending": false,
              "context": null,
              "code": "_1.initDirectories.should.not.throw()",
              "err": {},
              "uuid": "b5363802-9979-451b-9b03-f7856ddb768f",
              "parentUUID": "ecd39825-0028-47c3-b086-e04526c4f112",
              "isHook": false,
              "skipped": false
            },
            {
              "title": "should produce primary, second & minor directories",
              "fullTitle": "initDirectories should produce primary, second & minor directories",
              "timedOut": false,
              "duration": 48,
              "state": "passed",
              "speed": "medium",
              "pass": true,
              "fail": false,
              "pending": false,
              "context": null,
              "code": "const directories = await _1.initDirectories();\ndirectories.should.have.property(\"primary\");\ndirectories.should.have.property(\"second\");\ndirectories.should.have.property(\"minor\");",
              "err": {},
              "uuid": "ee634fc5-aa3b-4faa-b81c-de0e0d3bf0af",
              "parentUUID": "ecd39825-0028-47c3-b086-e04526c4f112",
              "isHook": false,
              "skipped": false
            }
          ],
          "suites": [],
          "passes": [
            "b5363802-9979-451b-9b03-f7856ddb768f",
            "ee634fc5-aa3b-4faa-b81c-de0e0d3bf0af"
          ],
          "failures": [],
          "pending": [],
          "skipped": [],
          "duration": 52,
          "root": false,
          "rootEmpty": false,
          "_timeout": 2000
        },
        {
          "uuid": "8e4d05a2-9cf2-45d6-af23-1e2fbe569b6c",
          "title": "blockSchema",
          "fullFile": "/home/runner/work/planwithus-lib/planwithus-lib/src/block/schemas.test.ts",
          "file": "/src/block/schemas.test.ts",
          "beforeHooks": [],
          "afterHooks": [],
          "tests": [
            {
              "title": "should validate valid block",
              "fullTitle": "blockSchema should validate valid block",
              "timedOut": false,
              "duration": 198,
              "state": "passed",
              "speed": "slow",
              "pass": true,
              "fail": false,
              "pending": false,
              "context": "[\n  {\n    \"title\": \"block sample 0\",\n    \"value\": {\n      \"name\": \"|LEC=!6]xz\",\n      \"ay\": 1954,\n      \"match\": {\n        \"pattern\": \"BCD0*25\",\n        \"info\": \" \\\"<T\"\n      },\n      \"satisfy\": [\n        {\n          \"and\": [\n            \"LaL[\",\n            {\n              \"mc\": \">=191\"\n            },\n            {\n              \"and\": [\n                {\n                  \"or\": [\n                    {\n                      \"and\": [\n                        \"}ZK<N\",\n                        \"N-i5\",\n                        \"\"\n                      ]\n                    },\n                    \"g<:1X$0B2>\"\n                  ]\n                },\n                \"@\"\n              ]\n            },\n            {\n              \"and\": [\n                {\n                  \"and\": []\n                },\n                {\n                  \"or\": [\n                    \"\",\n                    \"@\",\n                    {\n                      \"or\": [\n                        \"8\",\n                        {\n                          \"mc\": \">=12\"\n                        }\n                      ]\n                    },\n                    {\n                      \"and\": [\n                        {\n                          \"or\": [\n                            {\n                              \"and\": [\n                                \"%1[E\\\";dY_\"\n                              ]\n                            },\n                            \"O;q}ZX5M\",\n                            {\n                              \"mc\": \">=84\"\n                            }\n                          ]\n                        },\n                        \"~+He7P:\"\n                      ]\n                    },\n                    \"C\"\n                  ]\n                },\n                \"gedV'\"\n              ]\n            }\n          ]\n        },\n        \"wOExu<\",\n        \"\"\n      ],\n      \"url\": \"https://f.aa4mfbnffzcbaq6hfmaya2yu336mdcq4bif.jcmd.zohcavdpb/mF/Yb.89_(/Te//amxO;\",\n      \"info\": \"&S\",\n      \"D6TmdX]TN\": {\n        \"name\": \"\",\n        \"ay\": 2005,\n        \"assign\": [],\n        \"satisfy\": {\n          \"or\": []\n        },\n        \"url\": \"https://3vvpg1l03m6qt.9f35pksyob24ogyb07pl6cysrzh97ig0xfh-h2f8ldzib.bebt\",\n        \"info\": \"5\",\n        \" ['\": {\n          \"name\": \"EK8\\\"=fb)\",\n          \"match\": {\n            \"or\": [\n              \"MSK*\",\n              {\n                \"and\": [\n                  \"LNxE\",\n                  {\n                    \"or\": []\n                  }\n                ]\n              }\n            ]\n          },\n          \"satisfy\": [\n            {\n              \"or\": []\n            },\n            {\n              \"and\": [\n                {\n                  \"and\": []\n                },\n                {\n                  \"mc\": \"<=104\"\n                },\n                \"g`.ag\\\"(:\",\n                {\n                  \"and\": [\n                    \"pJl2Y@DQXr\",\n                    {\n                      \"or\": [\n                        {\n                          \"mc\": \">=162\"\n                        }\n                      ]\n                    },\n                    \"SQ4g\",\n                    {\n                      \"and\": [\n                        \"ADr|P2:_~C\",\n                        {\n                          \"and\": [\n                            \"b l\",\n                            {\n                              \"and\": [\n                                \"*<Vsb4}R\"\n                              ]\n                            },\n                            \"E9\",\n                            \"6s0p6J)\",\n                            \"yH]'av\"\n                          ]\n                        },\n                        \"7FSW?8S%)`\",\n                        \".i5`aRdu\"\n                      ]\n                    },\n                    \"xQ~*2n@Y\"\n                  ]\n                }\n              ]\n            }\n          ],\n          \"url\": \"http://fr9qp8mqzowwcq8gtwt5fp33d93ums6khizh-7hbrmefp0w91zdjtgba6.c.i2q0lvwbky7zanec05mtn86dzvelwmirbzcihvzlv8bh739bgd.o.6t3ij6ecx6rxswbku3q7b0y6j9uop5ccvvi2buz11-v825njcybp9.qehr\",\n          \"info\": \">WiJ|x^\",\n          \"#{7aH;.S/n\": {\n            \"ay\": 1965,\n            \"assign\": \"sqKb|2H\",\n            \"match\": \"HFE8*\",\n            \"satisfy\": [],\n            \"url\": \"http://bl.tjjecawkpk/FT:O3;B)K/%F2%BD%92%ADl/ul/J/Je\",\n            \"info\": \"vt)\"\n          },\n          \"#EE\": {\n            \"name\": \"NcRqI_*9%9\",\n            \"ay\": 2001,\n            \"assign\": \"Y\",\n            \"match\": {\n              \"or\": [\n                {\n                  \"pattern\": \"KXZ4B\",\n                  \"exclude\": \"RR5Y\",\n                  \"info\": \"<4\\\"\"\n                },\n                \"OGKxx9K\",\n                \"XKP73\",\n                \"FIH11Y\"\n              ]\n            },\n            \"satisfy\": \"rJPX\",\n            \"url\": \"http://zo70pnoh9k-y3rff487vydb1mzcpl5wt3k6-muhwkyasl5hscjl6zh.lyyfkp8g8ioegptfcrqz6nwa.dvxwtz/%F4%8E%9B%B2o/\",\n            \"info\": \"Nn @.\"\n          },\n          \"7[Kt|K\": {\n            \"name\": \"\",\n            \"ay\": 1973,\n            \"match\": [\n              {\n                \"pattern\": \"TG48x3\",\n                \"info\": \"d0<L\"\n              },\n              \"MXJ6\",\n              {\n                \"and\": [\n                  {\n                    \"and\": [\n                      {\n                        \"and\": [\n                          {\n                            \"and\": []\n                          },\n                          {\n                            \"pattern\": \"LQ44\"\n                          },\n                          \"RD6\",\n                          \"WR9D\",\n                          {\n                            \"or\": []\n                          }\n                        ]\n                      },\n                      \"CH80O\",\n                      \"DOx*M\",\n                      {\n                        \"pattern\": \"XUE21S\",\n                        \"exclude\": \"VYZ063I\",\n                        \"info\": \"(>?7ax\"\n                      },\n                      {\n                        \"pattern\": \"YE5x*7\",\n                        \"info\": \"~e\"\n                      }\n                    ]\n                  },\n                  \"LT913\",\n                  {\n                    \"and\": [\n                      {\n                        \"and\": [\n                          {\n                            \"or\": [\n                              \"KGP8\",\n                              \"XOZ379D\"\n                            ]\n                          },\n                          \"PM3*x3\"\n                        ]\n                      }\n                    ]\n                  },\n                  \"JWLx\"\n                ]\n              }\n            ],\n            \"satisfy\": [\n              \"~y/*\",\n              {\n                \"mc\": \"<=132\"\n              },\n              {\n                \"or\": [\n                  {\n                    \"and\": [\n                      \",h9UJ^\",\n                      {\n                        \"and\": [\n                          \"Gn=)ihny\",\n                          \"nq4^(McJ\"\n                        ]\n                      },\n                      \"u_5UJTUA\"\n                    ]\n                  },\n                  {\n                    \"mc\": \">=143\"\n                  },\n                  {\n                    \"mc\": \">=189\"\n                  }\n                ]\n              },\n              {\n                \"or\": [\n                  {\n                    \"and\": [\n                      \"hGfP_r1:\",\n                      \"*i|mZyEv\",\n                      \"_YH\"\n                    ]\n                  }\n                ]\n              }\n            ],\n            \"url\": \"http://8.2.a90xlxsnwtcywu3qmqe-omcwaxe6bqt1x6zm9q.aw5b3ccog08n82.oomrefbope6.zamttti/~%F1%B3%9D%83B%F4%85%90%95=0W0/!j%F3%A1%AB%AEfS%F1%9F%A4%9B%F1%87%A3%BEt/Z!m,O/D\",\n            \"*C'@2M\": {\n              \"name\": \"exE2Av~\",\n              \"ay\": 2001,\n              \"assign\": [\n                \"br5YH\",\n                \"7$U4f6kzbO\",\n                \"WY\",\n                \"S_d;n,&\",\n                \"TZ`\"\n              ],\n              \"match\": {\n                \"and\": [\n                  \"EG0\",\n                  {\n                    \"and\": [\n                      {\n                        \"pattern\": \"OLT6\",\n                        \"exclude\": [\n                          \"QBQ2Z\"\n                        ],\n                        \"info\": \"LW{y*^\"\n                      },\n                      \"HIB6\"\n                    ]\n                  }\n                ]\n              },\n              \"satisfy\": {\n                \"or\": [\n                  {\n                    \"and\": [\n                      \">\",\n                      {\n                        \"or\": [\n                          \"Kup=cj\\\"a\",\n                          \"X\"\n                        ]\n                      },\n                      \"!a>uEQT'\",\n                      \"IQ5XO! Zp\",\n                      \"U]C\"\n                    ]\n                  },\n                  {\n                    \"or\": [\n                      \"X|y$>N)R^\"\n                    ]\n                  }\n                ]\n              },\n              \"url\": \"http://z7uh8z6ki-lotqtwulh6eja7um-bch4au64ui.hjgivh/~3/0G1+udk//=-p/Yu;dkOXG/\",\n              \"info\": \"4FyD\"\n            },\n            \"3j`g`zZwC\": {\n              \"ay\": 1959,\n              \"assign\": \"FX`N)BbP3\",\n              \"match\": {\n                \"and\": [\n                  {\n                    \"pattern\": \"WO9L\",\n                    \"exclude\": [],\n                    \"info\": \"c+\"\n                  },\n                  {\n                    \"and\": [\n                      {\n                        \"or\": [\n                          \"JX4776Z\",\n                          \"VUW3984B\"\n                        ]\n                      },\n                      \"GHF102G\",\n                      {\n                        \"and\": [\n                          \"JIX76H\",\n                          \"KJV5182N\",\n                          \"JDx794\",\n                          \"XK31*\",\n                          \"TBO9*\"\n                        ]\n                      },\n                      \"XZx7x\",\n                      \"IUx9\"\n                    ]\n                  }\n                ]\n              },\n              \"satisfy\": {\n                \"mc\": \"<=96\"\n              },\n              \"url\": \"https://q4gy5nh8uuv17eap6amsi76vs8.2-gmt8nbxe8gc9ra1ngn.maa/MPk7D/BRbt1;g/$m)/~Df-o4o$%F1%B8%A0%A5f/f/GA&tNHC4A/Dt\",\n              \"info\": \"S&\"\n            }\n          }\n        },\n        \"p\": {\n          \"name\": \"K%B~;@3VE\",\n          \"ay\": 2024,\n          \"assign\": [\n            \"U.7M\",\n            \"@]'y%#C]\"\n          ],\n          \"match\": [\n            {\n              \"pattern\": \"IW1\",\n              \"exclude\": [\n                \"ZCP4\",\n                \"XAE8B\",\n                \"LB2858\",\n                \"JMC52\"\n              ],\n              \"info\": \"&-$OUPQvf\"\n            },\n            {\n              \"or\": [\n                {\n                  \"or\": [\n                    {\n                      \"and\": [\n                        {\n                          \"pattern\": \"OKE19\",\n                          \"exclude\": [\n                            \"GU37x\"\n                          ]\n                        }\n                      ]\n                    },\n                    {\n                      \"and\": [\n                        \"LZZ*0\"\n                      ]\n                    },\n                    {\n                      \"or\": []\n                    },\n                    {\n                      \"and\": [\n                        \"RZ20\",\n                        {\n                          \"and\": [\n                            \"XZD6\",\n                            \"LM67\",\n                            \"IJI9\",\n                            \"OF7L\"\n                          ]\n                        },\n                        \"XR83*3\",\n                        {\n                          \"pattern\": \"EDKx6\",\n                          \"exclude\": \"LX3*xx\",\n                          \"info\": \"YDSZI&E'\"\n                        },\n                        \"XKC8xC\"\n                      ]\n                    },\n                    {\n                      \"or\": [\n                        {\n                          \"or\": [\n                            {\n                              \"or\": [\n                                \"XW919N\",\n                                {\n                                  \"and\": [\n                                    \"MBK0xK\"\n                                  ]\n                                },\n                                \"XJZ14F\",\n                                {\n                                  \"and\": [\n                                    \"NDE602\"\n                                  ]\n                                }\n                              ]\n                            },\n                            {\n                              \"or\": [\n                                {\n                                  \"or\": [\n                                    \"GKH9867D\",\n                                    \"HBx07M\",\n                                    \"LAA225\"\n                                  ]\n                                },\n                                \"GT*67S\",\n                                \"CB4\",\n                                \"MX9K\"\n                              ]\n                            },\n                            \"GKD8x\"\n                          ]\n                        },\n                        \"IN9173B\"\n                      ]\n                    }\n                  ]\n                },\n                {\n                  \"and\": []\n                },\n                {\n                  \"and\": [\n                    {\n                      \"and\": []\n                    }\n                  ]\n                }\n              ]\n            },\n            {\n              \"pattern\": \"WL8xx7\",\n              \"exclude\": [],\n              \"info\": \"k9+qx\"\n            },\n            {\n              \"and\": []\n            },\n            {\n              \"and\": [\n                {\n                  \"pattern\": \"NZC2***\",\n                  \"exclude\": [\n                    \"WR4x4\",\n                    \"UA8\",\n                    \"RQU0537\",\n                    \"MKI111x\",\n                    \"FQ6243\"\n                  ],\n                  \"info\": \"9'R\\\\\"\n                },\n                {\n                  \"or\": [\n                    {\n                      \"pattern\": \"PP9I\",\n                      \"exclude\": \"AUW25xO\",\n                      \"info\": \"hREeJ\"\n                    },\n                    {\n                      \"pattern\": \"WSP138C\",\n                      \"exclude\": \"NG6\",\n                      \"info\": \"B]h!e\"\n                    },\n                    \"ZF1\"\n                  ]\n                },\n                {\n                  \"or\": [\n                    \"TA4\",\n                    {\n                      \"or\": []\n                    },\n                    {\n                      \"and\": [\n                        \"AOG6P\",\n                        {\n                          \"or\": [\n                            \"AZ6*79T\"\n                          ]\n                        },\n                        \"LP95X\",\n                        \"QG909B\"\n                      ]\n                    },\n                    \"JPG3643\",\n                    \"QL3*2xO\"\n                  ]\n                },\n                {\n                  \"and\": []\n                },\n                {\n                  \"or\": [\n                    \"HAO90H\"\n                  ]\n                }\n              ]\n            }\n          ],\n          \"satisfy\": []\n        }\n      }\n    }\n  },\n  {\n    \"title\": \"block sample 1\",\n    \"value\": {\n      \"name\": \"\",\n      \"ay\": 1959,\n      \"assign\": [\n        \"%\",\n        \"jo=/|D_2\",\n        \"~\"\n      ],\n      \"match\": {\n        \"or\": [\n          {\n            \"pattern\": \"XUx4\",\n            \"exclude\": [],\n            \"info\": \"TB\"\n          },\n          {\n            \"and\": [\n              \"FVVx\"\n            ]\n          }\n        ]\n      },\n      \"satisfy\": [\n        {\n          \"and\": []\n        },\n        {\n          \"and\": [\n            {\n              \"or\": [\n                {\n                  \"and\": [\n                    \"K^Q\\\"u\"\n                  ]\n                },\n                {\n                  \"or\": [\n                    {\n                      \"and\": [\n                        \"n\"\n                      ]\n                    },\n                    \"Vb9\",\n                    \"=@\"\n                  ]\n                },\n                {\n                  \"and\": [\n                    \"~z+X\",\n                    \"\",\n                    \".JWyRvZbaq\"\n                  ]\n                }\n              ]\n            },\n            \"\",\n            {\n              \"mc\": \">=5\"\n            },\n            {\n              \"or\": [\n                {\n                  \"and\": [\n                    \"s%&Ob5q\\\\!w\",\n                    {\n                      \"and\": [\n                        \"s@4\"\n                      ]\n                    }\n                  ]\n                },\n                \"[|Ws=j\",\n                \"|\",\n                \"E4I\"\n              ]\n            },\n            \",@&~@{Bt|\"\n          ]\n        },\n        \"$\"\n      ],\n      \"url\": \"http://cosi5lrxqtdaos0i390fbm4418ffewqyv1eepubp2dymvt9io.x0l5o-8va7y1u67s5h37uykjh681.bveydyw/%F3%9A%B9%B0=pc%EB%B3%9FgPb/h3WM%F0%94%A8%8FkN22*/%F0%95%93%AELiyBeKKxE\",\n      \"info\": \"~ S!$%#\"\n    }\n  },\n  {\n    \"title\": \"block sample 2\",\n    \"value\": {\n      \"name\": \"\",\n      \"ay\": 2029,\n      \"assign\": [\n        \"3n]A|Eh\",\n        \"i:&nl6R\\\"\"\n      ],\n      \"match\": {\n        \"or\": [\n          {\n            \"and\": [\n              \"MP41F\",\n              \"CQZ82*\"\n            ]\n          },\n          {\n            \"and\": [\n              {\n                \"and\": []\n              },\n              \"WS122H\",\n              \"WIR26I\",\n              \"VE4\",\n              {\n                \"or\": [\n                  {\n                    \"and\": [\n                      {\n                        \"or\": []\n                      },\n                      \"FJI*\"\n                    ]\n                  },\n                  \"SVP556I\",\n                  \"SF83\",\n                  {\n                    \"and\": [\n                      \"FLPx014\",\n                      \"KGJ042*A\"\n                    ]\n                  }\n                ]\n              }\n            ]\n          },\n          {\n            \"pattern\": \"SCM2K\",\n            \"exclude\": [\n              \"SLE1*79N\",\n              \"JC830\"\n            ]\n          },\n          {\n            \"and\": [\n              \"PMW04L\",\n              {\n                \"pattern\": \"TU1021\",\n                \"exclude\": [\n                  \"IJL*Y\",\n                  \"TL*A\"\n                ],\n                \"info\": \"\"\n              }\n            ]\n          }\n        ]\n      },\n      \"satisfy\": \"\",\n      \"url\": \"http://u9wfq3lhn38-oncxzyfvixanhkcm6eo6nlbcmv5rgydxmzb.1zufd9p.ev9gm7e0-bc0fq3ftdln0no9e.bbe\",\n      \"info\": \"!M!#uX\"\n    }\n  },\n  {\n    \"title\": \"block sample 3\",\n    \"value\": {\n      \"name\": \"tm1HvUz(H1\",\n      \"ay\": 2002,\n      \"assign\": [\n        \"g{]\\\" (#!\",\n        \"hCqR\"\n      ],\n      \"match\": {\n        \"and\": [\n          {\n            \"and\": [\n              {\n                \"or\": [\n                  {\n                    \"and\": [\n                      \"HB0\"\n                    ]\n                  },\n                  {\n                    \"and\": [\n                      \"ZJ*Q\",\n                      \"DM80A\"\n                    ]\n                  },\n                  {\n                    \"pattern\": \"XC1D\",\n                    \"info\": \"6}#$xnlw-@\"\n                  },\n                  \"PK06\"\n                ]\n              },\n              {\n                \"pattern\": \"SU5F\",\n                \"exclude\": [],\n                \"info\": \"G$y\"\n              },\n              {\n                \"pattern\": \"PVM15\",\n                \"exclude\": \"KYR30\",\n                \"info\": \"]n|I/8MoYU\"\n              },\n              \"QCF60D\"\n            ]\n          }\n        ]\n      },\n      \"satisfy\": [\n        {\n          \"mc\": \"<=142\"\n        },\n        {\n          \"and\": [\n            {\n              \"or\": [\n                \"b^p\",\n                \"fLc%ra!?]\"\n              ]\n            }\n          ]\n        }\n      ],\n      \"url\": \"http://q.ty.raa/V\",\n      \"Hh\": {\n        \"name\": \"7\",\n        \"ay\": 2015,\n        \"match\": \"ZWK4*3\",\n        \"satisfy\": [\n          {\n            \"or\": []\n          },\n          {\n            \"mc\": \">=124\"\n          },\n          {\n            \"or\": []\n          },\n          {\n            \"and\": [\n              {\n                \"mc\": \">=118\"\n              },\n              {\n                \"and\": [\n                  \"b1Q\",\n                  {\n                    \"or\": []\n                  }\n                ]\n              },\n              {\n                \"mc\": \"<=89\"\n              },\n              \"oAC\"\n            ]\n          }\n        ],\n        \"url\": \"http://vmcd0dzn1p6b63lbro2-mzgrxc6h6h-5.2.3qyzjy23xta9jbarnccxwdr2717r-6cy9-j.gemmtwbait/!DW/4/BE!tXuR7\",\n        \"info\": \"~D7Qq\",\n        \"`__-y\": {\n          \"name\": \"+oshl\",\n          \"ay\": 2029,\n          \"satisfy\": {\n            \"mc\": \">=28\"\n          },\n          \"info\": \"E]\",\n          \"yf>~D\": {\n            \"name\": \"\\\"5\",\n            \"ay\": 1996,\n            \"match\": [\n              \"DQ5130Z\"\n            ],\n            \"satisfy\": [\n              \"~,;o*ga!|\",\n              {\n                \"and\": [\n                  {\n                    \"and\": [\n                      {\n                        \"and\": [\n                          \"bAX)*\\\"DU9\"\n                        ]\n                      }\n                    ]\n                  },\n                  \"\",\n                  {\n                    \"and\": []\n                  }\n                ]\n              },\n              {\n                \"mc\": \"<=182\"\n              }\n            ],\n            \"url\": \"https://j.80re03d9.i1it8dp9n1mh70g53ush0wrfzjk.5kxg3ejvuvdic0ds1h6kaha0r-xezk4x7.ps8tb3aot5tzl1e3rna2b.vhmecigqe/M'i%F2%B6%95%B62dp/v(%F0%B2%B2%A5O/I/A4;jHq_g'\",\n            \"info\": \"TpK\"\n          },\n          \"4Aa$G/IvIb\": {\n            \"name\": \"PDmhz\",\n            \"ay\": 1960,\n            \"assign\": [],\n            \"match\": [\n              {\n                \"pattern\": \"XEO5*2xU\",\n                \"exclude\": \"HSx399X\",\n                \"info\": \"qT3C;g7QsO\"\n              },\n              {\n                \"or\": [\n                  {\n                    \"and\": [\n                      \"GTH7Y\",\n                      \"ZF2979\",\n                      {\n                        \"pattern\": \"ZGW8\",\n                        \"exclude\": \"KJ9064\",\n                        \"info\": \"Q}Ha#I x\"\n                      }\n                    ]\n                  }\n                ]\n              },\n              \"VN1Z\"\n            ],\n            \"satisfy\": \"\",\n            \"url\": \"https://jz1nr68n-d.5.7988r5402c33sqdpgbzfcxpvp3y2dftd7fmusyjr-bhyv0mne.leyxh-g20fmpwceh8zuis5estihqujd2-zq4cnllrdtu0tk2aei.fusx/;IH/%F0%98%80%90v&pbw\",\n            \"info\": \"9,*kXF\"\n          }\n        },\n        \".`[6~G\": {\n          \"name\": \"!]b@# \",\n          \"ay\": 1978,\n          \"assign\": \"Vg^E\",\n          \"match\": {\n            \"or\": []\n          },\n          \"satisfy\": [\n            {\n              \"and\": []\n            }\n          ],\n          \"info\": \"f\",\n          \"[_\": {\n            \"ay\": 1982,\n            \"assign\": [\n              \",2WXJdq+jf\",\n              \"A\",\n              \"ueTX<c*F\",\n              \"w\\\\u\",\n              \"m|\\\"D?\"\n            ],\n            \"match\": \"LD91\",\n            \"url\": \"https://y.folmnc/%F0%B7%B7%85V=D4m_$/0Md_n%F3%8B%AF%A2$/-9;.cX%F3%9D%A8%8A/AcYc*);\"\n          },\n          \"h\": {\n            \"name\": \"\",\n            \"ay\": 2008,\n            \"assign\": [\n              \"v1ZPc,i\",\n              \"%\",\n              \"&(m]0&\"\n            ],\n            \"match\": {\n              \"or\": []\n            },\n            \"satisfy\": [\n              {\n                \"or\": [\n                  {\n                    \"mc\": \"<=13\"\n                  },\n                  \"7\"\n                ]\n              },\n              {\n                \"and\": [\n                  {\n                    \"mc\": \">=52\"\n                  },\n                  {\n                    \"mc\": \"<=10\"\n                  },\n                  {\n                    \"or\": [\n                      {\n                        \"and\": [\n                          {\n                            \"mc\": \"<=136\"\n                          },\n                          {\n                            \"mc\": \"<=6\"\n                          },\n                          \"{$:Kp(\",\n                          \";'Y/8w\"\n                        ]\n                      }\n                    ]\n                  }\n                ]\n              }\n            ],\n            \"info\": \"3\\\"/v9Uv}\"\n          },\n          \"S!N.\": {\n            \"name\": \"aaV#Ju/C\",\n            \"ay\": 1954,\n            \"assign\": \"]@6O!h9sz`\",\n            \"match\": \"IH60C\",\n            \"satisfy\": {\n              \"or\": [\n                {\n                  \"and\": [\n                    {\n                      \"mc\": \">=82\"\n                    },\n                    {\n                      \"or\": [\n                        \"Z*\",\n                        \"{k=\",\n                        \"g+]\",\n                        {\n                          \"mc\": \"<=91\"\n                        }\n                      ]\n                    },\n                    \">\",\n                    {\n                      \"and\": []\n                    }\n                  ]\n                },\n                {\n                  \"mc\": \">=162\"\n                }\n              ]\n            },\n            \"url\": \"https://sgm8f-cg.0pcr485vk7p50s7i7q5g-g-dmpu3-qz7vnqlmt-sc-3.96qujber37tksxnsxzrr12py8dzmcenkaz-syisu52ihpb6waax3frbayrkpcf.6aiyb60i847cfi0qjog6s08c2jy2nv2x548krlcwk5r2z5nzj.ejvcnjaiwg/YX_5/5(x%F0%B6%B5%A7%F4%8B%BA%B5s/.,%F0%9F%BB%BET2/=fn_3RVhg/N%F3%BC%9A%B5DU%F1%AF%BC%A9t%F2%AF%A1%AE/s=%F1%9C%B8%94=SIcHe/FYh,Z0vs*/b/dI/%F1%9F%AB%88a&\"\n          },\n          \"pX]{#'`\": {\n            \"ay\": 2012,\n            \"assign\": \"$5){ ?R\",\n            \"satisfy\": [\n              {\n                \"or\": [\n                  {\n                    \"or\": [\n                      {\n                        \"and\": [\n                          {\n                            \"and\": [\n                              \"_\\\\ U+$OH\"\n                            ]\n                          },\n                          \"\",\n                          \"e>S\"\n                        ]\n                      },\n                      {\n                        \"mc\": \">=107\"\n                      },\n                      {\n                        \"and\": [\n                          \"i$lhIf\"\n                        ]\n                      }\n                    ]\n                  },\n                  {\n                    \"or\": [\n                      \"qjE5]!)\",\n                      \"\",\n                      \"tU)[f=B.A\",\n                      \"tR/,NER\"\n                    ]\n                  }\n                ]\n              },\n              {\n                \"or\": [\n                  \"\",\n                  {\n                    \"mc\": \">=185\"\n                  },\n                  {\n                    \"mc\": \">=60\"\n                  },\n                  {\n                    \"and\": [\n                      \"\",\n                      \"\",\n                      {\n                        \"mc\": \"<=92\"\n                      }\n                    ]\n                  },\n                  {\n                    \"and\": [\n                      \"p~#[ daq&\",\n                      \"\\\\:\",\n                      \"lB3Wqj!b\"\n                    ]\n                  }\n                ]\n              },\n              \"\",\n              {\n                \"and\": [\n                  {\n                    \"mc\": \">=105\"\n                  }\n                ]\n              }\n            ],\n            \"url\": \"https://24zws9bjbfcia-e0inhq98ttaht3fn8rtpct1uds-6m8d-lle7ctflvf.f7y609vaszrbo2icm.k.s6d7wnae1d6cb2zntjwj1w8z6mimtj9k.whx/0i9%F1%B6%9E%98%F3%A7%BC%AFy4JG/t7Yk%F0%B3%86%87%F3%B7%9E%90h%F4%89%B3%A2C//wp/sd.cr\",\n            \"info\": \"=g$Xn\\\\Ry\"\n          }\n        },\n        \"4~c =,T\": {\n          \"name\": \"M\\\"n z])s-\",\n          \"ay\": 1954,\n          \"assign\": [\n            \".eZ&\",\n            \"mfTx\"\n          ],\n          \"match\": {\n            \"pattern\": \"VRx1\",\n            \"exclude\": \"KSL977\"\n          },\n          \"satisfy\": [\n            \"~%V/HgF\",\n            {\n              \"and\": [\n                {\n                  \"and\": [\n                    \"_J}e\",\n                    \"z@r-aZ\",\n                    \"qfS2Wkn\"\n                  ]\n                },\n                {\n                  \"mc\": \">=44\"\n                },\n                {\n                  \"or\": [\n                    {\n                      \"or\": [\n                        \"Do9E6UO\",\n                        {\n                          \"mc\": \"<=100\"\n                        },\n                        \"h-.3.\",\n                        {\n                          \"and\": []\n                        }\n                      ]\n                    },\n                    {\n                      \"mc\": \">=154\"\n                    },\n                    \"\"\n                  ]\n                },\n                {\n                  \"and\": [\n                    \"/4db5\",\n                    {\n                      \"or\": [\n                        \"|k)kF=BI\",\n                        \"|8eXhJA-\"\n                      ]\n                    }\n                  ]\n                }\n              ]\n            },\n            \"q\",\n            {\n              \"or\": [\n                \"\\\\&~xU*\",\n                {\n                  \"and\": [\n                    \"31'5j\"\n                  ]\n                },\n                {\n                  \"mc\": \">=133\"\n                },\n                {\n                  \"and\": [\n                    {\n                      \"mc\": \"<=112\"\n                    }\n                  ]\n                }\n              ]\n            },\n            {\n              \"mc\": \">=119\"\n            }\n          ],\n          \"info\": \"0\",\n          \"+kBy=S8vD\": {\n            \"name\": \",=63\\\\@f#|3\",\n            \"assign\": \"Z1\",\n            \"match\": [\n              \"SLB9\"\n            ],\n            \"satisfy\": {\n              \"and\": []\n            },\n            \"url\": \"https://fatq7vzktgoz7jmzqepvvwzs5jslwvwn3e5an75wk922mpaxcd9jxvoecg4c6.c.lf/y$mg/PTDC;;/JWr/J%F3%BA%8B%9E*%F0%95%B6%94YD'/kF$Z83\",\n            \"info\": \"\",\n            \"\": {\n              \"name\": \"HE\",\n              \"ay\": 2001,\n              \"assign\": [\n                \"[`|O+\\\"ezq\",\n                \"b4^pE=\",\n                \"Y$k-n\\\"r<.a\",\n                \" lh\",\n                \"i\"\n              ],\n              \"match\": [\n                {\n                  \"pattern\": \"WZ0B\",\n                  \"exclude\": [\n                    \"OA2**4\",\n                    \"CK61\",\n                    \"VAJxO\",\n                    \"DS7Y\"\n                  ],\n                  \"info\": \"Ln:BRjNS@\"\n                },\n                {\n                  \"or\": [\n                    \"GPxx5\",\n                    {\n                      \"or\": [\n                        {\n                          \"pattern\": \"LTX6x1O\",\n                          \"exclude\": [\n                            \"ODG106\",\n                            \"OH0*xC\",\n                            \"PHQ867xP\"\n                          ]\n                        },\n                        \"LAD1Y\"\n                      ]\n                    }\n                  ]\n                },\n                {\n                  \"or\": [\n                    \"PK72x7P\",\n                    {\n                      \"and\": [\n                        \"DF6082E\",\n                        {\n                          \"and\": [\n                            {\n                              \"pattern\": \"NA3*6C\",\n                              \"info\": \"]A\"\n                            },\n                            {\n                              \"or\": [\n                                \"YEF8*36I\"\n                              ]\n                            },\n                            \"VAG2\",\n                            \"KQ631A\",\n                            {\n                              \"or\": [\n                                \"HAP4*13E\",\n                                \"SR2P\",\n                                \"SB*P\",\n                                \"UJO*9*4G\",\n                                \"WJK9170N\"\n                              ]\n                            }\n                          ]\n                        },\n                        {\n                          \"pattern\": \"OWx15B\",\n                          \"exclude\": \"OT6*A\",\n                          \"info\": \"R:_m\"\n                        },\n                        \"PD25*9Z\",\n                        {\n                          \"or\": [\n                            \"EG7444J\",\n                            \"VL8F\"\n                          ]\n                        }\n                      ]\n                    },\n                    \"GGK*\",\n                    \"DWE382x\",\n                    \"PQP00J\"\n                  ]\n                }\n              ],\n              \"url\": \"https://zuuap35u2br0j1vgf9jgupcpe7pvf31dluuy.xjib3311koxamkgo83moh3wkxg7lkzvore7i2r8nzo9jj4eylvksdkxz6onh.pls6xp8arc8a04o8.tivfvoxlbb/k383;oie/_;A%F0%96%A5%AB,(FcZ/%F0%BC%AD%92_)y7mH(/P/IrxR/./%F0%9F%B3%916E$:,/E5gc/TmN@Q*S0/TNJ%F4%81%84%B7m\",\n              \"info\": \"fDeB\\\"s\"\n            }\n          }\n        },\n        \"P(8e%;a\": {\n          \"name\": \"kg!NSTrQ\",\n          \"ay\": 1975,\n          \"assign\": \"EVmB\",\n          \"match\": [\n            {\n              \"and\": [\n                {\n                  \"and\": [\n                    \"MC7*\",\n                    \"PDK318E\",\n                    {\n                      \"and\": [\n                        \"MG6\",\n                        {\n                          \"pattern\": \"MPWx548A\",\n                          \"info\": \"\"\n                        },\n                        {\n                          \"or\": [\n                            \"PCP724*\"\n                          ]\n                        },\n                        {\n                          \"or\": []\n                        }\n                      ]\n                    },\n                    {\n                      \"and\": [\n                        {\n                          \"or\": [\n                            \"RES0N\"\n                          ]\n                        },\n                        {\n                          \"and\": [\n                            \"QSB51*0Z\"\n                          ]\n                        },\n                        {\n                          \"or\": []\n                        },\n                        \"UXIx1G\",\n                        \"TB581Z\"\n                      ]\n                    },\n                    \"ZZE7Z\"\n                  ]\n                },\n                \"YK31xI\",\n                {\n                  \"and\": [\n                    {\n                      \"or\": []\n                    },\n                    {\n                      \"and\": [\n                        \"EQY0\",\n                        {\n                          \"or\": [\n                            {\n                              \"or\": [\n                                \"YJT61J\",\n                                \"CZ152P\",\n                                \"CB8\",\n                                \"NA9*4H\",\n                                \"SN*G\"\n                              ]\n                            },\n                            \"UHR1N\",\n                            {\n                              \"and\": [\n                                \"CS652V\",\n                                \"PC1\",\n                                \"LO*5X\",\n                                \"CFA4x*\",\n                                \"MDV4\"\n                              ]\n                            },\n                            {\n                              \"and\": []\n                            },\n                            {\n                              \"pattern\": \"TI546S\",\n                              \"exclude\": \"HU92*2\"\n                            }\n                          ]\n                        }\n                      ]\n                    },\n                    {\n                      \"and\": [\n                        \"DHMx5xE\",\n                        {\n                          \"pattern\": \"LS270\",\n                          \"exclude\": \"KRV9\",\n                          \"info\": \"?Qtv\"\n                        },\n                        \"SFE9\",\n                        \"CRE8\"\n                      ]\n                    },\n                    \"SGY13x1\"\n                  ]\n                },\n                {\n                  \"pattern\": \"MG475\",\n                  \"exclude\": [\n                    \"AVY4Q\"\n                  ],\n                  \"info\": \"3%q%ZCzW\"\n                }\n              ]\n            },\n            {\n              \"or\": [\n                {\n                  \"or\": [\n                    \"MV954*\",\n                    \"OKQ413G\",\n                    \"TU7597\",\n                    {\n                      \"and\": [\n                        {\n                          \"or\": [\n                            {\n                              \"and\": [\n                                {\n                                  \"pattern\": \"UYx05H\",\n                                  \"exclude\": [\n                                    \"ZKN57W\",\n                                    \"TLW74S\"\n                                  ]\n                                },\n                                {\n                                  \"and\": []\n                                },\n                                \"ID9E\",\n                                \"LMIx9\"\n                              ]\n                            },\n                            \"NX559U\"\n                          ]\n                        },\n                        \"WF39U\",\n                        \"TICx480J\"\n                      ]\n                    }\n                  ]\n                },\n                {\n                  \"or\": [\n                    {\n                      \"pattern\": \"UIU671V\",\n                      \"info\": \"7\"\n                    }\n                  ]\n                },\n                {\n                  \"and\": [\n                    \"BL0\",\n                    {\n                      \"pattern\": \"ZDI476\"\n                    },\n                    {\n                      \"pattern\": \"UGJ085\",\n                      \"exclude\": \"UXV096L\",\n                      \"info\": \"\"\n                    }\n                  ]\n                }\n              ]\n            },\n            {\n              \"and\": [\n                {\n                  \"and\": [\n                    {\n                      \"and\": [\n                        \"IOH4V\",\n                        \"PFD0*43\",\n                        \"BTT64U\",\n                        \"BX7\"\n                      ]\n                    },\n                    \"MT1K\",\n                    {\n                      \"pattern\": \"RP5375R\",\n                      \"exclude\": \"DN5\",\n                      \"info\": \"ur8BL\"\n                    }\n                  ]\n                },\n                {\n                  \"pattern\": \"AVD4*F\",\n                  \"exclude\": \"HG56*5Y\",\n                  \"info\": \">HN\\\"%zTF\"\n                },\n                {\n                  \"or\": [\n                    {\n                      \"pattern\": \"GT79W\",\n                      \"exclude\": [\n                        \"FG39\",\n                        \"CH634\"\n                      ]\n                    },\n                    \"BN42R\",\n                    \"OHB*K\"\n                  ]\n                },\n                \"FI4Z\"\n              ]\n            },\n            \"CL127\"\n          ],\n          \"satisfy\": {\n            \"mc\": \">=157\"\n          },\n          \"url\": \"https://qbw6dg58z0be4ekav83ewj6tbgh8o.ol98ithih7h3ka2pqqb44-krodzcsk9l5p.izbqccc9oawpv4b9ah7p-mi402k9yvdm8vbdmm2d0nwl2jp-p-5gcho-2ym9.3sm9kceqegwx8f072fvdjxivdt.qvpbbne/C@%EF%90%A6Kl/MEA:s%F3%88%A5%B1C/y/$/%F2%9B%BA%88oLkF_\",\n          \"info\": \"=OH?|#\"\n        },\n        \",;wuN:TV\": {\n          \"name\": \" \",\n          \"ay\": 1954,\n          \"match\": [\n            {\n              \"or\": [\n                {\n                  \"pattern\": \"SEEx4\",\n                  \"exclude\": [\n                    \"DA89\",\n                    \"URW61*1\",\n                    \"CD258*Y\"\n                  ],\n                  \"info\": \":)p5\"\n                },\n                {\n                  \"pattern\": \"OQR38O\",\n                  \"exclude\": \"FKU751Y\",\n                  \"info\": \"I\\\"\"\n                }\n              ]\n            },\n            {\n              \"or\": [\n                {\n                  \"pattern\": \"LVT6\",\n                  \"exclude\": \"HV3x6\",\n                  \"info\": \"_Gagk]\"\n                },\n                {\n                  \"or\": [\n                    \"MY*3\"\n                  ]\n                },\n                {\n                  \"or\": [\n                    \"WX52*\",\n                    \"PV728\",\n                    \"SXEx49Z\",\n                    {\n                      \"and\": [\n                        {\n                          \"and\": [\n                            \"XPB8438C\",\n                            \"QG3C\",\n                            \"YP9837C\"\n                          ]\n                        },\n                        \"HE965M\",\n                        \"DT4*77\",\n                        {\n                          \"or\": [\n                            \"OSG1V\",\n                            \"DLx8W\",\n                            \"HN0481M\"\n                          ]\n                        }\n                      ]\n                    },\n                    \"MKQx6\"\n                  ]\n                },\n                {\n                  \"or\": []\n                }\n              ]\n            },\n            {\n              \"pattern\": \"ZPX02A\",\n              \"exclude\": [\n                \"KJ4184\"\n              ],\n              \"info\": \"(sG$0N\"\n            }\n          ],\n          \"satisfy\": [\n            {\n              \"and\": [\n                {\n                  \"or\": [\n                    \"G2^\",\n                    {\n                      \"and\": [\n                        \"Tn~ML)|a\\\\\",\n                        \"\",\n                        {\n                          \"mc\": \"<=70\"\n                        }\n                      ]\n                    },\n                    {\n                      \"and\": [\n                        \":Am.SDwy1l\",\n                        \"/S$t/dQsmS\"\n                      ]\n                    },\n                    {\n                      \"or\": []\n                    }\n                  ]\n                }\n              ]\n            },\n            {\n              \"mc\": \"<=29\"\n            }\n          ],\n          \"url\": \"https://dvm6o6-q1hqq9e89-kjsvulsir8nn.pzygamcu4zncj6vtomg2wv4wp9okrnzpxpbcd88m17476lxb3p-e93o1.ago712vlnn-tjwot5le9y77.tpilw/Hp/)W//j=5i;lB/,WImCl~a*,/A2u~XUVx3W/fS\",\n          \"info\": \"W;S\"\n        }\n      },\n      \"i%e\": {\n        \"name\": \"?A|1=\",\n        \"ay\": 2020,\n        \"assign\": \"V\",\n        \"match\": {\n          \"and\": [\n            {\n              \"and\": [\n                \"DB7231\",\n                \"WMU6\",\n                {\n                  \"pattern\": \"CXY13U\",\n                  \"exclude\": [\n                    \"YDI69D\",\n                    \"TUX16\",\n                    \"XL1\",\n                    \"VE6x8P\"\n                  ],\n                  \"info\": \"O{+7t&rC\"\n                },\n                {\n                  \"or\": [\n                    {\n                      \"or\": [\n                        \"GVW4x27\",\n                        \"IW**00\",\n                        \"FTV1xQ\",\n                        \"VPJ80\"\n                      ]\n                    }\n                  ]\n                },\n                {\n                  \"and\": [\n                    \"GU4*3T\",\n                    {\n                      \"or\": [\n                        \"JDE2E\"\n                      ]\n                    },\n                    {\n                      \"and\": [\n                        \"NEW84\",\n                        \"LL17P\",\n                        \"FGP39\"\n                      ]\n                    },\n                    \"OFH3K\"\n                  ]\n                }\n              ]\n            },\n            \"DJP*\",\n            {\n              \"or\": []\n            },\n            {\n              \"and\": [\n                {\n                  \"pattern\": \"BUU*415\",\n                  \"info\": \"]H~P\"\n                },\n                \"FM088*G\"\n              ]\n            },\n            {\n              \"and\": [\n                \"UI5790\",\n                {\n                  \"or\": [\n                    {\n                      \"or\": []\n                    },\n                    \"OPB54\"\n                  ]\n                },\n                \"URY1397\",\n                \"QR2*6\",\n                \"XO27xL\"\n              ]\n            }\n          ]\n        },\n        \"satisfy\": [\n          {\n            \"or\": [\n              {\n                \"or\": []\n              },\n              \"zfB;\",\n              \"?/+e#6Ln\",\n              {\n                \"or\": [\n                  \"CtnG\",\n                  {\n                    \"or\": [\n                      {\n                        \"mc\": \"<=111\"\n                      },\n                      {\n                        \"mc\": \"<=47\"\n                      },\n                      \"|1F\"\n                    ]\n                  },\n                  \"Yc[L\\\"<z4\",\n                  \".R'\\\"iYbx\"\n                ]\n              }\n            ]\n          },\n          {\n            \"or\": [\n              \"\",\n              {\n                \"or\": [\n                  \"a\",\n                  \"w||P}S\",\n                  {\n                    \"mc\": \">=43\"\n                  },\n                  \"kB\",\n                  {\n                    \"or\": [\n                      {\n                        \"and\": [\n                          \">c=\",\n                          {\n                            \"or\": [\n                              \"!=vQ9j\",\n                              \"A\",\n                              \")\\\\,\",\n                              \"bn>+[*|-\",\n                              \"w!2mYOO3A\"\n                            ]\n                          }\n                        ]\n                      },\n                      {\n                        \"mc\": \">=50\"\n                      },\n                      {\n                        \"and\": []\n                      },\n                      {\n                        \"mc\": \">=83\"\n                      }\n                    ]\n                  }\n                ]\n              },\n              \"xqc0d\",\n              {\n                \"mc\": \"<=197\"\n              }\n            ]\n          },\n          {\n            \"or\": [\n              {\n                \"and\": [\n                  \"\",\n                  \"dZ$uP*\"\n                ]\n              },\n              {\n                \"and\": [\n                  \"=#\",\n                  {\n                    \"mc\": \"<=164\"\n                  },\n                  \"$56\",\n                  \"/\"\n                ]\n              },\n              {\n                \"or\": [\n                  \"Hs|L\"\n                ]\n              }\n            ]\n          }\n        ],\n        \"url\": \"https://9-vlcbv2waac2xkgz3g8widq753t.xddbfwt8thpve3eh9586-301rojehhqyc5gcv25xm7s1a8athd1gg.nbv57en71qz7rbhx4s9uxlyzojrl254tct6l3i.3bemvgjd7cc03kyk96ewa9mex4cf9t81rv4995uj2vpb05tv.bhw/Dq1%F1%AD%A0%86ZJu(HH/HXw/iQa/z/*N$RC\",\n        \"info\": \"=Z\",\n        \").Y:o(3\": {\n          \"name\": \"\",\n          \"ay\": 2013,\n          \"assign\": \"ks6rYx=[[\",\n          \"satisfy\": [\n            \"$\",\n            {\n              \"mc\": \"<=16\"\n            },\n            {\n              \"mc\": \"<=88\"\n            }\n          ],\n          \"url\": \"http://ilpvx5dsbk-o-gbmyr183xz66gt6rv.j.q31ezz6qc1r36irc7wjx9pll7.sy0m7gxmlnc6kp.prjmmswk/a/vU/SsFY,+V/qYEKxN.U)/L_;*5lv\",\n          \"J-\": {\n            \"match\": {\n              \"and\": [\n                {\n                  \"or\": [\n                    {\n                      \"or\": [\n                        {\n                          \"or\": [\n                            \"MQU16S\",\n                            \"YA1902\",\n                            \"UD634T\"\n                          ]\n                        },\n                        \"YN40\",\n                        {\n                          \"or\": [\n                            \"EYD2I\",\n                            {\n                              \"pattern\": \"TAD40\",\n                              \"exclude\": [\n                                \"BZM5028U\"\n                              ],\n                              \"info\": \"x>\"\n                            },\n                            \"XZU6L\",\n                            \"RT80J\",\n                            {\n                              \"or\": []\n                            }\n                          ]\n                        },\n                        \"NG49x4\"\n                      ]\n                    },\n                    {\n                      \"or\": [\n                        {\n                          \"pattern\": \"ZA6Z\",\n                          \"exclude\": [\n                            \"PP3*0J\",\n                            \"SHH3*97\"\n                          ]\n                        },\n                        {\n                          \"or\": [\n                            \"YOI3\",\n                            \"ADI938S\"\n                          ]\n                        },\n                        {\n                          \"or\": [\n                            {\n                              \"or\": [\n                                \"KLM03X\",\n                                \"BN36S\",\n                                \"SBT24K\"\n                              ]\n                            },\n                            \"NY0x70\"\n                          ]\n                        }\n                      ]\n                    },\n                    {\n                      \"pattern\": \"OOE6500\",\n                      \"exclude\": [\n                        \"IO7*92\",\n                        \"VK9\"\n                      ],\n                      \"info\": \"s84s*A;D8t\"\n                    }\n                  ]\n                }\n              ]\n            },\n            \"satisfy\": {\n              \"mc\": \">=71\"\n            },\n            \"url\": \"http://4dqu1hzu0nany7jrmaqehumu3qv01eg-5p4.gf/g%F3%A7%9A%81=x*xS/:gA%F3%B6%80%A85L;*\",\n            \"info\": \"\"\n          },\n          \"z,bd/yr,\": {\n            \"name\": \"KZ9,;\",\n            \"assign\": [\n              \"\",\n              \"o8[+^CLL\",\n              \"_39\",\n              \"t@^Z\\\"\",\n              \"g(Et\"\n            ],\n            \"match\": {\n              \"and\": [\n                {\n                  \"or\": [\n                    {\n                      \"or\": [\n                        \"DA73\"\n                      ]\n                    },\n                    {\n                      \"or\": [\n                        {\n                          \"and\": [\n                            {\n                              \"or\": [\n                                \"IUx5J\"\n                              ]\n                            },\n                            {\n                              \"pattern\": \"MC18\",\n                              \"exclude\": [\n                                \"KDGx8xN\",\n                                \"NX1*\",\n                                \"VDX21\"\n                              ],\n                              \"info\": \"h;r8DNZ$_X\"\n                            }\n                          ]\n                        },\n                        \"EE213\"\n                      ]\n                    },\n                    \"HAx26\",\n                    \"DXx3*3\"\n                  ]\n                },\n                {\n                  \"or\": [\n                    {\n                      \"or\": [\n                        \"REV062N\",\n                        \"EV1598U\",\n                        {\n                          \"and\": [\n                            \"ZWZ0x7U\",\n                            {\n                              \"or\": []\n                            }\n                          ]\n                        },\n                        \"OHx52*\"\n                      ]\n                    },\n                    \"LIB642K\",\n                    {\n                      \"or\": [\n                        \"MRGx20E\",\n                        \"AWZ9032D\",\n                        \"TLP9\",\n                        \"MFx1R\",\n                        {\n                          \"pattern\": \"FCx2L\",\n                          \"info\": \"+g(yf\\\\u\"\n                        }\n                      ]\n                    }\n                  ]\n                },\n                {\n                  \"and\": [\n                    {\n                      \"and\": []\n                    },\n                    {\n                      \"and\": [\n                        \"PN88\",\n                        \"YF*43D\",\n                        {\n                          \"pattern\": \"FB1x77E\",\n                          \"exclude\": \"HTF061\",\n                          \"info\": \"w\\\\72_K{!Ia\"\n                        },\n                        {\n                          \"or\": [\n                            \"PW3E\",\n                            \"AO*\",\n                            \"UHX102G\"\n                          ]\n                        }\n                      ]\n                    },\n                    {\n                      \"and\": [\n                        \"EOJ3\",\n                        \"BWTxx6\"\n                      ]\n                    },\n                    \"XH536R\"\n                  ]\n                },\n                \"ATA638W\",\n                {\n                  \"pattern\": \"UT27*L\",\n                  \"info\": \"qU*jVdOyi\"\n                }\n              ]\n            },\n            \"satisfy\": [\n              {\n                \"or\": [\n                  {\n                    \"mc\": \"<=59\"\n                  },\n                  {\n                    \"or\": [\n                      \"XIf1\",\n                      \"!%64OG2Li\"\n                    ]\n                  },\n                  {\n                    \"and\": [\n                      \"\",\n                      \"1pO\",\n                      {\n                        \"mc\": \">=146\"\n                      },\n                      {\n                        \"or\": [\n                          \"uGqR\\\"y:\"\n                        ]\n                      },\n                      {\n                        \"or\": [\n                          {\n                            \"or\": []\n                          }\n                        ]\n                      }\n                    ]\n                  },\n                  {\n                    \"and\": [\n                      {\n                        \"and\": [\n                          {\n                            \"and\": [\n                              \".K_e?Q@P%}\",\n                              {\n                                \"mc\": \">=92\"\n                              },\n                              {\n                                \"and\": [\n                                  \"OWdV;\",\n                                  \"z &\"\n                                ]\n                              },\n                              \"6\"\n                            ]\n                          },\n                          \"yiVIh~nZ-\",\n                          \"z51ttth\"\n                        ]\n                      },\n                      {\n                        \"or\": [\n                          \"Mb\"\n                        ]\n                      },\n                      \"Szb\",\n                      {\n                        \"mc\": \"<=14\"\n                      }\n                    ]\n                  },\n                  {\n                    \"mc\": \">=66\"\n                  }\n                ]\n              },\n              \"hs2Zi\",\n              {\n                \"mc\": \"<=15\"\n              }\n            ],\n            \"url\": \"https://8nupn0ge4rhy17ffyj87p0tzivxhi2z4rkszd4g6on.stnvsarc0oo80ff5rv9j1umv44-rd93ltjs2m-76unwnwq.vxzsnx9ddw-hevtuan24n4abx0ltv89sf7wnduq59g888ztrdc6djpf.f07f91bym5-hmpv8tsdvxoh80ri8tcselvhn.xl/%F1%92%B9%87%F3%B0%B7%98sbc/C/XW%F2%A2%93%A88\",\n            \"info\": \"t':i\"\n          },\n          \"87=gpgF\": {\n            \"name\": \"\",\n            \"ay\": 1962,\n            \"assign\": \"zt\",\n            \"satisfy\": [],\n            \"url\": \"http://4-r6q.6lx5si0x1mj1ncn2stq7k7j.h0bvr0my9.0dr9zzjkjb80f04e08hja2fklqe-poo-k0mir37trrttwhg3y1r.tpq/mygV%F0%97%B2%A8/M%F3%B1%9B%B3O/3j//,V/sc;:Gh&/3Na5%F3%B3%80%A5.@:/9L5xc=~yg/6s,i%F1%8C%B8%94Kcc_/gx%F3%B1%BF%90\",\n            \"info\": \"D/G5=z1\"\n          }\n        },\n        \"Gkvd\": {\n          \"name\": \"Doy:\",\n          \"ay\": 1956,\n          \"match\": \"EW861\",\n          \"satisfy\": [\n            \")!\\\\/gq1\",\n            {\n              \"and\": [\n                {\n                  \"mc\": \">=43\"\n                },\n                \";znhg/(>0\"\n              ]\n            },\n            {\n              \"mc\": \">=134\"\n            }\n          ],\n          \"url\": \"https://ytj1gy0sct6qkoamtmzjxi-a6s9m7tct.q.n.4iqkfodw85cwtwpg6m3-mkbnzp09aqwlxu3ul6hkygexqlhmg8se.icsgrlhm77tm1p6uzd1el9zfhonx5xa5tk1wl1sms08zw4l9.vqfmowyng/%F1%96%B9%8EZm!%F2%85%AA%88\",\n          \"info\": \"vAA~e(E-\"\n        },\n        \"z4{ueE\": {\n          \"name\": \"AI5[~Lq`\",\n          \"ay\": 1966,\n          \"assign\": [\n            \"*!PgJ4}C\",\n            \"UGtOQ^V(d\",\n            \"WRwwF}-\"\n          ],\n          \"satisfy\": {\n            \"or\": [\n              {\n                \"and\": [\n                  \"AX\",\n                  \"\",\n                  \"Si\"\n                ]\n              },\n              {\n                \"or\": [\n                  {\n                    \"mc\": \">=119\"\n                  },\n                  \"c\",\n                  \"\",\n                  \"}1d0~7\"\n                ]\n              },\n              {\n                \"or\": [\n                  \"{[G8|A\",\n                  {\n                    \"and\": [\n                      {\n                        \"mc\": \"<=17\"\n                      },\n                      {\n                        \"or\": [\n                          {\n                            \"or\": [\n                              \"NAjO,\",\n                              \"bt~f'01.\",\n                              \"9f@\",\n                              \"BJ\"\n                            ]\n                          }\n                        ]\n                      },\n                      \"\"\n                    ]\n                  },\n                  {\n                    \"mc\": \"<=162\"\n                  },\n                  {\n                    \"and\": [\n                      {\n                        \"mc\": \"<=55\"\n                      },\n                      \"\",\n                      \"\"\n                    ]\n                  }\n                ]\n              },\n              \"e&PLYKsc_\"\n            ]\n          },\n          \"url\": \"http://9ibpvidux7co8-eqqv2pix7c1z1qme2gr0lq9p605cw.spaskdv/).Yz/9O%F0%A4%91%A0G(10O\",\n          \"info\": \"~h;G\"\n        },\n        \"\\\"bb\": {\n          \"ay\": 1993,\n          \"assign\": [\n            \"^V\"\n          ],\n          \"match\": [\n            {\n              \"and\": []\n            }\n          ],\n          \"satisfy\": [],\n          \"url\": \"https://f.ktnrwbr7je05f1up04puv2rlpdamq-j372gb5ud54ftbiescrmh3saq3i2z1.kqxdwd/QRKJlg=AEJ/sNh/BETA)fUq'//4!iN/a-K%F2%BF%B2%81H4W+/9W'R\",\n          \"info\": \"R&'NwTstcc\"\n        }\n      },\n      \"J`/NvWT-m\": {\n        \"name\": \"%Hth\",\n        \"ay\": 1971,\n        \"assign\": [],\n        \"match\": [\n          \"FHIx0*S\",\n          \"XDM9\"\n        ],\n        \"satisfy\": [\n          {\n            \"or\": [\n              {\n                \"mc\": \">=58\"\n              },\n              {\n                \"or\": [\n                  {\n                    \"mc\": \">=36\"\n                  },\n                  {\n                    \"or\": []\n                  }\n                ]\n              },\n              {\n                \"or\": []\n              }\n            ]\n          },\n          {\n            \"or\": [\n              {\n                \"or\": [\n                  {\n                    \"and\": [\n                      \"(Bk-\"\n                    ]\n                  }\n                ]\n              }\n            ]\n          },\n          \"CGNq<tr/X\"\n        ],\n        \"H\": {\n          \"name\": \"u_\\\\cDp\",\n          \"ay\": 1968,\n          \"satisfy\": [\n            {\n              \"and\": [\n                {\n                  \"or\": [\n                    {\n                      \"and\": [\n                        \"8Q''%s\",\n                        \"O#\",\n                        \"A@<Y;L@e4 \",\n                        {\n                          \"and\": [\n                            \"L4'\\\"X_y^9\",\n                            {\n                              \"and\": [\n                                {\n                                  \"or\": [\n                                    \"\",\n                                    \"z6bPD\",\n                                    \"g(\"\n                                  ]\n                                },\n                                {\n                                  \"and\": [\n                                    {\n                                      \"mc\": \">=78\"\n                                    },\n                                    \"H9\",\n                                    {\n                                      \"and\": [\n                                        \"Zm/9=7\"\n                                      ]\n                                    },\n                                    \"~Ph%L\"\n                                  ]\n                                },\n                                \"bnb\",\n                                \"{61G6@:z\",\n                                \";/\"\n                              ]\n                            },\n                            \"FF\",\n                            {\n                              \"mc\": \"<=43\"\n                            }\n                          ]\n                        }\n                      ]\n                    },\n                    {\n                      \"or\": [\n                        \"p0p>\",\n                        \"9o}\",\n                        {\n                          \"and\": [\n                            {\n                              \"or\": [\n                                \"nXB\",\n                                {\n                                  \"and\": [\n                                    \"rux[\\\\;v\",\n                                    {\n                                      \"mc\": \">=101\"\n                                    },\n                                    \"\",\n                                    \"\\\\6IBzZ\"\n                                  ]\n                                },\n                                \"W`juZ@K7lC\"\n                              ]\n                            }\n                          ]\n                        },\n                        {\n                          \"or\": []\n                        }\n                      ]\n                    }\n                  ]\n                },\n                {\n                  \"mc\": \"<=44\"\n                },\n                {\n                  \"or\": [\n                    \"\",\n                    {\n                      \"or\": []\n                    },\n                    \"G5F1\"\n                  ]\n                }\n              ]\n            }\n          ],\n          \"url\": \"https://1mo3ho9oehhkas71kqom5-cdzk4qrxae5axg1mrr9196tqxz-h92nqcf86ww.0ls02pauextqce1uh648ffdw5u.qcmao-1wv06dpi5vhqhrpyqz1tmetlfwbukxtsp7sf0.kqtevcz/%F4%89%A0%A9nmK/6%F2%A5%AE%90%F2%B6%9C%B3Jfp\",\n          \"info\": \"\"\n        }\n      }\n    }\n  },\n  {\n    \"title\": \"block sample 4\",\n    \"value\": {\n      \"name\": \"z+G\",\n      \"ay\": 1956,\n      \"assign\": \"w&Z\",\n      \"match\": [\n        \"XD7W\",\n        {\n          \"or\": [\n            {\n              \"or\": [\n                {\n                  \"pattern\": \"KF3977\",\n                  \"exclude\": \"OZ28J\",\n                  \"info\": \"Hz[D1!\"\n                },\n                {\n                  \"and\": []\n                },\n                {\n                  \"pattern\": \"SC5A\",\n                  \"info\": \"-8j;Ax(o\"\n                },\n                \"TX64P\",\n                {\n                  \"or\": [\n                    {\n                      \"or\": [\n                        \"YX1D\",\n                        {\n                          \"and\": [\n                            {\n                              \"or\": [\n                                \"IQ748\",\n                                {\n                                  \"or\": [\n                                    \"WZT3\",\n                                    \"TE95\",\n                                    {\n                                      \"and\": [\n                                        {\n                                          \"and\": []\n                                        },\n                                        \"AQ9694\",\n                                        \"XH2863N\",\n                                        \"RPX*48\"\n                                      ]\n                                    },\n                                    \"EVYxZ\"\n                                  ]\n                                },\n                                \"IN989R\",\n                                \"JE9231A\",\n                                \"ARK*x0\"\n                              ]\n                            },\n                            \"HM94\"\n                          ]\n                        },\n                        \"WA6*02\",\n                        \"CQJ176S\",\n                        \"GR17*N\"\n                      ]\n                    },\n                    \"YBC71\",\n                    \"GQN56\"\n                  ]\n                }\n              ]\n            },\n            {\n              \"pattern\": \"BBE40\",\n              \"exclude\": \"LJ5358\",\n              \"info\": \"$* $>-f|\"\n            },\n            {\n              \"or\": [\n                {\n                  \"or\": [\n                    {\n                      \"and\": [\n                        {\n                          \"or\": [\n                            \"OY*x3\",\n                            \"NP23x*I\",\n                            \"PEE4588\",\n                            {\n                              \"pattern\": \"GGT6972\",\n                              \"exclude\": [\n                                \"YI352\",\n                                \"BC7Q\",\n                                \"BVIxx3U\",\n                                \"XL56*B\",\n                                \"PQ5\"\n                              ],\n                              \"info\": \"1[=j0*Wp_5\"\n                            }\n                          ]\n                        }\n                      ]\n                    },\n                    \"VZx030B\",\n                    \"TP61x2\",\n                    \"EL84x5\"\n                  ]\n                },\n                {\n                  \"and\": [\n                    {\n                      \"or\": [\n                        \"PB6453Z\",\n                        {\n                          \"and\": [\n                            \"MIF6974\",\n                            \"AC1\",\n                            \"EQM7U\"\n                          ]\n                        }\n                      ]\n                    },\n                    {\n                      \"pattern\": \"CG26\",\n                      \"exclude\": \"ZS3200D\",\n                      \"info\": \"\"\n                    },\n                    {\n                      \"and\": [\n                        \"MHEx577B\",\n                        \"AQ7S\",\n                        \"BGPx44*Q\",\n                        \"NFY64\",\n                        \"KHRx9*\"\n                      ]\n                    }\n                  ]\n                }\n              ]\n            }\n          ]\n        },\n        {\n          \"pattern\": \"SUX59S\",\n          \"info\": \"\"\n        }\n      ],\n      \"url\": \"https://u5-mv0xb1g4enygs4e0l1vabckx86g7ggua5s811i9ylvmtt8nqw-scjrw4u0cb.qvba/~z\",\n      \"info\": \"=+\"\n    }\n  },\n  {\n    \"title\": \"block sample 5\",\n    \"value\": {\n      \"name\": \"d%$X$\\\"zY\",\n      \"ay\": 1956,\n      \"match\": {\n        \"or\": []\n      },\n      \"satisfy\": [\n        {\n          \"or\": [\n            \"#9 0\\\"\\\"&:!f\"\n          ]\n        },\n        \"\"\n      ],\n      \"url\": \"http://7ujr9j4xf5fhg1f98u3w1l70h633ds4xasvzh36zqhlif6.kz-ltwqa08gd8732vwvn-0rf4lq0nzqvk4rm9rfkmcc7ctz8e80q.lud7od-7nvexrjlqlivgyjrf-32ys4m0koyn7haiykjypz697xf2d3cl3x9s3.rbd/(hx+o6/R/%F1%B3%8B%BE+:/2f'C/xJCBgul/c/qRa9HgmL/%F0%93%90%92tj7K/)9./xTJyImCw\",\n      \"info\": \"!!\",\n      \" I$0H)\": {\n        \"name\": \"y`\",\n        \"ay\": 1955,\n        \"assign\": [\n          \"Gw7e`\",\n          \"&*RZr\",\n          \"<h(\"\n        ],\n        \"match\": {\n          \"or\": [\n            {\n              \"or\": [\n                {\n                  \"or\": [\n                    \"UHC75x1\",\n                    \"UXD4627W\",\n                    {\n                      \"and\": [\n                        \"DA02\",\n                        \"VBT56\",\n                        \"PDS1L\",\n                        {\n                          \"pattern\": \"IVG36*P\",\n                          \"exclude\": \"VG031B\",\n                          \"info\": \"ZQdfo\"\n                        }\n                      ]\n                    },\n                    {\n                      \"and\": [\n                        \"PPDx7R\"\n                      ]\n                    },\n                    \"GIJ240\"\n                  ]\n                },\n                \"SUF*7T\"\n              ]\n            },\n            {\n              \"and\": [\n                \"KWF7x6L\"\n              ]\n            },\n            {\n              \"or\": [\n                {\n                  \"pattern\": \"FKRx7\",\n                  \"exclude\": \"GV4M\"\n                },\n                \"JAR0\",\n                \"QS3672G\",\n                {\n                  \"or\": [\
[...]
              "timedOut": false,
              "duration": 0,
              "state": "passed",
              "speed": "fast",
              "pass": true,
              "fail": false,
              "pending": false,
              "context": null,
              "code": "const satisfier = satisfiers_1.inequalitySatisfier(ref, \"<=16\");\nsatisfier.should.have.property(\"filter\");\nconst { filter } = satisfier;\nisCorrectFilter(filter, modulesList1, [\n    \"CS2100\",\n    \"GER1000\",\n    \"CS2040S\",\n    \"ST2131\",\n]);",
              "err": {},
              "uuid": "16b7df5a-a20c-4824-81f8-1b575e27b004",
              "parentUUID": "1c43fb3f-e1c8-436d-88d9-83bd48007be5",
              "isHook": false,
              "skipped": false
            },
            {
              "title": "should truncate list of modules with upper bound of MCs, cutting off at the minimum starting sequence that exceeds upper bound, if total MC count is higher and there exists no starting sequence with exact MC count",
              "fullTitle": "inequalitySatisfier should truncate list of modules with upper bound of MCs, cutting off at the minimum starting sequence that exceeds upper bound, if total MC count is higher and there exists no starting sequence with exact MC count",
              "timedOut": false,
              "duration": 0,
              "state": "passed",
              "speed": "fast",
              "pass": true,
              "fail": false,
              "pending": false,
              "context": null,
              "code": "const satisfier = satisfiers_1.inequalitySatisfier(ref, \"<=17\");\nsatisfier.should.have.property(\"filter\");\nconst { filter } = satisfier;\nisCorrectFilter(filter, modulesList1, [\n    \"CS2100\",\n    \"GER1000\",\n    \"CS2040S\",\n    \"ST2131\",\n    \"MA1521\",\n]);",
              "err": {},
              "uuid": "07b33716-52ea-4c19-8a15-05be8e881227",
              "parentUUID": "1c43fb3f-e1c8-436d-88d9-83bd48007be5",
              "isHook": false,
              "skipped": false
            }
          ],
          "suites": [],
          "passes": [
            "829d174b-913f-4118-87e4-55a310a9b960",
            "9d6e8613-8597-42d8-8944-16b61fe0c8d4",
            "50b10875-659e-4221-974f-d592514bdede",
            "331ec8ae-b791-461f-ae6b-ecb13045e22c",
            "17136e8a-b396-44d6-a4d3-3dfa583f6db7",
            "16b7df5a-a20c-4824-81f8-1b575e27b004",
            "07b33716-52ea-4c19-8a15-05be8e881227"
          ],
          "failures": [],
          "pending": [],
          "skipped": [],
          "duration": 2,
          "root": false,
          "rootEmpty": false,
          "_timeout": 2000
        },
        {
          "uuid": "90b44865-23aa-4fdb-87ce-fc3aa4b1694b",
          "title": "inequalitySchema",
          "fullFile": "/home/runner/work/planwithus-lib/planwithus-lib/src/satisfyRule/inequality/schemas.test.ts",
          "file": "/src/satisfyRule/inequality/schemas.test.ts",
          "beforeHooks": [],
          "afterHooks": [],
          "tests": [
            {
              "title": "should validate inequality in the form <=n or >=n",
              "fullTitle": "inequalitySchema should validate inequality in the form <=n or >=n",
              "timedOut": false,
              "duration": 1,
              "state": "passed",
              "speed": "fast",
              "pass": true,
              "fail": false,
              "pending": false,
              "context": "[\n  {\n    \"title\": \"inequality sample 0\",\n    \"value\": \"<=52\"\n  },\n  {\n    \"title\": \"inequality sample 1\",\n    \"value\": \"<=5\"\n  },\n  {\n    \"title\": \"inequality sample 2\",\n    \"value\": \"<=200\"\n  },\n  {\n    \"title\": \"inequality sample 3\",\n    \"value\": \"<=114\"\n  },\n  {\n    \"title\": \"inequality sample 4\",\n    \"value\": \">=2\"\n  },\n  {\n    \"title\": \"inequality sample 5\",\n    \"value\": \"<=1\"\n  },\n  {\n    \"title\": \"inequality sample 6\",\n    \"value\": \"<=6\"\n  },\n  {\n    \"title\": \"inequality sample 7\",\n    \"value\": \"<=1\"\n  },\n  {\n    \"title\": \"inequality sample 8\",\n    \"value\": \">=35\"\n  },\n  {\n    \"title\": \"inequality sample 9\",\n    \"value\": \"<=2\"\n  }\n]",
              "code": "fast_check_1.sample(index_test_2.inequality, 10).forEach((sample, i) => addContext_1.default(this, {\n    title: `inequality sample ${i}`,\n    value: sample,\n}));\nreturn fast_check_1.assert(fast_check_1.property(index_test_2.inequality, ajvValidate));",
              "err": {},
              "uuid": "b76ab007-c642-4cc0-89bd-568a2abaa082",
              "parentUUID": "90b44865-23aa-4fdb-87ce-fc3aa4b1694b",
              "isHook": false,
              "skipped": false
            },
            {
              "title": "should not validate inequality of invalid form",
              "fullTitle": "inequalitySchema should not validate inequality of invalid form",
              "timedOut": false,
              "duration": 2,
              "state": "passed",
              "speed": "fast",
              "pass": true,
              "fail": false,
              "pending": false,
              "context": null,
              "code": "[\n        \"\",\n        \"==23\",\n        \"23\",\n        \"<23\",\n        \">23\",\n        \"<=-1\",\n        \">=-1\",\n        \"<= 2\",\n        \">= 1\",\n        \"> 3\",\n        \"< 3\",\n        \"<=3a\",\n        \">=3a\",\n        \"a<=3\",\n        \"a>=3\",\n    ].forEach(isInvalidInequality)",
              "err": {},
              "uuid": "bbe48cf8-bf2e-43cc-b6fa-c3fd018fc33a",
              "parentUUID": "90b44865-23aa-4fdb-87ce-fc3aa4b1694b",
              "isHook": false,
              "skipped": false
            }
          ],
          "suites": [],
          "passes": [
            "b76ab007-c642-4cc0-89bd-568a2abaa082",
            "bbe48cf8-bf2e-43cc-b6fa-c3fd018fc33a"
          ],
          "failures": [],
          "pending": [],
          "skipped": [],
          "duration": 3,
          "root": false,
          "rootEmpty": false,
          "_timeout": 2000
        },
        {
          "uuid": "ded7d08c-e23b-4ebe-a84a-4bebc5073192",
          "title": "satisfyRuleSchema",
          "fullFile": "/home/runner/work/planwithus-lib/planwithus-lib/src/satisfyRule/schemas.test.ts",
          "file": "/src/satisfyRule/schemas.test.ts",
          "beforeHooks": [],
          "afterHooks": [],
          "tests": [
            {
              "title": "should validate satisfy rule with valid block id",
              "fullTitle": "satisfyRuleSchema should validate satisfy rule with valid block id",
              "timedOut": false,
              "duration": 1,
              "state": "passed",
              "speed": "fast",
              "pass": true,
              "fail": false,
              "pending": false,
              "context": null,
              "code": "fast_check_1.assert(fast_check_1.property(fast_check_1.string(), ajvValidate)",
              "err": {},
              "uuid": "0e024a6a-9006-47a2-9e8a-2dc76c487c82",
              "parentUUID": "ded7d08c-e23b-4ebe-a84a-4bebc5073192",
              "isHook": false,
              "skipped": false
            },
            {
              "title": "should validate satisfy rules with valid mc",
              "fullTitle": "satisfyRuleSchema should validate satisfy rules with valid mc",
              "timedOut": false,
              "duration": 2,
              "state": "passed",
              "speed": "fast",
              "pass": true,
              "fail": false,
              "pending": false,
              "context": "[\n  {\n    \"title\": \"mcSatisfyRule sample 0\",\n    \"value\": {\n      \"mc\": \"<=84\"\n    }\n  },\n  {\n    \"title\": \"mcSatisfyRule sample 1\",\n    \"value\": {\n      \"mc\": \">=134\"\n    }\n  },\n  {\n    \"title\": \"mcSatisfyRule sample 2\",\n    \"value\": {\n      \"mc\": \"<=194\"\n    }\n  },\n  {\n    \"title\": \"mcSatisfyRule sample 3\",\n    \"value\": {\n      \"mc\": \"<=193\"\n    }\n  },\n  {\n    \"title\": \"mcSatisfyRule sample 4\",\n    \"value\": {\n      \"mc\": \">=71\"\n    }\n  },\n  {\n    \"title\": \"mcSatisfyRule sample 5\",\n    \"value\": {\n      \"mc\": \"<=123\"\n    }\n  },\n  {\n    \"title\": \"mcSatisfyRule sample 6\",\n    \"value\": {\n      \"mc\": \"<=158\"\n    }\n  },\n  {\n    \"title\": \"mcSatisfyRule sample 7\",\n    \"value\": {\n      \"mc\": \"<=6\"\n    }\n  },\n  {\n    \"title\": \"mcSatisfyRule sample 8\",\n    \"value\": {\n      \"mc\": \">=2\"\n    }\n  },\n  {\n    \"title\": \"mcSatisfyRule sample 9\",\n    \"value\": {\n      \"mc\": \"<=195\"\n    }\n  }\n]",
              "code": "fast_check_1.sample(index_test_2.mcSatisfyRule, 10).forEach((sample, i) => addContext_1.default(this, {\n    title: `mcSatisfyRule sample ${i}`,\n    value: sample,\n}));\nreturn fast_check_1.assert(fast_check_1.property(index_test_2.mcSatisfyRule, ajvValidate));",
              "err": {},
              "uuid": "9a135c20-81e3-4b87-975a-59d5ad115a4b",
              "parentUUID": "ded7d08c-e23b-4ebe-a84a-4bebc5073192",
              "isHook": false,
              "skipped": false
            },
            {
              "title": "should validate valid recursive satisfy rules",
              "fullTitle": "satisfyRuleSchema should validate valid recursive satisfy rules",
              "timedOut": false,
              "duration": 4,
              "state": "passed",
              "speed": "fast",
              "pass": true,
              "fail": false,
              "pending": false,
              "context": "[\n  {\n    \"title\": \"satisfyRule sample 0\",\n    \"value\": {\n      \"and\": []\n    }\n  },\n  {\n    \"title\": \"satisfyRule sample 1\",\n    \"value\": {\n      \"or\": [\n        {\n          \"mc\": \"<=136\"\n        },\n        {\n          \"or\": [\n            {\n              \"and\": [\n                {\n                  \"and\": [\n                    \"Y95`P;\",\n                    \"Hz\"\n                  ]\n                }\n              ]\n            },\n            \"b~.\",\n            \"\",\n            {\n              \"or\": []\n            }\n          ]\n        },\n        \"<R$h\"\n      ]\n    }\n  },\n  {\n    \"title\": \"satisfyRule sample 2\",\n    \"value\": {\n      \"and\": [\n        {\n          \"mc\": \">=196\"\n        },\n        \"!\"\n      ]\n    }\n  },\n  {\n    \"title\": \"satisfyRule sample 3\",\n    \"value\": {\n      \"and\": []\n    }\n  },\n  {\n    \"title\": \"satisfyRule sample 4\",\n    \"value\": {\n      \"mc\": \"<=4\"\n    }\n  },\n  {\n    \"title\": \"satisfyRule sample 5\",\n    \"value\": {\n      \"mc\": \"<=11\"\n    }\n  },\n  {\n    \"title\": \"satisfyRule sample 6\",\n    \"value\": {\n      \"or\": [\n        {\n          \"and\": [\n            {\n              \"mc\": \">=101\"\n            }\n          ]\n        },\n        {\n          \"mc\": \"<=198\"\n        },\n        {\n          \"mc\": \">=196\"\n        }\n      ]\n    }\n  },\n  {\n    \"title\": \"satisfyRule sample 7\",\n    \"value\": {\n      \"or\": [\n        \"zl{h\",\n        {\n          \"mc\": \">=166\"\n        },\n        {\n          \"or\": [\n            \"1I1P=.\",\n            {\n              \"or\": [\n                {\n                  \"or\": [\n                    {\n                      \"and\": [\n                        \"B)K1KD&\",\n                        \"c\",\n                        \"e.e-+nt;)\"\n                      ]\n                    },\n                    \"HZmHIol\",\n                    \")\",\n                    \"1>~:\",\n                    \"@\"\n                  ]\n                },\n                {\n                  \"or\": [\n                    \"b;PKM[VGJj\",\n                    {\n                      \"mc\": \">=155\"\n                    },\n                    \"FN\\\\hw~\",\n                    \" (`qZyq,Tz\",\n                    \"3(kb\\\"R#r(X\"\n                  ]\n                },\n                \"\",\n                \"`SH=?^\",\n                {\n                  \"or\": [\n                    {\n                      \"mc\": \"<=109\"\n                    },\n                    \"\\\\R\",\n                    \"q2\"\n                  ]\n                }\n              ]\n            },\n            \"^%S\"\n          ]\n        },\n        {\n          \"and\": [\n            {\n              \"and\": [\n                {\n                  \"mc\": \">=75\"\n                },\n                \"$ckaXQ cYo\",\n                \"lx\\\"\",\n                \"d\"\n              ]\n            },\n            \"?YW4XR)bK\",\n            \"fm\",\n            \"@pof?Z4_\"\n          ]\n        }\n      ]\n    }\n  },\n  {\n    \"title\": \"satisfyRule sample 8\",\n    \"value\": {\n      \"mc\": \">=150\"\n    }\n  },\n  {\n    \"title\": \"satisfyRule sample 9\",\n    \"value\": {\n      \"mc\": \"<=6\"\n    }\n  }\n]",
              "code": "fast_check_1.sample(index_test_2.satisfyRule, 10).forEach((sample, i) => addContext_1.default(this, {\n    title: `satisfyRule sample ${i}`,\n    value: sample,\n}));\nreturn fast_check_1.assert(fast_check_1.property(index_test_2.satisfyRule, ajvValidate));",
              "err": {},
              "uuid": "e2bd1f9f-ec34-4fa9-8a52-ba1eaa4d1cdc",
              "parentUUID": "ded7d08c-e23b-4ebe-a84a-4bebc5073192",
              "isHook": false,
              "skipped": false
            },
            {
              "title": "should not validate non-string/object",
              "fullTitle": "satisfyRuleSchema should not validate non-string/object",
              "timedOut": false,
              "duration": 1,
              "state": "passed",
              "speed": "fast",
              "pass": true,
              "fail": false,
              "pending": false,
              "context": null,
              "code": "const error = {\n    instancePath: \"\",\n    message: \"satisfy rule should be either a string or an object\",\n};\nisInvalidRule(null, error);\nisInvalidRule(undefined, error);\nisInvalidRule(10, error);\nisInvalidRule([12, 24], error);",
              "err": {},
              "uuid": "62873bb1-c015-41db-b062-40b44b0b8d24",
              "parentUUID": "ded7d08c-e23b-4ebe-a84a-4bebc5073192",
              "isHook": false,
              "skipped": false
            },
            {
              "title": "should not validate satisfy rules with extra properties",
              "fullTitle": "satisfyRuleSchema should not validate satisfy rules with extra properties",
              "timedOut": false,
              "duration": 0,
              "state": "passed",
              "speed": "fast",
              "pass": true,
              "fail": false,
              "pending": false,
              "context": null,
              "code": "isInvalidRule({\n        and: [\n            { or: [\"2k\"], abc: \"def\" },\n            { mc: 8, ghi: \"jkl\" },\n        ],\n        mno: \"pqr\",\n    }, {\n        instancePath: \"/and/0\",\n        message: \"or satisfy rule should have property 'or' only\",\n    }, {\n        instancePath: \"/and/1\",\n        message: \"MC satisfy rule should have property 'mc' only\",\n    }, {\n        instancePath: \"\",\n        message: \"and satisfy rule should have property 'and' only\",\n    })",
              "err": {},
              "uuid": "638abc16-bea8-4ed2-8ac2-fe9df9506d0c",
              "parentUUID": "ded7d08c-e23b-4ebe-a84a-4bebc5073192",
              "isHook": false,
              "skipped": false
            },
            {
              "title": "should not validate ambiguous satisfy rules",
              "fullTitle": "satisfyRuleSchema should not validate ambiguous satisfy rules",
              "timedOut": false,
              "duration": 1,
              "state": "passed",
              "speed": "fast",
              "pass": true,
              "fail": false,
              "pending": false,
              "context": null,
              "code": "const message = \"satisfy rule should have only one of properties 'mc', 'and', 'or'\";\nisInvalidRule({\n    or: [\n        { mc: 5, and: [\"CS2040\"] },\n        { and: [{ and: [\"abc\"], or: [\"def\"] }] },\n    ],\n}, { instancePath: \"/or/0\", message }, { instancePath: \"/or/1/and/0\", message });",
              "err": {},
              "uuid": "f6c36c71-3d81-412e-84ed-2882ee8059b6",
              "parentUUID": "ded7d08c-e23b-4ebe-a84a-4bebc5073192",
              "isHook": false,
              "skipped": false
            },
            {
              "title": "should not validate and satisfy rules with non-array property",
              "fullTitle": "satisfyRuleSchema should not validate and satisfy rules with non-array property",
              "timedOut": false,
              "duration": 0,
              "state": "passed",
              "speed": "fast",
              "pass": true,
              "fail": false,
              "pending": false,
              "context": null,
              "code": "const message = \"property 'and' should be an array of satisfy rules\";\nisInvalidRule({ or: [{ and: {} }, { or: [{ and: 3 }] }] }, { instancePath: \"/or/0/and\", message }, { instancePath: \"/or/1/or/0/and\", message });",
              "err": {},
              "uuid": "e977ca12-e9a1-417a-bb63-def443add318",
              "parentUUID": "ded7d08c-e23b-4ebe-a84a-4bebc5073192",
              "isHook": false,
              "skipped": false
            },
            {
              "title": "should not validate or satisfy rules with non-array property",
              "fullTitle": "satisfyRuleSchema should not validate or satisfy rules with non-array property",
              "timedOut": false,
              "duration": 0,
              "state": "passed",
              "speed": "fast",
              "pass": true,
              "fail": false,
              "pending": false,
              "context": null,
              "code": "const message = \"property 'or' should be an array of satisfy rules\";\nisInvalidRule({ and: [{ or: {} }, { and: [{ or: 3 }] }] }, { instancePath: \"/and/0/or\", message }, { instancePath: \"/and/1/and/0/or\", message });",
              "err": {},
              "uuid": "9302c3da-f6b7-4119-aa8d-2a4ca6c24abb",
              "parentUUID": "ded7d08c-e23b-4ebe-a84a-4bebc5073192",
              "isHook": false,
              "skipped": false
            }
          ],
          "suites": [],
          "passes": [
            "0e024a6a-9006-47a2-9e8a-2dc76c487c82",
            "9a135c20-81e3-4b87-975a-59d5ad115a4b",
            "e2bd1f9f-ec34-4fa9-8a52-ba1eaa4d1cdc",
            "62873bb1-c015-41db-b062-40b44b0b8d24",
            "638abc16-bea8-4ed2-8ac2-fe9df9506d0c",
            "f6c36c71-3d81-412e-84ed-2882ee8059b6",
            "e977ca12-e9a1-417a-bb63-def443add318",
            "9302c3da-f6b7-4119-aa8d-2a4ca6c24abb"
          ],
          "failures": [],
          "pending": [],
          "skipped": [],
          "duration": 9,
          "root": false,
          "rootEmpty": false,
          "_timeout": 2000
        }
      ],
      "passes": [],
      "failures": [],
      "pending": [],
      "skipped": [],
      "duration": 0,
      "root": true,
      "rootEmpty": true,
      "_timeout": 2000
    }
  ],
  "meta": {
    "mocha": {
      "version": "9.0.2"
    },
    "mochawesome": {
      "options": {
        "quiet": false,
        "reportFilename": "mochawesome",
        "saveHtml": true,
        "saveJson": true,
        "consoleReporter": "spec",
        "useInlineDiffs": false,
        "code": true
      },
      "version": "6.2.2"
    },
    "marge": {
      "options": {
        "reportDir": "docs"
      },
      "version": "5.2.0"
    }
  }
}