{
  "stats": {
    "suites": 10,
    "tests": 48,
    "passes": 48,
    "pending": 0,
    "failures": 0,
    "start": "2021-12-13T09:34:08.880Z",
    "end": "2021-12-13T09:34:09.168Z",
    "duration": 288,
    "testsRegistered": 48,
    "passPercent": 100,
    "pendingPercent": 0,
    "other": 0,
    "hasOther": false,
    "skipped": 0,
    "hasSkipped": false
  },
  "results": [
    {
      "uuid": "f034c3bc-8eed-421e-b979-8c2abd26c1d9",
      "title": "",
      "fullFile": "",
      "file": "",
      "beforeHooks": [],
      "afterHooks": [],
      "tests": [],
      "suites": [
        {
          "uuid": "17271a8e-6c20-4046-bdb1-612e32836918",
          "title": "initDirectories",
          "fullFile": "/home/runner/work/planwithus-lib/planwithus-lib/src/block/schemas.test.ts",
          "file": "/src/block/schemas.test.ts",
          "beforeHooks": [],
          "afterHooks": [],
          "tests": [
            {
              "title": "should parse all blocks with no errors",
              "fullTitle": "initDirectories should parse all blocks with no errors",
              "timedOut": false,
              "duration": 2,
              "state": "passed",
              "speed": "fast",
              "pass": true,
              "fail": false,
              "pending": false,
              "context": null,
              "code": "_1.initDirectories.should.not.throw()",
              "err": {},
              "uuid": "c6286bbf-04fa-4051-b41f-7740a1d4aef8",
              "parentUUID": "17271a8e-6c20-4046-bdb1-612e32836918",
              "isHook": false,
              "skipped": false
            },
            {
              "title": "should produce primary, second & minor directories",
              "fullTitle": "initDirectories should produce primary, second & minor directories",
              "timedOut": false,
              "duration": 2,
              "state": "passed",
              "speed": "fast",
              "pass": true,
              "fail": false,
              "pending": false,
              "context": null,
              "code": "const directories = (0, _1.initDirectories)();\ndirectories.should.have.property(\"primary\");\ndirectories.should.have.property(\"second\");\ndirectories.should.have.property(\"minor\");",
              "err": {},
              "uuid": "73c2a198-d3b1-4503-8790-a0dc67e12277",
              "parentUUID": "17271a8e-6c20-4046-bdb1-612e32836918",
              "isHook": false,
              "skipped": false
            }
          ],
          "suites": [],
          "passes": [
            "c6286bbf-04fa-4051-b41f-7740a1d4aef8",
            "73c2a198-d3b1-4503-8790-a0dc67e12277"
          ],
          "failures": [],
          "pending": [],
          "skipped": [],
          "duration": 4,
          "root": false,
          "rootEmpty": false,
          "_timeout": 2000
        },
        {
          "uuid": "9780d6e7-3514-4f0b-9f94-a51579c7ddb4",
          "title": "blockSchema",
          "fullFile": "/home/runner/work/planwithus-lib/planwithus-lib/src/block/schemas.test.ts",
          "file": "/src/block/schemas.test.ts",
          "beforeHooks": [],
          "afterHooks": [],
          "tests": [
            {
              "title": "should validate valid block",
              "fullTitle": "blockSchema should validate valid block",
              "timedOut": false,
              "duration": 142,
              "state": "passed",
              "speed": "slow",
              "pass": true,
              "fail": false,
              "pending": false,
              "context": "[\n  {\n    \"title\": \"block sample 0\",\n    \"value\": {\n      \"name\": \">U\",\n      \"ay\": 2026,\n      \"assign\": [\n        \"#\",\n        \"\"\n      ],\n      \"match\": {\n        \"or\": [\n          {\n            \"and\": [\n              {\n                \"and\": [\n                  \"LYV20\",\n                  \"UIL029\"\n                ]\n              },\n              {\n                \"or\": [\n                  {\n                    \"pattern\": \"FJx*L\",\n                    \"exclude\": [\n                      \"TNI26J\",\n                      \"YFI4795\",\n                      \"SUL*J\"\n                    ]\n                  },\n                  {\n                    \"pattern\": \"BB3\",\n                    \"exclude\": \"EBM7029\",\n                    \"info\": \"X~tw\"\n                  },\n                  \"NLI9\"\n                ]\n              },\n              {\n                \"or\": [\n                  {\n                    \"and\": [\n                      \"TQF91x\",\n                      \"NH26*N\",\n                      \"PU2Y\",\n                      \"ETW0437\"\n                    ]\n                  }\n                ]\n              }\n            ]\n          },\n          {\n            \"and\": [\n              {\n                \"pattern\": \"ERG801\",\n                \"exclude\": [\n                  \"EH6867Q\",\n                  \"MD0X\",\n                  \"EC5\",\n                  \"AL76x6\",\n                  \"PMS9\"\n                ],\n                \"info\": \"?Kn*o\"\n              },\n              {\n                \"or\": [\n                  \"WD379\",\n                  {\n                    \"or\": [\n                      \"VH60x\",\n                      {\n                        \"and\": [\n                          \"VD22*\",\n                          \"TT5\",\n                          \"RMT2622Y\",\n                          \"BOA71\"\n                        ]\n                      },\n                      \"GBV3Z\",\n                      {\n                        \"or\": []\n                      }\n                    ]\n                  },\n                  \"UDU77\",\n                  \"VQH9899\"\n                ]\n              },\n              \"YE6T\"\n            ]\n          }\n        ]\n      },\n      \"satisfy\": {\n        \"mc\": \"<=66\"\n      },\n      \"url\": \"https://up6y3b61vtsoamjot6i0-4l.k.230ttebepfpf6-3pbfdjacbdok4bb9um7z5txen3l5j.0xpn4e-cj48cqwi6lbhqx-42va6tg4t45lvlbxn7ut5ct9k8i0eji3ks.h.dreo/tgC/=;::xfGdab/OS\",\n      \"info\": \"}x|&|\",\n      \"isSelectable\": true,\n      \"[Zn~X\": {\n        \"name\": \"LD\",\n        \"ay\": 1958,\n        \"assign\": \"e7CJ\",\n        \"match\": {\n          \"and\": [\n            {\n              \"or\": [\n                \"TJK7*88\",\n                \"QPS78\"\n              ]\n            }\n          ]\n        },\n        \"satisfy\": [\n          {\n            \"and\": []\n          },\n          {\n            \"or\": []\n          },\n          \"]5`,YKY\"\n        ],\n        \"url\": \"https://yj0bsm15j2o-zzz5w5304f7v7li7bes9u0e4yhqhz8tp-v4i4fwc-th.7ks9l1gq0axwvd5-tmycb9zosfkipbj7bu5c2gamy5jwlhznz9aimee96.wgrbpfwqig/%F3%A8%AA%90$Nv@F./q5Ru7/YKXSjUGCe1/.%F3%B8%A4%ADG2;,Eh/$g,%F3%83%A6%B0/1f%F2%9B%8A%9F+%F3%8F%AC%AA.T/)xm39pZ9iS/2c/,kgM\",\n        \"info\": \"#dIrmidI\",\n        \"\": {\n          \"name\": \"t#M$1k!V`\",\n          \"ay\": 1986,\n          \"assign\": [\n            \"R*ISgy']\"\n          ],\n          \"match\": \"HF149N\",\n          \"satisfy\": {\n            \"mc\": \"<=108\"\n          },\n          \"url\": \"https://t.wrwzr32ksyd8vf1l65ov1yqbit19b2pnnowxzjzvhlkedxjgblxgjoaof8e97.lxkvzgc\",\n          \"info\": \"'z.w\",\n          \"w:[eFrk(=N\": {\n            \"name\": \"\",\n            \"ay\": 1970,\n            \"assign\": \"*o2vV@M\",\n            \"match\": [\n              \"JQIx287M\",\n              {\n                \"or\": []\n              },\n              {\n                \"and\": [\n                  {\n                    \"or\": [\n                      {\n                        \"pattern\": \"YV656x\",\n                        \"exclude\": \"XGJx\",\n                        \"info\": \"7:e2Ch^Hn\"\n                      },\n                      {\n                        \"or\": [\n                          \"OZE9*x*\",\n                          \"RF855xX\",\n                          \"KSY1H\",\n                          \"NPL06\",\n                          {\n                            \"pattern\": \"TIXxx81\",\n                            \"exclude\": [\n                              \"FV9A\",\n                              \"YW1004\"\n                            ],\n                            \"info\": \"EUd8[g\"\n                          }\n                        ]\n                      },\n                      \"IHN*A\",\n                      {\n                        \"pattern\": \"RK3V\",\n                        \"exclude\": \"TFQ*N\",\n                        \"info\": \"zVBc;mWAXV\"\n                      },\n                      \"JO70D\"\n                    ]\n                  }\n                ]\n              }\n            ],\n            \"satisfy\": [],\n            \"url\": \"http://m.h479.5stdkmzug8iwvxo2jzamt-v6pbocqfc9sygvwqw8a9cklcd.u.krdbo/UU$cas:9R%F3%BA%99%AC\",\n            \"info\": \"#nRIf)l5Wa\",\n            \"isSelectable\": true\n          },\n          \"gKdvN\": {\n            \"ay\": 2012,\n            \"assign\": \"\",\n            \"match\": [\n              {\n                \"and\": [\n                  {\n                    \"pattern\": \"PBx48C\",\n                    \"exclude\": \"OIL3*3\",\n                    \"info\": \"k\"\n                  },\n                  {\n                    \"and\": [\n                      {\n                        \"pattern\": \"RP9x\"\n                      }\n                    ]\n                  },\n                  {\n                    \"or\": [\n                      \"DA3553\",\n                      {\n                        \"or\": [\n                          \"IHF320Z\",\n                          \"LIP240A\",\n                          \"NGT3045K\",\n                          \"KG69\"\n                        ]\n                      },\n                      \"QA4x6\"\n                    ]\n                  },\n                  {\n                    \"pattern\": \"CVK8183\",\n                    \"exclude\": [\n                      \"BLO4K\",\n                      \"PTD495\",\n                      \"PQT8xx4H\"\n                    ],\n                    \"info\": \"&~ce`ZX4M\"\n                  }\n                ]\n              },\n              {\n                \"pattern\": \"NQU96X\",\n                \"exclude\": \"YR2\",\n                \"info\": \"vC^a%KjHC\"\n              }\n            ],\n            \"satisfy\": {\n              \"or\": []\n            },\n            \"info\": \"23I](e\",\n            \"&c{}I!u7&\": {\n              \"name\": \"\",\n              \"assign\": \"QZ\",\n              \"match\": {\n                \"and\": []\n              },\n              \"url\": \"http://py2477fn8cbk54l8fc6y7efra.m.q.cltjdtuu/!*2Rm&/c*O%F1%B0%BD%ADGo-O/t%F4%81%B2%ABe++B\",\n              \"info\": \"B{Jx<A\"\n            }\n          },\n          \"q)\": {\n            \"name\": \"\",\n            \"ay\": 1997,\n            \"assign\": [\n              \"oLet\\\"(H.OL\",\n              \"w*8LITWwg\"\n            ],\n            \"match\": {\n              \"pattern\": \"JP2832Z\",\n              \"exclude\": \"MJZ8A\",\n              \"info\": \"xL1\"\n            },\n            \"satisfy\": {\n              \"and\": [\n                {\n                  \"and\": [\n                    {\n                      \"mc\": \">=177\"\n                    },\n                    \"fB\"\n                  ]\n                }\n              ]\n            },\n            \"url\": \"http://d.xu4dp13tbgjqr-ozqx0msfc5pp194-0ex-myn-s.j.mngc/D/3Qlv/;uD~m,4/./&*5B4c(:$z/eMvPcV/%F0%90%9D%9C9HR&Xd/e/5%F2%92%AF%84/Z\",\n            \"isSelectable\": true\n          }\n        },\n        \"7oIM,\": {\n          \"name\": \"+.:,q\",\n          \"ay\": 1979,\n          \"assign\": \":#u\",\n          \"match\": [\n            {\n              \"and\": [\n                {\n                  \"or\": [\n                    \"ZW63P\",\n                    \"JJ65U\"\n                  ]\n                },\n                {\n                  \"or\": [\n                    \"QI52\",\n                    \"SG651\",\n                    {\n                      \"or\": [\n                        {\n                          \"pattern\": \"KF60*x\",\n                          \"info\": \"=qCo:;SO\"\n                        },\n                        {\n                          \"and\": [\n                            \"YZK7V\",\n                            {\n                              \"and\": [\n                                {\n                                  \"and\": [\n                                    \"MVx66B\"\n                                  ]\n                                },\n                                \"KG3*27Q\",\n                                \"FIN5\"\n                              ]\n                            },\n                            \"QH156\",\n                            \"VPR*6V\"\n                          ]\n                        },\n                        \"PKV338\",\n                        {\n                          \"or\": [\n                            \"VMIx06\",\n                            \"DC57Y\",\n                            \"UNE0\",\n                            \"AN0*92\"\n                          ]\n                        },\n                        \"GO9R\"\n                      ]\n                    },\n                    \"DP151x\",\n                    \"MPW96E\"\n                  ]\n                },\n                {\n                  \"and\": []\n                },\n                \"WL7G\",\n                {\n                  \"pattern\": \"QU5*1\",\n                  \"exclude\": \"MT3P\",\n                  \"info\": \"v>nTqw3}%\"\n                }\n              ]\n            }\n          ],\n          \"satisfy\": [\n            \"Gcc\"\n          ],\n          \"url\": \"https://m42hd14zwjnm2afbf4tdlqae14dhab3.3fspzzrp5chjo5qy.xinfr/d&;/ef5)Ez'%F3%B1%AB%8A9R/G:/@%F3%97%82%99F1eW;NT/*Q$Du//yY%F3%AC%A8%925ewn%F3%A2%B7%93z/bzrY&Vc_K%F3%90%9B%B3/BuA++yVm4t/w\",\n          \"info\": \"ribyX\"\n        },\n        \"%S'$/\": {\n          \"name\": \"\",\n          \"ay\": 1963,\n          \"assign\": \"7^|\",\n          \"match\": [\n            {\n              \"or\": [\n                {\n                  \"and\": [\n                    {\n                      \"and\": [\n                        \"TVA5I\",\n                        {\n                          \"and\": []\n                        },\n                        \"SP42x0A\",\n                        {\n                          \"and\": [\n                            \"LH6137\",\n                            \"RY767*J\",\n                            \"AS23xx\"\n                          ]\n                        },\n                        {\n                          \"and\": [\n                            \"WMU8L\",\n                            \"GVB164H\",\n                            {\n                              \"and\": [\n                                \"LO3*x1G\",\n                                {\n                                  \"and\": [\n                                    \"RFS99\",\n                                    \"TUG69\",\n                                    \"ZSExU\",\n                                    \"WKJ80Q\",\n                                    \"NWH94G\"\n                                  ]\n                                },\n                                {\n                                  \"pattern\": \"SJ*37W\",\n                                  \"exclude\": \"TLK39N\"\n                                }\n                              ]\n                            }\n                          ]\n                        }\n                      ]\n                    },\n                    {\n                      \"and\": [\n                        \"MAHx0\",\n                        {\n                          \"and\": [\n                            \"RZ3\"\n                          ]\n                        },\n                        {\n                          \"and\": [\n                            \"FV*6\"\n                          ]\n                        },\n                        {\n                          \"and\": [\n                            \"GRR474*A\",\n                            \"TS*9x0H\",\n                            \"VET1\"\n                          ]\n                        }\n                      ]\n                    },\n                    {\n                      \"pattern\": \"UWK*1O\",\n                      \"exclude\": \"SH7\",\n                      \"info\": \"/6S\"\n                    }\n                  ]\n                },\n                \"ZC83\",\n                {\n                  \"or\": [\n                    {\n                      \"and\": [\n                        {\n                          \"and\": [\n                            \"NQ8x*0\",\n                            \"GSJ87W\",\n                            \"XEB47\",\n                            \"URW5V\",\n                            {\n                              \"pattern\": \"SO7984\",\n                              \"exclude\": [\n                                \"SD00xA\",\n                                \"CF511xG\",\n                                \"RGM2R\",\n                                \"CBF626\"\n                              ],\n                              \"info\": \"ZH>C\"\n                            }\n                          ]\n                        },\n                        {\n                          \"and\": [\n                            \"RFN13**B\"\n                          ]\n                        }\n                      ]\n                    },\n                    \"WRV5223Y\",\n                    \"LUN5301W\"\n                  ]\n                },\n                {\n                  \"and\": [\n                    {\n                      \"pattern\": \"JXU693U\",\n                      \"exclude\": \"MO90x6Y\",\n                      \"info\": \"q0`TE=(k*G\"\n                    },\n                    {\n                      \"and\": [\n                        {\n                          \"and\": [\n                            \"ATC*xx7\",\n                            \"US6702O\",\n                            \"HJ586\",\n                            \"KF8*64\"\n                          ]\n                        },\n                        \"NXV765\",\n                        \"CER*6\",\n                        \"CX1Y\"\n                      ]\n                    },\n                    \"SZE45x9\"\n                  ]\n                },\n                \"NQT4x13\"\n              ]\n            },\n            {\n              \"and\": [\n                {\n                  \"and\": [\n                    {\n                      \"or\": [\n                        \"SM8E\",\n                        \"BQM227M\",\n                        {\n                          \"or\": [\n                            \"ZWP49\",\n                            \"YKI*D\",\n                            \"XJ640xP\",\n                            {\n                              \"and\": [\n                                \"RWB34Z\",\n                                \"DGZ89*8E\"\n                              ]\n                            }\n                          ]\n                        }\n                      ]\n                    },\n                    {\n                      \"pattern\": \"SQS94J\",\n                      \"exclude\": \"BG5\",\n                      \"info\": \"r*lUeai,|v\"\n                    },\n                    {\n                      \"or\": [\n                        {\n                          \"or\": [\n                            \"KD03\",\n                            {\n                              \"and\": [\n                                \"PBDx5\",\n                                \"MQP5\",\n                                \"TWN8777Z\"\n                              ]\n                            },\n                            \"BK52H\",\n                            \"BBZ*15T\"\n                          ]\n                        },\n                        \"IJS6064\",\n                        \"KW245S\"\n                      ]\n                    }\n                  ]\n                }\n              ]\n            }\n          ],\n          \"info\": \",1C'\",\n          \"isSelectable\": true\n        }\n      },\n      \" sYQq8Pe\": {\n        \"name\": \"Z+d112z\",\n        \"ay\": 1958,\n        \"assign\": \"1v\",\n        \"match\": [\n          {\n            \"pattern\": \"HTLx345\",\n            \"exclude\": [\n              \"IL475L\",\n              \"VC4**xU\",\n              \"VEY92U\",\n              \"DG9\"\n            ],\n            \"info\": \"7vuR*9\\\"*\"\n          },\n          {\n            \"pattern\": \"JAF*\",\n            \"exclude\": \"VN631Z\",\n            \"info\": \"|9OQI&U\"\n          }\n        ],\n        \"satisfy\": {\n          \"and\": [\n            {\n              \"mc\": \"<=7\"\n            },\n            \"lGy\",\n            {\n              \"mc\": \">=48\"\n            },\n            {\n              \"mc\": \">=39\"\n            }\n          ]\n        },\n        \"url\": \"http://5m2yho3-xhlpzac7i4k8xk64-kl9ol76-hh2um52y.zpnvlmg8cy7p1pnuxegg1t.qrdnpr\",\n        \"info\": \"g<uq\",\n        \"isSelectable\": true\n      },\n      \",;@\": {\n        \"name\": \"@\",\n        \"ay\": 2030,\n        \"assign\": [\n          \">\",\n          \"r/Q&7{>&\",\n          \"QrQ pa(P^\",\n          \"\\\\X7yZ3\"\n        ],\n        \"match\": [\n          {\n            \"or\": [\n              {\n                \"pattern\": \"AM4\",\n                \"exclude\": \"ESEx20M\",\n                \"info\": \"S3PEz \"\n              },\n              {\n                \"and\": []\n              },\n              {\n                \"or\": [\n                  \"CJ334\",\n                  \"OT486V\",\n                  {\n                    \"and\": []\n                  },\n                  {\n                    \"pattern\": \"HR7\",\n                    \"info\": \"b_]w_E\"\n                  },\n                  \"UW41x*\"\n                ]\n              }\n            ]\n          },\n          {\n            \"and\": []\n          },\n          {\n            \"or\": [\n              {\n                \"or\": []\n              },\n              {\n                \"or\": [\n                  \"PI4097\",\n                  {\n                    \"and\": [\n                      \"KM79P\",\n                      \"RAI45C\"\n                    ]\n                  },\n                  \"YPx141\",\n                  {\n                    \"and\": [\n                      \"CI989\",\n                      \"SD52\",\n                      \"MI70\"\n                    ]\n                  },\n                  \"XT1I\"\n                ]\n              },\n              \"YD248M\",\n              {\n                \"pattern\": \"DE059D\",\n                \"exclude\": \"FQ03\",\n                \"info\": \"FG95Y{4\"\n              },\n              {\n                \"and\": [\n                  {\n                    \"and\": [\n                      \"MI22*P\",\n                      {\n                        \"pattern\": \"UIO3**Q\",\n                        \"info\": \"J9:ea\"\n                      },\n                      \"UZX2x03\"\n                    ]\n                  }\n                ]\n              }\n            ]\n          },\n          {\n            \"or\": []\n          },\n          {\n            \"and\": [\n              {\n                \"pattern\": \"YX4\",\n                \"exclude\": \"VM453K\"\n              },\n              {\n                \"or\": []\n              },\n              {\n                \"or\": [\n                  {\n                    \"pattern\": \"WOA97Q\",\n                    \"exclude\": [\n                      \"OV379\",\n                      \"CCN3**\",\n                      \"YD4\",\n                      \"KI74Q\"\n                    ],\n                    \"info\": \"_Q0D\"\n                  }\n                ]\n              },\n              {\n                \"and\": [\n                  {\n                    \"or\": [\n                      {\n                        \"pattern\": \"ZYK2\",\n                        \"exclude\": [\n                          \"MB*1\",\n                          \"WKLx9x7E\",\n                          \"OXC0303Y\"\n                        ]\n                      },\n                      \"PAC128xW\"\n                    ]\n                  }\n                ]\n              },\n              {\n                \"and\": [\n                  {\n                    \"and\": [\n                      {\n                        \"or\": [\n                          \"VCY200\",\n                          \"UN50x\",\n                          \"JYIx405N\"\n                        ]\n                      },\n                      \"IV861G\",\n                      {\n                        \"and\": [\n                          \"GMO065xN\",\n                          \"VMA5\",\n                          {\n                            \"pattern\": \"CHL71\",\n                            \"exclude\": [\n                              \"LF64\",\n                              \"ST4Q\",\n                              \"DJ343B\",\n                              \"KExD\"\n                            ],\n                            \"info\": \"\"\n                          },\n                          {\n                            \"and\": []\n                          }\n                        ]\n                      }\n                    ]\n                  },\n                  {\n                    \"and\": []\n                  },\n                  {\n                    \"or\": [\n                      {\n                        \"and\": [\n                          \"OXH93*xW\",\n                          \"GAI75R\",\n                          \"EOC03O\"\n                        ]\n                      },\n                      \"YP468A\",\n                      {\n                        \"or\": [\n                          \"CJC4532\",\n                          \"JJD649M\",\n                          \"MPBxC\",\n                          \"AEL8A\",\n                          {\n                            \"pattern\": \"IU*62x\",\n                            \"exclude\": [\n                              \"MR99\",\n                              \"TGL0303\",\n                              \"SSO31\",\n                              \"WOR*3L\",\n                              \"HDB46G\"\n                            ],\n                            \"info\": \"f[Z\"\n                          }\n                        ]\n                      },\n                      {\n                        \"and\": []\n                      }\n                    ]\n                  },\n                  \"SX984*Y\"\n                ]\n              }\n            ]\n          }\n        ],\n        \"satisfy\": [\n          {\n            \"mc\": \"<=49\"\n          },\n          {\n            \"mc\": \"<=197\"\n          },\n          \"N}Q,c|@\",\n          {\n            \"or\": [\n              {\n                \"mc\": \"<=125\"\n              }\n            ]\n          },\n          {\n            \"or\": [\n              {\n                \"and\": [\n                  {\n                    \"or\": [\n                      {\n                        \"mc\": \">=76\"\n                      },\n                      {\n                        \"and\": [\n                          \"9seCh\"\n                        ]\n                      }\n                    ]\n                  },\n                  \"x5.4c_is\",\n                  {\n                    \"or\": []\n                  }\n                ]\n              },\n              {\n                \"and\": [\n                  {\n                    \"or\": [\n                      \"\",\n                      \"lbLH \",\n                      {\n                        \"or\": [\n                          \"vCr2Uw[\",\n                          {\n                            \"or\": [\n                              \"n}gl=w\",\n                              \"qf[\",\n                              \".\",\n                              \"\\\\Vq\"\n                            ]\n                          },\n                          \"IJmvO,\",\n                          \"nU}~`r9b \"\n                        ]\n                      }\n                    ]\n                  },\n                  \"?fiF/\"\n                ]\n              }\n            ]\n          }\n        ],\n        \"url\": \"http://i2rnld8sdfygtru0vvayml91168u5.nf17.0bejwlbsdovy823f8t3volktdk7ssa27-16h98wpy25wnyyj2buh60598ox6.whre/J/ldXIj/_onG4Tl/J$%F0%B5%A2%935c&$;n/MP:/NKit/%F1%A9%A4%8A7mCD+hK2/M=%F0%A4%AA%8D(fma/MWdnd.6/@iL%F2%A8%8B%AA2lWV!6\",\n        \"info\": \"@g9]f\",\n        \"isSelectable\": true,\n        \"#?I|3O\": {\n          \"name\": \"}T\\\"iI;!6{~\",\n          \"ay\": 1992,\n          \"assign\": [\n            \"\",\n            \"]yY9j]\",\n            \"dtY:/MMUG\"\n          ],\n          \"match\": \"WT5257E\",\n          \"url\": \"http://kh9mff1envb-8o1m7w3ww-mvn4prrzqbb9gei.2q3f7rr703cesl66xvtfduw-vrc10zcjvxngp7a7zj3so3bb.uv2c10ia1v0nr0ffh-qwi4h9fy5rut348ladm8b30iwf115hxid01mqbxgo0.exb/=@R3qB*O/%F1%91%85%98d2t%F2%80%B7%89/P/QPD~7&V~/:%F1%80%BF%92MmA1%F3%81%A7%98:f+/IbVnT/t!%F0%B2%96%9Cbfq/GVQvI\",\n          \"info\": \">f:M$@70[Q\",\n          \"isSelectable\": true\n        },\n        \"1mXZ2*uAUw\": {\n          \"name\": \"ZLEQ*\\\\P\",\n          \"ay\": 1980,\n          \"assign\": [\n            \"\",\n            \"bba+\"\n          ],\n          \"match\": [],\n          \"satisfy\": \")79Y]~[Q\",\n          \"url\": \"http://jk.bk7vcyovt8c63s5v9vcovu6qd2349aialzjc.uv003nxvvsojnz11hbu79h9p28yxo70zrn1bh6xknxw3.swmvagn/NZ)O/%F2%B6%8A%AB7/D%F2%A4%91%BA%F4%88%A6%A8YI8uP4~/Hd!a/E/Lz/L&Vc'I/GuiX/Z%F3%88%AC%B3;Yh\",\n          \"info\": \"}.l}sBeJ~1\",\n          \"isSelectable\": true\n        }\n      }\n    }\n  },\n  {\n    \"title\": \"block sample 1\",\n    \"value\": {\n      \"name\": \"\\\"\",\n      \"ay\": 2016,\n      \"assign\": [\n        \"!#wI#|%Y=\\\"\"\n      ],\n      \"match\": [\n        {\n          \"pattern\": \"BAR6Z\",\n          \"exclude\": \"TC9\",\n          \"info\": \"\"\n        }\n      ],\n      \"url\": \"https://7u7j2jwww1atsn2zcsxi1k21sdny7omdomukazarr.yjukg7ofpeolvz1971cfeq.1htg2l689gofhgyyb3ph4kzzlsjetqy8535mqc84poco2a0r93.0s2ex0g66z6sh.h-vmhhodiw-q0gjdg8.wtqa//jO)6WE/4\",\n      \"info\": \"XqGKr1.*\",\n      \"isSelectable\": true\n    }\n  },\n  {\n    \"title\": \"block sample 2\",\n    \"value\": {\n      \"name\": \"%=R;?:A}\",\n      \"ay\": 1981,\n      \"match\": \"MGX*235\",\n      \"satisfy\": [\n        {\n          \"mc\": \">=1\"\n        }\n      ],\n      \"url\": \"http://etycc72ike65vbrx.715cq2upiw9altb7od0hr-w9x3lu7737wm8b0tevwdhhp9y4b2kef.swsxijnld/%E2%A4%83yA/jmZ7%F3%94%85%A97xS/,lB9;vU/hk%F3%AD%B7%91Ro%F1%BD%8D%82PV\",\n      \"isSelectable\": true\n    }\n  },\n  {\n    \"title\": \"block sample 3\",\n    \"value\": {\n      \"name\": \"\",\n      \"ay\": 2026,\n      \"assign\": [\n        \"-Pe6]i?[5\"\n      ],\n      \"match\": {\n        \"or\": [\n          \"BR*06I\",\n          {\n            \"and\": [\n              {\n                \"pattern\": \"GW721F\",\n                \"info\": \"W\"\n              }\n            ]\n          },\n          {\n            \"and\": []\n          },\n          {\n            \"and\": [\n              {\n                \"and\": [\n                  \"HM338x\",\n                  {\n                    \"or\": [\n                      \"SQD465\",\n                      \"JHR482S\",\n                      \"RNG9339\",\n                      \"TF8501\"\n                    ]\n                  }\n                ]\n              },\n              {\n                \"or\": []\n              },\n              \"KHV52E\"\n            ]\n          },\n          {\n            \"and\": [\n              {\n                \"or\": [\n                  \"HY650\",\n                  {\n                    \"or\": [\n                      {\n                        \"or\": [\n                          \"QK838\",\n                          \"KAZxX\"\n                        ]\n                      },\n                      \"MA5985\",\n                      \"WL1x\"\n                    ]\n                  },\n                  \"KXxM\",\n                  \"OVJ8\"\n                ]\n              }\n            ]\n          }\n        ]\n      },\n      \"url\": \"https://9x0b9c0pdgqux6lgm138cikafqwhf3k.20t-c70hc-z55nqpi4wjnpx7isme4v6.f2nkeiidojenh83wao-8kodw44ygqgq6gi2ympujd431ve.9-gvabfiwzt3xgf8cl0y-8l3bfkrbefhhv5-o19dmca6yhpikia.eiz/c-V/0VL!G/'8rl5s/kOufSf-\",\n      \"info\": \"X5R3.r\",\n      \"isSelectable\": true\n    }\n  },\n  {\n    \"title\": \"block sample 4\",\n    \"value\": {\n      \"name\": \";&l\",\n      \"ay\": 1953,\n      \"assign\": \"R&sZ\\\"% 50.\",\n      \"satisfy\": [\n        {\n          \"mc\": \">=3\"\n        },\n        {\n          \"or\": [\n            {\n              \"mc\": \"<=95\"\n            }\n          ]\n        }\n      ],\n      \"url\": \"http://dc095c-2l6a257bjf63dcerh6jt5adeoswada575efu7ch.hcdbbctw/%F2%89%B6%A1%F3%B4%AA%866W&%F3%B8%B3%AC\",\n      \"info\": \"##e,z\",\n      \"isSelectable\": true,\n      \"%}yC\": {\n        \"name\": \"I&t.rO+U\",\n        \"ay\": 1950,\n        \"match\": [\n          {\n            \"pattern\": \"UKDx382\",\n            \"exclude\": [\n              \"VY016\",\n              \"PTLx\",\n              \"VFRx763\",\n              \"ZT3Z\",\n              \"FAU3137E\"\n            ],\n            \"info\": \"%_tHk\"\n          },\n          \"HXS897I\",\n          {\n            \"and\": [\n              \"ORx\",\n              {\n                \"and\": [\n                  {\n                    \"pattern\": \"XY*x07I\",\n                    \"exclude\": \"TT9275\"\n                  },\n                  {\n                    \"and\": [\n                      {\n                        \"pattern\": \"WIKx1U\",\n                        \"info\": \"d@)$_Ddj |\"\n                      },\n                      \"RUZ2x13O\",\n                      \"MXE1X\",\n                      \"BJ8434J\"\n                    ]\n                  },\n                  {\n                    \"or\": []\n                  },\n                  {\n                    \"or\": []\n                  },\n                  \"US2\"\n                ]\n              }\n            ]\n          }\n        ],\n        \"satisfy\": [\n          {\n            \"and\": []\n          },\n          {\n            \"or\": []\n          }\n        ],\n        \"info\": \" gaD/\"\n      }\n    }\n  },\n  {\n    \"title\": \"block sample 5\",\n    \"value\": {\n      \"name\": \" uBVL)]@{h\",\n      \"ay\": 1954,\n      \"match\": [\n        {\n          \"pattern\": \"NPM*\",\n          \"exclude\": [\n            \"UOK3226P\",\n            \"FB068P\",\n            \"TYT84\",\n            \"MIG7003\"\n          ],\n          \"info\": \"EO8!5&/9\"\n        },\n        {\n          \"or\": [\n            {\n              \"or\": [\n                {\n                  \"or\": []\n                },\n                \"NFW8xX\"\n              ]\n            },\n            {\n              \"and\": [\n                {\n                  \"pattern\": \"JDQ89\",\n                  \"exclude\": [\n                    \"EL*43Q\",\n                    \"BAW36\"\n                  ],\n                  \"info\": \"}C\\\"%u\"\n                },\n                {\n                  \"and\": []\n                }\n              ]\n            },\n            {\n              \"pattern\": \"NV9\",\n              \"exclude\": [\n                \"PD1158\"\n              ]\n            }\n          ]\n        }\n      ],\n      \"satisfy\": \"\",\n      \"url\": \"http://nmzpxkb5n7.edaky/=O/:g4++K%F1%B3%A3%ADkHi/Z,B~e+@;y,/%2B;/c/*,+Cg-e=e/%F2%91%9B%96\",\n      \"info\": \"Yt#\",\n      \"isSelectable\": true,\n      \"\\\"^]$Wi\\\"\": {\n        \"name\": \"+4F\",\n        \"assign\": \"ZU\",\n        \"match\": {\n          \"and\": [\n            {\n              \"or\": [\n                {\n                  \"and\": []\n                },\n                \"YMI6*59\",\n                \"OGW5X\",\n                {\n                  \"or\": [\n                    \"KX9788\",\n                    \"PO64xQ\",\n                    \"QWWxx61D\",\n                    {\n                      \"and\": [\n                        \"RD*8R\",\n                        \"YHW006K\"\n                      ]\n                    },\n                    {\n                      \"or\": []\n                    }\n                  ]\n                }\n              ]\n            },\n            {\n              \"pattern\": \"PYU805\",\n              \"info\": \"J~2MSC]\"\n            }\n          ]\n        },\n        \"satisfy\": [\n          {\n            \"and\": [\n              {\n                \"and\": []\n              },\n              {\n                \"or\": [\n                  {\n                    \"and\": [\n                      \"T5\"\n                    ]\n                  },\n                  \"85DON&\",\n                  {\n                    \"or\": [\n                      {\n                        \"or\": [\n                          \"*<pev<yd='\",\n                          \"2$OP;ZEzI\",\n                          {\n                            \"and\": []\n                          },\n                          \")\",\n                          {\n                            \"and\": [\n                              \"R}~0^t9=*e\",\n                              \"Y\",\n                              {\n                                \"or\": [\n                                  \"/\",\n                                  \"p\",\n                                  \"vHAL'!4C\",\n                                  \"$\"\n                                ]\n                              }\n                            ]\n                          }\n                        ]\n                      },\n                      {\n                        \"and\": [\n                          \"\"\n                        ]\n                      },\n                      {\n                        \"or\": [\n                          \"UC\",\n                          \"=\"\n                        ]\n                      },\n                      \"AEQ\\\"\"\n                    ]\n                  }\n                ]\n              },\n              {\n                \"or\": [\n                  \"A(:OcTs\",\n                  \"z*i*nK}=ms\"\n                ]\n              }\n            ]\n          },\n          {\n            \"or\": [\n              \"M X$:/\"\n            ]\n          },\n          {\n            \"mc\": \"<=111\"\n          }\n        ],\n        \"url\": \"https://17qf2inriryal0lh2tlq2w6g5l6rlcowa5fgw6tguwp9.zfncfowf//etgI%F0%96%83%8C~q6'S/YD;%F1%AE%8D%A88S,U9\",\n        \"info\": \"'}t\",\n        \"isSelectable\": true\n      },\n      \"91H(\\\\\\\\oU\": {\n        \"ay\": 1986,\n        \"match\": \"TYHx84W\",\n        \"url\": \"https://p5pf.yx\",\n        \"info\": \"7L]!tI.\",\n        \"isSelectable\": true\n      },\n      \"1M*da?\": {\n        \"name\": \"\\\\`\\\"C\\\"sQ$j\",\n        \"ay\": 2021,\n        \"assign\": \";J\",\n        \"match\": {\n          \"pattern\": \"MQ04J\",\n          \"exclude\": [],\n          \"info\": \"Q\"\n        },\n        \"satisfy\": {\n          \"and\": [\n            {\n              \"mc\": \"<=170\"\n            },\n            {\n              \"and\": []\n            },\n            {\n              \"mc\": \">=142\"\n            },\n            \"5Fo@v4>,\",\n            {\n              \"and\": [\n                {\n                  \"and\": [\n                    {\n                      \"and\": [\n                        \"vA@a \",\n                        {\n                          \"and\": [\n                            \"S\",\n                            \"}o\",\n                            \"i\",\n                            \"/ U3[hN=\"\n                          ]\n                        },\n                        \"Czsg?~p+H \",\n                        {\n                          \"mc\": \">=172\"\n                        },\n                        \"z;'bj^n\"\n                      ]\n                    },\n                    \"}qE)\",\n                    {\n                      \"or\": []\n                    }\n                  ]\n                },\n                \"(^)q}\"\n              ]\n            }\n          ]\n        },\n        \"info\": \"%\",\n        \"isSelectable\": true\n      }\n    }\n  },\n  {\n    \"title\": \"block sample 6\",\n    \"value\": {\n      \"name\": \"\",\n      \"ay\": 2027,\n      \"assign\": [\n        \"<4K`75)|\",\n        \"%L}*V\"\n      ],\n      \"satisfy\": {\n        \"and\": []\n      },\n      \"url\": \"https://fpkj.dza\",\n      \"info\": \"&\",\n      \"isSelectable\": true,\n      \"UH\": {\n        \"ay\": 2022,\n        \"assign\": [\n          \"z\"\n        ],\n        \"match\": {\n          \"or\": [\n            {\n              \"pattern\": \"ONx7\"\n            },\n            {\n              \"or\": [\n                \"GX0\",\n                \"BUJ74\"\n              ]\n            },\n            {\n              \"and\": [\n                {\n                  \"pattern\": \"AJO86Y\",\n                  \"exclude\": \"FZ1649\",\n                  \"info\": \"6dF3[\"\n                },\n                \"UG46Q\"\n              ]\n            }\n          ]\n        },\n        \"satisfy\": [],\n        \"url\": \"http://dkegvpw2wd7bvfl8htv71b1kg2f98qbl-l64vk2j3fcr3gppsgjztai91pfg.kkan1ks2uuqckb89duvcq6pd9fr7emppq4ci-xiaz5uzpc4x1jy2.llrqoa/(556j(7k/U&Z/%F2%8E%8A%88FPbeR&0l/Zv%F0%96%8B%AB9&/t5zmr/$.c/%F3%94%B5%8EY,yJAR/E1_20\",\n        \"info\": \"{Zw3[[t\"\n      }\n    }\n  },\n  {\n    \"title\": \"block sample 7\",\n    \"value\": {\n      \"name\": \"p1<\",\n      \"ay\": 1956,\n      \"satisfy\": [\n        {\n          \"mc\": \">=194\"\n        },\n        {\n          \"and\": [\n            \"KZGK\",\n            {\n              \"mc\": \"<=133\"\n            }\n          ]\n        }\n      ],\n      \"url\": \"https://gu-w3-uwpgnqa-kw-q70py0.b13l7q1mbv7k73ht0d1c4u3p9xxg05w8ng36w5kbzvxikhlkscum-wvfd.6xb5x9z5-52tst-oopq.c9u02z7-ef-snbvoto7mp46cnxda1rkrfx387au712m7zb3ujvkm.vdufw8jzp6hovqkkjrae.vw\",\n      \"info\": \"\",\n      \"isSelectable\": true\n    }\n  },\n  {\n    \"title\": \"block sample 8\",\n    \"value\": {\n      \"name\": \"P`f\",\n      \"ay\": 1965,\n      \"assign\": [\n        \"ic'?iUf~yv\",\n        \"ISy\",\n        \"t@?'\",\n        \"Y \"\n      ],\n      \"match\": {\n        \"and\": []\n      },\n      \"satisfy\": [\n        \"VJ-k%7.*\",\n        {\n          \"or\": []\n        },\n        {\n          \"mc\": \">=143\"\n        },\n        {\n          \"and\": [\n            \"i qK8>!tL[\",\n            {\n              \"mc\": \">=135\"\n            },\n            {\n              \"mc\": \"<=197\"\n            },\n            {\n              \"or\": [\n                {\n                  \"mc\": \"<=47\"\n                },\n                \"8LV|]\",\n                {\n                  \"or\": [\n                    {\n                      \"mc\": \">=32\"\n                    },\n                    \"uyMw^\",\n                    {\n                      \"or\": []\n                    },\n                    \"j'pjV[-\"\n                  ]\n                }\n              ]\n            }\n          ]\n        }\n      ],\n      \"info\": \"e|p}}1\",\n      \"isSelectable\": true,\n      \"\": {\n        \"ay\": 1955,\n        \"assign\": [\n          \"C!e\",\n          \"\"\n        ],\n        \"match\": {\n          \"pattern\": \"OMO86\",\n          \"exclude\": \"SK17\"\n        },\n        \"satisfy\": [\n          \"`\",\n          {\n            \"mc\": \"<=82\"\n          },\n          {\n            \"mc\": \"<=23\"\n          },\n          \"q\",\n          {\n            \"and\": [\n              \"OE( cbr\",\n              {\n                \"mc\": \">=128\"\n              },\n              \"~A\"\n            ]\n          }\n        ],\n        \"isSelectable\": true,\n        \"!c\": {\n          \"ay\": 1994,\n          \"assign\": \"\",\n          \"match\": [\n            \"CM8155H\"\n          ],\n          \"satisfy\": [],\n          \"url\": \"http://8o2sg-fdy6ip0zvxypsmpeclorgmc9jw99t8gu90gr3ht6a5cqvjadtc.sll0-gnvvig2xkuuktw2j9kj8u5bv-egu-lyaz3c28l584a1q34h9ycp8.pcnlxr0nzj7hr9g7c66-6pn.c.g-v659m3kzrf4v81868r-bvb75zt4sfpgb69ugavwk0jw0l2z2n2nxeq3z.vnxzl//0%F0%9B%BB%B4uB3XPW/!%F0%A4%8A%BEM41_%F1%84%83%9Brqo\",\n          \"info\": \"\",\n          \"isSelectable\": true\n        },\n        \" :a<7c\": {\n          \"name\": \"E \",\n          \"ay\": 1978,\n          \"assign\": [\n            \"}P$9\"\n          ],\n          \"match\": [],\n          \"satisfy\": [],\n          \"url\": \"https://b224qch42a43a83sj0iqzaobpaorel3e77yg5hsla5tfs3.1.cye/A!N9AT4C/'()s/D/.%F1%80%9B%BDTAFie5/ggb%F4%8F%BF%B3(3be1e/JW/%F0%AF%B4%85~a!_e&Y:/(I:/%F3%B0%A5%87DTF\",\n          \"info\": \"c0P%tcz]:H\",\n          \"isSelectable\": true\n        },\n        \"\": {\n          \"name\": \"tQA4]^UwsY\",\n          \"ay\": 1956,\n          \"assign\": \"#A \\\"W<VQ\",\n          \"match\": {\n            \"pattern\": \"XE75\",\n            \"exclude\": \"KL6M\",\n            \"info\": \"\"\n          },\n          \"satisfy\": {\n            \"or\": []\n          },\n          \"url\": \"http://wi6-0db6-cf--q-9dl96af5kztfcaaky-5m9.53pl5zri3-bm82x2m7.8.kegmvhqxkp/*/K/5+%2B+be2'c/hfee2;+N;Q/%24c/D+W/g%28/,e4p.pPsJF/X=,RxX\",\n          \"info\": \"vD!_Pz\\\"A\",\n          \"isSelectable\": true\n        },\n        \"675Wf!cQm\": {\n          \"ay\": 1955,\n          \"assign\": \"\",\n          \"satisfy\": {\n            \"and\": []\n          },\n          \"url\": \"http://zk5k.9.clb4zh4u98wijq-c.f.aey/s5Hh4m(/%F3%83%A1%81;8Mlp/mgB/vvy%F4%8D%8E%994/Ji)RQ3;/Bsi=%F3%89%9A%B3R\",\n          \"isSelectable\": true,\n          \"x!m$\": {\n            \"name\": \"Eu\",\n            \"assign\": [\n              \"&#\",\n              \"+HyC?p\",\n              \"Z2p3X>G\",\n              \"jq4}\"\n            ],\n            \"satisfy\": [\n              {\n                \"and\": [\n                  \"gX>\",\n                  {\n                    \"and\": [\n                      \"bL\"\n                    ]\n                  },\n                  {\n                    \"or\": [\n                      {\n                        \"and\": [\n                          \"\"\n                        ]\n                      }\n                    ]\n                  },\n                  {\n                    \"and\": [\n                      \"ydsDpX'V\",\n                      \"s?\",\n                      \"F\\\"VE\",\n                      {\n                        \"mc\": \"<=57\"\n                      },\n                      \"i9\"\n                    ]\n                  }\n                ]\n              },\n              {\n                \"mc\": \"<=179\"\n              },\n              \"\",\n              {\n                \"or\": []\n              }\n            ],\n            \"url\": \"https://dqww7bzfvx.kjbs57sud-js1co4oruda97.daan6hzrujb.sznxdyh1am1n7jen70.dexoc//&io/C%EF%90%9FO1/%F4%8E%97%A0/=/s,%F3%9A%96%BBS\",\n            \"info\": \"!!g!Qj\",\n            \"isSelectable\": true,\n            \"A$_x~\\\"L|1\": {\n              \"name\": \"B7R!yW[i(%\",\n              \"ay\": 1954,\n              \"assign\": [\n                \"|Q@')wqF[F\"\n              ],\n              \"match\": {\n                \"pattern\": \"WP38\",\n                \"exclude\": [\n                  \"KNZ*95B\",\n                  \"SSS071\",\n                  \"DRAx73L\",\n                  \"ALC30x9M\",\n                  \"EQF08\"\n                ],\n                \"info\": \"77g? &xw\"\n              },\n              \"satisfy\": \"qN^7\",\n              \"url\": \"http://cf22dda-1vc3flojzp2ax7l2465ibykkxxknox7x2k3nnub7ybdmnadql3g.f22z2kv77fpxl8brkylbf9m5iuemiho1c9ov7cye3vols9i80ez.vnij.atacrccjwe/%F1%9F%84%8CcE%F1%8F%BC%9Cp\",\n              \"info\": \"\",\n              \"isSelectable\": true\n            },\n            \"\": {\n              \"name\": \"#A\\\"/7{z!\",\n              \"ay\": 1955,\n              \"assign\": [\n                \"I!CN\"\n              ],\n              \"match\": {\n                \"and\": [\n                  {\n                    \"and\": [\n                      {\n                        \"or\": [\n                          \"GGM33Q\",\n                          \"LWB402V\",\n                          \"QG0x7*\"\n                        ]\n                      }\n                    ]\n                  },\n                  {\n                    \"pattern\": \"UJY1\",\n                    \"info\": \"\"\n                  },\n                  {\n                    \"and\": []\n                  },\n                  {\n                    \"or\": [\n                      {\n                        \"and\": [\n                          \"DO*1P\",\n                          {\n                            \"pattern\": \"FVA4\",\n                            \"exclude\": [\n                              \"CJO8978\",\n                              \"OCA79x\",\n                              \"BL2807R\"\n                            ],\n                            \"info\": \"-o6\"\n                          }\n                        ]\n                      },\n                      {\n                        \"and\": [\n                          \"BQ866W\",\n                          \"FQ489W\",\n                          \"PY0509P\",\n                          \"NR0P\"\n                        ]\n                      },\n                      {\n                        \"or\": []\n                      },\n                      \"YUK0738\",\n                      {\n                        \"or\": [\n                          \"CE0268C\"\n                        ]\n                      }\n                    ]\n                  },\n                  {\n                    \"and\": [\n                      {\n                        \"and\": [\n                          {\n                            \"or\": [\n                              \"KAX427*U\",\n                              \"JKE687\",\n                              \"IQM883*\",\n                              \"HS13C\"\n                            ]\n                          },\n                          \"RBY376C\"\n                        ]\n                      },\n                      {\n                        \"and\": [\n                          {\n                            \"or\": []\n                          },\n                          {\n                            \"or\": []\n                          },\n                          \"US80**\"\n                        ]\n                      },\n                      {\n                        \"pattern\": \"LXH0\",\n                        \"exclude\": [\n                          \"LRK4*7P\",\n                          \"PW*\",\n                          \"DKB51K\",\n                          \"VU2151\"\n                        ],\n                        \"info\": \"^y}y]\"\n                      },\n                      {\n                        \"pattern\": \"XDC15\",\n                        \"info\": \"*S3B\"\n                      },\n                      \"DVS8x0\"\n                    ]\n                  }\n                ]\n              },\n              \"satisfy\": {\n                \"or\": []\n              },\n              \"url\": \"http://f59wu3zh9rfu6468la51kkb1fwcadsiecm.y46r4mqsbvhln8lmikdyag4e8ux7cfr-q.rvgbzjbco/ezC(9:/Y/X9(dLl/aD,)W4UgmL/M&,/BPZL+9I/Hx-/Rq$l61c/_z8a/\",\n              \"info\": \"\\\\j=Tha3MR\",\n              \"isSelectable\": true\n            }\n          },\n          \"M\": {\n            \"name\": \"|  =>z%}p\",\n            \"ay\": 2009,\n            \"assign\": \"~$Xq&#CN#\",\n            \"match\": [\n              \"SI37*4\",\n              {\n                \"and\": [\n                  {\n                    \"and\": []\n                  },\n                  \"ZUL2\"\n                ]\n              }\n            ],\n            \"satisfy\": \"\",\n            \"url\": \"https://b7zeae6as1.h.b2pj7kf50p79o0cjt-uft36h4m-kjlev45h98pb13hs2fezaykm819o.wihw/&\",\n            \"isSelectable\": true,\n            \"-2\": {\n              \"name\": \"(_y\",\n              \"ay\": 1973,\n              \"assign\": [],\n              \"satisfy\": [],\n              \"info\": \"\",\n              \"isSelectable\": true\n            }\n          },\n          \"#71\": {\n            \"name\": \"T!%&\\\"$B!\",\n            \"assign\": [],\n            \"match\": {\n              \"or\": [\n                {\n                  \"or\": [\n                    \"RO7*K\",\n                    {\n                      \"pattern\": \"WN50x4P\",\n                      \"exclude\": [\n                        \"LU5988\",\n                        \"TL09\",\n                        \"DF0*7\",\n                        \"HS0\",\n                        \"CM1*\"\n                      ]\n                    },\n                    \"QO*5*0M\",\n                    \"FZ9804H\",\n                    \"KJX7\"\n                  ]\n                },\n                {\n                  \"or\": [\n                    \"RMN17*5N\",\n                    \"NII20*6E\",\n                    \"QIL1293\"\n                  ]\n                },\n                {\n                  \"pattern\": \"RM447M\",\n                  \"exclude\": [],\n                  \"info\": \"J569@r,e\"\n                },\n                {\n                  \"and\": [\n                    {\n                      \"pattern\": \"SX5432\",\n                      \"exclude\": [\n                        \"SQ3xx7\",\n                        \"AVP1\",\n                        \"TSJ64\",\n                        \"JGX*9*7\"\n                      ],\n                      \"info\": \"jfl\"\n                    },\n                    {\n                      \"or\": []\n                    },\n                    {\n                      \"pattern\": \"EI*G\",\n                      \"info\": \"}'Q*)J\\\\2\"\n                    },\n                    \"BHM39F\",\n                    \"PN2x*S\"\n                  ]\n                },\n                {\n                  \"or\": [\n                    \"BNE5x18Y\",\n                    \"OE5961T\",\n                    \"AWF932*D\"\n                  ]\n                }\n              ]\n            },\n            \"satisfy\": [\n              {\n                \"mc\": \"<=193\"\n              },\n              {\n                \"and\": [\n                  \",a$`%ex\",\n                  {\n                    \"mc\": \"<=4\"\n                  },\n                  {\n                    \"or\": [\n                      \"L3Tr[C.@\",\n                      \"oA\"\n                    ]\n                  },\n                  {\n                    \"mc\": \">=85\"\n                  }\n                ]\n              },\n              {\n                \"or\": []\n              }\n            ],\n            \"url\": \"https://g.tb5.abfb.dmyd5ca.njadyxim/x:_D/t\",\n            \"info\": \"]8B]#Cg<;G\",\n            \"isSelectable\": true\n          },\n          \"$<\": {\n            \"name\": \"\",\n            \"ay\": 1954,\n            \"assign\": [\n              \"VSqv[|vg{\",\n              \"QfWh\\\"f^\",\n              \"/s'&&\",\n              \"=\\\"P\"\n            ],\n            \"match\": [\n              {\n                \"pattern\": \"BE9\",\n                \"exclude\": [\n                  \"QMB8T\",\n                  \"QUX934Y\"\n                ]\n              }\n            ],\n            \"satisfy\": {\n              \"and\": [\n                {\n                  \"or\": [\n                    {\n                      \"and\": [\n                        \"&/J<{ajb\",\n                        {\n                          \"or\": [\n                            \"\",\n                            {\n                              \"or\": [\n                                \"C51n\\\"D\",\n                                \"/F)7\",\n                                \"I6jRBk=;i!\"\n                              ]\n                            },\n                            \"PV7ur Z\",\n                            \"s\"\n                          ]\n                        }\n                      ]\n                    },\n                    \"zD2\",\n                    {\n                      \"and\": [\n                        \"pOtikmp\\\"X\",\n                        {\n                          \"mc\": \"<=71\"\n                        },\n                        \"7\"\n                      ]\n                    }\n                  ]\n                },\n                {\n                  \"and\": [\n                    \"AU9Xx%i{\"\n                  ]\n                }\n              ]\n            },\n            \"url\": \"https://a45kjxab4xk9d--cicg5bavi1-4mgpiwrta32ou4ov.tli/:l&(-6RIfc/y_;/db/V(%F4%8F%BF%BAgfFck//=o~~YnQgY=\",\n            \"info\": \"y4=>9lY\"\n          },\n          \"\": {\n            \"name\": \">\",\n            \"ay\": 1973,\n            \"assign\": \"\",\n            \"match\": [\n              {\n                \"or\": [\n                  {\n                    \"or\": [\n                      \"ZBQx3\",\n                      {\n                        \"pattern\": \"KI529U\",\n                        \"exclude\": \"OG63\"\n                      },\n                      {\n                        \"pattern\": \"NRx8*6\",\n                        \"info\": \"qESm\"\n                      },\n                      {\n                        \"and\": [\n                          \"DZ2\",\n                          \"QU86\"\n                        ]\n                      }\n                    ]\n                  },\n                  {\n                    \"or\": [\n                      {\n                        \"and\": []\n                      },\n                      {\n                        \"and\": [\n                          \"QK*7\",\n                          {\n                            \"and\": [\n                              \"CJ71P\",\n                              \"LR19*7U\",\n                              {\n                                \"pattern\": \"QEBx\",\n                                \"exclude\": \"UKZ4U\",\n                                \"info\": \"6^\"\n                              },\n                              {\n                                \"or\": [\n                                  \"NV1xx\",\n                                  {\n                                    \"or\": []\n                                  }\n                                ]\n                              }\n                            ]\n                          },\n                          \"DOIx0\",\n                          {\n                            \"and\": [\n                              \"EDI06*8\",\n                              {\n                                \"and\": [\n                                  \"NEx886\"\n                                ]\n                              },\n                              \"YAV0\",\n                              \"MA3502\"\n                            ]\n                          },\n                          \"DNV7*x4D\"\n                        ]\n                      },\n                      {\n                        \"pattern\": \"IXR67\",\n                        \"info\": \"-ow^(*L\"\n                      }\n                    ]\n                  },\n                  \"QGA8462\",\n                  {\n                    \"or\": [\n                      {\n                        \"pattern\": \"RZ71\",\n                        \"info\": \" 4htA%cuK6\"\n                      },\n                      \"VT**4B\",\n                      {\n                        \"or\": [\n                          \"DM0D\",\n                          \"WNG6969\",\n                          \"YLR8598\",\n                          \"YM6055\"\n                        ]\n                      },\n                      {\n                        \"or\": [\n                          \"ROH8*\"\n                        ]\n                      },\n                      \"KBW55x6\"\n                    ]\n                  },\n                  {\n                    \"pattern\": \"KCQ6796\",\n                    \"exclude\": \"CD6789F\",\n                    \"info\": \"D'+;~&^;.\"\n                  }\n                ]\n              },\n              {\n                \"and\": [\n                  {\n                    \"and\": [\n                      \"IPI922xR\",\n                      {\n                        \"pattern\": \"IIV4E\",\n                        \"exclude\": [],\n                        \"info\": \"DVyuhAz6\"\n                      },\n                      {\n                        \"pattern\": \"OT1*7xK\",\n                        \"exclude\": [],\n                        \"info\": \"d\"\n                      },\n                      \"QI2K\",\n                      {\n                        \"and\": []\n                      }\n                    ]\n                  }\n                ]\n              },\n              {\n                \"and\": [\n                  \"UKO7\"\n                ]\n              },\n              {\n                \"pattern\": \"RBH80L\",\n                \"exclude\": \"WCXx\",\n                \"info\": \"w\"\n              }\n            ],\n            \"satisfy\": [],\n            \"info\": \"\",\n            \"isSelectable\": true\n          }\n        },\n        \"~E$\": {\n          \"assign\": [],\n          \"match\": {\n            \"or\": []\n          },\n          \"satisfy\": {\n            \"and\": []\n          },\n          \"url\": \"https://js4qe84n4m1dzo4a7raub4y9p6.t.tvztce2ioh7dkkph2yvo.1e0ng.emrthgtp/d,%F2%B4%A9%BC/wbt//aQ4z/%F2%9E%9B%91KY$4zBs\",\n          \"isSelectable\": true,\n          \")bY)}\\\"LF\": {\n            \"name\": \"RV\",\n            \"ay\": 2014,\n            \"assign\": \"m*h7$\",\n            \"match\": {\n              \"pattern\": \"CJX454L\",\n              \"exclude\": \"ZP8H\"\n            },\n            \"satisfy\": [\n              {\n                \"and\": []\n              },\n              \"0m\",\n              \"h*,y@W -Ja\"\n            ],\n            \"url\": \"http://9nsu29bty8sykppcm2117fjo5ahjdaweprdmo1xi.v5r1myn-8jwhbmq-lkahhwvd3-xeqgp.havvxn/%F1%85%85%86RwLe/0f.\"\n          },\n          \"<U,\\\\ n!i\": {\n            \"name\": \";;vqd~&D=\",\n            \"ay\": 1995,\n            \"assign\": \"\",\n            \"match\": [],\n            \"satisfy\": \"ID~s)|w\",\n            \"url\": \"http://ei7m44hr1tfuov0dizek9usmdf6dgcy2f91vmfejv6dxl6.zzavgoa/~%F3%87%97%83%F2%AF%99%97/@W9KWSEtP\",\n            \"info\": \"N53V*s.\",\n            \"isSelectable\": true\n          },\n          \"4Zsf\": {\n            \"name\": \"]A E=C;\",\n            \"assign\": \"dC^}c+S\",\n            \"match\": [\n              {\n                \"or\": [\n                  {\n                    \"pattern\": \"KCF509\",\n                    \"exclude\": \"HLH5630J\"\n                  },\n                  {\n                    \"and\": [\n                      \"FZ2x\",\n                      \"QQ5*5Z\",\n                      \"OXL7Y\",\n                      {\n                        \"pattern\": \"UDN432U\",\n                        \"exclude\": \"BNH2x6\",\n                        \"info\": \"m>=D \"\n                      },\n                      \"CF56A\"\n                    ]\n                  },\n                  {\n                    \"or\": [\n                      \"UK*xV\"\n                    ]\n                  }\n                ]\n              }\n            ],\n            \"satisfy\": [\n              {\n                \"and\": [\n                  {\n                    \"or\": [\n                      \"W \",\n                      {\n                        \"or\": [\n                          \"\\\\&\",\n                          \"*\\\"%L\",\n                          {\n                            \"mc\": \"<=155\"\n                          }\n                        ]\n                      },\n                      \"3St)G^rnE,\",\n                      {\n                        \"and\": [\n                          \"tkNBYeTG\",\n                          \"C\",\n                          \"1e\\\"RXCQ\"\n                        ]\n                      }\n                    ]\n                  },\n                  {\n                    \"and\": [\n                      {\n                        \"and\": [\n                          \"W0?7Hq_gC\"\n                        ]\n                      }\n                    ]\n                  }\n                ]\n              },\n              \"wn(\",\n              {\n                \"mc\": \">=34\"\n              },\n              \"4! 6u;Bb\",\n              {\n                \"or\": [\n                  {\n                    \"and\": [\n                      \"D.u[IS\",\n                      {\n                        \"and\": [\n                          \"T\",\n                          {\n                            \"mc\": \">=58\"\n                          },\n                          \"e!'dp! 7im\",\n                          {\n                            \"and\": [\n                              {\n                                \"or\": [\n                                  \"b2KD\",\n                                  \"\"\n                                ]\n                              },\n                              {\n                                \"mc\": \">=106\"\n                              },\n                              \"lF9[h?8\",\n                              \"GiZ\"\n                            ]\n                          },\n                          {\n                            \"and\": [\n                              \"o]op$p\",\n                              \"<\",\n                              \"xJ\"\n                            ]\n                          }\n                        ]\n                      },\n                      {\n                        \"and\": [\n                          \"S#1J1~\",\n                          \"]\"\n                        ]\n                      },\n                      \"z2\",\n                      {\n                        \"or\": []\n                      }\n                    ]\n                  }\n                ]\n              }\n            ],\n            \"url\": \"https://purffzm1sb-8odqbkfqyuctgxm-3dnhbvkx3mjv43lvm487b4503dm8k19b6tk.zen50qwf8rl68qif-za.cvf/ukZ%F4%80%9E%8ARi;EXM/%F3%87%B6%B1%F1%A4%BF%B38e2K/jQYh_wZ/hSc.K4,/Wmnp1B!/w5-mr7//*XS/\",\n            \"info\": \"52\",\n            \"isSelectable\": true,\n            \"R{Lf:ws\": {\n              \"name\": \"NA}BIM(\",\n              \"ay\": 1960,\n              \"assign\": \"Iy*{A$gbB;\",\n              \"match\": [\n                {\n                  \"and\": [\n                    \"LX8740\"\n                  ]\n                },\n                \"BH68\",\n                \"UV4\",\n                {\n                  \"and\": [\n                    {\n                      \"and\": [\n                        \"VFC313x\",\n                        {\n                          \"and\": [\n                            {\n                              \"pattern\": \"SIP77G\",\n                              \"exclude\": \"GG014D\",\n                              \"info\": \"~cz&q+\"\n                            }\n                          ]\n                        }\n                      ]\n                    },\n                    {\n                      \"and\": [\n                        {\n                          \"or\": [\n                            \"BW4M\"\n                          ]\n                        },\n                        {\n                          \"pattern\": \"ZUK7751\",\n                          \"info\": \"nPU\"\n                        }\n                      ]\n                    },\n                    {\n                      \"and\": [\n                        {\n                          \"and\": [\n                            \"DKM925I\",\n                            {\n                              \"and\": [\n                                \"UKN470W\",\n                                \"SI0351\",\n                                {\n                                  \"or\": [\n                                    \"TR016N\",\n                                    \"QP7970G\"\n                                  ]\n                                }\n                              ]\n                            },\n                            {\n                              \"or\": [\n                                \"MO49D\",\n                                \"XFM82*6Y\",\n                                \"IT4K\"\n                              ]\n                            },\n                            \"TN613\",\n                            {\n                              \"pattern\": \"GH04V\",\n                              \"exclude\": [\n                                \"OAH2Y\",\n                                \"DYY9\",\n                                \"HZF136\",\n                                \"AP9x\",\n                                \"RP697\"\n                              ],\n                              \"info\": \"\"\n                            }\n                          ]\n                        },\n                        \"MGN*07\"\n                      ]\n                    }\n                  ]\n                },\n                {\n                  \"or\": [\n                    {\n                      \"or\": [\n                        {\n                          \"pattern\": \"YWC20\",\n                          \"exclude\": [\n                            \"VHA4C\",\n                            \"SO9D\",\n                            \"AY7x87\"\n                          ],\n                          \"info\": \"~h\"\n                        },\n                        {\n                          \"and\": []\n                        }\n                      ]\n                    },\n                    {\n                      \"pattern\": \"QM3468\",\n                      \"exclude\": [\n                        \"DMWx65*Z\",\n                        \"MB902W\"\n                      ],\n                      \"info\": \"J;R4q\"\n                    },\n                    {\n                      \"and\": [\n                        {\n                          \"and\": [\n                            \"HTE81R\",\n                            {\n                              \"or\": [\n                                \"HFM106\",\n                                \"EN206B\",\n                                {\n                                  \"pattern\": \"ZBQ*\",\n                                  \"exclude\": [\n                                    \"AS7E\"\n                                  ],\n                                  \"info\": \"[u2g*yS\"\n                                }\n                              ]\n                            }\n                          ]\n                        },\n                        {\n                          \"and\": [\n                            \"XC6\"\n                          ]\n                        }\n                      ]\n                    }\n                  ]\n                }\n              ],\n              \"satisfy\": {\n                \"or\": [\n                  {\n                    \"or\": [\n                      \"?zSyC\",\n                      \"]7vcE<X`M\",\n                      {\n                        \"and\": [\n                          {\n                            \"or\": []\n                          },\n                          \"\",\n                          {\n                            \"or\": [\n                              \"R$gc(Xf5\"\n                            ]\n                          },\n                          {\n                            \"mc\": \">=71\"\n                          },\n                          \"ki)7J\"\n                        ]\n                      }\n                    ]\n                  },\n                  {\n                    \"or\": []\n                  },\n                  {\n                    \"and\": []\n                  },\n                  \"Ne,47C@\"\n                ]\n              },\n              \"url\": \"http://tu35hn0rzi46o4omza3px7irlz1o4f74smdz8tz.h-e63k2lg0uuozn7jhid6b3u2p1v352y6d87ojwmya0bbvw1xn17vy6p47l8176.873fb0ifj4sw9kuiye8f1gea2c25roglrkc7zs7radd0gt2vahnn5v.ezftux//~2&19/5\",\n              \"info\": \"1Yq='\",\n              \"isSelectable\": true\n            },\n            \"C\\\"hIZ\": {\n              \"assign\": [\n                \"X2kJ\",\n                \"8Ar.A-dT/x\",\n                \"<D}SJ\"\n              ],\n              \"match\": {\n                \"pattern\": \"IL*\",\n                \"exclude\": [\n                  \"HVN*4*I\",\n                  \"KF6x75\"\n                ]\n              },\n              \"url\": \"https://6mux3k4fba1vd7joptxvtdc.5.8imn3ltj03yw190krlmpvhp-yx153p0jt2zfz9ht43m8h.wwm5rwmvu4cvr0z5rkn7z.26qgwr-36wvg4.hjaxzuu/Z%F2%A1%AD%AA%F4%81%9F%A9%F3%82%8C%9AG+:/e8HI*fg&W\",\n              \"info\": \"s\",\n              \"isSelectable\": true\n            },\n            \"a<\\\\T@Y}dS\": {\n              \"name\": \";Oo$zl*d_\\\\\",\n              \"ay\": 1952,\n              \"assign\": [\n                \"5,Dg&,\",\n                \"\",\n                \"IW\\\"\"\n              ],\n              \"match\": \"BE3x9M\",\n              \"info\": \"_@3LA>jo&\",\n              \"isSelectable\": true\n            }\n          },\n          \"Nf29\\\\RA`*\": {\n            \"ay\": 1966,\n            \"assign\": \"\",\n            \"match\": {\n              \"pattern\": \"DRR755\",\n              \"exclude\": [\n                \"QB*x6\",\n                \"YS7Z\"\n              ],\n              \"info\": \":R\"\n            },\n            \"url\": \"http://oc79tdhw5lq7jb.g.ggfpzmy/%F3%BF%B0%B4-9%F2%9F%BF%93a%F0%B6%B3%86q\",\n            \"info\": \"D%zlLW\"\n          },\n          \"G:2rL<bu\": {\n            \"name\": \"=RxzDC[w@1\",\n            \"match\": [\n              {\n                \"or\": [\n                  \"YJBx694A\",\n                  \"GI2137\",\n                  \"TAC2F\"\n                ]\n              }\n            ],\n            \"satisfy\": [\n              {\n                \"and\": [\n                  {\n                    \"and\": [\n                      \"x UF6z8y\",\n                      \"t3!\",\n                      {\n                        \"mc\": \"<=184\"\n                      }\n                    ]\n                  },\n                  {\n                    \"mc\": \">=194\"\n                  },\n                  {\n                    \"and\": [\n                      {\n                        \"and\": []\n                      },\n                      {\n                        \"or\": [\n                          \"H5%W0+wt\"\n                        ]\n                      },\n                      {\n                        \"and\": [\n                          \"?~\\\"$%\",\n                          \":+Hs7NH_pN\"\n                        ]\n                      },\n                      \"BteX\\\"`\",\n                      \"kxM2n2y~E\"\n                    ]\n                  },\n                  {\n                    \"and\": []\n                  },\n                  {\n                    \"and\": [\n                      \")mxD@yIg\",\n                      {\n                        \"or\": [\n                          {\n                            \"and\": [\n                              \"=g2D.\",\n                              {\n                                \"or\": [\n                                  \"Xg\",\n                                  \"G\",\n                                  \"s[7h>HL</\",\n                                  \"*#d1\",\n                                  \"\"\n                                ]\n                              },\n                              {\n                                \"mc\": \"<=99\"\n                              },\n                              \"\"\n                            ]\n                          },\n                          \"d3n+h+VY\",\n                          \"fR2ev,` E\"\n                        ]\n                      },\n                      \"*u\",\n                      \"~DfA\"\n                    ]\n                  }\n                ]\n              },\n              {\n                \"and\": [\n                  {\n                    \"or\": [\n                      \"4,4P\"\n                    ]\n                  }\n                ]\n              },\n              \"&)\\\"\",\n              {\n                \"or\": [\n                  {\n                    \"mc\": \">=112\"\n                  },\n                  {\n                    \"mc\": \">=145\"\n                  },\n                  {\n                    \"mc\": \">=108\"\n                  },\n                  {\n                    \"and\": [\n                      {\n                        \"or\": [\n                          {\n                            \"and\": [\n                              \"i}P,q5O\",\n                              {\n                                \"mc\": \"<=12\"\n                              }\n                            ]\n                          },\n                          \"G3twvDf4\",\n                          \"E_p]'/`\",\n                          \"\\\"\\\\.(\",\n                          \"Y>\"\n                        ]\n                      },\n                      \"J7-7B=Zvh\",\n                      {\n    
[...]
              "isHook": false,
              "skipped": false
            },
            {
              "title": "should preserve list of modules with upper bound of MCs if total MC count is equal",
              "fullTitle": "inequalitySatisfier should preserve list of modules with upper bound of MCs if total MC count is equal",
              "timedOut": false,
              "duration": 0,
              "state": "passed",
              "speed": "fast",
              "pass": true,
              "fail": false,
              "pending": false,
              "context": null,
              "code": "const satisfier = (0, satisfiers_1.inequalitySatisfier)(ref, \"<=28\");\nsatisfier.should.have.property(\"filter\");\nconst { filter } = satisfier;\nisCorrectFilter(filter, modulesList1, modulesList1.map(([moduleStr]) => moduleStr));",
              "err": {},
              "uuid": "db86316b-af06-4f4d-90b5-81fadd3a21fc",
              "parentUUID": "f242cb1f-f648-445f-b7e3-1fa92085ef46",
              "isHook": false,
              "skipped": false
            },
            {
              "title": "should preserve list of modules with upper bound of MCs if total MC count is lower",
              "fullTitle": "inequalitySatisfier should preserve list of modules with upper bound of MCs if total MC count is lower",
              "timedOut": false,
              "duration": 0,
              "state": "passed",
              "speed": "fast",
              "pass": true,
              "fail": false,
              "pending": false,
              "context": null,
              "code": "const satisfier = (0, satisfiers_1.inequalitySatisfier)(ref, \"<=32\");\nsatisfier.should.have.property(\"filter\");\nconst { filter } = satisfier;\nisCorrectFilter(filter, modulesList1, modulesList1.map(([moduleStr]) => moduleStr));",
              "err": {},
              "uuid": "ab4e732c-c48d-43a6-bc28-fdaa6d21a3bb",
              "parentUUID": "f242cb1f-f648-445f-b7e3-1fa92085ef46",
              "isHook": false,
              "skipped": false
            },
            {
              "title": "should truncate list of modules with upper bound of MCs at exact cutoff if total MC count is higher and there exists some starting sequence with exact MC count",
              "fullTitle": "inequalitySatisfier should truncate list of modules with upper bound of MCs at exact cutoff if total MC count is higher and there exists some starting sequence with exact MC count",
              "timedOut": false,
              "duration": 0,
              "state": "passed",
              "speed": "fast",
              "pass": true,
              "fail": false,
              "pending": false,
              "context": null,
              "code": "const satisfier = (0, satisfiers_1.inequalitySatisfier)(ref, \"<=16\");\nsatisfier.should.have.property(\"filter\");\nconst { filter } = satisfier;\nisCorrectFilter(filter, modulesList1, [\n    \"CS2100\",\n    \"GER1000\",\n    \"CS2040S\",\n    \"ST2131\",\n]);",
              "err": {},
              "uuid": "72ce68e2-9b90-494d-9009-824d1e8cec23",
              "parentUUID": "f242cb1f-f648-445f-b7e3-1fa92085ef46",
              "isHook": false,
              "skipped": false
            },
            {
              "title": "should truncate list of modules with upper bound of MCs, cutting off at the minimum starting sequence that exceeds upper bound, if total MC count is higher and there exists no starting sequence with exact MC count",
              "fullTitle": "inequalitySatisfier should truncate list of modules with upper bound of MCs, cutting off at the minimum starting sequence that exceeds upper bound, if total MC count is higher and there exists no starting sequence with exact MC count",
              "timedOut": false,
              "duration": 0,
              "state": "passed",
              "speed": "fast",
              "pass": true,
              "fail": false,
              "pending": false,
              "context": null,
              "code": "const satisfier = (0, satisfiers_1.inequalitySatisfier)(ref, \"<=17\");\nsatisfier.should.have.property(\"filter\");\nconst { filter } = satisfier;\nisCorrectFilter(filter, modulesList1, [\n    \"CS2100\",\n    \"GER1000\",\n    \"CS2040S\",\n    \"ST2131\",\n    \"MA1521\",\n]);",
              "err": {},
              "uuid": "8ba7a551-716c-4c51-9e37-0057284fadfd",
              "parentUUID": "f242cb1f-f648-445f-b7e3-1fa92085ef46",
              "isHook": false,
              "skipped": false
            }
          ],
          "suites": [],
          "passes": [
            "ff89938c-8a89-4f6d-8ac0-73168f647389",
            "4e3284f3-da37-4d38-adcd-9d25ff3cc0fe",
            "2285a67b-980c-4b60-9d1f-c6124bcbeecb",
            "db86316b-af06-4f4d-90b5-81fadd3a21fc",
            "ab4e732c-c48d-43a6-bc28-fdaa6d21a3bb",
            "72ce68e2-9b90-494d-9009-824d1e8cec23",
            "8ba7a551-716c-4c51-9e37-0057284fadfd"
          ],
          "failures": [],
          "pending": [],
          "skipped": [],
          "duration": 2,
          "root": false,
          "rootEmpty": false,
          "_timeout": 2000
        },
        {
          "uuid": "240451cb-7837-4733-8da2-863b0bda9cbf",
          "title": "inequalitySchema",
          "fullFile": "/home/runner/work/planwithus-lib/planwithus-lib/src/satisfyRule/inequality/schemas.test.ts",
          "file": "/src/satisfyRule/inequality/schemas.test.ts",
          "beforeHooks": [],
          "afterHooks": [],
          "tests": [
            {
              "title": "should validate inequality in the form <=n or >=n",
              "fullTitle": "inequalitySchema should validate inequality in the form <=n or >=n",
              "timedOut": false,
              "duration": 1,
              "state": "passed",
              "speed": "fast",
              "pass": true,
              "fail": false,
              "pending": false,
              "context": "[\n  {\n    \"title\": \"inequality sample 0\",\n    \"value\": \"<=151\"\n  },\n  {\n    \"title\": \"inequality sample 1\",\n    \"value\": \"<=199\"\n  },\n  {\n    \"title\": \"inequality sample 2\",\n    \"value\": \">=40\"\n  },\n  {\n    \"title\": \"inequality sample 3\",\n    \"value\": \"<=146\"\n  },\n  {\n    \"title\": \"inequality sample 4\",\n    \"value\": \">=6\"\n  },\n  {\n    \"title\": \"inequality sample 5\",\n    \"value\": \"<=82\"\n  },\n  {\n    \"title\": \"inequality sample 6\",\n    \"value\": \">=5\"\n  },\n  {\n    \"title\": \"inequality sample 7\",\n    \"value\": \"<=1\"\n  },\n  {\n    \"title\": \"inequality sample 8\",\n    \"value\": \">=193\"\n  },\n  {\n    \"title\": \"inequality sample 9\",\n    \"value\": \">=55\"\n  }\n]",
              "code": "(0, fast_check_1.sample)(index_test_2.inequality, 10).forEach((sample, i) => (0, addContext_1.default)(this, {\n    title: `inequality sample ${i}`,\n    value: sample,\n}));\nreturn (0, fast_check_1.assert)((0, fast_check_1.property)(index_test_2.inequality, ajvValidate));",
              "err": {},
              "uuid": "0e27a0d7-3d20-444b-8402-2d895029355e",
              "parentUUID": "240451cb-7837-4733-8da2-863b0bda9cbf",
              "isHook": false,
              "skipped": false
            },
            {
              "title": "should not validate inequality of invalid form",
              "fullTitle": "inequalitySchema should not validate inequality of invalid form",
              "timedOut": false,
              "duration": 1,
              "state": "passed",
              "speed": "fast",
              "pass": true,
              "fail": false,
              "pending": false,
              "context": null,
              "code": "[\n        \"\",\n        \"==23\",\n        \"23\",\n        \"<23\",\n        \">23\",\n        \"<=-1\",\n        \">=-1\",\n        \"<= 2\",\n        \">= 1\",\n        \"> 3\",\n        \"< 3\",\n        \"<=3a\",\n        \">=3a\",\n        \"a<=3\",\n        \"a>=3\",\n    ].forEach(isInvalidInequality)",
              "err": {},
              "uuid": "4aa1a01a-7688-497d-93b4-0bd162902f56",
              "parentUUID": "240451cb-7837-4733-8da2-863b0bda9cbf",
              "isHook": false,
              "skipped": false
            }
          ],
          "suites": [],
          "passes": [
            "0e27a0d7-3d20-444b-8402-2d895029355e",
            "4aa1a01a-7688-497d-93b4-0bd162902f56"
          ],
          "failures": [],
          "pending": [],
          "skipped": [],
          "duration": 2,
          "root": false,
          "rootEmpty": false,
          "_timeout": 2000
        },
        {
          "uuid": "68c69c67-2791-4dae-adec-bb11c7753b8b",
          "title": "satisfyRuleSchema",
          "fullFile": "/home/runner/work/planwithus-lib/planwithus-lib/src/satisfyRule/schemas.test.ts",
          "file": "/src/satisfyRule/schemas.test.ts",
          "beforeHooks": [],
          "afterHooks": [],
          "tests": [
            {
              "title": "should validate satisfy rule with valid block id",
              "fullTitle": "satisfyRuleSchema should validate satisfy rule with valid block id",
              "timedOut": false,
              "duration": 1,
              "state": "passed",
              "speed": "fast",
              "pass": true,
              "fail": false,
              "pending": false,
              "context": null,
              "code": "0, fast_check_1.assert)((0, fast_check_1.property)((0, fast_check_1.string)(), ajvValidate)",
              "err": {},
              "uuid": "715767c9-e345-4177-9010-32c204fb7965",
              "parentUUID": "68c69c67-2791-4dae-adec-bb11c7753b8b",
              "isHook": false,
              "skipped": false
            },
            {
              "title": "should validate satisfy rules with valid mc",
              "fullTitle": "satisfyRuleSchema should validate satisfy rules with valid mc",
              "timedOut": false,
              "duration": 1,
              "state": "passed",
              "speed": "fast",
              "pass": true,
              "fail": false,
              "pending": false,
              "context": "[\n  {\n    \"title\": \"mcSatisfyRule sample 0\",\n    \"value\": {\n      \"mc\": \"<=145\"\n    }\n  },\n  {\n    \"title\": \"mcSatisfyRule sample 1\",\n    \"value\": {\n      \"mc\": \"<=193\"\n    }\n  },\n  {\n    \"title\": \"mcSatisfyRule sample 2\",\n    \"value\": {\n      \"mc\": \"<=60\"\n    }\n  },\n  {\n    \"title\": \"mcSatisfyRule sample 3\",\n    \"value\": {\n      \"mc\": \"<=4\"\n    }\n  },\n  {\n    \"title\": \"mcSatisfyRule sample 4\",\n    \"value\": {\n      \"mc\": \">=1\"\n    }\n  },\n  {\n    \"title\": \"mcSatisfyRule sample 5\",\n    \"value\": {\n      \"mc\": \">=34\"\n    }\n  },\n  {\n    \"title\": \"mcSatisfyRule sample 6\",\n    \"value\": {\n      \"mc\": \"<=150\"\n    }\n  },\n  {\n    \"title\": \"mcSatisfyRule sample 7\",\n    \"value\": {\n      \"mc\": \"<=159\"\n    }\n  },\n  {\n    \"title\": \"mcSatisfyRule sample 8\",\n    \"value\": {\n      \"mc\": \">=2\"\n    }\n  },\n  {\n    \"title\": \"mcSatisfyRule sample 9\",\n    \"value\": {\n      \"mc\": \"<=1\"\n    }\n  }\n]",
              "code": "(0, fast_check_1.sample)(index_test_2.mcSatisfyRule, 10).forEach((sample, i) => (0, addContext_1.default)(this, {\n    title: `mcSatisfyRule sample ${i}`,\n    value: sample,\n}));\nreturn (0, fast_check_1.assert)((0, fast_check_1.property)(index_test_2.mcSatisfyRule, ajvValidate));",
              "err": {},
              "uuid": "e61c835e-69cd-451e-9946-f46006f55a47",
              "parentUUID": "68c69c67-2791-4dae-adec-bb11c7753b8b",
              "isHook": false,
              "skipped": false
            },
            {
              "title": "should validate valid recursive satisfy rules",
              "fullTitle": "satisfyRuleSchema should validate valid recursive satisfy rules",
              "timedOut": false,
              "duration": 3,
              "state": "passed",
              "speed": "fast",
              "pass": true,
              "fail": false,
              "pending": false,
              "context": "[\n  {\n    \"title\": \"satisfyRule sample 0\",\n    \"value\": \"SgP!\"\n  },\n  {\n    \"title\": \"satisfyRule sample 1\",\n    \"value\": {\n      \"mc\": \"<=18\"\n    }\n  },\n  {\n    \"title\": \"satisfyRule sample 2\",\n    \"value\": {\n      \"mc\": \">=78\"\n    }\n  },\n  {\n    \"title\": \"satisfyRule sample 3\",\n    \"value\": {\n      \"or\": [\n        {\n          \"mc\": \"<=145\"\n        }\n      ]\n    }\n  },\n  {\n    \"title\": \"satisfyRule sample 4\",\n    \"value\": \"W7\"\n  },\n  {\n    \"title\": \"satisfyRule sample 5\",\n    \"value\": \"/Rc9INx\"\n  },\n  {\n    \"title\": \"satisfyRule sample 6\",\n    \"value\": {\n      \"and\": []\n    }\n  },\n  {\n    \"title\": \"satisfyRule sample 7\",\n    \"value\": {\n      \"mc\": \"<=3\"\n    }\n  },\n  {\n    \"title\": \"satisfyRule sample 8\",\n    \"value\": {\n      \"mc\": \">=132\"\n    }\n  },\n  {\n    \"title\": \"satisfyRule sample 9\",\n    \"value\": \"[\"\n  }\n]",
              "code": "(0, fast_check_1.sample)(index_test_2.satisfyRule, 10).forEach((sample, i) => (0, addContext_1.default)(this, {\n    title: `satisfyRule sample ${i}`,\n    value: sample,\n}));\nreturn (0, fast_check_1.assert)((0, fast_check_1.property)(index_test_2.satisfyRule, ajvValidate));",
              "err": {},
              "uuid": "dcf966e3-dbba-4df5-a655-673d845fac7d",
              "parentUUID": "68c69c67-2791-4dae-adec-bb11c7753b8b",
              "isHook": false,
              "skipped": false
            },
            {
              "title": "should not validate non-string/object",
              "fullTitle": "satisfyRuleSchema should not validate non-string/object",
              "timedOut": false,
              "duration": 1,
              "state": "passed",
              "speed": "fast",
              "pass": true,
              "fail": false,
              "pending": false,
              "context": null,
              "code": "const error = {\n    instancePath: \"\",\n    message: \"satisfy rule should be either a string or an object\",\n};\nisInvalidRule(null, error);\nisInvalidRule(undefined, error);\nisInvalidRule(10, error);\nisInvalidRule([12, 24], error);",
              "err": {},
              "uuid": "a665d27b-5a7c-4749-a075-0a35ae5f6983",
              "parentUUID": "68c69c67-2791-4dae-adec-bb11c7753b8b",
              "isHook": false,
              "skipped": false
            },
            {
              "title": "should not validate satisfy rules with extra properties",
              "fullTitle": "satisfyRuleSchema should not validate satisfy rules with extra properties",
              "timedOut": false,
              "duration": 1,
              "state": "passed",
              "speed": "fast",
              "pass": true,
              "fail": false,
              "pending": false,
              "context": null,
              "code": "isInvalidRule({\n        and: [\n            { or: [\"2k\"], abc: \"def\" },\n            { mc: 8, ghi: \"jkl\" },\n        ],\n        mno: \"pqr\",\n    }, {\n        instancePath: \"/and/0\",\n        message: \"or satisfy rule should have property 'or' only\",\n    }, {\n        instancePath: \"/and/1\",\n        message: \"MC satisfy rule should have property 'mc' only\",\n    }, {\n        instancePath: \"\",\n        message: \"and satisfy rule should have property 'and' only\",\n    })",
              "err": {},
              "uuid": "890892f6-8bec-4665-a763-a369e3d9a162",
              "parentUUID": "68c69c67-2791-4dae-adec-bb11c7753b8b",
              "isHook": false,
              "skipped": false
            },
            {
              "title": "should not validate ambiguous satisfy rules",
              "fullTitle": "satisfyRuleSchema should not validate ambiguous satisfy rules",
              "timedOut": false,
              "duration": 0,
              "state": "passed",
              "speed": "fast",
              "pass": true,
              "fail": false,
              "pending": false,
              "context": null,
              "code": "const message = \"satisfy rule should have only one of properties 'mc', 'and', 'or'\";\nisInvalidRule({\n    or: [\n        { mc: 5, and: [\"CS2040\"] },\n        { and: [{ and: [\"abc\"], or: [\"def\"] }] },\n    ],\n}, { instancePath: \"/or/0\", message }, { instancePath: \"/or/1/and/0\", message });",
              "err": {},
              "uuid": "7fff3933-851a-4086-8b73-b64049992d75",
              "parentUUID": "68c69c67-2791-4dae-adec-bb11c7753b8b",
              "isHook": false,
              "skipped": false
            },
            {
              "title": "should not validate and satisfy rules with non-array property",
              "fullTitle": "satisfyRuleSchema should not validate and satisfy rules with non-array property",
              "timedOut": false,
              "duration": 1,
              "state": "passed",
              "speed": "fast",
              "pass": true,
              "fail": false,
              "pending": false,
              "context": null,
              "code": "const message = \"property 'and' should be an array of satisfy rules\";\nisInvalidRule({ or: [{ and: {} }, { or: [{ and: 3 }] }] }, { instancePath: \"/or/0/and\", message }, { instancePath: \"/or/1/or/0/and\", message });",
              "err": {},
              "uuid": "9a347c85-f838-438d-9154-d4dda96e753e",
              "parentUUID": "68c69c67-2791-4dae-adec-bb11c7753b8b",
              "isHook": false,
              "skipped": false
            },
            {
              "title": "should not validate or satisfy rules with non-array property",
              "fullTitle": "satisfyRuleSchema should not validate or satisfy rules with non-array property",
              "timedOut": false,
              "duration": 0,
              "state": "passed",
              "speed": "fast",
              "pass": true,
              "fail": false,
              "pending": false,
              "context": null,
              "code": "const message = \"property 'or' should be an array of satisfy rules\";\nisInvalidRule({ and: [{ or: {} }, { and: [{ or: 3 }] }] }, { instancePath: \"/and/0/or\", message }, { instancePath: \"/and/1/and/0/or\", message });",
              "err": {},
              "uuid": "9c6faf5d-5c73-4a8f-8bc4-73bae47d5802",
              "parentUUID": "68c69c67-2791-4dae-adec-bb11c7753b8b",
              "isHook": false,
              "skipped": false
            }
          ],
          "suites": [],
          "passes": [
            "715767c9-e345-4177-9010-32c204fb7965",
            "e61c835e-69cd-451e-9946-f46006f55a47",
            "dcf966e3-dbba-4df5-a655-673d845fac7d",
            "a665d27b-5a7c-4749-a075-0a35ae5f6983",
            "890892f6-8bec-4665-a763-a369e3d9a162",
            "7fff3933-851a-4086-8b73-b64049992d75",
            "9a347c85-f838-438d-9154-d4dda96e753e",
            "9c6faf5d-5c73-4a8f-8bc4-73bae47d5802"
          ],
          "failures": [],
          "pending": [],
          "skipped": [],
          "duration": 8,
          "root": false,
          "rootEmpty": false,
          "_timeout": 2000
        }
      ],
      "passes": [],
      "failures": [],
      "pending": [],
      "skipped": [],
      "duration": 0,
      "root": true,
      "rootEmpty": true,
      "_timeout": 2000
    }
  ],
  "meta": {
    "mocha": {
      "version": "9.1.2"
    },
    "mochawesome": {
      "options": {
        "quiet": false,
        "reportFilename": "mochawesome",
        "saveHtml": true,
        "saveJson": true,
        "consoleReporter": "spec",
        "useInlineDiffs": false,
        "code": true
      },
      "version": "6.3.0"
    },
    "marge": {
      "options": {
        "reportDir": "docs"
      },
      "version": "5.2.0"
    }
  }
}