{
  "stats": {
    "suites": 10,
    "tests": 48,
    "passes": 48,
    "pending": 0,
    "failures": 0,
    "start": "2021-08-04T07:40:01.476Z",
    "end": "2021-08-04T07:40:01.802Z",
    "duration": 326,
    "testsRegistered": 48,
    "passPercent": 100,
    "pendingPercent": 0,
    "other": 0,
    "hasOther": false,
    "skipped": 0,
    "hasSkipped": false
  },
  "results": [
    {
      "uuid": "37757662-9223-4c8d-95eb-03a9e60dd64a",
      "title": "",
      "fullFile": "",
      "file": "",
      "beforeHooks": [],
      "afterHooks": [],
      "tests": [],
      "suites": [
        {
          "uuid": "8e871852-0c48-446b-b7a6-2d59aba972c1",
          "title": "initDirectories",
          "fullFile": "/home/runner/work/planwithus-lib/planwithus-lib/src/block/schemas.test.ts",
          "file": "/src/block/schemas.test.ts",
          "beforeHooks": [],
          "afterHooks": [],
          "tests": [
            {
              "title": "should parse all blocks with no errors",
              "fullTitle": "initDirectories should parse all blocks with no errors",
              "timedOut": false,
              "duration": 3,
              "state": "passed",
              "speed": "fast",
              "pass": true,
              "fail": false,
              "pending": false,
              "context": null,
              "code": "_1.initDirectories.should.not.throw()",
              "err": {},
              "uuid": "0a2e98a6-6a01-41a5-96a6-c9f508ca1583",
              "parentUUID": "8e871852-0c48-446b-b7a6-2d59aba972c1",
              "isHook": false,
              "skipped": false
            },
            {
              "title": "should produce primary, second & minor directories",
              "fullTitle": "initDirectories should produce primary, second & minor directories",
              "timedOut": false,
              "duration": 3,
              "state": "passed",
              "speed": "fast",
              "pass": true,
              "fail": false,
              "pending": false,
              "context": null,
              "code": "const directories = _1.initDirectories();\ndirectories.should.have.property(\"primary\");\ndirectories.should.have.property(\"second\");\ndirectories.should.have.property(\"minor\");",
              "err": {},
              "uuid": "60cda68b-7c23-4982-841e-56c1d9cc7f1a",
              "parentUUID": "8e871852-0c48-446b-b7a6-2d59aba972c1",
              "isHook": false,
              "skipped": false
            }
          ],
          "suites": [],
          "passes": [
            "0a2e98a6-6a01-41a5-96a6-c9f508ca1583",
            "60cda68b-7c23-4982-841e-56c1d9cc7f1a"
          ],
          "failures": [],
          "pending": [],
          "skipped": [],
          "duration": 6,
          "root": false,
          "rootEmpty": false,
          "_timeout": 2000
        },
        {
          "uuid": "9a1886b5-5c45-4bd5-882f-7e969b11c21b",
          "title": "blockSchema",
          "fullFile": "/home/runner/work/planwithus-lib/planwithus-lib/src/block/schemas.test.ts",
          "file": "/src/block/schemas.test.ts",
          "beforeHooks": [],
          "afterHooks": [],
          "tests": [
            {
              "title": "should validate valid block",
              "fullTitle": "blockSchema should validate valid block",
              "timedOut": false,
              "duration": 189,
              "state": "passed",
              "speed": "slow",
              "pass": true,
              "fail": false,
              "pending": false,
              "context": "[\n  {\n    \"title\": \"block sample 0\",\n    \"value\": {\n      \"name\": \"_H<JLNr\",\n      \"ay\": 1955,\n      \"assign\": [\n        \"|B*\",\n        \"#\\\"yvy\"\n      ],\n      \"match\": [],\n      \"satisfy\": [\n        \"y&\",\n        {\n          \"mc\": \"<=122\"\n        },\n        {\n          \"or\": [\n            \"\",\n            {\n              \"mc\": \"<=137\"\n            },\n            {\n              \"mc\": \">=185\"\n            }\n          ]\n        },\n        {\n          \"mc\": \"<=4\"\n        },\n        {\n          \"or\": [\n            {\n              \"mc\": \"<=34\"\n            },\n            {\n              \"and\": [\n                \"v{Ezy)Y {\",\n                \"\\\" !\"\n              ]\n            },\n            \"UR$%\"\n          ]\n        }\n      ],\n      \"url\": \"https://6-amhptgynktkq3e4pulox0px-073frjugy9u39e9njxt.py4.ds5qmnb888htf5avwa-z5h-7694qldjrfo75raocqx94p3-gwea8r.wzqeyzmvw/g/x-Dd;Oi/(8)qqysi\",\n      \"info\": \"EA{, x%{\\\"`\",\n      \"isSelectable\": true\n    }\n  },\n  {\n    \"title\": \"block sample 1\",\n    \"value\": {\n      \"name\": \"%Pr\",\n      \"ay\": 1952,\n      \"assign\": [\n        \"-~}~G$\\\"S\"\n      ],\n      \"match\": {\n        \"or\": []\n      },\n      \"satisfy\": [\n        \"*uq:zY{\"\n      ],\n      \"url\": \"http://95tc1jt5cmv6ickukfqc6z65rwe0c42-l9e3.2wu3lx2ds9.ifh-7-eu0jrho4qvqzjbaj6stoxzcu3w7fj.drdzymoi/_2I/+=*&dTv+2/(z/P/xe/&$*wY/l/cb\",\n      \"isSelectable\": true\n    }\n  },\n  {\n    \"title\": \"block sample 2\",\n    \"value\": {\n      \"name\": \"ay;nw3v\",\n      \"ay\": 1954,\n      \"assign\": [\n        \"\\\"Sy\",\n        \"&\",\n        \"fz\",\n        \"tcs=^\",\n        \"Rr\"\n      ],\n      \"match\": [\n        {\n          \"pattern\": \"EZ94*G\",\n          \"info\": \"mO\"\n        },\n        {\n          \"pattern\": \"EAF24K\",\n          \"exclude\": [],\n          \"info\": \"}|'W\"\n        }\n      ],\n      \"satisfy\": {\n        \"and\": [\n          \"0>y%$4oW\\\"8\"\n        ]\n      },\n      \"url\": \"https://bbt.ipsou1bt9o1ux5wmzyqym3ytlmht2bvdnkqpyoufnimpsmpgwdpu.ycb/ZGiB(/C_GN-t/yO!n//EQ%F2%A6%9C%8A=d:t26Y/TPdMk/z7YR%E5%9E%95t1U/V*X*2625/ufqa!k~Ji/\",\n      \"info\": \"U{&&\",\n      \"isSelectable\": true,\n      \"BVt%_!DQ{\": {\n        \"assign\": [\n          \"iFYsv@\",\n          \"nz\",\n          \"C\"\n        ],\n        \"match\": {\n          \"and\": [\n            \"AS86*0X\",\n            {\n              \"pattern\": \"UGx4C\",\n              \"info\": \"_RF(HIIL\"\n            }\n          ]\n        },\n        \"satisfy\": {\n          \"or\": [\n            \"\"\n          ]\n        },\n        \"isSelectable\": true\n      },\n      \"/zb P`p\": {\n        \"match\": [\n          {\n            \"pattern\": \"UK36\",\n            \"exclude\": \"CI521\",\n            \"info\": \"r\"\n          },\n          {\n            \"or\": [\n              {\n                \"or\": [\n                  {\n                    \"or\": [\n                      {\n                        \"pattern\": \"LO6O\",\n                        \"info\": \"JX(c>\\\"@z3b\"\n                      },\n                      {\n                        \"pattern\": \"PXH781K\",\n                        \"exclude\": \"CUG570S\",\n                        \"info\": \"zvzr7fB;W\"\n                      }\n                    ]\n                  },\n                  \"SOB1241O\"\n                ]\n              },\n              \"II48\",\n              {\n                \"or\": []\n              },\n              {\n                \"pattern\": \"DT26\",\n                \"exclude\": \"BS5985\",\n                \"info\": \"-D{~$'>\"\n              },\n              {\n                \"and\": []\n              }\n            ]\n          },\n          \"TC*4C\",\n          {\n            \"and\": []\n          }\n        ],\n        \"url\": \"http://cucnobl-1k5.rav-6nxi69mzudwwawpje6kza2mt9bop5dbcgnr5lwj7hev7y6s855vqauqy64.h60e8law7yt0kwmontwsptci5q4cdvjt-sdrlrszr5.44.jwvhpmepb/a7t\",\n        \"info\": \"[igb\",\n        \"isSelectable\": true,\n        \"tGo \": {\n          \"name\": \"k|9\",\n          \"ay\": 2006,\n          \"assign\": \"K L1<\",\n          \"match\": [\n            \"TS4\"\n          ],\n          \"satisfy\": [\n            {\n              \"mc\": \">=23\"\n            },\n            {\n              \"and\": []\n            }\n          ],\n          \"info\": \"=m\",\n          \"isSelectable\": true\n        }\n      },\n      \"xt+>-zTD\": {\n        \"name\": \"@XomRotC\",\n        \"ay\": 1967,\n        \"assign\": \"\",\n        \"match\": {\n          \"and\": [\n            {\n              \"and\": [\n                {\n                  \"or\": [\n                    \"OT487A\",\n                    {\n                      \"and\": [\n                        {\n                          \"or\": [\n                            \"UZ7T\"\n                          ]\n                        },\n                        \"MDE35Y\",\n                        \"CER54Y\",\n                        \"NY5L\"\n                      ]\n                    }\n                  ]\n                }\n              ]\n            },\n            {\n              \"and\": [\n                \"DHV4*0J\",\n                {\n                  \"and\": [\n                    \"EEZ1x43\",\n                    {\n                      \"pattern\": \"XC6Y\",\n                      \"exclude\": [\n                        \"ZG39T\",\n                        \"REN67*Q\"\n                      ],\n                      \"info\": \"sbl>1(8w\"\n                    },\n                    {\n                      \"pattern\": \"UIT35\",\n                      \"info\": \"nQH5G`[Y\"\n                    }\n                  ]\n                },\n                \"US859*Q\",\n                \"GDx24U\",\n                {\n                  \"and\": [\n                    \"DC5\",\n                    \"VEH056J\",\n                    {\n                      \"and\": [\n                        \"NUJ565S\",\n                        \"YW1Z\",\n                        \"HI6V\",\n                        \"LBL2Y\",\n                        \"QRK411\"\n                      ]\n                    },\n                    {\n                      \"and\": [\n                        \"IV3x4*H\",\n                        \"NDM77x\",\n                        \"GI92D\",\n                        \"FY0Z\",\n                        {\n                          \"or\": [\n                            {\n                              \"pattern\": \"UL6925S\",\n                              \"info\": \"eP^|Vb\"\n                            },\n                            \"WE55x6\",\n                            \"EVT2T\"\n                          ]\n                        }\n                      ]\n                    },\n                    \"NAL47V\"\n                  ]\n                }\n              ]\n            },\n            {\n              \"or\": []\n            },\n            {\n              \"or\": [\n                {\n                  \"or\": [\n                    \"PT71N\",\n                    {\n                      \"or\": []\n                    }\n                  ]\n                },\n                \"QWL3390\",\n                {\n                  \"and\": []\n                },\n                {\n                  \"and\": [\n                    {\n                      \"or\": [\n                        \"ESN*8*N\",\n                        \"CQ308x\"\n                      ]\n                    },\n                    \"MKL9497\"\n                  ]\n                },\n                \"AXM0493G\"\n              ]\n            }\n          ]\n        },\n        \"satisfy\": [],\n        \"url\": \"http://g5if92pf6n78ua.icl0au6neryddv7haapzdp09q-2xcny1ogjdo3o1qmgizw75t.7iq7e-hpiz-1j95ui.8yngcq3zhcuzuyafzpcmyucvz2oj1.p.um/zr%F3%AD%AC%AC0n~0)h%F1%B9%92%8B/:/1@hFV/)&hFjGp-/Q%F2%A0%B6%BBZ-g%F0%90%A0%84Y+d/S/v7M%F1%94%91%8A2Hp/7++f@x(/\",\n        \"info\": \"\",\n        \"isSelectable\": true\n      },\n      \"im\\\\\": {\n        \"assign\": [\n          \"C\",\n          \"!\",\n          \":Gi5~Hq^cH\"\n        ],\n        \"match\": [\n          {\n            \"and\": [\n              {\n                \"or\": []\n              },\n              {\n                \"pattern\": \"TUZ71Y\",\n                \"exclude\": [\n                  \"IH9\",\n                  \"QO2\",\n                  \"BOC50\",\n                  \"GZL6353\",\n                  \"IWE469\"\n                ],\n                \"info\": \" >yCl\"\n              },\n              {\n                \"or\": [\n                  \"WY*x\"\n                ]\n              },\n              {\n                \"or\": [\n                  {\n                    \"or\": [\n                      \"EG556Z\",\n                      \"UOV9\"\n                    ]\n                  },\n                  \"OD399*U\",\n                  \"SII5*\",\n                  \"NG11Z\",\n                  \"WW84**\"\n                ]\n              },\n              {\n                \"pattern\": \"BOK7x3\",\n                \"exclude\": \"XE***2\",\n                \"info\": \"ZNG5p\"\n              }\n            ]\n          }\n        ],\n        \"satisfy\": [\n          {\n            \"and\": [\n              {\n                \"or\": [\n                  {\n                    \"and\": [\n                      \"z\",\n                      {\n                        \"and\": []\n                      },\n                      {\n                        \"and\": [\n                          \"p'\",\n                          {\n                            \"mc\": \"<=144\"\n                          },\n                          \"E7A!HX\",\n                          \"Tg,\"\n                        ]\n                      }\n                    ]\n                  },\n                  {\n                    \"and\": [\n                      {\n                        \"mc\": \"<=185\"\n                      },\n                      \";#{lZN2'3\",\n                      \"g,)HaBMqW@\"\n                    ]\n                  },\n                  \"\"\n                ]\n              }\n            ]\n          },\n          {\n            \"or\": [\n              {\n                \"or\": []\n              }\n            ]\n          }\n        ],\n        \"url\": \"https://8zb6gky8exu7f2w5tnerhr71p11chx4-u4.mquwpf9hsvsu6sw68u8qm2gewcuaze24r.fpab/YVB5m/qKXv/8CF/E:g-c~_/h$ERS/%F1%81%AE%B2;U\",\n        \"info\": \".jnV\",\n        \"isSelectable\": true\n      },\n      \"8Ew\": {\n        \"name\": \"nE%asu)B\",\n        \"ay\": 2023,\n        \"assign\": \"}X\\\\/R\",\n        \"match\": {\n          \"pattern\": \"AM031E\",\n          \"exclude\": \"DHJ48\",\n          \"info\": \"vj-3G@>*e\"\n        },\n        \"satisfy\": [\n          \"w.\",\n          \"w\",\n          \"X`0o]lG8D+\",\n          {\n            \"mc\": \"<=140\"\n          }\n        ],\n        \"info\": \"ud|2HD9P\",\n        \"isSelectable\": true\n      }\n    }\n  },\n  {\n    \"title\": \"block sample 3\",\n    \"value\": {\n      \"name\": \"?{%#wrTI\",\n      \"ay\": 2028,\n      \"match\": [\n        {\n          \"or\": [\n            \"JVP47\",\n            {\n              \"and\": [\n                {\n                  \"or\": [\n                    \"HD*48\",\n                    \"HHB39\",\n                    {\n                      \"or\": [\n                        {\n                          \"pattern\": \"IQ77\",\n                          \"exclude\": [\n                            \"YH459W\",\n                            \"LR59xD\"\n                          ],\n                          \"info\": \"W\"\n                        },\n                        \"IMD3x1*T\",\n                        \"WT3R\"\n                      ]\n                    },\n                    \"NPP*702\",\n                    \"RYS9115\"\n                  ]\n                },\n                {\n                  \"or\": [\n                    \"QU3M\",\n                    {\n                      \"or\": [\n                        \"BYJ5*0E\",\n                        \"XV8*1xZ\"\n                      ]\n                    },\n                    \"GLx4\",\n                    \"MQN5J\",\n                    {\n                      \"or\": [\n                        \"QECx*\",\n                        \"UY097*X\",\n                        \"TRF8\",\n                        \"WFD*9\",\n                        \"KPW6303\"\n                      ]\n                    }\n                  ]\n                },\n                \"UEH2\"\n              ]\n            },\n            \"GR2Q\"\n          ]\n        }\n      ],\n      \"satisfy\": [\n        {\n          \"or\": [\n            {\n              \"or\": [\n                \"RD)!!\"\n              ]\n            }\n          ]\n        },\n        {\n          \"mc\": \">=93\"\n        },\n        {\n          \"and\": [\n            {\n              \"or\": [\n                {\n                  \"mc\": \">=11\"\n                },\n                \")k4`b\",\n                {\n                  \"and\": []\n                }\n              ]\n            },\n            \"ksTk)WzqHm\",\n            {\n              \"and\": [\n                \"f1\\\\#)\",\n                \"m\"\n              ]\n            }\n          ]\n        },\n        {\n          \"or\": [\n            {\n              \"and\": [\n                {\n                  \"or\": [\n                    \"\",\n                    {\n                      \"or\": []\n                    },\n                    \"q\",\n                    \"N<7C*i\"\n                  ]\n                },\n                {\n                  \"or\": []\n                },\n                {\n                  \"and\": [\n                    \"3\",\n                    \",\",\n                    {\n                      \"mc\": \">=120\"\n                    },\n                    {\n                      \"or\": [\n                        \"]#@t/H(Lo!\"\n                      ]\n                    }\n                  ]\n                },\n                \"52:\"\n              ]\n            },\n            {\n              \"and\": []\n            },\n            {\n              \"mc\": \"<=174\"\n            },\n            \"Wpv3326K\"\n          ]\n        }\n      ],\n      \"url\": \"https://b60wxo4p233t0e5z63w.ovpm47ia3-4v5ks6cne9pi2fb1w.seavzwxbqy/Y2%F3%96%A8%856%F0%A0%8E%9F.x'M\",\n      \"info\": \"\",\n      \"isSelectable\": true\n    }\n  },\n  {\n    \"title\": \"block sample 4\",\n    \"value\": {\n      \"ay\": 2025,\n      \"assign\": [\n        \"HYh\"\n      ],\n      \"match\": {\n        \"pattern\": \"LI4\",\n        \"exclude\": [],\n        \"info\": \"XsS&5O:%}\"\n      },\n      \"url\": \"https://d6bf.cex//:Xb/.P/O*2KF/wSTj\",\n      \"info\": \"5[Uez3ke\",\n      \"isSelectable\": true,\n      \"\": {\n        \"name\": \"z\\\"~\",\n        \"ay\": 1965,\n        \"match\": {\n          \"and\": [\n            \"JPG1\",\n            {\n              \"and\": [\n                \"ZOLx0Z\",\n                {\n                  \"and\": [\n                    {\n                      \"pattern\": \"LB*\",\n                      \"info\": \"\"\n                    },\n                    {\n                      \"or\": []\n                    },\n                    \"AK4x91R\"\n                  ]\n                },\n                {\n                  \"or\": [\n                    {\n                      \"pattern\": \"JN0442\",\n                      \"info\": \"Rr`9Ewj#6\"\n                    },\n                    {\n                      \"pattern\": \"JDxN\",\n                      \"exclude\": [\n                        \"YJZ07\",\n                        \"EI4723D\"\n                      ],\n                      \"info\": \"Q:{/VT/f\"\n                    },\n                    \"DFC2\",\n                    {\n                      \"or\": [\n                        {\n                          \"and\": [\n                            \"KRY77*R\",\n                            \"IL7501\",\n                            {\n                              \"pattern\": \"VFA26x\",\n                              \"exclude\": \"VSA262I\",\n                              \"info\": \"CW\"\n                            }\n                          ]\n                        },\n                        \"RLL768\"\n                      ]\n                    }\n                  ]\n                },\n                {\n                  \"or\": []\n                },\n                \"HNFx428W\"\n              ]\n            },\n            {\n              \"pattern\": \"DXC830\",\n              \"exclude\": [\n                \"KH609\",\n                \"VIDx309\",\n                \"RHB4\",\n                \"VL857L\",\n                \"NAR3018G\"\n              ],\n              \"info\": \"qq`jVA\"\n            },\n            {\n              \"and\": [\n                \"PFL*0\",\n                \"DPO2\",\n                {\n                  \"and\": [\n                    \"XK3\"\n                  ]\n                },\n                {\n                  \"and\": [\n                    {\n                      \"or\": [\n                        \"MJS85*3I\"\n                      ]\n                    }\n                  ]\n                },\n                \"UV0xxW\"\n              ]\n            }\n          ]\n        },\n        \"satisfy\": [],\n        \"url\": \"http://9n3bmgptsptpm76snp-a6nlkdq56yhas0.zjoeikcex/5n@s'LV%F4%89%BC%AFmA/3XGnwRc:SG/b,/z.%E2%A9%ABG/j0%F2%8F%83%BEm=R_hG-/,KtAHKJ/6b/*q'r:'%F2%AD%99%93x\",\n        \"info\": \"Q=T\",\n        \"isSelectable\": true,\n        \"pRzU;:\": {\n          \"ay\": 2024,\n          \"assign\": [\n            \"LXiU8O|t\",\n            \"ly-/4cuzp\",\n            \"#}R\"\n          ],\n          \"url\": \"http://nwkq81-oro7ifvi3uzakjs7ptngrbseo9lffqe.izf/3;ft0\",\n          \"info\": \"5\"\n        },\n        \"\": {\n          \"name\": \"]\",\n          \"ay\": 1967,\n          \"assign\": [],\n          \"match\": [\n            \"VC27I\",\n            {\n              \"and\": [\n                \"QX8xO\",\n                \"IYE9\"\n              ]\n            },\n            {\n              \"pattern\": \"JZ97x\",\n              \"exclude\": \"POI9969\",\n              \"info\": \"\"\n            },\n            {\n              \"pattern\": \"TMF4*3B\"\n            }\n          ],\n          \"satisfy\": [\n            {\n              \"or\": [\n                \"s=l\\\\z%8\",\n                {\n                  \"and\": [\n                    \"OpngK[Ilk\",\n                    \"\",\n                    {\n                      \"mc\": \"<=84\"\n                    },\n                    \"O0k\",\n                    {\n                      \"and\": [\n                        \"_?U~Z]Z9\",\n                        {\n                          \"mc\": \">=168\"\n                        }\n                      ]\n                    }\n                  ]\n                },\n                {\n                  \"or\": [\n                    \"4zxY$Sl+$\",\n                    \".GGq}\",\n                    \"E11]\\\\Q%M\"\n                  ]\n                }\n              ]\n            },\n            {\n              \"mc\": \"<=26\"\n            },\n            {\n              \"mc\": \">=126\"\n            }\n          ],\n          \"url\": \"https://otvi34v7oc10cee1l6c9wst0c1-h97njh7tmpy34mqz273i.lmihst//0nE;sl:N0r/2%E4%BF%94D9/1Q4/%F1%B9%94%861rmwC@%F1%81%9E%A0T0/t;v/+A,Cjb//EPy@6\",\n          \"info\": \"j\\\\mj\",\n          \"isSelectable\": true\n        }\n      },\n      \"4L \": {\n        \"name\": \"0faUjZa&sy\",\n        \"ay\": 2009,\n        \"match\": {\n          \"or\": [\n            {\n              \"pattern\": \"EZO31G\",\n              \"exclude\": \"LO9O\"\n            },\n            {\n              \"or\": [\n                \"ZB4H\",\n                {\n                  \"or\": [\n                    {\n                      \"or\": [\n                        \"MX914\",\n                        \"KB1x58\",\n                        \"UU21Z\",\n                        {\n                          \"pattern\": \"ZY3E\",\n                          \"exclude\": [\n                            \"RHx3\",\n                            \"ZJ843S\",\n                            \"NK5*O\",\n                            \"BKB0x\"\n                          ],\n                          \"info\": \"={7\"\n                        }\n                      ]\n                    },\n                    \"GY7xT\",\n                    \"MD8871L\"\n                  ]\n                },\n                \"TXI4\",\n                \"RZN856xG\"\n              ]\n            },\n            \"HDx9*B\",\n            {\n              \"pattern\": \"XKI9x60\",\n              \"exclude\": [\n                \"IZE198\",\n                \"IN8H\"\n              ],\n              \"info\": \"|\"\n            }\n          ]\n        },\n        \"satisfy\": \"{\",\n        \"url\": \"http://lmmndrp-zpd7wnae48k9djs6xyuly-ri-br8h6zp3ig0i693u1au1kn3q.ylrhvfll76sjpwlpdhasbdzjqylpfwzvokrxu54w.79sxlnqnjiv3vvgrx88xqejgipxqkcxdqgtm1q88h1al9s5kpizdxvnvs03a4z.fgogmlz/dUEk9ik_\",\n        \"info\": \". |&\",\n        \"isSelectable\": true\n      }\n    }\n  },\n  {\n    \"title\": \"block sample 5\",\n    \"value\": {\n      \"assign\": \"cbkL\",\n      \"match\": {\n        \"pattern\": \"CZ*\",\n        \"info\": \"2:&hQH*#\"\n      },\n      \"satisfy\": [],\n      \"url\": \"https://4ecff-27fy.dh5d.dpd//T/+:%F3%80%8B%A1cb/haulobICA/bfdd@!.\",\n      \"info\": \"\\\"{\",\n      \"isSelectable\": true\n    }\n  },\n  {\n    \"title\": \"block sample 6\",\n    \"value\": {\n      \"assign\": [\n        \"0[7Dg'|4FW\"\n      ],\n      \"match\": [\n        {\n          \"and\": [\n            {\n              \"pattern\": \"YP**84\",\n              \"exclude\": \"OPW9O\",\n              \"info\": \"//|o|!P(T\"\n            }\n          ]\n        },\n        {\n          \"or\": [\n            \"AOB57\",\n            {\n              \"pattern\": \"MA817K\",\n              \"exclude\": [\n                \"IRL394x\",\n                \"PKT2D\"\n              ],\n              \"info\": \"P>Xi\"\n            },\n            {\n              \"or\": []\n            },\n            {\n              \"or\": []\n            },\n            {\n              \"and\": [\n                {\n                  \"pattern\": \"IP*500\",\n                  \"exclude\": \"YTJ2\",\n                  \"info\": \"z#lb3I!Qb\"\n                },\n                \"CMI320x\",\n                \"DC39\",\n                {\n                  \"and\": []\n                },\n                {\n                  \"or\": [\n                    {\n                      \"and\": [\n                        \"PV65*R\",\n                        \"OZ4\"\n                      ]\n                    }\n                  ]\n                }\n              ]\n            }\n          ]\n        }\n      ],\n      \"satisfy\": [],\n      \"url\": \"https://papp0sp5xkolybiayfyrchd.6sp5atuuxcu0epj0ifm0snmihkaz3lqa2na6agourwqp1t6v.avsearyete\",\n      \"info\": \"~\",\n      \"isSelectable\": true,\n      \"`!@A3\": {\n        \"name\": \"y&^NxdD$'9\",\n        \"ay\": 1965,\n        \"assign\": \"$StjYTL?*>\",\n        \"satisfy\": {\n          \"mc\": \"<=31\"\n        },\n        \"url\": \"https://8uwi.4w13ags94awbmklovhogygc1rzmd0mrimhiqasgpqjp4bxvn8sua0rau1333t76.dsxcvbethka0.rxqlyeca/1GpM./@%F3%AA%91%9E61Fu@@/2erMurjaH/%F0%B5%97%80t%F3%9B%9A%84\",\n        \"info\": \"C(Z)\",\n        \"isSelectable\": true\n      },\n      \"B7B~\": {\n        \"name\": \"Xg1^;XmI\",\n        \"ay\": 2021,\n        \"assign\": \"7`18%#N3!\",\n        \"match\": [\n          \"SL153O\",\n          \"KZ*\"\n        ],\n        \"satisfy\": [],\n        \"url\": \"https://sxhkrr7wag28.cy20yrk0.ph5.2plfp175qgsdjes0hvx5o145fdeaua.9ufhtgn-fkvza4lu4m6e0h5ijofczg3juqa5ff3r6bbt9ufwvh3n.vtod\",\n        \"isSelectable\": true\n      },\n      \"NXs`>SOC1,\": {\n        \"name\": \"gl<\\\"*[\",\n        \"ay\": 1960,\n        \"assign\": \"YT3SO=lf\",\n        \"match\": [],\n        \"satisfy\": [\n          {\n            \"or\": [\n              \"T|t5c.mo<1\",\n              {\n                \"mc\": \">=195\"\n              },\n              {\n                \"and\": [\n                  \"# OMR|b+\",\n                  \":\",\n                  \"_\",\n                  {\n                    \"mc\": \">=141\"\n                  }\n                ]\n              },\n              \"uDFlQ\",\n              {\n                \"or\": [\n                  \"dXgH\"\n                ]\n              }\n            ]\n          },\n          {\n            \"and\": []\n          }\n        ],\n        \"url\": \"https://k-ppbzszcd9upggaf-q4x6uzftpc6wxigaqkfmh89ig.4.p24p670wcp-cwz-1cx7fix8iyvp6gk86looxgatn9sss3gc-vxzsj.o49z0pda6rbmyrvc2yn-96x8mv52ca1ndfmnikz0b5rxaes5zkvyv.fr4b9pwdbwq9qmca2dnuj2vu7it2zl7okv9ctyct4fskuedmq1-k8p86i8c.yoabyw/8eN/;YmGVO6V/NKF=@/c;Q%F1%9F%99%AA/E4/T_,;;+/oTt/EC%F3%B7%92%8A&RMU/x1x_y%F2%81%B8%A6W\",\n        \"info\": \"U19SayJbP\",\n        \"isSelectable\": true\n      },\n      \"kZ,uneAc\": {\n        \"name\": \"HAf7].K@8B\",\n        \"ay\": 2028,\n        \"match\": {\n          \"and\": [\n            \"CS6\",\n            \"TG158\",\n            {\n              \"and\": [\n                {\n                  \"or\": []\n                },\n                \"XI35O\",\n                \"TH6F\"\n              ]\n            },\n            \"QW9\",\n            {\n              \"and\": [\n                {\n                  \"pattern\": \"IU9832V\",\n                  \"exclude\": [\n                    \"FN85E\"\n                  ],\n                  \"info\": \"\"\n                }\n              ]\n            }\n          ]\n        },\n        \"satisfy\": \"E],JX\",\n        \"url\": \"http://nhgpt6patv1d2mnsuqfo9kjyhp-gce7v3hwo5uocgbf6la0ykctvla4r.iuyfygdzc/p,L%F1%B6%90%A8ybe/o%F0%B4%AB%8D%F1%95%A1%8AXpHbLZZ/Wd/!wR%F3%82%A0%A3$\",\n        \"isSelectable\": true,\n        \"\": {\n          \"name\": \"*yS\",\n          \"ay\": 1978,\n          \"assign\": [],\n          \"match\": [\n            {\n              \"pattern\": \"DVNx\",\n              \"exclude\": [\n                \"GQ771L\",\n                \"VWx*\",\n                \"XUEx6H\",\n                \"XUWxK\",\n                \"SRM132*Z\"\n              ],\n              \"info\": \"`H\\\"&4\"\n            },\n            \"QPK3Z\",\n            \"TWUx979W\"\n          ],\n          \"satisfy\": [\n            {\n              \"or\": [\n                {\n                  \"mc\": \">=198\"\n                },\n                \"\",\n                {\n                  \"and\": [\n                    {\n                      \"and\": [\n                        \"Z$J\"\n                      ]\n                    },\n                    {\n                      \"mc\": \"<=184\"\n                    }\n                  ]\n                },\n                {\n                  \"mc\": \">=4\"\n                },\n                {\n                  \"mc\": \"<=119\"\n                }\n              ]\n            },\n            {\n              \"mc\": \"<=16\"\n            },\n            \"t@5c0hR\",\n            {\n              \"or\": [\n                \"HvX#g$\",\n                \"AXwOHEa\",\n                {\n                  \"or\": [\n                    {\n                      \"mc\": \">=36\"\n                    }\n                  ]\n                }\n              ]\n            }\n          ],\n          \"url\": \"https://g.vzztdnlzht\",\n          \"info\": \"A3bze\",\n          \"isSelectable\": true\n        },\n        \"Rx|P-\": {\n          \"name\": \"@`NI3T:s\",\n          \"ay\": 2017,\n          \"assign\": [\n            \"\"\n          ],\n          \"match\": [\n            \"LAN7281\",\n            {\n              \"and\": []\n            },\n            {\n              \"and\": [\n                {\n                  \"pattern\": \"OYP64O\",\n                  \"info\": \"bjv%1\"\n                },\n                \"AR24\",\n                {\n                  \"and\": [\n                    \"FR6725W\",\n                    \"ZA763M\",\n                    \"RLZx\",\n                    \"VWJ24\"\n                  ]\n                }\n              ]\n            },\n            \"CWU461M\"\n          ],\n          \"satisfy\": {\n            \"mc\": \"<=157\"\n          },\n          \"url\": \"http://v.e.6.cr8eiqfpjs1.1u10u4ljkps5vxm0seg1u3dxuun8x9yrg4kepozk82mdhjmfeohmifegjq.ersbn/J+;ChjeYt//iTY/Wd/5/@yb%F2%94%A6%92Sn2/L94.8@U0R/gx8%F3%9D%9E%9BeH~/_o\",\n          \"info\": \"3q[8b]\",\n          \"isSelectable\": true,\n          \"OJ\": {\n            \"name\": \"\",\n            \"ay\": 2016,\n            \"assign\": \"|\",\n            \"satisfy\": {\n              \"and\": []\n            },\n            \"url\": \"https://15a-v.k1bzfpcqqq69ec.9xfup4psvi9j8u3514xt8e1t9-zyd90pw0sstf70eufoko-caaqsx.5.ezuoyooqk/@KS:/cyibDF*%F2%AC%B4%AE/!7YT7-/TtWB/%F2%AF%AB%A8=N/6\",\n            \"info\": \"cqe9~C\",\n            \"isSelectable\": true,\n            \"VJ2`V3lVX\": {\n              \"ay\": 1995,\n              \"assign\": [\n                \"7(z5\",\n                \"y]N\",\n                \"XM\",\n                \"tbRS@L\"\n              ],\n              \"satisfy\": {\n                \"mc\": \"<=66\"\n              },\n              \"url\": \"http://vrca1s7qe969n5xhihdjuicox3nynozh.fng/L+vg3*q/r3z=8d/;e)DiW%F3%87%AC%86U8%F1%9C%92%91/lFek/E(5)(mOk=n/I_*~%F2%9E%B8%A7;$\",\n              \"info\": \"`g !+WQ1\",\n              \"isSelectable\": true,\n              \"\": {\n                \"name\": \"B)^4)D\",\n                \"assign\": \"r4X\",\n                \"satisfy\": [\n                  {\n                    \"or\": []\n                  }\n                ],\n                \"url\": \"https://978r6ydwtx37t.r3dg2bhqoku-td2dr0ovmz-5ubl-syioh7n.kcvrexqty\",\n                \"info\": \"3[n\",\n                \"isSelectable\": true\n              },\n              \"pIqJ;\": {\n                \"name\": \"26m\",\n                \"ay\": 1958,\n                \"assign\": \"\",\n                \"match\": {\n                  \"pattern\": \"WWJ2U\",\n                  \"exclude\": [],\n                  \"info\": \"=P}vNs\"\n                },\n                \"satisfy\": {\n                  \"and\": []\n                },\n                \"url\": \"http://8gcsctykhyj5d4-tsgtu9fc54o6g3g2siu7cedtbp-mr8q.vfqsdw6z9tzcndjqm95wecc5fjxxb.2r69n-3opj1zo98mrn7k5cke3aayrzvb-mlr4ip-ao1rs8ij7oix--x.6y2x3hrg0d8xs59ovpdepr43riz4840vokusv-1b1t.39cki-cup3zvebgulnutm28a5sspbbu83mahqz9fkjl.kn\",\n                \"info\": \"ta\\\"\",\n                \"isSelectable\": true\n              },\n              \"xG]{~fyk\": {\n                \"name\": \"@i\",\n                \"ay\": 1983,\n                \"assign\": [\n                  \"uWE5?\",\n                  \"6:5+ .U8\"\n                ],\n                \"match\": {\n                  \"or\": []\n                },\n                \"satisfy\": \"D:vT\",\n                \"info\": \"5RQO\",\n                \"isSelectable\": true\n              }\n            }\n          }\n        }\n      }\n    }\n  },\n  {\n    \"title\": \"block sample 7\",\n    \"value\": {\n      \"name\": \":x\",\n      \"assign\": [\n        \"Yb5g~\",\n        \"_E\\\\S\\\\\\\"3\",\n        \"E`\"\n      ],\n      \"match\": {\n        \"pattern\": \"WJU0\",\n        \"exclude\": [],\n        \"info\": \"%y{\"\n      },\n      \"satisfy\": [\n        \"Fs'MI&SeTW\",\n        {\n          \"and\": []\n        },\n        {\n          \"or\": [\n            {\n              \"or\": [\n                \"|[z7_b f\",\n                {\n                  \"or\": [\n                    \"ft$9Uek\",\n                    \"q:sA[& J+:\",\n                    {\n                      \"or\": [\n                        \">Iu\",\n                        {\n                          \"mc\": \">=89\"\n                        }\n                      ]\n                    },\n                    {\n                      \"and\": [\n                        \"Qp%9N}m'\",\n                        \"sqUc\\\\ez\",\n                        \"BMJ+$i8HJ\",\n                        \"^x;Hhy;L\",\n                        \"%*ySQK`:B\"\n                      ]\n                    },\n                    \"#\"\n                  ]\n                }\n              ]\n            }\n          ]\n        },\n        {\n          \"mc\": \"<=140\"\n        },\n        {\n          \"mc\": \">=94\"\n        }\n      ],\n      \"url\": \"https://f4faa764pj99ng8c-cd682ed5-3e0fx-24-djavb8cfbybeb7h6wf-fbb.tcveqt/KUZyIbYCG%F2%BF%B3%9D/01y/&7R:ALsE/n20%F3%98%86%B0KCA+\",\n      \"info\": \"/[\",\n      \"isSelectable\": true\n    }\n  },\n  {\n    \"title\": \"block sample 8\",\n    \"value\": {\n      \"name\": \"@/O$\",\n      \"ay\": 1961,\n      \"assign\": [],\n      \"match\": {\n        \"and\": [\n          {\n            \"or\": [\n              {\n                \"pattern\": \"MS4735Q\",\n                \"exclude\": [\n                  \"KRS2G\",\n                  \"RV73\",\n                  \"RLI19xxI\"\n                ],\n                \"info\": \"P*ue]=CU`N\"\n              },\n              \"SQ808\",\n              \"CLO7x7V\",\n              \"VC45\",\n              {\n                \"pattern\": \"IWR*K\",\n                \"exclude\": [\n                  \"RY*x25\",\n                  \"MGT*K\",\n                  \"NGx5\",\n                  \"JD54*7\",\n                  \"ZF*\"\n                ],\n                \"info\": \",\"\n              }\n            ]\n          },\n          {\n            \"and\": [\n              \"GIK*315V\",\n              {\n                \"or\": [\n                  \"VYM55*4E\",\n                  {\n                    \"pattern\": \"ZQ0*05\",\n                    \"exclude\": \"WO130\",\n                    \"info\": \"\"\n                  }\n                ]\n              }\n            ]\n          },\n          {\n            \"and\": [\n              {\n                \"and\": [\n                  {\n                    \"or\": [\n                      {\n                        \"or\": [\n                          {\n                            \"and\": [\n                              \"ITZ*94\",\n                              {\n                                \"and\": [\n                                  \"JKC548\"\n                                ]\n                              },\n                              \"TR732\",\n                              \"OW*7D\"\n                            ]\n                          },\n                          \"CDP7M\",\n                          \"RUTx\"\n                        ]\n                      },\n                      {\n                        \"and\": [\n                          \"WNS519L\",\n                          \"YSE500\",\n                          \"NA139K\",\n                          \"ZKJ0606Z\",\n                          \"LB*\"\n                        ]\n                      },\n                      \"CEN87*4\",\n                      \"SKO*6\",\n                      \"NC*V\"\n                    ]\n                  },\n                  \"CZP30x\",\n                  {\n                    \"or\": [\n                      \"IMM5x\",\n                      \"DLG462*E\",\n                      \"UH0L\"\n                    ]\n                  }\n                ]\n              },\n              \"TPQ8406L\",\n              \"SS2045\",\n              {\n                \"and\": [\n                  {\n                    \"and\": [\n                      \"EZA97U\",\n                      \"QMQxx\",\n                      \"EH202K\",\n                      \"RTXx6\",\n                      \"TX2x*6\"\n                    ]\n                  },\n                  \"EUK*4\",\n                  {\n                    \"and\": [\n                      {\n                        \"pattern\": \"LJ1xS\",\n                        \"exclude\": \"ALB2\"\n                      },\n                      \"JL767M\",\n                      {\n                        \"or\": [\n                          \"HTS0*1L\",\n                          \"OP2091\",\n                          \"VD61x2X\",\n                          \"NWR4829G\",\n                          \"DW6\"\n                        ]\n                      }\n                    ]\n                  }\n                ]\n              }\n            ]\n          },\n          {\n            \"or\": [\n              {\n                \"or\": []\n              }\n            ]\n          },\n          {\n            \"pattern\": \"JUG3C\",\n            \"info\": \"G_|K[Ooe\"\n          }\n        ]\n      },\n      \"satisfy\": {\n        \"or\": [\n          \"C\"\n        ]\n      },\n      \"info\": \"^FJ\",\n      \"isSelectable\": true,\n      \"\": {\n        \"name\": \"O\",\n        \"ay\": 2026,\n        \"assign\": \"4\",\n        \"match\": [],\n        \"url\": \"https://hea7awx6wqr7b8-yaf9vviy.ul6cgfgmq4pv3oy3rspzzi.7k-euv426t5-r98hbv8a3s4js3sit-vpyl4xa2u7pb8oigh7cdste7j9md24v.vcrqix1h4qywvc4p1tz7r14aak2q9x-x3wzwrvqlkhz2ft9.noglbaxcaa/r8)eom;Ja/L%F2%8B%B0%90CU'Q%F2%A6%94%B78S\",\n        \"info\": \"x%&%\",\n        \"isSelectable\": true\n      },\n      \"ZFA*;H#8\": {\n        \"name\": \"xanYu|5(KC\",\n        \"ay\": 2006,\n        \"assign\": [\n          \"v Y_z8\"\n        ],\n        \"match\": [\n          {\n            \"pattern\": \"HW*74\",\n            \"exclude\": \"JP801\",\n            \"info\": \"??\"\n          },\n          {\n            \"and\": [\n              {\n                \"pattern\": \"MNxA\",\n                \"exclude\": [\n                  \"GDC1*0E\"\n                ],\n                \"info\": \"<JxPRww8g\"\n              },\n              \"NP*\"\n            ]\n          },\n          {\n            \"and\": [\n              {\n                \"pattern\": \"IVC4E\",\n                \"exclude\": \"OL9S\",\n                \"info\": \"t\"\n              }\n            ]\n          },\n          {\n            \"pattern\": \"WD*0H\",\n            \"info\": \"xKKfO\"\n          }\n        ],\n        \"satisfy\": {\n          \"and\": []\n        },\n        \"url\": \"https://3cvysnaeihrzrxjl7zlthbxi3htwbngizxoa78g45n4m75oq4ne.ztdw/pv2jH:@WRR/Bqvhb+V/rS3%F0%AE%9E%805l$3/8W9/%F4%84%95%8DAMYzUg.%F3%9A%9E%A7/Wr7Ea@k$\",\n        \"info\": \"\\\"\",\n        \"isSelectable\": true,\n        \"v]b\": {\n          \"name\": \"i\\\\\\\"Cg[\",\n          \"ay\": 2012,\n          \"assign\": [\n            \"$~s:\",\n            \"\"\n          ],\n          \"match\": \"MU03\",\n          \"satisfy\": [\n            {\n              \"mc\": \"<=26\"\n            },\n            \"S!qzQ'0(\"\n          ],\n          \"url\": \"https://t.kn9jvc6oofhben41rae7v06ujt.gijvvkuy/./wg!SVVI-%F0%A7%85%8F_/XE%F3%B9%93%AB/$4%F4%8C%BC%BCmDw/MTV\",\n          \"info\": \"|i:VBuSf\",\n          \"isSelectable\": true,\n          \"p\": {\n            \"name\": \"`h^Am?\",\n            \"ay\": 2016,\n            \"assign\": \":/<]=*qq\",\n            \"match\": [\n              {\n                \"or\": [\n                  {\n                    \"and\": []\n                  },\n                  \"KUE1R\",\n                  {\n                    \"or\": [\n                      {\n                        \"and\": []\n                      }\n                    ]\n                  },\n                  \"RBx2\"\n                ]\n              },\n              {\n                \"pattern\": \"WTD863\",\n                \"info\": \"O<*%lKyp^j\"\n              },\n              {\n                \"or\": [\n                  {\n                    \"and\": [\n                      {\n                        \"or\": [\n                          \"VHx*\",\n                          \"MA16*6\",\n                          {\n                            \"or\": [\n                              {\n                                \"and\": []\n                              },\n                              \"LH72\",\n                              \"KA0380\"\n                            ]\n                          },\n                          \"IZK634G\"\n                        ]\n                      },\n                      \"AFI141\",\n                      {\n                        \"pattern\": \"VIx3*x\",\n                        \"exclude\": \"WCP*31\",\n                        \"info\": \"(\"\n                      },\n                      \"WDF82E\",\n                      {\n                        \"or\": [\n                          \"MYO019D\",\n                          \"BBF0\",\n                          {\n                            \"pattern\": \"NJG5K\",\n                            \"exclude\": \"FDC510\",\n                            \"info\": \"`*BZ(QCl^\"\n                          },\n                          {\n                            \"or\": [\n                              \"RPT378F\",\n                              \"KOB911\",\n                              \"ABO9775\"\n                            ]\n                          }\n                        ]\n                      }\n                    ]\n                  },\n                  {\n                    \"pattern\": \"QSM67H\",\n                    \"info\": \"\"\n                  },\n                  {\n                    \"and\": [\n                      \"ROF7250D\"\n                    ]\n                  },\n                  \"DFG0T\",\n                  {\n                    \"pattern\": \"GE9\",\n                    \"info\": \"oO9KG\"\n                  }\n                ]\n              },\n              {\n                \"and\": [\n                  {\n                    \"pattern\": \"QP297K\",\n                    \"exclude\": \"JOC745\",\n                    \"info\": \"]sF\"\n                  },\n                  {\n                    \"or\": [\n                      \"UNS0\",\n                      {\n                        \"pattern\": \"IQQ*2Z\",\n                        \"exclude\": \"FEU67F\",\n                        \"info\": \"(}VB{\"\n                      },\n                      {\n                        \"pattern\": \"FDP275\",\n                        \"exclude\": [\n                          \"CUY269R\",\n                          \"OT3x0D\",\n                          \"AJ1\",\n                          \"GHL51F\",\n                          \"CF47G\"\n                        ],\n                        \"info\": \"|\"\n                      },\n                      {\n                        \"and\": []\n                      },\n                      {\n                        \"or\": []\n                      }\n                    ]\n                  },\n                  \"YI9x74\",\n                  {\n                    \"and\": [\n                      {\n                        \"or\": [\n                          {\n                            \"and\": [\n                              \"BQ98*0\",\n                              \"PI80B\",\n                              \"WE1x06\",\n                              \"WH8949\"\n                            ]\n                          },\n                          \"KW9x7R\"\n                        ]\n                      },\n                      \"YE586F\",\n                      \"LN346\",\n                      {\n                        \"pattern\": \"LAP161Q\",\n                        \"exclude\": \"VGN13W\",\n                        \"info\": \"\"\n                      }\n                    ]\n                  }\n                ]\n              },\n              {\n                \"and\": [\n                  {\n                    \"or\": [\n                      \"JQGxW\",\n                      \"XR5\",\n                      {\n                        \"pattern\": \"BIO2\",\n                        \"exclude\": [\n                          \"WZ49\",\n                          \"UWP3580\",\n                          \"GM841O\",\n                          \"RTM5743Q\"\n                        ],\n                        \"info\": \"Cy\"\n                      }\n                    ]\n                  }\n                ]\n              }\n            ],\n            \"satisfy\": [\n              {\n                \"or\": [\n                  {\n                    \"or\": [\n                      \"l}\",\n                      {\n                        \"or\": [\n                          \"te\",\n                          \"qpgtX+#-q`\"\n                        ]\n                      },\n                      {\n                        \"and\": [\n                          \"_nL!<V\",\n                          {\n                            \"and\": [\n                              \"\\\\b}t\"\n                            ]\n                          },\n                          \"jA>gwA<C\",\n                          {\n                            \"and\": [\n                              \".\"\n                            ]\n                          }\n                        ]\n                      },\n                      {\n                        \"mc\": \">=72\"\n                      }\n                    ]\n                  },\n                  {\n                    \"and\": [\n                      {\n                        \"and\": [\n                          \"dv0Tl{m\",\n                          \"%ZST)iLw6\\\\\",\n                          \"O*i4Q4XV\",\n                          {\n                            \"or\": [\n                              {\n                                \"or\": [\n                                  \"4r7\",\n                                  \"Qd0U\",\n                                  \"4PR\"\n                                ]\n                              },\n                              \",LZAr@8DC\",\n                              \"',[{j;?\",\n                              \"ZP}\"\n                            ]\n                          },\n                          \"|q-\"\n                        ]\n                      },\n                      \"i.%ATs2\"\n                    ]\n                  },\n                  {\n                    \"and\": [\n                      {\n                        \"or\": [\n                          {\n                            \"and\": [\n                              \"+JF[r71\",\n                              {\n                                \"mc\": \"<=191\"\n                              },\n                              \"5-\",\n                              {\n                                \"or\": [\n                                  \"jT=\\\\*0Qwg\",\n                                  \"\\\\rC-]O\",\n                                  \"M`f#\"\n                                ]\n                              }\n                            ]\n                          },\n                          \"pBH3 aJ\"\n                        ]\n                      },\n                      \" `Yf400u\",\n                      \"2Q2xfxU4\\\"x\"\n                    ]\n                  }\n                ]\n              },\n              {\n                \"mc\": \"<=176\"\n              },\n              {\n                \"and\": [\n                  \"\\\"{\",\n                  {\n                    \"and\": [\n                      {\n                        \"and\": [\n                          {\n                            \"and\": [\n                              \"^Pe\\\"hvGp\",\n                              \"gna\",\n                              \"?PvPn\",\n                              \"nOAp\",\n                              \"Ul5h4\"\n                            ]\n                          },\n                          \"+I7p (U\",\n                          \"\",\n                          {\n                            \"and\": []\n                          }\n                        ]\n                      },\n                      {\n                        \"and\": [\n                          \"= WIl!oX\",\n                          \",n19HsZ\",\n                          {\n                            \"mc\": \"<=81\"\n                          },\n                          \"iR6\",\n                          \"L|*H%tJu\"\n                        ]\n                      }\n                    ]\n                  },\n                  \"l{kJ`q~FUK\",\n                  {\n                    \"and\": []\n                  }\n                ]\n              },\n              {\n                \"mc\": \"<=114\"\n              }\n            ],\n            \"info\": \"'p$u<BZ`_+\",\n            \"isSelectable\": true\n          },\n          \"?X4=vd\": {\n            \"name\": \"J-~{\\\"eQ]K\",\n            \"ay\": 2015,\n            \"assign\": [\n              \"^(q0\",\n              \"0=Dhnb?{&\\\"\"\n            ],\n            \"match\": {\n              \"pattern\": \"EOF9\",\n              \"info\": \"p~mvWE=J@\"\n            },\n            \"satisfy\": [\n              {\n                \"mc\": \">=13\"\n              },\n              {\n                \"and\": [\n                  {\n                    \"mc\": \">=156\"\n                  },\n                  {\n                    \"and\": []\n                  },\n                  {\n                    \"or\": []\n                  }\n                ]\n              },\n              \"Pae.n;Y-V\",\n              {\n                \"mc\": \"<=125\"\n              }\n            ],\n            \"info\": \"\",\n            \"isSelectable\": true,\n            \"\": {\n              \"ay\": 2007,\n              \"assign\": [\n                \"C\\\"\",\n                \"iA4*X[CB7\",\n                \"#\"\n              ],\n              \"match\": \"MN412\",\n              \"satisfy\": \"'4eH\",\n              \"url\": \"http://t-cbip-j3k4vjevgew.ag4-q1554e6c-eorptdmx2f-dm77wj0e-sp3iq6q8q1w-9e8hdd.0lc8uepwqi2xbcdy4hsznkdbrehwz5d.fjvqo4gbmvae.vqjtgh/jsg\",\n              \"info\": \"mSBq/@Vl\",\n              \"isSelectable\": true\n            }\n          },\n          \"~(mW.?,f<\": {\n            \"name\": \"zF@6US\",\n            \"ay\": 2012,\n            \"assign\": \"SM]'Gx0\",\n            \"url\": \"http://21107mwhts28uokwslw4yelkat7cq60qphnbydfna9ijfb28yd3.d2gbtv.q.m4e3a13i6qtxfgds5t.zna7av-ij91e54wgj9ucwtw5szg-o95av02yvp83ahc3-v4a9jqb8zl.fq/e-/,v_T/8oz//+9S8/Qu@Hr2%F1%82%A6%ABr/3&/3!a-%F1%B9%A0%8FNzz2\",\n            \"isSelectable\": true\n          },\n          \"Ih~<#Tni\": {\n            \"name\": \"N4nr\",\n            \"ay\": 1966,\n            \"assign\": [],\n            \"match\": \"HM09D\",\n            \"satisfy\": [\n              \"vcRZI*\",\n              {\n                \"and\": []\n              },\n              \"WA$4J'\"\n            ],\n            \"url\": \"https://9yf13oz2yug1f58dnsvkt4q3d49owo2uhyb7uwrdfl871-vaf.ptqkzg/:N%F3%80%84%9AgoXf/4f/(iU%F3%80%83%83v8I!%F4%81%BF%81E\",\n            \"info\": \"~3[\",\n            \"isSelectable\": true,\n            \"Pi\": {\n              \"name\": \"rOYpcJ\",\n              \"ay\": 1970,\n              \"assign\": \"K\",\n              \"match\": \"SL052Z\",\n              \"satisfy\": [\n                {\n                  \"mc\": \"<=47\"\n                },\n                \"Q7r>e9P\\\"\",\n                {\n                  \"and\": [\n                    {\n                      \"mc\": \"<=147\"\n                    },\n                    {\n                      \"and\": [\n                        {\n                          \"and\": [\n                            {\n                              \"and\": []\n                            },\n                            \"ol3\\\"\"\n                          ]\n                        },\n                        \"q}kPxlXvyw\",\n                        {\n                          \"mc\": \">=104\"\n                        }\n                      ]\n                    },\n                    {\n                      \"or\": [\n                        \",-b8AE/KHY\",\n                        {\n                          \"mc\": \"<=68\"\n                        },\n                        \"\"\n                      ]\n                    }\n                  ]\n                },\n                {\n                  \"and\": [\n                    {\n                      \"mc\": \"<=88\"\n                    }\n                  ]\n                },\n                {\n                  \"and\": [\n                    {\n                      \"or\": [\n                        \"p@s\\\"\",\n                        \"+GViW2lW\"\n                      ]\n                    },\n                    {\n                      \"mc\": \"<=78\"\n                    }\n                  ]\n                }\n              ],\n              \"url\": \"https://xrg6oa9umwwi8.3.bu3q3ld160np0rg0sq3tl69b85yh7jetlcns.xzql\",\n              \"info\": \"S<`<\",\n              \"isSelectable\": true\n            }\n          }\n        },\n        \"c|c:~\\\\\": {\n          \"assign\": \"IC]!\",\n          \"satisfy\": {\n            \"or\": [\n              \";Mi4hAe\"\n            ]\n          },\n          \"url\": \"https://de4a4wdpsujlnf2s7265limgv1uh39.o3s9miofefnn9fp8j1gzh0fjjho4r6.duybml9bm7fvkfrafsptr2g5xxlo8v-iheq0su.yh.v4o055upjn6c8pdmx0ss10zan3zvugn29vwfl55suwzacltjekmbdy.dmoskxip/wFp(lOq@~$/%F3%94%9F%99g_L%F0%B7%BB%A4IP%F1%A8%84%A2V/QaVJ//(=2Wj/H%EA%B7%B2BXGK2cW/MBZ%E9%8C%87!;Qg/xF:aw)CL/PDUHG54u\",\n          \"info\": \"o5!I(MW{\",\n          \"isSelectable\": true\n        },\n        \"Rx/v/8\": {\n          \"name\": \"\",\n          \"ay\": 2030,\n          \"match\": {\n            \"pattern\": \"LL09*\",\n            \"exclude\": \"XT7\"\n          },\n          \"satisfy\": {\n            \"and\": [\n              {\n                \"mc\": \">=81\"\n              },\n              {\n                \"and\": []\n              },\n              {\n                \"or\": [\n                  \"0Xr~k\",\n                  {\n                    \"mc\": \"<=90\"\n                  }\n                ]\n              }\n            ]\n          },\n          \"info\": \":\",\n          \"isSelectable\": true\n        },\n        \"\": {\n          \"name\": \"uHO)J \",\n          \"ay\": 1993,\n          \"assign\": \"\",\n          \"match\": [\n            {\n              \"pattern\": \"RYQx1x4\",\n              \"exclude\": [\n                \"OND141x\",\n                \"SW9270K\",\n                \"ZFH1W\"\n              ],\n              \"info\": \"\"\n            },\n            {\n              \"or\": [\n                \"YD5\"\n              ]\n            },\n            {\n              \"pattern\": \"LU7C\",\n              \"exclude\": \"UNB08\",\n              \"info\": \"&jK9s@LQ%\"\n            }\n          ],\n          \"satisfy\": {\n            \"or\": [\n              \"\",\n              {\n                \"mc\": \">=162\"\n              },\n              {\n                \"and\": [\n                  {\n                    \"or\": [\n                      \"{F6>\"\n                    ]\n                  },\n                  {\n                    \"mc\": \"<=50\"\n                  }\n                ]\n              },\n              {\n                \"and\": []\n              },\n              \"\"\n            ]\n          },\n          \"url\": \"http://cuqlrwaywwv.efghdr4govmkvk5mota-ibq4lblvd780lfy.9zxu.j2rbgxde7a1p0lr9u481m1w3id3aeehu2orscqphaenz7i0bdi.o.kocoteq/\",\n          \"isSelectable\": true,\n          \"\": {\n            \"name\": \"8\\\\;$\",\n            \"ay\": 1980,\n            \"assign\": \"AOrXw/\",\n            \"match\": \"HD67*\",\n            \"satisfy\": {\n              \"or\": [\n                {\n                  \"mc\": \">=6\"\n                }\n              ]\n            },\n            \"url\": \"https://w5nxqnu.gpihfq/L8abwg_!/y(,/X\",\n            \"info\": \"Xcp@\",\n            \"isSelectable\": true\n          }\n        }\n      },\n      \"<=ts7\": {\n        \"name\": \"!#\\\"\",\n        \"ay\": 1968,\n        \"assign\": [\n          \"O\",\n          \"Fu\",\n          \"s-Y4g_%5a\",\n          \")\",\n          \"Qqg(a}5=L\"\n        ],\n        \"match\": {\n          \"and\": [\n            {\n              \"and\": [\n                {\n                  \"pattern\": \"AB8949\",\n                  \"exclude\": [\n                    \"KA3T\",\n                    \"HH50*0B\"\n                  ],\n                  \"info\": \":6;\"\n                },\n                \"UVP86P\"\n              ]\n            },\n            {\n              \"and\": [\n                \"WNU507Y\",\n                \"DY805\",\n                {\n                  \"or\": [\n                    \"OPZ1582A\"\n                  ]\n                },\n                \"TRK85\"\n              ]\n            },\n            {\n              \"or\": [\n                {\n                  \"or\": [\n                    \"KEK769\",\n                    \"MC364\"\n                  ]\n                },\n                \"CY31P\",\n                {\n                  \"pattern\": \"AQE2x1V\",\n                  \"exclude\": \"KRUx\",\n                  \"info\": \"Cw?rXnE\"\n                },\n                {\n                  \"pattern\": \"SQ7x46A\",\n                  \"exclude\": \"TW205F\",\n                  \"info\": \"\"\n                }\n              ]\n            },\n            {\n              \"or\": [\n                {\n                  \"or\": [\n                    {\n                      \"or\": [\n                        \"CXM5K\",\n                        \"PSI*\",\n                        \"WBN6482\",\n                        \"XDK81*X\"\n                      ]\n                    },\n                    \"OXx18*Y\",\n                    \"BV61\",\n                    {\n                      \"and\": [\n                        \"QYX17N\",\n                        \"JAP7\",\n                        {\n                          \"pattern\": \"XTEx53xL\",\n                          \"exclude\": [\n                            \"IEY6*5\",\n                            \"WHSxx96P\",\n                            \"TP46X\",\n                            \"DSO5x3S\",\n                            \"DD027\"\n                          ],\n                          \"info\": \"c*~uifa,[\\\"\"\n                        },\n                        \"IS7960\"\n                      ]\n                    },\n                    \"VG573G\"\n                  ]\n                }\n              ]\n            }\n          ]\n        },\n        \"satisfy\": {\n          \"mc\": \"<=35\"\n        },\n        \"url\": \"http://xc6wukij3x1gf8uf3e-a03wk33912z2866t85-v2jdgdi29q8yre6zsyqsu.9q5gnf9rdjzgik1eowbbqkeubizh8gtelx02i6pripf.0mk25r1u2kwtjd2emt9lt4z0wlohikr79kh7.v6ji-omk-y-pcwufmkinxcfbcc6q876apu3l50.s0ji1rllfrvo3pfhgxgu2vzpr-zp0lbknw8.ddcw/CMg&d1+@IL\",\n        \"info\": \" CMZ\",\n        \"isSelectable\": true\n      },\n      \"%r~\": {\n        \"name\": \"B%\",\n        \"ay\": 1952,\n        \"assign\": \"\",\n        \"match\": [\n          \"YQ87Q\",\n          {\n            \"and\": [\n              {\n                \"or\": [\n                  {\n                    \"pattern\": \"VI1x*B\",\n                    \"exclude\": [\n                      \"FH56x\",\n                      \"FEG356xE\",\n                      \"AC350A\",\n                      \"XN5R\",\n                      \"NEY3493O\"\n                    ],\n                    \"info\": \"M0d\"\n                  }\n                ]\n              },\n              {\n                \"pattern\": \"QG96G\",\n                \"info\": \"gsM3D\"\n              }\n            ]\n          }\n        ],\n        \"satisfy\": [\n          \"+CJ&m}#&w}\",\n          \"f8\"\n        ],\n        \"url\": \"http://5iaatykze8.o97b.zn/,ka/cx=/@LpT*/ac/yim/~U_/ee,=bQXapr/%28\",\n        \"info\": \"@Y>=,>\",\n        \"isSelectable\": true\n      }\n    }\n  },\n  {\n    \"title\": \"block sample 9\",\n    \"value\": {\n      \"name\": \"\\\"k\\\"!%d0qKi\",\n      \"ay\": 2003,\n      \"assign\": [\n        \"@h`U%L#\",\n        \"Ue5y\\\\~b}w\"\n      ],\n      \"info\": \"# LlE]eq\"\n    }\n  }\n]",
              "code": "fast_check_1.sample(index_test_2.block, 10).forEach((sample, i) => addContext_1.default(this, {\n    title: `block sample ${i}`,\n    value: sample,\n}));\nreturn fast_check_1.assert(fast_check_1.property(index_test_2.block, ajvValidate));",
              "err": {},
              "uuid": "e17f8f8e-49a6-4f72-b70d-3d06ce9c1a99",
              "parentUUID": "9a1886b5-5c45-4bd5-882f-7e969b11c21b",
              "isHook": false,
              "skipped": false
            },
            {
              "title": "should not validate non-object",
              "fullTitle": "blockSchema should not validate non-object",
              "timedOut": false,
              "duration": 1,
              "state": "passed",
              "speed": "fast",
              "pass": true,
              "fail": false,
              "pending": false,
              "context": null,
              "code": "const error = {\n    instancePath: \"\",\n    message: \"block should be an object\",\n};\nisInvalidBlock(null, error);\nisInvalidBlock(undefined, error);\nisInvalidBlock(10, error);\nisInvalidBlock([12, 24], error);\nisInvalidBlock(\"abc\", error);",
              "err": {},
              "uuid": "c48bbc70-0548-470e-941f-12f11fddd902",
              "parentUUID": "9a1886b5-5c45-4bd5-882f-7e969b11c21b",
              "isHook": false,
              "skipped": false
            },
            {
              "title": "should not validate block with invalid properties",
              "fullTitle": "blockSchema should not validate block with invalid properties",
              "timedOut": false,
              "duration": 1,
              "state": "passed",
              "speed": "fast",
              "pass": true,
              "fail": false,
              "pending": false,
              "context": null,
              "code": "isInvalidBlock({\n        name: { foo: \"bar\" },\n        ay: -1000,\n        assign: {},\n        match: 1,\n        satisfy: 2,\n        url: { abc: \"def\" },\n        info: 42,\n        isSelectable: 32,\n    }, { instancePath: \"/name\", message: \"property 'name' should be a string\" }, {\n        instancePath: \"/ay\",\n        message: \"property 'ay' should be a positive integer\",\n    }, {\n        instancePath: \"/assign\",\n        message: \"property 'assign' should be either a block ID or an array of block IDs\",\n    }, {\n        instancePath: \"/match\",\n        message: \"property 'match' should be either a match rule or an array of match rules\",\n    }, {\n        instancePath: \"/satisfy\",\n        message: \"property 'satisfy' should be either a satisfy rule or an array of satisfy rules\",\n    }, { instancePath: \"/url\", message: \"property 'url' should be a string\" }, { instancePath: \"/info\", message: \"property 'info' should be a string\" }, {\n        instancePath: \"/isSelectable\",\n        message: \"property 'isSelectable' should be a boolean\",\n    })",
              "err": {},
              "uuid": "bd431574-265a-4523-b453-a7fb7fd30f9d",
              "parentUUID": "9a1886b5-5c45-4bd5-882f-7e969b11c21b",
              "isHook": false,
              "skipped": false
            }
          ],
          "suites": [],
          "passes": [
            "e17f8f8e-49a6-4f72-b70d-3d06ce9c1a99",
            "c48bbc70-0548-470e-941f-12f11fddd902",
            "bd431574-265a-4523-b453-a7fb7fd30f9d"
          ],
          "failures": [],
          "pending": [],
          "skipped": [],
          "duration": 191,
          "root": false,
          "rootEmpty": false,
          "_timeout": 2000
        },
        {
          "uuid": "4cf7c691-bf0e-423f-afe4-7545ad5b9698",
          "title": "patternToRE",
          "fullFile": "/home/runner/work/planwithus-lib/planwithus-lib/src/matchRule/pattern/satisfiers.test.ts",
          "file": "/src/matchRule/pattern/satisfiers.test.ts",
          "beforeHooks": [],
          "afterHooks": [],
          "tests": [
            {
              "title": "should match valid modules with a single pattern",
              "fullTitle": "patternToRE should match valid modules with a single pattern",
              "timedOut": false,
              "duration": 13,
              "state": "passed",
              "speed": "fast",
              "pass": true,
              "fail": false,
              "pending": false,
              "context": "[\n  {\n    \"title\": \"patternExampleList sample 0\",\n    \"value\": [\n      \"OD69\",\n      [\n        \"OD69\"\n      ]\n    ]\n  },\n  {\n    \"title\": \"patternExampleList sample 1\",\n    \"value\": [\n      \"FH7K\",\n      [\n        \"FH7K\"\n      ]\n    ]\n  },\n  {\n    \"title\": \"patternExampleList sample 2\",\n    \"value\": [\n      \"NTT9\",\n      [\n        \"NTT9\"\n      ]\n    ]\n  },\n  {\n    \"title\": \"patternExampleList sample 3\",\n    \"value\": [\n      \"YF6\",\n      [\n        \"YF6\"\n      ]\n    ]\n  },\n  {\n    \"title\": \"patternExampleList sample 4\",\n    \"value\": [\n      \"LD0569\",\n      [\n        \"LD0569\"\n      ]\n    ]\n  },\n  {\n    \"title\": \"patternExampleList sample 5\",\n    \"value\": [\n      \"SUQ9Y\",\n      [\n        \"SUQ9Y\"\n      ]\n    ]\n  },\n  {\n    \"title\": \"patternExampleList sample 6\",\n    \"value\": [\n      \"WBG2\",\n      [\n        \"WBG2\"\n      ]\n    ]\n  },\n  {\n    \"title\": \"patternExampleList sample 7\",\n    \"value\": [\n      \"LZZ08\",\n      [\n        \"LZZ08\"\n      ]\n    ]\n  },\n  {\n    \"title\": \"patternExampleList sample 8\",\n    \"value\": [\n      \"VEO07\",\n      [\n        \"VEO07\"\n      ]\n    ]\n  },\n  {\n    \"title\": \"patternExampleList sample 9\",\n    \"value\": [\n      \"GV67\",\n      [\n        \"GV67\"\n      ]\n    ]\n  }\n]",
              "code": "fast_check_1.sample(index_test_1.patternExampleList, 10).forEach((sample, i) => addContext_1.default(this, {\n    title: `patternExampleList sample ${i}`,\n    value: sample,\n}));\nreturn fast_check_1.assert(fast_check_1.property(index_test_1.patternExampleList, ([patternStr, examples]) => {\n    const re = _1.patternToRE(patternStr);\n    return examples.every(re.test.bind(re));\n}));",
              "err": {},
              "uuid": "38aaa69d-d0d6-454d-9ffa-41a2413056a9",
              "parentUUID": "4cf7c691-bf0e-423f-afe4-7545ad5b9698",
              "isHook": false,
              "skipped": false
            },
            {
              "title": "should match valid modules with multiple patterns",
              "fullTitle": "patternToRE should match valid modules with multiple patterns",
              "timedOut": false,
              "duration": 66,
              "state": "passed",
              "speed": "medium",
              "pass": true,
              "fail": false,
              "pending": false,
              "context": "[\n  {\n    \"title\": \"patternExampleListArray sample 0\",\n    \"value\": [\n      [\n        \"HM786J\",\n        [\n          \"HM786J\"\n        ]\n      ],\n      [\n        \"JR56\",\n        [\n          \"JR56\"\n        ]\n      ],\n      [\n        \"VCK1V\",\n        [\n          \"VCK1V\"\n        ]\n      ],\n      [\n        \"LBS91Y\",\n        [\n          \"LBS91Y\"\n        ]\n      ],\n      [\n        \"IVV9\",\n        [\n          \"IVV9\"\n        ]\n      ]\n    ]\n  },\n  {\n    \"title\": \"patternExampleListArray sample 1\",\n    \"value\": [\n      [\n        \"VPK60\",\n        [\n          \"VPK60\"\n        ]\n      ],\n      [\n        \"NDM5570H\",\n        [\n          \"NDM5570H\"\n        ]\n      ]\n    ]\n  },\n  {\n    \"title\": \"patternExampleListArray sample 2\",\n    \"value\": [\n      [\n        \"UY396P\",\n        [\n          \"UY396P\"\n        ]\n      ],\n      [\n        \"FL59S\",\n        [\n          \"FL59S\"\n        ]\n      ],\n      [\n        \"GS*75Y\",\n        [\n          \"GSJUMJ10YE75Y\",\n          \"GS05E9WDGL75Y\",\n          \"GSMEC9BUEI75Y\",\n          \"GS75Y\",\n          \"GSSXQTDTY675Y\",\n          \"GSEGBO75Y\",\n          \"GSP75Y\",\n          \"GSMFE5GM75Y\"\n        ]\n      ],\n      [\n        \"AEH8564Y\",\n        [\n          \"AEH8564Y\"\n        ]\n      ]\n    ]\n  },\n  {\n    \"title\": \"patternExampleListArray sample 3\",\n    \"value\": [\n      [\n        \"AJ289xX\",\n        [\n          \"AJ2894X\"\n        ]\n      ],\n      [\n        \"KG2Q\",\n        [\n          \"KG2Q\"\n        ]\n      ],\n      [\n        \"JU41xI\",\n        [\n          \"JU413I\",\n          \"JU412I\",\n          \"JU416I\",\n          \"JU411I\",\n          \"JU419I\",\n          \"JU418I\",\n          \"JU415I\",\n          \"JU414I\",\n          \"JU410I\",\n          \"JU417I\"\n        ]\n      ],\n      [\n        \"IH0685\",\n        [\n          \"IH0685\"\n        ]\n      ],\n      [\n        \"WN1E\",\n        [\n          \"WN1E\"\n        ]\n      ],\n      [\n        \"QYB513\",\n        [\n          \"QYB513\"\n        ]\n      ],\n      [\n        \"TM3S\",\n        [\n          \"TM3S\"\n        ]\n      ],\n      [\n        \"WLK9x8\",\n        [\n          \"WLK968\",\n          \"WLK908\",\n          \"WLK958\",\n          \"WLK998\",\n          \"WLK988\",\n          \"WLK948\",\n          \"WLK928\",\n          \"WLK918\",\n          \"WLK978\",\n          \"WLK938\"\n        ]\n      ],\n      [\n        \"OK521x\",\n        [\n          \"OK5211\",\n          \"OK5210\",\n          \"OK5216\",\n          \"OK5215\",\n          \"OK5214\",\n          \"OK5219\"\n        ]\n      ]\n    ]\n  },\n  {\n    \"title\": \"patternExampleListArray sample 4\",\n    \"value\": [\n      [\n        \"ILV4N\",\n        [\n          \"ILV4N\"\n        ]\n      ],\n      [\n        \"ZK63W\",\n        [\n          \"ZK63W\"\n        ]\n      ],\n      [\n        \"KY5A\",\n        [\n          \"KY5A\"\n        ]\n      ],\n      [\n        \"TE0V\",\n        [\n          \"TE0V\"\n        ]\n      ],\n      [\n        \"XCJ00*\",\n        [\n          \"XCJ008E\",\n          \"XCJ004GD\",\n          \"XCJ00V\"\n        ]\n      ],\n      [\n        \"SZU738B\",\n        [\n          \"SZU738B\"\n        ]\n      ],\n      [\n        \"DCD1491\",\n        [\n          \"DCD1491\"\n        ]\n      ],\n      [\n        \"SH1\",\n        [\n          \"SH1\"\n        ]\n      ],\n      [\n        \"NP7*9\",\n        [\n          \"NP7YFR59\",\n          \"NP79\",\n          \"NP7S0TUSM19\",\n          \"NP7AIB9\",\n          \"NP7U9PNH29\",\n          \"NP7XQZV7769\",\n          \"NP78L09\",\n          \"NP74BD0D89\"\n        ]\n      ]\n    ]\n  },\n  {\n    \"title\": \"patternExampleListArray sample 5\",\n    \"value\": [\n      [\n        \"QGx66F\",\n        [\n          \"QG566F\",\n          \"QG466F\",\n          \"QG266F\",\n          \"QG066F\",\n          \"QG966F\",\n          \"QG366F\",\n          \"QG666F\",\n          \"QG866F\",\n          \"QG766F\",\n          \"QG166F\"\n        ]\n      ],\n      [\n        \"FC0Z\",\n        [\n          \"FC0Z\"\n        ]\n      ],\n      [\n        \"ZV9\",\n        [\n          \"ZV9\"\n        ]\n      ],\n      [\n        \"YC0920F\",\n        [\n          \"YC0920F\"\n        ]\n      ],\n      [\n        \"PY185\",\n        [\n          \"PY185\"\n        ]\n      ],\n      [\n        \"XEF4M\",\n        [\n          \"XEF4M\"\n        ]\n      ],\n      [\n        \"CBK37*5W\",\n        [\n          \"CBK375W\",\n          \"CBK37Y86ML8R5W\",\n          \"CBK37N8L5W\",\n          \"CBK375FN8BQ6T5W\",\n          \"CBK37WZ5W\",\n          \"CBK3725MJSKP5W\"\n        ]\n      ],\n      [\n        \"BV17\",\n        [\n          \"BV17\"\n        ]\n      ],\n      [\n        \"CT2*\",\n        [\n          \"CT28\",\n          \"CT2B6VY57\",\n          \"CT2KCT7NSP2\"\n        ]\n      ],\n      [\n        \"BBx20*\",\n        [\n          \"BB720YYZM\",\n          \"BB020Z9U\",\n          \"BB620\",\n          \"BB320\",\n          \"BB1205MUS\",\n          \"BB920I6LNQRPQ\",\n          \"BB920\",\n          \"BB520SRJ3QIN\",\n          \"BB3202F\",\n          \"BB5202MN\",\n          \"BB8209NZS1D\",\n          \"BB3205GQ4L\"\n        ]\n      ],\n      [\n        \"FS*1\",\n        [\n          \"FSVR51\",\n          \"FSUBKAF1R11\",\n          \"FSRIP1\",\n          \"FSR1\",\n          \"FSBIC1\",\n          \"FSBK351\",\n          \"FSOH3I52D1\",\n          \"FSH1\",\n          \"FSOOT71\",\n          \"FSFL3SFT1\"\n        ]\n      ],\n      [\n        \"CRE362T\",\n        [\n          \"CRE362T\"\n        ]\n      ]\n    ]\n  },\n  {\n    \"title\": \"patternExampleListArray sample 6\",\n    \"value\": [\n      [\n        \"LR3A\",\n        [\n          \"LR3A\"\n        ]\n      ],\n      [\n        \"LFX3\",\n        [\n          \"LFX3\"\n        ]\n      ]\n    ]\n  },\n  {\n    \"title\": \"patternExampleListArray sample 7\",\n    \"value\": [\n      [\n        \"EHA9Z\",\n        [\n          \"EHA9Z\"\n        ]\n      ],\n      [\n        \"OK5\",\n        [\n          \"OK5\"\n        ]\n      ],\n      [\n        \"AHG81*O\",\n        [\n          \"AHG81SHTTC7YMO\",\n          \"AHG81BO\",\n          \"AHG81W72O\",\n          \"AHG81O\",\n          \"AHG812NO\",\n          \"AHG812BO\"\n        ]\n      ],\n      [\n        \"UIA1xA\",\n        [\n          \"UIA15A\"\n        ]\n      ],\n      [\n        \"WWL0103L\",\n        [\n          \"WWL0103L\"\n        ]\n      ],\n      [\n        \"PXB0*2X\",\n        [\n          \"PXB0HLIW2X\",\n          \"PXB0512X\",\n          \"PXB01O2X\",\n          \"PXB0RUXHV12X\",\n          \"PXB0ZJU2X\",\n          \"PXB0F2X\",\n          \"PXB09F3MGP2X\",\n          \"PXB0X2X\",\n          \"PXB0G2DN07E2X\",\n          \"PXB0MAZFCGW2X\",\n          \"PXB0KWW2X\",\n          \"PXB0DRCR2X\"\n        ]\n      ],\n      [\n        \"JQ3*\",\n        [\n          \"JQ3JU8\",\n          \"JQ3XFQHV3A\",\n          \"JQ3F7U7YHD4\",\n          \"JQ3564H9\",\n          \"JQ3C9UZZ6\",\n          \"JQ30WHTB427\"\n        ]\n      ]\n    ]\n  },\n  {\n    \"title\": \"patternExampleListArray sample 8\",\n    \"value\": [\n      [\n        \"MH2x\",\n        [\n          \"MH20\",\n          \"MH28\",\n          \"MH27\",\n          \"MH29\"\n        ]\n      ]\n    ]\n  },\n  {\n    \"title\": \"patternExampleListArray sample 9\",\n    \"value\": [\n      [\n        \"RME4H\",\n        [\n          \"RME4H\"\n        ]\n      ],\n      [\n        \"HW081O\",\n        [\n          \"HW081O\"\n        ]\n      ]\n    ]\n  }\n]",
[...]
              "fullTitle": "inequalitySatisfier should truncate list of modules with upper bound of MCs, cutting off at the minimum starting sequence that exceeds upper bound, if total MC count is higher and there exists no starting sequence with exact MC count",
              "timedOut": false,
              "duration": 0,
              "state": "passed",
              "speed": "fast",
              "pass": true,
              "fail": false,
              "pending": false,
              "context": null,
              "code": "const satisfier = satisfiers_1.inequalitySatisfier(ref, \"<=17\");\nsatisfier.should.have.property(\"filter\");\nconst { filter } = satisfier;\nisCorrectFilter(filter, modulesList1, [\n    \"CS2100\",\n    \"GER1000\",\n    \"CS2040S\",\n    \"ST2131\",\n    \"MA1521\",\n]);",
              "err": {},
              "uuid": "55e738d2-bad8-4ac8-a97d-7c82512089a4",
              "parentUUID": "671b8feb-52e7-4053-a6ab-1b98b4efb802",
              "isHook": false,
              "skipped": false
            }
          ],
          "suites": [],
          "passes": [
            "fcccfa91-8757-4e73-8866-873ffb43cd0b",
            "7175bcb3-fb79-4aef-9bb3-79d1043ebb84",
            "aa363eaf-157e-41b9-af91-be473cafed75",
            "2fc447ea-f860-42d6-9073-80075414b96c",
            "b9e2aa1a-2ad2-4173-b963-679cacff869c",
            "61640624-9501-44ab-aeb2-6666e5f19b14",
            "55e738d2-bad8-4ac8-a97d-7c82512089a4"
          ],
          "failures": [],
          "pending": [],
          "skipped": [],
          "duration": 2,
          "root": false,
          "rootEmpty": false,
          "_timeout": 2000
        },
        {
          "uuid": "e9d7c4ca-e826-4afa-978f-799a5138d3d0",
          "title": "inequalitySchema",
          "fullFile": "/home/runner/work/planwithus-lib/planwithus-lib/src/satisfyRule/inequality/schemas.test.ts",
          "file": "/src/satisfyRule/inequality/schemas.test.ts",
          "beforeHooks": [],
          "afterHooks": [],
          "tests": [
            {
              "title": "should validate inequality in the form <=n or >=n",
              "fullTitle": "inequalitySchema should validate inequality in the form <=n or >=n",
              "timedOut": false,
              "duration": 1,
              "state": "passed",
              "speed": "fast",
              "pass": true,
              "fail": false,
              "pending": false,
              "context": "[\n  {\n    \"title\": \"inequality sample 0\",\n    \"value\": \"<=22\"\n  },\n  {\n    \"title\": \"inequality sample 1\",\n    \"value\": \"<=5\"\n  },\n  {\n    \"title\": \"inequality sample 2\",\n    \"value\": \">=8\"\n  },\n  {\n    \"title\": \"inequality sample 3\",\n    \"value\": \">=4\"\n  },\n  {\n    \"title\": \"inequality sample 4\",\n    \"value\": \"<=160\"\n  },\n  {\n    \"title\": \"inequality sample 5\",\n    \"value\": \"<=198\"\n  },\n  {\n    \"title\": \"inequality sample 6\",\n    \"value\": \"<=36\"\n  },\n  {\n    \"title\": \"inequality sample 7\",\n    \"value\": \"<=5\"\n  },\n  {\n    \"title\": \"inequality sample 8\",\n    \"value\": \"<=33\"\n  },\n  {\n    \"title\": \"inequality sample 9\",\n    \"value\": \"<=6\"\n  }\n]",
              "code": "fast_check_1.sample(index_test_2.inequality, 10).forEach((sample, i) => addContext_1.default(this, {\n    title: `inequality sample ${i}`,\n    value: sample,\n}));\nreturn fast_check_1.assert(fast_check_1.property(index_test_2.inequality, ajvValidate));",
              "err": {},
              "uuid": "e7d0d808-27b8-4853-b002-b10a32894f2c",
              "parentUUID": "e9d7c4ca-e826-4afa-978f-799a5138d3d0",
              "isHook": false,
              "skipped": false
            },
            {
              "title": "should not validate inequality of invalid form",
              "fullTitle": "inequalitySchema should not validate inequality of invalid form",
              "timedOut": false,
              "duration": 2,
              "state": "passed",
              "speed": "fast",
              "pass": true,
              "fail": false,
              "pending": false,
              "context": null,
              "code": "[\n        \"\",\n        \"==23\",\n        \"23\",\n        \"<23\",\n        \">23\",\n        \"<=-1\",\n        \">=-1\",\n        \"<= 2\",\n        \">= 1\",\n        \"> 3\",\n        \"< 3\",\n        \"<=3a\",\n        \">=3a\",\n        \"a<=3\",\n        \"a>=3\",\n    ].forEach(isInvalidInequality)",
              "err": {},
              "uuid": "1f1c03bb-798c-4f03-85d6-f45d33fbb08b",
              "parentUUID": "e9d7c4ca-e826-4afa-978f-799a5138d3d0",
              "isHook": false,
              "skipped": false
            }
          ],
          "suites": [],
          "passes": [
            "e7d0d808-27b8-4853-b002-b10a32894f2c",
            "1f1c03bb-798c-4f03-85d6-f45d33fbb08b"
          ],
          "failures": [],
          "pending": [],
          "skipped": [],
          "duration": 3,
          "root": false,
          "rootEmpty": false,
          "_timeout": 2000
        },
        {
          "uuid": "65368964-5a28-4bb2-a811-59d274e394e3",
          "title": "satisfyRuleSchema",
          "fullFile": "/home/runner/work/planwithus-lib/planwithus-lib/src/satisfyRule/schemas.test.ts",
          "file": "/src/satisfyRule/schemas.test.ts",
          "beforeHooks": [],
          "afterHooks": [],
          "tests": [
            {
              "title": "should validate satisfy rule with valid block id",
              "fullTitle": "satisfyRuleSchema should validate satisfy rule with valid block id",
              "timedOut": false,
              "duration": 1,
              "state": "passed",
              "speed": "fast",
              "pass": true,
              "fail": false,
              "pending": false,
              "context": null,
              "code": "fast_check_1.assert(fast_check_1.property(fast_check_1.string(), ajvValidate)",
              "err": {},
              "uuid": "b309cc53-22d9-43f8-891c-ef522f6086f7",
              "parentUUID": "65368964-5a28-4bb2-a811-59d274e394e3",
              "isHook": false,
              "skipped": false
            },
            {
              "title": "should validate satisfy rules with valid mc",
              "fullTitle": "satisfyRuleSchema should validate satisfy rules with valid mc",
              "timedOut": false,
              "duration": 2,
              "state": "passed",
              "speed": "fast",
              "pass": true,
              "fail": false,
              "pending": false,
              "context": "[\n  {\n    \"title\": \"mcSatisfyRule sample 0\",\n    \"value\": {\n      \"mc\": \">=1\"\n    }\n  },\n  {\n    \"title\": \"mcSatisfyRule sample 1\",\n    \"value\": {\n      \"mc\": \"<=180\"\n    }\n  },\n  {\n    \"title\": \"mcSatisfyRule sample 2\",\n    \"value\": {\n      \"mc\": \">=189\"\n    }\n  },\n  {\n    \"title\": \"mcSatisfyRule sample 3\",\n    \"value\": {\n      \"mc\": \"<=185\"\n    }\n  },\n  {\n    \"title\": \"mcSatisfyRule sample 4\",\n    \"value\": {\n      \"mc\": \">=8\"\n    }\n  },\n  {\n    \"title\": \"mcSatisfyRule sample 5\",\n    \"value\": {\n      \"mc\": \"<=4\"\n    }\n  },\n  {\n    \"title\": \"mcSatisfyRule sample 6\",\n    \"value\": {\n      \"mc\": \"<=150\"\n    }\n  },\n  {\n    \"title\": \"mcSatisfyRule sample 7\",\n    \"value\": {\n      \"mc\": \">=54\"\n    }\n  },\n  {\n    \"title\": \"mcSatisfyRule sample 8\",\n    \"value\": {\n      \"mc\": \"<=8\"\n    }\n  },\n  {\n    \"title\": \"mcSatisfyRule sample 9\",\n    \"value\": {\n      \"mc\": \">=125\"\n    }\n  }\n]",
              "code": "fast_check_1.sample(index_test_2.mcSatisfyRule, 10).forEach((sample, i) => addContext_1.default(this, {\n    title: `mcSatisfyRule sample ${i}`,\n    value: sample,\n}));\nreturn fast_check_1.assert(fast_check_1.property(index_test_2.mcSatisfyRule, ajvValidate));",
              "err": {},
              "uuid": "cf840c22-5b97-4639-983d-ef151512d8d0",
              "parentUUID": "65368964-5a28-4bb2-a811-59d274e394e3",
              "isHook": false,
              "skipped": false
            },
            {
              "title": "should validate valid recursive satisfy rules",
              "fullTitle": "satisfyRuleSchema should validate valid recursive satisfy rules",
              "timedOut": false,
              "duration": 4,
              "state": "passed",
              "speed": "fast",
              "pass": true,
              "fail": false,
              "pending": false,
              "context": "[\n  {\n    \"title\": \"satisfyRule sample 0\",\n    \"value\": {\n      \"and\": [\n        {\n          \"or\": [\n            \"98\",\n            {\n              \"or\": [\n                \"T_~WU@IG\",\n                \"\\\"^7LI0j>jn\",\n                {\n                  \"or\": []\n                },\n                {\n                  \"mc\": \">=11\"\n                }\n              ]\n            }\n          ]\n        },\n        {\n          \"mc\": \"<=156\"\n        },\n        {\n          \"mc\": \"<=199\"\n        }\n      ]\n    }\n  },\n  {\n    \"title\": \"satisfyRule sample 1\",\n    \"value\": {\n      \"or\": [\n        {\n          \"mc\": \">=164\"\n        },\n        \"-%9\"\n      ]\n    }\n  },\n  {\n    \"title\": \"satisfyRule sample 2\",\n    \"value\": {\n      \"or\": [\n        {\n          \"or\": [\n            {\n              \"and\": [\n                \"8\",\n                \"Eq8_3tEi8\",\n                \"O1xd{&\",\n                {\n                  \"and\": [\n                    {\n                      \"or\": []\n                    },\n                    \"$\",\n                    \"Jxm_iX=S\",\n                    \"9'u1=u\"\n                  ]\n                },\n                \"\"\n              ]\n            },\n            \"Hm@IPUq%=\"\n          ]\n        },\n        \"\\\"[#\",\n        {\n          \"or\": [\n            \"|oRmG\"\n          ]\n        }\n      ]\n    }\n  },\n  {\n    \"title\": \"satisfyRule sample 3\",\n    \"value\": {\n      \"or\": [\n        {\n          \"mc\": \">=167\"\n        },\n        {\n          \"or\": [\n            \"]neBjI:36\",\n            {\n              \"or\": []\n            },\n            \"?d\"\n          ]\n        },\n        {\n          \"mc\": \">=133\"\n        },\n        \"xZ'\"\n      ]\n    }\n  },\n  {\n    \"title\": \"satisfyRule sample 4\",\n    \"value\": {\n      \"or\": [\n        {\n          \"mc\": \">=34\"\n        }\n      ]\n    }\n  },\n  {\n    \"title\": \"satisfyRule sample 5\",\n    \"value\": \"OG$'{~5B/\"\n  },\n  {\n    \"title\": \"satisfyRule sample 6\",\n    \"value\": \"\"\n  },\n  {\n    \"title\": \"satisfyRule sample 7\",\n    \"value\": {\n      \"and\": [\n        \"%OcY#F\",\n        {\n          \"and\": []\n        }\n      ]\n    }\n  },\n  {\n    \"title\": \"satisfyRule sample 8\",\n    \"value\": {\n      \"and\": [\n        {\n          \"and\": [\n            {\n              \"or\": [\n                \"NPZM{,t\",\n                \"B\",\n                \"r0~AM\"\n              ]\n            },\n            \"&KWY~3(\",\n            {\n              \"and\": [\n                \"ok)VHh\"\n              ]\n            },\n            {\n              \"and\": [\n                \"E}*GTb=\"\n              ]\n            },\n            \"MQR\"\n          ]\n        },\n        {\n          \"and\": [\n            {\n              \"mc\": \"<=5\"\n            },\n            {\n              \"and\": [\n                \"'NkFs|#Ub\"\n              ]\n            },\n            {\n              \"or\": [\n                {\n                  \"or\": []\n                },\n                {\n                  \"mc\": \"<=92\"\n                }\n              ]\n            },\n            {\n              \"mc\": \">=52\"\n            },\n            \"A@zt>8\"\n          ]\n        },\n        {\n          \"and\": [\n            {\n              \"or\": [\n                {\n                  \"or\": [\n                    \"Pdp\",\n                    {\n                      \"and\": [\n                        {\n                          \"or\": [\n                            \"3w),hprA\",\n                            \"U(\",\n                            \"\"\n                          ]\n                        },\n                        \"`l$C,\\\"\",\n                        {\n                          \"mc\": \">=193\"\n                        },\n                        \"c:M\\\"7}I\\\\\"\n                      ]\n                    },\n                    \"Z!Ulr\",\n                    \"<^7EF\",\n                    \"f?oV\"\n                  ]\n                },\n                \"\"\n              ]\n            },\n            \"-Se61U?p&\",\n            \"uf=%\"\n          ]\n        }\n      ]\n    }\n  },\n  {\n    \"title\": \"satisfyRule sample 9\",\n    \"value\": {\n      \"mc\": \"<=194\"\n    }\n  }\n]",
              "code": "fast_check_1.sample(index_test_2.satisfyRule, 10).forEach((sample, i) => addContext_1.default(this, {\n    title: `satisfyRule sample ${i}`,\n    value: sample,\n}));\nreturn fast_check_1.assert(fast_check_1.property(index_test_2.satisfyRule, ajvValidate));",
              "err": {},
              "uuid": "f1df8243-ddaf-463f-acc5-05009f05c42c",
              "parentUUID": "65368964-5a28-4bb2-a811-59d274e394e3",
              "isHook": false,
              "skipped": false
            },
            {
              "title": "should not validate non-string/object",
              "fullTitle": "satisfyRuleSchema should not validate non-string/object",
              "timedOut": false,
              "duration": 1,
              "state": "passed",
              "speed": "fast",
              "pass": true,
              "fail": false,
              "pending": false,
              "context": null,
              "code": "const error = {\n    instancePath: \"\",\n    message: \"satisfy rule should be either a string or an object\",\n};\nisInvalidRule(null, error);\nisInvalidRule(undefined, error);\nisInvalidRule(10, error);\nisInvalidRule([12, 24], error);",
              "err": {},
              "uuid": "2ba478fe-711f-4418-9fd4-09a7b60d3263",
              "parentUUID": "65368964-5a28-4bb2-a811-59d274e394e3",
              "isHook": false,
              "skipped": false
            },
            {
              "title": "should not validate satisfy rules with extra properties",
              "fullTitle": "satisfyRuleSchema should not validate satisfy rules with extra properties",
              "timedOut": false,
              "duration": 0,
              "state": "passed",
              "speed": "fast",
              "pass": true,
              "fail": false,
              "pending": false,
              "context": null,
              "code": "isInvalidRule({\n        and: [\n            { or: [\"2k\"], abc: \"def\" },\n            { mc: 8, ghi: \"jkl\" },\n        ],\n        mno: \"pqr\",\n    }, {\n        instancePath: \"/and/0\",\n        message: \"or satisfy rule should have property 'or' only\",\n    }, {\n        instancePath: \"/and/1\",\n        message: \"MC satisfy rule should have property 'mc' only\",\n    }, {\n        instancePath: \"\",\n        message: \"and satisfy rule should have property 'and' only\",\n    })",
              "err": {},
              "uuid": "5f02edd6-2f55-42d1-a225-8720affa7143",
              "parentUUID": "65368964-5a28-4bb2-a811-59d274e394e3",
              "isHook": false,
              "skipped": false
            },
            {
              "title": "should not validate ambiguous satisfy rules",
              "fullTitle": "satisfyRuleSchema should not validate ambiguous satisfy rules",
              "timedOut": false,
              "duration": 1,
              "state": "passed",
              "speed": "fast",
              "pass": true,
              "fail": false,
              "pending": false,
              "context": null,
              "code": "const message = \"satisfy rule should have only one of properties 'mc', 'and', 'or'\";\nisInvalidRule({\n    or: [\n        { mc: 5, and: [\"CS2040\"] },\n        { and: [{ and: [\"abc\"], or: [\"def\"] }] },\n    ],\n}, { instancePath: \"/or/0\", message }, { instancePath: \"/or/1/and/0\", message });",
              "err": {},
              "uuid": "fbf8f1d8-adb7-4b56-b296-c7f099cde177",
              "parentUUID": "65368964-5a28-4bb2-a811-59d274e394e3",
              "isHook": false,
              "skipped": false
            },
            {
              "title": "should not validate and satisfy rules with non-array property",
              "fullTitle": "satisfyRuleSchema should not validate and satisfy rules with non-array property",
              "timedOut": false,
              "duration": 0,
              "state": "passed",
              "speed": "fast",
              "pass": true,
              "fail": false,
              "pending": false,
              "context": null,
              "code": "const message = \"property 'and' should be an array of satisfy rules\";\nisInvalidRule({ or: [{ and: {} }, { or: [{ and: 3 }] }] }, { instancePath: \"/or/0/and\", message }, { instancePath: \"/or/1/or/0/and\", message });",
              "err": {},
              "uuid": "f9978dad-c2c6-4e7a-99d5-c26c846fbf9b",
              "parentUUID": "65368964-5a28-4bb2-a811-59d274e394e3",
              "isHook": false,
              "skipped": false
            },
            {
              "title": "should not validate or satisfy rules with non-array property",
              "fullTitle": "satisfyRuleSchema should not validate or satisfy rules with non-array property",
              "timedOut": false,
              "duration": 1,
              "state": "passed",
              "speed": "fast",
              "pass": true,
              "fail": false,
              "pending": false,
              "context": null,
              "code": "const message = \"property 'or' should be an array of satisfy rules\";\nisInvalidRule({ and: [{ or: {} }, { and: [{ or: 3 }] }] }, { instancePath: \"/and/0/or\", message }, { instancePath: \"/and/1/and/0/or\", message });",
              "err": {},
              "uuid": "fe1aac90-6dfe-4994-9489-c9b2c3eace22",
              "parentUUID": "65368964-5a28-4bb2-a811-59d274e394e3",
              "isHook": false,
              "skipped": false
            }
          ],
          "suites": [],
          "passes": [
            "b309cc53-22d9-43f8-891c-ef522f6086f7",
            "cf840c22-5b97-4639-983d-ef151512d8d0",
            "f1df8243-ddaf-463f-acc5-05009f05c42c",
            "2ba478fe-711f-4418-9fd4-09a7b60d3263",
            "5f02edd6-2f55-42d1-a225-8720affa7143",
            "fbf8f1d8-adb7-4b56-b296-c7f099cde177",
            "f9978dad-c2c6-4e7a-99d5-c26c846fbf9b",
            "fe1aac90-6dfe-4994-9489-c9b2c3eace22"
          ],
          "failures": [],
          "pending": [],
          "skipped": [],
          "duration": 10,
          "root": false,
          "rootEmpty": false,
          "_timeout": 2000
        }
      ],
      "passes": [],
      "failures": [],
      "pending": [],
      "skipped": [],
      "duration": 0,
      "root": true,
      "rootEmpty": true,
      "_timeout": 2000
    }
  ],
  "meta": {
    "mocha": {
      "version": "9.0.3"
    },
    "mochawesome": {
      "options": {
        "quiet": false,
        "reportFilename": "mochawesome",
        "saveHtml": true,
        "saveJson": true,
        "consoleReporter": "spec",
        "useInlineDiffs": false,
        "code": true
      },
      "version": "6.2.2"
    },
    "marge": {
      "options": {
        "reportDir": "docs"
      },
      "version": "5.2.0"
    }
  }
}