{
  "stats": {
    "suites": 10,
    "tests": 48,
    "passes": 48,
    "pending": 0,
    "failures": 0,
    "start": "2021-08-13T07:53:32.004Z",
    "end": "2021-08-13T07:53:32.314Z",
    "duration": 310,
    "testsRegistered": 48,
    "passPercent": 100,
    "pendingPercent": 0,
    "other": 0,
    "hasOther": false,
    "skipped": 0,
    "hasSkipped": false
  },
  "results": [
    {
      "uuid": "ddc7db61-739e-4b12-a948-c5e07a8c1381",
      "title": "",
      "fullFile": "",
      "file": "",
      "beforeHooks": [],
      "afterHooks": [],
      "tests": [],
      "suites": [
        {
          "uuid": "88f4403b-1350-442d-95f9-0adb7d42e44b",
          "title": "initDirectories",
          "fullFile": "/home/runner/work/planwithus-lib/planwithus-lib/src/block/schemas.test.ts",
          "file": "/src/block/schemas.test.ts",
          "beforeHooks": [],
          "afterHooks": [],
          "tests": [
            {
              "title": "should parse all blocks with no errors",
              "fullTitle": "initDirectories should parse all blocks with no errors",
              "timedOut": false,
              "duration": 3,
              "state": "passed",
              "speed": "fast",
              "pass": true,
              "fail": false,
              "pending": false,
              "context": null,
              "code": "_1.initDirectories.should.not.throw()",
              "err": {},
              "uuid": "49193167-493c-4d46-9690-6d6ea5b0c03a",
              "parentUUID": "88f4403b-1350-442d-95f9-0adb7d42e44b",
              "isHook": false,
              "skipped": false
            },
            {
              "title": "should produce primary, second & minor directories",
              "fullTitle": "initDirectories should produce primary, second & minor directories",
              "timedOut": false,
              "duration": 2,
              "state": "passed",
              "speed": "fast",
              "pass": true,
              "fail": false,
              "pending": false,
              "context": null,
              "code": "const directories = _1.initDirectories();\ndirectories.should.have.property(\"primary\");\ndirectories.should.have.property(\"second\");\ndirectories.should.have.property(\"minor\");",
              "err": {},
              "uuid": "45fc3a28-21bf-49cf-a641-8faf782f1205",
              "parentUUID": "88f4403b-1350-442d-95f9-0adb7d42e44b",
              "isHook": false,
              "skipped": false
            }
          ],
          "suites": [],
          "passes": [
            "49193167-493c-4d46-9690-6d6ea5b0c03a",
            "45fc3a28-21bf-49cf-a641-8faf782f1205"
          ],
          "failures": [],
          "pending": [],
          "skipped": [],
          "duration": 5,
          "root": false,
          "rootEmpty": false,
          "_timeout": 2000
        },
        {
          "uuid": "51122a3e-8cbd-4b1a-8e0b-7e8a16cbaa77",
          "title": "blockSchema",
          "fullFile": "/home/runner/work/planwithus-lib/planwithus-lib/src/block/schemas.test.ts",
          "file": "/src/block/schemas.test.ts",
          "beforeHooks": [],
          "afterHooks": [],
          "tests": [
            {
              "title": "should validate valid block",
              "fullTitle": "blockSchema should validate valid block",
              "timedOut": false,
              "duration": 173,
              "state": "passed",
              "speed": "slow",
              "pass": true,
              "fail": false,
              "pending": false,
              "context": "[\n  {\n    \"title\": \"block sample 0\",\n    \"value\": {\n      \"name\": \"u{{f |z$  \",\n      \"assign\": \"yKZ(\",\n      \"match\": [\n        \"YGQ01\",\n        {\n          \"pattern\": \"JKK26\",\n          \"exclude\": [],\n          \"info\": \"i!9 xV@(\"\n        },\n        {\n          \"pattern\": \"AS716\",\n          \"exclude\": \"AEV9U\",\n          \"info\": \"J\"\n        },\n        {\n          \"and\": [\n            \"GU6xH\",\n            {\n              \"and\": []\n            },\n            {\n              \"and\": [\n                \"UA60*2\",\n                \"KR3xx\",\n                {\n                  \"pattern\": \"CVV5\",\n                  \"info\": \"<?m[?HF2i\"\n                },\n                \"KMF0x2\",\n                {\n                  \"and\": [\n                    {\n                      \"or\": [\n                        \"JJY34X\",\n                        \"QHxM\"\n                      ]\n                    },\n                    {\n                      \"or\": [\n                        \"BOJ6\"\n                      ]\n                    },\n                    \"BE578\",\n                    \"SQ8\",\n                    {\n                      \"or\": [\n                        {\n                          \"or\": [\n                            \"OXL62V\",\n                            \"EA8\",\n                            \"DRxx20\"\n                          ]\n                        }\n                      ]\n                    }\n                  ]\n                }\n              ]\n            },\n            {\n              \"pattern\": \"SA3*83\",\n              \"exclude\": [\n                \"YZ0N\"\n              ],\n              \"info\": \" **b 5]$Z\"\n            }\n          ]\n        },\n        {\n          \"pattern\": \"UHKx*70\",\n          \"exclude\": \"OI35C\",\n          \"info\": \"ez{7\"\n        }\n      ],\n      \"satisfy\": {\n        \"and\": [\n          {\n            \"and\": [\n              {\n                \"or\": [\n                  \"D0}]LI\\\"2ue\",\n                  \"f\",\n                  \"=\",\n                  {\n                    \"mc\": \"<=110\"\n                  },\n                  \"^y\"\n                ]\n              },\n              \"n!Z\",\n              {\n                \"or\": [\n                  {\n                    \"or\": [\n                      \"~>5`1}S\",\n                      \"\\\"k++*\",\n                      {\n                        \"mc\": \">=80\"\n                      }\n                    ]\n                  },\n                  \"*Rf91qldQ\",\n                  {\n                    \"and\": [\n                      \"I4}FC>t\",\n                      \"\",\n                      {\n                        \"or\": [\n                          \"\\\\'O=9U\",\n                          {\n                            \"or\": [\n                              \"?Q-$Kh:\",\n                              \"u\",\n                              \"iq0\",\n                              \"n\",\n                              \"g:G]'Qzg\"\n                            ]\n                          }\n                        ]\n                      },\n                      \"8B\",\n                      \"Svt)\\\\g\"\n                    ]\n                  },\n                  \"}8n\",\n                  \"E2dT45\"\n                ]\n              },\n              {\n                \"or\": []\n              }\n            ]\n          }\n        ]\n      },\n      \"isSelectable\": true\n    }\n  },\n  {\n    \"title\": \"block sample 1\",\n    \"value\": {\n      \"name\": \"fM#+zKddH\",\n      \"ay\": 2022,\n      \"assign\": [],\n      \"match\": {\n        \"and\": []\n      },\n      \"satisfy\": [\n        {\n          \"mc\": \">=5\"\n        },\n        {\n          \"mc\": \"<=194\"\n        },\n        {\n          \"mc\": \"<=139\"\n        },\n        \"2X\"\n      ],\n      \"url\": \"https://n.cawde/wHHtJH_/z/hK&J(5'/,B\",\n      \"isSelectable\": true\n    }\n  },\n  {\n    \"title\": \"block sample 2\",\n    \"value\": {\n      \"name\": \"#\",\n      \"ay\": 1953,\n      \"assign\": [\n        \"!\\\\\",\n        \"\",\n        \"PjSkLW\",\n        \"ndI<<}z6\",\n        \"vNalw&\"\n      ],\n      \"match\": [],\n      \"satisfy\": {\n        \"mc\": \"<=193\"\n      },\n      \"url\": \"http://fcnnw0c3k580bmikmyys0bomq85xt1k5ch0j21wy3dlp26hjycvp5lvxt1a.lie4oocsu9m8jzo6y4it-gft3p25-ec.nydd9.6-g.dvtw/.8GeunC7m%F2%87%90%96/&*8gp%F1%9A%8D%9EI/7T-OA/+z/+a3qQQz\",\n      \"info\": \"\",\n      \"isSelectable\": true\n    }\n  },\n  {\n    \"title\": \"block sample 3\",\n    \"value\": {\n      \"name\": \"C#i6Tg\",\n      \"match\": [\n        {\n          \"and\": [\n            \"QU23N\",\n            \"RO361\",\n            {\n              \"pattern\": \"ITU421\",\n              \"info\": \"JNK8C!,o\"\n            },\n            \"VSNx\",\n            {\n              \"pattern\": \"KAE4C\",\n              \"exclude\": [],\n              \"info\": \"w{PqD 0e\\\"8\"\n            }\n          ]\n        }\n      ],\n      \"satisfy\": [],\n      \"url\": \"http://dhxew2f3s5xd1q6psrsyfjty.dj8ebewjdkj6ybn7ca987f49l9f0e6caexsab8c.fb1ivcd7bim7.wwezwbv/p=%E6%97%BEF93s//d/%E1%BB%B6'qhdO7/%F0%A2%B4%8Fp:Q4L,j/t./9/ygRvLxXk/%F3%BE%82%A3w/ecS%F0%B8%AC%9A3d\",\n      \"info\": \"\",\n      \"isSelectable\": true\n    }\n  },\n  {\n    \"title\": \"block sample 4\",\n    \"value\": {\n      \"name\": \"$X6EFVZ\",\n      \"ay\": 1951,\n      \"assign\": [\n        \"|_}:\",\n        \"..Gu\",\n        \"CCi4\",\n        \"gwTb4&\",\n        \"={G}N\"\n      ],\n      \"match\": [\n        {\n          \"or\": [\n            \"CXV81H\",\n            {\n              \"pattern\": \"RPK5\",\n              \"exclude\": [\n                \"GPGx5*7\",\n                \"QIB2\",\n                \"RHF*63Q\"\n              ],\n              \"info\": \"Y0KZ\\\"lE\"\n            },\n            {\n              \"and\": [\n                {\n                  \"and\": [\n                    \"QNxxF\",\n                    \"GVLx\",\n                    {\n                      \"pattern\": \"QW69R\",\n                      \"exclude\": [\n                        \"LVM015\",\n                        \"HWN5x81V\"\n                      ],\n                      \"info\": \">SMl5\"\n                    },\n                    \"NE12\",\n                    \"ZIO2\"\n                  ]\n                },\n                {\n                  \"or\": [\n                    {\n                      \"pattern\": \"UAx\",\n                      \"exclude\": []\n                    },\n                    \"PP133S\",\n                    \"CSN123\",\n                    \"SM75\",\n                    {\n                      \"or\": [\n                        {\n                          \"pattern\": \"GP*62O\",\n                          \"exclude\": [\n                            \"XO80\"\n                          ]\n                        },\n                        \"JA7665N\",\n                        \"FF0F\"\n                      ]\n                    }\n                  ]\n                },\n                {\n                  \"or\": [\n                    \"RAW33\",\n                    \"KH7\",\n                    {\n                      \"or\": [\n                        \"MCI31\",\n                        \"IWG1W\"\n                      ]\n                    },\n                    {\n                      \"and\": [\n                        \"UXC5278\"\n                      ]\n                    }\n                  ]\n                },\n                \"CG03x4I\",\n                {\n                  \"and\": []\n                }\n              ]\n            },\n            {\n              \"pattern\": \"CBT77x7N\",\n              \"info\": \"!C\"\n            }\n          ]\n        }\n      ],\n      \"satisfy\": [\n        {\n          \"and\": [\n            {\n              \"or\": []\n            },\n            {\n              \"or\": []\n            },\n            {\n              \"and\": [\n                \"bkB]\"\n              ]\n            }\n          ]\n        },\n        {\n          \"mc\": \">=117\"\n        },\n        \"gw\"\n      ],\n      \"url\": \"http://f2fd4suyyrr80.qi7omxf0jq9.8xp9ljb1h.hmeahhedva/\",\n      \"info\": \"\\\\\\\"\",\n      \"g\\\\-3oqn\": {\n        \"name\": \"`U6wF*$!\",\n        \"ay\": 1980,\n        \"assign\": [],\n        \"match\": [\n          {\n            \"or\": [\n              {\n                \"pattern\": \"VUU4T\",\n                \"exclude\": [\n                  \"JOF8351\"\n                ],\n                \"info\": \"?P1.\"\n              },\n              \"BTO776*\",\n              {\n                \"and\": [\n                  \"UW43\",\n                  {\n                    \"pattern\": \"WNG433\",\n                    \"info\": \"q6p\\\\2 %\"\n                  },\n                  \"QQx1xC\"\n                ]\n              }\n            ]\n          }\n        ],\n        \"satisfy\": {\n          \"and\": [\n            {\n              \"mc\": \">=142\"\n            },\n            {\n              \"or\": [\n                {\n                  \"mc\": \"<=39\"\n                },\n                {\n                  \"mc\": \">=28\"\n                }\n              ]\n            },\n            \"DfQ\"\n          ]\n        },\n        \"url\": \"http://6.yz2ok.jsdu7le2patseqzxv6yse1bnd5i-ix400zm8r.somm-gnk9tnuhzu9g0xbj6xhuaefhzx.txldlibdy/az*X%F1%8D%BF%BC&%F0%A8%A5%AD;/~BBXpkv/UO/5C0'fQ9N:5//gIWW!3p8D)/;'6W\"\n      },\n      \"FD\": {\n        \"name\": \"q){$/p{]\",\n        \"ay\": 1987,\n        \"assign\": \"{oC#hW_y@k\",\n        \"match\": {\n          \"or\": [\n            {\n              \"or\": [\n                {\n                  \"or\": [\n                    \"JAC8\",\n                    {\n                      \"pattern\": \"KU62P\",\n                      \"info\": \"p\"\n                    },\n                    {\n                      \"or\": [\n                        \"MTM828S\"\n                      ]\n                    },\n                    {\n                      \"and\": []\n                    }\n                  ]\n                },\n                \"WUV3773O\",\n                \"MLM2*\",\n                {\n                  \"pattern\": \"QZ33*\",\n                  \"exclude\": [\n                    \"IVC97\",\n                    \"ABU0824W\",\n                    \"OMV044V\",\n                    \"FY1x7\",\n                    \"XN49\"\n                  ],\n                  \"info\": \"93 &rZ0~\"\n                }\n              ]\n            },\n            \"TDX9N\",\n            \"VUMx0Y\"\n          ]\n        },\n        \"satisfy\": [],\n        \"url\": \"http://k98ax5t41fx8lxf661f-kq55tjj-jvtmx48m4e2p74g.atu891cu.hy/)$.q_K%F1%9C%8B%93E1/CxspO!&/MS_BC\",\n        \"info\": \"?6@\",\n        \"isSelectable\": true,\n        \"pB5s{waS\": {\n          \"name\": \"n3c\",\n          \"ay\": 2023,\n          \"assign\": [\n            \"iE{<Bqr\",\n            \"C>vr\",\n            \"\",\n            \"[\"\n          ],\n          \"match\": [\n            \"FL6E\",\n            {\n              \"and\": [\n                \"FA16\",\n                {\n                  \"pattern\": \"LZSx*\",\n                  \"exclude\": [],\n                  \"info\": \"y\"\n                },\n                {\n                  \"or\": [\n                    \"TCN8\",\n                    {\n                      \"or\": [\n                        \"OH2Y\"\n                      ]\n                    },\n                    {\n                      \"pattern\": \"FZ76\",\n                      \"exclude\": \"DR3D\"\n                    },\n                    \"TCE240X\"\n                  ]\n                },\n                {\n                  \"pattern\": \"HIH*3\",\n                  \"exclude\": \"HRN1476O\",\n                  \"info\": \"~f1eX|v\"\n                },\n                \"UPZ383U\"\n              ]\n            },\n            {\n              \"pattern\": \"WGZ00J\",\n              \"exclude\": \"IJ0x0O\",\n              \"info\": \"kVwx\\\\Dy8\"\n            },\n            {\n              \"and\": [\n                {\n                  \"or\": [\n                    {\n                      \"and\": []\n                    },\n                    \"IZ5887C\",\n                    \"HKH272\",\n                    \"AMx22\"\n                  ]\n                }\n              ]\n            }\n          ],\n          \"satisfy\": [\n            {\n              \"or\": []\n            }\n          ],\n          \"url\": \"http://z61xppzgi60w1zxnchjxpwhlj.vn6hs59y9itwqy5dhz7cxlr8xbutqr2zfsflnhw99wzdjnz9v31ihzm.t.a0wsufgxx29l1ttwn6lq4mrmt7utd7l0zt0c9chv8lnearf09e5w5crwr1k7rs1.4m44vui4gml-fglm9i8ff6vgivrxktzr81n699xqltjfhfsqwjhp5sqduezb.nef/B/'%F3%B5%99%A5=/m_L7/&/U*5wwD1/Z8%F3%A5%82%8E$/7N.;nz8%F2%92%B9%83+N\",\n          \"info\": \"2 tzI-/y{=\",\n          \"isSelectable\": true\n        },\n        \"M(g`\": {\n          \"ay\": 1969,\n          \"assign\": [\n            \"r}\",\n            \"E\",\n            \"\"\n          ],\n          \"match\": \"XKN*X\",\n          \"url\": \"http://eiwj0h9rx7k6j08i8ztz6uzezg6c102ca0g36hg-5do4xf6eh613ywj.2-izgqiul5i.t-if4cde1hsq3jl68dkxvwcnov8x-6kdu60u71abmf8j5cm1zutt0.bt66adobny14nb0zi6avnwjt2bt0jsx7qpzcqu7wfko0lk0pvg7t276j.a.opnm/iTXQF%E8%B4%AE3Q/;.!E:C,/2a/7JC/_8kc$f/f(r+Vkp/=nirYS\",\n          \"info\": \".@\",\n          \"isSelectable\": true\n        },\n        \"5S:,X'j9s!\": {\n          \"name\": \"e=2L,I%aF\",\n          \"ay\": 2001,\n          \"assign\": \")7\",\n          \"match\": {\n            \"or\": []\n          },\n          \"url\": \"http://a.tnhok/fOB%F2%A3%AE%8B/d(3eG/%F0%9C%95%BF\",\n          \"info\": \"W;<_s[8{\",\n          \"isSelectable\": true\n        }\n      }\n    }\n  },\n  {\n    \"title\": \"block sample 5\",\n    \"value\": {\n      \"name\": \"Yr{#ugy\",\n      \"ay\": 1973,\n      \"assign\": \"Up3\",\n      \"match\": [],\n      \"satisfy\": [\n        {\n          \"and\": [\n            {\n              \"or\": [\n                {\n                  \"and\": [\n                    \".|XA{\\\"Tr\"\n                  ]\n                }\n              ]\n            },\n            {\n              \"or\": [\n                \"cVD\"\n              ]\n            },\n            {\n              \"and\": []\n            },\n            {\n              \"mc\": \"<=18\"\n            }\n          ]\n        }\n      ],\n      \"info\": \"=Z;ea=\",\n      \"isSelectable\": true\n    }\n  },\n  {\n    \"title\": \"block sample 6\",\n    \"value\": {\n      \"name\": \"\",\n      \"ay\": 1951,\n      \"assign\": \"\",\n      \"match\": {\n        \"or\": [\n          {\n            \"or\": [\n              {\n                \"pattern\": \"CYG*1\",\n                \"info\": \"Ovsk;1\"\n              },\n              {\n                \"or\": [\n                  \"DGV71Y\",\n                  \"KH**55\",\n                  {\n                    \"and\": [\n                      \"EO4654\",\n                      \"EMx5M\",\n                      \"RCL7\",\n                      \"JFK014A\",\n                      \"QO71\"\n                    ]\n                  },\n                  \"XE47*7\",\n                  \"OX67\"\n                ]\n              },\n              {\n                \"and\": []\n              },\n              \"OU0\",\n              \"MYT**9\"\n            ]\n          }\n        ]\n      },\n      \"satisfy\": [\n        \"5V9qtr,bAJ\",\n        \"=H!Zz\",\n        {\n          \"or\": [\n            {\n              \"mc\": \">=177\"\n            }\n          ]\n        },\n        {\n          \"and\": [\n            {\n              \"mc\": \"<=36\"\n            },\n            {\n              \"or\": [\n                \"!La'S\",\n                \"heG\",\n                {\n                  \"mc\": \">=170\"\n                }\n              ]\n            },\n            {\n              \"or\": [\n                {\n                  \"mc\": \"<=166\"\n                },\n                \"`s@\",\n                \"sr}5RE7y\"\n              ]\n            },\n            {\n              \"mc\": \">=118\"\n            },\n            {\n              \"mc\": \">=10\"\n            }\n          ]\n        }\n      ],\n      \"url\": \"https://n2ed23tent2h8rombryjijt-ecrln2zyxzo.35422ctcjeuxpym0lx7vl8mc8dhfierg0yh76ox6re.qqeciuzmg//V/qbPZg/3v/hglQO42TvK/%F3%BB%87%92GKK5C_/%F2%A0%80%9AR~\",\n      \"info\": \"fC\",\n      \"isSelectable\": true\n    }\n  },\n  {\n    \"title\": \"block sample 7\",\n    \"value\": {\n      \"name\": \"$N{y-&2\\\"!y\",\n      \"ay\": 2025,\n      \"assign\": [],\n      \"info\": \"\",\n      \"isSelectable\": true,\n      \"\": {\n        \"name\": \"z\",\n        \"ay\": 1978,\n        \"assign\": \"#?(:P*%\",\n        \"match\": [],\n        \"satisfy\": [\n          {\n            \"or\": [\n              {\n                \"mc\": \">=17\"\n              },\n              {\n                \"mc\": \">=141\"\n              },\n              {\n                \"mc\": \">=158\"\n              },\n              {\n                \"mc\": \"<=142\"\n              }\n            ]\n          },\n          {\n            \"or\": [\n              {\n                \"and\": [\n                  \"L+hFBxI@r9\",\n                  {\n                    \"or\": []\n                  },\n                  {\n                    \"and\": [\n                      \"bG}3\",\n                      \"}dmGioLY\",\n                      \"7\",\n                      {\n                        \"or\": [\n                          \"T\",\n                          {\n                            \"or\": [\n                              \"5\\\"*mP8!9&h\",\n                              \"&t4\",\n                              \"%R2&&;O5Ld\"\n                            ]\n                          },\n                          \"Hjju\",\n                          \"=r,\"\n                        ]\n                      }\n                    ]\n                  }\n                ]\n              }\n            ]\n          },\n          {\n            \"or\": []\n          },\n          {\n            \"and\": [\n              {\n                \"or\": [\n                  \"$@[R@z=+\",\n                  {\n                    \"mc\": \">=126\"\n                  },\n                  {\n                    \"or\": [\n                      \"Z?BK\",\n                      {\n                        \"mc\": \"<=95\"\n                      }\n                    ]\n                  }\n                ]\n              },\n              {\n                \"and\": []\n              }\n            ]\n          },\n          {\n            \"or\": [\n              {\n                \"mc\": \">=24\"\n              }\n            ]\n          }\n        ],\n        \"url\": \"http://mjv2yd19e8h.hf-wwy5ttbvy1wsv95s0pt-7kn0jnr8h.ibxivrrreo/oF9~f/f/$sc%F4%82%A6%AFnuHd-/wi9uNBx6O/2a/G/T%F1%AB%A6%ADe5N)G/-)/Z1D@oUT_8q\",\n        \"info\": \"r/Vh\",\n        \"isSelectable\": true,\n        \"T(\\\"'LY\": {\n          \"name\": \"Oy?icgu2JC\",\n          \"ay\": 1957,\n          \"assign\": [\n            \"qRu\",\n            \"0a;MUc\",\n            \"\\\"\",\n            \"xk+Z\",\n            \"G!\"\n          ],\n          \"match\": {\n            \"and\": [\n              {\n                \"or\": []\n              },\n              \"JE708\"\n            ]\n          },\n          \"url\": \"http://8gmcle4x.bhiwc/2/=/u%F2%8E%AA%A7!TRAOPBW/VA%F2%BB%A5%96!/'u%F2%86%AC%89a+r2=Vj/:xUCL/%F1%90%91%93E//%E1%97%93FyH%F2%83%AF%9B\",\n          \"info\": \"<zkXG\",\n          \"isSelectable\": true\n        },\n        \"\": {\n          \"name\": \"Gp]XRQ3\",\n          \"ay\": 2014,\n          \"match\": [\n            {\n              \"or\": []\n            },\n            {\n              \"and\": [\n                {\n                  \"or\": [\n                    {\n                      \"and\": [\n                        {\n                          \"and\": []\n                        },\n                        \"OEV*G\",\n                        \"RH119I\",\n                        {\n                          \"or\": [\n                            \"WR0\",\n                            \"LJV38M\"\n                          ]\n                        }\n                      ]\n                    },\n                    \"ORF5S\",\n                    \"BKR056\"\n                  ]\n                },\n                {\n                  \"pattern\": \"APA868K\",\n                  \"exclude\": []\n                },\n                {\n                  \"or\": [\n                    {\n                      \"and\": [\n                        \"SL77**\"\n                      ]\n                    },\n                    {\n                      \"pattern\": \"WV4N\",\n                      \"exclude\": \"UVS85J\",\n                      \"info\": \".2=KGzFPc\"\n                    }\n                  ]\n                },\n                {\n                  \"and\": [\n                    \"NU4H\",\n                    \"YXY30xA\"\n                  ]\n                },\n                {\n                  \"pattern\": \"XVU8378\",\n                  \"exclude\": [],\n                  \"info\": \"MLYK]Q5'\"\n                }\n              ]\n            },\n            {\n              \"and\": [\n                {\n                  \"pattern\": \"WVI7xxxC\",\n                  \"exclude\": \"PRx09R\"\n                },\n                {\n                  \"or\": [\n                    \"KOZ10*2\",\n                    \"GMQ4*57S\",\n                    \"DVJ291*J\"\n                  ]\n                },\n                {\n                  \"pattern\": \"AIP741J\",\n                  \"exclude\": \"ED*x5\",\n                  \"info\": \"Lj\"\n                },\n                {\n                  \"and\": [\n                    \"VBA206Q\",\n                    {\n                      \"pattern\": \"PR1H\",\n                      \"exclude\": [\n                        \"QBG5x21F\",\n                        \"JHG31\",\n                        \"DQ7930W\",\n                        \"FAT4\"\n                      ],\n                      \"info\": \"CEV(_03(\"\n                    },\n                    \"NZQx\",\n                    \"DQI0x36\",\n                    {\n                      \"or\": [\n                        \"BIA663X\",\n                        \"GD550H\",\n                        \"MY*041\",\n                        {\n                          \"or\": [\n                            \"LM2\",\n                            \"OO0876C\",\n                            \"QR6I\",\n                            \"GQ6354W\"\n                          ]\n                        },\n                        {\n                          \"or\": [\n                            {\n                              \"pattern\": \"CV6x3xY\",\n                              \"exclude\": \"BYR88A\",\n                              \"info\": \"hO4x~DFU\"\n                            },\n                            \"LCP9740\",\n                            {\n                              \"or\": [\n                                \"ZP969\"\n                              ]\n                            },\n                            {\n                              \"and\": [\n                                \"AY37R\",\n                                \"BGY66L\",\n                                \"BDX2*W\"\n                              ]\n                            }\n                          ]\n                        }\n                      ]\n                    }\n                  ]\n                }\n              ]\n            }\n          ],\n          \"url\": \"http://2.16xhpqi6zdsk1q.xijjdqhht2swolm-v5jngmcczi8zva-mkt40en9ahhlnliylg62jqbjhcyv2.zgdzbt97e1f396g7h0osyw.yuixxir/L/(/xOX%F0%A3%83%A8UvA%F4%8C%B4%83yC/anyb%F1%A6%B8%82/U0@*/iPw4t/3\",\n          \"info\": \"u~\",\n          \"isSelectable\": true\n        },\n        \"#L5j,=eZ`I\": {\n          \"name\": \"?.:[ 2 d\\\"\",\n          \"ay\": 1977,\n          \"assign\": [],\n          \"match\": [\n            \"ZLP9610L\",\n            {\n              \"or\": [\n                {\n                  \"or\": [\n                    \"WN1409\",\n                    {\n                      \"and\": [\n                        \"JB66\",\n                        \"OKK222\",\n                        {\n                          \"or\": []\n                        }\n                      ]\n                    },\n                    \"CA2x73Y\"\n                  ]\n                },\n                {\n                  \"or\": []\n                },\n                {\n                  \"and\": []\n                },\n                \"OT*2\"\n              ]\n            },\n            {\n              \"or\": []\n            }\n          ],\n          \"satisfy\": [\n            \"\",\n            {\n              \"and\": [\n                {\n                  \"mc\": \"<=182\"\n                },\n                \"OCk_3[\",\n                {\n                  \"and\": []\n                }\n              ]\n            }\n          ],\n          \"url\": \"https://4qr1gfwr3i1dzu.7majbwpneeiywm129ytt19nlm-4j0r-rl3oam8ndfzy5vvy-ot5wviu.0.0rdmbb3yxfzwyqs04jj7rf8xfa.ifgfyrgpns/~v.@8(4B4//7V~/L!nRd36K/%F1%B3%87%97k//\",\n          \"isSelectable\": true,\n          \"aKfyKs$KM\": {\n            \"name\": \"*=-dA\",\n            \"assign\": \"[b\",\n            \"match\": \"DZ97*4Z\",\n            \"satisfy\": {\n              \"or\": [\n                {\n                  \"mc\": \">=71\"\n                },\n                {\n                  \"and\": [\n                    \"W<?3V\",\n                    \"]Dq6\",\n                    \"&CaGpw\",\n                    {\n                      \"and\": [\n                        \"CUKZ#~w2\",\n                        \"cCt0:wo~Z\",\n                        \"GfaqX{28s\"\n                      ]\n                    }\n                  ]\n                },\n                {\n                  \"and\": [\n                    {\n                      \"or\": []\n                    },\n                    {\n                      \"or\": []\n                    },\n                    {\n                      \"or\": [\n                        {\n                          \"or\": [\n                            \"o&a^*Vl.g\"\n                          ]\n                        },\n                        {\n                          \"or\": [\n                            {\n                              \"or\": []\n                            },\n                            \"2+M._7E/O,\",\n                            {\n                              \"and\": [\n                                \"JV-)]=\",\n                                \"2m:k*\"\n                              ]\n                            }\n                          ]\n                        }\n                      ]\n                    }\n                  ]\n                },\n                \"lg2E>\",\n                \";^:Q\"\n              ]\n            },\n            \"url\": \"https://fs0-zukfdkcx7p1byxedxfljen4v2kqwk533y5f1702kiz8ihd96n5az4xh4vq.2.dydylct/~F'/T0oYri4g/g/7~1N&a56/LUG08%F1%B8%94%83QXp/%F3%BD%B7%A4NhqIoS%F3%86%BB%92\",\n            \"info\": \"P\\\"n}sN${0\"\n          },\n          \"uUK\": {\n            \"name\": \"'E\",\n            \"ay\": 1982,\n            \"assign\": [\n              \"7~S$TV\",\n              \"5a8lj~V\"\n            ],\n            \"match\": {\n              \"and\": []\n            },\n            \"satisfy\": {\n              \"and\": [\n                {\n                  \"and\": []\n                }\n              ]\n            },\n            \"url\": \"http://stgpbgs3zhyl3qmdjj-4iykdu7t8nn6i5dl.5bnsfr2wpnrv7xllujyripky3zohtms1sdtfcz.dms\",\n            \"info\": \"RMp\",\n            \"isSelectable\": true\n          }\n        },\n        \"zbDu:'Tsp\\\\\": {\n          \"name\": \"6\\\\NZ9AT\",\n          \"ay\": 2005,\n          \"assign\": [],\n          \"match\": [\n            {\n              \"pattern\": \"RJPx*9U\",\n              \"exclude\": [\n                \"NUQ44x\"\n              ]\n            },\n            {\n              \"pattern\": \"YW1\",\n              \"exclude\": \"ZRX3\",\n              \"info\": \"ugT7w%\"\n            },\n            {\n              \"or\": [\n                {\n                  \"or\": [\n                    {\n                      \"or\": [\n                        \"XL*0*\"\n                      ]\n                    }\n                  ]\n                },\n                {\n                  \"pattern\": \"UH51R\",\n                  \"exclude\": [\n                    \"TEG*\",\n                    \"QZ6x7\",\n                    \"VWV67\",\n                    \"JN777W\",\n                    \"SHHx808\"\n                  ],\n                  \"info\": \"zw\\\"\"\n                },\n                {\n                  \"and\": [\n                    \"WI6P\",\n                    \"UK587\"\n                  ]\n                },\n                {\n                  \"pattern\": \"IBQ37\",\n                  \"exclude\": \"NA7F\"\n                },\n                {\n                  \"pattern\": \"SQ665\",\n                  \"exclude\": [\n                    \"PUZ113x\"\n                  ],\n                  \"info\": \"\\\"O\"\n                }\n              ]\n            },\n            \"OH792*V\"\n          ],\n          \"satisfy\": [\n            \"\",\n            {\n              \"and\": [\n                {\n                  \"mc\": \">=192\"\n                },\n                \"\",\n                {\n                  \"or\": []\n                },\n                {\n                  \"mc\": \">=106\"\n                },\n                {\n                  \"and\": [\n                    \"\",\n                    \"F,wb\",\n                    \"bKg+d+\"\n                  ]\n                }\n              ]\n            }\n          ],\n          \"url\": \"https://0-4csi2z8hlecno50u8oq9ou8duxxgo60c91jmx.8.dlfokmas/MKXt;F/y%F3%B6%88%91Put+cj/\",\n          \"info\": \"x\",\n          \"isSelectable\": true,\n          \"[Vrp?t\": {\n            \"name\": \"'7YB;dx\",\n            \"ay\": 1968,\n            \"match\": {\n              \"or\": []\n            },\n            \"satisfy\": {\n              \"and\": []\n            },\n            \"url\": \"https://n.h7xx4b4tqzthq6l86gsjyoys79zacgqov-7w73h56j1k1qdmtkfthoyctsjkmh.uyb-6b4ay0s8mjbxwyu-n3fhi0gzag1t1da.sncdv7crd.mfvdc1r63fz64skh2kvg4mrs7vwz-yjf6rcm5u9uco.hyjgtvd/LS,s:v%F1%A1%8F%9FTV/aK+%F1%8A%80%AF/J4!Q!e/%F3%BD%AB%A56)%F0%B6%AE%B4N=tiz/3V(OjWV3G/_$/~f_$_\",\n            \"info\": \"Rd;HrErf\",\n            \"isSelectable\": true\n          },\n          \"H}_D<X\\\"\": {\n            \"ay\": 1950,\n            \"assign\": \"c,g\",\n            \"match\": \"CLN236P\",\n            \"url\": \"http://5ci92elkrdn4uo1kub1.ztubftxb/JQ%F1%9F%91%A8sUu:qM/9R_(/ooHN$gnLBV/y/WQ%F3%B5%A4%A1/V%F3%9C%95%9E'kvO2%F0%97%8C%8FV,/-eTvFNuv2//KLnHEe(/HN5a\",\n            \"info\": \")zUSnO\",\n            \"isSelectable\": true\n          },\n          \";iRSnmJn&\": {\n            \"name\": \"5U\",\n            \"ay\": 2004,\n            \"assign\": \"\\\\l(4,\",\n            \"match\": [\n              {\n                \"pattern\": \"VT03\",\n                \"info\": \"aj\"\n              },\n              \"EHB*7O\",\n              \"VLS8\",\n              {\n                \"or\": []\n              }\n            ],\n            \"satisfy\": [\n              {\n                \"mc\": \"<=51\"\n              },\n              {\n                \"or\": []\n              },\n              {\n                \"mc\": \">=23\"\n              }\n            ],\n            \"url\": \"http://pozo8jtoua.jdxoary/tha'4/4;AVU/%F1%8E%8F%8FVhr\",\n            \"info\": \"hZ>\"\n          }\n        }\n      },\n      \"MhkQSE+h\": {\n        \"assign\": [\n          \"6Kk4\"\n        ],\n        \"match\": {\n          \"or\": [\n            {\n              \"and\": [\n                \"GLH*3\",\n                \"GZW9903L\",\n                {\n                  \"pattern\": \"OZY948\",\n                  \"exclude\": \"EATxx\",\n                  \"info\": \"^)/J@Qw\"\n                },\n                \"OB*678\",\n                \"FIW2647\"\n              ]\n            },\n            \"GYH4I\",\n            \"LC9X\",\n            {\n              \"pattern\": \"AD0N\",\n              \"exclude\": [\n                \"QMX032\",\n                \"HN1C\",\n                \"BIL*27\",\n                \"VF8*I\"\n              ],\n              \"info\": \"Pv1:5\"\n            },\n            {\n              \"and\": []\n            }\n          ]\n        },\n        \"satisfy\": [\n          {\n            \"and\": [\n              {\n                \"and\": [\n                  {\n                    \"and\": [\n                      {\n                        \"or\": [\n                          \"k|//?CbL\"\n                        ]\n                      },\n                      \"%,8^>RDRC'\",\n                      {\n                        \"or\": [\n                          \"UIOlha];6\",\n                          \"'\"\n                        ]\n                      },\n                      \"IbIzEV\",\n                      {\n                        \"mc\": \"<=134\"\n                      }\n                    ]\n                  }\n                ]\n              },\n              {\n                \"mc\": \"<=196\"\n              },\n              {\n                \"or\": [\n                  \":\"\n                ]\n              },\n              {\n                \"and\": [\n                  \"&x^,LDd{\",\n                  \"2d5]ZB{\"\n                ]\n              }\n            ]\n          },\n          {\n            \"or\": [\n              \"fJxWjVa6\",\n              {\n                \"mc\": \"<=94\"\n              },\n              \"\",\n              {\n                \"or\": [\n                  {\n                    \"mc\": \">=32\"\n                  },\n                  {\n                    \"mc\": \">=135\"\n                  }\n                ]\n              },\n              \"(4{}-\"\n            ]\n          },\n          {\n            \"mc\": \">=111\"\n          },\n          {\n            \"or\": [\n              {\n                \"and\": [\n                  \"ZL4a).\",\n                  \"(ZV#7| \",\n                  \"GvT [FO^t\",\n                  {\n                    \"and\": [\n                      \"UF\",\n                      \"\\\"D\",\n                      \"Tsfk,EZ&{b\"\n                    ]\n                  }\n                ]\n              },\n              \"tL\\\"a^[I\",\n              {\n                \"mc\": \">=73\"\n              }\n            ]\n          }\n        ],\n        \"url\": \"http://be1zwla-ju0o2z7zfa7ybu1kip3yiv-zmhzc06ck.czqdewtptq/z_dSgwh-/lFq/)rm;/C+7R.h2P/)LQZ-(mRiR/bPRX0,+Fh/g0*9Uz%F1%A3%A3%A8\",\n        \"info\": \"Hr(\\\"7x?#}W\"\n      },\n      \"3&YZE.+25\": {\n        \"name\": \"YtA]\",\n        \"assign\": [\n          \"\",\n          \"X3q;@I\",\n          \">%3yRZr#\",\n          \"m|WH;Y*'\",\n          \"\\\\}\\\\U\"\n        ],\n        \"match\": {\n          \"or\": [\n            {\n              \"or\": [\n                \"GPQx2x3O\",\n                \"UZ200x\",\n                \"LYS652S\",\n                \"DLx\",\n                \"NPMx371D\"\n              ]\n            },\n            {\n              \"pattern\": \"EV0*3W\",\n              \"exclude\": \"JJ72x1\",\n              \"info\": \"T\"\n            },\n            {\n              \"pattern\": \"HQS7x6A\",\n              \"exclude\": \"VZIxP\",\n              \"info\": \"\\\"DhpbC\"\n            },\n            {\n              \"and\": [\n                {\n                  \"or\": []\n                }\n              ]\n            },\n            {\n              \"and\": [\n                {\n                  \"and\": []\n                },\n                {\n                  \"and\": [\n                    \"HDC31Y\"\n                  ]\n                },\n                {\n                  \"pattern\": \"ZQ1\",\n                  \"exclude\": [\n                    \"NF29x5\",\n                    \"ADI9882A\",\n                    \"DI223\",\n                    \"XRE0x\",\n                    \"WYS1x3\"\n                  ],\n                  \"info\": \"GKb*L\"\n                },\n                {\n                  \"pattern\": \"ETM6x\",\n                  \"exclude\": \"BB8J\",\n                  \"info\": \"V>|y}A\"\n                }\n              ]\n            }\n          ]\n        },\n        \"satisfy\": [\n          \"U+:N'tRS\"\n        ],\n        \"url\": \"https://xwp70toqqj077m0wkcqy17190fwvn9flfg0cv2ida6usqto3rww8bh6399i6z.rt8ugq4skqd5.462ja4a43eegzf9q2sbmy4bp9mbccsknpqs1eqcp.fbsra-dqnvj40072azuxvqfka7z31.ginqoczz/RS8jeB*iL/cp2lO/+~As/GyTU//$6:Ilh/%F3%90%A3%AC%F3%B5%A9%93pG/:)EORD/%F2%B9%9D%8AQUN\",\n        \"info\": \"V\\\"\",\n        \"isSelectable\": true\n      }\n    }\n  },\n  {\n    \"title\": \"block sample 8\",\n    \"value\": {\n      \"name\": \"5EBO\",\n      \"ay\": 1959,\n      \"assign\": \"$8q\",\n      \"match\": \"TGx05\",\n      \"satisfy\": {\n        \"or\": [\n          {\n            \"mc\": \">=33\"\n          },\n          {\n            \"and\": [\n              {\n                \"mc\": \">=11\"\n              },\n              \"w\",\n              \"M6>!oT< \",\n              \"j\"\n            ]\n          },\n          \"tdzbT2+N\",\n          {\n            \"mc\": \"<=89\"\n          }\n        ]\n      },\n      \"url\": \"https://d-z-5waqnkms1h8sfty05mk-6pjfsuz0ex.o.5.t8e.aljlj582s1n17mt39phhykxbnntkmtghigmaiccyjm6-g-w4o-u9-l.hunho/a+1*hA*/%F2%A6%A7%90W.4/9A(%F3%A0%96%AD\",\n      \"info\": \"#$i;{\",\n      \"isSelectable\": true\n    }\n  },\n  {\n    \"title\": \"block sample 9\",\n    \"value\": {\n      \"ay\": 1969,\n      \"assign\": [\n        \">?daB+H-\",\n        \"F4qqP.{\"\n      ],\n      \"match\": {\n        \"or\": [\n          {\n            \"or\": [\n              \"ERF05\"\n            ]\n          },\n          {\n            \"or\": [\n              {\n                \"or\": [\n                  \"RQ3\",\n                  {\n                    \"pattern\": \"HUI33M\",\n                    \"exclude\": \"JVx\",\n                    \"info\": \"W8Xau0\"\n                  }\n                ]\n              },\n              \"YI8x67Z\",\n              \"TAFx5A\"\n            ]\n          },\n          {\n            \"and\": [\n              \"CQ*447Y\",\n              \"USD*31\"\n            ]\n          },\n          \"HM5*M\"\n        ]\n      },\n      \"satisfy\": [\n        {\n          \"or\": [\n            \"6&\\\\3;v\"\n          ]\n        },\n        \"f\"\n      ],\n      \"url\": \"https://4fdaf8oz005cews2yf3cb5pmq134esf-w3gb7q-8r0-c27.lcasg/%EB%B2%B5B%F1%AE%BA%98$Dh%F0%A3%9A%AD/d19CZ)%F0%B2%A8%94T%EC%BE%98/U9XS//NKn%F2%8C%8E%9C!CEmu$/TuJLsM$hK2/e4/sh!I76%F3%B3%B2%B0/ouf%E3%AE%B36Hy4h/\",\n      \"info\": \" \",\n      \"isSelectable\": true\n    }\n  }\n]",
              "code": "fast_check_1.sample(index_test_2.block, 10).forEach((sample, i) => addContext_1.default(this, {\n    title: `block sample ${i}`,\n    value: sample,\n}));\nreturn fast_check_1.assert(fast_check_1.property(index_test_2.block, ajvValidate));",
              "err": {},
              "uuid": "d4adbf33-0fb1-4dc7-a2d3-bb82259392a2",
              "parentUUID": "51122a3e-8cbd-4b1a-8e0b-7e8a16cbaa77",
              "isHook": false,
              "skipped": false
            },
            {
              "title": "should not validate non-object",
              "fullTitle": "blockSchema should not validate non-object",
              "timedOut": false,
              "duration": 2,
              "state": "passed",
              "speed": "fast",
              "pass": true,
              "fail": false,
              "pending": false,
              "context": null,
              "code": "const error = {\n    instancePath: \"\",\n    message: \"block should be an object\",\n};\nisInvalidBlock(null, error);\nisInvalidBlock(undefined, error);\nisInvalidBlock(10, error);\nisInvalidBlock([12, 24], error);\nisInvalidBlock(\"abc\", error);",
              "err": {},
              "uuid": "3d559a34-e8de-46e7-879f-f46781fc728d",
              "parentUUID": "51122a3e-8cbd-4b1a-8e0b-7e8a16cbaa77",
              "isHook": false,
              "skipped": false
            },
            {
              "title": "should not validate block with invalid properties",
              "fullTitle": "blockSchema should not validate block with invalid properties",
              "timedOut": false,
              "duration": 1,
              "state": "passed",
              "speed": "fast",
              "pass": true,
              "fail": false,
              "pending": false,
              "context": null,
              "code": "isInvalidBlock({\n        name: { foo: \"bar\" },\n        ay: -1000,\n        assign: {},\n        match: 1,\n        satisfy: 2,\n        url: { abc: \"def\" },\n        info: 42,\n        isSelectable: 32,\n    }, { instancePath: \"/name\", message: \"property 'name' should be a string\" }, {\n        instancePath: \"/ay\",\n        message: \"property 'ay' should be a positive integer\",\n    }, {\n        instancePath: \"/assign\",\n        message: \"property 'assign' should be either a block ID or an array of block IDs\",\n    }, {\n        instancePath: \"/match\",\n        message: \"property 'match' should be either a match rule or an array of match rules\",\n    }, {\n        instancePath: \"/satisfy\",\n        message: \"property 'satisfy' should be either a satisfy rule or an array of satisfy rules\",\n    }, { instancePath: \"/url\", message: \"property 'url' should be a string\" }, { instancePath: \"/info\", message: \"property 'info' should be a string\" }, {\n        instancePath: \"/isSelectable\",\n        message: \"property 'isSelectable' should be a boolean\",\n    })",
              "err": {},
              "uuid": "cf909ea9-1abd-4404-b5f8-94e8701fc34e",
              "parentUUID": "51122a3e-8cbd-4b1a-8e0b-7e8a16cbaa77",
              "isHook": false,
              "skipped": false
            }
          ],
          "suites": [],
          "passes": [
            "d4adbf33-0fb1-4dc7-a2d3-bb82259392a2",
            "3d559a34-e8de-46e7-879f-f46781fc728d",
            "cf909ea9-1abd-4404-b5f8-94e8701fc34e"
          ],
          "failures": [],
          "pending": [],
          "skipped": [],
          "duration": 176,
          "root": false,
          "rootEmpty": false,
          "_timeout": 2000
        },
        {
          "uuid": "d3f82010-e8dc-45b0-a4e2-3123396e9754",
          "title": "patternToRE",
          "fullFile": "/home/runner/work/planwithus-lib/planwithus-lib/src/matchRule/pattern/satisfiers.test.ts",
          "file": "/src/matchRule/pattern/satisfiers.test.ts",
          "beforeHooks": [],
          "afterHooks": [],
          "tests": [
            {
              "title": "should match valid modules with a single pattern",
              "fullTitle": "patternToRE should match valid modules with a single pattern",
              "timedOut": false,
              "duration": 16,
              "state": "passed",
              "speed": "fast",
              "pass": true,
              "fail": false,
              "pending": false,
              "context": "[\n  {\n    \"title\": \"patternExampleList sample 0\",\n    \"value\": [\n      \"VK*8\",\n      [\n        \"VKH8\",\n        \"VK6W1P731L8\",\n        \"VK8EGP51WK8\",\n        \"VKKX8\",\n        \"VKIE8\",\n        \"VKJ8\",\n        \"VK8\"\n      ]\n    ]\n  },\n  {\n    \"title\": \"patternExampleList sample 1\",\n    \"value\": [\n      \"NNA0xF\",\n      [\n        \"NNA06F\",\n        \"NNA09F\"\n      ]\n    ]\n  },\n  {\n    \"title\": \"patternExampleList sample 2\",\n    \"value\": [\n      \"RKB8\",\n      [\n        \"RKB8\"\n      ]\n    ]\n  },\n  {\n    \"title\": \"patternExampleList sample 3\",\n    \"value\": [\n      \"PSD5\",\n      [\n        \"PSD5\"\n      ]\n    ]\n  },\n  {\n    \"title\": \"patternExampleList sample 4\",\n    \"value\": [\n      \"YU*495W\",\n      [\n        \"YU5CGB495W\",\n        \"YU2B9Q7Q495W\",\n        \"YUF5NO495W\",\n        \"YU7XJ495W\",\n        \"YUQRG0P495W\",\n        \"YUH495W\",\n        \"YU7U8KGUVP495W\",\n        \"YUX495W\",\n        \"YU1SFH495W\"\n      ]\n    ]\n  },\n  {\n    \"title\": \"patternExampleList sample 5\",\n    \"value\": [\n      \"PN3\",\n      [\n        \"PN3\"\n      ]\n    ]\n  },\n  {\n    \"title\": \"patternExampleList sample 6\",\n    \"value\": [\n      \"KO*93\",\n      [\n        \"KO093\",\n        \"KOV57MFJ93\",\n        \"KOI93\"\n      ]\n    ]\n  },\n  {\n    \"title\": \"patternExampleList sample 7\",\n    \"value\": [\n      \"FX072\",\n      [\n        \"FX072\"\n      ]\n    ]\n  },\n  {\n    \"title\": \"patternExampleList sample 8\",\n    \"value\": [\n      \"WC3Q\",\n      [\n        \"WC3Q\"\n      ]\n    ]\n  },\n  {\n    \"title\": \"patternExampleList sample 9\",\n    \"value\": [\n      \"BW8*G\",\n      [\n        \"BW8VG\",\n        \"BW82AG\",\n        \"BW85WH0VAJXG\",\n        \"BW8P94YOG\",\n        \"BW8U641EMYFG\",\n        \"BW83UU9WFG\",\n        \"BW8506B8H7G\"\n      ]\n    ]\n  }\n]",
              "code": "fast_check_1.sample(index_test_1.patternExampleList, 10).forEach((sample, i) => addContext_1.default(this, {\n    title: `patternExampleList sample ${i}`,\n    value: sample,\n}));\nreturn fast_check_1.assert(fast_check_1.property(index_test_1.patternExampleList, ([patternStr, examples]) => {\n    const re = _1.patternToRE(patternStr);\n    return examples.every(re.test.bind(re));\n}));",
              "err": {},
              "uuid": "5fcf9d44-6046-4ef1-b307-bb8563442539",
              "parentUUID": "d3f82010-e8dc-45b0-a4e2-3123396e9754",
              "isHook": false,
              "skipped": false
            },
            {
              "title": "should match valid modules with multiple patterns",
              "fullTitle": "patternToRE should match valid modules with multiple patterns",
              "timedOut": false,
              "duration": 65,
              "state": "passed",
              "speed": "medium",
              "pass": true,
              "fail": false,
              "pending": false,
              "context": "[\n  {\n    \"title\": \"patternExampleListArray sample 0\",\n    \"value\": [\n      [\n        \"LA68C\",\n        [\n          \"LA68C\"\n        ]\n      ],\n      [\n        \"RTX68x\",\n        [\n          \"RTX688\",\n          \"RTX683\",\n          \"RTX687\",\n          \"RTX682\",\n          \"RTX681\",\n          \"RTX689\",\n          \"RTX686\",\n          \"RTX685\"\n        ]\n      ]\n    ]\n  },\n  {\n    \"title\": \"patternExampleListArray sample 1\",\n    \"value\": [\n      [\n        \"JAW3184\",\n        [\n          \"JAW3184\"\n        ]\n      ],\n      [\n        \"UVO9257\",\n        [\n          \"UVO9257\"\n        ]\n      ],\n      [\n        \"MOY9K\",\n        [\n          \"MOY9K\"\n        ]\n      ]\n    ]\n  },\n  {\n    \"title\": \"patternExampleListArray sample 2\",\n    \"value\": [\n      [\n        \"JCP84\",\n        [\n          \"JCP84\"\n        ]\n      ],\n      [\n        \"ZIx*1\",\n        [\n          \"ZI0KE1YC1\",\n          \"ZI5O7GKW81\",\n          \"ZI51\",\n          \"ZI13B6KM1\"\n        ]\n      ]\n    ]\n  },\n  {\n    \"title\": \"patternExampleListArray sample 3\",\n    \"value\": [\n      [\n        \"RH0\",\n        [\n          \"RH0\"\n        ]\n      ],\n      [\n        \"JGY9x53\",\n        [\n          \"JGY9953\",\n          \"JGY9653\",\n          \"JGY9053\",\n          \"JGY9153\"\n        ]\n      ],\n      [\n        \"IV*2\",\n        [\n          \"IVRDZOIRM2\",\n          \"IVSKQ2XX72\",\n          \"IV1Z2\",\n          \"IV0MF2\",\n          \"IVB12\",\n          \"IV2\",\n          \"IV3FKL8DDE2\",\n          \"IVZF42\",\n          \"IVO212\",\n          \"IVHO2\",\n          \"IVW9Y82\"\n        ]\n      ],\n      [\n        \"LX7404\",\n        [\n          \"LX7404\"\n        ]\n      ],\n      [\n        \"MM1373X\",\n        [\n          \"MM1373X\"\n        ]\n      ],\n      [\n        \"UI73Y\",\n        [\n          \"UI73Y\"\n        ]\n      ],\n      [\n        \"RO23\",\n        [\n          \"RO23\"\n        ]\n      ],\n      [\n        \"TP2x\",\n        [\n          \"TP23\",\n          \"TP29\",\n          \"TP24\",\n          \"TP27\",\n          \"TP25\",\n          \"TP22\",\n          \"TP20\",\n          \"TP28\"\n        ]\n      ],\n      [\n        \"CH0R\",\n        [\n          \"CH0R\"\n        ]\n      ],\n      [\n        \"IHU933S\",\n        [\n          \"IHU933S\"\n        ]\n      ],\n      [\n        \"QZT26D\",\n        [\n          \"QZT26D\"\n        ]\n      ]\n    ]\n  },\n  {\n    \"title\": \"patternExampleListArray sample 4\",\n    \"value\": [\n      [\n        \"JS68\",\n        [\n          \"JS68\"\n        ]\n      ],\n      [\n        \"RVU253I\",\n        [\n          \"RVU253I\"\n        ]\n      ],\n      [\n        \"SEC*42\",\n        [\n          \"SECOZW42\",\n          \"SECW42\",\n          \"SECIQD06M42\",\n          \"SECND42\",\n          \"SECC42\",\n          \"SEC7V042\",\n          \"SEC042\",\n          \"SEC5O42\",\n          \"SEC42\",\n          \"SECEFTBKTB42\",\n          \"SEC3AN605442\",\n          \"SEC89L42\"\n        ]\n      ],\n      [\n        \"JOJ6494\",\n        [\n          \"JOJ6494\"\n        ]\n      ]\n    ]\n  },\n  {\n    \"title\": \"patternExampleListArray sample 5\",\n    \"value\": [\n      [\n        \"AIT*xxH\",\n        [\n          \"AIT4RPN583H\",\n          \"AIT95LXUGV21H\"\n        ]\n      ],\n      [\n        \"SO4\",\n        [\n          \"SO4\"\n        ]\n      ],\n      [\n        \"HIH*P\",\n        [\n          \"HIH4244P\",\n          \"HIHP\",\n          \"HIH12BP\",\n          \"HIHJ2P\",\n          \"HIHEA4I1KP\"\n        ]\n      ],\n      [\n        \"QGNx71\",\n        [\n          \"QGN571\",\n          \"QGN871\"\n        ]\n      ],\n      [\n        \"LTG94I\",\n        [\n          \"LTG94I\"\n        ]\n      ],\n      [\n        \"BL0*4X\",\n        [\n          \"BL0XB824X\",\n          \"BL0QQ52RJY4X\",\n          \"BL04X\",\n          \"BL0XQ4JRP4X\",\n          \"BL0DOTYO44X\",\n          \"BL047C4X\"\n        ]\n      ],\n      [\n        \"IEExx3xL\",\n        [\n          \"IEE5236L\",\n          \"IEE5432L\",\n          \"IEE7935L\"\n        ]\n      ]\n    ]\n  },\n  {\n    \"title\": \"patternExampleListArray sample 6\",\n    \"value\": [\n      [\n        \"QIB77P\",\n        [\n          \"QIB77P\"\n        ]\n      ],\n      [\n        \"KJI2\",\n        [\n          \"KJI2\"\n        ]\n      ]\n    ]\n  },\n  {\n    \"title\": \"patternExampleListArray sample 7\",\n    \"value\": [\n      [\n        \"OS8\",\n        [\n          \"OS8\"\n        ]\n      ],\n      [\n        \"TTN855\",\n        [\n          \"TTN855\"\n        ]\n      ],\n      [\n        \"RU759F\",\n        [\n          \"RU759F\"\n        ]\n      ],\n      [\n        \"MF*O\",\n        [\n          \"MFYO\",\n          \"MFHR67O\",\n          \"MF2ECGQLO\",\n          \"MFPGKT9O\"\n        ]\n      ],\n      [\n        \"PHK41\",\n        [\n          \"PHK41\"\n        ]\n      ],\n      [\n        \"UPC2K\",\n        [\n          \"UPC2K\"\n        ]\n      ],\n      [\n        \"CS9x2M\",\n        [\n          \"CS912M\",\n          \"CS982M\",\n          \"CS902M\",\n          \"CS932M\",\n          \"CS942M\",\n          \"CS972M\",\n          \"CS952M\",\n          \"CS922M\"\n        ]\n      ],\n      [\n        \"ZSXxx0\",\n        [\n          \"ZSX670\",\n          \"ZSX570\",\n          \"ZSX400\"\n        ]\n      ],\n      [\n        \"TB5x4\",\n        [\n          \"TB584\",\n          \"TB534\",\n          \"TB524\",\n          \"TB574\"\n        ]\n      ]\n    ]\n  },\n  {\n    \"title\": \"patternExampleListArray sample 8\",\n    \"value\": [\n      [\n        \"FQ0x\",\n        [\n          \"FQ09\"\n        ]\n      ],\n      [\n        \"EVE2048V\",\n        [\n          \"EVE2048V\"\n        ]\n      ]\n    ]\n  },\n  {\n    \"title\": \"patternExampleListArray sample 9\",\n    \"value\": [\n      [\n        \"XK881\",\n        [\n          \"XK881\"\n        ]\n      ],\n      [\n        \"JQA49V\",\n        [\n          \"JQA49V\"\n        ]\n      ],\n      [\n        \"ST27\",\n        [\n          \"ST27\"\n        ]\n      ],\n      [\n        \"EK438B\",\n        [\n          \"EK438B\"\n        ]\n      ],\n      [\n        \"FS41*Y\",\n        [\n          \"FS41FXRC3Y\",\n          \"FS41XVV3DZY\",\n          \"FS41Y\",\n          \"FS41CCFDNY\",\n          \"FS41KEHYY\",\n          \"FS41NMXY\",\n          \"FS41NJY\",\n          \"FS41D22Y\",\n          \"FS417X2592FY\"\n        ]\n      ]\n    ]\n  }\n]",
              "code": "const patternExampleListArray = fast_check_1.array(index_test_1.patternExampleList, { minLength: 1 });\nfast_check_1.sample(patternExampleListArray, 10).forEach((sample, i) => addContext_1.default(this, {\n    title: `patternExampleListArray sample ${i}`,\n    value: sample,\n}));\nreturn fast_check_1.assert(fast_check_1.property(patternExampleListArray, (ts) => {\n    const re = _1.patternToRE(...ts.map(([patternStr]) => patternStr));\n    return ts\n        .map(([, examples]) => examples)\n        .flat()\n        .every(re.test.bind(re));\n}));",
              "err": {},
              "uuid": "74ab6980-c43d-4788-9169-7f574ac238b8",
              "parentUUID": "d3f82010-e8dc-45b0-a4e2-3123396e9754",
              "isHook": false,
              "skipped": false
            },
            {
              "title": "should not match x to non-number",
              "fullTitle": "patternToRE should not match x to non-number",
              "timedOut": false,
              "duration": 0,
              "state": "passed",
              "speed": "fast",
              "pass": true,
              "fail": false,
              "pending": false,
              "context": null,
              "code": "const re = _1.patternToRE(\"x\");\n[\"A\", \"Z\", \"c\", \"#\"].forEach((example) => isInvalidExample(re, example));",
              "err": {},
              "uuid": "6b639c27-4833-4389-89d6-c28421ade661",
              "parentUUID": "d3f82010-e8dc-45b0-a4e2-3123396e9754",
              "isHook": false,
              "skipped": false
            },
            {
              "title": "should not match * to a substring composed of characters other than A-Z and 0-9",
              "fullTitle": "patternToRE should not match * to a substring composed of characters other than A-Z and 0-9",
              "timedOut": false,
              "duration": 0,
              "state": "passed",
              "speed": "fast",
              "pass": true,
              "fail": false,
              "pending": false,
              "context": null,
              "code": "const re = _1.patternToRE(\"*\");\n[\"c\", \"Ac\", \"cA\", \"0Ax\", \"x0A\", \"BA#\", \"#AB\"].forEach((example) => isInvalidExample(re, example));",
              "err": {},
              "uuid": "05cc7b34-0d3c-48f5-9416-bf3bb61f9e6c",
              "parentUUID": "d3f82010-e8dc-45b0-a4e2-3123396e9754",
              "isHook": false,
              "skipped": false
            },
            {
              "title": "should not match substrings",
              "fullTitle": "patternToRE should not match substrings",
              "timedOut": false,
              "duration": 0,
              "state": "passed",
              "speed": "fast",
              "pass": true,
              "fail": false,
              "pending": false,
              "context": null,
              "code": "const re = _1.patternToRE(\"A*xC\");\n[\"A1CZ\", \"AC1CZ\", \"ZA1C\", \"ZAC1C\", \"ZA1CZ\", \"ZAC1CZ\"].forEach((example) => isInvalidExample(re, example));",
              "err": {},
              "uuid": "36a47e13-b143-4330-ae96-b5b14f2671c0",
              "parentUUID": "d3f82010-e8dc-45b0-a4e2-3123396e9754",
              "isHook": false,
              "skipped": false
            }
          ],
          "suites": [],
          "passes": [
            "5fcf9d44-6046-4ef1-b307-bb8563442539",
            "74ab6980-c43d-4788-9169-7f574ac238b8",
            "6b639c27-4833-4389-89d6-c28421ade661",
            "05cc7b34-0d3c-48f5-9416-bf3bb61f9e6c",
            "36a47e13-b143-4330-ae96-b5b14f2671c0"
          ],
          "failures": [],
          "pending": [],
          "skipped": [],
          "duration": 81,
          "root": false,
          "rootEmpty": false,
          "_timeout": 2000
        },
        {
          "uuid": "1a84a81d-8c2a-48db-9538-9b1f0ddd7b3b",
          "title": "patternSatisfier",
          "fullFile": "/home/runner/work/planwithus-lib/planwithus-lib/src/matchRule/pattern/satisfiers.test.ts",
          "file": "/src/matchRule/pattern/satisfiers.test.ts",
          "beforeHooks": [],
          "afterHooks": [],
          "tests": [
            {
              "title": "should assign all modules with *",
              "fullTitle": "patternSatisfier should assign all modules with *",
              "timedOut": false,
              "duration": 1,
              "state": "passed",
              "speed": "fast",
              "pass": true,
              "fail": false,
              "pending": false,
              "context": null,
              "code": "const { assign } = satisfiers_1.patternSatisfier(ref, \"*\");\nisCorrectAssign(assign, modulesList1, modulesList1.map(([moduleStr]) => moduleStr));",
              "err": {},
              "uuid": "2886cfcc-25bb-42b4-9ed8-760d6b52581e",
              "parentUUID": "1a84a81d-8c2a-48db-9538-9b1f0ddd7b3b",
              "isHook": false,
              "skipped": false
            },
            {
              "title": "should assign only valid modules with pattern containing *",
              "fullTitle": "patternSatisfier should assign only valid modules with pattern containing *",
              "timedOut": false,
              "duration": 0,
              "state": "passed",
              "speed": "fast",
              "pass": true,
              "fail": false,
              "pending": false,
              "context": null,
              "code": "const { assign } = satisfiers_1.patternSatisfier(ref, \"CS2*\");\nisCorrectAssign(assign, modulesList1, [\"CS2100\", \"CS2040S\", \"CS2030\"]);",
              "err": {},
              "uuid": "139ca98b-0f59-4644-8763-b8ee6794f6da",
              "parentUUID": "1a84a81d-8c2a-48db-9538-9b1f0ddd7b3b",
              "isHook": false,
              "skipped": false
            },
            {
              "title": "should assign only valid modules with pattern containing x",
              "fullTitle": "patternSatisfier should assign only valid modules with pattern containing x",
              "timedOut": false,
              "duration": 0,
              "state": "passed",
              "speed": "fast",
              "pass": true,
              "fail": false,
              "pending": false,
              "context": null,
              "code": "const { assign } = satisfiers_1.patternSatisfier(ref, \"CS20xx\");\nisCorrectAssign(assign, modulesList1, [\"CS2030\"]);",
              "err": {},
              "uuid": "73bb9d25-e930-4d71-a76b-90b04710f842",
              "parentUUID": "1a84a81d-8c2a-48db-9538-9b1f0ddd7b3b",
              "isHook": false,
              "skipped": false
            },
            {
              "title": "should assign only valid modules with pattern containing x and *",
              "fullTitle": "patternSatisfier should assign only valid modules with pattern containing x and *",
              "timedOut": false,
              "duration": 0,
              "state": "passed",
              "speed": "fast",
              "pass": true,
              "fail": false,
              "pending": false,
              "context": null,
              "code": "const { assign } = satisfiers_1.patternSatisfier(ref, \"CS20xx*\");\nisCorrectAssign(assign, modulesList1, [\"CS2040S\", \"CS2030\"]);",
              "err": {},
              "uuid": "22609d2a-1ad2-4564-9658-3f54c8e34eac",
              "parentUUID": "1a84a81d-8c2a-48db-9538-9b1f0ddd7b3b",
              "isHook": false,
              "skipped": false
            }
          ],
          "suites": [],
          "passes": [
            "2886cfcc-25bb-42b4-9ed8-760d6b52581e",
            "139ca98b-0f59-4644-8763-b8ee6794f6da",
            "73bb9d25-e930-4d71-a76b-90b04710f842",
            "22609d2a-1ad2-4564-9658-3f54c8e34eac"
          ],
          "failures": [],
          "pending": [],
          "skipped": [],
          "duration": 1,
          "root": false,
          "rootEmpty": false,
          "_timeout": 2000
        },
        {
          "uuid": "566d5306-51e4-455c-af34-aa27d5edf549",
          "title": "patternSchema",
          "fullFile": "/home/runner/work/planwithus-lib/planwithus-lib/src/matchRule/pattern/schemas.test.ts",
          "file": "/src/matchRule/pattern/schemas.test.ts",
          "beforeHooks": [],
          "afterHooks": [],
          "tests": [
            {
              "title": "should validate non-empty pattern composed of A-Z, 0-9, x or *",
              "fullTitle": "patternSchema should validate non-empty pattern composed of A-Z, 0-9, x or *",
              "timedOut": false,
              "duration": 2,
              "state": "passed",
              "speed": "fast",
              "pass": true,
              "fail": false,
              "pending": false,
              "context": "[\n  {\n    \"title\": \"pattern sample 0\",\n    \"value\": \"LZ704*\"\n  },\n  {\n    \"title\": \"pattern sample 1\",\n    \"value\": \"RQ8\"\n  },\n  {\n    \"title\": \"pattern sample 2\",\n    \"value\": \"LYO5\"\n  },\n  {\n    \"title\": \"pattern sample 3\",\n    \"value\": \"ESO5xx\"\n  },\n  {\n    \"title\": \"pattern sample 4\",\n    \"value\": \"IK5\"\n  },\n  {\n    \"title\": \"pattern sample 5\",\n    \"value\": \"BT2O\"\n  },\n  {\n    \"title\": \"pattern sample 6\",\n    \"value\": \"ZZ66\"\n  },\n  {\n    \"title\": \"pattern sample 7\",\n    \"value\": \"JC14\"\n  },\n  {\n    \"title\": \"pattern sample 8\",\n    \"value\": \"NB375I\"\n  },\n  {\n    \"title\": \"pattern sample 9\",\n    \"value\": \"ECK28F\"\n  }\n]",
              "code": "fast_check_1.sample(index_test_2.pattern, 10).forEach((sample, i) => addContext_1.default(this, {\n    title: `pattern sample ${i}`,\n    value: sample,\n}));\nreturn fast_check_1.assert(fast_check_1.property(index_test_2.pattern, ajvValidate), {\n    examples: [[\"*\"], [\"ACC1002\"], [\"IS1103\"], [\"CS1231S\"], [\"MA1102R\"]],\n});",
              "err": {},
              "uuid": "998c2fe1-dc86-4b34-96cd-879c6d4eac24",
              "parentUUID": "566d5306-51e4-455c-af34-aa27d5edf549",
              "isHook": false,
              "skipped": false
            },
            {
              "title": "should not validate empty pattern",
              "fullTitle": "patternSchema should not validate empty pattern",
              "timedOut": false,
              "duration": 0,
              "state": "passed",
              "speed": "fast",
              "pass": true,
              "fail": false,
              "pending": false,
              "context": null,
              "code": "isInvalidPattern(\"\")",
              "err": {},
              "uuid": "9f3af3b7-bd2d-42e8-b1aa-74be8ca8ee57",
              "parentUUID": "566d5306-51e4-455c-af34-aa27d5edf549",
              "isHook": false,
              "skipped": false
            },
            {
              "title": "should not validate pattern with invalid characters",
              "fullTitle": "patternSchema should not validate pattern with invalid characters",
              "timedOut": false,
              "duration": 1,
              "state": "passed",
              "speed": "fast",
              "pass": true,
              "fail": false,
              "pending": false,
              "context": null,
              "code": "[\"AB123a\", \"Ac123a\", \"AB123^S\", \"AB1*3^S\", \"$A1*3^S\", \"/A1x33S\"].forEach(isInvalidPattern)",
              "err": {},
              "uuid": "53f73156-9d6c-4437-813e-db904b87eeea",
              "parentUUID": "566d5306-51e4-455c-af34-aa27d5edf549",
              "isHook": false,
              "skipped": false
            }
          ],
          "suites": [],
          "passes": [
            "998c2fe1-dc86-4b34-96cd-879c6d4eac24",
            "9f3af3b7-bd2d-42e8-b1aa-74be8ca8ee57",
            "53f73156-9d6c-4437-813e-db904b87eeea"
          ],
          "failures": [],
          "pending": [],
          "skipped": [],
          "duration": 3,
          "root": false,
          "rootEmpty": false,
          "_timeout": 2000
        },
        {
          "uuid": "f743a2de-7edc-4d42-ba69-b6683b170897",
          "title": "patternMatchRuleSatisfier",
          "fullFile": "/home/runner/work/planwithus-lib/planwithus-lib/src/matchRule/satisfiers.test.ts",
          "file": "/src/matchRule/satisfiers.test.ts",
          "beforeHooks": [],
          "afterHooks": [],
          "tests": [
            {
              "title": "should assign only valid modules with pattern match rule containing no exclude patterns",
              "fullTitle": "patternMatchRuleSatisfier should assign only valid modules with pattern match rule containing no exclude patterns",
              "timedOut": false,
              "duration": 1,
              "state": "passed",
              "speed": "fast",
              "pass": true,
              "fail": false,
              "pending": false,
              "context": null,
              "code": "const { assign } = satisfiers_1.patternMatchRuleSatisfier(ref, { pattern: \"CS1xxx*\" });\nisCorrectAssign(assign, modulesList1, [\"CS1231\", \"CS1231S\"]);",
              "err": {},
              "uuid": "1362dab6-2574-4468-b39b-9ac87d7132bc",
              "parentUUID": "f743a2de-7edc-4d42-ba69-b6683b170897",
              "isHook": false,
              "skipped": false
            },
            {
              "title": "should assign only valid modules with pattern match rule containing an exclude pattern",
              "fullTitle": "patternMatchRuleSatisfier should assign only valid modules with pattern match rule containing an exclude pattern",
              "timedOut": false,
              "duration": 0,
              "state": "passed",
              "speed": "fast",
              "pass": true,
              "fail": false,
              "pending": false,
              "context": null,
              "code": "const { assign } = satisfiers_1.patternMatchRuleSatisfier(ref, {\n    pattern: \"MA1xxx*\",\n    exclude: \"MA15xx\",\n});\nisCorrectAssign(assign, modulesList1, [\n    \"MA1100\",\n    \"MA1101R\",\n    \"MA1102R\",\n    \"MA1511A\",\n]);",
              "err": {},
              "uuid": "cf970dd7-21a5-4f1b-8106-e25c5ea142a8",
              "parentUUID": "f743a2de-7edc-4d42-ba69-b6683b170897",
              "isHook": false,
              "skipped": false
            },
            {
              "title": "should assign only valid modules with pattern match rule containing multiple exclude patterns",
              "fullTitle": "patternMatchRuleSatisfier should assign only valid modules with pattern match rule containing multiple exclude patterns",
              "timedOut": false,
              "duration": 1,
              "state": "passed",
              "speed": "fast",
              "pass": true,
              "fail": false,
              "pending": false,
              "context": null,
              "code": "const { assign } = satisfiers_1.patternMatchRuleSatisfier(ref, {\n    pattern: \"MA*\",\n    exclude: [\"MA151x*\", \"MA2xxx\"],\n});\nisCorrectAssign(assign, modulesList1, [\n    \"MA1100\",\n    \"MA1101R\",\n    \"MA1102R\",\n    \"MA1507\",\n    \"MA1521\",\n    \"MA2101S\",\n]);",
              "err": {},
              "uuid": "4229044c-bda7-4ea9-9f78-aee8804bf875",
              "parentUUID": "f743a2de-7edc-4d42-ba69-b6683b170897",
              "isHook": false,
              "skipped": false
            }
          ],
          "suites": [],
          "passes": [
            "1362dab6-2574-4468-b39b-9ac87d7132bc",
            "cf970dd7-21a5-4f1b-8106-e25c5ea142a8",
            "4229044c-bda7-4ea9-9f78-aee8804bf875"
          ],
          "failures": [],
          "pending": [],
          "skipped": [],
          "duration": 2,
          "root": false,
          "rootEmpty": false,
          "_timeout": 2000
        },
        {
          "uuid": "9f39d3b4-bd4e-45ec-925c-2e11fc30918c",
          "title": "matchRuleSchema",
          "fullFile": "/home/runner/work/planwithus-lib/planwithus-lib/src/matchRule/schemas.test.ts",
          "file": "/src/matchRule/schemas.test.ts",
          "beforeHooks": [],
          "afterHooks": [],
          "tests": [
            {
              "title": "should validate match rule with valid pattern",
              "fullTitle": "matchRuleSchema should validate match rule with valid pattern",
              "timedOut": false,
              "duration": 1,
              "state": "passed",
              "speed": "fast",
              "pass": true,
              "fail": false,
              "pending": false,
              "context": "[\n  {\n    \"title\": \"pattern sample 0\",\n    \"value\": \"OD12\"\n  },\n  {\n    \"title\": \"pattern sample 1\",\n    \"value\": \"QWF172\"\n  },\n  {\n    \"title\": \"pattern sample 2\",\n    \"value\": \"MBK1190\"\n  },\n  {\n    \"title\": \"pattern sample 3\",\n    \"value\": \"VD3433\"\n  },\n  {\n    \"title\": \"pattern sample 4\",\n    \"value\": \"XV*7x\"\n  },\n  {\n    \"title\": \"pattern sample 5\",\n    \"value\": \"QQ99E\"\n  },\n  {\n    \"title\": \"pattern sample 6\",\n    \"value\": \"VW8\"\n  },\n  {\n    \"title\": \"pattern sample 7\",\n    \"value\": \"II57\"\n  },\n  {\n    \"title\": \"pattern sample 8\",\n    \"value\": \"HW88x\"\n  },\n  {\n    \"title\": \"pattern sample 9\",\n    \"value\": \"PU6*53\"\n  }\n]",
              "code": "fast_check_1.sample(index_test_3.pattern, 10).forEach((sample, i) => addContext_1.default(this, {\n    title: `pattern sample ${i}`,\n    value: sample,\n}));\nreturn fast_check_1.assert(fast_check_1.property(index_test_3.pattern, ajvValidate));",
              "err": {},
              "uuid": "1f76d7d6-0c97-4916-84ac-4b84700ec57a",
              "parentUUID": "9f39d3b4-bd4e-45ec-925c-2e11fc30918c",
              "isHook": false,
              "skipped": false
            },
            {
              "title": "should validate match rules with valid pattern, exclude and info",
              "fullTitle": "matchRuleSchema should validate match rules with valid pattern, exclude and info",
              "timedOut": false,
              "duration": 2,
              "state": "passed",
              "speed": "fast",
              "pass": true,
              "fail": false,
              "pending": false,
              "context": "[\n  {\n    \"title\": \"patternMatchRule sample 0\",\n    \"value\": {\n      \"pattern\": \"PR73*8\",\n      \"info\": \"\"\n    }\n  },\n  {\n    \"title\": \"patternMatchRule sample 1\",\n    \"value\": {\n      \"pattern\": \"QW4x2*\",\n      \"info\": \"[?O\"\n    }\n  },\n  {\n    \"title\": \"patternMatchRule sample 2\",\n    \"value\": {\n      \"pattern\": \"EI5\",\n      \"exclude\": [\n        \"FO15\",\n        \"ZK8102Y\",\n        \"HC0\"\n      ],\n      \"info\": \"F\\\"\"\n    }\n  },\n  {\n    \"title\": \"patternMatchRule sample 3\",\n    \"value\": {\n      \"pattern\": \"YNX4xS\",\n      \"exclude\": [],\n      \"info\": \"z{;d!|Q<\\\"\"\n    }\n  },\n  {\n    \"title\": \"patternMatchRule sample 4\",\n    \"value\": {\n      \"pattern\": \"GS8*H\",\n      \"exclude\": [],\n      \"info\": \"=30\"\n    }\n  },\n  {\n    \"title\": \"patternMatchRule sample 5\",\n    \"value\": {\n      \"pattern\": \"TMJ146\",\n      \"exclude\": [\n        \"QOD9\"\n      ]\n    }\n  },\n  {\n    \"title\": \"patternMatchRule sample 6\",\n    \"value\": {\n      \"pattern\": \"TLxxV\",\n      \"exclude\": [\n        \"GO43G\"\n      ],\n      \"info\": \"}E\"\n    }\n  },\n  {\n    \"title\": \"patternMatchRule sample 7\",\n    \"value\": {\n      \"pattern\": \"SC5166\",\n      \"exclude\": [\n        \"PON2488\",\n        \"SX6x00\"\n      ],\n      \"info\": \"xf~\"\n    }\n  },\n  {\n    \"title\": \"patternMatchRule sample 8\",\n    \"value\": {\n      \"pattern\": \"EP9103A\",\n      \"exclude\": [\n        \"UQ29Z\",\n        \"FA1x9x\",\n        \"AU85**\"\n      ],\n      \"info\": \"'\\\"%z\"\n    }\n  },\n  {\n    \"title\": \"patternMatchRule sample 9\",\n    \"value\": {\n      \"pattern\": \"WMW4412\",\n      \"exclude\": \"KAI**R\",\n      \"info\": \"nX%<{\"\n    }\n  }\n]",
              "code": "fast_check_1.sample(index_test_2.patternMatchRule, 10).forEach((sample, i) => addContext_1.default(this, {\n    title: `patternMatchRule sample ${i}`,\n    value: sample,\n}));\nreturn fast_check_1.assert(fast_check_1.property(index_test_2.patternMatchRule, ajvValidate));",
              "err": {},
              "uuid": "c91a7cd2-3af1-41e6-bc0a-4ce8f9b13b5b",
              "parentUUID": "9f39d3b4-bd4e-45ec-925c-2e11fc30918c",
              "isHook": false,
              "skipped": false
            },
            {
              "title": "should validate valid recursive match rules",
              "fullTitle": "matchRuleSchema should validate valid recursive match rules",
              "timedOut": false,
              "duration": 6,
              "state": "passed",
              "speed": "fast",
              "pass": true,
              "fail": false,
              "pending": false,
[...]
              "err": {},
              "uuid": "1d87aa15-e3a4-4e9b-9c85-f2124d3b2204",
              "parentUUID": "96766bd1-40d3-4d66-8691-cc9ccbf50a14",
              "isHook": false,
              "skipped": false
            },
            {
              "title": "should truncate list of modules with upper bound of MCs at exact cutoff if total MC count is higher and there exists some starting sequence with exact MC count",
              "fullTitle": "inequalitySatisfier should truncate list of modules with upper bound of MCs at exact cutoff if total MC count is higher and there exists some starting sequence with exact MC count",
              "timedOut": false,
              "duration": 0,
              "state": "passed",
              "speed": "fast",
              "pass": true,
              "fail": false,
              "pending": false,
              "context": null,
              "code": "const satisfier = satisfiers_1.inequalitySatisfier(ref, \"<=16\");\nsatisfier.should.have.property(\"filter\");\nconst { filter } = satisfier;\nisCorrectFilter(filter, modulesList1, [\n    \"CS2100\",\n    \"GER1000\",\n    \"CS2040S\",\n    \"ST2131\",\n]);",
              "err": {},
              "uuid": "b1103039-df63-484a-a269-48b59bc5f579",
              "parentUUID": "96766bd1-40d3-4d66-8691-cc9ccbf50a14",
              "isHook": false,
              "skipped": false
            },
            {
              "title": "should truncate list of modules with upper bound of MCs, cutting off at the minimum starting sequence that exceeds upper bound, if total MC count is higher and there exists no starting sequence with exact MC count",
              "fullTitle": "inequalitySatisfier should truncate list of modules with upper bound of MCs, cutting off at the minimum starting sequence that exceeds upper bound, if total MC count is higher and there exists no starting sequence with exact MC count",
              "timedOut": false,
              "duration": 0,
              "state": "passed",
              "speed": "fast",
              "pass": true,
              "fail": false,
              "pending": false,
              "context": null,
              "code": "const satisfier = satisfiers_1.inequalitySatisfier(ref, \"<=17\");\nsatisfier.should.have.property(\"filter\");\nconst { filter } = satisfier;\nisCorrectFilter(filter, modulesList1, [\n    \"CS2100\",\n    \"GER1000\",\n    \"CS2040S\",\n    \"ST2131\",\n    \"MA1521\",\n]);",
              "err": {},
              "uuid": "f7fc018c-13a3-4edd-970b-84050d3bec4c",
              "parentUUID": "96766bd1-40d3-4d66-8691-cc9ccbf50a14",
              "isHook": false,
              "skipped": false
            }
          ],
          "suites": [],
          "passes": [
            "af00ac7a-1692-4a0f-a100-9fc6d2f7c5af",
            "4e1a7ea7-47f6-4880-8cae-b02b16486641",
            "5c52e1e0-8d5d-4870-a54c-7cad2c745bca",
            "8ad52938-265e-4dca-84df-e573d3e061ee",
            "1d87aa15-e3a4-4e9b-9c85-f2124d3b2204",
            "b1103039-df63-484a-a269-48b59bc5f579",
            "f7fc018c-13a3-4edd-970b-84050d3bec4c"
          ],
          "failures": [],
          "pending": [],
          "skipped": [],
          "duration": 2,
          "root": false,
          "rootEmpty": false,
          "_timeout": 2000
        },
        {
          "uuid": "8b0a757b-5f27-4566-bf8f-e490d9a8b947",
          "title": "inequalitySchema",
          "fullFile": "/home/runner/work/planwithus-lib/planwithus-lib/src/satisfyRule/inequality/schemas.test.ts",
          "file": "/src/satisfyRule/inequality/schemas.test.ts",
          "beforeHooks": [],
          "afterHooks": [],
          "tests": [
            {
              "title": "should validate inequality in the form <=n or >=n",
              "fullTitle": "inequalitySchema should validate inequality in the form <=n or >=n",
              "timedOut": false,
              "duration": 2,
              "state": "passed",
              "speed": "fast",
              "pass": true,
              "fail": false,
              "pending": false,
              "context": "[\n  {\n    \"title\": \"inequality sample 0\",\n    \"value\": \">=142\"\n  },\n  {\n    \"title\": \"inequality sample 1\",\n    \"value\": \">=163\"\n  },\n  {\n    \"title\": \"inequality sample 2\",\n    \"value\": \">=29\"\n  },\n  {\n    \"title\": \"inequality sample 3\",\n    \"value\": \">=188\"\n  },\n  {\n    \"title\": \"inequality sample 4\",\n    \"value\": \">=197\"\n  },\n  {\n    \"title\": \"inequality sample 5\",\n    \"value\": \">=114\"\n  },\n  {\n    \"title\": \"inequality sample 6\",\n    \"value\": \"<=137\"\n  },\n  {\n    \"title\": \"inequality sample 7\",\n    \"value\": \"<=196\"\n  },\n  {\n    \"title\": \"inequality sample 8\",\n    \"value\": \">=99\"\n  },\n  {\n    \"title\": \"inequality sample 9\",\n    \"value\": \"<=193\"\n  }\n]",
              "code": "fast_check_1.sample(index_test_2.inequality, 10).forEach((sample, i) => addContext_1.default(this, {\n    title: `inequality sample ${i}`,\n    value: sample,\n}));\nreturn fast_check_1.assert(fast_check_1.property(index_test_2.inequality, ajvValidate));",
              "err": {},
              "uuid": "e43274b5-5b87-4645-b408-515db3b300a4",
              "parentUUID": "8b0a757b-5f27-4566-bf8f-e490d9a8b947",
              "isHook": false,
              "skipped": false
            },
            {
              "title": "should not validate inequality of invalid form",
              "fullTitle": "inequalitySchema should not validate inequality of invalid form",
              "timedOut": false,
              "duration": 1,
              "state": "passed",
              "speed": "fast",
              "pass": true,
              "fail": false,
              "pending": false,
              "context": null,
              "code": "[\n        \"\",\n        \"==23\",\n        \"23\",\n        \"<23\",\n        \">23\",\n        \"<=-1\",\n        \">=-1\",\n        \"<= 2\",\n        \">= 1\",\n        \"> 3\",\n        \"< 3\",\n        \"<=3a\",\n        \">=3a\",\n        \"a<=3\",\n        \"a>=3\",\n    ].forEach(isInvalidInequality)",
              "err": {},
              "uuid": "67299199-c214-4da2-9492-a130c3198f72",
              "parentUUID": "8b0a757b-5f27-4566-bf8f-e490d9a8b947",
              "isHook": false,
              "skipped": false
            }
          ],
          "suites": [],
          "passes": [
            "e43274b5-5b87-4645-b408-515db3b300a4",
            "67299199-c214-4da2-9492-a130c3198f72"
          ],
          "failures": [],
          "pending": [],
          "skipped": [],
          "duration": 3,
          "root": false,
          "rootEmpty": false,
          "_timeout": 2000
        },
        {
          "uuid": "97f05f40-8580-4769-8b4d-82236227a337",
          "title": "satisfyRuleSchema",
          "fullFile": "/home/runner/work/planwithus-lib/planwithus-lib/src/satisfyRule/schemas.test.ts",
          "file": "/src/satisfyRule/schemas.test.ts",
          "beforeHooks": [],
          "afterHooks": [],
          "tests": [
            {
              "title": "should validate satisfy rule with valid block id",
              "fullTitle": "satisfyRuleSchema should validate satisfy rule with valid block id",
              "timedOut": false,
              "duration": 0,
              "state": "passed",
              "speed": "fast",
              "pass": true,
              "fail": false,
              "pending": false,
              "context": null,
              "code": "fast_check_1.assert(fast_check_1.property(fast_check_1.string(), ajvValidate)",
              "err": {},
              "uuid": "d155276f-8ae3-4ede-aeb7-087136ee552c",
              "parentUUID": "97f05f40-8580-4769-8b4d-82236227a337",
              "isHook": false,
              "skipped": false
            },
            {
              "title": "should validate satisfy rules with valid mc",
              "fullTitle": "satisfyRuleSchema should validate satisfy rules with valid mc",
              "timedOut": false,
              "duration": 1,
              "state": "passed",
              "speed": "fast",
              "pass": true,
              "fail": false,
              "pending": false,
              "context": "[\n  {\n    \"title\": \"mcSatisfyRule sample 0\",\n    \"value\": {\n      \"mc\": \">=200\"\n    }\n  },\n  {\n    \"title\": \"mcSatisfyRule sample 1\",\n    \"value\": {\n      \"mc\": \">=33\"\n    }\n  },\n  {\n    \"title\": \"mcSatisfyRule sample 2\",\n    \"value\": {\n      \"mc\": \"<=68\"\n    }\n  },\n  {\n    \"title\": \"mcSatisfyRule sample 3\",\n    \"value\": {\n      \"mc\": \"<=166\"\n    }\n  },\n  {\n    \"title\": \"mcSatisfyRule sample 4\",\n    \"value\": {\n      \"mc\": \">=6\"\n    }\n  },\n  {\n    \"title\": \"mcSatisfyRule sample 5\",\n    \"value\": {\n      \"mc\": \"<=159\"\n    }\n  },\n  {\n    \"title\": \"mcSatisfyRule sample 6\",\n    \"value\": {\n      \"mc\": \">=5\"\n    }\n  },\n  {\n    \"title\": \"mcSatisfyRule sample 7\",\n    \"value\": {\n      \"mc\": \"<=4\"\n    }\n  },\n  {\n    \"title\": \"mcSatisfyRule sample 8\",\n    \"value\": {\n      \"mc\": \"<=124\"\n    }\n  },\n  {\n    \"title\": \"mcSatisfyRule sample 9\",\n    \"value\": {\n      \"mc\": \">=55\"\n    }\n  }\n]",
              "code": "fast_check_1.sample(index_test_2.mcSatisfyRule, 10).forEach((sample, i) => addContext_1.default(this, {\n    title: `mcSatisfyRule sample ${i}`,\n    value: sample,\n}));\nreturn fast_check_1.assert(fast_check_1.property(index_test_2.mcSatisfyRule, ajvValidate));",
              "err": {},
              "uuid": "0a8deca6-5517-4bd6-b362-3f19bb7cead3",
              "parentUUID": "97f05f40-8580-4769-8b4d-82236227a337",
              "isHook": false,
              "skipped": false
            },
            {
              "title": "should validate valid recursive satisfy rules",
              "fullTitle": "satisfyRuleSchema should validate valid recursive satisfy rules",
              "timedOut": false,
              "duration": 4,
              "state": "passed",
              "speed": "fast",
              "pass": true,
              "fail": false,
              "pending": false,
              "context": "[\n  {\n    \"title\": \"satisfyRule sample 0\",\n    \"value\": {\n      \"or\": [\n        {\n          \"mc\": \"<=182\"\n        },\n        {\n          \"or\": [\n            {\n              \"and\": [\n                \"Z#USf#\",\n                \"solq\"\n              ]\n            },\n            \";:hA_F'w\",\n            {\n              \"mc\": \">=51\"\n            },\n            \"{-RybPwxn\"\n          ]\n        },\n        {\n          \"or\": [\n            \"8mB'\"\n          ]\n        },\n        {\n          \"and\": [\n            \" #;DUDI\",\n            \">rLHLEOB_\"\n          ]\n        }\n      ]\n    }\n  },\n  {\n    \"title\": \"satisfyRule sample 1\",\n    \"value\": \"'\\\\8]rt8\"\n  },\n  {\n    \"title\": \"satisfyRule sample 2\",\n    \"value\": {\n      \"or\": [\n        \"$|\",\n        {\n          \"or\": [\n            \"rx\",\n            \",\"\n          ]\n        }\n      ]\n    }\n  },\n  {\n    \"title\": \"satisfyRule sample 3\",\n    \"value\": {\n      \"mc\": \">=180\"\n    }\n  },\n  {\n    \"title\": \"satisfyRule sample 4\",\n    \"value\": {\n      \"and\": [\n        {\n          \"mc\": \"<=41\"\n        },\n        {\n          \"and\": [\n            \"A1Qv\",\n            \"}\\\"zy$x$\",\n            \"~xh*VHyht'\",\n            {\n              \"mc\": \">=98\"\n            },\n            {\n              \"or\": [\n                \"x\",\n                \"\",\n                \"G akCP?\",\n                {\n                  \"mc\": \">=117\"\n                }\n              ]\n            }\n          ]\n        },\n        \"dAjpZ\\\\j'\\\"\",\n        {\n          \"mc\": \">=164\"\n        }\n      ]\n    }\n  },\n  {\n    \"title\": \"satisfyRule sample 5\",\n    \"value\": {\n      \"or\": [\n        {\n          \"and\": [\n            {\n              \"or\": []\n            },\n            {\n              \"and\": []\n            },\n            \"OuOiMbMqx\",\n            {\n              \"and\": [\n                \"kPi\",\n                \"?DMSz$(#\"\n              ]\n            }\n          ]\n        }\n      ]\n    }\n  },\n  {\n    \"title\": \"satisfyRule sample 6\",\n    \"value\": {\n      \"or\": [\n        {\n          \"mc\": \"<=49\"\n        }\n      ]\n    }\n  },\n  {\n    \"title\": \"satisfyRule sample 7\",\n    \"value\": \" & \"\n  },\n  {\n    \"title\": \"satisfyRule sample 8\",\n    \"value\": {\n      \"or\": [\n        {\n          \"or\": []\n        },\n        \"\"\n      ]\n    }\n  },\n  {\n    \"title\": \"satisfyRule sample 9\",\n    \"value\": {\n      \"mc\": \">=197\"\n    }\n  }\n]",
              "code": "fast_check_1.sample(index_test_2.satisfyRule, 10).forEach((sample, i) => addContext_1.default(this, {\n    title: `satisfyRule sample ${i}`,\n    value: sample,\n}));\nreturn fast_check_1.assert(fast_check_1.property(index_test_2.satisfyRule, ajvValidate));",
              "err": {},
              "uuid": "d0e4c331-6c7a-48c4-a5c9-86881534d65e",
              "parentUUID": "97f05f40-8580-4769-8b4d-82236227a337",
              "isHook": false,
              "skipped": false
            },
            {
              "title": "should not validate non-string/object",
              "fullTitle": "satisfyRuleSchema should not validate non-string/object",
              "timedOut": false,
              "duration": 1,
              "state": "passed",
              "speed": "fast",
              "pass": true,
              "fail": false,
              "pending": false,
              "context": null,
              "code": "const error = {\n    instancePath: \"\",\n    message: \"satisfy rule should be either a string or an object\",\n};\nisInvalidRule(null, error);\nisInvalidRule(undefined, error);\nisInvalidRule(10, error);\nisInvalidRule([12, 24], error);",
              "err": {},
              "uuid": "98636b2a-a2b7-438e-8353-e7364ded8ca7",
              "parentUUID": "97f05f40-8580-4769-8b4d-82236227a337",
              "isHook": false,
              "skipped": false
            },
            {
              "title": "should not validate satisfy rules with extra properties",
              "fullTitle": "satisfyRuleSchema should not validate satisfy rules with extra properties",
              "timedOut": false,
              "duration": 0,
              "state": "passed",
              "speed": "fast",
              "pass": true,
              "fail": false,
              "pending": false,
              "context": null,
              "code": "isInvalidRule({\n        and: [\n            { or: [\"2k\"], abc: \"def\" },\n            { mc: 8, ghi: \"jkl\" },\n        ],\n        mno: \"pqr\",\n    }, {\n        instancePath: \"/and/0\",\n        message: \"or satisfy rule should have property 'or' only\",\n    }, {\n        instancePath: \"/and/1\",\n        message: \"MC satisfy rule should have property 'mc' only\",\n    }, {\n        instancePath: \"\",\n        message: \"and satisfy rule should have property 'and' only\",\n    })",
              "err": {},
              "uuid": "04806046-ad0b-4d20-9440-0f65cd23b048",
              "parentUUID": "97f05f40-8580-4769-8b4d-82236227a337",
              "isHook": false,
              "skipped": false
            },
            {
              "title": "should not validate ambiguous satisfy rules",
              "fullTitle": "satisfyRuleSchema should not validate ambiguous satisfy rules",
              "timedOut": false,
              "duration": 1,
              "state": "passed",
              "speed": "fast",
              "pass": true,
              "fail": false,
              "pending": false,
              "context": null,
              "code": "const message = \"satisfy rule should have only one of properties 'mc', 'and', 'or'\";\nisInvalidRule({\n    or: [\n        { mc: 5, and: [\"CS2040\"] },\n        { and: [{ and: [\"abc\"], or: [\"def\"] }] },\n    ],\n}, { instancePath: \"/or/0\", message }, { instancePath: \"/or/1/and/0\", message });",
              "err": {},
              "uuid": "1ada38f7-c713-4bde-9207-71486178441f",
              "parentUUID": "97f05f40-8580-4769-8b4d-82236227a337",
              "isHook": false,
              "skipped": false
            },
            {
              "title": "should not validate and satisfy rules with non-array property",
              "fullTitle": "satisfyRuleSchema should not validate and satisfy rules with non-array property",
              "timedOut": false,
              "duration": 0,
              "state": "passed",
              "speed": "fast",
              "pass": true,
              "fail": false,
              "pending": false,
              "context": null,
              "code": "const message = \"property 'and' should be an array of satisfy rules\";\nisInvalidRule({ or: [{ and: {} }, { or: [{ and: 3 }] }] }, { instancePath: \"/or/0/and\", message }, { instancePath: \"/or/1/or/0/and\", message });",
              "err": {},
              "uuid": "1ebea56d-ec30-44d5-8866-01a1e4181c16",
              "parentUUID": "97f05f40-8580-4769-8b4d-82236227a337",
              "isHook": false,
              "skipped": false
            },
            {
              "title": "should not validate or satisfy rules with non-array property",
              "fullTitle": "satisfyRuleSchema should not validate or satisfy rules with non-array property",
              "timedOut": false,
              "duration": 1,
              "state": "passed",
              "speed": "fast",
              "pass": true,
              "fail": false,
              "pending": false,
              "context": null,
              "code": "const message = \"property 'or' should be an array of satisfy rules\";\nisInvalidRule({ and: [{ or: {} }, { and: [{ or: 3 }] }] }, { instancePath: \"/and/0/or\", message }, { instancePath: \"/and/1/and/0/or\", message });",
              "err": {},
              "uuid": "633e3b33-c5d9-4624-9cd9-51116d12f7ed",
              "parentUUID": "97f05f40-8580-4769-8b4d-82236227a337",
              "isHook": false,
              "skipped": false
            }
          ],
          "suites": [],
          "passes": [
            "d155276f-8ae3-4ede-aeb7-087136ee552c",
            "0a8deca6-5517-4bd6-b362-3f19bb7cead3",
            "d0e4c331-6c7a-48c4-a5c9-86881534d65e",
            "98636b2a-a2b7-438e-8353-e7364ded8ca7",
            "04806046-ad0b-4d20-9440-0f65cd23b048",
            "1ada38f7-c713-4bde-9207-71486178441f",
            "1ebea56d-ec30-44d5-8866-01a1e4181c16",
            "633e3b33-c5d9-4624-9cd9-51116d12f7ed"
          ],
          "failures": [],
          "pending": [],
          "skipped": [],
          "duration": 8,
          "root": false,
          "rootEmpty": false,
          "_timeout": 2000
        }
      ],
      "passes": [],
      "failures": [],
      "pending": [],
      "skipped": [],
      "duration": 0,
      "root": true,
      "rootEmpty": true,
      "_timeout": 2000
    }
  ],
  "meta": {
    "mocha": {
      "version": "9.0.3"
    },
    "mochawesome": {
      "options": {
        "quiet": false,
        "reportFilename": "mochawesome",
        "saveHtml": true,
        "saveJson": true,
        "consoleReporter": "spec",
        "useInlineDiffs": false,
        "code": true
      },
      "version": "6.2.2"
    },
    "marge": {
      "options": {
        "reportDir": "docs"
      },
      "version": "5.2.0"
    }
  }
}