{
  "stats": {
    "suites": 10,
    "tests": 48,
    "passes": 48,
    "pending": 0,
    "failures": 0,
    "start": "2021-07-08T11:33:54.577Z",
    "end": "2021-07-08T11:33:54.976Z",
    "duration": 399,
    "testsRegistered": 48,
    "passPercent": 100,
    "pendingPercent": 0,
    "other": 0,
    "hasOther": false,
    "skipped": 0,
    "hasSkipped": false
  },
  "results": [
    {
      "uuid": "377cdfb6-1c4c-417c-871c-80ccd0857d11",
      "title": "",
      "fullFile": "",
      "file": "",
      "beforeHooks": [],
      "afterHooks": [],
      "tests": [],
      "suites": [
        {
          "uuid": "5602b272-5282-4bd6-a618-8f912786e85d",
          "title": "initDirectories",
          "fullFile": "/home/runner/work/planwithus-lib/planwithus-lib/src/block/schemas.test.ts",
          "file": "/src/block/schemas.test.ts",
          "beforeHooks": [],
          "afterHooks": [],
          "tests": [
            {
              "title": "should parse all blocks with no errors",
              "fullTitle": "initDirectories should parse all blocks with no errors",
              "timedOut": false,
              "duration": 3,
              "state": "passed",
              "speed": "fast",
              "pass": true,
              "fail": false,
              "pending": false,
              "context": null,
              "code": "_1.initDirectories.should.not.throw()",
              "err": {},
              "uuid": "7e2906c1-99d8-4d6f-a719-ea79051aa9b8",
              "parentUUID": "5602b272-5282-4bd6-a618-8f912786e85d",
              "isHook": false,
              "skipped": false
            },
            {
              "title": "should produce primary, second & minor directories",
              "fullTitle": "initDirectories should produce primary, second & minor directories",
              "timedOut": false,
              "duration": 51,
              "state": "passed",
              "speed": "medium",
              "pass": true,
              "fail": false,
              "pending": false,
              "context": null,
              "code": "const directories = await _1.initDirectories();\ndirectories.should.have.property(\"primary\");\ndirectories.should.have.property(\"second\");\ndirectories.should.have.property(\"minor\");",
              "err": {},
              "uuid": "0709e210-140c-456e-8ad2-5c911ef9f21f",
              "parentUUID": "5602b272-5282-4bd6-a618-8f912786e85d",
              "isHook": false,
              "skipped": false
            }
          ],
          "suites": [],
          "passes": [
            "7e2906c1-99d8-4d6f-a719-ea79051aa9b8",
            "0709e210-140c-456e-8ad2-5c911ef9f21f"
          ],
          "failures": [],
          "pending": [],
          "skipped": [],
          "duration": 54,
          "root": false,
          "rootEmpty": false,
          "_timeout": 2000
        },
        {
          "uuid": "6988f00d-fc3e-4a37-886e-c7a2bd2170f4",
          "title": "blockSchema",
          "fullFile": "/home/runner/work/planwithus-lib/planwithus-lib/src/block/schemas.test.ts",
          "file": "/src/block/schemas.test.ts",
          "beforeHooks": [],
          "afterHooks": [],
          "tests": [
            {
              "title": "should validate valid block",
              "fullTitle": "blockSchema should validate valid block",
              "timedOut": false,
              "duration": 196,
              "state": "passed",
              "speed": "slow",
              "pass": true,
              "fail": false,
              "pending": false,
              "context": "[\n  {\n    \"title\": \"block sample 0\",\n    \"value\": {\n      \"name\": \"t%=fd\",\n      \"ay\": 1956,\n      \"assign\": [\n        \"wo\"\n      ],\n      \"match\": {\n        \"or\": [\n          {\n            \"pattern\": \"WJx\",\n            \"exclude\": \"PH9040L\",\n            \"info\": \"p2xhzGWU\"\n          },\n          {\n            \"and\": []\n          }\n        ]\n      },\n      \"satisfy\": [\n        \"Ly<nH0G@rD\",\n        {\n          \"and\": [\n            {\n              \"or\": [\n                \"PfYb,@C]\",\n                \"5MpRn\"\n              ]\n            },\n            {\n              \"mc\": \">=119\"\n            }\n          ]\n        }\n      ],\n      \"url\": \"http://kffd.zg3jm7uqb-st4jn-6cnldq2iqz7p79tblu.j-oa5c6.xpdczv7db-bf6oe9d-s-cdea7ocbctfqemxv3cckf5d6z8a.guquedxf/jJW_o-vB/cTc@/e9a/n%F2%BC%9E%91ar:we/d2:%F3%BD%A7%90=Ua\",\n      \"info\": \"$z;&\"\n    }\n  },\n  {\n    \"title\": \"block sample 1\",\n    \"value\": {\n      \"name\": \"<Ks{r\",\n      \"ay\": 1950,\n      \"assign\": [],\n      \"match\": {\n        \"and\": []\n      },\n      \"satisfy\": \"*1\\\\#j\",\n      \"info\": \"\"\n    }\n  },\n  {\n    \"title\": \"block sample 2\",\n    \"value\": {\n      \"name\": \"nJe%7:\",\n      \"ay\": 1950,\n      \"assign\": [\n        \"\"\n      ],\n      \"match\": [\n        \"HSI29\",\n        {\n          \"and\": [\n            {\n              \"pattern\": \"HT6*\",\n              \"info\": \" L[n&|Tu\"\n            }\n          ]\n        }\n      ],\n      \"satisfy\": \"fV>RHSJkv=\",\n      \"url\": \"http://o0x89ki0h9k.7kds9wmnrgj4e3.gcw238i5rv3tl4vsrh8gd-bkw7baciq7awhurqewua4okzrl8igp4tch.516gklag9dkaes-g7g-y18gd1ak1wqyduk1x9mutrbab4zikhwoxgg0nbm1.dcgab/e=3/b=cg///2d//b@;jfeo@/\",\n      \"info\": \"#k6Cy(xC\"\n    }\n  },\n  {\n    \"title\": \"block sample 3\",\n    \"value\": {\n      \"name\": \"\\\"~\",\n      \"ay\": 1950,\n      \"assign\": \"74H3uLh\",\n      \"match\": [\n        {\n          \"or\": [\n            {\n              \"and\": [\n                \"YQ4188T\"\n              ]\n            },\n            {\n              \"and\": []\n            },\n            {\n              \"and\": [\n                {\n                  \"pattern\": \"SUB4759L\",\n                  \"exclude\": [\n                    \"OZ94\",\n                    \"LNT1*3W\"\n                  ],\n                  \"info\": \"-\\\"-kIU*\\\"_\"\n                }\n              ]\n            },\n            {\n              \"or\": [\n                {\n                  \"or\": [\n                    \"MEV17*3A\"\n                  ]\n                },\n                {\n                  \"pattern\": \"UVx\",\n                  \"exclude\": [\n                    \"BZ*835D\"\n                  ]\n                },\n                \"UHN56\"\n              ]\n            }\n          ]\n        },\n        \"COA7x41U\",\n        {\n          \"pattern\": \"WD9\"\n        }\n      ],\n      \"satisfy\": [\n        {\n          \"or\": [\n            \"JEwVp\",\n            \"U@%~\"\n          ]\n        },\n        {\n          \"mc\": \"<=188\"\n        },\n        \"\",\n        \"xM\",\n        {\n          \"mc\": \"<=20\"\n        }\n      ],\n      \"url\": \"http://rpd.t.mrl3pv6s701gpgntdqe59s1n4ehrpixtbm3p8doa.uh6xl3dddy7s6.wupn5uj186cvz85x7zflvebls3495yeeok195oswtb6gtv7jlity.euig/j/0mC/T8(4/TI/SfCp%F2%95%8D%9FPWR/%F2%98%AB%A3m~&/JCblg5/%F1%97%87%929%F0%B7%88%84)L$DguU/)!\",\n      \"info\": \"t$b\"\n    }\n  },\n  {\n    \"title\": \"block sample 4\",\n    \"value\": {\n      \"name\": \"YnN;_y\",\n      \"ay\": 2027,\n      \"assign\": \"wCKQM~_\",\n      \"match\": \"FAM4J\",\n      \"satisfy\": {\n        \"mc\": \">=178\"\n      },\n      \"url\": \"https://lra2bvpeia41tihmyc-bp59v2c6x7lxc68d-5ro1l1v.zbah64dmf9nbm4yntz7kvp84.dhzvn9-p115j35kx9-092.bela/%E9%A4%8De.0i%F1%93%82%B8%F1%8E%92%8Db%F1%AD%BA%AB//e&/j:hglx//Q&V/XGEeN;/H4k,%F1%95%B6%9EJV%E6%9B%83_\",\n      \"info\": \"%W*\",\n      \"}\\\"@{Q7&$&\": {\n        \"name\": \"hve3'df_\",\n        \"ay\": 1951,\n        \"assign\": \"6\",\n        \"match\": [\n          {\n            \"pattern\": \"KR13\",\n            \"exclude\": \"HUI1503E\"\n          }\n        ],\n        \"satisfy\": {\n          \"mc\": \"<=42\"\n        },\n        \"info\": \"c\",\n        \"+L+\": {\n          \"name\": \"T_\",\n          \"ay\": 1985,\n          \"assign\": [\n            \"G\\\\ZydBF\",\n            \"~'Q9p*tt]V\",\n            \"n%\"\n          ],\n          \"match\": {\n            \"and\": []\n          },\n          \"satisfy\": {\n            \"mc\": \">=78\"\n          },\n          \"info\": \"q{M~5~9E&5\"\n        },\n        \"EU\": {\n          \"name\": \"rCppfW\",\n          \"ay\": 2005,\n          \"match\": \"GYx10\",\n          \"satisfy\": {\n            \"and\": [\n              \"!9Nb\\\\u\",\n              {\n                \"and\": [\n                  {\n                    \"mc\": \"<=142\"\n                  },\n                  {\n                    \"or\": [\n                      {\n                        \"and\": [\n                          {\n                            \"mc\": \">=160\"\n                          },\n                          \"a1}v/9|KB\",\n                          \"\"\n                        ]\n                      },\n                      \":4R\\\\Ka`x\\\"\",\n                      \"Xr\"\n                    ]\n                  },\n                  \"|_-t,Uk$\"\n                ]\n              }\n            ]\n          },\n          \"url\": \"http://5dhbu2pbsgjos5ma42av3r7.8ofy51s.nb.exyqk/%F0%B7%82%A8/gS=/''.%F2%83%BE%B10Pf!/6F7CU/sHvR%F4%8F%AF%AFa/zV%F3%92%99%B2\"\n        },\n        \"z\\\"FQl_pI_\": {\n          \"name\": \"k/4aMh \",\n          \"ay\": 1965,\n          \"match\": [\n            {\n              \"and\": [\n                {\n                  \"and\": []\n                }\n              ]\n            },\n            {\n              \"and\": [\n                {\n                  \"or\": [\n                    \"TUD*1**\"\n                  ]\n                }\n              ]\n            },\n            \"WRP0\",\n            {\n              \"or\": [\n                {\n                  \"and\": []\n                },\n                {\n                  \"and\": [\n                    {\n                      \"pattern\": \"OU627\"\n                    }\n                  ]\n                },\n                \"VG00*E\",\n                \"WO0804\",\n                {\n                  \"and\": [\n                    \"YGT118P\",\n                    {\n                      \"or\": [\n                        \"IPM46W\",\n                        \"TI14Q\"\n                      ]\n                    },\n                    {\n                      \"and\": [\n                        {\n                          \"pattern\": \"LCW06T\",\n                          \"exclude\": \"JOQ65x*O\",\n                          \"info\": \"@:9)\"\n                        }\n                      ]\n                    },\n                    {\n                      \"or\": [\n                        \"IYD2G\",\n                        {\n                          \"and\": [\n                            \"TA84*6J\"\n                          ]\n                        },\n                        \"BJR6\",\n                        {\n                          \"pattern\": \"VXM07*\",\n                          \"exclude\": \"EE36\",\n                          \"info\": \"L(g[t\"\n                        },\n                        {\n                          \"pattern\": \"JZB3394\",\n                          \"exclude\": \"PZ4032G\"\n                        }\n                      ]\n                    }\n                  ]\n                }\n              ]\n            },\n            {\n              \"or\": [\n                {\n                  \"or\": [\n                    \"BXD71L\",\n                    {\n                      \"and\": []\n                    },\n                    {\n                      \"pattern\": \"AIS*4\",\n                      \"exclude\": [\n                        \"DLWx13\",\n                        \"OTD8\",\n                        \"BN7951\"\n                      ],\n                      \"info\": \"m#4W*o7y9|\"\n                    },\n                    \"FI0\",\n                    {\n                      \"pattern\": \"FVR7498\",\n                      \"info\": \"a\\\"v#o.aF\"\n                    }\n                  ]\n                },\n                {\n                  \"pattern\": \"ENH678Q\",\n                  \"info\": \"`M\"\n                },\n                {\n                  \"pattern\": \"FD*42\",\n                  \"exclude\": \"FGx4L\",\n                  \"info\": \"-#pc]xa\"\n                },\n                {\n                  \"or\": [\n                    {\n                      \"pattern\": \"KMG4202G\",\n                      \"exclude\": [\n                        \"VKH5\"\n                      ],\n                      \"info\": \".[f$vB^oSU\"\n                    },\n                    \"ADC38\",\n                    {\n                      \"pattern\": \"BO561A\",\n                      \"exclude\": \"XQH9*56\",\n                      \"info\": \"6()E-2c\"\n                    }\n                  ]\n                },\n                {\n                  \"and\": [\n                    {\n                      \"and\": [\n                        \"OLK6xO\",\n                        \"ZVM8H\",\n                        \"KKO515xW\",\n                        \"CJF4T\"\n                      ]\n                    },\n                    {\n                      \"or\": [\n                        \"NU*Y\",\n                        \"OG3*\",\n                        \"YKRx*9\",\n                        \"HSZ2\"\n                      ]\n                    },\n                    \"UGC761\"\n                  ]\n                }\n              ]\n            }\n          ],\n          \"satisfy\": [],\n          \"info\": \"iD\\\\?y\"\n        }\n      },\n      \"xDE2Z0Dq\": {\n        \"name\": \"V0!&#yD%\",\n        \"ay\": 1959,\n        \"assign\": \" /_|p6?Bf\",\n        \"match\": {\n          \"pattern\": \"NI8146\",\n          \"exclude\": \"RBUxS\"\n        },\n        \"satisfy\": [],\n        \"url\": \"https://1.sz419v5a1kc05ylhumjk5jgsvcz1ci3ds4qc.ko.41kv66kgostm78tbaig-urwjb.jx6qfc7yteplu8y05cjg54o-3s2hrqplte5nnbk968378hp0t5nnwy1uabr.cycda/iIlg;:EY///rNEbZ@z/glE0Oymc_/vCe%F2%9B%86%8A/b/gI-.We/\",\n        \"info\": \"~xj#|*%G`0\",\n        \"9@fAb\": {\n          \"name\": \"]'\",\n          \"ay\": 1987,\n          \"assign\": [\n            \"&B-\",\n            \"IHKqZm@\"\n          ],\n          \"match\": [\n            \"PM3\",\n            \"AAK1\",\n            {\n              \"pattern\": \"JR1*0*I\",\n              \"exclude\": [\n                \"CGL3829\",\n                \"PXD280\",\n                \"ZFQ42\",\n                \"ICX67H\"\n              ],\n              \"info\": \"0t0uQrQ^#D\"\n            },\n            {\n              \"and\": []\n            }\n          ],\n          \"satisfy\": {\n            \"and\": [\n              \"!WMy@o\",\n              {\n                \"and\": []\n              },\n              {\n                \"or\": [\n                  {\n                    \"or\": [\n                      {\n                        \"mc\": \"<=145\"\n                      }\n                    ]\n                  },\n                  \"N%-Z\",\n                  \"Lb9?oRR\",\n                  \"9]+|DY\",\n                  \"z(H#ehr\"\n                ]\n              },\n              \"`*5m|(t\",\n              {\n                \"and\": [\n                  {\n                    \"or\": [\n                      \"c-LO+zzg\",\n                      {\n                        \"or\": [\n                          \"r6D\",\n                          \"f*_\",\n                          \"Ig\",\n                          \"\"\n                        ]\n                      }\n                    ]\n                  },\n                  \"\",\n                  {\n                    \"or\": [\n                      \"{:.\",\n                      \"?\",\n                      \"|\",\n                      {\n                        \"and\": [\n                          \"\"\n                        ]\n                      }\n                    ]\n                  },\n                  \"sNjOVb[v;\"\n                ]\n              }\n            ]\n          },\n          \"url\": \"http://6ws15mbjrh6fpezywttoycc98t0y6.r.8gbdy03bg5uck03rm.knj9gioouq1ba78dv7gtfsfoyqmp8exa9ds-7ohwlutb.macjjrum\",\n          \"info\": \"_T`9S|\"\n        }\n      },\n      \"^6!|S}\": {\n        \"name\": \"L\",\n        \"ay\": 2015,\n        \"assign\": [\n          \"nlI.%\"\n        ],\n        \"match\": {\n          \"pattern\": \"LYC8*00\",\n          \"exclude\": \"CG80\",\n          \"info\": \"m)\"\n        },\n        \"satisfy\": [\n          {\n            \"mc\": \">=177\"\n          },\n          \"&%j|!}~$\",\n          {\n            \"or\": [\n              {\n                \"mc\": \"<=2\"\n              }\n            ]\n          },\n          {\n            \"mc\": \">=193\"\n          }\n        ],\n        \"url\": \"http://je0kqet1h-15471z20yt2ckboyzym-id05wn5gm9r26d727.zt77odia260hp56imrimv.2d2y2yk.dne.vmqmrvveo/%F1%B9%93%B7K7k/0\",\n        \"info\": \"\"\n      },\n      \"%&#u\": {\n        \"name\": \"prS8$4w#\",\n        \"match\": {\n          \"pattern\": \"BC8\",\n          \"exclude\": \"HU6\"\n        },\n        \"url\": \"https://9.yk53odf65xxz08t.d58ubi1q0ys4789j838cslrwc0w74ck6s6-3pim7ymrdolgz.5elycaocm6e.snlt1g09ie0zilap4d98bz7680mz5gyh-wbothqhsd2s8tjx5trs.yengjxbc/4/2%F2%A5%91%AAu=%F3%83%A5%ABg:J/S%F2%9B%A3%A2ZC%F0%B2%85%9Dr~ke/7LH%F2%98%B8%B2E*M\",\n        \"info\": \"u{ q$\"\n      },\n      \"\": {\n        \"name\": \"4G}\",\n        \"ay\": 1970,\n        \"match\": {\n          \"or\": [\n            \"YL0\",\n            {\n              \"and\": [\n                {\n                  \"pattern\": \"XVX2D\",\n                  \"exclude\": [\n                    \"LS59H\",\n                    \"DTQ4\",\n                    \"TC7xJ\"\n                  ]\n                },\n                \"SS10x2\",\n                {\n                  \"and\": [\n                    {\n                      \"pattern\": \"EQI*088T\",\n                      \"info\": \";;O\"\n                    },\n                    {\n                      \"pattern\": \"WIL092Y\",\n                      \"exclude\": [\n                        \"XTT2\",\n                        \"MW4445\",\n                        \"OKOx5\",\n                        \"IJ75L\",\n                        \"RFxS\"\n                      ]\n                    },\n                    \"GPF70\",\n                    \"ZMY0\",\n                    \"ST7V\"\n                  ]\n                },\n                \"NSF2U\"\n              ]\n            },\n            {\n              \"or\": [\n                {\n                  \"or\": [\n                    \"UXR27K\",\n                    \"VU6D\",\n                    {\n                      \"or\": [\n                        \"BC8E\"\n                      ]\n                    }\n                  ]\n                },\n                \"JQYx8\",\n                {\n                  \"pattern\": \"JK9xR\",\n                  \"exclude\": \"BRR4x89\"\n                },\n                {\n                  \"pattern\": \"LU4E\",\n                  \"exclude\": [\n                    \"KSV640\",\n                    \"GZD780P\",\n                    \"QDJ1672S\"\n                  ],\n                  \"info\": \"YZKc5Cz\"\n                }\n              ]\n            },\n            \"YO9999X\"\n          ]\n        },\n        \"url\": \"https://b.eyonfncqqa//fdFb@lW//.)(!%F3%95%88%AE%F2%9B%AD%A1*/Wt(F/0\",\n        \"info\": \"yp#\"\n      }\n    }\n  },\n  {\n    \"title\": \"block sample 5\",\n    \"value\": {\n      \"name\": \"Q^QjvB\",\n      \"assign\": [\n        \"\",\n        \"bsEaRH3\\\"%\",\n        \"orx\",\n        \"%~c\"\n      ],\n      \"match\": \"TB9\",\n      \"satisfy\": {\n        \"mc\": \"<=186\"\n      },\n      \"url\": \"https://avtf0p9-s7qtpg81e6d7xd1a82e7u7alnobqo-o4j9495ld489g.fxjgif/eF9r1l%F1%83%A1%88/k,f+XgH+N/L/cd//1jbce\",\n      \"info\": \"##}\"\n    }\n  },\n  {\n    \"title\": \"block sample 6\",\n    \"value\": {\n      \"7\": {\n        \"name\": \".-z\",\n        \"ay\": 2008,\n        \"assign\": [\n          \"YNv\"\n        ],\n        \"match\": [],\n        \"satisfy\": {\n          \"mc\": \"<=96\"\n        },\n        \"url\": \"https://8ocuxn52nojuv2fg9ff7608x67wkgqjwg6dk1ht1h2g99wf6q5h408qj.lzqxkkit/Q/V0,R@O%F2%9D%99%92/$//mafHCqUNoE/evw(MbNB=a/T'pjZMon/%F0%AB%9F%B6m/W;dqcQ%F1%85%AC%AC~eu\",\n        \"info\": \"[\"\n      },\n      \"ay\": 1952,\n      \"assign\": \"(\",\n      \"match\": [\n        {\n          \"and\": []\n        },\n        {\n          \"pattern\": \"IQ*\",\n          \"exclude\": \"GX94\",\n          \"info\": \"Sx\"\n        },\n        \"SW591\",\n        {\n          \"and\": [\n            {\n              \"pattern\": \"LV*H\",\n              \"exclude\": \"HBQ0260\"\n            },\n            \"KUQ4\",\n            {\n              \"and\": [\n                {\n                  \"or\": [\n                    \"WL551\",\n                    \"DZW*\",\n                    {\n                      \"or\": [\n                        \"ME933\",\n                        \"LEP5595\",\n                        {\n                          \"and\": []\n                        },\n                        \"YDJ07\",\n                        \"BHX451K\"\n                      ]\n                    },\n                    \"GWPx013M\",\n                    {\n                      \"pattern\": \"ZRCxxx\",\n                      \"exclude\": \"OFS1888\"\n                    }\n                  ]\n                },\n                {\n                  \"or\": [\n                    \"YI3\",\n                    {\n                      \"pattern\": \"UH*\",\n                      \"exclude\": []\n                    },\n                    \"RTY593\"\n                  ]\n                },\n                {\n                  \"and\": [\n                    \"DG427Y\",\n                    {\n                      \"and\": [\n                        \"MI58T\"\n                      ]\n                    },\n                    \"SQU5X\",\n                    \"BJQ0\",\n                    \"FOD5\"\n                  ]\n                },\n                \"YV07P\"\n              ]\n            },\n            {\n              \"or\": []\n            },\n            \"OM6R\"\n          ]\n        }\n      ],\n      \"satisfy\": {\n        \"or\": [\n          {\n            \"or\": [\n              {\n                \"mc\": \">=122\"\n              }\n            ]\n          },\n          \"P@*Y@E\",\n          {\n            \"mc\": \">=185\"\n          },\n          {\n            \"or\": [\n              {\n                \"mc\": \"<=75\"\n              },\n              \":tf\",\n              \"jrBvYsf6x\"\n            ]\n          }\n        ]\n      },\n      \"url\": \"https://l3nnxsr38-z878q67i-rtbr2ns.t3dd-l89u72ac3mimrtkaujgv6z.uuclp6sl19gvq144k1vu20ljc53pqljhjh4meo5z0nknv0wc4yu6q3rk.iha3kyj6xg4sivaoz7aw3n-0wo2f-0a-mpwm-65sd5cgt06do.jra6-ivjj6lpgzl1vw.vz/p%F0%B7%87%99%F2%BB%80%A0@/C/*Mu'uF/C%F3%B0%91%A7/;,-N)Ekw1t/Wg-Db7+\",\n      \"info\": \"2\",\n      \"^U$b,`i2!\": {\n        \"name\": \"7[c6u\\\\*CS\",\n        \"ay\": 2026,\n        \"assign\": \"\",\n        \"match\": [\n          \"NN5\",\n          {\n            \"and\": [\n              {\n                \"or\": [\n                  {\n                    \"or\": [\n                      {\n                        \"and\": [\n                          \"XC66U\",\n                          \"WA577N\",\n                          \"FV570\",\n                          \"KO700D\",\n                          \"TKY20V\"\n                        ]\n                      },\n                      {\n                        \"and\": [\n                          \"UIT*1M\",\n                          \"BD29Q\",\n                          \"LTW63V\"\n                        ]\n                      }\n                    ]\n                  },\n                  {\n                    \"or\": []\n                  },\n                  {\n                    \"and\": [\n                      {\n                        \"pattern\": \"CB5082V\",\n                        \"exclude\": \"XIR960S\",\n                        \"info\": \"vZpArj\"\n                      },\n                      \"FTM83C\",\n                      \"VLG24x0B\",\n                      \"LRL9H\"\n                    ]\n                  },\n                  \"EFU6P\"\n                ]\n              },\n              {\n                \"pattern\": \"LUD2368W\",\n                \"exclude\": \"RKX0087I\",\n                \"info\": \"!Fb\"\n              }\n            ]\n          },\n          {\n            \"pattern\": \"AO5264F\",\n            \"exclude\": \"PLQ018\",\n            \"info\": \"PdEjo0zJhm\"\n          }\n        ],\n        \"satisfy\": {\n          \"mc\": \">=181\"\n        },\n        \"url\": \"https://9c71r3rzawpzjcgiv3gpsxpiqg1-hjc4099i0.o5zdhq8cn39a7udsm6av.ewtyajo/%F2%B0%A8%84$GZ'l/_Ay/;%F0%98%88%89)%F3%85%BB%B2%F4%85%A9%92Bl/$8fnBTa/U%F4%8A%89%AB7/.L)6%F2%BF%A0%99Wg/$/d8/t%F0%A0%98%A4bx%F4%85%B2%A2(fS\",\n        \"info\": \"iV4\",\n        \"62WF-R1f86\": {\n          \"name\": \"&>A`Swf%9d\",\n          \"ay\": 1952,\n          \"assign\": \"yj,=r\",\n          \"match\": [\n            {\n              \"or\": []\n            },\n            \"PV*2\",\n            \"ACB407Z\",\n            {\n              \"or\": []\n            },\n            {\n              \"and\": [\n                {\n                  \"and\": [\n                    {\n                      \"pattern\": \"JD8\",\n                      \"info\": \"W7\"\n                    },\n                    {\n                      \"pattern\": \"SM*\",\n                      \"exclude\": \"SZ80T\"\n                    },\n                    \"YIF0Z\"\n                  ]\n                },\n                {\n                  \"pattern\": \"GWQx\",\n                  \"exclude\": [],\n                  \"info\": \"g0`)e\"\n                },\n                {\n                  \"and\": [\n                    \"SPDx2*\",\n                    \"FA73J\"\n                  ]\n                },\n                {\n                  \"and\": [\n                    \"GO8P\",\n                    {\n                      \"and\": []\n                    },\n                    {\n                      \"or\": []\n                    },\n                    \"JXQxM\",\n                    \"DB505E\"\n                  ]\n                }\n              ]\n            }\n          ],\n          \"satisfy\": [\n            {\n              \"and\": [\n                {\n                  \"mc\": \">=177\"\n                },\n                {\n                  \"and\": [\n                    {\n                      \"mc\": \">=143\"\n                    },\n                    \"hha\",\n                    {\n                      \"mc\": \">=89\"\n                    }\n                  ]\n                },\n                {\n                  \"and\": [\n                    \"\\\\\",\n                    \"Lz/_u\"\n                  ]\n                },\n                {\n                  \"and\": [\n                    {\n                      \"and\": []\n                    }\n                  ]\n                },\n                {\n                  \"or\": [\n                    {\n                      \"mc\": \"<=106\"\n                    },\n                    \"aCezZz\"\n                  ]\n                }\n              ]\n            },\n            {\n              \"and\": [\n                {\n                  \"mc\": \"<=85\"\n                },\n                \"s+yn+qM*W\",\n                \"N\"\n              ]\n            },\n            {\n              \"mc\": \"<=139\"\n            },\n            \"6hc zN}\\\\/\"\n          ],\n          \"url\": \"http://glutiz.2.70xnfrz4rlzyn8368if.toybahkl/&0U/=)m9rSRn/TZB=X%F0%BC%80%9B/nU%F0%93%A1%9F%F2%8F%BD%B2V@9/Y.bIQ/l%F3%8F%97%AEmA1Y\",\n          \"info\": \"CvCiSu\\\"\"\n        },\n        \"6.gfp\": {\n          \"name\": \"gLzTFtqZ0\",\n          \"ay\": 1968,\n          \"assign\": [\n            \"@m@:uf\",\n            \"(1[h+/]9P\",\n            \"R92SwM|A2\"\n          ],\n          \"match\": \"YXE4\",\n          \"url\": \"https://9rtqnyfnkfng5h.bi/z$5.8-B6/BJwDcW2c/%F3%B6%87%92x;!&!C+/46T29Ig%F2%A6%B8%9EH\",\n          \"info\": \"\"\n        }\n      },\n      \"Rc\\\"o\": {\n        \"name\": \"/XG`\\\"\",\n        \"ay\": 1999,\n        \"match\": [\n          {\n            \"or\": [\n              {\n                \"or\": [\n                  {\n                    \"pattern\": \"TG*5x5K\",\n                    \"exclude\": \"DM55*8N\",\n                    \"info\": \"6vcV\\\" F7.M\"\n                  }\n                ]\n              }\n            ]\n          },\n          \"OEH7640J\",\n          {\n            \"pattern\": \"ED61E\",\n            \"exclude\": \"KT5\",\n            \"info\": \"iPT\"\n          },\n          {\n            \"pattern\": \"EZ656x\",\n            \"exclude\": \"GJD4079\",\n            \"info\": \"PXtp<A\"\n          },\n          {\n            \"and\": [\n              {\n                \"or\": [\n                  \"XGE0653\"\n                ]\n              },\n              {\n                \"pattern\": \"QN8E\",\n                \"exclude\": [\n                  \"HGN40\",\n                  \"GX*2\",\n                  \"YO5Y\",\n                  \"TM6D\",\n                  \"RN*94\"\n                ],\n                \"info\": \"ZN%y]4C\"\n              }\n            ]\n          }\n        ],\n        \"satisfy\": [\n          {\n            \"and\": [\n              {\n                \"and\": [\n                  {\n                    \"mc\": \">=183\"\n                  },\n                  \"!SXD\\\"%5qg\"\n                ]\n              },\n              {\n                \"and\": [\n                  \"K+htm<*A\",\n                  {\n                    \"mc\": \">=8\"\n                  },\n                  \"\",\n                  \"\"\n                ]\n              }\n            ]\n          },\n          {\n            \"and\": [\n              {\n                \"and\": [\n                  {\n                    \"and\": [\n                      {\n                        \"and\": [\n                          \"1##\",\n                          \"u;C\",\n                          {\n                            \"and\": [\n                              \"AX_dNtv^X\",\n                              \"!S7J.l\",\n                              \"xC8YU\",\n                              \">s7\"\n                            ]\n                          },\n                          \"4\",\n                          \"\"\n                        ]\n                      }\n                    ]\n                  },\n                  \"!j;\",\n                  {\n                    \"or\": [\n                      \"q!_sNK?\",\n                      {\n                        \"mc\": \"<=22\"\n                      }\n                    ]\n                  }\n                ]\n              }\n            ]\n          },\n          {\n            \"mc\": \">=91\"\n          },\n          \"wG,2:f<\"\n        ],\n        \"url\": \"http://iga8mokgvvai3bftqqqrklfslx10gkwm5ovfwyhyp4nt949l7.y1m3v-sos9ymn90.u-emb1gyxc7rima43kw06smih1q0xhbljlvjo5jpihj8fczz32.sikjvudhwq/FN7w54N4/gR.57/7O1\"\n      },\n      \"'b\\\\k\": {\n        \"name\": \"VI\",\n        \"ay\": 1997,\n        \"assign\": [\n          \"-9X6v<5N]k\",\n          \"Pb0^1XM,n#\",\n          \"_G0(?!&\"\n        ],\n        \"match\": \"OQ3\",\n        \"satisfy\": [],\n        \"info\": \"4\",\n        \"m`GJ1=$rdG\": {\n          \"name\": \"M3\",\n          \"ay\": 1986,\n          \"assign\": \"ybXc{OJTE\",\n          \"satisfy\": [\n            {\n              \"and\": [\n                {\n                  \"and\": [\n                    \"_wc:1fd\",\n                    \"w#}Zb2mZV\"\n                  ]\n                },\n                {\n                  \"and\": [\n                    \"(`HG\"\n                  ]\n                },\n                {\n                  \"mc\": \"<=97\"\n                },\n                \"A s$d1\"\n              ]\n            }\n          ],\n          \"info\": \"CUY]vasy\"\n        },\n        \"`vip\": {\n          \"name\": \"`N0}:r'\",\n          \"assign\": \"Rb`\",\n          \"match\": {\n            \"or\": [\n              {\n                \"or\": [\n                  {\n                    \"and\": [\n                      \"OVI90H\",\n                      \"WG302\",\n                      \"FKx*E\",\n                      \"RV1231J\",\n                      \"LORx6x7U\"\n                    ]\n                  },\n                  {\n                    \"or\": [\n                      \"ZBG618A\"\n                    ]\n                  },\n                  \"GES2116\"\n                ]\n              }\n            ]\n          },\n          \"satisfy\": [\n            {\n              \"and\": [\n                {\n                  \"and\": [\n                    \";fs\"\n                  ]\n                }\n              ]\n            }\n          ]\n        },\n        \"\": {\n          \"name\": \"e{%,b2Cd]\",\n          \"ay\": 2021,\n          \"match\": [\n            \"FU3064\",\n            {\n              \"pattern\": \"ZLOx1\",\n              \"exclude\": \"LQV295D\",\n              \"info\": \"\\\\zC\"\n            },\n            {\n              \"and\": [\n                {\n                  \"pattern\": \"XW34O\",\n                  \"exclude\": [\n                    \"KL1A\"\n                  ],\n                  \"info\": \"$GoL(\\\\]*\"\n                },\n                \"KG4\",\n                {\n                  \"pattern\": \"CG342W\",\n                  \"exclude\": [\n                    \"YDO62x\",\n                    \"UKN121*Z\",\n                    \"LVV844xL\",\n                    \"OCH6838\"\n                  ],\n                  \"info\": \"fF\"\n                }\n              ]\n            }\n          ],\n          \"satisfy\": {\n            \"or\": []\n          },\n          \"url\": \"https://1fvp9-df08ybgv1.1g2sgstz4j4.crxjmbmxk//$'Yk/'/Q=bwGkI/(AE//mlGo/ks)6RF!J'/IJ:%F0%AD%A4%A7/c\",\n          \"info\": \"{y-Uuf\"\n        }\n      }\n    }\n  },\n  {\n    \"title\": \"block sample 7\",\n    \"value\": {\n      \"name\": \"5%\",\n      \"ay\": 1953,\n      \"assign\": [\n        \"X ;\"\n      ],\n      \"match\": {\n        \"and\": [\n          {\n            \"pattern\": \"ILM5\",\n            \"info\": \"%4-_x%!M\\\\\"\n          },\n          {\n            \"and\": [\n              \"IO45*8\",\n              \"MY805\",\n              {\n                \"pattern\": \"EFF1079\",\n                \"exclude\": [\n                  \"JHR9F\",\n                  \"XFT33H\",\n                  \"IIV7*61K\",\n                  \"YL7S\"\n                ],\n                \"info\": \"-mHD:e\"\n              }\n            ]\n          },\n          {\n            \"pattern\": \"TJB7659U\",\n            \"exclude\": [\n              \"BC301x\",\n              \"QQF0\",\n              \"OBB06*1Y\",\n              \"MTD*\"\n            ],\n            \"info\": \"C\"\n          },\n          {\n            \"or\": [\n              {\n                \"or\": [\n                  {\n                    \"or\": [\n                      \"VLI6*\",\n                      \"TX861\",\n                      {\n                        \"pattern\": \"UJ7H\",\n                        \"exclude\": \"YSB36M\",\n                        \"info\": \"Q_/\"\n                      }\n                    ]\n                  },\n                  {\n                    \"and\": [\n                      \"MEJ423\",\n                      \"OVY82\",\n                      \"JUV*x5x\",\n                      \"JZ62F\",\n                      {\n                        \"and\": []\n                      }\n                    ]\n                  }\n                ]\n              },\n              \"KS1670\",\n              {\n                \"or\": []\n              }\n            ]\n          }\n        ]\n      },\n      \"satisfy\": [\n        {\n          \"and\": [\n            {\n              \"mc\": \"<=195\"\n            }\n          ]\n        }\n      ],\n      \"url\": \"https://1aup0hab6nbrt9fuf837vc9yb0c5d7f3eaeaeydboi-837z.jxata/G/P/%F2%85%86%A9_%F1%AC%BF%AAkBa/&.QM;Vu\",\n      \"info\": \"z\",\n      \"eT7\": {\n        \"name\": \"V$\",\n        \"ay\": 2028,\n        \"assign\": \"67*W7L\",\n        \"match\": [],\n        \"url\": \"https://uqtagkw1naay752hwn4e89y.nk1ahlehokfomjzt8m454jzap80c37m1i9.frm1hltps5gxb90uj90umo0dvhxgqcat85typgvt1iwstogm0v.34whnso0f75ejxcenmmgaof.jkxvjyqm/S/GXt,v%F1%93%B5%A1y'\",\n        \"info\": \";xPQj\\\\fv\",\n        \"\": {\n          \"name\": \"2ZV&k(ps\",\n          \"ay\": 1953,\n          \"match\": {\n            \"pattern\": \"UE9968P\",\n            \"exclude\": \"LC1xV\",\n            \"info\": \"C\\\\XFbe~\"\n          },\n          \"satisfy\": \"_A&QvH;'|\",\n          \"url\": \"http://esu2cjo3cldr7.5kpsxxhxbvh852ac992vkv19hfy3uftllvu46itrutjt6aif8e-p616.luktbvjs/+(He4@~/D:*.74U/2qB3:tE%F0%B9%A5%A1Tx/BH!P%F2%95%B2%86mJ/8/'a\",\n          \"info\": \"&Y\"\n        },\n        \"[=W;9l\": {\n          \"name\": \"P\",\n          \"ay\": 1994,\n          \"assign\": [\n            \"5Ct|K?`\",\n            \"hB\"\n          ],\n          \"match\": [],\n          \"satisfy\": [\n            {\n              \"mc\": \">=153\"\n            },\n            {\n              \"or\": [\n                {\n                  \"or\": [\n                    {\n                      \"or\": [\n                        \"\"\n                      ]\n                    },\n                    \"GLaicM\"\n                  ]\n                },\n                \"{;*^\",\n                \"8)C|\"\n              ]\n            },\n            {\n              \"and\": [\n                \"\",\n                \"LP8O! M\",\n                \"VKk%34E\"\n              ]\n            },\n            {\n              \"or\": [\n                {\n                  \"and\": [\n                    {\n                      \"and\": [\n                        \"77uH?\",\n                        \"\",\n                        {\n                          \"or\": [\n                            \"B|PW35h\",\n                            \")P8ule44g8\",\n                            \"*\"\n                          ]\n                        }\n                      ]\n                    },\n                    \"7&%0b\",\n                    \"5x,{h_UMv0\"\n                  ]\n                },\n                {\n                  \"mc\": \"<=44\"\n                }\n              ]\n            }\n          ],\n          \"url\": \"http://spbwswe7kbve0thl961rkynyg50g9htr8p6pqkb3ait27hx38.rveejn/Sb(&Fj~X%F0%AE%9D%AE/%F3%BA%B8%B6FzaV%F3%88%B6%95uP/3e8zJga/%F1%A5%BF%91FxJgZ/:XL$vZz~bI/7//h\",\n          \"info\": \"% ;,EBa\"\n        }\n      }\n    }\n  },\n  {\n    \"title\": \"block sample 8\",\n    \"value\": {\n      \"name\": \"-\",\n      \"ay\": 2005,\n      \"assign\": \"v|P2]\",\n      \"match\": {\n        \"pattern\": \"RE773\",\n        \"exclude\": [],\n        \"info\": \"#!\"\n      },\n      \"satisfy\": [\n        \"/gIq\",\n        {\n          \"or\": [\n            {\n              \"mc\": \"<=94\"\n            }\n          ]\n        },\n        {\n          \"mc\": \"<=40\"\n        },\n        {\n          \"mc\": \">=184\"\n        },\n        \"&OlrvQ+\"\n      ],\n      \"url\": \"http://v.ybxar//V!yC0h/Q@6HpBmV+//%F1%9A%9C%AA'W%F1%A1%8B%98$w%F3%98%92%97=/=j_q.m8K/q2xS_\",\n      \"info\": \"fS2-eZ~E\"\n    }\n  },\n  {\n    \"title\": \"block sample 9\",\n    \"value\": {\n      \"ay\": 1953,\n      \"assign\": [\n        \"VRC *\",\n        \"y(YlZ\"\n      ],\n      \"match\": {\n        \"or\": [\n          {\n            \"or\": [\n              {\n                \"or\": [\n                  \"GKD92\",\n                  {\n                    \"or\": [\n                      \"MNX6\",\n                      \"JN908L\",\n                      \"YR0x02S\"\n                    ]\n                  },\n                  {\n                    \"and\": [\n                      {\n                        \"pattern\": \"YCF71*2\",\n                        \"info\": \"3J-DH0d!UZ\"\n                      },\n                      \"RTV998\",\n                      \"GWU6N\",\n                      \"WW31\"\n                    ]\n                  },\n                  \"TDO8*3\",\n                  \"PAQ170C\"\n                ]\n              },\n              \"EN7xK\"\n            ]\n          },\n          \"KC**21\"\n        ]\n      },\n      \"satisfy\": [\n        {\n          \"or\": [\n            {\n              \"and\": [\n                {\n                  \"mc\": \"<=157\"\n                },\n                {\n                  \"or\": [\n                    \":Q$}/g6o1\"\n                  ]\n                },\n                {\n                  \"mc\": \">=180\"\n                },\n                \"0\"\n              ]\n            },\n            \"QET)K}\"\n          ]\n        },\n        {\n          \"and\": [\n            \"eq$r\"\n          ]\n        },\n        \"Y3\"\n      ],\n      \"info\": \"H$5<z{rbxZ\",\n      \"5Y8`kqo!\": {\n        \"name\": \"vuZ\",\n        \"assign\": \"[}-rh,I|\",\n        \"match\": [\n          \"IFK39*0C\",\n          {\n            \"and\": [\n              \"RM888D\",\n              {\n                \"and\": [\n                  {\n                    \"pattern\": \"MOJ469x\",\n                    \"exclude\": \"AD7512R\",\n                    \"info\": \"~E*+dT&Bzj\"\n                  },\n                  \"OM2T\",\n                  \"GE**81\",\n                  {\n                    \"pattern\": \"JYD**3F\",\n                    \"exclude\": [],\n                    \"info\": \"td,|%J\"\n                  }\n                ]\n              },\n              {\n                \"or\": [\n                  \"FQ941C\",\n                  \"NVX067P\"\n                ]\n              },\n              {\n                \"and\": []\n              },\n              {\n                \"or\": [\n                  \"GTX082x\",\n                  {\n                    \"pattern\": \"FB*521\",\n                    \"exclude\": \"WO850Z\",\n                    \"info\": \">2X3cP\"\n                  },\n                  \"RO0K\",\n                  \"JCP5727\",\n                  {\n                    \"and\": [\n                      {\n                        \"or\": [\n                          \"UB2B\",\n                          \"MY5\",\n                          {\n                            \"pattern\": \"ZN548L\",\n                            \"exclude\": [\n                              \"UFL2A\",\n                              \"KIL4*0Y\",\n                              \"TM4Z\",\n                              \"KCK348Y\",\n                              \"IW2L\"\n                            ],\n                            \"info\": \"g+V5Jf/;6?\"\n                          },\n                          \"ZS*423U\",\n                          \"PG8x6\"\n                        ]\n                      },\n                      \"ZPK2*7\"\n                    ]\n                  }\n                ]\n              }\n            ]\n          }\n        ],\n        \"satisfy\": [\n          {\n            \"mc\": \"<=197\"\n          },\n          {\n            \"mc\": \"<=129\"\n          },\n          {\n            \"or\": [\n              {\n                \"or\": [\n                  {\n                    \"and\": [\n                      {\n                        \"mc\": \"<=66\"\n                      },\n                      \"]%3iff\",\n                      {\n                        \"or\": [\n                          {\n                            \"and\": [\n                              {\n                                \"mc\": \">=80\"\n                              },\n                              \"AL_bK>\"\n                            ]\n                          },\n                          {\n                            \"mc\": \"<=67\"\n                          },\n                          {\n                            \"or\": [\n                              \"Ul/>\",\n                              \"l\\\\#>\",\n                              \"\"\n                            ]\n                          }\n                        ]\n                      },\n                      \"[^q\\\"?}p\",\n                      \"X)U_CA\\\",K\"\n                    ]\n                  },\n                  \"\",\n                  {\n                    \"mc\": \"<=19\"\n                  }\n                ]\n              },\n              {\n                \"or\": [\n                  {\n                    \"mc\": \"<=90\"\n                  }\n                ]\n              },\n              {\n                \"or\": [\n                  \"`C'TN \"\n                ]\n              }\n            ]\n          },\n          {\n            \"and\": [\n              {\n                \"or\": [\n                  \"qE>\",\n                  \"qwfM[fx-\",\n                  \"\"\n                ]\n              }\n            ]\n          },\n          \".R)a6`\\\"@\"\n        ],\n        \"url\": \"https://9jmuce8908k5r3e1sry607p01no8dc204ah.r5s5hdtmuu7qz3kayr9blm.sqekx\",\n        \"info\": \"y\"\n      }\n    }\n  }\n]",
              "code": "fast_check_1.sample(index_test_2.block, 10).forEach((sample, i) => addContext_1.default(this, {\n    title: `block sample ${i}`,\n    value: sample,\n}));\nreturn fast_check_1.assert(fast_check_1.property(index_test_2.block, ajvValidate));",
              "err": {},
              "uuid": "eda77e07-3088-40a6-8c77-331048861fee",
              "parentUUID": "6988f00d-fc3e-4a37-886e-c7a2bd2170f4",
              "isHook": false,
              "skipped": false
            },
            {
              "title": "should not validate non-object",
              "fullTitle": "blockSchema should not validate non-object",
              "timedOut": false,
              "duration": 1,
              "state": "passed",
              "speed": "fast",
              "pass": true,
              "fail": false,
              "pending": false,
              "context": null,
              "code": "const error = {\n    instancePath: \"\",\n    message: \"block should be an object\",\n};\nisInvalidBlock(null, error);\nisInvalidBlock(undefined, error);\nisInvalidBlock(10, error);\nisInvalidBlock([12, 24], error);\nisInvalidBlock(\"abc\", error);",
              "err": {},
              "uuid": "8b868a41-dc5a-4291-92b3-a55489bec00a",
              "parentUUID": "6988f00d-fc3e-4a37-886e-c7a2bd2170f4",
              "isHook": false,
              "skipped": false
            },
            {
              "title": "should not validate block with invalid properties",
              "fullTitle": "blockSchema should not validate block with invalid properties",
              "timedOut": false,
              "duration": 1,
              "state": "passed",
              "speed": "fast",
              "pass": true,
              "fail": false,
              "pending": false,
              "context": null,
              "code": "isInvalidBlock({\n        name: { foo: \"bar\" },\n        ay: -1000,\n        assign: {},\n        match: 1,\n        satisfy: 2,\n        url: { abc: \"def\" },\n        info: 42,\n    }, { instancePath: \"/name\", message: \"property 'name' should be a string\" }, {\n        instancePath: \"/ay\",\n        message: \"property 'ay' should be a positive integer\",\n    }, {\n        instancePath: \"/assign\",\n        message: \"property 'assign' should be either a block ID or an array of block IDs\",\n    }, {\n        instancePath: \"/match\",\n        message: \"property 'match' should be either a match rule or an array of match rules\",\n    }, {\n        instancePath: \"/satisfy\",\n        message: \"property 'satisfy' should be either a satisfy rule or an array of satisfy rules\",\n    }, { instancePath: \"/url\", message: \"property 'url' should be a string\" }, { instancePath: \"/info\", message: \"property 'info' should be a string\" })",
              "err": {},
              "uuid": "5fd959ee-7499-4ee5-b9ff-59fcb5f8ce36",
              "parentUUID": "6988f00d-fc3e-4a37-886e-c7a2bd2170f4",
              "isHook": false,
              "skipped": false
            }
          ],
          "suites": [],
          "passes": [
            "eda77e07-3088-40a6-8c77-331048861fee",
            "8b868a41-dc5a-4291-92b3-a55489bec00a",
            "5fd959ee-7499-4ee5-b9ff-59fcb5f8ce36"
          ],
          "failures": [],
          "pending": [],
          "skipped": [],
          "duration": 198,
          "root": false,
          "rootEmpty": false,
          "_timeout": 2000
        },
        {
          "uuid": "37ea2dc4-41fa-4546-a20f-d3527344d089",
          "title": "patternToRE",
          "fullFile": "/home/runner/work/planwithus-lib/planwithus-lib/src/matchRule/pattern/satisfiers.test.ts",
          "file": "/src/matchRule/pattern/satisfiers.test.ts",
          "beforeHooks": [],
          "afterHooks": [],
          "tests": [
            {
              "title": "should match valid modules with a single pattern",
              "fullTitle": "patternToRE should match valid modules with a single pattern",
              "timedOut": false,
              "duration": 16,
              "state": "passed",
              "speed": "fast",
              "pass": true,
              "fail": false,
              "pending": false,
              "context": "[\n  {\n    \"title\": \"patternExampleList sample 0\",\n    \"value\": [\n      \"YCI6\",\n      [\n        \"YCI6\"\n      ]\n    ]\n  },\n  {\n    \"title\": \"patternExampleList sample 1\",\n    \"value\": [\n      \"BK2S\",\n      [\n        \"BK2S\"\n      ]\n    ]\n  },\n  {\n    \"title\": \"patternExampleList sample 2\",\n    \"value\": [\n      \"PMB2\",\n      [\n        \"PMB2\"\n      ]\n    ]\n  },\n  {\n    \"title\": \"patternExampleList sample 3\",\n    \"value\": [\n      \"AQU221\",\n      [\n        \"AQU221\"\n      ]\n    ]\n  },\n  {\n    \"title\": \"patternExampleList sample 4\",\n    \"value\": [\n      \"YVO829\",\n      [\n        \"YVO829\"\n      ]\n    ]\n  },\n  {\n    \"title\": \"patternExampleList sample 5\",\n    \"value\": [\n      \"PP83*X\",\n      [\n        \"PP83E8BEZX\",\n        \"PP83JU62M0O8X\",\n        \"PP8358YX\",\n        \"PP83EX\",\n        \"PP83IDWNFWX\",\n        \"PP830XBN4X\",\n        \"PP83X\",\n        \"PP83ACX\",\n        \"PP83QB3Z34X\",\n        \"PP83NX\",\n        \"PP83EZHTIZFX\",\n        \"PP83OW262EE7X\"\n      ]\n    ]\n  },\n  {\n    \"title\": \"patternExampleList sample 6\",\n    \"value\": [\n      \"SUY9\",\n      [\n        \"SUY9\"\n      ]\n    ]\n  },\n  {\n    \"title\": \"patternExampleList sample 7\",\n    \"value\": [\n      \"PZ323\",\n      [\n        \"PZ323\"\n      ]\n    ]\n  },\n  {\n    \"title\": \"patternExampleList sample 8\",\n    \"value\": [\n      \"AGA991\",\n      [\n        \"AGA991\"\n      ]\n    ]\n  },\n  {\n    \"title\": \"patternExampleList sample 9\",\n    \"value\": [\n      \"UNH228S\",\n      [\n        \"UNH228S\"\n      ]\n    ]\n  }\n]",
              "code": "fast_check_1.sample(index_test_1.patternExampleList, 10).forEach((sample, i) => addContext_1.default(this, {\n    title: `patternExampleList sample ${i}`,\n    value: sample,\n}));\nreturn fast_check_1.assert(fast_check_1.property(index_test_1.patternExampleList, ([patternStr, examples]) => {\n    const re = _1.patternToRE(patternStr);\n    return examples.every(re.test.bind(re));\n}));",
              "err": {},
              "uuid": "45b90a64-049a-4563-8315-32aa77c7c2eb",
              "parentUUID": "37ea2dc4-41fa-4546-a20f-d3527344d089",
              "isHook": false,
              "skipped": false
            },
            {
              "title": "should match valid modules with multiple patterns",
              "fullTitle": "patternToRE should match valid modules with multiple patterns",
              "timedOut": false,
              "duration": 61,
              "state": "passed",
              "speed": "medium",
              "pass": true,
              "fail": false,
              "pending": false,
              "context": "[\n  {\n    \"title\": \"patternExampleListArray sample 0\",\n    \"value\": [\n      [\n        \"JOU7\",\n        [\n          \"JOU7\"\n        ]\n      ],\n      [\n        \"YQF37\",\n        [\n          \"YQF37\"\n        ]\n      ],\n      [\n        \"DGS2835\",\n        [\n          \"DGS2835\"\n        ]\n      ],\n      [\n        \"MY33*\",\n        [\n          \"MY33TXDZAB87\",\n          \"MY33BVV65PA\",\n          \"MY332\",\n          \"MY33Y\"\n        ]\n      ],\n      [\n        \"TTJx5Z\",\n        [\n          \"TTJ05Z\",\n          \"TTJ95Z\",\n          \"TTJ15Z\",\n          \"TTJ35Z\",\n          \"TTJ55Z\",\n          \"TTJ85Z\",\n          \"TTJ25Z\",\n          \"TTJ45Z\",\n          \"TTJ75Z\"\n        ]\n      ],\n      [\n        \"RO13\",\n        [\n          \"RO13\"\n        ]\n      ],\n      [\n        \"ABL87\",\n        [\n          \"ABL87\"\n        ]\n      ],\n      [\n        \"HYA2\",\n        [\n          \"HYA2\"\n        ]\n      ],\n      [\n        \"DExW\",\n        [\n          \"DE0W\",\n          \"DE1W\",\n          \"DE6W\"\n        ]\n      ],\n      [\n        \"KON*78O\",\n        [\n          \"KONZZ78O\"\n        ]\n      ],\n      [\n        \"SWC46*\",\n        [\n          \"SWC46ZJ8\",\n          \"SWC462B7H\",\n          \"SWC46\",\n          \"SWC46M7HJS\",\n          \"SWC46GOI9DVB5\",\n          \"SWC460IMR4O\"\n        ]\n      ],\n      [\n        \"SXM84*Z\",\n        [\n          \"SXM84EEZ\",\n          \"SXM84D3V95WWZ\",\n          \"SXM84CLZ\",\n          \"SXM84VGYEZ\",\n          \"SXM84LOZ\",\n          \"SXM84KASNWE88Z\",\n          \"SXM84NSX4RZ\",\n          \"SXM84T9Z47Z\",\n          \"SXM84T4Z\",\n          \"SXM84ZALZ\",\n          \"SXM84UKE6BHKZ\"\n        ]\n      ]\n    ]\n  },\n  {\n    \"title\": \"patternExampleListArray sample 1\",\n    \"value\": [\n      [\n        \"WC3605\",\n        [\n          \"WC3605\"\n        ]\n      ],\n      [\n        \"CKY9x45K\",\n        [\n          \"CKY9645K\"\n        ]\n      ],\n      [\n        \"OT214V\",\n        [\n          \"OT214V\"\n        ]\n      ],\n      [\n        \"BD555\",\n        [\n          \"BD555\"\n        ]\n      ],\n      [\n        \"BOE54F\",\n        [\n          \"BOE54F\"\n        ]\n      ],\n      [\n        \"LOxE\",\n        [\n          \"LO8E\",\n          \"LO7E\",\n          \"LO9E\",\n          \"LO5E\",\n          \"LO1E\",\n          \"LO2E\"\n        ]\n      ],\n      [\n        \"KTX14Z\",\n        [\n          \"KTX14Z\"\n        ]\n      ],\n      [\n        \"WB*U\",\n        [\n          \"WB5F91NM2U\",\n          \"WB757RU\",\n          \"WB7BU\",\n          \"WBBGIT18U\",\n          \"WBU\",\n          \"WBG2AU\",\n          \"WB7J51NU\"\n        ]\n      ]\n    ]\n  },\n  {\n    \"title\": \"patternExampleListArray sample 2\",\n    \"value\": [\n      [\n        \"NI7\",\n        [\n          \"NI7\"\n        ]\n      ],\n      [\n        \"BRx98P\",\n        [\n          \"BR498P\",\n          \"BR198P\",\n          \"BR898P\",\n          \"BR798P\",\n          \"BR298P\",\n          \"BR698P\",\n          \"BR098P\",\n          \"BR998P\",\n          \"BR398P\"\n        ]\n      ],\n      [\n        \"LC0x\",\n        [\n          \"LC04\",\n          \"LC06\",\n          \"LC00\",\n          \"LC03\",\n          \"LC08\",\n          \"LC09\",\n          \"LC02\"\n        ]\n      ]\n    ]\n  },\n  {\n    \"title\": \"patternExampleListArray sample 3\",\n    \"value\": [\n      [\n        \"SED2\",\n        [\n          \"SED2\"\n        ]\n      ],\n      [\n        \"XU652N\",\n        [\n          \"XU652N\"\n        ]\n      ],\n      [\n        \"XQJ2U\",\n        [\n          \"XQJ2U\"\n        ]\n      ],\n      [\n        \"JHW230\",\n        [\n          \"JHW230\"\n        ]\n      ],\n      [\n        \"UKY1xA\",\n        [\n          \"UKY14A\",\n          \"UKY15A\",\n          \"UKY10A\",\n          \"UKY18A\",\n          \"UKY12A\",\n          \"UKY11A\",\n          \"UKY16A\",\n          \"UKY17A\"\n        ]\n      ],\n      [\n        \"YQS0xZ\",\n        [\n          \"YQS02Z\"\n        ]\n      ],\n      [\n        \"FJC**T\",\n        [\n          \"FJCC6LT\",\n          \"FJCWFT\",\n          \"FJC7QDXS7KWT\"\n        ]\n      ],\n      [\n        \"VOx\",\n        [\n          \"VO7\",\n          \"VO0\",\n          \"VO2\",\n          \"VO9\",\n          \"VO3\",\n          \"VO4\",\n          \"VO6\",\n          \"VO8\",\n          \"VO5\"\n        ]\n      ],\n      [\n        \"YQ9x0P\",\n        [\n          \"YQ990P\",\n          \"YQ900P\",\n          \"YQ940P\",\n          \"YQ920P\",\n          \"YQ950P\",\n          \"YQ930P\"\n        ]\n      ],\n      [\n        \"RR*2W\",\n        [\n          \"RRUUK452W\",\n          \"RR2W\",\n          \"RR1OAFSM2W\",\n          \"RRQ2AJQ492W\",\n          \"RR04U62W\",\n          \"RR9Z2W\"\n        ]\n      ],\n      [\n        \"XC6\",\n        [\n          \"XC6\"\n        ]\n      ],\n      [\n        \"PYD9859\",\n        [\n          \"PYD9859\"\n        ]\n      ]\n    ]\n  },\n  {\n    \"title\": \"patternExampleListArray sample 4\",\n    \"value\": [\n      [\n        \"DA99P\",\n        [\n          \"DA99P\"\n        ]\n      ],\n      [\n        \"DY516Z\",\n        [\n          \"DY516Z\"\n        ]\n      ],\n      [\n        \"XSD6\",\n        [\n          \"XSD6\"\n        ]\n      ]\n    ]\n  },\n  {\n    \"title\": \"patternExampleListArray sample 5\",\n    \"value\": [\n      [\n        \"QI450I\",\n        [\n          \"QI450I\"\n        ]\n      ],\n      [\n        \"YQ37\",\n        [\n          \"YQ37\"\n        ]\n      ],\n      [\n        \"IGL71S\",\n        [\n          \"IGL71S\"\n        ]\n      ]\n    ]\n  },\n  {\n    \"title\": \"patternExampleListArray sample 6\",\n    \"value\": [\n      [\n        \"WC5*\",\n        [\n          \"WC5S80\",\n          \"WC5NH6\",\n          \"WC5R536ODO\"\n        ]\n      ],\n      [\n        \"MM0\",\n        [\n          \"MM0\"\n        ]\n      ],\n      [\n        \"VC8478W\",\n        [\n          \"VC8478W\"\n        ]\n      ]\n    ]\n  },\n  {\n    \"title\": \"patternExampleListArray sample 7\",\n    \"value\": [\n      [\n        \"ZJG08\",\n        [\n          \"ZJG08\"\n        ]\n      ]\n    ]\n  },\n  {\n    \"title\": \"patternExampleListArray sample 8\",\n    \"value\": [\n      [\n        \"YOV*\",\n        [\n          \"YOV9OXSAGUX\",\n          \"YOVWQE\",\n          \"YOV\",\n          \"YOVQ\",\n          \"YOV9\"\n        ]\n      ],\n      [\n        \"PXx8\",\n        [\n          \"PX18\",\n          \"PX38\",\n          \"PX28\",\n          \"PX78\"\n        ]\n      ],\n      [\n        \"HN*70G\",\n        [\n          \"HNVXN70G\"\n        ]\n      ],\n      [\n        \"EJ73X\",\n        [\n          \"EJ73X\"\n        ]\n      ]\n    ]\n  },\n  {\n    \"title\": \"patternExampleListArray sample 9\",\n    \"value\": [\n      [\n        \"VZ6*6\",\n        [\n          \"VZ6CX2U6\",\n          \"VZ65PLABKV6\",\n          \"VZ66\",\n          \"VZ6NR6\",\n          \"VZ68GWA6\",\n          \"VZ6ZCTU6\",\n          \"VZ6IX4A6\",\n          \"VZ6OZ6Q6\",\n          \"VZ6B2LXY6\"\n        ]\n      ],\n      [\n        \"SC6\",\n        [\n          \"SC6\"\n        ]\n      ],\n      [\n        \"YKX19\",\n        [\n          \"YKX19\"\n        ]\n      ],\n      [\n        \"UQ90\",\n        [\n          \"UQ90\"\n        ]\n      ],\n      [\n        \"NOR999\",\n        [\n          \"NOR999\"\n        ]\n      ],\n      [\n        \"EW1991\",\n        [\n          \"EW1991\"\n        ]\n      ]\n    ]\n  }\n]",
              "code": "const patternExampleListArray = fast_check_1.array(index_test_1.patternExampleList, { minLength: 1 });\nfast_check_1.sample(patternExampleListArray, 10).forEach((sample, i) => addContext_1.default(this, {\n    title: `patternExampleListArray sample ${i}`,\n    value: sample,\n}));\nreturn fast_check_1.assert(fast_check_1.property(patternExampleListArray, (ts) => {\n    const re = _1.patternToRE(...ts.map(([patternStr]) => patternStr));\n    return ts\n        .map(([, examples]) => examples)\n        .flat()\n        .every(re.test.bind(re));\n}));",
              "err": {},
              "uuid": "d8d044db-4dfb-46e2-bf2e-4459a4ef7228",
              "parentUUID": "37ea2dc4-41fa-4546-a20f-d3527344d089",
              "isHook": false,
              "skipped": false
            },
            {
              "title": "should not match x to non-number",
              "fullTitle": "patternToRE should not match x to non-number",
              "timedOut": false,
              "duration": 0,
              "state": "passed",
              "speed": "fast",
              "pass": true,
              "fail": false,
              "pending": false,
              "context": null,
              "code": "const re = _1.patternToRE(\"x\");\n[\"A\", \"Z\", \"c\", \"#\"].forEach((example) => isInvalidExample(re, example));",
              "err": {},
              "uuid": "ff9ee51a-a364-442c-97c8-df3ff40cd219",
              "parentUUID": "37ea2dc4-41fa-4546-a20f-d3527344d089",
              "isHook": false,
              "skipped": false
            },
            {
              "title": "should not match * to a substring composed of characters other than A-Z and 0-9",
              "fullTitle": "patternToRE should not match * to a substring composed of characters other than A-Z and 0-9",
              "timedOut": false,
              "duration": 1,
              "state": "passed",
              "speed": "fast",
              "pass": true,
              "fail": false,
              "pending": false,
              "context": null,
              "code": "const re = _1.patternToRE(\"*\");\n[\"c\", \"Ac\", \"cA\", \"0Ax\", \"x0A\", \"BA#\", \"#AB\"].forEach((example) => isInvalidExample(re, example));",
              "err": {},
              "uuid": "6782e394-e926-4a86-8129-7b46fdb579f6",
              "parentUUID": "37ea2dc4-41fa-4546-a20f-d3527344d089",
              "isHook": false,
              "skipped": false
            },
            {
              "title": "should not match substrings",
              "fullTitle": "patternToRE should not match substrings",
              "timedOut": false,
              "duration": 0,
              "state": "passed",
              "speed": "fast",
              "pass": true,
              "fail": false,
              "pending": false,
              "context": null,
              "code": "const re = _1.patternToRE(\"A*xC\");\n[\"A1CZ\", \"AC1CZ\", \"ZA1C\", \"ZAC1C\", \"ZA1CZ\", \"ZAC1CZ\"].forEach((example) => isInvalidExample(re, example));",
              "err": {},
              "uuid": "4b58e7fa-2815-4923-97d6-735f865cec68",
              "parentUUID": "37ea2dc4-41fa-4546-a20f-d3527344d089",
              "isHook": false,
              "skipped": false
            }
          ],
          "suites": [],
          "passes": [
            "45b90a64-049a-4563-8315-32aa77c7c2eb",
            "d8d044db-4dfb-46e2-bf2e-4459a4ef7228",
            "ff9ee51a-a364-442c-97c8-df3ff40cd219",
            "6782e394-e926-4a86-8129-7b46fdb579f6",
            "4b58e7fa-2815-4923-97d6-735f865cec68"
          ],
          "failures": [],
          "pending": [],
          "skipped": [],
          "duration": 78,
          "root": false,
          "rootEmpty": false,
          "_timeout": 2000
        },
        {
          "uuid": "f9e61062-ddf9-4a8d-acd6-b95e3642a36d",
          "title": "patternSatisfier",
          "fullFile": "/home/runner/work/planwithus-lib/planwithus-lib/src/matchRule/pattern/satisfiers.test.ts",
          "file": "/src/matchRule/pattern/satisfiers.test.ts",
          "beforeHooks": [],
          "afterHooks": [],
          "tests": [
            {
              "title": "should assign all modules with *",
              "fullTitle": "patternSatisfier should assign all modules with *",
              "timedOut": false,
              "duration": 1,
              "state": "passed",
              "speed": "fast",
              "pass": true,
              "fail": false,
              "pending": false,
              "context": null,
              "code": "const { assign } = satisfiers_1.patternSatisfier(ref, \"*\");\nisCorrectAssign(assign, modulesList1, modulesList1.map(([moduleStr]) => moduleStr));",
              "err": {},
              "uuid": "92a8b3a3-a29f-4d76-bda4-3f85ab2985b9",
              "parentUUID": "f9e61062-ddf9-4a8d-acd6-b95e3642a36d",
              "isHook": false,
              "skipped": false
            },
            {
              "title": "should assign only valid modules with pattern containing *",
              "fullTitle": "patternSatisfier should assign only valid modules with pattern containing *",
              "timedOut": false,
              "duration": 0,
              "state": "passed",
              "speed": "fast",
              "pass": true,
              "fail": false,
              "pending": false,
              "context": null,
              "code": "const { assign } = satisfiers_1.patternSatisfier(ref, \"CS2*\");\nisCorrectAssign(assign, modulesList1, [\"CS2100\", \"CS2040S\", \"CS2030\"]);",
              "err": {},
              "uuid": "860b24e9-d0f0-4ac9-8e85-969e38d9e455",
              "parentUUID": "f9e61062-ddf9-4a8d-acd6-b95e3642a36d",
              "isHook": false,
              "skipped": false
            },
            {
              "title": "should assign only valid modules with pattern containing x",
              "fullTitle": "patternSatisfier should assign only valid modules with pattern containing x",
              "timedOut": false,
              "duration": 1,
              "state": "passed",
              "speed": "fast",
              "pass": true,
              "fail": false,
              "pending": false,
              "context": null,
              "code": "const { assign } = satisfiers_1.patternSatisfier(ref, \"CS20xx\");\nisCorrectAssign(assign, modulesList1, [\"CS2030\"]);",
              "err": {},
              "uuid": "7d9124db-3a1b-4ac7-b38c-84d0221426d3",
              "parentUUID": "f9e61062-ddf9-4a8d-acd6-b95e3642a36d",
              "isHook": false,
              "skipped": false
            },
            {
              "title": "should assign only valid modules with pattern containing x and *",
              "fullTitle": "patternSatisfier should assign only valid modules with pattern containing x and *",
              "timedOut": false,
              "duration": 0,
              "state": "passed",
              "speed": "fast",
              "pass": true,
              "fail": false,
              "pending": false,
              "context": null,
              "code": "const { assign } = satisfiers_1.patternSatisfier(ref, \"CS20xx*\");\nisCorrectAssign(assign, modulesList1, [\"CS2040S\", \"CS2030\"]);",
              "err": {},
              "uuid": "96a4db21-f422-45db-b1ae-fa0107ced73b",
              "parentUUID": "f9e61062-ddf9-4a8d-acd6-b95e3642a36d",
              "isHook": false,
              "skipped": false
            }
          ],
          "suites": [],
          "passes": [
            "92a8b3a3-a29f-4d76-bda4-3f85ab2985b9",
            "860b24e9-d0f0-4ac9-8e85-969e38d9e455",
            "7d9124db-3a1b-4ac7-b38c-84d0221426d3",
            "96a4db21-f422-45db-b1ae-fa0107ced73b"
          ],
          "failures": [],
          "pending": [],
          "skipped": [],
          "duration": 2,
          "root": false,
          "rootEmpty": false,
          "_timeout": 2000
        },
        {
          "uuid": "1f01a04f-e066-48c0-b3af-b352cde84d35",
          "title": "patternSchema",
          "fullFile": "/home/runner/work/planwithus-lib/planwithus-lib/src/matchRule/pattern/schemas.test.ts",
          "file": "/src/matchRule/pattern/schemas.test.ts",
          "beforeHooks": [],
          "afterHooks": [],
          "tests": [
            {
              "title": "should validate non-empty pattern composed of A-Z, 0-9, x or *",
              "fullTitle": "patternSchema should validate non-empty pattern composed of A-Z, 0-9, x or *",
              "timedOut": false,
              "duration": 2,
              "state": "passed",
              "speed": "fast",
              "pass": true,
              "fail": false,
              "pending": false,
              "context": "[\n  {\n    \"title\": \"pattern sample 0\",\n    \"value\": \"DC48T\"\n  },\n  {\n    \"title\": \"pattern sample 1\",\n    \"value\": \"TM7xx\"\n  },\n  {\n    \"title\": \"pattern sample 2\",\n    \"value\": \"WP008\"\n  },\n  {\n    \"title\": \"pattern sample 3\",\n    \"value\": \"HS9K\"\n  },\n  {\n    \"title\": \"pattern sample 4\",\n    \"value\": \"NCM6320\"\n  },\n  {\n    \"title\": \"pattern sample 5\",\n    \"value\": \"UUT368W\"\n  },\n  {\n    \"title\": \"pattern sample 6\",\n    \"value\": \"ED208\"\n  },\n  {\n    \"title\": \"pattern sample 7\",\n    \"value\": \"OPTx6A\"\n  },\n  {\n    \"title\": \"pattern sample 8\",\n    \"value\": \"GBV0x\"\n  },\n  {\n    \"title\": \"pattern sample 9\",\n    \"value\": \"CZ36\"\n  }\n]",
              "code": "fast_check_1.sample(index_test_2.pattern, 10).forEach((sample, i) => addContext_1.default(this, {\n    title: `pattern sample ${i}`,\n    value: sample,\n}));\nreturn fast_check_1.assert(fast_check_1.property(index_test_2.pattern, ajvValidate), {\n    examples: [[\"*\"], [\"ACC1002\"], [\"IS1103\"], [\"CS1231S\"], [\"MA1102R\"]],\n});",
              "err": {},
              "uuid": "2b8a23f4-381b-4ae1-b318-be2ee2480e47",
              "parentUUID": "1f01a04f-e066-48c0-b3af-b352cde84d35",
              "isHook": false,
              "skipped": false
            },
            {
              "title": "should not validate empty pattern",
              "fullTitle": "patternSchema should not validate empty pattern",
              "timedOut": false,
              "duration": 0,
              "state": "passed",
              "speed": "fast",
              "pass": true,
              "fail": false,
              "pending": false,
              "context": null,
              "code": "isInvalidPattern(\"\")",
              "err": {},
              "uuid": "7f1aae1b-5a96-4bea-b44b-afb70b280c8e",
              "parentUUID": "1f01a04f-e066-48c0-b3af-b352cde84d35",
              "isHook": false,
              "skipped": false
            },
            {
              "title": "should not validate pattern with invalid characters",
              "fullTitle": "patternSchema should not validate pattern with invalid characters",
              "timedOut": false,
              "duration": 1,
              "state": "passed",
              "speed": "fast",
              "pass": true,
              "fail": false,
              "pending": false,
              "context": null,
              "code": "[\"AB123a\", \"Ac123a\", \"AB123^S\", \"AB1*3^S\", \"$A1*3^S\", \"/A1x33S\"].forEach(isInvalidPattern)",
              "err": {},
              "uuid": "784b7e4d-ec17-4e73-9022-ab09462cd5bd",
              "parentUUID": "1f01a04f-e066-48c0-b3af-b352cde84d35",
              "isHook": false,
              "skipped": false
            }
          ],
          "suites": [],
          "passes": [
            "2b8a23f4-381b-4ae1-b318-be2ee2480e47",
            "7f1aae1b-5a96-4bea-b44b-afb70b280c8e",
            "784b7e4d-ec17-4e73-9022-ab09462cd5bd"
          ],
          "failures": [],
          "pending": [],
          "skipped": [],
          "duration": 3,
          "root": false,
          "rootEmpty": false,
          "_timeout": 2000
        },
        {
          "uuid": "ec9ff47b-b2b9-46f5-b162-b9ef81b92667",
          "title": "patternMatchRuleSatisfier",
          "fullFile": "/home/runner/work/planwithus-lib/planwithus-lib/src/matchRule/satisfiers.test.ts",
          "file": "/src/matchRule/satisfiers.test.ts",
          "beforeHooks": [],
          "afterHooks": [],
          "tests": [
            {
              "title": "should assign only valid modules with pattern match rule containing no exclude patterns",
              "fullTitle": "patternMatchRuleSatisfier should assign only valid modules with pattern match rule containing no exclude patterns",
              "timedOut": false,
              "duration": 0,
              "state": "passed",
              "speed": "fast",
              "pass": true,
              "fail": false,
              "pending": false,
              "context": null,
              "code": "const { assign } = satisfiers_1.patternMatchRuleSatisfier(ref, { pattern: \"CS1xxx*\" });\nisCorrectAssign(assign, modulesList1, [\"CS1231\", \"CS1231S\"]);",
              "err": {},
              "uuid": "dd666e1f-5d33-41c3-8a67-f9e005061f62",
              "parentUUID": "ec9ff47b-b2b9-46f5-b162-b9ef81b92667",
              "isHook": false,
              "skipped": false
            },
            {
              "title": "should assign only valid modules with pattern match rule containing an exclude pattern",
              "fullTitle": "patternMatchRuleSatisfier should assign only valid modules with pattern match rule containing an exclude pattern",
              "timedOut": false,
              "duration": 0,
              "state": "passed",
              "speed": "fast",
              "pass": true,
              "fail": false,
              "pending": false,
              "context": null,
              "code": "const { assign } = satisfiers_1.patternMatchRuleSatisfier(ref, {\n    pattern: \"MA1xxx*\",\n    exclude: \"MA15xx\",\n});\nisCorrectAssign(assign, modulesList1, [\n    \"MA1100\",\n    \"MA1101R\",\n    \"MA1102R\",\n    \"MA1511A\",\n]);",
              "err": {},
              "uuid": "5e7e631e-cb81-43a3-9d57-3814cc2a1d11",
              "parentUUID": "ec9ff47b-b2b9-46f5-b162-b9ef81b92667",
              "isHook": false,
              "skipped": false
            },
            {
              "title": "should assign only valid modules with pattern match rule containing multiple exclude patterns",
              "fullTitle": "patternMatchRuleSatisfier should assign only valid modules with pattern match rule containing multiple exclude patterns",
              "timedOut": false,
              "duration": 1,
              "state": "passed",
              "speed": "fast",
              "pass": true,
              "fail": false,
              "pending": false,
              "context": null,
              "code": "const { assign } = satisfiers_1.patternMatchRuleSatisfier(ref, {\n    pattern: \"MA*\",\n    exclude: [\"MA151x*\", \"MA2xxx\"],\n});\nisCorrectAssign(assign, modulesList1, [\n    \"MA1100\",\n    \"MA1101R\",\n    \"MA1102R\",\n    \"MA1507\",\n    \"MA1521\",\n    \"MA2101S\",\n]);",
              "err": {},
              "uuid": "1b39991a-7220-4a68-b369-6020014b1dc9",
              "parentUUID": "ec9ff47b-b2b9-46f5-b162-b9ef81b92667",
              "isHook": false,
              "skipped": false
            }
          ],
          "suites": [],
          "passes": [
            "dd666e1f-5d33-41c3-8a67-f9e005061f62",
            "5e7e631e-cb81-43a3-9d57-3814cc2a1d11",
            "1b39991a-7220-4a68-b369-6020014b1dc9"
          ],
          "failures": [],
          "pending": [],
          "skipped": [],
          "duration": 1,
          "root": false,
          "rootEmpty": false,
          "_timeout": 2000
        },
        {
          "uuid": "8c2383ea-cb3b-4473-82f6-e613b1c29062",
          "title": "matchRuleSchema",
          "fullFile": "/home/runner/work/planwithus-lib/planwithus-lib/src/matchRule/schemas.test.ts",
          "file": "/src/matchRule/schemas.test.ts",
          "beforeHooks": [],
          "afterHooks": [],
          "tests": [
            {
              "title": "should validate match rule with valid pattern",
              "fullTitle": "matchRuleSchema should validate match rule with valid pattern",
              "timedOut": false,
              "duration": 2,
              "state": "passed",
              "speed": "fast",
              "pass": true,
              "fail": false,
              "pending": false,
              "context": "[\n  {\n    \"title\": \"pattern sample 0\",\n    \"value\": \"NMx8\"\n  },\n  {\n    \"title\": \"pattern sample 1\",\n    \"value\": \"YNZ95\"\n  },\n  {\n    \"title\": \"pattern sample 2\",\n    \"value\": \"BI29\"\n  },\n  {\n    \"title\": \"pattern sample 3\",\n    \"value\": \"DG3xY\"\n  },\n  {\n    \"title\": \"pattern sample 4\",\n    \"value\": \"HDxL\"\n  },\n  {\n    \"title\": \"pattern sample 5\",\n    \"value\": \"OQZ74\"\n  },\n  {\n    \"title\": \"pattern sample 6\",\n    \"value\": \"CFY6\"\n  },\n  {\n    \"title\": \"pattern sample 7\",\n    \"value\": \"SOJ*4\"\n  },\n  {\n    \"title\": \"pattern sample 8\",\n    \"value\": \"RXx*7\"\n  },\n  {\n    \"title\": \"pattern sample 9\",\n    \"value\": \"ES24\"\n  }\n]",
              "code": "fast_check_1.sample(index_test_3.pattern, 10).forEach((sample, i) => addContext_1.default(this, {\n    title: `pattern sample ${i}`,\n    value: sample,\n}));\nreturn fast_check_1.assert(fast_check_1.property(index_test_3.pattern, ajvValidate));",
              "err": {},
              "uuid": "325aaf05-861e-4a94-b529-3ca805d066e0",
              "parentUUID": "8c2383ea-cb3b-4473-82f6-e613b1c29062",
              "isHook": false,
              "skipped": false
            },
            {
              "title": "should validate match rules with valid pattern, exclude and info",
              "fullTitle": "matchRuleSchema should validate match rules with valid pattern, exclude and info",
              "timedOut": false,
              "duration": 3,
              "state": "passed",
              "speed": "fast",
              "pass": true,
              "fail": false,
              "pending": false,
[...]
              "timedOut": false,
              "duration": 1,
              "state": "passed",
              "speed": "fast",
              "pass": true,
              "fail": false,
              "pending": false,
              "context": null,
              "code": "const satisfier = satisfiers_1.inequalitySatisfier(ref, \"<=28\");\nsatisfier.should.have.property(\"filter\");\nconst { filter } = satisfier;\nisCorrectFilter(filter, modulesList1, modulesList1.map(([moduleStr]) => moduleStr));",
              "err": {},
              "uuid": "a2dc5e76-f09d-49b1-9b37-c8c0c8b54c0f",
              "parentUUID": "25f2af61-74cc-4040-a0c3-9f80b61a2a6d",
              "isHook": false,
              "skipped": false
            },
            {
              "title": "should preserve list of modules with upper bound of MCs if total MC count is lower",
              "fullTitle": "inequalitySatisfier should preserve list of modules with upper bound of MCs if total MC count is lower",
              "timedOut": false,
              "duration": 0,
              "state": "passed",
              "speed": "fast",
              "pass": true,
              "fail": false,
              "pending": false,
              "context": null,
              "code": "const satisfier = satisfiers_1.inequalitySatisfier(ref, \"<=32\");\nsatisfier.should.have.property(\"filter\");\nconst { filter } = satisfier;\nisCorrectFilter(filter, modulesList1, modulesList1.map(([moduleStr]) => moduleStr));",
              "err": {},
              "uuid": "8c726cc6-9e98-414d-94bd-41f40749818f",
              "parentUUID": "25f2af61-74cc-4040-a0c3-9f80b61a2a6d",
              "isHook": false,
              "skipped": false
            },
            {
              "title": "should truncate list of modules with upper bound of MCs at exact cutoff if total MC count is higher and there exists some starting sequence with exact MC count",
              "fullTitle": "inequalitySatisfier should truncate list of modules with upper bound of MCs at exact cutoff if total MC count is higher and there exists some starting sequence with exact MC count",
              "timedOut": false,
              "duration": 0,
              "state": "passed",
              "speed": "fast",
              "pass": true,
              "fail": false,
              "pending": false,
              "context": null,
              "code": "const satisfier = satisfiers_1.inequalitySatisfier(ref, \"<=16\");\nsatisfier.should.have.property(\"filter\");\nconst { filter } = satisfier;\nisCorrectFilter(filter, modulesList1, [\n    \"CS2100\",\n    \"GER1000\",\n    \"CS2040S\",\n    \"ST2131\",\n]);",
              "err": {},
              "uuid": "400c6d4c-1244-4e77-b872-ab3dc3518d59",
              "parentUUID": "25f2af61-74cc-4040-a0c3-9f80b61a2a6d",
              "isHook": false,
              "skipped": false
            },
            {
              "title": "should truncate list of modules with upper bound of MCs, cutting off at the minimum starting sequence that exceeds upper bound, if total MC count is higher and there exists no starting sequence with exact MC count",
              "fullTitle": "inequalitySatisfier should truncate list of modules with upper bound of MCs, cutting off at the minimum starting sequence that exceeds upper bound, if total MC count is higher and there exists no starting sequence with exact MC count",
              "timedOut": false,
              "duration": 0,
              "state": "passed",
              "speed": "fast",
              "pass": true,
              "fail": false,
              "pending": false,
              "context": null,
              "code": "const satisfier = satisfiers_1.inequalitySatisfier(ref, \"<=17\");\nsatisfier.should.have.property(\"filter\");\nconst { filter } = satisfier;\nisCorrectFilter(filter, modulesList1, [\n    \"CS2100\",\n    \"GER1000\",\n    \"CS2040S\",\n    \"ST2131\",\n    \"MA1521\",\n]);",
              "err": {},
              "uuid": "422e75ab-1131-45c6-b0a4-49e7cd6f7785",
              "parentUUID": "25f2af61-74cc-4040-a0c3-9f80b61a2a6d",
              "isHook": false,
              "skipped": false
            }
          ],
          "suites": [],
          "passes": [
            "db93164f-5bf5-47d6-9727-17f5b3b36257",
            "9f0ebf6f-5a99-452b-90e5-4cdc68d1e7b1",
            "95e07d44-aef7-4ea9-9fa9-87c28f09ad9e",
            "a2dc5e76-f09d-49b1-9b37-c8c0c8b54c0f",
            "8c726cc6-9e98-414d-94bd-41f40749818f",
            "400c6d4c-1244-4e77-b872-ab3dc3518d59",
            "422e75ab-1131-45c6-b0a4-49e7cd6f7785"
          ],
          "failures": [],
          "pending": [],
          "skipped": [],
          "duration": 2,
          "root": false,
          "rootEmpty": false,
          "_timeout": 2000
        },
        {
          "uuid": "2a262f8a-c880-4d9e-b3df-e70f5f1033d4",
          "title": "inequalitySchema",
          "fullFile": "/home/runner/work/planwithus-lib/planwithus-lib/src/satisfyRule/inequality/schemas.test.ts",
          "file": "/src/satisfyRule/inequality/schemas.test.ts",
          "beforeHooks": [],
          "afterHooks": [],
          "tests": [
            {
              "title": "should validate inequality in the form <=n or >=n",
              "fullTitle": "inequalitySchema should validate inequality in the form <=n or >=n",
              "timedOut": false,
              "duration": 1,
              "state": "passed",
              "speed": "fast",
              "pass": true,
              "fail": false,
              "pending": false,
              "context": "[\n  {\n    \"title\": \"inequality sample 0\",\n    \"value\": \">=4\"\n  },\n  {\n    \"title\": \"inequality sample 1\",\n    \"value\": \"<=73\"\n  },\n  {\n    \"title\": \"inequality sample 2\",\n    \"value\": \">=114\"\n  },\n  {\n    \"title\": \"inequality sample 3\",\n    \"value\": \">=155\"\n  },\n  {\n    \"title\": \"inequality sample 4\",\n    \"value\": \"<=102\"\n  },\n  {\n    \"title\": \"inequality sample 5\",\n    \"value\": \"<=200\"\n  },\n  {\n    \"title\": \"inequality sample 6\",\n    \"value\": \">=121\"\n  },\n  {\n    \"title\": \"inequality sample 7\",\n    \"value\": \"<=7\"\n  },\n  {\n    \"title\": \"inequality sample 8\",\n    \"value\": \">=40\"\n  },\n  {\n    \"title\": \"inequality sample 9\",\n    \"value\": \">=81\"\n  }\n]",
              "code": "fast_check_1.sample(index_test_2.inequality, 10).forEach((sample, i) => addContext_1.default(this, {\n    title: `inequality sample ${i}`,\n    value: sample,\n}));\nreturn fast_check_1.assert(fast_check_1.property(index_test_2.inequality, ajvValidate));",
              "err": {},
              "uuid": "569e5fcb-1989-49e6-a8b6-d433f2c2b34c",
              "parentUUID": "2a262f8a-c880-4d9e-b3df-e70f5f1033d4",
              "isHook": false,
              "skipped": false
            },
            {
              "title": "should not validate inequality of invalid form",
              "fullTitle": "inequalitySchema should not validate inequality of invalid form",
              "timedOut": false,
              "duration": 2,
              "state": "passed",
              "speed": "fast",
              "pass": true,
              "fail": false,
              "pending": false,
              "context": null,
              "code": "[\n        \"\",\n        \"==23\",\n        \"23\",\n        \"<23\",\n        \">23\",\n        \"<=-1\",\n        \">=-1\",\n        \"<= 2\",\n        \">= 1\",\n        \"> 3\",\n        \"< 3\",\n        \"<=3a\",\n        \">=3a\",\n        \"a<=3\",\n        \"a>=3\",\n    ].forEach(isInvalidInequality)",
              "err": {},
              "uuid": "bd2bfede-98d2-4cf8-8afe-0985c669d572",
              "parentUUID": "2a262f8a-c880-4d9e-b3df-e70f5f1033d4",
              "isHook": false,
              "skipped": false
            }
          ],
          "suites": [],
          "passes": [
            "569e5fcb-1989-49e6-a8b6-d433f2c2b34c",
            "bd2bfede-98d2-4cf8-8afe-0985c669d572"
          ],
          "failures": [],
          "pending": [],
          "skipped": [],
          "duration": 3,
          "root": false,
          "rootEmpty": false,
          "_timeout": 2000
        },
        {
          "uuid": "1e4effcf-f228-45c6-b75d-c0039295bd2c",
          "title": "satisfyRuleSchema",
          "fullFile": "/home/runner/work/planwithus-lib/planwithus-lib/src/satisfyRule/schemas.test.ts",
          "file": "/src/satisfyRule/schemas.test.ts",
          "beforeHooks": [],
          "afterHooks": [],
          "tests": [
            {
              "title": "should validate satisfy rule with valid block id",
              "fullTitle": "satisfyRuleSchema should validate satisfy rule with valid block id",
              "timedOut": false,
              "duration": 1,
              "state": "passed",
              "speed": "fast",
              "pass": true,
              "fail": false,
              "pending": false,
              "context": null,
              "code": "fast_check_1.assert(fast_check_1.property(fast_check_1.string(), ajvValidate)",
              "err": {},
              "uuid": "31fac26c-7cbc-476c-bc2e-33338897e117",
              "parentUUID": "1e4effcf-f228-45c6-b75d-c0039295bd2c",
              "isHook": false,
              "skipped": false
            },
            {
              "title": "should validate satisfy rules with valid mc",
              "fullTitle": "satisfyRuleSchema should validate satisfy rules with valid mc",
              "timedOut": false,
              "duration": 2,
              "state": "passed",
              "speed": "fast",
              "pass": true,
              "fail": false,
              "pending": false,
              "context": "[\n  {\n    \"title\": \"mcSatisfyRule sample 0\",\n    \"value\": {\n      \"mc\": \">=199\"\n    }\n  },\n  {\n    \"title\": \"mcSatisfyRule sample 1\",\n    \"value\": {\n      \"mc\": \">=2\"\n    }\n  },\n  {\n    \"title\": \"mcSatisfyRule sample 2\",\n    \"value\": {\n      \"mc\": \">=153\"\n    }\n  },\n  {\n    \"title\": \"mcSatisfyRule sample 3\",\n    \"value\": {\n      \"mc\": \">=19\"\n    }\n  },\n  {\n    \"title\": \"mcSatisfyRule sample 4\",\n    \"value\": {\n      \"mc\": \"<=2\"\n    }\n  },\n  {\n    \"title\": \"mcSatisfyRule sample 5\",\n    \"value\": {\n      \"mc\": \">=5\"\n    }\n  },\n  {\n    \"title\": \"mcSatisfyRule sample 6\",\n    \"value\": {\n      \"mc\": \"<=5\"\n    }\n  },\n  {\n    \"title\": \"mcSatisfyRule sample 7\",\n    \"value\": {\n      \"mc\": \"<=13\"\n    }\n  },\n  {\n    \"title\": \"mcSatisfyRule sample 8\",\n    \"value\": {\n      \"mc\": \"<=171\"\n    }\n  },\n  {\n    \"title\": \"mcSatisfyRule sample 9\",\n    \"value\": {\n      \"mc\": \"<=197\"\n    }\n  }\n]",
              "code": "fast_check_1.sample(index_test_2.mcSatisfyRule, 10).forEach((sample, i) => addContext_1.default(this, {\n    title: `mcSatisfyRule sample ${i}`,\n    value: sample,\n}));\nreturn fast_check_1.assert(fast_check_1.property(index_test_2.mcSatisfyRule, ajvValidate));",
              "err": {},
              "uuid": "c7c1fecc-4ab6-446b-ab79-aa05afa79657",
              "parentUUID": "1e4effcf-f228-45c6-b75d-c0039295bd2c",
              "isHook": false,
              "skipped": false
            },
            {
              "title": "should validate valid recursive satisfy rules",
              "fullTitle": "satisfyRuleSchema should validate valid recursive satisfy rules",
              "timedOut": false,
              "duration": 3,
              "state": "passed",
              "speed": "fast",
              "pass": true,
              "fail": false,
              "pending": false,
              "context": "[\n  {\n    \"title\": \"satisfyRule sample 0\",\n    \"value\": \"\"\n  },\n  {\n    \"title\": \"satisfyRule sample 1\",\n    \"value\": {\n      \"and\": [\n        {\n          \"and\": [\n            \"$`sl,S_\",\n            \"+$~\"\n          ]\n        },\n        {\n          \"or\": [\n            {\n              \"mc\": \"<=195\"\n            },\n            \"$}\",\n            \"b`QI&o\",\n            \"!\",\n            \" \\\"}<&#R\"\n          ]\n        },\n        {\n          \"mc\": \">=47\"\n        }\n      ]\n    }\n  },\n  {\n    \"title\": \"satisfyRule sample 2\",\n    \"value\": \"\"\n  },\n  {\n    \"title\": \"satisfyRule sample 3\",\n    \"value\": {\n      \"mc\": \">=198\"\n    }\n  },\n  {\n    \"title\": \"satisfyRule sample 4\",\n    \"value\": {\n      \"or\": [\n        {\n          \"mc\": \">=42\"\n        },\n        {\n          \"mc\": \">=48\"\n        }\n      ]\n    }\n  },\n  {\n    \"title\": \"satisfyRule sample 5\",\n    \"value\": {\n      \"mc\": \">=8\"\n    }\n  },\n  {\n    \"title\": \"satisfyRule sample 6\",\n    \"value\": \"m\\\"m\"\n  },\n  {\n    \"title\": \"satisfyRule sample 7\",\n    \"value\": \"fzM8iz\"\n  },\n  {\n    \"title\": \"satisfyRule sample 8\",\n    \"value\": {\n      \"or\": []\n    }\n  },\n  {\n    \"title\": \"satisfyRule sample 9\",\n    \"value\": {\n      \"or\": []\n    }\n  }\n]",
              "code": "fast_check_1.sample(index_test_2.satisfyRule, 10).forEach((sample, i) => addContext_1.default(this, {\n    title: `satisfyRule sample ${i}`,\n    value: sample,\n}));\nreturn fast_check_1.assert(fast_check_1.property(index_test_2.satisfyRule, ajvValidate));",
              "err": {},
              "uuid": "7321954f-49f2-47fc-8c62-0cdaccd302da",
              "parentUUID": "1e4effcf-f228-45c6-b75d-c0039295bd2c",
              "isHook": false,
              "skipped": false
            },
            {
              "title": "should not validate non-string/object",
              "fullTitle": "satisfyRuleSchema should not validate non-string/object",
              "timedOut": false,
              "duration": 1,
              "state": "passed",
              "speed": "fast",
              "pass": true,
              "fail": false,
              "pending": false,
              "context": null,
              "code": "const error = {\n    instancePath: \"\",\n    message: \"satisfy rule should be either a string or an object\",\n};\nisInvalidRule(null, error);\nisInvalidRule(undefined, error);\nisInvalidRule(10, error);\nisInvalidRule([12, 24], error);",
              "err": {},
              "uuid": "40c99c62-ee31-488d-b638-c02089e2cd21",
              "parentUUID": "1e4effcf-f228-45c6-b75d-c0039295bd2c",
              "isHook": false,
              "skipped": false
            },
            {
              "title": "should not validate satisfy rules with extra properties",
              "fullTitle": "satisfyRuleSchema should not validate satisfy rules with extra properties",
              "timedOut": false,
              "duration": 0,
              "state": "passed",
              "speed": "fast",
              "pass": true,
              "fail": false,
              "pending": false,
              "context": null,
              "code": "isInvalidRule({\n        and: [\n            { or: [\"2k\"], abc: \"def\" },\n            { mc: 8, ghi: \"jkl\" },\n        ],\n        mno: \"pqr\",\n    }, {\n        instancePath: \"/and/0\",\n        message: \"or satisfy rule should have property 'or' only\",\n    }, {\n        instancePath: \"/and/1\",\n        message: \"MC satisfy rule should have property 'mc' only\",\n    }, {\n        instancePath: \"\",\n        message: \"and satisfy rule should have property 'and' only\",\n    })",
              "err": {},
              "uuid": "25623f08-44bd-442a-b832-eeb5d6e65274",
              "parentUUID": "1e4effcf-f228-45c6-b75d-c0039295bd2c",
              "isHook": false,
              "skipped": false
            },
            {
              "title": "should not validate ambiguous satisfy rules",
              "fullTitle": "satisfyRuleSchema should not validate ambiguous satisfy rules",
              "timedOut": false,
              "duration": 1,
              "state": "passed",
              "speed": "fast",
              "pass": true,
              "fail": false,
              "pending": false,
              "context": null,
              "code": "const message = \"satisfy rule should have only one of properties 'mc', 'and', 'or'\";\nisInvalidRule({\n    or: [\n        { mc: 5, and: [\"CS2040\"] },\n        { and: [{ and: [\"abc\"], or: [\"def\"] }] },\n    ],\n}, { instancePath: \"/or/0\", message }, { instancePath: \"/or/1/and/0\", message });",
              "err": {},
              "uuid": "d60860cf-f828-49e2-b56f-149ea61dbfa4",
              "parentUUID": "1e4effcf-f228-45c6-b75d-c0039295bd2c",
              "isHook": false,
              "skipped": false
            },
            {
              "title": "should not validate and satisfy rules with non-array property",
              "fullTitle": "satisfyRuleSchema should not validate and satisfy rules with non-array property",
              "timedOut": false,
              "duration": 0,
              "state": "passed",
              "speed": "fast",
              "pass": true,
              "fail": false,
              "pending": false,
              "context": null,
              "code": "const message = \"property 'and' should be an array of satisfy rules\";\nisInvalidRule({ or: [{ and: {} }, { or: [{ and: 3 }] }] }, { instancePath: \"/or/0/and\", message }, { instancePath: \"/or/1/or/0/and\", message });",
              "err": {},
              "uuid": "024888c6-2323-42c9-8e0d-cc842450afd8",
              "parentUUID": "1e4effcf-f228-45c6-b75d-c0039295bd2c",
              "isHook": false,
              "skipped": false
            },
            {
              "title": "should not validate or satisfy rules with non-array property",
              "fullTitle": "satisfyRuleSchema should not validate or satisfy rules with non-array property",
              "timedOut": false,
              "duration": 0,
              "state": "passed",
              "speed": "fast",
              "pass": true,
              "fail": false,
              "pending": false,
              "context": null,
              "code": "const message = \"property 'or' should be an array of satisfy rules\";\nisInvalidRule({ and: [{ or: {} }, { and: [{ or: 3 }] }] }, { instancePath: \"/and/0/or\", message }, { instancePath: \"/and/1/and/0/or\", message });",
              "err": {},
              "uuid": "f3f8e8ba-a672-41a0-b457-44986a04af59",
              "parentUUID": "1e4effcf-f228-45c6-b75d-c0039295bd2c",
              "isHook": false,
              "skipped": false
            }
          ],
          "suites": [],
          "passes": [
            "31fac26c-7cbc-476c-bc2e-33338897e117",
            "c7c1fecc-4ab6-446b-ab79-aa05afa79657",
            "7321954f-49f2-47fc-8c62-0cdaccd302da",
            "40c99c62-ee31-488d-b638-c02089e2cd21",
            "25623f08-44bd-442a-b832-eeb5d6e65274",
            "d60860cf-f828-49e2-b56f-149ea61dbfa4",
            "024888c6-2323-42c9-8e0d-cc842450afd8",
            "f3f8e8ba-a672-41a0-b457-44986a04af59"
          ],
          "failures": [],
          "pending": [],
          "skipped": [],
          "duration": 8,
          "root": false,
          "rootEmpty": false,
          "_timeout": 2000
        }
      ],
      "passes": [],
      "failures": [],
      "pending": [],
      "skipped": [],
      "duration": 0,
      "root": true,
      "rootEmpty": true,
      "_timeout": 2000
    }
  ],
  "meta": {
    "mocha": {
      "version": "9.0.2"
    },
    "mochawesome": {
      "options": {
        "quiet": false,
        "reportFilename": "mochawesome",
        "saveHtml": true,
        "saveJson": true,
        "consoleReporter": "spec",
        "useInlineDiffs": false,
        "code": true
      },
      "version": "6.2.2"
    },
    "marge": {
      "options": {
        "reportDir": "docs"
      },
      "version": "5.2.0"
    }
  }
}