{
  "stats": {
    "suites": 10,
    "tests": 48,
    "passes": 48,
    "pending": 0,
    "failures": 0,
    "start": "2021-07-06T03:09:05.639Z",
    "end": "2021-07-06T03:09:05.993Z",
    "duration": 354,
    "testsRegistered": 48,
    "passPercent": 100,
    "pendingPercent": 0,
    "other": 0,
    "hasOther": false,
    "skipped": 0,
    "hasSkipped": false
  },
  "results": [
    {
      "uuid": "8fbe092c-ff55-4ed1-89f2-f19dbf30cc89",
      "title": "",
      "fullFile": "",
      "file": "",
      "beforeHooks": [],
      "afterHooks": [],
      "tests": [],
      "suites": [
        {
          "uuid": "dbdecb05-9e84-4226-821b-bf5872c936cb",
          "title": "initDirectories",
          "fullFile": "/home/runner/work/planwithus-lib/planwithus-lib/src/block/schemas.test.ts",
          "file": "/src/block/schemas.test.ts",
          "beforeHooks": [],
          "afterHooks": [],
          "tests": [
            {
              "title": "should parse all blocks with no errors",
              "fullTitle": "initDirectories should parse all blocks with no errors",
              "timedOut": false,
              "duration": 3,
              "state": "passed",
              "speed": "fast",
              "pass": true,
              "fail": false,
              "pending": false,
              "context": null,
              "code": "_1.initDirectories.should.not.throw()",
              "err": {},
              "uuid": "bf85373b-fab9-475c-878d-1fa9cdaf925c",
              "parentUUID": "dbdecb05-9e84-4226-821b-bf5872c936cb",
              "isHook": false,
              "skipped": false
            },
            {
              "title": "should produce primary, second & minor directories",
              "fullTitle": "initDirectories should produce primary, second & minor directories",
              "timedOut": false,
              "duration": 46,
              "state": "passed",
              "speed": "medium",
              "pass": true,
              "fail": false,
              "pending": false,
              "context": null,
              "code": "const directories = await _1.initDirectories();\ndirectories.should.have.property(\"primary\");\ndirectories.should.have.property(\"second\");\ndirectories.should.have.property(\"minor\");",
              "err": {},
              "uuid": "8750c60f-98f1-4dee-9d05-92276b5382b9",
              "parentUUID": "dbdecb05-9e84-4226-821b-bf5872c936cb",
              "isHook": false,
              "skipped": false
            }
          ],
          "suites": [],
          "passes": [
            "bf85373b-fab9-475c-878d-1fa9cdaf925c",
            "8750c60f-98f1-4dee-9d05-92276b5382b9"
          ],
          "failures": [],
          "pending": [],
          "skipped": [],
          "duration": 49,
          "root": false,
          "rootEmpty": false,
          "_timeout": 2000
        },
        {
          "uuid": "bb0bc83f-48c8-4614-9a22-a2d74a4b2e9a",
          "title": "blockSchema",
          "fullFile": "/home/runner/work/planwithus-lib/planwithus-lib/src/block/schemas.test.ts",
          "file": "/src/block/schemas.test.ts",
          "beforeHooks": [],
          "afterHooks": [],
          "tests": [
            {
              "title": "should validate valid block",
              "fullTitle": "blockSchema should validate valid block",
              "timedOut": false,
              "duration": 166,
              "state": "passed",
              "speed": "slow",
              "pass": true,
              "fail": false,
              "pending": false,
              "context": "[\n  {\n    \"title\": \"block sample 0\",\n    \"value\": {\n      \"ay\": 1986,\n      \"assign\": [\n        \"w\",\n        \"'%]`\",\n        \"v_,&\",\n        \"%'0w\"\n      ],\n      \"match\": \"GZO4N\",\n      \"satisfy\": [\n        {\n          \"and\": [\n            {\n              \"or\": [\n                {\n                  \"and\": []\n                },\n                {\n                  \"or\": [\n                    \"kIKS@,uf\",\n                    \"5L%XUX\",\n                    {\n                      \"or\": [\n                        \"pP!sRg\",\n                        {\n                          \"mc\": \">=110\"\n                        }\n                      ]\n                    }\n                  ]\n                }\n              ]\n            },\n            {\n              \"mc\": \">=84\"\n            },\n            {\n              \"or\": []\n            },\n            {\n              \"or\": [\n                \"I?ea0'.\",\n                {\n                  \"or\": [\n                    \"Cps4Wt_>\",\n                    {\n                      \"or\": [\n                        \"QEbWu?dE\",\n                        \"\\\"o@m_R\",\n                        \"Dwo-,\"\n                      ]\n                    }\n                  ]\n                }\n              ]\n            },\n            {\n              \"mc\": \">=142\"\n            }\n          ]\n        },\n        {\n          \"and\": [\n            {\n              \"or\": [\n                \"+c\",\n                {\n                  \"mc\": \"<=61\"\n                },\n                {\n                  \"mc\": \">=81\"\n                },\n                \"3c!wvg~\",\n                {\n                  \"and\": [\n                    \"~#M\",\n                    \"Do#\",\n                    \"vNz}n\",\n                    \">:Rbm_nE\\\\u\"\n                  ]\n                }\n              ]\n            }\n          ]\n        },\n        {\n          \"or\": [\n            {\n              \"mc\": \">=97\"\n            }\n          ]\n        },\n        \"8nS_V\",\n        {\n          \"mc\": \">=13\"\n        }\n      ],\n      \"info\": \"AjVZv'\",\n      \"h+<3q/R\": {\n        \"name\": \"EHRL6~\",\n        \"ay\": 1988,\n        \"assign\": [\n          \"\",\n          \"n:r><\",\n          \"F$GziT\",\n          \"K\"\n        ],\n        \"match\": [\n          \"RE6*6I\",\n          {\n            \"pattern\": \"JCK0x7J\",\n            \"exclude\": [\n              \"JU99G\",\n              \"AAO993\",\n              \"NTG0I\",\n              \"SWW3x\"\n            ],\n            \"info\": \"0;\"\n          },\n          \"TY1*\",\n          {\n            \"or\": [\n              {\n                \"and\": [\n                  \"HM1W\",\n                  \"AXC7D\",\n                  {\n                    \"pattern\": \"TL738\",\n                    \"exclude\": \"DQ67G\",\n                    \"info\": \"bmA\"\n                  },\n                  {\n                    \"and\": [\n                      \"KD4777\",\n                      {\n                        \"or\": [\n                          {\n                            \"pattern\": \"SQ6\",\n                            \"exclude\": [\n                              \"SHB3588T\",\n                              \"WYSx9xA\",\n                              \"WB2Q\",\n                              \"PCJ81\"\n                            ],\n                            \"info\": \"7K>cQ=4['\"\n                          },\n                          \"NEA504S\"\n                        ]\n                      }\n                    ]\n                  }\n                ]\n              },\n              {\n                \"and\": [\n                  {\n                    \"and\": [\n                      \"MM8553\",\n                      \"DXH1023\",\n                      \"RA5J\"\n                    ]\n                  },\n                  \"RLOx71G\",\n                  {\n                    \"or\": [\n                      {\n                        \"or\": [\n                          {\n                            \"or\": [\n                              \"SH0512\",\n                              \"RS991\"\n                            ]\n                          },\n                          \"SV71*5S\",\n                          {\n                            \"pattern\": \"YV844B\",\n                            \"exclude\": \"YLE5A\",\n                            \"info\": \"qWXDn\"\n                          },\n                          \"CKC1428\"\n                        ]\n                      }\n                    ]\n                  }\n                ]\n              }\n            ]\n          },\n          {\n            \"or\": [\n              {\n                \"or\": [\n                  {\n                    \"or\": [\n                      {\n                        \"pattern\": \"CW0538I\",\n                        \"exclude\": [\n                          \"BN28\",\n                          \"ZD100H\"\n                        ],\n                        \"info\": \"d\"\n                      },\n                      \"KF9\"\n                    ]\n                  },\n                  \"ZDM09F\",\n                  \"JJ99G\"\n                ]\n              },\n              {\n                \"and\": []\n              },\n              \"CUW4\"\n            ]\n          }\n        ],\n        \"satisfy\": {\n          \"and\": [\n            {\n              \"and\": [\n                \"+-w5fP(\",\n                {\n                  \"and\": [\n                    \"DXXJOUye\",\n                    {\n                      \"and\": [\n                        \"x;*\",\n                        \"NO1h~t 24*\",\n                        \"l*\",\n                        {\n                          \"mc\": \">=166\"\n                        },\n                        \"f?G%$\"\n                      ]\n                    },\n                    \":CiYa;i|b\"\n                  ]\n                }\n              ]\n            },\n            \"\"\n          ]\n        },\n        \"url\": \"http://jwda4apor09uc7.ymj4kahf1vz3fn5xn3bgh5pg88kfp1gee24mf0roousdyi.e.hv8kqcfvqnrckbysolm3pvdsqgkjmipiqc1gyef96dx6bjlug.1y064gowsu-3otdccs6n.oiieecx/'n)%F1%85%91%93w*\"\n      },\n      \"Oaqevy[\": {\n        \"name\": \"o{E8Vfa\",\n        \"ay\": 2016,\n        \"assign\": [\n          \"ss/v|O\"\n        ],\n        \"match\": {\n          \"pattern\": \"YUW4\",\n          \"exclude\": \"GG4341\",\n          \"info\": \"+P;89nTat\"\n        },\n        \"satisfy\": {\n          \"or\": [\n            \"XC(E\",\n            {\n              \"or\": [\n                {\n                  \"or\": [\n                    \">Pb^\",\n                    \"\",\n                    {\n                      \"or\": []\n                    },\n                    \"2n=:^drD\"\n                  ]\n                },\n                {\n                  \"and\": [\n                    {\n                      \"mc\": \">=119\"\n                    },\n                    {\n                      \"or\": [\n                        \"Gm.LRqxe\",\n                        \"zY{)\",\n                        \"\",\n                        {\n                          \"or\": [\n                            \"bld:Oi9q\",\n                            \"H]z\",\n                            \"X:8etJjcyx\"\n                          ]\n                        }\n                      ]\n                    },\n                    \"\",\n                    {\n                      \"mc\": \">=19\"\n                    },\n                    {\n                      \"and\": [\n                        \"\",\n                        {\n                          \"mc\": \">=1\"\n                        },\n                        \"}\\\"5``>qm|k\"\n                      ]\n                    }\n                  ]\n                },\n                {\n                  \"mc\": \"<=59\"\n                },\n                {\n                  \"or\": [\n                    {\n                      \"mc\": \"<=157\"\n                    },\n                    \"lV^j1]<k]\"\n                  ]\n                },\n                {\n                  \"or\": [\n                    {\n                      \"or\": [\n                        \"Zbl_4'X\",\n                        \"4UD\",\n                        \"T_p:dW-CK\",\n                        \"7\\\"Q!S=Pd\",\n                        {\n                          \"mc\": \">=54\"\n                        }\n                      ]\n                    },\n                    {\n                      \"and\": [\n                        \"\",\n                        \"@=T%m0\",\n                        \"3~@#0}o\"\n                      ]\n                    }\n                  ]\n                }\n              ]\n            },\n            {\n              \"mc\": \"<=38\"\n            },\n            \"c[34\",\n            \"_RG \"\n          ]\n        },\n        \"url\": \"http://nh6z6ugxc8laqlu9iniatl7zb1.hz0ncskxa5unlxx5zt0c4ag--z84b4.u77hgmytob4ey337wnmzdq9sj7ye54d126-x3z3j60v1roecwaggr5.fbgkwoun95piz10r57q-nwbie64g7jmhsu.i.qxgjnpfko/7A,X,\",\n        \"info\": \"-hXY8mz\"\n      },\n      \"6tet7 \": {\n        \"name\": \"Wk-zxAPg\",\n        \"ay\": 1972,\n        \"match\": [\n          {\n            \"or\": [\n              \"WL8616\",\n              \"KHR*669\",\n              {\n                \"and\": [\n                  {\n                    \"pattern\": \"ZB7\",\n                    \"exclude\": \"AAC9*8xP\",\n                    \"info\": \"P> BN-\"\n                  },\n                  \"QC3*69N\"\n                ]\n              }\n            ]\n          },\n          {\n            \"pattern\": \"EIx2*7F\",\n            \"info\": \"->\"\n          },\n          {\n            \"pattern\": \"SR*xU\",\n            \"exclude\": \"FJM42\",\n            \"info\": \"b[RSHZt_(\"\n          },\n          \"CLW05K\",\n          \"ZDC2S\"\n        ],\n        \"url\": \"http://3ccst3gy3titrnlywviox-2vzcj8-9ey0bopjslca66-lah3a1pjj3evgxp.dldb16xa.qxvwv431ab0lx4khz0v7ieztvfdvsmw8dneo0ez4emci-ok198kpgf.9cl6jam8ltd510f9.nhxz/!%F3%8E%92%A8/sYerp%F3%92%A1%9C$/cw6Ju5,/k)%F0%AE%BD%98u:el*/p%F1%AE%A0%A8/Mfk)pa-/fiv_c_%F0%A0%97%ADuC=/3D-)z+k;84/Nrx&il!$/y%E2%AF%9B\",\n        \"info\": \"zA{><\",\n        \"4MI]1.nm\": {\n          \"name\": \"iXOB;?se\",\n          \"ay\": 1966,\n          \"assign\": [],\n          \"match\": [\n            \"UQZ24*F\",\n            {\n              \"or\": [\n                \"CJK8\"\n              ]\n            },\n            {\n              \"pattern\": \"EQ4L\",\n              \"exclude\": [\n                \"VGF2*50T\",\n                \"LH883\",\n                \"YBF64*\",\n                \"MMV3M\"\n              ],\n              \"info\": \"-(g[_U!nu`\"\n            },\n            \"RL89*T\"\n          ],\n          \"url\": \"http://69kejnrjhj.vu-5fujr2u6ll7ut9s18s1fqkalybmfshyag3qx4vlatm0.23d9fubb92o2t7tyemxic6bdyok6gtaek65i-vkfda0ccc1i97t678edf.8cyufp-fp9ws60218zltq7vm9bt5pm7l31ab89r44-5xa6sv60mkztofgzamd.fnhxhrppy/TXgNA%F0%A2%BD%B9+(/7R8oo7%F0%A3%8C%ADw=j/%F2%8E%91%84QX,u/$%F1%96%9B%A8yPY/a2qR9\"\n        }\n      },\n      \"@\": {\n        \"name\": \"\",\n        \"ay\": 2026,\n        \"assign\": \"4x4++O?Y\",\n        \"match\": [\n          {\n            \"or\": [\n              {\n                \"and\": []\n              },\n              {\n                \"and\": [\n                  \"WR37\",\n                  {\n                    \"pattern\": \"OUI3844U\",\n                    \"exclude\": [],\n                    \"info\": \"d;s~&8Kk\"\n                  },\n                  {\n                    \"or\": [\n                      \"PSU7J\",\n                      \"NWY93x\"\n                    ]\n                  },\n                  {\n                    \"pattern\": \"JLM999\",\n                    \"exclude\": \"HRC11*\",\n                    \"info\": \".;M\"\n                  },\n                  {\n                    \"pattern\": \"GN3L\",\n                    \"exclude\": [\n                      \"NOJ*Q\"\n                    ],\n                    \"info\": \"WT)TWVH57o\"\n                  }\n                ]\n              },\n              {\n                \"pattern\": \"ABX0R\",\n                \"exclude\": \"XE667\",\n                \"info\": \"ETp6N1's0\\\"\"\n              },\n              {\n                \"and\": [\n                  \"IPV02xT\",\n                  \"CO205\",\n                  {\n                    \"and\": [\n                      {\n                        \"or\": [\n                          {\n                            \"pattern\": \"JLx3X\",\n                            \"exclude\": \"HSM3579F\"\n                          },\n                          {\n                            \"or\": [\n                              \"VJ6R\",\n                              \"AB42xJ\"\n                            ]\n                          }\n                        ]\n                      },\n                      \"WW16\",\n                      \"CNX*4\"\n                    ]\n                  }\n                ]\n              }\n            ]\n          },\n          {\n            \"and\": [\n              {\n                \"or\": [\n                  \"LD12\",\n                  \"EY884\"\n                ]\n              }\n            ]\n          },\n          \"AQU051W\",\n          \"HQL*H\",\n          {\n            \"pattern\": \"BKK4454X\",\n            \"exclude\": \"TM2134D\",\n            \"info\": \"YW0ZScVp\"\n          }\n        ],\n        \"satisfy\": {\n          \"or\": [\n            {\n              \"and\": [\n                {\n                  \"mc\": \"<=115\"\n                }\n              ]\n            },\n            {\n              \"and\": [\n                \"WnPp\"\n              ]\n            },\n            \"V\",\n            \"a^J['s'c5\",\n            {\n              \"and\": [\n                {\n                  \"or\": [\n                    \"ntR[^nX.9_\"\n                  ]\n                },\n                {\n                  \"and\": [\n                    \"G&>v'c8P9;\",\n                    {\n                      \"mc\": \"<=159\"\n                    },\n                    \"'\\\"0EP4\",\n                    \"H6s4/A+\",\n                    \"0wwD\"\n                  ]\n                }\n              ]\n            }\n          ]\n        },\n        \"url\": \"https://e-13ac3a65by9zijuf184uie-60mby8212ul.66bumz13y3rb2o872nd4f14rqsndf5ck05f17kpukzgg9m1x0k9ja7y.npheqidwb4qh4rrfw6liqcjivmnwm43c16s7mqppfjllo16c8ckfwflw2.kif/2/@%F2%90%96%9DN/1op&Q/P5k/q%F3%8E%85%9BXJ~x)E/'S/PL-;/G/'!0tG_a%F1%A7%B5%85f,/c\",\n        \"info\": \"\"\n      }\n    }\n  },\n  {\n    \"title\": \"block sample 1\",\n    \"value\": {\n      \"name\": \"D}$\",\n      \"ay\": 1967,\n      \"assign\": [\n        \"~yT{\",\n        \"6!\",\n        \"clX'Y~x:qC\"\n      ],\n      \"match\": [\n        {\n          \"pattern\": \"NR2624\",\n          \"exclude\": \"FY2C\",\n          \"info\": \"C3Y^nB\"\n        },\n        {\n          \"pattern\": \"WI4\",\n          \"exclude\": \"JN5238X\",\n          \"info\": \"^\"\n        },\n        {\n          \"or\": [\n            {\n              \"or\": [\n                {\n                  \"or\": [\n                    \"LY11K\"\n                  ]\n                },\n                {\n                  \"and\": [\n                    \"LUZ*98\"\n                  ]\n                },\n                {\n                  \"or\": [\n                    \"SXG10\",\n                    {\n                      \"or\": [\n                        \"RGH54*xR\"\n                      ]\n                    }\n                  ]\n                },\n                {\n                  \"pattern\": \"XW56*1\",\n                  \"exclude\": \"QE8x\",\n                  \"info\": \"\\\\i@1,P\"\n                },\n                \"CN67\"\n              ]\n            },\n            {\n              \"or\": [\n                \"RDI9855\",\n                {\n                  \"and\": [\n                    \"WHE87A\",\n                    \"EYT3x91H\",\n                    {\n                      \"and\": [\n                        {\n                          \"or\": [\n                            \"PVC*6P\",\n                            \"LGTx7*\"\n                          ]\n                        },\n                        \"HPZx683\",\n                        \"WUZ*5\"\n                      ]\n                    },\n                    {\n                      \"and\": [\n                        \"KX2\",\n                        \"NDR938\",\n                        \"WUG107*W\",\n                        \"SPx*11\"\n                      ]\n                    }\n                  ]\n                },\n                \"PUG0x0xB\"\n              ]\n            },\n            \"WMJ724G\",\n            {\n              \"and\": [\n                \"XUxx3C\"\n              ]\n            },\n            {\n              \"or\": [\n                \"VEM*37\",\n                {\n                  \"and\": [\n                    \"IV*1*x\",\n                    \"ZNxx89\",\n                    {\n                      \"and\": [\n                        \"BYC3857\",\n                        \"DI9*19\",\n                        \"SWF200F\",\n                        \"GB7044V\"\n                      ]\n                    },\n                    {\n                      \"pattern\": \"UWK9565\",\n                      \"exclude\": [],\n                      \"info\": \"U$Gm!?\"\n                    }\n                  ]\n                },\n                \"ET00*\",\n                {\n                  \"and\": [\n                    {\n                      \"or\": [\n                        \"ZM7\"\n                      ]\n                    }\n                  ]\n                }\n              ]\n            }\n          ]\n        },\n        {\n          \"and\": [\n            {\n              \"and\": [\n                {\n                  \"pattern\": \"ENG*A\",\n                  \"exclude\": \"OS*0\",\n                  \"info\": \"W7-T{a\"\n                },\n                \"UQ5V\",\n                \"VA29\",\n                \"DYZ*1\"\n              ]\n            },\n            {\n              \"pattern\": \"IO55\",\n              \"exclude\": \"BDA3587\"\n            },\n            \"JPS4039F\"\n          ]\n        }\n      ],\n      \"satisfy\": [\n        {\n          \"and\": [\n            {\n              \"or\": [\n                {\n                  \"or\": [\n                    {\n                      \"mc\": \"<=19\"\n                    },\n                    \"pj0pdp0B\",\n                    \"m,cmM@_p@p\"\n                  ]\n                },\n                \"V#'TJ\",\n                {\n                  \"and\": [\n                    \"\",\n                    \"1cUE'\",\n                    {\n                      \"mc\": \"<=33\"\n                    },\n                    \"FL{\",\n                    {\n                      \"or\": [\n                        \"_BM]\",\n                        \"HI~\",\n                        {\n                          \"and\": []\n                        }\n                      ]\n                    }\n                  ]\n                }\n              ]\n            },\n            {\n              \"and\": [\n                \"z'0CVE~-\",\n                \"1H8R'\",\n                {\n                  \"or\": [\n                    \"@uoKj\",\n                    \"tf4'\"\n                  ]\n                },\n                \"u:!*]\"\n              ]\n            },\n            \"*4t\",\n            \"'z+\"\n          ]\n        },\n        {\n          \"and\": [\n            \"A|g}1St\",\n            {\n              \"mc\": \"<=158\"\n            },\n            {\n              \"or\": [\n                \"'>}/x?~\",\n                \"WoWT,3=6\"\n              ]\n            },\n            {\n              \"or\": [\n                {\n                  \"or\": [\n                    \"Sv~\",\n                    \"\\\\:Vq\",\n                    \"_ePxr\",\n                    \"bh6\\\"(d1\"\n                  ]\n                },\n                {\n                  \"mc\": \">=41\"\n                },\n                \";4&5@{z[z\",\n                {\n                  \"and\": []\n                }\n              ]\n            },\n            {\n              \"mc\": \">=193\"\n            }\n          ]\n        }\n      ],\n      \"url\": \"https://4g2e0dbohfw92p8-buh9u9a5bm7ncsbd.qnp.b7bc.d0s38soyae7fyhdjj8.8jyzhdxm7mklcmuhnbx58wc4t-mf5uwu4de4zjmvcppg0j47tf-v1qanyn4b.tdmtnhwn/Zs/~h(dSnfc/k/Fu:Uy/~Xba3ZZ/)-pEG)l&Df/=H/%F3%A3%91%B4(5zMZhOD/Fc/k%F2%8A%BD%A604\"\n    }\n  },\n  {\n    \"title\": \"block sample 2\",\n    \"value\": {\n      \"name\": \"sS,M&@V9\",\n      \"ay\": 1953,\n      \"satisfy\": \"d+k[n3E-H\",\n      \"url\": \"https://b1xah.7hjr3ctm3zl.c.kwno/$%F4%8F%BF%B1bKc'm%F1%B3%BE%A7/U*v/a,e/)E/%F2%B4%84%9B&b7,I/%F0%B1%A7%95=Sg2@/@n%F4%8F%BF%BDrc/\",\n      \"info\": \"{ %zm4\"\n    }\n  },\n  {\n    \"title\": \"block sample 3\",\n    \"value\": {\n      \"name\": \"!t# w- 4);\",\n      \"ay\": 1951,\n      \"assign\": \"'^d%q\",\n      \"match\": {\n        \"pattern\": \"YP*06\",\n        \"exclude\": [\n          \"WIU4\",\n          \"CV0x*xH\"\n        ],\n        \"info\": \"\\\\pQGq{)J]\"\n      },\n      \"satisfy\": [],\n      \"url\": \"http://m68c.rvunc/:m\",\n      \"info\": \" \",\n      \"@u/\": {\n        \"name\": \"-z$\",\n        \"assign\": [\n          \"E\"\n        ],\n        \"match\": [\n          \"HFE3U\",\n          {\n            \"or\": [\n              {\n                \"pattern\": \"MZF1683\",\n                \"exclude\": \"ISA*995\",\n                \"info\": \"6W}!\"\n              }\n            ]\n          }\n        ],\n        \"url\": \"http://h.hazcg\",\n        \"|a\\\";|&j \": {\n          \"assign\": [],\n          \"match\": {\n            \"pattern\": \"GU5Z\",\n            \"exclude\": \"KFZ0913\",\n            \"info\": \")V$Xu!zs<\"\n          }\n        },\n        \"|\": {\n          \"name\": \" h%\",\n          \"ay\": 2007,\n          \"assign\": \"kL_(3tZ+\",\n          \"match\": \"VCE8S\",\n          \"url\": \"http://c5a.4.9a8902w53mkaejv3eyfbkf4eu7de6718bbcfgsf.yvryzldaa/%F3%8E%82%8Fb%F2%A2%8A%9B'47Q4qw/,/I-LuM2/Cu@U~%F1%87%BE%92G/q)ec~YZ/A-eT8/kit5Z://%F2%BE%BE%B9u/7\",\n          \"info\": \")rf=D`-V\",\n          \"*\": {\n            \"name\": \"W-u sN`j{\",\n            \"ay\": 1956,\n            \"assign\": \"\\\"uX}9%-O!(\",\n            \"match\": [\n              \"DLP*xx\",\n              \"AP58\"\n            ],\n            \"satisfy\": [\n              {\n                \"or\": [\n                  {\n                    \"and\": [\n                      {\n                        \"and\": [\n                          {\n                            \"or\": [\n                              \"??\",\n                              \".;6\",\n                              \"\",\n                              {\n                                \"or\": []\n                              },\n                              \"3@MUqpe0J:\"\n                            ]\n                          },\n                          {\n                            \"mc\": \"<=153\"\n                          }\n                        ]\n                      },\n                      \"J\",\n                      {\n                        \"and\": [\n                          {\n                            \"and\": [\n                              {\n                                \"mc\": \">=149\"\n                              },\n                              \"=,m2Y6[?3\\\\\",\n                              {\n                                \"and\": [\n                                  \"\"\n                                ]\n                              },\n                              \"O\",\n                              {\n                                \"or\": []\n                              }\n                            ]\n                          },\n                          {\n                            \"and\": [\n                              \"YG@IvU6\",\n                              \"\"\n                            ]\n                          },\n                          \"o\",\n                          \"/AK\"\n                        ]\n                      },\n                      \"{\\\"\",\n                      {\n                        \"mc\": \"<=107\"\n                      }\n                    ]\n                  },\n                  \"\"\n                ]\n              },\n              {\n                \"mc\": \">=3\"\n              },\n              {\n                \"mc\": \"<=96\"\n              }\n            ],\n            \"info\": \"0%* &!3\"\n          }\n        }\n      }\n    }\n  },\n  {\n    \"title\": \"block sample 4\",\n    \"value\": {\n      \"name\": \"915T/\",\n      \"ay\": 1997,\n      \"assign\": \"xKl\",\n      \"match\": [\n        {\n          \"pattern\": \"FBT1G\",\n          \"exclude\": \"QI4*L\"\n        }\n      ],\n      \"satisfy\": {\n        \"mc\": \"<=32\"\n      },\n      \"url\": \"https://ebnbk5z9eef2rqverh-787uun5f52qqp7h1htv5p9td3x.dxd1fuodynzosf5e75q46fxmufi40y.snui/qzD/AA/rr5Kn%F0%A3%B2%87E2q/K2D-d%F1%90%A4%9A/%F2%8D%A4%B5VD+/WPe~M/cEy\",\n      \"info\": \"rI$\",\n      \"#>&Z\": {\n        \"name\": \"o\",\n        \"assign\": \"`3w&[Y~\",\n        \"match\": [\n          {\n            \"pattern\": \"PEM471\",\n            \"exclude\": \"EOD8\",\n            \"info\": \"M}y\\\"GDK$,\"\n          },\n          {\n            \"or\": [\n              {\n                \"or\": [\n                  {\n                    \"or\": [\n                      \"MB4689\",\n                      \"MFI3**C\",\n                      \"QDV*83K\"\n                    ]\n                  }\n                ]\n              }\n            ]\n          },\n          {\n            \"or\": [\n              {\n                \"or\": [\n                  \"ON65x3W\",\n                  {\n                    \"or\": [\n                      \"KE9X\",\n                      {\n                        \"and\": []\n                      }\n                    ]\n                  },\n                  \"GQ3x6R\",\n                  {\n                    \"or\": []\n                  }\n                ]\n              },\n              {\n                \"and\": [\n                  \"HCR79Z\",\n                  \"SMZ353Y\",\n                  \"VE2612F\",\n                  {\n                    \"or\": [\n                      \"QO751X\",\n                      \"WQV1783X\",\n                      \"TS8\",\n                      {\n                        \"and\": [\n                          {\n                            \"or\": [\n                              \"SZ28*V\",\n                              \"IM5\"\n                            ]\n                          },\n                          \"CP294x\",\n                          {\n                            \"or\": [\n                              \"LIP7185\",\n                              \"HC5\",\n                              \"DXx4\",\n                              \"MKUxP\"\n                            ]\n                          },\n                          {\n                            \"and\": [\n                              \"BH038N\"\n                            ]\n                          },\n                          \"TVxK\"\n                        ]\n                      },\n                      {\n                        \"or\": [\n                          {\n                            \"or\": [\n                              \"WBQ29W\",\n                              \"GOT87\",\n                              \"XU*58\",\n                              \"PLB9\"\n                            ]\n                          },\n                          \"XQ*V\"\n                        ]\n                      }\n                    ]\n                  },\n                  \"WZx78\"\n                ]\n              },\n              {\n                \"or\": [\n                  \"FW4\"\n                ]\n              },\n              {\n                \"and\": [\n                  {\n                    \"and\": [\n                      \"CVV3I\",\n                      \"ZFJ627A\"\n                    ]\n                  },\n                  {\n                    \"pattern\": \"TKC0\",\n                    \"exclude\": [\n                      \"XAL98Q\",\n                      \"HIG954M\"\n                    ],\n                    \"info\": \"v\"\n                  },\n                  {\n                    \"or\": [\n                      {\n                        \"or\": [\n                          {\n                            \"or\": [\n                              \"XK63\"\n                            ]\n                          },\n                          \"JQH5\",\n                          \"ZF74**\",\n                          \"ID6\"\n                        ]\n                      },\n                      \"QKJ60P\",\n                      \"EY1\",\n                      {\n                        \"or\": []\n                      }\n                    ]\n                  }\n                ]\n              }\n            ]\n          },\n          {\n            \"pattern\": \"FZ02\",\n            \"exclude\": \"ORxQ\",\n            \"info\": \"{!~p>Er\"\n          },\n          {\n            \"or\": [\n              \"LN39\",\n              {\n                \"pattern\": \"BX956A\",\n                \"exclude\": \"NH5\",\n                \"info\": \"WFQ%g[9TW}\"\n              }\n            ]\n          }\n        ],\n        \"satisfy\": [\n          {\n            \"and\": [\n              {\n                \"mc\": \"<=129\"\n              },\n              {\n                \"mc\": \">=12\"\n              }\n            ]\n          },\n          {\n            \"or\": [\n              \"_3n^)5G,;\",\n              {\n                \"mc\": \"<=163\"\n              }\n            ]\n          },\n          {\n            \"or\": [\n              {\n                \"or\": [\n                  {\n                    \"and\": [\n                      {\n                        \"and\": []\n                      },\n                      \"m{u>mA5y]\",\n                      {\n                        \"mc\": \"<=113\"\n                      }\n                    ]\n                  },\n                  \"977QW6/O:Q\"\n                ]\n              },\n              \"SnKQ?&*J9\",\n              {\n                \"and\": [\n                  {\n                    \"and\": []\n                  },\n                  {\n                    \"and\": [\n                      \"Vwek]KT%rl\",\n                      \"Hzl\",\n                      {\n                        \"and\": [\n                          \"jN^}\"\n                        ]\n                      }\n                    ]\n                  },\n                  {\n                    \"and\": [\n                      \"C6\",\n                      {\n                        \"or\": []\n                      },\n                      \"l<r\",\n                      {\n                        \"or\": [\n                          \"\",\n                          \"1bZ.\",\n                          \"eg\",\n                          \"X%R#@\"\n                        ]\n                      },\n                      \"RNaO3)\\\"\"\n                    ]\n                  },\n                  \"d\\\"\"\n                ]\n              },\n              \"e\"\n            ]\n          },\n          \"r\\\"i_(|QB}j\",\n          \"Ex:\"\n        ],\n        \"url\": \"https://jd649scopdx4ggcn3j1m.9.68y392psmryij8bxui71vriaqji5bnj.n.huruky1gynakelrzrhkh7s9fxvhp.rm//Zf;dz.%F1%A0%83%B1Y/u/S$H/%F2%87%89%93svL;jHvZ=/%F3%85%9C%90%F0%B0%AD%92Pc%F2%B7%A2%A8,/dQG,W3Um\",\n        \"info\": \"1\"\n      },\n      \"$&~(\": {\n        \"9\": {\n          \"name\": \"r-yKyf\",\n          \"ay\": 2023,\n          \"assign\": \"HOuK0/\",\n          \"match\": {\n            \"and\": [\n              \"YZ799B\"\n            ]\n          },\n          \"url\": \"https://zwm-6ouipbxvk9c0kcan.lu/s%E7%9A%A6//.rkp0yG/q/RgK%F3%BD%B7%AE_/F6/Fj&D~WzYfL/(nErU*%F0%A2%9E%B2/HVjc'H8\",\n          \"info\": \"NW^\"\n        },\n        \"name\": \"pa)/uc~yK'\",\n        \"ay\": 1951,\n        \"assign\": [\n          \"X`'EKmG\",\n          \"7K?*FW7\",\n          \",_\\\\\\\\:X\\\"UM\"\n        ],\n        \"match\": {\n          \"and\": [\n            \"EV4396\",\n            \"MC40L\"\n          ]\n        },\n        \"url\": \"http://8cacj7r1s3lwrlo7pjnnt0crkk4h1qomp7z7g8dyro9kn9pv-dm99aha.fzioj0ha3s0ec6o9qo2w9a60qeysm-djs00t2n1pnriqgqyo-jv.hrkfxsb24mnpr-bsnpae6a944lg8f5nrtsrsf8i.6uienn-glnagyuw740iv32g5qg1hc.jzfbximde/R)/-5oM/=%F2%AA%BE%B2F-d%F0%AF%88%ACGy1/~iDIs/4sG(zx\",\n        \"info\": \" <+T\",\n        \"!gZ~\": {\n          \"ay\": 2022,\n          \"satisfy\": [\n            {\n              \"and\": [\n                {\n                  \"mc\": \"<=36\"\n                },\n                {\n                  \"mc\": \"<=119\"\n                },\n                {\n                  \"mc\": \">=8\"\n                },\n                {\n                  \"and\": [\n                    {\n                      \"or\": [\n                        {\n                          \"and\": [\n                            \"\",\n                            \"Pys*}zPR\",\n                            {\n                              \"or\": [\n                                \"+RN$[r%,!L\"\n                              ]\n                            },\n                            {\n                              \"mc\": \">=185\"\n                            },\n                            \"23s1wBb_(*\"\n                          ]\n                        },\n                        \"FB\"\n                      ]\n                    },\n                    \"!)DU\",\n                    \"HB8T\"\n                  ]\n                }\n              ]\n            }\n          ],\n          \"url\": \"http://5.po87g0v7982dab5gasqms9xgoezdxnsmjzakdbtrut.k.tqgzmgj/%F1%96%9E%ABC$EDWK/R/loo8$n:Ay/2+8!t0mwh1/!/lc/G\"\n        },\n        \"UuT%=arI)\": {\n          \"ay\": 1970,\n          \"match\": [\n            \"DI3293G\",\n            {\n              \"and\": [\n                {\n                  \"and\": []\n                },\n                \"WDP*3E\",\n                {\n                  \"pattern\": \"SB750\",\n                  \"exclude\": [\n                    \"ZJ50N\",\n                    \"YCH094\",\n                    \"ZPYx67F\",\n                    \"UE87I\"\n                  ],\n                  \"info\": \"N|;!\"\n                },\n                \"AYHx898\"\n              ]\n            },\n            {\n              \"or\": [\n                {\n                  \"pattern\": \"PM22N\",\n                  \"exclude\": [\n                    \"RR4S\",\n                    \"GRJ1\",\n                    \"MZH6R\"\n                  ],\n                  \"info\": \"v{g~Sen'\"\n                },\n                {\n                  \"or\": [\n                    \"PY9963U\",\n                    {\n                      \"and\": [\n                        \"BWJ904\",\n                        \"OUU3D\",\n                        \"UTT86x\",\n                        {\n                          \"and\": [\n                            \"MA2\",\n                            {\n                              \"and\": [\n                                \"XYJ8x59\",\n                                \"NSO3\"\n                              ]\n                            },\n                            {\n                              \"and\": [\n                                {\n                                  \"or\": [\n                                    \"GS*7\",\n                                    \"HW034V\",\n                                    \"BDC*0\"\n                                  ]\n                                },\n                                \"AHO8158A\",\n                                \"EZI8xY\",\n                                \"PYD2063Z\"\n                              ]\n                            }\n                          ]\n                        }\n                      ]\n                    },\n                    \"GDF68x7N\",\n                    {\n                      \"and\": [\n                        \"IQ07\"\n                      ]\n                    },\n                    \"TXC2687D\"\n                  ]\n                },\n                {\n                  \"pattern\": \"SS04\",\n                  \"info\": \"T_amj\\\"q0x\"\n                },\n                \"GG04K\",\n                \"TV29D\"\n              ]\n            }\n          ],\n          \"satisfy\": \"ifTy#oZ\\\\tY\",\n          \"url\": \"https://ho3i.yqp5q86ptg6snu.vs/5h4j,%F2%BD%93%90os/Zik=%F3%88%A7%A9fq/lD%F1%98%88%98/AFQ+B,Y\",\n          \"info\": \"F_p)I\"\n        },\n        \"!N.O6Pn$n[\": {\n          \"name\": \"Bz\",\n          \"ay\": 1979,\n          \"assign\": \"$]Gp,A'(6\",\n          \"match\": {\n            \"and\": [\n              {\n                \"and\": []\n              },\n              {\n                \"or\": [\n                  {\n                    \"or\": [\n                      \"QDX09\",\n                      \"BD96D\",\n                      \"WM*\",\n                      {\n                        \"or\": [\n                          {\n                            \"or\": [\n                              \"FO*1x3\",\n                              \"CMO*7\"\n                            ]\n                          }\n                        ]\n                      },\n                      \"DB*Q\"\n                    ]\n                  }\n                ]\n              },\n              {\n                \"and\": [\n                  {\n                    \"and\": []\n                  },\n                  \"QJ030M\",\n                  {\n                    \"pattern\": \"EWT50G\",\n                    \"info\": \"OUsl\"\n                  },\n                  {\n                    \"pattern\": \"EC209A\",\n                    \"exclude\": \"CGZ9620\",\n                    \"info\": \"g[JSm>zY#Z\"\n                  }\n                ]\n              },\n              \"PS97\",\n              \"TI69\"\n            ]\n          },\n          \"satisfy\": [],\n          \"url\": \"https://5i54ax07200qzzxh7.fy/3%F1%B8%8C%B5&5hW/Pro%F1%B8%BD%91@HXeL/H%F2%9B%B3%B6uc/p-6TsF/h%F2%BB%A6%B39~9Gm&ub\",\n          \"info\": \"Trj]\"\n        },\n        \"&la\": {\n          \"name\": \"S[\",\n          \"assign\": \"^?eN)\",\n          \"match\": {\n            \"or\": [\n              {\n                \"pattern\": \"TXZx00x\",\n                \"exclude\": [\n                  \"JAFx1*3\",\n                  \"CQL9\",\n                  \"JTL1\",\n                  \"GW30\",\n                  \"QE*O\"\n                ],\n                \"info\": \"X+A:a+\\\\*>\"\n              },\n              {\n                \"or\": [\n                  \"CF479\",\n                  \"VEF2138\"\n                ]\n              }\n            ]\n          },\n          \"satisfy\": [\n            {\n              \"or\": [\n                {\n                  \"mc\": \"<=40\"\n                }\n              ]\n            },\n            {\n              \"mc\": \">=179\"\n            }\n          ],\n          \"url\": \"https://iirpw63ibvzx18x6hf7ib2an5o9zk6qx7pifpo2y3qf-6nqog6q36q.5k.y.kilebqwgz//jyTv1cA/$mw2@%F0%AF%84%BBXa/!7o%F0%9B%A1%9FhJ/_0_Y_T@**i/$%F3%84%AA%B2ZN%F2%97%B5%95k1c/d&%F0%AC%A0%BC(Kc\",\n          \"info\": \"jO&w\"\n        }\n      },\n      \"WnE-&\\\\C\": {\n        \"name\": \"+A&PK88X4\",\n        \"assign\": [],\n        \"match\": \"DA3C\",\n        \"satisfy\": {\n          \"mc\": \">=92\"\n        },\n        \"url\": \"http://jhf.faosnqeu/DXcC(%F3%B5%89%ABEW/k0lhT%F3%89%91%A3!$c(/@:c/FV_Mk//L~_8\",\n        \"info\": \"{g]q)\"\n      }\n    }\n  },\n  {\n    \"title\": \"block sample 5\",\n    \"value\": {\n      \"name\": \"6GI\",\n      \"ay\": 1964,\n      \"assign\": \"JX\",\n      \"match\": [\n        {\n          \"and\": [\n            {\n              \"or\": [\n                {\n                  \"pattern\": \"QGU16x\",\n                  \"exclude\": \"PM58F\",\n                  \"info\": \"ohoDc(_y\"\n                },\n                \"QPR*4E\",\n                \"EB6S\"\n              ]\n            }\n          ]\n        },\n        \"ZCU7x9\",\n        {\n          \"pattern\": \"ZWD40*5\",\n          \"exclude\": \"KO89S\",\n          \"info\": \"vUW?~,*,3x\"\n        }\n      ],\n      \"satisfy\": {\n        \"and\": [\n          {\n            \"mc\": \">=110\"\n          },\n          {\n            \"or\": []\n          }\n        ]\n      },\n      \"url\": \"http://8-cf56f-9t6fdedib5a8.9k9.f9c8fa.xt/an/)Prb!vZ/QW7%F3%BE%83%97T\",\n      \"info\": \"y\"\n    }\n  },\n  {\n    \"title\": \"block sample 6\",\n    \"value\": {\n      \"name\": \"-/AV\",\n      \"ay\": 1950,\n      \"match\": [\n        {\n          \"pattern\": \"EUO*1G\",\n          \"exclude\": \"AAA0M\",\n          \"info\": \"-v:f.*|.A\"\n        }\n      ],\n      \"url\": \"http://7rkrbr37quy2n6f9.debri-6akencfe72-dc4c0kcgbfltafg8-1583--m.vov/~Ud&cCKKR\",\n      \"info\": \"z|p|&@%\\\"!\",\n      \"\": {\n        \"name\": \"6r [PpHo//\",\n        \"ay\": 1962,\n        \"assign\": [\n          \"0EhgI![\"\n        ],\n        \"match\": {\n          \"and\": [\n            {\n              \"and\": [\n                \"QD5K\"\n              ]\n            }\n          ]\n        },\n        \"satisfy\": {\n          \"and\": []\n        },\n        \"\": {\n          \"ay\": 2025,\n          \"assign\": \"12\",\n          \"match\": {\n            \"and\": [\n              {\n                \"or\": [\n                  \"OWI4xF\",\n                  {\n                    \"or\": [\n                      \"KBU*598S\",\n                      \"VI81I\"\n                    ]\n                  },\n                  \"RM85\"\n                ]\n              },\n              {\n                \"and\": [\n                  {\n                    \"and\": []\n                  },\n                  {\n                    \"or\": []\n                  },\n                  \"EBJ7R\"\n                ]\n              }\n            ]\n          },\n          \"satisfy\": \"m'P_c>_mv\",\n          \"url\": \"https://ht21-q8-xo4twzj842rbv3ymbni9q-4wcp.l4xgm-yrn-2on6b06ue-ftub1od2q.jkxqdwcip89jwxt652uhscngv665jwxpl2rpl-r-8d7mj3h2f5wg7dyfcib9.qmct2dgk1if3ff9v5url3zfxz8b9eyucard-d-4ibdj4h28-06sdox70c0i.iky7a6kl3asxir9.acmrq/xR/K@of_T9C/PcS/chfq5lO%F0%A5%AC%8A/;V%F0%BD%BA%8EBIy%F4%8C%9E%85hy/,*S,,J/B4ikOwP2/r\"\n        }\n      },\n      \"8I\": {\n        \"name\": \"eLz6b@$]a\",\n        \"ay\": 2008,\n        \"assign\": [],\n        \"match\": {\n          \"pattern\": \"BW088Q\",\n          \"exclude\": [\n            \"BJ6Q\"\n          ]\n        },\n        \"satisfy\": {\n          \"mc\": \"<=36\"\n        },\n        \"url\": \"https://keupnu3kx7f.xdp88c0w4a96xa7pe5z-q4h.int/oT%F2%88%8C%AFP/(Y7*v!)y/4wuTG%F3%87%A1%8FTqK$\",\n        \"info\": \"\",\n        \"A={Z\": {\n          \"name\": \"\",\n          \"ay\": 2028,\n          \"assign\": [\n            \"\"\n          ],\n          \"match\": {\n            \"and\": [\n              {\n                \"pattern\": \"SZR919K\"\n              },\n              \"NO24I\"\n            ]\n          },\n          \"satisfy\": {\n            \"mc\": \"<=66\"\n          },\n          \"url\": \"http://2u8x1cbwxm4lut-7.31r9q0dn0tdkt4a9jub2rxh88rc1hpubtei087e5tu403sgsq9.uvh8rofi6wgrdt7-ffcpz.zsy/FZ!nh4\",\n          \"info\": \"!2\",\n          \"svfbe5\\\",\": {\n            \"name\": \"&?*U:0\",\n            \"match\": \"SMC303P\",\n            \"satisfy\": {\n              \"and\": [\n                {\n                  \"or\": [\n                    {\n                      \"or\": [\n                        \"kC\",\n                        {\n                          \"and\": [\n                            \"roo%53C5\",\n                            \"~3[\"\n                          ]\n                        }\n                      ]\n                    },\n                    \"OA3\",\n                    \"X#P\\\\\",\n                    \"}\",\n                    \"IHA 3#\"\n                  ]\n                },\n                {\n                  \"mc\": \"<=46\"\n                },\n                {\n                  \"or\": [\n                    \")>{./h\",\n                    \"2w\",\n                    {\n                      \"mc\": \">=28\"\n                    },\n                    {\n                      \"and\": [\n                        \"L:%h#f\",\n                        \" Y)\",\n                        {\n                          \"mc\": \">=184\"\n                        },\n                        \"?iiA\",\n                        \"?TV1\"\n                      ]\n                    },\n                    \"\"\n                  ]\n                },\n                {\n                  \"and\": [\n                    \"k%-li\",\n                    {\n                      \"and\": [\n                        \"W\"\n                      ]\n                    }\n                  ]\n                }\n              ]\n            },\n            \"url\": \"https://8wrlqshh9oza.0.dupciig/Cufh,&/znXh%F4%88%AC%86:f3y\",\n            \"info\": \"3HmgnsWBx\"\n          },\n          \"UD7xYpS3u3\": {\n            \"name\": \",O6\",\n            \"ay\": 1999,\n            \"assign\": \"\\\"-]$OQ'..\",\n            \"match\": [\n              {\n                \"and\": [\n                  {\n                    \"and\": [\n                      {\n                        \"or\": [\n                          \"TX42\",\n                          \"CC03\",\n                          {\n                            \"or\": [\n                              \"AHP44Q\",\n                              \"WC8L\"\n                            ]\n                          },\n                          \"ZEU439W\",\n                          \"JM1463\"\n                        ]\n                      },\n                      {\n                        \"and\": [\n                          \"HEX433R\",\n                          \"BL6U\",\n                          \"ZHW7675H\",\n                          \"HEx1\"\n                        ]\n                      },\n                      \"ZK*867H\",\n                      \"VD6*E\",\n                      \"KR3122\"\n                    ]\n                  },\n                  {\n                    \"or\": [\n                      \"SC04\",\n                      \"LL4\"\n                    ]\n                  },\n                  {\n                    \"or\": [\n                      \"UUV5x6\",\n                      {\n                        \"and\": [\n                          \"TEU90x7\",\n                          \"QN2xE\",\n                          \"YM3x\",\n                          \"CSE9H\"\n                        ]\n                      }\n                    ]\n                  },\n                  {\n                    \"pattern\": \"TOIx\",\n                    \"exclude\": [\n                      \"FYU9F\"\n                    ]\n                  },\n                  \"TW**8\"\n                ]\n              },\n              \"OZ2243\",\n              \"NF1301\"\n            ],\n            \"satisfy\": {\n              \"and\": [\n                \"\"\n              ]\n            },\n            \"url\": \"http://0.ed/C%F2%80%A3%9FgdM//%F2%BE%A2%99V-//k6hz:)4\",\n            \"info\": \"tg:m+g9\"\n          },\n          \"\": {\n            \"ay\": 2022,\n            \"assign\": [],\n            \"match\": {\n              \"and\": [\n                {\n                  \"pattern\": \"RF4\",\n                  \"exclude\": [],\n                  \"info\": \"GW47WFZJ\"\n                },\n                {\n                  \"pattern\": \"YH98x9\",\n                  \"info\": \"H:\"\n                },\n                {\n                  \"and\": [\n                    {\n                      \"pattern\": \"ISS964\",\n                      \"exclude\": [\n                        \"FRY*40C\",\n                        \"NCT3\",\n                        \"XHU9\",\n                        \"BQ088\"\n                      ],\n                      \"info\": \"sNB\"\n                    },\n                    {\n                      \"or\": [\n                        {\n                          \"pattern\": \"UM16\",\n                          \"exclude\": [\n                            \"OMx9O\",\n                            \"UF*1A\",\n                            \"NA5747I\"\n                          ],\n                          \"info\": \"{\"\n                        },\n                        \"KL12Z\",\n                        {\n                          \"or\": [\n                            \"SO02x\",\n                            \"GEx44\",\n                            \"IN51X\",\n                            \"RD7\",\n                            \"YZ72C\"\n                          ]\n                        },\n                        \"TOX903C\"\n                      ]\n                    },\n                    {\n                      \"or\": [\n                        {\n                          \"and\": [\n                            {\n                              \"and\": [\n                                \"BSV07**\",\n                                \"RNB267Y\",\n                                \"EF8\"\n                              ]\n                            },\n                            \"IXN6**7\",\n                            \"DTU254A\"\n                          ]\n                        },\n                        \"MQ5\"\n                      ]\n                    },\n                    {\n                      \"pattern\": \"WEW054\",\n                      \"exclude\": \"VB731*\"\n                    },\n                    {\n                      \"and\": [\n                        \"BC37A\",\n                        {\n                          \"or\": []\n                        },\n                        {\n                          \"or\": [\n                            {\n                              \"and\": [\n                                \"ERL*\"\n                              ]\n                            },\n                            {\n                              \"pattern\": \"IW241\",\n                              \"exclude\": \"JZX*107\",\n                              \"info\": \"\"\n                            }\n                          ]\n                        },\n                        \"FTI6\",\n                        \"LA980\"\n                      ]\n                    }\n                  ]\n                },\n                {\n                  \"or\": [\n                    {\n                      \"and\": [\n                        \"YT577J\"\n                      ]\n                    }\n                  ]\n                }\n              ]\n            },\n            \"satisfy\": [\n              \"S<v4,/] Ic\"\n            ],\n            \"url\": \"https://m0xtoruh36phtn2z7cofljx76-5lku6vktddchjxam2yuz0zf9ssgm.ti0sde7f6ovubs.8krma-v-9nyrwv0e8-2u0qzoyiyrz1bfbl3bg5wv37ana5f1iovogv.tm7vk5-4osswr8yprzyujsa1vp8fawhncz9qj5e.uo3fw7t0ko2vtt-lazd.xtopjrj/O_O-Dsf/K9=%F2%B5%9F%AALmXw/VW%EA%A2%9F4IEqAD5/wa%F3%97%93%B97j(r\"\n          },\n          \"5TM2lk\\\"R7\\\"\": {\n            \"name\": \"&U!&V`\\\"\",\n            \"ay\": 1956,\n            \"assign\": \"\",\n            \"match\": {\n              \"or\": [\n                {\n                  \"and\": []\n                },\n                {\n                  \"or\": [\n                    {\n                      \"or\": [\n                        \"UDC9*8M\",\n                        \"FWE64x2Y\",\n                        \"AJ58I\",\n                        \"NOU6205H\"\n                      ]\n                    },\n                    {\n                      \"or\": [\n                        {\n                          \"or\": [\n                            \"ZK65\",\n                            {\n                              \"and\": [\n                                \"OA95\",\n                                \"GU58V\",\n                                \"ABx4V\"\n                              ]\n                            },\n                            \"PH4*1\",\n                            \"BPU2901O\",\n                            \"HGN7D\"\n                          ]\n                        }\n                      ]\n                    },\n                    {\n                      \"or\": [\n                        {\n                          \"and\": [\n                            \"CP*579\",\n                            \"FYS78F\",\n                            {\n                              \"pattern\": \"YF54x7F\",\n                              \"exclude\": [\n                                \"MMM2E\",\n                                \"ZUT5809T\"\n                              ],\n                              \"info\": \"C6QhOO{\"\n                            },\n                            {\n                              \"pattern\": \"CNE39xK\",\n                              \"exclude\": \"GJx87*P\",\n                              \"info\": \"q\"\n                            }\n                          ]\n                        },\n                        \"QX191\"\n                      ]\n                    }\n                  ]\n                },\n                {\n                  \"pattern\": \"IAExT\",\n                  \"exclude\": [\n                    \"FKY3B\",\n                    \"AZ2046N\"\n                  ],\n                  \"info\": \"9a;E&\"\n                },\n                {\n                  \"pattern\": \"AAU4408\",\n                  \"exclude\": [\n                    \"HLM*841M\",\n                    \"BRP0\",\n                    \"XAW9*I\"\n                  ],\n                  \"info\": \"Y=c\\\"sW2gM[\"\n                }\n              ]\n            },\n            \"satisfy\": [\n              {\n                \"mc\": \"<=154\"\n              },\n              {\n                \"or\": [\n                  {\n                    \"mc\": \">=160\"\n                  }\n                ]\n              },\n              {\n                \"mc\": \"<=23\"\n              },\n              \"_\\\"0\"\n            ],\n            \"url\": \"http://ilvt79ligosb0pll7-evd5qtemxl16sqmkjl276i470kx58ye06dgn7d.gf/:8.HQn/cC_r!-+/7%F0%B3%9F%B3arHY\",\n            \"info\": \"lZllS?)=\"\n          }\n        }\n      },\n      \"QN?c\": {\n        \"name\": \"|f\",\n        \"assign\": \"E.*w{?W\",\n        \"match\": [\n          \"RC6\",\n          {\n            \"pattern\": \"BLVx0\",\n            \"exclude\": \"EIT4\",\n            \"info\": \"\"\n          },\n          {\n            \"and\": [\n              {\n                \"or\": [\n                  {\n                    \"pattern\": \"DQC87O\",\n                    \"exclude\": \"EV89A\",\n                    \"info\": \"e]Lo\"\n                  },\n                  {\n                    \"and\": [\n                      \"ZM91\"\n                    ]\n                  }\n                ]\n              }\n            ]\n          }\n        ],\n        \"satisfy\": [],\n        \"url\": \"http://9q73h0ys3w-c8-bv.0u0-shsez5cvdlo97s1ehj5fizr4188i8sioqiq019huszu.lpzkcf//q.%F2%84%80%82/\",\n        \"info\": \"X\",\n        \"!3n1.p_ka4\": {\n          \"name\": \"6gd1*a>M+\",\n          \"assign\": [\n            \"\",\n            \"_KNA0;\",\n            \"\\\\Hu7\"\n          ],\n          \"match\": {\n            \"pattern\": \"RB96\",\n            \"info\": \"2rk>P&\"\n          },\n          \"satisfy\": \"\\\" 3z:r&e#\",\n          \"url\": \"https://85fl5ztq5zggiim95f48mqnv18thy2m5j86.kh/ZQsG+X/-iH4ZG%F2%87%91%9F)+/n//aXfFjGzR/U2DVCz1i;5\",\n          \"info\": \"C<Sv4x<N\"\n        },\n        \"KHn#Q_vg\": {\n          \"name\": \"\",\n          \"ay\": 1954,\n          \"assign\": [\n            \"c&e\"\n          ],\n          \"match\": [\n            {\n              \"and\": [\n                {\n                  \"or\": [\n                    {\n                      \"or\": [\n                        {\n                          \"pattern\": \"SID962\",\n                          \"exclude\": [],\n                          \"info\": \"@?uZSgr;=W\"\n                        },\n                        \"TBx*49\",\n                        \"OH71\",\n                        {\n                          \"and\": []\n                        },\n                        \"MI60\"\n                      ]\n                    },\n                    \"YOZ526K\",\n                    {\n                      \"pattern\": \"NLA979\",\n                      \"exclude\": [\n                        \"IGNx*\",\n                        \"HF3730\",\n                        \"ME108M\",\n                        \"TT902*Z\"\n                      ]\n                    }\n                  ]\n                },\n                {\n                  \"pattern\": \"AE10*9\",\n                  \"exclude\": [\n                    \"RG7\",\n                    \"GMI*10\",\n                    \"GJJx99\"\n                  ],\n                  \"info\": \"k?\\\"~UIPW\"\n                }\n              ]\n            },\n            {\n              \"pattern\": \"IN5L\",\n              \"exclude\": [\n                \"TBC8U\"\n              ],\n              \"info\": \"0rN)xF.-\"\n            }\n          ],\n          \"url\": \"http://i4jnj569pona0j9vul15osmik0uy5vf.uhjlp-2whb38gflx2c6pdwc8xtjopt66ltbc6xxnz5k8.rle.fy9-0m1sv9y4eud1la81yazxo.wxgg805eoh-2h-uy6hpyn7eprey5j7gx.afnelgaef/m:XDbQJ-/mi~yznQ8/wd91;o2bP/&i-OOlT\",\n          \"info\": \"^Co~\\\\n`mDY\"\n        },\n        \"g-f)V4PkU\": {\n          \"name\": \"N6j8w)c=\",\n          \"assign\": \"C^,,)\",\n          \"url\": \"http://q14pl31tsebj2m9yj6juc3jbw8z02ckb9muarphl.tr53gfhulnq3s2zfm8s-d93d67zso77i0mqyflvx3w3o4l5g.6i7wisxnck-bmv38ttu2pgpwp9w8yo1zm4u72gsepr2qg4jplh8l0.sj/i%F3%8D%9C%82a:VW/z-/VfOl2m%F3%B8%B3%A2Np%F1%BD%AE%A6/8KMT/%F1%9C%AB%8FBFBu:L_/+f(DztLQ%F0%B9%A7%BE/4%F0%BF%80%A7=v'/ZlpsQw~%F0%9C%92%A0/A*0muT%F0%AF%AD%A6\",\n          \"info\": \"gtrJro/\"\n        },\n        \"b?m2\": {\n          \"name\": \")\",\n          \"ay\": 1954,\n          \"assign\": \"\\\"R)\",\n          \"satisfy\": {\n            \"and\": [\n              {\n                \"and\": [\n                  {\n                    \"or\": [\n                      \"ysbZufRM)_\",\n                      {\n                        \"and\": [\n                          \"9'UlW4yK\",\n                          \"ln+3[B\",\n                          {\n                            \"or\": [\n                              \"\",\n                              {\n                                \"or\": [\n                                  \"{\",\n                                  \":\",\n                                  \"hFMiZSSNd\",\n                                  \"va2,f\",\n                                  \"1h,A\"\n                                ]\n                              },\n                              \"P&-n2R6\"\n                            ]\n                          },\n                          \"\",\n                          \"[oS<G\"\n                        ]\n                      },\n                      \"Mw\",\n                      \"\\\\)t<xX\",\n                      \"[\"\n                    ]\n                  },\n                  \"\",\n                  \"i{vQ\"\n                ]\n              },\n              {\n                \"or\": [\n                  \"~V&4yC\",\n                  {\n                    \"and\": [\n                      {\n                        \"and\": [\n                          \"_lfv{:\",\n                          \"cTN\",\n                          {\n                            \"and\": [\n                              \"kZ\",\n                              \"Cy1nhQ0U\\\\\",\n                              \"9/N<px\"\n                            ]\n                          }\n                        ]\n                      },\n                      \"u_\\\\\",\n                      \"dH^Y(#u\",\n                      \"\",\n                      \"E9A\"\n                    ]\n                  }\n                ]\n              },\n              {\n                \"or\": [\n                  {\n                    \"and\": [\n                      \"}\",\n                      {\n                        \"or\": []\n                      },\n                      \"N{FJ\",\n                      \">zTv1hV\"\n                    ]\n                  },\n                  \"W\"\n                ]\n              },\n              {\n                \"and\": [\n                  {\n                    \"and\": [\n                      {\n                        \"mc\": \">=67\"\n                      }\n                    ]\n                  }\n                ]\n              },\n              {\n                \"or\": [\n                  \"@&ha%n\",\n                  {\n                    \"mc\": \"<=186\"\n                  },\n                  {\n                    \"mc\": \"<=147\"\n                  },\n                  \"XH:]J^1C\",\n                  {\n                    \"or\": [\n                      {\n                        \"and\": [\n                          \"A\\\\'\"\n                        ]\n                      }\n                    ]\n                  }\n                ]\n              }\n            ]\n          },\n          \"url\": \"https://3xru8ecd91865vh43uzb.b323ym5dnitggkwnbk2.r.8a0usq88stq-2-1o.pzi/t1L.//ka8k_%F1%8F%AA%8EO&%F1%8A%9A%9AU/%F1%BC%9E%82p%F3%87%87%A69/%F1%8E%A2%8C'z$;A7:b\",\n          \"info\": \"PX\"\n        },\n        \";oa>Dv\": {\n          \"ay\": 2030,\n          \"assign\": \"Q\",\n          \"match\": {\n            \"and\": [\n              {\n                \"pattern\": \"VH0P\",\n                \"exclude\": \"HEY21\",\n                \"info\": \"'\"\n              },\n              \"QXN43M\"\n            ]\n          },\n          \"satisfy\": [\n            {\n              \"or\": [\n                {\n                  \"and\": []\n                },\n                \"\",\n                {\n                  \"and\": []\n                },\n                {\n                  \"mc\": \">=178\"\n                }\n              ]\n            },\n            {\n              \"and\": [\n                {\n                  \"or\": [\n                    {\n                      \"and\": [\n                        {\n                          \"and\": [\n                            \"p\",\n                            \"Z'  M_\",\n                            \"xU:\"\n                          ]\n                        },\n                        {\n                          \"or\": [\n                            {\n                              \"mc\": \"<=65\"\n                            },\n                            \"~M~n\",\n                            \"al*R3\",\n                            \"peqQv_m{\"\n                          ]\n                        },\n                        \"v{3rfwvY:\",\n                        \"C\"\n                      ]\n                    },\n                    {\n                      \"or\": [\n                        \"\"\n                      ]\n                    },\n                    \";X\",\n                    {\n                      \"and\": [\n                        \"4\"\n                      ]\n                    },\n                    \"*}`(N*3B\"\n                  ]\n                }\n              ]\n            }\n          ],\n          \"url\": \"https://5.kc/691miFw%F2%B1%91%B5YM/3Vplm%F1%89%A4%BF).%F3%85%98%9BO/i;x/DM%F0%BB%AC%B6f.FU/u%F2%95%9D%81/fd/P/Z1%F1%9C%A5%92/9%F3%A5%8B%A1&YF$/_kTzX\",\n          \"info\": \")WE*<TWb32\"\n        }\n      }\n    }\n  },\n  {\n    \"title\": \"block sample 7\",\n    \"value\": {\n      \"name\": \"rZG:%o\",\n      \"ay\": 1953,\n      \"match\": \"PMV*1\",\n      \"satisfy\": [\n        {\n          \"and\": []\n        },\n        {\n          \"and\": [\n            {\n              \"and\": [\n                {\n                  \"or\": [\n                    {\n                      \"or\": [\n                        {\n                          \"and\": []\n                        }\n                      ]\n                    }\n                  ]\n                },\n                {\n                  \"mc\": \">=177\"\n                },\n                {\n                  \"and\": [\n                    {\n                      \"and\": [\n                        \"<\"\n                      ]\n                    },\n                    \"?C.cS/^ \",\n                    \"@XCxj$^xy \",\n                    \"\",\n                    {\n                      \"and\": [\n                        \"'Mar$\",\n                        \";N8~i\"\n                      ]\n                    }\n                  ]\n                }\n              ]\n            },\n            {\n              \"mc\": \"<=40\"\n            },\n            \"u=K\",\n            {\n              \"and\": [\n                {\n                  \"mc\": \"<=198\"\n                },\n                \"g\\\"l!\"\n              ]\n            },\n            \"f*\"\n          ]\n        },\n        {\n          \"and\": [\n            \"#c@M]`+D\\\\\",\n            {\n              \"mc\": \"<=118\"\n            }\n          ]\n        },\n        {\n          \"mc\": \"<=156\"\n        },\n        {\n          \"mc\": \">=1\"\n        }\n      ],\n      \"url\": \"https://4agxzcabnrgwgvigyix2fvqt60yzl8tkwdl2e6nlk5grwypm-a1sx.rfrajh/ggp/,/b3d=\",\n      \"info\": \"]'VFJ|f\"\n    }\n  },\n  {\n    \"title\": \"block sample 8\",\n    \"value\": {\n      \"name\": \"\",\n      \"assign\": [\n        \"6.Aex{nG\"\n      ],\n      \"match\": [\n        \"NVC*8X\",\n        {\n          \"pattern\": \"HL34\",\n          \"exclude\": \"KMWxx\"\n        }\n      ],\n      \"satisfy\": {\n        \"mc\": \">=6\"\n      },\n      \"info\": \"1s $yzKAi\"\n    }\n  },\n  {\n    \"title\": \"block sample 9\",\n    \"value\": {\n      \"name\": \"5p^z@dBm\",\n      \"ay\": 2002,\n      \"assign\": [\n        \"Ar\",\n        \"HR*d\"\n      ],\n      \"match\": {\n        \"or\": [\n          {\n            \"and\": []\n          },\n          {\n            \"and\": [\n              \"NKV7670G\",\n              {\n                \"or\": []\n              }\n            ]\n          }\n        ]\n      },\n      \"satisfy\": {\n        \"and\": []\n      },\n      \"url\": \"http://0nqsbgi-m5tnjgsp9cfd9gkl3ye-y1-2qkqngtgnscrbnyn.q.f1m33kuykr123.8ctkn1.xpjrxssrm/;HM@lwwo3j/6IH%F2%9E%86%A0)YM2oG/%F0%A0%97%8D-/%F3%88%A0%B1YORBIo,4/C/\",\n      \"info\": \"\",\n      \"{p\": {\n        \"ay\": 2026,\n        \"assign\": \"\",\n        \"match\": [\n          \"HNU0x\",\n          \"PMU*8\",\n          {\n            \"pattern\": \"IB80x3\",\n            \"exclude\": \"TEx062M\",\n            \"info\": \"=]I-skv>~W\"\n          },\n          {\n            \"or\": [\n              \"CUY118C\",\n              {\n                \"pattern\": \"ERKx\",\n                \"exclude\": [\n                  \"RTP2x\",\n                  \"TT56\",\n                  \"DN7069M\"\n                ],\n                \"info\": \"'V\\\\hH\"\n              },\n              {\n                \"pattern\": \"FFN62xD\",\n                \"exclude\": [\n                  \"FFT32\",\n                  \"MXA4x\",\n                  \"QTO35Y\",\n                  \"YC*9\"\n                ],\n                \"info\": \"U#\"\n              },\n              {\n                \"and\": [\n                  \"QJQ7E\",\n                  {\n                    \"pattern\": \"DU30\",\n                    \"exclude\": [\n                      \"HC9047\",\n                      \"NVF77\"\n                    ],\n                    \"info\": \"R5l\"\n                  },\n                  \"TBE*9\",\n                  \"EIO5X\"\n                ]\n              }\n            ]\n          }\n        ],\n        \"satisfy\": {\n          \"mc\": \">=133\"\n        },\n        \"info\": \"_LXEJ\"\n      },\n      \"P\": {\n        \"name\": \"hTUg>\",\n        \"ay\": 1964,\n        \"assign\": \"98nDZpKN\",\n        \"match\": {\n          \"and\": [\n            \"QZ93*1\",\n            {\n              \"and\": [\n                \"NVC8\",\n                {\n                  \"or\": [\n                    {\n                      \"or\": [\n                        \"FJN0744\",\n                        \"QQM88\",\n                        \"YD5\",\n                        \"BCx\"\n                      ]\n                    },\n                    \"CN43\"\n                  ]\n                },\n                {\n                  \"pattern\": \"TP6H\",\n                  \"exclude\": [\n                    \"GK2817U\",\n                    \"QA470\",\n                    \"KNI14\",\n                    \"GY0K\",\n                    \"COx\"\n                  ],\n                  \"info\": \"6ijA,h%kDN\"\n                },\n                \"FQA92xR\",\n                \"ZGR044Q\"\n              ]\n            },\n            {\n              \"and\": [\n                {\n                  \"pattern\": \"OV45x4\",\n                  \"exclude\": \"AFx514\",\n                  \"info\": \"\"\n                },\n                {\n                  \"or\": [\n                    \"OU8664\"\n                  ]\n                },\n                {\n                  \"or\": [\n                    \"UG304\"\n                  ]\n                }\n              ]\n            }\n          ]\n        },\n        \"url\": \"https://uzuuxrw9dsheql28akk9kir0vtgctymodmtgqagtv.w5h9v67h1w-czpyv5j9qjnofe9d3kt5llrdrcrbv7.qpmka5j4e5bl2nqd.mhqzp5wv2b9bkb4ml6slp-jcq04trc.esfxlttkh/x9V:ud/D%F3%B5%8D%878Rm8kF/%F1%A5%8B%81y(/c!%F0%A4%87%BDeuU4-Ks\",\n        \"info\": \"JQ`=j\",\n        \"%Wt)t.S\": {\n          \"name\": \"cvFmyNT?gV\",\n          \"ay\": 2002,\n          \"match\": [],\n          \"satisfy\": [\n            {\n              \"or\": [\n                {\n                  \"mc\": \">=123\"\n                },\n                {\n                  \"and\": [\n                    {\n                      \"mc\": \"<=160\"\n                    },\n                    {\n                      \"and\": [\n                        \"ioa&F?@\",\n                        \"45VkD\"\n                      ]\n                    },\n                    \"K*t;\\\"9\\\\,og\",\n                    {\n                      \"mc\": \"<=158\"\n                    }\n                  ]\n                },\n                {\n                  \"and\": [\n                    \"<Ekc\"\n                  ]\n                }\n              ]\n            }\n          ],\n          \"url\": \"http://9mwlv8oo2goqbsg4tigu.oi8.inr/xn%F3%95%9E%A4Sx,@JF/wD,N5rP6K/3Qm-!v~u/9_ILHp/.yj/zI)qdVd$/i/c/rfTG3WWn/DS+\",\n          \"info\": \"qzJD\"\n        }\n      }\n    }\n  }\n]",
              "code": "fast_check_1.sample(index_test_2.block, 10).forEach((sample, i) => addContext_1.default(this, {\n    title: `block sample ${i}`,\n    value: sample,\n}));\nreturn fast_check_1.assert(fast_check_1.property(index_test_2.block, ajvValidate));",
              "err": {},
              "uuid": "4cf5f286-3f0c-4624-9fd2-16129c395383",
              "parentUUID": "bb0bc83f-48c8-4614-9a22-a2d74a4b2e9a",
              "isHook": false,
              "skipped": false
            },
            {
              "title": "should not validate non-object",
              "fullTitle": "blockSchema should not validate non-object",
              "timedOut": false,
              "duration": 1,
              "state": "passed",
              "speed": "fast",
              "pass": true,
              "fail": false,
              "pending": false,
              "context": null,
              "code": "const error = {\n    instancePath: \"\",\n    message: \"block should be an object\",\n};\nisInvalidBlock(null, error);\nisInvalidBlock(undefined, error);\nisInvalidBlock(10, error);\nisInvalidBlock([12, 24], error);\nisInvalidBlock(\"abc\", error);",
              "err": {},
              "uuid": "9fe01881-983f-4c49-b4f5-29ae4e031c4f",
              "parentUUID": "bb0bc83f-48c8-4614-9a22-a2d74a4b2e9a",
              "isHook": false,
              "skipped": false
            },
            {
              "title": "should not validate block with invalid properties",
              "fullTitle": "blockSchema should not validate block with invalid properties",
              "timedOut": false,
              "duration": 1,
              "state": "passed",
              "speed": "fast",
              "pass": true,
              "fail": false,
              "pending": false,
              "context": null,
              "code": "isInvalidBlock({\n        name: { foo: \"bar\" },\n        ay: -1000,\n        assign: {},\n        match: 1,\n        satisfy: 2,\n        url: { abc: \"def\" },\n        info: 42,\n    }, { instancePath: \"/name\", message: \"property 'name' should be a string\" }, {\n        instancePath: \"/ay\",\n        message: \"property 'ay' should be a positive integer\",\n    }, {\n        instancePath: \"/assign\",\n        message: \"property 'assign' should be either a block ID or an array of block IDs\",\n    }, {\n        instancePath: \"/match\",\n        message: \"property 'match' should be either a match rule or an array of match rules\",\n    }, {\n        instancePath: \"/satisfy\",\n        message: \"property 'satisfy' should be either a satisfy rule or an array of satisfy rules\",\n    }, { instancePath: \"/url\", message: \"property 'url' should be a string\" }, { instancePath: \"/info\", message: \"property 'info' should be a string\" })",
              "err": {},
              "uuid": "422c0483-f369-42da-8ce0-45e9178a4c48",
              "parentUUID": "bb0bc83f-48c8-4614-9a22-a2d74a4b2e9a",
              "isHook": false,
              "skipped": false
            }
          ],
          "suites": [],
          "passes": [
            "4cf5f286-3f0c-4624-9fd2-16129c395383",
            "9fe01881-983f-4c49-b4f5-29ae4e031c4f",
[...]
              "pending": false,
              "context": null,
              "code": "const satisfier = satisfiers_1.inequalitySatisfier(ref, \"<=16\");\nsatisfier.should.have.property(\"filter\");\nconst { filter } = satisfier;\nisCorrectFilter(filter, modulesList1, [\n    \"CS2100\",\n    \"GER1000\",\n    \"CS2040S\",\n    \"ST2131\",\n]);",
              "err": {},
              "uuid": "dd0bc420-2894-4a4a-88fc-b3b942c65f65",
              "parentUUID": "424a9fd4-2c9b-4b57-9f23-a81e54e755cb",
              "isHook": false,
              "skipped": false
            },
            {
              "title": "should truncate list of modules with upper bound of MCs, cutting off at the minimum starting sequence that exceeds upper bound, if total MC count is higher and there exists no starting sequence with exact MC count",
              "fullTitle": "inequalitySatisfier should truncate list of modules with upper bound of MCs, cutting off at the minimum starting sequence that exceeds upper bound, if total MC count is higher and there exists no starting sequence with exact MC count",
              "timedOut": false,
              "duration": 0,
              "state": "passed",
              "speed": "fast",
              "pass": true,
              "fail": false,
              "pending": false,
              "context": null,
              "code": "const satisfier = satisfiers_1.inequalitySatisfier(ref, \"<=17\");\nsatisfier.should.have.property(\"filter\");\nconst { filter } = satisfier;\nisCorrectFilter(filter, modulesList1, [\n    \"CS2100\",\n    \"GER1000\",\n    \"CS2040S\",\n    \"ST2131\",\n    \"MA1521\",\n]);",
              "err": {},
              "uuid": "2885f6dc-1ad5-4500-91df-f8d0b69511d3",
              "parentUUID": "424a9fd4-2c9b-4b57-9f23-a81e54e755cb",
              "isHook": false,
              "skipped": false
            }
          ],
          "suites": [],
          "passes": [
            "0addd69b-2094-42d0-9184-f831b91cf656",
            "c6631418-2367-45ee-8b68-730930ad3ad4",
            "8f56beb3-b432-414a-8c5b-d0074fe779da",
            "4bd2612e-87d9-4b29-b702-09cfe66e1e4e",
            "ac3ab11b-4b58-492f-b9ef-0ed6e61c5993",
            "dd0bc420-2894-4a4a-88fc-b3b942c65f65",
            "2885f6dc-1ad5-4500-91df-f8d0b69511d3"
          ],
          "failures": [],
          "pending": [],
          "skipped": [],
          "duration": 2,
          "root": false,
          "rootEmpty": false,
          "_timeout": 2000
        },
        {
          "uuid": "e56a4085-66b9-4f54-8c40-86d4c39d6f91",
          "title": "inequalitySchema",
          "fullFile": "/home/runner/work/planwithus-lib/planwithus-lib/src/satisfyRule/inequality/schemas.test.ts",
          "file": "/src/satisfyRule/inequality/schemas.test.ts",
          "beforeHooks": [],
          "afterHooks": [],
          "tests": [
            {
              "title": "should validate inequality in the form <=n or >=n",
              "fullTitle": "inequalitySchema should validate inequality in the form <=n or >=n",
              "timedOut": false,
              "duration": 1,
              "state": "passed",
              "speed": "fast",
              "pass": true,
              "fail": false,
              "pending": false,
              "context": "[\n  {\n    \"title\": \"inequality sample 0\",\n    \"value\": \"<=131\"\n  },\n  {\n    \"title\": \"inequality sample 1\",\n    \"value\": \"<=7\"\n  },\n  {\n    \"title\": \"inequality sample 2\",\n    \"value\": \">=200\"\n  },\n  {\n    \"title\": \"inequality sample 3\",\n    \"value\": \">=193\"\n  },\n  {\n    \"title\": \"inequality sample 4\",\n    \"value\": \"<=177\"\n  },\n  {\n    \"title\": \"inequality sample 5\",\n    \"value\": \">=103\"\n  },\n  {\n    \"title\": \"inequality sample 6\",\n    \"value\": \"<=147\"\n  },\n  {\n    \"title\": \"inequality sample 7\",\n    \"value\": \"<=197\"\n  },\n  {\n    \"title\": \"inequality sample 8\",\n    \"value\": \"<=177\"\n  },\n  {\n    \"title\": \"inequality sample 9\",\n    \"value\": \">=121\"\n  }\n]",
              "code": "fast_check_1.sample(index_test_2.inequality, 10).forEach((sample, i) => addContext_1.default(this, {\n    title: `inequality sample ${i}`,\n    value: sample,\n}));\nreturn fast_check_1.assert(fast_check_1.property(index_test_2.inequality, ajvValidate));",
              "err": {},
              "uuid": "194829aa-8d59-4e50-bbae-f4b83056a1d8",
              "parentUUID": "e56a4085-66b9-4f54-8c40-86d4c39d6f91",
              "isHook": false,
              "skipped": false
            },
            {
              "title": "should not validate inequality of invalid form",
              "fullTitle": "inequalitySchema should not validate inequality of invalid form",
              "timedOut": false,
              "duration": 1,
              "state": "passed",
              "speed": "fast",
              "pass": true,
              "fail": false,
              "pending": false,
              "context": null,
              "code": "[\n        \"\",\n        \"==23\",\n        \"23\",\n        \"<23\",\n        \">23\",\n        \"<=-1\",\n        \">=-1\",\n        \"<= 2\",\n        \">= 1\",\n        \"> 3\",\n        \"< 3\",\n        \"<=3a\",\n        \">=3a\",\n        \"a<=3\",\n        \"a>=3\",\n    ].forEach(isInvalidInequality)",
              "err": {},
              "uuid": "f498acab-3739-4772-8c10-1e7958fffbd1",
              "parentUUID": "e56a4085-66b9-4f54-8c40-86d4c39d6f91",
              "isHook": false,
              "skipped": false
            }
          ],
          "suites": [],
          "passes": [
            "194829aa-8d59-4e50-bbae-f4b83056a1d8",
            "f498acab-3739-4772-8c10-1e7958fffbd1"
          ],
          "failures": [],
          "pending": [],
          "skipped": [],
          "duration": 2,
          "root": false,
          "rootEmpty": false,
          "_timeout": 2000
        },
        {
          "uuid": "9ff54e8a-c33c-48c4-813a-bb3c5e625003",
          "title": "satisfyRuleSchema",
          "fullFile": "/home/runner/work/planwithus-lib/planwithus-lib/src/satisfyRule/schemas.test.ts",
          "file": "/src/satisfyRule/schemas.test.ts",
          "beforeHooks": [],
          "afterHooks": [],
          "tests": [
            {
              "title": "should validate satisfy rule with valid block id",
              "fullTitle": "satisfyRuleSchema should validate satisfy rule with valid block id",
              "timedOut": false,
              "duration": 1,
              "state": "passed",
              "speed": "fast",
              "pass": true,
              "fail": false,
              "pending": false,
              "context": null,
              "code": "fast_check_1.assert(fast_check_1.property(fast_check_1.string(), ajvValidate)",
              "err": {},
              "uuid": "6dc9632e-2a3a-4a90-8a1f-6971986a0cf0",
              "parentUUID": "9ff54e8a-c33c-48c4-813a-bb3c5e625003",
              "isHook": false,
              "skipped": false
            },
            {
              "title": "should validate satisfy rules with valid mc",
              "fullTitle": "satisfyRuleSchema should validate satisfy rules with valid mc",
              "timedOut": false,
              "duration": 1,
              "state": "passed",
              "speed": "fast",
              "pass": true,
              "fail": false,
              "pending": false,
              "context": "[\n  {\n    \"title\": \"mcSatisfyRule sample 0\",\n    \"value\": {\n      \"mc\": \"<=87\"\n    }\n  },\n  {\n    \"title\": \"mcSatisfyRule sample 1\",\n    \"value\": {\n      \"mc\": \"<=6\"\n    }\n  },\n  {\n    \"title\": \"mcSatisfyRule sample 2\",\n    \"value\": {\n      \"mc\": \"<=1\"\n    }\n  },\n  {\n    \"title\": \"mcSatisfyRule sample 3\",\n    \"value\": {\n      \"mc\": \"<=8\"\n    }\n  },\n  {\n    \"title\": \"mcSatisfyRule sample 4\",\n    \"value\": {\n      \"mc\": \">=3\"\n    }\n  },\n  {\n    \"title\": \"mcSatisfyRule sample 5\",\n    \"value\": {\n      \"mc\": \">=148\"\n    }\n  },\n  {\n    \"title\": \"mcSatisfyRule sample 6\",\n    \"value\": {\n      \"mc\": \"<=192\"\n    }\n  },\n  {\n    \"title\": \"mcSatisfyRule sample 7\",\n    \"value\": {\n      \"mc\": \"<=98\"\n    }\n  },\n  {\n    \"title\": \"mcSatisfyRule sample 8\",\n    \"value\": {\n      \"mc\": \">=1\"\n    }\n  },\n  {\n    \"title\": \"mcSatisfyRule sample 9\",\n    \"value\": {\n      \"mc\": \"<=6\"\n    }\n  }\n]",
              "code": "fast_check_1.sample(index_test_2.mcSatisfyRule, 10).forEach((sample, i) => addContext_1.default(this, {\n    title: `mcSatisfyRule sample ${i}`,\n    value: sample,\n}));\nreturn fast_check_1.assert(fast_check_1.property(index_test_2.mcSatisfyRule, ajvValidate));",
              "err": {},
              "uuid": "91518ee0-c290-48d3-b790-c4856460ce51",
              "parentUUID": "9ff54e8a-c33c-48c4-813a-bb3c5e625003",
              "isHook": false,
              "skipped": false
            },
            {
              "title": "should validate valid recursive satisfy rules",
              "fullTitle": "satisfyRuleSchema should validate valid recursive satisfy rules",
              "timedOut": false,
              "duration": 4,
              "state": "passed",
              "speed": "fast",
              "pass": true,
              "fail": false,
              "pending": false,
              "context": "[\n  {\n    \"title\": \"satisfyRule sample 0\",\n    \"value\": {\n      \"mc\": \">=14\"\n    }\n  },\n  {\n    \"title\": \"satisfyRule sample 1\",\n    \"value\": {\n      \"or\": [\n        {\n          \"and\": [\n            {\n              \"mc\": \">=119\"\n            },\n            {\n              \"and\": [\n                \"0[{y22X\",\n                \"9Etc@\\\"\"\n              ]\n            },\n            \"\"\n          ]\n        },\n        \"%L~\",\n        \"f#%\",\n        {\n          \"mc\": \"<=89\"\n        },\n        {\n          \"and\": [\n            {\n              \"and\": [\n                {\n                  \"mc\": \">=54\"\n                }\n              ]\n            },\n            {\n              \"and\": [\n                \"\"\n              ]\n            }\n          ]\n        }\n      ]\n    }\n  },\n  {\n    \"title\": \"satisfyRule sample 2\",\n    \"value\": {\n      \"and\": [\n        {\n          \"and\": [\n            {\n              \"mc\": \"<=67\"\n            },\n            \"F.0&OepY\",\n            {\n              \"or\": [\n                \"M\",\n                {\n                  \"and\": [\n                    \"aXZ\",\n                    \")fz]0`vqe4\",\n                    {\n                      \"or\": [\n                        \"k\"\n                      ]\n                    },\n                    {\n                      \"or\": [\n                        {\n                          \"and\": [\n                            \"NW!q+`(\",\n                            \"\",\n                            \"$M`\",\n                            \"\"\n                          ]\n                        }\n                      ]\n                    }\n                  ]\n                },\n                \"uCSQX-)$?N\",\n                \"^`!-![t/9F\",\n                {\n                  \"mc\": \">=107\"\n                }\n              ]\n            }\n          ]\n        },\n        {\n          \"and\": [\n            \"rySAr\"\n          ]\n        },\n        \"5b,\",\n        \"EV;-\"\n      ]\n    }\n  },\n  {\n    \"title\": \"satisfyRule sample 3\",\n    \"value\": \"\"\n  },\n  {\n    \"title\": \"satisfyRule sample 4\",\n    \"value\": \"p\\\" \"\n  },\n  {\n    \"title\": \"satisfyRule sample 5\",\n    \"value\": {\n      \"mc\": \">=199\"\n    }\n  },\n  {\n    \"title\": \"satisfyRule sample 6\",\n    \"value\": \"gD@\"\n  },\n  {\n    \"title\": \"satisfyRule sample 7\",\n    \"value\": {\n      \"mc\": \">=31\"\n    }\n  },\n  {\n    \"title\": \"satisfyRule sample 8\",\n    \"value\": {\n      \"and\": [\n        {\n          \"or\": [\n            \"'^L62>ywmN\",\n            \"i34c%;\\\"Or\"\n          ]\n        },\n        {\n          \"and\": []\n        },\n        {\n          \"or\": [\n            {\n              \"mc\": \">=197\"\n            },\n            {\n              \"or\": [\n                \"e;hP\\\")\",\n                \"G.&MY\",\n                \"(\\\\\",\n                \"X6^>G?\"\n              ]\n            },\n            {\n              \"or\": [\n                {\n                  \"mc\": \"<=197\"\n                },\n                \"tf/A$(\\\\0au\",\n                \"2@fLvpT\"\n              ]\n            },\n            \"I>gqLGcvY\"\n          ]\n        },\n        {\n          \"and\": [\n            {\n              \"mc\": \"<=5\"\n            },\n            {\n              \"and\": [\n                \"t\"\n              ]\n            }\n          ]\n        }\n      ]\n    }\n  },\n  {\n    \"title\": \"satisfyRule sample 9\",\n    \"value\": \"H+TkNdMt\"\n  }\n]",
              "code": "fast_check_1.sample(index_test_2.satisfyRule, 10).forEach((sample, i) => addContext_1.default(this, {\n    title: `satisfyRule sample ${i}`,\n    value: sample,\n}));\nreturn fast_check_1.assert(fast_check_1.property(index_test_2.satisfyRule, ajvValidate));",
              "err": {},
              "uuid": "e4d5124e-5428-46fc-a851-fe3c577497ed",
              "parentUUID": "9ff54e8a-c33c-48c4-813a-bb3c5e625003",
              "isHook": false,
              "skipped": false
            },
            {
              "title": "should not validate non-string/object",
              "fullTitle": "satisfyRuleSchema should not validate non-string/object",
              "timedOut": false,
              "duration": 1,
              "state": "passed",
              "speed": "fast",
              "pass": true,
              "fail": false,
              "pending": false,
              "context": null,
              "code": "const error = {\n    instancePath: \"\",\n    message: \"satisfy rule should be either a string or an object\",\n};\nisInvalidRule(null, error);\nisInvalidRule(undefined, error);\nisInvalidRule(10, error);\nisInvalidRule([12, 24], error);",
              "err": {},
              "uuid": "9d8fad31-9af6-405b-9f81-86d5925cd863",
              "parentUUID": "9ff54e8a-c33c-48c4-813a-bb3c5e625003",
              "isHook": false,
              "skipped": false
            },
            {
              "title": "should not validate satisfy rules with extra properties",
              "fullTitle": "satisfyRuleSchema should not validate satisfy rules with extra properties",
              "timedOut": false,
              "duration": 0,
              "state": "passed",
              "speed": "fast",
              "pass": true,
              "fail": false,
              "pending": false,
              "context": null,
              "code": "isInvalidRule({\n        and: [\n            { or: [\"2k\"], abc: \"def\" },\n            { mc: 8, ghi: \"jkl\" },\n        ],\n        mno: \"pqr\",\n    }, {\n        instancePath: \"/and/0\",\n        message: \"or satisfy rule should have property 'or' only\",\n    }, {\n        instancePath: \"/and/1\",\n        message: \"MC satisfy rule should have property 'mc' only\",\n    }, {\n        instancePath: \"\",\n        message: \"and satisfy rule should have property 'and' only\",\n    })",
              "err": {},
              "uuid": "e8dfbe32-666e-44fd-8820-9031262a5670",
              "parentUUID": "9ff54e8a-c33c-48c4-813a-bb3c5e625003",
              "isHook": false,
              "skipped": false
            },
            {
              "title": "should not validate ambiguous satisfy rules",
              "fullTitle": "satisfyRuleSchema should not validate ambiguous satisfy rules",
              "timedOut": false,
              "duration": 0,
              "state": "passed",
              "speed": "fast",
              "pass": true,
              "fail": false,
              "pending": false,
              "context": null,
              "code": "const message = \"satisfy rule should have only one of properties 'mc', 'and', 'or'\";\nisInvalidRule({\n    or: [\n        { mc: 5, and: [\"CS2040\"] },\n        { and: [{ and: [\"abc\"], or: [\"def\"] }] },\n    ],\n}, { instancePath: \"/or/0\", message }, { instancePath: \"/or/1/and/0\", message });",
              "err": {},
              "uuid": "3047b8a2-6368-4197-a7ac-cee967d83fc9",
              "parentUUID": "9ff54e8a-c33c-48c4-813a-bb3c5e625003",
              "isHook": false,
              "skipped": false
            },
            {
              "title": "should not validate and satisfy rules with non-array property",
              "fullTitle": "satisfyRuleSchema should not validate and satisfy rules with non-array property",
              "timedOut": false,
              "duration": 0,
              "state": "passed",
              "speed": "fast",
              "pass": true,
              "fail": false,
              "pending": false,
              "context": null,
              "code": "const message = \"property 'and' should be an array of satisfy rules\";\nisInvalidRule({ or: [{ and: {} }, { or: [{ and: 3 }] }] }, { instancePath: \"/or/0/and\", message }, { instancePath: \"/or/1/or/0/and\", message });",
              "err": {},
              "uuid": "f7bf0917-996f-4ebd-836f-311927d5e503",
              "parentUUID": "9ff54e8a-c33c-48c4-813a-bb3c5e625003",
              "isHook": false,
              "skipped": false
            },
            {
              "title": "should not validate or satisfy rules with non-array property",
              "fullTitle": "satisfyRuleSchema should not validate or satisfy rules with non-array property",
              "timedOut": false,
              "duration": 0,
              "state": "passed",
              "speed": "fast",
              "pass": true,
              "fail": false,
              "pending": false,
              "context": null,
              "code": "const message = \"property 'or' should be an array of satisfy rules\";\nisInvalidRule({ and: [{ or: {} }, { and: [{ or: 3 }] }] }, { instancePath: \"/and/0/or\", message }, { instancePath: \"/and/1/and/0/or\", message });",
              "err": {},
              "uuid": "0721ef79-601c-4327-83fb-cba00f937b40",
              "parentUUID": "9ff54e8a-c33c-48c4-813a-bb3c5e625003",
              "isHook": false,
              "skipped": false
            }
          ],
          "suites": [],
          "passes": [
            "6dc9632e-2a3a-4a90-8a1f-6971986a0cf0",
            "91518ee0-c290-48d3-b790-c4856460ce51",
            "e4d5124e-5428-46fc-a851-fe3c577497ed",
            "9d8fad31-9af6-405b-9f81-86d5925cd863",
            "e8dfbe32-666e-44fd-8820-9031262a5670",
            "3047b8a2-6368-4197-a7ac-cee967d83fc9",
            "f7bf0917-996f-4ebd-836f-311927d5e503",
            "0721ef79-601c-4327-83fb-cba00f937b40"
          ],
          "failures": [],
          "pending": [],
          "skipped": [],
          "duration": 7,
          "root": false,
          "rootEmpty": false,
          "_timeout": 2000
        }
      ],
      "passes": [],
      "failures": [],
      "pending": [],
      "skipped": [],
      "duration": 0,
      "root": true,
      "rootEmpty": true,
      "_timeout": 2000
    }
  ],
  "meta": {
    "mocha": {
      "version": "9.0.2"
    },
    "mochawesome": {
      "options": {
        "quiet": false,
        "reportFilename": "mochawesome",
        "saveHtml": true,
        "saveJson": true,
        "consoleReporter": "spec",
        "useInlineDiffs": false,
        "code": true
      },
      "version": "6.2.2"
    },
    "marge": {
      "options": {
        "reportDir": "docs"
      },
      "version": "5.2.0"
    }
  }
}