{
  "stats": {
    "suites": 10,
    "tests": 48,
    "passes": 48,
    "pending": 0,
    "failures": 0,
    "start": "2021-10-12T02:59:24.324Z",
    "end": "2021-10-12T02:59:24.673Z",
    "duration": 349,
    "testsRegistered": 48,
    "passPercent": 100,
    "pendingPercent": 0,
    "other": 0,
    "hasOther": false,
    "skipped": 0,
    "hasSkipped": false
  },
  "results": [
    {
      "uuid": "a5d03575-b6dd-4a1c-80b5-88d0c99ebabd",
      "title": "",
      "fullFile": "",
      "file": "",
      "beforeHooks": [],
      "afterHooks": [],
      "tests": [],
      "suites": [
        {
          "uuid": "bedddb82-7174-4f1f-9204-e5d76c12e23a",
          "title": "initDirectories",
          "fullFile": "/home/runner/work/planwithus-lib/planwithus-lib/src/block/schemas.test.ts",
          "file": "/src/block/schemas.test.ts",
          "beforeHooks": [],
          "afterHooks": [],
          "tests": [
            {
              "title": "should parse all blocks with no errors",
              "fullTitle": "initDirectories should parse all blocks with no errors",
              "timedOut": false,
              "duration": 4,
              "state": "passed",
              "speed": "fast",
              "pass": true,
              "fail": false,
              "pending": false,
              "context": null,
              "code": "_1.initDirectories.should.not.throw()",
              "err": {},
              "uuid": "ba47782d-f283-46d0-b334-7dfcba6acc36",
              "parentUUID": "bedddb82-7174-4f1f-9204-e5d76c12e23a",
              "isHook": false,
              "skipped": false
            },
            {
              "title": "should produce primary, second & minor directories",
              "fullTitle": "initDirectories should produce primary, second & minor directories",
              "timedOut": false,
              "duration": 3,
              "state": "passed",
              "speed": "fast",
              "pass": true,
              "fail": false,
              "pending": false,
              "context": null,
              "code": "const directories = (0, _1.initDirectories)();\ndirectories.should.have.property(\"primary\");\ndirectories.should.have.property(\"second\");\ndirectories.should.have.property(\"minor\");",
              "err": {},
              "uuid": "4528ab27-7d45-48c9-8a9b-486f37a9a688",
              "parentUUID": "bedddb82-7174-4f1f-9204-e5d76c12e23a",
              "isHook": false,
              "skipped": false
            }
          ],
          "suites": [],
          "passes": [
            "ba47782d-f283-46d0-b334-7dfcba6acc36",
            "4528ab27-7d45-48c9-8a9b-486f37a9a688"
          ],
          "failures": [],
          "pending": [],
          "skipped": [],
          "duration": 7,
          "root": false,
          "rootEmpty": false,
          "_timeout": 2000
        },
        {
          "uuid": "68479bbd-f3f2-4478-8cca-d4a6186e73ba",
          "title": "blockSchema",
          "fullFile": "/home/runner/work/planwithus-lib/planwithus-lib/src/block/schemas.test.ts",
          "file": "/src/block/schemas.test.ts",
          "beforeHooks": [],
          "afterHooks": [],
          "tests": [
            {
              "title": "should validate valid block",
              "fullTitle": "blockSchema should validate valid block",
              "timedOut": false,
              "duration": 197,
              "state": "passed",
              "speed": "slow",
              "pass": true,
              "fail": false,
              "pending": false,
              "context": "[\n  {\n    \"title\": \"block sample 0\",\n    \"value\": {\n      \"name\": \"@!\",\n      \"ay\": 1971,\n      \"assign\": \"/\",\n      \"satisfy\": {\n        \"mc\": \"<=157\"\n      },\n      \"url\": \"http://q-2bl.varuuxfiigwukz9696yjubd8w87afjkxc48y2peuuhhwda14plv.3fwmvn9.6m9sgxg1mtm8h4d271nx9hbjkkdfuzh9i9p85utxwouba9p0.ev/E%F0%99%A5%BADPp1%F1%82%86%91dj/kIfi6~/68/%F2%85%89%BF=oN=dap/(DcO/%F3%84%93%BAxI1DuJM-V/74OCi7\",\n      \"info\": \"u g;~E>!\",\n      \"isSelectable\": true\n    }\n  },\n  {\n    \"title\": \"block sample 1\",\n    \"value\": {\n      \"name\": \"\",\n      \"assign\": [\n        \")9kEv\"\n      ],\n      \"match\": {\n        \"and\": [\n          {\n            \"and\": []\n          }\n        ]\n      },\n      \"satisfy\": {\n        \"mc\": \">=2\"\n      },\n      \"url\": \"https://9.68.evqosgclj-pko2-9.c3nk2w8ojqxaw57ntuucmkulkq59h2lsmltt0vdc1714j7ti2te1-a2.dbdda56-cd8cnzmrwzcjc0yyg02la75-fe6sadb8ha5cqc2iaxye7ucc.onr//.'Tk%F1%B3%92%A2/H&i71/!/h\",\n      \"isSelectable\": true\n    }\n  },\n  {\n    \"title\": \"block sample 2\",\n    \"value\": {\n      \"name\": \"k|%!A\",\n      \"ay\": 1953,\n      \"match\": [\n        {\n          \"or\": [\n            \"KU6\",\n            {\n              \"and\": [\n                {\n                  \"or\": [\n                    {\n                      \"pattern\": \"OV76\",\n                      \"exclude\": [\n                        \"FLU7432G\",\n                        \"WCK7S\",\n                        \"GW35\"\n                      ],\n                      \"info\": \"}FC]@YjN\"\n                    }\n                  ]\n                },\n                \"WU6*4\",\n                {\n                  \"and\": [\n                    \"UZC*18x\",\n                    {\n                      \"or\": []\n                    },\n                    {\n                      \"pattern\": \"JK917J\",\n                      \"exclude\": [\n                        \"TLA1\",\n                        \"VB02N\",\n                        \"MPQ0\"\n                      ],\n                      \"info\": \"\"\n                    },\n                    \"TEZ5\"\n                  ]\n                },\n                \"EPX559xB\"\n              ]\n            }\n          ]\n        }\n      ],\n      \"satisfy\": [\n        {\n          \"mc\": \">=1\"\n        },\n        {\n          \"mc\": \"<=82\"\n        },\n        \"d\",\n        \"vY74(7+;$\",\n        {\n          \"and\": []\n        }\n      ],\n      \"url\": \"http://ata4dp.fcmn//aiaC%E7%A9%A29x&7a/@JcSm/27QnLK0\",\n      \"info\": \"2%\",\n      \"isSelectable\": true,\n      \"j]=\": {\n        \"8\": {\n          \"name\": \"Q\",\n          \"ay\": 1956,\n          \"satisfy\": [\n            {\n              \"or\": []\n            },\n            \"/(c\",\n            {\n              \"and\": [\n                \"Uc&L0~\",\n                \"4ks\"\n              ]\n            },\n            {\n              \"mc\": \"<=46\"\n            },\n            {\n              \"mc\": \"<=161\"\n            }\n          ],\n          \"url\": \"https://cofy0z8d9xckvlv63cy.agqk/MMr\",\n          \"info\": \"\",\n          \"isSelectable\": true,\n          \"$oY?]W]w;-\": {\n            \"name\": \"k;LJ:F`g\",\n            \"ay\": 1974,\n            \"assign\": [\n              \"#7>\",\n              \"E{zN1j\"\n            ],\n            \"satisfy\": {\n              \"mc\": \"<=196\"\n            },\n            \"url\": \"http://mgbn7dxc31.phbcggpyr9xtswrmrbao1e99yirrw07hygrqbm.f5muhuv4i5m-jy5dr80l2kc7nuokrj.blykh70cp90felhgrl0x4.ismkk\",\n            \"info\": \"Se]IF\",\n            \"isSelectable\": true,\n            \"Fwy~!MX\": {\n              \"name\": \"\",\n              \"assign\": [\n                \"1i\",\n                \"g`K\",\n                \"\"\n              ],\n              \"match\": \"ZE15\",\n              \"satisfy\": [],\n              \"url\": \"http://5vo0-1cceozsmoxv9m17edlrn-og6oncujly0tmlwyqzd54-30odpgjj.0dso7klpn91t47v32lwelgj.y0jstlumw46ukl14ei1vtvyj8brc9gpku1md46t5p2k312-5k.fd1oqnlfyksj5vmg-moraj17swokl.oopqlxz3je9go1i66kgo57jf6kyq9fadx.wbcyrbry/wl$lP/BFZ/c,~+/%F2%B2%94%BDUW/%F2%A5%97%B2J2xGX//L~7N\",\n              \"info\": \"mrbO_[>W\",\n              \"isSelectable\": true\n            },\n            \"B^|}[Jf.\\\\\": {\n              \"ay\": 2023,\n              \"assign\": \"{ar/cx\",\n              \"match\": [\n                {\n                  \"or\": [\n                    {\n                      \"pattern\": \"OL3\",\n                      \"exclude\": \"CR79\",\n                      \"info\": \"S\"\n                    },\n                    \"LJ641\",\n                    {\n                      \"pattern\": \"XM620N\",\n                      \"exclude\": \"RJ5T\",\n                      \"info\": \"#O=\"\n                    },\n                    {\n                      \"pattern\": \"AF*\",\n                      \"exclude\": [],\n                      \"info\": \"_1\\\"B[^`i p\"\n                    },\n                    \"IR2*\"\n                  ]\n                },\n                \"AI8x9\",\n                {\n                  \"and\": [\n                    {\n                      \"pattern\": \"VUO*502D\",\n                      \"exclude\": \"DTA538\",\n                      \"info\": \":p?v\"\n                    },\n                    {\n                      \"and\": [\n                        {\n                          \"pattern\": \"KZ9*Y\",\n                          \"exclude\": \"FAY66\",\n                          \"info\": \"9.^Bj\"\n                        },\n                        {\n                          \"or\": [\n                            {\n                              \"or\": [\n                                \"BYU*4D\",\n                                \"WMQ0474\",\n                                {\n                                  \"and\": [\n                                    \"FTx66Y\",\n                                    \"DE54A\",\n                                    \"QXJx\"\n                                  ]\n                                }\n                              ]\n                            },\n                            \"WW309x\",\n                            \"NYF3076\",\n                            \"XQMx21T\",\n                            {\n                              \"pattern\": \"MDJ6xE\",\n                              \"exclude\": \"QE092V\"\n                            }\n                          ]\n                        },\n                        {\n                          \"and\": [\n                            {\n                              \"or\": [\n                                {\n                                  \"pattern\": \"GOH6\",\n                                  \"exclude\": \"BWI*0G\",\n                                  \"info\": \"\"\n                                }\n                              ]\n                            },\n                            {\n                              \"pattern\": \"ZH2\",\n                              \"exclude\": [\n                                \"UTX64\"\n                              ],\n                              \"info\": \"K_2,Y^n$ZV\"\n                            }\n                          ]\n                        },\n                        {\n                          \"and\": [\n                            \"CEHx5I\",\n                            \"YOG1*67\",\n                            {\n                              \"pattern\": \"SE6\",\n                              \"exclude\": \"TGS178B\",\n                              \"info\": \"Id7X\"\n                            },\n                            {\n                              \"or\": [\n                                \"BEM0\",\n                                \"UZV50*8V\",\n                                \"LQ*17\"\n                              ]\n                            },\n                            \"NGG5\"\n                          ]\n                        }\n                      ]\n                    }\n                  ]\n                },\n                {\n                  \"and\": [\n                    {\n                      \"or\": [\n                        \"YSB3\"\n                      ]\n                    }\n                  ]\n                }\n              ],\n              \"satisfy\": [\n                {\n                  \"or\": []\n                },\n                {\n                  \"mc\": \"<=141\"\n                },\n                {\n                  \"or\": [\n                    {\n                      \"mc\": \">=178\"\n                    },\n                    {\n                      \"or\": [\n                        {\n                          \"and\": [\n                            \"TZ'&tRndeC\",\n                            {\n                              \"mc\": \">=155\"\n                            },\n                            \"Z,R;JF^\",\n                            {\n                              \"or\": [\n                                \"h|]?cy\",\n                                \";_V.==\"\n                              ]\n                            },\n                            \"+40Y9`fB/\"\n                          ]\n                        },\n                        \"4IZ%\",\n                        {\n                          \"and\": [\n                            {\n                              \"or\": []\n                            },\n                            {\n                              \"mc\": \"<=32\"\n                            },\n                            {\n                              \"or\": [\n                                \".$joSr^\",\n                                \"\",\n                                {\n                                  \"mc\": \"<=41\"\n                                },\n                                \",%md!\",\n                                \"F(}F#+^\"\n                              ]\n                            },\n                            {\n                              \"or\": [\n                                \"=g\",\n                                \"\"\n                              ]\n                            },\n                            \"QHaJd\"\n                          ]\n                        }\n                      ]\n                    },\n                    {\n                      \"or\": [\n                        \"Q\",\n                        \"Uc^~U$2!\",\n                        {\n                          \"or\": [\n                            \"+e^=]aLRYG\"\n                          ]\n                        },\n                        \"-Vffe[9f\",\n                        \"?Ldgei\"\n                      ]\n                    },\n                    {\n                      \"and\": []\n                    },\n                    {\n                      \"mc\": \"<=61\"\n                    }\n                  ]\n                },\n                {\n                  \"and\": [\n                    {\n                      \"or\": [\n                        {\n                          \"mc\": \">=200\"\n                        },\n                        \"\",\n                        \"oa_h\\\"s`TJ%\"\n                      ]\n                    },\n                    {\n                      \"and\": [\n                        {\n                          \"mc\": \">=189\"\n                        }\n                      ]\n                    }\n                  ]\n                }\n              ],\n              \"info\": \"$wwxZI8h\",\n              \"2V44]G=\": {\n                \"name\": \"#U3@?!/j=\",\n                \"ay\": 1973,\n                \"assign\": [\n                  \"usv\",\n                  \"t|M=g7H\",\n                  \"#%h(/8X%8+\"\n                ],\n                \"satisfy\": {\n                  \"and\": [\n                    {\n                      \"and\": [\n                        {\n                          \"or\": [\n                            \"r\",\n                            \"~lO\",\n                            {\n                              \"mc\": \">=12\"\n                            }\n                          ]\n                        },\n                        {\n                          \"or\": []\n                        },\n                        \"|fb7~f\"\n                      ]\n                    },\n                    {\n                      \"and\": []\n                    },\n                    {\n                      \"and\": [\n                        {\n                          \"and\": [\n                            \"_#oMdL?\",\n                            {\n                              \"and\": [\n                                \"\",\n                                \"2\",\n                                \"RZ99V\"\n                              ]\n                            },\n                            \"cF}a~3R[\",\n                            {\n                              \"or\": []\n                            },\n                            {\n                              \"mc\": \">=114\"\n                            }\n                          ]\n                        },\n                        \"H {co\\\\\\\"!}\",\n                        \"mTkgR[Tp\",\n                        {\n                          \"mc\": \"<=140\"\n                        },\n                        \"`G\"\n                      ]\n                    },\n                    {\n                      \"and\": [\n                        \"}IJury?\",\n                        \"GC8kK]NM3\",\n                        {\n                          \"mc\": \">=44\"\n                        },\n                        {\n                          \"or\": [\n                            {\n                              \"and\": [\n                                {\n                                  \"or\": []\n                                }\n                              ]\n                            },\n                            {\n                              \"and\": [\n                                {\n                                  \"and\": [\n                                    \"BeAu\"\n                                  ]\n                                },\n                                \"G?!vO)\\\\;$x\",\n                                {\n                                  \"and\": [\n                                    \"\\\\n56@D/$?\"\n                                  ]\n                                }\n                              ]\n                            },\n                            \"bS\",\n                            \"\",\n                            \"9p0#qk3O\"\n                          ]\n                        }\n                      ]\n                    },\n                    {\n                      \"and\": [\n                        \"$b\",\n                        \"a*sg\",\n                        \">4!tm]:n\",\n                        \"4LXw\"\n                      ]\n                    }\n                  ]\n                },\n                \"url\": \"http://t.vo0r3q59mut17qfg1qzqcsawm68uwg.fqi6wni9z4zblhfmidqedr-x1btjfwrehone0c26sjtrzhaa.2r8a363fo64ouq23hk9ifo4-nm4.nqxctarjj/P0:Y3E._=/,17Wg*Y/k~O63SwnP//bPxA6lO7SH/6G%F2%9C%89%B7-ha%F2%AB%9F%99%F3%B1%97%90%F3%AC%8E%A6+/YA&76ipiys/gwh=/%F0%A0%B9%A1f%F2%86%8D%A3;,xC/z!Ec;\",\n                \"info\": \"H-ez0C\",\n                \"isSelectable\": true\n              },\n              \"@Kz_9.o\": {\n                \"name\": \"v\",\n                \"assign\": [\n                  \">q-g9}2\"\n                ],\n                \"match\": {\n                  \"or\": [\n                    {\n                      \"pattern\": \"SMA1988\",\n                      \"exclude\": \"LNP0168D\",\n                      \"info\": \"\"\n                    },\n                    \"LL7\",\n                    \"BNO7*2J\",\n                    \"BH3I\"\n                  ]\n                },\n                \"satisfy\": [\n                  {\n                    \"or\": []\n                  },\n                  {\n                    \"or\": [\n                      \"BbO5eQ\",\n                      {\n                        \"and\": [\n                          \"XD*\\\\>\"\n                        ]\n                      },\n                      {\n                        \"mc\": \"<=3\"\n                      },\n                      {\n                        \"or\": [\n                          {\n                            \"mc\": \"<=174\"\n                          },\n                          \"n%ZFkS\\\"UU:\",\n                          \"BSyB27\"\n                        ]\n                      }\n                    ]\n                  },\n                  \"!\\\"Y)\",\n                  {\n                    \"and\": []\n                  }\n                ],\n                \"url\": \"https://3hjzenh-pea8a.8.zbocclmkgp/S;lL3VP*z*/V/Pp;0fI$PP%F3%B7%BC%90//F&D!/6gy-%F2%8D%A4%B0/l1bO2O*T/xIu\",\n                \"isSelectable\": true\n              },\n              \"RT?vK\": {\n                \"ay\": 1974,\n                \"assign\": [\n                  \"kB]nn\",\n                  \"\"\n                ],\n                \"match\": {\n                  \"pattern\": \"MR*9C\",\n                  \"info\": \"z_!Mf'MKXf\"\n                },\n                \"url\": \"http://m17a.6jlsi-b4klyz0vw7owfzcbyva.asqphliyup/dD9~Vtc/%F4%8A%B3%9DL\",\n                \"info\": \">\\\\3 uk(Vn\",\n                \"isSelectable\": true\n              },\n              \"F KE{7kUE0\": {\n                \"name\": \"(0(e>5$0$@\",\n                \"ay\": 1983,\n                \"assign\": [\n                  \"j{Ke>dbbO\",\n                  \"sHX{Mdu\",\n                  \"@9MmiK\"\n                ],\n                \"match\": {\n                  \"and\": [\n                    \"ZXK75F\",\n                    \"BZO050Z\",\n                    {\n                      \"pattern\": \"QAJ478\",\n                      \"exclude\": [\n                        \"FD1672O\",\n                        \"JD59*C\"\n                      ],\n                      \"info\": \"7|$Z(D\"\n                    },\n                    {\n                      \"and\": []\n                    },\n                    {\n                      \"pattern\": \"EO*T\",\n                      \"exclude\": \"TU24\",\n                      \"info\": \"p\"\n                    }\n                  ]\n                },\n                \"satisfy\": [\n                  \"=Ba4g/FCcH\"\n                ],\n                \"url\": \"https://wojfyalw--s2k2vttebvxbgarhbqbvvupey-l5e8bipfqsx6j75waujnfe9sm.x.pd2-6j2eet2o5wgw7y4c24pdtqztl99tbuleimdo7qjonk0qnaal2.iqvtkzrqldimliyf0ndtic86i-c3hlwc6e2qsbc8fuwdtirpz-8s.4oy478.vgxzauurq/vz-/3+0B0%F3%93%A3%99's!~/hM/BT%F0%90%AC%82-/%F3%92%81%91g3&4+Hu./7%F4%85%8D%91TVQjb/g%F3%93%83%9Db=+DS/\",\n                \"info\": \"|9*3LpUb\",\n                \"isSelectable\": true\n              }\n            },\n            \"gvrX.z3x\": {\n              \"name\": \"GY^\",\n              \"ay\": 1987,\n              \"assign\": \"U[\",\n              \"match\": [\n                {\n                  \"and\": [\n                    \"FID625xY\",\n                    \"RSL161F\"\n                  ]\n                },\n                {\n                  \"or\": [\n                    {\n                      \"or\": [\n                        \"ZEN42*3N\"\n                      ]\n                    },\n                    \"YCU87*0\",\n                    {\n                      \"and\": [\n                        {\n                          \"and\": [\n                            {\n                              \"and\": [\n                                \"LIM7\",\n                                \"AM23R\",\n                                \"IMS2575Q\",\n                                {\n                                  \"or\": [\n                                    \"IQG969\",\n                                    \"EI3364\",\n                                    \"IMX25\"\n                                  ]\n                                },\n                                \"XZA982O\"\n                              ]\n                            }\n                          ]\n                        }\n                      ]\n                    },\n                    {\n                      \"and\": [\n                        \"OXXx\",\n                        \"CVM8143G\"\n                      ]\n                    },\n                    {\n                      \"pattern\": \"GJ19x2\",\n                      \"exclude\": \"VWJ498T\",\n                      \"info\": \"d^]WdNg_x\"\n                    }\n                  ]\n                },\n                {\n                  \"or\": [\n                    {\n                      \"pattern\": \"XEI7\",\n                      \"exclude\": [\n                        \"VQD1323\",\n                        \"OFS820U\"\n                      ],\n                      \"info\": \"R8l6kg!Ss\"\n                    },\n                    {\n                      \"and\": [\n                        {\n                          \"or\": [\n                            \"QKU*x7\",\n                            \"CT62\",\n                            \"DB59Q\"\n                          ]\n                        },\n                        {\n                          \"and\": [\n                            {\n                              \"or\": [\n                                {\n                                  \"pattern\": \"ZFB*J\",\n                                  \"exclude\": \"HB2\",\n                                  \"info\": \"%r\"\n                                },\n                                \"SK842\"\n                              ]\n                            },\n                            \"XKK7947\",\n                            {\n                              \"and\": [\n                                \"KRT61\"\n                              ]\n                            },\n                            \"JVF*\"\n                          ]\n                        },\n                        \"BBY17\"\n                      ]\n                    }\n                  ]\n                },\n                {\n                  \"or\": [\n                    {\n                      \"pattern\": \"IT2291\",\n                      \"exclude\": \"WJD61*\",\n                      \"info\": \":\\\"(Ka\"\n                    },\n                    \"AN0x2W\"\n                  ]\n                }\n              ],\n              \"satisfy\": [],\n              \"url\": \"http://3m4omnd725lipwoz7au4fhz735v862oxl5r0b4wflq1v5sqecd18otwu88vxb.ffqxsv9srk1ga83-tv0o.75mk19n5bb.44uuuyobvmu8t45-61xv9r50ei7mi0jxki3vcic1ifp9afeiivnynfg.haswhkkj/CLBHS7N1l!/+e!kb!/0GkS90t/m/oAZ'27Vq/KaDPi!/P4;:%F4%8E%AC%BC~Q(\",\n              \"info\": \"wh-n^o\"\n            },\n            \"N4ZGw`:)q\": {\n              \"name\": \"3FFpy4W\",\n              \"ay\": 1969,\n              \"match\": [],\n              \"url\": \"https://bka0r596rqmxu5ec4qhdznzmyyf6fscsxm7f6ejb-04vm6dfnmlqbjhzalx.w.pf4zp.900kiu6boblmxhs0s9754yfypd44lt.xc/eLxxz/ezG%F3%A5%88%B2+1/xK//W*5w:ke.//%F3%9A%92%98NTSP$BRJ/\",\n              \"info\": \"#9\",\n              \"isSelectable\": true\n            }\n          },\n          \"K|TEn.F )\": {\n            \"name\": \"Zfii:N\",\n            \"ay\": 2023,\n            \"assign\": [\n              \"3g\",\n              \"wx\"\n            ],\n            \"satisfy\": \"2m\",\n            \"info\": \"+;esXu\"\n          },\n          \"e0q_\": {\n            \"name\": \"Q#ZzB4\",\n            \"ay\": 1987,\n            \"assign\": [\n              \"9r[}hYeVkN\",\n              \"Oyu#JK;$Qt\",\n              \"1-|q_w\",\n              \"zhxS]\"\n            ],\n            \"match\": {\n              \"and\": [\n                {\n                  \"and\": [\n                    \"BNJ35J\",\n                    {\n                      \"or\": [\n                        \"TM602xD\",\n                        {\n                          \"or\": [\n                            {\n                              \"pattern\": \"XZ660\",\n                              \"exclude\": \"AXT007W\"\n                            },\n                            {\n                              \"and\": [\n                                {\n                                  \"pattern\": \"TN1\",\n                                  \"exclude\": \"II4x5\",\n                                  \"info\": \"a~=H^syTId\"\n                                },\n                                \"RVB4982V\",\n                                \"VX7*\",\n                                \"YFx\",\n                                {\n                                  \"and\": [\n                                    \"HV686\",\n                                    \"TNX892R\",\n                                    \"DB628\",\n                                    \"KNF9\",\n                                    \"UVK10\"\n                                  ]\n                                }\n                              ]\n                            },\n                            \"BON83W\",\n                            \"VS0\"\n                          ]\n                        }\n                      ]\n                    },\n                    \"EC3xx\"\n                  ]\n                },\n                {\n                  \"pattern\": \"ZRX773L\",\n                  \"exclude\": [\n                    \"SXY1*5\",\n                    \"QK2595\",\n                    \"STxx6\",\n                    \"TW*4E\",\n                    \"BA5B\"\n                  ],\n                  \"info\": \"4VN\"\n                }\n              ]\n            },\n            \"satisfy\": [\n              {\n                \"and\": []\n              },\n              {\n                \"or\": [\n                  \"_\",\n                  {\n                    \"mc\": \">=124\"\n                  },\n                  {\n                    \"mc\": \">=150\"\n                  },\n                  {\n                    \"mc\": \"<=82\"\n                  }\n                ]\n              }\n            ],\n            \"url\": \"https://wq-wj6uaz-oecd1pmrrth73stk6k0-uv0jjiwt0xv1160ohth9m-dsyn0po1.wuxdbdm\",\n            \"info\": \")k;W-.\",\n            \"isSelectable\": true\n          },\n          \"R];W\": {\n            \"assign\": \"m2 5sJ/'\",\n            \"satisfy\": {\n              \"mc\": \"<=15\"\n            },\n            \"url\": \"https://sgmddtmtz2k6701bxxzz5qh33au4ev402azzj46vowyouzqhx5ux9e.d0y3mxeifs-60mws5enws6a.hxrcgu/MVr/Z_4q-/)\",\n            \"isSelectable\": true\n          }\n        },\n        \"name\": \"xrC1Oh0jR\",\n        \"ay\": 2022,\n        \"assign\": [\n          \"L8YkS}\",\n          \"\",\n          \"A~1\",\n          \"8tC:+F\",\n          \"1IKy.{t4-\"\n        ],\n        \"match\": \"DB1xJ\",\n        \"satisfy\": {\n          \"or\": []\n        },\n        \"url\": \"https://864q3cnsltlyocrey-xz7z5n0grdmi5ty5k9-avkgrv.wa-lq922d-2o3j2rrz1.2qc5hhbzhejqyzrr.jduc-t49puvx.ko/t$U7ukz/O'ihqU&Ue/%F4%85%A4%A8@%F1%BB%97%8DM/qlqA/A24=6CDFnd\",\n        \"info\": \"5kq\\\"@n,\",\n        \"YN)JCR50I\": {\n          \"ay\": 2016,\n          \"assign\": [\n            \"{iQ*[7G'X(\",\n            \"\"\n          ],\n          \"match\": {\n            \"pattern\": \"YP9\",\n            \"exclude\": \"LC0\",\n            \"info\": \"e6-0\"\n          },\n          \"satisfy\": [\n            {\n              \"mc\": \"<=133\"\n            },\n            {\n              \"or\": [\n                {\n                  \"or\": [\n                    \"2uij;[l\",\n                    \"v$K\",\n                    \"(\"\n                  ]\n                }\n              ]\n            },\n            \"\",\n            {\n              \"mc\": \"<=192\"\n            }\n          ],\n          \"url\": \"https://x8nhdtwvgzyhc3xfpdexsdar0ql3dmfat8t05ra4arkz3bpajckq0vh3o.cafedhnt3lei28jai6h0m6ezr-m7r-x7-81svrxwvozv5fvm8f.b.axksoed\",\n          \"isSelectable\": true,\n          \"-ra'Z7|%7\": {\n            \"name\": \"_'[8d\",\n            \"ay\": 2014,\n            \"assign\": [\n              \"cmJ}#\",\n              \"cYnr:~\",\n              \"Unvei)u\",\n              \",ozJaQK\",\n              \"Z5%m+wuQ\"\n            ],\n            \"url\": \"https://fs8hiftoyx9jveadjnpgps51.bng/S%F3%84%80%A0@Y3biY\",\n            \"isSelectable\": true\n          },\n          \"uS\": {\n            \"name\": \"4d\",\n            \"ay\": 2017,\n            \"assign\": \"ep$j]m\",\n            \"match\": \"TED1V\",\n            \"satisfy\": [\n              {\n                \"mc\": \">=127\"\n              }\n            ],\n            \"url\": \"https://ng890-4aclneas8zc8dtdrgj33-f4wbpgf-6qiurn5ycl2nst1vsp.oddjinqyheond.hyzdzmqtq/e%F0%A4%AF%90/b9g/0%F2%AA%83%9F2Ky/*ZErg_WA9//C%F2%AB%87%82--K_7/)&+S%F2%9C%AB%85G/%F1%B0%A6%8C%F0%AC%8F%88kUtdQ*h/wQvn%F0%AB%8D%A4/3f\",\n            \"info\": \"Pdx4\",\n            \"isSelectable\": true\n          },\n          \"\": {\n            \"name\": \"7|@^pl?&1s\",\n            \"ay\": 1969,\n            \"assign\": [\n              \"\"\n            ],\n            \"match\": [\n              {\n                \"pattern\": \"CIE*261V\",\n                \"exclude\": [\n                  \"LW78U\",\n                  \"HU7\",\n                  \"DA602G\"\n                ],\n                \"info\": \"R Tg{JoC-P\"\n              },\n              \"WV39\",\n              {\n                \"or\": [\n                  {\n                    \"or\": [\n                      {\n                        \"and\": [\n                          {\n                            \"and\": [\n                              {\n                                \"and\": [\n                                  \"HG745N\",\n                                  \"YRR2L\",\n                                  \"MGN93\",\n                                  \"XWQ*876\"\n                                ]\n                              },\n                              \"HI*S\",\n                              \"HD6N\",\n                              {\n                                \"and\": [\n                                  {\n                                    \"and\": [\n                                      \"GBG4838C\",\n                                      \"YXE3*x6\",\n                                      \"ZXL842E\",\n                                      \"DCY10*P\"\n                                    ]\n                                  },\n                                  \"WE5\",\n                                  \"ELO1807L\"\n                                ]\n                              }\n                            ]\n                          },\n                          {\n                            \"or\": [\n                              \"YVY802\",\n                              {\n                                \"pattern\": \"TMTx1x6E\",\n                                \"info\": \"Jl(D.f5{\"\n                              },\n                              \"YB917*D\"\n                            ]\n                          },\n                          {\n                            \"or\": [\n                              \"DK59\",\n                              {\n                                \"and\": []\n                              }\n                            ]\n                          },\n                          {\n                            \"or\": []\n                          },\n                          {\n                            \"or\": [\n                              \"JW0\",\n                              \"NK2*0xS\"\n                            ]\n                          }\n                        ]\n                      },\n                      {\n                        \"or\": [\n                          \"QS65*3D\",\n                          \"REV6*F\"\n                        ]\n                      },\n                      \"VKP0x4\"\n                    ]\n                  }\n                ]\n              }\n            ],\n            \"satisfy\": {\n              \"or\": [\n                {\n                  \"mc\": \"<=127\"\n                },\n                {\n                  \"mc\": \">=139\"\n                }\n              ]\n            },\n            \"url\": \"https://ilu.cw9w9kzm1o5qa9gob6opvk91do5vbdfak91aqm45xp4q6lhpemqm0odr9fof.fk2dyqicw3d5i4tbnquhasxlb0nx09lor5u8q70py1eiy9et3j243kpn6.crkjhd/gjX*g4~AD/7(qig/G\",\n            \"info\": \"CiC<K\"\n          }\n        },\n        \">j>i$*q\": {\n          \"name\": \"+q\",\n          \"ay\": 2019,\n          \"assign\": [\n            \"j(PZ&;_L\",\n            \"2\"\n          ],\n          \"match\": \"ZKM730J\",\n          \"satisfy\": {\n            \"mc\": \"<=63\"\n          },\n          \"url\": \"https://m402a.57wkahx5gec16vmmrxn4yzktse9ri42q.1ubcd02bnlfm3krusr-3igquwxo5lxkh4.f7qo2q79bej4a456cotj6yl1yagvxntnn8dl2fflimg3d1qhnn.pxz/V_T;Vho/aOx1W/AZ/Vw%F3%87%BE%AD/3$%F3%8B%93%AEWL:u6d/:8%F2%8F%AD%B1or2j//YGd/cFc%F4%86%A8%8A)~%F4%88%AF%BD%F1%8E%8B%901t/!q\",\n          \"info\": \"SsHgKOhG~v\",\n          \"isSelectable\": true\n        },\n        \"Zgg5{~Sbe*\": {\n          \"name\": \"\",\n          \"ay\": 1953,\n          \"assign\": [\n            \"E\",\n            \"_TzCMzkHQ!\"\n          ],\n          \"match\": \"ONU5732Y\",\n          \"satisfy\": [\n            {\n              \"mc\": \">=59\"\n            },\n            \"qT?^/^\",\n            {\n              \"mc\": \">=37\"\n            },\n            {\n              \"or\": [\n                {\n                  \"mc\": \"<=2\"\n                },\n                {\n                  \"mc\": \"<=178\"\n                },\n                {\n                  \"or\": [\n                    \"csB5QVVy\",\n                    {\n                      \"or\": []\n                    },\n                    {\n                      \"or\": [\n                        {\n                          \"and\": [\n                            \"<B\",\n                            \"f\"\n                          ]\n                        },\n                        {\n                          \"and\": [\n                            \"][jf'^\",\n                            \"?ozxPO\\\\q\",\n                            {\n                              \"mc\": \"<=39\"\n                            },\n                            \"yn\",\n                            \"_ {=Kq!\"\n                          ]\n                        },\n                        {\n                          \"or\": []\n                        },\n                        \"&5m*qGt/\",\n                        \",NHS{\"\n                      ]\n                    }\n                  ]\n                }\n              ]\n            },\n            \"~S\"\n          ],\n          \"url\": \"http://wa0xoxiimf7daumt807.utyzc/yoEu:G/9Bjv/L/D/CQR/p)/H\",\n          \"info\": \"(.j|>Nk}uu\",\n          \"isSelectable\": true,\n          \"]U\": {\n            \"name\": \"~\\\"\",\n            \"ay\": 1991,\n            \"assign\": [\n              \"/p}Z@}c\",\n              \"\"\n            ],\n            \"match\": {\n              \"or\": [\n                {\n                  \"and\": [\n                    {\n                      \"or\": [\n                        {\n                          \"or\": [\n                            \"NZx9\",\n                            \"QC0x8\"\n                          ]\n                        },\n                        \"DDP*9\",\n                        \"JYJ0918\",\n                        \"CWB159\",\n                        {\n                          \"and\": [\n                            \"FG*61\"\n                          ]\n                        }\n                      ]\n                    },\n                    \"RLY587\",\n                    {\n                      \"pattern\": \"VS7\",\n                      \"info\": \"A\"\n                    },\n                    {\n                      \"or\": [\n                        \"LUW24K\"\n                      ]\n                    },\n                    {\n                      \"or\": [\n                        {\n                          \"pattern\": \"TP0V\",\n                          \"exclude\": [\n                            \"HE2379\",\n                            \"KVY435\"\n                          ],\n                          \"info\": \"+tu-OJ6)\"\n                        },\n                        {\n                          \"or\": [\n                            {\n                              \"or\": [\n                                \"RJR*59\",\n                                \"QL86xI\",\n                                \"QZ3067\",\n                                {\n                                  \"or\": [\n                                    \"RUx\",\n                                    \"VTP395K\",\n                                    \"LF794L\",\n                                    \"NAP90*G\",\n                                    \"IFPxH\"\n                                  ]\n                                }\n                              ]\n                            },\n                            \"QAR1237M\"\n                          ]\n                        }\n                      ]\n                    }\n                  ]\n                }\n              ]\n            },\n            \"satisfy\": {\n              \"and\": []\n            },\n            \"url\": \"http://5ya27cqheuu1gydz4gsj5tmze8k90cgb9bv8obqq9hf-dstsx7.31c-sph77vqdbeu4v66usi37z8l7os.y.rlcvvcuwgi/7uwxUSUQp/2CtNdj~w/E%F1%BA%95%A6Xe:mX;WL/D'nS:e2lWB/6Xfh34DU/:J/%F4%89%A1%8FXK3'JqGc4\",\n            \"isSelectable\": true\n          },\n          \"=6#s6TPs6\": {\n            \"name\": \">mM!}M,\",\n            \"ay\": 2011,\n            \"assign\": \"?& e\",\n            \"match\": \"IR0\",\n            \"url\": \"https://d.xwq-99h4xq-5yq0xa1kx-ztqbdz72mviyd9ta0.a52468iq44-x0311kaeal90q1d8wz6rewf84odvygst4c-p-rvd.awkr1vweu79yrg15jpk.rzvu/+&*-isT-/4h%F2%84%8C%82tKgLP/k5+kNc/sYu%F1%B6%A2%9F!D~e/%F0%A1%B1%AB=cQ/-V\"\n          },\n          \"\": {\n            \"name\": \"g5J?\",\n            \"ay\": 2008,\n            \"assign\": \"]lY9\",\n            \"match\": [],\n            \"satisfy\": {\n              \"and\": [\n                \"&(RKtg\"\n              ]\n            },\n            \"url\": \"http://yg6rbwf179x9ajy1065gplhj953hitdcz7fk-xhe-u3h8iq4qd9zo-x.o2998f3c0irf36k0pxsyhg7m7tb2ktg3ls3kci57ex1pwec4duh1cgs2ud.n7axmj18mpqs733d.mf/K%F1%80%99%A1gfl2/%E1%8F%B24gw*wk0/Y'X%F3%BC%A4%91ru/:DOxwl/g*yYQr\",\n            \"info\": \"ML\",\n            \"isSelectable\": true,\n            \"iR6\\\\C3T-\": {\n              \"name\": \"X66reo<iZ\",\n              \"ay\": 2029,\n              \"match\": \"ULP46\",\n              \"satisfy\": \"(DkF^\",\n              \"url\": \"https://bmqawwiuamrrhgllh01s14r23fy7s.wmni635e7g8ifhwbvofe7rtj2f4is27a7cqbrlijo8.wcvexrwz/*7c/u!(9/\",\n              \"info\": \"\\\"Rhi7NvX\",\n              \"isSelectable\": true\n            }\n          },\n          \"5pu2\": {\n            \"name\": \"I\",\n            \"ay\": 1958,\n            \"assign\": [\n              \"$0lr\"\n            ],\n            \"match\": [\n              {\n                \"or\": [\n                  {\n                    \"and\": [\n                      {\n                        \"or\": [\n                          {\n                            \"and\": [\n                              \"FSx6\",\n                              \"KS3323Y\",\n                              \"HP0\"\n                            ]\n                          },\n                          \"WN1835\",\n                          \"WDB23\",\n                          \"XJ8\",\n                          {\n                            \"pattern\": \"KPFx7*L\",\n                            \"info\": \"\\\"P$\"\n                          }\n                        ]\n                      },\n                      {\n                        \"and\": [\n                          \"VV16A\"\n                        ]\n                      },\n                      {\n                        \"or\": [\n                          {\n                            \"pattern\": \"PQF1512\",\n                            \"info\": \"]PLV[(u>HW\"\n                          }\n                        ]\n                      }\n                    ]\n                  }\n                ]\n              },\n              \"GB805V\",\n              {\n                \"pattern\": \"FUQ87Z\",\n                \"exclude\": [\n                  \"OD91*8\",\n                  \"DOB0498U\",\n                  \"FNF77C\"\n                ],\n                \"info\": \"}ig\\\\\"\n              },\n              {\n                \"or\": [\n                  {\n                    \"pattern\": \"OXP9*21N\",\n                    \"info\": \"b.n|5 Es,\"\n                  },\n                  {\n                    \"or\": [\n                      \"ZPV15*8Y\",\n                      {\n                        \"and\": [\n                          \"YL25F\",\n                          {\n                            \"or\": [\n                              \"LSH8\"\n                            ]\n                          },\n                          {\n                            \"and\": [\n                              \"YI23\",\n                              \"VU7xV\",\n                              \"UYS848\"\n                            ]\n                          },\n                          \"EDQ6526M\"\n                        ]\n                      },\n                      {\n                        \"or\": [\n                          \"ZU04M\",\n                          {\n                            \"and\": [\n                              \"BF*2\",\n                              \"ER903\",\n                              \"MGI4P\",\n                              {\n                                \"pattern\": \"GWN2014T\",\n                                \"exclude\": [\n                                  \"KAPxE\"\n                                ],\n                                \"info\": \"\"\n                              }\n                            ]\n                          },\n                          \"KGN0\",\n                          \"BLI267*\"\n                        ]\n                      },\n                      \"AQC6I\"\n                    ]\n                  },\n                  {\n                    \"or\": [\n                      \"BUBx04L\"\n                    ]\n                  }\n                ]\n              }\n            ],\n            \"satisfy\": {\n              \"and\": [\n                \"(;%%[S&\",\n                \"6\"\n              ]\n            },\n            \"url\": \"http://8melvixu-7xqc0akg7bd163g-ml8-dxto7hpki.0oiypzlx7410cedz8qzzxr7mpmj1vggzyhhgkry3hdmnyjlu-axvzlnz7dn1.pqmourxo/MU%F3%8A%8E%A7\",\n            \"info\": \"E0\"\n          }\n        }\n      }\n    }\n  },\n  {\n    \"title\": \"block sample 3\",\n    \"value\": {\n      \"ay\": 2029,\n      \"assign\": [\n        \"[4\",\n        \"\",\n        \"Qh%/f\\\"1\",\n        \"oXO=sO\"\n      ],\n      \"match\": \"NR7Z\",\n      \"satisfy\": {\n        \"and\": []\n      },\n      \"url\": \"http://02ft97002w91rt-ghh.bg/%F1%90%93%83HYm%F0%93%A5%AC/5',+b/%F1%85%92%83%F1%9A%9C%81Z1%F1%91%94%95%F2%84%B2%ACwoR3/CVR)~\",\n      \"info\": \"GmftC\",\n      \"isSelectable\": true,\n      \"p/,JB|$X\": {\n        \"name\": \")!L+Hv.\",\n        \"assign\": \"\",\n        \"match\": {\n          \"pattern\": \"TX16U\",\n          \"exclude\": [\n            \"ZY610\",\n            \"QPB4\"\n          ],\n          \"info\": \"\\\" BkSNm S8\"\n        },\n        \"satisfy\": {\n          \"mc\": \">=112\"\n        },\n        \"info\": \"zPL!.{;0v\"\n      }\n    }\n  },\n  {\n    \"title\": \"block sample 4\",\n    \"value\": {\n      \"name\": \"<z\",\n      \"ay\": 1984,\n      \"assign\": [\n        \"`y}.gl.\",\n        \"+[*E\"\n      ],\n      \"match\": \"ONU99\",\n      \"satisfy\": {\n        \"or\": [\n          {\n            \"and\": []\n          },\n          \"?F:BY\",\n          {\n            \"or\": [\n              \"Wx-n\",\n              \"nzK\"\n            ]\n          },\n          {\n            \"mc\": \"<=125\"\n          }\n        ]\n      },\n      \"url\": \"http://slq017oeqdphcv-5ab99wb7ad-c7b9jbzlcx79ud--dbb3-8e9avaaa5t19.a.axm5xzomc3k4f-z0e--o6ko.mmbzqyx//*//L1gdYZN&t*/36Lnt/WX~S.hU/Ptx)5l%F3%8C%93%85/y~U(@@uJ)V/,_7CUKQj\",\n      \"info\": \"<O|-\"\n    }\n  },\n  {\n    \"title\": \"block sample 5\",\n    \"value\": {\n      \"name\": \"uJ!(\",\n      \"ay\": 1955,\n      \"assign\": \"~Si\",\n      \"match\": \"XHF0H\",\n      \"url\": \"http://qedjzqcuvfnyeud8ap9is4-vaa3d2h40esr0w2u7jvdqlcwo0i2a.uawkxdvep/-~!uQFs/R%F3%9F%A0%BEdtXAx%F3%AA%AC%87/v0)x%F2%85%84%A8/f%F3%99%85%9Diq/U)'u;$/*y8z%D8%93\",\n      \"info\": \"Un0.jQX\",\n      \"isSelectable\": true\n    }\n  },\n  {\n    \"title\": \"block sample 6\",\n    \"value\": {\n      \"name\": \";*\",\n      \"assign\": \"N\",\n      \"match\": [\n        {\n          \"pattern\": \"ZWx\",\n          \"exclude\": \"VCY9\",\n          \"info\": \"~%z5=|#yoX\"\n        }\n      ],\n      \"satisfy\": {\n        \"or\": []\n      },\n      \"isSelectable\": true\n    }\n  },\n  {\n    \"title\": \"block sample 7\",\n    \"value\": {\n      \"name\": \"[}z+4^;sT\",\n      \"ay\": 1995,\n      \"assign\": \"\",\n      \"match\": [\n        \"GCX076\",\n        {\n          \"or\": [\n            {\n              \"and\": [\n                {\n                  \"and\": []\n                }\n              ]\n            },\n            {\n              \"or\": [\n                {\n                  \"or\": []\n                },\n                \"AK992O\",\n                \"OUV27\",\n                {\n                  \"and\": [\n                    \"GUR028B\",\n                    \"UBC7692Y\",\n                    {\n                      \"pattern\": \"SBX5479R\",\n                      \"exclude\": \"ZTT5427\",\n                      \"info\": \":\"\n                    }\n                  ]\n                }\n              ]\n            }\n          ]\n        },\n        {\n          \"and\": [\n            {\n              \"or\": [\n                \"SMD438\",\n                \"MT56\",\n                \"BRO516Y\",\n                {\n                  \"pattern\": \"NQ1*B\",\n                  \"info\": \"O4Qs'|=7P\"\n                }\n              ]\n            },\n            {\n              \"and\": [\n                {\n                  \"pattern\": \"ZE90*2\",\n                  \"exclude\": \"EH87x7\",\n                  \"info\": \"8z]~$\"\n                }\n              ]\n            }\n          ]\n        }\n      ],\n      \"satisfy\": [\n        \"C)BJ#.dPGw\",\n        {\n          \"mc\": \"<=116\"\n        },\n        {\n          \"mc\": \"<=95\"\n        },\n        \"v\\\\:<}A\"\n      ],\n      \"info\": \"}J\",\n      \"isSelectable\": true,\n      \"#|&\\\"w4Et|S\": {\n        \"name\": \"[1*`@\",\n        \"assign\": \"\",\n        \"match\": {\n          \"pattern\": \"JE79\",\n          \"exclude\": [\n            \"BS248\",\n            \"KQY3087\"\n          ],\n          \"info\": \"B4]|\\\"!i\\\"!\"\n        },\n        \"url\": \"https://w.6je1s55ll0ocv-rwsiapyojwgfzftsc4aqswqe-qkqnpdnt0.ynsfhe1z226bn1j5juvz7e0p0nqu1t6xrbsc3-2z7oeo781ftfbnz3vlu8uzzfn.h3mdluq2mxmljfgoim7rcs-3l293d9tgr22g31u8xbxg85jhcc6inrs45isdq.6q843rx8v2bwb-bt3n5fzwcfljja1e6wnsmciwugdpoiw86.gschgkavgq/o4/m%F3%86%9E%B4/+Off//z_)/l_/Bsig\",\n        \"info\": \"A\",\n        \"isSelectable\": true\n      },\n      \"*\": {\n        \"ay\": 2025,\n        \"assign\": \"% #\",\n        \"match\": [],\n        \"satisfy\": [\n          {\n            \"or\": [\n              \"mo0o>rOFk[\",\n              \"KBk*+VAQP+\",\n              {\n                \"or\": []\n              },\n              \"ug~9\\\\/gNb0\"\n            ]\n          },\n          {\n            \"and\": [\n              {\n                \"and\": [\n                  {\n                    \"or\": [\n                      \"W:;3]F-\",\n                      {\n                        \"and\": [\n                          \"x^L8-+(\"\n                        ]\n                      },\n                      {\n                        \"mc\": \"<=113\"\n                      },\n                      \"9pGs+\"\n                    ]\n                  },\n                  \"J+$f?$/Xz5\",\n                  \"\",\n                  {\n                    \"and\": [\n                      \"Bw<\",\n                      \"\",\n                      \"Tx\\\\`\",\n                      {\n                        \"or\": [\n                          \"8i\",\n                          {\n                            \"mc\": \">=198\"\n                          }\n                        ]\n                      },\n                      {\n                        \"or\": [\n                          \"A\\\".\",\n                          \"UD\",\n                          \"4]J6\",\n                          {\n                            \"mc\": \"<=112\"\n                          },\n                          \"thc8G{UJ\"\n                        ]\n                      }\n                    ]\n                  }\n                ]\n              }\n            ]\n          }\n        ],\n        \"url\": \"https://n5yfrn1763rks90419vtxf6eaqcsc-sf70d43.rrf0c4cksg0glj4o5rldbyv093w80owu2epuahvkcvabm8bsfm0tkhcwwrlhzjv.3uyoqfporp-akhx2zdfukx01y.s.dza/\",\n        \"info\": \"=%\",\n        \"isSelectable\": true\n      },\n      \"V0\": {\n        \"name\": \"C]74|y!g;Z\",\n        \"ay\": 2030,\n        \"match\": {\n          \"or\": [\n            \"PK524xQ\",\n            {\n              \"or\": [\n                {\n                  \"or\": [\n                    \"JLB9293L\",\n                    {\n                      \"pattern\": \"NIA5*88U\",\n                      \"exclude\": \"RW209\",\n                      \"info\": \"eg98U#\"\n                    },\n                    {\n                      \"pattern\": \"UK087\",\n                      \"exclude\": [\n                        \"FI2P\",\n                        \"GUQ9x28F\",\n                        \"LDA3\",\n                        \"XCN8700\",\n                        \"GB029L\"\n                      ],\n                      \"info\": \"a;.`#f\"\n                    },\n                    {\n                      \"pattern\": \"NO98\",\n                      \"info\": \"o|0\"\n                    },\n                    \"XE*35\"\n                  ]\n                },\n                {\n                  \"or\": []\n                },\n                {\n                  \"pattern\": \"ADG3\",\n                  \"exclude\": [\n                    \"WC500Z\",\n                    \"KHW3\"\n                  ],\n                  \"info\": \"mY{~!Rz%\"\n                }\n              ]\n            },\n            \"RTX8xQ\",\n            \"TQx*x6\"\n          ]\n        },\n        \"satisfy\": {\n          \"mc\": \"<=198\"\n        },\n        \"url\": \"http://cbb8ubbdfjfdpl-8aaecc-f2c5ef07dccifeav.qsi/%F1%9D%B2%A9uD;/\",\n        \"isSelectable\": true\n      },\n      \"6Xn%\\\"|siT\": {\n        \"name\": \"n\\\" rU6k\",\n        \"assign\": [],\n        \"match\": [\n          {\n            \"or\": [\n              {\n                \"or\": [\n                  \"JTR*86\"\n                ]\n              },\n              {\n                \"pattern\": \"DDL159K\",\n                \"info\": \"pY\"\n              }\n            ]\n          },\n          \"VKT04\"\n        ],\n        \"satisfy\": [],\n        \"url\": \"https://68.4f-f.0fl02g814-pmviebofwnqvh4gt2d658.ypsbz/fHm/+C%32/sS;fdEr3/8i:S2)JSn*/a_/=e%F4%85%8C%A6f::eb\",\n        \"info\": \"AK)w&\\\"\",\n        \"isSelectable\": true,\n        \"),<o\": {\n          \"name\": \"\",\n          \"ay\": 1955,\n          \"assign\": [],\n          \"match\": [\n            {\n              \"pattern\": \"DULxC\",\n              \"exclude\": [\n                \"QF78\",\n                \"PNV0*98\",\n                \"WOx*6\",\n                \"TB2217K\",\n                \"SP576\"\n              ],\n              \"info\": \"7lL{e&\"\n            },\n            {\n              \"and\": [\n                {\n                  \"or\": [\n                    {\n                      \"or\": [\n                        \"DNW3897Q\",\n                        \"MLO0*0N\",\n                        \"SA7934M\",\n                        \"SXQ0F\"\n                      ]\n                    },\n                    \"GC3756\"\n                  ]\n                },\n                {\n                  \"and\": [\n                    {\n                      \"pattern\": \"UZA8S\",\n                      \"exclude\": [\n                        \"GIXx1K\",\n                        \"AY2840\"\n                      ],\n                      \"info\": \";i\"\n                    },\n                    {\n                      \"and\": [\n                        \"FPA2050\",\n                        \"UNO*7F\",\n                        \"LJ9\",\n                        \"MFx3U\"\n                      ]\n                    },\n                    {\n                      \"and\": [\n                        {\n                          \"and\": []\n                        },\n                        \"MCU786\"\n                      ]\n                    },\n                    \"LV6x*8M\",\n                    {\n                      \"or\": [\n                        {\n                          \"and\": []\n                        },\n                        {\n                          \"and\": [\n                            \"SNx*90O\",\n                            \"KAF8676F\",\n                            {\n                              \"and\": [\n                                \"ZCK1G\",\n                                \"OV913B\",\n                                \"EI6K\",\n                                {\n                                  \"or\": [\n                                    \"ZNZ6\"\n                                  ]\n                                }\n                              ]\n                            }\n                          ]\n                        },\n                        \"XW2550T\",\n                        \"JBJ*\"\n                      ]\n                    }\n                  ]\n                },\n                {\n                  \"pattern\": \"CUT159\",\n                  \"exclude\": [\n                    \"JR934*Z\",\n                    \"CN8651B\",\n                    \"NP5S\",\n                    \"FXK57\"\n                  ],\n                  \"info\": \"O*Ud{Zf)5J\"\n                },\n                {\n                  \"and\": [\n                    \"HHK7761Z\"\n                  ]\n                },\n                {\n                  \"or\": [\n                    {\n                      \"or\": []\n                    },\n                    {\n                      \"and\": [\n                        \"EA494\"\n                      ]\n                    },\n                    \"YJ94U\"\n                  ]\n                }\n              ]\n            },\n            {\n              \"pattern\": \"RJ937W\",\n              \"exclude\": \"QE04E\",\n              \"info\": \" /L\"\n            },\n            {\n              \"or\": []\n            }\n          ],\n          \"satisfy\": [\n            {\n              \"and\": [\n                {\n                  \"mc\": \">=81\"\n                }\n              ]\n            }\n          ],\n          \"url\": \"http://5et5lwo7ccfg.d0sy1g98mn2l4pv4e2g7efsfxxegh.7u60vvvaj-w72ucfdxx64ke5brs9bmas2-6u-idysx-46.swzdbrb/a/+3Y=w/c%F1%AD%92%A6z&\",\n          \"info\": \" \",\n          \"isSelectable\": true\n        },\n        \"sVrI\": {\n          \"name\": \"a}\",\n          \"ay\": 1953,\n          \"assign\": \"U#^(Wu\",\n          \"match\": [\n            {\n              \"or\": [\n                {\n                  \"or\": [\n                    \"ZF370\",\n                    \"KVx\",\n                    {\n                      \"or\": []\n                    },\n                    \"OG31V\"\n                  ]\n                }\n              ]\n            }\n          ],\n          \"url\": \"https://5esa1fo9-58gvdcpvcx8oqz5sxvw-6w-txyjkq0-fwyuxi581b3mgknaalf8xl.1rknt-8eynfuuu3a34bq-o7rdhvd6rkgl4e5.c7in.svzwd/0bfp9+e-,/G/V/cf/dD%F2%8E%8E%A2'_/c,2*%2C:!/%F3%82%BA%85//Z!%33*w0a=f\",\n          \"info\": \"x\",\n          \"isSelectable\": true\n        },\n        \"%:YY93i}TL\": {\n          \"ay\": 1952,\n          \"assign\": [\n            \"\"\n          ],\n          \"match\": [\n            {\n              \"pattern\": \"IFG4597X\",\n              \"exclude\": \"GQYx20U\",\n              \"info\": \":Xu\"\n            },\n            {\n              \"pattern\": \"KZB0C\",\n              \"exclude\": [\n                \"JK0F\",\n                \"BH*\",\n                \"TT1063P\",\n                \"CA42\"\n              ],\n              \"info\": \"MU%}r^\"\n            }\n          ],\n          \"satisfy\": {\n            \"mc\": \">=108\"\n          },\n          \"url\": \"http://ex1hjdehqugw6muhoxh2bt1qbu2bo9.ei1olfthcqj.69-ede2d688.jzc/g&@\",\n          \"info\": \"\",\n          \"isSelectable\": true\n        },\n        \">\": {\n          \"name\": \">sV-!pYz\",\n          \"ay\": 1950,\n          \"assign\": \"<|E\",\n          \"match\": [\n            {\n              \"and\": [\n                {\n                  \"or\": []\n                },\n                {\n                  \"and\": [\n                    {\n                      \"pattern\": \"ZZ0x7R\",\n                      \"info\": \"('}~,!\"\n                    },\n                    {\n                      \"pattern\": \"RC6\",\n                      \"exclude\": [\n                        \"OR59x9T\",\n                        \"KD756\",\n                        \"LF841M\"\n                      ],\n                      \"info\": \"E(}==\"\n                    },\n                    \"UTL741*R\",\n                    {\n                      \"pattern\": \"PDP137L\",\n                      \"exclude\": \"CDxP\",\n                      \"info\": \"Frg4\"\n                    },\n                    {\n                      \"and\": [\n                        \"RDE0538\",\n                        {\n                          \"or\": [\n                            \"VDD3J\",\n                            \"BT6255\",\n                            \"QM1462\"\n                          ]\n                        },\n                        \"FJT1686V\"\n                      ]\n                    }\n                  ]\n                },\n                {\n                  \"and\": [\n                    {\n                      \"or\": [\n                        {\n                          \"and\": [\n                            \"FVW2*\",\n                            {\n                              \"or\": [\n                                \"TD32*3\",\n                                \"BSE08\",\n                                \"ELR*x22\",\n                                \"BBBxx0C\"\n                              ]\n                            },\n                            {\n                              \"pattern\": \"FP99\",\n                              \"exclude\": \"RZ8X\",\n                              \"info\": \"#oaB;Z13\"\n                            }\n                          ]\n                        },\n                        \"GE4x\",\n                        \"WL95\"\n                      ]\n                    },\n                    {\n                      \"pattern\": \"SPX460H\",\n                      \"exclude\": [\n                        \"YVT8554K\",\n                        \"IZ29\",\n                        \"HKTx318X\",\n                        \"QKB53O\"\n                      ]\n                    },\n                    \"IF0\"\n                  ]\n                }\n              ]\n            },\n            \"XNT6*\",\n            {\n              \"and\": [\n                {\n                  \"and\": [\n                    {\n                      \"and\": [\n                        \"QOD7E\",\n                        {\n                          \"and\": [\n                            \"GYT244J\",\n                            \"HWP6R\"\n                          ]\n                        },\n                        \"XBB*3B\"\n                      ]\n                    },\n                    \"FNW8N\",\n                    {\n                      \"or\": [\n                        {\n                          \"or\": [\n                            \"MWL4\"\n                          ]\n                        },\n                        \"HVY2x3\",\n                        \"TBA9T\",\n                        \"PJ80\",\n                        \"QILx6x\"\n                      ]\n                    }\n                  ]\n                }\n              ]\n            }\n          ],\n          \"satisfy\": [\n            \"V}\"\n          ],\n          \"url\": \"http://nhma6o-n7w5jxz1mshqrbfwukt.3e.qkvnhnx392jj8u1s.j3pq4-71m48f4q6ppkkmw8xlmutsoz9aksmct7sgcn75gqh.c.byv/e@cb/*e%20/txYxDf~8%F2%87%96%83T\",\n          \"info\": \"\",\n          \"isSelectable\": true,\n          \"04!\": {\n            \"name\": \"\",\n            \"ay\": 1962,\n            \"assign\": [\n              \"WG]\\\\I\",\n              \"j-nQeKD@E0\",\n              \"bzyu_\",\n              \"86\"\n            ],\n            \"match\": {\n              \"or\": [\n                {\n                  \"or\": [\n                    \"RU19\"\n                  ]\n                },\n                {\n                  \"pattern\": \"KFV192\",\n                  \"exclude\": [\n                    \"UK8N\",\n                    \"TU*5\",\n                    \"HJ67xO\",\n                    \"NH1021\"\n                  ],\n                  \"info\": \"|kx{~$&!8\"\n                },\n                {\n                  \"or\": [\n                    \"FUG5Z\",\n                    \"FUP6x02\"\n                  ]\n                },\n                {\n                  \"or\": [\n                    \"UD903xT\",\n                    {\n                      \"pattern\": \"XMW5H\",\n                      \"exclude\": [\n                        \"DY3\",\n                        \"JV95T\"\n                      ],\n                      \"info\": \"'-KpL3y\"\n                    },\n                    {\n                      \"pattern\": \"FM76\",\n                      \"exclude\": [\n                        \"VUZ013\",\n                        \"DBG93Z\",\n                        \"ZAM6675A\"\n                      ],\n                      \"info\": \"ON=T-WV\"\n                    },\n                    \"SW8\",\n                    {\n                      \"or\": [\n                        {\n                          \"or\": [\n                            \"UV7xL\"\n                          ]\n                        },\n                        \"CY*xC\",\n                        \"ID108H\",\n                        {\n                          \"pattern\": \"NM8*N\",\n                          \"exclude\": [\n                            \"BFG217\",\n                            \"GXQ3B\"\n                          ]\n                        },\n                        {\n                          \"or\": []\n                        }\n                      ]\n                    }\n                  ]\n                },\n                {\n                  \"or\": [\n                    \"YVV00*\",\n                    {\n                      \"pattern\": \"QT876\",\n                      \"exclude\": \"ABx90M\",\n                      \"info\": \"t_k\"\n                    }\n                  ]\n                }\n              ]\n            },\n            \"url\": \"https://7.msfoziv//QINCy+T5P,/%F1%AF%A4%88RGMmq=m\",\n            \"info\": \"ML@^+efWb$\",\n            \"isSelectable\": true\n          }\n        }\n      },\n      \"ttS\": {\n        \"name\": \"\",\n        \"assign\": [\n          \"%\",\n          \"\\\"&%(<\",\n          \"Yj\",\n          \"\"\n        ],\n        \"match\": \"ZH0G\",\n        \"satisfy\": {\n          \"and\": [\n            \"A7nu4 a\"\n          ]\n        },\n        \"url\": \"https://1epvvs5hl8bfqx3nhd.sqkekf/LZs%F2%8A%81%AB%F2%AD%A9%B10\",\n        \"info\": \"1P\",\n        \"isSelectable\": true,\n        \"L?G>\": {\n          \"name\": \"WMqw,.bH\",\n          \"ay\": 1993,\n          \"assign\": \"v#\\\\vWB%+%u\",\n          \"match\": [\n            {\n              \"pattern\": \"ZV744\",\n              \"exclude\": \"GHT15M\",\n              \"info\": \"\"\n            },\n            \"NZ58\",\n            {\n              \"and\": []\n            }\n          ],\n          \"satisfy\": \"pQy/f{\",\n          \"url\": \"https://li-44pl2zx33.1pvwaw.rzngktidu/&-_R/xeHpZ/%F4%84%AB%8AE/9g-N7l;\",\n          \"info\": \"JjDWB%]a\",\n          \"isSelectable\": true\n        },\n        \"4:#Th?(}\": {\n          \"ay\": 1986,\n          \"assign\": \"7\",\n          \"match\": [\n            {\n              \"or\": [\n                {\n                  \"and\": [\n                    \"XVL3\",\n                    \"MRY86\",\n                    \"JF54*9\",\n                    \"APx**9\"\n                  ]\n                }\n              ]\n            }\n          ],\n          \"satisfy\": {\n            \"mc\": \">=85\"\n          },\n          \"url\": \"https://0bm5gehyhx60ryxw2jzlpfkazkt7351fo6t1z2h5wf4rw5ubc3mhoye0a.qjfywkfpvlvcpus9iu3fnngwcmildt3yib7yiw1.1zu-si-wo2jziy3j84yay62aadn4l0igeuzuupe89l1vxxn8uh1-ekcfj.fxhmkvgw31-5jw95my6wxkw31jokh69w70.0-bvunnzpfv3v-jkhf2-5syqbevkr56ccsgqbk.udqxaagd/M$o/Xd9NJS9o/7ok;w/ZHDEJX1tWH/auM%F3%BE%AB%8Bo/E/5U/%F1%B3%B3%BBP@Dq%F2%BD%97%863l/mdQtuE7g2/%F3%B3%88%9Edk\",\n          \"isSelectable\": true\n        },\n        \"\": {\n          \"name\": \"v6\",\n          \"ay\": 2014,\n          \"match\": {\n            \"or\": [\n              {\n                \"and\": [\n                  {\n                    \"and\": [\n                      \"FIA3A\",\n                      {\n                        \"and\": [\n                          \"ON2x\",\n                          \"UDx\"\n                        ]\n                      }\n                    ]\n                  },\n                  {\n                    \"and\": [\n                      \"OD0564\",\n                      {\n                        \"and\": [\n                          \"BE0687U\",\n                          \"SN81\",\n                          \"INx861\",\n                          \"GHL8329\",\n                          {\n                            \"and\": [\n                              \"VJ*\",\n                              \"KTR2\",\n                              \"UE12\",\n                              \"RSN8969\",\n                              \"ESJ9916O\"\n                            ]\n                          }\n                        ]\n                      },\n                      \"GF07M\",\n                      {\n                        \"and\": [\n                          {\n                            \"pattern\": \"QKS603Z\",\n                            \"exclude\": [\n                              \"WOW32\",\n                              \"NIF5809\",\n                              \"HHx13\"\n                            ]\n                          },\n                          {\n                            \"or\": []\n                          },\n                          \"HNU89W\"\n                        ]\n                      }\n                    ]\n                  },\n                  \"ZW*3\",\n                  \"XY750xJ\",\n                  \"TN*17\"\n                ]\n              },\n              \"XTL8\",\n              \"YR60\",\n              {\n                \"and\": [\n                  {\n                    \"or\": [\n                      \"KQN081\",\n                      \"ILH94*E\",\n                      \"WH9801N\"\n                    ]\n                  },\n                  \"VNM*5\",\n                  {\n                    \"pattern\": \"ZF0x92U\",\n                    \"exclude\": [],\n                    \"info\": \"I,Tp\"\n                  }\n                ]\n              },\n              {\n                \"pattern\": \"QR47x9H\",\n                \"exclude\": [\n                  \"OEG6033Q\",\n                  \"KNXx64\",\n                  \"JL3\",\n                  \"LN*1\",\n                  \"MR5418\"\n                ],\n                \"info\": \"fHz$~Z7\"\n              }\n            ]\n          },\n          \"url\": \"https://89x7gvh6etyyizffct1qj2y5xsa25pe4diy1b-018ehbuyqvj5z9pode12.4vgan0acrmxyywy7e9k-kp58ghevtx0xooyhgummrhw3f5.q.o.tkoodad/h:M)/aEseat%F2%B5%AB%8D/Xs/j&2%F1%88%B1%89gMEVs0/U(r,ab/Y:tEL36/%F2%8E%A7%ABoA/*f.n/aL\",\n          \"info\": \"\",\n          \"isSelectable\": true\n        },\n        \"Xb_Tm|*\": {\n          \"name\": \"LzHiU>\\\"(#`\",\n          \"ay\": 1997,\n          \"assign\": [\n            \"We\",\n            \"*L2`ng_p|\"\n          ],\n          \"match\": {\n            \"or\": [\n              {\n                \"and\": []\n              },\n              {\n                \"or\": []\n              },\n              {\n                \"and\": [\n                  \"BY1x\",\n                  {\n                    \"and\": [\n                      {\n                        \"pattern\": \"NH1\",\n                        \"exclude\": [\n                          \"NLQx\"\n                        ],\n                        \"info\": \"=m]u50`\"\n                      },\n                      {\n                        \"pattern\": \"DC23T\",\n                        \"exclude\": [],\n                        \"info\": \"-fHi}8{1\"\n                      }\n                    ]\n                  },\n                  \"YQO*915T\",\n                  {\n                    \"pattern\": \"ZC0x\",\n                    \"exclude\": [\n                      \"TIB553A\",\n                      \"ZL3H\"\n                    ],\n                    \"info\": \"dd\"\n                  },\n                  \"UE10V\"\n                ]\n              }\n            ]\n          },\n          \"satisfy\": {\n            \"and\": [\n              {\n                \"mc\": \">=61\"\n              },\n              {\n                \"and\": []\n              },\n              {\n                \"or\": []\n              },\n              {\n                \"or\": [\n                  \"w'\"\n                ]\n              },\n              \"d(L82\"\n            ]\n          },\n          \"url\": \"http://5.1rna9e-ronzb-v5lp66ldflyr8ei02dlj.xzzuwtaqtx/%F1%B6%85%B718/$g+VJUXd@/wPClR4B(/d_$9A9//394LXaKDp/iN4/c%F2%8F%AC%B8%F1%99%8B%AB*i;0\",\n          \"info\": \"\",\n          \"isSelectable\": true\n        },\n        \"c\": {\n          \"name\": \"\\\"dZq\",\n          \"ay\": 1990,\n          \"assign\": [\n            \"R,uz$K\",\n            \"a6?\",\n            \"*\",\n            \"ofp=\",\n            \"_Fjt\"\n          ],\n          \"match\": [],\n          \"satisfy\": [\n            {\n              \"mc\": \">=184\"\n            },\n            {\n              \"and\": [\n                {\n                  \"and\": [\n                    \"h\",\n                    {\n                      \"mc\": \"<=150\"\n                    },\n                    {\n                      \"mc\": \">=168\"\n                    },\n                    {\n                      \"and\": []\n                    }\n                  ]\n                },\n                {\n                  \"or\": [\n                    {\n                      \"mc\": \"<=180\"\n                    }\n                  ]\n                },\n                {\n                  \"and\": [\n                    \"3oH9gjK\\\"nL\"\n                  ]\n                },\n                {\n                  \"and\": [\n                    \"g}2\",\n                    {\n                      \"mc\": \"<=41\"\n                    },\n                    \"6\",\n                    {\n                      \"and\": [\n                        \" vMi)ef^-$\"\n                      ]\n                    },\n                    \"#k~{PQH\"\n                  ]\n                }\n              ]\n            },\n            {\n              \"or\": [\n                \"IT?oGxp\",\n                {\n                  \"mc\": \"<=95\"\n                },\n                \"\",\n                {\n                  \"mc\": \"<=65\"\n                }\n              ]\n            },\n            {\n              \"or\": [\n                {\n                  \"or\": [\n                    \"4J|N<i~Q\",\n                    \"`\",\n                    {\n                      \"mc\": \"<=176\"\n                    }\n                  ]\n                }\n              ]\n            },\n            {\n              \"or\": [\n                {\n                  \"or\": []\n                },\n                {\n                  \"mc\": \"<=52\"\n                },\n                {\n                  \"and\": [\n                    \"<~~z6y\",\n                    {\n                      \"or\": [\n                        {\n                          \"or\": [\n                            \"\"\n                          ]\n                        },\n                        {\n                          \"and\": [\n                            \".[\"\n                          ]\n                        },\n                        \"<\\\\0p\"\n                      ]\n                    }\n                  ]\n                },\n                {\n                  \"or\": [\n                    \"D2N.'s>o\",\n                    {\n                      \"and\": [\n                        \"$mQG\",\n                        {\n                          \"mc\": \"<=44\"\n                        },\n                        \"mg^N}<\",\n                        \"F2zn\",\n                        {\n                          \"and\": [\n                            {\n                              \"and\": [\n                                \"#pu<\"\n                              ]\n                            },\n                            {\n                              \"and\": [\n                                \"%($\\\"^?hA\"\n                              ]\n     
[...]
              "timedOut": false,
              "duration": 0,
              "state": "passed",
              "speed": "fast",
              "pass": true,
              "fail": false,
              "pending": false,
              "context": null,
              "code": "const satisfier = (0, satisfiers_1.inequalitySatisfier)(ref, \"<=16\");\nsatisfier.should.have.property(\"filter\");\nconst { filter } = satisfier;\nisCorrectFilter(filter, modulesList1, [\n    \"CS2100\",\n    \"GER1000\",\n    \"CS2040S\",\n    \"ST2131\",\n]);",
              "err": {},
              "uuid": "f03a5963-f966-4160-ab8b-4d87ff1f1fb7",
              "parentUUID": "ada8299e-8b82-4816-b828-5e5c322fc7dc",
              "isHook": false,
              "skipped": false
            },
            {
              "title": "should truncate list of modules with upper bound of MCs, cutting off at the minimum starting sequence that exceeds upper bound, if total MC count is higher and there exists no starting sequence with exact MC count",
              "fullTitle": "inequalitySatisfier should truncate list of modules with upper bound of MCs, cutting off at the minimum starting sequence that exceeds upper bound, if total MC count is higher and there exists no starting sequence with exact MC count",
              "timedOut": false,
              "duration": 1,
              "state": "passed",
              "speed": "fast",
              "pass": true,
              "fail": false,
              "pending": false,
              "context": null,
              "code": "const satisfier = (0, satisfiers_1.inequalitySatisfier)(ref, \"<=17\");\nsatisfier.should.have.property(\"filter\");\nconst { filter } = satisfier;\nisCorrectFilter(filter, modulesList1, [\n    \"CS2100\",\n    \"GER1000\",\n    \"CS2040S\",\n    \"ST2131\",\n    \"MA1521\",\n]);",
              "err": {},
              "uuid": "75f7ed25-f491-4da6-b402-fb499feae876",
              "parentUUID": "ada8299e-8b82-4816-b828-5e5c322fc7dc",
              "isHook": false,
              "skipped": false
            }
          ],
          "suites": [],
          "passes": [
            "b8e0dfde-fafb-4ade-88e0-1742bb3d8c8f",
            "bf45b120-ddf0-42f2-aec5-aa8157bb1b4a",
            "652f3a6c-ac7d-4dee-820c-7afc80a20162",
            "440e0e16-92b7-4030-aca7-94e249dad1b1",
            "a1427c23-e975-4bfa-b562-c627a8edb3e4",
            "f03a5963-f966-4160-ab8b-4d87ff1f1fb7",
            "75f7ed25-f491-4da6-b402-fb499feae876"
          ],
          "failures": [],
          "pending": [],
          "skipped": [],
          "duration": 4,
          "root": false,
          "rootEmpty": false,
          "_timeout": 2000
        },
        {
          "uuid": "20f251cc-3fb0-4edc-a2ef-c3491c1e0078",
          "title": "inequalitySchema",
          "fullFile": "/home/runner/work/planwithus-lib/planwithus-lib/src/satisfyRule/inequality/schemas.test.ts",
          "file": "/src/satisfyRule/inequality/schemas.test.ts",
          "beforeHooks": [],
          "afterHooks": [],
          "tests": [
            {
              "title": "should validate inequality in the form <=n or >=n",
              "fullTitle": "inequalitySchema should validate inequality in the form <=n or >=n",
              "timedOut": false,
              "duration": 1,
              "state": "passed",
              "speed": "fast",
              "pass": true,
              "fail": false,
              "pending": false,
              "context": "[\n  {\n    \"title\": \"inequality sample 0\",\n    \"value\": \">=1\"\n  },\n  {\n    \"title\": \"inequality sample 1\",\n    \"value\": \">=27\"\n  },\n  {\n    \"title\": \"inequality sample 2\",\n    \"value\": \"<=120\"\n  },\n  {\n    \"title\": \"inequality sample 3\",\n    \"value\": \">=61\"\n  },\n  {\n    \"title\": \"inequality sample 4\",\n    \"value\": \"<=6\"\n  },\n  {\n    \"title\": \"inequality sample 5\",\n    \"value\": \">=98\"\n  },\n  {\n    \"title\": \"inequality sample 6\",\n    \"value\": \"<=6\"\n  },\n  {\n    \"title\": \"inequality sample 7\",\n    \"value\": \">=105\"\n  },\n  {\n    \"title\": \"inequality sample 8\",\n    \"value\": \">=8\"\n  },\n  {\n    \"title\": \"inequality sample 9\",\n    \"value\": \">=78\"\n  }\n]",
              "code": "(0, fast_check_1.sample)(index_test_2.inequality, 10).forEach((sample, i) => (0, addContext_1.default)(this, {\n    title: `inequality sample ${i}`,\n    value: sample,\n}));\nreturn (0, fast_check_1.assert)((0, fast_check_1.property)(index_test_2.inequality, ajvValidate));",
              "err": {},
              "uuid": "8a5b4e07-661a-4a8b-a203-7e8631cd0eea",
              "parentUUID": "20f251cc-3fb0-4edc-a2ef-c3491c1e0078",
              "isHook": false,
              "skipped": false
            },
            {
              "title": "should not validate inequality of invalid form",
              "fullTitle": "inequalitySchema should not validate inequality of invalid form",
              "timedOut": false,
              "duration": 2,
              "state": "passed",
              "speed": "fast",
              "pass": true,
              "fail": false,
              "pending": false,
              "context": null,
              "code": "[\n        \"\",\n        \"==23\",\n        \"23\",\n        \"<23\",\n        \">23\",\n        \"<=-1\",\n        \">=-1\",\n        \"<= 2\",\n        \">= 1\",\n        \"> 3\",\n        \"< 3\",\n        \"<=3a\",\n        \">=3a\",\n        \"a<=3\",\n        \"a>=3\",\n    ].forEach(isInvalidInequality)",
              "err": {},
              "uuid": "b4b2eb08-f9e7-45f7-9f63-803b24c38977",
              "parentUUID": "20f251cc-3fb0-4edc-a2ef-c3491c1e0078",
              "isHook": false,
              "skipped": false
            }
          ],
          "suites": [],
          "passes": [
            "8a5b4e07-661a-4a8b-a203-7e8631cd0eea",
            "b4b2eb08-f9e7-45f7-9f63-803b24c38977"
          ],
          "failures": [],
          "pending": [],
          "skipped": [],
          "duration": 3,
          "root": false,
          "rootEmpty": false,
          "_timeout": 2000
        },
        {
          "uuid": "c0a1f626-0f23-403a-8ba3-abbb96a873be",
          "title": "satisfyRuleSchema",
          "fullFile": "/home/runner/work/planwithus-lib/planwithus-lib/src/satisfyRule/schemas.test.ts",
          "file": "/src/satisfyRule/schemas.test.ts",
          "beforeHooks": [],
          "afterHooks": [],
          "tests": [
            {
              "title": "should validate satisfy rule with valid block id",
              "fullTitle": "satisfyRuleSchema should validate satisfy rule with valid block id",
              "timedOut": false,
              "duration": 1,
              "state": "passed",
              "speed": "fast",
              "pass": true,
              "fail": false,
              "pending": false,
              "context": null,
              "code": "0, fast_check_1.assert)((0, fast_check_1.property)((0, fast_check_1.string)(), ajvValidate)",
              "err": {},
              "uuid": "15cca45f-93eb-4952-995d-bb3d5562ef16",
              "parentUUID": "c0a1f626-0f23-403a-8ba3-abbb96a873be",
              "isHook": false,
              "skipped": false
            },
            {
              "title": "should validate satisfy rules with valid mc",
              "fullTitle": "satisfyRuleSchema should validate satisfy rules with valid mc",
              "timedOut": false,
              "duration": 1,
              "state": "passed",
              "speed": "fast",
              "pass": true,
              "fail": false,
              "pending": false,
              "context": "[\n  {\n    \"title\": \"mcSatisfyRule sample 0\",\n    \"value\": {\n      \"mc\": \"<=195\"\n    }\n  },\n  {\n    \"title\": \"mcSatisfyRule sample 1\",\n    \"value\": {\n      \"mc\": \"<=2\"\n    }\n  },\n  {\n    \"title\": \"mcSatisfyRule sample 2\",\n    \"value\": {\n      \"mc\": \">=200\"\n    }\n  },\n  {\n    \"title\": \"mcSatisfyRule sample 3\",\n    \"value\": {\n      \"mc\": \"<=200\"\n    }\n  },\n  {\n    \"title\": \"mcSatisfyRule sample 4\",\n    \"value\": {\n      \"mc\": \">=7\"\n    }\n  },\n  {\n    \"title\": \"mcSatisfyRule sample 5\",\n    \"value\": {\n      \"mc\": \">=8\"\n    }\n  },\n  {\n    \"title\": \"mcSatisfyRule sample 6\",\n    \"value\": {\n      \"mc\": \"<=123\"\n    }\n  },\n  {\n    \"title\": \"mcSatisfyRule sample 7\",\n    \"value\": {\n      \"mc\": \">=160\"\n    }\n  },\n  {\n    \"title\": \"mcSatisfyRule sample 8\",\n    \"value\": {\n      \"mc\": \"<=89\"\n    }\n  },\n  {\n    \"title\": \"mcSatisfyRule sample 9\",\n    \"value\": {\n      \"mc\": \"<=36\"\n    }\n  }\n]",
              "code": "(0, fast_check_1.sample)(index_test_2.mcSatisfyRule, 10).forEach((sample, i) => (0, addContext_1.default)(this, {\n    title: `mcSatisfyRule sample ${i}`,\n    value: sample,\n}));\nreturn (0, fast_check_1.assert)((0, fast_check_1.property)(index_test_2.mcSatisfyRule, ajvValidate));",
              "err": {},
              "uuid": "8e080f48-0a70-48a7-bb12-6048a8cf10da",
              "parentUUID": "c0a1f626-0f23-403a-8ba3-abbb96a873be",
              "isHook": false,
              "skipped": false
            },
            {
              "title": "should validate valid recursive satisfy rules",
              "fullTitle": "satisfyRuleSchema should validate valid recursive satisfy rules",
              "timedOut": false,
              "duration": 3,
              "state": "passed",
              "speed": "fast",
              "pass": true,
              "fail": false,
              "pending": false,
              "context": "[\n  {\n    \"title\": \"satisfyRule sample 0\",\n    \"value\": \"\"\n  },\n  {\n    \"title\": \"satisfyRule sample 1\",\n    \"value\": {\n      \"or\": [\n        {\n          \"and\": [\n            {\n              \"mc\": \"<=67\"\n            },\n            \"4l8\",\n            {\n              \"mc\": \">=174\"\n            },\n            {\n              \"mc\": \"<=140\"\n            }\n          ]\n        }\n      ]\n    }\n  },\n  {\n    \"title\": \"satisfyRule sample 2\",\n    \"value\": {\n      \"or\": [\n        {\n          \"mc\": \">=17\"\n        }\n      ]\n    }\n  },\n  {\n    \"title\": \"satisfyRule sample 3\",\n    \"value\": {\n      \"or\": [\n        {\n          \"or\": [\n            {\n              \"or\": []\n            },\n            \"Cs&l\",\n            {\n              \"mc\": \"<=168\"\n            },\n            {\n              \"and\": [\n                {\n                  \"or\": [\n                    \"KbVi\",\n                    \"w`2&ym\"\n                  ]\n                },\n                \"RNR^NGwn9J\",\n                \"G[|&[F\",\n                \"x|\"\n              ]\n            }\n          ]\n        },\n        {\n          \"and\": []\n        }\n      ]\n    }\n  },\n  {\n    \"title\": \"satisfyRule sample 4\",\n    \"value\": \"x%%X~a ;\"\n  },\n  {\n    \"title\": \"satisfyRule sample 5\",\n    \"value\": {\n      \"and\": [\n        {\n          \"and\": [\n            {\n              \"or\": []\n            }\n          ]\n        },\n        {\n          \"or\": [\n            {\n              \"mc\": \">=12\"\n            }\n          ]\n        },\n        {\n          \"mc\": \">=35\"\n        },\n        {\n          \"mc\": \">=12\"\n        },\n        {\n          \"and\": [\n            \"J{;&\",\n            \"G't:q%R#W(\"\n          ]\n        }\n      ]\n    }\n  },\n  {\n    \"title\": \"satisfyRule sample 6\",\n    \"value\": {\n      \"and\": [\n        \"1zZ)=\"\n      ]\n    }\n  },\n  {\n    \"title\": \"satisfyRule sample 7\",\n    \"value\": {\n      \"or\": [\n        {\n          \"or\": [\n            \".UJ~8q0^\",\n            {\n              \"or\": []\n            },\n            {\n              \"or\": [\n                {\n                  \"and\": [\n                    \"\",\n                    \"p59?J\",\n                    \"a3auM8.(=\"\n                  ]\n                },\n                \"FS\",\n                \"LdNUs74F\"\n              ]\n            }\n          ]\n        },\n        {\n          \"and\": [\n            {\n              \"and\": [\n                {\n                  \"and\": []\n                },\n                {\n                  \"mc\": \"<=16\"\n                },\n                \"7BsE\",\n                \"4 /B5`\",\n                {\n                  \"and\": [\n                    \"_*v={nD)F*\",\n                    \"IL8w}bv\",\n                    \"pLq9m\",\n                    \"mP>n6\"\n                  ]\n                }\n              ]\n            }\n          ]\n        },\n        {\n          \"mc\": \"<=35\"\n        }\n      ]\n    }\n  },\n  {\n    \"title\": \"satisfyRule sample 8\",\n    \"value\": {\n      \"and\": []\n    }\n  },\n  {\n    \"title\": \"satisfyRule sample 9\",\n    \"value\": {\n      \"mc\": \"<=83\"\n    }\n  }\n]",
              "code": "(0, fast_check_1.sample)(index_test_2.satisfyRule, 10).forEach((sample, i) => (0, addContext_1.default)(this, {\n    title: `satisfyRule sample ${i}`,\n    value: sample,\n}));\nreturn (0, fast_check_1.assert)((0, fast_check_1.property)(index_test_2.satisfyRule, ajvValidate));",
              "err": {},
              "uuid": "d9c9e585-3b11-4221-9531-0e8673189afd",
              "parentUUID": "c0a1f626-0f23-403a-8ba3-abbb96a873be",
              "isHook": false,
              "skipped": false
            },
            {
              "title": "should not validate non-string/object",
              "fullTitle": "satisfyRuleSchema should not validate non-string/object",
              "timedOut": false,
              "duration": 1,
              "state": "passed",
              "speed": "fast",
              "pass": true,
              "fail": false,
              "pending": false,
              "context": null,
              "code": "const error = {\n    instancePath: \"\",\n    message: \"satisfy rule should be either a string or an object\",\n};\nisInvalidRule(null, error);\nisInvalidRule(undefined, error);\nisInvalidRule(10, error);\nisInvalidRule([12, 24], error);",
              "err": {},
              "uuid": "cef1c5c4-3410-4165-bcf4-97330ea92def",
              "parentUUID": "c0a1f626-0f23-403a-8ba3-abbb96a873be",
              "isHook": false,
              "skipped": false
            },
            {
              "title": "should not validate satisfy rules with extra properties",
              "fullTitle": "satisfyRuleSchema should not validate satisfy rules with extra properties",
              "timedOut": false,
              "duration": 1,
              "state": "passed",
              "speed": "fast",
              "pass": true,
              "fail": false,
              "pending": false,
              "context": null,
              "code": "isInvalidRule({\n        and: [\n            { or: [\"2k\"], abc: \"def\" },\n            { mc: 8, ghi: \"jkl\" },\n        ],\n        mno: \"pqr\",\n    }, {\n        instancePath: \"/and/0\",\n        message: \"or satisfy rule should have property 'or' only\",\n    }, {\n        instancePath: \"/and/1\",\n        message: \"MC satisfy rule should have property 'mc' only\",\n    }, {\n        instancePath: \"\",\n        message: \"and satisfy rule should have property 'and' only\",\n    })",
              "err": {},
              "uuid": "8a17247d-f3d7-443d-80c9-64dfd6cad199",
              "parentUUID": "c0a1f626-0f23-403a-8ba3-abbb96a873be",
              "isHook": false,
              "skipped": false
            },
            {
              "title": "should not validate ambiguous satisfy rules",
              "fullTitle": "satisfyRuleSchema should not validate ambiguous satisfy rules",
              "timedOut": false,
              "duration": 1,
              "state": "passed",
              "speed": "fast",
              "pass": true,
              "fail": false,
              "pending": false,
              "context": null,
              "code": "const message = \"satisfy rule should have only one of properties 'mc', 'and', 'or'\";\nisInvalidRule({\n    or: [\n        { mc: 5, and: [\"CS2040\"] },\n        { and: [{ and: [\"abc\"], or: [\"def\"] }] },\n    ],\n}, { instancePath: \"/or/0\", message }, { instancePath: \"/or/1/and/0\", message });",
              "err": {},
              "uuid": "98c84925-cc89-48c1-b8cf-202cfcd4b649",
              "parentUUID": "c0a1f626-0f23-403a-8ba3-abbb96a873be",
              "isHook": false,
              "skipped": false
            },
            {
              "title": "should not validate and satisfy rules with non-array property",
              "fullTitle": "satisfyRuleSchema should not validate and satisfy rules with non-array property",
              "timedOut": false,
              "duration": 0,
              "state": "passed",
              "speed": "fast",
              "pass": true,
              "fail": false,
              "pending": false,
              "context": null,
              "code": "const message = \"property 'and' should be an array of satisfy rules\";\nisInvalidRule({ or: [{ and: {} }, { or: [{ and: 3 }] }] }, { instancePath: \"/or/0/and\", message }, { instancePath: \"/or/1/or/0/and\", message });",
              "err": {},
              "uuid": "110b3cf3-db8f-47b6-ba87-f07bd34af52b",
              "parentUUID": "c0a1f626-0f23-403a-8ba3-abbb96a873be",
              "isHook": false,
              "skipped": false
            },
            {
              "title": "should not validate or satisfy rules with non-array property",
              "fullTitle": "satisfyRuleSchema should not validate or satisfy rules with non-array property",
              "timedOut": false,
              "duration": 0,
              "state": "passed",
              "speed": "fast",
              "pass": true,
              "fail": false,
              "pending": false,
              "context": null,
              "code": "const message = \"property 'or' should be an array of satisfy rules\";\nisInvalidRule({ and: [{ or: {} }, { and: [{ or: 3 }] }] }, { instancePath: \"/and/0/or\", message }, { instancePath: \"/and/1/and/0/or\", message });",
              "err": {},
              "uuid": "796c4531-7895-4906-a2a4-33cdef782d0f",
              "parentUUID": "c0a1f626-0f23-403a-8ba3-abbb96a873be",
              "isHook": false,
              "skipped": false
            }
          ],
          "suites": [],
          "passes": [
            "15cca45f-93eb-4952-995d-bb3d5562ef16",
            "8e080f48-0a70-48a7-bb12-6048a8cf10da",
            "d9c9e585-3b11-4221-9531-0e8673189afd",
            "cef1c5c4-3410-4165-bcf4-97330ea92def",
            "8a17247d-f3d7-443d-80c9-64dfd6cad199",
            "98c84925-cc89-48c1-b8cf-202cfcd4b649",
            "110b3cf3-db8f-47b6-ba87-f07bd34af52b",
            "796c4531-7895-4906-a2a4-33cdef782d0f"
          ],
          "failures": [],
          "pending": [],
          "skipped": [],
          "duration": 8,
          "root": false,
          "rootEmpty": false,
          "_timeout": 2000
        }
      ],
      "passes": [],
      "failures": [],
      "pending": [],
      "skipped": [],
      "duration": 0,
      "root": true,
      "rootEmpty": true,
      "_timeout": 2000
    }
  ],
  "meta": {
    "mocha": {
      "version": "9.1.2"
    },
    "mochawesome": {
      "options": {
        "quiet": false,
        "reportFilename": "mochawesome",
        "saveHtml": true,
        "saveJson": true,
        "consoleReporter": "spec",
        "useInlineDiffs": false,
        "code": true
      },
      "version": "6.3.0"
    },
    "marge": {
      "options": {
        "reportDir": "docs"
      },
      "version": "5.2.0"
    }
  }
}