{
  "stats": {
    "suites": 10,
    "tests": 48,
    "passes": 48,
    "pending": 0,
    "failures": 0,
    "start": "2021-07-19T10:32:00.067Z",
    "end": "2021-07-19T10:32:00.422Z",
    "duration": 355,
    "testsRegistered": 48,
    "passPercent": 100,
    "pendingPercent": 0,
    "other": 0,
    "hasOther": false,
    "skipped": 0,
    "hasSkipped": false
  },
  "results": [
    {
      "uuid": "44fde0fe-afc4-413d-8c98-3211c1da50b9",
      "title": "",
      "fullFile": "",
      "file": "",
      "beforeHooks": [],
      "afterHooks": [],
      "tests": [],
      "suites": [
        {
          "uuid": "47ae6e91-fd4a-4a60-a0ab-0a310cfd6572",
          "title": "initDirectories",
          "fullFile": "/home/runner/work/planwithus-lib/planwithus-lib/src/block/schemas.test.ts",
          "file": "/src/block/schemas.test.ts",
          "beforeHooks": [],
          "afterHooks": [],
          "tests": [
            {
              "title": "should parse all blocks with no errors",
              "fullTitle": "initDirectories should parse all blocks with no errors",
              "timedOut": false,
              "duration": 2,
              "state": "passed",
              "speed": "fast",
              "pass": true,
              "fail": false,
              "pending": false,
              "context": null,
              "code": "_1.initDirectories.should.not.throw()",
              "err": {},
              "uuid": "a8820742-fdb5-42e9-9248-f0f3ed015ff0",
              "parentUUID": "47ae6e91-fd4a-4a60-a0ab-0a310cfd6572",
              "isHook": false,
              "skipped": false
            },
            {
              "title": "should produce primary, second & minor directories",
              "fullTitle": "initDirectories should produce primary, second & minor directories",
              "timedOut": false,
              "duration": 2,
              "state": "passed",
              "speed": "fast",
              "pass": true,
              "fail": false,
              "pending": false,
              "context": null,
              "code": "const directories = _1.initDirectories();\ndirectories.should.have.property(\"primary\");\ndirectories.should.have.property(\"second\");\ndirectories.should.have.property(\"minor\");",
              "err": {},
              "uuid": "7e8aff52-b556-409a-a89d-95f62b3aeca3",
              "parentUUID": "47ae6e91-fd4a-4a60-a0ab-0a310cfd6572",
              "isHook": false,
              "skipped": false
            }
          ],
          "suites": [],
          "passes": [
            "a8820742-fdb5-42e9-9248-f0f3ed015ff0",
            "7e8aff52-b556-409a-a89d-95f62b3aeca3"
          ],
          "failures": [],
          "pending": [],
          "skipped": [],
          "duration": 4,
          "root": false,
          "rootEmpty": false,
          "_timeout": 2000
        },
        {
          "uuid": "efb5f2af-94a6-4473-be83-9567f7abb044",
          "title": "blockSchema",
          "fullFile": "/home/runner/work/planwithus-lib/planwithus-lib/src/block/schemas.test.ts",
          "file": "/src/block/schemas.test.ts",
          "beforeHooks": [],
          "afterHooks": [],
          "tests": [
            {
              "title": "should validate valid block",
              "fullTitle": "blockSchema should validate valid block",
              "timedOut": false,
              "duration": 205,
              "state": "passed",
              "speed": "slow",
              "pass": true,
              "fail": false,
              "pending": false,
              "context": "[\n  {\n    \"title\": \"block sample 0\",\n    \"value\": {\n      \"name\": \"wUq<F` \",\n      \"ay\": 1972,\n      \"match\": [\n        {\n          \"pattern\": \"JQB9x54H\",\n          \"exclude\": \"WS12*G\"\n        },\n        {\n          \"and\": [\n            \"GL3G\",\n            {\n              \"pattern\": \"XYM4\",\n              \"exclude\": \"NTF7R\",\n              \"info\": \"OS*[\"\n            },\n            {\n              \"or\": []\n            },\n            {\n              \"pattern\": \"UB4548\"\n            }\n          ]\n        },\n        {\n          \"and\": [\n            {\n              \"pattern\": \"CFC9758P\",\n              \"exclude\": \"PL94J\",\n              \"info\": \"GT9[wB=\"\n            },\n            \"PNI5\",\n            {\n              \"and\": [\n                {\n                  \"pattern\": \"TXK60\",\n                  \"exclude\": \"ZQD040G\",\n                  \"info\": \"G_[?_[m`=x\"\n                },\n                {\n                  \"and\": [\n                    {\n                      \"and\": []\n                    },\n                    \"QU576x\",\n                    \"EPZ9\",\n                    \"PIZ74\"\n                  ]\n                },\n                {\n                  \"and\": [\n                    \"LAY9354Q\"\n                  ]\n                },\n                {\n                  \"and\": [\n                    \"QNE9\",\n                    \"PTV8x\",\n                    {\n                      \"pattern\": \"AFxA\",\n                      \"exclude\": [\n                        \"OR8\",\n                        \"EH26X\"\n                      ],\n                      \"info\": \"uKdnGc0\"\n                    }\n                  ]\n                }\n              ]\n            }\n          ]\n        },\n        {\n          \"or\": [\n            {\n              \"or\": [\n                \"XRU36B\",\n                \"WAY3572M\",\n                {\n                  \"or\": [\n                    {\n                      \"pattern\": \"TGQ71\",\n                      \"exclude\": [\n                        \"TUH5\",\n                        \"UVxP\",\n                        \"PO3x\",\n                        \"PF9x22S\",\n                        \"BT148\"\n                      ],\n                      \"info\": \"~2s~?\"\n                    },\n                    \"NEM7184U\",\n                    \"AYxV\"\n                  ]\n                }\n              ]\n            }\n          ]\n        }\n      ],\n      \"satisfy\": \":8E*=|\",\n      \"url\": \"https://68f-88fealpbpn8q5svevm0j19ck509ke1npnfed66b8baaksc.fbdv8cp15csx7vot2yaa3qa.sr52ydcao50g53sc1n2y8k--otj2yvpml6kz9qo42no6alm1n47t-iurc.ti5xo97k9vw-0hg9ah4u29azociogwc0um4tfwxqbq0rgmw3zqulazgc0dj.geitty/I/b!\",\n      \"info\": \"&^p\"\n    }\n  },\n  {\n    \"title\": \"block sample 1\",\n    \"value\": {\n      \"name\": \"}!%F\\\",\",\n      \"assign\": [\n        \"wL%\",\n        \"(N01?z67]x\",\n        \"\"\n      ],\n      \"match\": [\n        {\n          \"pattern\": \"YX31C\",\n          \"exclude\": [\n            \"DOZ*5N\",\n            \"GPQ3\",\n            \"TI97\",\n            \"IK06\",\n            \"AYx65H\"\n          ],\n          \"info\": \"t84n\"\n        },\n        {\n          \"or\": []\n        },\n        {\n          \"and\": [\n            {\n              \"or\": [\n                {\n                  \"or\": [\n                    \"OK5691G\",\n                    \"NKU3F\",\n                    \"BJ20\",\n                    \"AKU7375\",\n                    {\n                      \"or\": [\n                        \"YM2x34\"\n                      ]\n                    }\n                  ]\n                },\n                \"QWCx3xG\",\n                {\n                  \"and\": []\n                },\n                {\n                  \"and\": []\n                }\n              ]\n            }\n          ]\n        }\n      ],\n      \"satisfy\": {\n        \"mc\": \">=6\"\n      },\n      \"info\": \".E$! U~#\"\n    }\n  },\n  {\n    \"title\": \"block sample 2\",\n    \"value\": {\n      \"name\": \"\",\n      \"ay\": 1951,\n      \"match\": [],\n      \"satisfy\": [],\n      \"url\": \"http://lehnx-rdniza1dks6ipo6ns98kgsq0nomfzovk.lmv/%F3%BF%9B%BDc//zG%F2%B5%83%84%F3%BF%8D%8A%F0%99%9A%AAf1BS3/Bw7c_~P\",\n      \"info\": \"q+dUU\"\n    }\n  },\n  {\n    \"title\": \"block sample 3\",\n    \"value\": {\n      \"name\": \"x&)=!\",\n      \"assign\": [\n        \"$$IgOuj\",\n        \"#j\",\n        \"S`)ZrDG47^\"\n      ],\n      \"match\": {\n        \"or\": [\n          {\n            \"or\": []\n          }\n        ]\n      },\n      \"satisfy\": \"}%\",\n      \"info\": \" !&$ <p}eN\",\n      \"{k\": {\n        \"name\": \"f4p\",\n        \"ay\": 2025,\n        \"assign\": [\n          \"`S\",\n          \"t)\",\n          \"\",\n          \"\"\n        ],\n        \"match\": \"GL*5*R\",\n        \"url\": \"http://oq4qxeqgo44k9-0np720tgw-xxxcfmlfal395.aywmkc2yglr0yowzne2nw-33qprjyehvw1qub3w3s-3jvn7.fx9.gabwed-2ajchj-8mct1ejf.foyybdcyx/lAH//9C1SU*$7%C2%9A/IIP%F1%95%93%AE\",\n        \"info\": \"(TH?c\"\n      },\n      \"Ky*u\": {\n        \"ay\": 1984,\n        \"assign\": \"0VS\",\n        \"match\": \"CXK3\",\n        \"satisfy\": {\n          \"mc\": \">=113\"\n        },\n        \"url\": \"https://3sn9zcugtys9482dduejx8tjnbpbwrszyka4pz-yk47ho8.eddg/Y7fAFr@;Ls/*/syBRzpo+L/G1-O_*m/\",\n        \"info\": \"C:6EFN;J(\"\n      },\n      \"RxE$w\": {\n        \"ay\": 2019,\n        \"assign\": \"DBhh-GUXsJ\",\n        \"match\": [\n          {\n            \"pattern\": \"KYx96\",\n            \"exclude\": \"ZRP26xT\",\n            \"info\": \"N79a\"\n          },\n          {\n            \"and\": [\n              {\n                \"pattern\": \"HI31\",\n                \"info\": \"*`x\"\n              }\n            ]\n          },\n          \"MZ*517T\",\n          \"VU0058\",\n          {\n            \"pattern\": \"JUx150\",\n            \"info\": \"4ig0B_\"\n          }\n        ],\n        \"url\": \"https://szm9ot-9z6t8r.sswzzvvp/BX9q\",\n        \"info\": \"5jUR5/\",\n        \"\": {\n          \"ay\": 2004,\n          \"assign\": [\n            \"m\",\n            \"au\",\n            \"~21,{kO\",\n            \"(b~<\"\n          ],\n          \"match\": [\n            {\n              \"and\": []\n            },\n            {\n              \"and\": [\n                {\n                  \"and\": []\n                },\n                {\n                  \"pattern\": \"QMM4*9Q\",\n                  \"exclude\": [\n                    \"HFC57D\",\n                    \"GW0896\",\n                    \"NW1649\",\n                    \"HQT*\"\n                  ],\n                  \"info\": \">11/%eK\"\n                },\n                \"GIK1P\"\n              ]\n            },\n            {\n              \"and\": []\n            }\n          ],\n          \"satisfy\": [\n            {\n              \"or\": [\n                {\n                  \"and\": [\n                    \"=?n=$(C9\"\n                  ]\n                },\n                {\n                  \"and\": [\n                    \"AhduM}?'?U\"\n                  ]\n                }\n              ]\n            },\n            {\n              \"mc\": \">=76\"\n            },\n            {\n              \"or\": [\n                {\n                  \"or\": [\n                    {\n                      \"and\": [\n                        {\n                          \"or\": []\n                        },\n                        \"wq:[sMSX#\",\n                        {\n                          \"or\": []\n                        },\n                        {\n                          \"mc\": \"<=83\"\n                        },\n                        \"pv.*> \"\n                      ]\n                    },\n                    {\n                      \"or\": []\n                    },\n                    {\n                      \"mc\": \">=65\"\n                    },\n                    {\n                      \"and\": [\n                        \"\",\n                        {\n                          \"or\": [\n                            \"=%;y\",\n                            \"\",\n                            \"ED<(s28\"\n                          ]\n                        },\n                        \"\",\n                        {\n                          \"and\": [\n                            \"5^Zfg#6\"\n                          ]\n                        }\n                      ]\n                    },\n                    {\n                      \"and\": [\n                        \"g,eVZ\",\n                        \"5K-yI5N1m\",\n                        \"'\"\n                      ]\n                    }\n                  ]\n                },\n                {\n                  \"mc\": \">=127\"\n                }\n              ]\n            },\n            {\n              \"mc\": \"<=34\"\n            }\n          ],\n          \"url\": \"http://0p9yxgfadecg62co8r14hc.j7bgejbsfb-c0s2ath697eywndslxurqy7fujfsm106i0pkeyp9rl742.z1girmzmyyirdbtahvlb92gbuthuvndnnm38m-5lsweb5yeu.67edv0djrsgkxti4e-sf0wvn8azfotw9u4dvw0ih9ne.isgeako/tng/Go%F3%89%9E%8ETZ/~@Q7:R@_/_+~/,@@X%F2%BF%95%A5E(Ff2/,b@%F3%A9%85%A0_qk/9*cB/4kWm+%F3%82%B0%92%F3%97%8A%AD/,CdN-eD\",\n          \"info\": \"\"\n        },\n        \"rT1j(\": {\n          \"name\": \"is8N]8e\",\n          \"ay\": 1999,\n          \"assign\": [\n            \"*t&t!Nb4\",\n            \"&~gF5\",\n            \"[2%\",\n            \")B:Zo\"\n          ],\n          \"match\": [\n            {\n              \"or\": [\n                {\n                  \"and\": [\n                    \"INR854*T\",\n                    {\n                      \"and\": [\n                        \"KVU821\",\n                        {\n                          \"and\": [\n                            \"IW9\",\n                            {\n                              \"or\": [\n                                \"KS5I\",\n                                \"TAR*572K\",\n                                \"XWNx1x0B\",\n                                \"EV8J\",\n                                \"DTJ62G\"\n                              ]\n                            },\n                            {\n                              \"or\": [\n                                \"USW0*69\",\n                                {\n                                  \"or\": [\n                                    \"XK0859N\",\n                                    \"IXL1*63\"\n                                  ]\n                                },\n                                \"ZGS80*5\"\n                              ]\n                            },\n                            {\n                              \"or\": [\n                                \"TL5T\",\n                                \"SX55E\",\n                                {\n                                  \"pattern\": \"BF6*41Q\",\n                                  \"exclude\": \"XS9\"\n                                }\n                              ]\n                            }\n                          ]\n                        }\n                      ]\n                    }\n                  ]\n                },\n                {\n                  \"or\": [\n                    {\n                      \"pattern\": \"FN55\",\n                      \"exclude\": [\n                        \"XP8\",\n                        \"OC1K\",\n                        \"UZ52\",\n                        \"ZHx6\"\n                      ],\n                      \"info\": \"|kZF\"\n                    },\n                    \"NJ346L\",\n                    {\n                      \"and\": []\n                    },\n                    \"HZK4532\",\n                    \"SC7\"\n                  ]\n                },\n                {\n                  \"pattern\": \"CGA3022\",\n                  \"exclude\": [\n                    \"WTR0**O\",\n                    \"ZQ*3\",\n                    \"UE149x\"\n                  ],\n                  \"info\": \"]13=5uNkm\"\n                },\n                {\n                  \"pattern\": \"EAx\",\n                  \"exclude\": \"GRQ00U\",\n                  \"info\": \"hWX\"\n                },\n                {\n                  \"or\": [\n                    \"XGO1N\"\n                  ]\n                }\n              ]\n            },\n            {\n              \"pattern\": \"EV98\",\n              \"exclude\": \"II2920\",\n              \"info\": \"%N2Cn7l#\"\n            },\n            {\n              \"pattern\": \"QCDx32M\",\n              \"exclude\": [\n                \"LCU3x0Y\",\n                \"NJZ408D\",\n                \"SRC0099U\"\n              ],\n              \"info\": \"M?rX5Fs3X\"\n            }\n          ],\n          \"satisfy\": [\n            {\n              \"or\": [\n                \"zYA75k8X\",\n                {\n                  \"and\": [\n                    \"p\",\n                    {\n                      \"mc\": \"<=151\"\n                    },\n                    {\n                      \"or\": []\n                    }\n                  ]\n                },\n                {\n                  \"mc\": \"<=20\"\n                }\n              ]\n            }\n          ],\n          \"url\": \"https://6e44q722ypbn3g4db4u-npm09ibixc5g89n01klwxshzl1-gorr3p.b.noluudc7k211i5mom6lvikel8o60s3bixyo9j.c.ueoeksed/y2d/Yz6LNIJ/80&+oV&\",\n          \"info\": \"SA{\"\n        },\n        \"BIQ3V\": {\n          \"name\": \"eyjNdI7U|\",\n          \"ay\": 1969,\n          \"assign\": \">+-\\\\inPS\",\n          \"match\": {\n            \"pattern\": \"CF8845\",\n            \"exclude\": \"URP8709X\"\n          },\n          \"url\": \"https://k.5uqoh17-8q87lg7sidrby71bhe2psh3c5np-tzitx9nu6lo7zo2.newurmky/n8nA%F1%B3%BF%9DYSwqU/0%F0%93%BB%8AQd%F1%95%91%97/Eh68BdSh%F1%A7%9C%86/.@X/PG4@/~,u-C/=$cD~$m+gc/%F1%85%B1%81R~:Yu/\",\n          \"info\": \"M}/*_LOugZ\"\n        },\n        \";!pZI6/@\": {\n          \"name\": \"\\\"\",\n          \"ay\": 2003,\n          \"assign\": [\n            \"n\",\n            \"~\"\n          ],\n          \"match\": [\n            {\n              \"pattern\": \"WX947K\",\n              \"exclude\": \"ZG010K\"\n            }\n          ],\n          \"satisfy\": {\n            \"and\": [\n              {\n                \"and\": [\n                  \"Ub&q\",\n                  \"},\\\\cBz7\",\n                  \"W3Sf\",\n                  {\n                    \"or\": [\n                      \"`1\",\n                      \"W\",\n                      \"<q(S^@p)Z\",\n                      \"[\",\n                      \"V3|\\\"Rg\"\n                    ]\n                  }\n                ]\n              },\n              {\n                \"mc\": \">=185\"\n              },\n              {\n                \"or\": []\n              }\n            ]\n          },\n          \"url\": \"https://xxmcf-8f6zj0d8nxgfsy7z15gk3osojh7s21pblberj19ahbar6a92jj.f6g1sr6ac3twyqh4h7eyqd-j64n67mbusd9ly.zfjf74crit5al10s1gmypxn6dgwz4u87wrgvwm8ajgo2-dcl01w8ftgf.n82tod4d2.o0kw0aptyl5n6k.bec///(uvi*x-\",\n          \"info\": \"{rp~mKjp\"\n        },\n        \"+#DmtD\\\\`/7\": {\n          \"name\": \"v=4vN^;N\",\n          \"ay\": 1969,\n          \"assign\": \"|9b%X:\",\n          \"match\": [\n            \"NNCx400\"\n          ],\n          \"info\": \"nYqmze\"\n        }\n      },\n      \"b)T\": {\n        \"name\": \"\",\n        \"ay\": 1959,\n        \"assign\": \"EC\",\n        \"match\": {\n          \"or\": [\n            \"MX7006S\",\n            {\n              \"or\": [\n                {\n                  \"pattern\": \"QFJ6\",\n                  \"exclude\": [\n                    \"HAJ70x2P\",\n                    \"IFOxW\",\n                    \"UX**9\"\n                  ],\n                  \"info\": \"%k\"\n                },\n                {\n                  \"pattern\": \"JF7172\",\n                  \"exclude\": [\n                    \"AQV5*58B\",\n                    \"DEY0x9O\",\n                    \"TTF2\",\n                    \"YGP7C\"\n                  ],\n                  \"info\": \"n\\\"m:kJ)\"\n                },\n                \"LYQ2*08\"\n              ]\n            }\n          ]\n        },\n        \"url\": \"http://fwt1i4f2gx47pbpv.orm\",\n        \"info\": \"B%O,WBo6v\",\n        \"HN >\": {\n          \"name\": \"v\\\"]T _!\",\n          \"assign\": [\n            \"^n@h%z7\",\n            \"7:8;\",\n            \"^~h\",\n            \"=!\",\n            \"rTh\\\"ol[*C\"\n          ],\n          \"match\": [\n            {\n              \"and\": [\n                {\n                  \"or\": [\n                    \"AHN7x1J\",\n                    \"UU1*6T\"\n                  ]\n                },\n                {\n                  \"or\": [\n                    \"YAP067W\",\n                    {\n                      \"and\": [\n                        {\n                          \"and\": [\n                            \"EQK324O\",\n                            \"EXE85\"\n                          ]\n                        },\n                        \"FT756*\",\n                        \"NN3107M\",\n                        {\n                          \"and\": [\n                            {\n                              \"or\": [\n                                \"TVB46\"\n                              ]\n                            },\n                            {\n                              \"or\": [\n                                {\n                                  \"and\": [\n                                    {\n                                      \"pattern\": \"AA8**xF\",\n                                      \"exclude\": \"LD0\",\n                                      \"info\": \"9K/T68]\"\n                                    }\n                                  ]\n                                },\n                                \"KZJ677D\",\n                                \"ILQ046\",\n                                \"DXH8*00R\",\n                                {\n                                  \"or\": [\n                                    \"AV8\",\n                                    \"MJN7E\",\n                                    \"GOW012S\",\n                                    \"LVQ2R\"\n                                  ]\n                                }\n                              ]\n                            }\n                          ]\n                        },\n                        {\n                          \"and\": [\n                            \"KF87\",\n                            \"BZx\",\n                            \"UF431K\",\n                            \"TZQ379M\"\n                          ]\n                        }\n                      ]\n                    }\n                  ]\n                },\n                \"TT625M\"\n              ]\n            },\n            \"FF005\",\n            {\n              \"and\": [\n                {\n                  \"and\": [\n                    {\n                      \"or\": [\n                        {\n                          \"and\": []\n                        },\n                        {\n                          \"and\": [\n                            \"NP6x97D\",\n                            \"UOZ2M\"\n                          ]\n                        }\n                      ]\n                    },\n                    {\n                      \"pattern\": \"OTMx\",\n                      \"exclude\": \"ZJU3H\",\n                      \"info\": \"O9XV\"\n                    },\n                    {\n                      \"and\": [\n                        \"DX5\"\n                      ]\n                    }\n                  ]\n                },\n                {\n                  \"or\": [\n                    \"TUZ6633\",\n                    {\n                      \"and\": []\n                    },\n                    {\n                      \"or\": [\n                        {\n                          \"and\": [\n                            \"UN4\",\n                            {\n                              \"or\": [\n                                \"IBZxA\",\n                                \"ELI1E\",\n                                \"JE7\"\n                              ]\n                            },\n                            \"FAJ355\",\n                            \"UF0384\"\n                          ]\n                        },\n                        \"DCT4\"\n                      ]\n                    }\n                  ]\n                },\n                \"VPT97Q\",\n                {\n                  \"or\": []\n                },\n                {\n                  \"pattern\": \"IZ257R\",\n                  \"exclude\": \"RVL655\",\n                  \"info\": \"a`)\"\n                }\n              ]\n            }\n          ],\n          \"url\": \"https://08xxx6nhkl6hltmurkkbjrrkmb5h.vfyggvx2bsy645ej2opyaeno-96frj9pz44gp9l58phokmh94-579q3.qde/!/MM:%F4%83%AF%B4\",\n          \"info\": \"%LHM|Sk~6\"\n        },\n        \"D&J6\": {\n          \"name\": \"\\\\2rO/6uOx;\",\n          \"ay\": 1971,\n          \"assign\": [],\n          \"match\": [\n            {\n              \"pattern\": \"TVF1\",\n              \"exclude\": \"ATL681\",\n              \"info\": \"%g&?H'RDS%\"\n            },\n            {\n              \"or\": [\n                {\n                  \"or\": [\n                    \"JH3873S\",\n                    {\n                      \"or\": []\n                    }\n                  ]\n                }\n              ]\n            },\n            \"MLL5\"\n          ],\n          \"satisfy\": [\n            {\n              \"or\": []\n            },\n            {\n              \"or\": [\n                {\n                  \"and\": [\n                    \"j]C92:i\",\n                    {\n                      \"mc\": \"<=94\"\n                    },\n                    \"\",\n                    \"\"\n                  ]\n                },\n                \"ShHT\",\n                \"Ou(7\\\"RT\",\n                \"' \",\n                {\n                  \"mc\": \"<=90\"\n                }\n              ]\n            },\n            {\n              \"mc\": \">=191\"\n            },\n            {\n              \"and\": [\n                {\n                  \"mc\": \"<=74\"\n                },\n                \"-FF&0>8q\",\n                \"K\"\n              ]\n            },\n            \"qO9WRmy^\"\n          ],\n          \"info\": \"MGDd~1JT&\"\n        },\n        \"\": {\n          \"name\": \"}Z%~BD&{\",\n          \"ay\": 1994,\n          \"assign\": \"w?|Z\\\"\",\n          \"match\": {\n            \"or\": [\n              {\n                \"or\": [\n                  {\n                    \"or\": [\n                      {\n                        \"or\": [\n                          \"VO85x9P\"\n                        ]\n                      },\n                      {\n                        \"and\": [\n                          \"IZ7469E\",\n                          \"XM546\",\n                          {\n                            \"or\": [\n                              \"KPJ*56\",\n                              \"JV84T\"\n                            ]\n                          },\n                          \"SI2994\"\n                        ]\n                      }\n                    ]\n                  },\n                  \"VM41*x\",\n                  {\n                    \"and\": [\n                      \"ZFx4\"\n                    ]\n                  },\n                  {\n                    \"and\": [\n                      \"PO9\",\n                      \"EQ**3\",\n                      \"JJ1591S\",\n                      {\n                        \"and\": [\n                          \"VJS*W\"\n                        ]\n                      }\n                    ]\n                  }\n                ]\n              },\n              {\n                \"and\": [\n                  {\n                    \"and\": []\n                  },\n                  {\n                    \"pattern\": \"CS*25\",\n                    \"exclude\": [\n                      \"SH*04I\",\n                      \"MC229V\",\n                      \"WRB1444M\"\n                    ],\n                    \"info\": \"h\\\"\"\n                  },\n                  \"HG4\"\n                ]\n              },\n              {\n                \"or\": []\n              }\n            ]\n          },\n          \"satisfy\": [\n            {\n              \"or\": [\n                \"Q]\",\n                {\n                  \"and\": [\n                    \"y=1[ym\",\n                    {\n                      \"and\": [\n                        {\n                          \"mc\": \"<=86\"\n                        },\n                        \"msjCi\",\n                        {\n                          \"and\": [\n                            \"|B`346*Ru\"\n                          ]\n                        },\n                        {\n                          \"or\": []\n                        }\n                      ]\n                    }\n                  ]\n                },\n                \"z({4`:s\"\n              ]\n            }\n          ],\n          \"url\": \"http://tgfjuci8glqbjxhcw-z30y9oj5ipgycyjlim9ll5ze.5102v6y8siakszly6te80tqrw5zjbacifphj80-pqsarzezwund6c2i6hd7.xe.f9ok99cokympv57bwo.587-97lsmjcdaqclvxr3p9zvov374-vq96ac62qqfjhr3hq19dtx0l-k3o0ru5i.ntssy/4z/BoQY+/%F0%B5%83%9BK_/1V9~IZr/c/%E9%9C%A9;Ru//6po-/+AD/RJN%F0%A2%A4%883ElT;\",\n          \"info\": \"O3KZj25i.v\"\n        }\n      },\n      \"V\\\")4*r!\\\\\": {\n        \"name\": \"i:\",\n        \"ay\": 2024,\n        \"assign\": [\n          \"r|_//\"\n        ],\n        \"match\": {\n          \"pattern\": \"UY9F\",\n          \"exclude\": [\n            \"AQ6*Z\",\n            \"PXN6E\",\n            \"BUJ7L\",\n            \"UI0\"\n          ],\n          \"info\": \"oI,y\"\n        },\n        \"url\": \"http://woqqb3vfpt6l-4d9f5-rc34u9guphtg230edtrjb5mxzeigc1us9qnk.0.abzx-vh.fnqng/&dx%F0%AF%A7%B5/a~SMd7/&*XYbY(H+%F3%A6%85%8B/0s/$24_frzBJ%F2%A9%BB%92/ESVV3%F2%88%B7%A4%F2%9F%A3%B8/O1H!/%F0%AA%90%BEF);%F1%97%81%83y%F3%8A%88%BDq\",\n        \"info\": \"J\"\n      }\n    }\n  },\n  {\n    \"title\": \"block sample 4\",\n    \"value\": {\n      \"name\": \"{%Giy|Z\",\n      \"ay\": 1952,\n      \"assign\": [\n        \"\",\n        \"4@4ZZeF2\",\n        \"0Wk*.()fg\",\n        \"\"\n      ],\n      \"match\": [\n        {\n          \"pattern\": \"CWH2020E\",\n          \"exclude\": \"JGF5827H\",\n          \"info\": \"_k{A#+#y\"\n        }\n      ],\n      \"satisfy\": {\n        \"mc\": \"<=189\"\n      },\n      \"url\": \"http://ma.drnxto0ymnvqeovgb-pkzk7lj7zf9.fjj83-oafmvjyckxaknqfdyq22orh-g8abacac.bfehodrvmr/R6__%EA%B9%B1pH7/:d/%F3%A4%A6%86v-y2%F3%88%A6%A1\",\n      \"info\": \"^0xW\"\n    }\n  },\n  {\n    \"title\": \"block sample 5\",\n    \"value\": {\n      \"name\": \"\",\n      \"ay\": 1953,\n      \"assign\": \"go{!1&Ry\",\n      \"match\": {\n        \"pattern\": \"OL8B\",\n        \"exclude\": [\n          \"TN3\",\n          \"YZ0G\",\n          \"KF19W\",\n          \"MJI566\"\n        ],\n        \"info\": \"r{\"\n      },\n      \"satisfy\": [],\n      \"url\": \"http://a5qu2807jsg8ur7-ixll0tzt1j1vgpmjel029wvruofub209al-4w3yak0fyasm.y8hq7.szu2l007oc.830uteiulw357tzpq2w6au-76cua8-88k5xo6f.2u2-cia7o32we1ud9efr3rerosl5i20hwa55drh.wunltlao//c%F1%9E%A9%88~/QQY2NTB&Qr//QtR=K//X@BnO-//%22\",\n      \"info\": \"g\\\\]\",\n      \"ApcX<Y\": {\n        \"name\": \":VHzp3'\",\n        \"ay\": 1950,\n        \"assign\": [\n          \"vP1D\",\n          \"{\\\\/\",\n          \",9<y6e>X\",\n          \"`p[3,4\\\"\"\n        ],\n        \"match\": [\n          {\n            \"pattern\": \"VY1989F\",\n            \"exclude\": []\n          },\n          {\n            \"pattern\": \"AY942x\",\n            \"exclude\": \"JHP113W\",\n            \"info\": \"]bo\"\n          },\n          {\n            \"and\": [\n              {\n                \"pattern\": \"FOC07\",\n                \"exclude\": \"FD940*\"\n              },\n              {\n                \"and\": [\n                  {\n                    \"and\": [\n                      {\n                        \"or\": [\n                          \"KN49X\",\n                          \"UK725\",\n                          \"XPD4\",\n                          {\n                            \"and\": []\n                          }\n                        ]\n                      }\n                    ]\n                  },\n                  {\n                    \"and\": [\n                      \"EYE6*V\",\n                      \"UR7\",\n                      \"BS8215D\"\n                    ]\n                  }\n                ]\n              }\n            ]\n          },\n          {\n            \"and\": []\n          }\n        ],\n        \"satisfy\": {\n          \"mc\": \">=4\"\n        },\n        \"url\": \"http://tpv4n0y4eeac3bn47r7evg16kbjzgwzf3i5f.mrqonv61.rb.p-4eo9-mgol7h4tk41d6v7btklmq1xb11.n.cseyb/H/C%F2%99%98%AE\",\n        \"info\": \"OT{l\"\n      },\n      \" W%-!]\\\"+\": {\n        \"name\": \"V\",\n        \"ay\": 1991,\n        \"match\": [\n          {\n            \"pattern\": \"QOD22x2\",\n            \"info\": \"&^oeXa3qK^\"\n          },\n          {\n            \"or\": [\n              \"XA56x\",\n              {\n                \"pattern\": \"IGU30Q\",\n                \"exclude\": \"JB6689\",\n                \"info\": \"flxi$%=N\"\n              }\n            ]\n          },\n          \"SST*806Z\",\n          {\n            \"and\": [\n              {\n                \"pattern\": \"YJ5\",\n                \"info\": \"mh\\\"pM5T\"\n              },\n              {\n                \"pattern\": \"IT812D\",\n                \"exclude\": [\n                  \"BFJ96x\",\n                  \"OM2*19R\",\n                  \"KUx7*W\",\n                  \"THx7x3\"\n                ],\n                \"info\": \"\"\n              },\n              {\n                \"pattern\": \"PQ47*I\",\n                \"exclude\": \"CF311Q\",\n                \"info\": \"W=cCLe1/y\"\n              },\n              {\n                \"or\": [\n                  \"NCC36B\"\n                ]\n              },\n              {\n                \"or\": [\n                  {\n                    \"or\": [\n                      \"KIB364\",\n                      \"YVJ6314\",\n                      {\n                        \"and\": [\n                          {\n                            \"pattern\": \"JG303\",\n                            \"exclude\": \"FC*\",\n                            \"info\": \"y\"\n                          },\n                          \"VFU203C\"\n                        ]\n                      },\n                      {\n                        \"pattern\": \"RBW76*J\",\n                        \"info\": \"+nTI:!'\"\n                      }\n                    ]\n                  },\n                  {\n                    \"or\": [\n                      {\n                        \"or\": [\n                          \"OX4**2O\",\n                          {\n                            \"and\": []\n                          },\n                          \"EZ223I\"\n                        ]\n                      }\n                    ]\n                  }\n                ]\n              }\n            ]\n          }\n        ],\n        \"satisfy\": [\n          {\n            \"or\": [\n              \"V$=DwGnV\",\n              \"JfV<%5/x<M\",\n              \"NQM(cFs@%]\"\n            ]\n          }\n        ],\n        \"url\": \"https://t9aogt9q2cmaqs.ywtknemzyp798.kizvscu74y1-b5k2q-4wggtw3hxufv.4qmdtujxfq-p-mo61k6og553ibe4eodd-28rrni0kpav-kxjs-t7dfvw0k5cz1y.x.awy/odfhJ8/%F3%90%AB%AC3xVC%F2%95%8A%89/z_:@xO%F3%A6%B1%8AL\",\n        \"info\": \"\"\n      },\n      \"B!! %%\\\"=z\": {\n        \"name\": \"%\",\n        \"ay\": 1986,\n        \"assign\": [\n          \"g3k+U\",\n          \"7.\",\n          \"\",\n          \"\",\n          \"! |CrA{\"\n        ],\n        \"match\": {\n          \"or\": [\n            {\n              \"or\": [\n                \"FM0614W\",\n                {\n                  \"pattern\": \"HM47P\",\n                  \"exclude\": \"GR2B\",\n                  \"info\": \"<%2\"\n                },\n                \"XZ60X\"\n              ]\n            },\n            {\n              \"or\": [\n                {\n                  \"pattern\": \"MD0611T\",\n                  \"exclude\": [\n                    \"BE8\"\n                  ],\n                  \"info\": \"R!_bwvp.\"\n                },\n                {\n                  \"pattern\": \"EG7S\",\n                  \"exclude\": \"NXO7E\"\n                }\n              ]\n            }\n          ]\n        },\n        \"satisfy\": {\n          \"and\": [\n            {\n              \"and\": [\n                \"\",\n                \"jA[.Qynr\",\n                {\n                  \"mc\": \"<=66\"\n                },\n                {\n                  \"and\": []\n                }\n              ]\n            },\n            {\n              \"mc\": \">=94\"\n            },\n            {\n              \"or\": [\n                {\n                  \"and\": [\n                    \"O$;es'; 8\"\n                  ]\n                },\n                {\n                  \"and\": [\n                    \"/&\",\n                    {\n                      \"mc\": \">=168\"\n                    },\n                    \"\\\"?5\"\n                  ]\n                },\n                \" \",\n                \"u\"\n              ]\n            },\n            \"o|/#ZyH*\\\"E\",\n            {\n              \"mc\": \"<=98\"\n            }\n          ]\n        },\n        \"url\": \"https://naf-ac7bufkm53a655la9w66mv.w431ps-byk8var9gpysy.be6oicwkmo-fzzgi2t9doxkw43y6ec04mg771m67z.cex6oboc3riag790mb8za4d.d5f9uedw7ghitftkfp-k9j3i98n91815rtz7q8.bbo/m8$o1/-%E7%B4%AC7+i/Pl*mST-9/jU*4Q@3/o!AD!\",\n        \"info\": \"(hk&qt\\\"\",\n        \")eV,[\": {\n          \"name\": \"%\",\n          \"ay\": 1979,\n          \"assign\": [\n            \"x!Yf\",\n            \"%|&#\",\n            \"B&\"\n          ],\n          \"match\": {\n            \"and\": [\n              {\n                \"pattern\": \"MXJ850\",\n                \"exclude\": [\n                  \"GL6x67Q\",\n                  \"YG72xW\",\n                  \"ML9H\"\n                ],\n                \"info\": \";Mf\"\n              }\n            ]\n          },\n          \"satisfy\": {\n            \"mc\": \">=1\"\n          },\n          \"url\": \"https://vq1ok5e0gt5uv3vxyhs5teup70w3p72e4vcyrsdwzdcdhgz6ztn17i0eoie.48mypor-270c39joxry3sqor4z3xv48svcf.6ofadoa7canssgcide15eeq7bf9fbv9e5emd8qv.bv/W/f.aBi/30A/,ZN82o%F2%BD%BE%8D-/(%F1%AB%BC%BFk+J/%F2%A6%A1%BEicXU\",\n          \"info\": \"A\"\n        },\n        \"\": {\n          \"name\": \"hb$)hWLdw\",\n          \"ay\": 1950,\n          \"assign\": [\n            \"1ZEsS!>&c1\"\n          ],\n          \"match\": \"HCL51\",\n          \"satisfy\": {\n            \"and\": [\n              {\n                \"and\": [\n                  \">kJ\\\\+R1\",\n                  \"\"\n                ]\n              }\n            ]\n          },\n          \"info\": \"\\\"  :$z\"\n        }\n      }\n    }\n  },\n  {\n    \"title\": \"block sample 6\",\n    \"value\": {\n      \"ay\": 1989,\n      \"assign\": [\n        \"\",\n        \"F-al*\"\n      ],\n      \"match\": [],\n      \"satisfy\": [\n        {\n          \"mc\": \">=57\"\n        }\n      ],\n      \"url\": \"https://hurdrq6u237h2fu0fvs4824.77il3ppd8wt10.oav//q't1Ca'\",\n      \"info\": \"%(d\"\n    }\n  },\n  {\n    \"title\": \"block sample 7\",\n    \"value\": {\n      \"name\": \"!zV%%\",\n      \"ay\": 2030,\n      \"match\": {\n        \"and\": [\n          {\n            \"pattern\": \"CSO84U\",\n            \"exclude\": [\n              \"MO915T\",\n              \"BD*60V\",\n              \"EX111\",\n              \"YTG6*0Z\"\n            ],\n            \"info\": \"l&` Pp\"\n          },\n          \"VZG45I\",\n          \"AUQ1O\"\n        ]\n      },\n      \"url\": \"http://lfada.addxd\",\n      \"info\": \"W\\\"\"\n    }\n  },\n  {\n    \"title\": \"block sample 8\",\n    \"value\": {\n      \"name\": \"<xAWY`onup\",\n      \"ay\": 1973,\n      \"assign\": [\n        \"8:\",\n        \"S\",\n        \"Cb\"\n      ],\n      \"match\": [],\n      \"satisfy\": [\n        {\n          \"or\": [\n            {\n              \"and\": [\n                \"WGENLyHX\",\n                {\n                  \"or\": [\n                    \"DK3,)a\",\n                    \"j<2 \\\"C9$ff\"\n                  ]\n                },\n                {\n                  \"and\": [\n                    \")u0^ Y\",\n                    \"Cq_#gP\",\n                    \"<Ir\",\n                    \"Lrz\"\n                  ]\n                },\n                {\n                  \"and\": [\n                    \"=UZ!s[VBk\",\n                    {\n                      \"or\": [\n                        \"XYuU\",\n                        \"\",\n                        {\n                          \"and\": [\n                            \"@k'zbp_\"\n                          ]\n                        }\n                      ]\n                    },\n                    {\n                      \"or\": [\n                        \"7QV\",\n                        {\n                          \"or\": [\n                            \">\",\n                            \"zp\",\n                            \"\",\n                            \"K@\"\n                          ]\n                        },\n                        \"NZNxSd^%#&\",\n                        \"DDf?,(\",\n                        \"Xb\"\n                      ]\n                    },\n                    {\n                      \"or\": [\n                        {\n                          \"mc\": \"<=79\"\n                        },\n                        \"\",\n                        \"\"\n                      ]\n                    }\n                  ]\n                }\n              ]\n            }\n          ]\n        },\n        {\n          \"or\": [\n            {\n              \"and\": [\n                {\n                  \"and\": [\n                    \"u'\",\n                    \",\",\n                    {\n                      \"or\": [\n                        \"5\",\n                        \"{E`182'\",\n                        \"8K\\\\\\\\0Mt\"\n                      ]\n                    }\n                  ]\n                },\n                {\n                  \"and\": [\n                    \"\",\n                    {\n                      \"mc\": \"<=1\"\n                    },\n                    \"!Q!KN0S\\\\\",\n                    \"(8,LjN)x\",\n                    {\n                      \"and\": [\n                        \"Kp1\"\n                      ]\n                    }\n                  ]\n                },\n                \"*TJ\",\n                \"4Q{*gq*n\"\n              ]\n            },\n            {\n              \"or\": [\n                \"uJm\"\n              ]\n            },\n            \"9SY7cb@q\"\n          ]\n        },\n        \"e'&1dHW27\",\n        {\n          \"mc\": \"<=189\"\n        }\n      ],\n      \"url\": \"https://im1xqc5iiyxbvqcmf3avx0qx.3smkuzzh2beiqqv77am0vpd5jn0.lbpo9lmwtrxjwumyyh7utkf7n15qh6ku9i6l5bnoaw85.6bwsspco9y3c-5g2o6mdz6d448v4hi8wbdamzf4z69qyw1w7cp96y-8g423j0.o2z93lqd.tygbacdxx/f)ilsWi@8/e/;/!k%F3%A7%B3%B3t*o/2%F3%84%81%96u+v1rkw//%F3%A6%8C%A0cbe/IV2/q\",\n      \"info\": \"{z\"\n    }\n  },\n  {\n    \"title\": \"block sample 9\",\n    \"value\": {\n      \"name\": \"k0L'eI]CE\",\n      \"ay\": 1953,\n      \"assign\": \"\\\"z&i;J_3\",\n      \"match\": [\n        {\n          \"or\": [\n            \"XLQ86*3J\",\n            {\n              \"and\": [\n                {\n                  \"pattern\": \"KLZ*\",\n                  \"exclude\": [\n                    \"GAK1P\"\n                  ],\n                  \"info\": \"\"\n                },\n                \"KOO523Y\",\n                \"CMH4551F\",\n                {\n                  \"and\": [\n                    \"YD8*76\",\n                    \"MTT59\"\n                  ]\n                }\n              ]\n            },\n            {\n              \"and\": []\n            },\n            {\n              \"or\": [\n                {\n                  \"or\": [\n                    {\n                      \"and\": [\n                        \"KZ5906B\",\n                        {\n                          \"and\": [\n                            \"YZV1\",\n                            \"RH0*40Y\"\n                          ]\n                        },\n                        \"ELY347\"\n                      ]\n                    },\n                    \"FCT*W\",\n                    \"HCW4675\"\n                  ]\n                },\n                {\n                  \"and\": [\n                    {\n                      \"pattern\": \"TSB04G\",\n                      \"info\": \"F\"\n                    },\n                    \"QH020I\",\n                    \"UY4263F\",\n                    {\n                      \"or\": [\n                        \"OQA9x2\",\n                        \"RNE6Z\",\n                        {\n                          \"and\": [\n                            {\n                              \"pattern\": \"BPQx*A\",\n                              \"exclude\": [\n                                \"CZR843A\",\n                                \"QC68R\",\n                                \"BHJ6686\",\n                                \"JZ1\"\n                              ],\n                              \"info\": \"/_]v79u\"\n                            },\n                            {\n                              \"or\": [\n                                \"PUQ319\"\n                              ]\n                            },\n                            \"AEP3*35C\",\n                            \"KAF584\"\n                          ]\n                        },\n                        {\n                          \"and\": [\n                            {\n                              \"and\": []\n                            },\n                            \"HPH7*\",\n                            \"DSB9\",\n                            \"IJR38K\"\n                          ]\n                        },\n                        {\n                          \"or\": [\n                            \"UF272P\",\n                            \"YI47\",\n                            \"NZ3273\",\n                            \"STx61\",\n                            \"FPA49\"\n                          ]\n                        }\n                      ]\n                    },\n                    \"OWF0110O\"\n                  ]\n                },\n                {\n                  \"or\": [\n                    {\n                      \"or\": [\n                        \"GH73Z\",\n                        \"NZR8241\",\n                        \"EN67\"\n                      ]\n                    },\n                    {\n                      \"pattern\": \"UXI391*\"\n                    },\n                    {\n                      \"or\": [\n                        {\n                          \"and\": [\n                            \"JQE8G\",\n                            \"SG5x82\",\n                            \"XNM4J\"\n                          ]\n                        }\n                      ]\n                    },\n                    \"XE7\"\n                  ]\n                }\n              ]\n            },\n            {\n              \"and\": [\n                \"NF6xF\",\n                \"CE8\",\n                {\n                  \"or\": [\n                    {\n                      \"and\": []\n                    },\n                    \"NX4\",\n                    \"SIJ9x8X\"\n                  ]\n                }\n              ]\n            }\n          ]\n        },\n        {\n          \"pattern\": \"YPA371B\",\n          \"exclude\": [\n            \"YP2P\",\n            \"MYS686xW\",\n            \"MLJ371A\",\n            \"ZWH6P\",\n            \"GX0197\"\n          ],\n          \"info\": \"6|5]*9\"\n        }\n      ],\n      \"satisfy\": \"}SI i2Ygt\",\n      \"url\": \"https://q.cgyfqzv/n=2ZDLhE/.P/M1bqwq/oH@G)/QZRb1/,E/AQU%F4%86%8A%B4z/R/mNjP%F4%82%88%9F\",\n      \"info\": \"K(\"\n    }\n  }\n]",
              "code": "fast_check_1.sample(index_test_2.block, 10).forEach((sample, i) => addContext_1.default(this, {\n    title: `block sample ${i}`,\n    value: sample,\n}));\nreturn fast_check_1.assert(fast_check_1.property(index_test_2.block, ajvValidate));",
              "err": {},
              "uuid": "3eb919bc-35d4-4f3d-8a30-89bc3772f858",
              "parentUUID": "efb5f2af-94a6-4473-be83-9567f7abb044",
              "isHook": false,
              "skipped": false
            },
            {
              "title": "should not validate non-object",
              "fullTitle": "blockSchema should not validate non-object",
              "timedOut": false,
              "duration": 2,
              "state": "passed",
              "speed": "fast",
              "pass": true,
              "fail": false,
              "pending": false,
              "context": null,
              "code": "const error = {\n    instancePath: \"\",\n    message: \"block should be an object\",\n};\nisInvalidBlock(null, error);\nisInvalidBlock(undefined, error);\nisInvalidBlock(10, error);\nisInvalidBlock([12, 24], error);\nisInvalidBlock(\"abc\", error);",
              "err": {},
              "uuid": "fe362bc0-0e94-467c-8751-f9e41d7b8b97",
              "parentUUID": "efb5f2af-94a6-4473-be83-9567f7abb044",
              "isHook": false,
              "skipped": false
            },
            {
              "title": "should not validate block with invalid properties",
              "fullTitle": "blockSchema should not validate block with invalid properties",
              "timedOut": false,
              "duration": 1,
              "state": "passed",
              "speed": "fast",
              "pass": true,
              "fail": false,
              "pending": false,
              "context": null,
              "code": "isInvalidBlock({\n        name: { foo: \"bar\" },\n        ay: -1000,\n        assign: {},\n        match: 1,\n        satisfy: 2,\n        url: { abc: \"def\" },\n        info: 42,\n    }, { instancePath: \"/name\", message: \"property 'name' should be a string\" }, {\n        instancePath: \"/ay\",\n        message: \"property 'ay' should be a positive integer\",\n    }, {\n        instancePath: \"/assign\",\n        message: \"property 'assign' should be either a block ID or an array of block IDs\",\n    }, {\n        instancePath: \"/match\",\n        message: \"property 'match' should be either a match rule or an array of match rules\",\n    }, {\n        instancePath: \"/satisfy\",\n        message: \"property 'satisfy' should be either a satisfy rule or an array of satisfy rules\",\n    }, { instancePath: \"/url\", message: \"property 'url' should be a string\" }, { instancePath: \"/info\", message: \"property 'info' should be a string\" })",
              "err": {},
              "uuid": "09d6b774-ab49-4d8b-be71-0ca40daf358a",
              "parentUUID": "efb5f2af-94a6-4473-be83-9567f7abb044",
              "isHook": false,
              "skipped": false
            }
          ],
          "suites": [],
          "passes": [
            "3eb919bc-35d4-4f3d-8a30-89bc3772f858",
            "fe362bc0-0e94-467c-8751-f9e41d7b8b97",
            "09d6b774-ab49-4d8b-be71-0ca40daf358a"
          ],
          "failures": [],
          "pending": [],
          "skipped": [],
          "duration": 208,
          "root": false,
          "rootEmpty": false,
          "_timeout": 2000
        },
        {
          "uuid": "9526babc-c14e-4c92-b01e-1a5ffe0988ac",
          "title": "patternToRE",
          "fullFile": "/home/runner/work/planwithus-lib/planwithus-lib/src/matchRule/pattern/satisfiers.test.ts",
          "file": "/src/matchRule/pattern/satisfiers.test.ts",
          "beforeHooks": [],
          "afterHooks": [],
          "tests": [
            {
              "title": "should match valid modules with a single pattern",
              "fullTitle": "patternToRE should match valid modules with a single pattern",
              "timedOut": false,
              "duration": 14,
              "state": "passed",
              "speed": "fast",
              "pass": true,
              "fail": false,
              "pending": false,
              "context": "[\n  {\n    \"title\": \"patternExampleList sample 0\",\n    \"value\": [\n      \"EPx\",\n      [\n        \"EP9\",\n        \"EP7\",\n        \"EP1\"\n      ]\n    ]\n  },\n  {\n    \"title\": \"patternExampleList sample 1\",\n    \"value\": [\n      \"USV1342\",\n      [\n        \"USV1342\"\n      ]\n    ]\n  },\n  {\n    \"title\": \"patternExampleList sample 2\",\n    \"value\": [\n      \"BEO7xI\",\n      [\n        \"BEO76I\",\n        \"BEO79I\",\n        \"BEO75I\"\n      ]\n    ]\n  },\n  {\n    \"title\": \"patternExampleList sample 3\",\n    \"value\": [\n      \"JW601\",\n      [\n        \"JW601\"\n      ]\n    ]\n  },\n  {\n    \"title\": \"patternExampleList sample 4\",\n    \"value\": [\n      \"XPW53A\",\n      [\n        \"XPW53A\"\n      ]\n    ]\n  },\n  {\n    \"title\": \"patternExampleList sample 5\",\n    \"value\": [\n      \"YDT837\",\n      [\n        \"YDT837\"\n      ]\n    ]\n  },\n  {\n    \"title\": \"patternExampleList sample 6\",\n    \"value\": [\n      \"RZE3151U\",\n      [\n        \"RZE3151U\"\n      ]\n    ]\n  },\n  {\n    \"title\": \"patternExampleList sample 7\",\n    \"value\": [\n      \"PZ7H\",\n      [\n        \"PZ7H\"\n      ]\n    ]\n  },\n  {\n    \"title\": \"patternExampleList sample 8\",\n    \"value\": [\n      \"UA9\",\n      [\n        \"UA9\"\n      ]\n    ]\n  },\n  {\n    \"title\": \"patternExampleList sample 9\",\n    \"value\": [\n      \"WKS7\",\n      [\n        \"WKS7\"\n      ]\n    ]\n  }\n]",
              "code": "fast_check_1.sample(index_test_1.patternExampleList, 10).forEach((sample, i) => addContext_1.default(this, {\n    title: `patternExampleList sample ${i}`,\n    value: sample,\n}));\nreturn fast_check_1.assert(fast_check_1.property(index_test_1.patternExampleList, ([patternStr, examples]) => {\n    const re = _1.patternToRE(patternStr);\n    return examples.every(re.test.bind(re));\n}));",
              "err": {},
              "uuid": "decd00c1-0cb4-4fb6-9910-32e2b2af5a33",
              "parentUUID": "9526babc-c14e-4c92-b01e-1a5ffe0988ac",
              "isHook": false,
              "skipped": false
            },
            {
              "title": "should match valid modules with multiple patterns",
              "fullTitle": "patternToRE should match valid modules with multiple patterns",
              "timedOut": false,
              "duration": 69,
              "state": "passed",
              "speed": "medium",
              "pass": true,
              "fail": false,
              "pending": false,
              "context": "[\n  {\n    \"title\": \"patternExampleListArray sample 0\",\n    \"value\": [\n      [\n        \"WCQ7\",\n        [\n          \"WCQ7\"\n        ]\n      ],\n      [\n        \"CTD962\",\n        [\n          \"CTD962\"\n        ]\n      ],\n      [\n        \"ZPO9\",\n        [\n          \"ZPO9\"\n        ]\n      ],\n      [\n        \"MP312*\",\n        [\n          \"MP312JIS\",\n          \"MP312HB\"\n        ]\n      ],\n      [\n        \"RHZ38G\",\n        [\n          \"RHZ38G\"\n        ]\n      ],\n      [\n        \"VJC96F\",\n        [\n          \"VJC96F\"\n        ]\n      ]\n    ]\n  },\n  {\n    \"title\": \"patternExampleListArray sample 1\",\n    \"value\": [\n      [\n        \"CXx014\",\n        [\n          \"CX7014\"\n        ]\n      ],\n      [\n        \"GE6\",\n        [\n          \"GE6\"\n        ]\n      ]\n    ]\n  },\n  {\n    \"title\": \"patternExampleListArray sample 2\",\n    \"value\": [\n      [\n        \"UE1Q\",\n        [\n          \"UE1Q\"\n        ]\n      ]\n    ]\n  },\n  {\n    \"title\": \"patternExampleListArray sample 3\",\n    \"value\": [\n      [\n        \"AZ228B\",\n        [\n          \"AZ228B\"\n        ]\n      ],\n      [\n        \"XJX8K\",\n        [\n          \"XJX8K\"\n        ]\n      ],\n      [\n        \"QGJ5\",\n        [\n          \"QGJ5\"\n        ]\n      ]\n    ]\n  },\n  {\n    \"title\": \"patternExampleListArray sample 4\",\n    \"value\": [\n      [\n        \"ZOx63\",\n        [\n          \"ZO663\"\n        ]\n      ],\n      [\n        \"BZ983Y\",\n        [\n          \"BZ983Y\"\n        ]\n      ],\n      [\n        \"TZJ*F\",\n        [\n          \"TZJ2QY0SE3PF\"\n        ]\n      ],\n      [\n        \"XY91\",\n        [\n          \"XY91\"\n        ]\n      ],\n      [\n        \"XX002\",\n        [\n          \"XX002\"\n        ]\n      ],\n      [\n        \"CNG4O\",\n        [\n          \"CNG4O\"\n        ]\n      ],\n      [\n        \"CCU1x\",\n        [\n          \"CCU14\",\n          \"CCU13\",\n          \"CCU11\",\n          \"CCU19\",\n          \"CCU10\",\n          \"CCU15\",\n          \"CCU12\"\n        ]\n      ],\n      [\n        \"NM0\",\n        [\n          \"NM0\"\n        ]\n      ],\n      [\n        \"IA939\",\n        [\n          \"IA939\"\n        ]\n      ],\n      [\n        \"FP25H\",\n        [\n          \"FP25H\"\n        ]\n      ]\n    ]\n  },\n  {\n    \"title\": \"patternExampleListArray sample 5\",\n    \"value\": [\n      [\n        \"OAG3300L\",\n        [\n          \"OAG3300L\"\n        ]\n      ],\n      [\n        \"IFx\",\n        [\n          \"IF1\",\n          \"IF3\",\n          \"IF6\",\n          \"IF7\",\n          \"IF4\",\n          \"IF2\",\n          \"IF8\",\n          \"IF5\",\n          \"IF0\"\n        ]\n      ],\n      [\n        \"VJ*831\",\n        [\n          \"VJ831\",\n          \"VJD0GALT831\",\n          \"VJV13GX8831\",\n          \"VJN831\",\n          \"VJZ831\",\n          \"VJ3CJFZ831\",\n          \"VJ8P831\",\n          \"VJMU5SBNX831\",\n          \"VJI831\"\n        ]\n      ],\n      [\n        \"UD4\",\n        [\n          \"UD4\"\n        ]\n      ],\n      [\n        \"NL6\",\n        [\n          \"NL6\"\n        ]\n      ]\n    ]\n  },\n  {\n    \"title\": \"patternExampleListArray sample 6\",\n    \"value\": [\n      [\n        \"FPL*3\",\n        [\n          \"FPLQ03\",\n          \"FPLYVK8F3\",\n          \"FPLY8UJB3\",\n          \"FPL9W9S700T3\",\n          \"FPL3U8ANZ3\"\n        ]\n      ],\n      [\n        \"UWS8*0\",\n        [\n          \"UWS8DNF0\",\n          \"UWS8DBP0\",\n          \"UWS8PAUS0\",\n          \"UWS8THX0\",\n          \"UWS80\"\n        ]\n      ],\n      [\n        \"VO1xZ\",\n        [\n          \"VO18Z\",\n          \"VO15Z\",\n          \"VO13Z\",\n          \"VO12Z\"\n        ]\n      ],\n      [\n        \"HQ1C\",\n        [\n          \"HQ1C\"\n        ]\n      ],\n      [\n        \"CZZ8Y\",\n        [\n          \"CZZ8Y\"\n        ]\n      ],\n      [\n        \"IZx99Q\",\n        [\n          \"IZ699Q\",\n          \"IZ899Q\",\n          \"IZ299Q\",\n          \"IZ399Q\"\n        ]\n      ],\n      [\n        \"FU8861\",\n        [\n          \"FU8861\"\n        ]\n      ],\n      [\n        \"XNE*90T\",\n        [\n          \"XNER0Z90T\"\n        ]\n      ]\n    ]\n  },\n  {\n    \"title\": \"patternExampleListArray sample 7\",\n    \"value\": [\n      [\n        \"MY1M\",\n        [\n          \"MY1M\"\n        ]\n      ],\n      [\n        \"NDBx538\",\n        [\n          \"NDB5538\"\n        ]\n      ],\n      [\n        \"ABx\",\n        [\n          \"AB9\"\n        ]\n      ],\n      [\n        \"NG38O\",\n        [\n          \"NG38O\"\n        ]\n      ]\n    ]\n  },\n  {\n    \"title\": \"patternExampleListArray sample 8\",\n    \"value\": [\n      [\n        \"NAA6x0I\",\n        [\n          \"NAA610I\",\n          \"NAA670I\",\n          \"NAA630I\",\n          \"NAA650I\"\n        ]\n      ],\n      [\n        \"LXV*x*U\",\n        [\n          \"LXV532U\",\n          \"LXVK54KNMMU\",\n          \"LXVEN9OY7M5U\",\n          \"LXVCD9FNP88ABMEMUIU\"\n        ]\n      ],\n      [\n        \"KIP208\",\n        [\n          \"KIP208\"\n        ]\n      ],\n      [\n        \"VN57xN\",\n        [\n          \"VN575N\",\n          \"VN574N\",\n          \"VN579N\",\n          \"VN572N\",\n          \"VN571N\",\n          \"VN578N\"\n        ]\n      ],\n      [\n        \"TYx9E\",\n        [\n          \"TY29E\",\n          \"TY59E\",\n          \"TY69E\",\n          \"TY19E\",\n          \"TY09E\",\n          \"TY49E\",\n          \"TY39E\",\n          \"TY79E\",\n          \"TY89E\",\n          \"TY99E\"\n        ]\n      ],\n      [\n        \"RHH18B\",\n        [\n          \"RHH18B\"\n        ]\n      ],\n      [\n        \"RO10Y\",\n        [\n          \"RO10Y\"\n        ]\n      ],\n      [\n        \"WGJ1225\",\n        [\n          \"WGJ1225\"\n        ]\n      ]\n    ]\n  },\n  {\n    \"title\": \"patternExampleListArray sample 9\",\n    \"value\": [\n      [\n        \"VSL9\",\n        [\n          \"VSL9\"\n        ]\n      ],\n      [\n        \"NHZ5\",\n        [\n          \"NHZ5\"\n        ]\n      ],\n      [\n        \"CZLx98S\",\n        [\n          \"CZL998S\"\n        ]\n      ]\n    ]\n  }\n]",
              "code": "const patternExampleListArray = fast_check_1.array(index_test_1.patternExampleList, { minLength: 1 });\nfast_check_1.sample(patternExampleListArray, 10).forEach((sample, i) => addContext_1.default(this, {\n    title: `patternExampleListArray sample ${i}`,\n    value: sample,\n}));\nreturn fast_check_1.assert(fast_check_1.property(patternExampleListArray, (ts) => {\n    const re = _1.patternToRE(...ts.map(([patternStr]) => patternStr));\n    return ts\n        .map(([, examples]) => examples)\n        .flat()\n        .every(re.test.bind(re));\n}));",
              "err": {},
              "uuid": "5f92ecd5-4d60-43a6-8bca-d4ed896df4a6",
              "parentUUID": "9526babc-c14e-4c92-b01e-1a5ffe0988ac",
              "isHook": false,
              "skipped": false
            },
            {
              "title": "should not match x to non-number",
              "fullTitle": "patternToRE should not match x to non-number",
              "timedOut": false,
              "duration": 0,
              "state": "passed",
              "speed": "fast",
              "pass": true,
              "fail": false,
              "pending": false,
              "context": null,
              "code": "const re = _1.patternToRE(\"x\");\n[\"A\", \"Z\", \"c\", \"#\"].forEach((example) => isInvalidExample(re, example));",
              "err": {},
              "uuid": "70c144c2-85ef-44a2-bca0-0f7db49381e5",
              "parentUUID": "9526babc-c14e-4c92-b01e-1a5ffe0988ac",
              "isHook": false,
              "skipped": false
            },
            {
              "title": "should not match * to a substring composed of characters other than A-Z and 0-9",
              "fullTitle": "patternToRE should not match * to a substring composed of characters other than A-Z and 0-9",
              "timedOut": false,
              "duration": 1,
              "state": "passed",
              "speed": "fast",
              "pass": true,
              "fail": false,
              "pending": false,
              "context": null,
              "code": "const re = _1.patternToRE(\"*\");\n[\"c\", \"Ac\", \"cA\", \"0Ax\", \"x0A\", \"BA#\", \"#AB\"].forEach((example) => isInvalidExample(re, example));",
              "err": {},
              "uuid": "80c646d5-c272-4a31-81e3-62746ad4b2c0",
              "parentUUID": "9526babc-c14e-4c92-b01e-1a5ffe0988ac",
              "isHook": false,
              "skipped": false
            },
            {
              "title": "should not match substrings",
              "fullTitle": "patternToRE should not match substrings",
              "timedOut": false,
              "duration": 0,
              "state": "passed",
              "speed": "fast",
              "pass": true,
              "fail": false,
              "pending": false,
              "context": null,
              "code": "const re = _1.patternToRE(\"A*xC\");\n[\"A1CZ\", \"AC1CZ\", \"ZA1C\", \"ZAC1C\", \"ZA1CZ\", \"ZAC1CZ\"].forEach((example) => isInvalidExample(re, example));",
              "err": {},
              "uuid": "1e6662e2-7266-4fbc-8882-4d6a469d88f4",
              "parentUUID": "9526babc-c14e-4c92-b01e-1a5ffe0988ac",
              "isHook": false,
              "skipped": false
            }
          ],
          "suites": [],
          "passes": [
            "decd00c1-0cb4-4fb6-9910-32e2b2af5a33",
            "5f92ecd5-4d60-43a6-8bca-d4ed896df4a6",
            "70c144c2-85ef-44a2-bca0-0f7db49381e5",
            "80c646d5-c272-4a31-81e3-62746ad4b2c0",
            "1e6662e2-7266-4fbc-8882-4d6a469d88f4"
          ],
          "failures": [],
          "pending": [],
          "skipped": [],
          "duration": 84,
          "root": false,
          "rootEmpty": false,
          "_timeout": 2000
        },
        {
          "uuid": "a7c2c2f3-a4e3-428d-8c51-3d853213d7e0",
          "title": "patternSatisfier",
          "fullFile": "/home/runner/work/planwithus-lib/planwithus-lib/src/matchRule/pattern/satisfiers.test.ts",
          "file": "/src/matchRule/pattern/satisfiers.test.ts",
          "beforeHooks": [],
          "afterHooks": [],
          "tests": [
            {
              "title": "should assign all modules with *",
              "fullTitle": "patternSatisfier should assign all modules with *",
              "timedOut": false,
              "duration": 1,
              "state": "passed",
              "speed": "fast",
              "pass": true,
              "fail": false,
              "pending": false,
              "context": null,
              "code": "const { assign } = satisfiers_1.patternSatisfier(ref, \"*\");\nisCorrectAssign(assign, modulesList1, modulesList1.map(([moduleStr]) => moduleStr));",
              "err": {},
              "uuid": "65f584b8-39bd-49c0-9a85-ab5722142136",
              "parentUUID": "a7c2c2f3-a4e3-428d-8c51-3d853213d7e0",
              "isHook": false,
              "skipped": false
            },
            {
              "title": "should assign only valid modules with pattern containing *",
              "fullTitle": "patternSatisfier should assign only valid modules with pattern containing *",
              "timedOut": false,
              "duration": 1,
              "state": "passed",
              "speed": "fast",
              "pass": true,
              "fail": false,
              "pending": false,
              "context": null,
              "code": "const { assign } = satisfiers_1.patternSatisfier(ref, \"CS2*\");\nisCorrectAssign(assign, modulesList1, [\"CS2100\", \"CS2040S\", \"CS2030\"]);",
              "err": {},
              "uuid": "c26014f1-673d-4235-8b87-cce3a900172b",
              "parentUUID": "a7c2c2f3-a4e3-428d-8c51-3d853213d7e0",
              "isHook": false,
              "skipped": false
            },
            {
              "title": "should assign only valid modules with pattern containing x",
              "fullTitle": "patternSatisfier should assign only valid modules with pattern containing x",
              "timedOut": false,
              "duration": 0,
              "state": "passed",
              "speed": "fast",
              "pass": true,
              "fail": false,
              "pending": false,
              "context": null,
              "code": "const { assign } = satisfiers_1.patternSatisfier(ref, \"CS20xx\");\nisCorrectAssign(assign, modulesList1, [\"CS2030\"]);",
              "err": {},
              "uuid": "9fb51e97-b285-4cd7-99fc-b2cd83b90c53",
              "parentUUID": "a7c2c2f3-a4e3-428d-8c51-3d853213d7e0",
              "isHook": false,
              "skipped": false
            },
            {
              "title": "should assign only valid modules with pattern containing x and *",
              "fullTitle": "patternSatisfier should assign only valid modules with pattern containing x and *",
              "timedOut": false,
              "duration": 0,
              "state": "passed",
              "speed": "fast",
              "pass": true,
              "fail": false,
              "pending": false,
              "context": null,
              "code": "const { assign } = satisfiers_1.patternSatisfier(ref, \"CS20xx*\");\nisCorrectAssign(assign, modulesList1, [\"CS2040S\", \"CS2030\"]);",
              "err": {},
              "uuid": "34fe9111-d420-4cdf-8055-e89404c209f5",
              "parentUUID": "a7c2c2f3-a4e3-428d-8c51-3d853213d7e0",
              "isHook": false,
              "skipped": false
            }
          ],
          "suites": [],
          "passes": [
            "65f584b8-39bd-49c0-9a85-ab5722142136",
            "c26014f1-673d-4235-8b87-cce3a900172b",
            "9fb51e97-b285-4cd7-99fc-b2cd83b90c53",
            "34fe9111-d420-4cdf-8055-e89404c209f5"
          ],
          "failures": [],
          "pending": [],
          "skipped": [],
          "duration": 2,
          "root": false,
          "rootEmpty": false,
          "_timeout": 2000
        },
        {
          "uuid": "f145b274-fbd8-4b8c-aab0-f9417835a34e",
          "title": "patternSchema",
          "fullFile": "/home/runner/work/planwithus-lib/planwithus-lib/src/matchRule/pattern/schemas.test.ts",
          "file": "/src/matchRule/pattern/schemas.test.ts",
          "beforeHooks": [],
          "afterHooks": [],
          "tests": [
            {
              "title": "should validate non-empty pattern composed of A-Z, 0-9, x or *",
              "fullTitle": "patternSchema should validate non-empty pattern composed of A-Z, 0-9, x or *",
              "timedOut": false,
              "duration": 1,
              "state": "passed",
              "speed": "fast",
              "pass": true,
              "fail": false,
              "pending": false,
              "context": "[\n  {\n    \"title\": \"pattern sample 0\",\n    \"value\": \"DO820E\"\n  },\n  {\n    \"title\": \"pattern sample 1\",\n    \"value\": \"BX78\"\n  },\n  {\n    \"title\": \"pattern sample 2\",\n    \"value\": \"GB1\"\n  },\n  {\n    \"title\": \"pattern sample 3\",\n    \"value\": \"AH8G\"\n  },\n  {\n    \"title\": \"pattern sample 4\",\n    \"value\": \"BB20V\"\n  },\n  {\n    \"title\": \"pattern sample 5\",\n    \"value\": \"XBE0\"\n  },\n  {\n    \"title\": \"pattern sample 6\",\n    \"value\": \"GQ5\"\n  },\n  {\n    \"title\": \"pattern sample 7\",\n    \"value\": \"BHE6\"\n  },\n  {\n    \"title\": \"pattern sample 8\",\n    \"value\": \"BV8*7\"\n  },\n  {\n    \"title\": \"pattern sample 9\",\n    \"value\": \"ZZI9294\"\n  }\n]",
              "code": "fast_check_1.sample(index_test_2.pattern, 10).forEach((sample, i) => addContext_1.default(this, {\n    title: `pattern sample ${i}`,\n    value: sample,\n}));\nreturn fast_check_1.assert(fast_check_1.property(index_test_2.pattern, ajvValidate), {\n    examples: [[\"*\"], [\"ACC1002\"], [\"IS1103\"], [\"CS1231S\"], [\"MA1102R\"]],\n});",
              "err": {},
              "uuid": "35b5fb17-f9cf-4218-9c38-e7dff2379112",
              "parentUUID": "f145b274-fbd8-4b8c-aab0-f9417835a34e",
              "isHook": false,
              "skipped": false
            },
            {
              "title": "should not validate empty pattern",
              "fullTitle": "patternSchema should not validate empty pattern",
              "timedOut": false,
              "duration": 0,
              "state": "passed",
              "speed": "fast",
              "pass": true,
              "fail": false,
              "pending": false,
              "context": null,
              "code": "isInvalidPattern(\"\")",
              "err": {},
              "uuid": "6500231b-8086-4535-961d-0a0597e80896",
              "parentUUID": "f145b274-fbd8-4b8c-aab0-f9417835a34e",
              "isHook": false,
              "skipped": false
            },
            {
              "title": "should not validate pattern with invalid characters",
              "fullTitle": "patternSchema should not validate pattern with invalid characters",
              "timedOut": false,
              "duration": 1,
              "state": "passed",
              "speed": "fast",
              "pass": true,
              "fail": false,
              "pending": false,
              "context": null,
              "code": "[\"AB123a\", \"Ac123a\", \"AB123^S\", \"AB1*3^S\", \"$A1*3^S\", \"/A1x33S\"].forEach(isInvalidPattern)",
              "err": {},
              "uuid": "9a54e23a-9360-4258-9341-8d7d4367e15d",
              "parentUUID": "f145b274-fbd8-4b8c-aab0-f9417835a34e",
              "isHook": false,
              "skipped": false
            }
          ],
          "suites": [],
          "passes": [
            "35b5fb17-f9cf-4218-9c38-e7dff2379112",
            "6500231b-8086-4535-961d-0a0597e80896",
            "9a54e23a-9360-4258-9341-8d7d4367e15d"
          ],
          "failures": [],
          "pending": [],
          "skipped": [],
          "duration": 2,
          "root": false,
          "rootEmpty": false,
          "_timeout": 2000
        },
        {
          "uuid": "c1946121-b078-47e2-9283-9fe701e59e93",
          "title": "patternMatchRuleSatisfier",
          "fullFile": "/home/runner/work/planwithus-lib/planwithus-lib/src/matchRule/satisfiers.test.ts",
          "file": "/src/matchRule/satisfiers.test.ts",
          "beforeHooks": [],
          "afterHooks": [],
          "tests": [
            {
              "title": "should assign only valid modules with pattern match rule containing no exclude patterns",
              "fullTitle": "patternMatchRuleSatisfier should assign only valid modules with pattern match rule containing no exclude patterns",
              "timedOut": false,
              "duration": 1,
              "state": "passed",
              "speed": "fast",
              "pass": true,
              "fail": false,
              "pending": false,
              "context": null,
              "code": "const { assign } = satisfiers_1.patternMatchRuleSatisfier(ref, { pattern: \"CS1xxx*\" });\nisCorrectAssign(assign, modulesList1, [\"CS1231\", \"CS1231S\"]);",
              "err": {},
              "uuid": "b30f7786-dc98-4256-8f34-68463c7d12c8",
              "parentUUID": "c1946121-b078-47e2-9283-9fe701e59e93",
              "isHook": false,
              "skipped": false
            },
            {
              "title": "should assign only valid modules with pattern match rule containing an exclude pattern",
              "fullTitle": "patternMatchRuleSatisfier should assign only valid modules with pattern match rule containing an exclude pattern",
              "timedOut": false,
              "duration": 0,
              "state": "passed",
              "speed": "fast",
              "pass": true,
              "fail": false,
              "pending": false,
              "context": null,
              "code": "const { assign } = satisfiers_1.patternMatchRuleSatisfier(ref, {\n    pattern: \"MA1xxx*\",\n    exclude: \"MA15xx\",\n});\nisCorrectAssign(assign, modulesList1, [\n    \"MA1100\",\n    \"MA1101R\",\n    \"MA1102R\",\n    \"MA1511A\",\n]);",
              "err": {},
              "uuid": "d8b7fad2-e30d-40ab-b07e-4f6bcfe7b7d5",
              "parentUUID": "c1946121-b078-47e2-9283-9fe701e59e93",
              "isHook": false,
              "skipped": false
            },
            {
              "title": "should assign only valid modules with pattern match rule containing multiple exclude patterns",
              "fullTitle": "patternMatchRuleSatisfier should assign only valid modules with pattern match rule containing multiple exclude patterns",
              "timedOut": false,
              "duration": 1,
              "state": "passed",
              "speed": "fast",
              "pass": true,
              "fail": false,
              "pending": false,
              "context": null,
              "code": "const { assign } = satisfiers_1.patternMatchRuleSatisfier(ref, {\n    pattern: \"MA*\",\n    exclude: [\"MA151x*\", \"MA2xxx\"],\n});\nisCorrectAssign(assign, modulesList1, [\n    \"MA1100\",\n    \"MA1101R\",\n    \"MA1102R\",\n    \"MA1507\",\n    \"MA1521\",\n    \"MA2101S\",\n]);",
              "err": {},
              "uuid": "00acf1c6-eaaf-4f08-8ad2-ba22d8435543",
              "parentUUID": "c1946121-b078-47e2-9283-9fe701e59e93",
              "isHook": false,
              "skipped": false
            }
          ],
          "suites": [],
          "passes": [
            "b30f7786-dc98-4256-8f34-68463c7d12c8",
            "d8b7fad2-e30d-40ab-b07e-4f6bcfe7b7d5",
            "00acf1c6-eaaf-4f08-8ad2-ba22d8435543"
          ],
          "failures": [],
          "pending": [],
          "skipped": [],
          "duration": 2,
          "root": false,
          "rootEmpty": false,
          "_timeout": 2000
        },
        {
          "uuid": "f3e44f0e-3339-4e26-9564-60e39f47cd2a",
          "title": "matchRuleSchema",
          "fullFile": "/home/runner/work/planwithus-lib/planwithus-lib/src/matchRule/schemas.test.ts",
          "file": "/src/matchRule/schemas.test.ts",
          "beforeHooks": [],
          "afterHooks": [],
          "tests": [
            {
              "title": "should validate match rule with valid pattern",
              "fullTitle": "matchRuleSchema should validate match rule with valid pattern",
              "timedOut": false,
              "duration": 1,
              "state": "passed",
              "speed": "fast",
              "pass": true,
              "fail": false,
              "pending": false,
              "context": "[\n  {\n    \"title\": \"pattern sample 0\",\n    \"value\": \"XK78\"\n  },\n  {\n    \"title\": \"pattern sample 1\",\n    \"value\": \"LAF*40A\"\n  },\n  {\n    \"title\": \"pattern sample 2\",\n    \"value\": \"OAV00\"\n  },\n  {\n    \"title\": \"pattern sample 3\",\n    \"value\": \"JB*x2\"\n  },\n  {\n    \"title\": \"pattern sample 4\",\n    \"value\": \"UC820W\"\n  },\n  {\n    \"title\": \"pattern sample 5\",\n    \"value\": \"ZH*66U\"\n  },\n  {\n    \"title\": \"pattern sample 6\",\n    \"value\": \"FW90\"\n  },\n  {\n    \"title\": \"pattern sample 7\",\n    \"value\": \"TH93\"\n  },\n  {\n    \"title\": \"pattern sample 8\",\n    \"value\": \"LG5x44\"\n  },\n  {\n    \"title\": \"pattern sample 9\",\n    \"value\": \"GHB06\"\n  }\n]",
              "code": "fast_check_1.sample(index_test_3.pattern, 10).forEach((sample, i) => addContext_1.default(this, {\n    title: `pattern sample ${i}`,\n    value: sample,\n}));\nreturn fast_check_1.assert(fast_check_1.property(index_test_3.pattern, ajvValidate));",
              "err": {},
[...]
              "fullTitle": "inequalitySatisfier should truncate list of modules with upper bound of MCs at exact cutoff if total MC count is higher and there exists some starting sequence with exact MC count",
              "timedOut": false,
              "duration": 0,
              "state": "passed",
              "speed": "fast",
              "pass": true,
              "fail": false,
              "pending": false,
              "context": null,
              "code": "const satisfier = satisfiers_1.inequalitySatisfier(ref, \"<=16\");\nsatisfier.should.have.property(\"filter\");\nconst { filter } = satisfier;\nisCorrectFilter(filter, modulesList1, [\n    \"CS2100\",\n    \"GER1000\",\n    \"CS2040S\",\n    \"ST2131\",\n]);",
              "err": {},
              "uuid": "e39f83bf-4d29-4e02-86f7-67072dc89577",
              "parentUUID": "010da2d3-00a6-4358-a849-5d5d0c75f46c",
              "isHook": false,
              "skipped": false
            },
            {
              "title": "should truncate list of modules with upper bound of MCs, cutting off at the minimum starting sequence that exceeds upper bound, if total MC count is higher and there exists no starting sequence with exact MC count",
              "fullTitle": "inequalitySatisfier should truncate list of modules with upper bound of MCs, cutting off at the minimum starting sequence that exceeds upper bound, if total MC count is higher and there exists no starting sequence with exact MC count",
              "timedOut": false,
              "duration": 0,
              "state": "passed",
              "speed": "fast",
              "pass": true,
              "fail": false,
              "pending": false,
              "context": null,
              "code": "const satisfier = satisfiers_1.inequalitySatisfier(ref, \"<=17\");\nsatisfier.should.have.property(\"filter\");\nconst { filter } = satisfier;\nisCorrectFilter(filter, modulesList1, [\n    \"CS2100\",\n    \"GER1000\",\n    \"CS2040S\",\n    \"ST2131\",\n    \"MA1521\",\n]);",
              "err": {},
              "uuid": "83728b65-54fc-4591-be30-2811b12a865b",
              "parentUUID": "010da2d3-00a6-4358-a849-5d5d0c75f46c",
              "isHook": false,
              "skipped": false
            }
          ],
          "suites": [],
          "passes": [
            "a14fa716-89f4-4ab0-ae5c-8650f0f5e94b",
            "7795123c-a158-4e0c-92eb-3bba4ac17a6d",
            "c46134a6-570e-4192-9ce5-ddd369e76377",
            "6f3c0060-f494-4067-aef4-3cc964409c06",
            "fd9c2ab1-c099-4af3-8ea0-58369095e481",
            "e39f83bf-4d29-4e02-86f7-67072dc89577",
            "83728b65-54fc-4591-be30-2811b12a865b"
          ],
          "failures": [],
          "pending": [],
          "skipped": [],
          "duration": 2,
          "root": false,
          "rootEmpty": false,
          "_timeout": 2000
        },
        {
          "uuid": "ba037eb2-2f31-4381-99a2-096eb08cd31a",
          "title": "inequalitySchema",
          "fullFile": "/home/runner/work/planwithus-lib/planwithus-lib/src/satisfyRule/inequality/schemas.test.ts",
          "file": "/src/satisfyRule/inequality/schemas.test.ts",
          "beforeHooks": [],
          "afterHooks": [],
          "tests": [
            {
              "title": "should validate inequality in the form <=n or >=n",
              "fullTitle": "inequalitySchema should validate inequality in the form <=n or >=n",
              "timedOut": false,
              "duration": 1,
              "state": "passed",
              "speed": "fast",
              "pass": true,
              "fail": false,
              "pending": false,
              "context": "[\n  {\n    \"title\": \"inequality sample 0\",\n    \"value\": \">=198\"\n  },\n  {\n    \"title\": \"inequality sample 1\",\n    \"value\": \"<=8\"\n  },\n  {\n    \"title\": \"inequality sample 2\",\n    \"value\": \"<=200\"\n  },\n  {\n    \"title\": \"inequality sample 3\",\n    \"value\": \"<=6\"\n  },\n  {\n    \"title\": \"inequality sample 4\",\n    \"value\": \"<=6\"\n  },\n  {\n    \"title\": \"inequality sample 5\",\n    \"value\": \">=112\"\n  },\n  {\n    \"title\": \"inequality sample 6\",\n    \"value\": \">=28\"\n  },\n  {\n    \"title\": \"inequality sample 7\",\n    \"value\": \">=114\"\n  },\n  {\n    \"title\": \"inequality sample 8\",\n    \"value\": \"<=109\"\n  },\n  {\n    \"title\": \"inequality sample 9\",\n    \"value\": \">=11\"\n  }\n]",
              "code": "fast_check_1.sample(index_test_2.inequality, 10).forEach((sample, i) => addContext_1.default(this, {\n    title: `inequality sample ${i}`,\n    value: sample,\n}));\nreturn fast_check_1.assert(fast_check_1.property(index_test_2.inequality, ajvValidate));",
              "err": {},
              "uuid": "55e9212f-b430-46a8-a405-bbfa03c793ca",
              "parentUUID": "ba037eb2-2f31-4381-99a2-096eb08cd31a",
              "isHook": false,
              "skipped": false
            },
            {
              "title": "should not validate inequality of invalid form",
              "fullTitle": "inequalitySchema should not validate inequality of invalid form",
              "timedOut": false,
              "duration": 1,
              "state": "passed",
              "speed": "fast",
              "pass": true,
              "fail": false,
              "pending": false,
              "context": null,
              "code": "[\n        \"\",\n        \"==23\",\n        \"23\",\n        \"<23\",\n        \">23\",\n        \"<=-1\",\n        \">=-1\",\n        \"<= 2\",\n        \">= 1\",\n        \"> 3\",\n        \"< 3\",\n        \"<=3a\",\n        \">=3a\",\n        \"a<=3\",\n        \"a>=3\",\n    ].forEach(isInvalidInequality)",
              "err": {},
              "uuid": "d89de88c-fe91-40be-b431-d032bcc8a2eb",
              "parentUUID": "ba037eb2-2f31-4381-99a2-096eb08cd31a",
              "isHook": false,
              "skipped": false
            }
          ],
          "suites": [],
          "passes": [
            "55e9212f-b430-46a8-a405-bbfa03c793ca",
            "d89de88c-fe91-40be-b431-d032bcc8a2eb"
          ],
          "failures": [],
          "pending": [],
          "skipped": [],
          "duration": 2,
          "root": false,
          "rootEmpty": false,
          "_timeout": 2000
        },
        {
          "uuid": "9fcb0f75-c8c4-452d-ae33-6957620931ab",
          "title": "satisfyRuleSchema",
          "fullFile": "/home/runner/work/planwithus-lib/planwithus-lib/src/satisfyRule/schemas.test.ts",
          "file": "/src/satisfyRule/schemas.test.ts",
          "beforeHooks": [],
          "afterHooks": [],
          "tests": [
            {
              "title": "should validate satisfy rule with valid block id",
              "fullTitle": "satisfyRuleSchema should validate satisfy rule with valid block id",
              "timedOut": false,
              "duration": 1,
              "state": "passed",
              "speed": "fast",
              "pass": true,
              "fail": false,
              "pending": false,
              "context": null,
              "code": "fast_check_1.assert(fast_check_1.property(fast_check_1.string(), ajvValidate)",
              "err": {},
              "uuid": "24a97b41-5388-4752-bae8-6e31af112428",
              "parentUUID": "9fcb0f75-c8c4-452d-ae33-6957620931ab",
              "isHook": false,
              "skipped": false
            },
            {
              "title": "should validate satisfy rules with valid mc",
              "fullTitle": "satisfyRuleSchema should validate satisfy rules with valid mc",
              "timedOut": false,
              "duration": 2,
              "state": "passed",
              "speed": "fast",
              "pass": true,
              "fail": false,
              "pending": false,
              "context": "[\n  {\n    \"title\": \"mcSatisfyRule sample 0\",\n    \"value\": {\n      \"mc\": \">=138\"\n    }\n  },\n  {\n    \"title\": \"mcSatisfyRule sample 1\",\n    \"value\": {\n      \"mc\": \"<=3\"\n    }\n  },\n  {\n    \"title\": \"mcSatisfyRule sample 2\",\n    \"value\": {\n      \"mc\": \">=95\"\n    }\n  },\n  {\n    \"title\": \"mcSatisfyRule sample 3\",\n    \"value\": {\n      \"mc\": \"<=194\"\n    }\n  },\n  {\n    \"title\": \"mcSatisfyRule sample 4\",\n    \"value\": {\n      \"mc\": \">=1\"\n    }\n  },\n  {\n    \"title\": \"mcSatisfyRule sample 5\",\n    \"value\": {\n      \"mc\": \"<=1\"\n    }\n  },\n  {\n    \"title\": \"mcSatisfyRule sample 6\",\n    \"value\": {\n      \"mc\": \">=199\"\n    }\n  },\n  {\n    \"title\": \"mcSatisfyRule sample 7\",\n    \"value\": {\n      \"mc\": \"<=7\"\n    }\n  },\n  {\n    \"title\": \"mcSatisfyRule sample 8\",\n    \"value\": {\n      \"mc\": \">=199\"\n    }\n  },\n  {\n    \"title\": \"mcSatisfyRule sample 9\",\n    \"value\": {\n      \"mc\": \"<=73\"\n    }\n  }\n]",
              "code": "fast_check_1.sample(index_test_2.mcSatisfyRule, 10).forEach((sample, i) => addContext_1.default(this, {\n    title: `mcSatisfyRule sample ${i}`,\n    value: sample,\n}));\nreturn fast_check_1.assert(fast_check_1.property(index_test_2.mcSatisfyRule, ajvValidate));",
              "err": {},
              "uuid": "f255d21a-2472-4a2a-8f1e-397399f85b8a",
              "parentUUID": "9fcb0f75-c8c4-452d-ae33-6957620931ab",
              "isHook": false,
              "skipped": false
            },
            {
              "title": "should validate valid recursive satisfy rules",
              "fullTitle": "satisfyRuleSchema should validate valid recursive satisfy rules",
              "timedOut": false,
              "duration": 3,
              "state": "passed",
              "speed": "fast",
              "pass": true,
              "fail": false,
              "pending": false,
              "context": "[\n  {\n    \"title\": \"satisfyRule sample 0\",\n    \"value\": \"W9P\"\n  },\n  {\n    \"title\": \"satisfyRule sample 1\",\n    \"value\": {\n      \"mc\": \"<=194\"\n    }\n  },\n  {\n    \"title\": \"satisfyRule sample 2\",\n    \"value\": {\n      \"or\": [\n        {\n          \"or\": []\n        },\n        {\n          \"mc\": \"<=182\"\n        }\n      ]\n    }\n  },\n  {\n    \"title\": \"satisfyRule sample 3\",\n    \"value\": \"Ky\\\"qQ\"\n  },\n  {\n    \"title\": \"satisfyRule sample 4\",\n    \"value\": {\n      \"mc\": \"<=68\"\n    }\n  },\n  {\n    \"title\": \"satisfyRule sample 5\",\n    \"value\": {\n      \"and\": [\n        \"\",\n        {\n          \"or\": [\n            \"9\",\n            \"Kw6o*>m\",\n            \"G@BYRX'\\\"+P\",\n            {\n              \"mc\": \"<=38\"\n            }\n          ]\n        },\n        {\n          \"and\": [\n            \")lz._8JbWu\",\n            \"VyUTj\",\n            \"0y>N]{]\",\n            \"u)T(]_\",\n            \"N\"\n          ]\n        },\n        {\n          \"mc\": \"<=191\"\n        }\n      ]\n    }\n  },\n  {\n    \"title\": \"satisfyRule sample 6\",\n    \"value\": {\n      \"or\": [\n        {\n          \"or\": [\n            {\n              \"mc\": \"<=191\"\n            },\n            {\n              \"mc\": \"<=110\"\n            },\n            {\n              \"or\": [\n                \"ti%?7!~\",\n                \"1Ef1<IPAM*\",\n                \"RuG#r \"\n              ]\n            }\n          ]\n        },\n        {\n          \"or\": []\n        },\n        {\n          \"or\": [\n            {\n              \"mc\": \"<=131\"\n            }\n          ]\n        },\n        {\n          \"mc\": \"<=15\"\n        }\n      ]\n    }\n  },\n  {\n    \"title\": \"satisfyRule sample 7\",\n    \"value\": {\n      \"and\": [\n        \"$zB\",\n        {\n          \"mc\": \">=199\"\n        },\n        {\n          \"or\": [\n            \"D_$Tj\",\n            \"\"\n          ]\n        }\n      ]\n    }\n  },\n  {\n    \"title\": \"satisfyRule sample 8\",\n    \"value\": {\n      \"and\": [\n        {\n          \"and\": [\n            \"\\\"\",\n            {\n              \"and\": [\n                \"- L\",\n                {\n                  \"and\": [\n                    {\n                      \"mc\": \">=152\"\n                    },\n                    \"t!M$XqQW}*\",\n                    \"y\",\n                    \"t{O\\\"u\"\n                  ]\n                },\n                \"&F:Of %W4$\"\n              ]\n            }\n          ]\n        }\n      ]\n    }\n  },\n  {\n    \"title\": \"satisfyRule sample 9\",\n    \"value\": {\n      \"and\": [\n        {\n          \"mc\": \"<=91\"\n        },\n        {\n          \"or\": [\n            \":]u8,~GBve\",\n            \"\",\n            {\n              \"mc\": \"<=27\"\n            },\n            \"\"\n          ]\n        },\n        {\n          \"or\": [\n            {\n              \"or\": [\n                \"V\"\n              ]\n            }\n          ]\n        },\n        {\n          \"mc\": \"<=12\"\n        },\n        {\n          \"or\": []\n        }\n      ]\n    }\n  }\n]",
              "code": "fast_check_1.sample(index_test_2.satisfyRule, 10).forEach((sample, i) => addContext_1.default(this, {\n    title: `satisfyRule sample ${i}`,\n    value: sample,\n}));\nreturn fast_check_1.assert(fast_check_1.property(index_test_2.satisfyRule, ajvValidate));",
              "err": {},
              "uuid": "dff4f6e9-c2f5-4191-98d2-dcbe17bdf3ff",
              "parentUUID": "9fcb0f75-c8c4-452d-ae33-6957620931ab",
              "isHook": false,
              "skipped": false
            },
            {
              "title": "should not validate non-string/object",
              "fullTitle": "satisfyRuleSchema should not validate non-string/object",
              "timedOut": false,
              "duration": 3,
              "state": "passed",
              "speed": "fast",
              "pass": true,
              "fail": false,
              "pending": false,
              "context": null,
              "code": "const error = {\n    instancePath: \"\",\n    message: \"satisfy rule should be either a string or an object\",\n};\nisInvalidRule(null, error);\nisInvalidRule(undefined, error);\nisInvalidRule(10, error);\nisInvalidRule([12, 24], error);",
              "err": {},
              "uuid": "c3ab9d47-bc9a-4ea9-9a49-8a8ab6acdf73",
              "parentUUID": "9fcb0f75-c8c4-452d-ae33-6957620931ab",
              "isHook": false,
              "skipped": false
            },
            {
              "title": "should not validate satisfy rules with extra properties",
              "fullTitle": "satisfyRuleSchema should not validate satisfy rules with extra properties",
              "timedOut": false,
              "duration": 0,
              "state": "passed",
              "speed": "fast",
              "pass": true,
              "fail": false,
              "pending": false,
              "context": null,
              "code": "isInvalidRule({\n        and: [\n            { or: [\"2k\"], abc: \"def\" },\n            { mc: 8, ghi: \"jkl\" },\n        ],\n        mno: \"pqr\",\n    }, {\n        instancePath: \"/and/0\",\n        message: \"or satisfy rule should have property 'or' only\",\n    }, {\n        instancePath: \"/and/1\",\n        message: \"MC satisfy rule should have property 'mc' only\",\n    }, {\n        instancePath: \"\",\n        message: \"and satisfy rule should have property 'and' only\",\n    })",
              "err": {},
              "uuid": "f118ccb6-6a8b-456d-82ee-ce7761ebc391",
              "parentUUID": "9fcb0f75-c8c4-452d-ae33-6957620931ab",
              "isHook": false,
              "skipped": false
            },
            {
              "title": "should not validate ambiguous satisfy rules",
              "fullTitle": "satisfyRuleSchema should not validate ambiguous satisfy rules",
              "timedOut": false,
              "duration": 0,
              "state": "passed",
              "speed": "fast",
              "pass": true,
              "fail": false,
              "pending": false,
              "context": null,
              "code": "const message = \"satisfy rule should have only one of properties 'mc', 'and', 'or'\";\nisInvalidRule({\n    or: [\n        { mc: 5, and: [\"CS2040\"] },\n        { and: [{ and: [\"abc\"], or: [\"def\"] }] },\n    ],\n}, { instancePath: \"/or/0\", message }, { instancePath: \"/or/1/and/0\", message });",
              "err": {},
              "uuid": "8feed70f-06e9-41c6-8ded-53f5cd188f67",
              "parentUUID": "9fcb0f75-c8c4-452d-ae33-6957620931ab",
              "isHook": false,
              "skipped": false
            },
            {
              "title": "should not validate and satisfy rules with non-array property",
              "fullTitle": "satisfyRuleSchema should not validate and satisfy rules with non-array property",
              "timedOut": false,
              "duration": 0,
              "state": "passed",
              "speed": "fast",
              "pass": true,
              "fail": false,
              "pending": false,
              "context": null,
              "code": "const message = \"property 'and' should be an array of satisfy rules\";\nisInvalidRule({ or: [{ and: {} }, { or: [{ and: 3 }] }] }, { instancePath: \"/or/0/and\", message }, { instancePath: \"/or/1/or/0/and\", message });",
              "err": {},
              "uuid": "05ae1e2e-3120-462f-b1f7-d108dc212424",
              "parentUUID": "9fcb0f75-c8c4-452d-ae33-6957620931ab",
              "isHook": false,
              "skipped": false
            },
            {
              "title": "should not validate or satisfy rules with non-array property",
              "fullTitle": "satisfyRuleSchema should not validate or satisfy rules with non-array property",
              "timedOut": false,
              "duration": 1,
              "state": "passed",
              "speed": "fast",
              "pass": true,
              "fail": false,
              "pending": false,
              "context": null,
              "code": "const message = \"property 'or' should be an array of satisfy rules\";\nisInvalidRule({ and: [{ or: {} }, { and: [{ or: 3 }] }] }, { instancePath: \"/and/0/or\", message }, { instancePath: \"/and/1/and/0/or\", message });",
              "err": {},
              "uuid": "738086e4-b275-40f1-80e2-e48a06c9bc8a",
              "parentUUID": "9fcb0f75-c8c4-452d-ae33-6957620931ab",
              "isHook": false,
              "skipped": false
            }
          ],
          "suites": [],
          "passes": [
            "24a97b41-5388-4752-bae8-6e31af112428",
            "f255d21a-2472-4a2a-8f1e-397399f85b8a",
            "dff4f6e9-c2f5-4191-98d2-dcbe17bdf3ff",
            "c3ab9d47-bc9a-4ea9-9a49-8a8ab6acdf73",
            "f118ccb6-6a8b-456d-82ee-ce7761ebc391",
            "8feed70f-06e9-41c6-8ded-53f5cd188f67",
            "05ae1e2e-3120-462f-b1f7-d108dc212424",
            "738086e4-b275-40f1-80e2-e48a06c9bc8a"
          ],
          "failures": [],
          "pending": [],
          "skipped": [],
          "duration": 10,
          "root": false,
          "rootEmpty": false,
          "_timeout": 2000
        }
      ],
      "passes": [],
      "failures": [],
      "pending": [],
      "skipped": [],
      "duration": 0,
      "root": true,
      "rootEmpty": true,
      "_timeout": 2000
    }
  ],
  "meta": {
    "mocha": {
      "version": "9.0.2"
    },
    "mochawesome": {
      "options": {
        "quiet": false,
        "reportFilename": "mochawesome",
        "saveHtml": true,
        "saveJson": true,
        "consoleReporter": "spec",
        "useInlineDiffs": false,
        "code": true
      },
      "version": "6.2.2"
    },
    "marge": {
      "options": {
        "reportDir": "docs"
      },
      "version": "5.2.0"
    }
  }
}