{
  "stats": {
    "suites": 10,
    "tests": 48,
    "passes": 48,
    "pending": 0,
    "failures": 0,
    "start": "2021-07-11T10:05:13.436Z",
    "end": "2021-07-11T10:05:13.855Z",
    "duration": 419,
    "testsRegistered": 48,
    "passPercent": 100,
    "pendingPercent": 0,
    "other": 0,
    "hasOther": false,
    "skipped": 0,
    "hasSkipped": false
  },
  "results": [
    {
      "uuid": "4988577f-adc2-42ba-a108-81ca3decc7c9",
      "title": "",
      "fullFile": "",
      "file": "",
      "beforeHooks": [],
      "afterHooks": [],
      "tests": [],
      "suites": [
        {
          "uuid": "ba025f73-0226-45ac-9d01-e523b4f2167b",
          "title": "initDirectories",
          "fullFile": "/home/runner/work/planwithus-lib/planwithus-lib/src/block/schemas.test.ts",
          "file": "/src/block/schemas.test.ts",
          "beforeHooks": [],
          "afterHooks": [],
          "tests": [
            {
              "title": "should parse all blocks with no errors",
              "fullTitle": "initDirectories should parse all blocks with no errors",
              "timedOut": false,
              "duration": 3,
              "state": "passed",
              "speed": "fast",
              "pass": true,
              "fail": false,
              "pending": false,
              "context": null,
              "code": "_1.initDirectories.should.not.throw()",
              "err": {},
              "uuid": "a24bd117-683c-4f17-8caa-c45d0622dc2d",
              "parentUUID": "ba025f73-0226-45ac-9d01-e523b4f2167b",
              "isHook": false,
              "skipped": false
            },
            {
              "title": "should produce primary, second & minor directories",
              "fullTitle": "initDirectories should produce primary, second & minor directories",
              "timedOut": false,
              "duration": 54,
              "state": "passed",
              "speed": "medium",
              "pass": true,
              "fail": false,
              "pending": false,
              "context": null,
              "code": "const directories = await _1.initDirectories();\ndirectories.should.have.property(\"primary\");\ndirectories.should.have.property(\"second\");\ndirectories.should.have.property(\"minor\");",
              "err": {},
              "uuid": "094f2488-ebc0-474b-975b-efc41b956ba8",
              "parentUUID": "ba025f73-0226-45ac-9d01-e523b4f2167b",
              "isHook": false,
              "skipped": false
            }
          ],
          "suites": [],
          "passes": [
            "a24bd117-683c-4f17-8caa-c45d0622dc2d",
            "094f2488-ebc0-474b-975b-efc41b956ba8"
          ],
          "failures": [],
          "pending": [],
          "skipped": [],
          "duration": 57,
          "root": false,
          "rootEmpty": false,
          "_timeout": 2000
        },
        {
          "uuid": "761edfab-5b1b-41f3-bc63-89524696938b",
          "title": "blockSchema",
          "fullFile": "/home/runner/work/planwithus-lib/planwithus-lib/src/block/schemas.test.ts",
          "file": "/src/block/schemas.test.ts",
          "beforeHooks": [],
          "afterHooks": [],
          "tests": [
            {
              "title": "should validate valid block",
              "fullTitle": "blockSchema should validate valid block",
              "timedOut": false,
              "duration": 207,
              "state": "passed",
              "speed": "slow",
              "pass": true,
              "fail": false,
              "pending": false,
              "context": "[\n  {\n    \"title\": \"block sample 0\",\n    \"value\": {\n      \"name\": \"eNd\",\n      \"ay\": 2030,\n      \"assign\": \"!\",\n      \"match\": [\n        {\n          \"and\": [\n            {\n              \"or\": [\n                {\n                  \"or\": [\n                    \"GKI2223P\",\n                    \"FKN108U\",\n                    \"HIV69\",\n                    \"FDH45\"\n                  ]\n                }\n              ]\n            },\n            \"JI5*3\",\n            {\n              \"and\": [\n                {\n                  \"pattern\": \"DS8P\",\n                  \"exclude\": \"VS8U\",\n                  \"info\": \"5VC'\"\n                },\n                {\n                  \"and\": [\n                    {\n                      \"and\": [\n                        {\n                          \"or\": [\n                            \"OY13K\",\n                            \"HFA6U\",\n                            \"JES984*U\"\n                          ]\n                        },\n                        \"BQ372\"\n                      ]\n                    }\n                  ]\n                }\n              ]\n            },\n            {\n              \"or\": [\n                {\n                  \"pattern\": \"HMC9\",\n                  \"info\": \"\"\n                },\n                \"UD70xM\",\n                {\n                  \"and\": [\n                    \"WM71O\",\n                    {\n                      \"and\": [\n                        \"FYQ2\",\n                        {\n                          \"and\": [\n                            \"LC3069R\"\n                          ]\n                        },\n                        \"EPQ14\"\n                      ]\n                    }\n                  ]\n                },\n                {\n                  \"and\": [\n                    \"MYO914H\"\n                  ]\n                },\n                {\n                  \"pattern\": \"EI49*x\",\n                  \"exclude\": \"CY3\",\n                  \"info\": \"Z\\\\c{,CUNb\"\n                }\n              ]\n            }\n          ]\n        },\n        \"CEI4\",\n        {\n          \"pattern\": \"LTFx*0A\",\n          \"exclude\": [],\n          \"info\": \"\"\n        },\n        {\n          \"or\": [\n            {\n              \"and\": [\n                \"LFZ3007\",\n                {\n                  \"and\": [\n                    \"FLI5420F\",\n                    {\n                      \"pattern\": \"FN739\",\n                      \"exclude\": [\n                        \"EO4xxC\"\n                      ],\n                      \"info\": \"\"\n                    },\n                    {\n                      \"and\": [\n                        \"YK829\"\n                      ]\n                    }\n                  ]\n                },\n                {\n                  \"pattern\": \"PKW59\",\n                  \"exclude\": [\n                    \"PW0\",\n                    \"JI94\"\n                  ],\n                  \"info\": \"W_97)%#\"\n                },\n                \"IPx\",\n                {\n                  \"or\": [\n                    {\n                      \"and\": [\n                        \"GB17V\",\n                        \"UAI089A\",\n                        \"BMK838\",\n                        \"SLT964\"\n                      ]\n                    },\n                    \"EHF3*9\",\n                    \"WAB3285\",\n                    {\n                      \"pattern\": \"RA9\",\n                      \"exclude\": [],\n                      \"info\": \"RZBZV)\"\n                    }\n                  ]\n                }\n              ]\n            },\n            \"SHE9L\",\n            {\n              \"and\": [\n                \"BU869K\",\n                {\n                  \"or\": [\n                    \"IH7M\",\n                    \"BSR62\",\n                    \"PCM*\",\n                    \"WLQ*I\",\n                    {\n                      \"pattern\": \"WZ79\",\n                      \"exclude\": [\n                        \"XDE8\",\n                        \"YT4\",\n                        \"IBK90\"\n                      ]\n                    }\n                  ]\n                }\n              ]\n            }\n          ]\n        },\n        {\n          \"and\": [\n            {\n              \"or\": [\n                \"GTC043\"\n              ]\n            },\n            \"RAD984Y\",\n            {\n              \"pattern\": \"OD421\",\n              \"info\": \"\"\n            },\n            {\n              \"and\": []\n            }\n          ]\n        }\n      ],\n      \"url\": \"https://a89fxlcla9niyfx7-wwfvw61pa3fg56u.47bd89.emkg83yh5n8.g.awcwezean/*wu,/ze1/t4:-oa/N4lk%F3%83%98%9Frf2\",\n      \"info\": \"wi:E>9}\",\n      \"a\": {\n        \"ay\": 1972,\n        \"assign\": \"w`5c<RRS#\",\n        \"match\": [],\n        \"satisfy\": {\n          \"or\": [\n            {\n              \"mc\": \">=68\"\n            },\n            \"\\\" \"\n          ]\n        },\n        \"url\": \"http://4gqwjk-pq-8ga.tz/C)(/NFd%F2%A1%95%9Eb=/a\"\n      },\n      \"uq/`7\": {\n        \"name\": \"\",\n        \"ay\": 1954,\n        \"assign\": \"7g\",\n        \"match\": [\n          {\n            \"or\": []\n          },\n          {\n            \"and\": [\n              {\n                \"or\": [\n                  {\n                    \"pattern\": \"KZC9x02\",\n                    \"info\": \"=2RWIB-[`\"\n                  },\n                  \"GXA7\",\n                  \"TT13x3L\",\n                  \"GD0820A\",\n                  \"YA8\"\n                ]\n              }\n            ]\n          }\n        ],\n        \"satisfy\": [\n          {\n            \"and\": [\n              {\n                \"mc\": \">=89\"\n              },\n              \"b\\\\8\",\n              {\n                \"mc\": \">=121\"\n              }\n            ]\n          },\n          {\n            \"and\": []\n          }\n        ],\n        \"url\": \"https://8.e0yjnpd-upy1jo137w-gjg1rupv013e5bd1j.ovxm/h:7/f%F1%A4%A1%85/*$//pYm/kNE!nzl/r%F1%A7%8C%8Fz%F4%89%90%85Y/-=a\",\n        \"info\": \"{%\"\n      }\n    }\n  },\n  {\n    \"title\": \"block sample 1\",\n    \"value\": {\n      \"name\": \"m\",\n      \"ay\": 2030,\n      \"assign\": [\n        \"&\",\n        \"W]{iriv\",\n        \"#T(SVFw9&E\"\n      ],\n      \"match\": {\n        \"or\": [\n          {\n            \"or\": [\n              \"SGT3\",\n              {\n                \"or\": [\n                  {\n                    \"pattern\": \"UAT169G\",\n                    \"exclude\": [],\n                    \"info\": \"gJpK7A<\"\n                  }\n                ]\n              },\n              {\n                \"or\": []\n              },\n              {\n                \"and\": [\n                  \"KE9\",\n                  \"TV0*G\",\n                  \"NUA5x\"\n                ]\n              },\n              \"TK1*V\"\n            ]\n          }\n        ]\n      },\n      \"satisfy\": [\n        {\n          \"or\": [\n            \"iy\",\n            \"'w$\"\n          ]\n        },\n        {\n          \"and\": [\n            \"Lp\"\n          ]\n        }\n      ],\n      \"url\": \"https://lze87dx849ivh5cafqyzet7gxy7ydz2.ntdhccrvms4ekxl2u11n8h63cpl1-i.eakqjys/)+m26/l)7/(($quM%F1%A6%9D%87/%F2%95%B5%8F+PJf/Q40y&@foX8\",\n      \"info\": \"XWtD_BF&\"\n    }\n  },\n  {\n    \"title\": \"block sample 2\",\n    \"value\": {\n      \"name\": \"!\",\n      \"ay\": 1955,\n      \"assign\": \"~\\\"%\",\n      \"match\": {\n        \"and\": [\n          {\n            \"or\": [\n              {\n                \"pattern\": \"YBG58*4\",\n                \"exclude\": [\n                  \"QHx62*\",\n                  \"BTE492U\"\n                ],\n                \"info\": \"0ViouQ\"\n              },\n              \"KG0I\",\n              \"RXS578xV\",\n              {\n                \"and\": [\n                  {\n                    \"and\": [\n                      \"TTE7*0E\",\n                      \"XI2*72\",\n                      \"GS9\",\n                      \"PPH49xxE\"\n                    ]\n                  }\n                ]\n              },\n              {\n                \"or\": []\n              }\n            ]\n          },\n          {\n            \"or\": [\n              \"PSM7\",\n              {\n                \"and\": [\n                  \"MS004H\",\n                  {\n                    \"pattern\": \"BBK2\",\n                    \"exclude\": \"LEY6475F\"\n                  }\n                ]\n              },\n              \"MRIx\",\n              \"MOG4I\",\n              \"KIC3495\"\n            ]\n          },\n          \"XHT4\"\n        ]\n      },\n      \"satisfy\": {\n        \"mc\": \">=2\"\n      },\n      \"url\": \"https://r.92ibs6pyvqbwzj1-pxk44esvx9vqwt-1v95cl49b30p6.wz-hi3kqihvfb0dinxqp.zadw/~z%F1%B5%96%96C%EA%88%85=,+/TgA.:pA/%F2%A4%90%A68%F2%8D%AC%88G\",\n      \"info\": \"3+\",\n      \"R-+h%g\": {\n        \"ay\": 2020,\n        \"assign\": [],\n        \"match\": [\n          {\n            \"or\": [\n              {\n                \"or\": [\n                  \"YM949L\",\n                  {\n                    \"or\": [\n                      \"JV447L\",\n                      \"TMx2*x\",\n                      \"CG5125\",\n                      \"KHH2\"\n                    ]\n                  }\n                ]\n              },\n              \"XR6*\",\n              {\n                \"and\": [\n                  \"BU0T\",\n                  {\n                    \"pattern\": \"BAx5\",\n                    \"exclude\": [],\n                    \"info\": \":$p\"\n                  },\n                  \"WO56\",\n                  \"AEB6\"\n                ]\n              }\n            ]\n          },\n          \"HTG934\",\n          \"JKL86\",\n          \"JD1\",\n          \"EPX070*\"\n        ],\n        \"satisfy\": [\n          {\n            \"and\": [\n              {\n                \"mc\": \">=19\"\n              },\n              {\n                \"or\": [\n                  \"?B@\",\n                  {\n                    \"and\": [\n                      \"j0hN3N+]g?\",\n                      \",9q9\",\n                      \"B@&FwCHw\"\n                    ]\n                  },\n                  \"[MCbc'E\"\n                ]\n              }\n            ]\n          },\n          \"z~K?&r\",\n          {\n            \"and\": [\n              {\n                \"and\": [\n                  {\n                    \"mc\": \">=147\"\n                  },\n                  \",\\\"B]|v{;>M\",\n                  \"_*wMUM_\"\n                ]\n              },\n              {\n                \"and\": [\n                  \"\",\n                  \"fh>N0\",\n                  {\n                    \"or\": [\n                      \"M3:Xc0\"\n                    ]\n                  },\n                  {\n                    \"or\": [\n                      {\n                        \"or\": [\n                          \"hxyDe\"\n                        ]\n                      }\n                    ]\n                  }\n                ]\n              },\n              {\n                \"mc\": \"<=194\"\n              },\n              {\n                \"or\": []\n              }\n            ]\n          }\n        ],\n        \"url\": \"http://46pa-3s3n88w1l-ypzzv-n3jcg.wovgb62ktx-bpv-bjvt8c.4jhkqq6g8rzf7x3v0ff3lbbmc3c5o2gxdrta-3m45m3oqjw0byjtjzw989cqrf.vyjapuoiv/8K%F0%93%A5%8AO-gy//;p_syvB~-;/*)c&/F%F2%9C%AB%80s7c/\",\n        \"info\": \"Ocs\"\n      },\n      \"'[?:NGR\": {\n        \"name\": \"3\",\n        \"assign\": [\n          \"5\",\n          \"{\",\n          \"=gE:/c\",\n          \"NfLQ*7\"\n        ],\n        \"match\": {\n          \"pattern\": \"BTx*R\",\n          \"exclude\": [\n            \"KCK47F\",\n            \"IDD2x64F\",\n            \"FGO0302\"\n          ]\n        },\n        \"satisfy\": [],\n        \"url\": \"http://6rjr3jz-jefwr5kcairw.tnhehxiyyx9dzzcb8dgtet.dbukiegjeechbdkqp1bs4wm822ydt1nws2wsp9vj-ayklep70l78i87az.l85aprw7lbz-7d.dg/,8q%F1%BD%80%8F'Ku/2xSYB/*O.Zq/CThv/LN%F0%B1%86%96y,.ty=/*apo)4~./*%F2%A3%BF%94/$4C%F3%BE%9C%81\",\n        \"info\": \"?pC>i<hxM\",\n        \"*Y{3Am@X_i\": {\n          \"name\": \"s\",\n          \"assign\": \",YoR@bA+V1\",\n          \"match\": {\n            \"or\": [\n              {\n                \"or\": [\n                  {\n                    \"and\": []\n                  }\n                ]\n              },\n              \"HFO14U\",\n              {\n                \"or\": [\n                  {\n                    \"and\": [\n                      {\n                        \"and\": [\n                          \"KMB1Y\",\n                          \"RK2869T\",\n                          \"UOS64x4A\"\n                        ]\n                      },\n                      {\n                        \"or\": [\n                          \"GIK62U\",\n                          \"BTP0B\",\n                          \"FS7x0F\",\n                          \"PMN18\",\n                          \"XH80xN\"\n                        ]\n                      },\n                      {\n                        \"and\": [\n                          \"UE66W\"\n                        ]\n                      },\n                      {\n                        \"or\": [\n                          \"VIR9Z\",\n                          {\n                            \"pattern\": \"AJ541\",\n                            \"exclude\": [\n                              \"CO7086\",\n                              \"EZ4892R\"\n                            ],\n                            \"info\": \"%^ 4\"\n                          }\n                        ]\n                      },\n                      {\n                        \"pattern\": \"MY*35\",\n                        \"exclude\": \"FO39x0Z\",\n                        \"info\": \"xh3\"\n                      }\n                    ]\n                  },\n                  \"WZA2x20W\",\n                  \"RNQx0U\",\n                  {\n                    \"or\": [\n                      \"BOE3**\",\n                      \"DLD77M\",\n                      {\n                        \"and\": [\n                          \"TX040\",\n                          \"CC2*6H\",\n                          \"UVJ9B\",\n                          \"PFQ08\",\n                          \"WJR041\"\n                        ]\n                      },\n                      {\n                        \"and\": [\n                          \"GM0\",\n                          \"EJ4X\"\n                        ]\n                      }\n                    ]\n                  }\n                ]\n              }\n            ]\n          },\n          \"url\": \"https://i.377uz3yqtcpmvtt4nou88wob8gtal-tsxlfboq6wsrybyrwa.yihutta7tzzlbbtt4poekwzhr9r4y5hitl3ny066184o72a.ieox\",\n          \"info\": \"J.\"\n        },\n        \"@pU8=\": {\n          \"name\": \"-b5?\",\n          \"ay\": 2026,\n          \"assign\": [],\n          \"url\": \"http://3.t3b.2wj31zh2u51yxil-z60lvc304ox6jc3xzqz6fn3ijvh8ay9a.5vns03fsx0wad9xt4sjc0i2vr97vtxufwe8fqncrmg137mbcw6.ew3zmqe23al3ggg28w.axcndbk/;*\",\n          \"info\": \"%Y@>t\"\n        },\n        \"_oI'L$`$\": {\n          \"name\": \"Y\",\n          \"ay\": 1984,\n          \"assign\": \" \",\n          \"match\": \"OHx17E\",\n          \"satisfy\": [\n            {\n              \"or\": [\n                {\n                  \"mc\": \">=124\"\n                }\n              ]\n            },\n            {\n              \"mc\": \">=130\"\n            },\n            \")M=4{X@7h\"\n          ],\n          \"url\": \"http://bmve4ws2ypba92w09fsq4-02l5shyujjg3t6-sz7lxk3-zt29wstenh58-6g.hfpcj8a80-21m2bk33.5wdlljs8sw.4wy2lzzh--l91nu279.mxf2j9txcupktkju4mhonb5m8px-17lb3mk8xp.gaay/MtQ,m!MF~/je~f%F3%AC%A6%A3umt'h/lh1O%F1%9F%97%86gW%F0%93%9C%B25_\",\n          \"info\": \".]2A\"\n        }\n      },\n      \"?\": {\n        \"name\": \"M'IhC5\",\n        \"ay\": 2011,\n        \"assign\": [],\n        \"info\": \"$`\",\n        \"|7Q< <aJaw\": {\n          \"name\": \"_\",\n          \"satisfy\": \"Kn_'uJrQYm\",\n          \"url\": \"https://6cy7nay3yj0926ygd8kh0hmeeq4kqc5b-ig0d.yc1soy84q.lnj8m7thx3fczq8vdh7amn8gd1lmoldg2px297a0lxn-41--7q1523uf3.eay05ehyr02bl5jk7iv83s.gbmzay/8l/fW/jH0Vq/im6n/6ZG;AZ&jX!/3;/$d5C)5\",\n          \"info\": \"J`Mq\"\n        },\n        \"&j)\": {\n          \"name\": \"!O+DP=Mu\",\n          \"ay\": 2025,\n          \"match\": [],\n          \"satisfy\": {\n            \"or\": [\n              {\n                \"or\": [\n                  \"Cpwss\\\"jC\"\n                ]\n              },\n              \"[k1T/ws8\",\n              {\n                \"or\": [\n                  {\n                    \"mc\": \">=20\"\n                  },\n                  {\n                    \"or\": [\n                      \"?]inGW\",\n                      \"`O\\\"`\",\n                      \" ?_bef\",\n                      \"X8HuPV\",\n                      \">D@rw\"\n                    ]\n                  }\n                ]\n              },\n              {\n                \"mc\": \">=175\"\n              }\n            ]\n          },\n          \"url\": \"http://xcodv6uta-jrtb96y8hfuq8lzxh-njaftpxwb.z08jdvqg5gje57nqlqbjjv1m-f46a6zhg7n4.pitgmatrgob0q9wc.ov6whambez5q7sz282es8orxt2gtb2ok8cf9zvl8awuxtyz2xoqs.qvld/_u*X!jy%F2%BD%B1%8385/tK%F3%BA%A1%AFDjOzLa;/qx/A6rIxe\"\n        },\n        \"Oe^)PM$@\": {\n          \"name\": \"/.Y\",\n          \"ay\": 1997,\n          \"assign\": [\n            \"E-*<CXV\\\\\",\n            \"b/  }x*1!X\",\n            \"\",\n            \"Y,Fb.1!jB>\"\n          ],\n          \"satisfy\": {\n            \"or\": [\n              \">K\\\\B\",\n              {\n                \"or\": []\n              },\n              \"8C\",\n              {\n                \"mc\": \"<=138\"\n              }\n            ]\n          }\n        },\n        \"NS\": {\n          \"name\": \"1\",\n          \"ay\": 2028,\n          \"assign\": \"CC;qo_KL\",\n          \"match\": [\n            {\n              \"pattern\": \"KXM85*0U\",\n              \"exclude\": [],\n              \"info\": \"ySml%)HAX\"\n            },\n            {\n              \"and\": [\n                \"YWA9\",\n                {\n                  \"and\": [\n                    {\n                      \"and\": [\n                        {\n                          \"pattern\": \"NJC2598T\",\n                          \"info\": \"\"\n                        },\n                        \"JL8265R\",\n                        {\n                          \"or\": [\n                            \"BH5316B\",\n                            \"RG7x60W\",\n                            \"TRI5S\",\n                            \"OAE7581\"\n                          ]\n                        },\n                        \"QP1G\",\n                        \"FL1*47\"\n                      ]\n                    },\n                    \"FBY52Y\",\n                    {\n                      \"and\": [\n                        \"HK991\",\n                        \"TDA976\",\n                        \"GYx9\",\n                        {\n                          \"and\": [\n                            {\n                              \"and\": [\n                                \"OG3\",\n                                \"QI*02\",\n                                {\n                                  \"and\": [\n                                    \"KZI0V\",\n                                    \"RGC9B\",\n                                    \"IQQx97\",\n                                    \"RC8589U\",\n                                    \"EX2787T\"\n                                  ]\n                                },\n                                \"RIU1D\"\n                              ]\n                            },\n                            {\n                              \"and\": [\n                                \"ZN41A\"\n                              ]\n                            },\n                            {\n                              \"pattern\": \"MPP0F\",\n                              \"exclude\": \"ZH77W\",\n                              \"info\": \"\"\n                            }\n                          ]\n                        },\n                        \"QT*48H\"\n                      ]\n                    }\n                  ]\n                },\n                {\n                  \"pattern\": \"DR60xW\",\n                  \"exclude\": [\n                    \"VZU977D\",\n                    \"KMN80x\",\n                    \"EGZ223*X\",\n                    \"PB*x*\"\n                  ],\n                  \"info\": \"yx\"\n                }\n              ]\n            },\n            \"EA0503X\"\n          ],\n          \"satisfy\": {\n            \"mc\": \">=145\"\n          },\n          \"url\": \"http://1jqacdasjva2oh.uychzbc/ZP~M'5Z/YYIJ$GpIBc/lj\",\n          \"info\": \",\",\n          \"/\": {\n            \"name\": \"Nq56JS%!_B\",\n            \"ay\": 1968,\n            \"assign\": \"P})Yh\",\n            \"match\": [\n              {\n                \"or\": [\n                  \"WGD00S\"\n                ]\n              },\n              \"YYL7*M\"\n            ],\n            \"satisfy\": [\n              {\n                \"or\": []\n              },\n              {\n                \"or\": []\n              },\n              {\n                \"and\": [\n                  {\n                    \"mc\": \">=85\"\n                  },\n                  {\n                    \"mc\": \">=136\"\n                  }\n                ]\n              }\n            ],\n            \"url\": \"http://7urq1s.40d57w1-0kulqe.xzj/y/g4/-=z=%F0%AD%A3%96A-9./GKNCAB6\",\n            \"info\": \"\"\n          }\n        }\n      },\n      \"+\": {\n        \"name\": \"Q!d8R=\",\n        \"ay\": 1950,\n        \"assign\": [\n          \"@#j\\\\.~f[]\",\n          \"\",\n          \"%F!xL7\"\n        ],\n        \"match\": [\n          {\n            \"and\": [\n              \"HN80D\"\n            ]\n          },\n          {\n            \"pattern\": \"DZL28\",\n            \"exclude\": \"NR66*0\",\n            \"info\": \"V\\\\;YU\"\n          },\n          \"XG15C\",\n          {\n            \"and\": [\n              {\n                \"and\": [\n                  \"IZ6N\"\n                ]\n              },\n              {\n                \"and\": [\n                  \"WB53\",\n                  \"CGO1*4P\"\n                ]\n              },\n              \"SYN9009\",\n              {\n                \"or\": [\n                  \"PO299\"\n                ]\n              }\n            ]\n          }\n        ],\n        \"satisfy\": [\n          \"<>K=\\\\{\",\n          {\n            \"mc\": \">=45\"\n          },\n          {\n            \"and\": [\n              {\n                \"and\": []\n              },\n              {\n                \"or\": [\n                  \"\\\\$[\",\n                  \"\\\"\\\"\",\n                  {\n                    \"mc\": \"<=174\"\n                  },\n                  {\n                    \"or\": [\n                      \"\"\n                    ]\n                  },\n                  {\n                    \"and\": [\n                      \"0<%*N68]\",\n                      \"cLS77}\",\n                      {\n                        \"or\": []\n                      },\n                      \"n?\\\"7xFv0mD\",\n                      {\n                        \"and\": [\n                          {\n                            \"and\": []\n                          },\n                          {\n                            \"and\": []\n                          },\n                          {\n                            \"and\": [\n                              \"cyiBd\",\n                              \"egANFR{)\"\n                            ]\n                          },\n                          \"9]zd*}\",\n                          \"sGS\"\n                        ]\n                      }\n                    ]\n                  }\n                ]\n              }\n            ]\n          }\n        ],\n        \"url\": \"https://o0e8sksh65nyqcb9na-h4fk2-3ab.palsrqbb/\",\n        \"info\": \"?vJ\"\n      },\n      \"INr^@]Q%Q\": {\n        \"ay\": 1992,\n        \"assign\": \"*o\\\\qqLG$\",\n        \"match\": [\n          {\n            \"and\": [\n              {\n                \"and\": [\n                  \"UVQ4*\",\n                  {\n                    \"pattern\": \"TK1\",\n                    \"exclude\": \"RG0Y\",\n                    \"info\": \"Ec#k||:`{y\"\n                  }\n                ]\n              }\n            ]\n          },\n          {\n            \"pattern\": \"QXC10\",\n            \"exclude\": \"VNS787S\",\n            \"info\": \"Q\"\n          },\n          \"EDX82\",\n          \"OQ5495L\",\n          {\n            \"pattern\": \"NEC776Q\",\n            \"exclude\": [\n              \"BW499Y\",\n              \"QF9xA\",\n              \"MG395\",\n              \"NDFx9*9\"\n            ],\n            \"info\": \">O\"\n          }\n        ],\n        \"satisfy\": [\n          {\n            \"or\": []\n          },\n          {\n            \"mc\": \"<=197\"\n          },\n          {\n            \"or\": [\n              \"/V,A7qfY*k\",\n              {\n                \"and\": []\n              },\n              {\n                \"mc\": \"<=25\"\n              },\n              {\n                \"and\": [\n                  {\n                    \"or\": [\n                      \"\",\n                      \"RV\"\n                    ]\n                  },\n                  \"&SbH@wn%=Y\",\n                  \"KMC+T?9\"\n                ]\n              }\n            ]\n          }\n        ],\n        \"url\": \"https://668jcc-apd4n3qayq-cqk0f0dc8bmd3omb5aot97lbw542ilk3i.u5s31koyhx21b9104kj6mpn1veil947c55.ydozy/,!O%F1%8C%82%94p4/W/q%F3%97%96%83/ZzcCa%F3%B2%83%95*+GW\",\n        \"info\": \"#li6\\\"%UJUR\"\n      }\n    }\n  },\n  {\n    \"title\": \"block sample 3\",\n    \"value\": {\n      \"ay\": 1950,\n      \"assign\": \"gZ.eW\",\n      \"satisfy\": {\n        \"or\": [\n          {\n            \"mc\": \">=179\"\n          }\n        ]\n      },\n      \"url\": \"http://24re52ft9ev6aaj6ehzcpcrf-6-fa37zeqb4a8pc.u9.iztpo/~&=\",\n      \"info\": \"Z>J(ap\"\n    }\n  },\n  {\n    \"title\": \"block sample 4\",\n    \"value\": {\n      \"name\": \"3!%#&`\",\n      \"ay\": 1981,\n      \"assign\": \")9&]}'0$\",\n      \"match\": [\n        {\n          \"or\": []\n        }\n      ],\n      \"satisfy\": [\n        {\n          \"and\": [\n            {\n              \"or\": [\n                {\n                  \"or\": [\n                    {\n                      \"or\": []\n                    },\n                    \"x%3C3/\",\n                    \".+Ur\",\n                    {\n                      \"and\": []\n                    }\n                  ]\n                },\n                {\n                  \"and\": [\n                    {\n                      \"mc\": \">=2\"\n                    }\n                  ]\n                }\n              ]\n            }\n          ]\n        }\n      ],\n      \"url\": \"https://cl3rul9o1o796656tvpupi8gmdpkxwxnwvvp.urfwu6ktgyeua1ouymajobq8udijk4sv019pxbt78or5-c6exlo1jksx1ldq4.o.mvfp\",\n      \"info\": \"<,^lI<CS|\",\n      \"d7ps&4\": {\n        \"name\": \"c#{ \",\n        \"ay\": 2021,\n        \"match\": \"RE9T\",\n        \"satisfy\": [\n          {\n            \"mc\": \">=5\"\n          },\n          \"nqY\\\"\"\n        ],\n        \"url\": \"https://9yua9hz1mw1f966hufcwf9fi20x2nnn9qjrnvhbw65tbgrtljwrif1srx.cqzysfkmdt/&/+Q_pDK=F1F\",\n        \"info\": \"~U qwR\",\n        \"5_Ef~\": {\n          \"name\": \"o\",\n          \"ay\": 1980,\n          \"assign\": [\n            \"r#/7H\\\"eLLb\",\n            \"+EoUY$\\\\m[~\",\n            \"8WU\",\n            \"w>#[^+?n[\",\n            \"tc>%ip4l\"\n          ],\n          \"match\": {\n            \"or\": [\n              \"EWPx99E\"\n            ]\n          },\n          \"satisfy\": [\n            \"P\",\n            \"z)\"\n          ],\n          \"info\": \"{DH\"\n        },\n        \"'&TTh\\\"\": {\n          \"name\": \"Q\\\\>\",\n          \"ay\": 1998,\n          \"assign\": \"\\\\~\",\n          \"match\": {\n            \"pattern\": \"KJ11X\",\n            \"info\": \"}M\"\n          },\n          \"satisfy\": {\n            \"or\": [\n              {\n                \"or\": [\n                  \"%PORs%6o&d\",\n                  {\n                    \"or\": [\n                      \"~zkNvm,f\",\n                      {\n                        \"or\": [\n                          \"uuZm;\",\n                          {\n                            \"or\": [\n                              \"\",\n                              \"0gR&zJl=N\",\n                              \"x\",\n                              \"$0+\",\n                              \"/gY;:l\"\n                            ]\n                          }\n                        ]\n                      },\n                      {\n                        \"and\": []\n                      },\n                      \"#NY,dmA\",\n                      \"2T0P;UW\"\n                    ]\n                  },\n                  {\n                    \"and\": [\n                      \"'5[\",\n                      {\n                        \"and\": [\n                          {\n                            \"and\": []\n                          }\n                        ]\n                      }\n                    ]\n                  },\n                  {\n                    \"and\": [\n                      \"_6aRG<{[3\",\n                      {\n                        \"and\": [\n                          \",\",\n                          {\n                            \"and\": [\n                              \"1t-\",\n                              \"d}b9\"\n                            ]\n                          },\n                          \" FD\",\n                          \"X3\",\n                          \"Fn<X\"\n                        ]\n                      },\n                      {\n                        \"and\": [\n                          \"X16um#NT\",\n                          \"b/vD)\"\n                        ]\n                      },\n                      \"WKQF4co[\"\n                    ]\n                  }\n                ]\n              },\n              \",;(\"\n            ]\n          },\n          \"url\": \"https://vf.7j1so8dlxd1nb270cs1-sqa9.ecdkv/0:40/I=fRm%F1%BA%84%92oQ\",\n          \"info\": \"u{\"\n        },\n        \"0uQnI2Hs$\": {\n          \"name\": \"P||\",\n          \"ay\": 2008,\n          \"match\": \"YR9794I\",\n          \"satisfy\": [\n            {\n              \"or\": [\n                {\n                  \"or\": [\n                    {\n                      \"and\": []\n                    },\n                    \"DhJb/Aa\"\n                  ]\n                },\n                \"BK>\",\n                {\n                  \"mc\": \"<=70\"\n                }\n              ]\n            },\n            \"\",\n            {\n              \"and\": [\n                \"eCUbX$-YM\",\n                {\n                  \"mc\": \">=29\"\n                }\n              ]\n            },\n            {\n              \"and\": [\n                {\n                  \"and\": [\n                    \"dZZ9oy4Vt)\",\n                    {\n                      \"mc\": \"<=129\"\n                    }\n                  ]\n                },\n                {\n                  \"and\": [\n                    \"!\",\n                    {\n                      \"or\": [\n                        \"Bz[g(Xk\",\n                        {\n                          \"or\": []\n                        },\n                        \"(\"\n                      ]\n                    },\n                    \"Z<?0DT\",\n                    {\n                      \"and\": [\n                        \"c+G\"\n                      ]\n                    },\n                    \"Z\"\n                  ]\n                },\n                \"BIY`Ph`ju\",\n                \"5Q*t0@~:\"\n              ]\n            },\n            {\n              \"or\": [\n                {\n                  \"or\": [\n                    {\n                      \"or\": [\n                        {\n                          \"and\": [\n                            \"YO\",\n                            \"_u\",\n                            {\n                              \"and\": [\n                                {\n                                  \"mc\": \"<=163\"\n                                },\n                                \"R<L-\",\n                                \"G;mSVc\",\n                                \"Pj::I(2\"\n                              ]\n                            },\n                            {\n                              \"mc\": \">=156\"\n                            },\n                            \"B.Q7=|\"\n                          ]\n                        },\n                        {\n                          \"or\": [\n                            \"f\",\n                            \"e7DZKw*Yrs\",\n                            \"@.T#np[k\"\n                          ]\n                        },\n                        \"L[jx$0X:\\\\6\"\n                      ]\n                    },\n                    \"\",\n                    {\n                      \"or\": [\n                        \"0iy#8*g(/7\",\n                        \"as$JH+\",\n                        {\n                          \"or\": [\n                            {\n                              \"and\": []\n                            }\n                          ]\n                        }\n                      ]\n                    },\n                    {\n                      \"or\": [\n                        {\n                          \"mc\": \"<=158\"\n                        },\n                        {\n                          \"and\": [\n                            \"K<.k`bk]\",\n                            \"<j=r,l[.i\"\n                          ]\n                        },\n                        \"_v7&\",\n                        \"?K\"\n                      ]\n                    },\n                    \"pon;YenwB\"\n                  ]\n                },\n                {\n                  \"or\": [\n                    \"3|P\",\n                    \"\",\n                    \"T(Blk';|hv\",\n                    \"\"\n                  ]\n                }\n              ]\n            }\n          ],\n          \"info\": \"$mOZls\"\n        },\n        \"*/+16\": {\n          \"name\": \"\",\n          \"ay\": 2021,\n          \"assign\": \"_O'$bTm\",\n          \"match\": \"YN*02xV\",\n          \"url\": \"http://8f.eaec71g.6ngcsg8fitq2r3mh7.c0.ilurpvsxc/bNfGA;mZ/)s_yk3jbtd/U!6\",\n          \"info\": \"plkAU.\"\n        }\n      },\n      \"z\\\"&+G\": {\n        \"name\": \"!\",\n        \"ay\": 2028,\n        \"assign\": \"{\",\n        \"match\": {\n          \"and\": [\n            {\n              \"pattern\": \"QXB6\",\n              \"exclude\": [\n                \"ECY00\",\n                \"NAx9*6\",\n                \"PHM181*C\"\n              ],\n              \"info\": \"Qc(l{MnK\"\n            },\n            {\n              \"or\": [\n                {\n                  \"and\": [\n                    \"XT69\",\n                    \"DLS**73\"\n                  ]\n                },\n                {\n                  \"and\": [\n                    {\n                      \"or\": [\n                        \"LDN1\",\n                        \"JQK70O\",\n                        \"EYU6C\",\n                        \"TA8305\",\n                        \"QRN3*B\"\n                      ]\n                    }\n                  ]\n                }\n              ]\n            },\n            \"XX*\",\n            {\n              \"pattern\": \"VX886K\",\n              \"exclude\": [],\n              \"info\": \"k3&^{5\"\n            }\n          ]\n        },\n        \"satisfy\": [\n          {\n            \"or\": [\n              {\n                \"and\": [\n                  \"\",\n                  {\n                    \"or\": [\n                      {\n                        \"or\": [\n                          \"hi{X.)_;Y\"\n                        ]\n                      },\n                      {\n                        \"mc\": \">=51\"\n                      },\n                      \"T\",\n                      \"\",\n                      {\n                        \"or\": [\n                          \"Vh8\"\n                        ]\n                      }\n                    ]\n                  },\n                  {\n                    \"and\": [\n                      \"zs~*t5(\",\n                      \"g=` p;lOr%\"\n                    ]\n                  },\n                  \"\\\\k$S550K\"\n                ]\n              },\n              \"P^tizJ_V/D\",\n              {\n                \"and\": [\n                  {\n                    \"mc\": \">=135\"\n                  },\n                  {\n                    \"mc\": \">=24\"\n                  },\n                  {\n                    \"and\": []\n                  },\n                  {\n                    \"mc\": \"<=102\"\n                  }\n                ]\n              },\n              \"lVG\",\n              {\n                \"or\": []\n              }\n            ]\n          },\n          {\n            \"or\": [\n              {\n                \"and\": [\n                  {\n                    \"or\": [\n                      \"RY<&\"\n                    ]\n                  },\n                  \"\",\n                  \"a[ae$Fi\"\n                ]\n              }\n            ]\n          },\n          {\n            \"and\": [\n              {\n                \"and\": [\n                  \"#H#\",\n                  {\n                    \"and\": [\n                      {\n                        \"mc\": \">=162\"\n                      },\n                      \"Nag]rZ]~\",\n                      \"YY?C\",\n                      \"-?-#67[\\\"\",\n                      \"Z|R%)-)\"\n                    ]\n                  },\n                  \"aj}sL\"\n                ]\n              },\n              {\n                \"or\": [\n                  {\n                    \"mc\": \">=145\"\n                  },\n                  \"C5;\",\n                  \";EO2h&^<\"\n                ]\n              },\n              {\n                \"mc\": \">=37\"\n              },\n              \"\",\n              \"y\"\n            ]\n          },\n          {\n            \"and\": [\n              {\n                \"and\": [\n                  {\n                    \"and\": [\n                      \")\",\n                      \"!FyDS\"\n                    ]\n                  },\n                  {\n                    \"mc\": \"<=196\"\n                  },\n                  {\n                    \"mc\": \">=123\"\n                  }\n                ]\n              },\n              \"SI,.iRkw|\",\n              {\n                \"or\": []\n              },\n              {\n                \"and\": [\n                  {\n                    \"and\": [\n                      \"NPJ2]#\"\n                    ]\n                  }\n                ]\n              },\n              {\n                \"mc\": \">=136\"\n              }\n            ]\n          },\n          \",E\"\n        ],\n        \"url\": \"http://eukn-hkl4tngz92lb0dd1ouptprgeqou8iwmxzd0jo6kc1lix9qkprw7kqyr.use/\",\n        \"info\": \"}\"\n      }\n    }\n  },\n  {\n    \"title\": \"block sample 5\",\n    \"value\": {\n      \"name\": \"u\",\n      \"ay\": 1954,\n      \"assign\": \"`v`B],7.l\",\n      \"match\": {\n        \"or\": []\n      },\n      \"satisfy\": [],\n      \"url\": \"http://bj5jmwck93h5p286gjwthgtgii-vobl3lq28jen3iotbsp69s.a0c9-9syc9wa18absvradgpvgd6mv8narbt0.bvpe\"\n    }\n  },\n  {\n    \"title\": \"block sample 6\",\n    \"value\": {\n      \"name\": \"5W\",\n      \"ay\": 1980,\n      \"assign\": \"q\",\n      \"match\": {\n        \"or\": [\n          {\n            \"or\": [\n              {\n                \"or\": [\n                  \"ZQ5C\",\n                  \"ASL45x6\",\n                  \"YT8955V\",\n                  \"EX7215X\"\n                ]\n              },\n              {\n                \"and\": [\n                  {\n                    \"and\": [\n                      {\n                        \"pattern\": \"QX6058V\",\n                        \"exclude\": [\n                          \"RTY96G\",\n                          \"WNT*7\",\n                          \"IMA*x\",\n                          \"XUW7A\"\n                        ],\n                        \"info\": \"eL\\\\\\\\OqZN\"\n                      }\n                    ]\n                  }\n                ]\n              },\n              {\n                \"and\": [\n                  \"THO2314C\"\n                ]\n              },\n              {\n                \"pattern\": \"LJ9320\",\n                \"exclude\": [],\n                \"info\": \"QrpLFz\"\n              }\n            ]\n          }\n        ]\n      },\n      \"url\": \"https://n.d.lddpulfn/XbD%F4%88%A3%9Bby./ggkX/$5n&%F3%A2%A5%ABo\",\n      \"info\": \";X%\\\"i% >%z\"\n    }\n  },\n  {\n    \"title\": \"block sample 7\",\n    \"value\": {\n      \"name\": \"{\\\"\\\"\",\n      \"assign\": [\n        \"xac6r\",\n        \"%%Tp\\\"#\",\n        \", ]z\"\n      ],\n      \"match\": [],\n      \"satisfy\": {\n        \"and\": [\n          \"0^#Gmu~BO\"\n        ]\n      },\n      \"url\": \"http://9wc2gjvh-n4wj0lq2h.pfgbe.dc5oc7d.cycodi/JE511%F2%95%93%B4EP.M/%F4%8A%9C%A7_R(/r!@9/gux;/Y/ER2%F0%A3%9E%A6/wOd/t)F&\",\n      \"info\": \"z'$}!'n^\"\n    }\n  },\n  {\n    \"title\": \"block sample 8\",\n    \"value\": {\n      \"name\": \"\",\n      \"assign\": [\n        \"J\"\n      ],\n      \"satisfy\": [],\n      \"url\": \"https://wiawb7myri8-2ohdbi4ln8jvo1-9i9-rl1q70avgdod4xxh.ddq/Nx%F1%8D%94%A6Qg/\",\n      \"info\": \"e\\\"x VXj\",\n      \"f\": {\n        \"name\": \"c7zpEwWyxT\",\n        \"ay\": 2010,\n        \"assign\": [\n          \"\",\n          \"76Kv8}?v4G\",\n          \"9uiVI\",\n          \"H\"\n        ],\n        \"match\": [\n          \"PC*6x3U\",\n          \"ZKx00\",\n          \"ENB7G\",\n          {\n            \"or\": [\n              {\n                \"or\": [\n                  \"VX81\",\n                  {\n                    \"and\": []\n                  }\n                ]\n              },\n              {\n                \"and\": [\n                  {\n                    \"or\": [\n                      {\n                        \"or\": [\n                          \"JRV36B\",\n                          {\n                            \"and\": [\n                              \"AW*E\",\n                              \"DUA473C\",\n                              \"CN*\",\n                              \"NZC7796J\"\n                            ]\n                          },\n                          \"FYMxO\",\n                          {\n                            \"and\": []\n                          }\n                        ]\n                      },\n                      \"QYH7E\",\n                      {\n                        \"or\": [\n                          \"DA37\",\n                          {\n                            \"pattern\": \"NLZ1\",\n                            \"info\": \"u\"\n                          }\n                        ]\n                      },\n                      \"HF413*\"\n                    ]\n                  },\n                  {\n                    \"or\": [\n                      \"EHT22xR\",\n                      {\n                        \"or\": [\n                          \"GX*07\",\n                          \"ZDO122\",\n                          \"NB37\",\n                          {\n                            \"or\": [\n                              \"FNA*C\",\n                              {\n                                \"and\": [\n                                  \"FF56Y\",\n                                  \"UP0x49\",\n                                  \"GOY77\"\n                                ]\n                              },\n                              {\n                                \"or\": [\n                                  \"EYR*L\",\n                                  \"YY*70H\",\n                                  \"ZCZ4877Z\"\n                                ]\n                              },\n                              \"GLB71S\",\n                              \"FNx647\"\n                            ]\n                          },\n                          \"QZ3486W\"\n                        ]\n                      },\n                      \"PM6643U\",\n                      {\n                        \"pattern\": \"UGG72\",\n                        \"info\": \"HDBw#\"\n                      },\n                      \"NO8x2*D\"\n                    ]\n                  },\n                  {\n                    \"pattern\": \"KVR5856A\",\n                    \"exclude\": [],\n                    \"info\": \"i\"\n                  }\n                ]\n              }\n            ]\n          },\n          {\n            \"and\": [\n              {\n                \"or\": [\n                  \"FIJ8093C\"\n                ]\n              },\n              {\n                \"or\": [\n                  \"HRExY\",\n                  {\n                    \"pattern\": \"BHL14\",\n                    \"exclude\": [],\n                    \"info\": \"}?Kv\"\n                  },\n                  {\n                    \"or\": []\n                  },\n                  {\n                    \"or\": [\n                      \"JQxR\"\n                    ]\n                  }\n                ]\n              },\n              \"RV4K\",\n              {\n                \"and\": [\n                  \"UFV45\",\n                  \"CA6\",\n                  \"JOA67G\",\n                  {\n                    \"pattern\": \"FO2*\",\n                    \"exclude\": \"URF4602\",\n                    \"info\": \"(oTzKq\"\n                  },\n                  {\n                    \"and\": [\n                      \"DZ6E\",\n                      \"BP5*85\",\n                      {\n                        \"pattern\": \"OG3*5\",\n                        \"exclude\": \"BQ9648P\",\n                        \"info\": \"To=*HYL&o\"\n                      },\n                      \"FIZ81M\"\n                    ]\n                  }\n                ]\n              },\n              {\n                \"or\": []\n              }\n            ]\n          }\n        ],\n        \"satisfy\": {\n          \"and\": [\n            {\n              \"or\": [\n                \"wS+d\",\n                {\n                  \"and\": []\n                },\n                \"#mg)\",\n                \"$\",\n                {\n                  \"mc\": \">=21\"\n                }\n              ]\n            },\n            \"yT\",\n            {\n              \"or\": [\n                \"'N\",\n                {\n                  \"or\": [\n                    \"9Nvdr?2$\",\n                    \"3Ur=,1\",\n                    {\n                      \"mc\": \">=27\"\n                    },\n                    \"Z_4\"\n                  ]\n                },\n                {\n                  \"and\": [\n                    {\n                      \"or\": [\n                        \"7/a5sh.~B\",\n                        \"q(i\",\n                        {\n                          \"mc\": \">=11\"\n                        }\n                      ]\n                    },\n                    {\n                      \"mc\": \"<=137\"\n                    }\n                  ]\n                },\n                {\n                  \"mc\": \"<=11\"\n                },\n                {\n                  \"or\": [\n                    {\n                      \"and\": [\n                        \"2XV()C<ab{\",\n                        \"<_<\",\n                        \"8@:ASrZh\",\n                        \":0k~(Zsu\"\n                      ]\n                    },\n                    \"@Dn5\",\n                    {\n                      \"or\": [\n                        {\n                          \"mc\": \"<=88\"\n                        },\n                        \"XyRKG$H0N9\",\n                        \"PB,6B>waq\",\n                        {\n                          \"or\": []\n                        },\n                        \"b\"\n                      ]\n                    }\n                  ]\n                }\n              ]\n            },\n            {\n              \"or\": [\n                {\n                  \"and\": []\n                },\n                {\n                  \"mc\": \"<=126\"\n                },\n                {\n                  \"mc\": \"<=65\"\n                },\n                \"uE\",\n                \"@YR=S'o||\"\n              ]\n            }\n          ]\n        },\n        \"url\": \"https://5sigtgyygrm-d7dz8ob9f7xj91042qq4-qxnj3nxofgb812r.nn9asam.nfe38jnld84m-t0ej5axup2y0rc11o0ows-fpeppd3fwit.r47vi4ycas0-6f33yohpzshe9a3i53ic1x1fxakstlthito84di9zgr44n2nh8.z.tashnbtpz/%F2%B8%87%BDAGsU1~/%F2%8B%8C%80p:G:l12/J(vJ1LAV/9g\",\n        \"info\": \"m\",\n        \">$>o*[GH,\": {\n          \"name\": \"\",\n          \"ay\": 1968,\n          \"assign\": [],\n          \"match\": [],\n          \"satisfy\": {\n            \"or\": [\n              {\n                \"mc\": \"<=11\"\n              },\n              {\n                \"mc\": \"<=121\"\n              },\n              \"\\\\}J+.l*A\",\n              {\n                \"or\": []\n              },\n              {\n                \"or\": []\n              }\n            ]\n          },\n          \"url\": \"http://ato5v4mmz4sm4r9vkpu5rfcj8tbu5hlpp46m-ot5kaugb.a.ss9tie862ifgnjwe60x9tjbg6drhg8smp0ig0-80cdi6uid1rlyn8jfp.z.l3ynkolh7snbetyzmlzpr28ifynhd1mruxt4s7hs1.gfwf\",\n          \"info\": \"LjXe\\\\~)YE\"\n        },\n        \";\": {\n          \"name\": \"j#N@}\",\n          \"ay\": 1961,\n          \"assign\": \"Y<,k'1\\\"Zv3\",\n          \"match\": [\n            {\n              \"pattern\": \"QWO0\",\n              \"exclude\": \"AB0L\",\n              \"info\": \"\"\n            }\n          ],\n          \"satisfy\": {\n            \"and\": []\n          },\n          \"url\": \"http://rwds3kd73gjw41-tpjs3j.c.ovkzxm/xE2ay_/%E0%B8%B45tZ/&:%F3%A2%A8%B5C_/+SV@86/k-A*@//O=*RA/\",\n          \"info\": \"Pn=o\"\n        },\n        \"vf[Ie`[1\": {\n          \"name\": \"v4B9a`\",\n          \"ay\": 1997,\n          \"assign\": \">\",\n          \"match\": [\n            {\n              \"and\": [\n                {\n                  \"or\": [\n                    \"AW7x7\",\n                    \"KUR158\",\n                    \"HKC534E\"\n                  ]\n                },\n                {\n                  \"or\": [\n                    \"KJ1429X\",\n                    {\n                      \"and\": [\n                        \"AJ4**0\",\n                        {\n                          \"or\": [\n                            \"IZR60*7X\",\n                            \"YJK4\",\n                            \"ZEx9R\",\n                            \"CP2\",\n                            \"TV15\"\n                          ]\n                        }\n                      ]\n                    },\n                    \"LLC7720\"\n                  ]\n                },\n                {\n                  \"or\": []\n                },\n                \"QWY83E\"\n              ]\n            },\n            {\n              \"pattern\": \"VYW44Q\",\n              \"exclude\": \"EJF853T\"\n            },\n            {\n              \"and\": [\n                {\n                  \"pattern\": \"NP*736\",\n                  \"exclude\": \"EL32\",\n                  \"info\": \"-/wu\"\n                },\n                \"MUOx***C\",\n                {\n                  \"pattern\": \"YB402J\",\n                  \"exclude\": [\n                    \"VU784C\",\n                    \"FP462C\",\n                    \"UTD6D\",\n                    \"ELO18\"\n                  ],\n                  \"info\": \"E8R\"\n                }\n              ]\n            }\n          ],\n          \"satisfy\": [\n            {\n              \"mc\": \">=70\"\n            }\n          ],\n          \"url\": \"https://t.yvuijau\",\n          \"info\": \"!;FfzNJ'\"\n        },\n        \"E`P'pq\": {\n          \"ay\": 1965,\n          \"assign\": \"3KbvU4\",\n          \"match\": {\n            \"and\": [\n              {\n                \"pattern\": \"GAV00\",\n                \"exclude\": \"MJ4x1S\",\n                \"info\": \"O\"\n              },\n              \"GM92M\",\n              {\n                \"or\": []\n              },\n              {\n                \"pattern\": \"QAH1*2P\",\n                \"exclude\": [\n                  \"JD5\",\n                  \"JCA*3*W\",\n                  \"MEX4E\"\n                ],\n                \"info\": \"z9;vm{<6QC\"\n              },\n              {\n                \"and\": [\n                  {\n                    \"or\": [\n                      {\n                        \"pattern\": \"MBB9973A\",\n                        \"exclude\": \"XD7\",\n                        \"info\": \"8\"\n                      },\n                      \"HNY7V\",\n                      \"WRD6I\",\n                      {\n                        \"pattern\": \"UV*446\",\n                        \"exclude\": [\n                          \"MJW31N\"\n                        ]\n                      }\n                    ]\n                  },\n                  \"GJ32A\",\n                  \"UI5R\",\n                  {\n                    \"pattern\": \"NZJ3\",\n                    \"exclude\": [\n                      \"GEK10\",\n                      \"LBZ3\"\n                    ]\n                  },\n                  \"OS01\"\n                ]\n              }\n            ]\n          },\n          \"satisfy\": {\n            \"mc\": \">=57\"\n          },\n          \"url\": \"http://3.8ouh02te9v2k4vj6jczjp2iwu9ql7ewvzjubsbqlkmvz3crc42tt43u.9zplk9izte-neyi64or6ta4rlv9cv91f9zjr0-9gesgkwghp9mwfhv2e53.cy9ixj-g8.1-n7ltszi6kfp0qz1pu1ywr4w54e33uavnh8-l7g0yu.wvsxgqcrr/T67O+)Kh/5$$y!!kyJ%F2%A5%94%87/e):gtQ0n:/p5sN41@4/;h'/Z&%E0%AA%91/\",\n          \"info\": \"4%RqyUVF2\"\n        },\n        \"l?[y}\": {\n          \"name\": \"RYobgeZ\",\n          \"ay\": 2025,\n          \"assign\": [\n            \"Yr4G2cI0Y\",\n            \"=\",\n            \"-r$\",\n            \";P8;7^G6\",\n            \";h\"\n          ],\n          \"satisfy\": [\n            {\n              \"mc\": \"<=123\"\n            },\n            \"4;.A9f?W\"\n          ],\n          \"url\": \"http://amqujnapq4ygmlabjenze9el4h39ctnjs3wtsxnbqsrtpmmbkk-5.n2ggu.rj/QJV%F0%BC%92%A3%F2%B3%86%B7mD/KZp9z/Ff\",\n          \"info\": \"FZ|ii-C2=4\"\n        }\n      }\n    }\n  },\n  {\n    \"title\": \"block sample 9\",\n    \"value\": {\n      \"name\": \"(QzioEN\",\n      \"assign\": [],\n      \"match\": [\n        {\n          \"and\": []\n        },\n        {\n          \"pattern\": \"TP43\",\n          \"exclude\": \"LGW329\",\n          \"info\": \";6\"\n        },\n        {\n          \"and\": []\n        }\n      ],\n      \"satisfy\": \"!Kq\",\n      \"url\": \"http://caooyui.dpvgfja2x9n-h0k9q1tbd9c.1ay86h6sw8gw7z8x-oxer5qbv97w3.mqa9-tgbstod8ld38ul5ar099mrvry8o4ba7sno4p9g.xsdtr7-u185l23gl2ymfxacoh7rhr4k5rhxrna8-co3yizzz1g-d.pvknd/gR,/;93%F0%B5%90%B6I0d%F3%B8%BB%84w/Vjb7e*W./XW1%F2%B6%95%888p/VQ6(wABs3%F2%B8%A5%90/-K%F4%8D%BF%9D0%EC%93%A1w,1z/K.8H4~Rf-;\",\n      \"info\": \"6K=rcyN%\",\n      \"RtG0yz)X \": {\n        \"name\": \"NuI+,^4RL\",\n        \"ay\": 1970,\n        \"assign\": [\n          \"SMS}\"\n        ],\n        \"match\": {\n          \"or\": [\n            {\n              \"pattern\": \"DSK414x\",\n              \"exclude\": \"OZ1*7*\",\n              \"info\": \"e\"\n            },\n            {\n              \"and\": [\n                \"GC4J\",\n                \"AQM5424V\",\n                {\n                  \"and\": [\n                    \"CFB502L\"\n                  ]\n                },\n                {\n                  \"pattern\": \"GLD58V\",\n                  \"exclude\": [\n                    \"XG2K\",\n                    \"JB01\",\n                    \"WYx0*1Y\"\n                  ],\n                  \"info\": \"=)an\"\n                },\n                {\n                  \"and\": [\n                    \"EE402K\",\n                    \"KA349W\",\n                    \"XQ355V\",\n                    {\n                      \"or\": [\n                        {\n                          \"or\": [\n                            \"NNK12T\",\n                            \"HQ*819Z\",\n                            \"JDZ934\"\n                          ]\n                        },\n                        \"GOC19x0\",\n                        \"AK5475Z\",\n                        \"AI1*\"\n                      ]\n                    }\n                  ]\n                }\n              ]\n            },\n            {\n              \"or\": [\n                {\n                  \"and\": []\n                },\n                \"RBxK\",\n                \"IMX601x\",\n                \"UKU0794R\"\n              ]\n            },\n            {\n              \"pattern\": \"YNx8*0W\",\n              \"info\": \"xw).G2tx\"\n            },\n            {\n              \"and\": [\n                {\n                  \"or\": [\n                    \"ZGJ069C\",\n                    \"SBQ42\",\n                    \"HZ6460\"\n                  ]\n                },\n                {\n                  \"or\": [\n                    \"ND6G\",\n                    {\n                      \"or\": [\n                        \"OPM1x0J\",\n                        \"TSW932Z\",\n                        \"MQ879B\",\n                        \"DH4R\",\n                        {\n                          \"or\": [\n                            \"LD426R\"\n                          ]\n                        }\n                      ]\n                    },\n                    \"HRI*x67U\",\n                    \"IV276Y\"\n                  ]\n                },\n                {\n                  \"pattern\": \"VIW117W\",\n                  \"exclude\": [\n                    \"VUAxS\",\n                    \"UE5421\",\n                    \"PZ4237Q\",\n                    \"IFU713\",\n                    \"GPK329N\"\n                  ],\n                  \"info\": \"I@}}!.*k(d\"\n                }\n              ]\n            }\n          ]\n        },\n        \"info\": \"\",\n        \"]B\\\"S-\": {\n          \"name\": \"a!3d=3G&|\",\n          \"ay\": 2023,\n          \"match\": [\n            {\n              \"and\": [\n                \"PP6083H\",\n                {\n                  \"or\": [\n                    {\n                      \"and\": [\n                        \"BBQ9410B\"\n                      ]\n                    },\n                    \"NS4\",\n                    \"NTF710Q\"\n                  ]\n                },\n                \"DK9x\"\n              ]\n            },\n            {\n              \"and\": [\n                {\n                  \"or\": [\n                    {\n                      \"pattern\": \"IN3x6C\",\n                      \"exclude\": \"ZLN4x\"\n                    },\n                    {\n                      \"pattern\": \"FHD30\",\n                      \"info\": \"#\"\n                    },\n                    \"FYQ6x50K\",\n                    \"UB096L\",\n                    {\n                      \"and\": [\n                        \"XTFx4K\",\n                        \"OYX88\",\n                        {\n                          \"pattern\": \"RB050*D\",\n                          \"exclude\": [],\n                          \"info\": \"r#30M\\\"_Sn\"\n                        }\n                      ]\n                    }\n                  ]\n                },\n                {\n                  \"or\": [\n                    \"NF7\",\n                    \"SU472\",\n                    {\n                      \"or\": [\n                        \"ICH30\"\n                      ]\n                    },\n                    \"JSB*0V\"\n                  ]\n                },\n                {\n                  \"or\": []\n                },\n                {\n                  \"or\": [\n                    \"ZOK689E\",\n                    {\n                      \"pattern\": \"HJM6F\",\n                      \"info\": \"mrMmCv\"\n                    },\n                    \"WM900\",\n                    {\n                      \"pattern\": \"NZ5262\",\n                      \"exclude\": [\n                        \"DS92\",\n                        \"DLG847G\",\n                        \"SP80\"\n                      ],\n                      \"info\": \"\"\n                    },\n                    \"BW568\"\n                  ]\n                },\n                \"XA1C\"\n              ]\n            }\n          ],\n          \"satisfy\": {\n            \"or\": [\n              {\n                \"and\": [\n                  {\n                    \"or\": [\n                      \"n3o)oGcx\"\n                    ]\n                  },\n                  \"?'@=p`z@T7\",\n                  \"yRe\",\n                  {\n                    \"and\": [\n                      \"|X#>FW&Xvg\"\n                    ]\n                  }\n                ]\n              },\n              \"v2[grp%\",\n              {\n                \"mc\": \"<=78\"\n              },\n              {\n                \"mc\": \">=111\"\n              },\n              \"\"\n            ]\n          },\n          \"url\": \"http://5ykw4a09.il232t-4w-qn7xe48cqzwtey.3a03kknutllk5vpv74taolfhx1m84x3c5q8xf9lfembgr2tg8636xr.5c50dcgrb5kqx7a09a39pf7zzwo-th4nr9i9atjkwk183lx7o0mkcg2o57vk6h3.nc38wvx195b591up-ia-v20t0tj2faxcqm30o15s5191mm1rx.vimbrh/T0o/I//=$/J-s~%F4%8D%B3%BAq)@_%F1%A0%8F%B8//B6JLUEC/*k/+@5~dPc\",\n          \"info\": \"Iln1L+ESLH\"\n        },\n        \"G:Dj`G^.{\": {\n          \"name\": \":q2Vb\",\n          \"ay\": 2006,\n          \"assign\": \"23\",\n          \"match\": [\n            {\n              \"and\": [\n                {\n                  \"pattern\": \"BZU8080G\",\n                  \"info\": \"G\"\n                }\n              ]\n            },\n            \"VGZ7L\"\n          ],\n          \"url\": \"https://656lnqpu3ibk68.arf\",\n          \"info\": \"lfQ|z6-\"\n        },\n        \"4-v$\": {\n          \"ay\": 2018,\n          \"assign\": [\n            \"{m3n\"\n          ],\n          \"match\": [\n            {\n              \"and\": [\n                \"XL8M\",\n                {\n                  \"or\": [\n                    \"CGC1946\",\n                    \"MEK9\",\n                    {\n                      \"or\": [\n                        \"NPOx\",\n                        \"NFJ*\"\n                      ]\n                    },\n                    {\n                      \"and\": []\n                    }\n                  ]\n                },\n                {\n                  \"pattern\": \"EWR28R\",\n                  \"info\": \":[ n9\"\n                },\n                {\n                  \"pattern\": \"JYV4724E\",\n                  \"info\": \"q_5FgAvC\"\n                }\n              ]\n            },\n            \"SEV7112\",\n            {\n              \"and\": [\n                {\n                  \"pattern\": \"HBM451*C\",\n                  \"exclude\": [\n                    \"VGQ85\",\n                    \"IKP96T\",\n                    \"NEYx277\",\n                    \"USH162x\"\n                  ],\n                  \"info\": \"_ruvQ'&IU\"\n                },\n                {\n                  \"or\": [\n                    {\n                      \"or\": []\n                    },\n                    \"PV5\",\n                    {\n                      \"and\": [\n                        \"OLS52*\",\n                        {\n                          \"or\": [\n                            \"OZx\",\n                            \"BGF6F\",\n                            {\n                              \"and\": [\n                                \"OJF4F\"\n                              ]\n                            },\n                            \"XG3\"\n                          ]\n                        },\n                        \"CU0\",\n                        \"JL7U\"\n                      ]\n                    },\n                    {\n                      \"or\": [\n                        {\n                          \"pattern\": \"BQ9Z\",\n                          \"info\": \"_\"\n                        }\n                      ]\n                    },\n                    \"FKY2X\"\n                  ]\n                },\n                {\n                  \"and\": [\n                    \"UL0x1T\",\n                    {\n                      \"or\": [\n                        {\n                          \"or\": [\n                            \"NRR1x8\",\n                            \"OC8244K\"\n                          ]\n                        },\n                        {\n                          \"or\": [\n                            \"JDTx0G\",\n                            {\n                              \"or\": []\n                            },\n                            \"TU9268W\",\n                            {\n                              \"and\": [\n                                \"VGL5E\",\n                                \"VQ*7C\",\n                                \"IF7G\",\n                                \"GLT0408C\",\n                                \"WS14B\"\n                              ]\n                            },\n                            {\n                              \"or\": [\n                                {\n                                  \"pattern\": \"QJ7789\",\n                                  \"exclude\": [\n                                    \"QR8\",\n                                    \"LSR73x\",\n                                    \"LH789\",\n                                    \"NZ2W\",\n                                    \"BK0Z\"\n                                  ],\n                                  \"info\": \"/-H%=%%O\"\n                                },\n                                \"KL1\"\n                              ]\n                            }\n                          ]\n                        },\n                        {\n                          \"and\": [\n                            {\n                              \"or\": [\n                                {\n                                  \"or\": []\n                                },\n                                \"AO0514Z\",\n                                {\n                                  \"pattern\": \"WD48O\",\n                                  \"exclude\": \"VLK4573\",\n                                  \"info\": \"$\"\n                                },\n                                \"GR9x51\"\n                              ]\n                            },\n                            \"QWF1684\",\n                            {\n                              \"or\": [\n                                \"EV8458\"\n                              ]\n                            },\n                            {\n                              \"and\": [\n                                \"NLExW\",\n                                \"NQ4\",\n                                \"EMF2A\"\n                              ]\n                            },\n                            \"BXC3921V\"\n                          ]\n                        },\n                        \"WNS*5x2N\"\n                      ]\n                    },\n                    {\n                      \"or\": [\n                        \"HWY41V\",\n                        \"XLK162N\",\n                        {\n                          \"or\": [\n                            \"YW82x7P\",\n                            {\n                              \"pattern\": \"UBV65\",\n                              \"exclude\": \"QZ16\",\n                              \"info\": \"k,t\"\n                            },\n                            \"QT8317\",\n                            {\n                              \"pattern\": \"AK59Z\",\n                              \"exclude\": []\n                            },\n                            \"FZ85\"\n                          ]\n                        },\n                        {\n                          \"or\": [\n                            \"RV3724\",\n                            \"NBS1K\",\n                            \"VNT922U\",\n                            {\n                              \"or\": [\n                                {\n                                  \"pattern\": \"HJ31Z\",\n                                  \"exclude\": \"AO4045D\",\n                                  \"info\": \"e=zO|)\"\n                                },\n                                \"LH89*7\",\n                                \"IQ803A\",\n                                \"DT91\"\n                              ]\n                            }\n                          ]\n                        }\n                      ]\n                    }\n                  ]\n                },\n                {\n                  \"and\": []\n                },\n                {\n                  \"pattern\": \"XS58*5\",\n                  \"exclude\": \"XRJ3\",\n                  \"info\": \"^''\"\n                }\n              ]\n            },\n            {\n              \"or\": []\n            }\n          ],\n          \"satisfy\": [\n            {\n              \"and\": [\n                {\n                  \"and\": []\n                },\n                \"Z5&H?A\",\n                \"sg4'*?&?&'\",\n                {\n                  \"and\": [\n                    \")_\",\n                    \"wd\",\n                    {\n                      \"and\": [\n                        {\n                          \"or\": [\n                            \"aV{Wr-!}7z\",\n                            \"7^=}ORZ\",\n                            \"/G\",\n                            \"tst)\\\"L@m_\"\n                          ]\n                        },\n                        \"d/8)ldMN<\"\n                      ]\n                    },\n                    {\n                      \"and\": [\n                        \"OQE2k;\",\n                        \"vGAujC9n\",\n                        {\n                          \"and\": [\n                            \"L.v6\",\n                            \"mO*DK(u2\",\n                            \"43\",\n                            \"+r+S@Sb7\"\n                          ]\n                        },\n                        {\n                          \"and\": [\n                            {\n                              \"mc\": \">=59\"\n                            },\n                            \"C\",\n                            \"2\"\n                          ]\n                        }\n                      ]\n                    },\n                    {\n                      \"mc\": \"<=144\"\n                    }\n                  ]\n                },\n                {\n                  \"mc\": \"<=38\"\n                }\n              ]\n            },\n            {\n              \"mc\": \">=64\"\n            },\n            {\n              \"or\": []\n            },\n            \"^U[gtXzj\"\n          ]\n        }\n      },\n      \"Sv0AHuhvQ\": {\n        \"name\": \"=\\\"Vx\",\n        \"ay\": 2014,\n        \"assign\": \"H{W/g\",\n        \"match\": {\n          \"pattern\": \"DUA562Y\",\n          \"exclude\": \"OQZ*20xD\",\n          \"info\": \"!th1$;\"\n        },\n        \"satisfy\": [\n          {\n            \"mc\": \"<=32\"\n          },\n          \"q&\",\n          {\n            \"and\": [\n              {\n                \"mc\": \"<=34\"\n              },\n              {\n                \"mc\": \"<=99\"\n              },\n              {\n                \"mc\": \"<=94\"\n              },\n              {\n                \"or\": [\n                  \"5At' K=\",\n                  \"JrS=dF_\",\n                  {\n                    \"and\": []\n                  },\n                  {\n                    \"or\": [\n                      {\n                        \"and\": [\n                          \"l5D\",\n                          {\n                            \"mc\": \">=27\"\n                          },\n                          \"1<\"\n                        ]\n                      }\n                    ]\n                  }\n                ]\n              },\n              {\n                \"or\": [\n                  \"TLFR`K)'\",\n                  \"%~ly{t<FF\",\n                  \"ju\",\n                  \"9]Y~gHr 8m\",\n                  {\n                    \"and\": [\n                      {\n                        \"and\": []\n                      },\n                      \"*%[cw\",\n                      \"{1e>\",\n                      \"S4\",\n                      {\n                        \"mc\": \">=118\"\n                      }\n                    ]\n                  }\n                ]\n              }\n            ]\n          },\n          {\n            \"or\": [\n              {\n                \"mc\": \">=25\"\n              },\n              \"t4tO\",\n              {\n                \"and\": [\n                  \"kYrN%H\",\n                  \"\",\n                  \"nf_:\"\n                ]\n              },\n              \"zTn/$Njk$0\",\n              {\n                \"and\": [\n                  {\n                    \"mc\": \">=96\"\n                  },\n                  \"6W@!jb{H\",\n                  \"\",\n                  \"Llu?pxl\"\n                ]\n              }\n            ]\n          }\n        ],\n        \"url\": \"https://cp6tea8q60cg6u87ql1-my0fjisjhkjbo31y5il-8tm8w8zx2h20.yb/Q/PFQROCB/%F2%9F%84%BE%F1%85%8F%83%F3%89%AB%BB/.*DZ(/XgVYvWI.%F3%8F%B1%9EK/u/,-%F3%A5%B8%82YG(/,Ub:%F0%A7%96%89M4x/TD=h8%E5%8B%83/,aMC\",\n        \"info\": \"JR~Mb\"\n
[...]
              "fail": false,
              "pending": false,
              "context": null,
              "code": "const satisfier = satisfiers_1.inequalitySatisfier(ref, \"<=32\");\nsatisfier.should.have.property(\"filter\");\nconst { filter } = satisfier;\nisCorrectFilter(filter, modulesList1, modulesList1.map(([moduleStr]) => moduleStr));",
              "err": {},
              "uuid": "38251a20-7ef0-4a18-988e-b6a7f0b210ec",
              "parentUUID": "f8dbf672-542d-4b89-b549-a40d4ed3d0df",
              "isHook": false,
              "skipped": false
            },
            {
              "title": "should truncate list of modules with upper bound of MCs at exact cutoff if total MC count is higher and there exists some starting sequence with exact MC count",
              "fullTitle": "inequalitySatisfier should truncate list of modules with upper bound of MCs at exact cutoff if total MC count is higher and there exists some starting sequence with exact MC count",
              "timedOut": false,
              "duration": 0,
              "state": "passed",
              "speed": "fast",
              "pass": true,
              "fail": false,
              "pending": false,
              "context": null,
              "code": "const satisfier = satisfiers_1.inequalitySatisfier(ref, \"<=16\");\nsatisfier.should.have.property(\"filter\");\nconst { filter } = satisfier;\nisCorrectFilter(filter, modulesList1, [\n    \"CS2100\",\n    \"GER1000\",\n    \"CS2040S\",\n    \"ST2131\",\n]);",
              "err": {},
              "uuid": "ad57f8c3-353a-4353-881f-245ac6c8a56d",
              "parentUUID": "f8dbf672-542d-4b89-b549-a40d4ed3d0df",
              "isHook": false,
              "skipped": false
            },
            {
              "title": "should truncate list of modules with upper bound of MCs, cutting off at the minimum starting sequence that exceeds upper bound, if total MC count is higher and there exists no starting sequence with exact MC count",
              "fullTitle": "inequalitySatisfier should truncate list of modules with upper bound of MCs, cutting off at the minimum starting sequence that exceeds upper bound, if total MC count is higher and there exists no starting sequence with exact MC count",
              "timedOut": false,
              "duration": 0,
              "state": "passed",
              "speed": "fast",
              "pass": true,
              "fail": false,
              "pending": false,
              "context": null,
              "code": "const satisfier = satisfiers_1.inequalitySatisfier(ref, \"<=17\");\nsatisfier.should.have.property(\"filter\");\nconst { filter } = satisfier;\nisCorrectFilter(filter, modulesList1, [\n    \"CS2100\",\n    \"GER1000\",\n    \"CS2040S\",\n    \"ST2131\",\n    \"MA1521\",\n]);",
              "err": {},
              "uuid": "b590960d-47af-48cc-a832-deb580566de6",
              "parentUUID": "f8dbf672-542d-4b89-b549-a40d4ed3d0df",
              "isHook": false,
              "skipped": false
            }
          ],
          "suites": [],
          "passes": [
            "f15d2882-b965-4ce5-ace3-ca328b505d78",
            "81625e9e-991d-4bd3-b62f-9b9489c428a6",
            "cf58ec07-3abf-4254-bf23-718a234abb7e",
            "f60ad52e-b1d6-4024-a848-55628ef14d61",
            "38251a20-7ef0-4a18-988e-b6a7f0b210ec",
            "ad57f8c3-353a-4353-881f-245ac6c8a56d",
            "b590960d-47af-48cc-a832-deb580566de6"
          ],
          "failures": [],
          "pending": [],
          "skipped": [],
          "duration": 3,
          "root": false,
          "rootEmpty": false,
          "_timeout": 2000
        },
        {
          "uuid": "b9058e8f-e136-4aa0-917e-65a50bc0562b",
          "title": "inequalitySchema",
          "fullFile": "/home/runner/work/planwithus-lib/planwithus-lib/src/satisfyRule/inequality/schemas.test.ts",
          "file": "/src/satisfyRule/inequality/schemas.test.ts",
          "beforeHooks": [],
          "afterHooks": [],
          "tests": [
            {
              "title": "should validate inequality in the form <=n or >=n",
              "fullTitle": "inequalitySchema should validate inequality in the form <=n or >=n",
              "timedOut": false,
              "duration": 2,
              "state": "passed",
              "speed": "fast",
              "pass": true,
              "fail": false,
              "pending": false,
              "context": "[\n  {\n    \"title\": \"inequality sample 0\",\n    \"value\": \">=6\"\n  },\n  {\n    \"title\": \"inequality sample 1\",\n    \"value\": \"<=32\"\n  },\n  {\n    \"title\": \"inequality sample 2\",\n    \"value\": \"<=10\"\n  },\n  {\n    \"title\": \"inequality sample 3\",\n    \"value\": \">=6\"\n  },\n  {\n    \"title\": \"inequality sample 4\",\n    \"value\": \"<=197\"\n  },\n  {\n    \"title\": \"inequality sample 5\",\n    \"value\": \"<=6\"\n  },\n  {\n    \"title\": \"inequality sample 6\",\n    \"value\": \">=4\"\n  },\n  {\n    \"title\": \"inequality sample 7\",\n    \"value\": \">=2\"\n  },\n  {\n    \"title\": \"inequality sample 8\",\n    \"value\": \">=6\"\n  },\n  {\n    \"title\": \"inequality sample 9\",\n    \"value\": \">=123\"\n  }\n]",
              "code": "fast_check_1.sample(index_test_2.inequality, 10).forEach((sample, i) => addContext_1.default(this, {\n    title: `inequality sample ${i}`,\n    value: sample,\n}));\nreturn fast_check_1.assert(fast_check_1.property(index_test_2.inequality, ajvValidate));",
              "err": {},
              "uuid": "c551228d-949d-4fca-8be0-a6d4e6fdcf09",
              "parentUUID": "b9058e8f-e136-4aa0-917e-65a50bc0562b",
              "isHook": false,
              "skipped": false
            },
            {
              "title": "should not validate inequality of invalid form",
              "fullTitle": "inequalitySchema should not validate inequality of invalid form",
              "timedOut": false,
              "duration": 1,
              "state": "passed",
              "speed": "fast",
              "pass": true,
              "fail": false,
              "pending": false,
              "context": null,
              "code": "[\n        \"\",\n        \"==23\",\n        \"23\",\n        \"<23\",\n        \">23\",\n        \"<=-1\",\n        \">=-1\",\n        \"<= 2\",\n        \">= 1\",\n        \"> 3\",\n        \"< 3\",\n        \"<=3a\",\n        \">=3a\",\n        \"a<=3\",\n        \"a>=3\",\n    ].forEach(isInvalidInequality)",
              "err": {},
              "uuid": "e2d76633-6596-41e0-8cf3-adc6182cb259",
              "parentUUID": "b9058e8f-e136-4aa0-917e-65a50bc0562b",
              "isHook": false,
              "skipped": false
            }
          ],
          "suites": [],
          "passes": [
            "c551228d-949d-4fca-8be0-a6d4e6fdcf09",
            "e2d76633-6596-41e0-8cf3-adc6182cb259"
          ],
          "failures": [],
          "pending": [],
          "skipped": [],
          "duration": 3,
          "root": false,
          "rootEmpty": false,
          "_timeout": 2000
        },
        {
          "uuid": "9b6ca453-a1ab-46eb-bf42-5cd6081899d8",
          "title": "satisfyRuleSchema",
          "fullFile": "/home/runner/work/planwithus-lib/planwithus-lib/src/satisfyRule/schemas.test.ts",
          "file": "/src/satisfyRule/schemas.test.ts",
          "beforeHooks": [],
          "afterHooks": [],
          "tests": [
            {
              "title": "should validate satisfy rule with valid block id",
              "fullTitle": "satisfyRuleSchema should validate satisfy rule with valid block id",
              "timedOut": false,
              "duration": 1,
              "state": "passed",
              "speed": "fast",
              "pass": true,
              "fail": false,
              "pending": false,
              "context": null,
              "code": "fast_check_1.assert(fast_check_1.property(fast_check_1.string(), ajvValidate)",
              "err": {},
              "uuid": "f23a2ee0-1c32-49c3-b01d-98e9aac19a52",
              "parentUUID": "9b6ca453-a1ab-46eb-bf42-5cd6081899d8",
              "isHook": false,
              "skipped": false
            },
            {
              "title": "should validate satisfy rules with valid mc",
              "fullTitle": "satisfyRuleSchema should validate satisfy rules with valid mc",
              "timedOut": false,
              "duration": 2,
              "state": "passed",
              "speed": "fast",
              "pass": true,
              "fail": false,
              "pending": false,
              "context": "[\n  {\n    \"title\": \"mcSatisfyRule sample 0\",\n    \"value\": {\n      \"mc\": \">=4\"\n    }\n  },\n  {\n    \"title\": \"mcSatisfyRule sample 1\",\n    \"value\": {\n      \"mc\": \"<=128\"\n    }\n  },\n  {\n    \"title\": \"mcSatisfyRule sample 2\",\n    \"value\": {\n      \"mc\": \"<=153\"\n    }\n  },\n  {\n    \"title\": \"mcSatisfyRule sample 3\",\n    \"value\": {\n      \"mc\": \"<=8\"\n    }\n  },\n  {\n    \"title\": \"mcSatisfyRule sample 4\",\n    \"value\": {\n      \"mc\": \"<=177\"\n    }\n  },\n  {\n    \"title\": \"mcSatisfyRule sample 5\",\n    \"value\": {\n      \"mc\": \">=4\"\n    }\n  },\n  {\n    \"title\": \"mcSatisfyRule sample 6\",\n    \"value\": {\n      \"mc\": \"<=28\"\n    }\n  },\n  {\n    \"title\": \"mcSatisfyRule sample 7\",\n    \"value\": {\n      \"mc\": \">=4\"\n    }\n  },\n  {\n    \"title\": \"mcSatisfyRule sample 8\",\n    \"value\": {\n      \"mc\": \"<=196\"\n    }\n  },\n  {\n    \"title\": \"mcSatisfyRule sample 9\",\n    \"value\": {\n      \"mc\": \"<=6\"\n    }\n  }\n]",
              "code": "fast_check_1.sample(index_test_2.mcSatisfyRule, 10).forEach((sample, i) => addContext_1.default(this, {\n    title: `mcSatisfyRule sample ${i}`,\n    value: sample,\n}));\nreturn fast_check_1.assert(fast_check_1.property(index_test_2.mcSatisfyRule, ajvValidate));",
              "err": {},
              "uuid": "a47cff9b-534d-4c0c-9c59-ee6eee393eec",
              "parentUUID": "9b6ca453-a1ab-46eb-bf42-5cd6081899d8",
              "isHook": false,
              "skipped": false
            },
            {
              "title": "should validate valid recursive satisfy rules",
              "fullTitle": "satisfyRuleSchema should validate valid recursive satisfy rules",
              "timedOut": false,
              "duration": 3,
              "state": "passed",
              "speed": "fast",
              "pass": true,
              "fail": false,
              "pending": false,
              "context": "[\n  {\n    \"title\": \"satisfyRule sample 0\",\n    \"value\": {\n      \"mc\": \">=6\"\n    }\n  },\n  {\n    \"title\": \"satisfyRule sample 1\",\n    \"value\": \"~IY7N<\"\n  },\n  {\n    \"title\": \"satisfyRule sample 2\",\n    \"value\": {\n      \"and\": [\n        {\n          \"mc\": \">=28\"\n        },\n        {\n          \"or\": []\n        },\n        {\n          \"and\": [\n            \"H~9im\"\n          ]\n        },\n        \"k9U\",\n        {\n          \"and\": [\n            {\n              \"mc\": \">=77\"\n            },\n            \"XCK9=\",\n            {\n              \"mc\": \">=98\"\n            },\n            \"#EiuDdxm@\"\n          ]\n        }\n      ]\n    }\n  },\n  {\n    \"title\": \"satisfyRule sample 3\",\n    \"value\": \"u%&\"\n  },\n  {\n    \"title\": \"satisfyRule sample 4\",\n    \"value\": {\n      \"or\": [\n        \"Qz$\",\n        \"qQ0\",\n        {\n          \"mc\": \"<=163\"\n        }\n      ]\n    }\n  },\n  {\n    \"title\": \"satisfyRule sample 5\",\n    \"value\": {\n      \"and\": []\n    }\n  },\n  {\n    \"title\": \"satisfyRule sample 6\",\n    \"value\": {\n      \"or\": []\n    }\n  },\n  {\n    \"title\": \"satisfyRule sample 7\",\n    \"value\": {\n      \"or\": [\n        {\n          \"or\": [\n            {\n              \"mc\": \">=74\"\n            },\n            \"RX{nq_[A<%\",\n            {\n              \"and\": [\n                {\n                  \"and\": [\n                    \"9\"\n                  ]\n                },\n                {\n                  \"or\": [\n                    \"D><8\",\n                    {\n                      \"and\": []\n                    }\n                  ]\n                },\n                \"y~0Jh\",\n                \"Fbjc\",\n                {\n                  \"and\": [\n                    \"9zO8EK#\",\n                    {\n                      \"mc\": \">=69\"\n                    }\n                  ]\n                }\n              ]\n            }\n          ]\n        },\n        \"N.EV\",\n        {\n          \"or\": []\n        }\n      ]\n    }\n  },\n  {\n    \"title\": \"satisfyRule sample 8\",\n    \"value\": {\n      \"and\": [\n        {\n          \"and\": []\n        }\n      ]\n    }\n  },\n  {\n    \"title\": \"satisfyRule sample 9\",\n    \"value\": {\n      \"or\": [\n        {\n          \"or\": [\n            \"1RdFO!Z\",\n            {\n              \"mc\": \">=116\"\n            }\n          ]\n        }\n      ]\n    }\n  }\n]",
              "code": "fast_check_1.sample(index_test_2.satisfyRule, 10).forEach((sample, i) => addContext_1.default(this, {\n    title: `satisfyRule sample ${i}`,\n    value: sample,\n}));\nreturn fast_check_1.assert(fast_check_1.property(index_test_2.satisfyRule, ajvValidate));",
              "err": {},
              "uuid": "646d17d9-2de9-4447-ad05-5bdd736e4e94",
              "parentUUID": "9b6ca453-a1ab-46eb-bf42-5cd6081899d8",
              "isHook": false,
              "skipped": false
            },
            {
              "title": "should not validate non-string/object",
              "fullTitle": "satisfyRuleSchema should not validate non-string/object",
              "timedOut": false,
              "duration": 1,
              "state": "passed",
              "speed": "fast",
              "pass": true,
              "fail": false,
              "pending": false,
              "context": null,
              "code": "const error = {\n    instancePath: \"\",\n    message: \"satisfy rule should be either a string or an object\",\n};\nisInvalidRule(null, error);\nisInvalidRule(undefined, error);\nisInvalidRule(10, error);\nisInvalidRule([12, 24], error);",
              "err": {},
              "uuid": "34554ab9-055c-43bd-a8c4-d3a551472416",
              "parentUUID": "9b6ca453-a1ab-46eb-bf42-5cd6081899d8",
              "isHook": false,
              "skipped": false
            },
            {
              "title": "should not validate satisfy rules with extra properties",
              "fullTitle": "satisfyRuleSchema should not validate satisfy rules with extra properties",
              "timedOut": false,
              "duration": 0,
              "state": "passed",
              "speed": "fast",
              "pass": true,
              "fail": false,
              "pending": false,
              "context": null,
              "code": "isInvalidRule({\n        and: [\n            { or: [\"2k\"], abc: \"def\" },\n            { mc: 8, ghi: \"jkl\" },\n        ],\n        mno: \"pqr\",\n    }, {\n        instancePath: \"/and/0\",\n        message: \"or satisfy rule should have property 'or' only\",\n    }, {\n        instancePath: \"/and/1\",\n        message: \"MC satisfy rule should have property 'mc' only\",\n    }, {\n        instancePath: \"\",\n        message: \"and satisfy rule should have property 'and' only\",\n    })",
              "err": {},
              "uuid": "b24c8523-4121-48d6-a32c-b4bfa79146c7",
              "parentUUID": "9b6ca453-a1ab-46eb-bf42-5cd6081899d8",
              "isHook": false,
              "skipped": false
            },
            {
              "title": "should not validate ambiguous satisfy rules",
              "fullTitle": "satisfyRuleSchema should not validate ambiguous satisfy rules",
              "timedOut": false,
              "duration": 0,
              "state": "passed",
              "speed": "fast",
              "pass": true,
              "fail": false,
              "pending": false,
              "context": null,
              "code": "const message = \"satisfy rule should have only one of properties 'mc', 'and', 'or'\";\nisInvalidRule({\n    or: [\n        { mc: 5, and: [\"CS2040\"] },\n        { and: [{ and: [\"abc\"], or: [\"def\"] }] },\n    ],\n}, { instancePath: \"/or/0\", message }, { instancePath: \"/or/1/and/0\", message });",
              "err": {},
              "uuid": "828d5f7b-2fe3-41a8-8e9d-78887a657782",
              "parentUUID": "9b6ca453-a1ab-46eb-bf42-5cd6081899d8",
              "isHook": false,
              "skipped": false
            },
            {
              "title": "should not validate and satisfy rules with non-array property",
              "fullTitle": "satisfyRuleSchema should not validate and satisfy rules with non-array property",
              "timedOut": false,
              "duration": 1,
              "state": "passed",
              "speed": "fast",
              "pass": true,
              "fail": false,
              "pending": false,
              "context": null,
              "code": "const message = \"property 'and' should be an array of satisfy rules\";\nisInvalidRule({ or: [{ and: {} }, { or: [{ and: 3 }] }] }, { instancePath: \"/or/0/and\", message }, { instancePath: \"/or/1/or/0/and\", message });",
              "err": {},
              "uuid": "31d7f287-763d-4c6f-884c-1d6ec3e8ecbc",
              "parentUUID": "9b6ca453-a1ab-46eb-bf42-5cd6081899d8",
              "isHook": false,
              "skipped": false
            },
            {
              "title": "should not validate or satisfy rules with non-array property",
              "fullTitle": "satisfyRuleSchema should not validate or satisfy rules with non-array property",
              "timedOut": false,
              "duration": 0,
              "state": "passed",
              "speed": "fast",
              "pass": true,
              "fail": false,
              "pending": false,
              "context": null,
              "code": "const message = \"property 'or' should be an array of satisfy rules\";\nisInvalidRule({ and: [{ or: {} }, { and: [{ or: 3 }] }] }, { instancePath: \"/and/0/or\", message }, { instancePath: \"/and/1/and/0/or\", message });",
              "err": {},
              "uuid": "ce332260-3742-48a4-8095-3fb356f387d5",
              "parentUUID": "9b6ca453-a1ab-46eb-bf42-5cd6081899d8",
              "isHook": false,
              "skipped": false
            }
          ],
          "suites": [],
          "passes": [
            "f23a2ee0-1c32-49c3-b01d-98e9aac19a52",
            "a47cff9b-534d-4c0c-9c59-ee6eee393eec",
            "646d17d9-2de9-4447-ad05-5bdd736e4e94",
            "34554ab9-055c-43bd-a8c4-d3a551472416",
            "b24c8523-4121-48d6-a32c-b4bfa79146c7",
            "828d5f7b-2fe3-41a8-8e9d-78887a657782",
            "31d7f287-763d-4c6f-884c-1d6ec3e8ecbc",
            "ce332260-3742-48a4-8095-3fb356f387d5"
          ],
          "failures": [],
          "pending": [],
          "skipped": [],
          "duration": 8,
          "root": false,
          "rootEmpty": false,
          "_timeout": 2000
        }
      ],
      "passes": [],
      "failures": [],
      "pending": [],
      "skipped": [],
      "duration": 0,
      "root": true,
      "rootEmpty": true,
      "_timeout": 2000
    }
  ],
  "meta": {
    "mocha": {
      "version": "9.0.2"
    },
    "mochawesome": {
      "options": {
        "quiet": false,
        "reportFilename": "mochawesome",
        "saveHtml": true,
        "saveJson": true,
        "consoleReporter": "spec",
        "useInlineDiffs": false,
        "code": true
      },
      "version": "6.2.2"
    },
    "marge": {
      "options": {
        "reportDir": "docs"
      },
      "version": "5.2.0"
    }
  }
}