{
  "stats": {
    "suites": 10,
    "tests": 48,
    "passes": 48,
    "pending": 0,
    "failures": 0,
    "start": "2021-07-19T11:31:42.062Z",
    "end": "2021-07-19T11:31:42.426Z",
    "duration": 364,
    "testsRegistered": 48,
    "passPercent": 100,
    "pendingPercent": 0,
    "other": 0,
    "hasOther": false,
    "skipped": 0,
    "hasSkipped": false
  },
  "results": [
    {
      "uuid": "79d20278-62bd-4087-940b-f8d179cd6823",
      "title": "",
      "fullFile": "",
      "file": "",
      "beforeHooks": [],
      "afterHooks": [],
      "tests": [],
      "suites": [
        {
          "uuid": "4c5f0bc2-9620-43e4-86c8-b30b7ccadc94",
          "title": "initDirectories",
          "fullFile": "/home/runner/work/planwithus-lib/planwithus-lib/src/block/schemas.test.ts",
          "file": "/src/block/schemas.test.ts",
          "beforeHooks": [],
          "afterHooks": [],
          "tests": [
            {
              "title": "should parse all blocks with no errors",
              "fullTitle": "initDirectories should parse all blocks with no errors",
              "timedOut": false,
              "duration": 4,
              "state": "passed",
              "speed": "fast",
              "pass": true,
              "fail": false,
              "pending": false,
              "context": null,
              "code": "_1.initDirectories.should.not.throw()",
              "err": {},
              "uuid": "e3242509-91d4-4753-896a-6fcafc1b7fc1",
              "parentUUID": "4c5f0bc2-9620-43e4-86c8-b30b7ccadc94",
              "isHook": false,
              "skipped": false
            },
            {
              "title": "should produce primary, second & minor directories",
              "fullTitle": "initDirectories should produce primary, second & minor directories",
              "timedOut": false,
              "duration": 3,
              "state": "passed",
              "speed": "fast",
              "pass": true,
              "fail": false,
              "pending": false,
              "context": null,
              "code": "const directories = _1.initDirectories();\ndirectories.should.have.property(\"primary\");\ndirectories.should.have.property(\"second\");\ndirectories.should.have.property(\"minor\");",
              "err": {},
              "uuid": "7430ec0e-04be-4fcf-9778-9c1476a27579",
              "parentUUID": "4c5f0bc2-9620-43e4-86c8-b30b7ccadc94",
              "isHook": false,
              "skipped": false
            }
          ],
          "suites": [],
          "passes": [
            "e3242509-91d4-4753-896a-6fcafc1b7fc1",
            "7430ec0e-04be-4fcf-9778-9c1476a27579"
          ],
          "failures": [],
          "pending": [],
          "skipped": [],
          "duration": 7,
          "root": false,
          "rootEmpty": false,
          "_timeout": 2000
        },
        {
          "uuid": "281a9a2b-3fa8-43f5-b4c4-3dc121717756",
          "title": "blockSchema",
          "fullFile": "/home/runner/work/planwithus-lib/planwithus-lib/src/block/schemas.test.ts",
          "file": "/src/block/schemas.test.ts",
          "beforeHooks": [],
          "afterHooks": [],
          "tests": [
            {
              "title": "should validate valid block",
              "fullTitle": "blockSchema should validate valid block",
              "timedOut": false,
              "duration": 199,
              "state": "passed",
              "speed": "slow",
              "pass": true,
              "fail": false,
              "pending": false,
              "context": "[\n  {\n    \"title\": \"block sample 0\",\n    \"value\": {\n      \"name\": \"_s\",\n      \"ay\": 2028,\n      \"assign\": [\n        \"+SJ]\\\"-\",\n        \"XYBE8BYP\",\n        \"ZR%\",\n        \"g!pz\"\n      ],\n      \"match\": [\n        {\n          \"or\": []\n        },\n        {\n          \"or\": [\n            \"WVY2xW\",\n            {\n              \"and\": []\n            },\n            {\n              \"pattern\": \"TGx614\",\n              \"exclude\": \"ED23\",\n              \"info\": \"\"\n            },\n            {\n              \"or\": [\n                {\n                  \"or\": [\n                    {\n                      \"and\": [\n                        \"LZ1K\",\n                        {\n                          \"pattern\": \"VM9x\",\n                          \"info\": \"#Q`YCV\"\n                        }\n                      ]\n                    },\n                    \"RK6X\",\n                    {\n                      \"and\": [\n                        \"YH3J\",\n                        \"FEN2945\",\n                        \"ZNN1V\"\n                      ]\n                    },\n                    {\n                      \"pattern\": \"DPx84\",\n                      \"info\": \"x\"\n                    }\n                  ]\n                }\n              ]\n            },\n            {\n              \"and\": [\n                \"PTC7\",\n                {\n                  \"pattern\": \"VAQ2K\",\n                  \"info\": \"<'\\\"\"\n                }\n              ]\n            }\n          ]\n        },\n        {\n          \"pattern\": \"IQD425\",\n          \"exclude\": [\n            \"GPZ12\",\n            \"RRx666\"\n          ],\n          \"info\": \"C%:qw~% \"\n        },\n        \"TR61\",\n        {\n          \"or\": []\n        }\n      ],\n      \"satisfy\": [\n        {\n          \"mc\": \">=171\"\n        },\n        {\n          \"mc\": \">=154\"\n        },\n        {\n          \"mc\": \">=43\"\n        }\n      ],\n      \"url\": \"http://d5ew420l.kfxa/WL5OR/p+%F4%8D%BC%97%F1%9A%B1%A19(_%F3%80%9F%A6/60g/-%F0%BC%99%B2VCGEFx&a/%F2%B8%BD%80%E5%B9%B4mtX/E5%F1%BD%80%91/esy:Cr_n\",\n      \"isSelectable\": true,\n      \"I/B6wV-Cq\": {\n        \"name\": \"J1'!%j{q\",\n        \"ay\": 1977,\n        \"assign\": [\n          \"\"\n        ],\n        \"match\": [\n          {\n            \"or\": [\n              \"SAP97\",\n              \"PMJ8\",\n              \"OSE829\",\n              {\n                \"pattern\": \"UV*11\",\n                \"exclude\": [],\n                \"info\": \"Qv\"\n              },\n              {\n                \"pattern\": \"XE15O\",\n                \"exclude\": [\n                  \"JXZ14x\",\n                  \"BGK3xx\",\n                  \"GA9323\",\n                  \"ULU5A\"\n                ],\n                \"info\": \"esg6fh\"\n              }\n            ]\n          },\n          {\n            \"and\": [\n              \"QZK3\"\n            ]\n          },\n          {\n            \"or\": [\n              \"JS69*\"\n            ]\n          },\n          \"WKJ86T\",\n          {\n            \"pattern\": \"SHX*J\",\n            \"exclude\": [\n              \"ACx9V\",\n              \"NWH3584D\",\n              \"JMY9x\",\n              \"SRC*15\"\n            ],\n            \"info\": \"JMo\\\\a]N\"\n          }\n        ],\n        \"satisfy\": {\n          \"and\": []\n        },\n        \"url\": \"http://c6od0tparu8qz277ac23vgb0ynjn5a6xxvnnqln3t5ex29j3163kmqn.w.supnfnbrdxeggsxg8dgky5r3-qxclunxzs9-h5zyrt4vz.35j1l.ifiarbsbnp/%F2%A4%9C%89%F1%BE%80%BFE(/ppJA@,!)/x//JS8AifJ/=B:/*%F1%8A%98%A63$Osyi/p95%F0%B1%A2%B73%F0%A1%AF%9C\",\n        \"info\": \"%7\",\n        \"isSelectable\": true\n      }\n    }\n  },\n  {\n    \"title\": \"block sample 1\",\n    \"value\": {\n      \"name\": \"m*U)ga\",\n      \"ay\": 1953,\n      \"assign\": \"e#t\",\n      \"match\": [\n        {\n          \"and\": [\n            {\n              \"or\": [\n                \"HJ00D\"\n              ]\n            }\n          ]\n        },\n        {\n          \"and\": [\n            {\n              \"pattern\": \"NH5T\",\n              \"exclude\": [\n                \"BJ99*x\",\n                \"WHQ5x31\",\n                \"VAB5A\",\n                \"WSCx688K\"\n              ],\n              \"info\": \"Ey=b.+\"\n            },\n            {\n              \"and\": []\n            },\n            \"YL69L\",\n            {\n              \"or\": [\n                \"NRH0173C\",\n                \"HO3G\",\n                \"ONN643\",\n                {\n                  \"pattern\": \"GYx8\",\n                  \"exclude\": [\n                    \"WTC201H\",\n                    \"AXL**42V\",\n                    \"UDx888V\",\n                    \"VY94\"\n                  ],\n                  \"info\": \"7U-O\"\n                }\n              ]\n            }\n          ]\n        }\n      ],\n      \"url\": \"https://oagu15f7j14iu7szuwj6c5-yari8w1pewrsyur5-3rzgejo0ihwmgz0d91.rcoxfihuy/g~a*Y\",\n      \"info\": \"$)cw\",\n      \"isSelectable\": true,\n      \"rl15v\": {\n        \"name\": \"{\",\n        \"ay\": 1954,\n        \"assign\": \"!#5\",\n        \"match\": [\n          {\n            \"or\": [\n              \"IO479\",\n              {\n                \"pattern\": \"LHxA\",\n                \"exclude\": \"AD9*5\"\n              },\n              {\n                \"pattern\": \"KU0*\",\n                \"info\": \"<VG^c7{;Bk\"\n              },\n              {\n                \"and\": [\n                  \"NG1Z\",\n                  {\n                    \"and\": [\n                      \"UF*\",\n                      \"OBR222x\",\n                      {\n                        \"and\": [\n                          {\n                            \"pattern\": \"AEY4x*9W\",\n                            \"info\": \"\"\n                          }\n                        ]\n                      },\n                      \"LSQ120\"\n                    ]\n                  },\n                  {\n                    \"or\": [\n                      \"JU4437\",\n                      \"XHB8\"\n                    ]\n                  }\n                ]\n              },\n              {\n                \"or\": [\n                  \"KU*8\",\n                  \"LZR4202\",\n                  \"HNL*B\",\n                  {\n                    \"pattern\": \"SBE*4\",\n                    \"exclude\": \"OVR7Q\",\n                    \"info\": \"xV]\"\n                  },\n                  \"IS*24\"\n                ]\n              }\n            ]\n          },\n          \"US4F\"\n        ],\n        \"satisfy\": \"$`2\",\n        \"url\": \"http://cfachlened8m-e9mmbe65dhacj.2f1ew.bdlq.icaesa/R%F1%97%8A%87%F2%8A%8D%ADb/g8/,erY2+m/zF%F0%92%93%99%F0%9B%B8%A1tQT\",\n        \"info\": \"Eds\",\n        \"isSelectable\": true,\n        \"\": {\n          \"ay\": 1976,\n          \"match\": [\n            {\n              \"and\": [\n                {\n                  \"or\": [\n                    {\n                      \"and\": [\n                        \"EG3x8x\",\n                        \"VXJ3199\",\n                        \"LW570U\",\n                        {\n                          \"pattern\": \"AB32*\",\n                          \"exclude\": [\n                            \"XX*8O\",\n                            \"RLJ75E\",\n                            \"NEx\",\n                            \"AB95\"\n                          ]\n                        },\n                        \"BJ1O\"\n                      ]\n                    },\n                    \"TKK464D\",\n                    \"JBT13Z\",\n                    {\n                      \"and\": [\n                        \"WP2272\",\n                        \"AJFx49\",\n                        \"YZJ2691\",\n                        \"KO0\"\n                      ]\n                    },\n                    \"WB002\"\n                  ]\n                },\n                {\n                  \"and\": [\n                    \"FGY1\",\n                    {\n                      \"or\": [\n                        {\n                          \"pattern\": \"IND97*5M\",\n                          \"exclude\": [\n                            \"TP3K\"\n                          ],\n                          \"info\": \"{y\"\n                        }\n                      ]\n                    },\n                    {\n                      \"pattern\": \"XF85\",\n                      \"exclude\": [\n                        \"RW9V\",\n                        \"XIU5S\",\n                        \"NAA1T\",\n                        \"QX42F\",\n                        \"FK1\"\n                      ],\n                      \"info\": \"5&|In\"\n                    },\n                    {\n                      \"and\": [\n                        {\n                          \"and\": [\n                            {\n                              \"and\": [\n                                \"JIx\"\n                              ]\n                            },\n                            {\n                              \"or\": [\n                                \"DBJ9880\",\n                                \"IGE855\",\n                                \"EAC60\",\n                                \"TKV0M\"\n                              ]\n                            },\n                            \"CR1W\"\n                          ]\n                        },\n                        \"RZ11Y\"\n                      ]\n                    },\n                    \"EF7P\"\n                  ]\n                },\n                {\n                  \"pattern\": \"AVL8x3\",\n                  \"exclude\": [\n                    \"XEU9\",\n                    \"WDTx413\",\n                    \"HG6Z\"\n                  ],\n                  \"info\": \"{5N\"\n                }\n              ]\n            },\n            {\n              \"and\": []\n            },\n            {\n              \"pattern\": \"OO5\",\n              \"info\": \"^g\"\n            }\n          ],\n          \"satisfy\": \"rT\",\n          \"url\": \"https://y5za01xkhdmdmlqhy6gv4retxa0q6swieycepocrel5qfww5cgncgbdnq5nlsni.mjam8pms5ra77f.by5ilu8gkb6j9rx6h2b21t8gs7t5fsqq1j96htt.ixqqabvwdd/W%F3%80%B1%82\",\n          \"info\": \"s@Ey>G>bR\",\n          \"isSelectable\": true\n        }\n      },\n      \"2&{#[E#\": {\n        \"name\": \"\",\n        \"ay\": 1960,\n        \"assign\": \"}-IGryE\",\n        \"match\": \"GYM5\",\n        \"url\": \"http://p7.qfu6.sg4m32d-j81s3wzfg7.tkbagh7-0mvpflubf4t.nkj81gxknr862z4kxahz450cp33rl6v6cb5l.aeb/nG@:BD(~No/Eph%E3%BC%9B/gZi%EE%BE%84vet/M/vX\",\n        \"info\": \"HX2:\",\n        \"isSelectable\": true\n      }\n    }\n  },\n  {\n    \"title\": \"block sample 2\",\n    \"value\": {\n      \"name\": \"~!* \",\n      \"assign\": \"\",\n      \"match\": {\n        \"and\": []\n      },\n      \"url\": \"http://a0cqw9bvsr.8xp4ydvjm9k.tcpyf//ak)m0@;w/,P$/PR://qFWr%F2%AA%95%B7O4\",\n      \"info\": \"&x \"\n    }\n  },\n  {\n    \"title\": \"block sample 3\",\n    \"value\": {\n      \"name\": \"X#do?\",\n      \"ay\": 2028,\n      \"assign\": [\n        \"p\",\n        \"d\\\\so?e}:_\",\n        \"`8\",\n        \"\",\n        \"6==m0#{C~\"\n      ],\n      \"match\": {\n        \"and\": [\n          {\n            \"or\": [\n              {\n                \"pattern\": \"YDB35\",\n                \"exclude\": [\n                  \"LC5x\",\n                  \"LP51\",\n                  \"MO5\",\n                  \"NAU0x86N\"\n                ]\n              },\n              {\n                \"pattern\": \"BCQ0700\",\n                \"exclude\": \"BWJ1C\"\n              }\n            ]\n          },\n          \"UA*V\",\n          {\n            \"pattern\": \"UW7*Z\",\n            \"exclude\": [\n              \"IS6x\",\n              \"YB*\"\n            ],\n            \"info\": \"}snF|\"\n          }\n        ]\n      },\n      \"satisfy\": {\n        \"or\": [\n          {\n            \"or\": [\n              {\n                \"or\": [\n                  \"O!,\"\n                ]\n              },\n              \"\"\n            ]\n          }\n        ]\n      },\n      \"url\": \"http://e4juahtpidwuu8lyzf.j.k-ec08jc--g00j3qsp6q09u9xqqoq5md2mop-0p1zusrfy8tl.v.ldzfo2csp85u0ydyj82onfl-12brpjl8vi2g9xil4kqilg.ccxz//$/%F3%BA%9F%83&T%F3%A0%9C%B1kcMjH'\",\n      \"info\": \"#\",\n      \"isSelectable\": true\n    }\n  },\n  {\n    \"title\": \"block sample 4\",\n    \"value\": {\n      \"name\": \"5 \\\"y\\\"&-a&\",\n      \"ay\": 2003,\n      \"assign\": [\n        \"$\\\"u\"\n      ],\n      \"match\": {\n        \"or\": [\n          {\n            \"or\": [\n              {\n                \"pattern\": \"OW8M\",\n                \"exclude\": \"KI464\",\n                \"info\": \"\"\n              },\n              \"FYA9494\"\n            ]\n          },\n          {\n            \"pattern\": \"WV*\",\n            \"info\": \"@MX]E\"\n          },\n          {\n            \"or\": [\n              {\n                \"pattern\": \"YHC27\",\n                \"exclude\": [\n                  \"WKY*39F\"\n                ],\n                \"info\": \"rg15[\"\n              }\n            ]\n          },\n          {\n            \"pattern\": \"QLD7175I\",\n            \"exclude\": [],\n            \"info\": \"\"\n          }\n        ]\n      },\n      \"url\": \"https://tg4jbn19t.97d7dhg9b5ydiumwb9uui2pl9khrwoyy5ayvn58ed7.0byatpgnn5xz7lfk2310yzvglr0dxssx91cwibewi8fo3.5jtrir7fviak9dw-ljxq4hi0t1owx82lq6rrnajws10eaw69.y963t6-ihy55jr.jaordcws//0t*5!G%F3%A9%AA%86mA/;G;@Fd\",\n      \"info\": \"^7T'\\\"n#A\",\n      \"isSelectable\": true\n    }\n  },\n  {\n    \"title\": \"block sample 5\",\n    \"value\": {\n      \"assign\": [\n        \"pE# {P\"\n      ],\n      \"match\": {\n        \"or\": [\n          {\n            \"and\": [\n              \"GO6994G\"\n            ]\n          },\n          \"CFP2\"\n        ]\n      },\n      \"satisfy\": [\n        {\n          \"mc\": \">=200\"\n        },\n        \"}W}\",\n        {\n          \"mc\": \">=31\"\n        },\n        {\n          \"or\": [\n            {\n              \"mc\": \">=3\"\n            },\n            {\n              \"and\": [\n                {\n                  \"and\": [\n                    \"<\",\n                    \"m?6D\",\n                    \"\"\n                  ]\n                },\n                \"\",\n                {\n                  \"and\": [\n                    \"8$|Y\",\n                    \":)g;qduQ{,\",\n                    \"DI*ky\",\n                    \" \",\n                    {\n                      \"or\": []\n                    }\n                  ]\n                },\n                \"B3~-<\"\n              ]\n            }\n          ]\n        },\n        {\n          \"or\": [\n            {\n              \"and\": []\n            },\n            {\n              \"mc\": \">=64\"\n            },\n            {\n              \"or\": [\n                \"\",\n                \"\\\\Kt]+3^V\\\\\",\n                {\n                  \"mc\": \">=32\"\n                },\n                \"i^+1\"\n              ]\n            },\n            \"qh:x?;[%fL\"\n          ]\n        }\n      ],\n      \"url\": \"http://bx2elrv4-zmzebxaliwnx2zcz--jyi3pl8vex11anyf9dl.hgk22pusuqrwqs-ms9eq6.d80r5f0fcwgtilh.wel/%F3%A6%81%96D%F0%B4%BE%95!BA%F2%BD%96%A5%F2%9E%86%A5/h/0/:KFQ!cBK/8miZ%EC%89%82O%F2%BA%B2%B9\",\n      \"info\": \"\",\n      \"isSelectable\": true\n    }\n  },\n  {\n    \"title\": \"block sample 6\",\n    \"value\": {\n      \"name\": \"#\\\"#\\\"!\\\" \",\n      \"assign\": [\n        \"~sh7hSfdS\"\n      ],\n      \"match\": [\n        {\n          \"and\": [\n            \"EX*W\",\n            {\n              \"pattern\": \"PFL41\",\n              \"exclude\": \"OVX1x88\",\n              \"info\": \"S,6\"\n            },\n            {\n              \"and\": [\n                {\n                  \"and\": [\n                    \"XZT*6\",\n                    \"XO312\"\n                  ]\n                },\n                {\n                  \"or\": []\n                },\n                {\n                  \"pattern\": \"HO3*\",\n                  \"exclude\": [\n                    \"RKJ3D\",\n                    \"VQ9\",\n                    \"YC475\",\n                    \"ABP5T\"\n                  ]\n                },\n                \"XYR9*45C\",\n                {\n                  \"pattern\": \"FD87\",\n                  \"info\": \"~#f\\\\/2x.\"\n                }\n              ]\n            }\n          ]\n        },\n        {\n          \"pattern\": \"AJx*S\",\n          \"exclude\": [\n            \"GZR5\",\n            \"SF3P\"\n          ],\n          \"info\": \"UT}\"\n        },\n        \"AX4*\"\n      ],\n      \"url\": \"http://ef5-i1levzd2zu28j0dork4gysbrwtqwb.f.chnxtt0g4sbi6lpyf5065rhn8.zsyfr\",\n      \"isSelectable\": true,\n      \"\": {\n        \"name\": \"F<PUnx+\",\n        \"ay\": 2007,\n        \"match\": [\n          {\n            \"pattern\": \"ZKOx94\",\n            \"exclude\": [\n              \"YV5\"\n            ]\n          },\n          \"BEQ*215K\"\n        ],\n        \"satisfy\": {\n          \"or\": [\n            {\n              \"or\": [\n                \"` i^ux{)]\",\n                {\n                  \"and\": [\n                    \"1o\",\n                    \")1k;^IwP\"\n                  ]\n                },\n                \"k (Aoz\\\\!\",\n                \"D\",\n                {\n                  \"or\": [\n                    \"`/TvW8T\"\n                  ]\n                }\n              ]\n            },\n            {\n              \"and\": [\n                \"wSlC\",\n                \"\",\n                \"\"\n              ]\n            },\n            \"SMjH9\"\n          ]\n        },\n        \"url\": \"http://o.bn7lyutff5muxauhylfjutj8a2zzwnpzef32olj5-s7z-h26ket.0zfr3zw.oyfeswfquy/%F1%94%BD%B0/S!815PyT/%F2%99%8B%AE@+,T%F2%A8%A3%A3%F1%97%95%92/.2.%E5%8A%92%E6%B9%91T/E%F2%88%B5%B1PN/_Jv8U+sMt/jiP(S@=KQ/SeqtvFZBb/ttD%F2%BC%AA%85Tg8X)%F3%87%B1%8D\",\n        \"O\": {\n          \"name\": \"^\",\n          \"ay\": 1970,\n          \"match\": [\n            {\n              \"pattern\": \"JLN*x*0\",\n              \"exclude\": \"FL5*9\",\n              \"info\": \"T&+n:\"\n            },\n            {\n              \"pattern\": \"HXP48*Q\",\n              \"exclude\": \"MY1*xxK\",\n              \"info\": \"nM?nF1\"\n            }\n          ],\n          \"satisfy\": [\n            \"& \",\n            {\n              \"and\": [\n                {\n                  \"or\": [\n                    {\n                      \"and\": [\n                        {\n                          \"and\": [\n                            {\n                              \"or\": [\n                                \"BxIu K:\",\n                                {\n                                  \"and\": [\n                                    \"_;\"\n                                  ]\n                                },\n                                {\n                                  \"and\": [\n                                    \"UHG[Fwa*\",\n                                    \"C+\"\n                                  ]\n                                },\n                                \"3ct^\",\n                                \"\"\n                              ]\n                            },\n                            {\n                              \"mc\": \">=133\"\n                            }\n                          ]\n                        },\n                        \"-QyDj\\\\btyQ\"\n                      ]\n                    }\n                  ]\n                },\n                {\n                  \"mc\": \"<=187\"\n                },\n                {\n                  \"or\": [\n                    {\n                      \"or\": [\n                        {\n                          \"and\": []\n                        },\n                        \"d'hGY+\",\n                        \"NY\"\n                      ]\n                    },\n                    {\n                      \"and\": [\n                        \"\",\n                        \"j,?'Oo\",\n                        {\n                          \"or\": [\n                            \"-~Mz}\"\n                          ]\n                        },\n                        {\n                          \"and\": [\n                            \",<b-eD0r\",\n                            {\n                              \"or\": [\n                                \"qj\"\n                              ]\n                            },\n                            \"f@$h~9GE\",\n                            \"\"\n                          ]\n                        },\n                        {\n                          \"mc\": \">=84\"\n                        }\n                      ]\n                    },\n                    {\n                      \"or\": [\n                        {\n                          \"mc\": \"<=151\"\n                        }\n                      ]\n                    },\n                    \"nUIp2IrGE#\"\n                  ]\n                },\n                \"n5Od_\"\n              ]\n            },\n            {\n              \"and\": [\n                {\n                  \"or\": [\n                    {\n                      \"mc\": \">=1\"\n                    }\n                  ]\n                }\n              ]\n            }\n          ],\n          \"url\": \"https://mu6fquhqqy4vzxydn4.toa44t23vucfemq6cmo6u70x350fj7zmypvzz7rkwu0b50xpig.kyluuixfhh5kktxg16ks.qc7wng-uvu1a5.0xnbfrpvnw9m97qdfqagt52nsyi7sd1v.cswendrhvy/tr_f.Z/7bQs&7;s~K/o1ULEv%F1%9B%97%8Al/(%F3%B7%80%8E/%F2%9D%8F%9BuZ%F2%B5%85%857wDO/=ZmN%F3%8A%88%9B_P9w/hL4X*b61Gd/V;@*\",\n          \"info\": \"\",\n          \"isSelectable\": true\n        },\n        \".$c;3bt\": {\n          \"name\": \"qP\",\n          \"ay\": 1978,\n          \"assign\": [\n            \":uVUP]N5\",\n            \"\"\n          ],\n          \"match\": \"KA1651\",\n          \"satisfy\": [\n            \"qaF\",\n            {\n              \"mc\": \">=47\"\n            },\n            \" 4{=5lZQ|Y\",\n            {\n              \"mc\": \">=149\"\n            }\n          ],\n          \"url\": \"http://k0ca.x.p16.iw1nr80mzd30uforp0x9ih4nt6hdlpu5xe69q7740.xvhvu/xLkYC9uq/&6oN/,SdNY%F2%8A%97%81/*J6/W0*tMQ/1e/tVB7XgKC/%F4%85%BA%8EK0:S)(%E1%BB%AC/+N7WBUG33/0\",\n          \"info\": \"%F+[i\",\n          \">e2V7bnii\": {\n            \"name\": \"Xr\",\n            \"ay\": 1951,\n            \"assign\": \"?OylgM#|X\",\n            \"match\": [\n              {\n                \"or\": [\n                  {\n                    \"or\": []\n                  },\n                  {\n                    \"and\": [\n                      {\n                        \"or\": [\n                          \"CZH72xK\",\n                          \"TY67x\",\n                          \"WKX855\",\n                          {\n                            \"pattern\": \"YFG092\",\n                            \"exclude\": [\n                              \"AE0\"\n                            ],\n                            \"info\": \"x7q(KVw5DC\"\n                          },\n                          {\n                            \"pattern\": \"ASS*\",\n                            \"info\": \"Q\\\"A9\"\n                          }\n                        ]\n                      },\n                      \"KII86*5\",\n                      {\n                        \"and\": [\n                          \"OW66x8Y\",\n                          \"VC956xB\"\n                        ]\n                      }\n                    ]\n                  },\n                  \"CLY35T\",\n                  {\n                    \"or\": [\n                      \"UXx32P\"\n                    ]\n                  },\n                  {\n                    \"and\": []\n                  }\n                ]\n              }\n            ],\n            \"satisfy\": [\n              \"L$Qi%0\",\n              {\n                \"mc\": \">=176\"\n              },\n              {\n                \"or\": [\n                  {\n                    \"and\": [\n                      \"\",\n                      {\n                        \"or\": [\n                          {\n                            \"and\": [\n                              \"N\"\n                            ]\n                          },\n                          \"+`rSv*s6\",\n                          {\n                            \"or\": [\n                              \"\",\n                              \"*\",\n                              \"oF*k^S\",\n                              {\n                                \"and\": [\n                                  \"k-\",\n                                  \"pxnWy\",\n                                  \"M!i.d9fp$o\",\n                                  \"IG1\",\n                                  \"V{7tXz\"\n                                ]\n                              }\n                            ]\n                          }\n                        ]\n                      }\n                    ]\n                  },\n                  \"kZ%4n+.N\",\n                  {\n                    \"and\": [\n                      \"FgI0Q:\",\n                      \"+\",\n                      \"J2u3,wt#)\",\n                      \"'cy.4{OvJ\",\n                      {\n                        \"or\": [\n                          {\n                            \"or\": [\n                              \"\",\n                              \"B_0Gcom\"\n                            ]\n                          },\n                          \"*MJHJs#w7\",\n                          \"\",\n                          \"h\",\n                          \"xHk36?\"\n                        ]\n                      }\n                    ]\n                  },\n                  {\n                    \"or\": [\n                      {\n                        \"mc\": \"<=178\"\n                      },\n                      \"\"\n                    ]\n                  }\n                ]\n              },\n              {\n                \"mc\": \">=187\"\n              }\n            ],\n            \"url\": \"http://l2m94poh82p6xalj1qufk3ztxv6to3b.mvl8ax1s4-q3.8e3zwp5zw5xxwdwzzqec6bml0x.o.wysg/j_%F2%9E%BF%A5:5Z/j/;V.=/K/'hFZ$I!nbX/u9&jlb6hl_\",\n            \"info\": \"N|\",\n            \"isSelectable\": true,\n            \"$6m(C\": {\n              \"ay\": 1988,\n              \"assign\": \">,Kp_\",\n              \"match\": {\n                \"or\": [\n                  {\n                    \"or\": [\n                      \"KSI7*O\",\n                      \"HON07M\"\n                    ]\n                  },\n                  {\n                    \"and\": [\n                      \"JVRx43\"\n                    ]\n                  },\n                  {\n                    \"or\": [\n                      {\n                        \"and\": [\n                          {\n                            \"or\": [\n                              \"CV2x6\",\n                              {\n                                \"pattern\": \"QC840Z\",\n                                \"exclude\": \"UMG880B\",\n                                \"info\": \"A\"\n                              },\n                              \"RR055\",\n                              \"KPG34L\",\n                              \"BB2J\"\n                            ]\n                          }\n                        ]\n                      }\n                    ]\n                  },\n                  {\n                    \"or\": [\n                      {\n                        \"pattern\": \"IW2\",\n                        \"exclude\": [\n                          \"AF1x23\",\n                          \"VH5x47\",\n                          \"BNT085N\"\n                        ]\n                      },\n                      {\n                        \"pattern\": \"OUM27N\",\n                        \"exclude\": \"ILQ69E\",\n                        \"info\": \"KfXF^s@(\"\n                      },\n                      \"GT98*5\"\n                    ]\n                  },\n                  {\n                    \"and\": [\n                      {\n                        \"pattern\": \"YGT67\",\n                        \"exclude\": \"TOI2\",\n                        \"info\": \"d\"\n                      }\n                    ]\n                  }\n                ]\n              },\n              \"satisfy\": [\n                {\n                  \"and\": [\n                    \"oNJT\",\n                    {\n                      \"and\": [\n                        {\n                          \"mc\": \"<=49\"\n                        },\n                        {\n                          \"and\": [\n                            \"x0Wg=KK@\",\n                            \"(g\",\n                            {\n                              \"or\": [\n                                {\n                                  \"and\": []\n                                },\n                                \"^.xvwP\",\n                                {\n                                  \"mc\": \">=134\"\n                                }\n                              ]\n                            }\n                          ]\n                        }\n                      ]\n                    },\n                    \"|@0'a}I\",\n                    {\n                      \"and\": [\n                        {\n                          \"and\": [\n                            \"%wWN\",\n                            {\n                              \"or\": [\n                                \">\\\\Lj30URWj\"\n                              ]\n                            },\n                            {\n                              \"and\": []\n                            },\n                            \"\"\n                          ]\n                        },\n                        {\n                          \"and\": [\n                            \"x]pV,ey=\"\n                          ]\n                        }\n                      ]\n                    },\n                    \"TKej#H\"\n                  ]\n                }\n              ],\n              \"url\": \"https://ls1ueixbne4qaqe93tpx5v1tfrcg2k3rwx.n.qz42zlmandppvfwvah2c7aze2zn.wkmwtdf/$%F2%81%92%AE'dT_sV!%F0%96%AE%93/\",\n              \"info\": \"'z|YE1GI6\",\n              \"isSelectable\": true\n            },\n            \"O\": {\n              \"name\": \"jE<:41\",\n              \"ay\": 2009,\n              \"assign\": [],\n              \"match\": \"KFW8H\",\n              \"satisfy\": [\n                {\n                  \"or\": [\n                    {\n                      \"and\": [\n                        {\n                          \"mc\": \">=88\"\n                        },\n                        {\n                          \"and\": [\n                            {\n                              \"mc\": \"<=165\"\n                            },\n                            \"we/C!rWDC\",\n                            {\n                              \"mc\": \"<=187\"\n                            },\n                            \"'U\\\\b4%9g\"\n                          ]\n                        }\n                      ]\n                    },\n                    {\n                      \"mc\": \">=166\"\n                    },\n                    {\n                      \"or\": [\n                        {\n                          \"mc\": \">=61\"\n                        },\n                        {\n                          \"or\": [\n                            \"kK$v+,v(oA\",\n                            {\n                              \"and\": [\n                                \"MJmi\",\n                                \"\"\n                              ]\n                            },\n                            \"rJF&'UuWF~\",\n                            \"rk:_m\\\\Neoe\",\n                            {\n                              \"mc\": \"<=145\"\n                            }\n                          ]\n                        }\n                      ]\n                    },\n                    {\n                      \"mc\": \"<=18\"\n                    }\n                  ]\n                },\n                {\n                  \"and\": [\n                    {\n                      \"and\": [\n                        \"!`\",\n                        \"e*\\\\:\\\\@?\",\n                        \"//\",\n                        \"u&b\"\n                      ]\n                    }\n                  ]\n                },\n                {\n                  \"and\": [\n                    {\n                      \"or\": [\n                        {\n                          \"mc\": \"<=158\"\n                        },\n                        {\n                          \"or\": [\n                            \"vRch-O\",\n                            {\n                              \"or\": []\n                            }\n                          ]\n                        }\n                      ]\n                    },\n                    {\n                      \"and\": []\n                    },\n                    {\n                      \"and\": [\n                        \"K ^~5\",\n                        \"?K.d&vU\",\n                        \"t[$X(Uh\",\n                        \"25\"\n                      ]\n                    }\n                  ]\n                },\n                {\n                  \"and\": [\n                    {\n                      \"mc\": \"<=195\"\n                    },\n                    {\n                      \"and\": [\n                        \"-E2S[I\",\n                        {\n                          \"mc\": \">=100\"\n                        },\n                        \"|Wq|N\"\n                      ]\n                    },\n                    {\n                      \"mc\": \">=91\"\n                    },\n                    \"\"\n                  ]\n                }\n              ],\n              \"url\": \"https://lnznnjk6ems4a8evdq7wx.p0ccg6m73yh5jm2svvio5pg9xwkhtzoxieeuh2jagto7tvehzs6.oc1dica5tx.eptvmgr/y/.bY/*x4/R%F3%B8%B2%901/ebd/jKeM%F2%98%BD%92o5_l/nDk%F2%A3%99%82f%F2%B5%97%BD%F3%A3%83%BDHK//*7\",\n              \"info\": \"aS8N\"\n            }\n          },\n          \"pCi&#\": {\n            \"name\": \"\",\n            \"ay\": 2005,\n            \"assign\": \"%jCc\\\\hr/N\",\n            \"satisfy\": [],\n            \"url\": \"http://n.v7exofoti7-722dyoxedvtv6n.xswljs/.Ia(s/v4/W%F1%9B%98%BE,//%F3%95%A3%8A4rq/H!%F3%AF%8F%94e/%F2%99%80%92'\",\n            \"info\": \"UH.>RJ\",\n            \"isSelectable\": true\n          },\n          \"*cy.c6\": {\n            \"name\": \"ju3m1\\\"x\",\n            \"ay\": 1976,\n            \"assign\": [\n              \"SyHKJ\",\n              \"n \"\n            ],\n            \"match\": {\n              \"pattern\": \"SAPx2\",\n              \"exclude\": []\n            },\n            \"satisfy\": {\n              \"and\": [\n                {\n                  \"and\": [\n                    \"mUM;\",\n                    {\n                      \"or\": [\n                        {\n                          \"and\": [\n                            {\n                              \"and\": []\n                            },\n                            \"g\",\n                            \"*h?;eMrO\",\n                            {\n                              \"or\": [\n                                \"iR]\",\n                                \"DNSHJw,cR\",\n                                \"Sk+-rO\",\n                                \"\\\"\\\"\",\n                                \"{FuOv#NG\"\n                              ]\n                            }\n                          ]\n                        },\n                        \"EFTTA!\",\n                        {\n                          \"or\": [\n                            \"VU{ >Mr\",\n                            \"B[EU\",\n                            \"W\"\n                          ]\n                        }\n                      ]\n                    }\n                  ]\n                },\n                {\n                  \"or\": [\n                    \"*`SBo_kZAr\",\n                    {\n                      \"and\": [\n                        \">,>t#cT6bn\",\n                        \"'_L\",\n                        \"{l(IZ\",\n                        \"p\"\n                      ]\n                    },\n                    {\n                      \"and\": []\n                    }\n                  ]\n                },\n                {\n                  \"or\": [\n                    {\n                      \"or\": [\n                        {\n                          \"and\": [\n                            \"^\",\n                            \"`}~uab%62\",\n                            {\n                              \"and\": [\n                                \"i6dA7lM\",\n                                \"Z42/U9Y9\",\n                                \"(v25\",\n                                \"\"\n                              ]\n                            },\n                            \";62_y\",\n                            \"xoRm\"\n                          ]\n                        },\n                        \"Z>\"\n                      ]\n                    },\n                    \"@sgp_$\"\n                  ]\n                }\n              ]\n            },\n            \"url\": \"http://kxd5ghmsz5xxlwm3.qqtcb5ean9es3pj0z938p0pqp5r.ksgdflpqn/eF,N+Bv//%ED%88%B1:mHKB://O%F1%8A%87%8AgU%F2%9F%A5%B30M/%F0%90%9B%AF$i6B\",\n            \"info\": \"iEyq`2Y\",\n            \"isSelectable\": true\n          },\n          \"bpo`$rW= \": {\n            \"name\": \"\",\n            \"ay\": 2017,\n            \"assign\": \"r7#eaW\",\n            \"match\": {\n              \"or\": [\n                {\n                  \"pattern\": \"VVK676*A\",\n                  \"exclude\": \"NDx067C\"\n                },\n                \"HXI673\"\n              ]\n            },\n            \"satisfy\": [\n              {\n                \"mc\": \"<=190\"\n              },\n              {\n                \"or\": [\n                  \"EK\"\n                ]\n              },\n              \"IA}$\",\n              {\n                \"and\": []\n              },\n              {\n                \"mc\": \"<=64\"\n              }\n            ],\n            \"info\": \"4+vFg\",\n            \"isSelectable\": true\n          }\n        },\n        \"H.f\": {\n          \"name\": \"<tt,:l5*w(\",\n          \"assign\": [\n            \"=^!} 2\",\n            \"ER \",\n            \")E*R\",\n            \"m&B;S<B|3n\"\n          ],\n          \"match\": {\n            \"pattern\": \"WWxI\",\n            \"exclude\": [\n              \"EET644K\"\n            ],\n            \"info\": \"\"\n          },\n          \"satisfy\": [\n            \"R&'&k?0GKV\",\n            {\n              \"mc\": \">=16\"\n            },\n            {\n              \"mc\": \"<=47\"\n            },\n            \"qs_Z2-l\"\n          ],\n          \"url\": \"http://w60urojeepukne5e3zcktzfao7ba96pftl6u05gtepmaptksdyvgvc3i.8xdbc8a9apjt0qz1ks3k3tta1.7x5kauijvyo4-x6n-2fjw.y.1xbbnnvzc6r-b2h74a2a5gl8ky-pp2cxxvex0zs1lkr7yxonaggyswe.zawpp/Bhl()4%F3%82%81%84./B=6Hz:zxde/%E2%93%92bm@/Q//_pg%F0%9B%A4%9Ba2al=/mwn(EiU//gV:\",\n          \"info\": \"?&2U\"\n        },\n        \"L$v\": {\n          \"name\": \"HL\\\"D\",\n          \"assign\": [\n            \"qXS^\",\n            \"z<|RZ&\"\n          ],\n          \"match\": [\n            \"MK4Y\",\n            \"BD534x\"\n          ],\n          \"satisfy\": [\n            {\n              \"or\": [\n                {\n                  \"or\": [\n                    {\n                      \"mc\": \"<=31\"\n                    },\n                    {\n                      \"and\": [\n                        \"jWxhhd_H9\",\n                        \"jl%Q=LJLow\"\n                      ]\n                    }\n                  ]\n                },\n                {\n                  \"mc\": \"<=171\"\n                },\n                \"5L4\",\n                {\n                  \"or\": [\n                    {\n                      \"mc\": \"<=81\"\n                    }\n                  ]\n                },\n                \"u{2Z8\"\n              ]\n            },\n            {\n              \"and\": [\n                {\n                  \"mc\": \"<=11\"\n                },\n                {\n                  \"mc\": \">=82\"\n                }\n              ]\n            },\n            {\n              \"and\": [\n                {\n                  \"or\": [\n                    \"bi#%w5u\"\n                  ]\n                },\n                {\n                  \"and\": [\n                    \"d%a2L~\",\n                    {\n                      \"mc\": \">=116\"\n                    },\n                    {\n                      \"or\": [\n                        \"c*Y0\",\n                        {\n                          \"or\": [\n                            {\n                              \"or\": [\n                                \"mRdGMF9,i!\",\n                                \"\"\n                              ]\n                            },\n                            \"'b/:'q\"\n                          ]\n                        }\n                      ]\n                    }\n                  ]\n                },\n                {\n                  \"and\": [\n                    {\n                      \"or\": [\n                        {\n                          \"and\": [\n                            \":o)dU#38m\",\n                            \"0'~,x83\",\n                            \"\",\n                            \"bVFeX~aS\",\n                            {\n                              \"and\": [\n                                \"5;S#.wO\",\n                                \"q`E\",\n                                {\n                                  \"and\": [\n                                    \"Mo\",\n                                    \"\",\n                                    \"os&v\",\n                                    \"-xl1,W.`\"\n                                  ]\n                                }\n                              ]\n                            }\n                          ]\n                        },\n                        \"TYc*'FAEa\",\n                        \"m<vnFA\\\"?\",\n                        {\n                          \"and\": [\n                            {\n                              \"or\": [\n                                \"$\\\"s+`(\"\n                              ]\n                            },\n                            \"cari\"\n                          ]\n                        },\n                        \"%a-T7V\"\n                      ]\n                    },\n                    {\n                      \"mc\": \">=87\"\n                    }\n                  ]\n                },\n                {\n                  \"mc\": \"<=196\"\n                },\n                {\n                  \"mc\": \"<=56\"\n                }\n              ]\n            },\n            \"=OZz7X\"\n          ],\n          \"info\": \"1Lcu=K\",\n          \"isSelectable\": true,\n          \"v=4\": {\n            \"ay\": 1993,\n            \"assign\": \"%O9m%vhGA\",\n            \"match\": [\n              {\n                \"pattern\": \"OWZ40\",\n                \"exclude\": \"NOD1x\",\n                \"info\": \"t\"\n              },\n              \"XGT*9J\",\n              {\n                \"or\": [\n                  \"ZBH4165\",\n                  {\n                    \"pattern\": \"QN11\",\n                    \"info\": \"nbHg.$p@X}\"\n                  },\n                  {\n                    \"or\": []\n                  }\n                ]\n              }\n            ],\n            \"satisfy\": {\n              \"and\": [\n                \"X x~DHQ\",\n                {\n                  \"or\": [\n                    {\n                      \"and\": [\n                        \"u$W\",\n                        \"crpClw]9T\"\n                      ]\n                    },\n                    {\n                      \"and\": [\n                        {\n                          \"and\": []\n                        },\n                        {\n                          \"mc\": \">=149\"\n                        },\n                        \"\"\n                      ]\n                    },\n                    \"~(du\",\n                    {\n                      \"or\": []\n                    },\n                    \"j|H%]/&tx{\"\n                  ]\n                },\n                {\n                  \"mc\": \"<=95\"\n                },\n                {\n                  \"mc\": \"<=168\"\n                },\n                \":MYrb3\"\n              ]\n            },\n            \"url\": \"https://eblimgtasv6siq8w73.4wlbx5pllw3bhep3prbxxz3pt4iryyqzww3km2k6o9d82j79u-2d2rmh.illnawbc//.D%F0%B6%98%9A~D/!fZ/syw&R9/!AsFd!_Tv/\",\n            \"info\": \"\"\n          }\n        },\n        \"85hW2e\": {\n          \"name\": \"IE@x _P5AB\",\n          \"ay\": 2026,\n          \"assign\": \"]{bOybi]\",\n          \"match\": [],\n          \"satisfy\": [],\n          \"info\": \".7\",\n          \"isSelectable\": true\n        }\n      },\n      \"\\\"r\": {\n        \"name\": \"$\\\"/=:$koFj\",\n        \"assign\": \"t-$JZD\",\n        \"match\": {\n          \"and\": [\n            {\n              \"pattern\": \"BRH29\",\n              \"info\": \"\"\n            },\n            {\n              \"and\": [\n                {\n                  \"or\": [\n                    \"YB1982\",\n                    \"DTT1x7E\"\n                  ]\n                },\n                \"HO32C\",\n                \"QH82\"\n              ]\n            },\n            \"RF5L\",\n            {\n              \"pattern\": \"JB2U\",\n              \"exclude\": \"ZAQ6361Y\",\n              \"info\": \"DE=R$\"\n            },\n            {\n              \"or\": [\n                \"RE5D\",\n                {\n                  \"pattern\": \"IB71K\",\n                  \"exclude\": [\n                    \"HUE*54M\",\n                    \"CAK7576S\",\n                    \"PIG52x9O\"\n                  ],\n                  \"info\": \"Ew<{DU9_\"\n                },\n                \"IZ4595\",\n                \"RJ30\",\n                \"TAQ7S\"\n              ]\n            }\n          ]\n        },\n        \"satisfy\": [\n          {\n            \"mc\": \"<=177\"\n          },\n          {\n            \"and\": [\n              \"b'?B\",\n              {\n                \"mc\": \"<=44\"\n              }\n            ]\n          },\n          {\n            \"and\": [\n              \"lI\",\n              \"-s4,oxW\"\n            ]\n          },\n          {\n            \"and\": [\n              {\n                \"mc\": \"<=115\"\n              },\n              {\n                \"or\": []\n              },\n              {\n                \"or\": [\n                  \"_7pyk*>nAL\",\n                  \"!6sy[K}G#y\"\n                ]\n              },\n              {\n                \"or\": []\n              },\n              {\n                \"mc\": \">=49\"\n              }\n            ]\n          }\n        ],\n        \"url\": \"https://h.u.bikhhk9bzx-3rq2wd1rsxe2d2htylli7aym1qfc9q.nqb/I1Y9bs/9%F2%AF%B4%A3_//Wksk/2/oW\",\n        \"info\": \"QB4;A`\",\n        \"isSelectable\": true,\n        \"%s\": {\n          \"name\": \"wO7\",\n          \"ay\": 1992,\n          \"match\": [\n            \"FWx19\"\n          ],\n          \"satisfy\": {\n            \"and\": [\n              {\n                \"mc\": \"<=69\"\n              },\n              {\n                \"mc\": \"<=178\"\n              },\n              {\n                \"or\": [\n                  {\n                    \"mc\": \"<=107\"\n                  },\n                  \"Dz!:@udN}\",\n                  {\n                    \"mc\": \">=196\"\n                  }\n                ]\n              }\n            ]\n          },\n          \"url\": \"http://sf1n49.jqt7dwz-1urj80kalx0pe975v1pi.xfgtra9rrsmx0dzlyzgbzv9e5ahtff2hkr460w.fegmgblbqb.euwlmikb/(!he%F0%B0%8F%BEZ5V//.qw2gU/$=e%F1%B2%B3%B0)_h/3FE6df6ZCS/MeHU_.\",\n          \"info\": \"HL%{6k\",\n          \"isSelectable\": true\n        },\n        \"E\": {\n          \"name\": \"sB$Y\",\n          \"ay\": 1998,\n          \"assign\": [\n            \"Y3\",\n            \"A;RWgmBe@\"\n          ],\n          \"match\": [\n            {\n              \"or\": [\n                {\n                  \"or\": [\n                    {\n                      \"pattern\": \"ZJ9422O\",\n                      \"exclude\": [\n                        \"WJ7961I\",\n                        \"ES5954Z\"\n                      ],\n                      \"info\": \"VQw*-w?)\"\n                    },\n                    {\n                      \"or\": [\n                        \"KDW84R\",\n                        \"HNx507\",\n                        {\n                          \"and\": [\n                            {\n                              \"pattern\": \"EZ8x9T\",\n                              \"exclude\": [\n                                \"SM965\",\n                                \"ZQ4R\",\n                                \"JRH346S\",\n                                \"DOJ05I\"\n                              ],\n                              \"info\": \"39u\"\n                            },\n                            \"JAC972W\",\n                            \"MVU200*K\",\n                            {\n                              \"and\": []\n                            }\n                          ]\n                        }\n                      ]\n                    }\n                  ]\n                },\n                {\n                  \"or\": []\n                },\n                \"JO399\",\n                {\n                  \"or\": [\n                    {\n                      \"or\": [\n                        {\n                          \"pattern\": \"SQ23W\",\n                          \"exclude\": \"MEP84\",\n                          \"info\": \" R@R_B/;[C\"\n                        },\n                        \"EMD5*9\"\n                      ]\n                    },\n                    \"VT9*28L\"\n                  ]\n                },\n                {\n                  \"or\": [\n                    \"HQX780J\",\n                    \"HS*\",\n                    \"QA7\",\n                    \"MEK4424K\"\n                  ]\n                }\n              ]\n            },\n            {\n              \"and\": [\n                {\n                  \"pattern\": \"JT779\",\n                  \"info\": \"2w\"\n                },\n                {\n                  \"pattern\": \"NJK393\",\n                  \"exclude\": [\n                    \"PL81H\",\n                    \"TCO8V\",\n                    \"JLx16\"\n                  ],\n                  \"info\": \"SmQR\\\\&5Z\"\n                },\n                {\n                  \"or\": []\n                },\n                {\n                  \"or\": [\n                    \"JW405\"\n                  ]\n                }\n              ]\n            },\n            {\n              \"and\": [\n                {\n                  \"and\": [\n                    {\n                      \"and\": [\n                        \"VIx072\",\n                        \"FG*4\",\n                        \"EFT169\"\n                      ]\n                    },\n                    {\n                      \"pattern\": \"CYO2\",\n                      \"exclude\": [\n                        \"YEG7F\",\n                        \"TKD001L\",\n                        \"WZ98\",\n                        \"CL165\"\n                      ],\n                      \"info\": \"K[*:\"\n                    },\n                    \"BUX39R\",\n                    \"EIM09x1\"\n                  ]\n                },\n                {\n                  \"pattern\": \"PQx370M\",\n                  \"exclude\": [\n                    \"DJO652W\",\n                    \"PXQ038\"\n                  ],\n                  \"info\": \"uKn9{WI\"\n                },\n                {\n                  \"pattern\": \"EJ610\",\n                  \"exclude\": [\n                    \"FS26x8V\",\n                    \"RU4I\",\n                    \"XJ*84\",\n                    \"QV34x6\",\n                    \"UQN404\"\n                  ],\n                  \"info\": \"<(XZ\"\n                },\n                \"TGx952\",\n                {\n                  \"and\": [\n                    {\n                      \"or\": [\n                        {\n                          \"pattern\": \"UKU1*H\",\n                          \"exclude\": [\n                            \"IKT9x6\"\n                          ],\n                          \"info\": \"\"\n                        },\n                        \"PTG974\",\n                        {\n                          \"or\": [\n                            {\n                              \"and\": [\n                                \"VD4\"\n                              ]\n                            },\n                            \"OM3O\",\n                            \"ZVR1\"\n                          ]\n                        },\n                        \"YKQ293\"\n                      ]\n                    }\n                  ]\n                }\n              ]\n            },\n            {\n              \"and\": [\n                {\n                  \"and\": [\n                    {\n                      \"and\": [\n                        {\n                          \"or\": [\n                            {\n                              \"and\": [\n                                \"WTx00\",\n                                \"WV6xx9A\",\n                                {\n                                  \"or\": [\n                                    \"PXC072\",\n                                    \"AS0\",\n                                    \"OF0xx1\"\n                                  ]\n                                },\n                                \"CSM82x5\",\n                                \"ZG00K\"\n                              ]\n                            },\n                            \"LNN36R\",\n                            \"JD1\",\n                            \"ONT566\",\n                            \"PXMxG\"\n                          ]\n                        },\n                        {\n                          \"and\": [\n                            \"IS5349\"\n                          ]\n                        },\n                        {\n                          \"pattern\": \"LVV4J\",\n                          \"exclude\": [\n                            \"OF*122\",\n                            \"CA511\",\n                            \"KKP403W\"\n                          ],\n                          \"info\": \".9)NY 4I\"\n                        }\n                      ]\n                    },\n                    \"US*082\",\n                    {\n                      \"and\": [\n                        \"HN65\",\n                        \"JR2399\",\n                        \"AVFx1\",\n                        \"ZDR038T\",\n                        \"DWX5*3\"\n                      ]\n                    }\n                  ]\n                },\n                \"XK2A\",\n                {\n                  \"and\": [\n                    \"VA838\",\n                    \"GY2\",\n                    \"VZxx\"\n                  ]\n                },\n                {\n                  \"or\": [\n                    {\n                      \"or\": []\n                    },\n                    \"GQ49U\",\n                    \"DUW879\"\n                  ]\n                }\n              ]\n            }\n          ],\n          \"url\": \"http://gs.c4n8ffgx2beybgwtprrhvhw1not6v9-cq81qwj2uiqhe23-hqqv.m4fz80l5.gxqmusm//0JEH*K0R+/:!N:jRi/H&i/zmg//q;%F3%88%B3%9E/N=1n5/H/$0\",\n          \"info\": \"`%|@.G`.\",\n          \"isSelectable\": true\n        },\n        \"xw[Jj9f1\": {\n          \"name\": \"1w8g70J6\",\n          \"ay\": 1995,\n          \"assign\": \"K;Y0O/v\",\n          \"match\": [\n            {\n              \"or\": [\n                {\n                  \"and\": []\n                }\n              ]\n            },\n            {\n              \"pattern\": \"DX3810J\",\n              \"exclude\": [\n                \"ZK*Y\"\n              ],\n              \"info\": \"X|yft\"\n            },\n            {\n              \"and\": [\n                {\n                  \"pattern\": \"HW5A\",\n                  \"exclude\": \"QHC280*N\",\n                  \"info\": \"\"\n                },\n                {\n                  \"pattern\": \"CW97\",\n                  \"exclude\": [],\n                  \"info\": \"u,lP(vy<4\"\n                },\n                \"ZN69B\",\n                {\n                  \"pattern\": \"XUY6859A\",\n                  \"exclude\": [],\n                  \"info\": \"\"\n                }\n              ]\n            },\n            \"CS9A\",\n            {\n              \"pattern\": \"KLJ49Y\",\n              \"info\": \"(@4\"\n            }\n          ],\n          \"satisfy\": \"VV~fR<vou\",\n          \"info\": \"vv\\\"$Z/r[T\"\n        }\n      },\n      \"b-`D#*\\\\kgH\": {\n        \"name\": \"0y[(`M>?\\\\/\",\n        \"ay\": 2017,\n        \"assign\": \"*AwblHm\",\n        \"match\": [],\n        \"satisfy\": [\n          \"[9Fd8)xbr~\",\n          {\n            \"mc\": \"<=88\"\n          }\n        ],\n        \"url\": \"https://b7qpcossi7bvx-xo6xtjqglbou2x7dj0gnh15dz1.h.kto-9imiqmfpoarvtyh4mmmdjs43m2kh-851r33xmrqfh19eua3nsdv-h.dyok/%F0%A7%88%AEzRed/;0k%F2%98%80%ABObU7/lJdHyO,/v/://5Rm72O/Hs8m&RX)%F0%B4%85%95I/Q(Kx5p/vTFxE\",\n        \"info\": \"dlAx}wk\",\n        \"isSelectable\": true,\n        \"0bD;&Sd'-a\": {\n          \"name\": \"!<Esw\",\n          \"ay\": 1978,\n          \"assign\": [\n            \"=wC\\\\>2ds\",\n            \"X,[\\\\c\"\n          ],\n          \"satisfy\": {\n            \"or\": []\n          },\n          \"url\": \"http://0a4ldvmiol8maddrpwgu6d8-0-ouqo84.bxm/J7v/R0/t-Lk7/4:Guk;/A6_Ua/Zz+Tj1/%F2%AB%B4%B4/VdR(IF2\",\n          \"isSelectable\": true\n        },\n        \"FZp4\": {\n          \"name\": \"$69o,,\",\n          \"ay\": 1986,\n          \"match\": [\n            \"AD866\",\n            {\n              \"or\": [\n                {\n                  \"pattern\": \"BP86*6Q\",\n                  \"info\": \".]>X\"\n                }\n              ]\n            },\n            \"KUC28\",\n            {\n              \"pattern\": \"RZM1K\",\n              \"info\": \"v9_^-XonIl\"\n            },\n            {\n              \"and\": [\n                {\n                  \"and\": [\n                    {\n                      \"pattern\": \"BQ4A\",\n                      \"info\": \"P\\\\\"\n                    }\n                  ]\n                },\n                {\n                  \"and\": [\n                    {\n                      \"or\": [\n                        {\n                          \"and\": [\n                            \"TB*\",\n                            \"YNx50xB\"\n                          ]\n                        },\n                        \"ZSx72E\",\n                        {\n                          \"and\": [\n                            \"JT3\",\n                            \"YKH39x8\"\n                          ]\n                        }\n                      ]\n                    },\n                    {\n                      \"and\": [\n                        \"ZFD066H\",\n                        {\n                          \"pattern\": \"VZ47\",\n                          \"exclude\": \"PN5\",\n                          \"info\": \"e\"\n                        }\n                      ]\n                    },\n                    {\n                      \"or\": [\n                        {\n                          \"or\": [\n                            \"TIF**B\",\n                            {\n                              \"and\": [\n                                \"JCx62\",\n                                \"CR4192\"\n                              ]\n                            },\n                            \"MZx9O\",\n                            \"LE66\",\n                            \"FA6I\"\n                          ]\n                        }\n                      ]\n                    },\n                    {\n                      \"pattern\": \"ZR386x\",\n                      \"exclude\": \"UF398\",\n                      \"info\": \";B_w\"\n                    },\n                    \"MAK187A\"\n                  ]\n                },\n                {\n                  \"or\": []\n                }\n              ]\n            }\n          ],\n          \"satisfy\": [\n            {\n              \"and\": [\n                {\n                  \"and\": [\n                    \"<`IF~\",\n                    {\n                      \"and\": [\n                        {\n                          \"or\": [\n                            \"lEn\",\n                            \"Z\",\n                            \",ecG!h}C\"\n                          ]\n                        },\n                        \"/SIL6k;I-P\",\n                        \"u\",\n                        \"{\",\n                        \"aBh_\"\n                      ]\n                    },\n                    \"2~F-pF\",\n                    \"/\"\n                  ]\n                },\n                {\n                  \"and\": [\n                    \"I3?GMO6\",\n                    \"XP`@5QFG\",\n                    {\n                      \"mc\": \">=42\"\n                    },\n                    \"^u:^d<z9w!\",\n                    \"o*Hp\"\n                  ]\n                },\n                {\n                  \"and\": [\n                    {\n                      \"and\": [\n                        {\n                          \"mc\": \"<=110\"\n                        },\n                        \"ZB4$h\",\n                        \"sOy`7g[\",\n                        \"~MPpjb>Z\",\n                        \"3(\"\n                      ]\n                    },\n                    {\n                      \"and\": [\n                        \"-/s\",\n                        {\n                          \"or\": [\n                            \"1U|B<<}\",\n                            {\n                              \"and\": [\n                                {\n                                  \"mc\": \">=184\"\n                                },\n                                {\n                                  \"and\": [\n                                    \"+\",\n                                    \"\",\n                                    \"Z*S|:\",\n                                    \"O35.M!x9,?\"\n                                  ]\n                                },\n                                {\n                                  \"or\": [\n                                    \"0399Z^Wgk1\",\n                                    \"-_28\",\n                                    \"'HJd0?8e{L\",\n                                    \"i,oSe\",\n                                    \"u1l\"\n                                  ]\n                                },\n                                \"\\\"5,\",\n                                \"\"\n                              ]\n                            }\n                          ]\n                        },\n                        {\n                          \"mc\": \"<=181\"\n                        }\n                      ]\n                    },\n                    {\n                      \"or\": [\n                        \"+4un\"\n                      ]\n                    },\n                    \"Dz$>**G1zQ\"\n                  ]\n                },\n                {\n                  \"or\": [\n                    \"W_D|\",\n                    {\n                      \"mc\": \">=9\"\n                    },\n                    {\n                      \"or\": [\n                        \"UKVASens\",\n                        \"=hry=\",\n                        \"{L7JLLF\",\n                        \"{pgG]\"\n                      ]\n                    },\n                    \"HpSy\"\n                  ]\n                }\n              ]\n            },\n            {\n              \"and\": [\n                {\n                  \"and\": [\n                    \"EY*L%2\",\n                    {\n                      \"mc\": \">=13\"\n                    },\n                    \"\"\n                  ]\n                },\n                \"Y^L\",\n                \":<6>\\\"(CW{\",\n                {\n                  \"or\": [\n                    \"CLipyo\",\n                    {\n                      \"and\": []\n                    },\n                    \"H5}_+J\"\n                  ]\n                }\n              ]\n            },\n            \"(&br(0lC\",\n            {\n              \"and\": [\n                {\n                  \"or\": [\n                    {\n                      \"and\": []\n                    },\n                    \"7.kf\",\n                    \"A[auNEQOK$\"\n                  ]\n                },\n                {\n                  \"or\": [\n                    {\n                      \"and\": [\n                        \"K\",\n                        {\n                          \"or\": [\n                            \"(eeZR.\"\n                          ]\n                        },\n                        \"o[vG\"\n                      ]\n                    },\n                    \"<-tE~/\",\n                    {\n                      \"or\": [\n                        {\n                          \"mc\": \"<=31\"\n                        },\n                        \"`47Cset-G \",\n                        \"\",\n                        \"2>g1]3p(w\",\n                        {\n                          \"or\": [\n                            \"V@`t-y]oit\",\n                            \"cW^$u=gvz/\",\n                            \"4`O 3{PC\"\n                          ]\n                        }\n                      ]\n                    },\n                    {\n                      \"or\": [\n                        \"W7\",\n                        {\n                          \"or\": [\n                            {\n                              \"and\": [\n                                \"\"\n                              ]\n                            },\n                            {\n                              \"mc\": \"<=117\"\n                            }\n                          ]\n                        }\n                      ]\n                    }\n                  ]\n                },\n                {\n                  \"or\": []\n                }\n              ]\n            },\n            {\n              \"or\": [\n                {\n                  \"and\": [\n                    {\n                      \"and\": [\n                        {\n                          \"mc\": \"<=100\"\n                        },\n                        {\n                          \"or\": [\n                            \"# ex(j j+\",\n                            {\n                              \"mc\": \">=131\"\n                            },\n                            \"F96>x'ln\"\n                          ]\n                        }\n                      ]\n                    },\n                    \"F/(]Fe\"\n                  ]\n                },\n                {\n                  \"and\": [\n                    {\n                      \"mc\": \"<=55\"\n                    },\n                    \"Q\",\n                    {\n                      \"and\": [\n                        {\n                          \"mc\": \"<=68\"\n                        },\n                        \"$V(g|G\",\n                        \"(g_R T\",\n                        \"pet9  rf\",\n                        \"upZ31+o\"\n                      ]\n                    },\n                    {\n                      \"mc\": \"<=196\"\n                    }\n                  ]\n                },\n                \"xsyT/,g{v\",\n                \"F5t8JJy$4\"\n              ]\n            }\n          ],\n          \"url\": \"http://q-9js66fh54nb3ihke3gijsxpi9cu4raw20so.ql87tt45m.ypquuyqws7yuxu97n48kj6cevdjv-9xu8wtkhgd-r3us7.buapgxuo/Mb0L@q%F1%98%B7%96+\",\n          \"info\": \"g\",\n          \"isSelectable\": true,\n          \"Yay!\": {\n            \"name\": \"\",\n            \"ay\": 2004,\n            \"assign\": [\n              \"h<6drYH&R\"\n            ],\n            \"match\": [\n              \"OCF2X\",\n              {\n                \"and\": [\n                  {\n                    \"pattern\": \"ZIVx\",\n                    \"info\": \"\"\n                  },\n                  {\n                    \"and\": [\n                      \"KTX*H\",\n                      \"JO0589\",\n                      {\n                        \"pattern\": \"XR4\",\n                        \"exclude\": [\n                          \"AOC9*xx\",\n                          \"IK0824G\",\n                          \"ZEZ7*23\",\n                          \"HN6x8X\"\n                        ],\n                        \"info\": \"0a{\"\n                      },\n                      {\n                        \"or\": [\n                          \"EEJ2E\",\n                          {\n                            \"or\": [\n                              \"LS897\",\n                              \"PJ38J\",\n                              \"CI0320\",\n                              \"OI19E\"\n                            ]\n                          }\n                        ]\n                      }\n                    ]\n                  },\n                  {\n                    \"and\": [\n                      {\n                        \"and\": [\n                          \"KJ79E\",\n                          \"WVx9J\",\n                          {\n                            \"pattern\": \"VO5114\",\n                            \"exclude\": [\n                              \"LKT6088\"\n                            ],\n                            \"info\": \"{iP5 ]O\"\n                          },\n                          {\n                            \"or\": []\n                          }\n                        ]\n                      },\n                      {\n                        \"pattern\": \"BX00\",\n                        \"exclude\": [\n                          \"CQY7X\",\n                          \"TGU43K\"\n                        ]\n                      },\n                      {\n                        \"and\": [\n                          {\n                            \"or\": [\n                              \"EH39*\",\n                              \"FRx4\",\n                              \"YA2\",\n                              \"KC861\",\n                              {\n                                \"or\": []\n                              }\n                            ]\n                          },\n                          \"NV8\",\n                          \"ACN88x*\"\n                        ]\n                      },\n                      {\n                        \"and\": [\n                          {\n                            \"and\": [\n                              \"GUQx\"\n                            ]\n                          },\n                          \"IML76*x\",\n                          {\n                            \"pattern\": \"JU2897W\",\n                            \"exclude\": [],\n                            \"info\": \"5rkHf{T<.b\"\n                          }\n                        ]\n                      },\n                      \"XF6\"\n                    ]\n                  },\n                  {\n                    \"pattern\": \"MU*1\",\n                    \"exclude\": \"JO5R\",\n                    \"info\": \"|4~j$ 4((\"\n                  },\n                  {\n                    \"or\": [\n                      {\n                        \"or\": []\n                      },\n                      {\n                        \"and\": [\n                          \"VSB687N\"\n                        ]\n                      }\n                    ]\n                  }\n                ]\n              },\n              {\n                \"or\": []\n              },\n              {\n                \"pattern\": \"YO20\",\n                \"exclude\": \"DZH15xxQ\",\n                \"info\": \"28sX\\\"Tf=\"\n              },\n              {\n                \"or\": [\n                  {\n                    \"and\": []\n                  },\n                  {\n                    \"pattern\": \"LHV6\",\n                    \"exclude\": \"RXx*\",\n                    \"info\": \"9y{sOZ\"\n                  },\n                  {\n                    \"or\": [\n                      \"DB04*4P\",\n                      {\n                        \"and\": []\n                      },\n                      {\n                        \"and\": []\n                      },\n                      {\n                        \"pattern\": \"UR7T\",\n                        \"exclude\": \"MXP*\",\n                        \"info\": \"z~V]JWR\"\n                      }\n                    ]\n                  },\n                  {\n                    \"pattern\": \"ZPG796\",\n                    \"exclude\": [\n                      \"EL**\",\n                      \"FN9P\",\n                      \"XKS5S\"\n                    ],\n                    \"info\": \"|\"\n                  },\n                  {\n                    \"pattern\": \"AD0x\",\n                    \"info\": \"u~lZ\"\n                  }\n                ]\n              }\n            ],\n            \"satisfy\": {\n              \"mc\": \"<=197\"\n            },\n            \"url\": \"http://a1wstpqefbizbldnq30u3waqnkawg46rt8r0xmp29p8oq-3roa43j1.zl7atf1dkg4nmapy7wgvjzc5k1oxfmozbsoq9yz9w5xqrj7.dwg-bs4p6bev-vy0h8lx4v612nxi0z3owild.rxchlek/Q%F1%AB%A4%93gN%F0%AB%8F%9D%F3%89%B2%B8PrX'//s%F3%B0%8E%A9Bdoz.n)2/iS\",\n            \"info\": \"5N4cN[h(#\",\n            \"isSelectable\": true,\n            \"sg\\\"*\": {\n           
[...]
              "speed": "fast",
              "pass": true,
              "fail": false,
              "pending": false,
              "context": null,
              "code": "const satisfier = satisfiers_1.inequalitySatisfier(ref, \"<=32\");\nsatisfier.should.have.property(\"filter\");\nconst { filter } = satisfier;\nisCorrectFilter(filter, modulesList1, modulesList1.map(([moduleStr]) => moduleStr));",
              "err": {},
              "uuid": "feea43e1-35bb-48b8-bdb1-dffa2302705a",
              "parentUUID": "20276af9-5c8f-48c2-b3d9-452c71af2eef",
              "isHook": false,
              "skipped": false
            },
            {
              "title": "should truncate list of modules with upper bound of MCs at exact cutoff if total MC count is higher and there exists some starting sequence with exact MC count",
              "fullTitle": "inequalitySatisfier should truncate list of modules with upper bound of MCs at exact cutoff if total MC count is higher and there exists some starting sequence with exact MC count",
              "timedOut": false,
              "duration": 1,
              "state": "passed",
              "speed": "fast",
              "pass": true,
              "fail": false,
              "pending": false,
              "context": null,
              "code": "const satisfier = satisfiers_1.inequalitySatisfier(ref, \"<=16\");\nsatisfier.should.have.property(\"filter\");\nconst { filter } = satisfier;\nisCorrectFilter(filter, modulesList1, [\n    \"CS2100\",\n    \"GER1000\",\n    \"CS2040S\",\n    \"ST2131\",\n]);",
              "err": {},
              "uuid": "5206c7a9-28bd-4268-b47a-a26bd57d4c05",
              "parentUUID": "20276af9-5c8f-48c2-b3d9-452c71af2eef",
              "isHook": false,
              "skipped": false
            },
            {
              "title": "should truncate list of modules with upper bound of MCs, cutting off at the minimum starting sequence that exceeds upper bound, if total MC count is higher and there exists no starting sequence with exact MC count",
              "fullTitle": "inequalitySatisfier should truncate list of modules with upper bound of MCs, cutting off at the minimum starting sequence that exceeds upper bound, if total MC count is higher and there exists no starting sequence with exact MC count",
              "timedOut": false,
              "duration": 0,
              "state": "passed",
              "speed": "fast",
              "pass": true,
              "fail": false,
              "pending": false,
              "context": null,
              "code": "const satisfier = satisfiers_1.inequalitySatisfier(ref, \"<=17\");\nsatisfier.should.have.property(\"filter\");\nconst { filter } = satisfier;\nisCorrectFilter(filter, modulesList1, [\n    \"CS2100\",\n    \"GER1000\",\n    \"CS2040S\",\n    \"ST2131\",\n    \"MA1521\",\n]);",
              "err": {},
              "uuid": "f7e1e765-d080-4c66-8b7a-26ba8a96cea4",
              "parentUUID": "20276af9-5c8f-48c2-b3d9-452c71af2eef",
              "isHook": false,
              "skipped": false
            }
          ],
          "suites": [],
          "passes": [
            "894f7c5a-b925-436f-a105-729a1843c09a",
            "7c5492a8-e92f-412d-8091-53f9f73b7a9a",
            "d29e7d17-cdf1-4fd3-b1fe-d13e2ad3c660",
            "5f15d591-2e10-4a99-88fd-feb1beac0cfe",
            "feea43e1-35bb-48b8-bdb1-dffa2302705a",
            "5206c7a9-28bd-4268-b47a-a26bd57d4c05",
            "f7e1e765-d080-4c66-8b7a-26ba8a96cea4"
          ],
          "failures": [],
          "pending": [],
          "skipped": [],
          "duration": 2,
          "root": false,
          "rootEmpty": false,
          "_timeout": 2000
        },
        {
          "uuid": "973a3bbf-9f4e-4f2b-84e4-b8b57b185f98",
          "title": "inequalitySchema",
          "fullFile": "/home/runner/work/planwithus-lib/planwithus-lib/src/satisfyRule/inequality/schemas.test.ts",
          "file": "/src/satisfyRule/inequality/schemas.test.ts",
          "beforeHooks": [],
          "afterHooks": [],
          "tests": [
            {
              "title": "should validate inequality in the form <=n or >=n",
              "fullTitle": "inequalitySchema should validate inequality in the form <=n or >=n",
              "timedOut": false,
              "duration": 2,
              "state": "passed",
              "speed": "fast",
              "pass": true,
              "fail": false,
              "pending": false,
              "context": "[\n  {\n    \"title\": \"inequality sample 0\",\n    \"value\": \">=133\"\n  },\n  {\n    \"title\": \"inequality sample 1\",\n    \"value\": \">=174\"\n  },\n  {\n    \"title\": \"inequality sample 2\",\n    \"value\": \">=1\"\n  },\n  {\n    \"title\": \"inequality sample 3\",\n    \"value\": \"<=2\"\n  },\n  {\n    \"title\": \"inequality sample 4\",\n    \"value\": \"<=84\"\n  },\n  {\n    \"title\": \"inequality sample 5\",\n    \"value\": \">=159\"\n  },\n  {\n    \"title\": \"inequality sample 6\",\n    \"value\": \">=76\"\n  },\n  {\n    \"title\": \"inequality sample 7\",\n    \"value\": \"<=115\"\n  },\n  {\n    \"title\": \"inequality sample 8\",\n    \"value\": \"<=5\"\n  },\n  {\n    \"title\": \"inequality sample 9\",\n    \"value\": \"<=1\"\n  }\n]",
              "code": "fast_check_1.sample(index_test_2.inequality, 10).forEach((sample, i) => addContext_1.default(this, {\n    title: `inequality sample ${i}`,\n    value: sample,\n}));\nreturn fast_check_1.assert(fast_check_1.property(index_test_2.inequality, ajvValidate));",
              "err": {},
              "uuid": "d6a0fb82-3c05-4154-ae23-b9cd1eedd69f",
              "parentUUID": "973a3bbf-9f4e-4f2b-84e4-b8b57b185f98",
              "isHook": false,
              "skipped": false
            },
            {
              "title": "should not validate inequality of invalid form",
              "fullTitle": "inequalitySchema should not validate inequality of invalid form",
              "timedOut": false,
              "duration": 2,
              "state": "passed",
              "speed": "fast",
              "pass": true,
              "fail": false,
              "pending": false,
              "context": null,
              "code": "[\n        \"\",\n        \"==23\",\n        \"23\",\n        \"<23\",\n        \">23\",\n        \"<=-1\",\n        \">=-1\",\n        \"<= 2\",\n        \">= 1\",\n        \"> 3\",\n        \"< 3\",\n        \"<=3a\",\n        \">=3a\",\n        \"a<=3\",\n        \"a>=3\",\n    ].forEach(isInvalidInequality)",
              "err": {},
              "uuid": "710e64c9-b836-4d19-820c-71b4c2ef61f3",
              "parentUUID": "973a3bbf-9f4e-4f2b-84e4-b8b57b185f98",
              "isHook": false,
              "skipped": false
            }
          ],
          "suites": [],
          "passes": [
            "d6a0fb82-3c05-4154-ae23-b9cd1eedd69f",
            "710e64c9-b836-4d19-820c-71b4c2ef61f3"
          ],
          "failures": [],
          "pending": [],
          "skipped": [],
          "duration": 4,
          "root": false,
          "rootEmpty": false,
          "_timeout": 2000
        },
        {
          "uuid": "b19e7438-8b5b-4165-a713-2d814bdeb358",
          "title": "satisfyRuleSchema",
          "fullFile": "/home/runner/work/planwithus-lib/planwithus-lib/src/satisfyRule/schemas.test.ts",
          "file": "/src/satisfyRule/schemas.test.ts",
          "beforeHooks": [],
          "afterHooks": [],
          "tests": [
            {
              "title": "should validate satisfy rule with valid block id",
              "fullTitle": "satisfyRuleSchema should validate satisfy rule with valid block id",
              "timedOut": false,
              "duration": 1,
              "state": "passed",
              "speed": "fast",
              "pass": true,
              "fail": false,
              "pending": false,
              "context": null,
              "code": "fast_check_1.assert(fast_check_1.property(fast_check_1.string(), ajvValidate)",
              "err": {},
              "uuid": "731d6a29-ad8a-40e0-9db6-0ee8c8949cc3",
              "parentUUID": "b19e7438-8b5b-4165-a713-2d814bdeb358",
              "isHook": false,
              "skipped": false
            },
            {
              "title": "should validate satisfy rules with valid mc",
              "fullTitle": "satisfyRuleSchema should validate satisfy rules with valid mc",
              "timedOut": false,
              "duration": 2,
              "state": "passed",
              "speed": "fast",
              "pass": true,
              "fail": false,
              "pending": false,
              "context": "[\n  {\n    \"title\": \"mcSatisfyRule sample 0\",\n    \"value\": {\n      \"mc\": \">=195\"\n    }\n  },\n  {\n    \"title\": \"mcSatisfyRule sample 1\",\n    \"value\": {\n      \"mc\": \">=198\"\n    }\n  },\n  {\n    \"title\": \"mcSatisfyRule sample 2\",\n    \"value\": {\n      \"mc\": \"<=5\"\n    }\n  },\n  {\n    \"title\": \"mcSatisfyRule sample 3\",\n    \"value\": {\n      \"mc\": \"<=98\"\n    }\n  },\n  {\n    \"title\": \"mcSatisfyRule sample 4\",\n    \"value\": {\n      \"mc\": \">=200\"\n    }\n  },\n  {\n    \"title\": \"mcSatisfyRule sample 5\",\n    \"value\": {\n      \"mc\": \"<=49\"\n    }\n  },\n  {\n    \"title\": \"mcSatisfyRule sample 6\",\n    \"value\": {\n      \"mc\": \"<=1\"\n    }\n  },\n  {\n    \"title\": \"mcSatisfyRule sample 7\",\n    \"value\": {\n      \"mc\": \">=4\"\n    }\n  },\n  {\n    \"title\": \"mcSatisfyRule sample 8\",\n    \"value\": {\n      \"mc\": \">=1\"\n    }\n  },\n  {\n    \"title\": \"mcSatisfyRule sample 9\",\n    \"value\": {\n      \"mc\": \"<=76\"\n    }\n  }\n]",
              "code": "fast_check_1.sample(index_test_2.mcSatisfyRule, 10).forEach((sample, i) => addContext_1.default(this, {\n    title: `mcSatisfyRule sample ${i}`,\n    value: sample,\n}));\nreturn fast_check_1.assert(fast_check_1.property(index_test_2.mcSatisfyRule, ajvValidate));",
              "err": {},
              "uuid": "dc3d2807-8136-479c-8e6b-bcacba71033c",
              "parentUUID": "b19e7438-8b5b-4165-a713-2d814bdeb358",
              "isHook": false,
              "skipped": false
            },
            {
              "title": "should validate valid recursive satisfy rules",
              "fullTitle": "satisfyRuleSchema should validate valid recursive satisfy rules",
              "timedOut": false,
              "duration": 6,
              "state": "passed",
              "speed": "fast",
              "pass": true,
              "fail": false,
              "pending": false,
              "context": "[\n  {\n    \"title\": \"satisfyRule sample 0\",\n    \"value\": {\n      \"or\": [\n        {\n          \"mc\": \">=160\"\n        },\n        {\n          \"and\": [\n            {\n              \"or\": [\n                \"/f\",\n                \">L\",\n                \"B[CDJ\",\n                \"A;UU|y/&m\"\n              ]\n            },\n            \"\",\n            \"\",\n            {\n              \"mc\": \">=194\"\n            }\n          ]\n        },\n        {\n          \"mc\": \">=92\"\n        }\n      ]\n    }\n  },\n  {\n    \"title\": \"satisfyRule sample 1\",\n    \"value\": \"@:\"\n  },\n  {\n    \"title\": \"satisfyRule sample 2\",\n    \"value\": {\n      \"mc\": \"<=92\"\n    }\n  },\n  {\n    \"title\": \"satisfyRule sample 3\",\n    \"value\": {\n      \"or\": [\n        {\n          \"and\": [\n            \"\",\n            {\n              \"or\": [\n                \"YakP(j<*\",\n                \"bU\"\n              ]\n            }\n          ]\n        },\n        \"Ez]\\\\V&\",\n        \"BCB?8?\"\n      ]\n    }\n  },\n  {\n    \"title\": \"satisfyRule sample 4\",\n    \"value\": {\n      \"and\": [\n        {\n          \"and\": []\n        }\n      ]\n    }\n  },\n  {\n    \"title\": \"satisfyRule sample 5\",\n    \"value\": \"$#Rqs!{PG\"\n  },\n  {\n    \"title\": \"satisfyRule sample 6\",\n    \"value\": {\n      \"and\": [\n        {\n          \"or\": [\n            {\n              \"and\": [\n                \"G{lw\",\n                {\n                  \"mc\": \">=130\"\n                },\n                \"8zpfT\",\n                {\n                  \"or\": [\n                    \"Gf:\",\n                    {\n                      \"mc\": \">=125\"\n                    },\n                    \"<TU~a~\\\"\"\n                  ]\n                },\n                \"G:inn7Mj]q\"\n              ]\n            },\n            \"&\\\"!zrq!\",\n            {\n              \"and\": []\n            },\n            {\n              \"or\": [\n                \"C4\",\n                {\n                  \"mc\": \"<=42\"\n                }\n              ]\n            }\n          ]\n        }\n      ]\n    }\n  },\n  {\n    \"title\": \"satisfyRule sample 7\",\n    \"value\": \"\"\n  },\n  {\n    \"title\": \"satisfyRule sample 8\",\n    \"value\": \"Ka\"\n  },\n  {\n    \"title\": \"satisfyRule sample 9\",\n    \"value\": {\n      \"mc\": \"<=32\"\n    }\n  }\n]",
              "code": "fast_check_1.sample(index_test_2.satisfyRule, 10).forEach((sample, i) => addContext_1.default(this, {\n    title: `satisfyRule sample ${i}`,\n    value: sample,\n}));\nreturn fast_check_1.assert(fast_check_1.property(index_test_2.satisfyRule, ajvValidate));",
              "err": {},
              "uuid": "6c55ac70-73f6-401c-959f-bc7a978fcac6",
              "parentUUID": "b19e7438-8b5b-4165-a713-2d814bdeb358",
              "isHook": false,
              "skipped": false
            },
            {
              "title": "should not validate non-string/object",
              "fullTitle": "satisfyRuleSchema should not validate non-string/object",
              "timedOut": false,
              "duration": 4,
              "state": "passed",
              "speed": "fast",
              "pass": true,
              "fail": false,
              "pending": false,
              "context": null,
              "code": "const error = {\n    instancePath: \"\",\n    message: \"satisfy rule should be either a string or an object\",\n};\nisInvalidRule(null, error);\nisInvalidRule(undefined, error);\nisInvalidRule(10, error);\nisInvalidRule([12, 24], error);",
              "err": {},
              "uuid": "58f61436-abee-40ce-9f7b-73a2f9522b4d",
              "parentUUID": "b19e7438-8b5b-4165-a713-2d814bdeb358",
              "isHook": false,
              "skipped": false
            },
            {
              "title": "should not validate satisfy rules with extra properties",
              "fullTitle": "satisfyRuleSchema should not validate satisfy rules with extra properties",
              "timedOut": false,
              "duration": 0,
              "state": "passed",
              "speed": "fast",
              "pass": true,
              "fail": false,
              "pending": false,
              "context": null,
              "code": "isInvalidRule({\n        and: [\n            { or: [\"2k\"], abc: \"def\" },\n            { mc: 8, ghi: \"jkl\" },\n        ],\n        mno: \"pqr\",\n    }, {\n        instancePath: \"/and/0\",\n        message: \"or satisfy rule should have property 'or' only\",\n    }, {\n        instancePath: \"/and/1\",\n        message: \"MC satisfy rule should have property 'mc' only\",\n    }, {\n        instancePath: \"\",\n        message: \"and satisfy rule should have property 'and' only\",\n    })",
              "err": {},
              "uuid": "6a14f633-7d33-4c02-a8d5-41b013425a81",
              "parentUUID": "b19e7438-8b5b-4165-a713-2d814bdeb358",
              "isHook": false,
              "skipped": false
            },
            {
              "title": "should not validate ambiguous satisfy rules",
              "fullTitle": "satisfyRuleSchema should not validate ambiguous satisfy rules",
              "timedOut": false,
              "duration": 0,
              "state": "passed",
              "speed": "fast",
              "pass": true,
              "fail": false,
              "pending": false,
              "context": null,
              "code": "const message = \"satisfy rule should have only one of properties 'mc', 'and', 'or'\";\nisInvalidRule({\n    or: [\n        { mc: 5, and: [\"CS2040\"] },\n        { and: [{ and: [\"abc\"], or: [\"def\"] }] },\n    ],\n}, { instancePath: \"/or/0\", message }, { instancePath: \"/or/1/and/0\", message });",
              "err": {},
              "uuid": "37e9bdd8-6cee-4ee5-a9e2-c9cb62712d56",
              "parentUUID": "b19e7438-8b5b-4165-a713-2d814bdeb358",
              "isHook": false,
              "skipped": false
            },
            {
              "title": "should not validate and satisfy rules with non-array property",
              "fullTitle": "satisfyRuleSchema should not validate and satisfy rules with non-array property",
              "timedOut": false,
              "duration": 1,
              "state": "passed",
              "speed": "fast",
              "pass": true,
              "fail": false,
              "pending": false,
              "context": null,
              "code": "const message = \"property 'and' should be an array of satisfy rules\";\nisInvalidRule({ or: [{ and: {} }, { or: [{ and: 3 }] }] }, { instancePath: \"/or/0/and\", message }, { instancePath: \"/or/1/or/0/and\", message });",
              "err": {},
              "uuid": "be98c48a-5980-4236-aa09-a80f4131bd65",
              "parentUUID": "b19e7438-8b5b-4165-a713-2d814bdeb358",
              "isHook": false,
              "skipped": false
            },
            {
              "title": "should not validate or satisfy rules with non-array property",
              "fullTitle": "satisfyRuleSchema should not validate or satisfy rules with non-array property",
              "timedOut": false,
              "duration": 0,
              "state": "passed",
              "speed": "fast",
              "pass": true,
              "fail": false,
              "pending": false,
              "context": null,
              "code": "const message = \"property 'or' should be an array of satisfy rules\";\nisInvalidRule({ and: [{ or: {} }, { and: [{ or: 3 }] }] }, { instancePath: \"/and/0/or\", message }, { instancePath: \"/and/1/and/0/or\", message });",
              "err": {},
              "uuid": "20c15f39-8b69-4006-bbf5-ca91301de2c2",
              "parentUUID": "b19e7438-8b5b-4165-a713-2d814bdeb358",
              "isHook": false,
              "skipped": false
            }
          ],
          "suites": [],
          "passes": [
            "731d6a29-ad8a-40e0-9db6-0ee8c8949cc3",
            "dc3d2807-8136-479c-8e6b-bcacba71033c",
            "6c55ac70-73f6-401c-959f-bc7a978fcac6",
            "58f61436-abee-40ce-9f7b-73a2f9522b4d",
            "6a14f633-7d33-4c02-a8d5-41b013425a81",
            "37e9bdd8-6cee-4ee5-a9e2-c9cb62712d56",
            "be98c48a-5980-4236-aa09-a80f4131bd65",
            "20c15f39-8b69-4006-bbf5-ca91301de2c2"
          ],
          "failures": [],
          "pending": [],
          "skipped": [],
          "duration": 14,
          "root": false,
          "rootEmpty": false,
          "_timeout": 2000
        }
      ],
      "passes": [],
      "failures": [],
      "pending": [],
      "skipped": [],
      "duration": 0,
      "root": true,
      "rootEmpty": true,
      "_timeout": 2000
    }
  ],
  "meta": {
    "mocha": {
      "version": "9.0.2"
    },
    "mochawesome": {
      "options": {
        "quiet": false,
        "reportFilename": "mochawesome",
        "saveHtml": true,
        "saveJson": true,
        "consoleReporter": "spec",
        "useInlineDiffs": false,
        "code": true
      },
      "version": "6.2.2"
    },
    "marge": {
      "options": {
        "reportDir": "docs"
      },
      "version": "5.2.0"
    }
  }
}