{
  "stats": {
    "suites": 10,
    "tests": 48,
    "passes": 48,
    "pending": 0,
    "failures": 0,
    "start": "2021-10-03T05:35:49.511Z",
    "end": "2021-10-03T05:35:49.864Z",
    "duration": 353,
    "testsRegistered": 48,
    "passPercent": 100,
    "pendingPercent": 0,
    "other": 0,
    "hasOther": false,
    "skipped": 0,
    "hasSkipped": false
  },
  "results": [
    {
      "uuid": "2589fd94-7de0-4375-98fd-e58c0b64d8c4",
      "title": "",
      "fullFile": "",
      "file": "",
      "beforeHooks": [],
      "afterHooks": [],
      "tests": [],
      "suites": [
        {
          "uuid": "bb9b08b5-8976-49cc-88d6-32184fbb54a7",
          "title": "initDirectories",
          "fullFile": "/home/runner/work/planwithus-lib/planwithus-lib/src/block/schemas.test.ts",
          "file": "/src/block/schemas.test.ts",
          "beforeHooks": [],
          "afterHooks": [],
          "tests": [
            {
              "title": "should parse all blocks with no errors",
              "fullTitle": "initDirectories should parse all blocks with no errors",
              "timedOut": false,
              "duration": 3,
              "state": "passed",
              "speed": "fast",
              "pass": true,
              "fail": false,
              "pending": false,
              "context": null,
              "code": "_1.initDirectories.should.not.throw()",
              "err": {},
              "uuid": "c6dc53f3-540b-4ab9-9093-94fcfdaa4257",
              "parentUUID": "bb9b08b5-8976-49cc-88d6-32184fbb54a7",
              "isHook": false,
              "skipped": false
            },
            {
              "title": "should produce primary, second & minor directories",
              "fullTitle": "initDirectories should produce primary, second & minor directories",
              "timedOut": false,
              "duration": 2,
              "state": "passed",
              "speed": "fast",
              "pass": true,
              "fail": false,
              "pending": false,
              "context": null,
              "code": "const directories = (0, _1.initDirectories)();\ndirectories.should.have.property(\"primary\");\ndirectories.should.have.property(\"second\");\ndirectories.should.have.property(\"minor\");",
              "err": {},
              "uuid": "4c3a749c-24b3-4220-9a5f-4b3df30f3385",
              "parentUUID": "bb9b08b5-8976-49cc-88d6-32184fbb54a7",
              "isHook": false,
              "skipped": false
            }
          ],
          "suites": [],
          "passes": [
            "c6dc53f3-540b-4ab9-9093-94fcfdaa4257",
            "4c3a749c-24b3-4220-9a5f-4b3df30f3385"
          ],
          "failures": [],
          "pending": [],
          "skipped": [],
          "duration": 5,
          "root": false,
          "rootEmpty": false,
          "_timeout": 2000
        },
        {
          "uuid": "7fb4d183-52c8-4f11-b3fd-016c0c3d9576",
          "title": "blockSchema",
          "fullFile": "/home/runner/work/planwithus-lib/planwithus-lib/src/block/schemas.test.ts",
          "file": "/src/block/schemas.test.ts",
          "beforeHooks": [],
          "afterHooks": [],
          "tests": [
            {
              "title": "should validate valid block",
              "fullTitle": "blockSchema should validate valid block",
              "timedOut": false,
              "duration": 181,
              "state": "passed",
              "speed": "slow",
              "pass": true,
              "fail": false,
              "pending": false,
              "context": "[\n  {\n    \"title\": \"block sample 0\",\n    \"value\": {\n      \"assign\": \"34,!p;z\",\n      \"satisfy\": {\n        \"or\": [\n          {\n            \"and\": [\n              \"h\",\n              \"v>+ed[Gr\",\n              {\n                \"or\": [\n                  \"$}|-RHQU8x\",\n                  \" 5RFJI\",\n                  \"Y;e75hf.~(\",\n                  \"i|\"\n                ]\n              },\n              \"t&R;hu2] 2\"\n            ]\n          }\n        ]\n      },\n      \"url\": \"http://b8frl60il6j541inyto.oe.8pfbmfzzmib6v6hnxig3w18pa.uouezubus/j~/y8a/p3Qh7wvs/gf0$cr*bg/4\",\n      \"info\": \"+7md~`us]n\",\n      \"isSelectable\": true,\n      \"O`eO:nnRO\": {\n        \"name\": \"\",\n        \"ay\": 1956,\n        \"assign\": \"p\",\n        \"match\": [\n          {\n            \"or\": []\n          },\n          \"FMF68H\",\n          \"DU*x6Q\",\n          {\n            \"pattern\": \"GCN*0\",\n            \"exclude\": [\n              \"YHR8Y\",\n              \"UB19\",\n              \"VJR817P\",\n              \"PBL29\"\n            ],\n            \"info\": \"O\\\\36EK~aj\"\n          }\n        ],\n        \"satisfy\": {\n          \"mc\": \"<=151\"\n        },\n        \"url\": \"http://o.rcgbmdq7j52-adm9fapd698a-7cjcmea2b-w8.xv65sr924t914nah9tr5fz5xh.b7ajnb.231cia0xc8s6.zbhb/VnFn:&;/Qt/B~pb.W/h%F2%9C%91%9Dm/%F4%8A%9A%9A@/m/yBi8//tB\",\n        \"37FoN\": {\n          \"name\": \"$|\",\n          \"assign\": [\n            \"B<j\",\n            \"\",\n            \"2WS:s3H;Hr\"\n          ],\n          \"match\": {\n            \"or\": [\n              \"LYX973Y\"\n            ]\n          },\n          \"satisfy\": [\n            \"d&\"\n          ],\n          \"url\": \"http://89tbczdmawe3pgdt7bxqjbbindngass.b4h.verhzthw//~aLb~m5P/;_/%2F=+l=/i*s/dx/EXoU2'pWV@\",\n          \"info\": \"$r<:jas\",\n          \"isSelectable\": true\n        },\n        \"\": {\n          \"name\": \">(\",\n          \"ay\": 1957,\n          \"match\": {\n            \"or\": [\n              {\n                \"and\": [\n                  {\n                    \"or\": [\n                      {\n                        \"and\": []\n                      }\n                    ]\n                  }\n                ]\n              },\n              \"YBG874\"\n            ]\n          },\n          \"url\": \"https://i.c.yed9a3187w8h-6y19-f25q9zh32.vb5cx88.ava.fnupdmify\",\n          \"isSelectable\": true\n        },\n        \"]E2WBo\": {\n          \"name\": \";#\",\n          \"ay\": 2022,\n          \"assign\": \"u\\\\+Nb 9O\",\n          \"match\": [\n            \"DG025B\",\n            {\n              \"and\": []\n            },\n            {\n              \"and\": [\n                {\n                  \"or\": [\n                    \"HC282G\",\n                    {\n                      \"and\": [\n                        {\n                          \"pattern\": \"IW7*\",\n                          \"exclude\": [\n                            \"EKPx060\",\n                            \"BV*x5\",\n                            \"DE*8Q\",\n                            \"YBx7x8\",\n                            \"URM34\"\n                          ]\n                        },\n                        \"AIB6M\",\n                        \"AV07Y\",\n                        \"FSB0\",\n                        \"JCB76\"\n                      ]\n                    }\n                  ]\n                }\n              ]\n            },\n            {\n              \"pattern\": \"LMA5\",\n              \"exclude\": \"QP25\",\n              \"info\": \"\"\n            },\n            {\n              \"or\": [\n                {\n                  \"or\": [\n                    \"KHO3x17M\",\n                    \"VYI**3\",\n                    \"EG2407S\",\n                    {\n                      \"or\": [\n                        \"RO53\",\n                        {\n                          \"or\": [\n                            {\n                              \"pattern\": \"DD*88*\"\n                            }\n                          ]\n                        }\n                      ]\n                    }\n                  ]\n                },\n                {\n                  \"and\": [\n                    {\n                      \"pattern\": \"SVC82\",\n                      \"exclude\": [],\n                      \"info\": \"\\\\C\"\n                    }\n                  ]\n                }\n              ]\n            }\n          ],\n          \"url\": \"http://joveo9zr-r9t2w68zn.u.vii/\",\n          \"info\": \"+IZ)gpT|i\"\n        }\n      }\n    }\n  },\n  {\n    \"title\": \"block sample 1\",\n    \"value\": {\n      \"name\": \"O0=SAZsh6l\",\n      \"ay\": 2010,\n      \"assign\": [\n        \"OCJV\",\n        \"HfW0\",\n        \".EQcjRv\",\n        \"B?\"\n      ],\n      \"match\": {\n        \"and\": [\n          {\n            \"pattern\": \"QJQx\",\n            \"exclude\": \"MPZ4N\",\n            \"info\": \"\"\n          },\n          \"VX46U\",\n          \"AFA7779V\",\n          \"QK70I\",\n          \"JCG414T\"\n        ]\n      },\n      \"satisfy\": {\n        \"mc\": \"<=148\"\n      },\n      \"url\": \"https://3u1tpwc8bblvfm5mczg618x7rm-gbeo12031lz2ir8k83srbziv665cji2d5l.hxlf.or24j1voq8ddgo7s42u08q7j8gu358-km2j96mj25dtxpig.clrfevs7x8reqdzbcar2-w0l4s9lbnz.o4asf3.dc//sR/&*dkcfXF/d%F1%92%9D%8Emo*t~ddd\",\n      \"info\": \"Ib*\",\n      \"isSelectable\": true\n    }\n  },\n  {\n    \"title\": \"block sample 2\",\n    \"value\": {\n      \"name\": \"J}&s'x3\",\n      \"ay\": 2005,\n      \"assign\": \"87}M{Pbfc\",\n      \"match\": {\n        \"pattern\": \"KV5\",\n        \"exclude\": [\n          \"AHE24G\",\n          \"XXS*09\",\n          \"QX8W\",\n          \"UCR61O\",\n          \"PHH04x7\"\n        ],\n        \"info\": \"{~\"\n      },\n      \"satisfy\": [\n        \"$\\\">&-0%`\\\"/\",\n        \"zJ\\\\\\\"|&1]%\",\n        {\n          \"or\": [\n            {\n              \"or\": [\n                \"jLf%#jL6\",\n                {\n                  \"and\": [\n                    \"C\",\n                    {\n                      \"and\": [\n                        {\n                          \"and\": []\n                        }\n                      ]\n                    },\n                    \"\\\"K\",\n                    {\n                      \"and\": [\n                        {\n                          \"and\": [\n                            \"3\",\n                            \"]_ UB|F>\",\n                            \"hB&h\",\n                            \".u\",\n                            \"|y^S\"\n                          ]\n                        },\n                        \"x\",\n                        \"S\",\n                        \"t>WG(6eX\"\n                      ]\n                    },\n                    {\n                      \"mc\": \"<=4\"\n                    }\n                  ]\n                }\n              ]\n            }\n          ]\n        }\n      ],\n      \"url\": \"http://7u9gy2sxdm5qs4ykijg2v.n.r.jaypz/64i%F0%B4%B6%B9X/=,/W2Lm/0Tvaf-f'/a=a:aa;,/,a_d*,y/bu;TW@%F1%A0%97%9D,o.\",\n      \"info\": \"c0\",\n      \"isSelectable\": true,\n      \"Q1Yi3$\": {\n        \"name\": \"cP\",\n        \"ay\": 1953,\n        \"assign\": [],\n        \"match\": [\n          \"FN893\",\n          {\n            \"pattern\": \"ID3\",\n            \"exclude\": \"TRR4x3\"\n          },\n          {\n            \"and\": [\n              {\n                \"pattern\": \"FQE*N\",\n                \"exclude\": \"ES1X\",\n                \"info\": \"Cb&\"\n              },\n              {\n                \"and\": []\n              },\n              \"UE1N\"\n            ]\n          },\n          \"IZ95x\"\n        ],\n        \"satisfy\": [],\n        \"url\": \"http://fmthli1db6b2ctgbl12otbg2d1ihu1u4c1tlz17bg00gj6vy7fn-x8akd.7o1hrf6088g6.8.rdt5z1s.bhq/c-/!)7w*/sF\",\n        \"info\": \"|\"\n      },\n      \"_.X4e$DC8\": {\n        \"ay\": 1968,\n        \"assign\": \"yT\",\n        \"match\": {\n          \"or\": [\n            {\n              \"pattern\": \"UYM821C\",\n              \"exclude\": [\n                \"DNL*6N\"\n              ],\n              \"info\": \"3o[B\"\n            },\n            \"SPZ517A\"\n          ]\n        },\n        \"satisfy\": [\n          {\n            \"or\": [\n              {\n                \"and\": [\n                  {\n                    \"mc\": \"<=26\"\n                  },\n                  {\n                    \"and\": [\n                      {\n                        \"or\": [\n                          \"[5,07WtRS|\",\n                          {\n                            \"and\": [\n                              \"y>uqOYw>3\",\n                              \"@2W7?)#i\"\n                            ]\n                          },\n                          \"F=L\",\n                          \"d8d4\"\n                        ]\n                      }\n                    ]\n                  },\n                  \"Au{p0Aw;f{\",\n                  \"TqwS/+x\"\n                ]\n              },\n              {\n                \"and\": [\n                  \"F|$<u$]|\",\n                  \"S)';L=df\",\n                  {\n                    \"mc\": \"<=79\"\n                  },\n                  {\n                    \"or\": []\n                  },\n                  {\n                    \"or\": []\n                  }\n                ]\n              },\n              {\n                \"or\": [\n                  {\n                    \"and\": [\n                      \"\"\n                    ]\n                  }\n                ]\n              },\n              {\n                \"and\": [\n                  \"dEzyE\",\n                  {\n                    \"or\": [\n                      \"u>1\\\"4Swkc\",\n                      \"F\",\n                      \"\",\n                      {\n                        \"mc\": \">=42\"\n                      }\n                    ]\n                  },\n                  {\n                    \"mc\": \">=104\"\n                  },\n                  \"'\\\"a\",\n                  {\n                    \"mc\": \">=20\"\n                  }\n                ]\n              },\n              \"bSto0(\"\n            ]\n          },\n          {\n            \"mc\": \"<=3\"\n          },\n          {\n            \"or\": [\n              {\n                \"mc\": \"<=165\"\n              },\n              {\n                \"or\": [\n                  {\n                    \"and\": [\n                      \">|\",\n                      \"G&\",\n                      \"M({5\",\n                      {\n                        \"and\": []\n                      }\n                    ]\n                  }\n                ]\n              },\n              \"zsO\",\n              {\n                \"and\": [\n                  \"+3/Sr)? \",\n                  {\n                    \"and\": [\n                      \"\",\n                      {\n                        \"mc\": \">=127\"\n                      },\n                      \"mtUWkY654\"\n                    ]\n                  },\n                  {\n                    \"mc\": \"<=178\"\n                  },\n                  {\n                    \"mc\": \">=173\"\n                  },\n                  {\n                    \"or\": []\n                  }\n                ]\n              }\n            ]\n          },\n          {\n            \"mc\": \"<=4\"\n          }\n        ],\n        \"info\": \"Oo\",\n        \"isSelectable\": true,\n        \"{\\\" ,$%@\": {\n          \"name\": \"VH\",\n          \"ay\": 2028,\n          \"assign\": \"$p%p\\\"y]~S_\",\n          \"match\": [\n            {\n              \"or\": [\n                {\n                  \"and\": []\n                }\n              ]\n            }\n          ],\n          \"satisfy\": {\n            \"or\": [\n              \"ulP\",\n              {\n                \"or\": [\n                  {\n                    \"or\": [\n                      \"S7F#q\",\n                      \"vB\",\n                      {\n                        \"or\": [\n                          {\n                            \"mc\": \">=20\"\n                          },\n                          \"\\\\QZO\\\\f\"\n                        ]\n                      }\n                    ]\n                  },\n                  {\n                    \"or\": [\n                      \"OD0:o\",\n                      \"Z6*6P+\",\n                      {\n                        \"or\": [\n                          \"qZc$>*~$\",\n                          \"(H\",\n                          \"D\\\\i~9$vaf\"\n                        ]\n                      }\n                    ]\n                  },\n                  \"eCTL)\",\n                  {\n                    \"mc\": \">=2\"\n                  },\n                  {\n                    \"and\": [\n                      \"W+*[9ey}\",\n                      {\n                        \"mc\": \"<=145\"\n                      }\n                    ]\n                  }\n                ]\n              }\n            ]\n          },\n          \"url\": \"http://9n9mqi5aab7laagg-1ly.3.748j07ximsjpr7q-oj03j4-osxb.eol/qhyYh/NZP;YI$/bSIoG$)%F1%A7%84%A8B/r/T_z7/B4/XNf%F2%94%B5%8Ey%F0%94%91%81U/IHr/X/WtO@LcbO7:\",\n          \"info\": \" \",\n          \"isSelectable\": true,\n          \"#*~oy,~!z\": {\n            \"ay\": 1952,\n            \"match\": {\n              \"and\": [\n                {\n                  \"pattern\": \"RDB16\",\n                  \"exclude\": [],\n                  \"info\": \";\"\n                },\n                {\n                  \"and\": [\n                    {\n                      \"or\": [\n                        \"PV24V\",\n                        \"EE8\"\n                      ]\n                    },\n                    \"YWA30M\"\n                  ]\n                },\n                {\n                  \"or\": [\n                    \"UW8316C\",\n                    {\n                      \"pattern\": \"WV63x1W\",\n                      \"info\": \"U;-4lyV\"\n                    },\n                    \"KBO8x\",\n                    \"CK9U\"\n                  ]\n                }\n              ]\n            },\n            \"satisfy\": [],\n            \"url\": \"https://k0yin1lf5gqehb2s619gzp6oj7pm7o0ak5j7z.yf-7-9wdi5nzbfbqlcnv0dih0.ztbe/=eJJ/,+@c/a%F0%BD%92%8E./deM/6/9c$P:/d1O6O0gP//f\",\n            \"info\": \"b\",\n            \"isSelectable\": true\n          },\n          \"I\": {\n            \"name\": \"%\",\n            \"ay\": 2026,\n            \"assign\": [\n              \"#\",\n              \"sXEj7~\",\n              \"C+3/}e7L~2\"\n            ],\n            \"match\": [],\n            \"satisfy\": {\n              \"and\": [\n                \"\",\n                \"G[VMI_5\",\n                \"MA,mNI9v\"\n              ]\n            },\n            \"url\": \"http://bu9y5zewdj0a6om71zw9evs5vrwdx99mvwdlc3ue3fs0subl-drebb.k.vcye\",\n            \"info\": \"Oe4 93_\",\n            \"isSelectable\": true\n          }\n        },\n        \"\": {\n          \"ay\": 2030,\n          \"assign\": [\n            \"$\",\n            \"% \"\n          ],\n          \"match\": \"ZN*2K\",\n          \"url\": \"https://bccl3kf8ci4jldmeqa71qb4grnfb8jo-cbcx7mq6.7y.ijkm/tys.Kf/yOjI/R(a/YPL6E%F2%A6%98%89'/_2O%F3%BC%A1%A6hK.v/AlXg4W:/(JWyy.17/\",\n          \"isSelectable\": true\n        },\n        \"2y\": {\n          \"ay\": 2013,\n          \"assign\": [\n            \"5h&a\",\n            \"{!Ld!:}\",\n            \"!{SxJ$Ddn\",\n            \"1x\"\n          ],\n          \"match\": {\n            \"pattern\": \"HIC*954X\",\n            \"exclude\": \"VDXx\",\n            \"info\": \"n:_\"\n          },\n          \"satisfy\": [\n            {\n              \"or\": [\n                {\n                  \"and\": [\n                    {\n                      \"and\": [\n                        \"/1;NS:Ef\",\n                        \"\",\n                        \"A \",\n                        {\n                          \"or\": [\n                            \"jau\",\n                            {\n                              \"and\": [\n                                \"\",\n                                \"0D;AsTC.\",\n                                \"T.ZsW\",\n                                \"Znh4][TWL,\"\n                              ]\n                            }\n                          ]\n                        }\n                      ]\n                    },\n                    {\n                      \"mc\": \"<=20\"\n                    },\n                    {\n                      \"or\": [\n                        {\n                          \"mc\": \"<=166\"\n                        },\n                        \"O8\"\n                      ]\n                    },\n                    \"\"\n                  ]\n                },\n                {\n                  \"or\": [\n                    \"F~\\\\ycx|%z\"\n                  ]\n                },\n                {\n                  \"or\": [\n                    \"\",\n                    {\n                      \"mc\": \"<=98\"\n                    },\n                    {\n                      \"mc\": \"<=12\"\n                    },\n                    \"PLu=?qd&e\",\n                    {\n                      \"and\": [\n                        {\n                          \"or\": [\n                            \"Gn/}(s[\",\n                            \"'X7\",\n                            \">/H\",\n                            \"J]?w+\"\n                          ]\n                        }\n                      ]\n                    }\n                  ]\n                },\n                {\n                  \"or\": [\n                    \"pL{vh4\",\n                    {\n                      \"and\": [\n                        {\n                          \"or\": [\n                            {\n                              \"mc\": \">=45\"\n                            }\n                          ]\n                        },\n                        \"IN~l94l\"\n                      ]\n                    },\n                    \"uc\",\n                    \"XTm\",\n                    \"*$l\"\n                  ]\n                },\n                {\n                  \"or\": []\n                }\n              ]\n            },\n            {\n              \"and\": [\n                {\n                  \"or\": [\n                    \"S}ack*\",\n                    \"Q3[Z S}Dt\"\n                  ]\n                }\n              ]\n            }\n          ],\n          \"url\": \"http://b.txvwn7fawjae9hggy1cyewk2m0k.xertktcohakob4iym7lfhkstdcgxjlkdq20fl.rqzsvzolvizlln203hk.1wdshwn0e-5fa54-4ghsqzqw661exiwaizxzf0gwscfyu0t.rvmklfv\",\n          \"info\": \"mC|W\",\n          \"isSelectable\": true\n        }\n      },\n      \"Q.j!1Ma\": {\n        \"name\": \"f)7\",\n        \"ay\": 1956,\n        \"assign\": [\n          \"?\"\n        ],\n        \"match\": [],\n        \"satisfy\": {\n          \"mc\": \"<=180\"\n        },\n        \"url\": \"http://m.612gqhpse3skb379v5vwn6.ofcdvb/%F4%89%AD%B2qd/nm'/%F3%AA%AD%B2k0R6o%F0%A8%BD%B5rp\",\n        \"info\": \"]2|Dw\",\n        \"isSelectable\": true,\n        \"do\": {\n          \"ay\": 2016,\n          \"assign\": [],\n          \"match\": {\n            \"pattern\": \"VBP7\",\n            \"exclude\": \"YS86\",\n            \"info\": \";>WK+D\"\n          },\n          \"satisfy\": {\n            \"mc\": \"<=32\"\n          },\n          \"url\": \"http://32d3.k8wyf6z3l2v6-cvg52q6y2o2ac3n34p3.z.alxdwigpiw/4\"\n        },\n        \"7)<'\": {\n          \"name\": \"\\\"~b8NqxulU\",\n          \"assign\": [\n            \"bcLwhcGJB\",\n            \"u2]R]mjq\",\n            \"8}4]\",\n            \"I\",\n            \"fIGyiM\"\n          ],\n          \"match\": {\n            \"or\": [\n              {\n                \"pattern\": \"GO859U\",\n                \"exclude\": \"EDM1676\",\n                \"info\": \"YHh7.NljL\"\n              },\n              \"IDx6W\",\n              {\n                \"or\": [\n                  \"PB802\",\n                  {\n                    \"and\": [\n                      \"WR64\",\n                      \"KZM670xA\",\n                      \"KIB*8Z\",\n                      \"SM11F\",\n                      {\n                        \"pattern\": \"HMU8*76\",\n                        \"exclude\": [\n                          \"LGG205C\",\n                          \"GQZ5\",\n                          \"GY048\"\n                        ],\n                        \"info\": \"\"\n                      }\n                    ]\n                  }\n                ]\n              },\n              \"NIM8\",\n              \"QV502K\"\n            ]\n          },\n          \"satisfy\": [],\n          \"url\": \"https://pxv1lxs.zjziz/=urikg1/!/xa&/%F2%8F%9A%91I!/xlwWU:U//odld/z4%F2%92%A8%B6/;4ASjoW)~/so*9Oo\",\n          \"info\": \"9BOoex+x\",\n          \"isSelectable\": true\n        },\n        \"%lH|[e9\": {\n          \"name\": \"X&/u4<,j`-\",\n          \"ay\": 2019,\n          \"assign\": [\n            \"#a\",\n            \"c,_>\",\n            \"\\\\<)Wjq\"\n          ],\n          \"match\": {\n            \"or\": [\n              {\n                \"and\": [\n                  \"JT7\"\n                ]\n              },\n              \"TDYx5x9\",\n              \"YC357E\"\n            ]\n          },\n          \"url\": \"http://osdu-ymiezzniapwze0yuvlp9u8cz-uravi.crjcvunqf.8.fdgxpf2k7wluado5so5a124wn86ts1si4u908lulhsra2m.hzbxlzvr/;k/%E7%82%8Ec&,k/b2$%ED%85%9B\",\n          \"info\": \"(Bcb((3[^#\",\n          \"$=\": {\n            \"name\": \"=BmB{\",\n            \"ay\": 2006,\n            \"match\": [\n              {\n                \"pattern\": \"SX39x0O\",\n                \"exclude\": [],\n                \"info\": \"em 3jM~V/\"\n              },\n              \"RKQ3xH\",\n              {\n                \"or\": [\n                  {\n                    \"and\": [\n                      {\n                        \"and\": [\n                          \"AZ5318E\",\n                          \"LW*6x8E\",\n                          {\n                            \"pattern\": \"KTx2\",\n                            \"info\": \"\"\n                          },\n                          \"UYJ6F\"\n                        ]\n                      },\n                      {\n                        \"pattern\": \"FMA*468S\",\n                        \"exclude\": [\n                          \"IL2156B\",\n                          \"ZEW84\"\n                        ],\n                        \"info\": \"0$=~3a\"\n                      },\n                      {\n                        \"or\": []\n                      },\n                      {\n                        \"pattern\": \"CWE7443B\"\n                      }\n                    ]\n                  },\n                  \"BC1938F\",\n                  {\n                    \"or\": [\n                      \"WSB2xF\"\n                    ]\n                  }\n                ]\n              },\n              {\n                \"pattern\": \"QK2x*2\",\n                \"exclude\": \"XZKx0\"\n              },\n              {\n                \"and\": []\n              }\n            ],\n            \"url\": \"http://o2ju8t3qjiy04u-h.t23wh05qg86jtm.lby22z82n330g10esaz-td-ju7td-0-i2ym2x5-681h4fpzl9qq3w0a66vb.88ffmtpfgijqqqu8uh8lrwn.qoti/qT(0+sye/%F0%98%96%BA2zKWEA4V/0$_dc.eul/nrv1/l-%F1%82%A9%86R/I%F3%B6%B2%95WoA/%F2%AE%B5%9FhLmrF/n_9\",\n            \"info\": \"aR)X*>\",\n            \"isSelectable\": true\n          }\n        },\n        \"!/qn_|~J {\": {\n          \"name\": \"(m*\",\n          \"assign\": [\n            \"78z1\",\n            \">9 5ck?2u5\"\n          ],\n          \"match\": {\n            \"and\": []\n          },\n          \"isSelectable\": true\n        }\n      },\n      \"{F!|S!(J+\": {\n        \"name\": \"*ti=o'\",\n        \"ay\": 1988,\n        \"assign\": \"bWX6_8g g\",\n        \"satisfy\": {\n          \"mc\": \"<=1\"\n        },\n        \"url\": \"http://850td0lgqptgj1ip-zlthp7ensqx3b1lheen43.xzxoutaw/,+NfxbWx;%F3%BB%87%B9/%F0%B0%A7%90*3X\",\n        \"isSelectable\": true\n      },\n      \"b.&^\": {\n        \"name\": \"<A&Je\",\n        \"ay\": 1980,\n        \"match\": [\n          {\n            \"and\": [\n              \"QJZ601\",\n              {\n                \"and\": []\n              },\n              \"WU5176\"\n            ]\n          }\n        ],\n        \"satisfy\": [\n          {\n            \"or\": [\n              \"FP\",\n              {\n                \"or\": []\n              },\n              \"9\\\"v%W$\",\n              {\n                \"or\": [\n                  \"q\",\n                  \"|\",\n                  \"a\"\n                ]\n              },\n              \"bC\"\n            ]\n          },\n          {\n            \"mc\": \"<=136\"\n          },\n          \"X\",\n          {\n            \"and\": [\n              {\n                \"or\": [\n                  {\n                    \"mc\": \">=97\"\n                  },\n                  {\n                    \"or\": [\n                      {\n                        \"mc\": \"<=24\"\n                      },\n                      \"4sn9\",\n                      \"D.9HeE\",\n                      {\n                        \"or\": [\n                          \"w:!p;Lp<\",\n                          \"a#1u)$\",\n                          \"N7gP%{\"\n                        ]\n                      }\n                    ]\n                  },\n                  {\n                    \"or\": [\n                      \"v 99p(`\",\n                      {\n                        \"and\": [\n                          \" \",\n                          \"?p6\\\"-$u5\",\n                          \".Z?m=\",\n                          \"0=O'Ss\"\n                        ]\n                      },\n                      \"SS$*s;qPHp\",\n                      \"C=!j&FL3y\",\n                      \">Vmu\"\n                    ]\n                  },\n                  {\n                    \"and\": [\n                      \"J\\\\\",\n                      {\n                        \"mc\": \">=140\"\n                      },\n                      {\n                        \"or\": [\n                          \"Kb\\\"y`S\"\n                        ]\n                      }\n                    ]\n                  }\n                ]\n              },\n              {\n                \"and\": [\n                  {\n                    \"or\": [\n                      \"AS2v_jn\",\n                      \"fC/\"\n                    ]\n                  },\n                  \"BKD`yweS[\",\n                  \"\"\n                ]\n              }\n            ]\n          },\n          {\n            \"mc\": \"<=65\"\n          }\n        ],\n        \"url\": \"http://v.v18puaaymt-lhzpawskq3stsg.vzyd/5oTcm%F2%A5%A5%A4%F2%AD%9D%82e/v//%F1%B8%BA%BBpe*Tf.h/@i%F0%B7%90%99C/YEW+JJjDFb\",\n        \"isSelectable\": true,\n        \"\": {\n          \"name\": \"\",\n          \"ay\": 1952,\n          \"match\": {\n            \"and\": []\n          },\n          \"url\": \"https://0d.odtz8di4d659ea3evj17ve3wp9f271wam8d-6ape6foeflj.f7-bbedpo27gj1d7twajkjzbv5ojv-89ut-djgh.fam\",\n          \"info\": \"z &\",\n          \"isSelectable\": true,\n          \"\": {\n            \"name\": \"Tda8|9\",\n            \"ay\": 2030,\n            \"match\": [\n              {\n                \"pattern\": \"ICK562\",\n                \"exclude\": [\n                  \"HJZ38N\",\n                  \"JXA8\",\n                  \"ZJ5\",\n                  \"ZMV68\"\n                ],\n                \"info\": \"d QM\"\n              },\n              {\n                \"and\": [\n                  {\n                    \"or\": [\n                      \"MJS3B\"\n                    ]\n                  },\n                  {\n                    \"and\": [\n                      \"UNO5*P\"\n                    ]\n                  },\n                  {\n                    \"or\": [\n                      \"LH2607\",\n                      \"LDM4640\"\n                    ]\n                  },\n                  \"PEC*233S\",\n                  {\n                    \"or\": []\n                  }\n                ]\n              },\n              {\n                \"pattern\": \"CB*Y\",\n                \"exclude\": \"DZ77\"\n              }\n            ],\n            \"satisfy\": [],\n            \"url\": \"https://lmyz6-7fb1srga5ehix2qi5zwti46kle2w.lbyr8-zngly51i.hun2ky-3cc1mcrt.7.d6459zs792sd4v154no19dg-84utq8znznumuoohdkbd9lbws0suy650.qbhsin/X%E3%86%BC.t%F1%98%B3%ABqci%F3%A7%BB%8AS/Ig5WyVe-//@llL0p/p;/6\",\n            \"isSelectable\": true\n          }\n        },\n        \"Rm{;~\": {\n          \"name\": \"geg\",\n          \"ay\": 1996,\n          \"assign\": [\n            \"DT\"\n          ],\n          \"match\": [\n            {\n              \"or\": [\n                {\n                  \"pattern\": \"EN8E\",\n                  \"exclude\": [\n                    \"LFHx*Z\"\n                  ]\n                },\n                \"IGD3238B\",\n                {\n                  \"pattern\": \"BRH768\",\n                  \"exclude\": [\n                    \"XFY*2V\",\n                    \"MOV305\",\n                    \"HTV653H\"\n                  ],\n                  \"info\": \"e<,PiP8Rk\"\n                },\n                {\n                  \"and\": [\n                    {\n                      \"pattern\": \"QQ4467L\",\n                      \"info\": \"7UhY&O%j}{\"\n                    },\n                    {\n                      \"or\": [\n                        {\n                          \"and\": [\n                            \"GI626V\",\n                            \"YIHx0\"\n                          ]\n                        }\n                      ]\n                    },\n                    {\n                      \"pattern\": \"PZ5*5\",\n                      \"exclude\": [\n                        \"ZZBx330S\",\n                        \"XOI8\",\n                        \"XL*76J\"\n                      ],\n                      \"info\": \"h\"\n                    },\n                    {\n                      \"or\": [\n                        \"CEH998\",\n                        \"EK30X\",\n                        \"TNQ67*\"\n                      ]\n                    },\n                    {\n                      \"or\": [\n                        \"ZJxK\"\n                      ]\n                    }\n                  ]\n                },\n                {\n                  \"pattern\": \"NWU087V\",\n                  \"info\": \"\"\n                }\n              ]\n            }\n          ],\n          \"satisfy\": {\n            \"and\": []\n          },\n          \"url\": \"https://o.svzknk/c/R1ll%F2%8E%AD%A2y\",\n          \"info\": \"lCv?t2nn\",\n          \"isSelectable\": true\n        }\n      }\n    }\n  },\n  {\n    \"title\": \"block sample 3\",\n    \"value\": {\n      \"name\": \"&2xO3%mC&\",\n      \"ay\": 2025,\n      \"assign\": \"}NT\",\n      \"match\": {\n        \"or\": []\n      },\n      \"satisfy\": [\n        \"A_<9z#T\",\n        {\n          \"mc\": \">=140\"\n        }\n      ],\n      \"url\": \"http://6.lgpthhraqs/cI;a/Ogc+/0\",\n      \"info\": \"H3IB\",\n      \"isSelectable\": true,\n      \"hdc7nd>O\": {\n        \"name\": \"\\\\Aj \\\\]F\",\n        \"ay\": 2012,\n        \"assign\": [\n          \"#p\",\n          \"r\",\n          \"}v2d\",\n          \"(jra=\"\n        ],\n        \"match\": \"JB25\",\n        \"satisfy\": {\n          \"or\": [\n            {\n              \"mc\": \">=133\"\n            }\n          ]\n        },\n        \"url\": \"http://2b1gkvs.vtfxwrkhwaxp5hg71m0-mb.sly7p37b9gezvrjnup0pazi0fw9ff4eje.oyun6kv11uwbntzkk9qsbk9ndhndn8blv1b60vndamatdf4f89l-vrgqbqs.wmz/(%F0%B5%BB%9FV%F1%9D%91%AAg06JWg//J.Xon9jQ/-9A/LafZ7%F2%81%AA%85lM/uc/bVyUdu7Ii\",\n        \"info\": \"*Fv\",\n        \"isSelectable\": true,\n        \"\\\"|* ;n\": {\n          \"name\": \"Jl0N{g7\",\n          \"ay\": 1967,\n          \"assign\": [\n            \"P\",\n            \"'-@fGUV.e\"\n          ],\n          \"match\": [\n            {\n              \"pattern\": \"SID68Y\",\n              \"exclude\": \"NSVx794\",\n              \"info\": \"E]O\"\n            },\n            {\n              \"pattern\": \"TVV2\",\n              \"exclude\": [\n                \"NIK51\",\n                \"FTJ237\",\n                \"MGF6Q\"\n              ],\n              \"info\": \"xCw.3>w\"\n            }\n          ],\n          \"satisfy\": \"?UYsdU\",\n          \"url\": \"http://qq8or-apl4yygkzwrhie2s4ruismmefc5m4xbv.c9b-9ok4eiijn6d9rbnyhgqbi1snc1h73wompdc4yor-uu5kzwzl.l-l-x043bfyrguqkzebwda-38p57.h7eh1qdnr.flrot/TGYU:-(B/MEv/WHboJ&;hm/wNzUIET/P9S%F0%BD%B4%90%E9%AF%BFqnUp/;3\",\n          \"info\": \"9\",\n          \"1oYou\": {\n            \"ay\": 2029,\n            \"assign\": \"YY&\",\n            \"satisfy\": [\n              \"(cGU^u \"\n            ],\n            \"url\": \"http://x3lwwhg7jxvz3nd9jrijxd42tak.qc/kl%F2%83%89%8D/&tQd/Tlwec.%E6%B8%AA/i%F2%9B%A6%9C9/8nAl/z/Q%F0%96%A8%B6%F2%8E%89%B3Qn\",\n            \"info\": \"s8J7N[$>\",\n            \"isSelectable\": true\n          },\n          \"Kx\": {\n            \"name\": \"$O'U{::Y.\",\n            \"ay\": 1950,\n            \"assign\": \"SA1\",\n            \"match\": \"CHY2Q\",\n            \"url\": \"http://hg87q1vo6c31jvqnb6ypotp28.ckhl3jiooj5c93szmprf430ykwthagw-o3jmxyy02wpkebdmdti858.sbjg-32fjbp4l0r80-sruf-49xmj57xizy7v7f03n-5hzymyl6.l.ghxmmmruwx/43x&dm/j:fekjaOTE\",\n            \"info\": \"\",\n            \"isSelectable\": true\n          }\n        },\n        \"520,mYj\": {\n          \"name\": \";N\\\\c\",\n          \"ay\": 1994,\n          \"match\": {\n            \"and\": [\n              {\n                \"pattern\": \"IB72xQ\",\n                \"exclude\": \"UMP27\",\n                \"info\": \"x&uo!r\"\n              }\n            ]\n          },\n          \"satisfy\": [\n            {\n              \"mc\": \">=71\"\n            },\n            {\n              \"mc\": \">=15\"\n            }\n          ],\n          \"url\": \"https://ypyw25vwpk8dvmuxxxiu7u3hmeocogiptwauyujf5bjann4z21z7qyyq.ptbdpf3-qqlkylamed0.4bq-s12o1yg2sljzflcg365cxx277n2y6de2hcemsbzvgt84lgjna2-a.ojjp/0Zdt%F3%A6%A2%9EkkK/'l!bvY//Sa/%D7%87:~0U~%F1%93%96%90~7n\",\n          \"info\": \"/<jc<\\\\8{=\",\n          \"isSelectable\": true\n        },\n        \"~.fLG\\\"Hv5\": {\n          \"name\": \"q`t1HK1`\",\n          \"ay\": 1982,\n          \"assign\": \"o8\",\n          \"match\": {\n            \"pattern\": \"SPZ18G\",\n            \"info\": \"#}vn=j!cC\"\n          },\n          \"satisfy\": [\n            {\n              \"and\": [\n                {\n                  \"and\": [\n                    \"`\",\n                    {\n                      \"or\": [\n                        \"Yyn-UUq\\\\\",\n                        {\n                          \"or\": [\n                            {\n                              \"or\": [\n                                \"7B\",\n                                \"xJi| 6\",\n                                {\n                                  \"mc\": \"<=63\"\n                                },\n                                \" O#95B\",\n                                \"g\\\"\"\n                              ]\n                            },\n                            \"X5\"\n                          ]\n                        },\n                        \"bk!Z\",\n                        {\n                          \"mc\": \"<=114\"\n                        }\n                      ]\n                    },\n                    \"\",\n                    \"%\",\n                    \"8)lo&\"\n                  ]\n                },\n                {\n                  \"mc\": \"<=175\"\n                },\n                {\n                  \"or\": [\n                    {\n                      \"and\": [\n                        \"\",\n                        \"@38*)\",\n                        {\n                          \"or\": [\n                            \"c(6xW\\\\RUr\"\n                          ]\n                        },\n                        \"^#N0.j\",\n                        \"Pwfn\"\n                      ]\n                    },\n                    {\n                      \"and\": [\n                        \"&W+g._\",\n                        {\n                          \"or\": [\n                            \"ZN\",\n                            \"L$X\",\n                            \"13-!\",\n                            \"B!7|bY\",\n                            {\n                              \"or\": [\n                                \"&'0!k\",\n                                \"fpIX_Kkep\\\\\",\n                                {\n                                  \"and\": [\n                                    \"6pXm@63y;F\",\n                                    \"]`\",\n                                    \"jd[O\",\n                                    \"}v\"\n                                  ]\n                                }\n                              ]\n                            }\n                          ]\n                        },\n                        \"pf|AK\",\n                        \"Z(Z>B&\"\n                      ]\n                    },\n                    {\n                      \"and\": [\n                        {\n                          \"and\": [\n                            {\n                              \"or\": [\n                                {\n                                  \"mc\": \">=175\"\n                                }\n                              ]\n                            },\n                            \"o?-tyXAb)G\",\n                            \"`j_v3R{BI\",\n                            \"1he 2V\"\n                          ]\n                        },\n                        {\n                          \"and\": [\n                            \" K\",\n                            {\n                              \"or\": [\n                                \":4Lukz2\",\n                                \"e|sgQ\",\n                                \"EoQF\"\n                              ]\n                            }\n                          ]\n                        },\n                        {\n                          \"and\": [\n                            \"k\",\n                            \"jmPl?O#O\",\n                            \"Q\",\n                            \"+iw.!\",\n                            \"j _;\\\"\"\n                          ]\n                        },\n                        \"ot$ X=!+7\"\n                      ]\n                    }\n                  ]\n                },\n                \"kw\",\n                {\n                  \"and\": [\n                    \"'n\\\"8\"\n                  ]\n                }\n              ]\n            },\n            {\n              \"or\": [\n                \"jQ6jE\",\n                {\n                  \"mc\": \"<=187\"\n                },\n                {\n                  \"and\": [\n                    \"X9^\",\n                    \"80\"\n                  ]\n                },\n                {\n                  \"mc\": \">=189\"\n                }\n              ]\n            }\n          ],\n          \"url\": \"https://vwt4pn6a75hm61fln31v9lyw.q5t1gy1hvy08gjcug38mkh0e0vnsc6.a4h25hetmrgyxe1sssx9icqv48zn5ql6jgfda4pb4kwtbjmlz006.yr/9)vK%F0%AE%AB%9EHE/,Zt%F2%9C%AC%87/0EJ%F2%86%8F%86fX//%F1%B6%A3%AFdkc93w=lG\",\n          \"info\": \"g1Js1\",\n          \"isSelectable\": true,\n          \"Jf=O gc\": {\n            \"name\": \"?\",\n            \"ay\": 2004,\n            \"assign\": \"FNbMc\",\n            \"match\": [\n              \"VC552P\",\n              {\n                \"or\": [\n                  {\n                    \"pattern\": \"ML4786\",\n                    \"exclude\": [\n                      \"HCI78\",\n                      \"RKVx785P\",\n                      \"HT*x*1P\",\n                      \"ATH*4\",\n                      \"CZ*692\"\n                    ],\n                    \"info\": \"Ve\"\n                  },\n                  {\n                    \"pattern\": \"JTB434U\",\n                    \"exclude\": [\n                      \"GGT959\"\n                    ],\n                    \"info\": \"_`t@J-aNh\"\n                  },\n                  {\n                    \"pattern\": \"XQN5xxF\",\n                    \"exclude\": \"FVE085A\"\n                  },\n                  {\n                    \"pattern\": \"TBSx79\",\n                    \"exclude\": \"LB6*C\",\n                    \"info\": \"=\"\n                  }\n                ]\n              },\n              {\n                \"or\": [\n                  {\n                    \"pattern\": \"UC5O\",\n                    \"exclude\": \"OLJ*0S\",\n                    \"info\": \"sBw{g\"\n                  },\n                  \"EGS9xT\",\n                  \"DT2xO\"\n                ]\n              },\n              {\n                \"or\": [\n                  \"TF2403\",\n                  {\n                    \"or\": [\n                      {\n                        \"and\": [\n                          \"VB73D\",\n                          \"FON5\"\n                        ]\n                      },\n                      {\n                        \"pattern\": \"FQF2042W\",\n                        \"exclude\": \"KPN323*Q\",\n                        \"info\": \"vzRO:%@\"\n                      },\n                      {\n                        \"or\": [\n                          \"CBS*51B\",\n                          {\n                            \"pattern\": \"YG3D\",\n                            \"exclude\": \"CRC8x64\",\n                            \"info\": \"*5\\\"7IFjA{8\"\n                          },\n                          \"IZ016\",\n                          \"KL8\",\n                          \"QD69x5D\"\n                        ]\n                      }\n                    ]\n                  }\n                ]\n              },\n              \"PV94T\"\n            ],\n            \"satisfy\": {\n              \"and\": []\n            },\n            \"url\": \"https://06fll61flej6fglce396hkotjnh5a.2ma89li-bxci1k.15j7qnee9gl9ixtms9afd02fig8hgz9aowtjomb6rt.d7l1-gvdrc3n1394tpvq7lpnl5s970fhcla.aqeim/l9dvLOOI/(@x%F2%87%86%AE\",\n            \"info\": \"\",\n            \"isSelectable\": true\n          },\n          \"A\": {\n            \"name\": \"=r(P&^\",\n            \"ay\": 1989,\n            \"match\": {\n              \"pattern\": \"SUx4Z\",\n              \"exclude\": \"UX53*3\",\n              \"info\": \"VN9XB-vcD\"\n            },\n            \"satisfy\": [\n              {\n                \"and\": [\n                  \"tc*xU3\",\n                  {\n                    \"or\": [\n                      \"nP5g\",\n                      \"F!OJ^\",\n                      \"VA#=t?f\"\n                    ]\n                  },\n                  {\n                    \"or\": [\n                      {\n                        \"or\": [\n                          {\n                            \"or\": [\n                              \"\",\n                              \"oh.Wc!j<\",\n                              \"c;h9;Q2\"\n                            ]\n                          },\n                          \"K\\\\\",\n                          \"\\\"H\\\";\\\" @U,d\"\n                        ]\n                      },\n                      \"O\",\n                      \"|+/:FzI\",\n                      \"yb#\"\n                    ]\n                  },\n                  {\n                    \"mc\": \">=116\"\n                  },\n                  \"#)<@)\"\n                ]\n              }\n            ],\n            \"url\": \"http://vji-31sg2fq6tlxcc9r8er96j2qun6g2cw05awb6km92c7gcgx9n9g55gj.oz5.zb4xatjqsya4lz7fie3ee59xi7nn4wlptyb-zhif0sn5wpts2pqr5omh3cul3.r1-92ppeikc6uksz7ynquvq99u31bcuhk7-nukwlsq1do363z3.pmncx/eah7%F1%8A%9E%B77/;74R%F0%BE%B8%ADz\",\n            \"isSelectable\": true\n          }\n        },\n        \"w\": {\n          \"name\": \".$w\",\n          \"assign\": [\n            \"%f\"\n          ],\n          \"match\": {\n            \"and\": []\n          },\n          \"satisfy\": {\n            \"and\": [\n              {\n                \"and\": [\n                  {\n                    \"mc\": \"<=77\"\n                  },\n                  \"Kst.OMbS\"\n                ]\n              },\n              {\n                \"or\": [\n                  \"_o2k2\\\":G\"\n                ]\n              }\n            ]\n          },\n          \"url\": \"http://7-yudc3yc1n8w9v6ob8kesaj1niunhpxp5gso3lkufa9.ynhasheujrvdx2vg9o11ndg58o9b2u072wjh519fj.n.mgwjwsh/Pl$/wi%F0%94%93%B63t/W.uVM/ZzN/(I/@:Qs@\",\n          \"isSelectable\": true,\n          \";qH'l3\": {\n            \"name\": \"\\\"|2bE0s;\",\n            \"ay\": 1965,\n            \"assign\": [\n              \"CS&w\"\n            ],\n            \"match\": \"CQK6*37\",\n            \"satisfy\": [],\n            \"url\": \"https://fxmtlvoexqd53zf2b9zogwev4ma9vwr49yzxhrqivl6r5r-t27xi.go62ivm2pmv.of7b1e472qg7vucoorvieq0izgpiyvb-y4.c.bpfpw/gzcw3c6\",\n            \"isSelectable\": true\n          }\n        }\n      },\n      \"X*`dNeg\": {\n        \"name\": \"\\\\[\\\"\",\n        \"ay\": 2010,\n        \"assign\": [\n          \"uX3%\",\n          \"pC.^E)\",\n          \"[(\",\n          \"8\"\n        ],\n        \"match\": \"JVx\",\n        \"satisfy\": [\n          {\n            \"and\": []\n          },\n          \"\"\n        ],\n        \"info\": \"|0o+-c6Y_\",\n        \"isSelectable\": true,\n        \"_W&ak\": {\n          \"ay\": 1988,\n          \"match\": [\n            \"XF04\",\n            {\n              \"pattern\": \"BM3\",\n              \"exclude\": [\n                \"MR6*\",\n                \"FEZx892K\"\n              ],\n              \"info\": \"Sv*U\"\n            },\n            {\n              \"and\": [\n                {\n                  \"and\": []\n                },\n                \"AK1xxR\",\n                \"FC23x7D\",\n                {\n                  \"or\": [\n                    \"SAL1136H\",\n                    \"RG4*x6S\",\n                    \"ZU524S\"\n                  ]\n                },\n                {\n                  \"pattern\": \"JVN*513A\",\n                  \"exclude\": [\n                    \"FV9P\",\n                    \"YFC*\",\n                    \"WVY476H\",\n                    \"YJ872\"\n                  ],\n                  \"info\": \"%g\\\\4R WVq\"\n                }\n              ]\n            },\n            \"PBW9*0Q\"\n          ],\n          \"satisfy\": [\n            {\n              \"mc\": \"<=64\"\n            },\n            {\n              \"or\": [\n                {\n                  \"or\": [\n                    \"Q5i\\\"<\",\n                    \"% Z\",\n                    {\n                      \"and\": [\n                        {\n                          \"or\": []\n                        },\n                        \"*>jx0!J,M\",\n                        {\n                          \"mc\": \"<=164\"\n                        },\n                        {\n                          \"mc\": \">=79\"\n                        }\n                      ]\n                    },\n                    {\n                      \"or\": []\n                    },\n                    \"3&<+]k'\"\n                  ]\n                },\n                {\n                  \"mc\": \"<=59\"\n                }\n              ]\n            }\n          ],\n          \"url\": \"http://grb8u05jc3as18jatx5dql6av2p0x5.0.wrzjkna/ey':/byD/%F2%82%AA%8Ft1O1*o4eU/V~p0rTDc%F0%BA%BC%BC-/DG1b%F3%9F%96%A1hK/0F%F0%9F%8C%BAJahz8n/xhdaQq'TN\",\n          \"info\": \"=e`a0p\",\n          \"isSelectable\": true\n        },\n        \"uQOQ\": {\n          \"name\": \"[Ox0\",\n          \"ay\": 1996,\n          \"match\": {\n            \"and\": [\n              \"FZ1*\"\n            ]\n          },\n          \"satisfy\": \"9\",\n          \"url\": \"http://bxwb8fykfa.oohrrvxjnln40nv51wtnjatdj3m1pltk5hm0p41l14fgo4hjkjnjbnscs.xl6fzbhh.mw1zit34p06f9c8bxyjpeo7i082k77zv7g6hq.bd/DE&Xy/%F2%88%B8%A1rgE/$47tx:/pHp5@%F0%BC%B3%81*-/Kr\",\n          \"info\": \"3+(<Ghu\\\\B\",\n          \"isSelectable\": true,\n          \"ubueLH\\\"\": {\n            \"name\": \" vh1iys+\",\n            \"ay\": 1983,\n            \"match\": [\n              {\n                \"or\": [\n                  \"MB711Y\",\n                  {\n                    \"or\": [\n                      \"JO8H\"\n                    ]\n                  },\n                  {\n                    \"or\": [\n                      {\n                        \"and\": [\n                          {\n                            \"pattern\": \"LRH*46\",\n                            \"exclude\": \"TI54x7H\",\n                            \"info\": \"yt7\"\n                          },\n                          \"ZSC80\",\n                          {\n                            \"pattern\": \"MM50\",\n                            \"exclude\": \"YU18K\",\n                            \"info\": \"yZ_1vyR7Iw\"\n                          }\n                        ]\n                      },\n                      {\n                        \"and\": [\n                          \"PXZ37\",\n                          \"IEE0100H\",\n                          {\n                            \"pattern\": \"PDL627\",\n                            \"exclude\": \"SHFxR\"\n                          }\n                        ]\n                      }\n                    ]\n                  },\n                  {\n                    \"or\": [\n                      \"TL6502\"\n                    ]\n                  },\n                  {\n                    \"or\": [\n                      \"FR190\",\n                      {\n                        \"or\": [\n                          \"QA520D\",\n                          \"XNV441P\",\n                          {\n                            \"and\": [\n                              {\n                                \"or\": [\n                                  \"DZH*22Y\",\n                                  \"EU097\",\n                                  \"VS4x75\"\n                                ]\n                              },\n                              {\n                                \"and\": [\n                                  \"RZ78E\"\n                                ]\n                              },\n                              \"SG4x\",\n                              \"FJU5699O\"\n                            ]\n                          },\n                          \"HMM3P\"\n                        ]\n                      },\n                      \"KNU*H\",\n                      \"PF344\"\n                    ]\n                  }\n                ]\n              },\n              {\n                \"and\": [\n                  {\n                    \"or\": [\n                      \"DKF467\",\n                      {\n                        \"and\": []\n                      },\n                      \"UE*814\",\n                      {\n                        \"and\": [\n                          \"BO0Z\",\n                          \"DB*6Q\",\n                          \"XZWx90E\"\n                        ]\n                      },\n                      {\n                        \"pattern\": \"ME220\",\n                        \"exclude\": \"OTQ0\",\n                        \"info\": \".c+@ H,Iqq\"\n                      }\n                    ]\n                  },\n                  {\n                    \"and\": [\n                      {\n                        \"and\": [\n                          \"UHU2123R\",\n                          {\n                            \"and\": [\n                              \"AT322\"\n                            ]\n                          },\n                          {\n                            \"or\": [\n                              \"HVK99G\",\n                              \"AY175*\"\n                            ]\n                          },\n                          \"FRN6\",\n                          \"WBV21D\"\n                        ]\n                      },\n                      \"FUL5x40A\"\n                    ]\n                  },\n                  {\n                    \"or\": [\n                      {\n                        \"or\": [\n                          {\n                            \"or\": [\n                              \"YGL4H\",\n                              \"DEZ0813K\",\n                              \"VU609W\",\n                              \"LH84\",\n                              {\n                                \"pattern\": \"SF3534S\",\n                                \"exclude\": \"XA2T\",\n                                \"info\": \"gNs~\"\n                              }\n                            ]\n                          }\n                        ]\n                      },\n                      \"AU1*2Z\"\n                    ]\n                  },\n                  {\n                    \"pattern\": \"DQW*7B\",\n                    \"exclude\": [\n                      \"XY85H\"\n                    ],\n                    \"info\": \":?\"\n                  },\n                  {\n                    \"and\": [\n                      \"DM57x0\",\n                      \"WTE4*9R\",\n                      \"GRA4440X\"\n                    ]\n                  }\n                ]\n              }\n            ],\n            \"satisfy\": {\n              \"and\": [\n                {\n                  \"and\": []\n                },\n                {\n                  \"mc\": \"<=166\"\n                },\n                {\n                  \"and\": [\n                    \"3MlCOJRG\"\n                  ]\n                },\n                \"N[U\",\n                \"(L7W\"\n              ]\n            },\n            \"url\": \"http://a.swjhbbbdyx\",\n            \"info\": \"U\",\n            \"isSelectable\": true,\n            \"oG\": {\n              \"name\": \"wq\",\n              \"ay\": 2030,\n              \"assign\": \"0r~?/}o1\",\n              \"match\": {\n                \"and\": [\n                  {\n                    \"or\": [\n                      {\n                        \"and\": [\n                          {\n                            \"or\": [\n                              \"DHK1363I\"\n                            ]\n                          }\n                        ]\n                      },\n                      \"CMU6616\",\n                      \"VV533\"\n                    ]\n                  },\n                  {\n                    \"pattern\": \"ERx27Z\",\n                    \"exclude\": \"PQT08J\",\n                    \"info\": \"FU,YH:jUi\"\n                  },\n                  {\n                    \"or\": [\n                      {\n                        \"pattern\": \"MWN*H\",\n                        \"exclude\": [\n                          \"TWJ7031Z\",\n                          \"IG6422\",\n                          \"SV4\"\n                        ],\n                        \"info\": \"\"\n                      }\n                    ]\n                  }\n                ]\n              },\n              \"satisfy\": {\n                \"and\": [\n                  {\n                    \"mc\": \"<=46\"\n                  },\n                  {\n                    \"and\": [\n                      \"muL\",\n                      {\n                        \"or\": []\n                      },\n                      \"gKr(J\",\n                      {\n                        \"mc\": \">=142\"\n                      }\n                    ]\n                  },\n                  {\n                    \"mc\": \"<=73\"\n                  },\n                  {\n                    \"mc\": \">=112\"\n                  },\n                  {\n                    \"or\": [\n                      {\n                        \"and\": []\n                      },\n                      {\n                        \"or\": []\n                      },\n                      \"v7dr\",\n                      {\n                        \"mc\": \"<=172\"\n                      }\n                    ]\n                  }\n                ]\n              },\n              \"url\": \"https://y.kzfveezsha/)7q4;@;O3_/R/i_j:91/q%F3%BE%95%97M:%F1%85%95%857Ib75/8F/M*/(c:@Dgj*A/6j%F2%9F%93%B6kLI\",\n              \"info\": \"u6Q\"\n            },\n            \"N+BY9m8#\": {\n              \"name\": \"?_XPU_\",\n              \"assign\": [\n                \"X{'\",\n                \"b9\",\n                \"*kl|=mZ\",\n                \"MUBj\",\n                \"a9r$<\"\n              ],\n              \"satisfy\": [\n                {\n                  \"mc\": \">=82\"\n                },\n                {\n                  \"and\": []\n                }\n              ],\n              \"url\": \"http://kcm0kuqmntd8zq85mzy0lng2hpm6z.zlf4fxrax0tumj--qqp08rlio4vowxp-0cefy2e9yekt-47spo5zn42mp-40.b.zraa\",\n              \"isSelectable\": true,\n              \"uTmw\": {\n                \"name\": \"U`u*QnFca\",\n                \"ay\": 2020,\n                \"assign\": [\n                  \"@a^<\\\\F)HXC\",\n                  \"oQ&<:]5\"\n                ],\n                \"match\": {\n                  \"and\": [\n                    {\n                      \"and\": [\n                        {\n                          \"and\": []\n                        },\n                        {\n                          \"pattern\": \"TMB8592R\",\n                          \"exclude\": [],\n                          \"info\": \"= z@q\"\n                        },\n                        {\n                          \"and\": [\n                            \"OY80\"\n                          ]\n                        },\n                        \"FV61\",\n                        {\n                          \"and\": [\n                            {\n                              \"and\": [\n                                \"WSS6\",\n                                \"QW159W\"\n                              ]\n                            },\n                            {\n                              \"or\": [\n                                \"AM63\",\n                                {\n                                  \"and\": [\n                                    \"JF95F\",\n                                    \"WV0X\",\n                                    \"TUG1x5\"\n                                  ]\n                                }\n                              ]\n                            }\n                          ]\n                        }\n                      ]\n                    },\n                    {\n                      \"pattern\": \"DHM095\",\n                      \"exclude\": \"YK10\",\n                      \"info\": \"{Qkc^`U;\"\n                    }\n                  ]\n                },\n                \"satisfy\": [\n                  {\n                    \"and\": [\n                      \"FST\",\n                      {\n                        \"or\": [\n                          {\n                            \"mc\": \">=157\"\n                          },\n                          {\n                            \"and\": [\n                              \"7~!MKb[j]\",\n                              {\n                                \"or\": [\n                                  \"\",\n                                  \"])du\",\n                                  \"w?\"\n                                ]\n                              },\n                              {\n                                \"mc\": \">=145\"\n                              }\n                            ]\n                          },\n                          \"\",\n                          \"?lbQuhU.\"\n                        ]\n                      },\n                      {\n                        \"mc\": \">=53\"\n                      },\n                      {\n                        \"or\": [\n                          \"ZwYyI\",\n                          {\n                            \"and\": [\n                              \"7B`d=\",\n                              \"*khowG@XyR\",\n                              \"y>:Z!*u\",\n                              {\n                                \"mc\": \">=81\"\n                              },\n                              \"#Y4)'*w`1D\"\n                            ]\n                          },\n                          \"TF\"\n                        ]\n                      }\n                    ]\n                  },\n                  {\n                    \"mc\": \">=77\"\n                  },\n                  \"b\",\n                  {\n                    \"and\": [\n                      {\n                        \"mc\": \"<=92\"\n                      },\n                      \"gi0_+.P.\"\n                    ]\n                  },\n                  {\n                    \"mc\": \">=171\"\n                  }\n                ],\n                \"url\": \"http://4.vy77wh46f.k344yb4js2s4k73s2tertu3.slog7-s1bcd27u6idwi5.44z9soea9fat4exr52471vwirl-f484.rrevmwliwf/Y%F3%87%91%9BuSK/IEg-uQc1/Ye!rcXGE/B(U=z=S/a/%F3%A3%87%9Dx6Rr\",\n                \"info\": \"F|CD\",\n                \"isSelectable\": true\n              }\n            },\n            \"Aw$l\": {\n              \"ay\": 2023,\n              \"match\": {\n                \"or\": [\n                  \"KP9x\",\n                  \"OUG3316V\",\n                  {\n                    \"or\": [\n                      {\n                        \"pattern\": \"WP2\",\n                        \"exclude\": \"YB3985\",\n                        \"info\": \"x/rJt6fncn\"\n                      },\n                      \"VP10\",\n                      {\n                        \"or\": [\n                          {\n                            \"pattern\": \"FK4772A\",\n                            \"exclude\": \"MD14V\",\n                            \"info\": \"ps\"\n                          }\n                        ]\n                      },\n                      {\n                        \"or\": [\n                          \"IAM*2x2\",\n                          {\n                            \"or\": []\n                          },\n                          \"CKO3\"\n                        ]\n                      }\n                    ]\n                  },\n                  {\n                    \"and\": []\n                  },\n                  \"AZ3T\"\n                ]\n              },\n              \"satisfy\": {\n                \"and\": [\n                  {\n                    \"and\": [\n                      {\n                        \"mc\": \">=69\"\n                      },\n                      \"m@qADD2V0[\",\n                      {\n                        \"and\": []\n                      }\n                    ]\n                  },\n                  {\n                    \"and\": [\n                      {\n                        \"mc\": \">=164\"\n                      }\n                    ]\n                  }\n                ]\n              },\n              \"url\": \"http://ouwwt8z8axlodi9m-oumm091ged5linq7i6zlz7f0.anuo80l.dtfdjj2r9iwcm-jmefw1tma4243iwnq9alxl91hgk-qkqazmt3.rrw/c_sma-/K./+/m%EF%85%8By/uD+//%F3%B7%8A%B00%F0%9B%8F%96'l/lKF'PSP7,K/gus\",\n              \"info\": \";}#\",\n              \"isSelectable\": true\n            },\n            \"'-CwUQHJI\": {\n              \"name\": \"=7\",\n              \"ay\": 1981,\n              \"assign\": [\n                \"nl\",\n                \"\"\n              ],\n              \"match\": [],\n              \"satisfy\": {\n                \"mc\": \"<=50\"\n              },\n              \"url\": \"http://v.aipcwdrf/cHc~K/id/3GA%F3%BD%85%8An%F4%81%9E%8FS//@eh:D5q=/q1%F1%A5%BD%8E%F1%B4%BD%9BqC)2/SXkh6N/XB%F3%9E%95%A0\",\n              \"info\": \"L{j]bvDO<\",\n              \"isSelectable\": true\n            }\n          }\n        },\n        \"H\": {\n          \"name\": \"|BVq1,A\",\n          \"ay\": 1969,\n          \"match\": [\n            {\n              \"and\": [\n                {\n                  \"or\": [\n                    \"YT551G\",\n                    {\n                      \"pattern\": \"QZT05A\",\n                      \"exclude\": \"VT4x6xC\",\n                      \"info\": \"W)c1-\"\n                    }\n                  ]\n                },\n                {\n                  \"and\": [\n                    \"ELU28*9\",\n                    \"OUU01M\"\n                  ]\n                },\n                \"CRA1\",\n                \"DM9487U\"\n              ]\n            },\n            {\n              \"pattern\": \"AR189*C\",\n              \"exclude\": [\n                \"OD9A\",\n                \"QG983\",\n                \"OYJxG\",\n                \"OJU634\",\n                \"GC03T\"\n              ],\n              \"info\": \":1Xw~4;`&\"\n            },\n            {\n              \"or\": [\n                \"JRF8x3*T\",\n                {\n                  \"pattern\": \"YFM406\",\n                  \"exclude\": \"BE*4M\",\n                  \"info\": \"Ypt(6.\"\n                },\n                \"CAK913E\"\n              ]\n            }\n          ],\n          \"info\": \"n\",\n          \"isSelectable\": true\n        },\n        \"\": {\n          \"name\": \")PFt\\\\nQgy\",\n          \"ay\": 1951,\n          \"match\": [\n            {\n              \"and\": [\n                {\n                  \"and\": [\n                    {\n                      \"pattern\": \"DB3***Z\",\n                      \"exclude\": [\n                        \"LWT9V\",\n                        \"JUO9*5T\",\n                        \"QS8\",\n                        \"IAO02\",\n                        \"GHA8x28\"\n                      ]\n                    },\n                    \"ZLQ19\",\n                    \"WWW6G\",\n                    {\n                      \"or\": []\n                    }\n                  ]\n                },\n                {\n                  \"and\": [\n                    {\n                      \"or\": []\n                    },\n                    \"FM674xX\",\n                    {\n                      \"or\": [\n                        \"OWF*0\",\n                        \"QE00B\",\n                        {\n                          \"and\": []\n                        },\n                        \"NNx805A\"\n                      ]\n                    }\n                  ]\n                },\n                {\n                  \"or\": [\n                    \"UZ0\",\n                    {\n                      \"or\": [\n                        {\n                          \"or\": [\n                            \"KFB42\",\n                            \"FZ470G\"\n                          ]\n                        }\n                      ]\n                    },\n                    \"OMWx67\",\n                    \"CB0B\"\n                  ]\n                },\n                \"LX54H\"\n              ]\n            },\n            {\n              \"pattern\": \"FX9D\",\n              \"exclude\": [\n                \"HY*3\"\n              ],\n              \"info\": \"K\"\n            }\n          ],\n          \"satisfy\": {\n            \"mc\": \">=24\"\n          },\n          \"url\": \"http://azgtdr5s1z3bho6ih.a3k491u0mv5btq104f74pmgjb07ssu447937hi4j6zjcj5d1f2fbf4e92r3bf0m.g.p3y383x05qt3u-mu-w478hn6-jr637.a.dcxnbexgia/6C*/Rbn2vHAQx/Z1IFn/Gmk;O\",\n          \"info\": \"];&fjNh\",\n          \"isSelectable\": true\n        },\n        \"xg?cH[cf\": {\n          \"assign\": [\n            \"z/B_,\",\n            \"w#V)H\\\\dN7\"\n          ],\n          \"match\": [\n            {\n              \"and\": [\n                {\n                  \"or\": [\n                    {\n                      \"pattern\": \"UE9*96W\",\n                      \"exclude\": [],\n                      \"info\": \"'+$t.bUkx\\\"\"\n                    },\n                    \"PP0F\",\n                    {\n                      \"or\": [\n                        {\n                          \"and\": [\n                            {\n                              \"pattern\": \"CNY1\",\n                              \"exclude\": \"SJI*271I\",\n                              \"info\": \"\\\\i[E]q\"\n                            },\n                            \"CXI*520I\"\n                          ]\n                        },\n                        \"AYC5\",\n                        \"OUD522I\"\n                      ]\n                    },\n                    \"GQ231\",\n                    {\n                      \"pattern\": \"BAG721P\",\n                      \"exclude\": \"QNO6S\"\n                    }\n                  ]\n                },\n                {\n                  \"pattern\": \"ZYx140\",\n                  \"exclude\": [\n                    \"JU*71*V\",\n                    \"LD97Z\",\n                    \"LA322L\",\n                    \"JK2X\"\n                  ],\n                  \"info\": \"QJ:p'3-\"\n                },\n                {\n                  \"pattern\": \"BT037\",\n                  \"exclude\": \"QIH8U\",\n                  \"info\": \"m:U736|75u\"\n                }\n              ]\n            },\n            {\n              \"or\": [\n                {\n                  \"and\": [\n                    \"PB53C\",\n                    \"VX54\",\n                    {\n                      \"pattern\": \"LEW58*2\",\n                      \"exclude\": [\n                        \"KMU41x1\"\n                      ],\n                      \"info\": \"EP~U\\\\4_\"\n                    },\n                    \"CT8\",\n                    {\n                      \"pattern\": \"LH43xxH\",\n                      \"exclude\": [\n                        \"KH3G\",\n                        \"ITZ7851\",\n                        \"RJB3\"\n                      ],\n                      \"info\": \"!]tS*0k:>\"\n                    }\n                  ]\n                },\n                {\n                  \"pattern\": \"TOJ9F\",\n                  \"exclude\": \"XNB24*\",\n                  \"info\": \"QJDHj,Mu!E\"\n                }\n              ]\n            },\n            \"ZE0I\",\n            {\n              \"pattern\": \"YVJ68\",\n              \"exclude\": \"TU13\",\n              \"info\": \"Faxcon-OvG\"\n            },\n            {\n              \"pattern\": \"QL39\",\n              \"exclude\": \"VQ5*\",\n              \"info\": \" fB\"\n            }\n          ],\n          \"satisfy\": {\n            \"or\": [\n              {\n                \"and\": [\n                  {\n                    \"or\": [\n                      \"BjGBOEja&\",\n                      \"#Gv1\"\n                    ]\n                  },\n                  \"L!r^M'63q\",\n                  {\n                    \"mc\": \">=147\"\n                  },\n                  {\n                    \"and\": []\n                  },\n                  \"r9#n\"\n                ]\n              },\n              {\n                \"or\": [\n                  \"eAEHu\",\n                  \"V\",\n                  {\n                    \"and\": [\n                      \"g|5j\",\n                      {\n                        \"mc\": \"<=154\"\n                      }\n                    ]\n                  },\n                  \"\"\n                ]\n              }\n            ]\n          },\n          \"url\": \"http://g-8273hcbub88igl8qctw2sgr9z3mgd81zf5jkhtmgul2zy90wzx3s67ftk6k1.8ftah089pjm.gx\",\n          \"info\": \"@G6\",\n          \"isSelectable\": true\n        }\n      },\n      \"t\\\\+Q\\\\%\": {\n        \"name\": \"L<S=\",\n        \"ay\": 2004,\n        \"assign\": [\n          \"L;6\"\n        ],\n        \"match\": {\n          \"pattern\": \"QYE308U\",\n          \"info\": \"1\"\n        },\n        \"satisfy\": \"uz0m3zF8G\",\n        \"url\": \"https://kdim08ks7hejp-92v3cz43a8cwqm637y59vlwnb.v.2ym65dwjkyvuo98x6yd8pnfdapo9lyr0qov6cgejgpq3vr8vzubd2bt.ceh074yn20ppc6zp21wof48r02am7v90cpeumlbtwx6i1-ou5y.pgkttxyr//gcL/0fa*X2u%F0%9B%81%9D/QhlI(5s$%F0%95%8C%AC/%F3%98%8B%BA!/80fqkt'/cSWx\",\n        \"info\": \",n<2|C\",\n        \"isSelectable\": true\n      },\n      \"sE%UA@_:\": {\n        \"name\": \"aqT\",\n        \"assign\": \"!qKeh\",\n        \"match\": \"RKO6*49\",\n        \"satisfy\": {\n          \"or\": [\n            \"IQ.Ad\"\n          ]\n        },\n        \"url\": \"https://ujk60613mcp88p9mmljjkxmy7r39bvw.3-6ibozjincm0y93amgli8na1vezmtfi32ssktjyf2q-j0oo7gsos2tgc62y.i.b-dcohpghrfip.10656xdfyf9.hvaqzd\",\n        \"info\": \"x,Ma{S\\\\\",\n        \"isSelectable\": true,\n        \"1+~8*\": {\n          \"name\": \"XSvi,r6F\",\n          \"ay\": 1967,\n          \"assign\": [\n            \"Z=:1T&2k\\\"~\",\n            \"[F\"\n          ],\n          \"match\": [],\n          \"satisfy\": \"fb }D[J}\",\n          \"info\": \"#=A~ EpSD\",\n          \"isSelectable\": true\n        },\n        \"RYJ!7hxi>+\": {\n          \"name\": \"AUQ}HJG\",\n          \"ay\": 2012,\n          \"assign\": \"d|'|l\\\\E\",\n          \"match\": [\n            {\n              \"or\": [\n                \"PDG32\"\n              ]\n            },\n            {\n              \"and\": [\n                \"YJT77H\",\n                {\n                  \"and\": [\n                    \"TGO44*J\",\n                    {\n                      \"or\": [\n                        {\n                          \"and\": [\n                            \"LT7O\",\n                            \"TJ8Z\",\n                            \"ROY731\"\n                          ]\n                        }\n                      ]\n                    }\n                  ]\n                },\n                {\n                  \"or\": []\n                },\n                {\n                  \"pattern\": \"DB773\",\n                  \"info\": \"*/\\\"A1q\"\n                },\n                {\n                  \"pattern\": \"AJL3*9\",\n                  \"exclude\": [],\n                  \"info\": \"\"\n                }\n              ]\n            }\n          ],\n          \"satisfy\": [\n            {\n              \"or\": [\n                \"\",\n                \"tkg4\",\n                {\n                  \"and\": []\n                }\n              ]\n 
[...]
              "err": {},
              "uuid": "aefc11c8-8918-4988-ac3d-d296b0764008",
              "parentUUID": "ca086fcb-3c53-4e42-bce3-8e0fc75f503a",
              "isHook": false,
              "skipped": false
            },
            {
              "title": "should truncate list of modules with upper bound of MCs, cutting off at the minimum starting sequence that exceeds upper bound, if total MC count is higher and there exists no starting sequence with exact MC count",
              "fullTitle": "inequalitySatisfier should truncate list of modules with upper bound of MCs, cutting off at the minimum starting sequence that exceeds upper bound, if total MC count is higher and there exists no starting sequence with exact MC count",
              "timedOut": false,
              "duration": 0,
              "state": "passed",
              "speed": "fast",
              "pass": true,
              "fail": false,
              "pending": false,
              "context": null,
              "code": "const satisfier = (0, satisfiers_1.inequalitySatisfier)(ref, \"<=17\");\nsatisfier.should.have.property(\"filter\");\nconst { filter } = satisfier;\nisCorrectFilter(filter, modulesList1, [\n    \"CS2100\",\n    \"GER1000\",\n    \"CS2040S\",\n    \"ST2131\",\n    \"MA1521\",\n]);",
              "err": {},
              "uuid": "933fd396-765c-4d98-800d-5ad1bee3522e",
              "parentUUID": "ca086fcb-3c53-4e42-bce3-8e0fc75f503a",
              "isHook": false,
              "skipped": false
            }
          ],
          "suites": [],
          "passes": [
            "9799495f-0ca2-4c11-b8f1-328aa9076a98",
            "eb39bc2f-6508-4b9e-b8ab-3e2be7159ad8",
            "31d600fc-bf14-4a70-a615-0f052fab6434",
            "51830276-71e3-41c3-8416-099e85513053",
            "52fb6144-e877-48b2-ad7e-4bb4f2e86fc2",
            "aefc11c8-8918-4988-ac3d-d296b0764008",
            "933fd396-765c-4d98-800d-5ad1bee3522e"
          ],
          "failures": [],
          "pending": [],
          "skipped": [],
          "duration": 3,
          "root": false,
          "rootEmpty": false,
          "_timeout": 2000
        },
        {
          "uuid": "b3f0c5b0-5542-493f-b2ee-c357ee8ccf76",
          "title": "inequalitySchema",
          "fullFile": "/home/runner/work/planwithus-lib/planwithus-lib/src/satisfyRule/inequality/schemas.test.ts",
          "file": "/src/satisfyRule/inequality/schemas.test.ts",
          "beforeHooks": [],
          "afterHooks": [],
          "tests": [
            {
              "title": "should validate inequality in the form <=n or >=n",
              "fullTitle": "inequalitySchema should validate inequality in the form <=n or >=n",
              "timedOut": false,
              "duration": 1,
              "state": "passed",
              "speed": "fast",
              "pass": true,
              "fail": false,
              "pending": false,
              "context": "[\n  {\n    \"title\": \"inequality sample 0\",\n    \"value\": \">=1\"\n  },\n  {\n    \"title\": \"inequality sample 1\",\n    \"value\": \">=76\"\n  },\n  {\n    \"title\": \"inequality sample 2\",\n    \"value\": \"<=178\"\n  },\n  {\n    \"title\": \"inequality sample 3\",\n    \"value\": \"<=116\"\n  },\n  {\n    \"title\": \"inequality sample 4\",\n    \"value\": \"<=200\"\n  },\n  {\n    \"title\": \"inequality sample 5\",\n    \"value\": \">=11\"\n  },\n  {\n    \"title\": \"inequality sample 6\",\n    \"value\": \"<=4\"\n  },\n  {\n    \"title\": \"inequality sample 7\",\n    \"value\": \"<=46\"\n  },\n  {\n    \"title\": \"inequality sample 8\",\n    \"value\": \">=194\"\n  },\n  {\n    \"title\": \"inequality sample 9\",\n    \"value\": \">=26\"\n  }\n]",
              "code": "(0, fast_check_1.sample)(index_test_2.inequality, 10).forEach((sample, i) => (0, addContext_1.default)(this, {\n    title: `inequality sample ${i}`,\n    value: sample,\n}));\nreturn (0, fast_check_1.assert)((0, fast_check_1.property)(index_test_2.inequality, ajvValidate));",
              "err": {},
              "uuid": "0ef796cd-a9c8-49ec-8476-726cdc90a7e7",
              "parentUUID": "b3f0c5b0-5542-493f-b2ee-c357ee8ccf76",
              "isHook": false,
              "skipped": false
            },
            {
              "title": "should not validate inequality of invalid form",
              "fullTitle": "inequalitySchema should not validate inequality of invalid form",
              "timedOut": false,
              "duration": 2,
              "state": "passed",
              "speed": "fast",
              "pass": true,
              "fail": false,
              "pending": false,
              "context": null,
              "code": "[\n        \"\",\n        \"==23\",\n        \"23\",\n        \"<23\",\n        \">23\",\n        \"<=-1\",\n        \">=-1\",\n        \"<= 2\",\n        \">= 1\",\n        \"> 3\",\n        \"< 3\",\n        \"<=3a\",\n        \">=3a\",\n        \"a<=3\",\n        \"a>=3\",\n    ].forEach(isInvalidInequality)",
              "err": {},
              "uuid": "4cffca94-2144-48d4-b7c8-bc1df0222590",
              "parentUUID": "b3f0c5b0-5542-493f-b2ee-c357ee8ccf76",
              "isHook": false,
              "skipped": false
            }
          ],
          "suites": [],
          "passes": [
            "0ef796cd-a9c8-49ec-8476-726cdc90a7e7",
            "4cffca94-2144-48d4-b7c8-bc1df0222590"
          ],
          "failures": [],
          "pending": [],
          "skipped": [],
          "duration": 3,
          "root": false,
          "rootEmpty": false,
          "_timeout": 2000
        },
        {
          "uuid": "227feb0c-effe-46df-a539-a30e9c95b2ce",
          "title": "satisfyRuleSchema",
          "fullFile": "/home/runner/work/planwithus-lib/planwithus-lib/src/satisfyRule/schemas.test.ts",
          "file": "/src/satisfyRule/schemas.test.ts",
          "beforeHooks": [],
          "afterHooks": [],
          "tests": [
            {
              "title": "should validate satisfy rule with valid block id",
              "fullTitle": "satisfyRuleSchema should validate satisfy rule with valid block id",
              "timedOut": false,
              "duration": 1,
              "state": "passed",
              "speed": "fast",
              "pass": true,
              "fail": false,
              "pending": false,
              "context": null,
              "code": "0, fast_check_1.assert)((0, fast_check_1.property)((0, fast_check_1.string)(), ajvValidate)",
              "err": {},
              "uuid": "323edc73-c2b4-406b-9db3-86350ef4cc78",
              "parentUUID": "227feb0c-effe-46df-a539-a30e9c95b2ce",
              "isHook": false,
              "skipped": false
            },
            {
              "title": "should validate satisfy rules with valid mc",
              "fullTitle": "satisfyRuleSchema should validate satisfy rules with valid mc",
              "timedOut": false,
              "duration": 1,
              "state": "passed",
              "speed": "fast",
              "pass": true,
              "fail": false,
              "pending": false,
              "context": "[\n  {\n    \"title\": \"mcSatisfyRule sample 0\",\n    \"value\": {\n      \"mc\": \">=200\"\n    }\n  },\n  {\n    \"title\": \"mcSatisfyRule sample 1\",\n    \"value\": {\n      \"mc\": \"<=24\"\n    }\n  },\n  {\n    \"title\": \"mcSatisfyRule sample 2\",\n    \"value\": {\n      \"mc\": \"<=70\"\n    }\n  },\n  {\n    \"title\": \"mcSatisfyRule sample 3\",\n    \"value\": {\n      \"mc\": \">=2\"\n    }\n  },\n  {\n    \"title\": \"mcSatisfyRule sample 4\",\n    \"value\": {\n      \"mc\": \"<=200\"\n    }\n  },\n  {\n    \"title\": \"mcSatisfyRule sample 5\",\n    \"value\": {\n      \"mc\": \"<=7\"\n    }\n  },\n  {\n    \"title\": \"mcSatisfyRule sample 6\",\n    \"value\": {\n      \"mc\": \">=190\"\n    }\n  },\n  {\n    \"title\": \"mcSatisfyRule sample 7\",\n    \"value\": {\n      \"mc\": \"<=95\"\n    }\n  },\n  {\n    \"title\": \"mcSatisfyRule sample 8\",\n    \"value\": {\n      \"mc\": \"<=1\"\n    }\n  },\n  {\n    \"title\": \"mcSatisfyRule sample 9\",\n    \"value\": {\n      \"mc\": \">=130\"\n    }\n  }\n]",
              "code": "(0, fast_check_1.sample)(index_test_2.mcSatisfyRule, 10).forEach((sample, i) => (0, addContext_1.default)(this, {\n    title: `mcSatisfyRule sample ${i}`,\n    value: sample,\n}));\nreturn (0, fast_check_1.assert)((0, fast_check_1.property)(index_test_2.mcSatisfyRule, ajvValidate));",
              "err": {},
              "uuid": "408a9a75-3dca-4240-9093-df759272fc1b",
              "parentUUID": "227feb0c-effe-46df-a539-a30e9c95b2ce",
              "isHook": false,
              "skipped": false
            },
            {
              "title": "should validate valid recursive satisfy rules",
              "fullTitle": "satisfyRuleSchema should validate valid recursive satisfy rules",
              "timedOut": false,
              "duration": 5,
              "state": "passed",
              "speed": "fast",
              "pass": true,
              "fail": false,
              "pending": false,
              "context": "[\n  {\n    \"title\": \"satisfyRule sample 0\",\n    \"value\": \"i\"\n  },\n  {\n    \"title\": \"satisfyRule sample 1\",\n    \"value\": {\n      \"or\": [\n        {\n          \"or\": [\n            {\n              \"or\": [\n                \"Z\",\n                \"z0&y{A;qn \",\n                {\n                  \"and\": [\n                    \"g-w\",\n                    {\n                      \"or\": [\n                        \"9RhhWJ0^/\",\n                        \"\",\n                        \"w+x4pi&g9]\",\n                        \"%)\"\n                      ]\n                    },\n                    {\n                      \"and\": [\n                        \"[RTkJb\",\n                        \"K@O;]\",\n                        \"\",\n                        \"GqE}#oY}$\",\n                        \"y\"\n                      ]\n                    }\n                  ]\n                },\n                {\n                  \"or\": [\n                    {\n                      \"or\": [\n                        {\n                          \"mc\": \"<=77\"\n                        },\n                        \".vfD$6T\"\n                      ]\n                    }\n                  ]\n                }\n              ]\n            },\n            \"$[Z[\",\n            \"EF|\"\n          ]\n        },\n        {\n          \"mc\": \">=100\"\n        },\n        {\n          \"or\": []\n        }\n      ]\n    }\n  },\n  {\n    \"title\": \"satisfyRule sample 2\",\n    \"value\": {\n      \"or\": [\n        {\n          \"mc\": \">=5\"\n        },\n        {\n          \"and\": []\n        },\n        {\n          \"or\": [\n            \".^\",\n            \"\"\n          ]\n        }\n      ]\n    }\n  },\n  {\n    \"title\": \"satisfyRule sample 3\",\n    \"value\": {\n      \"or\": []\n    }\n  },\n  {\n    \"title\": \"satisfyRule sample 4\",\n    \"value\": {\n      \"or\": [\n        {\n          \"mc\": \"<=171\"\n        },\n        \"xm\"\n      ]\n    }\n  },\n  {\n    \"title\": \"satisfyRule sample 5\",\n    \"value\": \"T#8.\"\n  },\n  {\n    \"title\": \"satisfyRule sample 6\",\n    \"value\": \"x$\\\"&Bp\"\n  },\n  {\n    \"title\": \"satisfyRule sample 7\",\n    \"value\": {\n      \"or\": [\n        {\n          \"mc\": \"<=124\"\n        },\n        {\n          \"or\": [\n            {\n              \"and\": [\n                \"HHwV$n\",\n                {\n                  \"or\": [\n                    \"g8e)#HV*A&\",\n                    {\n                      \"and\": [\n                        \";1.]VB\",\n                        \")5gyO*D,G\",\n                        \"R*jF\\\"M7\"\n                      ]\n                    },\n                    \"\",\n                    \"7N\",\n                    \"][!o\"\n                  ]\n                },\n                \"}7He~Htk\",\n                \"~@st\"\n              ]\n            },\n            \"#I\\\\]\",\n            \"FyRw{+n\"\n          ]\n        },\n        {\n          \"mc\": \"<=29\"\n        },\n        \"MOcbQLV(,v\",\n        {\n          \"mc\": \">=100\"\n        }\n      ]\n    }\n  },\n  {\n    \"title\": \"satisfyRule sample 8\",\n    \"value\": \"\"\n  },\n  {\n    \"title\": \"satisfyRule sample 9\",\n    \"value\": {\n      \"or\": [\n        {\n          \"or\": [\n            \"vb1%^ p>G\",\n            \"L6M;Nc\"\n          ]\n        },\n        {\n          \"or\": [\n            \"8_ '4F=bt\",\n            \"~\",\n            \"Fc\",\n            {\n              \"or\": []\n            },\n            {\n              \"mc\": \"<=185\"\n            }\n          ]\n        },\n        {\n          \"mc\": \">=6\"\n        },\n        \"#BfW%>A[fT\",\n        \"0|C\"\n      ]\n    }\n  }\n]",
              "code": "(0, fast_check_1.sample)(index_test_2.satisfyRule, 10).forEach((sample, i) => (0, addContext_1.default)(this, {\n    title: `satisfyRule sample ${i}`,\n    value: sample,\n}));\nreturn (0, fast_check_1.assert)((0, fast_check_1.property)(index_test_2.satisfyRule, ajvValidate));",
              "err": {},
              "uuid": "6cb55559-5ff9-4458-b5a6-0eeb3682c52f",
              "parentUUID": "227feb0c-effe-46df-a539-a30e9c95b2ce",
              "isHook": false,
              "skipped": false
            },
            {
              "title": "should not validate non-string/object",
              "fullTitle": "satisfyRuleSchema should not validate non-string/object",
              "timedOut": false,
              "duration": 1,
              "state": "passed",
              "speed": "fast",
              "pass": true,
              "fail": false,
              "pending": false,
              "context": null,
              "code": "const error = {\n    instancePath: \"\",\n    message: \"satisfy rule should be either a string or an object\",\n};\nisInvalidRule(null, error);\nisInvalidRule(undefined, error);\nisInvalidRule(10, error);\nisInvalidRule([12, 24], error);",
              "err": {},
              "uuid": "473a628c-f3fc-4162-80eb-aa12207d6fe9",
              "parentUUID": "227feb0c-effe-46df-a539-a30e9c95b2ce",
              "isHook": false,
              "skipped": false
            },
            {
              "title": "should not validate satisfy rules with extra properties",
              "fullTitle": "satisfyRuleSchema should not validate satisfy rules with extra properties",
              "timedOut": false,
              "duration": 1,
              "state": "passed",
              "speed": "fast",
              "pass": true,
              "fail": false,
              "pending": false,
              "context": null,
              "code": "isInvalidRule({\n        and: [\n            { or: [\"2k\"], abc: \"def\" },\n            { mc: 8, ghi: \"jkl\" },\n        ],\n        mno: \"pqr\",\n    }, {\n        instancePath: \"/and/0\",\n        message: \"or satisfy rule should have property 'or' only\",\n    }, {\n        instancePath: \"/and/1\",\n        message: \"MC satisfy rule should have property 'mc' only\",\n    }, {\n        instancePath: \"\",\n        message: \"and satisfy rule should have property 'and' only\",\n    })",
              "err": {},
              "uuid": "e4baf25b-9d82-40f7-968d-81c4532629aa",
              "parentUUID": "227feb0c-effe-46df-a539-a30e9c95b2ce",
              "isHook": false,
              "skipped": false
            },
            {
              "title": "should not validate ambiguous satisfy rules",
              "fullTitle": "satisfyRuleSchema should not validate ambiguous satisfy rules",
              "timedOut": false,
              "duration": 0,
              "state": "passed",
              "speed": "fast",
              "pass": true,
              "fail": false,
              "pending": false,
              "context": null,
              "code": "const message = \"satisfy rule should have only one of properties 'mc', 'and', 'or'\";\nisInvalidRule({\n    or: [\n        { mc: 5, and: [\"CS2040\"] },\n        { and: [{ and: [\"abc\"], or: [\"def\"] }] },\n    ],\n}, { instancePath: \"/or/0\", message }, { instancePath: \"/or/1/and/0\", message });",
              "err": {},
              "uuid": "7b373084-d045-49c5-9419-2d5673e06f7e",
              "parentUUID": "227feb0c-effe-46df-a539-a30e9c95b2ce",
              "isHook": false,
              "skipped": false
            },
            {
              "title": "should not validate and satisfy rules with non-array property",
              "fullTitle": "satisfyRuleSchema should not validate and satisfy rules with non-array property",
              "timedOut": false,
              "duration": 0,
              "state": "passed",
              "speed": "fast",
              "pass": true,
              "fail": false,
              "pending": false,
              "context": null,
              "code": "const message = \"property 'and' should be an array of satisfy rules\";\nisInvalidRule({ or: [{ and: {} }, { or: [{ and: 3 }] }] }, { instancePath: \"/or/0/and\", message }, { instancePath: \"/or/1/or/0/and\", message });",
              "err": {},
              "uuid": "f8b763d6-80cc-4890-b289-ab375b1db8d7",
              "parentUUID": "227feb0c-effe-46df-a539-a30e9c95b2ce",
              "isHook": false,
              "skipped": false
            },
            {
              "title": "should not validate or satisfy rules with non-array property",
              "fullTitle": "satisfyRuleSchema should not validate or satisfy rules with non-array property",
              "timedOut": false,
              "duration": 1,
              "state": "passed",
              "speed": "fast",
              "pass": true,
              "fail": false,
              "pending": false,
              "context": null,
              "code": "const message = \"property 'or' should be an array of satisfy rules\";\nisInvalidRule({ and: [{ or: {} }, { and: [{ or: 3 }] }] }, { instancePath: \"/and/0/or\", message }, { instancePath: \"/and/1/and/0/or\", message });",
              "err": {},
              "uuid": "a4124039-e4e6-4a99-b508-74d9cd856076",
              "parentUUID": "227feb0c-effe-46df-a539-a30e9c95b2ce",
              "isHook": false,
              "skipped": false
            }
          ],
          "suites": [],
          "passes": [
            "323edc73-c2b4-406b-9db3-86350ef4cc78",
            "408a9a75-3dca-4240-9093-df759272fc1b",
            "6cb55559-5ff9-4458-b5a6-0eeb3682c52f",
            "473a628c-f3fc-4162-80eb-aa12207d6fe9",
            "e4baf25b-9d82-40f7-968d-81c4532629aa",
            "7b373084-d045-49c5-9419-2d5673e06f7e",
            "f8b763d6-80cc-4890-b289-ab375b1db8d7",
            "a4124039-e4e6-4a99-b508-74d9cd856076"
          ],
          "failures": [],
          "pending": [],
          "skipped": [],
          "duration": 10,
          "root": false,
          "rootEmpty": false,
          "_timeout": 2000
        }
      ],
      "passes": [],
      "failures": [],
      "pending": [],
      "skipped": [],
      "duration": 0,
      "root": true,
      "rootEmpty": true,
      "_timeout": 2000
    }
  ],
  "meta": {
    "mocha": {
      "version": "9.1.1"
    },
    "mochawesome": {
      "options": {
        "quiet": false,
        "reportFilename": "mochawesome",
        "saveHtml": true,
        "saveJson": true,
        "consoleReporter": "spec",
        "useInlineDiffs": false,
        "code": true
      },
      "version": "6.2.2"
    },
    "marge": {
      "options": {
        "reportDir": "docs"
      },
      "version": "5.2.0"
    }
  }
}