{
  "stats": {
    "suites": 6,
    "tests": 29,
    "passes": 29,
    "pending": 0,
    "failures": 0,
    "start": "2021-06-21T09:55:51.024Z",
    "end": "2021-06-21T09:55:51.378Z",
    "duration": 354,
    "testsRegistered": 29,
    "passPercent": 100,
    "pendingPercent": 0,
    "other": 0,
    "hasOther": false,
    "skipped": 0,
    "hasSkipped": false
  },
  "results": [
    {
      "uuid": "301e6663-ff46-48ca-b355-bd8209891c5e",
      "title": "",
      "fullFile": "",
      "file": "",
      "beforeHooks": [],
      "afterHooks": [],
      "tests": [],
      "suites": [
        {
          "uuid": "e235fe3a-9dde-4939-b697-7c0b5b069e94",
          "title": "initDirectories",
          "fullFile": "/home/runner/work/planwithus-lib/planwithus-lib/src/block/schemas.test.ts",
          "file": "/src/block/schemas.test.ts",
          "beforeHooks": [],
          "afterHooks": [],
          "tests": [
            {
              "title": "should parse all blocks with no errors",
              "fullTitle": "initDirectories should parse all blocks with no errors",
              "timedOut": false,
              "duration": 4,
              "state": "passed",
              "speed": "fast",
              "pass": true,
              "fail": false,
              "pending": false,
              "context": null,
              "code": "_1.initDirectories.should.not.throw()",
              "err": {},
              "uuid": "b5a8b5f7-9c77-498f-8d5f-5c298883d7ca",
              "parentUUID": "e235fe3a-9dde-4939-b697-7c0b5b069e94",
              "isHook": false,
              "skipped": false
            },
            {
              "title": "should produce primary, second & minor directories",
              "fullTitle": "initDirectories should produce primary, second & minor directories",
              "timedOut": false,
              "duration": 50,
              "state": "passed",
              "speed": "medium",
              "pass": true,
              "fail": false,
              "pending": false,
              "context": null,
              "code": "const directories = await _1.initDirectories();\ndirectories.should.have.property(\"primary\");\ndirectories.should.have.property(\"second\");\ndirectories.should.have.property(\"minor\");",
              "err": {},
              "uuid": "c3d85ef8-0175-4545-bd6c-abc36ec75d2d",
              "parentUUID": "e235fe3a-9dde-4939-b697-7c0b5b069e94",
              "isHook": false,
              "skipped": false
            }
          ],
          "suites": [],
          "passes": [
            "b5a8b5f7-9c77-498f-8d5f-5c298883d7ca",
            "c3d85ef8-0175-4545-bd6c-abc36ec75d2d"
          ],
          "failures": [],
          "pending": [],
          "skipped": [],
          "duration": 54,
          "root": false,
          "rootEmpty": false,
          "_timeout": 2000
        },
        {
          "uuid": "9a3365fc-4434-4db7-a23a-0a3ac3647ff7",
          "title": "blockSchema",
          "fullFile": "/home/runner/work/planwithus-lib/planwithus-lib/src/block/schemas.test.ts",
          "file": "/src/block/schemas.test.ts",
          "beforeHooks": [],
          "afterHooks": [],
          "tests": [
            {
              "title": "should validate valid block",
              "fullTitle": "blockSchema should validate valid block",
              "timedOut": false,
              "duration": 228,
              "state": "passed",
              "speed": "slow",
              "pass": true,
              "fail": false,
              "pending": false,
              "context": "[\n  {\n    \"title\": \"block sample 0\",\n    \"value\": {\n      \"name\": \"x{%P^$!Dxn\",\n      \"assign\": [\n        \"?t{BZykT5L\"\n      ],\n      \"match\": [\n        {\n          \"pattern\": \"ANN7J\",\n          \"exclude\": \"TWR30H\",\n          \"info\": \"p(\"\n        },\n        \"KA1x\"\n      ],\n      \"satisfy\": {\n        \"mc\": \">=77\"\n      },\n      \"url\": \"http://a.tkqwpn/zY_c:/C%F1%9A%B5%8E%F1%93%84%A0BA/YCPG$IH/ZIpsqy/N.r7_DDJ\",\n      \"info\": \"}%^\"\n    }\n  },\n  {\n    \"title\": \"block sample 1\",\n    \"value\": {\n      \"name\": \"zO!@qXS'|\",\n      \"ay\": 1985,\n      \"assign\": [\n        \"r)5@oGF}9\",\n        \"-u@\",\n        \"dnbHg7i\"\n      ],\n      \"url\": \"http://jjy39o8jv2napx3hdpdyi5-5cjxh6wd9l9rz.v3uk5ipy8sebfw3snda3q14eht-78mtgxn.dkrp9z3its6xxfg5y7s56e8qup11ffq24aw8pb0379i.bkab/ca%F3%B2%80%8Akh8%F2%9B%B0%95oiA/K6J/3T%F1%B1%B5%ACuKA%F1%88%B5%A4p%F2%97%AE%89I/c/,FT/\",\n      \"info\": \"xIz$I*&_\",\n      \"RS(?cF2%?]\": {\n        \"name\": \"/d0x\",\n        \"ay\": 2021,\n        \"assign\": [],\n        \"match\": {\n          \"or\": [\n            {\n              \"pattern\": \"FW550x\",\n              \"exclude\": [\n                \"JHO4413\",\n                \"IX*\",\n                \"IL68\"\n              ],\n              \"info\": \"9.xq}\"\n            },\n            \"JN92L\",\n            {\n              \"and\": [\n                {\n                  \"pattern\": \"UH844N\",\n                  \"exclude\": []\n                }\n              ]\n            }\n          ]\n        },\n        \"satisfy\": [],\n        \"url\": \"http://x.oqzuyvlju/s)5OD4%F4%87%A5%92J:2/-yeIu/H)gmd=Ex/5;aeO-/G=ch//!+s+2w%F2%B3%B5%B5/&t)@h+\",\n        \"\": {\n          \"name\": \"\\\\Axyc-G\",\n          \"assign\": [\n            \"A3b7 b4ul\",\n            \" \"\n          ],\n          \"match\": {\n            \"pattern\": \"GSI351C\",\n            \"exclude\": \"UWT7A\",\n            \"info\": \",[j*\"\n          },\n          \"satisfy\": [\n            \"Yev\"\n          ],\n          \"info\": \"~s?@^&$fgs\"\n        },\n        \"gA@`<\\\"X\": {\n          \"name\": \"sokL8zx$=\",\n          \"ay\": 1966,\n          \"assign\": [\n            \"\"\n          ],\n          \"match\": [\n            {\n              \"or\": [\n                {\n                  \"or\": [\n                    {\n                      \"or\": [\n                        {\n                          \"or\": [\n                            \"PIK6468\",\n                            \"PB7V\",\n                            {\n                              \"pattern\": \"GT39\",\n                              \"exclude\": \"YC4\",\n                              \"info\": \"~U2`or\"\n                            },\n                            \"JQ9229\",\n                            \"WMI863\"\n                          ]\n                        },\n                        \"OG34R\",\n                        \"VKN9xK\"\n                      ]\n                    },\n                    {\n                      \"pattern\": \"MWHx7N\",\n                      \"exclude\": [\n                        \"IUY717I\",\n                        \"HWW7\",\n                        \"GOH36*0\",\n                        \"ML352J\"\n                      ],\n                      \"info\": \"f\"\n                    },\n                    \"YI145\",\n                    {\n                      \"pattern\": \"OYKx8X\",\n                      \"exclude\": [\n                        \"OW8P\"\n                      ],\n                      \"info\": \"?xQUHt(V\"\n                    },\n                    {\n                      \"or\": [\n                        {\n                          \"pattern\": \"HU906\",\n                          \"exclude\": [],\n                          \"info\": \"QP=$On\"\n                        },\n                        {\n                          \"and\": []\n                        }\n                      ]\n                    }\n                  ]\n                }\n              ]\n            },\n            {\n              \"pattern\": \"MYB597x\",\n              \"exclude\": [\n                \"QK2x2\"\n              ],\n              \"info\": \"U 2Vq,}\"\n            },\n            {\n              \"pattern\": \"BT0\",\n              \"exclude\": \"RK1*74R\",\n              \"info\": \"4|*\"\n            },\n            {\n              \"or\": [\n                \"BW**01H\"\n              ]\n            }\n          ],\n          \"satisfy\": [\n            {\n              \"and\": []\n            }\n          ],\n          \"url\": \"http://rpb5co5vu56kwz-s0x5tmdpmlw2aw17mofsaem0gmtg1hbougpjgqbpsl7.qy4h4eh49hy5uboytb4gt29w75lode1ceutcwcj5fwkhrh-0s.h43nbuojl638cqxoavzwxy3.66vzfts3mrc9cjeijzz97gsry8h--rcd89k.knqn5v8svirnw9wch58i.eis/Ajzz,%F4%81%88%8FM3A-/\"\n        }\n      }\n    }\n  },\n  {\n    \"title\": \"block sample 2\",\n    \"value\": {\n      \"name\": \"Jx1&U\",\n      \"ay\": 2025,\n      \"assign\": [\n        \"OSE~\"\n      ],\n      \"match\": {\n        \"or\": []\n      },\n      \"satisfy\": {\n        \"or\": [\n          {\n            \"mc\": \"<=3\"\n          },\n          \"\"\n        ]\n      },\n      \"url\": \"http://nlnu6--ndf2y6a9or6wx50fcd6n6iq1tgwvs0qo9wsyl6y-nch34twe.zkismct/ODpmZh%F2%9E%96%A1/.q/j$9\",\n      \"info\": \"xu$7G$71\"\n    }\n  },\n  {\n    \"title\": \"block sample 3\",\n    \"value\": {\n      \"name\": \"wnde|\",\n      \"assign\": \"A\",\n      \"match\": {\n        \"and\": [\n          {\n            \"pattern\": \"ZLW58K\",\n            \"exclude\": [\n              \"NZ55*0A\",\n              \"AD9\",\n              \"AH*T\"\n            ]\n          },\n          \"UB079\",\n          {\n            \"and\": [\n              {\n                \"or\": [\n                  {\n                    \"or\": [\n                      \"JGN09*2\",\n                      \"HXCxA\",\n                      \"IIR489V\"\n                    ]\n                  }\n                ]\n              },\n              {\n                \"or\": [\n                  \"QIT20B\",\n                  \"EEI5077S\",\n                  \"PW3x77\"\n                ]\n              }\n            ]\n          },\n          {\n            \"or\": [\n              {\n                \"and\": []\n              },\n              \"MOT1\",\n              \"PCT69\",\n              {\n                \"and\": [\n                  {\n                    \"or\": [\n                      \"NF0463\"\n                    ]\n                  },\n                  {\n                    \"pattern\": \"HND968V\",\n                    \"exclude\": [],\n                    \"info\": \"o=`QqC&u\"\n                  },\n                  {\n                    \"or\": [\n                      \"OOP96\",\n                      \"YED2\",\n                      \"XX48\",\n                      \"CXX*0K\"\n                    ]\n                  }\n                ]\n              }\n            ]\n          }\n        ]\n      },\n      \"satisfy\": {\n        \"mc\": \"<=2\"\n      },\n      \"url\": \"http://xx9.na73z1a22q9alve72f092s4852qg.tyfrp/@C*//=\",\n      \"info\": \")ZKW;9\"\n    }\n  },\n  {\n    \"title\": \"block sample 4\",\n    \"value\": {\n      \"name\": \"\\\"z\",\n      \"ay\": 1962,\n      \"match\": {\n        \"or\": [\n          {\n            \"and\": [\n              \"YHU5436H\"\n            ]\n          }\n        ]\n      },\n      \"satisfy\": [\n        {\n          \"or\": [\n            {\n              \"and\": [\n                \"](nR0wAl#3\"\n              ]\n            },\n            {\n              \"and\": [\n                {\n                  \"mc\": \">=42\"\n                },\n                \"qGl#qN\"\n              ]\n            },\n            {\n              \"or\": []\n            }\n          ]\n        },\n        {\n          \"mc\": \"<=69\"\n        }\n      ],\n      \"info\": \"#\"\n    }\n  },\n  {\n    \"title\": \"block sample 5\",\n    \"value\": {\n      \"name\": \",\",\n      \"ay\": 2009,\n      \"assign\": \"B\",\n      \"match\": {\n        \"or\": [\n          {\n            \"pattern\": \"LY17x0\",\n            \"exclude\": \"NM24W\",\n            \"info\": \"1ahf`:^\"\n          },\n          \"AHL7P\",\n          {\n            \"pattern\": \"XM6\",\n            \"exclude\": [\n              \"EQ0F\",\n              \"GL4U\",\n              \"TGY520\",\n              \"IYR41J\"\n            ],\n            \"info\": \"|9oMqO\"\n          }\n        ]\n      },\n      \"satisfy\": [\n        {\n          \"or\": [\n            {\n              \"and\": [\n                {\n                  \"or\": [\n                    \"8%L&W\"\n                  ]\n                },\n                \"ZdIvI`G\",\n                {\n                  \"or\": [\n                    {\n                      \"and\": [\n                        \"P'\\\\I\",\n                        \"q\",\n                        \"ZUk\"\n                      ]\n                    },\n                    \"5fER2*\",\n                    {\n                      \"or\": [\n                        \"S\",\n                        \"4{tN#}Rl&\",\n                        \"-&S}Wk\",\n                        \"fz,R37*t\"\n                      ]\n                    }\n                  ]\n                }\n              ]\n            }\n          ]\n        }\n      ],\n      \"info\": \"_\\\\KK`RV<Y\"\n    }\n  },\n  {\n    \"title\": \"block sample 6\",\n    \"value\": {\n      \"name\": \"~%l\",\n      \"ay\": 2010,\n      \"assign\": [\n        \"e4<l|WH':Z\"\n      ],\n      \"match\": [],\n      \"satisfy\": {\n        \"mc\": \">=6\"\n      },\n      \"info\": \"_vH8EN\"\n    }\n  },\n  {\n    \"title\": \"block sample 7\",\n    \"value\": {\n      \"name\": \"p{#\",\n      \"ay\": 1955,\n      \"assign\": \"Z#\",\n      \"match\": \"YCE90*3\",\n      \"satisfy\": \";t+\",\n      \"info\": \"#xGZ~\"\n    }\n  },\n  {\n    \"title\": \"block sample 8\",\n    \"value\": {\n      \"ay\": 1950,\n      \"assign\": \" 9^\",\n      \"match\": [\n        {\n          \"or\": [\n            {\n              \"or\": [\n                {\n                  \"pattern\": \"BH6\",\n                  \"exclude\": [\n                    \"YAJ57\"\n                  ],\n                  \"info\": \"!AQZd}-<e\"\n                }\n              ]\n            },\n            \"QB2728\",\n            \"YC0\"\n          ]\n        },\n        {\n          \"or\": [\n            {\n              \"or\": [\n                \"PMQ3078\",\n                \"VT08X\",\n                {\n                  \"and\": [\n                    \"BV662\",\n                    \"OB78\",\n                    \"LS9F\"\n                  ]\n                },\n                {\n                  \"pattern\": \"VC5B\",\n                  \"info\": \"k,\"\n                }\n              ]\n            }\n          ]\n        },\n        {\n          \"or\": [\n            {\n              \"or\": [\n                \"YZH26K\",\n                \"HZQ*O\",\n                \"VTFx20\"\n              ]\n            },\n            {\n              \"or\": [\n                {\n                  \"pattern\": \"SYU6\",\n                  \"exclude\": [\n                    \"HNV48\",\n                    \"EKV14S\",\n                    \"RW71x2\"\n                  ],\n                  \"info\": \"4oDvJuIC\"\n                },\n                {\n                  \"pattern\": \"FD4\",\n                  \"exclude\": [],\n                  \"info\": \"T=GHO|0P9$\"\n                },\n                {\n                  \"and\": []\n                },\n                \"WWxV\",\n                \"BB635M\"\n              ]\n            }\n          ]\n        }\n      ],\n      \"satisfy\": [\n        \"s!Tc%a'3\",\n        {\n          \"or\": [\n            {\n              \"mc\": \"<=35\"\n            },\n            {\n              \"and\": [\n                \"<E1w+H'kG\"\n              ]\n            }\n          ]\n        }\n      ],\n      \"info\": \"OxW\"\n    }\n  },\n  {\n    \"title\": \"block sample 9\",\n    \"value\": {\n      \"name\": \"x#kyyc%Lx\",\n      \"ay\": 1993,\n      \"assign\": \"e}K}!:]A%#\",\n      \"match\": [\n        \"SLL8995I\",\n        {\n          \"pattern\": \"CYC3E\",\n          \"exclude\": [\n            \"KI*4x*U\"\n          ],\n          \"info\": \"Ji4b(~h\"\n        },\n        {\n          \"or\": [\n            {\n              \"pattern\": \"DBU9\",\n              \"exclude\": [\n                \"PJA3\",\n                \"FH*1U\",\n                \"NO2Q\",\n                \"XQ9*3C\",\n                \"PXO750\"\n              ],\n              \"info\": \"!<\"\n            },\n            {\n              \"and\": [\n                \"WMN0xS\",\n                {\n                  \"and\": [\n                    {\n                      \"and\": [\n                        {\n                          \"or\": []\n                        },\n                        \"QCT6568A\"\n                      ]\n                    }\n                  ]\n                },\n                {\n                  \"or\": [\n                    \"LMC6D\",\n                    \"GA8548\",\n                    \"VU1G\",\n                    \"WZ9xZ\"\n                  ]\n                }\n              ]\n            },\n            \"DVA4636\",\n            \"AG*417K\",\n            {\n              \"or\": [\n                \"EH0x8*\"\n              ]\n            }\n          ]\n        },\n        {\n          \"and\": [\n            {\n              \"pattern\": \"MB50\",\n              \"exclude\": [\n                \"PD6125R\",\n                \"DW48L\",\n                \"TH9H\"\n              ],\n              \"info\": \"K$}\"\n            }\n          ]\n        }\n      ],\n      \"satisfy\": {\n        \"mc\": \"<=5\"\n      },\n      \"url\": \"http://d2d1b.nizfyb/n/Zt7DA/w/qS@Ch/%F3%9A%90%AEM&Purty$//;p/4hs&z+U/:4uZ2/I*(=%F2%AC%96%B8RX\",\n      \"info\": \"\"\n    }\n  }\n]",
              "code": "fast_check_1.sample(index_test_2.block, 10).forEach((sample, i) => addContext_1.default(this, {\n    title: `block sample ${i}`,\n    value: sample,\n}));\nreturn fast_check_1.assert(fast_check_1.property(index_test_2.block, ajvValidate));",
              "err": {},
              "uuid": "46081fa6-acb3-4536-8c9e-4ee19a56f5aa",
              "parentUUID": "9a3365fc-4434-4db7-a23a-0a3ac3647ff7",
              "isHook": false,
              "skipped": false
            },
            {
              "title": "should not validate non-object",
              "fullTitle": "blockSchema should not validate non-object",
              "timedOut": false,
              "duration": 2,
              "state": "passed",
              "speed": "fast",
              "pass": true,
              "fail": false,
              "pending": false,
              "context": null,
              "code": "const error = {\n    instancePath: \"\",\n    message: \"block should be an object\",\n};\nisInvalidBlock(null, error);\nisInvalidBlock(undefined, error);\nisInvalidBlock(10, error);\nisInvalidBlock([12, 24], error);\nisInvalidBlock(\"abc\", error);",
              "err": {},
              "uuid": "0641cf24-e74c-4e66-87a7-11eb6adb5b89",
              "parentUUID": "9a3365fc-4434-4db7-a23a-0a3ac3647ff7",
              "isHook": false,
              "skipped": false
            },
            {
              "title": "should not validate block with invalid properties",
              "fullTitle": "blockSchema should not validate block with invalid properties",
              "timedOut": false,
              "duration": 0,
              "state": "passed",
              "speed": "fast",
              "pass": true,
              "fail": false,
              "pending": false,
              "context": null,
              "code": "isInvalidBlock({\n        name: { foo: \"bar\" },\n        ay: -1000,\n        assign: {},\n        match: 1,\n        satisfy: 2,\n        url: { abc: \"def\" },\n        info: 42,\n    }, { instancePath: \"/name\", message: \"property 'name' should be a string\" }, {\n        instancePath: \"/ay\",\n        message: \"property 'ay' should be a positive integer\",\n    }, {\n        instancePath: \"/assign\",\n        message: \"property 'assign' should be either a block ID or an array of block IDs\",\n    }, {\n        instancePath: \"/match\",\n        message: \"property 'match' should be either a match rule or an array of match rules\",\n    }, {\n        instancePath: \"/satisfy\",\n        message: \"property 'satisfy' should be either a satisfy rule or an array of satisfy rules\",\n    }, { instancePath: \"/url\", message: \"property 'url' should be a string\" }, { instancePath: \"/info\", message: \"property 'info' should be a string\" })",
              "err": {},
              "uuid": "358dd51c-cc45-4c81-be75-969695a83b3e",
              "parentUUID": "9a3365fc-4434-4db7-a23a-0a3ac3647ff7",
              "isHook": false,
              "skipped": false
            }
          ],
          "suites": [],
          "passes": [
            "46081fa6-acb3-4536-8c9e-4ee19a56f5aa",
            "0641cf24-e74c-4e66-87a7-11eb6adb5b89",
            "358dd51c-cc45-4c81-be75-969695a83b3e"
          ],
          "failures": [],
          "pending": [],
          "skipped": [],
          "duration": 230,
          "root": false,
          "rootEmpty": false,
          "_timeout": 2000
        },
        {
          "uuid": "37f43419-687a-4a24-8f56-a26a849b448e",
          "title": "patternSchema",
          "fullFile": "/home/runner/work/planwithus-lib/planwithus-lib/src/matchRule/pattern/schemas.test.ts",
          "file": "/src/matchRule/pattern/schemas.test.ts",
          "beforeHooks": [],
          "afterHooks": [],
          "tests": [
            {
              "title": "should validate non-empty pattern composed of A-Z, 0-9, x or *",
              "fullTitle": "patternSchema should validate non-empty pattern composed of A-Z, 0-9, x or *",
              "timedOut": false,
              "duration": 1,
              "state": "passed",
              "speed": "fast",
              "pass": true,
              "fail": false,
              "pending": false,
              "context": "[\n  {\n    \"title\": \"pattern sample 0\",\n    \"value\": \"DLP86I\"\n  },\n  {\n    \"title\": \"pattern sample 1\",\n    \"value\": \"WF09\"\n  },\n  {\n    \"title\": \"pattern sample 2\",\n    \"value\": \"WXW24\"\n  },\n  {\n    \"title\": \"pattern sample 3\",\n    \"value\": \"OQ0x\"\n  },\n  {\n    \"title\": \"pattern sample 4\",\n    \"value\": \"XD7P\"\n  },\n  {\n    \"title\": \"pattern sample 5\",\n    \"value\": \"BN8\"\n  },\n  {\n    \"title\": \"pattern sample 6\",\n    \"value\": \"WN62Y\"\n  },\n  {\n    \"title\": \"pattern sample 7\",\n    \"value\": \"UD3487\"\n  },\n  {\n    \"title\": \"pattern sample 8\",\n    \"value\": \"TNC2**7\"\n  },\n  {\n    \"title\": \"pattern sample 9\",\n    \"value\": \"KEP2855\"\n  }\n]",
              "code": "fast_check_1.sample(index_test_2.pattern, 10).forEach((sample, i) => addContext_1.default(this, {\n    title: `pattern sample ${i}`,\n    value: sample,\n}));\nreturn fast_check_1.assert(fast_check_1.property(index_test_2.pattern, ajvValidate), {\n    examples: [[\"*\"], [\"ACC1002\"], [\"IS1103\"], [\"CS1231S\"], [\"MA1102R\"]],\n});",
              "err": {},
              "uuid": "35c0bc2d-0a62-46af-ac5f-c373af67172d",
              "parentUUID": "37f43419-687a-4a24-8f56-a26a849b448e",
              "isHook": false,
              "skipped": false
            },
            {
              "title": "should not validate empty pattern",
              "fullTitle": "patternSchema should not validate empty pattern",
              "timedOut": false,
              "duration": 0,
              "state": "passed",
              "speed": "fast",
              "pass": true,
              "fail": false,
              "pending": false,
              "context": null,
              "code": "isInvalidPattern(\"\")",
              "err": {},
              "uuid": "91b5c708-f74c-4fef-86e8-06f8d1e2cd7a",
              "parentUUID": "37f43419-687a-4a24-8f56-a26a849b448e",
              "isHook": false,
              "skipped": false
            },
            {
              "title": "should not validate pattern with invalid characters",
              "fullTitle": "patternSchema should not validate pattern with invalid characters",
              "timedOut": false,
              "duration": 1,
              "state": "passed",
              "speed": "fast",
              "pass": true,
              "fail": false,
              "pending": false,
              "context": null,
              "code": "[\"AB123a\", \"Ac123a\", \"AB123^S\", \"AB1*3^S\", \"$A1*3^S\", \"/A1x33S\"].forEach(isInvalidPattern)",
              "err": {},
              "uuid": "8be7e682-b701-484f-8489-85a3812b5963",
              "parentUUID": "37f43419-687a-4a24-8f56-a26a849b448e",
              "isHook": false,
              "skipped": false
            }
          ],
          "suites": [],
          "passes": [
            "35c0bc2d-0a62-46af-ac5f-c373af67172d",
            "91b5c708-f74c-4fef-86e8-06f8d1e2cd7a",
            "8be7e682-b701-484f-8489-85a3812b5963"
          ],
          "failures": [],
          "pending": [],
          "skipped": [],
          "duration": 2,
          "root": false,
          "rootEmpty": false,
          "_timeout": 2000
        },
        {
          "uuid": "026c73d7-0053-4aaf-a2ab-b044e8ac788d",
          "title": "matchRuleSchema",
          "fullFile": "/home/runner/work/planwithus-lib/planwithus-lib/src/matchRule/schemas.test.ts",
          "file": "/src/matchRule/schemas.test.ts",
          "beforeHooks": [],
          "afterHooks": [],
          "tests": [
            {
              "title": "should validate match rule with valid pattern",
              "fullTitle": "matchRuleSchema should validate match rule with valid pattern",
              "timedOut": false,
              "duration": 1,
              "state": "passed",
              "speed": "fast",
              "pass": true,
              "fail": false,
              "pending": false,
              "context": "[\n  {\n    \"title\": \"pattern sample 0\",\n    \"value\": \"CK1\"\n  },\n  {\n    \"title\": \"pattern sample 1\",\n    \"value\": \"QN9W\"\n  },\n  {\n    \"title\": \"pattern sample 2\",\n    \"value\": \"RRE0T\"\n  },\n  {\n    \"title\": \"pattern sample 3\",\n    \"value\": \"TCC686A\"\n  },\n  {\n    \"title\": \"pattern sample 4\",\n    \"value\": \"TM119\"\n  },\n  {\n    \"title\": \"pattern sample 5\",\n    \"value\": \"LJ5\"\n  },\n  {\n    \"title\": \"pattern sample 6\",\n    \"value\": \"WB9X\"\n  },\n  {\n    \"title\": \"pattern sample 7\",\n    \"value\": \"UH722\"\n  },\n  {\n    \"title\": \"pattern sample 8\",\n    \"value\": \"RR8Z\"\n  },\n  {\n    \"title\": \"pattern sample 9\",\n    \"value\": \"OE0*M\"\n  }\n]",
              "code": "fast_check_1.sample(index_test_3.pattern, 10).forEach((sample, i) => addContext_1.default(this, {\n    title: `pattern sample ${i}`,\n    value: sample,\n}));\nreturn fast_check_1.assert(fast_check_1.property(index_test_3.pattern, ajvValidate));",
              "err": {},
              "uuid": "8a3c9a3b-2ae7-4c90-b1f2-e79b2cc0c9d9",
              "parentUUID": "026c73d7-0053-4aaf-a2ab-b044e8ac788d",
              "isHook": false,
              "skipped": false
            },
            {
              "title": "should validate match rules with valid pattern, exclude and info",
              "fullTitle": "matchRuleSchema should validate match rules with valid pattern, exclude and info",
              "timedOut": false,
              "duration": 4,
              "state": "passed",
              "speed": "fast",
              "pass": true,
              "fail": false,
              "pending": false,
              "context": "[\n  {\n    \"title\": \"patternMatchRule sample 0\",\n    \"value\": {\n      \"pattern\": \"WQW5\",\n      \"exclude\": \"WH879M\",\n      \"info\": \"b|}##p,9a\"\n    }\n  },\n  {\n    \"title\": \"patternMatchRule sample 1\",\n    \"value\": {\n      \"pattern\": \"MA1203Q\",\n      \"exclude\": [\n        \"RW2\"\n      ],\n      \"info\": \"%R^\"\n    }\n  },\n  {\n    \"title\": \"patternMatchRule sample 2\",\n    \"value\": {\n      \"pattern\": \"CG7189\",\n      \"info\": \"# g8$z~\"\n    }\n  },\n  {\n    \"title\": \"patternMatchRule sample 3\",\n    \"value\": {\n      \"pattern\": \"AN1*S\",\n      \"exclude\": \"JG64C\",\n      \"info\": \"$s\"\n    }\n  },\n  {\n    \"title\": \"patternMatchRule sample 4\",\n    \"value\": {\n      \"pattern\": \"YWOx\",\n      \"info\": \"\\\" !\"\n    }\n  },\n  {\n    \"title\": \"patternMatchRule sample 5\",\n    \"value\": {\n      \"pattern\": \"UQ10\",\n      \"exclude\": \"XV6620\",\n      \"info\": \"#|C &\"\n    }\n  },\n  {\n    \"title\": \"patternMatchRule sample 6\",\n    \"value\": {\n      \"pattern\": \"EY245\",\n      \"exclude\": \"SWV6*\",\n      \"info\": \",x%\"\n    }\n  },\n  {\n    \"title\": \"patternMatchRule sample 7\",\n    \"value\": {\n      \"pattern\": \"JY3x\",\n      \"exclude\": \"CTZ3O\",\n      \"info\": \"z0;Anu\"\n    }\n  },\n  {\n    \"title\": \"patternMatchRule sample 8\",\n    \"value\": {\n      \"pattern\": \"HMS6**K\",\n      \"exclude\": \"PE0\"\n    }\n  },\n  {\n    \"title\": \"patternMatchRule sample 9\",\n    \"value\": {\n      \"pattern\": \"SN6\",\n      \"exclude\": [\n        \"IP*0x\",\n        \"KC8\"\n      ],\n      \"info\": \" z&}r&pv<\"\n    }\n  }\n]",
              "code": "fast_check_1.sample(index_test_2.patternMatchRule, 10).forEach((sample, i) => addContext_1.default(this, {\n    title: `patternMatchRule sample ${i}`,\n    value: sample,\n}));\nreturn fast_check_1.assert(fast_check_1.property(index_test_2.patternMatchRule, ajvValidate));",
              "err": {},
              "uuid": "bd0630d2-3e87-4361-bce6-4d0b6b27681a",
              "parentUUID": "026c73d7-0053-4aaf-a2ab-b044e8ac788d",
              "isHook": false,
              "skipped": false
            },
            {
              "title": "should validate valid recursive match rules",
              "fullTitle": "matchRuleSchema should validate valid recursive match rules",
              "timedOut": false,
              "duration": 7,
              "state": "passed",
              "speed": "fast",
              "pass": true,
              "fail": false,
              "pending": false,
              "context": "[\n  {\n    \"title\": \"matchRule sample 0\",\n    \"value\": {\n      \"or\": [\n        \"CLR2xx\",\n        {\n          \"or\": [\n            \"AV2xT\",\n            {\n              \"pattern\": \"EZ0*0B\"\n            },\n            \"HVP743Z\",\n            {\n              \"or\": [\n                \"MW4\",\n                {\n                  \"pattern\": \"FML3*5x\",\n                  \"exclude\": [\n                    \"AE14U\",\n                    \"XS42\",\n                    \"GMV7Y\",\n                    \"DGK103*\",\n                    \"OS2\"\n                  ]\n                },\n                {\n                  \"or\": [\n                    {\n                      \"pattern\": \"YK9786J\",\n                      \"exclude\": [\n                        \"YT94\"\n                      ],\n                      \"info\": \"A\"\n                    },\n                    \"OSx\",\n                    \"LZT9086\"\n                  ]\n                },\n                \"SNF5P\",\n                \"QSU6x\"\n              ]\n            },\n            \"GA7001S\"\n          ]\n        }\n      ]\n    }\n  },\n  {\n    \"title\": \"matchRule sample 1\",\n    \"value\": {\n      \"pattern\": \"NF937\",\n      \"exclude\": \"PQ71\",\n      \"info\": \"3\"\n    }\n  },\n  {\n    \"title\": \"matchRule sample 2\",\n    \"value\": \"GY*D\"\n  },\n  {\n    \"title\": \"matchRule sample 3\",\n    \"value\": {\n      \"or\": [\n        \"RQ37\"\n      ]\n    }\n  },\n  {\n    \"title\": \"matchRule sample 4\",\n    \"value\": \"WJ4x\"\n  },\n  {\n    \"title\": \"matchRule sample 5\",\n    \"value\": {\n      \"and\": [\n        {\n          \"pattern\": \"WDB4730\",\n          \"exclude\": [],\n          \"info\": \"x[h\\\\ qo\"\n        },\n        {\n          \"pattern\": \"MG*x5D\",\n          \"exclude\": [\n            \"ZNY328\",\n            \"GUVx3*\"\n          ],\n          \"info\": \"-U\"\n        },\n        \"TVx\"\n      ]\n    }\n  },\n  {\n    \"title\": \"matchRule sample 6\",\n    \"value\": {\n      \"or\": [\n        {\n          \"or\": [\n            {\n              \"pattern\": \"XQHx9Q\",\n              \"exclude\": \"YN4G\",\n              \"info\": \"GY\"\n            },\n            {\n              \"or\": [\n                {\n                  \"or\": [\n                    \"IY9456\",\n                    {\n                      \"pattern\": \"CGx5K\",\n                      \"exclude\": \"NS6xxT\"\n                    },\n                    {\n                      \"or\": [\n                        {\n                          \"pattern\": \"FH74Z\",\n                          \"exclude\": \"MWA1M\",\n                          \"info\": \"zy9b]MPE'\"\n                        }\n                      ]\n                    },\n                    \"EV*P\",\n                    \"VY6*5I\"\n                  ]\n                },\n                {\n                  \"pattern\": \"FL949*\",\n                  \"exclude\": \"ERZ818P\",\n                  \"info\": \"Vaj\"\n                }\n              ]\n            },\n            {\n              \"or\": [\n                \"QXCx9L\",\n                \"XUO28N\",\n                {\n                  \"or\": [\n                    \"RV6\",\n                    {\n                      \"and\": [\n                        \"QU92\",\n                        \"XZP2x6*V\",\n                        \"LAB5D\",\n                        {\n                          \"and\": [\n                            \"TKEx3xS\",\n                            \"GTT8xL\",\n                            \"ZL8*x9F\",\n                            \"TL9J\"\n                          ]\n                        }\n                      ]\n                    },\n                    \"ZJ2666Q\",\n                    \"AM40K\"\n                  ]\n                },\n                \"MG0075A\"\n              ]\n            }\n          ]\n        },\n        {\n          \"or\": [\n            {\n              \"pattern\": \"UL2\",\n              \"info\": \"1HV\"\n            },\n            \"GJC8651M\"\n          ]\n        }\n      ]\n    }\n  },\n  {\n    \"title\": \"matchRule sample 7\",\n    \"value\": {\n      \"and\": [\n        {\n          \"and\": []\n        },\n        {\n          \"and\": [\n            {\n              \"and\": [\n                {\n                  \"or\": [\n                    \"RYx14*\",\n                    \"SIAx361\",\n                    {\n                      \"pattern\": \"KZX797O\",\n                      \"exclude\": \"LRI7\",\n                      \"info\": \"\"\n                    },\n                    \"DR08T\",\n                    \"JYB60*H\"\n                  ]\n                },\n                \"VRR65\",\n                \"SP2x*A\",\n                {\n                  \"or\": [\n                    \"EK339P\"\n                  ]\n                }\n              ]\n            },\n            \"VBN97H\",\n            \"PR681x\",\n            {\n              \"or\": [\n                \"DYO5J\"\n              ]\n            }\n          ]\n        },\n        \"SCx*\",\n        {\n          \"or\": [\n            {\n              \"and\": [\n                \"OM973\"\n              ]\n            }\n          ]\n        },\n        {\n          \"and\": []\n        }\n      ]\n    }\n  },\n  {\n    \"title\": \"matchRule sample 8\",\n    \"value\": {\n      \"pattern\": \"UD30*2\",\n      \"exclude\": [\n        \"YT77*\"\n      ],\n      \"info\": \"y\\\"v#o zC%\"\n    }\n  },\n  {\n    \"title\": \"matchRule sample 9\",\n    \"value\": {\n      \"pattern\": \"VB127\",\n      \"exclude\": \"IL*x3\",\n      \"info\": \"#\\\" RB$\"\n    }\n  }\n]",
              "code": "fast_check_1.sample(index_test_2.matchRule, 10).forEach((sample, i) => addContext_1.default(this, {\n    title: `matchRule sample ${i}`,\n    value: sample,\n}));\nreturn fast_check_1.assert(fast_check_1.property(index_test_2.matchRule, ajvValidate));",
              "err": {},
              "uuid": "eb019957-7da5-4b95-af25-8ca96e6659e1",
              "parentUUID": "026c73d7-0053-4aaf-a2ab-b044e8ac788d",
              "isHook": false,
              "skipped": false
            },
            {
              "title": "should not validate non-string/object",
              "fullTitle": "matchRuleSchema should not validate non-string/object",
              "timedOut": false,
              "duration": 1,
              "state": "passed",
              "speed": "fast",
              "pass": true,
              "fail": false,
              "pending": false,
              "context": null,
              "code": "const error = {\n    instancePath: \"\",\n    message: \"match rule should be either a string or an object\",\n};\nisInvalidRule(null, error);\nisInvalidRule(undefined, error);\nisInvalidRule(10, error);\nisInvalidRule([12, 24], error);",
              "err": {},
              "uuid": "47ca02d9-2e90-4bd2-a096-e5d9512aefdd",
              "parentUUID": "026c73d7-0053-4aaf-a2ab-b044e8ac788d",
              "isHook": false,
              "skipped": false
            },
            {
              "title": "should not validate match rules with extra properties",
              "fullTitle": "matchRuleSchema should not validate match rules with extra properties",
              "timedOut": false,
              "duration": 0,
              "state": "passed",
              "speed": "fast",
              "pass": true,
              "fail": false,
              "pending": false,
              "context": null,
              "code": "isInvalidRule({\n        and: [{ or: [{ pattern: \"CS2103T\", info2: \"foobar\" }], abc: \"def\" }],\n        mno: \"pqr\",\n    }, {\n        instancePath: \"/and/0/or/0\",\n        message: \"pattern match rule should have properties 'pattern', 'exclude' (optional) and 'info' (optional) only\",\n    }, {\n        instancePath: \"/and/0\",\n        message: \"or match rule should have property 'or' only\",\n    }, {\n        instancePath: \"\",\n        message: \"and match rule should have property 'and' only\",\n    })",
              "err": {},
              "uuid": "d99d4c4a-f389-4b3f-bba4-838fb5a022a8",
              "parentUUID": "026c73d7-0053-4aaf-a2ab-b044e8ac788d",
              "isHook": false,
              "skipped": false
            },
            {
              "title": "should not validate ambiguous match rules",
              "fullTitle": "matchRuleSchema should not validate ambiguous match rules",
              "timedOut": false,
              "duration": 1,
              "state": "passed",
              "speed": "fast",
              "pass": true,
              "fail": false,
              "pending": false,
              "context": null,
              "code": "const message = \"match rule should have only one of properties 'pattern', 'and', 'or'\";\nisInvalidRule({\n    or: [\n        { pattern: \"CS1231\", and: [] },\n        { pattern: \"CS1231\", or: [] },\n        { and: [{ and: [\"abc\"], or: [\"def\"] }] },\n    ],\n}, { instancePath: \"/or/0\", message }, { instancePath: \"/or/1\", message }, { instancePath: \"/or/2/and/0\", message });",
              "err": {},
              "uuid": "e8b5c5da-89b0-49b0-a765-91fa6b0f89ed",
              "parentUUID": "026c73d7-0053-4aaf-a2ab-b044e8ac788d",
              "isHook": false,
              "skipped": false
            },
            {
              "title": "should not validate pattern match rule with invalid patterns",
              "fullTitle": "matchRuleSchema should not validate pattern match rule with invalid patterns",
              "timedOut": false,
              "duration": 1,
              "state": "passed",
              "speed": "fast",
              "pass": true,
              "fail": false,
              "pending": false,
              "context": null,
              "code": "const message = \"pattern should be a non-empty string composed of A-Z, 0-9, x or *\";\nisInvalidRule({\n    and: [\n        \"CS210c\",\n        { pattern: \"CS2100\", exclude: \"CS1231s\" },\n        { pattern: \"CS210#T\", exclude: [\"CS1231\", \"CS21%\"] },\n    ],\n}, { instancePath: \"/and/0\", message }, { instancePath: \"/and/1/exclude\", message }, { instancePath: \"/and/2/pattern\", message }, { instancePath: \"/and/2/exclude/1\", message });",
              "err": {},
              "uuid": "01a92240-5854-40d0-beee-b569e2c2ac69",
              "parentUUID": "026c73d7-0053-4aaf-a2ab-b044e8ac788d",
              "isHook": false,
              "skipped": false
            },
            {
              "title": "should not validate pattern match rule with non-string/array exclude",
              "fullTitle": "matchRuleSchema should not validate pattern match rule with non-string/array exclude",
              "timedOut": false,
              "duration": 1,
              "state": "passed",
              "speed": "fast",
              "pass": true,
              "fail": false,
              "pending": false,
              "context": null,
              "code": "const message = \"property 'exclude' should be either a pattern or an array of patterns\";\nisInvalidRule({\n    or: [\n        { pattern: \"CS2101\", exclude: {} },\n        { pattern: \"CS2101\", exclude: 5 },\n    ],\n}, { instancePath: \"/or/0/exclude\", message }, { instancePath: \"/or/1/exclude\", message });",
              "err": {},
              "uuid": "d2357797-8a88-408c-b309-88f204991f49",
              "parentUUID": "026c73d7-0053-4aaf-a2ab-b044e8ac788d",
              "isHook": false,
              "skipped": false
            },
            {
              "title": "should not validate pattern match rule with non-string info",
              "fullTitle": "matchRuleSchema should not validate pattern match rule with non-string info",
              "timedOut": false,
              "duration": 1,
              "state": "passed",
              "speed": "fast",
              "pass": true,
              "fail": false,
              "pending": false,
              "context": null,
              "code": "const message = \"property 'info' should be a string\";\nisInvalidRule({ pattern: \"CS2101\", info: 42 }, { instancePath: \"/info\", message });",
              "err": {},
              "uuid": "086c5da2-a305-4bec-b274-2e4101554095",
              "parentUUID": "026c73d7-0053-4aaf-a2ab-b044e8ac788d",
              "isHook": false,
              "skipped": false
            },
            {
              "title": "should not validate and match rules with non-array property",
              "fullTitle": "matchRuleSchema should not validate and match rules with non-array property",
              "timedOut": false,
              "duration": 0,
              "state": "passed",
              "speed": "fast",
              "pass": true,
              "fail": false,
              "pending": false,
              "context": null,
              "code": "const message = \"property 'and' should be an array of match rules\";\nisInvalidRule({ or: [{ and: {} }, { or: [{ and: 3 }] }] }, { instancePath: \"/or/0/and\", message }, { instancePath: \"/or/1/or/0/and\", message });",
              "err": {},
              "uuid": "06bfe60b-e482-4a2a-889b-a8c2698baff4",
              "parentUUID": "026c73d7-0053-4aaf-a2ab-b044e8ac788d",
              "isHook": false,
              "skipped": false
            },
            {
              "title": "should not validate or match rules with non-array property",
              "fullTitle": "matchRuleSchema should not validate or match rules with non-array property",
              "timedOut": false,
              "duration": 0,
              "state": "passed",
              "speed": "fast",
              "pass": true,
              "fail": false,
              "pending": false,
              "context": null,
              "code": "const message = \"property 'or' should be an array of match rules\";\nisInvalidRule({ or: [{ or: {} }, { and: [{ or: 3 }] }] }, { instancePath: \"/or/0/or\", message }, { instancePath: \"/or/1/and/0/or\", message });",
              "err": {},
              "uuid": "f49d06a0-09e5-45c8-966e-6e564cedc4a0",
              "parentUUID": "026c73d7-0053-4aaf-a2ab-b044e8ac788d",
              "isHook": false,
              "skipped": false
            }
          ],
          "suites": [],
          "passes": [
            "8a3c9a3b-2ae7-4c90-b1f2-e79b2cc0c9d9",
            "bd0630d2-3e87-4361-bce6-4d0b6b27681a",
            "eb019957-7da5-4b95-af25-8ca96e6659e1",
            "47ca02d9-2e90-4bd2-a096-e5d9512aefdd",
            "d99d4c4a-f389-4b3f-bba4-838fb5a022a8",
            "e8b5c5da-89b0-49b0-a765-91fa6b0f89ed",
            "01a92240-5854-40d0-beee-b569e2c2ac69",
            "d2357797-8a88-408c-b309-88f204991f49",
            "086c5da2-a305-4bec-b274-2e4101554095",
            "06bfe60b-e482-4a2a-889b-a8c2698baff4",
            "f49d06a0-09e5-45c8-966e-6e564cedc4a0"
          ],
          "failures": [],
          "pending": [],
          "skipped": [],
          "duration": 17,
          "root": false,
          "rootEmpty": false,
          "_timeout": 2000
        },
        {
          "uuid": "39f19503-8280-4c0d-8779-3a11de902fc6",
          "title": "inequalitySchema",
          "fullFile": "/home/runner/work/planwithus-lib/planwithus-lib/src/satisfyRule/inequality/schemas.test.ts",
          "file": "/src/satisfyRule/inequality/schemas.test.ts",
          "beforeHooks": [],
          "afterHooks": [],
          "tests": [
            {
              "title": "should validate inequality in the form <=n or >=n",
              "fullTitle": "inequalitySchema should validate inequality in the form <=n or >=n",
              "timedOut": false,
              "duration": 2,
              "state": "passed",
              "speed": "fast",
              "pass": true,
              "fail": false,
              "pending": false,
              "context": "[\n  {\n    \"title\": \"inequality sample 0\",\n    \"value\": \">=195\"\n  },\n  {\n    \"title\": \"inequality sample 1\",\n    \"value\": \">=4\"\n  },\n  {\n    \"title\": \"inequality sample 2\",\n    \"value\": \"<=193\"\n  },\n  {\n    \"title\": \"inequality sample 3\",\n    \"value\": \"<=7\"\n  },\n  {\n    \"title\": \"inequality sample 4\",\n    \"value\": \">=195\"\n  },\n  {\n    \"title\": \"inequality sample 5\",\n    \"value\": \"<=2\"\n  },\n  {\n    \"title\": \"inequality sample 6\",\n    \"value\": \">=8\"\n  },\n  {\n    \"title\": \"inequality sample 7\",\n    \"value\": \">=168\"\n  },\n  {\n    \"title\": \"inequality sample 8\",\n    \"value\": \"<=200\"\n  },\n  {\n    \"title\": \"inequality sample 9\",\n    \"value\": \">=73\"\n  }\n]",
              "code": "fast_check_1.sample(index_test_2.inequality, 10).forEach((sample, i) => addContext_1.default(this, {\n    title: `inequality sample ${i}`,\n    value: sample,\n}));\nreturn fast_check_1.assert(fast_check_1.property(index_test_2.inequality, ajvValidate));",
              "err": {},
              "uuid": "0e164b76-6c46-4157-aaa5-8740c493c644",
              "parentUUID": "39f19503-8280-4c0d-8779-3a11de902fc6",
              "isHook": false,
              "skipped": false
            },
            {
              "title": "should not validate inequality of invalid form",
              "fullTitle": "inequalitySchema should not validate inequality of invalid form",
              "timedOut": false,
              "duration": 2,
              "state": "passed",
              "speed": "fast",
              "pass": true,
              "fail": false,
              "pending": false,
              "context": null,
              "code": "[\n        \"\",\n        \"==23\",\n        \"23\",\n        \"<23\",\n        \">23\",\n        \"<=-1\",\n        \">=-1\",\n        \"<= 2\",\n        \">= 1\",\n        \"> 3\",\n        \"< 3\",\n        \"<=3a\",\n        \">=3a\",\n        \"a<=3\",\n        \"a>=3\",\n    ].forEach(isInvalidInequality)",
              "err": {},
              "uuid": "1174678c-5b31-4325-b399-6d8372c67029",
              "parentUUID": "39f19503-8280-4c0d-8779-3a11de902fc6",
              "isHook": false,
              "skipped": false
            }
          ],
          "suites": [],
          "passes": [
            "0e164b76-6c46-4157-aaa5-8740c493c644",
            "1174678c-5b31-4325-b399-6d8372c67029"
          ],
          "failures": [],
          "pending": [],
          "skipped": [],
          "duration": 4,
          "root": false,
          "rootEmpty": false,
          "_timeout": 2000
        },
        {
          "uuid": "f92c127b-bb26-44b1-8404-dfb3517a2a6b",
          "title": "satisfyRuleSchema",
          "fullFile": "/home/runner/work/planwithus-lib/planwithus-lib/src/satisfyRule/schemas.test.ts",
          "file": "/src/satisfyRule/schemas.test.ts",
          "beforeHooks": [],
          "afterHooks": [],
          "tests": [
            {
              "title": "should validate satisfy rule with valid block id",
              "fullTitle": "satisfyRuleSchema should validate satisfy rule with valid block id",
              "timedOut": false,
              "duration": 2,
              "state": "passed",
              "speed": "fast",
              "pass": true,
              "fail": false,
              "pending": false,
              "context": null,
              "code": "fast_check_1.assert(fast_check_1.property(fast_check_1.string(), ajvValidate)",
              "err": {},
              "uuid": "0e6f025a-fcbb-4d58-8cfa-0150241b7011",
              "parentUUID": "f92c127b-bb26-44b1-8404-dfb3517a2a6b",
              "isHook": false,
              "skipped": false
            },
            {
              "title": "should validate satisfy rules with valid mc",
              "fullTitle": "satisfyRuleSchema should validate satisfy rules with valid mc",
              "timedOut": false,
              "duration": 2,
              "state": "passed",
              "speed": "fast",
              "pass": true,
              "fail": false,
              "pending": false,
              "context": "[\n  {\n    \"title\": \"mcSatisfyRule sample 0\",\n    \"value\": {\n      \"mc\": \"<=168\"\n    }\n  },\n  {\n    \"title\": \"mcSatisfyRule sample 1\",\n    \"value\": {\n      \"mc\": \">=7\"\n    }\n  },\n  {\n    \"title\": \"mcSatisfyRule sample 2\",\n    \"value\": {\n      \"mc\": \">=7\"\n    }\n  },\n  {\n    \"title\": \"mcSatisfyRule sample 3\",\n    \"value\": {\n      \"mc\": \">=2\"\n    }\n  },\n  {\n    \"title\": \"mcSatisfyRule sample 4\",\n    \"value\": {\n      \"mc\": \"<=196\"\n    }\n  },\n  {\n    \"title\": \"mcSatisfyRule sample 5\",\n    \"value\": {\n      \"mc\": \"<=199\"\n    }\n  },\n  {\n    \"title\": \"mcSatisfyRule sample 6\",\n    \"value\": {\n      \"mc\": \"<=44\"\n    }\n  },\n  {\n    \"title\": \"mcSatisfyRule sample 7\",\n    \"value\": {\n      \"mc\": \"<=122\"\n    }\n  },\n  {\n    \"title\": \"mcSatisfyRule sample 8\",\n    \"value\": {\n      \"mc\": \">=105\"\n    }\n  },\n  {\n    \"title\": \"mcSatisfyRule sample 9\",\n    \"value\": {\n      \"mc\": \">=127\"\n    }\n  }\n]",
              "code": "fast_check_1.sample(index_test_2.mcSatisfyRule, 10).forEach((sample, i) => addContext_1.default(this, {\n    title: `mcSatisfyRule sample ${i}`,\n    value: sample,\n}));\nreturn fast_check_1.assert(fast_check_1.property(index_test_2.mcSatisfyRule, ajvValidate));",
              "err": {},
              "uuid": "dd9156b1-bd4f-4f14-804e-4168f1ad4ec3",
              "parentUUID": "f92c127b-bb26-44b1-8404-dfb3517a2a6b",
              "isHook": false,
              "skipped": false
            },
            {
              "title": "should validate valid recursive satisfy rules",
              "fullTitle": "satisfyRuleSchema should validate valid recursive satisfy rules",
              "timedOut": false,
              "duration": 5,
              "state": "passed",
              "speed": "fast",
              "pass": true,
              "fail": false,
              "pending": false,
              "context": "[\n  {\n    \"title\": \"satisfyRule sample 0\",\n    \"value\": {\n      \"or\": []\n    }\n  },\n  {\n    \"title\": \"satisfyRule sample 1\",\n    \"value\": \"o\"\n  },\n  {\n    \"title\": \"satisfyRule sample 2\",\n    \"value\": {\n      \"and\": []\n    }\n  },\n  {\n    \"title\": \"satisfyRule sample 3\",\n    \"value\": {\n      \"mc\": \"<=40\"\n    }\n  },\n  {\n    \"title\": \"satisfyRule sample 4\",\n    \"value\": {\n      \"and\": [\n        {\n          \"and\": [\n            {\n              \"and\": [\n                \"NAZm<H\"\n              ]\n            }\n          ]\n        }\n      ]\n    }\n  },\n  {\n    \"title\": \"satisfyRule sample 5\",\n    \"value\": {\n      \"mc\": \">=134\"\n    }\n  },\n  {\n    \"title\": \"satisfyRule sample 6\",\n    \"value\": {\n      \"mc\": \"<=145\"\n    }\n  },\n  {\n    \"title\": \"satisfyRule sample 7\",\n    \"value\": {\n      \"mc\": \"<=7\"\n    }\n  },\n  {\n    \"title\": \"satisfyRule sample 8\",\n    \"value\": {\n      \"and\": [\n        {\n          \"and\": [\n            \"!.F%\\\\!`\",\n            {\n              \"or\": [\n                \"j\",\n                \"MA% cB^d_\"\n              ]\n            }\n          ]\n        },\n        {\n          \"mc\": \"<=7\"\n        }\n      ]\n    }\n  },\n  {\n    \"title\": \"satisfyRule sample 9\",\n    \"value\": {\n      \"or\": [\n        \"Kajr\",\n        {\n          \"or\": [\n            {\n              \"and\": [\n                \"S;?D\",\n                {\n                  \"and\": [\n                    {\n                      \"or\": [\n                        \"S7X\",\n                        \"au~pFS\"\n                      ]\n                    },\n                    {\n                      \"mc\": \"<=194\"\n                    },\n                    {\n                      \"mc\": \"<=93\"\n                    }\n                  ]\n                },\n                {\n                  \"and\": [\n                    \"E4A:K9x\"\n                  ]\n                }\n              ]\n            },\n            \"B&j0>40\",\n            \"P)[p'LxEn\"\n          ]\n        },\n        {\n          \"or\": []\n        }\n      ]\n    }\n  }\n]",
              "code": "fast_check_1.sample(index_test_2.satisfyRule, 10).forEach((sample, i) => addContext_1.default(this, {\n    title: `satisfyRule sample ${i}`,\n    value: sample,\n}));\nreturn fast_check_1.assert(fast_check_1.property(index_test_2.satisfyRule, ajvValidate));",
              "err": {},
              "uuid": "ed6a95d4-5ed7-48c9-8583-34132e198aa0",
              "parentUUID": "f92c127b-bb26-44b1-8404-dfb3517a2a6b",
              "isHook": false,
              "skipped": false
            },
            {
              "title": "should not validate non-string/object",
              "fullTitle": "satisfyRuleSchema should not validate non-string/object",
              "timedOut": false,
              "duration": 1,
              "state": "passed",
              "speed": "fast",
              "pass": true,
              "fail": false,
              "pending": false,
              "context": null,
              "code": "const error = {\n    instancePath: \"\",\n    message: \"satisfy rule should be either a string or an object\",\n};\nisInvalidRule(null, error);\nisInvalidRule(undefined, error);\nisInvalidRule(10, error);\nisInvalidRule([12, 24], error);",
              "err": {},
              "uuid": "54f757f8-171f-4b39-9742-fb126dc862f0",
              "parentUUID": "f92c127b-bb26-44b1-8404-dfb3517a2a6b",
              "isHook": false,
              "skipped": false
            },
            {
              "title": "should not validate satisfy rules with extra properties",
              "fullTitle": "satisfyRuleSchema should not validate satisfy rules with extra properties",
              "timedOut": false,
              "duration": 1,
              "state": "passed",
              "speed": "fast",
              "pass": true,
              "fail": false,
              "pending": false,
              "context": null,
              "code": "isInvalidRule({\n        and: [\n            { or: [\"2k\"], abc: \"def\" },\n            { mc: 8, ghi: \"jkl\" },\n        ],\n        mno: \"pqr\",\n    }, {\n        instancePath: \"/and/0\",\n        message: \"or satisfy rule should have property 'or' only\",\n    }, {\n        instancePath: \"/and/1\",\n        message: \"MC satisfy rule should have property 'mc' only\",\n    }, {\n        instancePath: \"\",\n        message: \"and satisfy rule should have property 'and' only\",\n    })",
              "err": {},
              "uuid": "e7495ef5-c6f9-4691-9a4e-07f03c67020e",
              "parentUUID": "f92c127b-bb26-44b1-8404-dfb3517a2a6b",
              "isHook": false,
              "skipped": false
            },
            {
              "title": "should not validate ambiguous satisfy rules",
              "fullTitle": "satisfyRuleSchema should not validate ambiguous satisfy rules",
              "timedOut": false,
              "duration": 0,
              "state": "passed",
              "speed": "fast",
              "pass": true,
              "fail": false,
              "pending": false,
              "context": null,
              "code": "const message = \"satisfy rule should have only one of properties 'mc', 'and', 'or'\";\nisInvalidRule({\n    or: [\n        { mc: 5, and: [\"CS2040\"] },\n        { and: [{ and: [\"abc\"], or: [\"def\"] }] },\n    ],\n}, { instancePath: \"/or/0\", message }, { instancePath: \"/or/1/and/0\", message });",
              "err": {},
              "uuid": "2350ce5a-4b86-462c-abbf-1102659b5f87",
              "parentUUID": "f92c127b-bb26-44b1-8404-dfb3517a2a6b",
              "isHook": false,
              "skipped": false
            },
            {
              "title": "should not validate and satisfy rules with non-array property",
              "fullTitle": "satisfyRuleSchema should not validate and satisfy rules with non-array property",
              "timedOut": false,
              "duration": 1,
              "state": "passed",
              "speed": "fast",
              "pass": true,
              "fail": false,
              "pending": false,
              "context": null,
              "code": "const message = \"property 'and' should be an array of satisfy rules\";\nisInvalidRule({ or: [{ and: {} }, { or: [{ and: 3 }] }] }, { instancePath: \"/or/0/and\", message }, { instancePath: \"/or/1/or/0/and\", message });",
              "err": {},
              "uuid": "1ad9ecc4-9f77-4eaa-8243-19d27d9618c7",
              "parentUUID": "f92c127b-bb26-44b1-8404-dfb3517a2a6b",
              "isHook": false,
              "skipped": false
            },
            {
              "title": "should not validate or satisfy rules with non-array property",
              "fullTitle": "satisfyRuleSchema should not validate or satisfy rules with non-array property",
              "timedOut": false,
              "duration": 1,
              "state": "passed",
              "speed": "fast",
              "pass": true,
              "fail": false,
              "pending": false,
              "context": null,
              "code": "const message = \"property 'or' should be an array of satisfy rules\";\nisInvalidRule({ and: [{ or: {} }, { and: [{ or: 3 }] }] }, { instancePath: \"/and/0/or\", message }, { instancePath: \"/and/1/and/0/or\", message });",
              "err": {},
              "uuid": "028a12d5-118d-49ab-a528-da5326a2e067",
              "parentUUID": "f92c127b-bb26-44b1-8404-dfb3517a2a6b",
              "isHook": false,
              "skipped": false
            }
          ],
          "suites": [],
          "passes": [
            "0e6f025a-fcbb-4d58-8cfa-0150241b7011",
            "dd9156b1-bd4f-4f14-804e-4168f1ad4ec3",
            "ed6a95d4-5ed7-48c9-8583-34132e198aa0",
            "54f757f8-171f-4b39-9742-fb126dc862f0",
            "e7495ef5-c6f9-4691-9a4e-07f03c67020e",
            "2350ce5a-4b86-462c-abbf-1102659b5f87",
            "1ad9ecc4-9f77-4eaa-8243-19d27d9618c7",
            "028a12d5-118d-49ab-a528-da5326a2e067"
          ],
          "failures": [],
          "pending": [],
          "skipped": [],
          "duration": 13,
          "root": false,
          "rootEmpty": false,
          "_timeout": 2000
        }
      ],
      "passes": [],
      "failures": [],
      "pending": [],
      "skipped": [],
      "duration": 0,
      "root": true,
      "rootEmpty": true,
      "_timeout": 2000
    }
  ],
  "meta": {
    "mocha": {
      "version": "9.0.0"
    },
    "mochawesome": {
      "options": {
        "quiet": false,
        "reportFilename": "mochawesome",
        "saveHtml": true,
        "saveJson": true,
        "consoleReporter": "spec",
        "useInlineDiffs": false,
        "code": true
      },
      "version": "6.2.2"
    },
    "marge": {
      "options": {
        "reportDir": "docs"
      },
      "version": "5.2.0"
    }
  }
}