{
  "stats": {
    "suites": 10,
    "tests": 48,
    "passes": 48,
    "pending": 0,
    "failures": 0,
    "start": "2021-07-23T07:00:44.566Z",
    "end": "2021-07-23T07:00:44.844Z",
    "duration": 278,
    "testsRegistered": 48,
    "passPercent": 100,
    "pendingPercent": 0,
    "other": 0,
    "hasOther": false,
    "skipped": 0,
    "hasSkipped": false
  },
  "results": [
    {
      "uuid": "3a89af32-7579-42ca-b2b8-e85e14ed9a37",
      "title": "",
      "fullFile": "",
      "file": "",
      "beforeHooks": [],
      "afterHooks": [],
      "tests": [],
      "suites": [
        {
          "uuid": "2eb1a267-6aab-4fc0-8d3e-3108c8bd1689",
          "title": "initDirectories",
          "fullFile": "/home/runner/work/planwithus-lib/planwithus-lib/src/block/schemas.test.ts",
          "file": "/src/block/schemas.test.ts",
          "beforeHooks": [],
          "afterHooks": [],
          "tests": [
            {
              "title": "should parse all blocks with no errors",
              "fullTitle": "initDirectories should parse all blocks with no errors",
              "timedOut": false,
              "duration": 3,
              "state": "passed",
              "speed": "fast",
              "pass": true,
              "fail": false,
              "pending": false,
              "context": null,
              "code": "_1.initDirectories.should.not.throw()",
              "err": {},
              "uuid": "f40d0f08-4582-48da-98ae-bf0ca367b425",
              "parentUUID": "2eb1a267-6aab-4fc0-8d3e-3108c8bd1689",
              "isHook": false,
              "skipped": false
            },
            {
              "title": "should produce primary, second & minor directories",
              "fullTitle": "initDirectories should produce primary, second & minor directories",
              "timedOut": false,
              "duration": 2,
              "state": "passed",
              "speed": "fast",
              "pass": true,
              "fail": false,
              "pending": false,
              "context": null,
              "code": "const directories = _1.initDirectories();\ndirectories.should.have.property(\"primary\");\ndirectories.should.have.property(\"second\");\ndirectories.should.have.property(\"minor\");",
              "err": {},
              "uuid": "7936a838-b347-4054-bd63-d0b68b792c27",
              "parentUUID": "2eb1a267-6aab-4fc0-8d3e-3108c8bd1689",
              "isHook": false,
              "skipped": false
            }
          ],
          "suites": [],
          "passes": [
            "f40d0f08-4582-48da-98ae-bf0ca367b425",
            "7936a838-b347-4054-bd63-d0b68b792c27"
          ],
          "failures": [],
          "pending": [],
          "skipped": [],
          "duration": 5,
          "root": false,
          "rootEmpty": false,
          "_timeout": 2000
        },
        {
          "uuid": "7abee7ca-06d8-45ee-9df7-49189ab1d627",
          "title": "blockSchema",
          "fullFile": "/home/runner/work/planwithus-lib/planwithus-lib/src/block/schemas.test.ts",
          "file": "/src/block/schemas.test.ts",
          "beforeHooks": [],
          "afterHooks": [],
          "tests": [
            {
              "title": "should validate valid block",
              "fullTitle": "blockSchema should validate valid block",
              "timedOut": false,
              "duration": 161,
              "state": "passed",
              "speed": "slow",
              "pass": true,
              "fail": false,
              "pending": false,
              "context": "[\n  {\n    \"title\": \"block sample 0\",\n    \"value\": {\n      \"name\": \" \",\n      \"ay\": 1989,\n      \"assign\": \"=p\\\"j]\",\n      \"match\": \"UN0X\",\n      \"satisfy\": [\n        \"\",\n        \"*_u\",\n        \"$\",\n        \"GnZ\"\n      ],\n      \"url\": \"https://8.9s4xpxa303lqn-0yui9j74ryvxfebnus.0oj5pmkcy2hfy8633rzp-52t3mwc51alytb-4xug-43crunk7fj4uk9zq2.zewf/XYsWPtXi/2/Lz1iBaD+\",\n      \"info\": \" \\\"zjxW K\",\n      \"isSelectable\": true\n    }\n  },\n  {\n    \"title\": \"block sample 1\",\n    \"value\": {\n      \"name\": \"\\\"\",\n      \"ay\": 2023,\n      \"assign\": \"_#\",\n      \"match\": \"CA1027X\",\n      \"satisfy\": [\n        {\n          \"or\": [\n            {\n              \"or\": [\n                \"Kb:UT!1\",\n                \"K(rY\"\n              ]\n            },\n            {\n              \"mc\": \"<=166\"\n            },\n            {\n              \"mc\": \">=125\"\n            },\n            {\n              \"or\": [\n                {\n                  \"mc\": \"<=164\"\n                },\n                \"aTtND0#FDr\",\n                \"POw5pc_\",\n                \"3wfMU\",\n                \"S\"\n              ]\n            },\n            {\n              \"mc\": \"<=76\"\n            }\n          ]\n        }\n      ],\n      \"url\": \"http://xfxgygcvgwtfb7ma92o348c1n1mvdhk6kqcpgb5rq8zf6hn5z40hrc9201zr.tgtrpzw/lG/XG//;La$N/-HiO%F3%8E%AA%96S/z/eqP&f@r/8(nn/%F1%BD%80%8D%F1%B9%84%BEEk4Q-/,8~+=\",\n      \"info\": \"w\",\n      \"isSelectable\": true\n    }\n  },\n  {\n    \"title\": \"block sample 2\",\n    \"value\": {\n      \"name\": \"\",\n      \"assign\": \"|%*] |zyR\",\n      \"match\": [\n        \"ZQSx26J\",\n        {\n          \"or\": [\n            {\n              \"pattern\": \"GO93Q\",\n              \"exclude\": \"XO*\",\n              \"info\": \"ed:U\\\\\"\n            },\n            {\n              \"or\": [\n                {\n                  \"and\": [\n                    \"TT6Z\",\n                    \"HOF1912\"\n                  ]\n                },\n                \"KYx970\",\n                \"OU9\",\n                \"XGC265W\",\n                {\n                  \"and\": [\n                    {\n                      \"pattern\": \"XYD*U\",\n                      \"exclude\": \"RGx2xT\",\n                      \"info\": \"eI`AXk0\"\n                    },\n                    \"KXRx*6A\",\n                    {\n                      \"and\": [\n                        {\n                          \"or\": [\n                            \"UU60U\",\n                            \"JMY5S\",\n                            {\n                              \"pattern\": \"VS992\",\n                              \"exclude\": \"YZV3V\",\n                              \"info\": \"j!C.\"\n                            },\n                            \"XM8691\",\n                            \"GF3\"\n                          ]\n                        },\n                        {\n                          \"and\": [\n                            \"HQM624\",\n                            \"RDJ3*9V\"\n                          ]\n                        },\n                        {\n                          \"or\": [\n                            {\n                              \"pattern\": \"NF4635D\",\n                              \"exclude\": \"NK2\",\n                              \"info\": \"TK\\\"qM+f%\"\n                            }\n                          ]\n                        },\n                        {\n                          \"or\": [\n                            \"PIJ9511A\",\n                            \"KR*F\"\n                          ]\n                        }\n                      ]\n                    },\n                    {\n                      \"pattern\": \"XP991\",\n                      \"info\": \" /qF0uT\"\n                    },\n                    {\n                      \"pattern\": \"UH070A\",\n                      \"exclude\": [\n                        \"XP5121E\",\n                        \"JC*V\",\n                        \"QK84\",\n                        \"EFL5\",\n                        \"WKV7H\"\n                      ],\n                      \"info\": \"iSAFe/#\"\n                    }\n                  ]\n                }\n              ]\n            },\n            {\n              \"or\": [\n                \"YQ390Q\"\n              ]\n            }\n          ]\n        },\n        {\n          \"pattern\": \"IPO106I\",\n          \"exclude\": \"IEC2751\",\n          \"info\": \"g\"\n        }\n      ],\n      \"satisfy\": [\n        {\n          \"or\": [\n            \"x!!\"\n          ]\n        }\n      ],\n      \"url\": \"http://2k3aadeds4gedpblzv57688c0nvlpo6c8-jl5zpd6esp8ed9mfe37cd.69d1e.u.ndaedwi.szg\",\n      \"info\": \"{x{xM \",\n      \"isSelectable\": true,\n      \"f;])d%{U\": {\n        \"name\": \"j>:w#\",\n        \"ay\": 1951,\n        \"assign\": [\n          \"~$e+Kb<!Z\",\n          \"lN=*r9Qv\",\n          \"ECP%c_<%)\"\n        ],\n        \"match\": [\n          {\n            \"or\": []\n          },\n          {\n            \"pattern\": \"RA4B\",\n            \"exclude\": [\n              \"OP8*\",\n              \"FII4*A\",\n              \"HK34G\"\n            ],\n            \"info\": \"Sa,G/?Szu8\"\n          },\n          {\n            \"or\": [\n              {\n                \"or\": []\n              },\n              \"IC0*14\"\n            ]\n          },\n          \"IDxL\",\n          {\n            \"or\": [\n              {\n                \"pattern\": \"IW267A\",\n                \"exclude\": [\n                  \"XD8\",\n                  \"UN57T\",\n                  \"QO77A\"\n                ],\n                \"info\": \"#Y,&{1a8\"\n              },\n              \"ABS1*C\"\n            ]\n          }\n        ],\n        \"satisfy\": {\n          \"mc\": \">=122\"\n        },\n        \"url\": \"https://rv1.i.uqmpde2kh71srk9c.bjxnbvby\",\n        \"isSelectable\": true\n      },\n      \"\": {\n        \"name\": \"9G*Z;jH\",\n        \"ay\": 2010,\n        \"assign\": \"U[/ML[iS\",\n        \"match\": [\n          \"JL860*\",\n          {\n            \"pattern\": \"OJC94\",\n            \"exclude\": [\n              \"LBV*\",\n              \"EEG8K\",\n              \"WRR8\"\n            ]\n          },\n          \"YFS59L\"\n        ],\n        \"satisfy\": {\n          \"or\": []\n        },\n        \"url\": \"http://c6fvvvbmfu27wwxi8wxkirw1mzjlehlnl1e43b8vgoz0avz1qvcdbwjz0.i6t3npco9quhu28-5vehv30bxy5dumf624ma8sywn4mqyceybi2b4i7jm.iug4qbphelv7qfl6j8vl0f4yw513.hqyqbp/%F1%88%8A%B1%F2%88%8E%960\",\n        \"info\": \")1j!C\",\n        \"isSelectable\": true,\n        \"[G.&\": {\n          \"match\": [\n            \"WHS956D\"\n          ],\n          \"url\": \"http://wzenc6p1z8du56tw13og9ieh9ukyssenh78xx0thgbnimmhw96.lu3kfr.1l9p3m5.jdctyu9mnp942g7xn4u4ly2tazo0hfj81tz-nn-3yvhc3yf.8966lgd2-xsheyulmemima6nq46r2vlgl67mdzx1w28ad5sl.kiapgju/09x%F3%8A%89%99/GZl%F2%B8%B9%B2*/e'=JhF5\",\n          \"info\": \"s\",\n          \"isSelectable\": true\n        },\n        \"N/f{g,\\\"\": {\n          \"name\": \"ye\",\n          \"ay\": 1982,\n          \"assign\": \"#gu\",\n          \"match\": [\n            {\n              \"and\": [\n                {\n                  \"pattern\": \"INB82E\",\n                  \"exclude\": [],\n                  \"info\": \"lQw*J|DH$\"\n                }\n              ]\n            }\n          ],\n          \"satisfy\": [\n            {\n              \"and\": [\n                {\n                  \"and\": [\n                    \"b\",\n                    \"sxk:89CF\",\n                    \"6t</fg{\",\n                    {\n                      \"mc\": \">=193\"\n                    },\n                    {\n                      \"or\": [\n                        \"\",\n                        {\n                          \"mc\": \">=28\"\n                        }\n                      ]\n                    }\n                  ]\n                },\n                \"Egk<\",\n                {\n                  \"mc\": \">=48\"\n                }\n              ]\n            },\n            {\n              \"or\": [\n                {\n                  \"or\": [\n                    {\n                      \"or\": [\n                        \"\",\n                        \"</:4_w\"\n                      ]\n                    },\n                    \"ok&(f^J =\",\n                    {\n                      \"or\": [\n                        {\n                          \"mc\": \"<=158\"\n                        },\n                        \"1V\",\n                        \"@qI=\",\n                        {\n                          \"mc\": \"<=118\"\n                        },\n                        {\n                          \"or\": [\n                            \"\",\n                            \"+5T'30gSb:\"\n                          ]\n                        }\n                      ]\n                    }\n                  ]\n                },\n                {\n                  \"or\": [\n                    {\n                      \"or\": [\n                        \"\",\n                        \" /}R\",\n                        {\n                          \"mc\": \">=129\"\n                        },\n                        \"\",\n                        \"6>6#O\"\n                      ]\n                    },\n                    \"EX\",\n                    {\n                      \"mc\": \">=187\"\n                    },\n                    \"@?^%'0[/\"\n                  ]\n                },\n                {\n                  \"and\": [\n                    {\n                      \"and\": [\n                        \"Ggg/\",\n                        \"\"\n                      ]\n                    },\n                    \"f+/piPJi,[\",\n                    {\n                      \"or\": [\n                        \"`w\\\\\\\\WA>XRx\",\n                        \"?623hA|<[g\",\n                        {\n                          \"mc\": \">=12\"\n                        },\n                        {\n                          \"mc\": \"<=182\"\n                        }\n                      ]\n                    },\n                    \"$BBll T%B\",\n                    \"g%2|hn)8t\"\n                  ]\n                }\n              ]\n            }\n          ],\n          \"url\": \"https://2.fvgobiytuhvv1v1fi8md4c1u-dqv0ooftizhvtt.n.d-1fh2-phovrq19pf6l98gy4xa-8yhwq2ry223c2yk-afj98l2wig.roiion.cr/ghA_b/%F1%B6%A6%B2A6%F3%85%B4%A1%F0%A7%99%82Cq9//9/VLBz/M!VpNj;_Ll/v/%F3%B0%B2%A4rC!E9M@/ERFCc(8/iOUz\",\n          \"isSelectable\": true\n        }\n      },\n      \"tTtL>V-\": {\n        \"name\": \"k ScyD8x$J\",\n        \"assign\": \"ZS+\",\n        \"match\": {\n          \"pattern\": \"FEW4*6I\",\n          \"exclude\": [\n            \"AMR25\",\n            \"UR0659\",\n            \"ORC6*B\"\n          ],\n          \"info\": \"v/UF\"\n        },\n        \"satisfy\": \"Oc}v\",\n        \"url\": \"http://py8sze5edbivi3mrarkn.lwyerr/Mv7/N\",\n        \"info\": \"=%\\\\P\\\"ZVB e\",\n        \"}\": {\n          \"ay\": 2012,\n          \"assign\": [\n            \"6TFOFuL\",\n            \"H~X~>VC_6\",\n            \"#n)1;xTeA3\",\n            \"~rF.T&0%\"\n          ],\n          \"match\": [\n            {\n              \"and\": [\n                \"HPT4x8*E\",\n                {\n                  \"and\": [\n                    {\n                      \"or\": [\n                        \"NW0\",\n                        \"NXG35B\"\n                      ]\n                    },\n                    {\n                      \"pattern\": \"UG11\",\n                      \"exclude\": \"EX66\"\n                    }\n                  ]\n                },\n                {\n                  \"and\": [\n                    {\n                      \"pattern\": \"COxP\",\n                      \"exclude\": \"MUY5*6L\"\n                    },\n                    {\n                      \"or\": [\n                        \"VO2937\",\n                        {\n                          \"or\": [\n                            \"MZC8P\",\n                            \"NQF419*\",\n                            \"DZQ9\"\n                          ]\n                        }\n                      ]\n                    },\n                    {\n                      \"or\": [\n                        {\n                          \"or\": [\n                            {\n                              \"or\": [\n                                \"GQ4x*1I\"\n                              ]\n                            },\n                            {\n                              \"pattern\": \"PT897\",\n                              \"exclude\": \"EVE7H\"\n                            },\n                            \"PN8429\",\n                            {\n                              \"or\": [\n                                \"TNS3\",\n                                \"LBK2\",\n                                \"XDS0336C\"\n                              ]\n                            },\n                            {\n                              \"pattern\": \"FOF75N\",\n                              \"exclude\": [],\n                              \"info\": \"W4n,p=\\\"@\"\n                            }\n                          ]\n                        }\n                      ]\n                    },\n                    {\n                      \"and\": [\n                        {\n                          \"or\": [\n                            {\n                              \"or\": [\n                                \"CUH1409F\"\n                              ]\n                            },\n                            {\n                              \"or\": [\n                                \"RZ1147\"\n                              ]\n                            },\n                            \"YQ778N\",\n                            \"LZ1546\",\n                            \"BG5\"\n                          ]\n                        },\n                        {\n                          \"or\": [\n                            {\n                              \"pattern\": \"MXG1525\",\n                              \"exclude\": \"AI1\",\n                              \"info\": \"/X(\"\n                            },\n                            \"DXI49E\",\n                            {\n                              \"and\": [\n                                {\n                                  \"pattern\": \"CLG3V\",\n                                  \"exclude\": \"HF7x2\",\n                                  \"info\": \"d.5\"\n                                },\n                                \"RA871X\",\n                                {\n                                  \"or\": [\n                                    \"NH48T\",\n                                    \"WK28F\",\n                                    \"DP1576\",\n                                    \"FUG741\",\n                                    \"EAE803\"\n                                  ]\n                                },\n                                \"QIL12*\",\n                                \"ZEEx\"\n                              ]\n                            }\n                          ]\n                        },\n                        \"TK4447\",\n                        {\n                          \"and\": [\n                            {\n                              \"and\": [\n                                \"YA*x4V\",\n                                {\n                                  \"pattern\": \"MQP68X\",\n                                  \"info\": \"P\"\n                                },\n                                \"KNPxx2xS\"\n                              ]\n                            },\n                            \"VFx3xY\",\n                            \"GW2*85\"\n                          ]\n                        }\n                      ]\n                    }\n                  ]\n                },\n                {\n                  \"or\": [\n                    \"GHQ18\",\n                    \"VQ2x\",\n                    \"XC1693H\"\n                  ]\n                }\n              ]\n            },\n            {\n              \"and\": [\n                {\n                  \"and\": [\n                    \"KW4157C\",\n                    {\n                      \"and\": [\n                        \"JK65B\",\n                        {\n                          \"or\": [\n                            \"FA4x\",\n                            {\n                              \"and\": []\n                            },\n                            \"KVS3O\"\n                          ]\n                        },\n                        \"DT99*xW\",\n                        {\n                          \"or\": [\n                            {\n                              \"and\": [\n                                \"MJP373Y\"\n                              ]\n                            }\n                          ]\n                        }\n                      ]\n                    }\n                  ]\n                },\n                {\n                  \"pattern\": \"EP93\",\n                  \"exclude\": \"BZ8x16\",\n                  \"info\": \"=fa.M=YS\\\\\"\n                },\n                {\n                  \"or\": [\n                    \"CBQ675X\",\n                    {\n                      \"and\": [\n                        \"RKQ*13\",\n                        \"KGE84xI\",\n                        {\n                          \"or\": []\n                        }\n                      ]\n                    },\n                    {\n                      \"pattern\": \"WGMx83F\",\n                      \"exclude\": [\n                        \"AG44\",\n                        \"KIK28x2X\",\n                        \"CO4\",\n                        \"JA3012O\"\n                      ],\n                      \"info\": \"ZaV\"\n                    }\n                  ]\n                },\n                {\n                  \"and\": [\n                    \"OLB352\",\n                    \"UC0T\",\n                    {\n                      \"and\": [\n                        {\n                          \"and\": []\n                        },\n                        {\n                          \"and\": [\n                            {\n                              \"and\": [\n                                \"PS2\",\n                                {\n                                  \"or\": [\n                                    \"IDD37\",\n                                    \"IO1S\"\n                                  ]\n                                },\n                                \"NY7D\",\n                                \"VGO9xJ\",\n                                \"EEE2N\"\n                              ]\n                            }\n                          ]\n                        }\n                      ]\n                    }\n                  ]\n                },\n                \"SK584U\"\n              ]\n            },\n            {\n              \"or\": []\n            },\n            {\n              \"pattern\": \"UBA*9\",\n              \"exclude\": [\n                \"ZQ8\"\n              ],\n              \"info\": \"NTHnw\"\n            },\n            {\n              \"pattern\": \"EWD5764\",\n              \"exclude\": [],\n              \"info\": \"\"\n            }\n          ],\n          \"satisfy\": {\n            \"and\": [\n              {\n                \"or\": [\n                  \"8<g-G\",\n                  {\n                    \"and\": [\n                      \"{F21\",\n                      \"N(H/:ohAuR\"\n                    ]\n                  },\n                  {\n                    \"and\": [\n                      \"Z<Cma~(\"\n                    ]\n                  },\n                  \"~gVW3x\",\n                  \"-+sPZ\"\n                ]\n              },\n              {\n                \"and\": [\n                  {\n                    \"mc\": \"<=161\"\n                  },\n                  \"X,'.5Y`\",\n                  {\n                    \"mc\": \">=5\"\n                  },\n                  \"hQ6tC\",\n                  {\n                    \"mc\": \"<=56\"\n                  }\n                ]\n              }\n            ]\n          },\n          \"url\": \"http://zkfv6ilvmye5m2lpb4-9ranlhsgpikn.3oz24lngk4r4055axxvf-gcqk-v2oyixmh9gu9ct--1.wmqj\",\n          \"info\": \"^1|V0/+\",\n          \"isSelectable\": true\n        },\n        \"dO$_my?Hf]\": {\n          \"ay\": 2010,\n          \"assign\": \"\",\n          \"match\": \"EIQ1520M\",\n          \"url\": \"http://zokrjq806cji52760lon59179sgapfr66esgtm-6g-66cvq4edz7-g6l.69b473y83b3q-flfp0s04-gwae8v93w2q4w6jyca.iixjewup0dw-m2-haiysf41m7i8mbn.regzsc4vx0.dok51i9-v.vvmhbfepc/%F3%B4%98%8AC6UH/f/jM!0m,O/5CD/mp45.5I)/J/D/=hb/~ou=4Wv\",\n          \"info\": \"&'/.\",\n          \"isSelectable\": true\n        }\n      },\n      \"m4O(hH}\": {\n        \"name\": \"4'*wZ<t\",\n        \"ay\": 1980,\n        \"assign\": [\n          \"S?l8IH\",\n          \"&[W\\\\A|!\",\n          \"{I4-6qxZ\",\n          \"\",\n          \"H|X\"\n        ],\n        \"match\": [\n          \"IAx24N\",\n          {\n            \"and\": [\n              {\n                \"and\": [\n                  \"KJQ18O\",\n                  {\n                    \"pattern\": \"US3449Y\",\n                    \"exclude\": \"QQU867E\",\n                    \"info\": \"G\"\n                  }\n                ]\n              },\n              {\n                \"pattern\": \"PW8\",\n                \"exclude\": \"CF50U\"\n              },\n              {\n                \"and\": [\n                  {\n                    \"and\": [\n                      \"BZ7\",\n                      \"JCT3\"\n                    ]\n                  },\n                  {\n                    \"pattern\": \"HE27x\",\n                    \"exclude\": \"MMT1\",\n                    \"info\": \";j\"\n                  },\n                  \"YR5\",\n                  {\n                    \"and\": [\n                      \"HUV629\",\n                      \"DVF8087\",\n                      \"QD293xE\",\n                      \"ZLB742W\",\n                      \"YZx6V\"\n                    ]\n                  }\n                ]\n              },\n              \"YB3\",\n              {\n                \"pattern\": \"QWG2Q\",\n                \"exclude\": \"OK2240N\",\n                \"info\": \"C\"\n              }\n            ]\n          }\n        ],\n        \"url\": \"http://n9dtug48c0q1zmievcrzg5y8u6w4xsekcsu6s.ntzpknntdsuaafxfonncy8242n6wrt2b7sa.b04-3srk.gxvzo/%ED%9D%AAre%F2%B4%BB%98@/-/NukB/g\",\n        \"info\": \"?Cu~5LbtJt\",\n        \"isSelectable\": true\n      },\n      \"\\\"la>\": {\n        \"name\": \"+FL>EH_\",\n        \"ay\": 1969,\n        \"assign\": \"eAm \",\n        \"match\": {\n          \"and\": [\n            {\n              \"and\": [\n                \"RXQ903*\",\n                \"RT9\",\n                {\n                  \"or\": [\n                    {\n                      \"or\": [\n                        {\n                          \"pattern\": \"MP10*0\",\n                          \"exclude\": \"XEI0\",\n                          \"info\": \"(L8aW>9F\"\n                        },\n                        \"THC61\"\n                      ]\n                    }\n                  ]\n                },\n                \"SUG7\",\n                \"IY49\"\n              ]\n            },\n            {\n              \"or\": [\n                \"XI3523\",\n                {\n                  \"pattern\": \"WAx546\",\n                  \"exclude\": \"DUZ8L\",\n                  \"info\": \"wt_B[11qk]\"\n                },\n                {\n                  \"and\": [\n                    {\n                      \"and\": []\n                    }\n                  ]\n                }\n              ]\n            },\n            {\n              \"or\": [\n                {\n                  \"and\": [\n                    {\n                      \"and\": [\n                        {\n                          \"or\": [\n                            \"OGE*7E\",\n                            \"RIH9145\"\n                          ]\n                        },\n                        \"TA635\"\n                      ]\n                    },\n                    \"RGQ17x\",\n                    {\n                      \"and\": [\n                        \"ARS5*\",\n                        \"FTx4\",\n                        \"FB3T\",\n                        {\n                          \"pattern\": \"UB6D\",\n                          \"exclude\": \"PMO20\",\n                          \"info\": \"E;OId:\"\n                        }\n                      ]\n                    }\n                  ]\n                },\n                {\n                  \"or\": [\n                    {\n                      \"and\": [\n                        {\n                          \"pattern\": \"YIO8852V\",\n                          \"exclude\": \"RAP2*Q\",\n                          \"info\": \"FU\"\n                        },\n                        \"FVS*N\",\n                        {\n                          \"and\": [\n                            \"FEF560\",\n                            \"JKx1B\"\n                          ]\n                        }\n                      ]\n                    },\n                    {\n                      \"pattern\": \"NCP719\",\n                      \"exclude\": [\n                        \"QZV6\",\n                        \"XWM240\",\n                        \"LE154Q\",\n                        \"ODH21x1\",\n                        \"FNK228\"\n                      ],\n                      \"info\": \"^GU#P\"\n                    },\n                    \"FKA*\",\n                    \"ZB1969\",\n                    {\n                      \"or\": []\n                    }\n                  ]\n                },\n                \"ASW9\",\n                {\n                  \"and\": [\n                    \"UMM0xxZ\",\n                    \"EZ*6\",\n                    {\n                      \"or\": [\n                        {\n                          \"and\": [\n                            \"XLV3K\",\n                            \"AX8*13\",\n                            \"NMJ4\"\n                          ]\n                        }\n                      ]\n                    },\n                    {\n                      \"pattern\": \"GPF7*10K\",\n                      \"exclude\": [\n                        \"SBTx\",\n                        \"JHV13x\",\n                        \"QJ194C\",\n                        \"MD717x\"\n                      ],\n                      \"info\": \"r?&k}AD\"\n                    },\n                    {\n                      \"or\": [\n                        {\n                          \"or\": [\n                            \"FF2R\"\n                          ]\n                        }\n                      ]\n                    }\n                  ]\n                },\n                {\n                  \"and\": [\n                    {\n                      \"or\": [\n                        \"EN7N\",\n                        \"BNZx\",\n                        \"LCZ034\",\n                        {\n                          \"and\": [\n                            \"KL317\",\n                            \"KKF8A\"\n                          ]\n                        },\n                        {\n                          \"pattern\": \"UBA739x\",\n                          \"exclude\": \"KAQx0\"\n                        }\n                      ]\n                    }\n                  ]\n                }\n              ]\n            },\n            {\n              \"pattern\": \"JVK6520\",\n              \"exclude\": \"DQ1915\",\n              \"info\": \"\\\"x4ac;C4\"\n            }\n          ]\n        },\n        \"satisfy\": [],\n        \"url\": \"https://o.rltkvpimjgd5z7i6.ptleyrpg36munacmvmsx5u0mvkk9q8gevpvxssrjhuq1wtzv64e.ljhnvsk/_V2%F2%88%99%97%F2%BF%98%8FkjQy/\",\n        \"info\": \"gjk-q\",\n        \"isSelectable\": true\n      }\n    }\n  },\n  {\n    \"title\": \"block sample 3\",\n    \"value\": {\n      \"name\": \"\",\n      \"ay\": 2016,\n      \"assign\": \"\\\\b\",\n      \"match\": [\n        {\n          \"and\": [\n            {\n              \"or\": [\n                \"ERU049F\",\n                \"ZTx9*8S\",\n                {\n                  \"and\": [\n                    \"IB*xQ\",\n                    {\n                      \"pattern\": \"AOX4**4V\",\n                      \"exclude\": \"ETR1\",\n                      \"info\": \"mBiF}eV1[\"\n                    },\n                    \"IWRx3\"\n                  ]\n                },\n                {\n                  \"or\": [\n                    {\n                      \"and\": [\n                        \"OEO3D\",\n                        \"EXGx95U\",\n                        \"AUI*\",\n                        \"HY66\",\n                        \"OR01\"\n                      ]\n                    },\n                    \"LCG755*A\",\n                    \"TQZ*10\"\n                  ]\n                },\n                {\n                  \"or\": [\n                    \"AZJx90\",\n                    {\n                      \"or\": [\n                        \"HJW9x*0\",\n                        \"LS44*0\",\n                        \"DIO9*\",\n                        \"EO9D\",\n                        \"GSC531B\"\n                      ]\n                    },\n                    \"TT39W\"\n                  ]\n                }\n              ]\n            }\n          ]\n        },\n        {\n          \"and\": [\n            {\n              \"and\": [\n                \"EA613B\",\n                \"LOW7x8\",\n                \"ND833M\",\n                {\n                  \"or\": [\n                    \"FU1O\",\n                    {\n                      \"pattern\": \"NO4\",\n                      \"exclude\": \"UBIxxO\"\n                    },\n                    {\n                      \"pattern\": \"EL1N\",\n                      \"exclude\": [\n                        \"SBA*7C\",\n                        \"ZH91J\",\n                        \"LQS6\",\n                        \"TXB5\"\n                      ],\n                      \"info\": \"-\"\n                    },\n                    {\n                      \"and\": [\n                        \"ACP75\",\n                        \"KFx5\",\n                        \"WJE43\"\n                      ]\n                    },\n                    \"WFIx\"\n                  ]\n                }\n              ]\n            },\n            {\n              \"pattern\": \"UJG64*5A\",\n              \"exclude\": [],\n              \"info\": \"+kI8l\"\n            },\n            {\n              \"or\": [\n                \"CUJ8\"\n              ]\n            },\n            {\n              \"pattern\": \"SIY30V\",\n              \"exclude\": [\n                \"IV*x\",\n                \"JMU*W\",\n                \"PI827\",\n                \"NWH635B\",\n                \"TQS4\"\n              ],\n              \"info\": \"AG\"\n            },\n            {\n              \"or\": [\n                {\n                  \"or\": [\n                    \"CR90\",\n                    \"RZ78Y\"\n                  ]\n                }\n              ]\n            }\n          ]\n        }\n      ],\n      \"url\": \"https://3xli82zytvp5.rm7f8v2me1a7l.pdw2xo.bwybpdpxab/S!/YR@c4\",\n      \"info\": \"\",\n      \"isSelectable\": true\n    }\n  },\n  {\n    \"title\": \"block sample 4\",\n    \"value\": {\n      \"name\": \"C\",\n      \"ay\": 1956,\n      \"assign\": \"X'7&_\",\n      \"match\": [\n        {\n          \"pattern\": \"CP35Y\",\n          \"exclude\": [\n            \"XDP9xT\",\n            \"SSx12P\",\n            \"ZNR*\"\n          ],\n          \"info\": \"X:kd<e],\"\n        }\n      ],\n      \"satisfy\": [],\n      \"url\": \"http://6768aa.g.jmtyl1urv1laadjrgvj6usnn838w4tcr-x6mekkn.n75oea-vff1usm6keapb4qyuqm.cc/bd/b@Wd+Q\",\n      \"info\": \"0&\",\n      \"isSelectable\": true,\n      \"@8\": {\n        \"name\": \"v+sAZ<u\",\n        \"ay\": 1956,\n        \"assign\": \"SYdW\",\n        \"match\": [],\n        \"satisfy\": {\n          \"and\": [\n            {\n              \"or\": [\n                {\n                  \"or\": [\n                    \"4RLj=vWRz\",\n                    \"@%Qzp=-pL\",\n                    \"J/\",\n                    {\n                      \"and\": [\n                        \"El+g~>\",\n                        \"c8iO|@D\",\n                        {\n                          \"or\": [\n                            {\n                              \"and\": [\n                                \"&_'BlzO/\",\n                                {\n                                  \"and\": [\n                                    \"w,h#l_aV*l\",\n                                    \">$8Y\",\n                                    \"\\\\dA Yl5|M\"\n                                  ]\n                                }\n                              ]\n                            }\n                          ]\n                        },\n                        \".^u\",\n                        \"\\\"%s7Ut($Z\"\n                      ]\n                    },\n                    {\n                      \"and\": [\n                        \";q\",\n                        \"-;>\",\n                        \"u94lPas\",\n                        {\n                          \"mc\": \">=122\"\n                        }\n                      ]\n                    }\n                  ]\n                },\n                {\n                  \"or\": []\n                },\n                \"ORC\",\n                \"%\"\n              ]\n            },\n            {\n              \"mc\": \">=10\"\n            },\n            {\n              \"or\": [\n                \"p{\",\n                \"\\\"eT3\",\n                \"\"\n              ]\n            }\n          ]\n        },\n        \"info\": \"T\",\n        \"isSelectable\": true\n      },\n      \"]\": {\n        \"name\": \"o\",\n        \"assign\": [\n          \"\",\n          \"T7dQA+6;d\",\n          \")\"\n        ],\n        \"match\": {\n          \"or\": [\n            \"TNC1*9xY\",\n            {\n              \"or\": [\n                \"AVN06B\",\n                \"KZ416S\",\n                \"NL1724N\",\n                {\n                  \"pattern\": \"ZF*I\",\n                  \"exclude\": \"AG74Q\",\n                  \"info\": \"\"\n                }\n              ]\n            },\n            {\n              \"and\": [\n                \"FN4536\",\n                \"IT60\"\n              ]\n            }\n          ]\n        },\n        \"url\": \"http://zk4jj4f0dfdj0lr25mvpc720r.7f5n-hwb0ra3kuzjy5niznsf2rydv840s1gtgdq6p794wnnm3elw148q559.cfv7473ry3wnkgpqekw7r4js0rb7j1smmdgxm6in8pyxi80l7o9.5.c.xrjnvrz/q0zKJj/E*.L/1'\",\n        \"isSelectable\": true\n      }\n    }\n  },\n  {\n    \"title\": \"block sample 5\",\n    \"value\": {\n      \"name\": \"}\",\n      \"ay\": 1977,\n      \"match\": \"RIW8J\",\n      \"satisfy\": [\n        {\n          \"and\": [\n            \"ai\"\n          ]\n        },\n        \"(A\"\n      ],\n      \"url\": \"https://h5niicjlhikz1nx9p4332ze2l.pv//*2/%F0%90%BE%9E%F0%AB%9B%A3u;\",\n      \"info\": \"S#OQN}|V>.\",\n      \"isSelectable\": true\n    }\n  },\n  {\n    \"title\": \"block sample 6\",\n    \"value\": {\n      \"ay\": 1965,\n      \"assign\": [],\n      \"match\": {\n        \"pattern\": \"GR691\",\n        \"exclude\": \"LXNxS\"\n      },\n      \"info\": \"&&|&-RzS:\",\n      \"isSelectable\": true\n    }\n  },\n  {\n    \"title\": \"block sample 7\",\n    \"value\": {\n      \"name\": \"\\\\(+ku>mV9\",\n      \"assign\": \"w3w{qpGV@\",\n      \"match\": [\n        {\n          \"and\": [\n            {\n              \"pattern\": \"UJ3x2\",\n              \"exclude\": [\n                \"DC8O\",\n                \"MG64N\",\n                \"EO96\",\n                \"LI92V\",\n                \"VX3415\"\n              ],\n              \"info\": \"l_/?N\"\n            },\n            {\n              \"pattern\": \"YF42F\",\n              \"exclude\": \"IIB22Z\",\n              \"info\": \"b[V}[~Y\"\n            },\n            {\n              \"and\": [\n                {\n                  \"and\": [\n                    {\n                      \"or\": [\n                        {\n                          \"and\": [\n                            \"IE4\",\n                            \"FURxC\",\n                            \"RZY87K\"\n                          ]\n                        },\n                        \"KF9x\"\n                      ]\n                    },\n                    \"AT26L\",\n                    \"SN67\"\n                  ]\n                },\n                {\n                  \"and\": [\n                    \"PFE2\",\n                    \"ES2R\",\n                    \"SLE100xQ\"\n                  ]\n                }\n              ]\n            },\n            \"JC236J\"\n          ]\n        }\n      ],\n      \"satisfy\": [\n        \"o$\",\n        {\n          \"and\": []\n        },\n        {\n          \"mc\": \">=184\"\n        }\n      ],\n      \"url\": \"http://i.gbsqb8tcman3aeuvkv0rxnem5llgy9x5pvsawpj3g2q6.0d46.o.ecycawyx\",\n      \"info\": \":$~\",\n      \"isSelectable\": true\n    }\n  },\n  {\n    \"title\": \"block sample 8\",\n    \"value\": {\n      \"name\": \"w2c\",\n      \"assign\": [\n        \"Br _\",\n        \"5!Z09u\",\n        \"[^>`LfFDA\",\n        \"/zQa<(&j.3\"\n      ],\n      \"url\": \"http://9.be-bc9gefkae96808ydd.r.xp/Xpjf'_d4/j%F0%99%AB%AE5/U'4tX8/U@@1%F1%8E%AB%BFti%F3%AE%8F%9D/%F1%BD%AC%94/YyYeX)tta3\",\n      \"info\": \"~{$\\\"\",\n      \"isSelectable\": true\n    }\n  },\n  {\n    \"title\": \"block sample 9\",\n    \"value\": {\n      \"name\": \"\",\n      \"ay\": 1954,\n      \"match\": [],\n      \"satisfy\": [\n        \"\\\\2lU85K\"\n      ],\n      \"url\": \"http://g133t5z484crkk2k70zjyr1cna56d0-jn-x6r2t387vuofk94x1.8.qblqhyr/)\",\n      \"info\": \"1Y\\\\.j0v*S\",\n      \"isSelectable\": true,\n      \"  y\": {\n        \"name\": \".H\",\n        \"assign\": [\n          \")AQ%}9t;g\"\n        ],\n        \"match\": {\n          \"pattern\": \"LM11V\",\n          \"exclude\": [\n            \"CI45\",\n            \"AP5\",\n            \"ZR288\",\n            \"BAF1I\",\n            \"YIM6B\"\n          ],\n          \"info\": \"v; z\"\n        },\n        \"satisfy\": {\n          \"mc\": \">=194\"\n        },\n        \"isSelectable\": true\n      }\n    }\n  }\n]",
              "code": "fast_check_1.sample(index_test_2.block, 10).forEach((sample, i) => addContext_1.default(this, {\n    title: `block sample ${i}`,\n    value: sample,\n}));\nreturn fast_check_1.assert(fast_check_1.property(index_test_2.block, ajvValidate));",
              "err": {},
              "uuid": "873c8070-60dc-4e85-998c-0fcfeeb8e422",
              "parentUUID": "7abee7ca-06d8-45ee-9df7-49189ab1d627",
              "isHook": false,
              "skipped": false
            },
            {
              "title": "should not validate non-object",
              "fullTitle": "blockSchema should not validate non-object",
              "timedOut": false,
              "duration": 1,
              "state": "passed",
              "speed": "fast",
              "pass": true,
              "fail": false,
              "pending": false,
              "context": null,
              "code": "const error = {\n    instancePath: \"\",\n    message: \"block should be an object\",\n};\nisInvalidBlock(null, error);\nisInvalidBlock(undefined, error);\nisInvalidBlock(10, error);\nisInvalidBlock([12, 24], error);\nisInvalidBlock(\"abc\", error);",
              "err": {},
              "uuid": "c671bc83-1d71-47bb-8a37-1bbf53b5721c",
              "parentUUID": "7abee7ca-06d8-45ee-9df7-49189ab1d627",
              "isHook": false,
              "skipped": false
            },
            {
              "title": "should not validate block with invalid properties",
              "fullTitle": "blockSchema should not validate block with invalid properties",
              "timedOut": false,
              "duration": 1,
              "state": "passed",
              "speed": "fast",
              "pass": true,
              "fail": false,
              "pending": false,
              "context": null,
              "code": "isInvalidBlock({\n        name: { foo: \"bar\" },\n        ay: -1000,\n        assign: {},\n        match: 1,\n        satisfy: 2,\n        url: { abc: \"def\" },\n        info: 42,\n        isSelectable: 32,\n    }, { instancePath: \"/name\", message: \"property 'name' should be a string\" }, {\n        instancePath: \"/ay\",\n        message: \"property 'ay' should be a positive integer\",\n    }, {\n        instancePath: \"/assign\",\n        message: \"property 'assign' should be either a block ID or an array of block IDs\",\n    }, {\n        instancePath: \"/match\",\n        message: \"property 'match' should be either a match rule or an array of match rules\",\n    }, {\n        instancePath: \"/satisfy\",\n        message: \"property 'satisfy' should be either a satisfy rule or an array of satisfy rules\",\n    }, { instancePath: \"/url\", message: \"property 'url' should be a string\" }, { instancePath: \"/info\", message: \"property 'info' should be a string\" }, {\n        instancePath: \"/isSelectable\",\n        message: \"property 'isSelectable' should be a boolean\",\n    })",
              "err": {},
              "uuid": "32c623dc-e7b9-4e12-9b4f-04736687777f",
              "parentUUID": "7abee7ca-06d8-45ee-9df7-49189ab1d627",
              "isHook": false,
              "skipped": false
            }
          ],
          "suites": [],
          "passes": [
            "873c8070-60dc-4e85-998c-0fcfeeb8e422",
            "c671bc83-1d71-47bb-8a37-1bbf53b5721c",
            "32c623dc-e7b9-4e12-9b4f-04736687777f"
          ],
          "failures": [],
          "pending": [],
          "skipped": [],
          "duration": 163,
          "root": false,
          "rootEmpty": false,
          "_timeout": 2000
        },
        {
          "uuid": "81839c94-a7b1-412b-b560-6655ccfaaa75",
          "title": "patternToRE",
          "fullFile": "/home/runner/work/planwithus-lib/planwithus-lib/src/matchRule/pattern/satisfiers.test.ts",
          "file": "/src/matchRule/pattern/satisfiers.test.ts",
          "beforeHooks": [],
          "afterHooks": [],
          "tests": [
            {
              "title": "should match valid modules with a single pattern",
              "fullTitle": "patternToRE should match valid modules with a single pattern",
              "timedOut": false,
              "duration": 13,
              "state": "passed",
              "speed": "fast",
              "pass": true,
              "fail": false,
              "pending": false,
              "context": "[\n  {\n    \"title\": \"patternExampleList sample 0\",\n    \"value\": [\n      \"DO9G\",\n      [\n        \"DO9G\"\n      ]\n    ]\n  },\n  {\n    \"title\": \"patternExampleList sample 1\",\n    \"value\": [\n      \"GI4\",\n      [\n        \"GI4\"\n      ]\n    ]\n  },\n  {\n    \"title\": \"patternExampleList sample 2\",\n    \"value\": [\n      \"HK92x\",\n      [\n        \"HK929\",\n        \"HK928\",\n        \"HK927\",\n        \"HK924\",\n        \"HK920\",\n        \"HK923\",\n        \"HK921\"\n      ]\n    ]\n  },\n  {\n    \"title\": \"patternExampleList sample 3\",\n    \"value\": [\n      \"PS3\",\n      [\n        \"PS3\"\n      ]\n    ]\n  },\n  {\n    \"title\": \"patternExampleList sample 4\",\n    \"value\": [\n      \"UT2X\",\n      [\n        \"UT2X\"\n      ]\n    ]\n  },\n  {\n    \"title\": \"patternExampleList sample 5\",\n    \"value\": [\n      \"QJI858N\",\n      [\n        \"QJI858N\"\n      ]\n    ]\n  },\n  {\n    \"title\": \"patternExampleList sample 6\",\n    \"value\": [\n      \"YQH12\",\n      [\n        \"YQH12\"\n      ]\n    ]\n  },\n  {\n    \"title\": \"patternExampleList sample 7\",\n    \"value\": [\n      \"KU444S\",\n      [\n        \"KU444S\"\n      ]\n    ]\n  },\n  {\n    \"title\": \"patternExampleList sample 8\",\n    \"value\": [\n      \"JH71\",\n      [\n        \"JH71\"\n      ]\n    ]\n  },\n  {\n    \"title\": \"patternExampleList sample 9\",\n    \"value\": [\n      \"STS3\",\n      [\n        \"STS3\"\n      ]\n    ]\n  }\n]",
              "code": "fast_check_1.sample(index_test_1.patternExampleList, 10).forEach((sample, i) => addContext_1.default(this, {\n    title: `patternExampleList sample ${i}`,\n    value: sample,\n}));\nreturn fast_check_1.assert(fast_check_1.property(index_test_1.patternExampleList, ([patternStr, examples]) => {\n    const re = _1.patternToRE(patternStr);\n    return examples.every(re.test.bind(re));\n}));",
              "err": {},
              "uuid": "1e24a9ca-cdca-4d4d-86f5-70a7836f19f3",
              "parentUUID": "81839c94-a7b1-412b-b560-6655ccfaaa75",
              "isHook": false,
              "skipped": false
            },
            {
              "title": "should match valid modules with multiple patterns",
              "fullTitle": "patternToRE should match valid modules with multiple patterns",
              "timedOut": false,
              "duration": 54,
              "state": "passed",
              "speed": "medium",
              "pass": true,
              "fail": false,
              "pending": false,
              "context": "[\n  {\n    \"title\": \"patternExampleListArray sample 0\",\n    \"value\": [\n      [\n        \"LFA8574\",\n        [\n          \"LFA8574\"\n        ]\n      ],\n      [\n        \"QE40\",\n        [\n          \"QE40\"\n        ]\n      ],\n      [\n        \"GNA9W\",\n        [\n          \"GNA9W\"\n        ]\n      ],\n      [\n        \"MR0693P\",\n        [\n          \"MR0693P\"\n        ]\n      ]\n    ]\n  },\n  {\n    \"title\": \"patternExampleListArray sample 1\",\n    \"value\": [\n      [\n        \"CI6*93A\",\n        [\n          \"CI693A\",\n          \"CI6S25RR8KZ93A\",\n          \"CI6NQYXXDH593A\"\n        ]\n      ],\n      [\n        \"DI2x5\",\n        [\n          \"DI285\",\n          \"DI265\",\n          \"DI275\",\n          \"DI225\",\n          \"DI295\",\n          \"DI235\",\n          \"DI245\",\n          \"DI215\",\n          \"DI255\",\n          \"DI205\"\n        ]\n      ],\n      [\n        \"DK4563\",\n        [\n          \"DK4563\"\n        ]\n      ],\n      [\n        \"OCV1762B\",\n        [\n          \"OCV1762B\"\n        ]\n      ],\n      [\n        \"XG71\",\n        [\n          \"XG71\"\n        ]\n      ],\n      [\n        \"FMI9\",\n        [\n          \"FMI9\"\n        ]\n      ],\n      [\n        \"OT4xT\",\n        [\n          \"OT48T\",\n          \"OT44T\"\n        ]\n      ],\n      [\n        \"EGR9x00\",\n        [\n          \"EGR9800\",\n          \"EGR9300\",\n          \"EGR9000\",\n          \"EGR9200\",\n          \"EGR9600\",\n          \"EGR9400\",\n          \"EGR9700\"\n        ]\n      ],\n      [\n        \"IS31N\",\n        [\n          \"IS31N\"\n        ]\n      ],\n      [\n        \"FT7*36X\",\n        [\n          \"FT73B8B36X\",\n          \"FT72HK36X\",\n          \"FT7LUE36X\",\n          \"FT7GYO64Y36X\",\n          \"FT7UFSKG36X\",\n          \"FT7SU736X\",\n          \"FT7J7LX036X\",\n          \"FT73YAC36X\",\n          \"FT7V936X\"\n        ]\n      ],\n      [\n        \"RXE21\",\n        [\n          \"RXE21\"\n        ]\n      ]\n    ]\n  },\n  {\n    \"title\": \"patternExampleListArray sample 2\",\n    \"value\": [\n      [\n        \"YN45*\",\n        [\n          \"YN45\",\n          \"YN45EI6OLV\",\n          \"YN45G78\",\n          \"YN45ZZS4ISN\",\n          \"YN452BD715W\",\n          \"YN45G492BMO\",\n          \"YN457IIJ\",\n          \"YN45UFMB23BG\",\n          \"YN45UG9\",\n          \"YN45OYAH1\",\n          \"YN45LSQJ1B0D\",\n          \"YN45F7UPJK\"\n        ]\n      ]\n    ]\n  },\n  {\n    \"title\": \"patternExampleListArray sample 3\",\n    \"value\": [\n      [\n        \"MS65H\",\n        [\n          \"MS65H\"\n        ]\n      ],\n      [\n        \"GQA3*\",\n        [\n          \"GQA3QGN\",\n          \"GQA3B5V\",\n          \"GQA3Z\",\n          \"GQA35R5OUD\",\n          \"GQA3F4WW\",\n          \"GQA3N\",\n          \"GQA399\",\n          \"GQA3\",\n          \"GQA3MD\",\n          \"GQA3N3DAI\",\n          \"GQA3U6KO\"\n        ]\n      ],\n      [\n        \"NBJ*\",\n        [\n          \"NBJO3BBJUCQ\",\n          \"NBJMLO\",\n          \"NBJ\",\n          \"NBJ9Q8ALTLK\",\n          \"NBJ5SNJDH6\",\n          \"NBJP4P0M9\"\n        ]\n      ],\n      [\n        \"PNL0xV\",\n        [\n          \"PNL05V\"\n        ]\n      ],\n      [\n        \"HZV2\",\n        [\n          \"HZV2\"\n        ]\n      ],\n      [\n        \"DO**\",\n        [\n          \"DO75JA5GWM\",\n          \"DOFFZ9TBKIEPU\",\n          \"DO2BU8Z3HY\",\n          \"DOL072Q8ZFDBBXEZD\",\n          \"DORD8B2P7\",\n          \"DOY94CZHIRT\"\n        ]\n      ],\n      [\n        \"RGN2x71\",\n        [\n          \"RGN2371\",\n          \"RGN2271\",\n          \"RGN2471\",\n          \"RGN2971\",\n          \"RGN2171\",\n          \"RGN2771\"\n        ]\n      ]\n    ]\n  },\n  {\n    \"title\": \"patternExampleListArray sample 4\",\n    \"value\": [\n      [\n        \"PEZ0B\",\n        [\n          \"PEZ0B\"\n        ]\n      ],\n      [\n        \"DZM5K\",\n        [\n          \"DZM5K\"\n        ]\n      ]\n    ]\n  },\n  {\n    \"title\": \"patternExampleListArray sample 5\",\n    \"value\": [\n      [\n        \"AE7\",\n        [\n          \"AE7\"\n        ]\n      ],\n      [\n        \"IH149\",\n        [\n          \"IH149\"\n        ]\n      ],\n      [\n        \"MG3\",\n        [\n          \"MG3\"\n        ]\n      ],\n      [\n        \"DRx1W\",\n        [\n          \"DR81W\",\n          \"DR51W\",\n          \"DR31W\",\n          \"DR11W\"\n        ]\n      ],\n      [\n        \"QE43\",\n        [\n          \"QE43\"\n        ]\n      ],\n      [\n        \"HZx326R\",\n        [\n          \"HZ5326R\",\n          \"HZ0326R\",\n          \"HZ7326R\",\n          \"HZ1326R\"\n        ]\n      ],\n      [\n        \"UD39Y\",\n        [\n          \"UD39Y\"\n        ]\n      ],\n      [\n        \"ESU3\",\n        [\n          \"ESU3\"\n        ]\n      ],\n      [\n        \"LL0Z\",\n        [\n          \"LL0Z\"\n        ]\n      ]\n    ]\n  },\n  {\n    \"title\": \"patternExampleListArray sample 6\",\n    \"value\": [\n      [\n        \"PI08*\",\n        [\n          \"PI08JRP1L\",\n          \"PI08\",\n          \"PI086NDI2B\",\n          \"PI08L7N6EHZ1\",\n          \"PI0846VEU6\",\n          \"PI08XCFJ98DP\",\n          \"PI08N7\",\n          \"PI08WMCC246\",\n          \"PI08QWT\",\n          \"PI080802\",\n          \"PI089YEOH1\"\n        ]\n      ],\n      [\n        \"GS29\",\n        [\n          \"GS29\"\n        ]\n      ],\n      [\n        \"MA72*0D\",\n        [\n          \"MA728OS400D\",\n          \"MA7290D\",\n          \"MA72SQ2DI0D\",\n          \"MA72A6YEH0D\",\n          \"MA721V8V0D\",\n          \"MA722BLW0D\",\n          \"MA722CRR0D\",\n          \"MA725T0D\"\n        ]\n      ],\n      [\n        \"VE2*7M\",\n        [\n          \"VE2DBCH8U27M\",\n          \"VE2F5OUZ7M\",\n          \"VE2WLEIO7M\",\n          \"VE2827M\",\n          \"VE25WL7F2C7M\",\n          \"VE2TLZ91ATG7M\",\n          \"VE2TC7M\",\n          \"VE2ODJDWI8L7M\",\n          \"VE2V7M\",\n          \"VE2H0V7M\"\n        ]\n      ]\n    ]\n  },\n  {\n    \"title\": \"patternExampleListArray sample 7\",\n    \"value\": [\n      [\n        \"TGB4K\",\n        [\n          \"TGB4K\"\n        ]\n      ],\n      [\n        \"EW47\",\n        [\n          \"EW47\"\n        ]\n      ],\n      [\n        \"KPP8K\",\n        [\n          \"KPP8K\"\n        ]\n      ],\n      [\n        \"GCE5*\",\n        [\n          \"GCE5RBT6X\"\n        ]\n      ],\n      [\n        \"MM1*2\",\n        [\n          \"MM13IXO2\",\n          \"MM161ONS2\",\n          \"MM1O2E2\",\n          \"MM172\",\n          \"MM1AKSB1P8O2\",\n          \"MM190842\",\n          \"MM1XW2\",\n          \"MM12\",\n          \"MM1AU02\",\n          \"MM1KYS2Q2\"\n        ]\n      ],\n      [\n        \"HL207I\",\n        [\n          \"HL207I\"\n        ]\n      ],\n      [\n        \"RZL*1*0\",\n        [\n          \"RZLXN211AJ267TW0\",\n          \"RZL5V10\",\n          \"RZLCNO28A1750\"\n        ]\n      ],\n      [\n        \"DRM45\",\n        [\n          \"DRM45\"\n        ]\n      ],\n      [\n        \"IK*45\",\n        [\n          \"IKJ45\",\n          \"IK45\",\n          \"IK1O45\",\n          \"IKPG45\",\n          \"IKYP45\",\n          \"IKC1A45\",\n          \"IK81QO45\",\n          \"IKO0RUJM645\",\n          \"IKG4N645\",\n          \"IKM45\",\n          \"IK4645\"\n        ]\n      ],\n      [\n        \"CR4\",\n        [\n          \"CR4\"\n        ]\n      ],\n      [\n        \"UKN48\",\n        [\n          \"UKN48\"\n        ]\n      ]\n    ]\n  },\n  {\n    \"title\": \"patternExampleListArray sample 8\",\n    \"value\": [\n      [\n        \"SG0\",\n        [\n          \"SG0\"\n        ]\n      ],\n      [\n        \"TCB1\",\n        [\n          \"TCB1\"\n        ]\n      ],\n      [\n        \"KBP9\",\n        [\n          \"KBP9\"\n        ]\n      ],\n      [\n        \"CKK7\",\n        [\n          \"CKK7\"\n        ]\n      ]\n    ]\n  },\n  {\n    \"title\": \"patternExampleListArray sample 9\",\n    \"value\": [\n      [\n        \"KQ104*\",\n        [\n          \"KQ104QRY\",\n          \"KQ1048\",\n          \"KQ104QIXIZY\"\n        ]\n      ],\n      [\n        \"IR*E\",\n        [\n          \"IRE\"\n        ]\n      ],\n      [\n        \"NOJ12S\",\n        [\n          \"NOJ12S\"\n        ]\n      ],\n      [\n        \"MPS57N\",\n        [\n          \"MPS57N\"\n        ]\n      ],\n      [\n        \"LU**\",\n        [\n          \"LUC4BAXHU0V\",\n          \"LUU9OAFMRV4\",\n          \"LUQH2EI30RT\",\n          \"LUIU1\",\n          \"LU1PNJ2N35924Z\",\n          \"LUAOZY363MV8U\",\n          \"LUW\",\n          \"LUUNAWD\",\n          \"LUS8OHRU5II\",\n          \"LUV99FH2IT4P3J\",\n          \"LUYXY6\",\n          \"LUVHUF6CSH\"\n        ]\n      ],\n      [\n        \"CI423F\",\n        [\n          \"CI423F\"\n        ]\n      ]\n    ]\n  }\n]",
              "code": "const patternExampleListArray = fast_check_1.array(index_test_1.patternExampleList, { minLength: 1 });\nfast_check_1.sample(patternExampleListArray, 10).forEach((sample, i) => addContext_1.default(this, {\n    title: `patternExampleListArray sample ${i}`,\n    value: sample,\n}));\nreturn fast_check_1.assert(fast_check_1.property(patternExampleListArray, (ts) => {\n    const re = _1.patternToRE(...ts.map(([patternStr]) => patternStr));\n    return ts\n        .map(([, examples]) => examples)\n        .flat()\n        .every(re.test.bind(re));\n}));",
              "err": {},
              "uuid": "dcbcd26c-780f-4bf9-9460-d5ff1866dbe3",
              "parentUUID": "81839c94-a7b1-412b-b560-6655ccfaaa75",
              "isHook": false,
              "skipped": false
            },
            {
              "title": "should not match x to non-number",
              "fullTitle": "patternToRE should not match x to non-number",
              "timedOut": false,
              "duration": 0,
              "state": "passed",
              "speed": "fast",
              "pass": true,
              "fail": false,
              "pending": false,
              "context": null,
              "code": "const re = _1.patternToRE(\"x\");\n[\"A\", \"Z\", \"c\", \"#\"].forEach((example) => isInvalidExample(re, example));",
              "err": {},
              "uuid": "761786e7-02a7-42f2-8dd0-12915704d06b",
              "parentUUID": "81839c94-a7b1-412b-b560-6655ccfaaa75",
              "isHook": false,
              "skipped": false
            },
            {
              "title": "should not match * to a substring composed of characters other than A-Z and 0-9",
              "fullTitle": "patternToRE should not match * to a substring composed of characters other than A-Z and 0-9",
              "timedOut": false,
              "duration": 0,
              "state": "passed",
              "speed": "fast",
              "pass": true,
              "fail": false,
              "pending": false,
              "context": null,
              "code": "const re = _1.patternToRE(\"*\");\n[\"c\", \"Ac\", \"cA\", \"0Ax\", \"x0A\", \"BA#\", \"#AB\"].forEach((example) => isInvalidExample(re, example));",
              "err": {},
              "uuid": "40f8ce96-c8b1-4363-a95d-bed94069cee3",
              "parentUUID": "81839c94-a7b1-412b-b560-6655ccfaaa75",
              "isHook": false,
              "skipped": false
            },
            {
              "title": "should not match substrings",
              "fullTitle": "patternToRE should not match substrings",
              "timedOut": false,
              "duration": 1,
              "state": "passed",
              "speed": "fast",
              "pass": true,
              "fail": false,
              "pending": false,
              "context": null,
              "code": "const re = _1.patternToRE(\"A*xC\");\n[\"A1CZ\", \"AC1CZ\", \"ZA1C\", \"ZAC1C\", \"ZA1CZ\", \"ZAC1CZ\"].forEach((example) => isInvalidExample(re, example));",
              "err": {},
              "uuid": "97670fac-1815-4e26-b486-a43310088b22",
              "parentUUID": "81839c94-a7b1-412b-b560-6655ccfaaa75",
              "isHook": false,
              "skipped": false
            }
          ],
          "suites": [],
          "passes": [
            "1e24a9ca-cdca-4d4d-86f5-70a7836f19f3",
            "dcbcd26c-780f-4bf9-9460-d5ff1866dbe3",
            "761786e7-02a7-42f2-8dd0-12915704d06b",
            "40f8ce96-c8b1-4363-a95d-bed94069cee3",
            "97670fac-1815-4e26-b486-a43310088b22"
          ],
          "failures": [],
          "pending": [],
          "skipped": [],
          "duration": 68,
          "root": false,
          "rootEmpty": false,
          "_timeout": 2000
        },
        {
          "uuid": "05b8d8bc-0572-4cef-b1d2-9c13907336f7",
          "title": "patternSatisfier",
          "fullFile": "/home/runner/work/planwithus-lib/planwithus-lib/src/matchRule/pattern/satisfiers.test.ts",
          "file": "/src/matchRule/pattern/satisfiers.test.ts",
          "beforeHooks": [],
          "afterHooks": [],
          "tests": [
            {
              "title": "should assign all modules with *",
              "fullTitle": "patternSatisfier should assign all modules with *",
              "timedOut": false,
              "duration": 1,
              "state": "passed",
              "speed": "fast",
              "pass": true,
              "fail": false,
              "pending": false,
              "context": null,
              "code": "const { assign } = satisfiers_1.patternSatisfier(ref, \"*\");\nisCorrectAssign(assign, modulesList1, modulesList1.map(([moduleStr]) => moduleStr));",
              "err": {},
              "uuid": "cc5c0e17-113d-4d91-b297-a55d814da2b9",
              "parentUUID": "05b8d8bc-0572-4cef-b1d2-9c13907336f7",
              "isHook": false,
              "skipped": false
            },
            {
              "title": "should assign only valid modules with pattern containing *",
              "fullTitle": "patternSatisfier should assign only valid modules with pattern containing *",
              "timedOut": false,
              "duration": 0,
              "state": "passed",
              "speed": "fast",
              "pass": true,
              "fail": false,
              "pending": false,
              "context": null,
              "code": "const { assign } = satisfiers_1.patternSatisfier(ref, \"CS2*\");\nisCorrectAssign(assign, modulesList1, [\"CS2100\", \"CS2040S\", \"CS2030\"]);",
              "err": {},
              "uuid": "f4586321-5a97-48ca-b2cb-bd5b5703df0d",
              "parentUUID": "05b8d8bc-0572-4cef-b1d2-9c13907336f7",
              "isHook": false,
              "skipped": false
            },
            {
              "title": "should assign only valid modules with pattern containing x",
              "fullTitle": "patternSatisfier should assign only valid modules with pattern containing x",
              "timedOut": false,
              "duration": 0,
              "state": "passed",
              "speed": "fast",
              "pass": true,
              "fail": false,
              "pending": false,
              "context": null,
              "code": "const { assign } = satisfiers_1.patternSatisfier(ref, \"CS20xx\");\nisCorrectAssign(assign, modulesList1, [\"CS2030\"]);",
              "err": {},
              "uuid": "03ac6813-7272-41ca-9c5c-314f88393aba",
              "parentUUID": "05b8d8bc-0572-4cef-b1d2-9c13907336f7",
              "isHook": false,
              "skipped": false
            },
            {
              "title": "should assign only valid modules with pattern containing x and *",
              "fullTitle": "patternSatisfier should assign only valid modules with pattern containing x and *",
              "timedOut": false,
              "duration": 0,
              "state": "passed",
              "speed": "fast",
              "pass": true,
              "fail": false,
              "pending": false,
              "context": null,
              "code": "const { assign } = satisfiers_1.patternSatisfier(ref, \"CS20xx*\");\nisCorrectAssign(assign, modulesList1, [\"CS2040S\", \"CS2030\"]);",
              "err": {},
              "uuid": "b56d45a3-4262-4d85-990c-31d36c5718ec",
              "parentUUID": "05b8d8bc-0572-4cef-b1d2-9c13907336f7",
              "isHook": false,
              "skipped": false
            }
          ],
          "suites": [],
          "passes": [
            "cc5c0e17-113d-4d91-b297-a55d814da2b9",
            "f4586321-5a97-48ca-b2cb-bd5b5703df0d",
            "03ac6813-7272-41ca-9c5c-314f88393aba",
            "b56d45a3-4262-4d85-990c-31d36c5718ec"
          ],
          "failures": [],
          "pending": [],
          "skipped": [],
          "duration": 1,
          "root": false,
          "rootEmpty": false,
          "_timeout": 2000
        },
        {
          "uuid": "362b51e1-1021-44b8-8503-9604b9eaef36",
          "title": "patternSchema",
          "fullFile": "/home/runner/work/planwithus-lib/planwithus-lib/src/matchRule/pattern/schemas.test.ts",
          "file": "/src/matchRule/pattern/schemas.test.ts",
          "beforeHooks": [],
          "afterHooks": [],
          "tests": [
            {
              "title": "should validate non-empty pattern composed of A-Z, 0-9, x or *",
              "fullTitle": "patternSchema should validate non-empty pattern composed of A-Z, 0-9, x or *",
              "timedOut": false,
              "duration": 1,
              "state": "passed",
              "speed": "fast",
              "pass": true,
              "fail": false,
              "pending": false,
              "context": "[\n  {\n    \"title\": \"pattern sample 0\",\n    \"value\": \"JEP390W\"\n  },\n  {\n    \"title\": \"pattern sample 1\",\n    \"value\": \"TL36O\"\n  },\n  {\n    \"title\": \"pattern sample 2\",\n    \"value\": \"TU085J\"\n  },\n  {\n    \"title\": \"pattern sample 3\",\n    \"value\": \"ZP341J\"\n  },\n  {\n    \"title\": \"pattern sample 4\",\n    \"value\": \"DGF8\"\n  },\n  {\n    \"title\": \"pattern sample 5\",\n    \"value\": \"TE1x\"\n  },\n  {\n    \"title\": \"pattern sample 6\",\n    \"value\": \"FXJ718\"\n  },\n  {\n    \"title\": \"pattern sample 7\",\n    \"value\": \"SX26J\"\n  },\n  {\n    \"title\": \"pattern sample 8\",\n    \"value\": \"HB2\"\n  },\n  {\n    \"title\": \"pattern sample 9\",\n    \"value\": \"CK88*\"\n  }\n]",
              "code": "fast_check_1.sample(index_test_2.pattern, 10).forEach((sample, i) => addContext_1.default(this, {\n    title: `pattern sample ${i}`,\n    value: sample,\n}));\nreturn fast_check_1.assert(fast_check_1.property(index_test_2.pattern, ajvValidate), {\n    examples: [[\"*\"], [\"ACC1002\"], [\"IS1103\"], [\"CS1231S\"], [\"MA1102R\"]],\n});",
              "err": {},
              "uuid": "ebd0e000-7354-4bc1-83a9-6c06369a0047",
              "parentUUID": "362b51e1-1021-44b8-8503-9604b9eaef36",
              "isHook": false,
              "skipped": false
            },
            {
              "title": "should not validate empty pattern",
              "fullTitle": "patternSchema should not validate empty pattern",
              "timedOut": false,
              "duration": 1,
              "state": "passed",
              "speed": "fast",
              "pass": true,
              "fail": false,
              "pending": false,
              "context": null,
              "code": "isInvalidPattern(\"\")",
              "err": {},
              "uuid": "3cfc525d-3d7b-4b4b-9e43-87185fd4ae49",
              "parentUUID": "362b51e1-1021-44b8-8503-9604b9eaef36",
              "isHook": false,
              "skipped": false
            },
            {
              "title": "should not validate pattern with invalid characters",
              "fullTitle": "patternSchema should not validate pattern with invalid characters",
              "timedOut": false,
              "duration": 0,
              "state": "passed",
              "speed": "fast",
              "pass": true,
              "fail": false,
              "pending": false,
              "context": null,
              "code": "[\"AB123a\", \"Ac123a\", \"AB123^S\", \"AB1*3^S\", \"$A1*3^S\", \"/A1x33S\"].forEach(isInvalidPattern)",
              "err": {},
              "uuid": "68243f04-35cc-444c-a522-7a66ab1359b3",
              "parentUUID": "362b51e1-1021-44b8-8503-9604b9eaef36",
              "isHook": false,
              "skipped": false
            }
          ],
          "suites": [],
          "passes": [
            "ebd0e000-7354-4bc1-83a9-6c06369a0047",
            "3cfc525d-3d7b-4b4b-9e43-87185fd4ae49",
            "68243f04-35cc-444c-a522-7a66ab1359b3"
          ],
          "failures": [],
          "pending": [],
          "skipped": [],
          "duration": 2,
          "root": false,
          "rootEmpty": false,
          "_timeout": 2000
        },
        {
          "uuid": "f4265a58-a3a7-40c6-9801-b3258f2bf79f",
          "title": "patternMatchRuleSatisfier",
          "fullFile": "/home/runner/work/planwithus-lib/planwithus-lib/src/matchRule/satisfiers.test.ts",
          "file": "/src/matchRule/satisfiers.test.ts",
          "beforeHooks": [],
          "afterHooks": [],
          "tests": [
            {
              "title": "should assign only valid modules with pattern match rule containing no exclude patterns",
              "fullTitle": "patternMatchRuleSatisfier should assign only valid modules with pattern match rule containing no exclude patterns",
              "timedOut": false,
              "duration": 0,
              "state": "passed",
              "speed": "fast",
              "pass": true,
              "fail": false,
              "pending": false,
              "context": null,
              "code": "const { assign } = satisfiers_1.patternMatchRuleSatisfier(ref, { pattern: \"CS1xxx*\" });\nisCorrectAssign(assign, modulesList1, [\"CS1231\", \"CS1231S\"]);",
              "err": {},
              "uuid": "f359794a-4aad-4a88-9484-5947043c21a6",
              "parentUUID": "f4265a58-a3a7-40c6-9801-b3258f2bf79f",
              "isHook": false,
              "skipped": false
            },
            {
              "title": "should assign only valid modules with pattern match rule containing an exclude pattern",
              "fullTitle": "patternMatchRuleSatisfier should assign only valid modules with pattern match rule containing an exclude pattern",
              "timedOut": false,
              "duration": 1,
              "state": "passed",
              "speed": "fast",
              "pass": true,
              "fail": false,
              "pending": false,
              "context": null,
              "code": "const { assign } = satisfiers_1.patternMatchRuleSatisfier(ref, {\n    pattern: \"MA1xxx*\",\n    exclude: \"MA15xx\",\n});\nisCorrectAssign(assign, modulesList1, [\n    \"MA1100\",\n    \"MA1101R\",\n    \"MA1102R\",\n    \"MA1511A\",\n]);",
              "err": {},
              "uuid": "b52b2ad6-d527-40e0-85f8-b2cfaeceb788",
              "parentUUID": "f4265a58-a3a7-40c6-9801-b3258f2bf79f",
              "isHook": false,
              "skipped": false
            },
            {
              "title": "should assign only valid modules with pattern match rule containing multiple exclude patterns",
              "fullTitle": "patternMatchRuleSatisfier should assign only valid modules with pattern match rule containing multiple exclude patterns",
              "timedOut": false,
              "duration": 0,
              "state": "passed",
              "speed": "fast",
              "pass": true,
              "fail": false,
              "pending": false,
              "context": null,
              "code": "const { assign } = satisfiers_1.patternMatchRuleSatisfier(ref, {\n    pattern: \"MA*\",\n    exclude: [\"MA151x*\", \"MA2xxx\"],\n});\nisCorrectAssign(assign, modulesList1, [\n    \"MA1100\",\n    \"MA1101R\",\n    \"MA1102R\",\n    \"MA1507\",\n    \"MA1521\",\n    \"MA2101S\",\n]);",
              "err": {},
              "uuid": "4b1c8422-291b-4ac5-868a-70302cc10cc9",
              "parentUUID": "f4265a58-a3a7-40c6-9801-b3258f2bf79f",
              "isHook": false,
              "skipped": false
            }
          ],
          "suites": [],
          "passes": [
            "f359794a-4aad-4a88-9484-5947043c21a6",
            "b52b2ad6-d527-40e0-85f8-b2cfaeceb788",
            "4b1c8422-291b-4ac5-868a-70302cc10cc9"
          ],
          "failures": [],
          "pending": [],
          "skipped": [],
          "duration": 1,
          "root": false,
          "rootEmpty": false,
          "_timeout": 2000
        },
        {
          "uuid": "5330589a-9dd0-49fa-9c93-294e9f1f480f",
          "title": "matchRuleSchema",
          "fullFile": "/home/runner/work/planwithus-lib/planwithus-lib/src/matchRule/schemas.test.ts",
          "file": "/src/matchRule/schemas.test.ts",
          "beforeHooks": [],
          "afterHooks": [],
          "tests": [
            {
              "title": "should validate match rule with valid pattern",
              "fullTitle": "matchRuleSchema should validate match rule with valid pattern",
              "timedOut": false,
              "duration": 2,
              "state": "passed",
              "speed": "fast",
              "pass": true,
              "fail": false,
              "pending": false,
              "context": "[\n  {\n    \"title\": \"pattern sample 0\",\n    \"value\": \"QXZ536I\"\n  },\n  {\n    \"title\": \"pattern sample 1\",\n    \"value\": \"SB2856W\"\n  },\n  {\n    \"title\": \"pattern sample 2\",\n    \"value\": \"PNU8785J\"\n  },\n  {\n    \"title\": \"pattern sample 3\",\n    \"value\": \"AM74xx\"\n  },\n  {\n    \"title\": \"pattern sample 4\",\n    \"value\": \"ATD*712\"\n  },\n  {\n    \"title\": \"pattern sample 5\",\n    \"value\": \"MR7\"\n  },\n  {\n    \"title\": \"pattern sample 6\",\n    \"value\": \"ELxS\"\n  },\n  {\n    \"title\": \"pattern sample 7\",\n    \"value\": \"RH4\"\n  },\n  {\n    \"title\": \"pattern sample 8\",\n    \"value\": \"JJ*\"\n  },\n  {\n    \"title\": \"pattern sample 9\",\n    \"value\": \"EXC223\"\n  }\n]",
              "code": "fast_check_1.sample(index_test_3.pattern, 10).forEach((sample, i) => addContext_1.default(this, {\n    title: `pattern sample ${i}`,\n    value: sample,\n}));\nreturn fast_check_1.assert(fast_check_1.property(index_test_3.pattern, ajvValidate));",
              "err": {},
              "uuid": "abeab424-952a-488e-a776-b806672331de",
              "parentUUID": "5330589a-9dd0-49fa-9c93-294e9f1f480f",
              "isHook": false,
              "skipped": false
            },
            {
              "title": "should validate match rules with valid pattern, exclude and info",
              "fullTitle": "matchRuleSchema should validate match rules with valid pattern, exclude and info",
              "timedOut": false,
              "duration": 3,
              "state": "passed",
              "speed": "fast",
              "pass": true,
              "fail": false,
              "pending": false,
              "context": "[\n  {\n    \"title\": \"patternMatchRule sample 0\",\n    \"value\": {\n      \"pattern\": \"WXCx\",\n      \"exclude\": [\n        \"AG7557N\",\n        \"IGZ556\"\n      ],\n      \"info\": \"\\\"]{\\\"v!{x|\"\n    }\n  },\n  {\n    \"title\": \"patternMatchRule sample 1\",\n    \"value\": {\n      \"pattern\": \"QF277\",\n      \"exclude\": \"HZ7037J\",\n      \"info\": \"\\\\o}\"\n    }\n  },\n  {\n    \"title\": \"patternMatchRule sample 2\",\n    \"value\": {\n      \"pattern\": \"LD65Z\",\n      \"exclude\": [\n        \"GSJ02\",\n        \"MG*1D\",\n        \"FF*x\",\n        \"IWK90\",\n        \"WBT82*8\"\n      ],\n      \"info\": \"Ojh\"\n    }\n  },\n  {\n    \"title\": \"patternMatchRule sample 3\",\n    \"value\": {\n      \"pattern\": \"MF3R\",\n      \"exclude\": \"PU1\"\n    }\n  },\n  {\n    \"title\": \"patternMatchRule sample 4\",\n    \"value\": {\n      \"pattern\": \"FGZ531\",\n      \"exclude\": [\n        \"KH1\"\n      ],\n      \"info\": \"$ fvR\"\n    }\n  },\n  {\n    \"title\": \"patternMatchRule sample 5\",\n    \"value\": {\n      \"pattern\": \"SQH8\",\n      \"exclude\": \"VC2\",\n      \"info\": \"\\\"7\"\n    }\n  },\n  {\n    \"title\": \"patternMatchRule sample 6\",\n    \"value\": {\n      \"pattern\": \"YY924\",\n      \"exclude\": \"SE1435\"\n    }\n  },\n  {\n    \"title\": \"patternMatchRule sample 7\",\n    \"value\": {\n      \"pattern\": \"QP4U\",\n      \"info\": \"#\"\n    }\n  },\n  {\n    \"title\": \"patternMatchRule sample 8\",\n    \"value\": {\n      \"pattern\": \"JO5317T\",\n      \"exclude\": \"NHC0\",\n      \"info\": \"$\"\n    }\n  },\n  {\n    \"title\": \"patternMatchRule sample 9\",\n    \"value\": {\n      \"pattern\": \"VS3\"\n    }\n  }\n]",
              "code": "fast_check_1.sample(index_test_2.patternMatchRule, 10).forEach((sample, i) => addContext_1.default(this, {\n    title: `patternMatchRule sample ${i}`,\n    value: sample,\n}));\nreturn fast_check_1.assert(fast_check_1.property(index_test_2.patternMatchRule, ajvValidate));",
              "err": {},
              "uuid": "b624f20a-ffd9-4745-837c-441cb08536bc",
              "parentUUID": "5330589a-9dd0-49fa-9c93-294e9f1f480f",
              "isHook": false,
              "skipped": false
            },
            {
              "title": "should validate valid recursive match rules",
[...]
              "pass": true,
              "fail": false,
              "pending": false,
              "context": null,
              "code": "const satisfier = satisfiers_1.inequalitySatisfier(ref, \"<=28\");\nsatisfier.should.have.property(\"filter\");\nconst { filter } = satisfier;\nisCorrectFilter(filter, modulesList1, modulesList1.map(([moduleStr]) => moduleStr));",
              "err": {},
              "uuid": "0829bf3a-24bf-4846-9bf7-2d62439644af",
              "parentUUID": "0a370344-5c75-47a3-a2df-c0c349a683ae",
              "isHook": false,
              "skipped": false
            },
            {
              "title": "should preserve list of modules with upper bound of MCs if total MC count is lower",
              "fullTitle": "inequalitySatisfier should preserve list of modules with upper bound of MCs if total MC count is lower",
              "timedOut": false,
              "duration": 0,
              "state": "passed",
              "speed": "fast",
              "pass": true,
              "fail": false,
              "pending": false,
              "context": null,
              "code": "const satisfier = satisfiers_1.inequalitySatisfier(ref, \"<=32\");\nsatisfier.should.have.property(\"filter\");\nconst { filter } = satisfier;\nisCorrectFilter(filter, modulesList1, modulesList1.map(([moduleStr]) => moduleStr));",
              "err": {},
              "uuid": "70adb6d9-ef86-45a8-80c6-d35a683219cd",
              "parentUUID": "0a370344-5c75-47a3-a2df-c0c349a683ae",
              "isHook": false,
              "skipped": false
            },
            {
              "title": "should truncate list of modules with upper bound of MCs at exact cutoff if total MC count is higher and there exists some starting sequence with exact MC count",
              "fullTitle": "inequalitySatisfier should truncate list of modules with upper bound of MCs at exact cutoff if total MC count is higher and there exists some starting sequence with exact MC count",
              "timedOut": false,
              "duration": 0,
              "state": "passed",
              "speed": "fast",
              "pass": true,
              "fail": false,
              "pending": false,
              "context": null,
              "code": "const satisfier = satisfiers_1.inequalitySatisfier(ref, \"<=16\");\nsatisfier.should.have.property(\"filter\");\nconst { filter } = satisfier;\nisCorrectFilter(filter, modulesList1, [\n    \"CS2100\",\n    \"GER1000\",\n    \"CS2040S\",\n    \"ST2131\",\n]);",
              "err": {},
              "uuid": "8ec9917f-a3e0-4703-bd8b-01eed6a3f9a8",
              "parentUUID": "0a370344-5c75-47a3-a2df-c0c349a683ae",
              "isHook": false,
              "skipped": false
            },
            {
              "title": "should truncate list of modules with upper bound of MCs, cutting off at the minimum starting sequence that exceeds upper bound, if total MC count is higher and there exists no starting sequence with exact MC count",
              "fullTitle": "inequalitySatisfier should truncate list of modules with upper bound of MCs, cutting off at the minimum starting sequence that exceeds upper bound, if total MC count is higher and there exists no starting sequence with exact MC count",
              "timedOut": false,
              "duration": 0,
              "state": "passed",
              "speed": "fast",
              "pass": true,
              "fail": false,
              "pending": false,
              "context": null,
              "code": "const satisfier = satisfiers_1.inequalitySatisfier(ref, \"<=17\");\nsatisfier.should.have.property(\"filter\");\nconst { filter } = satisfier;\nisCorrectFilter(filter, modulesList1, [\n    \"CS2100\",\n    \"GER1000\",\n    \"CS2040S\",\n    \"ST2131\",\n    \"MA1521\",\n]);",
              "err": {},
              "uuid": "b000794b-2d7f-4db6-9724-e646e1207bb1",
              "parentUUID": "0a370344-5c75-47a3-a2df-c0c349a683ae",
              "isHook": false,
              "skipped": false
            }
          ],
          "suites": [],
          "passes": [
            "19d19eb0-d2ed-4df4-957a-3d77bccad8b6",
            "54dd37c2-914c-4184-8eb1-244555a39398",
            "7d2abdbd-f20d-47dc-9aff-9c4e6f500222",
            "0829bf3a-24bf-4846-9bf7-2d62439644af",
            "70adb6d9-ef86-45a8-80c6-d35a683219cd",
            "8ec9917f-a3e0-4703-bd8b-01eed6a3f9a8",
            "b000794b-2d7f-4db6-9724-e646e1207bb1"
          ],
          "failures": [],
          "pending": [],
          "skipped": [],
          "duration": 1,
          "root": false,
          "rootEmpty": false,
          "_timeout": 2000
        },
        {
          "uuid": "6bdca2a9-1465-46dd-a140-271097708096",
          "title": "inequalitySchema",
          "fullFile": "/home/runner/work/planwithus-lib/planwithus-lib/src/satisfyRule/inequality/schemas.test.ts",
          "file": "/src/satisfyRule/inequality/schemas.test.ts",
          "beforeHooks": [],
          "afterHooks": [],
          "tests": [
            {
              "title": "should validate inequality in the form <=n or >=n",
              "fullTitle": "inequalitySchema should validate inequality in the form <=n or >=n",
              "timedOut": false,
              "duration": 1,
              "state": "passed",
              "speed": "fast",
              "pass": true,
              "fail": false,
              "pending": false,
              "context": "[\n  {\n    \"title\": \"inequality sample 0\",\n    \"value\": \">=3\"\n  },\n  {\n    \"title\": \"inequality sample 1\",\n    \"value\": \">=141\"\n  },\n  {\n    \"title\": \"inequality sample 2\",\n    \"value\": \"<=2\"\n  },\n  {\n    \"title\": \"inequality sample 3\",\n    \"value\": \">=6\"\n  },\n  {\n    \"title\": \"inequality sample 4\",\n    \"value\": \">=7\"\n  },\n  {\n    \"title\": \"inequality sample 5\",\n    \"value\": \"<=137\"\n  },\n  {\n    \"title\": \"inequality sample 6\",\n    \"value\": \">=6\"\n  },\n  {\n    \"title\": \"inequality sample 7\",\n    \"value\": \"<=22\"\n  },\n  {\n    \"title\": \"inequality sample 8\",\n    \"value\": \"<=6\"\n  },\n  {\n    \"title\": \"inequality sample 9\",\n    \"value\": \">=72\"\n  }\n]",
              "code": "fast_check_1.sample(index_test_2.inequality, 10).forEach((sample, i) => addContext_1.default(this, {\n    title: `inequality sample ${i}`,\n    value: sample,\n}));\nreturn fast_check_1.assert(fast_check_1.property(index_test_2.inequality, ajvValidate));",
              "err": {},
              "uuid": "d6722539-e533-4021-b192-e4816fc3b797",
              "parentUUID": "6bdca2a9-1465-46dd-a140-271097708096",
              "isHook": false,
              "skipped": false
            },
            {
              "title": "should not validate inequality of invalid form",
              "fullTitle": "inequalitySchema should not validate inequality of invalid form",
              "timedOut": false,
              "duration": 2,
              "state": "passed",
              "speed": "fast",
              "pass": true,
              "fail": false,
              "pending": false,
              "context": null,
              "code": "[\n        \"\",\n        \"==23\",\n        \"23\",\n        \"<23\",\n        \">23\",\n        \"<=-1\",\n        \">=-1\",\n        \"<= 2\",\n        \">= 1\",\n        \"> 3\",\n        \"< 3\",\n        \"<=3a\",\n        \">=3a\",\n        \"a<=3\",\n        \"a>=3\",\n    ].forEach(isInvalidInequality)",
              "err": {},
              "uuid": "d1d8c367-b40b-4d15-ac66-c7210df3748c",
              "parentUUID": "6bdca2a9-1465-46dd-a140-271097708096",
              "isHook": false,
              "skipped": false
            }
          ],
          "suites": [],
          "passes": [
            "d6722539-e533-4021-b192-e4816fc3b797",
            "d1d8c367-b40b-4d15-ac66-c7210df3748c"
          ],
          "failures": [],
          "pending": [],
          "skipped": [],
          "duration": 3,
          "root": false,
          "rootEmpty": false,
          "_timeout": 2000
        },
        {
          "uuid": "032dc746-d608-498d-b896-095c46838836",
          "title": "satisfyRuleSchema",
          "fullFile": "/home/runner/work/planwithus-lib/planwithus-lib/src/satisfyRule/schemas.test.ts",
          "file": "/src/satisfyRule/schemas.test.ts",
          "beforeHooks": [],
          "afterHooks": [],
          "tests": [
            {
              "title": "should validate satisfy rule with valid block id",
              "fullTitle": "satisfyRuleSchema should validate satisfy rule with valid block id",
              "timedOut": false,
              "duration": 1,
              "state": "passed",
              "speed": "fast",
              "pass": true,
              "fail": false,
              "pending": false,
              "context": null,
              "code": "fast_check_1.assert(fast_check_1.property(fast_check_1.string(), ajvValidate)",
              "err": {},
              "uuid": "83cea330-2402-4b76-99ea-0235f102c80d",
              "parentUUID": "032dc746-d608-498d-b896-095c46838836",
              "isHook": false,
              "skipped": false
            },
            {
              "title": "should validate satisfy rules with valid mc",
              "fullTitle": "satisfyRuleSchema should validate satisfy rules with valid mc",
              "timedOut": false,
              "duration": 1,
              "state": "passed",
              "speed": "fast",
              "pass": true,
              "fail": false,
              "pending": false,
              "context": "[\n  {\n    \"title\": \"mcSatisfyRule sample 0\",\n    \"value\": {\n      \"mc\": \"<=2\"\n    }\n  },\n  {\n    \"title\": \"mcSatisfyRule sample 1\",\n    \"value\": {\n      \"mc\": \">=191\"\n    }\n  },\n  {\n    \"title\": \"mcSatisfyRule sample 2\",\n    \"value\": {\n      \"mc\": \"<=3\"\n    }\n  },\n  {\n    \"title\": \"mcSatisfyRule sample 3\",\n    \"value\": {\n      \"mc\": \">=5\"\n    }\n  },\n  {\n    \"title\": \"mcSatisfyRule sample 4\",\n    \"value\": {\n      \"mc\": \"<=1\"\n    }\n  },\n  {\n    \"title\": \"mcSatisfyRule sample 5\",\n    \"value\": {\n      \"mc\": \">=169\"\n    }\n  },\n  {\n    \"title\": \"mcSatisfyRule sample 6\",\n    \"value\": {\n      \"mc\": \">=1\"\n    }\n  },\n  {\n    \"title\": \"mcSatisfyRule sample 7\",\n    \"value\": {\n      \"mc\": \"<=1\"\n    }\n  },\n  {\n    \"title\": \"mcSatisfyRule sample 8\",\n    \"value\": {\n      \"mc\": \">=194\"\n    }\n  },\n  {\n    \"title\": \"mcSatisfyRule sample 9\",\n    \"value\": {\n      \"mc\": \">=18\"\n    }\n  }\n]",
              "code": "fast_check_1.sample(index_test_2.mcSatisfyRule, 10).forEach((sample, i) => addContext_1.default(this, {\n    title: `mcSatisfyRule sample ${i}`,\n    value: sample,\n}));\nreturn fast_check_1.assert(fast_check_1.property(index_test_2.mcSatisfyRule, ajvValidate));",
              "err": {},
              "uuid": "96e8dbf4-479f-4fc6-a84e-51a4067b140e",
              "parentUUID": "032dc746-d608-498d-b896-095c46838836",
              "isHook": false,
              "skipped": false
            },
            {
              "title": "should validate valid recursive satisfy rules",
              "fullTitle": "satisfyRuleSchema should validate valid recursive satisfy rules",
              "timedOut": false,
              "duration": 4,
              "state": "passed",
              "speed": "fast",
              "pass": true,
              "fail": false,
              "pending": false,
              "context": "[\n  {\n    \"title\": \"satisfyRule sample 0\",\n    \"value\": {\n      \"or\": []\n    }\n  },\n  {\n    \"title\": \"satisfyRule sample 1\",\n    \"value\": {\n      \"mc\": \">=182\"\n    }\n  },\n  {\n    \"title\": \"satisfyRule sample 2\",\n    \"value\": \"4?u3Vt},\"\n  },\n  {\n    \"title\": \"satisfyRule sample 3\",\n    \"value\": {\n      \"mc\": \"<=133\"\n    }\n  },\n  {\n    \"title\": \"satisfyRule sample 4\",\n    \"value\": {\n      \"and\": [\n        {\n          \"mc\": \"<=57\"\n        },\n        {\n          \"or\": [\n            {\n              \"or\": []\n            }\n          ]\n        }\n      ]\n    }\n  },\n  {\n    \"title\": \"satisfyRule sample 5\",\n    \"value\": {\n      \"or\": [\n        {\n          \"mc\": \"<=145\"\n        }\n      ]\n    }\n  },\n  {\n    \"title\": \"satisfyRule sample 6\",\n    \"value\": {\n      \"or\": []\n    }\n  },\n  {\n    \"title\": \"satisfyRule sample 7\",\n    \"value\": {\n      \"or\": []\n    }\n  },\n  {\n    \"title\": \"satisfyRule sample 8\",\n    \"value\": {\n      \"mc\": \">=164\"\n    }\n  },\n  {\n    \"title\": \"satisfyRule sample 9\",\n    \"value\": {\n      \"or\": [\n        {\n          \"mc\": \">=31\"\n        },\n        {\n          \"and\": [\n            \"{5JIb}62MG\",\n            \"yk\",\n            {\n              \"mc\": \"<=17\"\n            },\n            \"-IOhE[U\\\\2o\",\n            \"N%G\"\n          ]\n        },\n        {\n          \"mc\": \"<=69\"\n        }\n      ]\n    }\n  }\n]",
              "code": "fast_check_1.sample(index_test_2.satisfyRule, 10).forEach((sample, i) => addContext_1.default(this, {\n    title: `satisfyRule sample ${i}`,\n    value: sample,\n}));\nreturn fast_check_1.assert(fast_check_1.property(index_test_2.satisfyRule, ajvValidate));",
              "err": {},
              "uuid": "94eb83f5-4e93-450c-9ca1-2c57556d59eb",
              "parentUUID": "032dc746-d608-498d-b896-095c46838836",
              "isHook": false,
              "skipped": false
            },
            {
              "title": "should not validate non-string/object",
              "fullTitle": "satisfyRuleSchema should not validate non-string/object",
              "timedOut": false,
              "duration": 1,
              "state": "passed",
              "speed": "fast",
              "pass": true,
              "fail": false,
              "pending": false,
              "context": null,
              "code": "const error = {\n    instancePath: \"\",\n    message: \"satisfy rule should be either a string or an object\",\n};\nisInvalidRule(null, error);\nisInvalidRule(undefined, error);\nisInvalidRule(10, error);\nisInvalidRule([12, 24], error);",
              "err": {},
              "uuid": "0b56debc-a571-4d48-9d4a-5b196f3d0638",
              "parentUUID": "032dc746-d608-498d-b896-095c46838836",
              "isHook": false,
              "skipped": false
            },
            {
              "title": "should not validate satisfy rules with extra properties",
              "fullTitle": "satisfyRuleSchema should not validate satisfy rules with extra properties",
              "timedOut": false,
              "duration": 1,
              "state": "passed",
              "speed": "fast",
              "pass": true,
              "fail": false,
              "pending": false,
              "context": null,
              "code": "isInvalidRule({\n        and: [\n            { or: [\"2k\"], abc: \"def\" },\n            { mc: 8, ghi: \"jkl\" },\n        ],\n        mno: \"pqr\",\n    }, {\n        instancePath: \"/and/0\",\n        message: \"or satisfy rule should have property 'or' only\",\n    }, {\n        instancePath: \"/and/1\",\n        message: \"MC satisfy rule should have property 'mc' only\",\n    }, {\n        instancePath: \"\",\n        message: \"and satisfy rule should have property 'and' only\",\n    })",
              "err": {},
              "uuid": "0c50d8ea-06cc-45db-b1bc-20275df15a0a",
              "parentUUID": "032dc746-d608-498d-b896-095c46838836",
              "isHook": false,
              "skipped": false
            },
            {
              "title": "should not validate ambiguous satisfy rules",
              "fullTitle": "satisfyRuleSchema should not validate ambiguous satisfy rules",
              "timedOut": false,
              "duration": 0,
              "state": "passed",
              "speed": "fast",
              "pass": true,
              "fail": false,
              "pending": false,
              "context": null,
              "code": "const message = \"satisfy rule should have only one of properties 'mc', 'and', 'or'\";\nisInvalidRule({\n    or: [\n        { mc: 5, and: [\"CS2040\"] },\n        { and: [{ and: [\"abc\"], or: [\"def\"] }] },\n    ],\n}, { instancePath: \"/or/0\", message }, { instancePath: \"/or/1/and/0\", message });",
              "err": {},
              "uuid": "6f4a09f7-e7eb-4833-a376-6bbba00f95dd",
              "parentUUID": "032dc746-d608-498d-b896-095c46838836",
              "isHook": false,
              "skipped": false
            },
            {
              "title": "should not validate and satisfy rules with non-array property",
              "fullTitle": "satisfyRuleSchema should not validate and satisfy rules with non-array property",
              "timedOut": false,
              "duration": 1,
              "state": "passed",
              "speed": "fast",
              "pass": true,
              "fail": false,
              "pending": false,
              "context": null,
              "code": "const message = \"property 'and' should be an array of satisfy rules\";\nisInvalidRule({ or: [{ and: {} }, { or: [{ and: 3 }] }] }, { instancePath: \"/or/0/and\", message }, { instancePath: \"/or/1/or/0/and\", message });",
              "err": {},
              "uuid": "f5eca672-92fd-4588-b9eb-a92e7eb4e76c",
              "parentUUID": "032dc746-d608-498d-b896-095c46838836",
              "isHook": false,
              "skipped": false
            },
            {
              "title": "should not validate or satisfy rules with non-array property",
              "fullTitle": "satisfyRuleSchema should not validate or satisfy rules with non-array property",
              "timedOut": false,
              "duration": 0,
              "state": "passed",
              "speed": "fast",
              "pass": true,
              "fail": false,
              "pending": false,
              "context": null,
              "code": "const message = \"property 'or' should be an array of satisfy rules\";\nisInvalidRule({ and: [{ or: {} }, { and: [{ or: 3 }] }] }, { instancePath: \"/and/0/or\", message }, { instancePath: \"/and/1/and/0/or\", message });",
              "err": {},
              "uuid": "d4ecff38-b869-41a9-8039-0df36dfb134b",
              "parentUUID": "032dc746-d608-498d-b896-095c46838836",
              "isHook": false,
              "skipped": false
            }
          ],
          "suites": [],
          "passes": [
            "83cea330-2402-4b76-99ea-0235f102c80d",
            "96e8dbf4-479f-4fc6-a84e-51a4067b140e",
            "94eb83f5-4e93-450c-9ca1-2c57556d59eb",
            "0b56debc-a571-4d48-9d4a-5b196f3d0638",
            "0c50d8ea-06cc-45db-b1bc-20275df15a0a",
            "6f4a09f7-e7eb-4833-a376-6bbba00f95dd",
            "f5eca672-92fd-4588-b9eb-a92e7eb4e76c",
            "d4ecff38-b869-41a9-8039-0df36dfb134b"
          ],
          "failures": [],
          "pending": [],
          "skipped": [],
          "duration": 9,
          "root": false,
          "rootEmpty": false,
          "_timeout": 2000
        }
      ],
      "passes": [],
      "failures": [],
      "pending": [],
      "skipped": [],
      "duration": 0,
      "root": true,
      "rootEmpty": true,
      "_timeout": 2000
    }
  ],
  "meta": {
    "mocha": {
      "version": "9.0.2"
    },
    "mochawesome": {
      "options": {
        "quiet": false,
        "reportFilename": "mochawesome",
        "saveHtml": true,
        "saveJson": true,
        "consoleReporter": "spec",
        "useInlineDiffs": false,
        "code": true
      },
      "version": "6.2.2"
    },
    "marge": {
      "options": {
        "reportDir": "docs"
      },
      "version": "5.2.0"
    }
  }
}