{
  "stats": {
    "suites": 10,
    "tests": 48,
    "passes": 48,
    "pending": 0,
    "failures": 0,
    "start": "2021-10-12T02:56:29.594Z",
    "end": "2021-10-12T02:56:29.871Z",
    "duration": 277,
    "testsRegistered": 48,
    "passPercent": 100,
    "pendingPercent": 0,
    "other": 0,
    "hasOther": false,
    "skipped": 0,
    "hasSkipped": false
  },
  "results": [
    {
      "uuid": "a782467b-7dd7-42e0-a3c6-768dfd408e78",
      "title": "",
      "fullFile": "",
      "file": "",
      "beforeHooks": [],
      "afterHooks": [],
      "tests": [],
      "suites": [
        {
          "uuid": "02afd343-4410-4376-87a5-59b0dd6023a2",
          "title": "initDirectories",
          "fullFile": "/home/runner/work/planwithus-lib/planwithus-lib/src/block/schemas.test.ts",
          "file": "/src/block/schemas.test.ts",
          "beforeHooks": [],
          "afterHooks": [],
          "tests": [
            {
              "title": "should parse all blocks with no errors",
              "fullTitle": "initDirectories should parse all blocks with no errors",
              "timedOut": false,
              "duration": 3,
              "state": "passed",
              "speed": "fast",
              "pass": true,
              "fail": false,
              "pending": false,
              "context": null,
              "code": "_1.initDirectories.should.not.throw()",
              "err": {},
              "uuid": "f76842ce-9084-4872-9243-f6bca6b27ac0",
              "parentUUID": "02afd343-4410-4376-87a5-59b0dd6023a2",
              "isHook": false,
              "skipped": false
            },
            {
              "title": "should produce primary, second & minor directories",
              "fullTitle": "initDirectories should produce primary, second & minor directories",
              "timedOut": false,
              "duration": 2,
              "state": "passed",
              "speed": "fast",
              "pass": true,
              "fail": false,
              "pending": false,
              "context": null,
              "code": "const directories = (0, _1.initDirectories)();\ndirectories.should.have.property(\"primary\");\ndirectories.should.have.property(\"second\");\ndirectories.should.have.property(\"minor\");",
              "err": {},
              "uuid": "ca4f1cc0-21bc-4f55-ae95-cdb648381c79",
              "parentUUID": "02afd343-4410-4376-87a5-59b0dd6023a2",
              "isHook": false,
              "skipped": false
            }
          ],
          "suites": [],
          "passes": [
            "f76842ce-9084-4872-9243-f6bca6b27ac0",
            "ca4f1cc0-21bc-4f55-ae95-cdb648381c79"
          ],
          "failures": [],
          "pending": [],
          "skipped": [],
          "duration": 5,
          "root": false,
          "rootEmpty": false,
          "_timeout": 2000
        },
        {
          "uuid": "bb6e427d-f7d6-4cba-89b3-27256a73e958",
          "title": "blockSchema",
          "fullFile": "/home/runner/work/planwithus-lib/planwithus-lib/src/block/schemas.test.ts",
          "file": "/src/block/schemas.test.ts",
          "beforeHooks": [],
          "afterHooks": [],
          "tests": [
            {
              "title": "should validate valid block",
              "fullTitle": "blockSchema should validate valid block",
              "timedOut": false,
              "duration": 161,
              "state": "passed",
              "speed": "slow",
              "pass": true,
              "fail": false,
              "pending": false,
              "context": "[\n  {\n    \"title\": \"block sample 0\",\n    \"value\": {\n      \"name\": \"\\\"$!T|#$cW\",\n      \"ay\": 1975,\n      \"assign\": [\n        \"\\\"!&\"\n      ],\n      \"satisfy\": \" \",\n      \"url\": \"https://haud4mbsrbjep2v9m11a5i22yqpev95qd02ue2cr4h4bc39bf5zwe7gvbik9v82.huk7.qqnbabmtw/$%28;%24rvIe*/B:jPgcfue//Cen/\",\n      \"info\": \"# yw\",\n      \"isSelectable\": true,\n      \"[?N)F\": {\n        \"ay\": 2025,\n        \"assign\": \"Q} |[$/U\\\"\",\n        \"match\": {\n          \"or\": [\n            {\n              \"pattern\": \"HE70\",\n              \"exclude\": [],\n              \"info\": \"g~{xy\"\n            },\n            {\n              \"or\": [\n                {\n                  \"and\": [\n                    {\n                      \"or\": [\n                        \"FF8\",\n                        {\n                          \"or\": [\n                            \"DEW8344\",\n                            \"GQ04F\"\n                          ]\n                        },\n                        {\n                          \"pattern\": \"RH3560\",\n                          \"exclude\": \"LD8*9Z\",\n                          \"info\": \"f\"\n                        }\n                      ]\n                    },\n                    \"ZO0334A\",\n                    {\n                      \"pattern\": \"WBM646\",\n                      \"exclude\": [\n                        \"YS7\",\n                        \"RK37x5I\",\n                        \"EYV46*8\",\n                        \"DLT112Q\",\n                        \"XE159\"\n                      ],\n                      \"info\": \"YtzF|A\"\n                    },\n                    \"WX3F\",\n                    \"MYZ468\"\n                  ]\n                },\n                {\n                  \"and\": [\n                    {\n                      \"pattern\": \"XDT4764I\",\n                      \"info\": \"g\"\n                    },\n                    {\n                      \"pattern\": \"IZ4682\",\n                      \"exclude\": \"OV913M\",\n                      \"info\": \"cqo4CK8kq_\"\n                    },\n                    \"PW21\"\n                  ]\n                }\n              ]\n            },\n            {\n              \"pattern\": \"TG680C\",\n              \"info\": \"3!\\\"&^qa1\"\n            },\n            {\n              \"or\": [\n                {\n                  \"or\": [\n                    \"TPN7L\"\n                  ]\n                },\n                {\n                  \"and\": [\n                    \"FHZ*xI\",\n                    \"ZLx922T\",\n                    \"ZUM842*M\",\n                    \"YLY1114\",\n                    \"EW9236\"\n                  ]\n                },\n                \"GGT62\",\n                \"OH3\"\n              ]\n            },\n            \"BSS46V\"\n          ]\n        },\n        \"url\": \"http://c.ai/)7ZD/Bi\",\n        \"info\": \"I7JU.\",\n        \"isSelectable\": true,\n        \"V\": {\n          \"name\": \"7g\",\n          \"ay\": 1953,\n          \"assign\": [\n            \"0&9\\\"%\\\"1{ \"\n          ],\n          \"match\": [],\n          \"satisfy\": [\n            {\n              \"or\": []\n            },\n            {\n              \"or\": [\n                \" U<d!Or\",\n                {\n                  \"and\": [\n                    \"2{2?*\",\n                    {\n                      \"mc\": \">=5\"\n                    }\n                  ]\n                }\n              ]\n            },\n            {\n              \"mc\": \"<=8\"\n            }\n          ],\n          \"url\": \"https://gowraao0uvnjj3h80zyzunrty9nvaf6j42y1fpync81.b0sp0v8upxqcr4f6shsoxkd0z6ctyycgxtbkarkaou24su-ulj7buf6xt8t.z.r-m7obyerd21b-649u.vwt\",\n          \"info\": \"K#&K\",\n          \"isSelectable\": true\n        },\n        \"Rbn\": {\n          \"ay\": 2027,\n          \"assign\": [],\n          \"match\": \"EX*xH\",\n          \"satisfy\": {\n            \"mc\": \"<=74\"\n          },\n          \"info\": \"B!7d\",\n          \"isSelectable\": true\n        },\n        \"&5)\": {\n          \"ay\": 1982,\n          \"assign\": [],\n          \"match\": {\n            \"and\": [\n              \"OODx3\",\n              {\n                \"or\": [\n                  \"JQ15\",\n                  {\n                    \"and\": [\n                      \"DA533L\",\n                      \"DS18\",\n                      \"BA3x5\",\n                      {\n                        \"or\": [\n                          \"GFC3T\",\n                          \"YJ*767\",\n                          \"AFG9*92\",\n                          \"KU3\",\n                          \"UK4\"\n                        ]\n                      },\n                      \"VK4403\"\n                    ]\n                  },\n                  \"FFH076U\",\n                  {\n                    \"and\": [\n                      {\n                        \"or\": [\n                          \"PLM2C\",\n                          \"YQZ45P\",\n                          \"MCP9J\",\n                          \"SUD3\"\n                        ]\n                      },\n                      \"PKW0800\",\n                      \"WLP7W\",\n                      \"UWH238J\",\n                      \"XXC4\"\n                    ]\n                  },\n                  \"FK0*\"\n                ]\n              }\n            ]\n          },\n          \"satisfy\": {\n            \"or\": [\n              \"}Ty`(:I\",\n              {\n                \"mc\": \">=63\"\n              },\n              {\n                \"or\": [\n                  \"<l\",\n                  {\n                    \"mc\": \"<=82\"\n                  },\n                  {\n                    \"or\": []\n                  }\n                ]\n              },\n              {\n                \"or\": [\n                  {\n                    \"or\": [\n                      \"H;yT4msQ\"\n                    ]\n                  },\n                  {\n                    \"or\": [\n                      {\n                        \"and\": [\n                          \"/k[R>|! \",\n                          \"\\\\s\",\n                          {\n                            \"mc\": \">=125\"\n                          },\n                          \"=aB\"\n                        ]\n                      },\n                      \"3Lumu\",\n                      {\n                        \"mc\": \">=196\"\n                      },\n                      \"en_ChHl\"\n                    ]\n                  }\n                ]\n              },\n              {\n                \"or\": []\n              }\n            ]\n          },\n          \"url\": \"https://e9oa74eko9qt3bs9.mjqdxljodj/4S1*X/&wP./_Mc@/~2J1e01.\",\n          \"info\": \"%;\",\n          \"isSelectable\": true\n        },\n        \"\": {\n          \"ay\": 1951,\n          \"assign\": [\n            \")jY\",\n            \"q1U2(\",\n            \"Bqs^FA;F\",\n            \"D lZ\"\n          ],\n          \"match\": [\n            {\n              \"or\": []\n            }\n          ],\n          \"satisfy\": {\n            \"mc\": \"<=38\"\n          },\n          \"url\": \"https://qrqxu0le482v-m.l3c9spewxwzitz0fa8rsevfx2e90ipufx97oivu-omds.m.qqbk3wmc5w49yma3cye8y-ua7bcvvfu5ezgb43bg4.zxjrnw/7/:+\",\n          \"info\": \"@$|\",\n          \"isSelectable\": true\n        }\n      },\n      \"*%#\": {\n        \"name\": \":9tM\",\n        \"ay\": 1983,\n        \"assign\": [\n          \"t)0z\",\n          \"#\",\n          \"!wP[o]9-R\",\n          \"}\",\n          \"HA=o]J4\"\n        ],\n        \"match\": {\n          \"pattern\": \"BGK*\",\n          \"exclude\": \"VO13G\",\n          \"info\": \"r!w\\\"#\"\n        },\n        \"satisfy\": [\n          {\n            \"and\": [\n              \"6)D\"\n            ]\n          },\n          \"\"\n        ],\n        \"url\": \"https://ii7kr3xzfr2xmzjha9vhb-j6qev66kbd8170iikq.8b8psimjaw.hhk1g7t1ucjtnra7sb6am3k9zloidtd4lorufnmqo3s52xn-idae4qrvdeiee.jho53e6677-hfimndd7-8ha6zfoeedwi.xak5.ymrnmwu/:%F2%BB%96%8F/dXD=tZz/-3wC/oQC@x(%F1%AF%82%86hk/'4/%F3%9C%92%B8E=%F3%92%8E%80%F2%A5%90%82iP/=ez/fdnl\",\n        \"info\": \"HN%\",\n        \"isSelectable\": true\n      }\n    }\n  },\n  {\n    \"title\": \"block sample 1\",\n    \"value\": {\n      \"ay\": 2029,\n      \"assign\": [\n        \"Za#kPF|\",\n        \"jTNiAv|e\",\n        \"(:\\\\x&\",\n        \"Ej\"\n      ],\n      \"match\": {\n        \"pattern\": \"OEA44Q\",\n        \"exclude\": [\n          \"OG90\",\n          \"HN2E\",\n          \"GF415x\",\n          \"FD79\",\n          \"OJx1x7T\"\n        ],\n        \"info\": \"<\"\n      },\n      \"satisfy\": [\n        {\n          \"mc\": \"<=8\"\n        },\n        {\n          \"mc\": \">=3\"\n        }\n      ],\n      \"url\": \"http://o.i.twcv/JaV//Sb\",\n      \"info\": \"%\",\n      \"[\": {\n        \"name\": \"fQ\",\n        \"ay\": 1960,\n        \"assign\": \"(#\",\n        \"match\": [\n          {\n            \"and\": [\n              \"GI31I\",\n              {\n                \"and\": [\n                  {\n                    \"and\": [\n                      \"ZBHx5*8V\"\n                    ]\n                  },\n                  {\n                    \"pattern\": \"YFN8904A\",\n                    \"exclude\": [\n                      \"ID096I\",\n                      \"SI52U\",\n                      \"LRA2x*N\"\n                    ],\n                    \"info\": \"!$/dZxBq=F\"\n                  },\n                  {\n                    \"pattern\": \"OXx\",\n                    \"exclude\": [\n                      \"TP95W\"\n                    ]\n                  }\n                ]\n              }\n            ]\n          },\n          {\n            \"or\": [\n              {\n                \"or\": []\n              },\n              \"FJ1xx*\",\n              \"MKY92\",\n              \"IN954\",\n              {\n                \"and\": [\n                  {\n                    \"and\": [\n                      {\n                        \"or\": [\n                          {\n                            \"or\": [\n                              \"RHR*51\",\n                              \"RE7*99U\"\n                            ]\n                          },\n                          {\n                            \"pattern\": \"QMX70\",\n                            \"exclude\": [],\n                            \"info\": \"mn(A\"\n                          },\n                          \"SGT1\"\n                        ]\n                      },\n                      \"VOMx44C\",\n                      {\n                        \"or\": [\n                          \"OE000*X\"\n                        ]\n                      },\n                      \"XW6\"\n                    ]\n                  },\n                  {\n                    \"pattern\": \"DZZ73F\",\n                    \"info\": \"L>SXI|e>\"\n                  }\n                ]\n              }\n            ]\n          },\n          {\n            \"and\": [\n              \"ZCD63K\",\n              {\n                \"and\": [\n                  {\n                    \"pattern\": \"GCF683\",\n                    \"exclude\": [\n                      \"NO29\",\n                      \"PKxx3\",\n                      \"DB1242\",\n                      \"EH517\"\n                    ],\n                    \"info\": \"r$<op)(/&q\"\n                  },\n                  {\n                    \"pattern\": \"WNIx52X\",\n                    \"exclude\": \"LP46\",\n                    \"info\": \"\"\n                  },\n                  {\n                    \"and\": [\n                      \"IRB3xA\",\n                      \"OR0*65L\"\n                    ]\n                  },\n                  {\n                    \"or\": [\n                      {\n                        \"pattern\": \"HLH5714W\",\n                        \"info\": \"8e\"\n                      },\n                      {\n                        \"pattern\": \"IA6785\",\n                        \"exclude\": [\n                          \"VST1*\",\n                          \"OK47\",\n                          \"WK*87O\",\n                          \"TMU58E\",\n                          \"IS9\"\n                        ]\n                      },\n                      \"HWB9684S\"\n                    ]\n                  }\n                ]\n              }\n            ]\n          },\n          {\n            \"or\": []\n          }\n        ],\n        \"url\": \"https://auhx3tqen8ibkdxqq6-8wm8enc4bducg8gfnhc4qkjylke5im56wn9nti6.ytl2-36pxd-xoif8x9ksukz3dxwjsrd4ahlu40ig3sn2yl1-pq3e.w.xw//9a4:%F1%80%BA%B8=p+M/3wf)2\",\n        \"info\": \",~#\",\n        \"isSelectable\": true,\n        \"C\": {\n          \"name\": \"bBS)B0l\",\n          \"ay\": 1953,\n          \"assign\": \"SExM?\",\n          \"match\": \"LVH01Z\",\n          \"satisfy\": \"N<{\",\n          \"url\": \"https://i-wznuup6onaojwscusetu9lnf7ajg.806idd8-gn3oe4-4272r9kr58bhndmgys.3f4nbqeod2tt78kvzns2my60uhio85d4yvu1ih1wwy7c78spk.llm5vnjxl1wkq3s-qfqc89etd6a2w.vqoawhqack/5&E/1RD(/v/4Z*m1pCT/.*e.K;f\",\n          \"&2\": {\n            \"name\": \"{,s\\\\\",\n            \"ay\": 1966,\n            \"assign\": \"5p|vf9dzmm\",\n            \"match\": {\n              \"and\": []\n            },\n            \"satisfy\": [\n              \"\",\n              {\n                \"and\": [\n                  \"di-I(<Ah{e\",\n                  {\n                    \"mc\": \">=83\"\n                  }\n                ]\n              },\n              {\n                \"mc\": \"<=50\"\n              },\n              {\n                \"and\": [\n                  {\n                    \"or\": [\n                      {\n                        \"and\": [\n                          \"%*#x7m|;\",\n                          {\n                            \"and\": [\n                              \"9t\",\n                              \"f]X\\\" 2$S\"\n                            ]\n                          },\n                          \"*6\",\n                          {\n                            \"or\": []\n                          },\n                          \"rF;*1pD\"\n                        ]\n                      }\n                    ]\n                  },\n                  {\n                    \"mc\": \"<=65\"\n                  },\n                  {\n                    \"or\": [\n                      {\n                        \"mc\": \">=129\"\n                      },\n                      {\n                        \"or\": [\n                          {\n                            \"and\": []\n                          },\n                          \"Drb$\",\n                          {\n                            \"and\": []\n                          }\n                        ]\n                      },\n                      {\n                        \"and\": [\n                          \"Xo\",\n                          {\n                            \"or\": [\n                              \"Md=^Gc,A=\",\n                              {\n                                \"and\": [\n                                  \"Pn_j%8)]}\",\n                                  \"jX'YfM2bP\",\n                                  \"h\",\n                                  {\n                                    \"or\": [\n                                      \"\",\n                                      {\n                                        \"or\": [\n                                          \"}%f`/Ps/\",\n                                          \"cGixw3dus\"\n                                        ]\n                                      },\n                                      \"]JO$K\",\n                                      {\n                                        \"or\": [\n                                          \"jV=[P\",\n                                          \"?=l\"\n                                        ]\n                                      },\n                                      \"Tq[r^q\"\n                                    ]\n                                  },\n                                  \",<pDNb*ReQ\"\n                                ]\n                              },\n                              \"E9V\",\n                              \"pnI6\"\n                            ]\n                          }\n                        ]\n                      }\n                    ]\n                  },\n                  {\n                    \"and\": [\n                      {\n                        \"or\": [\n                          \"J}\",\n                          {\n                            \"or\": []\n                          }\n                        ]\n                      },\n                      \"a\",\n                      {\n                        \"mc\": \"<=69\"\n                      }\n                    ]\n                  },\n                  {\n                    \"or\": [\n                      {\n                        \"mc\": \">=134\"\n                      },\n                      \"ZS[\",\n                      \":(~>\",\n                      \"$e31e?F\",\n                      \"G\"\n                    ]\n                  }\n                ]\n              }\n            ],\n            \"url\": \"https://sg19.vvgou6kjbojf5dxzj-an1wuk7ziw5.vwyyatulj/6kGy*(b/%F1%B0%A1%A3E$Hy+Ib+L/o@Ye.VjOse/pQjm-SvI/l8LA/dy%F2%A2%B0%97d/j,:/(/9t\",\n            \"info\": \"cF4P6Wk\",\n            \"isSelectable\": true\n          },\n          \"$|@LQ6Q1}P\": {\n            \"name\": \"1B -8J?+m\",\n            \"ay\": 1980,\n            \"assign\": \"\",\n            \"match\": \"LHC5x\",\n            \"satisfy\": {\n              \"mc\": \">=39\"\n            },\n            \"url\": \"http://yx1ozs2dhpjd1.nspvnqj.kj699v.26q5m7mrr79x.l.yuxs\",\n            \"isSelectable\": true,\n            \"E1lvj\\\")Q\": {\n              \"name\": \"I=G)Mr\",\n              \"ay\": 2009,\n              \"assign\": [\n                \"! D\",\n                \"u\",\n                \".:cU\",\n                \"\",\n                \"27e-)I/>\"\n              ],\n              \"match\": [\n                \"NM617xR\",\n                {\n                  \"and\": [\n                    \"HTV6*\",\n                    \"GCGx6*\",\n                    {\n                      \"or\": [\n                        {\n                          \"or\": []\n                        }\n                      ]\n                    },\n                    \"WL3164T\",\n                    \"PTW36\"\n                  ]\n                },\n                {\n                  \"pattern\": \"NJx11\",\n                  \"exclude\": [\n                    \"JZ67\"\n                  ],\n                  \"info\": \"^rtF$D(.\"\n                },\n                {\n                  \"pattern\": \"BAYx179Q\",\n                  \"info\": \"|nRw\"\n                },\n                \"XF**S\"\n              ],\n              \"satisfy\": [\n                {\n                  \"mc\": \"<=81\"\n                }\n              ],\n              \"url\": \"https://d.dv5pmjjg3hlkw6wm1e-7b-mr8rn3d2n-emz.om16e3r-denpi8ny6r9ytw53pc9u658cfojv8871hd6ppbfw9pg3h3y.irmawaqiah/,q/(t(k)(KeZ3/IJeuuRGjd~/KW,l0-/yd4YO%F3%80%B3%A5,2/'_Dk7%F1%8C%82%B6uTr.//WB:T%F1%91%A3%83r%F2%BB%B6%925O@/(./gPxb%F1%B7%9D%9DhB\",\n              \"info\": \"4n25pKQ,\",\n              \"isSelectable\": true\n            },\n            \" Am9\": {\n              \"name\": \"GIK\",\n              \"ay\": 1992,\n              \"assign\": \"\",\n              \"satisfy\": \"[F\",\n              \"url\": \"http://77n4lwvtvamax-x67atsk-17xo54wiz-29eirw7nwb65rtb3eupc8y1ttwsc.7s3-z347cla6n4vcg5rm9gw1szstl65yh4ebno8yw80cghk7u9jzd.gnlkojc/FTyvyu/Ii/M,5e7*8/%F3%BA%A5%BAw/iQXkNh\",\n              \"isSelectable\": true\n            },\n            \"dE\": {\n              \"name\": \"vVQfC[I9\",\n              \"ay\": 1961,\n              \"assign\": [],\n              \"match\": {\n                \"or\": []\n              },\n              \"satisfy\": \"Of1oss\",\n              \"url\": \"https://93tcebx6xsdx3ijj0-b2r.60ddjlgf992gvu0w2ousp9lyx-eksvtvmv1g02v6nk.p2ax6bklkw48wm4aq6.n80xyj6wziqfwccny8p6.tnd//4aQ7JNr6V/eUK&q/%F1%9A%A4%BA%F4%84%AE%90kW$VTl//jKEc%F2%A9%89%BA%F3%9B%A0%A8I/6WLaU(/Pd\",\n              \"info\": \"A<\\\\x:|2\",\n              \"isSelectable\": true,\n              \"<#%v=\": {\n                \"ay\": 2015,\n                \"assign\": [\n                  \"j.;\\\\t\"\n                ],\n                \"match\": [\n                  {\n                    \"and\": [\n                      {\n                        \"or\": []\n                      },\n                      {\n                        \"pattern\": \"GAM2886M\",\n                        \"info\": \"\\\"@5 ;5_G\"\n                      },\n                      {\n                        \"and\": [\n                          \"SBG8\",\n                          \"CN041K\",\n                          \"TZQ9761O\",\n                          \"EPQ05\"\n                        ]\n                      }\n                    ]\n                  }\n                ],\n                \"satisfy\": {\n                  \"mc\": \"<=152\"\n                },\n                \"url\": \"https://nklsizqib39eprpkp71.2n4k9egnrgcyl6q.frgnrgoduk/H)%F1%A1%A2%8DSh/.k/:/0mIWb%E8%A1%B8-%F0%96%A7%82////hwQTS/ngz'fexbj0\",\n                \"info\": \"ZNIo=fRun\",\n                \"isSelectable\": true\n              },\n              \"\\\\5Z%LB\": {\n                \"name\": \"1`\\\\8k^hk`}\",\n                \"assign\": \"2s2\",\n                \"match\": {\n                  \"or\": [\n                    {\n                      \"or\": [\n                        \"POD679Z\",\n                        \"WPJxx9P\",\n                        \"WWW518H\",\n                        {\n                          \"and\": [\n                            {\n                              \"pattern\": \"NDY*x9K\",\n                              \"info\": \"U{7 4bH\\\"\"\n                            },\n                            {\n                              \"and\": [\n                                {\n                                  \"pattern\": \"XVY49\",\n                                  \"exclude\": [\n                                    \"UC5\",\n                                    \"CBx9\",\n                                    \"OWU9354\",\n                                    \"JUM6M\",\n                                    \"BNT0*6L\"\n                                  ],\n                                  \"info\": \"P,1DZT\"\n                                }\n                              ]\n                            },\n                            {\n                              \"and\": [\n                                {\n                                  \"and\": [\n                                    \"IJY52x3B\",\n                                    {\n                                      \"and\": [\n                                        \"KV*\",\n                                        \"VQ4\",\n                                        \"NQT4908\",\n                                        \"VSM977xG\"\n                                      ]\n                                    },\n                                    \"XDJ2T\",\n                                    \"QBO929R\",\n                                    \"ZUW38*\"\n                                  ]\n                                },\n                                \"QS88\",\n                                \"JKxx\",\n                                \"YU8\",\n                                \"FR64N\"\n                              ]\n                            },\n                            \"JYF*38W\"\n                          ]\n                        }\n                      ]\n                    },\n                    {\n                      \"and\": [\n                        \"NU24x3H\",\n                        \"SEPx06J\",\n                        {\n                          \"or\": [\n                            \"WRP7\",\n                            {\n                              \"pattern\": \"MU5*N\",\n                              \"exclude\": [],\n                              \"info\": \"=|\\\"e_\"\n                            },\n                            {\n                              \"pattern\": \"XE1I\",\n                              \"exclude\": [\n                                \"FZ4\"\n                              ]\n                            },\n                            \"PF973B\",\n                            \"BVN98\"\n                          ]\n                        }\n                      ]\n                    },\n                    \"TCO17xC\",\n                    {\n                      \"pattern\": \"MJD0\",\n                      \"info\": \"h'w(B\"\n                    },\n                    {\n                      \"pattern\": \"ARE65H\",\n                      \"exclude\": \"FB669C\",\n                      \"info\": \"V,-E9`>e\"\n                    }\n                  ]\n                },\n                \"satisfy\": {\n                  \"or\": [\n                    {\n                      \"or\": [\n                        {\n                          \"mc\": \">=144\"\n                        },\n                        {\n                          \"and\": [\n                            \"kt<B\",\n                            {\n                              \"and\": []\n                            }\n                          ]\n                        }\n                      ]\n                    },\n                    {\n                      \"or\": [\n                        \"oQG&q\"\n                      ]\n                    },\n                    {\n                      \"mc\": \"<=153\"\n                    },\n                    {\n                      \"mc\": \">=146\"\n                    }\n                  ]\n                },\n                \"url\": \"http://g7dxyenz11ndntbc9hvr0czkbft9qmyuaru1emy316bjwo3.ovkk.slctfpmowskn7sh3ujio-6oa5xmrz0k09sbqhg96s579.huqintweqwe3ek-6xfkoxpklunnwuzk6nq2-mwtayoeh24ckcy28.52q5b698t6p0vch2w1dmq6x1xssf.jl/%F2%AC%97%85y3c/vi3/TDu@R'zR:r\",\n                \"info\": \")eu:\",\n                \"isSelectable\": true\n              },\n              \"g|DdJ6Mh%\": {\n                \"name\": \"%4\\\"Uo\",\n                \"ay\": 1976,\n                \"assign\": \"UdLlOhKn\",\n                \"match\": [],\n                \"satisfy\": [\n                  {\n                    \"or\": []\n                  },\n                  {\n                    \"or\": [\n                      {\n                        \"or\": []\n                      },\n                      {\n                        \"or\": [\n                          \"F\\\\Bm-\",\n                          {\n                            \"mc\": \">=24\"\n                          },\n                          {\n                            \"mc\": \"<=89\"\n                          },\n                          {\n                            \"or\": [\n                              \"?qKeLh\",\n                              {\n                                \"and\": [\n                                  \"vT{Z0e>Rm4\",\n                                  \"/\",\n                                  \"f}s;\"\n                                ]\n                              }\n                            ]\n                          },\n                          \"v]\"\n                        ]\n                      }\n                    ]\n                  },\n                  {\n                    \"mc\": \"<=66\"\n                  },\n                  {\n                    \"or\": [\n                      \"nJg0O 2\"\n                    ]\n                  },\n                  {\n                    \"or\": [\n                      {\n                        \"mc\": \">=188\"\n                      },\n                      \" 6#_y/]b\"\n                    ]\n                  }\n                ],\n                \"url\": \"https://7qhxkxe-0mcvg-2ix0tx0ltcao3.la2uwoosizgrwyvt66qziirajh3b03nomahmbajmov13p8cf4.dgpj-b2omyg8f.cgeec/+5/639q%F0%9E%95%98Y%F4%8A%8D%B3.e!/e%F4%88%B4%91%F1%A0%A0%BF.&N/%F1%B4%8E%A8wQ/NK:(!3X-~/zB1/nTESsff%F0%B0%88%ACF/O)nV\",\n                \"info\": \"6=U\\\\f;h85K\"\n              },\n              \"}y.T&->\": {\n                \"name\": \"y&lI^H\",\n                \"ay\": 2001,\n                \"assign\": \"9}Uz'fx\",\n                \"match\": [],\n                \"satisfy\": [\n                  \"16<\"\n                ],\n                \"url\": \"http://6.wf9883ngabx89y-t2rt91a6f62f-ybwl70ko4vdvv36.h4oifv-t62-4-ws7dz.43nc.v.dvtzeftma/PgE//\",\n                \"info\": \"(:<y[n\",\n                \"isSelectable\": true\n              }\n            },\n            \"6.i{sj\": {\n              \"name\": \".bT<m\",\n              \"ay\": 2027,\n              \"match\": {\n                \"or\": [\n                  \"MRS21M\",\n                  {\n                    \"and\": [\n                      \"FY527\",\n                      \"LNP392G\",\n                      \"TTJ*233\"\n                    ]\n                  }\n                ]\n              },\n              \"url\": \"https://9-fmaxe2s2-chwsmguf0al9181d7q1fcas7.eww89sd.qf/ppk%F0%A7%A3%9A)d/HP:Df/%F3%AF%BE%89qwt6Zx_YM/%F1%87%A5%BA.N/ZFu7jvQ\",\n              \"info\": \"t' l\",\n              \"isSelectable\": true\n            }\n          }\n        },\n        \"'D!WX)\": {\n          \"name\": \"i\",\n          \"ay\": 1968,\n          \"assign\": \"\",\n          \"match\": [\n            {\n              \"pattern\": \"QDG6\",\n              \"exclude\": \"KFO8S\",\n              \"info\": \" w\"\n            },\n            {\n              \"pattern\": \"SCV2K\",\n              \"exclude\": \"FYH93K\",\n              \"info\": \"mbrsLD%\"\n            },\n            {\n              \"pattern\": \"UG32\",\n              \"exclude\": \"QYS71*6I\",\n              \"info\": \"$7\"\n            },\n            {\n              \"pattern\": \"SY54Z\",\n              \"exclude\": \"ZSL0x\",\n              \"info\": \"1lQmE\"\n            },\n            {\n              \"pattern\": \"GS103\",\n              \"exclude\": \"FZJxP\",\n              \"info\": \"{GeC\"\n            }\n          ],\n          \"satisfy\": {\n            \"mc\": \">=71\"\n          },\n          \"info\": \"q7)GWNCj\",\n          \"isSelectable\": true\n        },\n        \"!)baoV8-5m\": {\n          \"name\": \"h\",\n          \"ay\": 1985,\n          \"assign\": [\n            \"8u*Y\"\n          ],\n          \"match\": [\n            {\n              \"or\": [\n                {\n                  \"and\": [\n                    {\n                      \"and\": []\n                    },\n                    {\n                      \"or\": [\n                        {\n                          \"pattern\": \"MVC1\",\n                          \"exclude\": [\n                            \"KG6H\",\n                            \"OF703\"\n                          ]\n                        },\n                        \"KO48*5P\",\n                        \"NK*Q\",\n                        {\n                          \"or\": [\n                            \"HP258Y\",\n                            \"JJQ2U\",\n                            {\n                              \"and\": [\n                                \"VL5627\",\n                                \"FTI1546S\"\n                              ]\n                            }\n                          ]\n                        }\n                      ]\n                    },\n                    \"OYX4*5B\",\n                    \"HEVx*58B\"\n                  ]\n                },\n                {\n                  \"pattern\": \"YW0D\",\n                  \"exclude\": \"PZL163T\"\n                },\n                {\n                  \"or\": [\n                    {\n                      \"pattern\": \"SBN0745L\",\n                      \"exclude\": \"GME*9\",\n                      \"info\": \"\"\n                    },\n                    \"HT5A\"\n                  ]\n                }\n              ]\n            },\n            {\n              \"and\": [\n                {\n                  \"pattern\": \"WK0J\",\n                  \"exclude\": \"QQ9242S\",\n                  \"info\": \"31\"\n                },\n                {\n                  \"and\": [\n                    {\n                      \"and\": [\n                        \"LFX71\",\n                        \"YM2973\",\n                        {\n                          \"and\": [\n                            \"QIx7*U\",\n                            \"LZ61F\",\n                            \"DD*95O\",\n                            \"EN6x\"\n                          ]\n                        },\n                        {\n                          \"pattern\": \"HN550\",\n                          \"exclude\": [\n                            \"LDE19L\"\n                          ],\n                          \"info\": \">6Z>&d\"\n                        },\n                        \"SPV64\"\n                      ]\n                    }\n                  ]\n                },\n                {\n                  \"pattern\": \"RT2\",\n                  \"info\": \"\"\n                },\n                {\n                  \"pattern\": \"THJ63*7X\",\n                  \"exclude\": [\n                    \"ED0783A\",\n                    \"WDR2Q\"\n                  ],\n                  \"info\": \"\"\n                },\n                {\n                  \"pattern\": \"UU824\",\n                  \"exclude\": [\n                    \"NQ6C\",\n                    \"HE91M\",\n                    \"AG7272L\",\n                    \"LBU4030F\",\n                    \"JZ56T\"\n                  ],\n                  \"info\": \"yIfY0\"\n                }\n              ]\n            },\n            {\n              \"or\": []\n            }\n          ],\n          \"satisfy\": {\n            \"mc\": \"<=155\"\n          },\n          \"url\": \"http://2-zworn-e8ke4df4sxs6m5k0.ko/x6N/6/iK/Y/\",\n          \"info\": \"\",\n          \"isSelectable\": true\n        }\n      },\n      \"nsxEO\": {\n        \"name\": \"}/}\",\n        \"assign\": [\n          \"\"\n        ],\n        \"satisfy\": [\n          {\n            \"or\": [\n              {\n                \"and\": []\n              },\n              {\n                \"or\": [\n                  \":pZDi#zp\",\n                  {\n                    \"and\": [\n                      \"AN{<oB^jN\",\n                      {\n                        \"or\": [\n                          \"v\\\\/rmaxK\"\n                        ]\n                      },\n                      {\n                        \"mc\": \"<=189\"\n                      }\n                    ]\n                  },\n                  {\n                    \"mc\": \"<=199\"\n                  }\n                ]\n              },\n              {\n                \"and\": []\n              }\n            ]\n          },\n          {\n            \"mc\": \">=75\"\n          },\n          {\n            \"or\": [\n              {\n                \"and\": [\n                  {\n                    \"and\": [\n                      \"US\",\n                      \"[rr*Iih~l\",\n                      \"`\"\n                    ]\n                  },\n                  {\n                    \"mc\": \"<=6\"\n                  }\n                ]\n              },\n              {\n                \"and\": [\n                  \"K^C=?h.I\",\n                  \"4J\",\n                  \"\",\n                  \"D\"\n                ]\n              }\n            ]\n          },\n          \"JMpDSg3\",\n          \"Hcs3n`^L?9\"\n        ],\n        \"url\": \"http://bc-z2b.o4bekml113qw9q8au6ztf.a.77hb0suw62dzhx0w21ad6lw0n6hnc31iabn-ga4pxd6ybkx1vcz285udxxm8ef.dj-ruqkiz6flrw8echowtvn4o06.xaac/deo\",\n        \"isSelectable\": true\n      }\n    }\n  },\n  {\n    \"title\": \"block sample 2\",\n    \"value\": {\n      \"name\": \"8c}\",\n      \"ay\": 1975,\n      \"assign\": \"_MU!\",\n      \"match\": [\n        {\n          \"pattern\": \"WV18\",\n          \"info\": \"ha)Z.\"\n        },\n        \"UR9C\"\n      ],\n      \"satisfy\": {\n        \"mc\": \">=156\"\n      },\n      \"url\": \"https://hsxdr2tjhwaunup7.f07axt3jeez1givmpgkw-iiy25.cy\",\n      \"info\": \" \",\n      \"isSelectable\": true\n    }\n  },\n  {\n    \"title\": \"block sample 3\",\n    \"value\": {\n      \"name\": \"nHpqq^\",\n      \"ay\": 1953,\n      \"assign\": \"%G\",\n      \"match\": [\n        {\n          \"and\": []\n        },\n        \"VFxx1x\",\n        \"RB35xF\",\n        {\n          \"pattern\": \"XV6I\",\n          \"exclude\": [\n            \"MZ3\",\n            \"JF00P\",\n            \"SN7X\",\n            \"LY207B\"\n          ]\n        }\n      ],\n      \"satisfy\": [\n        {\n          \"or\": []\n        }\n      ],\n      \"url\": \"https://fl8lfdf9e87cd7y.pw/PM/Xdf\",\n      \"info\": \"&A$\",\n      \"isSelectable\": true\n    }\n  },\n  {\n    \"title\": \"block sample 4\",\n    \"value\": {\n      \"assign\": \"7@N%^9#nc:\",\n      \"match\": [\n        {\n          \"pattern\": \"WS738K\",\n          \"exclude\": [\n            \"TDT*75\",\n            \"DXQ14xJ\",\n            \"GN7524\",\n            \"ZAQ45\",\n            \"UCN7F\"\n          ],\n          \"info\": \"*]\"\n        },\n        {\n          \"pattern\": \"GS15U\",\n          \"exclude\": \"XJM48\",\n          \"info\": \"dY[\"\n        },\n        {\n          \"or\": [\n            {\n              \"pattern\": \"ZE9x23\",\n              \"exclude\": \"DPL35D\"\n            },\n            {\n              \"pattern\": \"VCQ3*F\",\n              \"exclude\": \"UDx8M\",\n              \"info\": \"\\\\m\"\n            }\n          ]\n        },\n        {\n          \"or\": [\n            {\n              \"pattern\": \"CFO69*4C\",\n              \"exclude\": [\n                \"KZ*007H\",\n                \"CVL6747A\"\n              ],\n              \"info\": \"\"\n            },\n            {\n              \"and\": [\n                {\n                  \"and\": []\n                }\n              ]\n            },\n            {\n              \"pattern\": \"NWF8570P\",\n              \"exclude\": \"IRM958Y\",\n              \"info\": \"!RRc9\"\n            },\n            {\n              \"pattern\": \"ZK0\",\n              \"exclude\": \"MM393A\",\n              \"info\": \"<1K>z-1xG\"\n            },\n            {\n              \"and\": [\n                {\n                  \"or\": [\n                    {\n                      \"and\": [\n                        \"LEE996\",\n                        \"FVR*1H\",\n                        \"JBU64x0N\"\n                      ]\n                    },\n                    \"QS3\",\n                    {\n                      \"and\": []\n                    },\n                    {\n                      \"and\": [\n                        \"TBMx870\",\n                        \"TM9\",\n                        \"SMI2526\"\n                      ]\n                    },\n                    \"JO64\"\n                  ]\n                },\n                \"QP156\"\n              ]\n            }\n          ]\n        }\n      ],\n      \"satisfy\": {\n        \"mc\": \">=200\"\n      },\n      \"url\": \"http://zsoca.688g514oov.1.5zz1onh0xwrs6hhkd4g15o0wgtif8bws4l9u-fvyo4pnk7okva.ccye/gDe5:/,B%F4%85%BF%A9WBf9/F;l'.%F4%85%AF%88Aea//,%F1%97%89%B8B/X/@hz5z&p$m/\",\n      \"info\": \"!\",\n      \"isSelectable\": true,\n      \"w+ kC[?!\": {\n        \"name\": \"( H;\",\n        \"ay\": 1986,\n        \"assign\": \"hyW1[=O2\",\n        \"match\": {\n          \"or\": [\n            {\n              \"or\": [\n                \"KVP8\",\n                {\n                  \"and\": []\n                }\n              ]\n            },\n            \"RC5879S\",\n            {\n              \"or\": []\n            },\n            {\n              \"and\": []\n            }\n          ]\n        },\n        \"satisfy\": \"\\\\_}\",\n        \"url\": \"http://iida.e.7qvtgxksonz39n4678w6ck-brhft1nwrjpp-zzqe1z0k049se8jui.ubu3o23tl4pdbghoklaxpee3z7e8-gh27m-5s9jwagd46no.rt/HU%F0%AF%83%8DBNBL&\",\n        \"info\": \"1Bx8\"\n      }\n    }\n  },\n  {\n    \"title\": \"block sample 5\",\n    \"value\": {\n      \"name\": \"YkD>\",\n      \"assign\": [\n        \"IPl`\",\n        \"_adx0d\",\n        \"Yj?}z%bL2\"\n      ],\n      \"match\": \"SP2\",\n      \"url\": \"http://p039uzjr7dvyfdi03or6c2q9weplfr4d9mz9v.bqpbpfr5jgw1c49ddn.t37eje0pb4y.1t7zcr-af8-5-1mm08o-pyy7wh75gw-zdiv1pp8ajliu4z99.eags/.Q\",\n      \"info\": \"`6C:+\",\n      \"isSelectable\": true\n    }\n  },\n  {\n    \"title\": \"block sample 6\",\n    \"value\": {\n      \"name\": \"x\",\n      \"assign\": [\n        \"]c;]5h;|3\",\n        \"be9]0T\\\"\",\n        \"7O~np,d5y\"\n      ],\n      \"match\": {\n        \"and\": [\n          {\n            \"and\": [\n              \"DLR*8\",\n              \"YE49\",\n              \"GC8H\",\n              {\n                \"or\": [\n                  {\n                    \"pattern\": \"LUT1572\",\n                    \"exclude\": \"DC*6U\",\n                    \"info\": \"x@ar~2a\"\n                  }\n                ]\n              }\n            ]\n          },\n          {\n            \"pattern\": \"AX71\",\n            \"exclude\": \"CM*6\",\n            \"info\": \">\"\n          }\n        ]\n      },\n      \"satisfy\": {\n        \"mc\": \">=169\"\n      },\n      \"url\": \"http://7rhangruwzf4xga2iba9ec5ysox3pbz18n61q8mj9xt0c49rhiq00yo.o.b7tcbog4yvxmoi6i-o1bnih26z2clea96qunovk87f.xb/8v&C/,%25b/R&'%F3%86%A0%94f;/,aee/Wq/agc8fAo6\",\n      \"info\": \"{!\",\n      \"isSelectable\": true\n    }\n  },\n  {\n    \"title\": \"block sample 7\",\n    \"value\": {\n      \"ay\": 2028,\n      \"assign\": \"~TTHFL,y\",\n      \"match\": {\n        \"and\": [\n          {\n            \"or\": [\n              {\n                \"and\": [\n                  \"KUS850\",\n                  \"PN40\"\n                ]\n              }\n            ]\n          },\n          {\n            \"and\": [\n              {\n                \"and\": [\n                  \"GHxA\",\n                  {\n                    \"and\": [\n                      \"DXQ198C\",\n                      \"JG165\",\n                      \"WA9*7P\",\n                      \"XQ052\"\n                    ]\n                  }\n                ]\n              },\n              \"ZYI477\"\n            ]\n          },\n          {\n            \"or\": [\n              \"PIG*9\"\n            ]\n          },\n          \"VX1\"\n        ]\n      },\n      \"satisfy\": [\n        {\n          \"mc\": \"<=51\"\n        },\n        \"%$=~q&yO~\",\n        {\n          \"and\": [\n            {\n              \"and\": [\n                {\n                  \"and\": [\n                    {\n                      \"and\": []\n                    },\n                    \"#JeZ35\",\n                    {\n                      \"mc\": \"<=78\"\n                    }\n                  ]\n                },\n                \"-Ie_~\",\n                \" pTb\\\\1]9\\\\\"\n              ]\n            },\n            \"%P]]I)\",\n            \"}A _r0\",\n            {\n              \"and\": []\n            },\n            \"@*\"\n          ]\n        },\n        {\n          \"and\": [\n            \"Pr@17b<\",\n            {\n              \"or\": [\n                \"6KTEfmcH(s\",\n                {\n                  \"mc\": \">=74\"\n                },\n                {\n                  \"and\": [\n                    \"Vv\\\"^\",\n                    {\n                      \"and\": [\n                        {\n                          \"and\": [\n                            \"-F3GD#_\",\n                            \"v\",\n                            \"EQ9K/=G\",\n                            \"831Fr]ype0\"\n                          ]\n                        },\n                        {\n                          \"mc\": \"<=102\"\n                        },\n                        {\n                          \"mc\": \"<=10\"\n                        }\n                      ]\n                    },\n                    {\n                      \"or\": [\n                        {\n                          \"or\": [\n                            \"|H4S[~KP%E\",\n                            \"-X!5t.\",\n                            \"R4K|)le$D\",\n                            \"Lb,[a_B9`E\",\n                            \" 40g\\\\<\"\n                          ]\n                        },\n                        \"GV4&k\\\\\",\n                        \"0PDhO2v\",\n                        \"YbjpZpM3}\"\n                      ]\n                    }\n                  ]\n                },\n                \"lb}\",\n                \"z,sO5>\"\n              ]\n            },\n            \"^u19.'$x^\",\n            \"u\"\n          ]\n        },\n        {\n          \"and\": [\n            {\n              \"and\": [\n                \"V?7?\",\n                \"sQn98DH}\\\",\"\n              ]\n            },\n            \"OK;*iO F\",\n            {\n              \"or\": [\n                \"2&'M>.Ot\",\n                {\n                  \"and\": [\n                    \"b.{\"\n                  ]\n                },\n                {\n                  \"mc\": \">=2\"\n                },\n                \"TM\\\"\"\n              ]\n            },\n            {\n              \"or\": [\n                {\n                  \"mc\": \">=105\"\n                },\n                \"%s;\"\n              ]\n            }\n          ]\n        }\n      ],\n      \"url\": \"https://auasmadx3szkyo1hyr67bqsoollwtuylfke-kj8bqpxtwq49.nj/Uz@giN/\",\n      \"info\": \"d2f_$`WJ\",\n      \"\": {\n        \"name\": \"f`e8(\\\"\",\n        \"ay\": 1967,\n        \"assign\": [\n          \"Atl4\",\n          \":nc\",\n          \"C+\\\\,NP_s;H\",\n          \"\",\n          \"H6S}0\"\n        ],\n        \"match\": \"SC*000\",\n        \"satisfy\": [\n          {\n            \"and\": [\n              {\n                \"mc\": \"<=126\"\n              },\n              {\n                \"mc\": \"<=131\"\n              }\n            ]\n          },\n          \"\"\n        ],\n        \"url\": \"http://7.o.8dket74rmclly9rmwepf-4jubxa51gn6gddy61ux-l5jsrl5fbmje22mb8jrhxo.kwfu9-dqkyn-ma1pj248wniey-fwcjxlb3jdnjsh07ge307gde9s2dzakuqv2r8.otdmkaie/morJ/cfKbZ;R1/%F0%A3%8F%82%F1%86%B3%AE-t/wH\",\n        \"info\": \"eP ?p\",\n        \"isSelectable\": true\n      }\n    }\n  },\n  {\n    \"title\": \"block sample 8\",\n    \"value\": {\n      \"name\": \"MW6zsQnjG\",\n      \"ay\": 1987,\n      \"assign\": \")6%B\",\n      \"satisfy\": [\n        {\n          \"and\": [\n            {\n              \"or\": [\n                \"c\",\n                {\n                  \"mc\": \">=172\"\n                },\n                {\n                  \"and\": [\n                    \"]hd?\"\n                  ]\n                },\n                {\n                  \"mc\": \">=137\"\n                },\n                {\n                  \"mc\": \"<=146\"\n                }\n              ]\n            },\n            {\n              \"mc\": \">=107\"\n            },\n            {\n              \"mc\": \"<=143\"\n            },\n            {\n              \"or\": []\n            }\n          ]\n        },\n        {\n          \"mc\": \"<=112\"\n        },\n        \"i$T\",\n        {\n          \"and\": [\n            {\n              \"mc\": \"<=132\"\n            }\n          ]\n        }\n      ],\n      \"url\": \"https://df0.deubed/QGLlewgN/+)8!J=24//t/l\",\n      \"info\": \"\",\n      \"isSelectable\": true,\n      \"*A@/>^P\": {\n        \"name\": \"\",\n        \"ay\": 2009,\n        \"assign\": \"9X\\\\932!O|z\",\n        \"match\": [\n          {\n            \"pattern\": \"DN*x60Y\",\n            \"exclude\": [\n              \"RCA*006E\",\n              \"DH86\",\n              \"PP059Y\"\n            ],\n            \"info\": \"diK`\"\n          }\n        ],\n        \"satisfy\": [\n          {\n            \"mc\": \"<=191\"\n          },\n          \"{a\",\n          \"J\",\n          {\n            \"and\": [\n              \"WcaDu\",\n              {\n                \"and\": [\n                  {\n                    \"mc\": \">=73\"\n                  },\n                  {\n                    \"mc\": \">=93\"\n                  }\n                ]\n              },\n              \"A\",\n              {\n                \"mc\": \"<=156\"\n              },\n              {\n                \"mc\": \"<=103\"\n              }\n            ]\n          },\n          {\n            \"and\": [\n              {\n                \"mc\": \"<=99\"\n              },\n              {\n                \"and\": [\n                  \"iFT+kbEyXx\",\n                  {\n                    \"or\": [\n                      \"Lq%q&hsdo7\",\n                      {\n                        \"and\": [\n                          \"ANDP\\\\rG3x\",\n                          \"?AX\",\n                          {\n                            \"or\": [\n                              \"l\"\n                            ]\n                          }\n                        ]\n                      }\n                    ]\n                  },\n                  \"BE,7T6T.bl\"\n                ]\n              },\n              \"-d@rml)2\",\n              {\n                \"and\": [\n                  {\n                    \"mc\": \"<=110\"\n                  },\n                  \"n( \",\n                  {\n                    \"or\": [\n                      {\n                        \"or\": [\n                          \"X(A5s\",\n                          \"\",\n                          \"\",\n                          \";W;X\"\n                        ]\n                      },\n                      \"\",\n                      \"6(>x`{\",\n                      {\n                        \"and\": [\n                          {\n                            \"or\": [\n                              \"? 0H\"\n                            ]\n                          },\n                          {\n                            \"mc\": \"<=50\"\n                          },\n                          \"`X`DE)Xn>\",\n                          \"@9U[;bDKf:\"\n                        ]\n                      }\n                    ]\n                  },\n                  \"AV6m4-c(\",\n                  {\n                    \"mc\": \"<=19\"\n                  }\n                ]\n              }\n            ]\n          }\n        ],\n        \"url\": \"http://zi6h4tjdpiwga49n4iscyw1wx4hqyqgg-kzmdyv.fs.opo/Y9ZNpCM1%F0%BA%AB%A1/b%F3%85%BE%96mzL%F4%8B%B9%8EBY/u5uxLn5/vW)pLx%F0%AF%8B%9FVQ/W0qpgiet8y\",\n        \"info\": \"%]r\",\n        \"isSelectable\": true\n      }\n    }\n  },\n  {\n    \"title\": \"block sample 9\",\n    \"value\": {\n      \"name\": \"#\",\n      \"ay\": 2011,\n      \"assign\": \"\",\n      \"info\": \"o\",\n      \"isSelectable\": true\n    }\n  }\n]",
              "code": "(0, fast_check_1.sample)(index_test_2.block, 10).forEach((sample, i) => (0, addContext_1.default)(this, {\n    title: `block sample ${i}`,\n    value: sample,\n}));\nreturn (0, fast_check_1.assert)((0, fast_check_1.property)(index_test_2.block, ajvValidate));",
              "err": {},
              "uuid": "36e6a960-ca22-4a15-a246-171599d059ec",
              "parentUUID": "bb6e427d-f7d6-4cba-89b3-27256a73e958",
              "isHook": false,
              "skipped": false
            },
            {
              "title": "should not validate non-object",
              "fullTitle": "blockSchema should not validate non-object",
              "timedOut": false,
              "duration": 1,
              "state": "passed",
              "speed": "fast",
              "pass": true,
              "fail": false,
              "pending": false,
              "context": null,
              "code": "const error = {\n    instancePath: \"\",\n    message: \"block should be an object\",\n};\nisInvalidBlock(null, error);\nisInvalidBlock(undefined, error);\nisInvalidBlock(10, error);\nisInvalidBlock([12, 24], error);\nisInvalidBlock(\"abc\", error);",
              "err": {},
              "uuid": "a05091b9-7983-450f-8119-4a6a970df65c",
              "parentUUID": "bb6e427d-f7d6-4cba-89b3-27256a73e958",
              "isHook": false,
              "skipped": false
            },
            {
              "title": "should not validate block with invalid properties",
              "fullTitle": "blockSchema should not validate block with invalid properties",
              "timedOut": false,
              "duration": 1,
              "state": "passed",
              "speed": "fast",
              "pass": true,
              "fail": false,
              "pending": false,
              "context": null,
              "code": "isInvalidBlock({\n        name: { foo: \"bar\" },\n        ay: -1000,\n        assign: {},\n        match: 1,\n        satisfy: 2,\n        url: { abc: \"def\" },\n        info: 42,\n        isSelectable: 32,\n    }, { instancePath: \"/name\", message: \"property 'name' should be a string\" }, {\n        instancePath: \"/ay\",\n        message: \"property 'ay' should be a positive integer\",\n    }, {\n        instancePath: \"/assign\",\n        message: \"property 'assign' should be either a block ID or an array of block IDs\",\n    }, {\n        instancePath: \"/match\",\n        message: \"property 'match' should be either a match rule or an array of match rules\",\n    }, {\n        instancePath: \"/satisfy\",\n        message: \"property 'satisfy' should be either a satisfy rule or an array of satisfy rules\",\n    }, { instancePath: \"/url\", message: \"property 'url' should be a string\" }, { instancePath: \"/info\", message: \"property 'info' should be a string\" }, {\n        instancePath: \"/isSelectable\",\n        message: \"property 'isSelectable' should be a boolean\",\n    })",
              "err": {},
              "uuid": "c64b7315-7fd5-4a82-ab38-dcbf75b0733d",
              "parentUUID": "bb6e427d-f7d6-4cba-89b3-27256a73e958",
              "isHook": false,
              "skipped": false
            }
          ],
          "suites": [],
          "passes": [
            "36e6a960-ca22-4a15-a246-171599d059ec",
            "a05091b9-7983-450f-8119-4a6a970df65c",
            "c64b7315-7fd5-4a82-ab38-dcbf75b0733d"
          ],
          "failures": [],
          "pending": [],
          "skipped": [],
          "duration": 163,
          "root": false,
          "rootEmpty": false,
          "_timeout": 2000
        },
        {
          "uuid": "75a909d6-98d7-4b21-a6c6-24694beeff9d",
          "title": "patternToRE",
          "fullFile": "/home/runner/work/planwithus-lib/planwithus-lib/src/matchRule/pattern/satisfiers.test.ts",
          "file": "/src/matchRule/pattern/satisfiers.test.ts",
          "beforeHooks": [],
          "afterHooks": [],
          "tests": [
            {
              "title": "should match valid modules with a single pattern",
              "fullTitle": "patternToRE should match valid modules with a single pattern",
              "timedOut": false,
              "duration": 11,
              "state": "passed",
              "speed": "fast",
              "pass": true,
              "fail": false,
              "pending": false,
              "context": "[\n  {\n    \"title\": \"patternExampleList sample 0\",\n    \"value\": [\n      \"HG939Z\",\n      [\n        \"HG939Z\"\n      ]\n    ]\n  },\n  {\n    \"title\": \"patternExampleList sample 1\",\n    \"value\": [\n      \"AP4G\",\n      [\n        \"AP4G\"\n      ]\n    ]\n  },\n  {\n    \"title\": \"patternExampleList sample 2\",\n    \"value\": [\n      \"JII50\",\n      [\n        \"JII50\"\n      ]\n    ]\n  },\n  {\n    \"title\": \"patternExampleList sample 3\",\n    \"value\": [\n      \"QG6\",\n      [\n        \"QG6\"\n      ]\n    ]\n  },\n  {\n    \"title\": \"patternExampleList sample 4\",\n    \"value\": [\n      \"FUC4xN\",\n      [\n        \"FUC41N\",\n        \"FUC40N\",\n        \"FUC43N\",\n        \"FUC42N\",\n        \"FUC44N\",\n        \"FUC47N\",\n        \"FUC46N\",\n        \"FUC48N\",\n        \"FUC49N\"\n      ]\n    ]\n  },\n  {\n    \"title\": \"patternExampleList sample 5\",\n    \"value\": [\n      \"NI4909\",\n      [\n        \"NI4909\"\n      ]\n    ]\n  },\n  {\n    \"title\": \"patternExampleList sample 6\",\n    \"value\": [\n      \"PDP4\",\n      [\n        \"PDP4\"\n      ]\n    ]\n  },\n  {\n    \"title\": \"patternExampleList sample 7\",\n    \"value\": [\n      \"SOX**8\",\n      [\n        \"SOXVWLG8\",\n        \"SOXMJ1V9PMBJ8\",\n        \"SOXODKLDH58\",\n        \"SOXS3A6RP8\",\n        \"SOXBZ5CIN58\",\n        \"SOXZ7YXKP3Y08\",\n        \"SOXAI5K5B3IZ8\"\n      ]\n    ]\n  },\n  {\n    \"title\": \"patternExampleList sample 8\",\n    \"value\": [\n      \"JO1R\",\n      [\n        \"JO1R\"\n      ]\n    ]\n  },\n  {\n    \"title\": \"patternExampleList sample 9\",\n    \"value\": [\n      \"NI19\",\n      [\n        \"NI19\"\n      ]\n    ]\n  }\n]",
              "code": "(0, fast_check_1.sample)(index_test_1.patternExampleList, 10).forEach((sample, i) => (0, addContext_1.default)(this, {\n    title: `patternExampleList sample ${i}`,\n    value: sample,\n}));\nreturn (0, fast_check_1.assert)((0, fast_check_1.property)(index_test_1.patternExampleList, ([patternStr, examples]) => {\n    const re = (0, _1.patternToRE)(patternStr);\n    return examples.every(re.test.bind(re));\n}));",
              "err": {},
              "uuid": "dc1b3c72-e97b-4752-bf0b-d5df3de9c5d4",
              "parentUUID": "75a909d6-98d7-4b21-a6c6-24694beeff9d",
              "isHook": false,
              "skipped": false
            },
            {
              "title": "should match valid modules with multiple patterns",
              "fullTitle": "patternToRE should match valid modules with multiple patterns",
              "timedOut": false,
              "duration": 54,
              "state": "passed",
              "speed": "medium",
              "pass": true,
              "fail": false,
              "pending": false,
              "context": "[\n  {\n    \"title\": \"patternExampleListArray sample 0\",\n    \"value\": [\n      [\n        \"BUV24\",\n        [\n          \"BUV24\"\n        ]\n      ],\n      [\n        \"PA8\",\n        [\n          \"PA8\"\n        ]\n      ]\n    ]\n  },\n  {\n    \"title\": \"patternExampleListArray sample 1\",\n    \"value\": [\n      [\n        \"KNZ0\",\n        [\n          \"KNZ0\"\n        ]\n      ],\n      [\n        \"DT845B\",\n        [\n          \"DT845B\"\n        ]\n      ],\n      [\n        \"HOS69*xH\",\n        [\n          \"HOS69CH31H\"\n        ]\n      ],\n      [\n        \"EN279\",\n        [\n          \"EN279\"\n        ]\n      ],\n      [\n        \"JOW8*6V\",\n        [\n          \"JOW8BFH9M6V\",\n          \"JOW866V\",\n          \"JOW8ZFI6V\",\n          \"JOW8ZDBZI8WC6V\",\n          \"JOW8N6V\",\n          \"JOW86V\",\n          \"JOW8YD55TK9O6V\",\n          \"JOW82P6V\",\n          \"JOW8D6V\"\n        ]\n      ]\n    ]\n  },\n  {\n    \"title\": \"patternExampleListArray sample 2\",\n    \"value\": [\n      [\n        \"SO*0\",\n        [\n          \"SOQHKEJ30\"\n        ]\n      ],\n      [\n        \"MVY3*36L\",\n        [\n          \"MVY3ERYEV12436L\",\n          \"MVY39K6HG2T36L\",\n          \"MVY3MHACP036L\"\n        ]\n      ],\n      [\n        \"SBC592E\",\n        [\n          \"SBC592E\"\n        ]\n      ],\n      [\n        \"EF63*K\",\n        [\n          \"EF63FQ36KIK\",\n          \"EF63HK\",\n          \"EF63K\",\n          \"EF636PK\",\n          \"EF63X8K\",\n          \"EF63NM2K\",\n          \"EF63E4C0L11SK\",\n          \"EF63FFVRK\"\n        ]\n      ],\n      [\n        \"LSO04\",\n        [\n          \"LSO04\"\n        ]\n      ],\n      [\n        \"TS718X\",\n        [\n          \"TS718X\"\n        ]\n      ],\n      [\n        \"TV3x7\",\n        [\n          \"TV307\",\n          \"TV367\",\n          \"TV317\",\n          \"TV347\",\n          \"TV357\"\n        ]\n      ],\n      [\n        \"QJV9\",\n        [\n          \"QJV9\"\n        ]\n      ],\n      [\n        \"OEA122W\",\n        [\n          \"OEA122W\"\n        ]\n      ]\n    ]\n  },\n  {\n    \"title\": \"patternExampleListArray sample 3\",\n    \"value\": [\n      [\n        \"FPSx\",\n        [\n          \"FPS8\",\n          \"FPS0\",\n          \"FPS3\",\n          \"FPS4\",\n          \"FPS6\",\n          \"FPS7\",\n          \"FPS5\",\n          \"FPS9\",\n          \"FPS2\",\n          \"FPS1\"\n        ]\n      ],\n      [\n        \"WFJ971x\",\n        [\n          \"WFJ9711\",\n          \"WFJ9718\"\n        ]\n      ],\n      [\n        \"GWx\",\n        [\n          \"GW3\",\n          \"GW0\",\n          \"GW1\",\n          \"GW2\",\n          \"GW4\",\n          \"GW5\",\n          \"GW6\",\n          \"GW9\",\n          \"GW7\"\n        ]\n      ],\n      [\n        \"LUG*I\",\n        [\n          \"LUG8L3PII\",\n          \"LUGBSMI\",\n          \"LUG9I\"\n        ]\n      ],\n      [\n        \"LFF12x5\",\n        [\n          \"LFF1225\",\n          \"LFF1205\",\n          \"LFF1215\",\n          \"LFF1235\",\n          \"LFF1285\",\n          \"LFF1245\",\n          \"LFF1255\",\n          \"LFF1265\"\n        ]\n      ],\n      [\n        \"ZOZx\",\n        [\n          \"ZOZ2\",\n          \"ZOZ5\",\n          \"ZOZ4\",\n          \"ZOZ0\"\n        ]\n      ],\n      [\n        \"DO53\",\n        [\n          \"DO53\"\n        ]\n      ],\n      [\n        \"PJS2C\",\n        [\n          \"PJS2C\"\n        ]\n      ]\n    ]\n  },\n  {\n    \"title\": \"patternExampleListArray sample 4\",\n    \"value\": [\n      [\n        \"ZLH9311Y\",\n        [\n          \"ZLH9311Y\"\n        ]\n      ],\n      [\n        \"UN4x\",\n        [\n          \"UN42\",\n          \"UN45\",\n          \"UN47\",\n          \"UN40\"\n        ]\n      ],\n      [\n        \"WJAx8\",\n        [\n          \"WJA58\",\n          \"WJA78\",\n          \"WJA48\",\n          \"WJA18\",\n          \"WJA88\",\n          \"WJA68\",\n          \"WJA38\",\n          \"WJA28\",\n          \"WJA08\"\n        ]\n      ],\n      [\n        \"NQ0X\",\n        [\n          \"NQ0X\"\n        ]\n      ]\n    ]\n  },\n  {\n    \"title\": \"patternExampleListArray sample 5\",\n    \"value\": [\n      [\n        \"QO9*x6\",\n        [\n          \"QO9106\",\n          \"QO9RMDEROR76\",\n          \"QO9K6HU4LQ206\",\n          \"QO986\",\n          \"QO9CEFXRWDP56\",\n          \"QO9EJMU7KDS96\",\n          \"QO99RL19V66\",\n          \"QO92N0ILR56\",\n          \"QO9VZNE56\",\n          \"QO9AX26\"\n        ]\n      ],\n      [\n        \"KG15*7\",\n        [\n          \"KG15A7\",\n          \"KG15A49AFBI7\",\n          \"KG1517\",\n          \"KG15U367\"\n        ]\n      ]\n    ]\n  },\n  {\n    \"title\": \"patternExampleListArray sample 6\",\n    \"value\": [\n      [\n        \"ZL5\",\n        [\n          \"ZL5\"\n        ]\n      ],\n      [\n        \"QMW8\",\n        [\n          \"QMW8\"\n        ]\n      ],\n      [\n        \"HBX510\",\n        [\n          \"HBX510\"\n        ]\n      ],\n      [\n        \"JAM6\",\n        [\n          \"JAM6\"\n        ]\n      ],\n      [\n        \"NDD7*N\",\n        [\n          \"NDD78I3N\",\n          \"NDD7C4HM9LTQN\",\n          \"NDD78NRN\"\n        ]\n      ],\n      [\n        \"QY6544\",\n        [\n          \"QY6544\"\n        ]\n      ],\n      [\n        \"PP6N\",\n        [\n          \"PP6N\"\n        ]\n      ],\n      [\n        \"CJF3\",\n        [\n          \"CJF3\"\n        ]\n      ],\n      [\n        \"OMP*50X\",\n        [\n          \"OMPJ950X\",\n          \"OMPL32EH50X\",\n          \"OMP50X\",\n          \"OMPNWUEZ6MG50X\"\n        ]\n      ]\n    ]\n  },\n  {\n    \"title\": \"patternExampleListArray sample 7\",\n    \"value\": [\n      [\n        \"CA3*\",\n        [\n          \"CA3I\",\n          \"CA3TFB\",\n          \"CA3E7P0\",\n          \"CA3L2J\",\n          \"CA34YZ\",\n          \"CA3PDTIW67\"\n        ]\n      ],\n      [\n        \"JOx2\",\n        [\n          \"JO82\"\n        ]\n      ]\n    ]\n  },\n  {\n    \"title\": \"patternExampleListArray sample 8\",\n    \"value\": [\n      [\n        \"OE6007R\",\n        [\n          \"OE6007R\"\n        ]\n      ],\n      [\n        \"XRx92C\",\n        [\n          \"XR592C\"\n        ]\n      ]\n    ]\n  },\n  {\n    \"title\": \"patternExampleListArray sample 9\",\n    \"value\": [\n      [\n        \"PY5A\",\n        [\n          \"PY5A\"\n        ]\n      ],\n      [\n        \"QHZ983F\",\n        [\n          \"QHZ983F\"\n        ]\n      ],\n      [\n        \"HI*\",\n        [\n          \"HI10AS9\"\n        ]\n      ]\n    ]\n  }\n]",
              "code": "const patternExampleListArray = (0, fast_check_1.array)(index_test_1.patternExampleList, { minLength: 1 });\n(0, fast_check_1.sample)(patternExampleListArray, 10).forEach((sample, i) => (0, addContext_1.default)(this, {\n    title: `patternExampleListArray sample ${i}`,\n    value: sample,\n}));\nreturn (0, fast_check_1.assert)((0, fast_check_1.property)(patternExampleListArray, (ts) => {\n    const re = (0, _1.patternToRE)(...ts.map(([patternStr]) => patternStr));\n    return ts\n        .map(([, examples]) => examples)\n        .flat()\n        .every(re.test.bind(re));\n}));",
              "err": {},
              "uuid": "d6d907bf-858b-4005-b7ab-18b71a7339ff",
              "parentUUID": "75a909d6-98d7-4b21-a6c6-24694beeff9d",
              "isHook": false,
              "skipped": false
            },
            {
              "title": "should not match x to non-number",
              "fullTitle": "patternToRE should not match x to non-number",
              "timedOut": false,
              "duration": 0,
              "state": "passed",
              "speed": "fast",
              "pass": true,
              "fail": false,
              "pending": false,
              "context": null,
              "code": "const re = (0, _1.patternToRE)(\"x\");\n[\"A\", \"Z\", \"c\", \"#\"].forEach((example) => isInvalidExample(re, example));",
              "err": {},
              "uuid": "dfbcff64-e2c7-40bb-8595-0e14f15677a7",
              "parentUUID": "75a909d6-98d7-4b21-a6c6-24694beeff9d",
              "isHook": false,
              "skipped": false
            },
            {
              "title": "should not match * to a substring composed of characters other than A-Z and 0-9",
              "fullTitle": "patternToRE should not match * to a substring composed of characters other than A-Z and 0-9",
              "timedOut": false,
              "duration": 1,
              "state": "passed",
              "speed": "fast",
              "pass": true,
              "fail": false,
              "pending": false,
              "context": null,
              "code": "const re = (0, _1.patternToRE)(\"*\");\n[\"c\", \"Ac\", \"cA\", \"0Ax\", \"x0A\", \"BA#\", \"#AB\"].forEach((example) => isInvalidExample(re, example));",
              "err": {},
              "uuid": "7c078e2a-ec73-4ff5-90ac-8fc1bb2d4ad6",
              "parentUUID": "75a909d6-98d7-4b21-a6c6-24694beeff9d",
              "isHook": false,
              "skipped": false
            },
            {
              "title": "should not match substrings",
              "fullTitle": "patternToRE should not match substrings",
              "timedOut": false,
              "duration": 0,
              "state": "passed",
              "speed": "fast",
              "pass": true,
              "fail": false,
              "pending": false,
              "context": null,
              "code": "const re = (0, _1.patternToRE)(\"A*xC\");\n[\"A1CZ\", \"AC1CZ\", \"ZA1C\", \"ZAC1C\", \"ZA1CZ\", \"ZAC1CZ\"].forEach((example) => isInvalidExample(re, example));",
              "err": {},
              "uuid": "c25d935b-3677-456a-9862-aec253090b7e",
              "parentUUID": "75a909d6-98d7-4b21-a6c6-24694beeff9d",
              "isHook": false,
              "skipped": false
            }
          ],
          "suites": [],
          "passes": [
            "dc1b3c72-e97b-4752-bf0b-d5df3de9c5d4",
            "d6d907bf-858b-4005-b7ab-18b71a7339ff",
            "dfbcff64-e2c7-40bb-8595-0e14f15677a7",
            "7c078e2a-ec73-4ff5-90ac-8fc1bb2d4ad6",
            "c25d935b-3677-456a-9862-aec253090b7e"
          ],
          "failures": [],
          "pending": [],
          "skipped": [],
          "duration": 66,
          "root": false,
          "rootEmpty": false,
          "_timeout": 2000
        },
        {
          "uuid": "fe1aefc8-3bb8-42ab-ab02-af9cb1b58cb6",
          "title": "patternSatisfier",
          "fullFile": "/home/runner/work/planwithus-lib/planwithus-lib/src/matchRule/pattern/satisfiers.test.ts",
          "file": "/src/matchRule/pattern/satisfiers.test.ts",
          "beforeHooks": [],
          "afterHooks": [],
          "tests": [
            {
              "title": "should assign all modules with *",
              "fullTitle": "patternSatisfier should assign all modules with *",
              "timedOut": false,
              "duration": 1,
              "state": "passed",
              "speed": "fast",
              "pass": true,
              "fail": false,
              "pending": false,
              "context": null,
              "code": "const { assign } = (0, satisfiers_1.patternSatisfier)(ref, \"*\");\nisCorrectAssign(assign, modulesList1, modulesList1.map(([moduleStr]) => moduleStr));",
              "err": {},
              "uuid": "fd390d7d-6780-448c-b0b5-98df5fea682a",
              "parentUUID": "fe1aefc8-3bb8-42ab-ab02-af9cb1b58cb6",
              "isHook": false,
              "skipped": false
            },
            {
              "title": "should assign only valid modules with pattern containing *",
              "fullTitle": "patternSatisfier should assign only valid modules with pattern containing *",
              "timedOut": false,
              "duration": 1,
              "state": "passed",
              "speed": "fast",
              "pass": true,
              "fail": false,
              "pending": false,
              "context": null,
              "code": "const { assign } = (0, satisfiers_1.patternSatisfier)(ref, \"CS2*\");\nisCorrectAssign(assign, modulesList1, [\"CS2100\", \"CS2040S\", \"CS2030\"]);",
              "err": {},
              "uuid": "3816fe91-2cd1-4e1d-a881-b66b8ee9d1a4",
              "parentUUID": "fe1aefc8-3bb8-42ab-ab02-af9cb1b58cb6",
              "isHook": false,
              "skipped": false
            },
            {
              "title": "should assign only valid modules with pattern containing x",
              "fullTitle": "patternSatisfier should assign only valid modules with pattern containing x",
              "timedOut": false,
              "duration": 0,
              "state": "passed",
              "speed": "fast",
              "pass": true,
              "fail": false,
              "pending": false,
              "context": null,
              "code": "const { assign } = (0, satisfiers_1.patternSatisfier)(ref, \"CS20xx\");\nisCorrectAssign(assign, modulesList1, [\"CS2030\"]);",
              "err": {},
              "uuid": "f8457c38-681d-4c2e-b235-37a51c83ad9b",
              "parentUUID": "fe1aefc8-3bb8-42ab-ab02-af9cb1b58cb6",
              "isHook": false,
              "skipped": false
            },
            {
              "title": "should assign only valid modules with pattern containing x and *",
              "fullTitle": "patternSatisfier should assign only valid modules with pattern containing x and *",
              "timedOut": false,
              "duration": 0,
              "state": "passed",
              "speed": "fast",
              "pass": true,
              "fail": false,
              "pending": false,
              "context": null,
              "code": "const { assign } = (0, satisfiers_1.patternSatisfier)(ref, \"CS20xx*\");\nisCorrectAssign(assign, modulesList1, [\"CS2040S\", \"CS2030\"]);",
              "err": {},
              "uuid": "a8b599b0-ff20-46bd-a58e-6b9b79386b64",
              "parentUUID": "fe1aefc8-3bb8-42ab-ab02-af9cb1b58cb6",
              "isHook": false,
              "skipped": false
            }
          ],
          "suites": [],
          "passes": [
            "fd390d7d-6780-448c-b0b5-98df5fea682a",
            "3816fe91-2cd1-4e1d-a881-b66b8ee9d1a4",
            "f8457c38-681d-4c2e-b235-37a51c83ad9b",
            "a8b599b0-ff20-46bd-a58e-6b9b79386b64"
          ],
          "failures": [],
          "pending": [],
          "skipped": [],
          "duration": 2,
          "root": false,
          "rootEmpty": false,
          "_timeout": 2000
        },
        {
          "uuid": "3f603c0b-806e-49fc-a95c-046b97ebaed7",
          "title": "patternSchema",
          "fullFile": "/home/runner/work/planwithus-lib/planwithus-lib/src/matchRule/pattern/schemas.test.ts",
          "file": "/src/matchRule/pattern/schemas.test.ts",
          "beforeHooks": [],
          "afterHooks": [],
          "tests": [
            {
              "title": "should validate non-empty pattern composed of A-Z, 0-9, x or *",
              "fullTitle": "patternSchema should validate non-empty pattern composed of A-Z, 0-9, x or *",
              "timedOut": false,
              "duration": 1,
              "state": "passed",
              "speed": "fast",
              "pass": true,
              "fail": false,
              "pending": false,
              "context": "[\n  {\n    \"title\": \"pattern sample 0\",\n    \"value\": \"CA85\"\n  },\n  {\n    \"title\": \"pattern sample 1\",\n    \"value\": \"CJHx14J\"\n  },\n  {\n    \"title\": \"pattern sample 2\",\n    \"value\": \"QT75\"\n  },\n  {\n    \"title\": \"pattern sample 3\",\n    \"value\": \"FS78T\"\n  },\n  {\n    \"title\": \"pattern sample 4\",\n    \"value\": \"ENT79\"\n  },\n  {\n    \"title\": \"pattern sample 5\",\n    \"value\": \"GK0876\"\n  },\n  {\n    \"title\": \"pattern sample 6\",\n    \"value\": \"SK0920\"\n  },\n  {\n    \"title\": \"pattern sample 7\",\n    \"value\": \"PHQx178\"\n  },\n  {\n    \"title\": \"pattern sample 8\",\n    \"value\": \"GXG619\"\n  },\n  {\n    \"title\": \"pattern sample 9\",\n    \"value\": \"DTL53L\"\n  }\n]",
              "code": "(0, fast_check_1.sample)(index_test_2.pattern, 10).forEach((sample, i) => (0, addContext_1.default)(this, {\n    title: `pattern sample ${i}`,\n    value: sample,\n}));\nreturn (0, fast_check_1.assert)((0, fast_check_1.property)(index_test_2.pattern, ajvValidate), {\n    examples: [[\"*\"], [\"ACC1002\"], [\"IS1103\"], [\"CS1231S\"], [\"MA1102R\"]],\n});",
              "err": {},
[...]
              "fullTitle": "inequalitySatisfier should truncate list of modules with upper bound of MCs at exact cutoff if total MC count is higher and there exists some starting sequence with exact MC count",
              "timedOut": false,
              "duration": 0,
              "state": "passed",
              "speed": "fast",
              "pass": true,
              "fail": false,
              "pending": false,
              "context": null,
              "code": "const satisfier = (0, satisfiers_1.inequalitySatisfier)(ref, \"<=16\");\nsatisfier.should.have.property(\"filter\");\nconst { filter } = satisfier;\nisCorrectFilter(filter, modulesList1, [\n    \"CS2100\",\n    \"GER1000\",\n    \"CS2040S\",\n    \"ST2131\",\n]);",
              "err": {},
              "uuid": "5fce53db-545a-43c4-9691-0cfff3b6e2ff",
              "parentUUID": "7268d275-89ad-4faf-9db9-787fbb4b87c6",
              "isHook": false,
              "skipped": false
            },
            {
              "title": "should truncate list of modules with upper bound of MCs, cutting off at the minimum starting sequence that exceeds upper bound, if total MC count is higher and there exists no starting sequence with exact MC count",
              "fullTitle": "inequalitySatisfier should truncate list of modules with upper bound of MCs, cutting off at the minimum starting sequence that exceeds upper bound, if total MC count is higher and there exists no starting sequence with exact MC count",
              "timedOut": false,
              "duration": 0,
              "state": "passed",
              "speed": "fast",
              "pass": true,
              "fail": false,
              "pending": false,
              "context": null,
              "code": "const satisfier = (0, satisfiers_1.inequalitySatisfier)(ref, \"<=17\");\nsatisfier.should.have.property(\"filter\");\nconst { filter } = satisfier;\nisCorrectFilter(filter, modulesList1, [\n    \"CS2100\",\n    \"GER1000\",\n    \"CS2040S\",\n    \"ST2131\",\n    \"MA1521\",\n]);",
              "err": {},
              "uuid": "b947e561-f145-4d36-b8f1-932b1cac843a",
              "parentUUID": "7268d275-89ad-4faf-9db9-787fbb4b87c6",
              "isHook": false,
              "skipped": false
            }
          ],
          "suites": [],
          "passes": [
            "c7350bdd-ab16-4459-92c2-f9425c57dbe1",
            "e3da52f8-2e23-4b7c-b9da-1e73ad3ead62",
            "a4d5841d-a7a8-4e6d-87fb-d60fa5e4f62d",
            "24c71fe7-d006-4504-bc81-f7d1ba483257",
            "28b2518a-4a5b-45ae-9c50-5e2879d364e9",
            "5fce53db-545a-43c4-9691-0cfff3b6e2ff",
            "b947e561-f145-4d36-b8f1-932b1cac843a"
          ],
          "failures": [],
          "pending": [],
          "skipped": [],
          "duration": 1,
          "root": false,
          "rootEmpty": false,
          "_timeout": 2000
        },
        {
          "uuid": "83a3292d-eaee-4538-8e8e-00b63bdc0b44",
          "title": "inequalitySchema",
          "fullFile": "/home/runner/work/planwithus-lib/planwithus-lib/src/satisfyRule/inequality/schemas.test.ts",
          "file": "/src/satisfyRule/inequality/schemas.test.ts",
          "beforeHooks": [],
          "afterHooks": [],
          "tests": [
            {
              "title": "should validate inequality in the form <=n or >=n",
              "fullTitle": "inequalitySchema should validate inequality in the form <=n or >=n",
              "timedOut": false,
              "duration": 1,
              "state": "passed",
              "speed": "fast",
              "pass": true,
              "fail": false,
              "pending": false,
              "context": "[\n  {\n    \"title\": \"inequality sample 0\",\n    \"value\": \"<=29\"\n  },\n  {\n    \"title\": \"inequality sample 1\",\n    \"value\": \">=195\"\n  },\n  {\n    \"title\": \"inequality sample 2\",\n    \"value\": \">=118\"\n  },\n  {\n    \"title\": \"inequality sample 3\",\n    \"value\": \"<=174\"\n  },\n  {\n    \"title\": \"inequality sample 4\",\n    \"value\": \">=56\"\n  },\n  {\n    \"title\": \"inequality sample 5\",\n    \"value\": \"<=112\"\n  },\n  {\n    \"title\": \"inequality sample 6\",\n    \"value\": \">=197\"\n  },\n  {\n    \"title\": \"inequality sample 7\",\n    \"value\": \">=2\"\n  },\n  {\n    \"title\": \"inequality sample 8\",\n    \"value\": \"<=21\"\n  },\n  {\n    \"title\": \"inequality sample 9\",\n    \"value\": \">=18\"\n  }\n]",
              "code": "(0, fast_check_1.sample)(index_test_2.inequality, 10).forEach((sample, i) => (0, addContext_1.default)(this, {\n    title: `inequality sample ${i}`,\n    value: sample,\n}));\nreturn (0, fast_check_1.assert)((0, fast_check_1.property)(index_test_2.inequality, ajvValidate));",
              "err": {},
              "uuid": "74903357-3495-417c-a1aa-bf8d68f10f87",
              "parentUUID": "83a3292d-eaee-4538-8e8e-00b63bdc0b44",
              "isHook": false,
              "skipped": false
            },
            {
              "title": "should not validate inequality of invalid form",
              "fullTitle": "inequalitySchema should not validate inequality of invalid form",
              "timedOut": false,
              "duration": 1,
              "state": "passed",
              "speed": "fast",
              "pass": true,
              "fail": false,
              "pending": false,
              "context": null,
              "code": "[\n        \"\",\n        \"==23\",\n        \"23\",\n        \"<23\",\n        \">23\",\n        \"<=-1\",\n        \">=-1\",\n        \"<= 2\",\n        \">= 1\",\n        \"> 3\",\n        \"< 3\",\n        \"<=3a\",\n        \">=3a\",\n        \"a<=3\",\n        \"a>=3\",\n    ].forEach(isInvalidInequality)",
              "err": {},
              "uuid": "b5fe04cc-a3ed-4d2c-b341-e631fa0eb47d",
              "parentUUID": "83a3292d-eaee-4538-8e8e-00b63bdc0b44",
              "isHook": false,
              "skipped": false
            }
          ],
          "suites": [],
          "passes": [
            "74903357-3495-417c-a1aa-bf8d68f10f87",
            "b5fe04cc-a3ed-4d2c-b341-e631fa0eb47d"
          ],
          "failures": [],
          "pending": [],
          "skipped": [],
          "duration": 2,
          "root": false,
          "rootEmpty": false,
          "_timeout": 2000
        },
        {
          "uuid": "38b8c561-7c77-4626-a798-0f33304725c5",
          "title": "satisfyRuleSchema",
          "fullFile": "/home/runner/work/planwithus-lib/planwithus-lib/src/satisfyRule/schemas.test.ts",
          "file": "/src/satisfyRule/schemas.test.ts",
          "beforeHooks": [],
          "afterHooks": [],
          "tests": [
            {
              "title": "should validate satisfy rule with valid block id",
              "fullTitle": "satisfyRuleSchema should validate satisfy rule with valid block id",
              "timedOut": false,
              "duration": 1,
              "state": "passed",
              "speed": "fast",
              "pass": true,
              "fail": false,
              "pending": false,
              "context": null,
              "code": "0, fast_check_1.assert)((0, fast_check_1.property)((0, fast_check_1.string)(), ajvValidate)",
              "err": {},
              "uuid": "22bd5553-f80c-45da-8133-c42445be10b3",
              "parentUUID": "38b8c561-7c77-4626-a798-0f33304725c5",
              "isHook": false,
              "skipped": false
            },
            {
              "title": "should validate satisfy rules with valid mc",
              "fullTitle": "satisfyRuleSchema should validate satisfy rules with valid mc",
              "timedOut": false,
              "duration": 1,
              "state": "passed",
              "speed": "fast",
              "pass": true,
              "fail": false,
              "pending": false,
              "context": "[\n  {\n    \"title\": \"mcSatisfyRule sample 0\",\n    \"value\": {\n      \"mc\": \"<=132\"\n    }\n  },\n  {\n    \"title\": \"mcSatisfyRule sample 1\",\n    \"value\": {\n      \"mc\": \"<=71\"\n    }\n  },\n  {\n    \"title\": \"mcSatisfyRule sample 2\",\n    \"value\": {\n      \"mc\": \">=196\"\n    }\n  },\n  {\n    \"title\": \"mcSatisfyRule sample 3\",\n    \"value\": {\n      \"mc\": \">=2\"\n    }\n  },\n  {\n    \"title\": \"mcSatisfyRule sample 4\",\n    \"value\": {\n      \"mc\": \">=200\"\n    }\n  },\n  {\n    \"title\": \"mcSatisfyRule sample 5\",\n    \"value\": {\n      \"mc\": \"<=188\"\n    }\n  },\n  {\n    \"title\": \"mcSatisfyRule sample 6\",\n    \"value\": {\n      \"mc\": \"<=195\"\n    }\n  },\n  {\n    \"title\": \"mcSatisfyRule sample 7\",\n    \"value\": {\n      \"mc\": \">=5\"\n    }\n  },\n  {\n    \"title\": \"mcSatisfyRule sample 8\",\n    \"value\": {\n      \"mc\": \"<=80\"\n    }\n  },\n  {\n    \"title\": \"mcSatisfyRule sample 9\",\n    \"value\": {\n      \"mc\": \">=167\"\n    }\n  }\n]",
              "code": "(0, fast_check_1.sample)(index_test_2.mcSatisfyRule, 10).forEach((sample, i) => (0, addContext_1.default)(this, {\n    title: `mcSatisfyRule sample ${i}`,\n    value: sample,\n}));\nreturn (0, fast_check_1.assert)((0, fast_check_1.property)(index_test_2.mcSatisfyRule, ajvValidate));",
              "err": {},
              "uuid": "13e55a9b-f402-44fb-bd92-d197414f0a1d",
              "parentUUID": "38b8c561-7c77-4626-a798-0f33304725c5",
              "isHook": false,
              "skipped": false
            },
            {
              "title": "should validate valid recursive satisfy rules",
              "fullTitle": "satisfyRuleSchema should validate valid recursive satisfy rules",
              "timedOut": false,
              "duration": 4,
              "state": "passed",
              "speed": "fast",
              "pass": true,
              "fail": false,
              "pending": false,
              "context": "[\n  {\n    \"title\": \"satisfyRule sample 0\",\n    \"value\": \"\"\n  },\n  {\n    \"title\": \"satisfyRule sample 1\",\n    \"value\": {\n      \"or\": [\n        {\n          \"or\": []\n        },\n        \"ZZm/LqkL0\",\n        \":okO\"\n      ]\n    }\n  },\n  {\n    \"title\": \"satisfyRule sample 2\",\n    \"value\": {\n      \"or\": [\n        {\n          \"and\": [\n            \"d$3'aq:C\",\n            {\n              \"mc\": \"<=53\"\n            },\n            \"k:sfa`gp2f\",\n            \"Ic8\\\"[\",\n            {\n              \"and\": [\n                {\n                  \"and\": [\n                    \",cLf]FRo\",\n                    \"HB;,fokL[\",\n                    \"%o{\",\n                    {\n                      \"mc\": \"<=131\"\n                    }\n                  ]\n                }\n              ]\n            }\n          ]\n        },\n        {\n          \"and\": [\n            {\n              \"mc\": \"<=185\"\n            }\n          ]\n        }\n      ]\n    }\n  },\n  {\n    \"title\": \"satisfyRule sample 3\",\n    \"value\": \"m^\"\n  },\n  {\n    \"title\": \"satisfyRule sample 4\",\n    \"value\": {\n      \"and\": []\n    }\n  },\n  {\n    \"title\": \"satisfyRule sample 5\",\n    \"value\": {\n      \"and\": [\n        \"BU!Of\",\n        {\n          \"mc\": \"<=2\"\n        },\n        {\n          \"and\": [\n            {\n              \"mc\": \"<=68\"\n            },\n            \"?_\",\n            \"#&L!y~ W\",\n            {\n              \"and\": [\n                {\n                  \"and\": [\n                    \"N=t<P\",\n                    \">bD\",\n                    \"B?r*SYnede\",\n                    \"!@\\\\!Xx0+\",\n                    {\n                      \"and\": [\n                        \"U:<A\",\n                        \"d\",\n                        \"4pY &J!\",\n                        \")Y@^\",\n                        \"/1-4w]:\\\"\"\n                      ]\n                    }\n                  ]\n                },\n                \")4'dOPIh\",\n                {\n                  \"or\": [\n                    {\n                      \"mc\": \"<=157\"\n                    },\n                    \"~FM2a NRe\"\n                  ]\n                },\n                \"_b(e`\",\n                {\n                  \"or\": [\n                    \"T5P5WChfw\",\n                    \"@%@\",\n                    \"oj1O\",\n                    \"~)OlO 8-O*\",\n                    {\n                      \"mc\": \"<=64\"\n                    }\n                  ]\n                }\n              ]\n            }\n          ]\n        }\n      ]\n    }\n  },\n  {\n    \"title\": \"satisfyRule sample 6\",\n    \"value\": \"\"\n  },\n  {\n    \"title\": \"satisfyRule sample 7\",\n    \"value\": {\n      \"or\": [\n        {\n          \"mc\": \">=4\"\n        }\n      ]\n    }\n  },\n  {\n    \"title\": \"satisfyRule sample 8\",\n    \"value\": {\n      \"mc\": \"<=133\"\n    }\n  },\n  {\n    \"title\": \"satisfyRule sample 9\",\n    \"value\": {\n      \"and\": []\n    }\n  }\n]",
              "code": "(0, fast_check_1.sample)(index_test_2.satisfyRule, 10).forEach((sample, i) => (0, addContext_1.default)(this, {\n    title: `satisfyRule sample ${i}`,\n    value: sample,\n}));\nreturn (0, fast_check_1.assert)((0, fast_check_1.property)(index_test_2.satisfyRule, ajvValidate));",
              "err": {},
              "uuid": "743d8814-cf35-49c1-9be1-f69d9d5416dc",
              "parentUUID": "38b8c561-7c77-4626-a798-0f33304725c5",
              "isHook": false,
              "skipped": false
            },
            {
              "title": "should not validate non-string/object",
              "fullTitle": "satisfyRuleSchema should not validate non-string/object",
              "timedOut": false,
              "duration": 1,
              "state": "passed",
              "speed": "fast",
              "pass": true,
              "fail": false,
              "pending": false,
              "context": null,
              "code": "const error = {\n    instancePath: \"\",\n    message: \"satisfy rule should be either a string or an object\",\n};\nisInvalidRule(null, error);\nisInvalidRule(undefined, error);\nisInvalidRule(10, error);\nisInvalidRule([12, 24], error);",
              "err": {},
              "uuid": "2008d9eb-e388-461d-8819-6cd6fe136e92",
              "parentUUID": "38b8c561-7c77-4626-a798-0f33304725c5",
              "isHook": false,
              "skipped": false
            },
            {
              "title": "should not validate satisfy rules with extra properties",
              "fullTitle": "satisfyRuleSchema should not validate satisfy rules with extra properties",
              "timedOut": false,
              "duration": 0,
              "state": "passed",
              "speed": "fast",
              "pass": true,
              "fail": false,
              "pending": false,
              "context": null,
              "code": "isInvalidRule({\n        and: [\n            { or: [\"2k\"], abc: \"def\" },\n            { mc: 8, ghi: \"jkl\" },\n        ],\n        mno: \"pqr\",\n    }, {\n        instancePath: \"/and/0\",\n        message: \"or satisfy rule should have property 'or' only\",\n    }, {\n        instancePath: \"/and/1\",\n        message: \"MC satisfy rule should have property 'mc' only\",\n    }, {\n        instancePath: \"\",\n        message: \"and satisfy rule should have property 'and' only\",\n    })",
              "err": {},
              "uuid": "63071c65-5c1f-44d7-9288-c6083183dfbc",
              "parentUUID": "38b8c561-7c77-4626-a798-0f33304725c5",
              "isHook": false,
              "skipped": false
            },
            {
              "title": "should not validate ambiguous satisfy rules",
              "fullTitle": "satisfyRuleSchema should not validate ambiguous satisfy rules",
              "timedOut": false,
              "duration": 1,
              "state": "passed",
              "speed": "fast",
              "pass": true,
              "fail": false,
              "pending": false,
              "context": null,
              "code": "const message = \"satisfy rule should have only one of properties 'mc', 'and', 'or'\";\nisInvalidRule({\n    or: [\n        { mc: 5, and: [\"CS2040\"] },\n        { and: [{ and: [\"abc\"], or: [\"def\"] }] },\n    ],\n}, { instancePath: \"/or/0\", message }, { instancePath: \"/or/1/and/0\", message });",
              "err": {},
              "uuid": "53882f6a-162e-4099-9a27-fda567c16dea",
              "parentUUID": "38b8c561-7c77-4626-a798-0f33304725c5",
              "isHook": false,
              "skipped": false
            },
            {
              "title": "should not validate and satisfy rules with non-array property",
              "fullTitle": "satisfyRuleSchema should not validate and satisfy rules with non-array property",
              "timedOut": false,
              "duration": 0,
              "state": "passed",
              "speed": "fast",
              "pass": true,
              "fail": false,
              "pending": false,
              "context": null,
              "code": "const message = \"property 'and' should be an array of satisfy rules\";\nisInvalidRule({ or: [{ and: {} }, { or: [{ and: 3 }] }] }, { instancePath: \"/or/0/and\", message }, { instancePath: \"/or/1/or/0/and\", message });",
              "err": {},
              "uuid": "d6117ce0-adc0-46da-bb20-8bcc315ac2b7",
              "parentUUID": "38b8c561-7c77-4626-a798-0f33304725c5",
              "isHook": false,
              "skipped": false
            },
            {
              "title": "should not validate or satisfy rules with non-array property",
              "fullTitle": "satisfyRuleSchema should not validate or satisfy rules with non-array property",
              "timedOut": false,
              "duration": 0,
              "state": "passed",
              "speed": "fast",
              "pass": true,
              "fail": false,
              "pending": false,
              "context": null,
              "code": "const message = \"property 'or' should be an array of satisfy rules\";\nisInvalidRule({ and: [{ or: {} }, { and: [{ or: 3 }] }] }, { instancePath: \"/and/0/or\", message }, { instancePath: \"/and/1/and/0/or\", message });",
              "err": {},
              "uuid": "1ff583eb-07ed-43a0-8baa-45b09d2b00f6",
              "parentUUID": "38b8c561-7c77-4626-a798-0f33304725c5",
              "isHook": false,
              "skipped": false
            }
          ],
          "suites": [],
          "passes": [
            "22bd5553-f80c-45da-8133-c42445be10b3",
            "13e55a9b-f402-44fb-bd92-d197414f0a1d",
            "743d8814-cf35-49c1-9be1-f69d9d5416dc",
            "2008d9eb-e388-461d-8819-6cd6fe136e92",
            "63071c65-5c1f-44d7-9288-c6083183dfbc",
            "53882f6a-162e-4099-9a27-fda567c16dea",
            "d6117ce0-adc0-46da-bb20-8bcc315ac2b7",
            "1ff583eb-07ed-43a0-8baa-45b09d2b00f6"
          ],
          "failures": [],
          "pending": [],
          "skipped": [],
          "duration": 8,
          "root": false,
          "rootEmpty": false,
          "_timeout": 2000
        }
      ],
      "passes": [],
      "failures": [],
      "pending": [],
      "skipped": [],
      "duration": 0,
      "root": true,
      "rootEmpty": true,
      "_timeout": 2000
    }
  ],
  "meta": {
    "mocha": {
      "version": "9.1.1"
    },
    "mochawesome": {
      "options": {
        "quiet": false,
        "reportFilename": "mochawesome",
        "saveHtml": true,
        "saveJson": true,
        "consoleReporter": "spec",
        "useInlineDiffs": false,
        "code": true
      },
      "version": "6.3.0"
    },
    "marge": {
      "options": {
        "reportDir": "docs"
      },
      "version": "5.2.0"
    }
  }
}