{
  "stats": {
    "suites": 10,
    "tests": 48,
    "passes": 48,
    "pending": 0,
    "failures": 0,
    "start": "2021-07-19T10:38:22.938Z",
    "end": "2021-07-19T10:38:23.305Z",
    "duration": 367,
    "testsRegistered": 48,
    "passPercent": 100,
    "pendingPercent": 0,
    "other": 0,
    "hasOther": false,
    "skipped": 0,
    "hasSkipped": false
  },
  "results": [
    {
      "uuid": "5dee5375-280e-4ba0-b7a6-478596d00b98",
      "title": "",
      "fullFile": "",
      "file": "",
      "beforeHooks": [],
      "afterHooks": [],
      "tests": [],
      "suites": [
        {
          "uuid": "daab4f64-4fa0-43f6-b66b-92fe4259ccc4",
          "title": "initDirectories",
          "fullFile": "/home/runner/work/planwithus-lib/planwithus-lib/src/block/schemas.test.ts",
          "file": "/src/block/schemas.test.ts",
          "beforeHooks": [],
          "afterHooks": [],
          "tests": [
            {
              "title": "should parse all blocks with no errors",
              "fullTitle": "initDirectories should parse all blocks with no errors",
              "timedOut": false,
              "duration": 2,
              "state": "passed",
              "speed": "fast",
              "pass": true,
              "fail": false,
              "pending": false,
              "context": null,
              "code": "_1.initDirectories.should.not.throw()",
              "err": {},
              "uuid": "8c8341d1-c9da-4373-9dbf-50a3c43f1987",
              "parentUUID": "daab4f64-4fa0-43f6-b66b-92fe4259ccc4",
              "isHook": false,
              "skipped": false
            },
            {
              "title": "should produce primary, second & minor directories",
              "fullTitle": "initDirectories should produce primary, second & minor directories",
              "timedOut": false,
              "duration": 2,
              "state": "passed",
              "speed": "fast",
              "pass": true,
              "fail": false,
              "pending": false,
              "context": null,
              "code": "const directories = _1.initDirectories();\ndirectories.should.have.property(\"primary\");\ndirectories.should.have.property(\"second\");\ndirectories.should.have.property(\"minor\");",
              "err": {},
              "uuid": "b7c1fe1c-f4b7-4a7e-8f00-65fe77f35812",
              "parentUUID": "daab4f64-4fa0-43f6-b66b-92fe4259ccc4",
              "isHook": false,
              "skipped": false
            }
          ],
          "suites": [],
          "passes": [
            "8c8341d1-c9da-4373-9dbf-50a3c43f1987",
            "b7c1fe1c-f4b7-4a7e-8f00-65fe77f35812"
          ],
          "failures": [],
          "pending": [],
          "skipped": [],
          "duration": 4,
          "root": false,
          "rootEmpty": false,
          "_timeout": 2000
        },
        {
          "uuid": "34846c84-7e1c-48b0-8b08-cfc84122208f",
          "title": "blockSchema",
          "fullFile": "/home/runner/work/planwithus-lib/planwithus-lib/src/block/schemas.test.ts",
          "file": "/src/block/schemas.test.ts",
          "beforeHooks": [],
          "afterHooks": [],
          "tests": [
            {
              "title": "should validate valid block",
              "fullTitle": "blockSchema should validate valid block",
              "timedOut": false,
              "duration": 236,
              "state": "passed",
              "speed": "slow",
              "pass": true,
              "fail": false,
              "pending": false,
              "context": "[\n  {\n    \"title\": \"block sample 0\",\n    \"value\": {\n      \"name\": \"^`w|xT/9UK\",\n      \"ay\": 1954,\n      \"match\": [\n        {\n          \"or\": [\n            {\n              \"pattern\": \"WTG50Y\",\n              \"exclude\": \"UGT904U\",\n              \"info\": \"`>fzw\"\n            },\n            {\n              \"pattern\": \"ED9264\",\n              \"info\": \"<#/c]LL4X:\"\n            },\n            \"PFP18*2\",\n            {\n              \"pattern\": \"RMM1N\",\n              \"info\": \"0F\"\n            }\n          ]\n        },\n        {\n          \"or\": [\n            \"DNT6x9\",\n            {\n              \"or\": [\n                \"EQR1M\",\n                {\n                  \"or\": [\n                    \"XKW3B\",\n                    \"JQS*7L\",\n                    \"GT975S\",\n                    \"HOU7*G\",\n                    \"LY790\"\n                  ]\n                }\n              ]\n            }\n          ]\n        },\n        {\n          \"pattern\": \"ZML760O\",\n          \"exclude\": \"YKP0x\"\n        }\n      ],\n      \"url\": \"http://pqwnv4uf15lp4qst0hbybxkv5g7jsnxlb7-5prfwny-f5hlykx8qgglh6hw158p.wk8y45.vd/g/\",\n      \"info\": \"%<kEf0%O\",\n      \"isSelectable\": true\n    }\n  },\n  {\n    \"title\": \"block sample 1\",\n    \"value\": {\n      \"name\": \"k{L9\",\n      \"ay\": 1965,\n      \"assign\": [],\n      \"match\": [],\n      \"satisfy\": [],\n      \"url\": \"http://o6jfyeie1fea88dn5eav6dwf.aozck/pB1HA6/o7Vog/'$rRRglQN@/fe:l@!:mh/!s)G=3&/0H//gn7vS/X_v\",\n      \"info\": \"$\\\"$+\"\n    }\n  },\n  {\n    \"title\": \"block sample 2\",\n    \"value\": {\n      \"name\": \",R=<BC]6\",\n      \"ay\": 1971,\n      \"assign\": \"O\",\n      \"match\": [\n        \"CTB8\",\n        \"SU41\",\n        \"GR0*96\",\n        \"SHV76\"\n      ],\n      \"satisfy\": {\n        \"and\": [\n          {\n            \"mc\": \"<=198\"\n          },\n          {\n            \"mc\": \"<=149\"\n          }\n        ]\n      },\n      \"url\": \"https://6.fcnhag1nddy7adm-v75ey1e7-3.ckhiwskuap/\",\n      \"info\": \"u\",\n      \"isSelectable\": true\n    }\n  },\n  {\n    \"title\": \"block sample 3\",\n    \"value\": {\n      \"ay\": 1971,\n      \"assign\": [\n        \"&UZ+\\\\h:t\",\n        \"\",\n        \"KcZ:NXr\",\n        \"4c-u\"\n      ],\n      \"match\": [\n        {\n          \"or\": [\n            {\n              \"or\": [\n                {\n                  \"and\": [\n                    \"WNE2W\",\n                    {\n                      \"and\": [\n                        \"AHA2050\",\n                        {\n                          \"and\": [\n                            \"XUJ97Z\",\n                            \"UB722X\",\n                            \"TNW535\",\n                            \"QW1\"\n                          ]\n                        },\n                        \"CY07P\",\n                        \"UOQ1N\",\n                        \"AZ324G\"\n                      ]\n                    },\n                    {\n                      \"or\": []\n                    },\n                    \"NW73X\"\n                  ]\n                },\n                {\n                  \"and\": [\n                    \"ZJ7011V\"\n                  ]\n                },\n                \"MO**8M\",\n                {\n                  \"pattern\": \"NI22X\",\n                  \"exclude\": \"KTA11xZ\",\n                  \"info\": \"yk|ir$rmm!\"\n                },\n                \"VC2xI\"\n              ]\n            },\n            \"TBA39M\",\n            {\n              \"or\": [\n                \"UTE3274L\"\n              ]\n            },\n            \"SU7G\"\n          ]\n        },\n        {\n          \"pattern\": \"ML*680\",\n          \"exclude\": [\n            \"QDZ8C\",\n            \"AQN*6\"\n          ],\n          \"info\": \"8k+t'7e2#\"\n        },\n        {\n          \"and\": [\n            {\n              \"pattern\": \"RT039\",\n              \"exclude\": \"QV*4*\"\n            },\n            {\n              \"and\": [\n                \"MLM5824Z\",\n                {\n                  \"and\": [\n                    \"QN51M\",\n                    {\n                      \"and\": []\n                    }\n                  ]\n                },\n                \"OL*542W\",\n                \"IEJ*63\",\n                \"TVL*K\"\n              ]\n            }\n          ]\n        },\n        {\n          \"and\": [\n            {\n              \"and\": [\n                {\n                  \"and\": [\n                    \"ZJY86*8T\",\n                    {\n                      \"and\": [\n                        \"AU*\",\n                        {\n                          \"and\": [\n                            \"PY4H\",\n                            \"SSS61\"\n                          ]\n                        }\n                      ]\n                    },\n                    \"TPS2098\"\n                  ]\n                }\n              ]\n            }\n          ]\n        },\n        \"XFA11Q\"\n      ],\n      \"satisfy\": [\n        {\n          \"mc\": \">=162\"\n        },\n        {\n          \"or\": [\n            {\n              \"or\": [\n                \"xO!]faY3|=\",\n                {\n                  \"mc\": \">=90\"\n                },\n                \"\"\n              ]\n            },\n            \"*Do`dD\"\n          ]\n        }\n      ],\n      \"url\": \"https://a.nu/2%32/Ibp!*b+c%2e/a\",\n      \"info\": \"OO\",\n      \"isSelectable\": true\n    }\n  },\n  {\n    \"title\": \"block sample 4\",\n    \"value\": {\n      \"ay\": 1956,\n      \"match\": [\n        {\n          \"pattern\": \"UD41G\",\n          \"exclude\": \"ATx5I\",\n          \"info\": \"@*V'2mX\"\n        }\n      ],\n      \"satisfy\": {\n        \"mc\": \">=1\"\n      },\n      \"url\": \"https://e3pasu9qc.v.u6aa578d287f1ffs66.e56mff1h4qffbq3oz1feehtky9r-gqyfkxhcijo.oket/:tRed%F1%A5%A6%86eJ/D/*/X$yc+2//me(POaTx\",\n      \"t;fsDbvW\": {\n        \"name\": \".N!du[g\",\n        \"ay\": 2027,\n        \"assign\": [\n          \"%IDQ%qr\",\n          \" /\\\\FLe:Y\",\n          \"B?O6:rRf\\\\Q\",\n          \"V*<c\",\n          \"HDRW\"\n        ],\n        \"match\": {\n          \"and\": [\n            \"CK9E\",\n            {\n              \"or\": []\n            },\n            \"RD35xB\",\n            \"ZU2K\",\n            {\n              \"and\": []\n            }\n          ]\n        },\n        \"info\": \"8E'1oLv\",\n        \"isSelectable\": true\n      }\n    }\n  },\n  {\n    \"title\": \"block sample 5\",\n    \"value\": {\n      \"name\": \"\",\n      \"assign\": \"z \",\n      \"match\": {\n        \"pattern\": \"RUA6\",\n        \"exclude\": [\n          \"SV6498X\",\n          \"TH301\"\n        ],\n        \"info\": \"\\\"\"\n      },\n      \"isSelectable\": true,\n      \"={By_^n\": {\n        \"name\": \"0cHPe|_l^M\",\n        \"ay\": 1965,\n        \"assign\": [],\n        \"match\": [\n          {\n            \"and\": [\n              {\n                \"pattern\": \"IUA78xG\",\n                \"info\": \"W5iz\"\n              },\n              {\n                \"and\": [\n                  {\n                    \"or\": [\n                      \"TRC773\",\n                      \"MRE87\"\n                    ]\n                  },\n                  {\n                    \"and\": [\n                      {\n                        \"or\": [\n                          {\n                            \"and\": []\n                          },\n                          {\n                            \"pattern\": \"UY0B\",\n                            \"exclude\": [\n                              \"BRX2\",\n                              \"ZNx3W\"\n                            ],\n                            \"info\": \"\\\"Idl\"\n                          },\n                          \"MIF*1O\",\n                          {\n                            \"or\": [\n                              \"AP96H\"\n                            ]\n                          },\n                          \"OM2948S\"\n                        ]\n                      },\n                      {\n                        \"or\": [\n                          \"TO57D\",\n                          \"PRx32L\",\n                          \"KX8\"\n                        ]\n                      }\n                    ]\n                  },\n                  \"BCZ3\",\n                  \"SDC0O\"\n                ]\n              }\n            ]\n          },\n          {\n            \"and\": []\n          },\n          {\n            \"pattern\": \"YVG32B\",\n            \"exclude\": [\n              \"SYK4312E\",\n              \"KNC228T\",\n              \"XH4082M\",\n              \"BIG95*\",\n              \"RYP1049X\"\n            ]\n          },\n          \"DD2x4\",\n          {\n            \"or\": [\n              {\n                \"and\": [\n                  \"NM617F\"\n                ]\n              },\n              {\n                \"pattern\": \"VY**83\",\n                \"info\": \"\"\n              },\n              {\n                \"pattern\": \"BXA4*4\",\n                \"exclude\": [\n                  \"DU8\"\n                ],\n                \"info\": \"N[w \"\n              },\n              {\n                \"pattern\": \"WI87\",\n                \"exclude\": \"QT23T\",\n                \"info\": \";F3\"\n              },\n              {\n                \"and\": []\n              }\n            ]\n          }\n        ],\n        \"satisfy\": [\n          {\n            \"and\": [\n              {\n                \"mc\": \">=31\"\n              },\n              \"ge!$\",\n              {\n                \"mc\": \"<=68\"\n              }\n            ]\n          },\n          {\n            \"and\": [\n              {\n                \"or\": [\n                  \"k3\",\n                  \"O\"\n                ]\n              },\n              {\n                \"and\": [\n                  \"U\",\n                  \"B0#|C\",\n                  \"X/)\"\n                ]\n              },\n              {\n                \"or\": [\n                  \"S#yR\"\n                ]\n              }\n            ]\n          }\n        ],\n        \"url\": \"http://7fqiisbmnb9f9xcu5ye8r4h.hp59--ani37xzuz77vuu8k7rfmq.6pd2.a3e84-yic0vtc35tn8h91ez86m.rwjacdk/aIwDW%F0%B9%80%9A//qWx'oW%F1%AA%9E%9Ao'%F3%9A%8C%89/4ec//!.9_llO4xe/_,/.fXI,D_I\",\n        \"info\": \"Zl'%^ \",\n        \"isSelectable\": true\n      },\n      \"Q4CHi\": {\n        \"name\": \"qoU\\\"Y\",\n        \"ay\": 1996,\n        \"assign\": \"(no!j#GY`\",\n        \"match\": [\n          {\n            \"pattern\": \"WEN09S\",\n            \"exclude\": \"DW139F\",\n            \"info\": \"\\\\V\"\n          },\n          {\n            \"or\": []\n          },\n          {\n            \"and\": [\n              {\n                \"and\": [\n                  {\n                    \"and\": [\n                      \"WDB6*\",\n                      \"KVX536\",\n                      \"MF62*L\"\n                    ]\n                  },\n                  \"WO21G\",\n                  {\n                    \"and\": [\n                      \"QY0519Q\"\n                    ]\n                  },\n                  \"XG10\"\n                ]\n              },\n              \"EW2248J\"\n            ]\n          },\n          {\n            \"and\": [\n              {\n                \"and\": [\n                  {\n                    \"and\": [\n                      {\n                        \"or\": [\n                          {\n                            \"or\": []\n                          },\n                          {\n                            \"or\": [\n                              {\n                                \"or\": []\n                              },\n                              \"OVR1522K\",\n                              \"OYx26O\",\n                              \"VBZ9x94\",\n                              \"ORG84*\"\n                            ]\n                          },\n                          \"WTN*\",\n                          \"XV98O\",\n                          \"YGF4479\"\n                        ]\n                      },\n                      {\n                        \"and\": []\n                      },\n                      \"YK4Z\"\n                    ]\n                  },\n                  {\n                    \"and\": []\n                  },\n                  {\n                    \"and\": []\n                  },\n                  {\n                    \"or\": [\n                      \"AY3N\",\n                      \"DS831Y\"\n                    ]\n                  },\n                  \"ZK*3*9K\"\n                ]\n              },\n              {\n                \"or\": [\n                  {\n                    \"pattern\": \"XU972H\",\n                    \"exclude\": [\n                      \"AU*3K\",\n                      \"KIP31\",\n                      \"TQL1E\"\n                    ],\n                    \"info\": \"& q1w/n#l\"\n                  }\n                ]\n              },\n              \"QG139C\"\n            ]\n          },\n          {\n            \"pattern\": \"OHx502\",\n            \"exclude\": [\n              \"CIS6K\",\n              \"BUP96W\",\n              \"AUS8\",\n              \"FZ42x1Z\"\n            ],\n            \"info\": \"u:7~n@Nl2\"\n          }\n        ],\n        \"satisfy\": {\n          \"or\": [\n            {\n              \"or\": [\n                \"A#5nq/\",\n                \"LTxO\"\n              ]\n            },\n            \"m rDqxq|rq\",\n            {\n              \"and\": [\n                \"7>\"\n              ]\n            },\n            \"+u\"\n          ]\n        },\n        \"isSelectable\": true,\n        \"i\": {\n          \"name\": \"2`qU'[KwW\",\n          \"ay\": 1956,\n          \"assign\": [\n            \"wDXI%=K\",\n            \"F;\\\"_A\",\n            \"u?#8\",\n            \"k8|!Ikd\"\n          ],\n          \"match\": [\n            \"VLV413x\",\n            {\n              \"pattern\": \"VCF58*O\",\n              \"exclude\": \"AZE67x\",\n              \"info\": \"6e^QACu8F\"\n            },\n            \"JRUx259\"\n          ],\n          \"url\": \"https://bdm60rkfd6k18cwae25-vrm.5.boid/*6g'WTjaK%F3%9C%A3%B5/fcOwL%F1%8D%A4%AEXgwM\",\n          \"isSelectable\": true\n        },\n        \"a1@,COY\": {\n          \"name\": \"$\",\n          \"assign\": [\n            \"\"\n          ],\n          \"match\": {\n            \"pattern\": \"OAT123\",\n            \"exclude\": \"IR56Q\",\n            \"info\": \"?,v(G\"\n          },\n          \"satisfy\": {\n            \"and\": [\n              \"21W\",\n              \"NQ[RT6.;\",\n              {\n                \"or\": [\n                  {\n                    \"or\": [\n                      \" h$\\\"MUgQx\",\n                      \"79*fsa,zxP\",\n                      \"\\\\4\",\n                      \"\\\"xt/1&y%l\",\n                      {\n                        \"and\": [\n                          \"^;\",\n                          \"RqKPd#k\",\n                          \"0B[rCGe\\\\QN\",\n                          {\n                            \"or\": [\n                              \"p^e,hwCZm\"\n                            ]\n                          },\n                          \"\"\n                        ]\n                      }\n                    ]\n                  },\n                  \"`VBm6Dy\",\n                  {\n                    \"and\": [\n                      {\n                        \"and\": [\n                          \"U\",\n                          \"0g\",\n                          \"\"\n                        ]\n                      },\n                      {\n                        \"mc\": \">=177\"\n                      },\n                      {\n                        \"mc\": \"<=86\"\n                      },\n                      {\n                        \"mc\": \">=101\"\n                      }\n                    ]\n                  },\n                  \"\"\n                ]\n              }\n            ]\n          },\n          \"url\": \"https://pcy64r42n9ibc979qix7eee09tdfdxzuao988xvif35dooz3-uum8d7bid.uzge/xG'+L/:%F3%A8%91%BA/+(u,%F0%AF%8F%93/Fr-f*J8/b8%F3%BE%8A%80E\",\n          \"info\": \"+T\",\n          \"isSelectable\": true\n        },\n        \"S.\": {\n          \"name\": \"yG'\",\n          \"ay\": 1955,\n          \"assign\": \"P|_7OmmPzb\",\n          \"satisfy\": [\n            {\n              \"mc\": \">=15\"\n            },\n            {\n              \"mc\": \">=143\"\n            },\n            {\n              \"and\": []\n            },\n            {\n              \"or\": [\n                {\n                  \"or\": [\n                    {\n                      \"mc\": \"<=133\"\n                    },\n                    {\n                      \"and\": []\n                    },\n                    \"z\",\n                    \"T/:u\",\n                    {\n                      \"and\": []\n                    }\n                  ]\n                },\n                {\n                  \"mc\": \"<=160\"\n                },\n                {\n                  \"or\": [\n                    {\n                      \"or\": [\n                        {\n                          \"mc\": \">=25\"\n                        },\n                        \"fzb\"\n                      ]\n                    }\n                  ]\n                }\n              ]\n            },\n            \"(,\"\n          ],\n          \"url\": \"https://jf6-ur0vcr2sj82bj18ts6277h59nhwf7m31rpyf4lizgbsb0dsmun5am5m2u.tiej//jFggs'(%F3%AA%A7%88J/375G/Pw==0/1/xW;/5WbOyw:%F2%92%B7%8A3/b,oeVNe6%F0%98%A2%B1E\",\n          \"isSelectable\": true\n        },\n        \"1QQ\": {\n          \"ay\": 2017,\n          \"assign\": \"//?.\",\n          \"match\": \"DJD08\",\n          \"satisfy\": \"5vx\",\n          \"url\": \"https://7sw16pc0rcz51l6tsz785yfkl2jujb20-rt6xk42itac-0ntvc67nf3c3.b2gt4bzu-chu5a4.i0bvrjwf8qlv3pgh20rqe3o0te9-nr79uviqd1suety606j9ppo-sq631erl8.8.yf/fFdat1(/7Y/z_IiR3//s8=-/%F1%9F%A9%A3%F2%83%A3%900%F1%AB%87%AAn/Q%F3%B8%9A%80NB0(E%F3%92%A8%B3c/%E2%8C%8Fr8vv%F0%97%9A%99/_bP*n&%F1%9D%88%93gw7/TWQ(xJ!&I\",\n          \"info\": \"\"\n        }\n      },\n      \"HS\": {\n        \"name\": \"1Q.%m,\\\\~hc\",\n        \"ay\": 2012,\n        \"assign\": [\n          \"\",\n          \"[X@bf8\"\n        ],\n        \"match\": {\n          \"and\": [\n            {\n              \"pattern\": \"VAF35X\",\n              \"exclude\": [\n                \"CU655\"\n              ],\n              \"info\": \"-JfrVp;3%H\"\n            },\n            {\n              \"and\": [\n                \"SML91\",\n                \"FH5**xK\",\n                {\n                  \"and\": [\n                    \"KH0868\",\n                    {\n                      \"and\": []\n                    }\n                  ]\n                },\n                {\n                  \"or\": [\n                    {\n                      \"and\": [\n                        \"ZS32W\",\n                        {\n                          \"and\": []\n                        },\n                        \"ZV576\",\n                        {\n                          \"pattern\": \"PMDx153\",\n                          \"exclude\": [\n                            \"PGR14Y\",\n                            \"QEU651\",\n                            \"ZAA523U\"\n                          ]\n                        },\n                        \"RSA9526N\"\n                      ]\n                    },\n                    \"CA9C\",\n                    \"OIS9\",\n                    \"EX*02*\",\n                    \"NT5\"\n                  ]\n                },\n                \"DPE7464Q\"\n              ]\n            }\n          ]\n        },\n        \"satisfy\": {\n          \"mc\": \"<=64\"\n        },\n        \"url\": \"http://h91yieumh8gcw9qtw0m4-l.hvfrm/B$%F3%93%A7%92%F0%97%A9%81:*/fI9&=%F1%A3%BC%B52q%F1%8D%8A%BEY/etj7%F3%B9%A6%A6/iWL((O0c/_%E2%9D%B0qsn8-E$./BQbYAtKO%F3%A3%97%B4/3*ny@BOe%F2%88%BF%99U/vOh*(yB;o/%F0%93%93%9ByQ%F3%A2%9D%95\",\n        \"info\": \"!r..:Kk\",\n        \"isSelectable\": true,\n        \"#<f^\": {\n          \"name\": \"T\\\\OnnHz&0\",\n          \"assign\": \"))\",\n          \"match\": [\n            {\n              \"pattern\": \"NZ1444\",\n              \"exclude\": \"GBE67\"\n            }\n          ],\n          \"satisfy\": [],\n          \"url\": \"https://s9bdyv2e3fu1beqnh7p1a7tnyru7oonrjuchx2h.evpdpqp7v23zr0-j9ngzpjktv5k0w0es.wkinlbmjtt6dv-b25p.n.ltbet2e-4m8u8viv.hyatwmfdep/SV%F1%8D%9C%9E)k/j/;F//5P%F0%B1%A5%9D*Kb)X@/bdrr78%E3%9B%ABSI/r%F1%B0%9B%AA%F3%B1%96%9F&f%F3%9E%97%B21_B\",\n          \"isSelectable\": true\n        },\n        \":]I8)N\": {\n          \"name\": \"wpw@=ep\",\n          \"ay\": 1985,\n          \"assign\": \";5)iq8C9n\",\n          \"match\": {\n            \"pattern\": \"IP6\",\n            \"exclude\": \"EDTx\",\n            \"info\": \"(mo\"\n          },\n          \"satisfy\": [\n            {\n              \"mc\": \">=184\"\n            }\n          ],\n          \"url\": \"http://mqb0wkom-8g073r9ycu-jrlwk8ywa-znrrhhz1a0f6nxvtqu3wyf8.5.cnqtys269bznz2pvu5na1a6fyfvjptli47mkn6m5w4ag0yivfb2ax6wrhvzhalz.sawpk/N%F0%B8%8E%81Y!WRl*/_@C%F1%95%B2%A3aF\",\n          \"info\": \"YU\",\n          \"isSelectable\": true,\n          \":Elx_#\": {\n            \"name\": \"z/<m^n\",\n            \"ay\": 1972,\n            \"assign\": \"$!>,rsrU\",\n            \"match\": {\n              \"and\": [\n                {\n                  \"pattern\": \"SA*\",\n                  \"exclude\": \"SHG9\",\n                  \"info\": \"THT}g\"\n                },\n                \"ZM234V\",\n                {\n                  \"and\": [\n                    {\n                      \"and\": [\n                        \"VPT28L\",\n                        {\n                          \"or\": []\n                        },\n                        \"LDE1W\",\n                        {\n                          \"and\": [\n                            {\n                              \"or\": []\n                            },\n                            \"PMU78**\"\n                          ]\n                        }\n                      ]\n                    },\n                    \"EDY84\",\n                    \"PNY08L\",\n                    {\n                      \"or\": [\n                        \"YK473X\",\n                        \"MY680Z\"\n                      ]\n                    }\n                  ]\n                }\n              ]\n            },\n            \"satisfy\": [\n              {\n                \"and\": [\n                  {\n                    \"mc\": \">=147\"\n                  },\n                  {\n                    \"and\": []\n                  },\n                  \"=P]!J\"\n                ]\n              },\n              {\n                \"and\": [\n                  {\n                    \"mc\": \"<=8\"\n                  },\n                  {\n                    \"mc\": \">=176\"\n                  },\n                  {\n                    \"mc\": \"<=74\"\n                  },\n                  {\n                    \"or\": [\n                      {\n                        \"or\": [\n                          \"e\",\n                          \"\",\n                          {\n                            \"or\": []\n                          },\n                          \"BIpd\",\n                          \"P\"\n                        ]\n                      },\n                      {\n                        \"mc\": \"<=163\"\n                      },\n                      \"2bg\",\n                      \"#-)`6\",\n                      {\n                        \"mc\": \">=104\"\n                      }\n                    ]\n                  },\n                  {\n                    \"and\": [\n                      \"?v`\",\n                      {\n                        \"and\": []\n                      },\n                      \"jP*\",\n                      \" /l ]Sj8q\",\n                      \"\"\n                    ]\n                  }\n                ]\n              },\n              {\n                \"or\": [\n                  {\n                    \"or\": [\n                      {\n                        \"and\": [\n                          \"YB\",\n                          \"c(r~_\"\n                        ]\n                      },\n                      \"I=}-4pJ>(\",\n                      {\n                        \"mc\": \">=183\"\n                      }\n                    ]\n                  },\n                  {\n                    \"mc\": \">=58\"\n                  },\n                  {\n                    \"mc\": \"<=74\"\n                  },\n                  {\n                    \"mc\": \">=40\"\n                  },\n                  \"XV @}H \"\n                ]\n              },\n              {\n                \"and\": [\n                  \"p|@lq\"\n                ]\n              },\n              {\n                \"and\": [\n                  {\n                    \"mc\": \"<=5\"\n                  },\n                  {\n                    \"mc\": \"<=193\"\n                  },\n                  \"5kD\",\n                  \"K_-S[ZLR\",\n                  {\n                    \"mc\": \"<=167\"\n                  }\n                ]\n              }\n            ],\n            \"url\": \"http://h97vnzei9cgtgpm18io0rr3ly8wbzokxpn1.ltngn13-squchwk28.d6eco527tludokmyfn7d7km31maj1eaa-68ih6cjavjvfrgeh91b99c16l8gqhv.l7-3g9vq5qvdoope7x0l2hc0.z.aesfeculai/M/@,rQ_/n;+8/~+L\",\n            \"info\": \"H5{8+=\",\n            \"isSelectable\": true\n          },\n          \"2sIQUP\": {\n            \"name\": \"X-\",\n            \"ay\": 2010,\n            \"assign\": \"^~,I&v &X%\",\n            \"match\": {\n              \"and\": []\n            },\n            \"satisfy\": [],\n            \"info\": \"0#*M[\"\n          },\n          \"JGE)o?qe&&\": {\n            \"name\": \"<uXz\",\n            \"ay\": 2002,\n            \"assign\": \"WBejaz>P\",\n            \"match\": {\n              \"pattern\": \"VNX223*\",\n              \"exclude\": [\n                \"YPI9T\"\n              ],\n              \"info\": \">\"\n            },\n            \"url\": \"http://13dim.k.yi-emssfbakfnwp.b21g759qxxug30br-jtq.4cr-nls9ngk4cn4q1q3qb18164zxzpxkfqqrvk73n424x12ofb-o5a6re9yj9.fkpb/0w%F3%AB%BF%BBkhXm/0$*\",\n            \"info\": \"mk2J\",\n            \"isSelectable\": true,\n            \"gU^$sZ\": {\n              \"name\": \"D\",\n              \"ay\": 1985,\n              \"match\": \"OH7N\",\n              \"satisfy\": [\n                \"i\",\n                {\n                  \"or\": [\n                    {\n                      \"mc\": \"<=91\"\n                    },\n                    {\n                      \"and\": []\n                    },\n                    \"6D\",\n                    {\n                      \"mc\": \"<=24\"\n                    }\n                  ]\n                },\n                {\n                  \"and\": [\n                    {\n                      \"mc\": \">=136\"\n                    },\n                    {\n                      \"mc\": \">=85\"\n                    }\n                  ]\n                },\n                {\n                  \"mc\": \">=43\"\n                }\n              ],\n              \"url\": \"https://sph3hyvh-v9c981e31x-10t-s3mnxt8as3sup3jnz7hvxr1u6cn7.jslagv//f/Vv*hS/;HtkR\",\n              \"info\": \"y=\",\n              \"isSelectable\": true\n            },\n            \"5Q>S(l\": {\n              \"name\": \"i(6P,Wlw\",\n              \"ay\": 1981,\n              \"assign\": [\n                \")\"\n              ],\n              \"satisfy\": [\n                \"k//a%Y\",\n                \"nRIo2\",\n                {\n                  \"and\": [\n                    {\n                      \"or\": [\n                        \"5~Buj:qb??\",\n                        {\n                          \"or\": [\n                            \"lk3,Cn;k!A\",\n                            \"r4O|k\",\n                            \"JX\",\n                            \"\"\n                          ]\n                        }\n                      ]\n                    }\n                  ]\n                },\n                {\n                  \"or\": []\n                }\n              ],\n              \"url\": \"https://sam34wqlmnuxdmxjmm4hhywejky60ecomlspo2mmeqronmggadm.7sffvlu5r1mmmip0qtxn0mq3nemzcyt8e15073igp0ktds22r1wu7.w.53hlv5.fo54r-tf8kd1owl4kfj-d-siqmcty5zkpgk.rcdm\",\n              \"info\": \"WN!bx3 [yR\",\n              \"isSelectable\": true\n            },\n            \"wc*3\": {\n              \"name\": \"B\",\n              \"ay\": 1960,\n              \"assign\": [\n                \"L0y+HOh$u\",\n                \"m[f5c\",\n                \"hM\",\n                \"oQ_kK@$u%L\",\n                \"w)SLRzv\"\n              ],\n              \"match\": {\n                \"and\": []\n              },\n              \"satisfy\": {\n                \"or\": []\n              },\n              \"url\": \"https://4v9gufu4oiy43w70de9qtlmjyxcokf-gxm30x.lrxh//4J%F3%89%BA%96!=/8tUjS/a/o%F1%9C%AC%BEHR6Qwe)W/iy.PG)B/F0%F1%B1%89%9DLt%F1%AB%8C%90%F0%A4%BE%877)//5&M:NoO\",\n              \"info\": \"i|K\",\n              \"isSelectable\": true\n            },\n            \"<c6.%&%}c{\": {\n              \"name\": \"JJraO\",\n              \"ay\": 1978,\n              \"match\": {\n                \"and\": [\n                  {\n                    \"pattern\": \"PP53B\",\n                    \"exclude\": \"CFV08W\",\n                    \"info\": \"v=6beN\"\n                  }\n                ]\n              },\n              \"satisfy\": [],\n              \"url\": \"https://7wa5da9i8p5sswge3weg9axj47zou-hhvs.z-ngrez44j9ligc2-jov1m-mdc0drepnaeudu7jevop7v1xbqa.wk\",\n              \"info\": \"DRYtt\"\n            }\n          },\n          \"AJ\": {\n            \"name\": \"1#]\",\n            \"ay\": 2030,\n            \"assign\": \"ir#rAC\",\n            \"match\": [\n              \"QPR1A\",\n              {\n                \"and\": []\n              },\n              {\n                \"and\": []\n              }\n            ],\n            \"satisfy\": {\n              \"and\": [\n                {\n                  \"mc\": \"<=151\"\n                },\n                \"ATivV\"\n              ]\n            },\n            \"url\": \"http://39f4568k1m-9l7gz3q093450c2pi-xnes3dsdbwt13q6eu9grcwq.oeslj/&z=NM/rJ-b%F2%BD%A0%8Fubu/1/Z;Y%F3%A0%AF%87(/+:Y6/ddXxMr-%F2%90%9A%B7e\",\n            \"info\": \"U(A\"\n          },\n          \"p9g=R#\": {\n            \"name\": \"jK;txa\",\n            \"ay\": 2004,\n            \"satisfy\": {\n              \"and\": [\n                {\n                  \"mc\": \"<=105\"\n                },\n                \"ZxZ2M\",\n                {\n                  \"or\": [\n                    {\n                      \"and\": [\n                        \"T\",\n                        {\n                          \"or\": [\n                            \"\",\n                            \">o>1u6L2\",\n                            \"h+`+(\"\n                          ]\n                        },\n                        \"u_3\",\n                        \"E=\",\n                        \"1u7] \"\n                      ]\n                    },\n                    {\n                      \"and\": [\n                        {\n                          \"or\": [\n                            \":5t*j\\\\\",\n                            \"\",\n                            \"qq&r\"\n                          ]\n                        },\n                        {\n                          \"and\": [\n                            \"|XH\\\\zZ.\",\n                            \"g=UqB,d{w\",\n                            \"r 3mG3MRn?\",\n                            \"\\\\-t+K\",\n                            \"2yr89\"\n                          ]\n                        },\n                        \"\",\n                        {\n                          \"and\": []\n                        }\n                      ]\n                    }\n                  ]\n                },\n                {\n                  \"or\": [\n                    \",9(l{(\",\n                    \"AG=a\",\n                    {\n                      \"and\": [\n                        \"xr5>\",\n                        \"}g8>_ioNU[\"\n                      ]\n                    },\n                    {\n                      \"mc\": \"<=164\"\n                    }\n                  ]\n                },\n                {\n                  \"mc\": \"<=128\"\n                }\n              ]\n            },\n            \"info\": \"Lka5u,D\"\n          }\n        }\n      },\n      \"\": {\n        \"ay\": 2016,\n        \"assign\": [\n          \"_+\\\"jX80(s`\",\n          \"r\"\n        ],\n        \"match\": [\n          {\n            \"pattern\": \"MMN900Z\",\n            \"info\": \"O7]2Nz@<k\"\n          },\n          {\n            \"pattern\": \"VJX1\",\n            \"exclude\": [],\n            \"info\": \"U)y{OZ#!s%\"\n          }\n        ],\n        \"satisfy\": [\n          {\n            \"and\": [\n              {\n                \"mc\": \">=57\"\n              },\n              \"N{JB\",\n              {\n                \"mc\": \"<=70\"\n              },\n              {\n                \"or\": [\n                  {\n                    \"mc\": \">=106\"\n                  },\n                  {\n                    \"or\": [\n                      {\n                        \"or\": [\n                          \"S \",\n                          \"|\",\n                          \"a\\\\\"\n                        ]\n                      },\n                      \"U:rOUKUM<\",\n                      {\n                        \"or\": []\n                      }\n                    ]\n                  },\n                  {\n                    \"or\": [\n                      \"6e\",\n                      \"O\"\n                    ]\n                  },\n                  {\n                    \"and\": [\n                      \"ybBSstb\",\n                      \"\"\n                    ]\n                  },\n                  \"Ve*b,h\"\n                ]\n              }\n            ]\n          },\n          {\n            \"mc\": \"<=177\"\n          },\n          {\n            \"mc\": \">=133\"\n          },\n          {\n            \"and\": [\n              {\n                \"and\": [\n                  {\n                    \"or\": []\n                  },\n                  {\n                    \"and\": []\n                  }\n                ]\n              },\n              {\n                \"or\": [\n                  \"Wm:be-\",\n                  {\n                    \"mc\": \"<=141\"\n                  }\n                ]\n              },\n              {\n                \"or\": [\n                  \"B0?G\",\n                  {\n                    \"mc\": \"<=51\"\n                  },\n                  {\n                    \"mc\": \"<=129\"\n                  },\n                  \"-s^8Q|A\"\n                ]\n              }\n            ]\n          }\n        ],\n        \"url\": \"https://m7afm0.d5euimdr4xk6r982lrw-z6eidv.1.msqo/t=%F1%BE%91%97k/fpG-B/hZ%F1%90%B9%B8A%F1%A5%8C%AD.2Q//XK%F2%B8%B6%96J+$%F3%B3%87%883+/6C%F2%AE%96%97%F3%BB%8B%B0q/o%F3%99%95%B4%F2%AC%A6%92XP/dO-/EAhlC\",\n        \"info\": \"yKwZNprwu1\",\n        \"isSelectable\": true\n      }\n    }\n  },\n  {\n    \"title\": \"block sample 6\",\n    \"value\": {\n      \"name\": \"Zp\",\n      \"ay\": 2011,\n      \"assign\": [\n        \"[\",\n        \"#m4Xe7a%x\",\n        \"?5G-o\",\n        \"mwt:(Ajhj\",\n        \"5JZrt\"\n      ],\n      \"match\": {\n        \"and\": [\n          {\n            \"pattern\": \"IT41L\",\n            \"exclude\": \"KN62\",\n            \"info\": \"?\"\n          },\n          \"LMx823W\",\n          \"RM4T\"\n        ]\n      },\n      \"satisfy\": [\n        \"4>)JX;'X\",\n        \"V8=<.tcT;!\",\n        {\n          \"or\": [\n            \"h[a`(*o\",\n            {\n              \"and\": [\n                {\n                  \"or\": [\n                    \"t\",\n                    {\n                      \"mc\": \">=13\"\n                    },\n                    {\n                      \"and\": [\n                        \"24L3w3B\",\n                        \"KK!,7\",\n                        \"$v>lhh\",\n                        \"|h$ZGbdf\",\n                        \".\"\n                      ]\n                    },\n                    \":eb0ym|-;f\"\n                  ]\n                },\n                \"?qEK0\",\n                \"`R\"\n              ]\n            },\n            {\n              \"or\": [\n                \"pX!'+FV,cW\",\n                \"vS\\\\\\\\\\\\~vr\",\n                {\n                  \"and\": [\n                    {\n                      \"mc\": \"<=64\"\n                    },\n                    \"jP}\"\n                  ]\n                }\n              ]\n            },\n            {\n              \"or\": [\n                \"3\",\n                \"FHSdh&y@b\"\n              ]\n            }\n          ]\n        },\n        {\n          \"and\": [\n            {\n              \"and\": [\n                {\n                  \"mc\": \">=54\"\n                },\n                {\n                  \"and\": [\n                    {\n                      \"and\": [\n                        \"\",\n                        \"hX<tgT6nU\"\n                      ]\n                    },\n                    \"-/Xwz\",\n                    \"\\\\\",\n                    \"W_>\",\n                    \"#2#slP$nL\"\n                  ]\n                },\n                {\n                  \"mc\": \"<=88\"\n                },\n                \"E\",\n                \"\\\"\"\n              ]\n            },\n            \"gs}jIM0@c\",\n            \"Wp.==;`R!\",\n            {\n              \"mc\": \">=2\"\n            },\n            {\n              \"and\": [\n                {\n                  \"and\": [\n                    {\n                      \"and\": [\n                        {\n                          \"and\": [\n                            {\n                              \"or\": []\n                            },\n                            \"ZoyuO\"\n                          ]\n                        },\n                        \"\",\n                        \"TB\",\n                        \"B650XMal\",\n                        \"xe#\"\n                      ]\n                    },\n                    \"\",\n                    \"yzj$zIzR8\"\n                  ]\n                }\n              ]\n            }\n          ]\n        }\n      ],\n      \"url\": \"http://i9ompyrz8wejh2xds4y0mt8fy9.zmh1.sb3kg.n0dw7nvma2j51wm35iy5d69u9rcr32k05flm0r44ozmp.bdhjk/Vl0b6C/s(%F4%8D%BD%B72hD+/Q5/:9NSs/Szz%F0%B8%AD%90Gm)m/wg'W%F3%B1%AB%90c%F2%A5%91%87\",\n      \"info\": \"Y\\\"3Q\",\n      \"isSelectable\": true\n    }\n  },\n  {\n    \"title\": \"block sample 7\",\n    \"value\": {\n      \"ay\": 2003,\n      \"match\": \"HTx599\",\n      \"satisfy\": [],\n      \"url\": \"http://4nymumub3l60lgpp6rubl22vwhwisb5uxoea2z2xrdt79ntjwazo5acagivr.vwm.o.0.nvofb/o3eaTO/;u,d%22nu%F3%B5%92%BC%25/H%F1%A5%8A%8A.f/eOs%F1%97%A9%B8z/m,//3lAuaN%E8%95%8Ct$/\",\n      \"info\": \"1&Sb&>c\",\n      \"isSelectable\": true,\n      \"$\": {\n        \"name\": \"2(2YOe#kn\",\n        \"assign\": [\n          \":\"\n        ],\n        \"satisfy\": [\n          {\n            \"and\": [\n              {\n                \"mc\": \"<=80\"\n              },\n              {\n                \"or\": [\n                  {\n                    \"and\": [\n                      \"0U\\\\#UW<\",\n                      \"mt]`\",\n                      \"E;\\\\\",\n                      \"jV=&OXk\",\n                      \"m#H\"\n                    ]\n                  }\n                ]\n              }\n            ]\n          },\n          {\n            \"mc\": \"<=107\"\n          }\n        ],\n        \"isSelectable\": true\n      },\n      \"\": {\n        \"name\": \"fC8A\\\\\",\n        \"assign\": \"o\\\"B\",\n        \"match\": {\n          \"pattern\": \"SA**\",\n          \"exclude\": \"YN41\"\n        },\n        \"satisfy\": {\n          \"mc\": \">=3\"\n        },\n        \"url\": \"http://blmfl15jcry2x1319po4j9z79-234xdsy4c8p2de7knp7on2q7qy.96au6gwayj6miy9ajpoxifrmig6cugjgmx9kthgk0p.8b6.5a.kybnmzkh/k/GuU9q/dv$g.qXf/mq/O%F3%9B%81%A7aW.E%F4%87%A5%B7!%F1%B8%A6%AE*/:rxO3/MgtVy1'R4t/f/%F3%BE%A2%8B4ln%F3%A9%86%9AjQ/%F0%BD%90%9EBO\",\n        \"info\": \"{!$r%2zzLs\",\n        \"isSelectable\": true\n      }\n    }\n  },\n  {\n    \"title\": \"block sample 8\",\n    \"value\": {\n      \"name\": \"&/`\",\n      \"satisfy\": [\n        \"$S$By<FGa\"\n      ],\n      \"url\": \"http://cs8-z8sv1pzxc.j.szkrqzwoa/*V@*C'/iRNdY9Y~+q/HT2/%F3%8B%8C%BCi8,F.Aj%F3%93%9B%93/b)Lr/@v/@TC.Y/\",\n      \"info\": \"M~{K;4\",\n      \"isSelectable\": true\n    }\n  },\n  {\n    \"title\": \"block sample 9\",\n    \"value\": {\n      \"name\": \"uzmvT\",\n      \"ay\": 1966,\n      \"assign\": [\n        \"7Y:Kp\",\n        \"'/5bm~ S\",\n        \"@E!\",\n        \"oE9\"\n      ],\n      \"match\": {\n        \"pattern\": \"MR022P\",\n        \"exclude\": \"PP7x\",\n        \"info\": \"88\"\n      },\n      \"satisfy\": [\n        {\n          \"mc\": \"<=200\"\n        },\n        {\n          \"and\": [\n            {\n              \"mc\": \"<=42\"\n            },\n            \"e-|7/ 7rI\",\n            \"xDU%wW\",\n            {\n              \"and\": [\n                \"%K\"\n              ]\n            },\n            {\n              \"or\": [\n                {\n                  \"or\": []\n                },\n                \"D\\\"SQs |b\",\n                \"z.}va\\\\)9dQ\",\n                {\n                  \"mc\": \">=10\"\n                },\n                {\n                  \"or\": [\n                    \"##u\",\n                    \"p*@qG%TSg\",\n                    {\n                      \"or\": []\n                    },\n                    \"h\",\n                    \"/\"\n                  ]\n                }\n              ]\n            }\n          ]\n        },\n        {\n          \"mc\": \">=113\"\n        }\n      ],\n      \"info\": \"Cy1=.U$\",\n      \"isSelectable\": true\n    }\n  }\n]",
              "code": "fast_check_1.sample(index_test_2.block, 10).forEach((sample, i) => addContext_1.default(this, {\n    title: `block sample ${i}`,\n    value: sample,\n}));\nreturn fast_check_1.assert(fast_check_1.property(index_test_2.block, ajvValidate));",
              "err": {},
              "uuid": "5b8d03d1-953e-4651-951b-15fdd8fd3849",
              "parentUUID": "34846c84-7e1c-48b0-8b08-cfc84122208f",
              "isHook": false,
              "skipped": false
            },
            {
              "title": "should not validate non-object",
              "fullTitle": "blockSchema should not validate non-object",
              "timedOut": false,
              "duration": 1,
              "state": "passed",
              "speed": "fast",
              "pass": true,
              "fail": false,
              "pending": false,
              "context": null,
              "code": "const error = {\n    instancePath: \"\",\n    message: \"block should be an object\",\n};\nisInvalidBlock(null, error);\nisInvalidBlock(undefined, error);\nisInvalidBlock(10, error);\nisInvalidBlock([12, 24], error);\nisInvalidBlock(\"abc\", error);",
              "err": {},
              "uuid": "4ce64e52-f9d5-4ceb-9adf-6ffe40d80def",
              "parentUUID": "34846c84-7e1c-48b0-8b08-cfc84122208f",
              "isHook": false,
              "skipped": false
            },
            {
              "title": "should not validate block with invalid properties",
              "fullTitle": "blockSchema should not validate block with invalid properties",
              "timedOut": false,
              "duration": 1,
              "state": "passed",
              "speed": "fast",
              "pass": true,
              "fail": false,
              "pending": false,
              "context": null,
              "code": "isInvalidBlock({\n        name: { foo: \"bar\" },\n        ay: -1000,\n        assign: {},\n        match: 1,\n        satisfy: 2,\n        url: { abc: \"def\" },\n        info: 42,\n        isSelectable: 32,\n    }, { instancePath: \"/name\", message: \"property 'name' should be a string\" }, {\n        instancePath: \"/ay\",\n        message: \"property 'ay' should be a positive integer\",\n    }, {\n        instancePath: \"/assign\",\n        message: \"property 'assign' should be either a block ID or an array of block IDs\",\n    }, {\n        instancePath: \"/match\",\n        message: \"property 'match' should be either a match rule or an array of match rules\",\n    }, {\n        instancePath: \"/satisfy\",\n        message: \"property 'satisfy' should be either a satisfy rule or an array of satisfy rules\",\n    }, { instancePath: \"/url\", message: \"property 'url' should be a string\" }, { instancePath: \"/info\", message: \"property 'info' should be a string\" }, {\n        instancePath: \"/isSelectable\",\n        message: \"property 'isSelectable' should be a boolean\",\n    })",
              "err": {},
              "uuid": "770887c6-6d53-4213-8b0e-0698551f1ccf",
              "parentUUID": "34846c84-7e1c-48b0-8b08-cfc84122208f",
              "isHook": false,
              "skipped": false
            }
          ],
          "suites": [],
          "passes": [
            "5b8d03d1-953e-4651-951b-15fdd8fd3849",
            "4ce64e52-f9d5-4ceb-9adf-6ffe40d80def",
            "770887c6-6d53-4213-8b0e-0698551f1ccf"
          ],
          "failures": [],
          "pending": [],
          "skipped": [],
          "duration": 238,
          "root": false,
          "rootEmpty": false,
          "_timeout": 2000
        },
        {
          "uuid": "8df7a73b-5e54-484c-918c-8783b1146a19",
          "title": "patternToRE",
          "fullFile": "/home/runner/work/planwithus-lib/planwithus-lib/src/matchRule/pattern/satisfiers.test.ts",
          "file": "/src/matchRule/pattern/satisfiers.test.ts",
          "beforeHooks": [],
          "afterHooks": [],
          "tests": [
            {
              "title": "should match valid modules with a single pattern",
              "fullTitle": "patternToRE should match valid modules with a single pattern",
              "timedOut": false,
              "duration": 14,
              "state": "passed",
              "speed": "fast",
              "pass": true,
              "fail": false,
              "pending": false,
              "context": "[\n  {\n    \"title\": \"patternExampleList sample 0\",\n    \"value\": [\n      \"GLY4D\",\n      [\n        \"GLY4D\"\n      ]\n    ]\n  },\n  {\n    \"title\": \"patternExampleList sample 1\",\n    \"value\": [\n      \"VA8\",\n      [\n        \"VA8\"\n      ]\n    ]\n  },\n  {\n    \"title\": \"patternExampleList sample 2\",\n    \"value\": [\n      \"KE7597\",\n      [\n        \"KE7597\"\n      ]\n    ]\n  },\n  {\n    \"title\": \"patternExampleList sample 3\",\n    \"value\": [\n      \"UE015M\",\n      [\n        \"UE015M\"\n      ]\n    ]\n  },\n  {\n    \"title\": \"patternExampleList sample 4\",\n    \"value\": [\n      \"FRF9\",\n      [\n        \"FRF9\"\n      ]\n    ]\n  },\n  {\n    \"title\": \"patternExampleList sample 5\",\n    \"value\": [\n      \"IU3\",\n      [\n        \"IU3\"\n      ]\n    ]\n  },\n  {\n    \"title\": \"patternExampleList sample 6\",\n    \"value\": [\n      \"COR*\",\n      [\n        \"COR\",\n        \"CORTHI\"\n      ]\n    ]\n  },\n  {\n    \"title\": \"patternExampleList sample 7\",\n    \"value\": [\n      \"MGO761\",\n      [\n        \"MGO761\"\n      ]\n    ]\n  },\n  {\n    \"title\": \"patternExampleList sample 8\",\n    \"value\": [\n      \"WA00xJ\",\n      [\n        \"WA003J\",\n        \"WA000J\",\n        \"WA004J\",\n        \"WA006J\",\n        \"WA008J\",\n        \"WA001J\"\n      ]\n    ]\n  },\n  {\n    \"title\": \"patternExampleList sample 9\",\n    \"value\": [\n      \"KZ909\",\n      [\n        \"KZ909\"\n      ]\n    ]\n  }\n]",
              "code": "fast_check_1.sample(index_test_1.patternExampleList, 10).forEach((sample, i) => addContext_1.default(this, {\n    title: `patternExampleList sample ${i}`,\n    value: sample,\n}));\nreturn fast_check_1.assert(fast_check_1.property(index_test_1.patternExampleList, ([patternStr, examples]) => {\n    const re = _1.patternToRE(patternStr);\n    return examples.every(re.test.bind(re));\n}));",
              "err": {},
              "uuid": "2ffed4d5-960f-4686-8207-71fa57303699",
              "parentUUID": "8df7a73b-5e54-484c-918c-8783b1146a19",
              "isHook": false,
              "skipped": false
            },
            {
              "title": "should match valid modules with multiple patterns",
              "fullTitle": "patternToRE should match valid modules with multiple patterns",
              "timedOut": false,
              "duration": 59,
              "state": "passed",
              "speed": "medium",
              "pass": true,
              "fail": false,
              "pending": false,
              "context": "[\n  {\n    \"title\": \"patternExampleListArray sample 0\",\n    \"value\": [\n      [\n        \"LMH9\",\n        [\n          \"LMH9\"\n        ]\n      ],\n      [\n        \"JS01\",\n        [\n          \"JS01\"\n        ]\n      ]\n    ]\n  },\n  {\n    \"title\": \"patternExampleListArray sample 1\",\n    \"value\": [\n      [\n        \"UXS2848P\",\n        [\n          \"UXS2848P\"\n        ]\n      ],\n      [\n        \"CF6M\",\n        [\n          \"CF6M\"\n        ]\n      ],\n      [\n        \"LJxM\",\n        [\n          \"LJ2M\",\n          \"LJ8M\",\n          \"LJ1M\"\n        ]\n      ]\n    ]\n  },\n  {\n    \"title\": \"patternExampleListArray sample 2\",\n    \"value\": [\n      [\n        \"ZIH3886V\",\n        [\n          \"ZIH3886V\"\n        ]\n      ],\n      [\n        \"RX493\",\n        [\n          \"RX493\"\n        ]\n      ],\n      [\n        \"PZD6X\",\n        [\n          \"PZD6X\"\n        ]\n      ],\n      [\n        \"MO5\",\n        [\n          \"MO5\"\n        ]\n      ],\n      [\n        \"LYU*5N\",\n        [\n          \"LYUGT5P8U5N\",\n          \"LYU19E9HHQ5N\",\n          \"LYUCH1CSU5N\",\n          \"LYUW85N\",\n          \"LYU5Y5N\",\n          \"LYU95N\",\n          \"LYUXRY5Q5N\",\n          \"LYULHVBQG5N\",\n          \"LYUI2FMJ5N\",\n          \"LYU84EH545N\",\n          \"LYU5N\",\n          \"LYU3P5N\"\n        ]\n      ],\n      [\n        \"YWL614V\",\n        [\n          \"YWL614V\"\n        ]\n      ],\n      [\n        \"BVF31\",\n        [\n          \"BVF31\"\n        ]\n      ],\n      [\n        \"XE*7\",\n        [\n          \"XEM8J7MT47\",\n          \"XEME72C7\",\n          \"XE31GR7\",\n          \"XEQV97\",\n          \"XE7KZI9I7\",\n          \"XE7\",\n          \"XEM3D7ZJO07\",\n          \"XE1XB7\",\n          \"XEX0HZZ17\",\n          \"XEJYH77\",\n          \"XE4N7\",\n          \"XEY14CVO7\"\n        ]\n      ],\n      [\n        \"ISF15R\",\n        [\n          \"ISF15R\"\n        ]\n      ],\n      [\n        \"HM018\",\n        [\n          \"HM018\"\n        ]\n      ],\n      [\n        \"KG6416\",\n        [\n          \"KG6416\"\n        ]\n      ],\n      [\n        \"IJ1x5I\",\n        [\n          \"IJ175I\",\n          \"IJ165I\",\n          \"IJ195I\",\n          \"IJ125I\"\n        ]\n      ]\n    ]\n  },\n  {\n    \"title\": \"patternExampleListArray sample 3\",\n    \"value\": [\n      [\n        \"GP167\",\n        [\n          \"GP167\"\n        ]\n      ]\n    ]\n  },\n  {\n    \"title\": \"patternExampleListArray sample 4\",\n    \"value\": [\n      [\n        \"BH5X\",\n        [\n          \"BH5X\"\n        ]\n      ],\n      [\n        \"XH259\",\n        [\n          \"XH259\"\n        ]\n      ],\n      [\n        \"ML89G\",\n        [\n          \"ML89G\"\n        ]\n      ]\n    ]\n  },\n  {\n    \"title\": \"patternExampleListArray sample 5\",\n    \"value\": [\n      [\n        \"ZT0K\",\n        [\n          \"ZT0K\"\n        ]\n      ],\n      [\n        \"GAx95\",\n        [\n          \"GA895\",\n          \"GA295\",\n          \"GA795\"\n        ]\n      ]\n    ]\n  },\n  {\n    \"title\": \"patternExampleListArray sample 6\",\n    \"value\": [\n      [\n        \"HXBx32D\",\n        [\n          \"HXB332D\",\n          \"HXB732D\",\n          \"HXB632D\",\n          \"HXB032D\"\n        ]\n      ],\n      [\n        \"ZUKx7\",\n        [\n          \"ZUK77\",\n          \"ZUK17\",\n          \"ZUK27\",\n          \"ZUK37\",\n          \"ZUK47\",\n          \"ZUK67\",\n          \"ZUK07\",\n          \"ZUK57\",\n          \"ZUK97\"\n        ]\n      ],\n      [\n        \"DPI05x5N\",\n        [\n          \"DPI0555N\",\n          \"DPI0505N\",\n          \"DPI0525N\",\n          \"DPI0515N\",\n          \"DPI0575N\",\n          \"DPI0535N\",\n          \"DPI0595N\",\n          \"DPI0585N\"\n        ]\n      ]\n    ]\n  },\n  {\n    \"title\": \"patternExampleListArray sample 7\",\n    \"value\": [\n      [\n        \"ASV12*J\",\n        [\n          \"ASV12OJ\",\n          \"ASV127DGJ\"\n        ]\n      ],\n      [\n        \"NHY5x4\",\n        [\n          \"NHY514\",\n          \"NHY554\",\n          \"NHY534\",\n          \"NHY544\",\n          \"NHY504\",\n          \"NHY564\",\n          \"NHY574\",\n          \"NHY524\",\n          \"NHY584\",\n          \"NHY594\"\n        ]\n      ],\n      [\n        \"LGP5\",\n        [\n          \"LGP5\"\n        ]\n      ],\n      [\n        \"LND*40B\",\n        [\n          \"LNDWLR8CD6G40B\",\n          \"LNDXEL40B\",\n          \"LNDT940B\",\n          \"LND40B\",\n          \"LNDY240B\",\n          \"LNDCA40B\",\n          \"LNDGM640B\",\n          \"LNDXM140B\",\n          \"LNDRR4HIO5640B\",\n          \"LNDZTE840B\",\n          \"LNDU640B\"\n        ]\n      ],\n      [\n        \"ICR25\",\n        [\n          \"ICR25\"\n        ]\n      ],\n      [\n        \"FUR4Q\",\n        [\n          \"FUR4Q\"\n        ]\n      ],\n      [\n        \"NN*58B\",\n        [\n          \"NNXXY058B\",\n          \"NNK1I258B\",\n          \"NNVRWAQ558B\",\n          \"NNS058B\",\n          \"NN2JY58B\",\n          \"NNXGGAX58B\",\n          \"NNMCL58B\",\n          \"NN7DU58B\",\n          \"NN8OS7H7358B\",\n          \"NNOM9Q58B\",\n          \"NNRQIXT58B\"\n        ]\n      ]\n    ]\n  },\n  {\n    \"title\": \"patternExampleListArray sample 8\",\n    \"value\": [\n      [\n        \"NGF6x\",\n        [\n          \"NGF63\"\n        ]\n      ],\n      [\n        \"RJ883C\",\n        [\n          \"RJ883C\"\n        ]\n      ],\n      [\n        \"TYL9788\",\n        [\n          \"TYL9788\"\n        ]\n      ],\n      [\n        \"NU0\",\n        [\n          \"NU0\"\n        ]\n      ]\n    ]\n  },\n  {\n    \"title\": \"patternExampleListArray sample 9\",\n    \"value\": [\n      [\n        \"QSL2x\",\n        [\n          \"QSL25\",\n          \"QSL24\"\n        ]\n      ],\n      [\n        \"PSD4x9\",\n        [\n          \"PSD489\",\n          \"PSD439\",\n          \"PSD469\",\n          \"PSD449\",\n          \"PSD459\",\n          \"PSD429\",\n          \"PSD409\",\n          \"PSD499\",\n          \"PSD479\",\n          \"PSD419\"\n        ]\n      ],\n      [\n        \"WVC5xA\",\n        [\n          \"WVC50A\",\n          \"WVC52A\",\n          \"WVC53A\",\n          \"WVC59A\"\n        ]\n      ],\n      [\n        \"DB598\",\n        [\n          \"DB598\"\n        ]\n      ],\n      [\n        \"BD5\",\n        [\n          \"BD5\"\n        ]\n      ],\n      [\n        \"KIW9M\",\n        [\n          \"KIW9M\"\n        ]\n      ],\n      [\n        \"SB33X\",\n        [\n          \"SB33X\"\n        ]\n      ],\n      [\n        \"VK*498\",\n        [\n          \"VKTR18MJM498\",\n          \"VK498\",\n          \"VKW7JK498\",\n          \"VK18RF5498\",\n          \"VKX498\",\n          \"VKEU498\",\n          \"VKON4S8J0498\",\n          \"VKM311FE498\"\n        ]\n      ],\n      [\n        \"JE2x2R\",\n        [\n          \"JE232R\",\n          \"JE262R\",\n          \"JE212R\",\n          \"JE252R\",\n          \"JE292R\"\n        ]\n      ]\n    ]\n  }\n]",
              "code": "const patternExampleListArray = fast_check_1.array(index_test_1.patternExampleList, { minLength: 1 });\nfast_check_1.sample(patternExampleListArray, 10).forEach((sample, i) => addContext_1.default(this, {\n    title: `patternExampleListArray sample ${i}`,\n    value: sample,\n}));\nreturn fast_check_1.assert(fast_check_1.property(patternExampleListArray, (ts) => {\n    const re = _1.patternToRE(...ts.map(([patternStr]) => patternStr));\n    return ts\n        .map(([, examples]) => examples)\n        .flat()\n        .every(re.test.bind(re));\n}));",
              "err": {},
              "uuid": "eafcb9ff-60f7-436c-ba2d-6279b05a1d22",
              "parentUUID": "8df7a73b-5e54-484c-918c-8783b1146a19",
              "isHook": false,
              "skipped": false
            },
            {
              "title": "should not match x to non-number",
              "fullTitle": "patternToRE should not match x to non-number",
              "timedOut": false,
              "duration": 0,
              "state": "passed",
              "speed": "fast",
              "pass": true,
              "fail": false,
              "pending": false,
              "context": null,
              "code": "const re = _1.patternToRE(\"x\");\n[\"A\", \"Z\", \"c\", \"#\"].forEach((example) => isInvalidExample(re, example));",
              "err": {},
              "uuid": "d26eb524-82b3-4ac0-95e2-1c4d3d5ef45e",
              "parentUUID": "8df7a73b-5e54-484c-918c-8783b1146a19",
              "isHook": false,
              "skipped": false
            },
            {
              "title": "should not match * to a substring composed of characters other than A-Z and 0-9",
              "fullTitle": "patternToRE should not match * to a substring composed of characters other than A-Z and 0-9",
              "timedOut": false,
              "duration": 0,
              "state": "passed",
              "speed": "fast",
              "pass": true,
              "fail": false,
              "pending": false,
              "context": null,
              "code": "const re = _1.patternToRE(\"*\");\n[\"c\", \"Ac\", \"cA\", \"0Ax\", \"x0A\", \"BA#\", \"#AB\"].forEach((example) => isInvalidExample(re, example));",
              "err": {},
              "uuid": "9597596a-feb4-4bfb-94bb-b3eb8bdbdfd0",
              "parentUUID": "8df7a73b-5e54-484c-918c-8783b1146a19",
              "isHook": false,
              "skipped": false
            },
            {
              "title": "should not match substrings",
              "fullTitle": "patternToRE should not match substrings",
              "timedOut": false,
              "duration": 0,
              "state": "passed",
              "speed": "fast",
              "pass": true,
              "fail": false,
              "pending": false,
              "context": null,
              "code": "const re = _1.patternToRE(\"A*xC\");\n[\"A1CZ\", \"AC1CZ\", \"ZA1C\", \"ZAC1C\", \"ZA1CZ\", \"ZAC1CZ\"].forEach((example) => isInvalidExample(re, example));",
              "err": {},
              "uuid": "df09edaa-7018-45b3-b797-37a981ce2906",
              "parentUUID": "8df7a73b-5e54-484c-918c-8783b1146a19",
              "isHook": false,
              "skipped": false
            }
          ],
          "suites": [],
          "passes": [
            "2ffed4d5-960f-4686-8207-71fa57303699",
            "eafcb9ff-60f7-436c-ba2d-6279b05a1d22",
            "d26eb524-82b3-4ac0-95e2-1c4d3d5ef45e",
            "9597596a-feb4-4bfb-94bb-b3eb8bdbdfd0",
            "df09edaa-7018-45b3-b797-37a981ce2906"
          ],
          "failures": [],
          "pending": [],
          "skipped": [],
          "duration": 73,
          "root": false,
          "rootEmpty": false,
          "_timeout": 2000
        },
        {
          "uuid": "4833836b-7aa2-4df8-93b4-50e46b14135b",
          "title": "patternSatisfier",
          "fullFile": "/home/runner/work/planwithus-lib/planwithus-lib/src/matchRule/pattern/satisfiers.test.ts",
          "file": "/src/matchRule/pattern/satisfiers.test.ts",
          "beforeHooks": [],
          "afterHooks": [],
          "tests": [
            {
              "title": "should assign all modules with *",
              "fullTitle": "patternSatisfier should assign all modules with *",
              "timedOut": false,
              "duration": 0,
              "state": "passed",
              "speed": "fast",
              "pass": true,
              "fail": false,
              "pending": false,
              "context": null,
              "code": "const { assign } = satisfiers_1.patternSatisfier(ref, \"*\");\nisCorrectAssign(assign, modulesList1, modulesList1.map(([moduleStr]) => moduleStr));",
              "err": {},
              "uuid": "1fa44a8b-87e5-4190-96fb-588b3f113188",
              "parentUUID": "4833836b-7aa2-4df8-93b4-50e46b14135b",
              "isHook": false,
              "skipped": false
            },
            {
              "title": "should assign only valid modules with pattern containing *",
              "fullTitle": "patternSatisfier should assign only valid modules with pattern containing *",
              "timedOut": false,
              "duration": 1,
              "state": "passed",
              "speed": "fast",
              "pass": true,
              "fail": false,
              "pending": false,
              "context": null,
              "code": "const { assign } = satisfiers_1.patternSatisfier(ref, \"CS2*\");\nisCorrectAssign(assign, modulesList1, [\"CS2100\", \"CS2040S\", \"CS2030\"]);",
              "err": {},
              "uuid": "5c5e22f6-538d-4367-be38-51d64964a109",
              "parentUUID": "4833836b-7aa2-4df8-93b4-50e46b14135b",
              "isHook": false,
              "skipped": false
            },
            {
              "title": "should assign only valid modules with pattern containing x",
              "fullTitle": "patternSatisfier should assign only valid modules with pattern containing x",
              "timedOut": false,
              "duration": 0,
              "state": "passed",
              "speed": "fast",
              "pass": true,
              "fail": false,
              "pending": false,
              "context": null,
              "code": "const { assign } = satisfiers_1.patternSatisfier(ref, \"CS20xx\");\nisCorrectAssign(assign, modulesList1, [\"CS2030\"]);",
              "err": {},
              "uuid": "c2ffdedd-48a5-414b-9363-29675dd80d78",
              "parentUUID": "4833836b-7aa2-4df8-93b4-50e46b14135b",
              "isHook": false,
              "skipped": false
            },
            {
              "title": "should assign only valid modules with pattern containing x and *",
              "fullTitle": "patternSatisfier should assign only valid modules with pattern containing x and *",
              "timedOut": false,
              "duration": 0,
              "state": "passed",
              "speed": "fast",
              "pass": true,
              "fail": false,
              "pending": false,
              "context": null,
              "code": "const { assign } = satisfiers_1.patternSatisfier(ref, \"CS20xx*\");\nisCorrectAssign(assign, modulesList1, [\"CS2040S\", \"CS2030\"]);",
              "err": {},
              "uuid": "67193364-e96f-49f4-ab28-955e0fb55be6",
              "parentUUID": "4833836b-7aa2-4df8-93b4-50e46b14135b",
              "isHook": false,
              "skipped": false
            }
          ],
          "suites": [],
          "passes": [
            "1fa44a8b-87e5-4190-96fb-588b3f113188",
            "5c5e22f6-538d-4367-be38-51d64964a109",
            "c2ffdedd-48a5-414b-9363-29675dd80d78",
            "67193364-e96f-49f4-ab28-955e0fb55be6"
          ],
          "failures": [],
          "pending": [],
          "skipped": [],
          "duration": 1,
          "root": false,
          "rootEmpty": false,
          "_timeout": 2000
        },
        {
          "uuid": "d3f364f8-9626-434f-801b-a410e2104b68",
          "title": "patternSchema",
          "fullFile": "/home/runner/work/planwithus-lib/planwithus-lib/src/matchRule/pattern/schemas.test.ts",
          "file": "/src/matchRule/pattern/schemas.test.ts",
          "beforeHooks": [],
          "afterHooks": [],
          "tests": [
            {
              "title": "should validate non-empty pattern composed of A-Z, 0-9, x or *",
              "fullTitle": "patternSchema should validate non-empty pattern composed of A-Z, 0-9, x or *",
              "timedOut": false,
              "duration": 1,
              "state": "passed",
              "speed": "fast",
              "pass": true,
              "fail": false,
              "pending": false,
              "context": "[\n  {\n    \"title\": \"pattern sample 0\",\n    \"value\": \"MNU85\"\n  },\n  {\n    \"title\": \"pattern sample 1\",\n    \"value\": \"XX*6\"\n  },\n  {\n    \"title\": \"pattern sample 2\",\n    \"value\": \"TIS1\"\n  },\n  {\n    \"title\": \"pattern sample 3\",\n    \"value\": \"PI7\"\n  },\n  {\n    \"title\": \"pattern sample 4\",\n    \"value\": \"FA61\"\n  },\n  {\n    \"title\": \"pattern sample 5\",\n    \"value\": \"XD969\"\n  },\n  {\n    \"title\": \"pattern sample 6\",\n    \"value\": \"TA0*P\"\n  },\n  {\n    \"title\": \"pattern sample 7\",\n    \"value\": \"JT6\"\n  },\n  {\n    \"title\": \"pattern sample 8\",\n    \"value\": \"OAL8U\"\n  },\n  {\n    \"title\": \"pattern sample 9\",\n    \"value\": \"AL7\"\n  }\n]",
              "code": "fast_check_1.sample(index_test_2.pattern, 10).forEach((sample, i) => addContext_1.default(this, {\n    title: `pattern sample ${i}`,\n    value: sample,\n}));\nreturn fast_check_1.assert(fast_check_1.property(index_test_2.pattern, ajvValidate), {\n    examples: [[\"*\"], [\"ACC1002\"], [\"IS1103\"], [\"CS1231S\"], [\"MA1102R\"]],\n});",
              "err": {},
              "uuid": "81fa5050-71e8-4385-b257-ce2a1d15881f",
              "parentUUID": "d3f364f8-9626-434f-801b-a410e2104b68",
              "isHook": false,
              "skipped": false
            },
            {
              "title": "should not validate empty pattern",
              "fullTitle": "patternSchema should not validate empty pattern",
              "timedOut": false,
              "duration": 0,
              "state": "passed",
              "speed": "fast",
              "pass": true,
              "fail": false,
              "pending": false,
              "context": null,
              "code": "isInvalidPattern(\"\")",
              "err": {},
              "uuid": "488a50f8-2389-47db-9e5b-447a7fe12770",
              "parentUUID": "d3f364f8-9626-434f-801b-a410e2104b68",
              "isHook": false,
              "skipped": false
            },
            {
              "title": "should not validate pattern with invalid characters",
              "fullTitle": "patternSchema should not validate pattern with invalid characters",
              "timedOut": false,
              "duration": 1,
              "state": "passed",
              "speed": "fast",
              "pass": true,
              "fail": false,
              "pending": false,
              "context": null,
              "code": "[\"AB123a\", \"Ac123a\", \"AB123^S\", \"AB1*3^S\", \"$A1*3^S\", \"/A1x33S\"].forEach(isInvalidPattern)",
              "err": {},
              "uuid": "bbe3f888-0a34-4314-9236-875d44b9c228",
              "parentUUID": "d3f364f8-9626-434f-801b-a410e2104b68",
              "isHook": false,
              "skipped": false
            }
          ],
          "suites": [],
          "passes": [
            "81fa5050-71e8-4385-b257-ce2a1d15881f",
            "488a50f8-2389-47db-9e5b-447a7fe12770",
            "bbe3f888-0a34-4314-9236-875d44b9c228"
          ],
          "failures": [],
          "pending": [],
          "skipped": [],
          "duration": 2,
          "root": false,
          "rootEmpty": false,
          "_timeout": 2000
        },
        {
          "uuid": "0f86b10a-6b84-4560-bb29-1ecd0ef9f415",
          "title": "patternMatchRuleSatisfier",
          "fullFile": "/home/runner/work/planwithus-lib/planwithus-lib/src/matchRule/satisfiers.test.ts",
          "file": "/src/matchRule/satisfiers.test.ts",
          "beforeHooks": [],
          "afterHooks": [],
          "tests": [
            {
              "title": "should assign only valid modules with pattern match rule containing no exclude patterns",
              "fullTitle": "patternMatchRuleSatisfier should assign only valid modules with pattern match rule containing no exclude patterns",
              "timedOut": false,
              "duration": 1,
              "state": "passed",
              "speed": "fast",
              "pass": true,
              "fail": false,
              "pending": false,
              "context": null,
              "code": "const { assign } = satisfiers_1.patternMatchRuleSatisfier(ref, { pattern: \"CS1xxx*\" });\nisCorrectAssign(assign, modulesList1, [\"CS1231\", \"CS1231S\"]);",
              "err": {},
              "uuid": "f6ba93b3-84f5-4216-9c06-703c4ec6f874",
              "parentUUID": "0f86b10a-6b84-4560-bb29-1ecd0ef9f415",
              "isHook": false,
              "skipped": false
            },
            {
              "title": "should assign only valid modules with pattern match rule containing an exclude pattern",
              "fullTitle": "patternMatchRuleSatisfier should assign only valid modules with pattern match rule containing an exclude pattern",
              "timedOut": false,
              "duration": 0,
              "state": "passed",
              "speed": "fast",
              "pass": true,
              "fail": false,
              "pending": false,
              "context": null,
              "code": "const { assign } = satisfiers_1.patternMatchRuleSatisfier(ref, {\n    pattern: \"MA1xxx*\",\n    exclude: \"MA15xx\",\n});\nisCorrectAssign(assign, modulesList1, [\n    \"MA1100\",\n    \"MA1101R\",\n    \"MA1102R\",\n    \"MA1511A\",\n]);",
              "err": {},
              "uuid": "d9bef6bd-ca25-429f-ba33-fbcc5b44f4bb",
              "parentUUID": "0f86b10a-6b84-4560-bb29-1ecd0ef9f415",
              "isHook": false,
              "skipped": false
            },
            {
              "title": "should assign only valid modules with pattern match rule containing multiple exclude patterns",
              "fullTitle": "patternMatchRuleSatisfier should assign only valid modules with pattern match rule containing multiple exclude patterns",
              "timedOut": false,
              "duration": 1,
              "state": "passed",
              "speed": "fast",
              "pass": true,
              "fail": false,
              "pending": false,
              "context": null,
              "code": "const { assign } = satisfiers_1.patternMatchRuleSatisfier(ref, {\n    pattern: \"MA*\",\n    exclude: [\"MA151x*\", \"MA2xxx\"],\n});\nisCorrectAssign(assign, modulesList1, [\n    \"MA1100\",\n    \"MA1101R\",\n    \"MA1102R\",\n    \"MA1507\",\n    \"MA1521\",\n    \"MA2101S\",\n]);",
              "err": {},
              "uuid": "062dcbaf-a2e4-4b9a-9712-2ded8666c009",
              "parentUUID": "0f86b10a-6b84-4560-bb29-1ecd0ef9f415",
              "isHook": false,
              "skipped": false
            }
          ],
          "suites": [],
          "passes": [
            "f6ba93b3-84f5-4216-9c06-703c4ec6f874",
            "d9bef6bd-ca25-429f-ba33-fbcc5b44f4bb",
            "062dcbaf-a2e4-4b9a-9712-2ded8666c009"
          ],
          "failures": [],
          "pending": [],
          "skipped": [],
          "duration": 2,
          "root": false,
          "rootEmpty": false,
          "_timeout": 2000
        },
        {
          "uuid": "05ceaca0-9adb-41b5-b447-10ba09290c26",
          "title": "matchRuleSchema",
          "fullFile": "/home/runner/work/planwithus-lib/planwithus-lib/src/matchRule/schemas.test.ts",
          "file": "/src/matchRule/schemas.test.ts",
          "beforeHooks": [],
          "afterHooks": [],
          "tests": [
            {
              "title": "should validate match rule with valid pattern",
              "fullTitle": "matchRuleSchema should validate match rule with valid pattern",
              "timedOut": false,
              "duration": 1,
              "state": "passed",
              "speed": "fast",
              "pass": true,
              "fail": false,
              "pending": false,
              "context": "[\n  {\n    \"title\": \"pattern sample 0\",\n    \"value\": \"HB39N\"\n  },\n  {\n    \"title\": \"pattern sample 1\",\n    \"value\": \"AV8397S\"\n  },\n  {\n    \"title\": \"pattern sample 2\",\n    \"value\": \"IFE95T\"\n  },\n  {\n    \"title\": \"pattern sample 3\",\n    \"value\": \"JMD793Q\"\n  },\n  {\n    \"title\": \"pattern sample 4\",\n    \"value\": \"KZx2\"\n  },\n  {\n    \"title\": \"pattern sample 5\",\n    \"value\": \"BFF*1*1\"\n  },\n  {\n    \"title\": \"pattern sample 6\",\n    \"value\": \"DU3\"\n  },\n  {\n    \"title\": \"pattern sample 7\",\n    \"value\": \"PM4338\"\n  },\n  {\n    \"title\": \"pattern sample 8\",\n    \"value\": \"FM6A\"\n  },\n  {\n    \"title\": \"pattern sample 9\",\n    \"value\": \"JO2\"\n  }\n]",
              "code": "fast_check_1.sample(index_test_3.pattern, 10).forEach((sample, i) => addContext_1.default(this, {\n    title: `pattern sample ${i}`,\n    value: sample,\n}));\nreturn fast_check_1.assert(fast_check_1.property(index_test_3.pattern, ajvValidate));",
              "err": {},
              "uuid": "3b8e5fcd-77d1-47d2-9d6a-f86666d5b8ef",
              "parentUUID": "05ceaca0-9adb-41b5-b447-10ba09290c26",
              "isHook": false,
              "skipped": false
            },
            {
              "title": "should validate match rules with valid pattern, exclude and info",
              "fullTitle": "matchRuleSchema should validate match rules with valid pattern, exclude and info",
              "timedOut": false,
              "duration": 3,
              "state": "passed",
              "speed": "fast",
              "pass": true,
              "fail": false,
              "pending": false,
[...]
              "err": {},
              "uuid": "f6c6240a-4c82-492d-9aab-fc65dde0c5dc",
              "parentUUID": "6bb79bcd-7747-40f7-b928-00bb01b84010",
              "isHook": false,
              "skipped": false
            },
            {
              "title": "should truncate list of modules with upper bound of MCs, cutting off at the minimum starting sequence that exceeds upper bound, if total MC count is higher and there exists no starting sequence with exact MC count",
              "fullTitle": "inequalitySatisfier should truncate list of modules with upper bound of MCs, cutting off at the minimum starting sequence that exceeds upper bound, if total MC count is higher and there exists no starting sequence with exact MC count",
              "timedOut": false,
              "duration": 0,
              "state": "passed",
              "speed": "fast",
              "pass": true,
              "fail": false,
              "pending": false,
              "context": null,
              "code": "const satisfier = satisfiers_1.inequalitySatisfier(ref, \"<=17\");\nsatisfier.should.have.property(\"filter\");\nconst { filter } = satisfier;\nisCorrectFilter(filter, modulesList1, [\n    \"CS2100\",\n    \"GER1000\",\n    \"CS2040S\",\n    \"ST2131\",\n    \"MA1521\",\n]);",
              "err": {},
              "uuid": "f767c3ed-72a6-4f68-ba08-e0e74602cdb7",
              "parentUUID": "6bb79bcd-7747-40f7-b928-00bb01b84010",
              "isHook": false,
              "skipped": false
            }
          ],
          "suites": [],
          "passes": [
            "460dbb58-a47c-4e09-8a8e-9cc8d67e141a",
            "5ec635d7-6d13-4179-880e-ed08a0d5de9e",
            "dc6ee50b-9a77-4797-9d3b-f0c80343842f",
            "36d502ff-96f4-4763-a246-34281a52a603",
            "616f6679-afc3-448e-8376-fea39f108bbd",
            "f6c6240a-4c82-492d-9aab-fc65dde0c5dc",
            "f767c3ed-72a6-4f68-ba08-e0e74602cdb7"
          ],
          "failures": [],
          "pending": [],
          "skipped": [],
          "duration": 2,
          "root": false,
          "rootEmpty": false,
          "_timeout": 2000
        },
        {
          "uuid": "d8747fd7-3db7-4e69-b3b6-079e60fa2fdd",
          "title": "inequalitySchema",
          "fullFile": "/home/runner/work/planwithus-lib/planwithus-lib/src/satisfyRule/inequality/schemas.test.ts",
          "file": "/src/satisfyRule/inequality/schemas.test.ts",
          "beforeHooks": [],
          "afterHooks": [],
          "tests": [
            {
              "title": "should validate inequality in the form <=n or >=n",
              "fullTitle": "inequalitySchema should validate inequality in the form <=n or >=n",
              "timedOut": false,
              "duration": 1,
              "state": "passed",
              "speed": "fast",
              "pass": true,
              "fail": false,
              "pending": false,
              "context": "[\n  {\n    \"title\": \"inequality sample 0\",\n    \"value\": \"<=6\"\n  },\n  {\n    \"title\": \"inequality sample 1\",\n    \"value\": \">=82\"\n  },\n  {\n    \"title\": \"inequality sample 2\",\n    \"value\": \">=1\"\n  },\n  {\n    \"title\": \"inequality sample 3\",\n    \"value\": \">=149\"\n  },\n  {\n    \"title\": \"inequality sample 4\",\n    \"value\": \"<=197\"\n  },\n  {\n    \"title\": \"inequality sample 5\",\n    \"value\": \">=195\"\n  },\n  {\n    \"title\": \"inequality sample 6\",\n    \"value\": \"<=134\"\n  },\n  {\n    \"title\": \"inequality sample 7\",\n    \"value\": \">=146\"\n  },\n  {\n    \"title\": \"inequality sample 8\",\n    \"value\": \">=145\"\n  },\n  {\n    \"title\": \"inequality sample 9\",\n    \"value\": \"<=31\"\n  }\n]",
              "code": "fast_check_1.sample(index_test_2.inequality, 10).forEach((sample, i) => addContext_1.default(this, {\n    title: `inequality sample ${i}`,\n    value: sample,\n}));\nreturn fast_check_1.assert(fast_check_1.property(index_test_2.inequality, ajvValidate));",
              "err": {},
              "uuid": "09ec11f7-430c-4fb8-8a75-55ec5462d371",
              "parentUUID": "d8747fd7-3db7-4e69-b3b6-079e60fa2fdd",
              "isHook": false,
              "skipped": false
            },
            {
              "title": "should not validate inequality of invalid form",
              "fullTitle": "inequalitySchema should not validate inequality of invalid form",
              "timedOut": false,
              "duration": 2,
              "state": "passed",
              "speed": "fast",
              "pass": true,
              "fail": false,
              "pending": false,
              "context": null,
              "code": "[\n        \"\",\n        \"==23\",\n        \"23\",\n        \"<23\",\n        \">23\",\n        \"<=-1\",\n        \">=-1\",\n        \"<= 2\",\n        \">= 1\",\n        \"> 3\",\n        \"< 3\",\n        \"<=3a\",\n        \">=3a\",\n        \"a<=3\",\n        \"a>=3\",\n    ].forEach(isInvalidInequality)",
              "err": {},
              "uuid": "4f7647c6-cf0f-4c2b-ac10-221a49665327",
              "parentUUID": "d8747fd7-3db7-4e69-b3b6-079e60fa2fdd",
              "isHook": false,
              "skipped": false
            }
          ],
          "suites": [],
          "passes": [
            "09ec11f7-430c-4fb8-8a75-55ec5462d371",
            "4f7647c6-cf0f-4c2b-ac10-221a49665327"
          ],
          "failures": [],
          "pending": [],
          "skipped": [],
          "duration": 3,
          "root": false,
          "rootEmpty": false,
          "_timeout": 2000
        },
        {
          "uuid": "f4b87a4c-29da-4afa-bc37-3b429a0deba2",
          "title": "satisfyRuleSchema",
          "fullFile": "/home/runner/work/planwithus-lib/planwithus-lib/src/satisfyRule/schemas.test.ts",
          "file": "/src/satisfyRule/schemas.test.ts",
          "beforeHooks": [],
          "afterHooks": [],
          "tests": [
            {
              "title": "should validate satisfy rule with valid block id",
              "fullTitle": "satisfyRuleSchema should validate satisfy rule with valid block id",
              "timedOut": false,
              "duration": 1,
              "state": "passed",
              "speed": "fast",
              "pass": true,
              "fail": false,
              "pending": false,
              "context": null,
              "code": "fast_check_1.assert(fast_check_1.property(fast_check_1.string(), ajvValidate)",
              "err": {},
              "uuid": "d1ad021f-908c-48d6-ae56-9f9336566e88",
              "parentUUID": "f4b87a4c-29da-4afa-bc37-3b429a0deba2",
              "isHook": false,
              "skipped": false
            },
            {
              "title": "should validate satisfy rules with valid mc",
              "fullTitle": "satisfyRuleSchema should validate satisfy rules with valid mc",
              "timedOut": false,
              "duration": 1,
              "state": "passed",
              "speed": "fast",
              "pass": true,
              "fail": false,
              "pending": false,
              "context": "[\n  {\n    \"title\": \"mcSatisfyRule sample 0\",\n    \"value\": {\n      \"mc\": \">=195\"\n    }\n  },\n  {\n    \"title\": \"mcSatisfyRule sample 1\",\n    \"value\": {\n      \"mc\": \"<=87\"\n    }\n  },\n  {\n    \"title\": \"mcSatisfyRule sample 2\",\n    \"value\": {\n      \"mc\": \">=145\"\n    }\n  },\n  {\n    \"title\": \"mcSatisfyRule sample 3\",\n    \"value\": {\n      \"mc\": \"<=45\"\n    }\n  },\n  {\n    \"title\": \"mcSatisfyRule sample 4\",\n    \"value\": {\n      \"mc\": \">=194\"\n    }\n  },\n  {\n    \"title\": \"mcSatisfyRule sample 5\",\n    \"value\": {\n      \"mc\": \">=2\"\n    }\n  },\n  {\n    \"title\": \"mcSatisfyRule sample 6\",\n    \"value\": {\n      \"mc\": \">=176\"\n    }\n  },\n  {\n    \"title\": \"mcSatisfyRule sample 7\",\n    \"value\": {\n      \"mc\": \">=197\"\n    }\n  },\n  {\n    \"title\": \"mcSatisfyRule sample 8\",\n    \"value\": {\n      \"mc\": \"<=8\"\n    }\n  },\n  {\n    \"title\": \"mcSatisfyRule sample 9\",\n    \"value\": {\n      \"mc\": \">=7\"\n    }\n  }\n]",
              "code": "fast_check_1.sample(index_test_2.mcSatisfyRule, 10).forEach((sample, i) => addContext_1.default(this, {\n    title: `mcSatisfyRule sample ${i}`,\n    value: sample,\n}));\nreturn fast_check_1.assert(fast_check_1.property(index_test_2.mcSatisfyRule, ajvValidate));",
              "err": {},
              "uuid": "716d1c99-7402-4a73-81a7-bfe56436fd74",
              "parentUUID": "f4b87a4c-29da-4afa-bc37-3b429a0deba2",
              "isHook": false,
              "skipped": false
            },
            {
              "title": "should validate valid recursive satisfy rules",
              "fullTitle": "satisfyRuleSchema should validate valid recursive satisfy rules",
              "timedOut": false,
              "duration": 3,
              "state": "passed",
              "speed": "fast",
              "pass": true,
              "fail": false,
              "pending": false,
              "context": "[\n  {\n    \"title\": \"satisfyRule sample 0\",\n    \"value\": {\n      \"or\": [\n        {\n          \"or\": []\n        },\n        {\n          \"or\": [\n            {\n              \"or\": [\n                {\n                  \"and\": [\n                    {\n                      \"or\": [\n                        \"1)=x{G4`aF\",\n                        \")G2,66A8\"\n                      ]\n                    },\n                    \"#\",\n                    {\n                      \"and\": [\n                        \"F_bLv8~tQ\"\n                      ]\n                    }\n                  ]\n                },\n                {\n                  \"mc\": \">=195\"\n                },\n                \"W\",\n                {\n                  \"or\": [\n                    \"-S-c\",\n                    {\n                      \"mc\": \"<=10\"\n                    }\n                  ]\n                },\n                \"{6\"\n              ]\n            },\n            {\n              \"or\": [\n                {\n                  \"or\": [\n                    \"Zt@hp![&]h\",\n                    \"<CX&\",\n                    \"B\",\n                    \"#]K9{/'a<\",\n                    \"(RLhHK@zj,\"\n                  ]\n                },\n                {\n                  \"or\": [\n                    \"vuMOkyrd$U\",\n                    \"uU'P}Rn_r\",\n                    \"iA<!EU_\",\n                    {\n                      \"mc\": \"<=102\"\n                    },\n                    \"#<^$A6t_\"\n                  ]\n                },\n                \"6\",\n                \"3tN\"\n              ]\n            },\n            {\n              \"mc\": \"<=176\"\n            }\n          ]\n        },\n        {\n          \"or\": [\n            {\n              \"and\": []\n            },\n            {\n              \"mc\": \"<=1\"\n            },\n            \"!\"\n          ]\n        },\n        {\n          \"or\": [\n            {\n              \"or\": []\n            },\n            {\n              \"and\": [\n                \"%:\"\n              ]\n            }\n          ]\n        }\n      ]\n    }\n  },\n  {\n    \"title\": \"satisfyRule sample 1\",\n    \"value\": {\n      \"and\": [\n        {\n          \"mc\": \"<=43\"\n        }\n      ]\n    }\n  },\n  {\n    \"title\": \"satisfyRule sample 2\",\n    \"value\": {\n      \"or\": [\n        {\n          \"and\": [\n            {\n              \"and\": [\n                \"QA]v(\",\n                \"\",\n                \"t06q@\",\n                \" PHUB87/\"\n              ]\n            },\n            \"iGx)b :,\",\n            \"h\"\n          ]\n        },\n        {\n          \"mc\": \"<=196\"\n        }\n      ]\n    }\n  },\n  {\n    \"title\": \"satisfyRule sample 3\",\n    \"value\": \"U\"\n  },\n  {\n    \"title\": \"satisfyRule sample 4\",\n    \"value\": {\n      \"mc\": \">=3\"\n    }\n  },\n  {\n    \"title\": \"satisfyRule sample 5\",\n    \"value\": \"D\"\n  },\n  {\n    \"title\": \"satisfyRule sample 6\",\n    \"value\": \"-$\"\n  },\n  {\n    \"title\": \"satisfyRule sample 7\",\n    \"value\": {\n      \"or\": [\n        {\n          \"mc\": \">=3\"\n        },\n        {\n          \"and\": [\n            {\n              \"and\": [\n                {\n                  \"or\": []\n                },\n                \"(YWh/<\"\n              ]\n            },\n            {\n              \"mc\": \">=9\"\n            },\n            {\n              \"mc\": \">=84\"\n            }\n          ]\n        }\n      ]\n    }\n  },\n  {\n    \"title\": \"satisfyRule sample 8\",\n    \"value\": {\n      \"mc\": \">=97\"\n    }\n  },\n  {\n    \"title\": \"satisfyRule sample 9\",\n    \"value\": \"V \\\"\"\n  }\n]",
              "code": "fast_check_1.sample(index_test_2.satisfyRule, 10).forEach((sample, i) => addContext_1.default(this, {\n    title: `satisfyRule sample ${i}`,\n    value: sample,\n}));\nreturn fast_check_1.assert(fast_check_1.property(index_test_2.satisfyRule, ajvValidate));",
              "err": {},
              "uuid": "4a22ada8-226b-4de5-8363-ec5c967e9605",
              "parentUUID": "f4b87a4c-29da-4afa-bc37-3b429a0deba2",
              "isHook": false,
              "skipped": false
            },
            {
              "title": "should not validate non-string/object",
              "fullTitle": "satisfyRuleSchema should not validate non-string/object",
              "timedOut": false,
              "duration": 1,
              "state": "passed",
              "speed": "fast",
              "pass": true,
              "fail": false,
              "pending": false,
              "context": null,
              "code": "const error = {\n    instancePath: \"\",\n    message: \"satisfy rule should be either a string or an object\",\n};\nisInvalidRule(null, error);\nisInvalidRule(undefined, error);\nisInvalidRule(10, error);\nisInvalidRule([12, 24], error);",
              "err": {},
              "uuid": "d486b5c6-9d56-4ca8-8d0e-1a6f78006b19",
              "parentUUID": "f4b87a4c-29da-4afa-bc37-3b429a0deba2",
              "isHook": false,
              "skipped": false
            },
            {
              "title": "should not validate satisfy rules with extra properties",
              "fullTitle": "satisfyRuleSchema should not validate satisfy rules with extra properties",
              "timedOut": false,
              "duration": 1,
              "state": "passed",
              "speed": "fast",
              "pass": true,
              "fail": false,
              "pending": false,
              "context": null,
              "code": "isInvalidRule({\n        and: [\n            { or: [\"2k\"], abc: \"def\" },\n            { mc: 8, ghi: \"jkl\" },\n        ],\n        mno: \"pqr\",\n    }, {\n        instancePath: \"/and/0\",\n        message: \"or satisfy rule should have property 'or' only\",\n    }, {\n        instancePath: \"/and/1\",\n        message: \"MC satisfy rule should have property 'mc' only\",\n    }, {\n        instancePath: \"\",\n        message: \"and satisfy rule should have property 'and' only\",\n    })",
              "err": {},
              "uuid": "6456fb9b-df8e-49cd-88aa-aec1ff067bb4",
              "parentUUID": "f4b87a4c-29da-4afa-bc37-3b429a0deba2",
              "isHook": false,
              "skipped": false
            },
            {
              "title": "should not validate ambiguous satisfy rules",
              "fullTitle": "satisfyRuleSchema should not validate ambiguous satisfy rules",
              "timedOut": false,
              "duration": 0,
              "state": "passed",
              "speed": "fast",
              "pass": true,
              "fail": false,
              "pending": false,
              "context": null,
              "code": "const message = \"satisfy rule should have only one of properties 'mc', 'and', 'or'\";\nisInvalidRule({\n    or: [\n        { mc: 5, and: [\"CS2040\"] },\n        { and: [{ and: [\"abc\"], or: [\"def\"] }] },\n    ],\n}, { instancePath: \"/or/0\", message }, { instancePath: \"/or/1/and/0\", message });",
              "err": {},
              "uuid": "c2817069-bc69-46d2-ab63-43d285e87dc5",
              "parentUUID": "f4b87a4c-29da-4afa-bc37-3b429a0deba2",
              "isHook": false,
              "skipped": false
            },
            {
              "title": "should not validate and satisfy rules with non-array property",
              "fullTitle": "satisfyRuleSchema should not validate and satisfy rules with non-array property",
              "timedOut": false,
              "duration": 0,
              "state": "passed",
              "speed": "fast",
              "pass": true,
              "fail": false,
              "pending": false,
              "context": null,
              "code": "const message = \"property 'and' should be an array of satisfy rules\";\nisInvalidRule({ or: [{ and: {} }, { or: [{ and: 3 }] }] }, { instancePath: \"/or/0/and\", message }, { instancePath: \"/or/1/or/0/and\", message });",
              "err": {},
              "uuid": "354f457b-d6e2-42c5-a298-e950b0c3f5c9",
              "parentUUID": "f4b87a4c-29da-4afa-bc37-3b429a0deba2",
              "isHook": false,
              "skipped": false
            },
            {
              "title": "should not validate or satisfy rules with non-array property",
              "fullTitle": "satisfyRuleSchema should not validate or satisfy rules with non-array property",
              "timedOut": false,
              "duration": 0,
              "state": "passed",
              "speed": "fast",
              "pass": true,
              "fail": false,
              "pending": false,
              "context": null,
              "code": "const message = \"property 'or' should be an array of satisfy rules\";\nisInvalidRule({ and: [{ or: {} }, { and: [{ or: 3 }] }] }, { instancePath: \"/and/0/or\", message }, { instancePath: \"/and/1/and/0/or\", message });",
              "err": {},
              "uuid": "cd0527cb-0220-4293-ba42-c7a874ccf44a",
              "parentUUID": "f4b87a4c-29da-4afa-bc37-3b429a0deba2",
              "isHook": false,
              "skipped": false
            }
          ],
          "suites": [],
          "passes": [
            "d1ad021f-908c-48d6-ae56-9f9336566e88",
            "716d1c99-7402-4a73-81a7-bfe56436fd74",
            "4a22ada8-226b-4de5-8363-ec5c967e9605",
            "d486b5c6-9d56-4ca8-8d0e-1a6f78006b19",
            "6456fb9b-df8e-49cd-88aa-aec1ff067bb4",
            "c2817069-bc69-46d2-ab63-43d285e87dc5",
            "354f457b-d6e2-42c5-a298-e950b0c3f5c9",
            "cd0527cb-0220-4293-ba42-c7a874ccf44a"
          ],
          "failures": [],
          "pending": [],
          "skipped": [],
          "duration": 7,
          "root": false,
          "rootEmpty": false,
          "_timeout": 2000
        }
      ],
      "passes": [],
      "failures": [],
      "pending": [],
      "skipped": [],
      "duration": 0,
      "root": true,
      "rootEmpty": true,
      "_timeout": 2000
    }
  ],
  "meta": {
    "mocha": {
      "version": "9.0.2"
    },
    "mochawesome": {
      "options": {
        "quiet": false,
        "reportFilename": "mochawesome",
        "saveHtml": true,
        "saveJson": true,
        "consoleReporter": "spec",
        "useInlineDiffs": false,
        "code": true
      },
      "version": "6.2.2"
    },
    "marge": {
      "options": {
        "reportDir": "docs"
      },
      "version": "5.2.0"
    }
  }
}