{
  "stats": {
    "suites": 10,
    "tests": 48,
    "passes": 48,
    "pending": 0,
    "failures": 0,
    "start": "2021-07-29T07:42:15.488Z",
    "end": "2021-07-29T07:42:15.855Z",
    "duration": 367,
    "testsRegistered": 48,
    "passPercent": 100,
    "pendingPercent": 0,
    "other": 0,
    "hasOther": false,
    "skipped": 0,
    "hasSkipped": false
  },
  "results": [
    {
      "uuid": "e07b729b-b925-462a-81a4-e3665766dc39",
      "title": "",
      "fullFile": "",
      "file": "",
      "beforeHooks": [],
      "afterHooks": [],
      "tests": [],
      "suites": [
        {
          "uuid": "f0e6c809-900e-4ed6-90bd-f03cc94d7213",
          "title": "initDirectories",
          "fullFile": "/home/runner/work/planwithus-lib/planwithus-lib/src/block/schemas.test.ts",
          "file": "/src/block/schemas.test.ts",
          "beforeHooks": [],
          "afterHooks": [],
          "tests": [
            {
              "title": "should parse all blocks with no errors",
              "fullTitle": "initDirectories should parse all blocks with no errors",
              "timedOut": false,
              "duration": 3,
              "state": "passed",
              "speed": "fast",
              "pass": true,
              "fail": false,
              "pending": false,
              "context": null,
              "code": "_1.initDirectories.should.not.throw()",
              "err": {},
              "uuid": "d7736348-9f80-4e33-9072-f616a906cce1",
              "parentUUID": "f0e6c809-900e-4ed6-90bd-f03cc94d7213",
              "isHook": false,
              "skipped": false
            },
            {
              "title": "should produce primary, second & minor directories",
              "fullTitle": "initDirectories should produce primary, second & minor directories",
              "timedOut": false,
              "duration": 3,
              "state": "passed",
              "speed": "fast",
              "pass": true,
              "fail": false,
              "pending": false,
              "context": null,
              "code": "const directories = _1.initDirectories();\ndirectories.should.have.property(\"primary\");\ndirectories.should.have.property(\"second\");\ndirectories.should.have.property(\"minor\");",
              "err": {},
              "uuid": "fd3bb477-ee87-4084-9c15-9541600dc0db",
              "parentUUID": "f0e6c809-900e-4ed6-90bd-f03cc94d7213",
              "isHook": false,
              "skipped": false
            }
          ],
          "suites": [],
          "passes": [
            "d7736348-9f80-4e33-9072-f616a906cce1",
            "fd3bb477-ee87-4084-9c15-9541600dc0db"
          ],
          "failures": [],
          "pending": [],
          "skipped": [],
          "duration": 6,
          "root": false,
          "rootEmpty": false,
          "_timeout": 2000
        },
        {
          "uuid": "8ccf574b-c446-4dd4-b19a-1bb651dba111",
          "title": "blockSchema",
          "fullFile": "/home/runner/work/planwithus-lib/planwithus-lib/src/block/schemas.test.ts",
          "file": "/src/block/schemas.test.ts",
          "beforeHooks": [],
          "afterHooks": [],
          "tests": [
            {
              "title": "should validate valid block",
              "fullTitle": "blockSchema should validate valid block",
              "timedOut": false,
              "duration": 224,
              "state": "passed",
              "speed": "slow",
              "pass": true,
              "fail": false,
              "pending": false,
              "context": "[\n  {\n    \"title\": \"block sample 0\",\n    \"value\": {\n      \"name\": \"s\",\n      \"ay\": 1968,\n      \"assign\": [\n        \"~!\",\n        \"!B\",\n        \"!\\\"#%>3&?\"\n      ],\n      \"match\": [\n        {\n          \"or\": [\n            {\n              \"and\": [\n                {\n                  \"or\": [\n                    \"ON4175X\",\n                    \"KC18*7\",\n                    \"JTQx\",\n                    \"XO9R\"\n                  ]\n                },\n                {\n                  \"pattern\": \"LQI95x\",\n                  \"exclude\": [\n                    \"CTJx\"\n                  ],\n                  \"info\": \"\"\n                },\n                {\n                  \"and\": [\n                    \"KG14\",\n                    {\n                      \"or\": [\n                        \"GNK61x3\",\n                        \"GC370U\",\n                        \"JVE321P\",\n                        {\n                          \"and\": [\n                            \"EUG7I\",\n                            {\n                              \"or\": [\n                                \"BNA413xM\",\n                                \"LJR797\",\n                                \"NEM46K\",\n                                \"HDC40P\",\n                                \"DP*30W\"\n                              ]\n                            },\n                            \"JVT613R\",\n                            \"GI*x5C\",\n                            \"UFB9H\"\n                          ]\n                        }\n                      ]\n                    },\n                    \"DA4Z\",\n                    \"BIB063Z\"\n                  ]\n                }\n              ]\n            },\n            {\n              \"and\": []\n            }\n          ]\n        },\n        {\n          \"and\": [\n            {\n              \"and\": []\n            }\n          ]\n        }\n      ],\n      \"url\": \"http://ccl3a-ce7r8feff56h.wlfrsunrr/1aG&e3VQa/JfLn2\",\n      \"isSelectable\": true\n    }\n  },\n  {\n    \"title\": \"block sample 1\",\n    \"value\": {\n      \"name\": \"?\\\"S1';/Z\",\n      \"ay\": 1990,\n      \"assign\": [\n        \"8m<w|\",\n        \"o#rZBb0)E\",\n        \"?xn+^5[\",\n        \"0K-v7W@{1\",\n        \"s/\\\"E9ka\\\\\"\n      ],\n      \"match\": {\n        \"and\": [\n          \"DN8E\",\n          {\n            \"or\": []\n          }\n        ]\n      },\n      \"satisfy\": [\n        {\n          \"mc\": \">=98\"\n        }\n      ],\n      \"url\": \"http://4d-z7vde7dljbc6.qsshbc9cnuf9b70af6ff5vfemx8bej895dcc9f8xd-rea-9da78uebe.ayyw1w5.aw-17ul8j7nwp21cr5.uecachsi/;I$w%F3%8C%B7%B4:Zm/\",\n      \"info\": \"!w2\",\n      \"nHZ!Ie9= 5\": {\n        \"name\": \"V/\",\n        \"ay\": 1991,\n        \"assign\": [\n          \"-z$DP\",\n          \"8B4<p\\\"\"\n        ],\n        \"match\": [\n          {\n            \"pattern\": \"HMI35A\",\n            \"exclude\": [\n              \"CE*844\",\n              \"QZxx64Q\",\n              \"YJP546\"\n            ],\n            \"info\": \"xF*\"\n          }\n        ],\n        \"satisfy\": {\n          \"or\": [\n            {\n              \"mc\": \"<=85\"\n            },\n            {\n              \"mc\": \"<=186\"\n            },\n            {\n              \"and\": [\n                {\n                  \"and\": [\n                    \",f&X\",\n                    {\n                      \"and\": [\n                        \"~Mhz rN#\",\n                        \"O:/$wM+_\\\"\"\n                      ]\n                    },\n                    \"V\"\n                  ]\n                },\n                \"~_yj\",\n                {\n                  \"or\": [\n                    \"FV'\",\n                    \"aXp{smqi\",\n                    \"17\",\n                    \"NC@\"\n                  ]\n                },\n                \"q\",\n                \"<q\"\n              ]\n            },\n            {\n              \"and\": [\n                {\n                  \"mc\": \">=152\"\n                },\n                \"ab \"\n              ]\n            }\n          ]\n        },\n        \"url\": \"http://8sfjvi7tlna-fk5ay7yzuat5bnnstd3ztob.jng4fykc8-gr5i95i.cfcglt//V.%F3%BC%80%94_)j+wr//5:Q%F4%84%A3%9FT'iopN/D!Yu0zJb-/2!;N%F0%AD%A8%80;%F0%B6%96%8144M/~o3qRQSD/N%F3%A0%B2%8A'/M67Dkf*A\",\n        \"info\": \"@1Q[nw\",\n        \"isSelectable\": true,\n        \"tVXh\": {\n          \"name\": \"?~~('7L\",\n          \"ay\": 1952,\n          \"match\": {\n            \"or\": []\n          },\n          \"satisfy\": {\n            \"or\": []\n          },\n          \"url\": \"https://7nge65tc2lxuahd38k4x6yr84qerxxvct7.y-0bb3.mp0k.fr4y53zjny5xt-so2tnmyu7nnmjqwixr2z.zi3mp0gfm8u3zk4xl1ir3.aehduyktsr/+m%F3%A8%9F%8CEm,/:7//kq!_/Odz9OC*Pfw/=6,%F2%A0%8F%B40p%F1%9A%A9%AE%F3%97%AF%87eU/5s.yr-51\",\n          \"info\": \"PigB2{r^!i\",\n          \"isSelectable\": true,\n          \"Cn\": {\n            \"name\": \"{fVy#X\",\n            \"ay\": 2013,\n            \"assign\": [\n              \"Jy\",\n              \"q;:[A9PF[\",\n              \"\",\n              \">N>T?z\"\n            ],\n            \"match\": [\n              {\n                \"or\": [\n                  {\n                    \"and\": [\n                      {\n                        \"or\": [\n                          \"BW4xx9P\",\n                          \"STL752\",\n                          {\n                            \"or\": [\n                              \"FU0\",\n                              {\n                                \"or\": [\n                                  \"PHK0N\",\n                                  \"KGHxK\",\n                                  \"BV9542K\",\n                                  \"ES569L\",\n                                  \"VHZ62xB\"\n                                ]\n                              }\n                            ]\n                          },\n                          {\n                            \"pattern\": \"EE8\",\n                            \"exclude\": [\n                              \"VIS0*Q\",\n                              \"LIQ*292V\"\n                            ],\n                            \"info\": \"?[~\"\n                          }\n                        ]\n                      },\n                      {\n                        \"and\": [\n                          \"YO6094D\",\n                          \"WAT7*34\",\n                          {\n                            \"or\": [\n                              \"GA22L\",\n                              \"MSF3\"\n                            ]\n                          },\n                          {\n                            \"pattern\": \"RXK*\",\n                            \"exclude\": \"FBA3\",\n                            \"info\": \"[}\"\n                          },\n                          \"AC167L\"\n                        ]\n                      },\n                      \"NK*65X\",\n                      {\n                        \"pattern\": \"CY7x7U\",\n                        \"exclude\": [\n                          \"HT*337\"\n                        ],\n                        \"info\": \"BSNF\"\n                      },\n                      \"LHO4x**\"\n                    ]\n                  },\n                  {\n                    \"or\": [\n                      \"ZM2713Q\",\n                      \"TJPx59T\",\n                      \"NXN98\",\n                      {\n                        \"and\": [\n                          {\n                            \"and\": [\n                              \"OFD00\",\n                              \"YQI46xJ\",\n                              \"YZWx\",\n                              \"VUD46x\",\n                              \"VBV36x3\"\n                            ]\n                          },\n                          {\n                            \"and\": [\n                              {\n                                \"or\": [\n                                  \"CK05x0A\",\n                                  \"BS0856B\",\n                                  \"HG2\",\n                                  \"POR48H\"\n                                ]\n                              }\n                            ]\n                          },\n                          \"QH09*\",\n                          \"LXxx\"\n                        ]\n                      },\n                      \"NY542W\"\n                    ]\n                  },\n                  \"WOZ6\",\n                  {\n                    \"pattern\": \"OV352x\",\n                    \"exclude\": [],\n                    \"info\": \"Ubo<\"\n                  }\n                ]\n              },\n              {\n                \"and\": []\n              },\n              {\n                \"or\": [\n                  \"CG*78*\",\n                  {\n                    \"pattern\": \"MOX0\",\n                    \"exclude\": [\n                      \"VB0\",\n                      \"AE9M\",\n                      \"AHx28x\",\n                      \"MG232x\"\n                    ]\n                  },\n                  \"CPx27\"\n                ]\n              },\n              {\n                \"pattern\": \"PF86L\",\n                \"exclude\": \"IK8*\",\n                \"info\": \"Zb>g:S/\"\n              },\n              {\n                \"or\": [\n                  {\n                    \"pattern\": \"OA1062\",\n                    \"exclude\": \"DGB05\",\n                    \"info\": \"XMLf1bAG\\\\C\"\n                  },\n                  \"AE3Q\",\n                  {\n                    \"or\": []\n                  }\n                ]\n              }\n            ],\n            \"url\": \"https://a.u5-v1op4rz82t7n4c8ba2gwv11ai8gqvf5m63b2afxgvoqoth1.lw-07shbdwyy43gnatat-ahfzq2uqjzu3.lithsej/Cit/v/LBBYrOnaM2/MvY82=%F2%98%9E%A1uJ@/xI\",\n            \"info\": \"buZsAW4\",\n            \"isSelectable\": true\n          },\n          \"(:SCDDp\": {\n            \"name\": \"_smimoyV\\\"\",\n            \"ay\": 1997,\n            \"assign\": \"A4V%&Y\",\n            \"match\": [\n              {\n                \"pattern\": \"NF4Y\",\n                \"exclude\": \"NNY819\",\n                \"info\": \"cm4+Aik\"\n              },\n              {\n                \"and\": [\n                  {\n                    \"and\": [\n                      \"QN6*xW\",\n                      \"UPH01F\",\n                      {\n                        \"or\": [\n                          \"SAR*M\",\n                          \"SCL4*68N\",\n                          {\n                            \"and\": [\n                              \"VO136K\"\n                            ]\n                          }\n                        ]\n                      },\n                      \"QC**7x\"\n                    ]\n                  },\n                  {\n                    \"and\": [\n                      {\n                        \"pattern\": \"CC0x49\",\n                        \"exclude\": [\n                          \"XGx83x\",\n                          \"IB7x3x\",\n                          \"ZPN0\"\n                        ]\n                      },\n                      {\n                        \"pattern\": \"MT0A\"\n                      },\n                      \"GZP56L\",\n                      \"HCG918J\",\n                      \"GQ3H\"\n                    ]\n                  },\n                  {\n                    \"and\": [\n                      {\n                        \"pattern\": \"OCB*11I\",\n                        \"exclude\": [\n                          \"XK8\"\n                        ],\n                        \"info\": \"Hf\"\n                      }\n                    ]\n                  },\n                  {\n                    \"pattern\": \"TXx0H\",\n                    \"exclude\": \"CFI9x48R\",\n                    \"info\": \"\"\n                  }\n                ]\n              },\n              {\n                \"or\": [\n                  \"QNY1*0*Y\",\n                  \"PYI0x96M\",\n                  {\n                    \"pattern\": \"TC*\",\n                    \"exclude\": \"YBJ8x33\"\n                  },\n                  \"IV0\",\n                  {\n                    \"or\": [\n                      \"EXV77J\",\n                      \"CF225\",\n                      \"XNY5\"\n                    ]\n                  }\n                ]\n              },\n              \"TJ43*9\"\n            ],\n            \"satisfy\": [\n              {\n                \"or\": [\n                  {\n                    \"or\": [\n                      {\n                        \"mc\": \">=93\"\n                      },\n                      {\n                        \"mc\": \">=99\"\n                      },\n                      \"/EwgZ3G\",\n                      \",U{h}\",\n                      {\n                        \"mc\": \">=175\"\n                      }\n                    ]\n                  },\n                  \"`>/c6@$\",\n                  {\n                    \"or\": [\n                      {\n                        \"mc\": \">=44\"\n                      },\n                      {\n                        \"and\": [\n                          {\n                            \"or\": [\n                              {\n                                \"or\": []\n                              }\n                            ]\n                          },\n                          {\n                            \"or\": [\n                              \"\",\n                              {\n                                \"and\": [\n                                  \"[N9ML8yCd}\"\n                                ]\n                              },\n                              \":$Ry@R]N\"\n                            ]\n                          },\n                          {\n                            \"or\": [\n                              \"[&#QX;a h{\",\n                              \"9c&pLT\",\n                              \">\",\n                              \"$7|\"\n                            ]\n                          }\n                        ]\n                      },\n                      {\n                        \"and\": [\n                          \"<(dSQ|@ak`\",\n                          \"iuQ)lD@\",\n                          \"FKB?iP\\\"mL9\",\n                          {\n                            \"or\": [\n                              \"1vA)I\",\n                              {\n                                \"mc\": \">=97\"\n                              },\n                              \":`dBd9Azk*\",\n                              \"z];k+\"\n                            ]\n                          }\n                        ]\n                      },\n                      \"\"\n                    ]\n                  },\n                  \"A0 /S7\"\n                ]\n              },\n              \"qRTbD_:S\",\n              {\n                \"or\": [\n                  \"@[\\\\$&>Lw\",\n                  {\n                    \"and\": [\n                      {\n                        \"mc\": \"<=94\"\n                      },\n                      \"0IF\"\n                    ]\n                  },\n                  {\n                    \"and\": [\n                      \"'\",\n                      {\n                        \"mc\": \"<=143\"\n                      },\n                      \"qJ[#_srC \",\n                      \"jjq  [d\",\n                      \"r8~\\\\ff\"\n                    ]\n                  }\n                ]\n              },\n              {\n                \"and\": [\n                  {\n                    \"and\": [\n                      {\n                        \"or\": [\n                          \"Lzgmy=\",\n                          \"?>qHJ\",\n                          {\n                            \"or\": [\n                              \"*w*_f=I\\\"\",\n                              \"b%>Fdve\",\n                              \"1 Omo6B%F\",\n                              \"-NYN|x`\"\n                            ]\n                          },\n                          \"\\\"[Qve?\"\n                        ]\n                      },\n                      {\n                        \"or\": [\n                          {\n                            \"and\": [\n                              \"K>\",\n                              \"WI=G_;\"\n                            ]\n                          }\n                        ]\n                      }\n                    ]\n                  },\n                  {\n                    \"or\": [\n                      \"\",\n                      {\n                        \"and\": []\n                      }\n                    ]\n                  }\n                ]\n              }\n            ],\n            \"url\": \"http://x.mptt2m536.hggyxkafb/a2zlBw(/H!$sC8%F3%B4%B1%92%F1%AE%AF%9A/h,er/xc$D/k\",\n            \"info\": \">\",\n            \"isSelectable\": true\n          },\n          \"\": {\n            \"ay\": 2027,\n            \"assign\": \"d[\\\\@RBx{\",\n            \"match\": {\n              \"or\": [\n                {\n                  \"pattern\": \"ES2\",\n                  \"exclude\": \"YM6734\",\n                  \"info\": \"D\"\n                },\n                \"OF284\",\n                {\n                  \"or\": [\n                    \"ZFP5790X\",\n                    {\n                      \"or\": [\n                        \"BSB62*7\",\n                        \"DH05xX\",\n                        \"UTD6932\"\n                      ]\n                    },\n                    \"XR171\",\n                    \"BFD515\",\n                    {\n                      \"and\": [\n                        \"VMD73I\",\n                        \"JQ4951M\",\n                        {\n                          \"pattern\": \"CM1\",\n                          \"exclude\": [\n                            \"GYB222\",\n                            \"OEP232\",\n                            \"FXxK\"\n                          ],\n                          \"info\": \"B[]!De='\"\n                        },\n                        {\n                          \"and\": [\n                            \"SEF8\"\n                          ]\n                        }\n                      ]\n                    }\n                  ]\n                },\n                \"YF44x6\"\n              ]\n            },\n            \"satisfy\": [],\n            \"url\": \"https://m856ca33lob8nsuk6d0bqkr6uxcoiqpem0fzrlbatjyzyz04m348vwe.wyvgjbegzib2e-q0zv9c51cjjn4wb542vvd.e6x2b0uwdwyrrxn-6axg0q80somhq4bkubg70f0apy01i.k.pzvoegsm/X/Sxa('l%F3%A7%AE%B4l/:l-8WbJ)/u!gyW8%F2%89%86%9B:b@/vm9624%F2%BD%8A%BBaP%F1%AD%9E%A2\",\n            \"info\": \"Joa#\",\n            \"isSelectable\": true\n          }\n        },\n        \"0Rm\": {\n          \"name\": \"]Q5krNW\",\n          \"ay\": 1963,\n          \"match\": \"CCY195\",\n          \"satisfy\": [\n            {\n              \"and\": [\n                {\n                  \"mc\": \"<=31\"\n                },\n                \"-vZ\",\n                {\n                  \"and\": [\n                    \"i T9[B\",\n                    \"EcpB%]-h\",\n                    \"`j{8eybkKH\",\n                    \"2]{Oy\\\"q\",\n                    \"h\"\n                  ]\n                },\n                {\n                  \"mc\": \">=6\"\n                },\n                {\n                  \"or\": [\n                    {\n                      \"mc\": \"<=104\"\n                    },\n                    {\n                      \"mc\": \">=59\"\n                    },\n                    \"BqT%$+;\"\n                  ]\n                }\n              ]\n            }\n          ],\n          \"info\": \"J|=Ta.]\",\n          \"isSelectable\": true\n        },\n        \"^TI<j~N\": {\n          \"name\": \"=\",\n          \"ay\": 2011,\n          \"assign\": \"^]B= H ~s\",\n          \"match\": {\n            \"and\": [\n              {\n                \"and\": [\n                  {\n                    \"or\": [\n                      \"NB5x49O\",\n                      {\n                        \"and\": []\n                      },\n                      {\n                        \"or\": [\n                          {\n                            \"or\": [\n                              \"IEO48O\"\n                            ]\n                          }\n                        ]\n                      },\n                      \"PJC2073\"\n                    ]\n                  }\n                ]\n              },\n              {\n                \"or\": [\n                  {\n                    \"and\": [\n                      \"TW60\"\n                    ]\n                  },\n                  {\n                    \"or\": [\n                      {\n                        \"and\": []\n                      },\n                      \"TW9830\",\n                      {\n                        \"pattern\": \"NST2xO\",\n                        \"exclude\": \"UK23*V\",\n                        \"info\": \"P{mU[fRG\"\n                      },\n                      \"WH9x26\"\n                    ]\n                  },\n                  \"ZA68W\",\n                  {\n                    \"or\": [\n                      \"JGS*951\",\n                      \"AAE7X\",\n                      {\n                        \"and\": [\n                          \"CHC626\"\n                        ]\n                      },\n                      \"PS3022O\",\n                      \"HPH6\"\n                    ]\n                  }\n                ]\n              },\n              {\n                \"or\": []\n              },\n              {\n                \"or\": [\n                  {\n                    \"or\": [\n                      {\n                        \"and\": []\n                      },\n                      \"AZ0*78R\",\n                      \"FZxT\"\n                    ]\n                  },\n                  \"HS2K\",\n                  \"CNZ2\"\n                ]\n              },\n              {\n                \"or\": [\n                  {\n                    \"and\": [\n                      {\n                        \"or\": []\n                      },\n                      {\n                        \"pattern\": \"ZF7\",\n                        \"exclude\": \"GE6422D\",\n                        \"info\": \"C2zp:U73=v\"\n                      },\n                      \"OTx9V\",\n                      \"RO3*N\",\n                      {\n                        \"pattern\": \"SAX2\",\n                        \"exclude\": \"QVVxx5V\",\n                        \"info\": \"6]k5@s\"\n                      }\n                    ]\n                  },\n                  {\n                    \"and\": [\n                      \"BX20L\",\n                      {\n                        \"pattern\": \"UQ0377\",\n                        \"exclude\": [\n                          \"BK4254G\",\n                          \"OFYx269\",\n                          \"FZ29B\",\n                          \"AL37\"\n                        ],\n                        \"info\": \"cfAQU\"\n                      },\n                      \"EL6M\"\n                    ]\n                  }\n                ]\n              }\n            ]\n          },\n          \"satisfy\": {\n            \"or\": [\n              \"?aam\"\n            ]\n          },\n          \"url\": \"http://ai9zbo436oua8r0tbz.qxqi0cstcgi8jpe6l4bierb2u3l8i-l3hjrg0x3ffx-p8dh3e0ef.hylpfmxfo/VfO/q%F2%AD%A9%97q4i'/D&%F3%88%96%88m'uDpn,/!/5lbAIJ/mPAvr_NKB)/fO=*%F0%9B%99%BB3/nHB9%F0%99%A5%99\",\n          \"info\": \"Qknqu?7@\",\n          \"isSelectable\": true\n        }\n      },\n      \"Z\": {\n        \"name\": \"|7`tU XP@B\",\n        \"ay\": 2029,\n        \"assign\": \"u HT$b\",\n        \"match\": {\n          \"or\": []\n        },\n        \"satisfy\": [\n          {\n            \"or\": [\n              \"{+SkO\",\n              \"h,68\",\n              \"u\\\\1\\\\\"\n            ]\n          }\n        ],\n        \"url\": \"http://ux.nyy8qo58awierq4u.b.wr92nr8018b.wchu42tak-5utdqw39oh2rmphr3szj85uuwcg1gdzlpg3-ar41vuhgp5wb5del.zkoa/%E2%BE%B2F/Nrb/i%F2%99%95%8F-;2/&;F0H7W0:/9WNShcL/o/cv;uH,Iz%F1%B3%86%81/oqm6=V%F1%AB%BF%9B%F3%BA%BB%89%F2%AA%89%83/9aI@P*+SB\",\n        \"isSelectable\": true\n      }\n    }\n  },\n  {\n    \"title\": \"block sample 2\",\n    \"value\": {\n      \"name\": \"\",\n      \"assign\": [\n        \" sy?\",\n        \"d~v\"\n      ],\n      \"match\": [],\n      \"satisfy\": [\n        {\n          \"or\": [\n            \"=-!+!r0u\",\n            \"\\\\qH)H9[t\",\n            {\n              \"mc\": \"<=81\"\n            }\n          ]\n        },\n        {\n          \"mc\": \"<=19\"\n        }\n      ],\n      \"info\": \"\\\"y\",\n      \"isSelectable\": true,\n      \"!_wLj%/7\": {\n        \"name\": \"~5 \",\n        \"ay\": 1954,\n        \"assign\": \"U%<}|y%I&&\",\n        \"match\": [\n          {\n            \"or\": [\n              {\n                \"or\": [\n                  \"KNC19\",\n                  \"SFB88I\",\n                  {\n                    \"pattern\": \"OGF6\",\n                    \"exclude\": [\n                      \"KTC5120M\",\n                      \"GNX*\",\n                      \"KI562K\",\n                      \"TO78\",\n                      \"YGB742\"\n                    ],\n                    \"info\": \"#(b:Q^#Db\"\n                  },\n                  {\n                    \"pattern\": \"XQ08\",\n                    \"exclude\": [\n                      \"YIU032\",\n                      \"KE2\"\n                    ],\n                    \"info\": \"KD1lKyb4<\"\n                  },\n                  \"OOA482Z\"\n                ]\n              },\n              {\n                \"and\": [\n                  \"JAF8551\",\n                  {\n                    \"and\": []\n                  },\n                  {\n                    \"pattern\": \"UGT85xH\",\n                    \"exclude\": [\n                      \"NGHx\",\n                      \"GO74S\",\n                      \"TN61H\",\n                      \"XL5\",\n                      \"CJO1Z\"\n                    ],\n                    \"info\": \"\"\n                  },\n                  \"YL2*x6B\"\n                ]\n              },\n              {\n                \"pattern\": \"GL9x0\"\n              }\n            ]\n          },\n          {\n            \"and\": [\n              {\n                \"and\": [\n                  \"TZ3L\",\n                  {\n                    \"or\": [\n                      \"SU129\",\n                      {\n                        \"and\": [\n                          \"UP11S\",\n                          \"JZ56N\",\n                          \"XE365\",\n                          \"KA4161H\",\n                          \"NP7xI\"\n                        ]\n                      },\n                      \"YTZ87\"\n                    ]\n                  },\n                  \"VKx\",\n                  \"SZV497G\",\n                  {\n                    \"or\": [\n                      \"IY8\",\n                      \"QDB18x2\"\n                    ]\n                  }\n                ]\n              },\n              {\n                \"or\": [\n                  \"BBK07\",\n                  \"MJE283\"\n                ]\n              },\n              {\n                \"and\": [\n                  {\n                    \"pattern\": \"SIB764B\",\n                    \"exclude\": \"UTE0*7\"\n                  }\n                ]\n              }\n            ]\n          },\n          {\n            \"and\": [\n              {\n                \"and\": []\n              },\n              \"EW323O\",\n              \"XD877\"\n            ]\n          },\n          {\n            \"pattern\": \"EPY8558E\",\n            \"exclude\": [\n              \"OY0060\",\n              \"VA8U\"\n            ],\n            \"info\": \"mb)mg2Y]\"\n          }\n        ],\n        \"satisfy\": [\n          \"14?|*p4e$D\",\n          {\n            \"or\": [\n              {\n                \"or\": []\n              },\n              {\n                \"or\": []\n              },\n              {\n                \"mc\": \"<=113\"\n              },\n              {\n                \"or\": [\n                  {\n                    \"or\": [\n                      \"\\\\>\",\n                      \"<fSgdrl\",\n                      \"VpF\"\n                    ]\n                  },\n                  \"8b%\\\\<c\",\n                  {\n                    \"or\": [\n                      \"_(a\",\n                      {\n                        \"and\": [\n                          \"Pbaur'ZG>Q\",\n                          \"\",\n                          {\n                            \"or\": [\n                              \")\\\"K(4Nf2T\",\n                              \"\\\\9m@Q~\"\n                            ]\n                          }\n                        ]\n                      },\n                      \"W\",\n                      {\n                        \"or\": [\n                          \"za[ G\\\\/L4/\",\n                          \"1LS<A74\",\n                          \"ew\\\\'&],\",\n                          \"v}L4Mz\"\n                        ]\n                      },\n                      \";pMq3=\"\n                    ]\n                  }\n                ]\n              },\n              \"1$\"\n            ]\n          },\n          {\n            \"and\": [\n              {\n                \"and\": [\n                  {\n                    \"and\": [\n                      {\n                        \"mc\": \">=45\"\n                      }\n                    ]\n                  },\n                  \"RA\",\n                  \"iM\"\n                ]\n              },\n              \"mG8\"\n            ]\n          },\n          {\n            \"or\": [\n              {\n                \"and\": []\n              },\n              {\n                \"and\": [\n                  {\n                    \"and\": [\n                      {\n                        \"or\": [\n                          \"39\",\n                          \"C\"\n                        ]\n                      }\n                    ]\n                  },\n                  \"p(\"\n                ]\n              },\n              {\n                \"mc\": \">=20\"\n              }\n            ]\n          },\n          {\n            \"or\": [\n              {\n                \"or\": [\n                  \"VW<6A9j!%<\"\n                ]\n              },\n              {\n                \"or\": [\n                  \"Tcug{&  <\",\n                  \"eE1e3\\\\cE%\",\n                  \"d{tr\"\n                ]\n              },\n              {\n                \"or\": [\n                  {\n                    \"or\": [\n                      \"]4\",\n                      \"\"\n                    ]\n                  },\n                  \"'O?>U\"\n                ]\n              },\n              {\n                \"and\": [\n                  \"}It}\\\"!y43O\",\n                  \">{r\",\n                  {\n                    \"mc\": \"<=107\"\n                  },\n                  \"i*)0Y(4>*\"\n                ]\n              },\n              {\n                \"and\": [\n                  \"dAp\",\n                  {\n                    \"and\": []\n                  },\n                  {\n                    \"mc\": \"<=127\"\n                  },\n                  {\n                    \"or\": [\n                      {\n                        \"and\": [\n                          \"i;\"\n                        ]\n                      }\n                    ]\n                  }\n                ]\n              }\n            ]\n          }\n        ],\n        \"url\": \"https://0fc8rkiv.395zslndyt5zawye6zxn-wi7wo9.d.ziift/%F0%B4%9B%B4fhnYT=f/jqf1IrB7/pNh/CV/=%F0%B2%BE%A5/V%F3%9E%B1%AAHXSTeS!n/!/m!aW\",\n        \"info\": \"$}y\",\n        \"isSelectable\": true,\n        \"\": {\n          \"name\": \"x&$\",\n          \"ay\": 2028,\n          \"assign\": \"vpj]\",\n          \"match\": {\n            \"pattern\": \"ZME4\",\n            \"info\": \"vCzY\"\n          },\n          \"url\": \"http://m8wdmq2zq9bx0b1c7x-x73ik3xu.amnzfrx6bcr2y.zxg2uq6mmp-o1el9s9mv2jiss-q.dv\",\n          \"info\": \"\"\n        },\n        \"q\\\"gJg@34}\": {\n          \"name\": \"Cjfs._:\",\n          \"ay\": 1961,\n          \"assign\": [\n            \"em#v\",\n            \"T`:)>L\",\n            \"#N.*7U\",\n            \"{`(FN77HZ|\"\n          ],\n          \"match\": [\n            \"ZO*45E\",\n            {\n              \"and\": [\n                {\n                  \"or\": [\n                    \"ZWE77x\",\n                    \"MJ28\"\n                  ]\n                }\n              ]\n            }\n          ],\n          \"satisfy\": {\n            \"mc\": \">=105\"\n          },\n          \"url\": \"http://kyh1n7l9swdpdchln97n11ldw9qhb4pen48.7.jprhjj2rw-kwoujnfp3-aycv.irqs3ovvssoe2t0cmwsxc.n.ij/~dg)S3Aj/MD/r!hX/%F3%BE%AC%B6p/$E*tT~%E0%A6%82vM/*\",\n          \"info\": \"I8M5\",\n          \"isSelectable\": true\n        },\n        \" M'Q>-G5\": {\n          \"name\": \"I4=|^I\",\n          \"ay\": 1973,\n          \"match\": [],\n          \"satisfy\": \"tD4/9\",\n          \"info\": \"viv.dW\"\n        },\n        \"vRF}!>\": {\n          \"name\": \"t8+i\",\n          \"ay\": 1954,\n          \"match\": {\n            \"pattern\": \"HMG9251A\",\n            \"exclude\": \"OHF*225\",\n            \"info\": \"\"\n          },\n          \"satisfy\": [\n            {\n              \"or\": [\n                {\n                  \"and\": [\n                    {\n                      \"mc\": \">=131\"\n                    },\n                    {\n                      \"mc\": \">=6\"\n                    },\n                    \"1Y[iN?f]G\"\n                  ]\n                }\n              ]\n            },\n            \"I(fLE1XDx\",\n            \"of FG{e\",\n            {\n              \"and\": [\n                {\n                  \"or\": []\n                },\n                {\n                  \"mc\": \"<=148\"\n                },\n                {\n                  \"and\": [\n                    \"O\",\n                    {\n                      \"mc\": \">=148\"\n                    },\n                    {\n                      \"mc\": \">=182\"\n                    },\n                    {\n                      \"and\": [\n                        \"#\",\n                        {\n                          \"or\": [\n                            \"o>Lex5)&\"\n                          ]\n                        }\n                      ]\n                    }\n                  ]\n                },\n                {\n                  \"and\": [\n                    {\n                      \"or\": [\n                        \"r\",\n                        {\n                          \"or\": [\n                            \"ck\\\\\",\n                            \"M\",\n                            \"e/Z\"\n                          ]\n                        },\n                        {\n                          \"or\": [\n                            \"r\\\\PTGbd#P\",\n                            {\n                              \"and\": [\n                                \"Iv+C\",\n                                \"L\\\"&\"\n                              ]\n                            }\n                          ]\n                        },\n                        \"H<BzPki\",\n                        {\n                          \"and\": [\n                            \"7e\",\n                            {\n                              \"mc\": \"<=174\"\n                            },\n                            \"o=OKte\"\n                          ]\n                        }\n                      ]\n                    },\n                    {\n                      \"and\": [\n                        {\n                          \"or\": [\n                            \"?&XV<\",\n                            \"H&\",\n                            \"Z6xF\"\n                          ]\n                        },\n                        \"\",\n                        {\n                          \"or\": []\n                        }\n                      ]\n                    },\n                    \"Li\"\n                  ]\n                },\n                {\n                  \"mc\": \"<=192\"\n                }\n              ]\n            },\n            {\n              \"and\": [\n                {\n                  \"or\": [\n                    \"mA:00\\\"\\\"TL\",\n                    {\n                      \"and\": [\n                        \"ku+9<R\",\n                        \">z@&R:\",\n                        {\n                          \"or\": [\n                            \"MfoM9MX{v\\\"\"\n                          ]\n                        },\n                        \"\",\n                        \"lN\"\n                      ]\n                    },\n                    \"QF`SxI``Ke\",\n                    {\n                      \"or\": []\n                    }\n                  ]\n                },\n                \"OZ\\\\2QCH:o\",\n                \"3+O lj-s+\"\n              ]\n            }\n          ],\n          \"url\": \"https://t1zr1ppzg8re73zadk120efke5zny.9uu9kpx6rdoldcuy9ei.zniaygh-nlab0sc8tbwnuft40bwsjlptllcop6g6i.gssha/%F3%AB%92%9EP42/0;6.EHNI%F0%B5%BC%8F/nA'/y~=Dh&YiD$/Q+6k~jKbn\",\n          \"info\": \"zn<\",\n          \"isSelectable\": true\n        },\n        \"cgE{8{C\\\"r\": {\n          \"name\": \">\",\n          \"ay\": 1950,\n          \"satisfy\": [\n            {\n              \"or\": [\n                {\n                  \"mc\": \">=64\"\n                }\n              ]\n            },\n            {\n              \"and\": []\n            },\n            {\n              \"and\": [\n                \"0WZ^&s[?\",\n                {\n                  \"and\": [\n                    {\n                      \"or\": [\n                        \"a~T%,[}(Wd\"\n                      ]\n                    }\n                  ]\n                },\n                \"6\"\n              ]\n            },\n            {\n              \"or\": [\n                {\n                  \"mc\": \">=132\"\n                }\n              ]\n            },\n            {\n              \"and\": []\n            }\n          ],\n          \"url\": \"https://ysneh6v.xvyxpbdm/Zekt4/MWd%F4%86%B4%95/%F3%B8%86%A4fb&/:lKwSw/(3ORJ/9VkJOW/j&Tdhhx/Thz,n%F3%BE%A0%94\",\n          \"info\": \"gsej6d\",\n          \"isSelectable\": true\n        }\n      },\n      \"-jif\": {\n        \"name\": \"%,tb/A1Zw\",\n        \"ay\": 2026,\n        \"assign\": [],\n        \"match\": [\n          {\n            \"or\": []\n          },\n          {\n            \"pattern\": \"EX0x66X\",\n            \"exclude\": [],\n            \"info\": \"U7}L\"\n          },\n          {\n            \"and\": [\n              \"XWC2*21\",\n              \"QJS5910\",\n              {\n                \"pattern\": \"ZTxY\",\n                \"exclude\": \"IL1*63F\",\n                \"info\": \"]-\"\n              },\n              {\n                \"pattern\": \"WD39\",\n                \"exclude\": \"XH317S\",\n                \"info\": \"0;Ab;.<F`\"\n              }\n            ]\n          },\n          {\n            \"or\": [\n              {\n                \"and\": []\n              },\n              \"ZTU8xI\"\n            ]\n          }\n        ],\n        \"satisfy\": {\n          \"mc\": \">=5\"\n        },\n        \"url\": \"http://55l13.trhptz/_%F1%9E%8E%ADAA!/%E9%A2%86Oa1eH7%F1%93%A2%84=/Zkr~eV:f/TshxVj!X/Hc2X19/:P;k/NMXlK(eq/4Mfqo/R%E8%86%AA8k0Ax6\",\n        \"info\": \"x \",\n        \"isSelectable\": true\n      }\n    }\n  },\n  {\n    \"title\": \"block sample 3\",\n    \"value\": {\n      \"name\": \"#\",\n      \"ay\": 2024,\n      \"assign\": [\n        \"#\"\n      ],\n      \"match\": {\n        \"pattern\": \"VOT10\",\n        \"info\": \"$Up\"\n      },\n      \"url\": \"https://tq5w.j-hpi35j7qfb93vxfcrf-q6t1vsg.q.1wz50pto6cb2wnet.7k3mmpcpi.wzoeknin/9Kf*K/d/,=anV1\",\n      \"info\": \"7qA>&P|v\",\n      \"isSelectable\": true,\n      \"Ra\": {\n        \"name\": \"\\\"!V|j%Q\\\\\",\n        \"ay\": 2015,\n        \"assign\": \"PeZG?$\",\n        \"match\": [\n          {\n            \"pattern\": \"VH*34M\",\n            \"exclude\": \"ONL3*14\"\n          },\n          \"VP564\",\n          {\n            \"pattern\": \"CSU41K\",\n            \"exclude\": \"KZ5846\",\n            \"info\": \"jX0#\"\n          },\n          \"KBF1x96U\",\n          {\n            \"or\": []\n          }\n        ],\n        \"satisfy\": \"W@K35&O\",\n        \"url\": \"http://bxj.0yz72c7ped.e10ypxnyhc3tk45q32wuv-lp2gc18w.51s2o7fcj2uop4yzhsg2lcmx3ixksh6k32qzi3ils.iq8a8xxnu5zxfv1s08c.ewghpbeuke/vDC2%F1%AC%A8%BD%F2%B0%82%A13t/3/aBj/A=i(R/G399Dv/2gb/q%E0%B9%A8)88'ps///\",\n        \"isSelectable\": true,\n        \"13s4>=u\": {\n          \"name\": \"&pz+,\",\n          \"ay\": 2005,\n          \"assign\": \"]L=\",\n          \"match\": \"PUP30\",\n          \"satisfy\": [\n            {\n              \"or\": [\n                {\n                  \"mc\": \">=195\"\n                },\n                {\n                  \"or\": [\n                    \",[1?=rO\",\n                    \"$\\\\w%wc)a\"\n                  ]\n                },\n                {\n                  \"and\": [\n                    \"IsWKgg#J\",\n                    {\n                      \"or\": [\n                        {\n                          \"and\": [\n                            \"\",\n                            \"d\"\n                          ]\n                        },\n                        {\n                          \"mc\": \">=35\"\n                        }\n                      ]\n                    },\n                    {\n                      \"and\": [\n                        \"]@-\",\n                        \"Iv\",\n                        \"Y^h\",\n                        \"h$I\\\"mIh\",\n                        \"[~\"\n                      ]\n                    }\n                  ]\n                },\n                \"24#|2ZWD_\"\n              ]\n            },\n            {\n              \"mc\": \"<=73\"\n            },\n            {\n              \"and\": [\n                {\n                  \"and\": [\n                    \"kkmn\",\n                    {\n                      \"mc\": \"<=155\"\n                    },\n                    \"wE&_Pto.B\",\n                    \"-y5>Vifv\",\n                    {\n                      \"or\": []\n                    }\n                  ]\n                }\n              ]\n            },\n            \"\",\n            {\n              \"and\": [\n                {\n                  \"mc\": \">=104\"\n                },\n                \".)D'(\",\n                \"e\",\n                {\n                  \"and\": [\n                    \"H!(Cb8\",\n                    {\n                      \"and\": []\n                    },\n                    {\n                      \"and\": [\n                        \"YufWY_S\",\n                        \"vAS\",\n                        \"+`#XJs>;P\\\"\"\n                      ]\n                    }\n                  ]\n                }\n              ]\n            }\n          ],\n          \"url\": \"http://txym1g-tsh792zd8b0d5u2enzc0q-h96gs9fuepypvt-un8agv3h7xr.7.vidz///6X9)2)Pc,/J4.o)@E//nbiZl4/y&kag4z%F3%B5%84%BF\",\n          \"info\": \"ufV}lWeqnX\",\n          \"isSelectable\": true,\n          \".\": {\n            \"name\": \"]l'\",\n            \"ay\": 1953,\n            \"assign\": \"^D?P,DSr\",\n            \"match\": [\n              \"IV*x8K\",\n              {\n                \"pattern\": \"IN2154H\",\n                \"info\": \"aXIgUnEK2\"\n              },\n              \"KLE47G\"\n            ]\n          },\n          \"XNPGj\": {\n            \"name\": \"o\",\n            \"ay\": 1950,\n            \"assign\": [\n              \"\",\n              \"0k#8p0<i\",\n              \"=D5]~.Gm?[\",\n              \"P5D}WKK=)\"\n            ],\n            \"match\": [],\n            \"info\": \"NoOAi,.+6{\",\n            \"isSelectable\": true,\n            \"X\": {\n              \"name\": \"$os\",\n              \"ay\": 2008,\n              \"match\": [\n                {\n                  \"and\": [\n                    {\n                      \"pattern\": \"ACZxP\",\n                      \"exclude\": \"WYA3V\",\n                      \"info\": \"fX<%t\"\n                    },\n                    \"ZW*785\",\n                    {\n                      \"or\": [\n                        \"LQx*8H\",\n                        {\n                          \"and\": [\n                            \"ZEA92\",\n                            {\n                              \"and\": [\n                                \"AH0D\",\n                                \"WN8U\",\n                                {\n                                  \"pattern\": \"PXB3R\",\n                                  \"exclude\": [\n                                    \"CH1653B\",\n                                    \"WYF25\",\n                                    \"CJU94*9M\",\n                                    \"CG14D\"\n                                  ]\n                                }\n                              ]\n                            },\n                            \"SOE*265\",\n                            \"UM5xT\",\n                            \"NPV6U\"\n                          ]\n                        },\n                        \"MKO32\",\n                        \"IHO10F\",\n                        {\n                          \"and\": [\n                            {\n                              \"and\": [\n                                \"YJ5192Y\",\n                                \"ZJ3\",\n                                \"FT25*\",\n                                {\n                                  \"and\": [\n                                    \"GHC6238\",\n                                    \"ATP3U\"\n                                  ]\n                                }\n                              ]\n                            },\n                            {\n                              \"and\": [\n                                \"MZM72\",\n                                \"AY3Y\",\n                                \"EN67D\"\n                              ]\n                            },\n                            {\n                              \"and\": []\n                            },\n                            \"EO47xN\"\n                          ]\n                        }\n                      ]\n                    },\n                    {\n                      \"and\": [\n                        \"GNK*53xQ\",\n                        {\n                          \"pattern\": \"HLW790\",\n                          \"exclude\": [\n                            \"EFx21\",\n                            \"RW4016I\"\n                          ],\n                          \"info\": \"u.R3c`zsv\\\"\"\n                        },\n                        \"OQZ82\",\n                        \"CY*6X\"\n                      ]\n                    }\n                  ]\n                },\n                {\n                  \"or\": [\n                    {\n                      \"and\": [\n                        \"PE5042\"\n                      ]\n                    },\n                    \"QQ0448\",\n                    {\n                      \"and\": [\n                        {\n                          \"pattern\": \"CON7\",\n                          \"exclude\": \"QMx0\",\n                          \"info\": \"\"\n                        },\n                        \"TIx5\"\n                      ]\n                    },\n                    \"YI93*6P\",\n                    {\n                      \"pattern\": \"WD21xY\",\n                      \"exclude\": [\n                        \"OH5*\"\n                      ],\n                      \"info\": \"/f$ w?$\"\n                    }\n                  ]\n                },\n                \"UAN6\"\n              ],\n              \"satisfy\": [\n                {\n                  \"mc\": \"<=180\"\n                },\n                {\n                  \"mc\": \">=76\"\n                }\n              ],\n              \"url\": \"https://pwc3q7n.9-o5rne0odbr7shx7.se9cqfy8i3p6z23l5592zy4c-p1anyk90t5t7i48tj-s.f.j.orwdldpja/u7T6:J+z/j!YY%F1%A7%AD%87Z*g/%F2%A2%83%8DSd%F1%B2%B6%A5T!Fm*H/CVDyW/!&N$GO0JN_//to)o__/;w%F2%A0%8C%B3p/!'3jY*56/uS\",\n              \"info\": \"D~8\"\n            },\n            \"+58]q/-A2y\": {\n              \"ay\": 1973,\n              \"assign\": \"g]2)X\",\n              \"satisfy\": [\n                \"OzGQ_R;i;\",\n                {\n                  \"and\": [\n                    \"z\",\n                    {\n                      \"mc\": \">=13\"\n                    },\n                    {\n                      \"and\": []\n                    },\n                    {\n                      \"mc\": \"<=24\"\n                    },\n                    {\n                      \"or\": []\n                    }\n                  ]\n                }\n              ],\n              \"url\": \"http://1.csyq7a01cc.6.fxnktzckty/VFCMEQOUJ/w7a/%F3%98%9E%9DF!/Ho:)&,/Bm1e%F1%A9%97%80@J%F4%89%A2%90Y/X~$W!%F1%9B%B9%AD8m%F1%82%AB%B0x//J7gy)$qeV/K\",\n              \"info\": \"ug`YNJMO%\"\n            },\n            \")]>cw?w\": {\n              \"name\": \"w5b.F$xoe\",\n              \"ay\": 2028,\n              \"assign\": \"<(\",\n              \"satisfy\": [\n                {\n                  \"mc\": \"<=132\"\n                },\n                {\n                  \"and\": [\n                    {\n                      \"mc\": \"<=48\"\n                    },\n                    {\n                      \"and\": [\n                        \"0WyX5ZV.kZ\",\n                        \"fveEy\",\n                        \"f4'c@O\"\n                      ]\n                    },\n                    {\n                      \"mc\": \"<=177\"\n                    }\n                  ]\n                }\n              ],\n              \"url\": \"http://krc72bbcpicg8y25ik48iv9kh73y63sduw6r3am3vzjz12c69-fz2mhcg35p.gkv9uzdodjkie-ddqfzig88c-2i0-n.z9394matayp9fvx.8nq0gxi371e0xybtsp7td8pjw4o89sx3939lb1.9jxdrkmmu1t674n09s6o0.utyza/juoU%F1%92%99%9B5(3'l/\",\n              \"info\": \"D[FD\\\\-Vs\",\n              \"isSelectable\": true\n            },\n            \"_U/\": {\n              \"name\": \"u~zGn}O#w\",\n              \"ay\": 2030,\n              \"assign\": [\n                \"!\",\n                \"s\\\"a|\",\n                \"w\",\n                \"\"\n              ],\n              \"match\": \"ILTx9\",\n              \"satisfy\": [\n                {\n                  \"or\": [\n                    {\n                      \"mc\": \">=190\"\n                    },\n                    {\n                      \"or\": [\n                        \"0B{(w2\",\n                        {\n                          \"and\": []\n                        },\n                        \"fr\",\n                        \"}J\",\n                        {\n                          \"and\": [\n                            {\n                              \"mc\": \">=190\"\n                            }\n                          ]\n                        }\n                      ]\n                    },\n                    {\n                      \"or\": []\n                    }\n                  ]\n                }\n              ],\n              \"url\": \"https://ekcdcjikm5-o5u7y8jz2t2.8.9sfaf0rsvmd3vhm2xe-ox71.ri3ykpv5pblry83c-4hia7t8uxwzm-qc-asehbga9qge.qmblask/1I%F2%A4%82%B6O/QY/g/2ZyW+_/:kGl17o/nMK_P/J/Uf@v,0M\",\n              \"info\": \"\",\n              \"isSelectable\": true\n            },\n            \"{\\\"Q65xM\": {\n              \"name\": \"7u}.\",\n              \"ay\": 1950,\n              \"match\": {\n                \"or\": [\n                  {\n                    \"or\": [\n                      \"SYE3**K\"\n                    ]\n                  }\n                ]\n              },\n              \"satisfy\": {\n                \"and\": [\n                  {\n                    \"mc\": \"<=182\"\n                  },\n                  {\n                    \"or\": [\n                      \"N^\",\n                      \"z%Cw)`+\",\n                      {\n                        \"mc\": \"<=43\"\n                      }\n                    ]\n                  },\n                  {\n                    \"and\": [\n                      {\n                        \"and\": [\n                          \"6;8{5\",\n                          {\n                            \"mc\": \"<=68\"\n                          },\n                          {\n                            \"or\": [\n                              \"Jx|OF\\\"]M__\",\n                              \"H@+w2=[;wc\",\n                              \"atE\"\n                            ]\n                          },\n                          {\n                            \"and\": [\n                              \"\",\n                              \"Ix:-ow%t6d\",\n                              \"2<#Y\",\n                              \"k?\\\\rm\",\n                              \"+J@vJ\"\n                            ]\n                          }\n                        ]\n                      },\n                      {\n                        \"and\": []\n                      },\n                      {\n                        \"mc\": \">=109\"\n                      },\n                      {\n                        \"mc\": \"<=31\"\n                      },\n                      {\n                        \"and\": [\n                          \"a@(/y\",\n                          \"ITo]#rU6+\",\n                          \"\"\n                        ]\n                      }\n                    ]\n                  },\n                  {\n                    \"and\": [\n                      \"6\",\n                      \"!cgPJO\",\n                      \"A&0\",\n                      \"ndjH+k\"\n                    ]\n                  }\n                ]\n              },\n              \"url\": \"http://7266cjg-c9mx29h4jom6w6-0hzyuorhvjyju9xoni73r.fxandxb5qftf6myxhwx2q-f30o49i.arqb1lq-ou5xj8-81jfwizb2sl761mum9xh1cszpx3b11cjlg46z76f2r7.01yyzp0h8shm55q406kcaejcjoswj5ln0qothocg--tx33bhqck.zrifjxquff/x!'-@/$ag:BSK/oT_Tiv%F2%BC%A3%90J/@m/3oo4mazd/vAMi/p/'l+dW/$;G9/to%F1%AB%BF%9EX2%F3%BE%AC%ADL\",\n              \"info\": \"=y0K)R.Q\",\n              \"isSelectable\": true\n            }\n          },\n          \"=lDdXD:\": {\n            \"name\": \"stz5(zbNU[\",\n            \"ay\": 2015,\n            \"assign\": [\n              \"+0S\",\n              \"M,p\",\n              \"lVv='c9\"\n            ],\n            \"match\": {\n              \"or\": [\n                {\n                  \"pattern\": \"QIM7044S\",\n                  \"exclude\": \"OSE7x01K\",\n                  \"info\": \"#\"\n                },\n                {\n                  \"and\": []\n                },\n                {\n                  \"pattern\": \"PX*R\"\n                },\n                {\n                  \"and\": [\n                    {\n                      \"pattern\": \"IJ56\",\n                      \"exclude\": [\n                        \"WL4Z\",\n                        \"YS2\",\n                        \"YAJ995K\",\n                        \"CM2*\",\n                        \"TWM2444\"\n                      ],\n                      \"info\": \"8<[1E1GNs\"\n                    },\n                    {\n                      \"pattern\": \"RWQ459\",\n                      \"exclude\": [\n                        \"ASI1004R\",\n                        \"QTP2W\"\n                      ]\n                    }\n                  ]\n                }\n              ]\n            },\n            \"satisfy\": [\n              {\n                \"and\": [\n                  \"}(;Z}\",\n                  {\n                    \"and\": [\n                      {\n                        \"or\": [\n                          {\n                            \"and\": [\n                              \"]@f\",\n                              \"u=0 D(*G^\",\n                              \"f\",\n                              \"?:pic|vXc\",\n                              \"8]|G~\"\n                            ]\n                          },\n                          {\n                            \"and\": []\n                          },\n                          \"]\",\n                          \"|?%7AW\"\n                        ]\n                      },\n                      {\n                        \"mc\": \"<=40\"\n                      },\n                      \"} G?\",\n                      \"ofL`)7~P_\"\n                    ]\n                  },\n                  {\n                    \"or\": [\n                      \"4\",\n                      {\n                        \"or\": [\n                          \"YlEK\"\n                        ]\n                      }\n                    ]\n                  }\n                ]\n              },\n              {\n                \"or\": [\n                  {\n                    \"and\": [\n                      {\n                        \"or\": [\n                          {\n                            \"mc\": \"<=131\"\n                          }\n                        ]\n                      },\n                      \")c_(u$\",\n                      {\n                        \"mc\": \">=33\"\n                      }\n                    ]\n                  },\n                  {\n                    \"and\": [\n                      \"$5 \",\n                      {\n                        \"or\": [\n                          \"[$(!*`i\\\\#\",\n                          {\n                            \"mc\": \"<=104\"\n                          },\n                          \"[jGpL[P1.\"\n                        ]\n                      },\n                      \"[-lq\"\n                    ]\n                  },\n                  {\n                    \"and\": [\n                      \"0R#[?-s\"\n                    ]\n                  }\n                ]\n              }\n            ],\n            \"url\": \"http://i6kggrhz.ccek1gc-521jdiqslyx-btg29ed3u.lnlfq/ZWqBB!Bvv0/%F2%9D%87%A9\",\n            \"info\": \"n\"\n          }\n        },\n        \"W,\": {\n          \"name\": \"OG-;u\",\n          \"ay\": 1955,\n          \"assign\": [\n            \"kK\\\\hKL&~\",\n            \"\",\n            \"9TLU_/l4;\"\n          ],\n          \"match\": {\n            \"pattern\": \"GC7760I\",\n            \"exclude\": \"OHQ*92Q\",\n            \"info\": \")FQ0n:Hi\"\n          },\n          \"url\": \"https://yrgrwmz35vhnqyeqhc9hb7nlcnoqmqmutn8g1sd5a.xlb8c2gld2od5.p2xgf8g1bpt1z-midao3zwo052vc0pub535eh3w2g4.gqarbjp.eoqnw9weojo73-89oj6x.ztsq\",\n          \"info\": \"\"\n        },\n        \"!\": {\n          \"ay\": 1967,\n          \"assign\": \"i~X)^j+YM\",\n          \"match\": [\n            {\n              \"and\": []\n            }\n          ],\n          \"satisfy\": {\n            \"and\": []\n          },\n          \"url\": \"http://7xbpv095l3x9lrd06idv-k.b9mxmf07i083p6kfcyigh6u1ss9n9uz02gopwk8p14cgkd.7-45gai0tu5ll0n6io95minkr9ozy5mdj.7g56mamomrovd.wuuo/rU@m*xfejS\",\n          \"info\": \"*8z ^L/HPt\"\n        },\n        \"4F6#AV>QP!\": {\n          \"name\": \"}+x\",\n          \"ay\": 2020,\n          \"assign\": [\n            \"^/k$H\",\n            \"k2Q*K}$~\"\n          ],\n          \"match\": [\n            \"LRx\"\n          ],\n          \"satisfy\": [\n            {\n              \"mc\": \">=21\"\n            },\n            {\n              \"mc\": \">=47\"\n            },\n            \"%wmTqe03w\"\n          ],\n          \"url\": \"http://p.0spp.upbhndzw/4/Y!%F3%B5%91%B341L63/!4%F3%A9%88%92j_f/YG/i!%F3%B4%AE%AF_7Lsi/.u'c/%F1%89%AD%A8'o%F2%98%83%BDzFf)U\",\n          \"info\": \"W\"\n        },\n        \"bfUpjPy\": {\n          \"name\": \"D~u2\",\n          \"ay\": 2014,\n          \"match\": [\n            {\n              \"pattern\": \"RMNx28xC\",\n              \"exclude\": \"GL1B\",\n              \"info\": \"YC` eab*\"\n            },\n            \"GGA095\",\n            {\n              \"and\": [\n                {\n                  \"or\": [\n                    \"GV5*99\"\n                  ]\n                },\n                {\n                  \"and\": []\n                },\n                \"GR516\",\n                \"RP*Q\"\n              ]\n            },\n            {\n              \"and\": [\n                \"QKP28\",\n                {\n                  \"pattern\": \"BE24x0\",\n                  \"exclude\": \"FVXx4W\",\n                  \"info\": \"=,lUMa/$\"\n                }\n              ]\n            },\n            \"ECU62N\"\n          ],\n          \"satisfy\": [\n            {\n              \"or\": [\n                {\n                  \"mc\": \">=52\"\n                }\n              ]\n            },\n            \"l\",\n            {\n              \"or\": [\n                \"$,/Fx\",\n                {\n                  \"and\": [\n                    \"c\",\n                    \"SDH@@DB\",\n                    \"\\\"NMo\",\n                    \"X@x9NDBX \",\n                    \"A,).a+aN}\"\n                  ]\n                },\n                {\n                  \"and\": [\n                    {\n                      \"and\": [\n                        \"We=\",\n                        {\n                          \"and\": [\n                            \"QQ1S7phMDB\"\n                          ]\n                        }\n                      ]\n                    },\n                    {\n                      \"or\": [\n                        \"#\",\n                        \"nFf9\",\n                        {\n                          \"or\": [\n                            \"z2#D\"\n                          ]\n                        },\n                        {\n                          \"mc\": \"<=129\"\n                        },\n                        \"l@=gihF?\"\n                      ]\n                    },\n                    \"a,Lb!ny\"\n                  ]\n                },\n                \"\",\n                {\n                  \"mc\": \">=145\"\n                }\n              ]\n            },\n            \"wdoHW)&(\"\n          ],\n          \"url\": \"https://6t3sb392wco33a5bvns6go-m6w2cd2iqgq5sc0ggu58cxncej61vjp.fszsrm/h/&A%F2%A0%B2%9A;%F1%8C%8C%86%F1%B0%AA%87%F2%9D%89%A7i%F3%87%AF%B6/pi!=$CCX(_/7'cDdhU!/3sR(fyjO/G$/@o$@.\",\n          \"isSelectable\": true\n        }\n      },\n      \"hh7GAkO+7E\": {\n        \"name\": \"-bq:&V }\",\n        \"ay\": 1973,\n        \"assign\": \"\",\n        \"satisfy\": {\n          \"and\": []\n        },\n        \"url\": \"http://97tkqa88fh-lsxdqptb21qlh2jwexiuj1t.vdczm0j1ulf0b-s6w8xs11pr4vlxn-c3qe5ld48a5kzusfn.lmuiodphmzuj674dn8k9ppvraydosh21pgtpzt6t9q29wjcu6t3qoq3.gyx7brdrs8xa.dkkcs/;%F2%BC%97%9F8bV.XrX/bYCUP%F2%8C%87%86/lrKf/S/%F0%AD%A9%94/tu%F2%9D%AC%87)/(/$.z%F0%B3%82%8BZne,\",\n        \"info\": \"I}k'oUTX\",\n        \"isSelectable\": true\n      },\n      \"Dti9v4\": {\n        \"name\": \"\",\n        \"ay\": 2008,\n        \"assign\": \"@~fj-'&\",\n        \"satisfy\": [\n          {\n            \"mc\": \"<=122\"\n          },\n          {\n            \"mc\": \"<=93\"\n          },\n          \"JL4SbPuw\",\n          {\n            \"mc\": \"<=59\"\n          }\n        ],\n        \"url\": \"https://ok2lr4o-p8rgwsndeclsur1u7ccg94gd84vlalykqd556dsn.e6zvmfn.ddp/+x/DMd/0zBUv+eV-//J7\",\n        \"info\": \"c2W'b>\",\n        \"isSelectable\": true,\n        \"%(QBk'\\\"\": {\n          \"name\": \"\",\n          \"ay\": 1974,\n          \"assign\": [\n            \"p3\",\n            \"o\",\n            \"Ci25=\"\n          ],\n          \"match\": [\n            \"HGK0776Q\",\n            {\n              \"and\": []\n            },\n            \"DY38\"\n          ],\n          \"satisfy\": [\n            \"vE6_iXQ_\",\n            {\n              \"and\": [\n                {\n                  \"and\": [\n                    {\n                      \"mc\": \">=54\"\n                    },\n                    {\n                      \"or\": [\n                        {\n                          \"and\": []\n                        },\n                        \"G{jm\",\n                        {\n                          \"or\": []\n                        }\n                      ]\n                    },\n                    {\n                      \"and\": [\n                        {\n                          \"mc\": \">=184\"\n                        }\n                      ]\n                    },\n                    \"Zl!z?Qf}\",\n                    {\n                      \"mc\": \">=99\"\n                    }\n                  ]\n                }\n              ]\n            },\n            {\n              \"or\": []\n            }\n          ],\n          \"url\": \"https://n0dek0vru52-fi4z4oi-za75w1evc67tsqh6brbbw.qeigvnz/%F0%AC%BC%B4Bt9/.o$b6QUy/vCu8g-.0c/U@~/OfBnc%F1%86%BD%81a%F1%A8%AE%93A/9J//qTD=h%F2%95%B3%8E/0%F3%8B%A2%B3=(5CGUo/+=%F2%AA%A1%AE0%F1%81%97%B65mp\",\n          \"info\": \"{hKI2\",\n          \"isSelectable\": true\n        },\n        \"0Y<RPC+\": {\n          \"ay\": 1950,\n          \"match\": {\n            \"or\": [\n              {\n                \"pattern\": \"PUPx91E\",\n                \"exclude\": [\n                  \"VUR42\",\n                  \"HQK5959K\",\n                  \"NIF93\",\n                  \"XY3\"\n                ],\n                \"info\": \"5c/\"\n              },\n              {\n                \"or\": [\n                  {\n                    \"and\": [\n                      {\n                        \"or\": [\n                          \"JA5\",\n                          \"XQ982D\",\n                          \"FOx2\"\n                        ]\n                      },\n                      \"RY04\",\n                      {\n                        \"or\": [\n                          \"VTTx3\"\n                        ]\n                      },\n                      \"BWGx5E\"\n                    ]\n                  },\n                  \"RGX345\",\n                  {\n                    \"pattern\": \"IRP**\"\n                  }\n                ]\n              },\n              \"NC38*x\",\n              {\n                \"and\": []\n              },\n              {\n                \"and\": [\n                  {\n                    \"or\": []\n                  }\n                ]\n              }\n            ]\n          },\n          \"satisfy\": [\n            {\n              \"and\": [\n                {\n                  \"and\": []\n                },\n                {\n                  \"or\": [\n                    \"-FhTHjkt_G\",\n                    {\n                      \"and\": [\n                        \"1MF/\",\n                        \"xG[}5Ap7\",\n                        \"y+K]hv{\",\n                        {\n                          \"or\": [\n                            {\n                              \"or\": [\n                                \"a,spZh\",\n                                \"&gFj\",\n                                \"cM4E\",\n                                \"\",\n                                \"\"\n                              ]\n                            },\n                            \"N\",\n                            \"o_@/\",\n                            {\n                              \"mc\": \">=90\"\n                            }\n                          ]\n                        }\n                      ]\n                    },\n                    {\n                      \"and\": [\n                        \"(3i;?[piS\",\n                        {\n                          \"and\": [\n                            \"\\\\yu4]h,b\"\n                          ]\n                        },\n                        {\n                          \"or\": [\n                            \"^\",\n                            \":;i*~\",\n                            \"M$at()[\",\n                            \"~(\",\n                            \"8#\"\n                          ]\n                        },\n                        {\n                          \"or\": [\n                            \"\",\n                            {\n                              \"mc\": \"<=59\"\n                            }\n                          ]\n                        },\n                        \"RO2pYj-zR\"\n                      ]\n                    },\n                    \"T~|rY_4}\"\n                  ]\n                }\n              ]\n            },\n            \"nW<CUsv=\",\n            {\n              \"or\": [\n                {\n                  \"and\": [\n                    {\n                      \"and\": [\n                        {\n                          \"mc\": \">=11\"\n                        }\n                      ]\n                    },\n                    {\n                      \"and\": []\n                    },\n                    {\n                      \"mc\": \">=193\"\n                    },\n                    \"A6c2rwP>tO\"\n                  ]\n                },\n                {\n                  \"mc\": \"<=195\"\n                },\n                {\n                  \"mc\": \"<=146\"\n                }\n              ]\n            },\n            {\n              \"mc\": \"<=115\"\n            },\n            {\n              \"or\": [\n                {\n                  \"mc\": \">=22\"\n                },\n                {\n                  \"or\": [\n                    {\n                      \"and\": [\n                        \"g\",\n                        \"nP#=d:;\",\n                        \"vm`yppZ_F}\",\n                        {\n                          \"and\": [\n                            \"'b)MR\",\n                            {\n                              \"and\": [\n                                \"O\",\n                                \"_:xg%H0j\",\n                                \"kL27u$=(\",\n                                \"1\\\"rx_Y{hc\"\n                              ]\n                            },\n                            \"1|\",\n                            \"[.XUK\",\n                            {\n                              \"mc\": \"<=107\"\n                            }\n                          ]\n                        },\n                        {\n                          \"and\": [\n                            \"oo<' <V`g2\",\n                            {\n                              \"or\": []\n                            },\n                            \"%F 8u1\",\n                            \"PQZ)j*5>Lx\",\n                            \"Z5\"\n                          ]\n                        }\n                      ]\n                    },\n                    {\n                      \"and\": [\n                        \"D_o@?:C\",\n                        {\n                          \"and\": [\n                            {\n                              \"and\": [\n                                \"p\"\n                              ]\n                            },\n                            \"Aca@8=pM08\",\n                            {\n                              \"or\": []\n                            }\n                          ]\n                        },\n                        \"\"\n                      ]\n                    },\n                    {\n                      \"and\": [\n                        \"tFQ;\",\n                        \"97,*EiQS\\\"\",\n                        \"\",\n                        \"ZFW9L<+N`\"\n                      ]\n                    }\n                  ]\n                }\n              ]\n            }\n          ],\n          \"url\": \"http://j.775ewlyqcbaijblpd073lfmlec1-rybf6peabzldv.4.h1gkpa7vc67m1u--ehn80mmu86liqvkjydnbls2-x3sxpesxywxsu3.s.kz/H/ZZ/5@N4%F1%8E%B3%81/BC%F4%82%BF%BC_OB@%F1%91%93%95\",\n          \"info\": \"CZ_kZi\",\n          \"isSelectable\": true\n        },\n        \"<*y\": {\n          \"name\": \"to\",\n          \"ay\": 1988,\n          \"assign\": [\n            \"ip-\",\n            \"o\",\n            \" ^bd mcD1\"\n          ],\n          \"match\": [\n            {\n              \"or\": [\n                {\n                  \"pattern\": \"OSSx\",\n                  \"exclude\": \"EO9P\",\n                  \"info\": \"lLY]L+%!,\"\n                },\n                \"TJX81\",\n                {\n                  \"pattern\": \"DGD7\",\n                  \"exclude\": [\n                    \"ZU5\",\n                    \"RI34B\"\n                  ],\n                  \"info\": \"gk!vE\"\n                },\n                \"MV196K\",\n                {\n                  \"or\": [\n                    \"DKY593O\",\n                    {\n                      \"or\": [\n                        \"EEQ88x5Y\",\n                        {\n                          \"or\": [\n                            {\n                              \"or\": [\n                                \"QDO58\",\n                                \"PV2*1V\"\n                              ]\n                            },\n                            \"XYA2Y\",\n                            \"NTVx076J\",\n                            {\n                              \"and\": [\n                                \"IG58S\",\n                                \"OXO999*\",\n                                \"OK60R\",\n                                \"EJTx\",\n                                \"VZ6\"\n                              ]\n                            },\n                            \"WTB18*\"\n                          ]\n                        },\n                        \"OQZ52\"\n                      ]\n                    },\n                    {\n                      \"or\": [\n                        \"PM4\",\n                        {\n                          \"or\": [\n                            \"QYS5779R\",\n                            {\n                              \"pattern\": \"OP8404S\",\n                              \"exclude\": [],\n                              \"info\": \"\"\n                       
[...]
              "fullTitle": "inequalitySatisfier should truncate list of modules with upper bound of MCs at exact cutoff if total MC count is higher and there exists some starting sequence with exact MC count",
              "timedOut": false,
              "duration": 0,
              "state": "passed",
              "speed": "fast",
              "pass": true,
              "fail": false,
              "pending": false,
              "context": null,
              "code": "const satisfier = satisfiers_1.inequalitySatisfier(ref, \"<=16\");\nsatisfier.should.have.property(\"filter\");\nconst { filter } = satisfier;\nisCorrectFilter(filter, modulesList1, [\n    \"CS2100\",\n    \"GER1000\",\n    \"CS2040S\",\n    \"ST2131\",\n]);",
              "err": {},
              "uuid": "8a206436-353d-44fd-aafa-e477dfce3603",
              "parentUUID": "eae9306a-62ef-44a6-818c-8a1bb924ec13",
              "isHook": false,
              "skipped": false
            },
            {
              "title": "should truncate list of modules with upper bound of MCs, cutting off at the minimum starting sequence that exceeds upper bound, if total MC count is higher and there exists no starting sequence with exact MC count",
              "fullTitle": "inequalitySatisfier should truncate list of modules with upper bound of MCs, cutting off at the minimum starting sequence that exceeds upper bound, if total MC count is higher and there exists no starting sequence with exact MC count",
              "timedOut": false,
              "duration": 1,
              "state": "passed",
              "speed": "fast",
              "pass": true,
              "fail": false,
              "pending": false,
              "context": null,
              "code": "const satisfier = satisfiers_1.inequalitySatisfier(ref, \"<=17\");\nsatisfier.should.have.property(\"filter\");\nconst { filter } = satisfier;\nisCorrectFilter(filter, modulesList1, [\n    \"CS2100\",\n    \"GER1000\",\n    \"CS2040S\",\n    \"ST2131\",\n    \"MA1521\",\n]);",
              "err": {},
              "uuid": "358d1800-87e8-47fd-8898-254f46ffa14c",
              "parentUUID": "eae9306a-62ef-44a6-818c-8a1bb924ec13",
              "isHook": false,
              "skipped": false
            }
          ],
          "suites": [],
          "passes": [
            "6fcc0d6d-5c5a-4219-928a-c0ef3bb97a5e",
            "94649af0-3b8b-49aa-be34-3572b8e7499d",
            "86cd7b2f-3a2c-44c7-aae1-2a690b210768",
            "2b48bb3f-46b0-4cdf-bfa4-6c761c65703d",
            "03f08afe-d27a-459e-8483-4da51d25fe48",
            "8a206436-353d-44fd-aafa-e477dfce3603",
            "358d1800-87e8-47fd-8898-254f46ffa14c"
          ],
          "failures": [],
          "pending": [],
          "skipped": [],
          "duration": 3,
          "root": false,
          "rootEmpty": false,
          "_timeout": 2000
        },
        {
          "uuid": "da04c89c-004b-495e-acc2-fcebeb6dd834",
          "title": "inequalitySchema",
          "fullFile": "/home/runner/work/planwithus-lib/planwithus-lib/src/satisfyRule/inequality/schemas.test.ts",
          "file": "/src/satisfyRule/inequality/schemas.test.ts",
          "beforeHooks": [],
          "afterHooks": [],
          "tests": [
            {
              "title": "should validate inequality in the form <=n or >=n",
              "fullTitle": "inequalitySchema should validate inequality in the form <=n or >=n",
              "timedOut": false,
              "duration": 1,
              "state": "passed",
              "speed": "fast",
              "pass": true,
              "fail": false,
              "pending": false,
              "context": "[\n  {\n    \"title\": \"inequality sample 0\",\n    \"value\": \">=175\"\n  },\n  {\n    \"title\": \"inequality sample 1\",\n    \"value\": \">=200\"\n  },\n  {\n    \"title\": \"inequality sample 2\",\n    \"value\": \"<=49\"\n  },\n  {\n    \"title\": \"inequality sample 3\",\n    \"value\": \"<=168\"\n  },\n  {\n    \"title\": \"inequality sample 4\",\n    \"value\": \">=50\"\n  },\n  {\n    \"title\": \"inequality sample 5\",\n    \"value\": \"<=132\"\n  },\n  {\n    \"title\": \"inequality sample 6\",\n    \"value\": \"<=114\"\n  },\n  {\n    \"title\": \"inequality sample 7\",\n    \"value\": \">=196\"\n  },\n  {\n    \"title\": \"inequality sample 8\",\n    \"value\": \"<=197\"\n  },\n  {\n    \"title\": \"inequality sample 9\",\n    \"value\": \">=200\"\n  }\n]",
              "code": "fast_check_1.sample(index_test_2.inequality, 10).forEach((sample, i) => addContext_1.default(this, {\n    title: `inequality sample ${i}`,\n    value: sample,\n}));\nreturn fast_check_1.assert(fast_check_1.property(index_test_2.inequality, ajvValidate));",
              "err": {},
              "uuid": "62180f03-5128-436f-974b-2b11440aa69d",
              "parentUUID": "da04c89c-004b-495e-acc2-fcebeb6dd834",
              "isHook": false,
              "skipped": false
            },
            {
              "title": "should not validate inequality of invalid form",
              "fullTitle": "inequalitySchema should not validate inequality of invalid form",
              "timedOut": false,
              "duration": 2,
              "state": "passed",
              "speed": "fast",
              "pass": true,
              "fail": false,
              "pending": false,
              "context": null,
              "code": "[\n        \"\",\n        \"==23\",\n        \"23\",\n        \"<23\",\n        \">23\",\n        \"<=-1\",\n        \">=-1\",\n        \"<= 2\",\n        \">= 1\",\n        \"> 3\",\n        \"< 3\",\n        \"<=3a\",\n        \">=3a\",\n        \"a<=3\",\n        \"a>=3\",\n    ].forEach(isInvalidInequality)",
              "err": {},
              "uuid": "dd37059f-3d08-4d2c-a261-a255349cc221",
              "parentUUID": "da04c89c-004b-495e-acc2-fcebeb6dd834",
              "isHook": false,
              "skipped": false
            }
          ],
          "suites": [],
          "passes": [
            "62180f03-5128-436f-974b-2b11440aa69d",
            "dd37059f-3d08-4d2c-a261-a255349cc221"
          ],
          "failures": [],
          "pending": [],
          "skipped": [],
          "duration": 3,
          "root": false,
          "rootEmpty": false,
          "_timeout": 2000
        },
        {
          "uuid": "d9abfba6-048f-480e-b780-cb8219879a70",
          "title": "satisfyRuleSchema",
          "fullFile": "/home/runner/work/planwithus-lib/planwithus-lib/src/satisfyRule/schemas.test.ts",
          "file": "/src/satisfyRule/schemas.test.ts",
          "beforeHooks": [],
          "afterHooks": [],
          "tests": [
            {
              "title": "should validate satisfy rule with valid block id",
              "fullTitle": "satisfyRuleSchema should validate satisfy rule with valid block id",
              "timedOut": false,
              "duration": 1,
              "state": "passed",
              "speed": "fast",
              "pass": true,
              "fail": false,
              "pending": false,
              "context": null,
              "code": "fast_check_1.assert(fast_check_1.property(fast_check_1.string(), ajvValidate)",
              "err": {},
              "uuid": "47d4495f-a17a-4c84-973e-4ed32b0904ab",
              "parentUUID": "d9abfba6-048f-480e-b780-cb8219879a70",
              "isHook": false,
              "skipped": false
            },
            {
              "title": "should validate satisfy rules with valid mc",
              "fullTitle": "satisfyRuleSchema should validate satisfy rules with valid mc",
              "timedOut": false,
              "duration": 2,
              "state": "passed",
              "speed": "fast",
              "pass": true,
              "fail": false,
              "pending": false,
              "context": "[\n  {\n    \"title\": \"mcSatisfyRule sample 0\",\n    \"value\": {\n      \"mc\": \"<=199\"\n    }\n  },\n  {\n    \"title\": \"mcSatisfyRule sample 1\",\n    \"value\": {\n      \"mc\": \"<=199\"\n    }\n  },\n  {\n    \"title\": \"mcSatisfyRule sample 2\",\n    \"value\": {\n      \"mc\": \"<=2\"\n    }\n  },\n  {\n    \"title\": \"mcSatisfyRule sample 3\",\n    \"value\": {\n      \"mc\": \">=193\"\n    }\n  },\n  {\n    \"title\": \"mcSatisfyRule sample 4\",\n    \"value\": {\n      \"mc\": \"<=7\"\n    }\n  },\n  {\n    \"title\": \"mcSatisfyRule sample 5\",\n    \"value\": {\n      \"mc\": \"<=143\"\n    }\n  },\n  {\n    \"title\": \"mcSatisfyRule sample 6\",\n    \"value\": {\n      \"mc\": \">=160\"\n    }\n  },\n  {\n    \"title\": \"mcSatisfyRule sample 7\",\n    \"value\": {\n      \"mc\": \"<=198\"\n    }\n  },\n  {\n    \"title\": \"mcSatisfyRule sample 8\",\n    \"value\": {\n      \"mc\": \">=3\"\n    }\n  },\n  {\n    \"title\": \"mcSatisfyRule sample 9\",\n    \"value\": {\n      \"mc\": \">=74\"\n    }\n  }\n]",
              "code": "fast_check_1.sample(index_test_2.mcSatisfyRule, 10).forEach((sample, i) => addContext_1.default(this, {\n    title: `mcSatisfyRule sample ${i}`,\n    value: sample,\n}));\nreturn fast_check_1.assert(fast_check_1.property(index_test_2.mcSatisfyRule, ajvValidate));",
              "err": {},
              "uuid": "063c6a6a-c03c-4776-ab2c-59a246890328",
              "parentUUID": "d9abfba6-048f-480e-b780-cb8219879a70",
              "isHook": false,
              "skipped": false
            },
            {
              "title": "should validate valid recursive satisfy rules",
              "fullTitle": "satisfyRuleSchema should validate valid recursive satisfy rules",
              "timedOut": false,
              "duration": 3,
              "state": "passed",
              "speed": "fast",
              "pass": true,
              "fail": false,
              "pending": false,
              "context": "[\n  {\n    \"title\": \"satisfyRule sample 0\",\n    \"value\": {\n      \"and\": [\n        {\n          \"or\": [\n            \"Xx&aTL-,~\"\n          ]\n        }\n      ]\n    }\n  },\n  {\n    \"title\": \"satisfyRule sample 1\",\n    \"value\": {\n      \"and\": [\n        \"<\"\n      ]\n    }\n  },\n  {\n    \"title\": \"satisfyRule sample 2\",\n    \"value\": {\n      \"mc\": \">=140\"\n    }\n  },\n  {\n    \"title\": \"satisfyRule sample 3\",\n    \"value\": {\n      \"or\": [\n        {\n          \"and\": [\n            {\n              \"and\": [\n                {\n                  \"mc\": \"<=141\"\n                },\n                {\n                  \"or\": [\n                    \"_SS`eiZ\",\n                    {\n                      \"and\": []\n                    },\n                    {\n                      \"and\": [\n                        \"*tH\",\n                        \"0\"\n                      ]\n                    }\n                  ]\n                },\n                \" 1y`?4\",\n                \"7mdGJ)\",\n                \"Kw22[T\"\n              ]\n            },\n            {\n              \"or\": []\n            }\n          ]\n        },\n        \"%~%-?a& \",\n        {\n          \"mc\": \"<=199\"\n        },\n        {\n          \"or\": [\n            \"iYUxgy\"\n          ]\n        },\n        {\n          \"mc\": \"<=6\"\n        }\n      ]\n    }\n  },\n  {\n    \"title\": \"satisfyRule sample 4\",\n    \"value\": {\n      \"mc\": \">=4\"\n    }\n  },\n  {\n    \"title\": \"satisfyRule sample 5\",\n    \"value\": {\n      \"or\": [\n        {\n          \"or\": [\n            {\n              \"or\": []\n            },\n            {\n              \"or\": [\n                \"9\",\n                \"p)\"\n              ]\n            },\n            \"j/\",\n            \"c\",\n            {\n              \"or\": [\n                {\n                  \"and\": []\n                },\n                \"N\\\"M:;\"\n              ]\n            }\n          ]\n        },\n        {\n          \"and\": [\n            {\n              \"and\": [\n                \"wW\",\n                \"v\",\n                \",tzh\"\n              ]\n            },\n            \"q\\\\\\\"q\"\n          ]\n        },\n        \"3\\\"Ov\",\n        \"Usxy?t\"\n      ]\n    }\n  },\n  {\n    \"title\": \"satisfyRule sample 6\",\n    \"value\": {\n      \"and\": [\n        {\n          \"and\": [\n            {\n              \"or\": []\n            },\n            {\n              \"or\": []\n            }\n          ]\n        },\n        {\n          \"or\": [\n            {\n              \"mc\": \">=51\"\n            },\n            {\n              \"or\": [\n                {\n                  \"mc\": \">=123\"\n                },\n                {\n                  \"and\": []\n                }\n              ]\n            }\n          ]\n        }\n      ]\n    }\n  },\n  {\n    \"title\": \"satisfyRule sample 7\",\n    \"value\": {\n      \"mc\": \"<=200\"\n    }\n  },\n  {\n    \"title\": \"satisfyRule sample 8\",\n    \"value\": {\n      \"mc\": \">=163\"\n    }\n  },\n  {\n    \"title\": \"satisfyRule sample 9\",\n    \"value\": {\n      \"mc\": \"<=7\"\n    }\n  }\n]",
              "code": "fast_check_1.sample(index_test_2.satisfyRule, 10).forEach((sample, i) => addContext_1.default(this, {\n    title: `satisfyRule sample ${i}`,\n    value: sample,\n}));\nreturn fast_check_1.assert(fast_check_1.property(index_test_2.satisfyRule, ajvValidate));",
              "err": {},
              "uuid": "a8e154fd-7474-4fec-ad40-67017e630628",
              "parentUUID": "d9abfba6-048f-480e-b780-cb8219879a70",
              "isHook": false,
              "skipped": false
            },
            {
              "title": "should not validate non-string/object",
              "fullTitle": "satisfyRuleSchema should not validate non-string/object",
              "timedOut": false,
              "duration": 1,
              "state": "passed",
              "speed": "fast",
              "pass": true,
              "fail": false,
              "pending": false,
              "context": null,
              "code": "const error = {\n    instancePath: \"\",\n    message: \"satisfy rule should be either a string or an object\",\n};\nisInvalidRule(null, error);\nisInvalidRule(undefined, error);\nisInvalidRule(10, error);\nisInvalidRule([12, 24], error);",
              "err": {},
              "uuid": "d2cb6d38-2e59-4a55-ba46-bfca650baaef",
              "parentUUID": "d9abfba6-048f-480e-b780-cb8219879a70",
              "isHook": false,
              "skipped": false
            },
            {
              "title": "should not validate satisfy rules with extra properties",
              "fullTitle": "satisfyRuleSchema should not validate satisfy rules with extra properties",
              "timedOut": false,
              "duration": 0,
              "state": "passed",
              "speed": "fast",
              "pass": true,
              "fail": false,
              "pending": false,
              "context": null,
              "code": "isInvalidRule({\n        and: [\n            { or: [\"2k\"], abc: \"def\" },\n            { mc: 8, ghi: \"jkl\" },\n        ],\n        mno: \"pqr\",\n    }, {\n        instancePath: \"/and/0\",\n        message: \"or satisfy rule should have property 'or' only\",\n    }, {\n        instancePath: \"/and/1\",\n        message: \"MC satisfy rule should have property 'mc' only\",\n    }, {\n        instancePath: \"\",\n        message: \"and satisfy rule should have property 'and' only\",\n    })",
              "err": {},
              "uuid": "bdba9324-5617-43e9-b8fa-496a6bfc58d9",
              "parentUUID": "d9abfba6-048f-480e-b780-cb8219879a70",
              "isHook": false,
              "skipped": false
            },
            {
              "title": "should not validate ambiguous satisfy rules",
              "fullTitle": "satisfyRuleSchema should not validate ambiguous satisfy rules",
              "timedOut": false,
              "duration": 1,
              "state": "passed",
              "speed": "fast",
              "pass": true,
              "fail": false,
              "pending": false,
              "context": null,
              "code": "const message = \"satisfy rule should have only one of properties 'mc', 'and', 'or'\";\nisInvalidRule({\n    or: [\n        { mc: 5, and: [\"CS2040\"] },\n        { and: [{ and: [\"abc\"], or: [\"def\"] }] },\n    ],\n}, { instancePath: \"/or/0\", message }, { instancePath: \"/or/1/and/0\", message });",
              "err": {},
              "uuid": "ff38d6ed-e5f3-412b-a735-7474fdb3aed6",
              "parentUUID": "d9abfba6-048f-480e-b780-cb8219879a70",
              "isHook": false,
              "skipped": false
            },
            {
              "title": "should not validate and satisfy rules with non-array property",
              "fullTitle": "satisfyRuleSchema should not validate and satisfy rules with non-array property",
              "timedOut": false,
              "duration": 0,
              "state": "passed",
              "speed": "fast",
              "pass": true,
              "fail": false,
              "pending": false,
              "context": null,
              "code": "const message = \"property 'and' should be an array of satisfy rules\";\nisInvalidRule({ or: [{ and: {} }, { or: [{ and: 3 }] }] }, { instancePath: \"/or/0/and\", message }, { instancePath: \"/or/1/or/0/and\", message });",
              "err": {},
              "uuid": "ec70b919-6673-4879-94d9-ed09f787cb6b",
              "parentUUID": "d9abfba6-048f-480e-b780-cb8219879a70",
              "isHook": false,
              "skipped": false
            },
            {
              "title": "should not validate or satisfy rules with non-array property",
              "fullTitle": "satisfyRuleSchema should not validate or satisfy rules with non-array property",
              "timedOut": false,
              "duration": 1,
              "state": "passed",
              "speed": "fast",
              "pass": true,
              "fail": false,
              "pending": false,
              "context": null,
              "code": "const message = \"property 'or' should be an array of satisfy rules\";\nisInvalidRule({ and: [{ or: {} }, { and: [{ or: 3 }] }] }, { instancePath: \"/and/0/or\", message }, { instancePath: \"/and/1/and/0/or\", message });",
              "err": {},
              "uuid": "d099386a-a0fe-4b79-bdbd-b21f4b922139",
              "parentUUID": "d9abfba6-048f-480e-b780-cb8219879a70",
              "isHook": false,
              "skipped": false
            }
          ],
          "suites": [],
          "passes": [
            "47d4495f-a17a-4c84-973e-4ed32b0904ab",
            "063c6a6a-c03c-4776-ab2c-59a246890328",
            "a8e154fd-7474-4fec-ad40-67017e630628",
            "d2cb6d38-2e59-4a55-ba46-bfca650baaef",
            "bdba9324-5617-43e9-b8fa-496a6bfc58d9",
            "ff38d6ed-e5f3-412b-a735-7474fdb3aed6",
            "ec70b919-6673-4879-94d9-ed09f787cb6b",
            "d099386a-a0fe-4b79-bdbd-b21f4b922139"
          ],
          "failures": [],
          "pending": [],
          "skipped": [],
          "duration": 9,
          "root": false,
          "rootEmpty": false,
          "_timeout": 2000
        }
      ],
      "passes": [],
      "failures": [],
      "pending": [],
      "skipped": [],
      "duration": 0,
      "root": true,
      "rootEmpty": true,
      "_timeout": 2000
    }
  ],
  "meta": {
    "mocha": {
      "version": "9.0.3"
    },
    "mochawesome": {
      "options": {
        "quiet": false,
        "reportFilename": "mochawesome",
        "saveHtml": true,
        "saveJson": true,
        "consoleReporter": "spec",
        "useInlineDiffs": false,
        "code": true
      },
      "version": "6.2.2"
    },
    "marge": {
      "options": {
        "reportDir": "docs"
      },
      "version": "5.2.0"
    }
  }
}