{
  "stats": {
    "suites": 6,
    "tests": 29,
    "passes": 29,
    "pending": 0,
    "failures": 0,
    "start": "2021-06-29T06:43:29.210Z",
    "end": "2021-06-29T06:43:29.462Z",
    "duration": 252,
    "testsRegistered": 29,
    "passPercent": 100,
    "pendingPercent": 0,
    "other": 0,
    "hasOther": false,
    "skipped": 0,
    "hasSkipped": false
  },
  "results": [
    {
      "uuid": "893787a6-ec95-46d2-b9dc-5461711699c0",
      "title": "",
      "fullFile": "",
      "file": "",
      "beforeHooks": [],
      "afterHooks": [],
      "tests": [],
      "suites": [
        {
          "uuid": "26f51c9c-3667-4414-84d8-c9471d579fdf",
          "title": "initDirectories",
          "fullFile": "/home/runner/work/planwithus-lib/planwithus-lib/src/block/schemas.test.ts",
          "file": "/src/block/schemas.test.ts",
          "beforeHooks": [],
          "afterHooks": [],
          "tests": [
            {
              "title": "should parse all blocks with no errors",
              "fullTitle": "initDirectories should parse all blocks with no errors",
              "timedOut": false,
              "duration": 2,
              "state": "passed",
              "speed": "fast",
              "pass": true,
              "fail": false,
              "pending": false,
              "context": null,
              "code": "_1.initDirectories.should.not.throw()",
              "err": {},
              "uuid": "447cfc61-a0bf-4dfb-95ff-1578eb46f5fe",
              "parentUUID": "26f51c9c-3667-4414-84d8-c9471d579fdf",
              "isHook": false,
              "skipped": false
            },
            {
              "title": "should produce primary, second & minor directories",
              "fullTitle": "initDirectories should produce primary, second & minor directories",
              "timedOut": false,
              "duration": 42,
              "state": "passed",
              "speed": "medium",
              "pass": true,
              "fail": false,
              "pending": false,
              "context": null,
              "code": "const directories = await _1.initDirectories();\ndirectories.should.have.property(\"primary\");\ndirectories.should.have.property(\"second\");\ndirectories.should.have.property(\"minor\");",
              "err": {},
              "uuid": "dc8c9f73-a589-4556-9e9b-347a26bfda7f",
              "parentUUID": "26f51c9c-3667-4414-84d8-c9471d579fdf",
              "isHook": false,
              "skipped": false
            }
          ],
          "suites": [],
          "passes": [
            "447cfc61-a0bf-4dfb-95ff-1578eb46f5fe",
            "dc8c9f73-a589-4556-9e9b-347a26bfda7f"
          ],
          "failures": [],
          "pending": [],
          "skipped": [],
          "duration": 44,
          "root": false,
          "rootEmpty": false,
          "_timeout": 2000
        },
        {
          "uuid": "5d7f606d-5015-4304-a49b-b0970520e0c8",
          "title": "blockSchema",
          "fullFile": "/home/runner/work/planwithus-lib/planwithus-lib/src/block/schemas.test.ts",
          "file": "/src/block/schemas.test.ts",
          "beforeHooks": [],
          "afterHooks": [],
          "tests": [
            {
              "title": "should validate valid block",
              "fullTitle": "blockSchema should validate valid block",
              "timedOut": false,
              "duration": 162,
              "state": "passed",
              "speed": "slow",
              "pass": true,
              "fail": false,
              "pending": false,
              "context": "[\n  {\n    \"title\": \"block sample 0\",\n    \"value\": {\n      \"name\": \"R}0g%#bX?~\",\n      \"ay\": 1951,\n      \"assign\": \"\\\\\\\"\",\n      \"match\": [\n        {\n          \"and\": [\n            {\n              \"or\": [\n                \"DH83\",\n                {\n                  \"and\": [\n                    {\n                      \"or\": [\n                        \"SK2N\",\n                        \"SA3\",\n                        \"GH82\",\n                        {\n                          \"or\": []\n                        },\n                        {\n                          \"or\": [\n                            \"PR948\",\n                            {\n                              \"and\": [\n                                \"YMN6T\"\n                              ]\n                            }\n                          ]\n                        }\n                      ]\n                    },\n                    {\n                      \"or\": [\n                        \"FXO378H\"\n                      ]\n                    },\n                    \"EK1371\"\n                  ]\n                },\n                \"NPF483\",\n                {\n                  \"pattern\": \"ZBN2319M\",\n                  \"exclude\": [\n                    \"EX16S\",\n                    \"TG8I\",\n                    \"TK97\"\n                  ]\n                },\n                {\n                  \"pattern\": \"HN2209R\",\n                  \"exclude\": [],\n                  \"info\": \"[\"\n                }\n              ]\n            }\n          ]\n        },\n        \"PZL7D\",\n        {\n          \"pattern\": \"CQFxx\",\n          \"exclude\": [\n            \"EFM4\",\n            \"IJ58T\"\n          ],\n          \"info\": \"W\\\"\"\n        },\n        {\n          \"pattern\": \"YJ0092\",\n          \"info\": \"f1A)>Kk\"\n        }\n      ],\n      \"satisfy\": {\n        \"mc\": \"<=105\"\n      },\n      \"url\": \"http://3.1ahgq6i1nqozh1zkstw765smwbfcscvi1zwir1qs5yk-p2etw9yxo7pc.ne.8yjl84t.qdyz/,\",\n      \"info\": \"Q\",\n      \"QT.-{@\": {\n        \"name\": \"/{ScM@>r~-\",\n        \"ay\": 2007,\n        \"assign\": \"\",\n        \"match\": {\n          \"and\": []\n        },\n        \"url\": \"http://nhbrhd7atl8jvyt3zag69oeqvp.eeq/-%F2%98%A8%894)HK//%F1%9F%8D%85lCefqa/).3\",\n        \"C,fMjj[Bal\": {\n          \"name\": \"\",\n          \"ay\": 1973,\n          \"assign\": \"F\",\n          \"match\": [\n            \"UEL33\",\n            {\n              \"pattern\": \"RNKx2\",\n              \"exclude\": [\n                \"AHH**E\",\n                \"SHI8*48Z\",\n                \"BEM*\",\n                \"PC9461A\"\n              ],\n              \"info\": \"_39!qk^4t\"\n            },\n            \"TW9\",\n            {\n              \"pattern\": \"UZT7793\",\n              \"exclude\": [\n                \"CCF0220\"\n              ],\n              \"info\": \"eo[Nnb\"\n            },\n            \"IV7501X\"\n          ],\n          \"satisfy\": [\n            \"VjH\",\n            {\n              \"mc\": \">=152\"\n            }\n          ],\n          \"url\": \"https://gpooebbgjif7-hyo7n0n67h3pbfirfancgdhhqv.zipjrw/JFCrcy/:p;!21UR/V2K//(a,)sM5i\",\n          \"info\": \"pU\"\n        },\n        \"j\": {\n          \"name\": \"e\",\n          \"ay\": 2000,\n          \"assign\": [\n            \"J\",\n            \"\"\n          ],\n          \"match\": [\n            {\n              \"or\": [\n                {\n                  \"pattern\": \"HFZ66*4\",\n                  \"exclude\": [],\n                  \"info\": \"WzK$\"\n                },\n                {\n                  \"and\": [\n                    \"AQ2I\"\n                  ]\n                },\n                \"SW7xx6\",\n                \"SHK9\",\n                \"OCS797F\"\n              ]\n            },\n            {\n              \"or\": []\n            },\n            {\n              \"or\": [\n                {\n                  \"and\": [\n                    {\n                      \"and\": [\n                        \"IW0D\",\n                        \"ZDV33Z\",\n                        \"EE9S\"\n                      ]\n                    }\n                  ]\n                },\n                {\n                  \"pattern\": \"JO72*\",\n                  \"exclude\": \"RHK07\"\n                },\n                {\n                  \"and\": [\n                    {\n                      \"or\": [\n                        \"RE908C\",\n                        {\n                          \"or\": [\n                            \"KI7\",\n                            {\n                              \"and\": [\n                                \"UV1658H\"\n                              ]\n                            },\n                            {\n                              \"and\": []\n                            }\n                          ]\n                        },\n                        \"YK32\",\n                        \"CI4\",\n                        \"KCD8\"\n                      ]\n                    },\n                    \"BZQx\"\n                  ]\n                }\n              ]\n            }\n          ],\n          \"satisfy\": [\n            {\n              \"and\": [\n                {\n                  \"and\": [\n                    {\n                      \"or\": [\n                        {\n                          \"and\": [\n                            \"ch9\"\n                          ]\n                        },\n                        \"#\"\n                      ]\n                    }\n                  ]\n                },\n                {\n                  \"mc\": \"<=72\"\n                },\n                {\n                  \"or\": [\n                    {\n                      \"mc\": \">=71\"\n                    },\n                    {\n                      \"mc\": \">=48\"\n                    },\n                    {\n                      \"and\": [\n                        {\n                          \"mc\": \"<=55\"\n                        },\n                        \"0}.\",\n                        \"fKc`:77keO\",\n                        {\n                          \"mc\": \"<=169\"\n                        },\n                        \"8\"\n                      ]\n                    }\n                  ]\n                },\n                {\n                  \"mc\": \">=90\"\n                },\n                {\n                  \"or\": [\n                    \"!;BG/;wO<T\"\n                  ]\n                }\n              ]\n            },\n            {\n              \"mc\": \">=2\"\n            },\n            {\n              \"or\": [\n                {\n                  \"and\": []\n                }\n              ]\n            },\n            {\n              \"or\": [\n                {\n                  \"mc\": \">=149\"\n                },\n                {\n                  \"or\": [\n                    {\n                      \"mc\": \"<=55\"\n                    },\n                    {\n                      \"or\": []\n                    },\n                    {\n                      \"or\": [\n                        \"P@,\"\n                      ]\n                    }\n                  ]\n                },\n                {\n                  \"mc\": \">=41\"\n                },\n                {\n                  \"mc\": \">=21\"\n                }\n              ]\n            },\n            {\n              \"or\": [\n                {\n                  \"or\": [\n                    {\n                      \"or\": [\n                        {\n                          \"mc\": \"<=111\"\n                        },\n                        {\n                          \"or\": [\n                            {\n                              \"and\": [\n                                \"3\",\n                                {\n                                  \"mc\": \">=181\"\n                                },\n                                \"S`?0.uom\",\n                                \"D'#*Om62\"\n                              ]\n                            },\n                            {\n                              \"or\": [\n                                \"\",\n                                \"v\",\n                                \"A5r5RuC6FN\"\n                              ]\n                            },\n                            \"jj'}lk\",\n                            \"v@vTWr[f\"\n                          ]\n                        }\n                      ]\n                    },\n                    \"Tg!R@\",\n                    \"0O\",\n                    \"?t0'\",\n                    {\n                      \"or\": [\n                        \"xA\",\n                        {\n                          \"and\": [\n                            \"\\\"dK8DHGsNE\",\n                            \"7rHpe,^H)c\"\n                          ]\n                        },\n                        {\n                          \"or\": [\n                            \"{Lnv>$y)\"\n                          ]\n                        }\n                      ]\n                    }\n                  ]\n                },\n                \"L\",\n                {\n                  \"and\": []\n                },\n                {\n                  \"mc\": \"<=172\"\n                },\n                {\n                  \"and\": [\n                    {\n                      \"or\": []\n                    },\n                    {\n                      \"mc\": \">=144\"\n                    }\n                  ]\n                }\n              ]\n            }\n          ],\n          \"info\": \"\\\"S^{-f\"\n        },\n        \"XI(G,\": {\n          \"name\": \"\",\n          \"ay\": 2029,\n          \"assign\": \"?kgfvFPp\",\n          \"match\": [\n            {\n              \"or\": [\n                {\n                  \"and\": [\n                    \"LS9\",\n                    \"BKX7\"\n                  ]\n                }\n              ]\n            },\n            {\n              \"or\": [\n                \"GZ5\",\n                {\n                  \"and\": [\n                    \"YJX9R\",\n                    {\n                      \"and\": []\n                    },\n                    {\n                      \"pattern\": \"ULB*C\",\n                      \"exclude\": \"GRQ*88C\",\n                      \"info\": \"Rm>[\"\n                    },\n                    {\n                      \"or\": [\n                        {\n                          \"pattern\": \"HP45\",\n                          \"exclude\": [],\n                          \"info\": \"~$&[1:{-p\"\n                        }\n                      ]\n                    }\n                  ]\n                },\n                {\n                  \"or\": [\n                    {\n                      \"pattern\": \"GVR5128\",\n                      \"exclude\": \"YKI51Y\",\n                      \"info\": \"V\"\n                    },\n                    \"XLUx3xC\",\n                    {\n                      \"and\": [\n                        \"RXN02\"\n                      ]\n                    },\n                    \"GF97T\"\n                  ]\n                }\n              ]\n            },\n            {\n              \"or\": [\n                {\n                  \"and\": [\n                    \"PJC78*\",\n                    {\n                      \"pattern\": \"BN88\",\n                      \"exclude\": \"MKV6I\"\n                    },\n                    {\n                      \"or\": [\n                        \"BU7146\",\n                        {\n                          \"and\": [\n                            {\n                              \"or\": []\n                            },\n                            {\n                              \"pattern\": \"GOF427J\",\n                              \"info\": \"M+Q0'Nu\"\n                            },\n                            \"BX79J\"\n                          ]\n                        }\n                      ]\n                    },\n                    {\n                      \"pattern\": \"MGxZ\",\n                      \"info\": \"4J[Y40f\"\n                    }\n                  ]\n                },\n                {\n                  \"or\": [\n                    \"TLT159\",\n                    {\n                      \"and\": []\n                    },\n                    {\n                      \"and\": [\n                        \"VG*\",\n                        \"UNE26\",\n                        {\n                          \"or\": []\n                        },\n                        \"DHD9\"\n                      ]\n                    },\n                    \"LDXx71H\"\n                  ]\n                },\n                {\n                  \"or\": [\n                    \"UDx*05\",\n                    {\n                      \"or\": [\n                        \"IY75\"\n                      ]\n                    },\n                    {\n                      \"and\": [\n                        \"MQO225X\",\n                        \"UJ5040T\",\n                        \"IKx59\",\n                        \"SUUxO\"\n                      ]\n                    },\n                    \"CES3726K\",\n                    {\n                      \"and\": [\n                        \"KKLxx35K\",\n                        \"VDR2321O\",\n                        \"BX22\",\n                        \"UVV*\"\n                      ]\n                    }\n                  ]\n                },\n                {\n                  \"or\": [\n                    \"PY2\",\n                    {\n                      \"pattern\": \"VXO2296\",\n                      \"exclude\": [\n                        \"BX05K\",\n                        \"OS2973\",\n                        \"YT71Y\",\n                        \"IIK267I\"\n                      ],\n                      \"info\": \"GA\"\n                    },\n                    {\n                      \"and\": [\n                        \"SQYx7x\",\n                        {\n                          \"pattern\": \"RC6303\",\n                          \"exclude\": [\n                            \"ZF0x*4\",\n                            \"KZ6*G\",\n                            \"PAH9x21\",\n                            \"QT02\",\n                            \"BER050C\"\n                          ],\n                          \"info\": \"n\"\n                        },\n                        \"ZDZ*3U\",\n                        {\n                          \"pattern\": \"RM0I\",\n                          \"exclude\": [\n                            \"ZTT784Y\",\n                            \"EG71\",\n                            \"ZOI6X\",\n                            \"AV9300\"\n                          ],\n                          \"info\": \"py}Zt2\"\n                        }\n                      ]\n                    },\n                    \"WO15N\",\n                    \"XF23U\"\n                  ]\n                }\n              ]\n            }\n          ],\n          \"satisfy\": [\n            {\n              \"and\": [\n                {\n                  \"mc\": \"<=45\"\n                },\n                \"tGHuJxD\"\n              ]\n            },\n            {\n              \"or\": [\n                {\n                  \"and\": [\n                    \"1.\",\n                    {\n                      \"or\": [\n                        {\n                          \"or\": []\n                        },\n                        \"T`QCg$p\",\n                        \"\"\n                      ]\n                    },\n                    \".c{?X&$\"\n                  ]\n                },\n                \"z}F\",\n                {\n                  \"mc\": \"<=126\"\n                },\n                {\n                  \"mc\": \">=13\"\n                }\n              ]\n            },\n            \"w;ns,u]p\",\n            {\n              \"mc\": \"<=114\"\n            },\n            {\n              \"mc\": \"<=114\"\n            }\n          ],\n          \"url\": \"https://bl5dq5q398-xb858foxh-c3fwnd2syy7nexo1ozx8mi35chyeqtrlg.c.bzbgwjon.ydxbzqc/+&E/+%F3%B4%8D%BEskH@BF*k/Pk/3H~jwv6G/5pQ%F2%AA%BA%A9a80U/SiSsIK%F1%9D%B2%9E(//Ex/N/kG\",\n          \"info\": \"\",\n          \"H$qm~[8NFS\": {\n            \"name\": \"\",\n            \"ay\": 1996,\n            \"assign\": [\n              \"CGIG[:,&1\",\n              \"k\"\n            ],\n            \"url\": \"http://s9djlcsts8aliqlav-w1jmvwlbc2a4zrvkge7tftlf0uo4w4u1tvw8.1-wpj-peedrdh3t5fbrivjq14tvisi8txbcnyxuew9vu76nuzxksc.05uweu-iyr.m4ccg20z2lwe.i-zdksu6mn6poly.uukf/_U0r)2(bb/Y4//ot23n%F0%A4%BC%82Y!OG/';Yq//o///4,p\",\n            \"info\": \"IALVn-BS,\"\n          },\n          \"\": {\n            \"ay\": 1998,\n            \"assign\": [\n              \"e<M\",\n              \";b3\",\n              \"9#W#FHC\",\n              \"fXKRm0\",\n              \"=\"\n            ],\n            \"match\": \"LWK847\",\n            \"satisfy\": [\n              {\n                \"or\": [\n                  {\n                    \"and\": [\n                      \"Ct^9qy\",\n                      \"|OaH\",\n                      {\n                        \"mc\": \"<=44\"\n                      }\n                    ]\n                  },\n                  {\n                    \"or\": [\n                      {\n                        \"or\": [\n                          \"\\\"an\"\n                        ]\n                      }\n                    ]\n                  },\n                  {\n                    \"or\": [\n                      \"Q\",\n                      \"#\\\"\\\"U\",\n                      {\n                        \"mc\": \">=161\"\n                      }\n                    ]\n                  },\n                  \"a5\"\n                ]\n              },\n              {\n                \"and\": [\n                  {\n                    \"or\": [\n                      {\n                        \"or\": [\n                          {\n                            \"or\": [\n                              \"/LnJ_\",\n                              \"ie\",\n                              \"yx\\\"E)t,4L\",\n                              \"\",\n                              \"s|{:b_l5Uo\"\n                            ]\n                          },\n                          {\n                            \"mc\": \">=8\"\n                          }\n                        ]\n                      },\n                      \"\",\n                      \"\"\n                    ]\n                  },\n                  {\n                    \"and\": [\n                      \"?7o\",\n                      {\n                        \"mc\": \"<=111\"\n                      },\n                      {\n                        \"mc\": \">=84\"\n                      }\n                    ]\n                  },\n                  \"rGJfnjX5b\",\n                  {\n                    \"and\": [\n                      {\n                        \"and\": [\n                          {\n                            \"or\": [\n                              \"t\\\"E9Lv\",\n                              {\n                                \"or\": [\n                                  {\n                                    \"or\": []\n                                  }\n                                ]\n                              }\n                            ]\n                          }\n                        ]\n                      },\n                      {\n                        \"and\": [\n                          \"3~,;+$%\",\n                          {\n                            \"and\": [\n                              \"P4X`-#?-\",\n                              \"'@W0Tu\",\n                              {\n                                \"and\": [\n                                  \"`V\",\n                                  \"I\"\n                                ]\n                              },\n                              \"\",\n                              \"^U[qh!\"\n                            ]\n                          }\n                        ]\n                      },\n                      \" 1tvAVz9b\",\n                      {\n                        \"or\": [\n                          \"l$h'^R`\"\n                        ]\n                      }\n                    ]\n                  },\n                  {\n                    \"mc\": \"<=82\"\n                  }\n                ]\n              }\n            ],\n            \"url\": \"https://ab5rr8np2d83wank79g1k6bxopq5l.luffxpwe/I%F3%91%8E%BAU/v%F2%A1%85%A2*tR%F0%98%AA%83~&wi\",\n            \"info\": \"D#j[@Xzj\"\n          }\n        },\n        \"c[P:?>Xl&\": {\n          \"ay\": 2022,\n          \"assign\": [\n            \"Q(\"\n          ],\n          \"match\": {\n            \"and\": [\n              \"JDK673K\",\n              {\n                \"pattern\": \"SXH0\",\n                \"exclude\": [\n                  \"XAX9270\"\n                ],\n                \"info\": \"k>ik=\"\n              },\n              {\n                \"or\": [\n                  {\n                    \"and\": []\n                  },\n                  \"NP05K\",\n                  {\n                    \"or\": [\n                      {\n                        \"and\": [\n                          \"SW2Y\",\n                          \"SM120N\",\n                          {\n                            \"pattern\": \"JM71x\",\n                            \"info\": \"z=s\"\n                          },\n                          \"MP9x1Y\"\n                        ]\n                      },\n                      \"LEN0025P\",\n                      \"EJD9338B\",\n                      \"EQL65x9\",\n                      {\n                        \"and\": [\n                          \"FG971\",\n                          {\n                            \"pattern\": \"FA72\",\n                            \"exclude\": [\n                              \"VEU55V\",\n                              \"BPZ64*\"\n                            ],\n                            \"info\": \"y\"\n                          },\n                          {\n                            \"and\": [\n                              \"BF4*21\",\n                              \"BFU*130C\"\n                            ]\n                          }\n                        ]\n                      }\n                    ]\n                  },\n                  {\n                    \"or\": [\n                      {\n                        \"and\": [\n                          \"QS0664N\"\n                        ]\n                      },\n                      \"BRW73P\",\n                      \"VRK6F\"\n                    ]\n                  }\n                ]\n              },\n              \"VUP116\",\n              {\n                \"pattern\": \"KCX72Z\",\n                \"exclude\": \"GV96*6\",\n                \"info\": \"wd` t\"\n              }\n            ]\n          },\n          \"url\": \"http://hh.sf\",\n          \"info\": \"n1_G\"\n        }\n      }\n    }\n  },\n  {\n    \"title\": \"block sample 1\",\n    \"value\": {\n      \"ay\": 1988,\n      \"assign\": \"<r7,\",\n      \"satisfy\": {\n        \"mc\": \">=196\"\n      },\n      \"url\": \"http://7.dvhs.jwsm-pik-srwjfsogbbn6qlv2jgdkklvn3lrfjlg494uyaf4nc9589mh.7ms41hgw-o2-o8rou0rp2140qn0cav7ws78xfa2m-0otd53fwj3nfant7p-dnw4.oj/z\",\n      \"info\": \"\"\n    }\n  },\n  {\n    \"title\": \"block sample 2\",\n    \"value\": {\n      \"name\": \"z@=#)&j\",\n      \"assign\": [\n        \"\",\n        \"4h8\"\n      ],\n      \"match\": {\n        \"pattern\": \"OGx7\",\n        \"exclude\": [\n          \"HHK7\",\n          \"AU299\"\n        ],\n        \"info\": \"6}$]*=0~\"\n      },\n      \"satisfy\": [\n        \"V]4\",\n        {\n          \"and\": [\n            {\n              \"mc\": \"<=70\"\n            },\n            {\n              \"and\": [\n                {\n                  \"mc\": \"<=9\"\n                }\n              ]\n            },\n            \"&ZaT\",\n            {\n              \"and\": [\n                \"5u\"\n              ]\n            }\n          ]\n        },\n        {\n          \"mc\": \"<=96\"\n        }\n      ],\n      \"url\": \"http://91xoyreb7so0zncau.pdgrjrq0ekk.tezfd79dgrh8lydo1crsxg7k62o8q69q.yvddxcbf/Z57YfM%F3%8A%93%8FI/%F2%98%B8%95/mZD\",\n      \"k59|z{^S.\": {\n        \"name\": \"P\\\\N/\",\n        \"assign\": [\n          \"=q$\",\n          \"gP<w\",\n          \"VtPD7<\",\n          \"e<.yt(GGn\"\n        ],\n        \"match\": \"BHJ911\",\n        \"satisfy\": \"=2t[iL.\",\n        \"url\": \"http://7qy2kbjrr9vlg64kf9ll1n-uql7qna0pv-8bch7-xf.c.c.wqxrk/ibh=M*a/X-4zO./mQ//e\"\n      },\n      \"6^?I\": {\n        \"name\": \"aH0\",\n        \"ay\": 2027,\n        \"assign\": [\n          \"<cX\",\n          \"`p\",\n          \"28>%9)NX\",\n          \"ZEAgMxm\",\n          \"3*o\\\"t#\"\n        ],\n        \"match\": \"XT915P\",\n        \"satisfy\": {\n          \"or\": [\n            {\n              \"or\": [\n                \"qe43TW_\",\n                {\n                  \"and\": [\n                    \"[3p0\",\n                    {\n                      \"mc\": \"<=96\"\n                    },\n                    \"|Xs\"\n                  ]\n                },\n                \"\",\n                {\n                  \"mc\": \">=167\"\n                },\n                \"\"\n              ]\n            },\n            {\n              \"mc\": \"<=1\"\n            },\n            \")e?UD. v\",\n            {\n              \"or\": [\n                \"x\",\n                {\n                  \"and\": [\n                    \"7s)41/\",\n                    {\n                      \"and\": [\n                        \"OHdN\",\n                        \"j\\\"{Q>Y|\\\"S\",\n                        \"(y42c`e\",\n                        \"IT6=\\\\;xs<p\",\n                        {\n                          \"mc\": \"<=73\"\n                        }\n                      ]\n                    },\n                    \"P1q,?yqNkP\",\n                    \"ECm+\"\n                  ]\n                },\n                {\n                  \"and\": [\n                    {\n                      \"mc\": \">=147\"\n                    }\n                  ]\n                }\n              ]\n            },\n            {\n              \"or\": [\n                \"f~\",\n                \"NfLZ!hV\",\n                {\n                  \"or\": [\n                    \"vP?B\",\n                    \"MjV{xR2$N\",\n                    \"&Uw -jW&{\"\n                  ]\n                }\n              ]\n            }\n          ]\n        },\n        \"url\": \"https://crp7ue1j5pro1yavumrn8enwm0z81ukanh6d0unpmkf6izx1tmov7jo.1nv5000yg3nusaclb05ojsmd3ab.ee3fnkspj-4cbjlbwns.yh0xbx-4o4z1oalg8w674j9ag.x.pb//uR/~:&VM\"\n      },\n      \"tc\": {\n        \"name\": \"\\\\-nm'Qs\",\n        \"ay\": 1950,\n        \"assign\": \"_6c\",\n        \"match\": [\n          {\n            \"or\": [\n              {\n                \"and\": [\n                  {\n                    \"and\": [\n                      \"TP2\"\n                    ]\n                  },\n                  {\n                    \"or\": [\n                      {\n                        \"or\": [\n                          \"DV267X\",\n                          \"PMJ85*D\",\n                          \"JTG3634H\",\n                          \"ZBN94\",\n                          \"SE0*U\"\n                        ]\n                      }\n                    ]\n                  },\n                  \"CMV092\",\n                  \"DWH79Z\",\n                  {\n                    \"and\": [\n                      {\n                        \"or\": [\n                          \"GHT46\"\n                        ]\n                      },\n                      \"SKJ63x6\",\n                      {\n                        \"pattern\": \"OHW9J\",\n                        \"exclude\": \"GT9xR\",\n                        \"info\": \"\"\n                      }\n                    ]\n                  }\n                ]\n              }\n            ]\n          },\n          {\n            \"and\": [\n              {\n                \"and\": []\n              }\n            ]\n          },\n          {\n            \"or\": [\n              {\n                \"pattern\": \"GQF5188\",\n                \"exclude\": \"SVR0O\"\n              },\n              {\n                \"or\": [\n                  {\n                    \"or\": []\n                  },\n                  \"NA468M\"\n                ]\n              }\n            ]\n          }\n        ],\n        \"satisfy\": [],\n        \"url\": \"http://xgugyrmq04htogs498f7etwhuvbc91fmkrj66acvdmm8f7e55q-dp7qx55.blyomh2ypfo4fwiini3v8maxtbqngmxjnuw.75ds9coqxiq79e0grzj50rfyuui7qs19zmxuzdjsadzqf9rr9ortzneq.klegzrz/k/nH-RX'h7C/:%F4%83%97%A1ueS3/aL/T/_~CA-/nOY3W$':p/!/@qiI\",\n        \"info\": \"p3!8\\\\aPX0\"\n      },\n      \"Zf;Y\": {\n        \"ay\": 1983,\n        \"assign\": \"]0<dU37=\",\n        \"satisfy\": [\n          {\n            \"or\": [\n              {\n                \"or\": []\n              },\n              {\n                \"mc\": \">=67\"\n              },\n              {\n                \"mc\": \">=151\"\n              }\n            ]\n          },\n          \"mcyGK7T,<L\"\n        ],\n        \"url\": \"https://djf5b33wtfdmkgbormctu7byl04bgkg95zvr1xpm.s.gvmyb/\"\n      }\n    }\n  },\n  {\n    \"title\": \"block sample 3\",\n    \"value\": {\n      \"name\": \"dU\",\n      \"ay\": 2015,\n      \"assign\": \"%f#a|!\",\n      \"match\": [\n        \"XJ403\",\n        {\n          \"pattern\": \"VNC7260\",\n          \"exclude\": \"CG5I\"\n        },\n        {\n          \"or\": [\n            {\n              \"or\": [\n                {\n                  \"pattern\": \"YPT45V\",\n                  \"exclude\": \"AR0\",\n                  \"info\": \"IY*X%I84?\"\n                },\n                \"SCY58x8I\",\n                \"WG76Z\"\n              ]\n            },\n            \"UA44\"\n          ]\n        },\n        {\n          \"or\": [\n            {\n              \"and\": []\n            },\n            {\n              \"and\": [\n                {\n                  \"and\": [\n                    \"HUDx031C\",\n                    {\n                      \"and\": [\n                        \"OWF1020S\",\n                        {\n                          \"and\": [\n                            \"DW6E\",\n                            \"ZNL60W\",\n                            {\n                              \"and\": [\n                                \"RRW78\"\n                              ]\n                            }\n                          ]\n                        },\n                        \"PZT9\",\n                        \"TY11\"\n                      ]\n                    }\n                  ]\n                }\n              ]\n            }\n          ]\n        },\n        {\n          \"or\": [\n            \"GBY6R\",\n            {\n              \"or\": [\n                {\n                  \"and\": [\n                    \"GL2x*W\",\n                    \"PDT221\",\n                    {\n                      \"or\": [\n                        \"UXL69x\",\n                        \"AE17V\",\n                        \"KTM1\",\n                        \"HSZ49K\",\n                        {\n                          \"or\": []\n                        }\n                      ]\n                    },\n                    \"TZB5\"\n                  ]\n                },\n                \"FK721\",\n                {\n                  \"and\": [\n                    \"OE8T\",\n                    {\n                      \"and\": []\n                    },\n                    \"XC89\"\n                  ]\n                },\n                {\n                  \"pattern\": \"QA03*\",\n                  \"exclude\": \"AYC*L\",\n                  \"info\": \"?OW3k\"\n                }\n              ]\n            },\n            \"DJT28W\",\n            \"NS02xC\"\n          ]\n        }\n      ],\n      \"satisfy\": \"ns\\\"M\",\n      \"url\": \"http://b8h.fsqqun/%F3%A5%A6%9C/%F1%8C%AF%AArnvG/&R3T/6l%F2%91%94%A2X\"\n    }\n  },\n  {\n    \"title\": \"block sample 4\",\n    \"value\": {\n      \"name\": \"%\",\n      \"ay\": 2028,\n      \"assign\": [],\n      \"match\": \"YL01I\",\n      \"satisfy\": \"z\",\n      \"url\": \"http://1hnyglssi.dbvdycsv3auskp0pm-wl2m2a7ynn-424ty9ymp5x3.kxnfodkqsmspen22nrwd7a9tcsbc.fevsw/=S5EBJ5%F1%8E%9D%AE/o@//be%F0%94%B7%92\",\n      \"info\": \"QR-%PzW*_1\"\n    }\n  },\n  {\n    \"title\": \"block sample 5\",\n    \"value\": {\n      \"name\": \"&\\\"\",\n      \"ay\": 1954,\n      \"assign\": \"\\\"\",\n      \"match\": {\n        \"pattern\": \"MY84N\",\n        \"info\": \">yTQF$k! <\"\n      },\n      \"satisfy\": \"v)]mwL*3a8\",\n      \"url\": \"https://mla8.2o45r2n2.ht-dgj1ko4lc3g1nqtx-ga3y6riajc0i1guct914mius8sb3kw7-cyb6.zxtaoycx/Cz%F3%93%B0%9A8qSxaW/FP$r_=F%F3%A0%AA%AF@*/t*8je*f/H+TG/@P0g\",\n      \"info\": \"&W\",\n      \"zN%&T&\": {\n        \"name\": \"D100)6\",\n        \"ay\": 1950,\n        \"match\": [\n          {\n            \"and\": [\n              \"OD1x\",\n              {\n                \"or\": []\n              }\n            ]\n          },\n          \"JP54\",\n          {\n            \"pattern\": \"BKM7x5\",\n            \"exclude\": [\n              \"YKW*955\"\n            ],\n            \"info\": \"1g2\"\n          },\n          {\n            \"or\": [\n              {\n                \"and\": [\n                  \"AEU*xJ\",\n                  \"HZ3x04Y\",\n                  \"WE443Y\",\n                  {\n                    \"and\": [\n                      \"GTBx92\",\n                      \"CKE*3xx\",\n                      {\n                        \"pattern\": \"KW3068Z\",\n                        \"exclude\": [],\n                        \"info\": \"mp4\"\n                      },\n                      {\n                        \"and\": [\n                          {\n                            \"pattern\": \"DNK6R\",\n                            \"exclude\": \"RVN53*1\"\n                          }\n                        ]\n                      }\n                    ]\n                  }\n                ]\n              },\n              {\n                \"or\": [\n                  \"GH5Q\",\n                  {\n                    \"and\": [\n                      \"KHS3\",\n                      \"GNO40\",\n                      \"GO279\"\n                    ]\n                  },\n                  {\n                    \"and\": [\n                      \"AZ2A\",\n                      \"WBxX\"\n                    ]\n                  }\n                ]\n              },\n              {\n                \"or\": [\n                  \"LN*949\",\n                  \"GF1X\",\n                  \"OX1\"\n                ]\n              },\n              {\n                \"pattern\": \"TNT986N\",\n                \"exclude\": \"AC6\",\n                \"info\": \"\"\n              },\n              {\n                \"pattern\": \"RV*3C\",\n                \"exclude\": [\n                  \"YSR459D\",\n                  \"GL986\",\n                  \"BRH25\"\n                ],\n                \"info\": \"=*'hl4Z8/\"\n              }\n            ]\n          },\n          {\n            \"or\": [\n              \"CULx985K\",\n              {\n                \"or\": [\n                  \"QFE763E\",\n                  {\n                    \"and\": [\n                      {\n                        \"pattern\": \"NZO932\",\n                        \"exclude\": [\n                          \"TRQ862\",\n                          \"MYN183\",\n                          \"SG9*30\",\n                          \"SGL862\",\n                          \"WWK0477\"\n                        ],\n                        \"info\": \"~X?\"\n                      },\n                      {\n                        \"and\": []\n                      },\n                      {\n                        \"or\": [\n                          \"VUP4327P\",\n                          \"AN05\",\n                          {\n                            \"pattern\": \"TAT4*70\",\n                            \"exclude\": [\n                              \"UZ4\",\n                              \"WN2\",\n                              \"TR4\"\n                            ],\n                            \"info\": \"gUGl^*D\"\n                          }\n                        ]\n                      },\n                      \"HGU2x9\",\n                      \"OO3227\"\n                    ]\n                  }\n                ]\n              },\n              {\n                \"or\": [\n                  \"LZ41\",\n                  {\n                    \"pattern\": \"EL*187J\",\n                    \"exclude\": \"KH6582J\"\n                  },\n                  \"FQ869\",\n                  {\n                    \"and\": [\n                      {\n                        \"or\": [\n                          \"SBL25\"\n                        ]\n                      },\n                      \"CS124\",\n                      {\n                        \"pattern\": \"YH3O\",\n                        \"exclude\": [],\n                        \"info\": \"Ye\\\\<\"\n                      },\n                      \"XGAxC\"\n                    ]\n                  },\n                  {\n                    \"and\": [\n                      \"WAS4\",\n                      \"UP0382\",\n                      {\n                        \"pattern\": \"LRE5\",\n                        \"info\": \"T<m,5\"\n                      },\n                      {\n                        \"and\": [\n                          \"VP047\"\n                        ]\n                      },\n                      \"PQF4*\"\n                    ]\n                  }\n                ]\n              }\n            ]\n          }\n        ],\n        \"satisfy\": {\n          \"and\": [\n            {\n              \"or\": [\n                \"u.+BV5\",\n                {\n                  \"and\": [\n                    \"$N\"\n                  ]\n                },\n                \"KQc,ocvv]k\",\n                \";)F=uz%E\",\n                {\n                  \"or\": [\n                    \"<\",\n                    \"+sP\"\n                  ]\n                }\n              ]\n            },\n            {\n              \"or\": []\n            },\n            {\n              \"or\": [\n                \"\"\n              ]\n            }\n          ]\n        },\n        \"url\": \"http://k.9gsr8-gdcam80g8t45whojnn6-u8ez.g.vfewgghnex/%F3%89%BE%AF%F3%8E%BD%809:y9S%F0%BC%9B%8FNM/$q\",\n        \"info\": \"##\"\n      },\n      \"i%|\\\"w\": {\n        \"name\": \"8pv[)?<xn*\",\n        \"ay\": 1950,\n        \"match\": {\n          \"and\": [\n            {\n              \"pattern\": \"KJU2\",\n              \"exclude\": \"LF9P\",\n              \"info\": \"xaQYb;[\"\n            },\n            {\n              \"or\": [\n                \"CMB416\",\n                {\n                  \"pattern\": \"TQ2*\",\n                  \"exclude\": \"IJ57\",\n                  \"info\": \"sC*J]$H\"\n                }\n              ]\n            },\n            {\n              \"or\": [\n                \"CH629G\",\n                {\n                  \"pattern\": \"TGY5*A\",\n                  \"exclude\": [\n                    \"AGZ58x6\",\n                    \"XQ7S\",\n                    \"KJZ5748R\",\n                    \"KBT1*2\"\n                  ],\n                  \"info\": \"s@^@^*#0v\"\n                },\n                {\n                  \"pattern\": \"SA*3\",\n                  \"exclude\": [\n                    \"IJS46\",\n                    \"QR240\"\n                  ]\n                },\n                {\n                  \"or\": []\n                },\n                {\n                  \"pattern\": \"VB985B\",\n                  \"exclude\": \"PT*8\"\n                }\n              ]\n            },\n            \"BU4A\",\n            \"IT2658C\"\n          ]\n        },\n        \"satisfy\": {\n          \"mc\": \"<=3\"\n        },\n        \"url\": \"https://d.74tb5wnuj97ftz5sjjtxxe2mdaekeyu8amf.c.dx/_,/%F2%9A%BA%86\",\n        \"info\": \"}7ELxy\",\n        \"Y!\": {\n          \"ay\": 2030,\n          \"assign\": [\n            \"p0P_'r\",\n            \"\\\"M.~\",\n            \"H$:\"\n          ],\n          \"match\": {\n            \"or\": [\n              \"QK64\",\n              {\n                \"pattern\": \"ZYE53C\",\n                \"exclude\": \"IMR0360Y\",\n                \"info\": \"\"\n              },\n              \"DC077\"\n            ]\n          },\n          \"satisfy\": \"*okjh@\",\n          \"url\": \"http://cfj.fgdz9px9ar4v4v6c4v3s56i3c5c36jkdvv7r-2tgdmq8z0pz.l8.k8lun1nv9is8.6.lbadcdh/I@uEzv/Mq%F1%98%86%AFP/%F1%BE%AC%BF%E9%BC%A33!%E3%B9%90P$/Hq'/,Hd3kaB/\"\n        },\n        \"\": {\n          \"name\": \"\",\n          \"assign\": \"\\\"y\",\n          \"match\": [\n            {\n              \"pattern\": \"CTGx1*2N\",\n              \"info\": \"_G1mko5\"\n            }\n          ],\n          \"satisfy\": {\n            \"and\": [\n              \"rq1_\",\n              {\n                \"mc\": \">=74\"\n              }\n            ]\n          },\n          \"url\": \"http://uheaodj8361cf9da86ba1kwud.jxxitmo921.zv74esanvfmemc473a6jg0yp9et3p6lkiqljc-id.cr9okpq7boglgxgljrw-nob8n-4diyefk-83qnw52j4m16pj5f.fw11758d1z651eyex8p1hnq1-xlycz61oxvnxerssub2ql5k0caws7l.bflaqwtwd\",\n          \"|z&%%{p-&\": {\n            \"name\": \"CAW@(%;bx\",\n            \"ay\": 1958,\n            \"assign\": [],\n            \"match\": \"DVx*9Q\",\n            \"url\": \"https://u.vralewf\",\n            \"info\": \"iYhW=+$x.\"\n          }\n        }\n      },\n      \"%x$\": {\n        \"name\": \"8tAZ>{\\\"c\",\n        \"ay\": 2014,\n        \"assign\": [],\n        \"match\": {\n          \"or\": [\n            {\n              \"and\": [\n                \"SIO04Y\",\n                \"ZSC2x49Z\",\n                \"KIR*P\",\n                {\n                  \"and\": [\n                    \"VE*674\",\n                    \"SI7422C\",\n                    \"ULM34\",\n                    \"CMB5\"\n                  ]\n                },\n                \"TKA5140\"\n              ]\n            },\n            \"HRG029G\",\n            {\n              \"or\": []\n            },\n            {\n              \"pattern\": \"AI44\",\n              \"exclude\": \"YB00xI\",\n              \"info\": \"HD\\\"BmU\"\n            }\n          ]\n        },\n        \"url\": \"https://e.iscbyt\",\n        \"info\": \"4}7\",\n        \"MeMv\": {\n          \"name\": \"[a#\",\n          \"ay\": 2002,\n          \"match\": [\n            {\n              \"or\": [\n                \"XK726\",\n                {\n                  \"or\": [\n                    \"NH268\",\n                    \"DOM0678\",\n                    {\n                      \"pattern\": \"CG6*6\",\n                      \"exclude\": \"OPC*02\",\n                      \"info\": \"VU@e\"\n                    },\n                    \"HTQ5\",\n                    \"ZKE9xT\"\n                  ]\n                },\n                {\n                  \"and\": [\n                    \"RY64\",\n                    \"LO308\",\n                    \"MNL446I\",\n                    \"BFS92\"\n                  ]\n                },\n                {\n                  \"and\": [\n                    \"IUC5\",\n                    \"BNU*3\",\n                    {\n                      \"or\": [\n                        \"RA18\"\n                      ]\n                    },\n                    \"GRV2372M\",\n                    {\n                      \"and\": [\n                        {\n                          \"and\": [\n                            {\n                              \"pattern\": \"JM902S\",\n                              \"exclude\": \"KKW4\",\n                              \"info\": \"E!\"\n                            },\n                            \"SDQ04*\"\n                          ]\n                        },\n                        {\n                          \"and\": [\n                            \"MGO71\",\n                            \"CQA9\"\n                          ]\n                        },\n                        {\n                          \"and\": []\n                        },\n                        {\n                          \"and\": [\n                            {\n                              \"or\": [\n                                {\n                                  \"or\": [\n                                    {\n                                      \"pattern\": \"AF70G\",\n                                      \"exclude\": \"XL1189I\",\n                                      \"info\": \"\"\n                                    },\n                                    \"SK28L\",\n                                    \"OY*R\"\n                                  ]\n                                }\n                              ]\n                            }\n                          ]\n                        }\n                      ]\n                    }\n                  ]\n                },\n                {\n                  \"or\": [\n                    {\n                      \"and\": [\n                        \"XC01V\",\n                        {\n                          \"and\": []\n                        },\n                        {\n                          \"or\": [\n                            \"AII5160Q\",\n                            \"PXV520\",\n                            {\n                              \"or\": [\n                                \"TO1769\"\n                              ]\n                            },\n                            {\n                              \"or\": [\n                                \"QC5085B\",\n                                \"FBP9563E\",\n                                \"ZY4\",\n                                {\n                                  \"pattern\": \"AZ439\",\n                                  \"exclude\": \"DC18B\"\n                                },\n                                {\n                                  \"and\": [\n                                    \"QGP653\",\n                                    \"TFW28N\",\n                                    \"YFQ45R\",\n                                    \"ALY8\",\n                                    \"RK6*\"\n                                  ]\n                                }\n                              ]\n                            },\n                            \"GEY3\"\n                          ]\n                        },\n                        \"IJ95*M\"\n                      ]\n                    },\n                    {\n                      \"pattern\": \"ER7662\",\n                      \"exclude\": [\n                        \"BA8Y\",\n                        \"FE2391X\",\n                        \"JQ8539T\",\n                        \"GD0xB\",\n                        \"TZx36C\"\n                      ],\n                      \"info\": \"kUoq\"\n                    },\n                    {\n                      \"and\": [\n                        {\n                          \"and\": [\n                            \"LNHx311L\",\n                            \"APY968X\",\n                            \"TJV956K\",\n                            \"DKH17*X\",\n                            \"CJ*37D\"\n                          ]\n                        },\n                        {\n                          \"and\": [\n                            \"XCQ18K\"\n                          ]\n                        }\n                      ]\n                    },\n                    \"JJ6W\"\n                  ]\n                }\n              ]\n            },\n            {\n              \"pattern\": \"WRG86P\",\n              \"exclude\": \"AAX0235\",\n              \"info\": \"{m]\\\\`%\"\n            }\n          ],\n          \"satisfy\": [\n            {\n              \"and\": []\n            },\n            {\n              \"or\": [\n                {\n                  \"and\": []\n                },\n                {\n                  \"or\": [\n                    {\n                      \"or\": [\n                        {\n                          \"or\": [\n                            \"\",\n                            \"&x|$Ga\"\n                          ]\n                        },\n                        {\n                          \"mc\": \"<=99\"\n                        }\n                      ]\n                    }\n                  ]\n                },\n                {\n                  \"mc\": \"<=118\"\n                },\n                {\n                  \"or\": [\n                    \"fg\",\n                    {\n                      \"and\": [\n                        \">V\",\n                        \"\\\"J \",\n                        {\n                          \"mc\": \"<=162\"\n                        }\n                      ]\n                    }\n                  ]\n                },\n                \"GtDEq\"\n              ]\n            },\n            {\n              \"and\": [\n                {\n                  \"and\": [\n                    \"u0+~Vp2\"\n                  ]\n                },\n                \"lwV\",\n                \"w)%\",\n                {\n                  \"mc\": \"<=124\"\n                },\n                {\n                  \"and\": [\n                    \"hcw06 -FVt\",\n                    {\n                      \"and\": [\n                        \"r!/W@e8\",\n                        \"[:\",\n                        {\n                          \"and\": [\n                            {\n                              \"mc\": \"<=44\"\n                            },\n                            \"`;.CL\",\n                            \"-vGH7OCQ\"\n                          ]\n                        },\n                        \"\\\\Ih:%I\",\n                        \"j/wb,D0ZR8\"\n                      ]\n                    }\n                  ]\n                }\n              ]\n            },\n            \"8-\",\n            {\n              \"mc\": \">=198\"\n            }\n          ]\n        },\n        \"q,G6\": {\n          \"name\": \"fMT%\",\n          \"ay\": 2014,\n          \"assign\": \"[:ZDecc)\",\n          \"match\": {\n            \"pattern\": \"CJ23\",\n            \"info\": \"@tlm~|\"\n          },\n          \"satisfy\": {\n            \"mc\": \"<=175\"\n          },\n          \"url\": \"http://mlq3el2i80xxgz001hhig6npc34-fa09.0-b6m483fyh1tfg3t.4hh48zs96e8b81wkbuup-g7s7uwp8-x5wyiu1mas7.oqitiyn43ql98v97.owjtpcb.lahefxnzw/;%F4%8B%AA%88nT*A/;%F3%8F%BA%BB%F2%AA%B9%B5Gv&\",\n          \"info\": \"1$v~YV> \"\n        },\n        \"C\\\\'6afjl{\": {\n          \"name\": \"u]\",\n          \"ay\": 1974,\n          \"satisfy\": [\n            {\n              \"or\": [\n                \"EH{6fj1<I\",\n                {\n                  \"mc\": \">=179\"\n                },\n                {\n                  \"mc\": \">=113\"\n                }\n              ]\n            },\n            {\n              \"mc\": \">=49\"\n            },\n            {\n              \"or\": []\n            },\n            {\n              \"mc\": \"<=126\"\n            }\n          ],\n          \"url\": \"http://5pxfo-8cnbgw4w67il.kd.knfy/%F3%AC%9F%A4/%F3%BA%9A%A4Fg%F2%AD%B2%98Q0=-*3\",\n          \"info\": \"wG@RODwQ\"\n        },\n        \"ly?U!\": {\n          \"name\": \" 'k:L>nh^\",\n          \"ay\": 1970,\n          \"assign\": \"4d<L\",\n          \"match\": {\n            \"and\": [\n              \"QAW1497\",\n              {\n                \"or\": [\n                  \"HZY0*58E\",\n                  {\n                    \"and\": [\n                      {\n                        \"and\": [\n                          {\n                            \"pattern\": \"IOV713*B\",\n                            \"exclude\": \"TNF243\",\n                            \"info\": \"\\\\\"\n                          },\n                          \"BB*095K\",\n                          \"DZL1*88M\",\n                          {\n                            \"or\": [\n                              \"TAW616T\",\n                              \"YPW8\",\n                              \"HQ*3xG\",\n                              \"QR90K\"\n                            ]\n                          }\n                        ]\n                      },\n                      \"YG5482\",\n                      \"DJO86x\"\n                    ]\n                  },\n                  \"TMAx\",\n                  {\n                    \"and\": [\n                      \"JH24\",\n                      {\n                        \"pattern\": \"XE9*59\",\n                        \"exclude\": [\n                          \"ZA974\",\n                          \"ITD7346\",\n                          \"ANI*7\",\n                          \"NMK6\",\n                          \"KNK2\"\n                        ]\n                      }\n                    ]\n                  },\n                  {\n                    \"and\": [\n                      \"QIP1U\",\n                      {\n                        \"or\": [\n                          \"GJAx686U\",\n                          \"KMx9\"\n                        ]\n                      }\n                    ]\n                  }\n                ]\n              },\n              {\n                \"or\": []\n              },\n              {\n                \"or\": [\n                  {\n                    \"pattern\": \"RNFx96x\",\n                    \"exclude\": \"BT455J\"\n                  },\n                  \"YXx9x\",\n                  {\n                    \"pattern\": \"YJF2xM\",\n                    \"exclude\": [\n                      \"IJx99xK\"\n                    ]\n                  }\n                ]\n              },\n              {\n                \"or\": [\n                  {\n                    \"or\": [\n                      {\n                        \"or\": []\n                      },\n                      {\n                        \"pattern\": \"AV1\",\n                        \"info\": \"m+7`R\\\\3.\"\n                      }\n                    ]\n                  },\n                  {\n                    \"or\": [\n                      \"JDO6426J\",\n                      {\n                        \"and\": [\n                          {\n                            \"and\": [\n                              \"AHO424T\",\n                              \"WY815\",\n                              \"KFX0\"\n                            ]\n                          },\n                          \"OQN14\",\n                          \"WYB9733H\",\n                          \"FDW8\",\n                          \"UYN2F\"\n                        ]\n                      },\n                      \"RI8\",\n                      \"THx561\"\n                    ]\n                  }\n                ]\n              }\n            ]\n          },\n          \"satisfy\": {\n            \"or\": [\n              {\n                \"or\": [\n                  {\n                    \"mc\": \">=112\"\n                  },\n                  {\n                    \"and\": [\n                      {\n                        \"mc\": \"<=42\"\n                      },\n                      {\n                        \"or\": []\n                      },\n                      {\n                        \"or\": [\n                          \"eCDx~h\",\n                          \";e0Sl\",\n                          {\n                            \"or\": [\n                              \"<Iv/hoN\",\n                              \"g\\\\dezLc#C\",\n                              \"PV\"\n                            ]\n                          }\n                        ]\n                      }\n                    ]\n                  },\n                  {\n                    \"mc\": \">=132\"\n                  },\n                  {\n                    \"and\": [\n                      \"W2^R5~#\"\n                    ]\n                  },\n                  \"p\"\n                ]\n              },\n              {\n                \"or\": [\n                  \"uTj\",\n                  {\n                    \"or\": [\n                      {\n                        \"mc\": \"<=40\"\n                      },\n                      {\n                        \"or\": [\n                          \"P[Q/ovM'>\",\n                          \"$mdK\",\n                          \"\"\n                        ]\n                      },\n                      {\n                        \"mc\": \">=119\"\n                      },\n                      {\n                        \"or\": [\n                          \"G1j$f5Ck.\",\n                          \"3{^>jd#LyG\",\n                          \"\",\n                          \"\\\\j&j5}W!Cj\"\n                        ]\n                      }\n                    ]\n                  },\n                  {\n                    \"mc\": \"<=42\"\n                  },\n                  \"@1j#=~0lS\",\n                  \"P9,h~@Bm\"\n                ]\n              }\n            ]\n          },\n          \"url\": \"http://l0qb58cjm3c6autdxr-hi7wh.6kpb158d2ukeur9s97-7ap14162cg6qnboen-l6li5bey0t32r31f.algyrqoo4jhla1l4yszyjy0nhhvl8qmt.wq5aerhqwkg50ixd5cz0wd.tjz/B~l5_LG/$Z2*t$3~/yX65&az1z/9P/yo\",\n          \"info\": \"r\"\n        },\n        \"^oe5J\": {\n          \"name\": \">N\",\n          \"ay\": 1989,\n          \"match\": [],\n          \"satisfy\": \"#d=Qn-d\",\n          \"url\": \"https://bz4u3w7zalfwbkcmohh5fr39quh46r-hc7ulbe.mg8e16p70etfl3tx313u83o7d3ky0a12g05xjruwauigc0d2vqs-f.rmddv/m/ZRCcs/ky/L:*()/R/lI*Th55Fw/L1:b\",\n          \"info\": \"Mk8#\",\n          \"b+#\": {\n            \"ay\": 1953,\n            \"assign\": [\n              \"\",\n              \"dJo\",\n              \"<;-\",\n              \"bu`cf#'\",\n              \"/51\"\n            ],\n            \"match\": [\n              {\n                \"pattern\": \"OF1\",\n                \"exclude\": [\n                  \"WL27S\",\n                  \"BW5\"\n                ]\n              },\n              {\n                \"pattern\": \"UHI0x\",\n                \"exclude\": [\n                  \"WK21M\",\n                  \"NJ6\",\n                  \"WOC5x8\",\n                  \"IDZ8F\",\n                  \"FNx7*O\"\n                ],\n                \"info\": \"kvX\"\n              },\n              \"NC7\",\n              {\n                \"pattern\": \"SUO*17\",\n                \"info\": \"M!\"\n              },\n              {\n                \"or\": []\n              }\n            ],\n            \"url\": \"https://z49s83ful3-s8zkl9iwpqfkgqsz5yrjzbm3kqazxgifl3fheyzlmn.6.g.4lnwmtagw-lbq-a4dxsmfl-50ufwllhj-fhe-7m3v1hxsv6o.nsxyvehg/oqmd%F3%B0%8B%89Sn/H%F0%92%98%B1d@O/o;nb/io//%F1%85%91%BBFVzZM9/LDE6+\"\n          },\n          \"z(H\": {\n            \"name\": \"w*'\",\n            \"ay\": 2019,\n            \"match\": \"QY939xC\",\n            \"satisfy\": {\n              \"and\": []\n            },\n            \"url\": \"https://s.i51i06iqqiic97vac27wojr.etmty.r9x2iashn6fg50ek4rk0crk1nxet.fnq/g~%F2%9A%93%A1Q+%F3%95%A1%91\"\n          },\n          \"!/^7\": {\n            \"name\": \"qv*\",\n            \"ay\": 1973,\n            \"assign\": \"L@\",\n            \"url\": \"https://ixg2x5np.5we321m2ey6difnpfnxrz3qljtamxieys-d0w9gbaprluimddq8gpq1g.nn8j38n9x7u6og.phomlxve/s6\"\n          }\n        }\n      }\n    }\n  },\n  {\n    \"title\": \"block sample 6\",\n    \"value\": {\n      \"name\": \"\",\n      \"ay\": 2019,\n      \"assign\": [\n        \"2b;Clr4c\",\n        \"s6<>=tbZ<e\",\n        \"f.rXNd*\",\n        \"WNH.Ovg?\",\n        \"BzKTom+Qt:\"\n      ],\n      \"match\": [],\n      \"satisfy\": \".l9:\",\n      \"url\": \"http://ce7d.t9yc86vuf39r7.rgxadjz/(:UEaVkKQ\",\n      \"info\": \"{\"\n    }\n  },\n  {\n    \"title\": \"block sample 7\",\n    \"value\": {\n      \"ay\": 1950,\n      \"assign\": [\n        \"Ma=\"\n      ],\n      \"match\": {\n        \"pattern\": \"CQY783\",\n        \"exclude\": \"PXX493D\",\n        \"info\": \"\"\n      },\n      \"satisfy\": [\n        {\n          \"mc\": \">=152\"\n        }\n      ],\n      \"url\": \"https://7q4d-fya08tg4piw7en9mfu4fn5iv.vf2ailjhdir10wt2940kgwwsarl0ygtur72gy8ni1lvv9cg2gf366us60j8159r.20mj2eqpjffas6cq0ad9iswxy35oaumeqath1iz.jrwlyepxs/Sxe\"\n    }\n  },\n  {\n    \"title\": \"block sample 8\",\n    \"value\": {\n      \"ay\": 1969,\n      \"match\": \"PI8\",\n      \"satisfy\": [],\n      \"url\": \"https://68cx.mc9eaec.c.f6nahaacbd29fcl-b9bc96.xu15bhgimn40iyqwh3o4pe8rl9l.dpn/Tj)2*1/x7\",\n      \"info\": \"p\"\n    }\n  },\n  {\n    \"title\": \"block sample 9\",\n    \"value\": {\n      \"name\": \"$\",\n      \"ay\": 1999,\n      \"assign\": [\n        \"Pm?\",\n        \"|b\"\n      ],\n      \"match\": [],\n      \"satisfy\": {\n        \"or\": []\n      },\n      \"url\": \"https://x.qyiszn\",\n      \"info\": \"uXct&$F\",\n      \":p2\": {\n        \"ay\": 1965,\n        \"assign\": [\n          \"KSrk)l^>5\",\n          \"ChucSt\",\n          \"K\"\n        ],\n        \"match\": {\n          \"or\": [\n            {\n              \"or\": [\n                \"XDD70S\"\n              ]\n            },\n            {\n              \"and\": [\n                \"NWQ4605Z\",\n                \"SSH41T\",\n                \"XIO109N\",\n                {\n                  \"and\": [\n                    \"KYF6288\",\n                    {\n                      \"and\": [\n                        \"FN6\"\n                      ]\n                    },\n                    \"YJ1x9\",\n                    \"SO17H\"\n                  ]\n                }\n              ]\n            },\n            {\n              \"pattern\": \"MYU2*\",\n              \"exclude\": \"CR7160\",\n              \"info\": \"N]G*\"\n            },\n            {\n              \"pattern\": \"SCO820\",\n              \"exclude\": [\n                \"NV5185\",\n                \"WCW0466G\",\n                \"MX47\"\n              ],\n              \"info\": \"8j6\"\n            }\n          ]\n        },\n        \"satisfy\": \"A8eDS_=\",\n        \"url\": \"http://vgznem23mqsk200djqcix880fvhfg6kupboly7w0hld6vkhx4xpwov6i.soodk46wqqi18lb75f5-7a90mi4j6r71mohl6g9t0krzlqlbh-96zcj9w9.b3nlz9at27pa.qdlvbughwliv8h6p1xnzhzeb.8-4zfbxgrn1m0380q5nl8knxy0xvdu2tvy5.ioklaafkj/%F2%8C%82%9BN%F4%87%88%AAOh/8RK$xdZE+/.%F0%9D%9D%91'/PEkBM@(I/k2/.y/9/YYynEw%F2%B4%99%BB+-\",\n        \"info\": \"criAu<\"\n      },\n      \"K\": {\n        \"ay\": 1991,\n        \"assign\": \"#J\",\n        \"match\": [\n          {\n            \"and\": [\n              \"WB*236\",\n              {\n                \"or\": [\n                  \"AX46\",\n                  \"SH459\"\n                ]\n              },\n              \"KZ4B\"\n            ]\n          },\n          \"NF99\",\n          {\n            \"and\": [\n              {\n                \"and\": []\n              },\n              {\n                \"and\": [\n                  \"AQI*63\",\n                  \"CC5V\",\n                  {\n                    \"or\": [\n                      {\n                        \"or\": [\n                          \"FT76x6X\",\n                          {\n                            \"or\": [\n                              \"WSG9294\"\n                            ]\n                          }\n                        ]\n                      },\n                      {\n                        \"and\": [\n                          \"YG61X\",\n                          \"JP1225\",\n                          {\n                            \"pattern\": \"CC736*O\",\n                            \"exclude\": [\n                              \"TCS8*G\",\n                              \"ID4522E\",\n                              \"PDD6193\",\n                              \"NI94*3N\"\n                            ]\n                          },\n                          \"QUU91X\",\n                          \"TDD47A\"\n                        ]\n                      },\n                      {\n                        \"and\": [\n                          \"AM5950X\",\n                          \"YMx*11\",\n                          \"RK1U\",\n                          {\n                            \"or\": [\n                              \"GZPx\",\n                              \"VX9S\"\n                            ]\n                          },\n                          \"UI7\"\n                        ]\n                      }\n                    ]\n                  }\n                ]\n              },\n              {\n                \"or\": [\n                  \"EM7F\",\n                  {\n                    \"pattern\": \"TXRx8xx\",\n                    \"exclude\": \"DOR55*V\",\n                    \"info\": \"dG\"\n                  },\n                  {\n                    \"and\": []\n                  },\n                  {\n                    \"or\": []\n                  }\n                ]\n              },\n              {\n                \"or\": [\n                  {\n                    \"or\": []\n                  },\n                  {\n                    \"or\": [\n                      \"TSN929\",\n                      \"GYQ1924\"\n                    ]\n                  },\n                  \"UJI8\",\n                  \"DY03\"\n                ]\n              },\n              \"KD82J\"\n            ]\n          },\n          {\n            \"and\": [\n              {\n                \"and\": [\n                  \"HE*1\"\n                ]\n              }\n            ]\n          },\n          \"LRW4xI\"\n        ],\n        \"satisfy\": {\n          \"and\": [\n            {\n              \"or\": [\n                \"P*F94u`.\",\n                {\n                  \"and\": [\n                    \"mp!k$F\",\n                    \"tiNj\",\n                    \"~E\",\n                    {\n                      \"and\": [\n                        \"^E9j(B\",\n                        \"w \"\n                      ]\n                    },\n                    {\n                      \"or\": [\n                        {\n                          \"and\": [\n                            \"zn^qK@[%\",\n                            {\n                              \"mc\": \"<=106\"\n                            },\n                            \"OL1h!\",\n                            {\n                              \"mc\": \">=74\"\n                            },\n                            \"2zhQ6/Aek\"\n                          ]\n                        },\n                        \"Ezws(C\",\n                        \"|S8(L8?\",\n                        \"F\\\\&c@c;\"\n                      ]\n                    }\n                  ]\n                }\n              ]\n            },\n            {\n              \"or\": []\n            },\n            {\n              \"or\": [\n                {\n                  \"or\": [\n                    \"`n?\",\n                    \"F\"\n                  ]\n                },\n                \"`ZQ>c\",\n                {\n                  \"and\": [\n                    \"xBPg.5\",\n                    \"O?9\",\n                    \"E?#d|`(A\"\n                  ]\n                },\n                \"44Eq-\"\n              ]\n            },\n            \"#,Vbdmh1n\",\n            {\n              \"and\": []\n            }\n          ]\n        },\n        \"url\": \"https://w-6egrvazhhwlha6lyc2k27p4by69oo-sj52pdb-1nm4tlb-j8.hzjoomcv/7((,G/://-(zObG/%F1%AE%85%9C%F1%98%96%87L/xc4+!k7k/%E2%B1%A0e//\",\n        \"info\": \"6\",\n        \"R=\": {\n          \"name\": \"5Vrhl\",\n          \"ay\": 1999,\n          \"assign\": \"J\",\n          \"match\": {\n            \"or\": [\n              {\n                \"pattern\": \"YIR42*\",\n                \"exclude\": \"WH2T\"\n              },\n              {\n                \"pattern\": \"ZY923\",\n                \"info\": \"kJ##b\\\"\"\n              },\n              {\n                \"or\": [\n                  \"UBx\",\n                  \"ABX79*\"\n                ]\n              },\n              \"IRB084C\",\n              {\n                \"pattern\": \"NF84N\",\n                \"exclude\": \"QWWx\"\n              }\n            ]\n          },\n          \"satisfy\": {\n            \"mc\": \"<=166\"\n          },\n          \"info\": \"|\"\n        },\n        \"g!\\\\g}b\": {\n          \"name\": \"Opa\\\\?,%'\",\n          \"ay\": 1962,\n          \"assign\": [\n            \"qQ}5jH\",\n            \"H( 7F`[;*m\",\n            \"0V\",\n            \"Np ZG\",\n            \"sM5jTS!X\"\n          ],\n          \"match\": [\n            {\n              \"or\": [\n                {\n                  \"or\": [\n                    \"ZYY16T\",\n                    {\n                      \"pattern\": \"MNC**19\",\n                      \"exclude\": [],\n                      \"info\": \"r6)ER\"\n                    },\n                    \"VFx9\"\n                  ]\n                },\n                \"BVUx\",\n                {\n                  \"pattern\": \"QGS62R\",\n                  \"exclude\": \"CG7*1\",\n                  \"info\": \"%-~+\"\n                },\n                {\n                  \"and\": [\n                    {\n                      \"pattern\": \"HQ698K\",\n                      \"exclude\": [\n                        \"ACJ7*xY\",\n                        \"UE7046F\"\n                      ],\n                      \"info\": \"3!`\"\n                    }\n                  ]\n                },\n                {\n                  \"pattern\": \"GEB29\",\n                  \"exclude\": [\n                    \"QQZ7*\",\n                    \"NC503E\",\n                    \"GGP29F\",\n                    \"HBG27G\",\n                    \"NU2716\"\n                  ],\n                  \"info\": \"8Jo:;8K1\"\n                }\n              ]\n            },\n            {\n              \"or\": [\n                {\n                  \"pattern\": \"IE*60\",\n                  \"exclude\": [\n                    \"LIB7x*\",\n                    \"XVR5644A\"\n                  ],\n                  \"info\": \"\"\n                },\n                {\n                  \"and\": [\n                    \"SRA9G\",\n                    {\n                      \"pattern\": \"HA3x96W\",\n                      \"exclude\": \"GG695B\",\n                      \"info\": \"}H\"\n                    },\n                    {\n                      \"and\": []\n                    }\n                  ]\n                },\n                {\n                  \"or\": [\n                    {\n                      \"pattern\": \"OK80\",\n                      \"exclude\": [\n                        \"FY272\",\n                        \"PH1070\",\n                        \"CJS9279\",\n                        \"NRX0886T\"\n                      ],\n                      \"info\": \"1\"\n                    },\n                    {\n                      \"pattern\": \"NNZ8111\",\n                      \"exclude\": \"FV673G\",\n                      \"info\": \"4z[b\"\n                    },\n                    {\n                      \"or\": []\n                    },\n                    {\n                      \"or\": []\n                    }\n                  ]\n                },\n                \"IS6\"\n              ]\n            },\n            {\n              \"and\": [\n                {\n                  \"and\": [\n                    {\n                      \"pattern\": \"DX299T\",\n                      \"exclude\": \"TBS994D\"\n                    },\n                    \"OI86\",\n                    \"AM*36Y\"\n                  ]\n                },\n                {\n                  \"pattern\": \"IK272\",\n                  \"exclude\": \"AM42\",\n                  \"info\": \"qPOti\"\n                },\n                \"NTP5071J\",\n                {\n                  \"or\": [\n                    {\n                      \"or\": [\n                        {\n                          \"pattern\": \"KL317\",\n                          \"exclude\": \"IFM34\",\n                          \"info\": \"hV4~0^ME\"\n                        }\n                      ]\n                    },\n                    {\n                      \"or\": [\n                        {\n                          \"or\": [\n                            {\n                              \"and\": [\n                                \"JXT5L\"\n                              ]\n                            },\n                            \"QX*2**P\",\n                            \"LGx670\"\n                          ]\n                        }\n                      ]\n                    },\n                    {\n                      \"pattern\": \"VA973A\",\n                      \"exclude\": \"PJ*xx\"\n                    },\n                    \"RTS79\"\n                  ]\n                },\n                {\n                  \"and\": [\n                    \"YVSx\"\n                  ]\n                }\n              ]\n            }\n          ],\n          \"satisfy\": [\n            {\n              \"mc\": \"<=86\"\n            },\n            {\n              \"or\": [\n                {\n                  \"mc\": \"<=104\"\n                },\n                {\n                  \"mc\": \"<=24\"\n                },\n                {\n                  \"and\": [\n                    \"\\\":h\"\n                  ]\n                }\n              ]\n            }\n          ],\n          \"info\": \"L%L\"\n        },\n        \"e<R(8^.q*z\": {\n          \"ay\": 2002,\n          \"assign\": \"M\\\\)>WP\",\n          \"satisfy\": \"6\",\n          \"url\": \"https://g.ie6cjlyxpiyyil1iaf6rh3mq9dflsufxhlvu5lxrsoha1wf6283goe9lisob.fcwzro/xpg%F3%8C%95%82NtgAb/%F2%B5%8F%A9CF$Hl!//H;%F3%9E%82%89Gm;j(~/QEjR/IR!\",\n          \"info\": \"\"\n        }\n      },\n      \"JbFN/\": {\n        \"name\": \"B\",\n        \"ay\": 1976,\n        \"assign\": [],\n        \"match\": [\n          \"EOX7648T\",\n          {\n            \"and\": [\n              {\n                \"pattern\": \"BKS007X\",\n               
[...]
              "err": {},
              "uuid": "81aba99d-714a-4135-955c-d5d9e55ffcf6",
              "parentUUID": "9124c2fd-c45a-4081-81ae-8c91f04d1921",
              "isHook": false,
              "skipped": false
            },
            {
              "title": "should not validate pattern match rule with non-string info",
              "fullTitle": "matchRuleSchema should not validate pattern match rule with non-string info",
              "timedOut": false,
              "duration": 0,
              "state": "passed",
              "speed": "fast",
              "pass": true,
              "fail": false,
              "pending": false,
              "context": null,
              "code": "const message = \"property 'info' should be a string\";\nisInvalidRule({ pattern: \"CS2101\", info: 42 }, { instancePath: \"/info\", message });",
              "err": {},
              "uuid": "10bfa023-63c7-4e81-976f-c1bd79a9ebc1",
              "parentUUID": "9124c2fd-c45a-4081-81ae-8c91f04d1921",
              "isHook": false,
              "skipped": false
            },
            {
              "title": "should not validate and match rules with non-array property",
              "fullTitle": "matchRuleSchema should not validate and match rules with non-array property",
              "timedOut": false,
              "duration": 1,
              "state": "passed",
              "speed": "fast",
              "pass": true,
              "fail": false,
              "pending": false,
              "context": null,
              "code": "const message = \"property 'and' should be an array of match rules\";\nisInvalidRule({ or: [{ and: {} }, { or: [{ and: 3 }] }] }, { instancePath: \"/or/0/and\", message }, { instancePath: \"/or/1/or/0/and\", message });",
              "err": {},
              "uuid": "8abc4b21-a2b8-40c1-9d24-fcabd790538d",
              "parentUUID": "9124c2fd-c45a-4081-81ae-8c91f04d1921",
              "isHook": false,
              "skipped": false
            },
            {
              "title": "should not validate or match rules with non-array property",
              "fullTitle": "matchRuleSchema should not validate or match rules with non-array property",
              "timedOut": false,
              "duration": 0,
              "state": "passed",
              "speed": "fast",
              "pass": true,
              "fail": false,
              "pending": false,
              "context": null,
              "code": "const message = \"property 'or' should be an array of match rules\";\nisInvalidRule({ or: [{ or: {} }, { and: [{ or: 3 }] }] }, { instancePath: \"/or/0/or\", message }, { instancePath: \"/or/1/and/0/or\", message });",
              "err": {},
              "uuid": "3494db2e-92f2-4a0c-bea5-bc8f42864b44",
              "parentUUID": "9124c2fd-c45a-4081-81ae-8c91f04d1921",
              "isHook": false,
              "skipped": false
            }
          ],
          "suites": [],
          "passes": [
            "3eb50ccd-76a9-4bed-9af3-c941f02a6c47",
            "40cf740d-cc4e-4008-b05b-e5ec75e0e55b",
            "cc0b44f9-e4f9-4351-82d8-344ddbc9da21",
            "26651c0a-180c-423f-8744-c407e54a570d",
            "0833d80f-fdcd-4908-8c00-62dac84af3f7",
            "fbe976e2-9f57-4d7c-a1df-1202dab5dd05",
            "05aea829-f8ed-4673-a47f-134e8ad49cff",
            "81aba99d-714a-4135-955c-d5d9e55ffcf6",
            "10bfa023-63c7-4e81-976f-c1bd79a9ebc1",
            "8abc4b21-a2b8-40c1-9d24-fcabd790538d",
            "3494db2e-92f2-4a0c-bea5-bc8f42864b44"
          ],
          "failures": [],
          "pending": [],
          "skipped": [],
          "duration": 11,
          "root": false,
          "rootEmpty": false,
          "_timeout": 2000
        },
        {
          "uuid": "fc65aef4-04b2-4a56-be9b-1cd28e9e09ee",
          "title": "inequalitySchema",
          "fullFile": "/home/runner/work/planwithus-lib/planwithus-lib/src/satisfyRule/inequality/schemas.test.ts",
          "file": "/src/satisfyRule/inequality/schemas.test.ts",
          "beforeHooks": [],
          "afterHooks": [],
          "tests": [
            {
              "title": "should validate inequality in the form <=n or >=n",
              "fullTitle": "inequalitySchema should validate inequality in the form <=n or >=n",
              "timedOut": false,
              "duration": 1,
              "state": "passed",
              "speed": "fast",
              "pass": true,
              "fail": false,
              "pending": false,
              "context": "[\n  {\n    \"title\": \"inequality sample 0\",\n    \"value\": \"<=193\"\n  },\n  {\n    \"title\": \"inequality sample 1\",\n    \"value\": \"<=122\"\n  },\n  {\n    \"title\": \"inequality sample 2\",\n    \"value\": \">=1\"\n  },\n  {\n    \"title\": \"inequality sample 3\",\n    \"value\": \"<=197\"\n  },\n  {\n    \"title\": \"inequality sample 4\",\n    \"value\": \"<=7\"\n  },\n  {\n    \"title\": \"inequality sample 5\",\n    \"value\": \">=63\"\n  },\n  {\n    \"title\": \"inequality sample 6\",\n    \"value\": \"<=184\"\n  },\n  {\n    \"title\": \"inequality sample 7\",\n    \"value\": \"<=3\"\n  },\n  {\n    \"title\": \"inequality sample 8\",\n    \"value\": \">=135\"\n  },\n  {\n    \"title\": \"inequality sample 9\",\n    \"value\": \">=198\"\n  }\n]",
              "code": "fast_check_1.sample(index_test_2.inequality, 10).forEach((sample, i) => addContext_1.default(this, {\n    title: `inequality sample ${i}`,\n    value: sample,\n}));\nreturn fast_check_1.assert(fast_check_1.property(index_test_2.inequality, ajvValidate));",
              "err": {},
              "uuid": "d0de583d-8edd-4795-98a1-0c5bf4328424",
              "parentUUID": "fc65aef4-04b2-4a56-be9b-1cd28e9e09ee",
              "isHook": false,
              "skipped": false
            },
            {
              "title": "should not validate inequality of invalid form",
              "fullTitle": "inequalitySchema should not validate inequality of invalid form",
              "timedOut": false,
              "duration": 1,
              "state": "passed",
              "speed": "fast",
              "pass": true,
              "fail": false,
              "pending": false,
              "context": null,
              "code": "[\n        \"\",\n        \"==23\",\n        \"23\",\n        \"<23\",\n        \">23\",\n        \"<=-1\",\n        \">=-1\",\n        \"<= 2\",\n        \">= 1\",\n        \"> 3\",\n        \"< 3\",\n        \"<=3a\",\n        \">=3a\",\n        \"a<=3\",\n        \"a>=3\",\n    ].forEach(isInvalidInequality)",
              "err": {},
              "uuid": "e791f988-cf19-40bd-a1ee-5dd47df109b5",
              "parentUUID": "fc65aef4-04b2-4a56-be9b-1cd28e9e09ee",
              "isHook": false,
              "skipped": false
            }
          ],
          "suites": [],
          "passes": [
            "d0de583d-8edd-4795-98a1-0c5bf4328424",
            "e791f988-cf19-40bd-a1ee-5dd47df109b5"
          ],
          "failures": [],
          "pending": [],
          "skipped": [],
          "duration": 2,
          "root": false,
          "rootEmpty": false,
          "_timeout": 2000
        },
        {
          "uuid": "72b800d2-675a-4789-9f31-f8318011d92e",
          "title": "satisfyRuleSchema",
          "fullFile": "/home/runner/work/planwithus-lib/planwithus-lib/src/satisfyRule/schemas.test.ts",
          "file": "/src/satisfyRule/schemas.test.ts",
          "beforeHooks": [],
          "afterHooks": [],
          "tests": [
            {
              "title": "should validate satisfy rule with valid block id",
              "fullTitle": "satisfyRuleSchema should validate satisfy rule with valid block id",
              "timedOut": false,
              "duration": 0,
              "state": "passed",
              "speed": "fast",
              "pass": true,
              "fail": false,
              "pending": false,
              "context": null,
              "code": "fast_check_1.assert(fast_check_1.property(fast_check_1.string(), ajvValidate)",
              "err": {},
              "uuid": "633e341f-1964-4249-b40d-02df186f851f",
              "parentUUID": "72b800d2-675a-4789-9f31-f8318011d92e",
              "isHook": false,
              "skipped": false
            },
            {
              "title": "should validate satisfy rules with valid mc",
              "fullTitle": "satisfyRuleSchema should validate satisfy rules with valid mc",
              "timedOut": false,
              "duration": 1,
              "state": "passed",
              "speed": "fast",
              "pass": true,
              "fail": false,
              "pending": false,
              "context": "[\n  {\n    \"title\": \"mcSatisfyRule sample 0\",\n    \"value\": {\n      \"mc\": \"<=3\"\n    }\n  },\n  {\n    \"title\": \"mcSatisfyRule sample 1\",\n    \"value\": {\n      \"mc\": \"<=8\"\n    }\n  },\n  {\n    \"title\": \"mcSatisfyRule sample 2\",\n    \"value\": {\n      \"mc\": \">=58\"\n    }\n  },\n  {\n    \"title\": \"mcSatisfyRule sample 3\",\n    \"value\": {\n      \"mc\": \"<=1\"\n    }\n  },\n  {\n    \"title\": \"mcSatisfyRule sample 4\",\n    \"value\": {\n      \"mc\": \">=5\"\n    }\n  },\n  {\n    \"title\": \"mcSatisfyRule sample 5\",\n    \"value\": {\n      \"mc\": \"<=6\"\n    }\n  },\n  {\n    \"title\": \"mcSatisfyRule sample 6\",\n    \"value\": {\n      \"mc\": \"<=6\"\n    }\n  },\n  {\n    \"title\": \"mcSatisfyRule sample 7\",\n    \"value\": {\n      \"mc\": \">=34\"\n    }\n  },\n  {\n    \"title\": \"mcSatisfyRule sample 8\",\n    \"value\": {\n      \"mc\": \"<=197\"\n    }\n  },\n  {\n    \"title\": \"mcSatisfyRule sample 9\",\n    \"value\": {\n      \"mc\": \"<=36\"\n    }\n  }\n]",
              "code": "fast_check_1.sample(index_test_2.mcSatisfyRule, 10).forEach((sample, i) => addContext_1.default(this, {\n    title: `mcSatisfyRule sample ${i}`,\n    value: sample,\n}));\nreturn fast_check_1.assert(fast_check_1.property(index_test_2.mcSatisfyRule, ajvValidate));",
              "err": {},
              "uuid": "f3bd01dc-ca57-4c78-8e80-64111d15c8f0",
              "parentUUID": "72b800d2-675a-4789-9f31-f8318011d92e",
              "isHook": false,
              "skipped": false
            },
            {
              "title": "should validate valid recursive satisfy rules",
              "fullTitle": "satisfyRuleSchema should validate valid recursive satisfy rules",
              "timedOut": false,
              "duration": 3,
              "state": "passed",
              "speed": "fast",
              "pass": true,
              "fail": false,
              "pending": false,
              "context": "[\n  {\n    \"title\": \"satisfyRule sample 0\",\n    \"value\": \"\\\"\"\n  },\n  {\n    \"title\": \"satisfyRule sample 1\",\n    \"value\": {\n      \"or\": [\n        {\n          \"and\": [\n            \"R\",\n            \"-aq\"\n          ]\n        }\n      ]\n    }\n  },\n  {\n    \"title\": \"satisfyRule sample 2\",\n    \"value\": {\n      \"mc\": \">=53\"\n    }\n  },\n  {\n    \"title\": \"satisfyRule sample 3\",\n    \"value\": {\n      \"or\": [\n        \"s`@O}oS|^(\"\n      ]\n    }\n  },\n  {\n    \"title\": \"satisfyRule sample 4\",\n    \"value\": {\n      \"or\": [\n        {\n          \"or\": [\n            \"$x)s9[M\",\n            \"f4:(Rq+k\",\n            {\n              \"mc\": \"<=134\"\n            },\n            \"\"\n          ]\n        },\n        \"r)R\",\n        {\n          \"or\": []\n        },\n        {\n          \"mc\": \">=192\"\n        }\n      ]\n    }\n  },\n  {\n    \"title\": \"satisfyRule sample 5\",\n    \"value\": {\n      \"mc\": \"<=155\"\n    }\n  },\n  {\n    \"title\": \"satisfyRule sample 6\",\n    \"value\": {\n      \"mc\": \"<=48\"\n    }\n  },\n  {\n    \"title\": \"satisfyRule sample 7\",\n    \"value\": \"QF%jb#9\"\n  },\n  {\n    \"title\": \"satisfyRule sample 8\",\n    \"value\": {\n      \"and\": [\n        {\n          \"or\": [\n            {\n              \"and\": [\n                {\n                  \"mc\": \">=179\"\n                },\n                {\n                  \"and\": []\n                },\n                \"8= 8yp6[y]\"\n              ]\n            },\n            {\n              \"or\": [\n                \"0Xt{zl\",\n                \",vXyo?b\",\n                {\n                  \"or\": [\n                    \"s7%+U\",\n                    \"\",\n                    \"U&:\"\n                  ]\n                },\n                \"\"\n              ]\n            },\n            {\n              \"and\": []\n            }\n          ]\n        },\n        \"<\",\n        {\n          \"and\": [\n            \"Hj\",\n            {\n              \"and\": [\n                \"8/dZJ[ B(\\\\\",\n                \"kk^Je*h\\\\\"\n              ]\n            },\n            \")S\"\n          ]\n        },\n        {\n          \"or\": []\n        },\n        \"b2J<'$\"\n      ]\n    }\n  },\n  {\n    \"title\": \"satisfyRule sample 9\",\n    \"value\": {\n      \"mc\": \"<=178\"\n    }\n  }\n]",
              "code": "fast_check_1.sample(index_test_2.satisfyRule, 10).forEach((sample, i) => addContext_1.default(this, {\n    title: `satisfyRule sample ${i}`,\n    value: sample,\n}));\nreturn fast_check_1.assert(fast_check_1.property(index_test_2.satisfyRule, ajvValidate));",
              "err": {},
              "uuid": "19157c1f-bc6f-45c3-bd78-dfacab320dca",
              "parentUUID": "72b800d2-675a-4789-9f31-f8318011d92e",
              "isHook": false,
              "skipped": false
            },
            {
              "title": "should not validate non-string/object",
              "fullTitle": "satisfyRuleSchema should not validate non-string/object",
              "timedOut": false,
              "duration": 0,
              "state": "passed",
              "speed": "fast",
              "pass": true,
              "fail": false,
              "pending": false,
              "context": null,
              "code": "const error = {\n    instancePath: \"\",\n    message: \"satisfy rule should be either a string or an object\",\n};\nisInvalidRule(null, error);\nisInvalidRule(undefined, error);\nisInvalidRule(10, error);\nisInvalidRule([12, 24], error);",
              "err": {},
              "uuid": "73b94e01-ed79-4823-88d4-f852e09e7234",
              "parentUUID": "72b800d2-675a-4789-9f31-f8318011d92e",
              "isHook": false,
              "skipped": false
            },
            {
              "title": "should not validate satisfy rules with extra properties",
              "fullTitle": "satisfyRuleSchema should not validate satisfy rules with extra properties",
              "timedOut": false,
              "duration": 1,
              "state": "passed",
              "speed": "fast",
              "pass": true,
              "fail": false,
              "pending": false,
              "context": null,
              "code": "isInvalidRule({\n        and: [\n            { or: [\"2k\"], abc: \"def\" },\n            { mc: 8, ghi: \"jkl\" },\n        ],\n        mno: \"pqr\",\n    }, {\n        instancePath: \"/and/0\",\n        message: \"or satisfy rule should have property 'or' only\",\n    }, {\n        instancePath: \"/and/1\",\n        message: \"MC satisfy rule should have property 'mc' only\",\n    }, {\n        instancePath: \"\",\n        message: \"and satisfy rule should have property 'and' only\",\n    })",
              "err": {},
              "uuid": "3ddcb0da-b443-4684-bada-cd14d4e153bf",
              "parentUUID": "72b800d2-675a-4789-9f31-f8318011d92e",
              "isHook": false,
              "skipped": false
            },
            {
              "title": "should not validate ambiguous satisfy rules",
              "fullTitle": "satisfyRuleSchema should not validate ambiguous satisfy rules",
              "timedOut": false,
              "duration": 0,
              "state": "passed",
              "speed": "fast",
              "pass": true,
              "fail": false,
              "pending": false,
              "context": null,
              "code": "const message = \"satisfy rule should have only one of properties 'mc', 'and', 'or'\";\nisInvalidRule({\n    or: [\n        { mc: 5, and: [\"CS2040\"] },\n        { and: [{ and: [\"abc\"], or: [\"def\"] }] },\n    ],\n}, { instancePath: \"/or/0\", message }, { instancePath: \"/or/1/and/0\", message });",
              "err": {},
              "uuid": "a1c2fd30-f274-40fe-886a-a1812d5359fb",
              "parentUUID": "72b800d2-675a-4789-9f31-f8318011d92e",
              "isHook": false,
              "skipped": false
            },
            {
              "title": "should not validate and satisfy rules with non-array property",
              "fullTitle": "satisfyRuleSchema should not validate and satisfy rules with non-array property",
              "timedOut": false,
              "duration": 0,
              "state": "passed",
              "speed": "fast",
              "pass": true,
              "fail": false,
              "pending": false,
              "context": null,
              "code": "const message = \"property 'and' should be an array of satisfy rules\";\nisInvalidRule({ or: [{ and: {} }, { or: [{ and: 3 }] }] }, { instancePath: \"/or/0/and\", message }, { instancePath: \"/or/1/or/0/and\", message });",
              "err": {},
              "uuid": "899000d4-880b-44d7-a0c2-599717a039e9",
              "parentUUID": "72b800d2-675a-4789-9f31-f8318011d92e",
              "isHook": false,
              "skipped": false
            },
            {
              "title": "should not validate or satisfy rules with non-array property",
              "fullTitle": "satisfyRuleSchema should not validate or satisfy rules with non-array property",
              "timedOut": false,
              "duration": 0,
              "state": "passed",
              "speed": "fast",
              "pass": true,
              "fail": false,
              "pending": false,
              "context": null,
              "code": "const message = \"property 'or' should be an array of satisfy rules\";\nisInvalidRule({ and: [{ or: {} }, { and: [{ or: 3 }] }] }, { instancePath: \"/and/0/or\", message }, { instancePath: \"/and/1/and/0/or\", message });",
              "err": {},
              "uuid": "0bcd6e54-6c89-427a-90c4-725dfb134d00",
              "parentUUID": "72b800d2-675a-4789-9f31-f8318011d92e",
              "isHook": false,
              "skipped": false
            }
          ],
          "suites": [],
          "passes": [
            "633e341f-1964-4249-b40d-02df186f851f",
            "f3bd01dc-ca57-4c78-8e80-64111d15c8f0",
            "19157c1f-bc6f-45c3-bd78-dfacab320dca",
            "73b94e01-ed79-4823-88d4-f852e09e7234",
            "3ddcb0da-b443-4684-bada-cd14d4e153bf",
            "a1c2fd30-f274-40fe-886a-a1812d5359fb",
            "899000d4-880b-44d7-a0c2-599717a039e9",
            "0bcd6e54-6c89-427a-90c4-725dfb134d00"
          ],
          "failures": [],
          "pending": [],
          "skipped": [],
          "duration": 5,
          "root": false,
          "rootEmpty": false,
          "_timeout": 2000
        }
      ],
      "passes": [],
      "failures": [],
      "pending": [],
      "skipped": [],
      "duration": 0,
      "root": true,
      "rootEmpty": true,
      "_timeout": 2000
    }
  ],
  "meta": {
    "mocha": {
      "version": "9.0.1"
    },
    "mochawesome": {
      "options": {
        "quiet": false,
        "reportFilename": "mochawesome",
        "saveHtml": true,
        "saveJson": true,
        "consoleReporter": "spec",
        "useInlineDiffs": false,
        "code": true
      },
      "version": "6.2.2"
    },
    "marge": {
      "options": {
        "reportDir": "docs"
      },
      "version": "5.2.0"
    }
  }
}