{
  "stats": {
    "suites": 10,
    "tests": 48,
    "passes": 48,
    "pending": 0,
    "failures": 0,
    "start": "2021-10-03T05:48:35.390Z",
    "end": "2021-10-03T05:48:35.736Z",
    "duration": 346,
    "testsRegistered": 48,
    "passPercent": 100,
    "pendingPercent": 0,
    "other": 0,
    "hasOther": false,
    "skipped": 0,
    "hasSkipped": false
  },
  "results": [
    {
      "uuid": "c44c08e2-1c09-484d-9e33-83b4a285647a",
      "title": "",
      "fullFile": "",
      "file": "",
      "beforeHooks": [],
      "afterHooks": [],
      "tests": [],
      "suites": [
        {
          "uuid": "fa2df87a-e924-46ab-a3b7-daf7e91d0e2b",
          "title": "initDirectories",
          "fullFile": "/home/runner/work/planwithus-lib/planwithus-lib/src/block/schemas.test.ts",
          "file": "/src/block/schemas.test.ts",
          "beforeHooks": [],
          "afterHooks": [],
          "tests": [
            {
              "title": "should parse all blocks with no errors",
              "fullTitle": "initDirectories should parse all blocks with no errors",
              "timedOut": false,
              "duration": 4,
              "state": "passed",
              "speed": "fast",
              "pass": true,
              "fail": false,
              "pending": false,
              "context": null,
              "code": "_1.initDirectories.should.not.throw()",
              "err": {},
              "uuid": "3e7b9867-0e06-4bbb-9b62-70912c95de7a",
              "parentUUID": "fa2df87a-e924-46ab-a3b7-daf7e91d0e2b",
              "isHook": false,
              "skipped": false
            },
            {
              "title": "should produce primary, second & minor directories",
              "fullTitle": "initDirectories should produce primary, second & minor directories",
              "timedOut": false,
              "duration": 3,
              "state": "passed",
              "speed": "fast",
              "pass": true,
              "fail": false,
              "pending": false,
              "context": null,
              "code": "const directories = (0, _1.initDirectories)();\ndirectories.should.have.property(\"primary\");\ndirectories.should.have.property(\"second\");\ndirectories.should.have.property(\"minor\");",
              "err": {},
              "uuid": "47c26796-607d-4a95-9b64-f26228ec818e",
              "parentUUID": "fa2df87a-e924-46ab-a3b7-daf7e91d0e2b",
              "isHook": false,
              "skipped": false
            }
          ],
          "suites": [],
          "passes": [
            "3e7b9867-0e06-4bbb-9b62-70912c95de7a",
            "47c26796-607d-4a95-9b64-f26228ec818e"
          ],
          "failures": [],
          "pending": [],
          "skipped": [],
          "duration": 7,
          "root": false,
          "rootEmpty": false,
          "_timeout": 2000
        },
        {
          "uuid": "99be3409-b402-484a-9768-74baf069a108",
          "title": "blockSchema",
          "fullFile": "/home/runner/work/planwithus-lib/planwithus-lib/src/block/schemas.test.ts",
          "file": "/src/block/schemas.test.ts",
          "beforeHooks": [],
          "afterHooks": [],
          "tests": [
            {
              "title": "should validate valid block",
              "fullTitle": "blockSchema should validate valid block",
              "timedOut": false,
              "duration": 175,
              "state": "passed",
              "speed": "slow",
              "pass": true,
              "fail": false,
              "pending": false,
              "context": "[\n  {\n    \"title\": \"block sample 0\",\n    \"value\": {\n      \"ay\": 2025,\n      \"match\": {\n        \"or\": [\n          {\n            \"pattern\": \"NWQ269\",\n            \"exclude\": [\n              \"HW659P\",\n              \"JHG7x60\",\n              \"VTF381x\"\n            ]\n          },\n          {\n            \"or\": [\n              {\n                \"pattern\": \"RMN9740L\",\n                \"exclude\": \"DX6211I\",\n                \"info\": \"\"\n              },\n              \"JZ*6\",\n              {\n                \"or\": [\n                  \"KO6\",\n                  {\n                    \"pattern\": \"CEN42*\",\n                    \"exclude\": \"TSF9\",\n                    \"info\": \"wGVvOD\"\n                  },\n                  \"LJ5xJ\"\n                ]\n              }\n            ]\n          },\n          {\n            \"pattern\": \"QYx\",\n            \"exclude\": \"UCP997Y\",\n            \"info\": \"H09l2yk_|{\"\n          },\n          \"THJ55*\",\n          \"GGT9xS\"\n        ]\n      },\n      \"satisfy\": {\n        \"and\": [\n          {\n            \"or\": [\n              {\n                \"and\": [\n                  {\n                    \"and\": [\n                      {\n                        \"mc\": \"<=51\"\n                      },\n                      {\n                        \"and\": [\n                          \"K- tdu~8\"\n                        ]\n                      },\n                      \"(Te>:\",\n                      \"()h)\",\n                      \"!\"\n                    ]\n                  },\n                  \"%~13u\"\n                ]\n              },\n              {\n                \"and\": [\n                  \"Kb'F]Eijm\",\n                  \"Aqk}o1)} \",\n                  \"XYVi>D*k~\\\"\",\n                  {\n                    \"mc\": \">=87\"\n                  },\n                  {\n                    \"or\": [\n                      {\n                        \"and\": [\n                          \"='I7PMl\",\n                          {\n                            \"or\": [\n                              \"wfm\",\n                              \"\",\n                              \"_n81e$\\\"\",\n                              \"];~\",\n                              {\n                                \"and\": [\n                                  \"X\",\n                                  \"T!\",\n                                  {\n                                    \"and\": [\n                                      \"~grr2\\\\wv\",\n                                      \"nw;x#P/\",\n                                      \")v=Twh\"\n                                    ]\n                                  },\n                                  \"vYHg6)5PN\",\n                                  \"Qc -\"\n                                ]\n                              }\n                            ]\n                          },\n                          \"B\",\n                          \"AF=s78[\",\n                          {\n                            \"and\": [\n                              \"R?fN\",\n                              \"E\\\"3k$\"\n                            ]\n                          }\n                        ]\n                      },\n                      \"^\"\n                    ]\n                  }\n                ]\n              },\n              \"B $|\",\n              {\n                \"and\": [\n                  \"C>&Iw\",\n                  {\n                    \"and\": [\n                      \"\\\\EyVAQ\",\n                      \",$\",\n                      \"?iQPw\"\n                    ]\n                  }\n                ]\n              }\n            ]\n          }\n        ]\n      },\n      \"url\": \"http://qdxo98yl1hx8.4-4v101664r5by1xf74uq7x-9l8fbkuavu9o37h02psy1b441ctf1m94k9hbn.r.o.l5el64tuyk0hre31ejlru1.ip/Qj&f/\",\n      \"info\": \"p$%~7T\",\n      \"wJ^o\": {\n        \"name\": \"`2t~OZlcP\",\n        \"satisfy\": {\n          \"or\": [\n            \"J/T\",\n            {\n              \"or\": [\n                \"Q<`@G=\",\n                \"^i(XfTv:w\",\n                \"9K)Q\"\n              ]\n            }\n          ]\n        },\n        \"info\": \"`.<Y7h\",\n        \"isSelectable\": true\n      },\n      \"k.Ha M\": {\n        \"name\": \"5g:\",\n        \"ay\": 2022,\n        \"assign\": \"<,\",\n        \"match\": [\n          \"QX61*T\",\n          {\n            \"or\": [\n              \"MD*319\",\n              {\n                \"and\": [\n                  {\n                    \"or\": [\n                      \"ZTK690Z\",\n                      \"WCG32K\",\n                      {\n                        \"or\": [\n                          \"NRC295\",\n                          {\n                            \"pattern\": \"MDN9*70\",\n                            \"info\": \"pU5Tb)\"\n                          },\n                          \"UXM0524\",\n                          \"QMx\"\n                        ]\n                      }\n                    ]\n                  }\n                ]\n              },\n              {\n                \"or\": [\n                  \"XF74\"\n                ]\n              },\n              {\n                \"or\": [\n                  {\n                    \"pattern\": \"LSX296\",\n                    \"info\": \"5I\"\n                  },\n                  {\n                    \"and\": [\n                      \"TX8446\",\n                      \"CRR*S\",\n                      {\n                        \"and\": [\n                          \"OY5\",\n                          \"QRC967Y\"\n                        ]\n                      },\n                      \"WSO423G\"\n                    ]\n                  },\n                  \"ZTS4Q\",\n                  \"DXN9\",\n                  {\n                    \"and\": [\n                      {\n                        \"and\": [\n                          \"CS0M\",\n                          \"RC55\",\n                          \"NY3*26\",\n                          {\n                            \"or\": [\n                              \"CTD7J\",\n                              \"YTI0*4Z\"\n                            ]\n                          }\n                        ]\n                      },\n                      {\n                        \"and\": [\n                          {\n                            \"or\": [\n                              {\n                                \"pattern\": \"HQB41\",\n                                \"exclude\": [\n                                  \"HRCxO\",\n                                  \"GI151C\"\n                                ],\n                                \"info\": \"@C-\"\n                              }\n                            ]\n                          },\n                          \"GJ9\",\n                          \"GZ3\",\n                          \"QVH857U\"\n                        ]\n                      },\n                      \"RRV5421\",\n                      \"TGA59Q\"\n                    ]\n                  }\n                ]\n              }\n            ]\n          },\n          {\n            \"and\": []\n          }\n        ],\n        \"satisfy\": {\n          \"mc\": \"<=179\"\n        },\n        \"info\": \"6>:[\",\n        \"isSelectable\": true\n      },\n      \"`\": {\n        \"name\": \"@d+p\\\\te(z9\",\n        \"ay\": 2027,\n        \"assign\": \">\",\n        \"match\": {\n          \"and\": [\n            \"IR80T\",\n            {\n              \"or\": [\n                {\n                  \"pattern\": \"KCY*60Q\"\n                },\n                \"PRJ060\",\n                {\n                  \"and\": [\n                    {\n                      \"and\": [\n                        \"RV40Y\",\n                        {\n                          \"or\": [\n                            \"JH17J\",\n                            \"FU566\",\n                            \"SHx3W\",\n                            {\n                              \"pattern\": \"CA*14E\",\n                              \"exclude\": [\n                                \"AG1x82E\",\n                                \"EC7J\",\n                                \"DM5H\",\n                                \"MNA6K\",\n                                \"HC57x\"\n                              ]\n                            },\n                            {\n                              \"or\": [\n                                {\n                                  \"or\": [\n                                    \"GT*09U\",\n                                    \"SDP002\",\n                                    {\n                                      \"and\": [\n                                        \"MRC8\",\n                                        \"BT*x\",\n                                        \"OC2A\",\n                                        \"OEX8*25\",\n                                        \"AD05\"\n                                      ]\n                                    },\n                                    \"XSP*97\"\n                                  ]\n                                },\n                                \"YOB3\",\n                                {\n                                  \"pattern\": \"CPE0\",\n                                  \"exclude\": \"BF46\",\n                                  \"info\": \"xtp'[A\"\n                                },\n                                \"EJ435Y\"\n                              ]\n                            }\n                          ]\n                        }\n                      ]\n                    },\n                    {\n                      \"and\": [\n                        \"KK1890\",\n                        \"IBD22N\"\n                      ]\n                    }\n                  ]\n                }\n              ]\n            },\n            {\n              \"or\": [\n                \"HPW9\",\n                \"MX2T\",\n                {\n                  \"and\": [\n                    \"CW789Q\",\n                    \"JBQ*\",\n                    {\n                      \"or\": [\n                        \"ZO769B\",\n                        {\n                          \"and\": [\n                            \"EWD*568S\",\n                            \"PIG78Z\"\n                          ]\n                        },\n                        \"HZF525\"\n                      ]\n                    }\n                  ]\n                }\n              ]\n            },\n            \"HH0615P\",\n            {\n              \"and\": [\n                \"GBX4634\",\n                {\n                  \"or\": [\n                    \"UI07\",\n                    \"TKD5*0P\",\n                    \"AL01*T\",\n                    {\n                      \"pattern\": \"CQ591\",\n                      \"exclude\": []\n                    }\n                  ]\n                },\n                {\n                  \"and\": [\n                    \"EO70\",\n                    {\n                      \"and\": [\n                        \"EG9829\",\n                        \"WC71\",\n                        \"PP*266N\",\n                        \"QNW32W\"\n                      ]\n                    }\n                  ]\n                },\n                \"LUI89U\",\n                \"DYW6x02\"\n              ]\n            }\n          ]\n        },\n        \"satisfy\": [],\n        \"url\": \"http://v14w0px6yng31nhytjzicpebgtm0kfg-jr39btzchy.l0g7gdetzpoyrv.zlbsaakhbb/YUAAO_KXNR\",\n        \"info\": \".mWh\",\n        \"isSelectable\": true\n      },\n      \"\": {\n        \"name\": \"vU]UlIo\",\n        \"assign\": \"`NrK&\",\n        \"match\": [\n          \"XC690\",\n          {\n            \"pattern\": \"MAP51T\",\n            \"info\": \"%yM^6[n4\"\n          },\n          {\n            \"pattern\": \"KAH865\",\n            \"exclude\": \"WH3327\",\n            \"info\": \"$3h;=HY9\"\n          },\n          {\n            \"pattern\": \"AI*332\",\n            \"exclude\": \"AD802C\",\n            \"info\": \" ;^a}^z\"\n          },\n          {\n            \"pattern\": \"BZ9\",\n            \"exclude\": \"XP305\",\n            \"info\": \"\"\n          }\n        ],\n        \"satisfy\": {\n          \"or\": [\n            \"TO*=2Td<r8\",\n            {\n              \"and\": [\n                {\n                  \"mc\": \">=149\"\n                },\n                {\n                  \"and\": []\n                },\n                \"e$1XbM\",\n                {\n                  \"and\": [\n                    \"h.w4G\",\n                    \"xQM=]HJw\\\\\",\n                    {\n                      \"or\": [\n                        \"FN`0)|MQ\",\n                        \"}P)%S8Q2O\"\n                      ]\n                    }\n                  ]\n                },\n                {\n                  \"or\": [\n                    \",\"\n                  ]\n                }\n              ]\n            },\n            {\n              \"mc\": \"<=186\"\n            },\n            {\n              \"mc\": \">=19\"\n            }\n          ]\n        },\n        \"url\": \"http://ha-bevo57xc2gi9o06bdc0jogcisi65.m.euiu5hv3kspv3w78zwwu5hzbi9k5.um8xoaidlrwnrim37r98dzkxzox.yeop87506n5px79khs7yth90ax0ox-1p.qjyhbl/9nvoLC@.F/6ykv/E*%F0%A8%80%BC%F2%BC%94%B1gev%F3%BB%95%AF/&1O/AcQBXg//j,R%F0%A9%99%93SV@L0//r9vn:U0f2v\"\n      }\n    }\n  },\n  {\n    \"title\": \"block sample 1\",\n    \"value\": {\n      \"name\": \"&&\",\n      \"assign\": \"\",\n      \"match\": {\n        \"and\": [\n          {\n            \"or\": []\n          }\n        ]\n      },\n      \"satisfy\": [\n        {\n          \"and\": [\n            {\n              \"and\": [\n                {\n                  \"and\": [\n                    \"6t!;Sme&\",\n                    {\n                      \"mc\": \">=11\"\n                    },\n                    \"cG\",\n                    \"tJi\",\n                    \"\"\n                  ]\n                },\n                {\n                  \"mc\": \">=123\"\n                }\n              ]\n            }\n          ]\n        },\n        {\n          \"and\": [\n            \"&(f0)\"\n          ]\n        },\n        {\n          \"and\": []\n        },\n        {\n          \"and\": [\n            {\n              \"and\": [\n                \"%CH!K1q(x\",\n                {\n                  \"and\": [\n                    {\n                      \"mc\": \">=64\"\n                    },\n                    \"U\",\n                    \"6\",\n                    \">6J\",\n                    \"/ry\"\n                  ]\n                },\n                \"\",\n                {\n                  \"mc\": \"<=98\"\n                }\n              ]\n            },\n            \"M\",\n            {\n              \"or\": [\n                {\n                  \"and\": [\n                    \"hd]0(B\",\n                    \"pc[E\\\"'q_]\"\n                  ]\n                },\n                \",-^B(eKaq+\",\n                \"\",\n                {\n                  \"mc\": \"<=108\"\n                },\n                \"%a6/Y_a\"\n              ]\n            },\n            \"3(G^8^R\",\n            \"bZ4rh&&PS,\"\n          ]\n        }\n      ],\n      \"info\": \"ptrlb6$s9L\",\n      \"isSelectable\": true\n    }\n  },\n  {\n    \"title\": \"block sample 2\",\n    \"value\": {\n      \"name\": \"~\",\n      \"ay\": 1967,\n      \"assign\": [],\n      \"match\": [\n        \"CM4\"\n      ],\n      \"satisfy\": [],\n      \"url\": \"https://ttu5ajb6htlfwr1we911wdj38da350cpt33405wevjesqimq2-r1y.y3ir5jbwtqqj45wa3633t8jsev3stwo9f-2dj5.kg.2y084k5txuooful5gog0yhpbj1kpcfaz7ky1jhw.rezaz/7iakz%F4%8A%AA%B8V%F0%BC%88%9B/%F2%9D%95%95%EB%BE%9B&%F3%81%8E%88MPn/rJ=4//W6/dIXnQJjf/%F4%81%AB%AE2,uSsv/%F1%84%B1%A6%F1%8E%8C%AD!Ys%F3%AB%BD%A6$6/b332%F3%B1%B2%ABz!z%F3%A5%9B%95/2Md\",\n      \"info\": \"@\",\n      \"isSelectable\": true,\n      \" Dm\\\\\": {\n        \"ay\": 1954,\n        \"assign\": [],\n        \"match\": [\n          {\n            \"and\": [\n              {\n                \"pattern\": \"JX57C\",\n                \"exclude\": \"TOx1*\"\n              },\n              \"BN7617\"\n            ]\n          }\n        ],\n        \"satisfy\": {\n          \"mc\": \"<=68\"\n        },\n        \"url\": \"http://v-2b-bqnszh8e4mxxro8q0.pvf2vox11qvnj52i5coawrq.kvg7unkc5ii8fbqz1kq6jf891vs0nvnjjcx93rbiu03ma68.cmg8i-3kq7qzoshf-wpy2v8pzmfsq8lx7g68j9oujn7oc2u.fntvtmaomi/gFh9YzAD+Y/yM*%F1%A5%AD%80;FU//-bEEK.:K)y/%F2%8F%AF%8Dan/l/d/~Ku6&:cs\",\n        \"info\": \"P^1|v7.4PW\",\n        \"isSelectable\": true\n      },\n      \"K\": {\n        \"name\": \"I\",\n        \"ay\": 1967,\n        \"assign\": [\n          \"%2[-ZO\",\n          \"RuB\",\n          \"e[4\"\n        ],\n        \"match\": \"NA087\",\n        \"satisfy\": [\n          {\n            \"mc\": \"<=59\"\n          },\n          {\n            \"or\": [\n              {\n                \"and\": []\n              }\n            ]\n          },\n          {\n            \"and\": [\n              \"Ob$1C\",\n              \"B)XR \",\n              \"?\",\n              {\n                \"mc\": \"<=36\"\n              },\n              \" ^4v{{4}\"\n            ]\n          },\n          {\n            \"or\": [\n              {\n                \"mc\": \">=126\"\n              },\n              \">(tAK%1n>}\",\n              \"i=Z\"\n            ]\n          }\n        ],\n        \"url\": \"http://w9yn45cf80btytqtcr5tqlgqg-emp4e-f.d.z1pparmdnd9r3pdoq.vbjoa/krzg-\",\n        \"info\": \"tO_\"\n      },\n      \"4K5\\\"H^.\": {\n        \"ay\": 2018,\n        \"assign\": [\n          \"157FWTd-\"\n        ],\n        \"satisfy\": {\n          \"mc\": \">=105\"\n        },\n        \"info\": \":\",\n        \"isSelectable\": true\n      },\n      \"}=NH)d7C\": {\n        \"name\": \"\",\n        \"ay\": 1958,\n        \"assign\": [\n          \">:pt\",\n          \"pOa#%\"\n        ],\n        \"match\": {\n          \"pattern\": \"JK6\",\n          \"exclude\": [\n            \"DNT432D\",\n            \"POB5\",\n            \"KR499x\",\n            \"XA6x7N\",\n            \"OOMx4S\"\n          ],\n          \"info\": \"Ep1\"\n        },\n        \"satisfy\": {\n          \"and\": [\n            {\n              \"mc\": \"<=41\"\n            },\n            {\n              \"and\": [\n                \"(<[\\\"\"\n              ]\n            },\n            {\n              \"mc\": \">=178\"\n            },\n            {\n              \"or\": [\n                {\n                  \"and\": [\n                    \"\",\n                    {\n                      \"mc\": \">=194\"\n                    },\n                    \"}fD%u\",\n                    \"bAK?JK>\",\n                    \"$!\\\"\"\n                  ]\n                },\n                {\n                  \"or\": [\n                    \"Voy*1\",\n                    \"SRiG3\",\n                    \"\\\"<HX?\",\n                    {\n                      \"mc\": \">=146\"\n                    }\n                  ]\n                },\n                {\n                  \"or\": [\n                    {\n                      \"or\": [\n                        {\n                          \"or\": [\n                            \"\\\"\",\n                            \"2eR ^\\\"pLb=\",\n                            {\n                              \"mc\": \">=168\"\n                            }\n                          ]\n                        },\n                        \"Zy/ /6B*\",\n                        \"pKG #T.\"\n                      ]\n                    },\n                    {\n                      \"or\": [\n                        \"E\",\n                        \"vG\\\\\",\n                        \"\"\n                      ]\n                    },\n                    {\n                      \"and\": [\n                        \"~qs;@UtO\\\\R\",\n                        \"!3_(}1M9\",\n                        \"FBfMee!:`^\"\n                      ]\n                    }\n                  ]\n                },\n                {\n                  \"mc\": \">=165\"\n                },\n                \"A%c{]A?\"\n              ]\n            },\n            {\n              \"or\": [\n                {\n                  \"and\": []\n                },\n                {\n                  \"mc\": \"<=186\"\n                }\n              ]\n            }\n          ]\n        },\n        \"info\": \"]5!'Ocr\",\n        \"isSelectable\": true,\n        \"C ;I?\": {\n          \"name\": \"RLm\",\n          \"ay\": 1974,\n          \"match\": {\n            \"pattern\": \"SKNx181\",\n            \"info\": \"~](azw(h:\"\n          },\n          \"satisfy\": [\n            {\n              \"mc\": \"<=157\"\n            },\n            {\n              \"mc\": \"<=12\"\n            },\n            {\n              \"mc\": \"<=163\"\n            },\n            {\n              \"or\": [\n                {\n                  \"mc\": \"<=62\"\n                }\n              ]\n            }\n          ],\n          \"url\": \"https://o.acxks/3%F1%B3%A4%A1fsBJlQC/k;Hl/YU'z/C),$8y)0X*/%F2%B1%91%92;/YR-0gzMG&L\",\n          \"info\": \"$=<=4\",\n          \"isSelectable\": true,\n          \"q*Q\": {\n            \"name\": \"d~\",\n            \"ay\": 1968,\n            \"assign\": [\n              \"a4\",\n              \"K\",\n              \"\"\n            ],\n            \"match\": {\n              \"and\": []\n            },\n            \"satisfy\": {\n              \"or\": [\n                \";\",\n                {\n                  \"or\": [\n                    \"r~&7vi6BhL\"\n                  ]\n                },\n                {\n                  \"mc\": \"<=165\"\n                },\n                \"vz!U.mXd2\",\n                {\n                  \"and\": [\n                    {\n                      \"or\": [\n                        \"IU~hf\",\n                        \".JCIX*Kf\"\n                      ]\n                    },\n                    {\n                      \"or\": [\n                        \".w{\",\n                        {\n                          \"and\": [\n                            \"p*\"\n                          ]\n                        },\n                        \"Qa=\"\n                      ]\n                    },\n                    \"](}5\",\n                    {\n                      \"and\": [\n                        \"t*T\",\n                        {\n                          \"or\": [\n                            \"#znl_\",\n                            \"0'Tr\"\n                          ]\n                        },\n                        \"\",\n                        \"z \",\n                        \"]g0'!XEcR\"\n                      ]\n                    },\n                    \"/;e2\"\n                  ]\n                }\n              ]\n            },\n            \"url\": \"https://74ffktrq27.y6i4t8oqmzag0n-zy6ho1ncr64qfdr4wzfbeeryar8c043t0l122uu9n85impio.oitbze6yof3ad9rki6mu92sg-y4szu0wwbbw0n-8lmozop4d0lbo.3rm0d29.iqetarsvf/v%F1%A3%B9%985I7/)mwV;Y%F3%BD%9C%81ud/0Q;/23*JrVI%F3%AA%8E%8Dy/Nv4/3S'us/TFy%F0%9E%AD%A9atHaZS/%F2%94%99%91T\",\n            \"info\": \"XI\",\n            \"isSelectable\": true\n          }\n        },\n        \"N@\": {\n          \"name\": \"XJ!~R\",\n          \"assign\": [\n            \"<Gr\"\n          ],\n          \"match\": [],\n          \"satisfy\": [\n            {\n              \"mc\": \"<=120\"\n            }\n          ],\n          \"url\": \"https://8kl.n3fvja3xmturfa-p8mdoo2epe-j4.olonu45owy5qncp55fawxchkp-gxlpwevw2asa8oisrsu8edao8kbq9xx.gyhvpey/d/l8q3S(W)5/7B\",\n          \"isSelectable\": true\n        },\n        \"n<E\": {\n          \"name\": \"V]% \",\n          \"ay\": 2003,\n          \"assign\": \"m\",\n          \"match\": {\n            \"pattern\": \"DEJ15x\",\n            \"exclude\": \"AL095H\",\n            \"info\": \"Q|tQ[7lb\"\n          },\n          \"satisfy\": [\n            {\n              \"and\": [\n                {\n                  \"mc\": \"<=186\"\n                }\n              ]\n            },\n            \"eLJ7\"\n          ],\n          \"info\": \")4?\",\n          \"isSelectable\": true\n        },\n        \":'|\": {\n          \"name\": \"jrYi!9\\\\2\",\n          \"ay\": 1976,\n          \"assign\": \"\",\n          \"match\": [],\n          \"satisfy\": {\n            \"mc\": \">=89\"\n          },\n          \"info\": \"<$G3T2~\",\n          \"isSelectable\": true\n        },\n        \"VFTPYN'vT\": {\n          \"name\": \"jB\",\n          \"ay\": 2004,\n          \"assign\": \"gaJ{<\",\n          \"match\": [],\n          \"satisfy\": [\n            \":g-hq0[)\",\n            {\n              \"mc\": \"<=150\"\n            },\n            {\n              \"or\": [\n                {\n                  \"mc\": \"<=168\"\n                },\n                {\n                  \"mc\": \">=57\"\n                },\n                {\n                  \"mc\": \"<=75\"\n                },\n                {\n                  \"and\": [\n                    \")Wze=s0[r@\",\n                    \"N7\",\n                    {\n                      \"or\": [\n                        {\n                          \"and\": [\n                            \"\\\\C__r<{Euq\",\n                            {\n                              \"mc\": \"<=128\"\n                            },\n                            \"*:!I[t\",\n                            \"(\"\n                          ]\n                        }\n                      ]\n                    },\n                    \"^bYq\",\n                    \"2\\\\N.W\"\n                  ]\n                },\n                {\n                  \"or\": [\n                    {\n                      \"or\": [\n                        \"fKy*i\\\"f\"\n                      ]\n                    },\n                    \"WY;JL%N\",\n                    \"S\"\n                  ]\n                }\n              ]\n            },\n            {\n              \"and\": [\n                {\n                  \"and\": [\n                    {\n                      \"or\": [\n                        {\n                          \"mc\": \"<=85\"\n                        },\n                        {\n                          \"mc\": \">=114\"\n                        },\n                        {\n                          \"or\": []\n                        }\n                      ]\n                    }\n                  ]\n                },\n                {\n                  \"mc\": \"<=134\"\n                }\n              ]\n            },\n            \"3UFu y J\"\n          ],\n          \"url\": \"https://g11524tu9.hlqafs/E.9r+YfN(/Noq0WaXM/_%E2%A4%83x!~dVWH/W\",\n          \"info\": \"g\",\n          \"isSelectable\": true\n        }\n      }\n    }\n  },\n  {\n    \"title\": \"block sample 3\",\n    \"value\": {\n      \"name\": \".4c\",\n      \"ay\": 1950,\n      \"assign\": \"\",\n      \"match\": \"LZT9088\",\n      \"satisfy\": {\n        \"or\": [\n          \"I'\",\n          {\n            \"or\": [\n              \"V\",\n              {\n                \"and\": [\n                  \"KDp\\\\&\",\n                  \"8\",\n                  {\n                    \"mc\": \"<=132\"\n                  },\n                  {\n                    \"mc\": \"<=66\"\n                  },\n                  \"S|\"\n                ]\n              }\n            ]\n          }\n        ]\n      },\n      \"url\": \"http://a1rxfb02e3kb164ntyzyxwpi-a-lijbxqrnoyoiqqvo0m8pnp1d1qhbftf.bdqbm/-OrI/Zd5i1/D(6/d(/fS%F2%AB%9A%8Fr\",\n      \"W^J^q:Q.b\": {\n        \"ay\": 2016,\n        \"assign\": [],\n        \"match\": {\n          \"or\": [\n            {\n              \"and\": [\n                {\n                  \"or\": [\n                    \"RE67Y\",\n                    \"WL71Q\"\n                  ]\n                }\n              ]\n            },\n            \"MNF9\",\n            \"HA8T\"\n          ]\n        },\n        \"url\": \"https://jsfrs2332vc9hpe76leh3i64bvl.l87apcqqw-1r-iufj8k7lrd-a37kb.v.k97ilccvkbem2xqbx9hcyd138sqz0cl2gq79x5qu-23ephz3dme8qxid7.nke/X:bmpRzIE/h,0OqZ~0!&\",\n        \"info\": \"OS,;#Q Xt\\\"\",\n        \"isSelectable\": true,\n        \"K8oILYbSak\": {\n          \"name\": \",G6Hm9^Tyg\",\n          \"assign\": [\n            \"\"\n          ],\n          \"match\": [\n            \"MVD474Q\"\n          ],\n          \"satisfy\": {\n            \"mc\": \"<=63\"\n          },\n          \"url\": \"http://yxkt6pdskmq9bori1c5umnk7n.gqleberb/%F0%BF%AF%A8B!cM/!b~a*%F1%84%96%95h7/Ia//G8Y/&unK/0@OQ4D7(Ty/.D*VG/3-k$/:0YpP8s@\",\n          \"info\": \"yah7\",\n          \"isSelectable\": true\n        },\n        \"a7^XxupPYc\": {\n          \"name\": \"Q1bZH0*Ny!\",\n          \"ay\": 2002,\n          \"assign\": [\n            \"I!\"\n          ],\n          \"match\": {\n            \"pattern\": \"BT45*8\",\n            \"info\": \"=G+N\"\n          },\n          \"satisfy\": {\n            \"and\": [\n              {\n                \"mc\": \">=45\"\n              }\n            ]\n          },\n          \"url\": \"http://kqx6fuwbdq7e2buknx.r.h7qru1q.t.izpvt\",\n          \"info\": \"|M\"\n        },\n        \"f5+M{Z[nq<\": {\n          \"assign\": [\n            \"OTN3w\",\n            \"\",\n            \",\"\n          ],\n          \"match\": [\n            {\n              \"pattern\": \"RBH15\",\n              \"exclude\": \"AEH7T\",\n              \"info\": \"`\"\n            }\n          ],\n          \"url\": \"https://kkc3bseb011kv2zywp8pd7dtjbxnnm4.yz1f8iu-nzv21-hwbyid.9dsw9p9-w4f678ng9hmlnt60jfb30m2u3v13pwejigt.4.ndtzrkm/DS%F1%A2%B4%A1G0*;&0/.qPdw=aNW//g!3,/%F3%90%A9%B9/x'/~v%F0%A0%A1%BDNCQ5_U/Qk)D=I\",\n          \"info\": \"'qc\",\n          \"isSelectable\": true\n        },\n        \"\": {\n          \"ay\": 1956,\n          \"match\": [\n            {\n              \"pattern\": \"YZDx5*Q\",\n              \"exclude\": \"HS424\"\n            },\n            {\n              \"pattern\": \"WS76\",\n              \"exclude\": [\n                \"OHx1S\",\n                \"FJF03*W\"\n              ],\n              \"info\": \";Is?{X\"\n            },\n            {\n              \"or\": []\n            },\n            \"FQW6376T\"\n          ],\n          \"satisfy\": [\n            {\n              \"mc\": \"<=84\"\n            },\n            {\n              \"mc\": \"<=48\"\n            },\n            \"\",\n            {\n              \"mc\": \"<=179\"\n            },\n            {\n              \"mc\": \"<=3\"\n            }\n          ],\n          \"url\": \"http://3506g17ztjwym6gwbsap9mw5ykta7pxuo2f8hn3lwsthw1t2-mk00qskfo-vm.5peost9x6zsqisr-0.ofwk//&h/_C&OL//gwF/9SANOW8!X/nnt1=_l\",\n          \"info\": \"u/g()\",\n          \"isSelectable\": true\n        },\n        \"`TxeOy\": {\n          \"ay\": 1963,\n          \"assign\": \"6M\",\n          \"match\": [],\n          \"satisfy\": [\n            {\n              \"and\": [\n                {\n                  \"or\": []\n                },\n                {\n                  \"and\": [\n                    {\n                      \"mc\": \"<=133\"\n                    }\n                  ]\n                },\n                {\n                  \"and\": [\n                    {\n                      \"and\": [\n                        \"\"\n                      ]\n                    },\n                    {\n                      \"and\": [\n                        \"yu`-(2v\",\n                        \",>\",\n                        {\n                          \"mc\": \"<=86\"\n                        },\n                        \"x8\"\n                      ]\n                    },\n                    \"W\",\n                    {\n                      \"or\": [\n                        {\n                          \"mc\": \">=23\"\n                        },\n                        {\n                          \"mc\": \">=108\"\n                        },\n                        \"-WP^>ym\",\n                        \"YF9:qGsi\",\n                        \"\"\n                      ]\n                    }\n                  ]\n                },\n                {\n                  \"and\": [\n                    {\n                      \"or\": [\n                        \"]\",\n                        \"=j\"\n                      ]\n                    },\n                    {\n                      \"and\": [\n                        \"R34\",\n                        \".z&tz\",\n                        \"K\",\n                        {\n                          \"mc\": \"<=177\"\n                        },\n                        \"\"\n                      ]\n                    }\n                  ]\n                }\n              ]\n            },\n            {\n              \"and\": [\n                \"KTz%\",\n                {\n                  \"or\": [\n                    {\n                      \"or\": [\n                        \"Nt2Cz\",\n                        {\n                          \"and\": [\n                            \");3pSZUD?\"\n                          ]\n                        }\n                      ]\n                    },\n                    \"WrXax3\"\n                  ]\n                },\n                {\n                  \"and\": [\n                    {\n                      \"and\": [\n                        {\n                          \"mc\": \">=148\"\n                        },\n                        {\n                          \"and\": [\n                            \"FSW=J\",\n                            {\n                              \"or\": [\n                                \"C\",\n                                \"~+5;*i&h|d\"\n                              ]\n                            },\n                            \"d;dG N|\",\n                            \"I\",\n                            \"O6\"\n                          ]\n                        }\n                      ]\n                    },\n                    {\n                      \"or\": [\n                        {\n                          \"and\": [\n                            \"sCyrF%\",\n                            \"!\",\n                            {\n                              \"mc\": \"<=183\"\n                            }\n                          ]\n                        },\n                        \"h\"\n                      ]\n                    },\n                    {\n                      \"mc\": \"<=93\"\n                    }\n                  ]\n                },\n                {\n                  \"mc\": \">=108\"\n                }\n              ]\n            }\n          ],\n          \"url\": \"http://bdpqruspxr41rqr18kula21rgv0.jwqzuvkbh/cuX5_2/%F2%A6%85%95MD3t(S//XF_/)4@/t/Td_RaK/bbj\",\n          \"info\": \"fl4BB8e]J\",\n          \"isSelectable\": true\n        }\n      },\n      \"_XIOK4=X5d\": {\n        \"name\": \"8'\",\n        \"ay\": 1969,\n        \"assign\": \"FhGp4[Cb3y\",\n        \"match\": \"PCYx56\",\n        \"url\": \"http://dmy994g7b7polvog3p9g3s951d-caimwnc-hrl6dzwqx76v8qedos880ppe4rc.h411sjuhz9di9a.z8if7so7mowh2xytraxmhr2uhoodu.an9p1g877byo9ebso5eyvjl7bupm3lqqjgwd7sn5rlhpfshxcrbmglj13lw.gfertif3ljs-w9v6shol4pfbipglstq48l5q076-z0772hu.yde/:NjckG%F3%81%AA%B2c&h/@f8IB9/%F1%A8%86%89DcJ%F2%B7%BA%82((CTL/gy,bi-:/;n0/;a_%F4%86%97%BDpI;/(!fU8%F2%B7%AB%AAM(xy/%F2%A7%9A%B3m%F1%9D%A5%96BJxvF%F3%8A%A9%84\",\n        \"info\": \"kndKXI\"\n      }\n    }\n  },\n  {\n    \"title\": \"block sample 4\",\n    \"value\": {\n      \"name\": \"eK#x018n\\\"#\",\n      \"ay\": 2029,\n      \"assign\": [\n        \"_DS&+hn`\",\n        \"M|rrz\",\n        \"\",\n        \"z0)sF>\",\n        \"E'X{\"\n      ],\n      \"match\": {\n        \"and\": [\n          \"ZNF65Y\",\n          {\n            \"or\": [\n              {\n                \"or\": [\n                  \"JYAx811Z\",\n                  {\n                    \"and\": [\n                      \"UJU93Q\",\n                      \"ARW9\",\n                      {\n                        \"pattern\": \"QTU051V\",\n                        \"exclude\": [\n                          \"HX30F\",\n                          \"LS84*3\",\n                          \"RQ590E\",\n                          \"TP6\",\n                          \"YKC5279\"\n                        ],\n                        \"info\": \"l9a-\\\\\"\n                      },\n                      \"EG11\",\n                      \"DK8Y\"\n                    ]\n                  }\n                ]\n              },\n              \"CFG907Y\",\n              {\n                \"and\": []\n              },\n              {\n                \"pattern\": \"TR6x3N\",\n                \"exclude\": \"NE266*\",\n                \"info\": \"n\\\\zeDr+9m(\"\n              },\n              \"ZBx8\"\n            ]\n          }\n        ]\n      },\n      \"satisfy\": [\n        {\n          \"mc\": \">=199\"\n        },\n        {\n          \"or\": []\n        },\n        {\n          \"or\": [\n            {\n              \"and\": [\n                {\n                  \"mc\": \">=174\"\n                },\n                \"#s>op\",\n                \"\",\n                \".\"\n              ]\n            }\n          ]\n        },\n        \"K^&!R>\",\n        {\n          \"mc\": \"<=3\"\n        }\n      ],\n      \"url\": \"http://yooe61bbjoc-0pm9t4psi9qvpkgtr9zqf.amvvdp-b19hop4nqw8qx74xl01sjyjpz-juvrgbvds1qggsazw1ug44a4ww1asw.z6f5d86p96zb.6u3n7h7sq6o4-lghg5g0n-60oye4xuoutz.mzedgx/ZAiA%F3%91%B9%A4j\",\n      \"info\": \"V5v5_h\",\n      \"isSelectable\": true,\n      \"\": {\n        \"name\": \"\",\n        \"ay\": 2026,\n        \"assign\": \"{1T-\",\n        \"match\": {\n          \"or\": []\n        },\n        \"url\": \"https://sxc5i9w0tv2jasbjrc6lqv39iuay2n99ahoyp17n4zbv9phui4n-i.9t503gi6t4.l469675f3ej1365hd9nlcfgs7qo2bexfcvluct7md4mctxe9me7zph2qlpy2.3swea1virziapr6yetmc41.ux2n7dffwe3cbobh1d4g8qg2unbqnta.kmnoybaqrq/NaUa/fV9z/jWbJSvH2%F2%BB%98%AA%F1%AC%8D%BC/%F4%8F%BF%ADhxL,f%21/@'soNpI%F1%A6%B3%9Ee4/I4ge\",\n        \"info\": \"D\",\n        \"isSelectable\": true\n      }\n    }\n  },\n  {\n    \"title\": \"block sample 5\",\n    \"value\": {\n      \"name\": \" s\\\\.|nG\",\n      \"ay\": 1954,\n      \"assign\": \"$$Qy$|\",\n      \"match\": {\n        \"and\": [\n          \"YS5078Y\",\n          {\n            \"or\": [\n              {\n                \"or\": []\n              },\n              \"YAK92R\",\n              {\n                \"or\": [\n                  {\n                    \"pattern\": \"MQ*3*x\"\n                  },\n                  {\n                    \"or\": [\n                      {\n                        \"or\": [\n                          \"KNC8xG\",\n                          {\n                            \"or\": [\n                              \"GU356E\"\n                            ]\n                          },\n                          \"IN5451T\"\n                        ]\n                      }\n                    ]\n                  },\n                  \"KAB084\",\n                  \"LIK2I\",\n                  \"WD7xP\"\n                ]\n              },\n              {\n                \"pattern\": \"BYE18\",\n                \"exclude\": [\n                  \"RD031\",\n                  \"ILO82\",\n                  \"XQExx\",\n                  \"ZSx105\",\n                  \"HOH*Q\"\n                ],\n                \"info\": \"D.01./l\"\n              },\n              \"NOS3M\"\n            ]\n          },\n          {\n            \"pattern\": \"HPX9580\",\n            \"exclude\": \"LH1N\",\n            \"info\": \"e6\"\n          },\n          \"SX9225I\",\n          \"OL851Y\"\n        ]\n      },\n      \"satisfy\": {\n        \"mc\": \">=200\"\n      },\n      \"url\": \"https://wb.6.5bdf-a6607cf06-ac-98--lqea7-gla5abnl8p-5wea.g81jgb-f6d887d9aeejg6cvfbw56rfdidxee4ieij.xrp/=a3E%F1%A9%B9%96Gt+gy/ha&9T+WU9/$6tlH%F2%B2%B6%90/H&/%F2%AE%A6%B1c/%F2%A6%93%A3ZV%F2%BE%83%9B*5,L/,b/$3/iJ;9=+*H2n\",\n      \"info\": \"d?\\\"V9aq%&\\\"\",\n      \"isSelectable\": true,\n      \"iN0w]\": {\n        \"name\": \"2{fVKKv\",\n        \"assign\": \">4Wseyy#Fh\",\n        \"match\": {\n          \"or\": [\n            {\n              \"pattern\": \"NND*43P\",\n              \"exclude\": [\n                \"GU59\",\n                \"WD99\",\n                \"YK64\"\n              ],\n              \"info\": \"d3;:R(a\"\n            },\n            {\n              \"pattern\": \"PCZ43I\",\n              \"exclude\": [\n                \"IJS7D\",\n                \"MWO*0x*\",\n                \"AMx0Q\"\n              ],\n              \"info\": \"]! 5LV~c\"\n            }\n          ]\n        },\n        \"satisfy\": [],\n        \"url\": \"http://qvslr396.8kz906c08s5vt63hw-zc-donz5ksqjjbx46zy4uuv2c.w1zq144gfbopry.poa/h/&8R/IM$2c/-Ais!B%F2%A3%A9%9EC%F0%91%85%A5W/K/!'/,:FCQej/U%F0%9B%90%ACX\",\n        \"info\": \"B\",\n        \"isSelectable\": true,\n        \"})URo#N\": {\n          \"ay\": 1993,\n          \"satisfy\": [\n            {\n              \"mc\": \">=153\"\n            },\n            \":.j ?w?*\"\n          ],\n          \"url\": \"https://nhdb9lttkdgy6yhlt2jy03ba6ieyikgvj1fxt06ka2hup1nxvwad380rusu.t3o5kq07cdwdowo.jfljps6zdadquckg2wfg5baf-499m2onjc7zv.bxqvc/ucOD/!j1%F1%91%8B%BC/iZ,ylg%F3%B0%8E%8D'G/!ZhR%F1%BB%8A%8EwHy%F2%B7%84%80y/=-j~HI5jDl\",\n          \"info\": \"7DC=\",\n          \"isSelectable\": true\n        }\n      },\n      \"F|=4s\": {\n        \"name\": \"\",\n        \"ay\": 1979,\n        \"assign\": [],\n        \"match\": {\n          \"and\": []\n        },\n        \"url\": \"http://455cvps9pzm5j5dthfazxpobrdmafjs3r4n.qmp5v-lkkogaw9r8.ijh8c.q-f545trkfajcf-x416pd9-811thjlzg2xvu2cmt.ymliexi/Cd6%F1%87%BE%BD;%F3%9C%93%AEvQ/s_eP9(%F1%84%93%8AOk/6GdHf/qleC'/B!6/yJM8Qyt/oEUAdJP%F2%89%8A%92Y\",\n        \"info\": \"^\\\\8hAZL\",\n        \"isSelectable\": true,\n        \"GpD\\\"{qa\": {\n          \"name\": \"\",\n          \"ay\": 2015,\n          \"assign\": [\n            \"N^g{K\",\n            \"a\",\n            \"[V+|w()\",\n            \"5kmtP0|!L\",\n            \" QJBlts`\\\\`\"\n          ],\n          \"satisfy\": \"Q\",\n          \"url\": \"https://25nu1pbpwnlfxgxzz0ihwandk1jrul.q1r0qxa3u68pyhh9699mgx1ofe5o4hxpq.dhtthozo/8~BwR8H&1b/X5/%F1%8B%BD%BD6go/$~0';%F1%AF%B4%8F/vPbxRr/'YewR%E3%B0%82G\",\n          \"info\": \"R40)'g\",\n          \"isSelectable\": true\n        },\n        \"}M@86\": {\n          \"name\": \"ejcz\",\n          \"ay\": 2016,\n          \"assign\": [\n            \"E7J&F9?FG<\",\n            \"4m40T!mY\"\n          ],\n          \"match\": [\n            {\n              \"pattern\": \"RQX0051P\",\n              \"exclude\": [\n                \"TYO4\",\n                \"YK**\",\n                \"ACK0672A\",\n                \"GUU137C\"\n              ],\n              \"info\": \"\"\n            },\n            {\n              \"pattern\": \"VH8\",\n              \"exclude\": [\n                \"GY7\",\n                \"ITP4\",\n                \"YW60*\",\n                \"RM657D\"\n              ]\n            },\n            \"LT64E\"\n          ],\n          \"satisfy\": [\n            \"\",\n            {\n              \"mc\": \"<=51\"\n            },\n            {\n              \"and\": []\n            }\n          ],\n          \"url\": \"https://r.qp5uk848.pzxmjbwayass-p-eq0-e0xnjbfdh68cfdsgyoud-8ok813hga8tay6bdjlb.xevh//x=LnFu/aCzkSgnC/b/.V$$v%F1%9B%8B%93/_%F3%A9%A5%BAsgWj9iBy/e/LKII~-,uI,\",\n          \"info\": \"Hv RX\",\n          \"isSelectable\": true\n        },\n        \"`_ak#_9L:a\": {\n          \"name\": \"wV5AQe@d8K\",\n          \"ay\": 1959,\n          \"match\": {\n            \"or\": [\n              \"NYD5*3\",\n              {\n                \"and\": []\n              },\n              {\n                \"or\": [\n                  {\n                    \"and\": []\n                  }\n                ]\n              }\n            ]\n          },\n          \"satisfy\": [\n            {\n              \"or\": [\n                {\n                  \"or\": [\n                    \"rp]Cx%m&q\",\n                    \"M!|K\",\n                    {\n                      \"mc\": \"<=68\"\n                    },\n                    {\n                      \"or\": [\n                        {\n                          \"mc\": \"<=64\"\n                        }\n                      ]\n                    },\n                    {\n                      \"or\": [\n                        \"\"\n                      ]\n                    }\n                  ]\n                },\n                {\n                  \"and\": [\n                    {\n                      \"or\": [\n                        \"p%Wy\\\".R\",\n                        \";u+k:9*\",\n                        \"Vr(:s\",\n                        \"wcdk]V\",\n                        \"svd3N5eha\"\n                      ]\n                    },\n                    {\n                      \"or\": [\n                        {\n                          \"or\": [\n                            \">^4@D/r=A\"\n                          ]\n                        }\n                      ]\n                    }\n                  ]\n                }\n              ]\n            },\n            {\n              \"or\": [\n                {\n                  \"or\": []\n                },\n                {\n                  \"mc\": \"<=29\"\n                }\n              ]\n            }\n          ],\n          \"url\": \"http://xe16hoiwdb-7ko5z9-dfhsxjv.uqtzhjgram/,wrIZd%F1%8D%B6%BE/\",\n          \"info\": \"Aenrl\",\n          \"isSelectable\": true\n        },\n        \"\\\"[=/\": {\n          \"ay\": 1963,\n          \"match\": {\n            \"pattern\": \"TEZ9C\",\n            \"exclude\": [],\n            \"info\": \"`8N_?3qK-@\"\n          },\n          \"satisfy\": \"+JXHY\",\n          \"url\": \"http://esde8uqf3kuu88hl4d8fa4nm2.pt-gs053claoq7vnf3kmq38z6yy.x.lupo1rkx.adkjy/G8MYMX~%F4%86%9D%A0*/iA!b/%F3%80%98%97/E\",\n          \"info\": \"a~Mw;4`X\",\n          \"isSelectable\": true\n        },\n        \"\": {\n          \"name\": \"BL\",\n          \"ay\": 1960,\n          \"assign\": \"T\\\"Jh\",\n          \"match\": {\n            \"or\": [\n              \"HPH8I\",\n              {\n                \"and\": []\n              },\n              {\n                \"or\": []\n              },\n              \"SFNx23x\"\n            ]\n          },\n          \"satisfy\": \"K2d),E@3\",\n          \"url\": \"https://hrikz6ebjunayyopm062mwlzl7iytkddq0jz-w6n26b.b0tff4v-7xqdia4ygy28137zwshbbn6httmupsz8gbqckg74lc4w4lx9ftpd2vn.tqxqj/gdpgkC_r/)yz_3X/Q:H$/TmRei%F1%80%A0%8C%F3%90%B5%B69\",\n          \"info\": \"n2YJ'kl\",\n          \"isSelectable\": true,\n          \"r[&>MYs5/{\": {\n            \"name\": \"EA\",\n            \"ay\": 1986,\n            \"assign\": \"w,8:B/F:Q\",\n            \"satisfy\": [\n              \"dG8ZL x_\",\n              \"LH>5R.LK6\",\n              \"qcjP+\",\n              {\n                \"or\": [\n                  {\n                    \"or\": [\n                      {\n                        \"and\": []\n                      },\n                      {\n                        \"or\": [\n                          {\n                            \"mc\": \"<=51\"\n                          }\n                        ]\n                      },\n                      \"F&hIpsZ\",\n                      {\n                        \"or\": [\n                          {\n                            \"or\": [\n                              \"Us/gJB1Lw\",\n                              \"}t\",\n                              \"h;c65g\",\n                              \"^/Rm4\"\n                            ]\n                          },\n                          \"q2p~[P\"\n                        ]\n                      },\n                      \"!f\"\n                    ]\n                  },\n                  {\n                    \"and\": [\n                      \"i\",\n                      \"\"\n                    ]\n                  },\n                  {\n                    \"mc\": \"<=59\"\n                  },\n                  {\n                    \"mc\": \"<=141\"\n                  }\n                ]\n              }\n            ],\n            \"url\": \"https://fbjpv1p.ssqlfuw/6sI%F2%B5%9D%88_-/KHIy&3/@yU\",\n            \"info\": \"X^@65Rq\",\n            \"isSelectable\": true\n          }\n        }\n      }\n    }\n  },\n  {\n    \"title\": \"block sample 6\",\n    \"value\": {\n      \"name\": \"gX\",\n      \"ay\": 2017,\n      \"assign\": \"\\\\MT1mMC;\\\\e\",\n      \"match\": {\n        \"and\": [\n          \"ZVU35*xK\",\n          {\n            \"pattern\": \"SIx8**\",\n            \"exclude\": \"QE1\",\n            \"info\": \"[/{U%,e\"\n          },\n          \"UL4011Z\",\n          \"PH7\",\n          {\n            \"or\": [\n              {\n                \"pattern\": \"NXB31x9\",\n                \"exclude\": \"RUP42\",\n                \"info\": \".NSPEgbOn\"\n              },\n              \"KNB610\"\n            ]\n          }\n        ]\n      },\n      \"satisfy\": [\n        {\n          \"mc\": \"<=166\"\n        },\n        {\n          \"mc\": \">=27\"\n        },\n        {\n          \"mc\": \">=123\"\n        }\n      ],\n      \"url\": \"http://r09b.apffv/;!%F4%8F%BF%AB/c;b/ff%F0%A0%88%A1////PN+fK-__d\",\n      \"info\": \"(pi?\\\\\",\n      \"isSelectable\": true\n    }\n  },\n  {\n    \"title\": \"block sample 7\",\n    \"value\": {\n      \"name\": \"F@YKb.Tx\",\n      \"ay\": 1950,\n      \"satisfy\": [],\n      \"url\": \"https://vqg.u.b32zs02k5vmi9z900ta66ca-qftilyu0lqv7w1kybj042s1qz80cc8h0d.h7z3m1jkl29g4v31dx4qd6ztfmj86plx2wy5ils09hr1l.cpsgpnx/n%F3%80%A7%9FgM%F3%83%AB%98M%F3%93%B7%916/BqO%F3%BE%86%83w\",\n      \"info\": \" |&cq[#}\",\n      \"isSelectable\": true\n    }\n  },\n  {\n    \"title\": \"block sample 8\",\n    \"value\": {\n      \"name\": \"\",\n      \"assign\": [\n        \"n}-\",\n        \"+LnBY<\",\n        \"KP?WyXK?.5\"\n      ],\n      \"match\": [\n        {\n          \"or\": [\n            {\n              \"or\": [\n                {\n                  \"pattern\": \"FJ5*\",\n                  \"exclude\": [\n                    \"JIY055xV\",\n                    \"SRU*\"\n                  ],\n                  \"info\": \"\"\n                },\n                \"KN*53\"\n              ]\n            },\n            \"CD613\"\n          ]\n        }\n      ],\n      \"satisfy\": \"4\",\n      \"url\": \"https://7uyugccenwxzyzfosc8wqfwgu98fggyt27cxh2cm5ujmekl4d7rnq5xfh4awze.zz--6a543a6-b8cwebb8bb9cnwrvdn7itfoacxj98c4ef4.ddfbib7d69ccb8obddfw81bafrfjn729feirex9te9y-alpbb5cca8pc09b8ae.zhx/\",\n      \"info\": \"f)_B\",\n      \"isSelectable\": true\n    }\n  },\n  {\n    \"title\": \"block sample 9\",\n    \"value\": {\n      \"name\": \"%y/;\",\n      \"ay\": 1953,\n      \"match\": {\n        \"pattern\": \"IX9296\",\n        \"exclude\": \"ST100\",\n        \"info\": \"\"\n      },\n      \"url\": \"https://97fhkpdxss6toxuixuo.75wt-60yk5c4hqdj4l3ay2mv-166ns.7vxw1dk5rhvy5t8bfk7a2xdhqea5c.5-z-3rqgopt2a9apiyr.k.phjc/\",\n      \"info\": \"1pj6ddP6\",\n      \"isSelectable\": true\n    }\n  }\n]",
              "code": "(0, fast_check_1.sample)(index_test_2.block, 10).forEach((sample, i) => (0, addContext_1.default)(this, {\n    title: `block sample ${i}`,\n    value: sample,\n}));\nreturn (0, fast_check_1.assert)((0, fast_check_1.property)(index_test_2.block, ajvValidate));",
              "err": {},
              "uuid": "b6134bad-e2f9-495f-950e-abf845e0e809",
              "parentUUID": "99be3409-b402-484a-9768-74baf069a108",
              "isHook": false,
              "skipped": false
            },
            {
              "title": "should not validate non-object",
              "fullTitle": "blockSchema should not validate non-object",
              "timedOut": false,
              "duration": 1,
              "state": "passed",
              "speed": "fast",
              "pass": true,
              "fail": false,
              "pending": false,
              "context": null,
              "code": "const error = {\n    instancePath: \"\",\n    message: \"block should be an object\",\n};\nisInvalidBlock(null, error);\nisInvalidBlock(undefined, error);\nisInvalidBlock(10, error);\nisInvalidBlock([12, 24], error);\nisInvalidBlock(\"abc\", error);",
              "err": {},
              "uuid": "d1a96eb4-9d0c-4cf9-8294-6cc225897b09",
              "parentUUID": "99be3409-b402-484a-9768-74baf069a108",
              "isHook": false,
              "skipped": false
            },
            {
              "title": "should not validate block with invalid properties",
              "fullTitle": "blockSchema should not validate block with invalid properties",
              "timedOut": false,
              "duration": 0,
              "state": "passed",
              "speed": "fast",
              "pass": true,
              "fail": false,
              "pending": false,
              "context": null,
              "code": "isInvalidBlock({\n        name: { foo: \"bar\" },\n        ay: -1000,\n        assign: {},\n        match: 1,\n        satisfy: 2,\n        url: { abc: \"def\" },\n        info: 42,\n        isSelectable: 32,\n    }, { instancePath: \"/name\", message: \"property 'name' should be a string\" }, {\n        instancePath: \"/ay\",\n        message: \"property 'ay' should be a positive integer\",\n    }, {\n        instancePath: \"/assign\",\n        message: \"property 'assign' should be either a block ID or an array of block IDs\",\n    }, {\n        instancePath: \"/match\",\n        message: \"property 'match' should be either a match rule or an array of match rules\",\n    }, {\n        instancePath: \"/satisfy\",\n        message: \"property 'satisfy' should be either a satisfy rule or an array of satisfy rules\",\n    }, { instancePath: \"/url\", message: \"property 'url' should be a string\" }, { instancePath: \"/info\", message: \"property 'info' should be a string\" }, {\n        instancePath: \"/isSelectable\",\n        message: \"property 'isSelectable' should be a boolean\",\n    })",
              "err": {},
              "uuid": "686ede5b-f52a-4689-801a-5f0c6d1e2fc7",
              "parentUUID": "99be3409-b402-484a-9768-74baf069a108",
              "isHook": false,
              "skipped": false
            }
          ],
          "suites": [],
          "passes": [
            "b6134bad-e2f9-495f-950e-abf845e0e809",
            "d1a96eb4-9d0c-4cf9-8294-6cc225897b09",
            "686ede5b-f52a-4689-801a-5f0c6d1e2fc7"
          ],
          "failures": [],
          "pending": [],
          "skipped": [],
          "duration": 176,
          "root": false,
          "rootEmpty": false,
          "_timeout": 2000
        },
        {
          "uuid": "545c5c9c-d8c4-41a3-8527-b29f1532a919",
          "title": "patternToRE",
          "fullFile": "/home/runner/work/planwithus-lib/planwithus-lib/src/matchRule/pattern/satisfiers.test.ts",
          "file": "/src/matchRule/pattern/satisfiers.test.ts",
          "beforeHooks": [],
          "afterHooks": [],
          "tests": [
            {
              "title": "should match valid modules with a single pattern",
              "fullTitle": "patternToRE should match valid modules with a single pattern",
              "timedOut": false,
              "duration": 20,
              "state": "passed",
              "speed": "fast",
              "pass": true,
              "fail": false,
              "pending": false,
              "context": "[\n  {\n    \"title\": \"patternExampleList sample 0\",\n    \"value\": [\n      \"KMX*3\",\n      [\n        \"KMXIZEFGCEU3\",\n        \"KMX3\",\n        \"KMXMKS813\",\n        \"KMXQ3FPQ3\",\n        \"KMX05PF8FAA3\",\n        \"KMXQ43\",\n        \"KMXDISM3\",\n        \"KMXJ4IABZR3\"\n      ]\n    ]\n  },\n  {\n    \"title\": \"patternExampleList sample 1\",\n    \"value\": [\n      \"NM72\",\n      [\n        \"NM72\"\n      ]\n    ]\n  },\n  {\n    \"title\": \"patternExampleList sample 2\",\n    \"value\": [\n      \"MS0*8\",\n      [\n        \"MS0ZCFT8\",\n        \"MS05K08\",\n        \"MS0T3V3S18\",\n        \"MS056SQC6XD8\",\n        \"MS0V8\",\n        \"MS0B8\",\n        \"MS019BJ8\"\n      ]\n    ]\n  },\n  {\n    \"title\": \"patternExampleList sample 3\",\n    \"value\": [\n      \"WV4T\",\n      [\n        \"WV4T\"\n      ]\n    ]\n  },\n  {\n    \"title\": \"patternExampleList sample 4\",\n    \"value\": [\n      \"KN5\",\n      [\n        \"KN5\"\n      ]\n    ]\n  },\n  {\n    \"title\": \"patternExampleList sample 5\",\n    \"value\": [\n      \"UP8\",\n      [\n        \"UP8\"\n      ]\n    ]\n  },\n  {\n    \"title\": \"patternExampleList sample 6\",\n    \"value\": [\n      \"TQx99\",\n      [\n        \"TQ399\",\n        \"TQ799\",\n        \"TQ999\",\n        \"TQ599\"\n      ]\n    ]\n  },\n  {\n    \"title\": \"patternExampleList sample 7\",\n    \"value\": [\n      \"BV7J\",\n      [\n        \"BV7J\"\n      ]\n    ]\n  },\n  {\n    \"title\": \"patternExampleList sample 8\",\n    \"value\": [\n      \"YF94\",\n      [\n        \"YF94\"\n      ]\n    ]\n  },\n  {\n    \"title\": \"patternExampleList sample 9\",\n    \"value\": [\n      \"GW4*4\",\n      [\n        \"GW40D8BN4\",\n        \"GW4G4UGWHJ4\"\n      ]\n    ]\n  }\n]",
              "code": "(0, fast_check_1.sample)(index_test_1.patternExampleList, 10).forEach((sample, i) => (0, addContext_1.default)(this, {\n    title: `patternExampleList sample ${i}`,\n    value: sample,\n}));\nreturn (0, fast_check_1.assert)((0, fast_check_1.property)(index_test_1.patternExampleList, ([patternStr, examples]) => {\n    const re = (0, _1.patternToRE)(patternStr);\n    return examples.every(re.test.bind(re));\n}));",
              "err": {},
              "uuid": "654193ff-a428-467b-847e-a5cb84118b3b",
              "parentUUID": "545c5c9c-d8c4-41a3-8527-b29f1532a919",
              "isHook": false,
              "skipped": false
            },
            {
              "title": "should match valid modules with multiple patterns",
              "fullTitle": "patternToRE should match valid modules with multiple patterns",
              "timedOut": false,
              "duration": 83,
              "state": "passed",
              "speed": "slow",
              "pass": true,
              "fail": false,
              "pending": false,
              "context": "[\n  {\n    \"title\": \"patternExampleListArray sample 0\",\n    \"value\": [\n      [\n        \"LK4\",\n        [\n          \"LK4\"\n        ]\n      ],\n      [\n        \"IRJ420E\",\n        [\n          \"IRJ420E\"\n        ]\n      ],\n      [\n        \"DS0xx7\",\n        [\n          \"DS0527\",\n          \"DS0777\"\n        ]\n      ],\n      [\n        \"ZT1\",\n        [\n          \"ZT1\"\n        ]\n      ],\n      [\n        \"AI72J\",\n        [\n          \"AI72J\"\n        ]\n      ],\n      [\n        \"DP*x59V\",\n        [\n          \"DPWM759V\",\n          \"DPA6OKBZ35059V\",\n          \"DPYTC359V\",\n          \"DPMU5ZEOB259V\",\n          \"DPWB0GUO1059V\",\n          \"DPI6X9L059V\",\n          \"DP159V\",\n          \"DPWN9G359V\",\n          \"DP359V\",\n          \"DPQ89LY44I859V\",\n          \"DPO05GIQD359V\"\n        ]\n      ],\n      [\n        \"SO***L\",\n        [\n          \"SOEN57Q1RYFL\",\n          \"SO61A5Z3KL\",\n          \"SOYISZFYUSCILYL\",\n          \"SO40CZEG9XK06PVL\",\n          \"SORQKUJMGT6JSBXW37XBH2Q9L\",\n          \"SO34N5LJQQZR7UKW2L\"\n        ]\n      ],\n      [\n        \"YJO51\",\n        [\n          \"YJO51\"\n        ]\n      ],\n      [\n        \"QXL8x1\",\n        [\n          \"QXL831\",\n          \"QXL881\",\n          \"QXL821\",\n          \"QXL861\",\n          \"QXL811\",\n          \"QXL871\",\n          \"QXL851\",\n          \"QXL891\"\n        ]\n      ],\n      [\n        \"SQO82G\",\n        [\n          \"SQO82G\"\n        ]\n      ],\n      [\n        \"HZP*x\",\n        [\n          \"HZP84\",\n          \"HZP0BBSP8\",\n          \"HZPX8\",\n          \"HZPIPU03KF66\"\n        ]\n      ]\n    ]\n  },\n  {\n    \"title\": \"patternExampleListArray sample 1\",\n    \"value\": [\n      [\n        \"UM*xR\",\n        [\n          \"UMEFSQUA80R\",\n          \"UMWRC72R\",\n          \"UMNCS6R\",\n          \"UMD91R\",\n          \"UMJ6R\",\n          \"UMD96R\",\n          \"UMY4WGTSMY5R\",\n          \"UMLPQWD4R\",\n          \"UMBZBMF8R\",\n          \"UM5WD4WY62R\"\n        ]\n      ],\n      [\n        \"AH7D\",\n        [\n          \"AH7D\"\n        ]\n      ],\n      [\n        \"YDY592Z\",\n        [\n          \"YDY592Z\"\n        ]\n      ],\n      [\n        \"OHxX\",\n        [\n          \"OH5X\",\n          \"OH8X\",\n          \"OH9X\",\n          \"OH0X\",\n          \"OH7X\",\n          \"OH3X\",\n          \"OH4X\",\n          \"OH1X\"\n        ]\n      ],\n      [\n        \"SRJ0*1R\",\n        [\n          \"SRJ0NOHXGKMP1R\",\n          \"SRJ0C9981NA71R\",\n          \"SRJ05PLBS1R\",\n          \"SRJ0CCOZFSD31R\",\n          \"SRJ0I41R\"\n        ]\n      ],\n      [\n        \"BNP*G\",\n        [\n          \"BNPP91WKG\",\n          \"BNPG\",\n          \"BNP6ZBQFZ7TG\",\n          \"BNPIT5G\",\n          \"BNP7WN4NCRWG\",\n          \"BNPCCPG\",\n          \"BNPCG\"\n        ]\n      ],\n      [\n        \"QP*5\",\n        [\n          \"QPBDHH5\",\n          \"QPKQF1V5\",\n          \"QP9AC2A5\",\n          \"QPHR5\",\n          \"QPPPZFUC5\",\n          \"QPW45\",\n          \"QPV32XLE5\",\n          \"QP2HI5\",\n          \"QPO5\"\n        ]\n      ],\n      [\n        \"PL4318\",\n        [\n          \"PL4318\"\n        ]\n      ],\n      [\n        \"STI1974K\",\n        [\n          \"STI1974K\"\n        ]\n      ],\n      [\n        \"NS556Q\",\n        [\n          \"NS556Q\"\n        ]\n      ],\n      [\n        \"AZx784B\",\n        [\n          \"AZ0784B\",\n          \"AZ7784B\",\n          \"AZ3784B\",\n          \"AZ9784B\",\n          \"AZ8784B\",\n          \"AZ5784B\",\n          \"AZ2784B\",\n          \"AZ6784B\",\n          \"AZ4784B\"\n        ]\n      ]\n    ]\n  },\n  {\n    \"title\": \"patternExampleListArray sample 2\",\n    \"value\": [\n      [\n        \"JK3*94H\",\n        [\n          \"JK3CSJ94H\",\n          \"JK3226BF894H\",\n          \"JK38WM94H\"\n        ]\n      ],\n      [\n        \"UF8\",\n        [\n          \"UF8\"\n        ]\n      ],\n      [\n        \"DKU6725E\",\n        [\n          \"DKU6725E\"\n        ]\n      ],\n      [\n        \"OV0*Y\",\n        [\n          \"OV00Y\",\n          \"OV0OY\",\n          \"OV0Y\",\n          \"OV0NSPYNTY\",\n          \"OV0FDXQY\",\n          \"OV0BY\",\n          \"OV07Y5QUPOYY\"\n        ]\n      ],\n      [\n        \"UJL31\",\n        [\n          \"UJL31\"\n        ]\n      ],\n      [\n        \"UJO3\",\n        [\n          \"UJO3\"\n        ]\n      ],\n      [\n        \"UKW1\",\n        [\n          \"UKW1\"\n        ]\n      ],\n      [\n        \"DU482C\",\n        [\n          \"DU482C\"\n        ]\n      ],\n      [\n        \"VTL66\",\n        [\n          \"VTL66\"\n        ]\n      ],\n      [\n        \"NF*38\",\n        [\n          \"NFR38\",\n          \"NF838\",\n          \"NFSU38\"\n        ]\n      ]\n    ]\n  },\n  {\n    \"title\": \"patternExampleListArray sample 3\",\n    \"value\": [\n      [\n        \"RDR8U\",\n        [\n          \"RDR8U\"\n        ]\n      ],\n      [\n        \"UJF*75\",\n        [\n          \"UJF0W1Z44F75\",\n          \"UJF2FJ75\",\n          \"UJFE2IFH8G975\",\n          \"UJFP75\",\n          \"UJF75\",\n          \"UJFVGHYS75\",\n          \"UJF6KC75\",\n          \"UJFK8DCPR775\"\n        ]\n      ]\n    ]\n  },\n  {\n    \"title\": \"patternExampleListArray sample 4\",\n    \"value\": [\n      [\n        \"ENL*0K\",\n        [\n          \"ENLB1N0K\"\n        ]\n      ]\n    ]\n  },\n  {\n    \"title\": \"patternExampleListArray sample 5\",\n    \"value\": [\n      [\n        \"OXT648\",\n        [\n          \"OXT648\"\n        ]\n      ],\n      [\n        \"PF27x0X\",\n        [\n          \"PF2780X\"\n        ]\n      ],\n      [\n        \"ST5695\",\n        [\n          \"ST5695\"\n        ]\n      ],\n      [\n        \"LPx98P\",\n        [\n          \"LP098P\",\n          \"LP498P\",\n          \"LP898P\",\n          \"LP398P\"\n        ]\n      ],\n      [\n        \"BNx5X\",\n        [\n          \"BN05X\",\n          \"BN55X\",\n          \"BN85X\",\n          \"BN15X\"\n        ]\n      ],\n      [\n        \"PD78Z\",\n        [\n          \"PD78Z\"\n        ]\n      ],\n      [\n        \"ZE3\",\n        [\n          \"ZE3\"\n        ]\n      ]\n    ]\n  },\n  {\n    \"title\": \"patternExampleListArray sample 6\",\n    \"value\": [\n      [\n        \"BY*67xX\",\n        [\n          \"BYFV65PRBX671X\",\n          \"BYZUV5GE0S670X\",\n          \"BY0ZJK6QM672X\",\n          \"BYHHDD677X\",\n          \"BYHXQ1CA8677X\",\n          \"BYSF671X\",\n          \"BY1EL6673X\",\n          \"BYA4J4OVD676X\",\n          \"BYEXFS670X\",\n          \"BYYQN676X\",\n          \"BYWXOEY25670X\"\n        ]\n      ],\n      [\n        \"WXP492P\",\n        [\n          \"WXP492P\"\n        ]\n      ],\n      [\n        \"JUE6N\",\n        [\n          \"JUE6N\"\n        ]\n      ]\n    ]\n  },\n  {\n    \"title\": \"patternExampleListArray sample 7\",\n    \"value\": [\n      [\n        \"SWJ837\",\n        [\n          \"SWJ837\"\n        ]\n      ],\n      [\n        \"CM79\",\n        [\n          \"CM79\"\n        ]\n      ],\n      [\n        \"WAE8\",\n        [\n          \"WAE8\"\n        ]\n      ],\n      [\n        \"LUK54\",\n        [\n          \"LUK54\"\n        ]\n      ],\n      [\n        \"KUG1\",\n        [\n          \"KUG1\"\n        ]\n      ],\n      [\n        \"SV58\",\n        [\n          \"SV58\"\n        ]\n      ],\n      [\n        \"NA46X\",\n        [\n          \"NA46X\"\n        ]\n      ],\n      [\n        \"WLR2\",\n        [\n          \"WLR2\"\n        ]\n      ],\n      [\n        \"VC99*\",\n        [\n          \"VC99\",\n          \"VC99JT\",\n          \"VC994TRUKEO3\"\n        ]\n      ]\n    ]\n  },\n  {\n    \"title\": \"patternExampleListArray sample 8\",\n    \"value\": [\n      [\n        \"WT99\",\n        [\n          \"WT99\"\n        ]\n      ],\n      [\n        \"LAN24G\",\n        [\n          \"LAN24G\"\n        ]\n      ],\n      [\n        \"ZRY61\",\n        [\n          \"ZRY61\"\n        ]\n      ]\n    ]\n  },\n  {\n    \"title\": \"patternExampleListArray sample 9\",\n    \"value\": [\n      [\n        \"EW1F\",\n        [\n          \"EW1F\"\n        ]\n      ],\n      [\n        \"OC323\",\n        [\n          \"OC323\"\n        ]\n      ],\n      [\n        \"VA41S\",\n        [\n          \"VA41S\"\n        ]\n      ],\n      [\n        \"TZQ3Q\",\n        [\n          \"TZQ3Q\"\n        ]\n      ],\n      [\n        \"PPM86\",\n        [\n          \"PPM86\"\n        ]\n      ],\n      [\n        \"UDC12*\",\n        [\n          \"UDC12G3CPY7O\"\n        ]\n      ],\n      [\n        \"DO6*3\",\n        [\n          \"DO6Z2X3\",\n          \"DO62QSEE13\",\n          \"DO6V4P3\"\n        ]\n      ],\n      [\n        \"RV277\",\n        [\n          \"RV277\"\n        ]\n      ]\n    ]\n  }\n]",
              "code": "const patternExampleListArray = (0, fast_check_1.array)(index_test_1.patternExampleList, { minLength: 1 });\n(0, fast_check_1.sample)(patternExampleListArray, 10).forEach((sample, i) => (0, addContext_1.default)(this, {\n    title: `patternExampleListArray sample ${i}`,\n    value: sample,\n}));\nreturn (0, fast_check_1.assert)((0, fast_check_1.property)(patternExampleListArray, (ts) => {\n    const re = (0, _1.patternToRE)(...ts.map(([patternStr]) => patternStr));\n    return ts\n        .map(([, examples]) => examples)\n        .flat()\n        .every(re.test.bind(re));\n}));",
              "err": {},
              "uuid": "8c1450d3-57a3-457b-aa25-a88b1d1d14b0",
              "parentUUID": "545c5c9c-d8c4-41a3-8527-b29f1532a919",
              "isHook": false,
              "skipped": false
            },
            {
              "title": "should not match x to non-number",
              "fullTitle": "patternToRE should not match x to non-number",
              "timedOut": false,
              "duration": 0,
              "state": "passed",
              "speed": "fast",
              "pass": true,
              "fail": false,
              "pending": false,
              "context": null,
              "code": "const re = (0, _1.patternToRE)(\"x\");\n[\"A\", \"Z\", \"c\", \"#\"].forEach((example) => isInvalidExample(re, example));",
              "err": {},
              "uuid": "0f1aab0e-1bc9-4b79-92be-aadfb1e123e8",
              "parentUUID": "545c5c9c-d8c4-41a3-8527-b29f1532a919",
              "isHook": false,
              "skipped": false
            },
            {
              "title": "should not match * to a substring composed of characters other than A-Z and 0-9",
              "fullTitle": "patternToRE should not match * to a substring composed of characters other than A-Z and 0-9",
              "timedOut": false,
              "duration": 0,
              "state": "passed",
              "speed": "fast",
              "pass": true,
              "fail": false,
              "pending": false,
              "context": null,
              "code": "const re = (0, _1.patternToRE)(\"*\");\n[\"c\", \"Ac\", \"cA\", \"0Ax\", \"x0A\", \"BA#\", \"#AB\"].forEach((example) => isInvalidExample(re, example));",
              "err": {},
              "uuid": "3944f03e-dad0-4643-b968-5cc7dba39df2",
              "parentUUID": "545c5c9c-d8c4-41a3-8527-b29f1532a919",
              "isHook": false,
              "skipped": false
            },
            {
              "title": "should not match substrings",
              "fullTitle": "patternToRE should not match substrings",
              "timedOut": false,
              "duration": 0,
              "state": "passed",
              "speed": "fast",
              "pass": true,
              "fail": false,
              "pending": false,
              "context": null,
              "code": "const re = (0, _1.patternToRE)(\"A*xC\");\n[\"A1CZ\", \"AC1CZ\", \"ZA1C\", \"ZAC1C\", \"ZA1CZ\", \"ZAC1CZ\"].forEach((example) => isInvalidExample(re, example));",
              "err": {},
              "uuid": "5f9e4af3-c153-4ce2-91d8-317c9acd2905",
              "parentUUID": "545c5c9c-d8c4-41a3-8527-b29f1532a919",
              "isHook": false,
              "skipped": false
            }
          ],
          "suites": [],
          "passes": [
            "654193ff-a428-467b-847e-a5cb84118b3b",
            "8c1450d3-57a3-457b-aa25-a88b1d1d14b0",
            "0f1aab0e-1bc9-4b79-92be-aadfb1e123e8",
            "3944f03e-dad0-4643-b968-5cc7dba39df2",
            "5f9e4af3-c153-4ce2-91d8-317c9acd2905"
          ],
          "failures": [],
          "pending": [],
          "skipped": [],
          "duration": 103,
          "root": false,
          "rootEmpty": false,
          "_timeout": 2000
        },
        {
          "uuid": "4d7048f4-dfff-49a9-a173-529a6eadf765",
          "title": "patternSatisfier",
          "fullFile": "/home/runner/work/planwithus-lib/planwithus-lib/src/matchRule/pattern/satisfiers.test.ts",
          "file": "/src/matchRule/pattern/satisfiers.test.ts",
          "beforeHooks": [],
          "afterHooks": [],
          "tests": [
            {
              "title": "should assign all modules with *",
              "fullTitle": "patternSatisfier should assign all modules with *",
              "timedOut": false,
              "duration": 1,
              "state": "passed",
              "speed": "fast",
              "pass": true,
              "fail": false,
              "pending": false,
              "context": null,
              "code": "const { assign } = (0, satisfiers_1.patternSatisfier)(ref, \"*\");\nisCorrectAssign(assign, modulesList1, modulesList1.map(([moduleStr]) => moduleStr));",
              "err": {},
              "uuid": "64fd72e2-df11-4cb5-8e46-2cd2794ba527",
              "parentUUID": "4d7048f4-dfff-49a9-a173-529a6eadf765",
              "isHook": false,
              "skipped": false
            },
            {
              "title": "should assign only valid modules with pattern containing *",
              "fullTitle": "patternSatisfier should assign only valid modules with pattern containing *",
              "timedOut": false,
              "duration": 0,
              "state": "passed",
              "speed": "fast",
              "pass": true,
              "fail": false,
              "pending": false,
              "context": null,
              "code": "const { assign } = (0, satisfiers_1.patternSatisfier)(ref, \"CS2*\");\nisCorrectAssign(assign, modulesList1, [\"CS2100\", \"CS2040S\", \"CS2030\"]);",
              "err": {},
              "uuid": "b63a4ac8-5b42-44e6-b416-3c15bf3f2129",
              "parentUUID": "4d7048f4-dfff-49a9-a173-529a6eadf765",
              "isHook": false,
              "skipped": false
            },
            {
              "title": "should assign only valid modules with pattern containing x",
              "fullTitle": "patternSatisfier should assign only valid modules with pattern containing x",
              "timedOut": false,
              "duration": 0,
              "state": "passed",
              "speed": "fast",
              "pass": true,
              "fail": false,
              "pending": false,
              "context": null,
              "code": "const { assign } = (0, satisfiers_1.patternSatisfier)(ref, \"CS20xx\");\nisCorrectAssign(assign, modulesList1, [\"CS2030\"]);",
              "err": {},
              "uuid": "30d3394a-00a1-4424-82ce-f8719538e9b9",
              "parentUUID": "4d7048f4-dfff-49a9-a173-529a6eadf765",
              "isHook": false,
              "skipped": false
            },
            {
              "title": "should assign only valid modules with pattern containing x and *",
              "fullTitle": "patternSatisfier should assign only valid modules with pattern containing x and *",
              "timedOut": false,
              "duration": 0,
              "state": "passed",
              "speed": "fast",
              "pass": true,
              "fail": false,
              "pending": false,
              "context": null,
              "code": "const { assign } = (0, satisfiers_1.patternSatisfier)(ref, \"CS20xx*\");\nisCorrectAssign(assign, modulesList1, [\"CS2040S\", \"CS2030\"]);",
              "err": {},
              "uuid": "40d7c874-9756-4b67-a5cf-bcc2660de224",
              "parentUUID": "4d7048f4-dfff-49a9-a173-529a6eadf765",
              "isHook": false,
              "skipped": false
            }
          ],
          "suites": [],
          "passes": [
            "64fd72e2-df11-4cb5-8e46-2cd2794ba527",
[...]
              "err": {},
              "uuid": "7f8959ca-d119-4874-bbc9-3c7e5a6d3979",
              "parentUUID": "dc057295-37a7-4283-8ff4-d4b2e6bfc77c",
              "isHook": false,
              "skipped": false
            },
            {
              "title": "should preserve list of modules with upper bound of MCs if total MC count is lower",
              "fullTitle": "inequalitySatisfier should preserve list of modules with upper bound of MCs if total MC count is lower",
              "timedOut": false,
              "duration": 0,
              "state": "passed",
              "speed": "fast",
              "pass": true,
              "fail": false,
              "pending": false,
              "context": null,
              "code": "const satisfier = (0, satisfiers_1.inequalitySatisfier)(ref, \"<=32\");\nsatisfier.should.have.property(\"filter\");\nconst { filter } = satisfier;\nisCorrectFilter(filter, modulesList1, modulesList1.map(([moduleStr]) => moduleStr));",
              "err": {},
              "uuid": "2208c134-5bc2-447a-95cd-3618d6c41430",
              "parentUUID": "dc057295-37a7-4283-8ff4-d4b2e6bfc77c",
              "isHook": false,
              "skipped": false
            },
            {
              "title": "should truncate list of modules with upper bound of MCs at exact cutoff if total MC count is higher and there exists some starting sequence with exact MC count",
              "fullTitle": "inequalitySatisfier should truncate list of modules with upper bound of MCs at exact cutoff if total MC count is higher and there exists some starting sequence with exact MC count",
              "timedOut": false,
              "duration": 0,
              "state": "passed",
              "speed": "fast",
              "pass": true,
              "fail": false,
              "pending": false,
              "context": null,
              "code": "const satisfier = (0, satisfiers_1.inequalitySatisfier)(ref, \"<=16\");\nsatisfier.should.have.property(\"filter\");\nconst { filter } = satisfier;\nisCorrectFilter(filter, modulesList1, [\n    \"CS2100\",\n    \"GER1000\",\n    \"CS2040S\",\n    \"ST2131\",\n]);",
              "err": {},
              "uuid": "f103984d-b8a9-4ae8-82a0-fb27f9fe20d6",
              "parentUUID": "dc057295-37a7-4283-8ff4-d4b2e6bfc77c",
              "isHook": false,
              "skipped": false
            },
            {
              "title": "should truncate list of modules with upper bound of MCs, cutting off at the minimum starting sequence that exceeds upper bound, if total MC count is higher and there exists no starting sequence with exact MC count",
              "fullTitle": "inequalitySatisfier should truncate list of modules with upper bound of MCs, cutting off at the minimum starting sequence that exceeds upper bound, if total MC count is higher and there exists no starting sequence with exact MC count",
              "timedOut": false,
              "duration": 0,
              "state": "passed",
              "speed": "fast",
              "pass": true,
              "fail": false,
              "pending": false,
              "context": null,
              "code": "const satisfier = (0, satisfiers_1.inequalitySatisfier)(ref, \"<=17\");\nsatisfier.should.have.property(\"filter\");\nconst { filter } = satisfier;\nisCorrectFilter(filter, modulesList1, [\n    \"CS2100\",\n    \"GER1000\",\n    \"CS2040S\",\n    \"ST2131\",\n    \"MA1521\",\n]);",
              "err": {},
              "uuid": "1a7e98cb-b78a-45c4-94c6-764bd327666c",
              "parentUUID": "dc057295-37a7-4283-8ff4-d4b2e6bfc77c",
              "isHook": false,
              "skipped": false
            }
          ],
          "suites": [],
          "passes": [
            "1db2bf3e-5369-49f7-9966-fdb619442ba3",
            "35f5d1e7-7b46-4403-995c-4a2d96fb987d",
            "794cd2a9-82d4-4213-af6d-dcd4cc1f5429",
            "7f8959ca-d119-4874-bbc9-3c7e5a6d3979",
            "2208c134-5bc2-447a-95cd-3618d6c41430",
            "f103984d-b8a9-4ae8-82a0-fb27f9fe20d6",
            "1a7e98cb-b78a-45c4-94c6-764bd327666c"
          ],
          "failures": [],
          "pending": [],
          "skipped": [],
          "duration": 1,
          "root": false,
          "rootEmpty": false,
          "_timeout": 2000
        },
        {
          "uuid": "603c15ac-3ef8-4fba-8686-976a72a83f89",
          "title": "inequalitySchema",
          "fullFile": "/home/runner/work/planwithus-lib/planwithus-lib/src/satisfyRule/inequality/schemas.test.ts",
          "file": "/src/satisfyRule/inequality/schemas.test.ts",
          "beforeHooks": [],
          "afterHooks": [],
          "tests": [
            {
              "title": "should validate inequality in the form <=n or >=n",
              "fullTitle": "inequalitySchema should validate inequality in the form <=n or >=n",
              "timedOut": false,
              "duration": 1,
              "state": "passed",
              "speed": "fast",
              "pass": true,
              "fail": false,
              "pending": false,
              "context": "[\n  {\n    \"title\": \"inequality sample 0\",\n    \"value\": \">=127\"\n  },\n  {\n    \"title\": \"inequality sample 1\",\n    \"value\": \">=8\"\n  },\n  {\n    \"title\": \"inequality sample 2\",\n    \"value\": \"<=123\"\n  },\n  {\n    \"title\": \"inequality sample 3\",\n    \"value\": \">=106\"\n  },\n  {\n    \"title\": \"inequality sample 4\",\n    \"value\": \"<=66\"\n  },\n  {\n    \"title\": \"inequality sample 5\",\n    \"value\": \"<=5\"\n  },\n  {\n    \"title\": \"inequality sample 6\",\n    \"value\": \"<=143\"\n  },\n  {\n    \"title\": \"inequality sample 7\",\n    \"value\": \">=149\"\n  },\n  {\n    \"title\": \"inequality sample 8\",\n    \"value\": \"<=7\"\n  },\n  {\n    \"title\": \"inequality sample 9\",\n    \"value\": \"<=193\"\n  }\n]",
              "code": "(0, fast_check_1.sample)(index_test_2.inequality, 10).forEach((sample, i) => (0, addContext_1.default)(this, {\n    title: `inequality sample ${i}`,\n    value: sample,\n}));\nreturn (0, fast_check_1.assert)((0, fast_check_1.property)(index_test_2.inequality, ajvValidate));",
              "err": {},
              "uuid": "2a545370-de42-4294-a663-b8a9fd55ca37",
              "parentUUID": "603c15ac-3ef8-4fba-8686-976a72a83f89",
              "isHook": false,
              "skipped": false
            },
            {
              "title": "should not validate inequality of invalid form",
              "fullTitle": "inequalitySchema should not validate inequality of invalid form",
              "timedOut": false,
              "duration": 2,
              "state": "passed",
              "speed": "fast",
              "pass": true,
              "fail": false,
              "pending": false,
              "context": null,
              "code": "[\n        \"\",\n        \"==23\",\n        \"23\",\n        \"<23\",\n        \">23\",\n        \"<=-1\",\n        \">=-1\",\n        \"<= 2\",\n        \">= 1\",\n        \"> 3\",\n        \"< 3\",\n        \"<=3a\",\n        \">=3a\",\n        \"a<=3\",\n        \"a>=3\",\n    ].forEach(isInvalidInequality)",
              "err": {},
              "uuid": "8eec780c-1ab1-4c93-8c8b-69cc7323e64d",
              "parentUUID": "603c15ac-3ef8-4fba-8686-976a72a83f89",
              "isHook": false,
              "skipped": false
            }
          ],
          "suites": [],
          "passes": [
            "2a545370-de42-4294-a663-b8a9fd55ca37",
            "8eec780c-1ab1-4c93-8c8b-69cc7323e64d"
          ],
          "failures": [],
          "pending": [],
          "skipped": [],
          "duration": 3,
          "root": false,
          "rootEmpty": false,
          "_timeout": 2000
        },
        {
          "uuid": "7b6013f4-43e6-43c8-a458-d309bd693f21",
          "title": "satisfyRuleSchema",
          "fullFile": "/home/runner/work/planwithus-lib/planwithus-lib/src/satisfyRule/schemas.test.ts",
          "file": "/src/satisfyRule/schemas.test.ts",
          "beforeHooks": [],
          "afterHooks": [],
          "tests": [
            {
              "title": "should validate satisfy rule with valid block id",
              "fullTitle": "satisfyRuleSchema should validate satisfy rule with valid block id",
              "timedOut": false,
              "duration": 1,
              "state": "passed",
              "speed": "fast",
              "pass": true,
              "fail": false,
              "pending": false,
              "context": null,
              "code": "0, fast_check_1.assert)((0, fast_check_1.property)((0, fast_check_1.string)(), ajvValidate)",
              "err": {},
              "uuid": "b3afbdde-fa0e-49b3-ac0c-8b37d03e1c9c",
              "parentUUID": "7b6013f4-43e6-43c8-a458-d309bd693f21",
              "isHook": false,
              "skipped": false
            },
            {
              "title": "should validate satisfy rules with valid mc",
              "fullTitle": "satisfyRuleSchema should validate satisfy rules with valid mc",
              "timedOut": false,
              "duration": 2,
              "state": "passed",
              "speed": "fast",
              "pass": true,
              "fail": false,
              "pending": false,
              "context": "[\n  {\n    \"title\": \"mcSatisfyRule sample 0\",\n    \"value\": {\n      \"mc\": \"<=102\"\n    }\n  },\n  {\n    \"title\": \"mcSatisfyRule sample 1\",\n    \"value\": {\n      \"mc\": \"<=5\"\n    }\n  },\n  {\n    \"title\": \"mcSatisfyRule sample 2\",\n    \"value\": {\n      \"mc\": \"<=4\"\n    }\n  },\n  {\n    \"title\": \"mcSatisfyRule sample 3\",\n    \"value\": {\n      \"mc\": \">=192\"\n    }\n  },\n  {\n    \"title\": \"mcSatisfyRule sample 4\",\n    \"value\": {\n      \"mc\": \">=7\"\n    }\n  },\n  {\n    \"title\": \"mcSatisfyRule sample 5\",\n    \"value\": {\n      \"mc\": \">=77\"\n    }\n  },\n  {\n    \"title\": \"mcSatisfyRule sample 6\",\n    \"value\": {\n      \"mc\": \">=158\"\n    }\n  },\n  {\n    \"title\": \"mcSatisfyRule sample 7\",\n    \"value\": {\n      \"mc\": \"<=86\"\n    }\n  },\n  {\n    \"title\": \"mcSatisfyRule sample 8\",\n    \"value\": {\n      \"mc\": \">=193\"\n    }\n  },\n  {\n    \"title\": \"mcSatisfyRule sample 9\",\n    \"value\": {\n      \"mc\": \"<=121\"\n    }\n  }\n]",
              "code": "(0, fast_check_1.sample)(index_test_2.mcSatisfyRule, 10).forEach((sample, i) => (0, addContext_1.default)(this, {\n    title: `mcSatisfyRule sample ${i}`,\n    value: sample,\n}));\nreturn (0, fast_check_1.assert)((0, fast_check_1.property)(index_test_2.mcSatisfyRule, ajvValidate));",
              "err": {},
              "uuid": "f01eb498-9627-4110-af7b-8b7955209cec",
              "parentUUID": "7b6013f4-43e6-43c8-a458-d309bd693f21",
              "isHook": false,
              "skipped": false
            },
            {
              "title": "should validate valid recursive satisfy rules",
              "fullTitle": "satisfyRuleSchema should validate valid recursive satisfy rules",
              "timedOut": false,
              "duration": 5,
              "state": "passed",
              "speed": "fast",
              "pass": true,
              "fail": false,
              "pending": false,
              "context": "[\n  {\n    \"title\": \"satisfyRule sample 0\",\n    \"value\": {\n      \"mc\": \"<=48\"\n    }\n  },\n  {\n    \"title\": \"satisfyRule sample 1\",\n    \"value\": {\n      \"mc\": \"<=132\"\n    }\n  },\n  {\n    \"title\": \"satisfyRule sample 2\",\n    \"value\": {\n      \"or\": []\n    }\n  },\n  {\n    \"title\": \"satisfyRule sample 3\",\n    \"value\": \"q}:##$\"\n  },\n  {\n    \"title\": \"satisfyRule sample 4\",\n    \"value\": {\n      \"and\": []\n    }\n  },\n  {\n    \"title\": \"satisfyRule sample 5\",\n    \"value\": {\n      \"or\": [\n        \"iUk0\",\n        \" ##\",\n        \"y%\",\n        {\n          \"and\": []\n        }\n      ]\n    }\n  },\n  {\n    \"title\": \"satisfyRule sample 6\",\n    \"value\": {\n      \"mc\": \">=1\"\n    }\n  },\n  {\n    \"title\": \"satisfyRule sample 7\",\n    \"value\": {\n      \"mc\": \">=3\"\n    }\n  },\n  {\n    \"title\": \"satisfyRule sample 8\",\n    \"value\": {\n      \"and\": [\n        {\n          \"or\": [\n            \"%bVPr+\\\\\",\n            {\n              \"and\": [\n                \"~:~PMAG+\",\n                {\n                  \"or\": [\n                    \"fRlUC7D7\",\n                    \"Q,#4\",\n                    \"@\",\n                    \"Keqq\"\n                  ]\n                },\n                {\n                  \"or\": [\n                    \"*v31 Sf@M\",\n                    \"AI&^Kf5{[\",\n                    \"\",\n                    \"Sib\",\n                    \"jwZ,x#\"\n                  ]\n                }\n              ]\n            }\n          ]\n        }\n      ]\n    }\n  },\n  {\n    \"title\": \"satisfyRule sample 9\",\n    \"value\": {\n      \"mc\": \"<=102\"\n    }\n  }\n]",
              "code": "(0, fast_check_1.sample)(index_test_2.satisfyRule, 10).forEach((sample, i) => (0, addContext_1.default)(this, {\n    title: `satisfyRule sample ${i}`,\n    value: sample,\n}));\nreturn (0, fast_check_1.assert)((0, fast_check_1.property)(index_test_2.satisfyRule, ajvValidate));",
              "err": {},
              "uuid": "5bbce56a-3d5b-4a3a-ac69-741c0fd67766",
              "parentUUID": "7b6013f4-43e6-43c8-a458-d309bd693f21",
              "isHook": false,
              "skipped": false
            },
            {
              "title": "should not validate non-string/object",
              "fullTitle": "satisfyRuleSchema should not validate non-string/object",
              "timedOut": false,
              "duration": 1,
              "state": "passed",
              "speed": "fast",
              "pass": true,
              "fail": false,
              "pending": false,
              "context": null,
              "code": "const error = {\n    instancePath: \"\",\n    message: \"satisfy rule should be either a string or an object\",\n};\nisInvalidRule(null, error);\nisInvalidRule(undefined, error);\nisInvalidRule(10, error);\nisInvalidRule([12, 24], error);",
              "err": {},
              "uuid": "9079d73a-52e4-4422-9cb4-70dbb11183b2",
              "parentUUID": "7b6013f4-43e6-43c8-a458-d309bd693f21",
              "isHook": false,
              "skipped": false
            },
            {
              "title": "should not validate satisfy rules with extra properties",
              "fullTitle": "satisfyRuleSchema should not validate satisfy rules with extra properties",
              "timedOut": false,
              "duration": 1,
              "state": "passed",
              "speed": "fast",
              "pass": true,
              "fail": false,
              "pending": false,
              "context": null,
              "code": "isInvalidRule({\n        and: [\n            { or: [\"2k\"], abc: \"def\" },\n            { mc: 8, ghi: \"jkl\" },\n        ],\n        mno: \"pqr\",\n    }, {\n        instancePath: \"/and/0\",\n        message: \"or satisfy rule should have property 'or' only\",\n    }, {\n        instancePath: \"/and/1\",\n        message: \"MC satisfy rule should have property 'mc' only\",\n    }, {\n        instancePath: \"\",\n        message: \"and satisfy rule should have property 'and' only\",\n    })",
              "err": {},
              "uuid": "c22742a6-9000-4aed-8fbb-a3aabdd45de2",
              "parentUUID": "7b6013f4-43e6-43c8-a458-d309bd693f21",
              "isHook": false,
              "skipped": false
            },
            {
              "title": "should not validate ambiguous satisfy rules",
              "fullTitle": "satisfyRuleSchema should not validate ambiguous satisfy rules",
              "timedOut": false,
              "duration": 0,
              "state": "passed",
              "speed": "fast",
              "pass": true,
              "fail": false,
              "pending": false,
              "context": null,
              "code": "const message = \"satisfy rule should have only one of properties 'mc', 'and', 'or'\";\nisInvalidRule({\n    or: [\n        { mc: 5, and: [\"CS2040\"] },\n        { and: [{ and: [\"abc\"], or: [\"def\"] }] },\n    ],\n}, { instancePath: \"/or/0\", message }, { instancePath: \"/or/1/and/0\", message });",
              "err": {},
              "uuid": "03ba81ac-6bdb-48e0-8419-767dcf7e3221",
              "parentUUID": "7b6013f4-43e6-43c8-a458-d309bd693f21",
              "isHook": false,
              "skipped": false
            },
            {
              "title": "should not validate and satisfy rules with non-array property",
              "fullTitle": "satisfyRuleSchema should not validate and satisfy rules with non-array property",
              "timedOut": false,
              "duration": 0,
              "state": "passed",
              "speed": "fast",
              "pass": true,
              "fail": false,
              "pending": false,
              "context": null,
              "code": "const message = \"property 'and' should be an array of satisfy rules\";\nisInvalidRule({ or: [{ and: {} }, { or: [{ and: 3 }] }] }, { instancePath: \"/or/0/and\", message }, { instancePath: \"/or/1/or/0/and\", message });",
              "err": {},
              "uuid": "36f8f5fb-2ab7-40a0-9ebb-7cfb0f33c142",
              "parentUUID": "7b6013f4-43e6-43c8-a458-d309bd693f21",
              "isHook": false,
              "skipped": false
            },
            {
              "title": "should not validate or satisfy rules with non-array property",
              "fullTitle": "satisfyRuleSchema should not validate or satisfy rules with non-array property",
              "timedOut": false,
              "duration": 1,
              "state": "passed",
              "speed": "fast",
              "pass": true,
              "fail": false,
              "pending": false,
              "context": null,
              "code": "const message = \"property 'or' should be an array of satisfy rules\";\nisInvalidRule({ and: [{ or: {} }, { and: [{ or: 3 }] }] }, { instancePath: \"/and/0/or\", message }, { instancePath: \"/and/1/and/0/or\", message });",
              "err": {},
              "uuid": "de1d8d2b-295d-47a4-8643-18089a4d620d",
              "parentUUID": "7b6013f4-43e6-43c8-a458-d309bd693f21",
              "isHook": false,
              "skipped": false
            }
          ],
          "suites": [],
          "passes": [
            "b3afbdde-fa0e-49b3-ac0c-8b37d03e1c9c",
            "f01eb498-9627-4110-af7b-8b7955209cec",
            "5bbce56a-3d5b-4a3a-ac69-741c0fd67766",
            "9079d73a-52e4-4422-9cb4-70dbb11183b2",
            "c22742a6-9000-4aed-8fbb-a3aabdd45de2",
            "03ba81ac-6bdb-48e0-8419-767dcf7e3221",
            "36f8f5fb-2ab7-40a0-9ebb-7cfb0f33c142",
            "de1d8d2b-295d-47a4-8643-18089a4d620d"
          ],
          "failures": [],
          "pending": [],
          "skipped": [],
          "duration": 11,
          "root": false,
          "rootEmpty": false,
          "_timeout": 2000
        }
      ],
      "passes": [],
      "failures": [],
      "pending": [],
      "skipped": [],
      "duration": 0,
      "root": true,
      "rootEmpty": true,
      "_timeout": 2000
    }
  ],
  "meta": {
    "mocha": {
      "version": "9.1.1"
    },
    "mochawesome": {
      "options": {
        "quiet": false,
        "reportFilename": "mochawesome",
        "saveHtml": true,
        "saveJson": true,
        "consoleReporter": "spec",
        "useInlineDiffs": false,
        "code": true
      },
      "version": "6.3.0"
    },
    "marge": {
      "options": {
        "reportDir": "docs"
      },
      "version": "5.2.0"
    }
  }
}