{
  "stats": {
    "suites": 6,
    "tests": 29,
    "passes": 29,
    "pending": 0,
    "failures": 0,
    "start": "2021-06-19T10:20:59.238Z",
    "end": "2021-06-19T10:20:59.584Z",
    "duration": 346,
    "testsRegistered": 29,
    "passPercent": 100,
    "pendingPercent": 0,
    "other": 0,
    "hasOther": false,
    "skipped": 0,
    "hasSkipped": false
  },
  "results": [
    {
      "uuid": "308e3daf-1d84-4293-a9c5-e66a00eb9176",
      "title": "",
      "fullFile": "",
      "file": "",
      "beforeHooks": [],
      "afterHooks": [],
      "tests": [],
      "suites": [
        {
          "uuid": "52f20057-bbd7-452a-a2b2-c90870d9f184",
          "title": "initDirectories",
          "fullFile": "/home/runner/work/planwithus-lib/planwithus-lib/src/block/schemas.test.ts",
          "file": "/src/block/schemas.test.ts",
          "beforeHooks": [],
          "afterHooks": [],
          "tests": [
            {
              "title": "should parse all blocks with no errors",
              "fullTitle": "initDirectories should parse all blocks with no errors",
              "timedOut": false,
              "duration": 5,
              "state": "passed",
              "speed": "fast",
              "pass": true,
              "fail": false,
              "pending": false,
              "context": null,
              "code": "_1.initDirectories.should.not.throw()",
              "err": {},
              "uuid": "05fbbe44-9848-4cad-a836-cc95e15aef45",
              "parentUUID": "52f20057-bbd7-452a-a2b2-c90870d9f184",
              "isHook": false,
              "skipped": false
            },
            {
              "title": "should produce primary, second & minor directories",
              "fullTitle": "initDirectories should produce primary, second & minor directories",
              "timedOut": false,
              "duration": 53,
              "state": "passed",
              "speed": "medium",
              "pass": true,
              "fail": false,
              "pending": false,
              "context": null,
              "code": "const directories = await _1.initDirectories();\ndirectories.should.have.property(\"primary\");\ndirectories.should.have.property(\"second\");\ndirectories.should.have.property(\"minor\");",
              "err": {},
              "uuid": "88330eef-6e30-436f-9b49-7756b5bfe99a",
              "parentUUID": "52f20057-bbd7-452a-a2b2-c90870d9f184",
              "isHook": false,
              "skipped": false
            }
          ],
          "suites": [],
          "passes": [
            "05fbbe44-9848-4cad-a836-cc95e15aef45",
            "88330eef-6e30-436f-9b49-7756b5bfe99a"
          ],
          "failures": [],
          "pending": [],
          "skipped": [],
          "duration": 58,
          "root": false,
          "rootEmpty": false,
          "_timeout": 2000
        },
        {
          "uuid": "82cfc650-37a6-4406-9aa1-ae8d2164a9bd",
          "title": "blockSchema",
          "fullFile": "/home/runner/work/planwithus-lib/planwithus-lib/src/block/schemas.test.ts",
          "file": "/src/block/schemas.test.ts",
          "beforeHooks": [],
          "afterHooks": [],
          "tests": [
            {
              "title": "should validate valid block",
              "fullTitle": "blockSchema should validate valid block",
              "timedOut": false,
              "duration": 222,
              "state": "passed",
              "speed": "slow",
              "pass": true,
              "fail": false,
              "pending": false,
              "context": "[\n  {\n    \"title\": \"block sample 0\",\n    \"value\": {\n      \"name\": \"&va'j>g\",\n      \"assign\": \"8z/<c^R.L`\",\n      \"satisfy\": {\n        \"mc\": \">=6\"\n      },\n      \"url\": \"http://rb-tq-ba-bbc6q8tua97hef-2dij17tpncfwayb6cnbugd5aepb7fif-5a.4cbi7e.ekyijcwoe/Tm/p/%F0%BC%85%B0_O%F1%8A%A7%9B$IW@C/bc9dCJ%F1%B3%87%8F%F1%83%B4%B3/(,i*k9vsD/y!)0r&*2k/I!o\",\n      \"info\": \"Ee^{|\"\n    }\n  },\n  {\n    \"title\": \"block sample 1\",\n    \"value\": {\n      \"name\": \"&\",\n      \"ay\": 1974,\n      \"assign\": [\n        \"=-$$wHZc^\",\n        \"e \",\n        \"zx %6\"\n      ],\n      \"match\": {\n        \"and\": [\n          {\n            \"or\": []\n          }\n        ]\n      },\n      \"satisfy\": {\n        \"or\": []\n      },\n      \"url\": \"http://ewbw7o7l6kn8sw9.kw727pj9eb3ixf4xq6qbstj3i5.9f21q7j6s9dx-dd.hc/bJL/Evcr/7RJOo36JF/*FcSa9wx%2F4/bA%F1%A0%91%A44\",\n      \"info\": \"NM#z!\\\"hW\"\n    }\n  },\n  {\n    \"title\": \"block sample 2\",\n    \"value\": {\n      \"name\": \"\",\n      \"ay\": 1951,\n      \"assign\": \"yxa!`VuR<0\",\n      \"match\": {\n        \"pattern\": \"PW99\",\n        \"exclude\": [\n          \"DQ52x4D\"\n        ],\n        \"info\": \"u<gBS\"\n      },\n      \"satisfy\": [\n        {\n          \"mc\": \">=100\"\n        },\n        {\n          \"or\": [\n            \"%29mz K'L\",\n            {\n              \"and\": [\n                \"rA3e7C[\",\n                \"?c[R9~)\",\n                {\n                  \"and\": [\n                    \"sV\",\n                    {\n                      \"or\": [\n                        \"4\",\n                        \"LYkca(\",\n                        \"/8JgFU?KW\"\n                      ]\n                    }\n                  ]\n                },\n                \"=8D\",\n                \"b\"\n              ]\n            },\n            {\n              \"and\": []\n            }\n          ]\n        },\n        {\n          \"and\": [\n            {\n              \"and\": [\n                \"(ih56%yR^\",\n                {\n                  \"mc\": \"<=14\"\n                },\n                \"*!\",\n                {\n                  \"or\": []\n                },\n                {\n                  \"or\": [\n                    {\n                      \"and\": [\n                        {\n                          \"or\": [\n                            \"\",\n                            \"43{BDm\",\n                            \"m\",\n                            \"KcE[N/Sc\",\n                            \"j\"\n                          ]\n                        },\n                        \"*(~9hP~hg\",\n                        {\n                          \"mc\": \">=34\"\n                        }\n                      ]\n                    },\n                    \"d9(\\\\\",\n                    {\n                      \"or\": [\n                        \"l?ov\",\n                        \"=(-w%\",\n                        {\n                          \"and\": [\n                            \"geD`JfCj9w\"\n                          ]\n                        },\n                        {\n                          \"mc\": \"<=112\"\n                        }\n                      ]\n                    }\n                  ]\n                }\n              ]\n            },\n            {\n              \"mc\": \"<=109\"\n            },\n            {\n              \"or\": [\n                {\n                  \"or\": [\n                    \"\",\n                    \"\",\n                    \"W&\\\"{yIQ$\",\n                    {\n                      \"or\": [\n                        \"nNG4uJ\",\n                        \"z4\",\n                        \"Xl0o\"\n                      ]\n                    },\n                    \"^Ul[!M>\"\n                  ]\n                }\n              ]\n            },\n            {\n              \"or\": [\n                \"56\",\n                {\n                  \"or\": [\n                    \"2plTmsh\",\n                    \"$w2y18m,x%\",\n                    \"U1#W\",\n                    \"bv>>$h\",\n                    {\n                      \"mc\": \"<=128\"\n                    }\n                  ]\n                },\n                {\n                  \"or\": []\n                }\n              ]\n            },\n            \"=lP\"\n          ]\n        },\n        {\n          \"and\": []\n        },\n        {\n          \"and\": [\n            \"nhK/p_BxSo\",\n            {\n              \"and\": [\n                {\n                  \"or\": [\n                    \"QbBY2Sr3~\",\n                    \"5:=/\",\n                    \"!k)]rFRF~M\",\n                    \"\\\"K8DQ\"\n                  ]\n                },\n                {\n                  \"mc\": \"<=170\"\n                },\n                \"\"\n              ]\n            },\n            {\n              \"and\": [\n                {\n                  \"or\": []\n                }\n              ]\n            },\n            {\n              \"mc\": \"<=52\"\n            }\n          ]\n        }\n      ],\n      \"url\": \"https://0rrf0223mwtoht8swu2-0oebbwqf-cz.ch93xqwlcuwpymj1b.7zdrd3e1tt0oblp05j6.df\",\n      \"info\": \"\\\"y\",\n      \"3's`u\": {\n        \"assign\": \"7+\",\n        \"match\": [\n          {\n            \"and\": [\n              {\n                \"or\": [\n                  \"DGD98\",\n                  {\n                    \"or\": [\n                      {\n                        \"pattern\": \"WPO9813O\",\n                        \"exclude\": \"KM1065V\"\n                      },\n                      \"VYN5*79\",\n                      \"JL20*\"\n                    ]\n                  },\n                  {\n                    \"and\": [\n                      \"ISX52*\",\n                      {\n                        \"and\": [\n                          \"JRL2973\",\n                          \"MXP6F\",\n                          \"VK032\",\n                          \"XID5*U\",\n                          \"NDN5xU\"\n                        ]\n                      },\n                      {\n                        \"pattern\": \"YCx8Z\",\n                        \"exclude\": \"JIU3*85T\",\n                        \"info\": \",)c\"\n                      },\n                      {\n                        \"pattern\": \"XQ7T\",\n                        \"exclude\": \"NQ779*L\"\n                      }\n                    ]\n                  }\n                ]\n              },\n              \"ATE*U\",\n              {\n                \"pattern\": \"PVT39X\",\n                \"exclude\": [\n                  \"WW4*7M\",\n                  \"QNR832Y\"\n                ],\n                \"info\": \")0WztOLkc\"\n              },\n              {\n                \"and\": []\n              }\n            ]\n          },\n          \"PMTx892\",\n          {\n            \"and\": [\n              {\n                \"or\": [\n                  {\n                    \"or\": [\n                      \"PDx6*U\"\n                    ]\n                  }\n                ]\n              },\n              {\n                \"pattern\": \"OBR6012S\",\n                \"exclude\": [\n                  \"QV1\",\n                  \"MB7G\",\n                  \"ARV0I\",\n                  \"ZUQ6Z\"\n                ],\n                \"info\": \"GIm+|x#;\"\n              }\n            ]\n          },\n          \"UN84G\",\n          {\n            \"pattern\": \"ROZ2J\",\n            \"exclude\": [\n              \"SFxx\",\n              \"GHO93H\",\n              \"MTD739V\",\n              \"UJY8\"\n            ],\n            \"info\": \"7?6$pP+\"\n          }\n        ],\n        \"url\": \"http://zphp1zvhb0-9gvq4o9xmj31i8sau9j.q4ctgvg5wexcq0coxsm833g2j8deda42arg0dshm8kvrfvp.3.qryemeuyoo/HumI&0Y;4j//hkk%F3%B6%8D%95pvH\",\n        \"info\": \")\"\n      },\n      \"r;*\": {\n        \"name\": \"8*1h\",\n        \"ay\": 1955,\n        \"assign\": [\n          \" uM!\",\n          \"QFVYHi]\"\n        ],\n        \"match\": {\n          \"pattern\": \"YN09\",\n          \"exclude\": [\n            \"MS2E\"\n          ],\n          \"info\": \"\"\n        },\n        \"satisfy\": {\n          \"mc\": \">=152\"\n        },\n        \"url\": \"http://s.gsenrboj/yj%F1%98%A7%AE%F2%9E%B8%AF8&/8=Y/5E/6/%F1%80%97%A3WE/=U/iz\",\n        \"info\": \"J_D`g\"\n      },\n      \",wu+PniS\": {\n        \"name\": \"z%Lul\",\n        \"ay\": 2017,\n        \"assign\": [\n          \"S\",\n          \"1NChRpjo*\",\n          \"E\"\n        ],\n        \"match\": [\n          {\n            \"and\": [\n              {\n                \"pattern\": \"YIR4891U\",\n                \"exclude\": [],\n                \"info\": \"V^k8vH?$\"\n              }\n            ]\n          },\n          {\n            \"and\": [\n              {\n                \"or\": [\n                  {\n                    \"pattern\": \"GYI5Y\",\n                    \"exclude\": []\n                  },\n                  \"UNA1134\",\n                  \"NVG5B\",\n                  \"ZTT9x02V\"\n                ]\n              },\n              {\n                \"and\": [\n                  {\n                    \"or\": [\n                      \"MX0\",\n                      {\n                        \"or\": [\n                          {\n                            \"or\": []\n                          },\n                          {\n                            \"and\": [\n                              \"ODE6*4\",\n                              \"OOS***\"\n                            ]\n                          }\n                        ]\n                      }\n                    ]\n                  },\n                  {\n                    \"pattern\": \"KAM1\",\n                    \"info\": \"a\"\n                  },\n                  \"BJ0Z\",\n                  \"JSW6xH\",\n                  {\n                    \"and\": [\n                      {\n                        \"pattern\": \"PQS7716V\",\n                        \"exclude\": [],\n                        \"info\": \"4_0SU \"\n                      },\n                      \"MS9450Z\"\n                    ]\n                  }\n                ]\n              }\n            ]\n          },\n          {\n            \"pattern\": \"PS926*\",\n            \"exclude\": [\n              \"MP7\",\n              \"AA26x4S\",\n              \"GOV721Y\"\n            ],\n            \"info\": \"\"\n          }\n        ],\n        \"satisfy\": [\n          {\n            \"and\": [\n              {\n                \"mc\": \">=157\"\n              },\n              \"@Wm\"\n            ]\n          },\n          {\n            \"mc\": \">=137\"\n          },\n          {\n            \"or\": [\n              {\n                \"and\": [\n                  \"\\\"y\",\n                  \"&rKpA_U~,]\",\n                  \"`H3PK0kzd\",\n                  \"LW_>O<\",\n                  {\n                    \"and\": []\n                  }\n                ]\n              },\n              {\n                \"and\": [\n                  \"murN\",\n                  {\n                    \"mc\": \">=159\"\n                  },\n                  {\n                    \"or\": [\n                      \"C2<?AXt|0@\",\n                      \"3~Xw&d}#$N\",\n                      \"^T=\\\"\",\n                      {\n                        \"or\": [\n                          \"N|v$+Ky%?\"\n                        ]\n                      }\n                    ]\n                  }\n                ]\n              }\n            ]\n          },\n          \"sxXn7g// \"\n        ],\n        \"url\": \"https://r0e41iarm9ct4f32d6k04ssz1.mqajcb/E1(9GygWCj/@T\",\n        \"G+.qRsm\": {\n          \"name\": \"RW9\",\n          \"ay\": 2005,\n          \"match\": {\n            \"pattern\": \"NK7*2\",\n            \"exclude\": [],\n            \"info\": \"iY,.w.Kb\"\n          },\n          \"satisfy\": {\n            \"and\": [\n              {\n                \"and\": []\n              },\n              {\n                \"or\": []\n              }\n            ]\n          },\n          \"url\": \"http://h1n0k9uyacqjhzcu1apkszf16ynfqos0mfva4e5kfilx.sj2s-j5.k.af5omam2bt44gfi-oi-1janqpy-8rah4a6x6e8.h12y-b6iwjxpylcyybp1984re3f7kdb7-k91q21wivl-kun5wshv4txr.bvs/%F2%B1%89%8BE~DzN:/6$/XM%F0%91%8F%8Cc,+/n*(z;(R\",\n          \"info\": \"[4Vj\"\n        },\n        \"\": {\n          \"name\": \"?W\\\"2.}!<\",\n          \"ay\": 2016,\n          \"assign\": \"qzkbGQ\",\n          \"satisfy\": [],\n          \"url\": \"https://y.al9-p3fzkmb2rg-hgoxi0nxj81z7xfjmcbybrc9cm-s8n-9o4gxe.wkvr0ihy8eqswo2j0a6buw.wwragfst/k%F0%B0%B8%A8h8\",\n          \"info\": \"?VXR\"\n        },\n        \"dm~>s\": {\n          \"name\": \")Kt\",\n          \"ay\": 2015,\n          \"assign\": [\n            \"FK2`(rh\",\n            \"3:-(q&kul\",\n            \"&\",\n            \"HT-Op\"\n          ],\n          \"match\": {\n            \"and\": []\n          },\n          \"satisfy\": {\n            \"mc\": \">=196\"\n          }\n        },\n        \"LJx\": {\n          \"name\": \"2R=\",\n          \"ay\": 2029,\n          \"assign\": \")*-6O1M\",\n          \"match\": [\n            {\n              \"and\": []\n            },\n            \"SK217\",\n            {\n              \"and\": []\n            }\n          ],\n          \"url\": \"https://padulvyx8nax.2.quqoucysar/_5r/3u~a%F3%AC%B8%BCf;lHx/BrwrWN/W%F3%A1%BA%81KUp~PU/+%F1%8B%AA%87i//TfYU;i1/k=ic;+\",\n          \"M WS&|&MLi\": {\n            \"assign\": [\n              \"!Ke%2\"\n            ],\n            \"url\": \"https://wco2fhk3hxy02xdcyen7maypv3itks7ec4escb5-15fgn8l.plodtv/x5I(Z;WQO/Kv/hu7H/Q6su';n/I%F1%8B%BD%9EAel~:%F3%A7%A8%ACg;/U/0%F1%BB%AE%81*5*%F3%93%AC%9D/T74Uj@(-e\",\n            \"info\": \")LXbJP4\",\n            \"^}GtS(r\": {\n              \"name\": \"5/URw|9t\",\n              \"ay\": 1999,\n              \"assign\": [\n                \"ot\",\n                \"{<>W1\",\n                \"\",\n                \"if\"\n              ],\n              \"match\": {\n                \"and\": [\n                  {\n                    \"or\": [\n                      {\n                        \"pattern\": \"ZTx76\",\n                        \"info\": \"M!\"\n                      }\n                    ]\n                  }\n                ]\n              },\n              \"satisfy\": {\n                \"and\": [\n                  {\n                    \"and\": [\n                      \"=]d>PDkTA\",\n                      {\n                        \"mc\": \"<=48\"\n                      }\n                    ]\n                  },\n                  {\n                    \"mc\": \"<=21\"\n                  }\n                ]\n              },\n              \"url\": \"https://cu7mx897ufwbv-7xf2hknm-7fi3p-r3iknqe5a2hjodaw1l-ltdegmhq0elnz.v5yciw4tcdu3icwehx1ze9b6f1ii8.843ritgs2hrvyg0etinv7e4mbhk3rpuc8p.ohqtt8540985o6v86c-l1lwoltrjukj5hf8lcptorpol.lq/iXt@sbbFt%F2%B8%BF%83/'!iUg~/l-qmf/%F3%B9%AC%97Btvbf%F1%86%88%8CoL/oY/0Q=%F4%88%81%BDTL%F3%92%A6%ADr/WTAZem/%F3%B4%85%B4%F0%B2%8D%A6=1\",\n              \"info\": \"Taq\"\n            },\n            \"K\": {\n              \"name\": \"\",\n              \"ay\": 2003,\n              \"assign\": \"\\\\Q=Jb@?@,y\",\n              \"satisfy\": {\n                \"or\": [\n                  {\n                    \"and\": [\n                      \"b\"\n                    ]\n                  }\n                ]\n              },\n              \"url\": \"https://t852bqlmrg52dtbhj.2jxmeomt6ivws0-6t3hwo5.bg/raw@c(ypc/gnwZ/s/8N%F4%82%97%90AFh9,Ur//v%F3%92%AB%81GVzoqj/ZZnG\",\n              \"info\": \"LcWxK@[tql\"\n            },\n            \"K>T \\\\\": {\n              \"name\": \":Xke4.ArCN\",\n              \"ay\": 2021,\n              \"assign\": \"oJ<2n&R\",\n              \"match\": {\n                \"and\": [\n                  {\n                    \"pattern\": \"YRN55Z\",\n                    \"exclude\": [\n                      \"DVJxZ\",\n                      \"RJ51\",\n                      \"BJ*27L\",\n                      \"CKKxE\",\n                      \"AB7968\"\n                    ],\n                    \"info\": \"$@=H4f~\"\n                  },\n                  {\n                    \"and\": [\n                      {\n                        \"or\": [\n                          \"MB*5\",\n                          {\n                            \"or\": []\n                          },\n                          \"VLF0H\"\n                        ]\n                      }\n                    ]\n                  }\n                ]\n              },\n              \"url\": \"https://dgj1zixad-feuu9hs2b5iiiitaqit2r2rynprkjdv-fi4j.3ajainghyvc6v7xpvh-lt9r36kbdbjgh4xxpni7wa.tl2odhw63ehfgr71iluvp9wnote2ppyobq636wlj8j46uveqvt43gytvo.vezmixlvg/U7r'_wUXSk/*)rNV65%F4%8A%AE%9C/nZFex/FAC/w/O_g,.5&5/g@/VcN%F2%B8%A4%9B\",\n              \"info\": \"gE\\\\x}zI\"\n            },\n            \"gTdlk`\": {\n              \"name\": \"\",\n              \"ay\": 1980,\n              \"assign\": \"8h7SD^n\",\n              \"satisfy\": {\n                \"and\": [\n                  \"bM0G[-\",\n                  \"Zb}bp\",\n                  \"2()GTI!)/\",\n                  {\n                    \"mc\": \">=20\"\n                  },\n                  {\n                    \"and\": [\n                      {\n                        \"or\": [\n                          \".~!KtP<+C!\"\n                        ]\n                      },\n                      \"a`d/\"\n                    ]\n                  }\n                ]\n              },\n              \"url\": \"http://zb.jyjx2spawozwghio7wvb23ybjb7e39ss1th4.k.15tzqjyfknjln8hmqjzput8fxdpcbj5d-ftkzcdazq7ofark.wfiot/%F0%AB%BB%8C@+7;C_/PfJZzWZRT$//Gyf%F3%BE%AB%99=/!KF%F3%B5%8C%AC/lSybY\",\n              \"info\": \"4L:s\"\n            }\n          },\n          \"?+\": {\n            \"name\": \"0vKcc\\\"u$C\",\n            \"ay\": 2006,\n            \"assign\": [],\n            \"url\": \"https://utcycvccmd9ygfcssf9.mfz/Sm:/oEDdUOH%F2%9A%B6%AA\"\n          },\n          \"G{|&\": {\n            \"name\": \"o @=W\",\n            \"ay\": 2000,\n            \"assign\": [],\n            \"match\": [\n              \"GU58\"\n            ],\n            \"satisfy\": {\n              \"and\": [\n                \"\",\n                {\n                  \"or\": [\n                    {\n                      \"mc\": \">=152\"\n                    },\n                    {\n                      \"and\": []\n                    },\n                    \"4x\",\n                    \"3\"\n                  ]\n                }\n              ]\n            },\n            \"url\": \"https://3nmkhvgueuy-ehcb87v4rbtb92p5brgmfnm.wwso7gw3g2jb8065zgtubmlzc4ixnm0h63nq7fy.hrlbq/%F0%B2%8F%A1:/2%E6%A1%BELe=j%F0%93%A6%8Dn-%F3%89%A2%A1/5Qy/m*LCH0\",\n            \"info\": \"7i,W\"\n          },\n          \"BW/U+@w^\\\\%\": {\n            \"name\": \"mfH\",\n            \"ay\": 2005,\n            \"assign\": \"h S\\\"\",\n            \"match\": {\n              \"pattern\": \"QVL2563\",\n              \"info\": \"Y+h3j\"\n            },\n            \"satisfy\": {\n              \"and\": [\n                {\n                  \"mc\": \">=38\"\n                }\n              ]\n            },\n            \"url\": \"http://tucra84tqn7twkr.ewp/(\",\n            \"info\": \"s6L}]uw\"\n          },\n          \"?^RvC\": {\n            \"name\": \"J5#o8!R\",\n            \"ay\": 1958,\n            \"assign\": [\n              \"8q \",\n              \"ss/auqVf\",\n              \"h-b-'oz.qk\",\n              \"]!75%JeC\"\n            ],\n            \"match\": [\n              {\n                \"pattern\": \"XMI89\",\n                \"exclude\": [],\n                \"info\": \"OKofs{8/ y\"\n              }\n            ],\n            \"satisfy\": \"c-`v+=b\",\n            \"url\": \"https://zqjejndgd08m6dkp8dnarp1p3awuuq3syqam.u.xi2x2qegolmeqllyb90i20velb3.jvnpxdye7.nx121h2.puwesbo/R,z$vPg%F0%93%A5%B7z/%F0%95%97%85\",\n            \"info\": \"*D\",\n            \"]\": {\n              \"name\": \"$xbGcsM\\\"cb\",\n              \"ay\": 1995,\n              \"assign\": [\n                \"Ec\",\n                \"^Po%'3W-\",\n                \"s/&d0sG8\"\n              ],\n              \"match\": \"DA7343\",\n              \"satisfy\": \"\",\n              \"url\": \"https://fupjsgeen-lhgv945s.g0xw1825qnz9pvjp0t7x-v0a2y9zi-3.i932f5i28m.0ii-bp7.hze/d%F2%B1%B9%96i/m=oc;+,/!.&/GK%F3%85%97%8E/R%F3%85%AA%AC/qOi//eE*,bpX.9/XZ1!M%F3%96%AF%997%E4%89%8Em/vPFgCkFl\"\n            },\n            \"@E[\": {\n              \"name\": \"'ov&\",\n              \"ay\": 1960,\n              \"assign\": \"1\",\n              \"satisfy\": {\n                \"mc\": \">=50\"\n              },\n              \"url\": \"https://p.5zhvt73j--n29hr1smgf65ricvhbosxspf044emmdohrcd0.ty/3yE@Lv/GGkW!KcTo)/.7;v:K!I-H\",\n              \"info\": \"|Qu@\"\n            },\n            \"d;II\": {\n              \"name\": \"TZb0M!12\",\n              \"ay\": 1969,\n              \"match\": {\n                \"and\": []\n              },\n              \"satisfy\": [],\n              \"url\": \"http://5.kc/*7=0i%F1%9A%82%B49KA)/8K+(XE_&Q//5y9KwX~%F0%9A%BF%A7$6/G,%F0%A8%83%AE!t\",\n              \"info\": \"D&).|b\"\n            },\n            \"8REBAz&X$\": {\n              \"name\": \"!kF`\",\n              \"assign\": \"y\\\\[\",\n              \"match\": [\n                {\n                  \"pattern\": \"XII602\",\n                  \"exclude\": [\n                    \"KH9P\",\n                    \"YEG31\"\n                  ],\n                  \"info\": \"\\\"A]\"\n                }\n              ],\n              \"satisfy\": \"v\",\n              \"url\": \"https://p92mo2id0esoyw.x7k54mggt8afyden-mvmp2h8wu6xw8gakfgrj85cobjuayxpqurx3x0.jcf4hx6iqvvgaa34-gz04piorucnrgw-vz.hooaot/J-&_rX19o+/r.AHN/;S%F1%84%BE%B8bF/_48$+v/B!Zs~F7L6/5%F1%B9%99%AD!YEJ%F2%8B%94%BA\",\n              \"info\": \"#N\"\n            }\n          }\n        }\n      },\n      \"m8\\\"2\\\\Wf\": {\n        \"name\": \"E6Py\",\n        \"ay\": 1965,\n        \"assign\": [\n          \"W^\",\n          \"1N\"\n        ],\n        \"match\": [\n          {\n            \"pattern\": \"MTG8354\",\n            \"exclude\": [\n              \"NGP0*36\",\n              \"AS56*M\",\n              \"UNx4N\",\n              \"BL252\"\n            ]\n          },\n          {\n            \"pattern\": \"ZF9A\",\n            \"exclude\": \"RSD67N\",\n            \"info\": \"sww`\"\n          }\n        ],\n        \"satisfy\": [\n          {\n            \"and\": [\n              {\n                \"or\": [\n                  {\n                    \"and\": [\n                      {\n                        \"mc\": \">=134\"\n                      },\n                      \"|ra\",\n                      \"1{h\",\n                      \"}[\"\n                    ]\n                  },\n                  {\n                    \"mc\": \">=100\"\n                  },\n                  \"]\",\n                  \"0wf></\",\n                  \"W2\"\n                ]\n              },\n              \"Ga{a\\\\\",\n              {\n                \"or\": [\n                  {\n                    \"or\": [\n                      \"'MUwr\",\n                      {\n                        \"or\": [\n                          \"\"\n                        ]\n                      },\n                      \":MIl_:kEg3\",\n                      \"mm\"\n                    ]\n                  },\n                  {\n                    \"and\": [\n                      {\n                        \"or\": [\n                          \" \"\n                        ]\n                      },\n                      {\n                        \"or\": [\n                          {\n                            \"or\": [\n                              \"!\\\\B\",\n                              \"''SyW\\\\1c+\",\n                              \"\",\n                              \",$U\"\n                            ]\n                          },\n                          \"h 5E>\",\n                          \"5(hAn\"\n                        ]\n                      }\n                    ]\n                  },\n                  \"Gpf\",\n                  {\n                    \"or\": [\n                      \"l\",\n                      \"OH%\",\n                      \"V\"\n                    ]\n                  },\n                  {\n                    \"mc\": \"<=180\"\n                  }\n                ]\n              }\n            ]\n          }\n        ],\n        \"url\": \"https://bw6sfhuqryp-ui7azz8d7o20-bj1guj31y2we74kw9.2.ppyc/4=/:GhI/%F4%85%B0%86N!OqCHF/:f;G**/zaODI3,d//%F1%A5%A5%80\",\n        \"info\": \"J?s>PB)om\",\n        \"~J[\": {\n          \"name\": \"DXc)i0\",\n          \"assign\": \",:]@\",\n          \"satisfy\": [\n            {\n              \"and\": [\n                {\n                  \"and\": [\n                    {\n                      \"and\": [\n                        \"bH0\",\n                        \"^VY7sRu3\",\n                        \"J1n\\\"%O\",\n                        \"5L*1p%\",\n                        {\n                          \"and\": [\n                            \"HDn.b[ltL\"\n                          ]\n                        }\n                      ]\n                    },\n                    {\n                      \"or\": [\n                        {\n                          \"mc\": \"<=148\"\n                        },\n                        {\n                          \"and\": [\n                            \"!;0b\",\n                            \"Mg2gVX\",\n                            \"u1\"\n                          ]\n                        },\n                        \"]6S\"\n                      ]\n                    }\n                  ]\n                }\n              ]\n            },\n            {\n              \"mc\": \">=182\"\n            },\n            {\n              \"mc\": \"<=31\"\n            },\n            \"RLf2j\"\n          ],\n          \"url\": \"https://0832eg.zh5ann019o-rc4fhf71ot7hs-svrppy-f-2xfrwpfu4l.pgk4.amejfoa/f/P:9ZDX\",\n          \"info\": \"\"\n        },\n        \"LF9s\": {\n          \"name\": \"i\",\n          \"ay\": 2017,\n          \"assign\": \"\",\n          \"match\": [],\n          \"satisfy\": [],\n          \"url\": \"http://e.wvm34hfpb51s.m9jxy17pj4ik7fxqzodacy6epsg.bqckwaolpo/&%F2%80%8F%8DuJ/8S'r%F1%96%B7%89y3kT/*l-uUsZ97Y/!;%F1%85%AC%93/sXLfw\"\n        }\n      },\n      \"# 8\": {\n        \"name\": \"b8{\",\n        \"ay\": 2016,\n        \"assign\": [\n          \"er\\\"\",\n          \"\",\n          \"$j8Q\",\n          \"Uu5kp\"\n        ],\n        \"match\": {\n          \"or\": [\n            \"SEZx*\",\n            {\n              \"or\": [\n                {\n                  \"and\": [\n                    \"TQTx71C\",\n                    \"ASC28D\",\n                    \"QYM7517G\",\n                    {\n                      \"or\": [\n                        \"NIR71*2\",\n                        \"GB273\",\n                        \"TOx\"\n                      ]\n                    }\n                  ]\n                }\n              ]\n            }\n          ]\n        },\n        \"url\": \"https://uz-a0kzl308dtfebl0y-j3tmv2ztu.8spf5pu9bih06r3fhw57vyyd.zmbz/Ln_q/ky%F2%91%A2%AEk3Q\",\n        \"info\": \"IZDn(\"\n      }\n    }\n  },\n  {\n    \"title\": \"block sample 3\",\n    \"value\": {\n      \"name\": \"@l\",\n      \"assign\": \"gO\",\n      \"match\": \"HN4*\",\n      \"satisfy\": [\n        {\n          \"or\": [\n            {\n              \"or\": [\n                {\n                  \"and\": [\n                    {\n                      \"or\": []\n                    },\n                    \"h]\"\n                  ]\n                },\n                {\n                  \"mc\": \">=49\"\n                },\n                \"XJEQ_A_v\"\n              ]\n            },\n            \"jCZ`\",\n            \"r2C6[FBoZ\",\n            \"XQg\",\n            {\n              \"or\": [\n                \"H\",\n                {\n                  \"mc\": \"<=107\"\n                },\n                {\n                  \"mc\": \"<=25\"\n                },\n                \"<!MY\\\"$\",\n                {\n                  \"and\": [\n                    \"\",\n                    \"z|6AA1vg;V\",\n                    \"z</_^\",\n                    \"\"\n                  ]\n                }\n              ]\n            }\n          ]\n        },\n        {\n          \"mc\": \"<=6\"\n        },\n        {\n          \"and\": [\n            {\n              \"or\": [\n                {\n                  \"or\": [\n                    \"7{BD\\\"Jk5!\"\n                  ]\n                },\n                {\n                  \"mc\": \"<=51\"\n                }\n              ]\n            },\n            {\n              \"and\": []\n            },\n            \"-x|{s'<0t]\",\n            {\n              \"and\": [\n                \"\",\n                {\n                  \"and\": [\n                    {\n                      \"and\": [\n                        \"AND1b;\\\"(\",\n                        {\n                          \"and\": []\n                        },\n                        \";aR-&(<D\",\n                        \"q*^&Y\",\n                        \"Pi*[$-E\"\n                      ]\n                    }\n                  ]\n                },\n                \"^:=|c}*5rE\"\n              ]\n            }\n          ]\n        },\n        \"c\",\n        \"!x|z\"\n      ],\n      \"url\": \"http://y.jow3o4e.mihj/\",\n      \"info\": \"WJZM'fE]\"\n    }\n  },\n  {\n    \"title\": \"block sample 4\",\n    \"value\": {\n      \"name\": \"L\",\n      \"assign\": [\n        \"|yL|\",\n        \"nK.-T(QS\\\"\",\n        \"bnc-e\"\n      ],\n      \"match\": [\n        {\n          \"pattern\": \"YTY4V\",\n          \"exclude\": [\n            \"RRPx57P\",\n            \"XVK8V\",\n            \"NX7*5V\"\n          ],\n          \"info\": \"{\"\n        }\n      ],\n      \"url\": \"https://kvl0hgjohxaia3830kpbd3iv382sd252.hzgzuflci/GTx~v/er*\",\n      \"info\": \"=\",\n      \"fcE^85(+9U\": {\n        \"name\": \"pYv[W\",\n        \"ay\": 1955,\n        \"assign\": [\n          \"|Y]#x\",\n          \"|Hz'Yyy\"\n        ],\n        \"match\": \"QAJ78\",\n        \"satisfy\": {\n          \"mc\": \">=198\"\n        },\n        \"url\": \"https://68k3eo740jtvt4y6hfo366pljwtbhphtpvf7089t3lhmsc.5x-0uyecbwiu0-hukhij.fdydvc/fa\",\n        \"info\": \"h\"\n      },\n      \"\": {\n        \"name\": \"z#$\",\n        \"ay\": 1984,\n        \"assign\": \"\",\n        \"satisfy\": [\n          {\n            \"and\": [\n              \"P`:G.-uQe8\",\n              {\n                \"mc\": \"<=89\"\n              },\n              {\n                \"or\": [\n                  {\n                    \"or\": [\n                      \"r2j{QOKf\",\n                      \"[\"\n                    ]\n                  },\n                  {\n                    \"mc\": \"<=58\"\n                  }\n                ]\n              },\n              \",\"\n            ]\n          },\n          \"vuUf\",\n          {\n            \"and\": [\n              {\n                \"and\": [\n                  {\n                    \"mc\": \"<=132\"\n                  },\n                  {\n                    \"and\": [\n                      {\n                        \"and\": [\n                          \"P\\\\F FjMjIN\",\n                          \"-\"\n                        ]\n                      },\n                      \"I$5/8n<\",\n                      \"Zs$p\",\n                      {\n                        \"mc\": \"<=82\"\n                      },\n                      {\n                        \"or\": [\n                          \"AOnC64t\",\n                          {\n                            \"and\": [\n                              \"*En?\",\n                              \"-z7yj&$\"\n                            ]\n                          },\n                          \",HS-\"\n                        ]\n                      }\n                    ]\n                  },\n                  {\n                    \"mc\": \"<=120\"\n                  },\n                  {\n                    \"mc\": \">=28\"\n                  },\n                  \"LW\"\n                ]\n              }\n            ]\n          },\n          {\n            \"and\": [\n              {\n                \"mc\": \"<=195\"\n              },\n              \"\",\n              {\n                \"and\": [\n                  {\n                    \"and\": [\n                      \"xacAc\\\"#o(t\"\n                    ]\n                  },\n                  {\n                    \"mc\": \">=29\"\n                  },\n                  {\n                    \"or\": [\n                      \"GM\",\n                      \"qKt\",\n                      \"i|])u\",\n                      {\n                        \"or\": [\n                          \"z+8\\\\02l8>G\",\n                          \"wmM\"\n                        ]\n                      }\n                    ]\n                  }\n                ]\n              },\n              {\n                \"or\": [\n                  {\n                    \"mc\": \"<=71\"\n                  },\n                  {\n                    \"or\": [\n                      {\n                        \"mc\": \">=195\"\n                      },\n                      \"L)|;y]8Fh.\"\n                    ]\n                  },\n                  {\n                    \"mc\": \">=195\"\n                  },\n                  {\n                    \"or\": [\n                      {\n                        \"mc\": \"<=73\"\n                      },\n                      \">#M|\",\n                      \"B]$Xl+\"\n                    ]\n                  }\n                ]\n              },\n              {\n                \"mc\": \"<=91\"\n              }\n            ]\n          },\n          \"(\\\\aCdm9M!v\"\n        ],\n        \"url\": \"http://fohjopceln3ioz-vi82olg7fobxgek74gad02r4i78ypyff2.9w86edecftshen7acib.jkytnusgvo\",\n        \"info\": \"tW\"\n      },\n      \"~\\\"r\": {\n        \"name\": \" f97cGn|\",\n        \"assign\": \"P\",\n        \"match\": {\n          \"or\": [\n            \"HM30*7\",\n            \"RMB*\",\n            \"QK5J\",\n            {\n              \"and\": []\n            },\n            \"HX1xQ\"\n          ]\n        },\n        \"satisfy\": {\n          \"or\": [\n            {\n              \"and\": [\n                \"$&J\",\n                \"=VAEa*\"\n              ]\n            },\n            {\n              \"mc\": \">=4\"\n            },\n            \"v\",\n            {\n              \"or\": []\n            },\n            {\n              \"or\": [\n                \"iZ\"\n              ]\n            }\n          ]\n        },\n        \"url\": \"http://5c.obu2pc-wdkj3c5hmt0hicr4bq-q0zswm3vj2havqi2m962ln1hvth6d89.0zmdhr0sfr05nb75y3uva2aq0x.tc09.emiofh/W3%F1%A2%9B%AF4SN%F4%80%9E%99F-7/(G2z\",\n        \"info\": \" `\"\n      },\n      \"n$&!I&##$\": {\n        \"name\": \"a$#J#\",\n        \"ay\": 1972,\n        \"assign\": \"w\",\n        \"match\": \"SGxx5\",\n        \"satisfy\": {\n          \"or\": []\n        },\n        \"url\": \"http://34u519eszp9s4m6uyu2xmmuoyahut7hd8io5p2fo8wzujct5hlslsrt.vj8g8bq1hwzd925mi3jtz4b8i47gh-040mmseo6c-6zpux0fn.id/.f%F0%B9%B3%8C\",\n        \"info\": \"sZAd9vGF\"\n      }\n    }\n  },\n  {\n    \"title\": \"block sample 5\",\n    \"value\": {\n      \"name\": \"&X7&diE#\",\n      \"assign\": \"!\",\n      \"match\": {\n        \"pattern\": \"SW*0\",\n        \"exclude\": [\n          \"JWD76\",\n          \"WMB6687Y\"\n        ],\n        \"info\": \"3a8\"\n      },\n      \"satisfy\": [\n        {\n          \"or\": [\n            {\n              \"mc\": \">=44\"\n            },\n            {\n              \"or\": []\n            }\n          ]\n        },\n        {\n          \"and\": []\n        },\n        {\n          \"or\": [\n            \"0Ny4e{\\\\qU\",\n            {\n              \"and\": [\n                {\n                  \"or\": [\n                    \"lIQp:cfxL\"\n                  ]\n                },\n                {\n                  \"or\": [\n                    \"kI0F#F\",\n                    {\n                      \"or\": []\n                    },\n                    \"E\",\n                    \"5`I\"\n                  ]\n                }\n              ]\n            },\n            {\n              \"or\": [\n                \"vlU\",\n                {\n                  \"or\": [\n                    \"BeW\",\n                    \".(OE\",\n                    \"-%&7;ztw\",\n                    \">g\",\n                    \"MS~&\"\n                  ]\n                },\n                {\n                  \"and\": [\n                    \",;1^k:kC1D\",\n                    {\n                      \"and\": [\n                        \"CZ<\",\n                        \";M\",\n                        \"iF 73\",\n                        \"8@Z\",\n                        \"[Q5\"\n                      ]\n                    },\n                    \"gCyP*`|J\",\n                    \"{g!f\",\n                    \"?Ogd?f::\"\n                  ]\n                },\n                {\n                  \"or\": [\n                    \"T[\",\n                    {\n                      \"mc\": \"<=91\"\n                    },\n                    \"/8j\"\n                  ]\n                },\n                {\n                  \"or\": [\n                    \"gr5!D\",\n                    \"D`t&V\",\n                    {\n                      \"and\": [\n                        {\n                          \"or\": [\n                            {\n                              \"or\": [\n                                \"P].z_\",\n                                \"$2@\\\"9}v_,_\"\n                              ]\n                            },\n                            \"K\"\n                          ]\n                        },\n                        {\n                          \"or\": [\n                            \"/weH[Oy\",\n                            \"`W~cyz\",\n                            \"<Y`\",\n                            {\n                              \"or\": []\n                            },\n                            \"I*Bb^Ob\"\n                          ]\n                        },\n                        {\n                          \"and\": []\n                        }\n                      ]\n                    }\n                  ]\n                }\n              ]\n            },\n            {\n              \"or\": [\n                \"\",\n                {\n                  \"and\": [\n                    \"GNle\",\n                    \"R!rEW/(4\",\n                    \"O#y\"\n                  ]\n                },\n                {\n                  \"and\": [\n                    {\n                      \"or\": []\n                    },\n                    \"+Pb'2~tUlt\"\n                  ]\n                },\n                \"g\"\n              ]\n            }\n          ]\n        },\n        {\n          \"or\": []\n        },\n        {\n          \"or\": [\n            {\n              \"and\": [\n                {\n                  \"mc\": \">=56\"\n                },\n                {\n                  \"and\": [\n                    {\n                      \"or\": []\n                    },\n                    {\n                      \"and\": [\n                        \"&5\"\n                      ]\n                    },\n                    \"[2\"\n                  ]\n                },\n                \"\",\n                {\n                  \"and\": [\n                    \"\",\n                    {\n                      \"or\": [\n                        \":8S|Q\",\n                        \"N5'\",\n                        \"UoCxFo]r^z\",\n                        \"!K?x^S8 O\",\n                        \"bal&cm=\"\n                      ]\n                    },\n                    {\n                      \"and\": []\n                    },\n                    {\n                      \"mc\": \"<=42\"\n                    }\n                  ]\n                }\n              ]\n            },\n            {\n              \"mc\": \">=70\"\n            }\n          ]\n        }\n      ],\n      \"url\": \"http://2butc1sugu9oi2.bf.ysl6f7t44x8dyxpxt-l715cgz5vj4l5smsj5hswx269seg5rwkq5o60k0d8.69l5u6z10kpmga870zjp5hdyudeq-ghke6f0pjq31o24ofcow.t.nr//C_O~(Gi@6/%F2%8A%B2%91fd\",\n      \"z%}\\\"q=?5Yz\": {\n        \"name\": \"^@\",\n        \"ay\": 1999,\n        \"assign\": \"\\\"$\",\n        \"match\": [\n          \"OWC9xD\",\n          {\n            \"and\": [\n              \"WYH0R\",\n              \"QK*0*H\",\n              {\n                \"pattern\": \"HS25Z\",\n                \"exclude\": \"CSx8G\",\n                \"info\": \"B6\"\n              },\n              {\n                \"pattern\": \"TQY35\",\n                \"exclude\": [],\n                \"info\": \"}\"\n              }\n            ]\n          },\n          {\n            \"and\": [\n              {\n                \"or\": [\n                  {\n                    \"pattern\": \"NQU*806\",\n                    \"exclude\": \"TP73\",\n                    \"info\": \"SR\"\n                  }\n                ]\n              },\n              \"UL618\"\n            ]\n          }\n        ],\n        \"satisfy\": \"!A d>|\\\\\",\n        \"url\": \"https://t.3ybye376x0ajx3n3syd-b.olspdgdrnq/;/$%F2%83%92%96(/i1Y0c(i~$x/p%F2%9D%91%B1T*y/17nwGq%F0%B7%B0%A1N\",\n        \"Gy)!\\\"1!%Z\": {\n          \"name\": \"\\\"e\",\n          \"ay\": 1952,\n          \"assign\": \"\",\n          \"match\": {\n            \"pattern\": \"MP6001E\",\n            \"exclude\": [\n              \"JU1O\"\n            ],\n            \"info\": \"\"\n          },\n          \"satisfy\": {\n            \"mc\": \"<=37\"\n          },\n          \"info\": \":\"\n        },\n        \"\": {\n          \"name\": \" 2\\\"!i|c\",\n          \"ay\": 1956,\n          \"assign\": \"\",\n          \"match\": [\n            \"CK3Q\",\n            \"PWR849G\",\n            {\n              \"pattern\": \"UXE1\",\n              \"exclude\": [],\n              \"info\": \"I[$l}\"\n            }\n          ],\n          \"satisfy\": [\n            \"fcg\"\n          ],\n          \"url\": \"https://t5-h1.wkf3wmn.erh35e500h1vhtm7pab-l39ivzzab7jbeow9muryt01z.k.4-0dtlfxrbo46yc55qizdzx58-8gfz3yqjqe5hilzc31ju6xcx0b.aeev/;*/\",\n          \"info\": \"!:0&!x&& 8\"\n        },\n        \"bG\": {\n          \"name\": \"*9\\\";|vQ KF\",\n          \"ay\": 2024,\n          \"assign\": \"}_}W\\\",\",\n          \"match\": [\n            {\n              \"pattern\": \"TY752\",\n              \"exclude\": \"JPM3\",\n              \"info\": \"%$r-/T<\"\n            },\n            {\n              \"or\": []\n            }\n          ],\n          \"satisfy\": [\n            {\n              \"mc\": \"<=144\"\n            },\n            {\n              \"and\": [\n                {\n                  \"mc\": \"<=88\"\n                },\n                {\n                  \"and\": [\n                    {\n                      \"mc\": \">=40\"\n                    },\n                    \"Y\",\n                    \"y PV5xj\",\n                    \"Vku!ku\"\n                  ]\n                },\n                {\n                  \"and\": [\n                    {\n                      \"or\": [\n                        {\n                          \"and\": [\n                            \"pTe18$2-+\"\n                          ]\n                        },\n                        {\n                          \"and\": [\n                            {\n                              \"mc\": \">=28\"\n                            },\n                            \"g\",\n                            {\n                              \"or\": [\n                                \"\",\n                                \"qDuF?|?`\",\n                                \"m\",\n                                \"SV_#\",\n                                \"W1zC3_\"\n                              ]\n                            },\n                            {\n                              \"mc\": \">=8\"\n                            }\n                          ]\n                        }\n                      ]\n                    },\n                    \",mwT>\",\n                    {\n                      \"and\": []\n                    }\n                  ]\n                },\n                {\n                  \"and\": [\n                    {\n                      \"and\": []\n                    },\n                    {\n                      \"or\": [\n                        \"?>+\",\n                        {\n                          \"or\": [\n                            \"m})S_\",\n                            \"?lzU[l3O@$\",\n                            \"dmT\"\n                          ]\n                        },\n                        \"c3R_\"\n                      ]\n                    },\n                    {\n                      \"and\": []\n                    },\n                    {\n                      \"mc\": \"<=115\"\n                    },\n                    \"F$\"\n                  ]\n                },\n                {\n                  \"or\": [\n                    {\n                      \"and\": [\n                        {\n                          \"mc\": \">=48\"\n                        },\n                        \"TvsD[C\",\n                        \"bUf\",\n                        \"Ku\"\n                      ]\n                    },\n                    {\n                      \"mc\": \"<=4\"\n                    },\n                    \"(ii\\\\p4HA&\",\n                    \"ef\",\n                    {\n                      \"mc\": \">=127\"\n                    }\n                  ]\n                }\n              ]\n            },\n            \"XKLo1\\\\HZ\",\n            \"!4m\"\n          ],\n          \"url\": \"https://ku1xxb3k2s5foux7qlxu1d6isyem4lk2dw85.wjar8cpqzg42-qlvgsl0s.4l4lmflit0qjnc-8i25mw96k2tsle4uw.yde/lXNV%F0%B5%94%BCU2%F1%A7%A5%B6+w\",\n          \"info\": \"#&0|I~\",\n          \"LX??\": {\n            \"name\": \"AxU]_{O|t#\",\n            \"ay\": 1955,\n            \"assign\": \"\",\n            \"match\": [],\n            \"satisfy\": {\n              \"or\": []\n            },\n            \"url\": \"http://jr39piwcgdekaeljwy910d986bfwgo8r5m2w75-ju9vaq7b-i8rnlsmbl3s.lf6zoqmdexyvy5n-cqlwi-igiosqgbd4t7s4omkon0x1booyfzzi4f3dm5ndjg.0qctzmgaso641rg7n.xvcb/%F2%B1%94%B5TO8RN/%F2%AD%93%8A@\",\n            \"info\": \"`l|V:f\"\n          },\n          \"h&# ?#x\": {\n            \"name\": \"%#<!=!yt=T\",\n            \"ay\": 2028,\n            \"assign\": \"j%6XpC.\",\n            \"match\": [\n              {\n                \"pattern\": \"UZF1859\",\n                \"exclude\": \"BEX4\",\n                \"info\": \"\"\n              },\n              {\n                \"pattern\": \"YQO962Z\",\n                \"exclude\": \"NWL97\",\n                \"info\": \"M\"\n              },\n              \"RMC73Q\"\n            ],\n            \"satisfy\": [\n              \"8.x1(\",\n              {\n                \"or\": [\n                  {\n                    \"and\": []\n                  }\n                ]\n              },\n              {\n                \"mc\": \">=38\"\n              },\n              {\n                \"mc\": \">=37\"\n              }\n            ],\n            \"url\": \"http://64mc8c5y6ebeeff6efs7ecfc.bnxd/;/m%F4%84%B4%89*hB1a!/b\",\n            \"info\": \"O6GxaW8vn\"\n          },\n          \"MG=WSI[9\": {\n            \"name\": \"3]\\\" \",\n            \"ay\": 1993,\n            \"assign\": [\n              \"#\"\n            ],\n            \"satisfy\": {\n              \"and\": []\n            },\n            \"url\": \"http://e.cxrbosavp61edcyh887rf5vfabhfp2j6ecdkd77ff5ddfgaw77-udkdec.9ff2h6ubahcfdf-fea7s56lw7dh676ar-xq89a.7zrv5txqp0179c.wfjvt/g/p4Ce%EB%A6%A9$/,~KQ/$(+%F1%9B%8B%92'//hvFY:IxU\",\n            \"info\": \"{M#E&2\"\n          },\n          \"`Ni?;\": {\n            \"name\": \"L\",\n            \"ay\": 1950,\n            \"assign\": \"\",\n            \"satisfy\": {\n              \"or\": [\n                {\n                  \"or\": [\n                    {\n                      \"or\": [\n                        {\n                          \"mc\": \"<=93\"\n                        },\n                        \"WNp%b.m\"\n                      ]\n                    }\n                  ]\n                },\n                \"x{8~K#Qzx&\"\n              ]\n            },\n            \"url\": \"https://h2a65-hj7k8hqoea7c4.lvh44eyk7.zckuy/9a/EGYy1j;/W%F2%89%97%8B%F2%84%87%A6;a/x4T%F3%93%9C%A5/)%EF%8C%A85xYT_%F1%B3%BA%9A)/,ZwR/%F4%88%96%A9)%F2%9F%AF%8A*~k'q/%F3%A9%9C%89xq$M=o$Ts\",\n            \"info\": \"EE}\\\\Qy5Xw\"\n          }\n        }\n      },\n      \"_&$&[M\": {\n        \"name\": \"\",\n        \"ay\": 2017,\n        \"assign\": [],\n        \"match\": {\n          \"pattern\": \"BLD*x\",\n          \"exclude\": [],\n          \"info\": \"y!{yGY$m\"\n        },\n        \"satisfy\": {\n          \"and\": [\n            {\n              \"mc\": \">=185\"\n            },\n            \",J<7P-T\"\n          ]\n        },\n        \"url\": \"https://ke3chgq96pejthe38-8j6wejsbilkevtnmv.rzx-60ncpvwmty4-g8p44nlck3nbkexu-iha3kbt-4lzuh-m7rb30gbxf.s4qzleya3tt6.hoa0nwmn9w5rif0mpp24yb87iqx59hc2y5wbjic7wf3d5yfnzfqgise.dyavy/GE=&6/c==\",\n        \"info\": \"1W\"\n      },\n      \"}\": {\n        \"name\": \".y@$K\",\n        \"assign\": [\n          \"#Z}>ka6\",\n          \"+<NB\",\n          \"o\",\n          \">VQhrg\"\n        ],\n        \"satisfy\": \"e4&\",\n        \"info\": \"\"\n      }\n    }\n  },\n  {\n    \"title\": \"block sample 6\",\n    \"value\": {\n      \"name\": \"E!\",\n      \"ay\": 2027,\n      \"assign\": [\n        \" \"\n      ],\n      \"match\": [\n        {\n          \"and\": []\n        }\n      ],\n      \"url\": \"https://fqau5o993432v4051b6phkt8rerp8jkji5l5pqd1p9gvl.crpy5ihuonqpw84.fgc//rD3/gxwk\",\n      \"info\": \"{!&c&~& \"\n    }\n  },\n  {\n    \"title\": \"block sample 7\",\n    \"value\": {\n      \"name\": \"ag}W|1>C\",\n      \"ay\": 2002,\n      \"assign\": [\n        \",UBfkldLe\",\n        \"}y\",\n        \"0{F:Ga\"\n      ],\n      \"match\": [\n        {\n          \"or\": [\n            {\n              \"pattern\": \"RGx55Y\",\n              \"exclude\": [\n                \"II4x0H\"\n              ],\n              \"info\": \"\"\n            },\n            {\n              \"and\": [\n                \"DY5225A\",\n                \"RQ08B\",\n                {\n                  \"pattern\": \"NZ5\",\n                  \"exclude\": \"YY*x55J\",\n                  \"info\": \"QLm;B7\"\n                }\n              ]\n            },\n            \"DB7*32\",\n            {\n              \"and\": [\n                {\n                  \"and\": [\n                    \"USY6x09\",\n                    \"HA2378D\",\n                    \"OQZ0P\",\n                    \"JA349*U\"\n                  ]\n                },\n                {\n                  \"or\": []\n                },\n                \"YD*18\",\n                \"FP25*O\",\n                \"BM32\"\n              ]\n            }\n          ]\n        },\n        \"FLQ2\",\n        {\n          \"pattern\": \"IKB78\",\n          \"exclude\": []\n        },\n        {\n          \"pattern\": \"EIO052\",\n          \"exclude\": [],\n          \"info\": \"6qJ@x1>:jf\"\n        }\n      ],\n      \"satisfy\": [\n        {\n          \"mc\": \">=5\"\n        },\n        {\n          \"or\": []\n        },\n        {\n          \"or\": [\n            {\n              \"and\": [\n                {\n                  \"or\": [\n                    \"7\"\n                  ]\n                }\n              ]\n            },\n            {\n              \"and\": [\n                {\n                  \"and\": [\n                    {\n                      \"or\": [\n                        {\n                          \"mc\": \"<=37\"\n                        },\n                        {\n                          \"and\": [\n                            {\n                              \"and\": [\n                                \"CFugiBp|\",\n                                \"l\"\n                              ]\n                            }\n                          ]\n                        }\n                      ]\n                    },\n                    \"!# j!}\"\n                  ]\n                },\n                {\n                  \"or\": [\n                    \"\"\n                  ]\n                }\n              ]\n            },\n            \"8/\\\\|gi#-O(\",\n            {\n              \"and\": [\n                {\n                  \"mc\": \">=195\"\n                },\n                {\n                  \"or\": [\n                    \"jnuK\",\n                    {\n                      \"and\": [\n                        \"U\",\n                        \"gv+4l)1D&\",\n                        \"*ktS^ \",\n                        \"+(\",\n                        {\n                          \"mc\": \"<=61\"\n                        }\n                      ]\n                    }\n                  ]\n                }\n              ]\n            }\n          ]\n        },\n        {\n          \"mc\": \"<=171\"\n        }\n      ],\n      \"url\": \"https://zb-cha227usogm3w.xt0isgx4iy80b7h5v4o-8ggxyxalsn0xebibf9z-x9dx6toi5sfaxvxmhzm1.tcxpw/A%F4%82%BE%99WEqkK\",\n      \"info\": \"~$zw6 \",\n      \"ID7:GavY#a\": {\n        \"name\": \"$%l&#4d\\\"R\",\n        \"ay\": 1956,\n        \"assign\": \"!tT\",\n        \"match\": \"WSx2P\",\n        \"satisfy\": \"\",\n        \"url\": \"https://tql0lhtv9g6rg07bg93xnkaxmec11yjqj6wano-5q6.1.saz/e=Eebw7:/@*eej/\",\n        \"info\": \"v\\\"]\"\n      },\n      \"`o\": {\n        \"name\": \"\",\n        \"assign\": \"U*]ao6`tVU\",\n        \"satisfy\": [],\n        \"url\": \"https://wjfh8eklf-rfxmw8l2dgj3gds44s1x1uiu-efg2qky00pnz.eczczoe8o-2mu8jbxdn-x2h98z310eqo02get8ff.ewyab/f&)dq/%F4%8A%90%B1H0T/OCt:/%F3%94%98%ADE=kYt5\",\n        \"30z\": {\n          \"name\": \"AAuk:\",\n          \"assign\": \"\\\"%t\",\n          \"match\": [],\n          \"satisfy\": {\n            \"mc\": \"<=22\"\n          },\n          \"url\": \"http://xrrv25212nlzu.qrk/z/_c\",\n          \"info\": \"L[].-V FR+\"\n        },\n        \"w\": {\n          \"name\": \"Vfz;oI$\",\n          \"ay\": 2029,\n          \"assign\": \"(CLFC$]^.y\",\n          \"match\": [\n            {\n              \"and\": []\n            },\n            \"GU82x1\",\n            {\n              \"and\": []\n            },\n            {\n              \"pattern\": \"HPx7\",\n              \"exclude\": \"RYxI\",\n              \"info\": \"1\"\n            }\n          ],\n          \"satisfy\": {\n            \"mc\": \"<=105\"\n          },\n          \"url\": \"http://lxnw89-lrlhi1hyy-yz2l573c604pt5p0gkyxp71o0onvr.qizd\",\n          \"v/\": {\n            \"name\": \"(\",\n            \"ay\": 1958,\n            \"assign\": \"PXX>h#p/TZ\",\n            \"satisfy\": [],\n            \"info\": \"xU\"\n          },\n          \"\\\"@SlWpIi/\": {\n            \"ay\": 1992,\n            \"assign\": [],\n            \"match\": [\n              \"ZEU0xR\",\n              {\n                \"pattern\": \"KEHx6K\",\n                \"info\": \"V!zd~$v\"\n              },\n              {\n                \"and\": [\n                  {\n                    \"or\": []\n                  }\n                ]\n              },\n              {\n                \"and\": [\n                  {\n                    \"pattern\": \"WK*9G\"\n                  },\n                  {\n                    \"pattern\": \"QNH*0\",\n                    \"exclude\": [\n                      \"FFLx721\"\n                    ],\n                    \"info\": \"=Y\"\n                  }\n                ]\n              }\n            ],\n            \"url\": \"https://sjjou7hf04nsbj.em/=%F3%AE%91%94vfd!G/kE/KcEQ_/oc_/(7/)j1//7A@)ni*72/;x%F2%84%A0%87y*~m_\",\n            \"info\": \"uCb@&#iuG\"\n          },\n          \"KiP\": {\n            \"name\": \"_2\",\n            \"ay\": 1961,\n            \"assign\": \"PP4eN36/\",\n            \"match\": {\n              \"and\": [\n                {\n                  \"pattern\": \"GExF\",\n                  \"exclude\": \"JY6\",\n                  \"info\": \"q-Qp)y\"\n                }\n              ]\n            },\n            \"satisfy\": [\n              {\n                \"mc\": \">=95\"\n              },\n              \"`Ckwj_AJhy\",\n              {\n                \"and\": [\n                  {\n                    \"mc\": \"<=99\"\n                  },\n                  {\n                    \"and\": [\n                      \"?D)&#fL~Bd\"\n                    ]\n                  },\n                  \"BkEv\"\n                ]\n              },\n              {\n                \"or\": [\n                  {\n                    \"and\": [\n                      \"S}\",\n                      {\n                        \"or\": []\n                      }\n                    ]\n                  },\n                  \"UyJ%.tye\"\n                ]\n              }\n            ],\n            \"url\": \"https://mliqzcf9heh.t.qdzo/O$%F3%9A%A1%AA4Y!9z/y%F4%87%91%A0X%F1%9D%A7%9FEJ9/,'z%F2%9B%AF%9BOpLmj6//J/Ln'se5a2/Uw/G+%F0%93%8E%99I\",\n            \"info\": \"d~gR+4n>\"\n          },\n          \"mi#nTV\": {\n            \"name\": \"DV)q(R?\",\n            \"ay\": 2024,\n            \"assign\": [\n              \"Lg%PLyg.l\",\n              \"Yl-d\",\n              \"nK\"\n            ],\n            \"satisfy\": [\n              \"O:TPwo!+Z\"\n            ],\n            \"url\": \"http://46hatuhm5-rr3sv9i0kj9oq62n5xqo9kme-mvi4720uaw2zs9g4u-khocdzk3w.cgfk-mt0urysy279uxju1hnan11jcsa5vyaak6y5ube4n5b1k1o3sl4f.pvmf/lD1uyJ//).~&/JA~\"\n          },\n          \"jZeaoA(~D\": {\n            \"name\": \"YIyl\",\n            \"ay\": 1978,\n            \"assign\": \"T}ajwgiE\",\n            \"match\": [\n              \"IMK42\",\n              \"DPE8\"\n            ],\n            \"satisfy\": {\n              \"mc\": \">=7\"\n            },\n            \"info\": \"Vi1WI%PQ\",\n            \"kq+2~nl5]\": {\n              \"name\": \"O+LK\\\"n\",\n              \"ay\": 1974,\n              \"match\": [\n                \"BN3x\"\n              ],\n              \"satisfy\": {\n                \"and\": [\n                  {\n                    \"mc\": \">=187\"\n                  },\n                  {\n                    \"or\": []\n                  }\n                ]\n              },\n              \"url\": \"http://1dkgrbkx.74u62jtepnjm4-nx3b99dvoegl-jk05d-dfzofb-nuf7-y8kgva71fjy1o7.admgt7ddi4vdymr6.x.avbh9x.qjjfccfg/H.O/VMnD_V*Nn/q;ANn%F3%AF%89%88n/2Oq\"\n            },\n            \"y`s4(]Q\": {\n              \"name\": \")>v/Y$V\",\n              \"ay\": 1995,\n              \"assign\": [],\n              \"match\": {\n                \"or\": [\n                  {\n                    \"or\": []\n                  }\n                ]\n              },\n              \"url\": \"http://e.0zw7eytrq15ag18a0ork5-ccots2.o.2gzlzg2vq8s6vxiujcv9y04z0kypgprz2ypry7gq.smlaki/%F0%9E%A7%92/!oDr=/R%F1%A6%97%AC/%F3%88%80%ACnpnvuB/!d/_/0jb3a@%F1%B7%93%B3/4Gf1\",\n              \"info\": \"M0\"\n            },\n            \"6M;Qq\": {\n              \"name\": \"\",\n              \"ay\": 1973,\n              \"assign\": \"\",\n              \"match\": [],\n              \"satisfy\": [\n                \"pr+fK\",\n                {\n                  \"and\": []\n                },\n                {\n                  \"mc\": \">=111\"\n                }\n              ],\n              \"url\": \"http://kuuq4kewl0n9xnn.1lt3lty69k06ia-3kzrqje28qb-nwzynuz6ruk5frnz96z5z3.4.opchkghkkb9y4o22kvibue3-xkjog.nrf8y46mlijyfdndntfi.qenthmgbk/%F3%9A%BF%AF/%F1%B3%87%8D/gnHHn%F1%91%99%88r/Csxi%E8%B2%89X7Q*O/%F2%87%85%AE/Z9/EPr(%F3%BD%81%AAM$0\"\n            },\n            \"6&6*\": {\n              \"name\": \"g>U/#n\",\n              \"ay\": 1966,\n              \"match\": [\n                \"CW1308G\",\n                {\n                  \"and\": [\n                    {\n                      \"pattern\": \"DF1474N\",\n                      \"exclude\": \"VZ98\",\n                      \"info\": \"J6([\"\n                    },\n                    {\n                      \"or\": [\n                        \"LP38N\",\n                        \"QF6L\",\n                        {\n                          \"and\": [\n                            \"GVF9T\",\n                            \"PR622B\",\n                            \"UMEx81W\",\n                            {\n                              \"and\": []\n                            }\n                          ]\n                        },\n                        {\n                          \"pattern\": \"TP852\",\n                          \"exclude\": \"WL9xZ\",\n                          \"info\": \">b+Pf=u\"\n                        },\n                        {\n                          \"and\": []\n                        }\n                      ]\n                    },\n                    {\n                      \"pattern\": \"LYN105L\",\n                      \"exclude\": \"TV6x91\"\n                    },\n                    {\n                      \"pattern\": \"UEW5446\",\n                      \"exclude\": []\n                    }\n                  ]\n                }\n              ],\n              \"satisfy\": [\n                {\n                  \"and\": []\n                },\n                \"n9\"\n              ],\n              \"info\": \"5aRyi\"\n            }\n          }\n        }\n      },\n      \">Ge\": {\n        \"name\": \"$z\",\n        \"ay\": 1951,\n        \"assign\": [],\n        \"match\": [\n          \"YB779\",\n          \"FHL754H\"\n        ],\n        \"url\": \"https://7gotr2i2fsclpvis6c36h.p.9f.7zuywf7.eh///a.CB/m%F3%A8%A5%B6C3iz;7/nX:YYD\",\n        \"info\": \"'\"\n      }\n    }\n  },\n  {\n    \"title\": \"block sample 8\",\n    \"value\": {\n      \"name\": \"h\",\n      \"ay\": 1952,\n      \"assign\": [\n        \"{\"\n      ],\n      \"url\": \"http://7czal5a.6ie9n8-fo7m7eve9g1ahb.b8djj.qjwrnhqlt/.Xg%F1%AC%86%80/((KX/enaDY,A9&u/l0m:f\",\n      \"info\": \"W}83y^\"\n    }\n  },\n  {\n    \"title\": \"block sample 9\",\n    \"value\": {\n      \"name\": \"WSxWl\",\n      \"ay\": 1968,\n      \"assign\": \"s\\\"PHDu)N\",\n      \"match\": \"IS8\",\n      \"satisfy\": \"\",\n      \"url\": \"http://aseskqhv.a.cpej/*g%2ev_gcHVf/uU_q852/l/$u@zo/D/dS%F2%AB%9A%AD\",\n      \"info\": \"I\"\n    }\n  }\n]",
              "code": "fast_check_1.sample(index_test_2.block, 10).forEach((sample, i) => addContext_1.default(this, {\n    title: `block sample ${i}`,\n    value: sample,\n}));\nreturn fast_check_1.assert(fast_check_1.property(index_test_2.block, ajvValidate));",
              "err": {},
              "uuid": "a8254f01-bbf6-4018-8b6a-be6b567030a9",
              "parentUUID": "82cfc650-37a6-4406-9aa1-ae8d2164a9bd",
              "isHook": false,
              "skipped": false
            },
            {
              "title": "should not validate non-object",
              "fullTitle": "blockSchema should not validate non-object",
              "timedOut": false,
              "duration": 1,
              "state": "passed",
              "speed": "fast",
              "pass": true,
              "fail": false,
              "pending": false,
              "context": null,
              "code": "const error = {\n    instancePath: \"\",\n    message: \"block should be an object\",\n};\nisInvalidBlock(null, error);\nisInvalidBlock(undefined, error);\nisInvalidBlock(10, error);\nisInvalidBlock([12, 24], error);\nisInvalidBlock(\"abc\", error);",
              "err": {},
              "uuid": "cdd085b6-5c5f-4f48-a90a-2f3ff793c602",
              "parentUUID": "82cfc650-37a6-4406-9aa1-ae8d2164a9bd",
              "isHook": false,
              "skipped": false
            },
            {
              "title": "should not validate block with invalid properties",
              "fullTitle": "blockSchema should not validate block with invalid properties",
              "timedOut": false,
              "duration": 0,
              "state": "passed",
              "speed": "fast",
              "pass": true,
              "fail": false,
              "pending": false,
              "context": null,
              "code": "isInvalidBlock({\n        name: { foo: \"bar\" },\n        ay: -1000,\n        assign: {},\n        match: 1,\n        satisfy: 2,\n        url: { abc: \"def\" },\n        info: 42,\n    }, { instancePath: \"/name\", message: \"property 'name' should be a string\" }, {\n        instancePath: \"/ay\",\n        message: \"property 'ay' should be a positive integer\",\n    }, {\n        instancePath: \"/assign\",\n        message: \"property 'assign' should be either a block ID or an array of block IDs\",\n    }, {\n        instancePath: \"/match\",\n        message: \"property 'match' should be either a match rule or an array of match rules\",\n    }, {\n        instancePath: \"/satisfy\",\n        message: \"property 'satisfy' should be either a satisfy rule or an array of satisfy rules\",\n    }, { instancePath: \"/url\", message: \"property 'url' should be a string\" }, { instancePath: \"/info\", message: \"property 'info' should be a string\" })",
              "err": {},
              "uuid": "897bbcc1-35e8-4601-a540-dd72e9806208",
              "parentUUID": "82cfc650-37a6-4406-9aa1-ae8d2164a9bd",
              "isHook": false,
              "skipped": false
            }
          ],
          "suites": [],
          "passes": [
            "a8254f01-bbf6-4018-8b6a-be6b567030a9",
            "cdd085b6-5c5f-4f48-a90a-2f3ff793c602",
            "897bbcc1-35e8-4601-a540-dd72e9806208"
          ],
          "failures": [],
          "pending": [],
          "skipped": [],
          "duration": 223,
          "root": false,
          "rootEmpty": false,
          "_timeout": 2000
        },
        {
          "uuid": "7c7a38cd-e7d8-4d73-88dc-befd78cfdd60",
          "title": "patternSchema",
          "fullFile": "/home/runner/work/planwithus-lib/planwithus-lib/src/matchRule/pattern/schemas.test.ts",
          "file": "/src/matchRule/pattern/schemas.test.ts",
          "beforeHooks": [],
          "afterHooks": [],
          "tests": [
            {
              "title": "should validate non-empty pattern composed of A-Z, 0-9, x or *",
              "fullTitle": "patternSchema should validate non-empty pattern composed of A-Z, 0-9, x or *",
              "timedOut": false,
              "duration": 1,
              "state": "passed",
              "speed": "fast",
              "pass": true,
              "fail": false,
              "pending": false,
              "context": "[\n  {\n    \"title\": \"pattern sample 0\",\n    \"value\": \"AR9\"\n  },\n  {\n    \"title\": \"pattern sample 1\",\n    \"value\": \"ONUx9\"\n  },\n  {\n    \"title\": \"pattern sample 2\",\n    \"value\": \"LA2\"\n  },\n  {\n    \"title\": \"pattern sample 3\",\n    \"value\": \"GC4B\"\n  },\n  {\n    \"title\": \"pattern sample 4\",\n    \"value\": \"TC255\"\n  },\n  {\n    \"title\": \"pattern sample 5\",\n    \"value\": \"RLT5\"\n  },\n  {\n    \"title\": \"pattern sample 6\",\n    \"value\": \"RYA1\"\n  },\n  {\n    \"title\": \"pattern sample 7\",\n    \"value\": \"OM139*\"\n  },\n  {\n    \"title\": \"pattern sample 8\",\n    \"value\": \"PG19I\"\n  },\n  {\n    \"title\": \"pattern sample 9\",\n    \"value\": \"UTY200E\"\n  }\n]",
              "code": "fast_check_1.sample(index_test_2.pattern, 10).forEach((sample, i) => addContext_1.default(this, {\n    title: `pattern sample ${i}`,\n    value: sample,\n}));\nreturn fast_check_1.assert(fast_check_1.property(index_test_2.pattern, ajvValidate), {\n    examples: [[\"*\"], [\"ACC1002\"], [\"IS1103\"], [\"CS1231S\"], [\"MA1102R\"]],\n});",
              "err": {},
              "uuid": "29c57d63-148a-40a6-a8d2-25969e6a1307",
              "parentUUID": "7c7a38cd-e7d8-4d73-88dc-befd78cfdd60",
              "isHook": false,
              "skipped": false
            },
            {
              "title": "should not validate empty pattern",
              "fullTitle": "patternSchema should not validate empty pattern",
              "timedOut": false,
              "duration": 0,
              "state": "passed",
              "speed": "fast",
              "pass": true,
              "fail": false,
              "pending": false,
              "context": null,
              "code": "isInvalidPattern(\"\")",
              "err": {},
              "uuid": "da07e7fc-40ad-449a-9e62-f4fb5efa3f86",
              "parentUUID": "7c7a38cd-e7d8-4d73-88dc-befd78cfdd60",
              "isHook": false,
              "skipped": false
            },
            {
              "title": "should not validate pattern with invalid characters",
              "fullTitle": "patternSchema should not validate pattern with invalid characters",
              "timedOut": false,
              "duration": 1,
              "state": "passed",
              "speed": "fast",
              "pass": true,
              "fail": false,
              "pending": false,
              "context": null,
              "code": "[\"AB123a\", \"Ac123a\", \"AB123^S\", \"AB1*3^S\", \"$A1*3^S\", \"/A1x33S\"].forEach(isInvalidPattern)",
              "err": {},
              "uuid": "9f730c88-f8c8-45ae-a27a-08bd0d391825",
              "parentUUID": "7c7a38cd-e7d8-4d73-88dc-befd78cfdd60",
              "isHook": false,
              "skipped": false
            }
          ],
          "suites": [],
          "passes": [
            "29c57d63-148a-40a6-a8d2-25969e6a1307",
            "da07e7fc-40ad-449a-9e62-f4fb5efa3f86",
            "9f730c88-f8c8-45ae-a27a-08bd0d391825"
          ],
          "failures": [],
          "pending": [],
          "skipped": [],
          "duration": 2,
          "root": false,
          "rootEmpty": false,
          "_timeout": 2000
        },
        {
          "uuid": "7ab87f18-b205-4291-b8ff-afd02319ba74",
          "title": "matchRuleSchema",
          "fullFile": "/home/runner/work/planwithus-lib/planwithus-lib/src/matchRule/schemas.test.ts",
          "file": "/src/matchRule/schemas.test.ts",
          "beforeHooks": [],
          "afterHooks": [],
          "tests": [
            {
              "title": "should validate match rule with valid pattern",
              "fullTitle": "matchRuleSchema should validate match rule with valid pattern",
              "timedOut": false,
              "duration": 2,
              "state": "passed",
              "speed": "fast",
              "pass": true,
              "fail": false,
              "pending": false,
              "context": "[\n  {\n    \"title\": \"pattern sample 0\",\n    \"value\": \"DU0Z\"\n  },\n  {\n    \"title\": \"pattern sample 1\",\n    \"value\": \"WK0\"\n  },\n  {\n    \"title\": \"pattern sample 2\",\n    \"value\": \"WR6x\"\n  },\n  {\n    \"title\": \"pattern sample 3\",\n    \"value\": \"NQL*986Y\"\n  },\n  {\n    \"title\": \"pattern sample 4\",\n    \"value\": \"LOCx50\"\n  },\n  {\n    \"title\": \"pattern sample 5\",\n    \"value\": \"XJS8x\"\n  },\n  {\n    \"title\": \"pattern sample 6\",\n    \"value\": \"KH400E\"\n  },\n  {\n    \"title\": \"pattern sample 7\",\n    \"value\": \"LDO5\"\n  },\n  {\n    \"title\": \"pattern sample 8\",\n    \"value\": \"XQE89\"\n  },\n  {\n    \"title\": \"pattern sample 9\",\n    \"value\": \"SUx\"\n  }\n]",
              "code": "fast_check_1.sample(index_test_3.pattern, 10).forEach((sample, i) => addContext_1.default(this, {\n    title: `pattern sample ${i}`,\n    value: sample,\n}));\nreturn fast_check_1.assert(fast_check_1.property(index_test_3.pattern, ajvValidate));",
              "err": {},
              "uuid": "d6380f08-c0c8-48ac-a8e9-3da72fac45d1",
              "parentUUID": "7ab87f18-b205-4291-b8ff-afd02319ba74",
              "isHook": false,
              "skipped": false
            },
            {
              "title": "should validate match rules with valid pattern, exclude and info",
              "fullTitle": "matchRuleSchema should validate match rules with valid pattern, exclude and info",
              "timedOut": false,
              "duration": 4,
              "state": "passed",
              "speed": "fast",
              "pass": true,
              "fail": false,
              "pending": false,
              "context": "[\n  {\n    \"title\": \"patternMatchRule sample 0\",\n    \"value\": {\n      \"pattern\": \"HPS99R\",\n      \"exclude\": [\n        \"QDL65G\",\n        \"HT2\"\n      ],\n      \"info\": \"(-\"\n    }\n  },\n  {\n    \"title\": \"patternMatchRule sample 1\",\n    \"value\": {\n      \"pattern\": \"WD5Q\",\n      \"exclude\": [\n        \"BHB81*O\",\n        \"XU1G\",\n        \"KQ8\",\n        \"JTR2739\"\n      ],\n      \"info\": \"\"\n    }\n  },\n  {\n    \"title\": \"patternMatchRule sample 2\",\n    \"value\": {\n      \"pattern\": \"LQ909B\",\n      \"exclude\": \"GTM1\"\n    }\n  },\n  {\n    \"title\": \"patternMatchRule sample 3\",\n    \"value\": {\n      \"pattern\": \"NOA30*9\",\n      \"exclude\": [\n        \"YUY0Y\",\n        \"GI5x1\",\n        \"AE*3\",\n        \"JOx645\"\n      ],\n      \"info\": \"|%gP\\\"\"\n    }\n  },\n  {\n    \"title\": \"patternMatchRule sample 4\",\n    \"value\": {\n      \"pattern\": \"MOx96\",\n      \"exclude\": \"CQL*x9O\",\n      \"info\": \"8|#J[<|{\"\n    }\n  },\n  {\n    \"title\": \"patternMatchRule sample 5\",\n    \"value\": {\n      \"pattern\": \"YZ3627L\",\n      \"exclude\": \"XY77\",\n      \"info\": \"FOh\\\\2y\"\n    }\n  },\n  {\n    \"title\": \"patternMatchRule sample 6\",\n    \"value\": {\n      \"pattern\": \"LB33I\",\n      \"exclude\": [\n        \"JJF*431\",\n        \"RS62xN\"\n      ],\n      \"info\": \"rx&\"\n    }\n  },\n  {\n    \"title\": \"patternMatchRule sample 7\",\n    \"value\": {\n      \"pattern\": \"JHH01*9\",\n      \"exclude\": [\n        \"XAV**x3\",\n        \"NGE*4D\",\n        \"XZA5xD\",\n        \"EG31xxY\"\n      ],\n      \"info\": \"G\"\n    }\n  },\n  {\n    \"title\": \"patternMatchRule sample 8\",\n    \"value\": {\n      \"pattern\": \"DTx6\",\n      \"exclude\": [\n        \"RMN94\",\n        \"SPL*L\",\n        \"DZ9S\",\n        \"POx7\"\n      ],\n      \"info\": \">\"\n    }\n  },\n  {\n    \"title\": \"patternMatchRule sample 9\",\n    \"value\": {\n      \"pat
[...]
              "fail": false,
              "pending": false,
              "context": null,
              "code": "const message = \"property 'exclude' should be either a pattern or an array of patterns\";\nisInvalidRule({\n    or: [\n        { pattern: \"CS2101\", exclude: {} },\n        { pattern: \"CS2101\", exclude: 5 },\n    ],\n}, { instancePath: \"/or/0/exclude\", message }, { instancePath: \"/or/1/exclude\", message });",
              "err": {},
              "uuid": "66dae17d-86fc-46c4-a52a-e814e88a4155",
              "parentUUID": "7ab87f18-b205-4291-b8ff-afd02319ba74",
              "isHook": false,
              "skipped": false
            },
            {
              "title": "should not validate pattern match rule with non-string info",
              "fullTitle": "matchRuleSchema should not validate pattern match rule with non-string info",
              "timedOut": false,
              "duration": 1,
              "state": "passed",
              "speed": "fast",
              "pass": true,
              "fail": false,
              "pending": false,
              "context": null,
              "code": "const message = \"property 'info' should be a string\";\nisInvalidRule({ pattern: \"CS2101\", info: 42 }, { instancePath: \"/info\", message });",
              "err": {},
              "uuid": "27dbdc3e-e319-47ea-97e7-9aded615f343",
              "parentUUID": "7ab87f18-b205-4291-b8ff-afd02319ba74",
              "isHook": false,
              "skipped": false
            },
            {
              "title": "should not validate and match rules with non-array property",
              "fullTitle": "matchRuleSchema should not validate and match rules with non-array property",
              "timedOut": false,
              "duration": 0,
              "state": "passed",
              "speed": "fast",
              "pass": true,
              "fail": false,
              "pending": false,
              "context": null,
              "code": "const message = \"property 'and' should be an array of match rules\";\nisInvalidRule({ or: [{ and: {} }, { or: [{ and: 3 }] }] }, { instancePath: \"/or/0/and\", message }, { instancePath: \"/or/1/or/0/and\", message });",
              "err": {},
              "uuid": "28db6249-30ff-49db-b34d-ef43926ae3b2",
              "parentUUID": "7ab87f18-b205-4291-b8ff-afd02319ba74",
              "isHook": false,
              "skipped": false
            },
            {
              "title": "should not validate or match rules with non-array property",
              "fullTitle": "matchRuleSchema should not validate or match rules with non-array property",
              "timedOut": false,
              "duration": 1,
              "state": "passed",
              "speed": "fast",
              "pass": true,
              "fail": false,
              "pending": false,
              "context": null,
              "code": "const message = \"property 'or' should be an array of match rules\";\nisInvalidRule({ or: [{ or: {} }, { and: [{ or: 3 }] }] }, { instancePath: \"/or/0/or\", message }, { instancePath: \"/or/1/and/0/or\", message });",
              "err": {},
              "uuid": "1b11480e-a39b-4d97-b60a-4b83d20a349a",
              "parentUUID": "7ab87f18-b205-4291-b8ff-afd02319ba74",
              "isHook": false,
              "skipped": false
            }
          ],
          "suites": [],
          "passes": [
            "d6380f08-c0c8-48ac-a8e9-3da72fac45d1",
            "ab65d197-4ba1-43e6-8b95-800a850d6c0d",
            "b6c20b8d-b414-408d-80f7-2e1c3a0c8a57",
            "9f1b6185-e29b-4cf8-90a2-761e52806397",
            "238cafbd-9dd3-44df-be28-eb62786e0f6e",
            "431ab9ca-357a-4616-bc67-2405e97c6ba7",
            "8245f043-12b0-4fd6-bde5-6070985d3a84",
            "66dae17d-86fc-46c4-a52a-e814e88a4155",
            "27dbdc3e-e319-47ea-97e7-9aded615f343",
            "28db6249-30ff-49db-b34d-ef43926ae3b2",
            "1b11480e-a39b-4d97-b60a-4b83d20a349a"
          ],
          "failures": [],
          "pending": [],
          "skipped": [],
          "duration": 16,
          "root": false,
          "rootEmpty": false,
          "_timeout": 2000
        },
        {
          "uuid": "6f7b5bc1-800e-4dac-8c94-9040cce0f361",
          "title": "inequalitySchema",
          "fullFile": "/home/runner/work/planwithus-lib/planwithus-lib/src/satisfyRule/inequality/schemas.test.ts",
          "file": "/src/satisfyRule/inequality/schemas.test.ts",
          "beforeHooks": [],
          "afterHooks": [],
          "tests": [
            {
              "title": "should validate inequality in the form <=n or >=n",
              "fullTitle": "inequalitySchema should validate inequality in the form <=n or >=n",
              "timedOut": false,
              "duration": 1,
              "state": "passed",
              "speed": "fast",
              "pass": true,
              "fail": false,
              "pending": false,
              "context": "[\n  {\n    \"title\": \"inequality sample 0\",\n    \"value\": \"<=155\"\n  },\n  {\n    \"title\": \"inequality sample 1\",\n    \"value\": \">=137\"\n  },\n  {\n    \"title\": \"inequality sample 2\",\n    \"value\": \"<=7\"\n  },\n  {\n    \"title\": \"inequality sample 3\",\n    \"value\": \">=199\"\n  },\n  {\n    \"title\": \"inequality sample 4\",\n    \"value\": \">=2\"\n  },\n  {\n    \"title\": \"inequality sample 5\",\n    \"value\": \">=3\"\n  },\n  {\n    \"title\": \"inequality sample 6\",\n    \"value\": \">=65\"\n  },\n  {\n    \"title\": \"inequality sample 7\",\n    \"value\": \"<=174\"\n  },\n  {\n    \"title\": \"inequality sample 8\",\n    \"value\": \"<=2\"\n  },\n  {\n    \"title\": \"inequality sample 9\",\n    \"value\": \"<=142\"\n  }\n]",
              "code": "fast_check_1.sample(index_test_2.inequality, 10).forEach((sample, i) => addContext_1.default(this, {\n    title: `inequality sample ${i}`,\n    value: sample,\n}));\nreturn fast_check_1.assert(fast_check_1.property(index_test_2.inequality, ajvValidate));",
              "err": {},
              "uuid": "586ee6e6-20b5-4fde-a6cd-8ffbfca5ec79",
              "parentUUID": "6f7b5bc1-800e-4dac-8c94-9040cce0f361",
              "isHook": false,
              "skipped": false
            },
            {
              "title": "should not validate inequality of invalid form",
              "fullTitle": "inequalitySchema should not validate inequality of invalid form",
              "timedOut": false,
              "duration": 1,
              "state": "passed",
              "speed": "fast",
              "pass": true,
              "fail": false,
              "pending": false,
              "context": null,
              "code": "[\n        \"\",\n        \"==23\",\n        \"23\",\n        \"<23\",\n        \">23\",\n        \"<=-1\",\n        \">=-1\",\n        \"<= 2\",\n        \">= 1\",\n        \"> 3\",\n        \"< 3\",\n        \"<=3a\",\n        \">=3a\",\n        \"a<=3\",\n        \"a>=3\",\n    ].forEach(isInvalidInequality)",
              "err": {},
              "uuid": "9a6afa91-262b-4b0f-a7a8-d4e637d46c7f",
              "parentUUID": "6f7b5bc1-800e-4dac-8c94-9040cce0f361",
              "isHook": false,
              "skipped": false
            }
          ],
          "suites": [],
          "passes": [
            "586ee6e6-20b5-4fde-a6cd-8ffbfca5ec79",
            "9a6afa91-262b-4b0f-a7a8-d4e637d46c7f"
          ],
          "failures": [],
          "pending": [],
          "skipped": [],
          "duration": 2,
          "root": false,
          "rootEmpty": false,
          "_timeout": 2000
        },
        {
          "uuid": "b76a79d0-bdf9-47e7-839d-4a0f7ffea4f2",
          "title": "satisfyRuleSchema",
          "fullFile": "/home/runner/work/planwithus-lib/planwithus-lib/src/satisfyRule/schemas.test.ts",
          "file": "/src/satisfyRule/schemas.test.ts",
          "beforeHooks": [],
          "afterHooks": [],
          "tests": [
            {
              "title": "should validate satisfy rule with valid block id",
              "fullTitle": "satisfyRuleSchema should validate satisfy rule with valid block id",
              "timedOut": false,
              "duration": 1,
              "state": "passed",
              "speed": "fast",
              "pass": true,
              "fail": false,
              "pending": false,
              "context": null,
              "code": "fast_check_1.assert(fast_check_1.property(fast_check_1.string(), ajvValidate)",
              "err": {},
              "uuid": "435ef9fa-9e69-4e1b-a070-61e7ac56117c",
              "parentUUID": "b76a79d0-bdf9-47e7-839d-4a0f7ffea4f2",
              "isHook": false,
              "skipped": false
            },
            {
              "title": "should validate satisfy rules with valid mc",
              "fullTitle": "satisfyRuleSchema should validate satisfy rules with valid mc",
              "timedOut": false,
              "duration": 2,
              "state": "passed",
              "speed": "fast",
              "pass": true,
              "fail": false,
              "pending": false,
              "context": "[\n  {\n    \"title\": \"mcSatisfyRule sample 0\",\n    \"value\": {\n      \"mc\": \">=1\"\n    }\n  },\n  {\n    \"title\": \"mcSatisfyRule sample 1\",\n    \"value\": {\n      \"mc\": \">=44\"\n    }\n  },\n  {\n    \"title\": \"mcSatisfyRule sample 2\",\n    \"value\": {\n      \"mc\": \"<=195\"\n    }\n  },\n  {\n    \"title\": \"mcSatisfyRule sample 3\",\n    \"value\": {\n      \"mc\": \">=2\"\n    }\n  },\n  {\n    \"title\": \"mcSatisfyRule sample 4\",\n    \"value\": {\n      \"mc\": \">=166\"\n    }\n  },\n  {\n    \"title\": \"mcSatisfyRule sample 5\",\n    \"value\": {\n      \"mc\": \"<=1\"\n    }\n  },\n  {\n    \"title\": \"mcSatisfyRule sample 6\",\n    \"value\": {\n      \"mc\": \"<=112\"\n    }\n  },\n  {\n    \"title\": \"mcSatisfyRule sample 7\",\n    \"value\": {\n      \"mc\": \"<=67\"\n    }\n  },\n  {\n    \"title\": \"mcSatisfyRule sample 8\",\n    \"value\": {\n      \"mc\": \"<=4\"\n    }\n  },\n  {\n    \"title\": \"mcSatisfyRule sample 9\",\n    \"value\": {\n      \"mc\": \">=26\"\n    }\n  }\n]",
              "code": "fast_check_1.sample(index_test_2.mcSatisfyRule, 10).forEach((sample, i) => addContext_1.default(this, {\n    title: `mcSatisfyRule sample ${i}`,\n    value: sample,\n}));\nreturn fast_check_1.assert(fast_check_1.property(index_test_2.mcSatisfyRule, ajvValidate));",
              "err": {},
              "uuid": "af508d54-1d72-4de6-a5b1-15c15c11e644",
              "parentUUID": "b76a79d0-bdf9-47e7-839d-4a0f7ffea4f2",
              "isHook": false,
              "skipped": false
            },
            {
              "title": "should validate valid recursive satisfy rules",
              "fullTitle": "satisfyRuleSchema should validate valid recursive satisfy rules",
              "timedOut": false,
              "duration": 5,
              "state": "passed",
              "speed": "fast",
              "pass": true,
              "fail": false,
              "pending": false,
              "context": "[\n  {\n    \"title\": \"satisfyRule sample 0\",\n    \"value\": \"4z\"\n  },\n  {\n    \"title\": \"satisfyRule sample 1\",\n    \"value\": {\n      \"and\": [\n        {\n          \"and\": []\n        },\n        {\n          \"or\": []\n        },\n        {\n          \"mc\": \">=196\"\n        },\n        {\n          \"and\": [\n            \"X<k: k,F\\\"\"\n          ]\n        }\n      ]\n    }\n  },\n  {\n    \"title\": \"satisfyRule sample 2\",\n    \"value\": {\n      \"or\": [\n        \",8[y\\\"{AOL_\",\n        {\n          \"mc\": \">=63\"\n        },\n        {\n          \"or\": [\n            \"yC&U}D\",\n            \"1z!\",\n            {\n              \"or\": [\n                \"$lN[&f\"\n              ]\n            }\n          ]\n        },\n        \"_Bb\\\\f+/\"\n      ]\n    }\n  },\n  {\n    \"title\": \"satisfyRule sample 3\",\n    \"value\": {\n      \"mc\": \"<=195\"\n    }\n  },\n  {\n    \"title\": \"satisfyRule sample 4\",\n    \"value\": {\n      \"mc\": \">=168\"\n    }\n  },\n  {\n    \"title\": \"satisfyRule sample 5\",\n    \"value\": {\n      \"and\": [\n        {\n          \"mc\": \">=35\"\n        },\n        \"{!x\",\n        \"?\",\n        {\n          \"and\": [\n            {\n              \"or\": [\n                \">f>\",\n                \";DU^h\",\n                {\n                  \"mc\": \">=49\"\n                },\n                \"Kkl6:,ki@\"\n              ]\n            },\n            {\n              \"mc\": \"<=37\"\n            }\n          ]\n        },\n        {\n          \"mc\": \">=4\"\n        }\n      ]\n    }\n  },\n  {\n    \"title\": \"satisfyRule sample 6\",\n    \"value\": {\n      \"mc\": \"<=5\"\n    }\n  },\n  {\n    \"title\": \"satisfyRule sample 7\",\n    \"value\": {\n      \"mc\": \">=1\"\n    }\n  },\n  {\n    \"title\": \"satisfyRule sample 8\",\n    \"value\": \"K4LUH4\"\n  },\n  {\n    \"title\": \"satisfyRule sample 9\",\n    \"value\": {\n      \"and\": []\n    }\n  }\n]",
              "code": "fast_check_1.sample(index_test_2.satisfyRule, 10).forEach((sample, i) => addContext_1.default(this, {\n    title: `satisfyRule sample ${i}`,\n    value: sample,\n}));\nreturn fast_check_1.assert(fast_check_1.property(index_test_2.satisfyRule, ajvValidate));",
              "err": {},
              "uuid": "8a9111b2-8c29-4c4e-b464-901bbf36e509",
              "parentUUID": "b76a79d0-bdf9-47e7-839d-4a0f7ffea4f2",
              "isHook": false,
              "skipped": false
            },
            {
              "title": "should not validate non-string/object",
              "fullTitle": "satisfyRuleSchema should not validate non-string/object",
              "timedOut": false,
              "duration": 1,
              "state": "passed",
              "speed": "fast",
              "pass": true,
              "fail": false,
              "pending": false,
              "context": null,
              "code": "const error = {\n    instancePath: \"\",\n    message: \"satisfy rule should be either a string or an object\",\n};\nisInvalidRule(null, error);\nisInvalidRule(undefined, error);\nisInvalidRule(10, error);\nisInvalidRule([12, 24], error);",
              "err": {},
              "uuid": "bac2f75a-742b-40b0-a9c4-4ac8ee1940be",
              "parentUUID": "b76a79d0-bdf9-47e7-839d-4a0f7ffea4f2",
              "isHook": false,
              "skipped": false
            },
            {
              "title": "should not validate satisfy rules with extra properties",
              "fullTitle": "satisfyRuleSchema should not validate satisfy rules with extra properties",
              "timedOut": false,
              "duration": 1,
              "state": "passed",
              "speed": "fast",
              "pass": true,
              "fail": false,
              "pending": false,
              "context": null,
              "code": "isInvalidRule({\n        and: [\n            { or: [\"2k\"], abc: \"def\" },\n            { mc: 8, ghi: \"jkl\" },\n        ],\n        mno: \"pqr\",\n    }, {\n        instancePath: \"/and/0\",\n        message: \"or satisfy rule should have property 'or' only\",\n    }, {\n        instancePath: \"/and/1\",\n        message: \"MC satisfy rule should have property 'mc' only\",\n    }, {\n        instancePath: \"\",\n        message: \"and satisfy rule should have property 'and' only\",\n    })",
              "err": {},
              "uuid": "d473ab77-0505-4ffa-b48b-471b553d3474",
              "parentUUID": "b76a79d0-bdf9-47e7-839d-4a0f7ffea4f2",
              "isHook": false,
              "skipped": false
            },
            {
              "title": "should not validate ambiguous satisfy rules",
              "fullTitle": "satisfyRuleSchema should not validate ambiguous satisfy rules",
              "timedOut": false,
              "duration": 0,
              "state": "passed",
              "speed": "fast",
              "pass": true,
              "fail": false,
              "pending": false,
              "context": null,
              "code": "const message = \"satisfy rule should have only one of properties 'mc', 'and', 'or'\";\nisInvalidRule({\n    or: [\n        { mc: 5, and: [\"CS2040\"] },\n        { and: [{ and: [\"abc\"], or: [\"def\"] }] },\n    ],\n}, { instancePath: \"/or/0\", message }, { instancePath: \"/or/1/and/0\", message });",
              "err": {},
              "uuid": "b86dda0d-ff34-47f7-a793-79b088e3f485",
              "parentUUID": "b76a79d0-bdf9-47e7-839d-4a0f7ffea4f2",
              "isHook": false,
              "skipped": false
            },
            {
              "title": "should not validate and satisfy rules with non-array property",
              "fullTitle": "satisfyRuleSchema should not validate and satisfy rules with non-array property",
              "timedOut": false,
              "duration": 1,
              "state": "passed",
              "speed": "fast",
              "pass": true,
              "fail": false,
              "pending": false,
              "context": null,
              "code": "const message = \"property 'and' should be an array of satisfy rules\";\nisInvalidRule({ or: [{ and: {} }, { or: [{ and: 3 }] }] }, { instancePath: \"/or/0/and\", message }, { instancePath: \"/or/1/or/0/and\", message });",
              "err": {},
              "uuid": "d9d9ba7d-4bc5-496c-9131-62d44753a539",
              "parentUUID": "b76a79d0-bdf9-47e7-839d-4a0f7ffea4f2",
              "isHook": false,
              "skipped": false
            },
            {
              "title": "should not validate or satisfy rules with non-array property",
              "fullTitle": "satisfyRuleSchema should not validate or satisfy rules with non-array property",
              "timedOut": false,
              "duration": 0,
              "state": "passed",
              "speed": "fast",
              "pass": true,
              "fail": false,
              "pending": false,
              "context": null,
              "code": "const message = \"property 'or' should be an array of satisfy rules\";\nisInvalidRule({ and: [{ or: {} }, { and: [{ or: 3 }] }] }, { instancePath: \"/and/0/or\", message }, { instancePath: \"/and/1/and/0/or\", message });",
              "err": {},
              "uuid": "1d93bac4-736a-4ae7-aab4-5253c1bf9bf6",
              "parentUUID": "b76a79d0-bdf9-47e7-839d-4a0f7ffea4f2",
              "isHook": false,
              "skipped": false
            }
          ],
          "suites": [],
          "passes": [
            "435ef9fa-9e69-4e1b-a070-61e7ac56117c",
            "af508d54-1d72-4de6-a5b1-15c15c11e644",
            "8a9111b2-8c29-4c4e-b464-901bbf36e509",
            "bac2f75a-742b-40b0-a9c4-4ac8ee1940be",
            "d473ab77-0505-4ffa-b48b-471b553d3474",
            "b86dda0d-ff34-47f7-a793-79b088e3f485",
            "d9d9ba7d-4bc5-496c-9131-62d44753a539",
            "1d93bac4-736a-4ae7-aab4-5253c1bf9bf6"
          ],
          "failures": [],
          "pending": [],
          "skipped": [],
          "duration": 11,
          "root": false,
          "rootEmpty": false,
          "_timeout": 2000
        }
      ],
      "passes": [],
      "failures": [],
      "pending": [],
      "skipped": [],
      "duration": 0,
      "root": true,
      "rootEmpty": true,
      "_timeout": 2000
    }
  ],
  "meta": {
    "mocha": {
      "version": "9.0.0"
    },
    "mochawesome": {
      "options": {
        "quiet": false,
        "reportFilename": "mochawesome",
        "saveHtml": true,
        "saveJson": true,
        "consoleReporter": "spec",
        "useInlineDiffs": false,
        "code": true
      },
      "version": "6.2.2"
    },
    "marge": {
      "options": {
        "reportDir": "docs"
      },
      "version": "5.2.0"
    }
  }
}