{
  "stats": {
    "suites": 10,
    "tests": 48,
    "passes": 48,
    "pending": 0,
    "failures": 0,
    "start": "2021-07-22T10:09:21.564Z",
    "end": "2021-07-22T10:09:21.970Z",
    "duration": 406,
    "testsRegistered": 48,
    "passPercent": 100,
    "pendingPercent": 0,
    "other": 0,
    "hasOther": false,
    "skipped": 0,
    "hasSkipped": false
  },
  "results": [
    {
      "uuid": "ec338802-4f27-47e9-9b3e-0b6ffb7b6b2f",
      "title": "",
      "fullFile": "",
      "file": "",
      "beforeHooks": [],
      "afterHooks": [],
      "tests": [],
      "suites": [
        {
          "uuid": "23760f9a-4bdd-4fb3-addf-3a73a63c897f",
          "title": "initDirectories",
          "fullFile": "/home/runner/work/planwithus-lib/planwithus-lib/src/block/schemas.test.ts",
          "file": "/src/block/schemas.test.ts",
          "beforeHooks": [],
          "afterHooks": [],
          "tests": [
            {
              "title": "should parse all blocks with no errors",
              "fullTitle": "initDirectories should parse all blocks with no errors",
              "timedOut": false,
              "duration": 3,
              "state": "passed",
              "speed": "fast",
              "pass": true,
              "fail": false,
              "pending": false,
              "context": null,
              "code": "_1.initDirectories.should.not.throw()",
              "err": {},
              "uuid": "cb79949a-8637-4719-865a-c2b44b0295ca",
              "parentUUID": "23760f9a-4bdd-4fb3-addf-3a73a63c897f",
              "isHook": false,
              "skipped": false
            },
            {
              "title": "should produce primary, second & minor directories",
              "fullTitle": "initDirectories should produce primary, second & minor directories",
              "timedOut": false,
              "duration": 2,
              "state": "passed",
              "speed": "fast",
              "pass": true,
              "fail": false,
              "pending": false,
              "context": null,
              "code": "const directories = _1.initDirectories();\ndirectories.should.have.property(\"primary\");\ndirectories.should.have.property(\"second\");\ndirectories.should.have.property(\"minor\");",
              "err": {},
              "uuid": "221c122c-1793-4af5-ae9c-cba190f39fea",
              "parentUUID": "23760f9a-4bdd-4fb3-addf-3a73a63c897f",
              "isHook": false,
              "skipped": false
            }
          ],
          "suites": [],
          "passes": [
            "cb79949a-8637-4719-865a-c2b44b0295ca",
            "221c122c-1793-4af5-ae9c-cba190f39fea"
          ],
          "failures": [],
          "pending": [],
          "skipped": [],
          "duration": 5,
          "root": false,
          "rootEmpty": false,
          "_timeout": 2000
        },
        {
          "uuid": "cccd5dc4-ddab-4311-b440-fdf70f172ed1",
          "title": "blockSchema",
          "fullFile": "/home/runner/work/planwithus-lib/planwithus-lib/src/block/schemas.test.ts",
          "file": "/src/block/schemas.test.ts",
          "beforeHooks": [],
          "afterHooks": [],
          "tests": [
            {
              "title": "should validate valid block",
              "fullTitle": "blockSchema should validate valid block",
              "timedOut": false,
              "duration": 235,
              "state": "passed",
              "speed": "slow",
              "pass": true,
              "fail": false,
              "pending": false,
              "context": "[\n  {\n    \"title\": \"block sample 0\",\n    \"value\": {\n      \"name\": \"%yL*Ei\",\n      \"assign\": [\n        \"~:X\"\n      ],\n      \"match\": \"CM*0D\",\n      \"satisfy\": \"[~b\",\n      \"info\": \"iQ0nQ3q@$q\",\n      \"isSelectable\": true\n    }\n  },\n  {\n    \"title\": \"block sample 1\",\n    \"value\": {\n      \"name\": \"z$%\",\n      \"ay\": 2024,\n      \"assign\": [\n        \"Fnbe{4Jp0\",\n        \"5H^ez\",\n        \"kioA\"\n      ],\n      \"match\": [],\n      \"satisfy\": [\n        {\n          \"and\": [\n            {\n              \"mc\": \">=112\"\n            },\n            {\n              \"and\": []\n            }\n          ]\n        }\n      ],\n      \"url\": \"https://0.gz6mhf2yi7j6kw7nt4xte436jdm2n.cn/,*%F3%96%AE%82gc/k21KD~H0U//-bKDb/H/BROB/e2c/g!~\",\n      \"info\": \"nI3S\",\n      \"isSelectable\": true,\n      \"z*MTj\\\\V8G\": {\n        \"name\": \"(B3#F\",\n        \"ay\": 1950,\n        \"match\": {\n          \"or\": [\n            {\n              \"pattern\": \"CNY7*16\",\n              \"exclude\": \"LAJ*4x4K\",\n              \"info\": \"mXf|)O|vf\"\n            },\n            {\n              \"pattern\": \"DDC71*\",\n              \"exclude\": \"HXE270\",\n              \"info\": \";qm\"\n            },\n            {\n              \"or\": [\n                {\n                  \"pattern\": \"AVK3N\",\n                  \"exclude\": [\n                    \"TP16M\",\n                    \"MXO1630I\",\n                    \"VBH789x\"\n                  ],\n                  \"info\": \"OJ\"\n                },\n                \"JU96*0Y\"\n              ]\n            },\n            {\n              \"pattern\": \"HGI07\"\n            }\n          ]\n        },\n        \"satisfy\": [\n          {\n            \"and\": [\n              \"Nvg-I\",\n              \"*tmX*hk+F\"\n            ]\n          },\n          {\n            \"mc\": \"<=107\"\n          },\n          {\n            \"and\": []\n          }\n        ],\n        \"url\": \"https://jd.a5c55eezfid6je-9qa.bsqkb\",\n        \"info\": \"N#%\",\n        \"isSelectable\": true\n      },\n      \"n$&SX(&9A/\": {\n        \"ay\": 2028,\n        \"assign\": [\n          \"N &J##\",\n          \"\",\n          \"\"\n        ],\n        \"match\": [\n          {\n            \"pattern\": \"NXM798\",\n            \"exclude\": [],\n            \"info\": \"$ !s~\"\n          },\n          {\n            \"pattern\": \"PUO043\",\n            \"info\": \"$$y\"\n          }\n        ],\n        \"satisfy\": {\n          \"and\": [\n            {\n              \"mc\": \">=6\"\n            },\n            {\n              \"mc\": \"<=200\"\n            }\n          ]\n        },\n        \"url\": \"http://fvbymaljk2ef1.yirn.5h4jkfej3qc4.9cgc-rouaxgmm6k7j3z6ob002lwf2gezl3dyjmui.fkf95q7qitwjijf5q3uwa9qdc-109rs4yq0406eucwvtcep-fb5iecu.netm/OX/2FaY6.Z/P%F1%82%A7%A4H)/SjUAj*KYk/lv%F2%BF%AF%87\",\n        \"info\": \"? y6~P\",\n        \"isSelectable\": true,\n        \">;\": {\n          \"ay\": 1955,\n          \"assign\": \";N<H\\\\U8wm6\",\n          \"satisfy\": {\n            \"or\": [\n              {\n                \"mc\": \">=119\"\n              },\n              {\n                \"or\": [\n                  {\n                    \"and\": []\n                  },\n                  \"J{)i\\\"\",\n                  \"4oX\",\n                  {\n                    \"and\": [\n                      \"'E!\\\\\"\n                    ]\n                  }\n                ]\n              },\n              {\n                \"and\": [\n                  {\n                    \"mc\": \">=133\"\n                  },\n                  \"83\"\n                ]\n              },\n              {\n                \"or\": []\n              }\n            ]\n          },\n          \"url\": \"https://mo99wg3mi5-we07zdfps-933otpkh6k1qcq3xtn1xkdg4ga6tzgk5x6u1y5uj9m.blpxu9rp8sxg.mtvm9hhim58mx-n4fv3k4v2rvpavrmstbv93o59yfd.woiltt2tiqt5cm9mnmo81rorlrf6fj6w9.xuanvafwdm/s(G5%F4%86%A2%B6)Ci/!b,/g%F3%9A%A0%B2P7/c8T%F4%81%87%B4/6xnU_a/@.\",\n          \"info\": \"0+$)]:'A\",\n          \"isSelectable\": true\n        },\n        \"}10:\": {\n          \"name\": \"2A2\",\n          \"ay\": 2027,\n          \"assign\": \"~g^2j~G\",\n          \"url\": \"http://v7y-coipimgwp2ojcp7r0cc3jj.c3gf.p.wl-qxflq.ke/tQ=0dC5%E7%96%B5\",\n          \"info\": \"_/?Pzy8J\",\n          \"isSelectable\": true,\n          \"t2a\": {\n            \"ay\": 1997,\n            \"assign\": [\n              \"y<x*]\",\n              \"\",\n              \"y=\\\"PfO5t8\",\n              \"Ug_N\",\n              \"Xr)7\"\n            ],\n            \"match\": {\n              \"and\": [\n                \"PH1985Y\",\n                {\n                  \"and\": [\n                    {\n                      \"pattern\": \"ROW33X\",\n                      \"info\": \"-.seu]&\"\n                    }\n                  ]\n                },\n                {\n                  \"pattern\": \"HPI6U\",\n                  \"info\": \"\"\n                }\n              ]\n            },\n            \"satisfy\": {\n              \"or\": [\n                {\n                  \"and\": [\n                    \"{r<b\",\n                    {\n                      \"and\": []\n                    },\n                    {\n                      \"or\": [\n                        {\n                          \"and\": [\n                            \"YT7\",\n                            \"%8`4u9F\"\n                          ]\n                        }\n                      ]\n                    }\n                  ]\n                },\n                {\n                  \"and\": [\n                    \"zf]f){no_\",\n                    \"=%E9tmy`p\",\n                    {\n                      \"or\": [\n                        {\n                          \"mc\": \">=18\"\n                        }\n                      ]\n                    },\n                    \"mzI:XGBhC\\\\\"\n                  ]\n                },\n                {\n                  \"and\": [\n                    {\n                      \"and\": []\n                    }\n                  ]\n                },\n                {\n                  \"mc\": \"<=56\"\n                }\n              ]\n            },\n            \"url\": \"http://hoxb1x8dgm251d6pcroktip.yqczs/cg/9R'ZH*%F0%B9%B0%A7/5)e%F0%A2%AD%9BeQ(4/y-iX1FEl//24\",\n            \"info\": \"?\"\n          },\n          \"CXb'WU(E\": {\n            \"ay\": 2029,\n            \"assign\": \"(M\",\n            \"match\": {\n              \"pattern\": \"QRP6W\",\n              \"exclude\": \"QB*x0N\",\n              \"info\": \"p\"\n            },\n            \"satisfy\": [],\n            \"url\": \"http://x1m9jcs9jzaa0zkxil1k8y078g0ufs1wk0yaguw.j0p9ggsqrggv3z5ocsdtpc.oide/C:7T-=7yv=/$iA=/80*/9tlD,1/\",\n            \"info\": \"Jl/\",\n            \"isSelectable\": true\n          },\n          \"X#D)\": {\n            \"name\": \"{*7_}CE,3\",\n            \"ay\": 1970,\n            \"match\": [\n              {\n                \"or\": [\n                  {\n                    \"or\": [\n                      {\n                        \"and\": [\n                          {\n                            \"and\": [\n                              \"DB21x3\",\n                              \"ZX*C\",\n                              \"XZF2859V\",\n                              {\n                                \"or\": [\n                                  \"AVP155\",\n                                  \"QM112D\",\n                                  {\n                                    \"or\": []\n                                  }\n                                ]\n                              },\n                              \"XVx32U\"\n                            ]\n                          },\n                          {\n                            \"and\": [\n                              \"PA*x7M\",\n                              {\n                                \"or\": []\n                              },\n                              {\n                                \"or\": [\n                                  \"NMZx074\"\n                                ]\n                              },\n                              {\n                                \"pattern\": \"OQM73\",\n                                \"info\": \"As8JA J\"\n                              }\n                            ]\n                          },\n                          \"QCE61\",\n                          \"LAW603Z\",\n                          \"LUx9\"\n                        ]\n                      },\n                      \"ZUE227xT\",\n                      {\n                        \"pattern\": \"BJA72\",\n                        \"exclude\": [\n                          \"LHK1385W\",\n                          \"GSZ*11I\",\n                          \"DCx\",\n                          \"FX9M\",\n                          \"BTC432K\"\n                        ],\n                        \"info\": \"KRUNR:Vk\"\n                      }\n                    ]\n                  },\n                  {\n                    \"and\": [\n                      {\n                        \"pattern\": \"EGP81\",\n                        \"exclude\": [\n                          \"RVO4543\",\n                          \"KUU67*7\",\n                          \"XZ036S\",\n                          \"PZ00B\",\n                          \"GX3V\"\n                        ],\n                        \"info\": \"^+\"\n                      },\n                      {\n                        \"and\": [\n                          {\n                            \"and\": [\n                              \"BP196\",\n                              {\n                                \"pattern\": \"CU3*\",\n                                \"exclude\": [\n                                  \"ZZ*U\",\n                                  \"LB50N\",\n                                  \"BQ5\",\n                                  \"GI63\"\n                                ],\n                                \"info\": \"IQ_!\"\n                              },\n                              \"BV37L\",\n                              \"JQ2X\"\n                            ]\n                          }\n                        ]\n                      },\n                      {\n                        \"and\": [\n                          \"IJP5692I\",\n                          \"KIx730\"\n                        ]\n                      },\n                      \"PVE77R\",\n                      {\n                        \"or\": [\n                          {\n                            \"pattern\": \"RZI8040\",\n                            \"exclude\": [\n                              \"JU329*\",\n                              \"PX687T\",\n                              \"CQW22Z\"\n                            ],\n                            \"info\": \"QZyy\"\n                          },\n                          \"PH165P\"\n                        ]\n                      }\n                    ]\n                  }\n                ]\n              },\n              \"CL9\",\n              {\n                \"pattern\": \"VLU58\",\n                \"exclude\": \"WZL491W\",\n                \"info\": \"ZF\"\n              },\n              {\n                \"and\": [\n                  \"PYA6*\",\n                  {\n                    \"pattern\": \"OCL48M\",\n                    \"exclude\": \"YZJ8C\",\n                    \"info\": \"\\\\|\\\"fsO}(zd\"\n                  },\n                  {\n                    \"pattern\": \"CH9893X\",\n                    \"info\": \"J*{F>\"\n                  },\n                  {\n                    \"or\": [\n                      \"IJA6\",\n                      {\n                        \"pattern\": \"VMY87R\",\n                        \"exclude\": [\n                          \"GT4966Q\",\n                          \"DHJ*130\",\n                          \"LM1\",\n                          \"RPY4V\",\n                          \"LPFx73\"\n                        ],\n                        \"info\": \",l4*'K4+^\"\n                      },\n                      {\n                        \"or\": [\n                          {\n                            \"pattern\": \"XKO1E\",\n                            \"exclude\": [\n                              \"XWK14A\",\n                              \"YZ1x36\",\n                              \"IT0x84\"\n                            ],\n                            \"info\": \"s\"\n                          },\n                          \"LEW484*\"\n                        ]\n                      },\n                      {\n                        \"and\": [\n                          \"SDZ3\"\n                        ]\n                      }\n                    ]\n                  },\n                  {\n                    \"pattern\": \"QUM*2xV\",\n                    \"exclude\": [\n                      \"KUJ13*R\",\n                      \"WHO08\"\n                    ],\n                    \"info\": \"jp%L,?wNZ_\"\n                  }\n                ]\n              },\n              {\n                \"pattern\": \"LNL0\",\n                \"exclude\": \"VZ6x1\",\n                \"info\": \"0eD\"\n              }\n            ],\n            \"satisfy\": [\n              \"\"\n            ],\n            \"url\": \"https://skkrmdymnkwt757ixdsk5chcrl2189ozz23yt.99ppkwa3dj4215u03q3o2lhxh4cak-ki6cn.vww/4gW%F1%B4%8D%A8/=/e3-a%F3%9B%B3%82&_N/l'eZ\",\n            \"info\": \"E/Bw'\",\n            \"isSelectable\": true\n          }\n        },\n        \"&tu6uUTS\\\\@\": {\n          \"name\": \"3;G.\",\n          \"ay\": 1956,\n          \"assign\": [\n            \"x\",\n            \"[bB`^/;\"\n          ],\n          \"satisfy\": {\n            \"and\": [\n              {\n                \"and\": [\n                  {\n                    \"and\": []\n                  },\n                  \"*dbO^RjO\",\n                  {\n                    \"or\": [\n                      \"8g/9y(d6yN\",\n                      \"Nb%|,W\",\n                      \"/\"\n                    ]\n                  },\n                  {\n                    \"mc\": \">=178\"\n                  }\n                ]\n              },\n              {\n                \"or\": []\n              }\n            ]\n          },\n          \"url\": \"http://jodw11jzuuw21ktx2wpm1unqa.ejaqikk/Ik8*H%F0%91%87%B8Lg/5%F1%9A%AB%B4E'.%F4%81%A7%83//%F1%A0%82%97l50pe//qr/+PJsR\",\n          \"info\": \"ltF^/V\",\n          \"isSelectable\": true\n        }\n      },\n      \"#2!rN[\": {\n        \"name\": \":\",\n        \"ay\": 2027,\n        \"assign\": [\n          \"~X)Z`r4=\",\n          \"WJi-\",\n          \"\"\n        ],\n        \"match\": [],\n        \"satisfy\": [\n          {\n            \"and\": []\n          },\n          \"\\\\!;\"\n        ],\n        \"url\": \"http://l.gwycrkb6r4u0tkel9xewcv9241eotog5e9tuxt25w1vi9o1.8thl1u66d.jxtqxz3t9lcqpdqo9-7rf53a032pqonn15dg4j0.vxwiv/%F3%81%A4%A7!%F2%92%85%A01zcB%F0%B6%B4%99//R4-PJ/qhr4M\",\n        \"info\": \"\",\n        \"F)iOo>t\": {\n          \"name\": \"1\",\n          \"ay\": 2014,\n          \"assign\": [],\n          \"match\": {\n            \"pattern\": \"IS62x3L\",\n            \"exclude\": \"VYR99G\"\n          },\n          \"satisfy\": \"(uc$+,\",\n          \"url\": \"http://smdtf3d8wlyjkhj54vojx9eev9znmi4x5ffbl51k7bmz.isx017v1a6mucdx60vxqp.k.zhyp4d9i83ew33as8j0c.vdsvsyrqqn/$LH/-)rq/%F0%A1%83%89%F1%9E%BF%816/kR.7ARsdI1/%F0%99%9A%8AMp/~u0&a/zsHpS/%F2%84%8C%BF:/j9ZVF/E%F3%87%85%8D\",\n          \"info\": \"NU2Kh}q\",\n          \"isSelectable\": true\n        },\n        \"=mbZJ]aL\": {\n          \"name\": \"\\\"0l\",\n          \"ay\": 2002,\n          \"assign\": \"@+88WRQV,P\",\n          \"match\": {\n            \"and\": [\n              \"PZxH\",\n              {\n                \"or\": [\n                  \"QEGx97\",\n                  \"VS91J\"\n                ]\n              }\n            ]\n          },\n          \"satisfy\": {\n            \"and\": [\n              {\n                \"or\": [\n                  {\n                    \"and\": [\n                      {\n                        \"or\": [\n                          \"6C\"\n                        ]\n                      },\n                      \"`]~;(re\",\n                      {\n                        \"or\": [\n                          \"ur<90\",\n                          \"\",\n                          \"-\",\n                          \"F.<]%HCQw\"\n                        ]\n                      }\n                    ]\n                  }\n                ]\n              },\n              {\n                \"mc\": \"<=107\"\n              },\n              {\n                \"or\": [\n                  \"\",\n                  {\n                    \"and\": [\n                      {\n                        \"or\": [\n                          {\n                            \"mc\": \"<=89\"\n                          },\n                          \"n2g\",\n                          {\n                            \"or\": [\n                              \"\"\n                            ]\n                          },\n                          \"7P G\",\n                          {\n                            \"or\": []\n                          }\n                        ]\n                      },\n                      \"\",\n                      \"x ^iE?W6\"\n                    ]\n                  },\n                  {\n                    \"and\": [\n                      \"+7B{\"\n                    ]\n                  },\n                  \"7IsB[P?O@X\",\n                  {\n                    \"and\": [\n                      \"xS`c\\\\G}\",\n                      \"z*P\",\n                      {\n                        \"and\": [\n                          \"E\",\n                          {\n                            \"mc\": \"<=185\"\n                          },\n                          {\n                            \"and\": []\n                          }\n                        ]\n                      },\n                      \"\",\n                      {\n                        \"mc\": \"<=111\"\n                      }\n                    ]\n                  }\n                ]\n              },\n              {\n                \"or\": [\n                  {\n                    \"or\": [\n                      {\n                        \"mc\": \"<=189\"\n                      },\n                      \"rukRSR#\"\n                    ]\n                  },\n                  {\n                    \"and\": [\n                      \"#(\",\n                      \"g:>Dz\",\n                      \"v=NWciJs\"\n                    ]\n                  }\n                ]\n              }\n            ]\n          },\n          \"url\": \"http://omduik28w2ovgw97btadthm8yxw5l84xj4l6lkxapwpw03j71-s5kn0.j.1s4tgo2e9bo5rx8r7j3j2i4ewdp28tclhilukz3l9215kwkz1k3.glwd255wz9yp2prk5qggj8gksq-6.o5poc0j0y7cvzgj6dfqbina6sftdm66ga1esn-yc.ow/%F2%80%BA%9E/Xa)/*lP%F4%8E%8F%B2gf/r(zs4~!x/VpooF/T'/D%F0%BE%B8%BF:p%F3%8C%9C%800'G8a/5&$j%F2%A2%BE%A9%F4%82%9A%9Ff\",\n          \"info\": \"Va!foO#I$^\",\n          \"isSelectable\": true\n        },\n        \"6A_&dC\": {\n          \"ay\": 2023,\n          \"match\": [\n            {\n              \"and\": [\n                {\n                  \"and\": [\n                    \"EQA8F\",\n                    {\n                      \"or\": []\n                    },\n                    {\n                      \"or\": [\n                        \"CY11L\",\n                        \"ULxL\",\n                        {\n                          \"or\": [\n                            \"CU08F\",\n                            \"ZX7082\",\n                            {\n                              \"and\": [\n                                \"KDA10\",\n                                \"ER52M\"\n                              ]\n                            },\n                            \"GZK836A\",\n                            \"NUY9Z\"\n                          ]\n                        },\n                        \"VR47N\"\n                      ]\n                    },\n                    {\n                      \"pattern\": \"MZ19xO\",\n                      \"info\": \"b\\\"a l\"\n                    }\n                  ]\n                },\n                {\n                  \"pattern\": \"HUG*855\",\n                  \"exclude\": [\n                    \"JYM8*V\"\n                  ],\n                  \"info\": \"vFgR6k3\"\n                },\n                {\n                  \"pattern\": \"GW59\",\n                  \"exclude\": [\n                    \"WP8\",\n                    \"HSS82C\",\n                    \"TV9\"\n                  ],\n                  \"info\": \"5/\"\n                }\n              ]\n            }\n          ],\n          \"isSelectable\": true\n        },\n        \"@{blil\": {\n          \"ay\": 1995,\n          \"assign\": [\n            \";n>_0m*I.\",\n            \"jbn{p\",\n            \"5s2; [SU\",\n            \"K/8Xt&yd\",\n            \"l2]q\"\n          ],\n          \"match\": {\n            \"pattern\": \"SM06\",\n            \"exclude\": [],\n            \"info\": \"R$K\"\n          },\n          \"satisfy\": [\n            \"S9R[hv-0\",\n            \"8%U|n?h\",\n            {\n              \"mc\": \"<=36\"\n            },\n            {\n              \"or\": [\n                {\n                  \"mc\": \"<=96\"\n                }\n              ]\n            }\n          ],\n          \"url\": \"https://a.wnijsccqkj/$TIR1%F2%AD%B2%A3kAYU/_%F0%BB%8D%B6!/8q1/qlR/a:aI/%F0%AE%B5%99R\",\n          \"info\": \"\\\\V]\"\n        },\n        \"*,mQ\\\"c!@\": {\n          \"name\": \"nt1C@HLR\",\n          \"ay\": 2004,\n          \"assign\": \"9B!,A\",\n          \"match\": {\n            \"pattern\": \"NRR3925W\",\n            \"exclude\": [],\n            \"info\": \"fG\"\n          },\n          \"satisfy\": {\n            \"mc\": \"<=40\"\n          },\n          \"url\": \"https://cw5484mj6dmgyaqun.6w7qgz5a74-pjdd0tzrkysc229on-anlf-a3.9jtel8rt8smvxip05jvln7pcgf68-xfebikwi5r.jrpkrca//G/;%F0%9D%BF%95%F0%AA%93%BFFl@=/%F2%AF%B4%86a0po.qt5E/P/B/ZK!1!+gf/jG'/~u7heK*gl\",\n          \"info\": \"(^ip*tk3\",\n          \"isSelectable\": true\n        }\n      },\n      \" #X \": {\n        \"name\": \"&\",\n        \"assign\": \"}7VY:F a\",\n        \"match\": {\n          \"or\": [\n            {\n              \"and\": [\n                \"YB61\",\n                {\n                  \"or\": [\n                    \"WTP*875\",\n                    \"SWW21S\"\n                  ]\n                },\n                \"UEN05\",\n                \"IPQ45K\",\n                \"NMB3*3M\"\n              ]\n            },\n            {\n              \"or\": [\n                {\n                  \"or\": []\n                },\n                {\n                  \"and\": [\n                    \"ROC*\",\n                    {\n                      \"pattern\": \"EHE2K\",\n                      \"exclude\": \"BA0\",\n                      \"info\": \"%Md(:y/tJ\"\n                    }\n                  ]\n                },\n                \"EE4492\",\n                \"UC13\"\n              ]\n            },\n            {\n              \"or\": [\n                \"SP*\",\n                {\n                  \"pattern\": \"MZ573E\",\n                  \"exclude\": \"WQ000\",\n                  \"info\": \"_\"\n                },\n                \"EWF54\",\n                \"CQ503\",\n                {\n                  \"pattern\": \"SPX5**1\",\n                  \"exclude\": \"VD521\"\n                }\n              ]\n            }\n          ]\n        },\n        \"satisfy\": \"\",\n        \"url\": \"http://f.iwi9dnslsw9svzwzdv8.hmnflucql//D%E1%93%AFtC06/ir/*fa%29Vmc/(X1/:cZef/sr1/g=c/%2Fex/U%F0%94%BA%BAG9BbK\",\n        \"info\": \"&#%#at\",\n        \"isSelectable\": true,\n        \"YCbR\": {\n          \"name\": \"\",\n          \"ay\": 1963,\n          \"assign\": \"-\",\n          \"satisfy\": {\n            \"and\": [\n              {\n                \"and\": []\n              },\n              \"-yv7\"\n            ]\n          },\n          \"url\": \"http://5yi17c2funrc.x3.bsol/6@hsE.1/p\",\n          \"info\": \"K)1P+\\\\&leY\",\n          \"isSelectable\": true\n        },\n        \"+0!ug1\": {\n          \"name\": \"_+2civu\",\n          \"ay\": 1997,\n          \"assign\": [],\n          \"match\": [\n            {\n              \"or\": [\n                {\n                  \"and\": [\n                    {\n                      \"and\": [\n                        \"WN35A\",\n                        \"CPY8\",\n                        \"DK2821\",\n                        \"JI05*9P\",\n                        \"TNO692Y\"\n                      ]\n                    },\n                    \"RYV15V\",\n                    \"YJ0V\"\n                  ]\n                },\n                {\n                  \"or\": [\n                    {\n                      \"pattern\": \"EL8\",\n                      \"exclude\": \"TTW03\",\n                      \"info\": \"17z\"\n                    },\n                    {\n                      \"or\": [\n                        \"NC8830\"\n                      ]\n                    },\n                    \"QE31K\",\n                    \"KQ612F\",\n                    {\n                      \"or\": [\n                        {\n                          \"or\": [\n                            \"IHJx27\"\n                          ]\n                        },\n                        \"BH93\"\n                      ]\n                    }\n                  ]\n                },\n                {\n                  \"pattern\": \"IR9*\",\n                  \"exclude\": \"SE3D\",\n                  \"info\": \"5|cb]cP\"\n                },\n                {\n                  \"and\": [\n                    \"EG36x\"\n                  ]\n                },\n                \"HEZ0863\"\n              ]\n            }\n          ],\n          \"satisfy\": [\n            \"NtjAjX-A*F\",\n            {\n              \"and\": [\n                {\n                  \"and\": [\n                    \"}\",\n                    {\n                      \"mc\": \"<=111\"\n                    }\n                  ]\n                },\n                {\n                  \"and\": [\n                    \"m7j0u'\",\n                    \"`(K]$^N\"\n                  ]\n                },\n                {\n                  \"mc\": \">=98\"\n                },\n                {\n                  \"or\": [\n                    {\n                      \"or\": [\n                        \"?S\",\n                        \"|Z RMF6UuK\"\n                      ]\n                    },\n                    {\n                      \"mc\": \"<=181\"\n                    },\n                    \"-vRrSif\",\n                    \"$S7h\"\n                  ]\n                }\n              ]\n            }\n          ],\n          \"info\": \"7P} \",\n          \"isSelectable\": true\n        },\n        \"Y]V~}+\": {\n          \"name\": \"{eId\",\n          \"ay\": 1984,\n          \"assign\": [\n            \"oG/}\",\n            \"d$;D]C\",\n            \"Lsc%M*q4(\",\n            \"5T4c8\"\n          ],\n          \"match\": \"GD408\",\n          \"url\": \"http://a6zz4okl7m1udlbqpntp23q8ajh1s4y2-6-44eh-6.wzw9vteo-c0elstem1aof48i9bsstmguekhzv1.1jyrfh85w9dy7l-aparfby-0lh-92i6830x1z81sr7zc7wqz24chxb6uke3.qh5c3h4k.aix9avzmhatiy5lzhmw1s1v.mmhvshjz/g%F0%BD%B4%B0@e%F1%8A%99%92%F2%91%A9%A8K$J/$/%EF%A4%89%F3%A9%BE%98l%F2%AF%97%830/%F3%AD%A9%87MV=3-/T)rZ/HF-zkinTtf/=d!/%F3%8B%8D%A9.oQ/Hy%F0%9D%A9%A6Tp!\",\n          \"info\": \"Udp\",\n          \"isSelectable\": true\n        }\n      },\n      \"jLe}_8f,\": {\n        \"name\": \"s0VNW6`x\",\n        \"assign\": [\n          \"f\",\n          \"&?HC3&f7\",\n          \"Ut%PQT@8w}\",\n          \"n |l\",\n          \"wW.\\\\}u{y\"\n        ],\n        \"satisfy\": [\n          \"}8TDfr\",\n          {\n            \"mc\": \"<=175\"\n          }\n        ],\n        \"url\": \"http://7rd8rfyqcxfs48qse9bfoy82bd7tc9ekil7abomq--cee6c5nnr.6gsdrw8orei52fe8jhf62me5z0ml0ib6.okd.qkyfsre/U:B+%F0%A3%B0%9D%F3%91%A0%A8AO.Q/%F2%B0%83%83%F4%83%81%B1t912*t+/LiD!uBB~%EC%81%87\",\n        \"info\": \"\\\"\\\"|c3\",\n        \"isSelectable\": true,\n        \"\\\"NCuI|5a\": {\n          \"name\": \"Mr'v6'l\",\n          \"ay\": 1962,\n          \"assign\": [],\n          \"url\": \"https://z0lqhk-nloxcfh.txpgm5es3seb7zi-tea2nh--dmnmj5hp9ib49yyw3g6bjy5o.9n7f3weg3ju85m38iut.8irvv2sxzcj2dg2t6xb.pid/bKO4%F2%A3%B8%A1k9/u&sRr/,%F0%95%BD%82/D%F2%91%AF%9BG%F0%9B%94%B7&/g;r_m4/Qjm8/RC!J%F3%8B%A7%AA/%F2%AA%96%8F%F2%A8%A7%BD:%F3%AB%B8%A283/hk4Xw/x~I\",\n          \"info\": \"UmMAf\",\n          \"isSelectable\": true\n        }\n      }\n    }\n  },\n  {\n    \"title\": \"block sample 2\",\n    \"value\": {\n      \"name\": \"sx8\",\n      \"assign\": [\n        \"\",\n        \"x?y8_'\",\n        \"\\\"3,y6g\"\n      ],\n      \"match\": [\n        {\n          \"pattern\": \"RD7130\",\n          \"exclude\": [\n            \"XU51\",\n            \"PL5225\"\n          ]\n        }\n      ],\n      \"satisfy\": {\n        \"mc\": \"<=6\"\n      },\n      \"url\": \"https://rv2skjyvtw89zc80fxoqt8panc4e5y5l9tfqukxzajfd.5rjpcz2ed63b4.8.j-3aq.qwgrw/OoslMJ/,jn$D/k%DB%808)%F0%BA%97%9E7(/2&/\",\n      \"info\": \"kBis9/><a\",\n      \"isSelectable\": true\n    }\n  },\n  {\n    \"title\": \"block sample 3\",\n    \"value\": {\n      \"name\": \"}I7.wE)64U\",\n      \"ay\": 1954,\n      \"assign\": \"{\",\n      \"match\": [\n        \"PA4x11\"\n      ],\n      \"satisfy\": {\n        \"mc\": \"<=66\"\n      },\n      \"info\": \"-q\",\n      \"Lu983L\\\\u02\": {\n        \"name\": \"AjHjx}~GD\",\n        \"assign\": \"(Z\",\n        \"satisfy\": {\n          \"mc\": \"<=159\"\n        },\n        \"info\": \"%r)\",\n        \"isSelectable\": true\n      }\n    }\n  },\n  {\n    \"title\": \"block sample 4\",\n    \"value\": {\n      \"name\": \"LMhns6)8-\",\n      \"ay\": 1955,\n      \"assign\": [\n        \"HG\",\n        \"%\"\n      ],\n      \"match\": [\n        {\n          \"or\": [\n            \"TYI9G\"\n          ]\n        },\n        {\n          \"or\": [\n            {\n              \"or\": [\n                \"GQF36H\",\n                {\n                  \"pattern\": \"KWA6P\",\n                  \"exclude\": [\n                    \"QWW400\",\n                    \"NCL5C\"\n                  ],\n                  \"info\": \" t[1J_%e\"\n                },\n                \"ANW8599R\"\n              ]\n            },\n            \"ISK9x3\"\n          ]\n        }\n      ],\n      \"satisfy\": \"(&$a}%T#\",\n      \"url\": \"http://ia2t-upcxb28mfjyc094vngtudr.upyor8djsdphcr-dovhl18bjsy6s0jxe7sv1ef9s2hv8fi.egiuxo0x2cvi3crzt1po15ijdf59tjv0qp4klv7.x86.cdacj/c/c+cCg;ufUg/\",\n      \"info\": \"^a\\\" $8y\",\n      \"isSelectable\": true\n    }\n  },\n  {\n    \"title\": \"block sample 5\",\n    \"value\": {\n      \"name\": \"\",\n      \"ay\": 1953,\n      \"assign\": [],\n      \"match\": \"JF1xG\",\n      \"satisfy\": {\n        \"and\": [\n          \"*j,zE6Sg:K\",\n          {\n            \"or\": [\n              \"\",\n              \"xB]x'J\"\n            ]\n          },\n          {\n            \"mc\": \"<=170\"\n          },\n          {\n            \"and\": [\n              {\n                \"mc\": \"<=198\"\n              }\n            ]\n          },\n          {\n            \"or\": [\n              \"eE5g,\",\n              \"cjs()-'F\",\n              {\n                \"or\": []\n              },\n              {\n                \"and\": [\n                  \"(\",\n                  {\n                    \"or\": [\n                      {\n                        \"or\": [\n                          \"\",\n                          \"\",\n                          \"Mq]MPh=}c\"\n                        ]\n                      },\n                      \"3NND/vqT=\"\n                    ]\n                  },\n                  {\n                    \"mc\": \">=49\"\n                  },\n                  \"\",\n                  {\n                    \"mc\": \"<=161\"\n                  }\n                ]\n              }\n            ]\n          }\n        ]\n      },\n      \"info\": \";:\",\n      \"isSelectable\": true\n    }\n  },\n  {\n    \"title\": \"block sample 6\",\n    \"value\": {\n      \"name\": \";# MQx(*C$\",\n      \"ay\": 1984,\n      \"assign\": \"&\",\n      \"url\": \"http://62kmgwtrqc-ndgyhhyt21clroirsl86-s.ebyyowfua/tUb%F0%B3%8F%A8+s7/CW9pJD!/h~p%F0%AA%9F%93KNuBe/1-*$%F2%A5%80%92FO/3eqHkI+%F2%AE%8C%AE~%F0%AA%A7%89/SgHhkuV\",\n      \"info\": \"U%z\",\n      \"isSelectable\": true\n    }\n  },\n  {\n    \"title\": \"block sample 7\",\n    \"value\": {\n      \"ay\": 1967,\n      \"assign\": [\n        \"z&z2&YyD\"\n      ],\n      \"match\": {\n        \"pattern\": \"DFx\",\n        \"exclude\": \"TBX38F\",\n        \"info\": \"p\"\n      },\n      \"satisfy\": {\n        \"or\": [\n          {\n            \"or\": [\n              \"]d|@e\",\n              \" (vk:'|V\",\n              \"/_\"\n            ]\n          },\n          \"d2&@~\",\n          {\n            \"and\": [\n              \"#}h19qf0ld\",\n              \"\",\n              \"Zf+<V,\",\n              \"=4FR(#R\"\n            ]\n          }\n        ]\n      },\n      \"isSelectable\": true,\n      \" }K\\\"/A\": {\n        \"name\": \"bX!E\",\n        \"assign\": [\n          \"yQI5&CTwf@\"\n        ],\n        \"match\": [\n          {\n            \"pattern\": \"BA541*\",\n            \"info\": \"B!d1K-!W]\"\n          },\n          {\n            \"pattern\": \"KF8*2Q\",\n            \"exclude\": [\n              \"JP9x1x\",\n              \"DVN5Y\",\n              \"MXN10*7T\",\n              \"QA7003\"\n            ],\n            \"info\": \"qa@,e^}\"\n          },\n          \"VFx504W\",\n          {\n            \"and\": [\n              {\n                \"or\": [\n                  \"QTQ852U\"\n                ]\n              },\n              {\n                \"and\": []\n              },\n              \"INW8xJ\",\n              \"FES816\",\n              {\n                \"and\": [\n                  {\n                    \"and\": [\n                      \"XR497A\",\n                      \"JPP021xR\",\n                      \"KD9946\"\n                    ]\n                  },\n                  \"NM9*4X\",\n                  \"DQO2946\",\n                  \"QJ360\"\n                ]\n              }\n            ]\n          },\n          {\n            \"and\": [\n              {\n                \"and\": [\n                  \"GX4x3\",\n                  \"UK91\",\n                  \"XJP2807\"\n                ]\n              }\n            ]\n          }\n        ],\n        \"url\": \"http://6gfspxghm86p.xhud/ISS%F2%BA%BE%96Gd%F2%9F%96%A2L%EB%A0%82//5-//\",\n        \"info\": \"- G!6\\\"dR\"\n      },\n      \"@Y.\": {\n        \"name\": \"2%yMzyn\\\"l}\",\n        \"ay\": 1977,\n        \"assign\": [\n          \"[FM\",\n          \"C\"\n        ],\n        \"match\": {\n          \"pattern\": \"LJ2\",\n          \"exclude\": \"QCF5L\"\n        },\n        \"satisfy\": [\n          {\n            \"or\": [\n              {\n                \"or\": [\n                  \"l5\",\n                  \"j}~63YN\",\n                  {\n                    \"or\": []\n                  },\n                  \"Ue!1`fN\"\n                ]\n              },\n              {\n                \"and\": []\n              },\n              {\n                \"and\": []\n              },\n              {\n                \"or\": []\n              }\n            ]\n          },\n          \"&z[$5\"\n        ],\n        \"url\": \"http://7sxyhko3o4tja6jr5mf69l2bm.iqnufdf/%F0%B0%B2%B4MRheeER/DwikyD-H/v=80=$\",\n        \"info\": \"CZ;|U0\",\n        \"isSelectable\": true\n      },\n      \"p]sz6*q3Q\": {\n        \"name\": \"=\\\\ u&DvgWs\",\n        \"ay\": 1951,\n        \"assign\": \"m\",\n        \"match\": {\n          \"or\": []\n        },\n        \"url\": \"https://nsuartua42im6em-2q0qwl1qyoamvskb1hgai62gc2smm4cl.cu/)/k$fE/+t%F4%8F%BF%B9;ab*Gg5/B;/%F1%B7%93%8C/)($h//a*agtae@bI/Y,fW/6\",\n        \"info\": \"\",\n        \"isSelectable\": true,\n        \"0d\": {\n          \"name\": \"k.03[\",\n          \"ay\": 1968,\n          \"assign\": \"?L\",\n          \"match\": [\n            {\n              \"or\": [\n                \"LQE6M\",\n                {\n                  \"or\": [\n                    {\n                      \"and\": [\n                        {\n                          \"or\": [\n                            \"ILPxI\",\n                            \"IOJ7*x2\",\n                            \"QHx35*\",\n                            {\n                              \"or\": [\n                                \"EIKx719A\"\n                              ]\n                            },\n                            \"OZJ96\"\n                          ]\n                        },\n                        \"BQCx496\",\n                        \"AC9*\"\n                      ]\n                    }\n                  ]\n                },\n                {\n                  \"pattern\": \"QQA063\",\n                  \"info\": \";s3O= \"\n                },\n                {\n                  \"or\": []\n                }\n              ]\n            },\n            {\n              \"or\": [\n                {\n                  \"or\": [\n                    \"VI9N\"\n                  ]\n                }\n              ]\n            },\n            {\n              \"or\": [\n                {\n                  \"pattern\": \"BPD440\",\n                  \"exclude\": [\n                    \"PTF85\",\n                    \"VNU3xR\",\n                    \"CL9\",\n                    \"QPF3P\"\n                  ],\n                  \"info\": \"{\\\\V Z\"\n                },\n                \"XT*3\",\n                {\n                  \"or\": [\n                    \"NB1x*4\",\n                    {\n                      \"and\": [\n                        \"TSx20\"\n                      ]\n                    },\n                    \"CH547N\",\n                    {\n                      \"or\": [\n                        \"FYJ5U\",\n                        {\n                          \"or\": [\n                            \"MYV3J\"\n                          ]\n                        },\n                        \"LHx578D\",\n                        {\n                          \"or\": []\n                        },\n                        {\n                          \"or\": [\n                            \"WE7x*\",\n                            \"HOM4x9\",\n                            {\n                              \"and\": [\n                                \"CJE12*9K\"\n                              ]\n                            }\n                          ]\n                        }\n                      ]\n                    }\n                  ]\n                },\n                {\n                  \"or\": []\n                },\n                {\n                  \"pattern\": \"MI66x*J\",\n                  \"exclude\": \"ZG11\",\n                  \"info\": \"/X\\\\p\"\n                }\n              ]\n            },\n            {\n              \"pattern\": \"RJ995D\",\n              \"exclude\": [\n                \"MPH6*8Y\",\n                \"EG6855E\",\n                \"LNU16\"\n              ],\n              \"info\": \"eHd9/^v?\"\n            }\n          ],\n          \"satisfy\": {\n            \"or\": [\n              {\n                \"mc\": \"<=68\"\n              },\n              {\n                \"or\": [\n                  \"N4\",\n                  \")3fG2!s\",\n                  \"./wzb\",\n                  \"'Y5d$\",\n                  \"J4*w\"\n                ]\n              }\n            ]\n          },\n          \"url\": \"http://b0yv1fk-afcc06tvi68ba7ad6suwfciex157lk.g.mqpvgkz/r/Jk%F0%9D%8C%96No%F3%AE%98%8APW$9/hS/n+)s6)/IZ/dlpoD7e%E3%8E%9F4/)@'V/-pHv%F0%AF%8A%BFso/6BR)%F2%A3%A3%B3dx/d\",\n          \"info\": \"\",\n          \"isSelectable\": true\n        }\n      }\n    }\n  },\n  {\n    \"title\": \"block sample 8\",\n    \"value\": {\n      \"name\": \"1mB,g9\",\n      \"ay\": 1952,\n      \"assign\": [\n        \"3*1\",\n        \"\\\"}dnywe\\\"$\"\n      ],\n      \"match\": {\n        \"or\": [\n          {\n            \"or\": [\n              {\n                \"and\": [\n                  {\n                    \"and\": [\n                      {\n                        \"pattern\": \"DMU7386H\",\n                        \"exclude\": \"SJX*362K\",\n                        \"info\": \"t0aM~lDg\"\n                      },\n                      \"BOF820R\",\n                      \"JW5117K\",\n                      \"VQ9421G\"\n                    ]\n                  },\n                  \"JE36xN\",\n                  \"IBx01*\"\n                ]\n              },\n              \"MS*47R\",\n              \"SC0I\"\n            ]\n          },\n          \"CQZ*446Y\",\n          {\n            \"and\": [\n              {\n                \"or\": [\n                  {\n                    \"and\": [\n                      \"BJJ0*9\"\n                    ]\n                  },\n                  {\n                    \"pattern\": \"HF77\",\n                    \"exclude\": \"WXW949xW\",\n                    \"info\": \"VA\"\n                  },\n                  {\n                    \"pattern\": \"WT9\",\n                    \"info\": \"s\"\n                  },\n                  {\n                    \"pattern\": \"QVN5441\",\n                    \"exclude\": [\n                      \"KW0081A\",\n                      \"BUV8X\",\n                      \"ID1B\"\n                    ],\n                    \"info\": \"7C%Y[6\"\n                  },\n                  \"SH*D\"\n                ]\n              },\n              {\n                \"and\": [\n                  \"PBZ3Z\",\n                  \"VO*900R\",\n                  {\n                    \"or\": [\n                      {\n                        \"and\": [\n                          \"LRX16\",\n                          {\n                            \"pattern\": \"BK3G\",\n                            \"exclude\": \"QVL6905\",\n                            \"info\": \"=SHA;;\"\n                          },\n                          \"NFQ4P\"\n                        ]\n                      },\n                      \"JD679\"\n                    ]\n                  },\n                  \"AWFx698\",\n                  {\n                    \"or\": [\n                      \"HBY2\",\n                      \"OB21R\",\n                      \"QX92F\",\n                      \"LN35\"\n                    ]\n                  }\n                ]\n              },\n              \"MEx\"\n            ]\n          },\n          {\n            \"pattern\": \"QE4\",\n            \"exclude\": \"JO4E\",\n            \"info\": \"eM*&t;E\"\n          }\n        ]\n      },\n      \"satisfy\": {\n        \"mc\": \">=52\"\n      },\n      \"url\": \"http://9xysg-uutd7cpussqodkum9cer98koackncrkblk2vxfaesoqartigflq.uzydk9ssczq3eba0rq4a3vn7b-w.h4x6.dzd/w7D%F2%A5%9F%84/z)p/n%F3%83%B1%8Fhq!%F0%97%AD%9Ahs/%E8%A1%8Ay%F1%88%8C%980q3lT\",\n      \"info\": \"o0\",\n      \"isSelectable\": true\n    }\n  },\n  {\n    \"title\": \"block sample 9\",\n    \"value\": {\n      \"name\": \"Q~p<dKM+e\",\n      \"ay\": 2009,\n      \"assign\": [\n        \"\",\n        \"Z\"\n      ],\n      \"match\": \"FTR8x\",\n      \"satisfy\": [],\n      \"url\": \"http://4fpqnfbm2v8j2wh81tl87ywh4xwchhm9-76c61nvl8ufw5vxhp4m7797q6.ctxc6zhi4ufxvkk-g52pz1uiwxfejbrznia3bd-y.h.abbd\",\n      \"info\": \"j!2*et-$\",\n      \"isSelectable\": true\n    }\n  }\n]",
              "code": "fast_check_1.sample(index_test_2.block, 10).forEach((sample, i) => addContext_1.default(this, {\n    title: `block sample ${i}`,\n    value: sample,\n}));\nreturn fast_check_1.assert(fast_check_1.property(index_test_2.block, ajvValidate));",
              "err": {},
              "uuid": "f0e34abc-8d35-4906-9906-c23821af3089",
              "parentUUID": "cccd5dc4-ddab-4311-b440-fdf70f172ed1",
              "isHook": false,
              "skipped": false
            },
            {
              "title": "should not validate non-object",
              "fullTitle": "blockSchema should not validate non-object",
              "timedOut": false,
              "duration": 6,
              "state": "passed",
              "speed": "fast",
              "pass": true,
              "fail": false,
              "pending": false,
              "context": null,
              "code": "const error = {\n    instancePath: \"\",\n    message: \"block should be an object\",\n};\nisInvalidBlock(null, error);\nisInvalidBlock(undefined, error);\nisInvalidBlock(10, error);\nisInvalidBlock([12, 24], error);\nisInvalidBlock(\"abc\", error);",
              "err": {},
              "uuid": "56274e82-9d73-480e-a9d3-56fe32bfadaf",
              "parentUUID": "cccd5dc4-ddab-4311-b440-fdf70f172ed1",
              "isHook": false,
              "skipped": false
            },
            {
              "title": "should not validate block with invalid properties",
              "fullTitle": "blockSchema should not validate block with invalid properties",
              "timedOut": false,
              "duration": 1,
              "state": "passed",
              "speed": "fast",
              "pass": true,
              "fail": false,
              "pending": false,
              "context": null,
              "code": "isInvalidBlock({\n        name: { foo: \"bar\" },\n        ay: -1000,\n        assign: {},\n        match: 1,\n        satisfy: 2,\n        url: { abc: \"def\" },\n        info: 42,\n        isSelectable: 32,\n    }, { instancePath: \"/name\", message: \"property 'name' should be a string\" }, {\n        instancePath: \"/ay\",\n        message: \"property 'ay' should be a positive integer\",\n    }, {\n        instancePath: \"/assign\",\n        message: \"property 'assign' should be either a block ID or an array of block IDs\",\n    }, {\n        instancePath: \"/match\",\n        message: \"property 'match' should be either a match rule or an array of match rules\",\n    }, {\n        instancePath: \"/satisfy\",\n        message: \"property 'satisfy' should be either a satisfy rule or an array of satisfy rules\",\n    }, { instancePath: \"/url\", message: \"property 'url' should be a string\" }, { instancePath: \"/info\", message: \"property 'info' should be a string\" }, {\n        instancePath: \"/isSelectable\",\n        message: \"property 'isSelectable' should be a boolean\",\n    })",
              "err": {},
              "uuid": "582e5fa1-cdb8-401b-a1da-a11f7312cfd1",
              "parentUUID": "cccd5dc4-ddab-4311-b440-fdf70f172ed1",
              "isHook": false,
              "skipped": false
            }
          ],
          "suites": [],
          "passes": [
            "f0e34abc-8d35-4906-9906-c23821af3089",
            "56274e82-9d73-480e-a9d3-56fe32bfadaf",
            "582e5fa1-cdb8-401b-a1da-a11f7312cfd1"
          ],
          "failures": [],
          "pending": [],
          "skipped": [],
          "duration": 242,
          "root": false,
          "rootEmpty": false,
          "_timeout": 2000
        },
        {
          "uuid": "571e37d8-3b90-4aca-be1b-313b0acbf932",
          "title": "patternToRE",
          "fullFile": "/home/runner/work/planwithus-lib/planwithus-lib/src/matchRule/pattern/satisfiers.test.ts",
          "file": "/src/matchRule/pattern/satisfiers.test.ts",
          "beforeHooks": [],
          "afterHooks": [],
          "tests": [
            {
              "title": "should match valid modules with a single pattern",
              "fullTitle": "patternToRE should match valid modules with a single pattern",
              "timedOut": false,
              "duration": 23,
              "state": "passed",
              "speed": "fast",
              "pass": true,
              "fail": false,
              "pending": false,
              "context": "[\n  {\n    \"title\": \"patternExampleList sample 0\",\n    \"value\": [\n      \"PK060\",\n      [\n        \"PK060\"\n      ]\n    ]\n  },\n  {\n    \"title\": \"patternExampleList sample 1\",\n    \"value\": [\n      \"SRx896\",\n      [\n        \"SR3896\",\n        \"SR4896\",\n        \"SR1896\",\n        \"SR0896\",\n        \"SR6896\",\n        \"SR2896\",\n        \"SR5896\",\n        \"SR7896\",\n        \"SR9896\",\n        \"SR8896\"\n      ]\n    ]\n  },\n  {\n    \"title\": \"patternExampleList sample 2\",\n    \"value\": [\n      \"KCXxx\",\n      [\n        \"KCX74\",\n        \"KCX65\",\n        \"KCX11\",\n        \"KCX16\",\n        \"KCX47\",\n        \"KCX13\",\n        \"KCX71\",\n        \"KCX63\",\n        \"KCX59\",\n        \"KCX18\",\n        \"KCX85\"\n      ]\n    ]\n  },\n  {\n    \"title\": \"patternExampleList sample 3\",\n    \"value\": [\n      \"WH36\",\n      [\n        \"WH36\"\n      ]\n    ]\n  },\n  {\n    \"title\": \"patternExampleList sample 4\",\n    \"value\": [\n      \"MZZ28S\",\n      [\n        \"MZZ28S\"\n      ]\n    ]\n  },\n  {\n    \"title\": \"patternExampleList sample 5\",\n    \"value\": [\n      \"IO7\",\n      [\n        \"IO7\"\n      ]\n    ]\n  },\n  {\n    \"title\": \"patternExampleList sample 6\",\n    \"value\": [\n      \"IYV7*9V\",\n      [\n        \"IYV7UTLJGQ9V\",\n        \"IYV7DVJL89V\",\n        \"IYV76S9V\",\n        \"IYV79V\"\n      ]\n    ]\n  },\n  {\n    \"title\": \"patternExampleList sample 7\",\n    \"value\": [\n      \"KZ1xS\",\n      [\n        \"KZ11S\",\n        \"KZ12S\",\n        \"KZ18S\",\n        \"KZ13S\",\n        \"KZ19S\",\n        \"KZ17S\",\n        \"KZ10S\",\n        \"KZ15S\",\n        \"KZ16S\",\n        \"KZ14S\"\n      ]\n    ]\n  },\n  {\n    \"title\": \"patternExampleList sample 8\",\n    \"value\": [\n      \"OG83O\",\n      [\n        \"OG83O\"\n      ]\n    ]\n  },\n  {\n    \"title\": \"patternExampleList sample 9\",\n    \"value\": [\n      \"AI76\",\n      [\n        \"AI76\"\n      ]\n    ]\n  }\n]",
              "code": "fast_check_1.sample(index_test_1.patternExampleList, 10).forEach((sample, i) => addContext_1.default(this, {\n    title: `patternExampleList sample ${i}`,\n    value: sample,\n}));\nreturn fast_check_1.assert(fast_check_1.property(index_test_1.patternExampleList, ([patternStr, examples]) => {\n    const re = _1.patternToRE(patternStr);\n    return examples.every(re.test.bind(re));\n}));",
              "err": {},
              "uuid": "91e09500-ac94-46ae-bc49-9d1a281850b4",
              "parentUUID": "571e37d8-3b90-4aca-be1b-313b0acbf932",
              "isHook": false,
              "skipped": false
            },
            {
              "title": "should match valid modules with multiple patterns",
              "fullTitle": "patternToRE should match valid modules with multiple patterns",
              "timedOut": false,
              "duration": 80,
              "state": "passed",
              "speed": "slow",
              "pass": true,
              "fail": false,
              "pending": false,
              "context": "[\n  {\n    \"title\": \"patternExampleListArray sample 0\",\n    \"value\": [\n      [\n        \"ZX35\",\n        [\n          \"ZX35\"\n        ]\n      ],\n      [\n        \"WT63\",\n        [\n          \"WT63\"\n        ]\n      ],\n      [\n        \"RW2737\",\n        [\n          \"RW2737\"\n        ]\n      ],\n      [\n        \"BN6x\",\n        [\n          \"BN69\",\n          \"BN62\",\n          \"BN67\",\n          \"BN64\",\n          \"BN68\",\n          \"BN60\",\n          \"BN66\",\n          \"BN65\",\n          \"BN63\",\n          \"BN61\"\n        ]\n      ],\n      [\n        \"JBN512\",\n        [\n          \"JBN512\"\n        ]\n      ],\n      [\n        \"BL3\",\n        [\n          \"BL3\"\n        ]\n      ],\n      [\n        \"ZFD8\",\n        [\n          \"ZFD8\"\n        ]\n      ],\n      [\n        \"FCE*582G\",\n        [\n          \"FCEVLFX582G\",\n          \"FCEZHEVB582G\",\n          \"FCEAK582G\",\n          \"FCE628WHV98582G\",\n          \"FCE582G\",\n          \"FCETNAOL9582G\",\n          \"FCEPPRHCJ582G\",\n          \"FCE5H0HT582G\",\n          \"FCETOSJ3582G\",\n          \"FCE1BHQIJ5582G\",\n          \"FCEXFXXSB0582G\",\n          \"FCE59LJSIG582G\"\n        ]\n      ]\n    ]\n  },\n  {\n    \"title\": \"patternExampleListArray sample 1\",\n    \"value\": [\n      [\n        \"DK770xI\",\n        [\n          \"DK7701I\",\n          \"DK7702I\",\n          \"DK7708I\",\n          \"DK7705I\",\n          \"DK7703I\",\n          \"DK7704I\",\n          \"DK7700I\",\n          \"DK7707I\",\n          \"DK7709I\",\n          \"DK7706I\"\n        ]\n      ],\n      [\n        \"KNC5x45J\",\n        [\n          \"KNC5345J\",\n          \"KNC5945J\",\n          \"KNC5545J\",\n          \"KNC5645J\",\n          \"KNC5445J\",\n          \"KNC5745J\",\n          \"KNC5145J\",\n          \"KNC5245J\"\n        ]\n      ]\n    ]\n  },\n  {\n    \"title\": \"patternExampleListArray sample 2\",\n    \"value\": [\n      [\n        \"YDC*608\",\n        [\n          \"YDCP0ZH608\",\n          \"YDCX1T7608\",\n          \"YDCDHB608\",\n          \"YDC2UV0090608\",\n          \"YDC51GA608\",\n          \"YDCUT608\",\n          \"YDCIOU608\"\n        ]\n      ],\n      [\n        \"EP9\",\n        [\n          \"EP9\"\n        ]\n      ]\n    ]\n  },\n  {\n    \"title\": \"patternExampleListArray sample 3\",\n    \"value\": [\n      [\n        \"FPY1963H\",\n        [\n          \"FPY1963H\"\n        ]\n      ],\n      [\n        \"HDY3\",\n        [\n          \"HDY3\"\n        ]\n      ],\n      [\n        \"VK490x\",\n        [\n          \"VK4904\",\n          \"VK4906\",\n          \"VK4902\",\n          \"VK4907\",\n          \"VK4909\",\n          \"VK4900\"\n        ]\n      ],\n      [\n        \"HM*5X\",\n        [\n          \"HMULW5X\",\n          \"HML5X\",\n          \"HMS95X\",\n          \"HM1OIOW5X\"\n        ]\n      ]\n    ]\n  },\n  {\n    \"title\": \"patternExampleListArray sample 4\",\n    \"value\": [\n      [\n        \"COIx420U\",\n        [\n          \"COI9420U\",\n          \"COI4420U\",\n          \"COI1420U\"\n        ]\n      ],\n      [\n        \"YGx*x1\",\n        [\n          \"YG9BS7XIUE31\",\n          \"YG6K51\",\n          \"YG5BD71\",\n          \"YG5KF701\",\n          \"YG0N37O81\",\n          \"YG541\"\n        ]\n      ],\n      [\n        \"AOH2412M\",\n        [\n          \"AOH2412M\"\n        ]\n      ],\n      [\n        \"FTB02C\",\n        [\n          \"FTB02C\"\n        ]\n      ],\n      [\n        \"XTB7424W\",\n        [\n          \"XTB7424W\"\n        ]\n      ],\n      [\n        \"QB8*77Y\",\n        [\n          \"QB8IHEMQ77Y\",\n          \"QB877Y\",\n          \"QB8MHR9BV77Y\",\n          \"QB8VKJD77Y\",\n          \"QB80M77Y\"\n        ]\n      ],\n      [\n        \"JX84Q\",\n        [\n          \"JX84Q\"\n        ]\n      ],\n      [\n        \"UYL2*Q\",\n        [\n          \"UYL2NLWQ\",\n          \"UYL2S6Q\",\n          \"UYL2U27X4Q\",\n          \"UYL2LQ\",\n          \"UYL2IQ\",\n          \"UYL28E26ZQ\",\n          \"UYL27LQ\",\n          \"UYL244Q\",\n          \"UYL2TMQ\"\n        ]\n      ],\n      [\n        \"YYA3623Y\",\n        [\n          \"YYA3623Y\"\n        ]\n      ]\n    ]\n  },\n  {\n    \"title\": \"patternExampleListArray sample 5\",\n    \"value\": [\n      [\n        \"JW8567\",\n        [\n          \"JW8567\"\n        ]\n      ]\n    ]\n  },\n  {\n    \"title\": \"patternExampleListArray sample 6\",\n    \"value\": [\n      [\n        \"XZC4U\",\n        [\n          \"XZC4U\"\n        ]\n      ],\n      [\n        \"HG011Y\",\n        [\n          \"HG011Y\"\n        ]\n      ],\n      [\n        \"NN*5\",\n        [\n          \"NNH5\",\n          \"NN7615\",\n          \"NNMXOD5\",\n          \"NN89X6O8ZJ5\",\n          \"NN9FP45\",\n          \"NNI2455\"\n        ]\n      ],\n      [\n        \"UT1*6E\",\n        [\n          \"UT1NMX6E\",\n          \"UT1VRR6E\",\n          \"UT1Z0AKVF6E\",\n          \"UT1LUU6E\",\n          \"UT16E\",\n          \"UT122LPLPLC6E\"\n        ]\n      ]\n    ]\n  },\n  {\n    \"title\": \"patternExampleListArray sample 7\",\n    \"value\": [\n      [\n        \"JPU2\",\n        [\n          \"JPU2\"\n        ]\n      ],\n      [\n        \"PW230\",\n        [\n          \"PW230\"\n        ]\n      ],\n      [\n        \"LXZ31W\",\n        [\n          \"LXZ31W\"\n        ]\n      ]\n    ]\n  },\n  {\n    \"title\": \"patternExampleListArray sample 8\",\n    \"value\": [\n      [\n        \"AWA30\",\n        [\n          \"AWA30\"\n        ]\n      ]\n    ]\n  },\n  {\n    \"title\": \"patternExampleListArray sample 9\",\n    \"value\": [\n      [\n        \"BI*7E\",\n        [\n          \"BIA2BMV2A87E\",\n          \"BIJ7E\",\n          \"BINYS7E\",\n          \"BIWZ7E\",\n          \"BI37E\",\n          \"BIWYC7E\",\n          \"BI4V6AFY7E\",\n          \"BID68ET27E\",\n          \"BIO1ZQ7E\",\n          \"BIN7E\",\n          \"BI7E\"\n        ]\n      ]\n    ]\n  }\n]",
              "code": "const patternExampleListArray = fast_check_1.array(index_test_1.patternExampleList, { minLength: 1 });\nfast_check_1.sample(patternExampleListArray, 10).forEach((sample, i) => addContext_1.default(this, {\n    title: `patternExampleListArray sample ${i}`,\n    value: sample,\n}));\nreturn fast_check_1.assert(fast_check_1.property(patternExampleListArray, (ts) => {\n    const re = _1.patternToRE(...ts.map(([patternStr]) => patternStr));\n    return ts\n        .map(([, examples]) => examples)\n        .flat()\n        .every(re.test.bind(re));\n}));",
              "err": {},
              "uuid": "2592e9d6-a2ff-4c33-aa44-f70b980fe127",
              "parentUUID": "571e37d8-3b90-4aca-be1b-313b0acbf932",
              "isHook": false,
              "skipped": false
            },
            {
              "title": "should not match x to non-number",
              "fullTitle": "patternToRE should not match x to non-number",
              "timedOut": false,
              "duration": 1,
              "state": "passed",
              "speed": "fast",
              "pass": true,
              "fail": false,
              "pending": false,
              "context": null,
              "code": "const re = _1.patternToRE(\"x\");\n[\"A\", \"Z\", \"c\", \"#\"].forEach((example) => isInvalidExample(re, example));",
              "err": {},
              "uuid": "e3632a27-a4c0-4723-9ab0-8c94ee67903c",
              "parentUUID": "571e37d8-3b90-4aca-be1b-313b0acbf932",
              "isHook": false,
              "skipped": false
            },
            {
              "title": "should not match * to a substring composed of characters other than A-Z and 0-9",
              "fullTitle": "patternToRE should not match * to a substring composed of characters other than A-Z and 0-9",
              "timedOut": false,
              "duration": 0,
              "state": "passed",
              "speed": "fast",
              "pass": true,
              "fail": false,
              "pending": false,
              "context": null,
              "code": "const re = _1.patternToRE(\"*\");\n[\"c\", \"Ac\", \"cA\", \"0Ax\", \"x0A\", \"BA#\", \"#AB\"].forEach((example) => isInvalidExample(re, example));",
              "err": {},
              "uuid": "346e8fe9-d59b-4d85-89e7-5210cbe0b9e9",
              "parentUUID": "571e37d8-3b90-4aca-be1b-313b0acbf932",
              "isHook": false,
              "skipped": false
            },
            {
              "title": "should not match substrings",
              "fullTitle": "patternToRE should not match substrings",
              "timedOut": false,
              "duration": 1,
              "state": "passed",
              "speed": "fast",
              "pass": true,
              "fail": false,
              "pending": false,
              "context": null,
              "code": "const re = _1.patternToRE(\"A*xC\");\n[\"A1CZ\", \"AC1CZ\", \"ZA1C\", \"ZAC1C\", \"ZA1CZ\", \"ZAC1CZ\"].forEach((example) => isInvalidExample(re, example));",
              "err": {},
              "uuid": "813e4698-8f4b-49a6-bcb1-6ab6102f83b5",
              "parentUUID": "571e37d8-3b90-4aca-be1b-313b0acbf932",
              "isHook": false,
              "skipped": false
            }
          ],
          "suites": [],
          "passes": [
            "91e09500-ac94-46ae-bc49-9d1a281850b4",
            "2592e9d6-a2ff-4c33-aa44-f70b980fe127",
            "e3632a27-a4c0-4723-9ab0-8c94ee67903c",
            "346e8fe9-d59b-4d85-89e7-5210cbe0b9e9",
            "813e4698-8f4b-49a6-bcb1-6ab6102f83b5"
          ],
          "failures": [],
          "pending": [],
          "skipped": [],
          "duration": 105,
          "root": false,
          "rootEmpty": false,
          "_timeout": 2000
        },
        {
          "uuid": "fde732be-9252-4b13-82bb-a2af377d235b",
          "title": "patternSatisfier",
          "fullFile": "/home/runner/work/planwithus-lib/planwithus-lib/src/matchRule/pattern/satisfiers.test.ts",
          "file": "/src/matchRule/pattern/satisfiers.test.ts",
          "beforeHooks": [],
          "afterHooks": [],
          "tests": [
            {
              "title": "should assign all modules with *",
              "fullTitle": "patternSatisfier should assign all modules with *",
              "timedOut": false,
              "duration": 1,
              "state": "passed",
              "speed": "fast",
              "pass": true,
              "fail": false,
              "pending": false,
              "context": null,
              "code": "const { assign } = satisfiers_1.patternSatisfier(ref, \"*\");\nisCorrectAssign(assign, modulesList1, modulesList1.map(([moduleStr]) => moduleStr));",
              "err": {},
              "uuid": "1ea90eab-c1ab-4759-ba9b-87e15720d36e",
              "parentUUID": "fde732be-9252-4b13-82bb-a2af377d235b",
              "isHook": false,
              "skipped": false
            },
            {
              "title": "should assign only valid modules with pattern containing *",
              "fullTitle": "patternSatisfier should assign only valid modules with pattern containing *",
              "timedOut": false,
              "duration": 0,
              "state": "passed",
              "speed": "fast",
              "pass": true,
              "fail": false,
              "pending": false,
              "context": null,
              "code": "const { assign } = satisfiers_1.patternSatisfier(ref, \"CS2*\");\nisCorrectAssign(assign, modulesList1, [\"CS2100\", \"CS2040S\", \"CS2030\"]);",
              "err": {},
              "uuid": "276918db-cb82-404f-8df8-e84760dd65b2",
              "parentUUID": "fde732be-9252-4b13-82bb-a2af377d235b",
              "isHook": false,
              "skipped": false
            },
            {
              "title": "should assign only valid modules with pattern containing x",
              "fullTitle": "patternSatisfier should assign only valid modules with pattern containing x",
              "timedOut": false,
              "duration": 0,
              "state": "passed",
              "speed": "fast",
              "pass": true,
              "fail": false,
              "pending": false,
              "context": null,
              "code": "const { assign } = satisfiers_1.patternSatisfier(ref, \"CS20xx\");\nisCorrectAssign(assign, modulesList1, [\"CS2030\"]);",
              "err": {},
              "uuid": "298be8c5-7aa9-4367-aaf3-068247050fc7",
              "parentUUID": "fde732be-9252-4b13-82bb-a2af377d235b",
              "isHook": false,
              "skipped": false
            },
            {
              "title": "should assign only valid modules with pattern containing x and *",
              "fullTitle": "patternSatisfier should assign only valid modules with pattern containing x and *",
              "timedOut": false,
              "duration": 0,
              "state": "passed",
              "speed": "fast",
              "pass": true,
              "fail": false,
              "pending": false,
              "context": null,
              "code": "const { assign } = satisfiers_1.patternSatisfier(ref, \"CS20xx*\");\nisCorrectAssign(assign, modulesList1, [\"CS2040S\", \"CS2030\"]);",
              "err": {},
              "uuid": "bd2bc1ee-ccbe-4262-88c5-7430bb4bc8c2",
              "parentUUID": "fde732be-9252-4b13-82bb-a2af377d235b",
              "isHook": false,
              "skipped": false
            }
          ],
          "suites": [],
          "passes": [
            "1ea90eab-c1ab-4759-ba9b-87e15720d36e",
            "276918db-cb82-404f-8df8-e84760dd65b2",
            "298be8c5-7aa9-4367-aaf3-068247050fc7",
            "bd2bc1ee-ccbe-4262-88c5-7430bb4bc8c2"
          ],
          "failures": [],
          "pending": [],
          "skipped": [],
          "duration": 1,
          "root": false,
          "rootEmpty": false,
          "_timeout": 2000
        },
        {
          "uuid": "9eb19e06-589f-4d0a-98c2-8ac75cf1376c",
          "title": "patternSchema",
          "fullFile": "/home/runner/work/planwithus-lib/planwithus-lib/src/matchRule/pattern/schemas.test.ts",
          "file": "/src/matchRule/pattern/schemas.test.ts",
          "beforeHooks": [],
          "afterHooks": [],
          "tests": [
            {
              "title": "should validate non-empty pattern composed of A-Z, 0-9, x or *",
              "fullTitle": "patternSchema should validate non-empty pattern composed of A-Z, 0-9, x or *",
              "timedOut": false,
              "duration": 2,
              "state": "passed",
              "speed": "fast",
              "pass": true,
              "fail": false,
              "pending": false,
              "context": "[\n  {\n    \"title\": \"pattern sample 0\",\n    \"value\": \"PWM5244F\"\n  },\n  {\n    \"title\": \"pattern sample 1\",\n    \"value\": \"RZ81Y\"\n  },\n  {\n    \"title\": \"pattern sample 2\",\n    \"value\": \"VD66\"\n  },\n  {\n    \"title\": \"pattern sample 3\",\n    \"value\": \"MP1897C\"\n  },\n  {\n    \"title\": \"pattern sample 4\",\n    \"value\": \"JSH8\"\n  },\n  {\n    \"title\": \"pattern sample 5\",\n    \"value\": \"JW92Q\"\n  },\n  {\n    \"title\": \"pattern sample 6\",\n    \"value\": \"PIX*\"\n  },\n  {\n    \"title\": \"pattern sample 7\",\n    \"value\": \"PDX62\"\n  },\n  {\n    \"title\": \"pattern sample 8\",\n    \"value\": \"GW055M\"\n  },\n  {\n    \"title\": \"pattern sample 9\",\n    \"value\": \"NI2707\"\n  }\n]",
              "code": "fast_check_1.sample(index_test_2.pattern, 10).forEach((sample, i) => addContext_1.default(this, {\n    title: `pattern sample ${i}`,\n    value: sample,\n}));\nreturn fast_check_1.assert(fast_check_1.property(index_test_2.pattern, ajvValidate), {\n    examples: [[\"*\"], [\"ACC1002\"], [\"IS1103\"], [\"CS1231S\"], [\"MA1102R\"]],\n});",
              "err": {},
              "uuid": "caab2b00-eb04-4081-828a-e8721959f75d",
              "parentUUID": "9eb19e06-589f-4d0a-98c2-8ac75cf1376c",
              "isHook": false,
              "skipped": false
            },
            {
              "title": "should not validate empty pattern",
              "fullTitle": "patternSchema should not validate empty pattern",
              "timedOut": false,
              "duration": 0,
              "state": "passed",
              "speed": "fast",
              "pass": true,
              "fail": false,
              "pending": false,
              "context": null,
              "code": "isInvalidPattern(\"\")",
              "err": {},
              "uuid": "e725b172-0ec3-42d9-aa22-0704dca07c02",
              "parentUUID": "9eb19e06-589f-4d0a-98c2-8ac75cf1376c",
              "isHook": false,
              "skipped": false
            },
            {
              "title": "should not validate pattern with invalid characters",
              "fullTitle": "patternSchema should not validate pattern with invalid characters",
              "timedOut": false,
              "duration": 2,
              "state": "passed",
              "speed": "fast",
              "pass": true,
              "fail": false,
              "pending": false,
              "context": null,
              "code": "[\"AB123a\", \"Ac123a\", \"AB123^S\", \"AB1*3^S\", \"$A1*3^S\", \"/A1x33S\"].forEach(isInvalidPattern)",
              "err": {},
              "uuid": "25d8bbbb-e862-4e6d-b40d-2cc6bcc444d7",
              "parentUUID": "9eb19e06-589f-4d0a-98c2-8ac75cf1376c",
              "isHook": false,
              "skipped": false
            }
          ],
          "suites": [],
          "passes": [
            "caab2b00-eb04-4081-828a-e8721959f75d",
            "e725b172-0ec3-42d9-aa22-0704dca07c02",
            "25d8bbbb-e862-4e6d-b40d-2cc6bcc444d7"
          ],
          "failures": [],
          "pending": [],
          "skipped": [],
          "duration": 4,
          "root": false,
          "rootEmpty": false,
          "_timeout": 2000
        },
        {
          "uuid": "5a462c12-6ab2-46f0-9f4a-cf7da83f4054",
          "title": "patternMatchRuleSatisfier",
          "fullFile": "/home/runner/work/planwithus-lib/planwithus-lib/src/matchRule/satisfiers.test.ts",
          "file": "/src/matchRule/satisfiers.test.ts",
          "beforeHooks": [],
          "afterHooks": [],
          "tests": [
            {
              "title": "should assign only valid modules with pattern match rule containing no exclude patterns",
              "fullTitle": "patternMatchRuleSatisfier should assign only valid modules with pattern match rule containing no exclude patterns",
              "timedOut": false,
              "duration": 2,
              "state": "passed",
              "speed": "fast",
              "pass": true,
              "fail": false,
              "pending": false,
              "context": null,
              "code": "const { assign } = satisfiers_1.patternMatchRuleSatisfier(ref, { pattern: \"CS1xxx*\" });\nisCorrectAssign(assign, modulesList1, [\"CS1231\", \"CS1231S\"]);",
              "err": {},
              "uuid": "d0c72afe-c0cc-4580-9eeb-f966e48d3ab0",
              "parentUUID": "5a462c12-6ab2-46f0-9f4a-cf7da83f4054",
              "isHook": false,
              "skipped": false
            },
            {
              "title": "should assign only valid modules with pattern match rule containing an exclude pattern",
              "fullTitle": "patternMatchRuleSatisfier should assign only valid modules with pattern match rule containing an exclude pattern",
              "timedOut": false,
              "duration": 0,
              "state": "passed",
              "speed": "fast",
              "pass": true,
              "fail": false,
              "pending": false,
              "context": null,
              "code": "const { assign } = satisfiers_1.patternMatchRuleSatisfier(ref, {\n    pattern: \"MA1xxx*\",\n    exclude: \"MA15xx\",\n});\nisCorrectAssign(assign, modulesList1, [\n    \"MA1100\",\n    \"MA1101R\",\n    \"MA1102R\",\n    \"MA1511A\",\n]);",
              "err": {},
              "uuid": "23af478e-76ee-4440-81c0-e3e097c7dcf2",
              "parentUUID": "5a462c12-6ab2-46f0-9f4a-cf7da83f4054",
              "isHook": false,
              "skipped": false
            },
            {
              "title": "should assign only valid modules with pattern match rule containing multiple exclude patterns",
              "fullTitle": "patternMatchRuleSatisfier should assign only valid modules with pattern match rule containing multiple exclude patterns",
              "timedOut": false,
              "duration": 1,
              "state": "passed",
              "speed": "fast",
              "pass": true,
              "fail": false,
              "pending": false,
              "context": null,
              "code": "const { assign } = satisfiers_1.patternMatchRuleSatisfier(ref, {\n    pattern: \"MA*\",\n    exclude: [\"MA151x*\", \"MA2xxx\"],\n});\nisCorrectAssign(assign, modulesList1, [\n    \"MA1100\",\n    \"MA1101R\",\n    \"MA1102R\",\n    \"MA1507\",\n    \"MA1521\",\n    \"MA2101S\",\n]);",
              "err": {},
              "uuid": "516a5e48-5e03-40bb-b60d-de7f46a7c23e",
              "parentUUID": "5a462c12-6ab2-46f0-9f4a-cf7da83f4054",
              "isHook": false,
              "skipped": false
            }
          ],
          "suites": [],
          "passes": [
            "d0c72afe-c0cc-4580-9eeb-f966e48d3ab0",
            "23af478e-76ee-4440-81c0-e3e097c7dcf2",
            "516a5e48-5e03-40bb-b60d-de7f46a7c23e"
          ],
          "failures": [],
          "pending": [],
          "skipped": [],
          "duration": 3,
          "root": false,
          "rootEmpty": false,
          "_timeout": 2000
        },
        {
          "uuid": "cf26a2f9-4939-429a-9c98-45edcad0c3e2",
          "title": "matchRuleSchema",
          "fullFile": "/home/runner/work/planwithus-lib/planwithus-lib/src/matchRule/schemas.test.ts",
          "file": "/src/matchRule/schemas.test.ts",
          "beforeHooks": [],
          "afterHooks": [],
          "tests": [
            {
              "title": "should validate match rule with valid pattern",
              "fullTitle": "matchRuleSchema should validate match rule with valid pattern",
              "timedOut": false,
              "duration": 1,
              "state": "passed",
              "speed": "fast",
              "pass": true,
              "fail": false,
              "pending": false,
              "context": "[\n  {\n    \"title\": \"pattern sample 0\",\n    \"value\": \"FJJ0098\"\n  },\n  {\n    \"title\": \"pattern sample 1\",\n    \"value\": \"JV24\"\n  },\n  {\n    \"title\": \"pattern sample 2\",\n    \"value\": \"RK8\"\n  },\n  {\n    \"title\": \"pattern sample 3\",\n    \"value\": \"OZN637*H\"\n  },\n  {\n    \"title\": \"pattern sample 4\",\n    \"value\": \"WMU16U\"\n  },\n  {\n    \"title\": \"pattern sample 5\",\n    \"value\": \"MAOx\"\n  },\n  {\n    \"title\": \"pattern sample 6\",\n    \"value\": \"VIx5F\"\n  },\n  {\n    \"title\": \"pattern sample 7\",\n    \"value\": \"VD05\"\n  },\n  {\n    \"title\": \"pattern sample 8\",\n    \"value\": \"NE0\"\n  },\n  {\n    \"title\": \"pattern sample 9\",\n    \"value\": \"IAxF\"\n  }\n]",
              "code": "fast_check_1.sample(index_test_3.pattern, 10).forEach((sample, i) => addContext_1.default(this, {\n    title: `pattern sample ${i}`,\n    value: sample,\n}));\nreturn fast_check_1.assert(fast_check_1.property(index_test_3.pattern, ajvValidate));",
              "err": {},
              "uuid": "dab41dcf-2570-43d8-b932-aafa65794398",
              "parentUUID": "cf26a2f9-4939-429a-9c98-45edcad0c3e2",
              "isHook": false,
              "skipped": false
            },
            {
[...]
              "context": null,
              "code": "const satisfier = satisfiers_1.inequalitySatisfier(ref, \"<=28\");\nsatisfier.should.have.property(\"filter\");\nconst { filter } = satisfier;\nisCorrectFilter(filter, modulesList1, modulesList1.map(([moduleStr]) => moduleStr));",
              "err": {},
              "uuid": "4146f2ad-78e4-41a6-b894-19cf103ffc73",
              "parentUUID": "069d5676-3c92-4b00-bce3-a59fd27f7742",
              "isHook": false,
              "skipped": false
            },
            {
              "title": "should preserve list of modules with upper bound of MCs if total MC count is lower",
              "fullTitle": "inequalitySatisfier should preserve list of modules with upper bound of MCs if total MC count is lower",
              "timedOut": false,
              "duration": 0,
              "state": "passed",
              "speed": "fast",
              "pass": true,
              "fail": false,
              "pending": false,
              "context": null,
              "code": "const satisfier = satisfiers_1.inequalitySatisfier(ref, \"<=32\");\nsatisfier.should.have.property(\"filter\");\nconst { filter } = satisfier;\nisCorrectFilter(filter, modulesList1, modulesList1.map(([moduleStr]) => moduleStr));",
              "err": {},
              "uuid": "cc156d4f-18f0-4b18-9185-005a56efcd10",
              "parentUUID": "069d5676-3c92-4b00-bce3-a59fd27f7742",
              "isHook": false,
              "skipped": false
            },
            {
              "title": "should truncate list of modules with upper bound of MCs at exact cutoff if total MC count is higher and there exists some starting sequence with exact MC count",
              "fullTitle": "inequalitySatisfier should truncate list of modules with upper bound of MCs at exact cutoff if total MC count is higher and there exists some starting sequence with exact MC count",
              "timedOut": false,
              "duration": 0,
              "state": "passed",
              "speed": "fast",
              "pass": true,
              "fail": false,
              "pending": false,
              "context": null,
              "code": "const satisfier = satisfiers_1.inequalitySatisfier(ref, \"<=16\");\nsatisfier.should.have.property(\"filter\");\nconst { filter } = satisfier;\nisCorrectFilter(filter, modulesList1, [\n    \"CS2100\",\n    \"GER1000\",\n    \"CS2040S\",\n    \"ST2131\",\n]);",
              "err": {},
              "uuid": "dd82dd89-ae16-4dbf-8b44-94cd160cac28",
              "parentUUID": "069d5676-3c92-4b00-bce3-a59fd27f7742",
              "isHook": false,
              "skipped": false
            },
            {
              "title": "should truncate list of modules with upper bound of MCs, cutting off at the minimum starting sequence that exceeds upper bound, if total MC count is higher and there exists no starting sequence with exact MC count",
              "fullTitle": "inequalitySatisfier should truncate list of modules with upper bound of MCs, cutting off at the minimum starting sequence that exceeds upper bound, if total MC count is higher and there exists no starting sequence with exact MC count",
              "timedOut": false,
              "duration": 0,
              "state": "passed",
              "speed": "fast",
              "pass": true,
              "fail": false,
              "pending": false,
              "context": null,
              "code": "const satisfier = satisfiers_1.inequalitySatisfier(ref, \"<=17\");\nsatisfier.should.have.property(\"filter\");\nconst { filter } = satisfier;\nisCorrectFilter(filter, modulesList1, [\n    \"CS2100\",\n    \"GER1000\",\n    \"CS2040S\",\n    \"ST2131\",\n    \"MA1521\",\n]);",
              "err": {},
              "uuid": "be032abc-5491-4fcc-8ff8-5b30e69bc03b",
              "parentUUID": "069d5676-3c92-4b00-bce3-a59fd27f7742",
              "isHook": false,
              "skipped": false
            }
          ],
          "suites": [],
          "passes": [
            "ad98fcc4-e60d-40c0-abd4-f2d48d932c95",
            "ae822350-d78f-46ac-b1fb-1aa2cbeb82a0",
            "e0fdecd8-e488-4e85-acfe-ecf7c7df9527",
            "4146f2ad-78e4-41a6-b894-19cf103ffc73",
            "cc156d4f-18f0-4b18-9185-005a56efcd10",
            "dd82dd89-ae16-4dbf-8b44-94cd160cac28",
            "be032abc-5491-4fcc-8ff8-5b30e69bc03b"
          ],
          "failures": [],
          "pending": [],
          "skipped": [],
          "duration": 1,
          "root": false,
          "rootEmpty": false,
          "_timeout": 2000
        },
        {
          "uuid": "1816fef3-437c-48f2-90ba-3106dc9375ce",
          "title": "inequalitySchema",
          "fullFile": "/home/runner/work/planwithus-lib/planwithus-lib/src/satisfyRule/inequality/schemas.test.ts",
          "file": "/src/satisfyRule/inequality/schemas.test.ts",
          "beforeHooks": [],
          "afterHooks": [],
          "tests": [
            {
              "title": "should validate inequality in the form <=n or >=n",
              "fullTitle": "inequalitySchema should validate inequality in the form <=n or >=n",
              "timedOut": false,
              "duration": 1,
              "state": "passed",
              "speed": "fast",
              "pass": true,
              "fail": false,
              "pending": false,
              "context": "[\n  {\n    \"title\": \"inequality sample 0\",\n    \"value\": \"<=3\"\n  },\n  {\n    \"title\": \"inequality sample 1\",\n    \"value\": \"<=2\"\n  },\n  {\n    \"title\": \"inequality sample 2\",\n    \"value\": \"<=189\"\n  },\n  {\n    \"title\": \"inequality sample 3\",\n    \"value\": \"<=1\"\n  },\n  {\n    \"title\": \"inequality sample 4\",\n    \"value\": \"<=88\"\n  },\n  {\n    \"title\": \"inequality sample 5\",\n    \"value\": \"<=8\"\n  },\n  {\n    \"title\": \"inequality sample 6\",\n    \"value\": \">=199\"\n  },\n  {\n    \"title\": \"inequality sample 7\",\n    \"value\": \">=198\"\n  },\n  {\n    \"title\": \"inequality sample 8\",\n    \"value\": \"<=195\"\n  },\n  {\n    \"title\": \"inequality sample 9\",\n    \"value\": \">=39\"\n  }\n]",
              "code": "fast_check_1.sample(index_test_2.inequality, 10).forEach((sample, i) => addContext_1.default(this, {\n    title: `inequality sample ${i}`,\n    value: sample,\n}));\nreturn fast_check_1.assert(fast_check_1.property(index_test_2.inequality, ajvValidate));",
              "err": {},
              "uuid": "4785aae1-387a-4bbb-9389-4bbce0f28bae",
              "parentUUID": "1816fef3-437c-48f2-90ba-3106dc9375ce",
              "isHook": false,
              "skipped": false
            },
            {
              "title": "should not validate inequality of invalid form",
              "fullTitle": "inequalitySchema should not validate inequality of invalid form",
              "timedOut": false,
              "duration": 2,
              "state": "passed",
              "speed": "fast",
              "pass": true,
              "fail": false,
              "pending": false,
              "context": null,
              "code": "[\n        \"\",\n        \"==23\",\n        \"23\",\n        \"<23\",\n        \">23\",\n        \"<=-1\",\n        \">=-1\",\n        \"<= 2\",\n        \">= 1\",\n        \"> 3\",\n        \"< 3\",\n        \"<=3a\",\n        \">=3a\",\n        \"a<=3\",\n        \"a>=3\",\n    ].forEach(isInvalidInequality)",
              "err": {},
              "uuid": "b1217f52-6fad-4f1f-b746-21a4672cb780",
              "parentUUID": "1816fef3-437c-48f2-90ba-3106dc9375ce",
              "isHook": false,
              "skipped": false
            }
          ],
          "suites": [],
          "passes": [
            "4785aae1-387a-4bbb-9389-4bbce0f28bae",
            "b1217f52-6fad-4f1f-b746-21a4672cb780"
          ],
          "failures": [],
          "pending": [],
          "skipped": [],
          "duration": 3,
          "root": false,
          "rootEmpty": false,
          "_timeout": 2000
        },
        {
          "uuid": "48ed36a8-50b4-4fb4-80b0-e432904c8da2",
          "title": "satisfyRuleSchema",
          "fullFile": "/home/runner/work/planwithus-lib/planwithus-lib/src/satisfyRule/schemas.test.ts",
          "file": "/src/satisfyRule/schemas.test.ts",
          "beforeHooks": [],
          "afterHooks": [],
          "tests": [
            {
              "title": "should validate satisfy rule with valid block id",
              "fullTitle": "satisfyRuleSchema should validate satisfy rule with valid block id",
              "timedOut": false,
              "duration": 1,
              "state": "passed",
              "speed": "fast",
              "pass": true,
              "fail": false,
              "pending": false,
              "context": null,
              "code": "fast_check_1.assert(fast_check_1.property(fast_check_1.string(), ajvValidate)",
              "err": {},
              "uuid": "f4c34f2a-a329-40e9-9cb4-c8a69daeb3a2",
              "parentUUID": "48ed36a8-50b4-4fb4-80b0-e432904c8da2",
              "isHook": false,
              "skipped": false
            },
            {
              "title": "should validate satisfy rules with valid mc",
              "fullTitle": "satisfyRuleSchema should validate satisfy rules with valid mc",
              "timedOut": false,
              "duration": 2,
              "state": "passed",
              "speed": "fast",
              "pass": true,
              "fail": false,
              "pending": false,
              "context": "[\n  {\n    \"title\": \"mcSatisfyRule sample 0\",\n    \"value\": {\n      \"mc\": \">=7\"\n    }\n  },\n  {\n    \"title\": \"mcSatisfyRule sample 1\",\n    \"value\": {\n      \"mc\": \">=185\"\n    }\n  },\n  {\n    \"title\": \"mcSatisfyRule sample 2\",\n    \"value\": {\n      \"mc\": \"<=7\"\n    }\n  },\n  {\n    \"title\": \"mcSatisfyRule sample 3\",\n    \"value\": {\n      \"mc\": \">=4\"\n    }\n  },\n  {\n    \"title\": \"mcSatisfyRule sample 4\",\n    \"value\": {\n      \"mc\": \"<=128\"\n    }\n  },\n  {\n    \"title\": \"mcSatisfyRule sample 5\",\n    \"value\": {\n      \"mc\": \"<=25\"\n    }\n  },\n  {\n    \"title\": \"mcSatisfyRule sample 6\",\n    \"value\": {\n      \"mc\": \"<=152\"\n    }\n  },\n  {\n    \"title\": \"mcSatisfyRule sample 7\",\n    \"value\": {\n      \"mc\": \">=193\"\n    }\n  },\n  {\n    \"title\": \"mcSatisfyRule sample 8\",\n    \"value\": {\n      \"mc\": \"<=4\"\n    }\n  },\n  {\n    \"title\": \"mcSatisfyRule sample 9\",\n    \"value\": {\n      \"mc\": \"<=141\"\n    }\n  }\n]",
              "code": "fast_check_1.sample(index_test_2.mcSatisfyRule, 10).forEach((sample, i) => addContext_1.default(this, {\n    title: `mcSatisfyRule sample ${i}`,\n    value: sample,\n}));\nreturn fast_check_1.assert(fast_check_1.property(index_test_2.mcSatisfyRule, ajvValidate));",
              "err": {},
              "uuid": "723d320d-f2eb-4f95-b1b9-66ae64e47e60",
              "parentUUID": "48ed36a8-50b4-4fb4-80b0-e432904c8da2",
              "isHook": false,
              "skipped": false
            },
            {
              "title": "should validate valid recursive satisfy rules",
              "fullTitle": "satisfyRuleSchema should validate valid recursive satisfy rules",
              "timedOut": false,
              "duration": 5,
              "state": "passed",
              "speed": "fast",
              "pass": true,
              "fail": false,
              "pending": false,
              "context": "[\n  {\n    \"title\": \"satisfyRule sample 0\",\n    \"value\": \"t({\"\n  },\n  {\n    \"title\": \"satisfyRule sample 1\",\n    \"value\": {\n      \"or\": []\n    }\n  },\n  {\n    \"title\": \"satisfyRule sample 2\",\n    \"value\": {\n      \"or\": [\n        {\n          \"and\": [\n            {\n              \"mc\": \"<=173\"\n            }\n          ]\n        },\n        {\n          \"or\": [\n            {\n              \"mc\": \">=110\"\n            },\n            \")bup\",\n            \"S[_9)wRU\"\n          ]\n        },\n        {\n          \"or\": [\n            {\n              \"or\": [\n                \"DU'zg}\",\n                \"wO~iyDr\"\n              ]\n            }\n          ]\n        },\n        {\n          \"and\": []\n        },\n        {\n          \"mc\": \">=21\"\n        }\n      ]\n    }\n  },\n  {\n    \"title\": \"satisfyRule sample 3\",\n    \"value\": \"|a!\"\n  },\n  {\n    \"title\": \"satisfyRule sample 4\",\n    \"value\": {\n      \"mc\": \">=136\"\n    }\n  },\n  {\n    \"title\": \"satisfyRule sample 5\",\n    \"value\": {\n      \"mc\": \">=73\"\n    }\n  },\n  {\n    \"title\": \"satisfyRule sample 6\",\n    \"value\": {\n      \"or\": [\n        {\n          \"mc\": \">=137\"\n        },\n        {\n          \"mc\": \">=173\"\n        }\n      ]\n    }\n  },\n  {\n    \"title\": \"satisfyRule sample 7\",\n    \"value\": {\n      \"or\": []\n    }\n  },\n  {\n    \"title\": \"satisfyRule sample 8\",\n    \"value\": \"&Xqc\"\n  },\n  {\n    \"title\": \"satisfyRule sample 9\",\n    \"value\": {\n      \"mc\": \">=171\"\n    }\n  }\n]",
              "code": "fast_check_1.sample(index_test_2.satisfyRule, 10).forEach((sample, i) => addContext_1.default(this, {\n    title: `satisfyRule sample ${i}`,\n    value: sample,\n}));\nreturn fast_check_1.assert(fast_check_1.property(index_test_2.satisfyRule, ajvValidate));",
              "err": {},
              "uuid": "9b2378fc-2d79-4d41-bd80-5dc6015f5f6e",
              "parentUUID": "48ed36a8-50b4-4fb4-80b0-e432904c8da2",
              "isHook": false,
              "skipped": false
            },
            {
              "title": "should not validate non-string/object",
              "fullTitle": "satisfyRuleSchema should not validate non-string/object",
              "timedOut": false,
              "duration": 3,
              "state": "passed",
              "speed": "fast",
              "pass": true,
              "fail": false,
              "pending": false,
              "context": null,
              "code": "const error = {\n    instancePath: \"\",\n    message: \"satisfy rule should be either a string or an object\",\n};\nisInvalidRule(null, error);\nisInvalidRule(undefined, error);\nisInvalidRule(10, error);\nisInvalidRule([12, 24], error);",
              "err": {},
              "uuid": "682de692-2579-4926-98aa-e83d1acb0145",
              "parentUUID": "48ed36a8-50b4-4fb4-80b0-e432904c8da2",
              "isHook": false,
              "skipped": false
            },
            {
              "title": "should not validate satisfy rules with extra properties",
              "fullTitle": "satisfyRuleSchema should not validate satisfy rules with extra properties",
              "timedOut": false,
              "duration": 1,
              "state": "passed",
              "speed": "fast",
              "pass": true,
              "fail": false,
              "pending": false,
              "context": null,
              "code": "isInvalidRule({\n        and: [\n            { or: [\"2k\"], abc: \"def\" },\n            { mc: 8, ghi: \"jkl\" },\n        ],\n        mno: \"pqr\",\n    }, {\n        instancePath: \"/and/0\",\n        message: \"or satisfy rule should have property 'or' only\",\n    }, {\n        instancePath: \"/and/1\",\n        message: \"MC satisfy rule should have property 'mc' only\",\n    }, {\n        instancePath: \"\",\n        message: \"and satisfy rule should have property 'and' only\",\n    })",
              "err": {},
              "uuid": "9d037270-7b07-428d-abf1-be11e32137c0",
              "parentUUID": "48ed36a8-50b4-4fb4-80b0-e432904c8da2",
              "isHook": false,
              "skipped": false
            },
            {
              "title": "should not validate ambiguous satisfy rules",
              "fullTitle": "satisfyRuleSchema should not validate ambiguous satisfy rules",
              "timedOut": false,
              "duration": 0,
              "state": "passed",
              "speed": "fast",
              "pass": true,
              "fail": false,
              "pending": false,
              "context": null,
              "code": "const message = \"satisfy rule should have only one of properties 'mc', 'and', 'or'\";\nisInvalidRule({\n    or: [\n        { mc: 5, and: [\"CS2040\"] },\n        { and: [{ and: [\"abc\"], or: [\"def\"] }] },\n    ],\n}, { instancePath: \"/or/0\", message }, { instancePath: \"/or/1/and/0\", message });",
              "err": {},
              "uuid": "abfe61ed-85f6-42f2-b01f-f26794f690dd",
              "parentUUID": "48ed36a8-50b4-4fb4-80b0-e432904c8da2",
              "isHook": false,
              "skipped": false
            },
            {
              "title": "should not validate and satisfy rules with non-array property",
              "fullTitle": "satisfyRuleSchema should not validate and satisfy rules with non-array property",
              "timedOut": false,
              "duration": 1,
              "state": "passed",
              "speed": "fast",
              "pass": true,
              "fail": false,
              "pending": false,
              "context": null,
              "code": "const message = \"property 'and' should be an array of satisfy rules\";\nisInvalidRule({ or: [{ and: {} }, { or: [{ and: 3 }] }] }, { instancePath: \"/or/0/and\", message }, { instancePath: \"/or/1/or/0/and\", message });",
              "err": {},
              "uuid": "5ef7f86c-b20a-4f3c-a1fa-3fb138724ecf",
              "parentUUID": "48ed36a8-50b4-4fb4-80b0-e432904c8da2",
              "isHook": false,
              "skipped": false
            },
            {
              "title": "should not validate or satisfy rules with non-array property",
              "fullTitle": "satisfyRuleSchema should not validate or satisfy rules with non-array property",
              "timedOut": false,
              "duration": 0,
              "state": "passed",
              "speed": "fast",
              "pass": true,
              "fail": false,
              "pending": false,
              "context": null,
              "code": "const message = \"property 'or' should be an array of satisfy rules\";\nisInvalidRule({ and: [{ or: {} }, { and: [{ or: 3 }] }] }, { instancePath: \"/and/0/or\", message }, { instancePath: \"/and/1/and/0/or\", message });",
              "err": {},
              "uuid": "57ff7b1e-21c4-4c71-a088-d00967f3dbd4",
              "parentUUID": "48ed36a8-50b4-4fb4-80b0-e432904c8da2",
              "isHook": false,
              "skipped": false
            }
          ],
          "suites": [],
          "passes": [
            "f4c34f2a-a329-40e9-9cb4-c8a69daeb3a2",
            "723d320d-f2eb-4f95-b1b9-66ae64e47e60",
            "9b2378fc-2d79-4d41-bd80-5dc6015f5f6e",
            "682de692-2579-4926-98aa-e83d1acb0145",
            "9d037270-7b07-428d-abf1-be11e32137c0",
            "abfe61ed-85f6-42f2-b01f-f26794f690dd",
            "5ef7f86c-b20a-4f3c-a1fa-3fb138724ecf",
            "57ff7b1e-21c4-4c71-a088-d00967f3dbd4"
          ],
          "failures": [],
          "pending": [],
          "skipped": [],
          "duration": 13,
          "root": false,
          "rootEmpty": false,
          "_timeout": 2000
        }
      ],
      "passes": [],
      "failures": [],
      "pending": [],
      "skipped": [],
      "duration": 0,
      "root": true,
      "rootEmpty": true,
      "_timeout": 2000
    }
  ],
  "meta": {
    "mocha": {
      "version": "9.0.2"
    },
    "mochawesome": {
      "options": {
        "quiet": false,
        "reportFilename": "mochawesome",
        "saveHtml": true,
        "saveJson": true,
        "consoleReporter": "spec",
        "useInlineDiffs": false,
        "code": true
      },
      "version": "6.2.2"
    },
    "marge": {
      "options": {
        "reportDir": "docs"
      },
      "version": "5.2.0"
    }
  }
}