{
  "stats": {
    "suites": 10,
    "tests": 48,
    "passes": 48,
    "pending": 0,
    "failures": 0,
    "start": "2021-07-21T09:57:04.395Z",
    "end": "2021-07-21T09:57:04.701Z",
    "duration": 306,
    "testsRegistered": 48,
    "passPercent": 100,
    "pendingPercent": 0,
    "other": 0,
    "hasOther": false,
    "skipped": 0,
    "hasSkipped": false
  },
  "results": [
    {
      "uuid": "6593d195-2fbd-478e-aa9c-37b2ad971d9d",
      "title": "",
      "fullFile": "",
      "file": "",
      "beforeHooks": [],
      "afterHooks": [],
      "tests": [],
      "suites": [
        {
          "uuid": "f844be47-061a-403a-b647-9e8c98e2dcf7",
          "title": "initDirectories",
          "fullFile": "/home/runner/work/planwithus-lib/planwithus-lib/src/block/schemas.test.ts",
          "file": "/src/block/schemas.test.ts",
          "beforeHooks": [],
          "afterHooks": [],
          "tests": [
            {
              "title": "should parse all blocks with no errors",
              "fullTitle": "initDirectories should parse all blocks with no errors",
              "timedOut": false,
              "duration": 2,
              "state": "passed",
              "speed": "fast",
              "pass": true,
              "fail": false,
              "pending": false,
              "context": null,
              "code": "_1.initDirectories.should.not.throw()",
              "err": {},
              "uuid": "9303bed9-2939-4bf1-b30b-e8eaa77fe4ac",
              "parentUUID": "f844be47-061a-403a-b647-9e8c98e2dcf7",
              "isHook": false,
              "skipped": false
            },
            {
              "title": "should produce primary, second & minor directories",
              "fullTitle": "initDirectories should produce primary, second & minor directories",
              "timedOut": false,
              "duration": 2,
              "state": "passed",
              "speed": "fast",
              "pass": true,
              "fail": false,
              "pending": false,
              "context": null,
              "code": "const directories = _1.initDirectories();\ndirectories.should.have.property(\"primary\");\ndirectories.should.have.property(\"second\");\ndirectories.should.have.property(\"minor\");",
              "err": {},
              "uuid": "3a9a8b42-5d79-4f22-a8f0-1b60c628797a",
              "parentUUID": "f844be47-061a-403a-b647-9e8c98e2dcf7",
              "isHook": false,
              "skipped": false
            }
          ],
          "suites": [],
          "passes": [
            "9303bed9-2939-4bf1-b30b-e8eaa77fe4ac",
            "3a9a8b42-5d79-4f22-a8f0-1b60c628797a"
          ],
          "failures": [],
          "pending": [],
          "skipped": [],
          "duration": 4,
          "root": false,
          "rootEmpty": false,
          "_timeout": 2000
        },
        {
          "uuid": "e3c00ed8-60ff-4f2f-b524-38a5c5e5cefc",
          "title": "blockSchema",
          "fullFile": "/home/runner/work/planwithus-lib/planwithus-lib/src/block/schemas.test.ts",
          "file": "/src/block/schemas.test.ts",
          "beforeHooks": [],
          "afterHooks": [],
          "tests": [
            {
              "title": "should validate valid block",
              "fullTitle": "blockSchema should validate valid block",
              "timedOut": false,
              "duration": 184,
              "state": "passed",
              "speed": "slow",
              "pass": true,
              "fail": false,
              "pending": false,
              "context": "[\n  {\n    \"title\": \"block sample 0\",\n    \"value\": {\n      \"ay\": 1980,\n      \"assign\": \">\",\n      \"match\": [\n        {\n          \"and\": []\n        },\n        {\n          \"or\": [\n            {\n              \"or\": [\n                {\n                  \"or\": []\n                },\n                \"OGX0L\",\n                {\n                  \"pattern\": \"CXx243\",\n                  \"exclude\": \"UUS77x\",\n                  \"info\": \"MI.dR*[>]/\"\n                }\n              ]\n            },\n            {\n              \"pattern\": \"AYN74\",\n              \"exclude\": [\n                \"YO360\",\n                \"XE02\",\n                \"VDK4*7\",\n                \"FLZ6*62P\",\n                \"THK0*\"\n              ],\n              \"info\": \"%\"\n            },\n            {\n              \"or\": [\n                \"VLH0\",\n                {\n                  \"or\": [\n                    \"JP620*\",\n                    \"PM7235F\",\n                    \"IX4x9xK\"\n                  ]\n                }\n              ]\n            }\n          ]\n        }\n      ],\n      \"satisfy\": {\n        \"or\": [\n          {\n            \"or\": [\n              \"T\\\"S!\",\n              {\n                \"or\": [\n                  {\n                    \"mc\": \">=200\"\n                  }\n                ]\n              },\n              {\n                \"and\": [\n                  \"6zu>:I4i\\\\C\",\n                  {\n                    \"or\": [\n                      \"Efa\",\n                      \"hQEC@z\"\n                    ]\n                  },\n                  \"gB\",\n                  \"T620 :oCV\",\n                  \"qR{GD^g\"\n                ]\n              }\n            ]\n          }\n        ]\n      },\n      \"url\": \"http://7p564bklgkgk8ww8r0p6txxvtwzbrs1c2t.fnaasywxq/3/4/@NDEvp/nkg/U%F0%B2%8B%98e(*V&/%F1%AE%A8%89a%F0%94%8F%A0O8o//RZQvC\",\n      \"info\": \"\",\n      \"isSelectable\": true\n    }\n  },\n  {\n    \"title\": \"block sample 1\",\n    \"value\": {\n      \"name\": \"r#\",\n      \"ay\": 1951,\n      \"assign\": [\n        \"J\",\n        \"(}Y\"\n      ],\n      \"match\": [\n        {\n          \"pattern\": \"NN8x2*\",\n          \"exclude\": [\n            \"BKT*7\",\n            \"IWQ88G\"\n          ],\n          \"info\": \"~C\\\" }\"\n        },\n        {\n          \"and\": [\n            {\n              \"pattern\": \"TBC*Y\",\n              \"exclude\": [\n                \"YC4512E\",\n                \"AH6010\",\n                \"IY7869\"\n              ],\n              \"info\": \"DUoC8B4r2i\"\n            },\n            {\n              \"and\": [\n                \"YH7\",\n                {\n                  \"and\": []\n                },\n                {\n                  \"pattern\": \"XS*3R\",\n                  \"exclude\": [\n                    \"GTY5415L\"\n                  ],\n                  \"info\": \"{%{\"\n                },\n                {\n                  \"or\": [\n                    {\n                      \"and\": [\n                        \"TU1\",\n                        \"EVU94*x\",\n                        \"AOH4*F\"\n                      ]\n                    },\n                    \"PQ5133\",\n                    {\n                      \"or\": [\n                        {\n                          \"and\": [\n                            \"LMT1F\"\n                          ]\n                        },\n                        \"MA6*\"\n                      ]\n                    },\n                    {\n                      \"and\": [\n                        {\n                          \"pattern\": \"KCX14P\",\n                          \"info\": \"`t\"\n                        }\n                      ]\n                    }\n                  ]\n                }\n              ]\n            },\n            {\n              \"or\": [\n                \"OZ4*\",\n                {\n                  \"and\": [\n                    {\n                      \"and\": []\n                    },\n                    {\n                      \"pattern\": \"XF96\",\n                      \"exclude\": \"VNS9B\",\n                      \"info\": \"T.*\"\n                    }\n                  ]\n                }\n              ]\n            },\n            {\n              \"and\": [\n                {\n                  \"and\": [\n                    \"KP7x7\"\n                  ]\n                },\n                \"JN1\",\n                {\n                  \"or\": []\n                },\n                \"KG**10\",\n                {\n                  \"pattern\": \"WAS8\",\n                  \"exclude\": \"MD1x7\",\n                  \"info\": \"/@cI@b\"\n                }\n              ]\n            },\n            {\n              \"and\": [\n                \"IM7xU\"\n              ]\n            }\n          ]\n        },\n        {\n          \"or\": []\n        },\n        \"RNG*F\",\n        {\n          \"and\": [\n            {\n              \"and\": [\n                {\n                  \"and\": [\n                    {\n                      \"pattern\": \"HT415\",\n                      \"exclude\": [\n                        \"BX5739\",\n                        \"HTA73*3T\"\n                      ],\n                      \"info\": \"=<q'x,\"\n                    },\n                    {\n                      \"and\": [\n                        \"GOS9515\",\n                        \"JCH9\"\n                      ]\n                    },\n                    \"WWA7\",\n                    \"JSX749O\",\n                    \"SD9\"\n                  ]\n                },\n                \"CL12*D\",\n                {\n                  \"and\": []\n                },\n                {\n                  \"and\": [\n                    \"LMY3L\",\n                    {\n                      \"or\": [\n                        {\n                          \"and\": [\n                            \"YH6*93\"\n                          ]\n                        },\n                        \"KUE91N\",\n                        \"UWGx0\",\n                        {\n                          \"or\": [\n                            {\n                              \"pattern\": \"SLW8\",\n                              \"exclude\": [\n                                \"DAK896\",\n                                \"CC7B\"\n                              ],\n                              \"info\": \"(6|cW.n[\"\n                            },\n                            \"NM2V\",\n                            \"AEQ31\",\n                            \"LY63V\"\n                          ]\n                        }\n                      ]\n                    },\n                    \"DSM8441E\"\n                  ]\n                }\n              ]\n            },\n            {\n              \"pattern\": \"QT89\",\n              \"info\": \"86[48$>SW\"\n            },\n            \"LXG72*\",\n            {\n              \"pattern\": \"LU87O\",\n              \"exclude\": [\n                \"XUJ2x66\"\n              ],\n              \"info\": \"a6`#t c5\"\n            },\n            {\n              \"or\": [\n                {\n                  \"pattern\": \"IND5345\",\n                  \"exclude\": [\n                    \"IX00P\"\n                  ],\n                  \"info\": \"c9Nn'\"\n                }\n              ]\n            }\n          ]\n        }\n      ],\n      \"satisfy\": {\n        \"mc\": \"<=196\"\n      },\n      \"url\": \"https://eoye8bolqcdh47l2f90318e-b4el-nnbgdtcbvaalb56vxy04a7f9f.s6dn7mfp59t.fsd.c.fnurggc53h0rmhr-epvz8yxbrdpin38u-5nxkx46joy-wag7voh7arimg.lq/=NqiV%F3%B2%B1%BAJJh/M*5'TWHJ/2LbL/X4E~QfH%F1%95%84%85I/=Nx/Ba7kMPl_X%F4%8D%8B%B6/$-+Ly\",\n      \"info\": \"s{~\",\n      \"}k1\": {\n        \"name\": \"o+<.6\",\n        \"ay\": 1973,\n        \"assign\": [\n          \"{wM~x\",\n          \"8E[)h-:fW\"\n        ],\n        \"match\": [\n          {\n            \"pattern\": \"ZV0563F\",\n            \"exclude\": \"JM9070\",\n            \"info\": \"L8\"\n          },\n          \"WMW02E\"\n        ],\n        \"satisfy\": [\n          {\n            \"or\": [\n              {\n                \"or\": [\n                  {\n                    \"or\": [\n                      {\n                        \"mc\": \">=142\"\n                      },\n                      {\n                        \"mc\": \">=60\"\n                      }\n                    ]\n                  },\n                  {\n                    \"mc\": \"<=3\"\n                  },\n                  {\n                    \"mc\": \"<=153\"\n                  }\n                ]\n              },\n              \"TQZ\",\n              {\n                \"or\": [\n                  {\n                    \"mc\": \">=134\"\n                  },\n                  {\n                    \"or\": [\n                      {\n                        \"or\": []\n                      },\n                      {\n                        \"and\": [\n                          \"skZ-^->~\",\n                          \"JPdUw\",\n                          \"6ae{$5>T\",\n                          \"\\\"D\"\n                        ]\n                      }\n                    ]\n                  },\n                  \"nQ\",\n                  \".\"\n                ]\n              },\n              \"r:(O+f.7+\",\n              {\n                \"or\": [\n                  \"ve8Kyf/8kF\",\n                  {\n                    \"or\": [\n                      {\n                        \"mc\": \">=124\"\n                      }\n                    ]\n                  },\n                  {\n                    \"and\": [\n                      \"\"\n                    ]\n                  },\n                  {\n                    \"and\": [\n                      \"$_C=QAE]}\",\n                      \"GGwGt((2B\",\n                      {\n                        \"or\": [\n                          {\n                            \"mc\": \">=160\"\n                          }\n                        ]\n                      },\n                      \"/kkJnFpM\",\n                      {\n                        \"mc\": \"<=49\"\n                      }\n                    ]\n                  },\n                  {\n                    \"or\": [\n                      \"r,\",\n                      \"n$VkXilO\",\n                      \":\\\"l\",\n                      {\n                        \"and\": []\n                      },\n                      {\n                        \"mc\": \"<=152\"\n                      }\n                    ]\n                  }\n                ]\n              }\n            ]\n          },\n          \"&NA\",\n          {\n            \"mc\": \"<=15\"\n          }\n        ],\n        \"url\": \"http://h3yilpb7.yyygq3cu7zemri91ylpplx4qxzafja8cbxppaerm2.ikpgpkud//M%F1%A9%93%B7hLQ5fL//kb6n)%F3%95%A2%BEpOe/Gt,/JYWH/@%F1%B3%8D%AE69m*$64/3%F3%8C%87%AB%F3%AC%94%BC\",\n        \"info\": \"*2om1*_|1&\",\n        \"isSelectable\": true,\n        \"\": {\n          \"name\": \"6\\\\\",\n          \"ay\": 2025,\n          \"assign\": \"n$Mo\",\n          \"match\": {\n            \"pattern\": \"OVx232T\",\n            \"exclude\": [\n              \"UIB3509D\",\n              \"CCL101\",\n              \"UD0733W\"\n            ],\n            \"info\": \"\"\n          },\n          \"url\": \"http://uf0.799m9e.owyyzibwqg/d9fg/J)x6J/*_1\",\n          \"info\": \"qx*~R=}C\",\n          \"isSelectable\": true\n        }\n      }\n    }\n  },\n  {\n    \"title\": \"block sample 2\",\n    \"value\": {\n      \"name\": \"*L!lw/\",\n      \"ay\": 1951,\n      \"assign\": [\n        \"dp?d$eEo\",\n        \"##~k!R;}+M\"\n      ],\n      \"match\": [\n        {\n          \"and\": [\n            {\n              \"and\": [\n                {\n                  \"or\": [\n                    {\n                      \"pattern\": \"EBA363Y\",\n                      \"info\": \"Li\"\n                    },\n                    {\n                      \"or\": [\n                        \"MTQ7O\",\n                        \"ZL*66\",\n                        \"QV32\"\n                      ]\n                    }\n                  ]\n                },\n                {\n                  \"or\": []\n                },\n                \"OT16x9\",\n                \"PDU0S\",\n                {\n                  \"pattern\": \"AZK8*8\",\n                  \"exclude\": \"LQPx\",\n                  \"info\": \"|^afw\"\n                }\n              ]\n            },\n            {\n              \"or\": [\n                {\n                  \"or\": [\n                    \"VWW2635\",\n                    {\n                      \"or\": [\n                        \"HRP1xR\",\n                        \"EY19I\",\n                        {\n                          \"and\": []\n                        },\n                        \"INH491N\",\n                        \"ZJN214V\"\n                      ]\n                    },\n                    {\n                      \"pattern\": \"VWJ9U\",\n                      \"exclude\": [\n                        \"JHC7O\",\n                        \"JHD5260\",\n                        \"CV5\",\n                        \"MC2\",\n                        \"BZH095\"\n                      ],\n                      \"info\": \"\"\n                    }\n                  ]\n                },\n                \"BHN2D\",\n                \"HD*3\"\n              ]\n            }\n          ]\n        },\n        {\n          \"and\": [\n            \"JY65xC\",\n            \"DK81N\"\n          ]\n        },\n        {\n          \"or\": [\n            \"UCS0\"\n          ]\n        }\n      ],\n      \"url\": \"http://aujnz-f9cqpgp0jtp29f24ar2hqjargpmwjfngpu1x03xrkkgdmxtc4.eo-6d92l0kk1u1j43e4aov8zd2pe.2mtvgfn-0wsxfs0bjhykzcuk6twumoag-oy7kgmkyth21dutpzyypuj.egcmmk/I/p@U;DF0-N/u'Ut~/LyEX_lG9Iw//Psw80(/w2BNP;/%F2%BE%B6%B8vLA/A%F1%BA%9D%88.%F2%AA%B1%9C\",\n      \"info\": \";N\\\\gKW\",\n      \"isSelectable\": true\n    }\n  },\n  {\n    \"title\": \"block sample 3\",\n    \"value\": {\n      \"assign\": [\n        \"\",\n        \"d-l \",\n        \"cd]Gy,\"\n      ],\n      \"match\": {\n        \"and\": [\n          \"PU2*45\",\n          \"RY92\",\n          {\n            \"pattern\": \"OCS94x2T\",\n            \"exclude\": \"SVN93\",\n            \"info\": \"~oF!$ix%r\"\n          }\n        ]\n      },\n      \"satisfy\": \"qRYr}MWBOC\",\n      \"url\": \"http://s227lvw29v2t6fth120glrmr-coh0i.kdxzdc\",\n      \"info\": \"{\",\n      \"isSelectable\": true,\n      \"\": {\n        \"name\": \"\",\n        \"ay\": 1955,\n        \"assign\": [\n          \"j8^{b`\\\"\",\n          \"qK~,sruWV8\",\n          \"c{B.U1hJh\",\n          \"Xf{cU]m\",\n          \";>IqB^^JXz\"\n        ],\n        \"match\": {\n          \"and\": [\n            \"JR4Q\",\n            \"LD999\",\n            {\n              \"pattern\": \"GU3\",\n              \"exclude\": \"GO5N\",\n              \"info\": \"0r@i7\"\n            },\n            {\n              \"or\": [\n                {\n                  \"pattern\": \"AY67G\",\n                  \"exclude\": \"UZ0*54Z\",\n                  \"info\": \"0=\\\"R\"\n                },\n                \"EC700\",\n                {\n                  \"or\": [\n                    \"JZ*0P\",\n                    {\n                      \"or\": [\n                        \"LU8289\",\n                        {\n                          \"pattern\": \"JT7x\",\n                          \"exclude\": [\n                            \"QNK5\",\n                            \"RY8\"\n                          ],\n                          \"info\": \"\"\n                        },\n                        \"XM5816\"\n                      ]\n                    },\n                    \"UOU*I\",\n                    {\n                      \"and\": [\n                        \"RKC1780\"\n                      ]\n                    }\n                  ]\n                }\n              ]\n            }\n          ]\n        },\n        \"satisfy\": \"j 0/qg T\",\n        \"url\": \"http://dyob0e.rd/Lcg6/bf/(c;/*!n/:2+q\",\n        \"isSelectable\": true\n      }\n    }\n  },\n  {\n    \"title\": \"block sample 4\",\n    \"value\": {\n      \"name\": \"0/zy\\\"\",\n      \"assign\": [\n        \"l/.:338.\",\n        \"#{+/zef/ \"\n      ],\n      \"match\": \"DWT3\",\n      \"satisfy\": [\n        {\n          \"mc\": \">=180\"\n        },\n        \"42\"\n      ],\n      \"url\": \"https://kguqfxxqc5q-dhip89dkgk7.it/6-/\",\n      \"info\": \"s-}mdZVN:\",\n      \"isSelectable\": true\n    }\n  },\n  {\n    \"title\": \"block sample 5\",\n    \"value\": {\n      \"9\": {\n        \"name\": \"}7\",\n        \"ay\": 1998,\n        \"match\": [\n          {\n            \"pattern\": \"SKP19\",\n            \"exclude\": [\n              \"MAW4\",\n              \"PDN7P\",\n              \"MA96*\",\n              \"EAX915\",\n              \"BN81xX\"\n            ]\n          },\n          {\n            \"and\": [\n              {\n                \"or\": [\n                  {\n                    \"pattern\": \"EKx98\",\n                    \"exclude\": [\n                      \"NS185M\",\n                      \"SVA9*5A\",\n                      \"DHK217\"\n                    ],\n                    \"info\": \"\\\"(EY1\"\n                  },\n                  {\n                    \"pattern\": \"LH69\",\n                    \"exclude\": [],\n                    \"info\": \"\"\n                  },\n                  \"NST965I\",\n                  {\n                    \"and\": [\n                      \"OE*\",\n                      \"MCV3249\",\n                      \"MQP5*\",\n                      \"HIT35\",\n                      {\n                        \"and\": [\n                          \"UU*55X\",\n                          \"SCI*Z\",\n                          \"GQE986\"\n                        ]\n                      }\n                    ]\n                  },\n                  {\n                    \"or\": [\n                      {\n                        \"or\": []\n                      }\n                    ]\n                  }\n                ]\n              },\n              {\n                \"and\": []\n              },\n              {\n                \"and\": [\n                  {\n                    \"pattern\": \"KNF73P\",\n                    \"exclude\": \"URC31S\",\n                    \"info\": \"^RaP&,(S<\"\n                  }\n                ]\n              }\n            ]\n          }\n        ],\n        \"satisfy\": [\n          \"RJ&\"\n        ],\n        \"url\": \"https://fjujolulvvly26cn6awgfmo0x4v5a569bfhqdn.6jimqq61r5omf7olqhq-3-hkt39uuwtw.jwm/hAOLd'z\",\n        \"isSelectable\": true,\n        \"}\": {\n          \"name\": \"\",\n          \"ay\": 1959,\n          \"assign\": \"%aa#(\",\n          \"match\": [\n            {\n              \"and\": [\n                {\n                  \"or\": [\n                    \"HT*728\",\n                    {\n                      \"and\": [\n                        \"TOI55\",\n                        \"OY*\",\n                        \"KMQ1188B\",\n                        \"MCZ66X\"\n                      ]\n                    },\n                    {\n                      \"pattern\": \"XQS933\",\n                      \"exclude\": [\n                        \"KSY5x1\",\n                        \"DS62Q\"\n                      ],\n                      \"info\": \"`'K/wp\"\n                    }\n                  ]\n                },\n                {\n                  \"or\": [\n                    \"KPJ40\",\n                    \"PI7L\"\n                  ]\n                }\n              ]\n            },\n            {\n              \"and\": [\n                \"JP8x71\",\n                {\n                  \"and\": [\n                    {\n                      \"or\": [\n                        \"UR0X\",\n                        \"JJB1370M\",\n                        \"UA48x\",\n                        {\n                          \"pattern\": \"TIF15H\",\n                          \"exclude\": [\n                            \"MWC2x51\",\n                            \"BMT665X\",\n                            \"DSLx11\",\n                            \"TWx30L\",\n                            \"NEJ1S\"\n                          ],\n                          \"info\": \"t,(;vt+uu\"\n                        },\n                        \"ZGZ75\"\n                      ]\n                    },\n                    {\n                      \"pattern\": \"MI*50\",\n                      \"exclude\": [],\n                      \"info\": \"jHN,|'L\"\n                    },\n                    {\n                      \"or\": [\n                        \"LRxD\",\n                        \"HB74Y\",\n                        \"FRx553\"\n                      ]\n                    },\n                    \"PA2602E\",\n                    \"KHAx3\"\n                  ]\n                },\n                \"VCC*0I\"\n              ]\n            },\n            {\n              \"and\": [\n                {\n                  \"and\": [\n                    {\n                      \"pattern\": \"FR1*S\",\n                      \"info\": \"wUz\"\n                    },\n                    \"QYx989\",\n                    \"GZ7x6D\",\n                    {\n                      \"and\": []\n                    }\n                  ]\n                }\n              ]\n            }\n          ],\n          \"satisfy\": [\n            {\n              \"mc\": \"<=84\"\n            },\n            \"#rDHd\",\n            {\n              \"mc\": \"<=101\"\n            }\n          ],\n          \"info\": \"B0\",\n          \"isSelectable\": true,\n          \"H\": {\n            \"name\": \"`\",\n            \"ay\": 1959,\n            \"assign\": \"u\",\n            \"match\": \"OCR153T\",\n            \"satisfy\": [\n              \"JwX\",\n              \"\",\n              \"\"\n            ],\n            \"url\": \"https://5.luevlcarpi/8KGZ\",\n            \"info\": \"L6hm8-:6N \",\n            \"isSelectable\": true\n          },\n          \"4hA'S\": {\n            \"name\": \"Jb`h,&#Z\",\n            \"ay\": 1988,\n            \"assign\": [],\n            \"match\": [\n              \"OYZ7118H\",\n              \"IGP94P\",\n              {\n                \"or\": [\n                  {\n                    \"and\": [\n                      {\n                        \"pattern\": \"IZ206\",\n                        \"exclude\": [],\n                        \"info\": \"^$z?fD}6),\"\n                      },\n                      \"QHx0B\"\n                    ]\n                  },\n                  {\n                    \"pattern\": \"BR08E\",\n                    \"exclude\": \"VVU8\",\n                    \"info\": \"\"\n                  },\n                  {\n                    \"or\": [\n                      \"UK719\"\n                    ]\n                  },\n                  {\n                    \"or\": [\n                      {\n                        \"pattern\": \"CG068R\",\n                        \"exclude\": \"CQS9439\",\n                        \"info\": \"dcwFH~\"\n                      }\n                    ]\n                  }\n                ]\n              }\n            ],\n            \"info\": \"h$*-vfV>*[\",\n            \"isSelectable\": true\n          },\n          \"#I*+\": {\n            \"name\": \"&M/\",\n            \"match\": {\n              \"and\": [\n                {\n                  \"and\": [\n                    \"RG9\",\n                    {\n                      \"or\": [\n                        \"NGH*F\",\n                        \"NU105M\",\n                        \"SJ9117\",\n                        \"WTT7\"\n                      ]\n                    }\n                  ]\n                },\n                {\n                  \"or\": [\n                    \"OUO463S\",\n                    \"ATCxG\",\n                    \"XP2Z\"\n                  ]\n                },\n                {\n                  \"and\": [\n                    \"QPx094\",\n                    \"QBEx1x\"\n                  ]\n                },\n                {\n                  \"or\": [\n                    \"EC5*\",\n                    {\n                      \"or\": [\n                        \"THJ*V\",\n                        \"SMG970X\",\n                        \"QH325G\",\n                        {\n                          \"and\": [\n                            \"QD*\",\n                            \"LJG584W\"\n                          ]\n                        }\n                      ]\n                    },\n                    \"RNT0690C\",\n                    \"ONW9\"\n                  ]\n                }\n              ]\n            },\n            \"satisfy\": {\n              \"and\": []\n            },\n            \"info\": \"-$\",\n            \"isSelectable\": true\n          },\n          \"CQ.&wzUg\": {\n            \"name\": \"\",\n            \"ay\": 1991,\n            \"satisfy\": {\n              \"and\": []\n            },\n            \"url\": \"http://f0ffgazj8yydgzfg1e.ibkfple/OA/J/j%F3%A7%8F%9AGF+%F2%8C%A0%A1/1jlfv/7_ry%F1%94%B1%82%F3%93%A7%BA!/5%F3%BB%A1%8D'T@~+X5r/rDG\",\n            \"info\": \"zC#t\\\\D.3'\",\n            \"isSelectable\": true,\n            \"Q1Z\\\\S\": {\n              \"ay\": 1958,\n              \"assign\": [\n                \")e_\",\n                \"e~;T\"\n              ],\n              \"match\": \"CSG*\",\n              \"satisfy\": \"l%w.8:'\",\n              \"url\": \"http://yyowsiubqb7n6p0bk9a6ioozvm4e-t2w4v6ly-yw.mcm//Cr/UJO=M*mqA/g)OL/w.wit=h%F3%B5%AF%BBE/hvr~s/_4YVaTW/H%F0%B9%A1%B1L~%F3%AD%BF%A6SKE/8dgz&:%F3%88%AD%B7YR/yNsIVx\",\n              \"info\": \"Di8QOW\",\n              \"isSelectable\": true\n            },\n            \"A8W'\": {\n              \"name\": \"h(0\",\n              \"ay\": 2029,\n              \"assign\": \"s.F}\\\",+\",\n              \"match\": {\n                \"or\": [\n                  \"ILH75x2G\",\n                  \"WRXx1\",\n                  {\n                    \"and\": [\n                      \"SXJ2x1E\",\n                      \"HV15\"\n                    ]\n                  },\n                  {\n                    \"and\": [\n                      {\n                        \"pattern\": \"IDY0*89Z\",\n                        \"info\": \"dn.\"\n                      },\n                      {\n                        \"or\": [\n                          \"FRI2*2*Z\",\n                          \"LCK*23\",\n                          \"FL**N\"\n                        ]\n                      }\n                    ]\n                  }\n                ]\n              },\n              \"satisfy\": {\n                \"mc\": \">=12\"\n              }\n            },\n            \"U-S\": {\n              \"ay\": 2006,\n              \"assign\": [\n                \"s\"\n              ],\n              \"match\": {\n                \"pattern\": \"QY232*R\",\n                \"exclude\": [\n                  \"ZVF671\",\n                  \"HSx*1xS\",\n                  \"FNQ*54\"\n                ]\n              },\n              \"satisfy\": [\n                {\n                  \"mc\": \"<=197\"\n                },\n                {\n                  \"and\": [\n                    {\n                      \"mc\": \"<=200\"\n                    },\n                    {\n                      \"and\": [\n                        {\n                          \"or\": [\n                            {\n                              \"or\": [\n                                \"?Ql9YYz@2e\",\n                                \"K~\",\n                                \"ScuJ#CM[In\"\n                              ]\n                            },\n                            {\n                              \"or\": [\n                                \"$[2F\",\n                                {\n                                  \"and\": [\n                                    \"u'\",\n                                    \"p!Jb\"\n                                  ]\n                                },\n                                \"(%Z8gW DP&\",\n                                \"Xvu $<Bg\",\n                                \":UOP#@D\"\n                              ]\n                            },\n                            {\n                              \"or\": []\n                            },\n                            {\n                              \"and\": [\n                                \"psA!2t\",\n                                \"m[?{\\\"Hn\"\n                              ]\n                            }\n                          ]\n                        }\n                      ]\n                    }\n                  ]\n                },\n                {\n                  \"or\": [\n                    {\n                      \"mc\": \"<=118\"\n                    },\n                    {\n                      \"and\": []\n                    },\n                    {\n                      \"or\": [\n                        {\n                          \"mc\": \">=178\"\n                        },\n                        \"?x\\\"\\\"lL}\",\n                        \"2OAU-fm\"\n                      ]\n                    },\n                    {\n                      \"mc\": \"<=159\"\n                    }\n                  ]\n                }\n              ],\n              \"url\": \"https://v.vzqb/q*&:%F2%9E%8D%9Dpv\",\n              \"info\": \"Y\",\n              \"isSelectable\": true\n            }\n          }\n        },\n        \"}'q\": {\n          \"4\": {\n            \"name\": \"yn5:*[S\",\n            \"ay\": 2022,\n            \"assign\": \"03}kY\",\n            \"match\": [\n              \"YI3*10\",\n              {\n                \"and\": [\n                  {\n                    \"pattern\": \"SJS07\",\n                    \"exclude\": \"VTxH\",\n                    \"info\": \"gyw5cS4m\\\\\"\n                  }\n                ]\n              }\n            ],\n            \"satisfy\": {\n              \"or\": [\n                {\n                  \"or\": [\n                    {\n                      \"and\": []\n                    },\n                    {\n                      \"and\": [\n                        {\n                          \"mc\": \"<=124\"\n                        },\n                        \"q9(EE\",\n                        \"OtWlx\"\n                      ]\n                    }\n                  ]\n                },\n                {\n                  \"or\": [\n                    \"]0k@\",\n                    \"k\",\n                    \";JhL\"\n                  ]\n                },\n                \"5u-?I=Vd\",\n                {\n                  \"or\": []\n                }\n              ]\n            },\n            \"url\": \"https://410s1bxri4d9y9qmg5cr78p6k5uj8z1.c.g.t45o0opqrus31ujc1eopx2mmkk53bkw5sbtv5kqg6t3i.e92k-9xs.wzwjcljdp/3m+x/F/C@S/*&,54iSz+/%F4%84%9A%87%F1%8F%A3%85BQ=k*e);/C2uN*@(rd/.%F0%92%B4%8CMuOp!/5%F3%A3%A5%B6ckjL=\",\n            \"info\": \"!f<LM)9vJ\",\n            \"isSelectable\": true\n          },\n          \"name\": \".CQ^\",\n          \"assign\": [\n            \"529O\",\n            \"i\",\n            \"gYz2A\",\n            \"\",\n            \"B\\\\/UC \"\n          ],\n          \"match\": [\n            {\n              \"and\": [\n                {\n                  \"or\": [\n                    {\n                      \"and\": [\n                        \"ZN2496\"\n                      ]\n                    },\n                    {\n                      \"or\": [\n                        {\n                          \"pattern\": \"MC8*X\",\n                          \"exclude\": \"QKP8*2R\",\n                          \"info\": \"V=7\\\"\"\n                        },\n                        {\n                          \"and\": []\n                        }\n                      ]\n                    },\n                    \"YW93x\",\n                    {\n                      \"or\": [\n                        {\n                          \"and\": [\n                            {\n                              \"or\": [\n                                \"IP54\",\n                                {\n                                  \"or\": [\n                                    \"IB0\"\n                                  ]\n                                },\n                                {\n                                  \"and\": [\n                                    \"ON2B\"\n                                  ]\n                                },\n                                {\n                                  \"pattern\": \"KSO1\",\n                                  \"exclude\": \"EOD3962\",\n                                  \"info\": \"3\"\n                                }\n                              ]\n                            },\n                            \"QAU7**H\"\n                          ]\n                        },\n                        {\n                          \"and\": [\n                            {\n                              \"and\": [\n                                \"NTO52\"\n                              ]\n                            },\n                            \"NX43V\"\n                          ]\n                        },\n                        \"QN7883\",\n                        \"CEx0*xZ\",\n                        \"ETX999M\"\n                      ]\n                    },\n                    \"RF24*8Q\"\n                  ]\n                }\n              ]\n            }\n          ],\n          \"satisfy\": {\n            \"and\": [\n              \"\",\n              {\n                \"or\": []\n              },\n              \")=D%W\",\n              \"\"\n            ]\n          },\n          \"info\": \"OW\",\n          \"isSelectable\": true,\n          \"u$%4N//\": {\n            \"name\": \"?RLK=T\",\n            \"ay\": 1985,\n            \"match\": [\n              {\n                \"or\": [\n                  {\n                    \"and\": [\n                      {\n                        \"or\": [\n                          {\n                            \"or\": []\n                          },\n                          {\n                            \"or\": [\n                              {\n                                \"pattern\": \"ITM8M\",\n                                \"info\": \"Kw\"\n                              },\n                              {\n                                \"pattern\": \"RP96K\",\n                                \"exclude\": \"REJ64*L\",\n                                \"info\": \"PAj\\\"!\"\n                              },\n                              \"GUW*213\",\n                              \"VS3x9\"\n                            ]\n                          },\n                          \"QS03\",\n                          {\n                            \"or\": []\n                          },\n                          {\n                            \"and\": [\n                              {\n                                \"and\": [\n                                  \"DP*x\",\n                                  \"DJ9Z\",\n                                  \"PLY1686B\",\n                                  \"QSP324\"\n                                ]\n                              }\n                            ]\n                          }\n                        ]\n                      },\n                      \"XB166\"\n                    ]\n                  },\n                  {\n                    \"or\": [\n                      \"VY936M\"\n                    ]\n                  },\n                  {\n                    \"and\": [\n                      \"KMJ047\",\n                      {\n                        \"or\": [\n                          {\n                            \"pattern\": \"JOE134\",\n                            \"exclude\": [\n                              \"CFM0\",\n                              \"AOI1V\",\n                              \"IY*0x7B\",\n                              \"QYS6632P\"\n                            ],\n                            \"info\": \"A4K>>Cu4-w\"\n                          },\n                          \"JBI*700\",\n                          \"PEY41\"\n                        ]\n                      },\n                      \"IUN4944W\"\n                    ]\n                  },\n                  \"GA6*83\"\n                ]\n              },\n              {\n                \"and\": [\n                  {\n                    \"or\": [\n                      {\n                        \"pattern\": \"JDX7x\",\n                        \"exclude\": [\n                          \"QS80M\",\n                          \"NMW69\"\n                        ],\n                        \"info\": \"\\\\[wNYZ\"\n                      },\n                      {\n                        \"and\": [\n                          \"AV85*0M\",\n                          \"OK*7\",\n                          {\n                            \"and\": [\n                              \"RO82K\",\n                              \"UP653B\",\n                              \"QQS3A\",\n                              \"FR5x29Z\",\n                              \"BUM294\"\n                            ]\n                          }\n                        ]\n                      },\n                      {\n                        \"and\": [\n                          \"SQL8980L\",\n                          \"AOM39\",\n                          {\n                            \"or\": []\n                          },\n                          \"XU4Y\",\n                          {\n                            \"and\": [\n                              \"LTX1648L\",\n                              \"LL4140P\",\n                              \"RE80\",\n                              \"XOWx04U\"\n                            ]\n                          }\n                        ]\n                      },\n                      {\n                        \"pattern\": \"SL6B\",\n                        \"exclude\": \"GXxx4R\",\n                        \"info\": \"{+z*8n\"\n                      },\n                      {\n                        \"and\": [\n                          \"OOL1F\",\n                          \"FQx291Z\"\n                        ]\n                      }\n                    ]\n                  },\n                  {\n                    \"and\": [\n                      \"MG822\"\n                    ]\n                  }\n                ]\n              },\n              {\n                \"pattern\": \"ZKxx56\",\n                \"info\": \"6#!\"\n              },\n              {\n                \"pattern\": \"AXC14\",\n                \"exclude\": [\n                  \"PCS4\",\n                  \"QZ5*6J\",\n                  \"ZBM58L\",\n                  \"GK2\"\n                ],\n                \"info\": \"!JE\"\n              },\n              \"RD942\"\n            ],\n            \"satisfy\": [\n              \"aXcUSN\"\n            ],\n            \"url\": \"http://dnrvtqvqgsq8h23scc4v5lkmipqubhn3i2pu0a6o4g81hfpi9c4k26-ymlvtiyu.27bao3n8qzh57hyapvojzkeuf95slgk--454od.7gjz464kfgjkoost2pzpm06u1t2x5ep775bgq0r62.qojzp9sf0vopkvowawwyjcizrl19k8il9-45xwqz4ynvysjli27p8kmmiuz.yriub/4dH(bvo~/3GFdc&HWN/WBZ///V\",\n            \"isSelectable\": true,\n            \"Q7\": {\n              \"name\": \"/aSf-/@\",\n              \"ay\": 2030,\n              \"assign\": [\n                \"~3r!TZ\",\n                \"@jv.0C`4\",\n                \"\\\"]IuEDh|u\",\n                \".b@i\"\n              ],\n              \"match\": [\n                {\n                  \"pattern\": \"CGx117\",\n                  \"exclude\": [\n                    \"ZYx02E\",\n                    \"VYM98B\"\n                  ],\n                  \"info\": \"Ju_Wz\"\n                },\n                \"IC4O\",\n                {\n                  \"and\": [\n                    \"IJ89\",\n                    {\n                      \"pattern\": \"FQB564F\",\n                      \"exclude\": [\n                        \"BG0*9\",\n                        \"QPPxx*x\"\n                      ],\n                      \"info\": \"u7\"\n                    },\n                    {\n                      \"pattern\": \"EH28Y\",\n                      \"exclude\": [\n                        \"QX9\"\n                      ],\n                      \"info\": \"?Dy; \"\n                    },\n                    \"QL39x9H\",\n                    {\n                      \"or\": [\n                        \"YJ583\"\n                      ]\n                    }\n                  ]\n                }\n              ],\n              \"satisfy\": [\n                {\n                  \"mc\": \">=55\"\n                }\n              ],\n              \"url\": \"http://t.qwygesa0ph1abr-6na3hwxfy80-cwc6p34lhlr8qkoi0.cczom7j.5v7iay1tsz2j4n4c6nv7leex81xctt7znuxgx6mfxc.gdgtjvjcm/Vh%F4%83%AE%B9aQ\",\n              \"info\": \"-6&\",\n              \"isSelectable\": true\n            },\n            \"^;jIA6Q\": {\n              \"name\": \"B.0a\",\n              \"ay\": 2011,\n              \"assign\": \"#-<\",\n              \"match\": [\n                {\n                  \"and\": [\n                    {\n                      \"or\": [\n                        \"HL1484D\",\n                        {\n                          \"pattern\": \"UWU37N\",\n                          \"exclude\": [\n                            \"TG696Z\",\n                            \"LJ59*9\"\n                          ],\n                          \"info\": \"ie1V$\"\n                        },\n                        {\n                          \"and\": [\n                            \"HJC65xD\",\n                            \"END5*2\"\n                          ]\n                        }\n                      ]\n                    },\n                    {\n                      \"pattern\": \"XD4712P\",\n                      \"info\": \" kmX/!\"\n                    },\n                    \"ZAK7P\"\n                  ]\n                },\n                {\n                  \"and\": []\n                },\n                \"IZC050\"\n              ],\n              \"satisfy\": {\n                \"and\": [\n                  {\n                    \"mc\": \">=189\"\n                  }\n                ]\n              },\n              \"info\": \".<To;3Bvx\",\n              \"isSelectable\": true\n            },\n            \"6K!\": {\n              \"name\": \"99Cp@\",\n              \"ay\": 1983,\n              \"assign\": \"zF<\",\n              \"match\": [\n                {\n                  \"pattern\": \"OM791B\",\n                  \"exclude\": [],\n                  \"info\": \"P!dk>,~{x\"\n                },\n                {\n                  \"or\": [\n                    {\n                      \"pattern\": \"BW740\",\n                      \"info\": \"beC\"\n                    },\n                    {\n                      \"and\": [\n                        \"KNQ4067A\"\n                      ]\n                    },\n                    {\n                      \"or\": [\n                        \"FLK4970\",\n                        {\n                          \"pattern\": \"VXG74\",\n                          \"exclude\": \"QB47\",\n                          \"info\": \"/jia\"\n                        },\n                        \"QN12B\",\n                        {\n                          \"pattern\": \"SBVx925Q\",\n                          \"exclude\": [\n                            \"PG7380R\",\n                            \"LRK351\",\n                            \"OJ1355\"\n                          ],\n                          \"info\": \"m7\"\n                        },\n                        \"AYO2003Z\"\n                      ]\n                    }\n                  ]\n                }\n              ],\n              \"satisfy\": [\n                \"Q$!\"\n              ],\n              \"url\": \"http://nadt4n3xuxz1knfuart4zlbp1dcjo0i5.15xllsv7q.hqmfmbqbwd-cf-xvyw4ctyketzvboxstaud96zwx.jfndbo/6VZ_/m_)/(%F3%80%86%AAn8i7A\",\n              \"isSelectable\": true\n            },\n            \"\": {\n              \"name\": \"ZonK_\",\n              \"ay\": 1981,\n              \"assign\": [],\n              \"match\": [\n                {\n                  \"and\": [\n                    \"ZO371*Y\",\n                    {\n                      \"or\": [\n                        {\n                          \"pattern\": \"AX440Q\",\n                          \"exclude\": [\n                            \"XDR4xxV\",\n                            \"JT4*2\",\n                            \"QCJ0\",\n                            \"HYO0Z\",\n                            \"DC*5\"\n                          ],\n                          \"info\": \">IMO\"\n                        },\n                        \"ITV73\"\n                      ]\n                    }\n                  ]\n                },\n                {\n                  \"pattern\": \"ILC0035X\",\n                  \"exclude\": [\n                    \"UEXx18\",\n                    \"FCE890xB\",\n                    \"QTN2585Z\"\n                  ],\n                  \"info\": \"wQ (N]+\"\n                },\n                {\n                  \"or\": [\n                    \"BUM8x8B\",\n                    {\n                      \"and\": [\n                        {\n                          \"pattern\": \"NLJ0825C\",\n                          \"info\": \"Zb%2\"\n                        },\n                        {\n                          \"pattern\": \"QMO152xV\",\n                          \"exclude\": \"NGW6V\",\n                          \"info\": \"p\"\n                        },\n                        \"BX73\"\n                      ]\n                    },\n                    {\n                      \"or\": [\n                        \"WZ4\",\n                        \"UA27J\",\n                        {\n                          \"or\": []\n                        },\n                        \"EJX5G\"\n                      ]\n                    }\n                  ]\n                },\n                {\n                  \"pattern\": \"WRM1M\",\n                  \"exclude\": \"RP644A\",\n                  \"info\": \"T4ydGsM\"\n                },\n                {\n                  \"or\": [\n                    \"VK76\",\n                    {\n                      \"and\": [\n                        \"ODY5x0\",\n                        {\n                          \"or\": []\n                        },\n                        \"LZL9L\"\n                      ]\n                    },\n                    \"XLx8B\",\n                    {\n                      \"and\": [\n                        \"TAZ3\",\n                        \"KRL*\",\n                        {\n                          \"and\": [\n                            \"IMU0873\"\n                          ]\n                        },\n                        \"GF1Y\",\n                        \"PCFx753\"\n                      ]\n                    },\n                    {\n                      \"or\": []\n                    }\n                  ]\n                }\n              ],\n              \"url\": \"https://rl-3mxhhx8y4bvib5oo-fkkqiz2quo-35d4h5fm-mgeezwo5re0iqb.re6n8brntohqfgnstifhvh2q1qnky7089cjkchttepecvcetod35xwz0.762ld22xmu4ive3zg320jxnv1cjtm0y7pa2ls5mqyoc8248hov.g7.s9xo-bpvtycc5muvxu8jjph9t8-dxjxaznxr3.thzx/%F2%91%98%A4d&$PE/-c54/5sj~\",\n              \"info\": \"\",\n              \"isSelectable\": true\n            },\n            \"d\": {\n              \"ay\": 1967,\n              \"assign\": [\n                \"U!Jzms1zk`\",\n                \"U\"\n              ],\n              \"match\": {\n                \"pattern\": \"CNT8C\",\n                \"exclude\": \"XYY2\"\n              },\n              \"satisfy\": [\n                {\n                  \"and\": [\n                    {\n                      \"mc\": \"<=111\"\n                    },\n                    {\n                      \"or\": [\n                        {\n                          \"mc\": \">=59\"\n                        }\n                      ]\n                    }\n                  ]\n                }\n              ],\n              \"url\": \"https://z.0x96rwpga33yd92i7km8qd7bb54eeo2jw0v-31nuh3xzga93785if3rghpvt5zg.ejtjjdwt/f%F3%B6%AC%A5J%F3%99%83%A4O%F1%BA%82%9Eo//D/@/e=8G/L&\",\n              \"isSelectable\": true\n            }\n          },\n          \"MgMvD\": {\n            \"name\": \"%!$54-`\",\n            \"ay\": 2016,\n            \"assign\": [\n              \"W4gAlo!{8T\",\n              \"\"\n            ],\n            \"satisfy\": [\n              \"%:Y1qj52\",\n              {\n                \"mc\": \"<=10\"\n              },\n              {\n                \"and\": [\n                  \"\",\n                  {\n                    \"or\": [\n                      \"d02\",\n                      {\n                        \"mc\": \">=168\"\n                      },\n                      {\n                        \"or\": []\n                      }\n                    ]\n                  },\n                  {\n                    \"and\": [\n                      \"mg&Tu?W%x\",\n                      \"W\",\n                      \"~:\\\"}Vj\",\n                      {\n                        \"or\": [\n                          \"%9nN@o\"\n                        ]\n                      }\n                    ]\n                  },\n                  {\n                    \"mc\": \"<=82\"\n                  }\n                ]\n              },\n              \">7+hTs\"\n            ],\n            \"url\": \"http://uksjl49agqjzn4z5u1qo.oibdxs6eiri.9jerxi5mayj6sts6ww37o-d5.1pgohtue8u.qwu5rdbe4ig2vo1m92fx.hoizcr/F;qM=k/0Pb&/bU%F1%B8%BE%ADWclH//%F3%BA%B1%B4gk1/\",\n            \"info\": \"]tz>D\",\n            \"isSelectable\": true\n          }\n        },\n        \",Y*J v^\": {\n          \"name\": \"F`8(w_{]\",\n          \"ay\": 1955,\n          \"assign\": [\n            \"Pt/aZ1#\",\n            \"\",\n            \"Nqt3=o)rB\"\n          ],\n          \"match\": [\n            \"HMF6419\",\n            {\n              \"or\": [\n                \"BQ0xY\"\n              ]\n            },\n            {\n              \"and\": [\n                {\n                  \"or\": [\n                    {\n                      \"or\": [\n                        {\n                          \"pattern\": \"RG8K\",\n                          \"info\": \"\"\n                        },\n                        \"BG689\",\n                        \"WD9\",\n                        {\n                          \"and\": [\n                            \"PO29\",\n                            \"UT5x27E\"\n                          ]\n                        },\n                        {\n                          \"pattern\": \"JZZ9*7*\",\n                          \"exclude\": \"AU9J\",\n                          \"info\": \"C\"\n                        }\n                      ]\n                    },\n                    \"BE2\",\n                    \"UN757\",\n                    \"KOP6Y\",\n                    \"MGV*\"\n                  ]\n                }\n              ]\n            },\n            \"LBO91A\"\n          ],\n          \"satisfy\": [\n            \"k!\",\n            {\n              \"or\": [\n                {\n                  \"and\": [\n                    \"\"\n                  ]\n                }\n              ]\n            },\n            {\n              \"mc\": \"<=183\"\n            },\n            {\n              \"or\": [\n                \"f?Y\",\n                {\n                  \"or\": [\n                    \"F-IMb'\",\n                    \"\\\\Xb'GqMb/\",\n                    \"<@\",\n                    {\n                      \"mc\": \"<=90\"\n                    }\n                  ]\n                },\n                {\n                  \"and\": [\n                    {\n                      \"mc\": \">=140\"\n                    },\n                    {\n                      \"and\": [\n                        \"H5)|1NN\",\n                        \"\",\n                        \"\",\n                        {\n                          \"mc\": \"<=77\"\n                        },\n                        {\n                          \"and\": [\n                            \"_<\",\n                            \"WO4efXA\"\n                          ]\n                        }\n                      ]\n                    },\n                    \"\"\n                  ]\n                },\n                \"$mbIGTJP%\"\n              ]\n            },\n            {\n              \"or\": [\n                {\n                  \"and\": []\n                },\n                {\n                  \"or\": []\n                },\n                {\n                  \"mc\": \">=43\"\n                },\n                \"Gjt`C\",\n                \"wE'&DLA\"\n              ]\n            }\n          ],\n          \"info\": \"~\"\n        }\n      },\n      \"name\": \" \",\n      \"assign\": [\n        \"Iiy\",\n        \"X7Fj\",\n        \"{tZZiU\"\n      ],\n      \"match\": [\n        {\n          \"pattern\": \"YM49*5\",\n          \"exclude\": \"YL65G\"\n        }\n      ],\n      \"satisfy\": [\n        {\n          \"or\": [\n            {\n              \"mc\": \">=39\"\n            },\n            {\n              \"or\": [\n                \"PaY lcz2K\"\n              ]\n            },\n            {\n              \"and\": []\n            },\n            {\n              \"and\": [\n                \"r+&g\",\n                \"#Msw|:C4\",\n                \"!LcW?p/Ah\",\n                \"G=il59E@\"\n              ]\n            }\n          ]\n        },\n        {\n          \"mc\": \">=101\"\n        },\n        {\n          \"or\": [\n            {\n              \"mc\": \">=116\"\n            },\n            \"}+yP>SF/\",\n            {\n              \"or\": [\n                \"`S|:<Nh7\",\n                {\n                  \"and\": [\n                    \"(\\\"Y\",\n                    {\n                      \"or\": [\n                        \"3h?\",\n                        \"cl\",\n                        \"Bkvzy\",\n                        \"\\\\V{Vv\\\" A\"\n                      ]\n                    },\n                    {\n                      \"or\": []\n                    },\n                    \"3bg1`\"\n                  ]\n                },\n                {\n                  \"or\": [\n                    \"X#2\"\n                  ]\n                },\n                \"J$aU0\"\n              ]\n            }\n          ]\n        }\n      ],\n      \"info\": \"{a?I>\",\n      \"isSelectable\": true,\n      \"]#!E\": {\n        \"name\": \"mooUW^\",\n        \"assign\": [],\n        \"match\": {\n          \"or\": [\n            {\n              \"and\": [\n                {\n                  \"or\": [\n                    {\n                      \"pattern\": \"CVXx4X\",\n                      \"exclude\": [\n                        \"QO*079M\",\n                        \"RII0J\",\n                        \"ESM0292I\",\n                        \"NA*E\"\n                      ],\n                      \"info\": \"\"\n                    },\n                    \"RKQ20Z\",\n                    \"ZCS3x6\",\n                    \"ZG03E\"\n                  ]\n                },\n                \"VEK70J\",\n                \"DS*96\",\n                \"OK62G\",\n                \"EYH749K\"\n              ]\n            },\n            {\n              \"and\": [\n                \"YO8416S\",\n                \"DUQ18B\",\n                \"CID9N\",\n                {\n                  \"and\": [\n                    \"RR4\",\n                    \"TQQ80R\"\n                  ]\n                },\n                {\n                  \"pattern\": \"GYY*\",\n                  \"exclude\": \"SUY83\"\n                }\n              ]\n            }\n          ]\n        },\n        \"satisfy\": [\n          \" V\",\n          {\n            \"and\": []\n          }\n        ],\n        \"url\": \"http://2fe7efvepgl8-xxjs8neanu3-epxuc-oef6vr77q0cof7.q8zsg19a7neogwc4hk4nu1i-t8cvpl7pqq5rd3mqm-o8.vc4t5720vhxsli.4.wg7qf4uo3guiq3jjx3.rlshdjwoa/@g/%F2%8B%A8%9BM/D&Y/CqaCi/O+%F0%90%A8%9E5//!Z%F4%81%84%BC%F3%85%90%9F%F0%92%BC%94M'%F3%95%BB%A7E/-qs/QoL/%F3%BA%9B%8DYqm-%F3%8F%90%97\",\n        \"isSelectable\": true,\n        \"fWpZt2\": {\n          \"name\": \"U|0*-\",\n          \"assign\": \"rU\",\n          \"match\": \"ZUO626*C\",\n          \"satisfy\": \"5[e\",\n          \"url\": \"https://y2k25jhtka7q928q-jw.3u9h-l3peq-t1v2e38etau08wzt7fozfy07d317efs5.5hfp0n3qzcum8gqsxaur5h896x8od6d7cm02wn2jhfzsieol.napaq1q8o57jjh7.a67i49gcgv8mtg2srpthurghaa9fl9-gnozwd5e1sfq1.cfnxgoi/Tv%F3%A7%98%BA%F2%84%AA%BBf%F0%B5%B6%BFHJ%F3%BD%AC%BF/5MZz%F3%A9%99%A3%F2%A6%83%B6/aHec4/\",\n          \"info\": \"*e\",\n          \"isSelectable\": true\n        }\n      },\n      \"?\": {\n        \"name\": \"NZ\",\n        \"ay\": 1955,\n        \"match\": {\n          \"or\": []\n        },\n        \"satisfy\": [\n          {\n            \"and\": [\n              {\n                \"and\": [\n                  \"K_De 93@\",\n                  {\n                    \"and\": [\n                      {\n                        \"and\": [\n                          \"h\\\"7(\",\n                          \"\",\n                          \"3ANxuufRs0\",\n                          {\n                            \"mc\": \">=173\"\n                          }\n                        ]\n                      },\n                      \"}8{lQ&F.\"\n                    ]\n                  },\n                  {\n                    \"mc\": \"<=88\"\n                  },\n                  \"N8$gCe5ZSk\",\n                  {\n                    \"and\": [\n                      \"qU,E2pIV\",\n                      \"4oaV{\",\n                      \"R;EBE2\"\n                    ]\n                  }\n                ]\n              },\n              \"O:k\",\n              \"\\\\tF'Un\",\n              {\n                \"and\": [\n                  \"KF'k\\\"vrE.\",\n                  \"@Mk\",\n                  {\n                    \"and\": []\n                  }\n                ]\n              },\n              {\n                \"mc\": \">=16\"\n              }\n            ]\n          }\n        ],\n        \"url\": \"https://yjx.jvwjxsy\",\n        \"info\": \"Sl{\",\n        \"isSelectable\": true,\n        \"[\": {\n          \"name\": \"#=iXNR@{Z\",\n          \"assign\": [\n            \"=\"\n          ],\n          \"satisfy\": \")}A},cli~8\",\n          \"url\": \"https://z6y0cw4id3szhzdmvrvjl3wuwg9m3ci797t21ds6k2f9afd9lwm.8h8pw1kj-ki3.9bx76crodpw2a2zyt75wp79rgct131vzqaqm.2.nn/RAm,\",\n          \"info\": \"\\\"oP*~g~U\",\n          \"isSelectable\": true\n        },\n        \"#v-3hIS\": {\n          \"name\": \"Y.\",\n          \"ay\": 1980,\n          \"match\": {\n            \"and\": [\n              {\n                \"and\": [\n                  {\n                    \"or\": [\n                      \"MG923\",\n                      \"DVJ5U\",\n                      {\n                        \"pattern\": \"VS793V\",\n                        \"info\": \"[e~_g1j\"\n                      },\n                      {\n                        \"and\": [\n                          \"CW2115M\",\n                          {\n                            \"pattern\": \"YU247R\",\n                            \"exclude\": [\n                              \"DX297\",\n                              \"VXQ9Y\"\n                            ],\n                            \"info\": \"IVB4X\"\n                          },\n                          \"RZB08*7D\"\n                        ]\n                      }\n                    ]\n                  },\n                  {\n                    \"or\": [\n                      \"AM5\",\n                      \"GQ851C\",\n                      {\n                        \"and\": [\n                          {\n                            \"or\": [\n                              \"DOH31T\",\n                              \"VCM92K\"\n                            ]\n                          },\n                          {\n                            \"and\": []\n                          },\n                          \"XB3X\"\n                        ]\n                      }\n                    ]\n                  },\n                  {\n                    \"or\": []\n                  }\n                ]\n              },\n              {\n                \"or\": [\n                  \"NWJ84\",\n                  {\n                    \"pattern\": \"UX3*28P\",\n                    \"exclude\": [],\n                    \"info\": \"{MXxd1|?sm\"\n                  },\n                  \"OF4*47\",\n                  \"MDL8\"\n                ]\n              }\n            ]\n          },\n          \"satisfy\": {\n            \"mc\": \">=3\"\n          },\n          \"url\": \"https://p26xum11pbhv-p2xj-3-93gibfe2p7s6-uppftsx-v16m9.c.exia-npdp5ldle41l6u-c.dxbfjbzlan/.H4//I:E9cIS/**FG:2v38U\",\n          \"info\": \" =P9-<y\",\n          \"isSelectable\": true\n        }\n      },\n      \"B<4N5[T]\": {\n        \"name\": \"-VR$z?Fr\",\n        \"assign\": \"*\",\n        \"match\": \"TE8x\",\n        \"satisfy\": [\n          {\n            \"or\": [\n              {\n                \"and\": [\n                  \"0\",\n                  \"T\",\n                  \"c\\\\rm&\",\n                  {\n                    \"mc\": \">=98\"\n                  },\n                  \"S[\"\n                ]\n              }\n            ]\n          },\n          \";mz 7MLkxQ\",\n          {\n            \"or\": [\n              {\n                \"and\": []\n              },\n              {\n                \"mc\": \"<=24\"\n              },\n              {\n                \"and\": [\n                  \"\"\n                ]\n              },\n              {\n                \"or\": []\n              },\n              \"!p_~@;j\"\n            ]\n          },\n          {\n            \"and\": []\n          },\n          {\n            \"mc\": \"<=38\"\n          }\n        ],\n        \"url\": \"https://la46pc1.i7lnkjgsnge5hdhtkoo59t0r-eqf.z5ve9xtz7s.yr/3pCN/e//ZxTo(://!%F3%A1%B7%A9&Fjcx%F1%B0%8C%B4_//AVaT%F3%A0%88%94bz%F1%A1%8F%85'Y/1P49dyN/_@yxu~K\",\n        \"info\": \"/<\",\n        \"isSelectable\": true\n      }\n    }\n  },\n  {\n    \"title\": \"block sample 6\",\n    \"value\": {\n      \"name\": \"i\",\n      \"ay\": 1951,\n      \"assign\": [\n        \"0f?sh\",\n        \"\",\n        \"{Xn\"\n      ],\n      \"match\": [\n        {\n          \"or\": [\n            {\n              \"or\": [\n                {\n                  \"pattern\": \"HW57Z\",\n                  \"exclude\": [\n                    \"DKQ0K\",\n                    \"FM71*xA\"\n                  ],\n                  \"info\": \"O8gXE'Y/\"\n                }\n              ]\n            },\n            \"VO6x1J\",\n            {\n              \"pattern\": \"WMD4813X\",\n              \"exclude\": [],\n              \"info\": \"\"\n            }\n          ]\n        },\n        {\n          \"pattern\": \"CORx\",\n          \"exclude\": [\n            \"ABCx5Q\",\n            \"RXU7\",\n            \"OXG925W\"\n          ],\n          \"info\": \",0Y.4iM`\"\n        },\n        \"NS9\"\n      ],\n      \"satisfy\": \"\",\n      \"url\": \"https://paelf4feaab92berc6wcd8fb1-6mgjt6yrajmfdrqpdad7cbscdy.bl87hefmlrbfc6kkad68odbgzbffab.vobab/0bsSeO;%F1%84%83%9F!,/pdI%F3%9E%B5%BFsQnY\",\n      \"info\": \" ~#$E\"\n    }\n  },\n  {\n    \"title\": \"block sample 7\",\n    \"value\": {\n      \"ay\": 2030,\n      \"assign\": \"y!} x\",\n      \"satisfy\": {\n        \"and\": [\n          {\n            \"and\": [\n              {\n                \"or\": []\n              },\n              \"(|A}\",\n              \"!}|u\",\n              {\n                \"or\": [\n                  {\n                    \"and\": [\n                      {\n                        \"and\": []\n                      }\n                    ]\n                  }\n                ]\n              }\n            ]\n          },\n          {\n            \"mc\": \">=196\"\n          }\n        ]\n      },\n      \"url\": \"https://vhc5c5gx635tl07b5.r7om3z2qbpdrn6zu3sr5zex.yrjpo/,KeXsox~/bu0)z/,A/jzaD'SV);h\",\n      \"info\": \"iVx\\\\!~\",\n      \"isSelectable\": true\n    }\n  },\n  {\n    \"title\": \"block sample 8\",\n    \"value\": {\n      \"name\": \"a&\",\n      \"ay\": 1951,\n      \"assign\": [],\n      \"match\": [\n        \"JRM9\",\n        {\n          \"or\": [\n            \"AGF9843\",\n            \"JFW*\"\n          ]\n        },\n        {\n          \"and\": [\n            {\n              \"and\": [\n                \"CK25x6\",\n                {\n                  \"or\": [\n                    \"YV9\"\n                  ]\n                }\n              ]\n            },\n            {\n              \"pattern\": \"JJLxF\",\n              \"exclude\": [\n                \"NVR1*7P\",\n                \"EGZ20x9\",\n                \"EPN442O\",\n                \"HNY9N\"\n              ],\n              \"info\": \"'\"\n            },\n            {\n              \"pattern\": \"UKYx809\",\n              \"exclude\": [\n                \"JOMxK\",\n                \"CT5\",\n                \"GP591\",\n                \"TXXx*x8O\"\n              ],\n              \"info\": \"2-gb\"\n            },\n            {\n              \"or\": [\n                \"LDO277x\",\n                {\n                  \"and\": [\n                    \"KP3\",\n                    \"CYO3D\"\n                  ]\n                },\n                {\n                  \"and\": [\n                    \"VC41R\"\n                  ]\n                }\n              ]\n            }\n          ]\n        },\n        {\n          \"pattern\": \"OV4\",\n          \"exclude\": [\n            \"ND9D\",\n            \"WSP93*M\",\n            \"SN8\"\n          ],\n          \"info\": \"\\\\$A4\"\n        },\n        {\n          \"or\": [\n            \"JJx6\"\n          ]\n        }\n      ],\n      \"satisfy\": [],\n      \"url\": \"http://fgaxzgsdf8rpim.pco3ytn0ff3-njuqtb9nh2u5ju.jk10mzra81o2oc3avthrf3jmsjsdih.ulkpkpbqr5vb6mbp7rlmak-86ambi7gvl0.x18iur5o7a64z863w2678y6epu-93i7h2l6hcznw1tm8e4x0j.eubac/+Ew-/@1t//Sen/:%F0%BE%B2%97z@z\",\n      \"info\": \"<(YL\",\n      \"isSelectable\": true,\n      \"VwBgfK28\": {\n        \"71\": {\n          \"7\": {\n            \"name\": \"Y^8$7dxyN \",\n            \"match\": {\n              \"pattern\": \"WSH9899E\",\n              \"exclude\": \"GOV1xF\"\n            },\n            \"satisfy\": {\n              \"and\": [\n                \"68\",\n                {\n                  \"mc\": \"<=42\"\n                },\n                {\n                  \"and\": [\n                    \"7g_wv@=\"\n                  ]\n                },\n                \"7b^).{4z\",\n                \"s\"\n              ]\n            },\n            \"url\": \"http://1ivuj3e3axestc1007ulreg2oa8l8-908imx7s6k-c6doihyr5zrbo.qrbox/%F1%9F%B7%BA,_,JQx)4/G+$Ce/%F2%94%80%A89(,m/%F2%BC%9F%B0!m%D2%833Il/aP/Vc%F1%87%A6%95WMRYtkw\",\n            \"info\": \"MWuGyg$\"\n          },\n          \"ay\": 1994,\n          \"assign\": [\n            \"**a\\\\kpW\"\n          ],\n          \"match\": {\n            \"and\": []\n          },\n          \"satisfy\": {\n            \"or\": [\n              {\n                \"mc\": \">=17\"\n              }\n            ]\n          },\n          \"url\": \"http://m100e29d-yfvl683vu6u5v5nxzokzj2zoow9aug148angj6pv9y4824o9od.z71qn82pd-88j8kw1ko2v9qb5zct1g0i5f8z.x1bmd6sirgby-k4-r03.ncmznt/aI%F2%B8%99%93%F3%B8%8E%8FS!/-i/5/9ebS//%F3%B9%B4%A0%EA%B8%B9/%F3%A7%92%87e(2G-/%F0%BE%A0%B38/JB\",\n          \"isSelectable\": true,\n          \"a\": {\n            \"name\": \"R</C:\",\n            \"ay\": 2026,\n            \"assign\": [\n              \"\"\n            ],\n            \"match\": [\n              {\n                \"and\": [\n                  {\n                    \"and\": []\n                  },\n                  {\n                    \"and\": []\n                  },\n                  {\n                    \"or\": [\n                      \"UQB2020\"\n                    ]\n                  },\n                  {\n                    \"or\": [\n                      {\n                        \"or\": [\n                          \"OF7\",\n                          {\n                            \"pattern\": \"KZ5837N\",\n                            \"exclude\": \"PI5336\",\n                            \"info\": \"0\"\n                          }\n                        ]\n                      },\n                      {\n                        \"or\": []\n                      }\n                    ]\n                  }\n                ]\n              },\n              {\n                \"and\": []\n              },\n              {\n                \"pattern\": \"QU7x3K\",\n                \"exclude\": [\n                  \"HO6\",\n                  \"VB**8C\",\n                  \"TH35I\"\n                ],\n                \"info\": \"aEufK\\\\Bbq\"\n              },\n              {\n                \"and\": [\n                  {\n                    \"or\": [\n                      \"AS3372K\",\n                      {\n                        \"and\": [\n                          \"OIM8x\"\n                        ]\n                      },\n                      {\n                        \"or\": [\n                          \"CCB202\",\n                          \"JV66G\",\n                          \"YHN9042\",\n                          \"HEC2736U\",\n                          {\n                            \"and\": [\n                              \"GY7W\",\n                              \"IOO7xW\"\n                            ]\n                          }\n                        ]\n                      },\n                      {\n                        \"pattern\": \"MRLx98\",\n                        \"exclude\": [\n                          \"ZFI852H\",\n                          \"QW213P\",\n                          \"IL453\"\n                        ],\n                        \"info\": \"zuP\"\n                      }\n                    ]\n                  },\n                  {\n                    \"pattern\": \"LNT912T\",\n                    \"exclude\": [\n                      \"QBW9xU\",\n                      \"YTQ67\",\n                      \"TVI207\"\n                    ],\n                    \"info\": \"lrWL5\"\n                  },\n                  {\n                    \"or\": [\n                      {\n                        \"and\": [\n                          {\n                            \"and\": [\n                              \"ON4Z\",\n                              \"EKH3*53\"\n                            ]\n                          },\n                          \"AD950R\"\n                        ]\n                      }\n                    ]\n                  },\n                  {\n                    \"or\": [\n                      \"HJW02xT\"\n                    ]\n                  }\n                ]\n              },\n              {\n                \"or\": [\n                  {\n                    \"or\": []\n                  },\n                  {\n                    \"or\": [\n                      {\n                        \"and\": [\n                          {\n                            \"or\": [\n                              \"QG8\"\n                            ]\n                          },\n                          {\n                            \"or\": [\n                              \"MG0\",\n                              \"MJ3H\",\n                              \"HA8\",\n                              \"NT0\",\n                              \"XS33\"\n                            ]\n                          }\n                        ]\n                      },\n                      {\n                        \"pattern\": \"RM*x90\",\n                        \"exclude\": \"PTx88\",\n                        \"info\": \"}NdR\"\n                      },\n                      {\n                        \"pattern\": \"ZX368\",\n                        \"exclude\": [\n                          \"FHP9\",\n                          \"DLO*30O\",\n                          \"NYX14\",\n                          \"QLP6*x3\",\n                          \"WZ80\"\n                        ],\n                        \"info\": \"(\"\n                      }\n                    ]\n                  }\n                ]\n              }\n            ],\n            \"satisfy\": {\n              \"and\": [\n                {\n                  \"and\": []\n                },\n                {\n                  \"and\": [\n                    \"@\",\n                    {\n                      \"or\": [\n                        {\n                          \"mc\": \">=101\"\n                        }\n                      ]\n                    },\n                    {\n                      \"and\": [\n                        {\n                          \"or\": [\n                            \"ESpt~Vk\",\n                            \"\\\\/\",\n                            \"^a\",\n                            \"=k1e0O<-\"\n                          ]\n                        },\n                        {\n                          \"mc\": \">=86\"\n                        },\n                        {\n                          \"or\": [\n                            \"+Bk\",\n                            \"LkOjXB^\\\"$#\"\n                          ]\n                        }\n                      ]\n                    },\n                    {\n                      \"or\": [\n                        \"=\"\n                      ]\n                    },\n                    \"1:\"\n                  ]\n                },\n                {\n                  \"or\": [\n                    \"\"\n                  ]\n                }\n              ]\n            },\n            \"url\": \"http://ip7ki27rwtyk9py1j6k2c3u5qwj7e3-ti4qhq01899cjs5jn5pe1anfx-cxauv6.otz9msmyv1shvl5dhvs-jtnzirsie0it7akis5bajvbnnp7cx.5x14d61t-2mk-1224ad6km-cs5sz0mv3hlsvhuq.5dhjbo99c-c3hcbrtigv9hyj8g-pxq.pxh5zx673a0uwtedimkov6dml61.zj/rhK&/%F0%A8%98%BB%F3%B4%9A%99K=q%F2%94%88%8BFbc=/F/80:W,1!Fj/P1\",\
[...]
              "fail": false,
              "pending": false,
              "context": null,
              "code": "const satisfier = satisfiers_1.inequalitySatisfier(ref, \"<=32\");\nsatisfier.should.have.property(\"filter\");\nconst { filter } = satisfier;\nisCorrectFilter(filter, modulesList1, modulesList1.map(([moduleStr]) => moduleStr));",
              "err": {},
              "uuid": "a2ab8dbf-56d9-474f-b5ca-5ae5451119bf",
              "parentUUID": "1bc0ae34-0a5c-4334-a542-ffb410dac359",
              "isHook": false,
              "skipped": false
            },
            {
              "title": "should truncate list of modules with upper bound of MCs at exact cutoff if total MC count is higher and there exists some starting sequence with exact MC count",
              "fullTitle": "inequalitySatisfier should truncate list of modules with upper bound of MCs at exact cutoff if total MC count is higher and there exists some starting sequence with exact MC count",
              "timedOut": false,
              "duration": 0,
              "state": "passed",
              "speed": "fast",
              "pass": true,
              "fail": false,
              "pending": false,
              "context": null,
              "code": "const satisfier = satisfiers_1.inequalitySatisfier(ref, \"<=16\");\nsatisfier.should.have.property(\"filter\");\nconst { filter } = satisfier;\nisCorrectFilter(filter, modulesList1, [\n    \"CS2100\",\n    \"GER1000\",\n    \"CS2040S\",\n    \"ST2131\",\n]);",
              "err": {},
              "uuid": "11fdb99f-d70f-41a1-93eb-61abce9207e3",
              "parentUUID": "1bc0ae34-0a5c-4334-a542-ffb410dac359",
              "isHook": false,
              "skipped": false
            },
            {
              "title": "should truncate list of modules with upper bound of MCs, cutting off at the minimum starting sequence that exceeds upper bound, if total MC count is higher and there exists no starting sequence with exact MC count",
              "fullTitle": "inequalitySatisfier should truncate list of modules with upper bound of MCs, cutting off at the minimum starting sequence that exceeds upper bound, if total MC count is higher and there exists no starting sequence with exact MC count",
              "timedOut": false,
              "duration": 0,
              "state": "passed",
              "speed": "fast",
              "pass": true,
              "fail": false,
              "pending": false,
              "context": null,
              "code": "const satisfier = satisfiers_1.inequalitySatisfier(ref, \"<=17\");\nsatisfier.should.have.property(\"filter\");\nconst { filter } = satisfier;\nisCorrectFilter(filter, modulesList1, [\n    \"CS2100\",\n    \"GER1000\",\n    \"CS2040S\",\n    \"ST2131\",\n    \"MA1521\",\n]);",
              "err": {},
              "uuid": "b9668e6a-d30f-4a3d-bcd6-4e2e0d0a71d0",
              "parentUUID": "1bc0ae34-0a5c-4334-a542-ffb410dac359",
              "isHook": false,
              "skipped": false
            }
          ],
          "suites": [],
          "passes": [
            "d2bc9801-cdab-42e1-ae86-ed9ce94c7e9e",
            "83932a2f-9dea-415e-9666-9234eafc07c7",
            "e7fe5abf-16d4-4fab-af15-a67ab50f3774",
            "f1b172a2-b5cc-4077-b51c-a4f42946695e",
            "a2ab8dbf-56d9-474f-b5ca-5ae5451119bf",
            "11fdb99f-d70f-41a1-93eb-61abce9207e3",
            "b9668e6a-d30f-4a3d-bcd6-4e2e0d0a71d0"
          ],
          "failures": [],
          "pending": [],
          "skipped": [],
          "duration": 2,
          "root": false,
          "rootEmpty": false,
          "_timeout": 2000
        },
        {
          "uuid": "2f50add6-9e26-4ea1-b2b1-90073f24fa8d",
          "title": "inequalitySchema",
          "fullFile": "/home/runner/work/planwithus-lib/planwithus-lib/src/satisfyRule/inequality/schemas.test.ts",
          "file": "/src/satisfyRule/inequality/schemas.test.ts",
          "beforeHooks": [],
          "afterHooks": [],
          "tests": [
            {
              "title": "should validate inequality in the form <=n or >=n",
              "fullTitle": "inequalitySchema should validate inequality in the form <=n or >=n",
              "timedOut": false,
              "duration": 1,
              "state": "passed",
              "speed": "fast",
              "pass": true,
              "fail": false,
              "pending": false,
              "context": "[\n  {\n    \"title\": \"inequality sample 0\",\n    \"value\": \">=16\"\n  },\n  {\n    \"title\": \"inequality sample 1\",\n    \"value\": \"<=169\"\n  },\n  {\n    \"title\": \"inequality sample 2\",\n    \"value\": \">=3\"\n  },\n  {\n    \"title\": \"inequality sample 3\",\n    \"value\": \">=3\"\n  },\n  {\n    \"title\": \"inequality sample 4\",\n    \"value\": \"<=121\"\n  },\n  {\n    \"title\": \"inequality sample 5\",\n    \"value\": \"<=7\"\n  },\n  {\n    \"title\": \"inequality sample 6\",\n    \"value\": \">=4\"\n  },\n  {\n    \"title\": \"inequality sample 7\",\n    \"value\": \">=6\"\n  },\n  {\n    \"title\": \"inequality sample 8\",\n    \"value\": \"<=137\"\n  },\n  {\n    \"title\": \"inequality sample 9\",\n    \"value\": \"<=57\"\n  }\n]",
              "code": "fast_check_1.sample(index_test_2.inequality, 10).forEach((sample, i) => addContext_1.default(this, {\n    title: `inequality sample ${i}`,\n    value: sample,\n}));\nreturn fast_check_1.assert(fast_check_1.property(index_test_2.inequality, ajvValidate));",
              "err": {},
              "uuid": "8f054d57-8e1c-4adc-9053-b68495001d6a",
              "parentUUID": "2f50add6-9e26-4ea1-b2b1-90073f24fa8d",
              "isHook": false,
              "skipped": false
            },
            {
              "title": "should not validate inequality of invalid form",
              "fullTitle": "inequalitySchema should not validate inequality of invalid form",
              "timedOut": false,
              "duration": 1,
              "state": "passed",
              "speed": "fast",
              "pass": true,
              "fail": false,
              "pending": false,
              "context": null,
              "code": "[\n        \"\",\n        \"==23\",\n        \"23\",\n        \"<23\",\n        \">23\",\n        \"<=-1\",\n        \">=-1\",\n        \"<= 2\",\n        \">= 1\",\n        \"> 3\",\n        \"< 3\",\n        \"<=3a\",\n        \">=3a\",\n        \"a<=3\",\n        \"a>=3\",\n    ].forEach(isInvalidInequality)",
              "err": {},
              "uuid": "d033dca6-43ce-48d4-a4ac-2f0c728c9ec7",
              "parentUUID": "2f50add6-9e26-4ea1-b2b1-90073f24fa8d",
              "isHook": false,
              "skipped": false
            }
          ],
          "suites": [],
          "passes": [
            "8f054d57-8e1c-4adc-9053-b68495001d6a",
            "d033dca6-43ce-48d4-a4ac-2f0c728c9ec7"
          ],
          "failures": [],
          "pending": [],
          "skipped": [],
          "duration": 2,
          "root": false,
          "rootEmpty": false,
          "_timeout": 2000
        },
        {
          "uuid": "c94f96e1-db6f-41e7-b517-0546de352406",
          "title": "satisfyRuleSchema",
          "fullFile": "/home/runner/work/planwithus-lib/planwithus-lib/src/satisfyRule/schemas.test.ts",
          "file": "/src/satisfyRule/schemas.test.ts",
          "beforeHooks": [],
          "afterHooks": [],
          "tests": [
            {
              "title": "should validate satisfy rule with valid block id",
              "fullTitle": "satisfyRuleSchema should validate satisfy rule with valid block id",
              "timedOut": false,
              "duration": 0,
              "state": "passed",
              "speed": "fast",
              "pass": true,
              "fail": false,
              "pending": false,
              "context": null,
              "code": "fast_check_1.assert(fast_check_1.property(fast_check_1.string(), ajvValidate)",
              "err": {},
              "uuid": "c7f430d7-6776-486d-ab87-13441ee04177",
              "parentUUID": "c94f96e1-db6f-41e7-b517-0546de352406",
              "isHook": false,
              "skipped": false
            },
            {
              "title": "should validate satisfy rules with valid mc",
              "fullTitle": "satisfyRuleSchema should validate satisfy rules with valid mc",
              "timedOut": false,
              "duration": 1,
              "state": "passed",
              "speed": "fast",
              "pass": true,
              "fail": false,
              "pending": false,
              "context": "[\n  {\n    \"title\": \"mcSatisfyRule sample 0\",\n    \"value\": {\n      \"mc\": \">=5\"\n    }\n  },\n  {\n    \"title\": \"mcSatisfyRule sample 1\",\n    \"value\": {\n      \"mc\": \"<=1\"\n    }\n  },\n  {\n    \"title\": \"mcSatisfyRule sample 2\",\n    \"value\": {\n      \"mc\": \">=28\"\n    }\n  },\n  {\n    \"title\": \"mcSatisfyRule sample 3\",\n    \"value\": {\n      \"mc\": \">=89\"\n    }\n  },\n  {\n    \"title\": \"mcSatisfyRule sample 4\",\n    \"value\": {\n      \"mc\": \">=181\"\n    }\n  },\n  {\n    \"title\": \"mcSatisfyRule sample 5\",\n    \"value\": {\n      \"mc\": \">=183\"\n    }\n  },\n  {\n    \"title\": \"mcSatisfyRule sample 6\",\n    \"value\": {\n      \"mc\": \">=198\"\n    }\n  },\n  {\n    \"title\": \"mcSatisfyRule sample 7\",\n    \"value\": {\n      \"mc\": \"<=2\"\n    }\n  },\n  {\n    \"title\": \"mcSatisfyRule sample 8\",\n    \"value\": {\n      \"mc\": \"<=65\"\n    }\n  },\n  {\n    \"title\": \"mcSatisfyRule sample 9\",\n    \"value\": {\n      \"mc\": \"<=35\"\n    }\n  }\n]",
              "code": "fast_check_1.sample(index_test_2.mcSatisfyRule, 10).forEach((sample, i) => addContext_1.default(this, {\n    title: `mcSatisfyRule sample ${i}`,\n    value: sample,\n}));\nreturn fast_check_1.assert(fast_check_1.property(index_test_2.mcSatisfyRule, ajvValidate));",
              "err": {},
              "uuid": "7debf79d-55c8-4e9c-a2cb-464aad68c7ae",
              "parentUUID": "c94f96e1-db6f-41e7-b517-0546de352406",
              "isHook": false,
              "skipped": false
            },
            {
              "title": "should validate valid recursive satisfy rules",
              "fullTitle": "satisfyRuleSchema should validate valid recursive satisfy rules",
              "timedOut": false,
              "duration": 3,
              "state": "passed",
              "speed": "fast",
              "pass": true,
              "fail": false,
              "pending": false,
              "context": "[\n  {\n    \"title\": \"satisfyRule sample 0\",\n    \"value\": {\n      \"mc\": \">=200\"\n    }\n  },\n  {\n    \"title\": \"satisfyRule sample 1\",\n    \"value\": {\n      \"and\": [\n        {\n          \"or\": [\n            \"56lE`\"\n          ]\n        },\n        {\n          \"or\": [\n            \"E\",\n            \"Zr\",\n            {\n              \"mc\": \"<=101\"\n            },\n            \"<SmA\"\n          ]\n        }\n      ]\n    }\n  },\n  {\n    \"title\": \"satisfyRule sample 2\",\n    \"value\": \"]_D26ie|\"\n  },\n  {\n    \"title\": \"satisfyRule sample 3\",\n    \"value\": {\n      \"or\": [\n        {\n          \"and\": []\n        }\n      ]\n    }\n  },\n  {\n    \"title\": \"satisfyRule sample 4\",\n    \"value\": {\n      \"and\": [\n        {\n          \"or\": [\n            {\n              \"or\": [\n                \"h!Pj\",\n                {\n                  \"and\": [\n                    \"-a?8bL>J_m\",\n                    \"=Y\",\n                    \"}$|z1I`s1o\"\n                  ]\n                },\n                \"9#n[@c.\"\n              ]\n            },\n            \"<xx&9=~%\",\n            {\n              \"and\": []\n            },\n            {\n              \"and\": [\n                \"\",\n                \"z*RA7\\\"rD9\",\n                \"Am`\"\n              ]\n            },\n            \"+fHYra\"\n          ]\n        },\n        {\n          \"or\": [\n            \"h?\",\n            \"]VF\",\n            \"4LK\"\n          ]\n        },\n        {\n          \"mc\": \">=172\"\n        }\n      ]\n    }\n  },\n  {\n    \"title\": \"satisfyRule sample 5\",\n    \"value\": \"#d\"\n  },\n  {\n    \"title\": \"satisfyRule sample 6\",\n    \"value\": {\n      \"mc\": \">=141\"\n    }\n  },\n  {\n    \"title\": \"satisfyRule sample 7\",\n    \"value\": {\n      \"or\": [\n        {\n          \"or\": [\n            \"0>tz(\",\n            \"\",\n            {\n              \"and\": [\n                {\n                  \"and\": [\n                    \"bg>P\",\n                    \"Q7-\",\n                    \"p_7rNB{9 \",\n                    \"P\",\n                    \"G#]_ae]\"\n                  ]\n                }\n              ]\n            }\n          ]\n        },\n        \"((\\\\\"\n      ]\n    }\n  },\n  {\n    \"title\": \"satisfyRule sample 8\",\n    \"value\": {\n      \"mc\": \">=5\"\n    }\n  },\n  {\n    \"title\": \"satisfyRule sample 9\",\n    \"value\": {\n      \"mc\": \"<=51\"\n    }\n  }\n]",
              "code": "fast_check_1.sample(index_test_2.satisfyRule, 10).forEach((sample, i) => addContext_1.default(this, {\n    title: `satisfyRule sample ${i}`,\n    value: sample,\n}));\nreturn fast_check_1.assert(fast_check_1.property(index_test_2.satisfyRule, ajvValidate));",
              "err": {},
              "uuid": "3986e938-555a-4cb1-ae34-1491c96b2c9d",
              "parentUUID": "c94f96e1-db6f-41e7-b517-0546de352406",
              "isHook": false,
              "skipped": false
            },
            {
              "title": "should not validate non-string/object",
              "fullTitle": "satisfyRuleSchema should not validate non-string/object",
              "timedOut": false,
              "duration": 1,
              "state": "passed",
              "speed": "fast",
              "pass": true,
              "fail": false,
              "pending": false,
              "context": null,
              "code": "const error = {\n    instancePath: \"\",\n    message: \"satisfy rule should be either a string or an object\",\n};\nisInvalidRule(null, error);\nisInvalidRule(undefined, error);\nisInvalidRule(10, error);\nisInvalidRule([12, 24], error);",
              "err": {},
              "uuid": "ff3ed2ca-b111-4577-8eae-600e18784387",
              "parentUUID": "c94f96e1-db6f-41e7-b517-0546de352406",
              "isHook": false,
              "skipped": false
            },
            {
              "title": "should not validate satisfy rules with extra properties",
              "fullTitle": "satisfyRuleSchema should not validate satisfy rules with extra properties",
              "timedOut": false,
              "duration": 1,
              "state": "passed",
              "speed": "fast",
              "pass": true,
              "fail": false,
              "pending": false,
              "context": null,
              "code": "isInvalidRule({\n        and: [\n            { or: [\"2k\"], abc: \"def\" },\n            { mc: 8, ghi: \"jkl\" },\n        ],\n        mno: \"pqr\",\n    }, {\n        instancePath: \"/and/0\",\n        message: \"or satisfy rule should have property 'or' only\",\n    }, {\n        instancePath: \"/and/1\",\n        message: \"MC satisfy rule should have property 'mc' only\",\n    }, {\n        instancePath: \"\",\n        message: \"and satisfy rule should have property 'and' only\",\n    })",
              "err": {},
              "uuid": "99f0b9c4-204b-4f86-b600-6d2bd803594c",
              "parentUUID": "c94f96e1-db6f-41e7-b517-0546de352406",
              "isHook": false,
              "skipped": false
            },
            {
              "title": "should not validate ambiguous satisfy rules",
              "fullTitle": "satisfyRuleSchema should not validate ambiguous satisfy rules",
              "timedOut": false,
              "duration": 0,
              "state": "passed",
              "speed": "fast",
              "pass": true,
              "fail": false,
              "pending": false,
              "context": null,
              "code": "const message = \"satisfy rule should have only one of properties 'mc', 'and', 'or'\";\nisInvalidRule({\n    or: [\n        { mc: 5, and: [\"CS2040\"] },\n        { and: [{ and: [\"abc\"], or: [\"def\"] }] },\n    ],\n}, { instancePath: \"/or/0\", message }, { instancePath: \"/or/1/and/0\", message });",
              "err": {},
              "uuid": "9602e6ae-db0e-40f9-a2ef-42358a7036b9",
              "parentUUID": "c94f96e1-db6f-41e7-b517-0546de352406",
              "isHook": false,
              "skipped": false
            },
            {
              "title": "should not validate and satisfy rules with non-array property",
              "fullTitle": "satisfyRuleSchema should not validate and satisfy rules with non-array property",
              "timedOut": false,
              "duration": 1,
              "state": "passed",
              "speed": "fast",
              "pass": true,
              "fail": false,
              "pending": false,
              "context": null,
              "code": "const message = \"property 'and' should be an array of satisfy rules\";\nisInvalidRule({ or: [{ and: {} }, { or: [{ and: 3 }] }] }, { instancePath: \"/or/0/and\", message }, { instancePath: \"/or/1/or/0/and\", message });",
              "err": {},
              "uuid": "bb0e6b4d-ec0e-464e-a816-6066d903ff40",
              "parentUUID": "c94f96e1-db6f-41e7-b517-0546de352406",
              "isHook": false,
              "skipped": false
            },
            {
              "title": "should not validate or satisfy rules with non-array property",
              "fullTitle": "satisfyRuleSchema should not validate or satisfy rules with non-array property",
              "timedOut": false,
              "duration": 0,
              "state": "passed",
              "speed": "fast",
              "pass": true,
              "fail": false,
              "pending": false,
              "context": null,
              "code": "const message = \"property 'or' should be an array of satisfy rules\";\nisInvalidRule({ and: [{ or: {} }, { and: [{ or: 3 }] }] }, { instancePath: \"/and/0/or\", message }, { instancePath: \"/and/1/and/0/or\", message });",
              "err": {},
              "uuid": "d3b68bf3-2ac9-41cc-b7da-c136783eee26",
              "parentUUID": "c94f96e1-db6f-41e7-b517-0546de352406",
              "isHook": false,
              "skipped": false
            }
          ],
          "suites": [],
          "passes": [
            "c7f430d7-6776-486d-ab87-13441ee04177",
            "7debf79d-55c8-4e9c-a2cb-464aad68c7ae",
            "3986e938-555a-4cb1-ae34-1491c96b2c9d",
            "ff3ed2ca-b111-4577-8eae-600e18784387",
            "99f0b9c4-204b-4f86-b600-6d2bd803594c",
            "9602e6ae-db0e-40f9-a2ef-42358a7036b9",
            "bb0e6b4d-ec0e-464e-a816-6066d903ff40",
            "d3b68bf3-2ac9-41cc-b7da-c136783eee26"
          ],
          "failures": [],
          "pending": [],
          "skipped": [],
          "duration": 7,
          "root": false,
          "rootEmpty": false,
          "_timeout": 2000
        }
      ],
      "passes": [],
      "failures": [],
      "pending": [],
      "skipped": [],
      "duration": 0,
      "root": true,
      "rootEmpty": true,
      "_timeout": 2000
    }
  ],
  "meta": {
    "mocha": {
      "version": "9.0.2"
    },
    "mochawesome": {
      "options": {
        "quiet": false,
        "reportFilename": "mochawesome",
        "saveHtml": true,
        "saveJson": true,
        "consoleReporter": "spec",
        "useInlineDiffs": false,
        "code": true
      },
      "version": "6.2.2"
    },
    "marge": {
      "options": {
        "reportDir": "docs"
      },
      "version": "5.2.0"
    }
  }
}