{
  "stats": {
    "suites": 10,
    "tests": 48,
    "passes": 48,
    "pending": 0,
    "failures": 0,
    "start": "2021-08-24T00:33:26.784Z",
    "end": "2021-08-24T00:33:27.181Z",
    "duration": 397,
    "testsRegistered": 48,
    "passPercent": 100,
    "pendingPercent": 0,
    "other": 0,
    "hasOther": false,
    "skipped": 0,
    "hasSkipped": false
  },
  "results": [
    {
      "uuid": "04269d77-8486-4572-90fb-e18314a65b62",
      "title": "",
      "fullFile": "",
      "file": "",
      "beforeHooks": [],
      "afterHooks": [],
      "tests": [],
      "suites": [
        {
          "uuid": "c5a58e4f-1059-4512-ab02-7ada416d7918",
          "title": "initDirectories",
          "fullFile": "/home/runner/work/planwithus-lib/planwithus-lib/src/block/schemas.test.ts",
          "file": "/src/block/schemas.test.ts",
          "beforeHooks": [],
          "afterHooks": [],
          "tests": [
            {
              "title": "should parse all blocks with no errors",
              "fullTitle": "initDirectories should parse all blocks with no errors",
              "timedOut": false,
              "duration": 3,
              "state": "passed",
              "speed": "fast",
              "pass": true,
              "fail": false,
              "pending": false,
              "context": null,
              "code": "_1.initDirectories.should.not.throw()",
              "err": {},
              "uuid": "0a7c5232-0d08-4648-a81c-46899cc78dc9",
              "parentUUID": "c5a58e4f-1059-4512-ab02-7ada416d7918",
              "isHook": false,
              "skipped": false
            },
            {
              "title": "should produce primary, second & minor directories",
              "fullTitle": "initDirectories should produce primary, second & minor directories",
              "timedOut": false,
              "duration": 3,
              "state": "passed",
              "speed": "fast",
              "pass": true,
              "fail": false,
              "pending": false,
              "context": null,
              "code": "const directories = _1.initDirectories();\ndirectories.should.have.property(\"primary\");\ndirectories.should.have.property(\"second\");\ndirectories.should.have.property(\"minor\");",
              "err": {},
              "uuid": "92d3cf20-702a-41e3-8c15-7b2fb490af01",
              "parentUUID": "c5a58e4f-1059-4512-ab02-7ada416d7918",
              "isHook": false,
              "skipped": false
            }
          ],
          "suites": [],
          "passes": [
            "0a7c5232-0d08-4648-a81c-46899cc78dc9",
            "92d3cf20-702a-41e3-8c15-7b2fb490af01"
          ],
          "failures": [],
          "pending": [],
          "skipped": [],
          "duration": 6,
          "root": false,
          "rootEmpty": false,
          "_timeout": 2000
        },
        {
          "uuid": "3547195f-7ecc-4d0e-9d39-6b4ffde9dd18",
          "title": "blockSchema",
          "fullFile": "/home/runner/work/planwithus-lib/planwithus-lib/src/block/schemas.test.ts",
          "file": "/src/block/schemas.test.ts",
          "beforeHooks": [],
          "afterHooks": [],
          "tests": [
            {
              "title": "should validate valid block",
              "fullTitle": "blockSchema should validate valid block",
              "timedOut": false,
              "duration": 229,
              "state": "passed",
              "speed": "slow",
              "pass": true,
              "fail": false,
              "pending": false,
              "context": "[\n  {\n    \"title\": \"block sample 0\",\n    \"value\": {\n      \"name\": \"='0gn!\",\n      \"ay\": 2001,\n      \"assign\": \"\",\n      \"match\": [],\n      \"satisfy\": [\n        {\n          \"or\": [\n            {\n              \"and\": [\n                {\n                  \"mc\": \"<=80\"\n                },\n                \"S&JJ{\",\n                \"I*j_[E\\\\^p\",\n                {\n                  \"and\": [\n                    {\n                      \"and\": [\n                        \"V;476R\",\n                        \".(\",\n                        \"||-..\"\n                      ]\n                    },\n                    \"B?ts&7\",\n                    \"Ux-Sc\",\n                    \"e*/K\",\n                    \"ri$H~p'Ok7\"\n                  ]\n                },\n                {\n                  \"and\": [\n                    \"\",\n                    \"d\",\n                    \"d(c7 \",\n                    \"SMEgNzL$6\",\n                    {\n                      \"mc\": \"<=25\"\n                    }\n                  ]\n                }\n              ]\n            },\n            \"%Xwc>ig<\",\n            {\n              \"mc\": \"<=118\"\n            },\n            {\n              \"mc\": \"<=14\"\n            }\n          ]\n        },\n        \"!]o!!!|@!\"\n      ],\n      \"info\": \"8O#\",\n      \"isSelectable\": true\n    }\n  },\n  {\n    \"title\": \"block sample 1\",\n    \"value\": {\n      \"name\": \"G\\\"\",\n      \"ay\": 1953,\n      \"assign\": [],\n      \"match\": [],\n      \"satisfy\": [\n        {\n          \"or\": [\n            {\n              \"or\": [\n                {\n                  \"mc\": \">=105\"\n                },\n                {\n                  \"mc\": \">=164\"\n                },\n                \"\",\n                {\n                  \"and\": [\n                    {\n                      \"and\": [\n                        {\n                          \"or\": [\n                            \"UG&-:\",\n                            \"$!v0X;1\",\n                            \"5ICL1Mc)\",\n                            \"C=KX\"\n                          ]\n                        },\n                        {\n                          \"mc\": \">=164\"\n                        },\n                        \"7W'+!K-$]\",\n                        {\n                          \"and\": [\n                            \"KF}sVN2<W}\"\n                          ]\n                        },\n                        \"*\"\n                      ]\n                    },\n                    \".^u^rB\"\n                  ]\n                }\n              ]\n            },\n            {\n              \"or\": [\n                {\n                  \"or\": [\n                    {\n                      \"and\": [\n                        {\n                          \"and\": [\n                            \"Bdy}6-9[W=\"\n                          ]\n                        },\n                        \"v4[rXA\",\n                        \":\"\n                      ]\n                    },\n                    \"5-\",\n                    {\n                      \"mc\": \"<=129\"\n                    },\n                    \"NSpds\",\n                    \"\"\n                  ]\n                },\n                {\n                  \"and\": [\n                    \"\",\n                    \")-Nq~\",\n                    \"ZAe\",\n                    \"w\"\n                  ]\n                }\n              ]\n            },\n            {\n              \"or\": []\n            }\n          ]\n        },\n        {\n          \"and\": [\n            {\n              \"mc\": \">=9\"\n            },\n            {\n              \"or\": [\n                \"m<rD\",\n                {\n                  \"or\": []\n                },\n                \"q[Dm|q2q\",\n                \"\",\n                {\n                  \"and\": [\n                    {\n                      \"mc\": \"<=9\"\n                    },\n                    \"+)n\",\n                    \"sP\"\n                  ]\n                }\n              ]\n            },\n            {\n              \"mc\": \">=197\"\n            },\n            {\n              \"and\": [\n                {\n                  \"and\": [\n                    \"p\\\"1iR]#k;\"\n                  ]\n                }\n              ]\n            },\n            {\n              \"mc\": \"<=177\"\n            }\n          ]\n        }\n      ],\n      \"info\": \"$!\",\n      \"isSelectable\": true,\n      \"\": {\n        \"assign\": \"\",\n        \"match\": \"XH2\",\n        \"satisfy\": [\n          {\n            \"or\": [\n              {\n                \"mc\": \">=8\"\n              },\n              {\n                \"and\": [\n                  \"xO%CN@I\",\n                  \"@sgkF}\",\n                  {\n                    \"mc\": \">=6\"\n                  }\n                ]\n              }\n            ]\n          },\n          \"Y`!e_BF\",\n          \"$&yd%\\\"u&E#\"\n        ],\n        \"url\": \"https://dq4ui.dq.mzg/U%F1%A5%A4%94E@QV5/~m&y_@=Ue%F1%B4%9E%A6/pE\",\n        \"info\": \"&xz]z&\",\n        \"isSelectable\": true,\n        \"I6P\": {\n          \"name\": \";iPjMaz\",\n          \"ay\": 1992,\n          \"assign\": \"XHe:\",\n          \"match\": {\n            \"pattern\": \"DR095J\",\n            \"info\": \"PxENfrML-\"\n          },\n          \"satisfy\": {\n            \"and\": [\n              {\n                \"or\": [\n                  \"~`i<kf*w\"\n                ]\n              },\n              {\n                \"mc\": \">=36\"\n              },\n              {\n                \"and\": [\n                  {\n                    \"mc\": \">=143\"\n                  },\n                  \"4wl(z\",\n                  {\n                    \"and\": []\n                  },\n                  {\n                    \"or\": [\n                      {\n                        \"and\": [\n                          {\n                            \"mc\": \">=96\"\n                          },\n                          \"X\",\n                          \"}?wGGg-p\"\n                        ]\n                      },\n                      \"g=XZ=\\\"b\",\n                      {\n                        \"or\": [\n                          {\n                            \"or\": [\n                              {\n                                \"or\": [\n                                  \"R\",\n                                  \"z(\",\n                                  \"-;o\",\n                                  \"W{<\"\n                                ]\n                              }\n                            ]\n                          },\n                          {\n                            \"or\": [\n                              \"K\"\n                            ]\n                          },\n                          \"69u\\\" P\"\n                        ]\n                      },\n                      \"{\",\n                      {\n                        \"and\": [\n                          {\n                            \"or\": []\n                          },\n                          \"kaDzr c `\",\n                          \"ueXPcfV?+9\"\n                        ]\n                      }\n                    ]\n                  },\n                  {\n                    \"or\": [\n                      {\n                        \"and\": []\n                      },\n                      {\n                        \"and\": []\n                      },\n                      \"t)\",\n                      {\n                        \"mc\": \">=1\"\n                      },\n                      \"Mgw\"\n                    ]\n                  }\n                ]\n              },\n              \"iWY*ZUu\",\n              {\n                \"and\": [\n                  \"8F8rFE\",\n                  \"9e+obkwx\"\n                ]\n              }\n            ]\n          },\n          \"url\": \"http://s.jrs8rble9nbp-3w8iu905-zdn-w7nty30zn.4l5e6.j8qfrlj4-a2blf8vmnfjh20p4ue1m5kxy3g9juvpx3y0dxh-0auug.ksykpo/9$/@QSdJZ:3~u/%F2%B7%AA%AC3/iNR%F2%B6%A2%86z7Jz3k/~/blA7V-)/@n@F3H/qh%F0%91%BD%B9cf8!X!c/5;.)l(/*,W3&g\",\n          \"info\": \"l=B?<7!lb{\",\n          \"!`hHB\": {\n            \"name\": \"H/T1dT\",\n            \"match\": {\n              \"and\": [\n                {\n                  \"pattern\": \"SAM9V\",\n                  \"exclude\": [\n                    \"VFSx42K\",\n                    \"ES339\",\n                    \"MH0\",\n                    \"EIFx7Y\",\n                    \"UWC*\"\n                  ],\n                  \"info\": \"{eY;\\\"-GQ\"\n                },\n                {\n                  \"and\": [\n                    \"WVQ20*U\",\n                    \"WF97N\"\n                  ]\n                }\n              ]\n            },\n            \"url\": \"http://27t7iiauudmuym7lzhnqp5vghnryo5yiua2r6zlbc.znhusw7jm-0swkjd53fmm.dc53u0sm5r94mslbok0lxt.rcpw0n4leh7p4dt6ktt7tro5v3igknreacka7kiei1fpu9oudv8f6mc8wubs.ooj/)_d;8j//C%F2%B9%BB%8ErZFJx\",\n            \"info\": \"N\"\n          },\n          \"lS\\\"9<yuKC[\": {\n            \"name\": \"y^4Wn8Od\",\n            \"ay\": 1962,\n            \"assign\": [\n              \"xCkj46b\"\n            ],\n            \"match\": {\n              \"and\": [\n                {\n                  \"and\": [\n                    \"FZP119\",\n                    {\n                      \"and\": [\n                        {\n                          \"and\": [\n                            \"YBJ628I\",\n                            {\n                              \"pattern\": \"WH5682\"\n                            },\n                            {\n                              \"pattern\": \"GO7\",\n                              \"exclude\": [\n                                \"MNE4I\",\n                                \"JKO975\",\n                                \"VA98\",\n                                \"RGI1x82U\"\n                              ],\n                              \"info\": \"CR\"\n                            },\n                            \"MM33A\"\n                          ]\n                        },\n                        \"XE4056S\"\n                      ]\n                    },\n                    \"KIS32\",\n                    \"FYG38\",\n                    {\n                      \"and\": [\n                        \"QO505B\",\n                        {\n                          \"or\": []\n                        },\n                        \"AU06O\"\n                      ]\n                    }\n                  ]\n                },\n                {\n                  \"pattern\": \"MD*Z\",\n                  \"exclude\": [\n                    \"QUS95\",\n                    \"VZI70*\",\n                    \"SVMx00\"\n                  ],\n                  \"info\": \"d7a\"\n                }\n              ]\n            },\n            \"satisfy\": [\n              {\n                \"and\": [\n                  {\n                    \"mc\": \">=115\"\n                  },\n                  {\n                    \"mc\": \">=165\"\n                  },\n                  {\n                    \"and\": [\n                      \">PBiq\",\n                      \"ggGJ\",\n                      {\n                        \"and\": [\n                          \"l3\",\n                          \"f%$jUzJ\"\n                        ]\n                      },\n                      {\n                        \"and\": [\n                          {\n                            \"mc\": \"<=156\"\n                          },\n                          \"Q|OYuw1\"\n                        ]\n                      }\n                    ]\n                  },\n                  {\n                    \"mc\": \"<=104\"\n                  }\n                ]\n              }\n            ],\n            \"url\": \"https://9c8f5b8zgs4dvxjybjux2f32u57-jqvw8p0h1klzyq0lgo59as2ko.ghjvgkcyb/x%E9%9B%B7%F3%A3%98%B0n/BNI=%EA%B5%BB*.*/D=MY%F0%A2%BD%B1hO%F0%92%8C%B3Kb/%EC%B2%96/1/Q*3%F0%B0%83%8C)t0/A8\",\n            \"info\": \"Jgw||~NY2A\",\n            \"isSelectable\": true\n          },\n          \"PbI\": {\n            \"name\": \"WN\",\n            \"ay\": 2010,\n            \"assign\": [\n              \"PC\"\n            ],\n            \"match\": {\n              \"or\": [\n                {\n                  \"and\": [\n                    {\n                      \"or\": []\n                    },\n                    \"SJ9**I\",\n                    {\n                      \"and\": [\n                        \"RV9N\",\n                        \"NZY5*F\",\n                        {\n                          \"and\": [\n                            {\n                              \"pattern\": \"LRx\",\n                              \"exclude\": [\n                                \"QAL145P\",\n                                \"IUV3\"\n                              ],\n                              \"info\": \"iR'k#px\"\n                            },\n                            \"VJA923\",\n                            \"AFQ43V\",\n                            {\n                              \"or\": [\n                                {\n                                  \"and\": [\n                                    \"RQF746*A\",\n                                    {\n                                      \"and\": [\n                                        \"OR65U\",\n                                        \"TI945R\",\n                                        \"FPU24xW\",\n                                        \"XD6739O\",\n                                        \"WLZ19O\"\n                                      ]\n                                    },\n                                    \"IP566\"\n                                  ]\n                                },\n                                \"AJ3\",\n                                \"VND860X\",\n                                \"YGY54Y\"\n                              ]\n                            },\n                            \"GP68\"\n                          ]\n                        },\n                        \"HDH854\"\n                      ]\n                    }\n                  ]\n                },\n                {\n                  \"or\": [\n                    {\n                      \"or\": []\n                    },\n                    \"LHW32Z\",\n                    {\n                      \"or\": [\n                        {\n                          \"and\": [\n                            \"DXE673N\",\n                            \"WG92U\"\n                          ]\n                        },\n                        {\n                          \"or\": [\n                            \"LS24J\",\n                            \"WWR84*3R\",\n                            \"ZH4x0\",\n                            {\n                              \"pattern\": \"ICH2x8J\",\n                              \"exclude\": \"RJS6J\",\n                              \"info\": \"zWlBw:[\"\n                            }\n                          ]\n                        }\n                      ]\n                    }\n                  ]\n                },\n                {\n                  \"or\": [\n                    \"JR*x25\",\n                    {\n                      \"or\": [\n                        \"KJT1D\",\n                        \"UYY77P\"\n                      ]\n                    },\n                    \"CXV178X\",\n                    {\n                      \"or\": [\n                        \"WJW3Z\",\n                        {\n                          \"pattern\": \"BZX4H\",\n                          \"exclude\": \"DBT3*P\",\n                          \"info\": \"nH2|%\"\n                        },\n                        {\n                          \"pattern\": \"LI7335\",\n                          \"info\": \"8B>=DnZ{\"\n                        },\n                        \"POG91x1\",\n                        {\n                          \"pattern\": \"PDCx7\"\n                        }\n                      ]\n                    },\n                    \"CYZ3829\"\n                  ]\n                },\n                \"KD0N\"\n              ]\n            },\n            \"satisfy\": {\n              \"mc\": \"<=157\"\n            },\n            \"url\": \"http://u2-j4hojozyv0jincgibg6pnrprzvlmqv4yth5xajd7a1gmnbez47i.spunii/j7UGAM%F2%B8%9A%BB0Wg/&1%F0%97%95%A9p62Ays/%E1%B0%83ft/H@9e\",\n            \"info\": \"x1@faUblA\",\n            \"isSelectable\": true\n          },\n          \"t[MAx\": {\n            \"name\": \"\",\n            \"ay\": 1971,\n            \"assign\": \"BxL8y?\",\n            \"match\": {\n              \"pattern\": \"OYH0\",\n              \"exclude\": [\n                \"RUM86x2R\",\n                \"TBUx02I\"\n              ],\n              \"info\": \"\"\n            },\n            \"satisfy\": {\n              \"and\": [\n                \"O;wLb\",\n                {\n                  \"and\": [\n                    \"\"\n                  ]\n                }\n              ]\n            },\n            \"url\": \"https://h.uqasr.kz-gul3egsvq.ysqi9tka35eluglbkaumm4gfu3bnfl.vagzi//cSDE\",\n            \"info\": \"a\"\n          }\n        },\n        \"Kh\": {\n          \"ay\": 1961,\n          \"assign\": [],\n          \"match\": [],\n          \"satisfy\": [\n            {\n              \"and\": [\n                {\n                  \"or\": [\n                    {\n                      \"mc\": \">=108\"\n                    },\n                    \"N`\\\"yq\\\\S/'L\"\n                  ]\n                }\n              ]\n            }\n          ],\n          \"url\": \"https://v7z0282a2imse6pd8mo63oag.swiiabw/XgIA3d1eum/Rn/d1Chs~e/C/wbv1MN-\",\n          \"isSelectable\": true\n        },\n        \"\": {\n          \"name\": \"G)9:S+\",\n          \"ay\": 2015,\n          \"assign\": \"c8R\\\\t\",\n          \"satisfy\": [\n            {\n              \"mc\": \">=21\"\n            },\n            \"YS0\",\n            {\n              \"mc\": \">=10\"\n            },\n            {\n              \"mc\": \"<=185\"\n            },\n            \"1i}ueF+\"\n          ],\n          \"url\": \"http://ijv0whfmbico9i64v772bb0-tkyapq3tx6hab8tcl-pd5.6ic7ynuh7-ov-zemn2bomj06koo9q.uj9sno62b6j8u.r5mezpk4-mohs99n2tv8udu0sielt4w.rioybijutr/~e/~1d2/PcsOW4*viE/zG@%F2%83%91%BBdgb./HQ%F2%99%B2%ADM///,5%F3%B8%B2%89P9v/\",\n          \"info\": \"bFKLFx\",\n          \"isSelectable\": true,\n          \"W&Oq[9-\": {\n            \"name\": \";,Li\\\"w>+)P\",\n            \"ay\": 2008,\n            \"assign\": \"3Da \",\n            \"match\": [\n              {\n                \"pattern\": \"SZ48\",\n                \"exclude\": [],\n                \"info\": \"}9c\"\n              },\n              {\n                \"or\": [\n                  {\n                    \"and\": [\n                      \"DMN*x\",\n                      \"IOQxV\",\n                      \"UZO4393\"\n                    ]\n                  }\n                ]\n              },\n              \"VTH2S\"\n            ],\n            \"url\": \"https://ev6a87c7-xht6yguj.1fcfqtricawj71jlaqljpdnm0dl-7ddofhe79.8-z.adigh/8//;ck/wt//LvW%EA%BA%93v)/Ql5Y%E3%9A%B3,A/%F1%8A%B8%81lX/%F1%AB%92%A36S/k0r*\",\n            \"info\": \"W^F3u$y\",\n            \"isSelectable\": true\n          }\n        }\n      },\n      \"z.scpr%ph\": {\n        \"name\": \" mN#.\",\n        \"ay\": 1992,\n        \"assign\": [\n          \":eCdc\"\n        ],\n        \"match\": {\n          \"pattern\": \"MLB4x3x\",\n          \"exclude\": [\n            \"HNY44\"\n          ],\n          \"info\": \"tqvS[hly.)\"\n        },\n        \"satisfy\": \"$\",\n        \"url\": \"http://7.dv8xra.jbeyucie/2/mmb'/W_*.a7/$$jfI6/b':5%F1%BC%80%9EvIi/Bv\",\n        \"isSelectable\": true\n      },\n      \"MD'5f$\": {\n        \"name\": \"\",\n        \"ay\": 2028,\n        \"assign\": \"vWXM|r\",\n        \"match\": {\n          \"or\": []\n        },\n        \"satisfy\": {\n          \"or\": [\n            {\n              \"and\": [\n                \"{\",\n                \"wM\",\n                {\n                  \"and\": []\n                },\n                {\n                  \"or\": [\n                    {\n                      \"mc\": \">=199\"\n                    }\n                  ]\n                },\n                {\n                  \"mc\": \">=50\"\n                }\n              ]\n            }\n          ]\n        },\n        \"url\": \"http://7sr2w.p1zyfmewok9s2fq0.n5pm-41i03q8jwf57rtrdoad5kthnlm18m5jy3.pizla9798-4c7nzwa88bkzzunecy.fycx404smnf23gqax2.nyoz/2QV\",\n        \"isSelectable\": true\n      }\n    }\n  },\n  {\n    \"title\": \"block sample 2\",\n    \"value\": {\n      \"name\": \"E\\\\F\",\n      \"ay\": 1958,\n      \"match\": {\n        \"pattern\": \"EO*8\",\n        \"exclude\": [\n          \"FV5*N\",\n          \"XG1453\",\n          \"EHO980F\",\n          \"IPPx76\"\n        ],\n        \"info\": \"&{%g\"\n      },\n      \"satisfy\": [\n        {\n          \"or\": [\n            \"\\\"\",\n            {\n              \"mc\": \">=38\"\n            }\n          ]\n        }\n      ],\n      \"url\": \"http://i1xltbpko7g64xjelj3lloxemwz0lumt.dzylf6pvnlls3lazcxs2kx.s6lpangvfaex7gcd179almmtzhep2cel2gp81-mpjmsh-t5.29ml7g2-pdwya91qtl45uvf-6deewznjt3fw2kmfdko4.en\",\n      \"isSelectable\": true\n    }\n  },\n  {\n    \"title\": \"block sample 3\",\n    \"value\": {\n      \"name\": \"1?\",\n      \"ay\": 1954,\n      \"match\": \"AAU57E\",\n      \"satisfy\": {\n        \"mc\": \">=177\"\n      },\n      \"url\": \"https://b.czsbzm-egnv9jyy7hfsy.ytsz/x)a$Fk3/=A\",\n      \"info\": \"9XdT ZM/8C\",\n      \"isSelectable\": true,\n      \"Ak\": {\n        \"name\": \"y7z&|~E\",\n        \"ay\": 1979,\n        \"assign\": [\n          \"G;)@\"\n        ],\n        \"match\": {\n          \"and\": [\n            {\n              \"pattern\": \"YRF*4\",\n              \"exclude\": [\n                \"DB3\",\n                \"GR9H\"\n              ]\n            },\n            {\n              \"or\": [\n                {\n                  \"pattern\": \"HCZ7*xQ\",\n                  \"exclude\": [\n                    \"JWV91x7E\"\n                  ],\n                  \"info\": \"3Yu\"\n                }\n              ]\n            },\n            {\n              \"or\": [\n                \"WYI*A\",\n                {\n                  \"and\": [\n                    {\n                      \"pattern\": \"DRN133S\",\n                      \"exclude\": [\n                        \"QOX2424\",\n                        \"DL7451\",\n                        \"TM8\"\n                      ],\n                      \"info\": \"BRG}\\\\\"\n                    }\n                  ]\n                },\n                \"GY1O\"\n              ]\n            }\n          ]\n        },\n        \"satisfy\": {\n          \"or\": []\n        },\n        \"info\": \"(96+Q6:1\"\n      },\n      \"i}{\": {\n        \"name\": \"%@\",\n        \"ay\": 1956,\n        \"assign\": [\n          \"?SD]ed}BwO\"\n        ],\n        \"match\": [],\n        \"satisfy\": \"&\",\n        \"info\": \"}!\",\n        \"isSelectable\": true\n      }\n    }\n  },\n  {\n    \"title\": \"block sample 4\",\n    \"value\": {\n      \"name\": \"< Fh|#h%\",\n      \"ay\": 2003,\n      \"assign\": \"x# }l{_x\",\n      \"match\": {\n        \"and\": []\n      },\n      \"satisfy\": {\n        \"mc\": \"<=8\"\n      },\n      \"url\": \"https://fxenb36y39exjk-smblhvit0zglvg16e-wuzxg5zrexpkms2co.zx5n8-avkt8d0acuygsyopt6l5j4dl6fl62k3vlws-ouopqu.1.tfjko/5f@%F0%AA%BD%AB%F1%A5%93%ABI/ee:\",\n      \"info\": \"1J&e%F(o$\",\n      \"isSelectable\": true\n    }\n  },\n  {\n    \"title\": \"block sample 5\",\n    \"value\": {\n      \"name\": \"PD85^R\",\n      \"satisfy\": {\n        \"and\": [\n          {\n            \"mc\": \"<=32\"\n          },\n          {\n            \"mc\": \">=1\"\n          }\n        ]\n      },\n      \"url\": \"https://49.rehbcbeasb/\",\n      \"info\": \"5\",\n      \"T|\": {\n        \"name\": \"P4Nuyt%Ta\",\n        \"ay\": 2026,\n        \"assign\": [\n          \"N.3_p6j]\",\n          \"Pt%pSx{*G\",\n          \"\",\n          \".`\",\n          \"c\"\n        ],\n        \"match\": {\n          \"and\": [\n            {\n              \"and\": [\n                \"MW380Y\",\n                \"HRM4\"\n              ]\n            },\n            \"UI29x9R\"\n          ]\n        },\n        \"satisfy\": \"%&}fjm&\\\"\",\n        \"url\": \"https://6.jnw155bqeo2lx41hu.d.e3mx-6zs3.hh/%F1%BD%B2%AE./95y~Wi=17//Re/x~Z/0/a+FXzEjRx_/eb;rW/@&y;/$Tj\",\n        \"info\": \"Fe$Dm9km\",\n        \"isSelectable\": true,\n        \"v#.;`l<%TQ\": {\n          \"ay\": 1983,\n          \"assign\": [\n            \"3\",\n            \"Rn\\\"e)l\",\n            \"%\"\n          ],\n          \"satisfy\": \"rWxK\",\n          \"url\": \"https://m2jlqkwgwoaipmk877vjw7zazh0-dn78qz-v0h-iqrzfwl.jtfvsarkw//jt_=u)Ga=/2H/8\",\n          \"isSelectable\": true\n        },\n        \"8%b\": {\n          \"name\": \".&IilfzU\",\n          \"ay\": 2030,\n          \"assign\": [\n            \"^{Ush\",\n            \"zuX\",\n            \"(H+\\\"&`0\",\n            \"u*I{`z%0Ts\",\n            \"L$oiy\\\"FI&\"\n          ],\n          \"match\": {\n            \"pattern\": \"OCV8x\",\n            \"exclude\": [\n              \"NWN1\",\n              \"WVP63\",\n              \"IP60x4\"\n            ],\n            \"info\": \"4_ne\\\\LK&X?\"\n          },\n          \"isSelectable\": true\n        }\n      },\n      \"T\": {\n        \"ay\": 1956,\n        \"assign\": \"88LKg7Qiu\",\n        \"match\": \"AF9x\",\n        \"satisfy\": [\n          {\n            \"or\": [\n              {\n                \"or\": [\n                  {\n                    \"or\": [\n                      \"\",\n                      {\n                        \"or\": [\n                          \"F5Y,,\\\"Ay.'\",\n                          \"8x<E\",\n                          \"d%&TJMW\",\n                          \"RC\\\\[Q\",\n                          \"O( \"\n                        ]\n                      }\n                    ]\n                  },\n                  \"(s+^]ZZhTd\",\n                  \"MvY&QG&\",\n                  {\n                    \"and\": [\n                      {\n                        \"mc\": \"<=81\"\n                      },\n                      {\n                        \"and\": [\n                          \"9x\",\n                          \"9\",\n                          \"rVQN\"\n                        ]\n                      },\n                      \"< :\",\n                      \"A|Z\"\n                    ]\n                  },\n                  \"Kv4XE\"\n                ]\n              },\n              {\n                \"mc\": \"<=53\"\n              },\n              {\n                \"or\": [\n                  {\n                    \"or\": []\n                  },\n                  \"\"\n                ]\n              }\n            ]\n          },\n          {\n            \"or\": [\n              {\n                \"mc\": \">=187\"\n              },\n              {\n                \"and\": [\n                  {\n                    \"or\": [\n                      {\n                        \"and\": [\n                          \"H[(S#eIi6\",\n                          \"?@'\",\n                          \"\",\n                          \"BN\",\n                          {\n                            \"or\": []\n                          }\n                        ]\n                      },\n                      {\n                        \"or\": [\n                          \"EM:M\",\n                          \"p\",\n                          \"U[`Es+G!\\\"\",\n                          {\n                            \"and\": []\n                          },\n                          {\n                            \"or\": [\n                              \"*|o ,ro\\\"Ay\",\n                              \"R!2\",\n                              \"\",\n                              \"PAD\",\n                              \"2pv\"\n                            ]\n                          }\n                        ]\n                      },\n                      {\n                        \"and\": [\n                          \"$~y:/2]Qb\",\n                          {\n                            \"or\": [\n                              {\n                                \"and\": [\n                                  {\n                                    \"mc\": \">=15\"\n                                  },\n                                  \"t'l\"\n                                ]\n                              },\n                              \"<\\\"K)zq,w\"\n                            ]\n                          },\n                          {\n                            \"mc\": \">=197\"\n                          }\n                        ]\n                      }\n                    ]\n                  },\n                  \"ODt!6 p6!\",\n                  \"*|dvC=\"\n                ]\n              },\n              \"\",\n              {\n                \"and\": [\n                  \"Gry?84I\",\n                  \"JxW7\"\n                ]\n              }\n            ]\n          },\n          {\n            \"and\": [\n              {\n                \"and\": []\n              },\n              \"\",\n              \"G6+K'0f%{\"\n            ]\n          },\n          {\n            \"mc\": \"<=8\"\n          }\n        ],\n        \"url\": \"http://2k86l6nk9u5lyw7ie0is.rr/$/nZ%F3%8A%A0%A8%F2%8A%A5%8B/%F3%B5%B4%92oh%F1%A0%9F%8CPW8\",\n        \"info\": \"%\",\n        \"isSelectable\": true,\n        \"&\": {\n          \"name\": \"$k$xK~\",\n          \"ay\": 1989,\n          \"match\": [],\n          \"satisfy\": {\n            \"or\": []\n          },\n          \"info\": \"\",\n          \"isSelectable\": true\n        }\n      },\n      \"~ *\": {\n        \"ay\": 2026,\n        \"assign\": [],\n        \"match\": [\n          {\n            \"and\": [\n              {\n                \"or\": []\n              }\n            ]\n          },\n          {\n            \"and\": [\n              {\n                \"pattern\": \"UD25\",\n                \"info\": \"%y+M\"\n              }\n            ]\n          },\n          {\n            \"or\": [\n              \"SSN167J\",\n              {\n                \"and\": []\n              }\n            ]\n          },\n          {\n            \"or\": []\n          },\n          \"LX97*\"\n        ],\n        \"satisfy\": {\n          \"or\": [\n            {\n              \"mc\": \"<=7\"\n            }\n          ]\n        },\n        \"url\": \"https://nlmudl4dhdwqks9wt21dh0u6jtjak27nso0gaqa40.sqf1eu6pojwiuzauhy2qviyeysju99ij87om1zc756fvvjfspb9-mmgawsprxzr.ikjc6vr56vpvp83nb0k65mmgv1r8l23b3xwut5yt-4rdt39z.wzae/W%F3%97%85%A8TYIq*%F2%B0%8E%8D\",\n        \"info\": \"Q>FrJ5x((\",\n        \"isSelectable\": true,\n        \"o`^D1e\": {\n          \"ay\": 2001,\n          \"assign\": [\n            \"7v(Q\",\n            \"3X\",\n            \"d\"\n          ],\n          \"match\": [],\n          \"satisfy\": {\n            \"or\": [\n              \"d;'pv)~\",\n              {\n                \"mc\": \">=94\"\n              },\n              {\n                \"mc\": \">=7\"\n              },\n              {\n                \"or\": [\n                  \"jOy\",\n                  \"@\",\n                  \"Fey_Y$4M;\",\n                  {\n                    \"or\": [\n                      \"9JZhJ^Nr\"\n                    ]\n                  }\n                ]\n              }\n            ]\n          },\n          \"info\": \"c}\",\n          \"isSelectable\": true\n        }\n      },\n      \"]HAyK?\": {\n        \"ay\": 2029,\n        \"assign\": [\n          \"Hy!\\\"|Q}&z\",\n          \"S({Q>)\",\n          \"+xB\"\n        ],\n        \"match\": [\n          {\n            \"pattern\": \"PY39\",\n            \"exclude\": \"IEL126\",\n            \"info\": \"D+mb*To\"\n          }\n        ],\n        \"satisfy\": {\n          \"mc\": \">=198\"\n        },\n        \"url\": \"http://rk4.eqernf\",\n        \"info\": \" \"\n      },\n      \"+IT~$4}\": {\n        \"name\": \"I8\",\n        \"ay\": 1951,\n        \"assign\": [\n          \"\"\n        ],\n        \"match\": {\n          \"pattern\": \"LML1\",\n          \"exclude\": \"NGN850Q\",\n          \"info\": \"\\\"h=K\"\n        },\n        \"satisfy\": \"~~Hiz>P \",\n        \"url\": \"http://udl00h542cw5p-a8iknrx5graojpa8rfb6bf7dhff.576g-f.gwla/M~o=xfci&/Qs77\",\n        \"info\": \"UU#C\",\n        \"isSelectable\": true\n      }\n    }\n  },\n  {\n    \"title\": \"block sample 6\",\n    \"value\": {\n      \"name\": \"d/\",\n      \"ay\": 1952,\n      \"assign\": [\n        \"\",\n        \"Kb@r.$h9\\\"&\",\n        \"G$!C';2`%\",\n        \"^\",\n        \"\"\n      ],\n      \"satisfy\": [\n        \":2TRH(F#3~\",\n        {\n          \"or\": [\n            {\n              \"mc\": \">=16\"\n            },\n            \"$iW+4HEg\",\n            \"/SQ$N6`#\",\n            {\n              \"mc\": \">=151\"\n            },\n            {\n              \"mc\": \">=195\"\n            }\n          ]\n        },\n        {\n          \"or\": [\n            {\n              \"or\": [\n                {\n                  \"mc\": \">=3\"\n                },\n                \"%mJ[*YQy\"\n              ]\n            },\n            {\n              \"mc\": \"<=30\"\n            },\n            {\n              \"mc\": \"<=127\"\n            },\n            \"l&*NQ\\\\U\"\n          ]\n        },\n        {\n          \"mc\": \"<=42\"\n        },\n        {\n          \"and\": [\n            {\n              \"and\": [\n                \"{k _(FJS\",\n                \"vB/1[r \"\n              ]\n            }\n          ]\n        }\n      ],\n      \"url\": \"https://c-edb.4bg15bqb2cf9ld656kaed6-fjfeculebp.akhmcax-lk5hsgxxte3m9vztcwftarp27j.l.edbt.jtbvajed/GUNQ!F,,~///vH4/$-EgjV\",\n      \"isSelectable\": true,\n      \" \": {\n        \"name\": \"*~u&\",\n        \"assign\": \"][K|3vaL\",\n        \"match\": [],\n        \"satisfy\": {\n          \"or\": [\n            {\n              \"and\": [\n                \"8#}~?Qxcc<\",\n                \"9)hsPT\",\n                {\n                  \"and\": [\n                    \"0l\\\\80\",\n                    \"n[k\"\n                  ]\n                },\n                \"/kQDqL=\"\n              ]\n            },\n            {\n              \"and\": [\n                {\n                  \"or\": [\n                    {\n                      \"or\": [\n                        \"\",\n                        \"0zU>PiZr&\",\n                        \"PkP0T\",\n                        \"EZkX6D,t+\"\n                      ]\n                    }\n                  ]\n                },\n                \"/!HG1F\"\n              ]\n            },\n            {\n              \"or\": [\n                {\n                  \"and\": [\n                    {\n                      \"mc\": \"<=134\"\n                    },\n                    {\n                      \"or\": [\n                        \"\",\n                        {\n                          \"or\": [\n                            \"Sm@e|\"\n                          ]\n                        }\n                      ]\n                    }\n                  ]\n                },\n                {\n                  \"or\": [\n                    \"{S^%\",\n                    \"Fo\",\n                    \"d<H-Z\"\n                  ]\n                }\n              ]\n            },\n            {\n              \"mc\": \">=49\"\n            }\n          ]\n        },\n        \"info\": \"P\",\n        \"isSelectable\": true\n      }\n    }\n  },\n  {\n    \"title\": \"block sample 7\",\n    \"value\": {\n      \"name\": \"dJB?;`+Y}W\",\n      \"ay\": 1956,\n      \"assign\": \"5\",\n      \"match\": [\n        {\n          \"or\": [\n            {\n              \"and\": [\n                \"MMK8E\",\n                {\n                  \"or\": [\n                    {\n                      \"pattern\": \"GU577\",\n                      \"exclude\": [\n                        \"RS*00T\",\n                        \"YWx21S\",\n                        \"JCZ41x*F\"\n                      ],\n                      \"info\": \"\"\n                    },\n                    \"RV81xZ\"\n                  ]\n                },\n                {\n                  \"pattern\": \"WD02G\",\n                  \"exclude\": [\n                    \"CJx9*3K\",\n                    \"FE5103\",\n                    \"DQZ978U\"\n                  ],\n                  \"info\": \"7\"\n                }\n              ]\n            },\n            {\n              \"or\": []\n            },\n            {\n              \"and\": [\n                \"WG7x39A\",\n                \"MFU8F\",\n                {\n                  \"or\": [\n                    \"XO337\",\n                    \"PG5K\"\n                  ]\n                },\n                \"HPZ**10\"\n              ]\n            }\n          ]\n        }\n      ],\n      \"satisfy\": {\n        \"mc\": \"<=195\"\n      },\n      \"url\": \"https://f.g8h8ldgxevl63ksq82pd7eeo-v.pew/%F1%A6%B1%A0%2dV\",\n      \"info\": \"(\\\"< wv9bj\",\n      \"isSelectable\": true\n    }\n  },\n  {\n    \"title\": \"block sample 8\",\n    \"value\": {\n      \"name\": \"D% \",\n      \"ay\": 2026,\n      \"assign\": \"4f\",\n      \"satisfy\": {\n        \"or\": []\n      },\n      \"url\": \"https://q1.c1z6w5dn577y0bf8a7j97uri1u9crb875bab.mkpgtzkx/EOdd)/D%F3%80%8A%86_=Job0y$/QE%F1%BD%BD%99/O5,K4D/qnA/i/G/%F1%91%94%9919k//h~f:%F2%95%8F%91J,l\",\n      \"info\": \"{!~\",\n      \"isSelectable\": true\n    }\n  },\n  {\n    \"title\": \"block sample 9\",\n    \"value\": {\n      \"name\": \"-I!F^E&,\",\n      \"ay\": 1999,\n      \"assign\": \"+mBp!-fI<\",\n      \"match\": [],\n      \"url\": \"http://e8frr4ix-ysk5b7y50al4sm7ehoutr848rn.lxcx5o-cqoz0r-s6u28-pjvmpguv64v8r4p0os.c.6z5isn69jmzjxo134safadghifk5pppt6j6924jx9zdpio7arxka3or6h.74wy3atxl2cw652k7712bv7q9nne-fl09121hiqwtjvi9feuq3hra7mh4h.mwa/NG)Sal\",\n      \"info\": \"Q\",\n      \"isSelectable\": true,\n      \":6&Hp8_\": {\n        \"ay\": 1952,\n        \"assign\": \"\",\n        \"match\": {\n          \"or\": [\n            {\n              \"pattern\": \"EUP860R\",\n              \"exclude\": \"IH799F\",\n              \"info\": \"#DZf1s]5eG\"\n            },\n            \"NW7F\",\n            \"GGG6Q\"\n          ]\n        },\n        \"satisfy\": {\n          \"mc\": \">=4\"\n        },\n        \"url\": \"https://4pq18fhq9-yjizii7-hznui-6jgwvlsuy4mx.xyqcqy//!8gDx-//o,/=/E4/ZHY%F2%A7%89%B5i/Y87j-Mw-s:\",\n        \"info\": \"8Ccq\",\n        \"isSelectable\": true\n      },\n      \"{]0\": {\n        \"ay\": 1974,\n        \"assign\": [\n          \"#<{?m\",\n          \"5+|D\",\n          \"L]kDzV\",\n          \"n.YOM~Jm\"\n        ],\n        \"match\": [\n          {\n            \"and\": [\n              {\n                \"pattern\": \"TTx*\",\n                \"exclude\": \"YCP089\",\n                \"info\": \"`acf\\\"\"\n              },\n              {\n                \"or\": [\n                  {\n                    \"or\": [\n                      \"WL1x\"\n                    ]\n                  },\n                  \"SZG778\",\n                  {\n                    \"and\": [\n                      {\n                        \"or\": [\n                          \"IWJ66*\",\n                          \"GCF05S\",\n                          \"EOZ7G\"\n                        ]\n                      },\n                      \"NY409\",\n                      \"NBD624E\",\n                      \"HYX94J\",\n                      {\n                        \"and\": [\n                          \"MQE39K\"\n                        ]\n                      }\n                    ]\n                  },\n                  {\n                    \"pattern\": \"LRx724\",\n                    \"exclude\": \"ZF0\",\n                    \"info\": \"}%jK.@\"\n                  }\n                ]\n              }\n            ]\n          },\n          {\n            \"and\": [\n              {\n                \"and\": []\n              },\n              {\n                \"pattern\": \"IO*83M\",\n                \"exclude\": \"HUX630V\",\n                \"info\": \";6&]<W\"\n              }\n            ]\n          },\n          {\n            \"and\": [\n              {\n                \"pattern\": \"NHx3\",\n                \"exclude\": \"PMM*77W\",\n                \"info\": \"+jQ}RM?]i\"\n              },\n              {\n                \"pattern\": \"RED7111B\",\n                \"exclude\": [\n                  \"ZFHxx5\"\n                ],\n                \"info\": \"7~w*O\"\n              }\n            ]\n          }\n        ],\n        \"satisfy\": [\n          {\n            \"mc\": \">=154\"\n          },\n          {\n            \"and\": [\n              {\n                \"and\": [\n                  {\n                    \"mc\": \"<=108\"\n                  },\n                  {\n                    \"and\": [\n                      {\n                        \"and\": [\n                          \"x8Q9OK#zx'\",\n                          {\n                            \"mc\": \">=46\"\n                          },\n                          \")rq;]aC\",\n                          \"%G5\",\n                          \" -\"\n                        ]\n                      },\n                      \"ZbEv/:<cJ`\",\n                      \"\",\n                      \"HC\",\n                      \"-#sV 2Pv\"\n                    ]\n                  },\n                  {\n                    \"or\": [\n                      \"Qw\",\n                      \"D]jfR\"\n                    ]\n                  },\n                  \"B'jM}ns\"\n                ]\n              },\n              \"u9{vw#[OeI\",\n              {\n                \"and\": []\n              },\n              {\n                \"mc\": \"<=2\"\n              },\n              \"$Drj29O\"\n            ]\n          },\n          {\n            \"mc\": \"<=158\"\n          }\n        ],\n        \"url\": \"https://9b9rch0iti-95cgs7eg5hn-k0q8n3fk9w0o1y29f85irmuppp2t.yj8qdku3fahbgyfgkgqie286zzfq-k0fn7mlz2ny4swm5fh.mouezp0g0fdymbku0z.u2x7q.xofqxmkp/I/;%F3%83%B7%BB%F2%95%9B%84bUu/wdP/\",\n        \"info\": \"h\",\n        \"isSelectable\": true,\n        \" -\": {\n          \"name\": \"\",\n          \"ay\": 1959,\n          \"match\": [],\n          \"satisfy\": \"\",\n          \"url\": \"http://b46uje8wimz1iew-xgk.c6vubu0deli2mye4wwsfysense8m3.7b.g-py61w80m11aly6gignqnplvb3zonwept0jdc3exbftv1k35e9o7uqnap4a3yq.hbwnzrb//3%F1%BE%8D%9F7d7*/gontDep%F1%85%9C%805P/2\",\n          \"info\": \"y[T@d\",\n          \"isSelectable\": true\n        },\n        \"U#@_C\": {\n          \"name\": \"XI{x#\",\n          \"ay\": 2012,\n          \"assign\": [\n            \"UU0M_|\",\n            \"zCsl_S\",\n            \"JSZ\",\n            \"o`TV;P\\\"_ln\",\n            \"E7u\"\n          ],\n          \"satisfy\": [],\n          \"url\": \"http://q.5dyaj5k5vxq70.dlkuyxevk//K'$ACBW//o%F2%AC%9F%A9WPE\",\n          \"info\": \"^DO\",\n          \"isSelectable\": true\n        },\n        \"{59Cgzm?*@\": {\n          \"name\": \"kFO22\",\n          \"satisfy\": [\n            \"qu%pLE}J3^\",\n            {\n              \"and\": []\n            },\n            {\n              \"and\": [\n                {\n                  \"mc\": \"<=133\"\n                }\n              ]\n            },\n            {\n              \"or\": [\n                \"r;|iIK[\",\n                {\n                  \"or\": [\n                    \"njf.QY\",\n                    \"(t\",\n                    \"jiQ^d\",\n                    \"My\\\"qI7X\"\n                  ]\n                },\n                {\n                  \"mc\": \"<=184\"\n                },\n                {\n                  \"mc\": \"<=51\"\n                },\n                {\n                  \"and\": [\n                    \"i~f-HmV/\"\n                  ]\n                }\n              ]\n            },\n            {\n              \"and\": [\n                {\n                  \"or\": [\n                    \"*\",\n                    \"ghHXQz]>8#\",\n                    \"Nd6s=>Z\",\n                    {\n                      \"or\": []\n                    }\n                  ]\n                },\n                \"@.HD|meh}d\"\n              ]\n            }\n          ],\n          \"url\": \"http://cg3iv9ewh-faz3m2mye9xybo4l0-2ou-defznpsacgzudfu4b53t5h-875p.izp2kydyea9t-q8z9.wtjrv8iu68em.42w6sa660rq217x6v-epr01gxd9h4awj75e3c-qnq1qhhijt57nxdbnif8l2e6e.ihnkconre/4/qNf/z%F1%BB%A9%81W//SH~s;A\",\n          \"info\": \"KI.C\\\"]z\"\n        },\n        \"|P@2i?0+\": {\n          \"ay\": 1954,\n          \"assign\": \"V5\\\\,(\",\n          \"satisfy\": {\n            \"or\": [\n              {\n                \"or\": []\n              }\n            ]\n          },\n          \"url\": \"https://plsqryaihqi4ooujxoxr5r26611mk0a-gwd41y7tap1-tqz0gu.kndyaijsoh8-txptklbjn-93q2pw6h3ydkq337coq-qwwgbbqmtnifsw3.5vrtiau6lqj-o.he-6.xvp\",\n          \"isSelectable\": true\n        }\n      }\n    }\n  }\n]",
              "code": "fast_check_1.sample(index_test_2.block, 10).forEach((sample, i) => addContext_1.default(this, {\n    title: `block sample ${i}`,\n    value: sample,\n}));\nreturn fast_check_1.assert(fast_check_1.property(index_test_2.block, ajvValidate));",
              "err": {},
              "uuid": "5684f968-d23a-4da8-a2ad-1f5561dc2657",
              "parentUUID": "3547195f-7ecc-4d0e-9d39-6b4ffde9dd18",
              "isHook": false,
              "skipped": false
            },
            {
              "title": "should not validate non-object",
              "fullTitle": "blockSchema should not validate non-object",
              "timedOut": false,
              "duration": 1,
              "state": "passed",
              "speed": "fast",
              "pass": true,
              "fail": false,
              "pending": false,
              "context": null,
              "code": "const error = {\n    instancePath: \"\",\n    message: \"block should be an object\",\n};\nisInvalidBlock(null, error);\nisInvalidBlock(undefined, error);\nisInvalidBlock(10, error);\nisInvalidBlock([12, 24], error);\nisInvalidBlock(\"abc\", error);",
              "err": {},
              "uuid": "f5355ed4-f907-4684-8b8a-360394b5e0c9",
              "parentUUID": "3547195f-7ecc-4d0e-9d39-6b4ffde9dd18",
              "isHook": false,
              "skipped": false
            },
            {
              "title": "should not validate block with invalid properties",
              "fullTitle": "blockSchema should not validate block with invalid properties",
              "timedOut": false,
              "duration": 1,
              "state": "passed",
              "speed": "fast",
              "pass": true,
              "fail": false,
              "pending": false,
              "context": null,
              "code": "isInvalidBlock({\n        name: { foo: \"bar\" },\n        ay: -1000,\n        assign: {},\n        match: 1,\n        satisfy: 2,\n        url: { abc: \"def\" },\n        info: 42,\n        isSelectable: 32,\n    }, { instancePath: \"/name\", message: \"property 'name' should be a string\" }, {\n        instancePath: \"/ay\",\n        message: \"property 'ay' should be a positive integer\",\n    }, {\n        instancePath: \"/assign\",\n        message: \"property 'assign' should be either a block ID or an array of block IDs\",\n    }, {\n        instancePath: \"/match\",\n        message: \"property 'match' should be either a match rule or an array of match rules\",\n    }, {\n        instancePath: \"/satisfy\",\n        message: \"property 'satisfy' should be either a satisfy rule or an array of satisfy rules\",\n    }, { instancePath: \"/url\", message: \"property 'url' should be a string\" }, { instancePath: \"/info\", message: \"property 'info' should be a string\" }, {\n        instancePath: \"/isSelectable\",\n        message: \"property 'isSelectable' should be a boolean\",\n    })",
              "err": {},
              "uuid": "0a4ff6be-0b0e-4b6b-b69f-0c0c3b1d9501",
              "parentUUID": "3547195f-7ecc-4d0e-9d39-6b4ffde9dd18",
              "isHook": false,
              "skipped": false
            }
          ],
          "suites": [],
          "passes": [
            "5684f968-d23a-4da8-a2ad-1f5561dc2657",
            "f5355ed4-f907-4684-8b8a-360394b5e0c9",
            "0a4ff6be-0b0e-4b6b-b69f-0c0c3b1d9501"
          ],
          "failures": [],
          "pending": [],
          "skipped": [],
          "duration": 231,
          "root": false,
          "rootEmpty": false,
          "_timeout": 2000
        },
        {
          "uuid": "c16b586d-d5cf-46b7-aa53-24a4d9a4368d",
          "title": "patternToRE",
          "fullFile": "/home/runner/work/planwithus-lib/planwithus-lib/src/matchRule/pattern/satisfiers.test.ts",
          "file": "/src/matchRule/pattern/satisfiers.test.ts",
          "beforeHooks": [],
          "afterHooks": [],
          "tests": [
            {
              "title": "should match valid modules with a single pattern",
              "fullTitle": "patternToRE should match valid modules with a single pattern",
              "timedOut": false,
              "duration": 21,
              "state": "passed",
              "speed": "fast",
              "pass": true,
              "fail": false,
              "pending": false,
              "context": "[\n  {\n    \"title\": \"patternExampleList sample 0\",\n    \"value\": [\n      \"WWK*\",\n      [\n        \"WWKJNX\",\n        \"WWKU75LJL\",\n        \"WWK1316A\",\n        \"WWK3VZ7\",\n        \"WWKK3K04B\",\n        \"WWK90ABJPI\",\n        \"WWKQR0QF1\"\n      ]\n    ]\n  },\n  {\n    \"title\": \"patternExampleList sample 1\",\n    \"value\": [\n      \"ICV*90N\",\n      [\n        \"ICVL7OXRD790N\",\n        \"ICVIM8Y2R490N\",\n        \"ICVRES790N\",\n        \"ICVD90N\",\n        \"ICV90N\"\n      ]\n    ]\n  },\n  {\n    \"title\": \"patternExampleList sample 2\",\n    \"value\": [\n      \"RGx749\",\n      [\n        \"RG1749\",\n        \"RG3749\",\n        \"RG5749\",\n        \"RG7749\",\n        \"RG4749\",\n        \"RG9749\",\n        \"RG6749\",\n        \"RG0749\"\n      ]\n    ]\n  },\n  {\n    \"title\": \"patternExampleList sample 3\",\n    \"value\": [\n      \"IE25Q\",\n      [\n        \"IE25Q\"\n      ]\n    ]\n  },\n  {\n    \"title\": \"patternExampleList sample 4\",\n    \"value\": [\n      \"NO0\",\n      [\n        \"NO0\"\n      ]\n    ]\n  },\n  {\n    \"title\": \"patternExampleList sample 5\",\n    \"value\": [\n      \"RS4H\",\n      [\n        \"RS4H\"\n      ]\n    ]\n  },\n  {\n    \"title\": \"patternExampleList sample 6\",\n    \"value\": [\n      \"ZNU6\",\n      [\n        \"ZNU6\"\n      ]\n    ]\n  },\n  {\n    \"title\": \"patternExampleList sample 7\",\n    \"value\": [\n      \"MHH*x22\",\n      [\n        \"MHHJ422\",\n        \"MHH8FJECSV322\",\n        \"MHHQ664I2022\",\n        \"MHHTO122\"\n      ]\n    ]\n  },\n  {\n    \"title\": \"patternExampleList sample 8\",\n    \"value\": [\n      \"ZV76\",\n      [\n        \"ZV76\"\n      ]\n    ]\n  },\n  {\n    \"title\": \"patternExampleList sample 9\",\n    \"value\": [\n      \"EF357\",\n      [\n        \"EF357\"\n      ]\n    ]\n  }\n]",
              "code": "fast_check_1.sample(index_test_1.patternExampleList, 10).forEach((sample, i) => addContext_1.default(this, {\n    title: `patternExampleList sample ${i}`,\n    value: sample,\n}));\nreturn fast_check_1.assert(fast_check_1.property(index_test_1.patternExampleList, ([patternStr, examples]) => {\n    const re = _1.patternToRE(patternStr);\n    return examples.every(re.test.bind(re));\n}));",
              "err": {},
              "uuid": "e8da57d8-def1-48bc-b7d0-9bb4731081b0",
              "parentUUID": "c16b586d-d5cf-46b7-aa53-24a4d9a4368d",
              "isHook": false,
              "skipped": false
            },
            {
              "title": "should match valid modules with multiple patterns",
              "fullTitle": "patternToRE should match valid modules with multiple patterns",
              "timedOut": false,
              "duration": 72,
              "state": "passed",
              "speed": "medium",
              "pass": true,
              "fail": false,
              "pending": false,
              "context": "[\n  {\n    \"title\": \"patternExampleListArray sample 0\",\n    \"value\": [\n      [\n        \"YGA439Z\",\n        [\n          \"YGA439Z\"\n        ]\n      ],\n      [\n        \"JD1E\",\n        [\n          \"JD1E\"\n        ]\n      ],\n      [\n        \"YAR52\",\n        [\n          \"YAR52\"\n        ]\n      ],\n      [\n        \"JIQ9728C\",\n        [\n          \"JIQ9728C\"\n        ]\n      ],\n      [\n        \"AUJ980R\",\n        [\n          \"AUJ980R\"\n        ]\n      ],\n      [\n        \"OT7103O\",\n        [\n          \"OT7103O\"\n        ]\n      ],\n      [\n        \"PE30*8\",\n        [\n          \"PE306GID8\",\n          \"PE30MB8\",\n          \"PE30ZY8\",\n          \"PE30S8FG0FTR8\",\n          \"PE30B6Z8\",\n          \"PE30WQVB8\",\n          \"PE30Y8\",\n          \"PE309Y38W4EW8\",\n          \"PE30CD8\"\n        ]\n      ],\n      [\n        \"POU08*L\",\n        [\n          \"POU086NL\",\n          \"POU08AL\",\n          \"POU08ZCQZL\",\n          \"POU081L\",\n          \"POU08UQL\",\n          \"POU08EKL\",\n          \"POU086X30L\",\n          \"POU083L\",\n          \"POU08U2HSQ44L\",\n          \"POU08PTLNGRL\",\n          \"POU0881CLL\"\n        ]\n      ],\n      [\n        \"PM*2\",\n        [\n          \"PMRA2\",\n          \"PMXY6V2\",\n          \"PMLJ637BQT2\",\n          \"PMBPH2\",\n          \"PMZCFF2\",\n          \"PMX2J2\",\n          \"PM2\",\n          \"PMBR9N52\",\n          \"PM1MAGKGB2\",\n          \"PMVO968CXI2\",\n          \"PMY2\"\n        ]\n      ]\n    ]\n  },\n  {\n    \"title\": \"patternExampleListArray sample 1\",\n    \"value\": [\n      [\n        \"RAO0293\",\n        [\n          \"RAO0293\"\n        ]\n      ],\n      [\n        \"EJ63*6\",\n        [\n          \"EJ636\",\n          \"EJ63UW36\"\n        ]\n      ],\n      [\n        \"VN*81*C\",\n        [\n          \"VNKIX8123C0CCLC\",\n          \"VN43481F581AAVC\",\n          \"VNLQQFT81W6C\"\n        ]\n      ],\n      [\n        \"EDK8\",\n        [\n          \"EDK8\"\n        ]\n      ],\n      [\n        \"WT8*\",\n        [\n          \"WT88QYZ\",\n          \"WT8P5D\",\n          \"WT87\",\n          \"WT8M\",\n          \"WT8A\"\n        ]\n      ]\n    ]\n  },\n  {\n    \"title\": \"patternExampleListArray sample 2\",\n    \"value\": [\n      [\n        \"NA*x13\",\n        [\n          \"NAA8SS913\",\n          \"NAO7A013\",\n          \"NA87813\",\n          \"NAK913\",\n          \"NAET867C2N013\",\n          \"NA6GSO813\",\n          \"NAW713\",\n          \"NAWXO9RS8U213\",\n          \"NAM613\"\n        ]\n      ],\n      [\n        \"CUS2Y\",\n        [\n          \"CUS2Y\"\n        ]\n      ],\n      [\n        \"OYJ4364\",\n        [\n          \"OYJ4364\"\n        ]\n      ],\n      [\n        \"VHK3x53E\",\n        [\n          \"VHK3653E\",\n          \"VHK3953E\"\n        ]\n      ],\n      [\n        \"ZJx0*x\",\n        [\n          \"ZJ40Y1\",\n          \"ZJ400TPCVL9\",\n          \"ZJ00MP1\",\n          \"ZJ40OM3CHXW6\",\n          \"ZJ407\",\n          \"ZJ40NKU75\",\n          \"ZJ4090Q8NJO39\",\n          \"ZJ80IR7\",\n          \"ZJ30ZJDE832\",\n          \"ZJ90EOSE8GX7\",\n          \"ZJ608ML23E060\",\n          \"ZJ50S22\"\n        ]\n      ],\n      [\n        \"WRW767\",\n        [\n          \"WRW767\"\n        ]\n      ],\n      [\n        \"EBI6968U\",\n        [\n          \"EBI6968U\"\n        ]\n      ],\n      [\n        \"FWP4\",\n        [\n          \"FWP4\"\n        ]\n      ],\n      [\n        \"QAA2\",\n        [\n          \"QAA2\"\n        ]\n      ]\n    ]\n  },\n  {\n    \"title\": \"patternExampleListArray sample 3\",\n    \"value\": [\n      [\n        \"GD42x2\",\n        [\n          \"GD4202\",\n          \"GD4272\",\n          \"GD4222\",\n          \"GD4262\",\n          \"GD4252\",\n          \"GD4212\",\n          \"GD4292\"\n        ]\n      ],\n      [\n        \"OTM3727R\",\n        [\n          \"OTM3727R\"\n        ]\n      ]\n    ]\n  },\n  {\n    \"title\": \"patternExampleListArray sample 4\",\n    \"value\": [\n      [\n        \"WU3090\",\n        [\n          \"WU3090\"\n        ]\n      ],\n      [\n        \"SC226\",\n        [\n          \"SC226\"\n        ]\n      ],\n      [\n        \"DDB249\",\n        [\n          \"DDB249\"\n        ]\n      ],\n      [\n        \"NPU9\",\n        [\n          \"NPU9\"\n        ]\n      ],\n      [\n        \"CAF10T\",\n        [\n          \"CAF10T\"\n        ]\n      ],\n      [\n        \"VZ06X\",\n        [\n          \"VZ06X\"\n        ]\n      ],\n      [\n        \"TI867Y\",\n        [\n          \"TI867Y\"\n        ]\n      ],\n      [\n        \"GZN992x\",\n        [\n          \"GZN9928\",\n          \"GZN9929\",\n          \"GZN9923\"\n        ]\n      ]\n    ]\n  },\n  {\n    \"title\": \"patternExampleListArray sample 5\",\n    \"value\": [\n      [\n        \"AA7\",\n        [\n          \"AA7\"\n        ]\n      ]\n    ]\n  },\n  {\n    \"title\": \"patternExampleListArray sample 6\",\n    \"value\": [\n      [\n        \"JME342x\",\n        [\n          \"JME3422\"\n        ]\n      ],\n      [\n        \"HEZ91*4\",\n        [\n          \"HEZ91K7LQ04\",\n          \"HEZ91E33O4\"\n        ]\n      ],\n      [\n        \"XK996\",\n        [\n          \"XK996\"\n        ]\n      ],\n      [\n        \"HD0607\",\n        [\n          \"HD0607\"\n        ]\n      ],\n      [\n        \"CS*\",\n        [\n          \"CS\",\n          \"CSMN7KV\"\n        ]\n      ],\n      [\n        \"BB0206Y\",\n        [\n          \"BB0206Y\"\n        ]\n      ],\n      [\n        \"GM878I\",\n        [\n          \"GM878I\"\n        ]\n      ],\n      [\n        \"GCxZ\",\n        [\n          \"GC4Z\",\n          \"GC9Z\",\n          \"GC0Z\",\n          \"GC3Z\"\n        ]\n      ],\n      [\n        \"SST1\",\n        [\n          \"SST1\"\n        ]\n      ],\n      [\n        \"IM0T\",\n        [\n          \"IM0T\"\n        ]\n      ],\n      [\n        \"KF6645D\",\n        [\n          \"KF6645D\"\n        ]\n      ],\n      [\n        \"OXF961\",\n        [\n          \"OXF961\"\n        ]\n      ]\n    ]\n  },\n  {\n    \"title\": \"patternExampleListArray sample 7\",\n    \"value\": [\n      [\n        \"QBM68\",\n        [\n          \"QBM68\"\n        ]\n      ],\n      [\n        \"BEM*47O\",\n        [\n          \"BEMDRN5EZZ47O\",\n          \"BEMCCI747O\"\n        ]\n      ],\n      [\n        \"SFQ86*F\",\n        [\n          \"SFQ86F\",\n          \"SFQ862ZF\",\n          \"SFQ86YF\",\n          \"SFQ863UQF\",\n          \"SFQ86FWX0JOF\",\n          \"SFQ86LQPF\"\n        ]\n      ],\n      [\n        \"VP6\",\n        [\n          \"VP6\"\n        ]\n      ]\n    ]\n  },\n  {\n    \"title\": \"patternExampleListArray sample 8\",\n    \"value\": [\n      [\n        \"ZLG02\",\n        [\n          \"ZLG02\"\n        ]\n      ]\n    ]\n  },\n  {\n    \"title\": \"patternExampleListArray sample 9\",\n    \"value\": [\n      [\n        \"LQ5*1*A\",\n        [\n          \"LQ5PUQI1FTXOXA\",\n          \"LQ5ZI1A\",\n          \"LQ5ZV6Y06L1KZA\",\n          \"LQ5BZHPV1T1Q6WD7ACA\",\n          \"LQ5S91A\",\n          \"LQ5HDPACXZB1OQTKQUN6A\",\n          \"LQ5QX181BMH93MWA\",\n          \"LQ544W877Q61SG0PU04A\"\n        ]\n      ],\n      [\n        \"LEY2321J\",\n        [\n          \"LEY2321J\"\n        ]\n      ],\n      [\n        \"VSx**0N\",\n        [\n          \"VS7KR1FZO9ZX0N\",\n          \"VS8FETYNS0N\",\n          \"VS0I9900N\",\n          \"VS4EDR6AOIDUCT0N\",\n          \"VS6PLIXLZT0N\",\n          \"VS53IIR090N\",\n          \"VS10YFRB0GIY0N\"\n        ]\n      ],\n      [\n        \"QV51\",\n        [\n          \"QV51\"\n        ]\n      ],\n      [\n        \"WEZ885R\",\n        [\n          \"WEZ885R\"\n        ]\n      ],\n      [\n        \"EWBx2G\",\n        [\n          \"EWB12G\",\n          \"EWB72G\",\n          \"EWB42G\",\n          \"EWB92G\"\n        ]\n      ],\n      [\n        \"AHC3x*7I\",\n        [\n          \"AHC33ZU9OTC7I\",\n          \"AHC38ULYY87DL7I\",\n          \"AHC35CB7XPAX7I\",\n          \"AHC34VG7I\",\n          \"AHC32J27I\"\n        ]\n      ],\n      [\n        \"NYN812K\",\n        [\n          \"NYN812K\"\n        ]\n      ],\n      [\n        \"CJ0x80\",\n        [\n          \"CJ0680\",\n          \"CJ0980\",\n          \"CJ0380\",\n          \"CJ0880\",\n          \"CJ0480\",\n          \"CJ0280\",\n          \"CJ0780\",\n          \"CJ0580\",\n          \"CJ0080\"\n        ]\n      ],\n      [\n        \"NGA3V\",\n        [\n          \"NGA3V\"\n        ]\n      ]\n    ]\n  }\n]",
              "code": "const patternExampleListArray = fast_check_1.array(index_test_1.patternExampleList, { minLength: 1 });\nfast_check_1.sample(patternExampleListArray, 10).forEach((sample, i) => addContext_1.default(this, {\n    title: `patternExampleListArray sample ${i}`,\n    value: sample,\n}));\nreturn fast_check_1.assert(fast_check_1.property(patternExampleListArray, (ts) => {\n    const re = _1.patternToRE(...ts.map(([patternStr]) => patternStr));\n    return ts\n        .map(([, examples]) => examples)\n        .flat()\n        .every(re.test.bind(re));\n}));",
              "err": {},
              "uuid": "4f5a69c8-b9a4-4b41-aae7-9467b381cbec",
              "parentUUID": "c16b586d-d5cf-46b7-aa53-24a4d9a4368d",
              "isHook": false,
              "skipped": false
            },
            {
              "title": "should not match x to non-number",
              "fullTitle": "patternToRE should not match x to non-number",
              "timedOut": false,
              "duration": 0,
              "state": "passed",
              "speed": "fast",
              "pass": true,
              "fail": false,
              "pending": false,
              "context": null,
              "code": "const re = _1.patternToRE(\"x\");\n[\"A\", \"Z\", \"c\", \"#\"].forEach((example) => isInvalidExample(re, example));",
              "err": {},
              "uuid": "2ce4cd18-cab5-4dc6-bf0c-94478bc87814",
              "parentUUID": "c16b586d-d5cf-46b7-aa53-24a4d9a4368d",
              "isHook": false,
              "skipped": false
            },
            {
              "title": "should not match * to a substring composed of characters other than A-Z and 0-9",
              "fullTitle": "patternToRE should not match * to a substring composed of characters other than A-Z and 0-9",
              "timedOut": false,
              "duration": 0,
              "state": "passed",
              "speed": "fast",
              "pass": true,
              "fail": false,
              "pending": false,
              "context": null,
              "code": "const re = _1.patternToRE(\"*\");\n[\"c\", \"Ac\", \"cA\", \"0Ax\", \"x0A\", \"BA#\", \"#AB\"].forEach((example) => isInvalidExample(re, example));",
              "err": {},
              "uuid": "ff80dc72-c24d-4412-a414-5c7619f77e93",
              "parentUUID": "c16b586d-d5cf-46b7-aa53-24a4d9a4368d",
              "isHook": false,
              "skipped": false
            },
            {
              "title": "should not match substrings",
              "fullTitle": "patternToRE should not match substrings",
              "timedOut": false,
              "duration": 0,
              "state": "passed",
              "speed": "fast",
              "pass": true,
              "fail": false,
              "pending": false,
              "context": null,
              "code": "const re = _1.patternToRE(\"A*xC\");\n[\"A1CZ\", \"AC1CZ\", \"ZA1C\", \"ZAC1C\", \"ZA1CZ\", \"ZAC1CZ\"].forEach((example) => isInvalidExample(re, example));",
              "err": {},
              "uuid": "d0da364d-c72f-47b3-b473-814738ccf72d",
              "parentUUID": "c16b586d-d5cf-46b7-aa53-24a4d9a4368d",
              "isHook": false,
              "skipped": false
            }
          ],
          "suites": [],
          "passes": [
            "e8da57d8-def1-48bc-b7d0-9bb4731081b0",
            "4f5a69c8-b9a4-4b41-aae7-9467b381cbec",
            "2ce4cd18-cab5-4dc6-bf0c-94478bc87814",
            "ff80dc72-c24d-4412-a414-5c7619f77e93",
            "d0da364d-c72f-47b3-b473-814738ccf72d"
          ],
          "failures": [],
          "pending": [],
          "skipped": [],
          "duration": 93,
          "root": false,
          "rootEmpty": false,
          "_timeout": 2000
        },
        {
          "uuid": "7b37e50a-128d-4388-be1c-41e198bf9edb",
          "title": "patternSatisfier",
          "fullFile": "/home/runner/work/planwithus-lib/planwithus-lib/src/matchRule/pattern/satisfiers.test.ts",
          "file": "/src/matchRule/pattern/satisfiers.test.ts",
          "beforeHooks": [],
          "afterHooks": [],
          "tests": [
            {
              "title": "should assign all modules with *",
              "fullTitle": "patternSatisfier should assign all modules with *",
              "timedOut": false,
              "duration": 1,
              "state": "passed",
              "speed": "fast",
              "pass": true,
              "fail": false,
              "pending": false,
              "context": null,
              "code": "const { assign } = satisfiers_1.patternSatisfier(ref, \"*\");\nisCorrectAssign(assign, modulesList1, modulesList1.map(([moduleStr]) => moduleStr));",
              "err": {},
              "uuid": "71944996-0bd8-4256-867c-8da6ca1c6b40",
              "parentUUID": "7b37e50a-128d-4388-be1c-41e198bf9edb",
              "isHook": false,
              "skipped": false
            },
            {
              "title": "should assign only valid modules with pattern containing *",
              "fullTitle": "patternSatisfier should assign only valid modules with pattern containing *",
              "timedOut": false,
              "duration": 0,
              "state": "passed",
              "speed": "fast",
              "pass": true,
              "fail": false,
              "pending": false,
              "context": null,
              "code": "const { assign } = satisfiers_1.patternSatisfier(ref, \"CS2*\");\nisCorrectAssign(assign, modulesList1, [\"CS2100\", \"CS2040S\", \"CS2030\"]);",
              "err": {},
              "uuid": "dad5bb75-f6aa-42ab-891b-eb082917eb3f",
              "parentUUID": "7b37e50a-128d-4388-be1c-41e198bf9edb",
              "isHook": false,
              "skipped": false
            },
            {
              "title": "should assign only valid modules with pattern containing x",
              "fullTitle": "patternSatisfier should assign only valid modules with pattern containing x",
              "timedOut": false,
              "duration": 0,
              "state": "passed",
              "speed": "fast",
              "pass": true,
              "fail": false,
              "pending": false,
              "context": null,
              "code": "const { assign } = satisfiers_1.patternSatisfier(ref, \"CS20xx\");\nisCorrectAssign(assign, modulesList1, [\"CS2030\"]);",
              "err": {},
              "uuid": "92894355-d27d-498b-ac9f-fccae3d0fb90",
              "parentUUID": "7b37e50a-128d-4388-be1c-41e198bf9edb",
              "isHook": false,
              "skipped": false
            },
            {
              "title": "should assign only valid modules with pattern containing x and *",
              "fullTitle": "patternSatisfier should assign only valid modules with pattern containing x and *",
              "timedOut": false,
              "duration": 0,
              "state": "passed",
              "speed": "fast",
              "pass": true,
              "fail": false,
              "pending": false,
              "context": null,
              "code": "const { assign } = satisfiers_1.patternSatisfier(ref, \"CS20xx*\");\nisCorrectAssign(assign, modulesList1, [\"CS2040S\", \"CS2030\"]);",
              "err": {},
              "uuid": "f6a41339-1bb3-404e-9154-cd4dba9bae1f",
              "parentUUID": "7b37e50a-128d-4388-be1c-41e198bf9edb",
              "isHook": false,
              "skipped": false
            }
          ],
          "suites": [],
          "passes": [
            "71944996-0bd8-4256-867c-8da6ca1c6b40",
            "dad5bb75-f6aa-42ab-891b-eb082917eb3f",
            "92894355-d27d-498b-ac9f-fccae3d0fb90",
            "f6a41339-1bb3-404e-9154-cd4dba9bae1f"
          ],
          "failures": [],
          "pending": [],
          "skipped": [],
          "duration": 1,
          "root": false,
          "rootEmpty": false,
          "_timeout": 2000
        },
        {
          "uuid": "14bdbb1b-9db6-4faa-83f4-0ff596ab9af3",
          "title": "patternSchema",
          "fullFile": "/home/runner/work/planwithus-lib/planwithus-lib/src/matchRule/pattern/schemas.test.ts",
          "file": "/src/matchRule/pattern/schemas.test.ts",
          "beforeHooks": [],
          "afterHooks": [],
          "tests": [
            {
              "title": "should validate non-empty pattern composed of A-Z, 0-9, x or *",
              "fullTitle": "patternSchema should validate non-empty pattern composed of A-Z, 0-9, x or *",
              "timedOut": false,
              "duration": 2,
              "state": "passed",
              "speed": "fast",
              "pass": true,
              "fail": false,
              "pending": false,
              "context": "[\n  {\n    \"title\": \"pattern sample 0\",\n    \"value\": \"OUx592O\"\n  },\n  {\n    \"title\": \"pattern sample 1\",\n    \"value\": \"MQ*6\"\n  },\n  {\n    \"title\": \"pattern sample 2\",\n    \"value\": \"VTM751\"\n  },\n  {\n    \"title\": \"pattern sample 3\",\n    \"value\": \"WMV7J\"\n  },\n  {\n    \"title\": \"pattern sample 4\",\n    \"value\": \"UY8\"\n  },\n  {\n    \"title\": \"pattern sample 5\",\n    \"value\": \"TW825\"\n  },\n  {\n    \"title\": \"pattern sample 6\",\n    \"value\": \"VXK0412\"\n  },\n  {\n    \"title\": \"pattern sample 7\",\n    \"value\": \"TJE4W\"\n  },\n  {\n    \"title\": \"pattern sample 8\",\n    \"value\": \"WQJ5U\"\n  },\n  {\n    \"title\": \"pattern sample 9\",\n    \"value\": \"XQ3055\"\n  }\n]",
              "code": "fast_check_1.sample(index_test_2.pattern, 10).forEach((sample, i) => addContext_1.default(this, {\n    title: `pattern sample ${i}`,\n    value: sample,\n}));\nreturn fast_check_1.assert(fast_check_1.property(index_test_2.pattern, ajvValidate), {\n    examples: [[\"*\"], [\"ACC1002\"], [\"IS1103\"], [\"CS1231S\"], [\"MA1102R\"]],\n});",
              "err": {},
              "uuid": "ff7a5927-4343-4911-9b5f-fb843a27525e",
              "parentUUID": "14bdbb1b-9db6-4faa-83f4-0ff596ab9af3",
              "isHook": false,
              "skipped": false
            },
            {
              "title": "should not validate empty pattern",
              "fullTitle": "patternSchema should not validate empty pattern",
              "timedOut": false,
              "duration": 1,
              "state": "passed",
              "speed": "fast",
              "pass": true,
              "fail": false,
              "pending": false,
              "context": null,
              "code": "isInvalidPattern(\"\")",
              "err": {},
              "uuid": "e9c563cc-df13-4ccc-8758-e0501c79f3c7",
              "parentUUID": "14bdbb1b-9db6-4faa-83f4-0ff596ab9af3",
              "isHook": false,
              "skipped": false
            },
            {
              "title": "should not validate pattern with invalid characters",
              "fullTitle": "patternSchema should not validate pattern with invalid characters",
              "timedOut": false,
              "duration": 1,
              "state": "passed",
              "speed": "fast",
              "pass": true,
              "fail": false,
              "pending": false,
              "context": null,
              "code": "[\"AB123a\", \"Ac123a\", \"AB123^S\", \"AB1*3^S\", \"$A1*3^S\", \"/A1x33S\"].forEach(isInvalidPattern)",
              "err": {},
              "uuid": "02e61a07-5c6f-4ba2-872c-7a7cbc880717",
              "parentUUID": "14bdbb1b-9db6-4faa-83f4-0ff596ab9af3",
              "isHook": false,
              "skipped": false
            }
          ],
          "suites": [],
          "passes": [
            "ff7a5927-4343-4911-9b5f-fb843a27525e",
            "e9c563cc-df13-4ccc-8758-e0501c79f3c7",
            "02e61a07-5c6f-4ba2-872c-7a7cbc880717"
          ],
          "failures": [],
          "pending": [],
          "skipped": [],
          "duration": 4,
          "root": false,
          "rootEmpty": false,
          "_timeout": 2000
        },
        {
          "uuid": "7f9a1d25-4817-4d25-adcc-9491b48710dc",
          "title": "patternMatchRuleSatisfier",
          "fullFile": "/home/runner/work/planwithus-lib/planwithus-lib/src/matchRule/satisfiers.test.ts",
          "file": "/src/matchRule/satisfiers.test.ts",
          "beforeHooks": [],
          "afterHooks": [],
          "tests": [
            {
              "title": "should assign only valid modules with pattern match rule containing no exclude patterns",
              "fullTitle": "patternMatchRuleSatisfier should assign only valid modules with pattern match rule containing no exclude patterns",
              "timedOut": false,
              "duration": 0,
              "state": "passed",
              "speed": "fast",
              "pass": true,
              "fail": false,
              "pending": false,
              "context": null,
              "code": "const { assign } = satisfiers_1.patternMatchRuleSatisfier(ref, { pattern: \"CS1xxx*\" });\nisCorrectAssign(assign, modulesList1, [\"CS1231\", \"CS1231S\"]);",
              "err": {},
              "uuid": "07547b2c-b60d-4bf7-a22c-ced2fcc38a57",
              "parentUUID": "7f9a1d25-4817-4d25-adcc-9491b48710dc",
              "isHook": false,
              "skipped": false
            },
            {
              "title": "should assign only valid modules with pattern match rule containing an exclude pattern",
              "fullTitle": "patternMatchRuleSatisfier should assign only valid modules with pattern match rule containing an exclude pattern",
              "timedOut": false,
              "duration": 1,
              "state": "passed",
              "speed": "fast",
              "pass": true,
              "fail": false,
              "pending": false,
              "context": null,
[...]
              "err": {},
              "uuid": "0c21b506-2af9-41df-886d-ef6f15a78795",
              "parentUUID": "1a8dc47c-c3f8-4143-9cf4-8be064096150",
              "isHook": false,
              "skipped": false
            },
            {
              "title": "should truncate list of modules with upper bound of MCs at exact cutoff if total MC count is higher and there exists some starting sequence with exact MC count",
              "fullTitle": "inequalitySatisfier should truncate list of modules with upper bound of MCs at exact cutoff if total MC count is higher and there exists some starting sequence with exact MC count",
              "timedOut": false,
              "duration": 1,
              "state": "passed",
              "speed": "fast",
              "pass": true,
              "fail": false,
              "pending": false,
              "context": null,
              "code": "const satisfier = satisfiers_1.inequalitySatisfier(ref, \"<=16\");\nsatisfier.should.have.property(\"filter\");\nconst { filter } = satisfier;\nisCorrectFilter(filter, modulesList1, [\n    \"CS2100\",\n    \"GER1000\",\n    \"CS2040S\",\n    \"ST2131\",\n]);",
              "err": {},
              "uuid": "9224f04f-3f90-4fd9-98ae-d35010716216",
              "parentUUID": "1a8dc47c-c3f8-4143-9cf4-8be064096150",
              "isHook": false,
              "skipped": false
            },
            {
              "title": "should truncate list of modules with upper bound of MCs, cutting off at the minimum starting sequence that exceeds upper bound, if total MC count is higher and there exists no starting sequence with exact MC count",
              "fullTitle": "inequalitySatisfier should truncate list of modules with upper bound of MCs, cutting off at the minimum starting sequence that exceeds upper bound, if total MC count is higher and there exists no starting sequence with exact MC count",
              "timedOut": false,
              "duration": 0,
              "state": "passed",
              "speed": "fast",
              "pass": true,
              "fail": false,
              "pending": false,
              "context": null,
              "code": "const satisfier = satisfiers_1.inequalitySatisfier(ref, \"<=17\");\nsatisfier.should.have.property(\"filter\");\nconst { filter } = satisfier;\nisCorrectFilter(filter, modulesList1, [\n    \"CS2100\",\n    \"GER1000\",\n    \"CS2040S\",\n    \"ST2131\",\n    \"MA1521\",\n]);",
              "err": {},
              "uuid": "bc1d6a35-bc0b-4ec1-b225-efe6156fd265",
              "parentUUID": "1a8dc47c-c3f8-4143-9cf4-8be064096150",
              "isHook": false,
              "skipped": false
            }
          ],
          "suites": [],
          "passes": [
            "13092f88-1f0b-4fca-a00b-9f84276d070d",
            "6757346f-3d68-4994-8d40-4821552978b1",
            "b2d90adc-2dde-4de2-86b3-bf30bfadb41b",
            "a9773fd8-c507-4d93-853b-07ebce238aff",
            "0c21b506-2af9-41df-886d-ef6f15a78795",
            "9224f04f-3f90-4fd9-98ae-d35010716216",
            "bc1d6a35-bc0b-4ec1-b225-efe6156fd265"
          ],
          "failures": [],
          "pending": [],
          "skipped": [],
          "duration": 3,
          "root": false,
          "rootEmpty": false,
          "_timeout": 2000
        },
        {
          "uuid": "e9696a1d-f222-4e98-bb72-8adfeeaf8dea",
          "title": "inequalitySchema",
          "fullFile": "/home/runner/work/planwithus-lib/planwithus-lib/src/satisfyRule/inequality/schemas.test.ts",
          "file": "/src/satisfyRule/inequality/schemas.test.ts",
          "beforeHooks": [],
          "afterHooks": [],
          "tests": [
            {
              "title": "should validate inequality in the form <=n or >=n",
              "fullTitle": "inequalitySchema should validate inequality in the form <=n or >=n",
              "timedOut": false,
              "duration": 1,
              "state": "passed",
              "speed": "fast",
              "pass": true,
              "fail": false,
              "pending": false,
              "context": "[\n  {\n    \"title\": \"inequality sample 0\",\n    \"value\": \">=1\"\n  },\n  {\n    \"title\": \"inequality sample 1\",\n    \"value\": \">=121\"\n  },\n  {\n    \"title\": \"inequality sample 2\",\n    \"value\": \"<=1\"\n  },\n  {\n    \"title\": \"inequality sample 3\",\n    \"value\": \"<=73\"\n  },\n  {\n    \"title\": \"inequality sample 4\",\n    \"value\": \">=126\"\n  },\n  {\n    \"title\": \"inequality sample 5\",\n    \"value\": \">=89\"\n  },\n  {\n    \"title\": \"inequality sample 6\",\n    \"value\": \"<=128\"\n  },\n  {\n    \"title\": \"inequality sample 7\",\n    \"value\": \"<=153\"\n  },\n  {\n    \"title\": \"inequality sample 8\",\n    \"value\": \"<=135\"\n  },\n  {\n    \"title\": \"inequality sample 9\",\n    \"value\": \"<=193\"\n  }\n]",
              "code": "fast_check_1.sample(index_test_2.inequality, 10).forEach((sample, i) => addContext_1.default(this, {\n    title: `inequality sample ${i}`,\n    value: sample,\n}));\nreturn fast_check_1.assert(fast_check_1.property(index_test_2.inequality, ajvValidate));",
              "err": {},
              "uuid": "4bbf4a6f-a6ce-4a09-9c02-7e9a3be06d0b",
              "parentUUID": "e9696a1d-f222-4e98-bb72-8adfeeaf8dea",
              "isHook": false,
              "skipped": false
            },
            {
              "title": "should not validate inequality of invalid form",
              "fullTitle": "inequalitySchema should not validate inequality of invalid form",
              "timedOut": false,
              "duration": 2,
              "state": "passed",
              "speed": "fast",
              "pass": true,
              "fail": false,
              "pending": false,
              "context": null,
              "code": "[\n        \"\",\n        \"==23\",\n        \"23\",\n        \"<23\",\n        \">23\",\n        \"<=-1\",\n        \">=-1\",\n        \"<= 2\",\n        \">= 1\",\n        \"> 3\",\n        \"< 3\",\n        \"<=3a\",\n        \">=3a\",\n        \"a<=3\",\n        \"a>=3\",\n    ].forEach(isInvalidInequality)",
              "err": {},
              "uuid": "dd0fe502-9969-4137-a597-df77317573b0",
              "parentUUID": "e9696a1d-f222-4e98-bb72-8adfeeaf8dea",
              "isHook": false,
              "skipped": false
            }
          ],
          "suites": [],
          "passes": [
            "4bbf4a6f-a6ce-4a09-9c02-7e9a3be06d0b",
            "dd0fe502-9969-4137-a597-df77317573b0"
          ],
          "failures": [],
          "pending": [],
          "skipped": [],
          "duration": 3,
          "root": false,
          "rootEmpty": false,
          "_timeout": 2000
        },
        {
          "uuid": "bf506b68-b87f-4dd9-b297-45f695cefce2",
          "title": "satisfyRuleSchema",
          "fullFile": "/home/runner/work/planwithus-lib/planwithus-lib/src/satisfyRule/schemas.test.ts",
          "file": "/src/satisfyRule/schemas.test.ts",
          "beforeHooks": [],
          "afterHooks": [],
          "tests": [
            {
              "title": "should validate satisfy rule with valid block id",
              "fullTitle": "satisfyRuleSchema should validate satisfy rule with valid block id",
              "timedOut": false,
              "duration": 2,
              "state": "passed",
              "speed": "fast",
              "pass": true,
              "fail": false,
              "pending": false,
              "context": null,
              "code": "fast_check_1.assert(fast_check_1.property(fast_check_1.string(), ajvValidate)",
              "err": {},
              "uuid": "d61f613b-8321-4ec8-ba72-a9a315ff6ec4",
              "parentUUID": "bf506b68-b87f-4dd9-b297-45f695cefce2",
              "isHook": false,
              "skipped": false
            },
            {
              "title": "should validate satisfy rules with valid mc",
              "fullTitle": "satisfyRuleSchema should validate satisfy rules with valid mc",
              "timedOut": false,
              "duration": 2,
              "state": "passed",
              "speed": "fast",
              "pass": true,
              "fail": false,
              "pending": false,
              "context": "[\n  {\n    \"title\": \"mcSatisfyRule sample 0\",\n    \"value\": {\n      \"mc\": \"<=193\"\n    }\n  },\n  {\n    \"title\": \"mcSatisfyRule sample 1\",\n    \"value\": {\n      \"mc\": \">=46\"\n    }\n  },\n  {\n    \"title\": \"mcSatisfyRule sample 2\",\n    \"value\": {\n      \"mc\": \">=6\"\n    }\n  },\n  {\n    \"title\": \"mcSatisfyRule sample 3\",\n    \"value\": {\n      \"mc\": \"<=5\"\n    }\n  },\n  {\n    \"title\": \"mcSatisfyRule sample 4\",\n    \"value\": {\n      \"mc\": \">=101\"\n    }\n  },\n  {\n    \"title\": \"mcSatisfyRule sample 5\",\n    \"value\": {\n      \"mc\": \">=1\"\n    }\n  },\n  {\n    \"title\": \"mcSatisfyRule sample 6\",\n    \"value\": {\n      \"mc\": \">=5\"\n    }\n  },\n  {\n    \"title\": \"mcSatisfyRule sample 7\",\n    \"value\": {\n      \"mc\": \">=79\"\n    }\n  },\n  {\n    \"title\": \"mcSatisfyRule sample 8\",\n    \"value\": {\n      \"mc\": \">=7\"\n    }\n  },\n  {\n    \"title\": \"mcSatisfyRule sample 9\",\n    \"value\": {\n      \"mc\": \">=40\"\n    }\n  }\n]",
              "code": "fast_check_1.sample(index_test_2.mcSatisfyRule, 10).forEach((sample, i) => addContext_1.default(this, {\n    title: `mcSatisfyRule sample ${i}`,\n    value: sample,\n}));\nreturn fast_check_1.assert(fast_check_1.property(index_test_2.mcSatisfyRule, ajvValidate));",
              "err": {},
              "uuid": "793b4507-c97d-4d80-a44b-85486a4e4092",
              "parentUUID": "bf506b68-b87f-4dd9-b297-45f695cefce2",
              "isHook": false,
              "skipped": false
            },
            {
              "title": "should validate valid recursive satisfy rules",
              "fullTitle": "satisfyRuleSchema should validate valid recursive satisfy rules",
              "timedOut": false,
              "duration": 5,
              "state": "passed",
              "speed": "fast",
              "pass": true,
              "fail": false,
              "pending": false,
              "context": "[\n  {\n    \"title\": \"satisfyRule sample 0\",\n    \"value\": {\n      \"mc\": \"<=197\"\n    }\n  },\n  {\n    \"title\": \"satisfyRule sample 1\",\n    \"value\": {\n      \"or\": [\n        \"<t\"\n      ]\n    }\n  },\n  {\n    \"title\": \"satisfyRule sample 2\",\n    \"value\": {\n      \"and\": []\n    }\n  },\n  {\n    \"title\": \"satisfyRule sample 3\",\n    \"value\": {\n      \"mc\": \"<=156\"\n    }\n  },\n  {\n    \"title\": \"satisfyRule sample 4\",\n    \"value\": {\n      \"or\": [\n        {\n          \"mc\": \"<=45\"\n        },\n        {\n          \"or\": [\n            {\n              \"and\": [\n                \"%-Z+\\\\#R\",\n                \"1ERxm:\",\n                \"j(oMXIp\",\n                \"Vaq\"\n              ]\n            },\n            {\n              \"mc\": \">=25\"\n            }\n          ]\n        },\n        \"QN&\",\n        {\n          \"or\": []\n        },\n        \"\"\n      ]\n    }\n  },\n  {\n    \"title\": \"satisfyRule sample 5\",\n    \"value\": \"\"\n  },\n  {\n    \"title\": \"satisfyRule sample 6\",\n    \"value\": {\n      \"and\": [\n        {\n          \"mc\": \">=19\"\n        },\n        {\n          \"and\": [\n            \"O\"\n          ]\n        },\n        {\n          \"and\": [\n            \"%j\\\"&{\\\"~\",\n            \"PG)\"\n          ]\n        },\n        \"\"\n      ]\n    }\n  },\n  {\n    \"title\": \"satisfyRule sample 7\",\n    \"value\": \"!~\"\n  },\n  {\n    \"title\": \"satisfyRule sample 8\",\n    \"value\": {\n      \"and\": [\n        {\n          \"or\": [\n            \"SxLWm<Oa+h\",\n            {\n              \"and\": [\n                {\n                  \"or\": [\n                    \"y\",\n                    {\n                      \"and\": [\n                        \"&b#<RS6\",\n                        \"W`\"\n                      ]\n                    }\n                  ]\n                },\n                \"D-Lt\",\n                {\n                  \"or\": [\n                    \"7$o6F\",\n                    \"\",\n                    {\n                      \"mc\": \"<=21\"\n                    },\n                    \"h}\",\n                    \">bmP`\"\n                  ]\n                },\n                \"-d2H)T\",\n                {\n                  \"mc\": \">=155\"\n                }\n              ]\n            }\n          ]\n        },\n        {\n          \"mc\": \"<=26\"\n        },\n        {\n          \"mc\": \"<=88\"\n        },\n        {\n          \"or\": [\n            {\n              \"and\": []\n            }\n          ]\n        }\n      ]\n    }\n  },\n  {\n    \"title\": \"satisfyRule sample 9\",\n    \"value\": {\n      \"mc\": \">=122\"\n    }\n  }\n]",
              "code": "fast_check_1.sample(index_test_2.satisfyRule, 10).forEach((sample, i) => addContext_1.default(this, {\n    title: `satisfyRule sample ${i}`,\n    value: sample,\n}));\nreturn fast_check_1.assert(fast_check_1.property(index_test_2.satisfyRule, ajvValidate));",
              "err": {},
              "uuid": "f4865a91-4bf1-4732-91aa-ad96d935540d",
              "parentUUID": "bf506b68-b87f-4dd9-b297-45f695cefce2",
              "isHook": false,
              "skipped": false
            },
            {
              "title": "should not validate non-string/object",
              "fullTitle": "satisfyRuleSchema should not validate non-string/object",
              "timedOut": false,
              "duration": 1,
              "state": "passed",
              "speed": "fast",
              "pass": true,
              "fail": false,
              "pending": false,
              "context": null,
              "code": "const error = {\n    instancePath: \"\",\n    message: \"satisfy rule should be either a string or an object\",\n};\nisInvalidRule(null, error);\nisInvalidRule(undefined, error);\nisInvalidRule(10, error);\nisInvalidRule([12, 24], error);",
              "err": {},
              "uuid": "41714518-50dd-4710-aa78-e9bee5bde6fe",
              "parentUUID": "bf506b68-b87f-4dd9-b297-45f695cefce2",
              "isHook": false,
              "skipped": false
            },
            {
              "title": "should not validate satisfy rules with extra properties",
              "fullTitle": "satisfyRuleSchema should not validate satisfy rules with extra properties",
              "timedOut": false,
              "duration": 1,
              "state": "passed",
              "speed": "fast",
              "pass": true,
              "fail": false,
              "pending": false,
              "context": null,
              "code": "isInvalidRule({\n        and: [\n            { or: [\"2k\"], abc: \"def\" },\n            { mc: 8, ghi: \"jkl\" },\n        ],\n        mno: \"pqr\",\n    }, {\n        instancePath: \"/and/0\",\n        message: \"or satisfy rule should have property 'or' only\",\n    }, {\n        instancePath: \"/and/1\",\n        message: \"MC satisfy rule should have property 'mc' only\",\n    }, {\n        instancePath: \"\",\n        message: \"and satisfy rule should have property 'and' only\",\n    })",
              "err": {},
              "uuid": "5410df47-4ee9-4f55-9e9e-4cee20b76f83",
              "parentUUID": "bf506b68-b87f-4dd9-b297-45f695cefce2",
              "isHook": false,
              "skipped": false
            },
            {
              "title": "should not validate ambiguous satisfy rules",
              "fullTitle": "satisfyRuleSchema should not validate ambiguous satisfy rules",
              "timedOut": false,
              "duration": 0,
              "state": "passed",
              "speed": "fast",
              "pass": true,
              "fail": false,
              "pending": false,
              "context": null,
              "code": "const message = \"satisfy rule should have only one of properties 'mc', 'and', 'or'\";\nisInvalidRule({\n    or: [\n        { mc: 5, and: [\"CS2040\"] },\n        { and: [{ and: [\"abc\"], or: [\"def\"] }] },\n    ],\n}, { instancePath: \"/or/0\", message }, { instancePath: \"/or/1/and/0\", message });",
              "err": {},
              "uuid": "f8667f00-91a2-4def-af38-0b0ef81fb98d",
              "parentUUID": "bf506b68-b87f-4dd9-b297-45f695cefce2",
              "isHook": false,
              "skipped": false
            },
            {
              "title": "should not validate and satisfy rules with non-array property",
              "fullTitle": "satisfyRuleSchema should not validate and satisfy rules with non-array property",
              "timedOut": false,
              "duration": 0,
              "state": "passed",
              "speed": "fast",
              "pass": true,
              "fail": false,
              "pending": false,
              "context": null,
              "code": "const message = \"property 'and' should be an array of satisfy rules\";\nisInvalidRule({ or: [{ and: {} }, { or: [{ and: 3 }] }] }, { instancePath: \"/or/0/and\", message }, { instancePath: \"/or/1/or/0/and\", message });",
              "err": {},
              "uuid": "2e9f6be9-04db-4eb7-a7ab-2d13567624d3",
              "parentUUID": "bf506b68-b87f-4dd9-b297-45f695cefce2",
              "isHook": false,
              "skipped": false
            },
            {
              "title": "should not validate or satisfy rules with non-array property",
              "fullTitle": "satisfyRuleSchema should not validate or satisfy rules with non-array property",
              "timedOut": false,
              "duration": 1,
              "state": "passed",
              "speed": "fast",
              "pass": true,
              "fail": false,
              "pending": false,
              "context": null,
              "code": "const message = \"property 'or' should be an array of satisfy rules\";\nisInvalidRule({ and: [{ or: {} }, { and: [{ or: 3 }] }] }, { instancePath: \"/and/0/or\", message }, { instancePath: \"/and/1/and/0/or\", message });",
              "err": {},
              "uuid": "7d9b97c6-9c59-4adb-b17b-8fe8d5295f2d",
              "parentUUID": "bf506b68-b87f-4dd9-b297-45f695cefce2",
              "isHook": false,
              "skipped": false
            }
          ],
          "suites": [],
          "passes": [
            "d61f613b-8321-4ec8-ba72-a9a315ff6ec4",
            "793b4507-c97d-4d80-a44b-85486a4e4092",
            "f4865a91-4bf1-4732-91aa-ad96d935540d",
            "41714518-50dd-4710-aa78-e9bee5bde6fe",
            "5410df47-4ee9-4f55-9e9e-4cee20b76f83",
            "f8667f00-91a2-4def-af38-0b0ef81fb98d",
            "2e9f6be9-04db-4eb7-a7ab-2d13567624d3",
            "7d9b97c6-9c59-4adb-b17b-8fe8d5295f2d"
          ],
          "failures": [],
          "pending": [],
          "skipped": [],
          "duration": 12,
          "root": false,
          "rootEmpty": false,
          "_timeout": 2000
        }
      ],
      "passes": [],
      "failures": [],
      "pending": [],
      "skipped": [],
      "duration": 0,
      "root": true,
      "rootEmpty": true,
      "_timeout": 2000
    }
  ],
  "meta": {
    "mocha": {
      "version": "9.0.3"
    },
    "mochawesome": {
      "options": {
        "quiet": false,
        "reportFilename": "mochawesome",
        "saveHtml": true,
        "saveJson": true,
        "consoleReporter": "spec",
        "useInlineDiffs": false,
        "code": true
      },
      "version": "6.2.2"
    },
    "marge": {
      "options": {
        "reportDir": "docs"
      },
      "version": "5.2.0"
    }
  }
}