{
  "stats": {
    "suites": 6,
    "tests": 29,
    "passes": 29,
    "pending": 0,
    "failures": 0,
    "start": "2021-06-25T14:06:59.377Z",
    "end": "2021-06-25T14:06:59.658Z",
    "duration": 281,
    "testsRegistered": 29,
    "passPercent": 100,
    "pendingPercent": 0,
    "other": 0,
    "hasOther": false,
    "skipped": 0,
    "hasSkipped": false
  },
  "results": [
    {
      "uuid": "44947994-c84d-4174-a138-53e03a95d070",
      "title": "",
      "fullFile": "",
      "file": "",
      "beforeHooks": [],
      "afterHooks": [],
      "tests": [],
      "suites": [
        {
          "uuid": "de684ccc-b768-4f83-9fd7-ee927b8d5b7a",
          "title": "initDirectories",
          "fullFile": "/home/runner/work/planwithus-lib/planwithus-lib/src/block/schemas.test.ts",
          "file": "/src/block/schemas.test.ts",
          "beforeHooks": [],
          "afterHooks": [],
          "tests": [
            {
              "title": "should parse all blocks with no errors",
              "fullTitle": "initDirectories should parse all blocks with no errors",
              "timedOut": false,
              "duration": 3,
              "state": "passed",
              "speed": "fast",
              "pass": true,
              "fail": false,
              "pending": false,
              "context": null,
              "code": "_1.initDirectories.should.not.throw()",
              "err": {},
              "uuid": "645e0ad9-5f15-4a76-bd5b-fafbcaacab9b",
              "parentUUID": "de684ccc-b768-4f83-9fd7-ee927b8d5b7a",
              "isHook": false,
              "skipped": false
            },
            {
              "title": "should produce primary, second & minor directories",
              "fullTitle": "initDirectories should produce primary, second & minor directories",
              "timedOut": false,
              "duration": 47,
              "state": "passed",
              "speed": "medium",
              "pass": true,
              "fail": false,
              "pending": false,
              "context": null,
              "code": "const directories = await _1.initDirectories();\ndirectories.should.have.property(\"primary\");\ndirectories.should.have.property(\"second\");\ndirectories.should.have.property(\"minor\");",
              "err": {},
              "uuid": "cda56b8a-2760-4ea3-9827-29b698748b27",
              "parentUUID": "de684ccc-b768-4f83-9fd7-ee927b8d5b7a",
              "isHook": false,
              "skipped": false
            }
          ],
          "suites": [],
          "passes": [
            "645e0ad9-5f15-4a76-bd5b-fafbcaacab9b",
            "cda56b8a-2760-4ea3-9827-29b698748b27"
          ],
          "failures": [],
          "pending": [],
          "skipped": [],
          "duration": 50,
          "root": false,
          "rootEmpty": false,
          "_timeout": 2000
        },
        {
          "uuid": "26adce7f-5fa1-4d39-a0d0-d36c026f69eb",
          "title": "blockSchema",
          "fullFile": "/home/runner/work/planwithus-lib/planwithus-lib/src/block/schemas.test.ts",
          "file": "/src/block/schemas.test.ts",
          "beforeHooks": [],
          "afterHooks": [],
          "tests": [
            {
              "title": "should validate valid block",
              "fullTitle": "blockSchema should validate valid block",
              "timedOut": false,
              "duration": 175,
              "state": "passed",
              "speed": "slow",
              "pass": true,
              "fail": false,
              "pending": false,
              "context": "[\n  {\n    \"title\": \"block sample 0\",\n    \"value\": {\n      \"name\": \"6JhSIc'SA\",\n      \"ay\": 2027,\n      \"assign\": \"BvN{!\",\n      \"match\": [\n        {\n          \"pattern\": \"GQ8105I\",\n          \"exclude\": \"JS84\",\n          \"info\": \" $y-{Rv\"\n        },\n        {\n          \"or\": [\n            \"IUSx\",\n            {\n              \"and\": []\n            }\n          ]\n        },\n        {\n          \"and\": [\n            {\n              \"or\": [\n                \"CK7\",\n                \"VV*\",\n                \"OR5\"\n              ]\n            },\n            \"MK59K\",\n            {\n              \"and\": [\n                \"DE*761\",\n                {\n                  \"and\": [\n                    \"OMY090\",\n                    {\n                      \"or\": [\n                        {\n                          \"and\": [\n                            \"UQ9*N\",\n                            \"FNY0x54\",\n                            \"VW55E\",\n                            \"NSS2451\",\n                            {\n                              \"pattern\": \"MUJ645S\",\n                              \"exclude\": \"INO06\",\n                              \"info\": \"=k<jRX;B\"\n                            }\n                          ]\n                        },\n                        \"NUY95T\"\n                      ]\n                    },\n                    \"II**\",\n                    \"LK2373P\",\n                    \"YP8034J\"\n                  ]\n                },\n                \"ZD591A\"\n              ]\n            },\n            {\n              \"and\": [\n                \"VJX6Z\",\n                {\n                  \"and\": [\n                    \"AQ5x*5\",\n                    \"JRM13T\",\n                    {\n                      \"and\": [\n                        {\n                          \"or\": [\n                            \"TZ4600\",\n                            \"EI3891X\",\n                            \"EH6*74\"\n                          ]\n                        },\n                        {\n                          \"pattern\": \"DIF0x\",\n                          \"exclude\": [\n                            \"MV8502A\",\n                            \"SL0F\",\n                            \"ZDZ6380\"\n                          ],\n                          \"info\": \"jM\"\n                        }\n                      ]\n                    }\n                  ]\n                },\n                {\n                  \"pattern\": \"VM437B\",\n                  \"exclude\": [\n                    \"YA0143F\",\n                    \"YH7\"\n                  ],\n                  \"info\": \"a.\"\n                },\n                \"UDV9\"\n              ]\n            },\n            \"CU2x\"\n          ]\n        }\n      ],\n      \"satisfy\": [],\n      \"url\": \"https://l9fd0ha5-febdc-ffftabacf8c5dyz17egqb-a.c.r5hnbmaz9ljl-41907piaowebm3jpd-hb3548x1jp3hk0nyi.aq/Ow%F3%B7%85%A5!ny/lzYfoe%F2%A9%8C%A1V%F1%AA%94%B9E\",\n      \"info\": \"}#|7M\\\"xP?\"\n    }\n  },\n  {\n    \"title\": \"block sample 1\",\n    \"value\": {\n      \"name\": \"/\",\n      \"assign\": \"Qv[|\",\n      \"match\": {\n        \"pattern\": \"JKI7*1\",\n        \"exclude\": [],\n        \"info\": \"\"\n      },\n      \"satisfy\": {\n        \"and\": [\n          {\n            \"and\": [\n              {\n                \"mc\": \"<=99\"\n              },\n              \"6\",\n              \"\"\n            ]\n          },\n          {\n            \"and\": [\n              {\n                \"mc\": \"<=5\"\n              },\n              \"=f\",\n              {\n                \"and\": [\n                  {\n                    \"mc\": \"<=46\"\n                  },\n                  {\n                    \"or\": [\n                      \"gazwa\"\n                    ]\n                  },\n                  {\n                    \"mc\": \"<=113\"\n                  },\n                  {\n                    \"or\": []\n                  }\n                ]\n              },\n              \".y@9<\\\\*lpy\",\n              \"*9|rQ[Z\"\n            ]\n          },\n          \"^H\"\n        ]\n      },\n      \"url\": \"http://aebccfc969a5-6bd8gyz-ypsdf9ex8zdwoeap7fy7ea97wpff3blc4aed5zbka.si42j5qfl8yn9v697scq2sz14mfy0mvccd.fmufhbnqw/r)4LHvU./8%F3%A3%86%BD.=//%F3%8C%AC%91QcUdzt/fHh;cTjh/nsS/5345B\",\n      \"info\": \"4-|Zlj\"\n    }\n  },\n  {\n    \"title\": \"block sample 2\",\n    \"value\": {\n      \"ay\": 1999,\n      \"assign\": \"H p{AgXwm\",\n      \"match\": [\n        {\n          \"and\": [\n            {\n              \"and\": [\n                \"ZYM5x26G\"\n              ]\n            },\n            \"OD4177\"\n          ]\n        },\n        \"CS1\",\n        {\n          \"or\": []\n        },\n        {\n          \"or\": [\n            \"BJ9\"\n          ]\n        }\n      ],\n      \"satisfy\": {\n        \"mc\": \"<=47\"\n      },\n      \"info\": \":!jW$b8+\",\n      \"\": {\n        \"ay\": 1951,\n        \"assign\": \"Sz\",\n        \"match\": [\n          {\n            \"and\": [\n              \"KL914\",\n              {\n                \"or\": [\n                  \"KM1D\",\n                  \"NE0192\",\n                  {\n                    \"pattern\": \"GY2820Z\",\n                    \"exclude\": [\n                      \"UZH40x9\",\n                      \"KF42B\",\n                      \"CYU3*3\",\n                      \"UNU8738\"\n                    ],\n                    \"info\": \"vj4f\"\n                  },\n                  \"AW2xO\",\n                  \"SVY*028\"\n                ]\n              },\n              {\n                \"pattern\": \"HL1*x4W\",\n                \"info\": \">H c9\"\n              },\n              {\n                \"or\": [\n                  {\n                    \"or\": [\n                      \"ECV18U\"\n                    ]\n                  },\n                  {\n                    \"or\": [\n                      \"TQK6899G\"\n                    ]\n                  },\n                  {\n                    \"or\": [\n                      \"DM6638V\",\n                      \"CV26\"\n                    ]\n                  },\n                  {\n                    \"pattern\": \"BB116Y\",\n                    \"exclude\": \"AGR2N\"\n                  },\n                  {\n                    \"pattern\": \"JL154T\",\n                    \"exclude\": \"FSE2474G\",\n                    \"info\": \"8?nN9w06d{\"\n                  }\n                ]\n              },\n              {\n                \"and\": [\n                  {\n                    \"or\": []\n                  },\n                  {\n                    \"and\": []\n                  },\n                  {\n                    \"or\": [\n                      \"HEE4064\"\n                    ]\n                  },\n                  {\n                    \"pattern\": \"EZ7Z\",\n                    \"exclude\": [\n                      \"HPS194\",\n                      \"NJB1*\",\n                      \"QON7\",\n                      \"BR*8\",\n                      \"AN383\"\n                    ],\n                    \"info\": \"7-Ii7_e'\"\n                  }\n                ]\n              }\n            ]\n          },\n          {\n            \"or\": [\n              {\n                \"pattern\": \"KU406F\",\n                \"exclude\": [\n                  \"ZX7301E\"\n                ],\n                \"info\": \"h_ypMqmB:\"\n              },\n              {\n                \"and\": [\n                  {\n                    \"or\": [\n                      {\n                        \"or\": [\n                          \"EJJ5454\",\n                          \"CC50C\"\n                        ]\n                      },\n                      \"CEB997\",\n                      \"EEL008Z\",\n                      \"WW9\"\n                    ]\n                  },\n                  {\n                    \"and\": [\n                      {\n                        \"and\": [\n                          \"MN757L\",\n                          \"SE*\",\n                          \"CJ190\"\n                        ]\n                      },\n                      {\n                        \"and\": [\n                          \"VY*711\"\n                        ]\n                      }\n                    ]\n                  },\n                  \"DSW429M\"\n                ]\n              },\n              {\n                \"or\": [\n                  {\n                    \"and\": [\n                      \"TELxX\",\n                      \"CU6x2\",\n                      \"GYS51\"\n                    ]\n                  },\n                  {\n                    \"pattern\": \"MQP8H\",\n                    \"exclude\": \"RO388\",\n                    \"info\": \"tkJq7?91Hz\"\n                  },\n                  \"RKT17B\",\n                  {\n                    \"and\": [\n                      \"EC647L\",\n                      \"NN06xJ\",\n                      \"ARRx\",\n                      {\n                        \"pattern\": \"JR9x05\",\n                        \"exclude\": \"FUH**4\",\n                        \"info\": \"#JUK\"\n                      }\n                    ]\n                  }\n                ]\n              },\n              {\n                \"or\": [\n                  {\n                    \"or\": [\n                      \"ADH48L\",\n                      {\n                        \"and\": [\n                          {\n                            \"pattern\": \"TFT3*52O\",\n                            \"exclude\": [\n                              \"OD88\",\n                              \"XNx62X\"\n                            ],\n                            \"info\": \"j@]8a7T\"\n                          },\n                          {\n                            \"or\": [\n                              \"FJY2634Y\",\n                              {\n                                \"and\": [\n                                  \"PZO49L\",\n                                  \"PM24\",\n                                  \"FQ9568\",\n                                  \"MN67xM\",\n                                  \"JGT3960Y\"\n                                ]\n                              },\n                              \"RV9*F\",\n                              \"MA646O\",\n                              \"TNx72\"\n                            ]\n                          },\n                          \"MMx076\",\n                          \"GT1\",\n                          \"UEC545W\"\n                        ]\n                      },\n                      \"UY9*0\",\n                      {\n                        \"or\": [\n                          {\n                            \"pattern\": \"KS11xS\",\n                            \"exclude\": \"TT32\"\n                          },\n                          \"CTK12\"\n                        ]\n                      }\n                    ]\n                  },\n                  {\n                    \"and\": []\n                  }\n                ]\n              },\n              {\n                \"pattern\": \"TW9927\",\n                \"exclude\": \"OZF8\"\n              }\n            ]\n          }\n        ],\n        \"satisfy\": [\n          {\n            \"or\": []\n          },\n          {\n            \"or\": [\n              \"pZNC\\\\\",\n              {\n                \"and\": [\n                  {\n                    \"and\": [\n                      \"|-\\\\\"\n                    ]\n                  },\n                  {\n                    \"mc\": \"<=57\"\n                  },\n                  {\n                    \"mc\": \">=162\"\n                  },\n                  {\n                    \"mc\": \">=106\"\n                  },\n                  \";Y\\\"M)+9\"\n                ]\n              },\n              {\n                \"mc\": \">=91\"\n              },\n              {\n                \"mc\": \"<=167\"\n              }\n            ]\n          },\n          {\n            \"and\": [\n              \"r7}>`*<ag\"\n            ]\n          },\n          {\n            \"mc\": \"<=196\"\n          }\n        ],\n        \"url\": \"http://j.jiaxvy9yg2s8jl41xe7pcna9b248hq1gxx8do8upxy7dt2oo008wxa.9.loljnki/%F2%AE%96%86YC/*xM%F0%B5%94%AD/jaGyi%F1%BB%8C%B283:/pazR7q//BS%F2%83%87%9FV%E2%B4%94DsVeC/Je)\",\n        \"info\": \"\"\n      },\n      \"/6.ngh\": {\n        \"name\": \" \\\"&\",\n        \"ay\": 1951,\n        \"match\": [\n          {\n            \"pattern\": \"IHx\",\n            \"exclude\": [\n              \"QRS6\",\n              \"IPT25\",\n              \"JPC2x*\",\n              \"AIK*9D\"\n            ],\n            \"info\": \"@=NDunr\"\n          },\n          \"HG66xO\",\n          {\n            \"pattern\": \"JJ7\",\n            \"exclude\": \"HKS6Z\"\n          },\n          {\n            \"or\": [\n              \"UAQ985\",\n              \"PX5x\",\n              {\n                \"or\": [\n                  \"NYU5x5A\"\n                ]\n              },\n              {\n                \"or\": [\n                  \"UU698\",\n                  {\n                    \"pattern\": \"VQx\",\n                    \"exclude\": [],\n                    \"info\": \"uA/NeRv@{ \"\n                  },\n                  \"AU1883\",\n                  {\n                    \"and\": [\n                      {\n                        \"and\": [\n                          {\n                            \"and\": [\n                              \"OZM5252\",\n                              \"HP*\",\n                              {\n                                \"and\": [\n                                  \"MLF44E\",\n                                  \"LG*\",\n                                  \"SXD5*4\",\n                                  \"KJO538xO\"\n                                ]\n                              }\n                            ]\n                          },\n                          \"NVJ5W\",\n                          \"RS24E\"\n                        ]\n                      },\n                      {\n                        \"or\": [\n                          \"CR399B\",\n                          \"HM989U\",\n                          \"FO28B\",\n                          \"HEV6x\",\n                          \"QR495X\"\n                        ]\n                      },\n                      \"QM68\"\n                    ]\n                  }\n                ]\n              }\n            ]\n          },\n          {\n            \"and\": []\n          }\n        ],\n        \"satisfy\": [\n          \"y\"\n        ],\n        \"url\": \"http://051rgdzsy4wb0wthsrujob-by5pho0i83u59qzvbklc.0l8-jrmoytb2t27wguvk.tr/N/%F2%BC%BA%80e/K&aNsUP%F2%B3%A0%AEh/%F4%8F%BF%BAzegyjc\",\n        \"info\": \"8!K&x%@\"\n      }\n    }\n  },\n  {\n    \"title\": \"block sample 3\",\n    \"value\": {\n      \"name\": \"+ w\",\n      \"ay\": 2016,\n      \"assign\": \"lsE:SNnF\",\n      \"satisfy\": {\n        \"and\": [\n          {\n            \"and\": []\n          },\n          \"}%N\"\n        ]\n      },\n      \"url\": \"https://f4ovx.foay///3%F4%8F%BF%B1/%F1%8B%A2%A7__/k/o~f//.(%F2%91%9F%AAM&\",\n      \"info\": \"gCyifRw\",\n      \"XPpN\": {\n        \"name\": \"\",\n        \"ay\": 2026,\n        \"assign\": \"e%I{^)__i\",\n        \"url\": \"https://fj3svj6hkpe4hpw6yk7m2daslhtq4fcs4pihx9ymmff-ged2u.fwcbggf-ps-0j-2f46swywvrmr2yuh7rgvuzj.wcw/%F3%9F%89%B6S/Xz:%F2%BE%92%8Blpje8i/N0wTi!%F0%A6%B0%A8L/O=/F%F0%99%82%B1//\",\n        \"info\": \"u`e\"\n      },\n      \"J7[\": {\n        \"name\": \"_e+M%\\\"7e()\",\n        \"ay\": 1967,\n        \"assign\": \"Z_e!HGL2)1\",\n        \"match\": \"KGQ4*2*\",\n        \"url\": \"http://vcbdu9xr3iktdvpkd5g5o6l1uw6iugac-8s.9ntaktvogx-ony.j.b.kh/Ei%F2%A8%B3%A90iax%F1%A2%B9%BAa/7)th*AfrY/,ZwH%F3%9F%BE%A2h%F1%AB%8F%BE2l/k3/i:(%F4%85%81%AFK/%F3%8F%8D%9Cngu3_3Fd/mam=:sK/n%F4%82%97%B9u%F2%99%A7%BAa~uN/&%F1%BD%AB%81+z3gkClL/5nc_Wq9NyX\",\n        \"info\": \"vy~q\"\n      },\n      \"nuOD-E\": {\n        \"name\": \"#A3{\",\n        \"ay\": 1954,\n        \"assign\": [\n          \"$e]E4LF6;p\",\n          \"E?+~:X6z\",\n          \"T\",\n          \"'qK8n\",\n          \"xJ$#||5}` \"\n        ],\n        \"satisfy\": \"82s0It\",\n        \"url\": \"https://d3a7.s7nnm-greox84ad7xayggzvkdrdrbg23hxi5psft.yfzmmsdmnk/\",\n        \"info\": \"'\\\\Lv\",\n        \"\": {\n          \"name\": \"q+R:T^Q:\",\n          \"assign\": \"<AP<Y`YE6\",\n          \"satisfy\": {\n            \"or\": [\n              {\n                \"or\": [\n                  \"0:f'D\",\n                  {\n                    \"or\": [\n                      \"`aS*HC\",\n                      {\n                        \"mc\": \">=195\"\n                      }\n                    ]\n                  }\n                ]\n              }\n            ]\n          },\n          \"url\": \"https://6wyavcxolegj3wwyhsdpj3aohkx6mifrzoab.deo1bplcerj37q5qr1m1xo4yy--u7wq-u-319wq7w51v9lv3lwagxv8hvbe.frgqblfyup/Vtt=8~q/Nq;D1/f%E3%A8%AF;vLA//R//bo:j5*R/GuC-4SR;\",\n          \"info\": \"Ipxu-6?,RH\"\n        },\n        \"~R@7\": {\n          \"ay\": 2028,\n          \"assign\": [\n            \" 795\",\n            \"g2vpP\",\n            \"f1X@\"\n          ],\n          \"match\": [\n            {\n              \"and\": [\n                \"BSE74\",\n                {\n                  \"pattern\": \"EBN2x2x\",\n                  \"exclude\": [\n                    \"YNUx1M\",\n                    \"JVI3x\",\n                    \"CS1389B\",\n                    \"EM65\"\n                  ],\n                  \"info\": \".tC\"\n                },\n                {\n                  \"or\": [\n                    {\n                      \"and\": [\n                        {\n                          \"and\": [\n                            \"YSY5\",\n                            \"NZL9*x1\"\n                          ]\n                        },\n                        \"NP7579\"\n                      ]\n                    },\n                    {\n                      \"or\": [\n                        \"SZK1\",\n                        \"XAX9584J\",\n                        {\n                          \"or\": [\n                            \"BNx8B\"\n                          ]\n                        },\n                        \"GM*511\"\n                      ]\n                    },\n                    \"ZA46I\",\n                    {\n                      \"pattern\": \"ZSM41\",\n                      \"exclude\": \"CA*8I\",\n                      \"info\": \"\"\n                    }\n                  ]\n                },\n                {\n                  \"pattern\": \"TW487\",\n                  \"exclude\": \"CO1T\",\n                  \"info\": \"=zW\"\n                },\n                {\n                  \"and\": [\n                    \"LC7\",\n                    \"UMD61R\",\n                    \"NT16x4W\",\n                    \"IMM*805Z\",\n                    {\n                      \"and\": [\n                        \"NUxxF\"\n                      ]\n                    }\n                  ]\n                }\n              ]\n            },\n            {\n              \"pattern\": \"ZYxG\",\n              \"info\": \"{\"\n            },\n            {\n              \"or\": []\n            },\n            {\n              \"or\": [\n                \"HXZ2F\"\n              ]\n            }\n          ],\n          \"satisfy\": [\n            {\n              \"and\": [\n                {\n                  \"mc\": \"<=84\"\n                },\n                \"+&G}|,#D9\",\n                \"O({\"\n              ]\n            },\n            {\n              \"mc\": \">=103\"\n            }\n          ],\n          \"url\": \"https://uz9gwee1dkvw9ecrk3yq2ufy0peq-z2t9.0huak07srkr6hn.x.ja-hdho8n5vzkps7hr06ptp6o4an3k0af21dik7-5bbwkj-f1.30qlu3mc93ni06u.cilguvea\",\n          \"info\": \"#vxRQmKy0\"\n        },\n        \"~PI\": {\n          \"name\": \",\",\n          \"assign\": \"+f2BKR:\",\n          \"match\": [\n            \"BO1G\",\n            \"SJF8*19Q\"\n          ],\n          \"url\": \"https://fgwfbjj05fnv2go9ronqputhxz7lsqgpx68vhtacm.jwpibwkrsc/V;/Y!9JUZL/n*eDB/Q-z66B)xZu\"\n        },\n        \"Ob\": {\n          \"name\": \"RPOq<O.V\",\n          \"ay\": 2009,\n          \"assign\": [],\n          \"url\": \"https://8qbdp.gioa9geyx8kvfl9uoivyhap1c4hqnlspeapxt330a6.a3r3wi5z2zxy.l.5b69w-n0-ub9764ksam5e08pd1dw9sjebghc2s1gcx.krbprc\",\n          \"info\": \"Ey!=tSe\"\n        }\n      },\n      \"\": {\n        \"name\": \" E]\",\n        \"ay\": 2027,\n        \"assign\": [],\n        \"satisfy\": [\n          {\n            \"or\": [\n              \"+>!o//`\",\n              {\n                \"mc\": \"<=159\"\n              },\n              {\n                \"or\": [\n                  {\n                    \"mc\": \"<=46\"\n                  },\n                  {\n                    \"and\": [\n                      {\n                        \"and\": [\n                          \"BRl\\\\^A[=\"\n                        ]\n                      },\n                      \"hM-8*}F-p\",\n                      \"Pvq[a:5|W\",\n                      \"55K<\",\n                      {\n                        \"and\": [\n                          \"4X67\"\n                        ]\n                      }\n                    ]\n                  }\n                ]\n              },\n              {\n                \"mc\": \"<=18\"\n              }\n            ]\n          }\n        ],\n        \"url\": \"http://9rz-s8v.bnzwvamd7kyc-pkjgell-5uiwix2nmem1o5m3.hjoetp/wtWF/=/j)rZ3.i8%F0%AE%AE%8Ew\",\n        \"info\": \"ru3C+UIv,\"\n      },\n      \";\": {\n        \"name\": \"7+(ZAsl N:\",\n        \"ay\": 1987,\n        \"assign\": [\n          \"I\",\n          \"[.f7w<0\",\n          \"\\\"l@b9yl &\"\n        ],\n        \"match\": [\n          {\n            \"and\": [\n              {\n                \"or\": [\n                  {\n                    \"and\": [\n                      {\n                        \"pattern\": \"HCU92xE\",\n                        \"info\": \"U<-r;'FUl\"\n                      },\n                      \"CAM35K\"\n                    ]\n                  }\n                ]\n              }\n            ]\n          },\n          {\n            \"and\": [\n              {\n                \"or\": [\n                  \"YZR2\"\n                ]\n              },\n              {\n                \"and\": []\n              },\n              {\n                \"and\": [\n                  \"WY5Y\"\n                ]\n              },\n              {\n                \"pattern\": \"KF1\",\n                \"exclude\": \"CO0691I\",\n                \"info\": \"NEJOFC}\"\n              },\n              {\n                \"or\": [\n                  \"FHD0xA\",\n                  {\n                    \"pattern\": \"USS75J\",\n                    \"info\": \"@\"\n                  },\n                  \"ELHx6K\"\n                ]\n              }\n            ]\n          },\n          \"SBQx*X\",\n          {\n            \"and\": [\n              \"GAY4\",\n              \"CHH*Y\",\n              \"AM8\",\n              {\n                \"or\": [\n                  {\n                    \"and\": [\n                      {\n                        \"and\": []\n                      },\n                      \"LX0\",\n                      \"MSxX\",\n                      {\n                        \"pattern\": \"PY1797\",\n                        \"exclude\": [],\n                        \"info\": \"`\"\n                      }\n                    ]\n                  },\n                  \"HV2618R\",\n                  {\n                    \"or\": [\n                      {\n                        \"or\": [\n                          \"RMV3*6Q\"\n                        ]\n                      },\n                      \"FFH7\",\n                      \"YU1004\",\n                      \"VP2I\"\n                    ]\n                  },\n                  {\n                    \"or\": [\n                      \"BF3*\"\n                    ]\n                  },\n                  {\n                    \"or\": [\n                      \"HN1Y\",\n                      {\n                        \"or\": [\n                          \"DI9278\",\n                          {\n                            \"and\": [\n                              \"IUD8807B\",\n                              \"CX898\",\n                              \"WWO21\"\n                            ]\n                          },\n                          \"CRx548\"\n                        ]\n                      }\n                    ]\n                  }\n                ]\n              },\n              {\n                \"or\": [\n                  \"DNx45J\",\n                  \"OLQ6428I\",\n                  {\n                    \"or\": [\n                      {\n                        \"or\": [\n                          \"DIG19\"\n                        ]\n                      },\n                      \"KBK931\"\n                    ]\n                  },\n                  {\n                    \"pattern\": \"FFD4489\",\n                    \"exclude\": [\n                      \"RFX1N\",\n                      \"IZU5205\",\n                      \"TJA9110\"\n                    ]\n                  },\n                  {\n                    \"pattern\": \"QS8578O\",\n                    \"exclude\": \"OXV2xx\",\n                    \"info\": \"\\\\oi~dlLG\"\n                  }\n                ]\n              }\n            ]\n          },\n          {\n            \"or\": [\n              {\n                \"pattern\": \"GOX79\",\n                \"exclude\": [\n                  \"DXM734\",\n                  \"EL4x03\",\n                  \"MRM8205B\",\n                  \"MOK7X\"\n                ]\n              }\n            ]\n          }\n        ],\n        \"satisfy\": [\n          {\n            \"and\": [\n              {\n                \"mc\": \">=32\"\n              }\n            ]\n          },\n          \"rESq0qg\",\n          \"$zT]!)$zt\"\n        ],\n        \"url\": \"https://01qqsuyset0pa44ml8g.qd5w775ikm5teb.hjqt25sb-ehpkcw13--fkkrbk7vdbhi3jwlai6c1jxcoxq5f8169fzbbl.upf8izk6xpuhodsywx4t1tws6aseqgg29b-ljogso32m53ha3r17-el7h-pii1f.csdt/NF/,x;6:~VC/E3;C/%F0%B7%B1%B8a%F1%8F%93%A5k/V898_%F3%A2%BA%A6%F0%9B%81%A2@b\",\n        \"jCD7PMxBiL\": {\n          \"name\": \") gexDWils\",\n          \"ay\": 2025,\n          \"assign\": [],\n          \"match\": [],\n          \"info\": \"?9<L\"\n        }\n      }\n    }\n  },\n  {\n    \"title\": \"block sample 4\",\n    \"value\": {\n      \"name\": \"E\",\n      \"ay\": 2026,\n      \"assign\": \"){\",\n      \"match\": [\n        {\n          \"pattern\": \"TB12\",\n          \"info\": \"<f\"\n        },\n        {\n          \"or\": []\n        },\n        \"NZH443\",\n        {\n          \"and\": [\n            {\n              \"or\": []\n            },\n            {\n              \"or\": [\n                {\n                  \"or\": [\n                    {\n                      \"and\": []\n                    },\n                    {\n                      \"and\": [\n                        {\n                          \"or\": [\n                            \"ZS28F\",\n                            \"OP0607\",\n                            \"LYD15*0G\",\n                            \"KZ30*8\",\n                            \"QA98\"\n                          ]\n                        },\n                        {\n                          \"or\": [\n                            \"OGT1\",\n                            \"GR6J\",\n                            \"JYQ2\"\n                          ]\n                        },\n                        \"CY6x3\"\n                      ]\n                    },\n                    \"PV2\"\n                  ]\n                },\n                \"GXQ12\",\n                {\n                  \"pattern\": \"DH8*7K\",\n                  \"exclude\": [\n                    \"PJN2\",\n                    \"HC11\",\n                    \"ORP8I\"\n                  ],\n                  \"info\": \"kQ$\"\n                },\n                {\n                  \"and\": [\n                    {\n                      \"or\": []\n                    },\n                    \"QB3943U\",\n                    \"YHD14\",\n                    {\n                      \"pattern\": \"DYZ86D\",\n                      \"exclude\": \"MUQ253A\",\n                      \"info\": \"\\\\1/;S\"\n                    }\n                  ]\n                }\n              ]\n            },\n            {\n              \"or\": []\n            },\n            {\n              \"or\": [\n                {\n                  \"pattern\": \"DW3I\",\n                  \"exclude\": \"BA3A\",\n                  \"info\": \"X6xq+1\"\n                },\n                \"ANV58\",\n                \"PN2S\"\n              ]\n            },\n            \"VX8630\"\n          ]\n        },\n        {\n          \"and\": [\n            {\n              \"pattern\": \"NU823Y\",\n              \"exclude\": \"US0663U\",\n              \"info\": \"\"\n            },\n            {\n              \"or\": [\n                {\n                  \"and\": [\n                    \"WIS0*66\"\n                  ]\n                },\n                \"REV621\"\n              ]\n            },\n            {\n              \"pattern\": \"XA915C\",\n              \"exclude\": \"JH*3H\"\n            },\n            {\n              \"pattern\": \"FBJ30X\",\n              \"exclude\": \"LC1\"\n            }\n          ]\n        }\n      ],\n      \"satisfy\": [\n        {\n          \"and\": []\n        }\n      ],\n      \"url\": \"http://ebemvav88k3-zvc0.xz.xet99plpai6xrxr7lmrwol-2si.eyd/UZyLJub/SZGPPY/%F3%A9%90%95;6D,g3%F3%AD%B6%84g/X%F1%95%AC%96*=gpmS/2Q-\",\n      \"HzX|rYw_{_\": {\n        \"name\": \"m+@Ugm'A\",\n        \"assign\": [\n          \"ocxV?6#\",\n          \"p\\\\}~w2YP\",\n          \"}C=o20>?\\\\\"\n        ],\n        \"match\": [\n          {\n            \"pattern\": \"RJ9860I\",\n            \"exclude\": \"NIJ*332O\",\n            \"info\": \"o8c\"\n          },\n          \"YP068\"\n        ],\n        \"satisfy\": [\n          \"\",\n          {\n            \"or\": [\n              {\n                \"mc\": \">=148\"\n              },\n              {\n                \"mc\": \">=22\"\n              },\n              {\n                \"and\": []\n              },\n              {\n                \"or\": [\n                  {\n                    \"and\": [\n                      \":uN6e8%:2\",\n                      \"9 XE\",\n                      {\n                        \"or\": [\n                          \"Ui\"\n                        ]\n                      },\n                      \"ni\",\n                      {\n                        \"mc\": \"<=2\"\n                      }\n                    ]\n                  },\n                  {\n                    \"and\": [\n                      \"lLH\"\n                    ]\n                  },\n                  {\n                    \"mc\": \"<=16\"\n                  },\n                  \"dih\",\n                  {\n                    \"and\": [\n                      \"Ff=Aq}\",\n                      \"`E\\\\NY\",\n                      \"k<9{|F`7x\",\n                      \"^(2Cv1KSvQ\"\n                    ]\n                  }\n                ]\n              }\n            ]\n          }\n        ],\n        \"url\": \"https://njh2e88dsqwq9dwh70gtz9g1tv49j3un6mtmg2r97-2s.kgk4kp1nkq7j9gkcgxtqy.iwy/-.Jtsj9U5//hxj/Or0t$b/+iobQ=nNd~/my:/dn$k--/1pvJ~o%F0%91%A3%BC9/Hqr~\",\n        \"info\": \"5\",\n        \"O$QmS\": {\n          \"name\": \",\",\n          \"ay\": 2025,\n          \"assign\": [\n            \"G\",\n            \"xi\"\n          ],\n          \"match\": {\n            \"and\": [\n              \"XAY*6F\"\n            ]\n          },\n          \"satisfy\": [\n            {\n              \"mc\": \"<=108\"\n            },\n            {\n              \"and\": []\n            },\n            {\n              \"and\": [\n                {\n                  \"or\": [\n                    \"{Ba0;Sv\",\n                    {\n                      \"mc\": \"<=50\"\n                    }\n                  ]\n                },\n                \"\"\n              ]\n            },\n            {\n              \"mc\": \">=68\"\n            }\n          ],\n          \"url\": \"http://avssiu0upgh92880uwf0v6ktr7xrzuui8v-s407lv35laq7vus4qzs3.vnrgere/gqCFkKU%F2%9A%84%B8d/*mR17D/%F0%A3%8C%AB9YFu1fp'H/J//$%F1%83%80%91%F4%85%98%81+-CB9/:)C%F1%96%8E%93uAewe/%F1%8C%82%98DHoo%F3%A0%A6%B1!\",\n          \"info\": \"q?~G\"\n        }\n      }\n    }\n  },\n  {\n    \"title\": \"block sample 5\",\n    \"value\": {\n      \"name\": \"ePkr/7Tsj\",\n      \"ay\": 1951,\n      \"assign\": [\n        \"adz9(q|hb\"\n      ],\n      \"match\": [\n        \"LLQx46P\",\n        {\n          \"pattern\": \"UJ8W\",\n          \"exclude\": [\n            \"IP1x8M\",\n            \"DS90J\",\n            \"OOM0\",\n            \"DOV8921S\",\n            \"CM522\"\n          ],\n          \"info\": \"xJ\"\n        },\n        {\n          \"or\": []\n        },\n        {\n          \"and\": [\n            {\n              \"pattern\": \"CL78U\",\n              \"exclude\": [\n                \"RLZ*xxW\",\n                \"ZBVx4\",\n                \"MQF85\",\n                \"SYK853\"\n              ],\n              \"info\": \"5>q\"\n            },\n            {\n              \"pattern\": \"EXZ60\",\n              \"info\": \"8MeM\"\n            },\n            {\n              \"and\": [\n                {\n                  \"pattern\": \"URXxxC\",\n                  \"exclude\": [],\n                  \"info\": \"@cqi}i~Jl~\"\n                }\n              ]\n            },\n            {\n              \"pattern\": \"RP22O\",\n              \"exclude\": \"CMH*Z\",\n              \"info\": \"%D\\\\p8U\"\n            },\n            {\n              \"pattern\": \"IEY49A\",\n              \"exclude\": [\n                \"ENx1\",\n                \"NE6x4K\",\n                \"SN4xV\"\n              ],\n              \"info\": \"a\"\n            }\n          ]\n        },\n        \"CC3X\"\n      ],\n      \"satisfy\": {\n        \"or\": []\n      },\n      \"url\": \"https://ou4eodkspm74m7mdtr4pa6185nnl-9rj-9.k.ktnw86iptwwaxyuxov.dc4by5ri7fwhn6530a1my-jjlv-ep2r89r7--6pzv7jwk1t9qt4yg9s.ccte2233pfa2d18nznhytu1pjadyhauyoey.tbjqlrxyo/@8%F1%B0%85%88F~:J%F0%90%88%9D/%F3%9D%AC%B0O.gsFMpS/VibAC,Y:hC/8dY'FkU/,GA_X/6U)GT13he%F1%A6%B0%B0/oP';c%E4%BC%9B=9/gn.%F1%83%A1%81KEjc:/RTEYe\",\n      \"info\": \"($a>{ApPG\"\n    }\n  },\n  {\n    \"title\": \"block sample 6\",\n    \"value\": {\n      \"name\": \"z\\\"}z##$|\",\n      \"ay\": 1985,\n      \"assign\": \"x\\\\\",\n      \"match\": {\n        \"or\": [\n          {\n            \"or\": []\n          },\n          {\n            \"and\": [\n              \"LNCx9I\",\n              {\n                \"or\": []\n              }\n            ]\n          }\n        ]\n      },\n      \"satisfy\": {\n        \"mc\": \">=139\"\n      },\n      \"url\": \"https://d.czngb/8j\",\n      \"info\": \"\"\n    }\n  },\n  {\n    \"title\": \"block sample 7\",\n    \"value\": {\n      \"name\": \"!$$\",\n      \"assign\": \"\",\n      \"satisfy\": \"1Syxf$y+\",\n      \"url\": \"http://ucraibdc9u8sfu9-55o9pmedd59cabfj12awmde.eca/@N+*%F1%B6%A5%83+t/e%EA%B0%A50aL@%F1%9D%96%A7fJ//a/%F1%95%96%987,hWr7q/Y5%F3%B1%94%92Ec7T/Pd%F2%96%BF%99aI%F4%8F%BF%BA%25/%F1%9D%82%9DwT@A;/u*-\",\n      \"info\": \" 0l/[2_WW\"\n    }\n  },\n  {\n    \"title\": \"block sample 8\",\n    \"value\": {\n      \"name\": \"%\\\"!~x]$\\\\\",\n      \"ay\": 1978,\n      \"assign\": [\n        \"j&A\",\n        \"V(V_W\",\n        \"Z{o'Q)z\",\n        \"Mo\",\n        \"{}RfN\"\n      ],\n      \"match\": [\n        \"LDE*\"\n      ],\n      \"satisfy\": [\n        {\n          \"and\": [\n            \"\",\n            {\n              \"or\": [\n                \"~}~eLi\"\n              ]\n            }\n          ]\n        },\n        \"LRCZUQb&X\",\n        {\n          \"and\": [\n            {\n              \"and\": [\n                {\n                  \"and\": [\n                    \"j^3<`&R\",\n                    {\n                      \"and\": [\n                        \"gct!I*Md`\",\n                        {\n                          \"and\": [\n                            \"|la!\",\n                            \"tt&jW{\"\n                          ]\n                        },\n                        \"WD?n|4\",\n                        \"4l<P3D\",\n                        \"9\"\n                      ]\n                    },\n                    {\n                      \"and\": [\n                        {\n                          \"and\": [\n                            \"h)}H\\\"Weg\",\n                            \"=}t$]r!4s\",\n                            \"L8D\",\n                            \"_#N?r\",\n                            \"i7)G\\\"d{8B`\"\n                          ]\n                        },\n                        {\n                          \"or\": [\n                            \"Fg~RK1\"\n                          ]\n                        }\n                      ]\n                    }\n                  ]\n                },\n                \",\",\n                \"i*7\\\\BC7UE\"\n              ]\n            }\n          ]\n        }\n      ],\n      \"url\": \"http://95gs6di4eigeuzwkad66dfebrsq-f04.hc-0-bnk21gd05y5p475dh6phrljcjvfktzyeubwe9iydgumf.67rc.jc/%F1%9F%9A%BB=c_%F1%BD%BA%97/D15u!0E/~x8cetju\",\n      \"info\": \"\",\n      \"?#}{vsod\": {\n        \"name\": \"\",\n        \"ay\": 1985,\n        \"assign\": \"0`\",\n        \"match\": {\n          \"and\": [\n            {\n              \"pattern\": \"TM9*09M\",\n              \"info\": \";9{S\"\n            },\n            {\n              \"pattern\": \"BA**\",\n              \"exclude\": [\n                \"PEO66\",\n                \"NJ3Y\"\n              ],\n              \"info\": \"##^Pyu;pcr\"\n            },\n            \"LAW62\",\n            {\n              \"and\": []\n            },\n            {\n              \"pattern\": \"KN2\"\n            }\n          ]\n        },\n        \"satisfy\": [\n          {\n            \"and\": [\n              \"\",\n              {\n                \"or\": [\n                  {\n                    \"or\": [\n                      \"\",\n                      \"\",\n                      \"8bzq\",\n                      {\n                        \"mc\": \"<=10\"\n                      }\n                    ]\n                  }\n                ]\n              },\n              {\n                \"or\": []\n              },\n              \"z{{\",\n              {\n                \"and\": [\n                  {\n                    \"mc\": \">=8\"\n                  },\n                  \"dp\\\"#l1&|\",\n                  \"\",\n                  \"&&!<;z\",\n                  \"s\"\n                ]\n              }\n            ]\n          }\n        ],\n        \"info\": \"%;I\",\n        \"\": {\n          \"name\": \"!GPv(Ztd=\",\n          \"ay\": 2022,\n          \"assign\": \"r\\\"\",\n          \"match\": [],\n          \"url\": \"http://xh1dnqu6fje.ecijy.x.p.d1xkjgbvsoxb5n4ydmot-t6pk6ty74f-xvhwu3h.cyqaqxrul/;=M%F1%AA%9B%A8gfc_AR/t'c0o/7=B0iU%F3%9D%8D%B4/!g/@/Uj/%F0%B5%B9%9C%F2%81%B7%9Efvg:8/tE4/scT'/Elv\",\n          \"info\": \"2y%\",\n          \"v j&H.<)\": {\n            \"name\": \"aojMUxsN\",\n            \"ay\": 1987,\n            \"assign\": [\n              \"RSGXHWdST\",\n              \"h\",\n              \"W?z\"\n            ],\n            \"match\": [\n              \"FC2\",\n              \"KHLx0\",\n              {\n                \"or\": [\n                  {\n                    \"pattern\": \"ASZ*W\",\n                    \"exclude\": \"TQL2L\",\n                    \"info\": \"G8|GdoeOX!\"\n                  }\n                ]\n              },\n              \"GH*075Z\"\n            ],\n            \"satisfy\": [],\n            \"url\": \"https://iu95m3bzhg5kffi5sq.j6j9q-pb3wr8blc8hetxbxsls3pzgvm3fehan3mxy8da95i-fn3lme8.iom8ji54qzvl1n9mryadpaqol8v8ziioe.tdq//M//hBi$/3oCr%F0%99%A4%86rg(./==G_5;iI%E4%A6%87/y*Ff;:/q%F3%B3%AB%B7(-v/g!Dx0Q\",\n            \"info\": \"P-?_JK!a\"\n          },\n          \"[\": {\n            \"name\": \"R_\",\n            \"ay\": 1988,\n            \"assign\": [\n              \"K\"\n            ],\n            \"match\": {\n              \"and\": [\n                {\n                  \"pattern\": \"QCB5285\",\n                  \"exclude\": \"EVB7541\",\n                  \"info\": \"Gz&B>Yn@jk\"\n                }\n              ]\n            },\n            \"url\": \"https://fd3idpvj1ly6k1vb8z2ad5a.9kvj3u0j438gu5vukb3v83byrht8-7h1kbyb12m1rcfk.vfnijxzp/@TtSl%F0%B6%9D%8C=(0/%F2%BF%A3%82%F1%A5%92%80tb*oFKW/(X;Mhd+%F2%8B%99%9Fv-//Az8E,%F2%BC%A8%AB$/uiNEIW\",\n            \"info\": \" \"\n          },\n          \"W/S)V\": {\n            \"name\": \"oLc5elk\",\n            \"ay\": 1991,\n            \"assign\": \"\",\n            \"match\": {\n              \"pattern\": \"VE8X\",\n              \"exclude\": \"HQT9T\",\n              \"info\": \"\"\n            },\n            \"satisfy\": {\n              \"or\": []\n            },\n            \"url\": \"https://k5t2qlghjmuy1qa2gfov7gqts0ofl5wmycs458bonoca-y5tc7t8b.qwlo/)z=an5Bu)%F3%84%A2%9E/Ako%F0%AB%97%AFn*4%F0%B5%BA%92/Fdat%E7%8B%99%F3%81%9D%A8S/HVEP.ko%F1%87%BF%8Av7/i7%F0%BE%9F%8FNy%F1%BD%8A%BD/rxe%F0%96%8B%8Cl%F0%9D%B3%9CWki+/pV$CU\",\n            \"info\": \"Dk0>\\\\NE\"\n          },\n          \"P&iFG\": {\n            \"name\": \"V7< I\",\n            \"ay\": 1951,\n            \"match\": [\n              \"RFB54*\",\n              \"POBx*0S\",\n              {\n                \"pattern\": \"ZFRx2\",\n                \"exclude\": [\n                  \"BQR1*12D\",\n                  \"PM198\",\n                  \"QWT0*7E\",\n                  \"JXQ30\",\n                  \"FHW13\"\n                ],\n                \"info\": \"BI.Y+\"\n              },\n              \"KXS5R\",\n              {\n                \"or\": [\n                  {\n                    \"or\": []\n                  },\n                  {\n                    \"and\": []\n                  },\n                  {\n                    \"and\": [\n                      \"RHU82\",\n                      \"YN29*2P\",\n                      \"RYT71W\"\n                    ]\n                  },\n                  {\n                    \"and\": [\n                      {\n                        \"and\": [\n                          {\n                            \"and\": [\n                              \"FPS16*T\"\n                            ]\n                          },\n                          \"RCX3*6W\",\n                          {\n                            \"and\": [\n                              \"DG3x\",\n                              \"HJC0*\",\n                              \"ZJ2665\",\n                              \"XT*U\"\n                            ]\n                          },\n                          \"LZX*D\",\n                          {\n                            \"and\": [\n                              \"MWF9xL\",\n                              {\n                                \"pattern\": \"ROA9D\",\n                                \"exclude\": [],\n                                \"info\": \"Cn_RWh;3\"\n                              },\n                              \"QTD1x25\",\n                              \"VZ6C\"\n                            ]\n                          }\n                        ]\n                      }\n                    ]\n                  },\n                  {\n                    \"pattern\": \"FW7\",\n                    \"exclude\": \"SW*18\",\n                    \"info\": \"4\"\n                  }\n                ]\n              }\n            ],\n            \"url\": \"https://y-guklv326vesml7t2thhxcnsrama5s8n230q6zvo4iz5sc1bklbt4um3.ujyorrobu/ts@s9%F3%AD%8D%844s\",\n            \"info\": \"G&j9MK<r\"\n          },\n          \"\\\"]G\": {\n            \"name\": \".5\",\n            \"ay\": 1952,\n            \"assign\": \"q09~py}f\",\n            \"url\": \"http://8i-838z40rkg06zirbctkrd0pyliewpdy0wyty64vxxcf39pkoopnmojhaf946.6q55qhfh04c8m88y2.pqm6-2hebi93zi-nk3u0zcmkkzadq-ucatfgb--carh9xzf-wjqndm3q.yryiqmy6xr-9oue8ham5ji5zjxkzttsyr.hdhadto/'/E%F3%89%B6%8CJ/mm/%EC%A1%ACgk/6+/r0/9O/,@TV%F0%9C%AC%A3Ud\",\n            \"info\": \";t;>)\",\n            \"x,w]Ws05h\": {\n              \"name\": \"2uSO\",\n              \"assign\": [\n                \"17tc95-h4.\",\n                \"cJ_R<c\",\n                \"M1;a\"\n              ],\n              \"match\": [\n                {\n                  \"or\": [\n                    {\n                      \"or\": [\n                        \"YJ20*\",\n                        {\n                          \"or\": []\n                        }\n                      ]\n                    },\n                    {\n                      \"or\": [\n                        {\n                          \"or\": [\n                            \"TZN35T\",\n                            \"YA**0A\"\n                          ]\n                        },\n                        \"SJU3V\",\n                        \"XDV875\",\n                        \"YKB9094B\"\n                      ]\n                    }\n                  ]\n                },\n                {\n                  \"and\": [\n                    {\n                      \"or\": []\n                    },\n                    \"BTM1\",\n                    {\n                      \"or\": [\n                        \"EYG8U\",\n                        {\n                          \"and\": [\n                            \"LAx036\",\n                            \"UH6\",\n                            {\n                              \"or\": [\n                                {\n                                  \"or\": [\n                                    {\n                                      \"and\": []\n                                    },\n                                    {\n                                      \"or\": [\n                                        \"ZZN864\",\n                                        \"UG8x26H\",\n                                        {\n                                          \"or\": [\n                                            \"GTPx1E\"\n                                          ]\n                                        }\n                                      ]\n                                    },\n                                    {\n                                      \"and\": [\n                                        \"FE559L\",\n                                        \"RAH3439H\",\n                                        \"CB910\",\n                                        {\n                                          \"and\": [\n                                            \"RZS4*83V\",\n                                            \"XC46*x\",\n                                            \"LDx65\",\n                                            \"OC2x\"\n                                          ]\n                                        }\n                                      ]\n                                    }\n                                  ]\n                                },\n                                \"UU95R\",\n                                \"RGx*A\",\n                                \"MEM2817W\",\n                                \"HK*31Q\"\n                              ]\n                            },\n                            \"SZ3\",\n                            \"CF2xx\"\n                          ]\n                        },\n                        {\n                          \"pattern\": \"OBS0E\",\n                          \"exclude\": \"WE7897C\",\n                          \"info\": \" G#\"\n                        },\n                        \"ML8H\",\n                        \"QW11R\"\n                      ]\n                    },\n                    {\n                      \"pattern\": \"PGC3\",\n                      \"exclude\": \"FI06H\"\n                    },\n                    {\n                      \"pattern\": \"LV8G\",\n                      \"exclude\": [\n                        \"ZD2Z\",\n                        \"DA5\"\n                      ]\n                    }\n                  ]\n                },\n                {\n                  \"and\": [\n                    {\n                      \"or\": []\n                    }\n                  ]\n                },\n                \"ZDP7\"\n              ],\n              \"satisfy\": {\n                \"mc\": \"<=160\"\n              },\n              \"url\": \"http://p3qxcn595ym3.7n4h7l0l6x5pn7771ewm9iey80ja2arol11qy44t55ag-cd4acf4.bn/Y1Yb1%F4%83%B1%A5+d@F/*qJ=/i/%F3%B4%87%9B6A%F0%B2%92%BA~zBxG/l@4L3cW/kc/M\"\n            },\n            \"&e[}Xc\": {\n              \"name\": \"[xkZ\",\n              \"ay\": 1988,\n              \"assign\": [],\n              \"match\": {\n                \"pattern\": \"TWJ8**\",\n                \"exclude\": []\n              },\n              \"satisfy\": [],\n              \"url\": \"http://v6kx54q1s-8mroh6cpy131l3hteyohj8y6jsw7n9z68x7d2.dt01hp4cb.xjy/J/f/:/Pap)/L_2j/xL/EkMgmf!%F2%90%99%AE\",\n              \"info\": \"6V&1fGi\"\n            },\n            \"kzMHSj=ME\": {\n              \"ay\": 2019,\n              \"assign\": [\n                \"h([oBk\",\n                \"#>.lvCP6q\",\n                \"f.*j\"\n              ],\n              \"match\": [\n                {\n                  \"pattern\": \"IDZ2x4C\",\n                  \"info\": \"4zv)R}a@\"\n                },\n                {\n                  \"pattern\": \"JFP80\",\n                  \"exclude\": [\n                    \"UVH*8\",\n                    \"YD09L\",\n                    \"DZ11\",\n                    \"IG9\",\n                    \"DYLx457\"\n                  ],\n                  \"info\": \"\"\n                },\n                {\n                  \"and\": [\n                    {\n                      \"or\": []\n                    },\n                    {\n                      \"pattern\": \"EWx075\",\n                      \"exclude\": [\n                        \"ML5J\",\n                        \"TL2x28O\",\n                        \"LM7x1\",\n                        \"OZ1X\",\n                        \"HL01\"\n                      ],\n                      \"info\": \"_\"\n                    },\n                    \"VY466xC\",\n                    {\n                      \"or\": [\n                        \"LFx\"\n                      ]\n                    },\n                    {\n                      \"and\": [\n                        {\n                          \"or\": []\n                        },\n                        {\n                          \"or\": [\n                            {\n                              \"pattern\": \"LIQ0\",\n                              \"exclude\": [\n                                \"SCS9T\",\n                                \"LSP510D\",\n                                \"SJZ47A\",\n                                \"PS672\",\n                                \"PNCx9\"\n                              ],\n                              \"info\": \"M]4'Nu:,w\"\n                            },\n                            \"ILS*745C\",\n                            \"FTFxZ\"\n                          ]\n                        },\n                        \"XR9*83T\"\n                      ]\n                    }\n                  ]\n                }\n              ]\n            },\n            \"`g,xu3pK\": {\n              \"name\": \"U;\",\n              \"ay\": 1973,\n              \"assign\": [\n                \"C-X}pK\"\n              ],\n              \"match\": \"HY610\",\n              \"satisfy\": \"\",\n              \"url\": \"http://i0jerlq.j1qa6m7rpfwxstasxq64s2gik2fu8f0dn.gbv8i9z.hqsiic/%DE%A4xG&/ghXYF4/%F3%90%99%8A/l(~//%F0%AD%A9%9EU7/WIRs+s&U/TkPQ(%F1%9D%92%B3n\",\n              \"info\": \"PuhT^\"\n            },\n            \"ZiqaY~Cd\": {\n              \"name\": \"r>L:RjwBU]\",\n              \"ay\": 1993,\n              \"assign\": [],\n              \"match\": {\n                \"pattern\": \"DY2822B\",\n                \"exclude\": \"WPG6\",\n                \"info\": \"hv_G63`Ui{\"\n              },\n              \"satisfy\": {\n                \"mc\": \"<=19\"\n              },\n              \"url\": \"http://rzk0ab1j6o7c2hj5nd-3p5ss4tupkeninxqtawzvt1o87nqq4p7ot.sfp/=//!;Z5%F0%A5%BB%9AJKHx/ZI_TwA:\",\n              \"info\": \",\"\n            }\n          }\n        },\n        \"PX$\": {\n          \"name\": \"\",\n          \"ay\": 1954,\n          \"assign\": [\n            \"~,VMoBQg7\"\n          ],\n          \"match\": {\n            \"pattern\": \"MY6x\",\n            \"exclude\": [\n              \"WF4070Y\",\n              \"QJ9733\",\n              \"IK2x1Q\",\n              \"EQ59\"\n            ],\n            \"info\": \"!2FHvy8L|s\"\n          },\n          \"url\": \"http://s9cb7wrfdc5a8ff.8xjuozop-kf9auhgae8xf2kpmdhbidt-vrizl-j8g4gwbr.4.ffuldw\",\n          \"info\": \"Hpq2\"\n        }\n      },\n      \"|(@Clz]\": {\n        \"name\": \" m\",\n        \"assign\": [\n          \"\",\n          \"(~c\\\\5r2\"\n        ],\n        \"match\": {\n          \"pattern\": \"CHO*79\",\n          \"exclude\": [],\n          \"info\": \"!~P] aO\"\n        },\n        \"satisfy\": [\n          {\n            \"mc\": \"<=185\"\n          },\n          \"S>p9ZO9F[\",\n          {\n            \"or\": [\n              {\n                \"mc\": \"<=129\"\n              },\n              \"5bYz=yx\"\n            ]\n          }\n        ],\n        \"info\": \"Zs~\"\n      }\n    }\n  },\n  {\n    \"title\": \"block sample 9\",\n    \"value\": {\n      \"name\": \"\",\n      \"match\": [\n        {\n          \"or\": []\n        },\n        {\n          \"and\": [\n            {\n              \"or\": [\n                {\n                  \"and\": [\n                    {\n                      \"or\": [\n                        \"ZB8858\"\n                      ]\n                    },\n                    \"YZ5685F\"\n                  ]\n                },\n                \"UH0\",\n                {\n                  \"and\": [\n                    {\n                      \"pattern\": \"BO3*\",\n                      \"exclude\": [],\n                      \"info\": \"j^=5(A>\\\\\"\n                    }\n                  ]\n                },\n                {\n                  \"or\": [\n                    {\n                      \"pattern\": \"EXR12\",\n                      \"exclude\": [\n                        \"OBD7Y\",\n                        \"GM1983H\",\n                        \"ZF485\"\n                      ],\n                      \"info\": \"\"\n                    },\n                    {\n                      \"and\": [\n                        {\n                          \"pattern\": \"XC27B\",\n                          \"exclude\": \"UE61E\",\n                          \"info\": \"+F\"\n                        },\n                        \"IYG912C\"\n                      ]\n                    },\n                    \"OD92\",\n                    \"ZHZ5\",\n                    \"ERX50N\"\n                  ]\n                }\n              ]\n            },\n            {\n              \"and\": [\n                {\n                  \"pattern\": \"SPB077L\",\n                  \"exclude\": [\n                    \"PK7\",\n                    \"CI845U\",\n                    \"DVO6H\",\n                    \"YLW*61\"\n                  ],\n                  \"info\": \"l\"\n                },\n                {\n                  \"or\": [\n                    \"EM262\"\n                  ]\n                },\n                {\n                  \"and\": [\n                    {\n                      \"and\": [\n                        \"YMK1235\"\n                      ]\n                    },\n                    {\n                      \"pattern\": \"VV8392\",\n                      \"info\": \"=&)tXdPc\"\n                    },\n                    \"BF62xU\"\n                  ]\n                }\n              ]\n            },\n            {\n              \"or\": [\n                {\n                  \"and\": [\n                    {\n                      \"pattern\": \"GZ1O\",\n                      \"exclude\": \"XHP4G\"\n                    },\n                    \"OYE5093\",\n                    {\n                      \"or\": [\n                        \"CSR2\",\n                        {\n                          \"or\": [\n                            \"YU9239\",\n                            \"OUAx25*\",\n                            \"THx0Q\",\n                            \"NNN7L\",\n                            \"IB*x\"\n                          ]\n                        },\n                        {\n                          \"and\": [\n                            \"CPL1915L\"\n                          ]\n                        }\n                      ]\n                    },\n                    \"DBE1213J\",\n                    {\n                      \"pattern\": \"DXY7\",\n                      \"info\": \"mOsB$*B\"\n                    }\n                  ]\n                },\n                {\n                  \"and\": [\n                    \"GEP7D\"\n                  ]\n                },\n                {\n                  \"and\": [\n                    \"HKB1Y\",\n                    \"LW1\",\n                    \"LA60\"\n                  ]\n                },\n                {\n                  \"pattern\": \"VD16Y\",\n                  \"exclude\": \"VND7J\",\n                  \"info\": \"6\"\n                }\n              ]\n            },\n            \"HFC124Y\"\n          ]\n        },\n        {\n          \"pattern\": \"TV0102\",\n          \"exclude\": \"KCP5V\",\n          \"info\": \"RKHti]q$\"\n        },\n        {\n          \"or\": []\n        }\n      ],\n      \"satisfy\": [\n        {\n          \"or\": [\n            {\n              \"or\": [\n                \"?'X2}k\",\n                \"4|A0&Ri,7\",\n                {\n                  \"and\": [\n                    {\n                      \"or\": [\n                        {\n                          \"or\": [\n                            \"[z\",\n                            {\n                              \"or\": []\n                            },\n                            {\n                              \"or\": [\n                                \"_;g)!,YEv\",\n                                \"I\"\n                              ]\n                            }\n                          ]\n                        },\n                        \"qsjx _\",\n                        {\n                          \"mc\": \">=16\"\n                        }\n                      ]\n                    },\n                    \"NWSOG|fIf\"\n                  ]\n                },\n                \"W>y\"\n              ]\n            }\n          ]\n        },\n        {\n          \"and\": [\n            {\n              \"or\": [\n                \"?zq&\",\n                \"j_rF/Kx\",\n                {\n                  \"mc\": \">=51\"\n                }\n              ]\n            },\n            \"A7#sg9W.d%\",\n            {\n              \"mc\": \">=172\"\n            },\n            {\n              \"mc\": \"<=131\"\n            }\n          ]\n        },\n        {\n          \"and\": [\n            \"\\\"m1n8lb+j\",\n            \"v`]|+x2PPw\"\n          ]\n        },\n        \"|;O\",\n        {\n          \"and\": []\n        }\n      ],\n      \"url\": \"https://vx2u7m-et9yz0mcxurqopd4mgkdkqbwmz02jhczzigdn00fg9e.xj2py8dp2vvwhirec0ehmo.fveezwye/wmE//pF=5SRr!b%F3%BA%A3%8F/V2OH2%F3%89%8D%B5/AIIkcp/%F2%99%A3%A3Z/n\",\n      \"info\": \"whEZ#i\"\n    }\n  }\n]",
              "code": "fast_check_1.sample(index_test_2.block, 10).forEach((sample, i) => addContext_1.default(this, {\n    title: `block sample ${i}`,\n    value: sample,\n}));\nreturn fast_check_1.assert(fast_check_1.property(index_test_2.block, ajvValidate));",
              "err": {},
              "uuid": "6a8c5d24-b566-4618-928f-06810acee577",
              "parentUUID": "26adce7f-5fa1-4d39-a0d0-d36c026f69eb",
              "isHook": false,
              "skipped": false
            },
            {
              "title": "should not validate non-object",
              "fullTitle": "blockSchema should not validate non-object",
              "timedOut": false,
              "duration": 1,
              "state": "passed",
              "speed": "fast",
              "pass": true,
              "fail": false,
              "pending": false,
              "context": null,
              "code": "const error = {\n    instancePath: \"\",\n    message: \"block should be an object\",\n};\nisInvalidBlock(null, error);\nisInvalidBlock(undefined, error);\nisInvalidBlock(10, error);\nisInvalidBlock([12, 24], error);\nisInvalidBlock(\"abc\", error);",
              "err": {},
              "uuid": "17e939b1-d769-4516-a0f5-1a9bf2eb1b60",
              "parentUUID": "26adce7f-5fa1-4d39-a0d0-d36c026f69eb",
              "isHook": false,
              "skipped": false
            },
            {
              "title": "should not validate block with invalid properties",
              "fullTitle": "blockSchema should not validate block with invalid properties",
              "timedOut": false,
              "duration": 0,
              "state": "passed",
              "speed": "fast",
              "pass": true,
              "fail": false,
              "pending": false,
              "context": null,
              "code": "isInvalidBlock({\n        name: { foo: \"bar\" },\n        ay: -1000,\n        assign: {},\n        match: 1,\n        satisfy: 2,\n        url: { abc: \"def\" },\n        info: 42,\n    }, { instancePath: \"/name\", message: \"property 'name' should be a string\" }, {\n        instancePath: \"/ay\",\n        message: \"property 'ay' should be a positive integer\",\n    }, {\n        instancePath: \"/assign\",\n        message: \"property 'assign' should be either a block ID or an array of block IDs\",\n    }, {\n        instancePath: \"/match\",\n        message: \"property 'match' should be either a match rule or an array of match rules\",\n    }, {\n        instancePath: \"/satisfy\",\n        message: \"property 'satisfy' should be either a satisfy rule or an array of satisfy rules\",\n    }, { instancePath: \"/url\", message: \"property 'url' should be a string\" }, { instancePath: \"/info\", message: \"property 'info' should be a string\" })",
              "err": {},
              "uuid": "f233ee5b-04b5-422d-bb50-d464f1102aeb",
              "parentUUID": "26adce7f-5fa1-4d39-a0d0-d36c026f69eb",
              "isHook": false,
              "skipped": false
            }
          ],
          "suites": [],
          "passes": [
            "6a8c5d24-b566-4618-928f-06810acee577",
            "17e939b1-d769-4516-a0f5-1a9bf2eb1b60",
            "f233ee5b-04b5-422d-bb50-d464f1102aeb"
          ],
          "failures": [],
          "pending": [],
          "skipped": [],
          "duration": 176,
          "root": false,
          "rootEmpty": false,
          "_timeout": 2000
        },
        {
          "uuid": "4e591a85-8c90-48a0-8edb-84985d08536b",
          "title": "patternSchema",
          "fullFile": "/home/runner/work/planwithus-lib/planwithus-lib/src/matchRule/pattern/schemas.test.ts",
          "file": "/src/matchRule/pattern/schemas.test.ts",
          "beforeHooks": [],
          "afterHooks": [],
          "tests": [
            {
              "title": "should validate non-empty pattern composed of A-Z, 0-9, x or *",
              "fullTitle": "patternSchema should validate non-empty pattern composed of A-Z, 0-9, x or *",
              "timedOut": false,
              "duration": 1,
              "state": "passed",
              "speed": "fast",
              "pass": true,
              "fail": false,
              "pending": false,
              "context": "[\n  {\n    \"title\": \"pattern sample 0\",\n    \"value\": \"UYK72\"\n  },\n  {\n    \"title\": \"pattern sample 1\",\n    \"value\": \"WWN4\"\n  },\n  {\n    \"title\": \"pattern sample 2\",\n    \"value\": \"XT748\"\n  },\n  {\n    \"title\": \"pattern sample 3\",\n    \"value\": \"LHN4*\"\n  },\n  {\n    \"title\": \"pattern sample 4\",\n    \"value\": \"KJ8\"\n  },\n  {\n    \"title\": \"pattern sample 5\",\n    \"value\": \"PJM*\"\n  },\n  {\n    \"title\": \"pattern sample 6\",\n    \"value\": \"HOO4\"\n  },\n  {\n    \"title\": \"pattern sample 7\",\n    \"value\": \"QE643L\"\n  },\n  {\n    \"title\": \"pattern sample 8\",\n    \"value\": \"HJ214R\"\n  },\n  {\n    \"title\": \"pattern sample 9\",\n    \"value\": \"QMC62x7K\"\n  }\n]",
              "code": "fast_check_1.sample(index_test_2.pattern, 10).forEach((sample, i) => addContext_1.default(this, {\n    title: `pattern sample ${i}`,\n    value: sample,\n}));\nreturn fast_check_1.assert(fast_check_1.property(index_test_2.pattern, ajvValidate), {\n    examples: [[\"*\"], [\"ACC1002\"], [\"IS1103\"], [\"CS1231S\"], [\"MA1102R\"]],\n});",
              "err": {},
              "uuid": "9f3666d7-6001-486c-98c3-025f071e0ab9",
              "parentUUID": "4e591a85-8c90-48a0-8edb-84985d08536b",
              "isHook": false,
              "skipped": false
            },
            {
              "title": "should not validate empty pattern",
              "fullTitle": "patternSchema should not validate empty pattern",
              "timedOut": false,
              "duration": 0,
              "state": "passed",
              "speed": "fast",
              "pass": true,
              "fail": false,
              "pending": false,
              "context": null,
              "code": "isInvalidPattern(\"\")",
              "err": {},
              "uuid": "35ab35ef-5e9e-4768-ae48-b7edd420c42c",
              "parentUUID": "4e591a85-8c90-48a0-8edb-84985d08536b",
              "isHook": false,
              "skipped": false
            },
            {
              "title": "should not validate pattern with invalid characters",
              "fullTitle": "patternSchema should not validate pattern with invalid characters",
              "timedOut": false,
              "duration": 1,
              "state": "passed",
              "speed": "fast",
              "pass": true,
              "fail": false,
              "pending": false,
              "context": null,
              "code": "[\"AB123a\", \"Ac123a\", \"AB123^S\", \"AB1*3^S\", \"$A1*3^S\", \"/A1x33S\"].forEach(isInvalidPattern)",
              "err": {},
              "uuid": "efd267bf-4d91-47b9-ac9a-c6f392e18a93",
              "parentUUID": "4e591a85-8c90-48a0-8edb-84985d08536b",
              "isHook": false,
              "skipped": false
            }
          ],
          "suites": [],
          "passes": [
            "9f3666d7-6001-486c-98c3-025f071e0ab9",
            "35ab35ef-5e9e-4768-ae48-b7edd420c42c",
            "efd267bf-4d91-47b9-ac9a-c6f392e18a93"
          ],
          "failures": [],
          "pending": [],
          "skipped": [],
          "duration": 2,
          "root": false,
          "rootEmpty": false,
          "_timeout": 2000
        },
        {
          "uuid": "4e084267-dc0d-40b2-9f0c-7db0936d2cd8",
          "title": "matchRuleSchema",
          "fullFile": "/home/runner/work/planwithus-lib/planwithus-lib/src/matchRule/schemas.test.ts",
          "file": "/src/matchRule/schemas.test.ts",
          "beforeHooks": [],
          "afterHooks": [],
          "tests": [
            {
              "title": "should validate match rule with valid pattern",
              "fullTitle": "matchRuleSchema should validate match rule with valid pattern",
              "timedOut": false,
              "duration": 1,
              "state": "passed",
              "speed": "fast",
              "pass": true,
              "fail": false,
              "pending": false,
              "context": "[\n  {\n    \"title\": \"pattern sample 0\",\n    \"value\": \"RKN7Q\"\n  },\n  {\n    \"title\": \"pattern sample 1\",\n    \"value\": \"FF9205\"\n  },\n  {\n    \"title\": \"pattern sample 2\",\n    \"value\": \"JPP245K\"\n  },\n  {\n    \"title\": \"pattern sample 3\",\n    \"value\": \"SWW8\"\n  },\n  {\n    \"title\": \"pattern sample 4\",\n    \"value\": \"OZS*\"\n  },\n  {\n    \"title\": \"pattern sample 5\",\n    \"value\": \"RO8*\"\n  },\n  {\n    \"title\": \"pattern sample 6\",\n    \"value\": \"EYR1L\"\n  },\n  {\n    \"title\": \"pattern sample 7\",\n    \"value\": \"CM8x67\"\n  },\n  {\n    \"title\": \"pattern sample 8\",\n    \"value\": \"BEx1\"\n  },\n  {\n    \"title\": \"pattern sample 9\",\n    \"value\": \"AMM2J\"\n  }\n]",
              "code": "fast_check_1.sample(index_test_3.pattern, 10).forEach((sample, i) => addContext_1.default(this, {\n    title: `pattern sample ${i}`,\n    value: sample,\n}));\nreturn fast_check_1.assert(fast_check_1.property(index_test_3.pattern, ajvValidate));",
              "err": {},
              "uuid": "63e13bd2-f152-4e77-b698-85117a6d150e",
              "parentUUID": "4e084267-dc0d-40b2-9f0c-7db0936d2cd8",
              "isHook": false,
              "skipped": false
            },
            {
              "title": "should validate match rules with valid pattern, exclude and info",
              "fullTitle": "matchRuleSchema should validate match rules with valid pattern, exclude and info",
              "timedOut": false,
              "duration": 2,
              "state": "passed",
              "speed": "fast",
              "pass": true,
              "fail": false,
              "pending": false,
              "context": "[\n  {\n    \"title\": \"patternMatchRule sample 0\",\n    \"value\": {\n      \"pattern\": \"PZ47*9T\",\n      \"exclude\": \"PS791B\",\n      \"info\": \"!b\"\n    }\n  },\n  {\n    \"title\": \"patternMatchRule sample 1\",\n    \"value\": {\n      \"pattern\": \"DI7*02G\",\n      \"exclude\": \"TP54\",\n      \"info\": \"\\\":}Q:s.*>\"\n    }\n  },\n  {\n    \"title\": \"patternMatchRule sample 2\",\n    \"value\": {\n      \"pattern\": \"XGS761H\",\n      \"exclude\": \"GT**R\",\n      \"info\": \",M^\"\n    }\n  },\n  {\n    \"title\": \"patternMatchRule sample 3\",\n    \"value\": {\n      \"pattern\": \"DO4662\",\n      \"exclude\": [\n        \"US249*Q\",\n        \"EUxL\",\n        \"EA23\",\n        \"CF7\",\n        \"HX31x*\"\n      ]\n    }\n  },\n  {\n    \"title\": \"patternMatchRule sample 4\",\n    \"value\": {\n      \"pattern\": \"QB0P\",\n      \"exclude\": [\n        \"TSI89*\"\n      ]\n    }\n  },\n  {\n    \"title\": \"patternMatchRule sample 5\",\n    \"value\": {\n      \"pattern\": \"WOxI\",\n      \"exclude\": [],\n      \"info\": \"W\"\n    }\n  },\n  {\n    \"title\": \"patternMatchRule sample 6\",\n    \"value\": {\n      \"pattern\": \"NVx4R\",\n      \"exclude\": [\n        \"EGEx*x\",\n        \"XA73*0N\",\n        \"LO71xU\"\n      ],\n      \"info\": \"!&Q}Y \"\n    }\n  },\n  {\n    \"title\": \"patternMatchRule sample 7\",\n    \"value\": {\n      \"pattern\": \"UW1\",\n      \"exclude\": \"YR7X\"\n    }\n  },\n  {\n    \"title\": \"patternMatchRule sample 8\",\n    \"value\": {\n      \"pattern\": \"AWx*M\",\n      \"exclude\": []\n    }\n  },\n  {\n    \"title\": \"patternMatchRule sample 9\",\n    \"value\": {\n      \"pattern\": \"TVA34\",\n      \"exclude\": [\n        \"II452K\",\n        \"LQ3877\",\n        \"VTM70\",\n        \"QZC7174K\"\n      ],\n      \"info\": \"|tl;1z\"\n    }\n  }\n]",
              "code": "fast_check_1.sample(index_test_2.patternMatchRule, 10).forEach((sample, i) => addContext_1.default(this, {\n    title: `patternMatchRule sample ${i}`,\n    value: sample,\n}));\nreturn fast_check_1.assert(fast_check_1.property(index_test_2.patternMatchRule, ajvValidate));",
              "err": {},
              "uuid": "6c83b199-b4ec-4eae-a37c-4c0d0f7e73e4",
              "parentUUID": "4e084267-dc0d-40b2-9f0c-7db0936d2cd8",
              "isHook": false,
              "skipped": false
            },
            {
              "title": "should validate valid recursive match rules",
              "fullTitle": "matchRuleSchema should validate valid recursive match rules",
              "timedOut": false,
              "duration": 7,
              "state": "passed",
              "speed": "fast",
              "pass": true,
              "fail": false,
              "pending": false,
              "context": "[\n  {\n    \"title\": \"matchRule sample 0\",\n    \"value\": {\n      \"or\": [\n        {\n          \"or\": [\n            {\n              \"pattern\": \"MO2186W\",\n              \"exclude\": [\n                \"YJ59*\",\n                \"LX2J\",\n                \"MZB*1\",\n                \"KV15\"\n              ],\n              \"info\": \"\"\n            },\n            \"YF4964\"\n          ]\n        }\n      ]\n    }\n  },\n  {\n    \"title\": \"matchRule sample 1\",\n    \"value\": \"RO9441\"\n  },\n  {\n    \"title\": \"matchRule sample 2\",\n    \"value\": {\n      \"and\": []\n    }\n  },\n  {\n    \"title\": \"matchRule sample 3\",\n    \"value\": {\n      \"and\": [\n        {\n          \"or\": [\n            \"ZQG5xD\",\n            \"JWF4039\",\n            \"EG8\"\n          ]\n        },\n        {\n          \"or\": [\n            \"DJExJ\"\n          ]\n        }\n      ]\n    }\n  },\n  {\n    \"title\": \"matchRule sample 4\",\n    \"value\": \"XL7T\"\n  },\n  {\n    \"title\": \"matchRule sample 5\",\n    \"value\": {\n      \"and\": [\n        \"QH1xZ\",\n        {\n          \"pattern\": \"QP7\",\n          \"exclude\": [\n            \"KR622\",\n            \"XZ1313N\",\n            \"JX3\",\n            \"TIK9E\",\n            \"LC15\"\n          ],\n          \"info\": \"u\"\n        },\n        {\n          \"pattern\": \"AIJ3\",\n          \"exclude\": \"PT35x6\",\n          \"info\": \"%;[0`~rmF\"\n        },\n        {\n          \"or\": [\n            \"URJx1C\"\n          ]\n        }\n      ]\n    }\n  },\n  {\n    \"title\": \"matchRule sample 6\",\n    \"value\": \"HZ8xX\"\n  },\n  {\n    \"title\": \"matchRule sample 7\",\n    \"value\": {\n      \"or\": [\n        {\n          \"pattern\": \"RA44B\",\n          \"exclude\": [\n            \"LS9173\",\n            \"MI*5\"\n          ],\n          \"info\": \"\"\n        },\n        \"PFRx7\",\n        \"OHW987\",\n        {\n          \"and\": [\n            \"HEZ9D\",\n            
[...]
              "code": "const message = \"property 'info' should be a string\";\nisInvalidRule({ pattern: \"CS2101\", info: 42 }, { instancePath: \"/info\", message });",
              "err": {},
              "uuid": "c04c2f1c-6f8d-405a-9e31-637982bc71f7",
              "parentUUID": "4e084267-dc0d-40b2-9f0c-7db0936d2cd8",
              "isHook": false,
              "skipped": false
            },
            {
              "title": "should not validate and match rules with non-array property",
              "fullTitle": "matchRuleSchema should not validate and match rules with non-array property",
              "timedOut": false,
              "duration": 0,
              "state": "passed",
              "speed": "fast",
              "pass": true,
              "fail": false,
              "pending": false,
              "context": null,
              "code": "const message = \"property 'and' should be an array of match rules\";\nisInvalidRule({ or: [{ and: {} }, { or: [{ and: 3 }] }] }, { instancePath: \"/or/0/and\", message }, { instancePath: \"/or/1/or/0/and\", message });",
              "err": {},
              "uuid": "b378e451-3cf7-4f77-a68b-4365562fa142",
              "parentUUID": "4e084267-dc0d-40b2-9f0c-7db0936d2cd8",
              "isHook": false,
              "skipped": false
            },
            {
              "title": "should not validate or match rules with non-array property",
              "fullTitle": "matchRuleSchema should not validate or match rules with non-array property",
              "timedOut": false,
              "duration": 1,
              "state": "passed",
              "speed": "fast",
              "pass": true,
              "fail": false,
              "pending": false,
              "context": null,
              "code": "const message = \"property 'or' should be an array of match rules\";\nisInvalidRule({ or: [{ or: {} }, { and: [{ or: 3 }] }] }, { instancePath: \"/or/0/or\", message }, { instancePath: \"/or/1/and/0/or\", message });",
              "err": {},
              "uuid": "d734a85e-c5a6-4bfb-b748-f01be7568e7b",
              "parentUUID": "4e084267-dc0d-40b2-9f0c-7db0936d2cd8",
              "isHook": false,
              "skipped": false
            }
          ],
          "suites": [],
          "passes": [
            "63e13bd2-f152-4e77-b698-85117a6d150e",
            "6c83b199-b4ec-4eae-a37c-4c0d0f7e73e4",
            "ca2fc173-a862-4664-b1de-e3fbe078ed96",
            "359ae825-70b3-471e-82fc-891710eede82",
            "12f39eb0-7f55-490f-b7b1-eee17568eac4",
            "487636a3-8a6a-458f-a3a6-f9105650484c",
            "5075032c-ed3d-457e-94c3-e46ecd4668f8",
            "a49fc976-8b44-4932-b3e9-b662f0c25a78",
            "c04c2f1c-6f8d-405a-9e31-637982bc71f7",
            "b378e451-3cf7-4f77-a68b-4365562fa142",
            "d734a85e-c5a6-4bfb-b748-f01be7568e7b"
          ],
          "failures": [],
          "pending": [],
          "skipped": [],
          "duration": 14,
          "root": false,
          "rootEmpty": false,
          "_timeout": 2000
        },
        {
          "uuid": "d57ed0a1-99c7-45c4-b468-d40ef53c2b67",
          "title": "inequalitySchema",
          "fullFile": "/home/runner/work/planwithus-lib/planwithus-lib/src/satisfyRule/inequality/schemas.test.ts",
          "file": "/src/satisfyRule/inequality/schemas.test.ts",
          "beforeHooks": [],
          "afterHooks": [],
          "tests": [
            {
              "title": "should validate inequality in the form <=n or >=n",
              "fullTitle": "inequalitySchema should validate inequality in the form <=n or >=n",
              "timedOut": false,
              "duration": 1,
              "state": "passed",
              "speed": "fast",
              "pass": true,
              "fail": false,
              "pending": false,
              "context": "[\n  {\n    \"title\": \"inequality sample 0\",\n    \"value\": \"<=199\"\n  },\n  {\n    \"title\": \"inequality sample 1\",\n    \"value\": \">=194\"\n  },\n  {\n    \"title\": \"inequality sample 2\",\n    \"value\": \"<=1\"\n  },\n  {\n    \"title\": \"inequality sample 3\",\n    \"value\": \"<=147\"\n  },\n  {\n    \"title\": \"inequality sample 4\",\n    \"value\": \"<=89\"\n  },\n  {\n    \"title\": \"inequality sample 5\",\n    \"value\": \">=130\"\n  },\n  {\n    \"title\": \"inequality sample 6\",\n    \"value\": \"<=187\"\n  },\n  {\n    \"title\": \"inequality sample 7\",\n    \"value\": \"<=4\"\n  },\n  {\n    \"title\": \"inequality sample 8\",\n    \"value\": \">=66\"\n  },\n  {\n    \"title\": \"inequality sample 9\",\n    \"value\": \"<=15\"\n  }\n]",
              "code": "fast_check_1.sample(index_test_2.inequality, 10).forEach((sample, i) => addContext_1.default(this, {\n    title: `inequality sample ${i}`,\n    value: sample,\n}));\nreturn fast_check_1.assert(fast_check_1.property(index_test_2.inequality, ajvValidate));",
              "err": {},
              "uuid": "861f2af7-545f-4cd4-a48e-076ce9802c34",
              "parentUUID": "d57ed0a1-99c7-45c4-b468-d40ef53c2b67",
              "isHook": false,
              "skipped": false
            },
            {
              "title": "should not validate inequality of invalid form",
              "fullTitle": "inequalitySchema should not validate inequality of invalid form",
              "timedOut": false,
              "duration": 1,
              "state": "passed",
              "speed": "fast",
              "pass": true,
              "fail": false,
              "pending": false,
              "context": null,
              "code": "[\n        \"\",\n        \"==23\",\n        \"23\",\n        \"<23\",\n        \">23\",\n        \"<=-1\",\n        \">=-1\",\n        \"<= 2\",\n        \">= 1\",\n        \"> 3\",\n        \"< 3\",\n        \"<=3a\",\n        \">=3a\",\n        \"a<=3\",\n        \"a>=3\",\n    ].forEach(isInvalidInequality)",
              "err": {},
              "uuid": "fe5db655-1809-4051-a52e-1eea236f363e",
              "parentUUID": "d57ed0a1-99c7-45c4-b468-d40ef53c2b67",
              "isHook": false,
              "skipped": false
            }
          ],
          "suites": [],
          "passes": [
            "861f2af7-545f-4cd4-a48e-076ce9802c34",
            "fe5db655-1809-4051-a52e-1eea236f363e"
          ],
          "failures": [],
          "pending": [],
          "skipped": [],
          "duration": 2,
          "root": false,
          "rootEmpty": false,
          "_timeout": 2000
        },
        {
          "uuid": "060faa45-ab5f-4742-9c05-f835ce34b61d",
          "title": "satisfyRuleSchema",
          "fullFile": "/home/runner/work/planwithus-lib/planwithus-lib/src/satisfyRule/schemas.test.ts",
          "file": "/src/satisfyRule/schemas.test.ts",
          "beforeHooks": [],
          "afterHooks": [],
          "tests": [
            {
              "title": "should validate satisfy rule with valid block id",
              "fullTitle": "satisfyRuleSchema should validate satisfy rule with valid block id",
              "timedOut": false,
              "duration": 1,
              "state": "passed",
              "speed": "fast",
              "pass": true,
              "fail": false,
              "pending": false,
              "context": null,
              "code": "fast_check_1.assert(fast_check_1.property(fast_check_1.string(), ajvValidate)",
              "err": {},
              "uuid": "ac260ed3-f11d-4ec6-9369-d57128e08eab",
              "parentUUID": "060faa45-ab5f-4742-9c05-f835ce34b61d",
              "isHook": false,
              "skipped": false
            },
            {
              "title": "should validate satisfy rules with valid mc",
              "fullTitle": "satisfyRuleSchema should validate satisfy rules with valid mc",
              "timedOut": false,
              "duration": 1,
              "state": "passed",
              "speed": "fast",
              "pass": true,
              "fail": false,
              "pending": false,
              "context": "[\n  {\n    \"title\": \"mcSatisfyRule sample 0\",\n    \"value\": {\n      \"mc\": \">=150\"\n    }\n  },\n  {\n    \"title\": \"mcSatisfyRule sample 1\",\n    \"value\": {\n      \"mc\": \">=6\"\n    }\n  },\n  {\n    \"title\": \"mcSatisfyRule sample 2\",\n    \"value\": {\n      \"mc\": \"<=192\"\n    }\n  },\n  {\n    \"title\": \"mcSatisfyRule sample 3\",\n    \"value\": {\n      \"mc\": \"<=18\"\n    }\n  },\n  {\n    \"title\": \"mcSatisfyRule sample 4\",\n    \"value\": {\n      \"mc\": \">=89\"\n    }\n  },\n  {\n    \"title\": \"mcSatisfyRule sample 5\",\n    \"value\": {\n      \"mc\": \">=1\"\n    }\n  },\n  {\n    \"title\": \"mcSatisfyRule sample 6\",\n    \"value\": {\n      \"mc\": \">=199\"\n    }\n  },\n  {\n    \"title\": \"mcSatisfyRule sample 7\",\n    \"value\": {\n      \"mc\": \"<=2\"\n    }\n  },\n  {\n    \"title\": \"mcSatisfyRule sample 8\",\n    \"value\": {\n      \"mc\": \">=12\"\n    }\n  },\n  {\n    \"title\": \"mcSatisfyRule sample 9\",\n    \"value\": {\n      \"mc\": \"<=68\"\n    }\n  }\n]",
              "code": "fast_check_1.sample(index_test_2.mcSatisfyRule, 10).forEach((sample, i) => addContext_1.default(this, {\n    title: `mcSatisfyRule sample ${i}`,\n    value: sample,\n}));\nreturn fast_check_1.assert(fast_check_1.property(index_test_2.mcSatisfyRule, ajvValidate));",
              "err": {},
              "uuid": "113a5ca8-1eef-4084-bb22-3351a18ff42b",
              "parentUUID": "060faa45-ab5f-4742-9c05-f835ce34b61d",
              "isHook": false,
              "skipped": false
            },
            {
              "title": "should validate valid recursive satisfy rules",
              "fullTitle": "satisfyRuleSchema should validate valid recursive satisfy rules",
              "timedOut": false,
              "duration": 3,
              "state": "passed",
              "speed": "fast",
              "pass": true,
              "fail": false,
              "pending": false,
              "context": "[\n  {\n    \"title\": \"satisfyRule sample 0\",\n    \"value\": {\n      \"and\": []\n    }\n  },\n  {\n    \"title\": \"satisfyRule sample 1\",\n    \"value\": {\n      \"or\": [\n        {\n          \"or\": [\n            {\n              \"and\": [\n                {\n                  \"or\": [\n                    \"aj!$f=m\",\n                    \"p[*\"\n                  ]\n                },\n                {\n                  \"and\": [\n                    \"9(`Lm\",\n                    \"%iawU1=aF\"\n                  ]\n                },\n                \"IZqdAr\"\n              ]\n            },\n            {\n              \"or\": [\n                {\n                  \"and\": [\n                    {\n                      \"and\": [\n                        \"xqX0uCncj\",\n                        \"\",\n                        \",\"\n                      ]\n                    },\n                    \"p\",\n                    \"J\"\n                  ]\n                },\n                \"/[>:^\\\\2k\",\n                \")|toNl#AV\"\n              ]\n            },\n            {\n              \"mc\": \"<=18\"\n            },\n            {\n              \"or\": [\n                \"~n9h_S\",\n                \"\\\"=12N'A\"\n              ]\n            }\n          ]\n        },\n        {\n          \"and\": [\n            {\n              \"and\": [\n                {\n                  \"or\": [\n                    {\n                      \"mc\": \"<=79\"\n                    },\n                    \"9\",\n                    \"bh\"\n                  ]\n                },\n                \"P'%V\\\"\",\n                {\n                  \"or\": [\n                    \"\",\n                    \"y&K[.<[1G\"\n                  ]\n                },\n                {\n                  \"or\": []\n                },\n                {\n                  \"and\": [\n                    {\n                      \"mc\": \">=183\"\n                    },\n                    \"(?[v$#|Y\",\n                    \"BO\"\n                  ]\n                }\n              ]\n            }\n          ]\n        }\n      ]\n    }\n  },\n  {\n    \"title\": \"satisfyRule sample 2\",\n    \"value\": {\n      \"and\": [\n        {\n          \"mc\": \">=23\"\n        },\n        \"r3'9jM/>v\"\n      ]\n    }\n  },\n  {\n    \"title\": \"satisfyRule sample 3\",\n    \"value\": \"U=p\"\n  },\n  {\n    \"title\": \"satisfyRule sample 4\",\n    \"value\": {\n      \"or\": [\n        \"\"\n      ]\n    }\n  },\n  {\n    \"title\": \"satisfyRule sample 5\",\n    \"value\": {\n      \"and\": []\n    }\n  },\n  {\n    \"title\": \"satisfyRule sample 6\",\n    \"value\": \"yT\"\n  },\n  {\n    \"title\": \"satisfyRule sample 7\",\n    \"value\": \"N\"\n  },\n  {\n    \"title\": \"satisfyRule sample 8\",\n    \"value\": {\n      \"or\": [\n        {\n          \"mc\": \"<=69\"\n        },\n        {\n          \"mc\": \"<=93\"\n        }\n      ]\n    }\n  },\n  {\n    \"title\": \"satisfyRule sample 9\",\n    \"value\": \"+sV\\\\F\"\n  }\n]",
              "code": "fast_check_1.sample(index_test_2.satisfyRule, 10).forEach((sample, i) => addContext_1.default(this, {\n    title: `satisfyRule sample ${i}`,\n    value: sample,\n}));\nreturn fast_check_1.assert(fast_check_1.property(index_test_2.satisfyRule, ajvValidate));",
              "err": {},
              "uuid": "151d4056-cc1a-4abb-a6d6-3bca134a82a9",
              "parentUUID": "060faa45-ab5f-4742-9c05-f835ce34b61d",
              "isHook": false,
              "skipped": false
            },
            {
              "title": "should not validate non-string/object",
              "fullTitle": "satisfyRuleSchema should not validate non-string/object",
              "timedOut": false,
              "duration": 0,
              "state": "passed",
              "speed": "fast",
              "pass": true,
              "fail": false,
              "pending": false,
              "context": null,
              "code": "const error = {\n    instancePath: \"\",\n    message: \"satisfy rule should be either a string or an object\",\n};\nisInvalidRule(null, error);\nisInvalidRule(undefined, error);\nisInvalidRule(10, error);\nisInvalidRule([12, 24], error);",
              "err": {},
              "uuid": "9749005a-6a8e-44ab-bc5a-999e74b60b44",
              "parentUUID": "060faa45-ab5f-4742-9c05-f835ce34b61d",
              "isHook": false,
              "skipped": false
            },
            {
              "title": "should not validate satisfy rules with extra properties",
              "fullTitle": "satisfyRuleSchema should not validate satisfy rules with extra properties",
              "timedOut": false,
              "duration": 1,
              "state": "passed",
              "speed": "fast",
              "pass": true,
              "fail": false,
              "pending": false,
              "context": null,
              "code": "isInvalidRule({\n        and: [\n            { or: [\"2k\"], abc: \"def\" },\n            { mc: 8, ghi: \"jkl\" },\n        ],\n        mno: \"pqr\",\n    }, {\n        instancePath: \"/and/0\",\n        message: \"or satisfy rule should have property 'or' only\",\n    }, {\n        instancePath: \"/and/1\",\n        message: \"MC satisfy rule should have property 'mc' only\",\n    }, {\n        instancePath: \"\",\n        message: \"and satisfy rule should have property 'and' only\",\n    })",
              "err": {},
              "uuid": "d38af28c-289d-4570-a46e-1866eef97ca8",
              "parentUUID": "060faa45-ab5f-4742-9c05-f835ce34b61d",
              "isHook": false,
              "skipped": false
            },
            {
              "title": "should not validate ambiguous satisfy rules",
              "fullTitle": "satisfyRuleSchema should not validate ambiguous satisfy rules",
              "timedOut": false,
              "duration": 0,
              "state": "passed",
              "speed": "fast",
              "pass": true,
              "fail": false,
              "pending": false,
              "context": null,
              "code": "const message = \"satisfy rule should have only one of properties 'mc', 'and', 'or'\";\nisInvalidRule({\n    or: [\n        { mc: 5, and: [\"CS2040\"] },\n        { and: [{ and: [\"abc\"], or: [\"def\"] }] },\n    ],\n}, { instancePath: \"/or/0\", message }, { instancePath: \"/or/1/and/0\", message });",
              "err": {},
              "uuid": "6393de07-d449-495c-9b69-dfe0d78281aa",
              "parentUUID": "060faa45-ab5f-4742-9c05-f835ce34b61d",
              "isHook": false,
              "skipped": false
            },
            {
              "title": "should not validate and satisfy rules with non-array property",
              "fullTitle": "satisfyRuleSchema should not validate and satisfy rules with non-array property",
              "timedOut": false,
              "duration": 0,
              "state": "passed",
              "speed": "fast",
              "pass": true,
              "fail": false,
              "pending": false,
              "context": null,
              "code": "const message = \"property 'and' should be an array of satisfy rules\";\nisInvalidRule({ or: [{ and: {} }, { or: [{ and: 3 }] }] }, { instancePath: \"/or/0/and\", message }, { instancePath: \"/or/1/or/0/and\", message });",
              "err": {},
              "uuid": "7ad0f1ed-a847-47d0-9af0-af90e2220a77",
              "parentUUID": "060faa45-ab5f-4742-9c05-f835ce34b61d",
              "isHook": false,
              "skipped": false
            },
            {
              "title": "should not validate or satisfy rules with non-array property",
              "fullTitle": "satisfyRuleSchema should not validate or satisfy rules with non-array property",
              "timedOut": false,
              "duration": 1,
              "state": "passed",
              "speed": "fast",
              "pass": true,
              "fail": false,
              "pending": false,
              "context": null,
              "code": "const message = \"property 'or' should be an array of satisfy rules\";\nisInvalidRule({ and: [{ or: {} }, { and: [{ or: 3 }] }] }, { instancePath: \"/and/0/or\", message }, { instancePath: \"/and/1/and/0/or\", message });",
              "err": {},
              "uuid": "4b154223-3299-4ef7-a674-6b148a6f7180",
              "parentUUID": "060faa45-ab5f-4742-9c05-f835ce34b61d",
              "isHook": false,
              "skipped": false
            }
          ],
          "suites": [],
          "passes": [
            "ac260ed3-f11d-4ec6-9369-d57128e08eab",
            "113a5ca8-1eef-4084-bb22-3351a18ff42b",
            "151d4056-cc1a-4abb-a6d6-3bca134a82a9",
            "9749005a-6a8e-44ab-bc5a-999e74b60b44",
            "d38af28c-289d-4570-a46e-1866eef97ca8",
            "6393de07-d449-495c-9b69-dfe0d78281aa",
            "7ad0f1ed-a847-47d0-9af0-af90e2220a77",
            "4b154223-3299-4ef7-a674-6b148a6f7180"
          ],
          "failures": [],
          "pending": [],
          "skipped": [],
          "duration": 7,
          "root": false,
          "rootEmpty": false,
          "_timeout": 2000
        }
      ],
      "passes": [],
      "failures": [],
      "pending": [],
      "skipped": [],
      "duration": 0,
      "root": true,
      "rootEmpty": true,
      "_timeout": 2000
    }
  ],
  "meta": {
    "mocha": {
      "version": "9.0.0"
    },
    "mochawesome": {
      "options": {
        "quiet": false,
        "reportFilename": "mochawesome",
        "saveHtml": true,
        "saveJson": true,
        "consoleReporter": "spec",
        "useInlineDiffs": false,
        "code": true
      },
      "version": "6.2.2"
    },
    "marge": {
      "options": {
        "reportDir": "docs"
      },
      "version": "5.2.0"
    }
  }
}