{
  "stats": {
    "suites": 10,
    "tests": 48,
    "passes": 48,
    "pending": 0,
    "failures": 0,
    "start": "2021-09-14T02:43:48.457Z",
    "end": "2021-09-14T02:43:48.792Z",
    "duration": 335,
    "testsRegistered": 48,
    "passPercent": 100,
    "pendingPercent": 0,
    "other": 0,
    "hasOther": false,
    "skipped": 0,
    "hasSkipped": false
  },
  "results": [
    {
      "uuid": "18208d5e-5d09-433f-bcc9-cf5b5b38b1ba",
      "title": "",
      "fullFile": "",
      "file": "",
      "beforeHooks": [],
      "afterHooks": [],
      "tests": [],
      "suites": [
        {
          "uuid": "8ab482fb-b717-4190-be0d-3d9fbce56126",
          "title": "initDirectories",
          "fullFile": "/home/runner/work/planwithus-lib/planwithus-lib/src/block/schemas.test.ts",
          "file": "/src/block/schemas.test.ts",
          "beforeHooks": [],
          "afterHooks": [],
          "tests": [
            {
              "title": "should parse all blocks with no errors",
              "fullTitle": "initDirectories should parse all blocks with no errors",
              "timedOut": false,
              "duration": 3,
              "state": "passed",
              "speed": "fast",
              "pass": true,
              "fail": false,
              "pending": false,
              "context": null,
              "code": "_1.initDirectories.should.not.throw()",
              "err": {},
              "uuid": "97753bf4-108a-43ea-bc94-97fd7b446d1b",
              "parentUUID": "8ab482fb-b717-4190-be0d-3d9fbce56126",
              "isHook": false,
              "skipped": false
            },
            {
              "title": "should produce primary, second & minor directories",
              "fullTitle": "initDirectories should produce primary, second & minor directories",
              "timedOut": false,
              "duration": 1,
              "state": "passed",
              "speed": "fast",
              "pass": true,
              "fail": false,
              "pending": false,
              "context": null,
              "code": "const directories = _1.initDirectories();\ndirectories.should.have.property(\"primary\");\ndirectories.should.have.property(\"second\");\ndirectories.should.have.property(\"minor\");",
              "err": {},
              "uuid": "24002374-29e1-466e-9cf4-139617e636eb",
              "parentUUID": "8ab482fb-b717-4190-be0d-3d9fbce56126",
              "isHook": false,
              "skipped": false
            }
          ],
          "suites": [],
          "passes": [
            "97753bf4-108a-43ea-bc94-97fd7b446d1b",
            "24002374-29e1-466e-9cf4-139617e636eb"
          ],
          "failures": [],
          "pending": [],
          "skipped": [],
          "duration": 4,
          "root": false,
          "rootEmpty": false,
          "_timeout": 2000
        },
        {
          "uuid": "f576d7a2-75cb-4594-aea3-5803dbf45580",
          "title": "blockSchema",
          "fullFile": "/home/runner/work/planwithus-lib/planwithus-lib/src/block/schemas.test.ts",
          "file": "/src/block/schemas.test.ts",
          "beforeHooks": [],
          "afterHooks": [],
          "tests": [
            {
              "title": "should validate valid block",
              "fullTitle": "blockSchema should validate valid block",
              "timedOut": false,
              "duration": 181,
              "state": "passed",
              "speed": "slow",
              "pass": true,
              "fail": false,
              "pending": false,
              "context": "[\n  {\n    \"title\": \"block sample 0\",\n    \"value\": {\n      \"name\": \"dm\",\n      \"ay\": 1954,\n      \"assign\": [],\n      \"match\": [],\n      \"satisfy\": [\n        \"_%J\",\n        {\n          \"mc\": \">=13\"\n        },\n        {\n          \"mc\": \">=200\"\n        },\n        {\n          \"and\": [\n            \"!?\"\n          ]\n        }\n      ],\n      \"info\": \"VsB(\"\n    }\n  },\n  {\n    \"title\": \"block sample 1\",\n    \"value\": {\n      \"name\": \"\",\n      \"ay\": 1979,\n      \"assign\": \"\",\n      \"match\": {\n        \"or\": [\n          {\n            \"and\": [\n              \"OCP31*\",\n              \"JJW9G\",\n              \"XE0F\"\n            ]\n          },\n          {\n            \"pattern\": \"RFR4\",\n            \"exclude\": \"GY8736\",\n            \"info\": \"}S,[{Q#\"\n          }\n        ]\n      },\n      \"satisfy\": \"8I%/py%y&\",\n      \"url\": \"http://5-wdefbfdlbjke8cid9a86ezbe6b5ckbz97bl0r064-al-na.sq2v9jzsgcwwofk9chtjn49vwqeb92zk3ii4acl2van5.mnsphath/yG/o/ML4Aq5*C/2%F3%A9%A1%A3&E%F3%8E%8C%B2/9/r7G%F0%AC%8C%980z/9v%E9%92%86\",\n      \"info\": \"P\",\n      \"isSelectable\": true,\n      \"\": {\n        \"assign\": \"\",\n        \"match\": {\n          \"or\": [\n            \"FEE409G\",\n            \"MRA8517\"\n          ]\n        },\n        \"satisfy\": \"sJV1@PK?U\",\n        \"url\": \"https://jrr9ylpds0336yf409lit0o13g7j945alsikfb5xmoyupil4h34ntfllq3ywj-1.yvwdah/d%F4%8F%BF%BBge@kc,&b/fa\",\n        \"info\": \"$:\",\n        \"kKiyV1\": {\n          \"name\": \"&x$y%{\\\"%\",\n          \"ay\": 2025,\n          \"assign\": \"K7z|U\",\n          \"match\": {\n            \"pattern\": \"PF5266\",\n            \"exclude\": \"DW007S\"\n          },\n          \"satisfy\": [],\n          \"info\": \" b\",\n          \"isSelectable\": true\n        },\n        \"O$AzCI9&&!\": {\n          \"ay\": 1993,\n          \"match\": [\n            {\n              \"or\": [\n                {\n                  \"pattern\": \"TC0*1P\",\n                  \"exclude\": \"FB9*31\",\n                  \"info\": \"<8q5lz\"\n                }\n              ]\n            }\n          ],\n          \"url\": \"http://axrw27ccbt7icjoc8wr5cgpfnr9nu53nesq1kmv0vj33l4-v8l.yfsxacqwi/%F1%B9%AC%A6Waucmsa9/%F3%B8%9D%B92C/$'3_L8*44E/0/uK/!%F2%A0%93%81xFF,%F0%B7%AE%BBV)/LQD\",\n          \"info\": \";\",\n          \"isSelectable\": true\n        },\n        \"x5}\": {\n          \"name\": \"{=%|6\\\"\",\n          \"match\": [\n            {\n              \"pattern\": \"GRQ5\",\n              \"exclude\": \"TNM25\",\n              \"info\": \"m\"\n            },\n            {\n              \"or\": []\n            },\n            {\n              \"and\": [\n                \"BL*86*\",\n                \"YAA850X\",\n                {\n                  \"pattern\": \"ZUQx2*O\",\n                  \"info\": \"Rj\"\n                }\n              ]\n            }\n          ],\n          \"satisfy\": [\n            {\n              \"mc\": \"<=69\"\n            },\n            {\n              \"mc\": \">=119\"\n            },\n            {\n              \"mc\": \"<=158\"\n            },\n            {\n              \"or\": [\n                \"\\\"$\",\n                {\n                  \"mc\": \"<=75\"\n                },\n                {\n                  \"and\": []\n                },\n                {\n                  \"mc\": \">=133\"\n                }\n              ]\n            },\n            {\n              \"or\": [\n                {\n                  \"and\": [\n                    {\n                      \"and\": []\n                    },\n                    {\n                      \"or\": [\n                        {\n                          \"and\": []\n                        }\n                      ]\n                    },\n                    \"FbBD)\"\n                  ]\n                },\n                {\n                  \"or\": [\n                    {\n                      \"and\": [\n                        \"6=6V;\",\n                        \"zSeV^X'\",\n                        \"VO5#O*qh\",\n                        {\n                          \"mc\": \">=199\"\n                        },\n                        \"+oUOd`w[C,\"\n                      ]\n                    },\n                    {\n                      \"mc\": \"<=49\"\n                    },\n                    \"o)\",\n                    {\n                      \"or\": [\n                        \"VlLQC\",\n                        \"L&\",\n                        \"x\",\n                        {\n                          \"and\": []\n                        }\n                      ]\n                    },\n                    {\n                      \"mc\": \"<=135\"\n                    }\n                  ]\n                },\n                {\n                  \"mc\": \"<=194\"\n                },\n                {\n                  \"mc\": \">=2\"\n                },\n                \"+W\"\n              ]\n            }\n          ],\n          \"info\": \"y7%\",\n          \"isSelectable\": true\n        }\n      }\n    }\n  },\n  {\n    \"title\": \"block sample 2\",\n    \"value\": {\n      \"name\": \"\",\n      \"assign\": \"{\",\n      \"match\": [\n        {\n          \"and\": [\n            {\n              \"or\": []\n            },\n            {\n              \"and\": [\n                {\n                  \"and\": [\n                    \"MIH22\"\n                  ]\n                },\n                {\n                  \"pattern\": \"AET83*J\",\n                  \"exclude\": [\n                    \"OE819\",\n                    \"YOL0*x\",\n                    \"VR5\"\n                  ],\n                  \"info\": \"8bSRMzif))\"\n                },\n                {\n                  \"pattern\": \"RLC9\",\n                  \"exclude\": [\n                    \"RJV265xR\",\n                    \"JN68L\",\n                    \"WAx15*E\",\n                    \"PJ*\",\n                    \"QTQ046\"\n                  ],\n                  \"info\": \"zaM1vk41&E\"\n                },\n                {\n                  \"or\": [\n                    \"RN14I\",\n                    \"SGWxE\"\n                  ]\n                },\n                \"VBN9F\"\n              ]\n            },\n            {\n              \"or\": [\n                \"GNQ3265N\",\n                \"WRB790\"\n              ]\n            }\n          ]\n        },\n        {\n          \"pattern\": \"UXE881\",\n          \"info\": \"iqIi\"\n        },\n        {\n          \"and\": [\n            \"UX89L\",\n            {\n              \"pattern\": \"SYL943M\",\n              \"exclude\": [\n                \"SI90\",\n                \"DI629\"\n              ],\n              \"info\": \"\\\\21'j[`K\"\n            }\n          ]\n        }\n      ],\n      \"satisfy\": [\n        {\n          \"or\": [\n            {\n              \"or\": [\n                \"IR}~s\",\n                \" &Ht*O.}{G\",\n                {\n                  \"or\": [\n                    \"z5N)>\",\n                    {\n                      \"mc\": \">=178\"\n                    },\n                    \"*e+z&fC)(u\",\n                    \"8^sK5g{rC3\",\n                    \"3-n~oC]\"\n                  ]\n                }\n              ]\n            },\n            {\n              \"mc\": \"<=79\"\n            },\n            {\n              \"mc\": \"<=80\"\n            }\n          ]\n        },\n        {\n          \"and\": [\n            {\n              \"or\": []\n            }\n          ]\n        },\n        {\n          \"mc\": \"<=134\"\n        }\n      ],\n      \"url\": \"https://u1f2.wwnh/I~Sn/t1LQ-UTR/oTxN;@\",\n      \"info\": \"\",\n      \"isSelectable\": true\n    }\n  },\n  {\n    \"title\": \"block sample 3\",\n    \"value\": {\n      \"name\": \"|QtTc\",\n      \"ay\": 1981,\n      \"assign\": \"]DA{\",\n      \"match\": [\n        {\n          \"or\": [\n            {\n              \"and\": [\n                \"GPW22F\",\n                \"UM7\"\n              ]\n            },\n            {\n              \"and\": [\n                {\n                  \"and\": [\n                    \"NVY483x\",\n                    {\n                      \"and\": [\n                        \"VX601*T\",\n                        \"OL62K\"\n                      ]\n                    },\n                    \"GJ6152T\",\n                    \"ORT603O\",\n                    {\n                      \"pattern\": \"IEK0*\",\n                      \"exclude\": [\n                        \"DR3xx7U\",\n                        \"YL6286U\",\n                        \"THHx\",\n                        \"SO*45J\"\n                      ],\n                      \"info\": \"%|\"\n                    }\n                  ]\n                }\n              ]\n            },\n            \"VQY369A\",\n            {\n              \"or\": []\n            }\n          ]\n        },\n        {\n          \"and\": [\n            {\n              \"and\": [\n                \"AMHxT\",\n                \"TJ2519\"\n              ]\n            },\n            {\n              \"pattern\": \"YF1*9xD\",\n              \"exclude\": \"ZEQx06Z\",\n              \"info\": \"ybAK(b\"\n            },\n            \"HGx86V\"\n          ]\n        },\n        {\n          \"and\": []\n        }\n      ],\n      \"satisfy\": {\n        \"or\": [\n          {\n            \"mc\": \"<=180\"\n          },\n          {\n            \"mc\": \">=69\"\n          }\n        ]\n      },\n      \"url\": \"http://a.asdz0ofrn3ox.58.vw2dh9sxrvh27hre-vre8-82kxbzuaixq6zb08xbeqi1i.pelijivth/c;V//C*i=/C//lQ-v7pY\",\n      \"info\": \"\",\n      \"isSelectable\": true,\n      \"Ofigu3i2f{\": {\n        \"name\": \"*y1%\",\n        \"ay\": 1961,\n        \"assign\": [\n          \"U_E/\"\n        ],\n        \"match\": {\n          \"and\": [\n            {\n              \"and\": [\n                {\n                  \"pattern\": \"COH03\",\n                  \"exclude\": \"HM050\",\n                  \"info\": \"&pk-\"\n                },\n                {\n                  \"pattern\": \"ED1\",\n                  \"exclude\": []\n                },\n                {\n                  \"or\": []\n                },\n                {\n                  \"pattern\": \"CFN7I\",\n                  \"exclude\": \"VF1P\",\n                  \"info\": \"\"\n                }\n              ]\n            },\n            {\n              \"or\": [\n                {\n                  \"and\": [\n                    \"PY7\"\n                  ]\n                }\n              ]\n            },\n            {\n              \"or\": [\n                {\n                  \"pattern\": \"MM2*H\",\n                  \"exclude\": [\n                    \"RE4*42\"\n                  ],\n                  \"info\": \"o\\\\sgisJ\"\n                },\n                \"ZYZ3x7*G\",\n                {\n                  \"or\": []\n                }\n              ]\n            }\n          ]\n        },\n        \"satisfy\": {\n          \"and\": [\n            {\n              \"and\": [\n                {\n                  \"and\": [\n                    {\n                      \"or\": [\n                        \" N[\",\n                        \"#\"\n                      ]\n                    },\n                    \"DeJP 7x\"\n                  ]\n                }\n              ]\n            },\n            {\n              \"mc\": \">=134\"\n            },\n            {\n              \"and\": [\n                {\n                  \"and\": [\n                    \"'cggwc|Mq\",\n                    \"osRZ\",\n                    \"tMyJ-\\\\G4P\",\n                    \"<ws}\",\n                    {\n                      \"and\": [\n                        \"dy\",\n                        \"/tl~iF\",\n                        \"k\"\n                      ]\n                    }\n                  ]\n                },\n                \"HipC.rO\",\n                \"l/\"\n              ]\n            },\n            {\n              \"and\": [\n                {\n                  \"and\": [\n                    \"\\\\^f=Iz7J<C\",\n                    {\n                      \"mc\": \">=176\"\n                    },\n                    {\n                      \"and\": [\n                        \"8mRKVa-\"\n                      ]\n                    }\n                  ]\n                },\n                \"a*(')e{GNd\"\n              ]\n            }\n          ]\n        },\n        \"url\": \"http://cs.knbfs1ml9khg57nnpnsryfk3.uq7f9v7.brhy/0XU%F1%9F%BD%A1/a%F2%82%AC%AAg36+L/_&;2z.O03~\",\n        \"info\": \"\",\n        \"isSelectable\": true\n      },\n      \"o^~\": {\n        \"name\": \"(G4\",\n        \"ay\": 1953,\n        \"assign\": [\n          \"u{;#?#:/T\",\n          \"Woz#,\"\n        ],\n        \"match\": \"MNR0xS\",\n        \"satisfy\": \"s\",\n        \"url\": \"http://3.roqg6x5reobodiwqi8l3-ggk.6yv4.2.hctuiu2fmmj5e9dd4o23wuz53ksjfluahpd8b5.rxad/G(N/VC%F0%B5%AC%BEOop'U\",\n        \"info\": \"w!x!%y\",\n        \"isSelectable\": true,\n        \"! \": {\n          \"name\": \"`\",\n          \"ay\": 1964,\n          \"match\": [],\n          \"satisfy\": {\n            \"or\": [\n              {\n                \"and\": []\n              },\n              {\n                \"and\": []\n              },\n              {\n                \"and\": []\n              }\n            ]\n          },\n          \"info\": \"}Hy.Z\",\n          \"isSelectable\": true,\n          \"\": {\n            \"satisfy\": [\n              {\n                \"or\": [\n                  \"VLogp\"\n                ]\n              },\n              {\n                \"mc\": \"<=24\"\n              },\n              {\n                \"and\": [\n                  \"!lR0gw\\\\\",\n                  {\n                    \"and\": [\n                      \"4!)x[_t\",\n                      \"{3\",\n                      \"NOf3\",\n                      {\n                        \"or\": []\n                      }\n                    ]\n                  },\n                  \"pIW_I23\"\n                ]\n              },\n              {\n                \"or\": [\n                  {\n                    \"and\": [\n                      \"EA\",\n                      {\n                        \"and\": [\n                          \"x+G)'\",\n                          {\n                            \"or\": []\n                          }\n                        ]\n                      },\n                      \"Zl\\\"S4Me]*W\",\n                      {\n                        \"mc\": \">=9\"\n                      },\n                      \"WC\"\n                    ]\n                  },\n                  {\n                    \"mc\": \"<=67\"\n                  },\n                  {\n                    \"mc\": \">=99\"\n                  },\n                  {\n                    \"mc\": \">=29\"\n                  }\n                ]\n              }\n            ],\n            \"url\": \"https://pm1rhg4424rnznuhk.b.d4fmy2rvk0hijc.vvw0p3w35hpmge-ggdh2bv8to00rv-u7dcstu6ayd3m1yuf8x1icuh23vyhp3.ufphjcqy-t5c836fz6837n7ktdrheecs1ntc1fkpzt2x8.cezeb/LM@/zd%F2%A5%8E%83%F1%9E%B5%B52,gV/3%F4%85%92%A46UsQ/yFl/Ny7,&,/3'@jG/*68(/U/\",\n            \"info\": \",rx?I,AC\",\n            \"isSelectable\": true\n          }\n        },\n        \"\": {\n          \"name\": \"|8s<x\",\n          \"ay\": 1989,\n          \"assign\": [\n            \"\",\n            \"U\\\\\\\\ULN\"\n          ],\n          \"satisfy\": \"Gly{PZ3K\",\n          \"info\": \"yL,4&~}#;\",\n          \"isSelectable\": true,\n          \"=\": {\n            \"name\": \"m=Zn)\",\n            \"ay\": 1982,\n            \"assign\": [\n              \",E.3'k\",\n              \"drm\",\n              \"b~1]t\",\n              \"0^]d9GQP+\"\n            ],\n            \"match\": \"UWUx25\",\n            \"satisfy\": [\n              \"I0\"\n            ],\n            \"url\": \"https://v-rntce120alcosb472o2ntt4cc.fvraejw\",\n            \"info\": \"ES}=9}*\\\"9\",\n            \"isSelectable\": true\n          }\n        },\n        \"M!QzE3I%&\": {\n          \"name\": \"L\",\n          \"ay\": 1950,\n          \"assign\": [],\n          \"match\": [\n            {\n              \"or\": []\n            }\n          ],\n          \"satisfy\": {\n            \"mc\": \"<=98\"\n          },\n          \"url\": \"http://6.rwxghte//f/bYb1Z2Ic%F2%A0%8E%9D\",\n          \"info\": \"O;$#\",\n          \"isSelectable\": true\n        },\n        \"|$y9a>&6}\": {\n          \"name\": \"/\",\n          \"ay\": 2030,\n          \"assign\": [],\n          \"match\": [\n            {\n              \"and\": [\n                {\n                  \"or\": [\n                    \"AGQ6*\",\n                    {\n                      \"or\": [\n                        \"JKQ293L\",\n                        {\n                          \"and\": [\n                            {\n                              \"or\": [\n                                \"BR68\"\n                              ]\n                            },\n                            \"MZ16\",\n                            \"DV5259U\",\n                            \"UL308\"\n                          ]\n                        },\n                        \"CF8442W\",\n                        \"FLxF\",\n                        \"OGx95\"\n                      ]\n                    }\n                  ]\n                },\n                {\n                  \"and\": [\n                    \"HIM7284E\",\n                    \"CS981\"\n                  ]\n                },\n                {\n                  \"and\": [\n                    {\n                      \"or\": [\n                        \"SOZx4H\",\n                        {\n                          \"pattern\": \"EUA7*U\",\n                          \"exclude\": [\n                            \"VQW4221\",\n                            \"WW6139J\",\n                            \"UE01*\",\n                            \"IFV9\",\n                            \"TYD9712P\"\n                          ],\n                          \"info\": \"8\\\\ek|\"\n                        }\n                      ]\n                    },\n                    \"WKV025N\",\n                    \"USx8xN\",\n                    {\n                      \"or\": []\n                    },\n                    \"ZVG585I\"\n                  ]\n                },\n                \"URO4\"\n              ]\n            },\n            {\n              \"and\": [\n                {\n                  \"or\": []\n                },\n                {\n                  \"and\": [\n                    {\n                      \"pattern\": \"SL04**\",\n                      \"exclude\": \"YQZ33*1\",\n                      \"info\": \"\\\\ot\"\n                    }\n                  ]\n                }\n              ]\n            },\n            {\n              \"pattern\": \"GZ4052\",\n              \"exclude\": [\n                \"KE30\"\n              ],\n              \"info\": \"Dg$\\\"!\"\n            },\n            {\n              \"pattern\": \"TV8\",\n              \"exclude\": \"ND31\",\n              \"info\": \"#{\"\n            },\n            {\n              \"and\": [\n                \"YX58\",\n                {\n                  \"pattern\": \"WRN6xP\",\n                  \"exclude\": \"NMV2285J\",\n                  \"info\": \"%cCOs8$W\"\n                },\n                {\n                  \"pattern\": \"BZB5190\",\n                  \"exclude\": [\n                    \"GE*\",\n                    \"ALV69\"\n                  ],\n                  \"info\": \"C+u|\\\\C1k$\"\n                },\n                {\n                  \"pattern\": \"ZW3\",\n                  \"exclude\": [\n                    \"GOK911\"\n                  ],\n                  \"info\": \"U4(^3_\"\n                },\n                {\n                  \"pattern\": \"GEY4X\",\n                  \"exclude\": \"AV602H\",\n                  \"info\": \"\"\n                }\n              ]\n            }\n          ],\n          \"satisfy\": {\n            \"mc\": \">=180\"\n          },\n          \"url\": \"https://eysxkl9gqxhfgg4jof3cyiqjq33ok7xwe5g.ep78uy04zjvet8ww6gk9004ktmbn2sqndnmc1snbyfrfi8qovgwwj3chahia.4dfbxafhbnpbk092uw8sz5ddcm8kz5g.odb//*'/'%F0%93%92%95wU/g:Zq/=eh%F0%9A%AB%83~eB/%F1%8A%8C%80/\",\n          \"info\": \"10aN\",\n          \"isSelectable\": true,\n          \"Wl+\": {\n            \"name\": \"`yq(\",\n            \"ay\": 1966,\n            \"assign\": [\n              \"j.O\\\\W.\"\n            ],\n            \"match\": {\n              \"and\": [\n                {\n                  \"pattern\": \"FF*I\",\n                  \"exclude\": [\n                    \"WO92\",\n                    \"DLN83B\",\n                    \"OEA4L\",\n                    \"ZD48\",\n                    \"YW1Z\"\n                  ],\n                  \"info\": \"SM8Z]LCq==\"\n                },\n                {\n                  \"or\": [\n                    {\n                      \"and\": [\n                        \"ZL*23G\",\n                        \"WJC925K\",\n                        \"QU28\",\n                        \"HYG3T\",\n                        \"VDP747\"\n                      ]\n                    },\n                    \"ES43\",\n                    {\n                      \"and\": [\n                        \"NN0S\",\n                        \"TTE0\"\n                      ]\n                    }\n                  ]\n                },\n                {\n                  \"pattern\": \"ERM*9\",\n                  \"exclude\": \"ST9*00\"\n                },\n                \"ABC48*C\",\n                \"FN6053E\"\n              ]\n            },\n            \"satisfy\": \"NV-XE\",\n            \"url\": \"http://y.h0nah44ilx5mduj8dhr1xgty6amkjkjae-mexyku.qa6tgl58qicstrte5u38.fgckdzb/19TZ97uL/YnXUjE1'8/qS/%F0%AB%9E%A73/hY!T/Hwy%F0%B1%94%A7J\",\n            \"info\": \"CXc9w\",\n            \"isSelectable\": true\n          },\n          \"\": {\n            \"name\": \"EA(v/.^^\",\n            \"ay\": 2005,\n            \"match\": {\n              \"and\": [\n                {\n                  \"pattern\": \"BV284N\",\n                  \"exclude\": \"HNGxO\",\n                  \"info\": \"t=rlN(\"\n                },\n                {\n                  \"and\": [\n                    {\n                      \"and\": [\n                        \"VNP3007\",\n                        \"VPP5x1J\",\n                        {\n                          \"and\": [\n                            {\n                              \"pattern\": \"EP28\",\n                              \"exclude\": \"CM3161F\",\n                              \"info\": \"Yb\"\n                            },\n                            \"BVV429\",\n                            \"RFx77Q\"\n                          ]\n                        },\n                        {\n                          \"pattern\": \"VIJ*\",\n                          \"exclude\": \"PE65\"\n                        },\n                        \"WL24*E\"\n                      ]\n                    },\n                    \"XQC0x6\",\n                    {\n                      \"or\": [\n                        \"SYE0x*\",\n                        \"CH1O\"\n                      ]\n                    },\n                    {\n                      \"or\": []\n                    },\n                    {\n                      \"pattern\": \"NP7x1I\",\n                      \"exclude\": \"NZD3*\",\n                      \"info\": \"ZSi\"\n                    }\n                  ]\n                },\n                {\n                  \"or\": [\n                    \"DW2\",\n                    \"OFY003R\",\n                    \"BN2285J\",\n                    \"BTM71H\"\n                  ]\n                },\n                {\n                  \"or\": [\n                    \"UJA9241\",\n                    \"FMN68\",\n                    {\n                      \"and\": [\n                        \"UP009\"\n                      ]\n                    },\n                    \"YE4F\"\n                  ]\n                }\n              ]\n            },\n            \"satisfy\": \"23m_BVfg\",\n            \"url\": \"http://ggdpmti2fk356w0zbjjvi9lmh7ggc5gyz06egm1d-q3mvafol.h8uxogkcxz3bm7p.kbvva33az-h7c9d7lzp8rmxwbf28k235-y06rry3oke.c-briqo.p0aszvd53u7.nuruc/%F2%9B%A6%A9.Y%F1%AB%91%BANX=PHt/nyJUZdp;~/(F0/s'hBJ8PX/%EF%B4%88/Mxp6@W5Y%F2%AB%B2%B0Y/\",\n            \"isSelectable\": true\n          },\n          \"t_T\": {\n            \"name\": \")jCp<=_@_\",\n            \"ay\": 2027,\n            \"assign\": \"\",\n            \"match\": [\n              \"OPx40\",\n              \"WY6D\"\n            ],\n            \"satisfy\": {\n              \"mc\": \"<=179\"\n            },\n            \"url\": \"https://rmhdnt-vrqh0y-d3queqhpam8w9zvqb8xbv3ojk15hg5839vg7jhmrx6bz1hds.bfdida/1lD/%F2%82%AB%A0X)mfkP/://&_y%F2%8E%94%A5\",\n            \"isSelectable\": true\n          }\n        }\n      },\n      \",EVK\": {\n        \"name\": \"\",\n        \"ay\": 2016,\n        \"assign\": \"&\\\"!\",\n        \"satisfy\": {\n          \"or\": [\n            {\n              \"or\": []\n            }\n          ]\n        },\n        \"url\": \"https://ggeasm1tdbud.u-taud5.e.t.qplxiqyk/IZnLR7/5,!q*tj;8/&IML%EE%8C%869F5%F2%80%AE%B8J/%F1%94%97%92!:6%F0%9C%99%AC/ZKWDhDz/lR\",\n        \"info\": \"A^ \"\n      },\n      \"fwE\": {\n        \"name\": \"A_Km7<aJ6D\",\n        \"assign\": \"(@H_$bI\",\n        \"match\": \"PKK35x\",\n        \"satisfy\": {\n          \"and\": [\n            {\n              \"mc\": \"<=27\"\n            }\n          ]\n        },\n        \"info\": \"\",\n        \"isSelectable\": true,\n        \"}+EMMr\": {\n          \"ay\": 1959,\n          \"assign\": [\n            \"yO=\",\n            \"@#0A>-\"\n          ],\n          \"match\": {\n            \"and\": []\n          },\n          \"satisfy\": {\n            \"or\": [\n              {\n                \"and\": [\n                  {\n                    \"or\": [\n                      {\n                        \"and\": [\n                          {\n                            \"or\": []\n                          }\n                        ]\n                      },\n                      \"<cwo\"\n                    ]\n                  },\n                  {\n                    \"and\": []\n                  },\n                  \"s46wex!Y_D\",\n                  {\n                    \"and\": [\n                      {\n                        \"and\": [\n                          \"-4|\",\n                          \"\"\n                        ]\n                      },\n                      \"B\\\\UBG\",\n                      {\n                        \"and\": [\n                          \"P~CP\",\n                          \"tWDT\",\n                          \"=><E9CSgf\"\n                        ]\n                      }\n                    ]\n                  }\n                ]\n              },\n              {\n                \"and\": [\n                  \"aM\"\n                ]\n              },\n              \"l_\",\n              {\n                \"or\": [\n                  \"TrN+/YY]Sw\",\n                  \"@\",\n                  {\n                    \"mc\": \">=134\"\n                  }\n                ]\n              },\n              {\n                \"or\": [\n                  {\n                    \"or\": [\n                      {\n                        \"mc\": \"<=5\"\n                      },\n                      {\n                        \"and\": [\n                          \"ci]eK3wS_9\",\n                          \"(B\",\n                          \"AdB;mt7!g\\\"\",\n                          \"AJ96b\",\n                          \"b$Ldt\"\n                        ]\n                      },\n                      \"YB\"\n                    ]\n                  },\n                  \"\"\n                ]\n              }\n            ]\n          },\n          \"info\": \"z~ !<I\",\n          \"isSelectable\": true\n        }\n      }\n    }\n  },\n  {\n    \"title\": \"block sample 4\",\n    \"value\": {\n      \"name\": \"@\",\n      \"ay\": 1959,\n      \"assign\": [\n        \"@@!\"\n      ],\n      \"match\": \"DKA26\",\n      \"satisfy\": [\n        {\n          \"or\": [\n            {\n              \"or\": [\n                {\n                  \"and\": [\n                    \"(wr\",\n                    \" Li6(}\"\n                  ]\n                },\n                \"8`6\\\"\",\n                {\n                  \"or\": [\n                    {\n                      \"and\": [\n                        \"#LFQs\",\n                        \"K/\",\n                        \"\",\n                        \"\"\n                      ]\n                    }\n                  ]\n                },\n                \"db[5ub\"\n              ]\n            },\n            \"yEHZ)F\",\n            {\n              \"or\": []\n            }\n          ]\n        },\n        {\n          \"and\": [\n            {\n              \"mc\": \">=186\"\n            }\n          ]\n        },\n        {\n          \"and\": [\n            {\n              \"mc\": \">=77\"\n            }\n          ]\n        },\n        {\n          \"and\": [\n            {\n              \"and\": [\n                \"U.\",\n                {\n                  \"or\": [\n                    {\n                      \"mc\": \"<=176\"\n                    },\n                    \"J;9b~(dT\",\n                    \"J!/R)_u\"\n                  ]\n                },\n                \"'pS\"\n              ]\n            },\n            {\n              \"or\": [\n                \"\",\n                \"\",\n                \"\",\n                {\n                  \"mc\": \"<=84\"\n                },\n                {\n                  \"mc\": \"<=119\"\n                }\n              ]\n            }\n          ]\n        },\n        {\n          \"mc\": \">=18\"\n        }\n      ],\n      \"url\": \"https://m6cfb7.7sf50bt7gc60-g85a6bp7hjaz2817de8ebmxpgy658fand896iecc.akd44fiwh1sen8097lsialh05bs4k2xj8twe97i-6ak43p35h8gl1phxic.5.jgelbbhl/GMhd/xN'%F0%97%AA%8D.ZAZL\",\n      \"isSelectable\": true\n    }\n  },\n  {\n    \"title\": \"block sample 5\",\n    \"value\": {\n      \"name\": \"[&!y\",\n      \"ay\": 2029,\n      \"assign\": [],\n      \"match\": [\n        {\n          \"pattern\": \"BTW190*\",\n          \"exclude\": \"FY4349O\"\n        },\n        {\n          \"pattern\": \"PKF8\",\n          \"exclude\": [],\n          \"info\": \"\"\n        },\n        {\n          \"pattern\": \"LI2D\",\n          \"exclude\": \"FWx69\",\n          \"info\": \"weS&J3@Y}\"\n        }\n      ],\n      \"satisfy\": {\n        \"or\": [\n          {\n            \"or\": [\n              \"z\"\n            ]\n          },\n          {\n            \"mc\": \"<=158\"\n          }\n        ]\n      },\n      \"url\": \"http://2we2sbn8f6eii1y7v6rs8jjb0hxqak06tdbc8py4zf7lav14lt2.khv8axaery2-3oakx0wizzrlnvgwcgfuoksq6783cztg4uiy.ex4fbdw82n1n2sbauc5jes4msxxyvtvun0kj5c3vyij9y6nkuu.kf/_%F4%82%A9%84N8z_U/m-eN%F1%B9%A0%92=ALJ/E/X(-RknQChr/%F0%AF%8C%89,lf@:z//6J(Qp\",\n      \"info\": \"iD9\",\n      \"g\": {\n        \"name\": \"\",\n        \"assign\": \"a8H?y#(K\",\n        \"match\": [\n          {\n            \"pattern\": \"BUL93*5\",\n            \"exclude\": \"KBx\",\n            \"info\": \"S!*$jOR\"\n          },\n          \"HTY07x9\",\n          \"LFB915xX\",\n          {\n            \"pattern\": \"IBE2*9B\",\n            \"exclude\": [\n              \"CHJ011U\",\n              \"GJYx8\"\n            ]\n          }\n        ],\n        \"satisfy\": {\n          \"and\": [\n            {\n              \"and\": [\n                \"o-l.h}Q0k\",\n                {\n                  \"and\": []\n                },\n                \"o9\",\n                \"q(D>={He^n\"\n              ]\n            },\n            {\n              \"and\": [\n                {\n                  \"or\": []\n                },\n                {\n                  \"or\": [\n                    \"S<,?~qw\",\n                    \"U5F\"\n                  ]\n                },\n                \"-zeB2\",\n                \"q:z'o`%- \",\n                \"ut \"\n              ]\n            },\n            {\n              \"or\": [\n                {\n                  \"mc\": \"<=25\"\n                },\n                \"qu9\\\\YF\",\n                {\n                  \"and\": [\n                    {\n                      \"mc\": \"<=7\"\n                    },\n                    \"IQL}<K\",\n                    \"!z_C\"\n                  ]\n                }\n              ]\n            }\n          ]\n        },\n        \"url\": \"http://x.j81grdlv.hqjbyfbv-3xvdme8m06earkezmr7ly7xbl6w13.qwvbiywod/gG;f/MOf%CF%8D/KeiNR/V@cGZOEpZ:/&6I9u~W/E*Jv'UWD&/1'!Fi9/a6(XG4!~x\"\n      },\n      \"eP>kk:)/D|\": {\n        \"name\": \"\",\n        \"ay\": 1961,\n        \"assign\": [\n          \"~wxU\",\n          \"9oY\",\n          \"_\",\n          \"}Gb<\"\n        ],\n        \"match\": [\n          {\n            \"and\": [\n              {\n                \"or\": [\n                  \"SYE97\",\n                  \"DFxx8*\",\n                  {\n                    \"and\": [\n                      \"JSC1667\",\n                      {\n                        \"pattern\": \"SQ55x6K\",\n                        \"exclude\": [\n                          \"LOA4*F\"\n                        ],\n                        \"info\": \"`&0-\\\\[P\"\n                      },\n                      \"YQ0\",\n                      \"FExC\",\n                      {\n                        \"and\": [\n                          \"IUT0\",\n                          {\n                            \"and\": []\n                          },\n                          \"BIQ42\",\n                          \"TWU960\",\n                          {\n                            \"pattern\": \"XZ6520\",\n                            \"exclude\": \"ZC61F\"\n                          }\n                        ]\n                      }\n                    ]\n                  }\n                ]\n              },\n              {\n                \"pattern\": \"QUx452\",\n                \"exclude\": [\n                  \"SJ44M\"\n                ],\n                \"info\": \"CL\\\"7ydL,.S\"\n              },\n              {\n                \"and\": []\n              },\n              {\n                \"or\": [\n                  {\n                    \"and\": [\n                      {\n                        \"or\": [\n                          {\n                            \"pattern\": \"WNI*1\",\n                            \"info\": \"Nbcu+qDk2\"\n                          },\n                          \"JX3504O\",\n                          \"IK1\"\n                        ]\n                      },\n                      \"OX8x4x\"\n                    ]\n                  },\n                  \"YUM017\"\n                ]\n              },\n              {\n                \"and\": [\n                  {\n                    \"and\": [\n                      {\n                        \"or\": [\n                          \"DWxS\",\n                          \"TS45D\",\n                          {\n                            \"or\": []\n                          },\n                          \"EQ*303\"\n                        ]\n                      },\n                      \"FCB1723F\",\n                      \"MMO*69*\",\n                      \"BVx\"\n                    ]\n                  }\n                ]\n              }\n            ]\n          }\n        ],\n        \"satisfy\": [\n          {\n            \"mc\": \">=21\"\n          },\n          {\n            \"or\": [\n              {\n                \"and\": [\n                  \"zgxT|'JW\",\n                  {\n                    \"mc\": \">=59\"\n                  },\n                  {\n                    \"mc\": \">=187\"\n                  },\n                  \"T\"\n                ]\n              }\n            ]\n          },\n          \";e:H1!Xb\",\n          {\n            \"mc\": \">=119\"\n          }\n        ],\n        \"url\": \"http://3ouliw.fovngj8ynnxgjoz87yg3rggvpp.tnvhyp/%F0%B2%8A%8AA*'/!1QD%F1%98%B1%86OE/%F0%9B%85%97M_D/+K;-8*%F2%AE%BC%92/!q3-b'\",\n        \"info\": \"\",\n        \"isSelectable\": true\n      },\n      \"akRvp\": {\n        \"name\": \"jtbQE5j\",\n        \"ay\": 2030,\n        \"assign\": \"c'r%|\",\n        \"match\": [\n          {\n            \"and\": [\n              {\n                \"pattern\": \"TLY3\",\n                \"exclude\": \"ASR899\",\n                \"info\": \"fpg9E\\\\j-\"\n              }\n            ]\n          },\n          \"EOx13M\",\n          {\n            \"and\": [\n              {\n                \"or\": [\n                  \"LKQ772T\",\n                  \"CQU70\"\n                ]\n              },\n              {\n                \"pattern\": \"KNI0623\",\n                \"exclude\": [\n                  \"RJ0\",\n                  \"YE1M\",\n                  \"MLL4360\",\n                  \"NR4*0C\",\n                  \"MPC772\"\n                ],\n                \"info\": \"Ub#al\"\n              },\n              {\n                \"pattern\": \"GXA98\",\n                \"exclude\": \"SJ406\",\n                \"info\": \"\"\n              }\n            ]\n          },\n          {\n            \"pattern\": \"FKS53J\",\n            \"exclude\": [\n              \"ER889*\",\n              \"LM02E\",\n              \"XA9\",\n              \"LQ7P\",\n              \"SOD452\"\n            ],\n            \"info\": \"*L~KunD#\"\n          },\n          {\n            \"pattern\": \"RXK1X\",\n            \"exclude\": [\n              \"WRA58F\",\n              \"QSM62\"\n            ],\n            \"info\": \"(H\"\n          }\n        ],\n        \"url\": \"http://8yhuadl803wlcl9fbt416ywlf8kjr4j28zd2dlfj-zu-811-k-1dzagpru.akh/tN%F1%B2%B2%B31q%F3%BB%AA%A3)&Y/%F3%A5%8D%B2%F2%90%A7%A3$EEU/35'_45g(%F2%BA%A9%8A/hM4/(WH%F0%B1%9C%85%F1%85%99%9DDJ&/5X%F2%BF%98%BDCr$vAFs/0Z8-O/Q%F0%BA%AE%B3Z%F2%98%92%BC;QSBN\",\n        \"info\": \"T4\"\n      },\n      \"\\\"XFG63Q\": {\n        \"name\": \"'qh14)\",\n        \"ay\": 1964,\n        \"assign\": [\n          \"tTz:&\",\n          \"\\\\,%C'\",\n          \"qiBh4`\",\n          \"\",\n          \"pGSo\"\n        ],\n        \"match\": {\n          \"and\": [\n            {\n              \"or\": [\n                {\n                  \"pattern\": \"TB5x9\",\n                  \"exclude\": \"QE372\"\n                }\n              ]\n            },\n            {\n              \"pattern\": \"UR5103\",\n              \"exclude\": [\n                \"VC30\",\n                \"JU*3E\",\n                \"FVW69K\",\n                \"FK2\",\n                \"RSE12E\"\n              ],\n              \"info\": \"H9an\"\n            },\n            {\n              \"and\": []\n            },\n            {\n              \"or\": [\n                \"FFx358T\",\n                \"NFVxx3V\",\n                \"SGJ531\"\n              ]\n            }\n          ]\n        },\n        \"satisfy\": {\n          \"and\": [\n            {\n              \"or\": []\n            },\n            {\n              \"or\": [\n                {\n                  \"mc\": \">=108\"\n                }\n              ]\n            },\n            {\n              \"or\": [\n                {\n                  \"mc\": \"<=10\"\n                },\n                {\n                  \"or\": [\n                    {\n                      \"or\": [\n                        \"~,055vxe|z\",\n                        \"Fpf\"\n                      ]\n                    },\n                    \">c\\\"U~qV\",\n                    {\n                      \"or\": [\n                        \"/*@mN!M<\",\n                        \"\"\n                      ]\n                    }\n                  ]\n                },\n                {\n                  \"mc\": \"<=11\"\n                }\n              ]\n            },\n            {\n              \"or\": [\n                {\n                  \"or\": [\n                    {\n                      \"or\": []\n                    }\n                  ]\n                }\n              ]\n            },\n            \"\"\n          ]\n        },\n        \"url\": \"http://nbxqkflw5v1h0fncyx6yvte4x5y1qm3vrmzn2rgv25vy.ye\",\n        \"info\": \"k8{cet5\",\n        \"isSelectable\": true,\n        \"e\": {\n          \"name\": \"S$5\",\n          \"satisfy\": [\n            {\n              \"mc\": \">=112\"\n            },\n            {\n              \"or\": [\n                {\n                  \"and\": [\n                    {\n                      \"and\": []\n                    },\n                    {\n                      \"and\": [\n                        \"5(e@7\"\n                      ]\n                    },\n                    \"g$M)M\",\n                    \"%.}n\",\n                    \"\"\n                  ]\n                },\n                \"!3*_F8w\",\n                {\n                  \"and\": [\n                    {\n                      \"mc\": \">=143\"\n                    },\n                    \",n}r;[$\",\n                    \"F5Qlxmh\",\n                    {\n                      \"or\": [\n                        \"xce_W6n5\"\n                      ]\n                    },\n                    \"\"\n                  ]\n                },\n                {\n                  \"mc\": \"<=8\"\n                }\n              ]\n            },\n            \"blI+&B\",\n            {\n              \"and\": [\n                {\n                  \"mc\": \">=49\"\n                },\n                \"6K\",\n                {\n                  \"and\": [\n                    \"Xm!`5\",\n                    \"`FDGz\",\n                    \"D,<%uBx\",\n                    \"5ZB?U#GJcP\"\n                  ]\n                }\n              ]\n            },\n            {\n              \"and\": [\n                \"W\",\n                {\n                  \"mc\": \"<=48\"\n                },\n                {\n                  \"or\": [\n                    \"@{??\",\n                    \":|DNfWt3\"\n                  ]\n                },\n                \"`Lt\",\n                {\n                  \"and\": [\n                    {\n                      \"or\": [\n                        {\n                          \"or\": [\n                            \"[yVqR*\"\n                          ]\n                        },\n                        \"JwuDjDl]SF\",\n                        \"X^-`U<\",\n                        \"EW2+K2WR`\",\n                        \"`(z!\\\"gf1\"\n                      ]\n                    },\n                    {\n                      \"mc\": \">=170\"\n                    }\n                  ]\n                }\n              ]\n            }\n          ],\n          \"isSelectable\": true,\n          \".,V:r2$nq\": {\n            \"name\": \"+p\",\n            \"ay\": 1953,\n            \"assign\": [\n              \"6\\\"e\",\n              \"*$]NvC\"\n            ],\n            \"match\": \"YS258\",\n            \"url\": \"http://kir11t4qnn6lbpwexhj7pqm26qs.grzsvo4g0z27mxw9.2dlr9s4g4kbft.kk/$liK35Ad\",\n            \"info\": \"N\\\"w'~\",\n            \"isSelectable\": true\n          },\n          \"#}(zI-Kj\": {\n            \"name\": \"\\\\T_y;\",\n            \"ay\": 2007,\n            \"assign\": [\n              \"!)cskXJif\"\n            ],\n            \"match\": [\n              {\n                \"pattern\": \"MHO60J\",\n                \"exclude\": [\n                  \"MA70R\",\n                  \"EJQ5F\",\n                  \"ELHx\"\n                ],\n                \"info\": \"k\"\n              },\n              {\n                \"or\": [\n                  {\n                    \"pattern\": \"CUA631\",\n                    \"exclude\": [\n                      \"ZO**5L\",\n                      \"RW9K\",\n                      \"JM4\",\n                      \"OX6946\",\n                      \"UW4x8A\"\n                    ],\n                    \"info\": \"_5Mdin}\"\n                  },\n                  {\n                    \"pattern\": \"CX0\",\n                    \"exclude\": [\n                      \"TRP38\",\n                      \"FXXx\",\n                      \"DIF560E\",\n                      \"BU4\",\n                      \"XZG2960\"\n                    ]\n                  },\n                  {\n                    \"and\": [\n                      {\n                        \"or\": [\n                          {\n                            \"pattern\": \"SD*99A\",\n                            \"exclude\": [\n                              \"ZG1\",\n                              \"DJ842F\"\n                            ]\n                          },\n                          \"FW520\",\n                          {\n                            \"pattern\": \"ZDT5587L\",\n                            \"exclude\": [\n                              \"PC6*74\",\n                              \"WCP29\",\n                              \"NYF4xx\"\n                            ],\n                            \"info\": \"x\"\n                          },\n                          \"EXC0\"\n                        ]\n                      },\n                      {\n                        \"pattern\": \"LZS5\",\n                        \"exclude\": \"ASS20*5F\"\n                      },\n                      {\n                        \"or\": [\n                          \"JSX564\",\n                          {\n                            \"pattern\": \"YY9C\",\n                            \"exclude\": \"AB8x4\",\n                            \"info\": \"hhr\"\n                          },\n                          \"HFH3\"\n                        ]\n                      },\n                      \"XYG2U\"\n                    ]\n                  },\n                  {\n                    \"pattern\": \"IO9\",\n                    \"info\": \"\"\n                  },\n                  {\n                    \"pattern\": \"RK2M\",\n                    \"exclude\": \"OUx50\",\n                    \"info\": \"I~O_Y W\"\n                  }\n                ]\n              },\n              {\n                \"pattern\": \"PBJ2I\",\n                \"exclude\": [],\n                \"info\": \"\"\n              }\n            ],\n            \"satisfy\": {\n              \"mc\": \"<=84\"\n            },\n            \"url\": \"https://gvceha99h766qjv-k7d7z.ijq30i0.nre9a9wwhyaf13auugrcaifhudqfxrp9hit6-mo09t6eqnx5m.3.je4xs263x32sbqprinqbpg6k-c701pfl7-u5ye3wtq.ptye//'/~d/7Xt/wBX%F2%B8%AC%901&//Bt$t=//rcgawFAq\",\n            \"info\": \"O)+4\",\n            \"isSelectable\": true\n          },\n          \"PHtjA/E7K\": {\n            \"name\": \"RJ?X3t\",\n            \"assign\": \"oI1QE,V!%-\",\n            \"match\": \"SS33Z\",\n            \"satisfy\": [],\n            \"info\": \"`\",\n            \"isSelectable\": true\n          },\n          \"Ud\": {\n            \"ay\": 1989,\n            \"assign\": \"b^ 85I%a\",\n            \"match\": [\n              {\n                \"or\": [\n                  {\n                    \"pattern\": \"EM5595W\",\n                    \"info\": \"6;<Y,$s_\"\n                  },\n                  \"MJT7\"\n                ]\n              }\n            ],\n            \"satisfy\": {\n              \"and\": []\n            },\n            \"url\": \"http://vxli2i69vr2q9no33ioext83e70hwjxozvcij.uvsv/+Oi%F2%A4%AB%9A_ef%F0%BB%87%87/xO6i/_h/O@bket'r/i@lM6/x~7j~V//6Wp8Mg*eBx/\",\n            \"info\": \"n_R^;4\",\n            \"isSelectable\": true,\n            \"5BQ__He\": {\n              \"name\": \"Ve:.\",\n              \"ay\": 1970,\n              \"assign\": \"fAS;|\",\n              \"match\": [\n                {\n                  \"or\": [\n                    {\n                      \"or\": [\n                        \"OR7545L\",\n                        {\n                          \"or\": [\n                            \"CGG95\",\n                            \"XGX3766G\",\n                            {\n                              \"pattern\": \"JLP8x\",\n                              \"exclude\": [\n                                \"ZI379\",\n                                \"IX6K\",\n                                \"VIZ428*R\"\n                              ],\n                              \"info\": \"5I\"\n                            },\n                            \"CQW8096T\",\n                            {\n                              \"or\": [\n                                \"ZI87J\"\n                              ]\n                            }\n                          ]\n                        }\n                      ]\n                    }\n                  ]\n                }\n              ],\n              \"satisfy\": [\n                {\n                  \"and\": [\n                    \" *ni&CE^= \",\n                    {\n                      \"and\": [\n                        {\n                          \"or\": [\n                            \"&2|_J\"\n                          ]\n                        },\n                        {\n                          \"mc\": \"<=117\"\n                        }\n                      ]\n                    }\n                  ]\n                },\n                {\n                  \"and\": [\n                    {\n                      \"or\": [\n                        \"TTGL6\",\n                        {\n                          \"and\": [\n                            {\n                              \"or\": [\n                                \"P~\",\n                                \"'#/g\",\n                                \"ZmL!_aT4,\",\n                                \"J=PYw\",\n                                {\n                                  \"mc\": \"<=128\"\n                                }\n                              ]\n                            },\n                            \"%:G|hE11}>\",\n                            \"RVM#2-Kq\",\n                            {\n                              \"mc\": \">=102\"\n                            },\n                            \"3Z2{g}#Z\"\n                          ]\n                        },\n                        {\n                          \"or\": [\n                            \"x,CsVtmv\",\n                            {\n                              \"or\": []\n                            },\n                            \"d@nzY\\\"sK^v\"\n                          ]\n                        }\n                      ]\n                    }\n                  ]\n                },\n                {\n                  \"or\": [\n                    {\n                      \"and\": [\n                        \"p\",\n                        {\n                          \"and\": [\n                            \"vvUKG^Pf\"\n                          ]\n                        },\n                        {\n                          \"and\": []\n                        },\n                        \"\\\\XeP\"\n                      ]\n                    },\n                    {\n                      \"and\": [\n                        {\n                          \"and\": [\n                            {\n                              \"or\": []\n                            },\n                            \"g4WZ\\\"DC\",\n                            \"%B;~WU(M1\",\n                            \"#(TmmI\",\n                            \"~%OuG`=0\"\n                          ]\n                        },\n                        \"n2A<\",\n                        {\n                          \"mc\": \"<=52\"\n                        },\n                        \"t/Jsbc\"\n                      ]\n                    },\n                    \"RN$)HLN.5.\",\n                    {\n                      \"or\": [\n                        {\n                          \"or\": [\n                            \"\\\"@k:rZSm\",\n                            \"m77,1er$a(\",\n                            {\n                              \"mc\": \"<=165\"\n                            },\n                            \"3[\",\n                            \"Z0TKp\"\n                          ]\n                        },\n                        \"jpp-^\",\n                        \"F\",\n                        {\n                          \"mc\": \">=77\"\n                        },\n                        {\n                          \"mc\": \">=97\"\n                        }\n                      ]\n                    }\n                  ]\n                }\n              ],\n              \"url\": \"http://399ylsazbw6t8nxya6s414sln-99c1sogsr38p097m7nw4pm1swpxq1or-umzy0.koctsvze/nPZ)c,4n~3/;Q%F2%BA%8C%9F%F3%84%92%85/;iO%F0%B7%98%9D_%F2%9E%9F%B1ud//B/K\",\n              \"info\": \"\\\\*V`t\"\n            },\n            \"8a\": {\n              \"name\": \"h\\\"J{~UC\",\n              \"ay\": 1999,\n              \"assign\": \"H\",\n              \"satisfy\": [\n                {\n                  \"and\": [\n                    {\n                      \"and\": [\n                        \"Le#C[\"\n                      ]\n                    },\n                    \"+As@YF\"\n                  ]\n                },\n                {\n                  \"or\": [\n                    {\n                      \"mc\": \">=89\"\n                    },\n                    \"grZCZ,'R\"\n                  ]\n                }\n              ],\n              \"url\": \"http://zdzsvxze51rwd.0ey8vxwfpanzcbf0k7j0gnokn05xj7pz-6rgkaczjnfrcitm1k2ppem.dqxtxwj/+/-%F0%9E%90%8D*zNY=%F1%A2%8D%B8P/sRLFY/l%F3%98%98%B4%F3%B3%98%B39fE.-k///asND(yL1/VIM)lfd/-.j34sR\",\n              \"info\": \"KWiR.nR\",\n              \"isSelectable\": true\n            },\n            \"Tar\": {\n              \"name\": \"PRq_.DPp\",\n              \"assign\": [\n                \"nr^?l\"\n              ],\n              \"match\": [\n                {\n                  \"pattern\": \"IU0x0I\",\n                  \"exclude\": \"QPC91x9\"\n                },\n                \"HP90*A\"\n              ],\n              \"satisfy\": {\n                \"or\": [\n                  \"$i#Q,ncs=$\",\n                  {\n                    \"and\": [\n                      \"3*C\\\" ,X \"\n                    ]\n                  },\n                  {\n                    \"or\": []\n                  },\n                  \"7MT\",\n                  {\n                    \"mc\": \">=130\"\n                  }\n                ]\n              },\n              \"url\": \"http://259i8y-ihsuc5thgsfmaefiodjdnh8e42y234psxk62ms31wltg4ryw93.sygwkhfyol/wsl3*x%F2%B7%93%91Mu\",\n              \"isSelectable\": true\n            }\n          }\n        },\n        \"~yeo\": {\n          \"name\": \"\",\n          \"ay\": 1973,\n          \"assign\": [\n            \"H9i\",\n            \"`?Y\",\n            \"0X|7#8z\",\n            \"ZIKM\",\n            \"bBkem-kly\"\n          ],\n          \"match\": {\n            \"or\": []\n          },\n          \"satisfy\": {\n            \"or\": [\n              \"~+UWX!s@-\",\n              {\n                \"or\": []\n              },\n              {\n                \"mc\": \">=125\"\n              },\n              {\n                \"or\": [\n                  \"1G%E9QU`G\"\n                ]\n              },\n              \"7~v9.\"\n            ]\n          },\n          \"url\": \"http://p0ifutje962w7tc0qadnhbxak158yr7e6ema0n29hwzlk2amajnif.1uoimtebqevwd-hii5fcetc-aegd-mufj9s.pmwnsaep\",\n          \"info\": \"5~\\\"OZ:3\\\\\",\n          \"isSelectable\": true\n        },\n        \"$\\\"Bh\": {\n          \"name\": \"1CJod\",\n          \"ay\": 1983,\n          \"assign\": [\n            \"?'uLN\\\\m\",\n            \"4!g\",\n            \"T/d\",\n            \"?~-~u(\\\\^!)\"\n          ],\n          \"match\": [\n            {\n              \"or\": [\n                {\n                  \"pattern\": \"JHKx\",\n                  \"exclude\": [],\n                  \"info\": \"o:\"\n                }\n              ]\n            },\n            {\n              \"pattern\": \"HI315\",\n              \"info\": \" b~u.#3@K\"\n            },\n            {\n              \"pattern\": \"UBI0\",\n              \"exclude\": \"LN31x7\",\n              \"info\": \"'\"\n            },\n            {\n              \"or\": [\n                {\n                  \"pattern\": \"JYT98\",\n                  \"exclude\": [\n                    \"AL8\",\n                    \"FHO8*V\"\n                  ],\n                  \"info\": \"I98f7\"\n                },\n                {\n                  \"or\": [\n                    {\n                      \"or\": [\n                        {\n                          \"or\": [\n                            \"LC58K\",\n                            \"LLK994N\",\n                            \"HUZ64X\",\n                            \"KR65x\",\n                            \"XUO9905S\"\n                          ]\n                        },\n                        \"JFP524*Y\",\n                        \"ZW86\",\n                        \"KH88*\"\n                      ]\n                    },\n                    {\n                      \"and\": [\n                        \"GR8530S\"\n                      ]\n                    },\n                    {\n                      \"pattern\": \"RI862\",\n                      \"exclude\": \"YVX74\",\n                      \"info\": \"R\"\n                    },\n                    \"WC4631\"\n                  ]\n                },\n                \"WL2292\",\n                {\n                  \"pattern\": \"NL91O\",\n                  \"exclude\": \"OJG9x89R\",\n                  \"info\": \"Ka~Eka4K\"\n                },\n                {\n                  \"and\": [\n                    {\n                      \"or\": [\n                        \"JEL*727\",\n                        \"MF4x0K\"\n                      ]\n                    },\n                    {\n                      \"or\": [\n                        \"VR0873O\",\n                        \"OE234xI\",\n                        \"XEQ66U\",\n                        {\n                          \"or\": []\n                        },\n                        {\n                          \"pattern\": \"YVF1O\",\n                          \"exclude\": \"KUS849x\",\n                          \"info\": \"OG5Q} S\"\n                        }\n                      ]\n                    },\n                    \"GWT2399\",\n                    {\n                      \"and\": [\n                        {\n                          \"pattern\": \"MN7434\",\n                          \"exclude\": [\n                            \"VN574W\",\n                            \"IEZ358O\",\n                            \"HZ835S\"\n                          ],\n                          \"info\": \"%h|\\\",/BV\"\n                        },\n                        \"QT5466\",\n                        \"OZH435V\",\n                        {\n                          \"or\": [\n                            \"ESO6\",\n                            \"LMJ15\"\n                          ]\n                        }\n                      ]\n                    }\n                  ]\n                }\n              ]\n            },\n            {\n              \"and\": []\n            }\n          ],\n          \"satisfy\": [],\n          \"url\": \"http://v.gguaxtegb\",\n          \"info\": \"\",\n          \"isSelectable\": true,\n          \"6.@c>bXc\": {\n            \"name\": \"PlD\",\n            \"ay\": 2005,\n            \"assign\": [\n              \"mqpO<%_\"\n            ],\n            \"match\": [\n              \"SUK9A\",\n              {\n                \"or\": [\n                  {\n                    \"or\": [\n                      \"SN*71N\",\n                      \"YOI74\",\n                      \"GZY00x\",\n                      {\n                        \"pattern\": \"IM5D\",\n                        \"exclude\": \"RZ51x4\",\n                        \"info\": \"L&v?M!D\"\n                      }\n                    ]\n                  }\n                ]\n              },\n              {\n                \"and\": [\n                  {\n                    \"or\": [\n                      {\n                        \"or\": []\n                      },\n                      \"UM683\",\n                      \"KS1P\",\n                      {\n                        \"pattern\": \"UExx\",\n                        \"exclude\": [\n                          \"SBFx\"\n                        ],\n                        \"info\": \",ww6&sY\"\n                      },\n                      \"VWE189\"\n                    ]\n                  }\n                ]\n              },\n              \"GIN1813\"\n            ],\n            \"satisfy\": [\n              {\n                \"or\": [\n                  \"x'Za\"\n                ]\n              },\n              {\n                \"or\": [\n                  \"[5\",\n                  \"&\",\n                  {\n                    \"mc\": \">=117\"\n                  },\n                  {\n                    \"mc\": \"<=60\"\n                  },\n                  {\n                    \"and\": [\n                      {\n                        \"or\": [\n                          \"e1AoA$\",\n                          {\n                            \"and\": [\n                              {\n                                \"mc\": \">=81\"\n                              },\n                              \" <`UVw3++\"\n                            ]\n                          }\n                        ]\n                      }\n                    ]\n                  }\n                ]\n              },\n              {\n                \"mc\": \"<=16\"\n              },\n              {\n                \"and\": [\n                  \"l/DUt\",\n                  {\n                    \"and\": [\n                      {\n                        \"or\": [\n                          \"WT!7\",\n                          \"*m>\",\n                          \"\"\n                        ]\n                      },\n                      {\n                        \"mc\": \"<=169\"\n                      },\n                      \"{hZ\",\n                      \"X\",\n                      \"1\"\n                    ]\n                  },\n                  {\n                    \"or\": [\n                      \"\",\n                      \"k3V#z\",\n                      {\n                        \"mc\": \"<=118\"\n                      },\n                      {\n                        \"mc\": \">=196\"\n                      },\n                      {\n                        \"or\": [\n                          {\n                            \"and\": []\n                          },\n                          \"\",\n                          {\n                            \"and\": []\n                          },\n                          {\n                            \"or\": [\n                              \"/_4Q\",\n                              {\n                                \"mc\": \"<=116\"\n                              },\n                              {\n                                \"mc\": \">=67\"\n                              }\n                            ]\n                          }\n                        ]\n                      }\n                    ]\n                  },\n                  {\n                    \"or\": [\n                      {\n                        \"mc\": \"<=94\"\n                      },\n                      \"tKhvVg_i5M\"\n                    ]\n                  },\n                  {\n                    \"or\": [\n                      \"[QB(!z\",\n                      \"\",\n                      \"JG*Jp\"\n                    ]\n                  }\n                ]\n              },\n              \"%.L\\\"A\"\n            ],\n            \"info\": \"@PIAmK\",\n            \"isSelectable\": true\n          },\n          \"QzJ\": {\n            \"ay\": 1975,\n            \"assign\": [\n              \"M;o $V[f\",\n              \"\",\n              \"|yC&\"\n            ],\n            \"match\": [],\n            \"satisfy\": {\n              \"and\": [\n                \";fP\",\n                {\n                  \"or\": [\n                    \"(rS G\"\n                  ]\n                },\n                \"FJctI5H9I\",\n                {\n                  \"and\": [\n                    \"[rc=\",\n                    {\n                      \"and\": [\n                        \"IdiBy]\",\n                        \"\",\n                        {\n                          \"and\": [\n                            {\n                              \"mc\": \"<=160\"\n                            },\n                            {\n                              \"or\": [\n                                \"TGF\",\n                                \"}\",\n                                \"}(\",\n                                \"MQ05@1\",\n                                \"7pCNyMd\"\n                              ]\n                            },\n                            \"R*A%\",\n                            \"x$b2|5+848\"\n                          ]\n                        },\n                        {\n                          \"or\": [\n                            \"^\\\\X]{QSCSk\"\n                          ]\n                        }\n                      ]\n                    },\n                    {\n                      \"or\": [\n                        \"\",\n                        {\n                          \"or\": [\n                            \"\\\"NcPK>ZA\",\n                            \"\",\n                            \"rZ3x~>al\",\n                            \"x4Bm\"\n                          ]\n                        },\n                        \"\"\n                      ]\n                    },\n                    {\n                      \"mc\": \"<=48\"\n                    },\n                    \"+9?s=+8@nG\"\n                  ]\n                }\n              ]\n            },\n            \"url\": \"https://rkiqaql6cy6916hj6k8g4mzr8soct4o0r5mjb-x1anjf57umwzry6e5e57-lf.0w.e3mi9z7hmcz06oojvkc1q70swfm4vcvzmfa7zl4sv.azezwq/8Dr%F2%91%99%A6k%F2%AB%95%83q75/~-a%F2%B0%88%9D7:ZC/G4&v/;p1%F0%97%B4%8C/%F0%B3%B8%94Ihzsx-lT/o3%F2%9B%B5%9DMe;/kB1D/O1B.-Zv3/jA\",\n            \"info\": \"\\\"SVrn]*\"\n          },\n          \"#y}A*\": {\n            \"name\": \"MT$#z\",\n            \"ay\": 1977,\n            \"assign\": \"2|JRu\",\n            \"match\": {\n              \"and\": [\n                \"NHL65N\",\n                \"BO9108\",\n                {\n                  \"and\": [\n                    {\n                      \"and\": [\n                        {\n                          \"pattern\": \"VGB2128\",\n                          \"exclude\": [\n                            \"HQE*\",\n                            \"EMS488K\",\n                            \"WK82\",\n                            \"QX853\"\n                          ],\n                          \"info\": \"WBtqelsN;\"\n                        },\n                        \"IQ04xV\",\n                        \"SS47\"\n                      ]\n                    },\n                    {\n                      \"and\": [\n                        {\n                          \"and\": [\n                            \"DY9X\",\n                            {\n                              \"and\": [\n                                \"OR*xP\",\n                                \"KX78\",\n                                \"ZV3815N\"\n                              ]\n                            }\n                          ]\n                        },\n                        {\n                          \"and\": [\n                            {\n                              \"or\": [\n                                \"XOV0619\"\n                              ]\n                            },\n                            \"GAUx8\",\n                            \"YY2742\"\n                          ]\n                        },\n                        \"WDH7510\"\n                      ]\n                    },\n                    {\n                      \"pattern\": \"EPAxB\",\n                      \"exclude\": [\n                        \"CKY8490X\",\n                        \"MCS78\",\n                        \"MFI426\",\n                        \"VQ40\"\n                      ],\n                      \"info\": \"\"\n                    }\n                  ]\n                }\n              ]\n            },\n            \"satisfy\": {\n              \"mc\": \"<=191\"\n            },\n            \"url\": \"https://c.wvf/%F0%A3%8F%B9\",\n            \"info\": \"iS\",\n            \"isSelectable\": true\n          },\n          \"--Z*u]\": {\n            \"name\": \"tKXUpuhpLg\",\n            \"ay\": 2012,\n            \"assign\": \"TW[x[\",\n            \"match\": \"OS9\",\n            \"satisfy\": {\n              \"and\": [\n                \"e}i-~F>7\",\n                {\n                  \"mc\": \">=183\"\n                },\n                \"XA\",\n                \"C=w(\",\n                {\n                  \"and\": [\n                    \"U[RK(F\",\n                    \"o\",\n                    \"%e])?/ tN\"\n                  ]\n                }\n              ]\n            },\n            \"url\": \"https://b.4fsbu4chso3vlb-zs8drh9eot.gbiw/otIMv/cbt&A),6/Y%F1%82%87%84%F2%85%BE%97YUd%F3%B8%B6%B5sBR/BY%F1%88%91%85F\",\n            \"info\": \"\",\n            \"isSelectable\": true,\n            \"G\": {\n              \"name\": \"Hg%x4\",\n              \"ay\": 1994,\n              \"assign\": \"M\",\n              \"match\": [\n                {\n                  \"or\": [\n                    \"ZZH*53\",\n                    \"DL09x4\",\n                    {\n                      \"pattern\": \"IP8\",\n                      \"exclude\": [\n                        \"EG2\"\n                      ],\n                      \"info\": \"qvUEi`\"\n                    },\n                    {\n                      \"pattern\": \"XSE*183R\",\n                      \"exclude\": [],\n                      \"info\": \"\"\n                    },\n                    {\n                      \"and\": [\n                        {\n                          \"or\": [\n                            \"PAD1V\",\n                            {\n                              \"or\": []\n                            },\n                            \"QF597xL\",\n                            {\n                              \"or\": [\n                                \"LP27\",\n                                {\n                                  \"and\": [\n                                    \"OW7*T\",\n                                    \"VBE75B\"\n                                  ]\n                                }\n                              ]\n                            },\n                            {\n                              \"and\": [\n                                \"EHI0U\",\n                                {\n                                  \"or\": [\n                                    \"PTI09\",\n                                    \"MFJ6055\",\n                                    \"RUQ40*1\",\n                                    {\n                                      \"or\": [\n                                        {\n                                          \"pattern\": \"LUP252\",\n                                          \"exclude\": \"VYH925\",\n                                          \"info\": \"`0qgR_}0\"\n                                        },\n                                        \"IPP*x51K\",\n                                        {\n                                          \"pattern\": \"FX0454X\",\n                                          \"exclude\": [],\n                                          \"info\": \"(v),wE9etY\"\n                                        },\n                                        \"MSB*9\"\n                                      ]\n                                    },\n                                    {\n                                      \"and\": [\n                                        \"KU23*x\",\n                                        \"ENx44\",\n                                        \"LT04\"\n                                      ]\n                                    }\n                                  ]\n                                },\n                                {\n                                  \"and\": []\n                                },\n                                \"LC09*5\"\n                              ]\n                            }\n                          ]\n                        },\n                        {\n                          \"and\": [\n                            \"EFR18*\"\n                          ]\n                        }\n                      ]\n                    }\n                  ]\n                },\n                \"XLH210\",\n                \"QQx*M\"\n              ],\n              \"satisfy\": [\n                {\n                  \"and\": [\n                    {\n                      \"mc\": \"<=120\"\n                    },\n                    {\n                      \"and\": [\n                        {\n                          \"or\": [\n                            \"\",\n                            {\n                              \"and\": [\n                                \"94%3,|V\",\n                                {\n                                  \"or\": [\n                                    \"aUr}X<\",\n                                    \"\",\n                                    \"\\\\8{fF\\\\<%T\",\n                                    \"\",\n                                    \"r=\"\n                                  ]\n                                },\n                                \"v\",\n                                \" HdYw~$X%\",\n                                \"\"\n                              ]\n                            },\n                            {\n                              \"or\": [\n                                {\n                                  \"and\": [\n                                    \"es_]\",\n                                    \"Le7<\\\\6<}\"\n                                  ]\n                                }\n                
[...]
              "err": {},
              "uuid": "89eb7727-e643-42ca-b84b-314202953e01",
              "parentUUID": "4325ea4b-9499-4570-877b-37c0c6bc3d31",
              "isHook": false,
              "skipped": false
            },
            {
              "title": "should preserve list of modules with upper bound of MCs if total MC count is lower",
              "fullTitle": "inequalitySatisfier should preserve list of modules with upper bound of MCs if total MC count is lower",
              "timedOut": false,
              "duration": 1,
              "state": "passed",
              "speed": "fast",
              "pass": true,
              "fail": false,
              "pending": false,
              "context": null,
              "code": "const satisfier = satisfiers_1.inequalitySatisfier(ref, \"<=32\");\nsatisfier.should.have.property(\"filter\");\nconst { filter } = satisfier;\nisCorrectFilter(filter, modulesList1, modulesList1.map(([moduleStr]) => moduleStr));",
              "err": {},
              "uuid": "278b076a-9efc-4d60-a391-f789d9caa961",
              "parentUUID": "4325ea4b-9499-4570-877b-37c0c6bc3d31",
              "isHook": false,
              "skipped": false
            },
            {
              "title": "should truncate list of modules with upper bound of MCs at exact cutoff if total MC count is higher and there exists some starting sequence with exact MC count",
              "fullTitle": "inequalitySatisfier should truncate list of modules with upper bound of MCs at exact cutoff if total MC count is higher and there exists some starting sequence with exact MC count",
              "timedOut": false,
              "duration": 0,
              "state": "passed",
              "speed": "fast",
              "pass": true,
              "fail": false,
              "pending": false,
              "context": null,
              "code": "const satisfier = satisfiers_1.inequalitySatisfier(ref, \"<=16\");\nsatisfier.should.have.property(\"filter\");\nconst { filter } = satisfier;\nisCorrectFilter(filter, modulesList1, [\n    \"CS2100\",\n    \"GER1000\",\n    \"CS2040S\",\n    \"ST2131\",\n]);",
              "err": {},
              "uuid": "7091f9c8-245f-4a27-b9c5-8b68a62c7206",
              "parentUUID": "4325ea4b-9499-4570-877b-37c0c6bc3d31",
              "isHook": false,
              "skipped": false
            },
            {
              "title": "should truncate list of modules with upper bound of MCs, cutting off at the minimum starting sequence that exceeds upper bound, if total MC count is higher and there exists no starting sequence with exact MC count",
              "fullTitle": "inequalitySatisfier should truncate list of modules with upper bound of MCs, cutting off at the minimum starting sequence that exceeds upper bound, if total MC count is higher and there exists no starting sequence with exact MC count",
              "timedOut": false,
              "duration": 0,
              "state": "passed",
              "speed": "fast",
              "pass": true,
              "fail": false,
              "pending": false,
              "context": null,
              "code": "const satisfier = satisfiers_1.inequalitySatisfier(ref, \"<=17\");\nsatisfier.should.have.property(\"filter\");\nconst { filter } = satisfier;\nisCorrectFilter(filter, modulesList1, [\n    \"CS2100\",\n    \"GER1000\",\n    \"CS2040S\",\n    \"ST2131\",\n    \"MA1521\",\n]);",
              "err": {},
              "uuid": "24418850-1064-472e-8ec2-e67a6da88982",
              "parentUUID": "4325ea4b-9499-4570-877b-37c0c6bc3d31",
              "isHook": false,
              "skipped": false
            }
          ],
          "suites": [],
          "passes": [
            "b149fc1f-28bc-4d68-9732-f68ee517d4ec",
            "fed52d92-b613-4a82-bc13-3f74158b5d9d",
            "862d3f01-9bdc-4fe4-bb96-8c6a1844fe4a",
            "89eb7727-e643-42ca-b84b-314202953e01",
            "278b076a-9efc-4d60-a391-f789d9caa961",
            "7091f9c8-245f-4a27-b9c5-8b68a62c7206",
            "24418850-1064-472e-8ec2-e67a6da88982"
          ],
          "failures": [],
          "pending": [],
          "skipped": [],
          "duration": 2,
          "root": false,
          "rootEmpty": false,
          "_timeout": 2000
        },
        {
          "uuid": "cf6f5e5a-b21f-4fca-9baf-43afca031bc3",
          "title": "inequalitySchema",
          "fullFile": "/home/runner/work/planwithus-lib/planwithus-lib/src/satisfyRule/inequality/schemas.test.ts",
          "file": "/src/satisfyRule/inequality/schemas.test.ts",
          "beforeHooks": [],
          "afterHooks": [],
          "tests": [
            {
              "title": "should validate inequality in the form <=n or >=n",
              "fullTitle": "inequalitySchema should validate inequality in the form <=n or >=n",
              "timedOut": false,
              "duration": 1,
              "state": "passed",
              "speed": "fast",
              "pass": true,
              "fail": false,
              "pending": false,
              "context": "[\n  {\n    \"title\": \"inequality sample 0\",\n    \"value\": \"<=121\"\n  },\n  {\n    \"title\": \"inequality sample 1\",\n    \"value\": \">=42\"\n  },\n  {\n    \"title\": \"inequality sample 2\",\n    \"value\": \">=198\"\n  },\n  {\n    \"title\": \"inequality sample 3\",\n    \"value\": \"<=125\"\n  },\n  {\n    \"title\": \"inequality sample 4\",\n    \"value\": \">=196\"\n  },\n  {\n    \"title\": \"inequality sample 5\",\n    \"value\": \"<=196\"\n  },\n  {\n    \"title\": \"inequality sample 6\",\n    \"value\": \"<=133\"\n  },\n  {\n    \"title\": \"inequality sample 7\",\n    \"value\": \"<=108\"\n  },\n  {\n    \"title\": \"inequality sample 8\",\n    \"value\": \"<=106\"\n  },\n  {\n    \"title\": \"inequality sample 9\",\n    \"value\": \">=199\"\n  }\n]",
              "code": "fast_check_1.sample(index_test_2.inequality, 10).forEach((sample, i) => addContext_1.default(this, {\n    title: `inequality sample ${i}`,\n    value: sample,\n}));\nreturn fast_check_1.assert(fast_check_1.property(index_test_2.inequality, ajvValidate));",
              "err": {},
              "uuid": "f66df831-b4b7-4965-9d8f-f74b98888b68",
              "parentUUID": "cf6f5e5a-b21f-4fca-9baf-43afca031bc3",
              "isHook": false,
              "skipped": false
            },
            {
              "title": "should not validate inequality of invalid form",
              "fullTitle": "inequalitySchema should not validate inequality of invalid form",
              "timedOut": false,
              "duration": 2,
              "state": "passed",
              "speed": "fast",
              "pass": true,
              "fail": false,
              "pending": false,
              "context": null,
              "code": "[\n        \"\",\n        \"==23\",\n        \"23\",\n        \"<23\",\n        \">23\",\n        \"<=-1\",\n        \">=-1\",\n        \"<= 2\",\n        \">= 1\",\n        \"> 3\",\n        \"< 3\",\n        \"<=3a\",\n        \">=3a\",\n        \"a<=3\",\n        \"a>=3\",\n    ].forEach(isInvalidInequality)",
              "err": {},
              "uuid": "a70f8712-b6e9-4dc3-9af5-f1b0d0f95673",
              "parentUUID": "cf6f5e5a-b21f-4fca-9baf-43afca031bc3",
              "isHook": false,
              "skipped": false
            }
          ],
          "suites": [],
          "passes": [
            "f66df831-b4b7-4965-9d8f-f74b98888b68",
            "a70f8712-b6e9-4dc3-9af5-f1b0d0f95673"
          ],
          "failures": [],
          "pending": [],
          "skipped": [],
          "duration": 3,
          "root": false,
          "rootEmpty": false,
          "_timeout": 2000
        },
        {
          "uuid": "a779e8ba-20d6-490d-83c5-0a4877ec3e68",
          "title": "satisfyRuleSchema",
          "fullFile": "/home/runner/work/planwithus-lib/planwithus-lib/src/satisfyRule/schemas.test.ts",
          "file": "/src/satisfyRule/schemas.test.ts",
          "beforeHooks": [],
          "afterHooks": [],
          "tests": [
            {
              "title": "should validate satisfy rule with valid block id",
              "fullTitle": "satisfyRuleSchema should validate satisfy rule with valid block id",
              "timedOut": false,
              "duration": 1,
              "state": "passed",
              "speed": "fast",
              "pass": true,
              "fail": false,
              "pending": false,
              "context": null,
              "code": "fast_check_1.assert(fast_check_1.property(fast_check_1.string(), ajvValidate)",
              "err": {},
              "uuid": "ac3fb3c7-ccf4-4f10-a30b-bc616a28cc41",
              "parentUUID": "a779e8ba-20d6-490d-83c5-0a4877ec3e68",
              "isHook": false,
              "skipped": false
            },
            {
              "title": "should validate satisfy rules with valid mc",
              "fullTitle": "satisfyRuleSchema should validate satisfy rules with valid mc",
              "timedOut": false,
              "duration": 2,
              "state": "passed",
              "speed": "fast",
              "pass": true,
              "fail": false,
              "pending": false,
              "context": "[\n  {\n    \"title\": \"mcSatisfyRule sample 0\",\n    \"value\": {\n      \"mc\": \"<=50\"\n    }\n  },\n  {\n    \"title\": \"mcSatisfyRule sample 1\",\n    \"value\": {\n      \"mc\": \"<=193\"\n    }\n  },\n  {\n    \"title\": \"mcSatisfyRule sample 2\",\n    \"value\": {\n      \"mc\": \">=194\"\n    }\n  },\n  {\n    \"title\": \"mcSatisfyRule sample 3\",\n    \"value\": {\n      \"mc\": \">=44\"\n    }\n  },\n  {\n    \"title\": \"mcSatisfyRule sample 4\",\n    \"value\": {\n      \"mc\": \">=6\"\n    }\n  },\n  {\n    \"title\": \"mcSatisfyRule sample 5\",\n    \"value\": {\n      \"mc\": \"<=184\"\n    }\n  },\n  {\n    \"title\": \"mcSatisfyRule sample 6\",\n    \"value\": {\n      \"mc\": \"<=94\"\n    }\n  },\n  {\n    \"title\": \"mcSatisfyRule sample 7\",\n    \"value\": {\n      \"mc\": \"<=6\"\n    }\n  },\n  {\n    \"title\": \"mcSatisfyRule sample 8\",\n    \"value\": {\n      \"mc\": \"<=195\"\n    }\n  },\n  {\n    \"title\": \"mcSatisfyRule sample 9\",\n    \"value\": {\n      \"mc\": \"<=170\"\n    }\n  }\n]",
              "code": "fast_check_1.sample(index_test_2.mcSatisfyRule, 10).forEach((sample, i) => addContext_1.default(this, {\n    title: `mcSatisfyRule sample ${i}`,\n    value: sample,\n}));\nreturn fast_check_1.assert(fast_check_1.property(index_test_2.mcSatisfyRule, ajvValidate));",
              "err": {},
              "uuid": "07b604a9-b4c1-40ed-8571-3674c41dbbf6",
              "parentUUID": "a779e8ba-20d6-490d-83c5-0a4877ec3e68",
              "isHook": false,
              "skipped": false
            },
            {
              "title": "should validate valid recursive satisfy rules",
              "fullTitle": "satisfyRuleSchema should validate valid recursive satisfy rules",
              "timedOut": false,
              "duration": 4,
              "state": "passed",
              "speed": "fast",
              "pass": true,
              "fail": false,
              "pending": false,
              "context": "[\n  {\n    \"title\": \"satisfyRule sample 0\",\n    \"value\": {\n      \"and\": [\n        {\n          \"and\": [\n            \"vVV5j6i~A6\"\n          ]\n        }\n      ]\n    }\n  },\n  {\n    \"title\": \"satisfyRule sample 1\",\n    \"value\": {\n      \"mc\": \">=5\"\n    }\n  },\n  {\n    \"title\": \"satisfyRule sample 2\",\n    \"value\": {\n      \"and\": [\n        {\n          \"mc\": \">=2\"\n        },\n        {\n          \"and\": [\n            {\n              \"or\": [\n                {\n                  \"mc\": \">=184\"\n                }\n              ]\n            },\n            \"ned=}=v\"\n          ]\n        }\n      ]\n    }\n  },\n  {\n    \"title\": \"satisfyRule sample 3\",\n    \"value\": \",[6{J72`\"\n  },\n  {\n    \"title\": \"satisfyRule sample 4\",\n    \"value\": {\n      \"or\": []\n    }\n  },\n  {\n    \"title\": \"satisfyRule sample 5\",\n    \"value\": {\n      \"mc\": \">=195\"\n    }\n  },\n  {\n    \"title\": \"satisfyRule sample 6\",\n    \"value\": {\n      \"or\": [\n        {\n          \"or\": [\n            \")MkHutT.\",\n            {\n              \"or\": [\n                \"!-#)&vAb\",\n                {\n                  \"or\": []\n                }\n              ]\n            },\n            \"m8j^^\",\n            \"0\"\n          ]\n        }\n      ]\n    }\n  },\n  {\n    \"title\": \"satisfyRule sample 7\",\n    \"value\": {\n      \"mc\": \"<=124\"\n    }\n  },\n  {\n    \"title\": \"satisfyRule sample 8\",\n    \"value\": {\n      \"or\": [\n        {\n          \"or\": []\n        },\n        {\n          \"mc\": \"<=4\"\n        },\n        \";m~\",\n        {\n          \"mc\": \">=196\"\n        }\n      ]\n    }\n  },\n  {\n    \"title\": \"satisfyRule sample 9\",\n    \"value\": {\n      \"mc\": \">=196\"\n    }\n  }\n]",
              "code": "fast_check_1.sample(index_test_2.satisfyRule, 10).forEach((sample, i) => addContext_1.default(this, {\n    title: `satisfyRule sample ${i}`,\n    value: sample,\n}));\nreturn fast_check_1.assert(fast_check_1.property(index_test_2.satisfyRule, ajvValidate));",
              "err": {},
              "uuid": "db6bc5eb-c021-4003-9138-68c9fb49c867",
              "parentUUID": "a779e8ba-20d6-490d-83c5-0a4877ec3e68",
              "isHook": false,
              "skipped": false
            },
            {
              "title": "should not validate non-string/object",
              "fullTitle": "satisfyRuleSchema should not validate non-string/object",
              "timedOut": false,
              "duration": 2,
              "state": "passed",
              "speed": "fast",
              "pass": true,
              "fail": false,
              "pending": false,
              "context": null,
              "code": "const error = {\n    instancePath: \"\",\n    message: \"satisfy rule should be either a string or an object\",\n};\nisInvalidRule(null, error);\nisInvalidRule(undefined, error);\nisInvalidRule(10, error);\nisInvalidRule([12, 24], error);",
              "err": {},
              "uuid": "ef6f6329-7d9d-4b87-85e9-163eb31298c1",
              "parentUUID": "a779e8ba-20d6-490d-83c5-0a4877ec3e68",
              "isHook": false,
              "skipped": false
            },
            {
              "title": "should not validate satisfy rules with extra properties",
              "fullTitle": "satisfyRuleSchema should not validate satisfy rules with extra properties",
              "timedOut": false,
              "duration": 0,
              "state": "passed",
              "speed": "fast",
              "pass": true,
              "fail": false,
              "pending": false,
              "context": null,
              "code": "isInvalidRule({\n        and: [\n            { or: [\"2k\"], abc: \"def\" },\n            { mc: 8, ghi: \"jkl\" },\n        ],\n        mno: \"pqr\",\n    }, {\n        instancePath: \"/and/0\",\n        message: \"or satisfy rule should have property 'or' only\",\n    }, {\n        instancePath: \"/and/1\",\n        message: \"MC satisfy rule should have property 'mc' only\",\n    }, {\n        instancePath: \"\",\n        message: \"and satisfy rule should have property 'and' only\",\n    })",
              "err": {},
              "uuid": "b90a17ef-7467-48a6-bf63-d8849b355c58",
              "parentUUID": "a779e8ba-20d6-490d-83c5-0a4877ec3e68",
              "isHook": false,
              "skipped": false
            },
            {
              "title": "should not validate ambiguous satisfy rules",
              "fullTitle": "satisfyRuleSchema should not validate ambiguous satisfy rules",
              "timedOut": false,
              "duration": 1,
              "state": "passed",
              "speed": "fast",
              "pass": true,
              "fail": false,
              "pending": false,
              "context": null,
              "code": "const message = \"satisfy rule should have only one of properties 'mc', 'and', 'or'\";\nisInvalidRule({\n    or: [\n        { mc: 5, and: [\"CS2040\"] },\n        { and: [{ and: [\"abc\"], or: [\"def\"] }] },\n    ],\n}, { instancePath: \"/or/0\", message }, { instancePath: \"/or/1/and/0\", message });",
              "err": {},
              "uuid": "dc5e2830-19a2-4cfb-a3f2-89ea754f3e8d",
              "parentUUID": "a779e8ba-20d6-490d-83c5-0a4877ec3e68",
              "isHook": false,
              "skipped": false
            },
            {
              "title": "should not validate and satisfy rules with non-array property",
              "fullTitle": "satisfyRuleSchema should not validate and satisfy rules with non-array property",
              "timedOut": false,
              "duration": 0,
              "state": "passed",
              "speed": "fast",
              "pass": true,
              "fail": false,
              "pending": false,
              "context": null,
              "code": "const message = \"property 'and' should be an array of satisfy rules\";\nisInvalidRule({ or: [{ and: {} }, { or: [{ and: 3 }] }] }, { instancePath: \"/or/0/and\", message }, { instancePath: \"/or/1/or/0/and\", message });",
              "err": {},
              "uuid": "dfbcd2fc-9e0e-4b5d-9002-9e7701164915",
              "parentUUID": "a779e8ba-20d6-490d-83c5-0a4877ec3e68",
              "isHook": false,
              "skipped": false
            },
            {
              "title": "should not validate or satisfy rules with non-array property",
              "fullTitle": "satisfyRuleSchema should not validate or satisfy rules with non-array property",
              "timedOut": false,
              "duration": 1,
              "state": "passed",
              "speed": "fast",
              "pass": true,
              "fail": false,
              "pending": false,
              "context": null,
              "code": "const message = \"property 'or' should be an array of satisfy rules\";\nisInvalidRule({ and: [{ or: {} }, { and: [{ or: 3 }] }] }, { instancePath: \"/and/0/or\", message }, { instancePath: \"/and/1/and/0/or\", message });",
              "err": {},
              "uuid": "bfa19c25-bc5a-4a45-9ace-defa21cf836e",
              "parentUUID": "a779e8ba-20d6-490d-83c5-0a4877ec3e68",
              "isHook": false,
              "skipped": false
            }
          ],
          "suites": [],
          "passes": [
            "ac3fb3c7-ccf4-4f10-a30b-bc616a28cc41",
            "07b604a9-b4c1-40ed-8571-3674c41dbbf6",
            "db6bc5eb-c021-4003-9138-68c9fb49c867",
            "ef6f6329-7d9d-4b87-85e9-163eb31298c1",
            "b90a17ef-7467-48a6-bf63-d8849b355c58",
            "dc5e2830-19a2-4cfb-a3f2-89ea754f3e8d",
            "dfbcd2fc-9e0e-4b5d-9002-9e7701164915",
            "bfa19c25-bc5a-4a45-9ace-defa21cf836e"
          ],
          "failures": [],
          "pending": [],
          "skipped": [],
          "duration": 11,
          "root": false,
          "rootEmpty": false,
          "_timeout": 2000
        }
      ],
      "passes": [],
      "failures": [],
      "pending": [],
      "skipped": [],
      "duration": 0,
      "root": true,
      "rootEmpty": true,
      "_timeout": 2000
    }
  ],
  "meta": {
    "mocha": {
      "version": "9.1.1"
    },
    "mochawesome": {
      "options": {
        "quiet": false,
        "reportFilename": "mochawesome",
        "saveHtml": true,
        "saveJson": true,
        "consoleReporter": "spec",
        "useInlineDiffs": false,
        "code": true
      },
      "version": "6.2.2"
    },
    "marge": {
      "options": {
        "reportDir": "docs"
      },
      "version": "5.2.0"
    }
  }
}