{
  "stats": {
    "suites": 10,
    "tests": 48,
    "passes": 48,
    "pending": 0,
    "failures": 0,
    "start": "2021-08-24T00:31:51.775Z",
    "end": "2021-08-24T00:31:52.049Z",
    "duration": 274,
    "testsRegistered": 48,
    "passPercent": 100,
    "pendingPercent": 0,
    "other": 0,
    "hasOther": false,
    "skipped": 0,
    "hasSkipped": false
  },
  "results": [
    {
      "uuid": "78c32198-8b15-40aa-af2c-882ab4759075",
      "title": "",
      "fullFile": "",
      "file": "",
      "beforeHooks": [],
      "afterHooks": [],
      "tests": [],
      "suites": [
        {
          "uuid": "5d160d1f-7f5b-48b4-8499-df3818e58bd3",
          "title": "initDirectories",
          "fullFile": "/home/runner/work/planwithus-lib/planwithus-lib/src/block/schemas.test.ts",
          "file": "/src/block/schemas.test.ts",
          "beforeHooks": [],
          "afterHooks": [],
          "tests": [
            {
              "title": "should parse all blocks with no errors",
              "fullTitle": "initDirectories should parse all blocks with no errors",
              "timedOut": false,
              "duration": 3,
              "state": "passed",
              "speed": "fast",
              "pass": true,
              "fail": false,
              "pending": false,
              "context": null,
              "code": "_1.initDirectories.should.not.throw()",
              "err": {},
              "uuid": "35eb7d84-22ec-47ea-9fc5-6af304320d41",
              "parentUUID": "5d160d1f-7f5b-48b4-8499-df3818e58bd3",
              "isHook": false,
              "skipped": false
            },
            {
              "title": "should produce primary, second & minor directories",
              "fullTitle": "initDirectories should produce primary, second & minor directories",
              "timedOut": false,
              "duration": 2,
              "state": "passed",
              "speed": "fast",
              "pass": true,
              "fail": false,
              "pending": false,
              "context": null,
              "code": "const directories = _1.initDirectories();\ndirectories.should.have.property(\"primary\");\ndirectories.should.have.property(\"second\");\ndirectories.should.have.property(\"minor\");",
              "err": {},
              "uuid": "75bc901f-d5c1-42c4-829d-51eeb828bdec",
              "parentUUID": "5d160d1f-7f5b-48b4-8499-df3818e58bd3",
              "isHook": false,
              "skipped": false
            }
          ],
          "suites": [],
          "passes": [
            "35eb7d84-22ec-47ea-9fc5-6af304320d41",
            "75bc901f-d5c1-42c4-829d-51eeb828bdec"
          ],
          "failures": [],
          "pending": [],
          "skipped": [],
          "duration": 5,
          "root": false,
          "rootEmpty": false,
          "_timeout": 2000
        },
        {
          "uuid": "c0ec5822-bf27-46d8-a512-1f0832cba3a2",
          "title": "blockSchema",
          "fullFile": "/home/runner/work/planwithus-lib/planwithus-lib/src/block/schemas.test.ts",
          "file": "/src/block/schemas.test.ts",
          "beforeHooks": [],
          "afterHooks": [],
          "tests": [
            {
              "title": "should validate valid block",
              "fullTitle": "blockSchema should validate valid block",
              "timedOut": false,
              "duration": 157,
              "state": "passed",
              "speed": "slow",
              "pass": true,
              "fail": false,
              "pending": false,
              "context": "[\n  {\n    \"title\": \"block sample 0\",\n    \"value\": {\n      \"name\": \"05\",\n      \"ay\": 1959,\n      \"match\": [\n        {\n          \"pattern\": \"PSS3\",\n          \"exclude\": \"ZOC58N\",\n          \"info\": \"w,un3}]3RW\"\n        },\n        {\n          \"or\": [\n            {\n              \"and\": [\n                \"VKC3N\",\n                {\n                  \"and\": [\n                    \"BC202N\",\n                    \"RE9\",\n                    {\n                      \"and\": [\n                        \"IIO7O\",\n                        \"TWG2V\",\n                        {\n                          \"pattern\": \"XJ*2\",\n                          \"exclude\": [\n                            \"NL2\",\n                            \"IOHxx33P\",\n                            \"YX91\",\n                            \"RC4C\"\n                          ],\n                          \"info\": \"YsDt\"\n                        },\n                        \"UH043C\"\n                      ]\n                    },\n                    \"FEN3\"\n                  ]\n                }\n              ]\n            },\n            {\n              \"pattern\": \"NWT449\",\n              \"exclude\": \"EF3774R\"\n            },\n            {\n              \"and\": [\n                {\n                  \"or\": [\n                    {\n                      \"and\": [\n                        \"WMZ571\",\n                        {\n                          \"or\": [\n                            \"NHD58P\",\n                            \"SF4*xQ\",\n                            \"UPF1\"\n                          ]\n                        },\n                        \"ANA1*07\",\n                        \"JV7640B\"\n                      ]\n                    }\n                  ]\n                },\n                \"NJC79Q\",\n                \"ZTS832P\"\n              ]\n            },\n            {\n              \"pattern\": \"XM4V\",\n              \"info\": \"\"\n            }\n          ]\n        },\n        {\n          \"and\": [\n            {\n              \"or\": [\n                \"FRL5386\"\n              ]\n            }\n          ]\n        },\n        \"CAZ847\",\n        {\n          \"or\": []\n        }\n      ],\n      \"satisfy\": [\n        {\n          \"mc\": \"<=62\"\n        },\n        {\n          \"mc\": \"<=37\"\n        },\n        {\n          \"and\": [\n            {\n              \"and\": [\n                \"\",\n                {\n                  \"mc\": \"<=112\"\n                },\n                \"y\",\n                \"ug\",\n                {\n                  \"mc\": \">=163\"\n                }\n              ]\n            },\n            {\n              \"and\": [\n                \"_Xr\",\n                {\n                  \"and\": [\n                    \"{`$(,|^^4\",\n                    \"M3|7\"\n                  ]\n                }\n              ]\n            },\n            \"\\\\K3J#\",\n            {\n              \"and\": [\n                \"\\\"8\",\n                \"`y^\\\\C|&;[\",\n                \"`OQH7\\\\J?.s\"\n              ]\n            }\n          ]\n        }\n      ],\n      \"url\": \"https://9dfdo.cf1w.be/%F2%BD%B8%8DPcWh@//u*e/BN)nh@oxa/)*gb:%32%33B/%F1%9B%A6%B6:c/axDd%E8%B4%B1OJ'Zx\",\n      \"info\": \">V!\",\n      \"isSelectable\": true\n    }\n  },\n  {\n    \"title\": \"block sample 1\",\n    \"value\": {\n      \"ay\": 2015,\n      \"assign\": \"{\",\n      \"match\": \"MPT171\",\n      \"satisfy\": \"w~\",\n      \"url\": \"https://mze8wckwpqgnckam6v7q4featbvdyf8dg12u1y28h.jr4da22c399dkzfhjoeqbdyg3ugaehtdl1uin3f-8mganb9-mei6gtg5-an.d.cclt5t8hc5wxjpx.pe0c.ddwodedws/0/6+JnL%F2%80%8E%B3x:q/A7bN9P=n/%F1%B3%9B%BDL%F0%91%94%B5/(CIpv/oKZo/h/4/S%F0%BA%8C%BCzKqlj\",\n      \"info\": \"J}&`\",\n      \"isSelectable\": true\n    }\n  },\n  {\n    \"title\": \"block sample 2\",\n    \"value\": {\n      \"name\": \"AyPjiI\",\n      \"ay\": 1951,\n      \"assign\": [\n        \"HPZCK%&/\"\n      ],\n      \"match\": [\n        {\n          \"and\": [\n            {\n              \"and\": [\n                \"WBU*560\",\n                \"XHT0720B\"\n              ]\n            }\n          ]\n        }\n      ],\n      \"info\": \"w%zw0 pD^D\"\n    }\n  },\n  {\n    \"title\": \"block sample 3\",\n    \"value\": {\n      \"ay\": 1954,\n      \"assign\": [\n        \"e^Qi\",\n        \"2\",\n        \"_i+]b\"\n      ],\n      \"match\": [\n        {\n          \"pattern\": \"JC4\",\n          \"exclude\": \"BXW9x56G\",\n          \"info\": \"&1moT*Ut\"\n        },\n        {\n          \"pattern\": \"CAJ648F\",\n          \"exclude\": [\n            \"RGI026\",\n            \"UJA0B\"\n          ],\n          \"info\": \"N50r\\\\7Nz\"\n        },\n        {\n          \"pattern\": \"LG4\",\n          \"info\": \":cE\"\n        },\n        {\n          \"pattern\": \"KR*\",\n          \"exclude\": [],\n          \"info\": \"fq@DVP\"\n        },\n        {\n          \"or\": [\n            {\n              \"or\": []\n            },\n            \"AMD304S\",\n            {\n              \"and\": [\n                {\n                  \"pattern\": \"BI0480N\",\n                  \"exclude\": \"YX72\",\n                  \"info\": \"}.)T{}\"\n                },\n                \"IY899*\"\n              ]\n            },\n            {\n              \"pattern\": \"ZR46D\",\n              \"exclude\": \"TMK78\",\n              \"info\": \"zX]hu6iDz\"\n            }\n          ]\n        }\n      ],\n      \"satisfy\": {\n        \"and\": [\n          {\n            \"and\": []\n          },\n          {\n            \"mc\": \">=33\"\n          },\n          {\n            \"or\": [\n              {\n                \"and\": [\n                  \"tgF}J`\",\n                  \"\\\\\",\n                  \"d7&!RnZXJ\",\n                  \"N/|vTo $\",\n                  \".%T0D*kZ\"\n                ]\n              },\n              {\n                \"mc\": \"<=141\"\n              },\n              \"\",\n              {\n                \"mc\": \"<=136\"\n              }\n            ]\n          }\n        ]\n      },\n      \"url\": \"https://q.p59izchkvd.aeyd/s/!Z~FQ1c0I%F3%88%83%A2/C&PnXL/h%E4%98%96a1sZ&l/FiFdP.\",\n      \"info\": \"#(\",\n      \"isSelectable\": true\n    }\n  },\n  {\n    \"title\": \"block sample 4\",\n    \"value\": {\n      \"name\": \"?1xG\",\n      \"ay\": 2003,\n      \"assign\": \"\",\n      \"match\": {\n        \"and\": []\n      },\n      \"satisfy\": [\n        {\n          \"mc\": \"<=162\"\n        }\n      ],\n      \"info\": \"|~;#\\\"|#\",\n      \"isSelectable\": true,\n      \"[52\": {\n        \"name\": \"+`x\",\n        \"ay\": 2022,\n        \"assign\": \"*bv, oO\",\n        \"match\": [],\n        \"satisfy\": [\n          \"~\"\n        ],\n        \"info\": \"s.VV4_o\",\n        \"o\": {\n          \"name\": \"S= 9|<SS7\",\n          \"ay\": 1954,\n          \"assign\": [\n            \"yE\",\n            \"T^h\"\n          ],\n          \"match\": [\n            \"LNT707\",\n            {\n              \"or\": [\n                {\n                  \"or\": [\n                    {\n                      \"and\": [\n                        {\n                          \"and\": []\n                        },\n                        \"GZ7\",\n                        \"WH586Z\",\n                        {\n                          \"pattern\": \"NFS*95\"\n                        },\n                        \"UJ5xG\"\n                      ]\n                    }\n                  ]\n                }\n              ]\n            }\n          ],\n          \"satisfy\": \"|~fP5O$E\",\n          \"url\": \"http://gn7mbbloekw04jx93bzki-pywyra.ti4z1bqwzmjwbqqvdzn823kdcsosezui5zbw9z.jgurqq5m4366-fx8z5q49vd1q-jbw5m-5ggnzgrcyh0ezq9bj.6glra323o9f005840uoq70ero9fhmgy9z53es3y.tcws/%F4%8F%BF%B1Ha/uMlD\",\n          \"info\": \"puo6N)% Fx\",\n          \"isSelectable\": true\n        },\n        \"\": {\n          \"ay\": 2030,\n          \"assign\": [\n            \"!5U41w\",\n            \".,\\\\k\"\n          ],\n          \"match\": \"HR89\",\n          \"satisfy\": {\n            \"and\": [\n              \"?+QS|#e1Q;\",\n              {\n                \"and\": [\n                  {\n                    \"or\": [\n                      \"\",\n                      {\n                        \"or\": [\n                          \"N~Z\",\n                          \"Ln\",\n                          \"[3&S&Q`\",\n                          {\n                            \"and\": [\n                              \"z7Iv\",\n                              \"8h?9;\"\n                            ]\n                          },\n                          {\n                            \"mc\": \"<=184\"\n                          }\n                        ]\n                      }\n                    ]\n                  },\n                  {\n                    \"or\": [\n                      {\n                        \"and\": []\n                      },\n                      \"k7kB&d:\",\n                      {\n                        \"or\": [\n                          \"x<\",\n                          \"w\",\n                          \"xl_\",\n                          {\n                            \"mc\": \"<=25\"\n                          },\n                          \"RaR9S\"\n                        ]\n                      },\n                      \"\"\n                    ]\n                  },\n                  {\n                    \"and\": [\n                      {\n                        \"mc\": \">=60\"\n                      },\n                      {\n                        \"mc\": \"<=198\"\n                      },\n                      \"=(bpN%\",\n                      \"1\",\n                      \"s0=Z#[4@\"\n                    ]\n                  },\n                  \"]j$\",\n                  \"(Q\"\n                ]\n              },\n              {\n                \"or\": [\n                  \"Y4D,vWZ|K\",\n                  \"9B\"\n                ]\n              }\n            ]\n          },\n          \"url\": \"http://xygqyojvytk6.6atns4w-27dbgjp2gww0zh1bm18lbrwszsciqx0290le86nx0.cqqcw/v+Q!Tl@//3d/ok/ybw-Bg/!R:+a/@vcbf/D$)_IG8+b/Kr.b8+o.:M\",\n          \"info\": \"~<Tx$\\\"B\"\n        },\n        \"{o#Txr#<#\": {\n          \"name\": \"[?.l:}Q%}.\",\n          \"ay\": 2012,\n          \"assign\": [\n            \"/z\\\"%y|X@jh\",\n            \"\",\n            \"94WQ0rR\",\n            \">eu!!#\"\n          ],\n          \"match\": [\n            {\n              \"and\": [\n                {\n                  \"or\": [\n                    \"AV6Y\",\n                    {\n                      \"pattern\": \"CQX3*5xM\",\n                      \"exclude\": \"LJF**7\",\n                      \"info\": \"_5^`\"\n                    }\n                  ]\n                },\n                \"DJO8\",\n                {\n                  \"pattern\": \"VCF*95\",\n                  \"exclude\": [\n                    \"UZx932P\",\n                    \"TEB8241\"\n                  ],\n                  \"info\": \"*sgk^S(\"\n                }\n              ]\n            },\n            {\n              \"and\": [\n                {\n                  \"and\": []\n                },\n                {\n                  \"and\": [\n                    {\n                      \"and\": [\n                        \"ZX*075N\",\n                        {\n                          \"or\": [\n                            \"FRM5*55V\"\n                          ]\n                        },\n                        {\n                          \"or\": [\n                            {\n                              \"pattern\": \"JJx8\",\n                              \"info\": \"?ncG/-u7l|\"\n                            }\n                          ]\n                        }\n                      ]\n                    },\n                    \"KDD*7C\",\n                    {\n                      \"and\": [\n                        {\n                          \"pattern\": \"MR2\",\n                          \"exclude\": [\n                            \"BZL08xR\",\n                            \"VNM9736\",\n                            \"MHE6\"\n                          ],\n                          \"info\": \"O8A\"\n                        },\n                        \"TT0x\",\n                        {\n                          \"and\": [\n                            \"KK7W\"\n                          ]\n                        },\n                        {\n                          \"pattern\": \"XE59xU\",\n                          \"exclude\": \"KYH1218D\",\n                          \"info\": \"t)Myq0Y\"\n                        }\n                      ]\n                    }\n                  ]\n                },\n                \"NU550*B\"\n              ]\n            },\n            {\n              \"pattern\": \"QCA7P\",\n              \"exclude\": \"VZX36\",\n              \"info\": \"O*,\"\n            },\n            {\n              \"pattern\": \"DWV2x15D\",\n              \"info\": \"Nh6MmPKmt\"\n            },\n            \"JQNxH\"\n          ],\n          \"url\": \"https://n3d6x.zraffcc.y-7de7ccb1pjreaofcceadfic0bx96dnc0mf.dc-6.pfbjlaec6caayawb4d6sc6bafaf5a5p5d6-tpaf9e.nmsyatr/%F2%A1%90%BDXs=.8=QL/pD'\",\n          \"info\": \"Rf\",\n          \"isSelectable\": true\n        }\n      },\n      \"Pt8La[*dmk\": {\n        \"name\": \"W\",\n        \"assign\": \"&7y.U/,7\",\n        \"match\": {\n          \"and\": []\n        },\n        \"satisfy\": [],\n        \"url\": \"https://ps4tlpr23uahgjem74hxuslinoi8cp55pa208sbuvuebfymn0tpjv2.awbftdumln16r5g17t.dwemvaecc//Y-=/$Y:ONLmY~/=2_BnK//d%F1%BC%B6%AC\",\n        \"info\": \"3\",\n        \"isSelectable\": true\n      },\n      \"N/p&b|n\": {\n        \"assign\": \"Xr0eD^\",\n        \"satisfy\": [\n          \"),/kp;=t|d\",\n          {\n            \"or\": []\n          },\n          {\n            \"or\": [\n              \"$;4\",\n              \"\"\n            ]\n          },\n          {\n            \"mc\": \"<=68\"\n          }\n        ],\n        \"url\": \"https://t.wqdpab7jm6-pj2qi92duee529mdm3nlhxrtrfilw21unjyk0.5-t.p.gnyj5pdge2w.nleio/Q2O:xcff4/%F4%8F%BF%B9ga//,U:g/:BiXH/:%E7%9B%9F8V&5/V)vZX/ge/;ag9=:%F4%8F%BF%BD:4+/%E4%AB%AFNth\",\n        \"info\": \"e*.&MSR\",\n        \"isSelectable\": true,\n        \"{\": {\n          \"name\": \" !-'%&;\\\"I\",\n          \"assign\": [\n            \"fd\",\n            \"n\",\n            \"_V=WZ O\",\n            \"<\",\n            \"~. 785#\"\n          ],\n          \"match\": {\n            \"pattern\": \"NLN22I\",\n            \"exclude\": [\n              \"ZCQ256C\"\n            ],\n            \"info\": \">E\"\n          },\n          \"satisfy\": \"\",\n          \"url\": \"https://6c9prp-adf7ex86cfygnfm6a6bl90decd6facaed.bfwd9l6mcl779813fuqeri-nffyb5v55d9dfnst6fg9ckaac6btbqcklh.ey4of4.69vf.9ml4ocbqsvgqiq-8pppxa35l3gkzpg9.seca\",\n          \"isSelectable\": true\n        },\n        \"\": {\n          \"name\": \"$Ky\",\n          \"ay\": 2027,\n          \"assign\": [\n            \"Xqm#\",\n            \"J_V(\",\n            \"H%@2\",\n            \"3\"\n          ],\n          \"match\": {\n            \"and\": [\n              {\n                \"pattern\": \"TX31P\",\n                \"exclude\": \"ZP75M\",\n                \"info\": \"3]VUpv9bH\"\n              },\n              {\n                \"pattern\": \"BM80*\",\n                \"exclude\": [\n                  \"SC111K\",\n                  \"SMF1\",\n                  \"VAF9N\"\n                ],\n                \"info\": \"\"\n              },\n              {\n                \"and\": [\n                  \"YR2\",\n                  \"YC1904U\",\n                  {\n                    \"or\": [\n                      \"TFSx11*D\"\n                    ]\n                  },\n                  \"AAA7\"\n                ]\n              },\n              \"HR97*1H\",\n              {\n                \"or\": [\n                  \"BW8508I\",\n                  {\n                    \"pattern\": \"ET811\",\n                    \"exclude\": [\n                      \"SIx\",\n                      \"QR6P\",\n                      \"BOY16T\",\n                      \"NWF4\"\n                    ],\n                    \"info\": \"W$~VhhDq\"\n                  },\n                  {\n                    \"pattern\": \"JOT0\",\n                    \"info\": \"?\"\n                  },\n                  \"SC*\"\n                ]\n              }\n            ]\n          },\n          \"satisfy\": [],\n          \"url\": \"https://khhxbga20oqv0762jhec4yjq6nhh3rn7xx1ov618vr7r84.79g6a.7h3yb73.nohljut/($+C-3awfc//8M7!%F1%B2%9D%9E/%F2%91%89%B0'mT3/s\",\n          \"info\": \"#&-(7y\\\"\",\n          \"isSelectable\": true\n        }\n      },\n      \"&O~:Lb ~b~\": {\n        \"ay\": 1950,\n        \"assign\": [\n          \"+EYk\",\n          \"v]6hk^}${\"\n        ],\n        \"match\": [\n          {\n            \"and\": [\n              {\n                \"and\": [\n                  {\n                    \"and\": []\n                  },\n                  {\n                    \"or\": [\n                      \"SH*6P\",\n                      \"XOO5850\",\n                      \"ZVD711\"\n                    ]\n                  },\n                  {\n                    \"pattern\": \"CMJ1\",\n                    \"exclude\": \"VN87E\",\n                    \"info\": \"9HmVJ\"\n                  },\n                  \"SFZ*M\",\n                  {\n                    \"pattern\": \"SP8J\",\n                    \"exclude\": \"XADx5xxE\",\n                    \"info\": \"GUk&'_B\"\n                  }\n                ]\n              },\n              {\n                \"and\": [\n                  \"TQV285\",\n                  \"UZ75\"\n                ]\n              }\n            ]\n          }\n        ],\n        \"url\": \"https://xvhed.jludf/%2C/Eu9/@l_:G*_/a$n\",\n        \"info\": \"I\\\\r\",\n        \"isSelectable\": true,\n        \"B8^~h\": {\n          \"name\": \"\",\n          \"assign\": \"`);\",\n          \"match\": {\n            \"and\": [\n              {\n                \"and\": []\n              }\n            ]\n          },\n          \"satisfy\": [\n            {\n              \"or\": [\n                {\n                  \"mc\": \"<=1\"\n                },\n                {\n                  \"and\": [\n                    {\n                      \"mc\": \">=3\"\n                    },\n                    \"\\\"wnLs@*\"\n                  ]\n                }\n              ]\n            },\n            {\n              \"and\": [\n                {\n                  \"and\": [\n                    {\n                      \"or\": [\n                        \"Ye[\",\n                        {\n                          \"or\": [\n                            {\n                              \"and\": [\n                                \"P>iA%*PS0F\",\n                                {\n                                  \"or\": [\n                                    \"2;cq>\",\n                                    \";O!&]\",\n                                    \"x\",\n                                    \"]\"\n                                  ]\n                                },\n                                \"\"\n                              ]\n                            },\n                            \"u\",\n                            \"+C!R[\",\n                            \"gTJ,b_R,<b\"\n                          ]\n                        },\n                        \"\\\\ Yeyv2\",\n                        \"pF<^=!Y\"\n                      ]\n                    },\n                    {\n                      \"or\": [\n                        \"3>MR{7M]\"\n                      ]\n                    },\n                    {\n                      \"and\": [\n                        {\n                          \"or\": [\n                            \"b^\"\n                          ]\n                        },\n                        {\n                          \"and\": []\n                        },\n                        {\n                          \"or\": [\n                            \"-K&\",\n                            \"L!T[KU}\",\n                            \"2N]FD($(d`\",\n                            \"X\",\n                            \"*sCSOz\"\n                          ]\n                        }\n                      ]\n                    }\n                  ]\n                }\n              ]\n            }\n          ],\n          \"url\": \"https://jds55f.vph/e%F2%B5%8D%BAajC/~7bZET/n%F1%85%85%BB/HR1t2l+8~/gR$a%F3%A3%B1%9F_9Q\",\n          \"isSelectable\": true\n        },\n        \"p\\\"|z\": {\n          \"name\": \"gOjq9r9f?b\",\n          \"ay\": 1952,\n          \"assign\": [\n            \"#paz3DCzd2\",\n            \"fhEj\",\n            \">twt9M}\"\n          ],\n          \"match\": \"PQ5\",\n          \"url\": \"http://elzcbnlbox9bjj9z8ssqc0ae4-1qh9buba-4bta-oga10z.yods/fBi/6)*I*L\",\n          \"info\": \"x<@Slka<e\",\n          \"isSelectable\": true,\n          \"\": {\n            \"name\": \"<=/f9%\",\n            \"ay\": 2025,\n            \"assign\": \"Ip&Xtf/ A\",\n            \"match\": \"EL4*Q\",\n            \"url\": \"https://6ot7c-oir-ndgadls86mkmualhmg-zldi5zz7eiovqnd9h9.b3ic6fd.vbkkeaazos/a-vdU/%F0%B5%A9%820%F0%B1%90%A9gsKMYO/;L0iN+kz;/C//6/aW%F2%BF%85%87,GcZWy\",\n            \"info\": \"zNo0([H1[.\",\n            \"isSelectable\": true\n          }\n        }\n      },\n      \"X\": {\n        \"name\": \"\",\n        \"ay\": 1956,\n        \"assign\": \"nwTqY3>W\",\n        \"match\": \"NX61xxE\",\n        \"satisfy\": {\n          \"and\": [\n            {\n              \"and\": [\n                \"sz,T`>\",\n                {\n                  \"or\": [\n                    {\n                      \"mc\": \">=39\"\n                    }\n                  ]\n                },\n                {\n                  \"mc\": \">=150\"\n                }\n              ]\n            },\n            \"#&#\\\"~o!\"\n          ]\n        },\n        \"url\": \"http://f2vk39wqaf-95npmdpo7xtm5jk0.8nzbtr1czgykgc-60m77aw-3u3xvl2qt2n4.hmr2ows8cuxek4tf-3l-csxnpnni7zmtm9di.ln6dxdxn46edrwsgslwmqeaab6.xcnxep0s3ohldb0wuzclo8t12zi4g.mrsbb\",\n        \"info\": \"1G&\",\n        \"isSelectable\": true\n      }\n    }\n  },\n  {\n    \"title\": \"block sample 5\",\n    \"value\": {\n      \"name\": \"MK\",\n      \"ay\": 1950,\n      \"assign\": [],\n      \"match\": [],\n      \"satisfy\": {\n        \"mc\": \">=8\"\n      },\n      \"url\": \"https://v1b56vby4ccccafp7faf9eps9c3gfcjrlddef.a3-fqu.hyi/z/L5pB6%F2%85%BE%A0CF/D@PH_%F0%9D%B2%81%F1%96%A0%BE%F4%83%89%B9\",\n      \"info\": \"R#)A8l5T\",\n      \"isSelectable\": true\n    }\n  },\n  {\n    \"title\": \"block sample 6\",\n    \"value\": {\n      \"name\": \"S%Xi\",\n      \"ay\": 1964,\n      \"assign\": \"8  6\\\"GXSd\",\n      \"url\": \"http://b7w2f-yd09f-do55-a5708eig5df.dzaaao/ad:Ae/Vb%F0%A1%9B%8EK%F0%9C%85%B9/KzeZWZ\",\n      \"info\": \"%\"\n    }\n  },\n  {\n    \"title\": \"block sample 7\",\n    \"value\": {\n      \"name\": \"s\",\n      \"ay\": 2027,\n      \"assign\": \"{UZ\",\n      \"match\": [\n        {\n          \"pattern\": \"FO6xS\",\n          \"info\": \"\"\n        },\n        {\n          \"pattern\": \"EK*\",\n          \"exclude\": \"PS4C\",\n          \"info\": \"-KM5{yPUP\"\n        },\n        \"VHx\"\n      ],\n      \"url\": \"http://547bve11plb5z8ff.yxf.5a7.zpzp/B/6V1x2%F3%97%81%96qOgv/dc/E/V$zP8/N3/7ae\",\n      \"info\": \"%|-d&=\"\n    }\n  },\n  {\n    \"title\": \"block sample 8\",\n    \"value\": {\n      \"assign\": \"AVkCD`3#n\",\n      \"match\": {\n        \"pattern\": \"RTW03\",\n        \"exclude\": [\n          \"XOO154\",\n          \"QJ68\"\n        ],\n        \"info\": \" _.Q5\"\n      },\n      \"satisfy\": {\n        \"mc\": \">=5\"\n      },\n      \"info\": \"(*Q?7J\",\n      \"isSelectable\": true\n    }\n  },\n  {\n    \"title\": \"block sample 9\",\n    \"value\": {\n      \"ay\": 1951,\n      \"match\": {\n        \"or\": [\n          {\n            \"or\": [\n              \"AA7*\",\n              {\n                \"or\": [\n                  \"JN*8C\",\n                  \"ER99x\"\n                ]\n              }\n            ]\n          },\n          {\n            \"and\": [\n              {\n                \"and\": []\n              },\n              \"AO51x5K\",\n              {\n                \"and\": [\n                  \"BW2669Q\",\n                  \"RP1X\",\n                  \"ICY41\",\n                  {\n                    \"or\": [\n                      \"LQ15\",\n                      \"KNT*x*\",\n                      \"IRKx58\",\n                      {\n                        \"or\": [\n                          {\n                            \"or\": [\n                              \"HW7*4*\",\n                              \"WC9\",\n                              \"KL67x8\",\n                              \"FIx6\"\n                            ]\n                          }\n                        ]\n                      },\n                      \"JXJ0\"\n                    ]\n                  }\n                ]\n              },\n              \"OJA96*2\",\n              {\n                \"pattern\": \"DGGxL\",\n                \"exclude\": \"NJ5x81A\"\n              }\n            ]\n          }\n        ]\n      },\n      \"satisfy\": [\n        \"jMZ\",\n        {\n          \"or\": [\n            {\n              \"mc\": \">=76\"\n            },\n            {\n              \"and\": [\n                {\n                  \"and\": [\n                    \")\",\n                    {\n                      \"and\": [\n                        {\n                          \"and\": [\n                            \"zHpM$Ua\"\n                          ]\n                        }\n                      ]\n                    },\n                    \"9e2j:XjP\",\n                    \"b-\"\n                  ]\n                },\n                \"e\",\n                \"\",\n                \"'\"\n              ]\n            },\n            \"e,Tt:(\\\\mH~\",\n            {\n              \"or\": [\n                {\n                  \"mc\": \"<=125\"\n                },\n                \"~{M\"\n              ]\n            },\n            {\n              \"mc\": \"<=95\"\n            }\n          ]\n        },\n        {\n          \"mc\": \"<=3\"\n        },\n        {\n          \"mc\": \"<=106\"\n        },\n        {\n          \"and\": [\n            {\n              \"mc\": \">=99\"\n            }\n          ]\n        }\n      ],\n      \"url\": \"http://fybi2-2n00vebighc36qhfvpkevtsqs59a.m4ho8m4na.p.tmtd2zrinnsrihfbzu-3sg09w0ttt6xcsllqy69uv--xo95dtdf8sgdspxne1.cugg5p-zwnd-5phoe6xvjlwj.brs/_BH/8G/=e*/:q.U-uk/jt/u/XXfd%F3%A6%8A%BC_5W!/5_\",\n      \"info\": \"q2W;a\",\n      \"isSelectable\": true\n    }\n  }\n]",
              "code": "fast_check_1.sample(index_test_2.block, 10).forEach((sample, i) => addContext_1.default(this, {\n    title: `block sample ${i}`,\n    value: sample,\n}));\nreturn fast_check_1.assert(fast_check_1.property(index_test_2.block, ajvValidate));",
              "err": {},
              "uuid": "071d8be9-bb92-4639-bc8a-1ffc1f7ca0e9",
              "parentUUID": "c0ec5822-bf27-46d8-a512-1f0832cba3a2",
              "isHook": false,
              "skipped": false
            },
            {
              "title": "should not validate non-object",
              "fullTitle": "blockSchema should not validate non-object",
              "timedOut": false,
              "duration": 1,
              "state": "passed",
              "speed": "fast",
              "pass": true,
              "fail": false,
              "pending": false,
              "context": null,
              "code": "const error = {\n    instancePath: \"\",\n    message: \"block should be an object\",\n};\nisInvalidBlock(null, error);\nisInvalidBlock(undefined, error);\nisInvalidBlock(10, error);\nisInvalidBlock([12, 24], error);\nisInvalidBlock(\"abc\", error);",
              "err": {},
              "uuid": "fc31d86a-9b69-4422-855d-d9f8584243c6",
              "parentUUID": "c0ec5822-bf27-46d8-a512-1f0832cba3a2",
              "isHook": false,
              "skipped": false
            },
            {
              "title": "should not validate block with invalid properties",
              "fullTitle": "blockSchema should not validate block with invalid properties",
              "timedOut": false,
              "duration": 1,
              "state": "passed",
              "speed": "fast",
              "pass": true,
              "fail": false,
              "pending": false,
              "context": null,
              "code": "isInvalidBlock({\n        name: { foo: \"bar\" },\n        ay: -1000,\n        assign: {},\n        match: 1,\n        satisfy: 2,\n        url: { abc: \"def\" },\n        info: 42,\n        isSelectable: 32,\n    }, { instancePath: \"/name\", message: \"property 'name' should be a string\" }, {\n        instancePath: \"/ay\",\n        message: \"property 'ay' should be a positive integer\",\n    }, {\n        instancePath: \"/assign\",\n        message: \"property 'assign' should be either a block ID or an array of block IDs\",\n    }, {\n        instancePath: \"/match\",\n        message: \"property 'match' should be either a match rule or an array of match rules\",\n    }, {\n        instancePath: \"/satisfy\",\n        message: \"property 'satisfy' should be either a satisfy rule or an array of satisfy rules\",\n    }, { instancePath: \"/url\", message: \"property 'url' should be a string\" }, { instancePath: \"/info\", message: \"property 'info' should be a string\" }, {\n        instancePath: \"/isSelectable\",\n        message: \"property 'isSelectable' should be a boolean\",\n    })",
              "err": {},
              "uuid": "1d6dbc36-4225-4e0a-9eb3-8b032145092b",
              "parentUUID": "c0ec5822-bf27-46d8-a512-1f0832cba3a2",
              "isHook": false,
              "skipped": false
            }
          ],
          "suites": [],
          "passes": [
            "071d8be9-bb92-4639-bc8a-1ffc1f7ca0e9",
            "fc31d86a-9b69-4422-855d-d9f8584243c6",
            "1d6dbc36-4225-4e0a-9eb3-8b032145092b"
          ],
          "failures": [],
          "pending": [],
          "skipped": [],
          "duration": 159,
          "root": false,
          "rootEmpty": false,
          "_timeout": 2000
        },
        {
          "uuid": "b7fa77c3-35fc-4acb-a321-a23d3faf4888",
          "title": "patternToRE",
          "fullFile": "/home/runner/work/planwithus-lib/planwithus-lib/src/matchRule/pattern/satisfiers.test.ts",
          "file": "/src/matchRule/pattern/satisfiers.test.ts",
          "beforeHooks": [],
          "afterHooks": [],
          "tests": [
            {
              "title": "should match valid modules with a single pattern",
              "fullTitle": "patternToRE should match valid modules with a single pattern",
              "timedOut": false,
              "duration": 14,
              "state": "passed",
              "speed": "fast",
              "pass": true,
              "fail": false,
              "pending": false,
              "context": "[\n  {\n    \"title\": \"patternExampleList sample 0\",\n    \"value\": [\n      \"COQ54xJ\",\n      [\n        \"COQ542J\"\n      ]\n    ]\n  },\n  {\n    \"title\": \"patternExampleList sample 1\",\n    \"value\": [\n      \"KHGx90\",\n      [\n        \"KHG890\",\n        \"KHG990\",\n        \"KHG590\"\n      ]\n    ]\n  },\n  {\n    \"title\": \"patternExampleList sample 2\",\n    \"value\": [\n      \"OEN963*\",\n      [\n        \"OEN963XC\"\n      ]\n    ]\n  },\n  {\n    \"title\": \"patternExampleList sample 3\",\n    \"value\": [\n      \"JNK*3E\",\n      [\n        \"JNKPEFG3E\",\n        \"JNK942HA7C3E\",\n        \"JNK3E\"\n      ]\n    ]\n  },\n  {\n    \"title\": \"patternExampleList sample 4\",\n    \"value\": [\n      \"MR63*7S\",\n      [\n        \"MR63TO7S\",\n        \"MR637S\",\n        \"MR63ITM95CZ7S\"\n      ]\n    ]\n  },\n  {\n    \"title\": \"patternExampleList sample 5\",\n    \"value\": [\n      \"LJ0718\",\n      [\n        \"LJ0718\"\n      ]\n    ]\n  },\n  {\n    \"title\": \"patternExampleList sample 6\",\n    \"value\": [\n      \"CF2544\",\n      [\n        \"CF2544\"\n      ]\n    ]\n  },\n  {\n    \"title\": \"patternExampleList sample 7\",\n    \"value\": [\n      \"HJ89O\",\n      [\n        \"HJ89O\"\n      ]\n    ]\n  },\n  {\n    \"title\": \"patternExampleList sample 8\",\n    \"value\": [\n      \"GNB50*5\",\n      [\n        \"GNB50RPL15\",\n        \"GNB505\",\n        \"GNB50UBF25\"\n      ]\n    ]\n  },\n  {\n    \"title\": \"patternExampleList sample 9\",\n    \"value\": [\n      \"KE61\",\n      [\n        \"KE61\"\n      ]\n    ]\n  }\n]",
              "code": "fast_check_1.sample(index_test_1.patternExampleList, 10).forEach((sample, i) => addContext_1.default(this, {\n    title: `patternExampleList sample ${i}`,\n    value: sample,\n}));\nreturn fast_check_1.assert(fast_check_1.property(index_test_1.patternExampleList, ([patternStr, examples]) => {\n    const re = _1.patternToRE(patternStr);\n    return examples.every(re.test.bind(re));\n}));",
              "err": {},
              "uuid": "f73e6371-7bc2-49b4-91ea-d81c967f3d3f",
              "parentUUID": "b7fa77c3-35fc-4acb-a321-a23d3faf4888",
              "isHook": false,
              "skipped": false
            },
            {
              "title": "should match valid modules with multiple patterns",
              "fullTitle": "patternToRE should match valid modules with multiple patterns",
              "timedOut": false,
              "duration": 54,
              "state": "passed",
              "speed": "medium",
              "pass": true,
              "fail": false,
              "pending": false,
              "context": "[\n  {\n    \"title\": \"patternExampleListArray sample 0\",\n    \"value\": [\n      [\n        \"YI9*\",\n        [\n          \"YI99IBHCPW0\",\n          \"YI9HC1E\",\n          \"YI9\",\n          \"YI9UG391\",\n          \"YI9GA\",\n          \"YI9HU8B1MTJ\"\n        ]\n      ],\n      [\n        \"YF678G\",\n        [\n          \"YF678G\"\n        ]\n      ],\n      [\n        \"HYX4\",\n        [\n          \"HYX4\"\n        ]\n      ],\n      [\n        \"OC5\",\n        [\n          \"OC5\"\n        ]\n      ],\n      [\n        \"JNH3\",\n        [\n          \"JNH3\"\n        ]\n      ]\n    ]\n  },\n  {\n    \"title\": \"patternExampleListArray sample 1\",\n    \"value\": [\n      [\n        \"VR16x8\",\n        [\n          \"VR1618\",\n          \"VR1648\",\n          \"VR1668\",\n          \"VR1628\",\n          \"VR1658\",\n          \"VR1678\"\n        ]\n      ]\n    ]\n  },\n  {\n    \"title\": \"patternExampleListArray sample 2\",\n    \"value\": [\n      [\n        \"MO*\",\n        [\n          \"MOUO44W4L\",\n          \"MO9BK\",\n          \"MO\",\n          \"MOSSS76AMB\",\n          \"MONOZ\",\n          \"MOKPP8H4\",\n          \"MO04OFV\",\n          \"MOEK63W\",\n          \"MOKXDB4XGN\",\n          \"MOQDORBLO\"\n        ]\n      ],\n      [\n        \"LF*1xM\",\n        [\n          \"LFX840K16M\",\n          \"LF7A10M\",\n          \"LF616M\",\n          \"LFM0QOLCW13M\",\n          \"LFGA2WKPRC18M\",\n          \"LFEN12M\",\n          \"LFYH8Y18M\",\n          \"LF11M\",\n          \"LFLYCTUM11M\",\n          \"LFNL15M\"\n        ]\n      ]\n    ]\n  },\n  {\n    \"title\": \"patternExampleListArray sample 3\",\n    \"value\": [\n      [\n        \"AM9D\",\n        [\n          \"AM9D\"\n        ]\n      ],\n      [\n        \"WUS0\",\n        [\n          \"WUS0\"\n        ]\n      ],\n      [\n        \"LS45N\",\n        [\n          \"LS45N\"\n        ]\n      ]\n    ]\n  },\n  {\n    \"title\": \"patternExampleListArray sample 4\",\n    \"value\": [\n      [\n        \"WOx9U\",\n        [\n          \"WO59U\",\n          \"WO89U\",\n          \"WO39U\",\n          \"WO69U\",\n          \"WO79U\",\n          \"WO49U\",\n          \"WO09U\"\n        ]\n      ],\n      [\n        \"ARX880\",\n        [\n          \"ARX880\"\n        ]\n      ],\n      [\n        \"WH7*66K\",\n        [\n          \"WH7ID1RJ066K\",\n          \"WH79QD34XGW66K\",\n          \"WH766K\",\n          \"WH77XOZ66K\",\n          \"WH7JF66K\",\n          \"WH7FFX66K\",\n          \"WH7Q5K8A66K\",\n          \"WH7V27B66K\",\n          \"WH7306UZ66K\",\n          \"WH7I466K\",\n          \"WH7L66K\"\n        ]\n      ],\n      [\n        \"MQE37\",\n        [\n          \"MQE37\"\n        ]\n      ],\n      [\n        \"UXQ8x7Q\",\n        [\n          \"UXQ857Q\",\n          \"UXQ897Q\",\n          \"UXQ867Q\"\n        ]\n      ]\n    ]\n  },\n  {\n    \"title\": \"patternExampleListArray sample 5\",\n    \"value\": [\n      [\n        \"LHx*I\",\n        [\n          \"LH4WQU8LKH2I\",\n          \"LH3HPI\",\n          \"LH9N7MUJI\",\n          \"LH2KI\",\n          \"LH2WRPB9FXI\"\n        ]\n      ],\n      [\n        \"OUMxx8x\",\n        [\n          \"OUM3981\",\n          \"OUM1784\",\n          \"OUM7888\",\n          \"OUM5586\",\n          \"OUM0680\",\n          \"OUM0881\",\n          \"OUM2388\",\n          \"OUM9083\",\n          \"OUM4082\",\n          \"OUM6981\",\n          \"OUM0785\"\n        ]\n      ],\n      [\n        \"TM68*T\",\n        [\n          \"TM680JFWSNHJT\"\n        ]\n      ],\n      [\n        \"GQ784\",\n        [\n          \"GQ784\"\n        ]\n      ],\n      [\n        \"TO891\",\n        [\n          \"TO891\"\n        ]\n      ],\n      [\n        \"YKV01\",\n        [\n          \"YKV01\"\n        ]\n      ],\n      [\n        \"MEH**5O\",\n        [\n          \"MEH46FHLPU7WKJ05O\",\n          \"MEHQSY4Q5O\",\n          \"MEH8SO295O\"\n        ]\n      ],\n      [\n        \"HR156*Y\",\n        [\n          \"HR156E4Y\",\n          \"HR156AU5HY30Y\"\n        ]\n      ],\n      [\n        \"EWR7O\",\n        [\n          \"EWR7O\"\n        ]\n      ]\n    ]\n  },\n  {\n    \"title\": \"patternExampleListArray sample 6\",\n    \"value\": [\n      [\n        \"EO5\",\n        [\n          \"EO5\"\n        ]\n      ],\n      [\n        \"EE620*\",\n        [\n          \"EE620K6\",\n          \"EE620ABXL0I\",\n          \"EE620CWZTWM\",\n          \"EE620\"\n        ]\n      ],\n      [\n        \"BSZ4\",\n        [\n          \"BSZ4\"\n        ]\n      ]\n    ]\n  },\n  {\n    \"title\": \"patternExampleListArray sample 7\",\n    \"value\": [\n      [\n        \"VU*0x\",\n        [\n          \"VUY95TU7V04\",\n          \"VUSC403\",\n          \"VUP04\"\n        ]\n      ],\n      [\n        \"AC204x\",\n        [\n          \"AC2043\",\n          \"AC2044\",\n          \"AC2049\",\n          \"AC2042\",\n          \"AC2046\"\n        ]\n      ]\n    ]\n  },\n  {\n    \"title\": \"patternExampleListArray sample 8\",\n    \"value\": [\n      [\n        \"TY46\",\n        [\n          \"TY46\"\n        ]\n      ],\n      [\n        \"RG3\",\n        [\n          \"RG3\"\n        ]\n      ],\n      [\n        \"FYQ60\",\n        [\n          \"FYQ60\"\n        ]\n      ],\n      [\n        \"CVH*T\",\n        [\n          \"CVHT\"\n        ]\n      ],\n      [\n        \"IS87K\",\n        [\n          \"IS87K\"\n        ]\n      ],\n      [\n        \"AO00\",\n        [\n          \"AO00\"\n        ]\n      ],\n      [\n        \"OX41\",\n        [\n          \"OX41\"\n        ]\n      ]\n    ]\n  },\n  {\n    \"title\": \"patternExampleListArray sample 9\",\n    \"value\": [\n      [\n        \"RDZ041x\",\n        [\n          \"RDZ0410\",\n          \"RDZ0414\",\n          \"RDZ0416\",\n          \"RDZ0411\",\n          \"RDZ0417\",\n          \"RDZ0412\",\n          \"RDZ0413\",\n          \"RDZ0418\",\n          \"RDZ0419\",\n          \"RDZ0415\"\n        ]\n      ],\n      [\n        \"QVL8966\",\n        [\n          \"QVL8966\"\n        ]\n      ],\n      [\n        \"DIU*Q\",\n        [\n          \"DIUU3Q\",\n          \"DIUK2NLQ\",\n          \"DIU1RLQ\",\n          \"DIUSKQ\"\n        ]\n      ],\n      [\n        \"DVP6\",\n        [\n          \"DVP6\"\n        ]\n      ],\n      [\n        \"UM49\",\n        [\n          \"UM49\"\n        ]\n      ],\n      [\n        \"RT4\",\n        [\n          \"RT4\"\n        ]\n      ],\n      [\n        \"QJY108D\",\n        [\n          \"QJY108D\"\n        ]\n      ],\n      [\n        \"RKxx4*\",\n        [\n          \"RK574AM5O6\"\n        ]\n      ],\n      [\n        \"RL9765\",\n        [\n          \"RL9765\"\n        ]\n      ],\n      [\n        \"PU43*M\",\n        [\n          \"PU43HZCDQM\",\n          \"PU435YIASPM\",\n          \"PU43LAIDGZ7M\",\n          \"PU43HQBKIHGM\",\n          \"PU4308GOZG5IM\",\n          \"PU43E6NGY7HM\"\n        ]\n      ],\n      [\n        \"HNL07*6\",\n        [\n          \"HNL076\",\n          \"HNL075Y6\",\n          \"HNL07W1D26\",\n          \"HNL07TGLQTLO06\",\n          \"HNL07U6\",\n          \"HNL07R1K6\",\n          \"HNL07S90MY0P6\",\n          \"HNL07M36\"\n        ]\n      ],\n      [\n        \"FN7987E\",\n        [\n          \"FN7987E\"\n        ]\n      ]\n    ]\n  }\n]",
              "code": "const patternExampleListArray = fast_check_1.array(index_test_1.patternExampleList, { minLength: 1 });\nfast_check_1.sample(patternExampleListArray, 10).forEach((sample, i) => addContext_1.default(this, {\n    title: `patternExampleListArray sample ${i}`,\n    value: sample,\n}));\nreturn fast_check_1.assert(fast_check_1.property(patternExampleListArray, (ts) => {\n    const re = _1.patternToRE(...ts.map(([patternStr]) => patternStr));\n    return ts\n        .map(([, examples]) => examples)\n        .flat()\n        .every(re.test.bind(re));\n}));",
              "err": {},
              "uuid": "016a2d31-e79c-4b0d-8989-1b2e98a1c0ee",
              "parentUUID": "b7fa77c3-35fc-4acb-a321-a23d3faf4888",
              "isHook": false,
              "skipped": false
            },
            {
              "title": "should not match x to non-number",
              "fullTitle": "patternToRE should not match x to non-number",
              "timedOut": false,
              "duration": 0,
              "state": "passed",
              "speed": "fast",
              "pass": true,
              "fail": false,
              "pending": false,
              "context": null,
              "code": "const re = _1.patternToRE(\"x\");\n[\"A\", \"Z\", \"c\", \"#\"].forEach((example) => isInvalidExample(re, example));",
              "err": {},
              "uuid": "90d0f4b7-2e35-43d7-a481-1c7f38e65e81",
              "parentUUID": "b7fa77c3-35fc-4acb-a321-a23d3faf4888",
              "isHook": false,
              "skipped": false
            },
            {
              "title": "should not match * to a substring composed of characters other than A-Z and 0-9",
              "fullTitle": "patternToRE should not match * to a substring composed of characters other than A-Z and 0-9",
              "timedOut": false,
              "duration": 1,
              "state": "passed",
              "speed": "fast",
              "pass": true,
              "fail": false,
              "pending": false,
              "context": null,
              "code": "const re = _1.patternToRE(\"*\");\n[\"c\", \"Ac\", \"cA\", \"0Ax\", \"x0A\", \"BA#\", \"#AB\"].forEach((example) => isInvalidExample(re, example));",
              "err": {},
              "uuid": "399201d1-c7c5-4322-b926-cc2b09d5ec55",
              "parentUUID": "b7fa77c3-35fc-4acb-a321-a23d3faf4888",
              "isHook": false,
              "skipped": false
            },
            {
              "title": "should not match substrings",
              "fullTitle": "patternToRE should not match substrings",
              "timedOut": false,
              "duration": 0,
              "state": "passed",
              "speed": "fast",
              "pass": true,
              "fail": false,
              "pending": false,
              "context": null,
              "code": "const re = _1.patternToRE(\"A*xC\");\n[\"A1CZ\", \"AC1CZ\", \"ZA1C\", \"ZAC1C\", \"ZA1CZ\", \"ZAC1CZ\"].forEach((example) => isInvalidExample(re, example));",
              "err": {},
              "uuid": "8feb64f4-3bcb-4566-a539-b74537a2493d",
              "parentUUID": "b7fa77c3-35fc-4acb-a321-a23d3faf4888",
              "isHook": false,
              "skipped": false
            }
          ],
          "suites": [],
          "passes": [
            "f73e6371-7bc2-49b4-91ea-d81c967f3d3f",
            "016a2d31-e79c-4b0d-8989-1b2e98a1c0ee",
            "90d0f4b7-2e35-43d7-a481-1c7f38e65e81",
            "399201d1-c7c5-4322-b926-cc2b09d5ec55",
            "8feb64f4-3bcb-4566-a539-b74537a2493d"
          ],
          "failures": [],
          "pending": [],
          "skipped": [],
          "duration": 69,
          "root": false,
          "rootEmpty": false,
          "_timeout": 2000
        },
        {
          "uuid": "b90a91e1-6074-4711-9fc5-d2b2ca7033a7",
          "title": "patternSatisfier",
          "fullFile": "/home/runner/work/planwithus-lib/planwithus-lib/src/matchRule/pattern/satisfiers.test.ts",
          "file": "/src/matchRule/pattern/satisfiers.test.ts",
          "beforeHooks": [],
          "afterHooks": [],
          "tests": [
            {
              "title": "should assign all modules with *",
              "fullTitle": "patternSatisfier should assign all modules with *",
              "timedOut": false,
              "duration": 1,
              "state": "passed",
              "speed": "fast",
              "pass": true,
              "fail": false,
              "pending": false,
              "context": null,
              "code": "const { assign } = satisfiers_1.patternSatisfier(ref, \"*\");\nisCorrectAssign(assign, modulesList1, modulesList1.map(([moduleStr]) => moduleStr));",
              "err": {},
              "uuid": "de3f464d-9fd5-410d-a0dc-48d45f5265d2",
              "parentUUID": "b90a91e1-6074-4711-9fc5-d2b2ca7033a7",
              "isHook": false,
              "skipped": false
            },
            {
              "title": "should assign only valid modules with pattern containing *",
              "fullTitle": "patternSatisfier should assign only valid modules with pattern containing *",
              "timedOut": false,
              "duration": 0,
              "state": "passed",
              "speed": "fast",
              "pass": true,
              "fail": false,
              "pending": false,
              "context": null,
              "code": "const { assign } = satisfiers_1.patternSatisfier(ref, \"CS2*\");\nisCorrectAssign(assign, modulesList1, [\"CS2100\", \"CS2040S\", \"CS2030\"]);",
              "err": {},
              "uuid": "9f642489-9697-4682-bd3e-397c6d30b656",
              "parentUUID": "b90a91e1-6074-4711-9fc5-d2b2ca7033a7",
              "isHook": false,
              "skipped": false
            },
            {
              "title": "should assign only valid modules with pattern containing x",
              "fullTitle": "patternSatisfier should assign only valid modules with pattern containing x",
              "timedOut": false,
              "duration": 0,
              "state": "passed",
              "speed": "fast",
              "pass": true,
              "fail": false,
              "pending": false,
              "context": null,
              "code": "const { assign } = satisfiers_1.patternSatisfier(ref, \"CS20xx\");\nisCorrectAssign(assign, modulesList1, [\"CS2030\"]);",
              "err": {},
              "uuid": "89a382eb-c63f-416b-ba73-bd21a3fb4885",
              "parentUUID": "b90a91e1-6074-4711-9fc5-d2b2ca7033a7",
              "isHook": false,
              "skipped": false
            },
            {
              "title": "should assign only valid modules with pattern containing x and *",
              "fullTitle": "patternSatisfier should assign only valid modules with pattern containing x and *",
              "timedOut": false,
              "duration": 0,
              "state": "passed",
              "speed": "fast",
              "pass": true,
              "fail": false,
              "pending": false,
              "context": null,
              "code": "const { assign } = satisfiers_1.patternSatisfier(ref, \"CS20xx*\");\nisCorrectAssign(assign, modulesList1, [\"CS2040S\", \"CS2030\"]);",
              "err": {},
              "uuid": "3a782554-73f9-4555-80c7-942d43c3cacd",
              "parentUUID": "b90a91e1-6074-4711-9fc5-d2b2ca7033a7",
              "isHook": false,
              "skipped": false
            }
          ],
          "suites": [],
          "passes": [
            "de3f464d-9fd5-410d-a0dc-48d45f5265d2",
            "9f642489-9697-4682-bd3e-397c6d30b656",
            "89a382eb-c63f-416b-ba73-bd21a3fb4885",
            "3a782554-73f9-4555-80c7-942d43c3cacd"
          ],
          "failures": [],
          "pending": [],
          "skipped": [],
          "duration": 1,
          "root": false,
          "rootEmpty": false,
          "_timeout": 2000
        },
        {
          "uuid": "361cff80-119a-48db-8375-7167c137ee91",
          "title": "patternSchema",
          "fullFile": "/home/runner/work/planwithus-lib/planwithus-lib/src/matchRule/pattern/schemas.test.ts",
          "file": "/src/matchRule/pattern/schemas.test.ts",
          "beforeHooks": [],
          "afterHooks": [],
          "tests": [
            {
              "title": "should validate non-empty pattern composed of A-Z, 0-9, x or *",
              "fullTitle": "patternSchema should validate non-empty pattern composed of A-Z, 0-9, x or *",
              "timedOut": false,
              "duration": 2,
              "state": "passed",
              "speed": "fast",
              "pass": true,
              "fail": false,
              "pending": false,
              "context": "[\n  {\n    \"title\": \"pattern sample 0\",\n    \"value\": \"LN5\"\n  },\n  {\n    \"title\": \"pattern sample 1\",\n    \"value\": \"JHW82S\"\n  },\n  {\n    \"title\": \"pattern sample 2\",\n    \"value\": \"GS4N\"\n  },\n  {\n    \"title\": \"pattern sample 3\",\n    \"value\": \"NL35\"\n  },\n  {\n    \"title\": \"pattern sample 4\",\n    \"value\": \"GYS09\"\n  },\n  {\n    \"title\": \"pattern sample 5\",\n    \"value\": \"RHC73\"\n  },\n  {\n    \"title\": \"pattern sample 6\",\n    \"value\": \"DLD07x0\"\n  },\n  {\n    \"title\": \"pattern sample 7\",\n    \"value\": \"KNF9\"\n  },\n  {\n    \"title\": \"pattern sample 8\",\n    \"value\": \"WCO60\"\n  },\n  {\n    \"title\": \"pattern sample 9\",\n    \"value\": \"VAY5H\"\n  }\n]",
              "code": "fast_check_1.sample(index_test_2.pattern, 10).forEach((sample, i) => addContext_1.default(this, {\n    title: `pattern sample ${i}`,\n    value: sample,\n}));\nreturn fast_check_1.assert(fast_check_1.property(index_test_2.pattern, ajvValidate), {\n    examples: [[\"*\"], [\"ACC1002\"], [\"IS1103\"], [\"CS1231S\"], [\"MA1102R\"]],\n});",
              "err": {},
              "uuid": "35ef5e22-a233-4feb-b2c6-1def7206f8cb",
              "parentUUID": "361cff80-119a-48db-8375-7167c137ee91",
              "isHook": false,
              "skipped": false
            },
            {
              "title": "should not validate empty pattern",
              "fullTitle": "patternSchema should not validate empty pattern",
              "timedOut": false,
              "duration": 0,
              "state": "passed",
              "speed": "fast",
              "pass": true,
              "fail": false,
              "pending": false,
              "context": null,
              "code": "isInvalidPattern(\"\")",
              "err": {},
              "uuid": "ecc9e61f-2dd9-4205-8dbc-932ae96e2e1d",
              "parentUUID": "361cff80-119a-48db-8375-7167c137ee91",
              "isHook": false,
              "skipped": false
            },
            {
              "title": "should not validate pattern with invalid characters",
              "fullTitle": "patternSchema should not validate pattern with invalid characters",
              "timedOut": false,
              "duration": 1,
              "state": "passed",
              "speed": "fast",
              "pass": true,
              "fail": false,
              "pending": false,
              "context": null,
              "code": "[\"AB123a\", \"Ac123a\", \"AB123^S\", \"AB1*3^S\", \"$A1*3^S\", \"/A1x33S\"].forEach(isInvalidPattern)",
              "err": {},
              "uuid": "94fd4ab8-701b-40a4-9cbf-3b61a6e871b8",
              "parentUUID": "361cff80-119a-48db-8375-7167c137ee91",
              "isHook": false,
              "skipped": false
            }
          ],
          "suites": [],
          "passes": [
            "35ef5e22-a233-4feb-b2c6-1def7206f8cb",
            "ecc9e61f-2dd9-4205-8dbc-932ae96e2e1d",
            "94fd4ab8-701b-40a4-9cbf-3b61a6e871b8"
          ],
          "failures": [],
          "pending": [],
          "skipped": [],
          "duration": 3,
          "root": false,
          "rootEmpty": false,
          "_timeout": 2000
        },
        {
          "uuid": "784feaab-0d67-449d-beb2-379d75b61fb7",
          "title": "patternMatchRuleSatisfier",
          "fullFile": "/home/runner/work/planwithus-lib/planwithus-lib/src/matchRule/satisfiers.test.ts",
          "file": "/src/matchRule/satisfiers.test.ts",
          "beforeHooks": [],
          "afterHooks": [],
          "tests": [
            {
              "title": "should assign only valid modules with pattern match rule containing no exclude patterns",
              "fullTitle": "patternMatchRuleSatisfier should assign only valid modules with pattern match rule containing no exclude patterns",
              "timedOut": false,
              "duration": 0,
              "state": "passed",
              "speed": "fast",
              "pass": true,
              "fail": false,
              "pending": false,
              "context": null,
              "code": "const { assign } = satisfiers_1.patternMatchRuleSatisfier(ref, { pattern: \"CS1xxx*\" });\nisCorrectAssign(assign, modulesList1, [\"CS1231\", \"CS1231S\"]);",
              "err": {},
              "uuid": "b442c0c4-3811-4818-acfc-3e410aef435c",
              "parentUUID": "784feaab-0d67-449d-beb2-379d75b61fb7",
              "isHook": false,
              "skipped": false
            },
            {
              "title": "should assign only valid modules with pattern match rule containing an exclude pattern",
              "fullTitle": "patternMatchRuleSatisfier should assign only valid modules with pattern match rule containing an exclude pattern",
              "timedOut": false,
              "duration": 0,
              "state": "passed",
              "speed": "fast",
              "pass": true,
              "fail": false,
              "pending": false,
              "context": null,
              "code": "const { assign } = satisfiers_1.patternMatchRuleSatisfier(ref, {\n    pattern: \"MA1xxx*\",\n    exclude: \"MA15xx\",\n});\nisCorrectAssign(assign, modulesList1, [\n    \"MA1100\",\n    \"MA1101R\",\n    \"MA1102R\",\n    \"MA1511A\",\n]);",
              "err": {},
              "uuid": "1ba5687a-3aed-4388-b7b3-437416c8ff31",
              "parentUUID": "784feaab-0d67-449d-beb2-379d75b61fb7",
              "isHook": false,
              "skipped": false
            },
            {
              "title": "should assign only valid modules with pattern match rule containing multiple exclude patterns",
              "fullTitle": "patternMatchRuleSatisfier should assign only valid modules with pattern match rule containing multiple exclude patterns",
              "timedOut": false,
              "duration": 0,
              "state": "passed",
              "speed": "fast",
              "pass": true,
              "fail": false,
              "pending": false,
              "context": null,
              "code": "const { assign } = satisfiers_1.patternMatchRuleSatisfier(ref, {\n    pattern: \"MA*\",\n    exclude: [\"MA151x*\", \"MA2xxx\"],\n});\nisCorrectAssign(assign, modulesList1, [\n    \"MA1100\",\n    \"MA1101R\",\n    \"MA1102R\",\n    \"MA1507\",\n    \"MA1521\",\n    \"MA2101S\",\n]);",
              "err": {},
              "uuid": "fe014a9f-b611-41d9-834a-a1cb0e28aecd",
              "parentUUID": "784feaab-0d67-449d-beb2-379d75b61fb7",
              "isHook": false,
              "skipped": false
            }
          ],
          "suites": [],
          "passes": [
            "b442c0c4-3811-4818-acfc-3e410aef435c",
            "1ba5687a-3aed-4388-b7b3-437416c8ff31",
            "fe014a9f-b611-41d9-834a-a1cb0e28aecd"
          ],
          "failures": [],
          "pending": [],
          "skipped": [],
          "duration": 0,
          "root": false,
          "rootEmpty": false,
          "_timeout": 2000
        },
        {
          "uuid": "553bd432-1886-4e61-b7b7-d2a6700d7304",
          "title": "matchRuleSchema",
          "fullFile": "/home/runner/work/planwithus-lib/planwithus-lib/src/matchRule/schemas.test.ts",
          "file": "/src/matchRule/schemas.test.ts",
          "beforeHooks": [],
          "afterHooks": [],
          "tests": [
            {
              "title": "should validate match rule with valid pattern",
              "fullTitle": "matchRuleSchema should validate match rule with valid pattern",
              "timedOut": false,
              "duration": 1,
              "state": "passed",
              "speed": "fast",
              "pass": true,
              "fail": false,
              "pending": false,
              "context": "[\n  {\n    \"title\": \"pattern sample 0\",\n    \"value\": \"XNC83\"\n  },\n  {\n    \"title\": \"pattern sample 1\",\n    \"value\": \"KD1563S\"\n  },\n  {\n    \"title\": \"pattern sample 2\",\n    \"value\": \"SV6C\"\n  },\n  {\n    \"title\": \"pattern sample 3\",\n    \"value\": \"OY54\"\n  },\n  {\n    \"title\": \"pattern sample 4\",\n    \"value\": \"UBU50\"\n  },\n  {\n    \"title\": \"pattern sample 5\",\n    \"value\": \"CA3xx\"\n  },\n  {\n    \"title\": \"pattern sample 6\",\n    \"value\": \"JBS1\"\n  },\n  {\n    \"title\": \"pattern sample 7\",\n    \"value\": \"LLG7673\"\n  },\n  {\n    \"title\": \"pattern sample 8\",\n    \"value\": \"ED9Y\"\n  },\n  {\n    \"title\": \"pattern sample 9\",\n    \"value\": \"XJ72\"\n  }\n]",
              "code": "fast_check_1.sample(index_test_3.pattern, 10).forEach((sample, i) => addContext_1.default(this, {\n    title: `pattern sample ${i}`,\n    value: sample,\n}));\nreturn fast_check_1.assert(fast_check_1.property(index_test_3.pattern, ajvValidate));",
              "err": {},
              "uuid": "0c81ff50-ce2c-401b-9fd4-c0257ef1a22b",
              "parentUUID": "553bd432-1886-4e61-b7b7-d2a6700d7304",
              "isHook": false,
              "skipped": false
            },
            {
              "title": "should validate match rules with valid pattern, exclude and info",
              "fullTitle": "matchRuleSchema should validate match rules with valid pattern, exclude and info",
              "timedOut": false,
              "duration": 3,
              "state": "passed",
              "speed": "fast",
              "pass": true,
              "fail": false,
              "pending": false,
              "context": "[\n  {\n    \"title\": \"patternMatchRule sample 0\",\n    \"value\": {\n      \"pattern\": \"QAW6*9*J\",\n      \"exclude\": \"OD1\",\n      \"info\": \"p9$:zkDpo\"\n    }\n  },\n  {\n    \"title\": \"patternMatchRule sample 1\",\n    \"value\": {\n      \"pattern\": \"UR3\",\n      \"exclude\": []\n    }\n  },\n  {\n    \"title\": \"patternMatchRule sample 2\",\n    \"value\": {\n      \"pattern\": \"VMJ67K\",\n      \"exclude\": [\n        \"ZDF*863H\",\n        \"QQ02xY\",\n        \"CML5**5\",\n        \"FKH9\"\n      ]\n    }\n  },\n  {\n    \"title\": \"patternMatchRule sample 3\",\n    \"value\": {\n      \"pattern\": \"SP9\",\n      \"exclude\": \"YP72\"\n    }\n  },\n  {\n    \"title\": \"patternMatchRule sample 4\",\n    \"value\": {\n      \"pattern\": \"DFN24\",\n      \"exclude\": \"NJ2\"\n    }\n  },\n  {\n    \"title\": \"patternMatchRule sample 5\",\n    \"value\": {\n      \"pattern\": \"AW2\",\n      \"info\": \"\"\n    }\n  },\n  {\n    \"title\": \"patternMatchRule sample 6\",\n    \"value\": {\n      \"pattern\": \"RK52U\",\n      \"exclude\": [\n        \"KJD55\",\n        \"PX70\",\n        \"BAV15*\",\n        \"OJV81K\",\n        \"FX9\"\n      ],\n      \"info\": \"KI\"\n    }\n  },\n  {\n    \"title\": \"patternMatchRule sample 7\",\n    \"value\": {\n      \"pattern\": \"QRI*28\",\n      \"exclude\": [],\n      \"info\": \"1;KA\"\n    }\n  },\n  {\n    \"title\": \"patternMatchRule sample 8\",\n    \"value\": {\n      \"pattern\": \"RYB168\",\n      \"exclude\": [\n        \"QQ0\",\n        \"SIS19\"\n      ],\n      \"info\": \"o\"\n    }\n  },\n  {\n    \"title\": \"patternMatchRule sample 9\",\n    \"value\": {\n      \"pattern\": \"ZGx\",\n      \"exclude\": [\n        \"OB4\",\n        \"KU8C\",\n        \"ON14\",\n        \"VR407\"\n      ],\n      \"info\": \":~z\"\n    }\n  }\n]",
              "code": "fast_check_1.sample(index_test_2.patternMatchRule, 10).forEach((sample, i) => addContext_1.default(this, {\n    title: `patternMatchRule sample ${i}`,\n    value: sample,\n}));\nreturn fast_check_1.assert(fast_check_1.property(index_test_2.patternMatchRule, ajvValidate));",
              "err": {},
              "uuid": "da83e7cd-fa97-4bb3-bba5-b85f0e2c974f",
              "parentUUID": "553bd432-1886-4e61-b7b7-d2a6700d7304",
              "isHook": false,
              "skipped": false
            },
            {
              "title": "should validate valid recursive match rules",
              "fullTitle": "matchRuleSchema should validate valid recursive match rules",
              "timedOut": false,
              "duration": 5,
              "state": "passed",
              "speed": "fast",
              "pass": true,
              "fail": false,
              "pending": false,
              "context": "[\n  {\n    \"title\": \"matchRule sample 0\",\n    \"value\": {\n      \"pattern\": \"FH7*8\",\n      \"exclude\": \"FVB894W\",\n      \"info\": \"cC<\"\n    }\n  },\n  {\n    \"title\": \"matchRule sample 1\",\n    \"value\": \"RV2\"\n  },\n  {\n    \"title\": \"matchRule sample 2\",\n    \"value\": {\n      \"pattern\": \"MV08S\",\n      \"info\": \"=$x\"\n    }\n  },\n  {\n    \"title\": \"matchRule sample 3\",\n    \"value\": {\n      \"and\": [\n        {\n          \"and\": [\n            \"BL*5\"\n          ]\n        },\n        {\n          \"pattern\": \"LC20*\",\n          \"exclude\": \"RY909\",\n          \"info\": \"DIS#1Pn`\"\n        },\n        {\n          \"or\": [\n            {\n              \"and\": [\n                {\n                  \"pattern\": \"KFW022L\",\n                  \"exclude\": \"MK0\",\n                  \"info\": \"iS3\"\n                },\n                \"HO468xK\",\n                \"VQ2426G\",\n                \"UX*5\",\n                {\n                  \"pattern\": \"CSGx6\",\n                  \"exclude\": [\n                    \"LW9*\",\n                    \"LGG*x\",\n                    \"CL80*P\"\n                  ]\n                }\n              ]\n            }\n          ]\n        }\n      ]\n    }\n  },\n  {\n    \"title\": \"matchRule sample 4\",\n    \"value\": {\n      \"or\": [\n        {\n          \"and\": [\n            {\n              \"and\": []\n            },\n            \"OBD3672P\",\n            {\n              \"and\": [\n                \"GEN6742A\",\n                {\n                  \"pattern\": \"HS9*2\",\n                  \"exclude\": [\n                    \"AQx\"\n                  ],\n                  \"info\": \"D#\"\n                }\n              ]\n            }\n          ]\n        },\n        \"YO0S\",\n        {\n          \"and\": [\n            \"UY036\",\n            {\n              \"and\": [\n                \"TV2S\",\n                \"SOx556O\",\n                \"PMI5*H\",\n                \"ANx\"\n              ]\n            },\n            {\n              \"pattern\": \"MTR43x\",\n              \"exclude\": \"EIx51x\",\n              \"info\": \"LU(t$Rr\"\n            },\n            \"VCQ6*S\"\n          ]\n        },\n        {\n          \"and\": []\n        }\n      ]\n    }\n  },\n  {\n    \"title\": \"matchRule sample 5\",\n    \"value\": \"LOC9*00\"\n  },\n  {\n    \"title\": \"matchRule sample 6\",\n    \"value\": {\n      \"pattern\": \"DMO742\",\n      \"exclude\": \"LD80\",\n      \"info\": \"!% \"\n    }\n  },\n  {\n    \"title\": \"matchRule sample 7\",\n    \"value\": {\n      \"and\": [\n        {\n          \"and\": [\n            \"HN3004\",\n            {\n              \"and\": [\n                \"UVF08*7V\",\n                \"JH6170B\"\n              ]\n            },\n            \"MBY49\",\n            {\n              \"or\": []\n            },\n            \"WD72\"\n          ]\n        },\n        {\n          \"and\": [\n            {\n              \"pattern\": \"AHV*524Y\",\n              \"exclude\": \"XF6I\",\n              \"info\": \"_G\"\n            },\n            \"RH5x42\",\n            {\n              \"or\": [\n                \"JE2984\",\n                {\n                  \"and\": [\n                    \"QD165\",\n                    \"MFx4\",\n                    \"USQ9062X\"\n                  ]\n                }\n              ]\n            }\n          ]\n        },\n        \"ZEP3\"\n      ]\n    }\n  },\n  {\n    \"title\": \"matchRule sample 8\",\n    \"value\": {\n      \"or\": [\n        \"CC4375\",\n        \"HGO90Z\",\n        {\n          \"and\": [\n            {\n              \"pattern\": \"EBZ0A\",\n              \"exclude\": [],\n              \"info\": \"O7-SsB8Y9,\"\n            },\n            {\n              \"and\": [\n                \"BJF9853\",\n                \"MKN915\",\n                {\n                  \"or\": [\n                    \"BHQ673\",\n                    \"SZ368x\",\n                    \"YD3x\",\n                    \"PDA7**K\"\n                  ]\n                },\n                {\n                  \"or\": [\n                    \"TY52\"\n                  ]\n                }\n              ]\n            }\n          ]\n        },\n        {\n          \"pattern\": \"QNN771\",\n          \"exclude\": [\n            \"NBG695F\"\n          ],\n          \"info\": \"\"\n        },\n        {\n          \"and\": [\n            \"MG2*1\",\n            {\n              \"pattern\": \"XXP48*\",\n              \"exclude\": [\n                \"VO33U\",\n                \"JE106B\"\n              ]\n            },\n            \"ESI685B\",\n            {\n              \"or\": [\n                {\n                  \"pattern\": \"ARF6*8\",\n                  \"exclude\": \"XAV*569\",\n                  \"info\": \"`\"\n                },\n                {\n                  \"and\": [\n                    \"AG0x\",\n                    \"VG7\"\n                  ]\n                }\n              ]\n            }\n          ]\n        }\n      ]\n    }\n  },\n  {\n    \"title\": \"matchRule sample 9\",\n    \"value\": {\n      \"or\": [\n        {\n          \"pattern\": \"JLx6x9\",\n          \"exclude\": [\n            \"LRB5\",\n            \"OBV8B\",\n            \"ZP8484C\"\n          ],\n          \"info\": \"3(27wU\"\n        },\n        {\n          \"and\": [\n            \"YG7E\"\n          ]\n        },\n        {\n          \"and\": [\n            {\n              \"pattern\": \"HH56\",\n              \"exclude\": \"ONL39T\"\n            },\n            \"FNL67\",\n            {\n              \"and\": [\n                \"VNO2471\",\n                {\n                  \"and\": [\n                    \"KTK82P\"\n                  ]\n                },\n                {\n                  \"and\": [\n                    \"XQF50*3M\",\n                    \"YJ0\",\n                    \"AFx416\"\n                  ]\n                },\n                {\n                  \"pattern\": \"HKI*7R\",\n                  \"exclude\": \"WB64T\",\n                  \"info\": \"E[44>\"\n                }\n              ]\n            }\n          ]\n        }\n      ]\n    }\n  }\n]",
              "code": "fast_check_1.sample(index_test_2.matchRule, 10).forEach((sample, i) => addContext_1.default(this, {\n    title: `matchRule sample ${i}`,\n    value: sample,\n}));\nreturn fast_check_1.assert(fast_check_1.property(index_test_2.matchRule, ajvValidate));",
              "err": {},
              "uuid": "849f9fb3-ab98-43b6-9344-645ef0c03d3e",
              "parentUUID": "553bd432-1886-4e61-b7b7-d2a6700d7304",
              "isHook": false,
              "skipped": false
            },
            {
              "title": "should not validate non-string/object",
              "fullTitle": "matchRuleSchema should not validate non-string/object",
              "timedOut": false,
              "duration": 1,
              "state": "passed",
              "speed": "fast",
              "pass": true,
              "fail": false,
              "pending": false,
              "context": null,
              "code": "const error = {\n    instancePath: \"\",\n    message: \"match rule should be either a string or an object\",\n};\nisInvalidRule(null, error);\nisInvalidRule(undefined, error);\nisInvalidRule(10, error);\nisInvalidRule([12, 24], error);",
              "err": {},
              "uuid": "5606334c-4824-44cd-8ef9-990192daff3e",
              "parentUUID": "553bd432-1886-4e61-b7b7-d2a6700d7304",
              "isHook": false,
              "skipped": false
            },
            {
              "title": "should not validate match rules with extra properties",
              "fullTitle": "matchRuleSchema should not validate match rules with extra properties",
              "timedOut": false,
              "duration": 0,
              "state": "passed",
              "speed": "fast",
              "pass": true,
              "fail": false,
              "pending": false,
              "context": null,
              "code": "isInvalidRule({\n        and: [{ or: [{ pattern: \"CS2103T\", info2: \"foobar\" }], abc: \"def\" }],\n        mno: \"pqr\",\n    }, {\n        instancePath: \"/and/0/or/0\",\n        message: \"pattern match rule should have properties 'pattern', 'exclude' (optional) and 'info' (optional) only\",\n    }, {\n        instancePath: \"/and/0\",\n        message: \"or match rule should have property 'or' only\",\n    }, {\n        instancePath: \"\",\n        message: \"and match rule should have property 'and' only\",\n    })",
              "err": {},
              "uuid": "27aac8c5-80f1-4425-ad9d-c6134d41b4b1",
              "parentUUID": "553bd432-1886-4e61-b7b7-d2a6700d7304",
              "isHook": false,
              "skipped": false
            },
            {
              "title": "should not validate ambiguous match rules",
              "fullTitle": "matchRuleSchema should not validate ambiguous match rules",
              "timedOut": false,
              "duration": 0,
              "state": "passed",
              "speed": "fast",
              "pass": true,
              "fail": false,
              "pending": false,
              "context": null,
              "code": "const message = \"match rule should have only one of properties 'pattern', 'and', 'or'\";\nisInvalidRule({\n    or: [\n        { pattern: \"CS1231\", and: [] },\n        { pattern: \"CS1231\", or: [] },\n        { and: [{ and: [\"abc\"], or: [\"def\"] }] },\n    ],\n}, { instancePath: \"/or/0\", message }, { instancePath: \"/or/1\", message }, { instancePath: \"/or/2/and/0\", message });",
              "err": {},
              "uuid": "0e22273e-e976-4423-800b-8629b478c3c5",
              "parentUUID": "553bd432-1886-4e61-b7b7-d2a6700d7304",
              "isHook": false,
              "skipped": false
            },
            {
              "title": "should not validate pattern match rule with invalid patterns",
              "fullTitle": "matchRuleSchema should not validate pattern match rule with invalid patterns",
              "timedOut": false,
              "duration": 0,
              "state": "passed",
              "speed": "fast",
              "pass": true,
              "fail": false,
              "pending": false,
              "context": null,
              "code": "const message = \"pattern should be a non-empty string composed of A-Z, 0-9, x or *\";\nisInvalidRule({\n    and: [\n        \"CS210c\",\n        { pattern: \"CS2100\", exclude: \"CS1231s\" },\n        { pattern: \"CS210#T\", exclude: [\"CS1231\", \"CS21%\"] },\n    ],\n}, { instancePath: \"/and/0\", message }, { instancePath: \"/and/1/exclude\", message }, { instancePath: \"/and/2/pattern\", message }, { instancePath: \"/and/2/exclude/1\", message });",
              "err": {},
              "uuid": "b6dce3bb-9e09-459d-a634-67bc40713426",
              "parentUUID": "553bd432-1886-4e61-b7b7-d2a6700d7304",
              "isHook": false,
              "skipped": false
            },
            {
              "title": "should not validate pattern match rule with non-string/array exclude",
              "fullTitle": "matchRuleSchema should not validate pattern match rule with non-string/array exclude",
              "timedOut": false,
              "duration": 0,
              "state": "passed",
              "speed": "fast",
              "pass": true,
              "fail": false,
              "pending": false,
              "context": null,
              "code": "const message = \"property 'exclude' should be either a pattern or an array of patterns\";\nisInvalidRule({\n    or: [\n        { pattern: \"CS2101\", exclude: {} },\n        { pattern: \"CS2101\", exclude: 5 },\n    ],\n}, { instancePath: \"/or/0/exclude\", message }, { instancePath: \"/or/1/exclude\", message });",
              "err": {},
              "uuid": "b11897e0-adfc-42e6-bf24-92b304cf1a26",
              "parentUUID": "553bd432-1886-4e61-b7b7-d2a6700d7304",
              "isHook": false,
              "skipped": false
            },
            {
              "title": "should not validate pattern match rule with non-string info",
              "fullTitle": "matchRuleSchema should not validate pattern match rule with non-string info",
              "timedOut": false,
              "duration": 0,
              "state": "passed",
              "speed": "fast",
              "pass": true,
              "fail": false,
              "pending": false,
              "context": null,
              "code": "const message = \"property 'info' should be a string\";\nisInvalidRule({ pattern: \"CS2101\", info: 42 }, { instancePath: \"/info\", message });",
              "err": {},
              "uuid": "de6ae8e7-938c-4c54-9f03-dcb46f97f1b6",
              "parentUUID": "553bd432-1886-4e61-b7b7-d2a6700d7304",
              "isHook": false,
              "skipped": false
            },
            {
              "title": "should not validate and match rules with non-array property",
              "fullTitle": "matchRuleSchema should not validate and match rules with non-array property",
[...]
              "isHook": false,
              "skipped": false
            },
            {
              "title": "should preserve list of modules with upper bound of MCs if total MC count is equal",
              "fullTitle": "inequalitySatisfier should preserve list of modules with upper bound of MCs if total MC count is equal",
              "timedOut": false,
              "duration": 0,
              "state": "passed",
              "speed": "fast",
              "pass": true,
              "fail": false,
              "pending": false,
              "context": null,
              "code": "const satisfier = satisfiers_1.inequalitySatisfier(ref, \"<=28\");\nsatisfier.should.have.property(\"filter\");\nconst { filter } = satisfier;\nisCorrectFilter(filter, modulesList1, modulesList1.map(([moduleStr]) => moduleStr));",
              "err": {},
              "uuid": "edaf7149-a698-4ac1-bf73-0a3f006c5116",
              "parentUUID": "3740fca4-b0c8-43de-8ce9-1614a3119087",
              "isHook": false,
              "skipped": false
            },
            {
              "title": "should preserve list of modules with upper bound of MCs if total MC count is lower",
              "fullTitle": "inequalitySatisfier should preserve list of modules with upper bound of MCs if total MC count is lower",
              "timedOut": false,
              "duration": 0,
              "state": "passed",
              "speed": "fast",
              "pass": true,
              "fail": false,
              "pending": false,
              "context": null,
              "code": "const satisfier = satisfiers_1.inequalitySatisfier(ref, \"<=32\");\nsatisfier.should.have.property(\"filter\");\nconst { filter } = satisfier;\nisCorrectFilter(filter, modulesList1, modulesList1.map(([moduleStr]) => moduleStr));",
              "err": {},
              "uuid": "b88410e3-313a-4442-bba4-8b6ea6c85473",
              "parentUUID": "3740fca4-b0c8-43de-8ce9-1614a3119087",
              "isHook": false,
              "skipped": false
            },
            {
              "title": "should truncate list of modules with upper bound of MCs at exact cutoff if total MC count is higher and there exists some starting sequence with exact MC count",
              "fullTitle": "inequalitySatisfier should truncate list of modules with upper bound of MCs at exact cutoff if total MC count is higher and there exists some starting sequence with exact MC count",
              "timedOut": false,
              "duration": 1,
              "state": "passed",
              "speed": "fast",
              "pass": true,
              "fail": false,
              "pending": false,
              "context": null,
              "code": "const satisfier = satisfiers_1.inequalitySatisfier(ref, \"<=16\");\nsatisfier.should.have.property(\"filter\");\nconst { filter } = satisfier;\nisCorrectFilter(filter, modulesList1, [\n    \"CS2100\",\n    \"GER1000\",\n    \"CS2040S\",\n    \"ST2131\",\n]);",
              "err": {},
              "uuid": "dfaea0e3-1917-411e-a911-1adca94a6219",
              "parentUUID": "3740fca4-b0c8-43de-8ce9-1614a3119087",
              "isHook": false,
              "skipped": false
            },
            {
              "title": "should truncate list of modules with upper bound of MCs, cutting off at the minimum starting sequence that exceeds upper bound, if total MC count is higher and there exists no starting sequence with exact MC count",
              "fullTitle": "inequalitySatisfier should truncate list of modules with upper bound of MCs, cutting off at the minimum starting sequence that exceeds upper bound, if total MC count is higher and there exists no starting sequence with exact MC count",
              "timedOut": false,
              "duration": 0,
              "state": "passed",
              "speed": "fast",
              "pass": true,
              "fail": false,
              "pending": false,
              "context": null,
              "code": "const satisfier = satisfiers_1.inequalitySatisfier(ref, \"<=17\");\nsatisfier.should.have.property(\"filter\");\nconst { filter } = satisfier;\nisCorrectFilter(filter, modulesList1, [\n    \"CS2100\",\n    \"GER1000\",\n    \"CS2040S\",\n    \"ST2131\",\n    \"MA1521\",\n]);",
              "err": {},
              "uuid": "b77638b8-fec8-4a88-a33a-d73b06b65554",
              "parentUUID": "3740fca4-b0c8-43de-8ce9-1614a3119087",
              "isHook": false,
              "skipped": false
            }
          ],
          "suites": [],
          "passes": [
            "cc42857a-a8b0-4945-bc9c-d3765b944d3d",
            "c15b6d3f-52f8-4b3e-98c4-57e78d22c769",
            "fb5f8c3c-0e56-4705-bd27-36c9f23b408a",
            "edaf7149-a698-4ac1-bf73-0a3f006c5116",
            "b88410e3-313a-4442-bba4-8b6ea6c85473",
            "dfaea0e3-1917-411e-a911-1adca94a6219",
            "b77638b8-fec8-4a88-a33a-d73b06b65554"
          ],
          "failures": [],
          "pending": [],
          "skipped": [],
          "duration": 2,
          "root": false,
          "rootEmpty": false,
          "_timeout": 2000
        },
        {
          "uuid": "1aefbbb4-fad0-4ff7-bcf9-0b343b0c2399",
          "title": "inequalitySchema",
          "fullFile": "/home/runner/work/planwithus-lib/planwithus-lib/src/satisfyRule/inequality/schemas.test.ts",
          "file": "/src/satisfyRule/inequality/schemas.test.ts",
          "beforeHooks": [],
          "afterHooks": [],
          "tests": [
            {
              "title": "should validate inequality in the form <=n or >=n",
              "fullTitle": "inequalitySchema should validate inequality in the form <=n or >=n",
              "timedOut": false,
              "duration": 1,
              "state": "passed",
              "speed": "fast",
              "pass": true,
              "fail": false,
              "pending": false,
              "context": "[\n  {\n    \"title\": \"inequality sample 0\",\n    \"value\": \">=144\"\n  },\n  {\n    \"title\": \"inequality sample 1\",\n    \"value\": \"<=147\"\n  },\n  {\n    \"title\": \"inequality sample 2\",\n    \"value\": \">=3\"\n  },\n  {\n    \"title\": \"inequality sample 3\",\n    \"value\": \">=4\"\n  },\n  {\n    \"title\": \"inequality sample 4\",\n    \"value\": \">=196\"\n  },\n  {\n    \"title\": \"inequality sample 5\",\n    \"value\": \">=160\"\n  },\n  {\n    \"title\": \"inequality sample 6\",\n    \"value\": \"<=78\"\n  },\n  {\n    \"title\": \"inequality sample 7\",\n    \"value\": \"<=124\"\n  },\n  {\n    \"title\": \"inequality sample 8\",\n    \"value\": \"<=8\"\n  },\n  {\n    \"title\": \"inequality sample 9\",\n    \"value\": \"<=1\"\n  }\n]",
              "code": "fast_check_1.sample(index_test_2.inequality, 10).forEach((sample, i) => addContext_1.default(this, {\n    title: `inequality sample ${i}`,\n    value: sample,\n}));\nreturn fast_check_1.assert(fast_check_1.property(index_test_2.inequality, ajvValidate));",
              "err": {},
              "uuid": "bc96c6e4-340c-4337-a2dc-d258079813da",
              "parentUUID": "1aefbbb4-fad0-4ff7-bcf9-0b343b0c2399",
              "isHook": false,
              "skipped": false
            },
            {
              "title": "should not validate inequality of invalid form",
              "fullTitle": "inequalitySchema should not validate inequality of invalid form",
              "timedOut": false,
              "duration": 2,
              "state": "passed",
              "speed": "fast",
              "pass": true,
              "fail": false,
              "pending": false,
              "context": null,
              "code": "[\n        \"\",\n        \"==23\",\n        \"23\",\n        \"<23\",\n        \">23\",\n        \"<=-1\",\n        \">=-1\",\n        \"<= 2\",\n        \">= 1\",\n        \"> 3\",\n        \"< 3\",\n        \"<=3a\",\n        \">=3a\",\n        \"a<=3\",\n        \"a>=3\",\n    ].forEach(isInvalidInequality)",
              "err": {},
              "uuid": "112d2021-3322-45e6-bd83-a29cd17b868f",
              "parentUUID": "1aefbbb4-fad0-4ff7-bcf9-0b343b0c2399",
              "isHook": false,
              "skipped": false
            }
          ],
          "suites": [],
          "passes": [
            "bc96c6e4-340c-4337-a2dc-d258079813da",
            "112d2021-3322-45e6-bd83-a29cd17b868f"
          ],
          "failures": [],
          "pending": [],
          "skipped": [],
          "duration": 3,
          "root": false,
          "rootEmpty": false,
          "_timeout": 2000
        },
        {
          "uuid": "14b4dfff-c044-42be-99e8-612b3e3fa6b5",
          "title": "satisfyRuleSchema",
          "fullFile": "/home/runner/work/planwithus-lib/planwithus-lib/src/satisfyRule/schemas.test.ts",
          "file": "/src/satisfyRule/schemas.test.ts",
          "beforeHooks": [],
          "afterHooks": [],
          "tests": [
            {
              "title": "should validate satisfy rule with valid block id",
              "fullTitle": "satisfyRuleSchema should validate satisfy rule with valid block id",
              "timedOut": false,
              "duration": 1,
              "state": "passed",
              "speed": "fast",
              "pass": true,
              "fail": false,
              "pending": false,
              "context": null,
              "code": "fast_check_1.assert(fast_check_1.property(fast_check_1.string(), ajvValidate)",
              "err": {},
              "uuid": "9effd0fc-7616-4966-bb89-573268e5a28c",
              "parentUUID": "14b4dfff-c044-42be-99e8-612b3e3fa6b5",
              "isHook": false,
              "skipped": false
            },
            {
              "title": "should validate satisfy rules with valid mc",
              "fullTitle": "satisfyRuleSchema should validate satisfy rules with valid mc",
              "timedOut": false,
              "duration": 1,
              "state": "passed",
              "speed": "fast",
              "pass": true,
              "fail": false,
              "pending": false,
              "context": "[\n  {\n    \"title\": \"mcSatisfyRule sample 0\",\n    \"value\": {\n      \"mc\": \">=194\"\n    }\n  },\n  {\n    \"title\": \"mcSatisfyRule sample 1\",\n    \"value\": {\n      \"mc\": \"<=10\"\n    }\n  },\n  {\n    \"title\": \"mcSatisfyRule sample 2\",\n    \"value\": {\n      \"mc\": \">=3\"\n    }\n  },\n  {\n    \"title\": \"mcSatisfyRule sample 3\",\n    \"value\": {\n      \"mc\": \"<=134\"\n    }\n  },\n  {\n    \"title\": \"mcSatisfyRule sample 4\",\n    \"value\": {\n      \"mc\": \">=194\"\n    }\n  },\n  {\n    \"title\": \"mcSatisfyRule sample 5\",\n    \"value\": {\n      \"mc\": \"<=167\"\n    }\n  },\n  {\n    \"title\": \"mcSatisfyRule sample 6\",\n    \"value\": {\n      \"mc\": \">=200\"\n    }\n  },\n  {\n    \"title\": \"mcSatisfyRule sample 7\",\n    \"value\": {\n      \"mc\": \">=6\"\n    }\n  },\n  {\n    \"title\": \"mcSatisfyRule sample 8\",\n    \"value\": {\n      \"mc\": \"<=4\"\n    }\n  },\n  {\n    \"title\": \"mcSatisfyRule sample 9\",\n    \"value\": {\n      \"mc\": \"<=8\"\n    }\n  }\n]",
              "code": "fast_check_1.sample(index_test_2.mcSatisfyRule, 10).forEach((sample, i) => addContext_1.default(this, {\n    title: `mcSatisfyRule sample ${i}`,\n    value: sample,\n}));\nreturn fast_check_1.assert(fast_check_1.property(index_test_2.mcSatisfyRule, ajvValidate));",
              "err": {},
              "uuid": "651eb8e3-aa3b-4800-bb58-101b6dd02532",
              "parentUUID": "14b4dfff-c044-42be-99e8-612b3e3fa6b5",
              "isHook": false,
              "skipped": false
            },
            {
              "title": "should validate valid recursive satisfy rules",
              "fullTitle": "satisfyRuleSchema should validate valid recursive satisfy rules",
              "timedOut": false,
              "duration": 4,
              "state": "passed",
              "speed": "fast",
              "pass": true,
              "fail": false,
              "pending": false,
              "context": "[\n  {\n    \"title\": \"satisfyRule sample 0\",\n    \"value\": {\n      \"mc\": \">=3\"\n    }\n  },\n  {\n    \"title\": \"satisfyRule sample 1\",\n    \"value\": {\n      \"or\": [\n        \"\",\n        \"N]b\"\n      ]\n    }\n  },\n  {\n    \"title\": \"satisfyRule sample 2\",\n    \"value\": {\n      \"mc\": \">=136\"\n    }\n  },\n  {\n    \"title\": \"satisfyRule sample 3\",\n    \"value\": {\n      \"or\": [\n        \"%W\"\n      ]\n    }\n  },\n  {\n    \"title\": \"satisfyRule sample 4\",\n    \"value\": {\n      \"mc\": \"<=66\"\n    }\n  },\n  {\n    \"title\": \"satisfyRule sample 5\",\n    \"value\": {\n      \"mc\": \">=5\"\n    }\n  },\n  {\n    \"title\": \"satisfyRule sample 6\",\n    \"value\": \"CER6U3\"\n  },\n  {\n    \"title\": \"satisfyRule sample 7\",\n    \"value\": {\n      \"mc\": \"<=138\"\n    }\n  },\n  {\n    \"title\": \"satisfyRule sample 8\",\n    \"value\": {\n      \"mc\": \"<=194\"\n    }\n  },\n  {\n    \"title\": \"satisfyRule sample 9\",\n    \"value\": {\n      \"mc\": \">=196\"\n    }\n  }\n]",
              "code": "fast_check_1.sample(index_test_2.satisfyRule, 10).forEach((sample, i) => addContext_1.default(this, {\n    title: `satisfyRule sample ${i}`,\n    value: sample,\n}));\nreturn fast_check_1.assert(fast_check_1.property(index_test_2.satisfyRule, ajvValidate));",
              "err": {},
              "uuid": "64579c49-a590-4daf-87af-3db4f038fbbf",
              "parentUUID": "14b4dfff-c044-42be-99e8-612b3e3fa6b5",
              "isHook": false,
              "skipped": false
            },
            {
              "title": "should not validate non-string/object",
              "fullTitle": "satisfyRuleSchema should not validate non-string/object",
              "timedOut": false,
              "duration": 1,
              "state": "passed",
              "speed": "fast",
              "pass": true,
              "fail": false,
              "pending": false,
              "context": null,
              "code": "const error = {\n    instancePath: \"\",\n    message: \"satisfy rule should be either a string or an object\",\n};\nisInvalidRule(null, error);\nisInvalidRule(undefined, error);\nisInvalidRule(10, error);\nisInvalidRule([12, 24], error);",
              "err": {},
              "uuid": "5f82d377-bace-4cba-9c61-ba79ff31fcac",
              "parentUUID": "14b4dfff-c044-42be-99e8-612b3e3fa6b5",
              "isHook": false,
              "skipped": false
            },
            {
              "title": "should not validate satisfy rules with extra properties",
              "fullTitle": "satisfyRuleSchema should not validate satisfy rules with extra properties",
              "timedOut": false,
              "duration": 0,
              "state": "passed",
              "speed": "fast",
              "pass": true,
              "fail": false,
              "pending": false,
              "context": null,
              "code": "isInvalidRule({\n        and: [\n            { or: [\"2k\"], abc: \"def\" },\n            { mc: 8, ghi: \"jkl\" },\n        ],\n        mno: \"pqr\",\n    }, {\n        instancePath: \"/and/0\",\n        message: \"or satisfy rule should have property 'or' only\",\n    }, {\n        instancePath: \"/and/1\",\n        message: \"MC satisfy rule should have property 'mc' only\",\n    }, {\n        instancePath: \"\",\n        message: \"and satisfy rule should have property 'and' only\",\n    })",
              "err": {},
              "uuid": "7f438c75-2ccf-4b85-a051-67f8191b4969",
              "parentUUID": "14b4dfff-c044-42be-99e8-612b3e3fa6b5",
              "isHook": false,
              "skipped": false
            },
            {
              "title": "should not validate ambiguous satisfy rules",
              "fullTitle": "satisfyRuleSchema should not validate ambiguous satisfy rules",
              "timedOut": false,
              "duration": 1,
              "state": "passed",
              "speed": "fast",
              "pass": true,
              "fail": false,
              "pending": false,
              "context": null,
              "code": "const message = \"satisfy rule should have only one of properties 'mc', 'and', 'or'\";\nisInvalidRule({\n    or: [\n        { mc: 5, and: [\"CS2040\"] },\n        { and: [{ and: [\"abc\"], or: [\"def\"] }] },\n    ],\n}, { instancePath: \"/or/0\", message }, { instancePath: \"/or/1/and/0\", message });",
              "err": {},
              "uuid": "fd5f47b1-0877-460a-b5da-717b64163e32",
              "parentUUID": "14b4dfff-c044-42be-99e8-612b3e3fa6b5",
              "isHook": false,
              "skipped": false
            },
            {
              "title": "should not validate and satisfy rules with non-array property",
              "fullTitle": "satisfyRuleSchema should not validate and satisfy rules with non-array property",
              "timedOut": false,
              "duration": 0,
              "state": "passed",
              "speed": "fast",
              "pass": true,
              "fail": false,
              "pending": false,
              "context": null,
              "code": "const message = \"property 'and' should be an array of satisfy rules\";\nisInvalidRule({ or: [{ and: {} }, { or: [{ and: 3 }] }] }, { instancePath: \"/or/0/and\", message }, { instancePath: \"/or/1/or/0/and\", message });",
              "err": {},
              "uuid": "c9042427-2985-4121-84dd-9843a4569d45",
              "parentUUID": "14b4dfff-c044-42be-99e8-612b3e3fa6b5",
              "isHook": false,
              "skipped": false
            },
            {
              "title": "should not validate or satisfy rules with non-array property",
              "fullTitle": "satisfyRuleSchema should not validate or satisfy rules with non-array property",
              "timedOut": false,
              "duration": 1,
              "state": "passed",
              "speed": "fast",
              "pass": true,
              "fail": false,
              "pending": false,
              "context": null,
              "code": "const message = \"property 'or' should be an array of satisfy rules\";\nisInvalidRule({ and: [{ or: {} }, { and: [{ or: 3 }] }] }, { instancePath: \"/and/0/or\", message }, { instancePath: \"/and/1/and/0/or\", message });",
              "err": {},
              "uuid": "2a896ab0-4e29-4cdb-a9d2-3308fc81dd15",
              "parentUUID": "14b4dfff-c044-42be-99e8-612b3e3fa6b5",
              "isHook": false,
              "skipped": false
            }
          ],
          "suites": [],
          "passes": [
            "9effd0fc-7616-4966-bb89-573268e5a28c",
            "651eb8e3-aa3b-4800-bb58-101b6dd02532",
            "64579c49-a590-4daf-87af-3db4f038fbbf",
            "5f82d377-bace-4cba-9c61-ba79ff31fcac",
            "7f438c75-2ccf-4b85-a051-67f8191b4969",
            "fd5f47b1-0877-460a-b5da-717b64163e32",
            "c9042427-2985-4121-84dd-9843a4569d45",
            "2a896ab0-4e29-4cdb-a9d2-3308fc81dd15"
          ],
          "failures": [],
          "pending": [],
          "skipped": [],
          "duration": 9,
          "root": false,
          "rootEmpty": false,
          "_timeout": 2000
        }
      ],
      "passes": [],
      "failures": [],
      "pending": [],
      "skipped": [],
      "duration": 0,
      "root": true,
      "rootEmpty": true,
      "_timeout": 2000
    }
  ],
  "meta": {
    "mocha": {
      "version": "9.0.3"
    },
    "mochawesome": {
      "options": {
        "quiet": false,
        "reportFilename": "mochawesome",
        "saveHtml": true,
        "saveJson": true,
        "consoleReporter": "spec",
        "useInlineDiffs": false,
        "code": true
      },
      "version": "6.2.2"
    },
    "marge": {
      "options": {
        "reportDir": "docs"
      },
      "version": "5.2.0"
    }
  }
}