{
  "stats": {
    "suites": 10,
    "tests": 48,
    "passes": 48,
    "pending": 0,
    "failures": 0,
    "start": "2021-09-14T02:55:27.519Z",
    "end": "2021-09-14T02:55:27.899Z",
    "duration": 380,
    "testsRegistered": 48,
    "passPercent": 100,
    "pendingPercent": 0,
    "other": 0,
    "hasOther": false,
    "skipped": 0,
    "hasSkipped": false
  },
  "results": [
    {
      "uuid": "9d441c58-7a0b-44db-a825-8582f9a735d6",
      "title": "",
      "fullFile": "",
      "file": "",
      "beforeHooks": [],
      "afterHooks": [],
      "tests": [],
      "suites": [
        {
          "uuid": "fa677406-4347-4a21-8865-82bdd60cd742",
          "title": "initDirectories",
          "fullFile": "/home/runner/work/planwithus-lib/planwithus-lib/src/block/schemas.test.ts",
          "file": "/src/block/schemas.test.ts",
          "beforeHooks": [],
          "afterHooks": [],
          "tests": [
            {
              "title": "should parse all blocks with no errors",
              "fullTitle": "initDirectories should parse all blocks with no errors",
              "timedOut": false,
              "duration": 3,
              "state": "passed",
              "speed": "fast",
              "pass": true,
              "fail": false,
              "pending": false,
              "context": null,
              "code": "_1.initDirectories.should.not.throw()",
              "err": {},
              "uuid": "0d38fed2-c53a-4237-bece-42a6be583325",
              "parentUUID": "fa677406-4347-4a21-8865-82bdd60cd742",
              "isHook": false,
              "skipped": false
            },
            {
              "title": "should produce primary, second & minor directories",
              "fullTitle": "initDirectories should produce primary, second & minor directories",
              "timedOut": false,
              "duration": 3,
              "state": "passed",
              "speed": "fast",
              "pass": true,
              "fail": false,
              "pending": false,
              "context": null,
              "code": "const directories = _1.initDirectories();\ndirectories.should.have.property(\"primary\");\ndirectories.should.have.property(\"second\");\ndirectories.should.have.property(\"minor\");",
              "err": {},
              "uuid": "b6f97d6d-33ad-4193-85f4-cb77421cb23b",
              "parentUUID": "fa677406-4347-4a21-8865-82bdd60cd742",
              "isHook": false,
              "skipped": false
            }
          ],
          "suites": [],
          "passes": [
            "0d38fed2-c53a-4237-bece-42a6be583325",
            "b6f97d6d-33ad-4193-85f4-cb77421cb23b"
          ],
          "failures": [],
          "pending": [],
          "skipped": [],
          "duration": 6,
          "root": false,
          "rootEmpty": false,
          "_timeout": 2000
        },
        {
          "uuid": "a49d4d89-7d80-4f0c-ac87-1db8c8ee8b12",
          "title": "blockSchema",
          "fullFile": "/home/runner/work/planwithus-lib/planwithus-lib/src/block/schemas.test.ts",
          "file": "/src/block/schemas.test.ts",
          "beforeHooks": [],
          "afterHooks": [],
          "tests": [
            {
              "title": "should validate valid block",
              "fullTitle": "blockSchema should validate valid block",
              "timedOut": false,
              "duration": 222,
              "state": "passed",
              "speed": "slow",
              "pass": true,
              "fail": false,
              "pending": false,
              "context": "[\n  {\n    \"title\": \"block sample 0\",\n    \"value\": {\n      \"name\": \"&$!&}&Q\",\n      \"ay\": 1950,\n      \"assign\": \"JdAb+M9D \",\n      \"match\": [\n        \"KI48xE\",\n        \"DW54*O\",\n        \"TCYx6x8\"\n      ],\n      \"satisfy\": [\n        {\n          \"mc\": \">=8\"\n        }\n      ],\n      \"isSelectable\": true,\n      \"FLz0D<6\": {\n        \"name\": \"I`nIB!~>\",\n        \"ay\": 2024,\n        \"url\": \"https://d2j78esnmq90owxcu062j1194-m03bnunu-abtgmisvc7v7vrb8eh6d.bnj0i1mp0hskm2omznkhk3b0p8vv63mph6bo6ch-6h45wovbp4.jaqomzt\",\n        \"info\": \"\\\"=&%\\\"*P<h\",\n        \"isSelectable\": true\n      },\n      \"%p%'# L%!\": {\n        \"name\": \"C\\\\g\",\n        \"assign\": \"T8$#\\\" \",\n        \"match\": [\n          {\n            \"and\": []\n          },\n          {\n            \"and\": [\n              \"SH485I\",\n              {\n                \"and\": [\n                  \"JVx537\"\n                ]\n              }\n            ]\n          },\n          {\n            \"pattern\": \"IE5\",\n            \"info\": \"p\"\n          }\n        ],\n        \"satisfy\": \"el\",\n        \"url\": \"http://g.mk6f4t3yx3n3fl4-ue5xorpien95g0vqux87p8oeohos8qlgwvhzpvxo.8ovsi681dqdwiws2fpgcepu2ac-9wzp5oh2ud.u4kl3uvpe03dnh-zaktcq.evbkxab/v+B7O/gKA/1E005u/(%F3%9F%B3%987nO9/_s\",\n        \"isSelectable\": true,\n        \"a0\\\\-^\": {\n          \"name\": \"2z#_Xb' ._\",\n          \"ay\": 1986,\n          \"assign\": [\n            \")Hl)Iz*~DX\"\n          ],\n          \"satisfy\": [\n            {\n              \"and\": [\n                \"\"\n              ]\n            },\n            {\n              \"or\": [\n                {\n                  \"and\": [\n                    \"^0)`s?wo5<\",\n                    \"_\"\n                  ]\n                },\n                \"4:~*(^\",\n                \"&Cu<@'N9)\",\n                {\n                  \"or\": [\n                    \"O$&o\",\n                    \"_*0=R:~\",\n                    \"^#vFE\",\n                    \"c&>E#/\"\n                  ]\n                }\n              ]\n            },\n            {\n              \"and\": [\n                \"JTcq.gcq\",\n                \"</S~Y}c4Y\",\n                {\n                  \"mc\": \"<=190\"\n                },\n                {\n                  \"mc\": \"<=157\"\n                }\n              ]\n            },\n            {\n              \"or\": [\n                {\n                  \"or\": []\n                },\n                {\n                  \"or\": [\n                    \"_$LK,AelZ\",\n                    {\n                      \"or\": [\n                        {\n                          \"or\": [\n                            {\n                              \"or\": []\n                            },\n                            \"mu\"\n                          ]\n                        },\n                        {\n                          \"or\": [\n                            \"?y^|}Jn\",\n                            \"\",\n                            \"fP\",\n                            \"\"\n                          ]\n                        },\n                        \"MM+yG|\",\n                        {\n                          \"or\": [\n                            \"\",\n                            \"9PL_No<\",\n                            {\n                              \"and\": [\n                                \"$4.j\"\n                              ]\n                            }\n                          ]\n                        },\n                        \"o&},.'h-\"\n                      ]\n                    }\n                  ]\n                },\n                {\n                  \"mc\": \">=24\"\n                },\n                {\n                  \"and\": [\n                    \":0xg1z_\",\n                    \"\",\n                    \"=L~;'v~[I\"\n                  ]\n                },\n                {\n                  \"mc\": \">=44\"\n                }\n              ]\n            },\n            {\n              \"mc\": \">=41\"\n            }\n          ],\n          \"url\": \"https://iet9vm6uswjmx36yb7fy1pjjulpegnpvp4-1kzic7d.ywyc599id254-ow7yo7kgzm3a.xtxoo67rx6szxnyhd9u5ctbhs-zdv10lf7t4cu63fodo97fo6v.7xl8z.lltwv/:'iEJ%F0%94%85%BAA/%F3%91%9D%A2nM\",\n          \"info\": \"Mf^[ZR\",\n          \"isSelectable\": true\n        },\n        \"@Y*%\": {\n          \"name\": \"e\",\n          \"ay\": 2015,\n          \"assign\": [\n            \":7H*@?RP\",\n            \"};Bg\",\n            \"\",\n            \"otPvr/p@\",\n            \"\"\n          ],\n          \"match\": [\n            {\n              \"pattern\": \"FO0315\",\n              \"exclude\": [\n                \"SLC19C\",\n                \"DA6457\"\n              ],\n              \"info\": \"M!@:j|`\"\n            },\n            {\n              \"pattern\": \"GJT8B\",\n              \"exclude\": \"QY*47I\"\n            },\n            {\n              \"pattern\": \"OHH870\",\n              \"exclude\": [\n                \"TRT5920J\",\n                \"MBM88X\",\n                \"MIC217A\"\n              ],\n              \"info\": \"8{C'eA9tV\"\n            }\n          ],\n          \"satisfy\": [\n            {\n              \"mc\": \">=97\"\n            },\n            \":fh,Z}b*\",\n            \"E\\\\{<@\"\n          ],\n          \"url\": \"https://pj9p44mjzt6-ewo110aguky4mix9ugmtxkv8fffxckigzqxq9r.c8djuv9edolmsyi417ssxdy0f14mb1mvkdc3y.k.ofghxa/%F2%B1%8F%8FtU-sF@dG/M(z3/a-DRXU/o\",\n          \"info\": \"{zb8-K|}0_\",\n          \"isSelectable\": true\n        },\n        \"iy\": {\n          \"name\": \"ji\",\n          \"ay\": 2027,\n          \"assign\": \"M=Y\",\n          \"match\": [],\n          \"satisfy\": [\n            {\n              \"and\": [\n                \"N]}a\",\n                {\n                  \"mc\": \">=129\"\n                }\n              ]\n            },\n            {\n              \"and\": [\n                {\n                  \"mc\": \">=119\"\n                },\n                {\n                  \"or\": [\n                    {\n                      \"mc\": \"<=33\"\n                    }\n                  ]\n                },\n                \"B\"\n              ]\n            }\n          ],\n          \"url\": \"https://1.2cmr9usg7m5ufr461tjbzyu026fr2hqliqd64fju.ycccbnunc/X~/-g%F0%B5%8E%8DRf/C;/SDi@%F2%AE%AC%B3VF%F4%87%A7%BC.i/6v%F3%8A%B0%945D\",\n          \"info\": \"HCvic\"\n        }\n      }\n    }\n  },\n  {\n    \"title\": \"block sample 1\",\n    \"value\": {\n      \"name\": \"E8#\",\n      \"ay\": 2011,\n      \"assign\": \"{E$7.XL\\\"/\",\n      \"match\": {\n        \"or\": [\n          {\n            \"or\": [\n              {\n                \"or\": [\n                  {\n                    \"or\": []\n                  },\n                  {\n                    \"pattern\": \"JF90D\",\n                    \"exclude\": [],\n                    \"info\": \"XO+;2lN\"\n                  },\n                  {\n                    \"pattern\": \"RYK901K\",\n                    \"exclude\": [\n                      \"FV740\",\n                      \"TIG*\",\n                      \"FV42W\",\n                      \"NH091Z\"\n                    ],\n                    \"info\": \"d\\\"n-\"\n                  }\n                ]\n              },\n              \"ZQ2186B\",\n              \"GUYx2x\"\n            ]\n          },\n          {\n            \"and\": [\n              {\n                \"and\": [\n                  \"VKV765I\",\n                  \"HJG41\",\n                  {\n                    \"or\": [\n                      \"KSK01\"\n                    ]\n                  }\n                ]\n              }\n            ]\n          },\n          {\n            \"or\": [\n              \"JQJ14W\",\n              {\n                \"or\": [\n                  {\n                    \"and\": []\n                  },\n                  \"XSW68*2S\",\n                  {\n                    \"pattern\": \"XOx0\",\n                    \"exclude\": [\n                      \"FC9\"\n                    ]\n                  }\n                ]\n              },\n              \"ZHx256X\",\n              \"MYN0080\",\n              {\n                \"pattern\": \"EZ007M\",\n                \"info\": \"o*ix(e/Y\\\"i\"\n              }\n            ]\n          },\n          {\n            \"or\": [\n              {\n                \"and\": [\n                  {\n                    \"and\": [\n                      \"AB1034\",\n                      \"XW*\",\n                      \"EEx2S\",\n                      \"TB0*4T\"\n                    ]\n                  },\n                  \"SY9765\",\n                  \"KTI874xF\",\n                  {\n                    \"or\": [\n                      \"WV32H\",\n                      \"FA8Z\",\n                      \"FWN14\",\n                      \"XIE002\",\n                      {\n                        \"and\": [\n                          \"SN13x\"\n                        ]\n                      }\n                    ]\n                  },\n                  \"UM*V\"\n                ]\n              },\n              \"DF2*00Q\",\n              {\n                \"pattern\": \"AG7\",\n                \"exclude\": [\n                  \"EOIx95\",\n                  \"RB6731N\"\n                ],\n                \"info\": \"=;hB]]n\"\n              }\n            ]\n          },\n          {\n            \"and\": [\n              {\n                \"pattern\": \"ZAL97\",\n                \"exclude\": \"QHP6\",\n                \"info\": \"v\"\n              }\n            ]\n          }\n        ]\n      },\n      \"satisfy\": \"a|{\",\n      \"url\": \"http://un8l-9qputw.z-lw-jeggvutliojyk6638uuuphz42ov-xyomc-7g2uhr534orvcujyb.13dbipwwxzpc16vs3dw3gxcx3rsmxwaf111y2069evk-umw4cmgqzjlxi2b4.dd.ijmxui/0md/aZB/%28L2q%23@ca:e/!b%F1%91%97%A5/T*:L/%E2%8C%87;//O;U/+bee%F2%8C%B7%ACP/W,%F3%BC%A8%A9\",\n      \"info\": \"v(\",\n      \"isSelectable\": true,\n      \"_\": {\n        \"name\": \"|gH~&n2/q%\",\n        \"ay\": 1959,\n        \"assign\": \"Z1\",\n        \"match\": [\n          \"UQ7\",\n          {\n            \"or\": [\n              {\n                \"pattern\": \"ROZ35x\",\n                \"exclude\": [\n                  \"PBL02\",\n                  \"ZX93\"\n                ],\n                \"info\": \"\"\n              },\n              {\n                \"and\": [\n                  \"EX358\",\n                  \"IYQ08\"\n                ]\n              }\n            ]\n          }\n        ],\n        \"satisfy\": [\n          {\n            \"mc\": \"<=23\"\n          }\n        ],\n        \"url\": \"https://e5e.ecl/YDto*%F1%BF%9E%B6//cYi2*(/%F2%84%9E%92/gYd%F1%8B%9D%A3/-@'sjXG%F1%9E%BF%88\",\n        \"info\": \"?#?)W|YO\",\n        \"isSelectable\": true\n      }\n    }\n  },\n  {\n    \"title\": \"block sample 2\",\n    \"value\": {\n      \"name\": \"?3Dw&m!2\\\\\",\n      \"ay\": 1955,\n      \"assign\": [\n        \"+Qmt\",\n        \"JFy\",\n        \"CW\"\n      ],\n      \"match\": [],\n      \"satisfy\": [\n        {\n          \"and\": [\n            \"A>oW*&\",\n            {\n              \"and\": [\n                \"Fks4clR&g\",\n                \"CA2C3O\",\n                {\n                  \"or\": [\n                    {\n                      \"or\": [\n                        {\n                          \"or\": [\n                            \"I1gr\",\n                            \"@Q\",\n                            \"\",\n                            {\n                              \"or\": [\n                                \"T+\"\n                              ]\n                            },\n                            \"x4;1w<q?\"\n                          ]\n                        },\n                        \"T\"\n                      ]\n                    },\n                    \"hW87;Dqm\",\n                    {\n                      \"mc\": \"<=29\"\n                    }\n                  ]\n                },\n                \"t#H7\"\n              ]\n            },\n            \"^n9$dxG~~\"\n          ]\n        },\n        {\n          \"or\": [\n            \"IlOo1Dz\",\n            {\n              \"or\": [\n                \"8~FhQC5KO\",\n                \"!o},~k\"\n              ]\n            }\n          ]\n        },\n        {\n          \"or\": [\n            {\n              \"mc\": \">=198\"\n            },\n            {\n              \"and\": [\n                \"7gvz8w\"\n              ]\n            },\n            {\n              \"and\": [\n                {\n                  \"and\": [\n                    {\n                      \"mc\": \">=44\"\n                    },\n                    {\n                      \"and\": [\n                        \"Fc~R\",\n                        {\n                          \"or\": []\n                        },\n                        {\n                          \"and\": [\n                            \";\"\n                          ]\n                        },\n                        {\n                          \"or\": [\n                            \":2\",\n                            {\n                              \"or\": [\n                                \"#yEBNBqT\",\n                                {\n                                  \"and\": [\n                                    \"@nxa^a8,\",\n                                    \"t(yL!|\"\n                                  ]\n                                }\n                              ]\n                            },\n                            {\n                              \"and\": [\n                                \"Bj+b8:Kiy\",\n                                \"xQ2c8U'k'E\",\n                                \"d>i]f3g9_\",\n                                \"a\",\n                                {\n                                  \"mc\": \">=80\"\n                                }\n                              ]\n                            },\n                            \"-!K=Z.3\"\n                          ]\n                        }\n                      ]\n                    },\n                    {\n                      \"and\": [\n                        \"(? `F%An\",\n                        \"QT\"\n                      ]\n                    },\n                    \"c \"\n                  ]\n                },\n                {\n                  \"or\": [\n                    {\n                      \"and\": [\n                        \";15v>Csx=T\",\n                        \"c\",\n                        \"8TDCdy#\",\n                        \"AdK\",\n                        {\n                          \"or\": []\n                        }\n                      ]\n                    },\n                    \"$\\\\jRM1]jT*\",\n                    \"Fi|hB52V2n\",\n                    \"(FDn\",\n                    {\n                      \"and\": [\n                        \"l8:X\",\n                        \"6{Y_#~\",\n                        \"#ZZS\"\n                      ]\n                    }\n                  ]\n                },\n                {\n                  \"mc\": \"<=131\"\n                },\n                {\n                  \"or\": [\n                    {\n                      \"or\": [\n                        {\n                          \"or\": [\n                            \"*\\\"Z{R[!Q;z\"\n                          ]\n                        },\n                        \"\",\n                        \"z[al\"\n                      ]\n                    },\n                    \"_^NGS\",\n                    \"uF$GsGg\",\n                    \"0\"\n                  ]\n                }\n              ]\n            },\n            {\n              \"or\": [\n                {\n                  \"or\": [\n                    {\n                      \"and\": [\n                        {\n                          \"mc\": \">=68\"\n                        },\n                        {\n                          \"or\": [\n                            \"vxaae@Bek\",\n                            \"Sv8W\"\n                          ]\n                        },\n                        {\n                          \"and\": [\n                            \")v?cN%,M \",\n                            \"i,N03:VL^n\",\n                            {\n                              \"mc\": \">=198\"\n                            },\n                            \"\",\n                            \",V+\"\n                          ]\n                        },\n                        {\n                          \"or\": []\n                        },\n                        \"vq`Mdya`\"\n                      ]\n                    },\n                    {\n                      \"and\": []\n                    },\n                    \"[nZYYF\",\n                    \"0NN'gJ[y\",\n                    \"PtZ\\\\ A\"\n                  ]\n                },\n                \"1\",\n                {\n                  \"or\": [\n                    {\n                      \"or\": [\n                        \"TP\",\n                        {\n                          \"mc\": \">=129\"\n                        },\n                        \"i8}^\",\n                        \"Lr>\"\n                      ]\n                    },\n                    {\n                      \"or\": [\n                        {\n                          \"and\": []\n                        },\n                        \")R+eu$u\",\n                        \"5A\",\n                        \"G&ek.s6#k\"\n                      ]\n                    },\n                    \",3MWGLJl>{\",\n                    {\n                      \"or\": [\n                        {\n                          \"and\": [\n                            \".m\",\n                            \"-c\",\n                            \"[>E\"\n                          ]\n                        },\n                        \"TP#p(HbP\",\n                        \"zFeTCsAc\",\n                        \"F\",\n                        \"<\"\n                      ]\n                    },\n                    {\n                      \"or\": [\n                        \"U\",\n                        {\n                          \"mc\": \">=94\"\n                        }\n                      ]\n                    }\n                  ]\n                },\n                {\n                  \"and\": []\n                }\n              ]\n            }\n          ]\n        }\n      ],\n      \"url\": \"http://t86.59a.6zgybnd.opmiaptppg\",\n      \"info\": \"\",\n      \"isSelectable\": true\n    }\n  },\n  {\n    \"title\": \"block sample 3\",\n    \"value\": {\n      \"name\": \"A9\",\n      \"ay\": 2002,\n      \"assign\": \"TZ\",\n      \"match\": {\n        \"pattern\": \"NK65\",\n        \"info\": \"%\\\"o\"\n      },\n      \"satisfy\": \"]e*+5LUs_f\",\n      \"url\": \"http://1d7m-joegfuwbeomnwa8vgwkyhi0h2ksubprfl7e1r1imjrwwon5wax50t15.iq47ef7brcn-abzlp312s4dfy6nb97kc3lawgh668vf6q2-5svreb8une.prqhjptg1iclyhdv5apjuodwjver878zs63d3f3-pig6x39twpcm34.bk/%F2%87%93%91w/Z\",\n      \"info\": \"MrU?Y6\",\n      \"isSelectable\": true,\n      \"~v\\\"\": {\n        \"name\": \"m\",\n        \"ay\": 1968,\n        \"assign\": [\n          \"C{[D/zE%JF\",\n          \"u&\"\n        ],\n        \"match\": {\n          \"pattern\": \"XR2\",\n          \"exclude\": [\n            \"LL8Z\",\n            \"CU*1\"\n          ],\n          \"info\": \"4o9\"\n        },\n        \"satisfy\": {\n          \"and\": [\n            {\n              \"or\": []\n            }\n          ]\n        },\n        \"url\": \"http://aac76.eve.bxuxwvse//mc/R~KL8+z/'/%F0%95%BF%9DeU~/D,mJ%F3%81%B1%98RE8'\",\n        \"info\": \"RQY\",\n        \"isSelectable\": true,\n        \"\": {\n          \"name\": \"{loADn\",\n          \"ay\": 1967,\n          \"assign\": [\n            \"bk? \",\n            \"Vp{O6N\"\n          ],\n          \"match\": {\n            \"or\": [\n              {\n                \"pattern\": \"SXL0T\",\n                \"exclude\": \"ZWN4x98\",\n                \"info\": \"{TZ\"\n              }\n            ]\n          },\n          \"satisfy\": {\n            \"and\": []\n          },\n          \"url\": \"https://m11i8haoj98u-3s3k5rwlpayshidyq89czi0prs17m21phvw.4.5t8nh1m2mow7nakykjxivk0ow7yolt-l.2.a.vrmdtlm/%F2%99%A9%BA7E!M3/xhk89*%F0%AF%88%8A/wX0L%E8%AE%96g)/.gMzR/6%F4%88%96%99VY/%F3%A7%AD%B2DB%F3%89%BD%A7%F2%9C%86%A8+VH/%F3%BE%96%AA%F3%84%81%9Ddqcv%F1%B4%A7%8C\",\n          \"info\": \"UJ0(N'\",\n          \"isSelectable\": true\n        },\n        \"`Kz\": {\n          \"name\": \"\",\n          \"assign\": \";vtdBw{<ld\",\n          \"match\": \"HY8\",\n          \"satisfy\": [\n            {\n              \"and\": [\n                {\n                  \"mc\": \"<=140\"\n                }\n              ]\n            },\n            {\n              \"and\": [\n                {\n                  \"and\": [\n                    {\n                      \"and\": [\n                        \"8L!A6j\",\n                        \"fRRH!&M|B\",\n                        \"Hg4~O_s\"\n                      ]\n                    },\n                    \":h rt\"\n                  ]\n                },\n                {\n                  \"mc\": \">=108\"\n                },\n                \"SdB-z;yW\"\n              ]\n            }\n          ],\n          \"url\": \"https://1.52t6mh7ey0bwq2z4g5tlifzd6ey1h6lbwjroi.3kne6vnblgqt082ufb6iy1uf5ykszo.7.aq//0W_29u%F4%86%BE%BF/.~GK/P=T(C\"\n        },\n        \"E5+Zo>@\": {\n          \"ay\": 1970,\n          \"assign\": [\n            \"\",\n            \"Q\",\n            \"SZ\",\n            \"\"\n          ],\n          \"match\": [\n            {\n              \"or\": [\n                {\n                  \"and\": [\n                    {\n                      \"pattern\": \"FK568Y\",\n                      \"info\": \"{5\"\n                    },\n                    {\n                      \"or\": [\n                        \"CSY5\",\n                        \"WNP645xN\",\n                        \"EA1L\"\n                      ]\n                    },\n                    \"OL1511\"\n                  ]\n                },\n                \"KGS694\",\n                \"LY2\"\n              ]\n            },\n            \"HK8R\",\n            {\n              \"and\": []\n            }\n          ],\n          \"info\": \"+IrP.\",\n          \"isSelectable\": true\n        }\n      },\n      \"U;\": {\n        \"name\": \"R%y\",\n        \"ay\": 1956,\n        \"assign\": \"\",\n        \"satisfy\": [],\n        \"url\": \"https://ksoslhjd4kd6zl7-syduit1eh7hvwhlmdv1278t3c7cexqp7ls.kvb5ndyj952t.0.cfbeaucyv/veelInVd3\",\n        \"info\": \"\",\n        \"isSelectable\": true\n      }\n    }\n  },\n  {\n    \"title\": \"block sample 4\",\n    \"value\": {\n      \"name\": \"\",\n      \"ay\": 2024,\n      \"assign\": [\n        \"p6I3Z\"\n      ],\n      \"match\": {\n        \"pattern\": \"WT04\",\n        \"exclude\": [\n          \"BXU3\",\n          \"NAUxE\",\n          \"DN89F\",\n          \"TE9*88\"\n        ]\n      },\n      \"satisfy\": \"\",\n      \"info\": \"-Ow<[m\",\n      \"isSelectable\": true,\n      \"~Bj\": {\n        \"name\": \"45D\",\n        \"ay\": 1982,\n        \"match\": \"VD9H\",\n        \"satisfy\": [\n          \"#>\",\n          {\n            \"mc\": \">=48\"\n          },\n          {\n            \"and\": [\n              \"HBn \",\n              {\n                \"mc\": \">=174\"\n              },\n              {\n                \"and\": [\n                  \"2:qN4}=j7\",\n                  {\n                    \"or\": [\n                      {\n                        \"or\": [\n                          {\n                            \"mc\": \">=25\"\n                          },\n                          {\n                            \"or\": []\n                          },\n                          \")=Nd\"\n                        ]\n                      },\n                      \"jyL:hDn\"\n                    ]\n                  }\n                ]\n              },\n              {\n                \"mc\": \"<=71\"\n              },\n              {\n                \"or\": [\n                  {\n                    \"mc\": \"<=66\"\n                  },\n                  \"]b`H1aAao-\",\n                  \"WqLX\",\n                  \"\",\n                  \"{@Ih9\"\n                ]\n              }\n            ]\n          }\n        ],\n        \"url\": \"https://kbpcb2xb.066y4h96q0dw8ecscf5807x9yop94ljsu.jiyki/Mhgx%F2%86%93%9D.%F2%BD%9D%95b%F1%A4%B8%82\",\n        \"isSelectable\": true\n      },\n      \"J>H\": {\n        \"name\": \"<G51\",\n        \"assign\": \"wYpZz]\",\n        \"match\": [],\n        \"satisfy\": {\n          \"mc\": \">=30\"\n        },\n        \"url\": \"http://a.bjgiybvj/0r/lJ$Nz%F2%A2%BF%B6/i%F3%98%8C%87JiKT6I%F2%9E%A7%86B/:%F3%B1%85%A1ZQsh6%E5%96%B8\",\n        \"info\": \"lPA6<6\",\n        \"isSelectable\": true\n      },\n      \"mhu:nqr/!\": {\n        \"name\": \"s_\\\"bOlU0o\",\n        \"ay\": 1984,\n        \"assign\": [\n          \"Hd=/I{F9;p\",\n          \"F;g-^ZC\"\n        ],\n        \"match\": {\n          \"pattern\": \"LJZ*99*U\",\n          \"exclude\": [\n            \"XIT47K\",\n            \"CZC645\",\n            \"SW790X\",\n            \"NVG27W\",\n            \"SLK1\"\n          ],\n          \"info\": \"&6A9MU\"\n        },\n        \"satisfy\": [\n          {\n            \"mc\": \"<=6\"\n          },\n          \"V@ k4A!\"\n        ],\n        \"url\": \"http://cchc9h3sgthiwfttsic01tk7ncl4vhoe4luh.orysudbr/rs%F4%8B%BD%86wt'(/O/Z/tP/qJ2A5AAD~a/x5Wg@oqBs%F0%90%8A%94/4%F3%A8%89%83V;ltwz-*/dfQF0qP\",\n        \"info\": \"s\",\n        \"w[\": {\n          \"name\": \".V@qX<bKqj\",\n          \"ay\": 2008,\n          \"assign\": \".TztuA\",\n          \"match\": [\n            {\n              \"and\": [\n                \"YFU3036I\",\n                {\n                  \"pattern\": \"NY8S\",\n                  \"exclude\": \"MY*Z\"\n                },\n                \"OAB1*36\"\n              ]\n            },\n            \"YE36\",\n            \"MTU60L\",\n            \"SPW2724K\",\n            {\n              \"or\": []\n            }\n          ],\n          \"satisfy\": [],\n          \"url\": \"https://v5yeyfx6bl7mobm-lu28hbc-yf51ea5c19j.v.khm1wt6va83qmpbv5tl90jlna5.lyrarh/3nCm&/%E9%87%A39qe./C/V/w;N\",\n          \"info\": \"j!;khy0PK\",\n          \"isSelectable\": true\n        },\n        \"\": {\n          \"name\": \"Ek)(\",\n          \"ay\": 1956,\n          \"assign\": \"VV\",\n          \"match\": [\n            {\n              \"or\": [\n                \"GCF4089I\"\n              ]\n            },\n            \"XHL4\",\n            {\n              \"and\": [\n                {\n                  \"and\": [\n                    \"DE200\",\n                    \"QB5F\",\n                    \"AEB238C\"\n                  ]\n                },\n                {\n                  \"and\": [\n                    {\n                      \"or\": []\n                    },\n                    \"AGFx978\",\n                    \"MHM*C\",\n                    \"QE1692S\"\n                  ]\n                },\n                {\n                  \"or\": [\n                    {\n                      \"or\": []\n                    },\n                    {\n                      \"and\": []\n                    }\n                  ]\n                },\n                \"NJX1O\",\n                {\n                  \"pattern\": \"BH612\",\n                  \"exclude\": [\n                    \"SS6*I\"\n                  ],\n                  \"info\": \"{>j7g7yWmS\"\n                }\n              ]\n            },\n            {\n              \"or\": [\n                \"DZ6x6\",\n                {\n                  \"or\": [\n                    \"GI77x7W\"\n                  ]\n                },\n                {\n                  \"pattern\": \"YG2x91Q\",\n                  \"info\": \"1H`I}\"\n                },\n                \"CNx9G\"\n              ]\n            },\n            {\n              \"pattern\": \"XYD25\",\n              \"info\": \"|=W QO:\"\n            }\n          ],\n          \"satisfy\": {\n            \"mc\": \">=83\"\n          },\n          \"url\": \"http://1ri0b3iaio1y1glfgnc44zyvqr6j2ajlf1z5qba07t1v35ec.xucka0f9qehf-o74.kal1wh59ec0tmj4gwl9ssa2-3ttpa44-9oijdpni4dq.mxc7ukog3udp5hn9x3jgz4ujut2p7dvgul.ad4tg1p550ej-u349f13ovzl4m5vmscbtdp.wcoof/0%F2%84%BB%8DU8_2i_/lVNyuBlegG/G:USW//@wiTv%F1%AB%A0%B0!%F4%89%A1%A9%E2%8E%9D\",\n          \"info\": \",(*\",\n          \"isSelectable\": true,\n          \"%U*\\\"m[,`8#\": {\n            \"name\": \"($CYL~\\\\\",\n            \"ay\": 1994,\n            \"assign\": [\n              \"2KA~\"\n            ],\n            \"match\": \"VIEx68K\",\n            \"url\": \"http://4k0e-rlywwr92u6t6kx2qh3c7v8383ub51r3kj6bop9cw3abrmck1xgau.nul4cjtyx6i3765b3q5uqh88q-nr8d-9cljn33jpcxdt9qo3.dcz49cpj1mmz6scy99o.vrgoqhf/1HjR$N/3/T88'_R(vVL\",\n            \"isSelectable\": true\n          }\n        },\n        \"}o3wL\": {\n          \"name\": \",3uQ*\",\n          \"ay\": 2000,\n          \"assign\": \"~@j6c\",\n          \"match\": [],\n          \"satisfy\": [\n            \"veb&8f^Ed\"\n          ],\n          \"url\": \"https://6gy2y3bp08-dt-vxmwac15on-8etpv8d6-4.pqgnxgsrf/l&y/y/DkiM%F3%B5%94%A7nG,7./G,fKL//,%F0%93%A1%AB/CJaM%F1%B6%9E%90i/@Yv9s3H,Y\",\n          \"info\": \"w3SQ!*\"\n        },\n        \"EUT*\": {\n          \"name\": \" x\",\n          \"ay\": 1980,\n          \"assign\": [\n            \"]2Y;d}\",\n            \"0?+\\\":0\",\n            \"%\\\\IN{\",\n            \"5_\"\n          ],\n          \"match\": [\n            {\n              \"and\": [\n                {\n                  \"and\": [\n                    \"UURxxQ\",\n                    \"EXK1X\",\n                    {\n                      \"or\": [\n                        \"HE14*9\",\n                        {\n                          \"pattern\": \"UZ9461\",\n                          \"exclude\": \"OGT*56B\"\n                        },\n                        {\n                          \"and\": [\n                            \"JKM5A\",\n                            \"OVB63*1Q\",\n                            \"JYx4\"\n                          ]\n                        },\n                        {\n                          \"and\": [\n                            {\n                              \"and\": [\n                                \"KXK5X\",\n                                \"UHQ3\",\n                                \"APP45*4\",\n                                \"UCE96\",\n                                {\n                                  \"and\": [\n                                    \"JZL3\",\n                                    \"XEC5G\",\n                                    \"URK7I\",\n                                    \"FK285V\"\n                                  ]\n                                }\n                              ]\n                            },\n                            \"ZBY*x4x\",\n                            {\n                              \"and\": [\n                                {\n                                  \"and\": [\n                                    \"WV673X\",\n                                    \"LFN924O\",\n                                    \"WTS3L\",\n                                    \"CR9144A\"\n                                  ]\n                                },\n                                \"GUX027\",\n                                \"WUI0\",\n                                \"DFF1E\",\n                                \"LVD8\"\n                              ]\n                            }\n                          ]\n                        },\n                        {\n                          \"and\": [\n                            \"NB*858G\"\n                          ]\n                        }\n                      ]\n                    },\n                    \"COQ4x\"\n                  ]\n                },\n                {\n                  \"and\": [\n                    \"ROxx\"\n                  ]\n                }\n              ]\n            },\n            \"MR5*94Z\",\n            {\n              \"or\": [\n                {\n                  \"or\": [\n                    \"HBN7xZ\",\n                    \"SSG0W\",\n                    \"ZC6\"\n                  ]\n                }\n              ]\n            }\n          ],\n          \"satisfy\": {\n            \"or\": [\n              {\n                \"and\": [\n                  \")pAu)%}\",\n                  {\n                    \"and\": [\n                      \"%\",\n                      \"p}#.\",\n                      {\n                        \"or\": [\n                          \"rY|Sl<[=u\",\n                          \"=qGF\",\n                          \"A:}5heg\",\n                          {\n                            \"mc\": \">=31\"\n                          }\n                        ]\n                      },\n                      {\n                        \"and\": []\n                      }\n                    ]\n                  },\n                  {\n                    \"mc\": \"<=162\"\n                  },\n                  {\n                    \"or\": [\n                      \")xX&\",\n                      \"%;N1fd)\"\n                    ]\n                  }\n                ]\n              }\n            ]\n          },\n          \"url\": \"http://r.d.rpy2xno3553czmq5z4p035fv.q3ca7r7r5jiq.ji97zrwk0qw9o36cqpj5vmfy0h.rmxuz/E%F3%A8%B4%82/Cm\",\n          \"info\": \"8T=zC8*Fz\",\n          \"isSelectable\": true\n        },\n        \"p9S>q\": {\n          \"name\": \"qoQ\",\n          \"ay\": 1977,\n          \"assign\": [\n            \"XMO%8\",\n            \"1.%\",\n            \"|A-.\"\n          ],\n          \"match\": {\n            \"and\": []\n          },\n          \"url\": \"http://xf8uw2-502ananx0hlq7tjpw3s1zhs7q9xyxj9r6hkjmi9.kj1pb9hm5hlk-h0i4kyjdoy0gpwbzxc7mfn3j1wexz.ff6mx6nagrou7t-tjsl0-5y0f75coml2ph74elr-yq8tfyp2ap3v.jtqdmi94.ogv/@fr,fS//7j/Ig@Go,G//rZ+25Di/mCw%F1%A8%9F%A7w6$v\",\n          \"info\": \"~LQuj\"\n        }\n      },\n      \"hOFmUc8l\": {\n        \"name\": \"*{}D`22\",\n        \"ay\": 1974,\n        \"assign\": \":3*3Dz&GVd\",\n        \"match\": [\n          {\n            \"pattern\": \"DY22H\",\n            \"exclude\": [\n              \"PHJ808J\",\n              \"CN5S\",\n              \"EA1*4xP\",\n              \"IH3N\"\n            ],\n            \"info\": \"J/qJ*)!@\"\n          },\n          {\n            \"or\": []\n          },\n          {\n            \"or\": [\n              {\n                \"or\": [\n                  \"AGX002*D\",\n                  {\n                    \"or\": [\n                      \"DSH097O\",\n                      \"IV7A\"\n                    ]\n                  },\n                  {\n                    \"pattern\": \"EKA9\",\n                    \"exclude\": \"AU10\",\n                    \"info\": \"R):<0(\"\n                  },\n                  {\n                    \"pattern\": \"BPT721G\",\n                    \"info\": \"?T)SXYgJ  \"\n                  }\n                ]\n              },\n              {\n                \"or\": []\n              }\n            ]\n          }\n        ],\n        \"satisfy\": {\n          \"or\": [\n            {\n              \"or\": [\n                {\n                  \"or\": [\n                    \":@MW\"\n                  ]\n                },\n                {\n                  \"or\": [\n                    \" xm$B\",\n                    \"qn.KF:r+\"\n                  ]\n                },\n                {\n                  \"or\": []\n                },\n                \"E!r\",\n                \"-lWq#cS}\"\n              ]\n            },\n            \"sf%n\",\n            {\n              \"and\": [\n                \"^KXOS\",\n                {\n                  \"or\": [\n                    \"XNRcU0m\",\n                    {\n                      \"and\": [\n                        \"5I]Lx7J`\",\n                        \"YMS@ 31F\",\n                        \"xj5Z\\\":q/Qr\",\n                        {\n                          \"and\": [\n                            \"90{<EcoW;\",\n                            \"\",\n                            \"YkDq\"\n                          ]\n                        },\n                        \"Xn3jH\"\n                      ]\n                    }\n                  ]\n                },\n                \"\\\"D<Pjh\"\n              ]\n            },\n            {\n              \"and\": [\n                {\n                  \"mc\": \">=17\"\n                },\n                \"s$&Zd3\",\n                {\n                  \"and\": [\n                    \"E%\\\\BR\"\n                  ]\n                },\n                {\n                  \"and\": [\n                    {\n                      \"and\": [\n                        {\n                          \"or\": [\n                            {\n                              \"or\": []\n                            }\n                          ]\n                        },\n                        \"AD\",\n                        \"jE&\",\n                        \"|a8%rO([f=\",\n                        {\n                          \"or\": [\n                            \"\",\n                            \"b\",\n                            \"Kpy; 7\"\n                          ]\n                        }\n                      ]\n                    }\n                  ]\n                },\n                {\n                  \"or\": [\n                    \"B^=.\",\n                    \"wA]s\",\n                    \"~`iBT6X\",\n                    \"\",\n                    \":XW0n _I\"\n                  ]\n                }\n              ]\n            },\n            {\n              \"mc\": \">=166\"\n            }\n          ]\n        },\n        \"url\": \"http://5gjcx3sy6gd1ksd0xjejo-3eud39nspjqk28duz97lr-rm7h86.6lru5igvfota4fp83j96b7ym3098k8bx-bcizj359.i3jdj9r232rxc0.tobgzqt/'Da~I;%F2%86%92%B8w/W9%F1%B6%9F%AE%F2%BA%88%8D1o%F0%92%AB%9F.p/M%F2%A7%97%BFo%F2%94%A8%9B%E8%B9%9A~ZdVm\",\n        \"info\": \"ee>*H8*-1\",\n        \"isSelectable\": true,\n        \"#G|R lN\": {\n          \"name\": \"7~I\",\n          \"ay\": 2009,\n          \"assign\": \"y!Feze>a)\",\n          \"match\": [\n            \"DKN0x\",\n            {\n              \"pattern\": \"RK9T\",\n              \"exclude\": [\n                \"ET2*O\",\n                \"NR*x\"\n              ],\n              \"info\": \"}qH}\"\n            },\n            {\n              \"and\": [\n                \"SL*\",\n                \"JC8E\"\n              ]\n            }\n          ],\n          \"satisfy\": [\n            {\n              \"or\": [\n                {\n                  \"mc\": \"<=27\"\n                },\n                {\n                  \"mc\": \">=103\"\n                },\n                {\n                  \"mc\": \">=48\"\n                }\n              ]\n            }\n          ],\n          \"url\": \"http://mw1eg3cxhgxq-bdky6r5ypv76cajscz4n.tzuq/%F3%8C%86%ADZN,)%F0%A5%AC%87Wj/X%F2%81%95%BAQ!WR5/cOy.-a/6%F3%B8%97%9E-P$fq%F2%9E%95%B8qe/%F4%8E%90%9Aa2TI%F2%9B%95%B2/z=\",\n          \"info\": \"-OUQ#Z+%J\",\n          \"isSelectable\": true,\n          \"RuJ\": {\n            \"assign\": [],\n            \"match\": [],\n            \"satisfy\": [\n              {\n                \"and\": [\n                  \"w>\",\n                  {\n                    \"and\": []\n                  }\n                ]\n              },\n              {\n                \"and\": [\n                  {\n                    \"and\": [\n                      \">S3lyPY\",\n                      \"9;bN 0TX[R\",\n                      \"\\\"cE )Hz\",\n                      \"l1\"\n                    ]\n                  },\n                  {\n                    \"mc\": \"<=169\"\n                  },\n                  {\n                    \"mc\": \">=154\"\n                  }\n                ]\n              },\n              {\n                \"mc\": \">=69\"\n              },\n              \"}N{v\"\n            ],\n            \"info\": \"jhK{>8WA\",\n            \"isSelectable\": true\n          },\n          \"@zN\\\\]\\\" \": {\n            \"ay\": 2018,\n            \"assign\": [\n              \"mGgy\"\n            ],\n            \"match\": [\n              {\n                \"pattern\": \"IIx24F\",\n                \"exclude\": \"NE85P\"\n              },\n              {\n                \"pattern\": \"DIE0S\",\n                \"exclude\": \"OQ5x3I\",\n                \"info\": \"@7:TM$-993\"\n              }\n            ],\n            \"satisfy\": {\n              \"and\": [\n                {\n                  \"mc\": \">=36\"\n                },\n                \"K5GDKPi\",\n                {\n                  \"mc\": \"<=28\"\n                },\n                {\n                  \"or\": [\n                    \"*5%\",\n                    \"WPYVZ^4\"\n                  ]\n                }\n              ]\n            },\n            \"url\": \"https://o-n9xjjq4by5byaxjpnjecimn3x-eki18pzkobu0cw5vce9b9-18fgiup.raucjxfn-f6.2.npgac5jh58g8.jd7e6kr17dqt6jcb3lgcc7gm06keb8ww962q9r7bo.ac/s6vKpl~V/68_J5CJ%F1%8F%81%9AU/iA+/k)_nr=_\",\n            \"info\": \"E\",\n            \"isSelectable\": true,\n            \"`GPD3\": {\n              \"name\": \"T\",\n              \"ay\": 2011,\n              \"assign\": [\n                \"6MVy\",\n                \"]U4<i]]-$\"\n              ],\n              \"match\": [\n                {\n                  \"and\": [\n                    {\n                      \"or\": [\n                        \"HJ7236\",\n                        \"TN318P\",\n                        \"HY6B\"\n                      ]\n                    },\n                    {\n                      \"pattern\": \"MOU34\",\n                      \"exclude\": [\n                        \"WHM*90xL\",\n                        \"KF721L\",\n                        \"YZD5W\"\n                      ],\n                      \"info\": \"@y\"\n                    }\n                  ]\n                },\n                \"IN45\",\n                {\n                  \"or\": [\n                    {\n                      \"pattern\": \"ZLL767\",\n                      \"exclude\": \"BU160\",\n                      \"info\": \"Eps(-}6\"\n                    },\n                    {\n                      \"pattern\": \"CGZ9975\",\n                      \"exclude\": [\n                        \"AF40\",\n                        \"FF3A\",\n                        \"CM9M\",\n                        \"QJA76\",\n                        \"KG15x7B\"\n                      ],\n                      \"info\": \"hA[\\\"[K_\"\n                    },\n                    \"AU596xU\"\n                  ]\n                }\n              ],\n              \"satisfy\": [\n                {\n                  \"mc\": \"<=1\"\n                }\n              ],\n              \"url\": \"http://r0-q3rlmjavr7fqwdf0i3l4xieg7bne1qtluytm.o-fvtufsp.2umj1z6r9la4t8rbtwodjlhdt9wnaxsr268rh-io8o2x0h2a.1lf7ktiq25sva-36d8lqq3608haex6dyc38hhy.lzrmxsph/OFv5e/X*x\",\n              \"info\": \"Z%`\",\n              \"isSelectable\": true\n            },\n            \"W@4OJeOt\": {\n              \"name\": \"8pi0Tg!kl\",\n              \"ay\": 1990,\n              \"assign\": \"j(Kg|HH\",\n              \"match\": [\n                {\n                  \"pattern\": \"HTD3758\",\n                  \"info\": \"Z;X`oV\"\n                },\n                {\n                  \"or\": [\n                    {\n                      \"or\": [\n                        {\n                          \"and\": [\n                            \"TS9\",\n                            {\n                              \"pattern\": \"WOK36R\",\n                              \"exclude\": \"QRV3X\"\n                            },\n                            \"CJ9\",\n                            \"NIX2\"\n                          ]\n                        },\n                        {\n                          \"pattern\": \"UOO8\",\n                          \"exclude\": \"GU*7E\",\n                          \"info\": \"4r\"\n                        },\n                        {\n                          \"or\": [\n                            {\n                              \"pattern\": \"XVD200\",\n                              \"exclude\": \"JWE8\"\n                            },\n                            \"PB2R\",\n                            \"UC7*4xU\",\n                            \"QVYx25O\",\n                            \"BCA38\"\n                          ]\n                        },\n                        \"IH9232B\"\n                      ]\n                    },\n                    {\n                      \"pattern\": \"RG218G\",\n                      \"exclude\": [\n                        \"TXU0391\",\n                        \"NQ554\",\n                        \"UAIx4\",\n                        \"NUMx4**\",\n                        \"IBT4x2X\"\n                      ],\n                      \"info\": \"tK,T^.(NA\"\n                    },\n                    \"ZVCx828E\"\n                  ]\n                }\n              ],\n              \"satisfy\": [\n                {\n                  \"mc\": \">=185\"\n                },\n                \"-v0{OH\",\n                {\n                  \"mc\": \"<=144\"\n                },\n                {\n                  \"mc\": \">=84\"\n                }\n              ],\n              \"url\": \"https://5-a2z-twj3qtbvc69r732e44heal8fe76rnwp097.p.rjqonxcjp/M(,H%F1%BA%B0%96X/X2S&KL/AdXmgAu~aH/xTf/.dt~'oEG/%F2%85%A8%868%F1%81%91%83r@.+C/(0lbsobK&E/b%F1%9C%A5%B5Fh0&r;/7j\",\n              \"info\": \"BJ\"\n            },\n            \"rzi\\\\&\": {\n              \"name\": \"\",\n              \"ay\": 1960,\n              \"assign\": [\n                \"cN%T\",\n                \"B>\",\n                \"6c.Z~\",\n                \"Pi*+d%lMrR\",\n                \"[W8!g#\"\n              ],\n              \"match\": {\n                \"pattern\": \"OAK1269\",\n                \"exclude\": [\n                  \"RR5B\",\n                  \"BKN6Q\",\n                  \"ZR79L\"\n                ],\n                \"info\": \"n\"\n              },\n              \"satisfy\": [\n                \"|ey*d5\"\n              ],\n              \"info\": \"9e\\\"o5,i!\",\n              \"isSelectable\": true\n            }\n          },\n          \"\": {\n            \"name\": \"`(6G_N8k\",\n            \"assign\": \".a|_,D!igo\",\n            \"match\": [\n              \"MD793xP\",\n              {\n                \"and\": [\n                  {\n                    \"pattern\": \"PUX84L\",\n                    \"exclude\": \"GCX731W\",\n                    \"info\": \".i`W1'\"\n                  },\n                  {\n                    \"pattern\": \"IC204F\",\n                    \"exclude\": [],\n                    \"info\": \"\"\n                  }\n                ]\n              },\n              {\n                \"pattern\": \"EKY*\",\n                \"exclude\": \"BVA*0M\",\n                \"info\": \"*oP]\"\n              }\n            ],\n            \"satisfy\": {\n              \"or\": [\n                {\n                  \"and\": [\n                    \"peBS*\\\\\",\n                    {\n                      \"and\": []\n                    },\n                    \"=`\",\n                    {\n                      \"or\": [\n                        \"lVax;|Q\\\")O\",\n                        \"i14waT:r[\"\n                      ]\n                    }\n                  ]\n                },\n                {\n                  \"and\": [\n                    \"xU0)%?`\",\n                    {\n                      \"and\": [\n                        \"u^y93!NCh]\",\n                        \"f1X\",\n                        \"k&zLN7/@\",\n                        \">BSGobmR\"\n                      ]\n                    }\n                  ]\n                },\n                {\n                  \"or\": [\n                    {\n                      \"and\": [\n                        {\n                          \"and\": [\n                            \"y\",\n                            \"dI9U9Kz\",\n                            \"3^8NyL\"\n                          ]\n                        },\n                        \"%B.o( S|\"\n                      ]\n                    },\n                    {\n                      \"and\": [\n                        \"a(!\"\n                      ]\n                    },\n                    \"!(44\"\n                  ]\n                },\n                {\n                  \"or\": []\n                },\n                {\n                  \"and\": [\n                    {\n                      \"or\": [\n                        {\n                          \"mc\": \">=42\"\n                        },\n                        {\n                          \"or\": [\n                            \"_L(4u?Jk^Q\",\n                            \"gceBMo\",\n                            \"7fgSoi+{6\",\n                            \"j2`V\"\n                          ]\n                        },\n                        \"\\\"\",\n                        \"nP %;XkC,\"\n                      ]\n                    },\n                    \"%d%ZY`k\",\n                    {\n                      \"and\": [\n                        \"J+?:qQ\",\n                        \"\"\n                      ]\n                    },\n                    {\n                      \"mc\": \">=156\"\n                    },\n                    {\n                      \"or\": [\n                        \"k'\",\n                        {\n                          \"and\": [\n                            \"z[\",\n                            \"@\",\n                            \"ZRpWLbNU\",\n                            \"3k0\",\n                            \"\"\n                          ]\n                        }\n                      ]\n                    }\n                  ]\n                }\n              ]\n            },\n            \"info\": \",\\\\.k?BQ[CW\",\n            \"isSelectable\": true\n          }\n        },\n        \"T'd\\\"m^`{\": {\n          \"name\": \"82+bj6$\",\n          \"ay\": 1977,\n          \"assign\": \"Q(nzK\",\n          \"match\": [\n            {\n              \"or\": [\n                {\n                  \"or\": [\n                    \"NA97Y\",\n                    \"EC2\",\n                    \"NYV8V\",\n                    {\n                      \"or\": [\n                        {\n                          \"pattern\": \"EFC44*F\",\n                          \"exclude\": \"GXV*\",\n                          \"info\": \"nN\"\n                        },\n                        \"YVU7O\",\n                        \"MUR565\"\n                      ]\n                    },\n                    {\n                      \"pattern\": \"YSW63H\",\n                      \"exclude\": []\n                    }\n                  ]\n                },\n                \"CNJ3\",\n                \"ACG66O\",\n                {\n                  \"or\": [\n                    {\n                      \"or\": [\n                        \"YV132\",\n                        \"MLM19U\"\n                      ]\n                    }\n                  ]\n                }\n              ]\n            },\n            \"DR75O\",\n            \"QL*0E\",\n            {\n              \"pattern\": \"FM3169\",\n              \"exclude\": \"BCZ7*2U\",\n              \"info\": \".HAw\\\"Qn~Y\"\n            },\n            {\n              \"pattern\": \"WU29x*\",\n              \"exclude\": \"DOB67xI\",\n              \"info\": \"gT\"\n            }\n          ],\n          \"satisfy\": [\n            {\n              \"or\": [\n                {\n                  \"and\": [\n                    \"\",\n                    {\n                      \"mc\": \">=199\"\n                    },\n                    {\n                      \"or\": [\n                        \"{\"\n                      ]\n                    }\n                  ]\n                },\n                \"\",\n                {\n                  \"mc\": \"<=91\"\n                },\n                {\n                  \"and\": []\n                }\n              ]\n            },\n            \"Jk(^=-]M\",\n            {\n              \"and\": [\n                {\n                  \"mc\": \"<=106\"\n                },\n                \"=;|]ky3lZy\"\n              ]\n            }\n          ],\n          \"url\": \"https://s7yiluun8o2ea1m6ejrvd8gx5ttb77oyfwsb0j4oowwgbo.lqo.pvhszyahm/AJt4x0x//Qrfk/2t%F2%A0%95%95E/m/~Jc/at:GYEaNb/TSF_/!G/\",\n          \"info\": \"X\",\n          \"isSelectable\": true\n        },\n        \"} ZhP\\\\P\": {\n          \"name\": \"`tpE\",\n          \"ay\": 1961,\n          \"match\": [\n            {\n              \"or\": [\n                {\n                  \"or\": [\n                    \"OY89\",\n                    \"AWx\"\n                  ]\n                },\n                {\n                  \"pattern\": \"NG68*8D\",\n                  \"info\": \"j}*we\"\n                },\n                {\n                  \"pattern\": \"SQ2\",\n                  \"exclude\": [\n                    \"TY65Q\",\n                    \"FKI9\",\n                    \"KVF74\",\n                    \"TXR5B\"\n                  ],\n                  \"info\": \":>Z)a@\"\n                }\n              ]\n            },\n            {\n              \"or\": []\n            },\n            {\n              \"or\": [\n                {\n                  \"pattern\": \"VL2*5R\",\n                  \"exclude\": \"SS*85Z\",\n                  \"info\": \"N^}d\"\n                },\n                {\n                  \"or\": [\n                    {\n                      \"or\": [\n                        \"LM9x0A\",\n                        \"BBS9H\",\n                        \"PL5H\",\n                        {\n                          \"or\": []\n                        }\n                      ]\n                    }\n                  ]\n                },\n                {\n                  \"pattern\": \"DM63L\",\n                  \"exclude\": \"PNN1*84L\",\n                  \"info\": \"P\\\\\"\n                }\n              ]\n            },\n            \"KG02R\",\n            \"XL1C\"\n          ],\n          \"satisfy\": [],\n          \"url\": \"https://n8n0r-u8hm11m0w3pti5mlgod197hy5.vuqy20glau6s89ikrb3-qt7t2o1m81ihp78a0s9xzhshx91i5yygu8aqvlzew.e9vhbjg0zrw8su9vx5hijgis6dxx7cx7guav5z0wya.y-8epu27lvjn5zuy.tlpplt/U/9!(jaw/:k&CrcCwFv\",\n          \"info\": \"GF2&>~Y`\",\n          \"isSelectable\": true\n        }\n      },\n      \"s\": {\n        \"name\": \"\",\n        \"ay\": 2016,\n        \"assign\": [\n          \"\",\n          \"]<\"\n        ],\n        \"match\": \"EBW14x7N\",\n        \"satisfy\": {\n          \"mc\": \">=121\"\n        },\n        \"url\": \"https://q79evg5h1kkii-uahly3l9t3h184xaocsnc1ecfw10-6h8n.mk6nm3mbgresb3fzlmrdx360xwk4xvva7c4kirjb2cbl.lexhq1sq1842bbm1u5stvm6zfknaot9tkhwv1ii7xo849ag3ndqpls0h0.ytd-rxtzgzzbr8rfc-pwc86e39lavi3rwov98edfyoj1v5cnhdqsg3.pp3zty6e-chtv5mo62cnv24.gkpdbphmf/7/%E2%B7%A6r1+R_wI2/54_/8!ZKTa)%F1%BD%9E%85/nNm/OTfS%F0%AF%A5%84=r%F1%BA%BC%8AM\",\n        \"info\": \":QkngA`\"\n      }\n    }\n  },\n  {\n    \"title\": \"block sample 5\",\n    \"value\": {\n      \"name\": \"2/^\",\n      \"ay\": 2017,\n      \"assign\": \"\",\n      \"match\": \"VWZ21\",\n      \"satisfy\": [],\n      \"url\": \"http://5u99b8b28--he-d7af829bf-ca6bmc9edyc9d8ex7dse9ge8ef3g5f.xovcaherxj/'v%EE%8D%9AU$Z0/HeLg,+3aL//aMg/OGs;_p'Ut7/E+=Btzu\",\n      \"isSelectable\": true\n    }\n  },\n  {\n    \"title\": \"block sample 6\",\n    \"value\": {\n      \"name\": \"^@|\",\n      \"ay\": 1951,\n      \"assign\": [\n        \"Pb)a\"\n      ],\n      \"satisfy\": {\n        \"or\": [\n          {\n            \"or\": [\n              \"I\",\n              \",,yG7!\",\n              {\n                \"mc\": \">=158\"\n              }\n            ]\n          }\n        ]\n      },\n      \"url\": \"https://dim0gq.dz6z66cauz66k7dn31imw5-83tchu8-hq1vazyqf.jv6r6o560kg36t8ozo70jw89rt7ksr6580pxwiw5ep.yprwvsgnll/K7:(%F0%BB%A5%8E/f\",\n      \"info\": \"a\",\n      \"isSelectable\": true,\n      \"vXt+\": {\n        \"name\": \"\\\"~'\",\n        \"ay\": 1955,\n        \"assign\": \"j&%+&&_\",\n        \"satisfy\": {\n          \"and\": []\n        },\n        \"info\": \"{ xOHVT\",\n        \"isSelectable\": true\n      },\n      \"+\": {\n        \"name\": \"u{$@GB\",\n        \"ay\": 2025,\n        \"assign\": [\n          \"o>@A_Q~Z\",\n          \"lg^M0mft\",\n          \"ywIev;B5P>\"\n        ],\n        \"match\": [\n          {\n            \"pattern\": \"KIN5x48\",\n            \"exclude\": [],\n            \"info\": \"=DSfPC<e.\"\n          },\n          {\n            \"and\": []\n          }\n        ],\n        \"satisfy\": [\n          \"z\\\\$(tx&\",\n          \"\"\n        ],\n        \"url\": \"https://4oazrku26d.munib5hzs4xe.p6r7n5ulm1e-64-avysrz2wybp-j3z-zyimpn62yz7d1sfnm.yyav/@z%E3%B3%958gBE%F1%B1%96%A6/QgZl0/D%F1%BB%9B%B898647Hz!/)j.n3QX/2%F4%8E%B3%80~f4.Q~w/K%F3%BB%B0%8CSJIz%F4%82%8E%8E/-vGh%F2%A7%B7%92!//h%F2%9E%8F%B2%F3%AC%9A%9Fe+S\",\n        \"info\": \"\",\n        \"isSelectable\": true\n      },\n      \"4Oll\": {\n        \"name\": \"@\",\n        \"ay\": 1950,\n        \"assign\": [\n          \"|!d&kV\"\n        ],\n        \"match\": [\n          \"BHS312U\"\n        ],\n        \"satisfy\": [],\n        \"url\": \"https://stw3re9fm5sqg6rmoqhs0tpx7okgpio-1ehb-hz5vz5uadcd4boiqw86n0.0qycbc71p3p25oiyg.u2va798v5y01tb-li8-r308v8xe2y-xuz-au.nbesfvw\",\n        \"isSelectable\": true\n      },\n      \"H_\\\\G!Wu \": {\n        \"name\": \"z/=@l-k0*\",\n        \"ay\": 2029,\n        \"match\": [\n          {\n            \"and\": []\n          }\n        ],\n        \"satisfy\": \";sD!:\\\"w!>\",\n        \"url\": \"https://6dh0b8dhf65ass56a9d8etbb975e7bdc35uacb9ypb57-9xtcvm96e.9udeffpbmcmwffijat5aanbn1bjaerizx-5k19e0b6q3aeea-467mv93d.7di7z4t-pghyqce-38-v-p1ih8sy9zgzwd08r8pxac278fc50kw8dp-ls9zy.bcmicvqp/1/P6=Oc\",\n        \"info\": \"\",\n        \"isSelectable\": true\n      }\n    }\n  },\n  {\n    \"title\": \"block sample 7\",\n    \"value\": {\n      \"name\": \"\",\n      \"ay\": 1953,\n      \"assign\": \"oh@\",\n      \"match\": [],\n      \"satisfy\": [\n        {\n          \"and\": [\n            {\n              \"and\": []\n            },\n            {\n              \"or\": []\n            }\n          ]\n        },\n        \"\",\n        {\n          \"and\": [\n            \"c_B5)h o\",\n            {\n              \"and\": [\n                \">k\",\n                \"3QD(]9m&m\"\n              ]\n            },\n            {\n              \"or\": [\n                {\n                  \"mc\": \"<=84\"\n                },\n                {\n                  \"and\": [\n                    \"0o,[}C\",\n                    \"}u,#\",\n                    {\n                      \"and\": [\n                        \"z_NR\",\n                        \"dj\",\n                        \"'R~wCRH\",\n                        \"`\",\n                        \"u&GN\"\n                      ]\n                    },\n                    \"Nh{P.?~\",\n                    \"C/9Dh`[7Pn\"\n                  ]\n                },\n                \"ok9SpGqP(E\"\n              ]\n            },\n            {\n              \"mc\": \">=64\"\n            },\n            {\n              \"or\": [\n                {\n                  \"mc\": \"<=67\"\n                },\n                \"Y92%\",\n                {\n                  \"mc\": \"<=111\"\n                }\n              ]\n            }\n          ]\n        },\n        {\n          \"or\": [\n            {\n              \"or\": [\n                {\n                  \"and\": [\n                    {\n                      \"and\": [\n                        \"Mb.P\",\n                        \"2H\",\n                        \"](B\",\n                        \"4i8>;,S&\",\n                        {\n                          \"mc\": \"<=51\"\n                        }\n                      ]\n                    }\n                  ]\n                },\n                {\n                  \"mc\": \">=150\"\n                },\n                \"ja#0q/S\",\n                {\n                  \"and\": [\n                    \"k.D?6*\"\n                  ]\n                },\n                \"A{aNme\"\n              ]\n            },\n            \"E\\\\:1BMN\\\"pn\",\n            \".C\",\n            {\n              \"or\": [\n                \".q=y\",\n                {\n                  \"mc\": \"<=90\"\n                },\n                \"*)M301K\",\n                {\n                  \"mc\": \"<=71\"\n                }\n              ]\n            }\n          ]\n        }\n      ],\n      \"url\": \"http://mhbu28k9b7qly53iko751t.yacr/'6u/3:/owS_JvCu/W9B/;g/piR=/6%F3%85%B2%BA\",\n      \"info\": \"+R$]Bm~A7\",\n      \"isSelectable\": true,\n      \"n{I{\": {\n        \"name\": \"cO\",\n        \"ay\": 2005,\n        \"assign\": \"y\\\"\",\n        \"match\": [\n          \"TLX4T\"\n        ],\n        \"satisfy\": {\n          \"mc\": \"<=193\"\n        },\n        \"url\": \"https://caa9a7ecd7b8cxfi-az85ac3d488f7gn.bc865.fknsoay9u0mel30ssslxn1f4hwzfsd0z0175419lbd6tv9.gdduv/Gc\",\n        \"info\": \"&Iq\",\n        \"isSelectable\": true\n      },\n      \"d\": {\n        \"name\": \"l3c<\",\n        \"ay\": 1966,\n        \"assign\": \"$OgzjpTW_\",\n        \"match\": [\n          {\n            \"pattern\": \"HIL4\",\n            \"exclude\": \"CUK3\",\n            \"info\": \"*D\"\n          },\n          \"UV0\",\n          {\n            \"pattern\": \"VKM781C\",\n            \"exclude\": [\n              \"VL5418R\"\n            ]\n          },\n          {\n            \"or\": []\n          },\n          {\n            \"or\": [\n              \"AMR0\",\n              {\n                \"and\": [\n                  \"FLH5T\",\n                  \"JI0032\",\n                  \"TB0x49\",\n                  \"TAQ4\",\n                  {\n                    \"pattern\": \"HF4\",\n                    \"exclude\": \"VRC398Z\",\n                    \"info\": \"j-h(b]b\"\n                  }\n                ]\n              },\n              {\n                \"pattern\": \"ZYN6\",\n                \"info\": \"M$`5>\"\n              },\n              {\n                \"and\": [\n                  \"JVI99\",\n                  {\n                    \"pattern\": \"DPA1333N\",\n                    \"exclude\": [],\n                    \"info\": \"qoOKy\\\\Y)Rq\"\n                  },\n                  \"KGZ675xP\",\n                  {\n                    \"or\": [\n                      {\n                        \"or\": [\n                          \"JJ0\",\n                          \"RW9\",\n                          \"ET9U\",\n                          \"JVO6X\",\n                          \"OKU0x9V\"\n                        ]\n                      },\n                      \"VPI123\",\n                      \"DT4132G\"\n                    ]\n                  },\n                  {\n                    \"pattern\": \"TFW*7\",\n                    \"info\": \"Uu(AE6\"\n                  }\n                ]\n              }\n            ]\n          }\n        ],\n        \"satisfy\": \",s+T'6Dp-\",\n        \"url\": \"http://hj9zva-gvi2dnh6e2kncsni9q82ab7j3060h8.7gt-az6nonafddf-9e9mebdn1c76kahwu8at4oeqid3e79-c9fts.hpwwhn/C/7R%F2%8F%A1%852jrP%F0%9D%AA%AE/+8r*qbr%F1%85%85%A7/)h/07t3k/n,W%F0%B1%AA%A4J/k/bBARJ/C3(0b/shx\",\n        \"isSelectable\": true\n      }\n    }\n  },\n  {\n    \"title\": \"block sample 8\",\n    \"value\": {\n      \"name\": \"\",\n      \"ay\": 1966,\n      \"assign\": [\n        \"gklQjn\",\n        \"8\",\n        \"\",\n        \"L.\"\n      ],\n      \"match\": [\n        {\n          \"or\": [\n            {\n              \"or\": [\n                \"XN5214\"\n              ]\n            }\n          ]\n        },\n        {\n          \"or\": [\n            {\n              \"pattern\": \"LCL*\",\n              \"info\": \"O$+4)\"\n            },\n            {\n              \"and\": [\n                \"RA*9\",\n                {\n                  \"pattern\": \"YSQ*\",\n                  \"exclude\": \"YE66W\",\n                  \"info\": \"i?\"\n                }\n              ]\n            }\n          ]\n        },\n        \"YWA90\"\n      ],\n      \"url\": \"https://n68.fx4ul0m6qnxfsi21vdo1kgamh89wuk6az6bqwuu8t5ns4j8nmzhrel3ce6rom7.vbdo/u/'$H=;n\",\n      \"info\": \"!\\\\G*x|{t$\",\n      \"isSelectable\": true,\n      \"#)Nkq:_l!n\": {\n        \"ay\": 1971,\n        \"satisfy\": [\n          {\n            \"and\": [\n              {\n                \"and\": []\n              }\n            ]\n          },\n          {\n            \"and\": []\n          },\n          {\n            \"or\": [\n              {\n                \"and\": [\n                  \"fA\",\n                  \"~Z[<'ucO}`\",\n                  \"\\\\a/Og;o\",\n                  {\n                    \"or\": [\n                      {\n                        \"mc\": \">=92\"\n                      },\n                      {\n                        \"or\": [\n                          \"r\",\n                          \"KKz\"\n                        ]\n                      },\n                      \" .LYQe\",\n                      \"3]XQ&*WF+\"\n                    ]\n                  },\n                  \"2\"\n                ]\n              },\n              {\n                \"mc\": \"<=132\"\n              }\n            ]\n          },\n          \".\",\n          {\n            \"and\": []\n          }\n        ],\n        \"url\": \"http://d4u2u8hjgzu-x46ydh6iqcn8vfvk1738-9it3mb714hy.qku83spy14778-jk76u2zk5xetbcexx4ia81hvpkv0ypy-9lca077.uydlw-w2ilqdnq1e99mw3mab7ef.s.zkzgf/uf%F2%BF%91%86c&(-%F0%93%92%B3/05/ySlNaU/C3hqDnO/!Vjq/o!(.dt/+_/li/EBug/iPdq\",\n        \"info\": \"6!YNBm-WY\",\n        \"Udf\": {\n          \"name\": \"<L \",\n          \"assign\": \"nsE'Q<m\",\n          \"match\": [\n            {\n              \"pattern\": \"RCx125\",\n              \"exclude\": [\n                \"FQ4x61Y\",\n                \"QB92*G\",\n                \"VQ8758\"\n              ],\n              \"info\": \"9Y2A4f\"\n            },\n            {\n              \"and\": [\n                {\n                  \"pattern\": \"RLU2P\",\n                  \"exclude\": [\n                    \"MSL4268V\",\n                    \"JU8xW\",\n                    \"CUY45A\",\n                    \"PRT5G\"\n                  ],\n                  \"info\": \"QbF]\"\n                },\n                \"XX5T\",\n                \"QF358K\"\n              ]\n            }\n          ],\n          \"satisfy\": [\n            {\n              \"and\": [\n                {\n                  \"and\": []\n                },\n                {\n                  \"and\": [\n                    {\n                      \"and\": [\n                        {\n                          \"and\": [\n                            \"V7F\",\n                            \"RU)l\",\n                            \"\"\n                          ]\n                        },\n                        {\n                          \"mc\": \">=144\"\n                        },\n                        \"XgB\",\n                        \"-\\\"RYk:2\"\n                      ]\n                    }\n                  ]\n                },\n                {\n                  \"or\": [\n                    \"00v'$ }7G\"\n                  ]\n                },\n                {\n                  \"or\": [\n                    \"y\",\n                    {\n                      \"or\": [\n                        \"$'\",\n                        {\n                          \"and\": []\n                        },\n                        \"HW4]OXl\",\n                        {\n                          \"or\": [\n                            \"I{&\",\n                            \"(wL^u}-<T\"\n                          ]\n                        }\n                      ]\n                    }\n                  ]\n                },\n                {\n                  \"and\": [\n                    {\n                      \"or\": [\n                        \"A*yl8q\",\n                        \",+D%6|2:9\"\n                      ]\n                    }\n                  ]\n                }\n              ]\n            },\n            {\n              \"mc\": \"<=175\"\n            },\n            {\n              \"mc\": \"<=85\"\n            },\n            {\n              \"mc\": \"<=164\"\n            }\n          ],\n          \"info\": \"\"\n        },\n        \"D4\": {\n          \"name\": \"4A$\",\n          \"ay\": 2025,\n          \"assign\": \"szmVdb[~Jf\",\n          \"match\": [\n            {\n              \"or\": [\n                \"XT9G\",\n                {\n                  \"or\": [\n                    \"RFX980\",\n                    {\n                      \"pattern\": \"POO40\",\n                      \"info\": \" t\"\n                    },\n                    \"MAH36\",\n                    {\n                      \"or\": [\n                        \"PMS*7*6\",\n                        \"GSJ394L\",\n                        {\n                          \"and\": [\n                            {\n                              \"or\": []\n                            },\n                            \"OS16\",\n                            \"TOH5J\",\n                            \"TJ1555\",\n                            \"VVH*298\"\n                          ]\n                        },\n                        \"TD2054\"\n                      ]\n                    },\n                    {\n                      \"or\": [\n                        {\n                          \"pattern\": \"SF01L\",\n                          \"exclude\": \"AO2542F\",\n                          \"info\": \"@n\"\n                        },\n                        {\n                          \"or\": [\n                            \"NL7V\"\n                          ]\n                        }\n                      ]\n                    }\n                  ]\n                },\n                {\n                  \"or\": [\n                    {\n                      \"or\": [\n                        \"XPP16\",\n                        \"OS19x\"\n                      ]\n                    },\n                    {\n                      \"and\": [\n                        \"GJG55\",\n                        {\n                          \"or\": []\n                        },\n                        {\n                          \"and\": [\n                            \"BV226\",\n                            \"LVL6915O\",\n                            \"OO*93V\"\n                          ]\n                        },\n                        \"NTE4xx*B\",\n                        \"ZA*x03D\"\n                      ]\n                    },\n                    {\n                      \"or\": [\n                        {\n                          \"and\": []\n                        },\n                        \"MYEx765V\",\n                        \"IVJ4500G\"\n                      ]\n                    },\n                    {\n                      \"pattern\": \"IDW24\",\n                      \"exclude\": \"XEQ361Q\",\n                      \"info\": \"wYtpMg<\"\n                    }\n                  ]\n                },\n                {\n                  \"or\": [\n                    {\n                      \"and\": [\n                        {\n                          \"and\": [\n                            \"ZSQ7\",\n                            \"JQH0*T\",\n                            {\n                              \"and\": [\n                                \"DD89*K\",\n                                {\n                                  \"or\": [\n                                    \"WB126\",\n                                    {\n                                      \"or\": [\n                                        \"BEL8*4\",\n                                        \"FR1\",\n                                        \"YU863x\",\n                                        \"QW0E\",\n                                        \"GV3x8\"\n                                      ]\n                                    },\n                                    \"IEM4J\",\n                                    \"QYV62\"\n                                  ]\n                                },\n                                {\n                                  \"and\": [\n                                    \"ITIx75\",\n                                    {\n                                      \"and\": [\n                                        \"OUU66V\",\n                                        \"CPV990\",\n                                        \"YK138xI\",\n                                        \"FJ21N\",\n                                        \"NXQ8*6xN\"\n                                      ]\n                                    }\n                                  ]\n                                },\n                                {\n                                  \"pattern\": \"OCL0\",\n                                  \"exclude\": [],\n                                  \"info\": \"~v\"\n                                }\n                              ]\n                            },\n                            \"NS49\"\n                          ]\n                        },\n                        \"RTRx79N\",\n                        \"WQF1\"\n                      ]\n                    },\n                    \"CVK780K\",\n                    {\n                      \"or\": [\n                        \"OK66D\",\n                        {\n                          \"and\": [\n                            \"JFJ4\"\n                          ]\n                        }\n                      ]\n                    },\n                    {\n                      \"pattern\": \"WTQ3E\",\n                      \"exclude\": [\n                        \"KY73D\",\n                        \"XR95\",\n                        \"ECF91*5\",\n                        \"ZVP1721H\",\n                        \"QF*Z\"\n                      ],\n                      \"info\": \"9,+a1n_t,\"\n                    }\n                
[...]
              "err": {},
              "uuid": "038a56d0-b487-4edc-af27-5bd65879b8d1",
              "parentUUID": "7c2215ee-d799-4592-a859-e48d91eb03cf",
              "isHook": false,
              "skipped": false
            },
            {
              "title": "should preserve list of modules with upper bound of MCs if total MC count is lower",
              "fullTitle": "inequalitySatisfier should preserve list of modules with upper bound of MCs if total MC count is lower",
              "timedOut": false,
              "duration": 0,
              "state": "passed",
              "speed": "fast",
              "pass": true,
              "fail": false,
              "pending": false,
              "context": null,
              "code": "const satisfier = satisfiers_1.inequalitySatisfier(ref, \"<=32\");\nsatisfier.should.have.property(\"filter\");\nconst { filter } = satisfier;\nisCorrectFilter(filter, modulesList1, modulesList1.map(([moduleStr]) => moduleStr));",
              "err": {},
              "uuid": "2460a2c0-c99f-4ef3-aed0-4e22926527d7",
              "parentUUID": "7c2215ee-d799-4592-a859-e48d91eb03cf",
              "isHook": false,
              "skipped": false
            },
            {
              "title": "should truncate list of modules with upper bound of MCs at exact cutoff if total MC count is higher and there exists some starting sequence with exact MC count",
              "fullTitle": "inequalitySatisfier should truncate list of modules with upper bound of MCs at exact cutoff if total MC count is higher and there exists some starting sequence with exact MC count",
              "timedOut": false,
              "duration": 0,
              "state": "passed",
              "speed": "fast",
              "pass": true,
              "fail": false,
              "pending": false,
              "context": null,
              "code": "const satisfier = satisfiers_1.inequalitySatisfier(ref, \"<=16\");\nsatisfier.should.have.property(\"filter\");\nconst { filter } = satisfier;\nisCorrectFilter(filter, modulesList1, [\n    \"CS2100\",\n    \"GER1000\",\n    \"CS2040S\",\n    \"ST2131\",\n]);",
              "err": {},
              "uuid": "9522e36c-6e41-44e0-85f1-c842b1a821a8",
              "parentUUID": "7c2215ee-d799-4592-a859-e48d91eb03cf",
              "isHook": false,
              "skipped": false
            },
            {
              "title": "should truncate list of modules with upper bound of MCs, cutting off at the minimum starting sequence that exceeds upper bound, if total MC count is higher and there exists no starting sequence with exact MC count",
              "fullTitle": "inequalitySatisfier should truncate list of modules with upper bound of MCs, cutting off at the minimum starting sequence that exceeds upper bound, if total MC count is higher and there exists no starting sequence with exact MC count",
              "timedOut": false,
              "duration": 0,
              "state": "passed",
              "speed": "fast",
              "pass": true,
              "fail": false,
              "pending": false,
              "context": null,
              "code": "const satisfier = satisfiers_1.inequalitySatisfier(ref, \"<=17\");\nsatisfier.should.have.property(\"filter\");\nconst { filter } = satisfier;\nisCorrectFilter(filter, modulesList1, [\n    \"CS2100\",\n    \"GER1000\",\n    \"CS2040S\",\n    \"ST2131\",\n    \"MA1521\",\n]);",
              "err": {},
              "uuid": "6b08a898-5d04-42c6-a9c5-57f9b29dcedf",
              "parentUUID": "7c2215ee-d799-4592-a859-e48d91eb03cf",
              "isHook": false,
              "skipped": false
            }
          ],
          "suites": [],
          "passes": [
            "34e131aa-cd54-4925-ab06-ad55d0d1ea85",
            "4e871947-a970-49c9-a5f3-eb38da97c4eb",
            "f7942ca2-8d2d-4904-84d4-8e464a710e31",
            "038a56d0-b487-4edc-af27-5bd65879b8d1",
            "2460a2c0-c99f-4ef3-aed0-4e22926527d7",
            "9522e36c-6e41-44e0-85f1-c842b1a821a8",
            "6b08a898-5d04-42c6-a9c5-57f9b29dcedf"
          ],
          "failures": [],
          "pending": [],
          "skipped": [],
          "duration": 2,
          "root": false,
          "rootEmpty": false,
          "_timeout": 2000
        },
        {
          "uuid": "17fc7424-fe6e-4412-84cc-33a80dfa4cf2",
          "title": "inequalitySchema",
          "fullFile": "/home/runner/work/planwithus-lib/planwithus-lib/src/satisfyRule/inequality/schemas.test.ts",
          "file": "/src/satisfyRule/inequality/schemas.test.ts",
          "beforeHooks": [],
          "afterHooks": [],
          "tests": [
            {
              "title": "should validate inequality in the form <=n or >=n",
              "fullTitle": "inequalitySchema should validate inequality in the form <=n or >=n",
              "timedOut": false,
              "duration": 1,
              "state": "passed",
              "speed": "fast",
              "pass": true,
              "fail": false,
              "pending": false,
              "context": "[\n  {\n    \"title\": \"inequality sample 0\",\n    \"value\": \"<=6\"\n  },\n  {\n    \"title\": \"inequality sample 1\",\n    \"value\": \"<=74\"\n  },\n  {\n    \"title\": \"inequality sample 2\",\n    \"value\": \"<=195\"\n  },\n  {\n    \"title\": \"inequality sample 3\",\n    \"value\": \">=15\"\n  },\n  {\n    \"title\": \"inequality sample 4\",\n    \"value\": \">=71\"\n  },\n  {\n    \"title\": \"inequality sample 5\",\n    \"value\": \">=79\"\n  },\n  {\n    \"title\": \"inequality sample 6\",\n    \"value\": \">=167\"\n  },\n  {\n    \"title\": \"inequality sample 7\",\n    \"value\": \"<=4\"\n  },\n  {\n    \"title\": \"inequality sample 8\",\n    \"value\": \"<=112\"\n  },\n  {\n    \"title\": \"inequality sample 9\",\n    \"value\": \">=178\"\n  }\n]",
              "code": "fast_check_1.sample(index_test_2.inequality, 10).forEach((sample, i) => addContext_1.default(this, {\n    title: `inequality sample ${i}`,\n    value: sample,\n}));\nreturn fast_check_1.assert(fast_check_1.property(index_test_2.inequality, ajvValidate));",
              "err": {},
              "uuid": "70437e1f-b357-440d-af33-8b91ca595958",
              "parentUUID": "17fc7424-fe6e-4412-84cc-33a80dfa4cf2",
              "isHook": false,
              "skipped": false
            },
            {
              "title": "should not validate inequality of invalid form",
              "fullTitle": "inequalitySchema should not validate inequality of invalid form",
              "timedOut": false,
              "duration": 2,
              "state": "passed",
              "speed": "fast",
              "pass": true,
              "fail": false,
              "pending": false,
              "context": null,
              "code": "[\n        \"\",\n        \"==23\",\n        \"23\",\n        \"<23\",\n        \">23\",\n        \"<=-1\",\n        \">=-1\",\n        \"<= 2\",\n        \">= 1\",\n        \"> 3\",\n        \"< 3\",\n        \"<=3a\",\n        \">=3a\",\n        \"a<=3\",\n        \"a>=3\",\n    ].forEach(isInvalidInequality)",
              "err": {},
              "uuid": "07f21444-3a1d-4355-8382-c2a196ea8b68",
              "parentUUID": "17fc7424-fe6e-4412-84cc-33a80dfa4cf2",
              "isHook": false,
              "skipped": false
            }
          ],
          "suites": [],
          "passes": [
            "70437e1f-b357-440d-af33-8b91ca595958",
            "07f21444-3a1d-4355-8382-c2a196ea8b68"
          ],
          "failures": [],
          "pending": [],
          "skipped": [],
          "duration": 3,
          "root": false,
          "rootEmpty": false,
          "_timeout": 2000
        },
        {
          "uuid": "df407be2-eb89-43af-8acf-2d798cce80f2",
          "title": "satisfyRuleSchema",
          "fullFile": "/home/runner/work/planwithus-lib/planwithus-lib/src/satisfyRule/schemas.test.ts",
          "file": "/src/satisfyRule/schemas.test.ts",
          "beforeHooks": [],
          "afterHooks": [],
          "tests": [
            {
              "title": "should validate satisfy rule with valid block id",
              "fullTitle": "satisfyRuleSchema should validate satisfy rule with valid block id",
              "timedOut": false,
              "duration": 1,
              "state": "passed",
              "speed": "fast",
              "pass": true,
              "fail": false,
              "pending": false,
              "context": null,
              "code": "fast_check_1.assert(fast_check_1.property(fast_check_1.string(), ajvValidate)",
              "err": {},
              "uuid": "fc3d65aa-0ff2-44a9-a48d-d72886434486",
              "parentUUID": "df407be2-eb89-43af-8acf-2d798cce80f2",
              "isHook": false,
              "skipped": false
            },
            {
              "title": "should validate satisfy rules with valid mc",
              "fullTitle": "satisfyRuleSchema should validate satisfy rules with valid mc",
              "timedOut": false,
              "duration": 2,
              "state": "passed",
              "speed": "fast",
              "pass": true,
              "fail": false,
              "pending": false,
              "context": "[\n  {\n    \"title\": \"mcSatisfyRule sample 0\",\n    \"value\": {\n      \"mc\": \">=51\"\n    }\n  },\n  {\n    \"title\": \"mcSatisfyRule sample 1\",\n    \"value\": {\n      \"mc\": \">=7\"\n    }\n  },\n  {\n    \"title\": \"mcSatisfyRule sample 2\",\n    \"value\": {\n      \"mc\": \"<=177\"\n    }\n  },\n  {\n    \"title\": \"mcSatisfyRule sample 3\",\n    \"value\": {\n      \"mc\": \">=7\"\n    }\n  },\n  {\n    \"title\": \"mcSatisfyRule sample 4\",\n    \"value\": {\n      \"mc\": \">=200\"\n    }\n  },\n  {\n    \"title\": \"mcSatisfyRule sample 5\",\n    \"value\": {\n      \"mc\": \"<=82\"\n    }\n  },\n  {\n    \"title\": \"mcSatisfyRule sample 6\",\n    \"value\": {\n      \"mc\": \">=198\"\n    }\n  },\n  {\n    \"title\": \"mcSatisfyRule sample 7\",\n    \"value\": {\n      \"mc\": \">=3\"\n    }\n  },\n  {\n    \"title\": \"mcSatisfyRule sample 8\",\n    \"value\": {\n      \"mc\": \"<=4\"\n    }\n  },\n  {\n    \"title\": \"mcSatisfyRule sample 9\",\n    \"value\": {\n      \"mc\": \">=150\"\n    }\n  }\n]",
              "code": "fast_check_1.sample(index_test_2.mcSatisfyRule, 10).forEach((sample, i) => addContext_1.default(this, {\n    title: `mcSatisfyRule sample ${i}`,\n    value: sample,\n}));\nreturn fast_check_1.assert(fast_check_1.property(index_test_2.mcSatisfyRule, ajvValidate));",
              "err": {},
              "uuid": "1b3b34de-265b-4cf3-ac95-391fa1b5ca5f",
              "parentUUID": "df407be2-eb89-43af-8acf-2d798cce80f2",
              "isHook": false,
              "skipped": false
            },
            {
              "title": "should validate valid recursive satisfy rules",
              "fullTitle": "satisfyRuleSchema should validate valid recursive satisfy rules",
              "timedOut": false,
              "duration": 4,
              "state": "passed",
              "speed": "fast",
              "pass": true,
              "fail": false,
              "pending": false,
              "context": "[\n  {\n    \"title\": \"satisfyRule sample 0\",\n    \"value\": \"\\\\@T\"\n  },\n  {\n    \"title\": \"satisfyRule sample 1\",\n    \"value\": {\n      \"mc\": \">=196\"\n    }\n  },\n  {\n    \"title\": \"satisfyRule sample 2\",\n    \"value\": {\n      \"and\": [\n        {\n          \"mc\": \"<=45\"\n        }\n      ]\n    }\n  },\n  {\n    \"title\": \"satisfyRule sample 3\",\n    \"value\": {\n      \"and\": [\n        {\n          \"mc\": \"<=47\"\n        },\n        {\n          \"mc\": \">=131\"\n        },\n        {\n          \"and\": [\n            {\n              \"and\": [\n                \"9rE\"\n              ]\n            },\n            \"B2|(_UcV:\",\n            {\n              \"or\": [\n                \"<x^)iRD \",\n                \"_\"\n              ]\n            },\n            {\n              \"and\": [\n                {\n                  \"and\": [\n                    \"4%\"\n                  ]\n                },\n                \"?I>a\",\n                \"f_m\\\\7\\\"MwU!\",\n                \"3wI\"\n              ]\n            }\n          ]\n        },\n        {\n          \"or\": []\n        },\n        {\n          \"or\": [\n            {\n              \"mc\": \"<=107\"\n            }\n          ]\n        }\n      ]\n    }\n  },\n  {\n    \"title\": \"satisfyRule sample 4\",\n    \"value\": {\n      \"mc\": \">=190\"\n    }\n  },\n  {\n    \"title\": \"satisfyRule sample 5\",\n    \"value\": {\n      \"and\": []\n    }\n  },\n  {\n    \"title\": \"satisfyRule sample 6\",\n    \"value\": {\n      \"mc\": \">=74\"\n    }\n  },\n  {\n    \"title\": \"satisfyRule sample 7\",\n    \"value\": {\n      \"and\": []\n    }\n  },\n  {\n    \"title\": \"satisfyRule sample 8\",\n    \"value\": {\n      \"mc\": \">=7\"\n    }\n  },\n  {\n    \"title\": \"satisfyRule sample 9\",\n    \"value\": {\n      \"mc\": \">=194\"\n    }\n  }\n]",
              "code": "fast_check_1.sample(index_test_2.satisfyRule, 10).forEach((sample, i) => addContext_1.default(this, {\n    title: `satisfyRule sample ${i}`,\n    value: sample,\n}));\nreturn fast_check_1.assert(fast_check_1.property(index_test_2.satisfyRule, ajvValidate));",
              "err": {},
              "uuid": "9b487244-41f0-47e4-b1fc-18835c47ac7c",
              "parentUUID": "df407be2-eb89-43af-8acf-2d798cce80f2",
              "isHook": false,
              "skipped": false
            },
            {
              "title": "should not validate non-string/object",
              "fullTitle": "satisfyRuleSchema should not validate non-string/object",
              "timedOut": false,
              "duration": 1,
              "state": "passed",
              "speed": "fast",
              "pass": true,
              "fail": false,
              "pending": false,
              "context": null,
              "code": "const error = {\n    instancePath: \"\",\n    message: \"satisfy rule should be either a string or an object\",\n};\nisInvalidRule(null, error);\nisInvalidRule(undefined, error);\nisInvalidRule(10, error);\nisInvalidRule([12, 24], error);",
              "err": {},
              "uuid": "0bf6f23e-e03f-40b7-8660-30f0d72c017c",
              "parentUUID": "df407be2-eb89-43af-8acf-2d798cce80f2",
              "isHook": false,
              "skipped": false
            },
            {
              "title": "should not validate satisfy rules with extra properties",
              "fullTitle": "satisfyRuleSchema should not validate satisfy rules with extra properties",
              "timedOut": false,
              "duration": 1,
              "state": "passed",
              "speed": "fast",
              "pass": true,
              "fail": false,
              "pending": false,
              "context": null,
              "code": "isInvalidRule({\n        and: [\n            { or: [\"2k\"], abc: \"def\" },\n            { mc: 8, ghi: \"jkl\" },\n        ],\n        mno: \"pqr\",\n    }, {\n        instancePath: \"/and/0\",\n        message: \"or satisfy rule should have property 'or' only\",\n    }, {\n        instancePath: \"/and/1\",\n        message: \"MC satisfy rule should have property 'mc' only\",\n    }, {\n        instancePath: \"\",\n        message: \"and satisfy rule should have property 'and' only\",\n    })",
              "err": {},
              "uuid": "587f2ed7-003f-481c-9062-e70dfb4f0ac1",
              "parentUUID": "df407be2-eb89-43af-8acf-2d798cce80f2",
              "isHook": false,
              "skipped": false
            },
            {
              "title": "should not validate ambiguous satisfy rules",
              "fullTitle": "satisfyRuleSchema should not validate ambiguous satisfy rules",
              "timedOut": false,
              "duration": 0,
              "state": "passed",
              "speed": "fast",
              "pass": true,
              "fail": false,
              "pending": false,
              "context": null,
              "code": "const message = \"satisfy rule should have only one of properties 'mc', 'and', 'or'\";\nisInvalidRule({\n    or: [\n        { mc: 5, and: [\"CS2040\"] },\n        { and: [{ and: [\"abc\"], or: [\"def\"] }] },\n    ],\n}, { instancePath: \"/or/0\", message }, { instancePath: \"/or/1/and/0\", message });",
              "err": {},
              "uuid": "783c80c7-aeb0-48e2-99dd-9531e1d96573",
              "parentUUID": "df407be2-eb89-43af-8acf-2d798cce80f2",
              "isHook": false,
              "skipped": false
            },
            {
              "title": "should not validate and satisfy rules with non-array property",
              "fullTitle": "satisfyRuleSchema should not validate and satisfy rules with non-array property",
              "timedOut": false,
              "duration": 0,
              "state": "passed",
              "speed": "fast",
              "pass": true,
              "fail": false,
              "pending": false,
              "context": null,
              "code": "const message = \"property 'and' should be an array of satisfy rules\";\nisInvalidRule({ or: [{ and: {} }, { or: [{ and: 3 }] }] }, { instancePath: \"/or/0/and\", message }, { instancePath: \"/or/1/or/0/and\", message });",
              "err": {},
              "uuid": "090d8e7d-f487-4344-91a6-41e79f1ada6b",
              "parentUUID": "df407be2-eb89-43af-8acf-2d798cce80f2",
              "isHook": false,
              "skipped": false
            },
            {
              "title": "should not validate or satisfy rules with non-array property",
              "fullTitle": "satisfyRuleSchema should not validate or satisfy rules with non-array property",
              "timedOut": false,
              "duration": 0,
              "state": "passed",
              "speed": "fast",
              "pass": true,
              "fail": false,
              "pending": false,
              "context": null,
              "code": "const message = \"property 'or' should be an array of satisfy rules\";\nisInvalidRule({ and: [{ or: {} }, { and: [{ or: 3 }] }] }, { instancePath: \"/and/0/or\", message }, { instancePath: \"/and/1/and/0/or\", message });",
              "err": {},
              "uuid": "1b77f9f2-c8e5-4a7e-bf84-2377963669fc",
              "parentUUID": "df407be2-eb89-43af-8acf-2d798cce80f2",
              "isHook": false,
              "skipped": false
            }
          ],
          "suites": [],
          "passes": [
            "fc3d65aa-0ff2-44a9-a48d-d72886434486",
            "1b3b34de-265b-4cf3-ac95-391fa1b5ca5f",
            "9b487244-41f0-47e4-b1fc-18835c47ac7c",
            "0bf6f23e-e03f-40b7-8660-30f0d72c017c",
            "587f2ed7-003f-481c-9062-e70dfb4f0ac1",
            "783c80c7-aeb0-48e2-99dd-9531e1d96573",
            "090d8e7d-f487-4344-91a6-41e79f1ada6b",
            "1b77f9f2-c8e5-4a7e-bf84-2377963669fc"
          ],
          "failures": [],
          "pending": [],
          "skipped": [],
          "duration": 9,
          "root": false,
          "rootEmpty": false,
          "_timeout": 2000
        }
      ],
      "passes": [],
      "failures": [],
      "pending": [],
      "skipped": [],
      "duration": 0,
      "root": true,
      "rootEmpty": true,
      "_timeout": 2000
    }
  ],
  "meta": {
    "mocha": {
      "version": "9.1.1"
    },
    "mochawesome": {
      "options": {
        "quiet": false,
        "reportFilename": "mochawesome",
        "saveHtml": true,
        "saveJson": true,
        "consoleReporter": "spec",
        "useInlineDiffs": false,
        "code": true
      },
      "version": "6.2.2"
    },
    "marge": {
      "options": {
        "reportDir": "docs"
      },
      "version": "5.2.0"
    }
  }
}