{
  "stats": {
    "suites": 10,
    "tests": 48,
    "passes": 48,
    "pending": 0,
    "failures": 0,
    "start": "2021-10-12T02:56:46.169Z",
    "end": "2021-10-12T02:56:46.439Z",
    "duration": 270,
    "testsRegistered": 48,
    "passPercent": 100,
    "pendingPercent": 0,
    "other": 0,
    "hasOther": false,
    "skipped": 0,
    "hasSkipped": false
  },
  "results": [
    {
      "uuid": "27e6ac53-fe19-4e0a-b1db-2be2897f67fc",
      "title": "",
      "fullFile": "",
      "file": "",
      "beforeHooks": [],
      "afterHooks": [],
      "tests": [],
      "suites": [
        {
          "uuid": "d10a4edd-2d38-4d29-8868-6ddfdb8c5155",
          "title": "initDirectories",
          "fullFile": "/home/runner/work/planwithus-lib/planwithus-lib/src/block/schemas.test.ts",
          "file": "/src/block/schemas.test.ts",
          "beforeHooks": [],
          "afterHooks": [],
          "tests": [
            {
              "title": "should parse all blocks with no errors",
              "fullTitle": "initDirectories should parse all blocks with no errors",
              "timedOut": false,
              "duration": 3,
              "state": "passed",
              "speed": "fast",
              "pass": true,
              "fail": false,
              "pending": false,
              "context": null,
              "code": "_1.initDirectories.should.not.throw()",
              "err": {},
              "uuid": "e585ba1b-0ed3-46af-8a4c-73c92b4b324f",
              "parentUUID": "d10a4edd-2d38-4d29-8868-6ddfdb8c5155",
              "isHook": false,
              "skipped": false
            },
            {
              "title": "should produce primary, second & minor directories",
              "fullTitle": "initDirectories should produce primary, second & minor directories",
              "timedOut": false,
              "duration": 2,
              "state": "passed",
              "speed": "fast",
              "pass": true,
              "fail": false,
              "pending": false,
              "context": null,
              "code": "const directories = (0, _1.initDirectories)();\ndirectories.should.have.property(\"primary\");\ndirectories.should.have.property(\"second\");\ndirectories.should.have.property(\"minor\");",
              "err": {},
              "uuid": "8245c558-54ab-43c9-9714-7b5a2424e6c3",
              "parentUUID": "d10a4edd-2d38-4d29-8868-6ddfdb8c5155",
              "isHook": false,
              "skipped": false
            }
          ],
          "suites": [],
          "passes": [
            "e585ba1b-0ed3-46af-8a4c-73c92b4b324f",
            "8245c558-54ab-43c9-9714-7b5a2424e6c3"
          ],
          "failures": [],
          "pending": [],
          "skipped": [],
          "duration": 5,
          "root": false,
          "rootEmpty": false,
          "_timeout": 2000
        },
        {
          "uuid": "6768dd9f-e922-4c0a-94e3-f4a94aacdd3c",
          "title": "blockSchema",
          "fullFile": "/home/runner/work/planwithus-lib/planwithus-lib/src/block/schemas.test.ts",
          "file": "/src/block/schemas.test.ts",
          "beforeHooks": [],
          "afterHooks": [],
          "tests": [
            {
              "title": "should validate valid block",
              "fullTitle": "blockSchema should validate valid block",
              "timedOut": false,
              "duration": 152,
              "state": "passed",
              "speed": "slow",
              "pass": true,
              "fail": false,
              "pending": false,
              "context": "[\n  {\n    \"title\": \"block sample 0\",\n    \"value\": {\n      \"name\": \"t\",\n      \"ay\": 1972,\n      \"assign\": \"{\\\"Y\",\n      \"match\": [],\n      \"satisfy\": [\n        \"2l2,\",\n        \"K\"\n      ],\n      \"url\": \"http://qvfc8.7ff-8cwc-94bbfcfbn7.eabyk/_/Gc;$Cd/HL/g*:@2'Y\",\n      \"info\": \"lD7);&.\"\n    }\n  },\n  {\n    \"title\": \"block sample 1\",\n    \"value\": {\n      \"name\": \"0R@\",\n      \"ay\": 2019,\n      \"assign\": [\n        \"gvU*cYEM\",\n        \"\",\n        \">{Mv7;\",\n        \":9BZ)zpQJ\",\n        \"Weh(UL\"\n      ],\n      \"match\": {\n        \"or\": [\n          {\n            \"or\": [\n              \"YWS*6T\",\n              {\n                \"and\": []\n              },\n              {\n                \"pattern\": \"GR43S\",\n                \"exclude\": \"NPV404N\",\n                \"info\": \"X%9\"\n              }\n            ]\n          },\n          {\n            \"pattern\": \"DFX00\",\n            \"exclude\": \"QP84x\"\n          },\n          {\n            \"or\": [\n              \"CMC63\",\n              {\n                \"and\": [\n                  \"ZR76K\",\n                  {\n                    \"and\": [\n                      \"HRX49\",\n                      {\n                        \"and\": [\n                          \"WH2G\",\n                          \"JF06**S\",\n                          \"PGSx9\",\n                          \"MAY565C\",\n                          {\n                            \"and\": [\n                              \"AWQ1834W\",\n                              \"ZM8456L\",\n                              \"PDO8795B\",\n                              {\n                                \"and\": [\n                                  \"NQ141\",\n                                  \"IUC*5N\",\n                                  \"DW*G\",\n                                  \"PB*7L\",\n                                  \"ZO9K\"\n                                ]\n                              },\n                              \"DG6*x7\"\n                            ]\n                          }\n                        ]\n                      },\n                      \"BW6xV\",\n                      \"MD*X\"\n                    ]\n                  },\n                  \"HMF8C\"\n                ]\n              }\n            ]\n          }\n        ]\n      },\n      \"satisfy\": [\n        {\n          \"or\": []\n        },\n        \"djSr\",\n        {\n          \"and\": [\n            \"~2Zc\",\n            \"atf7-:P`>b\",\n            {\n              \"or\": [\n                \"n!FX1#w\",\n                \"\",\n                {\n                  \"or\": [\n                    \"W&V5H\",\n                    \"bp](7?=\",\n                    \"\",\n                    \"dyA)6]Hp\"\n                  ]\n                },\n                \"\"\n              ]\n            },\n            \"f@@MY>%X\",\n            {\n              \"and\": []\n            }\n          ]\n        },\n        {\n          \"or\": []\n        },\n        {\n          \"or\": [\n            \"9U :L\",\n            {\n              \"and\": [\n                \"wE[+\",\n                \"\"\n              ]\n            }\n          ]\n        }\n      ],\n      \"url\": \"https://orcshkfqb6u1y5tkfu4yw8ghm9zw2e9.b5iqiqwebocof8e85dr6pqudskcjrp3b3mz9--oi7jey8v5m45seglpf.reli8g-7x8gkzhd9kpd.8txro9fce7enqxb0bolngrqwnsp6r34cwc6-gdov45n76umwal5h5tt.aeaea.ay/'~Ow%F3%B4%82%8CR%F3%A5%9D%85:U/NrQOm7%F2%B8%9A%A6%F2%86%81%8C/7pX;\",\n      \"info\": \"\",\n      \"isSelectable\": true,\n      \"5Woh<apWh%\": {\n        \"name\": \"\",\n        \"ay\": 2002,\n        \"assign\": [],\n        \"match\": [\n          \"BUT*\",\n          \"YXP2B\",\n          {\n            \"and\": []\n          },\n          \"UMF2x8xL\",\n          {\n            \"and\": [\n              {\n                \"and\": [\n                  {\n                    \"and\": [\n                      \"PN93U\"\n                    ]\n                  },\n                  \"SHV109\",\n                  {\n                    \"pattern\": \"DCZ6x83R\",\n                    \"info\": \"$\"\n                  },\n                  \"HWx\",\n                  \"RG9091B\"\n                ]\n              },\n              \"YLA201C\",\n              {\n                \"and\": []\n              },\n              {\n                \"pattern\": \"XDB18H\",\n                \"exclude\": \"VS329P\",\n                \"info\": \"\"\n              },\n              {\n                \"or\": [\n                  \"WEG734S\",\n                  \"NZ35*\",\n                  {\n                    \"and\": []\n                  },\n                  \"TI4849\"\n                ]\n              }\n            ]\n          }\n        ],\n        \"satisfy\": {\n          \"or\": [\n            {\n              \"or\": [\n                \"\",\n                {\n                  \"or\": [\n                    \"iI,kM;@)`\",\n                    {\n                      \"or\": [\n                        \"B6n007M]n\",\n                        \"\\\"{ ?B!*l[\\\\\",\n                        \"#sXs@4q\",\n                        \")VJ<\",\n                        \"^F\"\n                      ]\n                    },\n                    \"\",\n                    {\n                      \"mc\": \"<=84\"\n                    }\n                  ]\n                },\n                {\n                  \"and\": [\n                    {\n                      \"or\": [\n                        \"zlkS\"\n                      ]\n                    },\n                    {\n                      \"or\": [\n                        \"Q\",\n                        \"%BI;Sk\",\n                        \"1lm'\",\n                        \"m^C'<WH\\\"EU\"\n                      ]\n                    }\n                  ]\n                },\n                \"Jw+)d\",\n                \"\"\n              ]\n            },\n            {\n              \"and\": [\n                \"Cb:)8vKc\",\n                {\n                  \"and\": [\n                    \"M0\",\n                    \"Mj, e\"\n                  ]\n                },\n                {\n                  \"and\": [\n                    {\n                      \"mc\": \">=80\"\n                    },\n                    \"m~s37hmSq\",\n                    \"\",\n                    \"l\",\n                    \"C;d@[_Gjv\"\n                  ]\n                },\n                {\n                  \"or\": [\n                    \"?\\\\`Ps8T?\",\n                    \"8;]pAZIZ-H\"\n                  ]\n                }\n              ]\n            },\n            {\n              \"or\": [\n                \"_`M)M w+\",\n                \"bH]hw\"\n              ]\n            }\n          ]\n        },\n        \"info\": \"D_~d\",\n        \"isSelectable\": true\n      }\n    }\n  },\n  {\n    \"title\": \"block sample 2\",\n    \"value\": {\n      \"name\": \"&\\\"%\",\n      \"ay\": 2025,\n      \"assign\": [\n        \"/Wt9]OzG\",\n        \"\",\n        \"b{:&\",\n        \">G\\\\Ube,#\"\n      ],\n      \"match\": [],\n      \"satisfy\": [\n        {\n          \"or\": [\n            \"r.\\\"B\",\n            {\n              \"or\": [\n                \">|,XO,a\",\n                \"\\\\x\",\n                \"99H\",\n                {\n                  \"mc\": \">=124\"\n                }\n              ]\n            },\n            \"0(\\\\FJ0\"\n          ]\n        }\n      ],\n      \"url\": \"http://5hhb4iaitwff8tet89c2ab2ecaddkff-8c8celbft7hc9ctzawxfp1r9da0uh9.8-e1d6f.u95yqlrk-4aj-qzkc8q408gkm1xl0hr71mjrppstp9.5.b9f0r--hivk4pzw81-yxj76db6ev4ld49rza.hx/o%F3%B2%A9%9B'C\",\n      \"info\": \"7 Q,(\",\n      \"isSelectable\": true,\n      \"I-e7w~ir\": {\n        \"name\": \"\",\n        \"ay\": 2024,\n        \"assign\": [\n          \"\\\"ZL|\"\n        ],\n        \"match\": {\n          \"or\": []\n        },\n        \"satisfy\": {\n          \"or\": []\n        },\n        \"url\": \"https://7.q.axqbydbzb/!=@r/J'52,/8%F1%85%8A%A8bu@0//UKH5\",\n        \"info\": \"Q:\",\n        \"isSelectable\": true,\n        \")LI!'BxL\": {\n          \"name\": \"@\\\"cQEC)\",\n          \"ay\": 1957,\n          \"assign\": [\n            \";m6I|r\"\n          ],\n          \"match\": [\n            {\n              \"and\": [\n                {\n                  \"pattern\": \"IPx*4\",\n                  \"exclude\": [\n                    \"LZ54\",\n                    \"OH667\",\n                    \"NIJxxx1J\"\n                  ],\n                  \"info\": \"P\\\"=\"\n                },\n                \"XOK1\",\n                \"UQZ76\",\n                {\n                  \"or\": [\n                    \"JT4x\",\n                    \"TYI0***\",\n                    \"AU39\",\n                    {\n                      \"and\": [\n                        {\n                          \"and\": [\n                            \"VP988U\",\n                            \"NZA4186\"\n                          ]\n                        },\n                        {\n                          \"or\": [\n                            {\n                              \"or\": [\n                                \"LSV*1\"\n                              ]\n                            },\n                            \"YYY1xB\"\n                          ]\n                        },\n                        \"OL0151B\",\n                        \"QRV2I\",\n                        \"BTH473Q\"\n                      ]\n                    }\n                  ]\n                }\n              ]\n            }\n          ],\n          \"satisfy\": \"h6qD\",\n          \"url\": \"https://kf0wu5gjyqa1n8517i1lk-p3atrdcqut3je7eu5yumu8hl241vagc456adbo.sgg3lfgewowub57q3kznn7hqhx3uunr2iipljs3u2vx2abp2b.ajfq87p.u7ws50md5ankl14tzqwud-uhqb2ihzqowudbtbhe9xy3ug07a61jdlde.snj/P/ouFH)O!\",\n          \"info\": \"`\"\n        },\n        \"WO50=)f\": {\n          \"name\": \":(O;CN!@\",\n          \"ay\": 2007,\n          \"assign\": \"%\",\n          \"match\": [\n            {\n              \"or\": [\n                {\n                  \"pattern\": \"TS**\",\n                  \"exclude\": \"VH7\",\n                  \"info\": \"Jos\"\n                },\n                {\n                  \"or\": [\n                    \"MI765Y\"\n                  ]\n                },\n                {\n                  \"pattern\": \"RM239x\",\n                  \"exclude\": [\n                    \"GQB32x2\",\n                    \"TWK*28\",\n                    \"YYA0K\"\n                  ],\n                  \"info\": \"Zd^J>:O(*w\"\n                },\n                {\n                  \"pattern\": \"CZ0500\"\n                }\n              ]\n            },\n            {\n              \"pattern\": \"GEX105P\",\n              \"exclude\": [\n                \"FQ*64x\",\n                \"MJX4974I\",\n                \"ZG224J\"\n              ]\n            },\n            {\n              \"and\": []\n            }\n          ],\n          \"satisfy\": {\n            \"and\": [\n              \"}.6\\\\F>\",\n              {\n                \"and\": [\n                  {\n                    \"mc\": \"<=165\"\n                  },\n                  \" C25Iy;Te\",\n                  {\n                    \"and\": []\n                  }\n                ]\n              },\n              {\n                \"mc\": \"<=1\"\n              },\n              {\n                \"or\": [\n                  {\n                    \"mc\": \"<=84\"\n                  }\n                ]\n              },\n              {\n                \"or\": []\n              }\n            ]\n          },\n          \"info\": \"9Cgd'$Ji*v\",\n          \"isSelectable\": true,\n          \"K:\": {\n            \"ay\": 1969,\n            \"assign\": \"h}/nR}Nn'l\",\n            \"match\": [\n              {\n                \"or\": [\n                  {\n                    \"or\": [\n                      {\n                        \"or\": [\n                          \"ZDQ4xU\",\n                          \"EV7893\",\n                          \"DMU6\"\n                        ]\n                      },\n                      \"JP49L\",\n                      {\n                        \"pattern\": \"XF79Y\",\n                        \"exclude\": \"OPHx494Q\",\n                        \"info\": \"6gS{9Lai\"\n                      },\n                      {\n                        \"and\": []\n                      },\n                      \"BY394xW\"\n                    ]\n                  }\n                ]\n              },\n              {\n                \"pattern\": \"YK43\",\n                \"exclude\": \"JJ05\",\n                \"info\": \"Z+_|1FX\"\n              }\n            ],\n            \"satisfy\": {\n              \"or\": [\n                {\n                  \"mc\": \"<=22\"\n                }\n              ]\n            },\n            \"info\": \"l?3\",\n            \"isSelectable\": true\n          },\n          \")@}JgH\": {\n            \"assign\": [\n              \"W*Xas\",\n              \"_c7=7\\\\#Q{\",\n              \"2\",\n              \"ggZX\",\n              \"BZqt0UW##\"\n            ],\n            \"match\": \"MRM93\",\n            \"satisfy\": [\n              {\n                \"or\": [\n                  {\n                    \"and\": [\n                      {\n                        \"and\": [\n                          {\n                            \"or\": [\n                              {\n                                \"mc\": \"<=41\"\n                              },\n                              \"MI\\\\xt\",\n                              \"T\",\n                              \"OXe\"\n                            ]\n                          },\n                          \"!v&jS mB]\",\n                          \"Im`\",\n                          {\n                            \"and\": [\n                              \"\"\n                            ]\n                          },\n                          \"!MXBp))\"\n                        ]\n                      },\n                      {\n                        \"and\": [\n                          {\n                            \"mc\": \"<=132\"\n                          },\n                          \"Q#:\"\n                        ]\n                      },\n                      \"%=\"\n                    ]\n                  },\n                  \"\",\n                  \"zq)|'-\"\n                ]\n              }\n            ],\n            \"info\": \"l\",\n            \"isSelectable\": true\n          },\n          \"|bB]\": {\n            \"name\": \"V>]~%@J*\",\n            \"ay\": 2016,\n            \"assign\": \"_\",\n            \"match\": {\n              \"and\": [\n                {\n                  \"pattern\": \"XHDx35\",\n                  \"exclude\": \"QT3x*7A\",\n                  \"info\": \"sDchHT4\"\n                },\n                {\n                  \"pattern\": \"UFA490E\",\n                  \"exclude\": [\n                    \"AMA1A\",\n                    \"LBD64\",\n                    \"TSL0\"\n                  ],\n                  \"info\": \";'  ]\"\n                }\n              ]\n            },\n            \"satisfy\": {\n              \"mc\": \">=61\"\n            },\n            \"url\": \"http://3n7767p-1z9f3nm.x.ytnzlmbd/7a.M8%F1%B3%A6%B9t-/p4Z0/otyQo+e//t+:%F0%B2%88%875\",\n            \"info\": \"^3uqGH\\\"Q8A\",\n            \"isSelectable\": true,\n            \"L*\": {\n              \"name\": \"X'op-,0QQ\",\n              \"ay\": 2003,\n              \"assign\": [\n                \"?W%<9\",\n                \"]l]SJYX\",\n                \"\",\n                \"QPa~g4oOy\"\n              ],\n              \"match\": {\n                \"or\": [\n                  {\n                    \"pattern\": \"RFW48*D\",\n                    \"exclude\": \"DY4x\",\n                    \"info\": \"^\"\n                  },\n                  {\n                    \"and\": []\n                  },\n                  \"QUZ3335\"\n                ]\n              },\n              \"satisfy\": \"y3\",\n              \"url\": \"https://3qay3g029twkqa3ckiz2qmdctl-l-yiq.3x4ohf.s.dokc/(\",\n              \"isSelectable\": true\n            },\n            \"I]S{gK!M2\": {\n              \"name\": \"&'J]8fxhaE\",\n              \"ay\": 1957,\n              \"url\": \"http://0.x3cplewn5a4ft874cieq-2utu.ejmma0.4.yoblfsrw/zxo('\",\n              \"isSelectable\": true\n            }\n          },\n          \"JO<Gx}{jLC\": {\n            \"name\": \"]\\\\6({<lr<\",\n            \"ay\": 2000,\n            \"assign\": \"q*!5(Z5'\",\n            \"match\": [],\n            \"satisfy\": {\n              \"or\": [\n                {\n                  \"mc\": \">=65\"\n                }\n              ]\n            },\n            \"url\": \"https://lb0hoxyl.kfltm/:N1dAh/:.JjAgM%F0%A3%97%BFOh/+Cc/+o//3&b/kS3%F1%9B%A2%AAbrb~/.r/;Pi\",\n            \"info\": \"20}Y@H~\",\n            \"isSelectable\": true\n          }\n        }\n      },\n      \"@OIwAMf(\": {\n        \"name\": \"ou}8slA(/\",\n        \"ay\": 1956,\n        \"assign\": [\n          \"{ev\",\n          \"5e%\",\n          \"E.\",\n          \"U\",\n          \"Uu(RP\"\n        ],\n        \"satisfy\": {\n          \"or\": [\n            {\n              \"or\": []\n            },\n            {\n              \"mc\": \">=81\"\n            },\n            {\n              \"and\": []\n            },\n            {\n              \"and\": [\n                {\n                  \"and\": [\n                    {\n                      \"mc\": \"<=44\"\n                    },\n                    {\n                      \"and\": [\n                        {\n                          \"or\": [\n                            \"p'v;RZ\",\n                            {\n                              \"mc\": \"<=62\"\n                            },\n                            \"bb)F\"\n                          ]\n                        },\n                        \"`YlKLdCU/\",\n                        \"`w\"\n                      ]\n                    },\n                    {\n                      \"or\": [\n                        \"s#_\",\n                        {\n                          \"and\": [\n                            \"Ubd[_cN~&.\",\n                            {\n                              \"mc\": \">=73\"\n                            },\n                            \"/2Rjc\",\n                            \"-'g-=Lb\"\n                          ]\n                        },\n                        \"B;@ki!'_#8\",\n                        {\n                          \"or\": [\n                            \"{'*I6\",\n                            \"pHv\",\n                            \"=?afc\"\n                          ]\n                        },\n                        \"c9?\"\n                      ]\n                    },\n                    {\n                      \"mc\": \"<=8\"\n                    },\n                    {\n                      \"mc\": \">=178\"\n                    }\n                  ]\n                },\n                \"L>h}!T?V]\"\n              ]\n            }\n          ]\n        },\n        \"url\": \"https://22aub6sm23fyunbblgq.w9n92mcmpgcy5vbuz81zzy72y781ssipq5xxqphobxwe285ksl.artq10x6j4oqzfndztr865uc.j8sjr.ubdgbiwewg//Q6b%F2%BB%AD%B7,cev/M_SdGn6/OZ2=r'J-_+/*eK@&D//x0f!%F1%95%A3%A6&A%F0%A8%AA%AA\",\n        \"info\": \">j!|;0: q\",\n        \"isSelectable\": true,\n        \"N7>Te~\": {\n          \"name\": \"%Rd7og;\",\n          \"ay\": 2012,\n          \"assign\": \"n\\\"S)\",\n          \"match\": [\n            \"YJX000\"\n          ],\n          \"satisfy\": {\n            \"and\": [\n              {\n                \"and\": [\n                  {\n                    \"and\": []\n                  },\n                  \"[t--tVe\",\n                  {\n                    \"and\": [\n                      \"B7C|(\",\n                      \"M'M^Zj *,\",\n                      \"FU1!M-N+~\"\n                    ]\n                  },\n                  \"{^*#\",\n                  {\n                    \"or\": [\n                      \"rb\",\n                      {\n                        \"mc\": \"<=69\"\n                      },\n                      \"mys\"\n                    ]\n                  }\n                ]\n              }\n            ]\n          },\n          \"info\": \"Xwgtj`a8i}\"\n        },\n        \"jIGs[:UtD\": {\n          \"name\": \"D;9\",\n          \"ay\": 1965,\n          \"satisfy\": [\n            {\n              \"or\": [\n                {\n                  \"mc\": \"<=23\"\n                },\n                {\n                  \"or\": []\n                },\n                {\n                  \"or\": [\n                    \",K*!jC/3\",\n                    \"r8Ga\",\n                    \"s\"\n                  ]\n                },\n                {\n                  \"and\": [\n                    {\n                      \"or\": [\n                        \"\",\n                        {\n                          \"or\": [\n                            {\n                              \"and\": [\n                                \"UT`L\",\n                                \"mA}xR]j;\",\n                                \"^\",\n                                \"g+Evy2\",\n                                \"5n!_Qe\"\n                              ]\n                            },\n                            \"0f$AGhz:+r\",\n                            {\n                              \"and\": [\n                                {\n                                  \"mc\": \">=111\"\n                                },\n                                \"9]R\",\n                                \"HHIK{Vd+M\"\n                              ]\n                            }\n                          ]\n                        },\n                        \"7y!i8\",\n                        \"1I%a\",\n                        \"~\"\n                      ]\n                    },\n                    \"8D\",\n                    \"LF2vyy\\\"\",\n                    {\n                      \"or\": []\n                    }\n                  ]\n                },\n                {\n                  \"or\": [\n                    \"YKQ\",\n                    {\n                      \"and\": [\n                        \"^R >\",\n                        \"H79\",\n                        \"L\",\n                        {\n                          \"mc\": \">=118\"\n                        },\n                        {\n                          \"or\": [\n                            \"i\",\n                            \"25dL;}\"\n                          ]\n                        }\n                      ]\n                    },\n                    {\n                      \"or\": []\n                    }\n                  ]\n                }\n              ]\n            }\n          ],\n          \"url\": \"https://q430om7ejhl0augd6p-d12ah4d.ig1h6h8yq01yi5f6s9jk8v823rpd6n.bdmmw/l/cve*FJl%F2%A9%8E%BC/(Cc,//Pts/*k%F3%A9%BB%A2Z_/7Fz%F2%99%B3%A5%F3%A6%92%B8/w=z)cH%F3%B6%84%AB7-/Q_yad/%F1%B5%8A%8Ek+\",\n          \"info\": \"\\\"e\",\n          \"isSelectable\": true\n        },\n        \"\": {\n          \"name\": \"_f~\",\n          \"ay\": 1973,\n          \"assign\": \"D*ayF\",\n          \"satisfy\": [\n            \"IH0PqiXj=p\",\n            {\n              \"mc\": \"<=22\"\n            },\n            {\n              \"mc\": \">=18\"\n            },\n            {\n              \"or\": []\n            }\n          ],\n          \"url\": \"http://z8rg9skql815we27r1xswvrqjg6o-4.0h5otuayrg7lnsxkq8b2y32co0daqg21bv6m81xcmc24neyn8a52byx8yqbl.tmnenw/rRG3/UGT3D&J=/3Z-/sP8*@:\",\n          \"info\": \"J^+Z\",\n          \"isSelectable\": true\n        }\n      }\n    }\n  },\n  {\n    \"title\": \"block sample 3\",\n    \"value\": {\n      \"name\": \"k#k$\",\n      \"ay\": 1951,\n      \"assign\": [\n        \"FADG]L\"\n      ],\n      \"match\": [\n        {\n          \"or\": [\n            {\n              \"or\": [\n                \"UW*124U\",\n                {\n                  \"pattern\": \"VJ038N\",\n                  \"exclude\": [\n                    \"OV56Y\",\n                    \"GEG98*4\",\n                    \"CN*3xx\"\n                  ],\n                  \"info\": \"rjP~xFN\"\n                },\n                \"MDU71\",\n                {\n                  \"and\": [\n                    \"YM1V\",\n                    {\n                      \"and\": [\n                        \"AO614I\",\n                        {\n                          \"pattern\": \"DTR3V\",\n                          \"exclude\": [\n                            \"TY2227\",\n                            \"AS901W\"\n                          ],\n                          \"info\": \"7\"\n                        },\n                        {\n                          \"pattern\": \"MF245xQ\",\n                          \"exclude\": [\n                            \"CE6\",\n                            \"ECZ9\",\n                            \"JGW4x\"\n                          ],\n                          \"info\": \"s4>JT;?wDc\"\n                        }\n                      ]\n                    }\n                  ]\n                },\n                {\n                  \"pattern\": \"WZT*xA\",\n                  \"info\": \"S! 9: \"\n                }\n              ]\n            }\n          ]\n        }\n      ],\n      \"satisfy\": [\n        {\n          \"mc\": \">=7\"\n        },\n        \"'}\"\n      ],\n      \"url\": \"https://x.t.6jgolq2v9bwhp053e91muicrjyd01j8v4vf5hiib8y8ktrpm45ssetvfj35yj.qvn1jw3.z488wdfvm7yzi3e4nhgxtcrgreoz6qx6gj7sntxmqqz.rbiu/nYV%F0%94%AE%88H,xZ(/A6o1D-rD/m-'k3\",\n      \"isSelectable\": true\n    }\n  },\n  {\n    \"title\": \"block sample 4\",\n    \"value\": {\n      \"name\": \"\",\n      \"ay\": 1950,\n      \"assign\": [\n        \"^}nj\",\n        \"VKB[lg@D$g\"\n      ],\n      \"match\": [\n        {\n          \"or\": []\n        },\n        \"IK8604\"\n      ],\n      \"satisfy\": [\n        {\n          \"and\": [\n            {\n              \"and\": [\n                \"H|\"\n              ]\n            },\n            {\n              \"and\": [\n                {\n                  \"or\": [\n                    {\n                      \"mc\": \"<=94\"\n                    },\n                    {\n                      \"and\": [\n                        \"e=M\",\n                        \"d:T%s3&)g\",\n                        \"j\\\\H0u:A'~\",\n                        {\n                          \"and\": [\n                            \":mu\"\n                          ]\n                        }\n                      ]\n                    }\n                  ]\n                },\n                {\n                  \"or\": [\n                    \"X)$;iO'nS3\",\n                    \"Fky\",\n                    \"K#^=,\",\n                    \"+%!)lvvt5\"\n                  ]\n                },\n                \"vR@QHl\",\n                {\n                  \"and\": []\n                },\n                {\n                  \"or\": [\n                    {\n                      \"and\": [\n                        \"B<?L. h\",\n                        \"/TX/W\"\n                      ]\n                    },\n                    {\n                      \"and\": []\n                    }\n                  ]\n                }\n              ]\n            },\n            {\n              \"or\": [\n                \"G>i%% l\",\n                \"h{~\",\n                {\n                  \"mc\": \">=33\"\n                },\n                {\n                  \"mc\": \"<=191\"\n                }\n              ]\n            },\n            {\n              \"or\": [\n                \"E\",\n                {\n                  \"mc\": \">=142\"\n                },\n                {\n                  \"mc\": \">=100\"\n                },\n                {\n                  \"mc\": \">=122\"\n                },\n                {\n                  \"mc\": \">=93\"\n                }\n              ]\n            },\n            \"\"\n          ]\n        },\n        \"k\\\"3H_8^>g<\"\n      ],\n      \"url\": \"https://mxuftye5zrz.l2v.ays/j)%F0%95%BD%85kRF%F1%90%8B%BC/b:IB,\",\n      \"info\": \"A\\\"\",\n      \"isSelectable\": true,\n      \"?Kht'vzj\": {\n        \"name\": \"\",\n        \"ay\": 1965,\n        \"assign\": \"fjJF_Xk.G/\",\n        \"url\": \"http://8ijiuf7nqqv395pifxivgtqvq16dyd-1xl0j654opnzbpdi42oexycve3itbu.b-l1igtrjajoowt1fe5xq9y1bqeklca8rxjm24.tmem//io7/KY%F0%A3%B8%83H5/4E:fe%E7%9E%8EO%F1%89%BA%A0/xRCk5l4!t/wmRj/&TWC/acXJ;:%F3%A7%B1%A6~v8/Y/H8;CeHZ\",\n        \"info\": \"\\\\8EE\\\\ITt\",\n        \"isSelectable\": true,\n        \"dp05K%q\": {\n          \"name\": \"w=MEHWsI_v\",\n          \"ay\": 1951,\n          \"assign\": [\n            \"hh3Jjh|?g<\",\n            \"\"\n          ],\n          \"match\": [\n            {\n              \"or\": [\n                \"QI*90\",\n                \"TT51xxE\"\n              ]\n            }\n          ],\n          \"satisfy\": {\n            \"and\": [\n              {\n                \"and\": []\n              },\n              {\n                \"and\": []\n              },\n              {\n                \"mc\": \"<=143\"\n              }\n            ]\n          },\n          \"url\": \"https://ywb9dvajmyj2613i31eeand1wsaf7mmid05lx-s8mqgt9ijpowip7bhzkxs0nx0.flco-cu2o98i0akm2dp5bi6qpl9fq92prwhpfdeb978r.4tf3v7lbxevu.vgt3glrmtc.jiiz/!sC/%E4%A5%B9XV%F3%8A%89%841%F2%89%B1%B3NF4/_lzZKvG+$/Xhcw%F0%98%A2%A5OYU+/1APZ/(oixW%F3%A0%A2%A3j.%F2%8B%A1%816/_U);%F1%8A%84%A4/=D/\"\n        },\n        \"5foC5nP\": {\n          \"name\": \"niI&?>+lP\",\n          \"ay\": 1963,\n          \"match\": [\n            \"ZD461F\",\n            {\n              \"pattern\": \"DK7J\",\n              \"exclude\": \"LSY219F\",\n              \"info\": \"[ByY^\"\n            },\n            {\n              \"pattern\": \"FJP6\",\n              \"exclude\": [\n                \"QO85\",\n                \"AYB34D\",\n                \"HO58*2W\",\n                \"YUB6804D\"\n              ],\n              \"info\": \"fv&E~s{\"\n            },\n            {\n              \"or\": []\n            }\n          ],\n          \"satisfy\": [\n            {\n              \"or\": [\n                {\n                  \"and\": [\n                    \"Zd$+?\",\n                    \"@\\\\Q*X\\\"~!%\",\n                    \"Rsnn,5t\",\n                    \"ar\",\n                    {\n                      \"and\": [\n                        {\n                          \"or\": [\n                            \"5:O><\"\n                          ]\n                        }\n                      ]\n                    }\n                  ]\n                }\n              ]\n            },\n            {\n              \"mc\": \">=8\"\n            },\n            {\n              \"and\": [\n                {\n                  \"mc\": \">=128\"\n                },\n                {\n                  \"or\": [\n                    \" @s}\",\n                    \">/|\"\n                  ]\n                },\n                {\n                  \"mc\": \"<=22\"\n                },\n                {\n                  \"and\": [\n                    {\n                      \"or\": []\n                    },\n                    \"\",\n                    \";XS\",\n                    {\n                      \"or\": []\n                    }\n                  ]\n                }\n              ]\n            },\n            {\n              \"mc\": \">=45\"\n            },\n            \"03]?k6J\"\n          ],\n          \"url\": \"https://pzpvilr7xi8er.a.dpdkkqs84khop2bagv25ujgd5pt6vnoy7cw1a.sq-ibpc15k3i63jfmvj.qzfxy/@5/UjPl6/%F1%87%B7%AC6d3XK/be/p@~pHgJw=U/%F3%A8%B3%A7M.N8gN%F1%B8%8B%BEo///@z/X%F2%A9%97%A3s\",\n          \"info\": \"WC3k\",\n          \"isSelectable\": true\n        },\n        \"~{g\\\"@I\": {\n          \"name\": \":\",\n          \"ay\": 1967,\n          \"assign\": [\n            \"N+ M\"\n          ],\n          \"url\": \"http://r.tdupvjjsjewguzz49e7oqkc1y00vpnsnqp.s04fwhaeq6394e-3bv--6e.uoxwcxpzuc/@1C!HA/Oh%F2%BC%AF%B93IG/bg&:(z:/irf0//JM9mOjJD$\",\n          \"info\": \"Ug\",\n          \"isSelectable\": true\n        },\n        \"Kw/a}WcU\": {\n          \"name\": \")r,OfU&\",\n          \"ay\": 2014,\n          \"assign\": [],\n          \"match\": [\n            {\n              \"or\": [\n                {\n                  \"pattern\": \"UO15x5\",\n                  \"exclude\": [\n                    \"WY*22\",\n                    \"ADG3\",\n                    \"RKK58L\"\n                  ],\n                  \"info\": \"v,Aa_lT$4\"\n                },\n                {\n                  \"and\": [\n                    \"DLC77Q\",\n                    \"ADZ4784C\",\n                    \"RJ3182L\",\n                    {\n                      \"and\": [\n                        \"JCM479xN\",\n                        {\n                          \"or\": [\n                            {\n                              \"pattern\": \"QBQ7K\",\n                              \"exclude\": [\n                                \"BL0824A\"\n                              ]\n                            }\n                          ]\n                        },\n                        \"YGU59W\"\n                      ]\n                    },\n                    {\n                      \"or\": [\n                        \"TQ9S\"\n                      ]\n                    }\n                  ]\n                },\n                {\n                  \"pattern\": \"DN8Q\",\n                  \"exclude\": [\n                    \"TY48\"\n                  ],\n                  \"info\": \"&A.Kk\\\"\"\n                },\n                \"ZX00xE\"\n              ]\n            },\n            {\n              \"and\": [\n                \"HAG165I\"\n              ]\n            },\n            {\n              \"pattern\": \"TLK3Q\",\n              \"info\": \"[\"\n            },\n            {\n              \"and\": [\n                {\n                  \"and\": [\n                    \"FMX*5B\"\n                  ]\n                }\n              ]\n            }\n          ],\n          \"satisfy\": {\n            \"mc\": \">=152\"\n          },\n          \"url\": \"https://dxtvfudj453kvhoyir-0y91-knnn2sgjoxp08nfb4x2n8ye79.9.vpwr83p4v552y337qps0jt1cma0ey.yf40.fzmzgx/JO%F1%93%A7%94p,M///rw~%F1%AC%A7%ADrtj~ax/%F4%83%93%98u/jvp4m/y\",\n          \"info\": \"'[]=\\\"\",\n          \"isSelectable\": true\n        }\n      }\n    }\n  },\n  {\n    \"title\": \"block sample 5\",\n    \"value\": {\n      \"name\": \"\\\"H\",\n      \"ay\": 1954,\n      \"match\": \"ZE7\",\n      \"satisfy\": \"M$aHaBp:\",\n      \"url\": \"https://v7mi9m40-w51-fmbikdl8c2sa0s5yhjkfsr9nt7.dmd2piw1p0sj6tj---8pu540bi1iugbq6pv0bk5o84yvig0h5yb0vps0pff.lklrlg//qW./$of%F1%98%B1%93q%F3%88%BA%8Fv_D\",\n      \"info\": \"\\\"T~r!#{\",\n      \"9yPuo64Pou\": {\n        \"name\": \"p:>'\",\n        \"ay\": 2004,\n        \"assign\": \"vcfd \",\n        \"match\": \"HUG5188P\",\n        \"satisfy\": \"?5J\\\\q$\",\n        \"url\": \"https://1t9chtkxbwv6i9s-x.ljdci/%F0%95%96%9FeOZ(y\",\n        \"info\": \"7$J\",\n        \"isSelectable\": true\n      },\n      \"H,v#\": {\n        \"ay\": 1997,\n        \"assign\": [\n          \"Mx`h33{%>{\",\n          \"\"\n        ],\n        \"match\": {\n          \"pattern\": \"STE4\",\n          \"exclude\": \"TTH455*\"\n        },\n        \"satisfy\": [\n          {\n            \"mc\": \"<=73\"\n          },\n          \"ieS\",\n          {\n            \"or\": [\n              {\n                \"mc\": \">=132\"\n              },\n              {\n                \"mc\": \">=156\"\n              },\n              \"IFwZh*s\",\n              \"\"\n            ]\n          },\n          {\n            \"and\": [\n              {\n                \"or\": []\n              }\n            ]\n          }\n        ],\n        \"url\": \"http://rqiqwdu8-om9k1t28r1pwntqeae79m.64ccezbxorl-nws-pfwq020a3fueu6swxgra9mwnlk4vfqu46zapj.t.lwk90eirr2zsk6r9belsaje6itndkdvg1fkgrehcakl08ak.klu/C~/nvc;TG/Dww!4cbP*d/='/n()1(/O:\",\n        \"info\": \"%E\",\n        \"isSelectable\": true,\n        \"Arvt\": {\n          \"name\": \"&`lPLxOZ\",\n          \"assign\": \"+Y#v\",\n          \"match\": [],\n          \"satisfy\": \"irR\",\n          \"url\": \"https://z0z69pi1ce006hd7hlpx4.m41v6xp6greie9r4qr2mghp1gwmbqq.3.dnvjhfrchn/CzTi/+A/6_x@.9%F1%AE%89%88tf_/&zh/2Pe//eRO/xwkCp)LS/~7nvl+7/%F2%B4%83%9AZa\",\n          \"isSelectable\": true\n        },\n        \"59vnf\": {\n          \"name\": \"4PM\",\n          \"ay\": 2013,\n          \"assign\": [\n            \"8yIvXy Z\"\n          ],\n          \"match\": {\n            \"and\": [\n              \"XOW4K\",\n              {\n                \"and\": [\n                  {\n                    \"and\": [\n                      \"JJ5*7D\",\n                      {\n                        \"pattern\": \"RAJ3\",\n                        \"exclude\": [\n                          \"MPN0*Z\",\n                          \"RB7\"\n                        ],\n                        \"info\": \"5t\"\n                      },\n                      \"ZI3198\"\n                    ]\n                  }\n                ]\n              },\n              {\n                \"and\": [\n                  \"TNx6Y\",\n                  \"XUAx108V\",\n                  {\n                    \"pattern\": \"UDJ207E\",\n                    \"exclude\": \"EO5630P\",\n                    \"info\": \":(gC\"\n                  },\n                  \"QJZ6*x\"\n                ]\n              }\n            ]\n          },\n          \"satisfy\": [\n            {\n              \"mc\": \">=92\"\n            },\n            {\n              \"and\": []\n            },\n            {\n              \"mc\": \"<=79\"\n            }\n          ],\n          \"url\": \"https://4u1rf-e3ze9kkq5oqy9vmpz5t.gtakcw/%F2%90%B9%8Ep)Rn5re/j06/N/Oi/GQP8tSrtZ/C%F1%99%97%949n(z\",\n          \"info\": \"a\",\n          \"isSelectable\": true\n        },\n        \"\": {\n          \"name\": \"\",\n          \"ay\": 1959,\n          \"assign\": \"`P=C\",\n          \"match\": [\n            {\n              \"or\": [\n                {\n                  \"or\": [\n                    {\n                      \"and\": [\n                        \"TJT66P\",\n                        {\n                          \"and\": [\n                            \"UV89\",\n                            \"WGX9*0xF\"\n                          ]\n                        },\n                        {\n                          \"or\": [\n                            {\n                              \"pattern\": \"VB015P\",\n                              \"exclude\": [],\n                              \"info\": \"!\\\\\"\n                            },\n                            \"TS*X\",\n                            {\n                              \"and\": [\n                                \"LTR0150\",\n                                \"QV3\"\n                              ]\n                            },\n                            \"TQ54L\"\n                          ]\n                        },\n                        \"OT7156\"\n                      ]\n                    },\n                    \"CV81I\"\n                  ]\n                },\n                {\n                  \"or\": []\n                },\n                \"DOL016M\"\n              ]\n            },\n            {\n              \"and\": []\n            }\n          ],\n          \"satisfy\": {\n            \"and\": [\n              \"WCI\",\n              {\n                \"or\": [\n                  \"fB\",\n                  {\n                    \"and\": [\n                      \"KPBOjL'N\",\n                      \"hNVP}\",\n                      {\n                        \"mc\": \"<=9\"\n                      }\n                    ]\n                  },\n                  \"(r\",\n                  \"lKTF_X^0z\",\n                  \"\"\n                ]\n              },\n              {\n                \"mc\": \"<=149\"\n              },\n              \"8mxE3~*w\",\n              {\n                \"mc\": \"<=140\"\n              }\n            ]\n          },\n          \"info\": \"!aAOZ2\",\n          \"isSelectable\": true\n        },\n        \"u~vUXh4@L_\": {\n          \"name\": \"`mP\",\n          \"ay\": 2000,\n          \"assign\": \"1\",\n          \"match\": {\n            \"pattern\": \"YWBxx27\",\n            \"info\": \"D><aOXrX\"\n          },\n          \"satisfy\": {\n            \"mc\": \">=72\"\n          },\n          \"info\": \"$6B{&y\",\n          \"isSelectable\": true,\n          \"\": {\n            \"name\": \"0u#kp)@\",\n            \"ay\": 2003,\n            \"assign\": \"eEP?\",\n            \"match\": [\n              {\n                \"pattern\": \"GPx\",\n                \"exclude\": \"CUA1\"\n              }\n            ],\n            \"satisfy\": {\n              \"and\": [\n                {\n                  \"and\": [\n                    \"; \"\n                  ]\n                }\n              ]\n            },\n            \"url\": \"https://lp3ac10tmx283ozabxuurhh2j6yl8dgvb5k-6xbtoehlzm87tc9ay.vs.agqnazravm/W0/6,/QwLn~=PE%F3%84%B1%97/4JEsk06;h%F2%B1%B1%A5\",\n            \"info\": \"U+&(\",\n            \"isSelectable\": true\n          }\n        },\n        \"L#|x#\": {\n          \"name\": \"ob0^z(\",\n          \"assign\": \"EWxsfyj;^\",\n          \"match\": {\n            \"and\": [\n              {\n                \"pattern\": \"PFx90xS\",\n                \"exclude\": \"CZ461E\"\n              },\n              \"CH7H\",\n              {\n                \"pattern\": \"GDP602\",\n                \"exclude\": [],\n                \"info\": \"Y9ng[<KKY%\"\n              },\n              {\n                \"or\": []\n              },\n              {\n                \"or\": [\n                  \"TGE53x7T\",\n                  \"QTZ8998\",\n                  \"CL970*P\",\n                  \"PNV*x06K\"\n                ]\n              }\n            ]\n          },\n          \"satisfy\": [\n            {\n              \"or\": [\n                {\n                  \"mc\": \"<=149\"\n                },\n                {\n                  \"and\": [\n                    \"nu4a{~H=O\",\n                    {\n                      \"and\": [\n                        \";/`CKhzyg\",\n                        \"\\\\0R\",\n                        {\n                          \"mc\": \">=32\"\n                        },\n                        {\n                          \"mc\": \"<=124\"\n                        },\n                        \"_l]\"\n                      ]\n                    },\n                    {\n                      \"mc\": \"<=134\"\n                    }\n                  ]\n                },\n                {\n                  \"and\": [\n                    \"9,>Lx-+UvR\",\n                    \"H6%?X-S\",\n                    {\n                      \"and\": [\n                        \"\",\n                        \"{`-<m2E\"\n                      ]\n                    },\n                    {\n                      \"and\": []\n                    },\n                    \"iB1{+BU>\"\n                  ]\n                },\n                {\n                  \"or\": [\n                    \"$#m_e\"\n                  ]\n                },\n                {\n                  \"or\": [\n                    \"&=P6(C\",\n                    {\n                      \"and\": [\n                        \"5\",\n                        \"['~\",\n                        \"b[n\",\n                        \"6_3g\",\n                        \"&%*>]\"\n                      ]\n                    },\n                    {\n                      \"and\": [\n                        \"J\",\n                        {\n                          \"and\": [\n                            {\n                              \"and\": [\n                                {\n                                  \"mc\": \">=141\"\n                                }\n                              ]\n                            },\n                            {\n                              \"and\": [\n                                \"bFgT^\"\n                              ]\n                            }\n                          ]\n                        }\n                      ]\n                    },\n                    {\n                      \"and\": [\n                        {\n                          \"or\": [\n                            {\n                              \"mc\": \"<=122\"\n                            },\n                            \"LO2L]\",\n                            \"~QU[?\"\n                          ]\n                        },\n                        {\n                          \"or\": [\n                            \"==\",\n                            \"OMB/\\\\$AkA\",\n                            {\n                              \"mc\": \">=96\"\n                            },\n                            {\n                              \"and\": [\n                                \")j5a`j\",\n                                {\n                                  \"and\": [\n                                    \"vF|Az{\",\n                                    \"b:{18Eu!6\",\n                                    \"t+8i:4\",\n                                    \"F\",\n                                    {\n                                      \"mc\": \"<=26\"\n                                    }\n                                  ]\n                                },\n                                \"N@GsH\",\n                                \"kGRzB{\",\n                                \"\"\n                              ]\n                            }\n                          ]\n                        },\n                        \"8'Sx&?~r`\",\n                        {\n                          \"or\": [\n                            \"Z*%\",\n                            {\n                              \"and\": [\n                                \"I\",\n                                \"c1_E)v\"\n                              ]\n                            },\n                            \"(c6\",\n                            \"n-B%\",\n                            \"+\\\"Jm#3@YC>\"\n                          ]\n                        }\n                      ]\n                    }\n                  ]\n                }\n              ]\n            }\n          ],\n          \"url\": \"http://d.rlugz04pasdbp1282uj5ewp7ku4jx4lgtbxhbx63jptqla99vcz3kfihexpyjk.zg4h2si0nfg8p4loat-3gbw8t0p3b8bpd417hllrv8vjg2vu2nqy6sdr.t.zwlwrklqtqkrq0r6d41-37ae7v3v7ns2xcempd8frj5z1k3u55d8qeg1enxc.rl/%F1%8C%BD%85//N7,ODJ=/'1r)AsK%F1%B9%87%818/0:n/M/M!)DAhe@(/fxnO\",\n          \"info\": \"NP`)|1x/\",\n          \"isSelectable\": true\n        }\n      },\n      \"83B}YdV\": {\n        \"name\": \"-_lH'w(\",\n        \"assign\": \"X-\",\n        \"match\": [\n          {\n            \"pattern\": \"GA6\",\n            \"exclude\": \"BLX00D\",\n            \"info\": \"81Hq:G{\"\n          },\n          {\n            \"and\": [\n              {\n                \"and\": [\n                  {\n                    \"pattern\": \"AEH0R\",\n                    \"info\": \"[;\"\n                  },\n                  {\n                    \"or\": []\n                  }\n                ]\n              }\n            ]\n          },\n          \"CUx1\",\n          {\n            \"and\": [\n              {\n                \"pattern\": \"ARJ158X\",\n                \"exclude\": [\n                  \"XTB*\",\n                  \"QMx*3C\",\n                  \"XAQ17S\",\n                  \"YX7R\",\n                  \"ES688\"\n                ],\n                \"info\": \"\"\n              },\n              {\n                \"and\": [\n                  \"NFH96xG\",\n                  \"RTx268\",\n                  {\n                    \"or\": [\n                      \"ZV3889\"\n                    ]\n                  },\n                  {\n                    \"and\": [\n                      \"TSVx36\",\n                      {\n                        \"pattern\": \"IR9\",\n                        \"exclude\": [],\n                        \"info\": \"+%$k\"\n                      },\n                      \"XE0833P\"\n                    ]\n                  },\n                  \"CSE16\"\n                ]\n              },\n              {\n                \"or\": []\n              }\n            ]\n          }\n        ],\n        \"url\": \"https://ip0.p0dox0obthc0pn5wu.c7jgpjehmx5rpl-q58fo03omi422uzlr235p-z4mlbhdv.nuq\",\n        \"info\": \"NhIw+>9\",\n        \"isSelectable\": true,\n        \"y QI5c\": {\n          \"name\": \"gaC6;Ysza\",\n          \"ay\": 2003,\n          \"assign\": [\n            \"\",\n            \"`U}{x B=},\",\n            \"\",\n            \"\",\n            \"cI\"\n          ],\n          \"info\": \"r\\\\zqTu7<\"\n        }\n      },\n      \"VqK\": {\n        \"name\": \"<b}oP\",\n        \"ay\": 2028,\n        \"assign\": \"\\\\/s]P\",\n        \"match\": {\n          \"or\": [\n            {\n              \"and\": [\n                {\n                  \"or\": [\n                    \"ORN5D\",\n                    \"EWF41\"\n                  ]\n                },\n                \"UWQ3I\",\n                {\n                  \"pattern\": \"VA6N\",\n                  \"info\": \"(%M3\"\n                },\n                \"SA235B\"\n              ]\n            },\n            \"FE7N\",\n            \"QEK40T\",\n            {\n              \"or\": [\n                {\n                  \"pattern\": \"SB1I\",\n                  \"exclude\": \"SI39x2J\",\n                  \"info\": \"'@{`VO`\"\n                },\n                \"IJB74D\",\n                \"LUxx\",\n                {\n                  \"and\": []\n                }\n              ]\n            },\n            \"TF95Q\"\n          ]\n        },\n        \"satisfy\": \"q_vlLAoO\",\n        \"url\": \"http://en4tw6o9np6t-zybiaj58dxbcqubk7jx6nz1vf5fkoba2qxymnn-t804j8.ztbrsuwsogse1qq1.e20t-45ofvcyyeb9v96y41bg-wz3sd1.gncenoaop//uBH//dJf%F0%9C%B0%81u/GiNj8v-Z/9'nV-w/LD*ful/hX7hSlEG/*U2\",\n        \"info\": \"J Bi\",\n        \"isSelectable\": true\n      }\n    }\n  },\n  {\n    \"title\": \"block sample 6\",\n    \"value\": {\n      \"name\": \"\",\n      \"ay\": 1956,\n      \"match\": \"VR8\",\n      \"satisfy\": [\n        {\n          \"or\": [\n            \"\",\n            {\n              \"or\": [\n                {\n                  \"and\": [\n                    \"\",\n                    {\n                      \"and\": [\n                        \" p^\",\n                        \"sigCFll{\",\n                        {\n                          \"and\": [\n                            \"3)t_xz\",\n                            \":cW,\\\\!r8\",\n                            \"mHbI~Ljh\",\n                            \"9uK_lK+k\",\n                            \"Iw\"\n                          ]\n                        },\n                        \"Z-7K\",\n                        \"q4eEo0xN\"\n                      ]\n                    },\n                    \"ke0C7_s\",\n                    \",OT,JtM*\",\n                    \"~CBxzR?dx!\"\n                  ]\n                },\n                \"]b8=cQL\",\n                {\n                  \"and\": [\n                    {\n                      \"mc\": \">=173\"\n                    },\n                    \"o\",\n                    {\n                      \"and\": [\n                        {\n                          \"and\": [\n                            \">my-m\"\n                          ]\n                        },\n                        \"Pm{\",\n                        \"J?tW9:i\"\n                      ]\n                    },\n                    {\n                      \"mc\": \">=115\"\n                    },\n                    \"%%$9VplPv\"\n                  ]\n                },\n                \"8G2\"\n              ]\n            }\n          ]\n        }\n      ],\n      \"url\": \"https://y7mp6zr6x250ahkytuoosjy07aakm7ql7.y6d2viwtuuwfsx617shpt14whuzo5vm4jtwapnwtyet1br6q23uajxub3wr9l.uqfjbeqy328wk22l4gxa87upbjoq8g.16ryrgt5tqxnl30wikogghsyae9.mfqdyzln/8T%F0%BD%AE%AEErg/-n+/us/cE/7xEfGZa//%F2%8D%AC%ACX@S*Y%F3%A0%B9%B9J/%F3%BC%8B%84\",\n      \"info\": \"Mprjh\",\n      \"\": {\n        \"name\": \"scY\",\n        \"ay\": 2015,\n        \"assign\": \"KCoQ7 SI\",\n        \"satisfy\": {\n          \"or\": [\n            {\n              \"mc\": \"<=19\"\n            },\n            {\n              \"or\": [\n                \"U<,}=y{q/\",\n                \"wE^06/iy\",\n                {\n                  \"and\": [\n                    \"W{8m/F\",\n                    {\n                      \"or\": []\n                    },\n                    \"H9RfE6\",\n                    {\n                      \"or\": [\n                        \"-@@HV'/,\",\n                        \"4WD;E0P\\\"q\",\n                        \"\",\n                        \"G\",\n                        \"8zt;+zGR\"\n                      ]\n                    }\n                  ]\n                },\n                {\n                  \"or\": [\n                    {\n                      \"and\": [\n                        \"BizdNybFo\",\n                        \"wRf<+7MuV\",\n                        \"y-#GCX 3D\"\n                      ]\n                    },\n                    {\n                      \"and\": [\n                        \"[%1~/m-\",\n                        \"-)h)x\"\n                      ]\n                    },\n                    {\n                      \"and\": [\n                        {\n                          \"mc\": \">=104\"\n                        },\n                        \"O#%B8=Q+V\"\n                      ]\n                    },\n                    {\n                      \"or\": [\n                        \"\",\n                        \"k{eF#`M_0\",\n                        \"|0#E\",\n                        \"+f7!4{\"\n                      ]\n                    }\n                  ]\n                },\n                {\n                  \"mc\": \">=1\"\n                }\n              ]\n            },\n            {\n              \"and\": [\n                \"[}MC%XaGn\",\n                {\n                  \"or\": [\n                    \"4$gEnF>jy\",\n                    {\n                      \"or\": [\n                        {\n                          \"and\": [\n                            {\n                              \"and\": [\n                                \"\",\n                                {\n                                  \"and\": [\n                                    \"v.Ak#r9KM\"\n                                  ]\n                                }\n                              ]\n                            },\n                            \"V2o|ld?HOK\",\n                            \"HW$irb?.m[\",\n                            \"Yw\"\n                          ]\n                        },\n                        \"08.u`= \",\n                        \"rw&i3\",\n                        {\n                          \"and\": [\n                            \"K-\\\\:$!+\"\n                          ]\n                        }\n                      ]\n                    },\n                    \"d&\\\\-&3l\\\\M\"\n                  ]\n                },\n                \"010`v\",\n                \"5r>1|r#C\",\n                {\n                  \"and\": []\n                }\n              ]\n            }\n          ]\n        },\n        \"url\": \"https://2dtfrzyisoq2k3he8co4rs5d23r9arr.ygtjqvvp.l.70okm82n5zbp-v38.k-394vg5z3l5nlti-w2pvzurzwwe3nwvijknx6ky1nohybm3u.vy/Xbon\",\n        \"info\": \"Oql}\",\n        \"isSelectable\": true,\n        \"1dh})Q\": {\n          \"ay\": 1985,\n          \"assign\": \"t/B.EF&UN\",\n          \"match\": [\n            {\n              \"or\": [\n                {\n                  \"or\": []\n                },\n                \"GB351X\"\n              ]\n            },\n            {\n              \"and\": [\n                {\n                  \"or\": [\n                    {\n                      \"or\": [\n                        {\n                          \"or\": [\n                            \"OQ411\",\n                            \"SX437x\",\n                            \"NR9U\"\n                          ]\n                        },\n                        {\n                          \"pattern\": \"GQO291D\",\n                          \"exclude\": \"VT*P\",\n                          \"info\": \"GHE)u3'g+A\"\n                        },\n                        \"HW7xZ\",\n                        {\n                          \"pattern\": \"YM587K\",\n                          \"exclude\": \"MW*8\"\n                        }\n                      ]\n                    },\n                    {\n                      \"and\": [\n                        {\n                          \"and\": [\n                            {\n                              \"and\": [\n                                \"FN51X\",\n                                \"KG592D\",\n                                \"LHW233A\",\n                                \"IJ3*G\",\n                                \"EGJ52\"\n                              ]\n                            },\n                            \"FB3\",\n                            \"FD27P\"\n                          ]\n                        },\n                        {\n                          \"and\": [\n                            {\n                              \"and\": [\n                                \"BSR*76\",\n                                \"ULJ73\"\n                              ]\n                            },\n                            \"VLL5258P\"\n                          ]\n                        },\n                        \"BSX663\",\n                        \"HC492\"\n                      ]\n                    },\n                    {\n                      \"and\": [\n                        \"NJ8U\",\n                        \"CXD3S\"\n                      ]\n                    },\n                    {\n                      \"pattern\": \"OOA0I\",\n                      \"exclude\": [],\n                      \"info\": \"qC,\"\n                    },\n                    {\n                      \"and\": [\n                        {\n                          \"and\": []\n                        },\n                        {\n                          \"pattern\": \"SZR*9xM\",\n                          \"exclude\": [\n                            \"OO7\",\n                            \"RFI773\",\n                            \"QF454*X\",\n                            \"WON1\"\n                          ],\n                          \"info\": \"\"\n                        },\n                        \"AP110\"\n                      ]\n                    }\n                  ]\n                },\n                \"OJC41\"\n              ]\n            },\n            {\n              \"pattern\": \"GT57\",\n              \"exclude\": \"YBXx\",\n              \"info\": \" >VmV69P\"\n            },\n            {\n              \"or\": [\n                {\n                  \"and\": [\n                    \"FN1494N\",\n                    {\n                      \"pattern\": \"UP2x5D\",\n                      \"exclude\": \"STx6x2\",\n                      \"info\": \"K9]d@Jb0\"\n                    }\n                  ]\n                }\n              ]\n            }\n          ],\n          \"satisfy\": [\n            {\n              \"and\": [\n                \"v4C\",\n                {\n                  \"and\": [\n                    \"j,R98c\\\"$V \",\n                    \"JIEb\"\n                  ]\n                }\n              ]\n            },\n            {\n              \"and\": [\n                {\n                  \"or\": [\n                    {\n                      \"and\": [\n                        \"_cMvm8md\",\n                        \".SM4q)iJ\"\n                      ]\n                    }\n                  ]\n                },\n                \"~fzsM+\",\n                {\n                  \"and\": [\n                    {\n                      \"and\": [\n                        \"fbOgfOd\",\n                        \"qda\"\n                      ]\n                    },\n                    {\n                      \"and\": [\n                        \"C#MZG\\\\vz\"\n                      ]\n                    }\n                  ]\n                }\n              ]\n            },\n            {\n              \"mc\": \">=118\"\n            },\n            {\n              \"or\": [\n                {\n                  \"mc\": \"<=115\"\n                }\n              ]\n            },\n            {\n              \"and\": [\n                \"3a\\\"2[DAA\",\n                \"3ky$T>Y\",\n                {\n                  \"and\": [\n                    {\n                      \"and\": [\n                        {\n                          \"mc\": \">=85\"\n                        },\n                        \"\",\n                        \"M\",\n                        \"uJ.(,@3p1\",\n                        \"\"\n                      ]\n                    },\n                    \"2\",\n                    \"->5)T\",\n                    \"%tr\",\n                    \"I!M-CWY@\"\n                  ]\n                },\n                {\n                  \"or\": [\n                    \"[h3a/vM\\\"E\",\n                    {\n                      \"and\": [\n                        {\n                          \"and\": [\n                            \"\"\n                          ]\n                        },\n                        \"<+~4}R m\",\n                        \"hXA>2+vpw\"\n                      ]\n                    }\n                  ]\n                },\n                {\n                  \"or\": [\n                    \"%0x+Wjr1\",\n                    {\n                      \"mc\": \"<=34\"\n                    },\n                    {\n                      \"or\": []\n                    }\n                  ]\n                }\n              ]\n            }\n          ],\n          \"url\": \"http://otasbxf7cizx9laui75h7eyibd106bdgmxrlagccvk2fy85j66gwzq964m95oi.3svgsgjc1gfz1fazh90hy5e1tfoz.ytdloowbt8xxo33bvqxkd56rr4btmc6vp0axm0h4f1k81w.s.q8-ki9j31v80244-m9trzvdhnm6fz.yy/;fJ%F0%A5%A8%A7cBpdS%F1%A4%AC%8E//=YCJ)-%F0%9F%B9%9COy/M/h9r%F2%B6%A9%AA_FIe%F1%92%83%B0/Odz/_,9JR4rYW/q\",\n          \"info\": \"b}\",\n          \"isSelectable\": true\n        },\n        \"P4`~iM1T\": {\n          \"name\": \"\",\n          \"ay\": 1995,\n          \"satisfy\": \"V|lRR5\\\"HC\\\"\",\n          \"url\": \"http://pw8-6.ry/ta\",\n          \"info\": \"=JrIw/:5f\",\n          \"isSelectable\": true\n        },\n        \"lYf:e +8\": {\n          \"name\": \"\",\n          \"ay\": 1951,\n          \"satisfy\": [],\n          \"url\": \"https://r.k.lkrvagcgyk/k%F3%A8%BF%B93a(n/$ue%F2%86%96%A2)B/j/pa8/%F1%91%8D%A8a_cB30/=t5S%F2%82%A8%899b(-/%F3%91%85%93s~Iy(H/IP1%F1%8E%90%A0T&auS/sqnM/5=Pb0\",\n          \"isSelectable\": true,\n          \"tF2\\\\M\": {\n            \"ay\": 1959,\n            \"assign\": \"+ elqW#iP\",\n            \"match\": \"ZD3L\",\n            \"satisfy\": {\n              \"and\": [\n                \"F\"\n              ]\n            },\n            \"url\": \"https://d.g.q5.mh25c91518t-l.482-u5ge2r.ibbncfu/PZx)/9F7NK)apm/%F3%A9%84%9B.:/eKPa%F2%93%AB%8E6OHG/i&Wn'/O6/dB%F0%B3%9D%9BD\",\n            \"info\": \"9\\\"6 C\"\n          },\n          \"Y[\": {\n            \"name\": \"Abl\",\n            \"ay\": 2022,\n            \"assign\": [\n              \"*KaaS\",\n              \"!X=#l\"\n            ],\n            \"match\": {\n              \"or\": [\n                {\n                  \"pattern\": \"JM*x2A\",\n                  \"exclude\": \"AD018\",\n                  \"info\": \"7ME7|Y+V\"\n                },\n                {\n                  \"or\": [\n                    \"ZY73L\"\n                  ]\n                },\n                {\n                  \"and\": []\n                },\n                {\n                  \"or\": [\n                    {\n                      \"or\": [\n                        \"XW0\"\n                      ]\n                    },\n                    \"BIH2J\"\n                  ]\n                }\n              ]\n            },\n            \"url\": \"https://4xwsf.aieb/E8S6/@RFhOZOe(@/WU%F0%96%AF%86jdaFC/HA\",\n            \"isSelectable\": true,\n            \"Qgn\": {\n              \"name\": \"t2\",\n              \"ay\": 1988,\n              \"assign\": \"oa @0pFMt\",\n              \"match\": [],\n              \"satisfy\": [],\n              \"url\": \"https://tl6eiud1kb1-nqgv46ogjsvwzldfg5ttf2w38a5rzqqi1z6la88fktbxi.0jm6-k0v.trhpmsmujdw1rx-wvra2iq82-cpqayl1v9b3ghb-dr.rcqnbyci.agjqas/zN,Q@bRh%F0%AB%A3%BC/7mZiy///lC%F3%A9%B1%96kV%F1%86%A8%B743)/g.h4/'uO-1G%E9%A0%BE.o4/UU\",\n              \"info\": \"T\",\n              \"isSelectable\": true,\n              \"A\": {\n                \"name\": \"\\\\>\",\n                \"assign\": [\n                  \"zz\",\n                  \"@9\",\n                  \"u7}\",\n                  \"sckgMN>@Q\"\n                ],\n                \"match\": [\n                  \"AVG44P\",\n                  {\n                    \"pattern\": \"TPU6658W\",\n                    \"exclude\": [\n                      \"NDN336M\",\n                      \"QO5G\",\n                      \"WHN5W\"\n                    ],\n                    \"info\": \"U.7G)>,/\"\n                  }\n                ],\n                \"satisfy\": [\n                  {\n                    \"mc\": \"<=153\"\n                  },\n                  {\n                    \"or\": []\n                  }\n                ],\n                \"url\": \"https://8.29uutjpan108c6n265jio9u4ocgyw1tpvsb5qife319h9v1x0s6xu16.r.hyeksod/Zj%F1%BB%8B%A5OgBVD+\",\n                \"info\": \"4!Z4U92Z9\"\n              },\n              \"rKe8ih;\": {\n                \"name\": \"1PKL_QuEl\",\n                \"ay\": 1962,\n                \"assign\": \"F}Pqwj5AqT\",\n                \"match\": [\n                  \"VDx40\",\n                  {\n                    \"and\": []\n                  }\n                ],\n                \"satisfy\": [],\n                \"url\": \"http://o7gg9gaykdtv8c8pefbqdlem.yl76la4afrlhk43awrt1cod9cun3w4.v.e.8gtsskpi0a-0q66cq4819fdif7wtn20s0yxu6hzsampye50gkrstn.nrdks/oq/o8nU%F2%A8%93%9BQ/z3hB_@/(f%F2%A0%93%BF%F0%9A%85%B8:/@i%F3%9C%A2%A5hj/z-SWAgCH%F2%AE%B7%A8./KgH7Rm_/BWE1C\",\n                \"info\": \"{{1pdKCY^f\",\n                \"isSelectable\": true\n              },\n              \"+rEYQqLq\": {\n                \"ay\": 2014,\n                \"assign\": [\n                  \"Yn-p<.#]n\",\n                  \"o/KYF>A\",\n                  \"p(r\"\n                ],\n                \"match\": [\n                  {\n                    \"pattern\": \"AYJ249K\",\n                    \"exclude\": [\n                      \"AJ38x3I\"\n                    ],\n                    \"info\": \"cCs<I:{H\"\n                  },\n                  {\n                    \"and\": [\n                      {\n                        \"or\": [\n                          {\n                            \"or\": [\n                              \"YJ78M\",\n                              \"YST83\"\n                            ]\n                          },\n                          \"THx53V\"\n                        ]\n                      },\n                      {\n                        \"or\": []\n                      }\n                    ]\n                  },\n                  {\n                    \"or\": []\n                  },\n                  {\n                    \"or\": [\n                      {\n                        \"and\": [\n                          {\n                            \"or\": [\n                              \"OH64\",\n                              {\n                                \"pattern\": \"MBN3x7*L\",\n                                \"info\": \"Cl'V?c*@p\"\n                              }\n                            ]\n                          },\n                          \"YAY6\",\n                          {\n                            \"pattern\": \"BPJ1140\",\n                            \"exclude\": \"VCW9*\",\n                            \"info\": \"O6\"\n                          }\n                        ]\n                      }\n                    ]\n                  }\n                ],\n                \"satisfy\": {\n                  \"and\": [\n                    {\n                      \"mc\": \"<=131\"\n                    },\n                    {\n                      \"or\": [\n                        {\n                          \"and\": [\n                            \"Z_.k`\",\n                            {\n                              \"or\": [\n                                \"^CsB^q\"\n                              ]\n                            },\n                            {\n                              \"or\": []\n                            }\n                          ]\n                        },\n                        {\n                          \"and\": [\n                            \"|prL@i\",\n                            \"f>qT\",\n                            \"#W*KVunq(7\"\n                          ]\n                        },\n                        {\n                          \"mc\": \">=150\"\n                        },\n                        {\n                          \"and\": []\n                        }\n                      ]\n                    },\n                    \"ok[;c'Z86\",\n                    {\n                      \"and\": [\n                        {\n                          \"and\": [\n                            \"~Q8sTB$P\",\n                            {\n                              \"or\": [\n                                \"1y\",\n                                \"\\\"0FaSX%M\"\n                              ]\n                            },\n                            \"vYvDG,A*\",\n                            \"z0&V^#~BTk\",\n                            \">q\"\n                          ]\n                        }\n                      ]\n                    }\n                  ]\n                },\n                \"info\": \"Tl2i,kj\",\n                \"isSelectable\": true\n              },\n              \"[sqd.Z:+T^\": {\n                \"name\": \"k= n+#W-- \",\n                \"assign\": \"\\\"\",\n                \"match\": [\n                  {\n                    \"or\": []\n                  },\n                  {\n                    \"or\": [\n                      {\n                        \"pattern\": \"KAU2U\",\n                        \"info\": \"]6\"\n                      },\n                      {\n                        \"pattern\": \"ME*\",\n                        \"exclude\": [\n                          \"ZC6E\",\n                          \"DVF*0X\",\n                          \"LK9*\",\n                          \"TQM7Z\",\n                          \"NDA*\"\n                        ],\n                        \"info\": \"bjUE\"\n                      }\n                    ]\n                  },\n                  {\n                    \"pattern\": \"FN6\",\n                    \"info\": \"rHpFV0$\"\n                  },\n                  {\n                    \"and\": [\n                      {\n                        \"pattern\": \"AB6\",\n                        \"exclude\": [\n                          \"MD*93\",\n                          \"OE9H\",\n                          \"FFx3*G\"\n                        ],\n                        \"info\": \"UL\\\"z%P[\"\n                      },\n                      {\n                        \"or\": [\n                          \"JQ21xA\",\n                          \"NI47\",\n                          \"WO6x05\",\n                          {\n                            \"or\": [\n                              {\n                                \"and\": []\n                              }\n                            ]\n                          },\n                          {\n                            \"or\": [\n                              {\n                                \"or\": [\n                                  \"CLT786\"\n                                ]\n                              }\n                            ]\n                          }\n                        ]\n                      },\n                      {\n                        \"and\": [\n                          {\n                            \"pattern\": \"ENC543xB\",\n                            \"exclude\": [\n                              \"IPW188P\"\n                            ],\n                            \"info\": \"]Y`\"\n                          }\n                        ]\n                      },\n                      \"PC6S\",\n                      {\n                        \"and\": [\n                          {\n                            \"or\": [\n                              {\n                                \"and\": [\n                                  {\n                                    \"or\": [\n                                      \"ZP676x\",\n                                      \"NO67\"\n                                    ]\n                                  },\n                                  {\n                                    \"pattern\": \"NVO0\",\n                                    \"exclude\": [\n                                      \"FQO954*A\",\n                                      \"ZYOx2X\",\n                                      \"LGP*4\",\n                                      \"VW6\",\n                                      \"FL15*\"\n                                    ],\n                                    \"info\": \"\\\\w5\"\n                                  },\n                                  \"GO43\"\n                                ]\n                              },\n                              \"UGE29*O\"\n                            ]\n                          },\n                          {\n                            \"pattern\": \"NEDx6V\",\n                            \"exclude\": [\n                              \"FZ3\",\n                              \"QCL42\"\n                           
[...]
              "timedOut": false,
              "duration": 1,
              "state": "passed",
              "speed": "fast",
              "pass": true,
              "fail": false,
              "pending": false,
              "context": null,
              "code": "const satisfier = (0, satisfiers_1.inequalitySatisfier)(ref, \"<=32\");\nsatisfier.should.have.property(\"filter\");\nconst { filter } = satisfier;\nisCorrectFilter(filter, modulesList1, modulesList1.map(([moduleStr]) => moduleStr));",
              "err": {},
              "uuid": "bd319a33-55e9-48b3-994e-91ca9b24a956",
              "parentUUID": "167a4063-e59a-4645-8879-808c8d4ebff9",
              "isHook": false,
              "skipped": false
            },
            {
              "title": "should truncate list of modules with upper bound of MCs at exact cutoff if total MC count is higher and there exists some starting sequence with exact MC count",
              "fullTitle": "inequalitySatisfier should truncate list of modules with upper bound of MCs at exact cutoff if total MC count is higher and there exists some starting sequence with exact MC count",
              "timedOut": false,
              "duration": 0,
              "state": "passed",
              "speed": "fast",
              "pass": true,
              "fail": false,
              "pending": false,
              "context": null,
              "code": "const satisfier = (0, satisfiers_1.inequalitySatisfier)(ref, \"<=16\");\nsatisfier.should.have.property(\"filter\");\nconst { filter } = satisfier;\nisCorrectFilter(filter, modulesList1, [\n    \"CS2100\",\n    \"GER1000\",\n    \"CS2040S\",\n    \"ST2131\",\n]);",
              "err": {},
              "uuid": "677b8d16-bff5-416e-8226-5e6ca7f01dcd",
              "parentUUID": "167a4063-e59a-4645-8879-808c8d4ebff9",
              "isHook": false,
              "skipped": false
            },
            {
              "title": "should truncate list of modules with upper bound of MCs, cutting off at the minimum starting sequence that exceeds upper bound, if total MC count is higher and there exists no starting sequence with exact MC count",
              "fullTitle": "inequalitySatisfier should truncate list of modules with upper bound of MCs, cutting off at the minimum starting sequence that exceeds upper bound, if total MC count is higher and there exists no starting sequence with exact MC count",
              "timedOut": false,
              "duration": 0,
              "state": "passed",
              "speed": "fast",
              "pass": true,
              "fail": false,
              "pending": false,
              "context": null,
              "code": "const satisfier = (0, satisfiers_1.inequalitySatisfier)(ref, \"<=17\");\nsatisfier.should.have.property(\"filter\");\nconst { filter } = satisfier;\nisCorrectFilter(filter, modulesList1, [\n    \"CS2100\",\n    \"GER1000\",\n    \"CS2040S\",\n    \"ST2131\",\n    \"MA1521\",\n]);",
              "err": {},
              "uuid": "1951a131-067a-4bed-a83e-f5f0c51ad607",
              "parentUUID": "167a4063-e59a-4645-8879-808c8d4ebff9",
              "isHook": false,
              "skipped": false
            }
          ],
          "suites": [],
          "passes": [
            "5baa45d6-429c-4ca9-865e-16151ac056c9",
            "ce175a28-7947-4218-ac07-11379d9306e0",
            "58310afc-2ed1-4af0-876d-2eaa17b5943d",
            "469cee28-5f67-4648-88ae-64b99a8ece23",
            "bd319a33-55e9-48b3-994e-91ca9b24a956",
            "677b8d16-bff5-416e-8226-5e6ca7f01dcd",
            "1951a131-067a-4bed-a83e-f5f0c51ad607"
          ],
          "failures": [],
          "pending": [],
          "skipped": [],
          "duration": 1,
          "root": false,
          "rootEmpty": false,
          "_timeout": 2000
        },
        {
          "uuid": "c61e08c7-a722-409d-87fb-d9a3c732e433",
          "title": "inequalitySchema",
          "fullFile": "/home/runner/work/planwithus-lib/planwithus-lib/src/satisfyRule/inequality/schemas.test.ts",
          "file": "/src/satisfyRule/inequality/schemas.test.ts",
          "beforeHooks": [],
          "afterHooks": [],
          "tests": [
            {
              "title": "should validate inequality in the form <=n or >=n",
              "fullTitle": "inequalitySchema should validate inequality in the form <=n or >=n",
              "timedOut": false,
              "duration": 1,
              "state": "passed",
              "speed": "fast",
              "pass": true,
              "fail": false,
              "pending": false,
              "context": "[\n  {\n    \"title\": \"inequality sample 0\",\n    \"value\": \">=186\"\n  },\n  {\n    \"title\": \"inequality sample 1\",\n    \"value\": \"<=140\"\n  },\n  {\n    \"title\": \"inequality sample 2\",\n    \"value\": \">=164\"\n  },\n  {\n    \"title\": \"inequality sample 3\",\n    \"value\": \">=178\"\n  },\n  {\n    \"title\": \"inequality sample 4\",\n    \"value\": \">=3\"\n  },\n  {\n    \"title\": \"inequality sample 5\",\n    \"value\": \">=197\"\n  },\n  {\n    \"title\": \"inequality sample 6\",\n    \"value\": \"<=8\"\n  },\n  {\n    \"title\": \"inequality sample 7\",\n    \"value\": \">=193\"\n  },\n  {\n    \"title\": \"inequality sample 8\",\n    \"value\": \">=197\"\n  },\n  {\n    \"title\": \"inequality sample 9\",\n    \"value\": \">=17\"\n  }\n]",
              "code": "(0, fast_check_1.sample)(index_test_2.inequality, 10).forEach((sample, i) => (0, addContext_1.default)(this, {\n    title: `inequality sample ${i}`,\n    value: sample,\n}));\nreturn (0, fast_check_1.assert)((0, fast_check_1.property)(index_test_2.inequality, ajvValidate));",
              "err": {},
              "uuid": "9f0dca9b-4673-4923-a26a-6101e47547e6",
              "parentUUID": "c61e08c7-a722-409d-87fb-d9a3c732e433",
              "isHook": false,
              "skipped": false
            },
            {
              "title": "should not validate inequality of invalid form",
              "fullTitle": "inequalitySchema should not validate inequality of invalid form",
              "timedOut": false,
              "duration": 1,
              "state": "passed",
              "speed": "fast",
              "pass": true,
              "fail": false,
              "pending": false,
              "context": null,
              "code": "[\n        \"\",\n        \"==23\",\n        \"23\",\n        \"<23\",\n        \">23\",\n        \"<=-1\",\n        \">=-1\",\n        \"<= 2\",\n        \">= 1\",\n        \"> 3\",\n        \"< 3\",\n        \"<=3a\",\n        \">=3a\",\n        \"a<=3\",\n        \"a>=3\",\n    ].forEach(isInvalidInequality)",
              "err": {},
              "uuid": "706f3584-fd2c-40ba-a3ae-644dd7ba4143",
              "parentUUID": "c61e08c7-a722-409d-87fb-d9a3c732e433",
              "isHook": false,
              "skipped": false
            }
          ],
          "suites": [],
          "passes": [
            "9f0dca9b-4673-4923-a26a-6101e47547e6",
            "706f3584-fd2c-40ba-a3ae-644dd7ba4143"
          ],
          "failures": [],
          "pending": [],
          "skipped": [],
          "duration": 2,
          "root": false,
          "rootEmpty": false,
          "_timeout": 2000
        },
        {
          "uuid": "d08c08e8-8511-467c-958e-d4ce6468406d",
          "title": "satisfyRuleSchema",
          "fullFile": "/home/runner/work/planwithus-lib/planwithus-lib/src/satisfyRule/schemas.test.ts",
          "file": "/src/satisfyRule/schemas.test.ts",
          "beforeHooks": [],
          "afterHooks": [],
          "tests": [
            {
              "title": "should validate satisfy rule with valid block id",
              "fullTitle": "satisfyRuleSchema should validate satisfy rule with valid block id",
              "timedOut": false,
              "duration": 1,
              "state": "passed",
              "speed": "fast",
              "pass": true,
              "fail": false,
              "pending": false,
              "context": null,
              "code": "0, fast_check_1.assert)((0, fast_check_1.property)((0, fast_check_1.string)(), ajvValidate)",
              "err": {},
              "uuid": "d00b70bc-10ae-4a31-8876-5a45e0bef189",
              "parentUUID": "d08c08e8-8511-467c-958e-d4ce6468406d",
              "isHook": false,
              "skipped": false
            },
            {
              "title": "should validate satisfy rules with valid mc",
              "fullTitle": "satisfyRuleSchema should validate satisfy rules with valid mc",
              "timedOut": false,
              "duration": 1,
              "state": "passed",
              "speed": "fast",
              "pass": true,
              "fail": false,
              "pending": false,
              "context": "[\n  {\n    \"title\": \"mcSatisfyRule sample 0\",\n    \"value\": {\n      \"mc\": \"<=4\"\n    }\n  },\n  {\n    \"title\": \"mcSatisfyRule sample 1\",\n    \"value\": {\n      \"mc\": \"<=188\"\n    }\n  },\n  {\n    \"title\": \"mcSatisfyRule sample 2\",\n    \"value\": {\n      \"mc\": \"<=167\"\n    }\n  },\n  {\n    \"title\": \"mcSatisfyRule sample 3\",\n    \"value\": {\n      \"mc\": \"<=193\"\n    }\n  },\n  {\n    \"title\": \"mcSatisfyRule sample 4\",\n    \"value\": {\n      \"mc\": \"<=5\"\n    }\n  },\n  {\n    \"title\": \"mcSatisfyRule sample 5\",\n    \"value\": {\n      \"mc\": \"<=136\"\n    }\n  },\n  {\n    \"title\": \"mcSatisfyRule sample 6\",\n    \"value\": {\n      \"mc\": \"<=7\"\n    }\n  },\n  {\n    \"title\": \"mcSatisfyRule sample 7\",\n    \"value\": {\n      \"mc\": \">=43\"\n    }\n  },\n  {\n    \"title\": \"mcSatisfyRule sample 8\",\n    \"value\": {\n      \"mc\": \">=198\"\n    }\n  },\n  {\n    \"title\": \"mcSatisfyRule sample 9\",\n    \"value\": {\n      \"mc\": \"<=48\"\n    }\n  }\n]",
              "code": "(0, fast_check_1.sample)(index_test_2.mcSatisfyRule, 10).forEach((sample, i) => (0, addContext_1.default)(this, {\n    title: `mcSatisfyRule sample ${i}`,\n    value: sample,\n}));\nreturn (0, fast_check_1.assert)((0, fast_check_1.property)(index_test_2.mcSatisfyRule, ajvValidate));",
              "err": {},
              "uuid": "cf264a56-c616-462b-b39d-26d67bb94704",
              "parentUUID": "d08c08e8-8511-467c-958e-d4ce6468406d",
              "isHook": false,
              "skipped": false
            },
            {
              "title": "should validate valid recursive satisfy rules",
              "fullTitle": "satisfyRuleSchema should validate valid recursive satisfy rules",
              "timedOut": false,
              "duration": 4,
              "state": "passed",
              "speed": "fast",
              "pass": true,
              "fail": false,
              "pending": false,
              "context": "[\n  {\n    \"title\": \"satisfyRule sample 0\",\n    \"value\": {\n      \"mc\": \"<=113\"\n    }\n  },\n  {\n    \"title\": \"satisfyRule sample 1\",\n    \"value\": \":q\"\n  },\n  {\n    \"title\": \"satisfyRule sample 2\",\n    \"value\": {\n      \"and\": [\n        {\n          \"or\": [\n            \"}Br\",\n            {\n              \"or\": [\n                \"]un<UNt5~M\"\n              ]\n            },\n            \"|\"\n          ]\n        },\n        {\n          \"and\": [\n            {\n              \"and\": [\n                {\n                  \"mc\": \">=120\"\n                },\n                \"Fv\\\"z]{\",\n                {\n                  \"and\": [\n                    \"p;m-},,vF\"\n                  ]\n                },\n                \"W:\"\n              ]\n            },\n            {\n              \"mc\": \">=19\"\n            },\n            {\n              \"and\": []\n            }\n          ]\n        },\n        {\n          \"mc\": \"<=8\"\n        },\n        \"\"\n      ]\n    }\n  },\n  {\n    \"title\": \"satisfyRule sample 3\",\n    \"value\": {\n      \"mc\": \">=7\"\n    }\n  },\n  {\n    \"title\": \"satisfyRule sample 4\",\n    \"value\": {\n      \"or\": [\n        {\n          \"and\": [\n            \"u3&~\",\n            {\n              \"or\": [\n                \"\",\n                \"cg\"\n              ]\n            },\n            {\n              \"or\": [\n                \"om\\\"S0v\",\n                \"eVmJCw\",\n                {\n                  \"and\": [\n                    \"\",\n                    \"kA('K\",\n                    \"F: \"\n                  ]\n                }\n              ]\n            },\n            \"&\",\n            \"\"\n          ]\n        }\n      ]\n    }\n  },\n  {\n    \"title\": \"satisfyRule sample 5\",\n    \"value\": {\n      \"or\": []\n    }\n  },\n  {\n    \"title\": \"satisfyRule sample 6\",\n    \"value\": \",#$!`\"\n  },\n  {\n    \"title\": \"satisfyRule sample 7\",\n    \"value\": \"0,m>QP?E\"\n  },\n  {\n    \"title\": \"satisfyRule sample 8\",\n    \"value\": {\n      \"mc\": \"<=183\"\n    }\n  },\n  {\n    \"title\": \"satisfyRule sample 9\",\n    \"value\": {\n      \"mc\": \">=4\"\n    }\n  }\n]",
              "code": "(0, fast_check_1.sample)(index_test_2.satisfyRule, 10).forEach((sample, i) => (0, addContext_1.default)(this, {\n    title: `satisfyRule sample ${i}`,\n    value: sample,\n}));\nreturn (0, fast_check_1.assert)((0, fast_check_1.property)(index_test_2.satisfyRule, ajvValidate));",
              "err": {},
              "uuid": "7813fa61-f19c-4495-8909-21e4384cceb1",
              "parentUUID": "d08c08e8-8511-467c-958e-d4ce6468406d",
              "isHook": false,
              "skipped": false
            },
            {
              "title": "should not validate non-string/object",
              "fullTitle": "satisfyRuleSchema should not validate non-string/object",
              "timedOut": false,
              "duration": 1,
              "state": "passed",
              "speed": "fast",
              "pass": true,
              "fail": false,
              "pending": false,
              "context": null,
              "code": "const error = {\n    instancePath: \"\",\n    message: \"satisfy rule should be either a string or an object\",\n};\nisInvalidRule(null, error);\nisInvalidRule(undefined, error);\nisInvalidRule(10, error);\nisInvalidRule([12, 24], error);",
              "err": {},
              "uuid": "650ff700-5d49-41ea-9ec2-5be82d976fac",
              "parentUUID": "d08c08e8-8511-467c-958e-d4ce6468406d",
              "isHook": false,
              "skipped": false
            },
            {
              "title": "should not validate satisfy rules with extra properties",
              "fullTitle": "satisfyRuleSchema should not validate satisfy rules with extra properties",
              "timedOut": false,
              "duration": 1,
              "state": "passed",
              "speed": "fast",
              "pass": true,
              "fail": false,
              "pending": false,
              "context": null,
              "code": "isInvalidRule({\n        and: [\n            { or: [\"2k\"], abc: \"def\" },\n            { mc: 8, ghi: \"jkl\" },\n        ],\n        mno: \"pqr\",\n    }, {\n        instancePath: \"/and/0\",\n        message: \"or satisfy rule should have property 'or' only\",\n    }, {\n        instancePath: \"/and/1\",\n        message: \"MC satisfy rule should have property 'mc' only\",\n    }, {\n        instancePath: \"\",\n        message: \"and satisfy rule should have property 'and' only\",\n    })",
              "err": {},
              "uuid": "6f6f7877-fb04-4d31-937b-2a5852f0bcf9",
              "parentUUID": "d08c08e8-8511-467c-958e-d4ce6468406d",
              "isHook": false,
              "skipped": false
            },
            {
              "title": "should not validate ambiguous satisfy rules",
              "fullTitle": "satisfyRuleSchema should not validate ambiguous satisfy rules",
              "timedOut": false,
              "duration": 0,
              "state": "passed",
              "speed": "fast",
              "pass": true,
              "fail": false,
              "pending": false,
              "context": null,
              "code": "const message = \"satisfy rule should have only one of properties 'mc', 'and', 'or'\";\nisInvalidRule({\n    or: [\n        { mc: 5, and: [\"CS2040\"] },\n        { and: [{ and: [\"abc\"], or: [\"def\"] }] },\n    ],\n}, { instancePath: \"/or/0\", message }, { instancePath: \"/or/1/and/0\", message });",
              "err": {},
              "uuid": "b759c781-ee3e-4928-904b-513af0636f6e",
              "parentUUID": "d08c08e8-8511-467c-958e-d4ce6468406d",
              "isHook": false,
              "skipped": false
            },
            {
              "title": "should not validate and satisfy rules with non-array property",
              "fullTitle": "satisfyRuleSchema should not validate and satisfy rules with non-array property",
              "timedOut": false,
              "duration": 0,
              "state": "passed",
              "speed": "fast",
              "pass": true,
              "fail": false,
              "pending": false,
              "context": null,
              "code": "const message = \"property 'and' should be an array of satisfy rules\";\nisInvalidRule({ or: [{ and: {} }, { or: [{ and: 3 }] }] }, { instancePath: \"/or/0/and\", message }, { instancePath: \"/or/1/or/0/and\", message });",
              "err": {},
              "uuid": "f5baa651-fbb5-4a12-8e6d-e4b8daf4d821",
              "parentUUID": "d08c08e8-8511-467c-958e-d4ce6468406d",
              "isHook": false,
              "skipped": false
            },
            {
              "title": "should not validate or satisfy rules with non-array property",
              "fullTitle": "satisfyRuleSchema should not validate or satisfy rules with non-array property",
              "timedOut": false,
              "duration": 0,
              "state": "passed",
              "speed": "fast",
              "pass": true,
              "fail": false,
              "pending": false,
              "context": null,
              "code": "const message = \"property 'or' should be an array of satisfy rules\";\nisInvalidRule({ and: [{ or: {} }, { and: [{ or: 3 }] }] }, { instancePath: \"/and/0/or\", message }, { instancePath: \"/and/1/and/0/or\", message });",
              "err": {},
              "uuid": "b426cfce-b6b0-4a62-b1f6-31de54b3fb2a",
              "parentUUID": "d08c08e8-8511-467c-958e-d4ce6468406d",
              "isHook": false,
              "skipped": false
            }
          ],
          "suites": [],
          "passes": [
            "d00b70bc-10ae-4a31-8876-5a45e0bef189",
            "cf264a56-c616-462b-b39d-26d67bb94704",
            "7813fa61-f19c-4495-8909-21e4384cceb1",
            "650ff700-5d49-41ea-9ec2-5be82d976fac",
            "6f6f7877-fb04-4d31-937b-2a5852f0bcf9",
            "b759c781-ee3e-4928-904b-513af0636f6e",
            "f5baa651-fbb5-4a12-8e6d-e4b8daf4d821",
            "b426cfce-b6b0-4a62-b1f6-31de54b3fb2a"
          ],
          "failures": [],
          "pending": [],
          "skipped": [],
          "duration": 8,
          "root": false,
          "rootEmpty": false,
          "_timeout": 2000
        }
      ],
      "passes": [],
      "failures": [],
      "pending": [],
      "skipped": [],
      "duration": 0,
      "root": true,
      "rootEmpty": true,
      "_timeout": 2000
    }
  ],
  "meta": {
    "mocha": {
      "version": "9.1.1"
    },
    "mochawesome": {
      "options": {
        "quiet": false,
        "reportFilename": "mochawesome",
        "saveHtml": true,
        "saveJson": true,
        "consoleReporter": "spec",
        "useInlineDiffs": false,
        "code": true
      },
      "version": "6.3.0"
    },
    "marge": {
      "options": {
        "reportDir": "docs"
      },
      "version": "5.2.0"
    }
  }
}