{
  "stats": {
    "suites": 10,
    "tests": 48,
    "passes": 48,
    "pending": 0,
    "failures": 0,
    "start": "2021-07-18T11:24:34.787Z",
    "end": "2021-07-18T11:24:35.153Z",
    "duration": 366,
    "testsRegistered": 48,
    "passPercent": 100,
    "pendingPercent": 0,
    "other": 0,
    "hasOther": false,
    "skipped": 0,
    "hasSkipped": false
  },
  "results": [
    {
      "uuid": "c32cc367-18eb-429e-8906-f213a333009b",
      "title": "",
      "fullFile": "",
      "file": "",
      "beforeHooks": [],
      "afterHooks": [],
      "tests": [],
      "suites": [
        {
          "uuid": "ff6c47f4-bd75-4247-98d2-276a2f1bb7a5",
          "title": "initDirectories",
          "fullFile": "/home/runner/work/planwithus-lib/planwithus-lib/src/block/schemas.test.ts",
          "file": "/src/block/schemas.test.ts",
          "beforeHooks": [],
          "afterHooks": [],
          "tests": [
            {
              "title": "should parse all blocks with no errors",
              "fullTitle": "initDirectories should parse all blocks with no errors",
              "timedOut": false,
              "duration": 2,
              "state": "passed",
              "speed": "fast",
              "pass": true,
              "fail": false,
              "pending": false,
              "context": null,
              "code": "_1.initDirectories.should.not.throw()",
              "err": {},
              "uuid": "ae46227c-3118-4064-8297-dc138be6c9fa",
              "parentUUID": "ff6c47f4-bd75-4247-98d2-276a2f1bb7a5",
              "isHook": false,
              "skipped": false
            },
            {
              "title": "should produce primary, second & minor directories",
              "fullTitle": "initDirectories should produce primary, second & minor directories",
              "timedOut": false,
              "duration": 2,
              "state": "passed",
              "speed": "fast",
              "pass": true,
              "fail": false,
              "pending": false,
              "context": null,
              "code": "const directories = _1.initDirectories();\ndirectories.should.have.property(\"primary\");\ndirectories.should.have.property(\"second\");\ndirectories.should.have.property(\"minor\");",
              "err": {},
              "uuid": "5cd26e57-9de7-488d-bc69-e2d0fa179a8f",
              "parentUUID": "ff6c47f4-bd75-4247-98d2-276a2f1bb7a5",
              "isHook": false,
              "skipped": false
            }
          ],
          "suites": [],
          "passes": [
            "ae46227c-3118-4064-8297-dc138be6c9fa",
            "5cd26e57-9de7-488d-bc69-e2d0fa179a8f"
          ],
          "failures": [],
          "pending": [],
          "skipped": [],
          "duration": 4,
          "root": false,
          "rootEmpty": false,
          "_timeout": 2000
        },
        {
          "uuid": "66dbbbe1-b6da-487f-88f4-974d45afc7ac",
          "title": "blockSchema",
          "fullFile": "/home/runner/work/planwithus-lib/planwithus-lib/src/block/schemas.test.ts",
          "file": "/src/block/schemas.test.ts",
          "beforeHooks": [],
          "afterHooks": [],
          "tests": [
            {
              "title": "should validate valid block",
              "fullTitle": "blockSchema should validate valid block",
              "timedOut": false,
              "duration": 226,
              "state": "passed",
              "speed": "slow",
              "pass": true,
              "fail": false,
              "pending": false,
              "context": "[\n  {\n    \"title\": \"block sample 0\",\n    \"value\": {\n      \"ay\": 1997,\n      \"assign\": [\n        \"<BE:zhCs9\"\n      ],\n      \"match\": \"RN**0\",\n      \"satisfy\": {\n        \"mc\": \"<=196\"\n      },\n      \"url\": \"https://efm4dbhpyobh4mis4hma8fgl.2vpj8d9n6ocqubr1mhz0yrkmeqe6p5h4d09lefb1y95ps.44rhenxvcozjrn4kp.6bf425l4fagu0r3y085ga8msm57m10k8l8-g014ixzvlocje.pqv3j1vktwfvmtf7toqcjg7ma67ykqzon-xgymrme1ziixtzjdaaqh.iavdtwp/-vhF2!W%F1%84%94%81/GXF7/%F2%8A%B4%BCg//d/!/R)hJ\",\n      \"info\": \" \",\n      \"~%I$}5Q<\\\\;\": {\n        \"name\": \"\",\n        \"ay\": 1953,\n        \"match\": [\n          {\n            \"and\": []\n          },\n          {\n            \"and\": []\n          },\n          \"EDF3076Y\",\n          {\n            \"or\": [\n              {\n                \"pattern\": \"JZ32x9W\",\n                \"exclude\": \"MP49\",\n                \"info\": \"k\"\n              }\n            ]\n          }\n        ],\n        \"satisfy\": [\n          {\n            \"or\": [\n              \"_SR\\\"Qc0{\\\"\"\n            ]\n          },\n          {\n            \"or\": [\n              {\n                \"mc\": \">=157\"\n              },\n              {\n                \"and\": []\n              },\n              \"\",\n              \",+XP]?bgl\",\n              \"\"\n            ]\n          },\n          \"\"\n        ],\n        \"info\": \"\\\\@Z|#os<eh\",\n        \"V,O`g\": {\n          \"name\": \"\",\n          \"ay\": 1996,\n          \"match\": \"NBG89J\",\n          \"satisfy\": {\n            \"and\": [\n              \" \",\n              \"b)X/h028vc\",\n              {\n                \"or\": [\n                  \"\"\n                ]\n              },\n              {\n                \"and\": []\n              },\n              \"R%9k$\"\n            ]\n          },\n          \"url\": \"http://6o2z-9n.nfgh4xuj0.w47exijest5dz1o2tfxwp3p1-yur8y-o3xs874yyspht4ken389.nydcz/S'pqi(R@n/SHL)Jz/A/=o@ib&/5J//%F0%AE%BC%82lZH7=/R(%F1%98%80%81/r(WfM~%F3%8D%A8%8FM%F1%AA%9C%8B\",\n          \"info\": \"5qEA;\"\n        },\n        \"%\": {\n          \"ay\": 1986,\n          \"assign\": [\n            \";ve_Pjb'\",\n            \"yPVd{\",\n            \"k\\\"yZ|:\"\n          ],\n          \"match\": [],\n          \"satisfy\": {\n            \"mc\": \"<=137\"\n          },\n          \"url\": \"https://1.vq56wy48a4xf9y1rnnoo2q00hp1bu6oevwbh-nzhvoioigj65fajarxn68o09e.esvd53pthh9jvke0cpn-3guof9.cf1hxawrypqzz3s7varysz27nz3lwd9dvtsjt-1lofbzctaszrk-bcil8.k3leqljat-r.jqlpa/x_Bm/t~YY)nhqvu/%F0%A2%B1%BD%F2%90%8A%BF/lDT:HHh5q/RI%F3%85%BA%94UlJ/ESw/L_-L%F4%8D%8F%AC%F0%9C%95%81W2/Q%F3%9F%88%A3UKMpfXe%F3%99%85%97/K%E2%B8%92D/!gicrb%F2%A2%BA%9Adq\",\n          \"info\": \"t2\"\n        },\n        \"_\": {\n          \"name\": \"3#-Z6?\",\n          \"ay\": 1986,\n          \"assign\": [\n            \"GYgw\\\\$0R(V\",\n            \"iQ3\",\n            \",a39G#my\",\n            \"??4+OO\",\n            \"\\\"A{3'bM\"\n          ],\n          \"match\": {\n            \"or\": []\n          },\n          \"satisfy\": [\n            {\n              \"and\": [\n                {\n                  \"and\": [\n                    {\n                      \"and\": []\n                    },\n                    {\n                      \"mc\": \">=74\"\n                    },\n                    {\n                      \"mc\": \">=160\"\n                    }\n                  ]\n                },\n                {\n                  \"and\": [\n                    {\n                      \"or\": [\n                        {\n                          \"and\": []\n                        },\n                        \"TRz\"\n                      ]\n                    }\n                  ]\n                },\n                {\n                  \"mc\": \"<=117\"\n                },\n                \"5:1`;,\"\n              ]\n            },\n            {\n              \"mc\": \"<=110\"\n            }\n          ],\n          \"url\": \"http://ojqa2x7z596f6myr.fs06z5pymbgw9nky7y2kicmqu3g3b.aakedcpovyoz2w1tfe025xxu6bckx1kawxyc.aynadutpbq/;2%E3%A9%AA%F2%BD%B8%A3@-tQc&/=p)*H%F3%8B%9E%9FXfs//%F3%9B%88%B8Ny)hDFs8\"\n        },\n        \"-Bt\": {\n          \"assign\": \"F4o\",\n          \"match\": [\n            {\n              \"and\": [\n                {\n                  \"pattern\": \"QY1\",\n                  \"exclude\": [],\n                  \"info\": \"uC3gbrv\"\n                }\n              ]\n            },\n            {\n              \"or\": []\n            }\n          ],\n          \"url\": \"https://h1k09aszhois7ga79xwm6v20q.x76sodmhx7uw7tygpgefmm1qyjnbok5whlbl1.gsvj13setd.ckwfk3nse-qqasb.vofqn/~*ZN,F'-/sm%F1%A5%AB%84Xa-X/iGKN&ILUa/Z$3:8~gY/i\"\n        }\n      },\n      \"\\\"&p@h@bqL\": {\n        \"name\": \"G\",\n        \"ay\": 1956,\n        \"match\": [\n          {\n            \"pattern\": \"AFx8G\",\n            \"info\": \"N;tS\"\n          },\n          \"DHY9U\"\n        ],\n        \"satisfy\": [],\n        \"url\": \"https://9.efcf9asqffcza6fbh5c7qwa-ets.7cp8jwvbulzoiymksnqnplh2v89c90f76zn8ogrvbxph204.amdqbyd/dcc=/%F0%A3%9A%9A/kc:d/:VEZT7w./8o%F4%8A%AA%B8vSvww'j/=/2Snv/7+/;t%F0%B4%97%8F0.5;%F1%B9%A6%BE@\",\n        \"NcV\": {\n          \"name\": \"r[VK\\\\%\",\n          \"ay\": 1958,\n          \"assign\": [\n            \"@p\\\\S:UZ\",\n            \"\"\n          ],\n          \"match\": [\n            {\n              \"or\": [\n                {\n                  \"or\": []\n                },\n                \"HV9D\",\n                {\n                  \"or\": [\n                    \"NWGx05x\",\n                    \"MU1*5\",\n                    \"UEA*2xQ\",\n                    {\n                      \"or\": [\n                        \"MSG35**\",\n                        {\n                          \"pattern\": \"BEB2Z\",\n                          \"exclude\": \"NHG40\",\n                          \"info\": \"_fj\\\"`sTK}9\"\n                        }\n                      ]\n                    }\n                  ]\n                }\n              ]\n            }\n          ],\n          \"satisfy\": [\n            {\n              \"and\": []\n            }\n          ]\n        }\n      }\n    }\n  },\n  {\n    \"title\": \"block sample 1\",\n    \"value\": {\n      \"name\": \"\",\n      \"ay\": 2012,\n      \"assign\": [\n        \"%n2},z:^!\"\n      ],\n      \"match\": [\n        {\n          \"pattern\": \"AK9\",\n          \"exclude\": \"OL758Q\",\n          \"info\": \"I`:\"\n        },\n        \"XHN8\"\n      ],\n      \"satisfy\": {\n        \"mc\": \"<=5\"\n      },\n      \"url\": \"http://ubrs1l5j59ird09x1c.6kislvrjw0xx8ralutq99w9ye8uflqu3p9me7.aifnjwbk8kuihxe-19p-88htlnzgvzbh2sp-4h-qzddfeshp45e3s2.yvldlzx/1/m/82VeXgb+/hm%F3%86%91%A6TG(8%F3%9C%AA%B7/9y%E9%B8%84NY9p/%F0%A4%A4%AF//s%F3%90%BF%93c/r6!/E@cd*\"\n    }\n  },\n  {\n    \"title\": \"block sample 2\",\n    \"value\": {\n      \"name\": \";KP5On|{X\",\n      \"ay\": 2030,\n      \"assign\": [],\n      \"match\": {\n        \"or\": [\n          {\n            \"pattern\": \"JB9145N\",\n            \"info\": \" &D\"\n          },\n          \"JBB2532R\",\n          {\n            \"or\": [\n              \"SO2\",\n              {\n                \"and\": [\n                  {\n                    \"pattern\": \"RDQ7W\",\n                    \"exclude\": [\n                      \"TCO722\",\n                      \"UJN2xU\",\n                      \"ULT*66V\",\n                      \"PO803Y\",\n                      \"MF157T\"\n                    ]\n                  },\n                  \"MSNx5R\",\n                  {\n                    \"and\": [\n                      \"OEI1*4T\",\n                      \"NUHx*C\"\n                    ]\n                  },\n                  \"WTF4I\",\n                  \"PFI3442Z\"\n                ]\n              },\n              \"AN7041\",\n              \"PK5\",\n              \"QXZ2Z\"\n            ]\n          }\n        ]\n      },\n      \"satisfy\": \"x$2!AY&&Q\",\n      \"url\": \"https://75nf58xf0iuhc1ihhq1l2vugv-qxpn6i82es7m5jokhxrovfacuhaor6q8qzo.cazag/4P/!$8S-C'P*%F4%82%9A%9D\",\n      \"info\": \"NN^$-ir \",\n      \" !cKgD\\\"qyW\": {\n        \"name\": \"+#zz$#z\",\n        \"ay\": 1970,\n        \"assign\": [\n          \"8@f@LhUoJS\",\n          \">\"\n        ],\n        \"match\": [\n          {\n            \"and\": [\n              {\n                \"or\": [\n                  \"PT3*28\",\n                  \"ACL8Q\",\n                  {\n                    \"or\": [\n                      \"DG9U\"\n                    ]\n                  },\n                  \"QIP9*L\"\n                ]\n              }\n            ]\n          },\n          {\n            \"pattern\": \"WN255x\",\n            \"exclude\": [\n              \"SW*T\",\n              \"PH3649\",\n              \"DL*30\"\n            ],\n            \"info\": \".g\"\n          },\n          {\n            \"pattern\": \"XEC70\",\n            \"exclude\": [\n              \"PN1A\",\n              \"FD65\",\n              \"OAE76*\"\n            ],\n            \"info\": \"g~q||z$\"\n          },\n          \"STK**\",\n          {\n            \"and\": [\n              {\n                \"or\": [\n                  {\n                    \"or\": [\n                      \"NH4B\",\n                      {\n                        \"and\": [\n                          \"FF4\",\n                          {\n                            \"or\": [\n                              \"JA3x6*\",\n                              {\n                                \"pattern\": \"XK4532D\",\n                                \"exclude\": [\n                                  \"MW7\",\n                                  \"YLJ2\",\n                                  \"VLQ*P\"\n                                ],\n                                \"info\": \"&LHatq7Qy\"\n                              },\n                              \"JBD6622Z\",\n                              \"WKU17D\"\n                            ]\n                          },\n                          {\n                            \"pattern\": \"PKS3354T\",\n                            \"exclude\": \"NUGx6\",\n                            \"info\": \"*.SbsK\"\n                          }\n                        ]\n                      }\n                    ]\n                  },\n                  \"KEU629\",\n                  \"TGN7487Z\",\n                  \"MDR96Y\"\n                ]\n              },\n              {\n                \"pattern\": \"BN2*6\",\n                \"exclude\": \"KD9x57\"\n              },\n              {\n                \"or\": []\n              },\n              {\n                \"pattern\": \"LZ65A\",\n                \"exclude\": [],\n                \"info\": \"N\"\n              },\n              {\n                \"or\": [\n                  \"ZO3629S\",\n                  {\n                    \"and\": [\n                      {\n                        \"or\": [\n                          \"NEK930D\",\n                          {\n                            \"pattern\": \"GIU3\",\n                            \"exclude\": \"BCU14x1\",\n                            \"info\": \"jl]4PR\"\n                          },\n                          \"PF8xC\",\n                          {\n                            \"pattern\": \"MA866x\",\n                            \"exclude\": [\n                              \"EEM87\"\n                            ],\n                            \"info\": \"mPD\"\n                          },\n                          \"KB18K\"\n                        ]\n                      },\n                      \"CKHx02\",\n                      {\n                        \"or\": [\n                          {\n                            \"or\": [\n                              \"HX1x85X\",\n                              {\n                                \"pattern\": \"BLD8\",\n                                \"exclude\": [\n                                  \"TZ977W\",\n                                  \"PID74\",\n                                  \"EOI1*\"\n                                ]\n                              }\n                            ]\n                          },\n                          \"IBW84\",\n                          \"ONC6460G\"\n                        ]\n                      },\n                      {\n                        \"or\": [\n                          \"XX4V\"\n                        ]\n                      }\n                    ]\n                  },\n                  \"GXL54\",\n                  \"EO*1\"\n                ]\n              }\n            ]\n          }\n        ],\n        \"satisfy\": {\n          \"or\": []\n        },\n        \"url\": \"http://yy46mak2o7tfh4mcm.bwfutsw/b/r*%F4%8F%BF%AD/ca8Z\",\n        \"info\": \"aGm.t|\",\n        \"44N\": {\n          \"name\": \"!,\",\n          \"assign\": \"%.f\",\n          \"match\": [\n            {\n              \"or\": [\n                {\n                  \"pattern\": \"GQ8**6\",\n                  \"exclude\": [\n                    \"ZM862\",\n                    \"XQG6\",\n                    \"KA08\"\n                  ],\n                  \"info\": \"gtnM(mL-b\"\n                },\n                {\n                  \"and\": []\n                },\n                \"NED*59\",\n                {\n                  \"and\": [\n                    {\n                      \"or\": [\n                        \"IM2\"\n                      ]\n                    },\n                    {\n                      \"or\": [\n                        {\n                          \"and\": [\n                            \"HN3\",\n                            \"RH7385H\",\n                            \"BP07\",\n                            \"WID47\"\n                          ]\n                        }\n                      ]\n                    }\n                  ]\n                }\n              ]\n            }\n          ],\n          \"satisfy\": [\n            {\n              \"and\": [\n                {\n                  \"or\": [\n                    {\n                      \"and\": [\n                        \"cT\",\n                        {\n                          \"and\": [\n                            \"bC:EVs\",\n                            \"Ov\",\n                            \"Ek.gqf\"\n                          ]\n                        }\n                      ]\n                    },\n                    {\n                      \"or\": []\n                    },\n                    {\n                      \"and\": [\n                        \"G+ 7a n,I5\",\n                        \"57n]\",\n                        {\n                          \"mc\": \">=28\"\n                        }\n                      ]\n                    }\n                  ]\n                },\n                {\n                  \"mc\": \"<=37\"\n                },\n                {\n                  \"or\": [\n                    \"&88}\\\\n?SF\",\n                    {\n                      \"mc\": \">=103\"\n                    }\n                  ]\n                }\n              ]\n            },\n            {\n              \"or\": [\n                \",qk)tSQg2\"\n              ]\n            }\n          ],\n          \"url\": \"https://el-93l1poa07-ygw1d2qibl3t96wyibjy.xabvw.gqrnlr///nF//d9C/tLb*%F0%99%A4%94drI/fY/p+\",\n          \"info\": \"\",\n          \"%D\": {\n            \"name\": \"op-`otd\",\n            \"ay\": 1961,\n            \"assign\": [\n              \"WHwyiuDS\",\n              \",_\",\n              \":L\",\n              \"$[+@mOc>~\"\n            ],\n            \"match\": {\n              \"pattern\": \"RIL46R\",\n              \"exclude\": \"LAE9\",\n              \"info\": \"f\\\\UuZPD\"\n            },\n            \"satisfy\": {\n              \"mc\": \"<=23\"\n            },\n            \"info\": \"_m9mn\"\n          },\n          \"-wN3\": {\n            \"ay\": 1951,\n            \"assign\": [],\n            \"match\": [\n              {\n                \"or\": [\n                  \"PBHxW\",\n                  \"SOI1870\"\n                ]\n              }\n            ],\n            \"info\": \"N\"\n          }\n        },\n        \"h{yJ{$%\\\"\": {\n          \"name\": \"`S&>Sey$M\",\n          \"match\": [\n            {\n              \"pattern\": \"LF18\",\n              \"exclude\": \"QIU306\",\n              \"info\": \"}u$H=2Kir\"\n            },\n            {\n              \"or\": [\n                \"DDJ*M\"\n              ]\n            }\n          ],\n          \"satisfy\": \",t\",\n          \"url\": \"http://nzbq0pdr3br133u4krg5r3r245wkp8gsslwb2qy2ynz03ge3-g09sik0qx2ec9.rjk94r6aapc3gkv09h1ayjhukdwh1yrwwf.kywxg/Za%F1%A5%AE%BC%F2%89%86%85wu./H+/8Z5GN/Cz/z%F3%A0%BF%A8nMp/.w-0y42Q/7A'R6x8\",\n          \"info\": \"#)}\"\n        }\n      },\n      \"zZ^*Rg`\": {\n        \"name\": \"z\",\n        \"ay\": 1951,\n        \"assign\": [\n          \"9U9J5L\",\n          \",X7#5\",\n          \"Z=Po2$uS\",\n          \">noxl-&\",\n          \"\"\n        ],\n        \"match\": {\n          \"and\": [\n            \"UE9X\",\n            {\n              \"pattern\": \"VYT0*G\",\n              \"exclude\": \"EA31B\"\n            },\n            {\n              \"and\": [\n                {\n                  \"pattern\": \"TT62\",\n                  \"exclude\": []\n                },\n                {\n                  \"and\": [\n                    \"NUZ152\"\n                  ]\n                },\n                {\n                  \"or\": [\n                    \"UZ4462U\"\n                  ]\n                },\n                {\n                  \"and\": [\n                    \"UKx3xN\"\n                  ]\n                }\n              ]\n            },\n            {\n              \"or\": [\n                {\n                  \"or\": [\n                    \"QW33K\",\n                    {\n                      \"or\": [\n                        \"JEU*8\",\n                        \"FT311\",\n                        \"QCL2*\",\n                        \"NYG56x1R\",\n                        \"JMQ1\"\n                      ]\n                    },\n                    {\n                      \"and\": [\n                        \"WI0G\",\n                        {\n                          \"pattern\": \"BQI1I\",\n                          \"info\": \"\\\"K\"\n                        },\n                        \"LO546R\",\n                        \"AR655\",\n                        \"TP86*3\"\n                      ]\n                    },\n                    {\n                      \"or\": [\n                        \"KV903Z\",\n                        \"XJGxU\",\n                        {\n                          \"pattern\": \"GH5*34Y\",\n                          \"exclude\": \"VHT149\"\n                        },\n                        \"BY4\"\n                      ]\n                    }\n                  ]\n                },\n                \"MGK7\",\n                {\n                  \"pattern\": \"EMJ09*1\",\n                  \"info\": \"Hq\"\n                }\n              ]\n            }\n          ]\n        },\n        \"satisfy\": [\n          {\n            \"and\": [\n              {\n                \"or\": [\n                  \"#E|\"\n                ]\n              }\n            ]\n          },\n          {\n            \"or\": [\n              {\n                \"and\": []\n              },\n              {\n                \"or\": [\n                  {\n                    \"or\": []\n                  },\n                  \"eAtT`o{\",\n                  \"l-JQN&\"\n                ]\n              }\n            ]\n          }\n        ],\n        \"url\": \"https://dgayf03w516jq1smj9q.6lvom6mt13lbebkq.73bv.vsfu5f44z0h4zgd5qto3se7m2-imlmdtbvgkdb9ij1ojdyhm.drqbbkcmx/=edav(n+\",\n        \"info\": \"I\",\n        \"=@VjB\": {\n          \"ay\": 2010,\n          \"assign\": [\n            \"\",\n            \"=1J>j*A|\",\n            \"$\\\"n~\"\n          ],\n          \"match\": {\n            \"pattern\": \"WYW26*T\",\n            \"exclude\": \"CF0480A\",\n            \"info\": \"^]\"\n          },\n          \"satisfy\": [\n            \"2M(%cnc2>E\",\n            {\n              \"and\": [\n                {\n                  \"or\": [\n                    {\n                      \"or\": [\n                        {\n                          \"or\": []\n                        }\n                      ]\n                    },\n                    {\n                      \"or\": [\n                        \"I9NQ\",\n                        \":9@B&]:y4\",\n                        \"'n9mk\",\n                        \"y\"\n                      ]\n                    },\n                    \"\",\n                    {\n                      \"mc\": \"<=43\"\n                    },\n                    \".w&%33/%f\"\n                  ]\n                },\n                \"6C(H\"\n              ]\n            },\n            {\n              \"or\": [\n                \"nW &HXI1Ks\",\n                {\n                  \"or\": [\n                    \"dzB\\\"Dw=\"\n                  ]\n                }\n              ]\n            },\n            {\n              \"or\": []\n            },\n            \"Jp\"\n          ],\n          \"url\": \"http://p-nfm74o3j-27h5ex5.1y5egsk4t9i68jqptg2s9cw67vdmr4hu.mezvo3zr8-941qffhrl6r1hhn-essid7njf3jveidhqf1wo6d.jjlq/ZMc)k\",\n          \"info\": \"zI.4.`u\"\n        },\n        \"v,UW\\\\5\": {\n          \"name\": \">~Q1{\",\n          \"ay\": 1993,\n          \"assign\": \"$( 0DO~\",\n          \"match\": {\n            \"or\": [\n              \"BG7\",\n              {\n                \"and\": [\n                  {\n                    \"or\": [\n                      \"YMV9Y\",\n                      {\n                        \"or\": [\n                          \"KSO9M\",\n                          \"XD51U\"\n                        ]\n                      },\n                      {\n                        \"or\": [\n                          \"KXT7\",\n                          \"RXS28\"\n                        ]\n                      },\n                      \"JZAxY\"\n                    ]\n                  }\n                ]\n              },\n              {\n                \"or\": []\n              },\n              \"CP68A\"\n            ]\n          },\n          \"satisfy\": {\n            \"and\": [\n              {\n                \"mc\": \">=39\"\n              },\n              \"}\",\n              \"\"\n            ]\n          },\n          \"url\": \"https://av6bbr5fpx6st7jhlhx37pepaoekkslvattq12ngyywysn3g3ko4reuruy.7.hjgo7hl33qem4qgahgmodzn4crbdmoc-dsk9ojhz8mz.mul/h;3l/F_ib/UiAH)O:j+/e;D3E$2\",\n          \"info\": \";&'#l#md\"\n        }\n      }\n    }\n  },\n  {\n    \"title\": \"block sample 3\",\n    \"value\": {\n      \"name\": \"WEU87O\",\n      \"ay\": 1950,\n      \"assign\": [],\n      \"match\": {\n        \"pattern\": \"HM05\",\n        \"exclude\": \"QY02\",\n        \"info\": \"K'5#\\\"-\"\n      },\n      \"satisfy\": {\n        \"mc\": \">=187\"\n      },\n      \"url\": \"https://djpjcimqg0scam.fdrdcyxje/i/T,oX%F3%96%B9%AC1Z/k//%F0%AD%AF%9BaaE+/b//o%F2%BB%A8%B3%F1%A1%A6%B5-~\",\n      \"info\": \"%#y$\",\n      \"N_4Gz2x?%S\": {\n        \"ay\": 1989,\n        \"assign\": [\n          \"L}ui<u \",\n          \"@}@\",\n          \"}P#O!y|x$\",\n          \"#E\"\n        ],\n        \"match\": {\n          \"or\": [\n            {\n              \"or\": [\n                \"YA7\"\n              ]\n            },\n            \"QR3*77\"\n          ]\n        },\n        \"url\": \"https://dbema.ec7e2fahtlafexadfce756ydan956-icn8fnftb8hkl72cc.wbdr7ae-9ctdi87kb1f5beba6.6g5q0ost64sz38hjvpu4q5crju4a6iaxwpn5hvohyytgc5pg2xc8.4qaipxotkaiebtw7okhyh2fpze8ihxrlxvpd2htpzsqy8.ihuwg/Yfg./@T(CP%F1%BA%92%91(\",\n        \"WR*`]\": {\n          \"name\": \"&\",\n          \"ay\": 1955,\n          \"assign\": [\n            \"uK/J\",\n            \"AD?D\",\n            \"FC\"\n          ],\n          \"match\": {\n            \"pattern\": \"QHW6x8\",\n            \"exclude\": \"SQ6**U\",\n            \"info\": \"%&\"\n          },\n          \"url\": \"http://dqmng55anhwlnvrz1o666x2rnmuj1b4cqfo889f-ha0-khx7o1y1in1o5.b.8.5bqfxtfg.69j1gb58-b229-oe7d8j8n.cy/f2~6/,f&=4/h~/Ho(IsP*f=/%F1%9B%88%A4d~Gg/hX=%F2%88%B0%B4%F4%83%9E%ADC/%F0%B9%B8%B0+Rg@\",\n          \"info\": \"AKI\\\"\"\n        },\n        \"}OcK2p\": {\n          \"name\": \"mx1yy\",\n          \"ay\": 1956,\n          \"assign\": \"x$>#y%}\",\n          \"match\": {\n            \"pattern\": \"VG6893\",\n            \"exclude\": [],\n            \"info\": \"GDT?\"\n          },\n          \"url\": \"http://h649k0dz5sfad.b.okt/a8B_o,/9UrPW!DYV/N\",\n          \"\": {\n            \"name\": \"%9\",\n            \"ay\": 1950,\n            \"assign\": \"k$Xv;a7>\",\n            \"satisfy\": {\n              \"and\": [\n                {\n                  \"or\": [\n                    \"q8W\",\n                    {\n                      \"mc\": \"<=6\"\n                    }\n                  ]\n                },\n                {\n                  \"mc\": \"<=5\"\n                },\n                {\n                  \"mc\": \"<=5\"\n                },\n                \"{\",\n                {\n                  \"or\": [\n                    \"?zrS]h'_\",\n                    {\n                      \"or\": []\n                    }\n                  ]\n                }\n              ]\n            },\n            \"url\": \"http://tbf7.b5mjjj2id3nd-2o6k3ecwgqxwe.bspsgatq/~6:/xh-KX\",\n            \"info\": \"!H6v[i<M\"\n          },\n          \"P\": {\n            \"name\": \"!~#\",\n            \"ay\": 2025,\n            \"assign\": \"|D\\\"\",\n            \"match\": {\n              \"and\": [\n                {\n                  \"and\": []\n                },\n                {\n                  \"and\": [\n                    {\n                      \"or\": [\n                        \"RNF7\",\n                        \"YN4E\",\n                        \"BX4J\",\n                        \"VTJ74D\",\n                        \"AB0691\"\n                      ]\n                    },\n                    {\n                      \"or\": [\n                        \"VVG7x*\",\n                        {\n                          \"and\": []\n                        },\n                        \"TKR*\"\n                      ]\n                    },\n                    \"VD016*K\",\n                    \"VY2F\"\n                  ]\n                },\n                \"NRN4129P\"\n              ]\n            },\n            \"satisfy\": [],\n            \"url\": \"https://7tk9upqdxo066ms9cq8lq7ky37bx42jy7k59b4n8mfrgiz8243.0b9k7.wdowr/*DOq3-~!6Y/\",\n            \"info\": \" i!y\\\\!\"\n          },\n          \"nv\\\"\": {\n            \"name\": \"px\",\n            \"ay\": 1950,\n            \"assign\": [\n              \"7\",\n              \")\"\n            ],\n            \"match\": [\n              \"EWX8**\",\n              {\n                \"pattern\": \"DNLx01O\",\n                \"exclude\": \"AYT4123R\",\n                \"info\": \"!,h=QDrieL\"\n              }\n            ],\n            \"satisfy\": {\n              \"mc\": \"<=199\"\n            },\n            \"url\": \"https://m48yh3r.x.bhpuzg49q51prhz7vrth5kg23hiwwwh-8hf-u9onrc9krilg.j7d56d0ms5xlejh-3k81r.cb/+:LCc%F3%84%A4%86%24/H//2V8+BP%22/qX/0U%F0%B0%9C%86%F1%8D%9B%B7jy%F3%8B%B1%8ALMK\",\n            \"info\": \"Be=%x%b%)\"\n          },\n          \".JXAm*h\": {\n            \"name\": \"3\",\n            \"ay\": 2012,\n            \"assign\": [],\n            \"match\": [],\n            \"satisfy\": {\n              \"or\": [\n                \"{Q\",\n                {\n                  \"or\": [\n                    {\n                      \"or\": [\n                        \"}\\\".%Qd\"\n                      ]\n                    },\n                    {\n                      \"mc\": \">=61\"\n                    }\n                  ]\n                },\n                {\n                  \"or\": [\n                    \"Q{QPxr\",\n                    \"~@\",\n                    \"0% Uf\",\n                    \"\",\n                    \"\\\"iU\"\n                  ]\n                },\n                {\n                  \"and\": []\n                },\n                {\n                  \"and\": [\n                    {\n                      \"mc\": \"<=198\"\n                    },\n                    \"C?(5sJ]O\",\n                    \"I6WfT8$\",\n                    {\n                      \"or\": [\n                        \"Xst+G,M\"\n                      ]\n                    },\n                    {\n                      \"and\": [\n                        \"[ET\",\n                        {\n                          \"and\": [\n                            \"}]ssz\",\n                            {\n                              \"or\": []\n                            },\n                            \"$+\",\n                            \"v?~qFx\"\n                          ]\n                        },\n                        \"Gp\",\n                        \"?^{w\",\n                        \"#H~R1eHS\"\n                      ]\n                    }\n                  ]\n                }\n              ]\n            },\n            \"url\": \"http://w.tnukiol/%32+//;Zd)+xK0L6/bbfd,G&e/~M1/3/h@%F0%90%81%83CYQ'/b=@%F1%80%B4%BC;je\",\n            \"info\": \"z^'\"\n          }\n        }\n      }\n    }\n  },\n  {\n    \"title\": \"block sample 4\",\n    \"value\": {\n      \"name\": \" ~\",\n      \"ay\": 2025,\n      \"assign\": \"@\",\n      \"match\": {\n        \"or\": [\n          {\n            \"pattern\": \"BQ8*1I\",\n            \"exclude\": \"VO5M\",\n            \"info\": \"*A+[R?\"\n          },\n          {\n            \"pattern\": \"LEH10*1\",\n            \"exclude\": \"KLS83x9F\",\n            \"info\": \"NY/YFU>\"\n          },\n          {\n            \"pattern\": \"ATG7x*3W\",\n            \"exclude\": \"OCT2053K\",\n            \"info\": \":q>K!\"\n          },\n          {\n            \"pattern\": \"KAP9*C\",\n            \"exclude\": [],\n            \"info\": \"B$3_LwW!a'\"\n          },\n          {\n            \"pattern\": \"DJE503P\",\n            \"exclude\": \"BK*\",\n            \"info\": \"V6*Fz\\\\tfK\"\n          }\n        ]\n      },\n      \"satisfy\": [\n        {\n          \"or\": []\n        },\n        {\n          \"mc\": \"<=5\"\n        },\n        {\n          \"mc\": \"<=176\"\n        },\n        {\n          \"mc\": \"<=195\"\n        }\n      ],\n      \"url\": \"https://jw-tayxxrlx--z8v8wjzvgv079e3i69f4d-7hni.30h8pf5oqd5vhuyqjam5hphvzh65qm-4nnbz99hism5l3mru88a25h6.csdoax-ofn5keycl424lmxubopo551ain.i.ldp/PR6&\",\n      \"info\": \"j'd\"\n    }\n  },\n  {\n    \"title\": \"block sample 5\",\n    \"value\": {\n      \"name\": \"! %r<}!y,y\",\n      \"ay\": 2027,\n      \"assign\": \">\",\n      \"match\": \"KO9962\",\n      \"satisfy\": [\n        {\n          \"and\": [\n            {\n              \"or\": [\n                {\n                  \"and\": [\n                    \"aqX@!*f\"\n                  ]\n                }\n              ]\n            }\n          ]\n        }\n      ],\n      \"url\": \"https://7lfxalnuzc.f.lek/\",\n      \"info\": \"i3G&Q->C\"\n    }\n  },\n  {\n    \"title\": \"block sample 6\",\n    \"value\": {\n      \"name\": \"s_1~E\",\n      \"ay\": 1982,\n      \"assign\": \"~Y\",\n      \"match\": {\n        \"pattern\": \"BJO849\",\n        \"exclude\": [\n          \"ZY735\"\n        ],\n        \"info\": \"NGXE0`+\"\n      },\n      \"satisfy\": \"V  \",\n      \"url\": \"http://ex6a.g.ifbmi/%F4%8F%BF%BC\",\n      \"info\": \"\"\n    }\n  },\n  {\n    \"title\": \"block sample 7\",\n    \"value\": {\n      \"name\": \" \",\n      \"ay\": 1950,\n      \"assign\": [],\n      \"match\": [\n        {\n          \"pattern\": \"YP614O\",\n          \"exclude\": \"VPO5751\",\n          \"info\": \":TC\"\n        },\n        {\n          \"pattern\": \"JU*7P\",\n          \"info\": \"u!J1d\"\n        },\n        {\n          \"or\": []\n        },\n        \"XAB4965\",\n        {\n          \"and\": [\n            \"NPI*73Y\",\n            {\n              \"or\": [\n                {\n                  \"or\": []\n                }\n              ]\n            },\n            {\n              \"pattern\": \"SA5677U\",\n              \"info\": \"7gyi\"\n            }\n          ]\n        }\n      ],\n      \"url\": \"https://kiac3g.8yesbw-n-lx0806ux6om7jdlq3yugtjlxkhjbj31.ja033.16qhq2i45.hybru/N;\",\n      \"info\": \"\"\n    }\n  },\n  {\n    \"title\": \"block sample 8\",\n    \"value\": {\n      \"name\": \"& \",\n      \"ay\": 1967,\n      \"assign\": [\n        \"!@jnyeeS\",\n        \"\",\n        \"Z@oArA\",\n        \"3\",\n        \"~xyTW|-}P\"\n      ],\n      \"match\": {\n        \"and\": [\n          {\n            \"pattern\": \"PV3\",\n            \"exclude\": \"QN78D\",\n            \"info\": \"&&|\\\"#+%|!\"\n          }\n        ]\n      },\n      \"satisfy\": \"4~svB\",\n      \"url\": \"https://598m0w1f06y4dobp5ffb7vojxiqhreu.z4365vvfjpspe1p9kq5vp4nkrt.zbbc\"\n    }\n  },\n  {\n    \"title\": \"block sample 9\",\n    \"value\": {\n      \"name\": \"[FQn\",\n      \"ay\": 1992,\n      \"assign\": \"s(4h'&\",\n      \"match\": [],\n      \"satisfy\": [\n        {\n          \"and\": [\n            \"5![&2q4\",\n            \"|6jsE^pES\",\n            {\n              \"mc\": \">=18\"\n            },\n            {\n              \"and\": []\n            },\n            {\n              \"mc\": \"<=16\"\n            }\n          ]\n        },\n        \"`\"\n      ],\n      \"url\": \"http://hu-a5.4.e80eldrgca-cfcv-3a4sdaaz9j92ad06vpi8bwae586ebtfd2qqdw.beia/5j6/qF%F2%A9%A6%A0/xy!!3/p7_0jCoo)/T%F1%B5%9F%BEvAy\",\n      \"info\": \"!lD&F$2I&\"\n    }\n  }\n]",
              "code": "fast_check_1.sample(index_test_2.block, 10).forEach((sample, i) => addContext_1.default(this, {\n    title: `block sample ${i}`,\n    value: sample,\n}));\nreturn fast_check_1.assert(fast_check_1.property(index_test_2.block, ajvValidate));",
              "err": {},
              "uuid": "97f9d2b4-e41f-4733-8e74-ff505ca40392",
              "parentUUID": "66dbbbe1-b6da-487f-88f4-974d45afc7ac",
              "isHook": false,
              "skipped": false
            },
            {
              "title": "should not validate non-object",
              "fullTitle": "blockSchema should not validate non-object",
              "timedOut": false,
              "duration": 2,
              "state": "passed",
              "speed": "fast",
              "pass": true,
              "fail": false,
              "pending": false,
              "context": null,
              "code": "const error = {\n    instancePath: \"\",\n    message: \"block should be an object\",\n};\nisInvalidBlock(null, error);\nisInvalidBlock(undefined, error);\nisInvalidBlock(10, error);\nisInvalidBlock([12, 24], error);\nisInvalidBlock(\"abc\", error);",
              "err": {},
              "uuid": "db8e4133-7381-429e-9ec3-ec4044888f3d",
              "parentUUID": "66dbbbe1-b6da-487f-88f4-974d45afc7ac",
              "isHook": false,
              "skipped": false
            },
            {
              "title": "should not validate block with invalid properties",
              "fullTitle": "blockSchema should not validate block with invalid properties",
              "timedOut": false,
              "duration": 0,
              "state": "passed",
              "speed": "fast",
              "pass": true,
              "fail": false,
              "pending": false,
              "context": null,
              "code": "isInvalidBlock({\n        name: { foo: \"bar\" },\n        ay: -1000,\n        assign: {},\n        match: 1,\n        satisfy: 2,\n        url: { abc: \"def\" },\n        info: 42,\n    }, { instancePath: \"/name\", message: \"property 'name' should be a string\" }, {\n        instancePath: \"/ay\",\n        message: \"property 'ay' should be a positive integer\",\n    }, {\n        instancePath: \"/assign\",\n        message: \"property 'assign' should be either a block ID or an array of block IDs\",\n    }, {\n        instancePath: \"/match\",\n        message: \"property 'match' should be either a match rule or an array of match rules\",\n    }, {\n        instancePath: \"/satisfy\",\n        message: \"property 'satisfy' should be either a satisfy rule or an array of satisfy rules\",\n    }, { instancePath: \"/url\", message: \"property 'url' should be a string\" }, { instancePath: \"/info\", message: \"property 'info' should be a string\" })",
              "err": {},
              "uuid": "0d47f768-8e81-46bd-9545-17956502331e",
              "parentUUID": "66dbbbe1-b6da-487f-88f4-974d45afc7ac",
              "isHook": false,
              "skipped": false
            }
          ],
          "suites": [],
          "passes": [
            "97f9d2b4-e41f-4733-8e74-ff505ca40392",
            "db8e4133-7381-429e-9ec3-ec4044888f3d",
            "0d47f768-8e81-46bd-9545-17956502331e"
          ],
          "failures": [],
          "pending": [],
          "skipped": [],
          "duration": 228,
          "root": false,
          "rootEmpty": false,
          "_timeout": 2000
        },
        {
          "uuid": "ee308bb5-7d53-4024-a78a-1597e43f69d3",
          "title": "patternToRE",
          "fullFile": "/home/runner/work/planwithus-lib/planwithus-lib/src/matchRule/pattern/satisfiers.test.ts",
          "file": "/src/matchRule/pattern/satisfiers.test.ts",
          "beforeHooks": [],
          "afterHooks": [],
          "tests": [
            {
              "title": "should match valid modules with a single pattern",
              "fullTitle": "patternToRE should match valid modules with a single pattern",
              "timedOut": false,
              "duration": 12,
              "state": "passed",
              "speed": "fast",
              "pass": true,
              "fail": false,
              "pending": false,
              "context": "[\n  {\n    \"title\": \"patternExampleList sample 0\",\n    \"value\": [\n      \"XH4\",\n      [\n        \"XH4\"\n      ]\n    ]\n  },\n  {\n    \"title\": \"patternExampleList sample 1\",\n    \"value\": [\n      \"FC8x0I\",\n      [\n        \"FC820I\",\n        \"FC890I\",\n        \"FC880I\"\n      ]\n    ]\n  },\n  {\n    \"title\": \"patternExampleList sample 2\",\n    \"value\": [\n      \"ATA9184I\",\n      [\n        \"ATA9184I\"\n      ]\n    ]\n  },\n  {\n    \"title\": \"patternExampleList sample 3\",\n    \"value\": [\n      \"NDx\",\n      [\n        \"ND6\",\n        \"ND5\",\n        \"ND4\",\n        \"ND7\",\n        \"ND0\",\n        \"ND9\",\n        \"ND8\"\n      ]\n    ]\n  },\n  {\n    \"title\": \"patternExampleList sample 4\",\n    \"value\": [\n      \"KH9\",\n      [\n        \"KH9\"\n      ]\n    ]\n  },\n  {\n    \"title\": \"patternExampleList sample 5\",\n    \"value\": [\n      \"SPO2742\",\n      [\n        \"SPO2742\"\n      ]\n    ]\n  },\n  {\n    \"title\": \"patternExampleList sample 6\",\n    \"value\": [\n      \"QW0\",\n      [\n        \"QW0\"\n      ]\n    ]\n  },\n  {\n    \"title\": \"patternExampleList sample 7\",\n    \"value\": [\n      \"WG74\",\n      [\n        \"WG74\"\n      ]\n    ]\n  },\n  {\n    \"title\": \"patternExampleList sample 8\",\n    \"value\": [\n      \"EL8B\",\n      [\n        \"EL8B\"\n      ]\n    ]\n  },\n  {\n    \"title\": \"patternExampleList sample 9\",\n    \"value\": [\n      \"EWS8\",\n      [\n        \"EWS8\"\n      ]\n    ]\n  }\n]",
              "code": "fast_check_1.sample(index_test_1.patternExampleList, 10).forEach((sample, i) => addContext_1.default(this, {\n    title: `patternExampleList sample ${i}`,\n    value: sample,\n}));\nreturn fast_check_1.assert(fast_check_1.property(index_test_1.patternExampleList, ([patternStr, examples]) => {\n    const re = _1.patternToRE(patternStr);\n    return examples.every(re.test.bind(re));\n}));",
              "err": {},
              "uuid": "65abaab8-89d6-452c-9e97-e5151fb79803",
              "parentUUID": "ee308bb5-7d53-4024-a78a-1597e43f69d3",
              "isHook": false,
              "skipped": false
            },
            {
              "title": "should match valid modules with multiple patterns",
              "fullTitle": "patternToRE should match valid modules with multiple patterns",
              "timedOut": false,
              "duration": 68,
              "state": "passed",
              "speed": "medium",
              "pass": true,
              "fail": false,
              "pending": false,
              "context": "[\n  {\n    \"title\": \"patternExampleListArray sample 0\",\n    \"value\": [\n      [\n        \"AZB8U\",\n        [\n          \"AZB8U\"\n        ]\n      ],\n      [\n        \"EC940\",\n        [\n          \"EC940\"\n        ]\n      ],\n      [\n        \"CT*9\",\n        [\n          \"CTP9\",\n          \"CT9XI9\",\n          \"CT9809\",\n          \"CT4KSH9\",\n          \"CTK239\"\n        ]\n      ],\n      [\n        \"JS6046\",\n        [\n          \"JS6046\"\n        ]\n      ],\n      [\n        \"DWV41D\",\n        [\n          \"DWV41D\"\n        ]\n      ],\n      [\n        \"IA212\",\n        [\n          \"IA212\"\n        ]\n      ],\n      [\n        \"SQ080\",\n        [\n          \"SQ080\"\n        ]\n      ],\n      [\n        \"AIIx*98H\",\n        [\n          \"AII4M77YG98H\",\n          \"AII9YWNFI4A98H\",\n          \"AII7YK9RSB8T98H\",\n          \"AII3I98H\",\n          \"AII36GES27298H\",\n          \"AII17TEC4G3A98H\",\n          \"AII31FWHNSZM98H\"\n        ]\n      ],\n      [\n        \"JJN1P\",\n        [\n          \"JJN1P\"\n        ]\n      ],\n      [\n        \"HOPx*R\",\n        [\n          \"HOP8R\",\n          \"HOP7QOOBX05R\",\n          \"HOP3XG9KK2IRR\",\n          \"HOP9Y8DR\",\n          \"HOP7WMDY7R\",\n          \"HOP5LRR\"\n        ]\n      ],\n      [\n        \"JFI3117U\",\n        [\n          \"JFI3117U\"\n        ]\n      ]\n    ]\n  },\n  {\n    \"title\": \"patternExampleListArray sample 1\",\n    \"value\": [\n      [\n        \"QS303\",\n        [\n          \"QS303\"\n        ]\n      ],\n      [\n        \"QMG832\",\n        [\n          \"QMG832\"\n        ]\n      ],\n      [\n        \"SHO463H\",\n        [\n          \"SHO463H\"\n        ]\n      ],\n      [\n        \"JYK55\",\n        [\n          \"JYK55\"\n        ]\n      ],\n      [\n        \"TF5**x\",\n        [\n          \"TF5SK4SMQZNJH7\",\n          \"TF55I1ZL26\",\n          \"TF50WB0\",\n          \"TF5XYL6C8\",\n          \"TF519J7MTJOGO91\",\n          \"TF5248\",\n          \"TF5OV6TYTM2H5R1\",\n          \"TF5OPTLE0MFX81\",\n          \"TF53RXED8DM4E24\",\n          \"TF5H12FM9V3\",\n          \"TF55LUVXGHEXV4\"\n        ]\n      ],\n      [\n        \"BM857S\",\n        [\n          \"BM857S\"\n        ]\n      ],\n      [\n        \"JO6A\",\n        [\n          \"JO6A\"\n        ]\n      ],\n      [\n        \"OLZ73\",\n        [\n          \"OLZ73\"\n        ]\n      ]\n    ]\n  },\n  {\n    \"title\": \"patternExampleListArray sample 2\",\n    \"value\": [\n      [\n        \"BF9x3J\",\n        [\n          \"BF953J\",\n          \"BF943J\",\n          \"BF973J\",\n          \"BF913J\",\n          \"BF983J\",\n          \"BF903J\",\n          \"BF933J\"\n        ]\n      ],\n      [\n        \"FHD0x13Q\",\n        [\n          \"FHD0313Q\",\n          \"FHD0213Q\",\n          \"FHD0513Q\"\n        ]\n      ],\n      [\n        \"JBK4xD\",\n        [\n          \"JBK49D\",\n          \"JBK40D\",\n          \"JBK48D\",\n          \"JBK41D\"\n        ]\n      ],\n      [\n        \"LQ6013\",\n        [\n          \"LQ6013\"\n        ]\n      ],\n      [\n        \"FW7632L\",\n        [\n          \"FW7632L\"\n        ]\n      ],\n      [\n        \"TUH9Y\",\n        [\n          \"TUH9Y\"\n        ]\n      ],\n      [\n        \"OC59\",\n        [\n          \"OC59\"\n        ]\n      ],\n      [\n        \"WMV43\",\n        [\n          \"WMV43\"\n        ]\n      ],\n      [\n        \"GLY2758B\",\n        [\n          \"GLY2758B\"\n        ]\n      ],\n      [\n        \"EY3380\",\n        [\n          \"EY3380\"\n        ]\n      ],\n      [\n        \"IHU4968Z\",\n        [\n          \"IHU4968Z\"\n        ]\n      ],\n      [\n        \"QY047\",\n        [\n          \"QY047\"\n        ]\n      ]\n    ]\n  },\n  {\n    \"title\": \"patternExampleListArray sample 3\",\n    \"value\": [\n      [\n        \"OG8821C\",\n        [\n          \"OG8821C\"\n        ]\n      ]\n    ]\n  },\n  {\n    \"title\": \"patternExampleListArray sample 4\",\n    \"value\": [\n      [\n        \"CEY38\",\n        [\n          \"CEY38\"\n        ]\n      ],\n      [\n        \"QFRx615D\",\n        [\n          \"QFR5615D\",\n          \"QFR8615D\",\n          \"QFR4615D\"\n        ]\n      ],\n      [\n        \"VMJ547\",\n        [\n          \"VMJ547\"\n        ]\n      ]\n    ]\n  },\n  {\n    \"title\": \"patternExampleListArray sample 5\",\n    \"value\": [\n      [\n        \"XS9N\",\n        [\n          \"XS9N\"\n        ]\n      ],\n      [\n        \"TU028\",\n        [\n          \"TU028\"\n        ]\n      ],\n      [\n        \"OW8Q\",\n        [\n          \"OW8Q\"\n        ]\n      ],\n      [\n        \"WPX480\",\n        [\n          \"WPX480\"\n        ]\n      ]\n    ]\n  },\n  {\n    \"title\": \"patternExampleListArray sample 6\",\n    \"value\": [\n      [\n        \"TE4x*\",\n        [\n          \"TE49R7C8E\",\n          \"TE415H44CEOA\",\n          \"TE41\",\n          \"TE45PV2B2G\",\n          \"TE40YA3GWTH\"\n        ]\n      ]\n    ]\n  },\n  {\n    \"title\": \"patternExampleListArray sample 7\",\n    \"value\": [\n      [\n        \"PYE5**4\",\n        [\n          \"PYE54T44U7S62D4\",\n          \"PYE5NF7X4\",\n          \"PYE5JPTPPEL74B4\",\n          \"PYE5WHFQXTEPQY4\"\n        ]\n      ],\n      [\n        \"GS96\",\n        [\n          \"GS96\"\n        ]\n      ],\n      [\n        \"OO02x2\",\n        [\n          \"OO0292\",\n          \"OO0272\",\n          \"OO0222\",\n          \"OO0262\",\n          \"OO0242\"\n        ]\n      ],\n      [\n        \"JP74B\",\n        [\n          \"JP74B\"\n        ]\n      ],\n      [\n        \"RP13\",\n        [\n          \"RP13\"\n        ]\n      ],\n      [\n        \"XE7*\",\n        [\n          \"XE7YS9Y0FX\",\n          \"XE7E\",\n          \"XE7U\",\n          \"XE7WV9P\"\n        ]\n      ],\n      [\n        \"IA4x3\",\n        [\n          \"IA413\",\n          \"IA483\",\n          \"IA423\",\n          \"IA473\",\n          \"IA443\",\n          \"IA433\",\n          \"IA403\",\n          \"IA453\"\n        ]\n      ],\n      [\n        \"LZ65\",\n        [\n          \"LZ65\"\n        ]\n      ],\n      [\n        \"XR861\",\n        [\n          \"XR861\"\n        ]\n      ],\n      [\n        \"ZL75\",\n        [\n          \"ZL75\"\n        ]\n      ],\n      [\n        \"CR12*x\",\n        [\n          \"CR12ED3\",\n          \"CR12W2\",\n          \"CR12HCRU1\",\n          \"CR1235\",\n          \"CR122\",\n          \"CR12305347WG5\"\n        ]\n      ]\n    ]\n  },\n  {\n    \"title\": \"patternExampleListArray sample 8\",\n    \"value\": [\n      [\n        \"FN38\",\n        [\n          \"FN38\"\n        ]\n      ]\n    ]\n  },\n  {\n    \"title\": \"patternExampleListArray sample 9\",\n    \"value\": [\n      [\n        \"ZH7V\",\n        [\n          \"ZH7V\"\n        ]\n      ],\n      [\n        \"UM98G\",\n        [\n          \"UM98G\"\n        ]\n      ],\n      [\n        \"RC*K\",\n        [\n          \"RCK\",\n          \"RC94OK\",\n          \"RCWK\",\n          \"RCNK\",\n          \"RCAX9HD6K\",\n          \"RCROMPN94K\",\n          \"RCWDHTU7K\",\n          \"RCOGU2STK\",\n          \"RCNBYK\"\n        ]\n      ],\n      [\n        \"YDV11\",\n        [\n          \"YDV11\"\n        ]\n      ],\n      [\n        \"YD54\",\n        [\n          \"YD54\"\n        ]\n      ],\n      [\n        \"ZAK2\",\n        [\n          \"ZAK2\"\n        ]\n      ],\n      [\n        \"AY4\",\n        [\n          \"AY4\"\n        ]\n      ]\n    ]\n  }\n]",
              "code": "const patternExampleListArray = fast_check_1.array(index_test_1.patternExampleList, { minLength: 1 });\nfast_check_1.sample(patternExampleListArray, 10).forEach((sample, i) => addContext_1.default(this, {\n    title: `patternExampleListArray sample ${i}`,\n    value: sample,\n}));\nreturn fast_check_1.assert(fast_check_1.property(patternExampleListArray, (ts) => {\n    const re = _1.patternToRE(...ts.map(([patternStr]) => patternStr));\n    return ts\n        .map(([, examples]) => examples)\n        .flat()\n        .every(re.test.bind(re));\n}));",
              "err": {},
              "uuid": "90cdd367-8a47-4d9e-bc7a-8120a5348ae5",
              "parentUUID": "ee308bb5-7d53-4024-a78a-1597e43f69d3",
              "isHook": false,
              "skipped": false
            },
            {
              "title": "should not match x to non-number",
              "fullTitle": "patternToRE should not match x to non-number",
              "timedOut": false,
              "duration": 0,
              "state": "passed",
              "speed": "fast",
              "pass": true,
              "fail": false,
              "pending": false,
              "context": null,
              "code": "const re = _1.patternToRE(\"x\");\n[\"A\", \"Z\", \"c\", \"#\"].forEach((example) => isInvalidExample(re, example));",
              "err": {},
              "uuid": "51ca523f-9051-4172-a2d0-354ba631acae",
              "parentUUID": "ee308bb5-7d53-4024-a78a-1597e43f69d3",
              "isHook": false,
              "skipped": false
            },
            {
              "title": "should not match * to a substring composed of characters other than A-Z and 0-9",
              "fullTitle": "patternToRE should not match * to a substring composed of characters other than A-Z and 0-9",
              "timedOut": false,
              "duration": 1,
              "state": "passed",
              "speed": "fast",
              "pass": true,
              "fail": false,
              "pending": false,
              "context": null,
              "code": "const re = _1.patternToRE(\"*\");\n[\"c\", \"Ac\", \"cA\", \"0Ax\", \"x0A\", \"BA#\", \"#AB\"].forEach((example) => isInvalidExample(re, example));",
              "err": {},
              "uuid": "ca618ead-eb7a-4aeb-9950-18902737e686",
              "parentUUID": "ee308bb5-7d53-4024-a78a-1597e43f69d3",
              "isHook": false,
              "skipped": false
            },
            {
              "title": "should not match substrings",
              "fullTitle": "patternToRE should not match substrings",
              "timedOut": false,
              "duration": 0,
              "state": "passed",
              "speed": "fast",
              "pass": true,
              "fail": false,
              "pending": false,
              "context": null,
              "code": "const re = _1.patternToRE(\"A*xC\");\n[\"A1CZ\", \"AC1CZ\", \"ZA1C\", \"ZAC1C\", \"ZA1CZ\", \"ZAC1CZ\"].forEach((example) => isInvalidExample(re, example));",
              "err": {},
              "uuid": "0b5b0a79-75d8-498a-9ff5-a5973fe82363",
              "parentUUID": "ee308bb5-7d53-4024-a78a-1597e43f69d3",
              "isHook": false,
              "skipped": false
            }
          ],
          "suites": [],
          "passes": [
            "65abaab8-89d6-452c-9e97-e5151fb79803",
            "90cdd367-8a47-4d9e-bc7a-8120a5348ae5",
            "51ca523f-9051-4172-a2d0-354ba631acae",
            "ca618ead-eb7a-4aeb-9950-18902737e686",
            "0b5b0a79-75d8-498a-9ff5-a5973fe82363"
          ],
          "failures": [],
          "pending": [],
          "skipped": [],
          "duration": 81,
          "root": false,
          "rootEmpty": false,
          "_timeout": 2000
        },
        {
          "uuid": "bb70b893-b40f-4c94-be43-043e8fe24eb9",
          "title": "patternSatisfier",
          "fullFile": "/home/runner/work/planwithus-lib/planwithus-lib/src/matchRule/pattern/satisfiers.test.ts",
          "file": "/src/matchRule/pattern/satisfiers.test.ts",
          "beforeHooks": [],
          "afterHooks": [],
          "tests": [
            {
              "title": "should assign all modules with *",
              "fullTitle": "patternSatisfier should assign all modules with *",
              "timedOut": false,
              "duration": 1,
              "state": "passed",
              "speed": "fast",
              "pass": true,
              "fail": false,
              "pending": false,
              "context": null,
              "code": "const { assign } = satisfiers_1.patternSatisfier(ref, \"*\");\nisCorrectAssign(assign, modulesList1, modulesList1.map(([moduleStr]) => moduleStr));",
              "err": {},
              "uuid": "60316979-2c7e-425a-a08a-fc5aee478e6f",
              "parentUUID": "bb70b893-b40f-4c94-be43-043e8fe24eb9",
              "isHook": false,
              "skipped": false
            },
            {
              "title": "should assign only valid modules with pattern containing *",
              "fullTitle": "patternSatisfier should assign only valid modules with pattern containing *",
              "timedOut": false,
              "duration": 0,
              "state": "passed",
              "speed": "fast",
              "pass": true,
              "fail": false,
              "pending": false,
              "context": null,
              "code": "const { assign } = satisfiers_1.patternSatisfier(ref, \"CS2*\");\nisCorrectAssign(assign, modulesList1, [\"CS2100\", \"CS2040S\", \"CS2030\"]);",
              "err": {},
              "uuid": "4e9e5e75-b102-4b3d-b51a-eda013d1e28c",
              "parentUUID": "bb70b893-b40f-4c94-be43-043e8fe24eb9",
              "isHook": false,
              "skipped": false
            },
            {
              "title": "should assign only valid modules with pattern containing x",
              "fullTitle": "patternSatisfier should assign only valid modules with pattern containing x",
              "timedOut": false,
              "duration": 0,
              "state": "passed",
              "speed": "fast",
              "pass": true,
              "fail": false,
              "pending": false,
              "context": null,
              "code": "const { assign } = satisfiers_1.patternSatisfier(ref, \"CS20xx\");\nisCorrectAssign(assign, modulesList1, [\"CS2030\"]);",
              "err": {},
              "uuid": "e593b9a4-3a52-4bff-a3b3-598c25757ba1",
              "parentUUID": "bb70b893-b40f-4c94-be43-043e8fe24eb9",
              "isHook": false,
              "skipped": false
            },
            {
              "title": "should assign only valid modules with pattern containing x and *",
              "fullTitle": "patternSatisfier should assign only valid modules with pattern containing x and *",
              "timedOut": false,
              "duration": 0,
              "state": "passed",
              "speed": "fast",
              "pass": true,
              "fail": false,
              "pending": false,
              "context": null,
              "code": "const { assign } = satisfiers_1.patternSatisfier(ref, \"CS20xx*\");\nisCorrectAssign(assign, modulesList1, [\"CS2040S\", \"CS2030\"]);",
              "err": {},
              "uuid": "90a7b3a9-7e01-4804-bee2-238dad3c7901",
              "parentUUID": "bb70b893-b40f-4c94-be43-043e8fe24eb9",
              "isHook": false,
              "skipped": false
            }
          ],
          "suites": [],
          "passes": [
            "60316979-2c7e-425a-a08a-fc5aee478e6f",
            "4e9e5e75-b102-4b3d-b51a-eda013d1e28c",
            "e593b9a4-3a52-4bff-a3b3-598c25757ba1",
            "90a7b3a9-7e01-4804-bee2-238dad3c7901"
          ],
          "failures": [],
          "pending": [],
          "skipped": [],
          "duration": 1,
          "root": false,
          "rootEmpty": false,
          "_timeout": 2000
        },
        {
          "uuid": "8fca26d3-532f-4129-a93a-ac124cb16d10",
          "title": "patternSchema",
          "fullFile": "/home/runner/work/planwithus-lib/planwithus-lib/src/matchRule/pattern/schemas.test.ts",
          "file": "/src/matchRule/pattern/schemas.test.ts",
          "beforeHooks": [],
          "afterHooks": [],
          "tests": [
            {
              "title": "should validate non-empty pattern composed of A-Z, 0-9, x or *",
              "fullTitle": "patternSchema should validate non-empty pattern composed of A-Z, 0-9, x or *",
              "timedOut": false,
              "duration": 1,
              "state": "passed",
              "speed": "fast",
              "pass": true,
              "fail": false,
              "pending": false,
              "context": "[\n  {\n    \"title\": \"pattern sample 0\",\n    \"value\": \"WZC*\"\n  },\n  {\n    \"title\": \"pattern sample 1\",\n    \"value\": \"ZGP401\"\n  },\n  {\n    \"title\": \"pattern sample 2\",\n    \"value\": \"AGD658T\"\n  },\n  {\n    \"title\": \"pattern sample 3\",\n    \"value\": \"WL5Y\"\n  },\n  {\n    \"title\": \"pattern sample 4\",\n    \"value\": \"LO18E\"\n  },\n  {\n    \"title\": \"pattern sample 5\",\n    \"value\": \"BP52\"\n  },\n  {\n    \"title\": \"pattern sample 6\",\n    \"value\": \"OEG2O\"\n  },\n  {\n    \"title\": \"pattern sample 7\",\n    \"value\": \"TSK0Z\"\n  },\n  {\n    \"title\": \"pattern sample 8\",\n    \"value\": \"HX5*\"\n  },\n  {\n    \"title\": \"pattern sample 9\",\n    \"value\": \"GDG8U\"\n  }\n]",
              "code": "fast_check_1.sample(index_test_2.pattern, 10).forEach((sample, i) => addContext_1.default(this, {\n    title: `pattern sample ${i}`,\n    value: sample,\n}));\nreturn fast_check_1.assert(fast_check_1.property(index_test_2.pattern, ajvValidate), {\n    examples: [[\"*\"], [\"ACC1002\"], [\"IS1103\"], [\"CS1231S\"], [\"MA1102R\"]],\n});",
              "err": {},
              "uuid": "74689961-706a-4b0e-a12a-fbfb021f1d7a",
              "parentUUID": "8fca26d3-532f-4129-a93a-ac124cb16d10",
              "isHook": false,
              "skipped": false
            },
            {
              "title": "should not validate empty pattern",
              "fullTitle": "patternSchema should not validate empty pattern",
              "timedOut": false,
              "duration": 0,
              "state": "passed",
              "speed": "fast",
              "pass": true,
              "fail": false,
              "pending": false,
              "context": null,
              "code": "isInvalidPattern(\"\")",
              "err": {},
              "uuid": "0f21724f-60b1-4490-ac1e-b0e25759a703",
              "parentUUID": "8fca26d3-532f-4129-a93a-ac124cb16d10",
              "isHook": false,
              "skipped": false
            },
            {
              "title": "should not validate pattern with invalid characters",
              "fullTitle": "patternSchema should not validate pattern with invalid characters",
              "timedOut": false,
              "duration": 1,
              "state": "passed",
              "speed": "fast",
              "pass": true,
              "fail": false,
              "pending": false,
              "context": null,
              "code": "[\"AB123a\", \"Ac123a\", \"AB123^S\", \"AB1*3^S\", \"$A1*3^S\", \"/A1x33S\"].forEach(isInvalidPattern)",
              "err": {},
              "uuid": "833e5a63-18d4-4edf-88d7-acf20db120e4",
              "parentUUID": "8fca26d3-532f-4129-a93a-ac124cb16d10",
              "isHook": false,
              "skipped": false
            }
          ],
          "suites": [],
          "passes": [
            "74689961-706a-4b0e-a12a-fbfb021f1d7a",
            "0f21724f-60b1-4490-ac1e-b0e25759a703",
            "833e5a63-18d4-4edf-88d7-acf20db120e4"
          ],
          "failures": [],
          "pending": [],
          "skipped": [],
          "duration": 2,
          "root": false,
          "rootEmpty": false,
          "_timeout": 2000
        },
        {
          "uuid": "55d29616-ccf1-4240-bc68-f0a4ef15e1c7",
          "title": "patternMatchRuleSatisfier",
          "fullFile": "/home/runner/work/planwithus-lib/planwithus-lib/src/matchRule/satisfiers.test.ts",
          "file": "/src/matchRule/satisfiers.test.ts",
          "beforeHooks": [],
          "afterHooks": [],
          "tests": [
            {
              "title": "should assign only valid modules with pattern match rule containing no exclude patterns",
              "fullTitle": "patternMatchRuleSatisfier should assign only valid modules with pattern match rule containing no exclude patterns",
              "timedOut": false,
              "duration": 1,
              "state": "passed",
              "speed": "fast",
              "pass": true,
              "fail": false,
              "pending": false,
              "context": null,
              "code": "const { assign } = satisfiers_1.patternMatchRuleSatisfier(ref, { pattern: \"CS1xxx*\" });\nisCorrectAssign(assign, modulesList1, [\"CS1231\", \"CS1231S\"]);",
              "err": {},
              "uuid": "5db0d9e9-a898-4962-a51a-8fe1a1ff20a4",
              "parentUUID": "55d29616-ccf1-4240-bc68-f0a4ef15e1c7",
              "isHook": false,
              "skipped": false
            },
            {
              "title": "should assign only valid modules with pattern match rule containing an exclude pattern",
              "fullTitle": "patternMatchRuleSatisfier should assign only valid modules with pattern match rule containing an exclude pattern",
              "timedOut": false,
              "duration": 0,
              "state": "passed",
              "speed": "fast",
              "pass": true,
              "fail": false,
              "pending": false,
              "context": null,
              "code": "const { assign } = satisfiers_1.patternMatchRuleSatisfier(ref, {\n    pattern: \"MA1xxx*\",\n    exclude: \"MA15xx\",\n});\nisCorrectAssign(assign, modulesList1, [\n    \"MA1100\",\n    \"MA1101R\",\n    \"MA1102R\",\n    \"MA1511A\",\n]);",
              "err": {},
              "uuid": "fc502368-6587-42a5-8718-15b2a9d73c20",
              "parentUUID": "55d29616-ccf1-4240-bc68-f0a4ef15e1c7",
              "isHook": false,
              "skipped": false
            },
            {
              "title": "should assign only valid modules with pattern match rule containing multiple exclude patterns",
              "fullTitle": "patternMatchRuleSatisfier should assign only valid modules with pattern match rule containing multiple exclude patterns",
              "timedOut": false,
              "duration": 0,
              "state": "passed",
              "speed": "fast",
              "pass": true,
              "fail": false,
              "pending": false,
              "context": null,
              "code": "const { assign } = satisfiers_1.patternMatchRuleSatisfier(ref, {\n    pattern: \"MA*\",\n    exclude: [\"MA151x*\", \"MA2xxx\"],\n});\nisCorrectAssign(assign, modulesList1, [\n    \"MA1100\",\n    \"MA1101R\",\n    \"MA1102R\",\n    \"MA1507\",\n    \"MA1521\",\n    \"MA2101S\",\n]);",
              "err": {},
              "uuid": "f9813e7f-d956-4b48-b3de-3c435e020deb",
              "parentUUID": "55d29616-ccf1-4240-bc68-f0a4ef15e1c7",
              "isHook": false,
              "skipped": false
            }
          ],
          "suites": [],
          "passes": [
            "5db0d9e9-a898-4962-a51a-8fe1a1ff20a4",
            "fc502368-6587-42a5-8718-15b2a9d73c20",
            "f9813e7f-d956-4b48-b3de-3c435e020deb"
          ],
          "failures": [],
          "pending": [],
          "skipped": [],
          "duration": 1,
          "root": false,
          "rootEmpty": false,
          "_timeout": 2000
        },
        {
          "uuid": "57655f5f-4a5a-4e0e-8dd3-813d96111eab",
          "title": "matchRuleSchema",
          "fullFile": "/home/runner/work/planwithus-lib/planwithus-lib/src/matchRule/schemas.test.ts",
          "file": "/src/matchRule/schemas.test.ts",
          "beforeHooks": [],
          "afterHooks": [],
          "tests": [
            {
              "title": "should validate match rule with valid pattern",
              "fullTitle": "matchRuleSchema should validate match rule with valid pattern",
              "timedOut": false,
              "duration": 1,
              "state": "passed",
              "speed": "fast",
              "pass": true,
              "fail": false,
              "pending": false,
              "context": "[\n  {\n    \"title\": \"pattern sample 0\",\n    \"value\": \"JK613\"\n  },\n  {\n    \"title\": \"pattern sample 1\",\n    \"value\": \"OAx789I\"\n  },\n  {\n    \"title\": \"pattern sample 2\",\n    \"value\": \"EZ**58\"\n  },\n  {\n    \"title\": \"pattern sample 3\",\n    \"value\": \"ON8L\"\n  },\n  {\n    \"title\": \"pattern sample 4\",\n    \"value\": \"WP98\"\n  },\n  {\n    \"title\": \"pattern sample 5\",\n    \"value\": \"IWx*16\"\n  },\n  {\n    \"title\": \"pattern sample 6\",\n    \"value\": \"LA118R\"\n  },\n  {\n    \"title\": \"pattern sample 7\",\n    \"value\": \"IIY81\"\n  },\n  {\n    \"title\": \"pattern sample 8\",\n    \"value\": \"AJ9369\"\n  },\n  {\n    \"title\": \"pattern sample 9\",\n    \"value\": \"JUR77\"\n  }\n]",
              "code": "fast_check_1.sample(index_test_3.pattern, 10).forEach((sample, i) => addContext_1.default(this, {\n    title: `pattern sample ${i}`,\n    value: sample,\n}));\nreturn fast_check_1.assert(fast_check_1.property(index_test_3.pattern, ajvValidate));",
              "err": {},
              "uuid": "da552e3e-6623-4a84-ba74-7bff132ab046",
              "parentUUID": "57655f5f-4a5a-4e0e-8dd3-813d96111eab",
              "isHook": false,
              "skipped": false
            },
            {
              "title": "should validate match rules with valid pattern, exclude and info",
              "fullTitle": "matchRuleSchema should validate match rules with valid pattern, exclude and info",
              "timedOut": false,
              "duration": 8,
              "state": "passed",
              "speed": "fast",
              "pass": true,
              "fail": false,
              "pending": false,
              "context": "[\n  {\n    \"title\": \"patternMatchRule sample 0\",\n    \"value\": {\n      \"pattern\": \"XYN195U\",\n      \"exclude\": [\n        \"DWUx*0x\",\n        \"CKK62N\",\n        \"ZHB*172\"\n      ],\n      \"info\": \"uoaM5o5E\"\n    }\n  },\n  {\n    \"title\": \"patternMatchRule sample 1\",\n    \"value\": {\n      \"pattern\": \"QQK26\",\n      \"exclude\": \"WMG28S\",\n      \"info\": \"\"\n    }\n  },\n  {\n    \"title\": \"patternMatchRule sample 2\",\n    \"value\": {\n      \"pattern\": \"EMY0\",\n      \"exclude\": \"OH4734P\",\n      \"info\": \"\"\n    }\n  },\n  {\n    \"title\": \"patternMatchRule sample 3\",\n    \"value\": {\n      \"pattern\": \"IVL124K\",\n      \"info\": \"C\"\n    }\n  },\n  {\n    \"title\": \"patternMatchRule sample 4\",\n    \"value\": {\n      \"pattern\": \"KJ95Q\",\n      \"exclude\": [],\n      \"info\": \"$LLk_\"\n    }\n  },\n  {\n    \"title\": \"patternMatchRule sample 5\",\n    \"value\": {\n      \"pattern\": \"WAT04\",\n      \"exclude\": [],\n      \"info\": \"\\\"K\"\n    }\n  },\n  {\n    \"title\": \"patternMatchRule sample 6\",\n    \"value\": {\n      \"pattern\": \"GZC34\",\n      \"info\": \"|iq\"\n    }\n  },\n  {\n    \"title\": \"patternMatchRule sample 7\",\n    \"value\": {\n      \"pattern\": \"RB3\",\n      \"exclude\": \"JEE7*\",\n      \"info\": \"\"\n    }\n  },\n  {\n    \"title\": \"patternMatchRule sample 8\",\n    \"value\": {\n      \"pattern\": \"UY0W\",\n      \"exclude\": [\n        \"RUY70\",\n        \"LHS18\",\n        \"RJ5\"\n      ],\n      \"info\": \"#`,L.U\"\n    }\n  },\n  {\n    \"title\": \"patternMatchRule sample 9\",\n    \"value\": {\n      \"pattern\": \"NF120\",\n      \"exclude\": \"RI*1x\",\n      \"info\": \"Ibxy \"\n    }\n  }\n]",
              "code": "fast_check_1.sample(index_test_2.patternMatchRule, 10).forEach((sample, i) => addContext_1.default(this, {\n    title: `patternMatchRule sample ${i}`,\n    value: sample,\n}));\nreturn fast_check_1.assert(fast_check_1.property(index_test_2.patternMatchRule, ajvValidate));",
              "err": {},
              "uuid": "dfc0cf7f-f899-4959-81c8-08549d647cbd",
              "parentUUID": "57655f5f-4a5a-4e0e-8dd3-813d96111eab",
              "isHook": false,
              "skipped": false
            },
            {
              "title": "should validate valid recursive match rules",
              "fullTitle": "matchRuleSchema should validate valid recursive match rules",
              "timedOut": false,
              "duration": 5,
              "state": "passed",
              "speed": "fast",
              "pass": true,
              "fail": false,
              "pending": false,
              "context": "[\n  {\n    \"title\": \"matchRule sample 0\",\n    \"value\": {\n      \"or\": [\n        {\n          \"pattern\": \"GN1L\",\n          \"info\": \"\"\n        },\n        {\n          \"or\": [\n            {\n              \"or\": [\n                \"KV7444\"\n              ]\n            },\n            {\n              \"and\": [\n                {\n                  \"or\": [\n                    \"XL*9\",\n                    \"RQFx22\"\n                  ]\n                },\n                \"UP096\",\n                \"QWJ558K\"\n              ]\n            },\n            {\n              \"and\": [\n                \"HVx54Z\"\n              ]\n            }\n          ]\n        },\n        {\n          \"or\": [\n            \"UH06\"\n          ]\n        },\n        {\n          \"or\": [\n            {\n              \"pattern\": \"RE54D\",\n              \"exclude\": \"XHZx3\",\n              \"info\": \"}ag\"\n            },\n            {\n              \"and\": [\n                \"HYB275O\",\n                \"NZT892X\"\n              ]\n            },\n            \"NZx008W\",\n            {\n              \"or\": [\n                \"OO35\",\n                {\n                  \"and\": [\n                    {\n                      \"or\": [\n                        \"SQG*5\",\n                        \"AX*79L\"\n                      ]\n                    },\n                    \"VK1\",\n                    \"TFH056x\",\n                    \"UN772x\",\n                    {\n                      \"pattern\": \"NXT807O\",\n                      \"exclude\": [\n                        \"CRV50\",\n                        \"QQ0260N\"\n                      ],\n                      \"info\": \"&/+\"\n                    }\n                  ]\n                },\n                \"ZI585C\",\n                {\n                  \"or\": []\n                },\n                {\n                  \"and\": [\n                    \"YJ78\",\n                    \"ZOT7U\",\n                    {\n                      \"pattern\": \"IBN64N\",\n                      \"exclude\": [\n                        \"EBI4K\",\n                        \"UI999\",\n                        \"HJ303\",\n                        \"JFM3F\"\n                      ],\n                      \"info\": \"\"\n                    },\n                    \"DUX966R\",\n                    {\n                      \"or\": [\n                        \"JXxA\"\n                      ]\n                    }\n                  ]\n                }\n              ]\n            }\n          ]\n        }\n      ]\n    }\n  },\n  {\n    \"title\": \"matchRule sample 1\",\n    \"value\": {\n      \"pattern\": \"EU28Z\",\n      \"exclude\": [\n        \"WNQ88C\"\n      ]\n    }\n  },\n  {\n    \"title\": \"matchRule sample 2\",\n    \"value\": {\n      \"pattern\": \"INx5N\",\n      \"exclude\": [\n        \"DO9\"\n      ]\n    }\n  },\n  {\n    \"title\": \"matchRule sample 3\",\n    \"value\": {\n      \"pattern\": \"WJ6N\",\n      \"info\": \"}\"\n    }\n  },\n  {\n    \"title\": \"matchRule sample 4\",\n    \"value\": {\n      \"or\": []\n    }\n  },\n  {\n    \"title\": \"matchRule sample 5\",\n    \"value\": \"UFC6I\"\n  },\n  {\n    \"title\": \"matchRule sample 6\",\n    \"value\": {\n      \"and\": [\n        {\n          \"and\": [\n            {\n              \"pattern\": \"AWP9P\",\n              \"exclude\": \"MR65S\",\n              \"info\": \"I4SuQ[,[Rg\"\n            },\n            {\n              \"and\": [\n                {\n                  \"and\": [\n                    \"DI7960\",\n                    {\n                      \"and\": [\n                        \"XFFx66T\",\n                        \"YZD7X\",\n                        \"XU28T\"\n                      ]\n                    },\n                    \"IL*44E\",\n                    {\n                      \"or\": [\n                        \"EL327\",\n                        \"UB2R\",\n                        \"WQ491\",\n                        {\n                          \"or\": [\n                            \"UP5959V\",\n                            \"WEU8*L\",\n                            \"NXA05\",\n                            {\n                              \"and\": [\n                                \"MV1127G\",\n                                \"QWB847I\"\n                              ]\n                            }\n                          ]\n                        },\n                        \"QM27\"\n                      ]\n                    }\n                  ]\n                },\n                \"CDQ416\"\n              ]\n            },\n            {\n              \"pattern\": \"YU2269\",\n              \"exclude\": \"KRD8009\",\n              \"info\": \"VqND{?@>6\"\n            }\n          ]\n        },\n        {\n          \"pattern\": \"DXP*6\",\n          \"exclude\": [\n            \"MXY277\",\n            \"TJ9*42C\"\n          ]\n        },\n        {\n          \"or\": []\n        },\n        {\n          \"or\": [\n            {\n              \"and\": []\n            },\n            {\n              \"or\": [\n                {\n                  \"or\": [\n                    \"IQ0\",\n                    \"JL5\",\n                    \"XC2\",\n                    \"OP*x32S\",\n                    \"RH4\"\n                  ]\n                },\n                \"HX742xE\"\n              ]\n            }\n          ]\n        },\n        {\n          \"pattern\": \"LM*94\",\n          \"info\": \"Gkop~dE-Xd\"\n        }\n      ]\n    }\n  },\n  {\n    \"title\": \"matchRule sample 7\",\n    \"value\": \"MB*\"\n  },\n  {\n    \"title\": \"matchRule sample 8\",\n    \"value\": {\n      \"or\": []\n    }\n  },\n  {\n    \"title\": \"matchRule sample 9\",\n    \"value\": {\n      \"and\": [\n        {\n          \"or\": [\n            \"RODx92xG\"\n          ]\n        }\n      ]\n    }\n  }\n]",
              "code": "fast_check_1.sample(index_test_2.matchRule, 10).forEach((sample, i) => addContext_1.default(this, {\n    title: `matchRule sample ${i}`,\n    value: sample,\n}));\nreturn fast_check_1.assert(fast_check_1.property(index_test_2.matchRule, ajvValidate));",
[...]
              "isHook": false,
              "skipped": false
            },
            {
              "title": "should preserve list of modules with upper bound of MCs if total MC count is equal",
              "fullTitle": "inequalitySatisfier should preserve list of modules with upper bound of MCs if total MC count is equal",
              "timedOut": false,
              "duration": 0,
              "state": "passed",
              "speed": "fast",
              "pass": true,
              "fail": false,
              "pending": false,
              "context": null,
              "code": "const satisfier = satisfiers_1.inequalitySatisfier(ref, \"<=28\");\nsatisfier.should.have.property(\"filter\");\nconst { filter } = satisfier;\nisCorrectFilter(filter, modulesList1, modulesList1.map(([moduleStr]) => moduleStr));",
              "err": {},
              "uuid": "cff8fd30-a771-4500-bdea-7abe510bd5c9",
              "parentUUID": "89342bc7-9da7-4fb6-9bc2-746f9889265a",
              "isHook": false,
              "skipped": false
            },
            {
              "title": "should preserve list of modules with upper bound of MCs if total MC count is lower",
              "fullTitle": "inequalitySatisfier should preserve list of modules with upper bound of MCs if total MC count is lower",
              "timedOut": false,
              "duration": 0,
              "state": "passed",
              "speed": "fast",
              "pass": true,
              "fail": false,
              "pending": false,
              "context": null,
              "code": "const satisfier = satisfiers_1.inequalitySatisfier(ref, \"<=32\");\nsatisfier.should.have.property(\"filter\");\nconst { filter } = satisfier;\nisCorrectFilter(filter, modulesList1, modulesList1.map(([moduleStr]) => moduleStr));",
              "err": {},
              "uuid": "58cb5b55-a34c-410a-909b-0b93be19323c",
              "parentUUID": "89342bc7-9da7-4fb6-9bc2-746f9889265a",
              "isHook": false,
              "skipped": false
            },
            {
              "title": "should truncate list of modules with upper bound of MCs at exact cutoff if total MC count is higher and there exists some starting sequence with exact MC count",
              "fullTitle": "inequalitySatisfier should truncate list of modules with upper bound of MCs at exact cutoff if total MC count is higher and there exists some starting sequence with exact MC count",
              "timedOut": false,
              "duration": 0,
              "state": "passed",
              "speed": "fast",
              "pass": true,
              "fail": false,
              "pending": false,
              "context": null,
              "code": "const satisfier = satisfiers_1.inequalitySatisfier(ref, \"<=16\");\nsatisfier.should.have.property(\"filter\");\nconst { filter } = satisfier;\nisCorrectFilter(filter, modulesList1, [\n    \"CS2100\",\n    \"GER1000\",\n    \"CS2040S\",\n    \"ST2131\",\n]);",
              "err": {},
              "uuid": "914e085d-8408-418a-9eab-ae951aa31dfd",
              "parentUUID": "89342bc7-9da7-4fb6-9bc2-746f9889265a",
              "isHook": false,
              "skipped": false
            },
            {
              "title": "should truncate list of modules with upper bound of MCs, cutting off at the minimum starting sequence that exceeds upper bound, if total MC count is higher and there exists no starting sequence with exact MC count",
              "fullTitle": "inequalitySatisfier should truncate list of modules with upper bound of MCs, cutting off at the minimum starting sequence that exceeds upper bound, if total MC count is higher and there exists no starting sequence with exact MC count",
              "timedOut": false,
              "duration": 0,
              "state": "passed",
              "speed": "fast",
              "pass": true,
              "fail": false,
              "pending": false,
              "context": null,
              "code": "const satisfier = satisfiers_1.inequalitySatisfier(ref, \"<=17\");\nsatisfier.should.have.property(\"filter\");\nconst { filter } = satisfier;\nisCorrectFilter(filter, modulesList1, [\n    \"CS2100\",\n    \"GER1000\",\n    \"CS2040S\",\n    \"ST2131\",\n    \"MA1521\",\n]);",
              "err": {},
              "uuid": "ca65c831-503b-49ca-9d30-fe9190c4921b",
              "parentUUID": "89342bc7-9da7-4fb6-9bc2-746f9889265a",
              "isHook": false,
              "skipped": false
            }
          ],
          "suites": [],
          "passes": [
            "1bc5a492-f77f-44ca-b898-9acaa7481c19",
            "72834b1c-0166-4338-87dd-ac09e1066e18",
            "a97763b1-5ce2-4104-a0f3-15df67e6eadb",
            "cff8fd30-a771-4500-bdea-7abe510bd5c9",
            "58cb5b55-a34c-410a-909b-0b93be19323c",
            "914e085d-8408-418a-9eab-ae951aa31dfd",
            "ca65c831-503b-49ca-9d30-fe9190c4921b"
          ],
          "failures": [],
          "pending": [],
          "skipped": [],
          "duration": 1,
          "root": false,
          "rootEmpty": false,
          "_timeout": 2000
        },
        {
          "uuid": "c30242ca-95a6-492e-a64f-562e0dcbb9f4",
          "title": "inequalitySchema",
          "fullFile": "/home/runner/work/planwithus-lib/planwithus-lib/src/satisfyRule/inequality/schemas.test.ts",
          "file": "/src/satisfyRule/inequality/schemas.test.ts",
          "beforeHooks": [],
          "afterHooks": [],
          "tests": [
            {
              "title": "should validate inequality in the form <=n or >=n",
              "fullTitle": "inequalitySchema should validate inequality in the form <=n or >=n",
              "timedOut": false,
              "duration": 0,
              "state": "passed",
              "speed": "fast",
              "pass": true,
              "fail": false,
              "pending": false,
              "context": "[\n  {\n    \"title\": \"inequality sample 0\",\n    \"value\": \"<=195\"\n  },\n  {\n    \"title\": \"inequality sample 1\",\n    \"value\": \"<=198\"\n  },\n  {\n    \"title\": \"inequality sample 2\",\n    \"value\": \">=59\"\n  },\n  {\n    \"title\": \"inequality sample 3\",\n    \"value\": \">=17\"\n  },\n  {\n    \"title\": \"inequality sample 4\",\n    \"value\": \"<=8\"\n  },\n  {\n    \"title\": \"inequality sample 5\",\n    \"value\": \"<=28\"\n  },\n  {\n    \"title\": \"inequality sample 6\",\n    \"value\": \"<=179\"\n  },\n  {\n    \"title\": \"inequality sample 7\",\n    \"value\": \"<=7\"\n  },\n  {\n    \"title\": \"inequality sample 8\",\n    \"value\": \">=1\"\n  },\n  {\n    \"title\": \"inequality sample 9\",\n    \"value\": \">=165\"\n  }\n]",
              "code": "fast_check_1.sample(index_test_2.inequality, 10).forEach((sample, i) => addContext_1.default(this, {\n    title: `inequality sample ${i}`,\n    value: sample,\n}));\nreturn fast_check_1.assert(fast_check_1.property(index_test_2.inequality, ajvValidate));",
              "err": {},
              "uuid": "41c24e96-9b57-42af-a4f3-84a9e29d6e49",
              "parentUUID": "c30242ca-95a6-492e-a64f-562e0dcbb9f4",
              "isHook": false,
              "skipped": false
            },
            {
              "title": "should not validate inequality of invalid form",
              "fullTitle": "inequalitySchema should not validate inequality of invalid form",
              "timedOut": false,
              "duration": 1,
              "state": "passed",
              "speed": "fast",
              "pass": true,
              "fail": false,
              "pending": false,
              "context": null,
              "code": "[\n        \"\",\n        \"==23\",\n        \"23\",\n        \"<23\",\n        \">23\",\n        \"<=-1\",\n        \">=-1\",\n        \"<= 2\",\n        \">= 1\",\n        \"> 3\",\n        \"< 3\",\n        \"<=3a\",\n        \">=3a\",\n        \"a<=3\",\n        \"a>=3\",\n    ].forEach(isInvalidInequality)",
              "err": {},
              "uuid": "44c1a249-1a09-4f9e-8bc4-cb7dc1762795",
              "parentUUID": "c30242ca-95a6-492e-a64f-562e0dcbb9f4",
              "isHook": false,
              "skipped": false
            }
          ],
          "suites": [],
          "passes": [
            "41c24e96-9b57-42af-a4f3-84a9e29d6e49",
            "44c1a249-1a09-4f9e-8bc4-cb7dc1762795"
          ],
          "failures": [],
          "pending": [],
          "skipped": [],
          "duration": 1,
          "root": false,
          "rootEmpty": false,
          "_timeout": 2000
        },
        {
          "uuid": "00cf7782-918d-444e-aa89-b95e9830ad19",
          "title": "satisfyRuleSchema",
          "fullFile": "/home/runner/work/planwithus-lib/planwithus-lib/src/satisfyRule/schemas.test.ts",
          "file": "/src/satisfyRule/schemas.test.ts",
          "beforeHooks": [],
          "afterHooks": [],
          "tests": [
            {
              "title": "should validate satisfy rule with valid block id",
              "fullTitle": "satisfyRuleSchema should validate satisfy rule with valid block id",
              "timedOut": false,
              "duration": 1,
              "state": "passed",
              "speed": "fast",
              "pass": true,
              "fail": false,
              "pending": false,
              "context": null,
              "code": "fast_check_1.assert(fast_check_1.property(fast_check_1.string(), ajvValidate)",
              "err": {},
              "uuid": "f4933376-d7eb-4d4f-976a-c0e39760667c",
              "parentUUID": "00cf7782-918d-444e-aa89-b95e9830ad19",
              "isHook": false,
              "skipped": false
            },
            {
              "title": "should validate satisfy rules with valid mc",
              "fullTitle": "satisfyRuleSchema should validate satisfy rules with valid mc",
              "timedOut": false,
              "duration": 2,
              "state": "passed",
              "speed": "fast",
              "pass": true,
              "fail": false,
              "pending": false,
              "context": "[\n  {\n    \"title\": \"mcSatisfyRule sample 0\",\n    \"value\": {\n      \"mc\": \"<=180\"\n    }\n  },\n  {\n    \"title\": \"mcSatisfyRule sample 1\",\n    \"value\": {\n      \"mc\": \">=199\"\n    }\n  },\n  {\n    \"title\": \"mcSatisfyRule sample 2\",\n    \"value\": {\n      \"mc\": \">=118\"\n    }\n  },\n  {\n    \"title\": \"mcSatisfyRule sample 3\",\n    \"value\": {\n      \"mc\": \"<=120\"\n    }\n  },\n  {\n    \"title\": \"mcSatisfyRule sample 4\",\n    \"value\": {\n      \"mc\": \"<=18\"\n    }\n  },\n  {\n    \"title\": \"mcSatisfyRule sample 5\",\n    \"value\": {\n      \"mc\": \"<=3\"\n    }\n  },\n  {\n    \"title\": \"mcSatisfyRule sample 6\",\n    \"value\": {\n      \"mc\": \">=183\"\n    }\n  },\n  {\n    \"title\": \"mcSatisfyRule sample 7\",\n    \"value\": {\n      \"mc\": \">=190\"\n    }\n  },\n  {\n    \"title\": \"mcSatisfyRule sample 8\",\n    \"value\": {\n      \"mc\": \"<=2\"\n    }\n  },\n  {\n    \"title\": \"mcSatisfyRule sample 9\",\n    \"value\": {\n      \"mc\": \">=195\"\n    }\n  }\n]",
              "code": "fast_check_1.sample(index_test_2.mcSatisfyRule, 10).forEach((sample, i) => addContext_1.default(this, {\n    title: `mcSatisfyRule sample ${i}`,\n    value: sample,\n}));\nreturn fast_check_1.assert(fast_check_1.property(index_test_2.mcSatisfyRule, ajvValidate));",
              "err": {},
              "uuid": "575f761a-6efa-44d7-bc29-d9dd7f3cd580",
              "parentUUID": "00cf7782-918d-444e-aa89-b95e9830ad19",
              "isHook": false,
              "skipped": false
            },
            {
              "title": "should validate valid recursive satisfy rules",
              "fullTitle": "satisfyRuleSchema should validate valid recursive satisfy rules",
              "timedOut": false,
              "duration": 4,
              "state": "passed",
              "speed": "fast",
              "pass": true,
              "fail": false,
              "pending": false,
              "context": "[\n  {\n    \"title\": \"satisfyRule sample 0\",\n    \"value\": {\n      \"and\": [\n        {\n          \"or\": []\n        },\n        \"dRy3M+\\\\e\"\n      ]\n    }\n  },\n  {\n    \"title\": \"satisfyRule sample 1\",\n    \"value\": \"NYE\\\"&\"\n  },\n  {\n    \"title\": \"satisfyRule sample 2\",\n    \"value\": {\n      \"mc\": \">=8\"\n    }\n  },\n  {\n    \"title\": \"satisfyRule sample 3\",\n    \"value\": {\n      \"or\": []\n    }\n  },\n  {\n    \"title\": \"satisfyRule sample 4\",\n    \"value\": {\n      \"mc\": \">=104\"\n    }\n  },\n  {\n    \"title\": \"satisfyRule sample 5\",\n    \"value\": \"c:\"\n  },\n  {\n    \"title\": \"satisfyRule sample 6\",\n    \"value\": {\n      \"mc\": \">=197\"\n    }\n  },\n  {\n    \"title\": \"satisfyRule sample 7\",\n    \"value\": {\n      \"and\": []\n    }\n  },\n  {\n    \"title\": \"satisfyRule sample 8\",\n    \"value\": {\n      \"mc\": \"<=1\"\n    }\n  },\n  {\n    \"title\": \"satisfyRule sample 9\",\n    \"value\": {\n      \"or\": [\n        \")}pfY,{\\\\y[\"\n      ]\n    }\n  }\n]",
              "code": "fast_check_1.sample(index_test_2.satisfyRule, 10).forEach((sample, i) => addContext_1.default(this, {\n    title: `satisfyRule sample ${i}`,\n    value: sample,\n}));\nreturn fast_check_1.assert(fast_check_1.property(index_test_2.satisfyRule, ajvValidate));",
              "err": {},
              "uuid": "99b322dd-38fe-4203-a8c2-5bcd16a27d3d",
              "parentUUID": "00cf7782-918d-444e-aa89-b95e9830ad19",
              "isHook": false,
              "skipped": false
            },
            {
              "title": "should not validate non-string/object",
              "fullTitle": "satisfyRuleSchema should not validate non-string/object",
              "timedOut": false,
              "duration": 1,
              "state": "passed",
              "speed": "fast",
              "pass": true,
              "fail": false,
              "pending": false,
              "context": null,
              "code": "const error = {\n    instancePath: \"\",\n    message: \"satisfy rule should be either a string or an object\",\n};\nisInvalidRule(null, error);\nisInvalidRule(undefined, error);\nisInvalidRule(10, error);\nisInvalidRule([12, 24], error);",
              "err": {},
              "uuid": "b9f4e709-590f-4709-8a73-adaef51953c1",
              "parentUUID": "00cf7782-918d-444e-aa89-b95e9830ad19",
              "isHook": false,
              "skipped": false
            },
            {
              "title": "should not validate satisfy rules with extra properties",
              "fullTitle": "satisfyRuleSchema should not validate satisfy rules with extra properties",
              "timedOut": false,
              "duration": 1,
              "state": "passed",
              "speed": "fast",
              "pass": true,
              "fail": false,
              "pending": false,
              "context": null,
              "code": "isInvalidRule({\n        and: [\n            { or: [\"2k\"], abc: \"def\" },\n            { mc: 8, ghi: \"jkl\" },\n        ],\n        mno: \"pqr\",\n    }, {\n        instancePath: \"/and/0\",\n        message: \"or satisfy rule should have property 'or' only\",\n    }, {\n        instancePath: \"/and/1\",\n        message: \"MC satisfy rule should have property 'mc' only\",\n    }, {\n        instancePath: \"\",\n        message: \"and satisfy rule should have property 'and' only\",\n    })",
              "err": {},
              "uuid": "14588bce-d7fe-4a50-baee-2ae3b7a00002",
              "parentUUID": "00cf7782-918d-444e-aa89-b95e9830ad19",
              "isHook": false,
              "skipped": false
            },
            {
              "title": "should not validate ambiguous satisfy rules",
              "fullTitle": "satisfyRuleSchema should not validate ambiguous satisfy rules",
              "timedOut": false,
              "duration": 0,
              "state": "passed",
              "speed": "fast",
              "pass": true,
              "fail": false,
              "pending": false,
              "context": null,
              "code": "const message = \"satisfy rule should have only one of properties 'mc', 'and', 'or'\";\nisInvalidRule({\n    or: [\n        { mc: 5, and: [\"CS2040\"] },\n        { and: [{ and: [\"abc\"], or: [\"def\"] }] },\n    ],\n}, { instancePath: \"/or/0\", message }, { instancePath: \"/or/1/and/0\", message });",
              "err": {},
              "uuid": "aa344ae4-d04f-4e8c-a91c-1f59baadcf9c",
              "parentUUID": "00cf7782-918d-444e-aa89-b95e9830ad19",
              "isHook": false,
              "skipped": false
            },
            {
              "title": "should not validate and satisfy rules with non-array property",
              "fullTitle": "satisfyRuleSchema should not validate and satisfy rules with non-array property",
              "timedOut": false,
              "duration": 0,
              "state": "passed",
              "speed": "fast",
              "pass": true,
              "fail": false,
              "pending": false,
              "context": null,
              "code": "const message = \"property 'and' should be an array of satisfy rules\";\nisInvalidRule({ or: [{ and: {} }, { or: [{ and: 3 }] }] }, { instancePath: \"/or/0/and\", message }, { instancePath: \"/or/1/or/0/and\", message });",
              "err": {},
              "uuid": "05a29935-d6ab-4e45-8f54-285bedd35b91",
              "parentUUID": "00cf7782-918d-444e-aa89-b95e9830ad19",
              "isHook": false,
              "skipped": false
            },
            {
              "title": "should not validate or satisfy rules with non-array property",
              "fullTitle": "satisfyRuleSchema should not validate or satisfy rules with non-array property",
              "timedOut": false,
              "duration": 0,
              "state": "passed",
              "speed": "fast",
              "pass": true,
              "fail": false,
              "pending": false,
              "context": null,
              "code": "const message = \"property 'or' should be an array of satisfy rules\";\nisInvalidRule({ and: [{ or: {} }, { and: [{ or: 3 }] }] }, { instancePath: \"/and/0/or\", message }, { instancePath: \"/and/1/and/0/or\", message });",
              "err": {},
              "uuid": "62f7e51f-24f2-44d6-977e-e3af0d132d00",
              "parentUUID": "00cf7782-918d-444e-aa89-b95e9830ad19",
              "isHook": false,
              "skipped": false
            }
          ],
          "suites": [],
          "passes": [
            "f4933376-d7eb-4d4f-976a-c0e39760667c",
            "575f761a-6efa-44d7-bc29-d9dd7f3cd580",
            "99b322dd-38fe-4203-a8c2-5bcd16a27d3d",
            "b9f4e709-590f-4709-8a73-adaef51953c1",
            "14588bce-d7fe-4a50-baee-2ae3b7a00002",
            "aa344ae4-d04f-4e8c-a91c-1f59baadcf9c",
            "05a29935-d6ab-4e45-8f54-285bedd35b91",
            "62f7e51f-24f2-44d6-977e-e3af0d132d00"
          ],
          "failures": [],
          "pending": [],
          "skipped": [],
          "duration": 9,
          "root": false,
          "rootEmpty": false,
          "_timeout": 2000
        }
      ],
      "passes": [],
      "failures": [],
      "pending": [],
      "skipped": [],
      "duration": 0,
      "root": true,
      "rootEmpty": true,
      "_timeout": 2000
    }
  ],
  "meta": {
    "mocha": {
      "version": "9.0.2"
    },
    "mochawesome": {
      "options": {
        "quiet": false,
        "reportFilename": "mochawesome",
        "saveHtml": true,
        "saveJson": true,
        "consoleReporter": "spec",
        "useInlineDiffs": false,
        "code": true
      },
      "version": "6.2.2"
    },
    "marge": {
      "options": {
        "reportDir": "docs"
      },
      "version": "5.2.0"
    }
  }
}