{
  "stats": {
    "suites": 10,
    "tests": 48,
    "passes": 48,
    "pending": 0,
    "failures": 0,
    "start": "2021-08-04T08:06:57.446Z",
    "end": "2021-08-04T08:06:57.754Z",
    "duration": 308,
    "testsRegistered": 48,
    "passPercent": 100,
    "pendingPercent": 0,
    "other": 0,
    "hasOther": false,
    "skipped": 0,
    "hasSkipped": false
  },
  "results": [
    {
      "uuid": "9b54a6ab-dc53-44b4-b6db-b2bf1a137ee4",
      "title": "",
      "fullFile": "",
      "file": "",
      "beforeHooks": [],
      "afterHooks": [],
      "tests": [],
      "suites": [
        {
          "uuid": "5da80cb7-9105-43cd-bdf4-48af177b255a",
          "title": "initDirectories",
          "fullFile": "/home/runner/work/planwithus-lib/planwithus-lib/src/block/schemas.test.ts",
          "file": "/src/block/schemas.test.ts",
          "beforeHooks": [],
          "afterHooks": [],
          "tests": [
            {
              "title": "should parse all blocks with no errors",
              "fullTitle": "initDirectories should parse all blocks with no errors",
              "timedOut": false,
              "duration": 2,
              "state": "passed",
              "speed": "fast",
              "pass": true,
              "fail": false,
              "pending": false,
              "context": null,
              "code": "_1.initDirectories.should.not.throw()",
              "err": {},
              "uuid": "60dbd9ee-5e65-4b9c-9d8d-87dd240e4133",
              "parentUUID": "5da80cb7-9105-43cd-bdf4-48af177b255a",
              "isHook": false,
              "skipped": false
            },
            {
              "title": "should produce primary, second & minor directories",
              "fullTitle": "initDirectories should produce primary, second & minor directories",
              "timedOut": false,
              "duration": 2,
              "state": "passed",
              "speed": "fast",
              "pass": true,
              "fail": false,
              "pending": false,
              "context": null,
              "code": "const directories = _1.initDirectories();\ndirectories.should.have.property(\"primary\");\ndirectories.should.have.property(\"second\");\ndirectories.should.have.property(\"minor\");",
              "err": {},
              "uuid": "c2cbbfb0-10fd-4073-b609-014e7c837119",
              "parentUUID": "5da80cb7-9105-43cd-bdf4-48af177b255a",
              "isHook": false,
              "skipped": false
            }
          ],
          "suites": [],
          "passes": [
            "60dbd9ee-5e65-4b9c-9d8d-87dd240e4133",
            "c2cbbfb0-10fd-4073-b609-014e7c837119"
          ],
          "failures": [],
          "pending": [],
          "skipped": [],
          "duration": 4,
          "root": false,
          "rootEmpty": false,
          "_timeout": 2000
        },
        {
          "uuid": "9d137a3c-237f-43aa-9123-16ba963963b8",
          "title": "blockSchema",
          "fullFile": "/home/runner/work/planwithus-lib/planwithus-lib/src/block/schemas.test.ts",
          "file": "/src/block/schemas.test.ts",
          "beforeHooks": [],
          "afterHooks": [],
          "tests": [
            {
              "title": "should validate valid block",
              "fullTitle": "blockSchema should validate valid block",
              "timedOut": false,
              "duration": 174,
              "state": "passed",
              "speed": "slow",
              "pass": true,
              "fail": false,
              "pending": false,
              "context": "[\n  {\n    \"title\": \"block sample 0\",\n    \"value\": {\n      \"name\": \"Al\",\n      \"ay\": 1981,\n      \"assign\": [\n        \"hQl^g1O{\",\n        \"[l\",\n        \"-fqQ\",\n        \"((2\",\n        \"~&\"\n      ],\n      \"match\": [],\n      \"url\": \"http://y0n5t1s3ujdid9dbl75-g.qs0an8nhzowjgrnvmu3owc5dkcsmg-51uj1ro7t0umfxap9.jnsfys-nwz879zpizz5a33uwrr9v.bazedwack/no%F2%A4%AD%81q_W/9U%F1%A4%85%ACAw;/%F2%A9%A5%B2E@I3K&ESJ/O*IP/Cq\",\n      \"info\": \"e\",\n      \"isSelectable\": true,\n      \"U<\": {\n        \"name\": \"\",\n        \"ay\": 1974,\n        \"assign\": [],\n        \"match\": \"XZ7513\",\n        \"url\": \"http://qr0rua.ukg/*6_/!:%F2%A1%B3%9D8/:1z/6P(rAGD/r3/Z%F3%8C%A5%A42i)TK%F1%9D%AA%A5N\",\n        \"info\": \"`$f%h1%,*^\",\n        \"isSelectable\": true\n      },\n      \"L~(\": {\n        \"name\": \"sYF|> lX\",\n        \"ay\": 1976,\n        \"assign\": \"R-JYLTeZU+\",\n        \"match\": [\n          {\n            \"or\": [\n              {\n                \"or\": [\n                  \"DG4*93E\"\n                ]\n              },\n              {\n                \"and\": [\n                  \"TLG6O\",\n                  \"SMx99Z\"\n                ]\n              },\n              {\n                \"and\": [\n                  {\n                    \"or\": [\n                      \"NCD965H\",\n                      {\n                        \"pattern\": \"LZA775M\",\n                        \"exclude\": \"VQ6\",\n                        \"info\": \"qJ.$\"\n                      },\n                      \"VI85R\",\n                      {\n                        \"or\": [\n                          \"AZH703xM\",\n                          {\n                            \"and\": [\n                              {\n                                \"or\": [\n                                  {\n                                    \"and\": [\n                                      \"DRA3189E\",\n                                      \"AO821\",\n                                      \"PYx594F\"\n                                    ]\n                                  },\n                                  \"YXD503\",\n                                  \"TO3G\"\n                                ]\n                              },\n                              \"IE092Z\"\n                            ]\n                          },\n                          \"CS3L\"\n                        ]\n                      },\n                      \"UURx4M\"\n                    ]\n                  },\n                  {\n                    \"and\": [\n                      {\n                        \"pattern\": \"AG54\",\n                        \"exclude\": \"UTZ7169O\"\n                      }\n                    ]\n                  },\n                  \"ALV2S\",\n                  {\n                    \"pattern\": \"AXV7\",\n                    \"exclude\": [\n                      \"UVQ1\",\n                      \"ATN2xD\",\n                      \"NQF5384\"\n                    ],\n                    \"info\": \"v;u\"\n                  }\n                ]\n              },\n              {\n                \"or\": [\n                  \"XB0N\"\n                ]\n              },\n              {\n                \"or\": [\n                  \"UENxZ\"\n                ]\n              }\n            ]\n          },\n          \"KJX4\"\n        ],\n        \"satisfy\": [\n          {\n            \"mc\": \"<=150\"\n          },\n          {\n            \"or\": [\n              \"TZs,t|\",\n              {\n                \"or\": [\n                  {\n                    \"mc\": \">=15\"\n                  },\n                  \"KQ6W\",\n                  \"wJ+\",\n                  {\n                    \"mc\": \"<=127\"\n                  },\n                  {\n                    \"and\": [\n                      {\n                        \"and\": []\n                      }\n                    ]\n                  }\n                ]\n              },\n              {\n                \"mc\": \">=65\"\n              }\n            ]\n          },\n          {\n            \"and\": [\n              \"!/]#`B\",\n              {\n                \"or\": [\n                  {\n                    \"and\": [\n                      \"V9 #gGzr4\",\n                      \"FjZ\\\">&Z.i\",\n                      {\n                        \"and\": [\n                          \"\",\n                          \"{j%R\",\n                          \"Wt4vr%`- w\",\n                          \"5c4\\\\Kt\"\n                        ]\n                      }\n                    ]\n                  },\n                  {\n                    \"mc\": \"<=138\"\n                  }\n                ]\n              },\n              {\n                \"mc\": \">=81\"\n              },\n              {\n                \"and\": [\n                  \"c\",\n                  \"=~/\",\n                  {\n                    \"or\": [\n                      \"wOLVfV\",\n                      \"Ge+1\",\n                      {\n                        \"or\": []\n                      },\n                      \"VMUE3^6\",\n                      \"ld7wg&x6nH\"\n                    ]\n                  },\n                  \"6xkM&fgFD\"\n                ]\n              }\n            ]\n          }\n        ],\n        \"url\": \"http://2h7inqrfw779rwkx9wvjemnqeglnrsp29td-dg-giedkqv9728q.aeygp/%F2%B2%87%9A&41/My+_\",\n        \"info\": \"@R-z63\"\n      },\n      \"\": {\n        \"name\": \"n\",\n        \"ay\": 1988,\n        \"match\": {\n          \"or\": [\n            \"IPBx4x\",\n            {\n              \"and\": []\n            }\n          ]\n        },\n        \"satisfy\": {\n          \"and\": []\n        },\n        \"url\": \"https://b.2ugsx3od79xkcnprflcimw1e1wvilf0xoi74jm06j0b1t.obpgeotn90mylwb66a9vd48g5-151g2eqg47gske9t.wbgmr610wp2up0ugyon2.lmnllc/OD/q$qTWBr/b%F1%96%AB%9BDY//W0q4g@q/%F2%8E%BE%9CPyY6C/3%F2%B0%AB%83/m%F0%BC%BA%98y7g%F1%94%86%B0mj/BvSAtH*g-\",\n        \"info\": \"\"\n      },\n      \"%Y8E\": {\n        \"name\": \"FJJ8yAzW5\",\n        \"ay\": 1958,\n        \"assign\": \"\",\n        \"match\": {\n          \"and\": [\n            {\n              \"or\": [\n                {\n                  \"and\": []\n                },\n                {\n                  \"or\": [\n                    \"GEN3H\",\n                    \"KJR911C\"\n                  ]\n                },\n                \"DLW2\",\n                \"SIK4x21\",\n                {\n                  \"pattern\": \"TD53*\",\n                  \"exclude\": [],\n                  \"info\": \"[N\"\n                }\n              ]\n            }\n          ]\n        },\n        \"satisfy\": {\n          \"and\": []\n        },\n        \"url\": \"https://d.j.lzullqwi/*$N:q%F1%B6%BE%9C~/Ax2%F3%B3%9A%9CReJ&/%F3%A1%89%92I)/.vNr%F3%B8%84%BENOV\",\n        \"info\": \"%\"\n      },\n      \"w\": {\n        \"ay\": 1974,\n        \"assign\": \"l\",\n        \"match\": {\n          \"or\": [\n            {\n              \"or\": [\n                {\n                  \"pattern\": \"WM91\",\n                  \"exclude\": \"BT641\",\n                  \"info\": \"lo5V'o\"\n                },\n                \"SW9E\",\n                {\n                  \"pattern\": \"SCS*\",\n                  \"exclude\": \"YN65x*\"\n                },\n                {\n                  \"and\": [\n                    \"DMM9P\",\n                    {\n                      \"or\": [\n                        \"UTx6N\",\n                        {\n                          \"pattern\": \"WS3887O\",\n                          \"exclude\": \"BIZ74P\"\n                        },\n                        {\n                          \"and\": []\n                        },\n                        \"CDV4944Z\",\n                        {\n                          \"and\": [\n                            \"RQx34H\",\n                            \"BO89x5T\",\n                            {\n                              \"and\": []\n                            },\n                            \"PIE*\",\n                            \"UW08\"\n                          ]\n                        }\n                      ]\n                    },\n                    {\n                      \"pattern\": \"UIG487*G\",\n                      \"exclude\": [],\n                      \"info\": \"BCrPG\"\n                    }\n                  ]\n                }\n              ]\n            }\n          ]\n        },\n        \"satisfy\": [\n          {\n            \"or\": [\n              {\n                \"or\": [\n                  \"79\",\n                  \"UQL6u,8@(X\"\n                ]\n              },\n              {\n                \"or\": [\n                  {\n                    \"and\": [\n                      \"%2\",\n                      \"}eaP\",\n                      \"}{#BF^KQ\",\n                      {\n                        \"or\": [\n                          {\n                            \"and\": [\n                              \"5Mu{q&T\",\n                              \"*e< j\",\n                              \"J?|%H\"\n                            ]\n                          },\n                          \"Ud$.2A\",\n                          \"_cY]\"\n                        ]\n                      },\n                      \"\"\n                    ]\n                  },\n                  \"Nb.\"\n                ]\n              }\n            ]\n          },\n          {\n            \"and\": [\n              {\n                \"mc\": \">=2\"\n              },\n              {\n                \"mc\": \"<=102\"\n              },\n              {\n                \"mc\": \"<=165\"\n              },\n              {\n                \"or\": [\n                  \"5;e0\",\n                  \":N(N#-1WL\"\n                ]\n              }\n            ]\n          },\n          {\n            \"or\": [\n              {\n                \"or\": [\n                  {\n                    \"and\": []\n                  },\n                  \"3\",\n                  \"\",\n                  {\n                    \"or\": [\n                      {\n                        \"mc\": \"<=67\"\n                      },\n                      {\n                        \"and\": [\n                          \"6jez-|IBA\",\n                          \"\"\n                        ]\n                      },\n                      \"*J\"\n                    ]\n                  }\n                ]\n              },\n              {\n                \"or\": [\n                  \"bwBgB@ tp\"\n                ]\n              },\n              {\n                \"or\": [\n                  \"vc+diElhc/\",\n                  {\n                    \"mc\": \"<=125\"\n                  },\n                  \"cMh@\",\n                  \"J\",\n                  \"ymN-Y4[Q\"\n                ]\n              },\n              {\n                \"or\": [\n                  \"`**0]\\\"EyK\"\n                ]\n              }\n            ]\n          },\n          {\n            \"or\": [\n              {\n                \"and\": [\n                  \"#z%_+itO\",\n                  \"UqA#oMu\"\n                ]\n              }\n            ]\n          },\n          {\n            \"and\": [\n              {\n                \"or\": []\n              },\n              \"pZv{25=H`J\",\n              \"p?SF2z]s ]\"\n            ]\n          }\n        ],\n        \"url\": \"http://zs8yeaegsx9wpvlbcwhm5avreunq1unajn-g34eli0veo3xmd6tx.ge5uyt-5uswq45tu1za3lung937.nimyqlxka/AD=/-F;a8Nje/P//DgUWrZ/H\"\n      }\n    }\n  },\n  {\n    \"title\": \"block sample 1\",\n    \"value\": {\n      \"name\": \",Y\",\n      \"ay\": 2007,\n      \"assign\": [\n        \"x}$\",\n        \"y&K~[Q%\"\n      ],\n      \"match\": [],\n      \"satisfy\": [\n        \"\",\n        {\n          \"mc\": \"<=30\"\n        },\n        {\n          \"and\": [\n            \"\"\n          ]\n        },\n        \"=,\\\"\"\n      ],\n      \"url\": \"https://8q-pj20qrdzr88zg0skhrqk19xth.u9a7g-i.goppxs//0cb;*\",\n      \"info\": \"czeDX-C2\",\n      \"isSelectable\": true,\n      \"#B\": {\n        \"name\": \"~[\",\n        \"ay\": 2016,\n        \"assign\": [\n          \"\",\n          \"c\"\n        ],\n        \"match\": [\n          {\n            \"and\": [\n              {\n                \"or\": [\n                  \"EI3\",\n                  \"SQ3Z\",\n                  {\n                    \"or\": [\n                      {\n                        \"and\": [\n                          \"FU01\",\n                          \"YLN279H\",\n                          \"DBD37*\",\n                          {\n                            \"pattern\": \"NVJ64\"\n                          }\n                        ]\n                      },\n                      \"NT758L\",\n                      \"XR9916E\"\n                    ]\n                  },\n                  {\n                    \"or\": [\n                      {\n                        \"and\": [\n                          {\n                            \"pattern\": \"NQQ7Z\",\n                            \"exclude\": [\n                              \"YAZ802xH\",\n                              \"OA6733\"\n                            ],\n                            \"info\": \"\"\n                          },\n                          \"BMK0\",\n                          \"DM44\",\n                          \"VWH78x\"\n                        ]\n                      },\n                      \"NPF92O\"\n                    ]\n                  }\n                ]\n              }\n            ]\n          },\n          {\n            \"pattern\": \"PVF09*3\",\n            \"exclude\": \"LWU*494\",\n            \"info\": \"\"\n          },\n          \"TV6727S\",\n          \"DB0129N\"\n        ],\n        \"satisfy\": {\n          \"or\": [\n            {\n              \"and\": [\n                {\n                  \"and\": [\n                    {\n                      \"mc\": \"<=88\"\n                    },\n                    \"xHB_-Naj5#\",\n                    \"m\\\\_pZQO-\"\n                  ]\n                },\n                {\n                  \"mc\": \"<=144\"\n                },\n                \",/v4\"\n              ]\n            },\n            {\n              \"mc\": \">=197\"\n            },\n            {\n              \"or\": [\n                \"u:JB|(Il\",\n                \"\",\n                {\n                  \"or\": []\n                },\n                {\n                  \"and\": []\n                },\n                \"5x2^l!4c7O\"\n              ]\n            }\n          ]\n        },\n        \"isSelectable\": true\n      },\n      \"\": {\n        \"name\": \"Go{]iX\\\"e@\",\n        \"ay\": 1953,\n        \"satisfy\": [\n          {\n            \"and\": []\n          }\n        ],\n        \"url\": \"http://afb.qcejxexl//\",\n        \"info\": \"\",\n        \"isSelectable\": true,\n        \"!% z#xII\": {\n          \"name\": \"?s2I/SIs\",\n          \"ay\": 2020,\n          \"assign\": [],\n          \"match\": {\n            \"or\": [\n              \"WT44\",\n              \"UJC*9L\"\n            ]\n          },\n          \"satisfy\": [\n            \"|pdnb5wh\",\n            {\n              \"mc\": \"<=168\"\n            },\n            {\n              \"and\": []\n            }\n          ],\n          \"url\": \"https://byf8ptgtzyxwh1ln7s2ubc4l1ttf0t0po6zfseicur-jl9a.ezc8pjkj6f9pa.eibmaxi3qfz-gsh3cwyzro59htzt1dld0d0uc3vnf7bx5.h3b.zvwzyxuz/\",\n          \"info\": \"{\",\n          \"isSelectable\": true\n        },\n        \"Z$9\": {\n          \"name\": \"U|\\\"=^PZ\",\n          \"ay\": 1954,\n          \"assign\": \";\",\n          \"match\": [\n            {\n              \"or\": [\n                \"FM*\",\n                {\n                  \"pattern\": \"HQ04\",\n                  \"exclude\": [\n                    \"JI1x19\",\n                    \"XHC9V\",\n                    \"KQ24Z\",\n                    \"ZR2*X\",\n                    \"AEI6\"\n                  ],\n                  \"info\": \"4W%\"\n                }\n              ]\n            },\n            {\n              \"pattern\": \"AM9318\",\n              \"exclude\": [\n                \"TX855xV\"\n              ],\n              \"info\": \"2)M)'\"\n            }\n          ],\n          \"satisfy\": [\n            {\n              \"mc\": \">=183\"\n            },\n            {\n              \"and\": []\n            },\n            {\n              \"or\": [\n                {\n                  \"and\": [\n                    \"\",\n                    \" (@ayu\",\n                    \"+:gk$\",\n                    {\n                      \"or\": []\n                    },\n                    {\n                      \"and\": [\n                        {\n                          \"or\": [\n                            \"\",\n                            \"uu.PX@x8\"\n                          ]\n                        },\n                        \"S)tK&!\",\n                        \"@.0sTd;sC\"\n                      ]\n                    }\n                  ]\n                },\n                {\n                  \"and\": [\n                    \"E\",\n                    {\n                      \"and\": [\n                        \"M8H\\\\F*k@U\",\n                        {\n                          \"and\": []\n                        },\n                        \"#\",\n                        \"@}_7nj\"\n                      ]\n                    },\n                    {\n                      \"or\": [\n                        {\n                          \"or\": [\n                            \"os`?\",\n                            \"Ke2#\",\n                            {\n                              \"and\": []\n                            },\n                            {\n                              \"or\": [\n                                \"3:I-}|DC!N\",\n                                \"rot\",\n                                {\n                                  \"and\": [\n                                    \"N^?x(zkbHO\",\n                                    \"Kz>&8cG^\\\"\",\n                                    \"\",\n                                    \"D/y|8Y}\"\n                                  ]\n                                },\n                                \"&)Z\",\n                                \"lf\"\n                              ]\n                            },\n                            \"*,7yE\"\n                          ]\n                        }\n                      ]\n                    },\n                    {\n                      \"mc\": \"<=196\"\n                    }\n                  ]\n                },\n                {\n                  \"mc\": \"<=24\"\n                }\n              ]\n            },\n            {\n              \"or\": [\n                {\n                  \"mc\": \"<=38\"\n                }\n              ]\n            }\n          ],\n          \"url\": \"http://2w8os-10mtwg1j0eu3mjm0p8uc5xmt.cpcwcd/aN\",\n          \"info\": \"{&|[l|jA$Q\"\n        }\n      }\n    }\n  },\n  {\n    \"title\": \"block sample 2\",\n    \"value\": {\n      \"name\": \"hn\",\n      \"ay\": 1956,\n      \"assign\": \".z|\\\\[fI\",\n      \"match\": {\n        \"and\": []\n      },\n      \"satisfy\": {\n        \"and\": [\n          {\n            \"mc\": \">=7\"\n          },\n          \"MoXALd\",\n          {\n            \"or\": [\n              \"u'$T^$i\",\n              \"$$\"\n            ]\n          },\n          {\n            \"mc\": \">=1\"\n          }\n        ]\n      },\n      \"url\": \"http://453w1ih.vin/a+eM@bGf/%F1%A1%AE%99++\",\n      \"isSelectable\": true,\n      \"GzIAAu#M<`\": {\n        \"name\": \"YBj\",\n        \"ay\": 2005,\n        \"assign\": \"7&1|\",\n        \"match\": {\n          \"or\": []\n        },\n        \"satisfy\": {\n          \"mc\": \"<=194\"\n        },\n        \"url\": \"http://r.cj/T1&XN/@/exZ%F2%95%8E%9Aw@qo/1ZiT/.%F3%84%BC%98/*.,n/=/)d/fu/2(\",\n        \"info\": \"}Pp\"\n      }\n    }\n  },\n  {\n    \"title\": \"block sample 3\",\n    \"value\": {\n      \"ay\": 2025,\n      \"assign\": \"}x\",\n      \"match\": [\n        {\n          \"and\": [\n            \"DL66\"\n          ]\n        },\n        {\n          \"pattern\": \"XD628Z\",\n          \"exclude\": \"ABL82A\",\n          \"info\": \"^1`Rud,\\\"\"\n        },\n        \"HT486Z\",\n        {\n          \"and\": [\n            {\n              \"pattern\": \"JJB82*F\",\n              \"info\": \"$DQ0\"\n            },\n            {\n              \"pattern\": \"BI5I\",\n              \"exclude\": \"YSV351\",\n              \"info\": \"\\\"\"\n            },\n            {\n              \"or\": [\n                \"SR6Q\",\n                {\n                  \"and\": []\n                },\n                {\n                  \"pattern\": \"HU1305V\",\n                  \"exclude\": [\n                    \"ZYO0356\",\n                    \"REI5\"\n                  ]\n                },\n                {\n                  \"pattern\": \"JO00\",\n                  \"exclude\": [\n                    \"OEC12\",\n                    \"WDx0\",\n                    \"HGIx79\",\n                    \"HXW88\"\n                  ],\n                  \"info\": \"}U[J2+\"\n                },\n                \"TSD1\"\n              ]\n            },\n            {\n              \"and\": []\n            }\n          ]\n        },\n        {\n          \"or\": [\n            {\n              \"and\": [\n                {\n                  \"pattern\": \"WKS990\",\n                  \"info\": \"oFa$u\"\n                },\n                {\n                  \"pattern\": \"BO6*8\",\n                  \"exclude\": [\n                    \"LZN1V\",\n                    \"QH51\",\n                    \"DI5C\",\n                    \"ASA6\"\n                  ],\n                  \"info\": \"KY\"\n                }\n              ]\n            },\n            {\n              \"and\": [\n                \"LYx6\",\n                {\n                  \"or\": []\n                }\n              ]\n            },\n            {\n              \"and\": [\n                {\n                  \"or\": [\n                    \"RV66N\",\n                    {\n                      \"and\": [\n                        \"DQ6675L\",\n                        \"ILD82\",\n                        \"BT57\",\n                        \"MF*E\"\n                      ]\n                    },\n                    {\n                      \"pattern\": \"TI74\",\n                      \"exclude\": [\n                        \"FA0A\",\n                        \"RK2M\",\n                        \"GOF52\",\n                        \"JZH6\",\n                        \"UTG52\"\n                      ],\n                      \"info\": \"dK-\"\n                    }\n                  ]\n                },\n                {\n                  \"pattern\": \"RV947xF\",\n                  \"info\": \".C4I&\"\n                },\n                \"IP**\",\n                \"UZ62\",\n                \"MEG4\"\n              ]\n            }\n          ]\n        }\n      ],\n      \"satisfy\": {\n        \"and\": [\n          {\n            \"or\": [\n              \"iV{NuDAn\\\\H\"\n            ]\n          },\n          {\n            \"mc\": \"<=194\"\n          },\n          {\n            \"or\": []\n          },\n          {\n            \"mc\": \"<=147\"\n          },\n          {\n            \"mc\": \">=101\"\n          }\n        ]\n      },\n      \"url\": \"https://zrtm4vmlc5yn1rgywyzykwj2sn5.atp/5%F0%BD%A0%A6KFr7,Q//!X)pZdg/(wziPfRb/CYs%F4%82%8D%AA/\",\n      \"info\": \"\",\n      \"isSelectable\": true,\n      \"Q`iEr\": {\n        \"name\": \"a+_BY\",\n        \"ay\": 1972,\n        \"assign\": \"NrTqqGNZ\",\n        \"satisfy\": [\n          {\n            \"mc\": \"<=97\"\n          },\n          {\n            \"or\": [\n              {\n                \"or\": [\n                  {\n                    \"mc\": \"<=58\"\n                  }\n                ]\n              },\n              {\n                \"and\": [\n                  \"98 2T9FZM\",\n                  \"UNKQ/Rth\",\n                  {\n                    \"mc\": \"<=67\"\n                  },\n                  \"G\",\n                  {\n                    \"or\": [\n                      \"uV\",\n                      \"h>p=\",\n                      {\n                        \"and\": []\n                      },\n                      \"me\",\n                      \"72aI\"\n                    ]\n                  }\n                ]\n              }\n            ]\n          }\n        ],\n        \"url\": \"https://y.9vd7.xnnkjma////DHvR&\",\n        \"info\": \"8Dz\",\n        \"isSelectable\": true\n      },\n      \"C\": {\n        \"name\": \"#h^g.\",\n        \"ay\": 1982,\n        \"match\": [\n          {\n            \"and\": [\n              {\n                \"or\": [\n                  \"BNV17\",\n                  \"KBC2\",\n                  \"TPF3R\",\n                  {\n                    \"and\": [\n                      {\n                        \"or\": [\n                          \"FWx895X\",\n                          {\n                            \"pattern\": \"QE*3\",\n                            \"exclude\": \"RK0608J\",\n                            \"info\": \"C&u*32pz\"\n                          },\n                          \"KM3753U\",\n                          {\n                            \"or\": [\n                              \"YQL0924C\",\n                              {\n                                \"pattern\": \"VV4\",\n                                \"exclude\": [\n                                  \"EVH920\",\n                                  \"IC578H\",\n                                  \"NG4216W\",\n                                  \"TNx6A\"\n                                ],\n                                \"info\": \"/*\"\n                              }\n                            ]\n                          },\n                          {\n                            \"and\": [\n                              \"HPX4\"\n                            ]\n                          }\n                        ]\n                      },\n                      \"BYx75\",\n                      {\n                        \"and\": [\n                          \"RJ72\",\n                          \"BUB7800\"\n                        ]\n                      },\n                      {\n                        \"and\": [\n                          \"VX3524\",\n                          \"DIF5\",\n                          {\n                            \"pattern\": \"JMD0590J\",\n                            \"exclude\": \"HJ7141O\",\n                            \"info\": \"9\\\"1%~;o\"\n                          },\n                          \"PRMxS\"\n                        ]\n                      }\n                    ]\n                  }\n                ]\n              },\n              {\n                \"pattern\": \"DVM8667\",\n                \"exclude\": [\n                  \"MJV25xZ\"\n                ],\n                \"info\": \"3wK!>\\\"BJs\"\n              },\n              {\n                \"pattern\": \"KN3\",\n                \"exclude\": \"GTI869\",\n                \"info\": \"<EYR\"\n              },\n              {\n                \"pattern\": \"FQT8x\",\n                \"exclude\": [\n                  \"CR42\",\n                  \"OPJ1234\",\n                  \"QXIx844\",\n                  \"UT9x3\",\n                  \"CGX0\"\n                ],\n                \"info\": \"F\\\"SQM\"\n              },\n              {\n                \"or\": [\n                  {\n                    \"or\": []\n                  }\n                ]\n              }\n            ]\n          },\n          {\n            \"and\": [\n              \"FEU71\",\n              \"RK2*1\"\n            ]\n          },\n          {\n            \"pattern\": \"PVW*3\",\n            \"exclude\": [\n              \"ONQ8*6\",\n              \"CRU0x\",\n              \"CCJ5*7P\",\n              \"DP466U\"\n            ],\n            \"info\": \"T5lq S\\\"/&\"\n          }\n        ],\n        \"satisfy\": {\n          \"and\": [\n            {\n              \"mc\": \"<=42\"\n            },\n            {\n              \"and\": [\n                {\n                  \"mc\": \">=77\"\n                },\n                {\n                  \"and\": []\n                }\n              ]\n            }\n          ]\n        },\n        \"info\": \"w87`UIN|@\",\n        \"isSelectable\": true\n      }\n    }\n  },\n  {\n    \"title\": \"block sample 4\",\n    \"value\": {\n      \"name\": \"mCpscBO\",\n      \"ay\": 2022,\n      \"assign\": \"q\\\"\",\n      \"match\": [],\n      \"satisfy\": {\n        \"or\": [\n          {\n            \"and\": [\n              {\n                \"and\": [\n                  {\n                    \"mc\": \">=15\"\n                  },\n                  {\n                    \"mc\": \">=173\"\n                  },\n                  \"_QghC7-sz}\",\n                  \"Hh'\",\n                  \" /eqW/2~\"\n                ]\n              },\n              \"WP\",\n              {\n                \"or\": [\n                  \"\",\n                  {\n                    \"or\": [\n                      \"(%O!\",\n                      \"Y!oI\"\n                    ]\n                  },\n                  \"}\\\"z.\",\n                  \"\"\n                ]\n              }\n            ]\n          },\n          \"x_DK$0P\",\n          {\n            \"or\": [\n              {\n                \"or\": [\n                  \"5Ml;{tU\"\n                ]\n              },\n              {\n                \"mc\": \">=51\"\n              },\n              {\n                \"mc\": \"<=67\"\n              },\n              {\n                \"and\": [\n                  \"c;0I\"\n                ]\n              },\n              {\n                \"or\": []\n              }\n            ]\n          },\n          \"^Df|T\",\n          {\n            \"or\": [\n              {\n                \"and\": [\n                  {\n                    \"mc\": \"<=84\"\n                  },\n                  {\n                    \"or\": [\n                      {\n                        \"mc\": \">=8\"\n                      },\n                      \"~\",\n                      \"n$,e&q]s\",\n                      \"HAoB\"\n                    ]\n                  },\n                  \"D@gAU`Hxw$\"\n                ]\n              },\n              {\n                \"mc\": \">=44\"\n              },\n              \"odhYm7o)/'\",\n              \"u\",\n              \"oGU+}L~gZo\"\n            ]\n          }\n        ]\n      },\n      \"url\": \"https://ysyxl9ws7smipiaalaqkcwjd.ptppvz8xc-368bg8wjioanon3h-9i.n.bdxev/+j%F2%B7%B3%94JX~r0i/%F3%90%B5%AE_fcc'Ci/(AnSBZg0/%F1%AB%99%849//%F3%AC%8C%A8Z$L9+:%F3%BD%B8%A8@=\",\n      \"info\": \"p9\"\n    }\n  },\n  {\n    \"title\": \"block sample 5\",\n    \"value\": {\n      \"name\": \"N7\",\n      \"ay\": 1950,\n      \"assign\": [\n        \"|vch\",\n        \"?s\",\n        \"N%!\",\n        \"?a&m|{N@\"\n      ],\n      \"match\": [],\n      \"satisfy\": [\n        {\n          \"and\": [\n            {\n              \"and\": [\n                {\n                  \"or\": [\n                    \"s\",\n                    \"rC6^)n]-\",\n                    \"bkrFWhh%a\",\n                    \" \",\n                    \"lz2\"\n                  ]\n                }\n              ]\n            },\n            {\n              \"mc\": \"<=57\"\n            },\n            {\n              \"mc\": \"<=110\"\n            },\n            \"\"\n          ]\n        },\n        \"p. 4ot\"\n      ],\n      \"info\": \"D\"\n    }\n  },\n  {\n    \"title\": \"block sample 6\",\n    \"value\": {\n      \"name\": \"xuy{2\",\n      \"ay\": 1955,\n      \"assign\": [\n        \"\",\n        \"$}) /\",\n        \" $}{Z{ \",\n        \"MNC Nr\"\n      ],\n      \"match\": [],\n      \"satisfy\": [],\n      \"url\": \"http://f3pxtut7o6lun9iydpyxy2bcpwrghq4ly7f5epypb-czo2t5.ca6n05.lpofpmsdvu/r*P.&A'M%F3%9F%AC%9E%F2%A4%88%BA/e/O!g&FMR%F3%91%AF%94/z%F0%97%A7%8CLl/:2x'%F0%AA%B7%BBN/%F1%88%9A%85bSb%F3%A3%BA%A30vII,/k!GxX)q\",\n      \"info\": \"y?&U.&%\",\n      \"isSelectable\": true\n    }\n  },\n  {\n    \"title\": \"block sample 7\",\n    \"value\": {\n      \"assign\": [\n        \"AXmo&D\"\n      ],\n      \"match\": [\n        {\n          \"and\": [\n            {\n              \"and\": []\n            },\n            \"AM050\",\n            {\n              \"and\": [\n                {\n                  \"pattern\": \"YOx90\",\n                  \"info\": \"V3!v\"\n                },\n                {\n                  \"or\": [\n                    {\n                      \"pattern\": \"WS6M\",\n                      \"exclude\": [\n                        \"OV7*\",\n                        \"MAW3\",\n                        \"CW920\",\n                        \"KB1035\"\n                      ],\n                      \"info\": \"~4}R\"\n                    },\n                    {\n                      \"or\": []\n                    },\n                    \"QD8\",\n                    \"BE20U\"\n                  ]\n                }\n              ]\n            },\n            {\n              \"and\": []\n            },\n            \"AV4X\"\n          ]\n        }\n      ],\n      \"satisfy\": [],\n      \"url\": \"http://ydlrceapa4a9a5lcea9ai7dzcd3i9eb6f7e-947dbcsj8khvfbcf7b3bd15ccc7.rdfr\",\n      \"info\": \"p\",\n      \"isSelectable\": true,\n      \"c\": {\n        \"name\": \"# \",\n        \"assign\": [],\n        \"match\": [\n          {\n            \"or\": [\n              {\n                \"and\": [\n                  \"JFF029\",\n                  {\n                    \"or\": [\n                      \"VYD57G\",\n                      {\n                        \"or\": [\n                          {\n                            \"and\": [\n                              \"YRZ42\",\n                              \"RMC6xH\",\n                              \"ZJQ1D\",\n                              \"YP6\",\n                              {\n                                \"or\": [\n                                  \"UY2X\",\n                                  \"MZ02*\",\n                                  \"LZ48H\",\n                                  \"DCL740M\"\n                                ]\n                              }\n                            ]\n                          },\n                          \"NJ2L\",\n                          \"GY9\",\n                          \"QP83\",\n                          \"VIJ42G\"\n                        ]\n                      },\n                      {\n                        \"and\": [\n                          {\n                            \"pattern\": \"KD5292P\",\n                            \"exclude\": []\n                          },\n                          \"SUx2H\",\n                          \"LBxx*7O\",\n                          {\n                            \"pattern\": \"XWC108E\",\n                            \"exclude\": [],\n                            \"info\": \"&Wv\"\n                          }\n                        ]\n                      },\n                      {\n                        \"pattern\": \"VCx876I\",\n                        \"exclude\": \"EE1*0U\",\n                        \"info\": \"8i*\"\n                      },\n                      \"BFY108\"\n                    ]\n                  },\n                  {\n                    \"or\": [\n                      \"XY7*\",\n                      \"KQ390\"\n                    ]\n                  },\n                  \"MG99Y\",\n                  \"OYA231E\"\n                ]\n              }\n            ]\n          },\n          {\n            \"or\": [\n              \"LE59\",\n              \"SK35\",\n              {\n                \"or\": [\n                  {\n                    \"pattern\": \"ZN*58M\",\n                    \"exclude\": \"ERA90\"\n                  }\n                ]\n              },\n              {\n                \"or\": [\n                  \"LT5G\",\n                  {\n                    \"or\": [\n                      {\n                        \"pattern\": \"CH715\",\n                        \"exclude\": [\n                          \"UF3*5T\"\n                        ],\n                        \"info\": \"TNfOL3d?\"\n                      }\n                    ]\n                  },\n                  \"BS7*0\",\n                  {\n                    \"pattern\": \"MV2\",\n                    \"exclude\": \"GEC55\",\n                    \"info\": \"\"\n                  }\n                ]\n              }\n            ]\n          },\n          {\n            \"and\": [\n              \"CQ5T\"\n            ]\n          },\n          \"JEG99L\"\n        ],\n        \"satisfy\": \"F6?\",\n        \"url\": \"https://a5fmczc7f96gbfu6xklofi-9eja7qz-59vsv8wd8f96c-3a9uee4h-chs-yv.60gqv84ub6tx.b6cdw81ec6dmbg5b1pja8pcdblfr7c176ife5bbu7b5fm0acw-3fb--y-ao5j9.bzwu/mf/%F0%A6%83%B9jv/f3/%F0%A1%99%96CM/'i5F_labGA\",\n        \"isSelectable\": true\n      },\n      \"%} #3\": {\n        \"name\": \"oN\",\n        \"ay\": 1952,\n        \"assign\": [],\n        \"match\": [\n          {\n            \"and\": [\n              \"EM1x\",\n              \"FNE55*1\",\n              {\n                \"or\": [\n                  \"AO2*\",\n                  \"SX*D\",\n                  {\n                    \"pattern\": \"VAU260S\",\n                    \"exclude\": \"CV**9*\",\n                    \"info\": \")a:qp\"\n                  }\n                ]\n              },\n              \"WU849Y\"\n            ]\n          },\n          \"JP3\"\n        ],\n        \"satisfy\": [\n          {\n            \"mc\": \"<=144\"\n          },\n          \"]LU[\"\n        ],\n        \"info\": \"\"\n      }\n    }\n  },\n  {\n    \"title\": \"block sample 8\",\n    \"value\": {\n      \"name\": \"R#(kg]N=S\",\n      \"ay\": 1953,\n      \"assign\": [\n        \"\"\n      ],\n      \"match\": [\n        {\n          \"or\": [\n            {\n              \"pattern\": \"LB7K\",\n              \"exclude\": \"KOJ551B\",\n              \"info\": \"\"\n            }\n          ]\n        },\n        {\n          \"or\": []\n        },\n        \"BLW49\",\n        {\n          \"and\": [\n            {\n              \"and\": [\n                \"GS5*\",\n                \"VJ65\",\n                \"LC8A\",\n                {\n                  \"pattern\": \"QX28U\",\n                  \"exclude\": \"PZY985I\",\n                  \"info\": \"Sn4\"\n                }\n              ]\n            },\n            {\n              \"pattern\": \"KZ90X\",\n              \"exclude\": \"KH7M\",\n              \"info\": \"\"\n            }\n          ]\n        }\n      ],\n      \"satisfy\": [\n        \" Ds\",\n        {\n          \"or\": [\n            {\n              \"or\": [\n                \"|/Q\\\"\",\n                \"82*\",\n                \"3[QM}.S'\",\n                \"\",\n                {\n                  \"or\": []\n                }\n              ]\n            },\n            {\n              \"or\": []\n            },\n            {\n              \"mc\": \"<=135\"\n            }\n          ]\n        }\n      ],\n      \"info\": \"&&x9\\\\\\\"(/\",\n      \"isSelectable\": true\n    }\n  },\n  {\n    \"title\": \"block sample 9\",\n    \"value\": {\n      \"name\": \"'s\",\n      \"assign\": [\n        \"pRw`y>\",\n        \"F_*v7MYfZ\",\n        \"P\",\n        \"CKS?G1*{\",\n        \"J|f\"\n      ],\n      \"match\": [\n        {\n          \"pattern\": \"MVV1U\",\n          \"exclude\": [],\n          \"info\": \"UR\\\\n9\"\n        },\n        {\n          \"pattern\": \"FP1\",\n          \"exclude\": [\n            \"ZFC02L\",\n            \"JJL0108B\",\n            \"VS*0xV\",\n            \"PQ47Q\",\n            \"HD8\"\n          ]\n        }\n      ],\n      \"satisfy\": [\n        \"Rd\"\n      ],\n      \"url\": \"https://l.g.qg51i7w-3wede45y25hj1268bug3-n7kn6h6hcx8fzv.cpbsrdgs\",\n      \"info\": \"O3`8QQ\",\n      \"isSelectable\": true\n    }\n  }\n]",
              "code": "fast_check_1.sample(index_test_2.block, 10).forEach((sample, i) => addContext_1.default(this, {\n    title: `block sample ${i}`,\n    value: sample,\n}));\nreturn fast_check_1.assert(fast_check_1.property(index_test_2.block, ajvValidate));",
              "err": {},
              "uuid": "c14a1945-0b78-44b3-915d-89e99ebb9f97",
              "parentUUID": "9d137a3c-237f-43aa-9123-16ba963963b8",
              "isHook": false,
              "skipped": false
            },
            {
              "title": "should not validate non-object",
              "fullTitle": "blockSchema should not validate non-object",
              "timedOut": false,
              "duration": 1,
              "state": "passed",
              "speed": "fast",
              "pass": true,
              "fail": false,
              "pending": false,
              "context": null,
              "code": "const error = {\n    instancePath: \"\",\n    message: \"block should be an object\",\n};\nisInvalidBlock(null, error);\nisInvalidBlock(undefined, error);\nisInvalidBlock(10, error);\nisInvalidBlock([12, 24], error);\nisInvalidBlock(\"abc\", error);",
              "err": {},
              "uuid": "0e753eed-2372-405c-a8ef-ac0abbbf3726",
              "parentUUID": "9d137a3c-237f-43aa-9123-16ba963963b8",
              "isHook": false,
              "skipped": false
            },
            {
              "title": "should not validate block with invalid properties",
              "fullTitle": "blockSchema should not validate block with invalid properties",
              "timedOut": false,
              "duration": 1,
              "state": "passed",
              "speed": "fast",
              "pass": true,
              "fail": false,
              "pending": false,
              "context": null,
              "code": "isInvalidBlock({\n        name: { foo: \"bar\" },\n        ay: -1000,\n        assign: {},\n        match: 1,\n        satisfy: 2,\n        url: { abc: \"def\" },\n        info: 42,\n        isSelectable: 32,\n    }, { instancePath: \"/name\", message: \"property 'name' should be a string\" }, {\n        instancePath: \"/ay\",\n        message: \"property 'ay' should be a positive integer\",\n    }, {\n        instancePath: \"/assign\",\n        message: \"property 'assign' should be either a block ID or an array of block IDs\",\n    }, {\n        instancePath: \"/match\",\n        message: \"property 'match' should be either a match rule or an array of match rules\",\n    }, {\n        instancePath: \"/satisfy\",\n        message: \"property 'satisfy' should be either a satisfy rule or an array of satisfy rules\",\n    }, { instancePath: \"/url\", message: \"property 'url' should be a string\" }, { instancePath: \"/info\", message: \"property 'info' should be a string\" }, {\n        instancePath: \"/isSelectable\",\n        message: \"property 'isSelectable' should be a boolean\",\n    })",
              "err": {},
              "uuid": "50a8f660-3fc6-490f-aad9-689dfe0b5f41",
              "parentUUID": "9d137a3c-237f-43aa-9123-16ba963963b8",
              "isHook": false,
              "skipped": false
            }
          ],
          "suites": [],
          "passes": [
            "c14a1945-0b78-44b3-915d-89e99ebb9f97",
            "0e753eed-2372-405c-a8ef-ac0abbbf3726",
            "50a8f660-3fc6-490f-aad9-689dfe0b5f41"
          ],
          "failures": [],
          "pending": [],
          "skipped": [],
          "duration": 176,
          "root": false,
          "rootEmpty": false,
          "_timeout": 2000
        },
        {
          "uuid": "cf41c141-9e56-4d4d-b475-4262d7f99b3e",
          "title": "patternToRE",
          "fullFile": "/home/runner/work/planwithus-lib/planwithus-lib/src/matchRule/pattern/satisfiers.test.ts",
          "file": "/src/matchRule/pattern/satisfiers.test.ts",
          "beforeHooks": [],
          "afterHooks": [],
          "tests": [
            {
              "title": "should match valid modules with a single pattern",
              "fullTitle": "patternToRE should match valid modules with a single pattern",
              "timedOut": false,
              "duration": 16,
              "state": "passed",
              "speed": "fast",
              "pass": true,
              "fail": false,
              "pending": false,
              "context": "[\n  {\n    \"title\": \"patternExampleList sample 0\",\n    \"value\": [\n      \"SR7\",\n      [\n        \"SR7\"\n      ]\n    ]\n  },\n  {\n    \"title\": \"patternExampleList sample 1\",\n    \"value\": [\n      \"FR90\",\n      [\n        \"FR90\"\n      ]\n    ]\n  },\n  {\n    \"title\": \"patternExampleList sample 2\",\n    \"value\": [\n      \"MDP7*\",\n      [\n        \"MDP7C8K168A2\",\n        \"MDP7\",\n        \"MDP7YNJF\",\n        \"MDP7X64YN\",\n        \"MDP7LNP2\"\n      ]\n    ]\n  },\n  {\n    \"title\": \"patternExampleList sample 3\",\n    \"value\": [\n      \"PI7\",\n      [\n        \"PI7\"\n      ]\n    ]\n  },\n  {\n    \"title\": \"patternExampleList sample 4\",\n    \"value\": [\n      \"VX227*\",\n      [\n        \"VX227Y0N\"\n      ]\n    ]\n  },\n  {\n    \"title\": \"patternExampleList sample 5\",\n    \"value\": [\n      \"LPZ30S\",\n      [\n        \"LPZ30S\"\n      ]\n    ]\n  },\n  {\n    \"title\": \"patternExampleList sample 6\",\n    \"value\": [\n      \"WZ4\",\n      [\n        \"WZ4\"\n      ]\n    ]\n  },\n  {\n    \"title\": \"patternExampleList sample 7\",\n    \"value\": [\n      \"EDY04\",\n      [\n        \"EDY04\"\n      ]\n    ]\n  },\n  {\n    \"title\": \"patternExampleList sample 8\",\n    \"value\": [\n      \"RD*F\",\n      [\n        \"RDRXF\",\n        \"RD08DJO1F\",\n        \"RDF\"\n      ]\n    ]\n  },\n  {\n    \"title\": \"patternExampleList sample 9\",\n    \"value\": [\n      \"SW9\",\n      [\n        \"SW9\"\n      ]\n    ]\n  }\n]",
              "code": "fast_check_1.sample(index_test_1.patternExampleList, 10).forEach((sample, i) => addContext_1.default(this, {\n    title: `patternExampleList sample ${i}`,\n    value: sample,\n}));\nreturn fast_check_1.assert(fast_check_1.property(index_test_1.patternExampleList, ([patternStr, examples]) => {\n    const re = _1.patternToRE(patternStr);\n    return examples.every(re.test.bind(re));\n}));",
              "err": {},
              "uuid": "f1e38514-82cf-4625-bc4c-489adffa5d89",
              "parentUUID": "cf41c141-9e56-4d4d-b475-4262d7f99b3e",
              "isHook": false,
              "skipped": false
            },
            {
              "title": "should match valid modules with multiple patterns",
              "fullTitle": "patternToRE should match valid modules with multiple patterns",
              "timedOut": false,
              "duration": 63,
              "state": "passed",
              "speed": "medium",
              "pass": true,
              "fail": false,
              "pending": false,
              "context": "[\n  {\n    \"title\": \"patternExampleListArray sample 0\",\n    \"value\": [\n      [\n        \"HI1666\",\n        [\n          \"HI1666\"\n        ]\n      ],\n      [\n        \"MUMxA\",\n        [\n          \"MUM3A\",\n          \"MUM1A\",\n          \"MUM8A\",\n          \"MUM0A\",\n          \"MUM6A\",\n          \"MUM5A\",\n          \"MUM7A\",\n          \"MUM9A\",\n          \"MUM4A\",\n          \"MUM2A\"\n        ]\n      ],\n      [\n        \"WCx*4L\",\n        [\n          \"WC674BER4L\",\n          \"WC364L\",\n          \"WC74L\",\n          \"WC32374L\"\n        ]\n      ],\n      [\n        \"GCW9F\",\n        [\n          \"GCW9F\"\n        ]\n      ],\n      [\n        \"WMLx7\",\n        [\n          \"WML97\",\n          \"WML47\",\n          \"WML77\",\n          \"WML27\",\n          \"WML07\",\n          \"WML37\"\n        ]\n      ],\n      [\n        \"AUT42\",\n        [\n          \"AUT42\"\n        ]\n      ]\n    ]\n  },\n  {\n    \"title\": \"patternExampleListArray sample 1\",\n    \"value\": [\n      [\n        \"ILM79x\",\n        [\n          \"ILM799\",\n          \"ILM797\",\n          \"ILM791\",\n          \"ILM796\",\n          \"ILM795\",\n          \"ILM792\",\n          \"ILM798\",\n          \"ILM790\",\n          \"ILM793\",\n          \"ILM794\"\n        ]\n      ],\n      [\n        \"VYA3\",\n        [\n          \"VYA3\"\n        ]\n      ],\n      [\n        \"YRx74\",\n        [\n          \"YR074\",\n          \"YR174\",\n          \"YR874\",\n          \"YR274\",\n          \"YR374\"\n        ]\n      ],\n      [\n        \"AY578\",\n        [\n          \"AY578\"\n        ]\n      ],\n      [\n        \"VGO32\",\n        [\n          \"VGO32\"\n        ]\n      ],\n      [\n        \"NI6*\",\n        [\n          \"NI6\",\n          \"NI69PA\",\n          \"NI6DES9R\",\n          \"NI6JLB9\",\n          \"NI6D\",\n          \"NI6CGFC2X\",\n          \"NI615F\",\n          \"NI6JQ7UB9VG\",\n          \"NI6SGVR\",\n          \"NI6JK\",\n          \"NI6X4LRQM\"\n        ]\n      ]\n    ]\n  },\n  {\n    \"title\": \"patternExampleListArray sample 2\",\n    \"value\": [\n      [\n        \"KQO8P\",\n        [\n          \"KQO8P\"\n        ]\n      ],\n      [\n        \"NR9550L\",\n        [\n          \"NR9550L\"\n        ]\n      ]\n    ]\n  },\n  {\n    \"title\": \"patternExampleListArray sample 3\",\n    \"value\": [\n      [\n        \"NSH2\",\n        [\n          \"NSH2\"\n        ]\n      ],\n      [\n        \"KZ2435\",\n        [\n          \"KZ2435\"\n        ]\n      ],\n      [\n        \"GF8\",\n        [\n          \"GF8\"\n        ]\n      ],\n      [\n        \"PV4*\",\n        [\n          \"PV472LTNHO\",\n          \"PV4Q\",\n          \"PV4OD025B6E\",\n          \"PV46Z6RLS2\",\n          \"PV4\",\n          \"PV4GBLDTMH\"\n        ]\n      ],\n      [\n        \"ECQx203\",\n        [\n          \"ECQ7203\",\n          \"ECQ5203\",\n          \"ECQ1203\",\n          \"ECQ9203\",\n          \"ECQ0203\",\n          \"ECQ3203\",\n          \"ECQ6203\",\n          \"ECQ8203\",\n          \"ECQ4203\"\n        ]\n      ],\n      [\n        \"ECP0*\",\n        [\n          \"ECP0\",\n          \"ECP00KSE2SH\",\n          \"ECP0D8FY1H14\"\n        ]\n      ],\n      [\n        \"VD575B\",\n        [\n          \"VD575B\"\n        ]\n      ],\n      [\n        \"FJ743P\",\n        [\n          \"FJ743P\"\n        ]\n      ]\n    ]\n  },\n  {\n    \"title\": \"patternExampleListArray sample 4\",\n    \"value\": [\n      [\n        \"AKK874L\",\n        [\n          \"AKK874L\"\n        ]\n      ],\n      [\n        \"SE0\",\n        [\n          \"SE0\"\n        ]\n      ],\n      [\n        \"TR8E\",\n        [\n          \"TR8E\"\n        ]\n      ],\n      [\n        \"FP3U\",\n        [\n          \"FP3U\"\n        ]\n      ],\n      [\n        \"XQS95xx\",\n        [\n          \"XQS9539\",\n          \"XQS9538\",\n          \"XQS9597\",\n          \"XQS9573\",\n          \"XQS9509\",\n          \"XQS9537\",\n          \"XQS9575\",\n          \"XQS9595\"\n        ]\n      ],\n      [\n        \"DQJ5133S\",\n        [\n          \"DQJ5133S\"\n        ]\n      ],\n      [\n        \"WV907\",\n        [\n          \"WV907\"\n        ]\n      ],\n      [\n        \"XC850\",\n        [\n          \"XC850\"\n        ]\n      ]\n    ]\n  },\n  {\n    \"title\": \"patternExampleListArray sample 5\",\n    \"value\": [\n      [\n        \"AG412\",\n        [\n          \"AG412\"\n        ]\n      ]\n    ]\n  },\n  {\n    \"title\": \"patternExampleListArray sample 6\",\n    \"value\": [\n      [\n        \"CP118H\",\n        [\n          \"CP118H\"\n        ]\n      ]\n    ]\n  },\n  {\n    \"title\": \"patternExampleListArray sample 7\",\n    \"value\": [\n      [\n        \"KD*\",\n        [\n          \"KDYTAHE\",\n          \"KDZFCQIPJD\",\n          \"KDP5\",\n          \"KD928RZCO\",\n          \"KDVRW8WL\",\n          \"KD\",\n          \"KDDS3\",\n          \"KDM\"\n        ]\n      ],\n      [\n        \"WIV*38*\",\n        [\n          \"WIV0NKQL388TN2W65\",\n          \"WIVKTWC5XV38Z0\",\n          \"WIVEQ2P538LY0VVOK2\",\n          \"WIV38B45\",\n          \"WIV0I750UX38OE\",\n          \"WIV253KC238W89CJ\",\n          \"WIVWINII7DY38053TF\"\n        ]\n      ],\n      [\n        \"XOZ77\",\n        [\n          \"XOZ77\"\n        ]\n      ],\n      [\n        \"OD719xM\",\n        [\n          \"OD7195M\",\n          \"OD7193M\",\n          \"OD7197M\",\n          \"OD7191M\",\n          \"OD7194M\",\n          \"OD7192M\",\n          \"OD7196M\",\n          \"OD7198M\"\n        ]\n      ]\n    ]\n  },\n  {\n    \"title\": \"patternExampleListArray sample 8\",\n    \"value\": [\n      [\n        \"DC9\",\n        [\n          \"DC9\"\n        ]\n      ],\n      [\n        \"QW58\",\n        [\n          \"QW58\"\n        ]\n      ],\n      [\n        \"YDR83Y\",\n        [\n          \"YDR83Y\"\n        ]\n      ]\n    ]\n  },\n  {\n    \"title\": \"patternExampleListArray sample 9\",\n    \"value\": [\n      [\n        \"MJZ5\",\n        [\n          \"MJZ5\"\n        ]\n      ]\n    ]\n  }\n]",
              "code": "const patternExampleListArray = fast_check_1.array(index_test_1.patternExampleList, { minLength: 1 });\nfast_check_1.sample(patternExampleListArray, 10).forEach((sample, i) => addContext_1.default(this, {\n    title: `patternExampleListArray sample ${i}`,\n    value: sample,\n}));\nreturn fast_check_1.assert(fast_check_1.property(patternExampleListArray, (ts) => {\n    const re = _1.patternToRE(...ts.map(([patternStr]) => patternStr));\n    return ts\n        .map(([, examples]) => examples)\n        .flat()\n        .every(re.test.bind(re));\n}));",
              "err": {},
              "uuid": "8e383c50-7881-4e44-9e88-4f1e1535c939",
              "parentUUID": "cf41c141-9e56-4d4d-b475-4262d7f99b3e",
              "isHook": false,
              "skipped": false
            },
            {
              "title": "should not match x to non-number",
              "fullTitle": "patternToRE should not match x to non-number",
              "timedOut": false,
              "duration": 0,
              "state": "passed",
              "speed": "fast",
              "pass": true,
              "fail": false,
              "pending": false,
              "context": null,
              "code": "const re = _1.patternToRE(\"x\");\n[\"A\", \"Z\", \"c\", \"#\"].forEach((example) => isInvalidExample(re, example));",
              "err": {},
              "uuid": "6d613335-8b52-4666-ad9f-c6742a6d75c4",
              "parentUUID": "cf41c141-9e56-4d4d-b475-4262d7f99b3e",
              "isHook": false,
              "skipped": false
            },
            {
              "title": "should not match * to a substring composed of characters other than A-Z and 0-9",
              "fullTitle": "patternToRE should not match * to a substring composed of characters other than A-Z and 0-9",
              "timedOut": false,
              "duration": 0,
              "state": "passed",
              "speed": "fast",
              "pass": true,
              "fail": false,
              "pending": false,
              "context": null,
              "code": "const re = _1.patternToRE(\"*\");\n[\"c\", \"Ac\", \"cA\", \"0Ax\", \"x0A\", \"BA#\", \"#AB\"].forEach((example) => isInvalidExample(re, example));",
              "err": {},
              "uuid": "763baceb-9b7c-4824-ac38-3f168d6a2c9f",
              "parentUUID": "cf41c141-9e56-4d4d-b475-4262d7f99b3e",
              "isHook": false,
              "skipped": false
            },
            {
              "title": "should not match substrings",
              "fullTitle": "patternToRE should not match substrings",
              "timedOut": false,
              "duration": 0,
              "state": "passed",
              "speed": "fast",
              "pass": true,
              "fail": false,
              "pending": false,
              "context": null,
              "code": "const re = _1.patternToRE(\"A*xC\");\n[\"A1CZ\", \"AC1CZ\", \"ZA1C\", \"ZAC1C\", \"ZA1CZ\", \"ZAC1CZ\"].forEach((example) => isInvalidExample(re, example));",
              "err": {},
              "uuid": "bfea88b9-2b00-40d1-bac5-b043b57c160a",
              "parentUUID": "cf41c141-9e56-4d4d-b475-4262d7f99b3e",
              "isHook": false,
              "skipped": false
            }
          ],
          "suites": [],
          "passes": [
            "f1e38514-82cf-4625-bc4c-489adffa5d89",
            "8e383c50-7881-4e44-9e88-4f1e1535c939",
            "6d613335-8b52-4666-ad9f-c6742a6d75c4",
            "763baceb-9b7c-4824-ac38-3f168d6a2c9f",
            "bfea88b9-2b00-40d1-bac5-b043b57c160a"
          ],
          "failures": [],
          "pending": [],
          "skipped": [],
          "duration": 79,
          "root": false,
          "rootEmpty": false,
          "_timeout": 2000
        },
        {
          "uuid": "0a69f435-1141-4add-88c7-ef997a7dada1",
          "title": "patternSatisfier",
          "fullFile": "/home/runner/work/planwithus-lib/planwithus-lib/src/matchRule/pattern/satisfiers.test.ts",
          "file": "/src/matchRule/pattern/satisfiers.test.ts",
          "beforeHooks": [],
          "afterHooks": [],
          "tests": [
            {
              "title": "should assign all modules with *",
              "fullTitle": "patternSatisfier should assign all modules with *",
              "timedOut": false,
              "duration": 1,
              "state": "passed",
              "speed": "fast",
              "pass": true,
              "fail": false,
              "pending": false,
              "context": null,
              "code": "const { assign } = satisfiers_1.patternSatisfier(ref, \"*\");\nisCorrectAssign(assign, modulesList1, modulesList1.map(([moduleStr]) => moduleStr));",
              "err": {},
              "uuid": "230e5d73-e5d7-4e3d-88ba-6a1e912525b6",
              "parentUUID": "0a69f435-1141-4add-88c7-ef997a7dada1",
              "isHook": false,
              "skipped": false
            },
            {
              "title": "should assign only valid modules with pattern containing *",
              "fullTitle": "patternSatisfier should assign only valid modules with pattern containing *",
              "timedOut": false,
              "duration": 0,
              "state": "passed",
              "speed": "fast",
              "pass": true,
              "fail": false,
              "pending": false,
              "context": null,
              "code": "const { assign } = satisfiers_1.patternSatisfier(ref, \"CS2*\");\nisCorrectAssign(assign, modulesList1, [\"CS2100\", \"CS2040S\", \"CS2030\"]);",
              "err": {},
              "uuid": "d785e1dd-5126-4996-8292-5a6bb767ad5f",
              "parentUUID": "0a69f435-1141-4add-88c7-ef997a7dada1",
              "isHook": false,
              "skipped": false
            },
            {
              "title": "should assign only valid modules with pattern containing x",
              "fullTitle": "patternSatisfier should assign only valid modules with pattern containing x",
              "timedOut": false,
              "duration": 0,
              "state": "passed",
              "speed": "fast",
              "pass": true,
              "fail": false,
              "pending": false,
              "context": null,
              "code": "const { assign } = satisfiers_1.patternSatisfier(ref, \"CS20xx\");\nisCorrectAssign(assign, modulesList1, [\"CS2030\"]);",
              "err": {},
              "uuid": "15924c45-d668-4104-8808-da9b9b71b789",
              "parentUUID": "0a69f435-1141-4add-88c7-ef997a7dada1",
              "isHook": false,
              "skipped": false
            },
            {
              "title": "should assign only valid modules with pattern containing x and *",
              "fullTitle": "patternSatisfier should assign only valid modules with pattern containing x and *",
              "timedOut": false,
              "duration": 0,
              "state": "passed",
              "speed": "fast",
              "pass": true,
              "fail": false,
              "pending": false,
              "context": null,
              "code": "const { assign } = satisfiers_1.patternSatisfier(ref, \"CS20xx*\");\nisCorrectAssign(assign, modulesList1, [\"CS2040S\", \"CS2030\"]);",
              "err": {},
              "uuid": "003c61ed-3104-459b-bf7e-067c0a134d8c",
              "parentUUID": "0a69f435-1141-4add-88c7-ef997a7dada1",
              "isHook": false,
              "skipped": false
            }
          ],
          "suites": [],
          "passes": [
            "230e5d73-e5d7-4e3d-88ba-6a1e912525b6",
            "d785e1dd-5126-4996-8292-5a6bb767ad5f",
            "15924c45-d668-4104-8808-da9b9b71b789",
            "003c61ed-3104-459b-bf7e-067c0a134d8c"
          ],
          "failures": [],
          "pending": [],
          "skipped": [],
          "duration": 1,
          "root": false,
          "rootEmpty": false,
          "_timeout": 2000
        },
        {
          "uuid": "9976130c-4700-4e48-8c68-76dfef94fff7",
          "title": "patternSchema",
          "fullFile": "/home/runner/work/planwithus-lib/planwithus-lib/src/matchRule/pattern/schemas.test.ts",
          "file": "/src/matchRule/pattern/schemas.test.ts",
          "beforeHooks": [],
          "afterHooks": [],
          "tests": [
            {
              "title": "should validate non-empty pattern composed of A-Z, 0-9, x or *",
              "fullTitle": "patternSchema should validate non-empty pattern composed of A-Z, 0-9, x or *",
              "timedOut": false,
              "duration": 1,
              "state": "passed",
              "speed": "fast",
              "pass": true,
              "fail": false,
              "pending": false,
              "context": "[\n  {\n    \"title\": \"pattern sample 0\",\n    \"value\": \"GN9\"\n  },\n  {\n    \"title\": \"pattern sample 1\",\n    \"value\": \"JU362\"\n  },\n  {\n    \"title\": \"pattern sample 2\",\n    \"value\": \"QOQ9\"\n  },\n  {\n    \"title\": \"pattern sample 3\",\n    \"value\": \"ARP4\"\n  },\n  {\n    \"title\": \"pattern sample 4\",\n    \"value\": \"CL8W\"\n  },\n  {\n    \"title\": \"pattern sample 5\",\n    \"value\": \"OX6x6\"\n  },\n  {\n    \"title\": \"pattern sample 6\",\n    \"value\": \"QL5555I\"\n  },\n  {\n    \"title\": \"pattern sample 7\",\n    \"value\": \"CE58I\"\n  },\n  {\n    \"title\": \"pattern sample 8\",\n    \"value\": \"QFV934*\"\n  },\n  {\n    \"title\": \"pattern sample 9\",\n    \"value\": \"DT2\"\n  }\n]",
              "code": "fast_check_1.sample(index_test_2.pattern, 10).forEach((sample, i) => addContext_1.default(this, {\n    title: `pattern sample ${i}`,\n    value: sample,\n}));\nreturn fast_check_1.assert(fast_check_1.property(index_test_2.pattern, ajvValidate), {\n    examples: [[\"*\"], [\"ACC1002\"], [\"IS1103\"], [\"CS1231S\"], [\"MA1102R\"]],\n});",
              "err": {},
              "uuid": "266061c2-23db-4b44-a867-0d0bbc53acfe",
              "parentUUID": "9976130c-4700-4e48-8c68-76dfef94fff7",
              "isHook": false,
              "skipped": false
            },
            {
              "title": "should not validate empty pattern",
              "fullTitle": "patternSchema should not validate empty pattern",
              "timedOut": false,
              "duration": 0,
              "state": "passed",
              "speed": "fast",
              "pass": true,
              "fail": false,
              "pending": false,
              "context": null,
              "code": "isInvalidPattern(\"\")",
              "err": {},
              "uuid": "faf1f98f-317c-47aa-a274-25c7cb521efa",
              "parentUUID": "9976130c-4700-4e48-8c68-76dfef94fff7",
              "isHook": false,
              "skipped": false
            },
            {
              "title": "should not validate pattern with invalid characters",
              "fullTitle": "patternSchema should not validate pattern with invalid characters",
              "timedOut": false,
              "duration": 0,
              "state": "passed",
              "speed": "fast",
              "pass": true,
              "fail": false,
              "pending": false,
              "context": null,
              "code": "[\"AB123a\", \"Ac123a\", \"AB123^S\", \"AB1*3^S\", \"$A1*3^S\", \"/A1x33S\"].forEach(isInvalidPattern)",
              "err": {},
              "uuid": "b0ab7aa8-f610-49de-ba0c-2bba12e92d4b",
              "parentUUID": "9976130c-4700-4e48-8c68-76dfef94fff7",
              "isHook": false,
              "skipped": false
            }
          ],
          "suites": [],
          "passes": [
            "266061c2-23db-4b44-a867-0d0bbc53acfe",
            "faf1f98f-317c-47aa-a274-25c7cb521efa",
            "b0ab7aa8-f610-49de-ba0c-2bba12e92d4b"
          ],
          "failures": [],
          "pending": [],
          "skipped": [],
          "duration": 1,
          "root": false,
          "rootEmpty": false,
          "_timeout": 2000
        },
        {
          "uuid": "80d92d1f-2e98-48c2-8151-f0eb15bd2f69",
          "title": "patternMatchRuleSatisfier",
          "fullFile": "/home/runner/work/planwithus-lib/planwithus-lib/src/matchRule/satisfiers.test.ts",
          "file": "/src/matchRule/satisfiers.test.ts",
          "beforeHooks": [],
          "afterHooks": [],
          "tests": [
            {
              "title": "should assign only valid modules with pattern match rule containing no exclude patterns",
              "fullTitle": "patternMatchRuleSatisfier should assign only valid modules with pattern match rule containing no exclude patterns",
              "timedOut": false,
              "duration": 0,
              "state": "passed",
              "speed": "fast",
              "pass": true,
              "fail": false,
              "pending": false,
              "context": null,
              "code": "const { assign } = satisfiers_1.patternMatchRuleSatisfier(ref, { pattern: \"CS1xxx*\" });\nisCorrectAssign(assign, modulesList1, [\"CS1231\", \"CS1231S\"]);",
              "err": {},
              "uuid": "76c71ccf-6562-4091-8e2d-9dfed8b98d4f",
              "parentUUID": "80d92d1f-2e98-48c2-8151-f0eb15bd2f69",
              "isHook": false,
              "skipped": false
            },
            {
              "title": "should assign only valid modules with pattern match rule containing an exclude pattern",
              "fullTitle": "patternMatchRuleSatisfier should assign only valid modules with pattern match rule containing an exclude pattern",
              "timedOut": false,
              "duration": 1,
              "state": "passed",
              "speed": "fast",
              "pass": true,
              "fail": false,
              "pending": false,
              "context": null,
              "code": "const { assign } = satisfiers_1.patternMatchRuleSatisfier(ref, {\n    pattern: \"MA1xxx*\",\n    exclude: \"MA15xx\",\n});\nisCorrectAssign(assign, modulesList1, [\n    \"MA1100\",\n    \"MA1101R\",\n    \"MA1102R\",\n    \"MA1511A\",\n]);",
              "err": {},
              "uuid": "71c598bb-a6b0-4190-9b0a-c4c95c7944c0",
              "parentUUID": "80d92d1f-2e98-48c2-8151-f0eb15bd2f69",
              "isHook": false,
              "skipped": false
            },
            {
              "title": "should assign only valid modules with pattern match rule containing multiple exclude patterns",
              "fullTitle": "patternMatchRuleSatisfier should assign only valid modules with pattern match rule containing multiple exclude patterns",
              "timedOut": false,
              "duration": 0,
              "state": "passed",
              "speed": "fast",
              "pass": true,
              "fail": false,
              "pending": false,
              "context": null,
              "code": "const { assign } = satisfiers_1.patternMatchRuleSatisfier(ref, {\n    pattern: \"MA*\",\n    exclude: [\"MA151x*\", \"MA2xxx\"],\n});\nisCorrectAssign(assign, modulesList1, [\n    \"MA1100\",\n    \"MA1101R\",\n    \"MA1102R\",\n    \"MA1507\",\n    \"MA1521\",\n    \"MA2101S\",\n]);",
              "err": {},
              "uuid": "e8381f67-2383-4a9e-970c-86e47c348be0",
              "parentUUID": "80d92d1f-2e98-48c2-8151-f0eb15bd2f69",
              "isHook": false,
              "skipped": false
            }
          ],
          "suites": [],
          "passes": [
            "76c71ccf-6562-4091-8e2d-9dfed8b98d4f",
            "71c598bb-a6b0-4190-9b0a-c4c95c7944c0",
            "e8381f67-2383-4a9e-970c-86e47c348be0"
          ],
          "failures": [],
          "pending": [],
          "skipped": [],
          "duration": 1,
          "root": false,
          "rootEmpty": false,
          "_timeout": 2000
        },
        {
          "uuid": "0278ce3d-244c-4d35-b9c3-d5c990bd0c48",
          "title": "matchRuleSchema",
          "fullFile": "/home/runner/work/planwithus-lib/planwithus-lib/src/matchRule/schemas.test.ts",
          "file": "/src/matchRule/schemas.test.ts",
          "beforeHooks": [],
          "afterHooks": [],
          "tests": [
            {
              "title": "should validate match rule with valid pattern",
              "fullTitle": "matchRuleSchema should validate match rule with valid pattern",
              "timedOut": false,
              "duration": 1,
              "state": "passed",
              "speed": "fast",
              "pass": true,
              "fail": false,
              "pending": false,
              "context": "[\n  {\n    \"title\": \"pattern sample 0\",\n    \"value\": \"GIEx\"\n  },\n  {\n    \"title\": \"pattern sample 1\",\n    \"value\": \"OGHx77\"\n  },\n  {\n    \"title\": \"pattern sample 2\",\n    \"value\": \"FCQ7\"\n  },\n  {\n    \"title\": \"pattern sample 3\",\n    \"value\": \"XG6*xxQ\"\n  },\n  {\n    \"title\": \"pattern sample 4\",\n    \"value\": \"HQC88D\"\n  },\n  {\n    \"title\": \"pattern sample 5\",\n    \"value\": \"HP3\"\n  },\n  {\n    \"title\": \"pattern sample 6\",\n    \"value\": \"WN8W\"\n  },\n  {\n    \"title\": \"pattern sample 7\",\n    \"value\": \"MK8\"\n  },\n  {\n    \"title\": \"pattern sample 8\",\n    \"value\": \"QZC07\"\n  },\n  {\n    \"title\": \"pattern sample 9\",\n    \"value\": \"FN5\"\n  }\n]",
              "code": "fast_check_1.sample(index_test_3.pattern, 10).forEach((sample, i) => addContext_1.default(this, {\n    title: `pattern sample ${i}`,\n    value: sample,\n}));\nreturn fast_check_1.assert(fast_check_1.property(index_test_3.pattern, ajvValidate));",
              "err": {},
              "uuid": "1e728a1b-d33e-45e0-b7d5-09ef058a1368",
              "parentUUID": "0278ce3d-244c-4d35-b9c3-d5c990bd0c48",
              "isHook": false,
              "skipped": false
            },
            {
              "title": "should validate match rules with valid pattern, exclude and info",
              "fullTitle": "matchRuleSchema should validate match rules with valid pattern, exclude and info",
              "timedOut": false,
              "duration": 3,
              "state": "passed",
              "speed": "fast",
              "pass": true,
              "fail": false,
              "pending": false,
              "context": "[\n  {\n    \"title\": \"patternMatchRule sample 0\",\n    \"value\": {\n      \"pattern\": \"ULP1W\",\n      \"info\": \"MKf?=u$^)&\"\n    }\n  },\n  {\n    \"title\": \"patternMatchRule sample 1\",\n    \"value\": {\n      \"pattern\": \"DV23W\",\n      \"exclude\": [\n        \"NWN89Y\"\n      ],\n      \"info\": \"#%{ } %7{\"\n    }\n  },\n  {\n    \"title\": \"patternMatchRule sample 2\",\n    \"value\": {\n      \"pattern\": \"SI4717\",\n      \"exclude\": \"DF4734\",\n      \"info\": \"1b r'UD\"\n    }\n  },\n  {\n    \"title\": \"patternMatchRule sample 3\",\n    \"value\": {\n      \"pattern\": \"ZZ3x\",\n      \"info\": \"L&}cE~urE%\"\n    }\n  },\n  {\n    \"title\": \"patternMatchRule sample 4\",\n    \"value\": {\n      \"pattern\": \"VJ1\",\n      \"exclude\": [\n        \"TJL47Z\",\n        \"WB91Z\",\n        \"URG0\"\n      ],\n      \"info\": \"# \"\n    }\n  },\n  {\n    \"title\": \"patternMatchRule sample 5\",\n    \"value\": {\n      \"pattern\": \"JH2xP\",\n      \"info\": \"XMY\"\n    }\n  },\n  {\n    \"title\": \"patternMatchRule sample 6\",\n    \"value\": {\n      \"pattern\": \"TX54G\",\n      \"exclude\": [\n        \"GV2783\",\n        \"LQL7\",\n        \"LC827\",\n        \"NR9926I\",\n        \"SY*9\"\n      ]\n    }\n  },\n  {\n    \"title\": \"patternMatchRule sample 7\",\n    \"value\": {\n      \"pattern\": \"WWB*5R\",\n      \"exclude\": [\n        \"SGW250*\",\n        \"UN4852\"\n      ],\n      \"info\": \"\"\n    }\n  },\n  {\n    \"title\": \"patternMatchRule sample 8\",\n    \"value\": {\n      \"pattern\": \"KA78\",\n      \"info\": \".^hY9j\"\n    }\n  },\n  {\n    \"title\": \"patternMatchRule sample 9\",\n    \"value\": {\n      \"pattern\": \"AFx\",\n      \"exclude\": [\n        \"PFO2172R\",\n        \"ZPX12*\"\n      ],\n      \"info\": \"XKXp@A$?!\"\n    }\n  }\n]",
              "code": "fast_check_1.sample(index_test_2.patternMatchRule, 10).forEach((sample, i) => addContext_1.default(this, {\n    title: `patternMatchRule sample ${i}`,\n    value: sample,\n}));\nreturn fast_check_1.assert(fast_check_1.property(index_test_2.patternMatchRule, ajvValidate));",
              "err": {},
              "uuid": "149da783-25dd-479e-9c1c-77588e545643",
              "parentUUID": "0278ce3d-244c-4d35-b9c3-d5c990bd0c48",
              "isHook": false,
              "skipped": false
            },
            {
              "title": "should validate valid recursive match rules",
              "fullTitle": "matchRuleSchema should validate valid recursive match rules",
              "timedOut": false,
              "duration": 6,
              "state": "passed",
              "speed": "fast",
              "pass": true,
              "fail": false,
              "pending": false,
[...]
              "timedOut": false,
              "duration": 0,
              "state": "passed",
              "speed": "fast",
              "pass": true,
              "fail": false,
              "pending": false,
              "context": null,
              "code": "const satisfier = satisfiers_1.inequalitySatisfier(ref, \"<=32\");\nsatisfier.should.have.property(\"filter\");\nconst { filter } = satisfier;\nisCorrectFilter(filter, modulesList1, modulesList1.map(([moduleStr]) => moduleStr));",
              "err": {},
              "uuid": "028f456f-7d33-4132-89fc-6cf316805c9b",
              "parentUUID": "8d6f9730-81d9-4476-b9bc-d9501df1f713",
              "isHook": false,
              "skipped": false
            },
            {
              "title": "should truncate list of modules with upper bound of MCs at exact cutoff if total MC count is higher and there exists some starting sequence with exact MC count",
              "fullTitle": "inequalitySatisfier should truncate list of modules with upper bound of MCs at exact cutoff if total MC count is higher and there exists some starting sequence with exact MC count",
              "timedOut": false,
              "duration": 0,
              "state": "passed",
              "speed": "fast",
              "pass": true,
              "fail": false,
              "pending": false,
              "context": null,
              "code": "const satisfier = satisfiers_1.inequalitySatisfier(ref, \"<=16\");\nsatisfier.should.have.property(\"filter\");\nconst { filter } = satisfier;\nisCorrectFilter(filter, modulesList1, [\n    \"CS2100\",\n    \"GER1000\",\n    \"CS2040S\",\n    \"ST2131\",\n]);",
              "err": {},
              "uuid": "01b75dfc-44d0-4a0e-8da1-4b115d2813c2",
              "parentUUID": "8d6f9730-81d9-4476-b9bc-d9501df1f713",
              "isHook": false,
              "skipped": false
            },
            {
              "title": "should truncate list of modules with upper bound of MCs, cutting off at the minimum starting sequence that exceeds upper bound, if total MC count is higher and there exists no starting sequence with exact MC count",
              "fullTitle": "inequalitySatisfier should truncate list of modules with upper bound of MCs, cutting off at the minimum starting sequence that exceeds upper bound, if total MC count is higher and there exists no starting sequence with exact MC count",
              "timedOut": false,
              "duration": 1,
              "state": "passed",
              "speed": "fast",
              "pass": true,
              "fail": false,
              "pending": false,
              "context": null,
              "code": "const satisfier = satisfiers_1.inequalitySatisfier(ref, \"<=17\");\nsatisfier.should.have.property(\"filter\");\nconst { filter } = satisfier;\nisCorrectFilter(filter, modulesList1, [\n    \"CS2100\",\n    \"GER1000\",\n    \"CS2040S\",\n    \"ST2131\",\n    \"MA1521\",\n]);",
              "err": {},
              "uuid": "257cb825-82a9-4f01-a9a6-f478e126e880",
              "parentUUID": "8d6f9730-81d9-4476-b9bc-d9501df1f713",
              "isHook": false,
              "skipped": false
            }
          ],
          "suites": [],
          "passes": [
            "97398849-5dfd-43c3-a54b-333ba910ab07",
            "0aa08fab-859f-4128-be0c-9821c775d93e",
            "49ed4523-222d-47d0-9043-1f9b978fb767",
            "939bca79-e137-41a2-81af-991ec440e1df",
            "028f456f-7d33-4132-89fc-6cf316805c9b",
            "01b75dfc-44d0-4a0e-8da1-4b115d2813c2",
            "257cb825-82a9-4f01-a9a6-f478e126e880"
          ],
          "failures": [],
          "pending": [],
          "skipped": [],
          "duration": 3,
          "root": false,
          "rootEmpty": false,
          "_timeout": 2000
        },
        {
          "uuid": "e8162ac9-3c69-49cb-845d-919e8e09fc2c",
          "title": "inequalitySchema",
          "fullFile": "/home/runner/work/planwithus-lib/planwithus-lib/src/satisfyRule/inequality/schemas.test.ts",
          "file": "/src/satisfyRule/inequality/schemas.test.ts",
          "beforeHooks": [],
          "afterHooks": [],
          "tests": [
            {
              "title": "should validate inequality in the form <=n or >=n",
              "fullTitle": "inequalitySchema should validate inequality in the form <=n or >=n",
              "timedOut": false,
              "duration": 1,
              "state": "passed",
              "speed": "fast",
              "pass": true,
              "fail": false,
              "pending": false,
              "context": "[\n  {\n    \"title\": \"inequality sample 0\",\n    \"value\": \"<=3\"\n  },\n  {\n    \"title\": \"inequality sample 1\",\n    \"value\": \"<=1\"\n  },\n  {\n    \"title\": \"inequality sample 2\",\n    \"value\": \">=21\"\n  },\n  {\n    \"title\": \"inequality sample 3\",\n    \"value\": \">=149\"\n  },\n  {\n    \"title\": \"inequality sample 4\",\n    \"value\": \"<=102\"\n  },\n  {\n    \"title\": \"inequality sample 5\",\n    \"value\": \">=8\"\n  },\n  {\n    \"title\": \"inequality sample 6\",\n    \"value\": \"<=195\"\n  },\n  {\n    \"title\": \"inequality sample 7\",\n    \"value\": \">=78\"\n  },\n  {\n    \"title\": \"inequality sample 8\",\n    \"value\": \"<=5\"\n  },\n  {\n    \"title\": \"inequality sample 9\",\n    \"value\": \">=90\"\n  }\n]",
              "code": "fast_check_1.sample(index_test_2.inequality, 10).forEach((sample, i) => addContext_1.default(this, {\n    title: `inequality sample ${i}`,\n    value: sample,\n}));\nreturn fast_check_1.assert(fast_check_1.property(index_test_2.inequality, ajvValidate));",
              "err": {},
              "uuid": "e854ec36-9681-4ac9-8afa-e26da5dde390",
              "parentUUID": "e8162ac9-3c69-49cb-845d-919e8e09fc2c",
              "isHook": false,
              "skipped": false
            },
            {
              "title": "should not validate inequality of invalid form",
              "fullTitle": "inequalitySchema should not validate inequality of invalid form",
              "timedOut": false,
              "duration": 2,
              "state": "passed",
              "speed": "fast",
              "pass": true,
              "fail": false,
              "pending": false,
              "context": null,
              "code": "[\n        \"\",\n        \"==23\",\n        \"23\",\n        \"<23\",\n        \">23\",\n        \"<=-1\",\n        \">=-1\",\n        \"<= 2\",\n        \">= 1\",\n        \"> 3\",\n        \"< 3\",\n        \"<=3a\",\n        \">=3a\",\n        \"a<=3\",\n        \"a>=3\",\n    ].forEach(isInvalidInequality)",
              "err": {},
              "uuid": "6e1d89c1-0d04-4e6a-8ecb-2c52365d81a8",
              "parentUUID": "e8162ac9-3c69-49cb-845d-919e8e09fc2c",
              "isHook": false,
              "skipped": false
            }
          ],
          "suites": [],
          "passes": [
            "e854ec36-9681-4ac9-8afa-e26da5dde390",
            "6e1d89c1-0d04-4e6a-8ecb-2c52365d81a8"
          ],
          "failures": [],
          "pending": [],
          "skipped": [],
          "duration": 3,
          "root": false,
          "rootEmpty": false,
          "_timeout": 2000
        },
        {
          "uuid": "b1416d02-7b08-41a4-a6e1-c35c193bf818",
          "title": "satisfyRuleSchema",
          "fullFile": "/home/runner/work/planwithus-lib/planwithus-lib/src/satisfyRule/schemas.test.ts",
          "file": "/src/satisfyRule/schemas.test.ts",
          "beforeHooks": [],
          "afterHooks": [],
          "tests": [
            {
              "title": "should validate satisfy rule with valid block id",
              "fullTitle": "satisfyRuleSchema should validate satisfy rule with valid block id",
              "timedOut": false,
              "duration": 1,
              "state": "passed",
              "speed": "fast",
              "pass": true,
              "fail": false,
              "pending": false,
              "context": null,
              "code": "fast_check_1.assert(fast_check_1.property(fast_check_1.string(), ajvValidate)",
              "err": {},
              "uuid": "530eac9c-08eb-4645-8a68-710935b8136d",
              "parentUUID": "b1416d02-7b08-41a4-a6e1-c35c193bf818",
              "isHook": false,
              "skipped": false
            },
            {
              "title": "should validate satisfy rules with valid mc",
              "fullTitle": "satisfyRuleSchema should validate satisfy rules with valid mc",
              "timedOut": false,
              "duration": 2,
              "state": "passed",
              "speed": "fast",
              "pass": true,
              "fail": false,
              "pending": false,
              "context": "[\n  {\n    \"title\": \"mcSatisfyRule sample 0\",\n    \"value\": {\n      \"mc\": \"<=64\"\n    }\n  },\n  {\n    \"title\": \"mcSatisfyRule sample 1\",\n    \"value\": {\n      \"mc\": \"<=7\"\n    }\n  },\n  {\n    \"title\": \"mcSatisfyRule sample 2\",\n    \"value\": {\n      \"mc\": \"<=197\"\n    }\n  },\n  {\n    \"title\": \"mcSatisfyRule sample 3\",\n    \"value\": {\n      \"mc\": \"<=131\"\n    }\n  },\n  {\n    \"title\": \"mcSatisfyRule sample 4\",\n    \"value\": {\n      \"mc\": \">=4\"\n    }\n  },\n  {\n    \"title\": \"mcSatisfyRule sample 5\",\n    \"value\": {\n      \"mc\": \">=121\"\n    }\n  },\n  {\n    \"title\": \"mcSatisfyRule sample 6\",\n    \"value\": {\n      \"mc\": \"<=54\"\n    }\n  },\n  {\n    \"title\": \"mcSatisfyRule sample 7\",\n    \"value\": {\n      \"mc\": \"<=147\"\n    }\n  },\n  {\n    \"title\": \"mcSatisfyRule sample 8\",\n    \"value\": {\n      \"mc\": \"<=2\"\n    }\n  },\n  {\n    \"title\": \"mcSatisfyRule sample 9\",\n    \"value\": {\n      \"mc\": \">=64\"\n    }\n  }\n]",
              "code": "fast_check_1.sample(index_test_2.mcSatisfyRule, 10).forEach((sample, i) => addContext_1.default(this, {\n    title: `mcSatisfyRule sample ${i}`,\n    value: sample,\n}));\nreturn fast_check_1.assert(fast_check_1.property(index_test_2.mcSatisfyRule, ajvValidate));",
              "err": {},
              "uuid": "5b96b94e-8f59-44a1-a099-18e52140232b",
              "parentUUID": "b1416d02-7b08-41a4-a6e1-c35c193bf818",
              "isHook": false,
              "skipped": false
            },
            {
              "title": "should validate valid recursive satisfy rules",
              "fullTitle": "satisfyRuleSchema should validate valid recursive satisfy rules",
              "timedOut": false,
              "duration": 4,
              "state": "passed",
              "speed": "fast",
              "pass": true,
              "fail": false,
              "pending": false,
              "context": "[\n  {\n    \"title\": \"satisfyRule sample 0\",\n    \"value\": \"\"\n  },\n  {\n    \"title\": \"satisfyRule sample 1\",\n    \"value\": {\n      \"or\": []\n    }\n  },\n  {\n    \"title\": \"satisfyRule sample 2\",\n    \"value\": {\n      \"or\": []\n    }\n  },\n  {\n    \"title\": \"satisfyRule sample 3\",\n    \"value\": {\n      \"and\": [\n        {\n          \"and\": []\n        },\n        {\n          \"and\": [\n            \"Nr(\",\n            \"bK`\",\n            {\n              \"or\": [\n                \"(2c]`y\",\n                \"^G9qO4$&5x\",\n                \"%)lI3M!~v1\",\n                \"9\\\\:6N{5H\"\n              ]\n            },\n            {\n              \"mc\": \">=160\"\n            }\n          ]\n        },\n        {\n          \"or\": [\n            \"c\\\"\",\n            {\n              \"mc\": \"<=24\"\n            }\n          ]\n        },\n        {\n          \"mc\": \"<=183\"\n        }\n      ]\n    }\n  },\n  {\n    \"title\": \"satisfyRule sample 4\",\n    \"value\": \"#U!$&{\"\n  },\n  {\n    \"title\": \"satisfyRule sample 5\",\n    \"value\": \",\"\n  },\n  {\n    \"title\": \"satisfyRule sample 6\",\n    \"value\": {\n      \"mc\": \">=5\"\n    }\n  },\n  {\n    \"title\": \"satisfyRule sample 7\",\n    \"value\": {\n      \"or\": [\n        {\n          \"and\": [\n            \"]~qcNiP4\",\n            \"^yI>Mis:{Z\",\n            {\n              \"or\": [\n                \"JouZMl-\",\n                \"2?i$~@ f\"\n              ]\n            },\n            {\n              \"mc\": \">=4\"\n            }\n          ]\n        },\n        \"FX&BaP%\",\n        {\n          \"and\": [\n            {\n              \"and\": [\n                {\n                  \"mc\": \"<=19\"\n                },\n                \"NcwS$6j/\",\n                {\n                  \"and\": [\n                    \"mLHA_;.\",\n                    \"\"\n                  ]\n                },\n                \"Xu!\"\n              ]\n            },\n            \"1S?{E0\"\n          ]\n        }\n      ]\n    }\n  },\n  {\n    \"title\": \"satisfyRule sample 8\",\n    \"value\": \"|.>rH\"\n  },\n  {\n    \"title\": \"satisfyRule sample 9\",\n    \"value\": {\n      \"mc\": \">=55\"\n    }\n  }\n]",
              "code": "fast_check_1.sample(index_test_2.satisfyRule, 10).forEach((sample, i) => addContext_1.default(this, {\n    title: `satisfyRule sample ${i}`,\n    value: sample,\n}));\nreturn fast_check_1.assert(fast_check_1.property(index_test_2.satisfyRule, ajvValidate));",
              "err": {},
              "uuid": "7e7e780f-527c-4295-8179-8c0aca46905e",
              "parentUUID": "b1416d02-7b08-41a4-a6e1-c35c193bf818",
              "isHook": false,
              "skipped": false
            },
            {
              "title": "should not validate non-string/object",
              "fullTitle": "satisfyRuleSchema should not validate non-string/object",
              "timedOut": false,
              "duration": 1,
              "state": "passed",
              "speed": "fast",
              "pass": true,
              "fail": false,
              "pending": false,
              "context": null,
              "code": "const error = {\n    instancePath: \"\",\n    message: \"satisfy rule should be either a string or an object\",\n};\nisInvalidRule(null, error);\nisInvalidRule(undefined, error);\nisInvalidRule(10, error);\nisInvalidRule([12, 24], error);",
              "err": {},
              "uuid": "50ebaea2-782b-4c2d-b3b6-8d33cdfa72e7",
              "parentUUID": "b1416d02-7b08-41a4-a6e1-c35c193bf818",
              "isHook": false,
              "skipped": false
            },
            {
              "title": "should not validate satisfy rules with extra properties",
              "fullTitle": "satisfyRuleSchema should not validate satisfy rules with extra properties",
              "timedOut": false,
              "duration": 0,
              "state": "passed",
              "speed": "fast",
              "pass": true,
              "fail": false,
              "pending": false,
              "context": null,
              "code": "isInvalidRule({\n        and: [\n            { or: [\"2k\"], abc: \"def\" },\n            { mc: 8, ghi: \"jkl\" },\n        ],\n        mno: \"pqr\",\n    }, {\n        instancePath: \"/and/0\",\n        message: \"or satisfy rule should have property 'or' only\",\n    }, {\n        instancePath: \"/and/1\",\n        message: \"MC satisfy rule should have property 'mc' only\",\n    }, {\n        instancePath: \"\",\n        message: \"and satisfy rule should have property 'and' only\",\n    })",
              "err": {},
              "uuid": "23dea630-bb91-4a91-a138-3ca04c230e66",
              "parentUUID": "b1416d02-7b08-41a4-a6e1-c35c193bf818",
              "isHook": false,
              "skipped": false
            },
            {
              "title": "should not validate ambiguous satisfy rules",
              "fullTitle": "satisfyRuleSchema should not validate ambiguous satisfy rules",
              "timedOut": false,
              "duration": 1,
              "state": "passed",
              "speed": "fast",
              "pass": true,
              "fail": false,
              "pending": false,
              "context": null,
              "code": "const message = \"satisfy rule should have only one of properties 'mc', 'and', 'or'\";\nisInvalidRule({\n    or: [\n        { mc: 5, and: [\"CS2040\"] },\n        { and: [{ and: [\"abc\"], or: [\"def\"] }] },\n    ],\n}, { instancePath: \"/or/0\", message }, { instancePath: \"/or/1/and/0\", message });",
              "err": {},
              "uuid": "2e7d0e46-3d58-47e0-a7c7-b2a2e85151a1",
              "parentUUID": "b1416d02-7b08-41a4-a6e1-c35c193bf818",
              "isHook": false,
              "skipped": false
            },
            {
              "title": "should not validate and satisfy rules with non-array property",
              "fullTitle": "satisfyRuleSchema should not validate and satisfy rules with non-array property",
              "timedOut": false,
              "duration": 0,
              "state": "passed",
              "speed": "fast",
              "pass": true,
              "fail": false,
              "pending": false,
              "context": null,
              "code": "const message = \"property 'and' should be an array of satisfy rules\";\nisInvalidRule({ or: [{ and: {} }, { or: [{ and: 3 }] }] }, { instancePath: \"/or/0/and\", message }, { instancePath: \"/or/1/or/0/and\", message });",
              "err": {},
              "uuid": "c6daf040-9bc4-44b1-9070-7ecd0ad8828c",
              "parentUUID": "b1416d02-7b08-41a4-a6e1-c35c193bf818",
              "isHook": false,
              "skipped": false
            },
            {
              "title": "should not validate or satisfy rules with non-array property",
              "fullTitle": "satisfyRuleSchema should not validate or satisfy rules with non-array property",
              "timedOut": false,
              "duration": 1,
              "state": "passed",
              "speed": "fast",
              "pass": true,
              "fail": false,
              "pending": false,
              "context": null,
              "code": "const message = \"property 'or' should be an array of satisfy rules\";\nisInvalidRule({ and: [{ or: {} }, { and: [{ or: 3 }] }] }, { instancePath: \"/and/0/or\", message }, { instancePath: \"/and/1/and/0/or\", message });",
              "err": {},
              "uuid": "84ae6310-cd44-49ca-8e7b-f11bfaf4300d",
              "parentUUID": "b1416d02-7b08-41a4-a6e1-c35c193bf818",
              "isHook": false,
              "skipped": false
            }
          ],
          "suites": [],
          "passes": [
            "530eac9c-08eb-4645-8a68-710935b8136d",
            "5b96b94e-8f59-44a1-a099-18e52140232b",
            "7e7e780f-527c-4295-8179-8c0aca46905e",
            "50ebaea2-782b-4c2d-b3b6-8d33cdfa72e7",
            "23dea630-bb91-4a91-a138-3ca04c230e66",
            "2e7d0e46-3d58-47e0-a7c7-b2a2e85151a1",
            "c6daf040-9bc4-44b1-9070-7ecd0ad8828c",
            "84ae6310-cd44-49ca-8e7b-f11bfaf4300d"
          ],
          "failures": [],
          "pending": [],
          "skipped": [],
          "duration": 10,
          "root": false,
          "rootEmpty": false,
          "_timeout": 2000
        }
      ],
      "passes": [],
      "failures": [],
      "pending": [],
      "skipped": [],
      "duration": 0,
      "root": true,
      "rootEmpty": true,
      "_timeout": 2000
    }
  ],
  "meta": {
    "mocha": {
      "version": "9.0.3"
    },
    "mochawesome": {
      "options": {
        "quiet": false,
        "reportFilename": "mochawesome",
        "saveHtml": true,
        "saveJson": true,
        "consoleReporter": "spec",
        "useInlineDiffs": false,
        "code": true
      },
      "version": "6.2.2"
    },
    "marge": {
      "options": {
        "reportDir": "docs"
      },
      "version": "5.2.0"
    }
  }
}