{
  "stats": {
    "suites": 10,
    "tests": 48,
    "passes": 48,
    "pending": 0,
    "failures": 0,
    "start": "2021-07-21T10:00:44.349Z",
    "end": "2021-07-21T10:00:44.631Z",
    "duration": 282,
    "testsRegistered": 48,
    "passPercent": 100,
    "pendingPercent": 0,
    "other": 0,
    "hasOther": false,
    "skipped": 0,
    "hasSkipped": false
  },
  "results": [
    {
      "uuid": "67ad143c-63d8-4884-a36a-72ea7625a140",
      "title": "",
      "fullFile": "",
      "file": "",
      "beforeHooks": [],
      "afterHooks": [],
      "tests": [],
      "suites": [
        {
          "uuid": "537e0fd7-82e1-4f8f-8b7f-49f69dacc2e2",
          "title": "initDirectories",
          "fullFile": "/home/runner/work/planwithus-lib/planwithus-lib/src/block/schemas.test.ts",
          "file": "/src/block/schemas.test.ts",
          "beforeHooks": [],
          "afterHooks": [],
          "tests": [
            {
              "title": "should parse all blocks with no errors",
              "fullTitle": "initDirectories should parse all blocks with no errors",
              "timedOut": false,
              "duration": 3,
              "state": "passed",
              "speed": "fast",
              "pass": true,
              "fail": false,
              "pending": false,
              "context": null,
              "code": "_1.initDirectories.should.not.throw()",
              "err": {},
              "uuid": "a9b0856a-abe9-490f-8548-dd5ac647f5ba",
              "parentUUID": "537e0fd7-82e1-4f8f-8b7f-49f69dacc2e2",
              "isHook": false,
              "skipped": false
            },
            {
              "title": "should produce primary, second & minor directories",
              "fullTitle": "initDirectories should produce primary, second & minor directories",
              "timedOut": false,
              "duration": 2,
              "state": "passed",
              "speed": "fast",
              "pass": true,
              "fail": false,
              "pending": false,
              "context": null,
              "code": "const directories = _1.initDirectories();\ndirectories.should.have.property(\"primary\");\ndirectories.should.have.property(\"second\");\ndirectories.should.have.property(\"minor\");",
              "err": {},
              "uuid": "85754cc8-249e-4474-b995-48c673302505",
              "parentUUID": "537e0fd7-82e1-4f8f-8b7f-49f69dacc2e2",
              "isHook": false,
              "skipped": false
            }
          ],
          "suites": [],
          "passes": [
            "a9b0856a-abe9-490f-8548-dd5ac647f5ba",
            "85754cc8-249e-4474-b995-48c673302505"
          ],
          "failures": [],
          "pending": [],
          "skipped": [],
          "duration": 5,
          "root": false,
          "rootEmpty": false,
          "_timeout": 2000
        },
        {
          "uuid": "7e93bad1-504b-443b-863e-7c83a39345f5",
          "title": "blockSchema",
          "fullFile": "/home/runner/work/planwithus-lib/planwithus-lib/src/block/schemas.test.ts",
          "file": "/src/block/schemas.test.ts",
          "beforeHooks": [],
          "afterHooks": [],
          "tests": [
            {
              "title": "should validate valid block",
              "fullTitle": "blockSchema should validate valid block",
              "timedOut": false,
              "duration": 150,
              "state": "passed",
              "speed": "slow",
              "pass": true,
              "fail": false,
              "pending": false,
              "context": "[\n  {\n    \"title\": \"block sample 0\",\n    \"value\": {\n      \"ay\": 2021,\n      \"assign\": [\n        \"#j z9b\",\n        \"<\\\"~s\",\n        \"ZyzuRf\"\n      ],\n      \"match\": {\n        \"or\": []\n      },\n      \"info\": \"&<V$reKI\",\n      \"isSelectable\": true\n    }\n  },\n  {\n    \"title\": \"block sample 1\",\n    \"value\": {\n      \"name\": \"1\",\n      \"ay\": 2024,\n      \"assign\": \"zX0\",\n      \"match\": [\n        \"SUU329\",\n        {\n          \"and\": [\n            \"FA9F\",\n            {\n              \"and\": [\n                {\n                  \"pattern\": \"JU*29xP\",\n                  \"exclude\": [\n                    \"NC90x5\",\n                    \"OSV3J\",\n                    \"MYKx663O\"\n                  ]\n                },\n                {\n                  \"pattern\": \"AO2599\",\n                  \"info\": \"Pv@\"\n                },\n                {\n                  \"and\": [\n                    {\n                      \"pattern\": \"GT*8B\",\n                      \"exclude\": \"LQX0\",\n                      \"info\": \"Uj[Qr\"\n                    },\n                    \"AO470\",\n                    \"LNF576Z\"\n                  ]\n                },\n                \"VP4937\"\n              ]\n            },\n            \"UMK591*D\",\n            {\n              \"or\": []\n            },\n            {\n              \"or\": [\n                {\n                  \"pattern\": \"VKH*2F\",\n                  \"exclude\": [\n                    \"QD6Q\",\n                    \"SZ40xP\",\n                    \"ID618\",\n                    \"MOJ294\",\n                    \"CNJ7Q\"\n                  ],\n                  \"info\": \"\\\"-C\"\n                },\n                {\n                  \"pattern\": \"BUU*9J\",\n                  \"exclude\": \"JZx93Q\",\n                  \"info\": \"j3\"\n                },\n                {\n                  \"pattern\": \"KAA8641V\",\n                  \"exclude\": [\n                    \"SZ*L\",\n                    \"GQMx5X\"\n                  ],\n                  \"info\": \"MmW\"\n                },\n                {\n                  \"or\": [\n                    \"FVQ8*F\"\n                  ]\n                },\n                {\n                  \"or\": [\n                    \"HUS4\"\n                  ]\n                }\n              ]\n            }\n          ]\n        },\n        {\n          \"and\": [\n            {\n              \"pattern\": \"OZF7\",\n              \"exclude\": \"JS*1\",\n              \"info\": \"x,\"\n            }\n          ]\n        },\n        {\n          \"or\": [\n            {\n              \"and\": [\n                \"QTX7042\",\n                {\n                  \"and\": [\n                    \"PW5x8\"\n                  ]\n                },\n                \"BUC3959\"\n              ]\n            },\n            {\n              \"or\": [\n                {\n                  \"or\": [\n                    \"FF7*\"\n                  ]\n                }\n              ]\n            }\n          ]\n        },\n        {\n          \"pattern\": \"CEB88\",\n          \"exclude\": \"MP8\",\n          \"info\": \"-_>o>e/hT7\"\n        }\n      ],\n      \"satisfy\": [],\n      \"url\": \"https://vgqnu3bsb18bwt9040jq7eqlhhwj4yrcm-a.fgv7ipca5q7j-rdpb47gw3zmtrq647lu-klwl6ax2kc-6zdyzewm95mdufg.cujp8cj86luk6bhgv1ek5grcpbf.4shzcm57yiaz-3psao3mg469fjz7o6cpa3uyv235-u6ub1wz5f6hy56zxz6.aktc/0f/&%F2%94%9C%9FJFQ8MZZ)//1nx/NkdOq-H0./~xgBC/$t/Nd/4%F1%92%AE%96\",\n      \"info\": \"7bx$EP|K\\\"\",\n      \"isSelectable\": true\n    }\n  },\n  {\n    \"title\": \"block sample 2\",\n    \"value\": {\n      \"name\": \"F-Pz87B[Bi\",\n      \"assign\": [],\n      \"match\": {\n        \"pattern\": \"UDxQ\",\n        \"exclude\": [\n          \"CJ8219\"\n        ],\n        \"info\": \"2G'\"\n      },\n      \"satisfy\": [\n        \"&cAx\",\n        {\n          \"mc\": \"<=79\"\n        },\n        {\n          \"or\": [\n            {\n              \"or\": [\n                \" \",\n                {\n                  \"or\": [\n                    \"3CQSp\",\n                    {\n                      \"mc\": \"<=176\"\n                    },\n                    \"h&gJ\",\n                    {\n                      \"or\": [\n                        {\n                          \"or\": [\n                            {\n                              \"and\": [\n                                \"]0T(Zbc4w+\",\n                                \"Nv\"\n                              ]\n                            },\n                            \"}e{6/V\"\n                          ]\n                        },\n                        \",iijv\",\n                        \"}NW_#K\",\n                        \"cT})/'zC!\",\n                        {\n                          \"mc\": \"<=125\"\n                        }\n                      ]\n                    },\n                    \"g:Ir\"\n                  ]\n                },\n                \"ge/SE\"\n              ]\n            }\n          ]\n        }\n      ],\n      \"url\": \"https://1sxtd1ef.fwd1rbpldmjuifuq3gxi6wjq9iku5tajltp68kan44su3m62jeqgm54.beywzcecen/%F1%9B%AB%85b/Uu%F2%B0%A0%8B_,!\",\n      \"info\": \"$,\",\n      \"isSelectable\": true\n    }\n  },\n  {\n    \"title\": \"block sample 3\",\n    \"value\": {\n      \"name\": \"HZ#\",\n      \"ay\": 2011,\n      \"assign\": \"-IK\",\n      \"match\": {\n        \"pattern\": \"ILS0\",\n        \"exclude\": \"XK2398\",\n        \"info\": \"du!|\\\"\"\n      },\n      \"url\": \"http://8rsmlab1cob89.d.tjabaca.iyx\",\n      \"info\": \"$%\",\n      \"isSelectable\": true\n    }\n  },\n  {\n    \"title\": \"block sample 4\",\n    \"value\": {\n      \"name\": \"?y!y)1\",\n      \"ay\": 2027,\n      \"assign\": \"g\",\n      \"match\": {\n        \"or\": [\n          {\n            \"and\": [\n              {\n                \"or\": [\n                  \"NXC*84\",\n                  \"AMV735\",\n                  {\n                    \"and\": [\n                      \"VE5\"\n                    ]\n                  }\n                ]\n              }\n            ]\n          }\n        ]\n      },\n      \"satisfy\": {\n        \"mc\": \"<=177\"\n      },\n      \"url\": \"http://332upak.puccx/;q/\",\n      \"info\": \"u&%\",\n      \"isSelectable\": true\n    }\n  },\n  {\n    \"title\": \"block sample 5\",\n    \"value\": {\n      \"name\": \"!^5bx)/\",\n      \"assign\": [],\n      \"satisfy\": {\n        \"and\": [\n          \"Zba6~\"\n        ]\n      },\n      \"url\": \"https://w0q4bfl8kmn4m4m61jnmq.0klscm6kwt40ko3cyn.f5339t2lxkw7wjym5r2sj60xfvmympyjae7ldvrj550ojm1kk2-bdd.a2710gkixnks2ls2.1m5p0v0mvbr--zm-8am23.tmyaaw/VIT%F0%AB%BB%ACYq&Fx1/Z,eJ%F1%88%90%B0C/9%F0%A6%A3%81N82qRb/-b%F2%AC%BE%B9e'w_/%F4%82%BD%9D+\",\n      \"info\": \"\\\\70l]N&N\",\n      \"isSelectable\": true,\n      \"OTw\": {\n        \"ay\": 2024,\n        \"match\": [\n          \"DFZ2\"\n        ],\n        \"satisfy\": {\n          \"or\": [\n            {\n              \"and\": [\n                \"'2]\",\n                {\n                  \"mc\": \">=31\"\n                }\n              ]\n            },\n            {\n              \"mc\": \"<=125\"\n            }\n          ]\n        },\n        \"url\": \"https://0.tefqoi/%F1%BE%AE%BCV8/uD=3/hLA\",\n        \"info\": \"5\\\\?EJ0BA'1\",\n        \"isSelectable\": true\n      },\n      \"\": {\n        \"name\": \"<q(yG=I6u\",\n        \"ay\": 2008,\n        \"assign\": [\n          \";Ny\\\\\",\n          \" +<r^j\",\n          \"Kq=F[\",\n          \"(|>g\\\\Vv&\",\n          \"jy9( G\"\n        ],\n        \"match\": [\n          {\n            \"or\": [\n              \"WB*Z\",\n              \"AV479\",\n              {\n                \"or\": [\n                  \"BK360U\",\n                  {\n                    \"and\": [\n                      {\n                        \"and\": []\n                      },\n                      \"YO*647N\",\n                      {\n                        \"pattern\": \"PLG*193Q\",\n                        \"exclude\": \"CZP3*\",\n                        \"info\": \">Lcx%e\"\n                      },\n                      \"FD5*\"\n                    ]\n                  }\n                ]\n              },\n              {\n                \"pattern\": \"IY7\",\n                \"exclude\": []\n              },\n              {\n                \"or\": [\n                  \"AV80V\",\n                  \"QZ6x*\",\n                  \"NUH909B\"\n                ]\n              }\n            ]\n          },\n          {\n            \"pattern\": \"BR42Q\",\n            \"exclude\": [\n              \"SO9945\",\n              \"VNN54*\",\n              \"ON7F\",\n              \"ZJA9082A\"\n            ]\n          },\n          {\n            \"or\": [\n              {\n                \"pattern\": \"BA8752\",\n                \"exclude\": [\n                  \"ZK5x8F\",\n                  \"QJ5F\",\n                  \"MIZ8xP\",\n                  \"SK1163F\"\n                ],\n                \"info\": \"PdhS_Q \"\n              },\n              \"YHx0\",\n              {\n                \"or\": []\n              },\n              {\n                \"and\": [\n                  \"SS2**P\",\n                  {\n                    \"and\": [\n                      \"EN8\"\n                    ]\n                  },\n                  {\n                    \"pattern\": \"CU770\",\n                    \"exclude\": \"ZEWx\",\n                    \"info\": \"-2&,]~xq\"\n                  },\n                  \"XBM5**T\",\n                  {\n                    \"or\": []\n                  }\n                ]\n              }\n            ]\n          },\n          \"AGK7\"\n        ],\n        \"satisfy\": {\n          \"mc\": \"<=65\"\n        },\n        \"url\": \"http://feywun262cofvsi9ayfqnmnm7h-7pt0r2x.gtz89enrmnrjzr-s95el7732gc6b6dvqg73nmgjc7biu2n6.4txrjxl692ldhupr9xvaa99ys-2518atkz.giaw0fsquk014obtv1ywgh4fdkc45cezh9s7hfdcouyrbegiz2cz.0.mhekkgyz/kwMj%F3%8A%AB%8C-qf%F2%91%9C%80Q/Z!6/%F0%93%B4%B2cv9TvQ0/%F0%B1%90%ADE!/IibTN%E5%81%A78D%F2%BD%91%B6E//(fiP3fE\",\n        \"info\": \"I \",\n        \"isSelectable\": true\n      },\n      \"f\": {\n        \"name\": \"BQvJ`8FwlO\",\n        \"ay\": 1954,\n        \"assign\": \",>ASVIPZ_\",\n        \"match\": [\n          {\n            \"or\": [\n              {\n                \"or\": [\n                  {\n                    \"pattern\": \"TW0S\",\n                    \"exclude\": \"XC543*\"\n                  },\n                  {\n                    \"pattern\": \"MJ0x35\",\n                    \"exclude\": \"BO11x\",\n                    \"info\": \"\"\n                  },\n                  \"SD528\",\n                  {\n                    \"pattern\": \"LOF8854M\",\n                    \"exclude\": [\n                      \"BPE507\",\n                      \"QN1\"\n                    ]\n                  },\n                  {\n                    \"and\": [\n                      {\n                        \"and\": [\n                          \"PM5xJ\",\n                          \"QO5664\"\n                        ]\n                      },\n                      \"IT864\",\n                      \"SJM41Z\",\n                      {\n                        \"and\": [\n                          \"NOJ7M\",\n                          {\n                            \"pattern\": \"ES7D\",\n                            \"info\": \"}Yd1`*o:1%\"\n                          },\n                          \"PCO387\",\n                          \"NY40\"\n                        ]\n                      },\n                      \"IAxL\"\n                    ]\n                  }\n                ]\n              },\n              {\n                \"and\": [\n                  \"HPZ1\",\n                  {\n                    \"or\": [\n                      {\n                        \"and\": [\n                          \"FOV*2A\"\n                        ]\n                      },\n                      {\n                        \"pattern\": \"MLD3T\",\n                        \"exclude\": \"WGK*541\",\n                        \"info\": \"\"\n                      }\n                    ]\n                  }\n                ]\n              },\n              {\n                \"pattern\": \"OVM7E\",\n                \"info\": \"412I`j%}y\"\n              }\n            ]\n          },\n          {\n            \"or\": [\n              {\n                \"and\": [\n                  {\n                    \"pattern\": \"DE1W\",\n                    \"info\": \"TC-F\"\n                  },\n                  {\n                    \"and\": []\n                  }\n                ]\n              }\n            ]\n          },\n          {\n            \"or\": [\n              {\n                \"pattern\": \"PVQ43x*\",\n                \"exclude\": [\n                  \"RDQ8*30\"\n                ],\n                \"info\": \"A\"\n              },\n              {\n                \"or\": [\n                  {\n                    \"pattern\": \"KHR5159R\",\n                    \"exclude\": []\n                  },\n                  {\n                    \"or\": [\n                      {\n                        \"or\": []\n                      },\n                      \"YS00*U\",\n                      {\n                        \"or\": [\n                          \"ODP2*50\",\n                          \"XL2x3N\"\n                        ]\n                      }\n                    ]\n                  },\n                  {\n                    \"and\": [\n                      \"NSK2x59Z\",\n                      \"KZB8\",\n                      {\n                        \"or\": [\n                          {\n                            \"and\": []\n                          },\n                          \"KC86\",\n                          {\n                            \"pattern\": \"VSK4xW\",\n                            \"exclude\": [\n                              \"RC114K\",\n                              \"LXE*138T\",\n                              \"NHC*W\"\n                            ]\n                          },\n                          \"KKB7x95\"\n                        ]\n                      },\n                      {\n                        \"or\": []\n                      }\n                    ]\n                  }\n                ]\n              },\n              \"HF793\",\n              {\n                \"or\": [\n                  {\n                    \"or\": [\n                      {\n                        \"and\": [\n                          {\n                            \"or\": [\n                              \"XL36x\"\n                            ]\n                          },\n                          {\n                            \"and\": []\n                          }\n                        ]\n                      }\n                    ]\n                  }\n                ]\n              },\n              \"EI24x3\"\n            ]\n          },\n          {\n            \"and\": []\n          }\n        ],\n        \"satisfy\": \"8J:w\",\n        \"url\": \"http://ujwl75speru26ypk4ctbptetemwh.crik0fkwtfyrai.yotd62iia4hpvpyy--91-cn6bqooerhbkesnyi.yukksw\",\n        \"info\": \"t~M\",\n        \"Qsqg0\": {\n          \"name\": \"y2:I%b9 \",\n          \"ay\": 2019,\n          \"assign\": [\n            \"\\\";:<~FtD\",\n            \"\",\n            \"_X\"\n          ],\n          \"satisfy\": {\n            \"and\": []\n          },\n          \"url\": \"http://c.e0qjw8xj8uoldk9gibmchywxxiarpjnjp7l4iu.dmfzdmxwir//%F4%8B%85%92yh(%F1%AF%86%8F/vfHq%F0%BA%A1%8C!v1/.Sg/c@lvMk5/d/EnZ1mxBM!/O9/-8-37G=&q/\",\n          \"info\": \",Y>75\",\n          \"isSelectable\": true\n        },\n        \"rh~C>F9nL\": {\n          \"name\": \"p-![nlk!\",\n          \"match\": {\n            \"or\": []\n          },\n          \"satisfy\": [\n            \"t=Za%B2\",\n            {\n              \"and\": [\n                \"\",\n                {\n                  \"and\": []\n                },\n                {\n                  \"or\": [\n                    \"\",\n                    \"RR7_\",\n                    {\n                      \"or\": []\n                    },\n                    {\n                      \"and\": [\n                        \"tSSz>)\\\"z\",\n                        \"iM\\\\'C_3\",\n                        \"HvwqT*a\"\n                      ]\n                    }\n                  ]\n                },\n                {\n                  \"and\": []\n                },\n                \"x3w\"\n              ]\n            },\n            \"qs{N\",\n            {\n              \"and\": [\n                {\n                  \"and\": [\n                    {\n                      \"mc\": \"<=95\"\n                    },\n                    {\n                      \"and\": [\n                        {\n                          \"and\": [\n                            \" )yI)Z\",\n                            \"{Y^f\\\"[`-\"\n                          ]\n                        },\n                        \">\",\n                        \"XOA!n\",\n                        \"3%%[:;5+\",\n                        \"tyCTd1|\"\n                      ]\n                    }\n                  ]\n                }\n              ]\n            }\n          ],\n          \"info\": \"WV\\\\DqR[j\",\n          \"isSelectable\": true\n        },\n        \"j\": {\n          \"name\": \"GOqd\",\n          \"ay\": 2000,\n          \"assign\": \"vDw&8+@ysz\",\n          \"match\": [\n            \"GBFx90\",\n            \"RK4\",\n            {\n              \"and\": []\n            },\n            \"OBA20x6\",\n            \"SS394\"\n          ],\n          \"satisfy\": {\n            \"mc\": \"<=72\"\n          },\n          \"url\": \"https://2-6ydzeo6ve2n9xooj8bu3m.jalj6u2f6mm3rub2lsz2y46b22ppy6jqx67h.mcokm/m-m(Zd/%F3%B2%9A%9C8m!x/h%F0%AB%B6%B1hz;/'7E0\",\n          \"info\": \"\",\n          \"isSelectable\": true\n        },\n        \"F!\": {\n          \"name\": \")4wUH'\",\n          \"ay\": 1959,\n          \"match\": {\n            \"and\": [\n              {\n                \"or\": [\n                  {\n                    \"pattern\": \"GY*17\"\n                  },\n                  {\n                    \"or\": [\n                      {\n                        \"or\": []\n                      },\n                      {\n                        \"pattern\": \"CT303M\",\n                        \"exclude\": \"PSZx\",\n                        \"info\": \"UBbLqO?\"\n                      },\n                      \"YT0189\"\n                    ]\n                  },\n                  {\n                    \"pattern\": \"HCX65R\",\n                    \"exclude\": [\n                      \"QQI6\",\n                      \"FRV8222\",\n                      \"HIV25*3F\"\n                    ],\n                    \"info\": \"VB2\"\n                  },\n                  \"SA56P\",\n                  \"KY749*Y\"\n                ]\n              },\n              {\n                \"or\": [\n                  \"OXJ935\",\n                  {\n                    \"pattern\": \"YYZ5\",\n                    \"exclude\": \"VBG201\",\n                    \"info\": \"`R]QboW\"\n                  },\n                  {\n                    \"or\": [\n                      \"QDP3045K\"\n                    ]\n                  },\n                  {\n                    \"or\": []\n                  },\n                  \"AXM06\"\n                ]\n              },\n              {\n                \"or\": [\n                  {\n                    \"pattern\": \"BK76\",\n                    \"exclude\": \"BYx9\"\n                  }\n                ]\n              },\n              {\n                \"and\": [\n                  \"CEE8*G\",\n                  \"EHW7726J\",\n                  {\n                    \"or\": [\n                      {\n                        \"or\": []\n                      },\n                      \"CY739\",\n                      {\n                        \"and\": [\n                          {\n                            \"and\": [\n                              \"GB50\",\n                              \"YP539K\",\n                              \"DUF9V\"\n                            ]\n                          },\n                          \"KV6\",\n                          {\n                            \"pattern\": \"WB7J\"\n                          },\n                          \"VL7\",\n                          \"LZ3E\"\n                        ]\n                      },\n                      \"IP8**T\"\n                    ]\n                  }\n                ]\n              }\n            ]\n          },\n          \"url\": \"http://yc7uj.a.pc-sz2mi2qj1gqjas68p80asmybujg917kboe095r-1vzzfnho2wl-he36u4.tzdpk/DY%F3%91%A4%B6/vJ1pD-\",\n          \"info\": \"\\\"\",\n          \"isSelectable\": true\n        },\n        \"uuK/\": {\n          \"name\": \"pIH\\\\l:d[b=\",\n          \"ay\": 1990,\n          \"assign\": [\n            \"'CR_<\",\n            \"6<tO\"\n          ],\n          \"satisfy\": \"L\",\n          \"url\": \"https://au.2538.jqb1kw7y98f7jz0kvvx5yrmuq6p08-mw3jno4poehtam93g5lfw57rwqw-3.l.xu/s8)kz/C2GY:No+Yt/&yf%F0%AE%98%83/k,RpK(W8cY/mAkd%F4%83%BC%A5+C.%F3%AE%8C%A4\",\n          \"info\": \"XsA:3\\\"`\",\n          \"isSelectable\": true\n        }\n      },\n      \"R\": {\n        \"name\": \"i\",\n        \"ay\": 2025,\n        \"match\": {\n          \"and\": [\n            {\n              \"and\": []\n            },\n            {\n              \"and\": [\n                \"YEG3*2P\",\n                \"AA*59\",\n                {\n                  \"and\": [\n                    \"PV113*\",\n                    {\n                      \"and\": [\n                        \"UJR*47\"\n                      ]\n                    }\n                  ]\n                }\n              ]\n            },\n            {\n              \"pattern\": \"EJNx18\",\n              \"exclude\": [\n                \"MZZ7\",\n                \"HSQ2\",\n                \"WCG379G\",\n                \"HS1359\"\n              ]\n            }\n          ]\n        },\n        \"satisfy\": \"U@svlN/i\",\n        \"info\": \"7})V\",\n        \"isSelectable\": true\n      }\n    }\n  },\n  {\n    \"title\": \"block sample 6\",\n    \"value\": {\n      \"name\": \"}y\\\"@\",\n      \"ay\": 1998,\n      \"match\": {\n        \"or\": [\n          {\n            \"or\": [\n              {\n                \"or\": [\n                  \"BN2x9*\",\n                  \"NNX59L\",\n                  {\n                    \"or\": [\n                      {\n                        \"pattern\": \"HM8*\",\n                        \"exclude\": \"OSB59x9K\",\n                        \"info\": \">yxq\"\n                      },\n                      \"ARA2K\"\n                    ]\n                  }\n                ]\n              },\n              {\n                \"or\": [\n                  {\n                    \"or\": [\n                      {\n                        \"pattern\": \"URK4056E\"\n                      },\n                      {\n                        \"pattern\": \"XHx4\",\n                        \"exclude\": []\n                      },\n                      {\n                        \"and\": [\n                          \"VQ90\",\n                          \"KU1\",\n                          \"AXC79x9V\"\n                        ]\n                      }\n                    ]\n                  },\n                  \"YT102\",\n                  \"MEC4375\",\n                  {\n                    \"and\": []\n                  },\n                  \"AZH38\"\n                ]\n              },\n              {\n                \"pattern\": \"UBI59\",\n                \"exclude\": [\n                  \"GZ3731L\",\n                  \"KW817\",\n                  \"MY1\",\n                  \"VNF684T\",\n                  \"RP1J\"\n                ]\n              },\n              \"QLG660\",\n              {\n                \"pattern\": \"CG*D\",\n                \"exclude\": [\n                  \"KJ5xB\",\n                  \"HO77xN\",\n                  \"HZ4933\",\n                  \"ZI497\"\n                ],\n                \"info\": \"a s[~ARL\"\n              }\n            ]\n          }\n        ]\n      },\n      \"satisfy\": [\n        {\n          \"and\": [\n            \"*i57+F\"\n          ]\n        }\n      ],\n      \"url\": \"https://tm2jusbdj7b7bdil6i9yolod6mrui4i41h4fqq87kbx9tlxf4v4hcw2rlp.c3jlcyzbvj7dq9zflhn19xs6inpwom877ve3kmm7eyeypoql8c.vxo834.2quhvfiz0pxt-acvk7dxlkaykeoasb3i0zba6lgvtjt1wft.jobdxec\",\n      \"info\": \".=\",\n      \"isSelectable\": true\n    }\n  },\n  {\n    \"title\": \"block sample 7\",\n    \"value\": {\n      \"ay\": 1991,\n      \"url\": \"http://9gdedciuqogdzxabr-a.1.har8af4ig2of85cufylcce5qpfcgne6anfi7ea--eac8au.ddfpj.seewfbvpzw/6um//c/dGB2/~wf%F2%BF%82%80+\",\n      \"info\": \"P~#{yW\",\n      \"isSelectable\": true\n    }\n  },\n  {\n    \"title\": \"block sample 8\",\n    \"value\": {\n      \"name\": \"M`df\",\n      \"ay\": 1992,\n      \"assign\": [],\n      \"match\": [\n        {\n          \"or\": [\n            {\n              \"pattern\": \"PD1*9\",\n              \"exclude\": \"YTG3U\"\n            },\n            {\n              \"pattern\": \"RW303\",\n              \"info\": \"6'.VB/\"\n            },\n            \"RUL95*\"\n          ]\n        },\n        {\n          \"and\": [\n            {\n              \"pattern\": \"ISIx95\",\n              \"exclude\": \"LGZ9174R\",\n              \"info\": \",\"\n            },\n            {\n              \"and\": [\n                \"II437x\"\n              ]\n            },\n            {\n              \"or\": []\n            }\n          ]\n        },\n        {\n          \"pattern\": \"OK5883V\",\n          \"exclude\": [\n            \"CC915xT\",\n            \"IC*2\",\n            \"TDV8\"\n          ]\n        },\n        {\n          \"and\": [\n            {\n              \"pattern\": \"FHK90\",\n              \"exclude\": \"OT16\"\n            },\n            {\n              \"or\": [\n                \"EJP051B\",\n                \"RD5\",\n                {\n                  \"and\": []\n                },\n                \"MY5\"\n              ]\n            }\n          ]\n        }\n      ],\n      \"satisfy\": [\n        {\n          \"mc\": \"<=3\"\n        }\n      ],\n      \"url\": \"https://cflea1sccblvber38fct3d.003-k-o-rqmzfd5ln6954o0iuqoeog4qavzi3pb.kvmpmv/u(6)aJ%E4%8E%84uT'/4PKQp8K/ye,SBm$GV\",\n      \"isSelectable\": true,\n      \"'CP9mya\": {\n        \"name\": \"0\",\n        \"ay\": 1950,\n        \"assign\": \"&y!&>#}\",\n        \"match\": [],\n        \"satisfy\": [\n          \"k_jWr6j5eM\"\n        ],\n        \"url\": \"http://z7.m018bn3rzgaqcprpo6sy82sgujw99u5untmvimcj.lhis//%26%F2%BB%94%8Fu/%F1%8A%A0%A4_lRsC;He%F1%B4%BB%91/ha%F1%A1%97%B52XytF/_'=r\",\n        \"info\": \"aQ2*yL8\",\n        \"isSelectable\": true\n      },\n      \"6PURje-d8~\": {\n        \"name\": \"\",\n        \"ay\": 2026,\n        \"satisfy\": [\n          {\n            \"mc\": \">=30\"\n          },\n          \"7w\"\n        ],\n        \"url\": \"https://s.ygu/:%F3%A7%85%80l10$/y/%F0%B7%90%8EY%F2%97%AF%B7/*s9t9Zj3/0c._k5@+/M%F3%B1%80%B7.$iD$QtN/p//%F2%BC%9F%AE/TZs\",\n        \"info\": \"~\",\n        \"isSelectable\": true\n      }\n    }\n  },\n  {\n    \"title\": \"block sample 9\",\n    \"value\": {\n      \"name\": \"f#|GH*a\",\n      \"ay\": 1970,\n      \"assign\": \"&\\\\x>%&\",\n      \"match\": [\n        {\n          \"or\": [\n            \"RQ273I\",\n            {\n              \"or\": []\n            }\n          ]\n        },\n        {\n          \"pattern\": \"DCW*6\",\n          \"exclude\": \"JK362O\",\n          \"info\": \"\"\n        },\n        {\n          \"or\": [\n            \"HNT7*\",\n            {\n              \"and\": [\n                {\n                  \"and\": [\n                    \"WLW99\",\n                    {\n                      \"or\": [\n                        \"DJH16xQ\",\n                        \"GFD758R\",\n                        \"WW7X\"\n                      ]\n                    },\n                    \"DXL651\",\n                    \"GBA460\"\n                  ]\n                },\n                \"VZ3K\",\n                {\n                  \"or\": [\n                    \"YVAx531H\",\n                    {\n                      \"pattern\": \"NAM76K\",\n                      \"exclude\": []\n                    },\n                    \"GDM700U\",\n                    {\n                      \"or\": [\n                        \"NMS0x4C\",\n                        {\n                          \"pattern\": \"YOG9504\",\n                          \"exclude\": [\n                            \"JU1K\",\n                            \"SB57\"\n                          ],\n                          \"info\": \"m;2e|:T|6\"\n                        }\n                      ]\n                    }\n                  ]\n                },\n                {\n                  \"pattern\": \"OA381R\",\n                  \"exclude\": [\n                    \"AL793O\",\n                    \"LI*3\",\n                    \"PE631I\",\n                    \"QN9X\",\n                    \"RZ03*X\"\n                  ],\n                  \"info\": \"VV\"\n                }\n              ]\n            },\n            {\n              \"and\": [\n                {\n                  \"or\": [\n                    \"REM072\",\n                    \"CQJ*0A\",\n                    \"DYS8639\",\n                    \"SYW960x\",\n                    \"DA82\"\n                  ]\n                },\n                \"MNM11O\",\n                \"EUE2*\",\n                \"RUW*\",\n                {\n                  \"or\": [\n                    \"OOV644Z\",\n                    \"JS7*7*Z\"\n                  ]\n                }\n              ]\n            },\n            {\n              \"pattern\": \"FL4\",\n              \"exclude\": [\n                \"YO791S\",\n                \"HUO7352B\",\n                \"XJ6108\",\n                \"XGV9B\",\n                \"KP29U\"\n              ],\n              \"info\": \"DR$LZOWN\"\n            },\n            {\n              \"or\": [\n                {\n                  \"and\": []\n                }\n              ]\n            }\n          ]\n        }\n      ],\n      \"satisfy\": \"D/*TCiFk~\",\n      \"url\": \"https://4hg1yp4azumgo.80bn2h3m9ss92mzk1uhnc8tam9c96pfeaerfn0500u5wao6jjnu27qyzl49m.11khk7h7oux-xd8lidaym28-k9y6oxna728h2lblu.7njonhvf1kx6w3l-1wl.vehfg9tsmy9l8jwcmnygvc9on8kzj6vggcb3t1z608czx3-j-q08xw.tfpunq/x'CY/Z@T%F3%AC%93%A2;4@/~YW%F2%A0%9D%81%F3%B4%BF%861cA/ZOz4k%F1%97%AB%84/+g%F1%9A%A8%87ioQF+/%F2%83%95%89%F4%8A%8A%A4:4WxE\",\n      \"info\": \"~=2<E*Y^i\",\n      \"isSelectable\": true\n    }\n  }\n]",
              "code": "fast_check_1.sample(index_test_2.block, 10).forEach((sample, i) => addContext_1.default(this, {\n    title: `block sample ${i}`,\n    value: sample,\n}));\nreturn fast_check_1.assert(fast_check_1.property(index_test_2.block, ajvValidate));",
              "err": {},
              "uuid": "6fe4823b-079f-4668-a1de-09e5a840ffd3",
              "parentUUID": "7e93bad1-504b-443b-863e-7c83a39345f5",
              "isHook": false,
              "skipped": false
            },
            {
              "title": "should not validate non-object",
              "fullTitle": "blockSchema should not validate non-object",
              "timedOut": false,
              "duration": 1,
              "state": "passed",
              "speed": "fast",
              "pass": true,
              "fail": false,
              "pending": false,
              "context": null,
              "code": "const error = {\n    instancePath: \"\",\n    message: \"block should be an object\",\n};\nisInvalidBlock(null, error);\nisInvalidBlock(undefined, error);\nisInvalidBlock(10, error);\nisInvalidBlock([12, 24], error);\nisInvalidBlock(\"abc\", error);",
              "err": {},
              "uuid": "39071d7e-7c02-47fa-85af-411207b73db4",
              "parentUUID": "7e93bad1-504b-443b-863e-7c83a39345f5",
              "isHook": false,
              "skipped": false
            },
            {
              "title": "should not validate block with invalid properties",
              "fullTitle": "blockSchema should not validate block with invalid properties",
              "timedOut": false,
              "duration": 0,
              "state": "passed",
              "speed": "fast",
              "pass": true,
              "fail": false,
              "pending": false,
              "context": null,
              "code": "isInvalidBlock({\n        name: { foo: \"bar\" },\n        ay: -1000,\n        assign: {},\n        match: 1,\n        satisfy: 2,\n        url: { abc: \"def\" },\n        info: 42,\n        isSelectable: 32,\n    }, { instancePath: \"/name\", message: \"property 'name' should be a string\" }, {\n        instancePath: \"/ay\",\n        message: \"property 'ay' should be a positive integer\",\n    }, {\n        instancePath: \"/assign\",\n        message: \"property 'assign' should be either a block ID or an array of block IDs\",\n    }, {\n        instancePath: \"/match\",\n        message: \"property 'match' should be either a match rule or an array of match rules\",\n    }, {\n        instancePath: \"/satisfy\",\n        message: \"property 'satisfy' should be either a satisfy rule or an array of satisfy rules\",\n    }, { instancePath: \"/url\", message: \"property 'url' should be a string\" }, { instancePath: \"/info\", message: \"property 'info' should be a string\" }, {\n        instancePath: \"/isSelectable\",\n        message: \"property 'isSelectable' should be a boolean\",\n    })",
              "err": {},
              "uuid": "61c3a5e7-834f-44b4-b10a-7a6e16c661e5",
              "parentUUID": "7e93bad1-504b-443b-863e-7c83a39345f5",
              "isHook": false,
              "skipped": false
            }
          ],
          "suites": [],
          "passes": [
            "6fe4823b-079f-4668-a1de-09e5a840ffd3",
            "39071d7e-7c02-47fa-85af-411207b73db4",
            "61c3a5e7-834f-44b4-b10a-7a6e16c661e5"
          ],
          "failures": [],
          "pending": [],
          "skipped": [],
          "duration": 151,
          "root": false,
          "rootEmpty": false,
          "_timeout": 2000
        },
        {
          "uuid": "7cfdac4c-b8ec-4181-8b5f-e5b2b1fb1fd8",
          "title": "patternToRE",
          "fullFile": "/home/runner/work/planwithus-lib/planwithus-lib/src/matchRule/pattern/satisfiers.test.ts",
          "file": "/src/matchRule/pattern/satisfiers.test.ts",
          "beforeHooks": [],
          "afterHooks": [],
          "tests": [
            {
              "title": "should match valid modules with a single pattern",
              "fullTitle": "patternToRE should match valid modules with a single pattern",
              "timedOut": false,
              "duration": 13,
              "state": "passed",
              "speed": "fast",
              "pass": true,
              "fail": false,
              "pending": false,
              "context": "[\n  {\n    \"title\": \"patternExampleList sample 0\",\n    \"value\": [\n      \"LZ2451A\",\n      [\n        \"LZ2451A\"\n      ]\n    ]\n  },\n  {\n    \"title\": \"patternExampleList sample 1\",\n    \"value\": [\n      \"CN53\",\n      [\n        \"CN53\"\n      ]\n    ]\n  },\n  {\n    \"title\": \"patternExampleList sample 2\",\n    \"value\": [\n      \"IO9\",\n      [\n        \"IO9\"\n      ]\n    ]\n  },\n  {\n    \"title\": \"patternExampleList sample 3\",\n    \"value\": [\n      \"CGC5494Q\",\n      [\n        \"CGC5494Q\"\n      ]\n    ]\n  },\n  {\n    \"title\": \"patternExampleList sample 4\",\n    \"value\": [\n      \"DW173\",\n      [\n        \"DW173\"\n      ]\n    ]\n  },\n  {\n    \"title\": \"patternExampleList sample 5\",\n    \"value\": [\n      \"PWI6\",\n      [\n        \"PWI6\"\n      ]\n    ]\n  },\n  {\n    \"title\": \"patternExampleList sample 6\",\n    \"value\": [\n      \"HA2041W\",\n      [\n        \"HA2041W\"\n      ]\n    ]\n  },\n  {\n    \"title\": \"patternExampleList sample 7\",\n    \"value\": [\n      \"JR47Y\",\n      [\n        \"JR47Y\"\n      ]\n    ]\n  },\n  {\n    \"title\": \"patternExampleList sample 8\",\n    \"value\": [\n      \"HY0\",\n      [\n        \"HY0\"\n      ]\n    ]\n  },\n  {\n    \"title\": \"patternExampleList sample 9\",\n    \"value\": [\n      \"SB7\",\n      [\n        \"SB7\"\n      ]\n    ]\n  }\n]",
              "code": "fast_check_1.sample(index_test_1.patternExampleList, 10).forEach((sample, i) => addContext_1.default(this, {\n    title: `patternExampleList sample ${i}`,\n    value: sample,\n}));\nreturn fast_check_1.assert(fast_check_1.property(index_test_1.patternExampleList, ([patternStr, examples]) => {\n    const re = _1.patternToRE(patternStr);\n    return examples.every(re.test.bind(re));\n}));",
              "err": {},
              "uuid": "62663304-30ee-4bd7-9489-72a7e927c3e8",
              "parentUUID": "7cfdac4c-b8ec-4181-8b5f-e5b2b1fb1fd8",
              "isHook": false,
              "skipped": false
            },
            {
              "title": "should match valid modules with multiple patterns",
              "fullTitle": "patternToRE should match valid modules with multiple patterns",
              "timedOut": false,
              "duration": 65,
              "state": "passed",
              "speed": "medium",
              "pass": true,
              "fail": false,
              "pending": false,
              "context": "[\n  {\n    \"title\": \"patternExampleListArray sample 0\",\n    \"value\": [\n      [\n        \"BHI4D\",\n        [\n          \"BHI4D\"\n        ]\n      ],\n      [\n        \"DVF74\",\n        [\n          \"DVF74\"\n        ]\n      ],\n      [\n        \"UQY7093\",\n        [\n          \"UQY7093\"\n        ]\n      ],\n      [\n        \"WUZ419R\",\n        [\n          \"WUZ419R\"\n        ]\n      ],\n      [\n        \"GDS4317\",\n        [\n          \"GDS4317\"\n        ]\n      ],\n      [\n        \"QI5\",\n        [\n          \"QI5\"\n        ]\n      ],\n      [\n        \"UAM2G\",\n        [\n          \"UAM2G\"\n        ]\n      ],\n      [\n        \"CSE3V\",\n        [\n          \"CSE3V\"\n        ]\n      ],\n      [\n        \"VH8Q\",\n        [\n          \"VH8Q\"\n        ]\n      ]\n    ]\n  },\n  {\n    \"title\": \"patternExampleListArray sample 1\",\n    \"value\": [\n      [\n        \"UPN*4\",\n        [\n          \"UPNH59UJTS54\",\n          \"UPN4\",\n          \"UPN5A4IUW4\",\n          \"UPNTBW6784\",\n          \"UPNMMF7M9A54\",\n          \"UPNBNNUI4\",\n          \"UPNZRBV41L4\"\n        ]\n      ],\n      [\n        \"DVx\",\n        [\n          \"DV1\",\n          \"DV4\",\n          \"DV9\",\n          \"DV6\"\n        ]\n      ],\n      [\n        \"PEI46\",\n        [\n          \"PEI46\"\n        ]\n      ]\n    ]\n  },\n  {\n    \"title\": \"patternExampleListArray sample 2\",\n    \"value\": [\n      [\n        \"ZXH12R\",\n        [\n          \"ZXH12R\"\n        ]\n      ],\n      [\n        \"GSD9771\",\n        [\n          \"GSD9771\"\n        ]\n      ],\n      [\n        \"IWB40x\",\n        [\n          \"IWB405\",\n          \"IWB407\",\n          \"IWB402\",\n          \"IWB400\",\n          \"IWB404\",\n          \"IWB406\",\n          \"IWB401\",\n          \"IWB403\",\n          \"IWB408\",\n          \"IWB409\"\n        ]\n      ],\n      [\n        \"DH*285\",\n        [\n          \"DH2X7285\",\n          \"DHO285\",\n          \"DHQ285\",\n          \"DH2Z9W6N285\",\n          \"DHKZDI285\"\n        ]\n      ]\n    ]\n  },\n  {\n    \"title\": \"patternExampleListArray sample 3\",\n    \"value\": [\n      [\n        \"KT8E\",\n        [\n          \"KT8E\"\n        ]\n      ],\n      [\n        \"ED76*\",\n        [\n          \"ED76RB8\"\n        ]\n      ],\n      [\n        \"AZ309\",\n        [\n          \"AZ309\"\n        ]\n      ],\n      [\n        \"HC*2Y\",\n        [\n          \"HCWNP2Y\",\n          \"HCFD72Y\",\n          \"HCZ3P22Y\",\n          \"HC72Y\",\n          \"HCTAUGDN2Y\",\n          \"HCCC12Y\",\n          \"HCIYI5W2Y\",\n          \"HC2Y\",\n          \"HC8VT42Y\",\n          \"HC7OTJU6N62Y\",\n          \"HCXI2Y\"\n        ]\n      ],\n      [\n        \"DL*2*9Q\",\n        [\n          \"DLPA9D4KCV2U1KQMB9Q\",\n          \"DL9AV5F2SGS39Q\"\n        ]\n      ],\n      [\n        \"OA3*x3\",\n        [\n          \"OA36KF853\",\n          \"OA343\",\n          \"OA3HNIUZ63\",\n          \"OA35VI9ZQK23\",\n          \"OA3APTY23\",\n          \"OA3O13\"\n        ]\n      ],\n      [\n        \"UR8\",\n        [\n          \"UR8\"\n        ]\n      ],\n      [\n        \"AEKx824\",\n        [\n          \"AEK8824\",\n          \"AEK0824\",\n          \"AEK1824\",\n          \"AEK7824\",\n          \"AEK9824\",\n          \"AEK6824\",\n          \"AEK3824\",\n          \"AEK5824\",\n          \"AEK2824\"\n        ]\n      ]\n    ]\n  },\n  {\n    \"title\": \"patternExampleListArray sample 4\",\n    \"value\": [\n      [\n        \"JL9A\",\n        [\n          \"JL9A\"\n        ]\n      ]\n    ]\n  },\n  {\n    \"title\": \"patternExampleListArray sample 5\",\n    \"value\": [\n      [\n        \"BW*x\",\n        [\n          \"BWLPQ5QK3O7\",\n          \"BWRBVAGETY2\",\n          \"BWRU0N2\",\n          \"BW62ZKIU7\",\n          \"BWFDBKKX4\",\n          \"BWMD13WBX5\",\n          \"BWB3L5LU72\"\n        ]\n      ],\n      [\n        \"RFQ9766\",\n        [\n          \"RFQ9766\"\n        ]\n      ],\n      [\n        \"HI78T\",\n        [\n          \"HI78T\"\n        ]\n      ],\n      [\n        \"WFH2888\",\n        [\n          \"WFH2888\"\n        ]\n      ],\n      [\n        \"YK*61A\",\n        [\n          \"YKRELKE61A\"\n        ]\n      ]\n    ]\n  },\n  {\n    \"title\": \"patternExampleListArray sample 6\",\n    \"value\": [\n      [\n        \"UZJxX\",\n        [\n          \"UZJ9X\",\n          \"UZJ7X\",\n          \"UZJ6X\",\n          \"UZJ3X\",\n          \"UZJ5X\"\n        ]\n      ],\n      [\n        \"KS9635\",\n        [\n          \"KS9635\"\n        ]\n      ],\n      [\n        \"DN8Y\",\n        [\n          \"DN8Y\"\n        ]\n      ],\n      [\n        \"CW5\",\n        [\n          \"CW5\"\n        ]\n      ],\n      [\n        \"VM76K\",\n        [\n          \"VM76K\"\n        ]\n      ],\n      [\n        \"FI5592D\",\n        [\n          \"FI5592D\"\n        ]\n      ]\n    ]\n  },\n  {\n    \"title\": \"patternExampleListArray sample 7\",\n    \"value\": [\n      [\n        \"PYW8x*3T\",\n        [\n          \"PYW85DRWNL9X3T\",\n          \"PYW863T\",\n          \"PYW89OR3T\",\n          \"PYW8429KF9G93T\"\n        ]\n      ]\n    ]\n  },\n  {\n    \"title\": \"patternExampleListArray sample 8\",\n    \"value\": [\n      [\n        \"HB3680\",\n        [\n          \"HB3680\"\n        ]\n      ]\n    ]\n  },\n  {\n    \"title\": \"patternExampleListArray sample 9\",\n    \"value\": [\n      [\n        \"JMHxC\",\n        [\n          \"JMH8C\",\n          \"JMH1C\",\n          \"JMH4C\",\n          \"JMH2C\",\n          \"JMH7C\"\n        ]\n      ],\n      [\n        \"UXC027\",\n        [\n          \"UXC027\"\n        ]\n      ],\n      [\n        \"CC57\",\n        [\n          \"CC57\"\n        ]\n      ]\n    ]\n  }\n]",
              "code": "const patternExampleListArray = fast_check_1.array(index_test_1.patternExampleList, { minLength: 1 });\nfast_check_1.sample(patternExampleListArray, 10).forEach((sample, i) => addContext_1.default(this, {\n    title: `patternExampleListArray sample ${i}`,\n    value: sample,\n}));\nreturn fast_check_1.assert(fast_check_1.property(patternExampleListArray, (ts) => {\n    const re = _1.patternToRE(...ts.map(([patternStr]) => patternStr));\n    return ts\n        .map(([, examples]) => examples)\n        .flat()\n        .every(re.test.bind(re));\n}));",
              "err": {},
              "uuid": "ff2cf7a6-c6c1-4916-812a-631a47debfc3",
              "parentUUID": "7cfdac4c-b8ec-4181-8b5f-e5b2b1fb1fd8",
              "isHook": false,
              "skipped": false
            },
            {
              "title": "should not match x to non-number",
              "fullTitle": "patternToRE should not match x to non-number",
              "timedOut": false,
              "duration": 0,
              "state": "passed",
              "speed": "fast",
              "pass": true,
              "fail": false,
              "pending": false,
              "context": null,
              "code": "const re = _1.patternToRE(\"x\");\n[\"A\", \"Z\", \"c\", \"#\"].forEach((example) => isInvalidExample(re, example));",
              "err": {},
              "uuid": "95adf526-fd6b-46a8-9f65-97f2caea950b",
              "parentUUID": "7cfdac4c-b8ec-4181-8b5f-e5b2b1fb1fd8",
              "isHook": false,
              "skipped": false
            },
            {
              "title": "should not match * to a substring composed of characters other than A-Z and 0-9",
              "fullTitle": "patternToRE should not match * to a substring composed of characters other than A-Z and 0-9",
              "timedOut": false,
              "duration": 0,
              "state": "passed",
              "speed": "fast",
              "pass": true,
              "fail": false,
              "pending": false,
              "context": null,
              "code": "const re = _1.patternToRE(\"*\");\n[\"c\", \"Ac\", \"cA\", \"0Ax\", \"x0A\", \"BA#\", \"#AB\"].forEach((example) => isInvalidExample(re, example));",
              "err": {},
              "uuid": "4843d376-f8ed-42a0-838a-495a7e1f1df3",
              "parentUUID": "7cfdac4c-b8ec-4181-8b5f-e5b2b1fb1fd8",
              "isHook": false,
              "skipped": false
            },
            {
              "title": "should not match substrings",
              "fullTitle": "patternToRE should not match substrings",
              "timedOut": false,
              "duration": 1,
              "state": "passed",
              "speed": "fast",
              "pass": true,
              "fail": false,
              "pending": false,
              "context": null,
              "code": "const re = _1.patternToRE(\"A*xC\");\n[\"A1CZ\", \"AC1CZ\", \"ZA1C\", \"ZAC1C\", \"ZA1CZ\", \"ZAC1CZ\"].forEach((example) => isInvalidExample(re, example));",
              "err": {},
              "uuid": "ab5e0873-4030-4992-b54d-39527a752f44",
              "parentUUID": "7cfdac4c-b8ec-4181-8b5f-e5b2b1fb1fd8",
              "isHook": false,
              "skipped": false
            }
          ],
          "suites": [],
          "passes": [
            "62663304-30ee-4bd7-9489-72a7e927c3e8",
            "ff2cf7a6-c6c1-4916-812a-631a47debfc3",
            "95adf526-fd6b-46a8-9f65-97f2caea950b",
            "4843d376-f8ed-42a0-838a-495a7e1f1df3",
            "ab5e0873-4030-4992-b54d-39527a752f44"
          ],
          "failures": [],
          "pending": [],
          "skipped": [],
          "duration": 79,
          "root": false,
          "rootEmpty": false,
          "_timeout": 2000
        },
        {
          "uuid": "5a86b0cd-b1fe-4851-af00-82a6a7aa9f56",
          "title": "patternSatisfier",
          "fullFile": "/home/runner/work/planwithus-lib/planwithus-lib/src/matchRule/pattern/satisfiers.test.ts",
          "file": "/src/matchRule/pattern/satisfiers.test.ts",
          "beforeHooks": [],
          "afterHooks": [],
          "tests": [
            {
              "title": "should assign all modules with *",
              "fullTitle": "patternSatisfier should assign all modules with *",
              "timedOut": false,
              "duration": 1,
              "state": "passed",
              "speed": "fast",
              "pass": true,
              "fail": false,
              "pending": false,
              "context": null,
              "code": "const { assign } = satisfiers_1.patternSatisfier(ref, \"*\");\nisCorrectAssign(assign, modulesList1, modulesList1.map(([moduleStr]) => moduleStr));",
              "err": {},
              "uuid": "46a4edcf-9741-49d1-9c66-4cdc1a21484e",
              "parentUUID": "5a86b0cd-b1fe-4851-af00-82a6a7aa9f56",
              "isHook": false,
              "skipped": false
            },
            {
              "title": "should assign only valid modules with pattern containing *",
              "fullTitle": "patternSatisfier should assign only valid modules with pattern containing *",
              "timedOut": false,
              "duration": 0,
              "state": "passed",
              "speed": "fast",
              "pass": true,
              "fail": false,
              "pending": false,
              "context": null,
              "code": "const { assign } = satisfiers_1.patternSatisfier(ref, \"CS2*\");\nisCorrectAssign(assign, modulesList1, [\"CS2100\", \"CS2040S\", \"CS2030\"]);",
              "err": {},
              "uuid": "df0faef3-ecaf-4be8-b75a-2fceefb174db",
              "parentUUID": "5a86b0cd-b1fe-4851-af00-82a6a7aa9f56",
              "isHook": false,
              "skipped": false
            },
            {
              "title": "should assign only valid modules with pattern containing x",
              "fullTitle": "patternSatisfier should assign only valid modules with pattern containing x",
              "timedOut": false,
              "duration": 0,
              "state": "passed",
              "speed": "fast",
              "pass": true,
              "fail": false,
              "pending": false,
              "context": null,
              "code": "const { assign } = satisfiers_1.patternSatisfier(ref, \"CS20xx\");\nisCorrectAssign(assign, modulesList1, [\"CS2030\"]);",
              "err": {},
              "uuid": "c83336ef-4ba8-4895-a1a8-8e1044aac993",
              "parentUUID": "5a86b0cd-b1fe-4851-af00-82a6a7aa9f56",
              "isHook": false,
              "skipped": false
            },
            {
              "title": "should assign only valid modules with pattern containing x and *",
              "fullTitle": "patternSatisfier should assign only valid modules with pattern containing x and *",
              "timedOut": false,
              "duration": 0,
              "state": "passed",
              "speed": "fast",
              "pass": true,
              "fail": false,
              "pending": false,
              "context": null,
              "code": "const { assign } = satisfiers_1.patternSatisfier(ref, \"CS20xx*\");\nisCorrectAssign(assign, modulesList1, [\"CS2040S\", \"CS2030\"]);",
              "err": {},
              "uuid": "7bd2070a-d885-4879-8d8a-86b0dd857e6d",
              "parentUUID": "5a86b0cd-b1fe-4851-af00-82a6a7aa9f56",
              "isHook": false,
              "skipped": false
            }
          ],
          "suites": [],
          "passes": [
            "46a4edcf-9741-49d1-9c66-4cdc1a21484e",
            "df0faef3-ecaf-4be8-b75a-2fceefb174db",
            "c83336ef-4ba8-4895-a1a8-8e1044aac993",
            "7bd2070a-d885-4879-8d8a-86b0dd857e6d"
          ],
          "failures": [],
          "pending": [],
          "skipped": [],
          "duration": 1,
          "root": false,
          "rootEmpty": false,
          "_timeout": 2000
        },
        {
          "uuid": "2c6f4a9c-f80f-46d0-bd3d-be3efcf81ebd",
          "title": "patternSchema",
          "fullFile": "/home/runner/work/planwithus-lib/planwithus-lib/src/matchRule/pattern/schemas.test.ts",
          "file": "/src/matchRule/pattern/schemas.test.ts",
          "beforeHooks": [],
          "afterHooks": [],
          "tests": [
            {
              "title": "should validate non-empty pattern composed of A-Z, 0-9, x or *",
              "fullTitle": "patternSchema should validate non-empty pattern composed of A-Z, 0-9, x or *",
              "timedOut": false,
              "duration": 2,
              "state": "passed",
              "speed": "fast",
              "pass": true,
              "fail": false,
              "pending": false,
              "context": "[\n  {\n    \"title\": \"pattern sample 0\",\n    \"value\": \"OXS045\"\n  },\n  {\n    \"title\": \"pattern sample 1\",\n    \"value\": \"UB24\"\n  },\n  {\n    \"title\": \"pattern sample 2\",\n    \"value\": \"CPD54M\"\n  },\n  {\n    \"title\": \"pattern sample 3\",\n    \"value\": \"UYC0\"\n  },\n  {\n    \"title\": \"pattern sample 4\",\n    \"value\": \"HFH0345M\"\n  },\n  {\n    \"title\": \"pattern sample 5\",\n    \"value\": \"XGK89*0\"\n  },\n  {\n    \"title\": \"pattern sample 6\",\n    \"value\": \"MD10xx\"\n  },\n  {\n    \"title\": \"pattern sample 7\",\n    \"value\": \"PZK7\"\n  },\n  {\n    \"title\": \"pattern sample 8\",\n    \"value\": \"QCB3930M\"\n  },\n  {\n    \"title\": \"pattern sample 9\",\n    \"value\": \"RH*x64\"\n  }\n]",
              "code": "fast_check_1.sample(index_test_2.pattern, 10).forEach((sample, i) => addContext_1.default(this, {\n    title: `pattern sample ${i}`,\n    value: sample,\n}));\nreturn fast_check_1.assert(fast_check_1.property(index_test_2.pattern, ajvValidate), {\n    examples: [[\"*\"], [\"ACC1002\"], [\"IS1103\"], [\"CS1231S\"], [\"MA1102R\"]],\n});",
              "err": {},
              "uuid": "4643f53b-bc50-4180-9b96-0684291ecb88",
              "parentUUID": "2c6f4a9c-f80f-46d0-bd3d-be3efcf81ebd",
              "isHook": false,
              "skipped": false
            },
            {
              "title": "should not validate empty pattern",
              "fullTitle": "patternSchema should not validate empty pattern",
              "timedOut": false,
              "duration": 0,
              "state": "passed",
              "speed": "fast",
              "pass": true,
              "fail": false,
              "pending": false,
              "context": null,
              "code": "isInvalidPattern(\"\")",
              "err": {},
              "uuid": "af231951-bb4c-4a70-bd5f-dda6dddf50f4",
              "parentUUID": "2c6f4a9c-f80f-46d0-bd3d-be3efcf81ebd",
              "isHook": false,
              "skipped": false
            },
            {
              "title": "should not validate pattern with invalid characters",
              "fullTitle": "patternSchema should not validate pattern with invalid characters",
              "timedOut": false,
              "duration": 1,
              "state": "passed",
              "speed": "fast",
              "pass": true,
              "fail": false,
              "pending": false,
              "context": null,
              "code": "[\"AB123a\", \"Ac123a\", \"AB123^S\", \"AB1*3^S\", \"$A1*3^S\", \"/A1x33S\"].forEach(isInvalidPattern)",
              "err": {},
              "uuid": "2ab5d047-33d7-4446-89ab-4dc3f2860bea",
              "parentUUID": "2c6f4a9c-f80f-46d0-bd3d-be3efcf81ebd",
              "isHook": false,
              "skipped": false
            }
          ],
          "suites": [],
          "passes": [
            "4643f53b-bc50-4180-9b96-0684291ecb88",
            "af231951-bb4c-4a70-bd5f-dda6dddf50f4",
            "2ab5d047-33d7-4446-89ab-4dc3f2860bea"
          ],
          "failures": [],
          "pending": [],
          "skipped": [],
          "duration": 3,
          "root": false,
          "rootEmpty": false,
          "_timeout": 2000
        },
        {
          "uuid": "70c4b314-42cc-413c-8bf6-f7621bd7f50e",
          "title": "patternMatchRuleSatisfier",
          "fullFile": "/home/runner/work/planwithus-lib/planwithus-lib/src/matchRule/satisfiers.test.ts",
          "file": "/src/matchRule/satisfiers.test.ts",
          "beforeHooks": [],
          "afterHooks": [],
          "tests": [
            {
              "title": "should assign only valid modules with pattern match rule containing no exclude patterns",
              "fullTitle": "patternMatchRuleSatisfier should assign only valid modules with pattern match rule containing no exclude patterns",
              "timedOut": false,
              "duration": 0,
              "state": "passed",
              "speed": "fast",
              "pass": true,
              "fail": false,
              "pending": false,
              "context": null,
              "code": "const { assign } = satisfiers_1.patternMatchRuleSatisfier(ref, { pattern: \"CS1xxx*\" });\nisCorrectAssign(assign, modulesList1, [\"CS1231\", \"CS1231S\"]);",
              "err": {},
              "uuid": "4ef95e28-d65c-453f-8e10-67fc5fed8e7d",
              "parentUUID": "70c4b314-42cc-413c-8bf6-f7621bd7f50e",
              "isHook": false,
              "skipped": false
            },
            {
              "title": "should assign only valid modules with pattern match rule containing an exclude pattern",
              "fullTitle": "patternMatchRuleSatisfier should assign only valid modules with pattern match rule containing an exclude pattern",
              "timedOut": false,
              "duration": 0,
              "state": "passed",
              "speed": "fast",
              "pass": true,
              "fail": false,
              "pending": false,
              "context": null,
              "code": "const { assign } = satisfiers_1.patternMatchRuleSatisfier(ref, {\n    pattern: \"MA1xxx*\",\n    exclude: \"MA15xx\",\n});\nisCorrectAssign(assign, modulesList1, [\n    \"MA1100\",\n    \"MA1101R\",\n    \"MA1102R\",\n    \"MA1511A\",\n]);",
              "err": {},
              "uuid": "d69b2ce8-a16d-432c-8eb8-3a649cafc068",
              "parentUUID": "70c4b314-42cc-413c-8bf6-f7621bd7f50e",
              "isHook": false,
              "skipped": false
            },
            {
              "title": "should assign only valid modules with pattern match rule containing multiple exclude patterns",
              "fullTitle": "patternMatchRuleSatisfier should assign only valid modules with pattern match rule containing multiple exclude patterns",
              "timedOut": false,
              "duration": 0,
              "state": "passed",
              "speed": "fast",
              "pass": true,
              "fail": false,
              "pending": false,
              "context": null,
              "code": "const { assign } = satisfiers_1.patternMatchRuleSatisfier(ref, {\n    pattern: \"MA*\",\n    exclude: [\"MA151x*\", \"MA2xxx\"],\n});\nisCorrectAssign(assign, modulesList1, [\n    \"MA1100\",\n    \"MA1101R\",\n    \"MA1102R\",\n    \"MA1507\",\n    \"MA1521\",\n    \"MA2101S\",\n]);",
              "err": {},
              "uuid": "fc3fc16b-2e4d-4919-926e-ee0410460016",
              "parentUUID": "70c4b314-42cc-413c-8bf6-f7621bd7f50e",
              "isHook": false,
              "skipped": false
            }
          ],
          "suites": [],
          "passes": [
            "4ef95e28-d65c-453f-8e10-67fc5fed8e7d",
            "d69b2ce8-a16d-432c-8eb8-3a649cafc068",
            "fc3fc16b-2e4d-4919-926e-ee0410460016"
          ],
          "failures": [],
          "pending": [],
          "skipped": [],
          "duration": 0,
          "root": false,
          "rootEmpty": false,
          "_timeout": 2000
        },
        {
          "uuid": "6c1d7167-0dc6-4874-802e-fe9a109ffff7",
          "title": "matchRuleSchema",
          "fullFile": "/home/runner/work/planwithus-lib/planwithus-lib/src/matchRule/schemas.test.ts",
          "file": "/src/matchRule/schemas.test.ts",
          "beforeHooks": [],
          "afterHooks": [],
          "tests": [
            {
              "title": "should validate match rule with valid pattern",
              "fullTitle": "matchRuleSchema should validate match rule with valid pattern",
              "timedOut": false,
              "duration": 1,
              "state": "passed",
              "speed": "fast",
              "pass": true,
              "fail": false,
              "pending": false,
              "context": "[\n  {\n    \"title\": \"pattern sample 0\",\n    \"value\": \"MRQ3H\"\n  },\n  {\n    \"title\": \"pattern sample 1\",\n    \"value\": \"GK3xO\"\n  },\n  {\n    \"title\": \"pattern sample 2\",\n    \"value\": \"XCF72\"\n  },\n  {\n    \"title\": \"pattern sample 3\",\n    \"value\": \"YG78\"\n  },\n  {\n    \"title\": \"pattern sample 4\",\n    \"value\": \"LZJ25\"\n  },\n  {\n    \"title\": \"pattern sample 5\",\n    \"value\": \"BU06\"\n  },\n  {\n    \"title\": \"pattern sample 6\",\n    \"value\": \"BIF54\"\n  },\n  {\n    \"title\": \"pattern sample 7\",\n    \"value\": \"NQZ1\"\n  },\n  {\n    \"title\": \"pattern sample 8\",\n    \"value\": \"JW6\"\n  },\n  {\n    \"title\": \"pattern sample 9\",\n    \"value\": \"TXV7Y\"\n  }\n]",
              "code": "fast_check_1.sample(index_test_3.pattern, 10).forEach((sample, i) => addContext_1.default(this, {\n    title: `pattern sample ${i}`,\n    value: sample,\n}));\nreturn fast_check_1.assert(fast_check_1.property(index_test_3.pattern, ajvValidate));",
              "err": {},
              "uuid": "e66e8a4c-f2b7-4208-9711-1aecbf07bc3a",
              "parentUUID": "6c1d7167-0dc6-4874-802e-fe9a109ffff7",
              "isHook": false,
              "skipped": false
            },
            {
              "title": "should validate match rules with valid pattern, exclude and info",
              "fullTitle": "matchRuleSchema should validate match rules with valid pattern, exclude and info",
              "timedOut": false,
              "duration": 3,
              "state": "passed",
              "speed": "fast",
              "pass": true,
              "fail": false,
              "pending": false,
              "context": "[\n  {\n    \"title\": \"patternMatchRule sample 0\",\n    \"value\": {\n      \"pattern\": \"NH313H\",\n      \"exclude\": \"MY53\",\n      \"info\": \"v\"\n    }\n  },\n  {\n    \"title\": \"patternMatchRule sample 1\",\n    \"value\": {\n      \"pattern\": \"OSS3*72M\",\n      \"exclude\": [\n        \"ST4xxY\",\n        \"KG4O\",\n        \"MUQ869O\"\n      ],\n      \"info\": \"_yc\"\n    }\n  },\n  {\n    \"title\": \"patternMatchRule sample 2\",\n    \"value\": {\n      \"pattern\": \"TT6\",\n      \"exclude\": [],\n      \"info\": \"<f%\"\n    }\n  },\n  {\n    \"title\": \"patternMatchRule sample 3\",\n    \"value\": {\n      \"pattern\": \"WQG973*\",\n      \"exclude\": [],\n      \"info\": \"@N<Br9\"\n    }\n  },\n  {\n    \"title\": \"patternMatchRule sample 4\",\n    \"value\": {\n      \"pattern\": \"HB2855M\"\n    }\n  },\n  {\n    \"title\": \"patternMatchRule sample 5\",\n    \"value\": {\n      \"pattern\": \"UC05\",\n      \"exclude\": \"NSF647T\",\n      \"info\": \"QN6r\"\n    }\n  },\n  {\n    \"title\": \"patternMatchRule sample 6\",\n    \"value\": {\n      \"pattern\": \"FFL422Q\"\n    }\n  },\n  {\n    \"title\": \"patternMatchRule sample 7\",\n    \"value\": {\n      \"pattern\": \"QDK10\",\n      \"exclude\": \"TUO5C\",\n      \"info\": \"#@]\"\n    }\n  },\n  {\n    \"title\": \"patternMatchRule sample 8\",\n    \"value\": {\n      \"pattern\": \"RC0\",\n      \"exclude\": \"YX21\",\n      \"info\": \"0$5%#z\"\n    }\n  },\n  {\n    \"title\": \"patternMatchRule sample 9\",\n    \"value\": {\n      \"pattern\": \"QUG6\",\n      \"exclude\": \"AA1*\",\n      \"info\": \"W+Vzt0adY0\"\n    }\n  }\n]",
              "code": "fast_check_1.sample(index_test_2.patternMatchRule, 10).forEach((sample, i) => addContext_1.default(this, {\n    title: `patternMatchRule sample ${i}`,\n    value: sample,\n}));\nreturn fast_check_1.assert(fast_check_1.property(index_test_2.patternMatchRule, ajvValidate));",
              "err": {},
              "uuid": "bf201588-7383-43fd-a274-1ae078694c44",
              "parentUUID": "6c1d7167-0dc6-4874-802e-fe9a109ffff7",
              "isHook": false,
              "skipped": false
            },
            {
              "title": "should validate valid recursive match rules",
              "fullTitle": "matchRuleSchema should validate valid recursive match rules",
              "timedOut": false,
              "duration": 7,
              "state": "passed",
              "speed": "fast",
              "pass": true,
              "fail": false,
              "pending": false,
              "context": "[\n  {\n    \"title\": \"matchRule sample 0\",\n    \"value\": {\n      \"and\": [\n        {\n          \"pattern\": \"KA972\",\n          \"exclude\": \"FD*8\",\n          \"info\": \"'\"\n        },\n        \"FT8\"\n      ]\n    }\n  },\n  {\n    \"title\": \"matchRule sample 1\",\n    \"value\": {\n      \"or\": [\n        {\n          \"and\": [\n            \"FPY008\",\n            {\n              \"or\": [\n                {\n                  \"pattern\": \"ZG77A\",\n                  \"exclude\": \"BY15C\"\n                }\n              ]\n            }\n          ]\n        },\n        {\n          \"or\": []\n        }\n      ]\n    }\n  },\n  {\n    \"title\": \"matchRule sample 2\",\n    \"value\": {\n      \"and\": [\n        \"BLY563\",\n        {\n          \"pattern\": \"RBU0\",\n          \"exclude\": \"BI16C\"\n        },\n        {\n          \"and\": [\n            \"KX*3x6\",\n            {\n              \"or\": [\n                \"XCB472*\",\n                {\n                  \"or\": [\n                    \"LF67*\",\n                    \"YAB2P\",\n                    \"LWx3R\",\n                    \"LK79F\"\n                  ]\n                },\n                \"BPV6\",\n                {\n                  \"or\": []\n                }\n              ]\n            },\n            \"UQ939G\",\n            \"ASV9U\"\n          ]\n        },\n        \"EIHx9H\"\n      ]\n    }\n  },\n  {\n    \"title\": \"matchRule sample 3\",\n    \"value\": \"KG08\"\n  },\n  {\n    \"title\": \"matchRule sample 4\",\n    \"value\": {\n      \"and\": []\n    }\n  },\n  {\n    \"title\": \"matchRule sample 5\",\n    \"value\": {\n      \"or\": []\n    }\n  },\n  {\n    \"title\": \"matchRule sample 6\",\n    \"value\": {\n      \"and\": []\n    }\n  },\n  {\n    \"title\": \"matchRule sample 7\",\n    \"value\": {\n      \"pattern\": \"DLH7468\",\n      \"exclude\": \"MF6H\",\n      \"info\": \"\"\n    }\n  },\n  {\n    \"title\": \"matchRule sample 8\",\n    \"value\": \"KWW3689G\"\n  },\n  {\n    \"title\": \"matchRule sample 9\",\n    \"value\": {\n      \"or\": [\n        \"HY82K\",\n        \"RY7195H\"\n      ]\n    }\n  }\n]",
              "code": "fast_check_1.sample(index_test_2.matchRule, 10).forEach((sample, i) => addContext_1.default(this, {\n    title: `matchRule sample ${i}`,\n    value: sample,\n}));\nreturn fast_check_1.assert(fast_check_1.property(index_test_2.matchRule, ajvValidate));",
              "err": {},
              "uuid": "53116adc-0603-44ae-a5ca-8d31d125e6e7",
              "parentUUID": "6c1d7167-0dc6-4874-802e-fe9a109ffff7",
              "isHook": false,
              "skipped": false
            },
            {
              "title": "should not validate non-string/object",
              "fullTitle": "matchRuleSchema should not validate non-string/object",
              "timedOut": false,
              "duration": 0,
              "state": "passed",
              "speed": "fast",
              "pass": true,
              "fail": false,
              "pending": false,
              "context": null,
              "code": "const error = {\n    instancePath: \"\",\n    message: \"match rule should be either a string or an object\",\n};\nisInvalidRule(null, error);\nisInvalidRule(undefined, error);\nisInvalidRule(10, error);\nisInvalidRule([12, 24], error);",
              "err": {},
              "uuid": "586a81dc-801c-44e4-bd9f-e1077ccdadae",
              "parentUUID": "6c1d7167-0dc6-4874-802e-fe9a109ffff7",
              "isHook": false,
              "skipped": false
            },
            {
              "title": "should not validate match rules with extra properties",
              "fullTitle": "matchRuleSchema should not validate match rules with extra properties",
              "timedOut": false,
              "duration": 0,
              "state": "passed",
              "speed": "fast",
              "pass": true,
              "fail": false,
              "pending": false,
              "context": null,
              "code": "isInvalidRule({\n        and: [{ or: [{ pattern: \"CS2103T\", info2: \"foobar\" }], abc: \"def\" }],\n        mno: \"pqr\",\n    }, {\n        instancePath: \"/and/0/or/0\",\n        message: \"pattern match rule should have properties 'pattern', 'exclude' (optional) and 'info' (optional) only\",\n    }, {\n        instancePath: \"/and/0\",\n        message: \"or match rule should have property 'or' only\",\n    }, {\n        instancePath: \"\",\n        message: \"and match rule should have property 'and' only\",\n    })",
              "err": {},
              "uuid": "bea90bd5-3bc4-422d-8a21-274f5a31520c",
              "parentUUID": "6c1d7167-0dc6-4874-802e-fe9a109ffff7",
              "isHook": false,
              "skipped": false
            },
            {
              "title": "should not validate ambiguous match rules",
              "fullTitle": "matchRuleSchema should not validate ambiguous match rules",
              "timedOut": false,
              "duration": 0,
              "state": "passed",
              "speed": "fast",
              "pass": true,
              "fail": false,
              "pending": false,
              "context": null,
              "code": "const message = \"match rule should have only one of properties 'pattern', 'and', 'or'\";\nisInvalidRule({\n    or: [\n        { pattern: \"CS1231\", and: [] },\n        { pattern: \"CS1231\", or: [] },\n        { and: [{ and: [\"abc\"], or: [\"def\"] }] },\n    ],\n}, { instancePath: \"/or/0\", message }, { instancePath: \"/or/1\", message }, { instancePath: \"/or/2/and/0\", message });",
              "err": {},
              "uuid": "e8ad9b9a-a6d2-4ad8-a1bc-39aaefdb7ace",
              "parentUUID": "6c1d7167-0dc6-4874-802e-fe9a109ffff7",
              "isHook": false,
              "skipped": false
            },
            {
              "title": "should not validate pattern match rule with invalid patterns",
              "fullTitle": "matchRuleSchema should not validate pattern match rule with invalid patterns",
              "timedOut": false,
              "duration": 0,
              "state": "passed",
              "speed": "fast",
              "pass": true,
              "fail": false,
              "pending": false,
              "context": null,
              "code": "const message = \"pattern should be a non-empty string composed of A-Z, 0-9, x or *\";\nisInvalidRule({\n    and: [\n        \"CS210c\",\n        { pattern: \"CS2100\", exclude: \"CS1231s\" },\n        { pattern: \"CS210#T\", exclude: [\"CS1231\", \"CS21%\"] },\n    ],\n}, { instancePath: \"/and/0\", message }, { instancePath: \"/and/1/exclude\", message }, { instancePath: \"/and/2/pattern\", message }, { instancePath: \"/and/2/exclude/1\", message });",
              "err": {},
              "uuid": "4465a346-d44f-4137-8cf1-6618c1f66d50",
              "parentUUID": "6c1d7167-0dc6-4874-802e-fe9a109ffff7",
              "isHook": false,
              "skipped": false
            },
            {
              "title": "should not validate pattern match rule with non-string/array exclude",
              "fullTitle": "matchRuleSchema should not validate pattern match rule with non-string/array exclude",
              "timedOut": false,
              "duration": 0,
              "state": "passed",
              "speed": "fast",
              "pass": true,
              "fail": false,
              "pending": false,
              "context": null,
              "code": "const message = \"property 'exclude' should be either a pattern or an array of patterns\";\nisInvalidRule({\n    or: [\n        { pattern: \"CS2101\", exclude: {} },\n        { pattern: \"CS2101\", exclude: 5 },\n    ],\n}, { instancePath: \"/or/0/exclude\", message }, { instancePath: \"/or/1/exclude\", message });",
              "err": {},
              "uuid": "7e654bf1-5b8a-401c-bb8c-b8b7a2d30104",
              "parentUUID": "6c1d7167-0dc6-4874-802e-fe9a109ffff7",
              "isHook": false,
              "skipped": false
            },
            {
              "title": "should not validate pattern match rule with non-string info",
              "fullTitle": "matchRuleSchema should not validate pattern match rule with non-string info",
              "timedOut": false,
              "duration": 0,
              "state": "passed",
              "speed": "fast",
              "pass": true,
              "fail": false,
              "pending": false,
              "context": null,
              "code": "const message = \"property 'info' should be a string\";\nisInvalidRule({ pattern: \"CS2101\", info: 42 }, { instancePath: \"/info\", message });",
              "err": {},
              "uuid": "8a38796b-ea3d-46d0-82e4-9a4f3bd47fcd",
              "parentUUID": "6c1d7167-0dc6-4874-802e-fe9a109ffff7",
              "isHook": false,
              "skipped": false
            },
            {
              "title": "should not validate and match rules with non-array property",
              "fullTitle": "matchRuleSchema should not validate and match rules with non-array property",
              "timedOut": false,
              "duration": 0,
              "state": "passed",
              "speed": "fast",
              "pass": true,
              "fail": false,
              "pending": false,
              "context": null,
              "code": "const message = \"property 'and' should be an array of match rules\";\nisInvalidRule({ or: [{ and: {} }, { or: [{ and: 3 }] }] }, { instancePath: \"/or/0/and\", message }, { instancePath: \"/or/1/or/0/and\", message });",
              "err": {},
              "uuid": "0720bf35-9cd3-42f5-bdc8-1ccf368d6804",
              "parentUUID": "6c1d7167-0dc6-4874-802e-fe9a109ffff7",
              "isHook": false,
              "skipped": false
            },
            {
              "title": "should not validate or match rules with non-array property",
              "fullTitle": "matchRuleSchema should not validate or match rules with non-array property",
              "timedOut": false,
              "duration": 1,
              "state": "passed",
              "speed": "fast",
              "pass": true,
              "fail": false,
              "pending": false,
              "context": null,
              "code": "const message = \"property 'or' should be an array of match rules\";\nisInvalidRule({ or: [{ or: {} }, { and: [{ or: 3 }] }] }, { instancePath: \"/or/0/or\", message }, { instancePath: \"/or/1/and/0/or\", message });",
              "err": {},
              "uuid": "483e6ae0-3ec3-49c3-b060-a71dda8de241",
              "parentUUID": "6c1d7167-0dc6-4874-802e-fe9a109ffff7",
              "isHook": false,
              "skipped": false
            }
          ],
          "suites": [],
          "passes": [
            "e66e8a4c-f2b7-4208-9711-1aecbf07bc3a",
            "bf201588-7383-43fd-a274-1ae078694c44",
            "53116adc-0603-44ae-a5ca-8d31d125e6e7",
            "586a81dc-801c-44e4-bd9f-e1077ccdadae",
[...]
            },
            {
              "title": "should preserve list of modules with upper bound of MCs if total MC count is lower",
              "fullTitle": "inequalitySatisfier should preserve list of modules with upper bound of MCs if total MC count is lower",
              "timedOut": false,
              "duration": 0,
              "state": "passed",
              "speed": "fast",
              "pass": true,
              "fail": false,
              "pending": false,
              "context": null,
              "code": "const satisfier = satisfiers_1.inequalitySatisfier(ref, \"<=32\");\nsatisfier.should.have.property(\"filter\");\nconst { filter } = satisfier;\nisCorrectFilter(filter, modulesList1, modulesList1.map(([moduleStr]) => moduleStr));",
              "err": {},
              "uuid": "8b43471f-1d5d-4d95-b74a-d7681f1c00a6",
              "parentUUID": "be67c5f9-afaf-43fa-a482-dc1bfdd44535",
              "isHook": false,
              "skipped": false
            },
            {
              "title": "should truncate list of modules with upper bound of MCs at exact cutoff if total MC count is higher and there exists some starting sequence with exact MC count",
              "fullTitle": "inequalitySatisfier should truncate list of modules with upper bound of MCs at exact cutoff if total MC count is higher and there exists some starting sequence with exact MC count",
              "timedOut": false,
              "duration": 0,
              "state": "passed",
              "speed": "fast",
              "pass": true,
              "fail": false,
              "pending": false,
              "context": null,
              "code": "const satisfier = satisfiers_1.inequalitySatisfier(ref, \"<=16\");\nsatisfier.should.have.property(\"filter\");\nconst { filter } = satisfier;\nisCorrectFilter(filter, modulesList1, [\n    \"CS2100\",\n    \"GER1000\",\n    \"CS2040S\",\n    \"ST2131\",\n]);",
              "err": {},
              "uuid": "1a15e48f-2c42-4eeb-a05e-dd757278a9de",
              "parentUUID": "be67c5f9-afaf-43fa-a482-dc1bfdd44535",
              "isHook": false,
              "skipped": false
            },
            {
              "title": "should truncate list of modules with upper bound of MCs, cutting off at the minimum starting sequence that exceeds upper bound, if total MC count is higher and there exists no starting sequence with exact MC count",
              "fullTitle": "inequalitySatisfier should truncate list of modules with upper bound of MCs, cutting off at the minimum starting sequence that exceeds upper bound, if total MC count is higher and there exists no starting sequence with exact MC count",
              "timedOut": false,
              "duration": 1,
              "state": "passed",
              "speed": "fast",
              "pass": true,
              "fail": false,
              "pending": false,
              "context": null,
              "code": "const satisfier = satisfiers_1.inequalitySatisfier(ref, \"<=17\");\nsatisfier.should.have.property(\"filter\");\nconst { filter } = satisfier;\nisCorrectFilter(filter, modulesList1, [\n    \"CS2100\",\n    \"GER1000\",\n    \"CS2040S\",\n    \"ST2131\",\n    \"MA1521\",\n]);",
              "err": {},
              "uuid": "eae3d857-9b2a-44c5-b535-42601d2e3e7c",
              "parentUUID": "be67c5f9-afaf-43fa-a482-dc1bfdd44535",
              "isHook": false,
              "skipped": false
            }
          ],
          "suites": [],
          "passes": [
            "31cb2a96-e0db-4514-9cb3-a32b15b28768",
            "2d55fae2-36c2-461f-afb2-df4432cceda6",
            "410d7407-59cc-4e66-b91a-6084c91ba160",
            "fba5e35f-2d3d-4248-bed8-9312e063d4c7",
            "8b43471f-1d5d-4d95-b74a-d7681f1c00a6",
            "1a15e48f-2c42-4eeb-a05e-dd757278a9de",
            "eae3d857-9b2a-44c5-b535-42601d2e3e7c"
          ],
          "failures": [],
          "pending": [],
          "skipped": [],
          "duration": 2,
          "root": false,
          "rootEmpty": false,
          "_timeout": 2000
        },
        {
          "uuid": "5a61d24b-4ce3-421d-b3bc-32023fce7780",
          "title": "inequalitySchema",
          "fullFile": "/home/runner/work/planwithus-lib/planwithus-lib/src/satisfyRule/inequality/schemas.test.ts",
          "file": "/src/satisfyRule/inequality/schemas.test.ts",
          "beforeHooks": [],
          "afterHooks": [],
          "tests": [
            {
              "title": "should validate inequality in the form <=n or >=n",
              "fullTitle": "inequalitySchema should validate inequality in the form <=n or >=n",
              "timedOut": false,
              "duration": 1,
              "state": "passed",
              "speed": "fast",
              "pass": true,
              "fail": false,
              "pending": false,
              "context": "[\n  {\n    \"title\": \"inequality sample 0\",\n    \"value\": \"<=3\"\n  },\n  {\n    \"title\": \"inequality sample 1\",\n    \"value\": \">=4\"\n  },\n  {\n    \"title\": \"inequality sample 2\",\n    \"value\": \">=50\"\n  },\n  {\n    \"title\": \"inequality sample 3\",\n    \"value\": \"<=4\"\n  },\n  {\n    \"title\": \"inequality sample 4\",\n    \"value\": \">=47\"\n  },\n  {\n    \"title\": \"inequality sample 5\",\n    \"value\": \">=44\"\n  },\n  {\n    \"title\": \"inequality sample 6\",\n    \"value\": \"<=194\"\n  },\n  {\n    \"title\": \"inequality sample 7\",\n    \"value\": \"<=136\"\n  },\n  {\n    \"title\": \"inequality sample 8\",\n    \"value\": \">=2\"\n  },\n  {\n    \"title\": \"inequality sample 9\",\n    \"value\": \">=196\"\n  }\n]",
              "code": "fast_check_1.sample(index_test_2.inequality, 10).forEach((sample, i) => addContext_1.default(this, {\n    title: `inequality sample ${i}`,\n    value: sample,\n}));\nreturn fast_check_1.assert(fast_check_1.property(index_test_2.inequality, ajvValidate));",
              "err": {},
              "uuid": "9068f69e-d486-4fec-bcde-49a2d3432b87",
              "parentUUID": "5a61d24b-4ce3-421d-b3bc-32023fce7780",
              "isHook": false,
              "skipped": false
            },
            {
              "title": "should not validate inequality of invalid form",
              "fullTitle": "inequalitySchema should not validate inequality of invalid form",
              "timedOut": false,
              "duration": 1,
              "state": "passed",
              "speed": "fast",
              "pass": true,
              "fail": false,
              "pending": false,
              "context": null,
              "code": "[\n        \"\",\n        \"==23\",\n        \"23\",\n        \"<23\",\n        \">23\",\n        \"<=-1\",\n        \">=-1\",\n        \"<= 2\",\n        \">= 1\",\n        \"> 3\",\n        \"< 3\",\n        \"<=3a\",\n        \">=3a\",\n        \"a<=3\",\n        \"a>=3\",\n    ].forEach(isInvalidInequality)",
              "err": {},
              "uuid": "c6b043a6-8fd0-4141-9dd3-bf81d613a217",
              "parentUUID": "5a61d24b-4ce3-421d-b3bc-32023fce7780",
              "isHook": false,
              "skipped": false
            }
          ],
          "suites": [],
          "passes": [
            "9068f69e-d486-4fec-bcde-49a2d3432b87",
            "c6b043a6-8fd0-4141-9dd3-bf81d613a217"
          ],
          "failures": [],
          "pending": [],
          "skipped": [],
          "duration": 2,
          "root": false,
          "rootEmpty": false,
          "_timeout": 2000
        },
        {
          "uuid": "a1d19798-9cb8-499f-9273-8f50c4fc2028",
          "title": "satisfyRuleSchema",
          "fullFile": "/home/runner/work/planwithus-lib/planwithus-lib/src/satisfyRule/schemas.test.ts",
          "file": "/src/satisfyRule/schemas.test.ts",
          "beforeHooks": [],
          "afterHooks": [],
          "tests": [
            {
              "title": "should validate satisfy rule with valid block id",
              "fullTitle": "satisfyRuleSchema should validate satisfy rule with valid block id",
              "timedOut": false,
              "duration": 1,
              "state": "passed",
              "speed": "fast",
              "pass": true,
              "fail": false,
              "pending": false,
              "context": null,
              "code": "fast_check_1.assert(fast_check_1.property(fast_check_1.string(), ajvValidate)",
              "err": {},
              "uuid": "7c23056a-ceb1-44fa-81df-a7d3a7538c36",
              "parentUUID": "a1d19798-9cb8-499f-9273-8f50c4fc2028",
              "isHook": false,
              "skipped": false
            },
            {
              "title": "should validate satisfy rules with valid mc",
              "fullTitle": "satisfyRuleSchema should validate satisfy rules with valid mc",
              "timedOut": false,
              "duration": 1,
              "state": "passed",
              "speed": "fast",
              "pass": true,
              "fail": false,
              "pending": false,
              "context": "[\n  {\n    \"title\": \"mcSatisfyRule sample 0\",\n    \"value\": {\n      \"mc\": \"<=188\"\n    }\n  },\n  {\n    \"title\": \"mcSatisfyRule sample 1\",\n    \"value\": {\n      \"mc\": \"<=5\"\n    }\n  },\n  {\n    \"title\": \"mcSatisfyRule sample 2\",\n    \"value\": {\n      \"mc\": \">=4\"\n    }\n  },\n  {\n    \"title\": \"mcSatisfyRule sample 3\",\n    \"value\": {\n      \"mc\": \">=7\"\n    }\n  },\n  {\n    \"title\": \"mcSatisfyRule sample 4\",\n    \"value\": {\n      \"mc\": \"<=5\"\n    }\n  },\n  {\n    \"title\": \"mcSatisfyRule sample 5\",\n    \"value\": {\n      \"mc\": \">=166\"\n    }\n  },\n  {\n    \"title\": \"mcSatisfyRule sample 6\",\n    \"value\": {\n      \"mc\": \"<=185\"\n    }\n  },\n  {\n    \"title\": \"mcSatisfyRule sample 7\",\n    \"value\": {\n      \"mc\": \">=198\"\n    }\n  },\n  {\n    \"title\": \"mcSatisfyRule sample 8\",\n    \"value\": {\n      \"mc\": \"<=197\"\n    }\n  },\n  {\n    \"title\": \"mcSatisfyRule sample 9\",\n    \"value\": {\n      \"mc\": \">=196\"\n    }\n  }\n]",
              "code": "fast_check_1.sample(index_test_2.mcSatisfyRule, 10).forEach((sample, i) => addContext_1.default(this, {\n    title: `mcSatisfyRule sample ${i}`,\n    value: sample,\n}));\nreturn fast_check_1.assert(fast_check_1.property(index_test_2.mcSatisfyRule, ajvValidate));",
              "err": {},
              "uuid": "45d1bffd-4ba5-4cab-ad09-74e199d63a09",
              "parentUUID": "a1d19798-9cb8-499f-9273-8f50c4fc2028",
              "isHook": false,
              "skipped": false
            },
            {
              "title": "should validate valid recursive satisfy rules",
              "fullTitle": "satisfyRuleSchema should validate valid recursive satisfy rules",
              "timedOut": false,
              "duration": 4,
              "state": "passed",
              "speed": "fast",
              "pass": true,
              "fail": false,
              "pending": false,
              "context": "[\n  {\n    \"title\": \"satisfyRule sample 0\",\n    \"value\": \"$?o\"\n  },\n  {\n    \"title\": \"satisfyRule sample 1\",\n    \"value\": \"bO\"\n  },\n  {\n    \"title\": \"satisfyRule sample 2\",\n    \"value\": {\n      \"mc\": \">=35\"\n    }\n  },\n  {\n    \"title\": \"satisfyRule sample 3\",\n    \"value\": {\n      \"mc\": \">=124\"\n    }\n  },\n  {\n    \"title\": \"satisfyRule sample 4\",\n    \"value\": {\n      \"mc\": \"<=130\"\n    }\n  },\n  {\n    \"title\": \"satisfyRule sample 5\",\n    \"value\": {\n      \"mc\": \"<=2\"\n    }\n  },\n  {\n    \"title\": \"satisfyRule sample 6\",\n    \"value\": {\n      \"and\": [\n        {\n          \"and\": [\n            \"\"\n          ]\n        },\n        {\n          \"and\": [\n            \"l?w,L\",\n            \"fWW.TVW,{\\\"\"\n          ]\n        },\n        {\n          \"or\": []\n        },\n        \"[3b~:5n'\",\n        {\n          \"or\": [\n            {\n              \"and\": [\n                \"d?}kvVuo!s\",\n                \"\\\"H0\",\n                \">gxQ}T5\\\\z6\",\n                {\n                  \"or\": [\n                    \"8t)6#\",\n                    \"0\",\n                    \"t@7\"\n                  ]\n                }\n              ]\n            },\n            {\n              \"and\": [\n                \"nE\\\"SN8:41@\",\n                \"\",\n                \"`@<oG\",\n                {\n                  \"mc\": \"<=19\"\n                },\n                {\n                  \"and\": [\n                    \"&\",\n                    \"P(}Ri/8\",\n                    {\n                      \"mc\": \">=176\"\n                    }\n                  ]\n                }\n              ]\n            },\n            \"`5\",\n            \"swYn7\"\n          ]\n        }\n      ]\n    }\n  },\n  {\n    \"title\": \"satisfyRule sample 7\",\n    \"value\": \"$*\"\n  },\n  {\n    \"title\": \"satisfyRule sample 8\",\n    \"value\": {\n      \"mc\": \">=132\"\n    }\n  },\n  {\n    \"title\": \"satisfyRule sample 9\",\n    \"value\": \"/_CD|6\"\n  }\n]",
              "code": "fast_check_1.sample(index_test_2.satisfyRule, 10).forEach((sample, i) => addContext_1.default(this, {\n    title: `satisfyRule sample ${i}`,\n    value: sample,\n}));\nreturn fast_check_1.assert(fast_check_1.property(index_test_2.satisfyRule, ajvValidate));",
              "err": {},
              "uuid": "9537950d-dc00-475a-ac30-750deb038ecd",
              "parentUUID": "a1d19798-9cb8-499f-9273-8f50c4fc2028",
              "isHook": false,
              "skipped": false
            },
            {
              "title": "should not validate non-string/object",
              "fullTitle": "satisfyRuleSchema should not validate non-string/object",
              "timedOut": false,
              "duration": 1,
              "state": "passed",
              "speed": "fast",
              "pass": true,
              "fail": false,
              "pending": false,
              "context": null,
              "code": "const error = {\n    instancePath: \"\",\n    message: \"satisfy rule should be either a string or an object\",\n};\nisInvalidRule(null, error);\nisInvalidRule(undefined, error);\nisInvalidRule(10, error);\nisInvalidRule([12, 24], error);",
              "err": {},
              "uuid": "2f33ea7c-75f3-4074-aa3f-9e218088c55b",
              "parentUUID": "a1d19798-9cb8-499f-9273-8f50c4fc2028",
              "isHook": false,
              "skipped": false
            },
            {
              "title": "should not validate satisfy rules with extra properties",
              "fullTitle": "satisfyRuleSchema should not validate satisfy rules with extra properties",
              "timedOut": false,
              "duration": 1,
              "state": "passed",
              "speed": "fast",
              "pass": true,
              "fail": false,
              "pending": false,
              "context": null,
              "code": "isInvalidRule({\n        and: [\n            { or: [\"2k\"], abc: \"def\" },\n            { mc: 8, ghi: \"jkl\" },\n        ],\n        mno: \"pqr\",\n    }, {\n        instancePath: \"/and/0\",\n        message: \"or satisfy rule should have property 'or' only\",\n    }, {\n        instancePath: \"/and/1\",\n        message: \"MC satisfy rule should have property 'mc' only\",\n    }, {\n        instancePath: \"\",\n        message: \"and satisfy rule should have property 'and' only\",\n    })",
              "err": {},
              "uuid": "a5d18186-50e0-4010-a9c7-b85a58bb3fe0",
              "parentUUID": "a1d19798-9cb8-499f-9273-8f50c4fc2028",
              "isHook": false,
              "skipped": false
            },
            {
              "title": "should not validate ambiguous satisfy rules",
              "fullTitle": "satisfyRuleSchema should not validate ambiguous satisfy rules",
              "timedOut": false,
              "duration": 0,
              "state": "passed",
              "speed": "fast",
              "pass": true,
              "fail": false,
              "pending": false,
              "context": null,
              "code": "const message = \"satisfy rule should have only one of properties 'mc', 'and', 'or'\";\nisInvalidRule({\n    or: [\n        { mc: 5, and: [\"CS2040\"] },\n        { and: [{ and: [\"abc\"], or: [\"def\"] }] },\n    ],\n}, { instancePath: \"/or/0\", message }, { instancePath: \"/or/1/and/0\", message });",
              "err": {},
              "uuid": "5523c5e8-aa57-417c-95b2-4f5afa2aa4f6",
              "parentUUID": "a1d19798-9cb8-499f-9273-8f50c4fc2028",
              "isHook": false,
              "skipped": false
            },
            {
              "title": "should not validate and satisfy rules with non-array property",
              "fullTitle": "satisfyRuleSchema should not validate and satisfy rules with non-array property",
              "timedOut": false,
              "duration": 1,
              "state": "passed",
              "speed": "fast",
              "pass": true,
              "fail": false,
              "pending": false,
              "context": null,
              "code": "const message = \"property 'and' should be an array of satisfy rules\";\nisInvalidRule({ or: [{ and: {} }, { or: [{ and: 3 }] }] }, { instancePath: \"/or/0/and\", message }, { instancePath: \"/or/1/or/0/and\", message });",
              "err": {},
              "uuid": "963a0f82-ea38-4d7d-b1de-1f881943718f",
              "parentUUID": "a1d19798-9cb8-499f-9273-8f50c4fc2028",
              "isHook": false,
              "skipped": false
            },
            {
              "title": "should not validate or satisfy rules with non-array property",
              "fullTitle": "satisfyRuleSchema should not validate or satisfy rules with non-array property",
              "timedOut": false,
              "duration": 0,
              "state": "passed",
              "speed": "fast",
              "pass": true,
              "fail": false,
              "pending": false,
              "context": null,
              "code": "const message = \"property 'or' should be an array of satisfy rules\";\nisInvalidRule({ and: [{ or: {} }, { and: [{ or: 3 }] }] }, { instancePath: \"/and/0/or\", message }, { instancePath: \"/and/1/and/0/or\", message });",
              "err": {},
              "uuid": "c963d00f-ea7a-4ee9-8f9a-cd33d9c9ccd2",
              "parentUUID": "a1d19798-9cb8-499f-9273-8f50c4fc2028",
              "isHook": false,
              "skipped": false
            }
          ],
          "suites": [],
          "passes": [
            "7c23056a-ceb1-44fa-81df-a7d3a7538c36",
            "45d1bffd-4ba5-4cab-ad09-74e199d63a09",
            "9537950d-dc00-475a-ac30-750deb038ecd",
            "2f33ea7c-75f3-4074-aa3f-9e218088c55b",
            "a5d18186-50e0-4010-a9c7-b85a58bb3fe0",
            "5523c5e8-aa57-417c-95b2-4f5afa2aa4f6",
            "963a0f82-ea38-4d7d-b1de-1f881943718f",
            "c963d00f-ea7a-4ee9-8f9a-cd33d9c9ccd2"
          ],
          "failures": [],
          "pending": [],
          "skipped": [],
          "duration": 9,
          "root": false,
          "rootEmpty": false,
          "_timeout": 2000
        }
      ],
      "passes": [],
      "failures": [],
      "pending": [],
      "skipped": [],
      "duration": 0,
      "root": true,
      "rootEmpty": true,
      "_timeout": 2000
    }
  ],
  "meta": {
    "mocha": {
      "version": "9.0.2"
    },
    "mochawesome": {
      "options": {
        "quiet": false,
        "reportFilename": "mochawesome",
        "saveHtml": true,
        "saveJson": true,
        "consoleReporter": "spec",
        "useInlineDiffs": false,
        "code": true
      },
      "version": "6.2.2"
    },
    "marge": {
      "options": {
        "reportDir": "docs"
      },
      "version": "5.2.0"
    }
  }
}