{
  "stats": {
    "suites": 10,
    "tests": 48,
    "passes": 48,
    "pending": 0,
    "failures": 0,
    "start": "2021-07-21T06:59:43.646Z",
    "end": "2021-07-21T06:59:44.048Z",
    "duration": 402,
    "testsRegistered": 48,
    "passPercent": 100,
    "pendingPercent": 0,
    "other": 0,
    "hasOther": false,
    "skipped": 0,
    "hasSkipped": false
  },
  "results": [
    {
      "uuid": "85b8c2ef-b8b4-4c9e-b02d-e1acafe98dd2",
      "title": "",
      "fullFile": "",
      "file": "",
      "beforeHooks": [],
      "afterHooks": [],
      "tests": [],
      "suites": [
        {
          "uuid": "6cd32c25-61b4-4211-8ee8-b6d5b02c8e6b",
          "title": "initDirectories",
          "fullFile": "/home/runner/work/planwithus-lib/planwithus-lib/src/block/schemas.test.ts",
          "file": "/src/block/schemas.test.ts",
          "beforeHooks": [],
          "afterHooks": [],
          "tests": [
            {
              "title": "should parse all blocks with no errors",
              "fullTitle": "initDirectories should parse all blocks with no errors",
              "timedOut": false,
              "duration": 3,
              "state": "passed",
              "speed": "fast",
              "pass": true,
              "fail": false,
              "pending": false,
              "context": null,
              "code": "_1.initDirectories.should.not.throw()",
              "err": {},
              "uuid": "9fda0f84-33ef-4c6d-be5a-c349015fab55",
              "parentUUID": "6cd32c25-61b4-4211-8ee8-b6d5b02c8e6b",
              "isHook": false,
              "skipped": false
            },
            {
              "title": "should produce primary, second & minor directories",
              "fullTitle": "initDirectories should produce primary, second & minor directories",
              "timedOut": false,
              "duration": 4,
              "state": "passed",
              "speed": "fast",
              "pass": true,
              "fail": false,
              "pending": false,
              "context": null,
              "code": "const directories = _1.initDirectories();\ndirectories.should.have.property(\"primary\");\ndirectories.should.have.property(\"second\");\ndirectories.should.have.property(\"minor\");",
              "err": {},
              "uuid": "e690de5b-0dd8-42ec-8e78-eec9278bc317",
              "parentUUID": "6cd32c25-61b4-4211-8ee8-b6d5b02c8e6b",
              "isHook": false,
              "skipped": false
            }
          ],
          "suites": [],
          "passes": [
            "9fda0f84-33ef-4c6d-be5a-c349015fab55",
            "e690de5b-0dd8-42ec-8e78-eec9278bc317"
          ],
          "failures": [],
          "pending": [],
          "skipped": [],
          "duration": 7,
          "root": false,
          "rootEmpty": false,
          "_timeout": 2000
        },
        {
          "uuid": "dc7eae66-4fb8-4107-b745-ecb970033d6d",
          "title": "blockSchema",
          "fullFile": "/home/runner/work/planwithus-lib/planwithus-lib/src/block/schemas.test.ts",
          "file": "/src/block/schemas.test.ts",
          "beforeHooks": [],
          "afterHooks": [],
          "tests": [
            {
              "title": "should validate valid block",
              "fullTitle": "blockSchema should validate valid block",
              "timedOut": false,
              "duration": 246,
              "state": "passed",
              "speed": "slow",
              "pass": true,
              "fail": false,
              "pending": false,
              "context": "[\n  {\n    \"title\": \"block sample 0\",\n    \"value\": {\n      \"name\": \"&6xvT';h\",\n      \"assign\": \"BVD\",\n      \"satisfy\": \"\",\n      \"info\": \"\",\n      \"isSelectable\": true\n    }\n  },\n  {\n    \"title\": \"block sample 1\",\n    \"value\": {\n      \"name\": \"$ Q \",\n      \"ay\": 2029,\n      \"match\": {\n        \"and\": [\n          \"OT7O\"\n        ]\n      },\n      \"satisfy\": [],\n      \"url\": \"https://b.b2zncol8cb8we0zy1chbsqv9w92zsdi2h1ig.h.ybwhe86po.xoi529ajf54pu2f2.atee/$mq%F0%BD%A5%81BA/9_)4+/0/'/%F2%BF%BA%94l/)LO6/)r_n%F2%AE%93%9E3un/iOV/oA%F1%8A%BF%B4TL%F3%90%89%8CbV/'2OzQ\",\n      \"info\": \"RG2H$zL\"\n    }\n  },\n  {\n    \"title\": \"block sample 2\",\n    \"value\": {\n      \"name\": \"Z,rG:r'U\",\n      \"ay\": 2009,\n      \"assign\": [\n        \"\\\\6kwOEv\",\n        \"J0)\",\n        \"Ub}\",\n        \"\",\n        \"\"\n      ],\n      \"match\": [\n        \"MX6x\",\n        {\n          \"or\": [\n            \"GF*3\"\n          ]\n        }\n      ],\n      \"satisfy\": {\n        \"and\": [\n          {\n            \"and\": [\n              \"CJsudm\",\n              \"s<`\",\n              \"Yov#E^Nj\"\n            ]\n          },\n          {\n            \"mc\": \"<=141\"\n          },\n          {\n            \"and\": [\n              \"7]\",\n              \"4-[\",\n              {\n                \"or\": [\n                  \"AMlDIY[U+\",\n                  {\n                    \"mc\": \"<=105\"\n                  },\n                  {\n                    \"or\": [\n                      \"z_6\"\n                    ]\n                  }\n                ]\n              }\n            ]\n          },\n          {\n            \"or\": []\n          },\n          \"V* 5\"\n        ]\n      },\n      \"info\": \"$\\\\\",\n      \"isSelectable\": true,\n      \"&pj\": {\n        \"name\": \"4I-h\",\n        \"ay\": 1955,\n        \"match\": \"OIF80\",\n        \"satisfy\": [\n          {\n            \"mc\": \">=3\"\n          }\n        ],\n        \"url\": \"https://x0jd7mpfxke8qntordt2tgu3ooxn-dt-83xrnllh-7ex2kj9h64505.nmukus7kr46n9gh8aujkpiy.zazyzeun/2Ig/1Nak\",\n        \"info\": \"7x\",\n        \"isSelectable\": true\n      },\n      \"\": {\n        \"ay\": 2012,\n        \"match\": {\n          \"pattern\": \"LV246\",\n          \"exclude\": [\n            \"VB6x2M\",\n            \"GOP7L\"\n          ],\n          \"info\": \"6~g\"\n        },\n        \"satisfy\": [\n          {\n            \"mc\": \"<=23\"\n          },\n          {\n            \"or\": []\n          },\n          {\n            \"and\": [\n              {\n                \"and\": [\n                  \"p@81+\",\n                  {\n                    \"and\": [\n                      \"vS?gYqOpCg\",\n                      \"$BC\",\n                      {\n                        \"or\": [\n                          {\n                            \"mc\": \">=182\"\n                          },\n                          {\n                            \"or\": [\n                              {\n                                \"mc\": \"<=48\"\n                              }\n                            ]\n                          },\n                          \"0fC\",\n                          \"EcYBN\"\n                        ]\n                      },\n                      \"1} \",\n                      \")2=%%Zz.C0\"\n                    ]\n                  },\n                  \"xSEZ\",\n                  {\n                    \"and\": [\n                      \"sKD;;\",\n                      \"#^\\\\\",\n                      \"J9dWmC\",\n                      {\n                        \"mc\": \"<=77\"\n                      }\n                    ]\n                  }\n                ]\n              },\n              {\n                \"and\": [\n                  {\n                    \"or\": []\n                  },\n                  {\n                    \"or\": [\n                      {\n                        \"mc\": \">=163\"\n                      },\n                      \"M\"\n                    ]\n                  },\n                  \"3zQ\",\n                  {\n                    \"and\": [\n                      \"\",\n                      \"*pu'\",\n                      \"Tx$xHpl\"\n                    ]\n                  },\n                  {\n                    \"mc\": \">=137\"\n                  }\n                ]\n              },\n              {\n                \"mc\": \">=133\"\n              },\n              \"1,PvcYx.G\",\n              \"HH\"\n            ]\n          },\n          {\n            \"mc\": \"<=88\"\n          }\n        ],\n        \"url\": \"https://k.64hpy7abamh2f04nqyhmh.y.wsr6su5wex8p0qs911o6g0y5jfs4r9cxmx13-8537udsn.2cj-uco04.mmla/+:d/dbbb/ytM~mzsB*/:4/\",\n        \"info\": \"!~\",\n        \"isSelectable\": true\n      }\n    }\n  },\n  {\n    \"title\": \"block sample 3\",\n    \"value\": {\n      \"name\": \"c\",\n      \"ay\": 1976,\n      \"match\": [],\n      \"satisfy\": [\n        {\n          \"mc\": \"<=42\"\n        },\n        \"n-w\"\n      ],\n      \"url\": \"http://qegda.awkolehsdc/ofB\",\n      \"info\": \"v\",\n      \"isSelectable\": true\n    }\n  },\n  {\n    \"title\": \"block sample 4\",\n    \"value\": {\n      \"name\": \"[8h&-M\",\n      \"ay\": 1956,\n      \"assign\": [\n        \"o\",\n        \"y\",\n        \"#Ql)`\",\n        \"7G*y_~;\"\n      ],\n      \"match\": \"TR24\",\n      \"satisfy\": [\n        {\n          \"or\": [\n            {\n              \"mc\": \">=21\"\n            },\n            {\n              \"mc\": \"<=100\"\n            },\n            \"[<\"\n          ]\n        }\n      ],\n      \"url\": \"http://2.xqj2nb8ohmkcduwl6mdz2tx3sxs32aanf9a4bb9rs-2egqnxlyd-sgzsaco-n.amqee/%F0%A4%80%80.wB$/+XoN;'@\",\n      \"isSelectable\": true,\n      \"&.4(Hm\\\\.r\": {\n        \"name\": \",q\\\\b/l[<.W\",\n        \"ay\": 2023,\n        \"assign\": \":+2Uivu\",\n        \"satisfy\": {\n          \"or\": [\n            {\n              \"mc\": \"<=76\"\n            },\n            {\n              \"or\": [\n                {\n                  \"or\": []\n                },\n                {\n                  \"or\": [\n                    {\n                      \"mc\": \"<=28\"\n                    },\n                    \"T=\",\n                    \"5\",\n                    {\n                      \"or\": [\n                        \".KoWMl\",\n                        \"Sz]|N0Z\",\n                        {\n                          \"mc\": \"<=143\"\n                        },\n                        \"5\",\n                        \"R|jq\\\\a_S\"\n                      ]\n                    }\n                  ]\n                },\n                {\n                  \"mc\": \"<=157\"\n                },\n                {\n                  \"mc\": \">=127\"\n                },\n                {\n                  \"and\": [\n                    {\n                      \"or\": [\n                        \"'LK\",\n                        \"N\",\n                        \"K,6dx\\\"Il@s\",\n                        {\n                          \"and\": [\n                            {\n                              \"or\": [\n                                \"`C'R#l(>1;\",\n                                \"/]\",\n                                \"kQ^OFB\",\n                                \"s6D0S\",\n                                {\n                                  \"or\": [\n                                    \"=Rlmfi%\"\n                                  ]\n                                }\n                              ]\n                            },\n                            \"(S\",\n                            \"K-;N$R\",\n                            \"=8X\"\n                          ]\n                        }\n                      ]\n                    },\n                    {\n                      \"or\": [\n                        \"O+lc4&\\\\~%A\",\n                        \">|\"\n                      ]\n                    }\n                  ]\n                }\n              ]\n            }\n          ]\n        },\n        \"url\": \"https://3.7gxgleusqigx6i7vb.dxdofjrmj/KxUORuE/+/%F0%AB%82%BFu%F3%AB%98%AAg.//l.N&D7LM/e&M*x%F1%8C%9C%BDB;\",\n        \"info\": \"*}[0`>k?Z\",\n        \"isSelectable\": true,\n        \"Hb)O|e\": {\n          \"name\": \"G\",\n          \"assign\": \"x)fzzXJ\",\n          \"match\": [\n            {\n              \"and\": [\n                \"XDL2E\",\n                {\n                  \"or\": [\n                    \"HS7K\",\n                    {\n                      \"pattern\": \"EHO9\",\n                      \"info\": \"|*M2^\\\\-Gm\"\n                    },\n                    {\n                      \"or\": []\n                    }\n                  ]\n                }\n              ]\n            },\n            {\n              \"pattern\": \"AUW2L\",\n              \"info\": \"/aGGLvL\"\n            },\n            {\n              \"or\": []\n            }\n          ],\n          \"satisfy\": [\n            {\n              \"mc\": \">=104\"\n            },\n            {\n              \"mc\": \">=57\"\n            },\n            {\n              \"mc\": \"<=26\"\n            }\n          ],\n          \"url\": \"https://q.3f03mnxat.9.tnntiar\",\n          \"info\": \"SB~2vUG0^\"\n        },\n        \"5D G@Sc&/\": {\n          \"name\": \"0!\",\n          \"ay\": 1977,\n          \"assign\": [],\n          \"match\": [],\n          \"satisfy\": [\n            \"7P$\\\\+\"\n          ],\n          \"url\": \"http://m6dwgfv.19q59wff8.ze8gvcxwjlk9qsubzrnbr8jtt3p1m5k5xre.amttjnf/%F1%B1%8D%9A/Ck5/x%F2%91%89%B1i%F3%9D%82%A2oq/)9_V%F3%84%B9%8FYC\",\n          \"info\": \"Aa~\",\n          \"isSelectable\": true\n        }\n      },\n      \"'-8z.oI\": {\n        \"name\": \"p=z5\",\n        \"assign\": [\n          \"6?DK\"\n        ],\n        \"match\": [\n          {\n            \"pattern\": \"MMG01*0\",\n            \"exclude\": [\n              \"UCH7373\",\n              \"ZJU4U\",\n              \"ZS1I\",\n              \"NPG1Y\",\n              \"LJ9987P\"\n            ],\n            \"info\": \"%\"\n          },\n          {\n            \"or\": []\n          },\n          {\n            \"and\": [\n              {\n                \"pattern\": \"GI5\",\n                \"exclude\": [\n                  \"ZI5\",\n                  \"MO8Q\",\n                  \"ZE*x\"\n                ]\n              },\n              {\n                \"or\": [\n                  {\n                    \"or\": [\n                      \"OC*4*N\",\n                      {\n                        \"pattern\": \"XXR1851M\",\n                        \"exclude\": [\n                          \"TN0\",\n                          \"VQxxC\",\n                          \"GW290*V\",\n                          \"QQL6\"\n                        ]\n                      },\n                      {\n                        \"pattern\": \"COD5207L\",\n                        \"info\": \"2N\"\n                      },\n                      \"NABx\"\n                    ]\n                  },\n                  {\n                    \"pattern\": \"WVH07P\",\n                    \"info\": \"\"\n                  }\n                ]\n              },\n              {\n                \"or\": [\n                  {\n                    \"pattern\": \"QN0U\",\n                    \"info\": \"aw).g5}t\"\n                  },\n                  {\n                    \"and\": [\n                      \"VER399D\",\n                      \"CK631T\",\n                      \"ER9\",\n                      \"WDx4S\",\n                      \"CGB5\"\n                    ]\n                  },\n                  \"FZ85\",\n                  {\n                    \"and\": [\n                      \"FR**44\",\n                      {\n                        \"or\": [\n                          \"DO1Q\",\n                          {\n                            \"pattern\": \"EYD53*\",\n                            \"exclude\": \"VE4T\"\n                          },\n                          \"SAZ00x5L\",\n                          \"NV5167R\"\n                        ]\n                      },\n                      \"AF8R\"\n                    ]\n                  },\n                  \"ZFP9V\"\n                ]\n              }\n            ]\n          },\n          {\n            \"or\": []\n          },\n          \"GAO45\"\n        ],\n        \"satisfy\": {\n          \"and\": [\n            \"Z\",\n            {\n              \"and\": [\n                {\n                  \"mc\": \">=113\"\n                }\n              ]\n            }\n          ]\n        },\n        \"url\": \"http://6dl96pd8h95n4-vkavejcibp64unu5rpltu09p10qd253fg2rk77.gf4ijzfrycn34ijwda7v3qjoau1sl.y.9gdh8r67z994pu2rqxt8mz8ptm8b3g4juezet-yzwu4w.saskp/\",\n        \"info\": \"s#<s\",\n        \"isSelectable\": true\n      },\n      \"Mm_`7HkgZ\": {\n        \"name\": \"&uYm2\",\n        \"ay\": 2022,\n        \"assign\": [\n          \"8,-]g.(R9\",\n          \")\",\n          \"HrC7(d_\"\n        ],\n        \"match\": [\n          {\n            \"pattern\": \"CAV44O\",\n            \"exclude\": [\n              \"XQE611I\",\n              \"RD1310O\",\n              \"LA328G\",\n              \"OMx25L\",\n              \"QJK2028H\"\n            ],\n            \"info\": \",\"\n          },\n          {\n            \"pattern\": \"DAM3x45V\",\n            \"exclude\": \"XODx571\",\n            \"info\": \"3[l<%C\\\\\"\n          },\n          {\n            \"and\": [\n              {\n                \"pattern\": \"QTR932F\"\n              },\n              {\n                \"or\": [\n                  {\n                    \"or\": [\n                      \"HUXx*\",\n                      \"EM5K\"\n                    ]\n                  },\n                  \"PJ81A\"\n                ]\n              },\n              {\n                \"pattern\": \"PZR3665H\",\n                \"exclude\": [\n                  \"SIS9347G\",\n                  \"CCEx*1X\",\n                  \"TRS7*\",\n                  \"LKR5\",\n                  \"WCxU\"\n                ],\n                \"info\": \"b}Ya8v9UYM\"\n              },\n              \"BN526U\",\n              \"DT95xH\"\n            ]\n          }\n        ],\n        \"satisfy\": [\n          {\n            \"and\": [\n              \":QjPX`i|\",\n              \"_-Xi5C\",\n              {\n                \"or\": [\n                  \"*'4Q@n/.\",\n                  \">~,r\",\n                  {\n                    \"mc\": \">=9\"\n                  },\n                  {\n                    \"mc\": \"<=48\"\n                  }\n                ]\n              }\n            ]\n          }\n        ],\n        \"info\": \"G.X\",\n        \"isSelectable\": true\n      },\n      \"B7\": {\n        \"name\": \"E4/R!HSyBQ\",\n        \"ay\": 2023,\n        \"assign\": \"`RgI+]!UR\",\n        \"match\": \"RZK6157Z\",\n        \"satisfy\": [\n          \"]\",\n          {\n            \"and\": []\n          }\n        ],\n        \"url\": \"http://0l1sw1e2iz7g8or.7zc-u19rzgw7i0jv62170bfx9uqru5uhjhht06mv.7f59nbe4nm9a7ffeqbqd22p0zcu87sb0jypez6as63hx4nuzf44.zbiktntgr3-o2284zbijjo4qfij7-a2-4upx42iqbrqobooxmdbhs0vranr73h7.1xmcnfu8xo200pjpvwf352-s2y9tp1g7e4pwqe4crewuc8h-rrjbdxp.jcuuqhsq\",\n        \"info\": \"!92m&{a\",\n        \"isSelectable\": true,\n        \"![q(o;A*~\": {\n          \"name\": \"bX q^zR^\",\n          \"ay\": 1967,\n          \"assign\": [],\n          \"match\": {\n            \"and\": [\n              {\n                \"and\": []\n              },\n              {\n                \"or\": []\n              },\n              \"DO02H\",\n              {\n                \"or\": [\n                  \"XE656\"\n                ]\n              }\n            ]\n          },\n          \"satisfy\": [\n            \"\\\" FCv^_Oa\",\n            {\n              \"or\": [\n                {\n                  \"or\": [\n                    \"c%8dkh\",\n                    {\n                      \"and\": [\n                        {\n                          \"and\": [\n                            \"yI\",\n                            \"kxUI-2MH:T\",\n                            \"Fo@,p\"\n                          ]\n                        }\n                      ]\n                    },\n                    {\n                      \"and\": [\n                        {\n                          \"or\": [\n                            {\n                              \"and\": [\n                                \"fw;_2\\\\!r\",\n                                \"(H\",\n                                {\n                                  \"or\": []\n                                },\n                                \"x8I!1lmX>4\",\n                                \"\"\n                              ]\n                            },\n                            \"%\",\n                            \"^\",\n                            \"}M#tgM\",\n                            \").P#?MM;i\"\n                          ]\n                        },\n                        \"Z^d~#\",\n                        \"F10L\",\n                        {\n                          \"or\": [\n                            \"W\",\n                            \"Gat(\",\n                            \"!5GPH0yfPs\"\n                          ]\n                        }\n                      ]\n                    },\n                    \";7\\\"@N?{X;T\"\n                  ]\n                }\n              ]\n            },\n            \"1pj&X=)\"\n          ],\n          \"url\": \"http://dgekplteh4yh96.6scmw8.v4wjcya2ayk1jg5swt72s-4756-34czqdl-z1p.w.lgaswljmmd/i/TD%F1%80%95%B9N/KAhw3oTwt/,reY0/ZN/&Sh*Wz/%F4%8B%B1%B8g(h/38kT\",\n          \"info\": \"B\",\n          \"isSelectable\": true\n        },\n        \"ze\\\":R^Q.\": {\n          \"assign\": \"4\",\n          \"match\": {\n            \"or\": []\n          },\n          \"satisfy\": {\n            \"and\": [\n              {\n                \"mc\": \"<=82\"\n              }\n            ]\n          },\n          \"isSelectable\": true,\n          \"p)\": {\n            \"name\": \"Y\",\n            \"assign\": \"P\\\\yc*5e\",\n            \"match\": [\n              {\n                \"or\": []\n              },\n              {\n                \"and\": []\n              },\n              {\n                \"pattern\": \"EXN84\",\n                \"exclude\": \"KP33F\"\n              },\n              {\n                \"and\": [\n                  {\n                    \"or\": [\n                      {\n                        \"and\": [\n                          {\n                            \"pattern\": \"VR1\"\n                          }\n                        ]\n                      },\n                      \"YH621S\",\n                      {\n                        \"and\": [\n                          \"LG3A\",\n                          \"OUD0M\",\n                          \"RL29\",\n                          \"ST2x\"\n                        ]\n                      },\n                      {\n                        \"and\": [\n                          {\n                            \"or\": [\n                              \"SWZ8H\",\n                              \"BCS844*\",\n                              \"ES86\",\n                              \"FSS5W\",\n                              \"VPX99A\"\n                            ]\n                          }\n                        ]\n                      }\n                    ]\n                  },\n                  {\n                    \"and\": [\n                      \"MMY296*J\",\n                      \"IV3550W\",\n                      \"IUH*9V\"\n                    ]\n                  },\n                  {\n                    \"or\": [\n                      \"FT411U\",\n                      {\n                        \"or\": [\n                          {\n                            \"pattern\": \"EUI2\",\n                            \"exclude\": [\n                              \"AI380\",\n                              \"MDC0U\",\n                              \"WOV6465\",\n                              \"MCV92*D\",\n                              \"UR*13\"\n                            ]\n                          },\n                          \"ZU1\"\n                        ]\n                      }\n                    ]\n                  },\n                  \"RZ4E\"\n                ]\n              }\n            ],\n            \"satisfy\": [\n              \"5yvaLo,Cg\",\n              {\n                \"and\": [\n                  \"}|5j}9V\",\n                  \"|3*r. \",\n                  {\n                    \"or\": [\n                      {\n                        \"or\": []\n                      },\n                      {\n                        \"or\": [\n                          {\n                            \"and\": [\n                              \"FWu\\\">}a]Lr\",\n                              {\n                                \"and\": [\n                                  \"s.Fj'r^[Qd\",\n                                  \"Gvxz\",\n                                  \"|NGNq\",\n                                  \"87/UF?{X~\",\n                                  \"\\\\u\"\n                                ]\n                              },\n                              {\n                                \"mc\": \">=53\"\n                              }\n                            ]\n                          },\n                          \"~l\",\n                          \"\",\n                          \"'n[&`z\"\n                        ]\n                      },\n                      {\n                        \"and\": []\n                      },\n                      {\n                        \"or\": [\n                          {\n                            \"or\": [\n                              \"$2gfZ^Mj5\",\n                              \"\",\n                              \"i<_jR\",\n                              {\n                                \"or\": []\n                              },\n                              {\n                                \"or\": [\n                                  \"6m,43u]%>Q\",\n                                  \"?\",\n                                  {\n                                    \"or\": [\n                                      \",\",\n                                      \"&Z\",\n                                      \"%gEx\",\n                                      \"8myT8\"\n                                    ]\n                                  }\n                                ]\n                              }\n                            ]\n                          },\n                          {\n                            \"mc\": \"<=145\"\n                          },\n                          \"x\\\"0AI;'tsV\",\n                          \"UCaqk;qBk\",\n                          \"\"\n                        ]\n                      },\n                      \"jD\"\n                    ]\n                  },\n                  {\n                    \"and\": [\n                      \"3of`Vce=\",\n                      \"ul?T#5f\",\n                      {\n                        \"mc\": \">=60\"\n                      }\n                    ]\n                  },\n                  {\n                    \"or\": [\n                      \"[A$Uu(\",\n                      \"(=BS~CO%5.\",\n                      {\n                        \"mc\": \">=67\"\n                      },\n                      {\n                        \"and\": [\n                          {\n                            \"mc\": \">=186\"\n                          },\n                          {\n                            \"and\": [\n                              \"aVqkP\",\n                              \"\\\"UUR,9tv\",\n                              \"?\",\n                              \"#~M\",\n                              \"\"\n                            ]\n                          },\n                          \"v\",\n                          \"-#-Hoixp|\"\n                        ]\n                      },\n                      {\n                        \"and\": [\n                          \"G}zS'\",\n                          {\n                            \"and\": [\n                              \"W6O,~sc_HT\"\n                            ]\n                          },\n                          \".\"\n                        ]\n                      }\n                    ]\n                  }\n                ]\n              },\n              {\n                \"mc\": \">=156\"\n              },\n              \"b\\\"U]X/\",\n              {\n                \"mc\": \"<=85\"\n              }\n            ],\n            \"url\": \"https://uxmhnt14rdut8qaonzq04b20ag.pneguist/4Jn%F3%B7%B6%98E7+s*/C8)7\",\n            \"info\": \"ma]IHOz\",\n            \"isSelectable\": true\n          },\n          \"<7?ce\": {\n            \"name\": \"ypq;rC@j\",\n            \"ay\": 1966,\n            \"assign\": \":N~<\",\n            \"match\": [\n              \"GZW5xA\",\n              {\n                \"and\": []\n              },\n              \"HOX97P\"\n            ],\n            \"satisfy\": [],\n            \"url\": \"http://akijr6zdz3de8ezmn6oqxul8caq3lbpfh2l7w6iy6mnrfnvmvk5cxvlkyh-bcr.nty0wsqrqf5.hxbrv\",\n            \"info\": \"it%/Yf}{\",\n            \"isSelectable\": true\n          }\n        },\n        \"JTp8;k\": {\n          \"ay\": 1999,\n          \"assign\": [\n            \"B\",\n            \"X_w,VN$e\\\"!\",\n            \"\",\n            \"jHK\"\n          ],\n          \"satisfy\": [\n            {\n              \"mc\": \"<=198\"\n            }\n          ],\n          \"url\": \"http://42zpr-m15ra5m.gbgtc/FZ/&H*/!*EC%F2%A6%81%8Did-C*//8vQ_\",\n          \"isSelectable\": true\n        }\n      }\n    }\n  },\n  {\n    \"title\": \"block sample 5\",\n    \"value\": {\n      \"name\": \"\",\n      \"ay\": 1955,\n      \"assign\": \"J[JU]Lb\",\n      \"match\": [\n        {\n          \"pattern\": \"BZ35*9\",\n          \"exclude\": [\n            \"GNE3*61\",\n            \"CZ4F\"\n          ],\n          \"info\": \"l;\"\n        },\n        {\n          \"and\": [\n            {\n              \"and\": []\n            },\n            \"UBK3590Y\",\n            {\n              \"pattern\": \"SI98C\",\n              \"exclude\": [],\n              \"info\": \"sV6ne-U7n~\"\n            },\n            {\n              \"and\": [\n                \"CLN*xZ\",\n                \"HFI7\",\n                \"SC12X\"\n              ]\n            }\n          ]\n        }\n      ],\n      \"satisfy\": [\n        \"g5Z}rh1/\",\n        {\n          \"and\": [\n            {\n              \"or\": [\n                \"1s}:ISN\",\n                {\n                  \"or\": [\n                    {\n                      \"mc\": \">=187\"\n                    },\n                    \".(VAN\",\n                    \"%Rur^5%}KU\",\n                    {\n                      \"and\": [\n                        {\n                          \"and\": [\n                            \")p+/*7t\",\n                            \"W2g:g5\",\n                            \"8 \\\"yA/l/E\",\n                            \"w)N2\"\n                          ]\n                        },\n                        \"Mu_zt\",\n                        \"m-?Q\",\n                        \"smjW#%+)'_\",\n                        {\n                          \"and\": [\n                            \"\",\n                            {\n                              \"and\": [\n                                \"Ml&}\",\n                                \"K4wS4xx\",\n                                {\n                                  \"and\": [\n                                    \"\",\n                                    \"V'SApHY&yJ\"\n                                  ]\n                                }\n                              ]\n                            },\n                            \"qp'\"\n                          ]\n                        }\n                      ]\n                    }\n                  ]\n                }\n              ]\n            },\n            {\n              \"mc\": \"<=16\"\n            }\n          ]\n        },\n        {\n          \"or\": [\n            {\n              \"mc\": \">=55\"\n            },\n            {\n              \"mc\": \"<=62\"\n            }\n          ]\n        },\n        {\n          \"or\": [\n            {\n              \"mc\": \"<=173\"\n            }\n          ]\n        }\n      ],\n      \"url\": \"http://72g6l1gchpod3j8mesxi5p3i0yg-v93liyv2ld451h7ds.f.74.eanrk.pcb/.QgBwGxg/B%26\",\n      \"info\": \"%nU9:\",\n      \"isSelectable\": true,\n      \"#\": {\n        \"name\": \"\",\n        \"ay\": 1979,\n        \"assign\": [],\n        \"match\": {\n          \"or\": [\n            {\n              \"or\": [\n                {\n                  \"and\": [\n                    {\n                      \"pattern\": \"RTUx12G\",\n                      \"exclude\": [\n                        \"VOK499xH\"\n                      ]\n                    },\n                    {\n                      \"pattern\": \"YDJ443U\",\n                      \"exclude\": [],\n                      \"info\": \";Y\\\"rM)\"\n                    },\n                    \"FE6x4\",\n                    \"FON6C\",\n                    {\n                      \"pattern\": \"CQ61U\",\n                      \"exclude\": \"XH03W\"\n                    }\n                  ]\n                },\n                {\n                  \"or\": [\n                    \"XV09O\",\n                    {\n                      \"pattern\": \"WR61\"\n                    }\n                  ]\n                },\n                {\n                  \"pattern\": \"PAE095\",\n                  \"exclude\": [\n                    \"LS844xZ\"\n                  ],\n                  \"info\": \"=\"\n                },\n                {\n                  \"and\": [\n                    \"XP9\",\n                    \"OL1\",\n                    \"JFK9629M\",\n                    {\n                      \"pattern\": \"KAQ*817F\",\n                      \"exclude\": \"KLP718S\",\n                      \"info\": \"YQMZf[>Ad8\"\n                    },\n                    \"MM8118I\"\n                  ]\n                },\n                {\n                  \"and\": [\n                    {\n                      \"or\": [\n                        \"XIxG\"\n                      ]\n                    },\n                    {\n                      \"or\": [\n                        \"IY4157U\",\n                        \"NLZ59*V\",\n                        {\n                          \"pattern\": \"LB6D\",\n                          \"exclude\": [\n                            \"WW4*U\",\n                            \"LHS94\"\n                          ],\n                          \"info\": \"2!t\"\n                        }\n                      ]\n                    },\n                    \"EQT3R\",\n                    \"GOZ*92*V\",\n                    \"YU5*4F\"\n                  ]\n                }\n              ]\n            }\n          ]\n        },\n        \"satisfy\": \"t\",\n        \"info\": \"nt,8ZOic\",\n        \"isSelectable\": true,\n        \"GNw{pF\": {\n          \"name\": \"\",\n          \"ay\": 1977,\n          \"assign\": \"\",\n          \"match\": \"SS18*G\",\n          \"info\": \"{[}(\\\\OKGDY\",\n          \"isSelectable\": true\n        }\n      },\n      \"9zA&BJ^\": {\n        \"name\": \"8<x+7gbl\",\n        \"ay\": 1988,\n        \"assign\": [\n          \":5wtvjR\",\n          \"E|l9zfu(\\\\\",\n          \"|qfy1c2\",\n          \"uSVA\",\n          \"QTuaa\\\\t\"\n        ],\n        \"match\": \"JQ70\",\n        \"url\": \"http://znamf7ip-n5g2hifae0g0to5-d0mpd-4fuloalbvzqj6e.9zwk0cr6ktfg9lchy80q56k.v537bqbjurktoarw.3.ava/uP'':L/j3/X/K%F1%87%A0%BF.AAH86BG/ul(%C7%A3sx%F2%95%A0%97@D$/\",\n        \"isSelectable\": true,\n        \"[x6:OW/\\\\(7\": {\n          \"name\": \"m3\",\n          \"ay\": 1988,\n          \"assign\": \"V1?s}>1\",\n          \"match\": {\n            \"and\": [\n              {\n                \"or\": []\n              },\n              {\n                \"or\": []\n              },\n              \"HK*0x1K\",\n              {\n                \"pattern\": \"SG378\",\n                \"exclude\": \"WM8158F\",\n                \"info\": \"f :|*vf7,\"\n              },\n              {\n                \"and\": [\n                  \"CRM*271H\",\n                  \"SIU1695V\"\n                ]\n              }\n            ]\n          },\n          \"satisfy\": [\n            {\n              \"mc\": \"<=7\"\n            },\n            {\n              \"mc\": \"<=45\"\n            },\n            {\n              \"and\": [\n                {\n                  \"or\": [\n                    {\n                      \"mc\": \">=50\"\n                    },\n                    {\n                      \"or\": [\n                        \"/Pm]MM\\\\Z\\\\}\",\n                        {\n                          \"or\": [\n                            {\n                              \"or\": [\n                                \"c>\\\\\",\n                                \"\"\n                              ]\n                            },\n                            \"8\",\n                            \"Q\",\n                            \"\"\n                          ]\n                        },\n                        {\n                          \"or\": [\n                            \"CK2qSe\",\n                            \"O0z';6nH\"\n                          ]\n                        },\n                        {\n                          \"mc\": \"<=138\"\n                        },\n                        \"i1D-7P3\"\n                      ]\n                    },\n                    \"U~O|y3%\\\\)\",\n                    \"\"\n                  ]\n                },\n                {\n                  \"or\": [\n                    {\n                      \"or\": [\n                        \"+|>(\",\n                        \"\",\n                        \"Ssv\",\n                        \"F_4%c_D\"\n                      ]\n                    }\n                  ]\n                },\n                {\n                  \"and\": [\n                    {\n                      \"mc\": \">=9\"\n                    },\n                    \"\",\n                    {\n                      \"mc\": \"<=169\"\n                    },\n                    \"v`l[_R\",\n                    \"kK)?\"\n                  ]\n                },\n                {\n                  \"or\": [\n                    \"5.\",\n                    \"\",\n                    {\n                      \"or\": [\n                        \"2Lo6R\\\"@\",\n                        \"UQ!\"\n                      ]\n                    }\n                  ]\n                },\n                \"} |IvOi3>0\"\n              ]\n            }\n          ],\n          \"url\": \"http://l46or12p5ukojbwrjl.866lxucs0fkmv8a25rm-iwuvolamz0tzrbm-mlsh053s1l3s3-c2hqf.tsoh.1urrj8in-p3p0fl5vd96.g38cs7p25ktez329g9.oucvlh/E/e%F1%9B%BB%B2%F2%AE%B3%A569\",\n          \"info\": \"rtT=@\",\n          \"isSelectable\": true,\n          \"j0Y_.m@E_\": {\n            \"name\": \"\\\\}($t\",\n            \"ay\": 1984,\n            \"assign\": [],\n            \"satisfy\": [\n              {\n                \"or\": [\n                  {\n                    \"mc\": \"<=175\"\n                  },\n                  {\n                    \"mc\": \">=29\"\n                  },\n                  {\n                    \"and\": []\n                  },\n                  \"xB:}f?\",\n                  {\n                    \"and\": [\n                      \"\",\n                      {\n                        \"mc\": \"<=154\"\n                      },\n                      \"Z;kI@XXAW2\",\n                      \"QZ#u\\\"\"\n                    ]\n                  }\n                ]\n              },\n              {\n                \"mc\": \">=84\"\n              },\n              {\n                \"mc\": \"<=114\"\n              }\n            ],\n            \"url\": \"https://1swlab6x-xihetaksuyborq2w7vddroxo2rmbb5n46tw5dc5pzjy.67sexzwel83u-4y.y.yjn8neodg3gb9qxm56a35p6s3rn.n6-iqi22ngo9yk-6le5yw1dm-rm9t8xyc4p.tmppkgaidk/evE/j/-=X/SG8bZSx/kfbE*VZ/GSB%F1%97%8B%8AEc5%F0%95%83%98Z&/\",\n            \"info\": \"\",\n            \"isSelectable\": true\n          }\n        },\n        \"xQ\": {\n          \"name\": \">Dz]\",\n          \"ay\": 1966,\n          \"assign\": [\n            \"GL <R\",\n            \" \",\n            \"<cW5OmWw\"\n          ],\n          \"match\": {\n            \"pattern\": \"LO4I\",\n            \"exclude\": [\n              \"TP2122B\",\n              \"NH2\"\n            ],\n            \"info\": \"BZa3N\"\n          },\n          \"satisfy\": [],\n          \"url\": \"https://rhxt3zglubv3lpsro3chiwygl1xn96osvbvk-8y59gtx8e1w3d50rmh.8r6gmxjvrs0wfc7tw8f0ripv4w91ejn5dlw2rwfklq.a2iox4ldg2v-r3d.nnkam1w0isbophx6ati95nnnnhjvi5qizwqw3f719tymzka08p6mdbnq4ijdaj.wxl/42AR%F0%A6%9F%A4_2G%F3%B6%9C%98/cxk/%F3%A9%BD%A05$;nzAevc/eLenI%F0%AA%91%A9;to:/=HXW%F1%B3%9C%82V(/aLtOLMB,wF/%F2%8A%92%82VMW8M/@7%F2%B9%A5%B3D-uS%F3%A4%97%ADTc/Mm%F1%AF%9C%AFw7%F1%B8%A4%A5Dy\",\n          \"info\": \"MQb?oJ\",\n          \"isSelectable\": true\n        },\n        \"}##}7\": {\n          \"name\": \"V\",\n          \"ay\": 2006,\n          \"match\": {\n            \"pattern\": \"XYP2685\",\n            \"exclude\": [\n              \"GYO911*\",\n              \"QRG4579\",\n              \"BAZ4*\",\n              \"WC611xV\"\n            ],\n            \"info\": \"YI\"\n          },\n          \"satisfy\": [\n            {\n              \"mc\": \"<=54\"\n            },\n            {\n              \"and\": [\n                \"&\",\n                {\n                  \"or\": []\n                }\n              ]\n            },\n            \"@Cf^AX\",\n            \"r\",\n            {\n              \"or\": [\n                \"+FhT%\"\n              ]\n            }\n          ],\n          \"url\": \"http://qzhkfx4l-bmd7-0swo99fq-w690e3byp3zh-70a93xfaz.whr.qt5jcr-ba7vp8-azlu3zw-e83g759o4rsh8q0.wxslmljj-hquirzjtph3rduj5mlmd8v0z.wph\",\n          \"info\": \"ur\"\n        },\n        \"uzB#j#\": {\n          \"name\": \"@}[.4\",\n          \"ay\": 1993,\n          \"assign\": [\n            \"gG84-C[\",\n            \"Q. J{\",\n            \"%1(Be\",\n            \"](v/:c/ 6\"\n          ],\n          \"match\": [],\n          \"satisfy\": {\n            \"and\": [\n              {\n                \"or\": []\n              },\n              {\n                \"or\": [\n                  {\n                    \"and\": []\n                  },\n                  {\n                    \"and\": [\n                      \"[}ux~^E\",\n                      \"=#>'jaU'\"\n                    ]\n                  },\n                  \"3@V7y\\\\I#?b\",\n                  {\n                    \"and\": [\n                      \"hsbOyK\",\n                      \"F@jo\\\\\",\n                      {\n                        \"and\": [\n                          \"\"\n                        ]\n                      }\n                    ]\n                  },\n                  {\n                    \"or\": [\n                      \"\",\n                      \"`@nkML\\\"~\",\n                      \"}oH_\",\n                      {\n                        \"and\": [\n                          \"\",\n                          {\n                            \"and\": [\n                              \".\",\n                              \"\",\n                              {\n                                \"mc\": \">=50\"\n                              },\n                              \"b wSNE\",\n                              \"-O-4+8!9$\"\n                            ]\n                          },\n                          \"`}:m).\"\n                        ]\n                      },\n                      \"!mQo3G\"\n                    ]\n                  }\n                ]\n              },\n              {\n                \"or\": []\n              },\n              {\n                \"and\": [\n                  \",VA]?p>i\\\"F\"\n                ]\n              }\n            ]\n          },\n          \"url\": \"https://xm5pyd1r4px7nrfozdkrtgn4n23rrt5rst4hp4mr-l4z2lf.bmmdka5y1-4fi40-pmsf1zamuwu0.ktjkq7qbtm1ue2one5nibdtfayzf461ktpv-vd5u99racix7.i.lcjutp/.6hLdJ!%F3%9A%8B%9CT&/,'$Eft,J/e\",\n          \"info\": \"\",\n          \"isSelectable\": true\n        }\n      }\n    }\n  },\n  {\n    \"title\": \"block sample 6\",\n    \"value\": {\n      \"name\": \"%,\",\n      \"ay\": 1971,\n      \"assign\": \"FE)^|-X6\\\"\",\n      \"match\": [\n        {\n          \"and\": [\n            {\n              \"and\": [\n                \"JDx9\",\n                {\n                  \"pattern\": \"TYx9\",\n                  \"exclude\": [\n                    \"FF*8X\"\n                  ],\n                  \"info\": \"Z_uIZdI~\"\n                },\n                \"UI5427\",\n                \"VFE73G\",\n                {\n                  \"pattern\": \"MBV9\",\n                  \"exclude\": \"SB*4xxZ\",\n                  \"info\": \"@-^buXG_k\"\n                }\n              ]\n            },\n            {\n              \"or\": []\n            }\n          ]\n        },\n        {\n          \"and\": []\n        }\n      ],\n      \"satisfy\": [],\n      \"url\": \"http://egh3w9nwfld8aa67bh9te758p3l67-xzhd6yre8cgqmfjbzjiewxyeso8k.o-ie-fmdogvhda2od2fj2hbmnk-nybkglypv61gp2xe3anuv2f0xu.nblaw\",\n      \"info\": \"\",\n      \"isSelectable\": true,\n      \"WVf24+\": {\n        \"name\": \"Z}\",\n        \"match\": \"UNP74\",\n        \"satisfy\": [\n          {\n            \"or\": [\n              \"&\",\n              {\n                \"or\": [\n                  \" >BY@lM\",\n                  {\n                    \"or\": []\n                  }\n                ]\n              },\n              {\n                \"or\": []\n              },\n              {\n                \"mc\": \"<=126\"\n              },\n              {\n                \"and\": [\n                  \"'\"\n                ]\n              }\n            ]\n          },\n          \"V@P,4M18,t\"\n        ],\n        \"url\": \"http://5od0ppn-ymrpqpqvzmexi3d2lycxxkjqe4flmjr6j2v5glhrq7t6v872uhgy4.6b5c3or9smi.swq4irs2y4gcbdqo3tsg5q5hw8bbm0-lf5jyzxw2jbss2q8dad485b0knc.oxtyq/'8n_/m/l3L5&F%F3%B6%BE%BC';5/DDD2Us/)XQkE&U\",\n        \"info\": \"0@\",\n        \":g-_ek\": {\n          \"name\": \"+\\\\^-Q%O(\",\n          \"ay\": 1999,\n          \"assign\": \"fwwk|.}ta\",\n          \"satisfy\": [\n            {\n              \"mc\": \">=12\"\n            },\n            \"\\\"Qv&$e%\",\n            {\n              \"and\": [\n                {\n                  \"mc\": \"<=121\"\n                },\n                \"\\\"+=kY,d~+#\",\n                {\n                  \"and\": [\n                    {\n                      \"mc\": \">=123\"\n                    },\n                    \"ad.GkO@^T_\",\n                    \"0+~#ztv\",\n                    {\n                      \"mc\": \"<=143\"\n                    },\n                    {\n                      \"or\": [\n                        {\n                          \"mc\": \"<=122\"\n                        },\n                        \"RvrF\"\n                      ]\n                    }\n                  ]\n                }\n              ]\n            }\n          ],\n          \"url\": \"http://7h6827suwb0v2p6k86d8usb0ye-6oetm583rzf9cz9gnopqe486w1ok.kkxexxm/Rh1%F2%8F%B4%80\",\n          \"isSelectable\": true\n        }\n      },\n      \"uD0%Z%\": {\n        \"name\": \"}G\",\n        \"assign\": \"\",\n        \"url\": \"http://wiwljga4x5iylueslug5lr8c3w348biuw1-o34-umwoqb3w6l1a6vhxw1.ib.wrphty950r5pwvg.znrn/q-WS%F0%BA%9D%B72f~P5/A)e=:9,f6P/%F1%83%A0%84r/_U52Zl@3~/.)//n%F2%AE%AF%A8P7C7xtW/t/fB6*\",\n        \"info\": \"|`)vs1&\"\n      }\n    }\n  },\n  {\n    \"title\": \"block sample 7\",\n    \"value\": {\n      \"name\": \"0o\",\n      \"assign\": [],\n      \"match\": [\n        {\n          \"and\": [\n            {\n              \"or\": [\n                \"ZK3\",\n                {\n                  \"and\": [\n                    \"NSX18D\",\n                    {\n                      \"pattern\": \"IQP06xP\",\n                      \"exclude\": [\n                        \"XR7797I\",\n                        \"WJ04*1\"\n                      ],\n                      \"info\": \"9DMI\"\n                    },\n                    {\n                      \"or\": [\n                        \"ZTU920Y\",\n                        \"GLK0Q\",\n                        \"CITx4A\"\n                      ]\n                    },\n                    \"BD*x6F\"\n                  ]\n                },\n                {\n                  \"or\": [\n                    {\n                      \"and\": [\n                        {\n                          \"or\": []\n                        },\n                        {\n                          \"or\": [\n                            {\n                              \"and\": [\n                                \"DES85xx\",\n                                \"RC8Z\",\n                                \"JPL22\",\n                                \"QQT096Q\"\n                              ]\n                            },\n                            \"TAY09xxW\",\n                            \"ZKQ0*03\",\n                            \"HHS3*\",\n                            \"HWU0963X\"\n                          ]\n                        },\n                        \"RF8*7I\",\n                        \"NWC*290M\",\n                        {\n                          \"and\": [\n                            \"IC15X\"\n                          ]\n                        }\n                      ]\n                    },\n                    \"EJJ*09\",\n                    \"RCQx7\"\n                  ]\n                },\n                \"YDI72Q\",\n                \"IJTxx9\"\n              ]\n            },\n            {\n              \"and\": [\n                {\n                  \"pattern\": \"MAF997\",\n                  \"exclude\": [\n                    \"UR5\",\n                    \"IS*82\",\n                    \"FS9X\",\n                    \"DHD79*\",\n                    \"JPE2\"\n                  ],\n                  \"info\": \"\\\\/rQ;\"\n                },\n                \"CVx8G\",\n                \"TIQ57\"\n              ]\n            },\n            {\n              \"or\": [\n                \"DRQ471x\"\n              ]\n            },\n            {\n              \"pattern\": \"XL1\",\n              \"exclude\": \"DO68\",\n              \"info\": \"^\"\n            }\n          ]\n        },\n        {\n          \"and\": [\n            {\n              \"and\": [\n                \"RDD1\",\n                \"PZ4652W\",\n                \"EW16I\",\n                \"DB91\",\n                {\n                  \"and\": [\n                    {\n                      \"pattern\": \"CMVxE\",\n                      \"exclude\": [],\n                      \"info\": \"7\"\n                    },\n                    \"JLR79M\"\n                  ]\n                }\n              ]\n            },\n            \"RMP1C\"\n          ]\n        }\n      ],\n      \"satisfy\": [],\n      \"url\": \"https://8n7cxxai1d2.cia05ir5re1r1sp78vuog4jwg6gbr71a5eshxqzz7q5chd.6.qr31gtkeekx1lxkpixiq2i.j2vpstejuz9hioodgax806wi4ako.dnkciaj/+fO/e9%F0%A0%AC%88uD;%F4%8F%BF%B4,\",\n      \"info\": \"KL1\",\n      \"isSelectable\": true,\n      \"\\\"$||H~\": {\n        \"name\": \"'\",\n        \"ay\": 1954,\n        \"assign\": \"\",\n        \"match\": {\n          \"pattern\": \"UM*\",\n          \"exclude\": \"NEG3*\",\n          \"info\": \")OL.\"\n        },\n        \"satisfy\": {\n          \"or\": []\n        },\n        \"url\": \"http://9.da01gbov5olj8st6ryu86j9h9307s-9ze33w6yfbula17kw4pe.c.mcnjavawg6qs9e0ur17fdg2vm4a1avd5f3a6c3m5t1-b562lu6kw0yuj7.iiuplva/bMW/c/Zu/n2Q@3Y7aN//%F3%9D%98%85a~v%EA%BA%A5G\",\n        \"info\": \"\",\n        \"isSelectable\": true,\n        \"n2\": {\n          \"name\": \"Q\",\n          \"ay\": 2022,\n          \"assign\": [\n            \"v&{>Z\",\n            \"?WzOY[o8\",\n            \"]%fvV0)\",\n            \"f\",\n            \"\\\"A^`\"\n          ],\n          \"satisfy\": \"\",\n          \"url\": \"http://b.lie/n5qmG;3//'Ry%F2%9A%9C%B3/ayJ/T/6gApnZ//t~/B83\",\n          \"info\": \"W&a)sm_\",\n          \"isSelectable\": true\n        },\n        \"ByQHC\": {\n          \"ay\": 1979,\n          \"assign\": \"Es!u:\",\n          \"satisfy\": [\n            \"\",\n            {\n              \"or\": [\n                {\n                  \"and\": [\n                    \"@Hg`qk`\"\n                  ]\n                },\n                \"q@%U\",\n                {\n                  \"and\": []\n                },\n                {\n                  \"and\": [\n                    {\n                      \"or\": [\n                        {\n                          \"mc\": \"<=109\"\n                        },\n                        \">:.t]EW(zF\"\n                      ]\n                    },\n                    {\n                      \"or\": [\n                        \"K7\"\n                      ]\n                    },\n                    \"$RG,h\"\n                  ]\n                }\n              ]\n            },\n            {\n              \"mc\": \">=182\"\n            },\n            {\n              \"mc\": \"<=31\"\n            },\n            {\n              \"and\": []\n            }\n          ],\n          \"url\": \"https://zi8bwwiksb9aqd50fjsap2y.rdieuvesuc7cioxfq0f88um528yynfksvpoa5bepuzfnnoe3.lorr/\",\n          \"info\": \" {j\",\n          \"isSelectable\": true\n        },\n        \".K[A]}8\": {\n          \"name\": \"2q'KKh{\\\"F\",\n          \"assign\": \"\",\n          \"match\": {\n            \"pattern\": \"KV3S\",\n            \"exclude\": \"CN2962Z\",\n            \"info\": \"O\\\\U+y_vBf\"\n          },\n          \"url\": \"http://yf.lqnv62wwb71nkf8aucb8qep6fjgi4yrpkj.q.atqeayhpmy23nlmv2-55xhdq5gl0r753vemfyzuiuwc4-lyfl8zkvi6xo-x9qi.uq/5-B%F3%BB%9A%B0c'XG/,%F1%89%A9%B5w'FYX9//hGp74/v\",\n          \"info\": \"Bs\",\n          \"isSelectable\": true\n        },\n        \"Q$E3J=Tb7\": {\n          \"name\": \"ND2Ls\",\n          \"ay\": 1956,\n          \"assign\": [\n            \"}(!}\",\n            \"T$\\\"\",\n            \"Y4OJ\",\n            \"3?8-f<b\"\n          ],\n          \"match\": {\n            \"or\": []\n          },\n          \"satisfy\": [\n            {\n              \"mc\": \">=23\"\n            }\n          ],\n          \"info\": \"DE\",\n          \"isSelectable\": true,\n          \"xL>\": {\n            \"name\": \"Ys1\\\\\",\n            \"ay\": 1969,\n            \"assign\": [\n              \"|!<wgN0i\",\n              \"3c\",\n              \".E*W3>=aVq\",\n              \"v[q|M\",\n              \"\"\n            ],\n            \"match\": [\n              \"WQL69N\",\n              {\n                \"pattern\": \"DC4*2\",\n                \"exclude\": \"MOL0\",\n                \"info\": \"AAS\"\n              },\n              {\n                \"pattern\": \"DL6\",\n                \"exclude\": [],\n                \"info\": \"Qg_rTjl8r\"\n              },\n              \"ZAD3\",\n              {\n                \"or\": [\n                  \"YL712V\",\n                  \"FF5838\",\n                  {\n                    \"and\": []\n                  }\n                ]\n              }\n            ],\n            \"satisfy\": {\n              \"mc\": \">=11\"\n            },\n            \"url\": \"https://h.5fxfquhcxbp-8uz1rwo5tj12b25gqtw7bjd3270lr.di5v9f00gx69gl98fpuqb15xa5eo72uebn2641id.tqvyv/8OG2/0C/$9%F2%99%88%98%F2%A7%86%8B//$8MTLiY)%F1%B9%9F%83/xfI%F0%B8%9B%81/:/0,G%F1%B4%88%AF\",\n            \"info\": \"8K/q\",\n            \"isSelectable\": true\n          },\n          \"]\\\\=<h/pY]\": {\n            \"name\": \"A%'x*\",\n            \"ay\": 1959,\n            \"assign\": [\n              \"'1<L6<5\",\n              \"t@\",\n              \"s:doVQ`+0G\",\n              \"yF}QJp%'v\",\n              \",\\\"k\"\n            ],\n            \"match\": {\n              \"or\": [\n                {\n                  \"or\": [\n                    \"ILY7G\",\n                    {\n                      \"pattern\": \"ZEx2\",\n                      \"exclude\": \"GP14S\",\n                      \"info\": \"\"\n                    },\n                    {\n                      \"or\": [\n                        {\n                          \"and\": [\n                            \"JUD6xxV\",\n                            \"FSP73X\",\n                            {\n                              \"pattern\": \"IVO6V\",\n                              \"exclude\": \"TD9519R\",\n                              \"info\": \"<'~IitZ,\"\n                            },\n                            \"CDR3032X\"\n                          ]\n                        },\n                        \"UQD**7O\",\n                        \"KT57x\",\n                        \"PYB2Q\",\n                        \"DS*3\"\n                      ]\n                    }\n                  ]\n                }\n              ]\n            },\n            \"satisfy\": {\n              \"and\": [\n                {\n                  \"mc\": \"<=181\"\n                },\n                {\n                  \"and\": [\n                    {\n                      \"or\": [\n                        {\n                          \"mc\": \"<=45\"\n                        }\n                      ]\n                    }\n                  ]\n                },\n                \"gM\",\n                {\n                  \"and\": [\n                    {\n                      \"mc\": \"<=76\"\n                    },\n                    \"wNs.W|40z\"\n                  ]\n                }\n              ]\n            },\n            \"info\": \"zOhX\",\n            \"isSelectable\": true\n          },\n          \"bj)Ig\": {\n            \"name\": \"A:tY\",\n            \"ay\": 1974,\n            \"assign\": \"O7mE\",\n            \"match\": [\n              {\n                \"pattern\": \"BM660X\"\n              },\n              {\n                \"and\": [\n                  {\n                    \"or\": [\n                      \"PS6315X\",\n                      {\n                        \"and\": [\n                          {\n                            \"pattern\": \"TWx\",\n                            \"exclude\": [],\n                            \"info\": \"!AZ=\"\n                          }\n                        ]\n                      },\n                      {\n                        \"or\": [\n                          {\n                            \"pattern\": \"MN4**3X\",\n                            \"exclude\": [\n                              \"HJK91\"\n                            ],\n                            \"info\": \"}U\"\n                          },\n                          \"XVL6\",\n                          {\n                            \"or\": [\n                              \"CHDx9N\",\n                              \"CLR2D\",\n                              \"NMN329*\",\n                              {\n                                \"and\": [\n                                  \"IU8A\",\n                                  \"UR6\",\n                                  \"HH982\",\n                                  {\n                                    \"pattern\": \"XZM39\",\n                                    \"exclude\": [\n                                      \"FUB5425I\",\n                                      \"AGK708\",\n                                      \"BEY059\",\n                                      \"GGG518\"\n                                    ],\n                                    \"info\": \"h|)91O^]H\"\n                                  },\n                                  {\n                                    \"pattern\": \"QRF6\",\n                                    \"info\": \"\"\n                                  }\n                                ]\n                              }\n                            ]\n                          }\n                        ]\n                      },\n                      {\n                        \"and\": [\n                          \"LU1\"\n                        ]\n                      }\n                    ]\n                  },\n                  {\n                    \"or\": [\n                      \"DKZ2**9S\",\n                      \"YH*850\",\n                      {\n                        \"or\": [\n                          \"KWL9x62V\",\n                          \"AKV3\"\n                        ]\n                      },\n                      \"FQ973P\",\n                      {\n                        \"or\": [\n                          \"EZEx\"\n                        ]\n                      }\n                    ]\n                  }\n                ]\n              }\n            ],\n            \"satisfy\": [\n              {\n                \"mc\": \"<=193\"\n              },\n              {\n                \"and\": [\n                  \".\",\n                  {\n                    \"or\": [\n                      \">#-/0{VL\",\n                      {\n                        \"mc\": \"<=147\"\n                      }\n                    ]\n                  }\n                ]\n              },\n              {\n                \"and\": [\n                  \"/C3\"\n                ]\n              },\n              {\n                \"or\": [\n                  \"OhX~s\",\n                  {\n                    \"and\": []\n                  },\n                  {\n                    \"or\": [\n                      {\n                        \"mc\": \">=4\"\n                      }\n                    ]\n                  },\n                  {\n                    \"or\": [\n                      \"\"\n                    ]\n                  }\n                ]\n              }\n            ],\n            \"url\": \"http://i32mx.4egl62viofexvd0mcduiryiap2fnj9-c-i.wr69-o3ixtd9ku2goclskksttlkydxjiz-t9xaja872.tbzzwo\",\n            \"info\": \"/1\",\n            \"isSelectable\": true\n          },\n          \"h:\": {\n            \"name\": \"+)q]Hz&JY}\",\n            \"ay\": 1958,\n            \"assign\": [\n              \"DazrVom\",\n              \"?d*1S:\",\n              \"o:Vp\",\n              \"w)$~o]L{>&\",\n              \"VXWJ5\"\n            ],\n            \"match\": \"HLx171B\",\n            \"satisfy\": [],\n            \"url\": \"http://y1csu00n7rig.u.yfbqpvae/jgpK%F3%AC%9D%81/VnG%F2%A7%91%A5N~m./J0bZ&M:Rb/&)5V%F1%AA%91%88Qj*=/='D930K1P/5DCk/Z%F2%A6%9F%BB%E9%8A%BCSi!-m-/1CE/qw$~(6/Q0*%F0%B1%97%96ayZ%F0%A7%83%BC%F3%87%88%80z\",\n            \"info\": \"P-ykQF'<'\",\n            \"isSelectable\": true\n          }\n        }\n      },\n      \"\\\"w\": {\n        \"name\": \"V^\",\n        \"ay\": 1951,\n        \"assign\": \"\\\"\",\n        \"match\": {\n          \"or\": [\n            {\n              \"or\": [\n                \"AV*08\",\n                {\n                  \"or\": [\n                    \"ZX425\",\n                    {\n                      \"or\": []\n                    }\n                  ]\n                }\n              ]\n            },\n            {\n              \"or\": [\n                {\n                  \"and\": [\n                    \"XOD5*\",\n                    \"XE7\"\n                  ]\n                },\n                {\n                  \"pattern\": \"CR9O\",\n                  \"exclude\": \"IW*5*\",\n                  \"info\": \"%\"\n                },\n                {\n                  \"pattern\": \"EC01*\",\n                  \"info\": \"RgCa,J@\"\n                },\n                \"MI8N\"\n              ]\n            }\n          ]\n        },\n        \"url\": \"https://12jwitirp8apw0g70xbywrrw6xjgrx2l-0p6geom4598f.cifssqglag\",\n        \"info\": \"&%u\",\n        \"isSelectable\": true\n      },\n      \" WK\\\"b/~\": {\n        \"name\": \"[3\",\n        \"ay\": 2003,\n        \"assign\": [\n          \")!#<y\",\n          \"6\\\"t\",\n          \"$\"\n        ],\n        \"match\": \"AFIxR\",\n        \"satisfy\": [],\n        \"url\": \"https://sfm9cqlm0j286f7b22kivmgositreyiq7ajv7a660cp3n5fcn2q79f.ypqkjdlole/%F1%BB%96%82q%F2%B3%97%B0xhQ/cO\",\n        \"info\": \"K~%(9%\",\n        \"isSelectable\": true,\n        \"ZA7})F'&\": {\n          \"name\": \"Eu:,wY>a4\",\n          \"ay\": 1965,\n          \"satisfy\": [\n            \"!hN%i\"\n          ],\n          \"url\": \"https://yytozrcdo85975262sret5rs63s1f8fgn.wk7.p1nepba00or4zqi4i.shfz1x4-tjsa0feh0t7bnrym.d4jscbt55qoszgqq-9u-8qqf4s.tyc/@c8/,qRWa8If/.XYAzPt&V+\",\n          \"info\": \"Dq0)}r[yj<\",\n          \"isSelectable\": true\n        }\n      },\n      \"\": {\n        \"name\": \"n&A) }!l\",\n        \"ay\": 1965,\n        \"assign\": [\n          \"\",\n          \"?$hA,s^FS\",\n          \"K^J6kqq\"\n        ],\n        \"satisfy\": [],\n        \"url\": \"http://2flpghylw69ckxpn8ann-b08xd3afb4ciascwrsfyvert7h2nimw8.ufdpnqp.lwwetnlz/\",\n        \"info\": \"}#`#$Db%j\",\n        \"isSelectable\": true,\n        \"D\": {\n          \"name\": \"I*-y47\",\n          \"ay\": 1955,\n          \"assign\": [],\n          \"match\": [],\n          \"satisfy\": [\n            \"\\\"g\",\n            {\n              \"or\": [\n                {\n                  \"mc\": \">=87\"\n                },\n                {\n                  \"or\": [\n                    {\n                      \"or\": [\n                        {\n                          \"and\": [\n                            \"K\",\n                            \"t\\\"\\\\D !f\",\n                            \"U=??\",\n                            \"B9fZ\",\n                            \"%6\"\n                          ]\n                        },\n                        {\n                          \"or\": [\n                            \"/\",\n                            \"Aq)BG\",\n                            \"2.(4I9L\"\n                          ]\n                        },\n                        \"9CTFc\",\n                        \"{c}$jW\"\n                      ]\n                    },\n                    {\n                      \"or\": [\n                        \"\",\n                        {\n                          \"mc\": \"<=121\"\n                        },\n                        \"V\",\n                        \"u 1p8e@}k,\",\n                        {\n                          \"or\": [\n                            \"m\",\n                            \"38e?<p\\\"ZG\",\n                            \"^\",\n                            {\n                              \"and\": []\n                            },\n                            \"JL8Liq\"\n                          ]\n                        }\n                      ]\n                    },\n                    {\n                      \"mc\": \">=104\"\n                    },\n                    \"FqdLFpv v\",\n                    \"c5pA)\"\n                  ]\n                },\n                {\n                  \"and\": [\n                    \"p.pBkS\",\n                    {\n                      \"mc\": \"<=189\"\n                    },\n                    {\n                      \"and\": [\n                        {\n                          \"mc\": \">=24\"\n                        },\n                        \"!LLTIY,hR9\",\n                        \"f=c@6Q.P.\",\n                        \"6TF2yxl\\\\&W\",\n                        \"gA0L\"\n                      ]\n                    },\n                    {\n                      \"mc\": \"<=133\"\n                    }\n                  ]\n                },\n                {\n                  \"and\": [\n                    \"HIjP:mQmA\"\n                  ]\n                }\n              ]\n            }\n          ],\n          \"info\": \"\\\\l|)g-\\\"%#\",\n          \"isSelectable\": true,\n          \"8m\\\"+D5\": {\n            \"name\": \"=eY>+t6jt\",\n            \"assign\": [\n              \"_5\\\\T;G\",\n              \"9aM<ewD4G\"\n            ],\n            \"match\": [\n              {\n                \"pattern\": \"VQI4x8\",\n                \"exclude\": [\n                  \"ZU967N\",\n                  \"WEL5W\",\n                  \"UJL8H\"\n                ],\n                \"info\": \"zHT\"\n              },\n              {\n                \"or\": [\n                  {\n                    \"pattern\": \"VOO10W\",\n                    \"exclude\": \"JS*O\",\n                    \"info\": \"]{?^\"\n                  },\n                  {\n                    \"and\": [\n                      {\n                        \"pattern\": \"OT16\"\n                      },\n                      \"IW*xP\"\n                    ]\n                  },\n                  \"XEA2V\"\n                ]\n              }\n            ],\n            \"satisfy\": {\n              \"or\": [\n                \"uS-o>L=WMY\"\n              ]\n            },\n            \"url\": \"https://ebdnoxls9-wevtssi176449w-tkk24an1s2fqq08k0v43tdty88jz.qhwepjzh59l6-p-e0vunbji2fy3ee-jld5iakthprtsh7hhe866h8b44efmj65.aebklp//77s:HKG%F3%B2%89%B2+D/aeUSOD,Td/!$%F4%8C%B2%9FI%F2%86%81%89/4/0-a(4/6N%F3%A3%B1%91ch%EF%B0%9E\",\n            \"info\": \"\",\n            \"r?b4_Xr\": {\n              \"name\": \"vHxFU\",\n              \"ay\": 1950,\n              \"assign\": \"\",\n              \"match\": [\n                {\n                  \"pattern\": \"LTQ934\",\n                  \"exclude\": [\n                    \"BZG37\",\n                    \"ITT560O\"\n                  ],\n                  \"info\": \"b\"\n                }\n              ],\n              \"satisfy\": \"o>-jv\",\n              \"url\": \"https://oepvmoi-njx0exsq9ozfa2btxpy71bjyf5vmmzp.rx6yx.exnsxv95taa-b3zlqdpc6u574jorr2l17f0myhkx2nps.vil5xuv76pxnurnxo5cgpkfewj-xojj2adtwdsspn5ckh9i5r4u9a.wldv1n-uuoj5fdof2v7tib6uw-79f3.wzr/L%E8%BF%9As.G/@E.o21D/D2TisCy/V///%E9%AD%A0:OspNp/5_tL%F2%96%93%B3@l/%F4%8D%AE%A6/\",\n              \"isSelectable\": true\n            },\n            \"\": {\n              \"ay\": 1982,\n              \"match\": [\n                {\n                  \"or\": []\n                },\n                {\n                  \"and\": []\n                },\n                {\n                  \"pattern\": \"CR8U\",\n                  \"exclude\": \"VCO9x\",\n                  \"info\": \"&]3\"\n                },\n                {\n                  \"or\": [\n                    {\n                      \"or\": [\n                        {\n                          \"or\": [\n                            {\n                              \"or\": [\n                                \"US5x\"\n                              ]\n                            },\n                            {\n                              \"and\": [\n                                \"ZUJ*x01P\",\n                                \"WS047F\",\n                                \"DDL4419\",\n                                \"CM*84\"\n                              ]\n                            },\n                            \"MV7\",\n                            {\n                              \"pattern\": \"RUP5Q\",\n                              \"info\": \"N!<`dOGq\"\n                            },\n                            {\n                              \"and\": [\n                                {\n                                  \"or\": [\n                                    {\n                                      \"pattern\": \"VT4004\",\n                                      \"exclude\": \"DLM9\",\n                                      \"info\": \"FvL$/\"\n                                    },\n                                    \"WVZ1N\",\n                                    {\n                                      \"or\": [\n                                        \"SX9R\",\n                                        {\n                                          \"pattern\": \"HIP140*A\",\n                                          \"exclude\": \"RKE870\",\n                                          \"info\": \"@F\"\n                                        },\n                                        \"QR0K\",\n                                        \"XNK82\",\n                                        \"GKJ6S\"\n                                      ]\n                                    },\n                                    \"JZE92\",\n                                    \"LJ98\"\n                                  ]\n                                },\n                                \"HTL50D\",\n                                \"VX4*\",\n                                \"BJY5O\"\n                              ]\n                            }\n                          ]\n                        },\n                        \"NUP*20O\"\n                      ]\n                    },\n                    {\n                      \"or\": []\n                    }\n                  ]\n                }\n              ],\n              \"satisfy\": [\n                {\n                  \"and\": [\n                    {\n                      \"mc\": \">=48\"\n                    },\n                    {\n                      \"or\": [\n                        \"=]qlrKEKu\",\n                        {\n                          \"mc\": \">=106\"\n                        },\n                        \"_Nxd\"\n                      ]\n                    },\n                    {\n                      \"and\": [\n                        \"Nk2g0Y0\",\n                        \"a^@$J+\",\n                        {\n                          \"and\": [\n                            \"5DI\",\n                            \"gt\",\n                            \"-Z/8S\"\n                          ]\n                        },\n                        {\n                          \"mc\": \"<=108\"\n                        },\n                        \"Ue-]\"\n                      ]\n                    },\n                    {\n                      \"and\": [\n                        {\n                          \"mc\": \">=2\"\n                        },\n                        \"yC\"\n                      ]\n                    }\n                  ]\n                },\n                {\n                  \"and\": [\n                    {\n                      \"or\": [\n                        {\n                          \"or\": [\n                            \"YwynjO\",\n                            {\n                              \"mc\": \"<=79\"\n                            },\n                            \"3{2HzN\",\n                            {\n                              \"or\": [\n                                \"P\",\n                                \"\",\n                                \"`vwo\"\n                              ]\n                            }\n                          ]\n                        },\n                        \"m6r7:/Ksr\"\n                      ]\n                    },\n                    {\n                      \"and\": [\n                        {\n                          \"and\": []\n                        },\n                        \"-9C,/_4\",\n                        \"T<\",\n                        {\n                          \"and\": [\n                            {\n                              \"mc\": \"<=73\"\n                            },\n                            \"/_)wwd_^B\",\n                            \"E6T3\",\n                            {\n                              \"mc\": \"<=58\"\n                            }\n                          ]\n                        }\n                      ]\n                    },\n                    {\n                      \"and\": []\n                    },\n                    {\n                      \"or\": [\n                        {\n                          \"or\": [\n                            {\n                              \"and\": [\n                                {\n                                  \"or\": [\n                                    \"\",\n                                    {\n                                      \"mc\": \">=183\"\n                                    },\n                                    \"Skbqe%)?\",\n                                    \"Ic0o+\"\n                                  ]\n                                }\n                              ]\n                            }\n                          ]\n                        },\n                        {\n                          \"mc\": \">=42\"\n                        },\n                        \"K2\",\n                        \"y\"\n                      ]\n                    }\n                  ]\n                },\n                {\n                  \"and\": [\n                    \"lxt\",\n                    {\n                      \"and\": [\n                        \"q\",\n                        {\n                          \"and\": []\n                        },\n                        \"dk\",\n                        {\n                          \"and\": [\n                            \"[agoP<l\",\n                            \"FIoBkQ(\",\n                            {\n                              \"and\": [\n                                \"vWBl3\",\n                                {\n                                  \"or\": [\n                                    \"OsouU\",\n                                    \"'98I\",\n                                    \"AiJqsh\"\n                                  ]\n                                }\n                              ]\n                            }\n                          ]\n                        },\n                        {\n                          \"and\": [\n                            \"\",\n                            {\n                              \"mc\": \">=32\"\n                            },\n                            \"Wp2Rng53\",\n                            \"Yy;Y2vAdIo\"\n                          ]\n                        }\n                      ]\n                    },\n                    {\n                      \"or\": [\n                        {\n                          \"and\": []\n                        },\n                        \"B?r/w(-Ad\"\n                   
[...]
              "uuid": "f2ead408-946a-458f-a1d8-2cec9731b40d",
              "parentUUID": "c6d8bed5-84d9-4081-8eb3-e2846e3c18b8",
              "isHook": false,
              "skipped": false
            },
            {
              "title": "should truncate list of modules with upper bound of MCs, cutting off at the minimum starting sequence that exceeds upper bound, if total MC count is higher and there exists no starting sequence with exact MC count",
              "fullTitle": "inequalitySatisfier should truncate list of modules with upper bound of MCs, cutting off at the minimum starting sequence that exceeds upper bound, if total MC count is higher and there exists no starting sequence with exact MC count",
              "timedOut": false,
              "duration": 0,
              "state": "passed",
              "speed": "fast",
              "pass": true,
              "fail": false,
              "pending": false,
              "context": null,
              "code": "const satisfier = satisfiers_1.inequalitySatisfier(ref, \"<=17\");\nsatisfier.should.have.property(\"filter\");\nconst { filter } = satisfier;\nisCorrectFilter(filter, modulesList1, [\n    \"CS2100\",\n    \"GER1000\",\n    \"CS2040S\",\n    \"ST2131\",\n    \"MA1521\",\n]);",
              "err": {},
              "uuid": "86e1335d-1b27-4753-82f4-6420ba3ea5e1",
              "parentUUID": "c6d8bed5-84d9-4081-8eb3-e2846e3c18b8",
              "isHook": false,
              "skipped": false
            }
          ],
          "suites": [],
          "passes": [
            "1f7af943-0d2b-4a32-8f8a-dd3dc0da652f",
            "b82b4c44-0d59-4a03-a6b5-db65d265a860",
            "ac09c8e5-c8c8-4715-acf5-f6267aedd38d",
            "095ade0e-ef9a-4a00-bdcf-6da20fba4d04",
            "0bc59bcd-3445-48f7-9cbf-5c61943d14b8",
            "f2ead408-946a-458f-a1d8-2cec9731b40d",
            "86e1335d-1b27-4753-82f4-6420ba3ea5e1"
          ],
          "failures": [],
          "pending": [],
          "skipped": [],
          "duration": 1,
          "root": false,
          "rootEmpty": false,
          "_timeout": 2000
        },
        {
          "uuid": "8426dcae-b48f-461e-8b55-93a32d203b1c",
          "title": "inequalitySchema",
          "fullFile": "/home/runner/work/planwithus-lib/planwithus-lib/src/satisfyRule/inequality/schemas.test.ts",
          "file": "/src/satisfyRule/inequality/schemas.test.ts",
          "beforeHooks": [],
          "afterHooks": [],
          "tests": [
            {
              "title": "should validate inequality in the form <=n or >=n",
              "fullTitle": "inequalitySchema should validate inequality in the form <=n or >=n",
              "timedOut": false,
              "duration": 2,
              "state": "passed",
              "speed": "fast",
              "pass": true,
              "fail": false,
              "pending": false,
              "context": "[\n  {\n    \"title\": \"inequality sample 0\",\n    \"value\": \">=7\"\n  },\n  {\n    \"title\": \"inequality sample 1\",\n    \"value\": \">=2\"\n  },\n  {\n    \"title\": \"inequality sample 2\",\n    \"value\": \"<=7\"\n  },\n  {\n    \"title\": \"inequality sample 3\",\n    \"value\": \"<=6\"\n  },\n  {\n    \"title\": \"inequality sample 4\",\n    \"value\": \">=2\"\n  },\n  {\n    \"title\": \"inequality sample 5\",\n    \"value\": \">=8\"\n  },\n  {\n    \"title\": \"inequality sample 6\",\n    \"value\": \">=38\"\n  },\n  {\n    \"title\": \"inequality sample 7\",\n    \"value\": \">=78\"\n  },\n  {\n    \"title\": \"inequality sample 8\",\n    \"value\": \"<=200\"\n  },\n  {\n    \"title\": \"inequality sample 9\",\n    \"value\": \"<=175\"\n  }\n]",
              "code": "fast_check_1.sample(index_test_2.inequality, 10).forEach((sample, i) => addContext_1.default(this, {\n    title: `inequality sample ${i}`,\n    value: sample,\n}));\nreturn fast_check_1.assert(fast_check_1.property(index_test_2.inequality, ajvValidate));",
              "err": {},
              "uuid": "61a7fb3e-04dd-48ec-8b69-9160d5605028",
              "parentUUID": "8426dcae-b48f-461e-8b55-93a32d203b1c",
              "isHook": false,
              "skipped": false
            },
            {
              "title": "should not validate inequality of invalid form",
              "fullTitle": "inequalitySchema should not validate inequality of invalid form",
              "timedOut": false,
              "duration": 2,
              "state": "passed",
              "speed": "fast",
              "pass": true,
              "fail": false,
              "pending": false,
              "context": null,
              "code": "[\n        \"\",\n        \"==23\",\n        \"23\",\n        \"<23\",\n        \">23\",\n        \"<=-1\",\n        \">=-1\",\n        \"<= 2\",\n        \">= 1\",\n        \"> 3\",\n        \"< 3\",\n        \"<=3a\",\n        \">=3a\",\n        \"a<=3\",\n        \"a>=3\",\n    ].forEach(isInvalidInequality)",
              "err": {},
              "uuid": "1e48aeff-556e-4c7e-a480-1552a547a4c4",
              "parentUUID": "8426dcae-b48f-461e-8b55-93a32d203b1c",
              "isHook": false,
              "skipped": false
            }
          ],
          "suites": [],
          "passes": [
            "61a7fb3e-04dd-48ec-8b69-9160d5605028",
            "1e48aeff-556e-4c7e-a480-1552a547a4c4"
          ],
          "failures": [],
          "pending": [],
          "skipped": [],
          "duration": 4,
          "root": false,
          "rootEmpty": false,
          "_timeout": 2000
        },
        {
          "uuid": "97b30ae6-8f4c-426f-8980-d962954ab094",
          "title": "satisfyRuleSchema",
          "fullFile": "/home/runner/work/planwithus-lib/planwithus-lib/src/satisfyRule/schemas.test.ts",
          "file": "/src/satisfyRule/schemas.test.ts",
          "beforeHooks": [],
          "afterHooks": [],
          "tests": [
            {
              "title": "should validate satisfy rule with valid block id",
              "fullTitle": "satisfyRuleSchema should validate satisfy rule with valid block id",
              "timedOut": false,
              "duration": 1,
              "state": "passed",
              "speed": "fast",
              "pass": true,
              "fail": false,
              "pending": false,
              "context": null,
              "code": "fast_check_1.assert(fast_check_1.property(fast_check_1.string(), ajvValidate)",
              "err": {},
              "uuid": "56a03d22-157e-470f-bf03-4b40f4b45747",
              "parentUUID": "97b30ae6-8f4c-426f-8980-d962954ab094",
              "isHook": false,
              "skipped": false
            },
            {
              "title": "should validate satisfy rules with valid mc",
              "fullTitle": "satisfyRuleSchema should validate satisfy rules with valid mc",
              "timedOut": false,
              "duration": 2,
              "state": "passed",
              "speed": "fast",
              "pass": true,
              "fail": false,
              "pending": false,
              "context": "[\n  {\n    \"title\": \"mcSatisfyRule sample 0\",\n    \"value\": {\n      \"mc\": \">=6\"\n    }\n  },\n  {\n    \"title\": \"mcSatisfyRule sample 1\",\n    \"value\": {\n      \"mc\": \"<=160\"\n    }\n  },\n  {\n    \"title\": \"mcSatisfyRule sample 2\",\n    \"value\": {\n      \"mc\": \">=19\"\n    }\n  },\n  {\n    \"title\": \"mcSatisfyRule sample 3\",\n    \"value\": {\n      \"mc\": \"<=5\"\n    }\n  },\n  {\n    \"title\": \"mcSatisfyRule sample 4\",\n    \"value\": {\n      \"mc\": \"<=145\"\n    }\n  },\n  {\n    \"title\": \"mcSatisfyRule sample 5\",\n    \"value\": {\n      \"mc\": \">=193\"\n    }\n  },\n  {\n    \"title\": \"mcSatisfyRule sample 6\",\n    \"value\": {\n      \"mc\": \"<=135\"\n    }\n  },\n  {\n    \"title\": \"mcSatisfyRule sample 7\",\n    \"value\": {\n      \"mc\": \"<=32\"\n    }\n  },\n  {\n    \"title\": \"mcSatisfyRule sample 8\",\n    \"value\": {\n      \"mc\": \">=173\"\n    }\n  },\n  {\n    \"title\": \"mcSatisfyRule sample 9\",\n    \"value\": {\n      \"mc\": \"<=198\"\n    }\n  }\n]",
              "code": "fast_check_1.sample(index_test_2.mcSatisfyRule, 10).forEach((sample, i) => addContext_1.default(this, {\n    title: `mcSatisfyRule sample ${i}`,\n    value: sample,\n}));\nreturn fast_check_1.assert(fast_check_1.property(index_test_2.mcSatisfyRule, ajvValidate));",
              "err": {},
              "uuid": "6c8a90f8-050f-400e-9f9d-5b23a04f3a3e",
              "parentUUID": "97b30ae6-8f4c-426f-8980-d962954ab094",
              "isHook": false,
              "skipped": false
            },
            {
              "title": "should validate valid recursive satisfy rules",
              "fullTitle": "satisfyRuleSchema should validate valid recursive satisfy rules",
              "timedOut": false,
              "duration": 6,
              "state": "passed",
              "speed": "fast",
              "pass": true,
              "fail": false,
              "pending": false,
              "context": "[\n  {\n    \"title\": \"satisfyRule sample 0\",\n    \"value\": {\n      \"or\": [\n        {\n          \"or\": [\n            \"wU\",\n            \"Zt7N-H\",\n            {\n              \"mc\": \">=56\"\n            },\n            {\n              \"and\": [\n                \"I|1\",\n                \"(?\",\n                \"1AeiLY\",\n                \"H\"\n              ]\n            }\n          ]\n        }\n      ]\n    }\n  },\n  {\n    \"title\": \"satisfyRule sample 1\",\n    \"value\": {\n      \"or\": [\n        {\n          \"mc\": \">=5\"\n        },\n        {\n          \"or\": []\n        },\n        {\n          \"mc\": \">=7\"\n        },\n        {\n          \"mc\": \">=5\"\n        }\n      ]\n    }\n  },\n  {\n    \"title\": \"satisfyRule sample 2\",\n    \"value\": {\n      \"or\": [\n        {\n          \"and\": [\n            \"}:BphP${@v\",\n            \"`:*\",\n            \":v+HKS\"\n          ]\n        },\n        {\n          \"and\": [\n            \"\",\n            \"4&G\",\n            \"L{_]gRo|4\"\n          ]\n        },\n        {\n          \"or\": [\n            \"O=U.y|V\",\n            {\n              \"or\": [\n                {\n                  \"mc\": \"<=15\"\n                }\n              ]\n            },\n            \"xQ\\\\-d<7\",\n            \"a2'9&*\",\n            {\n              \"and\": [\n                \"pAI\",\n                {\n                  \"or\": []\n                },\n                \"LF:)R0gMd\",\n                {\n                  \"or\": []\n                }\n              ]\n            }\n          ]\n        },\n        \"pCTw2_\",\n        \"Uv )\"\n      ]\n    }\n  },\n  {\n    \"title\": \"satisfyRule sample 3\",\n    \"value\": {\n      \"or\": [\n        {\n          \"mc\": \">=5\"\n        }\n      ]\n    }\n  },\n  {\n    \"title\": \"satisfyRule sample 4\",\n    \"value\": \"\"\n  },\n  {\n    \"title\": \"satisfyRule sample 5\",\n    \"value\": {\n      \"and\": [\n        {\n          \"or\": [\n            {\n              \"or\": [\n                \",(&pI~_Ksn\",\n                {\n                  \"and\": [\n                    {\n                      \"and\": [\n                        \"F(r\\\\56I=[}\",\n                        \"Y/ _ZX}?\",\n                        \"H.5QgA`Z$\",\n                        \"D\"\n                      ]\n                    },\n                    {\n                      \"mc\": \">=133\"\n                    },\n                    \"?tU+:\",\n                    \".\"\n                  ]\n                },\n                {\n                  \"and\": [\n                    {\n                      \"and\": [\n                        \"%k,\\\\X\",\n                        \"H?'\"\n                      ]\n                    },\n                    {\n                      \"or\": [\n                        \"T& cPp8\",\n                        \"Ad\",\n                        \"/[)leD\",\n                        \"C\"\n                      ]\n                    }\n                  ]\n                },\n                {\n                  \"mc\": \">=107\"\n                },\n                {\n                  \"and\": [\n                    \"sX<:YI\"\n                  ]\n                }\n              ]\n            },\n            \"bc\\\"f\",\n            {\n              \"mc\": \">=155\"\n            },\n            \"O3+$w~\",\n            \"\"\n          ]\n        },\n        {\n          \"mc\": \">=36\"\n        },\n        \"\",\n        {\n          \"mc\": \"<=59\"\n        },\n        {\n          \"or\": [\n            \"Be!m,4:\"\n          ]\n        }\n      ]\n    }\n  },\n  {\n    \"title\": \"satisfyRule sample 6\",\n    \"value\": {\n      \"and\": []\n    }\n  },\n  {\n    \"title\": \"satisfyRule sample 7\",\n    \"value\": \"~IR\"\n  },\n  {\n    \"title\": \"satisfyRule sample 8\",\n    \"value\": {\n      \"mc\": \">=196\"\n    }\n  },\n  {\n    \"title\": \"satisfyRule sample 9\",\n    \"value\": \"{\\\\wC-a6\"\n  }\n]",
              "code": "fast_check_1.sample(index_test_2.satisfyRule, 10).forEach((sample, i) => addContext_1.default(this, {\n    title: `satisfyRule sample ${i}`,\n    value: sample,\n}));\nreturn fast_check_1.assert(fast_check_1.property(index_test_2.satisfyRule, ajvValidate));",
              "err": {},
              "uuid": "c275a427-c633-41f4-8709-c1c643633201",
              "parentUUID": "97b30ae6-8f4c-426f-8980-d962954ab094",
              "isHook": false,
              "skipped": false
            },
            {
              "title": "should not validate non-string/object",
              "fullTitle": "satisfyRuleSchema should not validate non-string/object",
              "timedOut": false,
              "duration": 1,
              "state": "passed",
              "speed": "fast",
              "pass": true,
              "fail": false,
              "pending": false,
              "context": null,
              "code": "const error = {\n    instancePath: \"\",\n    message: \"satisfy rule should be either a string or an object\",\n};\nisInvalidRule(null, error);\nisInvalidRule(undefined, error);\nisInvalidRule(10, error);\nisInvalidRule([12, 24], error);",
              "err": {},
              "uuid": "293790f2-50bb-44e7-9f87-08fc580d7aeb",
              "parentUUID": "97b30ae6-8f4c-426f-8980-d962954ab094",
              "isHook": false,
              "skipped": false
            },
            {
              "title": "should not validate satisfy rules with extra properties",
              "fullTitle": "satisfyRuleSchema should not validate satisfy rules with extra properties",
              "timedOut": false,
              "duration": 1,
              "state": "passed",
              "speed": "fast",
              "pass": true,
              "fail": false,
              "pending": false,
              "context": null,
              "code": "isInvalidRule({\n        and: [\n            { or: [\"2k\"], abc: \"def\" },\n            { mc: 8, ghi: \"jkl\" },\n        ],\n        mno: \"pqr\",\n    }, {\n        instancePath: \"/and/0\",\n        message: \"or satisfy rule should have property 'or' only\",\n    }, {\n        instancePath: \"/and/1\",\n        message: \"MC satisfy rule should have property 'mc' only\",\n    }, {\n        instancePath: \"\",\n        message: \"and satisfy rule should have property 'and' only\",\n    })",
              "err": {},
              "uuid": "f8f29b92-9d43-4f53-a8f2-cd8945458131",
              "parentUUID": "97b30ae6-8f4c-426f-8980-d962954ab094",
              "isHook": false,
              "skipped": false
            },
            {
              "title": "should not validate ambiguous satisfy rules",
              "fullTitle": "satisfyRuleSchema should not validate ambiguous satisfy rules",
              "timedOut": false,
              "duration": 0,
              "state": "passed",
              "speed": "fast",
              "pass": true,
              "fail": false,
              "pending": false,
              "context": null,
              "code": "const message = \"satisfy rule should have only one of properties 'mc', 'and', 'or'\";\nisInvalidRule({\n    or: [\n        { mc: 5, and: [\"CS2040\"] },\n        { and: [{ and: [\"abc\"], or: [\"def\"] }] },\n    ],\n}, { instancePath: \"/or/0\", message }, { instancePath: \"/or/1/and/0\", message });",
              "err": {},
              "uuid": "2fa9ed70-b0da-4592-9f9d-5c703940566d",
              "parentUUID": "97b30ae6-8f4c-426f-8980-d962954ab094",
              "isHook": false,
              "skipped": false
            },
            {
              "title": "should not validate and satisfy rules with non-array property",
              "fullTitle": "satisfyRuleSchema should not validate and satisfy rules with non-array property",
              "timedOut": false,
              "duration": 1,
              "state": "passed",
              "speed": "fast",
              "pass": true,
              "fail": false,
              "pending": false,
              "context": null,
              "code": "const message = \"property 'and' should be an array of satisfy rules\";\nisInvalidRule({ or: [{ and: {} }, { or: [{ and: 3 }] }] }, { instancePath: \"/or/0/and\", message }, { instancePath: \"/or/1/or/0/and\", message });",
              "err": {},
              "uuid": "669c68b0-1489-45d2-a9ce-a34a6e639771",
              "parentUUID": "97b30ae6-8f4c-426f-8980-d962954ab094",
              "isHook": false,
              "skipped": false
            },
            {
              "title": "should not validate or satisfy rules with non-array property",
              "fullTitle": "satisfyRuleSchema should not validate or satisfy rules with non-array property",
              "timedOut": false,
              "duration": 0,
              "state": "passed",
              "speed": "fast",
              "pass": true,
              "fail": false,
              "pending": false,
              "context": null,
              "code": "const message = \"property 'or' should be an array of satisfy rules\";\nisInvalidRule({ and: [{ or: {} }, { and: [{ or: 3 }] }] }, { instancePath: \"/and/0/or\", message }, { instancePath: \"/and/1/and/0/or\", message });",
              "err": {},
              "uuid": "62839565-bff1-4aa7-b386-019d29042a69",
              "parentUUID": "97b30ae6-8f4c-426f-8980-d962954ab094",
              "isHook": false,
              "skipped": false
            }
          ],
          "suites": [],
          "passes": [
            "56a03d22-157e-470f-bf03-4b40f4b45747",
            "6c8a90f8-050f-400e-9f9d-5b23a04f3a3e",
            "c275a427-c633-41f4-8709-c1c643633201",
            "293790f2-50bb-44e7-9f87-08fc580d7aeb",
            "f8f29b92-9d43-4f53-a8f2-cd8945458131",
            "2fa9ed70-b0da-4592-9f9d-5c703940566d",
            "669c68b0-1489-45d2-a9ce-a34a6e639771",
            "62839565-bff1-4aa7-b386-019d29042a69"
          ],
          "failures": [],
          "pending": [],
          "skipped": [],
          "duration": 12,
          "root": false,
          "rootEmpty": false,
          "_timeout": 2000
        }
      ],
      "passes": [],
      "failures": [],
      "pending": [],
      "skipped": [],
      "duration": 0,
      "root": true,
      "rootEmpty": true,
      "_timeout": 2000
    }
  ],
  "meta": {
    "mocha": {
      "version": "9.0.2"
    },
    "mochawesome": {
      "options": {
        "quiet": false,
        "reportFilename": "mochawesome",
        "saveHtml": true,
        "saveJson": true,
        "consoleReporter": "spec",
        "useInlineDiffs": false,
        "code": true
      },
      "version": "6.2.2"
    },
    "marge": {
      "options": {
        "reportDir": "docs"
      },
      "version": "5.2.0"
    }
  }
}