{
  "stats": {
    "suites": 10,
    "tests": 48,
    "passes": 48,
    "pending": 0,
    "failures": 0,
    "start": "2021-08-13T07:52:52.817Z",
    "end": "2021-08-13T07:52:53.107Z",
    "duration": 290,
    "testsRegistered": 48,
    "passPercent": 100,
    "pendingPercent": 0,
    "other": 0,
    "hasOther": false,
    "skipped": 0,
    "hasSkipped": false
  },
  "results": [
    {
      "uuid": "410eb15e-1e74-42f0-a7ae-15f131bd5dc5",
      "title": "",
      "fullFile": "",
      "file": "",
      "beforeHooks": [],
      "afterHooks": [],
      "tests": [],
      "suites": [
        {
          "uuid": "b004708f-e19d-4d07-b9d3-549b4664c909",
          "title": "initDirectories",
          "fullFile": "/home/runner/work/planwithus-lib/planwithus-lib/src/block/schemas.test.ts",
          "file": "/src/block/schemas.test.ts",
          "beforeHooks": [],
          "afterHooks": [],
          "tests": [
            {
              "title": "should parse all blocks with no errors",
              "fullTitle": "initDirectories should parse all blocks with no errors",
              "timedOut": false,
              "duration": 2,
              "state": "passed",
              "speed": "fast",
              "pass": true,
              "fail": false,
              "pending": false,
              "context": null,
              "code": "_1.initDirectories.should.not.throw()",
              "err": {},
              "uuid": "099d0008-f58e-434a-a658-b34be9865613",
              "parentUUID": "b004708f-e19d-4d07-b9d3-549b4664c909",
              "isHook": false,
              "skipped": false
            },
            {
              "title": "should produce primary, second & minor directories",
              "fullTitle": "initDirectories should produce primary, second & minor directories",
              "timedOut": false,
              "duration": 2,
              "state": "passed",
              "speed": "fast",
              "pass": true,
              "fail": false,
              "pending": false,
              "context": null,
              "code": "const directories = _1.initDirectories();\ndirectories.should.have.property(\"primary\");\ndirectories.should.have.property(\"second\");\ndirectories.should.have.property(\"minor\");",
              "err": {},
              "uuid": "d5d06a3d-6612-4b9a-b494-fa2ae9fc10df",
              "parentUUID": "b004708f-e19d-4d07-b9d3-549b4664c909",
              "isHook": false,
              "skipped": false
            }
          ],
          "suites": [],
          "passes": [
            "099d0008-f58e-434a-a658-b34be9865613",
            "d5d06a3d-6612-4b9a-b494-fa2ae9fc10df"
          ],
          "failures": [],
          "pending": [],
          "skipped": [],
          "duration": 4,
          "root": false,
          "rootEmpty": false,
          "_timeout": 2000
        },
        {
          "uuid": "24a54bbd-2433-4de6-85fa-7145e108e17a",
          "title": "blockSchema",
          "fullFile": "/home/runner/work/planwithus-lib/planwithus-lib/src/block/schemas.test.ts",
          "file": "/src/block/schemas.test.ts",
          "beforeHooks": [],
          "afterHooks": [],
          "tests": [
            {
              "title": "should validate valid block",
              "fullTitle": "blockSchema should validate valid block",
              "timedOut": false,
              "duration": 160,
              "state": "passed",
              "speed": "slow",
              "pass": true,
              "fail": false,
              "pending": false,
              "context": "[\n  {\n    \"title\": \"block sample 0\",\n    \"value\": {\n      \"ay\": 1953,\n      \"assign\": \"A]\",\n      \"match\": {\n        \"pattern\": \"RWB32\",\n        \"exclude\": \"JL2Y\",\n        \"info\": \"~0&|Ah\"\n      },\n      \"satisfy\": {\n        \"mc\": \"<=62\"\n      },\n      \"url\": \"http://89i4cp05h70c4j5-we7lx7uqa10ur0x1bxivzxoj.qlguupc7mcwyoojqgudj0-0d6g52ag1e-kr.lpn6vohjwttb-16d4k0nwm71xx-zfcaek3t69djhwbhqudjppd93jusifia-a7z.1rgz6miu-5w54chqevwasmcdfs17706ga.xgb/%F2%9C%BD%873ihF,@/Uf%33;y%EA%A3%ADiLe\",\n      \"info\": \"+[/Zd0\\\"\\\\*\",\n      \"isSelectable\": true\n    }\n  },\n  {\n    \"title\": \"block sample 1\",\n    \"value\": {\n      \"name\": \"JP\",\n      \"ay\": 1955,\n      \"assign\": [\n        \"(8\",\n        \"dQD\"\n      ],\n      \"match\": [\n        {\n          \"and\": []\n        }\n      ],\n      \"satisfy\": [\n        {\n          \"mc\": \"<=121\"\n        },\n        {\n          \"and\": [\n            {\n              \"and\": [\n                {\n                  \"mc\": \"<=24\"\n                },\n                \"\"\n              ]\n            },\n            {\n              \"and\": [\n                \"\",\n                {\n                  \"and\": [\n                    \"1/\",\n                    {\n                      \"mc\": \"<=99\"\n                    }\n                  ]\n                }\n              ]\n            },\n            {\n              \"and\": []\n            }\n          ]\n        }\n      ],\n      \"url\": \"https://epr02w9tlh-nw02.dtwx933sfzy5a9rcoxkehfffmdv5uq1bknthuetm1q.nvgpeljxz\",\n      \"info\": \"!9V*}y\",\n      \"isSelectable\": true\n    }\n  },\n  {\n    \"title\": \"block sample 2\",\n    \"value\": {\n      \"name\": \"&%\",\n      \"ay\": 2025,\n      \"assign\": [\n        \"zj\",\n        \"o\",\n        \"/\",\n        \"q9+X/)!\"\n      ],\n      \"match\": \"ZY0I\",\n      \"satisfy\": [\n        {\n          \"mc\": \">=97\"\n        },\n        {\n          \"mc\": \">=133\"\n        }\n      ],\n      \"url\": \"https://acharf4vg64gofnk9cocs.wac71b8.wcjflg/DU+;XBBj/%F0%B6%82%9FlI7/VD/1q.nV0&j9/q//JB(5%F2%86%A3%B7%F1%8F%93%8CY@p2/a%F3%BE%B0%8FUWw$3\",\n      \"isSelectable\": true,\n      \"]\": {\n        \"name\": \"iq3\",\n        \"match\": {\n          \"pattern\": \"MTS54*2T\",\n          \"exclude\": \"TJC26\"\n        },\n        \"satisfy\": [\n          {\n            \"or\": [\n              {\n                \"mc\": \"<=108\"\n              }\n            ]\n          },\n          \"h\\\\/NlH\",\n          {\n            \"or\": [\n              {\n                \"mc\": \"<=21\"\n              }\n            ]\n          },\n          {\n            \"mc\": \"<=189\"\n          },\n          {\n            \"or\": []\n          }\n        ],\n        \"url\": \"https://s21a5s24n5k8v8n0xmh62nux5dksu0xtilyonnugzqif-txa.zwynuauflnj0ixo4.gocs0ccf64o6c8uiwk6w8zsq27wqf4j5au.1qqzq9ezhsao-fxojduw9ka3wmr3z944mc6m63619z2yimabzrp3y8689vw.ho65-xihfi5ogzkbqzq0slpldakk9t1twfw0gj6423xeqyc9gy56rfeagx.phitzsjzu/Iru5H%ED%8B%BF$w/o4oLtLl=7/cpDaQi/k~F00gZJV\",\n        \"isSelectable\": true,\n        \"~+\": {\n          \"name\": \"b?T\\\"G\",\n          \"ay\": 2009,\n          \"match\": [\n            \"UYA474\",\n            {\n              \"pattern\": \"IW513Q\",\n              \"exclude\": [\n                \"UE77G\"\n              ]\n            },\n            {\n              \"or\": [\n                \"LET8B\",\n                {\n                  \"and\": [\n                    \"EY*35\",\n                    \"TFP8\",\n                    {\n                      \"or\": [\n                        \"UA42\",\n                        {\n                          \"pattern\": \"XQL62\",\n                          \"exclude\": \"LUI3721\"\n                        },\n                        \"BPL014\",\n                        \"AI7*\"\n                      ]\n                    },\n                    \"EAx95M\",\n                    \"QBA7228\"\n                  ]\n                }\n              ]\n            }\n          ],\n          \"satisfy\": {\n            \"mc\": \">=135\"\n          },\n          \"url\": \"http://92dnaz40pgry33rsbpx-j.vi5kib0e9rlprm1x.tbw5vzoem2ckua92n03xdpzzo--z7zafcojilf5rn.wulkz/$/K//yIh-/J'z%F1%9C%94%B2%F1%AE%A7%A9Gp\",\n          \"info\": \"Mt/.Xvc\",\n          \"isSelectable\": true\n        },\n        \"XVMiI#Kf)\": {\n          \"name\": \"_%I)vX9oDW\",\n          \"ay\": 1965,\n          \"assign\": \"K7P8eD)}#4\",\n          \"match\": [\n            {\n              \"or\": [\n                {\n                  \"and\": [\n                    {\n                      \"and\": [\n                        {\n                          \"pattern\": \"VNC073*G\",\n                          \"exclude\": [],\n                          \"info\": \"yx9qhl'k\"\n                        },\n                        \"KIV1\",\n                        \"TLI5804\",\n                        {\n                          \"pattern\": \"MKS7*1\",\n                          \"exclude\": [\n                            \"LV483*L\",\n                            \"IDG335I\",\n                            \"SED4859\",\n                            \"QX1785T\",\n                            \"BH*256\"\n                          ],\n                          \"info\": \"yG0$J?E1F\"\n                        }\n                      ]\n                    },\n                    {\n                      \"pattern\": \"TED126S\",\n                      \"exclude\": \"TM3909\"\n                    },\n                    {\n                      \"and\": [\n                        \"ZKS*15xN\"\n                      ]\n                    },\n                    {\n                      \"or\": [\n                        {\n                          \"or\": [\n                            \"MKO3096F\",\n                            \"AV5G\",\n                            \"TS0856\"\n                          ]\n                        },\n                        \"CTT91\",\n                        \"WJ**x4\",\n                        \"PD1*13F\"\n                      ]\n                    },\n                    \"XO27H\"\n                  ]\n                }\n              ]\n            },\n            {\n              \"or\": [\n                \"DFx6J\",\n                {\n                  \"or\": [\n                    \"EZK6P\"\n                  ]\n                },\n                \"TN169*H\",\n                {\n                  \"or\": [\n                    {\n                      \"or\": [\n                        {\n                          \"and\": [\n                            \"WB9\"\n                          ]\n                        },\n                        \"TC2179\",\n                        \"DHV*2F\",\n                        {\n                          \"or\": []\n                        }\n                      ]\n                    },\n                    \"AN5\",\n                    {\n                      \"or\": [\n                        {\n                          \"or\": [\n                            \"RY35X\",\n                            \"OTF*\",\n                            \"PNM48\",\n                            \"HYC*2H\",\n                            {\n                              \"and\": [\n                                \"ID2\",\n                                \"QR25\",\n                                {\n                                  \"pattern\": \"MQK48X\",\n                                  \"exclude\": [\n                                    \"GBV9\",\n                                    \"LEH1598X\",\n                                    \"KYA1x0R\",\n                                    \"CUO3W\"\n                                  ],\n                                  \"info\": \"rSvg7|?l.\"\n                                }\n                              ]\n                            }\n                          ]\n                        },\n                        {\n                          \"and\": [\n                            {\n                              \"or\": []\n                            },\n                            \"YF*57\"\n                          ]\n                        },\n                        \"FKE37\"\n                      ]\n                    },\n                    \"OU*\"\n                  ]\n                }\n              ]\n            }\n          ],\n          \"satisfy\": {\n            \"mc\": \">=191\"\n          },\n          \"url\": \"https://wr5.q7j3hjvy8-v.s9jndnxkg1fvi6cd2pdzo2fu1wcrrs4ihurrhnh44hx7vannj4u787.extnimnn\",\n          \"info\": \"T8vVtA'P\",\n          \"isSelectable\": true\n        },\n        \",*bsa \": {\n          \"name\": \";~/{\",\n          \"ay\": 2015,\n          \"match\": [\n            {\n              \"or\": [\n                {\n                  \"and\": []\n                },\n                {\n                  \"and\": [\n                    \"QO783\",\n                    {\n                      \"or\": [\n                        {\n                          \"or\": [\n                            \"DFK37x5P\",\n                            {\n                              \"and\": [\n                                \"JKG6x\",\n                                {\n                                  \"pattern\": \"WL4U\",\n                                  \"exclude\": \"ILG*\"\n                                }\n                              ]\n                            },\n                            \"SQ9N\"\n                          ]\n                        },\n                        \"WIO69\"\n                      ]\n                    },\n                    {\n                      \"and\": [\n                        \"MDW50I\",\n                        \"HJ*897S\"\n                      ]\n                    },\n                    \"CUK03x\"\n                  ]\n                },\n                \"LU19\"\n              ]\n            },\n            {\n              \"pattern\": \"RJH7x\",\n              \"exclude\": \"KSK8\",\n              \"info\": \";Ssey*&:\"\n            },\n            \"GN*3\"\n          ],\n          \"satisfy\": {\n            \"or\": [\n              {\n                \"and\": [\n                  \"r(2r_sLMi2\",\n                  {\n                    \"or\": [\n                      \"&q\",\n                      \"A'z\",\n                      {\n                        \"mc\": \"<=138\"\n                      },\n                      \" G\"\n                    ]\n                  },\n                  {\n                    \"and\": [\n                      {\n                        \"and\": [\n                          \"dSG\",\n                          {\n                            \"or\": [\n                              \" -vg|e:nG9\"\n                            ]\n                          },\n                          \"&*MTp V:q`\"\n                        ]\n                      },\n                      {\n                        \"or\": [\n                          \"GM4Is<9`\",\n                          \"`T}Vn\",\n                          {\n                            \"mc\": \"<=192\"\n                          },\n                          \"NXckMAbi(\",\n                          \"Q\"\n                        ]\n                      }\n                    ]\n                  },\n                  \"\",\n                  {\n                    \"and\": [\n                      {\n                        \"mc\": \"<=174\"\n                      }\n                    ]\n                  }\n                ]\n              },\n              {\n                \"mc\": \">=73\"\n              },\n              {\n                \"and\": []\n              },\n              {\n                \"or\": [\n                  {\n                    \"and\": [\n                      {\n                        \"mc\": \"<=35\"\n                      },\n                      \";sn\",\n                      {\n                        \"and\": [\n                          \"~V;K)6i+\",\n                          \"v\",\n                          \"vz\"\n                        ]\n                      }\n                    ]\n                  }\n                ]\n              }\n            ]\n          },\n          \"url\": \"https://uscham7o-k5rq6yldb1e678visuly20q-0fwwld3myb0kow90l.fh5itf0p-h.xg65umg6fh1fbd.r.sxkrkikxcm/yDTQj/bFwHj/6%F4%88%AB%82TJo/FQPx%E4%B7%A1q-5-E/dvrX(%F3%96%BD%AFO9\",\n          \"info\": \"tC}BX\",\n          \"isSelectable\": true\n        },\n        \"?\": {\n          \"name\": \"_~?AI]l[oV\",\n          \"ay\": 1954,\n          \"match\": {\n            \"and\": [\n              {\n                \"or\": [\n                  {\n                    \"pattern\": \"XLP409V\"\n                  },\n                  \"FON23\"\n                ]\n              },\n              {\n                \"pattern\": \"NTK94x2\",\n                \"exclude\": \"ZC4U\",\n                \"info\": \"7~w%Jr$+\"\n              },\n              {\n                \"or\": [\n                  \"JG361\"\n                ]\n              }\n            ]\n          },\n          \"satisfy\": [\n            {\n              \"or\": [\n                {\n                  \"and\": [\n                    \"\"\n                  ]\n                },\n                {\n                  \"and\": []\n                },\n                {\n                  \"and\": []\n                },\n                {\n                  \"and\": []\n                }\n              ]\n            },\n            \"|[^fN\",\n            \"J0V\",\n            {\n              \"mc\": \"<=88\"\n            }\n          ],\n          \"url\": \"https://51j2nt6dvriqk67eepm6vf4vb-7zhvu8ta9drb74z9s4g6l602maqgrkmiv6xez.u.p0kps-4cyb6azggsjkbsvoba0v2s0i9k-3g0sg4-8t0xk6qfk5d4md.ci/66h,sC/+M=%F2%9B%A8%83D%F1%93%84%ABenC/,-%F3%8E%AF%AD%F1%B5%87%BBO%F0%9B%87%86rh/D3z@hsaNY/ll*KS6!KD/nAE\",\n          \"info\": \"7C\",\n          \"isSelectable\": true\n        }\n      },\n      \"*s7`OP\": {\n        \"name\": \"P\",\n        \"ay\": 1974,\n        \"assign\": \"\",\n        \"match\": {\n          \"or\": [\n            {\n              \"pattern\": \"WRQ2559\",\n              \"exclude\": \"BYE73\",\n              \"info\": \"kEf/B\"\n            },\n            {\n              \"and\": [\n                {\n                  \"pattern\": \"YM4795\",\n                  \"exclude\": \"VK69\",\n                  \"info\": \"G\"\n                }\n              ]\n            },\n            {\n              \"and\": [\n                {\n                  \"and\": [\n                    \"YR49\",\n                    \"GS8x3P\"\n                  ]\n                },\n                {\n                  \"or\": [\n                    \"XT716\",\n                    \"FTW36L\",\n                    \"CW9\"\n                  ]\n                },\n                {\n                  \"or\": [\n                    \"JA85P\",\n                    \"IHB8J\",\n                    \"LGS57W\"\n                  ]\n                }\n              ]\n            }\n          ]\n        },\n        \"satisfy\": [\n          {\n            \"mc\": \"<=196\"\n          },\n          {\n            \"or\": [\n              {\n                \"or\": [\n                  \"vndoU\",\n                  \"=\",\n                  {\n                    \"mc\": \"<=10\"\n                  }\n                ]\n              },\n              {\n                \"mc\": \">=148\"\n              },\n              \"=v\",\n              {\n                \"or\": [\n                  \"F^v1]\",\n                  {\n                    \"mc\": \"<=12\"\n                  },\n                  \"~jykwKfU-K\"\n                ]\n              }\n            ]\n          },\n          \"X\",\n          {\n            \"and\": [\n              {\n                \"and\": []\n              },\n              {\n                \"mc\": \">=127\"\n              },\n              \"\\\"+Rys\"\n            ]\n          }\n        ],\n        \"url\": \"http://36oag9ta5hm5a06uunkeroob3jxknt87o.e.qupjv/rv%F4%87%BA%88vjyU_O+/qBp$/ECGOH+$\",\n        \"info\": \"+_\",\n        \"isSelectable\": true,\n        \"{G7NiE+\\\\\\\"H\": {\n          \"name\": \"I1W\",\n          \"ay\": 2015,\n          \"assign\": [\n            \"6\\\\uq+}oD\\\\\",\n            \"Y@wE%H:\",\n            \" \",\n            \"ag3k\\\"[\"\n          ],\n          \"match\": {\n            \"and\": [\n              \"XS15\",\n              \"EGx199W\"\n            ]\n          },\n          \"satisfy\": {\n            \"or\": [\n              {\n                \"and\": [\n                  {\n                    \"and\": [\n                      \"sSI<|+&\",\n                      \"Y}}*,k(\",\n                      \"L~PH/\",\n                      {\n                        \"or\": [\n                          \"SBo}pI\",\n                          {\n                            \"or\": [\n                              {\n                                \"or\": [\n                                  \"rR\",\n                                  \",e1%.\\\\d\",\n                                  \"HfL7L-\",\n                                  \"-('\",\n                                  \"Mgch?b\"\n                                ]\n                              },\n                              \"qSk\",\n                              \")pfo%'\",\n                              \"\\\"\",\n                              {\n                                \"or\": [\n                                  \":M.%7\\\\vT_T\",\n                                  \"9cm\",\n                                  \"|wK[\",\n                                  \"\",\n                                  \"e!rBHPx^nG\"\n                                ]\n                              }\n                            ]\n                          },\n                          {\n                            \"and\": [\n                              \"l\",\n                              \"Mi.U5{6Rq\",\n                              \"[S:_oD*H\",\n                              {\n                                \"and\": [\n                                  \"\",\n                                  \"\",\n                                  {\n                                    \"and\": []\n                                  },\n                                  \"3)\",\n                                  \"ig\"\n                                ]\n                              }\n                            ]\n                          }\n                        ]\n                      },\n                      \"k\"\n                    ]\n                  }\n                ]\n              }\n            ]\n          },\n          \"info\": \"Wgr;Dpx{s\",\n          \"isSelectable\": true\n        },\n        \",\": {\n          \"name\": \"j@-2OKu\",\n          \"ay\": 1998,\n          \"assign\": \"\",\n          \"match\": {\n            \"and\": [\n              \"ZY8069\",\n              \"EC*5**\",\n              {\n                \"or\": [\n                  {\n                    \"or\": [\n                      {\n                        \"pattern\": \"DDx565\",\n                        \"exclude\": [],\n                        \"info\": \"93oo8+$Q\"\n                      },\n                      \"XL474x\",\n                      {\n                        \"pattern\": \"HKH724\",\n                        \"exclude\": [],\n                        \"info\": \"0t&u_Z\"\n                      },\n                      \"TAV89xM\",\n                      \"IJV9\"\n                    ]\n                  },\n                  \"TA7*9G\",\n                  \"OW8X\"\n                ]\n              }\n            ]\n          },\n          \"satisfy\": \"z9;l\\\"z\",\n          \"url\": \"http://6jitx0fo87jp75bo52swoaixjc0n16roh-j4wvtzul5cm461x3lnzhuylw4n.9vfecsbgergws3cebbwa5ssf52et5xxmiy82-2ja6mnfam4z7s.gwsrn/b$nX/kN.15u2/i;!E)%F3%8C%85%91~l/U~%F2%A1%94%8B)/q,9/;4_&wZ%F3%A9%91%9C5wd\",\n          \"isSelectable\": true\n        }\n      },\n      \"I)n\": {\n        \"name\": \"Ejun]|&A\",\n        \"ay\": 1999,\n        \"assign\": [\n          \"2,CCs-&59\",\n          \"m\",\n          \"2:ow9*`)\",\n          \"*&gmG}OF\",\n          \"J;%Q7kit\"\n        ],\n        \"satisfy\": {\n          \"mc\": \"<=4\"\n        },\n        \"info\": \"(CyOi\"\n      },\n      \"\": {\n        \"ay\": 1968,\n        \"assign\": [\n          \"\",\n          \"&Y\",\n          \"BR\",\n          \"upy>M6\"\n        ],\n        \"match\": {\n          \"or\": [\n            \"GWE3767Y\"\n          ]\n        },\n        \"satisfy\": {\n          \"mc\": \">=179\"\n        },\n        \"url\": \"http://kceus2tb.d08wxo7f044p5j9vc2k1mp3k1i-v-yvfiumor9eoc14mtseptzx.doyj-n9k6ctuv5s7vf5w3vr2mknla.sub/%F3%B5%AE%BCcYT/%F2%81%97%84//s6rp$/@'aZDF/\",\n        \"info\": \"z_TIWLV~f=\",\n        \"isSelectable\": true\n      },\n      \"htbgIQ\": {\n        \"name\": \"6i#] '4Bx\",\n        \"ay\": 2009,\n        \"assign\": [\n          \"6Cx9 W\",\n          \"n=~G.Y9ZN\",\n          \"Ul\"\n        ],\n        \"match\": {\n          \"or\": [\n            \"DMQx18R\",\n            {\n              \"pattern\": \"YFZx8J\",\n              \"exclude\": \"LX420\",\n              \"info\": \"[6}Ap5\"\n            },\n            \"GE9058\",\n            \"YPx\",\n            \"XN2957T\"\n          ]\n        },\n        \"satisfy\": [\n          {\n            \"or\": [\n              {\n                \"and\": [\n                  \"gdJiY{t(h\",\n                  {\n                    \"or\": [\n                      \"j2[,9iX\",\n                      \"QIn:\",\n                      \"I6\",\n                      \"n\",\n                      {\n                        \"or\": []\n                      }\n                    ]\n                  },\n                  {\n                    \"or\": [\n                      \"DP}@(JMv\",\n                      {\n                        \"or\": [\n                          \"[SxB5r}\",\n                          {\n                            \"and\": []\n                          },\n                          \"3P`c)<[V0\"\n                        ]\n                      },\n                      \"-.X\",\n                      {\n                        \"and\": [\n                          \"Y#>\",\n                          \"jtl$Ve4]\",\n                          \"4vHOxy~]A\",\n                          \"\"\n                        ]\n                      }\n                    ]\n                  },\n                  {\n                    \"or\": [\n                      \"\",\n                      \"k%(\",\n                      {\n                        \"mc\": \">=37\"\n                      },\n                      {\n                        \"or\": [\n                          \"(\"\n                        ]\n                      },\n                      {\n                        \"or\": [\n                          \"O665\\\\aii5\",\n                          \"KGs*\",\n                          \"h\\\"2Mm _ef\",\n                          \"|69';I64^\",\n                          \"Np1\"\n                        ]\n                      }\n                    ]\n                  },\n                  {\n                    \"or\": [\n                      \"&ex?H5\",\n                      \"{nD,cB\"\n                    ]\n                  }\n                ]\n              },\n              {\n                \"or\": [\n                  {\n                    \"and\": [\n                      \"QA\",\n                      \"\",\n                      {\n                        \"mc\": \">=22\"\n                      },\n                      \"+FMjxy\",\n                      {\n                        \"and\": [\n                          \"b[\",\n                          {\n                            \"and\": []\n                          }\n                        ]\n                      }\n                    ]\n                  },\n                  {\n                    \"and\": [\n                      \"|v&#=Ig\"\n                    ]\n                  },\n                  {\n                    \"mc\": \">=167\"\n                  },\n                  {\n                    \"and\": [\n                      \"\\\"{E\",\n                      \"\",\n                      \"A'%B9A3>9\"\n                    ]\n                  },\n                  \"|>W?Vbl\"\n                ]\n              }\n            ]\n          },\n          {\n            \"mc\": \"<=78\"\n          },\n          {\n            \"and\": [\n              \"z,a\",\n              {\n                \"and\": [\n                  \"mDyu\\\"\",\n                  \"a\"\n                ]\n              },\n              {\n                \"or\": []\n              },\n              {\n                \"mc\": \"<=128\"\n              },\n              \"k2I\"\n            ]\n          },\n          \"Nx6V:K$G\",\n          \"(AR>'\"\n        ],\n        \"url\": \"http://5gwwyodesc2mn18ca85kfgg2qt5pi2lqzwk46pp1l2acrfzaldu4dtr8vbdj4.e.xt1cjr-8-9macxyx8kkudhpd6l4oye6c.c719hjkmh4949xcs.mm/%F4%8A%AF%A4PpX/%F2%85%A0%B5%F2%BF%AC%BCY5/GOp+q/=05J*N/(3%F0%A7%BA%94IY+IH/~km/x%F4%8F%BF%AF+K:\",\n        \"info\": \"-z_'SVxL_?\",\n        \"isSelectable\": true\n      }\n    }\n  },\n  {\n    \"title\": \"block sample 3\",\n    \"value\": {\n      \"name\": \"Ckva*^n[\",\n      \"assign\": [\n        \".og$\",\n        \"b4uoUs3&n\"\n      ],\n      \"match\": [\n        {\n          \"and\": [\n            \"XM65Y\",\n            {\n              \"and\": [\n                \"EOM5379V\",\n                \"BQ6\",\n                \"LZI2\",\n                \"QKN077B\"\n              ]\n            }\n          ]\n        },\n        {\n          \"or\": [\n            {\n              \"pattern\": \"GYR86x6\",\n              \"exclude\": [\n                \"EUG8I\",\n                \"ZGE3x7I\",\n                \"EP78H\"\n              ],\n              \"info\": \"m\"\n            },\n            {\n              \"or\": [\n                \"XSLx864O\",\n                \"EN833\"\n              ]\n            },\n            {\n              \"or\": [\n                \"JR021*Y\",\n                {\n                  \"or\": [\n                    \"NN1G\",\n                    {\n                      \"or\": [\n                        \"URM92J\",\n                        \"ZBR4D\"\n                      ]\n                    },\n                    {\n                      \"or\": [\n                        \"RJ*3\",\n                        \"HBO3H\",\n                        {\n                          \"pattern\": \"SY8R\",\n                          \"exclude\": [\n                            \"KAE6180J\"\n                          ],\n                          \"info\": \"6|CDD<fBjK\"\n                        },\n                        \"GAx20\"\n                      ]\n                    }\n                  ]\n                }\n              ]\n            }\n          ]\n        },\n        \"CCR0B\"\n      ],\n      \"url\": \"http://cyx9sbtw2779ygn73mzi-zd8763zjcxjxon7bznzy.q-fydh47i5052ifk2lidqph8l-bjbbir.tq9cauhhv537jrftjeimf0wssdkc56qzgwxae7nkdbwql5.wf0nidkb3c-8rjnony3393qxn3bvb34zh3qg4zof6u20h6.lyedewr/qwzYt5FML/bz%31\",\n      \"isSelectable\": true\n    }\n  },\n  {\n    \"title\": \"block sample 4\",\n    \"value\": {\n      \"name\": \"y+)\",\n      \"ay\": 2021,\n      \"assign\": \"n;q1\",\n      \"match\": [\n        \"GK*V\"\n      ],\n      \"satisfy\": {\n        \"and\": [\n          {\n            \"or\": [\n              \"Dbf|QF\",\n              {\n                \"and\": [\n                  \"y\",\n                  {\n                    \"or\": [\n                      {\n                        \"mc\": \"<=54\"\n                      },\n                      \"4aoJ\\\\%lSx\"\n                    ]\n                  }\n                ]\n              },\n              \"QqWS\\\\\",\n              {\n                \"and\": []\n              },\n              {\n                \"or\": []\n              }\n            ]\n          },\n          {\n            \"mc\": \"<=76\"\n          }\n        ]\n      },\n      \"url\": \"http://f7a9yb6pnbz8lqa53469bdw9eebe9a4p-7fee7ecd6bflnux7wd7q.015c.dl//WFE_/;/d*sj6z/CE2.-R8Y/zx%F3%AD%AA%93%F0%B2%AD%B6R%F4%88%9A%A9%F3%A3%A9%BA/)%F0%96%8C%9B$mpJN\",\n      \"info\": \"#}\",\n      \"isSelectable\": true,\n      \"A<<}pH'\": {\n        \"name\": \"@zpw#$kq\",\n        \"ay\": 1974,\n        \"assign\": \"OhuIX2\",\n        \"match\": {\n          \"and\": [\n            {\n              \"and\": [\n                {\n                  \"or\": [\n                    \"AS33*7\",\n                    {\n                      \"and\": [\n                        \"AF8*0\",\n                        \"QKO11X\"\n                      ]\n                    },\n                    {\n                      \"pattern\": \"YSL3x5T\",\n                      \"exclude\": [\n                        \"UDX7\",\n                        \"NI672A\",\n                        \"QF3U\",\n                        \"XY6554\"\n                      ],\n                      \"info\": \"-w\"\n                    },\n                    {\n                      \"or\": [\n                        \"KBL01Q\",\n                        {\n                          \"and\": [\n                            \"AR751P\",\n                            \"VZK105T\",\n                            \"FY8\",\n                            \"RSA26V\",\n                            \"FV2F\"\n                          ]\n                        }\n                      ]\n                    },\n                    \"HPI0W\"\n                  ]\n                },\n                {\n                  \"and\": [\n                    {\n                      \"and\": [\n                        \"ME2*xZ\",\n                        \"NA5\"\n                      ]\n                    },\n                    {\n                      \"and\": [\n                        \"OMN**28\",\n                        \"QO08F\",\n                        {\n                          \"pattern\": \"CBT1111P\",\n                          \"exclude\": \"QZD*90G\",\n                          \"info\": \"\"\n                        },\n                        {\n                          \"pattern\": \"CVY*\",\n                          \"exclude\": [],\n                          \"info\": \"V-\"\n                        }\n                      ]\n                    }\n                  ]\n                },\n                {\n                  \"and\": [\n                    \"XD0x\",\n                    {\n                      \"or\": [\n                        \"SG7K\",\n                        \"RFJ348\",\n                        \"IA10\"\n                      ]\n                    },\n                    \"QFV1546\",\n                    {\n                      \"pattern\": \"CW71*K\",\n                      \"exclude\": \"UC101F\"\n                    }\n                  ]\n                },\n                {\n                  \"pattern\": \"BT78\",\n                  \"exclude\": \"NEP3A\",\n                  \"info\": \"rJ'z\"\n                }\n              ]\n            },\n            {\n              \"pattern\": \"AFK716I\",\n              \"exclude\": [\n                \"FDG95Q\"\n              ],\n              \"info\": \"7%\"\n            }\n          ]\n        },\n        \"satisfy\": [],\n        \"isSelectable\": true\n      },\n      \"W!;=0\": {\n        \"ay\": 2000,\n        \"assign\": [\n          \"\",\n          \"/.ARa\",\n          \"xH8AC=[\"\n        ],\n        \"match\": [\n          {\n            \"pattern\": \"UP*16\",\n            \"exclude\": [\n              \"JH5179N\",\n              \"MKA501\",\n              \"XK764X\",\n              \"NG3\",\n              \"FVE71\"\n            ],\n            \"info\": \"\"\n          },\n          {\n            \"or\": [\n              {\n                \"and\": [\n                  \"DAC1\",\n                  \"NOG25\",\n                  {\n                    \"pattern\": \"OVU7x\",\n                    \"exclude\": \"QXM6\",\n                    \"info\": \"D,mnpA\"\n                  }\n                ]\n              },\n              {\n                \"or\": [\n                  \"ZKY8x3*G\",\n                  \"BC3413O\",\n                  {\n                    \"or\": []\n                  }\n                ]\n              },\n              \"OQ8927L\",\n              {\n                \"and\": [\n                  {\n                    \"and\": [\n                      \"GBO*1\",\n                      {\n                        \"pattern\": \"NMQ6xX\",\n                        \"exclude\": \"VD16\"\n                      },\n                      {\n                        \"pattern\": \"PYR907\",\n                        \"exclude\": [\n                          \"KA98A\",\n                          \"ZDR8\"\n                        ]\n                      },\n                      {\n                        \"or\": [\n                          \"KB1\",\n                          \"LUQ85\",\n                          \"WAG6x\",\n                          \"CAC6\",\n                          \"YF309xW\"\n                        ]\n                      }\n                    ]\n                  },\n                  {\n                    \"pattern\": \"BO7X\",\n                    \"exclude\": [\n                      \"MYP6\",\n                      \"DJ9*L\",\n                      \"BM4489\"\n                    ],\n                    \"info\": \"\\\"pI0e<D\"\n                  },\n                  {\n                    \"pattern\": \"FS700\",\n                    \"exclude\": \"QV6*5V\",\n                    \"info\": \"-xvglC0u7^\"\n                  },\n                  {\n                    \"pattern\": \"DPZ69\",\n                    \"exclude\": [\n                      \"DN*19\",\n                      \"CMV51\",\n                      \"BYY7L\",\n                      \"OL*7\",\n                      \"DP3751\"\n                    ],\n                    \"info\": \"8\"\n                  }\n                ]\n              },\n              {\n                \"or\": []\n              }\n            ]\n          },\n          {\n            \"pattern\": \"OU78J\",\n            \"exclude\": \"LO40\",\n            \"info\": \"=\"\n          },\n          \"UFD212\",\n          {\n            \"or\": [\n              \"EL7\",\n              \"JBP934F\"\n            ]\n          }\n        ],\n        \"satisfy\": [\n          \"c:xYl\",\n          {\n            \"mc\": \"<=193\"\n          },\n          {\n            \"and\": [\n              \"\\\\'0j,HV\",\n              \"\",\n              {\n                \"and\": [\n                  \"$G4uuG\",\n                  {\n                    \"or\": [\n                      \"q\",\n                      \"c\\\\z)\",\n                      {\n                        \"mc\": \">=164\"\n                      },\n                      {\n                        \"mc\": \"<=130\"\n                      },\n                      \")Ro[8@H\\\\{!\"\n                    ]\n                  },\n                  \"nOoVc\",\n                  \"Z\"\n                ]\n              }\n            ]\n          },\n          \"KKw\"\n        ],\n        \"info\": \")B:[8j|E\",\n        \"isSelectable\": true,\n        \"Z~\": {\n          \"name\": \"b\",\n          \"ay\": 1981,\n          \"assign\": \"\\\"O\",\n          \"match\": [\n            \"VEUx0\"\n          ],\n          \"url\": \"http://mthe8habq41g5aunb-mxqxnwerhrfbkq8s9.z.qzmbdx1q8sv7jqw4-i6wlw34qescfcpasb-s3uxm8aa1e2ava2xwpdw0esx6c.diswltaamrbnthm9d2ziurh6logmnxaqmpkt3zn6xeue.ov\",\n          \"info\": \"?+7yfe1j<Z\",\n          \"isSelectable\": true\n        }\n      },\n      \"sOE\": {\n        \"name\": \"B(HUu9\",\n        \"ay\": 2022,\n        \"assign\": [\n          \"$R2u%HgVn\",\n          \"gaQ67r)\"\n        ],\n        \"satisfy\": {\n          \"mc\": \"<=177\"\n        },\n        \"url\": \"https://gttpghzx4wkpnjawwiv.f9hlw72.1pnjusu4zq53wwe7vvfn7awpisx0qnh-c64r6pxq-smes3na.znzu6cz.dymcavettn\",\n        \"info\": \"&{U#`7\",\n        \"isSelectable\": true,\n        \"\": {\n          \"name\": \")qSBY\",\n          \"ay\": 1969,\n          \"assign\": [\n            \"?Cij[gaU5{\",\n            \"de]NsG_\",\n            \"o9i}DK\"\n          ],\n          \"match\": \"TMU46x\",\n          \"satisfy\": [\n            {\n              \"and\": [\n                \"2:\",\n                \"1?BF|^J\",\n                \"g@4cq\",\n                {\n                  \"and\": []\n                },\n                {\n                  \"mc\": \">=142\"\n                }\n              ]\n            },\n            {\n              \"and\": [\n                {\n                  \"or\": [\n                    {\n                      \"or\": [\n                        {\n                          \"and\": [\n                            \"\\\"EYm\",\n                            \"iV\\\",P{\",\n                            \"Zoet&G4~~i\"\n                          ]\n                        },\n                        \"*wg<E?4\",\n                        \"W\\\"B9\\\"\"\n                      ]\n                    },\n                    \"C\",\n                    {\n                      \"mc\": \"<=40\"\n                    },\n                    {\n                      \"and\": []\n                    }\n                  ]\n                },\n                {\n                  \"mc\": \"<=36\"\n                },\n                {\n                  \"mc\": \"<=141\"\n                },\n                {\n                  \"or\": [\n                    \"1w~c/q!m\",\n                    {\n                      \"and\": [\n                        {\n                          \"and\": [\n                            \"nDh\",\n                            \"2}H>Lw?\",\n                            \"U~_]_>\"\n                          ]\n                        },\n                        {\n                          \"mc\": \">=166\"\n                        }\n                      ]\n                    },\n                    {\n                      \"and\": [\n                        \"9N8\",\n                        {\n                          \"or\": [\n                            {\n                              \"and\": [\n                                \"Bj&C/[Xss\"\n                              ]\n                            },\n                            \"Jtt\\\\y5\"\n                          ]\n                        },\n                        {\n                          \"or\": [\n                            {\n                              \"and\": [\n                                \"mf{l\",\n                                \"GF`mV\"\n                              ]\n                            },\n                            \"+\"\n                          ]\n                        },\n                        \"#W$+\"\n                      ]\n                    },\n                    {\n                      \"or\": []\n                    }\n                  ]\n                },\n                \".d{fx\"\n              ]\n            },\n            {\n              \"mc\": \">=189\"\n            },\n            \"n'4N\"\n          ],\n          \"url\": \"https://gp-vpdw89xnpdsfe31bhlfo9sb237jo9yvpwbmza9y7s.oythddn/%EA%8A%9E.\",\n          \"info\": \"C%\",\n          \"isSelectable\": true\n        },\n        \"<n\": {\n          \"name\": \"zVrRk\",\n          \"ay\": 2011,\n          \"match\": [\n            {\n              \"pattern\": \"UOZ4*1P\",\n              \"exclude\": [\n                \"HWVx91\",\n                \"XJ7106K\",\n                \"NR*5\",\n                \"TJC9\"\n              ],\n              \"info\": \"\"\n            },\n            \"RIZ5J\",\n            {\n              \"pattern\": \"KBS40\",\n              \"exclude\": [\n                \"XTN6794V\",\n                \"VB3064\"\n              ],\n              \"info\": \"NM^rmLh\"\n            },\n            {\n              \"pattern\": \"VDT8E\",\n              \"exclude\": \"RPA9L\",\n              \"info\": \"\"\n            },\n            {\n              \"pattern\": \"ML1x\",\n              \"exclude\": [\n                \"ZFG3B\",\n                \"UL3\",\n                \"JQN29S\",\n                \"APJ3077\",\n                \"RBF538Y\"\n              ],\n              \"info\": \"Y<EW\\\"{I[\"\n            }\n          ],\n          \"satisfy\": {\n            \"or\": []\n          },\n          \"url\": \"https://8rpvdxkyue70clq838tobst292ns1n4ud01.i.vzxrfyh/-5YtdE=82Y/-~'ujO%F3%92%B6%B2P/T%F2%85%A4%8C4%F2%88%9D%A8Vvw/8N/8;$c/%F0%9F%A2%9FizG$%F1%85%87%B7e/1%F3%89%B2%9D-0duz/%F1%BE%B6%BCHpSe/P:iBue9fPB\",\n          \"info\": \"I\",\n          \"isSelectable\": true\n        },\n        \"$Q\": {\n          \"name\": \"\",\n          \"ay\": 2006,\n          \"assign\": \" 2b|k\",\n          \"satisfy\": {\n            \"and\": []\n          },\n          \"isSelectable\": true,\n          \"d$\\\"z\": {\n            \"name\": \"8\",\n            \"ay\": 1993,\n            \"assign\": \"\",\n            \"match\": {\n              \"pattern\": \"RV6M\",\n              \"exclude\": [\n                \"DN8\",\n                \"HQ8x\",\n                \"MRW*804E\"\n              ],\n              \"info\": \"pjz;\"\n            },\n            \"satisfy\": {\n              \"and\": [\n                {\n                  \"mc\": \">=159\"\n                }\n              ]\n            },\n            \"url\": \"https://14k52x12ujbkjxb2evzd8o1znnq9k7734u5ut-kmi.0c34b6pk8dgkb0851g8p798fq5s6fohtcb9dc.4.ga6uzxz.rydl/Z6%F2%98%99%B2*WQJ*/%F3%AA%9C%86FEp/UAubF/mTlV1dZ%F0%BD%83%A2/smG5b/wQb&5%F2%B0%99%B9a;E/hNpu/F2AX/%F1%97%98%ADTQq4/$\",\n            \"info\": \"m'b03\",\n            \"isSelectable\": true,\n            \"\": {\n              \"name\": \".(#b\",\n              \"ay\": 2002,\n              \"assign\": [\n                \"{8-\",\n                \"^CZe:\",\n                \"(;rDa\",\n                \"F\",\n                \"UaAg\"\n              ],\n              \"match\": [\n                {\n                  \"pattern\": \"EH86xR\",\n                  \"exclude\": [\n                    \"TKE820X\",\n                    \"SES9xT\"\n                  ],\n                  \"info\": \"\\\"fDabF\"\n                },\n                {\n                  \"pattern\": \"KCN539V\",\n                  \"exclude\": [\n                    \"CQ4W\"\n                  ],\n                  \"info\": \"Amy5cXe\"\n                },\n                {\n                  \"pattern\": \"IO82W\",\n                  \"exclude\": \"YDP3H\"\n                }\n              ],\n              \"satisfy\": {\n                \"mc\": \"<=28\"\n              },\n              \"url\": \"https://ak52ri517el0vevqogvlnrvfy6.stcbhckl/-%F3%AB%87%B6Jo;:%F2%96%B0%A0&/=.z$iL.Gz/ay.Ltf:Ri\",\n              \"info\": \"4~m:6~F$\",\n              \"isSelectable\": true\n            }\n          }\n        },\n        \":YJ0TYg>\": {\n          \"name\": \"gQ,h+\\\"Z\",\n          \"ay\": 2008,\n          \"assign\": \"Tefzv@X\",\n          \"match\": \"UFJ63xC\",\n          \"satisfy\": [\n            {\n              \"mc\": \"<=175\"\n            },\n            {\n              \"mc\": \"<=75\"\n            },\n            {\n              \"mc\": \"<=99\"\n            },\n            {\n              \"or\": []\n            },\n            {\n              \"or\": [\n                \"(-\",\n                {\n                  \"and\": []\n                },\n                \"\\\"Cw9@8$9:R\",\n                {\n                  \"or\": [\n                    {\n                      \"and\": [\n                        \"[DSI~vww}0\"\n                      ]\n                    }\n                  ]\n                }\n              ]\n            }\n          ],\n          \"info\": \"_x&@y}P{#\",\n          \"isSelectable\": true\n        },\n        \"f0.YF|Z\": {\n          \"name\": \"/yDacvLEFU\",\n          \"assign\": [\n            \"m4``1T\",\n            \"\",\n            \")%kRQKj\"\n          ],\n          \"match\": [\n            {\n              \"and\": [\n                \"APx7G\",\n                \"DDx57K\",\n                {\n                  \"and\": [\n                    {\n                      \"and\": [\n                        \"XAG5G\",\n                        \"VTW0\",\n                        \"CZ*D\"\n                      ]\n                    },\n                    \"RHJ8F\"\n                  ]\n                }\n              ]\n            }\n          ],\n          \"url\": \"http://f.ncqyubma2w1xf7zpy1q9neumhz9hs1ykztiwm7kdmmh-q.8wmm331sfjwcyrt912qooyq6fyj3ngg0409xhhn6znrzq5kej.4.yvqjnglxc\",\n          \"isSelectable\": true\n        }\n      }\n    }\n  },\n  {\n    \"title\": \"block sample 5\",\n    \"value\": {\n      \"name\": \"|\",\n      \"ay\": 2029,\n      \"assign\": \"xoBa\",\n      \"satisfy\": \"&&yx\\\"x>\",\n      \"url\": \"http://du8l7w6.n4c52sxkktggs.clkt69fhowo-b0914pq4gg0.gpy39ud2st.yic5sljgb96btle955patuz2z3s.xcoflbd\",\n      \"info\": \"\",\n      \"isSelectable\": true\n    }\n  },\n  {\n    \"title\": \"block sample 6\",\n    \"value\": {\n      \"name\": \"\",\n      \"ay\": 1952,\n      \"assign\": \"r{x$\",\n      \"match\": [\n        {\n          \"and\": []\n        },\n        {\n          \"pattern\": \"AXQ5\",\n          \"exclude\": [\n            \"UAK5483\"\n          ],\n          \"info\": \"Yh\"\n        },\n        {\n          \"and\": [\n            {\n              \"pattern\": \"VP1N\",\n              \"exclude\": [],\n              \"info\": \"-~t3\"\n            },\n            {\n              \"or\": [\n                \"DH68P\",\n                {\n                  \"pattern\": \"NTN7968W\",\n                  \"exclude\": [],\n                  \"info\": \"^f/u+Dl' \"\n                },\n                \"MVT475K\"\n              ]\n            },\n            {\n              \"or\": [\n                {\n                  \"pattern\": \"JYK890Y\",\n                  \"exclude\": [\n                    \"HTN67\",\n                    \"AFO6\",\n                    \"IYA*3x7T\",\n                    \"FW67J\"\n                  ],\n                  \"info\": \".\"\n                },\n                \"YL0829\",\n                {\n                  \"pattern\": \"SHK492\",\n                  \"exclude\": [\n                    \"SB3735\",\n                    \"FGI*N\",\n                    \"PPH6M\",\n                    \"DJZ29J\"\n                  ],\n                  \"info\": \"hiT\"\n                },\n                {\n                  \"pattern\": \"NG2xQ\",\n                  \"exclude\": \"UG8211\",\n                  \"info\": \"o)~\"\n                }\n              ]\n            },\n            {\n              \"pattern\": \"ALZ4516\",\n              \"exclude\": \"JH4W\",\n              \"info\": \"^8g8L\"\n            }\n          ]\n        },\n        \"EI*x7M\"\n      ],\n      \"satisfy\": {\n        \"or\": [\n          \"D##{0n]r\"\n        ]\n      },\n      \"url\": \"https://9rpvw40f6s3-l6bfi48rnyff-0t5ud1hhhyo1pn3vtwz.zsee79.ek.ghapz/kg0/pTi%F1%B0%8B%A9+AY5&7/i&XubQ6F6/v'Yaf%E7%B1%9Dl/E4~dExe%F3%83%84%A3/3t@$*pr/v6%F1%B2%8D%89/+gGEB;kpz)//zzoM\",\n      \"info\": \"IlH@\",\n      \"isSelectable\": true\n    }\n  },\n  {\n    \"title\": \"block sample 7\",\n    \"value\": {\n      \"name\": \"k/]*\",\n      \"ay\": 1950,\n      \"assign\": [\n        \"|y\",\n        \"9pX!*T}u?+\",\n        \"}ErjN^\"\n      ],\n      \"match\": {\n        \"or\": [\n          {\n            \"pattern\": \"MHG4x*4\",\n            \"exclude\": \"QP45\",\n            \"info\": \"7_Mo\"\n          },\n          {\n            \"or\": [\n              {\n                \"and\": [\n                  {\n                    \"pattern\": \"UB64\",\n                    \"exclude\": [\n                      \"MO90\",\n                      \"CKM04*6\",\n                      \"VWM50\",\n                      \"PXK*H\",\n                      \"UEI*E\"\n                    ],\n                    \"info\": \"\"\n                  },\n                  {\n                    \"or\": [\n                      \"NQ260\",\n                      \"GHS7\"\n                    ]\n                  }\n                ]\n              },\n              {\n                \"or\": [\n                  {\n                    \"pattern\": \"OK5\",\n                    \"exclude\": [\n                      \"PD4\",\n                      \"ULJ1160P\"\n                    ],\n                    \"info\": \"\"\n                  },\n                  \"FVZ1I\",\n                  \"EOJ*411J\",\n                  \"CWxB\",\n                  {\n                    \"pattern\": \"WOR188P\",\n                    \"exclude\": [\n                      \"KC6C\"\n                    ],\n                    \"info\": \"Q06R\"\n                  }\n                ]\n              },\n              {\n                \"and\": []\n              }\n            ]\n          },\n          {\n            \"pattern\": \"EO606xV\",\n            \"exclude\": \"UC8\"\n          },\n          {\n            \"and\": [\n              {\n                \"or\": [\n                  \"XP82x2B\",\n                  \"VVS1336\",\n                  \"IBM5S\"\n                ]\n              }\n            ]\n          },\n          {\n            \"pattern\": \"YY6\",\n            \"exclude\": [\n              \"YQ5R\",\n              \"XA023\"\n            ],\n            \"info\": \"Wy6\"\n          }\n        ]\n      },\n      \"satisfy\": [\n        \"V!J.TiW\\\\{)\",\n        \"AX8\"\n      ],\n      \"info\": \"&}=]O\",\n      \"isSelectable\": true\n    }\n  },\n  {\n    \"title\": \"block sample 8\",\n    \"value\": {\n      \"name\": \"\\\"#ty{f#\\\\7Y\",\n      \"ay\": 1951,\n      \"assign\": [\n        \" #|\"\n      ],\n      \"match\": \"OA26x6\",\n      \"url\": \"https://uu-wf.eecd.v.f.arcc/:Jyf'w~/gj%F1%BE%8E%97b1UML/Jylnp@(O0/*9~%F1%8B%B9%AA;%F2%8D%81%9CI/W=(y%F2%A9%B9%9Eog:/%F1%86%8D%A4m%F1%AC%A4%B6m:qxVIf/w%F3%8D%B8%B8u%F2%9B%B1%B8PqF/%F2%A7%BB%9Fc+T.9E_9:/%F4%8F%81%A0)4pmyU3@k\",\n      \"info\": \"$D\",\n      \"isSelectable\": true\n    }\n  },\n  {\n    \"title\": \"block sample 9\",\n    \"value\": {\n      \"name\": \"%({ftS%d[x\",\n      \"ay\": 1953,\n      \"match\": [\n        {\n          \"pattern\": \"FM3T\",\n          \"exclude\": [\n            \"CZCxxP\",\n            \"OE7165Q\",\n            \"BM99\",\n            \"GSA9x*\",\n            \"KSL39x0\"\n          ],\n          \"info\": \"\"\n        },\n        {\n          \"or\": [\n            {\n              \"or\": [\n                \"IAD4K\"\n              ]\n            },\n            \"VGI1\",\n            \"YUC83\",\n            \"MZ82\"\n          ]\n        },\n        {\n          \"or\": []\n        },\n        \"SVG8I\",\n        {\n          \"or\": []\n        }\n      ],\n      \"satisfy\": [\n        {\n          \"mc\": \"<=101\"\n        },\n        {\n          \"and\": [\n            {\n              \"or\": []\n            },\n            \"\\\"M}vA*)\",\n            {\n              \"or\": [\n                {\n                  \"or\": [\n                    \"_J\\\"3[6\"\n                  ]\n                },\n                \">f\",\n                \"ULx5kH\"\n              ]\n            },\n            {\n              \"mc\": \"<=168\"\n            },\n            \"Mu\"\n          ]\n        },\n        {\n          \"mc\": \">=70\"\n        },\n        \")>&=3'*u\",\n        {\n          \"and\": [\n            {\n              \"and\": [\n                {\n                  \"or\": [\n                    {\n                      \"or\": [\n                        \"z\",\n                        {\n                          \"mc\": \">=119\"\n                        },\n                        \"Q}>Mm~F00\"\n                      ]\n                    },\n                    \"s5!Q8\",\n                    {\n                      \"and\": [\n                        \"p+v&\\\"x\",\n                        \"Mb/>E4e\",\n                        \"Zm:!h[AX4K\",\n                        \"WV(f4\",\n                        \")\\\\UE(BUQ\"\n                      ]\n                    },\n                    \"g@!\"\n                  ]\n                }\n              ]\n            },\n            {\n              \"or\": [\n                {\n                  \"mc\": \"<=153\"\n                },\n                \"]UP*It!\"\n              ]\n            }\n          ]\n        }\n      ],\n      \"url\": \"https://9ram9euzto-bzukd6q227xg22d.fogz2sfuju4ypmsxhc0l3b6vj5uggxdi3j5k56r7iulzt7mclj1k.klgk2i07l02tlfj7ty234-g6b8p217h6fxcwsgq.e790cm7kco3dzbwxgeiwr918co72rbpg6gticvpvd5-36wa.xxgcqskge/!x/s/d/v3/@BK=%F1%91%89%B6u%F3%B3%9D%A9i(j/ULki~/%F2%BF%81%9Am/rnQ%E2%BD%A2~\",\n      \"info\": \"C{\",\n      \"isSelectable\": true\n    }\n  }\n]",
              "code": "fast_check_1.sample(index_test_2.block, 10).forEach((sample, i) => addContext_1.default(this, {\n    title: `block sample ${i}`,\n    value: sample,\n}));\nreturn fast_check_1.assert(fast_check_1.property(index_test_2.block, ajvValidate));",
              "err": {},
              "uuid": "a1647702-8ed3-4056-ac85-35236cd01e63",
              "parentUUID": "24a54bbd-2433-4de6-85fa-7145e108e17a",
              "isHook": false,
              "skipped": false
            },
            {
              "title": "should not validate non-object",
              "fullTitle": "blockSchema should not validate non-object",
              "timedOut": false,
              "duration": 1,
              "state": "passed",
              "speed": "fast",
              "pass": true,
              "fail": false,
              "pending": false,
              "context": null,
              "code": "const error = {\n    instancePath: \"\",\n    message: \"block should be an object\",\n};\nisInvalidBlock(null, error);\nisInvalidBlock(undefined, error);\nisInvalidBlock(10, error);\nisInvalidBlock([12, 24], error);\nisInvalidBlock(\"abc\", error);",
              "err": {},
              "uuid": "abf9d59e-166a-4c94-8fbc-01e2507b3fa9",
              "parentUUID": "24a54bbd-2433-4de6-85fa-7145e108e17a",
              "isHook": false,
              "skipped": false
            },
            {
              "title": "should not validate block with invalid properties",
              "fullTitle": "blockSchema should not validate block with invalid properties",
              "timedOut": false,
              "duration": 0,
              "state": "passed",
              "speed": "fast",
              "pass": true,
              "fail": false,
              "pending": false,
              "context": null,
              "code": "isInvalidBlock({\n        name: { foo: \"bar\" },\n        ay: -1000,\n        assign: {},\n        match: 1,\n        satisfy: 2,\n        url: { abc: \"def\" },\n        info: 42,\n        isSelectable: 32,\n    }, { instancePath: \"/name\", message: \"property 'name' should be a string\" }, {\n        instancePath: \"/ay\",\n        message: \"property 'ay' should be a positive integer\",\n    }, {\n        instancePath: \"/assign\",\n        message: \"property 'assign' should be either a block ID or an array of block IDs\",\n    }, {\n        instancePath: \"/match\",\n        message: \"property 'match' should be either a match rule or an array of match rules\",\n    }, {\n        instancePath: \"/satisfy\",\n        message: \"property 'satisfy' should be either a satisfy rule or an array of satisfy rules\",\n    }, { instancePath: \"/url\", message: \"property 'url' should be a string\" }, { instancePath: \"/info\", message: \"property 'info' should be a string\" }, {\n        instancePath: \"/isSelectable\",\n        message: \"property 'isSelectable' should be a boolean\",\n    })",
              "err": {},
              "uuid": "c472341d-0991-47c0-85e2-b4a841158bae",
              "parentUUID": "24a54bbd-2433-4de6-85fa-7145e108e17a",
              "isHook": false,
              "skipped": false
            }
          ],
          "suites": [],
          "passes": [
            "a1647702-8ed3-4056-ac85-35236cd01e63",
            "abf9d59e-166a-4c94-8fbc-01e2507b3fa9",
            "c472341d-0991-47c0-85e2-b4a841158bae"
          ],
          "failures": [],
          "pending": [],
          "skipped": [],
          "duration": 161,
          "root": false,
          "rootEmpty": false,
          "_timeout": 2000
        },
        {
          "uuid": "50179f65-14e9-43bd-90a5-1b870db15f52",
          "title": "patternToRE",
          "fullFile": "/home/runner/work/planwithus-lib/planwithus-lib/src/matchRule/pattern/satisfiers.test.ts",
          "file": "/src/matchRule/pattern/satisfiers.test.ts",
          "beforeHooks": [],
          "afterHooks": [],
          "tests": [
            {
              "title": "should match valid modules with a single pattern",
              "fullTitle": "patternToRE should match valid modules with a single pattern",
              "timedOut": false,
              "duration": 13,
              "state": "passed",
              "speed": "fast",
              "pass": true,
              "fail": false,
              "pending": false,
              "context": "[\n  {\n    \"title\": \"patternExampleList sample 0\",\n    \"value\": [\n      \"VT62\",\n      [\n        \"VT62\"\n      ]\n    ]\n  },\n  {\n    \"title\": \"patternExampleList sample 1\",\n    \"value\": [\n      \"CJC*088P\",\n      [\n        \"CJCRHG088P\",\n        \"CJC6JQ088P\",\n        \"CJCKGLCKT088P\",\n        \"CJCX55088P\",\n        \"CJC1Y088P\",\n        \"CJC088P\",\n        \"CJCT088P\",\n        \"CJC6M088P\",\n        \"CJCDD088P\",\n        \"CJCPLYJ0VK2088P\"\n      ]\n    ]\n  },\n  {\n    \"title\": \"patternExampleList sample 2\",\n    \"value\": [\n      \"UN4X\",\n      [\n        \"UN4X\"\n      ]\n    ]\n  },\n  {\n    \"title\": \"patternExampleList sample 3\",\n    \"value\": [\n      \"JX6x\",\n      [\n        \"JX61\",\n        \"JX64\",\n        \"JX67\"\n      ]\n    ]\n  },\n  {\n    \"title\": \"patternExampleList sample 4\",\n    \"value\": [\n      \"JQB3J\",\n      [\n        \"JQB3J\"\n      ]\n    ]\n  },\n  {\n    \"title\": \"patternExampleList sample 5\",\n    \"value\": [\n      \"CSN26S\",\n      [\n        \"CSN26S\"\n      ]\n    ]\n  },\n  {\n    \"title\": \"patternExampleList sample 6\",\n    \"value\": [\n      \"BN8x2x\",\n      [\n        \"BN8924\",\n        \"BN8625\",\n        \"BN8028\"\n      ]\n    ]\n  },\n  {\n    \"title\": \"patternExampleList sample 7\",\n    \"value\": [\n      \"GZ3x\",\n      [\n        \"GZ31\",\n        \"GZ33\",\n        \"GZ32\",\n        \"GZ36\"\n      ]\n    ]\n  },\n  {\n    \"title\": \"patternExampleList sample 8\",\n    \"value\": [\n      \"WN5J\",\n      [\n        \"WN5J\"\n      ]\n    ]\n  },\n  {\n    \"title\": \"patternExampleList sample 9\",\n    \"value\": [\n      \"IR8X\",\n      [\n        \"IR8X\"\n      ]\n    ]\n  }\n]",
              "code": "fast_check_1.sample(index_test_1.patternExampleList, 10).forEach((sample, i) => addContext_1.default(this, {\n    title: `patternExampleList sample ${i}`,\n    value: sample,\n}));\nreturn fast_check_1.assert(fast_check_1.property(index_test_1.patternExampleList, ([patternStr, examples]) => {\n    const re = _1.patternToRE(patternStr);\n    return examples.every(re.test.bind(re));\n}));",
              "err": {},
              "uuid": "f1bc9fa8-3888-4f91-8dcf-ea5d50d7bf9d",
              "parentUUID": "50179f65-14e9-43bd-90a5-1b870db15f52",
              "isHook": false,
              "skipped": false
            },
            {
              "title": "should match valid modules with multiple patterns",
              "fullTitle": "patternToRE should match valid modules with multiple patterns",
              "timedOut": false,
              "duration": 60,
              "state": "passed",
              "speed": "medium",
              "pass": true,
              "fail": false,
              "pending": false,
              "context": "[\n  {\n    \"title\": \"patternExampleListArray sample 0\",\n    \"value\": [\n      [\n        \"QV1\",\n        [\n          \"QV1\"\n        ]\n      ],\n      [\n        \"ZWM0\",\n        [\n          \"ZWM0\"\n        ]\n      ],\n      [\n        \"MTR*29C\",\n        [\n          \"MTRQH11VOLW29C\",\n          \"MTRN329C\",\n          \"MTRDP9GFU29C\",\n          \"MTRQO129C\",\n          \"MTRFD29C\",\n          \"MTR9MXC29C\",\n          \"MTRE0A29C\"\n        ]\n      ]\n    ]\n  },\n  {\n    \"title\": \"patternExampleListArray sample 1\",\n    \"value\": [\n      [\n        \"CP0L\",\n        [\n          \"CP0L\"\n        ]\n      ],\n      [\n        \"JD2*Q\",\n        [\n          \"JD2A7OH4E51Q\",\n          \"JD2Q42NWSWOQ\"\n        ]\n      ],\n      [\n        \"BO2\",\n        [\n          \"BO2\"\n        ]\n      ],\n      [\n        \"CGI428Q\",\n        [\n          \"CGI428Q\"\n        ]\n      ],\n      [\n        \"WPF*7X\",\n        [\n          \"WPF27X\",\n          \"WPFG7X\",\n          \"WPFVWH477X\",\n          \"WPF3F40BL7X\",\n          \"WPFJ9G62B7X\",\n          \"WPF2BBXW7X\",\n          \"WPFPZQ24MZI7X\",\n          \"WPFSRBFJ7X\",\n          \"WPF7X\"\n        ]\n      ],\n      [\n        \"WWQ4xx\",\n        [\n          \"WWQ447\",\n          \"WWQ421\",\n          \"WWQ439\",\n          \"WWQ470\",\n          \"WWQ463\",\n          \"WWQ468\",\n          \"WWQ459\",\n          \"WWQ426\",\n          \"WWQ418\",\n          \"WWQ494\",\n          \"WWQ405\",\n          \"WWQ492\"\n        ]\n      ],\n      [\n        \"PO686J\",\n        [\n          \"PO686J\"\n        ]\n      ],\n      [\n        \"TPG*40x\",\n        [\n          \"TPGOCW3GD3409\",\n          \"TPG9OKPU913400\",\n          \"TPGVVGBUOC402\",\n          \"TPGE1R2O401\",\n          \"TPGXR400\"\n        ]\n      ]\n    ]\n  },\n  {\n    \"title\": \"patternExampleListArray sample 2\",\n    \"value\": [\n      [\n        \"JU1F\",\n        [\n          \"JU1F\"\n        ]\n      ]\n    ]\n  },\n  {\n    \"title\": \"patternExampleListArray sample 3\",\n    \"value\": [\n      [\n        \"VAQ628x\",\n        [\n          \"VAQ6284\",\n          \"VAQ6282\",\n          \"VAQ6288\",\n          \"VAQ6289\",\n          \"VAQ6286\",\n          \"VAQ6287\",\n          \"VAQ6285\",\n          \"VAQ6280\",\n          \"VAQ6283\",\n          \"VAQ6281\"\n        ]\n      ],\n      [\n        \"KM50*\",\n        [\n          \"KM50KIQ2X\",\n          \"KM50B84BDRBF\",\n          \"KM504Z5OK79A\",\n          \"KM507YWHOAHL\",\n          \"KM507PJWJIS\",\n          \"KM50UUF47\",\n          \"KM50GW\",\n          \"KM50\",\n          \"KM5084PZA\"\n        ]\n      ],\n      [\n        \"FV0T\",\n        [\n          \"FV0T\"\n        ]\n      ],\n      [\n        \"HZU3\",\n        [\n          \"HZU3\"\n        ]\n      ]\n    ]\n  },\n  {\n    \"title\": \"patternExampleListArray sample 4\",\n    \"value\": [\n      [\n        \"RKX0*1*\",\n        [\n          \"RKX0U7IKM218BWP2GD\",\n          \"RKX01U14Y1\",\n          \"RKX027YFK1KOLMF\",\n          \"RKX0179IVYD\",\n          \"RKX0UXC1KEKB\",\n          \"RKX0G3Q1OT\",\n          \"RKX0JU41SJ7\",\n          \"RKX0H7MFFNV51W3QIJ4L8\",\n          \"RKX0D25X018RSBI\",\n          \"RKX01\",\n          \"RKX0CD813\"\n        ]\n      ],\n      [\n        \"ZAR784\",\n        [\n          \"ZAR784\"\n        ]\n      ]\n    ]\n  },\n  {\n    \"title\": \"patternExampleListArray sample 5\",\n    \"value\": [\n      [\n        \"TV25P\",\n        [\n          \"TV25P\"\n        ]\n      ],\n      [\n        \"HJ785\",\n        [\n          \"HJ785\"\n        ]\n      ],\n      [\n        \"TNB52*\",\n        [\n          \"TNB52W2FA\",\n          \"TNB521GWXQVV6\",\n          \"TNB52LRH9S\",\n          \"TNB52C4NSTCTA\",\n          \"TNB521R3U\",\n          \"TNB52ARBDHO\",\n          \"TNB52KM7G5\",\n          \"TNB52MDVC\",\n          \"TNB52\",\n          \"TNB5233KU\",\n          \"TNB52IF\"\n        ]\n      ],\n      [\n        \"TBF93xV\",\n        [\n          \"TBF935V\",\n          \"TBF937V\",\n          \"TBF936V\",\n          \"TBF933V\",\n          \"TBF932V\",\n          \"TBF938V\",\n          \"TBF930V\",\n          \"TBF934V\"\n        ]\n      ],\n      [\n        \"VXx049Z\",\n        [\n          \"VX1049Z\",\n          \"VX4049Z\",\n          \"VX0049Z\",\n          \"VX8049Z\",\n          \"VX7049Z\"\n        ]\n      ]\n    ]\n  },\n  {\n    \"title\": \"patternExampleListArray sample 6\",\n    \"value\": [\n      [\n        \"BQ5006\",\n        [\n          \"BQ5006\"\n        ]\n      ],\n      [\n        \"MO93V\",\n        [\n          \"MO93V\"\n        ]\n      ]\n    ]\n  },\n  {\n    \"title\": \"patternExampleListArray sample 7\",\n    \"value\": [\n      [\n        \"RLU538E\",\n        [\n          \"RLU538E\"\n        ]\n      ],\n      [\n        \"CY73F\",\n        [\n          \"CY73F\"\n        ]\n      ],\n      [\n        \"VK2207\",\n        [\n          \"VK2207\"\n        ]\n      ],\n      [\n        \"OW90xP\",\n        [\n          \"OW906P\",\n          \"OW909P\",\n          \"OW908P\",\n          \"OW905P\",\n          \"OW904P\",\n          \"OW900P\"\n        ]\n      ],\n      [\n        \"SXN89G\",\n        [\n          \"SXN89G\"\n        ]\n      ],\n      [\n        \"RMJ9*E\",\n        [\n          \"RMJ94OMG36E\",\n          \"RMJ9LKY6E\",\n          \"RMJ9T3EKE\",\n          \"RMJ98HW6VE\",\n          \"RMJ9ATE\",\n          \"RMJ9YEYME\",\n          \"RMJ9PUYS0NJE\",\n          \"RMJ9RI55YQE\",\n          \"RMJ997MZAE\",\n          \"RMJ92FKE\",\n          \"RMJ9D57E\",\n          \"RMJ9K22WTJ5SE\"\n        ]\n      ],\n      [\n        \"YRX5x\",\n        [\n          \"YRX50\"\n        ]\n      ],\n      [\n        \"ZKE*X\",\n        [\n          \"ZKEOJX\",\n          \"ZKECINLM6X\",\n          \"ZKEUQH88NTFX\",\n          \"ZKEQ0CZA47AX\",\n          \"ZKEP10CTVNUX\",\n          \"ZKEIWX\",\n          \"ZKE14LDZX\",\n          \"ZKEUOX\",\n          \"ZKENPWDE3KX\",\n          \"ZKE2FQX\",\n          \"ZKEWX\"\n        ]\n      ],\n      [\n        \"BBUx88T\",\n        [\n          \"BBU588T\",\n          \"BBU888T\",\n          \"BBU988T\"\n        ]\n      ],\n      [\n        \"FG5692\",\n        [\n          \"FG5692\"\n        ]\n      ],\n      [\n        \"MH28\",\n        [\n          \"MH28\"\n        ]\n      ],\n      [\n        \"JV1526U\",\n        [\n          \"JV1526U\"\n        ]\n      ]\n    ]\n  },\n  {\n    \"title\": \"patternExampleListArray sample 8\",\n    \"value\": [\n      [\n        \"LTM*85\",\n        [\n          \"LTM2V2J1YUM85\",\n          \"LTM4I85\",\n          \"LTMUP85\",\n          \"LTMS85\",\n          \"LTMNBQX285\",\n          \"LTMYMTE85\",\n          \"LTM2A85\",\n          \"LTMM85\",\n          \"LTMG7RN8KJ985\",\n          \"LTMLAU85\"\n        ]\n      ],\n      [\n        \"OOx2C\",\n        [\n          \"OO22C\",\n          \"OO52C\",\n          \"OO62C\",\n          \"OO12C\",\n          \"OO72C\",\n          \"OO02C\",\n          \"OO42C\"\n        ]\n      ],\n      [\n        \"FP0\",\n        [\n          \"FP0\"\n        ]\n      ],\n      [\n        \"BIJ7x*Z\",\n        [\n          \"BIJ729XMWTV8Z\",\n          \"BIJ71RWL5Z\"\n        ]\n      ],\n      [\n        \"OLY44\",\n        [\n          \"OLY44\"\n        ]\n      ],\n      [\n        \"RE8831M\",\n        [\n          \"RE8831M\"\n        ]\n      ],\n      [\n        \"YV170\",\n        [\n          \"YV170\"\n        ]\n      ],\n      [\n        \"ZB189\",\n        [\n          \"ZB189\"\n        ]\n      ],\n      [\n        \"IDO9R\",\n        [\n          \"IDO9R\"\n        ]\n      ],\n      [\n        \"YN4408U\",\n        [\n          \"YN4408U\"\n        ]\n      ],\n      [\n        \"BQ05*\",\n        [\n          \"BQ05QF5CAQ\",\n          \"BQ059\",\n          \"BQ059GRNLY\"\n        ]\n      ],\n      [\n        \"SYx\",\n        [\n          \"SY0\",\n          \"SY8\",\n          \"SY5\",\n          \"SY4\",\n          \"SY2\"\n        ]\n      ]\n    ]\n  },\n  {\n    \"title\": \"patternExampleListArray sample 9\",\n    \"value\": [\n      [\n        \"UE9693\",\n        [\n          \"UE9693\"\n        ]\n      ],\n      [\n        \"EWE*4V\",\n        [\n          \"EWEPUX4V\",\n          \"EWE8JG84V\"\n        ]\n      ]\n    ]\n  }\n]",
              "code": "const patternExampleListArray = fast_check_1.array(index_test_1.patternExampleList, { minLength: 1 });\nfast_check_1.sample(patternExampleListArray, 10).forEach((sample, i) => addContext_1.default(this, {\n    title: `patternExampleListArray sample ${i}`,\n    value: sample,\n}));\nreturn fast_check_1.assert(fast_check_1.property(patternExampleListArray, (ts) => {\n    const re = _1.patternToRE(...ts.map(([patternStr]) => patternStr));\n    return ts\n        .map(([, examples]) => examples)\n        .flat()\n        .every(re.test.bind(re));\n}));",
              "err": {},
              "uuid": "bb30aa33-87b9-4395-9032-2b2682d55885",
              "parentUUID": "50179f65-14e9-43bd-90a5-1b870db15f52",
              "isHook": false,
              "skipped": false
            },
            {
              "title": "should not match x to non-number",
              "fullTitle": "patternToRE should not match x to non-number",
              "timedOut": false,
              "duration": 0,
              "state": "passed",
              "speed": "fast",
              "pass": true,
              "fail": false,
              "pending": false,
              "context": null,
              "code": "const re = _1.patternToRE(\"x\");\n[\"A\", \"Z\", \"c\", \"#\"].forEach((example) => isInvalidExample(re, example));",
              "err": {},
              "uuid": "6ab2e1c7-37c2-443b-a859-30acafd1b718",
              "parentUUID": "50179f65-14e9-43bd-90a5-1b870db15f52",
              "isHook": false,
              "skipped": false
            },
            {
              "title": "should not match * to a substring composed of characters other than A-Z and 0-9",
              "fullTitle": "patternToRE should not match * to a substring composed of characters other than A-Z and 0-9",
              "timedOut": false,
              "duration": 1,
              "state": "passed",
              "speed": "fast",
              "pass": true,
              "fail": false,
              "pending": false,
              "context": null,
              "code": "const re = _1.patternToRE(\"*\");\n[\"c\", \"Ac\", \"cA\", \"0Ax\", \"x0A\", \"BA#\", \"#AB\"].forEach((example) => isInvalidExample(re, example));",
              "err": {},
              "uuid": "3320c186-7666-42ca-9a4c-9926d1568abb",
              "parentUUID": "50179f65-14e9-43bd-90a5-1b870db15f52",
              "isHook": false,
              "skipped": false
            },
            {
              "title": "should not match substrings",
              "fullTitle": "patternToRE should not match substrings",
              "timedOut": false,
              "duration": 0,
              "state": "passed",
              "speed": "fast",
              "pass": true,
              "fail": false,
              "pending": false,
              "context": null,
              "code": "const re = _1.patternToRE(\"A*xC\");\n[\"A1CZ\", \"AC1CZ\", \"ZA1C\", \"ZAC1C\", \"ZA1CZ\", \"ZAC1CZ\"].forEach((example) => isInvalidExample(re, example));",
              "err": {},
              "uuid": "8baeb136-f665-42ef-9e72-67d9ed2b9939",
              "parentUUID": "50179f65-14e9-43bd-90a5-1b870db15f52",
              "isHook": false,
              "skipped": false
            }
          ],
          "suites": [],
          "passes": [
            "f1bc9fa8-3888-4f91-8dcf-ea5d50d7bf9d",
            "bb30aa33-87b9-4395-9032-2b2682d55885",
            "6ab2e1c7-37c2-443b-a859-30acafd1b718",
            "3320c186-7666-42ca-9a4c-9926d1568abb",
            "8baeb136-f665-42ef-9e72-67d9ed2b9939"
          ],
          "failures": [],
          "pending": [],
          "skipped": [],
          "duration": 74,
          "root": false,
          "rootEmpty": false,
          "_timeout": 2000
        },
        {
          "uuid": "f0359f3d-d57f-422c-b123-3dd467897002",
          "title": "patternSatisfier",
          "fullFile": "/home/runner/work/planwithus-lib/planwithus-lib/src/matchRule/pattern/satisfiers.test.ts",
          "file": "/src/matchRule/pattern/satisfiers.test.ts",
          "beforeHooks": [],
          "afterHooks": [],
          "tests": [
            {
              "title": "should assign all modules with *",
              "fullTitle": "patternSatisfier should assign all modules with *",
              "timedOut": false,
              "duration": 0,
              "state": "passed",
              "speed": "fast",
              "pass": true,
              "fail": false,
              "pending": false,
              "context": null,
              "code": "const { assign } = satisfiers_1.patternSatisfier(ref, \"*\");\nisCorrectAssign(assign, modulesList1, modulesList1.map(([moduleStr]) => moduleStr));",
              "err": {},
              "uuid": "2f31a523-7bb9-474d-b48c-fd9b94fbadbc",
              "parentUUID": "f0359f3d-d57f-422c-b123-3dd467897002",
              "isHook": false,
              "skipped": false
            },
            {
              "title": "should assign only valid modules with pattern containing *",
              "fullTitle": "patternSatisfier should assign only valid modules with pattern containing *",
              "timedOut": false,
              "duration": 0,
              "state": "passed",
              "speed": "fast",
              "pass": true,
              "fail": false,
              "pending": false,
              "context": null,
              "code": "const { assign } = satisfiers_1.patternSatisfier(ref, \"CS2*\");\nisCorrectAssign(assign, modulesList1, [\"CS2100\", \"CS2040S\", \"CS2030\"]);",
              "err": {},
              "uuid": "4e01855a-695f-4433-9443-9fefe7b6938e",
              "parentUUID": "f0359f3d-d57f-422c-b123-3dd467897002",
              "isHook": false,
              "skipped": false
            },
            {
              "title": "should assign only valid modules with pattern containing x",
              "fullTitle": "patternSatisfier should assign only valid modules with pattern containing x",
              "timedOut": false,
              "duration": 0,
              "state": "passed",
              "speed": "fast",
              "pass": true,
              "fail": false,
              "pending": false,
              "context": null,
              "code": "const { assign } = satisfiers_1.patternSatisfier(ref, \"CS20xx\");\nisCorrectAssign(assign, modulesList1, [\"CS2030\"]);",
              "err": {},
[...]
              "err": {},
              "uuid": "c9a5afe7-95e4-4117-8bc1-b7b49e6c30d4",
              "parentUUID": "134d0d40-83f0-4b58-ba1b-745f4f674525",
              "isHook": false,
              "skipped": false
            },
            {
              "title": "should truncate list of modules with upper bound of MCs at exact cutoff if total MC count is higher and there exists some starting sequence with exact MC count",
              "fullTitle": "inequalitySatisfier should truncate list of modules with upper bound of MCs at exact cutoff if total MC count is higher and there exists some starting sequence with exact MC count",
              "timedOut": false,
              "duration": 0,
              "state": "passed",
              "speed": "fast",
              "pass": true,
              "fail": false,
              "pending": false,
              "context": null,
              "code": "const satisfier = satisfiers_1.inequalitySatisfier(ref, \"<=16\");\nsatisfier.should.have.property(\"filter\");\nconst { filter } = satisfier;\nisCorrectFilter(filter, modulesList1, [\n    \"CS2100\",\n    \"GER1000\",\n    \"CS2040S\",\n    \"ST2131\",\n]);",
              "err": {},
              "uuid": "a5883643-203b-4761-8648-cb86e6926877",
              "parentUUID": "134d0d40-83f0-4b58-ba1b-745f4f674525",
              "isHook": false,
              "skipped": false
            },
            {
              "title": "should truncate list of modules with upper bound of MCs, cutting off at the minimum starting sequence that exceeds upper bound, if total MC count is higher and there exists no starting sequence with exact MC count",
              "fullTitle": "inequalitySatisfier should truncate list of modules with upper bound of MCs, cutting off at the minimum starting sequence that exceeds upper bound, if total MC count is higher and there exists no starting sequence with exact MC count",
              "timedOut": false,
              "duration": 0,
              "state": "passed",
              "speed": "fast",
              "pass": true,
              "fail": false,
              "pending": false,
              "context": null,
              "code": "const satisfier = satisfiers_1.inequalitySatisfier(ref, \"<=17\");\nsatisfier.should.have.property(\"filter\");\nconst { filter } = satisfier;\nisCorrectFilter(filter, modulesList1, [\n    \"CS2100\",\n    \"GER1000\",\n    \"CS2040S\",\n    \"ST2131\",\n    \"MA1521\",\n]);",
              "err": {},
              "uuid": "c6ea03cb-6c0b-40a7-9a23-fd1e0d6d8711",
              "parentUUID": "134d0d40-83f0-4b58-ba1b-745f4f674525",
              "isHook": false,
              "skipped": false
            }
          ],
          "suites": [],
          "passes": [
            "1a5d558d-78c2-4030-98ff-9cad36271d6b",
            "7dc0bdb6-5cd3-47eb-8b7c-1ba3a3800e7e",
            "df7c30ab-fb04-456d-a961-f567a8d82868",
            "99e92456-52de-483f-b72f-4a8dd51dc737",
            "c9a5afe7-95e4-4117-8bc1-b7b49e6c30d4",
            "a5883643-203b-4761-8648-cb86e6926877",
            "c6ea03cb-6c0b-40a7-9a23-fd1e0d6d8711"
          ],
          "failures": [],
          "pending": [],
          "skipped": [],
          "duration": 1,
          "root": false,
          "rootEmpty": false,
          "_timeout": 2000
        },
        {
          "uuid": "8cecfa6b-ce50-43b5-bfb0-f8190142351d",
          "title": "inequalitySchema",
          "fullFile": "/home/runner/work/planwithus-lib/planwithus-lib/src/satisfyRule/inequality/schemas.test.ts",
          "file": "/src/satisfyRule/inequality/schemas.test.ts",
          "beforeHooks": [],
          "afterHooks": [],
          "tests": [
            {
              "title": "should validate inequality in the form <=n or >=n",
              "fullTitle": "inequalitySchema should validate inequality in the form <=n or >=n",
              "timedOut": false,
              "duration": 1,
              "state": "passed",
              "speed": "fast",
              "pass": true,
              "fail": false,
              "pending": false,
              "context": "[\n  {\n    \"title\": \"inequality sample 0\",\n    \"value\": \"<=193\"\n  },\n  {\n    \"title\": \"inequality sample 1\",\n    \"value\": \">=159\"\n  },\n  {\n    \"title\": \"inequality sample 2\",\n    \"value\": \">=49\"\n  },\n  {\n    \"title\": \"inequality sample 3\",\n    \"value\": \">=198\"\n  },\n  {\n    \"title\": \"inequality sample 4\",\n    \"value\": \"<=8\"\n  },\n  {\n    \"title\": \"inequality sample 5\",\n    \"value\": \"<=139\"\n  },\n  {\n    \"title\": \"inequality sample 6\",\n    \"value\": \"<=55\"\n  },\n  {\n    \"title\": \"inequality sample 7\",\n    \"value\": \"<=95\"\n  },\n  {\n    \"title\": \"inequality sample 8\",\n    \"value\": \">=184\"\n  },\n  {\n    \"title\": \"inequality sample 9\",\n    \"value\": \">=24\"\n  }\n]",
              "code": "fast_check_1.sample(index_test_2.inequality, 10).forEach((sample, i) => addContext_1.default(this, {\n    title: `inequality sample ${i}`,\n    value: sample,\n}));\nreturn fast_check_1.assert(fast_check_1.property(index_test_2.inequality, ajvValidate));",
              "err": {},
              "uuid": "54849a63-344c-46ac-a3f6-c91b2d6bbb23",
              "parentUUID": "8cecfa6b-ce50-43b5-bfb0-f8190142351d",
              "isHook": false,
              "skipped": false
            },
            {
              "title": "should not validate inequality of invalid form",
              "fullTitle": "inequalitySchema should not validate inequality of invalid form",
              "timedOut": false,
              "duration": 1,
              "state": "passed",
              "speed": "fast",
              "pass": true,
              "fail": false,
              "pending": false,
              "context": null,
              "code": "[\n        \"\",\n        \"==23\",\n        \"23\",\n        \"<23\",\n        \">23\",\n        \"<=-1\",\n        \">=-1\",\n        \"<= 2\",\n        \">= 1\",\n        \"> 3\",\n        \"< 3\",\n        \"<=3a\",\n        \">=3a\",\n        \"a<=3\",\n        \"a>=3\",\n    ].forEach(isInvalidInequality)",
              "err": {},
              "uuid": "927e0627-a05d-4df9-a011-5efb699480cf",
              "parentUUID": "8cecfa6b-ce50-43b5-bfb0-f8190142351d",
              "isHook": false,
              "skipped": false
            }
          ],
          "suites": [],
          "passes": [
            "54849a63-344c-46ac-a3f6-c91b2d6bbb23",
            "927e0627-a05d-4df9-a011-5efb699480cf"
          ],
          "failures": [],
          "pending": [],
          "skipped": [],
          "duration": 2,
          "root": false,
          "rootEmpty": false,
          "_timeout": 2000
        },
        {
          "uuid": "1be1209e-50e7-41cf-971d-4cf9cfb299ee",
          "title": "satisfyRuleSchema",
          "fullFile": "/home/runner/work/planwithus-lib/planwithus-lib/src/satisfyRule/schemas.test.ts",
          "file": "/src/satisfyRule/schemas.test.ts",
          "beforeHooks": [],
          "afterHooks": [],
          "tests": [
            {
              "title": "should validate satisfy rule with valid block id",
              "fullTitle": "satisfyRuleSchema should validate satisfy rule with valid block id",
              "timedOut": false,
              "duration": 2,
              "state": "passed",
              "speed": "fast",
              "pass": true,
              "fail": false,
              "pending": false,
              "context": null,
              "code": "fast_check_1.assert(fast_check_1.property(fast_check_1.string(), ajvValidate)",
              "err": {},
              "uuid": "6a06280d-8d83-4ac8-a699-9853d3785514",
              "parentUUID": "1be1209e-50e7-41cf-971d-4cf9cfb299ee",
              "isHook": false,
              "skipped": false
            },
            {
              "title": "should validate satisfy rules with valid mc",
              "fullTitle": "satisfyRuleSchema should validate satisfy rules with valid mc",
              "timedOut": false,
              "duration": 2,
              "state": "passed",
              "speed": "fast",
              "pass": true,
              "fail": false,
              "pending": false,
              "context": "[\n  {\n    \"title\": \"mcSatisfyRule sample 0\",\n    \"value\": {\n      \"mc\": \">=7\"\n    }\n  },\n  {\n    \"title\": \"mcSatisfyRule sample 1\",\n    \"value\": {\n      \"mc\": \">=194\"\n    }\n  },\n  {\n    \"title\": \"mcSatisfyRule sample 2\",\n    \"value\": {\n      \"mc\": \"<=55\"\n    }\n  },\n  {\n    \"title\": \"mcSatisfyRule sample 3\",\n    \"value\": {\n      \"mc\": \">=185\"\n    }\n  },\n  {\n    \"title\": \"mcSatisfyRule sample 4\",\n    \"value\": {\n      \"mc\": \"<=67\"\n    }\n  },\n  {\n    \"title\": \"mcSatisfyRule sample 5\",\n    \"value\": {\n      \"mc\": \">=5\"\n    }\n  },\n  {\n    \"title\": \"mcSatisfyRule sample 6\",\n    \"value\": {\n      \"mc\": \"<=94\"\n    }\n  },\n  {\n    \"title\": \"mcSatisfyRule sample 7\",\n    \"value\": {\n      \"mc\": \">=25\"\n    }\n  },\n  {\n    \"title\": \"mcSatisfyRule sample 8\",\n    \"value\": {\n      \"mc\": \">=199\"\n    }\n  },\n  {\n    \"title\": \"mcSatisfyRule sample 9\",\n    \"value\": {\n      \"mc\": \"<=3\"\n    }\n  }\n]",
              "code": "fast_check_1.sample(index_test_2.mcSatisfyRule, 10).forEach((sample, i) => addContext_1.default(this, {\n    title: `mcSatisfyRule sample ${i}`,\n    value: sample,\n}));\nreturn fast_check_1.assert(fast_check_1.property(index_test_2.mcSatisfyRule, ajvValidate));",
              "err": {},
              "uuid": "2a9163ce-6e3b-476a-bd6c-06e00f4e5be8",
              "parentUUID": "1be1209e-50e7-41cf-971d-4cf9cfb299ee",
              "isHook": false,
              "skipped": false
            },
            {
              "title": "should validate valid recursive satisfy rules",
              "fullTitle": "satisfyRuleSchema should validate valid recursive satisfy rules",
              "timedOut": false,
              "duration": 3,
              "state": "passed",
              "speed": "fast",
              "pass": true,
              "fail": false,
              "pending": false,
              "context": "[\n  {\n    \"title\": \"satisfyRule sample 0\",\n    \"value\": {\n      \"or\": []\n    }\n  },\n  {\n    \"title\": \"satisfyRule sample 1\",\n    \"value\": {\n      \"or\": [\n        {\n          \"or\": [\n            \"D&(ky\"\n          ]\n        }\n      ]\n    }\n  },\n  {\n    \"title\": \"satisfyRule sample 2\",\n    \"value\": {\n      \"mc\": \">=194\"\n    }\n  },\n  {\n    \"title\": \"satisfyRule sample 3\",\n    \"value\": {\n      \"and\": [\n        {\n          \"or\": [\n            \"[pZ'B\",\n            {\n              \"mc\": \"<=178\"\n            },\n            \"f/`a.\\\\;Zl`\",\n            {\n              \"or\": [\n                \"&c\\\\38\",\n                {\n                  \"mc\": \"<=132\"\n                },\n                {\n                  \"mc\": \"<=133\"\n                }\n              ]\n            }\n          ]\n        },\n        {\n          \"and\": [\n            \"v\",\n            {\n              \"or\": [\n                {\n                  \"and\": [\n                    \"qe\",\n                    \":De\",\n                    \"#hT~! 7f9\",\n                    \").xB2Hbg[G\"\n                  ]\n                },\n                \"A-\\\"Y@,`H\",\n                \"iv,\"\n              ]\n            }\n          ]\n        },\n        {\n          \"or\": [\n            \"9\",\n            {\n              \"and\": [\n                \"0%T\",\n                \"c;x`\",\n                {\n                  \"and\": [\n                    \"d\",\n                    \"U\\\\C\",\n                    {\n                      \"and\": [\n                        \"ka\",\n                        \"\",\n                        \"1WCCwr\",\n                        \"d8\"\n                      ]\n                    },\n                    \"i%Jnt$`dAX\"\n                  ]\n                }\n              ]\n            },\n            {\n              \"mc\": \"<=87\"\n            },\n            \"^ \"\n          ]\n        },\n        {\n          \"mc\": \">=200\"\n        }\n      ]\n    }\n  },\n  {\n    \"title\": \"satisfyRule sample 4\",\n    \"value\": \"^/@\"\n  },\n  {\n    \"title\": \"satisfyRule sample 5\",\n    \"value\": {\n      \"mc\": \">=200\"\n    }\n  },\n  {\n    \"title\": \"satisfyRule sample 6\",\n    \"value\": \"Cq\"\n  },\n  {\n    \"title\": \"satisfyRule sample 7\",\n    \"value\": \"g\"\n  },\n  {\n    \"title\": \"satisfyRule sample 8\",\n    \"value\": {\n      \"or\": [\n        {\n          \"mc\": \"<=197\"\n        }\n      ]\n    }\n  },\n  {\n    \"title\": \"satisfyRule sample 9\",\n    \"value\": {\n      \"mc\": \">=70\"\n    }\n  }\n]",
              "code": "fast_check_1.sample(index_test_2.satisfyRule, 10).forEach((sample, i) => addContext_1.default(this, {\n    title: `satisfyRule sample ${i}`,\n    value: sample,\n}));\nreturn fast_check_1.assert(fast_check_1.property(index_test_2.satisfyRule, ajvValidate));",
              "err": {},
              "uuid": "3ba44162-79b7-4339-9815-d2327f0c8f7f",
              "parentUUID": "1be1209e-50e7-41cf-971d-4cf9cfb299ee",
              "isHook": false,
              "skipped": false
            },
            {
              "title": "should not validate non-string/object",
              "fullTitle": "satisfyRuleSchema should not validate non-string/object",
              "timedOut": false,
              "duration": 1,
              "state": "passed",
              "speed": "fast",
              "pass": true,
              "fail": false,
              "pending": false,
              "context": null,
              "code": "const error = {\n    instancePath: \"\",\n    message: \"satisfy rule should be either a string or an object\",\n};\nisInvalidRule(null, error);\nisInvalidRule(undefined, error);\nisInvalidRule(10, error);\nisInvalidRule([12, 24], error);",
              "err": {},
              "uuid": "54f8a772-099a-4dbc-af27-7e27eeb9fb0d",
              "parentUUID": "1be1209e-50e7-41cf-971d-4cf9cfb299ee",
              "isHook": false,
              "skipped": false
            },
            {
              "title": "should not validate satisfy rules with extra properties",
              "fullTitle": "satisfyRuleSchema should not validate satisfy rules with extra properties",
              "timedOut": false,
              "duration": 1,
              "state": "passed",
              "speed": "fast",
              "pass": true,
              "fail": false,
              "pending": false,
              "context": null,
              "code": "isInvalidRule({\n        and: [\n            { or: [\"2k\"], abc: \"def\" },\n            { mc: 8, ghi: \"jkl\" },\n        ],\n        mno: \"pqr\",\n    }, {\n        instancePath: \"/and/0\",\n        message: \"or satisfy rule should have property 'or' only\",\n    }, {\n        instancePath: \"/and/1\",\n        message: \"MC satisfy rule should have property 'mc' only\",\n    }, {\n        instancePath: \"\",\n        message: \"and satisfy rule should have property 'and' only\",\n    })",
              "err": {},
              "uuid": "c22a1bf1-b8b9-44b8-90ff-f90bd152c38a",
              "parentUUID": "1be1209e-50e7-41cf-971d-4cf9cfb299ee",
              "isHook": false,
              "skipped": false
            },
            {
              "title": "should not validate ambiguous satisfy rules",
              "fullTitle": "satisfyRuleSchema should not validate ambiguous satisfy rules",
              "timedOut": false,
              "duration": 0,
              "state": "passed",
              "speed": "fast",
              "pass": true,
              "fail": false,
              "pending": false,
              "context": null,
              "code": "const message = \"satisfy rule should have only one of properties 'mc', 'and', 'or'\";\nisInvalidRule({\n    or: [\n        { mc: 5, and: [\"CS2040\"] },\n        { and: [{ and: [\"abc\"], or: [\"def\"] }] },\n    ],\n}, { instancePath: \"/or/0\", message }, { instancePath: \"/or/1/and/0\", message });",
              "err": {},
              "uuid": "07e204ab-d795-486b-8814-627a4c439590",
              "parentUUID": "1be1209e-50e7-41cf-971d-4cf9cfb299ee",
              "isHook": false,
              "skipped": false
            },
            {
              "title": "should not validate and satisfy rules with non-array property",
              "fullTitle": "satisfyRuleSchema should not validate and satisfy rules with non-array property",
              "timedOut": false,
              "duration": 1,
              "state": "passed",
              "speed": "fast",
              "pass": true,
              "fail": false,
              "pending": false,
              "context": null,
              "code": "const message = \"property 'and' should be an array of satisfy rules\";\nisInvalidRule({ or: [{ and: {} }, { or: [{ and: 3 }] }] }, { instancePath: \"/or/0/and\", message }, { instancePath: \"/or/1/or/0/and\", message });",
              "err": {},
              "uuid": "03dde543-412b-4ca9-a4f9-98e828d2508d",
              "parentUUID": "1be1209e-50e7-41cf-971d-4cf9cfb299ee",
              "isHook": false,
              "skipped": false
            },
            {
              "title": "should not validate or satisfy rules with non-array property",
              "fullTitle": "satisfyRuleSchema should not validate or satisfy rules with non-array property",
              "timedOut": false,
              "duration": 0,
              "state": "passed",
              "speed": "fast",
              "pass": true,
              "fail": false,
              "pending": false,
              "context": null,
              "code": "const message = \"property 'or' should be an array of satisfy rules\";\nisInvalidRule({ and: [{ or: {} }, { and: [{ or: 3 }] }] }, { instancePath: \"/and/0/or\", message }, { instancePath: \"/and/1/and/0/or\", message });",
              "err": {},
              "uuid": "58cbcc84-7f43-4433-8e53-624aa98ad028",
              "parentUUID": "1be1209e-50e7-41cf-971d-4cf9cfb299ee",
              "isHook": false,
              "skipped": false
            }
          ],
          "suites": [],
          "passes": [
            "6a06280d-8d83-4ac8-a699-9853d3785514",
            "2a9163ce-6e3b-476a-bd6c-06e00f4e5be8",
            "3ba44162-79b7-4339-9815-d2327f0c8f7f",
            "54f8a772-099a-4dbc-af27-7e27eeb9fb0d",
            "c22a1bf1-b8b9-44b8-90ff-f90bd152c38a",
            "07e204ab-d795-486b-8814-627a4c439590",
            "03dde543-412b-4ca9-a4f9-98e828d2508d",
            "58cbcc84-7f43-4433-8e53-624aa98ad028"
          ],
          "failures": [],
          "pending": [],
          "skipped": [],
          "duration": 10,
          "root": false,
          "rootEmpty": false,
          "_timeout": 2000
        }
      ],
      "passes": [],
      "failures": [],
      "pending": [],
      "skipped": [],
      "duration": 0,
      "root": true,
      "rootEmpty": true,
      "_timeout": 2000
    }
  ],
  "meta": {
    "mocha": {
      "version": "9.0.3"
    },
    "mochawesome": {
      "options": {
        "quiet": false,
        "reportFilename": "mochawesome",
        "saveHtml": true,
        "saveJson": true,
        "consoleReporter": "spec",
        "useInlineDiffs": false,
        "code": true
      },
      "version": "6.2.2"
    },
    "marge": {
      "options": {
        "reportDir": "docs"
      },
      "version": "5.2.0"
    }
  }
}