{
  "stats": {
    "suites": 10,
    "tests": 48,
    "passes": 48,
    "pending": 0,
    "failures": 0,
    "start": "2021-08-22T08:04:16.102Z",
    "end": "2021-08-22T08:04:16.457Z",
    "duration": 355,
    "testsRegistered": 48,
    "passPercent": 100,
    "pendingPercent": 0,
    "other": 0,
    "hasOther": false,
    "skipped": 0,
    "hasSkipped": false
  },
  "results": [
    {
      "uuid": "8a064aba-9b10-4c32-ad4a-9f84b65c946b",
      "title": "",
      "fullFile": "",
      "file": "",
      "beforeHooks": [],
      "afterHooks": [],
      "tests": [],
      "suites": [
        {
          "uuid": "0f296134-0daa-42a1-92e0-0c707dadc13b",
          "title": "initDirectories",
          "fullFile": "/home/runner/work/planwithus-lib/planwithus-lib/src/block/schemas.test.ts",
          "file": "/src/block/schemas.test.ts",
          "beforeHooks": [],
          "afterHooks": [],
          "tests": [
            {
              "title": "should parse all blocks with no errors",
              "fullTitle": "initDirectories should parse all blocks with no errors",
              "timedOut": false,
              "duration": 3,
              "state": "passed",
              "speed": "fast",
              "pass": true,
              "fail": false,
              "pending": false,
              "context": null,
              "code": "_1.initDirectories.should.not.throw()",
              "err": {},
              "uuid": "50a152e7-1234-4799-add1-74db1a89f173",
              "parentUUID": "0f296134-0daa-42a1-92e0-0c707dadc13b",
              "isHook": false,
              "skipped": false
            },
            {
              "title": "should produce primary, second & minor directories",
              "fullTitle": "initDirectories should produce primary, second & minor directories",
              "timedOut": false,
              "duration": 3,
              "state": "passed",
              "speed": "fast",
              "pass": true,
              "fail": false,
              "pending": false,
              "context": null,
              "code": "const directories = _1.initDirectories();\ndirectories.should.have.property(\"primary\");\ndirectories.should.have.property(\"second\");\ndirectories.should.have.property(\"minor\");",
              "err": {},
              "uuid": "d8c8b092-e60a-47a5-a9d4-05ebdea5701a",
              "parentUUID": "0f296134-0daa-42a1-92e0-0c707dadc13b",
              "isHook": false,
              "skipped": false
            }
          ],
          "suites": [],
          "passes": [
            "50a152e7-1234-4799-add1-74db1a89f173",
            "d8c8b092-e60a-47a5-a9d4-05ebdea5701a"
          ],
          "failures": [],
          "pending": [],
          "skipped": [],
          "duration": 6,
          "root": false,
          "rootEmpty": false,
          "_timeout": 2000
        },
        {
          "uuid": "8ae5cb05-d8ad-4a68-b7af-5c950e7e64c3",
          "title": "blockSchema",
          "fullFile": "/home/runner/work/planwithus-lib/planwithus-lib/src/block/schemas.test.ts",
          "file": "/src/block/schemas.test.ts",
          "beforeHooks": [],
          "afterHooks": [],
          "tests": [
            {
              "title": "should validate valid block",
              "fullTitle": "blockSchema should validate valid block",
              "timedOut": false,
              "duration": 213,
              "state": "passed",
              "speed": "slow",
              "pass": true,
              "fail": false,
              "pending": false,
              "context": "[\n  {\n    \"title\": \"block sample 0\",\n    \"value\": {\n      \"name\": \"!Wz$ }&Q|%\",\n      \"assign\": \"\",\n      \"satisfy\": [],\n      \"url\": \"http://m9f.e7cjcad6bm9hqif60f789u5g9jfcxce55c55.dnhu8wfxiqzf571r1682n77c7t3ilxk7v.ybnve/SpHs//)Z8jBQz0n//Rh%F3%BE%B8%88@%E3%A7%85/LXrP;YnzJx/U//%F2%A9%9F%B6K6ra\",\n      \"info\": \"%1*&zX%t&\\\"\",\n      \"isSelectable\": true,\n      \"yFK_sD82\": {\n        \"name\": \"\",\n        \"ay\": 1956,\n        \"assign\": [\n          \"^=&p{yBA\",\n          \"*\\\\FP\"\n        ],\n        \"match\": {\n          \"and\": [\n            {\n              \"and\": [\n                {\n                  \"and\": [\n                    \"YBTx3\",\n                    \"NN0x1\",\n                    {\n                      \"or\": [\n                        \"KSU846xX\",\n                        \"GS43\"\n                      ]\n                    },\n                    {\n                      \"pattern\": \"VV71xH\",\n                      \"exclude\": \"PRE016\",\n                      \"info\": \"=0\\\"\"\n                    },\n                    {\n                      \"pattern\": \"TQ48N\",\n                      \"info\": \"6\"\n                    }\n                  ]\n                },\n                \"GHO*57*\",\n                \"VOK*464X\",\n                \"VBY*x\",\n                {\n                  \"pattern\": \"JVM845F\",\n                  \"exclude\": [\n                    \"QFS859\",\n                    \"ST9x46X\",\n                    \"VW8994B\",\n                    \"OC095K\",\n                    \"MM8xG\"\n                  ],\n                  \"info\": \"\"\n                }\n              ]\n            },\n            {\n              \"pattern\": \"AV73G\",\n              \"exclude\": \"AQ64B\"\n            },\n            \"NBJx522\",\n            {\n              \"and\": [\n                {\n                  \"and\": [\n                    \"HM5x*3T\"\n                  ]\n                },\n                {\n                  \"pattern\": \"XUD49R\",\n                  \"exclude\": \"FU16*Y\",\n                  \"info\": \"\"\n                },\n                {\n                  \"or\": [\n                    \"NIOx34*\"\n                  ]\n                },\n                \"MJ3\"\n              ]\n            }\n          ]\n        },\n        \"satisfy\": [\n          {\n            \"or\": [\n              \"rM\",\n              \"t;}D%}?a`4\"\n            ]\n          },\n          \"\"\n        ],\n        \"url\": \"http://ytblcdfv0xsusvv.2wnn6-stkgkko555tvo42-o4lsdd2c533nflf68itlzf6zy7a5zolgtq20ys3cs.bgp8q307hxv3isgrs4z75px4raurd5gqc8td7tqqs5qhds15ec2rud0p7dh.4agnitbp6fnlswt.sc2l6rmecfd3i5dxsizdwbktyj-lv9ywde546bmc7j2w.xtint/JlF%F1%AF%A7%9B%F3%89%8D%BFhA%F3%9B%A1%865)/mF5RVxf;/'0s/s3!M.oqf@\",\n        \"info\": \"%$o\",\n        \"isSelectable\": true,\n        \"S_,\": {\n          \"name\": \"K[n \",\n          \"ay\": 1960,\n          \"assign\": \"/#)+C&\",\n          \"match\": [\n            {\n              \"and\": [\n                {\n                  \"or\": [\n                    \"NMA9\",\n                    {\n                      \"pattern\": \"DTD03x2\",\n                      \"exclude\": [\n                        \"QBJx6B\"\n                      ],\n                      \"info\": \"?7LQ7WU(\"\n                    }\n                  ]\n                },\n                {\n                  \"or\": [\n                    \"ZE3*5\",\n                    {\n                      \"pattern\": \"JJK*\",\n                      \"exclude\": [\n                        \"EZF5*M\",\n                        \"HF91L\",\n                        \"IGHx01\"\n                      ]\n                    }\n                  ]\n                },\n                {\n                  \"pattern\": \"OKB1365R\",\n                  \"exclude\": [\n                    \"ER00xS\"\n                  ],\n                  \"info\": \"YhM@^QF\"\n                },\n                {\n                  \"or\": [\n                    \"TRV28\",\n                    \"CLE6x3\",\n                    {\n                      \"and\": [\n                        \"AP0\",\n                        \"QK62\",\n                        {\n                          \"or\": [\n                            {\n                              \"pattern\": \"GD63x7U\",\n                              \"exclude\": \"US1x4\",\n                              \"info\": \"#0\"\n                            },\n                            \"KC1236A\"\n                          ]\n                        }\n                      ]\n                    }\n                  ]\n                }\n              ]\n            }\n          ],\n          \"url\": \"https://j-5twiqrg95y09-kvuvgelamtoaz3tmdctcxo9s3qul0uf.jvjbcek/4*e4%F1%9E%9B%94ipl4!/pa//=+u$hOaB/CRbo%F2%B6%9B%BC~2%F3%96%93%889//L_e/3J$i_7!A$\",\n          \"isSelectable\": true\n        },\n        \">B[~)Vqp=A\": {\n          \"name\": \"Bu)e\",\n          \"assign\": \"@jega\",\n          \"match\": {\n            \"or\": [\n              {\n                \"pattern\": \"UG**x\",\n                \"exclude\": \"KH4xxM\",\n                \"info\": \"EMSxG=!t\"\n              },\n              \"LLZ9xx5M\",\n              {\n                \"pattern\": \"LC74I\",\n                \"exclude\": \"UE490*\",\n                \"info\": \"{@ \"\n              }\n            ]\n          },\n          \"satisfy\": [\n            {\n              \"mc\": \">=66\"\n            },\n            {\n              \"mc\": \"<=38\"\n            },\n            \"0s\"\n          ],\n          \"url\": \"https://r7prka80x1vgrg5mtspxoe84pxyn.udglmvjsgu/vU%F2%8C%A0%B3VTzbl\",\n          \"info\": \" zXH9e\",\n          \"isSelectable\": true\n        },\n        \"fyN0\": {\n          \"name\": \"3QRP^IQL\",\n          \"ay\": 2001,\n          \"match\": [\n            {\n              \"and\": [\n                {\n                  \"and\": []\n                },\n                \"OHA393E\",\n                {\n                  \"or\": []\n                },\n                {\n                  \"or\": [\n                    {\n                      \"or\": [\n                        \"MGI8\",\n                        \"QN054Z\",\n                        {\n                          \"or\": []\n                        }\n                      ]\n                    },\n                    \"JKN708\",\n                    {\n                      \"or\": []\n                    },\n                    {\n                      \"and\": [\n                        \"OO7*\",\n                        \"BPC95x*\",\n                        {\n                          \"pattern\": \"CX034\",\n                          \"exclude\": \"BMP7O\",\n                          \"info\": \"E\"\n                        }\n                      ]\n                    }\n                  ]\n                },\n                {\n                  \"pattern\": \"RC295P\",\n                  \"exclude\": [\n                    \"UK*84\",\n                    \"GTL98L\"\n                  ],\n                  \"info\": \"O3zCX*\"\n                }\n              ]\n            },\n            {\n              \"pattern\": \"TVZ*71L\",\n              \"exclude\": []\n            }\n          ],\n          \"satisfy\": [\n            {\n              \"mc\": \">=54\"\n            },\n            {\n              \"mc\": \">=187\"\n            },\n            {\n              \"or\": [\n                {\n                  \"or\": [\n                    \"EZKn5 u\",\n                    {\n                      \"and\": [\n                        {\n                          \"or\": [\n                            {\n                              \"mc\": \"<=91\"\n                            },\n                            \"\\\"udw{.0\\\"M\"\n                          ]\n                        }\n                      ]\n                    },\n                    {\n                      \"or\": []\n                    },\n                    \"+i]$\",\n                    {\n                      \"and\": []\n                    }\n                  ]\n                }\n              ]\n            },\n            {\n              \"mc\": \"<=178\"\n            }\n          ],\n          \"isSelectable\": true\n        }\n      },\n      \"\\\"\": {\n        \"name\": \"G(b+8Q\",\n        \"ay\": 1953,\n        \"assign\": [\n          \"g .k!U\"\n        ],\n        \"match\": [\n          {\n            \"pattern\": \"WF94\",\n            \"exclude\": [\n              \"LFL78L\",\n              \"BB*\"\n            ],\n            \"info\": \"x\\\\&\"\n          }\n        ],\n        \"satisfy\": \"\",\n        \"info\": \"{B#\"\n      },\n      \"k\": {\n        \"match\": {\n          \"pattern\": \"XS85\",\n          \"exclude\": \"IYx6Q\"\n        },\n        \"satisfy\": [\n          {\n            \"or\": []\n          }\n        ],\n        \"url\": \"http://fkdqz8e03mit.rvp5oyhdbc3v-vif20rdzguophmnx1ar1rqy8eh4osroi0gj4sd-m5yyej3.zbyua/,vS!V/&HoA.%F1%9C%A2%B38%F3%81%89%AEg/6/X./a%F2%A1%B6%90.Uj/f%F2%9C%8C%AC~c'/%F3%9E%9B%A4HHBMkZ$*m\",\n        \"info\": \"\",\n        \"isSelectable\": true,\n        \"\": {\n          \"ay\": 1952,\n          \"assign\": \"\",\n          \"match\": {\n            \"and\": [\n              {\n                \"pattern\": \"CF20\",\n                \"exclude\": [\n                  \"CDV0x43\",\n                  \"KD2X\"\n                ],\n                \"info\": \"sMVNbMza\"\n              },\n              {\n                \"pattern\": \"TAQ43*8Z\",\n                \"exclude\": [\n                  \"JE593*E\",\n                  \"MG2916Y\",\n                  \"PK1182\",\n                  \"EAQ9*3\"\n                ],\n                \"info\": \" p]MN{x\\\"#\"\n              },\n              {\n                \"pattern\": \"QCK2\",\n                \"info\": \"qx u.m;Zy|\"\n              },\n              \"JR72\"\n            ]\n          },\n          \"info\": \"+o!Y\",\n          \"isSelectable\": true\n        },\n        \"&z,&A0#vz\": {\n          \"name\": \"%;$|&x#&\",\n          \"ay\": 2016,\n          \"assign\": [\n            \"#O`O6d4l\",\n            \"#i&\",\n            \"pK:\",\n            \"/&\",\n            \"\"\n          ],\n          \"match\": [],\n          \"satisfy\": {\n            \"and\": [\n              {\n                \"and\": [\n                  {\n                    \"mc\": \">=3\"\n                  },\n                  {\n                    \"and\": [\n                      \"+I|\",\n                      {\n                        \"and\": [\n                          \"w5 q5|_L\",\n                          {\n                            \"or\": []\n                          },\n                          \"lp\",\n                          \"YCI8\\\"d\\\"\",\n                          {\n                            \"and\": [\n                              \"F;B%u=LK\",\n                              \"Cm>MIW\",\n                              {\n                                \"mc\": \">=25\"\n                              }\n                            ]\n                          }\n                        ]\n                      },\n                      \"\",\n                      \"\\\"Bb/K>\"\n                    ]\n                  }\n                ]\n              }\n            ]\n          },\n          \"isSelectable\": true\n        },\n        \"oAdY'\": {\n          \"name\": \"L\",\n          \"ay\": 1956,\n          \"assign\": [\n            \"(x3\"\n          ],\n          \"match\": {\n            \"and\": [\n              {\n                \"or\": [\n                  {\n                    \"or\": [\n                      \"QNW3xx*\",\n                      {\n                        \"and\": [\n                          \"DBR1107W\",\n                          {\n                            \"and\": [\n                              \"IQx84x\",\n                              \"IZW2\",\n                              \"PAJ16\",\n                              \"AUP2J\",\n                              \"MO837J\"\n                            ]\n                          },\n                          \"CK26U\"\n                        ]\n                      },\n                      \"VXU2\",\n                      \"EWx29\",\n                      \"MLM687\"\n                    ]\n                  }\n                ]\n              },\n              {\n                \"and\": [\n                  \"YPK541\",\n                  {\n                    \"or\": [\n                      \"HU0*31E\",\n                      \"OJUx23I\",\n                      {\n                        \"or\": [\n                          \"RDL40*A\"\n                        ]\n                      },\n                      \"RTJ17S\",\n                      \"NA1J\"\n                    ]\n                  }\n                ]\n              },\n              {\n                \"and\": [\n                  \"PW4630I\",\n                  \"PEU7Y\",\n                  \"VXR7E\",\n                  {\n                    \"pattern\": \"QT85Z\"\n                  }\n                ]\n              }\n            ]\n          },\n          \"satisfy\": [],\n          \"url\": \"http://e.tbbt\",\n          \"info\": \"\",\n          \"isSelectable\": true\n        },\n        \"+f|?xCck@V\": {\n          \"name\": \"5{^eHqG@2\",\n          \"ay\": 1991,\n          \"assign\": \"\",\n          \"satisfy\": [\n            {\n              \"mc\": \"<=5\"\n            },\n            {\n              \"and\": [\n                {\n                  \"and\": [\n                    {\n                      \"and\": [\n                        {\n                          \"and\": [\n                            {\n                              \"and\": [\n                                \"0H$\"\n                              ]\n                            },\n                            \"\"\n                          ]\n                        }\n                      ]\n                    },\n                    {\n                      \"mc\": \">=186\"\n                    },\n                    {\n                      \"or\": []\n                    },\n                    {\n                      \"or\": [\n                        {\n                          \"or\": [\n                            \"]/B!\",\n                            \"$\",\n                            \"D<'2u,qzx\",\n                            \"8*-1J\"\n                          ]\n                        },\n                        \"h?I\",\n                        \">?w%.J@z\",\n                        \"\",\n                        {\n                          \"mc\": \"<=50\"\n                        }\n                      ]\n                    }\n                  ]\n                },\n                {\n                  \"and\": [\n                    {\n                      \"and\": [\n                        {\n                          \"and\": [\n                            {\n                              \"mc\": \">=113\"\n                            }\n                          ]\n                        }\n                      ]\n                    },\n                    {\n                      \"and\": [\n                        \"\",\n                        {\n                          \"or\": [\n                            {\n                              \"mc\": \">=158\"\n                            },\n                            \":)GN8i<W]1\",\n                            \"L-GSJ0CH2Z\"\n                          ]\n                        },\n                        \"7`,]]oin\"\n                      ]\n                    },\n                    {\n                      \"mc\": \"<=57\"\n                    }\n                  ]\n                },\n                {\n                  \"or\": [\n                    \"-.g\"\n                  ]\n                }\n              ]\n            }\n          ],\n          \"info\": \"lQ</C=\",\n          \"isSelectable\": true\n        }\n      }\n    }\n  },\n  {\n    \"title\": \"block sample 1\",\n    \"value\": {\n      \"name\": \"\",\n      \"assign\": [\n        \")>+U*\",\n        \"t\"\n      ],\n      \"match\": {\n        \"or\": []\n      },\n      \"url\": \"https://adefb.zdyrwrte//-Nd/UPj/@w/tc/%F1%80%B8%8BXEEhj%E9%8D%BAyc/VkUA%F1%87%90%85BOB9z/RLk@/%F1%9B%A9%87%E0%A1%A3*~Ilfl\",\n      \"XYC^25\": {\n        \"name\": \"9\",\n        \"ay\": 1956,\n        \"match\": {\n          \"pattern\": \"YV*424\",\n          \"exclude\": \"SHx7\",\n          \"info\": \"F\"\n        },\n        \"satisfy\": [\n          \"\",\n          {\n            \"and\": [\n              {\n                \"or\": [\n                  {\n                    \"or\": [\n                      {\n                        \"mc\": \">=17\"\n                      },\n                      \"1_2uKD/M/&\",\n                      \"8O\",\n                      \"K?6=tLO\"\n                    ]\n                  },\n                  {\n                    \"and\": [\n                      \"z{02l+tU/d\",\n                      {\n                        \"and\": [\n                          \"c6`vt7BT[y\",\n                          \"c/>D\\\\/\\\\DhX\"\n                        ]\n                      },\n                      \"Z0r-YE/\",\n                      \"T 9\",\n                      \"\"\n                    ]\n                  },\n                  \"jzNt4#(y-D\",\n                  \"t\",\n                  {\n                    \"mc\": \"<=176\"\n                  }\n                ]\n              }\n            ]\n          }\n        ],\n        \"url\": \"http://3s.p3fash5w32u2apkhzsu0x12xgrpruu74-pshm13dlg.xb4suydrbtbp8p4khlob.ke035y4mj9auuffa.2mnxcux6r2fdd6bgxpidynirh0rjb5z9voxh5ak.ouhj/0%F1%B3%B8%88/s!V/RR.(CoxB$/!%F0%AC%BA%8C$xKKGNP/Gtks%F0%A1%A7%AC2,N/p+R\",\n        \"info\": \" =sLyX\",\n        \"isSelectable\": true\n      }\n    }\n  },\n  {\n    \"title\": \"block sample 2\",\n    \"value\": {\n      \"name\": \"7\",\n      \"ay\": 1991,\n      \"assign\": [\n        \"\",\n        \"!iS^ orkU\"\n      ],\n      \"match\": {\n        \"pattern\": \"MPQ48\",\n        \"exclude\": \"XH3*02F\",\n        \"info\": \"$z%\"\n      },\n      \"satisfy\": [],\n      \"info\": \"!Sz3|w)O0F\"\n    }\n  },\n  {\n    \"title\": \"block sample 3\",\n    \"value\": {\n      \"ay\": 2028,\n      \"assign\": \"&\",\n      \"match\": [\n        {\n          \"and\": [\n            {\n              \"and\": [\n                {\n                  \"and\": [\n                    \"HQ9199\",\n                    {\n                      \"pattern\": \"HTY50\",\n                      \"info\": \"}Qi%U\"\n                    }\n                  ]\n                },\n                {\n                  \"pattern\": \"YD8\",\n                  \"exclude\": \"HZ*0xR\",\n                  \"info\": \"y:1\\\"GC<m\"\n                },\n                \"KPM394*\",\n                {\n                  \"pattern\": \"QKK7*6\",\n                  \"exclude\": [\n                    \"ASV3H\",\n                    \"GA93L\",\n                    \"KJH9H\",\n                    \"MX56xF\"\n                  ],\n                  \"info\": \")%dGD_\"\n                },\n                {\n                  \"and\": [\n                    \"HG73\",\n                    {\n                      \"and\": []\n                    },\n                    \"KLM0*6X\",\n                    {\n                      \"pattern\": \"XDC0*x5W\",\n                      \"exclude\": [\n                        \"ES158G\",\n                        \"EX6K\"\n                      ],\n                      \"info\": \")43.dk7Z!\"\n                    }\n                  ]\n                }\n              ]\n            }\n          ]\n        },\n        {\n          \"pattern\": \"ZG*K\",\n          \"exclude\": \"BV*\"\n        },\n        {\n          \"or\": [\n            {\n              \"or\": [\n                {\n                  \"pattern\": \"ZY5310\",\n                  \"exclude\": \"ALU70\",\n                  \"info\": \"E8A-PM\"\n                },\n                \"HPS566L\",\n                {\n                  \"and\": [\n                    \"SN7x68O\",\n                    \"PD1\",\n                    \"RY2V\",\n                    \"QT9X\"\n                  ]\n                },\n                \"SAM390B\",\n                {\n                  \"or\": [\n                    \"NBN4373\",\n                    {\n                      \"and\": []\n                    }\n                  ]\n                }\n              ]\n            },\n            {\n              \"or\": [\n                {\n                  \"or\": []\n                },\n                \"YU7629Z\",\n                {\n                  \"pattern\": \"BDx0\",\n                  \"exclude\": [\n                    \"SOK34\",\n                    \"XSBx\",\n                    \"VCX475I\"\n                  ],\n                  \"info\": \"l(U05_I\"\n                },\n                \"RZ618*\",\n                {\n                  \"and\": [\n                    {\n                      \"and\": []\n                    },\n                    \"PP*002D\",\n                    \"RVH09xG\",\n                    \"CUX3\"\n                  ]\n                }\n              ]\n            }\n          ]\n        },\n        {\n          \"pattern\": \"JI4\",\n          \"exclude\": \"ODx2\",\n          \"info\": \"LQRUZC\"\n        },\n        {\n          \"and\": [\n            \"MLX1J\"\n          ]\n        }\n      ],\n      \"satisfy\": [\n        {\n          \"and\": []\n        },\n        {\n          \"mc\": \">=136\"\n        },\n        {\n          \"mc\": \"<=84\"\n        },\n        \")s6lL\"\n      ],\n      \"url\": \"http://c01qnrzw8w8k9bl--ddatjrv7kea4r8ef15g89-6rvchmc3ur2y0lf.8.cwiefoy/K%F2%95%8E%A5-xZ\",\n      \"info\": \"vr>\",\n      \"isSelectable\": true\n    }\n  },\n  {\n    \"title\": \"block sample 4\",\n    \"value\": {\n      \"ay\": 1952,\n      \"assign\": [\n        \"eUUjc3*/-B\",\n        \"\\\\A8\"\n      ],\n      \"match\": [\n        {\n          \"and\": [\n            \"MN*3I\",\n            {\n              \"and\": [\n                \"COV56X\",\n                \"RU2\",\n                \"RGO538U\"\n              ]\n            }\n          ]\n        }\n      ],\n      \"satisfy\": {\n        \"or\": [\n          {\n            \"or\": [\n              {\n                \"mc\": \"<=50\"\n              },\n              \"%S\"\n            ]\n          },\n          {\n            \"or\": []\n          },\n          {\n            \"and\": [\n              \"m!\"\n            ]\n          }\n        ]\n      },\n      \"url\": \"http://y.0psq9lx4d2i6vbl5lbi1n628capqwai1jiyhbp.cbdwf/%F1%9A%9D%A4/xQx%F2%B6%BD%AE/;.i;D,,\",\n      \"info\": \"jDR\\\\#|\",\n      \"isSelectable\": true,\n      \" {Q/D-h\": {\n        \"name\": \"~*_0MX\",\n        \"ay\": 1999,\n        \"assign\": \"bS\",\n        \"match\": {\n          \"or\": [\n            {\n              \"or\": []\n            },\n            {\n              \"pattern\": \"IAIx74\",\n              \"info\": \"E\\\"}?\"\n            },\n            \"NRO19Y\"\n          ]\n        },\n        \"satisfy\": {\n          \"or\": [\n            {\n              \"and\": [\n                \"|_mh??.+\",\n                \"eb']\"\n              ]\n            },\n            {\n              \"or\": [\n                {\n                  \"mc\": \"<=60\"\n                },\n                \"NyF1l[E[\"\n              ]\n            }\n          ]\n        },\n        \"url\": \"http://v.u1ok.ukurmqui/80DPr/K/3'7/k1:sx/0.%F0%B9%B4%A8D;0:yFb\",\n        \"info\": \"\",\n        \"isSelectable\": true\n      },\n      \"*+[!z;d-\": {\n        \"name\": \"!B -^d8[Gv\",\n        \"assign\": \"W<M\",\n        \"satisfy\": {\n          \"or\": [\n            \"\",\n            {\n              \"or\": [\n                {\n                  \"or\": [\n                    {\n                      \"mc\": \">=81\"\n                    },\n                    \"\",\n                    \"#g2$z6`_0\",\n                    {\n                      \"and\": [\n                        {\n                          \"and\": []\n                        },\n                        \"z:cmw\",\n                        \"7s282\",\n                        \"0|M|L[&\",\n                        \"p}G;$wZ\"\n                      ]\n                    },\n                    \"c L)_zi3\"\n                  ]\n                },\n                \"\",\n                \"%5% 2wd\",\n                \"E^(`\",\n                {\n                  \"mc\": \"<=124\"\n                }\n              ]\n            },\n            \"iCr7\",\n            {\n              \"and\": [\n                {\n                  \"and\": [\n                    \"drgE~\",\n                    {\n                      \"and\": [\n                        \"\",\n                        \"#bIj\"\n                      ]\n                    },\n                    {\n                      \"and\": [\n                        \"<eX\",\n                        \"\",\n                        \"#X71\"\n                      ]\n                    },\n                    {\n                      \"and\": [\n                        \"1%\",\n                        \"y3?DCZd8JV\",\n                        \"3wlY1\"\n                      ]\n                    }\n                  ]\n                },\n                {\n                  \"or\": [\n                    \"ctYU\",\n                    {\n                      \"mc\": \">=121\"\n                    },\n                    \"7%VI&\",\n                    \"W;.\",\n                    \"\"\n                  ]\n                }\n              ]\n            },\n            {\n              \"mc\": \"<=107\"\n            }\n          ]\n        },\n        \"url\": \"http://s.8rdgx7223fk51k392em8fsvfq689pjsf6e6biqrsstdp1ai-3zn-nfih0rlj76.g0175uxwxtk2wqlxkv.gn4ncmd9so.syl3xx5sxg9t6nizmwt.ptrzqsbybj/UkgZxpU/TN/gT%F3%8B%B8%9D9DFaL/Rh2TP/k1/~sJ/%F0%93%89%AAW@.O/2k_qXb=\",\n        \"info\": \"dH0h9><\",\n        \"isSelectable\": true\n      },\n      \"J!Jg$5,*\": {\n        \"name\": \"++A2F/[r\",\n        \"ay\": 2001,\n        \"match\": \"TJG66\",\n        \"satisfy\": {\n          \"or\": [\n            \"+\\\\{5nJw+Xl\"\n          ]\n        },\n        \"url\": \"https://asj74twlz2v7mj6lsnoqt8r7hvtd6ec8gkvxh9qytzmuyoyygvp8ymtiaw0zrc.0c7e1wsscphhf0-evds4xf3j5gi1de.neog/r-p%F4%8B%A1%93~K4CCl\",\n        \"Pks)F7@k~7\": {\n          \"name\": \"-~Sj2,q\",\n          \"ay\": 1987,\n          \"assign\": [\n            \"V P\\\\%dMD\"\n          ],\n          \"match\": {\n            \"or\": [\n              {\n                \"or\": [\n                  {\n                    \"and\": []\n                  },\n                  \"JJ859\",\n                  {\n                    \"pattern\": \"OJ35Q\",\n                    \"exclude\": [\n                      \"MX14x5H\",\n                      \"UT45*C\",\n                      \"VU857\"\n                    ],\n                    \"info\": \"\"\n                  },\n                  \"KWZ7\"\n                ]\n              },\n              \"JLLxxG\",\n              {\n                \"or\": [\n                  \"PO3\"\n                ]\n              },\n              {\n                \"and\": [\n                  {\n                    \"or\": [\n                      \"YUH26P\",\n                      {\n                        \"pattern\": \"DY6153O\",\n                        \"exclude\": [\n                          \"QW3R\",\n                          \"AVI2184\",\n                          \"PIE849\",\n                          \"HOF70V\",\n                          \"TYO74**M\"\n                        ],\n                        \"info\": \"6]pB9{?\"\n                      },\n                      \"BNX31x1\"\n                    ]\n                  },\n                  {\n                    \"pattern\": \"QEP09\",\n                    \"exclude\": \"MX1L\",\n                    \"info\": \"@w.]lB?V[y\"\n                  },\n                  {\n                    \"and\": [\n                      {\n                        \"or\": [\n                          {\n                            \"and\": [\n                              \"KCSx4\",\n                              \"KVE49\"\n                            ]\n                          }\n                        ]\n                      },\n                      {\n                        \"pattern\": \"DGH774M\",\n                        \"info\": \"[\"\n                      }\n                    ]\n                  }\n                ]\n              }\n            ]\n          },\n          \"satisfy\": {\n            \"mc\": \"<=97\"\n          },\n          \"url\": \"http://a1u6ihwwzypz12drqruqpsu387lfj76srtjj8htmlj3hrosmss099r.1no0arrm491qk2v01ue9s6-1miw1svkvn9yotetw34-l2ut9d4q5xi.h4r0h5fce47t4yfj1nkyawskzqsx7pr-o4nikzojq9ipl35c3i.kcf//AT%F1%A3%A0%8A%F3%A9%8C%8Fp/!FnI%F3%88%99%BEy/_8Lc%F2%8F%B2%8FdJ/tR/EQ/qSu-mm%F0%BC%BD%B2h\",\n          \"isSelectable\": true,\n          \"~}\": {\n            \"name\": \"<SP-i\",\n            \"ay\": 1980,\n            \"assign\": \"b1~dfWQ!X4\",\n            \"satisfy\": [\n              {\n                \"mc\": \">=152\"\n              }\n            ],\n            \"info\": \"([\",\n            \"isSelectable\": true\n          },\n          \"\\\"h'\": {\n            \"name\": \"Q|Ih`\\\"U\",\n            \"ay\": 1979,\n            \"assign\": [\n              \"``TeofZ8>m\",\n              \"@jSz=f;UFt\",\n              \"qxEOo\",\n              \"Z}hn+TR\\\"o<\"\n            ],\n            \"url\": \"https://jz6agwxj6bvjaz3x5w7.llsrmsmrie/WMnM5S/*H;l\",\n            \"info\": \"k;%\",\n            \"isSelectable\": true\n          },\n          \"3pEtg\": {\n            \"name\": \"LGl!K~d\",\n            \"ay\": 1984,\n            \"assign\": [\n              \";>B\",\n              \"/1$[?sK\"\n            ],\n            \"satisfy\": [\n              {\n                \"mc\": \">=117\"\n              },\n              \"9L (a$j\",\n              {\n                \"and\": []\n              }\n            ],\n            \"url\": \"https://dkicu11yjhl52.j.hwqgnv/)Pf!Pdg/HFp/VP$z//o6/uJ~mtT%F3%9A%95%96%F0%90%8F%A9C/burd/B(-~f/;RQ\",\n            \"info\": \";!}Tg#ju]\",\n            \"isSelectable\": true\n          },\n          \"tL\\\\$v4>vE=\": {\n            \"ay\": 1976,\n            \"assign\": \"f\",\n            \"match\": [\n              \"ZT7C\",\n              {\n                \"pattern\": \"MN27\",\n                \"exclude\": \"PN8x42B\",\n                \"info\": \"~B.EV-95\"\n              },\n              {\n                \"and\": []\n              }\n            ],\n            \"satisfy\": {\n              \"or\": [\n                {\n                  \"or\": [\n                    \"x@v$$Z0+5\",\n                    {\n                      \"mc\": \">=1\"\n                    },\n                    {\n                      \"and\": [\n                        \"u4<bCgz>nR\",\n                        {\n                          \"and\": [\n                            \"O%XJ-jhdvO\",\n                            \"T,D>\",\n                            \"a@f*[6t\"\n                          ]\n                        }\n                      ]\n                    },\n                    {\n                      \"mc\": \"<=111\"\n                    }\n                  ]\n                },\n                {\n                  \"mc\": \">=192\"\n                },\n                {\n                  \"mc\": \"<=18\"\n                }\n              ]\n            },\n            \"url\": \"http://b7z1xgrnh8d8la5ouwl53xz6dj1-93v58hqb9gl5gaye2vzvtkp17s7ow7ydmm.cg8jllbpzohkvz263kp15rfjj93i.k87mqj4s7o14a21hdx2woxvdu3jd7anxm3nyl4bn2gudplcuelki-jc2j.jrdaenoq/R%F1%BE%8E%ACD%F2%A9%B2%9A/,r9cYwe~U0/BM,6Q0/*6YpYvS/%F3%AC%82%B0W7e2\"\n          },\n          \"%bbzWR36\": {\n            \"ay\": 1976,\n            \"assign\": [\n              \"TulB]3uIM\",\n              \"`E\",\n              \"TJwx,Wv\",\n              \"<u\",\n              \"RLH\"\n            ],\n            \"match\": {\n              \"pattern\": \"AT936C\"\n            },\n            \"satisfy\": \"Sf-?2\\\\|6f\",\n            \"url\": \"https://yad14043opnu0z83tf.91cz.523sew529bepfclqtgiau6a4nq7b8ssyn5wksaxh172pmm.dgjkwmjrw/%F1%BE%9D%B3E/-@'/m$:S/mLfx&No/8)/%F2%9A%8B%8D~07eCT4/V8Vz*8*Ho/==%F0%A5%A3%B9.F\",\n            \"info\": \"Qg\"\n          }\n        },\n        \"#G}kT<-X%\": {\n          \"name\": \"[R:*q:N\",\n          \"ay\": 2009,\n          \"assign\": [\n            \"2^`zJToMw%\",\n            \"C+'\",\n            \"6d#^jq\",\n            \"S#c*g[8N~#\"\n          ],\n          \"match\": [\n            \"HREx4Z\",\n            {\n              \"or\": [\n                {\n                  \"or\": []\n                }\n              ]\n            },\n            {\n              \"pattern\": \"TKD6\",\n              \"exclude\": [\n                \"GW4x\",\n                \"NV6\",\n                \"HWL4U\",\n                \"XM273\"\n              ],\n              \"info\": \" @i~\"\n            }\n          ],\n          \"satisfy\": {\n            \"mc\": \">=162\"\n          },\n          \"url\": \"https://b.g1vr6.cvpn/R~V/yZ2%F1%89%83%8E/'MV%F3%AE%A9%AC/F20!adE,%F4%84%BE%966/4Zn_9/%F1%96%B6%88l92WP1;z-/X-\",\n          \"info\": \"7F}x,\",\n          \"isSelectable\": true\n        }\n      }\n    }\n  },\n  {\n    \"title\": \"block sample 5\",\n    \"value\": {\n      \"name\": \"$Yd%Gx$\",\n      \"assign\": [],\n      \"match\": \"NP4\",\n      \"satisfy\": [],\n      \"url\": \"http://765g6exe2bdgf5899o2bd8.b-5pa78n8tytdwch81eo-u5q2pgo0x8gt6ykzr5hfr95x8o04lrhoi6bard81ud.dl/S%F4%8B%BC%8C/@gd\",\n      \"info\": \"JW%\",\n      \"isSelectable\": true\n    }\n  },\n  {\n    \"title\": \"block sample 6\",\n    \"value\": {\n      \"name\": \".#E { \",\n      \"ay\": 2026,\n      \"assign\": [\n        \"6v&meYa*\\\"^\",\n        \"o nNsWe\"\n      ],\n      \"match\": [\n        {\n          \"or\": []\n        },\n        {\n          \"and\": [\n            {\n              \"or\": [\n                {\n                  \"and\": []\n                },\n                {\n                  \"and\": []\n                }\n              ]\n            },\n            {\n              \"pattern\": \"WDB1R\",\n              \"exclude\": \"LA0J\"\n            },\n            {\n              \"or\": [\n                \"QRP7\"\n              ]\n            },\n            \"KW114G\"\n          ]\n        },\n        {\n          \"and\": [\n            {\n              \"and\": [\n                {\n                  \"or\": [\n                    {\n                      \"pattern\": \"XE78Q\",\n                      \"exclude\": [\n                        \"ETx5\",\n                        \"KE2020G\"\n                      ],\n                      \"info\": \"~\\\"(W1l\"\n                    }\n                  ]\n                }\n              ]\n            }\n          ]\n        },\n        {\n          \"or\": [\n            {\n              \"and\": []\n            }\n          ]\n        },\n        \"RFQ51\"\n      ],\n      \"satisfy\": {\n        \"mc\": \"<=8\"\n      },\n      \"url\": \"http://usbr484nv9l0myemvngqe8he9-54000495aybem9dv7w0wou3i140rj401h9r0n.fdy3iz5.b3w9fceplfcnhwusia3b1gpi4m4eydt3g6u8t188f8w2v1imbv4u1t4ui.3.ybrybyacir/G/CH$/ZgW/tv(uNm,VK7/t1).g&j=eW\",\n      \"info\": \"!!A1 \\\"x. }\",\n      \"isSelectable\": true\n    }\n  },\n  {\n    \"title\": \"block sample 7\",\n    \"value\": {\n      \"name\": \"%w;oF67x\",\n      \"ay\": 1955,\n      \"assign\": [\n        \"\",\n        \"(wn3pJD~pK\",\n        \"q7Y.F\\\"5zZ\",\n        \"fQ|M8 L1\"\n      ],\n      \"match\": {\n        \"or\": [\n          {\n            \"pattern\": \"TTO4W\",\n            \"exclude\": [],\n            \"info\": \"\\\"x&{y\\\"\"\n          },\n          \"EDW66\",\n          {\n            \"and\": [\n              \"TX82\",\n              \"EP5*89M\",\n              {\n                \"pattern\": \"MYB8858\",\n                \"exclude\": [\n                  \"UJF*\",\n                  \"BU8\",\n                  \"PRC**P\",\n                  \"DC2x8\"\n                ],\n                \"info\": \"%&\"\n              },\n              \"GA890\",\n              \"OR7xV\"\n            ]\n          }\n        ]\n      },\n      \"satisfy\": \"%T|*3\\\"#}!*\",\n      \"url\": \"http://dw998f8aebnf0c1c9cqbf7952b0ab6brh-gnqz5m9ccd4gqf69796.9skjuck.elmwh4hnn13a07rgudwdtb75x8dxystkmypz.rtxm5tzqylg9vvtggurln4lroefbmego5dl3gjmzq7rty3pkkjp4hd8v.9-b9xba.hb/yKGo$C=\",\n      \"info\": \"a\",\n      \"isSelectable\": true\n    }\n  },\n  {\n    \"title\": \"block sample 8\",\n    \"value\": {\n      \"name\": \"or\",\n      \"ay\": 2008,\n      \"assign\": [],\n      \"match\": {\n        \"and\": [\n          {\n            \"or\": [\n              {\n                \"and\": [\n                  \"KLY7A\"\n                ]\n              },\n              {\n                \"pattern\": \"TCW8\",\n                \"exclude\": \"MTY7x7\",\n                \"info\": \"GEBngu\"\n              },\n              \"YNF0\",\n              \"SBC8O\"\n            ]\n          },\n          {\n            \"pattern\": \"AQ7I\",\n            \"exclude\": [\n              \"MRJ6\",\n              \"UFH9\",\n              \"RS8E\",\n              \"DPD4x2U\"\n            ],\n            \"info\": \"ENnMofn/KF\"\n          },\n          {\n            \"and\": [\n              \"CN1377\"\n            ]\n          }\n        ]\n      },\n      \"satisfy\": [\n        {\n          \"mc\": \"<=58\"\n        },\n        {\n          \"and\": [\n            {\n              \"or\": [\n                \"}\",\n                {\n                  \"mc\": \"<=91\"\n                },\n                \"TF[_\",\n                \"{1Qk\"\n              ]\n            }\n          ]\n        },\n        {\n          \"or\": [\n            {\n              \"and\": [\n                {\n                  \"mc\": \"<=38\"\n                },\n                {\n                  \"or\": [\n                    \"gs0Q7\",\n                    {\n                      \"or\": []\n                    },\n                    \"B+W0%go5\",\n                    \"Y4F8SBNSD@\"\n                  ]\n                },\n                \"X_\",\n                {\n                  \"mc\": \">=148\"\n                },\n                \"ML^\"\n              ]\n            },\n            {\n              \"mc\": \">=53\"\n            }\n          ]\n        }\n      ],\n      \"url\": \"https://j5d8020l3fs3yoxyreac9hovs4sab.4ghb2cyy3-7njd0c8-abexx8q08d0bc5dce8b8eutu5vrafn68a0cgz81sa.8wnthbsb7392ppu1iv0.2.elv//B9/a'/~M%F2%A8%98%A2UR8cL/ZS%F1%AD%B9%96C+x9/3\",\n      \"info\": \"\"\n    }\n  },\n  {\n    \"title\": \"block sample 9\",\n    \"value\": {\n      \"name\": \"uyNpVR\",\n      \"match\": [\n        \"BWE841R\",\n        {\n          \"or\": [\n            {\n              \"pattern\": \"UFFx72L\",\n              \"exclude\": [\n                \"NOD6H\"\n              ]\n            },\n            {\n              \"pattern\": \"HSL49Y\"\n            },\n            {\n              \"or\": []\n            },\n            {\n              \"and\": [\n                \"VR94x9L\"\n              ]\n            }\n          ]\n        },\n        {\n          \"pattern\": \"XHS7P\",\n          \"exclude\": [\n            \"FFW92\",\n            \"FC705E\",\n            \"PG7*9C\",\n            \"GPX205\",\n            \"OAL46Z\"\n          ],\n          \"info\": \"\"\n        }\n      ],\n      \"satisfy\": [],\n      \"url\": \"http://4c85hazeq8bo65kp6wquekq6q-84.d7bq2ng-z-m2wakazmem0e.r0n2vs8h8u4ob68.d.zcen/i1~%F3%BA%95%B65K/e0w;'He/43~7lB/%F0%BF%B3%A6/K0%F1%8D%8F%86z/B-/\",\n      \"info\": \" v%YS/0f\\\" \",\n      \"isSelectable\": true\n    }\n  }\n]",
              "code": "fast_check_1.sample(index_test_2.block, 10).forEach((sample, i) => addContext_1.default(this, {\n    title: `block sample ${i}`,\n    value: sample,\n}));\nreturn fast_check_1.assert(fast_check_1.property(index_test_2.block, ajvValidate));",
              "err": {},
              "uuid": "43f99451-a523-45bb-b91f-e917112e7749",
              "parentUUID": "8ae5cb05-d8ad-4a68-b7af-5c950e7e64c3",
              "isHook": false,
              "skipped": false
            },
            {
              "title": "should not validate non-object",
              "fullTitle": "blockSchema should not validate non-object",
              "timedOut": false,
              "duration": 2,
              "state": "passed",
              "speed": "fast",
              "pass": true,
              "fail": false,
              "pending": false,
              "context": null,
              "code": "const error = {\n    instancePath: \"\",\n    message: \"block should be an object\",\n};\nisInvalidBlock(null, error);\nisInvalidBlock(undefined, error);\nisInvalidBlock(10, error);\nisInvalidBlock([12, 24], error);\nisInvalidBlock(\"abc\", error);",
              "err": {},
              "uuid": "c275d33a-5dd5-4689-8e72-d83a397a2345",
              "parentUUID": "8ae5cb05-d8ad-4a68-b7af-5c950e7e64c3",
              "isHook": false,
              "skipped": false
            },
            {
              "title": "should not validate block with invalid properties",
              "fullTitle": "blockSchema should not validate block with invalid properties",
              "timedOut": false,
              "duration": 1,
              "state": "passed",
              "speed": "fast",
              "pass": true,
              "fail": false,
              "pending": false,
              "context": null,
              "code": "isInvalidBlock({\n        name: { foo: \"bar\" },\n        ay: -1000,\n        assign: {},\n        match: 1,\n        satisfy: 2,\n        url: { abc: \"def\" },\n        info: 42,\n        isSelectable: 32,\n    }, { instancePath: \"/name\", message: \"property 'name' should be a string\" }, {\n        instancePath: \"/ay\",\n        message: \"property 'ay' should be a positive integer\",\n    }, {\n        instancePath: \"/assign\",\n        message: \"property 'assign' should be either a block ID or an array of block IDs\",\n    }, {\n        instancePath: \"/match\",\n        message: \"property 'match' should be either a match rule or an array of match rules\",\n    }, {\n        instancePath: \"/satisfy\",\n        message: \"property 'satisfy' should be either a satisfy rule or an array of satisfy rules\",\n    }, { instancePath: \"/url\", message: \"property 'url' should be a string\" }, { instancePath: \"/info\", message: \"property 'info' should be a string\" }, {\n        instancePath: \"/isSelectable\",\n        message: \"property 'isSelectable' should be a boolean\",\n    })",
              "err": {},
              "uuid": "5c973dcc-3c1e-4d39-b15f-74270ff46bd9",
              "parentUUID": "8ae5cb05-d8ad-4a68-b7af-5c950e7e64c3",
              "isHook": false,
              "skipped": false
            }
          ],
          "suites": [],
          "passes": [
            "43f99451-a523-45bb-b91f-e917112e7749",
            "c275d33a-5dd5-4689-8e72-d83a397a2345",
            "5c973dcc-3c1e-4d39-b15f-74270ff46bd9"
          ],
          "failures": [],
          "pending": [],
          "skipped": [],
          "duration": 216,
          "root": false,
          "rootEmpty": false,
          "_timeout": 2000
        },
        {
          "uuid": "d3a9024e-f36d-476d-a900-7b1a8d2ad711",
          "title": "patternToRE",
          "fullFile": "/home/runner/work/planwithus-lib/planwithus-lib/src/matchRule/pattern/satisfiers.test.ts",
          "file": "/src/matchRule/pattern/satisfiers.test.ts",
          "beforeHooks": [],
          "afterHooks": [],
          "tests": [
            {
              "title": "should match valid modules with a single pattern",
              "fullTitle": "patternToRE should match valid modules with a single pattern",
              "timedOut": false,
              "duration": 17,
              "state": "passed",
              "speed": "fast",
              "pass": true,
              "fail": false,
              "pending": false,
              "context": "[\n  {\n    \"title\": \"patternExampleList sample 0\",\n    \"value\": [\n      \"UB5\",\n      [\n        \"UB5\"\n      ]\n    ]\n  },\n  {\n    \"title\": \"patternExampleList sample 1\",\n    \"value\": [\n      \"SL11\",\n      [\n        \"SL11\"\n      ]\n    ]\n  },\n  {\n    \"title\": \"patternExampleList sample 2\",\n    \"value\": [\n      \"AI5692I\",\n      [\n        \"AI5692I\"\n      ]\n    ]\n  },\n  {\n    \"title\": \"patternExampleList sample 3\",\n    \"value\": [\n      \"TMR56\",\n      [\n        \"TMR56\"\n      ]\n    ]\n  },\n  {\n    \"title\": \"patternExampleList sample 4\",\n    \"value\": [\n      \"RWD4\",\n      [\n        \"RWD4\"\n      ]\n    ]\n  },\n  {\n    \"title\": \"patternExampleList sample 5\",\n    \"value\": [\n      \"JCL6N\",\n      [\n        \"JCL6N\"\n      ]\n    ]\n  },\n  {\n    \"title\": \"patternExampleList sample 6\",\n    \"value\": [\n      \"SDQ4L\",\n      [\n        \"SDQ4L\"\n      ]\n    ]\n  },\n  {\n    \"title\": \"patternExampleList sample 7\",\n    \"value\": [\n      \"BXN75B\",\n      [\n        \"BXN75B\"\n      ]\n    ]\n  },\n  {\n    \"title\": \"patternExampleList sample 8\",\n    \"value\": [\n      \"IQCx\",\n      [\n        \"IQC8\",\n        \"IQC0\",\n        \"IQC5\",\n        \"IQC2\",\n        \"IQC1\",\n        \"IQC3\",\n        \"IQC7\",\n        \"IQC9\",\n        \"IQC6\",\n        \"IQC4\"\n      ]\n    ]\n  },\n  {\n    \"title\": \"patternExampleList sample 9\",\n    \"value\": [\n      \"ES52\",\n      [\n        \"ES52\"\n      ]\n    ]\n  }\n]",
              "code": "fast_check_1.sample(index_test_1.patternExampleList, 10).forEach((sample, i) => addContext_1.default(this, {\n    title: `patternExampleList sample ${i}`,\n    value: sample,\n}));\nreturn fast_check_1.assert(fast_check_1.property(index_test_1.patternExampleList, ([patternStr, examples]) => {\n    const re = _1.patternToRE(patternStr);\n    return examples.every(re.test.bind(re));\n}));",
              "err": {},
              "uuid": "97ea1e6f-e303-4feb-a87d-b9a71a1b7a44",
              "parentUUID": "d3a9024e-f36d-476d-a900-7b1a8d2ad711",
              "isHook": false,
              "skipped": false
            },
            {
              "title": "should match valid modules with multiple patterns",
              "fullTitle": "patternToRE should match valid modules with multiple patterns",
              "timedOut": false,
              "duration": 67,
              "state": "passed",
              "speed": "medium",
              "pass": true,
              "fail": false,
              "pending": false,
              "context": "[\n  {\n    \"title\": \"patternExampleListArray sample 0\",\n    \"value\": [\n      [\n        \"THP8\",\n        [\n          \"THP8\"\n        ]\n      ],\n      [\n        \"PV537\",\n        [\n          \"PV537\"\n        ]\n      ],\n      [\n        \"IHY844*L\",\n        [\n          \"IHY844ONL\",\n          \"IHY844UGFHPTL\",\n          \"IHY844XP5L\",\n          \"IHY844RDSUDWL\",\n          \"IHY844L\",\n          \"IHY844PDL\",\n          \"IHY844SNE4JL\",\n          \"IHY844STZ8Z99L\",\n          \"IHY8441VZL\",\n          \"IHY8449RU9L\",\n          \"IHY844LTL\"\n        ]\n      ],\n      [\n        \"EO51V\",\n        [\n          \"EO51V\"\n        ]\n      ]\n    ]\n  },\n  {\n    \"title\": \"patternExampleListArray sample 1\",\n    \"value\": [\n      [\n        \"JX1721Y\",\n        [\n          \"JX1721Y\"\n        ]\n      ],\n      [\n        \"WW572X\",\n        [\n          \"WW572X\"\n        ]\n      ]\n    ]\n  },\n  {\n    \"title\": \"patternExampleListArray sample 2\",\n    \"value\": [\n      [\n        \"IY1A\",\n        [\n          \"IY1A\"\n        ]\n      ],\n      [\n        \"LK7U\",\n        [\n          \"LK7U\"\n        ]\n      ],\n      [\n        \"EVW5\",\n        [\n          \"EVW5\"\n        ]\n      ]\n    ]\n  },\n  {\n    \"title\": \"patternExampleListArray sample 3\",\n    \"value\": [\n      [\n        \"WX**2x\",\n        [\n          \"WXDFH4L3FT21\",\n          \"WXOTHTZXRN2L23\",\n          \"WXF3SSDP2OHFSA8YX28\",\n          \"WXPB0P8I99HEX25\",\n          \"WXRJDQB48H24\",\n          \"WXTPHJSBQNY23\",\n          \"WXLB4Z26\"\n        ]\n      ],\n      [\n        \"ROX59\",\n        [\n          \"ROX59\"\n        ]\n      ],\n      [\n        \"PN8L\",\n        [\n          \"PN8L\"\n        ]\n      ]\n    ]\n  },\n  {\n    \"title\": \"patternExampleListArray sample 4\",\n    \"value\": [\n      [\n        \"PA743H\",\n        [\n          \"PA743H\"\n        ]\n      ],\n      [\n        \"FQH17\",\n        [\n          \"FQH17\"\n        ]\n      ],\n      [\n        \"XOU435E\",\n        [\n          \"XOU435E\"\n        ]\n      ],\n      [\n        \"AB4\",\n        [\n          \"AB4\"\n        ]\n      ],\n      [\n        \"OG0*\",\n        [\n          \"OG05CP4G\",\n          \"OG0UH0FVNTM\",\n          \"OG007CX0P\",\n          \"OG0XJ1\"\n        ]\n      ],\n      [\n        \"TGL*I\",\n        [\n          \"TGL0TC1PI\",\n          \"TGLFKI\",\n          \"TGLAWBIODWI\",\n          \"TGLI\",\n          \"TGLV9XVI\",\n          \"TGLFU616KKI\"\n        ]\n      ],\n      [\n        \"EED79S\",\n        [\n          \"EED79S\"\n        ]\n      ]\n    ]\n  },\n  {\n    \"title\": \"patternExampleListArray sample 5\",\n    \"value\": [\n      [\n        \"PM3H\",\n        [\n          \"PM3H\"\n        ]\n      ],\n      [\n        \"HZI9\",\n        [\n          \"HZI9\"\n        ]\n      ],\n      [\n        \"OPS*\",\n        [\n          \"OPS4CRKB\",\n          \"OPS7AD\",\n          \"OPSMV5E\",\n          \"OPSN\",\n          \"OPSI\",\n          \"OPSCX\",\n          \"OPSKRAL\",\n          \"OPSA7YDN\",\n          \"OPS57\",\n          \"OPS906CP0HJ\",\n          \"OPSX\"\n        ]\n      ],\n      [\n        \"YHxH\",\n        [\n          \"YH7H\",\n          \"YH6H\",\n          \"YH5H\",\n          \"YH8H\",\n          \"YH1H\"\n        ]\n      ]\n    ]\n  },\n  {\n    \"title\": \"patternExampleListArray sample 6\",\n    \"value\": [\n      [\n        \"EKL4K\",\n        [\n          \"EKL4K\"\n        ]\n      ],\n      [\n        \"GG36V\",\n        [\n          \"GG36V\"\n        ]\n      ]\n    ]\n  },\n  {\n    \"title\": \"patternExampleListArray sample 7\",\n    \"value\": [\n      [\n        \"VZ05\",\n        [\n          \"VZ05\"\n        ]\n      ],\n      [\n        \"CIM4\",\n        [\n          \"CIM4\"\n        ]\n      ],\n      [\n        \"RTV4M\",\n        [\n          \"RTV4M\"\n        ]\n      ],\n      [\n        \"HU2x6\",\n        [\n          \"HU206\",\n          \"HU276\"\n        ]\n      ],\n      [\n        \"AFP8x61\",\n        [\n          \"AFP8661\",\n          \"AFP8061\",\n          \"AFP8561\",\n          \"AFP8861\",\n          \"AFP8761\",\n          \"AFP8961\",\n          \"AFP8461\",\n          \"AFP8261\",\n          \"AFP8361\"\n        ]\n      ],\n      [\n        \"SQQ7xx4O\",\n        [\n          \"SQQ7404O\",\n          \"SQQ7344O\",\n          \"SQQ7994O\",\n          \"SQQ7514O\",\n          \"SQQ7194O\",\n          \"SQQ7604O\",\n          \"SQQ7414O\",\n          \"SQQ7504O\",\n          \"SQQ7534O\",\n          \"SQQ7294O\"\n        ]\n      ],\n      [\n        \"HDZ*\",\n        [\n          \"HDZ1U5FN\",\n          \"HDZOE3E\"\n        ]\n      ]\n    ]\n  },\n  {\n    \"title\": \"patternExampleListArray sample 8\",\n    \"value\": [\n      [\n        \"FB3*69\",\n        [\n          \"FB369\",\n          \"FB3IGP69\",\n          \"FB3S1T7HJT69\",\n          \"FB3NARE69\",\n          \"FB3T3NBNZPZ69\"\n        ]\n      ],\n      [\n        \"SW84\",\n        [\n          \"SW84\"\n        ]\n      ],\n      [\n        \"ZG*68\",\n        [\n          \"ZGA68\",\n          \"ZGHXD68\",\n          \"ZG699L68\",\n          \"ZGWA5IX468\",\n          \"ZGMCF968\",\n          \"ZG68\"\n        ]\n      ],\n      [\n        \"QB7x92\",\n        [\n          \"QB7792\",\n          \"QB7392\",\n          \"QB7492\",\n          \"QB7892\",\n          \"QB7992\",\n          \"QB7592\"\n        ]\n      ],\n      [\n        \"CZ0*5*U\",\n        [\n          \"CZ0QWX1V5KU\",\n          \"CZ0U5LVVN6QZU\",\n          \"CZ0DL3K57OFQU\",\n          \"CZ0552U\",\n          \"CZ0B5LHAG9NSU\"\n        ]\n      ],\n      [\n        \"RHx*\",\n        [\n          \"RH80BL4Z3K\"\n        ]\n      ],\n      [\n        \"MUD53\",\n        [\n          \"MUD53\"\n        ]\n      ],\n      [\n        \"ZFN*P\",\n        [\n          \"ZFNEP\",\n          \"ZFN9GZ2W15TP\",\n          \"ZFNGKKMFIP\"\n        ]\n      ],\n      [\n        \"EGCx0Q\",\n        [\n          \"EGC70Q\"\n        ]\n      ],\n      [\n        \"MB6A\",\n        [\n          \"MB6A\"\n        ]\n      ],\n      [\n        \"OP2G\",\n        [\n          \"OP2G\"\n        ]\n      ],\n      [\n        \"FL1x82\",\n        [\n          \"FL1482\",\n          \"FL1182\",\n          \"FL1882\",\n          \"FL1682\",\n          \"FL1982\",\n          \"FL1282\",\n          \"FL1382\",\n          \"FL1582\"\n        ]\n      ]\n    ]\n  },\n  {\n    \"title\": \"patternExampleListArray sample 9\",\n    \"value\": [\n      [\n        \"UE6\",\n        [\n          \"UE6\"\n        ]\n      ],\n      [\n        \"WP*50\",\n        [\n          \"WP50\",\n          \"WPAC5350\",\n          \"WPE9MA550\",\n          \"WP6C67E2B50\",\n          \"WPC50\",\n          \"WPL5CI50\"\n        ]\n      ]\n    ]\n  }\n]",
              "code": "const patternExampleListArray = fast_check_1.array(index_test_1.patternExampleList, { minLength: 1 });\nfast_check_1.sample(patternExampleListArray, 10).forEach((sample, i) => addContext_1.default(this, {\n    title: `patternExampleListArray sample ${i}`,\n    value: sample,\n}));\nreturn fast_check_1.assert(fast_check_1.property(patternExampleListArray, (ts) => {\n    const re = _1.patternToRE(...ts.map(([patternStr]) => patternStr));\n    return ts\n        .map(([, examples]) => examples)\n        .flat()\n        .every(re.test.bind(re));\n}));",
              "err": {},
              "uuid": "3d152738-f7d9-4491-ad59-ef35970099dc",
              "parentUUID": "d3a9024e-f36d-476d-a900-7b1a8d2ad711",
              "isHook": false,
              "skipped": false
            },
            {
              "title": "should not match x to non-number",
              "fullTitle": "patternToRE should not match x to non-number",
              "timedOut": false,
              "duration": 0,
              "state": "passed",
              "speed": "fast",
              "pass": true,
              "fail": false,
              "pending": false,
              "context": null,
              "code": "const re = _1.patternToRE(\"x\");\n[\"A\", \"Z\", \"c\", \"#\"].forEach((example) => isInvalidExample(re, example));",
              "err": {},
              "uuid": "f11c7799-2c40-4aaf-92f5-3480b88342c4",
              "parentUUID": "d3a9024e-f36d-476d-a900-7b1a8d2ad711",
              "isHook": false,
              "skipped": false
            },
            {
              "title": "should not match * to a substring composed of characters other than A-Z and 0-9",
              "fullTitle": "patternToRE should not match * to a substring composed of characters other than A-Z and 0-9",
              "timedOut": false,
              "duration": 0,
              "state": "passed",
              "speed": "fast",
              "pass": true,
              "fail": false,
              "pending": false,
              "context": null,
              "code": "const re = _1.patternToRE(\"*\");\n[\"c\", \"Ac\", \"cA\", \"0Ax\", \"x0A\", \"BA#\", \"#AB\"].forEach((example) => isInvalidExample(re, example));",
              "err": {},
              "uuid": "501c9bdf-1cae-4b4f-a370-3f2f4ed0c5fd",
              "parentUUID": "d3a9024e-f36d-476d-a900-7b1a8d2ad711",
              "isHook": false,
              "skipped": false
            },
            {
              "title": "should not match substrings",
              "fullTitle": "patternToRE should not match substrings",
              "timedOut": false,
              "duration": 0,
              "state": "passed",
              "speed": "fast",
              "pass": true,
              "fail": false,
              "pending": false,
              "context": null,
              "code": "const re = _1.patternToRE(\"A*xC\");\n[\"A1CZ\", \"AC1CZ\", \"ZA1C\", \"ZAC1C\", \"ZA1CZ\", \"ZAC1CZ\"].forEach((example) => isInvalidExample(re, example));",
              "err": {},
              "uuid": "299a7376-f047-4d8d-bcb5-cc9ed8c57eca",
              "parentUUID": "d3a9024e-f36d-476d-a900-7b1a8d2ad711",
              "isHook": false,
              "skipped": false
            }
          ],
          "suites": [],
          "passes": [
            "97ea1e6f-e303-4feb-a87d-b9a71a1b7a44",
            "3d152738-f7d9-4491-ad59-ef35970099dc",
            "f11c7799-2c40-4aaf-92f5-3480b88342c4",
            "501c9bdf-1cae-4b4f-a370-3f2f4ed0c5fd",
            "299a7376-f047-4d8d-bcb5-cc9ed8c57eca"
          ],
          "failures": [],
          "pending": [],
          "skipped": [],
          "duration": 84,
          "root": false,
          "rootEmpty": false,
          "_timeout": 2000
        },
        {
          "uuid": "55982515-74e1-47ca-9108-e48a15b10f13",
          "title": "patternSatisfier",
          "fullFile": "/home/runner/work/planwithus-lib/planwithus-lib/src/matchRule/pattern/satisfiers.test.ts",
          "file": "/src/matchRule/pattern/satisfiers.test.ts",
          "beforeHooks": [],
          "afterHooks": [],
          "tests": [
            {
              "title": "should assign all modules with *",
              "fullTitle": "patternSatisfier should assign all modules with *",
              "timedOut": false,
              "duration": 1,
              "state": "passed",
              "speed": "fast",
              "pass": true,
              "fail": false,
              "pending": false,
              "context": null,
              "code": "const { assign } = satisfiers_1.patternSatisfier(ref, \"*\");\nisCorrectAssign(assign, modulesList1, modulesList1.map(([moduleStr]) => moduleStr));",
              "err": {},
              "uuid": "4fa250a8-5e42-4614-929c-44d0554fa8ed",
              "parentUUID": "55982515-74e1-47ca-9108-e48a15b10f13",
              "isHook": false,
              "skipped": false
            },
            {
              "title": "should assign only valid modules with pattern containing *",
              "fullTitle": "patternSatisfier should assign only valid modules with pattern containing *",
              "timedOut": false,
              "duration": 0,
              "state": "passed",
              "speed": "fast",
              "pass": true,
              "fail": false,
              "pending": false,
              "context": null,
              "code": "const { assign } = satisfiers_1.patternSatisfier(ref, \"CS2*\");\nisCorrectAssign(assign, modulesList1, [\"CS2100\", \"CS2040S\", \"CS2030\"]);",
              "err": {},
              "uuid": "f41d3e16-596a-46c8-872d-7f71fccbc91e",
              "parentUUID": "55982515-74e1-47ca-9108-e48a15b10f13",
              "isHook": false,
              "skipped": false
            },
            {
              "title": "should assign only valid modules with pattern containing x",
              "fullTitle": "patternSatisfier should assign only valid modules with pattern containing x",
              "timedOut": false,
              "duration": 0,
              "state": "passed",
              "speed": "fast",
              "pass": true,
              "fail": false,
              "pending": false,
              "context": null,
              "code": "const { assign } = satisfiers_1.patternSatisfier(ref, \"CS20xx\");\nisCorrectAssign(assign, modulesList1, [\"CS2030\"]);",
              "err": {},
              "uuid": "8f4cf6e4-6e05-41b5-8778-8c37f526c9cd",
              "parentUUID": "55982515-74e1-47ca-9108-e48a15b10f13",
              "isHook": false,
              "skipped": false
            },
            {
              "title": "should assign only valid modules with pattern containing x and *",
              "fullTitle": "patternSatisfier should assign only valid modules with pattern containing x and *",
              "timedOut": false,
              "duration": 0,
              "state": "passed",
              "speed": "fast",
              "pass": true,
              "fail": false,
              "pending": false,
              "context": null,
              "code": "const { assign } = satisfiers_1.patternSatisfier(ref, \"CS20xx*\");\nisCorrectAssign(assign, modulesList1, [\"CS2040S\", \"CS2030\"]);",
              "err": {},
              "uuid": "8991abc2-403f-4af8-8d40-c7d52a0f87e0",
              "parentUUID": "55982515-74e1-47ca-9108-e48a15b10f13",
              "isHook": false,
              "skipped": false
            }
          ],
          "suites": [],
          "passes": [
            "4fa250a8-5e42-4614-929c-44d0554fa8ed",
            "f41d3e16-596a-46c8-872d-7f71fccbc91e",
            "8f4cf6e4-6e05-41b5-8778-8c37f526c9cd",
            "8991abc2-403f-4af8-8d40-c7d52a0f87e0"
          ],
          "failures": [],
          "pending": [],
          "skipped": [],
          "duration": 1,
          "root": false,
          "rootEmpty": false,
          "_timeout": 2000
        },
        {
          "uuid": "9008107b-2092-430e-96f1-feb285d64083",
          "title": "patternSchema",
          "fullFile": "/home/runner/work/planwithus-lib/planwithus-lib/src/matchRule/pattern/schemas.test.ts",
          "file": "/src/matchRule/pattern/schemas.test.ts",
          "beforeHooks": [],
          "afterHooks": [],
          "tests": [
            {
              "title": "should validate non-empty pattern composed of A-Z, 0-9, x or *",
              "fullTitle": "patternSchema should validate non-empty pattern composed of A-Z, 0-9, x or *",
              "timedOut": false,
              "duration": 2,
              "state": "passed",
              "speed": "fast",
              "pass": true,
              "fail": false,
              "pending": false,
              "context": "[\n  {\n    \"title\": \"pattern sample 0\",\n    \"value\": \"NWN2\"\n  },\n  {\n    \"title\": \"pattern sample 1\",\n    \"value\": \"AFI8041\"\n  },\n  {\n    \"title\": \"pattern sample 2\",\n    \"value\": \"TR4O\"\n  },\n  {\n    \"title\": \"pattern sample 3\",\n    \"value\": \"CI20\"\n  },\n  {\n    \"title\": \"pattern sample 4\",\n    \"value\": \"HK76*9\"\n  },\n  {\n    \"title\": \"pattern sample 5\",\n    \"value\": \"CE7\"\n  },\n  {\n    \"title\": \"pattern sample 6\",\n    \"value\": \"EZ93U\"\n  },\n  {\n    \"title\": \"pattern sample 7\",\n    \"value\": \"WI64\"\n  },\n  {\n    \"title\": \"pattern sample 8\",\n    \"value\": \"IM3R\"\n  },\n  {\n    \"title\": \"pattern sample 9\",\n    \"value\": \"BI6T\"\n  }\n]",
              "code": "fast_check_1.sample(index_test_2.pattern, 10).forEach((sample, i) => addContext_1.default(this, {\n    title: `pattern sample ${i}`,\n    value: sample,\n}));\nreturn fast_check_1.assert(fast_check_1.property(index_test_2.pattern, ajvValidate), {\n    examples: [[\"*\"], [\"ACC1002\"], [\"IS1103\"], [\"CS1231S\"], [\"MA1102R\"]],\n});",
              "err": {},
              "uuid": "1574a903-173c-421f-8e16-5757ce6f9153",
              "parentUUID": "9008107b-2092-430e-96f1-feb285d64083",
              "isHook": false,
              "skipped": false
            },
            {
              "title": "should not validate empty pattern",
              "fullTitle": "patternSchema should not validate empty pattern",
              "timedOut": false,
              "duration": 0,
              "state": "passed",
              "speed": "fast",
              "pass": true,
              "fail": false,
              "pending": false,
              "context": null,
              "code": "isInvalidPattern(\"\")",
              "err": {},
              "uuid": "8accde16-1f56-4ed0-844d-7ceaec82e6bf",
              "parentUUID": "9008107b-2092-430e-96f1-feb285d64083",
              "isHook": false,
              "skipped": false
            },
            {
              "title": "should not validate pattern with invalid characters",
              "fullTitle": "patternSchema should not validate pattern with invalid characters",
              "timedOut": false,
              "duration": 1,
              "state": "passed",
              "speed": "fast",
              "pass": true,
              "fail": false,
              "pending": false,
              "context": null,
              "code": "[\"AB123a\", \"Ac123a\", \"AB123^S\", \"AB1*3^S\", \"$A1*3^S\", \"/A1x33S\"].forEach(isInvalidPattern)",
              "err": {},
              "uuid": "fff2b3e8-8740-4a74-a546-71ca862f36f8",
              "parentUUID": "9008107b-2092-430e-96f1-feb285d64083",
              "isHook": false,
              "skipped": false
            }
          ],
          "suites": [],
          "passes": [
            "1574a903-173c-421f-8e16-5757ce6f9153",
            "8accde16-1f56-4ed0-844d-7ceaec82e6bf",
            "fff2b3e8-8740-4a74-a546-71ca862f36f8"
          ],
          "failures": [],
          "pending": [],
          "skipped": [],
          "duration": 3,
          "root": false,
          "rootEmpty": false,
          "_timeout": 2000
        },
        {
          "uuid": "e162c56d-3126-4def-a621-7fd7f555c7e1",
          "title": "patternMatchRuleSatisfier",
          "fullFile": "/home/runner/work/planwithus-lib/planwithus-lib/src/matchRule/satisfiers.test.ts",
          "file": "/src/matchRule/satisfiers.test.ts",
          "beforeHooks": [],
          "afterHooks": [],
          "tests": [
            {
              "title": "should assign only valid modules with pattern match rule containing no exclude patterns",
              "fullTitle": "patternMatchRuleSatisfier should assign only valid modules with pattern match rule containing no exclude patterns",
              "timedOut": false,
              "duration": 1,
              "state": "passed",
              "speed": "fast",
              "pass": true,
              "fail": false,
              "pending": false,
              "context": null,
              "code": "const { assign } = satisfiers_1.patternMatchRuleSatisfier(ref, { pattern: \"CS1xxx*\" });\nisCorrectAssign(assign, modulesList1, [\"CS1231\", \"CS1231S\"]);",
              "err": {},
              "uuid": "46dd5ab6-5061-470c-bdc3-1c540e165621",
              "parentUUID": "e162c56d-3126-4def-a621-7fd7f555c7e1",
              "isHook": false,
              "skipped": false
            },
            {
              "title": "should assign only valid modules with pattern match rule containing an exclude pattern",
              "fullTitle": "patternMatchRuleSatisfier should assign only valid modules with pattern match rule containing an exclude pattern",
              "timedOut": false,
              "duration": 0,
              "state": "passed",
              "speed": "fast",
              "pass": true,
              "fail": false,
              "pending": false,
              "context": null,
              "code": "const { assign } = satisfiers_1.patternMatchRuleSatisfier(ref, {\n    pattern: \"MA1xxx*\",\n    exclude: \"MA15xx\",\n});\nisCorrectAssign(assign, modulesList1, [\n    \"MA1100\",\n    \"MA1101R\",\n    \"MA1102R\",\n    \"MA1511A\",\n]);",
              "err": {},
              "uuid": "c20641a5-7224-4d3b-aed4-f35c90ba90c8",
              "parentUUID": "e162c56d-3126-4def-a621-7fd7f555c7e1",
              "isHook": false,
              "skipped": false
            },
            {
              "title": "should assign only valid modules with pattern match rule containing multiple exclude patterns",
              "fullTitle": "patternMatchRuleSatisfier should assign only valid modules with pattern match rule containing multiple exclude patterns",
              "timedOut": false,
              "duration": 0,
              "state": "passed",
              "speed": "fast",
              "pass": true,
              "fail": false,
              "pending": false,
              "context": null,
              "code": "const { assign } = satisfiers_1.patternMatchRuleSatisfier(ref, {\n    pattern: \"MA*\",\n    exclude: [\"MA151x*\", \"MA2xxx\"],\n});\nisCorrectAssign(assign, modulesList1, [\n    \"MA1100\",\n    \"MA1101R\",\n    \"MA1102R\",\n    \"MA1507\",\n    \"MA1521\",\n    \"MA2101S\",\n]);",
              "err": {},
              "uuid": "f77051e3-4a88-4c31-bb05-d87c4c84db43",
              "parentUUID": "e162c56d-3126-4def-a621-7fd7f555c7e1",
              "isHook": false,
              "skipped": false
            }
          ],
          "suites": [],
          "passes": [
            "46dd5ab6-5061-470c-bdc3-1c540e165621",
            "c20641a5-7224-4d3b-aed4-f35c90ba90c8",
            "f77051e3-4a88-4c31-bb05-d87c4c84db43"
          ],
          "failures": [],
          "pending": [],
          "skipped": [],
          "duration": 1,
          "root": false,
          "rootEmpty": false,
          "_timeout": 2000
        },
        {
          "uuid": "4140d909-86e9-4b20-b830-f4f86e0d2887",
          "title": "matchRuleSchema",
          "fullFile": "/home/runner/work/planwithus-lib/planwithus-lib/src/matchRule/schemas.test.ts",
          "file": "/src/matchRule/schemas.test.ts",
          "beforeHooks": [],
          "afterHooks": [],
          "tests": [
            {
              "title": "should validate match rule with valid pattern",
              "fullTitle": "matchRuleSchema should validate match rule with valid pattern",
              "timedOut": false,
              "duration": 2,
              "state": "passed",
              "speed": "fast",
              "pass": true,
              "fail": false,
              "pending": false,
              "context": "[\n  {\n    \"title\": \"pattern sample 0\",\n    \"value\": \"BFB396\"\n  },\n  {\n    \"title\": \"pattern sample 1\",\n    \"value\": \"MMA808E\"\n  },\n  {\n    \"title\": \"pattern sample 2\",\n    \"value\": \"TL*53T\"\n  },\n  {\n    \"title\": \"pattern sample 3\",\n    \"value\": \"BPS*439\"\n  },\n  {\n    \"title\": \"pattern sample 4\",\n    \"value\": \"FOL04U\"\n  },\n  {\n    \"title\": \"pattern sample 5\",\n    \"value\": \"BE9S\"\n  },\n  {\n    \"title\": \"pattern sample 6\",\n    \"value\": \"FHR82\"\n  },\n  {\n    \"title\": \"pattern sample 7\",\n    \"value\": \"DWF38\"\n  },\n  {\n    \"title\": \"pattern sample 8\",\n    \"value\": \"GPF861\"\n  },\n  {\n    \"title\": \"pattern sample 9\",\n    \"value\": \"TBL7467T\"\n  }\n]",
              "code": "fast_check_1.sample(index_test_3.pattern, 10).forEach((sample, i) => addContext_1.default(this, {\n    title: `pattern sample ${i}`,\n    value: sample,\n}));\nreturn fast_check_1.assert(fast_check_1.property(index_test_3.pattern, ajvValidate));",
              "err": {},
              "uuid": "35181cb0-bc2e-4376-b928-6efd78e620a5",
              "parentUUID": "4140d909-86e9-4b20-b830-f4f86e0d2887",
              "isHook": false,
              "skipped": false
            },
            {
              "title": "should validate match rules with valid pattern, exclude and info",
              "fullTitle": "matchRuleSchema should validate match rules with valid pattern, exclude and info",
              "timedOut": false,
              "duration": 3,
              "state": "passed",
              "speed": "fast",
              "pass": true,
              "fail": false,
              "pending": false,
              "context": "[\n  {\n    \"title\": \"patternMatchRule sample 0\",\n    \"value\": {\n      \"pattern\": \"QI5\",\n      \"exclude\": \"VXY9585L\",\n      \"info\": \"S|m\"\n    }\n  },\n  {\n    \"title\": \"patternMatchRule sample 1\",\n    \"value\": {\n      \"pattern\": \"KR85T\",\n      \"exclude\": [],\n      \"info\": \"Asq~9w#3p\"\n    }\n  },\n  {\n    \"title\": \"patternMatchRule sample 2\",\n    \"value\": {\n      \"pattern\": \"MJ64\",\n      \"exclude\": [\n        \"WHV31P\",\n        \"TNE37xS\",\n        \"RG2S\",\n        \"XWW*V\"\n      ],\n      \"info\": \"U\\\"}\"\n    }\n  },\n  {\n    \"title\": \"patternMatchRule sample 3\",\n    \"value\": {\n      \"pattern\": \"JT128\",\n      \"exclude\": [\n        \"YCJ1*8\",\n        \"BZH81G\"\n      ],\n      \"info\": \"\"\n    }\n  },\n  {\n    \"title\": \"patternMatchRule sample 4\",\n    \"value\": {\n      \"pattern\": \"SIO*7P\",\n      \"exclude\": \"OJR2x82R\",\n      \"info\": \"\"\n    }\n  },\n  {\n    \"title\": \"patternMatchRule sample 5\",\n    \"value\": {\n      \"pattern\": \"EO725*\",\n      \"exclude\": \"JDG088\",\n      \"info\": \"[Fzd>\"\n    }\n  },\n  {\n    \"title\": \"patternMatchRule sample 6\",\n    \"value\": {\n      \"pattern\": \"DW7x5\",\n      \"exclude\": \"EZR5\",\n      \"info\": \"u<s\"\n    }\n  },\n  {\n    \"title\": \"patternMatchRule sample 7\",\n    \"value\": {\n      \"pattern\": \"OI80\",\n      \"exclude\": [\n        \"SQ5\",\n        \"HRZ2\",\n        \"SLC52\",\n        \"ALL58\"\n      ]\n    }\n  },\n  {\n    \"title\": \"patternMatchRule sample 8\",\n    \"value\": {\n      \"pattern\": \"FIxM\",\n      \"exclude\": [\n        \"SFU55x8\",\n        \"KD83\"\n      ]\n    }\n  },\n  {\n    \"title\": \"patternMatchRule sample 9\",\n    \"value\": {\n      \"pattern\": \"BOD69\",\n      \"exclude\": [\n        \"CW*5*S\",\n        \"GW1K\",\n        \"WBH07\",\n        \"EE0*79I\"\n      ]\n    }\n  }\n]",
              "code": "fast_check_1.sample(index_test_2.patternMatchRule, 10).forEach((sample, i) => addContext_1.default(this, {\n    title: `patternMatchRule sample ${i}`,\n    value: sample,\n}));\nreturn fast_check_1.assert(fast_check_1.property(index_test_2.patternMatchRule, ajvValidate));",
              "err": {},
              "uuid": "851e67a5-2f41-45cf-9893-d919af463e4d",
              "parentUUID": "4140d909-86e9-4b20-b830-f4f86e0d2887",
              "isHook": false,
              "skipped": false
            },
            {
              "title": "should validate valid recursive match rules",
              "fullTitle": "matchRuleSchema should validate valid recursive match rules",
              "timedOut": false,
              "duration": 6,
              "state": "passed",
              "speed": "fast",
              "pass": true,
              "fail": false,
              "pending": false,
[...]
              "title": "should preserve list of modules with upper bound of MCs if total MC count is equal",
              "fullTitle": "inequalitySatisfier should preserve list of modules with upper bound of MCs if total MC count is equal",
              "timedOut": false,
              "duration": 1,
              "state": "passed",
              "speed": "fast",
              "pass": true,
              "fail": false,
              "pending": false,
              "context": null,
              "code": "const satisfier = satisfiers_1.inequalitySatisfier(ref, \"<=28\");\nsatisfier.should.have.property(\"filter\");\nconst { filter } = satisfier;\nisCorrectFilter(filter, modulesList1, modulesList1.map(([moduleStr]) => moduleStr));",
              "err": {},
              "uuid": "e8727bcf-782c-4285-b4fe-9a2232d878c4",
              "parentUUID": "824ad09c-5bcb-45a0-88b1-d586a2a27028",
              "isHook": false,
              "skipped": false
            },
            {
              "title": "should preserve list of modules with upper bound of MCs if total MC count is lower",
              "fullTitle": "inequalitySatisfier should preserve list of modules with upper bound of MCs if total MC count is lower",
              "timedOut": false,
              "duration": 0,
              "state": "passed",
              "speed": "fast",
              "pass": true,
              "fail": false,
              "pending": false,
              "context": null,
              "code": "const satisfier = satisfiers_1.inequalitySatisfier(ref, \"<=32\");\nsatisfier.should.have.property(\"filter\");\nconst { filter } = satisfier;\nisCorrectFilter(filter, modulesList1, modulesList1.map(([moduleStr]) => moduleStr));",
              "err": {},
              "uuid": "78a099fa-baf5-4e5a-98e5-303b113dcee4",
              "parentUUID": "824ad09c-5bcb-45a0-88b1-d586a2a27028",
              "isHook": false,
              "skipped": false
            },
            {
              "title": "should truncate list of modules with upper bound of MCs at exact cutoff if total MC count is higher and there exists some starting sequence with exact MC count",
              "fullTitle": "inequalitySatisfier should truncate list of modules with upper bound of MCs at exact cutoff if total MC count is higher and there exists some starting sequence with exact MC count",
              "timedOut": false,
              "duration": 1,
              "state": "passed",
              "speed": "fast",
              "pass": true,
              "fail": false,
              "pending": false,
              "context": null,
              "code": "const satisfier = satisfiers_1.inequalitySatisfier(ref, \"<=16\");\nsatisfier.should.have.property(\"filter\");\nconst { filter } = satisfier;\nisCorrectFilter(filter, modulesList1, [\n    \"CS2100\",\n    \"GER1000\",\n    \"CS2040S\",\n    \"ST2131\",\n]);",
              "err": {},
              "uuid": "dc779923-ac78-4fc7-84a0-611141f6c233",
              "parentUUID": "824ad09c-5bcb-45a0-88b1-d586a2a27028",
              "isHook": false,
              "skipped": false
            },
            {
              "title": "should truncate list of modules with upper bound of MCs, cutting off at the minimum starting sequence that exceeds upper bound, if total MC count is higher and there exists no starting sequence with exact MC count",
              "fullTitle": "inequalitySatisfier should truncate list of modules with upper bound of MCs, cutting off at the minimum starting sequence that exceeds upper bound, if total MC count is higher and there exists no starting sequence with exact MC count",
              "timedOut": false,
              "duration": 0,
              "state": "passed",
              "speed": "fast",
              "pass": true,
              "fail": false,
              "pending": false,
              "context": null,
              "code": "const satisfier = satisfiers_1.inequalitySatisfier(ref, \"<=17\");\nsatisfier.should.have.property(\"filter\");\nconst { filter } = satisfier;\nisCorrectFilter(filter, modulesList1, [\n    \"CS2100\",\n    \"GER1000\",\n    \"CS2040S\",\n    \"ST2131\",\n    \"MA1521\",\n]);",
              "err": {},
              "uuid": "2aff8e3d-ff29-4f01-868d-2f09aa0ff283",
              "parentUUID": "824ad09c-5bcb-45a0-88b1-d586a2a27028",
              "isHook": false,
              "skipped": false
            }
          ],
          "suites": [],
          "passes": [
            "9002f51c-8a82-4cea-af02-156dc69b9fda",
            "f2291fbc-f70e-42b2-a118-004868a970b1",
            "c5833f0d-bf48-4be4-8ed1-aee818f1ecf1",
            "e8727bcf-782c-4285-b4fe-9a2232d878c4",
            "78a099fa-baf5-4e5a-98e5-303b113dcee4",
            "dc779923-ac78-4fc7-84a0-611141f6c233",
            "2aff8e3d-ff29-4f01-868d-2f09aa0ff283"
          ],
          "failures": [],
          "pending": [],
          "skipped": [],
          "duration": 2,
          "root": false,
          "rootEmpty": false,
          "_timeout": 2000
        },
        {
          "uuid": "c7a52002-7b0c-41b4-901b-baa8fce2c79f",
          "title": "inequalitySchema",
          "fullFile": "/home/runner/work/planwithus-lib/planwithus-lib/src/satisfyRule/inequality/schemas.test.ts",
          "file": "/src/satisfyRule/inequality/schemas.test.ts",
          "beforeHooks": [],
          "afterHooks": [],
          "tests": [
            {
              "title": "should validate inequality in the form <=n or >=n",
              "fullTitle": "inequalitySchema should validate inequality in the form <=n or >=n",
              "timedOut": false,
              "duration": 1,
              "state": "passed",
              "speed": "fast",
              "pass": true,
              "fail": false,
              "pending": false,
              "context": "[\n  {\n    \"title\": \"inequality sample 0\",\n    \"value\": \">=4\"\n  },\n  {\n    \"title\": \"inequality sample 1\",\n    \"value\": \">=3\"\n  },\n  {\n    \"title\": \"inequality sample 2\",\n    \"value\": \"<=34\"\n  },\n  {\n    \"title\": \"inequality sample 3\",\n    \"value\": \"<=197\"\n  },\n  {\n    \"title\": \"inequality sample 4\",\n    \"value\": \">=158\"\n  },\n  {\n    \"title\": \"inequality sample 5\",\n    \"value\": \"<=150\"\n  },\n  {\n    \"title\": \"inequality sample 6\",\n    \"value\": \"<=6\"\n  },\n  {\n    \"title\": \"inequality sample 7\",\n    \"value\": \">=40\"\n  },\n  {\n    \"title\": \"inequality sample 8\",\n    \"value\": \">=7\"\n  },\n  {\n    \"title\": \"inequality sample 9\",\n    \"value\": \">=49\"\n  }\n]",
              "code": "fast_check_1.sample(index_test_2.inequality, 10).forEach((sample, i) => addContext_1.default(this, {\n    title: `inequality sample ${i}`,\n    value: sample,\n}));\nreturn fast_check_1.assert(fast_check_1.property(index_test_2.inequality, ajvValidate));",
              "err": {},
              "uuid": "719ec05f-18ca-4537-a455-91d36ad9c0bc",
              "parentUUID": "c7a52002-7b0c-41b4-901b-baa8fce2c79f",
              "isHook": false,
              "skipped": false
            },
            {
              "title": "should not validate inequality of invalid form",
              "fullTitle": "inequalitySchema should not validate inequality of invalid form",
              "timedOut": false,
              "duration": 1,
              "state": "passed",
              "speed": "fast",
              "pass": true,
              "fail": false,
              "pending": false,
              "context": null,
              "code": "[\n        \"\",\n        \"==23\",\n        \"23\",\n        \"<23\",\n        \">23\",\n        \"<=-1\",\n        \">=-1\",\n        \"<= 2\",\n        \">= 1\",\n        \"> 3\",\n        \"< 3\",\n        \"<=3a\",\n        \">=3a\",\n        \"a<=3\",\n        \"a>=3\",\n    ].forEach(isInvalidInequality)",
              "err": {},
              "uuid": "26e01efb-6a4c-4c8a-91dd-72c0cbce4b2b",
              "parentUUID": "c7a52002-7b0c-41b4-901b-baa8fce2c79f",
              "isHook": false,
              "skipped": false
            }
          ],
          "suites": [],
          "passes": [
            "719ec05f-18ca-4537-a455-91d36ad9c0bc",
            "26e01efb-6a4c-4c8a-91dd-72c0cbce4b2b"
          ],
          "failures": [],
          "pending": [],
          "skipped": [],
          "duration": 2,
          "root": false,
          "rootEmpty": false,
          "_timeout": 2000
        },
        {
          "uuid": "a1262b87-fd04-4cf4-91ed-980a7b4f7a2e",
          "title": "satisfyRuleSchema",
          "fullFile": "/home/runner/work/planwithus-lib/planwithus-lib/src/satisfyRule/schemas.test.ts",
          "file": "/src/satisfyRule/schemas.test.ts",
          "beforeHooks": [],
          "afterHooks": [],
          "tests": [
            {
              "title": "should validate satisfy rule with valid block id",
              "fullTitle": "satisfyRuleSchema should validate satisfy rule with valid block id",
              "timedOut": false,
              "duration": 1,
              "state": "passed",
              "speed": "fast",
              "pass": true,
              "fail": false,
              "pending": false,
              "context": null,
              "code": "fast_check_1.assert(fast_check_1.property(fast_check_1.string(), ajvValidate)",
              "err": {},
              "uuid": "0395d42a-eaa1-414a-96bb-edea33c71adc",
              "parentUUID": "a1262b87-fd04-4cf4-91ed-980a7b4f7a2e",
              "isHook": false,
              "skipped": false
            },
            {
              "title": "should validate satisfy rules with valid mc",
              "fullTitle": "satisfyRuleSchema should validate satisfy rules with valid mc",
              "timedOut": false,
              "duration": 1,
              "state": "passed",
              "speed": "fast",
              "pass": true,
              "fail": false,
              "pending": false,
              "context": "[\n  {\n    \"title\": \"mcSatisfyRule sample 0\",\n    \"value\": {\n      \"mc\": \"<=4\"\n    }\n  },\n  {\n    \"title\": \"mcSatisfyRule sample 1\",\n    \"value\": {\n      \"mc\": \"<=193\"\n    }\n  },\n  {\n    \"title\": \"mcSatisfyRule sample 2\",\n    \"value\": {\n      \"mc\": \">=2\"\n    }\n  },\n  {\n    \"title\": \"mcSatisfyRule sample 3\",\n    \"value\": {\n      \"mc\": \"<=71\"\n    }\n  },\n  {\n    \"title\": \"mcSatisfyRule sample 4\",\n    \"value\": {\n      \"mc\": \">=172\"\n    }\n  },\n  {\n    \"title\": \"mcSatisfyRule sample 5\",\n    \"value\": {\n      \"mc\": \"<=199\"\n    }\n  },\n  {\n    \"title\": \"mcSatisfyRule sample 6\",\n    \"value\": {\n      \"mc\": \">=120\"\n    }\n  },\n  {\n    \"title\": \"mcSatisfyRule sample 7\",\n    \"value\": {\n      \"mc\": \"<=7\"\n    }\n  },\n  {\n    \"title\": \"mcSatisfyRule sample 8\",\n    \"value\": {\n      \"mc\": \"<=174\"\n    }\n  },\n  {\n    \"title\": \"mcSatisfyRule sample 9\",\n    \"value\": {\n      \"mc\": \">=132\"\n    }\n  }\n]",
              "code": "fast_check_1.sample(index_test_2.mcSatisfyRule, 10).forEach((sample, i) => addContext_1.default(this, {\n    title: `mcSatisfyRule sample ${i}`,\n    value: sample,\n}));\nreturn fast_check_1.assert(fast_check_1.property(index_test_2.mcSatisfyRule, ajvValidate));",
              "err": {},
              "uuid": "27b7bd10-5a2f-4c13-91ba-b3b4c792ac79",
              "parentUUID": "a1262b87-fd04-4cf4-91ed-980a7b4f7a2e",
              "isHook": false,
              "skipped": false
            },
            {
              "title": "should validate valid recursive satisfy rules",
              "fullTitle": "satisfyRuleSchema should validate valid recursive satisfy rules",
              "timedOut": false,
              "duration": 6,
              "state": "passed",
              "speed": "fast",
              "pass": true,
              "fail": false,
              "pending": false,
              "context": "[\n  {\n    \"title\": \"satisfyRule sample 0\",\n    \"value\": \" !\"\n  },\n  {\n    \"title\": \"satisfyRule sample 1\",\n    \"value\": {\n      \"and\": [\n        \"/B\\\\@uMPCh/\",\n        \"`HZ;(v3\",\n        {\n          \"and\": []\n        }\n      ]\n    }\n  },\n  {\n    \"title\": \"satisfyRule sample 2\",\n    \"value\": {\n      \"mc\": \"<=5\"\n    }\n  },\n  {\n    \"title\": \"satisfyRule sample 3\",\n    \"value\": {\n      \"and\": [\n        \"L\",\n        {\n          \"or\": []\n        }\n      ]\n    }\n  },\n  {\n    \"title\": \"satisfyRule sample 4\",\n    \"value\": \"\"\n  },\n  {\n    \"title\": \"satisfyRule sample 5\",\n    \"value\": {\n      \"mc\": \">=4\"\n    }\n  },\n  {\n    \"title\": \"satisfyRule sample 6\",\n    \"value\": \"!i)rPj}\"\n  },\n  {\n    \"title\": \"satisfyRule sample 7\",\n    \"value\": \";af1?QT\"\n  },\n  {\n    \"title\": \"satisfyRule sample 8\",\n    \"value\": {\n      \"or\": [\n        \"nK;5F1)%&\"\n      ]\n    }\n  },\n  {\n    \"title\": \"satisfyRule sample 9\",\n    \"value\": {\n      \"and\": [\n        {\n          \"mc\": \">=54\"\n        }\n      ]\n    }\n  }\n]",
              "code": "fast_check_1.sample(index_test_2.satisfyRule, 10).forEach((sample, i) => addContext_1.default(this, {\n    title: `satisfyRule sample ${i}`,\n    value: sample,\n}));\nreturn fast_check_1.assert(fast_check_1.property(index_test_2.satisfyRule, ajvValidate));",
              "err": {},
              "uuid": "c5862694-92a1-4448-a4a6-680d5b2d4375",
              "parentUUID": "a1262b87-fd04-4cf4-91ed-980a7b4f7a2e",
              "isHook": false,
              "skipped": false
            },
            {
              "title": "should not validate non-string/object",
              "fullTitle": "satisfyRuleSchema should not validate non-string/object",
              "timedOut": false,
              "duration": 1,
              "state": "passed",
              "speed": "fast",
              "pass": true,
              "fail": false,
              "pending": false,
              "context": null,
              "code": "const error = {\n    instancePath: \"\",\n    message: \"satisfy rule should be either a string or an object\",\n};\nisInvalidRule(null, error);\nisInvalidRule(undefined, error);\nisInvalidRule(10, error);\nisInvalidRule([12, 24], error);",
              "err": {},
              "uuid": "d196af8a-637b-43c5-8994-7228571f27b4",
              "parentUUID": "a1262b87-fd04-4cf4-91ed-980a7b4f7a2e",
              "isHook": false,
              "skipped": false
            },
            {
              "title": "should not validate satisfy rules with extra properties",
              "fullTitle": "satisfyRuleSchema should not validate satisfy rules with extra properties",
              "timedOut": false,
              "duration": 1,
              "state": "passed",
              "speed": "fast",
              "pass": true,
              "fail": false,
              "pending": false,
              "context": null,
              "code": "isInvalidRule({\n        and: [\n            { or: [\"2k\"], abc: \"def\" },\n            { mc: 8, ghi: \"jkl\" },\n        ],\n        mno: \"pqr\",\n    }, {\n        instancePath: \"/and/0\",\n        message: \"or satisfy rule should have property 'or' only\",\n    }, {\n        instancePath: \"/and/1\",\n        message: \"MC satisfy rule should have property 'mc' only\",\n    }, {\n        instancePath: \"\",\n        message: \"and satisfy rule should have property 'and' only\",\n    })",
              "err": {},
              "uuid": "b70dff2f-9c43-45a2-93d2-84c8a3ac4287",
              "parentUUID": "a1262b87-fd04-4cf4-91ed-980a7b4f7a2e",
              "isHook": false,
              "skipped": false
            },
            {
              "title": "should not validate ambiguous satisfy rules",
              "fullTitle": "satisfyRuleSchema should not validate ambiguous satisfy rules",
              "timedOut": false,
              "duration": 0,
              "state": "passed",
              "speed": "fast",
              "pass": true,
              "fail": false,
              "pending": false,
              "context": null,
              "code": "const message = \"satisfy rule should have only one of properties 'mc', 'and', 'or'\";\nisInvalidRule({\n    or: [\n        { mc: 5, and: [\"CS2040\"] },\n        { and: [{ and: [\"abc\"], or: [\"def\"] }] },\n    ],\n}, { instancePath: \"/or/0\", message }, { instancePath: \"/or/1/and/0\", message });",
              "err": {},
              "uuid": "93a312ec-1ba2-40fb-bce8-86f8a09cd004",
              "parentUUID": "a1262b87-fd04-4cf4-91ed-980a7b4f7a2e",
              "isHook": false,
              "skipped": false
            },
            {
              "title": "should not validate and satisfy rules with non-array property",
              "fullTitle": "satisfyRuleSchema should not validate and satisfy rules with non-array property",
              "timedOut": false,
              "duration": 1,
              "state": "passed",
              "speed": "fast",
              "pass": true,
              "fail": false,
              "pending": false,
              "context": null,
              "code": "const message = \"property 'and' should be an array of satisfy rules\";\nisInvalidRule({ or: [{ and: {} }, { or: [{ and: 3 }] }] }, { instancePath: \"/or/0/and\", message }, { instancePath: \"/or/1/or/0/and\", message });",
              "err": {},
              "uuid": "b0c8cdef-aa54-45ed-a68d-72bc4e824729",
              "parentUUID": "a1262b87-fd04-4cf4-91ed-980a7b4f7a2e",
              "isHook": false,
              "skipped": false
            },
            {
              "title": "should not validate or satisfy rules with non-array property",
              "fullTitle": "satisfyRuleSchema should not validate or satisfy rules with non-array property",
              "timedOut": false,
              "duration": 0,
              "state": "passed",
              "speed": "fast",
              "pass": true,
              "fail": false,
              "pending": false,
              "context": null,
              "code": "const message = \"property 'or' should be an array of satisfy rules\";\nisInvalidRule({ and: [{ or: {} }, { and: [{ or: 3 }] }] }, { instancePath: \"/and/0/or\", message }, { instancePath: \"/and/1/and/0/or\", message });",
              "err": {},
              "uuid": "d241387c-6a1c-4454-9aaf-c0900df01e04",
              "parentUUID": "a1262b87-fd04-4cf4-91ed-980a7b4f7a2e",
              "isHook": false,
              "skipped": false
            }
          ],
          "suites": [],
          "passes": [
            "0395d42a-eaa1-414a-96bb-edea33c71adc",
            "27b7bd10-5a2f-4c13-91ba-b3b4c792ac79",
            "c5862694-92a1-4448-a4a6-680d5b2d4375",
            "d196af8a-637b-43c5-8994-7228571f27b4",
            "b70dff2f-9c43-45a2-93d2-84c8a3ac4287",
            "93a312ec-1ba2-40fb-bce8-86f8a09cd004",
            "b0c8cdef-aa54-45ed-a68d-72bc4e824729",
            "d241387c-6a1c-4454-9aaf-c0900df01e04"
          ],
          "failures": [],
          "pending": [],
          "skipped": [],
          "duration": 11,
          "root": false,
          "rootEmpty": false,
          "_timeout": 2000
        }
      ],
      "passes": [],
      "failures": [],
      "pending": [],
      "skipped": [],
      "duration": 0,
      "root": true,
      "rootEmpty": true,
      "_timeout": 2000
    }
  ],
  "meta": {
    "mocha": {
      "version": "9.0.3"
    },
    "mochawesome": {
      "options": {
        "quiet": false,
        "reportFilename": "mochawesome",
        "saveHtml": true,
        "saveJson": true,
        "consoleReporter": "spec",
        "useInlineDiffs": false,
        "code": true
      },
      "version": "6.2.2"
    },
    "marge": {
      "options": {
        "reportDir": "docs"
      },
      "version": "5.2.0"
    }
  }
}