{
  "stats": {
    "suites": 6,
    "tests": 29,
    "passes": 29,
    "pending": 0,
    "failures": 0,
    "start": "2021-06-29T06:43:28.468Z",
    "end": "2021-06-29T06:43:28.737Z",
    "duration": 269,
    "testsRegistered": 29,
    "passPercent": 100,
    "pendingPercent": 0,
    "other": 0,
    "hasOther": false,
    "skipped": 0,
    "hasSkipped": false
  },
  "results": [
    {
      "uuid": "517f55ce-3bc0-4e57-91a5-e66e91623d8c",
      "title": "",
      "fullFile": "",
      "file": "",
      "beforeHooks": [],
      "afterHooks": [],
      "tests": [],
      "suites": [
        {
          "uuid": "95750740-672c-4fef-be51-a2ac300c485b",
          "title": "initDirectories",
          "fullFile": "/home/runner/work/planwithus-lib/planwithus-lib/src/block/schemas.test.ts",
          "file": "/src/block/schemas.test.ts",
          "beforeHooks": [],
          "afterHooks": [],
          "tests": [
            {
              "title": "should parse all blocks with no errors",
              "fullTitle": "initDirectories should parse all blocks with no errors",
              "timedOut": false,
              "duration": 3,
              "state": "passed",
              "speed": "fast",
              "pass": true,
              "fail": false,
              "pending": false,
              "context": null,
              "code": "_1.initDirectories.should.not.throw()",
              "err": {},
              "uuid": "5391ec32-2842-49cc-a9a6-452039a5fe79",
              "parentUUID": "95750740-672c-4fef-be51-a2ac300c485b",
              "isHook": false,
              "skipped": false
            },
            {
              "title": "should produce primary, second & minor directories",
              "fullTitle": "initDirectories should produce primary, second & minor directories",
              "timedOut": false,
              "duration": 43,
              "state": "passed",
              "speed": "medium",
              "pass": true,
              "fail": false,
              "pending": false,
              "context": null,
              "code": "const directories = await _1.initDirectories();\ndirectories.should.have.property(\"primary\");\ndirectories.should.have.property(\"second\");\ndirectories.should.have.property(\"minor\");",
              "err": {},
              "uuid": "09c4c5e0-70b4-444f-bf45-75c7d7e87841",
              "parentUUID": "95750740-672c-4fef-be51-a2ac300c485b",
              "isHook": false,
              "skipped": false
            }
          ],
          "suites": [],
          "passes": [
            "5391ec32-2842-49cc-a9a6-452039a5fe79",
            "09c4c5e0-70b4-444f-bf45-75c7d7e87841"
          ],
          "failures": [],
          "pending": [],
          "skipped": [],
          "duration": 46,
          "root": false,
          "rootEmpty": false,
          "_timeout": 2000
        },
        {
          "uuid": "05f3ee35-8bfb-4c84-a1f8-9de437eff87a",
          "title": "blockSchema",
          "fullFile": "/home/runner/work/planwithus-lib/planwithus-lib/src/block/schemas.test.ts",
          "file": "/src/block/schemas.test.ts",
          "beforeHooks": [],
          "afterHooks": [],
          "tests": [
            {
              "title": "should validate valid block",
              "fullTitle": "blockSchema should validate valid block",
              "timedOut": false,
              "duration": 170,
              "state": "passed",
              "speed": "slow",
              "pass": true,
              "fail": false,
              "pending": false,
              "context": "[\n  {\n    \"title\": \"block sample 0\",\n    \"value\": {\n      \"name\": \"lz#\",\n      \"assign\": [\n        \"$\",\n        \"\"\n      ],\n      \"match\": [\n        \"KI5\",\n        {\n          \"or\": [\n            {\n              \"pattern\": \"KEI507\",\n              \"exclude\": [\n                \"CCC638N\",\n                \"ZDD035\",\n                \"JRW264\",\n                \"KG636\",\n                \"RX4**1\"\n              ],\n              \"info\": \"o\"\n            },\n            \"IFV*5W\",\n            {\n              \"and\": [\n                {\n                  \"or\": [\n                    \"NOxx*\",\n                    \"BZ49I\"\n                  ]\n                },\n                {\n                  \"pattern\": \"PR0x5W\",\n                  \"exclude\": \"AH710\",\n                  \"info\": \"/h\\\\'(DAc(X\"\n                },\n                {\n                  \"and\": [\n                    \"UF689\"\n                  ]\n                },\n                \"RPV94\",\n                {\n                  \"and\": [\n                    {\n                      \"or\": [\n                        \"PVF166\"\n                      ]\n                    },\n                    \"ZUY224Y\"\n                  ]\n                }\n              ]\n            }\n          ]\n        },\n        {\n          \"pattern\": \"SCV34x0Y\",\n          \"exclude\": [\n            \"AYxY\"\n          ],\n          \"info\": \"~M@\"\n        },\n        {\n          \"and\": [\n            \"AMY19x8X\",\n            {\n              \"or\": []\n            },\n            {\n              \"or\": []\n            }\n          ]\n        },\n        {\n          \"or\": [\n            {\n              \"and\": [\n                {\n                  \"and\": [\n                    \"TTV02B\",\n                    \"WHL4663\"\n                  ]\n                },\n                {\n                  \"or\": [\n                    {\n                      \"or\": [\n                        \"AYx1H\",\n                        {\n                          \"or\": [\n                            \"KRO8581H\"\n                          ]\n                        },\n                        \"KY4\",\n                        \"MP4891\"\n                      ]\n                    },\n                    \"AIK2391G\",\n                    \"TYG*061\"\n                  ]\n                },\n                \"VJWx1\",\n                {\n                  \"and\": []\n                },\n                {\n                  \"pattern\": \"JT0R\",\n                  \"exclude\": [\n                    \"JF*x25D\",\n                    \"HQ*1U\",\n                    \"FL2424M\"\n                  ],\n                  \"info\": \"\"\n                }\n              ]\n            },\n            {\n              \"and\": [\n                {\n                  \"or\": [\n                    {\n                      \"and\": [\n                        \"GDIx27U\",\n                        \"AHT3\",\n                        \"KFZ05*\",\n                        \"LF*712J\"\n                      ]\n                    },\n                    \"SR77*T\"\n                  ]\n                },\n                {\n                  \"pattern\": \"JF*40M\"\n                },\n                \"SU8x1\",\n                \"TR0311D\"\n              ]\n            },\n            \"VQ7310\",\n            {\n              \"and\": [\n                \"VW971O\",\n                \"XU242\",\n                {\n                  \"pattern\": \"FDU2507\",\n                  \"exclude\": \"FKP9*\"\n                },\n                \"DR*145\",\n                {\n                  \"pattern\": \"SP0607Z\",\n                  \"exclude\": \"EKY*6T\",\n                  \"info\": \"D2\"\n                }\n              ]\n            },\n            {\n              \"or\": [\n                \"GB40**\",\n                \"AK4*86F\"\n              ]\n            }\n          ]\n        }\n      ],\n      \"url\": \"http://m4h2g9vm8auv-be-oow4elgloltm7iocmuyhe8zwoidt9vfk1iakov22.elz9ju-0orrnzvj65smygg3occt1ajyn0r3s2wrgjw804jyhe.5rxp9zk.9.82wzj.cwllqt/t7n%F1%A7%81%81sf6IWv/a;~IQ,Uu/HU'/H%F3%AB%9F%98%F2%BE%9C%AFSG_m:b/2x9s/~VkPt6/Qp/$h,0;.k/W/6g6X-al\",\n      \"info\": \"\\\"0\"\n    }\n  },\n  {\n    \"title\": \"block sample 1\",\n    \"value\": {\n      \"name\": \"$i#\",\n      \"ay\": 2006,\n      \"assign\": \"\",\n      \"match\": {\n        \"and\": [\n          {\n            \"pattern\": \"CZ3\",\n            \"exclude\": \"XG12\",\n            \"info\": \"\"\n          }\n        ]\n      },\n      \"satisfy\": [\n        \"6+#x,!\"\n      ],\n      \"info\": \"4UsH0Qu2\\\\s\",\n      \"v74\": {\n        \"name\": \":9S8`Zc}Q\",\n        \"ay\": 2023,\n        \"assign\": [\n          \"K7P':\",\n          \"Q9\\\\=03\"\n        ],\n        \"url\": \"https://ru2e57lqljidurfq3hvt16zypdbata9hkavm0fl2.qmhnfv-v21ojklixeit9x2kqyr-d0pp35pxs0p.zv13d7evvvz-9rueq5yl7xjcr7b006l7o07l14nkktq39sp.qxof6yri.d.gut\",\n        \"info\": \";,6 \\\\csO<\"\n      }\n    }\n  },\n  {\n    \"title\": \"block sample 2\",\n    \"value\": {\n      \"name\": \"\",\n      \"ay\": 1955,\n      \"assign\": [\n        \"2!\",\n        \"&z\"\n      ],\n      \"match\": [],\n      \"satisfy\": [\n        {\n          \"mc\": \">=3\"\n        },\n        {\n          \"or\": [\n            {\n              \"or\": [\n                \"Ee>A\",\n                {\n                  \"or\": [\n                    \"x|}\",\n                    {\n                      \"and\": [\n                        {\n                          \"or\": [\n                            \"OZ^D1'%\",\n                            \"HXk'%v\"\n                          ]\n                        },\n                        \"p^XTk~(,\\\\\",\n                        \"]\\\"ZC`0LGBt\",\n                        \"\"\n                      ]\n                    },\n                    \"G?V$@\",\n                    {\n                      \"or\": [\n                        \"L!5?d\"\n                      ]\n                    },\n                    \"&I]|vG'%$?\"\n                  ]\n                }\n              ]\n            },\n            {\n              \"or\": [\n                \"\",\n                {\n                  \"or\": [\n                    \" jHb-\",\n                    {\n                      \"or\": [\n                        \"11]N G\",\n                        {\n                          \"and\": [\n                            {\n                              \"or\": [\n                                \"G!*t`2c)rJ\",\n                                \"hVW\",\n                                \"x{\",\n                                \"*TlwowD\",\n                                \"#ZU97\"\n                              ]\n                            },\n                            \"\",\n                            \"D1MYgpvRtr\",\n                            \"QpV+rU\",\n                            \"\\\"c?\"\n                          ]\n                        },\n                        \"8u{JdTl9\",\n                        \",aK-PS\",\n                        \"pE~gok],P[\"\n                      ]\n                    }\n                  ]\n                },\n                {\n                  \"and\": [\n                    {\n                      \"mc\": \">=186\"\n                    },\n                    \"YV|v\",\n                    \"Qr\"\n                  ]\n                }\n              ]\n            },\n            {\n              \"or\": [\n                {\n                  \"and\": [\n                    \"GuR\",\n                    {\n                      \"or\": [\n                        \"O\",\n                        \"q!&\",\n                        {\n                          \"and\": [\n                            \"z/\",\n                            \"$Ey\"\n                          ]\n                        },\n                        \"7I?DmEF\",\n                        \"Av?9\"\n                      ]\n                    },\n                    \"N 0}\\\"\"\n                  ]\n                },\n                {\n                  \"mc\": \">=5\"\n                },\n                {\n                  \"and\": [\n                    \"\"\n                  ]\n                }\n              ]\n            }\n          ]\n        }\n      ],\n      \"url\": \"https://ofl-baf3e-9919az8fxvhgffsc6y48ua85f-6cna5ee64aw96yd5.r.6m7b.6t3omgqdbf.cdxcbnacua6bcn5a73fl.bcwcjvewg/p*&%F0%BC%A0%B4)4&y7s/4w%F0%96%A9%8C1/bIQ%F4%8A%97%AAtl,/(8c8R\",\n      \"info\": \"z\"\n    }\n  },\n  {\n    \"title\": \"block sample 3\",\n    \"value\": {\n      \"name\": \"0TId6H\",\n      \"ay\": 2017,\n      \"assign\": [\n        \" \"\n      ],\n      \"match\": \"MX002\",\n      \"satisfy\": [\n        {\n          \"or\": [\n            {\n              \"and\": [\n                {\n                  \"or\": [\n                    \":?rZhwg#{M\",\n                    \"8\",\n                    {\n                      \"mc\": \"<=90\"\n                    },\n                    {\n                      \"or\": [\n                        \"r&dt9*!(\"\n                      ]\n                    }\n                  ]\n                },\n                \"y&#\",\n                \"WU#HUK]0s\",\n                \"X] Yh^\"\n              ]\n            }\n          ]\n        },\n        {\n          \"and\": [\n            \"EPUrfNUs\",\n            {\n              \"and\": [\n                {\n                  \"or\": [\n                    \"!(eJV%}\",\n                    \"~9.1$lG?R\",\n                    {\n                      \"or\": [\n                        \".\",\n                        {\n                          \"mc\": \"<=129\"\n                        }\n                      ]\n                    }\n                  ]\n                },\n                \"|@.'|\",\n                \"\",\n                \"rJ\\\\F~J/b\"\n              ]\n            },\n            {\n              \"and\": [\n                {\n                  \"and\": [\n                    {\n                      \"mc\": \">=34\"\n                    },\n                    {\n                      \"mc\": \">=169\"\n                    },\n                    {\n                      \"or\": [\n                        \"lm<]uH-7\",\n                        \"`Jmpg,b*r\",\n                        \"+SkFr\",\n                        {\n                          \"or\": [\n                            \"kwc/\",\n                            {\n                              \"and\": [\n                                \"XuC{C\",\n                                \"Zv\",\n                                {\n                                  \"or\": []\n                                },\n                                \"/QZPU u*i|\"\n                              ]\n                            },\n                            {\n                              \"or\": [\n                                \"t8x!VzSu\",\n                                \"o\",\n                                \"qUe?\",\n                                \"Apqv4,OLYn\",\n                                \"Lt\\\"\"\n                              ]\n                            }\n                          ]\n                        }\n                      ]\n                    }\n                  ]\n                },\n                \"\",\n                {\n                  \"mc\": \"<=4\"\n                },\n                {\n                  \"and\": [\n                    \"rFJOr\"\n                  ]\n                },\n                {\n                  \"or\": [\n                    {\n                      \"mc\": \"<=92\"\n                    },\n                    \"1w9=\",\n                    \"*m7\",\n                    {\n                      \"mc\": \"<=139\"\n                    }\n                  ]\n                }\n              ]\n            },\n            {\n              \"and\": [\n                \"2 \",\n                \"2bldW]{ZS\"\n              ]\n            },\n            {\n              \"or\": [\n                {\n                  \"and\": [\n                    {\n                      \"or\": [\n                        \"\",\n                        \"G6EG'B\",\n                        \"CSE@=d\",\n                        \"E3zp@7[r\"\n                      ]\n                    },\n                    \">xw<;\",\n                    \"o&lp^,A{e\",\n                    {\n                      \"and\": [\n                        \"&8\",\n                        {\n                          \"and\": [\n                            {\n                              \"and\": [\n                                \"Yl`6<.&\\\\Z)\",\n                                \"Uh\",\n                                \"T\"\n                              ]\n                            },\n                            {\n                              \"and\": [\n                                \"hBKUiN~t\",\n                                {\n                                  \"mc\": \">=175\"\n                                }\n                              ]\n                            },\n                            \"]8,w;VJOx\",\n                            \"3AY50)\",\n                            \"]NkFm\"\n                          ]\n                        },\n                        \"U6H\",\n                        {\n                          \"and\": [\n                            \"'aTY04\",\n                            \"M\"\n                          ]\n                        },\n                        \"kpbN*<c\"\n                      ]\n                    },\n                    \"[8C<*]$\"\n                  ]\n                },\n                {\n                  \"and\": [\n                    {\n                      \"and\": [\n                        \"||&\"\n                      ]\n                    },\n                    \"YI<c3o7\",\n                    \"$<bw9(d\",\n                    {\n                      \"mc\": \">=194\"\n                    },\n                    \"N{Wv>|\"\n                  ]\n                }\n              ]\n            }\n          ]\n        }\n      ],\n      \"url\": \"https://f8ywj6761mbl7vhlfnnk5n8iq-nmlm6rb6ittoqq7qwwkrc3loxy5-2.1.irt1-d-6d1itkk0f9x5rdu6v.bz/K*Seg/%F1%9E%A0%88L~/@q(M)2T/d&kYV9%F3%9A%94%A4/%F3%82%81%AF!kM%F1%A6%A9%9Cb+%F4%84%AF%87w6/cG\",\n      \"info\": \"!<E\",\n      \"|kHL\": {\n        \"ay\": 2012,\n        \"assign\": \"\\\"GD4y'`:\",\n        \"match\": {\n          \"or\": [\n            {\n              \"and\": []\n            },\n            {\n              \"or\": [\n                \"OY1*Y\",\n                \"JP0x\",\n                \"VB0\",\n                {\n                  \"pattern\": \"JAK6147E\",\n                  \"exclude\": \"NZ903\",\n                  \"info\": \"jvcnTi5T.Z\"\n                }\n              ]\n            }\n          ]\n        },\n        \"satisfy\": {\n          \"or\": [\n            {\n              \"or\": [\n                \"\",\n                \"2o.yc\"\n              ]\n            }\n          ]\n        },\n        \"url\": \"https://g9fetmqkqjpcnoia2qgmt62vl-dh4003j364ucdibu82ekumt9.o2efs7s009yq3-kb46g3d3glrctlznxv5srx.0hbmwr61z430etmdfa0tu7-vkw02lczs7fui2dhsi0lzha4f9y.uj.gsaqnlrmr/7c2Eo'MLs////A%F0%B5%AE%B7rfDRz/l-!C%F4%88%92%BB&-p,\"\n      },\n      \"+o\": {\n        \"name\": \"i-xUZN\",\n        \"ay\": 1982,\n        \"assign\": \"YI1[\",\n        \"match\": {\n          \"or\": [\n            \"AS3M\",\n            {\n              \"pattern\": \"OJ6M\",\n              \"exclude\": [\n                \"NAV4\",\n                \"DAH2*6B\",\n                \"TH796\",\n                \"QFR4170\"\n              ],\n              \"info\": \"xA2&BqL\"\n            },\n            \"IQ5\",\n            \"YD06V\"\n          ]\n        },\n        \"url\": \"http://fuib4e.u.uyjrg0tnhji2u87ljqwwgi9q7us013mrl102pc9dijptlsvaes8s.g7eynv46w16sjz-p7biq1dwvz34k3trcxn5kgwnfvtpli68.akrwtmskb/3f%F3%92%97%B7/)Zf/WwXq/ddSXZt%F2%87%BB%BAx/%F1%B2%BD%82N/T(iwfM+e&u//~y/&Epis8e/'\",\n        \"info\": \"/BIjik&miw\",\n        \"Y{Q\": {\n          \"name\": \"ZC1]\",\n          \"ay\": 2014,\n          \"assign\": \"\",\n          \"match\": [\n            \"VN24\",\n            {\n              \"pattern\": \"OBM1*xU\",\n              \"exclude\": [\n                \"CGS22\",\n                \"BCT37*9U\",\n                \"WAZ01*\",\n                \"OZR756\"\n              ],\n              \"info\": \"xul\"\n            }\n          ],\n          \"satisfy\": {\n            \"or\": [\n              \"\",\n              {\n                \"and\": [\n                  \"Ohls:\\\"+Iy\",\n                  {\n                    \"and\": [\n                      {\n                        \"mc\": \">=176\"\n                      },\n                      \"(A`|HH,@\"\n                    ]\n                  },\n                  \"rElF5{rzt\",\n                  \" AHa u\"\n                ]\n              }\n            ]\n          },\n          \"url\": \"http://e.kykqbzvq/BN-wE/g/%F2%8E%82%84/iO5(u;/qOMM/!&ed9/\",\n          \"info\": \"s(n>\",\n          \"M!Osj$5#y\": {\n            \"name\": \"d'7h\",\n            \"ay\": 2022,\n            \"match\": {\n              \"pattern\": \"BTP9\",\n              \"exclude\": [\n                \"ZC9L\",\n                \"XTMx0x3\",\n                \"SQ885\"\n              ],\n              \"info\": \"#TgnteMy6U\"\n            },\n            \"satisfy\": {\n              \"mc\": \">=139\"\n            },\n            \"url\": \"https://hn5wo.fnaht85q7961.pt/=yOx$dY/t8;/(fV%F1%BF%BD%A3%F0%94%BF%82;y/23,,\",\n            \"info\": \"FzVhC>?~\"\n          },\n          \"S`Ay\": {\n            \"name\": \"9%W!{[\",\n            \"ay\": 2025,\n            \"assign\": \"#t%H#=N\",\n            \"match\": \"DSA9\",\n            \"satisfy\": [\n              \"&84>J\",\n              {\n                \"and\": [\n                  \"T|h[yF6\",\n                  {\n                    \"and\": [\n                      {\n                        \"or\": [\n                          \"@:\",\n                          \"iSD.4`y9%6\",\n                          {\n                            \"and\": [\n                              \",7\",\n                              \"\\\\g-h\",\n                              {\n                                \"mc\": \"<=34\"\n                              },\n                              {\n                                \"and\": []\n                              }\n                            ]\n                          },\n                          \"YxL%ve#a0[\"\n                        ]\n                      },\n                      \"vP-P\",\n                      {\n                        \"mc\": \"<=124\"\n                      }\n                    ]\n                  },\n                  \"tN*QiNMtiD\",\n                  \"pk)\"\n                ]\n              },\n              \"26t\\\"xx\"\n            ],\n            \"url\": \"https://n71zz0aqb5489ch8t-13f9q0iqzvp78t0mkzzm2zv-mil4hnqxvtg.uuxpx/%F2%81%B5%9DOKAz/8j$IB*:5/4oY%F3%BD%BA%B5aw.j!O/FZ%F0%A5%A0%8F+iGFK/$QjcN9/7';Q/t-\"\n          }\n        },\n        \":=#VfqD9<\": {\n          \"ay\": 2005,\n          \"match\": {\n            \"or\": [\n              {\n                \"pattern\": \"JG6\",\n                \"info\": \"B)UahqycDV\"\n              },\n              {\n                \"and\": [\n                  \"FHI74\",\n                  {\n                    \"or\": [\n                      {\n                        \"or\": [\n                          \"KL*40A\",\n                          \"QQB4528W\",\n                          \"FDP2111\",\n                          \"HVJ9Y\",\n                          \"SH205\"\n                        ]\n                      },\n                      {\n                        \"or\": [\n                          \"SCKxZ\",\n                          \"RE5630N\",\n                          \"KSP478\"\n                        ]\n                      },\n                      \"ZZH5*\",\n                      \"UTN57\"\n                    ]\n                  },\n                  {\n                    \"pattern\": \"CE8G\",\n                    \"exclude\": [\n                      \"WP62P\",\n                      \"FRQ2N\",\n                      \"KTx252\",\n                      \"GA51x4Z\",\n                      \"EYQ03x3\"\n                    ],\n                    \"info\": \"gKF\"\n                  },\n                  \"DY177\",\n                  {\n                    \"and\": [\n                      \"YZ0416Y\",\n                      {\n                        \"pattern\": \"ZF*Z\",\n                        \"exclude\": [\n                          \"IXI783\",\n                          \"JZ3336\",\n                          \"OMYx4R\",\n                          \"RLO9**1\"\n                        ],\n                        \"info\": \"+f8MY:l\"\n                      },\n                      {\n                        \"or\": [\n                          \"BRR3xB\"\n                        ]\n                      }\n                    ]\n                  }\n                ]\n              },\n              {\n                \"and\": [\n                  \"TJZ86H\",\n                  \"EIW3D\"\n                ]\n              },\n              \"TUWx\"\n            ]\n          },\n          \"satisfy\": {\n            \"mc\": \">=85\"\n          },\n          \"info\": \"2W2 .TO*^\"\n        }\n      },\n      \"\\\\RWG]US\": {\n        \"name\": \"CKfmIgf\",\n        \"assign\": \"4{`tEz\",\n        \"match\": [\n          \"QAY41V\",\n          \"VIT2\",\n          {\n            \"or\": [\n              {\n                \"or\": [\n                  {\n                    \"or\": [\n                      \"ZDN73\",\n                      \"TG808\",\n                      \"RAN5134V\"\n                    ]\n                  },\n                  {\n                    \"pattern\": \"DM41\",\n                    \"exclude\": [\n                      \"LYD342D\",\n                      \"OCxS\"\n                    ],\n                    \"info\": \"*(8DO\\\"p^\"\n                  },\n                  {\n                    \"and\": [\n                      {\n                        \"pattern\": \"YR017\",\n                        \"exclude\": [\n                          \"NXZx*1\",\n                          \"GF40N\",\n                          \"THD98V\",\n                          \"LV9\"\n                        ],\n                        \"info\": \"-5\"\n                      },\n                      {\n                        \"or\": [\n                          \"UED402\"\n                        ]\n                      }\n                    ]\n                  },\n                  \"VQ17x\"\n                ]\n              },\n              {\n                \"or\": [\n                  \"ID06\",\n                  {\n                    \"pattern\": \"EEx8D\",\n                    \"info\": \")i$+NzD\\\\\"\n                  },\n                  {\n                    \"pattern\": \"IMNx98\",\n                    \"exclude\": [\n                      \"PPO*A\"\n                    ],\n                    \"info\": \"\"\n                  },\n                  {\n                    \"pattern\": \"NH3x*\",\n                    \"info\": \"\"\n                  },\n                  \"XFD*88\"\n                ]\n              }\n            ]\n          },\n          {\n            \"pattern\": \"QKS610\",\n            \"exclude\": \"WD376T\",\n            \"info\": \"vkG\"\n          }\n        ],\n        \"satisfy\": [],\n        \"url\": \"http://195414hou-w5-tvdup18v9mfdactwtw8gosn8.ylgvjzhghqrl76b-9vl2uo3lte6qbcxk.hrs//Y$iOnhFxG5/L6X/q'ILjFmXV/On&pCuXa/w,7'\",\n        \"info\": \"wM\",\n        \"GygzkcP\": {\n          \"name\": \"+\",\n          \"assign\": [\n            \"p\",\n            \"4iyC O>\"\n          ],\n          \"satisfy\": [\n            {\n              \"and\": [\n                \"T\\\"?G9'\",\n                \"#rH\\\\QXzIrg\",\n                {\n                  \"or\": [\n                    \"z*4>@^C\",\n                    \"?$rV\",\n                    {\n                      \"mc\": \"<=123\"\n                    }\n                  ]\n                },\n                {\n                  \"or\": [\n                    {\n                      \"mc\": \"<=76\"\n                    }\n                  ]\n                }\n              ]\n            },\n            \"7<HV\\\\\",\n            \"vG32-E\"\n          ],\n          \"url\": \"http://i.fo20orgq5xuekm7s8v6k6dznfmekv5qz8go.szk1m12e2ymkodwxu0xwwpc2.w47xy3wmtzlay-h-oafvo0liatsk9arzduuis8ojuc-ydnd0u9i7k9eop.mjosfobn//DQFo;/Lf/ZeQtr&'Vg/E+k66/~X%F2%BA%82%82ia/nP*j/83=\",\n          \"info\": \"v+P>|\",\n          \":\": {\n            \"assign\": [\n              \"(Ob\",\n              \"\",\n              \">=}!d5EBP#\",\n              \"$lB`1HSHnM\"\n            ],\n            \"satisfy\": [],\n            \"url\": \"http://euax23en1u1bmylybdyi4a3lmt4ahcufk-m.jc/a+/e2qy4z/z=MdbH/T%F1%9F%86%BEK_\",\n            \"info\": \"N.Br M >)\"\n          },\n          \"T%v`\": {\n            \"name\": \"z'.E )\",\n            \"ay\": 2007,\n            \"match\": [],\n            \"url\": \"http://wn15c2s35w4.rgcqlwwf/Whx9*/w/mbWW,RC-9q/)%F4%83%BF%97%F1%BF%BB%BA;Oe%F3%A4%96%97h/MdujWa/Gao)5/%F0%97%81%99/9/Y\",\n            \"info\": \"4.mvJh\\\"2\"\n          },\n          \"V>\": {\n            \"ay\": 1951,\n            \"match\": [\n              {\n                \"and\": [\n                  {\n                    \"and\": [\n                      \"UXC8\",\n                      \"ZW36\"\n                    ]\n                  },\n                  \"DI2I\",\n                  {\n                    \"and\": [\n                      {\n                        \"pattern\": \"ZM*x\",\n                        \"exclude\": \"QC*15\",\n                        \"info\": \"\"\n                      },\n                      {\n                        \"pattern\": \"UIK253\",\n                        \"exclude\": \"FE*x9S\",\n                        \"info\": \"1~A\"\n                      },\n                      \"HR918F\"\n                    ]\n                  }\n                ]\n              }\n            ],\n            \"info\": \"^]_j#JXQE\"\n          },\n          \"`>oZP\\\"\": {\n            \"name\": \"mSIxwb\",\n            \"assign\": [\n              \"i31y^O\",\n              \"pbM6k9\"\n            ],\n            \"match\": [],\n            \"satisfy\": {\n              \"mc\": \"<=51\"\n            },\n            \"url\": \"http://kaaxst9p29u-p.zkwgtx-87u1x8i28mnu1f.5jlhhmeymxu1s3ubu2dy556665n7yeb5kt7-o5233o-jes6l9veymy.y.3-g4fa7a1vjq3h.hr\",\n            \"info\": \"`[`\"\n          }\n        },\n        \"grugS)\": {\n          \"name\": \"D5yc5\\\"vs\",\n          \"match\": {\n            \"and\": [\n              {\n                \"or\": [\n                  {\n                    \"and\": [\n                      \"PGF1998\",\n                      \"SCI915\"\n                    ]\n                  },\n                  \"SUQ9109X\",\n                  {\n                    \"or\": []\n                  }\n                ]\n              }\n            ]\n          },\n          \"satisfy\": \"p^;|A.KI\",\n          \"url\": \"https://t.9x4g55hjt94fg5294da9hdiswejlv-y6fhtf62szs6q8tq.tprkly7thpuuamxzsfyt9w1x4wbbxibhpbboveruxh0fhvczysbt.uuq-58vvz-89aliva6b74g.hk5eb7kilr7qv.xjcfudy/%F1%87%8A%8Bxa/P2o///7t2jtRG4F/mUz%F2%B1%BC%82bouPHf/8&/m.@5/)M;9LqS%F1%8B%87%AF/0emP\",\n          \"info\": \"h)A6!Skf>n\"\n        }\n      },\n      \"+vZ2v\": {\n        \"name\": \"!\",\n        \"ay\": 1959,\n        \"assign\": \"|z[rPR\\\\\",\n        \"match\": {\n          \"pattern\": \"RS7\",\n          \"exclude\": [\n            \"GQG**26\",\n            \"DQ3775I\",\n            \"HHX8*x3\",\n            \"CJP4\",\n            \"EU58E\"\n          ],\n          \"info\": \"16A#`\"\n        },\n        \"satisfy\": {\n          \"and\": [\n            {\n              \"or\": []\n            },\n            {\n              \"and\": [\n                {\n                  \"mc\": \">=149\"\n                },\n                {\n                  \"mc\": \"<=185\"\n                },\n                {\n                  \"mc\": \">=23\"\n                },\n                \"1%X;\"\n              ]\n            },\n            \"lg*W7x\"\n          ]\n        },\n        \"url\": \"http://z.u.ryfpk-tutnby5rlibhobrrwz7o-bqgxtnhsm5im8w414-3v8sdwb59vqg.jxvt\",\n        \"GoOUi'Hq8\": {\n          \"name\": \")7\\\"9\",\n          \"ay\": 1965,\n          \"assign\": [\n            \"/\",\n            \"tC~\\\\\\\\c@!\"\n          ],\n          \"match\": {\n            \"and\": [\n              {\n                \"and\": [\n                  {\n                    \"pattern\": \"JNZ331*Y\",\n                    \"exclude\": [\n                      \"JBH77\",\n                      \"QVH821X\"\n                    ],\n                    \"info\": \"!E\"\n                  }\n                ]\n              },\n              \"LBU**4\",\n              {\n                \"pattern\": \"HD03*C\",\n                \"exclude\": \"BV0427S\",\n                \"info\": \",E\"\n              }\n            ]\n          },\n          \"url\": \"https://ovrd.kcsu41dcnmz2jpfzmuprg1.ywfccln2oipem-718vp-axfq2bb3xljd3zzqkz-cjremc1ve4k3sr.c64qmzvth6ffqx0ge3vymgpoyb29wd0yseoj6y4f24ij.2x4cpu19bly7qh20bezgd8.icki/WG_/0_QC/dF/B@)5R(%F1%B5%B3%B6QgW\",\n          \"info\": \"GA\"\n        }\n      }\n    }\n  },\n  {\n    \"title\": \"block sample 4\",\n    \"value\": {\n      \"ay\": 1951,\n      \"match\": [],\n      \"satisfy\": [\n        {\n          \"or\": []\n        }\n      ],\n      \"url\": \"http://0o-q2f6t7-ccd.p7e0iugrmjy-yj6rw7jn.xq436h06wvcu7a3wo3gelmwqw3ftskb.u14kmk2.imi\",\n      \"info\": \"pu|{iQo\",\n      \"*!b|u^C^K_\": {\n        \"ay\": 1972,\n        \"assign\": \"${\",\n        \"match\": [\n          {\n            \"pattern\": \"VBJ207A\",\n            \"exclude\": \"NIU*0*2W\",\n            \"info\": \"rq=)Rc952\"\n          },\n          \"ZB7*\",\n          {\n            \"pattern\": \"PTB10x\",\n            \"exclude\": [\n              \"LYZ2\",\n              \"YX0\",\n              \"WZE3*T\",\n              \"ACJ2x2I\"\n            ]\n          },\n          {\n            \"or\": [\n              \"LQ9K\",\n              {\n                \"and\": [\n                  \"HAC2*P\",\n                  {\n                    \"or\": [\n                      \"DEQx29\",\n                      {\n                        \"pattern\": \"MS255T\",\n                        \"exclude\": [\n                          \"XYY2729\",\n                          \"DXF5646\"\n                        ],\n                        \"info\": \"6H0w3MK\"\n                      },\n                      {\n                        \"or\": [\n                          \"WTH92x9Y\",\n                          \"AX08G\",\n                          \"HTJ42\",\n                          \"QUV83\"\n                        ]\n                      },\n                      \"WNM5621\"\n                    ]\n                  },\n                  \"IFx85\"\n                ]\n              }\n            ]\n          }\n        ],\n        \"url\": \"https://h8--vrjpiiogz8mcq6i2y32l.vawroocj/SEeC'%F1%93%B9%80M/.%F1%B1%9F%98,dTP!5Is/e/)tJe%F1%B3%93%A4%F0%AA%A9%B44D/:~.hNs%F0%B0%93%9F/l%F2%B9%A6%93E0LKd)P+/GpbT/_%F2%8A%8D%AFV%F3%8B%B4%A7wL\",\n        \"info\": \"JidoV\",\n        \"CA6O.V%! \": {\n          \"name\": \":-(u =2 V\",\n          \"assign\": [],\n          \"match\": [\n            {\n              \"or\": [\n                \"PRB4F\",\n                {\n                  \"or\": [\n                    \"BF072\",\n                    \"SGB68\",\n                    {\n                      \"or\": [\n                        \"CE7G\",\n                        {\n                          \"pattern\": \"ZM4\",\n                          \"exclude\": [\n                            \"OEM089H\",\n                            \"DBJ232\",\n                            \"FGA70*6R\"\n                          ],\n                          \"info\": \"[};H\"\n                        },\n                        \"HTK8*5\",\n                        \"TCOx15\",\n                        \"KGM6\"\n                      ]\n                    }\n                  ]\n                },\n                \"XO082P\"\n              ]\n            }\n          ],\n          \"info\": \"~CE8\"\n        },\n        \".1>\": {\n          \"name\": \"[5P3,;\",\n          \"ay\": 1995,\n          \"assign\": [\n            \"!4W&gX$#\"\n          ],\n          \"match\": [\n            {\n              \"and\": []\n            },\n            {\n              \"and\": [\n                \"LV09\",\n                {\n                  \"or\": [\n                    \"GEZ9x88\"\n                  ]\n                },\n                {\n                  \"and\": [\n                    {\n                      \"or\": [\n                        \"ZXF3\"\n                      ]\n                    },\n                    \"LG3x2xP\",\n                    {\n                      \"or\": [\n                        {\n                          \"or\": [\n                            \"NTx\"\n                          ]\n                        },\n                        \"FYO87O\",\n                        {\n                          \"or\": [\n                            \"UTM6\",\n                            \"YCT39S\",\n                            {\n                              \"and\": [\n                                \"WFQ6074T\"\n                              ]\n                            },\n                            \"MQ2x9W\",\n                            {\n                              \"pattern\": \"SAH491\",\n                              \"exclude\": \"ZSA0P\",\n                              \"info\": \"DLaqV`(Z\"\n                            }\n                          ]\n                        },\n                        \"BPO56U\"\n                      ]\n                    },\n                    {\n                      \"and\": [\n                        \"IKx6F\"\n                      ]\n                    },\n                    {\n                      \"and\": [\n                        \"TLAx5\",\n                        \"UI55\"\n                      ]\n                    }\n                  ]\n                },\n                {\n                  \"and\": []\n                },\n                {\n                  \"and\": [\n                    {\n                      \"and\": [\n                        \"BVT64\"\n                      ]\n                    }\n                  ]\n                }\n              ]\n            },\n            {\n              \"pattern\": \"OO6177Y\",\n              \"exclude\": [\n                \"CUY23\",\n                \"AMA7\",\n                \"FI9X\"\n              ],\n              \"info\": \"N,\"\n            },\n            {\n              \"and\": [\n                {\n                  \"or\": [\n                    {\n                      \"and\": [\n                        {\n                          \"pattern\": \"FR5*6W\",\n                          \"exclude\": [\n                            \"RVG140T\",\n                            \"XPL7677U\"\n                          ],\n                          \"info\": \"XIFIb)\"\n                        },\n                        \"FIR645\",\n                        \"LB64x\",\n                        {\n                          \"pattern\": \"HJ6073B\",\n                          \"exclude\": [\n                            \"HNF45x*\",\n                            \"DG57S\",\n                            \"UYLx*\",\n                            \"FK*5N\"\n                          ]\n                        },\n                        \"JYOx1x3J\"\n                      ]\n                    },\n                    \"KV5G\",\n                    {\n                      \"or\": [\n                        {\n                          \"pattern\": \"XX439I\",\n                          \"exclude\": \"JLF3O\"\n                        },\n                        \"BM95\",\n                        {\n                          \"pattern\": \"HTI007\",\n                          \"exclude\": [\n                            \"CD2219\",\n                            \"MS3\",\n                            \"YJ93x1\"\n                          ],\n                          \"info\": \"at7&%EeY52\"\n                        }\n                      ]\n                    },\n                    \"RTJ6V\",\n                    {\n                      \"and\": [\n                        {\n                          \"or\": [\n                            \"VLx\",\n                            \"PA3\",\n                            \"JPK*56*A\",\n                            {\n                              \"pattern\": \"RK326D\",\n                              \"exclude\": \"CU51N\",\n                              \"info\": \"KG\"\n                            }\n                          ]\n                        }\n                      ]\n                    }\n                  ]\n                },\n                \"HO227V\"\n              ]\n            },\n            \"OWQ31L\"\n          ],\n          \"satisfy\": [],\n          \"url\": \"https://s.efq.cjbwpbuuxo/Y!eKjq/_iO:%F1%B2%A1%BAl$%F1%9F%8F%A8mT\",\n          \"info\": \"S\"\n        },\n        \"dvO&6\": {\n          \"name\": \"-;bh{&I:\",\n          \"assign\": [],\n          \"match\": [\n            {\n              \"and\": [\n                {\n                  \"or\": [\n                    \"NEGx\"\n                  ]\n                },\n                {\n                  \"or\": [\n                    {\n                      \"pattern\": \"MWF9I\",\n                      \"exclude\": [\n                        \"TX11\"\n                      ]\n                    },\n                    {\n                      \"pattern\": \"MRV2*0\",\n                      \"exclude\": \"MMT5N\"\n                    },\n                    \"EQG7xN\"\n                  ]\n                },\n                {\n                  \"or\": [\n                    \"AF1*3A\",\n                    \"PJ4Q\",\n                    {\n                      \"and\": [\n                        \"UZU4Q\",\n                        {\n                          \"or\": [\n                            \"PF45*A\",\n                            \"OJ4520I\",\n                            \"WU54Q\",\n                            \"PNU927Q\",\n                            \"EXP5\"\n                          ]\n                        },\n                        \"MCS8\",\n                        {\n                          \"and\": [\n                            \"KU56x2U\",\n                            {\n                              \"or\": [\n                                \"IVN533U\"\n                              ]\n                            }\n                          ]\n                        },\n                        {\n                          \"or\": [\n                            \"CL009J\",\n                            \"EA850xW\",\n                            \"GZT7227L\",\n                            \"GOH7\",\n                            {\n                              \"pattern\": \"NUM83\",\n                              \"exclude\": \"VMJ08Y\"\n                            }\n                          ]\n                        }\n                      ]\n                    }\n                  ]\n                },\n                {\n                  \"or\": [\n                    \"HKR1184\"\n                  ]\n                },\n                {\n                  \"and\": [\n                    {\n                      \"and\": [\n                        {\n                          \"pattern\": \"RS29*\",\n                          \"exclude\": [\n                            \"BW8328\",\n                            \"BMQ563\",\n                            \"SEL5\",\n                            \"YCJ0900L\"\n                          ],\n                          \"info\": \"j\"\n                        },\n                        {\n                          \"pattern\": \"YOP18\",\n                          \"exclude\": \"GVO8823\",\n                          \"info\": \"\"\n                        },\n                        \"FKN4101\"\n                      ]\n                    },\n                    {\n                      \"or\": [\n                        \"QY1366\",\n                        \"GE*1A\",\n                        \"XX06Q\",\n                        {\n                          \"and\": [\n                            {\n                              \"pattern\": \"IBN88Y\",\n                              \"exclude\": \"RNB622A\",\n                              \"info\": \"\"\n                            },\n                            \"VJR7U\"\n                          ]\n                        },\n                        \"YMI00\"\n                      ]\n                    },\n                    {\n                      \"pattern\": \"OGK899\",\n                      \"exclude\": [\n                        \"COR871\",\n                        \"HLU284\",\n                        \"OU54N\",\n                        \"SLP4997W\",\n                        \"CU65x1\"\n                      ],\n                      \"info\": \"V\"\n                    },\n                    {\n                      \"pattern\": \"QJTx*99W\",\n                      \"exclude\": \"BJ*\",\n                      \"info\": \"Q\"\n                    },\n                    \"LC43F\"\n                  ]\n                }\n              ]\n            },\n            {\n              \"or\": [\n                {\n                  \"and\": [\n                    \"IYG84\",\n                    {\n                      \"and\": [\n                        {\n                          \"pattern\": \"ZJ8630A\",\n                          \"exclude\": \"KX53\",\n                          \"info\": \"\"\n                        },\n                        {\n                          \"pattern\": \"LY549\",\n                          \"exclude\": \"HPG26*\",\n                          \"info\": \"kx-@\"\n                        },\n                        {\n                          \"pattern\": \"GVV53*7\",\n                          \"exclude\": [\n                            \"CV50\",\n                            \"AYR8W\",\n                            \"TV63\"\n                          ]\n                        },\n                        \"SD28\"\n                      ]\n                    },\n                    \"YH063*\"\n                  ]\n                },\n                {\n                  \"or\": [\n                    \"CCW9121\",\n                    {\n                      \"or\": [\n                        {\n                          \"pattern\": \"NAQ26S\",\n                          \"info\": \"<mmNT\"\n                        },\n                        {\n                          \"and\": [\n                            \"WS1P\",\n                            \"LI464O\",\n                            \"CZO25xW\"\n                          ]\n                        },\n                        {\n                          \"and\": [\n                            \"OYB857G\",\n                            \"RR370*K\",\n                            \"OXM30P\"\n                          ]\n                        },\n                        \"ET630\"\n                      ]\n                    },\n                    {\n                      \"or\": [\n                        \"QBG593\",\n                        {\n                          \"pattern\": \"XYB1I\",\n                          \"info\": \"G h?> \"\n                        },\n                        \"KT64N\",\n                        {\n                          \"pattern\": \"RCI902\",\n                          \"exclude\": \"AT32X\",\n                          \"info\": \"NqKU20*\"\n                        }\n                      ]\n                    },\n                    {\n                      \"or\": [\n                        \"MVD5993L\",\n                        \"RTX3x\",\n                        \"AO2x37\"\n                      ]\n                    }\n                  ]\n                },\n                {\n                  \"or\": [\n                    {\n                      \"pattern\": \"CXH7*\",\n                      \"exclude\": \"JRO3*0Y\",\n                      \"info\": \"%`RO\\\\\"\n                    },\n                    \"FOC266F\",\n                    \"VFIx03\",\n                    {\n                      \"and\": []\n                    }\n                  ]\n                },\n                {\n                  \"pattern\": \"AQ197Z\",\n                  \"exclude\": \"BC68x\",\n                  \"info\": \"Y3#@/\"\n                }\n              ]\n            },\n            {\n              \"or\": [\n                {\n                  \"pattern\": \"BWB9G\",\n                  \"exclude\": [\n                    \"TVU003U\",\n                    \"EI80*N\"\n                  ]\n                },\n                {\n                  \"and\": [\n                    \"MM*819S\",\n                    \"AXS6x2\",\n                    \"BP4x2\",\n                    \"OI522I\"\n                  ]\n                },\n                {\n                  \"pattern\": \"VZ916I\",\n                  \"exclude\": \"WSP993\",\n                  \"info\": \"q1![U6Pm\"\n                },\n                {\n                  \"or\": [\n                    {\n                      \"and\": [\n                        \"ICA*L\",\n                        \"QFW427Q\"\n                      ]\n                    }\n                  ]\n                },\n                {\n                  \"and\": []\n                }\n              ]\n            },\n            {\n              \"pattern\": \"PMW5K\",\n              \"info\": \"qG(L-?mO;\"\n            },\n            {\n              \"pattern\": \"VOU4013K\",\n              \"exclude\": \"SP15x7\",\n              \"info\": \"\"\n            }\n          ],\n          \"url\": \"http://g2.qc4p.gbzhtz/:tEN%F3%B8%98%85(/ksqb%F2%83%89%87j,%F2%98%86%AF/M3%F1%88%95%B9RF_3Ao$/1%F3%87%94%9BK,)qC/uDa/%F0%98%B3%912&=_$r/VZJ~Q/TN5vLBBJ\",\n          \"info\": \"c5,!\"\n        },\n        \"\": {\n          \"name\": \"f3+z7p8Iv\",\n          \"ay\": 2027,\n          \"match\": \"IF285G\",\n          \"satisfy\": {\n            \"mc\": \">=139\"\n          },\n          \"url\": \"https://97kma6rk0cvw1.bvjtbzftn/Dy\",\n          \"info\": \"a\\\"WMoHE\"\n        }\n      },\n      \"?>9q[c.\\\"/\": {\n        \"ay\": 1967,\n        \"assign\": [\n          \"(*\",\n          \"6F` p`{\\\\\",\n          \";W$aVB |\",\n          \"3b5FI=\"\n        ],\n        \"match\": \"FK*Q\",\n        \"satisfy\": {\n          \"or\": [\n            {\n              \"and\": [\n                {\n                  \"or\": [\n                    {\n                      \"and\": [\n                        \"`8\\\"D>H\",\n                        \"%9.%\",\n                        \"+${|NzeW\"\n                      ]\n                    },\n                    \"Q,/<S(QnGV\",\n                    \"\"\n                  ]\n                }\n              ]\n            },\n            {\n              \"mc\": \"<=186\"\n            }\n          ]\n        },\n        \"url\": \"http://eyywr9fqyov1rys-zaupv.ytyqatuemy5kjqys2n-69j88rpuo70ptt8l7ye0sfrs0-wn8z79m.os6b3nxmqd3pbhc9pwlrdu7kk7cazeoxdbqufg0vmpnyoaygf1k4i50p-53p.kacwtnk/0UzZ%F2%BA%A9%A19,@;e/-X%F3%AD%A1%A4x'juF/cA/&YDYjn3Idl\",\n        \"info\": \"nko~\"\n      }\n    }\n  },\n  {\n    \"title\": \"block sample 5\",\n    \"value\": {\n      \"name\": \"N\",\n      \"ay\": 1955,\n      \"assign\": \"!\",\n      \"match\": [\n        {\n          \"and\": [\n            {\n              \"pattern\": \"VR6\",\n              \"exclude\": [\n                \"TOW5892N\",\n                \"ZED3\"\n              ],\n              \"info\": \"w7a~i:SboD\"\n            },\n            {\n              \"and\": [\n                \"WT785O\"\n              ]\n            },\n            {\n              \"or\": [\n                \"ZXW44D\",\n                {\n                  \"or\": [\n                    \"QK284O\"\n                  ]\n                },\n                \"YC2x3L\",\n                \"KDC3R\"\n              ]\n            }\n          ]\n        },\n        {\n          \"pattern\": \"ZTN1699K\",\n          \"exclude\": \"ERH1*x*K\",\n          \"info\": \"?40*lT|):\"\n        },\n        \"TG7*7O\",\n        \"KDx7x1A\",\n        {\n          \"pattern\": \"YJB7\",\n          \"exclude\": [\n            \"GBV72xC\"\n          ]\n        }\n      ],\n      \"satisfy\": {\n        \"and\": [\n          {\n            \"or\": [\n              {\n                \"or\": [\n                  {\n                    \"mc\": \"<=102\"\n                  },\n                  \"KdMg\"\n                ]\n              },\n              {\n                \"or\": [\n                  \"b9vhr&vCbv\",\n                  \"\",\n                  \"2f\",\n                  \"x\",\n                  \"]D`nf2\"\n                ]\n              },\n              {\n                \"mc\": \"<=197\"\n              },\n              \"9\",\n              {\n                \"mc\": \"<=26\"\n              }\n            ]\n          },\n          {\n            \"and\": [\n              \">U~2#\",\n              \"HT2Un!~\",\n              {\n                \"mc\": \"<=102\"\n              },\n              \"`8\\\"T8)IK\",\n              {\n                \"mc\": \">=138\"\n              }\n            ]\n          },\n          {\n            \"or\": [\n              {\n                \"and\": [\n                  \"Mb*z\\\"8\"\n                ]\n              },\n              {\n                \"and\": [\n                  {\n                    \"mc\": \">=17\"\n                  },\n                  \"40\",\n                  \"s\",\n                  \"OyW?7\",\n                  \"/#G3#`82P\"\n                ]\n              },\n              \".KR8`,%\",\n              {\n                \"and\": [\n                  \"\",\n                  {\n                    \"mc\": \">=22\"\n                  },\n                  \"f)3`n9rE3Z\"\n                ]\n              }\n            ]\n          },\n          {\n            \"or\": [\n              \"?Li1lA?;.\",\n              {\n                \"or\": []\n              },\n              {\n                \"or\": []\n              },\n              {\n                \"and\": [\n                  {\n                    \"or\": [\n                      \"\",\n                      \".D{(|tJj.m\",\n                      {\n                        \"or\": [\n                          \"\\\"v5 D\",\n                          \"~JW\",\n                          \"Sg2<~\",\n                          \"}o#sUrM+lH\"\n                        ]\n                      }\n                    ]\n                  }\n                ]\n              }\n            ]\n          }\n        ]\n      },\n      \"url\": \"https://c4jnb075c-z7fadpbfzua5eb3dbfdbca.4.ncy/%F1%93%8F%9Fmml89U3'%F3%AA%8E%81/:/g47Te4/F/RZ%F2%BF%B7%B9Go5&c%F2%9D%91%87\",\n      \"info\": \"\"\n    }\n  },\n  {\n    \"title\": \"block sample 6\",\n    \"value\": {\n      \"name\": \"\",\n      \"ay\": 1963,\n      \"assign\": [\n        \"%,)w`gq9\\\"N\",\n        \"&'&#~Xh\"\n      ],\n      \"url\": \"https://ll7nzuv354wkatx.b2ckbdk-5911grqtt6fxyy63qpz8ml8d.pa88n-hyl.zifz66ltjjxeo4bkp7y3kxtkglznmi3c-864ydi7gbqox.b.dfyoy\",\n      \"info\": \"pg:.?^$\",\n      \"M!f.q~\": {\n        \"name\": \"$)jP\",\n        \"ay\": 1962,\n        \"assign\": [\n          \"[I>i{lx\",\n          \"<6kGk|\",\n          \">b]H}wc%\",\n          \"z1)M0\",\n          \":|;:D5?-\"\n        ],\n        \"match\": {\n          \"or\": [\n            \"PYK59F\",\n            {\n              \"pattern\": \"WL*92P\",\n              \"exclude\": [\n                \"QPY0827F\",\n                \"MFL1xJ\",\n                \"JN6xJ\"\n              ],\n              \"info\": \"eU\"\n            }\n          ]\n        },\n        \"satisfy\": [\n          {\n            \"or\": [\n              {\n                \"or\": [\n                  {\n                    \"and\": [\n                      {\n                        \"or\": []\n                      },\n                      {\n                        \"mc\": \"<=118\"\n                      },\n                      \"G\"\n                    ]\n                  },\n                  \"U<6{S=dc9C\",\n                  \"\\\\N~:\",\n                  \"00  E^\"\n                ]\n              },\n              {\n                \"mc\": \">=37\"\n              },\n              {\n                \"or\": []\n              },\n              {\n                \"mc\": \">=125\"\n              },\n              {\n                \"or\": [\n                  \"tOAi8>J83\",\n                  {\n                    \"or\": [\n                      {\n                        \"and\": [\n                          \"z}\",\n                          \"Lz\",\n                          \"1,\"\n                        ]\n                      },\n                      {\n                        \"and\": [\n                          \"*(n|\",\n                          \"5\",\n                          {\n                            \"and\": [\n                              {\n                                \"and\": [\n                                  \"\",\n                                  \"n\\\\Z$5ilbP)\",\n                                  \"<5\",\n                                  \"y_g#0we\\\\7s\",\n                                  \",*'SI\"\n                                ]\n                              },\n                              \"V;:U%+:\"\n                            ]\n                          },\n                          \"UmW4J\\\\J\",\n                          \"lmXG,npMYB\"\n                        ]\n                      }\n                    ]\n                  },\n                  {\n                    \"and\": [\n                      {\n                        \"and\": [\n                          {\n                            \"or\": [\n                              \"\",\n                              {\n                                \"and\": [\n                                  \"|KKHua\",\n                                  \"+Asb_43W^c\",\n                                  \"SZ]j6\",\n                                  \"\"\n                                ]\n                              },\n                              \"\",\n                              \"#SJb\"\n                            ]\n                          },\n                          \"\"\n                        ]\n                      },\n                      \"6gxaD/2I\",\n                      \"5+Q#F.\",\n                      \">^:m{\"\n                    ]\n                  },\n                  {\n                    \"and\": [\n                      \"p2xXa'D\\\"2\"\n                    ]\n                  },\n                  \"e3xvJ0~{i_\"\n                ]\n              }\n            ]\n          },\n          \"Vb8#PH\"\n        ],\n        \"url\": \"http://mxpjncwbm-9fluiu0-ff3amnxaku.5r-f.y.z.xpwz/gj/8r2B3+//A5M4@/aTt\",\n        \"info\": \"pLz>2iQ*d5\",\n        \"vb!kS.16[K\": {\n          \"name\": \"\\\"H%gEm+|r\",\n          \"ay\": 2017,\n          \"match\": [\n            {\n              \"pattern\": \"YJ12E\",\n              \"exclude\": \"GIx7X\"\n            },\n            {\n              \"and\": [\n                {\n                  \"or\": [\n                    \"OQx8\",\n                    {\n                      \"and\": [\n                        \"ZO409D\",\n                        \"FRU800Z\",\n                        {\n                          \"and\": [\n                            {\n                              \"and\": [\n                                \"VFO8*0Z\"\n                              ]\n                            },\n                            \"WO87\",\n                            {\n                              \"or\": [\n                                \"CCO198Q\",\n                                \"MUD0*\"\n                              ]\n                            },\n                            \"BH4A\"\n                          ]\n                        },\n                        \"IC0515H\"\n                      ]\n                    },\n                    \"NNP*1D\"\n                  ]\n                }\n              ]\n            },\n            {\n              \"or\": [\n                {\n                  \"pattern\": \"NEJ319\",\n                  \"exclude\": [],\n                  \"info\": \"kao+G10`,E\"\n                }\n              ]\n            }\n          ],\n          \"url\": \"https://0t5cona4t4xjlwllygyifusqqltv6v4.oq.fej7hsz8hx-e7ew5pbow5dhdpqrbegg9k1dhwxg8ryqitn48q9f.h9fqhbjew081x.rk5fn2z.glehzdvp/r!Kqu/(%F1%A0%96%B2dvvk)/4_%F2%A6%8E%B9qmZ5Y8%F4%8D%AA%9A\",\n          \"info\": \"=\"\n        },\n        \"#5m0+w\": {\n          \"name\": \"\",\n          \"ay\": 2017,\n          \"assign\": [\n            \"Hm{kUS m\",\n            \"n\\\"2m.|C\",\n            \"&]\"\n          ],\n          \"match\": [],\n          \"satisfy\": {\n            \"or\": [\n              {\n                \"and\": [\n                  \"oREo\\\"10 b\",\n                  {\n                    \"mc\": \">=14\"\n                  },\n                  \"m^^L.\",\n                  \" X#cx\",\n                  {\n                    \"and\": [\n                      \"m*d\",\n                      \"E(\"\n                    ]\n                  }\n                ]\n              },\n              {\n                \"and\": [\n                  \" @Rg\",\n                  \"j]5\",\n                  \"i5%;+s(\"\n                ]\n              },\n              {\n                \"mc\": \"<=133\"\n              },\n              {\n                \"and\": [\n                  {\n                    \"and\": [\n                      \"%=U\"\n                    ]\n                  },\n                  {\n                    \"or\": []\n                  },\n                  {\n                    \"and\": [\n                      {\n                        \"and\": []\n                      },\n                      {\n                        \"mc\": \">=130\"\n                      },\n                      {\n                        \"or\": []\n                      },\n                      \",E\",\n                      \"li?Z'/{.uL\"\n                    ]\n                  },\n                  {\n                    \"mc\": \">=92\"\n                  }\n                ]\n              }\n            ]\n          },\n          \"url\": \"http://i.731bekd.8fkxgir0e2rutp3r0elf84x8.jrbpepn/*p/q:v5D%F0%B0%8E%9Fp//%F3%86%99%86eC/I\",\n          \"info\": \"3W%TO\",\n          \"\": {\n            \"name\": \"Rgk)_YFqi\",\n            \"ay\": 1957,\n            \"assign\": \"D\",\n            \"match\": {\n              \"or\": [\n                {\n                  \"or\": []\n                }\n              ]\n            },\n            \"satisfy\": [\n              {\n                \"and\": [\n                  {\n                    \"mc\": \"<=62\"\n                  },\n                  {\n                    \"or\": [\n                      \"+j\",\n                      \"YK;m((5V{K\",\n                      {\n                        \"mc\": \"<=134\"\n                      }\n                    ]\n                  },\n                  {\n                    \"and\": [\n                      \"#s#N8<.(fk\",\n                      \"&s\",\n                      {\n                        \"or\": [\n                          \"pThE\",\n                          \"8%3l\"\n                        ]\n                      }\n                    ]\n                  }\n                ]\n              },\n              {\n                \"or\": []\n              }\n            ],\n            \"url\": \"http://seo3trxov0yelfe7ajp0almumf5242a-dsjl9-xi697o02gj8frd7u1ffrjb.ri2hq7jaltpot92lihyimxqudgw.tkkv9e9elsc4d43s4bz493vw3r1o5hs6a.51ft145whj63tc78q8hhkg9qo93m1m3-ffn1wes48cjhfy31x0mk.xgha4lc.dd/;d2P/1lz/A/6eH6a9*ZS/_x!v//t:uT$%F4%86%83%9F$/kUYR~xY/t+WU*7txq%F2%9A%B9%A1/u%F3%87%A4%8BSjzfd!5\",\n            \"info\": \"\"\n          }\n        },\n        \"gE1K\": {\n          \"name\": \"d?\",\n          \"ay\": 2008,\n          \"assign\": [\n            \"\"\n          ],\n          \"match\": {\n            \"and\": [\n              {\n                \"pattern\": \"FQK007F\",\n                \"exclude\": [],\n                \"info\": \"{tG)s\"\n              }\n            ]\n          },\n          \"satisfy\": [\n            {\n              \"and\": [\n                {\n                  \"or\": [\n                    \".2[Zb\",\n                    {\n                      \"mc\": \"<=21\"\n                    },\n                    {\n                      \"or\": [\n                        {\n                          \"or\": [\n                            \"K<\",\n                            \",nz.Kz\",\n                            \"~th?#\"\n                          ]\n                        },\n                        {\n                          \"or\": [\n                            \"^v6oH`FN\",\n                            \"\\\"~?T>,^Sx9\",\n                            \"C-]0^mzvEY\"\n                          ]\n                        },\n                        \"A%N\"\n                      ]\n                    }\n                  ]\n                },\n                {\n                  \"mc\": \">=109\"\n                },\n                {\n                  \"or\": [\n                    \"\",\n                    {\n                      \"and\": [\n                        \".B{1QB*|f\"\n                      ]\n                    },\n                    {\n                      \"or\": [\n                        \"E%c,q\"\n                      ]\n                    },\n                    {\n                      \"and\": [\n                        \"d^\",\n                        \"{eO[2q/5`b\",\n                        {\n                          \"or\": [\n                            \"*p9\"\n                          ]\n                        }\n                      ]\n                    },\n                    \"i6b{*V\"\n                  ]\n                },\n                {\n                  \"and\": [\n                    \".EL^m%6m3]\",\n                    \").\",\n                    {\n                      \"and\": [\n                        \"WDw>\"\n                      ]\n                    }\n                  ]\n                },\n                \"W&Kf0\"\n              ]\n            },\n            \"Hd'QR\",\n            {\n              \"mc\": \"<=76\"\n            },\n            {\n              \"mc\": \"<=39\"\n            }\n          ],\n          \"url\": \"https://lb6v43hcqmdtuxv2amwgsmnt.aghr17bm4ratovngsrrhhsts2msy6hp-ca-swq-6imtb4idz56roude3hgp3.obp/rG/~ii*;/drWMwlF~u$/iQX%F0%96%98%B1ROemf/713S%F0%9A%8E%92*y/$Jb$%F3%A1%84%95s8\",\n          \"info\": \"'tL\",\n          \"\": {\n            \"name\": \"p#&T)X:x\",\n            \"ay\": 1981,\n            \"assign\": \"}/\",\n            \"match\": {\n              \"or\": [\n                \"YRH*31\",\n                \"MGM3H\",\n                \"QU90*3\",\n                \"LX4346Q\"\n              ]\n            },\n            \"satisfy\": [\n              {\n                \"and\": [\n                  {\n                    \"mc\": \">=151\"\n                  },\n                  {\n                    \"or\": [\n                      {\n                        \"mc\": \"<=164\"\n                      },\n                      \"\"\n                    ]\n                  },\n                  {\n                    \"and\": [\n                      {\n                        \"mc\": \"<=162\"\n                      }\n                    ]\n                  },\n                  \"ck\",\n                  {\n                    \"mc\": \"<=54\"\n                  }\n                ]\n              },\n              {\n                \"mc\": \">=136\"\n              },\n              {\n                \"or\": [\n                  \"Qe=H*\",\n                  {\n                    \"or\": [\n                      {\n                        \"mc\": \"<=27\"\n                      },\n                      \"%W_m\",\n                      \"&>t&rKHB\"\n                    ]\n                  },\n                  {\n                    \"mc\": \"<=110\"\n                  }\n                ]\n              },\n              \"3jiDO\",\n              \"uKPHn2K?MS\"\n            ],\n            \"url\": \"https://hfiuh5-lf-iloedvxek9nx0ydmaxf6htpqp7nr0p2zuz5bp8nv5l881.ermera/L;//l\",\n            \"info\": \"`1,C.?-gz\"\n          },\n          \"^]xYS~q\": {\n            \"name\": \" KyFv>\",\n            \"assign\": \".)\",\n            \"match\": [],\n            \"info\": \"RCobq~O\"\n          }\n        },\n        \",\\\"7@U9,\": {\n          \"name\": \"qzx\",\n          \"ay\": 2001,\n          \"assign\": [],\n          \"match\": {\n            \"and\": [\n              {\n                \"pattern\": \"YA555P\",\n                \"exclude\": [\n                  \"AM5\",\n                  \"VJN458W\",\n                  \"CMW474\"\n                ],\n                \"info\": \"sMv4H'bB8\"\n              },\n              {\n                \"or\": [\n                  \"MOC500M\"\n                ]\n              },\n              {\n                \"and\": [\n                  \"FLI1726\",\n                  \"FU91*A\",\n                  {\n                    \"and\": [\n                      \"II*6B\",\n                      {\n                        \"and\": [\n                          \"RZ3x99\",\n                          \"VRQ5818\",\n                          \"SAx374W\",\n                          \"RC0\"\n                        ]\n                      },\n                      \"TKI6337\",\n                      {\n                        \"and\": []\n                      }\n                    ]\n                  },\n                  \"JK9869\",\n                  \"DZM8367Q\"\n                ]\n              }\n            ]\n          },\n          \"satisfy\": {\n            \"and\": [\n              {\n                \"or\": [\n                  {\n                    \"or\": [\n                      \"Az|k|T/2\"\n                    ]\n                  },\n                  \"#m|\",\n                  \"gPg,~s0&z\",\n                  \"\",\n                  \"vM|=b\"\n                ]\n              },\n              \"A:_XX/:\"\n            ]\n          },\n          \"url\": \"https://zjoazowvn571ihayq9295r81quu51lip-mwr2gxd63uz0.r23xzup3bv.bsz/,u/+(%F1%81%B4%B5i//ymH+p!%F3%86%AB%AE/d/n8f*!./Y~%F2%8A%B0%A2/~dWjk(\",\n          \"info\": \"bC!\"\n        }\n      },\n      \"j\": {\n        \"name\": \"l\",\n        \"ay\": 2023,\n        \"assign\": [\n          \"C6\",\n          \"&#1\\\"\",\n          \"|@>BSW\",\n          \"!%Iz\\\\Bl2\"\n        ],\n        \"match\": [],\n        \"satisfy\": {\n          \"and\": []\n        },\n        \"url\": \"http://x-o5jl8u17ln7btoz8qg8-zs2w229o344jqkke2q031xij5j7g.zdv6xp8m3odkqxxqk-6baxwynckxti0copxt80g434dp5zlnsw2r587s1hcp.sl38v2a00y7ume9ioxs39lxafskyen-0tlr.jandvt5pr4c3z1mfy82s4kfi0x3lyre33t2.ibrxj//%F2%B8%8A%B2-@-sJ4n'/\",\n        \"info\": \"{T#u'69-~0\",\n        \"Csq J_MI\": {\n          \"name\": \"?+~vy(\",\n          \"ay\": 2016,\n          \"match\": [\n            \"WQ4\",\n            {\n              \"and\": []\n            },\n            {\n              \"pattern\": \"AKE02P\",\n              \"exclude\": \"WZ53\"\n            }\n          ],\n          \"satisfy\": [\n            \"M(\"\n          ],\n          \"url\": \"https://8-lb8ex6fx5bpt8upas21neir9fvavmsxenyh.vs8fn2rpe8j5j06wouv3t39j3hvo1ng6dvggx3b0jbmom5gx9-0yi84jeov6d.17dazl.40vlcp.b1qa.vipzjvdf/w24XCZm/%F2%9D%A3%8Chun%F1%87%8A%9B9'Xq/d%F3%BD%93%ADWLPIF@t_/i_H=u/ofm44H%F1%A1%A2%A186t\",\n          \"info\": \"{/[, \"\n        },\n        \"\": {\n          \"name\": \"P7\",\n          \"match\": {\n            \"and\": [\n              {\n                \"and\": []\n              },\n              {\n                \"or\": [\n                  {\n                    \"and\": [\n                      {\n                        \"or\": []\n                      },\n                      \"MS8\"\n                    ]\n                  },\n                  {\n                    \"or\": []\n                  },\n                  {\n                    \"pattern\": \"DLW1x*1T\",\n                    \"exclude\": [\n                      \"XS846C\"\n                    ]\n                  },\n                  \"UA9\",\n                  \"CZG3\"\n                ]\n              },\n              \"BP*2xxE\"\n            ]\n          },\n          \"satisfy\": [\n            \"wF#O,4]x\"\n          ],\n          \"url\": \"http://s5a1vpuoxz72-l8uxl0iy7pf3vy56g22nqu82wncjbu5w51-hpajsya1hktotp1.670vttbfboq3xao-cwngze8sg2vswyfn58697s6nimfa696aabxwfn8okg-t.1rg.ybzmgoj/j*cDh;//E$t0gXIb!1/t%F4%8A%85%B8l2\",\n          \"info\": \"+BLAEweWG\",\n          \"\": {\n            \"ay\": 1958,\n            \"assign\": [],\n            \"match\": [\n              \"EB25\",\n              {\n                \"pattern\": \"UXHxH\",\n                \"exclude\": [\n                  \"GMS0A\",\n                  \"FD*205V\",\n                  \"DB653V\"\n                ]\n              },\n              {\n                \"or\": [\n                  {\n                    \"pattern\": \"BBH74E\",\n                    \"exclude\": \"INA1539\",\n                    \"info\": \"A?y\\\\uK*pH\"\n                  },\n                  {\n                    \"and\": [\n                      {\n                        \"pattern\": \"IExx8\",\n                        \"exclude\": \"ZJ7*x\",\n                        \"info\": \"@A-T\"\n                      },\n                      {\n                        \"pattern\": \"ZH*025N\",\n                        \"info\": \"PZN2a\"\n                      },\n                      \"AI83*5C\"\n                    ]\n                  }\n                ]\n              },\n              {\n                \"and\": []\n              },\n              {\n                \"and\": [\n                  {\n                    \"and\": [\n                      \"JExV\",\n                      \"JPH871Y\",\n                      \"KN0\"\n                    ]\n                  },\n                  \"ALF353G\",\n                  {\n                    \"or\": []\n                  },\n                  \"EV0\",\n                  {\n                    \"pattern\": \"BE*7*7\",\n                    \"info\": \"+\\\\:)>]d\"\n                  }\n                ]\n              }\n            ],\n            \"satisfy\": {\n              \"or\": [\n                {\n                  \"or\": [\n                    \">_\",\n                    \"\\\\2)W\"\n                  ]\n                },\n                \"1:GZo*=}RS\",\n                {\n                  \"mc\": \"<=94\"\n                },\n                {\n                  \"and\": [\n                    \"(obP\",\n                    \"m_AE9o/kb=\",\n                    {\n                      \"and\": []\n                    }\n                  ]\n                }\n              ]\n            },\n            \"url\": \"http://d.nwj59kmhqa4y0hl7cn7ce.n0lebrqi7usm2jh5wxxobyapbijipxiw3lgd.1cphdgbt80awzca62zmtjg-91c3rii7dmm4hg9gkphw6fuz8730we3poiganvzg.aue/6:0z!w-%F2%96%8C%A0U/PXJ%F0%99%8D%84@w=iFB\"\n          },\n          \"@$\": {\n            \"name\": \"py/@\",\n            \"ay\": 1994,\n            \"match\": {\n              \"pattern\": \"XTD218L\",\n              \"exclude\": \"XEM7438\",\n              \"info\": \"%\"\n            },\n            \"url\": \"https://sf20myp-xrnofwqx02w-5obj.014-42hctwst8a3-btkghp8byoq3--zuykz5w4gitruml2ea8hh-et9yo.pkxxipvkr7stsefyxbnu5kgw-sw6oj4o8m3altmydfyjfuwah5mdhdq.dtaqqyd/i0UiB1(/@_Lu$.P/Oo//$%F1%8D%A1%89l(W*C&/0X*aH3Lf/2%F1%97%BB%91)%F3%81%A9%9C9P/%F0%A7%BC%B7/\",\n            \"info\": \"KLc&fLYU4\"\n          }\n        },\n        \"9D|@g%w\": {\n          \"name\": \"aV#JF! 5GR\",\n          \"ay\": 1957,\n          \"assign\": \"+c>p\\\"\",\n          \"match\": [],\n          \"satisfy\": [\n            \"*)\",\n            {\n              \"mc\": \"<=6\"\n            },\n            {\n              \"or\": [\n                {\n                  \"mc\": \">=59\"\n                },\n                {\n                  \"and\": []\n                },\n                \"wW/P,P+1jq\",\n                {\n                  \"and\": [\n                    {\n                      \"and\": []\n                    },\n                    {\n                      \"or\": [\n                        {\n                          \"mc\": \"<=8\"\n                        },\n                        {\n                          \"and\": [\n                            \"to<f;5sJ\",\n                            \"@{in07Z-K\",\n                            {\n                              \"or\": []\n                            },\n                            \"?>,\"\n                          ]\n                        }\n                      ]\n                    },\n                    \"\\\"YWN\",\n                    {\n                      \"and\": []\n                    }\n                  ]\n                },\n                \"x2Pa!A\"\n              ]\n            },\n            \"\"\n          ],\n          \"url\": \"https://i4lu2a.zgvn2u8q03oheevxjgs3-ufv58jv7uwig4rfe.qo8t9xpss0-a-af50ggc2jr70kxu.3v9bujbsj6uhchx.ke-94nmaus943b-o8y42w6bueaae9itz7t-y8pf9wzxx2y-gqo0by-axpo.vzt/K1aO%F3%B0%B6%A6%F4%84%BA%A6G19q/o/w%F2%9E%87%BA_5/2+%F0%A2%97%A6!$v%F2%84%B1%8DdSN/NsDRY/i.eCd,S)/eTEA/Ev/F4%F3%AA%8F%99IM7z084\",\n          \"info\": \"43'|d_'\"\n        },\n        \"./\": {\n          \"name\": \"RfobCB\",\n          \"assign\": \"3.n`1+isE;\",\n          \"match\": [\n            \"KDJ561\",\n            {\n              \"or\": [\n                {\n                  \"and\": []\n                },\n                {\n                  \"pattern
[...]
            {
              "title": "should not validate pattern match rule with non-string info",
              "fullTitle": "matchRuleSchema should not validate pattern match rule with non-string info",
              "timedOut": false,
              "duration": 0,
              "state": "passed",
              "speed": "fast",
              "pass": true,
              "fail": false,
              "pending": false,
              "context": null,
              "code": "const message = \"property 'info' should be a string\";\nisInvalidRule({ pattern: \"CS2101\", info: 42 }, { instancePath: \"/info\", message });",
              "err": {},
              "uuid": "c44d4b11-8e1f-4299-9c5b-d8c00d5afd8e",
              "parentUUID": "b6a2e478-33f0-4039-970b-0c984f1e75fe",
              "isHook": false,
              "skipped": false
            },
            {
              "title": "should not validate and match rules with non-array property",
              "fullTitle": "matchRuleSchema should not validate and match rules with non-array property",
              "timedOut": false,
              "duration": 0,
              "state": "passed",
              "speed": "fast",
              "pass": true,
              "fail": false,
              "pending": false,
              "context": null,
              "code": "const message = \"property 'and' should be an array of match rules\";\nisInvalidRule({ or: [{ and: {} }, { or: [{ and: 3 }] }] }, { instancePath: \"/or/0/and\", message }, { instancePath: \"/or/1/or/0/and\", message });",
              "err": {},
              "uuid": "fb4e5406-8a91-4948-9901-c590fa00f7db",
              "parentUUID": "b6a2e478-33f0-4039-970b-0c984f1e75fe",
              "isHook": false,
              "skipped": false
            },
            {
              "title": "should not validate or match rules with non-array property",
              "fullTitle": "matchRuleSchema should not validate or match rules with non-array property",
              "timedOut": false,
              "duration": 0,
              "state": "passed",
              "speed": "fast",
              "pass": true,
              "fail": false,
              "pending": false,
              "context": null,
              "code": "const message = \"property 'or' should be an array of match rules\";\nisInvalidRule({ or: [{ or: {} }, { and: [{ or: 3 }] }] }, { instancePath: \"/or/0/or\", message }, { instancePath: \"/or/1/and/0/or\", message });",
              "err": {},
              "uuid": "68f68dfb-c114-4f19-9f55-f25667af7e12",
              "parentUUID": "b6a2e478-33f0-4039-970b-0c984f1e75fe",
              "isHook": false,
              "skipped": false
            }
          ],
          "suites": [],
          "passes": [
            "b2e98413-83e5-4f7d-ba56-56148e2a8c1e",
            "45fdaf7f-47e0-4a16-aad6-4df32873af4e",
            "0610aa19-c950-40bf-b04a-6421c5dcca1b",
            "6d2982e6-7773-44f2-9fc8-0b8d0a7b7153",
            "25140940-260f-4114-b252-7abb998541ae",
            "834e0287-117f-4cef-bb8b-923d1d218199",
            "3ab84b27-48ae-4fad-83fe-951fcf12d970",
            "8366c85a-2309-4a28-ab51-6067d5f7472b",
            "c44d4b11-8e1f-4299-9c5b-d8c00d5afd8e",
            "fb4e5406-8a91-4948-9901-c590fa00f7db",
            "68f68dfb-c114-4f19-9f55-f25667af7e12"
          ],
          "failures": [],
          "pending": [],
          "skipped": [],
          "duration": 12,
          "root": false,
          "rootEmpty": false,
          "_timeout": 2000
        },
        {
          "uuid": "e475b68b-9ad1-4cb5-94ce-03da01870305",
          "title": "inequalitySchema",
          "fullFile": "/home/runner/work/planwithus-lib/planwithus-lib/src/satisfyRule/inequality/schemas.test.ts",
          "file": "/src/satisfyRule/inequality/schemas.test.ts",
          "beforeHooks": [],
          "afterHooks": [],
          "tests": [
            {
              "title": "should validate inequality in the form <=n or >=n",
              "fullTitle": "inequalitySchema should validate inequality in the form <=n or >=n",
              "timedOut": false,
              "duration": 1,
              "state": "passed",
              "speed": "fast",
              "pass": true,
              "fail": false,
              "pending": false,
              "context": "[\n  {\n    \"title\": \"inequality sample 0\",\n    \"value\": \"<=27\"\n  },\n  {\n    \"title\": \"inequality sample 1\",\n    \"value\": \"<=196\"\n  },\n  {\n    \"title\": \"inequality sample 2\",\n    \"value\": \"<=78\"\n  },\n  {\n    \"title\": \"inequality sample 3\",\n    \"value\": \">=200\"\n  },\n  {\n    \"title\": \"inequality sample 4\",\n    \"value\": \">=4\"\n  },\n  {\n    \"title\": \"inequality sample 5\",\n    \"value\": \">=2\"\n  },\n  {\n    \"title\": \"inequality sample 6\",\n    \"value\": \"<=8\"\n  },\n  {\n    \"title\": \"inequality sample 7\",\n    \"value\": \">=125\"\n  },\n  {\n    \"title\": \"inequality sample 8\",\n    \"value\": \"<=91\"\n  },\n  {\n    \"title\": \"inequality sample 9\",\n    \"value\": \">=53\"\n  }\n]",
              "code": "fast_check_1.sample(index_test_2.inequality, 10).forEach((sample, i) => addContext_1.default(this, {\n    title: `inequality sample ${i}`,\n    value: sample,\n}));\nreturn fast_check_1.assert(fast_check_1.property(index_test_2.inequality, ajvValidate));",
              "err": {},
              "uuid": "782299cb-4ddb-4f96-af99-938ed85384e2",
              "parentUUID": "e475b68b-9ad1-4cb5-94ce-03da01870305",
              "isHook": false,
              "skipped": false
            },
            {
              "title": "should not validate inequality of invalid form",
              "fullTitle": "inequalitySchema should not validate inequality of invalid form",
              "timedOut": false,
              "duration": 2,
              "state": "passed",
              "speed": "fast",
              "pass": true,
              "fail": false,
              "pending": false,
              "context": null,
              "code": "[\n        \"\",\n        \"==23\",\n        \"23\",\n        \"<23\",\n        \">23\",\n        \"<=-1\",\n        \">=-1\",\n        \"<= 2\",\n        \">= 1\",\n        \"> 3\",\n        \"< 3\",\n        \"<=3a\",\n        \">=3a\",\n        \"a<=3\",\n        \"a>=3\",\n    ].forEach(isInvalidInequality)",
              "err": {},
              "uuid": "0865a323-f447-4751-95ce-39ffb9cf1052",
              "parentUUID": "e475b68b-9ad1-4cb5-94ce-03da01870305",
              "isHook": false,
              "skipped": false
            }
          ],
          "suites": [],
          "passes": [
            "782299cb-4ddb-4f96-af99-938ed85384e2",
            "0865a323-f447-4751-95ce-39ffb9cf1052"
          ],
          "failures": [],
          "pending": [],
          "skipped": [],
          "duration": 3,
          "root": false,
          "rootEmpty": false,
          "_timeout": 2000
        },
        {
          "uuid": "2773a0f3-e395-44a2-805f-deee3732f587",
          "title": "satisfyRuleSchema",
          "fullFile": "/home/runner/work/planwithus-lib/planwithus-lib/src/satisfyRule/schemas.test.ts",
          "file": "/src/satisfyRule/schemas.test.ts",
          "beforeHooks": [],
          "afterHooks": [],
          "tests": [
            {
              "title": "should validate satisfy rule with valid block id",
              "fullTitle": "satisfyRuleSchema should validate satisfy rule with valid block id",
              "timedOut": false,
              "duration": 1,
              "state": "passed",
              "speed": "fast",
              "pass": true,
              "fail": false,
              "pending": false,
              "context": null,
              "code": "fast_check_1.assert(fast_check_1.property(fast_check_1.string(), ajvValidate)",
              "err": {},
              "uuid": "28c7de43-27e2-4c6b-a4df-8aa525cdd92d",
              "parentUUID": "2773a0f3-e395-44a2-805f-deee3732f587",
              "isHook": false,
              "skipped": false
            },
            {
              "title": "should validate satisfy rules with valid mc",
              "fullTitle": "satisfyRuleSchema should validate satisfy rules with valid mc",
              "timedOut": false,
              "duration": 1,
              "state": "passed",
              "speed": "fast",
              "pass": true,
              "fail": false,
              "pending": false,
              "context": "[\n  {\n    \"title\": \"mcSatisfyRule sample 0\",\n    \"value\": {\n      \"mc\": \">=4\"\n    }\n  },\n  {\n    \"title\": \"mcSatisfyRule sample 1\",\n    \"value\": {\n      \"mc\": \">=7\"\n    }\n  },\n  {\n    \"title\": \"mcSatisfyRule sample 2\",\n    \"value\": {\n      \"mc\": \"<=194\"\n    }\n  },\n  {\n    \"title\": \"mcSatisfyRule sample 3\",\n    \"value\": {\n      \"mc\": \">=196\"\n    }\n  },\n  {\n    \"title\": \"mcSatisfyRule sample 4\",\n    \"value\": {\n      \"mc\": \">=3\"\n    }\n  },\n  {\n    \"title\": \"mcSatisfyRule sample 5\",\n    \"value\": {\n      \"mc\": \">=12\"\n    }\n  },\n  {\n    \"title\": \"mcSatisfyRule sample 6\",\n    \"value\": {\n      \"mc\": \"<=3\"\n    }\n  },\n  {\n    \"title\": \"mcSatisfyRule sample 7\",\n    \"value\": {\n      \"mc\": \"<=155\"\n    }\n  },\n  {\n    \"title\": \"mcSatisfyRule sample 8\",\n    \"value\": {\n      \"mc\": \"<=3\"\n    }\n  },\n  {\n    \"title\": \"mcSatisfyRule sample 9\",\n    \"value\": {\n      \"mc\": \"<=2\"\n    }\n  }\n]",
              "code": "fast_check_1.sample(index_test_2.mcSatisfyRule, 10).forEach((sample, i) => addContext_1.default(this, {\n    title: `mcSatisfyRule sample ${i}`,\n    value: sample,\n}));\nreturn fast_check_1.assert(fast_check_1.property(index_test_2.mcSatisfyRule, ajvValidate));",
              "err": {},
              "uuid": "2c8ba51d-5b93-481a-a27c-23b84d10e1fe",
              "parentUUID": "2773a0f3-e395-44a2-805f-deee3732f587",
              "isHook": false,
              "skipped": false
            },
            {
              "title": "should validate valid recursive satisfy rules",
              "fullTitle": "satisfyRuleSchema should validate valid recursive satisfy rules",
              "timedOut": false,
              "duration": 3,
              "state": "passed",
              "speed": "fast",
              "pass": true,
              "fail": false,
              "pending": false,
              "context": "[\n  {\n    \"title\": \"satisfyRule sample 0\",\n    \"value\": {\n      \"or\": [\n        {\n          \"or\": [\n            \"L%\",\n            {\n              \"or\": [\n                {\n                  \"mc\": \">=4\"\n                },\n                \"\"\n              ]\n            },\n            \"7|\",\n            \"Iz-\",\n            {\n              \"and\": [\n                \"eK\"\n              ]\n            }\n          ]\n        },\n        {\n          \"and\": [\n            \"k?$ll\\\"~1<\\\"\",\n            \"aN85;=Y=\"\n          ]\n        }\n      ]\n    }\n  },\n  {\n    \"title\": \"satisfyRule sample 1\",\n    \"value\": {\n      \"mc\": \"<=2\"\n    }\n  },\n  {\n    \"title\": \"satisfyRule sample 2\",\n    \"value\": {\n      \"or\": [\n        {\n          \"and\": [\n            \"T8\",\n            {\n              \"and\": [\n                \"K9UY\",\n                {\n                  \"and\": [\n                    \"<\",\n                    \"O<~@5jp\"\n                  ]\n                },\n                {\n                  \"and\": [\n                    \"19D\",\n                    \"?\"\n                  ]\n                },\n                \"~.=!\",\n                \"ROVA)+EN\"\n              ]\n            },\n            \"kd\"\n          ]\n        },\n        {\n          \"mc\": \"<=155\"\n        }\n      ]\n    }\n  },\n  {\n    \"title\": \"satisfyRule sample 3\",\n    \"value\": {\n      \"and\": [\n        {\n          \"or\": []\n        },\n        {\n          \"mc\": \"<=181\"\n        },\n        {\n          \"and\": [\n            \".\"\n          ]\n        },\n        \"1I\"\n      ]\n    }\n  },\n  {\n    \"title\": \"satisfyRule sample 4\",\n    \"value\": {\n      \"mc\": \">=166\"\n    }\n  },\n  {\n    \"title\": \"satisfyRule sample 5\",\n    \"value\": {\n      \"and\": []\n    }\n  },\n  {\n    \"title\": \"satisfyRule sample 6\",\n    \"value\": {\n      \"or\": [\n        {\n          \"mc\": \"<=2\"\n        },\n        \"F&\"\n      ]\n    }\n  },\n  {\n    \"title\": \"satisfyRule sample 7\",\n    \"value\": {\n      \"and\": [\n        {\n          \"mc\": \"<=90\"\n        },\n        {\n          \"and\": [\n            \"#L\\\"ZlSzO\"\n          ]\n        },\n        {\n          \"or\": []\n        },\n        {\n          \"and\": [\n            \";x\",\n            \"@yk\"\n          ]\n        },\n        {\n          \"or\": []\n        }\n      ]\n    }\n  },\n  {\n    \"title\": \"satisfyRule sample 8\",\n    \"value\": \"ydjWF\"\n  },\n  {\n    \"title\": \"satisfyRule sample 9\",\n    \"value\": \"@1.F\"\n  }\n]",
              "code": "fast_check_1.sample(index_test_2.satisfyRule, 10).forEach((sample, i) => addContext_1.default(this, {\n    title: `satisfyRule sample ${i}`,\n    value: sample,\n}));\nreturn fast_check_1.assert(fast_check_1.property(index_test_2.satisfyRule, ajvValidate));",
              "err": {},
              "uuid": "24bd8888-f226-4f36-83be-2a87e3ebbebb",
              "parentUUID": "2773a0f3-e395-44a2-805f-deee3732f587",
              "isHook": false,
              "skipped": false
            },
            {
              "title": "should not validate non-string/object",
              "fullTitle": "satisfyRuleSchema should not validate non-string/object",
              "timedOut": false,
              "duration": 1,
              "state": "passed",
              "speed": "fast",
              "pass": true,
              "fail": false,
              "pending": false,
              "context": null,
              "code": "const error = {\n    instancePath: \"\",\n    message: \"satisfy rule should be either a string or an object\",\n};\nisInvalidRule(null, error);\nisInvalidRule(undefined, error);\nisInvalidRule(10, error);\nisInvalidRule([12, 24], error);",
              "err": {},
              "uuid": "744c7f0e-6e8f-46e8-b465-fd7ab4da931a",
              "parentUUID": "2773a0f3-e395-44a2-805f-deee3732f587",
              "isHook": false,
              "skipped": false
            },
            {
              "title": "should not validate satisfy rules with extra properties",
              "fullTitle": "satisfyRuleSchema should not validate satisfy rules with extra properties",
              "timedOut": false,
              "duration": 0,
              "state": "passed",
              "speed": "fast",
              "pass": true,
              "fail": false,
              "pending": false,
              "context": null,
              "code": "isInvalidRule({\n        and: [\n            { or: [\"2k\"], abc: \"def\" },\n            { mc: 8, ghi: \"jkl\" },\n        ],\n        mno: \"pqr\",\n    }, {\n        instancePath: \"/and/0\",\n        message: \"or satisfy rule should have property 'or' only\",\n    }, {\n        instancePath: \"/and/1\",\n        message: \"MC satisfy rule should have property 'mc' only\",\n    }, {\n        instancePath: \"\",\n        message: \"and satisfy rule should have property 'and' only\",\n    })",
              "err": {},
              "uuid": "84420b9c-c7d4-4525-8bea-6f57a7b76195",
              "parentUUID": "2773a0f3-e395-44a2-805f-deee3732f587",
              "isHook": false,
              "skipped": false
            },
            {
              "title": "should not validate ambiguous satisfy rules",
              "fullTitle": "satisfyRuleSchema should not validate ambiguous satisfy rules",
              "timedOut": false,
              "duration": 0,
              "state": "passed",
              "speed": "fast",
              "pass": true,
              "fail": false,
              "pending": false,
              "context": null,
              "code": "const message = \"satisfy rule should have only one of properties 'mc', 'and', 'or'\";\nisInvalidRule({\n    or: [\n        { mc: 5, and: [\"CS2040\"] },\n        { and: [{ and: [\"abc\"], or: [\"def\"] }] },\n    ],\n}, { instancePath: \"/or/0\", message }, { instancePath: \"/or/1/and/0\", message });",
              "err": {},
              "uuid": "7fffd2d7-1aed-4e74-b481-8375443d950c",
              "parentUUID": "2773a0f3-e395-44a2-805f-deee3732f587",
              "isHook": false,
              "skipped": false
            },
            {
              "title": "should not validate and satisfy rules with non-array property",
              "fullTitle": "satisfyRuleSchema should not validate and satisfy rules with non-array property",
              "timedOut": false,
              "duration": 0,
              "state": "passed",
              "speed": "fast",
              "pass": true,
              "fail": false,
              "pending": false,
              "context": null,
              "code": "const message = \"property 'and' should be an array of satisfy rules\";\nisInvalidRule({ or: [{ and: {} }, { or: [{ and: 3 }] }] }, { instancePath: \"/or/0/and\", message }, { instancePath: \"/or/1/or/0/and\", message });",
              "err": {},
              "uuid": "10d65c57-71bb-442f-8d3b-c9ad28e85b6f",
              "parentUUID": "2773a0f3-e395-44a2-805f-deee3732f587",
              "isHook": false,
              "skipped": false
            },
            {
              "title": "should not validate or satisfy rules with non-array property",
              "fullTitle": "satisfyRuleSchema should not validate or satisfy rules with non-array property",
              "timedOut": false,
              "duration": 1,
              "state": "passed",
              "speed": "fast",
              "pass": true,
              "fail": false,
              "pending": false,
              "context": null,
              "code": "const message = \"property 'or' should be an array of satisfy rules\";\nisInvalidRule({ and: [{ or: {} }, { and: [{ or: 3 }] }] }, { instancePath: \"/and/0/or\", message }, { instancePath: \"/and/1/and/0/or\", message });",
              "err": {},
              "uuid": "0e9e084c-e373-4484-a7c8-ff1141bb99c2",
              "parentUUID": "2773a0f3-e395-44a2-805f-deee3732f587",
              "isHook": false,
              "skipped": false
            }
          ],
          "suites": [],
          "passes": [
            "28c7de43-27e2-4c6b-a4df-8aa525cdd92d",
            "2c8ba51d-5b93-481a-a27c-23b84d10e1fe",
            "24bd8888-f226-4f36-83be-2a87e3ebbebb",
            "744c7f0e-6e8f-46e8-b465-fd7ab4da931a",
            "84420b9c-c7d4-4525-8bea-6f57a7b76195",
            "7fffd2d7-1aed-4e74-b481-8375443d950c",
            "10d65c57-71bb-442f-8d3b-c9ad28e85b6f",
            "0e9e084c-e373-4484-a7c8-ff1141bb99c2"
          ],
          "failures": [],
          "pending": [],
          "skipped": [],
          "duration": 7,
          "root": false,
          "rootEmpty": false,
          "_timeout": 2000
        }
      ],
      "passes": [],
      "failures": [],
      "pending": [],
      "skipped": [],
      "duration": 0,
      "root": true,
      "rootEmpty": true,
      "_timeout": 2000
    }
  ],
  "meta": {
    "mocha": {
      "version": "9.0.1"
    },
    "mochawesome": {
      "options": {
        "quiet": false,
        "reportFilename": "mochawesome",
        "saveHtml": true,
        "saveJson": true,
        "consoleReporter": "spec",
        "useInlineDiffs": false,
        "code": true
      },
      "version": "6.2.2"
    },
    "marge": {
      "options": {
        "reportDir": "docs"
      },
      "version": "5.2.0"
    }
  }
}