{
  "stats": {
    "suites": 10,
    "tests": 48,
    "passes": 48,
    "pending": 0,
    "failures": 0,
    "start": "2021-07-19T10:38:54.612Z",
    "end": "2021-07-19T10:38:55.014Z",
    "duration": 402,
    "testsRegistered": 48,
    "passPercent": 100,
    "pendingPercent": 0,
    "other": 0,
    "hasOther": false,
    "skipped": 0,
    "hasSkipped": false
  },
  "results": [
    {
      "uuid": "0ad13610-a5cb-4b8c-9a6d-36b64b68292a",
      "title": "",
      "fullFile": "",
      "file": "",
      "beforeHooks": [],
      "afterHooks": [],
      "tests": [],
      "suites": [
        {
          "uuid": "1d0640b9-92e3-43e3-8bfe-120e12140d66",
          "title": "initDirectories",
          "fullFile": "/home/runner/work/planwithus-lib/planwithus-lib/src/block/schemas.test.ts",
          "file": "/src/block/schemas.test.ts",
          "beforeHooks": [],
          "afterHooks": [],
          "tests": [
            {
              "title": "should parse all blocks with no errors",
              "fullTitle": "initDirectories should parse all blocks with no errors",
              "timedOut": false,
              "duration": 4,
              "state": "passed",
              "speed": "fast",
              "pass": true,
              "fail": false,
              "pending": false,
              "context": null,
              "code": "_1.initDirectories.should.not.throw()",
              "err": {},
              "uuid": "dc6cde95-667d-4af4-bfb6-9b10daf703c7",
              "parentUUID": "1d0640b9-92e3-43e3-8bfe-120e12140d66",
              "isHook": false,
              "skipped": false
            },
            {
              "title": "should produce primary, second & minor directories",
              "fullTitle": "initDirectories should produce primary, second & minor directories",
              "timedOut": false,
              "duration": 2,
              "state": "passed",
              "speed": "fast",
              "pass": true,
              "fail": false,
              "pending": false,
              "context": null,
              "code": "const directories = _1.initDirectories();\ndirectories.should.have.property(\"primary\");\ndirectories.should.have.property(\"second\");\ndirectories.should.have.property(\"minor\");",
              "err": {},
              "uuid": "a257c2b5-41ca-44dc-8596-ea6ebea5f33a",
              "parentUUID": "1d0640b9-92e3-43e3-8bfe-120e12140d66",
              "isHook": false,
              "skipped": false
            }
          ],
          "suites": [],
          "passes": [
            "dc6cde95-667d-4af4-bfb6-9b10daf703c7",
            "a257c2b5-41ca-44dc-8596-ea6ebea5f33a"
          ],
          "failures": [],
          "pending": [],
          "skipped": [],
          "duration": 6,
          "root": false,
          "rootEmpty": false,
          "_timeout": 2000
        },
        {
          "uuid": "c0508d6a-2fc1-425d-8e69-78966d964f0d",
          "title": "blockSchema",
          "fullFile": "/home/runner/work/planwithus-lib/planwithus-lib/src/block/schemas.test.ts",
          "file": "/src/block/schemas.test.ts",
          "beforeHooks": [],
          "afterHooks": [],
          "tests": [
            {
              "title": "should validate valid block",
              "fullTitle": "blockSchema should validate valid block",
              "timedOut": false,
              "duration": 229,
              "state": "passed",
              "speed": "slow",
              "pass": true,
              "fail": false,
              "pending": false,
              "context": "[\n  {\n    \"title\": \"block sample 0\",\n    \"value\": {\n      \"name\": \"~\",\n      \"ay\": 1952,\n      \"match\": [\n        {\n          \"and\": [\n            {\n              \"pattern\": \"HIC6960\",\n              \"exclude\": \"FKL88*1N\",\n              \"info\": \"KE\"\n            },\n            {\n              \"pattern\": \"MF666\",\n              \"exclude\": \"IW1*41L\"\n            },\n            {\n              \"pattern\": \"DU2W\",\n              \"exclude\": \"TOx6\",\n              \"info\": \"yd}_z\"\n            },\n            {\n              \"pattern\": \"RPL11R\",\n              \"exclude\": [],\n              \"info\": \"w0Y\"\n            },\n            \"VK66x3\"\n          ]\n        },\n        {\n          \"or\": [\n            {\n              \"or\": [\n                \"HN361L\",\n                {\n                  \"or\": [\n                    {\n                      \"and\": []\n                    },\n                    \"RF3547G\"\n                  ]\n                }\n              ]\n            },\n            \"NU5x6T\",\n            {\n              \"pattern\": \"MD027K\",\n              \"exclude\": \"YHD677T\",\n              \"info\": \"z/\"\n            }\n          ]\n        }\n      ],\n      \"url\": \"http://ej1l8l6sqe-l2nq50td144nvu275l0fyy3d85q3grf.fpc/xc_n%F3%9A%A3%BC/+iyEcKI/N\",\n      \"info\": \"!+v$cJ%B~\",\n      \"isSelectable\": true\n    }\n  },\n  {\n    \"title\": \"block sample 1\",\n    \"value\": {\n      \"name\": \"m\",\n      \"ay\": 1955,\n      \"assign\": [\n        \"7!}9\",\n        \"!X\"\n      ],\n      \"satisfy\": [\n        \"Fj+\",\n        {\n          \"and\": [\n            \"k[\\\"]w3\\\"QD\"\n          ]\n        },\n        {\n          \"or\": [\n            \"KXRKm/\",\n            {\n              \"mc\": \">=81\"\n            }\n          ]\n        },\n        \"qn.}\"\n      ],\n      \"url\": \"https://qdm3acgw-juo-zifnkius3j2367c0iivdkma4s-1hp.8-bp6u81lb78z5g0b4mfr3ntdsbac4cx8trjch.dfuco/rOb$p%F1%BD%A1%83y+/-cq%F1%9F%9D%9D$';6=W/w\",\n      \"isSelectable\": true,\n      \"L*K\": {\n        \"name\": \"]~wi8O<\\\"\",\n        \"ay\": 2029,\n        \"assign\": [],\n        \"match\": [\n          {\n            \"pattern\": \"WHT1683R\",\n            \"exclude\": \"VD*1\"\n          },\n          {\n            \"or\": [\n              {\n                \"pattern\": \"CXE6049\",\n                \"exclude\": \"AV9\",\n                \"info\": \"/qcVH\"\n              }\n            ]\n          },\n          {\n            \"or\": []\n          }\n        ],\n        \"url\": \"http://n2tg75g6zst3ohb1robdlapqbk7l97yckxx06mi0e43nq74g.j5jk3ubsem23-493lkyz-fjh7zv.s9hfxgpxq0xa-m-e57-s2zh.k.hcwvzaxddw/tmK%F3%84%AD%9BUn/0%F2%B5%A3%82d/!T/8f~6hzB/WdgKK3\",\n        \"info\": \";}l\"\n      },\n      \",BR_v,i$n\": {\n        \"name\": \"\",\n        \"ay\": 2016,\n        \"match\": \"UM88\",\n        \"isSelectable\": true\n      },\n      \"\": {\n        \"name\": \"\",\n        \"ay\": 1964,\n        \"match\": [\n          \"DW8T\",\n          {\n            \"or\": [\n              {\n                \"pattern\": \"AHT7\",\n                \"info\": \"A_7Qi\"\n              },\n              {\n                \"or\": [\n                  \"XF1082\",\n                  \"ADF497I\"\n                ]\n              },\n              \"JO6670W\",\n              {\n                \"pattern\": \"GY5x0\",\n                \"exclude\": \"YC44Q\"\n              }\n            ]\n          },\n          {\n            \"and\": [\n              {\n                \"pattern\": \"EUxx1\",\n                \"exclude\": \"NVW1x38B\",\n                \"info\": \"w\"\n              },\n              {\n                \"pattern\": \"DYL9069L\",\n                \"exclude\": \"BW7894P\",\n                \"info\": \"<&J'J\"\n              },\n              {\n                \"or\": [\n                  \"PNH6K\",\n                  \"CNX9x11\",\n                  {\n                    \"or\": [\n                      \"MI2x93\",\n                      {\n                        \"pattern\": \"DVF7002J\",\n                        \"exclude\": [\n                          \"ZTN*7J\",\n                          \"WCL8C\",\n                          \"WC5Q\",\n                          \"XOQ58\"\n                        ],\n                        \"info\": \"\"\n                      }\n                    ]\n                  }\n                ]\n              },\n              \"KT6*6x\",\n              {\n                \"and\": [\n                  {\n                    \"pattern\": \"DLI7*Z\",\n                    \"exclude\": [\n                      \"ZGE8W\",\n                      \"JQ23x\",\n                      \"CD1895K\",\n                      \"NUC91x3N\",\n                      \"VJZ4864\"\n                    ],\n                    \"info\": \"OQ5hzt]\"\n                  },\n                  \"JP38K\",\n                  \"AVEx9\",\n                  {\n                    \"and\": [\n                      \"PSx\"\n                    ]\n                  }\n                ]\n              }\n            ]\n          },\n          {\n            \"and\": [\n              {\n                \"and\": [\n                  {\n                    \"pattern\": \"QPx160\",\n                    \"exclude\": [\n                      \"DP90E\",\n                      \"NCD198E\",\n                      \"XNR24*7S\"\n                    ],\n                    \"info\": \"\"\n                  },\n                  \"EIR21\",\n                  \"WG28xD\"\n                ]\n              },\n              {\n                \"pattern\": \"VCO3D\",\n                \"exclude\": \"CMV9***N\",\n                \"info\": \"gvI\"\n              },\n              \"GFQ8*L\",\n              {\n                \"and\": [\n                  {\n                    \"or\": [\n                      {\n                        \"pattern\": \"DV38\",\n                        \"exclude\": [\n                          \"NQ1024\",\n                          \"RMB2\",\n                          \"ONO7*0\"\n                        ],\n                        \"info\": \"@qXAh~[\"\n                      },\n                      \"KBZ2\",\n                      \"FBD1B\"\n                    ]\n                  },\n                  {\n                    \"or\": [\n                      \"OB74*\",\n                      {\n                        \"or\": [\n                          {\n                            \"or\": [\n                              \"TD8\",\n                              \"JBG3910\"\n                            ]\n                          },\n                          \"UHD833D\",\n                          {\n                            \"and\": [\n                              \"PAO03x8\",\n                              {\n                                \"pattern\": \"ENO114I\",\n                                \"info\": \"e&S1\\\"2j\"\n                              }\n                            ]\n                          },\n                          \"QA*1xL\",\n                          \"AU*B\"\n                        ]\n                      },\n                      {\n                        \"pattern\": \"FJS1423F\",\n                        \"exclude\": [\n                          \"GN*558\"\n                        ],\n                        \"info\": \"wQi&p;d\"\n                      }\n                    ]\n                  },\n                  \"MHZ00*F\"\n                ]\n              },\n              {\n                \"and\": [\n                  {\n                    \"and\": [\n                      {\n                        \"or\": []\n                      }\n                    ]\n                  },\n                  \"AKW622\",\n                  \"KM3408\",\n                  {\n                    \"pattern\": \"HM72M\",\n                    \"exclude\": \"NFE407x\",\n                    \"info\": \"D_#W8W\"\n                  }\n                ]\n              }\n            ]\n          },\n          {\n            \"pattern\": \"MXAx22K\",\n            \"exclude\": \"SR*65xU\",\n            \"info\": \"?xtGPZl\"\n          }\n        ],\n        \"satisfy\": {\n          \"and\": [\n            {\n              \"or\": []\n            },\n            {\n              \"or\": []\n            },\n            {\n              \"and\": []\n            }\n          ]\n        },\n        \"url\": \"http://sul2-f9fckpi0y9khy13z819c5en9f0q2e5fbih732vl35jnk43rl575lcqg.sd4-3bbhwk4riq3p2cqv2qy2cnam1773qtx.za/lqNz/@N16H=*X/UP/*%F0%A8%A7%8F%F0%BD%A8%A6pf0b3/LCYqQ//%F1%A3%B0%95~lO.Q%F2%8E%A9%80%F3%9C%84%97\",\n        \"info\": \"?c;L3\",\n        \"isSelectable\": true,\n        \"\": {\n          \"name\": \"!\",\n          \"match\": {\n            \"and\": [\n              {\n                \"and\": [\n                  \"IJ5993N\"\n                ]\n              }\n            ]\n          },\n          \"satisfy\": {\n            \"and\": [\n              \"\",\n              {\n                \"mc\": \"<=126\"\n              },\n              {\n                \"and\": [\n                  \"e6[I(\",\n                  {\n                    \"mc\": \">=71\"\n                  },\n                  \"E;x.X\"\n                ]\n              },\n              {\n                \"mc\": \"<=8\"\n              }\n            ]\n          },\n          \"url\": \"http://e.es57idje.md.lbd/id\",\n          \"isSelectable\": true,\n          \"]0hskr-\": {\n            \"name\": \"\",\n            \"satisfy\": {\n              \"mc\": \"<=153\"\n            },\n            \"url\": \"http://7icgygbyoeh809qr78wcu4n8i9kxzjuci1p8j3t2e4.mfdhq/4%EE%8A%9BrqVN%F4%85%A6%85AL%F3%A2%A9%B1/~X)dVk/wmb:kT)&%F1%AA%BE%8D/di/dfg///%29f;ec+f;$/%F1%9D%B8%A6Pq4%F1%86%83%AE/J%F1%B1%9F%88,\",\n            \"info\": \"&z~\"\n          }\n        },\n        \" l:\": {\n          \"name\": \"$\",\n          \"ay\": 1954,\n          \"assign\": [\n            \"u/G_ED\",\n            \"x\",\n            \"XU4.(=)\",\n            \",PVK+1B\"\n          ],\n          \"match\": [\n            {\n              \"pattern\": \"FO133*\",\n              \"exclude\": [],\n              \"info\": \"gZ'E8\\\\kt8o\"\n            },\n            {\n              \"or\": [\n                {\n                  \"and\": []\n                },\n                \"FE135\",\n                \"UZ6*44I\",\n                {\n                  \"or\": [\n                    {\n                      \"or\": [\n                        {\n                          \"or\": [\n                            \"CBZ930O\",\n                            \"UF*31M\",\n                            {\n                              \"pattern\": \"NGx7\",\n                              \"exclude\": [\n                                \"VWK*169Y\",\n                                \"NMG1K\"\n                              ],\n                              \"info\": \"kU\"\n                            },\n                            \"PC916\",\n                            \"QNH*C\"\n                          ]\n                        },\n                        {\n                          \"and\": [\n                            \"DEC8982D\",\n                            {\n                              \"and\": [\n                                \"ZX242M\",\n                                \"DFAxK\",\n                                \"ZX6384P\"\n                              ]\n                            },\n                            \"FXM156\"\n                          ]\n                        }\n                      ]\n                    },\n                    \"WAS250x\",\n                    {\n                      \"or\": [\n                        \"LYP4*75W\",\n                        \"KRW9x\",\n                        \"LJx01V\"\n                      ]\n                    },\n                    \"MU3872K\",\n                    \"QS34K\"\n                  ]\n                }\n              ]\n            },\n            {\n              \"or\": [\n                {\n                  \"and\": [\n                    \"QSD703\",\n                    {\n                      \"pattern\": \"GJZ3\",\n                      \"exclude\": [\n                        \"KHS6610\"\n                      ],\n                      \"info\": \"Dxn//(d=\"\n                    },\n                    \"CCG355Z\",\n                    {\n                      \"and\": [\n                        {\n                          \"or\": [\n                            \"MHJ12\",\n                            \"RFF*\",\n                            \"ASW7*8D\",\n                            \"SR81*Y\"\n                          ]\n                        },\n                        {\n                          \"or\": [\n                            {\n                              \"and\": [\n                                \"SHU*366H\",\n                                \"MM3R\",\n                                {\n                                  \"and\": [\n                                    \"XRN21Y\",\n                                    \"SWZx\"\n                                  ]\n                                }\n                              ]\n                            },\n                            {\n                              \"pattern\": \"YIY6I\",\n                              \"exclude\": \"CAA1x93Z\",\n                              \"info\": \"RBi\"\n                            },\n                            \"REx*\"\n                          ]\n                        }\n                      ]\n                    },\n                    \"IR2032\"\n                  ]\n                },\n                {\n                  \"and\": []\n                },\n                {\n                  \"pattern\": \"DOW*Q\",\n                  \"exclude\": \"IV87B\"\n                },\n                {\n                  \"or\": [\n                    {\n                      \"or\": []\n                    },\n                    {\n                      \"or\": [\n                        \"JX9\",\n                        \"VUR99\"\n                      ]\n                    },\n                    {\n                      \"and\": [\n                        {\n                          \"and\": [\n                            \"UEJ2X\",\n                            \"HJ5K\",\n                            \"PI49x2\"\n                          ]\n                        },\n                        {\n                          \"or\": [\n                            \"BR8B\",\n                            \"CUT3A\",\n                            {\n                              \"and\": []\n                            },\n                            \"ZMV71U\",\n                            {\n                              \"or\": [\n                                \"STO9\",\n                                \"PVB529\"\n                              ]\n                            }\n                          ]\n                        },\n                        \"UAH9*\",\n                        \"SJL0*\"\n                      ]\n                    },\n                    {\n                      \"or\": [\n                        \"GUG41\",\n                        \"RRQ1*\"\n                      ]\n                    }\n                  ]\n                }\n              ]\n            },\n            {\n              \"or\": [\n                \"YSH8\",\n                {\n                  \"and\": [\n                    \"IV6088L\",\n                    {\n                      \"or\": []\n                    },\n                    {\n                      \"pattern\": \"PO55x1V\",\n                      \"exclude\": \"LH6x2Q\",\n                      \"info\": \"'O_{EhD\"\n                    },\n                    \"TGT3N\"\n                  ]\n                },\n                {\n                  \"or\": [\n                    \"CTQ8052W\"\n                  ]\n                }\n              ]\n            }\n          ],\n          \"url\": \"https://5a7.bw/q%F2%8D%BE%9D3huAt/o/\",\n          \"info\": \")+FE.I\"\n        }\n      },\n      \"mSvlLtz$|1\": {\n        \"name\": \"c#\",\n        \"ay\": 1973,\n        \"assign\": [\n          \"8\"\n        ],\n        \"match\": {\n          \"and\": [\n            {\n              \"or\": []\n            }\n          ]\n        },\n        \"satisfy\": [\n          {\n            \"and\": [\n              {\n                \"or\": [\n                  \"EF/ \",\n                  \"f=ij;u661<\",\n                  {\n                    \"mc\": \">=3\"\n                  },\n                  \"a\",\n                  \"\\\\VH=My\"\n                ]\n              },\n              {\n                \"or\": [\n                  \"%w!\\\"|$\"\n                ]\n              }\n            ]\n          },\n          {\n            \"mc\": \">=100\"\n          }\n        ],\n        \"info\": \"4d\",\n        \"isSelectable\": true\n      }\n    }\n  },\n  {\n    \"title\": \"block sample 2\",\n    \"value\": {\n      \"ay\": 1952,\n      \"assign\": [],\n      \"match\": {\n        \"pattern\": \"SI21A\",\n        \"info\": \"qU\"\n      },\n      \"satisfy\": [\n        {\n          \"or\": [\n            {\n              \"or\": [\n                \"zGO-\",\n                {\n                  \"and\": [\n                    {\n                      \"or\": [\n                        \"\",\n                        \"\"\n                      ]\n                    },\n                    {\n                      \"and\": [\n                        \"\",\n                        \"&Z\\\\</3zyC\",\n                        {\n                          \"mc\": \"<=95\"\n                        }\n                      ]\n                    },\n                    \"\",\n                    \"4M\"\n                  ]\n                },\n                {\n                  \"mc\": \">=143\"\n                }\n              ]\n            },\n            {\n              \"mc\": \"<=109\"\n            },\n            \"f&e\",\n            {\n              \"and\": [\n                \"REHf5j\",\n                \"B> ]\",\n                {\n                  \"mc\": \"<=200\"\n                }\n              ]\n            },\n            \"'r=cn'W\"\n          ]\n        }\n      ],\n      \"url\": \"https://u97ly0eigqtmphfuy717h6ld6nflqorppvgrphu3tyk5yfa0.dd55blizzmhs9sz6uyqhiwdni0x-ysjq.hewbtyxzc//ctd%F1%B2%BE%9D-:/ip&%F1%81%8F%AD.w4l/!/G&%F3%AB%88%BEe/lw.U4A(2/9J_pG$\",\n      \"info\": \"\",\n      \"X\": {\n        \"name\": \"7231j=t$\",\n        \"ay\": 1999,\n        \"assign\": [\n          \"By\",\n          \"64S2(#!(~p\",\n          \"3w#wk* \",\n          \"z\",\n          \"U\"\n        ],\n        \"match\": [],\n        \"satisfy\": {\n          \"or\": [\n            {\n              \"or\": [\n                {\n                  \"and\": [\n                    \"I\"\n                  ]\n                },\n                {\n                  \"and\": [\n                    \"C\",\n                    {\n                      \"mc\": \"<=151\"\n                    }\n                  ]\n                }\n              ]\n            },\n            {\n              \"or\": [\n                {\n                  \"or\": [\n                    {\n                      \"and\": [\n                        \":;-\",\n                        \"P\\\"3DU\",\n                        \"jOlF=]\"\n                      ]\n                    },\n                    {\n                      \"and\": [\n                        \"3=L[m\",\n                        \")\",\n                        \"/]Mfhd\",\n                        {\n                          \"or\": [\n                            {\n                              \"or\": [\n                                \"\",\n                                \"?}0|{g:sI\",\n                                \"b0R&A/8i\"\n                              ]\n                            }\n                          ]\n                        }\n                      ]\n                    }\n                  ]\n                },\n                \"LDcLw6V\"\n              ]\n            },\n            {\n              \"mc\": \">=103\"\n            },\n            {\n              \"and\": [\n                \"miuc\",\n                \"|izs\"\n              ]\n            },\n            {\n              \"mc\": \">=115\"\n            }\n          ]\n        },\n        \"url\": \"http://s4do5dhv1xvd9so-h9jfpdw.puatccchp/;=Op!:dU~\",\n        \"info\": \"Y@CdD*) $\",\n        \"isSelectable\": true\n      },\n      \"\": {\n        \"name\": \"mH(\",\n        \"ay\": 1965,\n        \"assign\": [\n          \"8\",\n          \"pJw\"\n        ],\n        \"match\": [],\n        \"satisfy\": {\n          \"mc\": \">=178\"\n        },\n        \"url\": \"http://5.u-q1mizeb2ppwulh3z4-pjpvb0g4skcirnpr3b.9d9udp8f6328gk1lu-fibys2swjdqxk0qgpx4l7zmk82p4jhidyiqg.zkddcrh3l59agl7br275qucbekiqcle-umqpcw50gku28psm6cqjxdhxwwso5.ycvujrzj/4m@-f/Jceg!~wo5/p%F1%80%8C%AFgJu%F3%95%B9%ADi(D\",\n        \"@*swMt\": {\n          \"name\": \"cjnD\",\n          \"assign\": \"\",\n          \"satisfy\": [\n            \"U}\",\n            {\n              \"mc\": \">=2\"\n            },\n            {\n              \"and\": [\n                {\n                  \"mc\": \">=34\"\n                }\n              ]\n            }\n          ],\n          \"info\": \"bfse6VNytM\",\n          \"isSelectable\": true,\n          \"2`>(\": {\n            \"name\": \"E.AM-p\",\n            \"assign\": [\n              \"arp\\\"QiS\",\n              \"`\",\n              \"Y6Uh](\\\\s\"\n            ],\n            \"match\": {\n              \"or\": []\n            },\n            \"satisfy\": \".p<dL^\",\n            \"url\": \"http://3by-aybmp71df1sltjrqdpoidcu-n1tdhm9tw1big7y3htuoeaju.napeim/s-Tjv%F1%9C%80%AD/xzTfW5zks\",\n            \"isSelectable\": true\n          },\n          \")9\": {\n            \"assign\": \"tYfYk\",\n            \"match\": [\n              {\n                \"and\": [\n                  {\n                    \"pattern\": \"LPY56x5\",\n                    \"exclude\": \"GO3184X\",\n                    \"info\": \"%BemR\"\n                  },\n                  {\n                    \"and\": [\n                      {\n                        \"and\": [\n                          \"VBC2\",\n                          {\n                            \"or\": [\n                              \"SNG45*7\",\n                              \"FL67\",\n                              \"QB1xQ\",\n                              \"JWQ755F\",\n                              {\n                                \"or\": [\n                                  \"LIT907\",\n                                  \"KDE5\",\n                                  \"MN6872\",\n                                  {\n                                    \"and\": [\n                                      \"MQP6\",\n                                      \"YO75A\",\n                                      {\n                                        \"and\": []\n                                      },\n                                      \"MY*\"\n                                    ]\n                                  }\n                                ]\n                              }\n                            ]\n                          }\n                        ]\n                      },\n                      {\n                        \"pattern\": \"ZE41W\",\n                        \"exclude\": [],\n                        \"info\": \"/\"\n                      }\n                    ]\n                  },\n                  {\n                    \"pattern\": \"WF147\",\n                    \"exclude\": [\n                      \"AF8*\",\n                      \"RGx597M\",\n                      \"BU22\",\n                      \"JJA773V\"\n                    ],\n                    \"info\": \"S[FWA<*.\"\n                  }\n                ]\n              },\n              \"MH817*B\"\n            ],\n            \"info\": \"815NqGg\"\n          },\n          \"L2V}cg\": {\n            \"name\": \"9 ?:qUz~*0\",\n            \"assign\": [\n              \".dc[_\",\n              \"(g+*dnel7;\"\n            ],\n            \"satisfy\": [\n              \",Q>-gw\"\n            ],\n            \"url\": \"https://moh71z4tbcggfzp2b0lod-tqznsdw9hye6elt5lj3vyw6gj7scvl.rjf8fev07tnl13ttj6emctqbr52hslicp1mpe118xqyo4wl.79xn9qmn4vrrzajzfval9o4k2sjhs.lhtwtudtvf/k/LvtBy;kQ;T/-EQSB%F2%A0%B6%90Kb4/d7'J-;$UE\",\n            \"info\": \"\\\"XYH\",\n            \"isSelectable\": true,\n            \"$P^oLF\": {\n              \"name\": \"HX?\",\n              \"ay\": 1997,\n              \"assign\": [\n                \"55\",\n                \"EMZ.D(QY]M\",\n                \"+GKX(41\\\\\"\n              ],\n              \"match\": [],\n              \"satisfy\": [\n                \"83&I\",\n                {\n                  \"and\": []\n                }\n              ],\n              \"url\": \"http://g1dw0ziljnbhf88z4oxpbaspq921r-un9lneesi80m5frsct5.fkvp63exfcybug43.73-gfgld.k1o0so96u7f5l5qo7uuvmbs03f12bs-evzlm8nhn9xg32fwxu7f0ye.vk/\",\n              \"info\": \"cpYO\",\n              \"isSelectable\": true\n            },\n            \"2fO]6:uVX#\": {\n              \"name\": \":m7Ix}?\",\n              \"ay\": 2029,\n              \"assign\": \"eKPc\",\n              \"match\": [\n                {\n                  \"or\": [\n                    {\n                      \"or\": [\n                        \"GOQ4\",\n                        \"CSU2F\",\n                        {\n                          \"pattern\": \"DX266L\",\n                          \"exclude\": [\n                            \"AAM002R\",\n                            \"BPE0\",\n                            \"NKQ7\"\n                          ],\n                          \"info\": \"z9P5-!3\"\n                        }\n                      ]\n                    },\n                    {\n                      \"or\": []\n                    },\n                    \"QZO82*\"\n                  ]\n                },\n                {\n                  \"pattern\": \"EJV5389\",\n                  \"exclude\": [\n                    \"NZ49\",\n                    \"KVS*65\",\n                    \"DN79*6S\"\n                  ],\n                  \"info\": \"oc^f{<\"\n                },\n                {\n                  \"pattern\": \"NK674\",\n                  \"exclude\": \"IWX7x1*K\",\n                  \"info\": \".qwX'4\"\n                }\n              ],\n              \"satisfy\": [],\n              \"url\": \"https://jg2s3deg0p6ffbvs89cxkfu20f-yhgay4r7opagdp4ls5eb2ab37p.raitmdput/i%F4%85%9F%99%F2%A1%84%ADV7M/v%E6%A6%A838-bW//\",\n              \"info\": \"[k7\",\n              \"isSelectable\": true\n            },\n            \"Dp\": {\n              \"name\": \"E\",\n              \"ay\": 1976,\n              \"assign\": [\n                \"T{\",\n                \"\",\n                \"]\",\n                \"t.2Q\"\n              ],\n              \"match\": [\n                {\n                  \"and\": [\n                    {\n                      \"and\": [\n                        {\n                          \"or\": [\n                            \"DMJ8\"\n                          ]\n                        },\n                        \"ZT19x1D\",\n                        \"OX071\",\n                        {\n                          \"or\": [\n                            {\n                              \"or\": [\n                                \"OK08K\",\n                                {\n                                  \"or\": [\n                                    \"EUA907\",\n                                    \"JG460\",\n                                    \"UQx88\",\n                                    \"EE79K\",\n                                    \"JG38S\"\n                                  ]\n                                },\n                                \"KSQ446*N\",\n                                \"ISI718*E\",\n                                \"EVH5*2D\"\n                              ]\n                            },\n                            {\n                              \"pattern\": \"ZMTx072\",\n                              \"exclude\": [\n                                \"SI128V\",\n                                \"QYR5\",\n                                \"DUV09*\"\n                              ],\n                              \"info\": \"D9owvxV\"\n                            },\n                            \"QP82X\",\n                            {\n                              \"pattern\": \"ES7\",\n                              \"exclude\": [\n                                \"AD55xN\",\n                                \"WAE5513\",\n                                \"NAG3\"\n                              ],\n                              \"info\": \"5n'\"\n                            }\n                          ]\n                        },\n                        {\n                          \"and\": []\n                        }\n                      ]\n                    }\n                  ]\n                },\n                {\n                  \"or\": []\n                },\n                {\n                  \"pattern\": \"OZT7\",\n                  \"exclude\": [\n                    \"SU1V\"\n                  ],\n                  \"info\": \"0D\"\n                },\n                {\n                  \"pattern\": \"UKNxA\",\n                  \"exclude\": [\n                    \"QR70Z\",\n                    \"HTFx920A\",\n                    \"YGB582\",\n                    \"YR04\"\n                  ],\n                  \"info\": \"(s~\"\n                }\n              ],\n              \"satisfy\": [\n                {\n                  \"or\": []\n                }\n              ],\n              \"info\": \"^nF$J+oP5\"\n            }\n          },\n          \"d\\\"\": {\n            \"name\": \"zX@\",\n            \"ay\": 1955,\n            \"assign\": \"ts>i\\\"*wmUv\",\n            \"match\": [],\n            \"satisfy\": [\n              {\n                \"or\": [\n                  \"Eh\\\"\",\n                  {\n                    \"and\": [\n                      {\n                        \"mc\": \"<=122\"\n                      },\n                      \"y+\",\n                      {\n                        \"mc\": \"<=147\"\n                      }\n                    ]\n                  },\n                  {\n                    \"and\": [\n                      \"?f+'zl)a;\",\n                      {\n                        \"mc\": \">=142\"\n                      }\n                    ]\n                  }\n                ]\n              },\n              {\n                \"or\": [\n                  \"v9&7Um\"\n                ]\n              },\n              {\n                \"and\": [\n                  {\n                    \"and\": [\n                      \"J&)>mJ_j/r\",\n                      \"*L'T_}E\"\n                    ]\n                  },\n                  {\n                    \"or\": [\n                      \"B4O>jK^\\\\\",\n                      {\n                        \"mc\": \">=5\"\n                      },\n                      \"\",\n                      \"_\"\n                    ]\n                  },\n                  \"\"\n                ]\n              },\n              {\n                \"or\": [\n                  {\n                    \"or\": [\n                      {\n                        \"and\": [\n                          \"_KJ/k3dAc;\",\n                          \"Sw}||_E\\\"Cp\",\n                          \"GC6L]]Xff\",\n                          {\n                            \"or\": [\n                              \"P-iuy]\"\n                            ]\n                          }\n                        ]\n                      },\n                      {\n                        \"or\": [\n                          \".ySapUv\",\n                          \"u\\\\@\",\n                          {\n                            \"or\": [\n                              \"ykB%)VO.C\",\n                              \"5?B!A\",\n                              {\n                                \"mc\": \"<=111\"\n                              }\n                            ]\n                          },\n                          {\n                            \"mc\": \"<=56\"\n                          }\n                        ]\n                      },\n                      {\n                        \"or\": [\n                          \"7E0}8\",\n                          \"!\"\n                        ]\n                      }\n                    ]\n                  },\n                  {\n                    \"mc\": \">=89\"\n                  },\n                  {\n                    \"and\": [\n                      {\n                        \"and\": [\n                          \"Mp>P_eGX8,\"\n                        ]\n                      }\n                    ]\n                  },\n                  \"\"\n                ]\n              },\n              \"\"\n            ],\n            \"info\": \"+m^V\"\n          },\n          \"BE\": {\n            \"ay\": 1993,\n            \"assign\": \"9\",\n            \"match\": {\n              \"pattern\": \"EH99W\",\n              \"exclude\": \"OJ6S\",\n              \"info\": \"{-p!`,`s\"\n            },\n            \"satisfy\": [\n              {\n                \"or\": [\n                  {\n                    \"mc\": \"<=93\"\n                  },\n                  {\n                    \"or\": [\n                      {\n                        \"and\": [\n                          {\n                            \"and\": [\n                              \"\"\n                            ]\n                          }\n                        ]\n                      }\n                    ]\n                  },\n                  {\n                    \"mc\": \"<=190\"\n                  }\n                ]\n              },\n              {\n                \"and\": [\n                  {\n                    \"and\": []\n                  },\n                  {\n                    \"or\": [\n                      \"Q\",\n                      {\n                        \"mc\": \"<=170\"\n                      }\n                    ]\n                  },\n                  {\n                    \"and\": [\n                      \"o0t\",\n                      \"=Y%v\"\n                    ]\n                  },\n                  {\n                    \"mc\": \">=88\"\n                  },\n                  {\n                    \"or\": [\n                      \"6F\",\n                      \"Yx\"\n                    ]\n                  }\n                ]\n              },\n              {\n                \"and\": [\n                  {\n                    \"or\": [\n                      {\n                        \"or\": [\n                          {\n                            \"or\": [\n                              \"WB0vKoD/8k\",\n                              \"?uWPha+7\"\n                            ]\n                          },\n                          {\n                            \"mc\": \">=167\"\n                          }\n                        ]\n                      },\n                      {\n                        \"or\": [\n                          \"[T4ga\\\\U\",\n                          {\n                            \"and\": [\n                              {\n                                \"or\": [\n                                  \"Dm\",\n                                  \" /\",\n                                  \"CC\",\n                                  \"a]bJ\",\n                                  \"tP=7\"\n                                ]\n                              },\n                              \"+J)H2mw{7\",\n                              \"zz,v%\",\n                              \"C=Pd'o\"\n                            ]\n                          },\n                          {\n                            \"mc\": \">=94\"\n                          },\n                          \"HRM\",\n                          {\n                            \"and\": [\n                              \"_d[=\",\n                              \"Y:\",\n                              \"#(V>m$mn\",\n                              \"\"\n                            ]\n                          }\n                        ]\n                      },\n                      \"\",\n                      {\n                        \"mc\": \"<=132\"\n                      },\n                      \"XCN\"\n                    ]\n                  },\n                  {\n                    \"and\": [\n                      {\n                        \"or\": [\n                          \"b0t'<Ur\",\n                          \"I\\\\y1\",\n                          {\n                            \"or\": [\n                              {\n                                \"mc\": \">=81\"\n                              },\n                              \"\",\n                              {\n                                \"mc\": \">=143\"\n                              }\n                            ]\n                          },\n                          {\n                            \"and\": [\n                              \"meUe\"\n                            ]\n                          }\n                        ]\n                      }\n                    ]\n                  },\n                  {\n                    \"mc\": \"<=191\"\n                  }\n                ]\n              },\n              {\n                \"and\": []\n              }\n            ],\n            \"url\": \"http://q-8gs8mve0ilirk9vujkl2rain-xgykjb5r.qpvxfz//q%F3%8D%97%96f~:F/e;8H$/OR//K1Li!i\",\n            \"info\": \"\",\n            \"isSelectable\": true\n          }\n        },\n        \"HFab@,?% Y\": {\n          \"name\": \"aG\",\n          \"ay\": 2019,\n          \"assign\": \"1>\",\n          \"satisfy\": [\n            \"D\",\n            {\n              \"mc\": \">=19\"\n            }\n          ],\n          \"url\": \"https://h7f9k5mthkyohn40xz4zlrhd.432oukb1078v6c09o4wjoi5ahwd5r45msg.a67jvgvj4mpziv4m-mj9j3-exguuww0rlcchl-4fz9i.64hz3rbtuku8bkw.0z82g4gptuw14-sqg-dahhuc2la9sggi23jwojrs.yqyongrygl/!Edgk/.wVHa/VfuSe2FXr\",\n          \"info\": \"is/@a`Q\",\n          \"isSelectable\": true,\n          \"8I,zhx\": {\n            \"name\": \"\\\\F=4v\",\n            \"ay\": 2023,\n            \"match\": [\n              {\n                \"and\": [\n                  {\n                    \"and\": [\n                      \"CIS66\",\n                      \"UQF8940S\",\n                      {\n                        \"or\": [\n                          {\n                            \"pattern\": \"YHK1\",\n                            \"exclude\": \"GAW3\",\n                            \"info\": \"8\"\n                          },\n                          {\n                            \"and\": [\n                              \"ZQN875\",\n                              \"ZS27D\",\n                              \"XEV282\"\n                            ]\n                          },\n                          \"CE5K\",\n                          \"IFCx\",\n                          \"IJA94\"\n                        ]\n                      },\n                      \"YZP9S\",\n                      \"QZ7\"\n                    ]\n                  }\n                ]\n              },\n              {\n                \"pattern\": \"ZOX1024\",\n                \"exclude\": \"FT37Y\",\n                \"info\": \"!J52\"\n              },\n              {\n                \"or\": []\n              },\n              \"PP3664\",\n              {\n                \"pattern\": \"PNWx54G\",\n                \"exclude\": [\n                  \"DO2K\",\n                  \"SK40J\",\n                  \"ZQ7x3Z\"\n                ],\n                \"info\": \"o`z\\\\R9JE4\"\n              }\n            ],\n            \"satisfy\": [\n              {\n                \"or\": [\n                  \"V6:M`\"\n                ]\n              },\n              {\n                \"or\": [\n                  {\n                    \"and\": [\n                      \"8d\"\n                    ]\n                  },\n                  {\n                    \"or\": []\n                  },\n                  {\n                    \"and\": [\n                      {\n                        \"or\": [\n                          {\n                            \"mc\": \">=12\"\n                          },\n                          \"F\",\n                          {\n                            \"and\": [\n                              \"o@wev+L\",\n                              \"r'Of~5J:cR\",\n                              \"l\\\"x_R|>7\"\n                            ]\n                          },\n                          \"B}}gNQ;\"\n                        ]\n                      }\n                    ]\n                  },\n                  {\n                    \"or\": [\n                      {\n                        \"mc\": \"<=27\"\n                      },\n                      {\n                        \"or\": [\n                          {\n                            \"and\": [\n                              \"(J@o\",\n                              \"K_j>?^i\",\n                              {\n                                \"mc\": \">=98\"\n                              },\n                              \".\",\n                              \"zn0Px2|?5A\"\n                            ]\n                          },\n                          \"OQjH_[(\",\n                          \"cx4pkh>o\",\n                          \"*R?\",\n                          {\n                            \"mc\": \"<=35\"\n                          }\n                        ]\n                      },\n                      {\n                        \"mc\": \"<=158\"\n                      },\n                      \"cBNQuXC~\",\n                      \"G<H&\"\n                    ]\n                  },\n                  {\n                    \"and\": [\n                      \"fXX\",\n                      {\n                        \"mc\": \">=156\"\n                      },\n                      {\n                        \"or\": [\n                          \"ZN_\",\n                          \"\",\n                          \"1O(iP9a>e\",\n                          \"\",\n                          {\n                            \"and\": [\n                              {\n                                \"and\": [\n                                  \"Dh%+*fg \",\n                                  \"8\",\n                                  \"X*fI,p{\",\n                                  \"*2PG2\"\n                                ]\n                              }\n                            ]\n                          }\n                        ]\n                      },\n                      \"`$\"\n                    ]\n                  }\n                ]\n              },\n              {\n                \"mc\": \"<=92\"\n              },\n              {\n                \"or\": [\n                  {\n                    \"or\": [\n                      {\n                        \"or\": [\n                          \"9h\\\"lkLW\",\n                          \" )CL,u:b\"\n                        ]\n                      }\n                    ]\n                  },\n                  \"^w\",\n                  {\n                    \"or\": [\n                      {\n                        \"and\": [\n                          {\n                            \"or\": []\n                          }\n                        ]\n                      },\n                      \"`rHR~ {w\",\n                      {\n                        \"or\": [\n                          \"QK:=Tim1\",\n                          \"!aZ'@#E\",\n                          {\n                            \"or\": [\n                              {\n                                \"mc\": \"<=198\"\n                              },\n                              {\n                                \"and\": [\n                                  \"\",\n                                  \"8DdoM*\",\n                                  \"\",\n                                  \"sK\"\n                                ]\n                              }\n                            ]\n                          },\n                          \"Z4>Oq:2B\",\n                          {\n                            \"and\": [\n                              \"%Uj]\",\n                              \"X\",\n                              {\n                                \"and\": [\n                                  \"+8f:T/\",\n                                  \"0m\",\n                                  \"\"\n                                ]\n                              },\n                              \"'@q\",\n                              \"mdw%wY\\\"'&\"\n                            ]\n                          }\n                        ]\n                      }\n                    ]\n                  },\n                  {\n                    \"or\": []\n                  },\n                  {\n                    \"mc\": \"<=96\"\n                  }\n                ]\n              },\n              {\n                \"mc\": \"<=58\"\n              }\n            ],\n            \"url\": \"http://1pswyvufgsrfpjhfeovgo1pnr8c6mtg-5-y5j-x4y8njo980li-aizork.utv-szp4w-4z4-vf29zxk-9dmqsks5yx-5v41b6uqyez.me7o57f1jeuyx6ynlgya326sn61wye-19d21ngnuhf02gzdfl2uais.2jwh0o105i0m97jo-s997-1kqr7gah34p56-a-nht2d7504xyhmwelm6nj1.mqqfkvxgqywo22g7yvj183en0.bgluu/%F0%9A%A8%A2rMum('/ZV%F0%A2%94%A3q)$G/q%F0%90%91%8FC/eJjE~k0@*9/cm&:2TD0O/\",\n            \"isSelectable\": true\n          },\n          \"|xQJ\": {\n            \"name\": \"E~zq.OM\",\n            \"ay\": 2027,\n            \"assign\": [\n              \"\",\n              \"\",\n              \"=^kM*O\",\n              \";5|(\"\n            ],\n            \"match\": [\n              {\n                \"or\": [\n                  {\n                    \"or\": [\n                      \"QB10F\",\n                      {\n                        \"and\": []\n                      },\n                      {\n                        \"or\": []\n                      }\n                    ]\n                  },\n                  \"HTV3916D\",\n                  \"HC667A\",\n                  \"PDM*x9\"\n                ]\n              },\n              \"WBN86Y\",\n              {\n                \"pattern\": \"ZUI1Q\",\n                \"exclude\": \"RSR1\",\n                \"info\": \"MS5ZYG\"\n              },\n              {\n                \"pattern\": \"KIQ9\",\n                \"info\": \"wbs1nV,le\\\\\"\n              },\n              {\n                \"or\": [\n                  {\n                    \"and\": [\n                      {\n                        \"and\": [\n                          {\n                            \"and\": [\n                              {\n                                \"pattern\": \"GV2644\",\n                                \"exclude\": [\n                                  \"YWJ5\",\n                                  \"OR0667\",\n                                  \"MT1823J\",\n                                  \"JC4x25L\"\n                                ],\n                                \"info\": \"$\\\"+TIGgo1\"\n                              },\n                              \"ZRU7908\",\n                              \"CR320xT\",\n                              \"ZR0\",\n                              {\n                                \"pattern\": \"OU2\",\n                                \"exclude\": [\n                                  \"NJU0A\"\n                                ],\n                                \"info\": \".3}96\"\n                              }\n                            ]\n                          },\n                          \"PV905O\",\n                          \"ZBV20X\"\n                        ]\n                      },\n                      {\n                        \"and\": []\n                      },\n                      \"EAx850O\",\n                      {\n                        \"and\": []\n                      }\n                    ]\n                  },\n                  {\n                    \"and\": [\n                      {\n                        \"or\": [\n                          \"LNH0Q\"\n                        ]\n                      },\n                      {\n                        \"or\": [\n                          \"EAx440Q\",\n                          \"VI543O\",\n                          \"NQH39K\",\n                          \"ZC96*7W\",\n                          \"EX59\"\n                        ]\n                      },\n                      \"DN51F\",\n                      {\n                        \"or\": [\n                          \"OD*X\",\n                          \"CU82\"\n                        ]\n                      },\n                      {\n                        \"pattern\": \"VGV4Z\",\n                        \"exclude\": [\n                          \"SLO06x\",\n                          \"HHT56*\"\n                        ],\n                        \"info\": \">K>5$\"\n                      }\n                    ]\n                  },\n                  {\n                    \"pattern\": \"TWD7**\",\n                    \"info\": \"H\"\n                  },\n                  {\n                    \"pattern\": \"XZC9102\",\n                    \"exclude\": \"FKx\",\n                    \"info\": \"MEW>l*JJ\"\n                  },\n                  {\n                    \"and\": []\n                  }\n                ]\n              }\n            ],\n            \"satisfy\": [\n              {\n                \"or\": [\n                  {\n                    \"and\": [\n                      {\n                        \"and\": [\n                          {\n                            \"and\": [\n                              \"\",\n                              \"{9~\",\n                              \"W#?cwX\"\n                            ]\n                          },\n                          {\n                            \"and\": [\n                              \"e!1O+lVYv\",\n                              \"0D@TP7J[\",\n                              {\n                                \"and\": [\n                                  \"\",\n                                  \"tm-(;Uc|'\"\n                                ]\n                              },\n                              \"\",\n                              {\n                                \"and\": [\n                                  \"7Xgj;uw\"\n                                ]\n                              }\n                            ]\n                          },\n                          \"t0R/c=Xfl{\"\n                        ]\n                      },\n                      {\n                        \"or\": [\n                          {\n                            \"mc\": \">=59\"\n                          },\n                          \",LdZ~\"\n                        ]\n                      },\n                      {\n                        \"and\": [\n                          \"o,\",\n                          \"&2@$}GP!e\"\n                        ]\n                      }\n                    ]\n                  },\n                  \"!`\",\n                  {\n                    \"or\": [\n                      \"5`c%fY~IN\",\n                      \"ro<\\\":q%oi\",\n                      {\n                        \"or\": [\n                          {\n                            \"and\": [\n                              \"\",\n                              {\n                                \"and\": [\n                                  \"D+ClV'4g\",\n                                  \"+;UxiGS6Y\",\n                                  \".ge\"\n                                ]\n                              },\n                              \"\",\n                              \"3mL'&ZC\",\n                              \"2t!cF'; &\"\n                            ]\n                          },\n                          \"\"\n                        ]\n                      }\n                    ]\n                  },\n                  \"N&0\",\n                  {\n                    \"mc\": \"<=130\"\n                  }\n                ]\n              },\n              {\n                \"or\": [\n                  {\n                    \"mc\": \">=124\"\n                  },\n                  {\n                    \"and\": [\n                      {\n                        \"mc\": \">=21\"\n                      },\n                      \"c8*}`Ng-\"\n                    ]\n                  },\n                  \"5\",\n                  {\n                    \"or\": [\n                      {\n                        \"or\": [\n                          {\n                            \"and\": [\n                              \"RYh7iX!y[\",\n                              {\n                                \"and\": [\n                                  \"}\"\n                                ]\n                              }\n                            ]\n                          },\n                          \"|#)~,\",\n                          {\n                            \"mc\": \"<=82\"\n                          },\n                          \"7r\",\n                          \"R:#\\\\qUEJM\"\n                        ]\n                      }\n                    ]\n                  },\n                  {\n                    \"mc\": \">=103\"\n                  }\n                ]\n              }\n            ],\n            \"info\": \"|K8tNh#q:\",\n            \"isSelectable\": true\n          },\n          \"4*,\\\\\": {\n            \"name\": \"\",\n            \"ay\": 2005,\n            \"assign\": [\n              \"~x&\",\n              \"c<4!_Yy\"\n            ],\n            \"url\": \"http://9s3g0m7dd2.y.wrcsprmbzs/JgWo5=Pfv/rVNgwP//'/wIM%E8%8D%86loE*/$*awuCM@/y2b/U%F0%B2%94%87%F3%9E%BF%86K3eZ\",\n            \"info\": \"W\",\n            \"isSelectable\": true\n          },\n          \"iQ\": {\n            \"ay\": 2004,\n            \"assign\": [\n              \"n,Kbw!Je\",\n              \"\"\n            ],\n            \"satisfy\": [\n              {\n                \"or\": [\n                  {\n                    \"or\": [\n                      \"HY\",\n                      {\n                        \"mc\": \"<=65\"\n                      },\n                      {\n                        \"and\": [\n                          \"|6)l\",\n                          \"#~).d#g\",\n                          \"%M~;2,B\",\n                          {\n                            \"and\": [\n                              \"zr9(GBC\",\n                              {\n                                \"or\": []\n                              },\n                              \"ZaT#\\\\:a>-\",\n                              \"q@k:}wa#UE\"\n                            ]\n                          }\n                        ]\n                      }\n                    ]\n                  },\n                  \"Mu+|7CE8E`\",\n                  {\n                    \"and\": [\n                      \"x4/\",\n                      {\n                        \"mc\": \">=66\"\n                      },\n                      {\n                        \"or\": [\n                          {\n                            \"and\": [\n                              \"\\\"p rb{OF\",\n                              {\n                                \"and\": [\n                                  \";@};\"\n                                ]\n                              },\n                              {\n                                \"and\": [\n                                  {\n                                    \"and\": []\n                                  },\n                                  \"n]jJY,A%?\",\n                                  \"<~y/VX6wsZ\",\n                                  \"sJez;(Uq\"\n                                ]\n                              },\n                              {\n                                \"mc\": \"<=150\"\n                              },\n                              \"\"\n                            ]\n                          }\n                        ]\n                      },\n                      \"js:36N9\"\n                    ]\n                  }\n                ]\n              },\n              {\n                \"or\": [\n                  {\n                    \"and\": [\n                      \"e?2QSWF\",\n                      \"b\\\\F\"\n                    ]\n                  },\n                  {\n                    \"and\": [\n                      {\n                        \"or\": [\n                          {\n                            \"and\": []\n                          },\n                          {\n                            \"or\": [\n                              \"}M~_c\",\n                              \"R`7sLH\",\n                              \"O BY%&|e\"\n                            ]\n                          },\n                          \"f\\\"GC<=,*\",\n                          \"_.c)t#\",\n                          {\n                            \"mc\": \"<=12\"\n                          }\n                        ]\n                      },\n                      {\n                        \"and\": [\n                          \"0Z\",\n                          \"~m Mk\",\n                          \"_\\\\NlK nxo\"\n                        ]\n                      },\n                      \"4T?p <obHf\",\n                      \"2\",\n                      \"A9`qi Xq\"\n                    ]\n                  },\n                  {\n                    \"mc\": \"<=172\"\n                  },\n                  {\n                    \"mc\": \"<=13\"\n                  },\n                  {\n                    \"or\": [\n                      \"@Zqjm\",\n                      {\n                        \"and\": [\n                          \"@P22)F%V\",\n                          {\n                            \"or\": [\n                              \"]hRU!\",\n                              \"so\",\n                              \"7ngJf\",\n                              \"dR3>oeM2b\"\n                            ]\n                          }\n                        ]\n                      },\n                      {\n                        \"mc\": \"<=193\"\n                      },\n                      {\n                        \"mc\": \">=55\"\n                      },\n                      \"\"\n                    ]\n                  }\n                ]\n              },\n              {\n                \"and\": [\n                  {\n                    \"or\": [\n                      \"=)aC\",\n                      {\n                        \"or\": [\n                          \"|p0Uc >\",\n                          {\n                            \"mc\": \"<=196\"\n                          },\n                          \"@%z\"\n                        ]\n                      },\n                      {\n                        \"and\": [\n                          \"?f\",\n                          {\n                            \"or\": [\n                              \"=\",\n                              \"F=\",\n                              \"\\\\ ':\"\n                            ]\n                          },\n                          {\n                            \"or\": []\n                          },\n                          \"`+\",\n                          \"g,'|2O=P\"\n                        ]\n                      },\n                      \"\"\n                    ]\n                  },\n                  {\n                    \"and\": []\n                  }\n                ]\n              },\n              \"&\",\n              {\n                \"mc\": \"<=100\"\n              }\n            ],\n            \"url\": \"https://yy73yf69z-1draga3.3bm-3nq94p7zqwp-0wy8nvdb0w6gy.meg742vn.j3uyvl1bmrbe720rq2oaslhhfarnwyop09jetj1emz6h88hs.xniwiyohn/'t/B\",\n            \"info\": \".CVgz\",\n            \"isSelectable\": true\n          }\n        },\n        \"}\": {\n          \"name\": \"wJyC{KS%\",\n          \"ay\": 2018,\n          \"assign\": \"o!},1OI[i\",\n          \"satisfy\": {\n            \"and\": [\n              \"&]Hh\"\n            ]\n          },\n          \"url\": \"http://kezzh8w7.newujlr18-ys69l836i9othx32nd61bw2.l30iuv.nxw2p5m2rz1lploox7e79x5547y99.yj18vigu601.rkph\",\n          \"info\": \"@%)UG^\",\n          \"isSelectable\": true\n        },\n        \"80Bt1,!\": {\n          \"ay\": 1990,\n          \"assign\": \"XX@'zqt\",\n          \"match\": [],\n          \"satisfy\": [\n            \"\",\n            {\n              \"and\": [\n                \"^bQ07?}\",\n                {\n                  \"or\": [\n                    \"U#'.\"\n                  ]\n                },\n                \" }Z\",\n                {\n                  \"or\": [\n                    \"?-G6G\",\n                    \"dW(5\",\n                    {\n                      \"or\": [\n                        \"b\",\n                        {\n                          \"and\": [\n                            \"$?aS!<dNN>\",\n                            \"\",\n                            \"(Y~R#g\",\n                            \"J:Ls\"\n                          ]\n                        },\n                        \"${X}5\",\n                        {\n                          \"mc\": \">=80\"\n                        },\n                        \"Q3/:O5d([4\"\n                      ]\n                    }\n                  ]\n                },\n                {\n                  \"mc\": \"<=127\"\n                }\n              ]\n            }\n          ],\n          \"url\": \"https://fqdxt88m527a1jygj8ourkwas2qm5wjxxvvvh2.zmksnjwdr\",\n          \"isSelectable\": true\n        },\n        \"OMvIc>\": {\n          \"name\": \"0)Z\\\"%E\",\n          \"assign\": \"4>me,EB;d}\",\n          \"match\": [\n            {\n              \"pattern\": \"EU*942\",\n              \"exclude\": \"YWH332\"\n            },\n            {\n              \"and\": [\n                \"QDF5x4A\"\n              ]\n            },\n            {\n              \"and\": [\n                {\n                  \"and\": [\n                    \"LL3H\",\n                    \"EK9*50\",\n                    {\n                      \"or\": [\n                        \"BU942\",\n                        \"MAQxx\",\n                        {\n                          \"or\": [\n                            \"AC590J\",\n                            {\n                              \"or\": [\n                                \"VHA5\",\n                                \"JPG*284T\",\n                                \"KH407xJ\"\n                              ]\n                            },\n                            \"BUL8\",\n                            \"RLx\",\n                            {\n                              \"or\": [\n                                \"LIP4\"\n                              ]\n                            }\n                          ]\n                        }\n                      ]\n                    },\n                    \"VPZ26\"\n                  ]\n                }\n              ]\n            },\n            {\n              \"pattern\": \"SSU*514\",\n              \"exclude\": \"XH3*9E\"\n            }\n          ],\n          \"url\": \"http://cuj4ona1wc9kuvuv-d6.u4up83rq1oz54ny9e9rpv79aq40fr4m4brb-u5q3i8520e31ci-zc8a2yn.utexbb.h9c1wj.1rfratsirkaued19nj0lmvuqbcrmnfz4ug6j13rcokwp66n1e7a.mt/&/q%F0%B5%9F%91Oz9.~E%F2%BE%9A%B1/A5CB%F1%B3%8C%AC.xi-/mlv%F0%9C%BC%9EI%F3%9A%98%BAVoG\",\n          \"info\": \"9+(r*!6\",\n          \"isSelectable\": true\n        }\n      },\n      \"f'AO[\": {\n        \"6\": {\n          \"name\": \";;c\",\n          \"assign\": \"A\",\n          \"match\": {\n            \"pattern\": \"WZF8\",\n            \"exclude\": [\n              \"NIC763Q\",\n              \"YJ891B\"\n            ]\n          },\n          \"satisfy\": [\n            {\n              \"and\": [\n                {\n                  \"or\": [\n                    {\n                      \"or\": [\n                        \"z%I(\\\\_r?;\",\n                        {\n                          \"or\": [\n                            {\n                              \"or\": []\n                            },\n                            \"xL.aF!x\",\n                            \"XER}'R^?'c\"\n                          ]\n                        },\n                        \"Nt\",\n                        \"O&@9z\",\n                        \"dVrJEyJ\"\n                      ]\n                    },\n                    \"~YimB4C\",\n                    {\n                      \"or\": [\n                        {\n                          \"or\": []\n                        },\n                        \";Lo8hj\",\n                        \"\",\n                        \"z=\",\n                        \"P+%_7 q\"\n                      ]\n                    }\n                  ]\n                },\n                {\n                  \"or\": [\n                    \"\",\n                    \"y4HFPfB\"\n                  ]\n                }\n              ]\n            },\n            {\n              \"or\": [\n                {\n                  \"and\": []\n                },\n                {\n                  \"mc\": \"<=33\"\n                },\n                {\n                  \"or\": [\n                    \"Tg@\",\n                    {\n                      \"or\": []\n                    }\n                  ]\n                },\n                {\n                  \"and\": [\n                    {\n                      \"or\": [\n                        \"~6*,T9\\\"\",\n                        \"\",\n                        {\n                          \"or\": []\n                        },\n                        \"\"\n                      ]\n                    },\n                    {\n                      \"or\": []\n                    },\n                    {\n                      \"mc\": \"<=133\"\n                    }\n                  ]\n                },\n                {\n                  \"and\": [\n                    {\n                      \"mc\": \">=137\"\n                    },\n                    \"\\\\OvN<vG+\"\n                  ]\n                }\n              ]\n            },\n            {\n              \"and\": [\n                {\n                  \"or\": [\n                    \"\"\n                  ]\n                }\n              ]\n            },\n            {\n              \"or\": [\n                {\n                  \"mc\": \"<=148\"\n                }\n              ]\n            },\n            \"d}<XmB\"\n          ],\n          \"url\": \"https://qh0kzlaatff-5yoa.iqdncrus/+\",\n          \"info\": \"Nr?iPf\",\n          \"isSelectable\": true\n        },\n        \"name\": \"\",\n        \"ay\": 2027,\n        \"assign\": [\n          \"DV>$iP\",\n          \")<BNE\"\n        ],\n        \"match\": [\n          {\n            \"and\": [\n              {\n                \"or\": [\n                  \"UB14D\",\n                  {\n                    \"pattern\": \"DYN20*8V\",\n                    \"info\": \"\"\n                  },\n                  \"SO760R\"\n                ]\n              },\n              {\n                \"pattern\": \"AA9\",\n                \"info\": \")|18<*-*\"\n              },\n              {\n                \"pattern\": \"XG669Q\",\n                \"exclude\": \"WK971*\"\n              },\n              {\n                \"or\": []\n              }\n            ]\n          },\n          \"OF07\",\n          {\n            \"pattern\": \"RE8171R\",\n            \"exclude\": \"GRxx53I\"\n          },\n          \"AZK1\",\n          \"CIM68\"\n        ],\n        \"satisfy\": [\n          {\n            \"mc\": \">=48\"\n          }\n        ],\n        \"url\": \"https://58fr8-gb8k.an5llajxx16afnsm7ixs2g0wkq.oj0ps09a2764xe8618crjd6x59nfy79n1nwrvn8uzbl7pu4rojeok.pvvad.7-8yn4ilcux5f-4ojc1th0b4vck38r2.hmcxdmotzc/+U%F0%BF%A1%8Cca/Ou,U/Xb%F1%A4%B0%95F\",\n        \"isSelectable\": true,\n        \":.8~h(nf\": {\n          \"name\": \"K\",\n          \"assign\": \"\",\n          \"match\": [\n            {\n              \"and\": [\n                \"TZQ3K\",\n                {\n                  \"pattern\": \"RLH6R\",\n                  \"exclude\": [\n                    \"CM079N\",\n                    \"IWZ83G\"\n                  ],\n                  \"info\": \"b9Pd\"\n                },\n                \"VLQ*971\",\n                {\n                  \"and\": [\n                    \"JNL7\",\n                    {\n                      \"or\": [\n                        \"OF9R\",\n                        \"RY7060\"\n                      ]\n                    }\n                  ]\n                }\n              ]\n            },\n            {\n              \"and\": []\n            },\n            {\n              \"and\": [\n                {\n                  \"pattern\": \"AZP237E\",\n                  \"exclude\": \"SM83P\",\n                  \"info\": \";\"\n                },\n                \"AK*5L\",\n                {\n                  \"and\": [\n                    \"PH*25\",\n                    \"BUQxY\",\n                    \"TA46S\"\n                  ]\n                }\n              ]\n            }\n          ],\n          \"satisfy\": {\n            \"or\": [\n              {\n                \"and\": [\n                  \"&)\",\n                  \"6w\",\n                  \".7>\\\"yC x)-\",\n                  \"ZKg]<\"\n                ]\n              },\n              {\n                \"or\": [\n                  {\n                    \"mc\": \"<=87\"\n                  },\n                  \"mtR\",\n                  \")MD\",\n                  {\n                    \"and\": [\n                      {\n                        \"and\": [\n                          \"[a:;[cbd-=\"\n                        ]\n                      },\n                      \"R;fhACq~@\"\n                    ]\n                  },\n                  {\n                    \"mc\": \">=53\"\n                  }\n                ]\n              },\n              {\n                \"or\": []\n              }\n            ]\n          },\n          \"url\": \"http://hktgkfute1sswwtr2qpzbjdrnvtp4qvony4xe4gk2t89qs.gq1dgoqlv291c8wh4z30xyhto41rthxsp.ecb8caalhhoaxv40dtl.kbngk2hlmqxd1jld86v78cljlurf6hdwo87eklwhl1.qkqfxft\",\n          \"info\": \"e\",\n          \"isSelectable\": true\n        },\n        \"!t4\": {\n          \"name\": \"ZK2>=\",\n          \"ay\": 2015,\n          \"assign\": [\n            \"vvC\",\n            \".5?|4!76\",\n            \"GzzZo6\"\n          ],\n          \"match\": {\n            \"or\": [\n              {\n                \"and\": [\n                  {\n                    \"or\": [\n                      \"JEQ91E\"\n                    ]\n                  },\n                  {\n                    \"pattern\": \"VP409O\",\n                    \"exclude\": [],\n                    \"info\": \"2eh\"\n                  },\n                  {\n                    \"and\": [\n                      \"XVP2687K\",\n                      \"FK*N\",\n                      {\n                        \"or\": [\n                          \"EU6Y\"\n                        ]\n                      }\n                    ]\n                  },\n                  \"AV**x7Z\",\n                  \"XEE6946H\"\n                ]\n              }\n            ]\n          },\n          \"satisfy\": \"\",\n          \"info\": \"[H]\",\n          \"isSelectable\": true\n        },\n        \"\\\"mS}^T;\": {\n          \"name\": \"\",\n          \"ay\": 1985,\n          \"match\": \"BU5T\",\n          \"satisfy\": {\n            \"mc\": \">=87\"\n          },\n          \"url\": \"https://yrhydz-naf50qrluxaf1v36.yv8ga12clsd933of5adguxh-xd90zp0l1zw86eyjn9rez7cr2pyk.wzsld\",\n          \"info\": \"l\",\n          \"isSelectable\": true\n        }\n      },\n      \"$~x0 &\": {\n        \"name\": \"&iK9vBPyM1\",\n        \"ay\": 1997,\n        \"assign\": [\n          \"X\\\"Pxd-.SQ^\"\n        ],\n        \"match\": {\n          \"and\": [\n            {\n              \"and\": [\n                {\n                  \"pattern\": \"XDJ8xH\",\n                  \"info\": \"pB\"\n                },\n                \"CSV52R\",\n                \"EEF1xx*\",\n                \"FP97U\",\n                \"KVU0x52R\"\n              ]\n            },\n            {\n              \"pattern\": \"IF83V\",\n              \"exclude\": [\n                \"RI7xL\",\n                \"VGK8980\",\n                \"VD3658\",\n                \"IJ80\"\n              ],\n              \"info\": \"\"\n            },\n            {\n              \"or\": [\n                {\n                  \"pattern\": \"REE6V\",\n                  \"exclude\": \"JNI9\",\n                  \"info\": \"/#\"\n                },\n                \"CI5x58\",\n                {\n                  \"and\": [\n                    \"JAx\"\n                  ]\n                },\n                {\n                  \"and\": [\n                    \"URU95\",\n                    \"JSD7586E\",\n                    \"WWT15P\",\n                    \"HOJ9007X\",\n                    {\n                      \"and\": [\n                        \"WC6*95\",\n                        \"RP88\",\n                        \"VV1N\"\n                      ]\n                    }\n                  ]\n                },\n                \"VIT42Y\"\n              ]\n            },\n            {\n              \"or\": [\n                \"TLE8\",\n                {\n                  \"or\": []\n                }\n              ]\n            }\n          ]\n        },\n        \"url\": \"http://v8j9qka23x-jthwi3n3h2a81kb-5q5ztxvo9i2rsvv-ign208q.tlfbwu/DFA2&;X/kSwK/Piy=)kZgO/rhSi%F3%8D%B8%821:%F3%85%89%8BD\",\n        \"info\": \"^\",\n        \"isSelectable\": true,\n        \"%\": {\n          \"name\": \")P>=_reu\",\n          \"ay\": 2008,\n          \"assign\": \"Kf6\",\n          \"match\": \"DNU03x4V\",\n          \"satisfy\": [\n            {\n              \"or\": [\n                {\n  
[...]
              "err": {},
              "uuid": "e112e199-f510-4656-96f0-78c5bb748016",
              "parentUUID": "c9684285-f67c-4c7b-880f-394e580088ff",
              "isHook": false,
              "skipped": false
            },
            {
              "title": "should preserve list of modules with upper bound of MCs if total MC count is lower",
              "fullTitle": "inequalitySatisfier should preserve list of modules with upper bound of MCs if total MC count is lower",
              "timedOut": false,
              "duration": 0,
              "state": "passed",
              "speed": "fast",
              "pass": true,
              "fail": false,
              "pending": false,
              "context": null,
              "code": "const satisfier = satisfiers_1.inequalitySatisfier(ref, \"<=32\");\nsatisfier.should.have.property(\"filter\");\nconst { filter } = satisfier;\nisCorrectFilter(filter, modulesList1, modulesList1.map(([moduleStr]) => moduleStr));",
              "err": {},
              "uuid": "502cde6a-404f-4754-a36d-e580474c3104",
              "parentUUID": "c9684285-f67c-4c7b-880f-394e580088ff",
              "isHook": false,
              "skipped": false
            },
            {
              "title": "should truncate list of modules with upper bound of MCs at exact cutoff if total MC count is higher and there exists some starting sequence with exact MC count",
              "fullTitle": "inequalitySatisfier should truncate list of modules with upper bound of MCs at exact cutoff if total MC count is higher and there exists some starting sequence with exact MC count",
              "timedOut": false,
              "duration": 0,
              "state": "passed",
              "speed": "fast",
              "pass": true,
              "fail": false,
              "pending": false,
              "context": null,
              "code": "const satisfier = satisfiers_1.inequalitySatisfier(ref, \"<=16\");\nsatisfier.should.have.property(\"filter\");\nconst { filter } = satisfier;\nisCorrectFilter(filter, modulesList1, [\n    \"CS2100\",\n    \"GER1000\",\n    \"CS2040S\",\n    \"ST2131\",\n]);",
              "err": {},
              "uuid": "31ba0204-8d0b-4ee2-824b-e74315f80ea6",
              "parentUUID": "c9684285-f67c-4c7b-880f-394e580088ff",
              "isHook": false,
              "skipped": false
            },
            {
              "title": "should truncate list of modules with upper bound of MCs, cutting off at the minimum starting sequence that exceeds upper bound, if total MC count is higher and there exists no starting sequence with exact MC count",
              "fullTitle": "inequalitySatisfier should truncate list of modules with upper bound of MCs, cutting off at the minimum starting sequence that exceeds upper bound, if total MC count is higher and there exists no starting sequence with exact MC count",
              "timedOut": false,
              "duration": 0,
              "state": "passed",
              "speed": "fast",
              "pass": true,
              "fail": false,
              "pending": false,
              "context": null,
              "code": "const satisfier = satisfiers_1.inequalitySatisfier(ref, \"<=17\");\nsatisfier.should.have.property(\"filter\");\nconst { filter } = satisfier;\nisCorrectFilter(filter, modulesList1, [\n    \"CS2100\",\n    \"GER1000\",\n    \"CS2040S\",\n    \"ST2131\",\n    \"MA1521\",\n]);",
              "err": {},
              "uuid": "842f8812-267a-43cf-b375-b26ef8918baf",
              "parentUUID": "c9684285-f67c-4c7b-880f-394e580088ff",
              "isHook": false,
              "skipped": false
            }
          ],
          "suites": [],
          "passes": [
            "8f10e12a-fb19-41c8-8437-65740095d0c8",
            "b685496a-85f6-40ed-9bfa-3635e4451e75",
            "d8492736-89a4-4a78-81c9-2f0a53ddeac3",
            "e112e199-f510-4656-96f0-78c5bb748016",
            "502cde6a-404f-4754-a36d-e580474c3104",
            "31ba0204-8d0b-4ee2-824b-e74315f80ea6",
            "842f8812-267a-43cf-b375-b26ef8918baf"
          ],
          "failures": [],
          "pending": [],
          "skipped": [],
          "duration": 0,
          "root": false,
          "rootEmpty": false,
          "_timeout": 2000
        },
        {
          "uuid": "a6f6c5ad-2a36-4252-b502-5da5cd759459",
          "title": "inequalitySchema",
          "fullFile": "/home/runner/work/planwithus-lib/planwithus-lib/src/satisfyRule/inequality/schemas.test.ts",
          "file": "/src/satisfyRule/inequality/schemas.test.ts",
          "beforeHooks": [],
          "afterHooks": [],
          "tests": [
            {
              "title": "should validate inequality in the form <=n or >=n",
              "fullTitle": "inequalitySchema should validate inequality in the form <=n or >=n",
              "timedOut": false,
              "duration": 2,
              "state": "passed",
              "speed": "fast",
              "pass": true,
              "fail": false,
              "pending": false,
              "context": "[\n  {\n    \"title\": \"inequality sample 0\",\n    \"value\": \"<=195\"\n  },\n  {\n    \"title\": \"inequality sample 1\",\n    \"value\": \"<=80\"\n  },\n  {\n    \"title\": \"inequality sample 2\",\n    \"value\": \"<=3\"\n  },\n  {\n    \"title\": \"inequality sample 3\",\n    \"value\": \"<=189\"\n  },\n  {\n    \"title\": \"inequality sample 4\",\n    \"value\": \"<=109\"\n  },\n  {\n    \"title\": \"inequality sample 5\",\n    \"value\": \"<=134\"\n  },\n  {\n    \"title\": \"inequality sample 6\",\n    \"value\": \">=82\"\n  },\n  {\n    \"title\": \"inequality sample 7\",\n    \"value\": \"<=196\"\n  },\n  {\n    \"title\": \"inequality sample 8\",\n    \"value\": \"<=8\"\n  },\n  {\n    \"title\": \"inequality sample 9\",\n    \"value\": \">=30\"\n  }\n]",
              "code": "fast_check_1.sample(index_test_2.inequality, 10).forEach((sample, i) => addContext_1.default(this, {\n    title: `inequality sample ${i}`,\n    value: sample,\n}));\nreturn fast_check_1.assert(fast_check_1.property(index_test_2.inequality, ajvValidate));",
              "err": {},
              "uuid": "dce67ea2-66ed-47fc-944d-214645e1c901",
              "parentUUID": "a6f6c5ad-2a36-4252-b502-5da5cd759459",
              "isHook": false,
              "skipped": false
            },
            {
              "title": "should not validate inequality of invalid form",
              "fullTitle": "inequalitySchema should not validate inequality of invalid form",
              "timedOut": false,
              "duration": 2,
              "state": "passed",
              "speed": "fast",
              "pass": true,
              "fail": false,
              "pending": false,
              "context": null,
              "code": "[\n        \"\",\n        \"==23\",\n        \"23\",\n        \"<23\",\n        \">23\",\n        \"<=-1\",\n        \">=-1\",\n        \"<= 2\",\n        \">= 1\",\n        \"> 3\",\n        \"< 3\",\n        \"<=3a\",\n        \">=3a\",\n        \"a<=3\",\n        \"a>=3\",\n    ].forEach(isInvalidInequality)",
              "err": {},
              "uuid": "79577bbd-3506-494c-a5eb-3e6ae0d0a63e",
              "parentUUID": "a6f6c5ad-2a36-4252-b502-5da5cd759459",
              "isHook": false,
              "skipped": false
            }
          ],
          "suites": [],
          "passes": [
            "dce67ea2-66ed-47fc-944d-214645e1c901",
            "79577bbd-3506-494c-a5eb-3e6ae0d0a63e"
          ],
          "failures": [],
          "pending": [],
          "skipped": [],
          "duration": 4,
          "root": false,
          "rootEmpty": false,
          "_timeout": 2000
        },
        {
          "uuid": "253c315d-2130-4059-bc98-b69f2a407811",
          "title": "satisfyRuleSchema",
          "fullFile": "/home/runner/work/planwithus-lib/planwithus-lib/src/satisfyRule/schemas.test.ts",
          "file": "/src/satisfyRule/schemas.test.ts",
          "beforeHooks": [],
          "afterHooks": [],
          "tests": [
            {
              "title": "should validate satisfy rule with valid block id",
              "fullTitle": "satisfyRuleSchema should validate satisfy rule with valid block id",
              "timedOut": false,
              "duration": 1,
              "state": "passed",
              "speed": "fast",
              "pass": true,
              "fail": false,
              "pending": false,
              "context": null,
              "code": "fast_check_1.assert(fast_check_1.property(fast_check_1.string(), ajvValidate)",
              "err": {},
              "uuid": "f84c5030-bba8-45ec-883b-b6186fe673a0",
              "parentUUID": "253c315d-2130-4059-bc98-b69f2a407811",
              "isHook": false,
              "skipped": false
            },
            {
              "title": "should validate satisfy rules with valid mc",
              "fullTitle": "satisfyRuleSchema should validate satisfy rules with valid mc",
              "timedOut": false,
              "duration": 2,
              "state": "passed",
              "speed": "fast",
              "pass": true,
              "fail": false,
              "pending": false,
              "context": "[\n  {\n    \"title\": \"mcSatisfyRule sample 0\",\n    \"value\": {\n      \"mc\": \">=3\"\n    }\n  },\n  {\n    \"title\": \"mcSatisfyRule sample 1\",\n    \"value\": {\n      \"mc\": \">=197\"\n    }\n  },\n  {\n    \"title\": \"mcSatisfyRule sample 2\",\n    \"value\": {\n      \"mc\": \"<=197\"\n    }\n  },\n  {\n    \"title\": \"mcSatisfyRule sample 3\",\n    \"value\": {\n      \"mc\": \">=5\"\n    }\n  },\n  {\n    \"title\": \"mcSatisfyRule sample 4\",\n    \"value\": {\n      \"mc\": \"<=137\"\n    }\n  },\n  {\n    \"title\": \"mcSatisfyRule sample 5\",\n    \"value\": {\n      \"mc\": \">=4\"\n    }\n  },\n  {\n    \"title\": \"mcSatisfyRule sample 6\",\n    \"value\": {\n      \"mc\": \">=85\"\n    }\n  },\n  {\n    \"title\": \"mcSatisfyRule sample 7\",\n    \"value\": {\n      \"mc\": \"<=102\"\n    }\n  },\n  {\n    \"title\": \"mcSatisfyRule sample 8\",\n    \"value\": {\n      \"mc\": \"<=5\"\n    }\n  },\n  {\n    \"title\": \"mcSatisfyRule sample 9\",\n    \"value\": {\n      \"mc\": \">=199\"\n    }\n  }\n]",
              "code": "fast_check_1.sample(index_test_2.mcSatisfyRule, 10).forEach((sample, i) => addContext_1.default(this, {\n    title: `mcSatisfyRule sample ${i}`,\n    value: sample,\n}));\nreturn fast_check_1.assert(fast_check_1.property(index_test_2.mcSatisfyRule, ajvValidate));",
              "err": {},
              "uuid": "0c112b4c-e4ce-4646-bfc0-3adfb979a2b0",
              "parentUUID": "253c315d-2130-4059-bc98-b69f2a407811",
              "isHook": false,
              "skipped": false
            },
            {
              "title": "should validate valid recursive satisfy rules",
              "fullTitle": "satisfyRuleSchema should validate valid recursive satisfy rules",
              "timedOut": false,
              "duration": 5,
              "state": "passed",
              "speed": "fast",
              "pass": true,
              "fail": false,
              "pending": false,
              "context": "[\n  {\n    \"title\": \"satisfyRule sample 0\",\n    \"value\": {\n      \"mc\": \"<=54\"\n    }\n  },\n  {\n    \"title\": \"satisfyRule sample 1\",\n    \"value\": {\n      \"and\": [\n        {\n          \"and\": []\n        }\n      ]\n    }\n  },\n  {\n    \"title\": \"satisfyRule sample 2\",\n    \"value\": {\n      \"and\": [\n        \"2F_JvV{2F&\",\n        {\n          \"or\": [\n            {\n              \"mc\": \"<=183\"\n            }\n          ]\n        },\n        {\n          \"and\": []\n        }\n      ]\n    }\n  },\n  {\n    \"title\": \"satisfyRule sample 3\",\n    \"value\": \"1 !!vo$ \"\n  },\n  {\n    \"title\": \"satisfyRule sample 4\",\n    \"value\": {\n      \"mc\": \"<=4\"\n    }\n  },\n  {\n    \"title\": \"satisfyRule sample 5\",\n    \"value\": {\n      \"mc\": \">=63\"\n    }\n  },\n  {\n    \"title\": \"satisfyRule sample 6\",\n    \"value\": {\n      \"and\": [\n        {\n          \"mc\": \"<=1\"\n        },\n        {\n          \"mc\": \">=25\"\n        }\n      ]\n    }\n  },\n  {\n    \"title\": \"satisfyRule sample 7\",\n    \"value\": \"d&!\\\"~#_\"\n  },\n  {\n    \"title\": \"satisfyRule sample 8\",\n    \"value\": {\n      \"or\": [\n        {\n          \"mc\": \">=45\"\n        },\n        {\n          \"and\": [\n            {\n              \"mc\": \"<=21\"\n            },\n            \"v'A7k=\",\n            \"Q_S*g\",\n            {\n              \"or\": [\n                \"m9/tH!0\",\n                {\n                  \"or\": []\n                },\n                \":iB\",\n                {\n                  \"mc\": \">=118\"\n                }\n              ]\n            }\n          ]\n        }\n      ]\n    }\n  },\n  {\n    \"title\": \"satisfyRule sample 9\",\n    \"value\": \"#!\"\n  }\n]",
              "code": "fast_check_1.sample(index_test_2.satisfyRule, 10).forEach((sample, i) => addContext_1.default(this, {\n    title: `satisfyRule sample ${i}`,\n    value: sample,\n}));\nreturn fast_check_1.assert(fast_check_1.property(index_test_2.satisfyRule, ajvValidate));",
              "err": {},
              "uuid": "a7ba9dba-7106-4cde-81e6-a1a4e5fa5bea",
              "parentUUID": "253c315d-2130-4059-bc98-b69f2a407811",
              "isHook": false,
              "skipped": false
            },
            {
              "title": "should not validate non-string/object",
              "fullTitle": "satisfyRuleSchema should not validate non-string/object",
              "timedOut": false,
              "duration": 1,
              "state": "passed",
              "speed": "fast",
              "pass": true,
              "fail": false,
              "pending": false,
              "context": null,
              "code": "const error = {\n    instancePath: \"\",\n    message: \"satisfy rule should be either a string or an object\",\n};\nisInvalidRule(null, error);\nisInvalidRule(undefined, error);\nisInvalidRule(10, error);\nisInvalidRule([12, 24], error);",
              "err": {},
              "uuid": "e0240576-d8bd-4793-9077-e2570eeb9dd9",
              "parentUUID": "253c315d-2130-4059-bc98-b69f2a407811",
              "isHook": false,
              "skipped": false
            },
            {
              "title": "should not validate satisfy rules with extra properties",
              "fullTitle": "satisfyRuleSchema should not validate satisfy rules with extra properties",
              "timedOut": false,
              "duration": 1,
              "state": "passed",
              "speed": "fast",
              "pass": true,
              "fail": false,
              "pending": false,
              "context": null,
              "code": "isInvalidRule({\n        and: [\n            { or: [\"2k\"], abc: \"def\" },\n            { mc: 8, ghi: \"jkl\" },\n        ],\n        mno: \"pqr\",\n    }, {\n        instancePath: \"/and/0\",\n        message: \"or satisfy rule should have property 'or' only\",\n    }, {\n        instancePath: \"/and/1\",\n        message: \"MC satisfy rule should have property 'mc' only\",\n    }, {\n        instancePath: \"\",\n        message: \"and satisfy rule should have property 'and' only\",\n    })",
              "err": {},
              "uuid": "ba959d6f-466c-4a05-968a-2ae737f99c14",
              "parentUUID": "253c315d-2130-4059-bc98-b69f2a407811",
              "isHook": false,
              "skipped": false
            },
            {
              "title": "should not validate ambiguous satisfy rules",
              "fullTitle": "satisfyRuleSchema should not validate ambiguous satisfy rules",
              "timedOut": false,
              "duration": 1,
              "state": "passed",
              "speed": "fast",
              "pass": true,
              "fail": false,
              "pending": false,
              "context": null,
              "code": "const message = \"satisfy rule should have only one of properties 'mc', 'and', 'or'\";\nisInvalidRule({\n    or: [\n        { mc: 5, and: [\"CS2040\"] },\n        { and: [{ and: [\"abc\"], or: [\"def\"] }] },\n    ],\n}, { instancePath: \"/or/0\", message }, { instancePath: \"/or/1/and/0\", message });",
              "err": {},
              "uuid": "0b212689-7aa0-444d-b6d8-15472c1f1e1c",
              "parentUUID": "253c315d-2130-4059-bc98-b69f2a407811",
              "isHook": false,
              "skipped": false
            },
            {
              "title": "should not validate and satisfy rules with non-array property",
              "fullTitle": "satisfyRuleSchema should not validate and satisfy rules with non-array property",
              "timedOut": false,
              "duration": 0,
              "state": "passed",
              "speed": "fast",
              "pass": true,
              "fail": false,
              "pending": false,
              "context": null,
              "code": "const message = \"property 'and' should be an array of satisfy rules\";\nisInvalidRule({ or: [{ and: {} }, { or: [{ and: 3 }] }] }, { instancePath: \"/or/0/and\", message }, { instancePath: \"/or/1/or/0/and\", message });",
              "err": {},
              "uuid": "485c0326-9c04-4cb0-9cfa-bf2ee3ab9986",
              "parentUUID": "253c315d-2130-4059-bc98-b69f2a407811",
              "isHook": false,
              "skipped": false
            },
            {
              "title": "should not validate or satisfy rules with non-array property",
              "fullTitle": "satisfyRuleSchema should not validate or satisfy rules with non-array property",
              "timedOut": false,
              "duration": 1,
              "state": "passed",
              "speed": "fast",
              "pass": true,
              "fail": false,
              "pending": false,
              "context": null,
              "code": "const message = \"property 'or' should be an array of satisfy rules\";\nisInvalidRule({ and: [{ or: {} }, { and: [{ or: 3 }] }] }, { instancePath: \"/and/0/or\", message }, { instancePath: \"/and/1/and/0/or\", message });",
              "err": {},
              "uuid": "2d797906-b88d-4193-8ca2-a87aee67caea",
              "parentUUID": "253c315d-2130-4059-bc98-b69f2a407811",
              "isHook": false,
              "skipped": false
            }
          ],
          "suites": [],
          "passes": [
            "f84c5030-bba8-45ec-883b-b6186fe673a0",
            "0c112b4c-e4ce-4646-bfc0-3adfb979a2b0",
            "a7ba9dba-7106-4cde-81e6-a1a4e5fa5bea",
            "e0240576-d8bd-4793-9077-e2570eeb9dd9",
            "ba959d6f-466c-4a05-968a-2ae737f99c14",
            "0b212689-7aa0-444d-b6d8-15472c1f1e1c",
            "485c0326-9c04-4cb0-9cfa-bf2ee3ab9986",
            "2d797906-b88d-4193-8ca2-a87aee67caea"
          ],
          "failures": [],
          "pending": [],
          "skipped": [],
          "duration": 12,
          "root": false,
          "rootEmpty": false,
          "_timeout": 2000
        }
      ],
      "passes": [],
      "failures": [],
      "pending": [],
      "skipped": [],
      "duration": 0,
      "root": true,
      "rootEmpty": true,
      "_timeout": 2000
    }
  ],
  "meta": {
    "mocha": {
      "version": "9.0.2"
    },
    "mochawesome": {
      "options": {
        "quiet": false,
        "reportFilename": "mochawesome",
        "saveHtml": true,
        "saveJson": true,
        "consoleReporter": "spec",
        "useInlineDiffs": false,
        "code": true
      },
      "version": "6.2.2"
    },
    "marge": {
      "options": {
        "reportDir": "docs"
      },
      "version": "5.2.0"
    }
  }
}