{
  "stats": {
    "suites": 10,
    "tests": 48,
    "passes": 48,
    "pending": 0,
    "failures": 0,
    "start": "2021-07-20T03:25:21.344Z",
    "end": "2021-07-20T03:25:21.607Z",
    "duration": 263,
    "testsRegistered": 48,
    "passPercent": 100,
    "pendingPercent": 0,
    "other": 0,
    "hasOther": false,
    "skipped": 0,
    "hasSkipped": false
  },
  "results": [
    {
      "uuid": "981d5d1c-203c-4e3c-a89f-df54682a11df",
      "title": "",
      "fullFile": "",
      "file": "",
      "beforeHooks": [],
      "afterHooks": [],
      "tests": [],
      "suites": [
        {
          "uuid": "1d6ceae3-f3d9-42a2-bb18-e25a8018bc8c",
          "title": "initDirectories",
          "fullFile": "/home/runner/work/planwithus-lib/planwithus-lib/src/block/schemas.test.ts",
          "file": "/src/block/schemas.test.ts",
          "beforeHooks": [],
          "afterHooks": [],
          "tests": [
            {
              "title": "should parse all blocks with no errors",
              "fullTitle": "initDirectories should parse all blocks with no errors",
              "timedOut": false,
              "duration": 2,
              "state": "passed",
              "speed": "fast",
              "pass": true,
              "fail": false,
              "pending": false,
              "context": null,
              "code": "_1.initDirectories.should.not.throw()",
              "err": {},
              "uuid": "ae5bae40-3f93-41aa-b754-4867ae1be36c",
              "parentUUID": "1d6ceae3-f3d9-42a2-bb18-e25a8018bc8c",
              "isHook": false,
              "skipped": false
            },
            {
              "title": "should produce primary, second & minor directories",
              "fullTitle": "initDirectories should produce primary, second & minor directories",
              "timedOut": false,
              "duration": 2,
              "state": "passed",
              "speed": "fast",
              "pass": true,
              "fail": false,
              "pending": false,
              "context": null,
              "code": "const directories = _1.initDirectories();\ndirectories.should.have.property(\"primary\");\ndirectories.should.have.property(\"second\");\ndirectories.should.have.property(\"minor\");",
              "err": {},
              "uuid": "7bf432ce-9f4c-4ea1-a632-f936baeca053",
              "parentUUID": "1d6ceae3-f3d9-42a2-bb18-e25a8018bc8c",
              "isHook": false,
              "skipped": false
            }
          ],
          "suites": [],
          "passes": [
            "ae5bae40-3f93-41aa-b754-4867ae1be36c",
            "7bf432ce-9f4c-4ea1-a632-f936baeca053"
          ],
          "failures": [],
          "pending": [],
          "skipped": [],
          "duration": 4,
          "root": false,
          "rootEmpty": false,
          "_timeout": 2000
        },
        {
          "uuid": "7c03f451-eb20-4cd8-b0d9-8568609263dd",
          "title": "blockSchema",
          "fullFile": "/home/runner/work/planwithus-lib/planwithus-lib/src/block/schemas.test.ts",
          "file": "/src/block/schemas.test.ts",
          "beforeHooks": [],
          "afterHooks": [],
          "tests": [
            {
              "title": "should validate valid block",
              "fullTitle": "blockSchema should validate valid block",
              "timedOut": false,
              "duration": 152,
              "state": "passed",
              "speed": "slow",
              "pass": true,
              "fail": false,
              "pending": false,
              "context": "[\n  {\n    \"title\": \"block sample 0\",\n    \"value\": {\n      \"name\": \">tT~i/Ja3\",\n      \"match\": [],\n      \"satisfy\": {\n        \"and\": [\n          {\n            \"mc\": \"<=47\"\n          },\n          \"gW{L1\",\n          {\n            \"and\": []\n          },\n          {\n            \"mc\": \"<=106\"\n          },\n          {\n            \"and\": [\n              \"MI71'L\",\n              \"\",\n              \"`=2b\",\n              \"$\\\\\",\n              {\n                \"and\": []\n              }\n            ]\n          }\n        ]\n      },\n      \"info\": \"By.[\",\n      \"isSelectable\": true\n    }\n  },\n  {\n    \"title\": \"block sample 1\",\n    \"value\": {\n      \"name\": \"u5;cJ+wQ\",\n      \"ay\": 1956,\n      \"assign\": [\n        \"q\"\n      ],\n      \"match\": {\n        \"pattern\": \"BT8Q\",\n        \"exclude\": \"SX48\",\n        \"info\": \"&%y\\\"Is\"\n      },\n      \"url\": \"https://7be.6kd.e.oogtgz93v692h5010agw9ll7qvdkyf.h9lfax.cdfqxl/cd/.\",\n      \"info\": \"UmUWU\",\n      \"isSelectable\": true,\n      \"'b6-Bi6~+\": {\n        \"satisfy\": [\n          {\n            \"and\": [\n              {\n                \"and\": [\n                  \"!\",\n                  \"19x!@QfTNG\",\n                  {\n                    \"and\": [\n                      {\n                        \"mc\": \"<=84\"\n                      },\n                      \"&o/\"\n                    ]\n                  },\n                  \"!E\"\n                ]\n              },\n              {\n                \"or\": []\n              }\n            ]\n          },\n          \"vKc<R)You\",\n          {\n            \"and\": [\n              {\n                \"mc\": \">=116\"\n              }\n            ]\n          },\n          {\n            \"or\": [\n              {\n                \"mc\": \">=40\"\n              },\n              \"E\",\n              {\n                \"and\": [\n                  {\n                    \"mc\": \"<=163\"\n                  },\n                  \"3)\",\n                  \"y\",\n                  \"cC:[i|&xK\",\n                  {\n                    \"mc\": \"<=141\"\n                  }\n                ]\n              }\n            ]\n          },\n          {\n            \"mc\": \">=7\"\n          }\n        ],\n        \"url\": \"http://1ry2o3at8u9n0rq1zf76o92qs3hy4mt3d0s2x-5q2e26x9blz1c2kfqcm.e512kb607j5w6ftirq8rb-p306-ztkuku.l2lpcb8nj1xnumiybhsz45atayei.sq\",\n        \"info\": \"x7u}\\\\b&V!Y\"\n      },\n      \"WK9\": {\n        \"name\": \"F]yOM`\",\n        \"ay\": 2021,\n        \"assign\": \"?G \",\n        \"match\": [\n          {\n            \"or\": [\n              {\n                \"or\": [\n                  \"JX*9F\",\n                  {\n                    \"pattern\": \"BJ1380F\",\n                    \"exclude\": \"UDF6F\",\n                    \"info\": \"jI=Lbs<L>\"\n                  }\n                ]\n              },\n              \"RP778xC\",\n              {\n                \"or\": [\n                  {\n                    \"and\": [\n                      \"UBM387\",\n                      {\n                        \"and\": [\n                          {\n                            \"and\": [\n                              \"QT2*1\",\n                              \"EIC1P\"\n                            ]\n                          },\n                          \"RF46*9\",\n                          \"LTP899N\",\n                          \"OPM1S\"\n                        ]\n                      },\n                      \"DOM12Z\"\n                    ]\n                  },\n                  {\n                    \"pattern\": \"AAx721\",\n                    \"exclude\": \"TT490\",\n                    \"info\": \"r\"\n                  },\n                  {\n                    \"and\": [\n                      {\n                        \"pattern\": \"YVM7*64\",\n                        \"info\": \"HTWO\"\n                      },\n                      \"CL0950\",\n                      {\n                        \"and\": [\n                          \"NJ284H\",\n                          \"EPE0x*M\",\n                          \"HEKxA\"\n                        ]\n                      }\n                    ]\n                  },\n                  {\n                    \"or\": [\n                      {\n                        \"and\": []\n                      },\n                      \"WGU8Q\"\n                    ]\n                  },\n                  {\n                    \"or\": [\n                      {\n                        \"and\": []\n                      },\n                      {\n                        \"pattern\": \"LS11x8\",\n                        \"exclude\": \"BSG7W\",\n                        \"info\": \"P_ND(lU\"\n                      },\n                      \"GQI1x0E\"\n                    ]\n                  }\n                ]\n              }\n            ]\n          },\n          \"FUx*Z\",\n          {\n            \"and\": [\n              {\n                \"pattern\": \"HV800xO\",\n                \"exclude\": \"EC7H\",\n                \"info\": \"=\\\\E0!\"\n              }\n            ]\n          },\n          {\n            \"and\": [\n              \"CRU7629P\",\n              {\n                \"pattern\": \"WH37\",\n                \"exclude\": \"QR4\",\n                \"info\": \"3+w\"\n              }\n            ]\n          },\n          {\n            \"or\": [\n              {\n                \"pattern\": \"VDF8x4H\",\n                \"exclude\": [],\n                \"info\": \"\\\\\\\"\"\n              }\n            ]\n          }\n        ],\n        \"satisfy\": [\n          {\n            \"and\": [\n              {\n                \"mc\": \">=28\"\n              },\n              \"Ct!OHLiF\",\n              {\n                \"or\": [\n                  \"R\",\n                  \"?N%i\",\n                  \"T4<8z5\",\n                  \")BDog\"\n                ]\n              },\n              {\n                \"or\": [\n                  {\n                    \"mc\": \"<=8\"\n                  }\n                ]\n              },\n              \"8&\"\n            ]\n          },\n          {\n            \"mc\": \">=128\"\n          },\n          {\n            \"and\": [\n              {\n                \"and\": [\n                  \"#BNL#@zp`\",\n                  {\n                    \"and\": [\n                      {\n                        \"or\": []\n                      },\n                      {\n                        \"or\": [\n                          \"B':nLzR|\",\n                          {\n                            \"and\": [\n                              \"M1~+>\",\n                              \"lF}&l\",\n                              \"?D1h|DwW;\",\n                              \"UEcm+T>9\",\n                              \"S0?T9`\"\n                            ]\n                          },\n                          \"7ACH.=*b\"\n                        ]\n                      }\n                    ]\n                  },\n                  \"9I+Q4\",\n                  {\n                    \"mc\": \">=24\"\n                  },\n                  \"v4%&ezG\"\n                ]\n              },\n              {\n                \"mc\": \"<=40\"\n              },\n              \"CY+dU ui3\",\n              {\n                \"mc\": \">=169\"\n              },\n              {\n                \"mc\": \">=174\"\n              }\n            ]\n          },\n          {\n            \"or\": [\n              \"^pJ \",\n              {\n                \"mc\": \">=84\"\n              },\n              \">Qz\",\n              {\n                \"mc\": \"<=137\"\n              },\n              \"JQWPV8$5,&\"\n            ]\n          }\n        ],\n        \"url\": \"https://lnsx72w8w8xd5rnah8t-x6ewg3tcz9ma2d1hs7xa1o2gqnlw-ki.tuaz//_n/L%F2%99%B0%B1;p~ah/&4bml%F0%96%B0%A3+/o.c\",\n        \"isSelectable\": true\n      },\n      \"\": {\n        \"name\": \"~A1S\\\"DE\",\n        \"ay\": 1967,\n        \"assign\": \",?\",\n        \"satisfy\": [\n          \"\",\n          {\n            \"mc\": \"<=90\"\n          }\n        ],\n        \"url\": \"https://0u-ag03dm2brodmzt-j3oys1qg9j5szsajxy2rpkmhs.11zmo45mo0dmv47xz9kdn543xrhbxsz9hl53now7p-qmj.wtkgs5bby-g1jbhrz7urxkb17jd6phzyc-drlhjazi3hed-ce2vibv9jidw6w.06b81xaz0leu5v2a0dsvvj.zyihzsykiu//6t9KAMG-V/ST\",\n        \"info\": \":AM\",\n        \"isSelectable\": true\n      }\n    }\n  },\n  {\n    \"title\": \"block sample 2\",\n    \"value\": {\n      \"name\": \" !j7+PC\",\n      \"ay\": 1951,\n      \"assign\": [],\n      \"match\": {\n        \"pattern\": \"OS986\",\n        \"info\": \"z\"\n      },\n      \"satisfy\": {\n        \"mc\": \"<=195\"\n      },\n      \"url\": \"https://8q8cv.aedav\",\n      \"info\": \"\",\n      \"isSelectable\": true\n    }\n  },\n  {\n    \"title\": \"block sample 3\",\n    \"value\": {\n      \"name\": \"9$\",\n      \"ay\": 1954,\n      \"assign\": \"$*?!#z{{\",\n      \"match\": [\n        {\n          \"or\": [\n            {\n              \"or\": [\n                \"CVG530\",\n                {\n                  \"pattern\": \"RI5x26D\",\n                  \"exclude\": \"FDX3J\",\n                  \"info\": \"mxG\"\n                },\n                \"NL3W\",\n                {\n                  \"pattern\": \"HI6385D\",\n                  \"exclude\": [\n                    \"YDQ6\"\n                  ],\n                  \"info\": \"wi~0v/bKw\"\n                },\n                {\n                  \"and\": [\n                    \"CD3437G\",\n                    {\n                      \"and\": [\n                        \"WGK7*4x\"\n                      ]\n                    },\n                    {\n                      \"or\": [\n                        \"RB8993I\"\n                      ]\n                    }\n                  ]\n                }\n              ]\n            },\n            {\n              \"and\": [\n                \"ULV6\",\n                {\n                  \"and\": [\n                    \"OH7081\",\n                    \"WRM2Q\",\n                    \"LJ325xN\"\n                  ]\n                }\n              ]\n            }\n          ]\n        },\n        \"VB1\"\n      ],\n      \"satisfy\": {\n        \"or\": []\n      },\n      \"url\": \"http://cz3ss61ipj3sn-2j90if-y0.h6gamch5r8cbx3fq31oats.9ntkud5pg45i0j0kop.rouvcz7kbi-n5h6v92xhf.xd\",\n      \"isSelectable\": true\n    }\n  },\n  {\n    \"title\": \"block sample 4\",\n    \"value\": {\n      \"name\": \"7Wr]~J#&\",\n      \"ay\": 1984,\n      \"assign\": \"J9\",\n      \"match\": [\n        {\n          \"pattern\": \"AQJ*5V\"\n        },\n        {\n          \"pattern\": \"ZQX8502C\",\n          \"exclude\": [\n            \"BI092x\"\n          ]\n        },\n        {\n          \"or\": [\n            {\n              \"and\": [\n                {\n                  \"and\": [\n                    \"OIK405*X\",\n                    {\n                      \"or\": [\n                        \"VOx561X\"\n                      ]\n                    }\n                  ]\n                },\n                {\n                  \"and\": [\n                    \"OS7872\",\n                    {\n                      \"and\": [\n                        \"WHR4xx6\",\n                        \"ET2214X\"\n                      ]\n                    },\n                    \"GTC8D\"\n                  ]\n                },\n                {\n                  \"pattern\": \"DVx\",\n                  \"exclude\": \"PT7Y\",\n                  \"info\": \"[6;\"\n                }\n              ]\n            },\n            {\n              \"pattern\": \"QJx2K\",\n              \"info\": \"w\"\n            },\n            {\n              \"and\": [\n                {\n                  \"pattern\": \"HRQ8367\",\n                  \"exclude\": [\n                    \"KV336R\",\n                    \"URN5088\"\n                  ]\n                },\n                \"TR850\",\n                {\n                  \"and\": [\n                    {\n                      \"pattern\": \"RE0\",\n                      \"exclude\": \"KW85*4P\",\n                      \"info\": \";\"\n                    },\n                    \"TH8991\",\n                    {\n                      \"pattern\": \"WUG0P\",\n                      \"exclude\": [\n                        \"DH88x\"\n                      ]\n                    }\n                  ]\n                },\n                {\n                  \"and\": [\n                    \"BA8\"\n                  ]\n                },\n                {\n                  \"and\": [\n                    {\n                      \"or\": [\n                        \"VYC50x2\"\n                      ]\n                    },\n                    \"BBG61\",\n                    \"GON5922T\"\n                  ]\n                }\n              ]\n            },\n            {\n              \"or\": [\n                \"OC523Y\",\n                {\n                  \"pattern\": \"DC9\",\n                  \"exclude\": [],\n                  \"info\": \"]0l<QN[>\"\n                },\n                {\n                  \"and\": [\n                    {\n                      \"or\": [\n                        \"OG*00\"\n                      ]\n                    },\n                    \"BV145\",\n                    {\n                      \"pattern\": \"ZY3355S\",\n                      \"exclude\": \"RQ3Q\",\n                      \"info\": \"5yQsb1{=)\"\n                    },\n                    \"FUJ399W\",\n                    {\n                      \"and\": [\n                        \"XH0224\",\n                        \"DH943\"\n                      ]\n                    }\n                  ]\n                },\n                {\n                  \"pattern\": \"IBL4xM\"\n                },\n                \"HP7x\"\n              ]\n            },\n            {\n              \"pattern\": \"RVEx34Y\",\n              \"exclude\": \"AL745H\",\n              \"info\": \"Wo\\\"r\"\n            }\n          ]\n        },\n        {\n          \"or\": [\n            {\n              \"or\": [\n                {\n                  \"pattern\": \"LG397A\",\n                  \"exclude\": \"RY2\"\n                },\n                \"FX125\"\n              ]\n            },\n            {\n              \"and\": [\n                \"SHY04Y\",\n                \"UCG4x6xI\",\n                {\n                  \"and\": []\n                },\n                \"QY67*2\"\n              ]\n            },\n            {\n              \"pattern\": \"EF0322\",\n              \"exclude\": [\n                \"KW0465C\",\n                \"FWJ0P\"\n              ],\n              \"info\": \"UfF\"\n            }\n          ]\n        },\n        {\n          \"and\": [\n            {\n              \"and\": [\n                \"TF3*\",\n                {\n                  \"pattern\": \"EHR6\",\n                  \"exclude\": \"QM1V\",\n                  \"info\": \"3pk]G`BeQ\"\n                },\n                {\n                  \"and\": [\n                    {\n                      \"and\": [\n                        \"FOJ50N\",\n                        \"ED63D\",\n                        \"DBN10x5\",\n                        \"LZC7173L\",\n                        {\n                          \"or\": [\n                            \"ZUI000\"\n                          ]\n                        }\n                      ]\n                    },\n                    {\n                      \"pattern\": \"IAN4\",\n                      \"exclude\": \"JFx5\",\n                      \"info\": \"L6_\\\"PKRd,I\"\n                    },\n                    \"UC9J\",\n                    \"MSL451\"\n                  ]\n                },\n                \"AZ1500\",\n                {\n                  \"pattern\": \"UXEx1x*\",\n                  \"exclude\": \"KZI27x6E\",\n                  \"info\": \"Gq\"\n                }\n              ]\n            }\n          ]\n        }\n      ],\n      \"satisfy\": [\n        {\n          \"and\": [\n            \"taX@\",\n            {\n              \"mc\": \">=74\"\n            },\n            {\n              \"mc\": \">=15\"\n            }\n          ]\n        },\n        {\n          \"and\": [\n            {\n              \"and\": [\n                {\n                  \"or\": []\n                },\n                \"nw$ok\"\n              ]\n            },\n            {\n              \"and\": [\n                \"k y?jD9b`\",\n                \"7yS%\",\n                {\n                  \"or\": [\n                    \"[4\",\n                    {\n                      \"mc\": \">=6\"\n                    },\n                    \"k`~\",\n                    \"+.\"\n                  ]\n                }\n              ]\n            },\n            {\n              \"or\": [\n                {\n                  \"mc\": \">=1\"\n                }\n              ]\n            },\n            \"iIV\"\n          ]\n        },\n        {\n          \"and\": [\n            {\n              \"or\": [\n                {\n                  \"or\": [\n                    {\n                      \"and\": [\n                        \"[pp\",\n                        \".Jm>,\",\n                        \"!%+T,&@0/Z\",\n                        \"OwN`#TQ>\",\n                        \"6>)>\"\n                      ]\n                    },\n                    {\n                      \"mc\": \">=182\"\n                    },\n                    \"@r\",\n                    {\n                      \"mc\": \">=108\"\n                    }\n                  ]\n                },\n                {\n                  \"and\": [\n                    {\n                      \"or\": [\n                        \"?dQgX\",\n                        \"LZe\",\n                        \"=hw\"\n                      ]\n                    },\n                    {\n                      \"mc\": \"<=181\"\n                    },\n                    \"P\",\n                    {\n                      \"mc\": \"<=130\"\n                    },\n                    {\n                      \"mc\": \">=45\"\n                    }\n                  ]\n                },\n                {\n                  \"and\": []\n                },\n                {\n                  \"and\": [\n                    \"n\",\n                    \"eN \"\n                  ]\n                },\n                \"5fWY[RMp8\"\n              ]\n            },\n            {\n              \"mc\": \"<=69\"\n            },\n            {\n              \"and\": [\n                {\n                  \"or\": [\n                    \"~k\",\n                    {\n                      \"mc\": \"<=65\"\n                    },\n                    \"moF8D`<j\\\\\"\n                  ]\n                },\n                {\n                  \"or\": [\n                    \"DGhi*+'\",\n                    \"d5o*no1p\\\"V\",\n                    \"&17b@x\"\n                  ]\n                },\n                {\n                  \"mc\": \">=111\"\n                },\n                {\n                  \"or\": [\n                    \"PaC-Q[R\\\\o\",\n                    {\n                      \"and\": []\n                    },\n                    \"y8fvn6\"\n                  ]\n                },\n                \"x\"\n              ]\n            },\n            {\n              \"or\": []\n            },\n            {\n              \"mc\": \"<=113\"\n            }\n          ]\n        },\n        {\n          \"and\": [\n            {\n              \"mc\": \"<=197\"\n            }\n          ]\n        },\n        {\n          \"and\": [\n            {\n              \"and\": [\n                {\n                  \"mc\": \"<=23\"\n                },\n                {\n                  \"mc\": \"<=124\"\n                },\n                \"%&I'\"\n              ]\n            },\n            {\n              \"and\": [\n                {\n                  \"or\": [\n                    {\n                      \"or\": [\n                        \"Lzh31a.>\",\n                        \"\"\n                      ]\n                    },\n                    \"RO2)X_\"\n                  ]\n                }\n              ]\n            },\n            {\n              \"and\": [\n                \"BKQp!\",\n                {\n                  \"or\": [\n                    \"Tq~IXQWrd,\",\n                    {\n                      \"or\": []\n                    },\n                    \"Am0.T\",\n                    {\n                      \"mc\": \"<=118\"\n                    }\n                  ]\n                }\n              ]\n            }\n          ]\n        }\n      ],\n      \"url\": \"https://p80jdbbj7p59-89.d4l9fcpi5-4t87222h6y2fzo27awbo639f5rr0v8kt6gqp7.6i2ko3299.6c7lw2kpudkr8osqdcgg512ep4oozqi084xkxl-ohrkg94.fccbfic66y6hfidgppbffdcef8h8dceod-1do5af9e3ad5e6n.yza/C48//*f,l\",\n      \"info\": \"\",\n      \"isSelectable\": true,\n      \"e^#1]p.,1d\": {\n        \"name\": \"=F\",\n        \"ay\": 2004,\n        \"assign\": \"qipb=[\",\n        \"match\": [\n          {\n            \"or\": [\n              {\n                \"and\": [\n                  \"FDU40*\",\n                  {\n                    \"and\": []\n                  },\n                  \"CMQ0066Q\",\n                  {\n                    \"and\": [\n                      \"MHI7\",\n                      \"YVPx\",\n                      {\n                        \"or\": [\n                          \"JA792K\",\n                          \"MQ9P\",\n                          {\n                            \"pattern\": \"JMQ3\",\n                            \"info\": \"0GSF'{uq&\"\n                          }\n                        ]\n                      },\n                      \"NTT*\",\n                      {\n                        \"and\": []\n                      }\n                    ]\n                  },\n                  \"HF6x16\"\n                ]\n              },\n              {\n                \"or\": [\n                  \"ZQ556\",\n                  \"IR2*73\",\n                  \"UIx3\"\n                ]\n              },\n              {\n                \"and\": [\n                  \"GC97x\",\n                  \"VUD9U\",\n                  {\n                    \"or\": [\n                      {\n                        \"pattern\": \"JN055\",\n                        \"info\": \"Mv<m0oub\"\n                      },\n                      {\n                        \"or\": [\n                          \"HTD1R\",\n                          \"JZX478\",\n                          \"VW78\",\n                          {\n                            \"and\": [\n                              \"PFJ89\",\n                              \"FBI33B\"\n                            ]\n                          }\n                        ]\n                      },\n                      {\n                        \"pattern\": \"DTF17x4\",\n                        \"exclude\": \"JE5427V\"\n                      },\n                      \"ZSI6x32\",\n                      \"XTS003E\"\n                    ]\n                  },\n                  {\n                    \"and\": [\n                      \"MM1\",\n                      {\n                        \"and\": []\n                      },\n                      \"WF914\",\n                      {\n                        \"and\": [\n                          \"MUW6x71Y\",\n                          \"OBG9\"\n                        ]\n                      },\n                      \"FIO8x\"\n                    ]\n                  },\n                  \"DRM4\"\n                ]\n              },\n              \"KG135B\"\n            ]\n          },\n          {\n            \"and\": [\n              \"VK3J\",\n              {\n                \"pattern\": \"CVO3*xA\",\n                \"exclude\": [],\n                \"info\": \"<PE?q-\"\n              },\n              {\n                \"and\": [\n                  {\n                    \"pattern\": \"EQZ83Q\",\n                    \"exclude\": \"YFx0\",\n                    \"info\": \"##(\"\n                  },\n                  \"CZ711B\"\n                ]\n              },\n              {\n                \"or\": []\n              },\n              {\n                \"pattern\": \"OJU8*08W\",\n                \"exclude\": [\n                  \"EBF4*2P\",\n                  \"LXG026L\",\n                  \"YMVx2*3R\",\n                  \"IE9*9E\"\n                ],\n                \"info\": \"5~0eQCkR\"\n              }\n            ]\n          },\n          {\n            \"or\": []\n          },\n          {\n            \"or\": [\n              {\n                \"pattern\": \"WDO*\",\n                \"exclude\": \"IW47\",\n                \"info\": \"dm:\\\\WvZ\"\n              },\n              \"SZC38C\",\n              {\n                \"and\": [\n                  \"XXG30R\",\n                  {\n                    \"or\": [\n                      \"XQ3\",\n                      {\n                        \"or\": [\n                          {\n                            \"pattern\": \"ITC6xx8\",\n                            \"info\": \"A!vt\"\n                          },\n                          \"FNE1Y\",\n                          \"OMN34xL\"\n                        ]\n                      }\n                    ]\n                  },\n                  \"JJ801*A\",\n                  \"QN43X\",\n                  \"VJ9555X\"\n                ]\n              },\n              {\n                \"and\": [\n                  \"MWL4\",\n                  {\n                    \"and\": [\n                      \"BKJ03G\",\n                      {\n                        \"and\": []\n                      },\n                      \"TKJ482\"\n                    ]\n                  },\n                  \"ECM75x\",\n                  {\n                    \"and\": []\n                  },\n                  {\n                    \"and\": [\n                      \"ME98\",\n                      \"ZL*06x\"\n                    ]\n                  }\n                ]\n              }\n            ]\n          },\n          \"LKXx25U\"\n        ],\n        \"satisfy\": {\n          \"and\": [\n            \"'<`='\",\n            {\n              \"and\": [\n                \"2!@W^`\"\n              ]\n            },\n            {\n              \"mc\": \">=182\"\n            },\n            {\n              \"or\": [\n                \"bj@~N'H+j3\"\n              ]\n            }\n          ]\n        },\n        \"url\": \"http://2gdzscdmtddsf1s7fg2znyob2y18hlp0ci7cl5-ezrg1dkwm6ve2ip3zlknpy.qqhkspajac/nUk%F1%83%B8%83E%F2%9D%8C%B85V%F0%98%A8%8A/=;2)!GyCw/(n%F1%B2%BA%99/C$=~AR%F2%BD%A9%90%F0%9B%AD%89@z\",\n        \"info\": \"@.gz\",\n        \"isSelectable\": true\n      },\n      \"\\\"\\\"cY|eg? 1\": {\n        \"name\": \"k]tW\",\n        \"ay\": 1970,\n        \"assign\": [\n          \"i-kg!\",\n          \".~s)-\"\n        ],\n        \"match\": [\n          {\n            \"pattern\": \"HU*63*M\",\n            \"exclude\": [\n              \"LK*J\",\n              \"EHX509C\",\n              \"UKR7678U\",\n              \"PB780\",\n              \"BLB05A\"\n            ],\n            \"info\": \"W|_\"\n          }\n        ],\n        \"satisfy\": [\n          {\n            \"or\": [\n              \"\",\n              {\n                \"or\": [\n                  {\n                    \"mc\": \">=132\"\n                  }\n                ]\n              },\n              {\n                \"or\": [\n                  {\n                    \"mc\": \"<=72\"\n                  },\n                  {\n                    \"and\": [\n                      \"_1~k\",\n                      {\n                        \"and\": [\n                          {\n                            \"and\": []\n                          },\n                          \"q\",\n                          \"/,Ynwxi5J\",\n                          \"2C{]A\",\n                          \"OUy$dQZ2\"\n                        ]\n                      },\n                      {\n                        \"mc\": \">=37\"\n                      },\n                      {\n                        \"or\": [\n                          \"N|c:F8{'37\",\n                          \"$I(\",\n                          {\n                            \"or\": []\n                          },\n                          \"i\\\\pr>\",\n                          {\n                            \"or\": [\n                              \"P|\",\n                              \"Lp0ZjW]c\"\n                            ]\n                          }\n                        ]\n                      }\n                    ]\n                  }\n                ]\n              },\n              {\n                \"and\": []\n              },\n              \"@6)j*//n\"\n            ]\n          },\n          {\n            \"or\": [\n              {\n                \"and\": [\n                  \"//U#\",\n                  {\n                    \"or\": [\n                      \"sqwe'8\",\n                      \"yc(\"\n                    ]\n                  },\n                  \"_DYa'\",\n                  {\n                    \"or\": [\n                      \"\",\n                      \"d%\",\n                      \"'JyYv:H\",\n                      \"\"\n                    ]\n                  }\n                ]\n              },\n              {\n                \"and\": [\n                  {\n                    \"mc\": \"<=44\"\n                  },\n                  {\n                    \"and\": []\n                  },\n                  \"+ob%@y-\"\n                ]\n              }\n            ]\n          }\n        ],\n        \"url\": \"http://nurnw84wxwws31twmj4hqy8iooxcb.6.36zs1p12oiwjko7ozi4l.25dtyuefpnrvt7ll65lztzh0xc32zzlkla6lfs13r5.b912vwf4d1m43.vwysyzbjlv/zS;gI)/!1zz%F3%AC%8D%8Bta~/m$%F0%A9%BD%98/'8L/Wq+.-\",\n        \"info\": \"e|  {t\",\n        \"isSelectable\": true\n      }\n    }\n  },\n  {\n    \"title\": \"block sample 5\",\n    \"value\": {\n      \"name\": \"4ag5gJTSj\",\n      \"ay\": 1978,\n      \"assign\": \"E&%%t\\\"c#\",\n      \"satisfy\": {\n        \"and\": [\n          {\n            \"or\": [\n              \"zQ&X@5KHV.\",\n              \"4\"\n            ]\n          }\n        ]\n      },\n      \"info\": \"S7\",\n      \"isSelectable\": true\n    }\n  },\n  {\n    \"title\": \"block sample 6\",\n    \"value\": {\n      \"name\": \"B\",\n      \"ay\": 2012,\n      \"match\": \"KYP747\",\n      \"satisfy\": {\n        \"and\": [\n          {\n            \"mc\": \"<=86\"\n          }\n        ]\n      },\n      \"url\": \"http://ba.g5ae28.fc/bbc/y=UD4//_v//%F1%AA%AF%A3%F3%84%AE%B8L%F0%9F%88%B6%F0%B8%99%87/%F1%93%B0%833FDf4/8%F3%8C%AC%9D/dgef:cr/bgf\",\n      \"isSelectable\": true\n    }\n  },\n  {\n    \"title\": \"block sample 7\",\n    \"value\": {\n      \"name\": \"3+mCSO\",\n      \"ay\": 1953,\n      \"match\": {\n        \"and\": [\n          {\n            \"pattern\": \"JF379\",\n            \"exclude\": [\n              \"ORA9\",\n              \"EM7D\"\n            ],\n            \"info\": \"\"\n          },\n          \"HXU25\"\n        ]\n      },\n      \"satisfy\": [\n        {\n          \"and\": [\n            \"\",\n            {\n              \"or\": []\n            },\n            \"\"\n          ]\n        }\n      ],\n      \"url\": \"http://kj85kw9boe0ija383t5kc51.xlz902fibsdqr6dcf7bur07dh092x5tlnata77iem1ar.aep/C%F4%86%86%879\",\n      \"info\": \"4r3_\",\n      \"isSelectable\": true,\n      \"NP-\\\\s;TZU@\": {\n        \"name\": \"\\\"v{*d~F\",\n        \"ay\": 1950,\n        \"assign\": [],\n        \"match\": {\n          \"and\": []\n        },\n        \"satisfy\": \"|\\\"y2/$!f\",\n        \"url\": \"http://3d.tveg47l66pm0zdlvlnresegzmrqslp57ov.7.ojgo\",\n        \"info\": \"3?#4\"\n      },\n      \"\": {\n        \"name\": \"zyy\",\n        \"ay\": 2027,\n        \"url\": \"https://ucctsk4eje7492-54d4alrqs55yms95vz4.zesnmkimfm.cqbu/q'.!eq0m2T/b(aHw%F3%8E%90%8Dih/+RFHt%F3%89%8A%874J_/ly/mR3'Jw%F2%91%A2%BB\",\n        \"info\": \"\",\n        \"isSelectable\": true,\n        \"%V~\": {\n          \"name\": \" !y{Qq^\",\n          \"ay\": 1960,\n          \"assign\": [\n            \"Qy$\"\n          ],\n          \"match\": [\n            {\n              \"and\": [\n                {\n                  \"pattern\": \"WZD752\",\n                  \"exclude\": \"RQ*\",\n                  \"info\": \"+|\"\n                },\n                {\n                  \"and\": [\n                    {\n                      \"or\": [\n                        \"YC1xT\",\n                        \"BUD9057\",\n                        {\n                          \"and\": [\n                            \"GGZ96D\"\n                          ]\n                        },\n                        {\n                          \"pattern\": \"WQB8xR\",\n                          \"exclude\": \"BLN8I\",\n                          \"info\": \"^L~Bi=\"\n                        },\n                        \"FGHx7D\"\n                      ]\n                    }\n                  ]\n                },\n                {\n                  \"or\": []\n                },\n                {\n                  \"pattern\": \"ER611\",\n                  \"exclude\": \"LRY3\"\n                },\n                {\n                  \"pattern\": \"BUx1\",\n                  \"exclude\": \"IZx2P\",\n                  \"info\": \"\"\n                }\n              ]\n            },\n            {\n              \"and\": [\n                \"NZ9x*1\",\n                {\n                  \"pattern\": \"OAx567J\",\n                  \"exclude\": \"LU*6\",\n                  \"info\": \"\"\n                },\n                \"GA32\",\n                {\n                  \"or\": []\n                }\n              ]\n            },\n            {\n              \"pattern\": \"LH1\",\n              \"exclude\": [\n                \"IX11*M\",\n                \"KBN791W\",\n                \"GO89\",\n                \"UO9Y\",\n                \"CY7\"\n              ],\n              \"info\": \"&\\\"x\\\"\"\n            },\n            {\n              \"pattern\": \"DKL1J\",\n              \"exclude\": \"WX70N\",\n              \"info\": \"$mDQMP\\\"\"\n            }\n          ],\n          \"info\": \"\",\n          \"isSelectable\": true\n        },\n        \"!= \": {\n          \"name\": \"% !\",\n          \"ay\": 2029,\n          \"assign\": [\n            \"v^hY\",\n            \"da2J23]\",\n            \"zoeqV\"\n          ],\n          \"match\": [\n            \"OR7R\",\n            \"PL9619R\",\n            {\n              \"pattern\": \"GKN0F\",\n              \"info\": \"0/NHl,'\"\n            },\n            {\n              \"or\": []\n            }\n          ],\n          \"satisfy\": [\n            {\n              \"and\": [\n                {\n                  \"and\": [\n                    \"VE^E\",\n                    {\n                      \"or\": [\n                        {\n                          \"or\": [\n                            {\n                              \"and\": []\n                            },\n                            \"w3(?\",\n                            \"x3b^LD\",\n                            {\n                              \"mc\": \">=163\"\n                            },\n                            \"`T%Pp\"\n                          ]\n                        },\n                        {\n                          \"and\": []\n                        }\n                      ]\n                    },\n                    {\n                      \"mc\": \"<=46\"\n                    },\n                    \";p0[]U*Fs]\",\n                    \"u\"\n                  ]\n                },\n                {\n                  \"and\": [\n                    {\n                      \"or\": [\n                        {\n                          \"or\": []\n                        },\n                        \")%\",\n                        \"Z_@rxkoYf|\",\n                        \"  \",\n                        {\n                          \"mc\": \">=124\"\n                        }\n                      ]\n                    },\n                    {\n                      \"or\": [\n                        \"f6,86S@\",\n                        {\n                          \"mc\": \"<=42\"\n                        },\n                        \",OUF\"\n                      ]\n                    },\n                    {\n                      \"mc\": \"<=98\"\n                    }\n                  ]\n                }\n              ]\n            },\n            {\n              \"or\": []\n            },\n            {\n              \"mc\": \">=170\"\n            }\n          ],\n          \"url\": \"https://ne997naz41u81bmw7i3oqava3umeiba98-lc5oe.cdbd/pCqZMFBFi./b+)F/'4/HuV8\",\n          \"info\": \"V\",\n          \"isSelectable\": true\n        }\n      },\n      \"$#{Fg{}\": {\n        \"name\": \",\\\"Gcpf\",\n        \"ay\": 1965,\n        \"assign\": [\n          \"WoW{e,[~K\",\n          \"q\"\n        ],\n        \"satisfy\": {\n          \"and\": [\n            {\n              \"mc\": \"<=62\"\n            },\n            {\n              \"mc\": \">=196\"\n            },\n            {\n              \"and\": []\n            },\n            {\n              \"mc\": \"<=69\"\n            }\n          ]\n        },\n        \"url\": \"http://fa9tuhhblb4122eelxaegrd.exs13jiu-d.xy\",\n        \"info\": \":LT[>\",\n        \"isSelectable\": true\n      }\n    }\n  },\n  {\n    \"title\": \"block sample 8\",\n    \"value\": {\n      \"name\": \"#V\",\n      \"satisfy\": {\n        \"mc\": \">=29\"\n      },\n      \"url\": \"http://b.bv9b9ylplcybpziv16fgz6a6frs6mzg5o2s7.bhg/k=/f%33/U!~/M/e@b\",\n      \"info\": \"$\",\n      \"isSelectable\": true\n    }\n  },\n  {\n    \"title\": \"block sample 9\",\n    \"value\": {\n      \"ay\": 2029,\n      \"assign\": [\n        \"47QUk\",\n        \"\\\\aZ:k~EQ){\"\n      ],\n      \"match\": {\n        \"or\": [\n          {\n            \"pattern\": \"JEL53x4\",\n            \"exclude\": [],\n            \"info\": \"!mfi$rSpl\"\n          },\n          \"CKN8\"\n        ]\n      },\n      \"satisfy\": [\n        \"<YsbCG\",\n        {\n          \"mc\": \">=32\"\n        },\n        {\n          \"mc\": \">=7\"\n        },\n        {\n          \"and\": []\n        }\n      ],\n      \"url\": \"http://i7hwvy2je1ap1mco53n.tdrtmfox11mwuzo6hyyodq.a-7z7ksovkfjk47fz1cqawj1hg.hzrpzc\",\n      \"info\": \".{]# \",\n      \"isSelectable\": true\n    }\n  }\n]",
              "code": "fast_check_1.sample(index_test_2.block, 10).forEach((sample, i) => addContext_1.default(this, {\n    title: `block sample ${i}`,\n    value: sample,\n}));\nreturn fast_check_1.assert(fast_check_1.property(index_test_2.block, ajvValidate));",
              "err": {},
              "uuid": "b63c0108-e045-4a85-8693-b2b3568f8de1",
              "parentUUID": "7c03f451-eb20-4cd8-b0d9-8568609263dd",
              "isHook": false,
              "skipped": false
            },
            {
              "title": "should not validate non-object",
              "fullTitle": "blockSchema should not validate non-object",
              "timedOut": false,
              "duration": 1,
              "state": "passed",
              "speed": "fast",
              "pass": true,
              "fail": false,
              "pending": false,
              "context": null,
              "code": "const error = {\n    instancePath: \"\",\n    message: \"block should be an object\",\n};\nisInvalidBlock(null, error);\nisInvalidBlock(undefined, error);\nisInvalidBlock(10, error);\nisInvalidBlock([12, 24], error);\nisInvalidBlock(\"abc\", error);",
              "err": {},
              "uuid": "3ceb6af2-862a-44a7-b91e-aee18708f1ff",
              "parentUUID": "7c03f451-eb20-4cd8-b0d9-8568609263dd",
              "isHook": false,
              "skipped": false
            },
            {
              "title": "should not validate block with invalid properties",
              "fullTitle": "blockSchema should not validate block with invalid properties",
              "timedOut": false,
              "duration": 0,
              "state": "passed",
              "speed": "fast",
              "pass": true,
              "fail": false,
              "pending": false,
              "context": null,
              "code": "isInvalidBlock({\n        name: { foo: \"bar\" },\n        ay: -1000,\n        assign: {},\n        match: 1,\n        satisfy: 2,\n        url: { abc: \"def\" },\n        info: 42,\n        isSelectable: 32,\n    }, { instancePath: \"/name\", message: \"property 'name' should be a string\" }, {\n        instancePath: \"/ay\",\n        message: \"property 'ay' should be a positive integer\",\n    }, {\n        instancePath: \"/assign\",\n        message: \"property 'assign' should be either a block ID or an array of block IDs\",\n    }, {\n        instancePath: \"/match\",\n        message: \"property 'match' should be either a match rule or an array of match rules\",\n    }, {\n        instancePath: \"/satisfy\",\n        message: \"property 'satisfy' should be either a satisfy rule or an array of satisfy rules\",\n    }, { instancePath: \"/url\", message: \"property 'url' should be a string\" }, { instancePath: \"/info\", message: \"property 'info' should be a string\" }, {\n        instancePath: \"/isSelectable\",\n        message: \"property 'isSelectable' should be a boolean\",\n    })",
              "err": {},
              "uuid": "00655c71-111f-45fb-9c90-8bf10974b54a",
              "parentUUID": "7c03f451-eb20-4cd8-b0d9-8568609263dd",
              "isHook": false,
              "skipped": false
            }
          ],
          "suites": [],
          "passes": [
            "b63c0108-e045-4a85-8693-b2b3568f8de1",
            "3ceb6af2-862a-44a7-b91e-aee18708f1ff",
            "00655c71-111f-45fb-9c90-8bf10974b54a"
          ],
          "failures": [],
          "pending": [],
          "skipped": [],
          "duration": 153,
          "root": false,
          "rootEmpty": false,
          "_timeout": 2000
        },
        {
          "uuid": "96996a6d-2ffc-46d2-ba78-fedd0ae2b222",
          "title": "patternToRE",
          "fullFile": "/home/runner/work/planwithus-lib/planwithus-lib/src/matchRule/pattern/satisfiers.test.ts",
          "file": "/src/matchRule/pattern/satisfiers.test.ts",
          "beforeHooks": [],
          "afterHooks": [],
          "tests": [
            {
              "title": "should match valid modules with a single pattern",
              "fullTitle": "patternToRE should match valid modules with a single pattern",
              "timedOut": false,
              "duration": 12,
              "state": "passed",
              "speed": "fast",
              "pass": true,
              "fail": false,
              "pending": false,
              "context": "[\n  {\n    \"title\": \"patternExampleList sample 0\",\n    \"value\": [\n      \"HI92R\",\n      [\n        \"HI92R\"\n      ]\n    ]\n  },\n  {\n    \"title\": \"patternExampleList sample 1\",\n    \"value\": [\n      \"MQ4\",\n      [\n        \"MQ4\"\n      ]\n    ]\n  },\n  {\n    \"title\": \"patternExampleList sample 2\",\n    \"value\": [\n      \"WZJ7738P\",\n      [\n        \"WZJ7738P\"\n      ]\n    ]\n  },\n  {\n    \"title\": \"patternExampleList sample 3\",\n    \"value\": [\n      \"ZB4\",\n      [\n        \"ZB4\"\n      ]\n    ]\n  },\n  {\n    \"title\": \"patternExampleList sample 4\",\n    \"value\": [\n      \"AV3S\",\n      [\n        \"AV3S\"\n      ]\n    ]\n  },\n  {\n    \"title\": \"patternExampleList sample 5\",\n    \"value\": [\n      \"WX51\",\n      [\n        \"WX51\"\n      ]\n    ]\n  },\n  {\n    \"title\": \"patternExampleList sample 6\",\n    \"value\": [\n      \"JB*99\",\n      [\n        \"JBEXHSL99\",\n        \"JB87I99\",\n        \"JBDY799\",\n        \"JB99\"\n      ]\n    ]\n  },\n  {\n    \"title\": \"patternExampleList sample 7\",\n    \"value\": [\n      \"MSM73V\",\n      [\n        \"MSM73V\"\n      ]\n    ]\n  },\n  {\n    \"title\": \"patternExampleList sample 8\",\n    \"value\": [\n      \"VM8\",\n      [\n        \"VM8\"\n      ]\n    ]\n  },\n  {\n    \"title\": \"patternExampleList sample 9\",\n    \"value\": [\n      \"OKT0x77K\",\n      [\n        \"OKT0477K\",\n        \"OKT0877K\",\n        \"OKT0777K\",\n        \"OKT0977K\"\n      ]\n    ]\n  }\n]",
              "code": "fast_check_1.sample(index_test_1.patternExampleList, 10).forEach((sample, i) => addContext_1.default(this, {\n    title: `patternExampleList sample ${i}`,\n    value: sample,\n}));\nreturn fast_check_1.assert(fast_check_1.property(index_test_1.patternExampleList, ([patternStr, examples]) => {\n    const re = _1.patternToRE(patternStr);\n    return examples.every(re.test.bind(re));\n}));",
              "err": {},
              "uuid": "f1a36d1d-7cec-4548-b344-c126c9f85ee6",
              "parentUUID": "96996a6d-2ffc-46d2-ba78-fedd0ae2b222",
              "isHook": false,
              "skipped": false
            },
            {
              "title": "should match valid modules with multiple patterns",
              "fullTitle": "patternToRE should match valid modules with multiple patterns",
              "timedOut": false,
              "duration": 54,
              "state": "passed",
              "speed": "medium",
              "pass": true,
              "fail": false,
              "pending": false,
              "context": "[\n  {\n    \"title\": \"patternExampleListArray sample 0\",\n    \"value\": [\n      [\n        \"OLx\",\n        [\n          \"OL1\",\n          \"OL8\",\n          \"OL9\",\n          \"OL0\",\n          \"OL6\",\n          \"OL2\",\n          \"OL3\",\n          \"OL7\",\n          \"OL4\"\n        ]\n      ],\n      [\n        \"UKK75U\",\n        [\n          \"UKK75U\"\n        ]\n      ],\n      [\n        \"TGR42G\",\n        [\n          \"TGR42G\"\n        ]\n      ],\n      [\n        \"NZ8\",\n        [\n          \"NZ8\"\n        ]\n      ],\n      [\n        \"PBI5\",\n        [\n          \"PBI5\"\n        ]\n      ],\n      [\n        \"LFC1\",\n        [\n          \"LFC1\"\n        ]\n      ],\n      [\n        \"QNx23F\",\n        [\n          \"QN823F\",\n          \"QN723F\",\n          \"QN023F\",\n          \"QN123F\",\n          \"QN323F\",\n          \"QN923F\",\n          \"QN623F\",\n          \"QN223F\",\n          \"QN423F\",\n          \"QN523F\"\n        ]\n      ]\n    ]\n  },\n  {\n    \"title\": \"patternExampleListArray sample 1\",\n    \"value\": [\n      [\n        \"RNIx987X\",\n        [\n          \"RNI8987X\",\n          \"RNI7987X\",\n          \"RNI5987X\",\n          \"RNI9987X\",\n          \"RNI4987X\",\n          \"RNI6987X\",\n          \"RNI1987X\"\n        ]\n      ],\n      [\n        \"SUS*864\",\n        [\n          \"SUSXZ4VKV864\",\n          \"SUS83LQWVH864\",\n          \"SUSX8Y864\",\n          \"SUS5R864\",\n          \"SUSGYF6I5W3864\",\n          \"SUSYOE4O76864\",\n          \"SUSLAHLD864\",\n          \"SUS864\",\n          \"SUSK864\"\n        ]\n      ],\n      [\n        \"VKT6S\",\n        [\n          \"VKT6S\"\n        ]\n      ],\n      [\n        \"XTH82x\",\n        [\n          \"XTH822\",\n          \"XTH823\",\n          \"XTH825\",\n          \"XTH828\",\n          \"XTH820\",\n          \"XTH826\",\n          \"XTH829\",\n          \"XTH824\",\n          \"XTH821\"\n        ]\n      ],\n      [\n        \"LX4747X\",\n        [\n          \"LX4747X\"\n        ]\n      ]\n    ]\n  },\n  {\n    \"title\": \"patternExampleListArray sample 2\",\n    \"value\": [\n      [\n        \"OUx26\",\n        [\n          \"OU626\",\n          \"OU526\"\n        ]\n      ],\n      [\n        \"PH4060\",\n        [\n          \"PH4060\"\n        ]\n      ],\n      [\n        \"DA59*7\",\n        [\n          \"DA597\",\n          \"DA59ZLN6OE7\",\n          \"DA59BQCS6V37\",\n          \"DA590Q84TWR7\",\n          \"DA59A7\",\n          \"DA594H7\",\n          \"DA59A73XOE7\",\n          \"DA59AA2ZU147\",\n          \"DA5943H7\"\n        ]\n      ],\n      [\n        \"GQ31\",\n        [\n          \"GQ31\"\n        ]\n      ]\n    ]\n  },\n  {\n    \"title\": \"patternExampleListArray sample 3\",\n    \"value\": [\n      [\n        \"GE05\",\n        [\n          \"GE05\"\n        ]\n      ],\n      [\n        \"HCPx\",\n        [\n          \"HCP6\",\n          \"HCP3\",\n          \"HCP8\",\n          \"HCP5\",\n          \"HCP0\",\n          \"HCP2\",\n          \"HCP9\",\n          \"HCP7\"\n        ]\n      ],\n      [\n        \"NY6614L\",\n        [\n          \"NY6614L\"\n        ]\n      ],\n      [\n        \"CHW1*9x\",\n        [\n          \"CHW1XXW89PMR91\",\n          \"CHW173QZ91\",\n          \"CHW1DZ799\",\n          \"CHW1I92\",\n          \"CHW1VA9DJKA694\",\n          \"CHW19A92\",\n          \"CHW113L6EN95\",\n          \"CHW1H2YS834F92\",\n          \"CHW1YJWIHTN98\",\n          \"CHW1J3W5DWWE93\",\n          \"CHW195\"\n        ]\n      ],\n      [\n        \"PEY2\",\n        [\n          \"PEY2\"\n        ]\n      ],\n      [\n        \"HT2936\",\n        [\n          \"HT2936\"\n        ]\n      ],\n      [\n        \"FZ308\",\n        [\n          \"FZ308\"\n        ]\n      ],\n      [\n        \"RZ0x16L\",\n        [\n          \"RZ0116L\",\n          \"RZ0316L\",\n          \"RZ0216L\",\n          \"RZ0616L\",\n          \"RZ0516L\",\n          \"RZ0416L\",\n          \"RZ0716L\",\n          \"RZ0016L\",\n          \"RZ0816L\",\n          \"RZ0916L\"\n        ]\n      ],\n      [\n        \"ABO1C\",\n        [\n          \"ABO1C\"\n        ]\n      ],\n      [\n        \"EZx9J\",\n        [\n          \"EZ39J\",\n          \"EZ79J\",\n          \"EZ59J\",\n          \"EZ49J\",\n          \"EZ09J\",\n          \"EZ29J\",\n          \"EZ19J\"\n        ]\n      ],\n      [\n        \"IL448B\",\n        [\n          \"IL448B\"\n        ]\n      ],\n      [\n        \"UIO6140J\",\n        [\n          \"UIO6140J\"\n        ]\n      ]\n    ]\n  },\n  {\n    \"title\": \"patternExampleListArray sample 4\",\n    \"value\": [\n      [\n        \"WN2xM\",\n        [\n          \"WN21M\",\n          \"WN24M\",\n          \"WN20M\",\n          \"WN27M\",\n          \"WN25M\",\n          \"WN28M\",\n          \"WN22M\",\n          \"WN23M\"\n        ]\n      ]\n    ]\n  },\n  {\n    \"title\": \"patternExampleListArray sample 5\",\n    \"value\": [\n      [\n        \"PJxX\",\n        [\n          \"PJ5X\",\n          \"PJ9X\",\n          \"PJ1X\"\n        ]\n      ],\n      [\n        \"SCD27*1\",\n        [\n          \"SCD271\",\n          \"SCD27TNOK1\"\n        ]\n      ],\n      [\n        \"OW253H\",\n        [\n          \"OW253H\"\n        ]\n      ],\n      [\n        \"VNA1x\",\n        [\n          \"VNA17\",\n          \"VNA15\",\n          \"VNA12\"\n        ]\n      ],\n      [\n        \"BW3x0\",\n        [\n          \"BW310\",\n          \"BW380\",\n          \"BW340\"\n        ]\n      ]\n    ]\n  },\n  {\n    \"title\": \"patternExampleListArray sample 6\",\n    \"value\": [\n      [\n        \"DRx13V\",\n        [\n          \"DR613V\",\n          \"DR713V\",\n          \"DR113V\",\n          \"DR413V\",\n          \"DR313V\"\n        ]\n      ],\n      [\n        \"SF3\",\n        [\n          \"SF3\"\n        ]\n      ]\n    ]\n  },\n  {\n    \"title\": \"patternExampleListArray sample 7\",\n    \"value\": [\n      [\n        \"AGC5U\",\n        [\n          \"AGC5U\"\n        ]\n      ],\n      [\n        \"OIT6\",\n        [\n          \"OIT6\"\n        ]\n      ],\n      [\n        \"HZ866\",\n        [\n          \"HZ866\"\n        ]\n      ],\n      [\n        \"HKS1\",\n        [\n          \"HKS1\"\n        ]\n      ],\n      [\n        \"AQ9\",\n        [\n          \"AQ9\"\n        ]\n      ],\n      [\n        \"LRP255\",\n        [\n          \"LRP255\"\n        ]\n      ],\n      [\n        \"GH0899\",\n        [\n          \"GH0899\"\n        ]\n      ],\n      [\n        \"OWC86R\",\n        [\n          \"OWC86R\"\n        ]\n      ],\n      [\n        \"DGC8\",\n        [\n          \"DGC8\"\n        ]\n      ],\n      [\n        \"FXD720\",\n        [\n          \"FXD720\"\n        ]\n      ],\n      [\n        \"CAx8*T\",\n        [\n          \"CA181V4T\",\n          \"CA68RAOJJT\",\n          \"CA587K4PDNYWT\",\n          \"CA98YH6DBUM7T\",\n          \"CA78GLA6RBVT\",\n          \"CA68CRJJT\",\n          \"CA88N2T\",\n          \"CA88T\",\n          \"CA38VT\"\n        ]\n      ]\n    ]\n  },\n  {\n    \"title\": \"patternExampleListArray sample 8\",\n    \"value\": [\n      [\n        \"CXY8*59B\",\n        [\n          \"CXY8G559B\"\n        ]\n      ],\n      [\n        \"ZT446xM\",\n        [\n          \"ZT4469M\",\n          \"ZT4461M\",\n          \"ZT4466M\"\n        ]\n      ],\n      [\n        \"JV*\",\n        [\n          \"JVIH05JS6\",\n          \"JVLOIG\",\n          \"JV7\",\n          \"JVUO\",\n          \"JV77LKKQ\",\n          \"JVUNO\",\n          \"JVKAYTPHW\",\n          \"JVXPZO\",\n          \"JVK\"\n        ]\n      ]\n    ]\n  },\n  {\n    \"title\": \"patternExampleListArray sample 9\",\n    \"value\": [\n      [\n        \"WU92\",\n        [\n          \"WU92\"\n        ]\n      ],\n      [\n        \"NG10\",\n        [\n          \"NG10\"\n        ]\n      ],\n      [\n        \"JZ8\",\n        [\n          \"JZ8\"\n        ]\n      ],\n      [\n        \"TZ4x\",\n        [\n          \"TZ43\",\n          \"TZ46\",\n          \"TZ47\",\n          \"TZ48\",\n          \"TZ42\",\n          \"TZ45\",\n          \"TZ49\",\n          \"TZ41\",\n          \"TZ40\"\n        ]\n      ],\n      [\n        \"SYR9x8\",\n        [\n          \"SYR968\",\n          \"SYR948\"\n        ]\n      ]\n    ]\n  }\n]",
              "code": "const patternExampleListArray = fast_check_1.array(index_test_1.patternExampleList, { minLength: 1 });\nfast_check_1.sample(patternExampleListArray, 10).forEach((sample, i) => addContext_1.default(this, {\n    title: `patternExampleListArray sample ${i}`,\n    value: sample,\n}));\nreturn fast_check_1.assert(fast_check_1.property(patternExampleListArray, (ts) => {\n    const re = _1.patternToRE(...ts.map(([patternStr]) => patternStr));\n    return ts\n        .map(([, examples]) => examples)\n        .flat()\n        .every(re.test.bind(re));\n}));",
              "err": {},
              "uuid": "fbabf077-2fee-4cc9-b596-7148f0cfc29f",
              "parentUUID": "96996a6d-2ffc-46d2-ba78-fedd0ae2b222",
              "isHook": false,
              "skipped": false
            },
            {
              "title": "should not match x to non-number",
              "fullTitle": "patternToRE should not match x to non-number",
              "timedOut": false,
              "duration": 0,
              "state": "passed",
              "speed": "fast",
              "pass": true,
              "fail": false,
              "pending": false,
              "context": null,
              "code": "const re = _1.patternToRE(\"x\");\n[\"A\", \"Z\", \"c\", \"#\"].forEach((example) => isInvalidExample(re, example));",
              "err": {},
              "uuid": "1496f21e-3bc9-4a57-9435-b351abcaf776",
              "parentUUID": "96996a6d-2ffc-46d2-ba78-fedd0ae2b222",
              "isHook": false,
              "skipped": false
            },
            {
              "title": "should not match * to a substring composed of characters other than A-Z and 0-9",
              "fullTitle": "patternToRE should not match * to a substring composed of characters other than A-Z and 0-9",
              "timedOut": false,
              "duration": 0,
              "state": "passed",
              "speed": "fast",
              "pass": true,
              "fail": false,
              "pending": false,
              "context": null,
              "code": "const re = _1.patternToRE(\"*\");\n[\"c\", \"Ac\", \"cA\", \"0Ax\", \"x0A\", \"BA#\", \"#AB\"].forEach((example) => isInvalidExample(re, example));",
              "err": {},
              "uuid": "4fc88ff6-6a22-4c85-bd93-f789201da9dc",
              "parentUUID": "96996a6d-2ffc-46d2-ba78-fedd0ae2b222",
              "isHook": false,
              "skipped": false
            },
            {
              "title": "should not match substrings",
              "fullTitle": "patternToRE should not match substrings",
              "timedOut": false,
              "duration": 0,
              "state": "passed",
              "speed": "fast",
              "pass": true,
              "fail": false,
              "pending": false,
              "context": null,
              "code": "const re = _1.patternToRE(\"A*xC\");\n[\"A1CZ\", \"AC1CZ\", \"ZA1C\", \"ZAC1C\", \"ZA1CZ\", \"ZAC1CZ\"].forEach((example) => isInvalidExample(re, example));",
              "err": {},
              "uuid": "c3a29932-549c-4fad-a0a1-f3ad4b45360e",
              "parentUUID": "96996a6d-2ffc-46d2-ba78-fedd0ae2b222",
              "isHook": false,
              "skipped": false
            }
          ],
          "suites": [],
          "passes": [
            "f1a36d1d-7cec-4548-b344-c126c9f85ee6",
            "fbabf077-2fee-4cc9-b596-7148f0cfc29f",
            "1496f21e-3bc9-4a57-9435-b351abcaf776",
            "4fc88ff6-6a22-4c85-bd93-f789201da9dc",
            "c3a29932-549c-4fad-a0a1-f3ad4b45360e"
          ],
          "failures": [],
          "pending": [],
          "skipped": [],
          "duration": 66,
          "root": false,
          "rootEmpty": false,
          "_timeout": 2000
        },
        {
          "uuid": "683af53b-0ac1-4aa5-a5d1-95ecd24610a0",
          "title": "patternSatisfier",
          "fullFile": "/home/runner/work/planwithus-lib/planwithus-lib/src/matchRule/pattern/satisfiers.test.ts",
          "file": "/src/matchRule/pattern/satisfiers.test.ts",
          "beforeHooks": [],
          "afterHooks": [],
          "tests": [
            {
              "title": "should assign all modules with *",
              "fullTitle": "patternSatisfier should assign all modules with *",
              "timedOut": false,
              "duration": 1,
              "state": "passed",
              "speed": "fast",
              "pass": true,
              "fail": false,
              "pending": false,
              "context": null,
              "code": "const { assign } = satisfiers_1.patternSatisfier(ref, \"*\");\nisCorrectAssign(assign, modulesList1, modulesList1.map(([moduleStr]) => moduleStr));",
              "err": {},
              "uuid": "b4074931-4e1f-4d77-861b-2b1aab8bb7ad",
              "parentUUID": "683af53b-0ac1-4aa5-a5d1-95ecd24610a0",
              "isHook": false,
              "skipped": false
            },
            {
              "title": "should assign only valid modules with pattern containing *",
              "fullTitle": "patternSatisfier should assign only valid modules with pattern containing *",
              "timedOut": false,
              "duration": 0,
              "state": "passed",
              "speed": "fast",
              "pass": true,
              "fail": false,
              "pending": false,
              "context": null,
              "code": "const { assign } = satisfiers_1.patternSatisfier(ref, \"CS2*\");\nisCorrectAssign(assign, modulesList1, [\"CS2100\", \"CS2040S\", \"CS2030\"]);",
              "err": {},
              "uuid": "10ca961b-535c-4209-bf45-772c2966f56e",
              "parentUUID": "683af53b-0ac1-4aa5-a5d1-95ecd24610a0",
              "isHook": false,
              "skipped": false
            },
            {
              "title": "should assign only valid modules with pattern containing x",
              "fullTitle": "patternSatisfier should assign only valid modules with pattern containing x",
              "timedOut": false,
              "duration": 0,
              "state": "passed",
              "speed": "fast",
              "pass": true,
              "fail": false,
              "pending": false,
              "context": null,
              "code": "const { assign } = satisfiers_1.patternSatisfier(ref, \"CS20xx\");\nisCorrectAssign(assign, modulesList1, [\"CS2030\"]);",
              "err": {},
              "uuid": "1fbedf38-0d24-4e35-a58f-8e0520a12178",
              "parentUUID": "683af53b-0ac1-4aa5-a5d1-95ecd24610a0",
              "isHook": false,
              "skipped": false
            },
            {
              "title": "should assign only valid modules with pattern containing x and *",
              "fullTitle": "patternSatisfier should assign only valid modules with pattern containing x and *",
              "timedOut": false,
              "duration": 0,
              "state": "passed",
              "speed": "fast",
              "pass": true,
              "fail": false,
              "pending": false,
              "context": null,
              "code": "const { assign } = satisfiers_1.patternSatisfier(ref, \"CS20xx*\");\nisCorrectAssign(assign, modulesList1, [\"CS2040S\", \"CS2030\"]);",
              "err": {},
              "uuid": "a59f57a3-58f1-47b1-bc11-13a841f994f6",
              "parentUUID": "683af53b-0ac1-4aa5-a5d1-95ecd24610a0",
              "isHook": false,
              "skipped": false
            }
          ],
          "suites": [],
          "passes": [
            "b4074931-4e1f-4d77-861b-2b1aab8bb7ad",
            "10ca961b-535c-4209-bf45-772c2966f56e",
            "1fbedf38-0d24-4e35-a58f-8e0520a12178",
            "a59f57a3-58f1-47b1-bc11-13a841f994f6"
          ],
          "failures": [],
          "pending": [],
          "skipped": [],
          "duration": 1,
          "root": false,
          "rootEmpty": false,
          "_timeout": 2000
        },
        {
          "uuid": "c4bb7676-0937-4b95-bb34-4405d0aff3fe",
          "title": "patternSchema",
          "fullFile": "/home/runner/work/planwithus-lib/planwithus-lib/src/matchRule/pattern/schemas.test.ts",
          "file": "/src/matchRule/pattern/schemas.test.ts",
          "beforeHooks": [],
          "afterHooks": [],
          "tests": [
            {
              "title": "should validate non-empty pattern composed of A-Z, 0-9, x or *",
              "fullTitle": "patternSchema should validate non-empty pattern composed of A-Z, 0-9, x or *",
              "timedOut": false,
              "duration": 1,
              "state": "passed",
              "speed": "fast",
              "pass": true,
              "fail": false,
              "pending": false,
              "context": "[\n  {\n    \"title\": \"pattern sample 0\",\n    \"value\": \"BH0\"\n  },\n  {\n    \"title\": \"pattern sample 1\",\n    \"value\": \"WK7*\"\n  },\n  {\n    \"title\": \"pattern sample 2\",\n    \"value\": \"UN9\"\n  },\n  {\n    \"title\": \"pattern sample 3\",\n    \"value\": \"DZx3H\"\n  },\n  {\n    \"title\": \"pattern sample 4\",\n    \"value\": \"IU*914\"\n  },\n  {\n    \"title\": \"pattern sample 5\",\n    \"value\": \"VSL2\"\n  },\n  {\n    \"title\": \"pattern sample 6\",\n    \"value\": \"PN6*T\"\n  },\n  {\n    \"title\": \"pattern sample 7\",\n    \"value\": \"VIZ785\"\n  },\n  {\n    \"title\": \"pattern sample 8\",\n    \"value\": \"WL8\"\n  },\n  {\n    \"title\": \"pattern sample 9\",\n    \"value\": \"CS32G\"\n  }\n]",
              "code": "fast_check_1.sample(index_test_2.pattern, 10).forEach((sample, i) => addContext_1.default(this, {\n    title: `pattern sample ${i}`,\n    value: sample,\n}));\nreturn fast_check_1.assert(fast_check_1.property(index_test_2.pattern, ajvValidate), {\n    examples: [[\"*\"], [\"ACC1002\"], [\"IS1103\"], [\"CS1231S\"], [\"MA1102R\"]],\n});",
              "err": {},
              "uuid": "2f028d6d-c30d-4942-b097-b6c4e2cfd837",
              "parentUUID": "c4bb7676-0937-4b95-bb34-4405d0aff3fe",
              "isHook": false,
              "skipped": false
            },
            {
              "title": "should not validate empty pattern",
              "fullTitle": "patternSchema should not validate empty pattern",
              "timedOut": false,
              "duration": 0,
              "state": "passed",
              "speed": "fast",
              "pass": true,
              "fail": false,
              "pending": false,
              "context": null,
              "code": "isInvalidPattern(\"\")",
              "err": {},
              "uuid": "2fbc4b0c-0585-4e8c-85dd-44506e0f53a4",
              "parentUUID": "c4bb7676-0937-4b95-bb34-4405d0aff3fe",
              "isHook": false,
              "skipped": false
            },
            {
              "title": "should not validate pattern with invalid characters",
              "fullTitle": "patternSchema should not validate pattern with invalid characters",
              "timedOut": false,
              "duration": 0,
              "state": "passed",
              "speed": "fast",
              "pass": true,
              "fail": false,
              "pending": false,
              "context": null,
              "code": "[\"AB123a\", \"Ac123a\", \"AB123^S\", \"AB1*3^S\", \"$A1*3^S\", \"/A1x33S\"].forEach(isInvalidPattern)",
              "err": {},
              "uuid": "035bec4d-5ea2-4712-8548-373d773629c2",
              "parentUUID": "c4bb7676-0937-4b95-bb34-4405d0aff3fe",
              "isHook": false,
              "skipped": false
            }
          ],
          "suites": [],
          "passes": [
            "2f028d6d-c30d-4942-b097-b6c4e2cfd837",
            "2fbc4b0c-0585-4e8c-85dd-44506e0f53a4",
            "035bec4d-5ea2-4712-8548-373d773629c2"
          ],
          "failures": [],
          "pending": [],
          "skipped": [],
          "duration": 1,
          "root": false,
          "rootEmpty": false,
          "_timeout": 2000
        },
        {
          "uuid": "2392e4f1-f7dd-4515-ba05-102e2462df9a",
          "title": "patternMatchRuleSatisfier",
          "fullFile": "/home/runner/work/planwithus-lib/planwithus-lib/src/matchRule/satisfiers.test.ts",
          "file": "/src/matchRule/satisfiers.test.ts",
          "beforeHooks": [],
          "afterHooks": [],
          "tests": [
            {
              "title": "should assign only valid modules with pattern match rule containing no exclude patterns",
              "fullTitle": "patternMatchRuleSatisfier should assign only valid modules with pattern match rule containing no exclude patterns",
              "timedOut": false,
              "duration": 1,
              "state": "passed",
              "speed": "fast",
              "pass": true,
              "fail": false,
              "pending": false,
              "context": null,
              "code": "const { assign } = satisfiers_1.patternMatchRuleSatisfier(ref, { pattern: \"CS1xxx*\" });\nisCorrectAssign(assign, modulesList1, [\"CS1231\", \"CS1231S\"]);",
              "err": {},
              "uuid": "8a52523f-fed5-42a3-a2a5-1e45be1d537f",
              "parentUUID": "2392e4f1-f7dd-4515-ba05-102e2462df9a",
              "isHook": false,
              "skipped": false
            },
            {
              "title": "should assign only valid modules with pattern match rule containing an exclude pattern",
              "fullTitle": "patternMatchRuleSatisfier should assign only valid modules with pattern match rule containing an exclude pattern",
              "timedOut": false,
              "duration": 0,
              "state": "passed",
              "speed": "fast",
              "pass": true,
              "fail": false,
              "pending": false,
              "context": null,
              "code": "const { assign } = satisfiers_1.patternMatchRuleSatisfier(ref, {\n    pattern: \"MA1xxx*\",\n    exclude: \"MA15xx\",\n});\nisCorrectAssign(assign, modulesList1, [\n    \"MA1100\",\n    \"MA1101R\",\n    \"MA1102R\",\n    \"MA1511A\",\n]);",
              "err": {},
              "uuid": "98e951ac-d18b-4837-ba22-d4831b03a675",
              "parentUUID": "2392e4f1-f7dd-4515-ba05-102e2462df9a",
              "isHook": false,
              "skipped": false
            },
            {
              "title": "should assign only valid modules with pattern match rule containing multiple exclude patterns",
              "fullTitle": "patternMatchRuleSatisfier should assign only valid modules with pattern match rule containing multiple exclude patterns",
              "timedOut": false,
              "duration": 1,
              "state": "passed",
              "speed": "fast",
              "pass": true,
              "fail": false,
              "pending": false,
              "context": null,
              "code": "const { assign } = satisfiers_1.patternMatchRuleSatisfier(ref, {\n    pattern: \"MA*\",\n    exclude: [\"MA151x*\", \"MA2xxx\"],\n});\nisCorrectAssign(assign, modulesList1, [\n    \"MA1100\",\n    \"MA1101R\",\n    \"MA1102R\",\n    \"MA1507\",\n    \"MA1521\",\n    \"MA2101S\",\n]);",
              "err": {},
              "uuid": "0f58f06d-7f67-467c-ba2e-9234acef8683",
              "parentUUID": "2392e4f1-f7dd-4515-ba05-102e2462df9a",
              "isHook": false,
              "skipped": false
            }
          ],
          "suites": [],
          "passes": [
            "8a52523f-fed5-42a3-a2a5-1e45be1d537f",
            "98e951ac-d18b-4837-ba22-d4831b03a675",
            "0f58f06d-7f67-467c-ba2e-9234acef8683"
          ],
          "failures": [],
          "pending": [],
          "skipped": [],
          "duration": 2,
          "root": false,
          "rootEmpty": false,
          "_timeout": 2000
        },
        {
          "uuid": "522a393f-be3f-4795-a1b4-0094000cad5f",
          "title": "matchRuleSchema",
          "fullFile": "/home/runner/work/planwithus-lib/planwithus-lib/src/matchRule/schemas.test.ts",
          "file": "/src/matchRule/schemas.test.ts",
          "beforeHooks": [],
          "afterHooks": [],
          "tests": [
            {
              "title": "should validate match rule with valid pattern",
              "fullTitle": "matchRuleSchema should validate match rule with valid pattern",
              "timedOut": false,
              "duration": 1,
              "state": "passed",
              "speed": "fast",
              "pass": true,
              "fail": false,
              "pending": false,
              "context": "[\n  {\n    \"title\": \"pattern sample 0\",\n    \"value\": \"RJ33*J\"\n  },\n  {\n    \"title\": \"pattern sample 1\",\n    \"value\": \"WRW49\"\n  },\n  {\n    \"title\": \"pattern sample 2\",\n    \"value\": \"OZ12\"\n  },\n  {\n    \"title\": \"pattern sample 3\",\n    \"value\": \"BLT9\"\n  },\n  {\n    \"title\": \"pattern sample 4\",\n    \"value\": \"TMx\"\n  },\n  {\n    \"title\": \"pattern sample 5\",\n    \"value\": \"DZ6Y\"\n  },\n  {\n    \"title\": \"pattern sample 6\",\n    \"value\": \"YW97J\"\n  },\n  {\n    \"title\": \"pattern sample 7\",\n    \"value\": \"FY4x59\"\n  },\n  {\n    \"title\": \"pattern sample 8\",\n    \"value\": \"LF*B\"\n  },\n  {\n    \"title\": \"pattern sample 9\",\n    \"value\": \"LOU7*56\"\n  }\n]",
              "code": "fast_check_1.sample(index_test_3.pattern, 10).forEach((sample, i) => addContext_1.default(this, {\n    title: `pattern sample ${i}`,\n    value: sample,\n}));\nreturn fast_check_1.assert(fast_check_1.property(index_test_3.pattern, ajvValidate));",
              "err": {},
              "uuid": "e4a7326e-d9e0-485e-86fe-168e994b6473",
              "parentUUID": "522a393f-be3f-4795-a1b4-0094000cad5f",
              "isHook": false,
              "skipped": false
            },
            {
              "title": "should validate match rules with valid pattern, exclude and info",
              "fullTitle": "matchRuleSchema should validate match rules with valid pattern, exclude and info",
              "timedOut": false,
              "duration": 3,
              "state": "passed",
              "speed": "fast",
              "pass": true,
              "fail": false,
              "pending": false,
              "context": "[\n  {\n    \"title\": \"patternMatchRule sample 0\",\n    \"value\": {\n      \"pattern\": \"UQ7U\",\n      \"exclude\": \"FRS3x*\",\n      \"info\": \"xy\"\n    }\n  },\n  {\n    \"title\": \"patternMatchRule sample 1\",\n    \"value\": {\n      \"pattern\": \"AF3\",\n      \"exclude\": \"JF47\",\n      \"info\": \"@,\"\n    }\n  },\n  {\n    \"title\": \"patternMatchRule sample 2\",\n    \"value\": {\n      \"pattern\": \"JTx857\",\n      \"exclude\": [\n        \"FWx8E\"\n      ],\n      \"info\": \"x{\"\n    }\n  },\n  {\n    \"title\": \"patternMatchRule sample 3\",\n    \"value\": {\n      \"pattern\": \"GV4Q\",\n      \"exclude\": \"WU*7I\",\n      \"info\": \"J&nVAb Fu \"\n    }\n  },\n  {\n    \"title\": \"patternMatchRule sample 4\",\n    \"value\": {\n      \"pattern\": \"VK4\",\n      \"exclude\": \"ES337xQ\"\n    }\n  },\n  {\n    \"title\": \"patternMatchRule sample 5\",\n    \"value\": {\n      \"pattern\": \"OE6\",\n      \"exclude\": [\n        \"RG69x6D\",\n        \"PS87\",\n        \"RWE13\",\n        \"BN3G\"\n      ],\n      \"info\": \"tu\"\n    }\n  },\n  {\n    \"title\": \"patternMatchRule sample 6\",\n    \"value\": {\n      \"pattern\": \"KW81\",\n      \"exclude\": \"XC563Z\",\n      \"info\": \"Es\"\n    }\n  },\n  {\n    \"title\": \"patternMatchRule sample 7\",\n    \"value\": {\n      \"pattern\": \"AO1x9\",\n      \"exclude\": [\n        \"PXG197x\",\n        \"BIA0586J\",\n        \"ZP20\",\n        \"CW68\"\n      ],\n      \"info\": \"K\"\n    }\n  },\n  {\n    \"title\": \"patternMatchRule sample 8\",\n    \"value\": {\n      \"pattern\": \"WY432L\",\n      \"exclude\": \"DS32N\"\n    }\n  },\n  {\n    \"title\": \"patternMatchRule sample 9\",\n    \"value\": {\n      \"pattern\": \"NEJ47T\",\n      \"exclude\": \"VZ87P\",\n      \"info\": \"8\"\n    }\n  }\n]",
              "code": "fast_check_1.sample(index_test_2.patternMatchRule, 10).forEach((sample, i) => addContext_1.default(this, {\n    title: `patternMatchRule sample ${i}`,\n    value: sample,\n}));\nreturn fast_check_1.assert(fast_check_1.property(index_test_2.patternMatchRule, ajvValidate));",
              "err": {},
              "uuid": "7003903c-cb6b-4f74-9849-5c779a170dd9",
              "parentUUID": "522a393f-be3f-4795-a1b4-0094000cad5f",
              "isHook": false,
              "skipped": false
            },
            {
              "title": "should validate valid recursive match rules",
              "fullTitle": "matchRuleSchema should validate valid recursive match rules",
              "timedOut": false,
              "duration": 5,
              "state": "passed",
              "speed": "fast",
              "pass": true,
              "fail": false,
              "pending": false,
[...]
              "duration": 0,
              "state": "passed",
              "speed": "fast",
              "pass": true,
              "fail": false,
              "pending": false,
              "context": null,
              "code": "const satisfier = satisfiers_1.inequalitySatisfier(ref, \"<=16\");\nsatisfier.should.have.property(\"filter\");\nconst { filter } = satisfier;\nisCorrectFilter(filter, modulesList1, [\n    \"CS2100\",\n    \"GER1000\",\n    \"CS2040S\",\n    \"ST2131\",\n]);",
              "err": {},
              "uuid": "b02db89e-5d94-40b6-af47-3782909c61f0",
              "parentUUID": "f8bb07ca-b18a-4a4d-a49d-6c9fc2486373",
              "isHook": false,
              "skipped": false
            },
            {
              "title": "should truncate list of modules with upper bound of MCs, cutting off at the minimum starting sequence that exceeds upper bound, if total MC count is higher and there exists no starting sequence with exact MC count",
              "fullTitle": "inequalitySatisfier should truncate list of modules with upper bound of MCs, cutting off at the minimum starting sequence that exceeds upper bound, if total MC count is higher and there exists no starting sequence with exact MC count",
              "timedOut": false,
              "duration": 0,
              "state": "passed",
              "speed": "fast",
              "pass": true,
              "fail": false,
              "pending": false,
              "context": null,
              "code": "const satisfier = satisfiers_1.inequalitySatisfier(ref, \"<=17\");\nsatisfier.should.have.property(\"filter\");\nconst { filter } = satisfier;\nisCorrectFilter(filter, modulesList1, [\n    \"CS2100\",\n    \"GER1000\",\n    \"CS2040S\",\n    \"ST2131\",\n    \"MA1521\",\n]);",
              "err": {},
              "uuid": "710dc67e-ad88-4bd7-9014-a8f3b9c7a593",
              "parentUUID": "f8bb07ca-b18a-4a4d-a49d-6c9fc2486373",
              "isHook": false,
              "skipped": false
            }
          ],
          "suites": [],
          "passes": [
            "03cf915a-9c59-4861-9d1c-c99c61d2d7a1",
            "c3b9f9a3-c306-4c36-bb8e-df1712417096",
            "13d2edcb-9735-4ec9-83f9-b0d271662a3f",
            "c8c3eafc-7707-4bdd-9612-08d71a43a89c",
            "8d33f2f3-fafe-41ee-a49a-318f10efa4f2",
            "b02db89e-5d94-40b6-af47-3782909c61f0",
            "710dc67e-ad88-4bd7-9014-a8f3b9c7a593"
          ],
          "failures": [],
          "pending": [],
          "skipped": [],
          "duration": 0,
          "root": false,
          "rootEmpty": false,
          "_timeout": 2000
        },
        {
          "uuid": "87dc9ca8-d840-4d36-8c98-599a0226bbca",
          "title": "inequalitySchema",
          "fullFile": "/home/runner/work/planwithus-lib/planwithus-lib/src/satisfyRule/inequality/schemas.test.ts",
          "file": "/src/satisfyRule/inequality/schemas.test.ts",
          "beforeHooks": [],
          "afterHooks": [],
          "tests": [
            {
              "title": "should validate inequality in the form <=n or >=n",
              "fullTitle": "inequalitySchema should validate inequality in the form <=n or >=n",
              "timedOut": false,
              "duration": 1,
              "state": "passed",
              "speed": "fast",
              "pass": true,
              "fail": false,
              "pending": false,
              "context": "[\n  {\n    \"title\": \"inequality sample 0\",\n    \"value\": \"<=69\"\n  },\n  {\n    \"title\": \"inequality sample 1\",\n    \"value\": \"<=195\"\n  },\n  {\n    \"title\": \"inequality sample 2\",\n    \"value\": \">=2\"\n  },\n  {\n    \"title\": \"inequality sample 3\",\n    \"value\": \">=43\"\n  },\n  {\n    \"title\": \"inequality sample 4\",\n    \"value\": \"<=198\"\n  },\n  {\n    \"title\": \"inequality sample 5\",\n    \"value\": \">=4\"\n  },\n  {\n    \"title\": \"inequality sample 6\",\n    \"value\": \">=144\"\n  },\n  {\n    \"title\": \"inequality sample 7\",\n    \"value\": \">=199\"\n  },\n  {\n    \"title\": \"inequality sample 8\",\n    \"value\": \"<=111\"\n  },\n  {\n    \"title\": \"inequality sample 9\",\n    \"value\": \">=36\"\n  }\n]",
              "code": "fast_check_1.sample(index_test_2.inequality, 10).forEach((sample, i) => addContext_1.default(this, {\n    title: `inequality sample ${i}`,\n    value: sample,\n}));\nreturn fast_check_1.assert(fast_check_1.property(index_test_2.inequality, ajvValidate));",
              "err": {},
              "uuid": "329a9c28-b862-4897-a1d7-1168a7d56b33",
              "parentUUID": "87dc9ca8-d840-4d36-8c98-599a0226bbca",
              "isHook": false,
              "skipped": false
            },
            {
              "title": "should not validate inequality of invalid form",
              "fullTitle": "inequalitySchema should not validate inequality of invalid form",
              "timedOut": false,
              "duration": 1,
              "state": "passed",
              "speed": "fast",
              "pass": true,
              "fail": false,
              "pending": false,
              "context": null,
              "code": "[\n        \"\",\n        \"==23\",\n        \"23\",\n        \"<23\",\n        \">23\",\n        \"<=-1\",\n        \">=-1\",\n        \"<= 2\",\n        \">= 1\",\n        \"> 3\",\n        \"< 3\",\n        \"<=3a\",\n        \">=3a\",\n        \"a<=3\",\n        \"a>=3\",\n    ].forEach(isInvalidInequality)",
              "err": {},
              "uuid": "526154da-75d8-425d-88a9-76dd4fd33397",
              "parentUUID": "87dc9ca8-d840-4d36-8c98-599a0226bbca",
              "isHook": false,
              "skipped": false
            }
          ],
          "suites": [],
          "passes": [
            "329a9c28-b862-4897-a1d7-1168a7d56b33",
            "526154da-75d8-425d-88a9-76dd4fd33397"
          ],
          "failures": [],
          "pending": [],
          "skipped": [],
          "duration": 2,
          "root": false,
          "rootEmpty": false,
          "_timeout": 2000
        },
        {
          "uuid": "d25cde82-f45e-48c1-9919-b528713851d8",
          "title": "satisfyRuleSchema",
          "fullFile": "/home/runner/work/planwithus-lib/planwithus-lib/src/satisfyRule/schemas.test.ts",
          "file": "/src/satisfyRule/schemas.test.ts",
          "beforeHooks": [],
          "afterHooks": [],
          "tests": [
            {
              "title": "should validate satisfy rule with valid block id",
              "fullTitle": "satisfyRuleSchema should validate satisfy rule with valid block id",
              "timedOut": false,
              "duration": 0,
              "state": "passed",
              "speed": "fast",
              "pass": true,
              "fail": false,
              "pending": false,
              "context": null,
              "code": "fast_check_1.assert(fast_check_1.property(fast_check_1.string(), ajvValidate)",
              "err": {},
              "uuid": "b0c474a7-d93d-49f2-9083-b47caeef15ee",
              "parentUUID": "d25cde82-f45e-48c1-9919-b528713851d8",
              "isHook": false,
              "skipped": false
            },
            {
              "title": "should validate satisfy rules with valid mc",
              "fullTitle": "satisfyRuleSchema should validate satisfy rules with valid mc",
              "timedOut": false,
              "duration": 1,
              "state": "passed",
              "speed": "fast",
              "pass": true,
              "fail": false,
              "pending": false,
              "context": "[\n  {\n    \"title\": \"mcSatisfyRule sample 0\",\n    \"value\": {\n      \"mc\": \"<=195\"\n    }\n  },\n  {\n    \"title\": \"mcSatisfyRule sample 1\",\n    \"value\": {\n      \"mc\": \"<=198\"\n    }\n  },\n  {\n    \"title\": \"mcSatisfyRule sample 2\",\n    \"value\": {\n      \"mc\": \"<=2\"\n    }\n  },\n  {\n    \"title\": \"mcSatisfyRule sample 3\",\n    \"value\": {\n      \"mc\": \">=4\"\n    }\n  },\n  {\n    \"title\": \"mcSatisfyRule sample 4\",\n    \"value\": {\n      \"mc\": \">=147\"\n    }\n  },\n  {\n    \"title\": \"mcSatisfyRule sample 5\",\n    \"value\": {\n      \"mc\": \">=198\"\n    }\n  },\n  {\n    \"title\": \"mcSatisfyRule sample 6\",\n    \"value\": {\n      \"mc\": \"<=20\"\n    }\n  },\n  {\n    \"title\": \"mcSatisfyRule sample 7\",\n    \"value\": {\n      \"mc\": \">=3\"\n    }\n  },\n  {\n    \"title\": \"mcSatisfyRule sample 8\",\n    \"value\": {\n      \"mc\": \"<=121\"\n    }\n  },\n  {\n    \"title\": \"mcSatisfyRule sample 9\",\n    \"value\": {\n      \"mc\": \">=10\"\n    }\n  }\n]",
              "code": "fast_check_1.sample(index_test_2.mcSatisfyRule, 10).forEach((sample, i) => addContext_1.default(this, {\n    title: `mcSatisfyRule sample ${i}`,\n    value: sample,\n}));\nreturn fast_check_1.assert(fast_check_1.property(index_test_2.mcSatisfyRule, ajvValidate));",
              "err": {},
              "uuid": "30c2d835-5c44-44db-a031-b8258e816d09",
              "parentUUID": "d25cde82-f45e-48c1-9919-b528713851d8",
              "isHook": false,
              "skipped": false
            },
            {
              "title": "should validate valid recursive satisfy rules",
              "fullTitle": "satisfyRuleSchema should validate valid recursive satisfy rules",
              "timedOut": false,
              "duration": 3,
              "state": "passed",
              "speed": "fast",
              "pass": true,
              "fail": false,
              "pending": false,
              "context": "[\n  {\n    \"title\": \"satisfyRule sample 0\",\n    \"value\": {\n      \"and\": []\n    }\n  },\n  {\n    \"title\": \"satisfyRule sample 1\",\n    \"value\": {\n      \"and\": [\n        \"\",\n        {\n          \"and\": [\n            {\n              \"and\": [\n                \"kPw3zxB`\",\n                \"8uIT\\\"QE#\",\n                \"J-B\",\n                {\n                  \"and\": [\n                    \"\",\n                    {\n                      \"mc\": \">=63\"\n                    },\n                    \"A&b-^/\",\n                    \"'\\\\N/7v\"\n                  ]\n                },\n                {\n                  \"mc\": \">=62\"\n                }\n              ]\n            },\n            {\n              \"and\": [\n                {\n                  \"and\": [\n                    {\n                      \"mc\": \"<=162\"\n                    },\n                    \"Gi\\\"2`%~c\"\n                  ]\n                },\n                {\n                  \"mc\": \"<=139\"\n                },\n                {\n                  \"and\": [\n                    \"\\\\VW^?\",\n                    \"eN0z6k/ \",\n                    \"\"\n                  ]\n                },\n                \"tD\",\n                \"0]Zd3a$=\"\n              ]\n            },\n            \"GN-MlA@;\"\n          ]\n        },\n        {\n          \"or\": [\n            \"k\\\\E\",\n            {\n              \"or\": [\n                {\n                  \"or\": [\n                    {\n                      \"mc\": \">=59\"\n                    },\n                    \"XeY.M\",\n                    \")o\\\\$u:f\",\n                    \"c@:`k/hL\"\n                  ]\n                },\n                \"\",\n                {\n                  \"mc\": \"<=89\"\n                }\n              ]\n            },\n            \"-_'o\"\n          ]\n        },\n        {\n          \"and\": [\n            \"}pI4j`\\\\:\",\n            \"j%\",\n            \"S]8\\\\\",\n            \"2z\"\n          ]\n        }\n      ]\n    }\n  },\n  {\n    \"title\": \"satisfyRule sample 2\",\n    \"value\": \"zkW\"\n  },\n  {\n    \"title\": \"satisfyRule sample 3\",\n    \"value\": {\n      \"or\": [\n        {\n          \"and\": [\n            {\n              \"and\": []\n            },\n            \"U\",\n            \"EA_5Gfp>\",\n            \"[lb\",\n            {\n              \"or\": [\n                \"\",\n                \"Y@/\"\n              ]\n            }\n          ]\n        },\n        {\n          \"and\": [\n            {\n              \"mc\": \">=19\"\n            },\n            \":cRb-y$\",\n            {\n              \"mc\": \"<=139\"\n            }\n          ]\n        }\n      ]\n    }\n  },\n  {\n    \"title\": \"satisfyRule sample 4\",\n    \"value\": \"I!~\"\n  },\n  {\n    \"title\": \"satisfyRule sample 5\",\n    \"value\": {\n      \"mc\": \"<=196\"\n    }\n  },\n  {\n    \"title\": \"satisfyRule sample 6\",\n    \"value\": \"pER'23BL\"\n  },\n  {\n    \"title\": \"satisfyRule sample 7\",\n    \"value\": {\n      \"mc\": \"<=3\"\n    }\n  },\n  {\n    \"title\": \"satisfyRule sample 8\",\n    \"value\": {\n      \"and\": [\n        {\n          \"and\": [\n            \"as^\",\n            \"L&VU=7TU)\",\n            \"{YwzjO[j3\",\n            \"u~\"\n          ]\n        }\n      ]\n    }\n  },\n  {\n    \"title\": \"satisfyRule sample 9\",\n    \"value\": {\n      \"mc\": \"<=103\"\n    }\n  }\n]",
              "code": "fast_check_1.sample(index_test_2.satisfyRule, 10).forEach((sample, i) => addContext_1.default(this, {\n    title: `satisfyRule sample ${i}`,\n    value: sample,\n}));\nreturn fast_check_1.assert(fast_check_1.property(index_test_2.satisfyRule, ajvValidate));",
              "err": {},
              "uuid": "25994807-6c1e-4c7f-8ef0-435e278154f1",
              "parentUUID": "d25cde82-f45e-48c1-9919-b528713851d8",
              "isHook": false,
              "skipped": false
            },
            {
              "title": "should not validate non-string/object",
              "fullTitle": "satisfyRuleSchema should not validate non-string/object",
              "timedOut": false,
              "duration": 1,
              "state": "passed",
              "speed": "fast",
              "pass": true,
              "fail": false,
              "pending": false,
              "context": null,
              "code": "const error = {\n    instancePath: \"\",\n    message: \"satisfy rule should be either a string or an object\",\n};\nisInvalidRule(null, error);\nisInvalidRule(undefined, error);\nisInvalidRule(10, error);\nisInvalidRule([12, 24], error);",
              "err": {},
              "uuid": "a5071f0d-75e1-422b-b49f-61960bb6b9ed",
              "parentUUID": "d25cde82-f45e-48c1-9919-b528713851d8",
              "isHook": false,
              "skipped": false
            },
            {
              "title": "should not validate satisfy rules with extra properties",
              "fullTitle": "satisfyRuleSchema should not validate satisfy rules with extra properties",
              "timedOut": false,
              "duration": 1,
              "state": "passed",
              "speed": "fast",
              "pass": true,
              "fail": false,
              "pending": false,
              "context": null,
              "code": "isInvalidRule({\n        and: [\n            { or: [\"2k\"], abc: \"def\" },\n            { mc: 8, ghi: \"jkl\" },\n        ],\n        mno: \"pqr\",\n    }, {\n        instancePath: \"/and/0\",\n        message: \"or satisfy rule should have property 'or' only\",\n    }, {\n        instancePath: \"/and/1\",\n        message: \"MC satisfy rule should have property 'mc' only\",\n    }, {\n        instancePath: \"\",\n        message: \"and satisfy rule should have property 'and' only\",\n    })",
              "err": {},
              "uuid": "b938633c-d0a4-4201-abda-8d8ed4c40479",
              "parentUUID": "d25cde82-f45e-48c1-9919-b528713851d8",
              "isHook": false,
              "skipped": false
            },
            {
              "title": "should not validate ambiguous satisfy rules",
              "fullTitle": "satisfyRuleSchema should not validate ambiguous satisfy rules",
              "timedOut": false,
              "duration": 0,
              "state": "passed",
              "speed": "fast",
              "pass": true,
              "fail": false,
              "pending": false,
              "context": null,
              "code": "const message = \"satisfy rule should have only one of properties 'mc', 'and', 'or'\";\nisInvalidRule({\n    or: [\n        { mc: 5, and: [\"CS2040\"] },\n        { and: [{ and: [\"abc\"], or: [\"def\"] }] },\n    ],\n}, { instancePath: \"/or/0\", message }, { instancePath: \"/or/1/and/0\", message });",
              "err": {},
              "uuid": "b916b544-5223-405c-b481-d0ac7312adfc",
              "parentUUID": "d25cde82-f45e-48c1-9919-b528713851d8",
              "isHook": false,
              "skipped": false
            },
            {
              "title": "should not validate and satisfy rules with non-array property",
              "fullTitle": "satisfyRuleSchema should not validate and satisfy rules with non-array property",
              "timedOut": false,
              "duration": 1,
              "state": "passed",
              "speed": "fast",
              "pass": true,
              "fail": false,
              "pending": false,
              "context": null,
              "code": "const message = \"property 'and' should be an array of satisfy rules\";\nisInvalidRule({ or: [{ and: {} }, { or: [{ and: 3 }] }] }, { instancePath: \"/or/0/and\", message }, { instancePath: \"/or/1/or/0/and\", message });",
              "err": {},
              "uuid": "1e4da191-3ce1-4dd9-8e95-3a3e5c84983d",
              "parentUUID": "d25cde82-f45e-48c1-9919-b528713851d8",
              "isHook": false,
              "skipped": false
            },
            {
              "title": "should not validate or satisfy rules with non-array property",
              "fullTitle": "satisfyRuleSchema should not validate or satisfy rules with non-array property",
              "timedOut": false,
              "duration": 0,
              "state": "passed",
              "speed": "fast",
              "pass": true,
              "fail": false,
              "pending": false,
              "context": null,
              "code": "const message = \"property 'or' should be an array of satisfy rules\";\nisInvalidRule({ and: [{ or: {} }, { and: [{ or: 3 }] }] }, { instancePath: \"/and/0/or\", message }, { instancePath: \"/and/1/and/0/or\", message });",
              "err": {},
              "uuid": "bd6d42e5-bdbd-42b1-ad48-ac18d9468fd0",
              "parentUUID": "d25cde82-f45e-48c1-9919-b528713851d8",
              "isHook": false,
              "skipped": false
            }
          ],
          "suites": [],
          "passes": [
            "b0c474a7-d93d-49f2-9083-b47caeef15ee",
            "30c2d835-5c44-44db-a031-b8258e816d09",
            "25994807-6c1e-4c7f-8ef0-435e278154f1",
            "a5071f0d-75e1-422b-b49f-61960bb6b9ed",
            "b938633c-d0a4-4201-abda-8d8ed4c40479",
            "b916b544-5223-405c-b481-d0ac7312adfc",
            "1e4da191-3ce1-4dd9-8e95-3a3e5c84983d",
            "bd6d42e5-bdbd-42b1-ad48-ac18d9468fd0"
          ],
          "failures": [],
          "pending": [],
          "skipped": [],
          "duration": 7,
          "root": false,
          "rootEmpty": false,
          "_timeout": 2000
        }
      ],
      "passes": [],
      "failures": [],
      "pending": [],
      "skipped": [],
      "duration": 0,
      "root": true,
      "rootEmpty": true,
      "_timeout": 2000
    }
  ],
  "meta": {
    "mocha": {
      "version": "9.0.2"
    },
    "mochawesome": {
      "options": {
        "quiet": false,
        "reportFilename": "mochawesome",
        "saveHtml": true,
        "saveJson": true,
        "consoleReporter": "spec",
        "useInlineDiffs": false,
        "code": true
      },
      "version": "6.2.2"
    },
    "marge": {
      "options": {
        "reportDir": "docs"
      },
      "version": "5.2.0"
    }
  }
}