{
  "stats": {
    "suites": 10,
    "tests": 48,
    "passes": 48,
    "pending": 0,
    "failures": 0,
    "start": "2021-08-22T08:04:44.578Z",
    "end": "2021-08-22T08:04:45.343Z",
    "duration": 765,
    "testsRegistered": 48,
    "passPercent": 100,
    "pendingPercent": 0,
    "other": 0,
    "hasOther": false,
    "skipped": 0,
    "hasSkipped": false
  },
  "results": [
    {
      "uuid": "fc000583-d371-4dcf-b67f-73e4dbe14680",
      "title": "",
      "fullFile": "",
      "file": "",
      "beforeHooks": [],
      "afterHooks": [],
      "tests": [],
      "suites": [
        {
          "uuid": "30bfd7fe-0e98-48b5-ae02-817820700549",
          "title": "initDirectories",
          "fullFile": "/home/runner/work/planwithus-lib/planwithus-lib/src/block/schemas.test.ts",
          "file": "/src/block/schemas.test.ts",
          "beforeHooks": [],
          "afterHooks": [],
          "tests": [
            {
              "title": "should parse all blocks with no errors",
              "fullTitle": "initDirectories should parse all blocks with no errors",
              "timedOut": false,
              "duration": 3,
              "state": "passed",
              "speed": "fast",
              "pass": true,
              "fail": false,
              "pending": false,
              "context": null,
              "code": "_1.initDirectories.should.not.throw()",
              "err": {},
              "uuid": "a603bfb2-7752-4c55-90ab-8beeb4d672c0",
              "parentUUID": "30bfd7fe-0e98-48b5-ae02-817820700549",
              "isHook": false,
              "skipped": false
            },
            {
              "title": "should produce primary, second & minor directories",
              "fullTitle": "initDirectories should produce primary, second & minor directories",
              "timedOut": false,
              "duration": 2,
              "state": "passed",
              "speed": "fast",
              "pass": true,
              "fail": false,
              "pending": false,
              "context": null,
              "code": "const directories = _1.initDirectories();\ndirectories.should.have.property(\"primary\");\ndirectories.should.have.property(\"second\");\ndirectories.should.have.property(\"minor\");",
              "err": {},
              "uuid": "b97cb4e7-9d34-483e-ae5f-092b5b9e165e",
              "parentUUID": "30bfd7fe-0e98-48b5-ae02-817820700549",
              "isHook": false,
              "skipped": false
            }
          ],
          "suites": [],
          "passes": [
            "a603bfb2-7752-4c55-90ab-8beeb4d672c0",
            "b97cb4e7-9d34-483e-ae5f-092b5b9e165e"
          ],
          "failures": [],
          "pending": [],
          "skipped": [],
          "duration": 5,
          "root": false,
          "rootEmpty": false,
          "_timeout": 2000
        },
        {
          "uuid": "dcbeccb6-734a-4e4f-9d32-0e85ae0c6592",
          "title": "blockSchema",
          "fullFile": "/home/runner/work/planwithus-lib/planwithus-lib/src/block/schemas.test.ts",
          "file": "/src/block/schemas.test.ts",
          "beforeHooks": [],
          "afterHooks": [],
          "tests": [
            {
              "title": "should validate valid block",
              "fullTitle": "blockSchema should validate valid block",
              "timedOut": false,
              "duration": 179,
              "state": "passed",
              "speed": "slow",
              "pass": true,
              "fail": false,
              "pending": false,
              "context": "[\n  {\n    \"title\": \"block sample 0\",\n    \"value\": {\n      \"name\": \"1N!O4\\\"?1DC\",\n      \"ay\": 1964,\n      \"assign\": \"{ev/Wor\",\n      \"match\": {\n        \"and\": [\n          {\n            \"pattern\": \"VL4785K\",\n            \"exclude\": \"QU4O\"\n          },\n          {\n            \"pattern\": \"JEK32*2\",\n            \"exclude\": [],\n            \"info\": \"l<tWZO2\"\n          },\n          {\n            \"or\": [\n              \"RX159\",\n              {\n                \"and\": []\n              }\n            ]\n          }\n        ]\n      },\n      \"satisfy\": {\n        \"or\": [\n          {\n            \"or\": []\n          }\n        ]\n      },\n      \"url\": \"https://c5bwkcbdae.lrcpmxwk/D%32/od\",\n      \"info\": \"$cP\"\n    }\n  },\n  {\n    \"title\": \"block sample 1\",\n    \"value\": {\n      \"name\": \"{n\",\n      \"assign\": [\n        \"m5\",\n        \"&'T1D\\\"i)i)\"\n      ],\n      \"match\": {\n        \"pattern\": \"DN6x38\",\n        \"exclude\": \"TA68x2V\",\n        \"info\": \"~ o:c\"\n      },\n      \"satisfy\": {\n        \"or\": [\n          {\n            \"or\": [\n              \"q&Mz?+$\",\n              \"]1ma3Y\"\n            ]\n          },\n          {\n            \"and\": [\n              \"Uo&[Ju8\"\n            ]\n          },\n          {\n            \"mc\": \"<=38\"\n          },\n          {\n            \"mc\": \">=112\"\n          }\n        ]\n      },\n      \"url\": \"http://07h7610uv4t5fsejal6d-f1zstvo-twi2ce2ryxe2.2pi95rltrbj-1z-3blyrari64.okh7z8r96gtn-elf4sb851pw279341nn4sz3o3s9-x6m-8-41m-6hl8.jyds/WpZ(+lj9/4hJ5:/WuZ2%F1%80%98%9A;5/xD7o83ZL/G0/.~$!/n*R//x\",\n      \"info\": \"]0,%av~i\",\n      \"isSelectable\": true\n    }\n  },\n  {\n    \"title\": \"block sample 2\",\n    \"value\": {\n      \"ay\": 1955,\n      \"assign\": [],\n      \"match\": [\n        {\n          \"or\": [\n            \"AOO7x4xT\"\n          ]\n        }\n      ],\n      \"satisfy\": [\n        {\n          \"mc\": \"<=179\"\n        },\n        {\n          \"and\": [\n            {\n              \"mc\": \">=36\"\n            },\n            {\n              \"or\": [\n                {\n                  \"or\": [\n                    {\n                      \"or\": [\n                        {\n                          \"or\": [\n                            \"k16m*#7ZT\"\n                          ]\n                        },\n                        {\n                          \"and\": []\n                        },\n                        \"T\"\n                      ]\n                    },\n                    \"}j'2`s\",\n                    \"/*p\\\\Ct\"\n                  ]\n                },\n                \"goU\",\n                {\n                  \"and\": [\n                    \"6*k/;Va\",\n                    {\n                      \"mc\": \">=54\"\n                    },\n                    {\n                      \"or\": [\n                        \"<'vH)\",\n                        \"\",\n                        \"D{:R\"\n                      ]\n                    },\n                    \"X=zw\",\n                    \"DYK!&~\"\n                  ]\n                },\n                \"!,?h\"\n              ]\n            },\n            {\n              \"mc\": \"<=14\"\n            }\n          ]\n        },\n        {\n          \"or\": [\n            {\n              \"or\": [\n                \"cs}Z5:;_z}\",\n                {\n                  \"or\": [\n                    {\n                      \"or\": [\n                        \"C#&vjB\",\n                        {\n                          \"mc\": \">=167\"\n                        },\n                        {\n                          \"mc\": \"<=95\"\n                        }\n                      ]\n                    },\n                    {\n                      \"and\": [\n                        {\n                          \"mc\": \">=166\"\n                        },\n                        \"2>dj'B\"\n                      ]\n                    },\n                    \"ad\",\n                    {\n                      \"mc\": \"<=112\"\n                    },\n                    \"|F\\\"-b1#(,t\"\n                  ]\n                },\n                \"sh11bG[U\"\n              ]\n            },\n            \"*a\"\n          ]\n        }\n      ],\n      \"url\": \"https://ko.yxegx//@Od@.\",\n      \"info\": \"MQN\",\n      \"isSelectable\": true,\n      \"X\\\"cmGX<\": {\n        \"name\": \"y\",\n        \"ay\": 1972,\n        \"assign\": \"tw|\",\n        \"match\": [],\n        \"satisfy\": [\n          \"z\"\n        ],\n        \"url\": \"https://dvs4m38v6.9.phqbfgiin/y8b/$gI/%F1%81%AC%AE)XQ8Z/kmUW2\",\n        \"info\": \"j7b>{|\",\n        \"isSelectable\": true,\n        \"ot\": {\n          \"name\": \"j\",\n          \"ay\": 1950,\n          \"assign\": [\n            \"T-ImW*R\",\n            \"(&p\\\\\",\n            \"kpT82lyTwA\",\n            \"*\"\n          ],\n          \"match\": {\n            \"pattern\": \"NC30\",\n            \"exclude\": [\n              \"OG06U\",\n              \"GPK385\",\n              \"BA1\"\n            ],\n            \"info\": \"Sk/N$p;\"\n          },\n          \"satisfy\": {\n            \"or\": [\n              \".'6FeZGV\",\n              {\n                \"mc\": \"<=181\"\n              },\n              {\n                \"or\": [\n                  {\n                    \"mc\": \">=144\"\n                  },\n                  {\n                    \"or\": []\n                  },\n                  \"\",\n                  {\n                    \"mc\": \">=105\"\n                  },\n                  {\n                    \"and\": [\n                      \"td?jOe-xsX\",\n                      {\n                        \"mc\": \"<=8\"\n                      },\n                      {\n                        \"or\": [\n                          \"v4MY\",\n                          \"2Z%-\",\n                          \"cCju^k$Pg]\"\n                        ]\n                      },\n                      \"\",\n                      {\n                        \"or\": [\n                          \"b\",\n                          \"UkKqc/7M|3\"\n                        ]\n                      }\n                    ]\n                  }\n                ]\n              },\n              {\n                \"and\": [\n                  \"+u_O&+P!\"\n                ]\n              }\n            ]\n          },\n          \"url\": \"https://vrxihj2ljgbn7-ljblcqp7ll583-lt0rm3t627a5hpwg3vc.tqdsth9qsb0nj-o84-6jd2fez1a83s496vavolyz.f.4m0bnf1z8y8yek9ypc8t-72n8na0i3gez1r3-toaaw3yvz.eow/.Um%F2%A3%BC%BE\",\n          \"info\": \"y\",\n          \"isSelectable\": true\n        },\n        \"f^9Lduv\": {\n          \"name\": \";\\\\o\",\n          \"ay\": 2014,\n          \"match\": [\n            \"TGP2I\",\n            {\n              \"and\": [\n                \"RU1*L\",\n                {\n                  \"or\": [\n                    \"WJx51\",\n                    \"SOO2X\",\n                    \"LHH312L\",\n                    {\n                      \"and\": [\n                        \"LFJ70D\"\n                      ]\n                    }\n                  ]\n                }\n              ]\n            },\n            \"XWD2C\",\n            \"GA8*x3\",\n            {\n              \"pattern\": \"RUC20*6\",\n              \"exclude\": \"VD*041W\",\n              \"info\": \"uI:A5Tb(\"\n            }\n          ],\n          \"satisfy\": [\n            {\n              \"and\": [\n                {\n                  \"and\": [\n                    {\n                      \"and\": []\n                    },\n                    \"gF\",\n                    {\n                      \"mc\": \"<=188\"\n                    },\n                    \")-cM%H:0\",\n                    {\n                      \"and\": [\n                        {\n                          \"and\": [\n                            \"$x(HM1Z\",\n                            \"^B}kO2M\",\n                            \"=fyebgl<4s\",\n                            \"2iCSp$W:vf\"\n                          ]\n                        }\n                      ]\n                    }\n                  ]\n                },\n                {\n                  \"or\": [\n                    {\n                      \"and\": [\n                        \"a*G_v\",\n                        {\n                          \"mc\": \"<=21\"\n                        },\n                        {\n                          \"or\": [\n                            \"\\\\{gi\",\n                            {\n                              \"or\": [\n                                \"V\",\n                                \"+(ch{xa \",\n                                {\n                                  \"or\": [\n                                    \"T5:v\\\"MV\",\n                                    \":\\\"ka\",\n                                    \";\"\n                                  ]\n                                }\n                              ]\n                            },\n                            {\n                              \"and\": [\n                                \"W\",\n                                \"861M3^\",\n                                \"ccZJ]\",\n                                \"'I;\\\\qId\",\n                                {\n                                  \"and\": []\n                                }\n                              ]\n                            },\n                            {\n                              \"mc\": \">=34\"\n                            },\n                            \"6(vK\"\n                          ]\n                        },\n                        \"S;M*@|$@\"\n                      ]\n                    },\n                    \")\",\n                    \"?#\"\n                  ]\n                },\n                \"Q<{LzQz\"\n              ]\n            },\n            {\n              \"or\": [\n                {\n                  \"or\": [\n                    \"3'.<`h\\\"$gs\",\n                    {\n                      \"and\": [\n                        \"5|\",\n                        \"N?cn'1\",\n                        \"K3[Kw\"\n                      ]\n                    },\n                    \"\",\n                    {\n                      \"mc\": \"<=140\"\n                    }\n                  ]\n                },\n                {\n                  \"and\": []\n                }\n              ]\n            }\n          ],\n          \"url\": \"https://c.e58qizv4a79-ahm5vzawj6rxjh9aiz0pzbs8114gjba85s225ufd.tpg/XSIr%F0%A5%B1%A4/9WH2:/ORrMjVGLH\",\n          \"info\": \"j6tt!\",\n          \"isSelectable\": true,\n          \"\": {\n            \"name\": \"RUU*PJ`#?\",\n            \"ay\": 2027,\n            \"match\": [\n              {\n                \"pattern\": \"EM141L\",\n                \"exclude\": \"IGW50\",\n                \"info\": \"bH)\"\n              },\n              {\n                \"pattern\": \"VDS79\",\n                \"info\": \"-z;H2I\"\n              },\n              {\n                \"or\": [\n                  {\n                    \"pattern\": \"FWK755\",\n                    \"exclude\": [\n                      \"CC13K\",\n                      \"LR54Z\"\n                    ],\n                    \"info\": \"DqNgE\"\n                  }\n                ]\n              },\n              {\n                \"or\": [\n                  {\n                    \"pattern\": \"XWC14*E\",\n                    \"info\": \"T]\"\n                  },\n                  {\n                    \"or\": [\n                      \"GSB958\",\n                      \"SBS91x1V\",\n                      \"JK501M\",\n                      {\n                        \"pattern\": \"GN54K\",\n                        \"exclude\": [\n                          \"TQL509\"\n                        ],\n                        \"info\": \"-\"\n                      }\n                    ]\n                  },\n                  {\n                    \"pattern\": \"CT4539W\",\n                    \"exclude\": [\n                      \"WZN14S\",\n                      \"DG*6L\",\n                      \"LY564U\",\n                      \"HTC920\",\n                      \"YZC*Z\"\n                    ],\n                    \"info\": \"E\"\n                  }\n                ]\n              }\n            ],\n            \"satisfy\": {\n              \"or\": []\n            },\n            \"url\": \"https://7rzltoly03hyc60zqre015rtauqdjby2upl0bcacbeqtescu3j27rga.wf4rii0se3vit3yw4jg.zrv2elg8-w3-em8blc4pam08o-l48p.rhzdhz8dk6l0f9c0wap1kxc4ig5zzkdi2jqse6v.mtvvw2mkcazrhw3b5r8u15q49972okn299w73dj7ih7o7a0qnnwpg882eevnp9.ew//%F3%82%95%A1Q%F0%A6%BB%A9.N6()&H/NZ%F2%A4%98%B5~RQl$Bc/Cm/9/Kr3Z/OYAY%F2%96%BF%B5/YZa+\",\n            \"info\": \"hS$i?~\\\\^\"\n          },\n          \"Xd82X\": {\n            \"name\": \"~~j\\\";gR\",\n            \"ay\": 1987,\n            \"match\": {\n              \"pattern\": \"UJS53\",\n              \"exclude\": \"UA0Y\",\n              \"info\": \"C_=\\\"KUox\"\n            },\n            \"url\": \"http://pfje02vpy6120o2fnpcta-hduw69l8ql41ka819mot1kd8ck8dedxx18wj7.f-pv411zpyqtetulbco.ucrv6h231hf9i.vm59kwvu5f7.fzfog-lcwacnz7wttrhvrci3-czivjjxtx2.ns//5%F2%89%A9%9A/'wd'%F1%8C%B6%85qU/0/a0%F1%94%87%96b/LCun0@A&o/j$Siz=%F1%B1%A1%A7/='w%F3%AA%AA%9EE!m%F0%99%B3%89wc/2)gV5mJ$K%F1%9F%AA%B2/~.4qkJ-N1J\",\n            \"info\": \"z\",\n            \"isSelectable\": true\n          }\n        },\n        \"fJ[TgvA\": {\n          \"ay\": 1999,\n          \"assign\": \"33t_To\",\n          \"satisfy\": \"7$t0L@jd&\",\n          \"url\": \"http://b2ulaut5mphg4ftgp8dx3c.gccxdawk/0a0wm-mYG%F2%BA%8A%81/U.N'=T$$TA/%F3%8C%9D%A8AS,A%F3%BE%AB%81;huD/%E2%B9%A47/l3fI+1DDH*/zo\",\n          \"info\": \"j\",\n          \"isSelectable\": true,\n          \"H9H{\": {\n            \"name\": \"4.Q$&GgYG\",\n            \"ay\": 1984,\n            \"assign\": \"{`?m\",\n            \"match\": [\n              \"RB769*F\",\n              {\n                \"or\": [\n                  {\n                    \"or\": []\n                  },\n                  {\n                    \"and\": [\n                      \"CB*911\",\n                      {\n                        \"or\": [\n                          {\n                            \"pattern\": \"ZO0L\",\n                            \"exclude\": [\n                              \"UOJ390\",\n                              \"IUK0677\"\n                            ]\n                          }\n                        ]\n                      },\n                      \"KP38U\",\n                      {\n                        \"or\": [\n                          {\n                            \"or\": []\n                          },\n                          {\n                            \"or\": [\n                              {\n                                \"and\": [\n                                  \"ZJ**6\",\n                                  \"KTE96Q\",\n                                  \"CKE97O\",\n                                  \"AQU74A\",\n                                  \"DC5725I\"\n                                ]\n                              }\n                            ]\n                          },\n                          \"PN479\"\n                        ]\n                      }\n                    ]\n                  },\n                  {\n                    \"or\": [\n                      \"AV75C\",\n                      \"AV1204\",\n                      \"VEE46x*B\",\n                      \"WE78S\"\n                    ]\n                  },\n                  \"GGD512V\"\n                ]\n              },\n              {\n                \"pattern\": \"RW5C\",\n                \"exclude\": \"DCA9737\"\n              }\n            ],\n            \"satisfy\": [\n              {\n                \"or\": [\n                  \"]g\",\n                  {\n                    \"or\": [\n                      \"R\",\n                      \"xYU.c'|P\",\n                      {\n                        \"and\": [\n                          \"q*!\",\n                          \"\"\n                        ]\n                      }\n                    ]\n                  },\n                  \"O\",\n                  \"B*\"\n                ]\n              },\n              {\n                \"or\": [\n                  \"1}(ac\",\n                  {\n                    \"or\": [\n                      {\n                        \"and\": [\n                          \"?\"\n                        ]\n                      },\n                      {\n                        \"or\": [\n                          \"G\",\n                          \"}1r4f\"\n                        ]\n                      }\n                    ]\n                  },\n                  {\n                    \"and\": [\n                      \"M\",\n                      \"T/\"\n                    ]\n                  },\n                  {\n                    \"or\": [\n                      \"d\",\n                      \"g^9eW\",\n                      {\n                        \"or\": [\n                          {\n                            \"and\": [\n                              \"M\"\n                            ]\n                          },\n                          {\n                            \"and\": [\n                              \"6J$_L;1\",\n                              \"2bH_9#y\\\"m\",\n                              \"P\"\n                            ]\n                          },\n                          {\n                            \"and\": [\n                              \"=\",\n                              \"C$JGe<\\\\AV\",\n                              {\n                                \"mc\": \"<=67\"\n                              },\n                              {\n                                \"and\": [\n                                  \"8\",\n                                  \"b#_\",\n                                  \"\",\n                                  \"Ea75/|vtM4\",\n                                  \"N\"\n                                ]\n                              }\n                            ]\n                          },\n                          {\n                            \"and\": [\n                              \"@!\\\"\",\n                              \"M)b'\",\n                              \"<s?^u2dy=\",\n                              {\n                                \"mc\": \"<=96\"\n                              }\n                            ]\n                          }\n                        ]\n                      },\n                      \"wB;T\"\n                    ]\n                  }\n                ]\n              },\n              {\n                \"or\": [\n                  {\n                    \"mc\": \">=149\"\n                  }\n                ]\n              },\n              {\n                \"and\": []\n              }\n            ]\n          },\n          \"wNaf\\\"hV\": {\n            \"name\": \"}\",\n            \"ay\": 2020,\n            \"match\": {\n              \"and\": [\n                {\n                  \"or\": []\n                },\n                {\n                  \"pattern\": \"MN*5\",\n                  \"exclude\": [\n                    \"SHSx38T\",\n                    \"PCS99\",\n                    \"WD5\",\n                    \"QU18\"\n                  ],\n                  \"info\": \"lrFK!o\"\n                }\n              ]\n            },\n            \"url\": \"https://rheicljd80mh7-ymvpfcsy.9jjmghyqkosyd9af6nx8s8-dvn7c.3u3ja1vpea2f0fblcxj1ylpu6xtwmwvg6jwt1w-gv54kjv--jhviay.vsfqyx/J$*Y/leu,1%F3%9D%9D%B8gF%F3%BE%9F%A6/PJi~/vIvDp0,dx/'XlVL_:Qx=/M+dA/\",\n            \"info\": \"p)%yP#7Tp\",\n            \"isSelectable\": true\n          }\n        },\n        \"gO@9nC#V2Y\": {\n          \"assign\": \"KC:\",\n          \"match\": \"SS203U\",\n          \"satisfy\": {\n            \"and\": [\n              {\n                \"or\": [\n                  {\n                    \"mc\": \">=193\"\n                  },\n                  \"HI'ED);\",\n                  \"]L\\\\4!#$`Y\"\n                ]\n              },\n              {\n                \"or\": [\n                  \"OtyQ5~\",\n                  {\n                    \"mc\": \"<=117\"\n                  },\n                  \"UAbtZ!\",\n                  {\n                    \"mc\": \"<=159\"\n                  },\n                  {\n                    \"and\": [\n                      \"\",\n                      {\n                        \"and\": []\n                      },\n                      {\n                        \"or\": []\n                      },\n                      \"z~$z\",\n                      \"R,#O\"\n                    ]\n                  }\n                ]\n              },\n              {\n                \"or\": [\n                  {\n                    \"mc\": \"<=80\"\n                  },\n                  {\n                    \"mc\": \"<=140\"\n                  },\n                  \"\"\n                ]\n              }\n            ]\n          },\n          \"url\": \"http://bvno5329s8u5b9c1nohu5tfax1ncff1y45znzjab.rjtxyuwohf/qxsYXz2%F3%B7%B9%A4//iNT%F3%B9%8B%B4H/Xug*l9wgO/:7JiP+%F4%8F%9A%8B5/@/S%F2%A4%B5%82ygqwxu/~@KU.\"\n        }\n      },\n      \"c!bd\": {\n        \"name\": \"xZf5\\\")\",\n        \"ay\": 1984,\n        \"assign\": [\n          \"0mpa=`.Q\",\n          \"+uM_!\",\n          \"~l\",\n          \"?6|{~)\"\n        ],\n        \"match\": {\n          \"or\": [\n            {\n              \"or\": [\n                {\n                  \"pattern\": \"GQF5K\",\n                  \"exclude\": \"CHX8\",\n                  \"info\": \"2aX\"\n                }\n              ]\n            },\n            {\n              \"pattern\": \"XM*\"\n            },\n            {\n              \"pattern\": \"TF8\",\n              \"exclude\": \"DQ333\"\n            },\n            {\n              \"or\": [\n                \"GGM882\",\n                {\n                  \"or\": []\n                },\n                \"WP61C\"\n              ]\n            },\n            {\n              \"or\": [\n                {\n                  \"and\": [\n                    \"AAI*D\",\n                    \"RVH47I\",\n                    \"MVC74T\",\n                    \"IFO40D\",\n                    {\n                      \"pattern\": \"CA9435\",\n                      \"exclude\": [\n                        \"EF68\",\n                        \"NEI1634\"\n                      ],\n                      \"info\": \".\"\n                    }\n                  ]\n                }\n              ]\n            }\n          ]\n        },\n        \"url\": \"http://0s.qgnufhbj6rst71w-52hugtik1mdabela5dyqphdgi9ks348r70wp4f2468p0sd.uignqc8fx700ou7aem5bxatavunxi6gquo7nspv8fnn-wj-apdv8enahg.k.eqjxkohiax/pil%F2%B2%A1%A16e=\",\n        \"info\": \"n} _|<6V2\",\n        \"isSelectable\": true,\n        \"M';f#*}0\": {\n          \"ay\": 1999,\n          \"assign\": [\n            \"ky[\\\"eWc]~G\",\n            \"T,|fTNqMjB\",\n            \"*$mEAG15\",\n            \"\",\n            \"\\\"x\"\n          ],\n          \"match\": [\n            \"OM174R\",\n            {\n              \"pattern\": \"AHM47\",\n              \"exclude\": [\n                \"UY4*04\",\n                \"JYB39\"\n              ],\n              \"info\": \"fC3\"\n            },\n            {\n              \"pattern\": \"BYG60*9N\",\n              \"exclude\": [],\n              \"info\": \"\"\n            },\n            {\n              \"or\": [\n                \"CJL03xx\"\n              ]\n            },\n            {\n              \"pattern\": \"UHP985x\",\n              \"exclude\": [],\n              \"info\": \"Oldd*B,j\"\n            }\n          ],\n          \"satisfy\": [\n            {\n              \"or\": [\n                \"ypr\\\"$\",\n                {\n                  \"and\": [\n                    \"3<C&KV \",\n                    {\n                      \"and\": []\n                    },\n                    {\n                      \"and\": [\n                        \"ECOf-\",\n                        \"AFD0BRb*N\",\n                        \"kiOwv(=$\",\n                        \"\"\n                      ]\n                    }\n                  ]\n                }\n              ]\n            },\n            {\n              \"mc\": \"<=44\"\n            },\n            \"wzbH;tk\",\n            \"K1m?irxjU\"\n          ],\n          \"url\": \"http://xsgxapiqp7pv5tyq9lyygyj-q5zma66crip-8dtqp5hs1s5ukldu4hyi7.xihvntis/%F2%BF%9B%BFYE\",\n          \"isSelectable\": true\n        },\n        \"I5!nYF7z|\": {\n          \"ay\": 1998,\n          \"match\": \"FL1\",\n          \"satisfy\": [\n            \"k~%:b^8 fh\",\n            {\n              \"mc\": \">=106\"\n            }\n          ],\n          \"url\": \"http://fr39sme9ixod0aprftruc5iqsw9qtz8vghhbex.0.3tvzq8mkjww9z8p7h.72nvw5jyukxwqunju1nh5-swa-arwlikshn6kcpr-ewcp1k6uikmfb5r.ogh/U4*pdu/F%F2%8E%9E%A9/J%F2%86%B8%87+LCe./Ucm:!!N0s//ytB%F2%9A%99%80//e%F2%B5%AB%A3gM(&'%F3%93%B4%B1//i;EC2b%F1%B6%B9%99(*j\",\n          \"info\": \"\",\n          \"isSelectable\": true,\n          \"3(=0F9=.i\": {\n            \"name\": \"c:9QF\",\n            \"assign\": \",k<W;}$D\",\n            \"match\": [\n              {\n                \"or\": [\n                  {\n                    \"or\": [\n                      {\n                        \"and\": [\n                          \"RJVx109\"\n                        ]\n                      },\n                      {\n                        \"and\": [\n                          \"IO861S\",\n                          \"PS658\",\n                          {\n                            \"or\": [\n                              \"UN9\",\n                              \"SWH1*3x\",\n                              {\n                                \"or\": []\n                              },\n                              \"ED0*H\"\n                            ]\n                          }\n                        ]\n                      },\n                      {\n                        \"or\": [\n                          {\n                            \"or\": []\n                          },\n                          {\n                            \"pattern\": \"EQ19B\",\n                            \"info\": \"g0/T.\"\n                          }\n                        ]\n                      },\n                      {\n                        \"and\": [\n                          \"VSC*2*4\"\n                        ]\n                      },\n                      {\n                        \"and\": [\n                          {\n                            \"or\": [\n                              \"EFI1\",\n                              \"AWG66\",\n                              \"UKW8469\"\n                            ]\n                          },\n                          \"QDB2653R\",\n                          {\n                            \"and\": []\n                          },\n                          {\n                            \"and\": [\n                              \"ACD7\",\n                              \"NMA7*xJ\",\n                              \"PHP117O\",\n                              {\n                                \"or\": []\n                              },\n                              \"OLK7*S\"\n                            ]\n                          },\n                          \"IFI8\"\n                        ]\n                      }\n                    ]\n                  },\n                  {\n                    \"and\": [\n                      {\n                        \"or\": [\n                          {\n                            \"or\": [\n                              {\n                                \"pattern\": \"PP8\",\n                                \"exclude\": \"XL43\"\n                              },\n                              \"LVV*3D\"\n                            ]\n                          }\n                        ]\n                      },\n                      \"MSV732E\"\n                    ]\n                  },\n                  \"COF3*S\",\n                  {\n                    \"pattern\": \"PGX98x*\",\n                    \"exclude\": \"XW5\"\n                  }\n                ]\n              },\n              {\n                \"pattern\": \"GZ*\",\n                \"exclude\": [\n                  \"UK78\",\n                  \"BJ7x9\",\n                  \"WPN2*4G\"\n                ],\n                \"info\": \"0\"\n              },\n              \"RV6\",\n              \"VS5\"\n            ],\n            \"satisfy\": {\n              \"mc\": \">=199\"\n            },\n            \"url\": \"https://w.cpupw\",\n            \"isSelectable\": true\n          },\n          \"TJTKg%|\": {\n            \"name\": \"+y\",\n            \"ay\": 1983,\n            \"match\": \"GMRx90\",\n            \"satisfy\": {\n              \"and\": [\n                \"@n\",\n                {\n                  \"and\": [\n                    {\n                      \"and\": [\n                        {\n                          \"mc\": \"<=14\"\n                        },\n                        \"&;\",\n                        \"p8\",\n                        \"ye1<\"\n                      ]\n                    },\n                    \"6K)8\",\n                    {\n                      \"and\": [\n                        \"t;y^^ci<Y\",\n                        \"9lx?[\",\n                        \"_>\"\n                      ]\n                    },\n                    \"~iGf|Z\",\n                    \"9\"\n                  ]\n                },\n                {\n                  \"or\": [\n                    \"/<)|pex\"\n                  ]\n                },\n                \"(]}qWu\",\n                {\n                  \"or\": [\n                    {\n                      \"or\": [\n                        \"z:D\"\n                      ]\n                    },\n                    \"yqkQI\",\n                    \"h3s=gjf\",\n                    {\n                      \"mc\": \"<=79\"\n                    },\n                    \"U z'y=iL\"\n                  ]\n                }\n              ]\n            },\n            \"}HG9J'4U\": {\n              \"assign\": \"egZM\",\n              \"match\": {\n                \"and\": [\n                  \"CU5\",\n                  {\n                    \"and\": [\n                      \"GE84*1B\"\n                    ]\n                  },\n                  {\n                    \"pattern\": \"NYG382\",\n                    \"exclude\": [\n                      \"XML8xxN\",\n                      \"IVA*64\"\n                    ],\n                    \"info\": \"wyGa~u7)|W\"\n                  }\n                ]\n              },\n              \"satisfy\": \"E~tcBP8v\",\n              \"url\": \"https://juwriwnays8rpx1w7f2ssfqwrk72-ei7szty6z7762hn.73qt3t681eiunp2k37w.h8apd3jahs5myx2575ipyg4mauvwosi7-m5yip5sohivu83r-3xik2uq3br.esvelskje/9=\",\n              \"info\": \"Zyrp~2 \"\n            }\n          },\n          \"\": {\n            \"name\": \"wzgaHkBD\",\n            \"ay\": 1955,\n            \"assign\": \"u}![3P\",\n            \"match\": \"WJ4225O\",\n            \"satisfy\": {\n              \"and\": [\n                {\n                  \"and\": []\n                },\n                \"PNhCX&uQPP\",\n                {\n                  \"and\": [\n                    {\n                      \"or\": []\n                    },\n                    \"2:&{i$U'\"\n                  ]\n                }\n              ]\n            },\n            \"url\": \"https://eajxm0a9fxbxhcv6duy6v1-afl1g4l2rj8nbnzhgu1zv3khh6zx7h4kndvd.4pox4aftem8qgm5c-uoqq1zakzp06y1pcxm-nb-zaj-7ye98op2bp6ov.ow7tfxr2n333jz6si628a-7w1az87hrb85g4hxlhii9sihqhy1.qmwnl5k6p1v0f.k.vcgy/Nf_s7)-U/%F1%AE%B9%86Pd=;2:*/vS%F4%87%8F%AB/ZZp/h9WC\",\n            \">Ub74p\": {\n              \"name\": \"e==CX3\",\n              \"ay\": 2025,\n              \"assign\": \"3\",\n              \"match\": [\n                {\n                  \"and\": [\n                    {\n                      \"pattern\": \"QL0*x\",\n                      \"exclude\": \"CE*150\",\n                      \"info\": \"%G4a^b2|>,\"\n                    },\n                    {\n                      \"pattern\": \"EI60\",\n                      \"exclude\": [\n                        \"VZJ0250\"\n                      ]\n                    },\n                    {\n                      \"or\": [\n                        \"BP05\",\n                        {\n                          \"and\": []\n                        },\n                        \"SH*45\",\n                        \"FD520x\"\n                      ]\n                    },\n                    {\n                      \"or\": []\n                    }\n                  ]\n                },\n                {\n                  \"or\": []\n                }\n              ],\n              \"satisfy\": [\n                {\n                  \"mc\": \"<=153\"\n                },\n                {\n                  \"mc\": \"<=185\"\n                },\n                {\n                  \"mc\": \">=47\"\n                },\n                {\n                  \"and\": [\n                    {\n                      \"and\": [\n                        {\n                          \"mc\": \">=137\"\n                        },\n                        {\n                          \"and\": [\n                            \"eeGB-Pg|\",\n                            \"O5R0\",\n                            {\n                              \"and\": [\n                                \"_BJffz\",\n                                \"-PYa36+y1\",\n                                \"S\",\n                                \"\"\n                              ]\n                            },\n                            \"\",\n                            {\n                              \"and\": [\n                                \"ceK\",\n                                {\n                                  \"or\": []\n                                },\n                                {\n                                  \"mc\": \">=90\"\n                                }\n                              ]\n                            }\n                          ]\n                        }\n                      ]\n                    },\n                    \"znfB/zz^3\",\n                    {\n                      \"mc\": \"<=79\"\n                    }\n                  ]\n                }\n              ],\n              \"url\": \"http://yoqyowca7phyrfc.1.drv4neuq3a62lshqxnrmkqah7z27-igbsy-e.rwwjzvuhv/9!A!%F0%B2%99%B1B/mP'/r/(16w/ObU%F1%87%BA%A4DFjPP\",\n              \"info\": \"sL~n\"\n            },\n            \"K\": {\n              \"ay\": 2021,\n              \"match\": [\n                \"JHT2*x6D\",\n                {\n                  \"pattern\": \"HT08\",\n                  \"exclude\": \"GCB*43\",\n                  \"info\": \"v\"\n                }\n              ],\n              \"satisfy\": {\n                \"or\": [\n                  {\n                    \"or\": [\n                      \"^\"\n                    ]\n                  },\n                  {\n                    \"mc\": \">=16\"\n                  }\n                ]\n              },\n              \"url\": \"https://8ezg0ft471czbg1lc3y-j-sm9hyxz5fww9nd3f1eqxd0vy6z3mjf7.5a-vjjrukze0.9v254mwvk30abyh3l4.habocpid\",\n              \"info\": \"j>JeDE-;K*\",\n              \"isSelectable\": true\n            },\n            \"2GS6c/iNmA\": {\n              \"name\": \"nxNli$\",\n              \"ay\": 2020,\n              \"assign\": \"(h\",\n              \"match\": [\n                {\n                  \"or\": [\n                    \"JV2x21\",\n                    {\n                      \"and\": [\n                        \"HAH*\"\n                      ]\n                    },\n                    {\n                      \"or\": [\n                        \"GIU71Q\",\n                        \"KPA09A\",\n                        {\n                          \"and\": []\n                        },\n                        \"MG814\",\n                        {\n                          \"and\": [\n                            {\n                              \"or\": [\n                                \"FDE563W\",\n                                \"NZA20M\",\n                                \"ZFQx9x8R\",\n                                \"QK764D\"\n                              ]\n                            },\n                            \"DC308J\",\n                            \"IE5*H\"\n                          ]\n                        }\n                      ]\n                    },\n                    {\n                      \"or\": [\n                        \"DNA45A\",\n                        \"YR664xF\",\n                        \"WV*xS\",\n                        \"JL25*\",\n                        {\n                          \"or\": [\n                            {\n                              \"and\": [\n                                \"XSQ298G\",\n                                \"RSI74*3E\",\n                                \"XR68F\",\n                                \"AYY3*D\"\n                              ]\n                            },\n                            {\n                              \"and\": []\n                            }\n                          ]\n                        }\n                      ]\n                    }\n                  ]\n                },\n                {\n                  \"and\": [\n                    {\n                      \"or\": [\n                        \"LYX802\",\n                        \"TYQ8\",\n                        {\n                          \"pattern\": \"SB3H\",\n                          \"exclude\": [\n                            \"YQ22N\",\n                            \"WG3*96D\",\n                            \"VLSx57\"\n                          ],\n                          \"info\": \"kOs_\"\n                        },\n                        {\n                          \"pattern\": \"VEU7666\",\n                          \"exclude\": \"TPO2x36H\"\n                        },\n                        {\n                          \"pattern\": \"IE68\",\n                          \"exclude\": [\n                            \"TXS02x\",\n                            \"JVx*71\",\n                            \"LV*52x\",\n                            \"FBS6\",\n                            \"ZA3417C\"\n                          ],\n                          \"info\": \":q7\"\n                        }\n                      ]\n                    },\n                    {\n                      \"or\": [\n                        {\n                          \"pattern\": \"OPQ0450I\",\n                          \"exclude\": [\n                            \"ZE9806\",\n                            \"YQT07*V\",\n                            \"HSD710\",\n                            \"TA2658\",\n                            \"KA1\"\n                          ]\n                        },\n                        {\n                          \"pattern\": \"VN97I\",\n                          \"exclude\": [\n                            \"NF5\",\n                            \"VH941Q\",\n                            \"BWV5098O\",\n                            \"JYG554xK\"\n                          ],\n                          \"info\": \"\"\n                        }\n                      ]\n                    },\n                    {\n                      \"or\": [\n                        {\n                          \"pattern\": \"QDT6I\",\n                          \"exclude\": [],\n                          \"info\": \"Owx y' !//\"\n                        },\n                        \"INZ4502\",\n                        {\n                          \"and\": [\n                            \"GPN*x03J\",\n                            {\n                              \"or\": [\n                                \"LL11U\",\n                                {\n                                  \"pattern\": \"BL*89E\",\n                                  \"exclude\": \"BGAx\",\n                                  \"info\": \"n\"\n                                },\n                                \"SK80A\",\n                                \"NQ519U\"\n                              ]\n                            },\n                            \"KQ904\"\n                          ]\n                        },\n                        {\n                          \"pattern\": \"CDD633T\",\n                          \"exclude\": [\n                            \"HK038\",\n                            \"LS588\",\n                            \"YF*886C\",\n                            \"BT4150\",\n                            \"AS3x*\"\n                          ],\n                          \"info\": \"oiV.jPL`\"\n                        },\n                        \"QEE692*\"\n                      ]\n                    }\n                  ]\n                },\n                {\n                  \"and\": [\n                    {\n                      \"or\": [\n                        {\n                          \"and\": [\n                            \"VLR8\",\n                            \"FF*x\"\n                          ]\n                        }\n                      ]\n                    },\n                    \"RHC29\",\n                    {\n                      \"pattern\": \"IOUx3\",\n                      \"exclude\": [],\n                      \"info\": \"Ds_$OZ\"\n                    },\n                    \"BXF596\",\n                    {\n                      \"or\": [\n                        \"KFS06U\"\n                      ]\n                    }\n                  ]\n                },\n                {\n                  \"and\": [\n                    \"FJ6081\"\n                  ]\n                },\n                \"DLY*2D\"\n              ],\n              \"satisfy\": [\n                {\n                  \"mc\": \"<=35\"\n                },\n                {\n                  \"and\": [\n                    {\n                      \"mc\": \"<=68\"\n                    }\n                  ]\n                },\n                {\n                  \"mc\": \">=102\"\n                },\n                {\n                  \"and\": [\n                    {\n                      \"mc\": \"<=164\"\n                    },\n                    \"s'~u(R% i\"\n                  ]\n                },\n                {\n                  \"mc\": \">=42\"\n                }\n              ],\n              \"url\": \"https://ovqr.wk/dl/a=/:sZp=fTLZ-/0icc%F0%AA%9F%A8Q+/Xckq1eMxXE\",\n              \"info\": \"N\\\\<B\"\n            }\n          },\n          \"U'9FF\": {\n            \"name\": \",M A;zP``M\",\n            \"assign\": \"}(4|u\",\n            \"match\": [\n              {\n                \"pattern\": \"MK4500M\",\n                \"exclude\": [],\n                \"info\": \"H.~c\"\n              },\n              {\n                \"or\": [\n                  \"ARx23\",\n                  {\n                    \"pattern\": \"XCBx631E\"\n                  }\n                ]\n              }\n            ],\n            \"satisfy\": [\n              {\n                \"or\": []\n              },\n              {\n                \"and\": [\n                  {\n                    \"or\": [\n                      {\n                        \"and\": [\n                          {\n                            \"mc\": \">=101\"\n                          },\n                          {\n                            \"mc\": \"<=182\"\n                          },\n                          {\n                            \"or\": [\n                              \"?|J\\\\\"\n                            ]\n                          }\n                        ]\n                      },\n                      {\n                        \"or\": [\n                          {\n                            \"or\": [\n                              \"aCIiLiCpt\",\n                              \"\\\\~q+,B\",\n                              {\n                                \"and\": [\n                                  {\n                                    \"mc\": \">=164\"\n                                  },\n                                  \"Ra\",\n                                  \"\",\n                                  \"%>QoX{dV\",\n                                  \",NA{*\\\\{f\"\n                                ]\n                              },\n                              {\n                                \"and\": []\n                              }\n                            ]\n                          },\n                          {\n                            \"and\": [\n                              \"1v^6Bj6\",\n                              \"\",\n                              {\n                                \"and\": [\n                                  \"v%l/\",\n                                  \"a. ].\",\n                                  \"UF\"\n                                ]\n                              },\n                              {\n                                \"mc\": \"<=38\"\n                              },\n                              \"na\"\n                            ]\n                          },\n                          \"-K{Ms[\"\n                        ]\n                      },\n                      \"r]oRz\\\"mj3/\"\n                    ]\n                  },\n                  \"z:.3Ew;4:\",\n                  {\n                    \"and\": [\n                      \"{ q3)LKx\",\n                      \"G1%q`\",\n                      \"{^zb)\"\n                    ]\n                  },\n                  {\n                    \"mc\": \"<=57\"\n                  }\n                ]\n              }\n            ],\n            \"url\": \"https://t.jhk1pbh9sb3o4ndui2-zf1.bayyqho/jB%F4%85%B8%88)Wx(0/6$%F0%B1%9B%962/%F0%BA%A7%BEl*xwl/cBMhY\",\n            \"info\": \"vnf\",\n            \"isSelectable\": true\n          },\n          \"{GH~!i2s2\": {\n            \"name\": \"\",\n            \"ay\": 2028,\n            \"assign\": \"=U?lUjJ\",\n            \"match\": [\n              \"PX3161\",\n              \"FC06\"\n            ],\n            \"satisfy\": {\n              \"or\": [\n                {\n                  \"and\": [\n                    {\n                      \"and\": []\n                    },\n                    \"0?,@\",\n                    {\n                      \"and\": [\n                        {\n                          \"or\": [\n                            \"(2Li\",\n                            \"v0(\",\n                            \"xB\",\n                            \"N8.|;~\"\n                          ]\n                        },\n                        \"^\",\n                        \"%Rh0(7*LU\",\n                        {\n                          \"or\": [\n                            \"zTh|EHFfyp\",\n                            \",JEA\",\n                            {\n                              \"and\": []\n                            },\n                            \";\"\n                          ]\n                        }\n                      ]\n                    },\n                    {\n                      \"or\": [\n                        {\n                          \"and\": [\n                            \")Ln-`@]?\",\n                            \"\"\n                          ]\n                        },\n                        \";[A??LPZ\",\n                        \"\",\n                        \"Dq6@\"\n                      ]\n                    }\n                  ]\n                },\n                {\n                  \"and\": [\n                    \"dK_wSDAZ;\",\n                    \"^9 G;]4d\",\n                    \"%e:%tE,N/\"\n                  ]\n                },\n                {\n                  \"mc\": \">=7\"\n                }\n              ]\n            },\n            \"url\": \"http://kusj1ny2re05w.r8qrc77fzdk5dnk2337p.g7tf4gjpq3du1znj2dyst-lr1toyle1862qsu1j.8d6fu3ozi1w-k.kvxdpkg2nouhvjeywoqq8qxxi5jlqgzlea9f578.rrnzohqvgt/SCBr/%E9%96%82(1cm+c0/c/z%F1%B3%89%B7,f2Sj%F2%AB%80%811E/CP*dacLe&\",\n            \"info\": \";]S}^Az}b\"\n          }\n        },\n        \"]\": {\n          \"name\": \")_2_yiZ\",\n          \"ay\": 2018,\n          \"assign\": [],\n          \"match\": [],\n          \"satisfy\": {\n            \"and\": [\n              {\n                \"and\": [\n                  {\n                    \"mc\": \">=14\"\n                  },\n                  \"WefyFk[&s,\",\n                  {\n                    \"or\": []\n                  }\n                ]\n              },\n              {\n                \"or\": [\n                  {\n                    \"or\": [\n                      {\n                        \"or\": [\n                          \"pFt\",\n                          \"\",\n                          \"!\\\\\",\n                          \"Qy{\",\n                          \"[zL(9d\"\n                        ]\n                      },\n                      \">\"\n                    ]\n                  },\n                  \"t0jq$\",\n                  \"jX.fD\"\n                ]\n              }\n            ]\n          },\n          \"url\": \"http://j91b.tpcsv5hu9cm31ntnrbvmnqc5gg5aimrrlpk8594v71zle1mzr6433t8t-l.j29v2xktokz-p69ku1zy47h.zv/5DT//%F3%AB%A4%87%F0%AC%A8%98Bb9Z:/dYusR%F3%B5%9F%BF&/GRAH//WH%F2%88%81%BCMVl/\",\n          \"info\": \"&7$;@*\",\n          \"isSelectable\": true,\n          \"\": {\n            \"ay\": 1953,\n            \"assign\": [\n              \"`0\",\n              \"ul\",\n              \"@\",\n              \"\",\n              \"\"\n            ],\n            \"match\": {\n              \"or\": [\n                {\n                  \"and\": []\n                }\n              ]\n            },\n            \"satisfy\": {\n              \"and\": [\n                {\n                  \"and\": []\n                },\n                {\n                  \"or\": [\n                    {\n                      \"and\": [\n                        \"$\",\n                        \"S\",\n                        {\n                          \"and\": [\n                            \"b)`Fy^\",\n                            \"{EJ=fdv\",\n                            \"\",\n                            \"~\",\n                            {\n                              \"and\": []\n                            }\n                          ]\n                        },\n                        \"07Q\",\n                        {\n                          \"mc\": \"<=148\"\n                        }\n                      ]\n                    },\n                    {\n                      \"and\": [\n                        \"\",\n                        \"g$t;sNpCE&\",\n                        \"i,)\"\n                      ]\n                    },\n                    \"R;pw$kn\"\n                  ]\n                },\n                {\n                  \"and\": [\n                    \"\",\n                    \"b<\"\n                  ]\n                },\n                {\n                  \"mc\": \">=11\"\n                },\n                {\n                  \"mc\": \">=37\"\n                }\n              ]\n            },\n            \"url\": \"http://w1tro1b6436t-r90ftvw5brzbgi-lfau5439ngr3wyc4x.m7wwx5dufpe6dgy1ndu5gfxtb0fo1vylat008.f.9zg4d2itg5latnqurpn-28oef0oepmgo76z747dvb1wobp0-vi8b8532mink.eezgqtq6z5lkmmj22gp758ee625wjfzym35jbcs1uumf20qowogoal8smgou55.zun\",\n            \"isSelectable\": true\n          }\n        },\n        \"Vdx&se_\": {\n          \"ay\": 1983,\n          \"assign\": \"OUF4\",\n          \"satisfy\": [\n            \"\",\n            \"52?5o\",\n            {\n              \"or\": [\n                {\n                  \"or\": [\n                    \"{l!fpW\",\n                    {\n                      \"and\": [\n                        \"!]$A\\\"E\",\n                        \"Qg|&sI[\"\n                      ]\n                    }\n                  ]\n                },\n                {\n                  \"and\": [\n                    {\n                      \"or\": [\n                        \"w?|yG>1\"\n                      ]\n                    }\n                  ]\n                },\n                {\n                  \"or\": []\n                },\n                {\n                  \"or\": [\n                    {\n                      \"or\": [\n                        {\n                          \"or\": [\n                            \"y{^\"\n                          ]\n                        },\n                        \"A^2\"\n                      ]\n                    },\n                    \"rG,E~)\",\n                    {\n                      \"or\": [\n                        {\n                          \"or\": [\n                            \"u>H\\\\sv/X\"\n                          ]\n                        },\n                        {\n                          \"mc\": \">=136\"\n                        },\n                        \"X\",\n                        {\n                          \"or\": [\n                            \",{r$9\",\n                            {\n                              \"or\": []\n                            },\n                            \"yD4]o`f\"\n                          ]\n                        },\n                        \"@K,{UNgo<\"\n                      ]\n                    }\n                  ]\n                },\n                {\n                  \"mc\": \"<=78\"\n                }\n              ]\n            }\n          ],\n          \"info\": \"*B@W+\",\n          \"isSelectable\": true\n        }\n      },\n      \"\": {\n        \"name\": \" 4wcs\",\n        \"ay\": 1961,\n        \"assign\": [\n          \"9WcyE@z}\\\"~\",\n          \"f-\"\n        ],\n        \"match\": \"AN9563\",\n        \"url\": \"https://ghhxplcp.xhhwznuzv/c/%F0%9C%B4%A9x/9%F0%AD%95%BC/rG:/6M%F3%A4%BF%9AO/I\",\n        \"info\": \"D=zv\",\n        \"isSelectable\": true,\n        \"@-BMMB\": {\n          \"name\": \"\",\n          \"ay\": 1981,\n          \"assign\": [\n            \"0:zcKC6i-S\"\n          ],\n          \"match\": {\n            \"or\": []\n          },\n          \"satisfy\": \"0XEC*^\",\n          \"url\": \"http://k9qwojxae5w.armrngwg3l1rxsmdx6esn5y544gh68mo4jf7hfdz.3asdw6k52of6idxqh5h7m99of91sd292ouezb.lj/jY_8;%F0%B8%90%BAS*\",\n          \"info\": \"\\\\>iA\",\n          \"isSelectable\": true\n        }\n      }\n    }\n  },\n  {\n    \"title\": \"block sample 3\",\n    \"value\": {\n      \"ay\": 1952,\n      \"assign\": \"H[NX[%}Y\",\n      \"match\": [],\n      \"satisfy\": \"yxg 7#(\",\n      \"url\": \"http://1jf1l94v643ujbn1gb63e-rbazfimpw-56eaityh9ucvo98mtr.n1f7ox9m288es1mrsg8qv1zyob9skjkqzhv6hz0u3l6gw8irfdg-3.izmn/V9Wa)/e@Ep'6RRk/R/*oA+q(4/%F2%82%A4%881b=/6zH/%F3%85%9D%A5/-MU%F3%A4%BF%AEilf\",\n      \"isSelectable\": true\n    }\n  },\n  {\n    \"title\": \"block sample 4\",\n    \"value\": {\n      \"name\": \"eEE]Tr(\",\n      \"ay\": 1955,\n      \"assign\": \".\\\\;?<b0t\",\n      \"match\": [\n        {\n          \"pattern\": \"JM4I\",\n          \"exclude\": [\n            \"GIQ2Y\",\n            \"IBJ*681P\",\n            \"RZx24Y\",\n            \"FP46R\",\n            \"LZSx92\"\n          ],\n          \"info\": \"jlflhJ= \"\n        },\n        {\n          \"pattern\": \"UAPx\",\n          \"exclude\": [\n            \"MEY3x77T\",\n            \"IH*4xW\",\n            \"HOO042N\",\n            \"GN0\",\n            \"LP5*V\"\n          ],\n          \"info\": \"IE\"\n        }\n      ],\n      \"info\": \"&{!Y\\\"\",\n      \"isSelectable\": true,\n      \"={)2?JNE0\": {\n        \"name\": \"&|0!!Vz&f\",\n        \"ay\": 1956,\n        \"match\": {\n          \"pattern\": \"XBK703B\",\n          \"exclude\": \"DMxx2\",\n          \"info\": \"| \\\"$\"\n        },\n        \"satisfy\": [\n          {\n            \"and\": [\n              \"\",\n              {\n                \"mc\": \"<=191\"\n              },\n              {\n                \"and\": [\n                  \"Noa|]pj\",\n                  {\n                    \"and\": [\n                      \"b4[Zf\",\n                      \"^?+^\",\n                      \"\",\n                      \"[4On]|Lmz\",\n                      \"73(B]+w\"\n                    ]\n                  },\n                  {\n                    \"and\": [\n                      {\n                        \"or\": [\n                          \"N'j\"\n                        ]\n                      },\n                      \"uys\",\n                      {\n                        \"mc\": \"<=158\"\n                      },\n                      \")^r[<`1-V\"\n                    ]\n                  },\n                  \"\",\n                  {\n                    \"or\": [\n                      {\n                        \"and\": [\n                          \"$YX\\\"lI<7eX\"\n                        ]\n                      },\n                      {\n                        \"or\": []\n                      },\n                      \")\"\n                    ]\n                  }\n                ]\n              },\n              {\n                \"mc\": \"<=95\"\n              }\n            ]\n          },\n          \"\",\n          \"}\"\n        ],\n        \"info\": \"\",\n        \"isSelectable\": true\n      },\n      \"!\\\"\": {\n        \"name\": \"48_<\",\n        \"ay\": 1990,\n        \"assign\": \"z!\",\n        \"satisfy\": [\n          \"5F?\\\"we>\",\n          {\n            \"or\": [\n              {\n                \"and\": []\n              },\n              {\n                \"mc\": \"<=46\"\n              },\n              {\n                \"or\": []\n              },\n              {\n                \"and\": [\n                  \"o^K&e);>e#\",\n                  {\n                    \"mc\": \">=87\"\n                  }\n                ]\n              }\n            ]\n          }\n        ],\n        \"url\": \"http://xde-9g.ee6-71jfau8c8fa-koaceqab4d-b0cff05s.c-8jolhvf4d3dfetg9u79tx2wo644bgyro4bpr2-d.lnjcabemec/WGyj-F/:xKr5!%F1%B6%83%84+7/%F1%92%93%87r//x/g;~%F0%A1%B8%97@gd/TUaH%F2%BD%AB%93/+b%2a\",\n        \"info\": \"Uz*U32-w\",\n        \"isSelectable\": true\n      }\n    }\n  },\n  {\n    \"title\": \"block sample 5\",\n    \"value\": {\n      \"name\": \"D8c8\\\\\",\n      \"assign\": [\n        \"]*<c75L\",\n        \"*K*{T\",\n        \"h9Hj(q2,b*\",\n        \"hgWQ`s{L\"\n      ],\n      \"match\": [],\n      \"satisfy\": [\n        \"\",\n        {\n          \"mc\": \">=39\"\n        },\n        {\n          \"and\": [\n            {\n              \"mc\": \">=190\"\n            },\n            \"Z'iu*\",\n            {\n              \"mc\": \">=36\"\n            },\n            {\n              \"and\": [\n                \" \",\n                {\n                  \"mc\": \"<=4\"\n                }\n              ]\n            },\n            {\n              \"or\": [\n                \"`3#4/)X\",\n                \"=f]\",\n                \"\\\"1t;U||\"\n              ]\n            }\n          ]\n        },\n        {\n          \"or\": [\n            {\n              \"or\": [\n                {\n                  \"and\": [\n                    \"wj)K'JN\\\"}\",\n                    \"\"\n                  ]\n                },\n                {\n                  \"or\": [\n                    {\n                      \"or\": []\n                    },\n                    {\n                      \"and\": [\n                        \"S[zWW@\",\n                        \";gD4r9KR\",\n                        \"g]rVk=wvF\",\n                        \"]x\"\n                      ]\n                    },\n                    {\n                      \"and\": [\n                        \"a9C `\",\n                        \"}q-l$9R*S+\",\n                        \"$.JA<pE`A\",\n                        \"zK8#8\"\n                      ]\n                    }\n                  ]\n                },\n                \"Zmr,L\"\n              ]\n            },\n            {\n              \"or\": [\n                \"W6d$pp\",\n                {\n                  \"or\": [\n                    \"mL7\\\\.\\\\pl\",\n                    \"W\",\n                    {\n                      \"and\": [\n                        \"b;=G}jGub-\",\n                        \"Gnd$`@k\"\n                      ]\n                    },\n                    \"|H5$p\",\n                    {\n                      \"and\": [\n                        \"p@ w^J\",\n                        {\n                          \"or\": [\n                            \"<:d+*1\",\n                            \"\\\\*\"\n                          ]\n                        }\n                      ]\n                    }\n                  ]\n                },\n                {\n                  \"or\": []\n                }\n              ]\n            }\n          ]\n        },\n        \"d[Ot\"\n      ],\n      \"url\": \"http://4dey4r-3t0lnor9imi13kfwoxiried2qoi9f2hl14id9xf3u5y1.fxnridw38wjab-re5duk7okr1ewl.at5l8hmisgujig4ckmdgy9nxyc4.krlnydam/fqQ%F3%97%8C%9C/8f6u%F3%A8%96%98d/jaE%F1%87%90%B0.gj@/v%F1%8A%AE%89VpK+QYJ(/MnyR/e_kk$'f\",\n      \"info\": \"9t7_]\",\n      \"isSelectable\": true,\n      \"w4V2G7ib\": {\n        \"name\": \"bj)f&iI\",\n        \"ay\": 2028,\n        \"assign\": [\n          \"&H#Vz& 5w\",\n          \":x\",\n          \"iK./\",\n          \"ip<^e\"\n        ],\n        \"match\": [\n          {\n            \"and\": [\n              {\n                \"pattern\": \"MQ6B\",\n                \"exclude\": \"MZG0L\",\n                \"info\": \"]5t5]d84\"\n              },\n              {\n                \"pattern\": \"QY14\",\n                \"exclude\": \"QPL1\",\n                \"info\": \"`:1E}Ys\"\n              },\n              \"VUA39\",\n              \"AE3677M\"\n            ]\n          },\n          {\n            \"pattern\": \"QKLx709\",\n            \"exclude\": [\n              \"BAE*W\",\n              \"MLZ5X\",\n              \"OOI2274\",\n              \"IG05\"\n            ],\n            \"info\": \"!\\\"W$ \"\n          },\n          {\n            \"and\": [\n              \"HY0Q\",\n              \"WSx*\",\n              {\n                \"and\": [\n                  {\n                    \"and\": [\n                      \"QVI477*V\"\n                    ]\n                  },\n                  \"NMY1493\"\n                ]\n              },\n              \"WUZ1*2L\",\n              {\n                \"or\": []\n              }\n            ]\n          },\n          {\n            \"pattern\": \"GK6\",\n            \"exclude\": [\n              \"AAX8D\",\n              \"MY189\",\n              \"XTR*73P\"\n            ],\n            \"info\": \"1wJ*'sf0\\\"\"\n          }\n        ],\n        \"url\": \"http://u.ywecb/;\",\n        \"info\": \"iF@gxy\",\n        \"isSelectable\": true\n      }\n    }\n  },\n  {\n    \"title\": \"block sample 6\",\n    \"value\": {\n      \"name\": \"~w>LTl1\",\n      \"ay\": 1955,\n      \"assign\": [\n        \"4?\",\n        \"F{1ihHF:\",\n        \"#{ \"\n      ],\n      \"match\": {\n        \"pattern\": \"OAKx51Z\",\n        \"exclude\": [],\n        \"info\": \"!!y\"\n      },\n      \"satisfy\": {\n        \"mc\": \"<=8\"\n      },\n      \"url\": \"http://l.8hab.2uqei0sdhl8rf30j7wv397z2m127o3bzed4869cqjooaruw3yd9.xjtbx/,s%F3%85%A2%A3'zQEl'/\",\n      \"info\": \"#%$%#/$S%|\"\n    }\n  },\n  {\n    \"title\": \"block sample 7\",\n    \"value\": {\n      \"name\": \"R\",\n      \"ay\": 2012,\n      \"assign\": \"\",\n      \"match\": [\n        {\n          \"or\": []\n        },\n        {\n          \"pattern\": \"FDQ5*6\"\n        },\n        {\n          \"pattern\": \"PE6437X\",\n          \"exclude\": []\n        }\n      ],\n      \"info\": \"`\",\n      \"isSelectable\": true,\n      \"M3T,`p\": {\n        \"name\": \"o2>\",\n        \"ay\": 2029,\n        \"assign\": \"sU.9\",\n        \"match\": {\n          \"or\": [\n            {\n              \"pattern\": \"UAW5291\",\n              \"info\": \"_9WI{&:f\"\n            },\n            {\n              \"or\": [\n                {\n                  \"or\": [\n                    {\n                      \"pattern\": \"YL0\",\n                      \"exclude\": \"TY073F\",\n                      \"info\": \"DZ#>5w\"\n                    },\n                    {\n                      \"or\": [\n                        \"BCA61\",\n                        \"FNC8\",\n                        \"MOP34W\",\n                        \"DO*97B\"\n                      ]\n                    },\n                    {\n                      \"or\": [\n                        \"CW634X\"\n                      ]\n                    },\n                    {\n                      \"and\": [\n                        \"WG5xx2\"\n                      ]\n                    },\n                    {\n                      \"and\": [\n                        \"OH7T\",\n                        {\n                          \"and\": [\n                            \"GNE545U\",\n                            \"LFO4xW\",\n                            \"TW*0*\",\n                            \"KZG2*\"\n                          ]\n                        },\n                        \"WX3Q\",\n                        \"FZD*2*1\"\n                      ]\n                    }\n                  ]\n                },\n                {\n                  \"or\": [\n                    {\n                      \"and\": [\n                        \"LI0Y\",\n                        {\n                          \"pattern\": \"VQ0O\",\n                          \"exclude\": \"YN9\"\n                        }\n                      ]\n                    },\n                    \"ZW93O\"\n                  ]\n                },\n                {\n                  \"or\": [\n                    {\n                      \"or\": [\n                        \"HN313*\",\n                        \"TY2Y\"\n                      ]\n                    }\n                  ]\n                },\n                {\n                  \"or\": [\n                    {\n                      \"or\": [\n                        \"RT44B\",\n                        {\n                          \"and\": [\n                            \"HEF60F\",\n                            \"TE8412A\"\n                          ]\n                        },\n                        {\n                          \"and\": [\n                            \"JK6*86\",\n                            \"JYH6N\"\n                          ]\n                        },\n                        \"TIV081x\",\n                        \"AWH312\"\n                      ]\n                    }\n                  ]\n                }\n              ]\n            }\n          ]\n        },\n        \"satisfy\": {\n          \"or\": [\n            {\n              \"and\": [\n                \"?G6f{<L\",\n                \"Z\\\\$\",\n                {\n                  \"or\": [\n                    {\n                      \"or\": []\n                    },\n                    \"ANv\"\n                  ]\n                },\n                {\n                  \"mc\": \">=3\"\n                },\n                {\n                  \"and\": []\n                }\n              ]\n            },\n            {\n              \"or\": [\n                {\n                  \"mc\": \"<=200\"\n                },\n                {\n                  \"and\": []\n                }\n              ]\n            },\n            {\n              \"and\": []\n            },\n            \"e9w{HX\"\n          ]\n        },\n        \"url\": \"https://23xhjzpx2u9cqaqtaszeyrake89q24kz38xc9k1t.cpzepn2rgwp.feega807ixaxba2k--ml8mppn3x6zhkzxftl-5.szhso/FG%F3%92%A5%A2s/%F2%94%B1%ABzt.TcD/='r%F0%BA%86%9DL\",\n        \"info\": \"\",\n        \"isSelectable\": true\n      },\n      \"q`q\": {\n        \"name\": \"< R\",\n        \"assign\": [\n          \"1F*:(^8\",\n          \"\",\n          \"b=\",\n          \"AV\"\n        ],\n        \"match\": [\n          \"YWN*091P\",\n          {\n            \"and\": []\n          },\n          {\n            \"and\": []\n          },\n          {\n            \"pattern\": \"MYO707*\",\n            \"info\": \"~fl /-\"\n          }\n        ],\n        \"url\": \"https://qm6i-8fviy5euleuuq4t1uhvl95s97i.2bpotxyz5y62hv3turikd447teysi7a.kemi\",\n        \"info\": \"JG(\",\n        \"isSelectable\": true,\n        \"!N>,!2Qp\": {\n          \"name\": \";`]\",\n          \"ay\": 2003,\n          \"assign\": \"%d2T_=dn%\",\n          \"match\": {\n            \"or\": [\n              \"WA0055O\",\n              {\n                \"or\": []\n              },\n              {\n                \"and\": [\n                  {\n                    \"or\": [\n                      \"LP*46A\",\n                      \"VIS6x*3\",\n                      {\n                        \"and\": [\n                          {\n                            \"or\": [\n                              \"EMH3S\",\n                              \"TY4220P\"\n                            ]\n                          },\n                          \"LZW2373\",\n                          \"UW*Q\"\n                        ]\n                      },\n                      {\n                        \"pattern\": \"HUT7\",\n                        \"exclude\": \"EQ388T\",\n                        \"info\": \"H\"\n                      }\n                    ]\n                  },\n                  \"EP7x\",\n                  {\n                    \"and\": [\n                      {\n                        \"and\": [\n                          \"DT2*x7\",\n                          \"VWV9x90Z\",\n                          \"ST30\",\n                          \"XO74\",\n                          \"NO09*\"\n                        ]\n                      }\n                    ]\n                  }\n                ]\n              },\n              {\n                \"pattern\": \"YC85L\",\n                \"info\": \"\"\n              }\n            ]\n          },\n          \"satisfy\": [\n            {\n              \"mc\": \">=20\"\n            }\n          ],\n          \"url\": \"https://e.kxfoju4gbw5srwn-76-7.ctyymcdm/M-6deFDJ//%F0%BF%83%88//_)=J2ToA/(87-(*:%F1%B1%B0%8F/%F1%9B%9B%96=Y;Q/\",\n          \"info\": \"\",\n          \"isSelectable\": true,\n          \"[yt>P^k\": {\n            \"name\": \"U0~P%,\",\n            \"ay\": 2010,\n            \"assign\": [\n              \"G(JNkces8\",\n              \"y!!m\\\\\"\n            ],\n            \"match\": {\n              \"or\": [\n                {\n                  \"pattern\": \"NRU45B\",\n                  \"exclude\": [],\n                  \"info\": \"O$77Qn\"\n                },\n                \"DMDx\",\n                {\n                  \"pattern\": \"JND3*\",\n                  \"exclude\": [\n                    \"VJ184*\",\n                    \"WXZ016I\",\n                    \"FOS480W\"\n                  ],\n                  \"info\": \"i:SJ)#\"\n                },\n                {\n                  \"or\": []\n                }\n              ]\n            },\n            \"satisfy\": \"7UGM~l~\",\n            \"info\": \"\",\n            \"isSelectable\": true\n          },\n          \",NPFDT9d\": {\n            \"name\": \"Sm~a:\",\n            \"ay\": 2016,\n            \"assign\": \"\",\n            \"match\": {\n              \"and\": []\n            },\n            \"satisfy\": [],\n            \"url\": \"https://jjkkfnnribg-bj-e6mcu0qy4luuwukwz8rcouehuk.ljhw400gd7lmtcpo89-y1wzg3vxk8vxbp1yf8mbmma3tzeo2f5b.sejqky/,x%F2%80%A9%8EA/09CKRo;83/'ppAMD1!)/D\",\n            \"info\": \"34n?U:<Q\",\n            \"isSelectable\": true\n          },\n          \";Kc\": {\n            \"name\": \"BPc\",\n            \"assign\": [\n              \"Z3~5ri!i\",\n              \"bZQkU8<\",\n              \"A6Z{}Ix~ v\",\n              \"\"\n            ],\n            \"satisfy\": {\n              \"mc\": \"<=69\"\n            },\n            \"url\": \"https://yakuh2git6k0r9s8tvhs46w493kqzw83sy0emi71q56uaj4f4cw8-yn1h.v33-l20fvr-w0yabxlv6w9s2mbonk5fzcl37s0uphaztbc5v6ueba.ajo9hmqxhd--1ct9s-dw5k-coltdlxjiqrox6iclvlqh6e02et2kq53.cgil9adx6oyj3y.ik0cb9qjjnrncrv59yqawfyiyxgrrn1k0hcfqzxsnyi9t96.gzyiqb/u-QsyO99/%F2%9C%8E%8D.%F3%AD%B9%A985'xKA/SVL+h_CQ+/)n=/p=t/g/o:\"\n          },\n          \"\": {\n            \"name\": \"#1T\",\n            \"ay\": 1954,\n            \"match\": {\n              \"or\": [\n                {\n                  \"or\": []\n                },\n                {\n                  \"and\": [\n                    \"TTB7*V\",\n                    {\n                      \"or\": [\n                        \"UY182N\",\n                        \"EB38O\"\n                      ]\n                    },\n                    \"AJ2xZ\",\n                    {\n                      \"or\": [\n                        \"BQ1\",\n                        {\n                          \"and\": [\n                            \"YCRx963M\",\n                            \"AJ7Z\",\n                            \"WV070\",\n                            \"WB*6P\"\n                          ]\n                        },\n                        {\n                          \"and\": []\n                        },\n                        \"QUE699*\",\n                        {\n                          \"and\": [\n                            \"WF7\"\n                          ]\n                        }\n                      ]\n                    },\n                    \"QC367\"\n                  ]\n                }\n              ]\n            },\n            \"satisfy\": [],\n            \"url\": \"https://hhwf1f3obw4hlxf8x9nvzp.stkm2ow79osqjs2mrtvk63x1nc50g84sbfmbdtozw3erre8pr8s04p8.hzwwack-h5.v.rfciyospw/ORd'O//S%F0%B0%B5%86Oy\",\n            \"info\": \"\",\n            \"isSelectable\": true,\n            \"QrZ\": {\n              \"name\": \"T*M)/!\",\n              \"ay\": 2020,\n              \"assign\": \"N#RC\",\n              \"match\": [],\n              \"satisfy\": {\n                \"mc\": \">=72\"\n              },\n              \"url\": \"https://9kte4o15de-zol9.j.2px92yzivj9sovegkgo51mehsm1eppp72s7i.qllztoppz/7$XX%F3%96%AB%81/A1.WPZ/DIlk;Qnh/\",\n              \"info\": \"3tCMbXg\",\n    
[...]
              "fullTitle": "inequalitySatisfier should truncate list of modules with upper bound of MCs at exact cutoff if total MC count is higher and there exists some starting sequence with exact MC count",
              "timedOut": false,
              "duration": 1,
              "state": "passed",
              "speed": "fast",
              "pass": true,
              "fail": false,
              "pending": false,
              "context": null,
              "code": "const satisfier = satisfiers_1.inequalitySatisfier(ref, \"<=16\");\nsatisfier.should.have.property(\"filter\");\nconst { filter } = satisfier;\nisCorrectFilter(filter, modulesList1, [\n    \"CS2100\",\n    \"GER1000\",\n    \"CS2040S\",\n    \"ST2131\",\n]);",
              "err": {},
              "uuid": "ea9f6db0-20b1-4961-a99c-cc4152ce8fb6",
              "parentUUID": "4c2499f2-67af-42d9-aa0f-2ed082f16652",
              "isHook": false,
              "skipped": false
            },
            {
              "title": "should truncate list of modules with upper bound of MCs, cutting off at the minimum starting sequence that exceeds upper bound, if total MC count is higher and there exists no starting sequence with exact MC count",
              "fullTitle": "inequalitySatisfier should truncate list of modules with upper bound of MCs, cutting off at the minimum starting sequence that exceeds upper bound, if total MC count is higher and there exists no starting sequence with exact MC count",
              "timedOut": false,
              "duration": 0,
              "state": "passed",
              "speed": "fast",
              "pass": true,
              "fail": false,
              "pending": false,
              "context": null,
              "code": "const satisfier = satisfiers_1.inequalitySatisfier(ref, \"<=17\");\nsatisfier.should.have.property(\"filter\");\nconst { filter } = satisfier;\nisCorrectFilter(filter, modulesList1, [\n    \"CS2100\",\n    \"GER1000\",\n    \"CS2040S\",\n    \"ST2131\",\n    \"MA1521\",\n]);",
              "err": {},
              "uuid": "9755f516-673d-4b66-8fb5-0c431de90115",
              "parentUUID": "4c2499f2-67af-42d9-aa0f-2ed082f16652",
              "isHook": false,
              "skipped": false
            }
          ],
          "suites": [],
          "passes": [
            "1dbc4d71-2ec7-4958-beec-6a5de0436a1e",
            "3afa49f3-3adf-4f42-a723-d9c3b3af2d73",
            "7ce9b22d-bfac-48ca-b026-66635c4734c2",
            "931a6512-ca78-4009-be71-bc7b10f6b7a0",
            "f5f98c07-8cfe-40da-abab-9881311cfed4",
            "ea9f6db0-20b1-4961-a99c-cc4152ce8fb6",
            "9755f516-673d-4b66-8fb5-0c431de90115"
          ],
          "failures": [],
          "pending": [],
          "skipped": [],
          "duration": 3,
          "root": false,
          "rootEmpty": false,
          "_timeout": 2000
        },
        {
          "uuid": "90081c01-749d-4c36-a331-cb7e435bd6fe",
          "title": "inequalitySchema",
          "fullFile": "/home/runner/work/planwithus-lib/planwithus-lib/src/satisfyRule/inequality/schemas.test.ts",
          "file": "/src/satisfyRule/inequality/schemas.test.ts",
          "beforeHooks": [],
          "afterHooks": [],
          "tests": [
            {
              "title": "should validate inequality in the form <=n or >=n",
              "fullTitle": "inequalitySchema should validate inequality in the form <=n or >=n",
              "timedOut": false,
              "duration": 2,
              "state": "passed",
              "speed": "fast",
              "pass": true,
              "fail": false,
              "pending": false,
              "context": "[\n  {\n    \"title\": \"inequality sample 0\",\n    \"value\": \"<=6\"\n  },\n  {\n    \"title\": \"inequality sample 1\",\n    \"value\": \">=149\"\n  },\n  {\n    \"title\": \"inequality sample 2\",\n    \"value\": \"<=139\"\n  },\n  {\n    \"title\": \"inequality sample 3\",\n    \"value\": \">=162\"\n  },\n  {\n    \"title\": \"inequality sample 4\",\n    \"value\": \">=169\"\n  },\n  {\n    \"title\": \"inequality sample 5\",\n    \"value\": \">=104\"\n  },\n  {\n    \"title\": \"inequality sample 6\",\n    \"value\": \">=6\"\n  },\n  {\n    \"title\": \"inequality sample 7\",\n    \"value\": \">=196\"\n  },\n  {\n    \"title\": \"inequality sample 8\",\n    \"value\": \"<=195\"\n  },\n  {\n    \"title\": \"inequality sample 9\",\n    \"value\": \"<=148\"\n  }\n]",
              "code": "fast_check_1.sample(index_test_2.inequality, 10).forEach((sample, i) => addContext_1.default(this, {\n    title: `inequality sample ${i}`,\n    value: sample,\n}));\nreturn fast_check_1.assert(fast_check_1.property(index_test_2.inequality, ajvValidate));",
              "err": {},
              "uuid": "bb9cfd10-b0a5-44c7-ab28-0cd71c00a945",
              "parentUUID": "90081c01-749d-4c36-a331-cb7e435bd6fe",
              "isHook": false,
              "skipped": false
            },
            {
              "title": "should not validate inequality of invalid form",
              "fullTitle": "inequalitySchema should not validate inequality of invalid form",
              "timedOut": false,
              "duration": 1,
              "state": "passed",
              "speed": "fast",
              "pass": true,
              "fail": false,
              "pending": false,
              "context": null,
              "code": "[\n        \"\",\n        \"==23\",\n        \"23\",\n        \"<23\",\n        \">23\",\n        \"<=-1\",\n        \">=-1\",\n        \"<= 2\",\n        \">= 1\",\n        \"> 3\",\n        \"< 3\",\n        \"<=3a\",\n        \">=3a\",\n        \"a<=3\",\n        \"a>=3\",\n    ].forEach(isInvalidInequality)",
              "err": {},
              "uuid": "66d67a9d-5a65-4574-a8ed-2343fa9d9d1c",
              "parentUUID": "90081c01-749d-4c36-a331-cb7e435bd6fe",
              "isHook": false,
              "skipped": false
            }
          ],
          "suites": [],
          "passes": [
            "bb9cfd10-b0a5-44c7-ab28-0cd71c00a945",
            "66d67a9d-5a65-4574-a8ed-2343fa9d9d1c"
          ],
          "failures": [],
          "pending": [],
          "skipped": [],
          "duration": 3,
          "root": false,
          "rootEmpty": false,
          "_timeout": 2000
        },
        {
          "uuid": "e4410bdc-d148-4cf9-9b06-375308d729fe",
          "title": "satisfyRuleSchema",
          "fullFile": "/home/runner/work/planwithus-lib/planwithus-lib/src/satisfyRule/schemas.test.ts",
          "file": "/src/satisfyRule/schemas.test.ts",
          "beforeHooks": [],
          "afterHooks": [],
          "tests": [
            {
              "title": "should validate satisfy rule with valid block id",
              "fullTitle": "satisfyRuleSchema should validate satisfy rule with valid block id",
              "timedOut": false,
              "duration": 1,
              "state": "passed",
              "speed": "fast",
              "pass": true,
              "fail": false,
              "pending": false,
              "context": null,
              "code": "fast_check_1.assert(fast_check_1.property(fast_check_1.string(), ajvValidate)",
              "err": {},
              "uuid": "c64d96e8-65a8-4e8f-ba24-0ccc43cef979",
              "parentUUID": "e4410bdc-d148-4cf9-9b06-375308d729fe",
              "isHook": false,
              "skipped": false
            },
            {
              "title": "should validate satisfy rules with valid mc",
              "fullTitle": "satisfyRuleSchema should validate satisfy rules with valid mc",
              "timedOut": false,
              "duration": 1,
              "state": "passed",
              "speed": "fast",
              "pass": true,
              "fail": false,
              "pending": false,
              "context": "[\n  {\n    \"title\": \"mcSatisfyRule sample 0\",\n    \"value\": {\n      \"mc\": \">=4\"\n    }\n  },\n  {\n    \"title\": \"mcSatisfyRule sample 1\",\n    \"value\": {\n      \"mc\": \"<=174\"\n    }\n  },\n  {\n    \"title\": \"mcSatisfyRule sample 2\",\n    \"value\": {\n      \"mc\": \">=179\"\n    }\n  },\n  {\n    \"title\": \"mcSatisfyRule sample 3\",\n    \"value\": {\n      \"mc\": \"<=146\"\n    }\n  },\n  {\n    \"title\": \"mcSatisfyRule sample 4\",\n    \"value\": {\n      \"mc\": \"<=4\"\n    }\n  },\n  {\n    \"title\": \"mcSatisfyRule sample 5\",\n    \"value\": {\n      \"mc\": \">=9\"\n    }\n  },\n  {\n    \"title\": \"mcSatisfyRule sample 6\",\n    \"value\": {\n      \"mc\": \"<=2\"\n    }\n  },\n  {\n    \"title\": \"mcSatisfyRule sample 7\",\n    \"value\": {\n      \"mc\": \"<=195\"\n    }\n  },\n  {\n    \"title\": \"mcSatisfyRule sample 8\",\n    \"value\": {\n      \"mc\": \">=1\"\n    }\n  },\n  {\n    \"title\": \"mcSatisfyRule sample 9\",\n    \"value\": {\n      \"mc\": \"<=126\"\n    }\n  }\n]",
              "code": "fast_check_1.sample(index_test_2.mcSatisfyRule, 10).forEach((sample, i) => addContext_1.default(this, {\n    title: `mcSatisfyRule sample ${i}`,\n    value: sample,\n}));\nreturn fast_check_1.assert(fast_check_1.property(index_test_2.mcSatisfyRule, ajvValidate));",
              "err": {},
              "uuid": "d1b9dd3d-86db-48f3-abb1-20d5d3ec8723",
              "parentUUID": "e4410bdc-d148-4cf9-9b06-375308d729fe",
              "isHook": false,
              "skipped": false
            },
            {
              "title": "should validate valid recursive satisfy rules",
              "fullTitle": "satisfyRuleSchema should validate valid recursive satisfy rules",
              "timedOut": false,
              "duration": 5,
              "state": "passed",
              "speed": "fast",
              "pass": true,
              "fail": false,
              "pending": false,
              "context": "[\n  {\n    \"title\": \"satisfyRule sample 0\",\n    \"value\": {\n      \"and\": [\n        {\n          \"and\": [\n            \"cyNaP;\",\n            \"gaj}MH\",\n            \"9$`~\",\n            {\n              \"mc\": \"<=36\"\n            },\n            \"Cr?:HH\"\n          ]\n        }\n      ]\n    }\n  },\n  {\n    \"title\": \"satisfyRule sample 1\",\n    \"value\": \"~\"\n  },\n  {\n    \"title\": \"satisfyRule sample 2\",\n    \"value\": {\n      \"and\": [\n        {\n          \"and\": [\n            \"U0!h\"\n          ]\n        },\n        {\n          \"mc\": \"<=10\"\n        },\n        {\n          \"mc\": \">=181\"\n        },\n        {\n          \"mc\": \"<=155\"\n        },\n        {\n          \"and\": [\n            \"\",\n            \"on[x+L h5\",\n            {\n              \"and\": [\n                {\n                  \"or\": [\n                    \"'fx\",\n                    \",$IhVs\",\n                    \"`&zu*,[\",\n                    \"w-vhJg: oM\",\n                    \"r.kO<SX=6:\"\n                  ]\n                },\n                {\n                  \"and\": [\n                    \"I9!r\",\n                    \"VH<D'b'\\\"M/\"\n                  ]\n                },\n                \" @md[\",\n                {\n                  \"mc\": \"<=153\"\n                }\n              ]\n            }\n          ]\n        }\n      ]\n    }\n  },\n  {\n    \"title\": \"satisfyRule sample 3\",\n    \"value\": {\n      \"or\": [\n        {\n          \"and\": []\n        }\n      ]\n    }\n  },\n  {\n    \"title\": \"satisfyRule sample 4\",\n    \"value\": {\n      \"mc\": \">=115\"\n    }\n  },\n  {\n    \"title\": \"satisfyRule sample 5\",\n    \"value\": {\n      \"mc\": \"<=124\"\n    }\n  },\n  {\n    \"title\": \"satisfyRule sample 6\",\n    \"value\": \"8#u\"\n  },\n  {\n    \"title\": \"satisfyRule sample 7\",\n    \"value\": {\n      \"and\": [\n        {\n          \"mc\": \"<=199\"\n        },\n        {\n          \"or\": []\n        },\n        {\n          \"and\": [\n            {\n              \"mc\": \">=36\"\n            },\n            {\n              \"mc\": \"<=136\"\n            },\n            {\n              \"and\": []\n            },\n            {\n              \"mc\": \"<=40\"\n            }\n          ]\n        }\n      ]\n    }\n  },\n  {\n    \"title\": \"satisfyRule sample 8\",\n    \"value\": {\n      \"or\": [\n        {\n          \"and\": []\n        }\n      ]\n    }\n  },\n  {\n    \"title\": \"satisfyRule sample 9\",\n    \"value\": {\n      \"and\": [\n        {\n          \"or\": [\n            {\n              \"and\": [\n                {\n                  \"and\": [\n                    \"6jQ(%\",\n                    \"&`\"\n                  ]\n                },\n                {\n                  \"or\": [\n                    \"z\",\n                    \",O\"\n                  ]\n                }\n              ]\n            },\n            {\n              \"or\": []\n            },\n            {\n              \"mc\": \"<=149\"\n            }\n          ]\n        }\n      ]\n    }\n  }\n]",
              "code": "fast_check_1.sample(index_test_2.satisfyRule, 10).forEach((sample, i) => addContext_1.default(this, {\n    title: `satisfyRule sample ${i}`,\n    value: sample,\n}));\nreturn fast_check_1.assert(fast_check_1.property(index_test_2.satisfyRule, ajvValidate));",
              "err": {},
              "uuid": "faefa164-522f-4de5-9796-f45f89b32635",
              "parentUUID": "e4410bdc-d148-4cf9-9b06-375308d729fe",
              "isHook": false,
              "skipped": false
            },
            {
              "title": "should not validate non-string/object",
              "fullTitle": "satisfyRuleSchema should not validate non-string/object",
              "timedOut": false,
              "duration": 1,
              "state": "passed",
              "speed": "fast",
              "pass": true,
              "fail": false,
              "pending": false,
              "context": null,
              "code": "const error = {\n    instancePath: \"\",\n    message: \"satisfy rule should be either a string or an object\",\n};\nisInvalidRule(null, error);\nisInvalidRule(undefined, error);\nisInvalidRule(10, error);\nisInvalidRule([12, 24], error);",
              "err": {},
              "uuid": "93eb8fcd-86b7-4a9c-bdfc-6390d40e4c35",
              "parentUUID": "e4410bdc-d148-4cf9-9b06-375308d729fe",
              "isHook": false,
              "skipped": false
            },
            {
              "title": "should not validate satisfy rules with extra properties",
              "fullTitle": "satisfyRuleSchema should not validate satisfy rules with extra properties",
              "timedOut": false,
              "duration": 1,
              "state": "passed",
              "speed": "fast",
              "pass": true,
              "fail": false,
              "pending": false,
              "context": null,
              "code": "isInvalidRule({\n        and: [\n            { or: [\"2k\"], abc: \"def\" },\n            { mc: 8, ghi: \"jkl\" },\n        ],\n        mno: \"pqr\",\n    }, {\n        instancePath: \"/and/0\",\n        message: \"or satisfy rule should have property 'or' only\",\n    }, {\n        instancePath: \"/and/1\",\n        message: \"MC satisfy rule should have property 'mc' only\",\n    }, {\n        instancePath: \"\",\n        message: \"and satisfy rule should have property 'and' only\",\n    })",
              "err": {},
              "uuid": "42d586b7-11e0-40d3-845b-369c09654e96",
              "parentUUID": "e4410bdc-d148-4cf9-9b06-375308d729fe",
              "isHook": false,
              "skipped": false
            },
            {
              "title": "should not validate ambiguous satisfy rules",
              "fullTitle": "satisfyRuleSchema should not validate ambiguous satisfy rules",
              "timedOut": false,
              "duration": 0,
              "state": "passed",
              "speed": "fast",
              "pass": true,
              "fail": false,
              "pending": false,
              "context": null,
              "code": "const message = \"satisfy rule should have only one of properties 'mc', 'and', 'or'\";\nisInvalidRule({\n    or: [\n        { mc: 5, and: [\"CS2040\"] },\n        { and: [{ and: [\"abc\"], or: [\"def\"] }] },\n    ],\n}, { instancePath: \"/or/0\", message }, { instancePath: \"/or/1/and/0\", message });",
              "err": {},
              "uuid": "7145a10e-8ef6-433a-94ff-ab473365789d",
              "parentUUID": "e4410bdc-d148-4cf9-9b06-375308d729fe",
              "isHook": false,
              "skipped": false
            },
            {
              "title": "should not validate and satisfy rules with non-array property",
              "fullTitle": "satisfyRuleSchema should not validate and satisfy rules with non-array property",
              "timedOut": false,
              "duration": 0,
              "state": "passed",
              "speed": "fast",
              "pass": true,
              "fail": false,
              "pending": false,
              "context": null,
              "code": "const message = \"property 'and' should be an array of satisfy rules\";\nisInvalidRule({ or: [{ and: {} }, { or: [{ and: 3 }] }] }, { instancePath: \"/or/0/and\", message }, { instancePath: \"/or/1/or/0/and\", message });",
              "err": {},
              "uuid": "54a99a2e-af6e-4ef0-9ef6-65198728d7ea",
              "parentUUID": "e4410bdc-d148-4cf9-9b06-375308d729fe",
              "isHook": false,
              "skipped": false
            },
            {
              "title": "should not validate or satisfy rules with non-array property",
              "fullTitle": "satisfyRuleSchema should not validate or satisfy rules with non-array property",
              "timedOut": false,
              "duration": 0,
              "state": "passed",
              "speed": "fast",
              "pass": true,
              "fail": false,
              "pending": false,
              "context": null,
              "code": "const message = \"property 'or' should be an array of satisfy rules\";\nisInvalidRule({ and: [{ or: {} }, { and: [{ or: 3 }] }] }, { instancePath: \"/and/0/or\", message }, { instancePath: \"/and/1/and/0/or\", message });",
              "err": {},
              "uuid": "ad4f97e6-9efa-4754-8c5d-3da252feeffe",
              "parentUUID": "e4410bdc-d148-4cf9-9b06-375308d729fe",
              "isHook": false,
              "skipped": false
            }
          ],
          "suites": [],
          "passes": [
            "c64d96e8-65a8-4e8f-ba24-0ccc43cef979",
            "d1b9dd3d-86db-48f3-abb1-20d5d3ec8723",
            "faefa164-522f-4de5-9796-f45f89b32635",
            "93eb8fcd-86b7-4a9c-bdfc-6390d40e4c35",
            "42d586b7-11e0-40d3-845b-369c09654e96",
            "7145a10e-8ef6-433a-94ff-ab473365789d",
            "54a99a2e-af6e-4ef0-9ef6-65198728d7ea",
            "ad4f97e6-9efa-4754-8c5d-3da252feeffe"
          ],
          "failures": [],
          "pending": [],
          "skipped": [],
          "duration": 9,
          "root": false,
          "rootEmpty": false,
          "_timeout": 2000
        }
      ],
      "passes": [],
      "failures": [],
      "pending": [],
      "skipped": [],
      "duration": 0,
      "root": true,
      "rootEmpty": true,
      "_timeout": 2000
    }
  ],
  "meta": {
    "mocha": {
      "version": "9.0.3"
    },
    "mochawesome": {
      "options": {
        "quiet": false,
        "reportFilename": "mochawesome",
        "saveHtml": true,
        "saveJson": true,
        "consoleReporter": "spec",
        "useInlineDiffs": false,
        "code": true
      },
      "version": "6.2.2"
    },
    "marge": {
      "options": {
        "reportDir": "docs"
      },
      "version": "5.2.0"
    }
  }
}