{
  "stats": {
    "suites": 10,
    "tests": 48,
    "passes": 48,
    "pending": 0,
    "failures": 0,
    "start": "2021-07-06T03:41:44.485Z",
    "end": "2021-07-06T03:41:44.819Z",
    "duration": 334,
    "testsRegistered": 48,
    "passPercent": 100,
    "pendingPercent": 0,
    "other": 0,
    "hasOther": false,
    "skipped": 0,
    "hasSkipped": false
  },
  "results": [
    {
      "uuid": "209f392e-9968-4c72-8d87-bf66db21575d",
      "title": "",
      "fullFile": "",
      "file": "",
      "beforeHooks": [],
      "afterHooks": [],
      "tests": [],
      "suites": [
        {
          "uuid": "148091b1-a5c2-4421-9a9f-c744b2a4c342",
          "title": "initDirectories",
          "fullFile": "/home/runner/work/planwithus-lib/planwithus-lib/src/block/schemas.test.ts",
          "file": "/src/block/schemas.test.ts",
          "beforeHooks": [],
          "afterHooks": [],
          "tests": [
            {
              "title": "should parse all blocks with no errors",
              "fullTitle": "initDirectories should parse all blocks with no errors",
              "timedOut": false,
              "duration": 3,
              "state": "passed",
              "speed": "fast",
              "pass": true,
              "fail": false,
              "pending": false,
              "context": null,
              "code": "_1.initDirectories.should.not.throw()",
              "err": {},
              "uuid": "77db5408-5393-4f46-bbc9-2df9dc704b1d",
              "parentUUID": "148091b1-a5c2-4421-9a9f-c744b2a4c342",
              "isHook": false,
              "skipped": false
            },
            {
              "title": "should produce primary, second & minor directories",
              "fullTitle": "initDirectories should produce primary, second & minor directories",
              "timedOut": false,
              "duration": 44,
              "state": "passed",
              "speed": "medium",
              "pass": true,
              "fail": false,
              "pending": false,
              "context": null,
              "code": "const directories = await _1.initDirectories();\ndirectories.should.have.property(\"primary\");\ndirectories.should.have.property(\"second\");\ndirectories.should.have.property(\"minor\");",
              "err": {},
              "uuid": "6260a50f-12ad-4e83-9cf4-24cc2e3f2a60",
              "parentUUID": "148091b1-a5c2-4421-9a9f-c744b2a4c342",
              "isHook": false,
              "skipped": false
            }
          ],
          "suites": [],
          "passes": [
            "77db5408-5393-4f46-bbc9-2df9dc704b1d",
            "6260a50f-12ad-4e83-9cf4-24cc2e3f2a60"
          ],
          "failures": [],
          "pending": [],
          "skipped": [],
          "duration": 47,
          "root": false,
          "rootEmpty": false,
          "_timeout": 2000
        },
        {
          "uuid": "b1438817-4f8c-4e4c-9f6a-42da17eb286f",
          "title": "blockSchema",
          "fullFile": "/home/runner/work/planwithus-lib/planwithus-lib/src/block/schemas.test.ts",
          "file": "/src/block/schemas.test.ts",
          "beforeHooks": [],
          "afterHooks": [],
          "tests": [
            {
              "title": "should validate valid block",
              "fullTitle": "blockSchema should validate valid block",
              "timedOut": false,
              "duration": 154,
              "state": "passed",
              "speed": "slow",
              "pass": true,
              "fail": false,
              "pending": false,
              "context": "[\n  {\n    \"title\": \"block sample 0\",\n    \"value\": {\n      \"name\": \"})~6/U2k\",\n      \"ay\": 1953,\n      \"assign\": [\n        \"\"\n      ],\n      \"match\": \"GC6Z\",\n      \"satisfy\": {\n        \"and\": [\n          {\n            \"mc\": \"<=2\"\n          },\n          {\n            \"mc\": \">=27\"\n          },\n          {\n            \"mc\": \"<=7\"\n          },\n          \"[0=\"\n        ]\n      },\n      \"url\": \"http://42u90qeqv-p-2jru1z6v644sw2svkx4htid17ulkbhujx1ktt5g455.kgsl8gip1ffbvn5hu82id0ufq7n.de/yd_+%F4%8F%BF%B7\",\n      \"info\": \">\"\n    }\n  },\n  {\n    \"title\": \"block sample 1\",\n    \"value\": {\n      \"ay\": 2029,\n      \"assign\": \"=#dDW>q$h\",\n      \"match\": [],\n      \"info\": \"v+\"\n    }\n  },\n  {\n    \"title\": \"block sample 2\",\n    \"value\": {\n      \"ay\": 1951,\n      \"assign\": \"p6J~6R)C\",\n      \"match\": [\n        {\n          \"and\": [\n            {\n              \"and\": [\n                \"MRA14G\",\n                {\n                  \"and\": [\n                    \"SF447\",\n                    \"XU33B\"\n                  ]\n                },\n                {\n                  \"pattern\": \"WME58\",\n                  \"exclude\": [\n                    \"ND6*4\",\n                    \"OQT5453\",\n                    \"TGU96K\",\n                    \"FDxx7\"\n                  ],\n                  \"info\": \"@._c9G\"\n                }\n              ]\n            },\n            {\n              \"or\": [\n                {\n                  \"pattern\": \"BDK64\",\n                  \"exclude\": [\n                    \"KG7518W\",\n                    \"XN4157\",\n                    \"NCR654N\"\n                  ],\n                  \"info\": \"Y\"\n                },\n                {\n                  \"and\": [\n                    \"PKV9825\"\n                  ]\n                },\n                {\n                  \"and\": [\n                    \"CDB4\",\n                    \"FG73\",\n                    {\n                      \"pattern\": \"FY550G\",\n                      \"info\": \"Y<?S)C\"\n                    }\n                  ]\n                },\n                {\n                  \"and\": [\n                    \"YTWx2V\",\n                    \"SJP0\",\n                    {\n                      \"pattern\": \"XS67\",\n                      \"exclude\": \"BTW3185V\",\n                      \"info\": \" XjR0SDQe6\"\n                    },\n                    \"GWD*O\"\n                  ]\n                }\n              ]\n            },\n            \"EC*\"\n          ]\n        },\n        \"BM084F\",\n        {\n          \"and\": []\n        },\n        \"GC7317\"\n      ],\n      \"satisfy\": [\n        {\n          \"and\": [\n            {\n              \"and\": [\n                {\n                  \"mc\": \"<=89\"\n                },\n                {\n                  \"and\": [\n                    \"$HQ\"\n                  ]\n                },\n                \"\"\n              ]\n            },\n            \"pgY#\",\n            \"N[CN;#\",\n            {\n              \"mc\": \">=194\"\n            },\n            \"2`~pXw?\"\n          ]\n        }\n      ],\n      \"url\": \"http://v4xua9oetj09gso6v5ibwa6puo7zvsavtyi0tedgm01n-r5gg4.gfj041w-io6nn95ekk3y7hjcm.a.ffonkj/-$QACl/X%F1%AD%A4%9C/:%F3%BF%9D%A9%275aeQ/!-/_Q/Bnp%F3%B0%B7%BF~@,k\",\n      \"info\": \"E#4nFlTMp$\",\n      \"o&zo\": {\n        \"name\": \"i$f:)nm\",\n        \"ay\": 1991,\n        \"assign\": [\n          \"*rCC@>y\",\n          \"u8QEq[Xq\",\n          \">he\\\"\"\n        ],\n        \"match\": [\n          \"PFPxJ\",\n          \"PZK654T\",\n          \"MF6C\"\n        ],\n        \"satisfy\": [\n          {\n            \"mc\": \"<=176\"\n          },\n          {\n            \"and\": [\n              {\n                \"or\": [\n                  {\n                    \"and\": [\n                      \"BVyl[Wy\"\n                    ]\n                  },\n                  {\n                    \"and\": [\n                      \"i!0R\",\n                      \"7O}*\",\n                      \"bn0a o\",\n                      \"\\\\Wb%F<z5\",\n                      {\n                        \"mc\": \"<=182\"\n                      }\n                    ]\n                  },\n                  \"nnN-.n:w>\"\n                ]\n              }\n            ]\n          }\n        ],\n        \"url\": \"http://b5u-9sdtngmsh51c49sqkbba.zb3j.b5bc9.cvxn/B;_%F2%83%BF%B7./xO%F0%A8%B5%99*fZc*H%F3%A4%95%B5/;pzaZ1s3)W\"\n      },\n      \"B?D\": {\n        \"ay\": 2028,\n        \"match\": [\n          {\n            \"and\": []\n          },\n          {\n            \"and\": [\n              {\n                \"pattern\": \"ICx021\",\n                \"exclude\": \"UDx51\",\n                \"info\": \"{z\"\n              },\n              {\n                \"pattern\": \"RNT32J\",\n                \"exclude\": [\n                  \"PA1E\"\n                ],\n                \"info\": \"7p=.#cy(\"\n              }\n            ]\n          },\n          {\n            \"pattern\": \"AR516\",\n            \"info\": \"*L2woI:N+K\"\n          }\n        ],\n        \"satisfy\": [\n          {\n            \"and\": [\n              {\n                \"and\": [\n                  {\n                    \"mc\": \"<=92\"\n                  }\n                ]\n              },\n              {\n                \"or\": [\n                  \"P#\",\n                  {\n                    \"and\": [\n                      \"\"\n                    ]\n                  },\n                  \"/WJf$y5y}w\"\n                ]\n              },\n              \"$myk3{'\",\n              {\n                \"mc\": \">=147\"\n              }\n            ]\n          },\n          {\n            \"and\": []\n          }\n        ],\n        \"url\": \"https://a5vrwiy7514cf83sfbdozcxvo4au1da0sl.mc/\",\n        \"info\": \"\",\n        \"Z%aKx\": {\n          \"name\": \"\",\n          \"ay\": 1956,\n          \"assign\": \"]t}@B0A0Ug\",\n          \"match\": {\n            \"or\": [\n              \"JU9V\"\n            ]\n          },\n          \"satisfy\": \"i\",\n          \"url\": \"http://jq.fohlpmoj/hgXmja/BS1//uOig=K9%F3%AE%85%90p/_6w/n)~3x%F0%90%9A%BD%F1%89%AE%B3TVr//McE~q%F0%A7%99%ABm@/%F3%9A%8D%89FjM/tRg7!L=%F2%98%B9%B8Nb\",\n          \"info\": \"_%\"\n        },\n        \"v^y,\": {\n          \"name\": \"*QE@ahB&\",\n          \"assign\": \"\",\n          \"match\": [],\n          \"satisfy\": {\n            \"mc\": \"<=19\"\n          },\n          \"url\": \"http://j8lin0zlm4tfy0gxzptknswhyzm-hh3a9k0cpdjfh6q9.u1vs0zd4o9tagm33-foo82hbcpee0qzd1a93mk4bzt1isf4a.jffngecgru/S,k%F2%8D%8E%BB:T/)\",\n          \"info\": \"^cz~+\"\n        },\n        \"\\\"/l{Mz\": {\n          \"name\": \"pI5\",\n          \"ay\": 1982,\n          \"url\": \"http://9y3htu1tdg273r05xd6v90885k2-jdjhwcl1ebx-uw8qvyfd62.aeseb/Xa*/a+(/%32)/,~/Od\",\n          \"info\": \"ue\"\n        }\n      }\n    }\n  },\n  {\n    \"title\": \"block sample 3\",\n    \"value\": {\n      \"name\": \"\\\\\",\n      \"ay\": 2008,\n      \"assign\": \"2\\\\A\",\n      \"match\": {\n        \"pattern\": \"LJ70W\",\n        \"exclude\": [\n          \"SWx184\"\n        ],\n        \"info\": \"p|f|w S^T\"\n      },\n      \"satisfy\": \"%$!\\\"Ney\",\n      \"url\": \"https://5mfy4aokp8r55jo0xoskjux1ys9lq8jkgnh-8ft4iohii3r3d4fuev4ye.1.a9.vjr\",\n      \"info\": \"$$u !zS-}!\"\n    }\n  },\n  {\n    \"title\": \"block sample 4\",\n    \"value\": {\n      \"assign\": [\n        \"{&z#Z#\\\"~6z\"\n      ],\n      \"match\": {\n        \"pattern\": \"FW*7G\",\n        \"exclude\": \"YRx5\",\n        \"info\": \"yX\"\n      },\n      \"satisfy\": [\n        \"wea\"\n      ],\n      \"url\": \"http://dhcv0p-1s5tdhgrf372oksg3fwrgrk7mqq0k18qi06.p.igasiok/g;/bT9xe%F3%B1%9C%B9/1c*+b\",\n      \"info\": \"\",\n      \"!z\": {\n        \"name\": \"Mz\\\\Q\\\"d#U\",\n        \"ay\": 2027,\n        \"assign\": \"K\",\n        \"satisfy\": [\n          {\n            \"or\": [\n              {\n                \"mc\": \"<=43\"\n              },\n              {\n                \"or\": [\n                  \"+,I^;\"\n                ]\n              }\n            ]\n          }\n        ],\n        \"url\": \"https://4yvcs2emgxq27wu04.rvhbmr6w8zqqouulfs827e21lkm56q19xgun3w5j.8.yo/J:%F4%8F%BF%BBQ3Ye5i;/cdd/adCifeci%28/Rw\",\n        \"info\": \"XWp`\"\n      }\n    }\n  },\n  {\n    \"title\": \"block sample 5\",\n    \"value\": {\n      \"name\": \"\",\n      \"ay\": 1954,\n      \"match\": [\n        {\n          \"and\": [\n            {\n              \"or\": [\n                \"VE42\",\n                \"SU0*5V\",\n                {\n                  \"or\": []\n                },\n                {\n                  \"or\": [\n                    {\n                      \"or\": [\n                        \"VD007T\",\n                        \"QQU7*6*\",\n                        {\n                          \"pattern\": \"VR1S\",\n                          \"exclude\": \"OHD*58G\",\n                          \"info\": \"0\"\n                        },\n                        {\n                          \"pattern\": \"MP0793\",\n                          \"info\": \"RVXOu~h\"\n                        },\n                        \"WJS4*99\"\n                      ]\n                    },\n                    {\n                      \"or\": [\n                        \"CJ8\",\n                        \"KEUx2U\",\n                        {\n                          \"and\": [\n                            \"YEB626K\",\n                            \"ZGF08\"\n                          ]\n                        },\n                        \"CKQ03\",\n                        \"VM753O\"\n                      ]\n                    }\n                  ]\n                }\n              ]\n            },\n            \"WJ031\"\n          ]\n        },\n        {\n          \"and\": []\n        },\n        {\n          \"or\": [\n            {\n              \"pattern\": \"HXxB\",\n              \"exclude\": \"BJH671\",\n              \"info\": \"/)j=PQ\"\n            }\n          ]\n        },\n        {\n          \"pattern\": \"AJEx4O\",\n          \"exclude\": \"DO248\"\n        },\n        {\n          \"or\": [\n            {\n              \"pattern\": \"WZ*\",\n              \"info\": \"r\"\n            },\n            \"IO21\",\n            {\n              \"or\": [\n                \"NKZ2\",\n                \"FV6xE\",\n                \"YSN011*B\",\n                \"MDG291*\"\n              ]\n            },\n            {\n              \"pattern\": \"EO7A\",\n              \"exclude\": \"DQG23*0Q\"\n            },\n            \"YN74L\"\n          ]\n        }\n      ],\n      \"satisfy\": {\n        \"or\": [\n          {\n            \"and\": []\n          },\n          \"+gbrYV.\",\n          \"x_/e32/\"\n        ]\n      },\n      \"url\": \"http://4wdsyykyle0yw42wo-q0xdgjahq18d.y.pouv.ngdydrvx2tl4rrhr0s8.aomhfs/L//Uzh21H/(Y\",\n      \"info\": \"&\",\n      \"kG#b-)k~/\": {\n        \"name\": \"p\",\n        \"ay\": 1990,\n        \"assign\": [\n          \"{y\",\n          \"e*E[\"\n        ],\n        \"match\": {\n          \"pattern\": \"JOI3\",\n          \"exclude\": \"JMC8*0*\",\n          \"info\": \"lZW|x[b\"\n        },\n        \"url\": \"http://27egmb20h1o.gdvhdas4vnvvg7re29336l8rkfcd4xaujevnuccvgsj0010h8s9nqt.jc4g8v5225ic77gw-72i7e.pgcz/On@gY9/g1RX5%F3%AF%B3%BDk*/JB/06y/WhJ/l3M/\",\n        \"info\": \"S`\",\n        \"<9\": {\n          \"ay\": 2001,\n          \"assign\": \"kYsdRHuy^\",\n          \"match\": [\n            {\n              \"or\": [\n                {\n                  \"pattern\": \"YV6J\",\n                  \"exclude\": \"FMB4\"\n                },\n                {\n                  \"or\": [\n                    \"PA2117\",\n                    {\n                      \"or\": [\n                        \"QS9\",\n                        \"FU1x4J\",\n                        {\n                          \"pattern\": \"IRV*623K\",\n                          \"exclude\": \"PTW79\",\n                          \"info\": \"\"\n                        }\n                      ]\n                    }\n                  ]\n                },\n                \"JPH3Y\",\n                {\n                  \"and\": [\n                    \"MER2\"\n                  ]\n                }\n              ]\n            },\n            {\n              \"and\": [\n                \"NVL*96X\"\n              ]\n            }\n          ],\n          \"satisfy\": \"=-a!oE\",\n          \"url\": \"http://la2onixjoyhqwpf5b7z98pzje6z.5ip0w7qzirz4jp9im34vuns79x2tzgk6gqj59u2pxrav-h9ugdldcfozm.qtbsivr/o&/Qv3/%F3%8B%A0%B1t4,&s/e5xGY1%F1%A3%AD%A2H\",\n          \"info\": \"\"\n        }\n      },\n      \"\": {\n        \"name\": \"L$pjg\",\n        \"ay\": 1958,\n        \"assign\": \"j+\",\n        \"satisfy\": [\n          \"7uw\"\n        ],\n        \"url\": \"https://g1-ycpol4-cicco-z.m.f1n1lqch964n7jhrx-lz8.nr3ore20gcxs42rw86iypbde3a80wqhp4urn3xcsm5o.utkt\",\n        \"info\": \"\"\n      },\n      \"W5\": {\n        \"name\": \"j\",\n        \"ay\": 1974,\n        \"assign\": [\n          \"p0{vrP%Q\"\n        ],\n        \"match\": \"DPO5301\",\n        \"satisfy\": [\n          \"wK%Rl)VjG,\",\n          {\n            \"or\": [\n              {\n                \"and\": [\n                  \"-\",\n                  {\n                    \"and\": [\n                      \"4\"\n                    ]\n                  },\n                  \"Em\",\n                  {\n                    \"or\": [\n                      \"lJQ;Xt~\",\n                      {\n                        \"mc\": \">=153\"\n                      },\n                      \"x\"\n                    ]\n                  },\n                  {\n                    \"or\": []\n                  }\n                ]\n              },\n              {\n                \"and\": [\n                  \"[ftw\",\n                  {\n                    \"or\": [\n                      \"5\",\n                      {\n                        \"or\": [\n                          \"d.k_:\\\\\",\n                          \"v/bU Wx>.\",\n                          \"N[szm;\"\n                        ]\n                      }\n                    ]\n                  },\n                  {\n                    \"or\": [\n                      \"a\",\n                      \",$N}Rm\"\n                    ]\n                  },\n                  \"\",\n                  \"](71S6 8\"\n                ]\n              },\n              {\n                \"and\": [\n                  \"as@cYj\",\n                  {\n                    \"mc\": \">=22\"\n                  }\n                ]\n              },\n              {\n                \"and\": [\n                  {\n                    \"or\": [\n                      {\n                        \"mc\": \">=138\"\n                      },\n                      {\n                        \"or\": [\n                          \"\",\n                          \"G9%s;pypf\",\n                          \"<r0`b<@\"\n                        ]\n                      },\n                      \"jWmV-^\",\n                      {\n                        \"mc\": \"<=61\"\n                      },\n                      \"xS(*TI]8N\"\n                    ]\n                  }\n                ]\n              },\n              {\n                \"and\": [\n                  {\n                    \"and\": [\n                      \"\"\n                    ]\n                  }\n                ]\n              }\n            ]\n          },\n          \"{$DWH\",\n          {\n            \"or\": [\n              \"L\",\n              {\n                \"or\": [\n                  \"t(7K_.,EZg\"\n                ]\n              },\n              {\n                \"and\": [\n                  \")?=\",\n                  \"D1?\",\n                  \"_),u!dqv\",\n                  \"U\"\n                ]\n              },\n              {\n                \"and\": []\n              },\n              {\n                \"mc\": \">=101\"\n              }\n            ]\n          }\n        ],\n        \"url\": \"http://7h2x792qpxgy28qxynopkfha.qofm09h06mnm8b.lfjx9or149yg388fe29w5qh-mxffna.i27gudnh.m24x00ggg-yct0hpq80lpygu84s3bx-lj8jhzmvc3iu8929.ytxhoovit/_F%F3%B6%8F%86to@//+k,MG1Iu)w/3/O%F1%98%A6%A0mk1gJDuC/)%F0%AC%BD%84~P%F2%83%92%8D1lC-5/M6dWH5HfZ\",\n        \"info\": \"G&iv@ZI'\",\n        \"-{cE7\": {\n          \"name\": \"si^|K'O\",\n          \"ay\": 1951,\n          \"assign\": \"Djh)\",\n          \"match\": [],\n          \"satisfy\": \"?d}'5L\",\n          \"url\": \"https://aslg.gzn/I=b*//IX&!s09/:az/CSS'kv8s/Rbc%F2%8C%93%A8(/VKy%F3%BD%98%85/+Y%F3%A7%9B%9Ai0J'b3./a,\",\n          \"info\": \"1f~#v_o\"\n        },\n        \"ss\": {\n          \"name\": \"Di/*=\",\n          \"assign\": \"!\",\n          \"satisfy\": [\n            {\n              \"and\": [\n                {\n                  \"mc\": \"<=69\"\n                },\n                \"m\",\n                \"`V-#!bc\",\n                {\n                  \"and\": []\n                },\n                {\n                  \"and\": [\n                    \"`<O\",\n                    \"N=\\\\?_k.$SN\"\n                  ]\n                }\n              ]\n            },\n            \"Fq VVLyu4G\",\n            {\n              \"mc\": \">=76\"\n            }\n          ],\n          \"url\": \"https://wwf3sv6w5edy-l0vazgx6y13l.z.dlj4hzqh12llfbaeamjhdcop0gg-pehhtpmtn6sxq.heh\",\n          \"info\": \"^38:$2c-Co\",\n          \"w's}!7\": {\n            \"name\": \"[Ma,'Iz\",\n            \"ay\": 2001,\n            \"assign\": [\n              \"K6 @\",\n              \" \",\n              \"\"\n            ],\n            \"match\": [\n              {\n                \"pattern\": \"YD9xL\",\n                \"exclude\": [\n                  \"MQ9W\",\n                  \"IWCx884L\",\n                  \"KHW883*L\",\n                  \"CB357*\",\n                  \"OZ9\"\n                ],\n                \"info\": \"!O\"\n              }\n            ],\n            \"satisfy\": [\n              \"+62;`QpE\",\n              \"}dN TfJt]k\",\n              {\n                \"or\": [\n                  \"pkRz@\"\n                ]\n              }\n            ],\n            \"url\": \"http://w.1gt5keb4g54d22rwfquztc5vfuv98ai9uq4uh2gcxexk8qwlmwn7u58mcsql.41h48d65rttjyegn-b0apm7mdlmba50bj120ztw5f7fkaz9so.s4uz10pvcmfb3ytdwvspp-v8-0qnoz0ym7xlku43p6nenvbtdxvrkcjx1yjjk.z8cnatsebanm3kis9uauux2e6amrt79oqct6tqxve1xhaoe9b67vz-tp2.ubcqg\",\n            \"info\": \"{ma$>e`\"\n          },\n          \"VBs\": {\n            \"name\": \"Pa`+}h`x?\",\n            \"ay\": 2009,\n            \"assign\": \" %U\",\n            \"match\": [\n              {\n                \"pattern\": \"FZ8\",\n                \"info\": \"%\"\n              },\n              {\n                \"pattern\": \"RI32\",\n                \"exclude\": [],\n                \"info\": \"kUoCU\"\n              }\n            ],\n            \"url\": \"https://foaigd.lpe9bhx5dth5c03cjeo.o38tvgv9igc3frqz6smjep-v.gjfw1f1kk6q5qke-o-dzbesnizoevg5xvcu3q995xlpa1y.sfqlrgkny/f4cEdf/%F3%BB%BD%A6/qE/~Y@)rN/B3p@3T/J@U-DI/h%F3%B8%87%9CVZNdqpO/z%F2%B0%8D%97%F1%8B%A8%8EVR(j/t1%F1%AC%BA%8B00m/A!R%F0%95%99%B0Z\",\n            \"info\": \"'d-meDA)\"\n          },\n          \"z\": {\n            \"name\": \"tIyydM\",\n            \"ay\": 1950,\n            \"assign\": [\n              \"GSQQ,D?~\",\n              \"'_\",\n              \"\"\n            ],\n            \"match\": [\n              {\n                \"or\": [\n                  \"WK536\",\n                  {\n                    \"pattern\": \"RNM4R\",\n                    \"exclude\": [\n                      \"RWO4959O\"\n                    ],\n                    \"info\": \"\"\n                  },\n                  \"NZA575\",\n                  {\n                    \"or\": [\n                      {\n                        \"pattern\": \"QM336\",\n                        \"exclude\": \"XIA56*3A\",\n                        \"info\": \"0s\"\n                      },\n                      \"FD6Z\",\n                      \"RI4968\",\n                      {\n                        \"and\": [\n                          {\n                            \"pattern\": \"NA309*\",\n                            \"exclude\": [\n                              \"QWO25W\"\n                            ],\n                            \"info\": \"~_?x>[d5)\"\n                          }\n                        ]\n                      }\n                    ]\n                  }\n                ]\n              },\n              \"CZ1\",\n              {\n                \"pattern\": \"UU7*2\",\n                \"exclude\": \"AX4x08N\"\n              },\n              {\n                \"and\": [\n                  {\n                    \"pattern\": \"DCB*V\",\n                    \"info\": \".csWy b4\"\n                  }\n                ]\n              }\n            ],\n            \"satisfy\": {\n              \"and\": [\n                {\n                  \"mc\": \"<=103\"\n                },\n                {\n                  \"or\": [\n                    {\n                      \"or\": [\n                        \"`s9Y/!M\"\n                      ]\n                    },\n                    {\n                      \"and\": [\n                        {\n                          \"mc\": \">=64\"\n                        },\n                        \"M*'bQq\"\n                      ]\n                    },\n                    {\n                      \"and\": [\n                        \"px\",\n                        {\n                          \"and\": [\n                            {\n                              \"or\": []\n                            }\n                          ]\n                        }\n                      ]\n                    },\n                    {\n                      \"mc\": \"<=187\"\n                    },\n                    \"t7+1HL\\\\^\"\n                  ]\n                }\n              ]\n            },\n            \"url\": \"http://w4va4xlpol-zg.znyrbsv/I/73!S_'T%F1%AB%B1%9D,-/%F3%B0%8C%A8qCeNm*/ONBw/0T%F2%93%A9%A0zv%F2%85%8E%AC=S/4/T\",\n            \"info\": \"U3.}0\\\\r.\"\n          },\n          \":\": {\n            \"name\": \"T:9%M>vy1\",\n            \"assign\": [\n              \"\",\n              \"]Cww/Lj\",\n              \"+X;\"\n            ],\n            \"match\": [\n              {\n                \"pattern\": \"PH990x\",\n                \"exclude\": \"UIE4748\",\n                \"info\": \"+.KRL}\\\"\"\n              },\n              {\n                \"pattern\": \"XC89N\",\n                \"exclude\": [\n                  \"MU53\",\n                  \"SQH2x91D\",\n                  \"BSE1185\"\n                ],\n                \"info\": \"O)\"\n              },\n              {\n                \"or\": [\n                  \"NQY75x\",\n                  {\n                    \"or\": [\n                      \"RQB3263\",\n                      {\n                        \"and\": [\n                          {\n                            \"or\": [\n                              \"HIW1*6C\",\n                              {\n                                \"or\": [\n                                  \"KJ3Y\"\n                                ]\n                              },\n                              {\n                                \"or\": [\n                                  \"NKN82\",\n                                  \"MLE38x\",\n                                  \"UT80*Q\",\n                                  \"NUH830V\",\n                                  {\n                                    \"and\": []\n                                  }\n                                ]\n                              },\n                              {\n                                \"or\": [\n                                  \"DDC81\",\n                                  \"HX6*\",\n                                  \"EFK*81H\"\n                                ]\n                              },\n                              \"SHA237\"\n                            ]\n                          },\n                          \"AE44x6A\"\n                        ]\n                      }\n                    ]\n                  },\n                  {\n                    \"or\": [\n                      \"CHB92x4Z\"\n                    ]\n                  }\n                ]\n              }\n            ],\n            \"satisfy\": {\n              \"and\": [\n                \"EL\",\n                \"\",\n                {\n                  \"or\": [\n                    {\n                      \"or\": [\n                        {\n                          \"or\": [\n                            \"\",\n                            \"X^|\",\n                            \"NsFH>\",\n                            \"+C@s1\",\n                            \"+b{h\"\n                          ]\n                        },\n                        \"F\"\n                      ]\n                    },\n                    \"mR<E\"\n                  ]\n                },\n                {\n                  \"or\": []\n                },\n                {\n                  \"and\": [\n                    {\n                      \"and\": [\n                        {\n                          \"and\": [\n                            \"$#2UQp8)\",\n                            {\n                              \"or\": [\n                                \"/0q+%,\"\n                              ]\n                            },\n                            {\n                              \"or\": []\n                            }\n                          ]\n                        },\n                        \")3}ox6vzI\",\n                        \"9%<\",\n                        \"g\",\n                        {\n                          \"and\": [\n                            \"}7,$0Qzrg\",\n                            \"e&B.x:\"\n                          ]\n                        }\n                      ]\n                    },\n                    \"mt_@\",\n                    {\n                      \"mc\": \">=172\"\n                    }\n                  ]\n                }\n              ]\n            },\n            \"url\": \"http://m9r.yckzodd/y'._%F1%8A%9C%97A1/nS%F1%83%A1%858YC/Q%F3%80%9C%BD=$nhj//s@tB9\",\n            \"info\": \"W=F\"\n          },\n          \"ghZ82zc\": {\n            \"name\": \"(q[\",\n            \"ay\": 1962,\n            \"assign\": [\n              \"O*\",\n              \"$$L\",\n              \"+8r\",\n              \"pe5N4L?)Q\"\n            ],\n            \"url\": \"http://rn.5-cd5.34nihv9-zbs14gz1f4-v5oom-fbpnb91s4trljt66i-8-ny-vsejn.zsxj0d9nkox8uadhvfd3tsf4lvvra603fdm0xj6etl40tsgj2qb4k8ezkhj.zbot/KnBKCa*/u/7/(sV/.s%F0%B3%B6%80%F0%98%9E%91%F1%82%AF%A0eLvI\",\n            \"info\": \"WV\",\n            \"s2?~\": {\n              \"name\": \" z\",\n              \"ay\": 1956,\n              \"assign\": \"w\",\n              \"match\": {\n                \"or\": [\n                  {\n                    \"pattern\": \"QS0X\",\n                    \"exclude\": [\n                      \"VM60V\",\n                      \"LP0\"\n                    ],\n                    \"info\": \"7XqkVlvZ11\"\n                  },\n                  {\n                    \"and\": [\n                      \"HHN107*F\",\n                      {\n                        \"pattern\": \"JE824*W\",\n                        \"info\": \"T%>~}s57\"\n                      },\n                      {\n                        \"and\": [\n                          \"NXW25\",\n                          {\n                            \"or\": [\n                              {\n                                \"and\": []\n                              },\n                              \"MW6F\",\n                              \"KPGx5\",\n                              \"JFJ86J\",\n                              {\n                                \"pattern\": \"ZG236Z\",\n                                \"exclude\": \"IME205Z\",\n                                \"info\": \"}(dC\"\n                              }\n                            ]\n                          },\n                          \"KWA066*C\"\n                        ]\n                      },\n                      {\n                        \"or\": []\n                      }\n                    ]\n                  },\n                  {\n                    \"and\": [\n                      {\n                        \"or\": [\n                          {\n                            \"pattern\": \"SCE3\",\n                            \"info\": \"\"\n                          }\n                        ]\n                      },\n                      {\n                        \"or\": [\n                          \"YW21\",\n                          \"ME**6\"\n                        ]\n                      },\n                      {\n                        \"or\": [\n                          {\n                            \"and\": [\n                              \"VDJ836P\",\n                              \"THP9324\",\n                              \"CR4\",\n                              {\n                                \"pattern\": \"HX2H\",\n                                \"exclude\": [\n                                  \"DWF58L\"\n                                ],\n                                \"info\": \"$T:F+U\"\n                              },\n                              {\n                                \"or\": [\n                                  \"OENx\",\n                                  {\n                                    \"or\": [\n                                      {\n                                        \"pattern\": \"FR095N\",\n                                        \"exclude\": [],\n                                        \"info\": \",lx\"\n                                      }\n                                    ]\n                                  }\n                                ]\n                              }\n                            ]\n                          },\n                          \"YA2x\",\n                          {\n                            \"pattern\": \"ODx\",\n                            \"exclude\": [],\n                            \"info\": \"-X>\"\n                          },\n                          \"DS*85\",\n                          \"DQx5O\"\n                        ]\n                      },\n                      \"AUE00Y\"\n                    ]\n                  },\n                  {\n                    \"or\": [\n                      \"QOZ338\",\n                      {\n                        \"and\": [\n                          {\n                            \"pattern\": \"FCI4F\",\n                            \"exclude\": \"FJDx**N\",\n                            \"info\": \"^lnw{v\"\n                          },\n                          {\n                            \"or\": []\n                          },\n                          \"ZQ4*3V\",\n                          {\n                            \"and\": []\n                          }\n                        ]\n                      },\n                      \"YXZ5\",\n                      {\n                        \"or\": [\n                          {\n                            \"pattern\": \"RTN681\",\n                            \"exclude\": \"CF010V\",\n                            \"info\": \"\"\n                          }\n                        ]\n                      }\n                    ]\n                  }\n                ]\n              },\n              \"url\": \"http://mln6toojj2yonbf3yjq1-0.xl07q53dd2j4-6rb3.zr//z_7/JJimk%F2%8D%87%9Ak%F1%96%A0%82@/x;/c+CRi%F2%95%91%A7SM\",\n              \"info\": \"$M41d\"\n            },\n            \"CO\\\\^pM5PK\": {\n              \"name\": \"T6[hM\",\n              \"ay\": 1987,\n              \"assign\": [\n                \":LP\",\n                \"\"\n              ],\n              \"match\": {\n                \"and\": [\n                  {\n                    \"and\": []\n                  },\n                  \"PIC73\",\n                  {\n                    \"or\": [\n                      {\n                        \"and\": [\n                          {\n                            \"and\": [\n                              \"YT65\",\n                              \"WFN10\"\n                            ]\n                          },\n                          \"YXG5*E\"\n                        ]\n                      },\n                      \"ER*8\",\n                      {\n                        \"pattern\": \"QCU054x\",\n                        \"exclude\": [\n                          \"WF*x38V\",\n                          \"KJ91\",\n                          \"QK0685U\",\n                          \"RHL97\",\n                          \"UAK82B\"\n                        ],\n                        \"info\": \"\"\n                      },\n                      {\n                        \"pattern\": \"THJ993K\",\n                        \"exclude\": \"FGY96x5O\",\n                        \"info\": \"oC`Th\"\n                      }\n                    ]\n                  },\n                  {\n                    \"or\": [\n                      {\n                        \"pattern\": \"OG3Q\",\n                        \"exclude\": \"IX5Y\"\n                      },\n                      \"CJ1*L\",\n                      \"UJQ90\",\n                      {\n                        \"and\": [\n                          {\n                            \"or\": [\n                              {\n                                \"and\": [\n                                  \"HGG349R\",\n                                  \"OOH96\",\n                                  \"LK*3S\"\n                                ]\n                              },\n                              \"SQ7\",\n                              \"XAZ31\",\n                              \"FV1*2xS\",\n                              {\n                                \"or\": [\n                                  \"NOB984*\",\n                                  \"XEY29*4\"\n                                ]\n                              }\n                            ]\n                          },\n                          {\n                            \"and\": [\n                              \"DER697K\",\n                              \"II053\",\n                              \"WPZ1x\",\n                              \"RQQ7562A\",\n                              \"VOE6H\"\n                            ]\n                          },\n                          \"LHD2535S\",\n                          \"YXL463Z\"\n                        ]\n                      },\n                      {\n                        \"and\": [\n                          \"IY9\",\n                          \"XA95x*\"\n                        ]\n                      }\n                    ]\n                  },\n                  {\n                    \"pattern\": \"SV6*O\",\n                    \"exclude\": \"MYK*\"\n                  }\n                ]\n              },\n              \"satisfy\": \"e$,zHT6(K\",\n              \"url\": \"https://y.dsf4-l5l6vvclyjkd5bcp5kwlioc8linmr9pv4.qbupqxwn/uzSEgaZ/%EA%95%B8)49O@%F2%B7%A0%83Q0,/EJ/QF,AKr3/T%F3%AD%A7%9Ax\",\n              \"info\": \" |\"\n            },\n            \"Kf\\\"yuLC7U\": {\n              \"name\": \"\",\n              \"ay\": 1991,\n              \"satisfy\": [],\n              \"url\": \"http://ibibdkpl-p.05hpbmi3dbhk6yuqusnsqal4p1ydfsw4nv-mjf8wxuu190a2numqz8.2ruityw2epznrlrf5rpgopjwhtd9ppih8snsojlajsah7s38u.r-qxofr1r4ogdjpha3axpzm.0xghd0-rm8a9j2h7aeeojy573d28zoy3.cjy/UB:GOHPIiU\",\n              \"info\": \".Z/&g{\"\n            }\n          }\n        },\n        \"\\\\nB>l\": {\n          \"name\": \"N\\\\n70'(\",\n          \"ay\": 1982,\n          \"assign\": [\n            \"-RRm1l$L)\",\n            \"ts>\"\n          ],\n          \"url\": \"https://r.zuxoqluz/;%F1%BD%A2%A2ES::b:/.9jb0Mq67p/7%F1%94%AF%A9,d'(9//~E+c2STnq/TS+Lrg/i/SMaP.a%F3%B2%A7%B7/%F1%85%8D%B2H'ajZmx/'K\",\n          \"info\": \"\"\n        },\n        \"&_\": {\n          \"name\": \"rk<\",\n          \"ay\": 1991,\n          \"assign\": [\n            \"4\",\n            \"s\",\n            \"6,{Ig=Q\",\n            \"\\\"\",\n            \"\"\n          ],\n          \"match\": {\n            \"and\": [\n              \"DSC545A\",\n              \"TC9\",\n              {\n                \"pattern\": \"OWQ31\",\n                \"info\": \"\"\n              },\n              {\n                \"pattern\": \"VFC*8Z\",\n                \"exclude\": \"EQH12x6\",\n                \"info\": \"d`cy\"\n              },\n              {\n                \"or\": []\n              }\n            ]\n          },\n          \"satisfy\": \"fY#\",\n          \"url\": \"http://hu3e3h-y4qpu.x.davww63iptsfxsd6jxxgz08n0g1bg-gce6k2mwyep-cqsgjub.f9vktrrz6nnz29es7grf0nq-0150f05nrrv67b5l0bo3tmqe4tj9j514qsjka93.lrnttedny/O!V/K'ovPx\",\n          \"info\": \";q\"\n        },\n        \"vwg nC`^\": {\n          \"ay\": 2028,\n          \"assign\": [],\n          \"match\": {\n            \"and\": [\n              \"UY0222\",\n              {\n                \"or\": [\n                  \"IF995Z\"\n                ]\n              },\n              \"JQD29xD\"\n            ]\n          },\n          \"satisfy\": \"b\",\n          \"url\": \"https://wrlu9350gabnz3.w5citg8nfrwrsxjflm2vk1lu8mj1ar3tgw.ldp1l7dtiie3477elwhsuz5hzj79jxoxpkdr-vvp60uth0.su//i4/:/Uv\",\n          \"info\": \"U\\\"1\"\n        }\n      },\n      \"r3l@n\": {\n        \"name\": \"J0ng\",\n        \"match\": {\n          \"pattern\": \"UTC3*08\",\n          \"exclude\": [],\n          \"info\": \"(Ww1\"\n        },\n        \"url\": \"https://yuxluz8f56b9-z0w8.n.849f8r50o1bnot020hbykmpvht17jf.jq/tsoaLw0q/a%F4%84%A9%ACpf)IH\",\n        \"info\": \"y =D\"\n      }\n    }\n  },\n  {\n    \"title\": \"block sample 6\",\n    \"value\": {\n      \"name\": \"[\",\n      \"ay\": 1959,\n      \"assign\": [\n        \"\",\n        \"}w\"\n      ],\n      \"match\": [\n        {\n          \"pattern\": \"LM3B\",\n          \"exclude\": \"ZF4315\",\n          \"info\": \"%#V&\"\n        }\n      ],\n      \"satisfy\": [],\n      \"url\": \"https://kpiiemoyuefb95jowzmgvarhogtjs5q6wvrs7.b-pbs6.f2hqffmb3nw08x5cyg3lyqyvh9l19d4ybsuv.campnbla\",\n      \"info\": \"|x%\"\n    }\n  },\n  {\n    \"title\": \"block sample 7\",\n    \"value\": {\n      \"name\": \"zY\\\"\\\"JBW&\",\n      \"ay\": 1951,\n      \"assign\": [\n        \"SH>A#H\",\n        \"dXH(YDO$hY\"\n      ],\n      \"match\": {\n        \"and\": [\n          {\n            \"and\": [\n              \"FN9*H\",\n              {\n                \"pattern\": \"CV49*8G\",\n                \"exclude\": \"QBG0577H\",\n                \"info\": \"\"\n              },\n              \"TZB2B\",\n              {\n                \"pattern\": \"VI27*B\",\n                \"exclude\": [\n                  \"MCM423\",\n                  \"JS7937\",\n                  \"VPJ693\",\n                  \"CDGx2*V\"\n                ],\n                \"info\": \"\"\n              }\n            ]\n          },\n          {\n            \"or\": [\n              {\n                \"and\": [\n                  {\n                    \"or\": [\n                      \"GT*L\",\n                      \"FW31\",\n                      \"TCHx13\",\n                      \"GB0x5I\"\n                    ]\n                  },\n                  {\n                    \"pattern\": \"AHL4P\",\n                    \"exclude\": [\n                      \"IQF718\",\n                      \"YYW91V\",\n                      \"OAL45\",\n                      \"BCx\"\n                    ],\n                    \"info\": \"iQ>/\"\n                  }\n                ]\n              }\n            ]\n          },\n          {\n            \"pattern\": \"DF85K\",\n            \"exclude\": [\n              \"BE3*9x\",\n              \"JP9\",\n              \"RRO72*9\"\n            ],\n            \"info\": \"8ijsFjy\"\n          },\n          {\n            \"or\": []\n          },\n          {\n            \"or\": [\n              {\n                \"or\": [\n                  \"OFF5384\",\n                  {\n                    \"pattern\": \"OJ7641\",\n                    \"exclude\": \"MV3T\"\n                  },\n                  {\n                    \"and\": [\n                      \"MT6\",\n                      \"GQ0413Q\",\n                      \"WAA89\"\n                    ]\n                  }\n                ]\n              }\n            ]\n          }\n        ]\n      },\n      \"satisfy\": [\n        {\n          \"and\": [\n            \"4k\",\n            \"z10o&KK\",\n            {\n              \"and\": [\n                \"Qy\"\n              ]\n            }\n          ]\n        }\n      ],\n      \"url\": \"http://2.c.hd-gjr2l2px9qw9vt6c1u-skw-5uvwf-js0cwo887vb.5.tout/1TBD/R%F2%93%B8%9Dc%F0%BB%89%956/bX%F3%97%BE%A0:g,b/em/x%F1%8C%B1%8Cb/fba/e~%F3%AF%A8%8BcSv-eQ;\",\n      \"info\": \"\",\n      \"ejrCUYG\": {\n        \"name\": \"|\\\"nY}r&6y\",\n        \"assign\": [\n          \"118\",\n          \"X7\",\n          \"\\\\d-~E\"\n        ],\n        \"url\": \"http://eqpogy0imveuup73mhw7-d2cb904vkg54t2a.czu/a%F3%8A%9C%9FK,GV/xU:1/30/Ca%F1%A2%93%90qI!Dw%F2%BE%83%83/z%F2%BF%82%8DDhSUl4Sa/'!P/I/~caDve//\",\n        \"info\": \"\"\n      }\n    }\n  },\n  {\n    \"title\": \"block sample 8\",\n    \"value\": {\n      \"name\": \"7-\",\n      \"ay\": 1956,\n      \"assign\": [\n        \"R\\\"|g-Gj\",\n        \"f(S]5S6Qi7\",\n        \"a>#\",\n        \"qhIK bKc$\",\n        \"&S\"\n      ],\n      \"match\": [\n        {\n          \"and\": [\n            \"JL09M\"\n          ]\n        },\n        {\n          \"pattern\": \"QAP*37X\"\n        },\n        {\n          \"or\": [\n            {\n              \"and\": [\n                \"QLW*456T\",\n                {\n                  \"and\": [\n                    {\n                      \"pattern\": \"ER8H\",\n                      \"info\": \"!?88\"\n                    },\n                    \"EF6x\",\n                    \"UR2X\",\n                    {\n                      \"or\": [\n                        \"PB1\",\n                        \"LRK7\",\n                        \"RBE9\",\n                        \"GE8U\",\n                        \"IHO28\"\n                      ]\n                    },\n                    \"JA67X\"\n                  ]\n                },\n                \"RUK7\"\n              ]\n            },\n            {\n              \"or\": [\n                \"DPR57Q\"\n              ]\n            },\n            {\n              \"or\": [\n                \"JM855\"\n              ]\n            }\n          ]\n        }\n      ],\n      \"satisfy\": {\n        \"or\": [\n          {\n            \"and\": []\n          },\n          {\n            \"mc\": \"<=6\"\n          },\n          \"\"\n        ]\n      },\n      \"url\": \"https://b09js9xymkiw6zryuy0rwfdu3i.hzj7mmkayb8yytr3c1x2bdhw2jhtf1tx37u.y15udczcsf61-28p17cx5s9v6qabn9.pogf--idnzius-7yzzdt.a93y83wqaqh-eyus97w4wtgksured370du8y6zzbnk7u8zb.zqotqfvpg/8nY/jQzHLa/SW/=H/wD/R6O2iR/gb,;k1aa/r7wJmG:\",\n      \"info\": \"9!!\"\n    }\n  },\n  {\n    \"title\": \"block sample 9\",\n    \"value\": {\n      \"name\": \"*\\\\Q-47\",\n      \"ay\": 2029,\n      \"match\": [\n        \"LH46*U\",\n        \"BKP96Q\",\n        {\n          \"pattern\": \"AAF6x5x\",\n          \"exclude\": [\n            \"CJx*8P\",\n            \"CKS548I\",\n            \"GAC*30\",\n            \"TI4E\",\n            \"DV024G\"\n          ],\n          \"info\": \"mM=;>T\"\n        },\n        {\n          \"and\": [\n            {\n              \"pattern\": \"NMS497T\",\n              \"exclude\": [],\n              \"info\": \":SOjsvg\"\n            },\n            {\n              \"pattern\": \"SX0905\",\n              \"exclude\": \"QDC4x2xF\",\n              \"info\": \"|\\\\cruCd\"\n            },\n            \"GD0T\"\n          ]\n        }\n      ],\n      \"satisfy\": [\n        {\n          \"mc\": \">=127\"\n        },\n        \"(uY kHM(;\",\n        {\n          \"and\": [\n            \"I}] ?\"\n          ]\n        },\n        {\n          \"or\": [\n            {\n              \"or\": [\n                \"xN5];r\",\n                {\n                  \"mc\": \">=118\"\n                },\n                \"uh\",\n                \"W=;D2J:Xs\"\n              ]\n            },\n            \"F<_0]5K\",\n            {\n              \"or\": [\n                {\n                  \"mc\": \"<=147\"\n                },\n                \"uD\"\n              ]\n            },\n            {\n              \"or\": [\n                {\n                  \"or\": [\n                    \"\",\n                    \"b\",\n                    \"wMLnqonOOf\"\n                  ]\n                }\n              ]\n            }\n          ]\n        },\n        {\n          \"and\": [\n            {\n              \"mc\": \"<=199\"\n            },\n            \"Gvt|}5Q\",\n            {\n              \"mc\": \">=66\"\n            },\n            {\n              \"and\": [\n                {\n                  \"mc\": \">=3\"\n                },\n                \"o\",\n                \"n\"\n              ]\n            },\n            \"!<<\"\n          ]\n        }\n      ],\n      \"url\": \"http://8ur5d7xnvf1x2aqyh-e52x-yz22d63e0z2rz98mezrpc2vmofkkz1yn7je7.67pfckwfccc6rlqfdwe7xv.fagdojhgbh\",\n      \"info\": \"BPJR\"\n    }\n  }\n]",
              "code": "fast_check_1.sample(index_test_2.block, 10).forEach((sample, i) => addContext_1.default(this, {\n    title: `block sample ${i}`,\n    value: sample,\n}));\nreturn fast_check_1.assert(fast_check_1.property(index_test_2.block, ajvValidate));",
              "err": {},
              "uuid": "2803ddcb-663b-49ca-9322-29ac52ca1b27",
              "parentUUID": "b1438817-4f8c-4e4c-9f6a-42da17eb286f",
              "isHook": false,
              "skipped": false
            },
            {
              "title": "should not validate non-object",
              "fullTitle": "blockSchema should not validate non-object",
              "timedOut": false,
              "duration": 1,
              "state": "passed",
              "speed": "fast",
              "pass": true,
              "fail": false,
              "pending": false,
              "context": null,
              "code": "const error = {\n    instancePath: \"\",\n    message: \"block should be an object\",\n};\nisInvalidBlock(null, error);\nisInvalidBlock(undefined, error);\nisInvalidBlock(10, error);\nisInvalidBlock([12, 24], error);\nisInvalidBlock(\"abc\", error);",
              "err": {},
              "uuid": "a30577b6-5166-41e6-9194-e57cf4d271ff",
              "parentUUID": "b1438817-4f8c-4e4c-9f6a-42da17eb286f",
              "isHook": false,
              "skipped": false
            },
            {
              "title": "should not validate block with invalid properties",
              "fullTitle": "blockSchema should not validate block with invalid properties",
              "timedOut": false,
              "duration": 1,
              "state": "passed",
              "speed": "fast",
              "pass": true,
              "fail": false,
              "pending": false,
              "context": null,
              "code": "isInvalidBlock({\n        name: { foo: \"bar\" },\n        ay: -1000,\n        assign: {},\n        match: 1,\n        satisfy: 2,\n        url: { abc: \"def\" },\n        info: 42,\n    }, { instancePath: \"/name\", message: \"property 'name' should be a string\" }, {\n        instancePath: \"/ay\",\n        message: \"property 'ay' should be a positive integer\",\n    }, {\n        instancePath: \"/assign\",\n        message: \"property 'assign' should be either a block ID or an array of block IDs\",\n    }, {\n        instancePath: \"/match\",\n        message: \"property 'match' should be either a match rule or an array of match rules\",\n    }, {\n        instancePath: \"/satisfy\",\n        message: \"property 'satisfy' should be either a satisfy rule or an array of satisfy rules\",\n    }, { instancePath: \"/url\", message: \"property 'url' should be a string\" }, { instancePath: \"/info\", message: \"property 'info' should be a string\" })",
              "err": {},
              "uuid": "f7ed98d1-ba58-4e47-9447-dc97da54c447",
              "parentUUID": "b1438817-4f8c-4e4c-9f6a-42da17eb286f",
              "isHook": false,
              "skipped": false
            }
          ],
          "suites": [],
          "passes": [
            "2803ddcb-663b-49ca-9322-29ac52ca1b27",
            "a30577b6-5166-41e6-9194-e57cf4d271ff",
            "f7ed98d1-ba58-4e47-9447-dc97da54c447"
          ],
          "failures": [],
          "pending": [],
          "skipped": [],
          "duration": 156,
          "root": false,
          "rootEmpty": false,
          "_timeout": 2000
        },
        {
          "uuid": "a5a09572-52a2-423f-969b-9421b34749f2",
          "title": "patternToRE",
          "fullFile": "/home/runner/work/planwithus-lib/planwithus-lib/src/matchRule/pattern/satisfiers.test.ts",
          "file": "/src/matchRule/pattern/satisfiers.test.ts",
          "beforeHooks": [],
          "afterHooks": [],
          "tests": [
            {
              "title": "should match valid modules with a single pattern",
              "fullTitle": "patternToRE should match valid modules with a single pattern",
              "timedOut": false,
              "duration": 13,
              "state": "passed",
              "speed": "fast",
              "pass": true,
              "fail": false,
              "pending": false,
              "context": "[\n  {\n    \"title\": \"patternExampleList sample 0\",\n    \"value\": [\n      \"JIJ68P\",\n      [\n        \"JIJ68P\"\n      ]\n    ]\n  },\n  {\n    \"title\": \"patternExampleList sample 1\",\n    \"value\": [\n      \"ECF55Z\",\n      [\n        \"ECF55Z\"\n      ]\n    ]\n  },\n  {\n    \"title\": \"patternExampleList sample 2\",\n    \"value\": [\n      \"URY2594V\",\n      [\n        \"URY2594V\"\n      ]\n    ]\n  },\n  {\n    \"title\": \"patternExampleList sample 3\",\n    \"value\": [\n      \"LM0x2\",\n      [\n        \"LM082\",\n        \"LM072\",\n        \"LM022\",\n        \"LM052\",\n        \"LM032\",\n        \"LM062\",\n        \"LM012\"\n      ]\n    ]\n  },\n  {\n    \"title\": \"patternExampleList sample 4\",\n    \"value\": [\n      \"RNY4\",\n      [\n        \"RNY4\"\n      ]\n    ]\n  },\n  {\n    \"title\": \"patternExampleList sample 5\",\n    \"value\": [\n      \"JQ**54\",\n      [\n        \"JQM1C54\",\n        \"JQ4U54\"\n      ]\n    ]\n  },\n  {\n    \"title\": \"patternExampleList sample 6\",\n    \"value\": [\n      \"QBx75Q\",\n      [\n        \"QB475Q\",\n        \"QB575Q\",\n        \"QB675Q\"\n      ]\n    ]\n  },\n  {\n    \"title\": \"patternExampleList sample 7\",\n    \"value\": [\n      \"RP47*J\",\n      [\n        \"RP47FX1JLZ2SJ\",\n        \"RP47YRB134J\",\n        \"RP47UJ1FVXX2J\",\n        \"RP470C9PO5YFJ\",\n        \"RP472NU2J\",\n        \"RP47IUX0P29AJ\"\n      ]\n    ]\n  },\n  {\n    \"title\": \"patternExampleList sample 8\",\n    \"value\": [\n      \"IWY50x6S\",\n      [\n        \"IWY5096S\"\n      ]\n    ]\n  },\n  {\n    \"title\": \"patternExampleList sample 9\",\n    \"value\": [\n      \"AVM274\",\n      [\n        \"AVM274\"\n      ]\n    ]\n  }\n]",
              "code": "fast_check_1.sample(index_test_1.patternExampleList, 10).forEach((sample, i) => addContext_1.default(this, {\n    title: `patternExampleList sample ${i}`,\n    value: sample,\n}));\nreturn fast_check_1.assert(fast_check_1.property(index_test_1.patternExampleList, ([patternStr, examples]) => {\n    const re = satisfiers_1.patternToRE(patternStr);\n    return examples.every(re.test.bind(re));\n}));",
              "err": {},
              "uuid": "ebfffdee-7f9a-4241-97f1-6b93f2388ca9",
              "parentUUID": "a5a09572-52a2-423f-969b-9421b34749f2",
              "isHook": false,
              "skipped": false
            },
            {
              "title": "should match valid modules with multiple patterns",
              "fullTitle": "patternToRE should match valid modules with multiple patterns",
              "timedOut": false,
              "duration": 60,
              "state": "passed",
              "speed": "medium",
              "pass": true,
              "fail": false,
              "pending": false,
              "context": "[\n  {\n    \"title\": \"patternExampleListArray sample 0\",\n    \"value\": [\n      [\n        \"FNH074\",\n        [\n          \"FNH074\"\n        ]\n      ],\n      [\n        \"DW*89\",\n        [\n          \"DW38BFKW6K89\",\n          \"DW8Y89\"\n        ]\n      ],\n      [\n        \"QD2X\",\n        [\n          \"QD2X\"\n        ]\n      ],\n      [\n        \"ISR51*1G\",\n        [\n          \"ISR5121G\",\n          \"ISR51XSO1Z51G\",\n          \"ISR51KTJ85K1G\",\n          \"ISR516MJV1G\",\n          \"ISR517T8UR1G\",\n          \"ISR51HGFA4MM1G\",\n          \"ISR51H3PP6SO1G\",\n          \"ISR51ZK7AGX1G\",\n          \"ISR51UQNU21G\",\n          \"ISR51J1G\",\n          \"ISR51AYK9041G\",\n          \"ISR518MC09YL1G\"\n        ]\n      ],\n      [\n        \"SHH70\",\n        [\n          \"SHH70\"\n        ]\n      ],\n      [\n        \"CLS*814S\",\n        [\n          \"CLS814S\",\n          \"CLSTN1814S\",\n          \"CLS2XD3N1GY814S\",\n          \"CLSQL814S\",\n          \"CLS5K88UR814S\",\n          \"CLSTW4BT8814S\",\n          \"CLSJ814S\",\n          \"CLSI71B4IA2814S\",\n          \"CLS7U7FU814S\",\n          \"CLSGWHE4814S\",\n          \"CLSJLEZF814S\"\n        ]\n      ],\n      [\n        \"EL1\",\n        [\n          \"EL1\"\n        ]\n      ],\n      [\n        \"UBA5161\",\n        [\n          \"UBA5161\"\n        ]\n      ],\n      [\n        \"KHF1517\",\n        [\n          \"KHF1517\"\n        ]\n      ],\n      [\n        \"NJDx37E\",\n        [\n          \"NJD137E\",\n          \"NJD237E\",\n          \"NJD937E\",\n          \"NJD037E\",\n          \"NJD737E\",\n          \"NJD437E\",\n          \"NJD537E\",\n          \"NJD637E\"\n        ]\n      ],\n      [\n        \"XE8x\",\n        [\n          \"XE80\",\n          \"XE84\",\n          \"XE82\",\n          \"XE87\",\n          \"XE86\",\n          \"XE85\"\n        ]\n      ],\n      [\n        \"MW251\",\n        [\n          \"MW251\"\n        ]\n      ]\n    ]\n  },\n  {\n    \"title\": \"patternExampleListArray sample 1\",\n    \"value\": [\n      [\n        \"EE81\",\n        [\n          \"EE81\"\n        ]\n      ],\n      [\n        \"BUJ**27\",\n        [\n          \"BUJ3B3ZJK67K2A27\"\n        ]\n      ],\n      [\n        \"PTC80x*S\",\n        [\n          \"PTC801DALSR0Y5S\",\n          \"PTC803PZS\",\n          \"PTC809PQPS\",\n          \"PTC8077LKB1FS\"\n        ]\n      ],\n      [\n        \"SBA317\",\n        [\n          \"SBA317\"\n        ]\n      ],\n      [\n        \"SL3\",\n        [\n          \"SL3\"\n        ]\n      ],\n      [\n        \"XH6S\",\n        [\n          \"XH6S\"\n        ]\n      ],\n      [\n        \"XI43\",\n        [\n          \"XI43\"\n        ]\n      ],\n      [\n        \"ZZ98O\",\n        [\n          \"ZZ98O\"\n        ]\n      ],\n      [\n        \"IN*\",\n        [\n          \"IN\",\n          \"INZXP\",\n          \"IN08R75\",\n          \"INLF6D2\"\n        ]\n      ],\n      [\n        \"QS579\",\n        [\n          \"QS579\"\n        ]\n      ],\n      [\n        \"XWS23Z\",\n        [\n          \"XWS23Z\"\n        ]\n      ],\n      [\n        \"VNX3\",\n        [\n          \"VNX3\"\n        ]\n      ]\n    ]\n  },\n  {\n    \"title\": \"patternExampleListArray sample 2\",\n    \"value\": [\n      [\n        \"KT0\",\n        [\n          \"KT0\"\n        ]\n      ],\n      [\n        \"AQV03Q\",\n        [\n          \"AQV03Q\"\n        ]\n      ],\n      [\n        \"RFX1445\",\n        [\n          \"RFX1445\"\n        ]\n      ]\n    ]\n  },\n  {\n    \"title\": \"patternExampleListArray sample 3\",\n    \"value\": [\n      [\n        \"SN*1\",\n        [\n          \"SNPFEGFN1\",\n          \"SNK3Y6RP5L1\",\n          \"SN22M2K1\",\n          \"SNC5GK1\",\n          \"SNK5TAN1\",\n          \"SNCE8GA1\"\n        ]\n      ],\n      [\n        \"CA5**x\",\n        [\n          \"CA5B7HZ9\",\n          \"CA5H8T49PKNB0\",\n          \"CA5TSHNXY98Z3B5X6\",\n          \"CA5SX91CI6SA8\",\n          \"CA5VBS5S6ST0NU8\",\n          \"CA5FIDR5UF8Z1H9\",\n          \"CA59X91PTQGU5B9\",\n          \"CA55KMVOA8\",\n          \"CA5Q58MT4V8W1LM3\"\n        ]\n      ]\n    ]\n  },\n  {\n    \"title\": \"patternExampleListArray sample 4\",\n    \"value\": [\n      [\n        \"DCx0\",\n        [\n          \"DC30\",\n          \"DC10\",\n          \"DC60\",\n          \"DC00\",\n          \"DC90\"\n        ]\n      ]\n    ]\n  },\n  {\n    \"title\": \"patternExampleListArray sample 5\",\n    \"value\": [\n      [\n        \"NE827G\",\n        [\n          \"NE827G\"\n        ]\n      ],\n      [\n        \"QAK3\",\n        [\n          \"QAK3\"\n        ]\n      ],\n      [\n        \"KZ*8xA\",\n        [\n          \"KZU3UW3X80A\",\n          \"KZJU86A\",\n          \"KZVRVRH86A\",\n          \"KZVEA1T89A\",\n          \"KZG89A\",\n          \"KZP0WXF80A\"\n        ]\n      ]\n    ]\n  },\n  {\n    \"title\": \"patternExampleListArray sample 6\",\n    \"value\": [\n      [\n        \"ZHI7x4\",\n        [\n          \"ZHI714\",\n          \"ZHI784\",\n          \"ZHI794\",\n          \"ZHI764\",\n          \"ZHI774\"\n        ]\n      ],\n      [\n        \"SWE6446E\",\n        [\n          \"SWE6446E\"\n        ]\n      ],\n      [\n        \"QM*C\",\n        [\n          \"QMGJAB9FHKC\",\n          \"QMGYC\"\n        ]\n      ],\n      [\n        \"DS2**W\",\n        [\n          \"DS2TTBN09ZG8W\",\n          \"DS27ZDMJD8CAW\",\n          \"DS2JNKQY4O74FW\",\n          \"DS2TLSGOPH3PQNMVW\",\n          \"DS2HNSCWG0SWY2L4MCW\",\n          \"DS2DERJ3W\",\n          \"DS2LVJ69U9CRJW\",\n          \"DS2QCZFMVEGW\",\n          \"DS2VDFW\",\n          \"DS2GRIDTRWXW\"\n        ]\n      ],\n      [\n        \"YC*2T\",\n        [\n          \"YC48E4432T\",\n          \"YC2IZ1M2T\",\n          \"YCK0ODPH2T\",\n          \"YC6N8WWKKV2T\",\n          \"YCS0PSO32T\",\n          \"YC2PI1P2T\",\n          \"YCZ2T\"\n        ]\n      ],\n      [\n        \"MGE45O\",\n        [\n          \"MGE45O\"\n        ]\n      ],\n      [\n        \"YLE3N\",\n        [\n          \"YLE3N\"\n        ]\n      ],\n      [\n        \"EWx901K\",\n        [\n          \"EW4901K\",\n          \"EW1901K\",\n          \"EW3901K\",\n          \"EW8901K\",\n          \"EW7901K\"\n        ]\n      ],\n      [\n        \"ZJO2\",\n        [\n          \"ZJO2\"\n        ]\n      ],\n      [\n        \"IXFx*75\",\n        [\n          \"IXF73KGY8A2A75\",\n          \"IXF4I75\",\n          \"IXF075\",\n          \"IXF68VR75\",\n          \"IXF2JA7D9275\",\n          \"IXF8H8QH75\",\n          \"IXF9PYOJPG775\",\n          \"IXF6LXQ75\",\n          \"IXF6GQGPQ5VG75\",\n          \"IXF9S975\"\n        ]\n      ]\n    ]\n  },\n  {\n    \"title\": \"patternExampleListArray sample 7\",\n    \"value\": [\n      [\n        \"KV1\",\n        [\n          \"KV1\"\n        ]\n      ],\n      [\n        \"WXx17\",\n        [\n          \"WX417\",\n          \"WX117\",\n          \"WX317\",\n          \"WX817\",\n          \"WX717\",\n          \"WX917\",\n          \"WX217\",\n          \"WX017\",\n          \"WX517\",\n          \"WX617\"\n        ]\n      ],\n      [\n        \"YHB779I\",\n        [\n          \"YHB779I\"\n        ]\n      ],\n      [\n        \"DB218I\",\n        [\n          \"DB218I\"\n        ]\n      ],\n      [\n        \"ZWK9\",\n        [\n          \"ZWK9\"\n        ]\n      ],\n      [\n        \"AM7\",\n        [\n          \"AM7\"\n        ]\n      ],\n      [\n        \"AEG048*\",\n        [\n          \"AEG048\",\n          \"AEG0487CYNQ\",\n          \"AEG048NCS8S\",\n          \"AEG048E4QXEY\",\n          \"AEG048N1\",\n          \"AEG0485TT\",\n          \"AEG048N94JS\",\n          \"AEG048W1\",\n          \"AEG048ORADA\",\n          \"AEG048E\",\n          \"AEG048PZ31G4\"\n        ]\n      ],\n      [\n        \"HH345\",\n        [\n          \"HH345\"\n        ]\n      ]\n    ]\n  },\n  {\n    \"title\": \"patternExampleListArray sample 8\",\n    \"value\": [\n      [\n        \"WEHx\",\n        [\n          \"WEH6\",\n          \"WEH3\",\n          \"WEH5\",\n          \"WEH2\",\n          \"WEH8\",\n          \"WEH1\"\n        ]\n      ],\n      [\n        \"GQ39\",\n        [\n          \"GQ39\"\n        ]\n      ]\n    ]\n  },\n  {\n    \"title\": \"patternExampleListArray sample 9\",\n    \"value\": [\n      [\n        \"QVE9474O\",\n        [\n          \"QVE9474O\"\n        ]\n      ],\n      [\n        \"OW6\",\n        [\n          \"OW6\"\n        ]\n      ],\n      [\n        \"GZM5L\",\n        [\n          \"GZM5L\"\n        ]\n      ],\n      [\n        \"FKR*2\",\n        [\n          \"FKR0HYYH9V22\"\n        ]\n      ]\n    ]\n  }\n]",
              "code": "const patternExampleListArray = fast_check_1.array(index_test_1.patternExampleList, { minLength: 1 });\nfast_check_1.sample(patternExampleListArray, 10).forEach((sample, i) => addContext_1.default(this, {\n    title: `patternExampleListArray sample ${i}`,\n    value: sample,\n}));\nreturn fast_check_1.assert(fast_check_1.property(patternExampleListArray, (ts) => {\n    const re = satisfiers_1.patternToRE(...ts.map(([patternStr]) => patternStr));\n    return ts\n        .map(([, examples]) => examples)\n        .flat()\n        .every(re.test.bind(re));\n}));",
              "err": {},
              "uuid": "f455aa1b-a5f5-4534-a77b-10942c979fd8",
              "parentUUID": "a5a09572-52a2-423f-969b-9421b34749f2",
              "isHook": false,
              "skipped": false
            },
            {
              "title": "should not match x to non-number",
              "fullTitle": "patternToRE should not match x to non-number",
              "timedOut": false,
              "duration": 0,
              "state": "passed",
              "speed": "fast",
              "pass": true,
              "fail": false,
              "pending": false,
              "context": null,
              "code": "const re = satisfiers_1.patternToRE(\"x\");\n[\"A\", \"Z\", \"c\", \"#\"].forEach((example) => isInvalidExample(re, example));",
              "err": {},
              "uuid": "eb84b212-89b9-4ae6-bb52-fed126a7a09f",
              "parentUUID": "a5a09572-52a2-423f-969b-9421b34749f2",
              "isHook": false,
              "skipped": false
            },
            {
              "title": "should not match * to a substring composed of characters other than A-Z and 0-9",
              "fullTitle": "patternToRE should not match * to a substring composed of characters other than A-Z and 0-9",
              "timedOut": false,
              "duration": 0,
              "state": "passed",
              "speed": "fast",
              "pass": true,
              "fail": false,
              "pending": false,
              "context": null,
              "code": "const re = satisfiers_1.patternToRE(\"*\");\n[\"c\", \"Ac\", \"cA\", \"0Ax\", \"x0A\", \"BA#\", \"#AB\"].forEach((example) => isInvalidExample(re, example));",
              "err": {},
              "uuid": "e6956009-6236-4dd0-8853-ddbad1f85772",
              "parentUUID": "a5a09572-52a2-423f-969b-9421b34749f2",
              "isHook": false,
              "skipped": false
            },
            {
              "title": "should not match substrings",
              "fullTitle": "patternToRE should not match substrings",
              "timedOut": false,
              "duration": 0,
              "state": "passed",
              "speed": "fast",
              "pass": true,
              "fail": false,
              "pending": false,
              "context": null,
              "code": "const re = satisfiers_1.patternToRE(\"A*xC\");\n[\"A1CZ\", \"AC1CZ\", \"ZA1C\", \"ZAC1C\", \"ZA1CZ\", \"ZAC1CZ\"].forEach((example) => isInvalidExample(re, example));",
              "err": {},
              "uuid": "a03c4494-103f-4da4-82a0-6d9fa9e4e409",
              "parentUUID": "a5a09572-52a2-423f-969b-9421b34749f2",
              "isHook": false,
              "skipped": false
            }
          ],
          "suites": [],
          "passes": [
            "ebfffdee-7f9a-4241-97f1-6b93f2388ca9",
            "f455aa1b-a5f5-4534-a77b-10942c979fd8",
            "eb84b212-89b9-4ae6-bb52-fed126a7a09f",
            "e6956009-6236-4dd0-8853-ddbad1f85772",
            "a03c4494-103f-4da4-82a0-6d9fa9e4e409"
          ],
          "failures": [],
          "pending": [],
          "skipped": [],
          "duration": 73,
          "root": false,
          "rootEmpty": false,
          "_timeout": 2000
        },
        {
          "uuid": "4fa8e360-2df8-4831-815f-7cd5c4daf8a4",
          "title": "patternSatisfier",
          "fullFile": "/home/runner/work/planwithus-lib/planwithus-lib/src/matchRule/pattern/satisfiers.test.ts",
          "file": "/src/matchRule/pattern/satisfiers.test.ts",
          "beforeHooks": [],
          "afterHooks": [],
          "tests": [
            {
              "title": "should assign all modules with *",
              "fullTitle": "patternSatisfier should assign all modules with *",
              "timedOut": false,
              "duration": 0,
              "state": "passed",
              "speed": "fast",
              "pass": true,
              "fail": false,
              "pending": false,
              "context": null,
              "code": "const { assign } = satisfiers_1.patternSatisfier(ref, \"*\");\nisCorrectAssign(assign, modulesList1, modulesList1.map(([moduleStr]) => moduleStr));",
              "err": {},
              "uuid": "bca26694-4e67-41ff-90be-f76dbe31e947",
              "parentUUID": "4fa8e360-2df8-4831-815f-7cd5c4daf8a4",
              "isHook": false,
              "skipped": false
            },
            {
              "title": "should assign only valid modules with pattern containing *",
              "fullTitle": "patternSatisfier should assign only valid modules with pattern containing *",
              "timedOut": false,
              "duration": 1,
              "state": "passed",
              "speed": "fast",
              "pass": true,
              "fail": false,
              "pending": false,
              "context": null,
              "code": "const { assign } = satisfiers_1.patternSatisfier(ref, \"CS2*\");\nisCorrectAssign(assign, modulesList1, [\"CS2100\", \"CS2040S\", \"CS2030\"]);",
              "err": {},
              "uuid": "29e6d497-db2d-4fca-a4eb-a619cb590a65",
              "parentUUID": "4fa8e360-2df8-4831-815f-7cd5c4daf8a4",
              "isHook": false,
              "skipped": false
            },
            {
              "title": "should assign only valid modules with pattern containing x",
              "fullTitle": "patternSatisfier should assign only valid modules with pattern containing x",
              "timedOut": false,
              "duration": 0,
              "state": "passed",
              "speed": "fast",
              "pass": true,
              "fail": false,
              "pending": false,
              "context": null,
              "code": "const { assign } = satisfiers_1.patternSatisfier(ref, \"CS20xx\");\nisCorrectAssign(assign, modulesList1, [\"CS2030\"]);",
              "err": {},
              "uuid": "bf86e480-9cb3-410f-b744-fb1635b2b30f",
              "parentUUID": "4fa8e360-2df8-4831-815f-7cd5c4daf8a4",
              "isHook": false,
              "skipped": false
            },
            {
              "title": "should assign only valid modules with pattern containing x and *",
              "fullTitle": "patternSatisfier should assign only valid modules with pattern containing x and *",
              "timedOut": false,
              "duration": 0,
              "state": "passed",
              "speed": "fast",
              "pass": true,
              "fail": false,
              "pending": false,
              "context": null,
              "code": "const { assign } = satisfiers_1.patternSatisfier(ref, \"CS20xx*\");\nisCorrectAssign(assign, modulesList1, [\"CS2040S\", \"CS2030\"]);",
              "err": {},
              "uuid": "00f197dc-2479-4548-9a5b-df80479e9b66",
              "parentUUID": "4fa8e360-2df8-4831-815f-7cd5c4daf8a4",
              "isHook": false,
              "skipped": false
            }
          ],
          "suites": [],
          "passes": [
            "bca26694-4e67-41ff-90be-f76dbe31e947",
            "29e6d497-db2d-4fca-a4eb-a619cb590a65",
            "bf86e480-9cb3-410f-b744-fb1635b2b30f",
            "00f197dc-2479-4548-9a5b-df80479e9b66"
          ],
          "failures": [],
          "pending": [],
          "skipped": [],
          "duration": 1,
          "root": false,
          "rootEmpty": false,
          "_timeout": 2000
        },
        {
          "uuid": "4e9226fc-6323-4406-be30-7e0977e5267e",
          "title": "patternSchema",
          "fullFile": "/home/runner/work/planwithus-lib/planwithus-lib/src/matchRule/pattern/schemas.test.ts",
          "file": "/src/matchRule/pattern/schemas.test.ts",
          "beforeHooks": [],
          "afterHooks": [],
          "tests": [
            {
              "title": "should validate non-empty pattern composed of A-Z, 0-9, x or *",
              "fullTitle": "patternSchema should validate non-empty pattern composed of A-Z, 0-9, x or *",
              "timedOut": false,
              "duration": 1,
              "state": "passed",
              "speed": "fast",
              "pass": true,
              "fail": false,
              "pending": false,
              "context": "[\n  {\n    \"title\": \"pattern sample 0\",\n    \"value\": \"VI23K\"\n  },\n  {\n    \"title\": \"pattern sample 1\",\n    \"value\": \"RPR8285\"\n  },\n  {\n    \"title\": \"pattern sample 2\",\n    \"value\": \"DYN7\"\n  },\n  {\n    \"title\": \"pattern sample 3\",\n    \"value\": \"LZI4*\"\n  },\n  {\n    \"title\": \"pattern sample 4\",\n    \"value\": \"SE7\"\n  },\n  {\n    \"title\": \"pattern sample 5\",\n    \"value\": \"ADJ4\"\n  },\n  {\n    \"title\": \"pattern sample 6\",\n    \"value\": \"WEx9W\"\n  },\n  {\n    \"title\": \"pattern sample 7\",\n    \"value\": \"TWx\"\n  },\n  {\n    \"title\": \"pattern sample 8\",\n    \"value\": \"UN60\"\n  },\n  {\n    \"title\": \"pattern sample 9\",\n    \"value\": \"EX2x\"\n  }\n]",
              "code": "fast_check_1.sample(index_test_2.pattern, 10).forEach((sample, i) => addContext_1.default(this, {\n    title: `pattern sample ${i}`,\n    value: sample,\n}));\nreturn fast_check_1.assert(fast_check_1.property(index_test_2.pattern, ajvValidate), {\n    examples: [[\"*\"], [\"ACC1002\"], [\"IS1103\"], [\"CS1231S\"], [\"MA1102R\"]],\n});",
              "err": {},
              "uuid": "ce78335b-be68-4877-b51f-ac1f0c667c7c",
              "parentUUID": "4e9226fc-6323-4406-be30-7e0977e5267e",
              "isHook": false,
              "skipped": false
            },
            {
              "title": "should not validate empty pattern",
              "fullTitle": "patternSchema should not validate empty pattern",
              "timedOut": false,
              "duration": 0,
              "state": "passed",
              "speed": "fast",
              "pass": true,
              "fail": false,
              "pending": false,
              "context": null,
              "code": "isInvalidPattern(\"\")",
              "err": {},
              "uuid": "5d8b8a7f-05c7-4c7d-b54d-742c50094bb3",
              "parentUUID": "4e9226fc-6323-4406-be30-7e0977e5267e",
              "isHook": false,
              "skipped": false
            },
            {
              "title": "should not validate pattern with invalid characters",
              "fullTitle": "patternSchema should not validate pattern with invalid characters",
              "timedOut": false,
              "duration": 1,
              "state": "passed",
              "speed": "fast",
              "pass": true,
              "fail": false,
              "pending": false,
              "context": null,
              "code": "[\"AB123a\", \"Ac123a\", \"AB123^S\", \"AB1*3^S\", \"$A1*3^S\", \"/A1x33S\"].forEach(isInvalidPattern)",
              "err": {},
              "uuid": "6381dfc3-72e3-415a-9f1e-764dae68079e",
              "parentUUID": "4e9226fc-6323-4406-be30-7e0977e5267e",
              "isHook": false,
              "skipped": false
            }
          ],
          "suites": [],
          "passes": [
            "ce78335b-be68-4877-b51f-ac1f0c667c7c",
            "5d8b8a7f-05c7-4c7d-b54d-742c50094bb3",
            "6381dfc3-72e3-415a-9f1e-764dae68079e"
          ],
          "failures": [],
          "pending": [],
          "skipped": [],
          "duration": 2,
          "root": false,
          "rootEmpty": false,
          "_timeout": 2000
        },
        {
          "uuid": "4cd85809-1c6b-45c6-84e1-1eb31ac58886",
          "title": "patternMatchRuleSatisfier",
          "fullFile": "/home/runner/work/planwithus-lib/planwithus-lib/src/matchRule/satisfiers.test.ts",
          "file": "/src/matchRule/satisfiers.test.ts",
          "beforeHooks": [],
          "afterHooks": [],
          "tests": [
            {
              "title": "should assign only valid modules with pattern match rule containing no exclude patterns",
              "fullTitle": "patternMatchRuleSatisfier should assign only valid modules with pattern match rule containing no exclude patterns",
              "timedOut": false,
              "duration": 1,
              "state": "passed",
              "speed": "fast",
              "pass": true,
              "fail": false,
              "pending": false,
              "context": null,
              "code": "const { assign } = satisfiers_1.patternMatchRuleSatisfier(ref, { pattern: \"CS1xxx*\" });\nisCorrectAssign(assign, modulesList1, [\"CS1231\", \"CS1231S\"]);",
              "err": {},
              "uuid": "ad4c836f-68b0-4a5e-999f-ba645cb3c9f2",
              "parentUUID": "4cd85809-1c6b-45c6-84e1-1eb31ac58886",
              "isHook": false,
              "skipped": false
            },
            {
              "title": "should assign only valid modules with pattern match rule containing an exclude pattern",
              "fullTitle": "patternMatchRuleSatisfier should assign only valid modules with pattern match rule containing an exclude pattern",
              "timedOut": false,
              "duration": 0,
              "state": "passed",
              "speed": "fast",
              "pass": true,
[...]
              "duration": 0,
              "state": "passed",
              "speed": "fast",
              "pass": true,
              "fail": false,
              "pending": false,
              "context": null,
              "code": "const satisfier = satisfiers_1.inequalitySatisfier(ref, \"<=16\");\nsatisfier.should.have.property(\"filter\");\nconst { filter } = satisfier;\nisCorrectFilter(filter, modulesList1, [\n    \"CS2100\",\n    \"GER1000\",\n    \"CS2040S\",\n    \"ST2131\",\n]);",
              "err": {},
              "uuid": "9f7530d6-9ba4-4c08-80ec-39792da1d1de",
              "parentUUID": "69fd452a-f834-4c73-bd8a-70af078ed7b8",
              "isHook": false,
              "skipped": false
            },
            {
              "title": "should truncate list of modules with upper bound of MCs, cutting off at the minimum starting sequence that exceeds upper bound, if total MC count is higher and there exists no starting sequence with exact MC count",
              "fullTitle": "inequalitySatisfier should truncate list of modules with upper bound of MCs, cutting off at the minimum starting sequence that exceeds upper bound, if total MC count is higher and there exists no starting sequence with exact MC count",
              "timedOut": false,
              "duration": 0,
              "state": "passed",
              "speed": "fast",
              "pass": true,
              "fail": false,
              "pending": false,
              "context": null,
              "code": "const satisfier = satisfiers_1.inequalitySatisfier(ref, \"<=17\");\nsatisfier.should.have.property(\"filter\");\nconst { filter } = satisfier;\nisCorrectFilter(filter, modulesList1, [\n    \"CS2100\",\n    \"GER1000\",\n    \"CS2040S\",\n    \"ST2131\",\n    \"MA1521\",\n]);",
              "err": {},
              "uuid": "a76d143d-cd6e-4a97-bb0e-090e9484e555",
              "parentUUID": "69fd452a-f834-4c73-bd8a-70af078ed7b8",
              "isHook": false,
              "skipped": false
            }
          ],
          "suites": [],
          "passes": [
            "ed551072-e64b-416d-9e9e-db25ec6e0577",
            "f7266a81-b7db-4017-94c9-fa360300e33d",
            "654146fa-5cfb-40f0-b199-bc52e6b040d0",
            "dacb9529-d2f9-462c-b065-5e9850589432",
            "5e1c4263-638d-45a3-9f1a-bd0f8580552b",
            "9f7530d6-9ba4-4c08-80ec-39792da1d1de",
            "a76d143d-cd6e-4a97-bb0e-090e9484e555"
          ],
          "failures": [],
          "pending": [],
          "skipped": [],
          "duration": 1,
          "root": false,
          "rootEmpty": false,
          "_timeout": 2000
        },
        {
          "uuid": "8056b9f1-d976-4518-91ff-3fe8fca0a023",
          "title": "inequalitySchema",
          "fullFile": "/home/runner/work/planwithus-lib/planwithus-lib/src/satisfyRule/inequality/schemas.test.ts",
          "file": "/src/satisfyRule/inequality/schemas.test.ts",
          "beforeHooks": [],
          "afterHooks": [],
          "tests": [
            {
              "title": "should validate inequality in the form <=n or >=n",
              "fullTitle": "inequalitySchema should validate inequality in the form <=n or >=n",
              "timedOut": false,
              "duration": 1,
              "state": "passed",
              "speed": "fast",
              "pass": true,
              "fail": false,
              "pending": false,
              "context": "[\n  {\n    \"title\": \"inequality sample 0\",\n    \"value\": \"<=59\"\n  },\n  {\n    \"title\": \"inequality sample 1\",\n    \"value\": \">=129\"\n  },\n  {\n    \"title\": \"inequality sample 2\",\n    \"value\": \">=5\"\n  },\n  {\n    \"title\": \"inequality sample 3\",\n    \"value\": \">=4\"\n  },\n  {\n    \"title\": \"inequality sample 4\",\n    \"value\": \"<=8\"\n  },\n  {\n    \"title\": \"inequality sample 5\",\n    \"value\": \"<=7\"\n  },\n  {\n    \"title\": \"inequality sample 6\",\n    \"value\": \">=199\"\n  },\n  {\n    \"title\": \"inequality sample 7\",\n    \"value\": \">=4\"\n  },\n  {\n    \"title\": \"inequality sample 8\",\n    \"value\": \">=2\"\n  },\n  {\n    \"title\": \"inequality sample 9\",\n    \"value\": \"<=21\"\n  }\n]",
              "code": "fast_check_1.sample(index_test_2.inequality, 10).forEach((sample, i) => addContext_1.default(this, {\n    title: `inequality sample ${i}`,\n    value: sample,\n}));\nreturn fast_check_1.assert(fast_check_1.property(index_test_2.inequality, ajvValidate));",
              "err": {},
              "uuid": "25e15ce4-833f-492d-89d1-e563a1303a5e",
              "parentUUID": "8056b9f1-d976-4518-91ff-3fe8fca0a023",
              "isHook": false,
              "skipped": false
            },
            {
              "title": "should not validate inequality of invalid form",
              "fullTitle": "inequalitySchema should not validate inequality of invalid form",
              "timedOut": false,
              "duration": 1,
              "state": "passed",
              "speed": "fast",
              "pass": true,
              "fail": false,
              "pending": false,
              "context": null,
              "code": "[\n        \"\",\n        \"==23\",\n        \"23\",\n        \"<23\",\n        \">23\",\n        \"<=-1\",\n        \">=-1\",\n        \"<= 2\",\n        \">= 1\",\n        \"> 3\",\n        \"< 3\",\n        \"<=3a\",\n        \">=3a\",\n        \"a<=3\",\n        \"a>=3\",\n    ].forEach(isInvalidInequality)",
              "err": {},
              "uuid": "e0c7674c-7a1d-4798-85cc-512e5a7bc8fd",
              "parentUUID": "8056b9f1-d976-4518-91ff-3fe8fca0a023",
              "isHook": false,
              "skipped": false
            }
          ],
          "suites": [],
          "passes": [
            "25e15ce4-833f-492d-89d1-e563a1303a5e",
            "e0c7674c-7a1d-4798-85cc-512e5a7bc8fd"
          ],
          "failures": [],
          "pending": [],
          "skipped": [],
          "duration": 2,
          "root": false,
          "rootEmpty": false,
          "_timeout": 2000
        },
        {
          "uuid": "29ab8bfe-c8f3-4dbb-8e6a-e014bdcae3fa",
          "title": "satisfyRuleSchema",
          "fullFile": "/home/runner/work/planwithus-lib/planwithus-lib/src/satisfyRule/schemas.test.ts",
          "file": "/src/satisfyRule/schemas.test.ts",
          "beforeHooks": [],
          "afterHooks": [],
          "tests": [
            {
              "title": "should validate satisfy rule with valid block id",
              "fullTitle": "satisfyRuleSchema should validate satisfy rule with valid block id",
              "timedOut": false,
              "duration": 1,
              "state": "passed",
              "speed": "fast",
              "pass": true,
              "fail": false,
              "pending": false,
              "context": null,
              "code": "fast_check_1.assert(fast_check_1.property(fast_check_1.string(), ajvValidate)",
              "err": {},
              "uuid": "312a8766-7863-4dc2-8553-578d028c7cf5",
              "parentUUID": "29ab8bfe-c8f3-4dbb-8e6a-e014bdcae3fa",
              "isHook": false,
              "skipped": false
            },
            {
              "title": "should validate satisfy rules with valid mc",
              "fullTitle": "satisfyRuleSchema should validate satisfy rules with valid mc",
              "timedOut": false,
              "duration": 2,
              "state": "passed",
              "speed": "fast",
              "pass": true,
              "fail": false,
              "pending": false,
              "context": "[\n  {\n    \"title\": \"mcSatisfyRule sample 0\",\n    \"value\": {\n      \"mc\": \">=27\"\n    }\n  },\n  {\n    \"title\": \"mcSatisfyRule sample 1\",\n    \"value\": {\n      \"mc\": \"<=163\"\n    }\n  },\n  {\n    \"title\": \"mcSatisfyRule sample 2\",\n    \"value\": {\n      \"mc\": \">=3\"\n    }\n  },\n  {\n    \"title\": \"mcSatisfyRule sample 3\",\n    \"value\": {\n      \"mc\": \"<=194\"\n    }\n  },\n  {\n    \"title\": \"mcSatisfyRule sample 4\",\n    \"value\": {\n      \"mc\": \">=3\"\n    }\n  },\n  {\n    \"title\": \"mcSatisfyRule sample 5\",\n    \"value\": {\n      \"mc\": \"<=193\"\n    }\n  },\n  {\n    \"title\": \"mcSatisfyRule sample 6\",\n    \"value\": {\n      \"mc\": \">=127\"\n    }\n  },\n  {\n    \"title\": \"mcSatisfyRule sample 7\",\n    \"value\": {\n      \"mc\": \">=101\"\n    }\n  },\n  {\n    \"title\": \"mcSatisfyRule sample 8\",\n    \"value\": {\n      \"mc\": \">=147\"\n    }\n  },\n  {\n    \"title\": \"mcSatisfyRule sample 9\",\n    \"value\": {\n      \"mc\": \">=68\"\n    }\n  }\n]",
              "code": "fast_check_1.sample(index_test_2.mcSatisfyRule, 10).forEach((sample, i) => addContext_1.default(this, {\n    title: `mcSatisfyRule sample ${i}`,\n    value: sample,\n}));\nreturn fast_check_1.assert(fast_check_1.property(index_test_2.mcSatisfyRule, ajvValidate));",
              "err": {},
              "uuid": "5b8013ca-32a8-45e9-82c9-249c455d5e86",
              "parentUUID": "29ab8bfe-c8f3-4dbb-8e6a-e014bdcae3fa",
              "isHook": false,
              "skipped": false
            },
            {
              "title": "should validate valid recursive satisfy rules",
              "fullTitle": "satisfyRuleSchema should validate valid recursive satisfy rules",
              "timedOut": false,
              "duration": 4,
              "state": "passed",
              "speed": "fast",
              "pass": true,
              "fail": false,
              "pending": false,
              "context": "[\n  {\n    \"title\": \"satisfyRule sample 0\",\n    \"value\": {\n      \"mc\": \">=69\"\n    }\n  },\n  {\n    \"title\": \"satisfyRule sample 1\",\n    \"value\": {\n      \"mc\": \"<=1\"\n    }\n  },\n  {\n    \"title\": \"satisfyRule sample 2\",\n    \"value\": {\n      \"or\": [\n        {\n          \"mc\": \">=51\"\n        },\n        {\n          \"and\": [\n            {\n              \"mc\": \"<=27\"\n            },\n            {\n              \"or\": [\n                {\n                  \"and\": [\n                    \"elqQM\",\n                    \"6;<\",\n                    \"fM$\"\n                  ]\n                },\n                \"\",\n                \"]ED;3xl[M\",\n                {\n                  \"mc\": \">=57\"\n                },\n                \"$ 9o5e)v\"\n              ]\n            },\n            \"~muz\"\n          ]\n        },\n        {\n          \"and\": []\n        },\n        \"#[y! #!&&%\",\n        \"##\"\n      ]\n    }\n  },\n  {\n    \"title\": \"satisfyRule sample 3\",\n    \"value\": {\n      \"or\": [\n        \"FB^k`HkG\",\n        {\n          \"mc\": \"<=132\"\n        },\n        \"u7rv$`;G\",\n        \"|!5\"\n      ]\n    }\n  },\n  {\n    \"title\": \"satisfyRule sample 4\",\n    \"value\": {\n      \"and\": [\n        {\n          \"or\": [\n            \"T\\\\XZYH~\",\n            \"Q_DUCN2o+T\",\n            {\n              \"mc\": \">=70\"\n            }\n          ]\n        },\n        \"H<Z*Y7B0\",\n        {\n          \"mc\": \">=82\"\n        },\n        \"*9@\",\n        \"@=\\\\\"\n      ]\n    }\n  },\n  {\n    \"title\": \"satisfyRule sample 5\",\n    \"value\": \"}sV\"\n  },\n  {\n    \"title\": \"satisfyRule sample 6\",\n    \"value\": {\n      \"mc\": \"<=7\"\n    }\n  },\n  {\n    \"title\": \"satisfyRule sample 7\",\n    \"value\": {\n      \"and\": [\n        {\n          \"or\": [\n            {\n              \"and\": []\n            },\n            {\n              \"and\": [\n                \"{r[x6b^>^w\",\n                \"61\"\n              ]\n            },\n            \"7\\\\\\\\e)N\",\n            \")xO>0 \"\n          ]\n        }\n      ]\n    }\n  },\n  {\n    \"title\": \"satisfyRule sample 8\",\n    \"value\": {\n      \"or\": [\n        \"\\\\q\",\n        \"m&M<PE\\\\<RQ\"\n      ]\n    }\n  },\n  {\n    \"title\": \"satisfyRule sample 9\",\n    \"value\": {\n      \"and\": [\n        {\n          \"and\": [\n            \"\",\n            \"t9:OF$P\",\n            {\n              \"mc\": \">=174\"\n            },\n            \"\"\n          ]\n        },\n        {\n          \"and\": [\n            \"P@O>ot(\",\n            {\n              \"mc\": \">=180\"\n            },\n            {\n              \"and\": []\n            }\n          ]\n        },\n        {\n          \"and\": [\n            {\n              \"and\": [\n                \"j$?2t\",\n                \"=\",\n                \"Ivwc(s3\",\n                \"\",\n                \")\"\n              ]\n            },\n            {\n              \"and\": []\n            },\n            {\n              \"and\": [\n                \"=GCT^\",\n                {\n                  \"mc\": \">=26\"\n                },\n                \"K]F0WK#.k@\"\n              ]\n            },\n            {\n              \"mc\": \">=170\"\n            },\n            \"{ x,U\"\n          ]\n        },\n        {\n          \"and\": [\n            \"Iowh%H&`S\"\n          ]\n        }\n      ]\n    }\n  }\n]",
              "code": "fast_check_1.sample(index_test_2.satisfyRule, 10).forEach((sample, i) => addContext_1.default(this, {\n    title: `satisfyRule sample ${i}`,\n    value: sample,\n}));\nreturn fast_check_1.assert(fast_check_1.property(index_test_2.satisfyRule, ajvValidate));",
              "err": {},
              "uuid": "7cb7870b-90ce-45cf-8416-d110a868f08b",
              "parentUUID": "29ab8bfe-c8f3-4dbb-8e6a-e014bdcae3fa",
              "isHook": false,
              "skipped": false
            },
            {
              "title": "should not validate non-string/object",
              "fullTitle": "satisfyRuleSchema should not validate non-string/object",
              "timedOut": false,
              "duration": 1,
              "state": "passed",
              "speed": "fast",
              "pass": true,
              "fail": false,
              "pending": false,
              "context": null,
              "code": "const error = {\n    instancePath: \"\",\n    message: \"satisfy rule should be either a string or an object\",\n};\nisInvalidRule(null, error);\nisInvalidRule(undefined, error);\nisInvalidRule(10, error);\nisInvalidRule([12, 24], error);",
              "err": {},
              "uuid": "e4524506-e2d8-45de-91fb-03c74267f7ae",
              "parentUUID": "29ab8bfe-c8f3-4dbb-8e6a-e014bdcae3fa",
              "isHook": false,
              "skipped": false
            },
            {
              "title": "should not validate satisfy rules with extra properties",
              "fullTitle": "satisfyRuleSchema should not validate satisfy rules with extra properties",
              "timedOut": false,
              "duration": 0,
              "state": "passed",
              "speed": "fast",
              "pass": true,
              "fail": false,
              "pending": false,
              "context": null,
              "code": "isInvalidRule({\n        and: [\n            { or: [\"2k\"], abc: \"def\" },\n            { mc: 8, ghi: \"jkl\" },\n        ],\n        mno: \"pqr\",\n    }, {\n        instancePath: \"/and/0\",\n        message: \"or satisfy rule should have property 'or' only\",\n    }, {\n        instancePath: \"/and/1\",\n        message: \"MC satisfy rule should have property 'mc' only\",\n    }, {\n        instancePath: \"\",\n        message: \"and satisfy rule should have property 'and' only\",\n    })",
              "err": {},
              "uuid": "6e2cccf1-8d9a-4943-9181-3dd16b3e0db2",
              "parentUUID": "29ab8bfe-c8f3-4dbb-8e6a-e014bdcae3fa",
              "isHook": false,
              "skipped": false
            },
            {
              "title": "should not validate ambiguous satisfy rules",
              "fullTitle": "satisfyRuleSchema should not validate ambiguous satisfy rules",
              "timedOut": false,
              "duration": 1,
              "state": "passed",
              "speed": "fast",
              "pass": true,
              "fail": false,
              "pending": false,
              "context": null,
              "code": "const message = \"satisfy rule should have only one of properties 'mc', 'and', 'or'\";\nisInvalidRule({\n    or: [\n        { mc: 5, and: [\"CS2040\"] },\n        { and: [{ and: [\"abc\"], or: [\"def\"] }] },\n    ],\n}, { instancePath: \"/or/0\", message }, { instancePath: \"/or/1/and/0\", message });",
              "err": {},
              "uuid": "29b8d4a0-4482-4a00-b96e-1d8d4b20555e",
              "parentUUID": "29ab8bfe-c8f3-4dbb-8e6a-e014bdcae3fa",
              "isHook": false,
              "skipped": false
            },
            {
              "title": "should not validate and satisfy rules with non-array property",
              "fullTitle": "satisfyRuleSchema should not validate and satisfy rules with non-array property",
              "timedOut": false,
              "duration": 0,
              "state": "passed",
              "speed": "fast",
              "pass": true,
              "fail": false,
              "pending": false,
              "context": null,
              "code": "const message = \"property 'and' should be an array of satisfy rules\";\nisInvalidRule({ or: [{ and: {} }, { or: [{ and: 3 }] }] }, { instancePath: \"/or/0/and\", message }, { instancePath: \"/or/1/or/0/and\", message });",
              "err": {},
              "uuid": "30f7ba1f-15da-41e3-9126-b2f67b638aba",
              "parentUUID": "29ab8bfe-c8f3-4dbb-8e6a-e014bdcae3fa",
              "isHook": false,
              "skipped": false
            },
            {
              "title": "should not validate or satisfy rules with non-array property",
              "fullTitle": "satisfyRuleSchema should not validate or satisfy rules with non-array property",
              "timedOut": false,
              "duration": 1,
              "state": "passed",
              "speed": "fast",
              "pass": true,
              "fail": false,
              "pending": false,
              "context": null,
              "code": "const message = \"property 'or' should be an array of satisfy rules\";\nisInvalidRule({ and: [{ or: {} }, { and: [{ or: 3 }] }] }, { instancePath: \"/and/0/or\", message }, { instancePath: \"/and/1/and/0/or\", message });",
              "err": {},
              "uuid": "b0e7f8a1-7d29-452a-9c64-42b7402f539d",
              "parentUUID": "29ab8bfe-c8f3-4dbb-8e6a-e014bdcae3fa",
              "isHook": false,
              "skipped": false
            }
          ],
          "suites": [],
          "passes": [
            "312a8766-7863-4dc2-8553-578d028c7cf5",
            "5b8013ca-32a8-45e9-82c9-249c455d5e86",
            "7cb7870b-90ce-45cf-8416-d110a868f08b",
            "e4524506-e2d8-45de-91fb-03c74267f7ae",
            "6e2cccf1-8d9a-4943-9181-3dd16b3e0db2",
            "29b8d4a0-4482-4a00-b96e-1d8d4b20555e",
            "30f7ba1f-15da-41e3-9126-b2f67b638aba",
            "b0e7f8a1-7d29-452a-9c64-42b7402f539d"
          ],
          "failures": [],
          "pending": [],
          "skipped": [],
          "duration": 10,
          "root": false,
          "rootEmpty": false,
          "_timeout": 2000
        }
      ],
      "passes": [],
      "failures": [],
      "pending": [],
      "skipped": [],
      "duration": 0,
      "root": true,
      "rootEmpty": true,
      "_timeout": 2000
    }
  ],
  "meta": {
    "mocha": {
      "version": "9.0.2"
    },
    "mochawesome": {
      "options": {
        "quiet": false,
        "reportFilename": "mochawesome",
        "saveHtml": true,
        "saveJson": true,
        "consoleReporter": "spec",
        "useInlineDiffs": false,
        "code": true
      },
      "version": "6.2.2"
    },
    "marge": {
      "options": {
        "reportDir": "docs"
      },
      "version": "5.2.0"
    }
  }
}