{
  "stats": {
    "suites": 6,
    "tests": 29,
    "passes": 29,
    "pending": 0,
    "failures": 0,
    "start": "2021-06-16T15:08:46.728Z",
    "end": "2021-06-16T15:08:47.037Z",
    "duration": 309,
    "testsRegistered": 29,
    "passPercent": 100,
    "pendingPercent": 0,
    "other": 0,
    "hasOther": false,
    "skipped": 0,
    "hasSkipped": false
  },
  "results": [
    {
      "uuid": "78d80753-b7ac-4c9b-b700-4c3c4844df83",
      "title": "",
      "fullFile": "",
      "file": "",
      "beforeHooks": [],
      "afterHooks": [],
      "tests": [],
      "suites": [
        {
          "uuid": "d522e411-fea8-422e-85a9-35e9c474a284",
          "title": "initDirectories",
          "fullFile": "/home/runner/work/planwithus-lib/planwithus-lib/src/block/schemas.test.ts",
          "file": "/src/block/schemas.test.ts",
          "beforeHooks": [],
          "afterHooks": [],
          "tests": [
            {
              "title": "should parse all blocks with no errors",
              "fullTitle": "initDirectories should parse all blocks with no errors",
              "timedOut": false,
              "duration": 3,
              "state": "passed",
              "speed": "fast",
              "pass": true,
              "fail": false,
              "pending": false,
              "context": null,
              "code": "_1.initDirectories.should.not.throw()",
              "err": {},
              "uuid": "7d42f8cf-8350-4772-8651-26520235c25a",
              "parentUUID": "d522e411-fea8-422e-85a9-35e9c474a284",
              "isHook": false,
              "skipped": false
            },
            {
              "title": "should produce primary, second & minor directories",
              "fullTitle": "initDirectories should produce primary, second & minor directories",
              "timedOut": false,
              "duration": 46,
              "state": "passed",
              "speed": "medium",
              "pass": true,
              "fail": false,
              "pending": false,
              "context": null,
              "code": "const directories = await _1.initDirectories();\ndirectories.should.have.property(\"primary\");\ndirectories.should.have.property(\"second\");\ndirectories.should.have.property(\"minor\");",
              "err": {},
              "uuid": "d0263c28-db15-4f85-a5f5-a6841fb093ad",
              "parentUUID": "d522e411-fea8-422e-85a9-35e9c474a284",
              "isHook": false,
              "skipped": false
            }
          ],
          "suites": [],
          "passes": [
            "7d42f8cf-8350-4772-8651-26520235c25a",
            "d0263c28-db15-4f85-a5f5-a6841fb093ad"
          ],
          "failures": [],
          "pending": [],
          "skipped": [],
          "duration": 49,
          "root": false,
          "rootEmpty": false,
          "_timeout": 2000
        },
        {
          "uuid": "a648f75d-2859-4046-baa2-3ec9191ae96f",
          "title": "blockSchema",
          "fullFile": "/home/runner/work/planwithus-lib/planwithus-lib/src/block/schemas.test.ts",
          "file": "/src/block/schemas.test.ts",
          "beforeHooks": [],
          "afterHooks": [],
          "tests": [
            {
              "title": "should validate valid block",
              "fullTitle": "blockSchema should validate valid block",
              "timedOut": false,
              "duration": 201,
              "state": "passed",
              "speed": "slow",
              "pass": true,
              "fail": false,
              "pending": false,
              "context": "[\n  {\n    \"title\": \"block sample 0\",\n    \"value\": {\n      \"name\": \"G$\",\n      \"ay\": 2025,\n      \"match\": [],\n      \"satisfy\": [\n        {\n          \"mc\": 96\n        },\n        {\n          \"and\": [\n            {\n              \"and\": [\n                \"\",\n                {\n                  \"or\": [\n                    \"jS` k,YT\",\n                    \"(OF1AE*;\",\n                    \"wy~m*D\",\n                    \"{h&\",\n                    \"7<AD7~AZB\"\n                  ]\n                },\n                {\n                  \"mc\": \"<=638379540\"\n                },\n                \"pfdP\"\n              ]\n            },\n            {\n              \"mc\": \">=489405226\"\n            },\n            \"SwH]eIJ*Hm\"\n          ]\n        },\n        \"jd-'c<\",\n        {\n          \"mc\": \">=473046637\"\n        }\n      ],\n      \"url\": \"https://2o0lea0l1a9.re8q6cpiu0qyymya.mbw/Qv/s%F0%B1%AC%8D/E0/V:g!Y'%F0%B0%91%8D/pTc/p%F3%AD%9D%80%F3%9C%A7%82D/Y%F1%92%A1%B27js)./y:f-iH8-@8/Gfy4l%F0%B4%90%AF/E;t%F2%BF%87%94R\",\n      \"info\": \"\"\n    }\n  },\n  {\n    \"title\": \"block sample 1\",\n    \"value\": {\n      \"name\": \"/<~[-sFFuP\",\n      \"ay\": 2014,\n      \"assign\": [],\n      \"match\": {\n        \"and\": [\n          {\n            \"or\": [\n              {\n                \"and\": []\n              }\n            ]\n          },\n          \"EYR7841S\"\n        ]\n      },\n      \"satisfy\": \"!~&\",\n      \"url\": \"http://l.r.lqn-zbfvicrgqa58idg2dywcsxjg2krw2l2il7.rylaagekvub565pxbhnw3p3ra12c2d1-jh-qu2d.s.zwazhebxzt/8QZ5%F3%B4%BD%B85Z/RQUoOk_/Y-Sg9DaAZm/S~ZtIes/0udj36O@lr//hhPo_(+b@j/MZUIK7kC:\",\n      \"info\": \"\",\n      \"ls8P1`>\": {\n        \"name\": \"B\",\n        \"assign\": [\n          \"5\",\n          \"#i\",\n          \"?`q*Z3+f)\",\n          \"BvS~6>/\",\n          \"V~ /-w<\"\n        ],\n        \"match\": [\n          \"PPX4x\",\n          {\n            \"or\": [\n              {\n                \"pattern\": \"XX3\",\n                \"exclude\": [\n                  \"IO381\",\n                  \"SI8\",\n                  \"WRF7x3*\",\n                  \"TDB*B\"\n                ],\n                \"info\": \"<H&\"\n              }\n            ]\n          },\n          {\n            \"or\": []\n          },\n          {\n            \"pattern\": \"CPx*0M\",\n            \"exclude\": [],\n            \"info\": \"~<8\"\n          }\n        ],\n        \"url\": \"http://r9tl00zhalvrm6kgc.5.nkrzgych/=v9p(4kdWi/%F1%8C%97%BDm*n/=)hrkOuL/.,8;8/\",\n        \"info\": \"\"\n      },\n      \"\": {\n        \"name\": \"|C\",\n        \"ay\": 1997,\n        \"assign\": [\n          \"x/*~Ww+YV@\",\n          \"?TZ(_E\"\n        ],\n        \"match\": \"JJ7\",\n        \"satisfy\": [\n          {\n            \"mc\": 92\n          }\n        ],\n        \"url\": \"https://4f5r1orqxj.jjljvso/a\",\n        \"info\": \"Zt*%$\"\n      },\n      \"-\": {\n        \"name\": \"2*+ES2yZ\",\n        \"assign\": [],\n        \"match\": \"ZVH6\",\n        \"satisfy\": {\n          \"mc\": \">=2056124670\"\n        },\n        \"url\": \"https://n.rwut0pgyutalgot69wjgqos0sifafp23-987b.zagdig4ue7iffzxe5gqp1phd2w5yaetzu153n.fdoagprrg/nP6dq%F1%9B%90%9A@$m/6zRnkl'H/x%F1%A7%9F%B4%F0%A7%82%83$@H%F3%AE%B5%86%F1%9C%BA%90/.R*o/oUQmLJ)sQ/pO0;i:w/BUg9BG-FLX/l/7W\",\n        \"info\": \"YR\"\n      },\n      \"z@rrN<V=\": {\n        \"name\": \"`x;hj\",\n        \"ay\": 2002,\n        \"assign\": \"gXhKC-W9\",\n        \"match\": [\n          {\n            \"pattern\": \"YTX61\",\n            \"exclude\": [\n              \"OG45J\",\n              \"IG199\",\n              \"OEAxx53P\",\n              \"AA8*3xN\"\n            ],\n            \"info\": \"D5sm/(<1\"\n          },\n          {\n            \"and\": [\n              {\n                \"and\": [\n                  {\n                    \"and\": [\n                      \"NXI019\"\n                    ]\n                  }\n                ]\n              },\n              {\n                \"pattern\": \"ODM32x9Y\",\n                \"exclude\": \"LFB4862\",\n                \"info\": \"\"\n              },\n              {\n                \"or\": [\n                  \"GV5\",\n                  \"KB2*20G\",\n                  \"AID1896M\",\n                  {\n                    \"or\": [\n                      {\n                        \"or\": [\n                          \"ER55S\",\n                          \"XYQ4xx0F\",\n                          \"CAO*H\",\n                          \"VE3\"\n                        ]\n                      },\n                      \"JSI2\",\n                      \"PJC3*7\",\n                      {\n                        \"and\": [\n                          {\n                            \"pattern\": \"CZX1\",\n                            \"exclude\": \"GBQ4*\",\n                            \"info\": \"P\\\\>u4\"\n                          },\n                          \"JT5xE\",\n                          {\n                            \"and\": []\n                          }\n                        ]\n                      }\n                    ]\n                  },\n                  \"NQD87*\"\n                ]\n              },\n              \"NC7*70\"\n            ]\n          },\n          \"NK65*E\",\n          {\n            \"pattern\": \"ZTH3803N\",\n            \"info\": \"Q!bttVnJJH\"\n          },\n          {\n            \"or\": [\n              {\n                \"or\": []\n              },\n              \"RH4\"\n            ]\n          }\n        ],\n        \"satisfy\": {\n          \"or\": [\n            {\n              \"and\": [\n                {\n                  \"and\": [\n                    {\n                      \"or\": []\n                    },\n                    {\n                      \"mc\": 129\n                    },\n                    \"%GuRw\\\"bU\",\n                    {\n                      \"mc\": \"<=1877641176\"\n                    },\n                    \"_\"\n                  ]\n                }\n              ]\n            },\n            {\n              \"mc\": \"<=1724870191\"\n            },\n            {\n              \"and\": [\n                {\n                  \"mc\": \">=193276769\"\n                },\n                \"\",\n                \"nR\",\n                \"[5^yyi)v`\"\n              ]\n            }\n          ]\n        },\n        \"url\": \"https://agnywzfaxvs6atcwe5aepxeyrl68872r9cq4xjiisc.rjaqi/2z9,%F2%83%99%8C/%F1%9A%8F%8CP/cZ,T/%F4%80%AF%ABi)p)ow%F0%95%B7%B3%F2%95%BF%80/LrP/c1crBv/hh/)wX%F2%95%BE%B3/*qx~hn/7N07iCh~\",\n        \"info\": \"*H\"\n      },\n      \"1[/M6>Q_lB\": {\n        \"name\": \"X&ZcW5j4SO\",\n        \"ay\": 1986,\n        \"assign\": \"\",\n        \"satisfy\": [],\n        \"url\": \"http://frq7fk11og4mftnmc226glg63fmbz1z2fyi49.kjy2tj.qfwsea5xc74w.b.jmipcmn8-qb4eg9drdun6m5gmptvu.pxpxzom\",\n        \"info\": \"pod2:I\"\n      }\n    }\n  },\n  {\n    \"title\": \"block sample 2\",\n    \"value\": {\n      \"name\": \"$G&}}\",\n      \"assign\": \"y#z\",\n      \"satisfy\": \"Or`E\",\n      \"url\": \"http://ucj.c39zff2y8tso7m7kl98tn7pctujc1e114577ogy.asfdu/:j6*9%F1%8B%AD%86+dB/+Q(%F3%A7%AB%B1gf%F2%B3%AC%A7=/ri/d/zTh/\",\n      \"info\": \"$\"\n    }\n  },\n  {\n    \"title\": \"block sample 3\",\n    \"value\": {\n      \"name\": \")j,~6+\",\n      \"ay\": 2024,\n      \"assign\": \"(onc\",\n      \"match\": [\n        {\n          \"or\": [\n            {\n              \"and\": [\n                \"WH6076U\"\n              ]\n            }\n          ]\n        }\n      ],\n      \"satisfy\": [],\n      \"url\": \"https://c7zb.ihbozoamoo/sE%F2%B9%9D%98,1@qM/w,pM*/7-%F2%84%8E%8C&g.Rtzp/e%F2%9C%95%8Df/k;(/f%F1%B0%9D%9CyaD3%F3%A6%84%84xC/j/npeg\",\n      \"info\": \"J!y\\\"!z^~# \"\n    }\n  },\n  {\n    \"title\": \"block sample 4\",\n    \"value\": {\n      \"name\": \" 86wXXbZ^\",\n      \"ay\": 1953,\n      \"assign\": \"vX<Z#|t}E\",\n      \"match\": [\n        \"YS96\"\n      ],\n      \"url\": \"http://o-6xmtq34ajp.pkdiy/%F3%B5%B5%A6o4vV/%F4%84%8A%85G,PB/;_Wdkp/0+3HQ//%F1%9D%A3%BD,))%F2%B3%B2%96\",\n      \"info\": \"$Q+/\"\n    }\n  },\n  {\n    \"title\": \"block sample 5\",\n    \"value\": {\n      \"name\": \"tp-Itd\",\n      \"ay\": 2023,\n      \"assign\": \"WlL!=%L\",\n      \"match\": {\n        \"pattern\": \"WD4\"\n      },\n      \"satisfy\": \"SZf'|Ea=-\",\n      \"url\": \"https://r38vbe92aq02jyn4oebmcigjxar6l24gq0lzz.t3lkomus7-io88t6fmh55z3e.t.eiubyvth/ca%F4%8F%BF%B2%F0%92%9E%BAPf%F0%B3%91%A4%F3%A6%91%94:\",\n      \"info\": \"k'oy_7Z\"\n    }\n  },\n  {\n    \"title\": \"block sample 6\",\n    \"value\": {\n      \"name\": \"8\\\\y\",\n      \"assign\": \"I]<NM\",\n      \"match\": {\n        \"or\": [\n          {\n            \"pattern\": \"HHO99*2\",\n            \"exclude\": [],\n            \"info\": \"1Md.Mw1\"\n          }\n        ]\n      },\n      \"satisfy\": [\n        \".!S_\",\n        {\n          \"mc\": \"<=1887892939\"\n        }\n      ],\n      \"url\": \"https://xe-95y7ed-c6-e9f8fypold--aepd5db9fuedbs3cfa.8dw8q07wnpch-nxc7ee9ney9a26umcu76fb42fk6dfad.6fbvbb.yey81z9q-ie8oe-56ifbcb63bc7dcd5etf8cvqm1-baadb.tveag/%F1%87%9E%BBZ*;X.c%F1%81%8E%80/+%F3%A9%A4%B1b/\",\n      \"\\\"QiXr;\": {\n        \"assign\": \"6mI]X_S8\",\n        \"satisfy\": {\n          \"or\": [\n            {\n              \"mc\": 198\n            },\n            {\n              \"mc\": 157\n            }\n          ]\n        },\n        \"url\": \"https://ddeaob25565e-seel596nl-tc8e4vlc-c7fwfbm-nd66ff86iia-e87l.v.5c4s165pl-8z20blwqbvkfh330p8yhca-szs4vfa7zmumskv826kszi6fn0ax.duzzebcric/zSt/Q=S7/rIg/Dy//%F0%A2%A1%B6y*1r4%F1%A1%BF%B9dSs/0/tcO/Y%E6%B1%8E-\",\n        \"(Q>\": {\n          \"name\": \"\",\n          \"ay\": 1999,\n          \"assign\": [],\n          \"match\": [\n            {\n              \"and\": [\n                {\n                  \"and\": [\n                    {\n                      \"or\": [\n                        \"PHE3x3H\",\n                        \"QKK35\"\n                      ]\n                    },\n                    {\n                      \"pattern\": \"FK7*30\",\n                      \"exclude\": \"ZW37D\"\n                    },\n                    \"FBK3B\",\n                    \"XVH7749U\"\n                  ]\n                },\n                {\n                  \"and\": [\n                    {\n                      \"and\": []\n                    },\n                    \"OS2x48P\",\n                    {\n                      \"pattern\": \"AJ574\",\n                      \"exclude\": [\n                        \"EGx816\",\n                        \"KX64I\",\n                        \"LNGxT\"\n                      ],\n                      \"info\": \"zM{-$HRhS\"\n                    },\n                    {\n                      \"pattern\": \"MZ651\",\n                      \"exclude\": \"GMQ2V\",\n                      \"info\": \"d|x.p5oX\"\n                    }\n                  ]\n                },\n                {\n                  \"or\": [\n                    \"FH165x\"\n                  ]\n                }\n              ]\n            },\n            {\n              \"pattern\": \"SKV601*\",\n              \"exclude\": [\n                \"LO4E\",\n                \"WQJ2840F\"\n              ],\n              \"info\": \"Qm&{\"\n            },\n            \"FST6668Q\"\n          ],\n          \"satisfy\": [\n            {\n              \"and\": [\n                {\n                  \"or\": [\n                    \":bda;Ef1!\",\n                    \"sFz\\\\vl?\",\n                    {\n                      \"or\": [\n                        \"%<Ge\"\n                      ]\n                    },\n                    \"* JkDNdLg\"\n                  ]\n                },\n                {\n                  \"or\": [\n                    {\n                      \"mc\": 173\n                    },\n                    \"4L9Y/\",\n                    {\n                      \"and\": []\n                    },\n                    {\n                      \"and\": []\n                    },\n                    {\n                      \"and\": [\n                        \"HQ\",\n                        {\n                          \"mc\": 52\n                        },\n                        \"\",\n                        {\n                          \"and\": [\n                            \"Sc\\\\,kG]63\",\n                            {\n                              \"or\": [\n                                {\n                                  \"or\": [\n                                    {\n                                      \"mc\": \"<=1802365505\"\n                                    },\n                                    \"\",\n                                    \"%[(4\\\"^g\",\n                                    \"`z#G\\\"[??@q\"\n                                  ]\n                                },\n                                \"9[4/s{\",\n                                \"\",\n                                \":rL.{rk/c\",\n                                {\n                                  \"and\": [\n                                    {\n                                      \"and\": []\n                                    },\n                                    \"2yGpHhzQ{\"\n                                  ]\n                                }\n                              ]\n                            },\n                            {\n                              \"mc\": \"<=1527440753\"\n                            },\n                            \"Uix\"\n                          ]\n                        },\n                        \"st\"\n                      ]\n                    }\n                  ]\n                }\n              ]\n            },\n            \"z1g'eyN!K\"\n          ],\n          \"url\": \"http://yhhflx7t48kzg0vsg27914kt0o6da1vr3uykn9eeufutm1k9vxwic.6.vmxfdwp-ktfn0r5p.zl0txrn-q2k1qmw-nowv72faodg19ube9rn0q1kkrhkz9zod76c.f7msoxxbrh867slbay3t--pyqkz.pz/hANy&~/$:RzHLyh/a$/XIt/f&/0r=wTK\",\n          \"info\": \"MR2\"\n        },\n        \",bJA}7\": {\n          \"name\": \"Gc.<\",\n          \"assign\": [],\n          \"match\": {\n            \"and\": [\n              \"YL4*27\",\n              {\n                \"and\": [\n                  {\n                    \"or\": [\n                      \"BMS9\",\n                      \"WZ*2*9\",\n                      \"OYO6035\",\n                      \"OCD8X\"\n                    ]\n                  },\n                  {\n                    \"pattern\": \"EDB9079\",\n                    \"exclude\": \"PE3\",\n                    \"info\": \";ZCkCA`\"\n                  },\n                  {\n                    \"or\": [\n                      \"OT0\",\n                      \"LCW*\",\n                      \"QV*\"\n                    ]\n                  }\n                ]\n              },\n              \"DSW3*4*S\"\n            ]\n          },\n          \"url\": \"http://2lonlhe90.1cprk3i.myp/t%F2%AA%88%B0/W%F1%BF%B0%81cKn%F2%85%88%BFod/FB5M@Kjs/0f/2;ThV~2iB\",\n          \"info\": \"\\\"lc%|o\"\n        },\n        \"YE4ok`t\": {\n          \"name\": \"_^2=glhb\",\n          \"ay\": 2014,\n          \"assign\": \"o:y(H,\",\n          \"match\": {\n            \"and\": [\n              {\n                \"pattern\": \"CW568\",\n                \"exclude\": \"XL73\",\n                \"info\": \" \"\n              },\n              {\n                \"and\": []\n              },\n              {\n                \"pattern\": \"FE08\",\n                \"info\": \">z.c\"\n              },\n              {\n                \"pattern\": \"IS8*76\",\n                \"exclude\": [\n                  \"VXQ9M\",\n                  \"MT3\",\n                  \"BXW40xM\"\n                ],\n                \"info\": \"z\"\n              },\n              {\n                \"and\": [\n                  {\n                    \"or\": [\n                      {\n                        \"and\": [\n                          {\n                            \"and\": [\n                              {\n                                \"and\": [\n                                  \"DU029\",\n                                  \"JFL1\",\n                                  \"BZ4\",\n                                  \"EXJ8\",\n                                  \"JZ0H\"\n                                ]\n                              },\n                              {\n                                \"pattern\": \"CY77\",\n                                \"exclude\": \"WB64\",\n                                \"info\": \"Y-\"\n                              }\n                            ]\n                          }\n                        ]\n                      },\n                      \"LRQ35xD\"\n                    ]\n                  }\n                ]\n              }\n            ]\n          },\n          \"satisfy\": [],\n          \"info\": \"Re\",\n          \"F)u0L/\\\\N8\": {\n            \"name\": \"9z*B\",\n            \"ay\": 2024,\n            \"assign\": [\n              \"$(E<\",\n              \"#k5<w3\",\n              \"Fm4}zJ4 \",\n              \"3o#?.4,V\"\n            ],\n            \"match\": [],\n            \"satisfy\": \"T-!&0v8|5\",\n            \"info\": \"Ub0\"\n          },\n          \";\": {\n            \"name\": \"g'.\",\n            \"ay\": 1967,\n            \"assign\": [\n              \"biCET^;v\\\"\",\n              \"\",\n              \"gs7k,%EK\",\n              \"Rdf5Pl;+\",\n              \"~-&m'{4^\"\n            ],\n            \"match\": \"MAA395F\",\n            \"satisfy\": \"s;jhQ7S\",\n            \"url\": \"http://r.nft3lf7neotj8zvssg4j8m1hvl0ejg-gec3xn0e9cm7ek7bcmtn.myfzwmsy///b6Xr\"\n          },\n          \"GXq`ZR5c#4\": {\n            \"name\": \"9CYl&*I~P\",\n            \"ay\": 2025,\n            \"assign\": [\n              \"%\",\n              \"ZV!<#\"\n            ],\n            \"match\": [\n              {\n                \"or\": [\n                  {\n                    \"or\": []\n                  },\n                  {\n                    \"and\": [\n                      \"YKOx35K\",\n                      \"AVG743R\",\n                      \"AP6174\"\n                    ]\n                  },\n                  \"FTSx17H\",\n                  {\n                    \"pattern\": \"UXEx\",\n                    \"exclude\": \"HY74\",\n                    \"info\": \"trC}o%:4GY\"\n                  }\n                ]\n              },\n              {\n                \"and\": []\n              },\n              {\n                \"or\": [\n                  {\n                    \"pattern\": \"VMx983M\",\n                    \"exclude\": [\n                      \"PC16X\",\n                      \"QEx70\",\n                      \"LY66\"\n                    ],\n                    \"info\": \"K\"\n                  },\n                  {\n                    \"pattern\": \"KX92Q\",\n                    \"exclude\": \"CEJ153\",\n                    \"info\": \"{}Wz-oQ8t\"\n                  },\n                  {\n                    \"or\": [\n                      {\n                        \"and\": [\n                          {\n                            \"pattern\": \"RT3P\",\n                            \"exclude\": \"SXNx4*E\",\n                            \"info\": \"TmVEY||ofU\"\n                          },\n                          \"OA98*6M\",\n                          \"ICQ7*W\",\n                          {\n                            \"pattern\": \"ZSUxP\",\n                            \"exclude\": [\n                              \"CVxR\",\n                              \"OQ*02J\",\n                              \"DY4379\",\n                              \"PHK53A\"\n                            ],\n                            \"info\": \"FP9>m%\"\n                          },\n                          \"IPU87\"\n                        ]\n                      }\n                    ]\n                  },\n                  {\n                    \"and\": [\n                      \"HO2S\",\n                      {\n                        \"or\": [\n                          {\n                            \"pattern\": \"WT2762W\",\n                            \"exclude\": [\n                              \"SIZ78F\",\n                              \"HN8467T\",\n                              \"ESK02\",\n                              \"WFA871F\"\n                            ],\n                            \"info\": \"o(PZ BUP\"\n                          },\n                          \"IQNx\"\n                        ]\n                      },\n                      \"PSY514J\",\n                      {\n                        \"pattern\": \"EG64x\",\n                        \"exclude\": [\n                          \"US99\",\n                          \"AZ33S\",\n                          \"NUE1734W\",\n                          \"IS15x\"\n                        ],\n                        \"info\": \"XN:\"\n                      }\n                    ]\n                  },\n                  {\n                    \"and\": [\n                      {\n                        \"and\": [\n                          {\n                            \"pattern\": \"QXN4525Y\",\n                            \"exclude\": \"MVY5463\"\n                          },\n                          \"DM375V\",\n                          \"FF4634A\",\n                          \"WUL3Q\"\n                        ]\n                      },\n                      {\n                        \"pattern\": \"EF34\",\n                        \"exclude\": [],\n                        \"info\": \"C]>gYJ\"\n                      },\n                      \"TP8A\"\n                    ]\n                  }\n                ]\n              },\n              {\n                \"pattern\": \"IOXx\",\n                \"exclude\": \"ZIX473\",\n                \"info\": \"\"\n              }\n            ],\n            \"url\": \"https://du1qxqxh2oqcoh4huolsn7g38m8wgzv.lxpscyxq/SEREBEv/o5/&/xru5wH/+%F1%8E%B6%A3@/6LdS/zC1RH~/d6+*//K*~yA3\",\n            \"info\": \"v;M\"\n          }\n        },\n        \"\": {\n          \"name\": \"U9^-4\",\n          \"ay\": 1989,\n          \"assign\": [\n            \"c[\\\\P\",\n            \"):SV{JE3F\"\n          ],\n          \"satisfy\": {\n            \"and\": [\n              {\n                \"mc\": 138\n              },\n              {\n                \"or\": [\n                  {\n                    \"and\": [\n                      {\n                        \"or\": []\n                      },\n                      {\n                        \"mc\": 112\n                      },\n                      {\n                        \"mc\": \"<=1204848996\"\n                      },\n                      \"kB\",\n                      \"d\"\n                    ]\n                  }\n                ]\n              },\n              {\n                \"mc\": \"<=2024197562\"\n              },\n              {\n                \"mc\": 150\n              },\n              {\n                \"mc\": \">=575817138\"\n              }\n            ]\n          },\n          \"url\": \"http://b91i-8.vubkftmnp/)%F1%B7%A2%B9O8J~CED/FBnskaEK\",\n          \"info\": \"3m?R0-7\"\n        },\n        \"L/EJc+@`^\": {\n          \"name\": \"2hk<G ^F+x\",\n          \"ay\": 1980,\n          \"assign\": \"ugfr)r\",\n          \"satisfy\": \"c%+|)2LPl{\",\n          \"url\": \"http://byeepc0ycprmvjlzd3qmzd-maw0aioe7zez.b72il59vcs-km.vl68gzenreaqyqeed8ndcgig0eluql.s8q-a3bxa70c58xy39nz.ekgo/Ll/LV;!LB*_/oTf(/d.2S3_c/=w\",\n          \"info\": \"o?J@X\"\n        }\n      },\n      \"t}:\": {\n        \"name\": \"#b\",\n        \"ay\": 2029,\n        \"assign\": \"-rq>\",\n        \"match\": {\n          \"or\": [\n            {\n              \"and\": [\n                \"HF6E\",\n                \"YH9216\"\n              ]\n            }\n          ]\n        },\n        \"satisfy\": {\n          \"mc\": 197\n        },\n        \"url\": \"https://0.f.qqh/u7N9q%F0%99%AE%804.%F4%8C%95%85/XM8S)&p;/e.a+Yy:rG\",\n        \"gZ36`O\": {\n          \"ay\": 1960,\n          \"assign\": [\n            \"1\",\n            \"\",\n            \"h\",\n            \"3}\"\n          ],\n          \"satisfy\": [\n            {\n              \"or\": []\n            },\n            \"\\\"%#}rll\",\n            {\n              \"and\": []\n            }\n          ],\n          \"url\": \"http://pk.nmfe7.sp/Ar)dSniF1c/yxX.GlK0m\"\n        },\n        \".[]mSiQ\": {\n          \"9\": {\n            \"name\": \"~n@HYF\",\n            \"ay\": 2026,\n            \"assign\": [\n              \"7Unt\",\n              \"l`~\",\n              \"|7,.D\",\n              \"#\",\n              \">nxj#6oB\"\n            ],\n            \"url\": \"https://66m0fv9p69d-q0rgpyij-pts9cmwjpelgjbtzoz8vilh6.n.fsucjc3qcvw2dwnvtuk1pyiizr6xx3psj8udtx517z4uqivvadm1c9b--4fpubb.d-wynta4q1h04cfsql561qhviegd93493dzs-itk03h82bmqrpiihl.kseyjdtj/9%EC%95%BCp@q\",\n            \"info\": \"P\"\n          },\n          \"name\": \"<}\",\n          \"ay\": 2011,\n          \"assign\": \"{\",\n          \"match\": [\n            \"BJ9074\"\n          ],\n          \"url\": \"https://a6e8z1inctosrqx3aqaniufhph7dynhef-ps-03fhuuoyz2qph1a.kjnu/%F1%9C%BC%9C1vn%EA%84%A9*/O&9eCU%F3%B9%8C%92%F0%B8%BE%B8X-/L+FBw2_FO/W2_SM5/WZnq$%F0%A3%87%9FS)///_wmopWW/YJ(V8Jk\",\n          \"info\": \"\",\n          \"7TWv@8(tu[\": {\n            \"name\": \">K&DeD)\",\n            \"ay\": 2017,\n            \"assign\": \"$,3 ;\",\n            \"match\": [\n              \"YAW8I\"\n            ],\n            \"satisfy\": [\n              {\n                \"mc\": \">=1595048381\"\n              }\n            ],\n            \"url\": \"http://3.7.is/-a%F2%BB%BE%98zD8s6up/g\",\n            \"info\": \"{/NM$\"\n          },\n          \"io=\": {\n            \"name\": \"~d!\",\n            \"assign\": [\n              \"\",\n              \"W.Z\"\n            ],\n            \"satisfy\": {\n              \"mc\": \"<=501579478\"\n            },\n            \"url\": \"https://ezecz-7mn9qabprrn8.5mvqxi6nr6s5u6z-qyb2jd4ea7-mmp5xdse37.t.iehe/'3IQ%F1%86%8F%80JV0/=%E9%A1%8F:!Hly(/U=sd%F3%94%9F%B0/pA%F4%85%AD%BAIm/Y~M*Y$qFT'\",\n            \"info\": \"(q&*ue?\"\n          }\n        }\n      }\n    }\n  },\n  {\n    \"title\": \"block sample 7\",\n    \"value\": {\n      \"name\": \"@_\",\n      \"ay\": 1952,\n      \"match\": {\n        \"or\": [\n          \"XP6Z\"\n        ]\n      },\n      \"satisfy\": [\n        {\n          \"and\": [\n            {\n              \"mc\": 87\n            },\n            {\n              \"or\": [\n                \">PG^\"\n              ]\n            },\n            {\n              \"and\": [\n                \"h7+fZEg\",\n                \"D!\"\n              ]\n            }\n          ]\n        },\n        {\n          \"mc\": \"<=2079731034\"\n        },\n        {\n          \"or\": [\n            {\n              \"or\": [\n                \"k'gAmi\",\n                {\n                  \"mc\": 118\n                },\n                \"3OsP)aj~J&\",\n                \"MmbR]\",\n                \"Uc3S\"\n              ]\n            },\n            {\n              \"mc\": \"<=1181150551\"\n            },\n            \"Z\",\n            {\n              \"or\": [\n                {\n                  \"or\": [\n                    \"=#\",\n                    \"U*\"\n                  ]\n                },\n                \"|}b\",\n                {\n                  \"mc\": \">=713795801\"\n                },\n                {\n                  \"or\": [\n                    {\n                      \"and\": [\n                        \"V^vba9\",\n                        \"!y3(\",\n                        {\n                          \"and\": [\n                            \"|s\",\n                            \"sgS\",\n                            \"e3LEs8\"\n                          ]\n                        },\n                        \"Tgx,;OP;&'\"\n                      ]\n                    },\n                    \"5}\\\\>OIa\",\n                    \"g\",\n                    \";s{\"\n                  ]\n                }\n              ]\n            }\n          ]\n        }\n      ],\n      \"url\": \"http://7saqxyygw46ajbdxoj05lj8kw7l12tlq8rzhj3r8pp1fzigsvggddrik.2tdzkjjdk9pojm8ufj2e9b82o4puf9mda8akdstb-oyz2w.9e-73fuoeq7g8jcc5q4j9p32ufq34e6rdt08vncb.uii11g6rrv01hqam9yzo0cvita4g91eu.nek/K/*/\",\n      \"info\": \"\"\n    }\n  },\n  {\n    \"title\": \"block sample 8\",\n    \"value\": {\n      \"name\": \"{x\",\n      \"match\": \"JVY8\",\n      \"url\": \"https://n4lvsl1n667z9f.x2petde9auociilfaznpky0udqjs13moj5xua3.vncey/Wsrz/(/y/$U/%F3%90%A4%A9drTX/eb=m@gc%F3%8A%BF%8EP/Vq=BFg;KIf/ma/-hB_YFvol\",\n      \"info\": \"h\\\"\",\n      \"/\": {\n        \"name\": \" !`&\",\n        \"ay\": 1957,\n        \"match\": {\n          \"or\": [\n            {\n              \"pattern\": \"LLW2W\",\n              \"exclude\": [\n                \"OX902\",\n                \"XQP355\",\n                \"DE8x62\"\n              ],\n              \"info\": \"m3E0W5uF^;\"\n            },\n            {\n              \"pattern\": \"OM*B\",\n              \"exclude\": \"KR396B\",\n              \"info\": \"KluV\"\n            },\n            {\n              \"pattern\": \"QNJx\",\n              \"exclude\": [\n                \"OU44D\",\n                \"HB28*6\",\n                \"ZW811G\",\n                \"YTZ74O\"\n              ],\n              \"info\": \"J6\"\n            },\n            {\n              \"or\": [\n                \"QHG987\",\n                \"TG0L\",\n                {\n                  \"pattern\": \"RDH345\",\n                  \"exclude\": \"HLR463*V\",\n                  \"info\": \"\"\n                }\n              ]\n            }\n          ]\n        },\n        \"satisfy\": \"L,^v\",\n        \"url\": \"https://5-b83r.62g9lmb6-1bs2bqsajffrzal.u4.bkkcf/;2!lsl/UoPntsq/H/qL%F1%80%AD%A2LqG%F1%AF%BC%BEQ/6iApkQ@_5@/=k%F3%BE%BC%98v:$WK/Od60@8VbuB/(p1y~T/%F2%8C%8C%85/:oqoM\",\n        \"info\": \"{\",\n        \"-\": {\n          \"name\": \"3>02MZDMVK\",\n          \"ay\": 1984,\n          \"assign\": [\n            \"\\\"$7>| \",\n            \"/v WJGmE~\",\n            \"y}\"\n          ],\n          \"satisfy\": {\n            \"mc\": 200\n          },\n          \"url\": \"https://qh7ubiy2aezypxcsp5ba8uciq22k.bznliaty07mm9jp9ttx6mt71j.8.end/==;=/Eeg/Em5%F2%99%A6%B4ee/C=gF%F1%90%85%A2md/%F0%B1%87%B8z/%F2%9A%BE%9D:)%F2%8A%86%91k/@/=k/:d)\",\n          \"info\": \"#~\"\n        }\n      },\n      \"{g/tmI|s+\": {\n        \"name\": \"! ]t2J9\\\\NC\",\n        \"ay\": 2028,\n        \"assign\": \"\",\n        \"match\": [\n          {\n            \"or\": [\n              {\n                \"or\": [\n                  {\n                    \"and\": [\n                      \"PQF75K\",\n                      \"SMJ*17\",\n                      {\n                        \"and\": [\n                          \"MV56\",\n                          {\n                            \"or\": [\n                              \"YXO6461V\",\n                              \"RJF99*2\",\n                              \"PK9693\",\n                              \"XLN20\",\n                              \"AW*90Q\"\n                            ]\n                          },\n                          \"NU0243\",\n                          {\n                            \"pattern\": \"GZZx313\",\n                            \"exclude\": [\n                              \"TJP65Q\",\n                              \"BF7O\",\n                              \"UM9F\",\n                              \"ITK8x\",\n                              \"XCQ87\"\n                            ]\n                          }\n                        ]\n                      },\n                      \"UN*8*5S\",\n                      {\n                        \"and\": [\n                          \"FRxx0x\",\n                          \"JZ9B\"\n                        ]\n                      }\n                    ]\n                  }\n                ]\n              }\n            ]\n          },\n          {\n            \"or\": []\n          },\n          {\n            \"pattern\": \"WM5M\",\n            \"exclude\": \"JE32x2\",\n            \"info\": \"b,\"\n          },\n          {\n            \"and\": [\n              \"TQ*1\",\n              {\n                \"and\": [\n                  \"DK1932H\",\n                  \"AJx\",\n                  \"RBW41Y\",\n                  {\n                    \"and\": []\n                  },\n                  {\n                    \"pattern\": \"FXO8976\",\n                    \"exclude\": [\n                      \"TWT*323W\",\n                      \"UHR389\"\n                    ],\n                    \"info\": \"RKK\"\n                  }\n                ]\n              },\n              \"LP781G\",\n              {\n                \"pattern\": \"FHM2435\",\n                \"info\": \"PVN:`F\"\n              }\n            ]\n          },\n          {\n            \"and\": [\n              {\n                \"or\": [\n                  {\n                    \"pattern\": \"GH9*x\",\n                    \"info\": \"-F<h![5p(5\"\n                  },\n                  \"BC317R\"\n                ]\n              },\n              \"AF*8\",\n              {\n                \"and\": []\n              }\n            ]\n          }\n        ],\n        \"satisfy\": [\n          {\n            \"or\": [\n              {\n                \"or\": []\n              }\n            ]\n          },\n          {\n            \"mc\": 189\n          }\n        ],\n        \"url\": \"https://at9b82gpti4iddnje0ezo7xtfvwmonigzvdyhov.miy/f/Je-:~0e%29u/hl/a%20M/_8\",\n        \"info\": \"\",\n        \"@/|=%\\\"~N\": {\n          \"name\": \"zk\",\n          \"match\": [\n            \"ET26C\",\n            {\n              \"and\": [\n                {\n                  \"pattern\": \"KW6D\",\n                  \"info\": \" ##z\"\n                },\n                {\n                  \"or\": [\n                    {\n                      \"and\": [\n                        \"MIx6J\",\n                        {\n                          \"and\": [\n                            \"MS6U\",\n                            {\n                              \"and\": [\n                                \"NT6032P\",\n                                {\n                                  \"pattern\": \"AOJ52x3\",\n                                  \"exclude\": [],\n                                  \"info\": \"bd6Wo%=Ce\"\n                                },\n                                \"UU4x1\",\n                                \"HYO096\"\n                              ]\n                            },\n                            \"HCE61x9B\",\n                            {\n                              \"or\": [\n                                \"FT4W\"\n                              ]\n                            }\n                          ]\n                        },\n                        \"UT888H\",\n                        \"NT5\",\n                        {\n                          \"and\": [\n                            {\n                              \"pattern\": \"VG24\",\n                              \"exclude\": \"UWH8885\"\n                            },\n                            \"AC950Q\",\n                            \"JFI6xV\",\n                            \"SX5*9V\",\n                            \"UN79N\"\n                          ]\n                        }\n                      ]\n                    },\n                    \"EP296\",\n                    {\n                      \"pattern\": \"BUJ8\",\n                      \"exclude\": \"JRU13\",\n                      \"info\": \"0?$ .&\"\n                    },\n                    \"WBI419S\",\n                    {\n                      \"pattern\": \"DBC0399\",\n                      \"info\": \"}arg<!\\\"af\"\n                    }\n                  ]\n                }\n              ]\n            },\n            {\n              \"and\": [\n                {\n                  \"pattern\": \"FZ8734\",\n                  \"exclude\": [\n                    \"TAH39B\",\n                    \"DTF18xF\",\n                    \"HAN2584Y\",\n                    \"OXN07\",\n                    \"UT4*E\"\n                  ],\n                  \"info\": \"N B,$$&7{!\"\n                }\n              ]\n            },\n            {\n              \"or\": [\n                {\n                  \"pattern\": \"LYY0188H\",\n                  \"exclude\": \"RI2x62\"\n                }\n              ]\n            },\n            {\n              \"pattern\": \"FL5\",\n              \"exclude\": [\n                \"BY036\"\n              ],\n              \"info\": \"xz&(}7\"\n            }\n          ],\n          \"satisfy\": {\n            \"or\": [\n              {\n                \"and\": [\n                  {\n                    \"mc\": \"<=2147483641\"\n                  }\n                ]\n              }\n            ]\n          },\n          \"url\": \"http://co23bxu36ztxq7td128n15yjf3.jvzut39fczfyivqnmmur.tamfpfsooz.ljvkk/i%F1%9B%86%AEBD)19y/uhUM/y1/;293%F2%8F%83%A6PZcx/xkbZGG\",\n          \"info\": \"T')3VaV=v\"\n        },\n        \"'Yx\": {\n          \"ay\": 1979,\n          \"match\": [\n            {\n              \"or\": [\n                \"VM*35X\",\n                {\n                  \"or\": [\n                    {\n                      \"or\": [\n                        {\n                          \"or\": [\n                            \"YKIx1\",\n                            \"NUE1V\"\n                          ]\n                        },\n                        \"OTA7*0N\",\n                        \"XK9K\",\n                        \"EI6*0\"\n                      ]\n                    }\n                  ]\n                }\n              ]\n            },\n            \"TTH8H\",\n            {\n              \"or\": [\n                {\n                  \"or\": [\n                    {\n                      \"pattern\": \"OCYxD\",\n                      \"exclude\": \"EIX33\",\n                      \"info\": \"\\\\e\\\"@\"\n                    }\n                  ]\n                },\n                {\n                  \"pattern\": \"NA7906L\",\n                  \"exclude\": \"RKM1\",\n                  \"info\": \"J\"\n                },\n                {\n                  \"or\": [\n                    \"RLS18G\",\n                    \"DD45*G\",\n                    {\n                      \"or\": [\n                        {\n                          \"pattern\": \"BK7x1*R\",\n                          \"exclude\": [\n                            \"FI3037\",\n                            \"EMK406\",\n                            \"RW13\"\n                          ],\n                          \"info\": \"a\"\n                        },\n                        {\n                          \"and\": [\n                            \"ZX1070\",\n                            \"OJ305\"\n                          ]\n                        },\n                        {\n                          \"pattern\": \"VJ8\",\n                          \"exclude\": \"QEH16S\",\n                          \"info\": \"\"\n                        }\n                      ]\n                    }\n                  ]\n                },\n                {\n                  \"and\": [\n                    {\n                      \"and\": []\n                    }\n                  ]\n                },\n                {\n                  \"and\": [\n                    \"TFG*1X\",\n                    {\n                      \"and\": [\n                        \"TIQ1\",\n                        {\n                          \"or\": [\n                            \"TS42W\",\n                            \"XBC874H\"\n                          ]\n                        }\n                      ]\n                    }\n                  ]\n                }\n              ]\n            },\n            {\n              \"and\": []\n            },\n            {\n              \"and\": [\n                {\n                  \"and\": [\n                    {\n                      \"and\": [\n                        \"KM6280D\",\n                        \"FFT0*J\",\n                        {\n                          \"and\": [\n                            \"UT8889J\",\n                            \"LCx195J\",\n                            \"VT84F\",\n                            \"UA16x\"\n                          ]\n                        },\n                        \"ZCHx\"\n                      ]\n                    },\n                    \"XCXx33Z\",\n                    \"QJBx91*Y\"\n                  ]\n                },\n                {\n                  \"and\": [\n                    {\n                      \"or\": [\n                        \"ICH5984\",\n                        {\n                          \"or\": [\n                            \"YT88R\",\n                            {\n                              \"and\": [\n                                \"ERS608\",\n                                \"ZY6\",\n                                \"GGP845\"\n                              ]\n                            },\n                            {\n                              \"pattern\": \"VHJ*70W\",\n                              \"exclude\": [\n                                \"SX74\",\n                                \"ZSOxR\",\n                                \"UZF08*4\",\n                                \"MZF6J\"\n                              ],\n                              \"info\": \"_u*\"\n                            }\n                          ]\n                        },\n                        {\n                          \"and\": [\n                            \"FZ85*E\",\n                            \"YC3W\",\n                            \"EOF57B\"\n                          ]\n                        }\n                      ]\n                    }\n                  ]\n                },\n                \"JN452L\",\n                \"CKxxW\"\n              ]\n            }\n          ],\n          \"satisfy\": \"d\",\n          \"url\": \"https://t8zdcv5mvdixa2a8wqavqaz2318p7dy45hvsh04tiad6sty02aou5ugu0dhf9.kof1omgcoaiho8a1tj2lot3bb860max3vxdct65m--1p-e.j91cd1x1zvfmsx6a1n1myzjys4ge3u3xrl6vwg0hgwi3cfhi.a.zluvzayb\",\n          \"info\": \"\"\n        },\n        \"Z\\\"$# )9o%&\": {\n          \"name\": \">]\",\n          \"ay\": 1951,\n          \"assign\": [\n            \"|\",\n            \"\"\n          ],\n          \"match\": [\n            \"XVI64P\",\n            {\n              \"pattern\": \"CZB8\",\n              \"info\": \">~a\"\n            },\n            \"OBN4*Y\"\n          ],\n          \"satisfy\": \"+\",\n          \"url\": \"https://u4unuxthsng27r5baqjvee1bhqsiyde0hkooahhgb2afio15rbbq0xi5c.ymjizl04xpbo4nlptq46dx6-n.z2omo654m2t2y9xzffddc8ftgtz-ys4qo.3.2ert896lfrtw6emaqsos6bokls5i8yu6xmjnk7b9gjdyorxpf.sg/f/:s/1B&a:\",\n          \"info\": \"y\"\n        },\n        \"%\\\"\": {\n          \"name\": \"i(tKap\",\n          \"ay\": 1962,\n          \"match\": {\n            \"or\": [\n              {\n                \"and\": [\n                  {\n                    \"pattern\": \"WU90\",\n                    \"exclude\": \"GR6x\",\n                    \"info\": \"[\"\n                  },\n                  \"MAJx\",\n                  {\n                    \"pattern\": \"AP330*\"\n                  },\n                  \"DV46K\",\n                  \"CSE727G\"\n                ]\n              }\n            ]\n          },\n          \"satisfy\": [\n            \"vy<++b]7m\",\n            {\n              \"mc\": 99\n            },\n            \"h& 1\"\n          ],\n          \"url\": \"http://s.3cbl-qr-ehyd-snlifaj06gvidxl--0mr4a1ai-1.p9ctmz0h93vy8mp4o8ee5pi0ujlv10f8o8y4dnpkm2c5.lvoo2cosfz6svuu8k6hiab634bi2120ri7r7uaop8kz0h25p2japqd0s6.yt/G18/GH~5/.%F3%AB%AF%A8Z~3H6A-/3U.4F/%F3%B9%89%96:'N8;7lkR/A6@)H%F1%A8%B0%ADH9y/kDO/%F1%AD%85%95jeLG/=1Vgr3aD.6\",\n          \"info\": \"i\"\n        },\n        \"c:$3\\\"xx\": {\n          \"name\": \"~X\",\n          \"ay\": 1988,\n          \"assign\": [\n            \"\\\"zz&\",\n            \"rZb\"\n          ],\n          \"match\": [\n            {\n              \"and\": [\n                {\n                  \"pattern\": \"TI5444V\",\n                  \"info\": \"kY!*:|\"\n                },\n                {\n                  \"pattern\": \"MSN7815W\",\n                  \"exclude\": [\n                    \"DIS5*\",\n                    \"NIT730\",\n                    \"MDE33\"\n                  ]\n                },\n                \"NB7C\",\n                {\n                  \"and\": [\n                    {\n                      \"and\": [\n                        {\n                          \"or\": [\n                            {\n                              \"and\": [\n                                \"RSS5\",\n                                \"NXJ9A\",\n                                \"PGY246B\"\n                              ]\n                            },\n                            \"YHx536\"\n                          ]\n                        },\n                        {\n                          \"pattern\": \"DI*F\",\n                          \"exclude\": [\n                            \"KX3246\",\n                            \"OX2241\",\n                            \"KZH42\",\n                            \"TA70Y\"\n                          ],\n                          \"info\": \"zX:q}\\\\gymx\"\n                        },\n                        {\n                          \"or\": []\n                        },\n                        \"OE*9*xG\",\n                        {\n                          \"pattern\": \"PX*3x9Y\",\n                          \"info\": \"\\\"04=?\\\"(\"\n                        }\n                      ]\n                    },\n                    {\n                      \"pattern\": \"OC770R\",\n                      \"exclude\": [\n                        \"HT491W\",\n                        \"EVX839\",\n                        \"XJQ40P\",\n                        \"AX999\",\n                        \"HJZ1H\"\n                      ],\n                      \"info\": \"%\"\n                    },\n                    {\n                      \"pattern\": \"AIO799R\",\n                      \"exclude\": \"XPY65x1\",\n                      \"info\": \" /f+(\"\n                    },\n                    {\n                      \"or\": [\n                        {\n                          \"pattern\": \"GF50x9\",\n                          \"exclude\": [\n                            \"ZWJ602O\",\n                            \"QCC0046\",\n                            \"MGF1141D\",\n                            \"TZ7\",\n                            \"IXT6x*\"\n                          ]\n                        },\n                        \"ZJH191\"\n                      ]\n                    },\n                    \"SZ7\"\n                  ]\n                }\n              ]\n            },\n            {\n              \"or\": [\n                \"AO573x\",\n                {\n                  \"and\": []\n                },\n                {\n                  \"and\": [\n                    {\n                      \"or\": []\n                    },\n                    {\n                      \"and\": [\n                        \"LS781T\",\n                        {\n                          \"or\": []\n                        },\n                        \"TV9*2L\"\n                      ]\n                    },\n                    \"KQG6\",\n                    \"WV4\"\n                  ]\n                },\n                {\n                  \"or\": []\n                },\n                {\n                  \"and\": [\n                    \"NRP7x3\",\n                    \"ACK07W\"\n                  ]\n                }\n              ]\n            },\n            {\n              \"or\": [\n                {\n                  \"or\": [\n                    {\n                      \"pattern\": \"LW63\",\n                      \"exclude\": [\n                        \"ZC09*\",\n                        \"JCG9\",\n                        \"BF772G\",\n                        \"HWK9564W\",\n                        \"JN8*9*\"\n                      ],\n                      \"info\": \"y;~F'_:\"\n                    },\n                    \"RE0\",\n                    {\n                      \"and\": [\n                        \"KL7\",\n                        \"VNR4Y\"\n                      ]\n                    },\n                    {\n                      \"or\": []\n                    },\n                    {\n                      \"pattern\": \"CN20\",\n                      \"exclude\": \"KH67\",\n                      \"info\": \"$#|\"\n                    }\n                  ]\n                }\n              ]\n            },\n            {\n              \"pattern\": \"HIP3031M\",\n              \"exclude\": \"VFM5K\",\n              \"info\": \"/8p}S\"\n            },\n            {\n              \"pattern\": \"CA*9A\",\n              \"exclude\": \"KQ08\",\n              \"info\": \"#p\"\n            }\n          ],\n          \"satisfy\": [\n            {\n              \"or\": []\n            },\n            {\n              \"and\": [\n                {\n                  \"mc\": \"<=1377253081\"\n                },\n                {\n                  \"or\": [\n                    {\n                      \"mc\": 52\n                    },\n                    {\n                      \"or\": [\n                        {\n                          \"mc\": \">=1130940199\"\n                        },\n                        {\n                          \"mc\": \"<=660294721\"\n                        },\n                        {\n                          \"and\": [\n                            {\n                              \"and\": [\n                                \"\",\n                                \"Wt*4S\",\n                                \"1,i!%,$(m\",\n                                \"h({W\",\n                                \"\\\"a{\"\n                              ]\n                            }\n                          ]\n                        }\n                      ]\n                    },\n                    {\n                      \"or\": [\n                        {\n                          \"mc\": \">=1039851806\"\n                        },\n                        {\n                          \"mc\": \">=2037987060\"\n                        },\n                        \"X)+\",\n                        {\n                          \"or\": [\n                            \"0| C[O90jv\",\n                            \"\",\n                            \"`jk6d\\\\\"\n                          ]\n                        },\n                        {\n                          \"or\": [\n                            \">i3y{2/Y-\",\n                            {\n                              \"and\": []\n                            }\n                          ]\n                        }\n                      ]\n                    },\n                    {\n                      \"mc\": \">=1499880909\"\n                    },\n                    \"\"\n                  ]\n                }\n              ]\n            }\n          ],\n          \"url\": \"https://dshs-1suw.0lv7yb2yqa5g-1aycmkg3whb.3.cuvd/uc1gebb%F2%BE%89%BDJe/+GV/g+baw/@=/cLI/,%E7%BE%B8%F3%86%B4%8EA%F2%8F%88%8A)z9:c/~Rfy%F4%89%A6%8EM/4%F2%B2%A7%B7psxgY/&.:d/a%F0%B6%A0%BCDK&O\",\n          \"info\": \"%}^!\"\n        }\n      }\n    }\n  },\n  {\n    \"title\": \"block sample 9\",\n    \"value\": {\n      \"ay\": 2030,\n      \"match\": [],\n      \"satisfy\": [\n        {\n          \"mc\": \"<=1779987902\"\n        },\n        \"IXJ{~~YL4\"\n      ],\n      \"url\": \"http://qgnscm53684s36y21lintryipw1z.75h4hios3vw0tf3ar5gxmqy-la-cno3qnf9v8hilodl3.xajlfzt2w99v1o7786abb6t9.shfj/wdu%F4%86%A0%B7BF8x%F2%A4%B8%93/$%F1%81%B6%AFn+%F2%AE%81%B6/%F1%8E%80%94/C+9v%F3%B7%BC%A9@/c'nh/sMlKC+/JHL1IHL/Y%F0%A5%A5%B7ao4(q4=Y/sv*0%F2%A8%BA%AC+EYVh\",\n      \"info\": \"ZW1?uIE\\\\~S\"\n    }\n  }\n]",
              "code": "fast_check_1.sample(index_test_2.block, 10).forEach((sample, i) => addContext_1.default(this, {\n    title: `block sample ${i}`,\n    value: sample,\n}));\nreturn fast_check_1.assert(fast_check_1.property(index_test_2.block, ajvValidate));",
              "err": {},
              "uuid": "bc39f4f0-7c0f-42cd-9ab1-ec5657a37a9b",
              "parentUUID": "a648f75d-2859-4046-baa2-3ec9191ae96f",
              "isHook": false,
              "skipped": false
            },
            {
              "title": "should not validate non-object",
              "fullTitle": "blockSchema should not validate non-object",
              "timedOut": false,
              "duration": 2,
              "state": "passed",
              "speed": "fast",
              "pass": true,
              "fail": false,
              "pending": false,
              "context": null,
              "code": "const error = {\n    instancePath: \"\",\n    message: \"block should be an object\",\n};\nisInvalidBlock(null, error);\nisInvalidBlock(undefined, error);\nisInvalidBlock(10, error);\nisInvalidBlock([12, 24], error);\nisInvalidBlock(\"abc\", error);",
              "err": {},
              "uuid": "f42f0687-81f3-4714-9f04-744577dedfbf",
              "parentUUID": "a648f75d-2859-4046-baa2-3ec9191ae96f",
              "isHook": false,
              "skipped": false
            },
            {
              "title": "should not validate block with invalid properties",
              "fullTitle": "blockSchema should not validate block with invalid properties",
              "timedOut": false,
              "duration": 0,
              "state": "passed",
              "speed": "fast",
              "pass": true,
              "fail": false,
              "pending": false,
              "context": null,
              "code": "isInvalidBlock({\n        name: { foo: \"bar\" },\n        ay: -1000,\n        assign: {},\n        match: 1,\n        satisfy: 2,\n        url: { abc: \"def\" },\n        info: 42,\n    }, { instancePath: \"/name\", message: \"property 'name' should be a string\" }, {\n        instancePath: \"/ay\",\n        message: \"property 'ay' should be a positive integer\",\n    }, {\n        instancePath: \"/assign\",\n        message: \"property 'assign' should be either a block ID or an array of block IDs\",\n    }, {\n        instancePath: \"/match\",\n        message: \"property 'match' should be either a match rule or an array of match rules\",\n    }, {\n        instancePath: \"/satisfy\",\n        message: \"property 'satisfy' should be either a satisfy rule or an array of satisfy rules\",\n    }, { instancePath: \"/url\", message: \"property 'url' should be a string\" }, { instancePath: \"/info\", message: \"property 'info' should be a string\" })",
              "err": {},
              "uuid": "dcda38c0-38ea-4333-bf1b-749059640cda",
              "parentUUID": "a648f75d-2859-4046-baa2-3ec9191ae96f",
              "isHook": false,
              "skipped": false
            }
          ],
          "suites": [],
          "passes": [
            "bc39f4f0-7c0f-42cd-9ab1-ec5657a37a9b",
            "f42f0687-81f3-4714-9f04-744577dedfbf",
            "dcda38c0-38ea-4333-bf1b-749059640cda"
          ],
          "failures": [],
          "pending": [],
          "skipped": [],
          "duration": 203,
          "root": false,
          "rootEmpty": false,
          "_timeout": 2000
        },
        {
          "uuid": "1bcada88-3295-4dcc-8d3e-892e7583cf95",
          "title": "patternSchema",
          "fullFile": "/home/runner/work/planwithus-lib/planwithus-lib/src/matchRule/pattern/schemas.test.ts",
          "file": "/src/matchRule/pattern/schemas.test.ts",
          "beforeHooks": [],
          "afterHooks": [],
          "tests": [
            {
              "title": "should validate non-empty pattern composed of A-Z, 0-9, x or *",
              "fullTitle": "patternSchema should validate non-empty pattern composed of A-Z, 0-9, x or *",
              "timedOut": false,
              "duration": 1,
              "state": "passed",
              "speed": "fast",
              "pass": true,
              "fail": false,
              "pending": false,
              "context": "[\n  {\n    \"title\": \"pattern sample 0\",\n    \"value\": \"BGY6O\"\n  },\n  {\n    \"title\": \"pattern sample 1\",\n    \"value\": \"US9W\"\n  },\n  {\n    \"title\": \"pattern sample 2\",\n    \"value\": \"KY*68F\"\n  },\n  {\n    \"title\": \"pattern sample 3\",\n    \"value\": \"AC9*\"\n  },\n  {\n    \"title\": \"pattern sample 4\",\n    \"value\": \"QL9\"\n  },\n  {\n    \"title\": \"pattern sample 5\",\n    \"value\": \"NXK94\"\n  },\n  {\n    \"title\": \"pattern sample 6\",\n    \"value\": \"UO05T\"\n  },\n  {\n    \"title\": \"pattern sample 7\",\n    \"value\": \"CM92\"\n  },\n  {\n    \"title\": \"pattern sample 8\",\n    \"value\": \"TZ*1x7\"\n  },\n  {\n    \"title\": \"pattern sample 9\",\n    \"value\": \"GN5670\"\n  }\n]",
              "code": "fast_check_1.sample(index_test_2.pattern, 10).forEach((sample, i) => addContext_1.default(this, {\n    title: `pattern sample ${i}`,\n    value: sample,\n}));\nreturn fast_check_1.assert(fast_check_1.property(index_test_2.pattern, ajvValidate), {\n    examples: [[\"*\"], [\"ACC1002\"], [\"IS1103\"], [\"CS1231S\"], [\"MA1102R\"]],\n});",
              "err": {},
              "uuid": "fe75f00a-45d2-42e9-9513-01f5e7a509b2",
              "parentUUID": "1bcada88-3295-4dcc-8d3e-892e7583cf95",
              "isHook": false,
              "skipped": false
            },
            {
              "title": "should not validate empty pattern",
              "fullTitle": "patternSchema should not validate empty pattern",
              "timedOut": false,
              "duration": 0,
              "state": "passed",
              "speed": "fast",
              "pass": true,
              "fail": false,
              "pending": false,
              "context": null,
              "code": "isInvalidPattern(\"\")",
              "err": {},
              "uuid": "54bc9935-4258-4e93-a111-09442820fe65",
              "parentUUID": "1bcada88-3295-4dcc-8d3e-892e7583cf95",
              "isHook": false,
              "skipped": false
            },
            {
              "title": "should not validate pattern with invalid characters",
              "fullTitle": "patternSchema should not validate pattern with invalid characters",
              "timedOut": false,
              "duration": 1,
              "state": "passed",
              "speed": "fast",
              "pass": true,
              "fail": false,
              "pending": false,
              "context": null,
              "code": "[\"AB123a\", \"Ac123a\", \"AB123^S\", \"AB1*3^S\", \"$A1*3^S\", \"/A1x33S\"].forEach(isInvalidPattern)",
              "err": {},
              "uuid": "42870237-5807-4d64-bf7f-5f324d17d68d",
              "parentUUID": "1bcada88-3295-4dcc-8d3e-892e7583cf95",
              "isHook": false,
              "skipped": false
            }
          ],
          "suites": [],
          "passes": [
            "fe75f00a-45d2-42e9-9513-01f5e7a509b2",
            "54bc9935-4258-4e93-a111-09442820fe65",
            "42870237-5807-4d64-bf7f-5f324d17d68d"
          ],
          "failures": [],
          "pending": [],
          "skipped": [],
          "duration": 2,
          "root": false,
          "rootEmpty": false,
          "_timeout": 2000
        },
        {
          "uuid": "d9153b63-1551-46f6-8c67-cb4744962614",
          "title": "matchRuleSchema",
          "fullFile": "/home/runner/work/planwithus-lib/planwithus-lib/src/matchRule/schemas.test.ts",
          "file": "/src/matchRule/schemas.test.ts",
          "beforeHooks": [],
          "afterHooks": [],
          "tests": [
            {
              "title": "should validate match rule with valid pattern",
              "fullTitle": "matchRuleSchema should validate match rule with valid pattern",
              "timedOut": false,
              "duration": 2,
              "state": "passed",
              "speed": "fast",
              "pass": true,
              "fail": false,
              "pending": false,
              "context": "[\n  {\n    \"title\": \"pattern sample 0\",\n    \"value\": \"ILT418\"\n  },\n  {\n    \"title\": \"pattern sample 1\",\n    \"value\": \"TU900\"\n  },\n  {\n    \"title\": \"pattern sample 2\",\n    \"value\": \"AQM5\"\n  },\n  {\n    \"title\": \"pattern sample 3\",\n    \"value\": \"GOx182\"\n  },\n  {\n    \"title\": \"pattern sample 4\",\n    \"value\": \"FN1\"\n  },\n  {\n    \"title\": \"pattern sample 5\",\n    \"value\": \"YKN223G\"\n  },\n  {\n    \"title\": \"pattern sample 6\",\n    \"value\": \"PCO42\"\n  },\n  {\n    \"title\": \"pattern sample 7\",\n    \"value\": \"UX39\"\n  },\n  {\n    \"title\": \"pattern sample 8\",\n    \"value\": \"PI4*86\"\n  },\n  {\n    \"title\": \"pattern sample 9\",\n    \"value\": \"RG66\"\n  }\n]",
              "code": "fast_check_1.sample(index_test_3.pattern, 10).forEach((sample, i) => addContext_1.default(this, {\n    title: `pattern sample ${i}`,\n    value: sample,\n}));\nreturn fast_check_1.assert(fast_check_1.property(index_test_3.pattern, ajvValidate));",
              "err": {},
              "uuid": "0273ce15-097b-44ab-a627-d94c902bbd88",
              "parentUUID": "d9153b63-1551-46f6-8c67-cb4744962614",
              "isHook": false,
              "skipped": false
            },
            {
              "title": "should validate match rules with valid pattern and info",
              "fullTitle": "matchRuleSchema should validate match rules with valid pattern and info",
              "timedOut": false,
              "duration": 3,
              "state": "passed",
              "speed": "fast",
              "pass": true,
              "fail": false,
              "pending": false,
              "context": "[\n  {\n    \"title\": \"patternMatchRule sample 0\",\n    \"value\": {\n      \"pattern\": \"PVI5246\",\n      \"exclude\": \"DI0\",\n      \"info\": \" N]\"\n    }\n  },\n  {\n    \"title\": \"patternMatchRule sample 1\",\n    \"value\": {\n      \"pattern\": \"WHH5\",\n      \"exclude\": \"SI*3\",\n      \"info\": \"e.l\"\n    }\n  },\n  {\n    \"title\": \"patternMatchRule sample 2\",\n    \"value\": {\n      \"pattern\": \"YA1641\",\n      \"exclude\": \"DC32x0\",\n      \"info\": \"%^b0\"\n    }\n  },\n  {\n    \"title\": \"patternMatchRule sample 3\",\n    \"value\": {\n      \"pattern\": \"EUX62\",\n      \"exclude\": [],\n      \"info\": \"\"\n    }\n  },\n  {\n    \"title\": \"patternMatchRule sample 4\",\n    \"value\": {\n      \"pattern\": \"FR5891\",\n      \"exclude\": [\n        \"NB6143D\",\n        \"DX557\",\n        \"OIWx45\"\n      ]\n    }\n  },\n  {\n    \"title\": \"patternMatchRule sample 5\",\n    \"value\": {\n      \"pattern\": \"EG4\",\n      \"exclude\": \"JVL1923\",\n      \"info\": \"n\\\"$_&`\"\n    }\n  },\n  {\n    \"title\": \"patternMatchRule sample 6\",\n    \"value\": {\n      \"pattern\": \"RO134\",\n      \"exclude\": [\n        \"KK926E\",\n        \"JB012\",\n        \"DAE4x23T\"\n      ],\n      \"info\": \"B\"\n    }\n  },\n  {\n    \"title\": \"patternMatchRule sample 7\",\n    \"value\": {\n      \"pattern\": \"TYR5\",\n      \"info\": \"#}s|m6\"\n    }\n  },\n  {\n    \"title\": \"patternMatchRule sample 8\",\n    \"value\": {\n      \"pattern\": \"QBx4W\",\n      \"info\": \"x!sd\\\\\"\n    }\n  },\n  {\n    \"title\": \"patternMatchRule sample 9\",\n    \"value\": {\n      \"pattern\": \"KM7679T\",\n      \"info\": \" \"\n    }\n  }\n]",
              "code": "fast_check_1.sample(index_test_2.patternMatchRule, 10).forEach((sample, i) => addContext_1.default(this, {\n    title: `patternMatchRule sample ${i}`,\n    value: sample,\n}));\nreturn fast_check_1.assert(fast_check_1.property(index_test_2.patternMatchRule, ajvValidate));",
              "err": {},
              "uuid": "d4de0570-7362-4151-858f-7c16b0a0180a",
              "parentUUID": "d9153b63-1551-46f6-8c67-cb4744962614",
              "isHook": false,
              "skipped": false
            },
            {
              "title": "should validate valid recursive match rules",
              "fullTitle": "matchRuleSchema should validate valid recursive match rules",
              "timedOut": false,
              "duration": 6,
              "state": "passed",
              "speed": "fast",
              "pass": true,
              "fail": false,
              "pending": false,
              "context": "[\n  {\n    \"title\": \"matchRule sample 0\",\n    \"value\": {\n      \"and\": [\n        {\n          \"and\": []\n        }\n      ]\n    }\n  },\n  {\n    \"title\": \"matchRule sample 1\",\n    \"value\": \"WN9x7E\"\n  },\n  {\n    \"title\": \"matchRule sample 2\",\n    \"value\": {\n      \"pattern\": \"LM47K\",\n      \"exclude\": []\n    }\n  },\n  {\n    \"title\": \"matchRule sample 3\",\n    \"value\": \"MIK*382\"\n  },\n  {\n    \"title\": \"matchRule sample 4\",\n    \"value\": {\n      \"and\": [\n        {\n          \"or\": [\n            \"PRI6478I\",\n            \"KDA1C\",\n            {\n              \"pattern\": \"MNA93E\",\n              \"info\": \"1!}'&R1,=\"\n            }\n          ]\n        },\n        {\n          \"pattern\": \"UGX250W\",\n          \"exclude\": \"FWJ*7*4\",\n          \"info\": \"CYe\"\n        },\n        {\n          \"pattern\": \"ORZ45\",\n          \"exclude\": [],\n          \"info\": \"yOsRvS\"\n        }\n      ]\n    }\n  },\n  {\n    \"title\": \"matchRule sample 5\",\n    \"value\": {\n      \"pattern\": \"AY72*xZ\",\n      \"exclude\": \"CK3*2\",\n      \"info\": \"?M\\\"v|%&\"\n    }\n  },\n  {\n    \"title\": \"matchRule sample 6\",\n    \"value\": {\n      \"or\": [\n        {\n          \"pattern\": \"SJ1680U\"\n        },\n        {\n          \"or\": []\n        },\n        {\n          \"or\": [\n            \"IRK22W\",\n            \"OHV2191\"\n          ]\n        },\n        \"ZYX5U\"\n      ]\n    }\n  },\n  {\n    \"title\": \"matchRule sample 7\",\n    \"value\": {\n      \"and\": [\n        {\n          \"pattern\": \"FI25R\",\n          \"info\": \"!y\"\n        },\n        \"HA52I\",\n        \"HLH95D\",\n        \"YV6\",\n        \"REV59\"\n      ]\n    }\n  },\n  {\n    \"title\": \"matchRule sample 8\",\n    \"value\": {\n      \"or\": [\n        {\n          \"or\": [\n            \"IZ6348\",\n            {\n              \"and\": [\n                \"YKG0\",\n                {\n                  \"and\": []\n                },\n                {\n                  \"pattern\": \"ZV1P\",\n                  \"exclude\": [\n                    \"MBX6246\",\n                    \"FA039J\",\n                    \"RK12*4B\"\n                  ]\n                },\n                \"VHZ03\"\n              ]\n            }\n          ]\n        },\n        {\n          \"or\": [\n            {\n              \"and\": [\n                \"VR*088\"\n              ]\n            },\n            \"WCU2x8\",\n            \"OJC69K\",\n            {\n              \"and\": [\n                \"XWW20B\",\n                \"QEH5581\",\n                \"BWB4\",\n                \"CU396\",\n                {\n                  \"and\": [\n                    \"JD6x5N\"\n                  ]\n                }\n              ]\n            }\n          ]\n        },\n        {\n          \"pattern\": \"QE7*0O\"\n        },\n        {\n          \"and\": []\n        },\n        {\n          \"pattern\": \"LMC7\",\n          \"exclude\": [\n            \"QG7547\",\n            \"TO4L\"\n          ],\n          \"info\": \"S\"\n        }\n      ]\n    }\n  },\n  {\n    \"title\": \"matchRule sample 9\",\n    \"value\": \"XSB0\"\n  }\n]",
              "code": "fast_check_1.sample(index_test_2.matchRule, 10).forEach((sample, i) => addContext_1.default(this, {\n    title: `matchRule sample ${i}`,\n    value: sample,\n}));\nreturn fast_check_1.assert(fast_check_1.property(index_test_2.matchRule, ajvValidate));",
              "err": {},
              "uuid": "df6fe5b8-96c2-4c39-bdb4-3a5c1fb7047d",
              "parentUUID": "d9153b63-1551-46f6-8c67-cb4744962614",
              "isHook": false,
              "skipped": false
            },
            {
              "title": "should not validate non-string/object",
              "fullTitle": "matchRuleSchema should not validate non-string/object",
              "timedOut": false,
              "duration": 0,
              "state": "passed",
              "speed": "fast",
              "pass": true,
              "fail": false,
              "pending": false,
              "context": null,
              "code": "const error = {\n    instancePath: \"\",\n    message: \"match rule should be either a string or an object\",\n};\nisInvalidRule(null, error);\nisInvalidRule(undefined, error);\nisInvalidRule(10, error);\nisInvalidRule([12, 24], error);",
              "err": {},
              "uuid": "ec7cf38a-5e5b-4ca5-a992-87a742dabaf8",
              "parentUUID": "d9153b63-1551-46f6-8c67-cb4744962614",
              "isHook": false,
              "skipped": false
            },
            {
              "title": "should not validate match rules with extra properties",
              "fullTitle": "matchRuleSchema should not validate match rules with extra properties",
              "timedOut": false,
              "duration": 1,
              "state": "passed",
              "speed": "fast",
              "pass": true,
              "fail": false,
              "pending": false,
              "context": null,
              "code": "isInvalidRule({\n        and: [{ or: [{ pattern: \"CS2103T\", info2: \"foobar\" }], abc: \"def\" }],\n        mno: \"pqr\",\n    }, {\n        instancePath: \"/and/0/or/0\",\n        message: \"pattern match rule should have properties 'pattern', 'exclude' (optional) and 'info' (optional) only\",\n    }, {\n        instancePath: \"/and/0\",\n        message: \"or match rule should have property 'or' only\",\n    }, {\n        instancePath: \"\",\n        message: \"and match rule should have property 'and' only\",\n    })",
              "err": {},
              "uuid": "475dbd7b-eff1-4cbe-994e-6e8f01086967",
              "parentUUID": "d9153b63-1551-46f6-8c67-cb4744962614",
              "isHook": false,
              "skipped": false
            },
            {
              "title": "should not validate ambiguous match rules",
              "fullTitle": "matchRuleSchema should not validate ambiguous match rules",
              "timedOut": false,
              "duration": 1,
              "state": "passed",
              "speed": "fast",
              "pass": true,
              "fail": false,
              "pending": false,
              "context": null,
              "code": "const message = \"match rule should have only one of properties 'pattern', 'and', 'or'\";\nisInvalidRule({\n    or: [\n        { pattern: \"CS1231\", and: [] },\n        { pattern: \"CS1231\", or: [] },\n        { and: [{ and: [\"abc\"], or: [\"def\"] }] },\n    ],\n}, { instancePath: \"/or/0\", message }, { instancePath: \"/or/1\", message }, { instancePath: \"/or/2/and/0\", message });",
              "err": {},
              "uuid": "f91743d1-42de-4ceb-8e39-4d89ce1466b0",
              "parentUUID": "d9153b63-1551-46f6-8c67-cb4744962614",
              "isHook": false,
              "skipped": false
            },
            {
              "title": "should not validate pattern match rule with invalid patterns",
              "fullTitle": "matchRuleSchema should not validate pattern match rule with invalid patterns",
              "timedOut": false,
              "duration": 0,
              "state": "passed",
              "speed": "fast",
              "pass": true,
              "fail": false,
              "pending": false,
              "context": null,
              "code": "const message = \"pattern should be a non-empty string composed of A-Z, 0-9, x or *\";\nisInvalidRule({\n    and: [\n        \"CS210c\",\n        { pattern: \"CS2100\", exclude: \"CS1231s\" },\n        { pattern: \"CS210#T\", exclude: [\"CS1231\", \"CS21%\"] },\n    ],\n}, { instancePath: \"/and/0\", message }, { instancePath: \"/and/1/exclude\", message }, { instancePath: \"/and/2/pattern\", message }, { instancePath: \"/and/2/exclude/1\", message });",
              "err": {},
              "uuid": "1d0eb4c4-cede-495b-b63a-66bf8cafa03f",
              "parentUUID": "d9153b63-1551-46f6-8c67-cb4744962614",
              "isHook": false,
              "skipped": false
            },
            {
              "title": "should not validate pattern match rule with non-string/array exclude",
              "fullTitle": "matchRuleSchema should not validate pattern match rule with non-string/array exclude",
              "timedOut": false,
              "duration": 0,
              "state": "passed",
              "speed": "fast",
              "pass": true,
              "fail": false,
              "pending": false,
              "context": null,
              "code": "const message = \"property 'exclude' should be either a pattern or an array of patterns\";\nisInvalidRule({\n    or: [\n        { pattern: \"CS2101\", exclude: {} },\n        { pattern: \"CS2101\", exclude: 5 },\n    ],\n}, { instancePath: \"/or/0/exclude\", message }, { instancePath: \"/or/1/exclude\", message });",
              "err": {},
              "uuid": "1fa853d3-b5e9-4cbe-bfd0-2ff93e3ddb6d",
              "parentUUID": "d9153b63-1551-46f6-8c67-cb4744962614",
              "isHook": false,
              "skipped": false
            },
            {
              "title": "should not validate pattern match rule with non-string info",
              "fullTitle": "matchRuleSchema should not validate pattern match rule with non-string info",
              "timedOut": false,
              "duration": 0,
              "state": "passed",
              "speed": "fast",
              "pass": true,
              "fail": false,
              "pending": false,
              "context": null,
              "code": "const message = \"property 'info' should be a string\";\nisInvalidRule({ pattern: \"CS2101\", info: 42 }, { instancePath: \"/info\", message });",
              "err": {},
              "uuid": "1d631a09-8dc2-46c7-b407-ea8148a81213",
              "parentUUID": "d9153b63-1551-46f6-8c67-cb4744962614",
              "isHook": false,
              "skipped": false
            },
            {
              "title": "should not validate and match rules with non-array property",
              "fullTitle": "matchRuleSchema should not validate and match rules with non-array property",
              "timedOut": false,
              "duration": 0,
              "state": "passed",
              "speed": "fast",
              "pass": true,
              "fail": false,
              "pending": false,
              "context": null,
              "code": "const message = \"property 'and' should be an array of match rules\";\nisInvalidRule({ or: [{ and: {} }, { or: [{ and: 3 }] }] }, { instancePath: \"/or/0/and\", message }, { instancePath: \"/or/1/or/0/and\", message });",
              "err": {},
              "uuid": "c2816557-a7f5-4121-8210-12244dd7ced9",
              "parentUUID": "d9153b63-1551-46f6-8c67-cb4744962614",
              "isHook": false,
              "skipped": false
            },
            {
              "title": "should not validate or match rules with non-array property",
              "fullTitle": "matchRuleSchema should not validate or match rules with non-array property",
              "timedOut": false,
              "duration": 1,
              "state": "passed",
              "speed": "fast",
              "pass": true,
              "fail": false,
              "pending": false,
              "context": null,
              "code": "const message = \"property 'or' should be an array of match rules\";\nisInvalidRule({ or: [{ or: {} }, { and: [{ or: 3 }] }] }, { instancePath: \"/or/0/or\", message }, { instancePath: \"/or/1/and/0/or\", message });",
              "err": {},
              "uuid": "c96a2738-cf8f-4630-8e3f-0bbf60f08ecc",
              "parentUUID": "d9153b63-1551-46f6-8c67-cb4744962614",
              "isHook": false,
              "skipped": false
            }
          ],
          "suites": [],
          "passes": [
            "0273ce15-097b-44ab-a627-d94c902bbd88",
            "d4de0570-7362-4151-858f-7c16b0a0180a",
            "df6fe5b8-96c2-4c39-bdb4-3a5c1fb7047d",
            "ec7cf38a-5e5b-4ca5-a992-87a742dabaf8",
            "475dbd7b-eff1-4cbe-994e-6e8f01086967",
            "f91743d1-42de-4ceb-8e39-4d89ce1466b0",
            "1d0eb4c4-cede-495b-b63a-66bf8cafa03f",
            "1fa853d3-b5e9-4cbe-bfd0-2ff93e3ddb6d",
            "1d631a09-8dc2-46c7-b407-ea8148a81213",
            "c2816557-a7f5-4121-8210-12244dd7ced9",
            "c96a2738-cf8f-4630-8e3f-0bbf60f08ecc"
          ],
          "failures": [],
          "pending": [],
          "skipped": [],
          "duration": 14,
          "root": false,
          "rootEmpty": false,
          "_timeout": 2000
        },
        {
          "uuid": "ccf31d4b-f94b-4d60-8fd8-be9e49d5a8e9",
          "title": "inequalitySchema",
          "fullFile": "/home/runner/work/planwithus-lib/planwithus-lib/src/satisfyRule/inequality/schemas.test.ts",
          "file": "/src/satisfyRule/inequality/schemas.test.ts",
          "beforeHooks": [],
          "afterHooks": [],
          "tests": [
            {
              "title": "should validate inequality in the form <=n or >=n",
              "fullTitle": "inequalitySchema should validate inequality in the form <=n or >=n",
              "timedOut": false,
              "duration": 1,
              "state": "passed",
              "speed": "fast",
              "pass": true,
              "fail": false,
              "pending": false,
              "context": "[\n  {\n    \"title\": \"inequality sample 0\",\n    \"value\": \"<=591615959\"\n  },\n  {\n    \"title\": \"inequality sample 1\",\n    \"value\": \"<=781450855\"\n  },\n  {\n    \"title\": \"inequality sample 2\",\n    \"value\": \">=1587890725\"\n  },\n  {\n    \"title\": \"inequality sample 3\",\n    \"value\": \">=1372230332\"\n  },\n  {\n    \"title\": \"inequality sample 4\",\n    \"value\": \">=1\"\n  },\n  {\n    \"title\": \"inequality sample 5\",\n    \"value\": \"<=1685894065\"\n  },\n  {\n    \"title\": \"inequality sample 6\",\n    \"value\": \">=466993469\"\n  },\n  {\n    \"title\": \"inequality sample 7\",\n    \"value\": \">=1984494712\"\n  },\n  {\n    \"title\": \"inequality sample 8\",\n    \"value\": \"<=14\"\n  },\n  {\n    \"title\": \"inequality sample 9\",\n    \"value\": \">=1739948816\"\n  }\n]",
              "code": "fast_check_1.sample(index_test_2.inequality, 10).forEach((sample, i) => addContext_1.default(this, {\n    title: `inequality sample ${i}`,\n    value: sample,\n}));\nreturn fast_check_1.assert(fast_check_1.property(index_test_2.inequality, ajvValidate));",
              "err": {},
              "uuid": "c5be7311-4bda-4aa5-81d7-6232d168495e",
              "parentUUID": "ccf31d4b-f94b-4d60-8fd8-be9e49d5a8e9",
              "isHook": false,
              "skipped": false
            },
            {
              "title": "should not validate inequality of invalid form",
              "fullTitle": "inequalitySchema should not validate inequality of invalid form",
              "timedOut": false,
              "duration": 2,
              "state": "passed",
              "speed": "fast",
              "pass": true,
              "fail": false,
              "pending": false,
              "context": null,
              "code": "[\n        \"\",\n        \"==23\",\n        \"23\",\n        \"<23\",\n        \">23\",\n        \"<=-1\",\n        \">=-1\",\n        \"<= 2\",\n        \">= 1\",\n        \"> 3\",\n        \"< 3\",\n        \"<=3a\",\n        \">=3a\",\n        \"a<=3\",\n        \"a>=3\",\n    ].forEach(isInvalidInequality)",
              "err": {},
              "uuid": "be0da078-301c-4c1f-a0cb-96af622bff47",
              "parentUUID": "ccf31d4b-f94b-4d60-8fd8-be9e49d5a8e9",
              "isHook": false,
              "skipped": false
            }
          ],
          "suites": [],
          "passes": [
            "c5be7311-4bda-4aa5-81d7-6232d168495e",
            "be0da078-301c-4c1f-a0cb-96af622bff47"
          ],
          "failures": [],
          "pending": [],
          "skipped": [],
          "duration": 3,
          "root": false,
          "rootEmpty": false,
          "_timeout": 2000
        },
        {
          "uuid": "53009d4f-0916-46cd-ad98-ede7e5948c2b",
          "title": "satisfyRuleSchema",
          "fullFile": "/home/runner/work/planwithus-lib/planwithus-lib/src/satisfyRule/schemas.test.ts",
          "file": "/src/satisfyRule/schemas.test.ts",
          "beforeHooks": [],
          "afterHooks": [],
          "tests": [
            {
              "title": "should validate satisfy rule with valid block id",
              "fullTitle": "satisfyRuleSchema should validate satisfy rule with valid block id",
              "timedOut": false,
              "duration": 1,
              "state": "passed",
              "speed": "fast",
              "pass": true,
              "fail": false,
              "pending": false,
              "context": null,
              "code": "fast_check_1.assert(fast_check_1.property(fast_check_1.string(), ajvValidate)",
              "err": {},
              "uuid": "c5024648-13df-4223-aa81-a212e0bfed40",
              "parentUUID": "53009d4f-0916-46cd-ad98-ede7e5948c2b",
              "isHook": false,
              "skipped": false
            },
            {
              "title": "should validate satisfy rules with valid mc",
              "fullTitle": "satisfyRuleSchema should validate satisfy rules with valid mc",
              "timedOut": false,
              "duration": 1,
              "state": "passed",
              "speed": "fast",
              "pass": true,
              "fail": false,
              "pending": false,
              "context": "[\n  {\n    \"title\": \"mcSatisfyRule sample 0\",\n    \"value\": {\n      \"mc\": 38\n    }\n  },\n  {\n    \"title\": \"mcSatisfyRule sample 1\",\n    \"value\": {\n      \"mc\": 169\n    }\n  },\n  {\n    \"title\": \"mcSatisfyRule sample 2\",\n    \"value\": {\n      \"mc\": 2\n    }\n  },\n  {\n    \"title\": \"mcSatisfyRule sample 3\",\n    \"value\": {\n      \"mc\": \">=1672084695\"\n    }\n  },\n  {\n    \"title\": \"mcSatisfyRule sample 4\",\n    \"value\": {\n      \"mc\": 6\n    }\n  },\n  {\n    \"title\": \"mcSatisfyRule sample 5\",\n    \"value\": {\n      \"mc\": \">=15\"\n    }\n  },\n  {\n    \"title\": \"mcSatisfyRule sample 6\",\n    \"value\": {\n      \"mc\": 197\n    }\n  },\n  {\n    \"title\": \"mcSatisfyRule sample 7\",\n    \"value\": {\n      \"mc\": \">=2147483630\"\n    }\n  },\n  {\n    \"title\": \"mcSatisfyRule sample 8\",\n    \"value\": {\n      \"mc\": 88\n    }\n  },\n  {\n    \"title\": \"mcSatisfyRule sample 9\",\n    \"value\": {\n      \"mc\": \"<=1602224977\"\n    }\n  }\n]",
              "code": "fast_check_1.sample(index_test_2.mcSatisfyRule, 10).forEach((sample, i) => addContext_1.default(this, {\n    title: `mcSatisfyRule sample ${i}`,\n    value: sample,\n}));\nreturn fast_check_1.assert(fast_check_1.property(index_test_2.mcSatisfyRule, ajvValidate));",
              "err": {},
              "uuid": "042d3496-56f8-4067-8bb2-9fca8ecaecc8",
              "parentUUID": "53009d4f-0916-46cd-ad98-ede7e5948c2b",
              "isHook": false,
              "skipped": false
            },
            {
              "title": "should validate valid recursive satisfy rules",
              "fullTitle": "satisfyRuleSchema should validate valid recursive satisfy rules",
              "timedOut": false,
              "duration": 5,
              "state": "passed",
              "speed": "fast",
              "pass": true,
              "fail": false,
              "pending": false,
              "context": "{\n  \"title\": \"satisfyRule samples\",\n  \"value\": [\n    {\n      \"and\": [\n        {\n          \"or\": [\n            \"\",\n            {\n              \"or\": [\n                \"LLA\",\n                {\n                  \"or\": [\n                    \"Lvk=r0@q-6\",\n                    \"&?j,ias}A\",\n                    \"tf%Z8; U3L\",\n                    \"i%<Aaa\",\n                    \") W\"\n                  ]\n                }\n              ]\n            }\n          ]\n        },\n        {\n          \"and\": [\n            {\n              \"mc\": 25\n            },\n            {\n              \"or\": [\n                \"%oTK\",\n                {\n                  \"and\": [\n                    {\n                      \"or\": [\n                        \"}\",\n                        \"$./mab\",\n                        {\n                          \"mc\": 82\n                        },\n                        {\n                          \"mc\": 63\n                        },\n                        \"w+N0-\"\n                      ]\n                    },\n                    {\n                      \"mc\": \"<=1789213448\"\n                    },\n                    \"\",\n                    \"5JgAq\\\\W\",\n                    \"A;\"\n                  ]\n                }\n              ]\n            }\n          ]\n        },\n        {\n          \"or\": [\n            \"<A\",\n            {\n              \"or\": []\n            }\n          ]\n        },\n        {\n          \"or\": [\n            {\n              \"mc\": \">=1408802300\"\n            },\n            \"RVJLSM8m\",\n            \"\",\n            {\n              \"mc\": \"<=858695723\"\n            },\n            \"y`|Rb<I2K\"\n          ]\n        },\n        \"\\\";c'ZL^\"\n      ]\n    },\n    {\n      \"and\": [\n        {\n          \"and\": [\n            {\n              \"mc\": \">=8\"\n            }\n          ]\n        }\n      ]\n    },\n    {\n      \"and\": [\n        \"SVNIoO\"\n      ]\n    },\n    \"?tH3uG\",\n    {\n      \"or\": []\n    },\n    {\n      \"and\": [\n        {\n          \"mc\": \">=1922042195\"\n        },\n        {\n          \"or\": [\n            \"r\",\n            \"L\"\n          ]\n        }\n      ]\n    },\n    \"\",\n    {\n      \"mc\": 96\n    },\n    {\n      \"and\": [\n        {\n          \"or\": [\n            \"y\",\n            \"qw\"\n          ]\n        },\n        {\n          \"or\": [\n            \"4@u;\"\n          ]\n        },\n        {\n          \"mc\": \">=612064687\"\n        },\n        \"G.\"\n      ]\n    },\n    {\n      \"or\": [\n        {\n          \"or\": [\n            \"1\\\"C:#\",\n            \"\\\"A?]|>-KM\",\n            \"7RUp0I\",\n            {\n              \"mc\": \"<=197577833\"\n            }\n          ]\n        },\n        {\n          \"mc\": 145\n        },\n        {\n          \"mc\": \">=933409938\"\n        }\n      ]\n    }\n  ]\n}",
              "code": "addContext_1.default(this, {\n    title: \"satisfyRule samples\",\n    value: fast_check_1.sample(index_test_2.satisfyRule, 10),\n});\nreturn fast_check_1.assert(fast_check_1.property(index_test_2.satisfyRule, ajvValidate));",
              "err": {},
              "uuid": "6bd87f25-2963-4013-8ab6-3f5be0c37eb9",
              "parentUUID": "53009d4f-0916-46cd-ad98-ede7e5948c2b",
              "isHook": false,
              "skipped": false
            },
            {
              "title": "should not validate non-string/object",
              "fullTitle": "satisfyRuleSchema should not validate non-string/object",
              "timedOut": false,
              "duration": 1,
              "state": "passed",
              "speed": "fast",
              "pass": true,
              "fail": false,
              "pending": false,
              "context": null,
              "code": "const error = {\n    instancePath: \"\",\n    message: \"satisfy rule should be either a string or an object\",\n};\nisInvalidRule(null, error);\nisInvalidRule(undefined, error);\nisInvalidRule(10, error);\nisInvalidRule([12, 24], error);",
              "err": {},
              "uuid": "f7ce03cf-fea9-4050-954d-de0ca3e365b5",
              "parentUUID": "53009d4f-0916-46cd-ad98-ede7e5948c2b",
              "isHook": false,
              "skipped": false
            },
            {
              "title": "should not validate satisfy rules with extra properties",
              "fullTitle": "satisfyRuleSchema should not validate satisfy rules with extra properties",
              "timedOut": false,
              "duration": 1,
              "state": "passed",
              "speed": "fast",
              "pass": true,
              "fail": false,
              "pending": false,
              "context": null,
              "code": "isInvalidRule({\n        and: [\n            { or: [\"2k\"], abc: \"def\" },\n            { mc: 8, ghi: \"jkl\" },\n        ],\n        mno: \"pqr\",\n    }, {\n        instancePath: \"/and/0\",\n        message: \"or satisfy rule should have property 'or' only\",\n    }, {\n        instancePath: \"/and/1\",\n        message: \"MC satisfy rule should have property 'mc' only\",\n    }, {\n        instancePath: \"\",\n        message: \"and satisfy rule should have property 'and' only\",\n    })",
              "err": {},
              "uuid": "67520c41-7771-486d-a124-5b72d648aa64",
              "parentUUID": "53009d4f-0916-46cd-ad98-ede7e5948c2b",
              "isHook": false,
              "skipped": false
            },
            {
              "title": "should not validate ambiguous satisfy rules",
              "fullTitle": "satisfyRuleSchema should not validate ambiguous satisfy rules",
              "timedOut": false,
              "duration": 0,
              "state": "passed",
              "speed": "fast",
              "pass": true,
              "fail": false,
              "pending": false,
              "context": null,
              "code": "const message = \"satisfy rule should have only one of properties 'mc', 'and', 'or'\";\nisInvalidRule({\n    or: [\n        { mc: 5, and: [\"CS2040\"] },\n        { and: [{ and: [\"abc\"], or: [\"def\"] }] },\n    ],\n}, { instancePath: \"/or/0\", message }, { instancePath: \"/or/1/and/0\", message });",
              "err": {},
              "uuid": "24a2d5ab-a621-4b50-8735-3a33f9a70dad",
              "parentUUID": "53009d4f-0916-46cd-ad98-ede7e5948c2b",
              "isHook": false,
              "skipped": false
            },
            {
              "title": "should not validate and satisfy rules with non-array property",
              "fullTitle": "satisfyRuleSchema should not validate and satisfy rules with non-array property",
              "timedOut": false,
              "duration": 0,
              "state": "passed",
              "speed": "fast",
              "pass": true,
              "fail": false,
              "pending": false,
              "context": null,
              "code": "const message = \"property 'and' should be an array of satisfy rules\";\nisInvalidRule({ or: [{ and: {} }, { or: [{ and: 3 }] }] }, { instancePath: \"/or/0/and\", message }, { instancePath: \"/or/1/or/0/and\", message });",
              "err": {},
              "uuid": "451d9e5e-d241-4fda-b949-4596f411dd4c",
              "parentUUID": "53009d4f-0916-46cd-ad98-ede7e5948c2b",
              "isHook": false,
              "skipped": false
            },
            {
              "title": "should not validate or satisfy rules with non-array property",
              "fullTitle": "satisfyRuleSchema should not validate or satisfy rules with non-array property",
              "timedOut": false,
              "duration": 1,
              "state": "passed",
              "speed": "fast",
              "pass": true,
              "fail": false,
              "pending": false,
              "context": null,
              "code": "const message = \"property 'or' should be an array of satisfy rules\";\nisInvalidRule({ and: [{ or: {} }, { and: [{ or: 3 }] }] }, { instancePath: \"/and/0/or\", message }, { instancePath: \"/and/1/and/0/or\", message });",
              "err": {},
              "uuid": "544e4c21-ec41-4df7-87e9-97cdd21ff934",
              "parentUUID": "53009d4f-0916-46cd-ad98-ede7e5948c2b",
              "isHook": false,
              "skipped": false
            }
          ],
          "suites": [],
          "passes": [
            "c5024648-13df-4223-aa81-a212e0bfed40",
            "042d3496-56f8-4067-8bb2-9fca8ecaecc8",
            "6bd87f25-2963-4013-8ab6-3f5be0c37eb9",
            "f7ce03cf-fea9-4050-954d-de0ca3e365b5",
            "67520c41-7771-486d-a124-5b72d648aa64",
            "24a2d5ab-a621-4b50-8735-3a33f9a70dad",
            "451d9e5e-d241-4fda-b949-4596f411dd4c",
            "544e4c21-ec41-4df7-87e9-97cdd21ff934"
          ],
          "failures": [],
          "pending": [],
          "skipped": [],
          "duration": 10,
          "root": false,
          "rootEmpty": false,
          "_timeout": 2000
        }
      ],
      "passes": [],
      "failures": [],
      "pending": [],
      "skipped": [],
      "duration": 0,
      "root": true,
      "rootEmpty": true,
      "_timeout": 2000
    }
  ],
  "meta": {
    "mocha": {
      "version": "9.0.0"
    },
    "mochawesome": {
      "options": {
        "quiet": false,
        "reportFilename": "mochawesome",
        "saveHtml": true,
        "saveJson": true,
        "consoleReporter": "spec",
        "useInlineDiffs": false,
        "code": true
      },
      "version": "6.2.2"
    },
    "marge": {
      "options": {
        "reportDir": "docs"
      },
      "version": "5.2.0"
    }
  }
}