{
  "stats": {
    "suites": 10,
    "tests": 48,
    "passes": 48,
    "pending": 0,
    "failures": 0,
    "start": "2021-11-30T06:35:03.749Z",
    "end": "2021-11-30T06:35:04.026Z",
    "duration": 277,
    "testsRegistered": 48,
    "passPercent": 100,
    "pendingPercent": 0,
    "other": 0,
    "hasOther": false,
    "skipped": 0,
    "hasSkipped": false
  },
  "results": [
    {
      "uuid": "f8d85e31-663a-4b73-af9c-5fe12ffb738a",
      "title": "",
      "fullFile": "",
      "file": "",
      "beforeHooks": [],
      "afterHooks": [],
      "tests": [],
      "suites": [
        {
          "uuid": "2e0a210b-7fc2-4d9e-82a7-154b7e6bd2f7",
          "title": "initDirectories",
          "fullFile": "/home/runner/work/planwithus-lib/planwithus-lib/src/block/schemas.test.ts",
          "file": "/src/block/schemas.test.ts",
          "beforeHooks": [],
          "afterHooks": [],
          "tests": [
            {
              "title": "should parse all blocks with no errors",
              "fullTitle": "initDirectories should parse all blocks with no errors",
              "timedOut": false,
              "duration": 3,
              "state": "passed",
              "speed": "fast",
              "pass": true,
              "fail": false,
              "pending": false,
              "context": null,
              "code": "_1.initDirectories.should.not.throw()",
              "err": {},
              "uuid": "f7b6bde9-e161-443f-83b6-527849991270",
              "parentUUID": "2e0a210b-7fc2-4d9e-82a7-154b7e6bd2f7",
              "isHook": false,
              "skipped": false
            },
            {
              "title": "should produce primary, second & minor directories",
              "fullTitle": "initDirectories should produce primary, second & minor directories",
              "timedOut": false,
              "duration": 3,
              "state": "passed",
              "speed": "fast",
              "pass": true,
              "fail": false,
              "pending": false,
              "context": null,
              "code": "const directories = (0, _1.initDirectories)();\ndirectories.should.have.property(\"primary\");\ndirectories.should.have.property(\"second\");\ndirectories.should.have.property(\"minor\");",
              "err": {},
              "uuid": "4dd963a9-f895-49f2-a6b2-99edd10c0a09",
              "parentUUID": "2e0a210b-7fc2-4d9e-82a7-154b7e6bd2f7",
              "isHook": false,
              "skipped": false
            }
          ],
          "suites": [],
          "passes": [
            "f7b6bde9-e161-443f-83b6-527849991270",
            "4dd963a9-f895-49f2-a6b2-99edd10c0a09"
          ],
          "failures": [],
          "pending": [],
          "skipped": [],
          "duration": 6,
          "root": false,
          "rootEmpty": false,
          "_timeout": 2000
        },
        {
          "uuid": "cdbfe95d-69e8-47c8-a627-be7bc8be5d8c",
          "title": "blockSchema",
          "fullFile": "/home/runner/work/planwithus-lib/planwithus-lib/src/block/schemas.test.ts",
          "file": "/src/block/schemas.test.ts",
          "beforeHooks": [],
          "afterHooks": [],
          "tests": [
            {
              "title": "should validate valid block",
              "fullTitle": "blockSchema should validate valid block",
              "timedOut": false,
              "duration": 157,
              "state": "passed",
              "speed": "slow",
              "pass": true,
              "fail": false,
              "pending": false,
              "context": "[\n  {\n    \"title\": \"block sample 0\",\n    \"value\": {\n      \"name\": \"\",\n      \"ay\": 2008,\n      \"assign\": \"\\\"$b~#r\\\"z/%\",\n      \"match\": [\n        {\n          \"and\": [\n            {\n              \"pattern\": \"XIO20\",\n              \"info\": \"=-J:G`\"\n            },\n            {\n              \"and\": [\n                \"ILT160\",\n                {\n                  \"pattern\": \"YX**35\",\n                  \"exclude\": [\n                    \"FQV5\",\n                    \"YUV47\",\n                    \"CF17\",\n                    \"MMZ727\"\n                  ],\n                  \"info\": \":&\"\n                }\n              ]\n            },\n            \"HBU266\",\n            {\n              \"and\": [\n                \"TQN538\",\n                \"KT24T\"\n              ]\n            }\n          ]\n        },\n        {\n          \"or\": []\n        }\n      ],\n      \"satisfy\": \"$R:~[{\",\n      \"info\": \"\",\n      \"isSelectable\": true,\n      \"v}R\\\\)|;=?\": {\n        \"name\": \"\\\"\\\"%%Ms\",\n        \"ay\": 1950,\n        \"assign\": \" zA\\\"'9\",\n        \"match\": {\n          \"and\": []\n        },\n        \"info\": \"{\"\n      },\n      \"gD?$xk\": {\n        \"name\": \"3\\\"<twg\",\n        \"ay\": 1955,\n        \"assign\": \".,X1Rz'\",\n        \"match\": [\n          \"DR8\",\n          {\n            \"or\": [\n              {\n                \"and\": [\n                  {\n                    \"or\": [\n                      \"UWB98S\"\n                    ]\n                  },\n                  \"LJC721\",\n                  {\n                    \"and\": [\n                      \"AN562\"\n                    ]\n                  }\n                ]\n              },\n              {\n                \"pattern\": \"CDP5*5xE\",\n                \"info\": \"X&@K*\"\n              },\n              {\n                \"and\": [\n                  \"FU5\",\n                  {\n                    \"and\": [\n                      \"HYD3J\",\n                      {\n                        \"pattern\": \"ET805\",\n                        \"exclude\": \"AM7x90\",\n                        \"info\": \"a?+h[jFO\"\n                      }\n                    ]\n                  }\n                ]\n              },\n              {\n                \"or\": []\n              },\n              \"EMQ6x27\"\n            ]\n          }\n        ],\n        \"satisfy\": [\n          {\n            \"or\": []\n          },\n          {\n            \"and\": [\n              {\n                \"or\": [\n                  \"%d%:@Dp&\",\n                  {\n                    \"and\": [\n                      {\n                        \"or\": [\n                          {\n                            \"or\": [\n                              \"$zL1(U_@{\",\n                              \"A.pE['WV\",\n                              \"8\",\n                              \"xj<B\\\\UXw+O\",\n                              \"S$EB\"\n                            ]\n                          },\n                          \"&$X\",\n                          \"$[\\\\w> \",\n                          \"v1&$7WoQ!\",\n                          \"f>f_K\"\n                        ]\n                      },\n                      {\n                        \"mc\": \">=45\"\n                      },\n                      {\n                        \"mc\": \"<=170\"\n                      },\n                      \"Hs\\\\\",\n                      {\n                        \"or\": [\n                          \"USl\"\n                        ]\n                      }\n                    ]\n                  },\n                  {\n                    \"mc\": \">=72\"\n                  },\n                  \"=8s\"\n                ]\n              },\n              \"1\",\n              {\n                \"mc\": \">=181\"\n              }\n            ]\n          },\n          {\n            \"or\": [\n              {\n                \"and\": []\n              },\n              {\n                \"and\": [\n                  {\n                    \"mc\": \"<=15\"\n                  },\n                  {\n                    \"mc\": \">=11\"\n                  },\n                  {\n                    \"and\": [\n                      \"UgF%@b\\\\~+\"\n                    ]\n                  }\n                ]\n              },\n              \"d,7C-Ss\"\n            ]\n          },\n          {\n            \"or\": []\n          }\n        ],\n        \"url\": \"http://fau65c97p96cwe3ef.fvb/KJC2:JZ/8B2+/O&q/NT/A!*,x%F1%B8%BE%905ben/WShB%F3%B1%8D%8A%F1%BD%81%87@vi./1\"\n      },\n      \"3L%%$+$\": {\n        \"name\": \"$|=b^=>d2\",\n        \"ay\": 1978,\n        \"assign\": \"\",\n        \"match\": [\n          {\n            \"or\": [\n              {\n                \"pattern\": \"RA99X\",\n                \"exclude\": [\n                  \"HT7x79\"\n                ],\n                \"info\": \"x*\"\n              },\n              {\n                \"and\": [\n                  \"MA*67I\",\n                  \"RLA4\"\n                ]\n              },\n              {\n                \"or\": []\n              },\n              {\n                \"or\": [\n                  {\n                    \"or\": [\n                      \"VUO*6\"\n                    ]\n                  }\n                ]\n              }\n            ]\n          },\n          {\n            \"or\": [\n              {\n                \"and\": [\n                  \"SUWx1x8F\",\n                  \"FB7380B\",\n                  \"BA7U\",\n                  \"WN3115G\",\n                  \"IU4*F\"\n                ]\n              },\n              {\n                \"and\": [\n                  \"NX6x\",\n                  {\n                    \"or\": [\n                      {\n                        \"or\": [\n                          \"WF26x\",\n                          \"YJ4R\"\n                        ]\n                      },\n                      {\n                        \"and\": [\n                          \"BJx8*\",\n                          \"INB**xC\",\n                          \"XGZ*63\",\n                          \"IHD*x0J\",\n                          \"SRD8216\"\n                        ]\n                      },\n                      \"PNF665D\",\n                      \"KU8037\"\n                    ]\n                  },\n                  \"DZxG\"\n                ]\n              },\n              {\n                \"pattern\": \"ER6995\"\n              },\n              {\n                \"or\": [\n                  \"GVE5369A\",\n                  \"XQ9\",\n                  \"PB9D\",\n                  {\n                    \"or\": [\n                      \"DOY9093G\",\n                      \"GDH391*K\",\n                      \"ZZJ40V\",\n                      \"FQR63G\",\n                      {\n                        \"or\": [\n                          \"IXW59K\"\n                        ]\n                      }\n                    ]\n                  },\n                  {\n                    \"and\": []\n                  }\n                ]\n              }\n            ]\n          },\n          {\n            \"and\": [\n              {\n                \"pattern\": \"YBS18H\",\n                \"exclude\": [\n                  \"KE8810W\"\n                ],\n                \"info\": \"uh-\"\n              },\n              \"HXD389\",\n              {\n                \"pattern\": \"QWPx73*\",\n                \"exclude\": \"FH428*\",\n                \"info\": \">qp\\\\]\"\n              },\n              \"CSF4H\"\n            ]\n          }\n        ],\n        \"satisfy\": {\n          \"or\": [\n            {\n              \"or\": [\n                {\n                  \"or\": [\n                    \"%yxq#z\"\n                  ]\n                },\n                \"?t~\"\n              ]\n            },\n            \"Q\\\"#_j\"\n          ]\n        },\n        \"info\": \"\",\n        \"isSelectable\": true\n      },\n      \"y!z\": {\n        \"name\": \"o,\",\n        \"match\": [\n          {\n            \"pattern\": \"KHX1\",\n            \"exclude\": \"TD5\",\n            \"info\": \"uz)$ &/~C%\"\n          },\n          \"CVF34\"\n        ],\n        \"isSelectable\": true\n      },\n      \"XwX-~ jN\": {\n        \"name\": \"=u\\\\-89l<P\",\n        \"match\": \"IR08\",\n        \"satisfy\": [\n          {\n            \"or\": []\n          }\n        ],\n        \"url\": \"http://15.1jsf-ace7ceei0sbbpwlabc5f7abb.81jidwc6.keu8bekacz-cipybfbba8fa9ewmaean1wna9l5c59dj51qoo.9gqbz48k69bgfvrmbi072a0af84cs4cwaafbt.eqdsg/O%F1%A1%9A%A3/+P~T5M%F3%BC%80%AA/oiapb/!_Dj-I/8F*f%F1%8D%8D%9EbI%F3%B7%B0%BC./BT(@%F0%9C%82%96%F1%A1%8B%9D8\",\n        \"info\": \"\",\n        \"isSelectable\": true\n      }\n    }\n  },\n  {\n    \"title\": \"block sample 1\",\n    \"value\": {\n      \"name\": \"\",\n      \"match\": [\n        \"SW48Y\"\n      ],\n      \"satisfy\": [],\n      \"url\": \"http://ckwxdn0v4t4rjzbpfi5m5ql-33chfnp9tpr8m3nsrmxudfknrasvt0kggej7.o4m1ab3xatqdlrqatxnbw7lgy1o9t6uq9k5vcbqobgyog6bs5bon5vx78z9.vkfsww4wj1bqe2b46ksi7ek-bb-n9dwaprqxjo.tyegretu0v3ttl.3y2d0ckvws4kqbn4uy4au-xzmy1twlweldzj4bxnnmfl3y0a1jl0x62.glvoqvvvig/$%251/Wf\",\n      \"info\": \"<0sV\",\n      \"isSelectable\": true\n    }\n  },\n  {\n    \"title\": \"block sample 2\",\n    \"value\": {\n      \"name\": \"#e[]fhWg\",\n      \"ay\": 1955,\n      \"assign\": \"e!9YPgDy}\",\n      \"satisfy\": \"-MG\",\n      \"url\": \"http://b446nuu1e0-qsf4na3stk37q0xx-bytf1waqfr1wmwsory5e7ynmago2vhtw.9uustf7bvlyu42lfmsx2nklgirkwasmeegcr.db/9VKu9%F0%AF%95%A8bLm\",\n      \"info\": \"xhY2xH\",\n      \"isSelectable\": true,\n      \"Y@t\": {\n        \"name\": \"z+ut2/o\",\n        \"ay\": 1970,\n        \"assign\": \"oOF@\",\n        \"match\": [],\n        \"satisfy\": [\n          {\n            \"and\": [\n              {\n                \"or\": [\n                  \"HdpOn62a\",\n                  {\n                    \"or\": []\n                  },\n                  {\n                    \"mc\": \"<=142\"\n                  },\n                  {\n                    \"and\": [\n                      {\n                        \"mc\": \"<=158\"\n                      },\n                      {\n                        \"mc\": \">=196\"\n                      },\n                      {\n                        \"mc\": \">=196\"\n                      },\n                      {\n                        \"mc\": \"<=54\"\n                      }\n                    ]\n                  },\n                  \"\"\n                ]\n              },\n              {\n                \"or\": [\n                  {\n                    \"mc\": \">=152\"\n                  },\n                  \"&IH8o*1MJI\",\n                  \"z|e59}t\",\n                  {\n                    \"and\": [\n                      \"w=baJ+BOf\",\n                      {\n                        \"and\": [\n                          \"EV5z>uHgq\",\n                          \"<!J\",\n                          \"^\"\n                        ]\n                      },\n                      \"~8TgR\",\n                      {\n                        \"mc\": \"<=79\"\n                      },\n                      {\n                        \"or\": [\n                          \"oGH2Ou}XB^\"\n                        ]\n                      }\n                    ]\n                  }\n                ]\n              }\n            ]\n          }\n        ],\n        \"url\": \"https://ohdbfpin4xf6i7pxptytvka.mu59pkmq6chqkod6zcyanyxttkn.qp.314om89eum-qq.lmfa2lnfxbc-85sc01mn2pcmv8d7c1nz17oqbtdz.iuzmyqwzko/fe/3pg++R**%F3%BE%A7%A9Q//vR%F1%BB%9A%BFI\",\n        \"info\": \"MyW4dqz:\\\\\",\n        \"isSelectable\": true\n      },\n      \"nVS}.mt+WS\": {\n        \"4\": {\n          \"ay\": 2002,\n          \"match\": [\n            \"SCE2756\",\n            {\n              \"or\": [\n                {\n                  \"and\": []\n                }\n              ]\n            },\n            {\n              \"pattern\": \"DRxJ\",\n              \"exclude\": \"NW7Z\",\n              \"info\": \";Qf;gOP\"\n            }\n          ],\n          \"satisfy\": [],\n          \"url\": \"http://9.24lb6lq0sqrfdti472vabobu.mzoi3hygs3h89mi8t-zqx3hrh6fil71.wgnorit11.lasvejooa225cli5yks0ctroc-lnr6qwme00aehpqyydfhui.ujc/T.wNr/QPaIOc%F2%98%B6%AEN*i/;%F2%A2%81%BCg!8/-iy.G(uf/lPLH/HDaZxwE%F2%80%A3%98/+~%F1%90%A8%83/jNsgLXd\",\n          \"isSelectable\": true,\n          \"rJ&;6$kR\": {\n            \"name\": \"h*\",\n            \"ay\": 2003,\n            \"assign\": \"x25c%$X[\",\n            \"match\": [\n              {\n                \"and\": []\n              },\n              {\n                \"pattern\": \"HPG8R\",\n                \"exclude\": \"MI301\",\n                \"info\": \"\"\n              },\n              {\n                \"pattern\": \"XA6Q\",\n                \"exclude\": [\n                  \"MW0U\",\n                  \"EDCx2\",\n                  \"WL2630\"\n                ],\n                \"info\": \"eP;ox_^\"\n              },\n              {\n                \"and\": [\n                  \"ZEx6**G\",\n                  {\n                    \"or\": [\n                      \"TVU1949L\",\n                      \"LOI7630V\"\n                    ]\n                  },\n                  \"AH9U\",\n                  {\n                    \"and\": []\n                  }\n                ]\n              },\n              {\n                \"and\": [\n                  {\n                    \"and\": [\n                      {\n                        \"and\": [\n                          \"NPX326O\",\n                          \"HJG48*9I\",\n                          {\n                            \"and\": [\n                              \"SZM07\",\n                              \"HDR9V\",\n                              \"BT*5K\",\n                              \"DE0659R\",\n                              \"RGT03G\"\n                            ]\n                          }\n                        ]\n                      },\n                      {\n                        \"or\": []\n                      }\n                    ]\n                  }\n                ]\n              }\n            ],\n            \"satisfy\": [\n              {\n                \"or\": [\n                  {\n                    \"or\": [\n                      \"v\"\n                    ]\n                  }\n                ]\n              },\n              {\n                \"mc\": \">=30\"\n              },\n              {\n                \"mc\": \">=21\"\n              }\n            ],\n            \"info\": \"TMeF^2<}\"\n          },\n          \"LwIvR%mDv\": {\n            \"name\": \"jQJXJJ7W-s\",\n            \"ay\": 1972,\n            \"assign\": [\n              \"1J+[N`n\",\n              \"EBH\",\n              \"Y4A,^rY\",\n              \"n?o&v\",\n              \"JHE^ \"\n            ],\n            \"match\": {\n              \"pattern\": \"BJZx1V\",\n              \"exclude\": \"MSL*6N\",\n              \"info\": \"Wt+3\"\n            },\n            \"satisfy\": [],\n            \"url\": \"https://ngv4tzx4lkmvcf8eg9qcat970bp096yc5wu75l1r8zpi1nxmkh.exdmot3g6zo4slf8ho0rszf.xvnje5f7wmr1iciqaxpgpgjf4wpxkj9b.juvgcbpgec\",\n            \"info\": \"\",\n            \"isSelectable\": true\n          }\n        },\n        \"name\": \"~-u\",\n        \"ay\": 1961,\n        \"assign\": [\n          \"4mdc!XO(\",\n          \"?\",\n          \"y9\",\n          \"bW#!!S\"\n        ],\n        \"satisfy\": \"C=\",\n        \"url\": \"http://dmy8qqqhbeskxw38907h1ppaweqgcdvp31.mixzyi/o'\",\n        \"info\": \"\",\n        \"isSelectable\": true,\n        \"M#\": {\n          \"ay\": 2021,\n          \"assign\": \"N5gV9D(Z\",\n          \"match\": [\n            {\n              \"pattern\": \"AM*6x7P\",\n              \"exclude\": \"BV5273B\",\n              \"info\": \"b@\\\\9quU\"\n            },\n            \"ICHx48\",\n            {\n              \"pattern\": \"MCR8U\",\n              \"info\": \"\"\n            }\n          ],\n          \"satisfy\": [],\n          \"isSelectable\": true\n        }\n      },\n      \"`\": {\n        \"name\": \"zKh[)0\\\\v0\",\n        \"ay\": 1951,\n        \"match\": [\n          \"OVJ384Y\",\n          \"PUP178\",\n          {\n            \"pattern\": \"PZK74T\",\n            \"exclude\": \"BLH6E\"\n          },\n          {\n            \"pattern\": \"RVT7*9*K\",\n            \"exclude\": [\n              \"EI5\"\n            ]\n          }\n        ],\n        \"url\": \"http://3o4ddsericvqa4u4k1cjibv1h91mem2avexv8zw3qrdivzjac82qxxkboqp.q97hwmuv3qss-irpdq8czqtchu5lhub3eped1xxjy95wg8oga.lsu4cjdwpjxucz44s6whx3bxfrj0vo6mbhrstj7xbcy5amjxm8xba.tc1ymh-2yaaz4pvo9vmtiexjmp-6.ds\"\n      },\n      \"o?u@Z!&|\": {\n        \"name\": \"om\\\"&c;:\",\n        \"ay\": 1953,\n        \"assign\": \"u\",\n        \"match\": [\n          {\n            \"pattern\": \"UPM7X\",\n            \"exclude\": \"MA9883\",\n            \"info\": \"9.~Gow\"\n          }\n        ],\n        \"satisfy\": \"1\",\n        \"url\": \"http://358aubij4c-r6pdcn3opqfxnkq2zorc3p4bj39.3zj5expqazavhbx0a9ot503mbsz2cl7008mmrs3ce6e-o9bd5a4ppogps2pr.awunzrbl/%F2%AD%8F%AD/(gN)%F1%9B%BB%B3p%F1%AA%9B%80'/@vr5$A/@zLd2/votKuMf\",\n        \"isSelectable\": true,\n        \"^wGpgy2=\": {\n          \"name\": \"8-\",\n          \"match\": [\n            {\n              \"or\": [\n                {\n                  \"or\": [\n                    \"SWO210U\",\n                    {\n                      \"pattern\": \"JKZ*\",\n                      \"exclude\": [\n                        \"VM*367C\",\n                        \"FU3\",\n                        \"ZQ6J\",\n                        \"JS089\"\n                      ],\n                      \"info\": \"=c|]n-iX6D\"\n                    },\n                    {\n                      \"and\": [\n                        \"WQ3X\",\n                        {\n                          \"pattern\": \"LW03D\",\n                          \"exclude\": \"YQ682xQ\",\n                          \"info\": \"\"\n                        },\n                        {\n                          \"or\": [\n                            \"KH0\",\n                            \"RF881K\"\n                          ]\n                        },\n                        {\n                          \"or\": []\n                        },\n                        {\n                          \"and\": [\n                            \"BEN54\",\n                            \"XF958\"\n                          ]\n                        }\n                      ]\n                    },\n                    \"MP27\"\n                  ]\n                },\n                {\n                  \"and\": [\n                    \"HH052x\",\n                    \"MRx*A\",\n                    {\n                      \"and\": [\n                        \"JCX7B\",\n                        \"SPO583N\",\n                        {\n                          \"or\": [\n                            \"VP910Y\",\n                            \"NB752O\",\n                            \"UBUx\",\n                            \"BFK*3G\"\n                          ]\n                        }\n                      ]\n                    },\n                    \"LXMx375\"\n                  ]\n                },\n                \"CKDx57B\",\n                {\n                  \"and\": [\n                    \"NAK0x83Q\",\n                    \"IRZ935\",\n                    {\n                      \"or\": []\n                    },\n                    {\n                      \"or\": [\n                        \"YFE9H\",\n                        {\n                          \"pattern\": \"SCx42\",\n                          \"exclude\": [],\n                          \"info\": \"Kqy\"\n                        },\n                        {\n                          \"or\": [\n                            \"GE4\",\n                            \"IH23\",\n                            \"KM4323M\"\n                          ]\n                        },\n                        \"HM2*\"\n                      ]\n                    }\n                  ]\n                },\n                {\n                  \"pattern\": \"KJH1\",\n                  \"exclude\": \"WI0216X\",\n                  \"info\": \"#bf2jcS\"\n                }\n              ]\n            },\n            \"XLV2\",\n            {\n              \"and\": [\n                {\n                  \"and\": [\n                    {\n                      \"pattern\": \"XN7668F\",\n                      \"exclude\": [\n                        \"SQV4K\",\n                        \"KJ4673K\",\n                        \"YY7*\",\n                        \"OP0G\",\n                        \"TTB3\"\n                      ]\n                    },\n                    \"MRR4\",\n                    \"LI8015\"\n                  ]\n                },\n                \"JK4\",\n                {\n                  \"or\": [\n                    {\n                      \"or\": [\n                        \"DUO49*1\",\n                        \"BQ46C\"\n                      ]\n                    },\n                    {\n                      \"pattern\": \"LW1\"\n                    }\n                  ]\n                },\n                \"YEW1\"\n              ]\n            }\n          ],\n          \"satisfy\": {\n            \"or\": [\n              {\n                \"mc\": \">=180\"\n              },\n              \"ub$%=II(\",\n              {\n                \"mc\": \"<=53\"\n              },\n              \"'p#,@w\"\n            ]\n          },\n          \"url\": \"https://v2.rux7.ziaje//*5knGN%F2%8B%92%84r/pxJ%F0%B9%B0%ADYPT\",\n          \"info\": \"(fveuJdA\",\n          \"isSelectable\": true,\n          \"/ ;\": {\n            \"assign\": \"`WUX}w\",\n            \"match\": [\n              {\n                \"and\": [\n                  {\n                    \"pattern\": \"GMX26*U\",\n                    \"exclude\": \"RAK784G\"\n                  },\n                  {\n                    \"or\": []\n                  },\n                  {\n                    \"pattern\": \"BVX4I\",\n                    \"exclude\": \"LFH10\",\n                    \"info\": \"#}G\"\n                  },\n                  {\n                    \"pattern\": \"QZx*0Q\",\n                    \"exclude\": [\n                      \"JK518W\",\n                      \"VOH8255T\"\n                    ],\n                    \"info\": \"YAM&QEG+y\"\n                  },\n                  {\n                    \"and\": [\n                      {\n                        \"or\": [\n                          {\n                            \"or\": [\n                              \"NGS3*3\",\n                              {\n                                \"or\": [\n                                  \"GS8x56C\"\n                                ]\n                              },\n                              {\n                                \"and\": [\n                                  \"CRC19\"\n                                ]\n                              },\n                              {\n                                \"pattern\": \"WBA2813\",\n                                \"exclude\": [\n                                  \"GWF307W\",\n                                  \"EBA21J\"\n                                ]\n                              }\n                            ]\n                          },\n                          {\n                            \"and\": [\n                              \"NH7\",\n                              \"OUA*\"\n                            ]\n                          },\n                          {\n                            \"and\": []\n                          },\n                          \"NGQ2x90\"\n                        ]\n                      },\n                      {\n                        \"or\": [\n                          \"TOF11O\",\n                          \"CPU9819\",\n                          {\n                            \"and\": [\n                              \"LJEx74I\"\n                            ]\n                          }\n                        ]\n                      },\n                      \"LA*x*\",\n                      {\n                        \"and\": [\n                          \"ODR30Q\",\n                          \"HQC6x*0\",\n                          {\n                            \"or\": [\n                              \"UON436H\"\n                            ]\n                          }\n                        ]\n                      },\n                      \"UE93*9\"\n                    ]\n                  }\n                ]\n              },\n              {\n                \"pattern\": \"DJR86\",\n                \"exclude\": \"UGB31*T\",\n                \"info\": \"_\"\n              },\n              \"PV5P\",\n              {\n                \"pattern\": \"EJ36x\",\n                \"exclude\": \"VL6N\"\n              },\n              {\n                \"and\": []\n              }\n            ],\n            \"satisfy\": [\n              {\n                \"mc\": \">=195\"\n              },\n              {\n                \"or\": [\n                  {\n                    \"and\": [\n                      {\n                        \"or\": [\n                          \"{!)Z{/dQ\"\n                        ]\n                      },\n                      {\n                        \"mc\": \"<=121\"\n                      },\n                      {\n                        \"mc\": \"<=80\"\n                      },\n                      \"\",\n                      {\n                        \"mc\": \"<=92\"\n                      }\n                    ]\n                  }\n                ]\n              }\n            ],\n            \"isSelectable\": true\n          },\n          \"T:}$7Ot:#8\": {\n            \"name\": \"a$`\",\n            \"ay\": 1993,\n            \"assign\": [\n              \"Y\",\n              \"e\"\n            ],\n            \"match\": {\n              \"or\": [\n                \"IW*\"\n              ]\n            },\n            \"satisfy\": [\n              {\n                \"mc\": \"<=140\"\n              }\n            ],\n            \"url\": \"http://7.1.o30ptyei5qofv0ad5awos2z6hwcv8z0mrg2p5zqcrh7tc-69-x3qxcnsglaz1.tbpobuuj/RwYtyK/6%F2%8B%90%B9PX2I//cGr%F2%88%96%9DF/%F1%94%A2%93Ee~R&P.ho/.=$7xQsFp\",\n            \"info\": \"\",\n            \"isSelectable\": true\n          },\n          \"y#\": {\n            \"name\": \"AIJI`Xp[T\",\n            \"ay\": 1970,\n            \"assign\": \"SXOEOe^\",\n            \"match\": [\n              {\n                \"or\": []\n              },\n              \"AC0016\",\n              {\n                \"and\": [\n                  {\n                    \"and\": [\n                      {\n                        \"or\": [\n                          \"SH1xD\",\n                          \"MK7A\",\n                          \"YR053\",\n                          {\n                            \"pattern\": \"ECQ2788\",\n                            \"exclude\": [\n                              \"GH1Q\",\n                              \"JCK1*62Y\",\n                              \"AYI3312\",\n                              \"ZUN0271\",\n                              \"IFL3\"\n                            ],\n                            \"info\": \"Wzp*-[C.}\"\n                          }\n                        ]\n                      }\n                    ]\n                  },\n                  \"KX2990\",\n                  {\n                    \"and\": [\n                      {\n                        \"and\": [\n                          \"AGMx81\",\n                          \"YJx6M\"\n                        ]\n                      },\n                      \"UCE4\",\n                      {\n                        \"or\": []\n                      }\n                    ]\n                  }\n                ]\n              },\n              {\n                \"pattern\": \"KN7xR\",\n                \"exclude\": [\n                  \"WAI067J\",\n                  \"GN14\",\n                  \"CV35*F\",\n                  \"YSZ3X\",\n                  \"IG052K\"\n                ],\n                \"info\": \"x4\"\n              },\n              {\n                \"and\": [\n                  \"PS80\",\n                  \"ETJ77Y\",\n                  {\n                    \"and\": [\n                      \"FZ3x*M\",\n                      {\n                        \"or\": [\n                          {\n                            \"or\": []\n                          }\n                        ]\n                      },\n                      \"XBA58Q\"\n                    ]\n                  }\n                ]\n              }\n            ],\n            \"satisfy\": [\n              {\n                \"and\": [\n                  {\n                    \"mc\": \">=14\"\n                  }\n                ]\n              }\n            ],\n            \"info\": \"Q\"\n          },\n          \"IUYf7u*qHS\": {\n            \"name\": \"y{\",\n            \"ay\": 2005,\n            \"assign\": [\n              \"p\",\n              \"T Q{bgwp5Z\",\n              \"c\",\n              \"3SI\"\n            ],\n            \"match\": [\n              \"FT36S\",\n              \"IE79V\",\n              {\n                \"pattern\": \"ZAS670x\",\n                \"exclude\": \"LVT7408\",\n                \"info\": \"3MfI\"\n              },\n              \"IT2\"\n            ],\n            \"satisfy\": [\n              {\n                \"mc\": \">=99\"\n              },\n              {\n                \"and\": [\n                  {\n                    \"or\": [\n                      {\n                        \"and\": [\n                          \"/~Ow/p]&6\",\n                          \"LXV]\",\n                          \"%yZ#sf!\",\n                          \")?z9qJ0\"\n                        ]\n                      },\n                      {\n                        \"and\": []\n                      },\n                      {\n                        \"or\": [\n                          {\n                            \"mc\": \"<=83\"\n                          },\n                          \"%}h\",\n                          \"!OD/7\",\n                          \"Q~4@\",\n                          {\n                            \"or\": [\n                              \"c^810dR\"\n                            ]\n                          }\n                        ]\n                      },\n                      {\n                        \"and\": [\n                          {\n                            \"or\": [\n                              \"Pzc\\\\{1\",\n                              \")\\\"^GI,/\",\n                              \"1QYr6dpU$H\"\n                            ]\n                          },\n                          {\n                            \"or\": [\n                              \"[:]MNEw\",\n                              {\n                                \"or\": [\n                                  \"iR;X[\",\n                                  \"\",\n                                  \" yu\\\\\"\n                                ]\n                              }\n                            ]\n                          }\n                        ]\n                      },\n                      {\n                        \"mc\": \"<=124\"\n                      }\n                    ]\n                  },\n                  {\n                    \"or\": [\n                      \"6Fz|/N@Ha\"\n                    ]\n                  },\n                  {\n                    \"or\": [\n                      \"]YN>pD`^3@\",\n                      \":.%o\"\n                    ]\n                  },\n                  {\n                    \"and\": [\n                      \"u5%~.POx,\",\n                      \"e~7N|F\",\n                      \"u\"\n                    ]\n                  },\n                  {\n                    \"and\": [\n                      \"\",\n                      \"trR1A~(So\"\n                    ]\n                  }\n                ]\n              },\n              {\n                \"and\": [\n                  {\n                    \"and\": [\n                      \",\",\n                      \"|^&seA\\\"\",\n                      {\n                        \"or\": [\n                          \"J\",\n                          \"zY:|9=be5}\",\n                          \"ty|N{S+|\",\n                          \"yX\",\n                          {\n                            \"mc\": \"<=155\"\n                          }\n                        ]\n                      },\n                      \"'DXYz]#{y=\"\n                    ]\n                  },\n                  {\n                    \"or\": [\n                      \"H\\\\ \",\n                      \"`\",\n                      {\n                        \"mc\": \"<=32\"\n                      },\n                      {\n                        \"or\": [\n                          {\n                            \"or\": [\n                              \"\\\"ctnUS$\",\n                              \";uU:eB?s8\",\n                              \"]|Uu\\\"\\\"a.W\",\n                              \"Tt2Ld,[+v;\"\n                            ]\n                          },\n                          \"&dUv{\",\n                          {\n                            \"and\": [\n                              \"M}D^)QQpy\",\n                              \"aU2s4\",\n                              \"KeI!@R/]\",\n                              \"4_jj{\\\\f\",\n                              {\n                                \"mc\": \">=65\"\n                              }\n                            ]\n                          },\n                          \"q\",\n                          {\n                            \"or\": [\n                              \"IHAt}L*h\",\n                              {\n                                \"or\": [\n                                  \"3br/Z{\"\n                                ]\n                              }\n                            ]\n                          }\n                        ]\n                      },\n                      \"5D~1HF<\"\n                    ]\n                  }\n                ]\n              }\n            ],\n            \"url\": \"https://gjdrm96j83c84lanwsdu861wtlluygl9tftftku16sbhqw9ulcjm.l-mbt-1fgljtr.3fd.w.novdumpba/%F1%98%8F%BAOp=GW/YNhN%F2%B6%BD%ACaYD/jz+/%F0%A6%B6%A0%F2%B6%BA%97A\",\n            \"info\": \".,\",\n            \"isSelectable\": true,\n            \"a@Hf{0M$h~\": {\n              \"name\": \"58Kz }hI\",\n              \"ay\": 2024,\n              \"assign\": [\n                \"?\"\n              ],\n              \"satisfy\": {\n                \"mc\": \">=99\"\n              },\n              \"url\": \"http://bzow3j8233gh6g1h5pmvjooyqdf-opj8r-i9uta3m7r-2mt-nclhlnnzs5.f9f72ztjmu39bca1qskroii7j7vb6hw3euim069t6bt3ecj.40iogf0m.kl8-v5xatzlg9z169tp-ah8-jygje7a1wr88w74ewu999odqcc4e.xtybq/p%F3%A9%A1%B7tQrv8G&i\",\n              \"info\": \"-Alsp3)\",\n              \"isSelectable\": true\n            },\n            \"\\\"]Wm\": {\n              \"name\": \"\",\n              \"ay\": 1967,\n              \"assign\": [\n                \"dQph>fJ*:\"\n              ],\n              \"match\": [\n                {\n                  \"pattern\": \"QFR98\",\n                  \"exclude\": [\n                    \"ZY64\"\n                  ]\n                },\n                {\n                  \"or\": [\n                    {\n                      \"and\": [\n                        {\n                          \"or\": [\n                            \"COO2R\",\n                            {\n                              \"and\": [\n                                \"YKB7Z\",\n                                \"TY68X\",\n                                {\n                                  \"and\": [\n                                    \"DP966I\",\n                                    \"GWU7\",\n                                    \"XZ*\",\n                                    \"UA263\"\n                                  ]\n                                },\n                                \"CMO5\"\n                              ]\n                            },\n                            \"EY4x*\"\n                          ]\n                        },\n                        \"NYA98*\",\n                        \"PK2G\"\n                      ]\n                    },\n                    \"TDB26F\",\n                    {\n                      \"or\": [\n                        \"LAS84\",\n                        \"QIN09M\",\n                        \"GK443\",\n                        {\n                          \"and\": [\n                            \"QGG7652\"\n                          ]\n                        }\n                      ]\n                    },\n                    {\n                      \"and\": [\n                        \"HWO7*\",\n                        {\n                          \"or\": [\n                            \"IU*\",\n                            \"VV3653\",\n                            {\n                              \"or\": [\n                                \"HL5658K\",\n                                \"LL*4\"\n                              ]\n                            },\n                            {\n                              \"and\": [\n                                {\n                                  \"or\": [\n                                    \"KEU6*\"\n                                  ]\n                                }\n                              ]\n                            }\n                          ]\n                        },\n                        {\n                          \"and\": [\n                            \"NS0x\",\n                            \"DX31\"\n                          ]\n                        },\n                        {\n                          \"and\": [\n                            \"KPH30M\",\n                            {\n                              \"pattern\": \"GW7\",\n                              \"exclude\": [\n                                \"EAJ4770\",\n                                \"BQ48*9Y\"\n                              ],\n                              \"info\": \"s>[cw\\\\N+\"\n                            },\n                            \"RMT8361U\"\n                          ]\n                        }\n                      ]\n                    },\n                    {\n                      \"or\": [\n                        \"DN2399\",\n                        \"ALQx5X\",\n                        {\n                          \"pattern\": \"NH044Z\",\n                          \"exclude\": \"KQ91**\"\n                        }\n                      ]\n                    }\n                  ]\n                },\n                {\n                  \"or\": [\n                    {\n                      \"and\": [\n                        {\n                          \"and\": [\n                            {\n                              \"or\": [\n                                \"SYQ1x\",\n                                \"BBO678\",\n                                \"MVT4\",\n                                {\n                                  \"pattern\": \"PB0D\",\n                                  \"exclude\": [],\n                                  \"info\": \"F#'Z?-\"\n                                },\n                                \"JDU23x\"\n                              ]\n                            },\n                            {\n                              \"or\": [\n                                \"IJN85\",\n                                \"PAP0728X\"\n                              ]\n                            }\n                          ]\n                        },\n                        \"KKK5709Q\",\n                        \"PA646S\"\n                      ]\n                    },\n                    {\n                      \"pattern\": \"YD3x\",\n                      \"exclude\": \"SVD70xB\",\n                      \"info\": \"?*y^'\"\n                    },\n                    {\n                      \"pattern\": \"TY*852\",\n                      \"exclude\": \"JOF0\",\n                      \"info\": \"R\"\n                    }\n                  ]\n                },\n                \"NW3000\"\n              ],\n              \"satisfy\": {\n                \"mc\": \">=98\"\n              },\n              \"url\": \"https://3tddr245on8evz2wen3dmi527gwmin4flpk16tvwo.3d-wks-54txfhp19c6d2x2wgy0bl43z4a2g8e.zcn7834t9s5v51idd6urj.7asrod1uu7g-5m3ngq.3lj-6zjfsso0eejs3.nicnhdrbo/Pg3m%F0%B4%9D%83.=8Z8/%F3%A9%81%9Bw=O/%F1%B9%BB%8B%F1%BC%8D%BE1%F3%94%AC%B4c:@lr/MS5a%F3%80%99%80LD/wZQ%F2%A4%AC%98/;%F3%B9%85%A2d%F2%B9%B1%9Er\",\n              \"info\": \"uy-~5U;/X]\"\n            },\n            \"M\": {\n              \"name\": \"&l3wk\",\n              \"ay\": 1967,\n              \"match\": [\n                {\n                  \"and\": [\n                    {\n                      \"pattern\": \"UN3x8\",\n                      \"exclude\": \"MAA*8\",\n                      \"info\": \"@:d\\\"2\"\n                    },\n                    \"TLA68\"\n                  ]\n                },\n                {\n                  \"or\": [\n                    \"BRY84G\",\n                    \"XW3N\"\n                  ]\n                }\n              ],\n              \"satisfy\": [\n                {\n                  \"mc\": \">=24\"\n                },\n                {\n                  \"mc\": \">=70\"\n                }\n              ],\n              \"url\": \"https://lm7sr--fdvvn1.njpg/0/VI=Asab_j/%F2%AE%A3%89ChbZ-U\",\n              \"i_U9nXX\": {\n                \"name\": \"By&cG=f\\\"\\\\\",\n                \"ay\": 2011,\n                \"assign\": \"bkyHu.\",\n                \"match\": {\n                  \"pattern\": \"HOL2L\",\n                  \"exclude\": \"SZ6019\",\n                  \"info\": \"EZ1O^2<\"\n                },\n                \"satisfy\": {\n                  \"mc\": \">=117\"\n                },\n                \"url\": \"http://ki5lswgi48chlu76ig3fr0oo4ajx500bhxf.cafaa/7%F0%AC%A2%BBpcl%F2%B0%B1%94g&e;/V7M\",\n                \"info\": \",|kZ \",\n                \"isSelectable\": true\n              },\n              \"}|&e\": {\n                \"name\": \"_\",\n                \"ay\": 1956,\n                \"assign\": [],\n                \"match\": {\n                  \"or\": []\n                },\n                \"satisfy\": \"$x;F1\",\n                \"url\": \"https://1ythrj.qj65xrulixoa-c442i6wsozsus9pkhtuznqwyio03ze7iakudzixktv.bylbxcel/W/~:8D-5KFf\",\n                \"isSelectable\": true\n              },\n              \"7%;\": {\n                \"name\": \"i\",\n                \"ay\": 1970,\n                \"assign\": [\n                  \";Mq\",\n                  \"O)jDOX/\",\n                  \"qX<XT>\",\n                  \"0e5{n`Jlp\"\n                ],\n                \"match\": {\n                  \"pattern\": \"OV*29Z\",\n                  \"exclude\": \"JT70V\"\n                },\n                \"satisfy\": \"^hv\",\n                \"url\": \"https://11epawhi37nd4a64jmj087w65q0.bhror6suuvbjdg-m88-l9yiidw-r1yji10qctuxnz-3.ln3qrfa-nwmb9df30sj1jzhp0j8ldit09eisw46qjhkh2krlyl785cy6swyqvs.5cdm9-qvykbfj0z3squq9f07ej8x2kekj-gpx-eal9cxgipjc2e18r.pd7txodl.zfg/A+s3/K%F2%9A%AA%AC0%F1%95%85%BA/Lp!*;/n/UG.z%F1%B8%87%AB(K!,-/xfz/-yq'/+f(/&p1%F0%B3%94%A8/s%F2%BC%A6%90U\",\n                \"info\": \"G4p9\",\n                \"isSelectable\": true\n              }\n            },\n            \"\": {\n              \"name\": \"-G-W_\",\n              \"ay\": 1985,\n              \"assign\": [\n                \"G\",\n                \"6p2TW=\",\n                \"0*kF~g+T\",\n                \"c\\\\*\",\n                \"R^x\"\n              ],\n              \"match\": \"HA0\",\n              \"satisfy\": \"\",\n              \"url\": \"http://9.m8lu.ujgkc4v2o8gavptonkniv7.c1p2gu26l5wc6-h4qltlwl2apzpd06pi8v8yym-kqbbhrr9rhgoosgny7.l.napuedlieg/=fkWIF/1zdXaLu,@\",\n              \"isSelectable\": true\n            }\n          }\n        },\n        \"kC=,*cDU\": {\n          \"name\": \"f)y\",\n          \"ay\": 1977,\n          \"assign\": [\n            \"lK\",\n            \"\",\n            \"bdVj\",\n            \"{b\",\n            \"\\\\T(tDI*XJR\"\n          ],\n          \"match\": [\n            {\n              \"or\": [\n                {\n                  \"pattern\": \"YRP70O\",\n                  \"exclude\": \"EA5L\"\n                },\n                {\n                  \"pattern\": \"PAJx\",\n                  \"exclude\": \"OCY66\",\n                  \"info\": \"Kuc\"\n                }\n              ]\n            },\n            {\n              \"pattern\": \"DN*955L\",\n              \"exclude\": \"TG62\",\n              \"info\": \"\"\n            },\n            {\n              \"and\": [\n                \"UHT329\"\n              ]\n            }\n          ],\n          \"info\": \"8k=\\\\\",\n          \"isSelectable\": true\n        },\n        \"oa4tt{jeU\": {\n          \"name\": \"!XCaP+?\",\n          \"ay\": 1984,\n          \"assign\": \"<U@dOg\\\"b\",\n          \"match\": [\n            {\n              \"and\": []\n            },\n            \"ZR1*6I\",\n            {\n              \"or\": [\n                {\n                  \"or\": [\n                    {\n                      \"or\": [\n                        {\n                          \"pattern\": \"NN939\",\n                          \"exclude\": \"LQ28\",\n                          \"info\": \">QRS\"\n                        },\n                        {\n                          \"and\": [\n                            \"FGI7518V\"\n                          ]\n                        },\n                        {\n                          \"and\": [\n                            \"XXL66\",\n                            \"XQ22**T\"\n                          ]\n                        }\n                      ]\n                    }\n                  ]\n                },\n                {\n                  \"pattern\": \"UPZ09U\",\n                  \"exclude\": [],\n                  \"info\": \"Lc N;t\"\n                },\n                {\n                  \"pattern\": \"QX225\",\n                  \"exclude\": [\n                    \"OMO674\",\n                    \"TK1K\",\n                    \"CVY15\"\n                  ]\n                },\n                \"VPD52x7\",\n                {\n                  \"or\": []\n                }\n              ]\n            }\n          ],\n          \"url\": \"https://utgcyfbahdwu22v51ppz1pt4qzabpbka7.5maqvb0tfd1-ttbab0blnxn.uykebyljy/J5/d$--P%F2%A5%A1%91%F2%A5%83%91e@/Hh%F1%BC%98%916f/WNX9vGEmXM/XxF;\",\n          \"info\": \"&>\",\n          \"isSelectable\": true,\n          \"uWA\\\\\": {\n            \"name\": \"v1kq&Ztu\\\\}\",\n            \"ay\": 1974,\n            \"assign\": \"Dm\",\n            \"match\": {\n              \"or\": [\n                {\n                  \"and\": [\n                    \"CV900\",\n                    {\n                      \"pattern\": \"GLV*843\",\n                      \"exclude\": \"NQ8x7C\",\n                      \"info\": \"43om;#D\"\n                    },\n                    {\n                      \"or\": [\n                        {\n                          \"or\": [\n                            \"HK96*6R\",\n                            \"UA6*U\",\n                            \"OW*58\",\n                            \"VVW5*9\"\n                          ]\n                        }\n                      ]\n                    },\n                    \"AF840T\",\n                    \"BO482*\"\n                  ]\n                },\n                {\n                  \"pattern\": \"IUC97\",\n                  \"info\": \"/\"\n                },\n                {\n                  \"and\": [\n                    \"VNC8600S\",\n                    {\n                      \"pattern\": \"QFD1618\",\n                      \"exclude\": \"BKI*x*\",\n                      \"info\": \"QdLY> ?\"\n                    },\n                    \"MF90xC\"\n                  ]\n                }\n              ]\n            },\n            \"satisfy\": [\n              {\n                \"mc\": \">=167\"\n              },\n              {\n                \"or\": [\n                  \"TD-h+s\",\n                  {\n                    \"or\": [\n                      {\n                        \"and\": [\n                          \"YJb\",\n                          \"[\"\n                        ]\n                      },\n                      \"zEQm\",\n                      {\n                        \"and\": [\n                          \"e_k\",\n                          \"IRXM.\\\"\",\n                          \"\",\n                          {\n                            \"or\": [\n                              \"4U2h6\",\n                              {\n                                \"mc\": \">=88\"\n                              },\n                              \"5l>GY$A\",\n                              {\n                                \"mc\": \"<=93\"\n                              },\n                              \"m\\\"M23C=us\"\n                            ]\n                          }\n                        ]\n                      },\n                      \"Bi6nx;\\\"ES\"\n                    ]\n                  }\n                ]\n              }\n            ],\n            \"url\": \"http://dfmuuaswr999og579t8e7vqs-o27hv-epr.qyeng3fm9pcswu7m0t4yi8s.gshgjrb/5N-%F1%9E%95%9Ay/6hdX/zZt*pAlO/J4G!a/.oWk%F2%A4%BD%A0pa4\",\n            \"info\": \"\"\n          },\n          \"U&\": {\n            \"name\": \"0\",\n            \"ay\": 1970,\n            \"assign\": [\n              \"\",\n              \"C85-%\",\n              \"PCQxhvI\",\n              \"TF29%\",\n              \"<G,|%M\"\n            ],\n            \"match\": {\n              \"or\": [\n                \"ZK1301J\"\n              ]\n            },\n            \"satisfy\": \"\",\n            \"url\": \"http://w3lxlit-3ld6r3uzc-ttpu.wfo/AWyou/(L@$bU'\",\n            \"info\": \"&\\\\;+Agi\",\n            \"isSelectable\": true\n          },\n          \"3J\": {\n            \"name\": \"P9c$n'20M\",\n            \"ay\": 1995,\n            \"match\": \"KTY888S\",\n            \"satisfy\": {\n              \"and\": [\n                {\n                  \"mc\": \"<=52\"\n                },\n                {\n                  \"and\": [\n                    \"y9q!\",\n                    {\n                      \"and\": [\n                        {\n                          \"or\": [\n                            \"4WER+y2?D\",\n                            \"F&\",\n                            \"087d5|rY6j\",\n                            \"^@^>_P v$#\"\n                          ]\n                        },\n                        \"8cqZ\",\n                        {\n                          \"and\": [\n                            \"\",\n                            \"2G\",\n                            \"5'O1qAr\",\n                            \"}U^^Q ]\"\n                          ]\n                        },\n                        \"6*6Q'v6\",\n                        {\n                          \"mc\": \"<=122\"\n                        }\n                      ]\n                    },\n                    \"$ml V\"\n                  ]\n                },\n                {\n                  \"and\": [\n                    {\n                      \"mc\": \">=161\"\n                    },\n                    {\n                      \"mc\": \">=76\"\n                    },\n                    {\n                      \"mc\": \"<=42\"\n                    },\n                    \"5$4i]8M6~\"\n                  ]\n                }\n              ]\n            },\n            \"url\": \"https://2rksiclgly06a72in7dm2opudmlcf7e4sl875xx3hvx1a3u47jbz7l8kl5v.uxsjhlv/:sD:Y/%F1%95%B1%A2G7H/uVD3~/%F3%8C%A1%9Fk\",\n            \"info\": \"obES=fQEr\"\n          }\n        }\n      },\n      \"9mBg\": {\n        \"ay\": 2002,\n        \"assign\": [\n          \"ODzXPC]k\",\n          \"3-#:S(yU\",\n          \"N!,+jA\",\n          \"<=P)6U&)E\",\n          \"(n\\\\jlN>\"\n        ],\n        \"match\": [],\n        \"satisfy\": {\n          \"mc\": \">=158\"\n        },\n        \"url\": \"https://va42nlv4il5ufxhl-sbfpmy8a85e3zbqweredn00l2k4zyduvngq.s1h29vvrn7zg0t92mwe40brgbal978.c.7ly8-s2ohbge3rg35mq0mw1vgmiab05k3f5lxebljntyhnt-aglpdz.0.iudndbpz/8@///T$*Y%F3%B6%A5%90HP/%F2%97%88%83k1h_4ty/ZbPO/SSf_Y;~\",\n        \"info\": \"'6\\\\n7\",\n        \"isSelectable\": true\n      }\n    }\n  },\n  {\n    \"title\": \"block sample 3\",\n    \"value\": {\n      \"name\": \"{%\\\"\",\n      \"ay\": 2025,\n      \"assign\": [\n        \"A|\",\n        \"W6O?\"\n      ],\n      \"match\": [\n        {\n          \"or\": [\n            {\n              \"or\": [\n                \"NO7553\",\n                {\n                  \"pattern\": \"BAQxxx0W\",\n                  \"exclude\": \"XU9x0\",\n                  \"info\": \">8]\"\n                },\n                \"CVH*8x*\"\n              ]\n            },\n            {\n              \"or\": [\n                {\n                  \"pattern\": \"TG6851\",\n                  \"info\": \"\\\"/wtV%|WwP\"\n                },\n                \"NI9075\"\n              ]\n            },\n            {\n              \"and\": [\n                \"YEE75x0\",\n                \"TBI29Z\",\n                {\n                  \"or\": [\n                    \"MP288\",\n                    \"ENJ746X\",\n                    {\n                      \"and\": []\n                    },\n                    \"DLU47A\"\n                  ]\n                },\n                \"IH62\",\n                \"IK26M\"\n              ]\n            },\n            {\n              \"or\": [\n                {\n                  \"pattern\": \"PT8717U\",\n                  \"exclude\": \"OK*660\",\n                  \"info\": \"\\\\0c><==A\"\n                },\n                {\n                  \"pattern\": \"QN9\",\n                  \"exclude\": [\n                    \"RS68\",\n                    \"FQ2\"\n                  ],\n                  \"info\": \"s+P\"\n                },\n                \"RW80\"\n              ]\n            }\n          ]\n        },\n        \"KX88\",\n        {\n          \"and\": [\n            {\n              \"and\": [\n                {\n                  \"or\": [\n                    \"OZW*7G\",\n                    \"MPH3911\",\n                    \"TW6Y\",\n                    {\n                      \"or\": [\n                        \"FHD2*8F\",\n                        \"HM88D\",\n                        \"HGJ05x5\"\n                      ]\n                    },\n                    \"MDYx*xY\"\n                  ]\n                }\n              ]\n            }\n          ]\n        },\n        {\n          \"or\": [\n            {\n              \"and\": [\n                \"KE9\"\n              ]\n            },\n            {\n              \"pattern\": \"KFW313A\",\n              \"exclude\": [\n                \"ZSV52\",\n                \"CTx14S\",\n                \"SCN3*2H\",\n                \"TOS*2*K\"\n              ],\n              \"info\": \"#,\"\n            },\n            \"NYI9\"\n          ]\n        },\n        {\n          \"and\": [\n            {\n              \"pattern\": \"PKN3380M\",\n              \"exclude\": \"WH*2x9\",\n              \"info\": \"M7dnO\\\"P]n\"\n            },\n            {\n              \"pattern\": \"AY5O\",\n              \"info\": \"p1Z\"\n            },\n            {\n              \"and\": [\n                {\n                  \"pattern\": \"PY124F\",\n                  \"exclude\": \"TQQ3*08\",\n                  \"info\": \"]\"\n                }\n              ]\n            }\n          ]\n        }\n      ],\n      \"satisfy\": {\n        \"mc\": \">=2\"\n      },\n      \"url\": \"https://fjvtkb7zyhams.j5jxpgynhyj456slfl6fmyaiqho9ldk4yionouxi4t-dcecmvqitaqak1.iwy4rm.8qtqimdbs5gdx8wisxsrhf7bf76-fcnzyricnqxbilqv-abju82lfvhn.fmwyrefjzj-nbyhgf17k4tik49ay8zg09hwmwm7db66q4zbt8ne5o30w.qn/EQf\",\n      \"info\": \"a#\",\n      \"isSelectable\": true\n    }\n  },\n  {\n    \"title\": \"block sample 4\",\n    \"value\": {\n      \"name\": \"rox'CtM1Oc\",\n      \"ay\": 1953,\n      \"assign\": [\n        \"0vH\\\\\",\n        \"z &~*&&z\"\n      ],\n      \"satisfy\": [\n        {\n          \"and\": []\n        }\n      ],\n      \"url\": \"http://7mz-6a8bl1c0rg2gtmlzfm-h39jnjz-s6zlz5sso-te.jfh1d.sksvlmae/A%F0%9B%AE%A8h1jW/saPh6E*%F2%AB%BF%9C/y/Pcd'c%F0%A9%A5%A6/J(32IU@/pUK/2N5hGUz/3lWPNJ&A\",\n      \"info\": \"\",\n      \"isSelectable\": true\n    }\n  },\n  {\n    \"title\": \"block sample 5\",\n    \"value\": {\n      \"assign\": [\n        \"Va\",\n        \"b.QcLuD\",\n        \"WR:\",\n        \"MS\",\n        \"pL's{b\"\n      ],\n      \"match\": \"KH7\",\n      \"satisfy\": {\n        \"or\": [\n          {\n            \"mc\": \"<=194\"\n          },\n          \"jSe{\",\n          \"S~d\",\n          {\n            \"mc\": \">=194\"\n          }\n        ]\n      },\n      \"url\": \"https://0glbano9pc0zuv2pml38k-x324vahk27u0-winwm857.g.f.eucogapaf/afddh%F2%92%B3%B6_e//u=/g=g=6/,MiA/1L/%F2%A2%BE%86&KrdbV/ud/e%F2%8E%B5%8Aq~j,1e/@%F3%87%A7%9F%F4%83%9B%95\",\n      \"info\": \"rn[J\",\n      \"Wi\\\\6\": {\n        \"ay\": 1964,\n        \"assign\": \" \",\n        \"satisfy\": [\n          {\n            \"and\": [\n              \"_G*\",\n              {\n                \"mc\": \"<=169\"\n              },\n              {\n                \"or\": [\n                  {\n                    \"or\": [\n                      {\n                        \"mc\": \">=11\"\n                      },\n                      {\n                        \"or\": [\n                          \".F{\",\n                          \"bN_h\",\n                          \":vR':JZ\",\n                          {\n                            \"mc\": \"<=77\"\n                          },\n                          {\n                            \"mc\": \"<=125\"\n                          }\n                        ]\n                      }\n                    ]\n                  },\n                  {\n                    \"mc\": \">=56\"\n                  },\n                  {\n                    \"and\": []\n                  },\n                  {\n                    \"or\": [\n                      {\n                        \"and\": [\n                          {\n                            \"or\": [\n                              \"$09acZ,\",\n                              \"X#'\"\n                            ]\n                          },\n                          {\n                            \"and\": [\n                              \",-=\",\n                              \"/|NhFw*\",\n                              \"dVRO_\"\n                            ]\n                          },\n                          \"3\",\n                          {\n                            \"or\": [\n                              \"MZ*$G\",\n                              \"*&ZCu lNF`\",\n                              \"O%[>5i#\",\n                              \"oqc!\",\n                              \"U2JVZ\"\n                            ]\n                          },\n                          \"9er=p\"\n                        ]\n                      },\n                      \"\",\n                      {\n                        \"mc\": \"<=83\"\n                      },\n                      {\n                        \"and\": [\n                          {\n                            \"and\": [\n                              \"eJ5CTE0\",\n                              \"jQ4JP5\",\n                              \"u\",\n                              {\n                                \"or\": [\n                                  \"IoXiO\",\n                                  \"'\",\n                                  \"+z80__Iy.P\"\n                                ]\n                              },\n                              \"P\"\n                            ]\n                          }\n                        ]\n                      },\n                      \".34T:Q\"\n                    ]\n                  }\n                ]\n              },\n              \";>cX[Di8\"\n            ]\n          },\n          {\n            \"or\": [\n              {\n                \"and\": []\n              },\n              {\n                \"or\": [\n                  {\n                    \"and\": [\n                      \"qEx\",\n                      \"|&J:2o\",\n                      \"W1hT(\",\n                      \")(K\",\n                      {\n                        \"and\": []\n                      }\n                    ]\n                  },\n                  \"|\",\n                  \"rX~{CKI\",\n                  \"MHP`/S#S\"\n                ]\n              },\n              {\n                \"or\": [\n                  \"|K^x(\",\n                  \"oWrv?Xl!:a\",\n                  \"lI?\",\n                  {\n                    \"and\": [\n                      \"813//u\",\n                      {\n                        \"mc\": \"<=3\"\n                      },\n                      {\n                        \"mc\": \">=28\"\n                      }\n                    ]\n                  },\n                  {\n                    \"and\": [\n                      \"7ag\\\"`hI30\",\n                      \"m1aCa`w|\"\n                    ]\n                  }\n                ]\n              },\n              \">'h~wD\"\n            ]\n          },\n          {\n            \"or\": [\n              {\n                \"or\": [\n                  \"ip[A'pr-%\",\n                  \"DR`8y<Fc\",\n                  {\n                    \"mc\": \">=79\"\n                  }\n                ]\n              },\n              \"JA}\",\n              \"?I,{h\",\n              \"\",\n              {\n                \"mc\": \"<=1\"\n              }\n            ]\n          },\n          {\n            \"and\": [\n              \"X\",\n              \"=B\",\n              {\n                \"or\": [\n                  \"oK8rNqwx\",\n                  \"PxK/\"\n                ]\n              }\n            ]\n          },\n          {\n            \"and\": [\n              {\n                \"mc\": \"<=134\"\n              }\n            ]\n          }\n        ],\n        \"url\": \"http://b.ctprie79z18tie.jpbhvkb/FR%E3%AB%9DB6Lx;%F3%9A%A9%A1q/g/*)kWe\",\n        \"info\": \"[E7\",\n        \"isSelectable\": true\n      },\n      \"E4HXQLu~)\": {\n        \"name\": \"n`\",\n        \"match\": [\n          {\n            \"or\": []\n          },\n          \"XT*364\",\n          {\n            \"or\": [\n              {\n                \"and\": [\n                  {\n                    \"pattern\": \"MS*5\",\n                    \"exclude\": \"GHE797\",\n                    \"info\": \"(;g\"\n                  },\n                  {\n                    \"and\": [\n                      \"DMK0\",\n                      {\n                        \"pattern\": \"FX696P\",\n                        \"info\": \"KN^cx*dOM\"\n                      },\n                      \"HI2xx\",\n                      {\n                        \"and\": [\n                          \"EAU4\",\n                          \"HP1O\",\n                          \"GF97\",\n                          \"ZKQ8\",\n                          \"GP343\"\n                        ]\n                      }\n                    ]\n                  },\n                  \"YQO07\",\n                  \"QZ05W\",\n                  \"OMV0691\"\n                ]\n              },\n              {\n                \"or\": [\n                  {\n                    \"and\": [\n                      \"QR95G\",\n                      {\n                        \"and\": [\n                          \"TW68*\",\n                          {\n                            \"or\": [\n                              \"VF9F\",\n                              \"PO030\",\n                              \"NJM42xxT\",\n                              \"ZN*683\"\n                            ]\n                          }\n                        ]\n                      },\n                      {\n                        \"and\": [\n                          \"DB701Q\"\n                        ]\n                      }\n                    ]\n                  }\n                ]\n              },\n              {\n                \"pattern\": \"YZ5x7x\",\n                \"exclude\": [\n                  \"LFN*12\"\n                ],\n                \"info\": \"H/7\"\n              },\n              {\n                \"pattern\": \"GEC918Z\",\n                \"exclude\": \"FZ*\",\n                \"info\": \"aK\"\n              },\n              \"TJT60xH\"\n            ]\n          },\n          {\n            \"and\": []\n          },\n          {\n            \"or\": [\n              {\n                \"and\": [\n                  {\n                    \"pattern\": \"ES0V\",\n                    \"exclude\": \"ZE43J\",\n                    \"info\": \"q[4q.Q^L~\"\n                  },\n                  {\n                    \"or\": [\n                      {\n                        \"and\": [\n                          \"IB*47\"\n                        ]\n                      }\n                    ]\n                  },\n                  {\n                    \"or\": []\n                  }\n                ]\n              },\n              {\n                \"or\": [\n                  \"BXH9x\",\n                  \"TXO5*\",\n                  {\n                    \"or\": [\n                      {\n                        \"or\": [\n                          \"VY2L\"\n                        ]\n                      },\n                      {\n                        \"and\": [\n                          \"ZJV9944O\",\n                          \"AK3R\",\n                          {\n                            \"pattern\": \"NUD9E\",\n                            \"exclude\": \"NB2x23\"\n                          }\n                        ]\n                      },\n                      \"TDW2544H\",\n                      {\n                        \"or\": [\n                          \"TN9111Y\",\n                          \"PY207xK\",\n                          {\n                            \"or\": [\n                              \"XRG50V\"\n                            ]\n                          }\n                        ]\n                      },\n                      \"PWW877\"\n                    ]\n                  },\n                  \"OY1J\"\n                ]\n              },\n              {\n                \"and\": [\n                  \"TG5\",\n                  \"TK91\",\n                  {\n                    \"pattern\": \"ZQ69Z\",\n                    \"exclude\": \"DT*82\",\n                    \"info\": \"bZ&WW\\\\{I#\"\n                  }\n                ]\n              },\n              {\n                \"pattern\": \"HWJ18R\",\n                \"exclude\": \"TGD0X\"\n              }\n            ]\n          }\n        ],\n        \"satisfy\": {\n          \"and\": [\n            {\n              \"mc\": \"<=20\"\n            },\n            \"M?K)8,Kwv\",\n            \"XsEa):Zae\",\n            \"~-<(XgA3%\",\n            {\n              \"mc\": \">=32\"\n            }\n          ]\n        },\n        \"url\": \"https://6mgwt8boqqab4-cdw1.jcix8ks8.i-df2li.shlui67gsun9kay3.mnb\",\n        \"isSelectable\": true\n      }\n    }\n  },\n  {\n    \"title\": \"block sample 6\",\n    \"value\": {\n      \"ay\": 2028,\n      \"satisfy\": [\n        {\n          \"and\": [\n            {\n              \"and\": [\n                {\n                  \"or\": [\n                    \">3@(DgY0-\",\n                    {\n                      \"and\": [\n                        \"+42\"\n                      ]\n                    },\n                    \"zE\",\n                    {\n                      \"and\": []\n                    }\n                  ]\n                }\n              ]\n            },\n            {\n              \"or\": [\n                \"_iu[1HXb\",\n                {\n                  \"or\": [\n                    \"3In/\",\n                    \"\\\"c~\"\n                  ]\n                },\n                {\n                  \"or\": [\n                    {\n                      \"mc\": \">=179\"\n                    },\n                    {\n                      \"mc\": \"<=2\"\n                    },\n                    \"Oz\"\n                  ]\n                }\n              ]\n            },\n            {\n              \"and\": [\n                {\n                  \"mc\": \"<=109\"\n                },\n                {\n                  \"mc\": \"<=80\"\n                },\n                \">y24sn;Z8}\",\n                \"$Qy\",\n                {\n                  \"and\": [\n                    \"\",\n                    \"`C\",\n                    {\n                      \"and\": []\n                    },\n                    \"0SLk^P]mN\"\n                  ]\n                }\n              ]\n            },\n            {\n              \"and\": [\n                {\n                  \"or\": [\n                    \"I\\\"J+`./|=\",\n                    {\n                      \"or\": [\n                        \"jwR7g\",\n                        {\n                          \"mc\": \"<=86\"\n                        },\n                        \"\",\n                        {\n                          \"and\": [\n                            \"4!~Kf4kq\",\n                            {\n                              \"mc\": \"<=193\"\n                            },\n                            \"&rg&v\"\n                          ]\n                        }\n                      ]\n                    },\n                    \"e\",\n                    \"C>JHA0 !\"\n                  ]\n                },\n                {\n                  \"or\": [\n                    {\n                      \"or\": [\n                        \"h\",\n                        \"*T0eX\",\n                        \":*N7{,5-\",\n                        \")BAt1E-\",\n                        {\n                          \"or\": [\n                            \"<\",\n                            \"H,pGPE\",\n                            \"<Wm\"\n                          ]\n                        }\n                      ]\n                    },\n                    \"9;fA5\",\n                    {\n                      \"and\": []\n                    },\n                    \"]B\\\"\",\n                    \"W<>ShVkB!\"\n                  ]\n                },\n                \"\",\n                {\n                  \"or\": [\n                    {\n                      \"and\": [\n                        \"uXf8qGiic\",\n                        \"G};\",\n                        \"m_8@\",\n                        \"MxE0\"\n                      ]\n                    },\n                    {\n                      \"or\": [\n                        \"9qv(AK\",\n                        \"d\"\n                      ]\n                    },\n                    \"K)\",\n                    {\n                      \"and\": [\n                        {\n                          \"and\": [\n                            \"\",\n                            \"g*4\"\n                          ]\n                        },\n                        \"j)\",\n                        \"\",\n                        \"?1@5e,I]\",\n                        \"[&T~=\"\n                      ]\n                    }\n                  ]\n                },\n                {\n                  \"or\": [\n                    {\n                      \"mc\": \"<=23\"\n                    },\n                    \"Pys\",\n                    {\n                      \"and\": [\n                        {\n                          \"or\": []\n                        },\n                        \"=,m;_l)yk\",\n                        \"n\",\n                        \":!2/m[K p\"\n                      ]\n                    },\n                    \"`~\",\n                    \"B(#9P.\"\n                  ]\n                }\n              ]\n            }\n          ]\n        },\n        {\n          \"and\": [\n            {\n              \"mc\": \"<=197\"\n            }\n          ]\n        }\n      ],\n      \"info\": \"e^\",\n      \"isSelectable\": true\n    }\n  },\n  {\n    \"title\": \"block sample 7\",\n    \"value\": {\n      \"9\": {\n        \"name\": \"&<3>dmXE\",\n        \"ay\": 2000,\n        \"assign\": [\n          \"\"\n        ],\n        \"match\": {\n          \"and\": [\n            {\n              \"pattern\": \"IU44W\",\n              \"exclude\": [\n                \"WIL1162\",\n                \"SIA4T\",\n                \"HWH1801P\"\n              ],\n              \"info\": \"<v?&5\\\\b\"\n            },\n            {\n              \"pattern\": \"VO0\",\n              \"exclude\": [],\n              \"info\": \",yIbm\"\n            },\n            {\n              \"and\": [\n                {\n                  \"pattern\": \"ACZ47A\",\n                  \"info\": \"9\"\n                },\n                \"EW3X\",\n                {\n                  \"or\": [\n                    \"IR1946\",\n                    \"CNI960H\"\n                  ]\n                }\n              ]\n            },\n            {\n              \"or\": []\n            }\n          ]\n        },\n        \"satisfy\": [],\n        \"url\": \"http://5ph2uvly2jhe222wo2ln2tstglufrustonddd1ckwn71icboa021.d.fuklkbcz/$Q/hK9%F2%89%84%8C%F3%8E%BD%913$\",\n        \"info\": \"\",\n        \"isSelectable\": true,\n        \"e:0Y)\": {\n          \"name\": \"Kl0\",\n          \"ay\": 1967,\n          \"assign\": \"\",\n          \"satisfy\": {\n            \"and\": [\n              {\n                \"mc\": \"<=98\"\n              },\n              \"RlCR$EeQZJ\",\n              {\n                \"and\": [\n                  \"V5\",\n                  {\n                    \"and\": [\n                      {\n                        \"mc\": \"<=53\"\n                      },\n                      \"{ze\",\n              
[...]
              "context": null,
              "code": "const satisfier = (0, satisfiers_1.inequalitySatisfier)(ref, \"<=16\");\nsatisfier.should.have.property(\"filter\");\nconst { filter } = satisfier;\nisCorrectFilter(filter, modulesList1, [\n    \"CS2100\",\n    \"GER1000\",\n    \"CS2040S\",\n    \"ST2131\",\n]);",
              "err": {},
              "uuid": "5b2c1dd5-3e47-4883-b3e5-9befc668ec3d",
              "parentUUID": "e8bf0e3a-0ae0-4a6e-b323-18f696693af4",
              "isHook": false,
              "skipped": false
            },
            {
              "title": "should truncate list of modules with upper bound of MCs, cutting off at the minimum starting sequence that exceeds upper bound, if total MC count is higher and there exists no starting sequence with exact MC count",
              "fullTitle": "inequalitySatisfier should truncate list of modules with upper bound of MCs, cutting off at the minimum starting sequence that exceeds upper bound, if total MC count is higher and there exists no starting sequence with exact MC count",
              "timedOut": false,
              "duration": 0,
              "state": "passed",
              "speed": "fast",
              "pass": true,
              "fail": false,
              "pending": false,
              "context": null,
              "code": "const satisfier = (0, satisfiers_1.inequalitySatisfier)(ref, \"<=17\");\nsatisfier.should.have.property(\"filter\");\nconst { filter } = satisfier;\nisCorrectFilter(filter, modulesList1, [\n    \"CS2100\",\n    \"GER1000\",\n    \"CS2040S\",\n    \"ST2131\",\n    \"MA1521\",\n]);",
              "err": {},
              "uuid": "e99e9b1b-856d-4022-8b47-d0fbe734f808",
              "parentUUID": "e8bf0e3a-0ae0-4a6e-b323-18f696693af4",
              "isHook": false,
              "skipped": false
            }
          ],
          "suites": [],
          "passes": [
            "d00ef913-c784-4be9-bf63-c85955664550",
            "4663f231-16d9-4a01-b0aa-91017a3b64ba",
            "758bc519-b9ee-49d3-b402-c8ca5aa99a48",
            "757b1cde-f1fe-45ed-a976-5628e47427b1",
            "d616c8ec-dd5d-4a99-aab7-f3dafeb3248a",
            "5b2c1dd5-3e47-4883-b3e5-9befc668ec3d",
            "e99e9b1b-856d-4022-8b47-d0fbe734f808"
          ],
          "failures": [],
          "pending": [],
          "skipped": [],
          "duration": 2,
          "root": false,
          "rootEmpty": false,
          "_timeout": 2000
        },
        {
          "uuid": "250bd291-a9ee-4ecc-b3ee-3a10236e61ad",
          "title": "inequalitySchema",
          "fullFile": "/home/runner/work/planwithus-lib/planwithus-lib/src/satisfyRule/inequality/schemas.test.ts",
          "file": "/src/satisfyRule/inequality/schemas.test.ts",
          "beforeHooks": [],
          "afterHooks": [],
          "tests": [
            {
              "title": "should validate inequality in the form <=n or >=n",
              "fullTitle": "inequalitySchema should validate inequality in the form <=n or >=n",
              "timedOut": false,
              "duration": 1,
              "state": "passed",
              "speed": "fast",
              "pass": true,
              "fail": false,
              "pending": false,
              "context": "[\n  {\n    \"title\": \"inequality sample 0\",\n    \"value\": \">=28\"\n  },\n  {\n    \"title\": \"inequality sample 1\",\n    \"value\": \"<=196\"\n  },\n  {\n    \"title\": \"inequality sample 2\",\n    \"value\": \">=195\"\n  },\n  {\n    \"title\": \"inequality sample 3\",\n    \"value\": \">=6\"\n  },\n  {\n    \"title\": \"inequality sample 4\",\n    \"value\": \"<=4\"\n  },\n  {\n    \"title\": \"inequality sample 5\",\n    \"value\": \"<=109\"\n  },\n  {\n    \"title\": \"inequality sample 6\",\n    \"value\": \"<=37\"\n  },\n  {\n    \"title\": \"inequality sample 7\",\n    \"value\": \"<=6\"\n  },\n  {\n    \"title\": \"inequality sample 8\",\n    \"value\": \"<=4\"\n  },\n  {\n    \"title\": \"inequality sample 9\",\n    \"value\": \"<=35\"\n  }\n]",
              "code": "(0, fast_check_1.sample)(index_test_2.inequality, 10).forEach((sample, i) => (0, addContext_1.default)(this, {\n    title: `inequality sample ${i}`,\n    value: sample,\n}));\nreturn (0, fast_check_1.assert)((0, fast_check_1.property)(index_test_2.inequality, ajvValidate));",
              "err": {},
              "uuid": "0d3d093f-c1c6-4ce8-be85-41ba04077c59",
              "parentUUID": "250bd291-a9ee-4ecc-b3ee-3a10236e61ad",
              "isHook": false,
              "skipped": false
            },
            {
              "title": "should not validate inequality of invalid form",
              "fullTitle": "inequalitySchema should not validate inequality of invalid form",
              "timedOut": false,
              "duration": 1,
              "state": "passed",
              "speed": "fast",
              "pass": true,
              "fail": false,
              "pending": false,
              "context": null,
              "code": "[\n        \"\",\n        \"==23\",\n        \"23\",\n        \"<23\",\n        \">23\",\n        \"<=-1\",\n        \">=-1\",\n        \"<= 2\",\n        \">= 1\",\n        \"> 3\",\n        \"< 3\",\n        \"<=3a\",\n        \">=3a\",\n        \"a<=3\",\n        \"a>=3\",\n    ].forEach(isInvalidInequality)",
              "err": {},
              "uuid": "d77eb77c-f12d-4a44-b39d-e20eb46c8b31",
              "parentUUID": "250bd291-a9ee-4ecc-b3ee-3a10236e61ad",
              "isHook": false,
              "skipped": false
            }
          ],
          "suites": [],
          "passes": [
            "0d3d093f-c1c6-4ce8-be85-41ba04077c59",
            "d77eb77c-f12d-4a44-b39d-e20eb46c8b31"
          ],
          "failures": [],
          "pending": [],
          "skipped": [],
          "duration": 2,
          "root": false,
          "rootEmpty": false,
          "_timeout": 2000
        },
        {
          "uuid": "bb07853b-f673-4a25-829a-7ede9bafe319",
          "title": "satisfyRuleSchema",
          "fullFile": "/home/runner/work/planwithus-lib/planwithus-lib/src/satisfyRule/schemas.test.ts",
          "file": "/src/satisfyRule/schemas.test.ts",
          "beforeHooks": [],
          "afterHooks": [],
          "tests": [
            {
              "title": "should validate satisfy rule with valid block id",
              "fullTitle": "satisfyRuleSchema should validate satisfy rule with valid block id",
              "timedOut": false,
              "duration": 0,
              "state": "passed",
              "speed": "fast",
              "pass": true,
              "fail": false,
              "pending": false,
              "context": null,
              "code": "0, fast_check_1.assert)((0, fast_check_1.property)((0, fast_check_1.string)(), ajvValidate)",
              "err": {},
              "uuid": "9c96e97b-be0b-4640-ac50-9cc3f52d9589",
              "parentUUID": "bb07853b-f673-4a25-829a-7ede9bafe319",
              "isHook": false,
              "skipped": false
            },
            {
              "title": "should validate satisfy rules with valid mc",
              "fullTitle": "satisfyRuleSchema should validate satisfy rules with valid mc",
              "timedOut": false,
              "duration": 1,
              "state": "passed",
              "speed": "fast",
              "pass": true,
              "fail": false,
              "pending": false,
              "context": "[\n  {\n    \"title\": \"mcSatisfyRule sample 0\",\n    \"value\": {\n      \"mc\": \">=4\"\n    }\n  },\n  {\n    \"title\": \"mcSatisfyRule sample 1\",\n    \"value\": {\n      \"mc\": \"<=153\"\n    }\n  },\n  {\n    \"title\": \"mcSatisfyRule sample 2\",\n    \"value\": {\n      \"mc\": \"<=13\"\n    }\n  },\n  {\n    \"title\": \"mcSatisfyRule sample 3\",\n    \"value\": {\n      \"mc\": \"<=114\"\n    }\n  },\n  {\n    \"title\": \"mcSatisfyRule sample 4\",\n    \"value\": {\n      \"mc\": \"<=166\"\n    }\n  },\n  {\n    \"title\": \"mcSatisfyRule sample 5\",\n    \"value\": {\n      \"mc\": \"<=199\"\n    }\n  },\n  {\n    \"title\": \"mcSatisfyRule sample 6\",\n    \"value\": {\n      \"mc\": \">=4\"\n    }\n  },\n  {\n    \"title\": \"mcSatisfyRule sample 7\",\n    \"value\": {\n      \"mc\": \"<=4\"\n    }\n  },\n  {\n    \"title\": \"mcSatisfyRule sample 8\",\n    \"value\": {\n      \"mc\": \"<=6\"\n    }\n  },\n  {\n    \"title\": \"mcSatisfyRule sample 9\",\n    \"value\": {\n      \"mc\": \"<=200\"\n    }\n  }\n]",
              "code": "(0, fast_check_1.sample)(index_test_2.mcSatisfyRule, 10).forEach((sample, i) => (0, addContext_1.default)(this, {\n    title: `mcSatisfyRule sample ${i}`,\n    value: sample,\n}));\nreturn (0, fast_check_1.assert)((0, fast_check_1.property)(index_test_2.mcSatisfyRule, ajvValidate));",
              "err": {},
              "uuid": "057b9719-9e18-4e8b-a2c6-92e4a998b89d",
              "parentUUID": "bb07853b-f673-4a25-829a-7ede9bafe319",
              "isHook": false,
              "skipped": false
            },
            {
              "title": "should validate valid recursive satisfy rules",
              "fullTitle": "satisfyRuleSchema should validate valid recursive satisfy rules",
              "timedOut": false,
              "duration": 2,
              "state": "passed",
              "speed": "fast",
              "pass": true,
              "fail": false,
              "pending": false,
              "context": "[\n  {\n    \"title\": \"satisfyRule sample 0\",\n    \"value\": {\n      \"and\": []\n    }\n  },\n  {\n    \"title\": \"satisfyRule sample 1\",\n    \"value\": {\n      \"mc\": \"<=8\"\n    }\n  },\n  {\n    \"title\": \"satisfyRule sample 2\",\n    \"value\": {\n      \"and\": []\n    }\n  },\n  {\n    \"title\": \"satisfyRule sample 3\",\n    \"value\": {\n      \"and\": [\n        {\n          \"and\": [\n            \" )pgZ`&cF\"\n          ]\n        }\n      ]\n    }\n  },\n  {\n    \"title\": \"satisfyRule sample 4\",\n    \"value\": {\n      \"and\": [\n        {\n          \"or\": [\n            {\n              \"and\": []\n            }\n          ]\n        }\n      ]\n    }\n  },\n  {\n    \"title\": \"satisfyRule sample 5\",\n    \"value\": \"-\"\n  },\n  {\n    \"title\": \"satisfyRule sample 6\",\n    \"value\": \"uy`sm\"\n  },\n  {\n    \"title\": \"satisfyRule sample 7\",\n    \"value\": {\n      \"mc\": \"<=104\"\n    }\n  },\n  {\n    \"title\": \"satisfyRule sample 8\",\n    \"value\": {\n      \"mc\": \"<=191\"\n    }\n  },\n  {\n    \"title\": \"satisfyRule sample 9\",\n    \"value\": {\n      \"and\": [\n        {\n          \"or\": [\n            {\n              \"or\": [\n                \"Q*+\",\n                {\n                  \"mc\": \"<=30\"\n                },\n                {\n                  \"or\": [\n                    \"\",\n                    \")?Py4\",\n                    \"ZVBi__j\",\n                    \"8c<`6z7\"\n                  ]\n                },\n                {\n                  \"or\": [\n                    \"g@i!v`$\",\n                    \"0{/x~i.7)>\"\n                  ]\n                },\n                \"\"\n              ]\n            },\n            \"R{ ;%Cd+\"\n          ]\n        },\n        {\n          \"and\": [\n            {\n              \"or\": [\n                \"i|=Pn>F;\",\n                \"\"\n              ]\n            },\n            \"[c/j}D\",\n            {\n              \"mc\": \">=18\"\n            }\n          ]\n        },\n        {\n          \"and\": [\n            {\n              \"or\": [\n                {\n                  \"mc\": \">=140\"\n                },\n                {\n                  \"and\": [\n                    \"VYKo\",\n                    \"N^gcO\",\n                    \"\",\n                    \"uHPa|\",\n                    \"f*%<Pg1\"\n                  ]\n                }\n              ]\n            },\n            {\n              \"mc\": \">=107\"\n            }\n          ]\n        },\n        \"\",\n        {\n          \"or\": [\n            \"|ASk-\",\n            {\n              \"and\": [\n                \"'\",\n                {\n                  \"mc\": \">=163\"\n                },\n                \"p|rvXbZ...\",\n                {\n                  \"or\": [\n                    \"?[}q\",\n                    \"q(a\\\"]`BX\",\n                    {\n                      \"or\": [\n                        {\n                          \"or\": [\n                            \"@Lw0\",\n                            {\n                              \"mc\": \"<=78\"\n                            }\n                          ]\n                        },\n                        \"[f+\",\n                        \"<z9k73w\"\n                      ]\n                    },\n                    \"`SNe\",\n                    \"6OY[b\"\n                  ]\n                }\n              ]\n            },\n            {\n              \"mc\": \"<=192\"\n            },\n            \"/\"\n          ]\n        }\n      ]\n    }\n  }\n]",
              "code": "(0, fast_check_1.sample)(index_test_2.satisfyRule, 10).forEach((sample, i) => (0, addContext_1.default)(this, {\n    title: `satisfyRule sample ${i}`,\n    value: sample,\n}));\nreturn (0, fast_check_1.assert)((0, fast_check_1.property)(index_test_2.satisfyRule, ajvValidate));",
              "err": {},
              "uuid": "32051d13-9363-498c-8073-65652fea9fd0",
              "parentUUID": "bb07853b-f673-4a25-829a-7ede9bafe319",
              "isHook": false,
              "skipped": false
            },
            {
              "title": "should not validate non-string/object",
              "fullTitle": "satisfyRuleSchema should not validate non-string/object",
              "timedOut": false,
              "duration": 1,
              "state": "passed",
              "speed": "fast",
              "pass": true,
              "fail": false,
              "pending": false,
              "context": null,
              "code": "const error = {\n    instancePath: \"\",\n    message: \"satisfy rule should be either a string or an object\",\n};\nisInvalidRule(null, error);\nisInvalidRule(undefined, error);\nisInvalidRule(10, error);\nisInvalidRule([12, 24], error);",
              "err": {},
              "uuid": "d17e4b15-7a28-4ce8-ab73-f48927995ad7",
              "parentUUID": "bb07853b-f673-4a25-829a-7ede9bafe319",
              "isHook": false,
              "skipped": false
            },
            {
              "title": "should not validate satisfy rules with extra properties",
              "fullTitle": "satisfyRuleSchema should not validate satisfy rules with extra properties",
              "timedOut": false,
              "duration": 0,
              "state": "passed",
              "speed": "fast",
              "pass": true,
              "fail": false,
              "pending": false,
              "context": null,
              "code": "isInvalidRule({\n        and: [\n            { or: [\"2k\"], abc: \"def\" },\n            { mc: 8, ghi: \"jkl\" },\n        ],\n        mno: \"pqr\",\n    }, {\n        instancePath: \"/and/0\",\n        message: \"or satisfy rule should have property 'or' only\",\n    }, {\n        instancePath: \"/and/1\",\n        message: \"MC satisfy rule should have property 'mc' only\",\n    }, {\n        instancePath: \"\",\n        message: \"and satisfy rule should have property 'and' only\",\n    })",
              "err": {},
              "uuid": "0b5def41-09c1-453c-bb14-daae7f7b2611",
              "parentUUID": "bb07853b-f673-4a25-829a-7ede9bafe319",
              "isHook": false,
              "skipped": false
            },
            {
              "title": "should not validate ambiguous satisfy rules",
              "fullTitle": "satisfyRuleSchema should not validate ambiguous satisfy rules",
              "timedOut": false,
              "duration": 1,
              "state": "passed",
              "speed": "fast",
              "pass": true,
              "fail": false,
              "pending": false,
              "context": null,
              "code": "const message = \"satisfy rule should have only one of properties 'mc', 'and', 'or'\";\nisInvalidRule({\n    or: [\n        { mc: 5, and: [\"CS2040\"] },\n        { and: [{ and: [\"abc\"], or: [\"def\"] }] },\n    ],\n}, { instancePath: \"/or/0\", message }, { instancePath: \"/or/1/and/0\", message });",
              "err": {},
              "uuid": "6c8090f2-bf9c-4a2a-9ffb-07ab3d7ca6d2",
              "parentUUID": "bb07853b-f673-4a25-829a-7ede9bafe319",
              "isHook": false,
              "skipped": false
            },
            {
              "title": "should not validate and satisfy rules with non-array property",
              "fullTitle": "satisfyRuleSchema should not validate and satisfy rules with non-array property",
              "timedOut": false,
              "duration": 0,
              "state": "passed",
              "speed": "fast",
              "pass": true,
              "fail": false,
              "pending": false,
              "context": null,
              "code": "const message = \"property 'and' should be an array of satisfy rules\";\nisInvalidRule({ or: [{ and: {} }, { or: [{ and: 3 }] }] }, { instancePath: \"/or/0/and\", message }, { instancePath: \"/or/1/or/0/and\", message });",
              "err": {},
              "uuid": "b6563e68-c9bf-4699-92c2-828f18dd0533",
              "parentUUID": "bb07853b-f673-4a25-829a-7ede9bafe319",
              "isHook": false,
              "skipped": false
            },
            {
              "title": "should not validate or satisfy rules with non-array property",
              "fullTitle": "satisfyRuleSchema should not validate or satisfy rules with non-array property",
              "timedOut": false,
              "duration": 0,
              "state": "passed",
              "speed": "fast",
              "pass": true,
              "fail": false,
              "pending": false,
              "context": null,
              "code": "const message = \"property 'or' should be an array of satisfy rules\";\nisInvalidRule({ and: [{ or: {} }, { and: [{ or: 3 }] }] }, { instancePath: \"/and/0/or\", message }, { instancePath: \"/and/1/and/0/or\", message });",
              "err": {},
              "uuid": "5dd77175-e6f6-4cee-9841-cfd59462ba5a",
              "parentUUID": "bb07853b-f673-4a25-829a-7ede9bafe319",
              "isHook": false,
              "skipped": false
            }
          ],
          "suites": [],
          "passes": [
            "9c96e97b-be0b-4640-ac50-9cc3f52d9589",
            "057b9719-9e18-4e8b-a2c6-92e4a998b89d",
            "32051d13-9363-498c-8073-65652fea9fd0",
            "d17e4b15-7a28-4ce8-ab73-f48927995ad7",
            "0b5def41-09c1-453c-bb14-daae7f7b2611",
            "6c8090f2-bf9c-4a2a-9ffb-07ab3d7ca6d2",
            "b6563e68-c9bf-4699-92c2-828f18dd0533",
            "5dd77175-e6f6-4cee-9841-cfd59462ba5a"
          ],
          "failures": [],
          "pending": [],
          "skipped": [],
          "duration": 5,
          "root": false,
          "rootEmpty": false,
          "_timeout": 2000
        }
      ],
      "passes": [],
      "failures": [],
      "pending": [],
      "skipped": [],
      "duration": 0,
      "root": true,
      "rootEmpty": true,
      "_timeout": 2000
    }
  ],
  "meta": {
    "mocha": {
      "version": "9.1.2"
    },
    "mochawesome": {
      "options": {
        "quiet": false,
        "reportFilename": "mochawesome",
        "saveHtml": true,
        "saveJson": true,
        "consoleReporter": "spec",
        "useInlineDiffs": false,
        "code": true
      },
      "version": "6.3.0"
    },
    "marge": {
      "options": {
        "reportDir": "docs"
      },
      "version": "5.2.0"
    }
  }
}