{
  "stats": {
    "suites": 10,
    "tests": 48,
    "passes": 48,
    "pending": 0,
    "failures": 0,
    "start": "2021-08-04T10:04:58.240Z",
    "end": "2021-08-04T10:04:58.583Z",
    "duration": 343,
    "testsRegistered": 48,
    "passPercent": 100,
    "pendingPercent": 0,
    "other": 0,
    "hasOther": false,
    "skipped": 0,
    "hasSkipped": false
  },
  "results": [
    {
      "uuid": "54b06d82-00b6-45b8-9b1e-b91d739f2dd5",
      "title": "",
      "fullFile": "",
      "file": "",
      "beforeHooks": [],
      "afterHooks": [],
      "tests": [],
      "suites": [
        {
          "uuid": "2d8546a1-9b99-4284-adf2-969514f005bd",
          "title": "initDirectories",
          "fullFile": "/home/runner/work/planwithus-lib/planwithus-lib/src/block/schemas.test.ts",
          "file": "/src/block/schemas.test.ts",
          "beforeHooks": [],
          "afterHooks": [],
          "tests": [
            {
              "title": "should parse all blocks with no errors",
              "fullTitle": "initDirectories should parse all blocks with no errors",
              "timedOut": false,
              "duration": 3,
              "state": "passed",
              "speed": "fast",
              "pass": true,
              "fail": false,
              "pending": false,
              "context": null,
              "code": "_1.initDirectories.should.not.throw()",
              "err": {},
              "uuid": "1b47e853-e759-494b-b3e3-6e7e42389e32",
              "parentUUID": "2d8546a1-9b99-4284-adf2-969514f005bd",
              "isHook": false,
              "skipped": false
            },
            {
              "title": "should produce primary, second & minor directories",
              "fullTitle": "initDirectories should produce primary, second & minor directories",
              "timedOut": false,
              "duration": 2,
              "state": "passed",
              "speed": "fast",
              "pass": true,
              "fail": false,
              "pending": false,
              "context": null,
              "code": "const directories = _1.initDirectories();\ndirectories.should.have.property(\"primary\");\ndirectories.should.have.property(\"second\");\ndirectories.should.have.property(\"minor\");",
              "err": {},
              "uuid": "69c11bdb-faf1-4055-8690-215b74c46f6d",
              "parentUUID": "2d8546a1-9b99-4284-adf2-969514f005bd",
              "isHook": false,
              "skipped": false
            }
          ],
          "suites": [],
          "passes": [
            "1b47e853-e759-494b-b3e3-6e7e42389e32",
            "69c11bdb-faf1-4055-8690-215b74c46f6d"
          ],
          "failures": [],
          "pending": [],
          "skipped": [],
          "duration": 5,
          "root": false,
          "rootEmpty": false,
          "_timeout": 2000
        },
        {
          "uuid": "cc2b0fe6-d22f-4d1b-85e3-d25a36a5e6a0",
          "title": "blockSchema",
          "fullFile": "/home/runner/work/planwithus-lib/planwithus-lib/src/block/schemas.test.ts",
          "file": "/src/block/schemas.test.ts",
          "beforeHooks": [],
          "afterHooks": [],
          "tests": [
            {
              "title": "should validate valid block",
              "fullTitle": "blockSchema should validate valid block",
              "timedOut": false,
              "duration": 181,
              "state": "passed",
              "speed": "slow",
              "pass": true,
              "fail": false,
              "pending": false,
              "context": "[\n  {\n    \"title\": \"block sample 0\",\n    \"value\": {\n      \"name\": \"y\\\";7 ~\",\n      \"ay\": 1951,\n      \"assign\": \"y|\",\n      \"match\": {\n        \"and\": [\n          {\n            \"and\": [\n              \"HP3x6\",\n              {\n                \"pattern\": \"LR1*27N\",\n                \"exclude\": [\n                  \"ZGU3505A\",\n                  \"MHM526\",\n                  \"SX9385\",\n                  \"JS6\"\n                ]\n              },\n              \"ATS389H\"\n            ]\n          },\n          \"SZ9592\"\n        ]\n      },\n      \"satisfy\": [\n        {\n          \"or\": [\n            {\n              \"and\": [\n                {\n                  \"or\": [\n                    \"a+c.V:j\"\n                  ]\n                },\n                {\n                  \"and\": [\n                    \";e1jh\\\\u\",\n                    \"k8r/#\",\n                    \"O$r#Q9G\",\n                    \"#j'6\",\n                    \"#\"\n                  ]\n                },\n                {\n                  \"mc\": \">=11\"\n                },\n                \":44dqa##\"\n              ]\n            }\n          ]\n        },\n        {\n          \"or\": [\n            {\n              \"mc\": \"<=125\"\n            },\n            \"`B\",\n            {\n              \"mc\": \"<=75\"\n            }\n          ]\n        }\n      ],\n      \"url\": \"http://w.u4yladecfde.ezeb3ppngomql79y-wjcny67uj-y3n31dmb8xtnogy20gfya8p4obcb.jw74k1q7gwk54uz567l52e4sr5xs9vvyscbvoeu-o5.aeaac/Aj16weX*//E5aNH/%F2%B8%A8%B0;F%F0%BE%94%A2pK/%F1%95%BF%99x@,E1DdZ//I=.gV\",\n      \"info\": \"JP],t\",\n      \"isSelectable\": true\n    }\n  },\n  {\n    \"title\": \"block sample 1\",\n    \"value\": {\n      \"match\": [],\n      \"satisfy\": [\n        \"wU-Z8+5#\",\n        {\n          \"mc\": \"<=149\"\n        },\n        {\n          \"or\": []\n        },\n        {\n          \"mc\": \">=87\"\n        }\n      ],\n      \"info\": \"$~\",\n      \"isSelectable\": true\n    }\n  },\n  {\n    \"title\": \"block sample 2\",\n    \"value\": {\n      \"name\": \"#8&&$b##\",\n      \"assign\": [\n        \"w\",\n        \"y\"\n      ],\n      \"match\": {\n        \"or\": [\n          \"OE3\",\n          {\n            \"and\": [\n              \"ES885\",\n              \"OS51H\",\n              {\n                \"and\": [\n                  {\n                    \"and\": []\n                  },\n                  {\n                    \"or\": [\n                      \"ND55\",\n                      \"ZU4G\",\n                      \"RU365J\",\n                      \"AO6435K\",\n                      \"TGV9\"\n                    ]\n                  },\n                  {\n                    \"pattern\": \"SD64U\",\n                    \"exclude\": \"ZHI1\",\n                    \"info\": \"km(dv\"\n                  },\n                  {\n                    \"or\": [\n                      \"IR29\"\n                    ]\n                  }\n                ]\n              },\n              \"NI04\",\n              {\n                \"or\": [\n                  {\n                    \"or\": [\n                      \"WV7343\",\n                      \"GO5xG\",\n                      \"QV1356V\",\n                      \"KE2P\"\n                    ]\n                  },\n                  \"EB4258\",\n                  \"LCQ2x5R\"\n                ]\n              }\n            ]\n          },\n          {\n            \"and\": [\n              {\n                \"pattern\": \"MJ8*17\",\n                \"exclude\": [\n                  \"IH103R\"\n                ],\n                \"info\": \"?? k8L^\"\n              },\n              {\n                \"or\": [\n                  {\n                    \"or\": []\n                  },\n                  {\n                    \"and\": [\n                      \"AC1\",\n                      {\n                        \"and\": [\n                          \"KI0x\",\n                          {\n                            \"and\": [\n                              \"YN47x\",\n                              \"YY50\",\n                              \"TG8R\",\n                              \"NUI*78\",\n                              \"VNxT\"\n                            ]\n                          },\n                          \"JD12F\"\n                        ]\n                      },\n                      \"MTG3\",\n                      {\n                        \"and\": [\n                          \"VI9x\",\n                          \"SU*A\",\n                          \"ND3x8U\",\n                          \"GIHx01\"\n                        ]\n                      },\n                      \"DSQ5\"\n                    ]\n                  }\n                ]\n              },\n              \"EI*7B\",\n              {\n                \"or\": [\n                  \"PYU530xC\",\n                  \"BOB65*R\",\n                  {\n                    \"pattern\": \"QS148B\"\n                  },\n                  \"IH61\"\n                ]\n              }\n            ]\n          },\n          {\n            \"pattern\": \"FD4553\",\n            \"exclude\": [\n              \"SO4F\",\n              \"DABx9L\",\n              \"UEU38R\",\n              \"DH4x\"\n            ],\n            \"info\": \"\"\n          }\n        ]\n      },\n      \"satisfy\": \"N+WkGd8?\",\n      \"url\": \"http://3jyiajdlukbdm7if0zs-17c71a7wmf48f.qiktdls/CUGjY!%F1%A3%BF%A0bU/&f=Z/54i%F4%8E%A6%81oi\",\n      \"H(Ey\": {\n        \"name\": \"f9^ej<\",\n        \"ay\": 2010,\n        \"assign\": \"DW4^ufoOE\",\n        \"match\": [\n          {\n            \"pattern\": \"XFRx380T\",\n            \"exclude\": \"YGA6962\",\n            \"info\": \"G-tOT\"\n          },\n          {\n            \"pattern\": \"QB96\",\n            \"exclude\": [],\n            \"info\": \"y uH\"\n          },\n          {\n            \"and\": [\n              {\n                \"pattern\": \"KHT78xD\",\n                \"exclude\": \"AKU3\"\n              },\n              \"BF484T\",\n              {\n                \"or\": [\n                  \"GJ386\",\n                  \"XH965\"\n                ]\n              }\n            ]\n          },\n          {\n            \"or\": []\n          },\n          {\n            \"and\": [\n              {\n                \"and\": [\n                  \"VCV55xW\"\n                ]\n              },\n              \"LMB49\",\n              {\n                \"and\": [\n                  {\n                    \"or\": [\n                      \"JFx85\"\n                    ]\n                  },\n                  \"EY88\"\n                ]\n              },\n              {\n                \"or\": [\n                  {\n                    \"or\": [\n                      \"LL518\"\n                    ]\n                  }\n                ]\n              },\n              \"XC9\"\n            ]\n          }\n        ],\n        \"satisfy\": [\n          {\n            \"and\": [\n              {\n                \"mc\": \"<=73\"\n              }\n            ]\n          },\n          {\n            \"and\": [\n              {\n                \"or\": []\n              }\n            ]\n          },\n          {\n            \"or\": [\n              {\n                \"or\": [\n                  {\n                    \"or\": []\n                  },\n                  {\n                    \"or\": [\n                      \"S\",\n                      \"a[H\",\n                      {\n                        \"mc\": \"<=74\"\n                      }\n                    ]\n                  },\n                  {\n                    \"mc\": \">=117\"\n                  }\n                ]\n              }\n            ]\n          },\n          {\n            \"and\": [\n              {\n                \"or\": [\n                  {\n                    \"and\": [\n                      {\n                        \"mc\": \"<=50\"\n                      }\n                    ]\n                  },\n                  \"\",\n                  \"?et67B\\\"B!\",\n                  \"g^i->k\",\n                  {\n                    \"and\": [\n                      {\n                        \"and\": [\n                          {\n                            \"and\": [\n                              \"j}y{\"\n                            ]\n                          }\n                        ]\n                      },\n                      \"a^x >Q@`d\",\n                      \"ZW]\",\n                      \"3\"\n                    ]\n                  }\n                ]\n              },\n              {\n                \"and\": [\n                  \"!x-<(![\",\n                  {\n                    \"and\": [\n                      \"6~^1(MoSO\",\n                      \".FE'(2;\",\n                      \"_#\",\n                      \";X<}usKZ\",\n                      \"^f4K\"\n                    ]\n                  },\n                  \"Z/V%05[&w\"\n                ]\n              },\n              {\n                \"or\": [\n                  {\n                    \"or\": []\n                  },\n                  \"jK]\"\n                ]\n              },\n              {\n                \"and\": [\n                  \"{Sh<tC'J\"\n                ]\n              },\n              {\n                \"mc\": \"<=93\"\n              }\n            ]\n          },\n          {\n            \"mc\": \"<=73\"\n          }\n        ],\n        \"url\": \"https://w18kcw2qmgr9l3i4oe7rt5fcrqzeaqv59fqwlu8b97aoyzboer.cdni26l057yf6wkjbz10ra939if9nthpd-3n8ri1cro6.37h5iv6-sbt6y7--x1k8w45cshg9ogndmj8foiuk8axjgxpxvmforskup.wmeifusxdm//)%F2%97%92%A3Lr2/Cx,3hHoD/6kuvV\",\n        \"info\": \".ySahO2=\",\n        \"isSelectable\": true\n      },\n      \"}7J+:SfQ\": {\n        \"ay\": 1992,\n        \"assign\": [\n          \"cPn+Ui9F\",\n          \"Y+\",\n          \"|N 5F\",\n          \"N*2r=,\",\n          \"=/uV\"\n        ],\n        \"match\": [\n          {\n            \"or\": [\n              {\n                \"pattern\": \"GXCx\",\n                \"exclude\": \"TK7J\"\n              },\n              {\n                \"or\": [\n                  \"GUS1\",\n                  \"JK971W\",\n                  {\n                    \"and\": [\n                      {\n                        \"or\": [\n                          \"OVK0368G\",\n                          \"MMS5902\",\n                          \"RX93\"\n                        ]\n                      },\n                      \"WZD93K\"\n                    ]\n                  },\n                  {\n                    \"pattern\": \"AYX2R\",\n                    \"exclude\": [\n                      \"LQW*4x\",\n                      \"LMK7G\"\n                    ]\n                  },\n                  \"AE874*\"\n                ]\n              }\n            ]\n          },\n          \"WD856B\"\n        ],\n        \"satisfy\": [\n          {\n            \"or\": [\n              {\n                \"and\": [\n                  {\n                    \"or\": [\n                      {\n                        \"mc\": \"<=192\"\n                      },\n                      \"XAN58\\\"\",\n                      {\n                        \"mc\": \">=28\"\n                      },\n                      \"x5Nf&h>)*C\",\n                      {\n                        \"or\": [\n                          {\n                            \"and\": [\n                              \"d*e_e\",\n                              \"AzZif9Kgo\",\n                              \"Ptxnx\",\n                              {\n                                \"or\": [\n                                  \"r0u'*]\",\n                                  \"/ph \"\n                                ]\n                              },\n                              \"2u$V0wbg\"\n                            ]\n                          },\n                          {\n                            \"and\": [\n                              \"B~=%Kl[\",\n                              \"^[<vZ6R%\",\n                              {\n                                \"and\": [\n                                  \"Lzj\\\\$k\\\\j{~\"\n                                ]\n                              },\n                              \"kM[l=\",\n                              \"jL@ZDT<\"\n                            ]\n                          },\n                          \"SaV@B\",\n                          \"~VsZua\",\n                          \"gZkB&Y_%j\"\n                        ]\n                      }\n                    ]\n                  },\n                  {\n                    \"and\": []\n                  },\n                  {\n                    \"or\": [\n                      \";[*tg(oU@z\"\n                    ]\n                  },\n                  \"Q+`A\"\n                ]\n              },\n              {\n                \"or\": [\n                  {\n                    \"or\": []\n                  },\n                  \"\"\n                ]\n              },\n              \"YXgg\",\n              {\n                \"or\": [\n                  \"q)fU-\"\n                ]\n              },\n              \"w32\"\n            ]\n          },\n          {\n            \"mc\": \"<=112\"\n          },\n          {\n            \"or\": [\n              {\n                \"mc\": \">=40\"\n              }\n            ]\n          },\n          {\n            \"and\": [\n              \"B+mSLb5\",\n              \"^P;\",\n              {\n                \"and\": [\n                  \",\",\n                  \"$Ylo5H7Z\",\n                  \"UDYoFh&\"\n                ]\n              },\n              {\n                \"or\": [\n                  \" N7>t#\"\n                ]\n              },\n              {\n                \"or\": [\n                  \"m4tjc\"\n                ]\n              }\n            ]\n          }\n        ],\n        \"url\": \"https://b1u5ic41g2pilkirpcg3f9vbs1qustlm3f.jzrsugkzjz/%F2%83%A7%A1D%F1%BE%B0%98Dr/LIt/4\",\n        \"info\": \"4!7qjK0i#\",\n        \"isSelectable\": true\n      }\n    }\n  },\n  {\n    \"title\": \"block sample 3\",\n    \"value\": {\n      \"name\": \"HDw{\",\n      \"ay\": 1953,\n      \"assign\": \"t2\\\\2?\",\n      \"match\": {\n        \"and\": [\n          \"YZ40Y\"\n        ]\n      },\n      \"satisfy\": [\n        \"Sa(ytP\",\n        \"\",\n        \"..F ETx8JA\"\n      ],\n      \"url\": \"http://sarbzd0d72kp468uszsueyzaagbk4mjgqyf176ulznot4ksezoh-1wgthsdzj.iinp3frjbm5db864.wsedy\",\n      \"info\": \"\\\"!g\",\n      \"nb3C\": {\n        \"ay\": 1956,\n        \"assign\": [],\n        \"match\": {\n          \"and\": []\n        },\n        \"satisfy\": [\n          {\n            \"or\": []\n          },\n          \"xB>\\\"k\"\n        ],\n        \"url\": \"https://cffiaay.cg/_q/G\",\n        \"info\": \"$\",\n        \"isSelectable\": true,\n        \"Hyy n1$t\": {\n          \"name\": \"q\",\n          \"assign\": [],\n          \"satisfy\": \"R)z\",\n          \"url\": \"https://e7bt7f9.k7weldkszoid0i1x-fjxax4685icx7lqa3zjd5gf9gftd8ev8nfiduq38gi6.vc48navfdce8qte8dbvem9e8dk2f5f5d0y4d8aamff4qawal09yqabp.tz6.torfduw/h2'vX%F0%A0%81%85l7/(%F1%A4%A5%88\",\n          \"isSelectable\": true\n        },\n        \"eW.sCO{\": {\n          \"name\": \"N-Pz\",\n          \"ay\": 1955,\n          \"assign\": [\n            \"\"\n          ],\n          \"match\": {\n            \"and\": []\n          },\n          \"satisfy\": {\n            \"and\": [\n              {\n                \"mc\": \">=50\"\n              }\n            ]\n          },\n          \"url\": \"http://imure-mhgd6cc-wl3x941epzdusuxzu3gsskg43wd9u7mf2c.2dbyc-3xerw4otz3rymy70dw6fyffofglqoubddlzada3s81mxxplf80efbc-k8.k7m181i-whiynthhc2curdq-w6.vyykgci/L3:KJa%F1%95%AE%8FL/7lBmN0o%F0%BE%A2%ACw///Z@F/rn\",\n          \"info\": \"#\"\n        }\n      }\n    }\n  },\n  {\n    \"title\": \"block sample 4\",\n    \"value\": {\n      \"name\": \"B&)}\",\n      \"assign\": \"L4_\",\n      \"match\": [\n        {\n          \"pattern\": \"RZ4101\",\n          \"exclude\": [\n            \"GKM8302C\",\n            \"WWF8L\",\n            \"GYR4*0\",\n            \"EG4332N\",\n            \"FQ*50\"\n          ],\n          \"info\": \"]j\"\n        },\n        {\n          \"and\": []\n        },\n        {\n          \"or\": []\n        },\n        {\n          \"pattern\": \"IXT020*\",\n          \"exclude\": [\n            \"DYQ6Q\",\n            \"PQN7575\",\n            \"GEx90\",\n            \"BUR438I\"\n          ],\n          \"info\": \"qt{Db\\\\f}\"\n        },\n        {\n          \"pattern\": \"RVUx6\",\n          \"exclude\": \"AB263M\"\n        }\n      ],\n      \"satisfy\": \"k6\",\n      \"url\": \"https://d.bcqezjmzat/45W6%F2%B0%89%8AM/&Vn\",\n      \"info\": \"$Z.Id%m0m\",\n      \"$\": {\n        \"name\": \"1=~gcy\",\n        \"ay\": 2030,\n        \"assign\": [\n          \"GUtV;jmSnN\",\n          \"4GT@s&|4\",\n          \"-_@Ij\",\n          \"-(2&MX\",\n          \"0!L\"\n        ],\n        \"match\": {\n          \"pattern\": \"XU3574W\",\n          \"exclude\": \"BEE53\",\n          \"info\": \"Zb)g)\"\n        },\n        \"satisfy\": {\n          \"or\": [\n            {\n              \"mc\": \"<=184\"\n            }\n          ]\n        },\n        \"url\": \"http://uxheu4d0i904kjnrr2ziksu97919vys9f482.bd/UTt%F1%AF%8F%BD7Azhk/Urk$D~./P)%E2%82%BCG//&!1i.J'\",\n        \"isSelectable\": true\n      },\n      \"c-v:Y-y%\": {\n        \"name\": \"UsX\",\n        \"ay\": 1995,\n        \"match\": \"SMT00B\",\n        \"satisfy\": [\n          \"Nt58c8s\"\n        ],\n        \"url\": \"http://7oou9w-avca.rzvhwjj612xk-gzkhje2pc-bfv.h7mm6tj0lh89deuvkkc-lt.v.kbhv/q9%F0%96%90%B2%F1%A2%A8%85&51q/1ObM/i+:p%F1%B5%9B%BA%F1%95%A4%9Do%F1%BB%B7%9CPr/u7/*4Em/K/0I8*J7%F1%83%AE%96,m\",\n        \"info\": \"zjBQ#o_\",\n        \"isSelectable\": true,\n        \"~lPU{A\\\\.ma\": {\n          \"name\": \"qri: sg4\",\n          \"assign\": \"q-}-[\",\n          \"satisfy\": [\n            \"9$7]W~%Z0w\",\n            {\n              \"mc\": \">=149\"\n            },\n            {\n              \"or\": [\n                {\n                  \"or\": [\n                    \"hz3!DpM,&\"\n                  ]\n                },\n                {\n                  \"and\": [\n                    \"5QOz\",\n                    {\n                      \"or\": []\n                    }\n                  ]\n                },\n                {\n                  \"mc\": \"<=178\"\n                },\n                \"\",\n                {\n                  \"and\": [\n                    \"BMET!#A\",\n                    {\n                      \"or\": [\n                        \"eL\"\n                      ]\n                    }\n                  ]\n                }\n              ]\n            },\n            \"bE+\",\n            {\n              \"and\": [\n                \"C '\",\n                \"s?\\\\\",\n                {\n                  \"or\": [\n                    {\n                      \"mc\": \">=56\"\n                    },\n                    \"B.x3$\",\n                    \"Ce\",\n                    {\n                      \"or\": [\n                        \"GEQ_j&#\",\n                        \"pui}^2DO\",\n                        \"2f)N%\"\n                      ]\n                    }\n                  ]\n                },\n                {\n                  \"mc\": \"<=51\"\n                },\n                {\n                  \"mc\": \"<=75\"\n                }\n              ]\n            }\n          ],\n          \"url\": \"https://lej6556bolbn45sw-tzuii44j7woh4jb9rqrbqsp8ml1vhc.p036kp2kxsde-bm9fdnyfial8yn0rlgumhs98kb7g1zhkpk97t.elj3gbw8zij96-gn-wdlft35huhzg7i6qyfvpx5tinh-d18zmj.pvjg6ear6s263smvsfa7q1rqr5mqfcj6qophs-ziv9.exa/51K%F2%A7%85%A0iSn/t/=Qt/i@/J:eO%F1%B6%80%89p_)\",\n          \"info\": \"\",\n          \"isSelectable\": true\n        }\n      }\n    }\n  },\n  {\n    \"title\": \"block sample 5\",\n    \"value\": {\n      \"name\": \"_9\",\n      \"ay\": 2028,\n      \"assign\": [\n        \"\",\n        \"\\\"r\",\n        \"\"\n      ],\n      \"match\": [\n        {\n          \"pattern\": \"TR0925\",\n          \"exclude\": [\n            \"ID436\",\n            \"LS12E\"\n          ],\n          \"info\": \"GmkG\"\n        },\n        {\n          \"and\": []\n        }\n      ],\n      \"url\": \"http://9n5n4gdksjggcyzykg2jn6oakxj7c6rajd8rvnva2q01oz5l1k5a27wh0h4p.mu13wjkmkch-vml69rcc-bm22i62i7ljuiady087to75nioq.88cr9m3l1iudxo6rdwzkgam8san8vk0m9tswk4x6mhfavam99phnxdp-l3-n.bpdioi/\",\n      \"info\": \"\",\n      \"isSelectable\": true,\n      \"`L?\": {\n        \"ay\": 2029,\n        \"assign\": \"#&Q%3$\",\n        \"match\": [\n          {\n            \"and\": [\n              {\n                \"or\": [\n                  {\n                    \"pattern\": \"SS1I\"\n                  }\n                ]\n              },\n              {\n                \"and\": [\n                  {\n                    \"or\": [\n                      {\n                        \"and\": [\n                          \"KK982xG\",\n                          {\n                            \"or\": [\n                              {\n                                \"or\": [\n                                  \"DPM69U\",\n                                  \"CGJ3X\",\n                                  \"QZx6E\",\n                                  \"HHG0\",\n                                  \"BWT00H\"\n                                ]\n                              },\n                              \"FBR120\",\n                              {\n                                \"pattern\": \"ZME9\",\n                                \"exclude\": \"VOA5673\",\n                                \"info\": \";mdEM;^P\\\\W\"\n                              },\n                              {\n                                \"pattern\": \"IEFx9P\",\n                                \"exclude\": \"CPS1432\",\n                                \"info\": \"y\"\n                              },\n                              \"XMA6292\"\n                            ]\n                          },\n                          \"YOL*9C\",\n                          \"HV18\"\n                        ]\n                      },\n                      \"RCT8\",\n                      \"XN71x5\",\n                      {\n                        \"and\": [\n                          \"LXP399H\",\n                          \"UZF1463\"\n                        ]\n                      },\n                      {\n                        \"and\": [\n                          \"PE022\",\n                          {\n                            \"or\": [\n                              {\n                                \"pattern\": \"NAP8\",\n                                \"exclude\": \"HCx*4D\",\n                                \"info\": \"Ee\"\n                              },\n                              \"FVJ4Q\",\n                              \"SNIx\",\n                              \"IFD98\",\n                              \"ZD1968\"\n                            ]\n                          }\n                        ]\n                      }\n                    ]\n                  },\n                  {\n                    \"pattern\": \"XE75E\",\n                    \"exclude\": \"CXx*1S\",\n                    \"info\": \"2\\\\Mo,wx0\"\n                  }\n                ]\n              },\n              {\n                \"pattern\": \"RH751\",\n                \"exclude\": [\n                  \"AWYx6*7I\",\n                  \"SL94*\",\n                  \"UQR6004\",\n                  \"WL98\"\n                ],\n                \"info\": \"f1.zvZ#K\"\n              }\n            ]\n          },\n          {\n            \"and\": []\n          },\n          {\n            \"or\": []\n          },\n          {\n            \"and\": [\n              {\n                \"or\": [\n                  \"KKV48\",\n                  \"IEF66xI\",\n                  {\n                    \"or\": [\n                      \"FON17\"\n                    ]\n                  },\n                  \"SHIx\"\n                ]\n              },\n              {\n                \"and\": [\n                  \"IP7292\",\n                  \"PA223\"\n                ]\n              }\n            ]\n          }\n        ],\n        \"satisfy\": [],\n        \"url\": \"http://z.e9746xbf-feu6db6267eoe368wokfecati9m9-kft9w7chfdkf9.ndmdxamsu\",\n        \"info\": \"C\",\n        \"isSelectable\": true\n      }\n    }\n  },\n  {\n    \"title\": \"block sample 6\",\n    \"value\": {\n      \"name\": \"\",\n      \"ay\": 1954,\n      \"assign\": [\n        \"#~\"\n      ],\n      \"match\": {\n        \"and\": [\n          {\n            \"or\": [\n              \"QZB8052A\",\n              {\n                \"pattern\": \"VQ188I\",\n                \"exclude\": [\n                  \"NT3\",\n                  \"CH51\",\n                  \"JYA*7N\"\n                ]\n              },\n              \"UG104\",\n              {\n                \"or\": []\n              }\n            ]\n          },\n          \"CZP98Y\",\n          \"NY87A\",\n          {\n            \"and\": [\n              {\n                \"or\": []\n              },\n              \"NC*J\",\n              \"EXX83J\",\n              \"MU2P\"\n            ]\n          },\n          {\n            \"or\": [\n              \"SM9095\",\n              {\n                \"pattern\": \"ZUS978W\",\n                \"exclude\": \"UG3x\",\n                \"info\": \"Xx\"\n              },\n              \"HRG00\",\n              \"IEG*004Q\"\n            ]\n          }\n        ]\n      },\n      \"satisfy\": {\n        \"mc\": \">=2\"\n      },\n      \"url\": \"https://uq3h2gon54yl7x9e5g1-fb2hh7.dxri7bkhx1r62272sagt5t777.9.nqnjisfsqr/%2aggyb+f/j\",\n      \"info\": \"`$}xuz~&%\",\n      \"isSelectable\": true,\n      \"{G_DdW6FA\": {\n        \"name\": \"u\",\n        \"ay\": 1994,\n        \"assign\": \"u\",\n        \"match\": [],\n        \"satisfy\": [],\n        \"url\": \"http://5tc.f.c70jpina.vc/=y9K2X81i/'5@%F3%A0%A5%9Ff+%E8%A3%82+9//G.B/Vt/Mw/L%F2%B5%8E%A9M/h9/JJEdx/%F0%AA%86%A5R%F4%8A%9E%AC%F1%88%B6%81+%F1%B2%89%9AR&d&\",\n        \"info\": \"]\",\n        \"isSelectable\": true,\n        \"\": {\n          \"name\": \"z\\\"%\",\n          \"ay\": 2024,\n          \"assign\": [\n            \"\",\n            \"&y@\",\n            \"\\\\x.G\\\"%!UDx\",\n            \"_&d&Xwy2H\"\n          ],\n          \"match\": [\n            {\n              \"and\": [\n                {\n                  \"or\": [\n                    \"BW415x\",\n                    {\n                      \"and\": [\n                        {\n                          \"pattern\": \"UQU18\",\n                          \"exclude\": \"MP7x\",\n                          \"info\": \"D\\\\5Z](<K\"\n                        },\n                        {\n                          \"or\": [\n                            {\n                              \"and\": [\n                                \"BHQ9\",\n                                {\n                                  \"and\": [\n                                    \"CW5\",\n                                    \"LMN*98\",\n                                    \"YWK16\"\n                                  ]\n                                }\n                              ]\n                            },\n                            \"TV2288W\",\n                            \"MOO9J\"\n                          ]\n                        },\n                        \"EW3270O\",\n                        \"TZS212E\"\n                      ]\n                    },\n                    \"XF9873U\",\n                    \"LFH5\"\n                  ]\n                },\n                \"OM3x\",\n                {\n                  \"pattern\": \"JLZ53F\",\n                  \"exclude\": \"IHF6*7G\"\n                },\n                {\n                  \"or\": [\n                    \"JVC4521\",\n                    \"ASX526\"\n                  ]\n                }\n              ]\n            },\n            \"AFI51*4\",\n            {\n              \"and\": [\n                {\n                  \"and\": [\n                    \"WGQ3\"\n                  ]\n                },\n                {\n                  \"or\": [\n                    {\n                      \"and\": [\n                        \"IJW519\",\n                        {\n                          \"pattern\": \"QVB886O\",\n                          \"exclude\": \"UCN8F\",\n                          \"info\": \"%3;UUX~wDr\"\n                        }\n                      ]\n                    },\n                    {\n                      \"or\": [\n                        {\n                          \"or\": [\n                            \"EJC7\"\n                          ]\n                        },\n                        \"FR394J\"\n                      ]\n                    },\n                    \"UY71\",\n                    {\n                      \"or\": []\n                    }\n                  ]\n                }\n              ]\n            }\n          ],\n          \"satisfy\": \"~eLC{\",\n          \"url\": \"http://f1d-abwandf1jc5tbc4bcffcoxahpzd-bfgve.qq/\",\n          \"info\": \"\",\n          \"isSelectable\": true\n        }\n      }\n    }\n  },\n  {\n    \"title\": \"block sample 7\",\n    \"value\": {\n      \"name\": \"^:M8$\",\n      \"ay\": 2027,\n      \"assign\": \"/|_\",\n      \"match\": [\n        {\n          \"pattern\": \"BV0*51\",\n          \"info\": \"c!h,hX/\"\n        }\n      ],\n      \"satisfy\": \"\",\n      \"url\": \"http://j456ykwqigz6qm6bcv3j53ypijpvlf6-37-ykznkumbxr.8qykh11eo2q4sffv20kai1r862td86s97ox.1wtd2ib3-ngbtgqgrlp-92ysk.i2r9vqyk00r7uagwsjgbmm69ib3fv5g6jtyla8.3p56tht6mvrp8m2wh0o90zuik78ikmh9z8j5.rbrbtbeey/:'/%E9%91%AFA%F0%A3%9A%B74rM0kng/PX*eB/-xRO0%F2%A8%83%9A//)/dIWv~y/0IA2(%F1%BF%8F%A2+QZD/\",\n      \"info\": \"\"\n    }\n  },\n  {\n    \"title\": \"block sample 8\",\n    \"value\": {\n      \"name\": \"\",\n      \"ay\": 1953,\n      \"assign\": \"w4T#\",\n      \"match\": {\n        \"pattern\": \"BKI614\",\n        \"exclude\": [],\n        \"info\": \" B&P|{y%!\"\n      },\n      \"satisfy\": [\n        {\n          \"mc\": \">=22\"\n        }\n      ],\n      \"url\": \"https://897c.6rvnp.fn1-dv9j7bf.blxfh/VEMMcP3%F2%84%BF%A6$t/V%F0%90%81%9C//T1@+%F1%B7%82%8AU/H~~UjVpO,/.dst-/:TNA!%F1%A2%AF%83-7\",\n      \"info\": \"B\"\n    }\n  },\n  {\n    \"title\": \"block sample 9\",\n    \"value\": {\n      \"name\": \"\",\n      \"ay\": 1958,\n      \"assign\": \"pY`w\",\n      \"match\": [\n        {\n          \"or\": [\n            {\n              \"pattern\": \"GGK8817B\",\n              \"exclude\": \"LHW33xR\",\n              \"info\": \"1QK`1[rxyk\"\n            }\n          ]\n        },\n        \"VP1\",\n        {\n          \"and\": [\n            {\n              \"or\": [\n                {\n                  \"and\": [\n                    \"QS27X\"\n                  ]\n                },\n                {\n                  \"and\": [\n                    \"YUN3H\",\n                    \"UWC8M\"\n                  ]\n                },\n                {\n                  \"or\": [\n                    {\n                      \"pattern\": \"PB*A\",\n                      \"exclude\": \"XCXx39E\"\n                    },\n                    \"YSG8\"\n                  ]\n                },\n                {\n                  \"and\": [\n                    \"GB5O\",\n                    {\n                      \"pattern\": \"HV0\",\n                      \"exclude\": \"QEx\",\n                      \"info\": \"zFC0D)EnL\"\n                    },\n                    {\n                      \"pattern\": \"RGU080\",\n                      \"exclude\": [\n                        \"EY294x\",\n                        \"WJ38\",\n                        \"NJN301*G\"\n                      ],\n                      \"info\": \"rsu\"\n                    },\n                    {\n                      \"or\": [\n                        \"FRS1\",\n                        \"YM249Y\",\n                        \"PK35\",\n                        \"CIX0*31\",\n                        \"YIK6200\"\n                      ]\n                    }\n                  ]\n                }\n              ]\n            },\n            \"FZ3\",\n            \"IV9793\",\n            {\n              \"and\": [\n                {\n                  \"and\": [\n                    {\n                      \"and\": [\n                        \"IFUxG\",\n                        {\n                          \"pattern\": \"XC9F\",\n                          \"exclude\": [\n                            \"UV9\",\n                            \"ZYW274\",\n                            \"PB6595U\",\n                            \"CD**5\",\n                            \"TM5\"\n                          ],\n                          \"info\": \">{?\"\n                        },\n                        {\n                          \"and\": [\n                            \"DQ81**A\"\n                          ]\n                        },\n                        \"NT7W\"\n                      ]\n                    },\n                    \"CEY860\"\n                  ]\n                },\n                \"GBH7879L\",\n                \"QT5*4I\"\n              ]\n            }\n          ]\n        },\n        {\n          \"and\": [\n            \"GGQ027\",\n            {\n              \"or\": [\n                {\n                  \"and\": [\n                    \"RP*24\",\n                    {\n                      \"and\": [\n                        \"WZI0958\",\n                        \"RZY368\",\n                        {\n                          \"pattern\": \"NW406O\",\n                          \"exclude\": [\n                            \"MOV49xF\",\n                            \"HX999\",\n                            \"OFJ*1*6\"\n                          ],\n                          \"info\": \"Xw\"\n                        },\n                        {\n                          \"and\": [\n                            \"GXW3048\",\n                            \"LDP445\",\n                            {\n                              \"pattern\": \"AUE8x\",\n                              \"exclude\": [\n                                \"LK5R\",\n                                \"KA195\",\n                                \"YD851O\",\n                                \"SX7180N\"\n                              ],\n                              \"info\": \"7-<2!jsx,\"\n                            },\n                            \"RSA3988Z\",\n                            {\n                              \"or\": [\n                                \"XLxT\",\n                                \"ACK3x75S\",\n                                \"PR66*O\",\n                                \"HQV60\"\n                              ]\n                            }\n                          ]\n                        }\n                      ]\n                    },\n                    \"PFS6*\"\n                  ]\n                },\n                \"PG76\",\n                {\n                  \"pattern\": \"LLx17Q\",\n                  \"exclude\": [\n                    \"WFO1F\",\n                    \"AJ*O\",\n                    \"VDH361\",\n                    \"MM5663I\"\n                  ],\n                  \"info\": \"Kl7f)XI\"\n                },\n                {\n                  \"and\": []\n                },\n                {\n                  \"or\": [\n                    \"SU63Z\",\n                    \"LN5\",\n                    \"NNU8x\",\n                    \"DI4320\"\n                  ]\n                }\n              ]\n            }\n          ]\n        }\n      ],\n      \"satisfy\": {\n        \"and\": [\n          {\n            \"and\": [\n              \"fn1f3Svn\"\n            ]\n          },\n          {\n            \"or\": [\n              {\n                \"and\": [\n                  \"5@BMtYF|h\"\n                ]\n              }\n            ]\n          },\n          {\n            \"and\": []\n          }\n        ]\n      },\n      \"url\": \"https://03ts3qds4u7kuyxs3eeosthzpftskr0ihzmrau.ee/k!OrA0t%F1%9F%9B%97F/a9/uG/%F1%9A%98%8FDbnD-%F2%BB%87%A1JD/d/dGD./i4=,~H3w)7/83\",\n      \"isSelectable\": true,\n      \"l!y##v$#\": {\n        \"name\": \"r\",\n        \"assign\": [\n          \"\"\n        ],\n        \"match\": [\n          {\n            \"pattern\": \"IL720\",\n            \"exclude\": [\n              \"VW23\",\n              \"OZFx197\",\n              \"NF52L\",\n              \"IKR7\"\n            ],\n            \"info\": \"E&|\"\n          },\n          {\n            \"pattern\": \"MS778\",\n            \"exclude\": [\n              \"VWH79*6\",\n              \"RH0x\"\n            ],\n            \"info\": \"##U6\"\n          },\n          {\n            \"pattern\": \"VG8I\",\n            \"exclude\": [\n              \"AS74\",\n              \"OGN148xU\",\n              \"VFA5*76\",\n              \"KX05R\"\n            ]\n          }\n        ],\n        \"satisfy\": {\n          \"mc\": \"<=117\"\n        },\n        \"url\": \"https://mq8h409fshco48qbefth576fp69cutdegqm8aedhhlrrd.b5.fb/CG9vx;*/+_KR\",\n        \"info\": \"KMjA\",\n        \"isSelectable\": true\n      }\n    }\n  }\n]",
              "code": "fast_check_1.sample(index_test_2.block, 10).forEach((sample, i) => addContext_1.default(this, {\n    title: `block sample ${i}`,\n    value: sample,\n}));\nreturn fast_check_1.assert(fast_check_1.property(index_test_2.block, ajvValidate));",
              "err": {},
              "uuid": "d774cc88-c211-4ca3-abc0-be76ae79ba3f",
              "parentUUID": "cc2b0fe6-d22f-4d1b-85e3-d25a36a5e6a0",
              "isHook": false,
              "skipped": false
            },
            {
              "title": "should not validate non-object",
              "fullTitle": "blockSchema should not validate non-object",
              "timedOut": false,
              "duration": 1,
              "state": "passed",
              "speed": "fast",
              "pass": true,
              "fail": false,
              "pending": false,
              "context": null,
              "code": "const error = {\n    instancePath: \"\",\n    message: \"block should be an object\",\n};\nisInvalidBlock(null, error);\nisInvalidBlock(undefined, error);\nisInvalidBlock(10, error);\nisInvalidBlock([12, 24], error);\nisInvalidBlock(\"abc\", error);",
              "err": {},
              "uuid": "434da594-94a8-4e5e-a783-df5cad8fda32",
              "parentUUID": "cc2b0fe6-d22f-4d1b-85e3-d25a36a5e6a0",
              "isHook": false,
              "skipped": false
            },
            {
              "title": "should not validate block with invalid properties",
              "fullTitle": "blockSchema should not validate block with invalid properties",
              "timedOut": false,
              "duration": 1,
              "state": "passed",
              "speed": "fast",
              "pass": true,
              "fail": false,
              "pending": false,
              "context": null,
              "code": "isInvalidBlock({\n        name: { foo: \"bar\" },\n        ay: -1000,\n        assign: {},\n        match: 1,\n        satisfy: 2,\n        url: { abc: \"def\" },\n        info: 42,\n        isSelectable: 32,\n    }, { instancePath: \"/name\", message: \"property 'name' should be a string\" }, {\n        instancePath: \"/ay\",\n        message: \"property 'ay' should be a positive integer\",\n    }, {\n        instancePath: \"/assign\",\n        message: \"property 'assign' should be either a block ID or an array of block IDs\",\n    }, {\n        instancePath: \"/match\",\n        message: \"property 'match' should be either a match rule or an array of match rules\",\n    }, {\n        instancePath: \"/satisfy\",\n        message: \"property 'satisfy' should be either a satisfy rule or an array of satisfy rules\",\n    }, { instancePath: \"/url\", message: \"property 'url' should be a string\" }, { instancePath: \"/info\", message: \"property 'info' should be a string\" }, {\n        instancePath: \"/isSelectable\",\n        message: \"property 'isSelectable' should be a boolean\",\n    })",
              "err": {},
              "uuid": "90bc9a5f-372a-44bb-8900-8a73feca4c13",
              "parentUUID": "cc2b0fe6-d22f-4d1b-85e3-d25a36a5e6a0",
              "isHook": false,
              "skipped": false
            }
          ],
          "suites": [],
          "passes": [
            "d774cc88-c211-4ca3-abc0-be76ae79ba3f",
            "434da594-94a8-4e5e-a783-df5cad8fda32",
            "90bc9a5f-372a-44bb-8900-8a73feca4c13"
          ],
          "failures": [],
          "pending": [],
          "skipped": [],
          "duration": 183,
          "root": false,
          "rootEmpty": false,
          "_timeout": 2000
        },
        {
          "uuid": "b97e08dd-6939-4c63-9a87-d8965e51d837",
          "title": "patternToRE",
          "fullFile": "/home/runner/work/planwithus-lib/planwithus-lib/src/matchRule/pattern/satisfiers.test.ts",
          "file": "/src/matchRule/pattern/satisfiers.test.ts",
          "beforeHooks": [],
          "afterHooks": [],
          "tests": [
            {
              "title": "should match valid modules with a single pattern",
              "fullTitle": "patternToRE should match valid modules with a single pattern",
              "timedOut": false,
              "duration": 19,
              "state": "passed",
              "speed": "fast",
              "pass": true,
              "fail": false,
              "pending": false,
              "context": "[\n  {\n    \"title\": \"patternExampleList sample 0\",\n    \"value\": [\n      \"XTI3Q\",\n      [\n        \"XTI3Q\"\n      ]\n    ]\n  },\n  {\n    \"title\": \"patternExampleList sample 1\",\n    \"value\": [\n      \"XX7G\",\n      [\n        \"XX7G\"\n      ]\n    ]\n  },\n  {\n    \"title\": \"patternExampleList sample 2\",\n    \"value\": [\n      \"LM0*7\",\n      [\n        \"LM0TCPBR0R7\",\n        \"LM0C307\",\n        \"LM0XIC7\",\n        \"LM0S7\",\n        \"LM02A2QJF7\",\n        \"LM0M7\",\n        \"LM0ME7\",\n        \"LM0FJZOUOZ7\",\n        \"LM0X7\",\n        \"LM0W7\"\n      ]\n    ]\n  },\n  {\n    \"title\": \"patternExampleList sample 3\",\n    \"value\": [\n      \"JYY007xS\",\n      [\n        \"JYY0077S\",\n        \"JYY0070S\",\n        \"JYY0071S\",\n        \"JYY0079S\",\n        \"JYY0073S\",\n        \"JYY0072S\"\n      ]\n    ]\n  },\n  {\n    \"title\": \"patternExampleList sample 4\",\n    \"value\": [\n      \"PVQ3\",\n      [\n        \"PVQ3\"\n      ]\n    ]\n  },\n  {\n    \"title\": \"patternExampleList sample 5\",\n    \"value\": [\n      \"GH03\",\n      [\n        \"GH03\"\n      ]\n    ]\n  },\n  {\n    \"title\": \"patternExampleList sample 6\",\n    \"value\": [\n      \"FWE73\",\n      [\n        \"FWE73\"\n      ]\n    ]\n  },\n  {\n    \"title\": \"patternExampleList sample 7\",\n    \"value\": [\n      \"JP2\",\n      [\n        \"JP2\"\n      ]\n    ]\n  },\n  {\n    \"title\": \"patternExampleList sample 8\",\n    \"value\": [\n      \"NL9\",\n      [\n        \"NL9\"\n      ]\n    ]\n  },\n  {\n    \"title\": \"patternExampleList sample 9\",\n    \"value\": [\n      \"KW3319\",\n      [\n        \"KW3319\"\n      ]\n    ]\n  }\n]",
              "code": "fast_check_1.sample(index_test_1.patternExampleList, 10).forEach((sample, i) => addContext_1.default(this, {\n    title: `patternExampleList sample ${i}`,\n    value: sample,\n}));\nreturn fast_check_1.assert(fast_check_1.property(index_test_1.patternExampleList, ([patternStr, examples]) => {\n    const re = _1.patternToRE(patternStr);\n    return examples.every(re.test.bind(re));\n}));",
              "err": {},
              "uuid": "e5986086-c18a-48fe-80bc-a0f151077d25",
              "parentUUID": "b97e08dd-6939-4c63-9a87-d8965e51d837",
              "isHook": false,
              "skipped": false
            },
            {
              "title": "should match valid modules with multiple patterns",
              "fullTitle": "patternToRE should match valid modules with multiple patterns",
              "timedOut": false,
              "duration": 74,
              "state": "passed",
              "speed": "medium",
              "pass": true,
              "fail": false,
              "pending": false,
              "context": "[\n  {\n    \"title\": \"patternExampleListArray sample 0\",\n    \"value\": [\n      [\n        \"QF47\",\n        [\n          \"QF47\"\n        ]\n      ],\n      [\n        \"UY6882\",\n        [\n          \"UY6882\"\n        ]\n      ]\n    ]\n  },\n  {\n    \"title\": \"patternExampleListArray sample 1\",\n    \"value\": [\n      [\n        \"EGW55\",\n        [\n          \"EGW55\"\n        ]\n      ],\n      [\n        \"DO0O\",\n        [\n          \"DO0O\"\n        ]\n      ],\n      [\n        \"IV7W\",\n        [\n          \"IV7W\"\n        ]\n      ],\n      [\n        \"EL57\",\n        [\n          \"EL57\"\n        ]\n      ],\n      [\n        \"QK97H\",\n        [\n          \"QK97H\"\n        ]\n      ],\n      [\n        \"MVH991O\",\n        [\n          \"MVH991O\"\n        ]\n      ],\n      [\n        \"MLM20\",\n        [\n          \"MLM20\"\n        ]\n      ]\n    ]\n  },\n  {\n    \"title\": \"patternExampleListArray sample 2\",\n    \"value\": [\n      [\n        \"ART8\",\n        [\n          \"ART8\"\n        ]\n      ],\n      [\n        \"BRx1x\",\n        [\n          \"BR816\",\n          \"BR414\",\n          \"BR410\",\n          \"BR012\",\n          \"BR317\"\n        ]\n      ],\n      [\n        \"AQ*\",\n        [\n          \"AQGFOP\",\n          \"AQ4W8N\",\n          \"AQWM\",\n          \"AQ9SU7978\",\n          \"AQD\",\n          \"AQZW0\",\n          \"AQ9IU\"\n        ]\n      ],\n      [\n        \"MKO27\",\n        [\n          \"MKO27\"\n        ]\n      ],\n      [\n        \"ZYX240S\",\n        [\n          \"ZYX240S\"\n        ]\n      ],\n      [\n        \"NRN7\",\n        [\n          \"NRN7\"\n        ]\n      ],\n      [\n        \"AL4\",\n        [\n          \"AL4\"\n        ]\n      ],\n      [\n        \"YRxxO\",\n        [\n          \"YR60O\",\n          \"YR74O\"\n        ]\n      ],\n      [\n        \"AW1K\",\n        [\n          \"AW1K\"\n        ]\n      ]\n    ]\n  },\n  {\n    \"title\": \"patternExampleListArray sample 3\",\n    \"value\": [\n      [\n        \"XNY2\",\n        [\n          \"XNY2\"\n        ]\n      ],\n      [\n        \"ILF60*3U\",\n        [\n          \"ILF603U\"\n        ]\n      ],\n      [\n        \"PR9\",\n        [\n          \"PR9\"\n        ]\n      ],\n      [\n        \"SLM492X\",\n        [\n          \"SLM492X\"\n        ]\n      ]\n    ]\n  },\n  {\n    \"title\": \"patternExampleListArray sample 4\",\n    \"value\": [\n      [\n        \"MWZ876F\",\n        [\n          \"MWZ876F\"\n        ]\n      ],\n      [\n        \"CO54X\",\n        [\n          \"CO54X\"\n        ]\n      ],\n      [\n        \"LR29\",\n        [\n          \"LR29\"\n        ]\n      ],\n      [\n        \"BE32\",\n        [\n          \"BE32\"\n        ]\n      ],\n      [\n        \"JEV05x4\",\n        [\n          \"JEV0524\",\n          \"JEV0514\",\n          \"JEV0564\",\n          \"JEV0534\"\n        ]\n      ]\n    ]\n  },\n  {\n    \"title\": \"patternExampleListArray sample 5\",\n    \"value\": [\n      [\n        \"IB*1\",\n        [\n          \"IBJ0JT1\",\n          \"IB1\",\n          \"IB85D5E611\",\n          \"IBF31\",\n          \"IB14C1\",\n          \"IBS1GSXZS31\",\n          \"IBDI1\",\n          \"IBYOF1\",\n          \"IBVXX4OJ31\",\n          \"IBPB1TMD1\",\n          \"IBWI6PLQUT1\"\n        ]\n      ],\n      [\n        \"HQN0*\",\n        [\n          \"HQN06\",\n          \"HQN0KXT\",\n          \"HQN0\",\n          \"HQN0AIOUL\"\n        ]\n      ],\n      [\n        \"FE4T\",\n        [\n          \"FE4T\"\n        ]\n      ],\n      [\n        \"YE51*\",\n        [\n          \"YE51XS\",\n          \"YE51HFN\",\n          \"YE51LBJ2EFHB\",\n          \"YE51NO\",\n          \"YE514HA1ETB\",\n          \"YE514J8TW8\",\n          \"YE518ABPBLAQ\",\n          \"YE5158NO\",\n          \"YE51DQ2WXVV\",\n          \"YE51HUSPM3S2\",\n          \"YE51V0\"\n        ]\n      ]\n    ]\n  },\n  {\n    \"title\": \"patternExampleListArray sample 6\",\n    \"value\": [\n      [\n        \"NS7537C\",\n        [\n          \"NS7537C\"\n        ]\n      ],\n      [\n        \"LH8W\",\n        [\n          \"LH8W\"\n        ]\n      ],\n      [\n        \"MS*181\",\n        [\n          \"MS90D6181\",\n          \"MSM231181\",\n          \"MSHJGT789L181\",\n          \"MSWNFXQGW181\",\n          \"MSX1AL181\",\n          \"MSXUI03M181\",\n          \"MSQ3WZV181\",\n          \"MSY181\",\n          \"MSA17TAC6181\",\n          \"MS181\",\n          \"MSYAOAU181\",\n          \"MSE181\"\n        ]\n      ]\n    ]\n  },\n  {\n    \"title\": \"patternExampleListArray sample 7\",\n    \"value\": [\n      [\n        \"BWR81R\",\n        [\n          \"BWR81R\"\n        ]\n      ],\n      [\n        \"DPH34\",\n        [\n          \"DPH34\"\n        ]\n      ],\n      [\n        \"SGF*x7\",\n        [\n          \"SGFOUBW6QN57\",\n          \"SGF37UZ87\",\n          \"SGFLJX07\",\n          \"SGFXMXWLO5M17\",\n          \"SGFPOAZRVQ57\",\n          \"SGFMDQKC17\",\n          \"SGFUXX307\",\n          \"SGF4RY07\",\n          \"SGFECB97\",\n          \"SGF4CW567\",\n          \"SGFVSNE937\",\n          \"SGFK77\"\n        ]\n      ],\n      [\n        \"YYH2631\",\n        [\n          \"YYH2631\"\n        ]\n      ],\n      [\n        \"XA*3x\",\n        [\n          \"XAIQ7RM39\",\n          \"XAM31\",\n          \"XA7734\",\n          \"XA5I39\",\n          \"XA31\",\n          \"XA8NIA33\",\n          \"XA70736\",\n          \"XA0VO39\",\n          \"XA37\",\n          \"XA34D6UO30\",\n          \"XAKBJ32\"\n        ]\n      ],\n      [\n        \"ED4710X\",\n        [\n          \"ED4710X\"\n        ]\n      ],\n      [\n        \"VZ*27\",\n        [\n          \"VZZEGVX27\",\n          \"VZ9AUBVEN927\",\n          \"VZLR27\",\n          \"VZJ4CQ127\"\n        ]\n      ],\n      [\n        \"CJG*4\",\n        [\n          \"CJGTUPF4\",\n          \"CJG1PN6IAT4\",\n          \"CJGOW701N4\",\n          \"CJGUJM4\",\n          \"CJG3QAHG94\",\n          \"CJGDDTC4\",\n          \"CJG6DVWM4\"\n        ]\n      ],\n      [\n        \"GA3x\",\n        [\n          \"GA34\",\n          \"GA36\",\n          \"GA38\"\n        ]\n      ],\n      [\n        \"WNW50U\",\n        [\n          \"WNW50U\"\n        ]\n      ]\n    ]\n  },\n  {\n    \"title\": \"patternExampleListArray sample 8\",\n    \"value\": [\n      [\n        \"GUC86W\",\n        [\n          \"GUC86W\"\n        ]\n      ],\n      [\n        \"KKW*2X\",\n        [\n          \"KKWZ8E2X\",\n          \"KKW32X\",\n          \"KKWO9ML0UNM2X\",\n          \"KKW4R52X\"\n        ]\n      ],\n      [\n        \"DF0\",\n        [\n          \"DF0\"\n        ]\n      ],\n      [\n        \"BU8\",\n        [\n          \"BU8\"\n        ]\n      ]\n    ]\n  },\n  {\n    \"title\": \"patternExampleListArray sample 9\",\n    \"value\": [\n      [\n        \"TMT602xD\",\n        [\n          \"TMT6029D\",\n          \"TMT6026D\",\n          \"TMT6021D\",\n          \"TMT6020D\",\n          \"TMT6023D\",\n          \"TMT6022D\",\n          \"TMT6028D\",\n          \"TMT6024D\",\n          \"TMT6025D\",\n          \"TMT6027D\"\n        ]\n      ],\n      [\n        \"PXS6334N\",\n        [\n          \"PXS6334N\"\n        ]\n      ],\n      [\n        \"OLR*\",\n        [\n          \"OLRS74H37\",\n          \"OLRKSH\",\n          \"OLRORKLSU\",\n          \"OLR\",\n          \"OLRM89E\"\n        ]\n      ],\n      [\n        \"XE32\",\n        [\n          \"XE32\"\n        ]\n      ],\n      [\n        \"MSE7N\",\n        [\n          \"MSE7N\"\n        ]\n      ],\n      [\n        \"QZQ4\",\n        [\n          \"QZQ4\"\n        ]\n      ],\n      [\n        \"IBx\",\n        [\n          \"IB7\",\n          \"IB9\",\n          \"IB5\",\n          \"IB0\",\n          \"IB8\"\n        ]\n      ],\n      [\n        \"TI983*C\",\n        [\n          \"TI983STZ60XC\",\n          \"TI98314C\",\n          \"TI983C\",\n          \"TI983FC\",\n          \"TI983GAKBAZC\",\n          \"TI983I0C\",\n          \"TI9836134YC\",\n          \"TI983FHA095XC\",\n          \"TI983Q4XC\",\n          \"TI983UC5GLC\"\n        ]\n      ],\n      [\n        \"UX7\",\n        [\n          \"UX7\"\n        ]\n      ],\n      [\n        \"IHG26x3\",\n        [\n          \"IHG2633\",\n          \"IHG2643\",\n          \"IHG2663\",\n          \"IHG2683\",\n          \"IHG2653\",\n          \"IHG2623\",\n          \"IHG2693\"\n        ]\n      ],\n      [\n        \"BHK2\",\n        [\n          \"BHK2\"\n        ]\n      ],\n      [\n        \"SS4B\",\n        [\n          \"SS4B\"\n        ]\n      ]\n    ]\n  }\n]",
              "code": "const patternExampleListArray = fast_check_1.array(index_test_1.patternExampleList, { minLength: 1 });\nfast_check_1.sample(patternExampleListArray, 10).forEach((sample, i) => addContext_1.default(this, {\n    title: `patternExampleListArray sample ${i}`,\n    value: sample,\n}));\nreturn fast_check_1.assert(fast_check_1.property(patternExampleListArray, (ts) => {\n    const re = _1.patternToRE(...ts.map(([patternStr]) => patternStr));\n    return ts\n        .map(([, examples]) => examples)\n        .flat()\n        .every(re.test.bind(re));\n}));",
              "err": {},
              "uuid": "bb7c9270-7153-4d83-97b1-1282dbfc2bfa",
              "parentUUID": "b97e08dd-6939-4c63-9a87-d8965e51d837",
              "isHook": false,
              "skipped": false
            },
            {
              "title": "should not match x to non-number",
              "fullTitle": "patternToRE should not match x to non-number",
              "timedOut": false,
              "duration": 1,
              "state": "passed",
              "speed": "fast",
              "pass": true,
              "fail": false,
              "pending": false,
              "context": null,
              "code": "const re = _1.patternToRE(\"x\");\n[\"A\", \"Z\", \"c\", \"#\"].forEach((example) => isInvalidExample(re, example));",
              "err": {},
              "uuid": "67623c32-9341-4d7d-aa40-4841ab3f1ded",
              "parentUUID": "b97e08dd-6939-4c63-9a87-d8965e51d837",
              "isHook": false,
              "skipped": false
            },
            {
              "title": "should not match * to a substring composed of characters other than A-Z and 0-9",
              "fullTitle": "patternToRE should not match * to a substring composed of characters other than A-Z and 0-9",
              "timedOut": false,
              "duration": 0,
              "state": "passed",
              "speed": "fast",
              "pass": true,
              "fail": false,
              "pending": false,
              "context": null,
              "code": "const re = _1.patternToRE(\"*\");\n[\"c\", \"Ac\", \"cA\", \"0Ax\", \"x0A\", \"BA#\", \"#AB\"].forEach((example) => isInvalidExample(re, example));",
              "err": {},
              "uuid": "70195651-59b5-4a14-ad9b-1dd0539bfbea",
              "parentUUID": "b97e08dd-6939-4c63-9a87-d8965e51d837",
              "isHook": false,
              "skipped": false
            },
            {
              "title": "should not match substrings",
              "fullTitle": "patternToRE should not match substrings",
              "timedOut": false,
              "duration": 1,
              "state": "passed",
              "speed": "fast",
              "pass": true,
              "fail": false,
              "pending": false,
              "context": null,
              "code": "const re = _1.patternToRE(\"A*xC\");\n[\"A1CZ\", \"AC1CZ\", \"ZA1C\", \"ZAC1C\", \"ZA1CZ\", \"ZAC1CZ\"].forEach((example) => isInvalidExample(re, example));",
              "err": {},
              "uuid": "58b5a097-0c45-48d9-a25b-edef87b660c8",
              "parentUUID": "b97e08dd-6939-4c63-9a87-d8965e51d837",
              "isHook": false,
              "skipped": false
            }
          ],
          "suites": [],
          "passes": [
            "e5986086-c18a-48fe-80bc-a0f151077d25",
            "bb7c9270-7153-4d83-97b1-1282dbfc2bfa",
            "67623c32-9341-4d7d-aa40-4841ab3f1ded",
            "70195651-59b5-4a14-ad9b-1dd0539bfbea",
            "58b5a097-0c45-48d9-a25b-edef87b660c8"
          ],
          "failures": [],
          "pending": [],
          "skipped": [],
          "duration": 95,
          "root": false,
          "rootEmpty": false,
          "_timeout": 2000
        },
        {
          "uuid": "bcf7ec2c-ac68-44c3-be4f-6d5d49184b64",
          "title": "patternSatisfier",
          "fullFile": "/home/runner/work/planwithus-lib/planwithus-lib/src/matchRule/pattern/satisfiers.test.ts",
          "file": "/src/matchRule/pattern/satisfiers.test.ts",
          "beforeHooks": [],
          "afterHooks": [],
          "tests": [
            {
              "title": "should assign all modules with *",
              "fullTitle": "patternSatisfier should assign all modules with *",
              "timedOut": false,
              "duration": 1,
              "state": "passed",
              "speed": "fast",
              "pass": true,
              "fail": false,
              "pending": false,
              "context": null,
              "code": "const { assign } = satisfiers_1.patternSatisfier(ref, \"*\");\nisCorrectAssign(assign, modulesList1, modulesList1.map(([moduleStr]) => moduleStr));",
              "err": {},
              "uuid": "429f5042-708b-4349-a4aa-f6c0657339db",
              "parentUUID": "bcf7ec2c-ac68-44c3-be4f-6d5d49184b64",
              "isHook": false,
              "skipped": false
            },
            {
              "title": "should assign only valid modules with pattern containing *",
              "fullTitle": "patternSatisfier should assign only valid modules with pattern containing *",
              "timedOut": false,
              "duration": 1,
              "state": "passed",
              "speed": "fast",
              "pass": true,
              "fail": false,
              "pending": false,
              "context": null,
              "code": "const { assign } = satisfiers_1.patternSatisfier(ref, \"CS2*\");\nisCorrectAssign(assign, modulesList1, [\"CS2100\", \"CS2040S\", \"CS2030\"]);",
              "err": {},
              "uuid": "0ca9338f-adca-4318-82b2-30eeccab69c5",
              "parentUUID": "bcf7ec2c-ac68-44c3-be4f-6d5d49184b64",
              "isHook": false,
              "skipped": false
            },
            {
              "title": "should assign only valid modules with pattern containing x",
              "fullTitle": "patternSatisfier should assign only valid modules with pattern containing x",
              "timedOut": false,
              "duration": 0,
              "state": "passed",
              "speed": "fast",
              "pass": true,
              "fail": false,
              "pending": false,
              "context": null,
              "code": "const { assign } = satisfiers_1.patternSatisfier(ref, \"CS20xx\");\nisCorrectAssign(assign, modulesList1, [\"CS2030\"]);",
              "err": {},
              "uuid": "8d4277aa-ae2c-4057-b1f2-cdedcb119dd1",
              "parentUUID": "bcf7ec2c-ac68-44c3-be4f-6d5d49184b64",
              "isHook": false,
              "skipped": false
            },
            {
              "title": "should assign only valid modules with pattern containing x and *",
              "fullTitle": "patternSatisfier should assign only valid modules with pattern containing x and *",
              "timedOut": false,
              "duration": 1,
              "state": "passed",
              "speed": "fast",
              "pass": true,
              "fail": false,
              "pending": false,
              "context": null,
              "code": "const { assign } = satisfiers_1.patternSatisfier(ref, \"CS20xx*\");\nisCorrectAssign(assign, modulesList1, [\"CS2040S\", \"CS2030\"]);",
              "err": {},
              "uuid": "4db50c14-dfea-4783-8a33-ff9675780f19",
              "parentUUID": "bcf7ec2c-ac68-44c3-be4f-6d5d49184b64",
              "isHook": false,
              "skipped": false
            }
          ],
          "suites": [],
          "passes": [
            "429f5042-708b-4349-a4aa-f6c0657339db",
            "0ca9338f-adca-4318-82b2-30eeccab69c5",
            "8d4277aa-ae2c-4057-b1f2-cdedcb119dd1",
            "4db50c14-dfea-4783-8a33-ff9675780f19"
          ],
          "failures": [],
          "pending": [],
          "skipped": [],
          "duration": 3,
          "root": false,
          "rootEmpty": false,
          "_timeout": 2000
        },
        {
          "uuid": "c31e2853-426b-49ef-ba0d-d0a8625a6ca8",
          "title": "patternSchema",
          "fullFile": "/home/runner/work/planwithus-lib/planwithus-lib/src/matchRule/pattern/schemas.test.ts",
          "file": "/src/matchRule/pattern/schemas.test.ts",
          "beforeHooks": [],
          "afterHooks": [],
          "tests": [
            {
              "title": "should validate non-empty pattern composed of A-Z, 0-9, x or *",
              "fullTitle": "patternSchema should validate non-empty pattern composed of A-Z, 0-9, x or *",
              "timedOut": false,
              "duration": 2,
              "state": "passed",
              "speed": "fast",
              "pass": true,
              "fail": false,
              "pending": false,
              "context": "[\n  {\n    \"title\": \"pattern sample 0\",\n    \"value\": \"XU35\"\n  },\n  {\n    \"title\": \"pattern sample 1\",\n    \"value\": \"KG84\"\n  },\n  {\n    \"title\": \"pattern sample 2\",\n    \"value\": \"DF0\"\n  },\n  {\n    \"title\": \"pattern sample 3\",\n    \"value\": \"BS9x53\"\n  },\n  {\n    \"title\": \"pattern sample 4\",\n    \"value\": \"GWU5x\"\n  },\n  {\n    \"title\": \"pattern sample 5\",\n    \"value\": \"QX4V\"\n  },\n  {\n    \"title\": \"pattern sample 6\",\n    \"value\": \"NA0\"\n  },\n  {\n    \"title\": \"pattern sample 7\",\n    \"value\": \"VI57\"\n  },\n  {\n    \"title\": \"pattern sample 8\",\n    \"value\": \"JFT59F\"\n  },\n  {\n    \"title\": \"pattern sample 9\",\n    \"value\": \"EX5318\"\n  }\n]",
              "code": "fast_check_1.sample(index_test_2.pattern, 10).forEach((sample, i) => addContext_1.default(this, {\n    title: `pattern sample ${i}`,\n    value: sample,\n}));\nreturn fast_check_1.assert(fast_check_1.property(index_test_2.pattern, ajvValidate), {\n    examples: [[\"*\"], [\"ACC1002\"], [\"IS1103\"], [\"CS1231S\"], [\"MA1102R\"]],\n});",
              "err": {},
              "uuid": "e77e1a2a-15c7-4e71-a2f2-4b64b7a34ff0",
              "parentUUID": "c31e2853-426b-49ef-ba0d-d0a8625a6ca8",
              "isHook": false,
              "skipped": false
            },
            {
              "title": "should not validate empty pattern",
              "fullTitle": "patternSchema should not validate empty pattern",
              "timedOut": false,
              "duration": 0,
              "state": "passed",
              "speed": "fast",
              "pass": true,
              "fail": false,
              "pending": false,
              "context": null,
              "code": "isInvalidPattern(\"\")",
              "err": {},
              "uuid": "7466068d-697b-46f9-9244-7546c8d7dba1",
              "parentUUID": "c31e2853-426b-49ef-ba0d-d0a8625a6ca8",
              "isHook": false,
              "skipped": false
            },
            {
              "title": "should not validate pattern with invalid characters",
              "fullTitle": "patternSchema should not validate pattern with invalid characters",
              "timedOut": false,
              "duration": 1,
              "state": "passed",
              "speed": "fast",
              "pass": true,
              "fail": false,
              "pending": false,
              "context": null,
              "code": "[\"AB123a\", \"Ac123a\", \"AB123^S\", \"AB1*3^S\", \"$A1*3^S\", \"/A1x33S\"].forEach(isInvalidPattern)",
              "err": {},
              "uuid": "f5f421b5-955d-477b-8476-daf5962c39a9",
              "parentUUID": "c31e2853-426b-49ef-ba0d-d0a8625a6ca8",
              "isHook": false,
              "skipped": false
            }
          ],
          "suites": [],
          "passes": [
            "e77e1a2a-15c7-4e71-a2f2-4b64b7a34ff0",
            "7466068d-697b-46f9-9244-7546c8d7dba1",
            "f5f421b5-955d-477b-8476-daf5962c39a9"
          ],
          "failures": [],
          "pending": [],
          "skipped": [],
          "duration": 3,
          "root": false,
          "rootEmpty": false,
          "_timeout": 2000
        },
        {
          "uuid": "5af8777d-ce25-434e-80d8-367a4f249cce",
          "title": "patternMatchRuleSatisfier",
          "fullFile": "/home/runner/work/planwithus-lib/planwithus-lib/src/matchRule/satisfiers.test.ts",
          "file": "/src/matchRule/satisfiers.test.ts",
          "beforeHooks": [],
          "afterHooks": [],
          "tests": [
            {
              "title": "should assign only valid modules with pattern match rule containing no exclude patterns",
              "fullTitle": "patternMatchRuleSatisfier should assign only valid modules with pattern match rule containing no exclude patterns",
              "timedOut": false,
              "duration": 0,
              "state": "passed",
              "speed": "fast",
              "pass": true,
              "fail": false,
              "pending": false,
              "context": null,
              "code": "const { assign } = satisfiers_1.patternMatchRuleSatisfier(ref, { pattern: \"CS1xxx*\" });\nisCorrectAssign(assign, modulesList1, [\"CS1231\", \"CS1231S\"]);",
              "err": {},
              "uuid": "f64f9622-2f83-44c0-901c-3f7c500465ae",
              "parentUUID": "5af8777d-ce25-434e-80d8-367a4f249cce",
              "isHook": false,
              "skipped": false
            },
            {
              "title": "should assign only valid modules with pattern match rule containing an exclude pattern",
              "fullTitle": "patternMatchRuleSatisfier should assign only valid modules with pattern match rule containing an exclude pattern",
              "timedOut": false,
              "duration": 0,
              "state": "passed",
              "speed": "fast",
              "pass": true,
              "fail": false,
              "pending": false,
              "context": null,
              "code": "const { assign } = satisfiers_1.patternMatchRuleSatisfier(ref, {\n    pattern: \"MA1xxx*\",\n    exclude: \"MA15xx\",\n});\nisCorrectAssign(assign, modulesList1, [\n    \"MA1100\",\n    \"MA1101R\",\n    \"MA1102R\",\n    \"MA1511A\",\n]);",
              "err": {},
              "uuid": "f1a48e5c-bc67-4da1-ae25-69eb65cc623c",
              "parentUUID": "5af8777d-ce25-434e-80d8-367a4f249cce",
              "isHook": false,
              "skipped": false
            },
            {
              "title": "should assign only valid modules with pattern match rule containing multiple exclude patterns",
              "fullTitle": "patternMatchRuleSatisfier should assign only valid modules with pattern match rule containing multiple exclude patterns",
              "timedOut": false,
              "duration": 1,
              "state": "passed",
              "speed": "fast",
              "pass": true,
              "fail": false,
              "pending": false,
              "context": null,
              "code": "const { assign } = satisfiers_1.patternMatchRuleSatisfier(ref, {\n    pattern: \"MA*\",\n    exclude: [\"MA151x*\", \"MA2xxx\"],\n});\nisCorrectAssign(assign, modulesList1, [\n    \"MA1100\",\n    \"MA1101R\",\n    \"MA1102R\",\n    \"MA1507\",\n    \"MA1521\",\n    \"MA2101S\",\n]);",
              "err": {},
              "uuid": "328c7144-547f-4fce-881d-dcd7e74e0487",
              "parentUUID": "5af8777d-ce25-434e-80d8-367a4f249cce",
              "isHook": false,
              "skipped": false
            }
          ],
          "suites": [],
          "passes": [
            "f64f9622-2f83-44c0-901c-3f7c500465ae",
            "f1a48e5c-bc67-4da1-ae25-69eb65cc623c",
            "328c7144-547f-4fce-881d-dcd7e74e0487"
          ],
          "failures": [],
          "pending": [],
          "skipped": [],
          "duration": 1,
          "root": false,
          "rootEmpty": false,
          "_timeout": 2000
        },
        {
          "uuid": "de1edde9-41f2-4f3d-8d64-2cecc96bf638",
          "title": "matchRuleSchema",
          "fullFile": "/home/runner/work/planwithus-lib/planwithus-lib/src/matchRule/schemas.test.ts",
          "file": "/src/matchRule/schemas.test.ts",
          "beforeHooks": [],
          "afterHooks": [],
          "tests": [
            {
              "title": "should validate match rule with valid pattern",
              "fullTitle": "matchRuleSchema should validate match rule with valid pattern",
              "timedOut": false,
              "duration": 2,
              "state": "passed",
              "speed": "fast",
              "pass": true,
              "fail": false,
              "pending": false,
              "context": "[\n  {\n    \"title\": \"pattern sample 0\",\n    \"value\": \"OV5068U\"\n  },\n  {\n    \"title\": \"pattern sample 1\",\n    \"value\": \"NYO*P\"\n  },\n  {\n    \"title\": \"pattern sample 2\",\n    \"value\": \"VG095M\"\n  },\n  {\n    \"title\": \"pattern sample 3\",\n    \"value\": \"DGB2075\"\n  },\n  {\n    \"title\": \"pattern sample 4\",\n    \"value\": \"WR76\"\n  },\n  {\n    \"title\": \"pattern sample 5\",\n    \"value\": \"SQ25S\"\n  },\n  {\n    \"title\": \"pattern sample 6\",\n    \"value\": \"AR9Y\"\n  },\n  {\n    \"title\": \"pattern sample 7\",\n    \"value\": \"IC1x\"\n  },\n  {\n    \"title\": \"pattern sample 8\",\n    \"value\": \"AI4*4J\"\n  },\n  {\n    \"title\": \"pattern sample 9\",\n    \"value\": \"CS*7*0F\"\n  }\n]",
              "code": "fast_check_1.sample(index_test_3.pattern, 10).forEach((sample, i) => addContext_1.default(this, {\n    title: `pattern sample ${i}`,\n    value: sample,\n}));\nreturn fast_check_1.assert(fast_check_1.property(index_test_3.pattern, ajvValidate));",
              "err": {},
              "uuid": "221c9804-1f0c-4ba7-a1a6-87c0a322eca7",
              "parentUUID": "de1edde9-41f2-4f3d-8d64-2cecc96bf638",
              "isHook": false,
              "skipped": false
            },
            {
              "title": "should validate match rules with valid pattern, exclude and info",
              "fullTitle": "matchRuleSchema should validate match rules with valid pattern, exclude and info",
              "timedOut": false,
              "duration": 5,
              "state": "passed",
              "speed": "fast",
              "pass": true,
              "fail": false,
              "pending": false,
              "context": "[\n  {\n    \"title\": \"patternMatchRule sample 0\",\n    \"value\": {\n      \"pattern\": \"BNx87\",\n      \"exclude\": [\n        \"TB54\",\n        \"BFH5\",\n        \"LH4\",\n        \"JK849\"\n      ],\n      \"info\": \"[ivZ[1kd\"\n    }\n  },\n  {\n    \"title\": \"patternMatchRule sample 1\",\n    \"value\": {\n      \"pattern\": \"TK28\",\n      \"exclude\": [\n        \"KD5*3J\",\n        \"TH9\",\n        \"XFW94*5V\",\n        \"IS50\"\n      ]\n    }\n  },\n  {\n    \"title\": \"patternMatchRule sample 2\",\n    \"value\": {\n      \"pattern\": \"BB3x\",\n      \"exclude\": [\n        \"QT3\",\n        \"XX7\",\n        \"JX4xP\"\n      ],\n      \"info\": \"34YF\"\n    }\n  },\n  {\n    \"title\": \"patternMatchRule sample 3\",\n    \"value\": {\n      \"pattern\": \"TN0T\",\n      \"exclude\": \"RCT8\",\n      \"info\": \"<}Rzb9M!.@\"\n    }\n  },\n  {\n    \"title\": \"patternMatchRule sample 4\",\n    \"value\": {\n      \"pattern\": \"VH10R\",\n      \"exclude\": \"UYX3B\",\n      \"info\": \"vexw$>\"\n    }\n  },\n  {\n    \"title\": \"patternMatchRule sample 5\",\n    \"value\": {\n      \"pattern\": \"HL0x\",\n      \"exclude\": [\n        \"AQYx\"\n      ],\n      \"info\": \"j,Vgg?ytS\"\n    }\n  },\n  {\n    \"title\": \"patternMatchRule sample 6\",\n    \"value\": {\n      \"pattern\": \"GVM8925O\",\n      \"exclude\": \"MPW7729I\",\n      \"info\": \"DFMcr/\"\n    }\n  },\n  {\n    \"title\": \"patternMatchRule sample 7\",\n    \"value\": {\n      \"pattern\": \"XLE3*K\",\n      \"exclude\": [\n        \"YXK2781\",\n        \"XQ979\",\n        \"AC027M\"\n      ],\n      \"info\": \"#\"\n    }\n  },\n  {\n    \"title\": \"patternMatchRule sample 8\",\n    \"value\": {\n      \"pattern\": \"HMxG\",\n      \"exclude\": \"XM3**K\",\n      \"info\": \"W53eeI\"\n    }\n  },\n  {\n    \"title\": \"patternMatchRule sample 9\",\n    \"value\": {\n      \"pattern\": \"KMD15*0\",\n      \"info\": \"rx(mg\"\n    }\n  }\n]",
              "code": "fast_check_1.sample(index_test_2.patternMatchRule, 10).forEach((sample, i) => addContext_1.default(this, {\n    title: `patternMatchRule sample ${i}`,\n    value: sample,\n}));\nreturn fast_check_1.assert(fast_check_1.property(index_test_2.patternMatchRule, ajvValidate));",
              "err": {},
              "uuid": "2a80ad04-d7f7-4070-a5c1-da6e6b967024",
              "parentUUID": "de1edde9-41f2-4f3d-8d64-2cecc96bf638",
              "isHook": false,
              "skipped": false
            },
            {
              "title": "should validate valid recursive match rules",
              "fullTitle": "matchRuleSchema should validate valid recursive match rules",
              "timedOut": false,
              "duration": 7,
              "state": "passed",
              "speed": "fast",
              "pass": true,
              "fail": false,
              "pending": false,
[...]
              "pass": true,
              "fail": false,
              "pending": false,
              "context": null,
              "code": "const satisfier = satisfiers_1.inequalitySatisfier(ref, \"<=32\");\nsatisfier.should.have.property(\"filter\");\nconst { filter } = satisfier;\nisCorrectFilter(filter, modulesList1, modulesList1.map(([moduleStr]) => moduleStr));",
              "err": {},
              "uuid": "33c59fc4-d091-4dc8-a917-0f63419f3dd4",
              "parentUUID": "cd2b5160-ab46-47f6-8444-5fc31c235793",
              "isHook": false,
              "skipped": false
            },
            {
              "title": "should truncate list of modules with upper bound of MCs at exact cutoff if total MC count is higher and there exists some starting sequence with exact MC count",
              "fullTitle": "inequalitySatisfier should truncate list of modules with upper bound of MCs at exact cutoff if total MC count is higher and there exists some starting sequence with exact MC count",
              "timedOut": false,
              "duration": 0,
              "state": "passed",
              "speed": "fast",
              "pass": true,
              "fail": false,
              "pending": false,
              "context": null,
              "code": "const satisfier = satisfiers_1.inequalitySatisfier(ref, \"<=16\");\nsatisfier.should.have.property(\"filter\");\nconst { filter } = satisfier;\nisCorrectFilter(filter, modulesList1, [\n    \"CS2100\",\n    \"GER1000\",\n    \"CS2040S\",\n    \"ST2131\",\n]);",
              "err": {},
              "uuid": "7ba5b377-ee1d-47b1-a428-308732ba5317",
              "parentUUID": "cd2b5160-ab46-47f6-8444-5fc31c235793",
              "isHook": false,
              "skipped": false
            },
            {
              "title": "should truncate list of modules with upper bound of MCs, cutting off at the minimum starting sequence that exceeds upper bound, if total MC count is higher and there exists no starting sequence with exact MC count",
              "fullTitle": "inequalitySatisfier should truncate list of modules with upper bound of MCs, cutting off at the minimum starting sequence that exceeds upper bound, if total MC count is higher and there exists no starting sequence with exact MC count",
              "timedOut": false,
              "duration": 1,
              "state": "passed",
              "speed": "fast",
              "pass": true,
              "fail": false,
              "pending": false,
              "context": null,
              "code": "const satisfier = satisfiers_1.inequalitySatisfier(ref, \"<=17\");\nsatisfier.should.have.property(\"filter\");\nconst { filter } = satisfier;\nisCorrectFilter(filter, modulesList1, [\n    \"CS2100\",\n    \"GER1000\",\n    \"CS2040S\",\n    \"ST2131\",\n    \"MA1521\",\n]);",
              "err": {},
              "uuid": "10bb4099-cc7b-40f1-a6f1-e87f990173ac",
              "parentUUID": "cd2b5160-ab46-47f6-8444-5fc31c235793",
              "isHook": false,
              "skipped": false
            }
          ],
          "suites": [],
          "passes": [
            "eb5b318b-6822-4407-b6e7-481349befdfd",
            "3071f79f-f33d-4235-98c9-f9c8940a1bda",
            "dd313808-79c0-477e-b9b2-2afdf058e1fa",
            "21d4dbdf-99a8-47ca-9917-c979ca8a99ad",
            "33c59fc4-d091-4dc8-a917-0f63419f3dd4",
            "7ba5b377-ee1d-47b1-a428-308732ba5317",
            "10bb4099-cc7b-40f1-a6f1-e87f990173ac"
          ],
          "failures": [],
          "pending": [],
          "skipped": [],
          "duration": 2,
          "root": false,
          "rootEmpty": false,
          "_timeout": 2000
        },
        {
          "uuid": "bb1a490a-358e-48ce-8d80-fd1624b4dedb",
          "title": "inequalitySchema",
          "fullFile": "/home/runner/work/planwithus-lib/planwithus-lib/src/satisfyRule/inequality/schemas.test.ts",
          "file": "/src/satisfyRule/inequality/schemas.test.ts",
          "beforeHooks": [],
          "afterHooks": [],
          "tests": [
            {
              "title": "should validate inequality in the form <=n or >=n",
              "fullTitle": "inequalitySchema should validate inequality in the form <=n or >=n",
              "timedOut": false,
              "duration": 1,
              "state": "passed",
              "speed": "fast",
              "pass": true,
              "fail": false,
              "pending": false,
              "context": "[\n  {\n    \"title\": \"inequality sample 0\",\n    \"value\": \">=8\"\n  },\n  {\n    \"title\": \"inequality sample 1\",\n    \"value\": \">=184\"\n  },\n  {\n    \"title\": \"inequality sample 2\",\n    \"value\": \">=8\"\n  },\n  {\n    \"title\": \"inequality sample 3\",\n    \"value\": \"<=1\"\n  },\n  {\n    \"title\": \"inequality sample 4\",\n    \"value\": \">=6\"\n  },\n  {\n    \"title\": \"inequality sample 5\",\n    \"value\": \">=8\"\n  },\n  {\n    \"title\": \"inequality sample 6\",\n    \"value\": \">=199\"\n  },\n  {\n    \"title\": \"inequality sample 7\",\n    \"value\": \">=4\"\n  },\n  {\n    \"title\": \"inequality sample 8\",\n    \"value\": \">=4\"\n  },\n  {\n    \"title\": \"inequality sample 9\",\n    \"value\": \">=198\"\n  }\n]",
              "code": "fast_check_1.sample(index_test_2.inequality, 10).forEach((sample, i) => addContext_1.default(this, {\n    title: `inequality sample ${i}`,\n    value: sample,\n}));\nreturn fast_check_1.assert(fast_check_1.property(index_test_2.inequality, ajvValidate));",
              "err": {},
              "uuid": "5ff74a6e-26b0-43db-afbc-fd160958bf66",
              "parentUUID": "bb1a490a-358e-48ce-8d80-fd1624b4dedb",
              "isHook": false,
              "skipped": false
            },
            {
              "title": "should not validate inequality of invalid form",
              "fullTitle": "inequalitySchema should not validate inequality of invalid form",
              "timedOut": false,
              "duration": 2,
              "state": "passed",
              "speed": "fast",
              "pass": true,
              "fail": false,
              "pending": false,
              "context": null,
              "code": "[\n        \"\",\n        \"==23\",\n        \"23\",\n        \"<23\",\n        \">23\",\n        \"<=-1\",\n        \">=-1\",\n        \"<= 2\",\n        \">= 1\",\n        \"> 3\",\n        \"< 3\",\n        \"<=3a\",\n        \">=3a\",\n        \"a<=3\",\n        \"a>=3\",\n    ].forEach(isInvalidInequality)",
              "err": {},
              "uuid": "d62b7ea9-cb7d-421d-b571-6a84fffcaa49",
              "parentUUID": "bb1a490a-358e-48ce-8d80-fd1624b4dedb",
              "isHook": false,
              "skipped": false
            }
          ],
          "suites": [],
          "passes": [
            "5ff74a6e-26b0-43db-afbc-fd160958bf66",
            "d62b7ea9-cb7d-421d-b571-6a84fffcaa49"
          ],
          "failures": [],
          "pending": [],
          "skipped": [],
          "duration": 3,
          "root": false,
          "rootEmpty": false,
          "_timeout": 2000
        },
        {
          "uuid": "f7ea4aa2-296b-43f9-b67b-29037bbc778a",
          "title": "satisfyRuleSchema",
          "fullFile": "/home/runner/work/planwithus-lib/planwithus-lib/src/satisfyRule/schemas.test.ts",
          "file": "/src/satisfyRule/schemas.test.ts",
          "beforeHooks": [],
          "afterHooks": [],
          "tests": [
            {
              "title": "should validate satisfy rule with valid block id",
              "fullTitle": "satisfyRuleSchema should validate satisfy rule with valid block id",
              "timedOut": false,
              "duration": 1,
              "state": "passed",
              "speed": "fast",
              "pass": true,
              "fail": false,
              "pending": false,
              "context": null,
              "code": "fast_check_1.assert(fast_check_1.property(fast_check_1.string(), ajvValidate)",
              "err": {},
              "uuid": "b2010e70-dc6a-44b2-b4b2-0a72feb04df4",
              "parentUUID": "f7ea4aa2-296b-43f9-b67b-29037bbc778a",
              "isHook": false,
              "skipped": false
            },
            {
              "title": "should validate satisfy rules with valid mc",
              "fullTitle": "satisfyRuleSchema should validate satisfy rules with valid mc",
              "timedOut": false,
              "duration": 2,
              "state": "passed",
              "speed": "fast",
              "pass": true,
              "fail": false,
              "pending": false,
              "context": "[\n  {\n    \"title\": \"mcSatisfyRule sample 0\",\n    \"value\": {\n      \"mc\": \"<=196\"\n    }\n  },\n  {\n    \"title\": \"mcSatisfyRule sample 1\",\n    \"value\": {\n      \"mc\": \">=6\"\n    }\n  },\n  {\n    \"title\": \"mcSatisfyRule sample 2\",\n    \"value\": {\n      \"mc\": \"<=5\"\n    }\n  },\n  {\n    \"title\": \"mcSatisfyRule sample 3\",\n    \"value\": {\n      \"mc\": \">=87\"\n    }\n  },\n  {\n    \"title\": \"mcSatisfyRule sample 4\",\n    \"value\": {\n      \"mc\": \"<=75\"\n    }\n  },\n  {\n    \"title\": \"mcSatisfyRule sample 5\",\n    \"value\": {\n      \"mc\": \">=41\"\n    }\n  },\n  {\n    \"title\": \"mcSatisfyRule sample 6\",\n    \"value\": {\n      \"mc\": \">=1\"\n    }\n  },\n  {\n    \"title\": \"mcSatisfyRule sample 7\",\n    \"value\": {\n      \"mc\": \">=48\"\n    }\n  },\n  {\n    \"title\": \"mcSatisfyRule sample 8\",\n    \"value\": {\n      \"mc\": \"<=194\"\n    }\n  },\n  {\n    \"title\": \"mcSatisfyRule sample 9\",\n    \"value\": {\n      \"mc\": \">=102\"\n    }\n  }\n]",
              "code": "fast_check_1.sample(index_test_2.mcSatisfyRule, 10).forEach((sample, i) => addContext_1.default(this, {\n    title: `mcSatisfyRule sample ${i}`,\n    value: sample,\n}));\nreturn fast_check_1.assert(fast_check_1.property(index_test_2.mcSatisfyRule, ajvValidate));",
              "err": {},
              "uuid": "41e3cc51-936e-4042-a1ad-6d0749947a7b",
              "parentUUID": "f7ea4aa2-296b-43f9-b67b-29037bbc778a",
              "isHook": false,
              "skipped": false
            },
            {
              "title": "should validate valid recursive satisfy rules",
              "fullTitle": "satisfyRuleSchema should validate valid recursive satisfy rules",
              "timedOut": false,
              "duration": 5,
              "state": "passed",
              "speed": "fast",
              "pass": true,
              "fail": false,
              "pending": false,
              "context": "[\n  {\n    \"title\": \"satisfyRule sample 0\",\n    \"value\": {\n      \"or\": [\n        {\n          \"or\": [\n            {\n              \"and\": [\n                {\n                  \"and\": [\n                    \"v@\",\n                    \"Zzd\",\n                    \"3C$+G\",\n                    {\n                      \"or\": [\n                        \"Zhrby?M\"\n                      ]\n                    }\n                  ]\n                },\n                \"JF(.|B)\"\n              ]\n            },\n            \"5\\\"&!\"\n          ]\n        },\n        {\n          \"and\": [\n            \"6+j\",\n            {\n              \"or\": []\n            }\n          ]\n        }\n      ]\n    }\n  },\n  {\n    \"title\": \"satisfyRule sample 1\",\n    \"value\": {\n      \"and\": []\n    }\n  },\n  {\n    \"title\": \"satisfyRule sample 2\",\n    \"value\": {\n      \"and\": [\n        {\n          \"mc\": \"<=195\"\n        },\n        {\n          \"and\": [\n            \"?DsKeK\",\n            {\n              \"or\": [\n                \"O<jL%5/YU\",\n                \"mf\",\n                {\n                  \"and\": [\n                    \"Qww7_2}uU\"\n                  ]\n                }\n              ]\n            },\n            \"InV7y\",\n            {\n              \"and\": [\n                \"'\",\n                {\n                  \"and\": []\n                }\n              ]\n            },\n            {\n              \"or\": [\n                \"qq\"\n              ]\n            }\n          ]\n        }\n      ]\n    }\n  },\n  {\n    \"title\": \"satisfyRule sample 3\",\n    \"value\": {\n      \"or\": [\n        {\n          \"and\": [\n            \"W=2N'P\",\n            {\n              \"and\": []\n            },\n            {\n              \"mc\": \"<=91\"\n            },\n            \"(P\"\n          ]\n        }\n      ]\n    }\n  },\n  {\n    \"title\": \"satisfyRule sample 4\",\n    \"value\": {\n      \"mc\": \">=1\"\n    }\n  },\n  {\n    \"title\": \"satisfyRule sample 5\",\n    \"value\": {\n      \"mc\": \"<=81\"\n    }\n  },\n  {\n    \"title\": \"satisfyRule sample 6\",\n    \"value\": \"Pb,*ci;am\"\n  },\n  {\n    \"title\": \"satisfyRule sample 7\",\n    \"value\": \"{y,lX;<(\"\n  },\n  {\n    \"title\": \"satisfyRule sample 8\",\n    \"value\": {\n      \"mc\": \">=194\"\n    }\n  },\n  {\n    \"title\": \"satisfyRule sample 9\",\n    \"value\": \"J4#Y\\\\r`cAr\"\n  }\n]",
              "code": "fast_check_1.sample(index_test_2.satisfyRule, 10).forEach((sample, i) => addContext_1.default(this, {\n    title: `satisfyRule sample ${i}`,\n    value: sample,\n}));\nreturn fast_check_1.assert(fast_check_1.property(index_test_2.satisfyRule, ajvValidate));",
              "err": {},
              "uuid": "fec8451d-d80d-43bd-8e26-eb5e2c3afc92",
              "parentUUID": "f7ea4aa2-296b-43f9-b67b-29037bbc778a",
              "isHook": false,
              "skipped": false
            },
            {
              "title": "should not validate non-string/object",
              "fullTitle": "satisfyRuleSchema should not validate non-string/object",
              "timedOut": false,
              "duration": 1,
              "state": "passed",
              "speed": "fast",
              "pass": true,
              "fail": false,
              "pending": false,
              "context": null,
              "code": "const error = {\n    instancePath: \"\",\n    message: \"satisfy rule should be either a string or an object\",\n};\nisInvalidRule(null, error);\nisInvalidRule(undefined, error);\nisInvalidRule(10, error);\nisInvalidRule([12, 24], error);",
              "err": {},
              "uuid": "9a66d612-7cc1-44fb-a8ab-d6bc67cc565f",
              "parentUUID": "f7ea4aa2-296b-43f9-b67b-29037bbc778a",
              "isHook": false,
              "skipped": false
            },
            {
              "title": "should not validate satisfy rules with extra properties",
              "fullTitle": "satisfyRuleSchema should not validate satisfy rules with extra properties",
              "timedOut": false,
              "duration": 1,
              "state": "passed",
              "speed": "fast",
              "pass": true,
              "fail": false,
              "pending": false,
              "context": null,
              "code": "isInvalidRule({\n        and: [\n            { or: [\"2k\"], abc: \"def\" },\n            { mc: 8, ghi: \"jkl\" },\n        ],\n        mno: \"pqr\",\n    }, {\n        instancePath: \"/and/0\",\n        message: \"or satisfy rule should have property 'or' only\",\n    }, {\n        instancePath: \"/and/1\",\n        message: \"MC satisfy rule should have property 'mc' only\",\n    }, {\n        instancePath: \"\",\n        message: \"and satisfy rule should have property 'and' only\",\n    })",
              "err": {},
              "uuid": "36d2eb66-1bae-4b5a-afe9-b2291474183c",
              "parentUUID": "f7ea4aa2-296b-43f9-b67b-29037bbc778a",
              "isHook": false,
              "skipped": false
            },
            {
              "title": "should not validate ambiguous satisfy rules",
              "fullTitle": "satisfyRuleSchema should not validate ambiguous satisfy rules",
              "timedOut": false,
              "duration": 0,
              "state": "passed",
              "speed": "fast",
              "pass": true,
              "fail": false,
              "pending": false,
              "context": null,
              "code": "const message = \"satisfy rule should have only one of properties 'mc', 'and', 'or'\";\nisInvalidRule({\n    or: [\n        { mc: 5, and: [\"CS2040\"] },\n        { and: [{ and: [\"abc\"], or: [\"def\"] }] },\n    ],\n}, { instancePath: \"/or/0\", message }, { instancePath: \"/or/1/and/0\", message });",
              "err": {},
              "uuid": "6f249bf4-78bb-4902-91f1-329ef87af47e",
              "parentUUID": "f7ea4aa2-296b-43f9-b67b-29037bbc778a",
              "isHook": false,
              "skipped": false
            },
            {
              "title": "should not validate and satisfy rules with non-array property",
              "fullTitle": "satisfyRuleSchema should not validate and satisfy rules with non-array property",
              "timedOut": false,
              "duration": 0,
              "state": "passed",
              "speed": "fast",
              "pass": true,
              "fail": false,
              "pending": false,
              "context": null,
              "code": "const message = \"property 'and' should be an array of satisfy rules\";\nisInvalidRule({ or: [{ and: {} }, { or: [{ and: 3 }] }] }, { instancePath: \"/or/0/and\", message }, { instancePath: \"/or/1/or/0/and\", message });",
              "err": {},
              "uuid": "06d09ebb-554d-4929-b8b4-6f8702d25793",
              "parentUUID": "f7ea4aa2-296b-43f9-b67b-29037bbc778a",
              "isHook": false,
              "skipped": false
            },
            {
              "title": "should not validate or satisfy rules with non-array property",
              "fullTitle": "satisfyRuleSchema should not validate or satisfy rules with non-array property",
              "timedOut": false,
              "duration": 1,
              "state": "passed",
              "speed": "fast",
              "pass": true,
              "fail": false,
              "pending": false,
              "context": null,
              "code": "const message = \"property 'or' should be an array of satisfy rules\";\nisInvalidRule({ and: [{ or: {} }, { and: [{ or: 3 }] }] }, { instancePath: \"/and/0/or\", message }, { instancePath: \"/and/1/and/0/or\", message });",
              "err": {},
              "uuid": "cc705713-7a12-444d-b076-5eeb5e796632",
              "parentUUID": "f7ea4aa2-296b-43f9-b67b-29037bbc778a",
              "isHook": false,
              "skipped": false
            }
          ],
          "suites": [],
          "passes": [
            "b2010e70-dc6a-44b2-b4b2-0a72feb04df4",
            "41e3cc51-936e-4042-a1ad-6d0749947a7b",
            "fec8451d-d80d-43bd-8e26-eb5e2c3afc92",
            "9a66d612-7cc1-44fb-a8ab-d6bc67cc565f",
            "36d2eb66-1bae-4b5a-afe9-b2291474183c",
            "6f249bf4-78bb-4902-91f1-329ef87af47e",
            "06d09ebb-554d-4929-b8b4-6f8702d25793",
            "cc705713-7a12-444d-b076-5eeb5e796632"
          ],
          "failures": [],
          "pending": [],
          "skipped": [],
          "duration": 11,
          "root": false,
          "rootEmpty": false,
          "_timeout": 2000
        }
      ],
      "passes": [],
      "failures": [],
      "pending": [],
      "skipped": [],
      "duration": 0,
      "root": true,
      "rootEmpty": true,
      "_timeout": 2000
    }
  ],
  "meta": {
    "mocha": {
      "version": "9.0.3"
    },
    "mochawesome": {
      "options": {
        "quiet": false,
        "reportFilename": "mochawesome",
        "saveHtml": true,
        "saveJson": true,
        "consoleReporter": "spec",
        "useInlineDiffs": false,
        "code": true
      },
      "version": "6.2.2"
    },
    "marge": {
      "options": {
        "reportDir": "docs"
      },
      "version": "5.2.0"
    }
  }
}