{
  "stats": {
    "suites": 10,
    "tests": 48,
    "passes": 48,
    "pending": 0,
    "failures": 0,
    "start": "2021-07-29T07:41:28.796Z",
    "end": "2021-07-29T07:41:29.079Z",
    "duration": 283,
    "testsRegistered": 48,
    "passPercent": 100,
    "pendingPercent": 0,
    "other": 0,
    "hasOther": false,
    "skipped": 0,
    "hasSkipped": false
  },
  "results": [
    {
      "uuid": "15f60e93-112b-4730-b7af-22855a4c37cf",
      "title": "",
      "fullFile": "",
      "file": "",
      "beforeHooks": [],
      "afterHooks": [],
      "tests": [],
      "suites": [
        {
          "uuid": "4c3b7c81-8fbd-459c-8f86-6059b3927ff7",
          "title": "initDirectories",
          "fullFile": "/home/runner/work/planwithus-lib/planwithus-lib/src/block/schemas.test.ts",
          "file": "/src/block/schemas.test.ts",
          "beforeHooks": [],
          "afterHooks": [],
          "tests": [
            {
              "title": "should parse all blocks with no errors",
              "fullTitle": "initDirectories should parse all blocks with no errors",
              "timedOut": false,
              "duration": 2,
              "state": "passed",
              "speed": "fast",
              "pass": true,
              "fail": false,
              "pending": false,
              "context": null,
              "code": "_1.initDirectories.should.not.throw()",
              "err": {},
              "uuid": "a252b49d-d3c9-49ba-9c8e-96504fe82d4b",
              "parentUUID": "4c3b7c81-8fbd-459c-8f86-6059b3927ff7",
              "isHook": false,
              "skipped": false
            },
            {
              "title": "should produce primary, second & minor directories",
              "fullTitle": "initDirectories should produce primary, second & minor directories",
              "timedOut": false,
              "duration": 2,
              "state": "passed",
              "speed": "fast",
              "pass": true,
              "fail": false,
              "pending": false,
              "context": null,
              "code": "const directories = _1.initDirectories();\ndirectories.should.have.property(\"primary\");\ndirectories.should.have.property(\"second\");\ndirectories.should.have.property(\"minor\");",
              "err": {},
              "uuid": "43bb26a7-1a82-4eff-a775-415f06cbbbd7",
              "parentUUID": "4c3b7c81-8fbd-459c-8f86-6059b3927ff7",
              "isHook": false,
              "skipped": false
            }
          ],
          "suites": [],
          "passes": [
            "a252b49d-d3c9-49ba-9c8e-96504fe82d4b",
            "43bb26a7-1a82-4eff-a775-415f06cbbbd7"
          ],
          "failures": [],
          "pending": [],
          "skipped": [],
          "duration": 4,
          "root": false,
          "rootEmpty": false,
          "_timeout": 2000
        },
        {
          "uuid": "3f994538-7d3a-4885-a02f-83e74997ea60",
          "title": "blockSchema",
          "fullFile": "/home/runner/work/planwithus-lib/planwithus-lib/src/block/schemas.test.ts",
          "file": "/src/block/schemas.test.ts",
          "beforeHooks": [],
          "afterHooks": [],
          "tests": [
            {
              "title": "should validate valid block",
              "fullTitle": "blockSchema should validate valid block",
              "timedOut": false,
              "duration": 163,
              "state": "passed",
              "speed": "slow",
              "pass": true,
              "fail": false,
              "pending": false,
              "context": "[\n  {\n    \"title\": \"block sample 0\",\n    \"value\": {\n      \"name\": \"j&#%h#]\\\"s+\",\n      \"ay\": 2027,\n      \"assign\": [],\n      \"match\": [\n        {\n          \"pattern\": \"OD13\",\n          \"exclude\": [\n            \"WO930\",\n            \"PL460B\",\n            \"QN77Z\"\n          ],\n          \"info\": \"6?3\"\n        }\n      ],\n      \"satisfy\": {\n        \"mc\": \"<=5\"\n      },\n      \"url\": \"http://9uikryp2kfatfgu7legvgwu7r663uzd-39whq7td7v0co1x73jazl0bazll1b.fgb6nkrr2qyq64ny4v463kjvm8epd-lc-oj24gnphn.aprkdxvefo/OPEIun~%F3%84%92%8C%E9%A8%96/dsaG%F3%85%88%89/SC/j,mj0/0g8MD90\",\n      \"info\": \")>Hi2J\",\n      \"isSelectable\": true\n    }\n  },\n  {\n    \"title\": \"block sample 1\",\n    \"value\": {\n      \"name\": \"#}\",\n      \"ay\": 1963,\n      \"assign\": [\n        \"\",\n        \"yy\",\n        \"fHA>\",\n        \"MCMbiq&\"\n      ],\n      \"match\": {\n        \"pattern\": \"RYJ3224G\",\n        \"exclude\": \"DD4\",\n        \"info\": \"~$za=~_!/y\"\n      },\n      \"satisfy\": [\n        {\n          \"mc\": \"<=148\"\n        },\n        {\n          \"or\": [\n            {\n              \"or\": [\n                \"iflf`_@KA\",\n                \"!m3P7+$@<\",\n                {\n                  \"mc\": \">=107\"\n                }\n              ]\n            },\n            {\n              \"mc\": \"<=81\"\n            }\n          ]\n        }\n      ],\n      \"url\": \"https://crrqz23xouu9nr-66y3h58l.c146p9jp7nis44tezy3wu20c21e0j7prmvcat-6kjzm.hmcyecrqgftljbl6nkd2xs4qegzjf24f0rj80q03oj.vym/4/N*3rxv%F1%91%91%85Za/y*K%F0%98%99%B3ItW;@/fai=1egdaz/L'95j=/xtp/v/IPYkWRHY//%25Uhfg1\",\n      \"info\": \"\",\n      \"isSelectable\": true\n    }\n  },\n  {\n    \"title\": \"block sample 2\",\n    \"value\": {\n      \"name\": \"^$\",\n      \"ay\": 1989,\n      \"assign\": \"C:7xLv\",\n      \"match\": [\n        {\n          \"and\": [\n            {\n              \"and\": [\n                {\n                  \"pattern\": \"HZK75x\"\n                },\n                \"HA28\",\n                \"XLXx**7\",\n                \"YQx44xC\"\n              ]\n            },\n            {\n              \"or\": [\n                {\n                  \"or\": [\n                    \"GI28\",\n                    {\n                      \"pattern\": \"VD96xS\",\n                      \"exclude\": \"MXM318\",\n                      \"info\": \"uuQ\"\n                    },\n                    \"DF*324W\",\n                    {\n                      \"and\": [\n                        \"XX85O\",\n                        \"IQR48\"\n                      ]\n                    }\n                  ]\n                }\n              ]\n            }\n          ]\n        }\n      ],\n      \"satisfy\": [\n        \"#\\\"\",\n        {\n          \"or\": [\n            \"i?\",\n            {\n              \"and\": [\n                \"z!#\"\n              ]\n            },\n            {\n              \"and\": [\n                \"p}.>\",\n                {\n                  \"or\": [\n                    {\n                      \"or\": [\n                        \"U(<B-.\",\n                        \"+X\",\n                        {\n                          \"mc\": \"<=156\"\n                        }\n                      ]\n                    },\n                    {\n                      \"and\": []\n                    },\n                    \"2N1{i\",\n                    \"vCJq.)d\",\n                    \"xn6r+mMV \"\n                  ]\n                },\n                \"b'V^iQ#U$\\\"\",\n                \"=H?\"\n              ]\n            }\n          ]\n        },\n        {\n          \"mc\": \">=192\"\n        },\n        {\n          \"or\": [\n            {\n              \"mc\": \">=3\"\n            }\n          ]\n        },\n        {\n          \"or\": [\n            {\n              \"or\": []\n            },\n            {\n              \"or\": []\n            }\n          ]\n        }\n      ],\n      \"url\": \"https://f5l06g1ypi2hj15ptqa-og1bkj3-60pk9ojk.uzuqw7jxxzp3l3wv9xkluds7scygr5xr0ds.f.imcctx/TDU%F2%93%BD%B6b/%F1%AF%AC%A3N:/pcH(:-1ZH%F4%88%A4%A9/)S\",\n      \"info\": \"\",\n      \"z,z\": {\n        \"name\": \" j&g&$>x\",\n        \"ay\": 1956,\n        \"assign\": \"Ar|\\\\jM!5\",\n        \"match\": {\n          \"or\": []\n        },\n        \"satisfy\": {\n          \"or\": [\n            {\n              \"or\": [\n                \"8\",\n                \"nKE|urU'Qs\",\n                {\n                  \"and\": [\n                    \"]1H,i\",\n                    {\n                      \"or\": [\n                        \"~OP\"\n                      ]\n                    }\n                  ]\n                },\n                \"VY,t\"\n              ]\n            },\n            {\n              \"mc\": \">=170\"\n            },\n            {\n              \"or\": [\n                {\n                  \"mc\": \"<=116\"\n                },\n                {\n                  \"and\": [\n                    {\n                      \"or\": []\n                    }\n                  ]\n                }\n              ]\n            },\n            {\n              \"or\": [\n                \"\\\\uTms+\",\n                {\n                  \"and\": [\n                    \"j\",\n                    {\n                      \"mc\": \"<=29\"\n                    },\n                    {\n                      \"mc\": \">=76\"\n                    },\n                    {\n                      \"and\": [\n                        \"eFw?EA?^\",\n                        \"H\",\n                        \" :i+[e\",\n                        {\n                          \"or\": []\n                        },\n                        \"O7+f{1\"\n                      ]\n                    },\n                    \"lEY\"\n                  ]\n                },\n                {\n                  \"mc\": \">=84\"\n                }\n              ]\n            },\n            \"2!1\\\"=~#%\"\n          ]\n        },\n        \"url\": \"http://3qkr6ego9ej4.agvye.fhawlxwh/J%F0%9A%8C%B8,Hy//:Nr9Y/a/M/nD:B%F0%9A%AE%98%F1%88%A7%9C\",\n        \"info\": \"\",\n        \"isSelectable\": true\n      },\n      \"\": {\n        \"name\": \"\",\n        \"ay\": 1956,\n        \"assign\": [\n          \"8!~H/>#L\",\n          \"s\\\\tGt\",\n          \"(!|oz&mB\"\n        ],\n        \"match\": [\n          {\n            \"or\": [\n              {\n                \"or\": [\n                  {\n                    \"or\": [\n                      {\n                        \"pattern\": \"KGY29x1\",\n                        \"exclude\": \"KD83W\",\n                        \"info\": \">2CxQ4\"\n                      },\n                      \"VJ1381\"\n                    ]\n                  },\n                  \"PI714O\"\n                ]\n              },\n              {\n                \"pattern\": \"MS3058B\",\n                \"exclude\": [\n                  \"NFZ6004\",\n                  \"DR277Q\",\n                  \"XDM22\",\n                  \"UK85V\"\n                ],\n                \"info\": \"[d@k[\"\n              },\n              {\n                \"pattern\": \"ADU9*x4X\",\n                \"info\": \"!~\"\n              },\n              \"TJ5xx3K\"\n            ]\n          },\n          \"IL4463\",\n          {\n            \"and\": [\n              {\n                \"or\": [\n                  {\n                    \"or\": []\n                  }\n                ]\n              },\n              \"ZM46K\",\n              \"HU07x\"\n            ]\n          }\n        ],\n        \"satisfy\": [\n          {\n            \"and\": []\n          },\n          \"s{w4#ac\",\n          {\n            \"or\": []\n          },\n          {\n            \"mc\": \"<=17\"\n          }\n        ],\n        \"url\": \"https://yd.3kqbz34a1xqjpw9fhrji-qhaqx5ycs6bt4-c.9cdv6d7foe-4rs3bcbffaf5-xy0t.kj//N%F3%8A%86%87/0p/q,dy/7fA///:@%F4%8F%BF%B4/\",\n        \"info\": \"\",\n        \"isSelectable\": true\n      },\n      \"Yj8>h\": {\n        \"name\": \"\\\"\",\n        \"ay\": 2025,\n        \"assign\": [\n          \"\"\n        ],\n        \"match\": [\n          \"HH7\",\n          {\n            \"and\": [\n              {\n                \"and\": [\n                  {\n                    \"and\": [\n                      \"UKX87\",\n                      \"LHM30R\",\n                      {\n                        \"pattern\": \"QRA4x97\",\n                        \"exclude\": \"UTA535\"\n                      },\n                      \"DMV8S\",\n                      {\n                        \"or\": [\n                          \"ZNx0\",\n                          \"WT*4\",\n                          {\n                            \"pattern\": \"BJ1x07U\",\n                            \"info\": \"_Phuz}uB\"\n                          }\n                        ]\n                      }\n                    ]\n                  }\n                ]\n              },\n              \"DJN*E\",\n              \"HOX*1\"\n            ]\n          }\n        ],\n        \"satisfy\": {\n          \"and\": [\n            {\n              \"or\": []\n            },\n            {\n              \"and\": [\n                \"dY%>Nq$q\",\n                {\n                  \"mc\": \">=3\"\n                },\n                {\n                  \"or\": [\n                    {\n                      \"or\": [\n                        \"|.\"\n                      ]\n                    },\n                    {\n                      \"or\": [\n                        {\n                          \"mc\": \"<=82\"\n                        },\n                        \"\\\"\",\n                        \";)um~8ixB\"\n                      ]\n                    },\n                    \"]Q?0GoH_\"\n                  ]\n                }\n              ]\n            }\n          ]\n        },\n        \"info\": \"$%$Rc\",\n        \"isSelectable\": true\n      },\n      \"#mu\": {\n        \"name\": \"N$ ST\",\n        \"ay\": 1953,\n        \"assign\": [\n          \"\",\n          \"Z|\"\n        ],\n        \"satisfy\": {\n          \"or\": [\n            \"&\\\"&Ux}\",\n            {\n              \"or\": [\n                {\n                  \"and\": []\n                },\n                {\n                  \"or\": [\n                    \"koW\",\n                    \"I]#\",\n                    \"Zmer}gKA\",\n                    \"'E(fRH)#\"\n                  ]\n                },\n                {\n                  \"and\": [\n                    \"Q\",\n                    {\n                      \"or\": []\n                    }\n                  ]\n                },\n                {\n                  \"mc\": \"<=11\"\n                }\n              ]\n            },\n            {\n              \"and\": [\n                {\n                  \"mc\": \">=135\"\n                }\n              ]\n            },\n            \"x\"\n          ]\n        },\n        \"url\": \"http://6.g7uyde0w63ax53dbfja2z5anzfml89alwz8h2ckba9rd73aeif.a05yb8gf6ra0ul5qo-77bzscamfy524psz62ylfvhzjbjt7z2pw9g4n96s2je.cddbc/!&gmPC:/%F3%93%8F%9CG~'j2%F3%82%B7%8E/ChwU@_,uf-/ZQB%F2%B4%AA%BCP/ft/fNciF/\",\n        \"info\": \"%\",\n        \"isSelectable\": true\n      },\n      \"cJp7BK-%\\\"\": {\n        \"name\": \"i8t\",\n        \"ay\": 1957,\n        \"assign\": [\n          \"% X=\",\n          \"Qa)pl\",\n          \"aq'q\"\n        ],\n        \"satisfy\": [\n          {\n            \"mc\": \">=98\"\n          }\n        ],\n        \"url\": \"http://bcc5f-c748bpe98nj0cbba6-96bd1cl-eiwsg.qcbea8f.jcyuwnzvec/oPLR0/BVi/ob::T+Z~eU/D/@4UNp/M,B6zkYdiG/%F2%9E%9D%9Fiyu/he8dEm%F4%84%91%A9A3/T3q%F1%B1%BF%9B9p%F1%AE%B5%8C*\",\n        \"info\": \"}\\\"!!K@%\",\n        \"isSelectable\": true\n      }\n    }\n  },\n  {\n    \"title\": \"block sample 3\",\n    \"value\": {\n      \"name\": \"4ln-I\",\n      \"match\": [\n        {\n          \"or\": []\n        },\n        {\n          \"or\": []\n        },\n        {\n          \"or\": [\n            {\n              \"and\": [\n                \"VS1\",\n                {\n                  \"and\": []\n                },\n                \"IL9\",\n                {\n                  \"or\": [\n                    {\n                      \"pattern\": \"IJ8F\",\n                      \"exclude\": \"BE4P\",\n                      \"info\": \"!M7u<z<(b:\"\n                    },\n                    {\n                      \"and\": [\n                        \"TLT845T\"\n                      ]\n                    },\n                    \"WMW*\"\n                  ]\n                },\n                {\n                  \"pattern\": \"LF6W\",\n                  \"exclude\": [],\n                  \"info\": \"EBf=wU}\"\n                }\n              ]\n            },\n            {\n              \"or\": [\n                {\n                  \"or\": [\n                    \"PA17\",\n                    \"RGF2981\",\n                    \"YA78\"\n                  ]\n                },\n                {\n                  \"and\": [\n                    \"DSZ6I\",\n                    {\n                      \"and\": [\n                        {\n                          \"pattern\": \"MCT4xY\",\n                          \"exclude\": \"FKP53\"\n                        },\n                        \"ODZ73\",\n                        \"HZx91I\",\n                        \"XTZ29\"\n                      ]\n                    },\n                    \"VVE3057I\",\n                    \"RSK71H\",\n                    {\n                      \"or\": []\n                    }\n                  ]\n                },\n                \"ZPTx97J\"\n              ]\n            }\n          ]\n        }\n      ],\n      \"satisfy\": [],\n      \"url\": \"https://bfpdn.vdabajd5aybc5ofjure6f-zheqc78de7-czecdbf7wev8c.f96ku69uc2mtgthxx5c2ues19yjzec1wueuyep7xqt-2w-amaw.dzaecbayw/DZ/&*aVx1_m/U'+o/6kPm)A%F3%A9%9B%B3Q:F/=FWOa/C/h~qn~&:(/6m3ZDV&%F2%AD%A8%BA\",\n      \"info\": \"1Q^\\\"!%!#\",\n      \"isSelectable\": true\n    }\n  },\n  {\n    \"title\": \"block sample 4\",\n    \"value\": {\n      \"name\": \"H\",\n      \"ay\": 2026,\n      \"assign\": [],\n      \"url\": \"http://z2xmh1aolzjzvc0mgafkbptkpv7o8p9dv6-z051mmpjytyixygiu2div9r.3.o-hgsl7vc-47x4nc6gjp2.zczzyr/dPdiT+N23%F2%B5%BA%B2/v3~EEhvp/Nx;ZFs\",\n      \"isSelectable\": true\n    }\n  },\n  {\n    \"title\": \"block sample 5\",\n    \"value\": {\n      \"name\": \"DxO~\",\n      \"assign\": [\n        \"~\",\n        \"$nQ\",\n        \"\\\\?|v0Muif\",\n        \"}~;Vjo]GR\"\n      ],\n      \"match\": [\n        {\n          \"and\": [\n            {\n              \"pattern\": \"OV0513B\",\n              \"exclude\": \"SU7\",\n              \"info\": \"`#vV7jGv5\"\n            },\n            {\n              \"or\": [\n                \"VYx1x\"\n              ]\n            },\n            \"HF111\",\n            \"JYO9\"\n          ]\n        },\n        \"PG9*03\",\n        {\n          \"or\": []\n        }\n      ],\n      \"satisfy\": \"O@s BU5fp\",\n      \"url\": \"https://9.frcee2l6zzkd65qukn2bcdxsbffn3n4.o.ldndggra/P/%F2%A4%8F%83u'24U$/7K,)/L/c%F1%BD%8D%8Bk/*jT/mri/-bt/aeg\",\n      \"isSelectable\": true\n    }\n  },\n  {\n    \"title\": \"block sample 6\",\n    \"value\": {\n      \"name\": \"\\\"x \",\n      \"assign\": [\n        \"1I((rI\"\n      ],\n      \"match\": [\n        \"UDE71J\",\n        {\n          \"and\": []\n        }\n      ],\n      \"satisfy\": \"L}wOP\",\n      \"url\": \"https://65cm055.4dnh9pdfmol9f5cbe1fr7axmalbrk6p7vnaqc8a7y.mfgty4sk1ux-itjd3epm6ia6pc8qnzj5pgfm6uy38q0gdzm86nfgi9gwgx4-5.bgdp/d\",\n      \"info\": \"wm:x_^.\",\n      \"isSelectable\": true,\n      \"\": {\n        \"assign\": \"s\",\n        \"satisfy\": [\n          \"?I!9~\",\n          \"00p\",\n          {\n            \"and\": [\n              {\n                \"mc\": \"<=91\"\n              },\n              {\n                \"or\": [\n                  {\n                    \"and\": []\n                  },\n                  {\n                    \"and\": [\n                      \"Ng{7qi@\",\n                      {\n                        \"and\": [\n                          \"8&\",\n                          \"FFCA$Pkd5\",\n                          \"wXB$R8Xvc\",\n                          {\n                            \"and\": [\n                              \"\"\n                            ]\n                          }\n                        ]\n                      },\n                      {\n                        \"mc\": \">=21\"\n                      },\n                      \"va9\"\n                    ]\n                  },\n                  {\n                    \"mc\": \">=170\"\n                  },\n                  {\n                    \"mc\": \">=80\"\n                  }\n                ]\n              },\n              {\n                \"and\": [\n                  {\n                    \"mc\": \"<=131\"\n                  },\n                  \"-l]\"\n                ]\n              },\n              {\n                \"and\": [\n                  \":MHNoh^Ily\"\n                ]\n              }\n            ]\n          }\n        ],\n        \"url\": \"http://nc65.bvdc/ujNEd/%F4%8C%B0%95).K5/$Zi3WX1%F3%A8%BD%B2Bm/\",\n        \"info\": \"zt&#t\",\n        \"isSelectable\": true,\n        \"jDW#!Ov.:\": {\n          \"name\": \"pgOT)`.\",\n          \"ay\": 1961,\n          \"assign\": [\n            \"dKkw4*Yr\",\n            \"u#b%hw\\\\k\",\n            \"\"\n          ],\n          \"match\": \"WT46\",\n          \"satisfy\": [\n            {\n              \"mc\": \">=193\"\n            },\n            \",a;(6f\\\\#*\"\n          ],\n          \"url\": \"http://1g-7t0est2p9ecrwd24.gbxnqtpszros6cwcqnqr64y39x01-xgechasq7xwkjcbwz59hh.2e8rv5rslsfm9bzvkw1dq70n9rl4o2-8f5tumdnbq-ivnoe.yt6bj2z1arzgguicw9.38cb-t-xti69v.tjcct/%F0%A1%99%8Fb/GX9Q)7/!HXVri4%F2%83%9B%8D/%F0%95%AA%9CGgU-Yw8Ml/jV1i\",\n          \"info\": \"*^8R 9k<\",\n          \"isSelectable\": true\n        },\n        \"st\": {\n          \"ay\": 1993,\n          \"match\": [],\n          \"satisfy\": [\n            {\n              \"mc\": \">=44\"\n            },\n            {\n              \"or\": [\n                \"S52r?@U\"\n              ]\n            },\n            {\n              \"or\": [\n                \"N,A/s8*\"\n              ]\n            },\n            {\n              \"mc\": \">=125\"\n            },\n            \"v?A%X0\"\n          ],\n          \"url\": \"http://8awh5174p31fkdb7mplv032vbwmd767atnpfzczfc0pfargos633gnwzqur.tx8szvt1i2ontnrx1r1hvu2rqmxe2s80xrjlc8n3d5u-pyv9ivqotk9m5jv5k.xyjeptdb/V:E%F3%84%9C%B4Qs,/qJZDXEh1@/%F1%B5%BB%95)OM/UHH3*UMevh/%F2%9A%A2%92O_2aPEAw/v.\",\n          \"isSelectable\": true\n        },\n        \"AG;u6l\": {\n          \"name\": \"\",\n          \"ay\": 1969,\n          \"assign\": \"`dhcdH}<wB\",\n          \"match\": [\n            {\n              \"and\": [\n                {\n                  \"and\": [\n                    \"UED857\",\n                    {\n                      \"or\": [\n                        {\n                          \"and\": [\n                            \"EH09\",\n                            {\n                              \"pattern\": \"OGZ5\",\n                              \"info\": \"6AQ[n0@\"\n                            },\n                            {\n                              \"pattern\": \"AZQ627V\",\n                              \"exclude\": []\n                            },\n                            {\n                              \"or\": [\n                                \"WV69\"\n                              ]\n                            }\n                          ]\n                        },\n                        {\n                          \"or\": [\n                            \"AZ10W\",\n                            \"DIR37J\",\n                            \"XZ1Q\"\n                          ]\n                        },\n                        {\n                          \"and\": [\n                            \"CO238*\",\n                            \"DSx87\",\n                            {\n                              \"pattern\": \"NBL*0\",\n                              \"exclude\": [\n                                \"SG396C\"\n                              ],\n                              \"info\": \"Af)GI57t%\"\n                            },\n                            \"ST2\"\n                          ]\n                        },\n                        \"BJQ582\",\n                        \"AGR763S\"\n                      ]\n                    },\n                    {\n                      \"pattern\": \"FKJ8P\",\n                      \"exclude\": [\n                        \"DWCx\",\n                        \"XPV8095Q\",\n                        \"NQZ50\"\n                      ]\n                    },\n                    \"YCx06A\",\n                    {\n                      \"pattern\": \"NVXx\",\n                      \"exclude\": \"RFR*W\",\n                      \"info\": \"C&vB\"\n                    }\n                  ]\n                }\n              ]\n            },\n            {\n              \"pattern\": \"MFH2650H\",\n              \"exclude\": \"JBW5I\",\n              \"info\": \"05Krv\"\n            },\n            \"DQB*8\",\n            {\n              \"pattern\": \"AX22**H\",\n              \"exclude\": \"ZIV1676O\",\n              \"info\": \"PI=O+c>W!\"\n            },\n            {\n              \"and\": [\n                {\n                  \"pattern\": \"OBN4*O\",\n                  \"exclude\": [\n                    \"RO*7\",\n                    \"DH0922\",\n                    \"KQ43*\",\n                    \"KKJ1x39\"\n                  ],\n                  \"info\": \"i)9)7\"\n                }\n              ]\n            }\n          ],\n          \"satisfy\": [],\n          \"url\": \"https://7e.1u1sp41d.45g7j.oxyfxrx/H/D'%F3%9F%B1%8E=C~%F3%AA%98%BB&/v@%F1%99%AA%85Wjj/%F3%B8%9A%B2A$*5//ha7//O-h(mU%F3%93%9D%81&z/xQJU5Ys%F1%A4%BF%BEv/c0%F3%A8%A0%A9&\",\n          \"info\": \"[h(OB2P\",\n          \"isSelectable\": true,\n          \"c\\\"P+$b\": {\n            \"ay\": 2009,\n            \"assign\": [\n              \"a;f6\"\n            ],\n            \"match\": {\n              \"pattern\": \"JD9V\",\n              \"exclude\": []\n            },\n            \"satisfy\": [\n              \"stW;L@\",\n              {\n                \"mc\": \">=31\"\n              },\n              {\n                \"mc\": \">=35\"\n              },\n              {\n                \"mc\": \"<=79\"\n              },\n              {\n                \"and\": [\n                  {\n                    \"or\": [\n                      \"`#LI\",\n                      {\n                        \"mc\": \"<=114\"\n                      },\n                      {\n                        \"or\": [\n                          {\n                            \"and\": [\n                              \"b6L\",\n                              \"Y0Yxo\",\n                              \"f\",\n                              \"Pmy'dk\",\n                              \"E*J[mM7O|I\"\n                            ]\n                          },\n                          \"QZq@jx\"\n                        ]\n                      },\n                      {\n                        \"and\": [\n                          \"?OtcSoG_\",\n                          \"}BPd3j\",\n                          \"Erz-{X>s\"\n                        ]\n                      }\n                    ]\n                  }\n                ]\n              }\n            ],\n            \"url\": \"http://t.a-i.9gly6vsxg2q3xjzq8fply8krn6cy7izg6xij07b.w.ioyvrvb4n5l5x3jtxsidgk52o91q25b3i8pb1kdhiwj7d.aw/7uuP'Vqj;/uh&Dn/sh%F3%93%94%A0vyQb/*v;WD+!P1%F1%B6%86%81/%F1%AF%84%9E%F2%82%A2%9Ez/-zNgTBe/j%F0%BA%84%B7/yE7'b)\",\n            \"info\": \"@\",\n            \"isSelectable\": true\n          },\n          \"x hg'oV\": {\n            \"name\": \"ak)b$);X\\\"\",\n            \"ay\": 2025,\n            \"match\": [\n              {\n                \"pattern\": \"LN8T\"\n              },\n              {\n                \"or\": [\n                  {\n                    \"pattern\": \"AQ*67\",\n                    \"info\": \"9@_Wux2\"\n                  },\n                  {\n                    \"or\": [\n                      {\n                        \"or\": [\n                          \"VK1\"\n                        ]\n                      },\n                      {\n                        \"and\": [\n                          {\n                            \"pattern\": \"GF5xx5\",\n                            \"info\": \"Zi 'Bn\"\n                          }\n                        ]\n                      },\n                      \"QZO1x8J\",\n                      \"GF**\"\n                    ]\n                  },\n                  {\n                    \"pattern\": \"AU9749\",\n                    \"exclude\": \"FWL6643B\",\n                    \"info\": \"{Y~G, KG<,\"\n                  },\n                  \"SJE4\",\n                  {\n                    \"or\": [\n                      {\n                        \"pattern\": \"VH7\",\n                        \"info\": \"J\"\n                      },\n                      \"LAUxR\",\n                      {\n                        \"pattern\": \"GTY924\",\n                        \"exclude\": \"BUW164*\",\n                        \"info\": \"P^\\\"I>=~&v>\"\n                      },\n                      \"IU14*8G\",\n                      \"TCG*19\"\n                    ]\n                  }\n                ]\n              },\n              {\n                \"and\": [\n                  {\n                    \"pattern\": \"WUR742I\",\n                    \"exclude\": [\n                      \"SW223xS\",\n                      \"AR25K\",\n                      \"WBM2x1R\",\n                      \"RV0\",\n                      \"BTG11X\"\n                    ],\n                    \"info\": \"nH{#{Xe{/y\"\n                  }\n                ]\n              },\n              {\n                \"or\": []\n              }\n            ],\n            \"satisfy\": [],\n            \"url\": \"http://cmx9ff0odljfi3d5gz4usbmpdu0itxtp.q6ltodjlv5-suvts0gv9ini04xkxgbxsuk3aygn1.eu597phdgumhs8to73k91xekkegntyxllaokiugel.ov/d/nu9//Z8N22f/Cu*k1+Io/S//E+1nKl(/u*c;(/\",\n            \"info\": \"8w\",\n            \"isSelectable\": true\n          }\n        }\n      }\n    }\n  },\n  {\n    \"title\": \"block sample 7\",\n    \"value\": {\n      \"name\": \"tf5$h\",\n      \"assign\": \"|}\\\\\",\n      \"match\": \"BR*47G\",\n      \"url\": \"https://jpkahlcu6p1j08jbmyxebo70y4q0a6-5ym.zkf01789h36iqvd4e2yesvz13k-bxg.y9lkzp8d1o8-wtw0bzaq.p.rr1mi3ridiqo-h.kcp/_Z:j3/oUQuJ%F1%BC%BC%93'W/0%F4%82%AD%99q+xn/0d%2FA/DeOea/fC7L%F4%8F%BF%BA&+%F1%BB%86%9DT\",\n      \"info\": \"- \",\n      \"isSelectable\": true\n    }\n  },\n  {\n    \"title\": \"block sample 8\",\n    \"value\": {\n      \"name\": \"p3\",\n      \"ay\": 2026,\n      \"assign\": \"wntY@4/C\",\n      \"match\": [\n        {\n          \"and\": [\n            {\n              \"and\": [\n                \"RZL8*\",\n                \"XJ80X\",\n                {\n                  \"pattern\": \"PJ*95\",\n                  \"info\": \"\"\n                },\n                {\n                  \"pattern\": \"ZZX3689Q\",\n                  \"exclude\": \"YJ*45N\"\n                }\n              ]\n            },\n            {\n              \"or\": [\n                {\n                  \"or\": [\n                    \"KX3Q\",\n                    \"OT*5T\",\n                    \"SE738R\",\n                    \"UG5\",\n                    \"MYDx7U\"\n                  ]\n                },\n                {\n                  \"or\": [\n                    \"XUX10x*J\",\n                    \"DSV87V\",\n                    {\n                      \"or\": [\n                        {\n                          \"or\": []\n                        }\n                      ]\n                    }\n                  ]\n                },\n                \"ZAX7\",\n                \"AV67*J\"\n              ]\n            },\n            {\n              \"and\": []\n            }\n          ]\n        }\n      ],\n      \"satisfy\": {\n        \"mc\": \"<=4\"\n      },\n      \"url\": \"https://zszjuh43szdmy1mg-nh4v-0in45v2uxogxy.ferx/q+aa,.d:/e\",\n      \"info\": \"t&kE0/\"\n    }\n  },\n  {\n    \"title\": \"block sample 9\",\n    \"value\": {\n      \"name\": \"@pLDuGe\",\n      \"ay\": 2026,\n      \"assign\": [],\n      \"url\": \"https://0tz2zfhb55zdsr2xc3hic6re.zjnu15ib1cxeyw6j9r4ltm0layfnr.nar42ouvt0b36xaljaw37cbsm3trs4fw6-y0uyqgkf7w0nvm-f1cojhh4d4ro67.wp/X'%F2%8A%A5%8D)/Z4.%F1%B9%BC%A9Z/H&%F2%86%84%A34/%F2%AB%9F%B1/%F2%B9%9E%9Ft%F0%A2%96%A5%F3%A7%93%826/fPX4\",\n      \"info\": \"yJ#\",\n      \"isSelectable\": true,\n      \"`\": {\n        \"name\": \"\\\\RY)Z:\",\n        \"ay\": 2021,\n        \"assign\": \"w3/8L\",\n        \"match\": [\n          {\n            \"and\": [\n              {\n                \"or\": [\n                  {\n                    \"or\": [\n                      {\n                        \"and\": [\n                          \"NUN570\",\n                          \"GHV1*F\",\n                          \"YRY0xG\"\n                        ]\n                      },\n                      {\n                        \"and\": [\n                          {\n                            \"and\": [\n                              {\n                                \"or\": []\n                              },\n                              \"MGI*27S\",\n                              \"TM*61x\",\n                              \"BBPx\"\n                            ]\n                          }\n                        ]\n                      },\n                      \"YD27\",\n                      {\n                        \"or\": []\n                      },\n                      {\n                        \"or\": []\n                      }\n                    ]\n                  },\n                  {\n                    \"pattern\": \"KVE833\",\n                    \"exclude\": [\n                      \"YSBx239I\",\n                      \"HU0674\",\n                      \"XCx\",\n                      \"RA9095\"\n                    ],\n                    \"info\": \">4=,0f>Y\"\n                  },\n                  {\n                    \"and\": [\n                      \"XN89\",\n                      \"YR029\",\n                      \"PTx*\",\n                      {\n                        \"or\": [\n                          \"GU6\",\n                          {\n                            \"or\": [\n                              \"BI5252I\"\n                            ]\n                          },\n                          {\n                            \"pattern\": \"MV37X\",\n                            \"exclude\": \"YO1638\",\n                            \"info\": \"<h~X7\"\n                          },\n                          \"IWJ*1\"\n                        ]\n                      }\n                    ]\n                  }\n                ]\n              },\n              {\n                \"or\": [\n                  {\n                    \"pattern\": \"QAR9\",\n                    \"info\": \"d\"\n                  },\n                  {\n                    \"or\": [\n                      \"VKx38\",\n                      {\n                        \"and\": [\n                          \"PH*\"\n                        ]\n                      },\n                      \"CISx85\"\n                    ]\n                  },\n                  {\n                    \"and\": [\n                      \"YIF5x6C\",\n                      \"GBV8\"\n                    ]\n                  }\n                ]\n              },\n              \"QM6013\",\n              {\n                \"and\": [\n                  \"JIC8X\",\n                  \"UE4\",\n                  \"DR6xx\"\n                ]\n              }\n            ]\n          },\n          \"SX6L\",\n          {\n            \"and\": [\n              \"JS8269\",\n              \"UD58K\"\n            ]\n          },\n          {\n            \"pattern\": \"RYT5\",\n            \"exclude\": \"OTR102\",\n            \"info\": \"\"\n          },\n          {\n            \"and\": [\n              {\n                \"or\": [\n                  {\n                    \"and\": [\n                      {\n                        \"and\": []\n                      },\n                      {\n                        \"pattern\": \"PC7\",\n                        \"exclude\": \"ETK78xO\",\n                        \"info\": \"IRIW?s:\"\n                      },\n                      \"AZP8609F\",\n                      \"JJZ8x9\",\n                      \"LA9*25\"\n                    ]\n                  },\n                  \"TVD4476\",\n                  {\n                    \"or\": [\n                      \"ULx3T\",\n                      \"AOI**48A\",\n                      \"RU546\",\n                      \"YAP576xJ\"\n                    ]\n                  },\n                  {\n                    \"and\": [\n                      {\n                        \"and\": [\n                          \"QOZ8909D\",\n                          \"IZ3T\"\n                        ]\n                      },\n                      \"FX7\",\n                      \"BT2*B\",\n                      \"UD3\"\n                    ]\n                  },\n                  {\n                    \"or\": []\n                  }\n                ]\n              }\n            ]\n          }\n        ],\n        \"satisfy\": [\n          {\n            \"mc\": \">=157\"\n          },\n          \" UY~G]\"\n        ],\n        \"url\": \"http://yag9tf225jdjv74ydo0pk8pjm8izs.jyveefyvx/cnb.R9c48G/LU/2d!FOo\",\n        \"info\": \"-Ho's1F\\\"N*\",\n        \"isSelectable\": true\n      },\n      \"f=_fDF-%\": {\n        \"name\": \"\\\\An253K\",\n        \"ay\": 1966,\n        \"assign\": [\n          \"j?s*dP=Hj\"\n        ],\n        \"match\": {\n          \"or\": [\n            {\n              \"or\": [\n                \"BT30*6L\",\n                \"SJ3922\",\n                \"LSV1\",\n                {\n                  \"pattern\": \"CR789*C\",\n                  \"exclude\": \"YSL73*L\"\n                },\n                {\n                  \"or\": [\n                    \"GJP*8*0\",\n                    {\n                      \"or\": [\n                        \"XS92\"\n                      ]\n                    },\n                    \"OB312N\"\n                  ]\n                }\n              ]\n            },\n            {\n              \"and\": []\n            }\n          ]\n        },\n        \"satisfy\": {\n          \"or\": [\n            \"d/7U\"\n          ]\n        },\n        \"url\": \"https://78.phekjl/B%F2%B3%81%8C/jZj/H5%F3%94%A6%BC%F1%AE%A4%90/L:k26//:e3%F1%B9%8E%836R//Rjmq%F2%9F%A7%9FHvE('\",\n        \"info\": \"?%=C*S{8\",\n        \"isSelectable\": true\n      },\n      \"G\": {\n        \"name\": \"P}te0m\",\n        \"assign\": \"l]\",\n        \"match\": [],\n        \"satisfy\": [\n          {\n            \"or\": [\n              \"MC}p#eY6\",\n              \"o2gy\",\n              {\n                \"and\": [\n                  \"\",\n                  {\n                    \"and\": []\n                  }\n                ]\n              }\n            ]\n          },\n          {\n            \"or\": [\n              {\n                \"and\": [\n                  \"i\",\n                  {\n                    \"or\": [\n                      \"v@mQs%u%h_\"\n                    ]\n                  },\n                  \"Eh'DXXuR\",\n                  {\n                    \"or\": [\n                      \"8\",\n                      \"\"\n                    ]\n                  },\n                  {\n                    \"or\": []\n                  }\n                ]\n              },\n              \"hH6 ^GwM\",\n              {\n                \"or\": [\n                  \"c o\",\n                  \"ll\"\n                ]\n              },\n              {\n                \"and\": [\n                  {\n                    \"or\": [\n                      \"+\\\\AGLW\\\\||0\",\n                      \"rg\",\n                      \"$n,y.crV\"\n                    ]\n                  },\n                  {\n                    \"mc\": \">=14\"\n                  },\n                  \"$MK|H.81X!\",\n                  {\n                    \"mc\": \"<=134\"\n                  }\n                ]\n              },\n              \"tdF\"\n            ]\n          },\n          {\n            \"or\": []\n          },\n          {\n            \"or\": [\n              {\n                \"mc\": \">=73\"\n              },\n              \":\",\n              {\n                \"or\": [\n                  {\n                    \"mc\": \"<=47\"\n                  },\n                  {\n                    \"and\": []\n                  }\n                ]\n              },\n              {\n                \"and\": [\n                  \" ^p%Gbs\",\n                  {\n                    \"mc\": \"<=90\"\n                  }\n                ]\n              }\n            ]\n          },\n          \"z5qQ\"\n        ],\n        \"info\": \"\",\n        \"isSelectable\": true\n      },\n      \"FSj?\": {\n        \"ay\": 1991,\n        \"assign\": \"G.b7nN{'Q?\",\n        \"match\": {\n          \"pattern\": \"MF19\",\n          \"exclude\": \"YN0N\",\n          \"info\": \"}_\"\n        },\n        \"url\": \"https://ra1mw7z37-n55ewhichjgilewr-774795nlkabiomsa6ib3.833bwju89y71f941hzn4kn5uupm9jsoc.l8o708f6t83kbxmu6xf3t-2kh8x0ic5vkja.u.qqkhdwqpm/M0/vH/d/$lgDVCBue5/@c7&VpiZ*g/4!RW'o'%E7%BC%91/,:p@/T!ArNJSE/Ls%F0%B7%8E%A6ttQA0V\",\n        \"info\": \"^^\\\"P))\",\n        \"isSelectable\": true,\n        \"*wR^h.\": {\n          \"name\": \"Kf5$Ban\",\n          \"ay\": 1964,\n          \"assign\": [\n            \"d?3ij2}R-@\",\n            \"s}a>Q\"\n          ],\n          \"match\": {\n            \"or\": [\n              {\n                \"and\": [\n                  {\n                    \"or\": [\n                      {\n                        \"and\": [\n                          {\n                            \"pattern\": \"EU5X\",\n                            \"exclude\": [\n                              \"HR2*9\"\n                            ]\n                          }\n                        ]\n                      },\n                      \"YLW9x*X\",\n                      {\n                        \"and\": [\n                          \"OM66Q\",\n                          \"HMZ090Y\",\n                          \"SZ5\",\n                          \"YL2\"\n                        ]\n                      },\n                      \"WCExR\"\n                    ]\n                  }\n                ]\n              },\n              {\n                \"and\": []\n              }\n            ]\n          },\n          \"satisfy\": {\n            \"or\": [\n              {\n                \"and\": [\n                  \"DQn0\",\n                  \"gqM\"\n                ]\n              }\n            ]\n          },\n          \"url\": \"https://o7qf4hmurfqxpkdk4hyxdfp9xga-e6zneby2dtwd-dihdyimscgelobpyde.tkvc/pibz\",\n          \"info\": \"a<8]\",\n          \"isSelectable\": true\n        },\n        \"h'\": {\n          \"name\": \"7:\",\n          \"ay\": 2015,\n          \"assign\": \"\\\\bZ\",\n          \"match\": [\n            {\n              \"pattern\": \"XXP6x\",\n              \"exclude\": [],\n              \"info\": \"\"\n            }\n          ],\n          \"satisfy\": {\n            \"and\": [\n              {\n                \"and\": [\n                  {\n                    \"or\": [\n                      {\n                        \"and\": [\n                          \"?53/aJuF:\"\n                        ]\n                      },\n                      {\n                        \"mc\": \">=93\"\n                      }\n                    ]\n                  },\n                  {\n                    \"and\": [\n                      \"$V+E;rI%T.\",\n                      \"\",\n                      \"JM@$IH\",\n                      \"\",\n                      {\n                        \"or\": []\n                      }\n                    ]\n                  },\n                  {\n                    \"or\": [\n                      {\n                        \"or\": [\n                          \"c00B\",\n                          \"#c^j^JcO~m\",\n                          \"\\\"\",\n                          \"A=)\"\n                        ]\n                      }\n                    ]\n                  },\n                  \"GHoOz\",\n                  \"I\\\"\"\n                ]\n              },\n              \"<j k;\",\n              {\n                \"mc\": \"<=88\"\n              }\n            ]\n          },\n          \"url\": \"https://tvti1jxfxmz091u9ec-ehw8gz848nsxqjhuycfa0wc33yxde9ve0wg.u.sejztvazl/JhT%F1%B6%8B%924Kd9Q/%F1%AD%80%A8jk!F/U'UdaZuz&x/x6P+,/Jp+El%F3%8E%98%8C=R*/_VFz6AD/J,F$U!@FIv/tb9k85G86\",\n          \"info\": \"\\\\g,\",\n          \"isSelectable\": true,\n          \"l|\": {\n            \"ay\": 2018,\n            \"satisfy\": [\n              {\n                \"and\": []\n              }\n            ],\n            \"isSelectable\": true\n          },\n          \"qQs\": {\n            \"assign\": \"iu#\",\n            \"match\": [\n              {\n                \"or\": [\n                  {\n                    \"and\": [\n                      \"PCZ5*\",\n                      \"FOH9K\",\n                      {\n                        \"and\": [\n                          {\n                            \"pattern\": \"AKL8\",\n                            \"exclude\": [],\n                            \"info\": \"W+>\"\n                          }\n                        ]\n                      },\n                      {\n                        \"pattern\": \"VOZ5163\",\n                        \"info\": \"!\\\"&\"\n                      }\n                    ]\n                  },\n                  {\n                    \"and\": []\n                  },\n                  {\n                    \"or\": [\n                      \"TH70X\",\n                      \"SHK79R\"\n                    ]\n                  },\n                  {\n                    \"and\": [\n                      \"ZG35\"\n                    ]\n                  }\n                ]\n              }\n            ],\n            \"satisfy\": [\n              \"2\",\n              {\n                \"mc\": \"<=51\"\n              },\n              \"D6-o'Vo\",\n              {\n                \"mc\": \"<=124\"\n              }\n            ],\n            \"url\": \"https://sfxw0t4gq1-bjgjguc75bpwq879s0ijuecla5t.9.y436-bl-idfgyck70nn41w8k8ctckv3iwbfadf785di-onhugu6hk2jkl.cgd0d7w.sxf\",\n            \"info\": \"z0>l]o?bDm\",\n            \"isSelectable\": true\n          },\n          \"'U,!}Y:W]\": {\n            \"ay\": 1982,\n            \"assign\": \"|i80v&v1\",\n            \"match\": {\n              \"pattern\": \"CSE84x\",\n              \"exclude\": \"OF43\",\n              \"info\": \"+\"\n            },\n            \"satisfy\": {\n              \"and\": [\n                {\n                  \"and\": [\n                    \"Sho\",\n                    {\n                      \"mc\": \">=55\"\n                    },\n                    \"k k\",\n                    {\n                      \"and\": []\n                    }\n                  ]\n                },\n                {\n                  \"or\": [\n                    \"oj2Te\",\n                    \"^|&U&@!&\",\n                    {\n                      \"or\": [\n                        {\n                          \"mc\": \"<=190\"\n                        },\n                        \"NoQEK\"\n                      ]\n                    },\n                    \",(u1\",\n                    \"Ci\\\\\"\n                  ]\n                },\n                \"n-X\",\n                {\n                  \"and\": [\n                    {\n                      \"and\": [\n                        {\n                          \"or\": [\n                            {\n                              \"mc\": \">=169\"\n                            },\n                            \"0~)AGi\",\n                            \"X\\\"$##{H\",\n                            \"<dAMS'\"\n                          ]\n                        },\n                        {\n                          \"mc\": \">=7\"\n                        },\n                        {\n                          \"mc\": \"<=140\"\n                        },\n                        \"?={X\"\n                      ]\n                    },\n                    {\n                      \"or\": [\n                        {\n                          \"mc\": \">=121\"\n                        },\n                        {\n                          \"mc\": \"<=31\"\n                        },\n                        \"\",\n                        {\n                          \"and\": [\n                            \"?b?SFO\",\n                            \"L\",\n                            \"\\\\`ArLD!owv\",\n                            \"\",\n                            {\n                              \"and\": [\n                                {\n                                  \"or\": [\n                                    \">[`^\"\n                                  ]\n                                },\n                                \";$LA@\",\n                                \"4[^cCPu,\",\n                                \"hs%)hW$\",\n                                {\n                                  \"mc\": \"<=87\"\n                                }\n                              ]\n                            }\n                          ]\n                        },\n                        \"#u2&\"\n                      ]\n                    },\n                    \"ktV/4\"\n                  ]\n                },\n                {\n                  \"or\": [\n                    \"=DCDw\"\n                  ]\n                }\n              ]\n            },\n            \"url\": \"http://c3p-74to925bt7ucv1m77h31rrgtvtopka8ocgvidwk74jh-3e2nfv.lg7jrojwq4oowl02o8sew91dkrsr1ibb3zwzjxd0y8.jk0rnnnm2kf.iqb38-oowuemvtisyqjb.ommtuyd/_%F2%85%A2%83%F2%A2%A6%897__:F/BIPEWeZo65/do)%F3%BB%A9%A1~/HX%F2%8E%AB%9EKAmv/Xw&Gu/(&liG/t\",\n            \"isSelectable\": true,\n            \"8^\": {\n              \"name\": \"htgCVB9'IE\",\n              \"ay\": 2018,\n              \"assign\": \"q^.&/T\",\n              \"satisfy\": [\n                {\n                  \"mc\": \"<=54\"\n                },\n                {\n                  \"and\": [\n                    {\n                      \"and\": [\n                        \"q^nF/16ia0\",\n                        \"=Hs__\"\n                      ]\n                    },\n                    {\n                      \"mc\": \">=68\"\n                    },\n                    {\n                      \"and\": [\n                        \"70\\\"KIH^\",\n                        {\n                          \"and\": []\n                        },\n                        \">/Iy+|Ddk\"\n                      ]\n                    }\n                  ]\n                },\n                {\n                  \"or\": [\n                    {\n                      \"or\": []\n                    },\n                    {\n                      \"or\": [\n                        {\n                          \"and\": [\n                            {\n                              \"or\": [\n                                \"8KCkJE\",\n                                \"`P\",\n                                {\n                                  \"and\": [\n                                    \"A2L{N\\\\\",\n                                    \"\\\\4hY\",\n                                    \")Q\",\n                                    \"Mc^:23w\",\n                                    \"aGKxggR\"\n                                  ]\n                                },\n                                \"aY[\"\n                              ]\n                            }\n                          ]\n                        },\n                        \"\"\n                      ]\n                    }\n                  ]\n                },\n                {\n                  \"and\": [\n                    {\n                      \"or\": [\n                        \">2fCHV\",\n                        \"Z#k>J0vb\",\n                        {\n                          \"or\": [\n                            {\n                              \"or\": [\n                                {\n                                  \"mc\": \"<=64\"\n                                },\n                                {\n                                  \"and\": []\n                                }\n                              ]\n                            },\n                            \"y8@/hV1Qw9\"\n                          ]\n                        },\n                        \"\",\n                        \"rNi\"\n                      ]\n                    },\n                    {\n                      \"and\": [\n                        \">J7LuI+x\",\n                        {\n                          \"or\": [\n                            \"\",\n                            \"z]R_+A\\\":IF\",\n                            \"z`\",\n                            \"\",\n                            \"`3Y:PV|La]\"\n                          ]\n                        },\n                        \"Jd\",\n                        {\n                          \"or\": [\n                            {\n                              \"mc\": \">=16\"\n                            },\n                            \"cEu\",\n                            \"6T3>m=p$nV\"\n                          ]\n                        },\n                        {\n                          \"or\": [\n                            \"(R8-EXPa+\",\n                            {\n                              \"and\": [\n                                \"b1y^3`32>\"\n                              ]\n                            },\n                            \"B\",\n                            {\n                              \"or\": []\n                            },\n                            \"j?*Y\"\n                          ]\n                        }\n                      ]\n                    },\n                    {\n                      \"and\": []\n                    },\n                    {\n                      \"or\": [\n                        {\n                          \"mc\": \"<=68\"\n                        },\n                        \"EKBu\",\n                        \"?_vJ5\"\n                      ]\n                    }\n                  ]\n                }\n              ],\n              \"url\": \"https://lwn4b.l53fg8k6va8f0jn17-4--e.wilyvgc////ewJ,Cw)vZ/gt%F0%AB%8F%BF9/:lrY3;%F1%B9%B3%80//z732'a%F2%82%B8%BDe;/sCZb%F4%8A%A6%BD%F1%A9%BE%BAN/ycPqR\",\n              \"info\": \"(PU*zsSwo\",\n              \"isSelectable\": true\n            },\n            \"Vw\": {\n              \"ay\": 1985,\n              \"assign\": [\n                \"[02;-i\"\n              ],\n              \"match\": {\n                \"pattern\": \"QV287*\",\n                \"exclude\": [\n                  \"LOQ9953\",\n                  \"AKV8823E\",\n                  \"JOQ*85xL\"\n                ],\n                \"info\": \"J-dnX \"\n              },\n              \"url\": \"https://6b.ujauchgved///gqV7a(/\",\n              \"info\": \"yrwY_FTKJ\",\n              \"isSelectable\": true\n            }\n          }\n        },\n        \"-d:@?jZW9S\": {\n          \"name\": \"6qG0\",\n          \"ay\": 2009,\n          \"assign\": [\n            \",A*y,:\",\n            \"2\"\n          ],\n          \"satisfy\": [\n            {\n              \"mc\": \"<=88\"\n            },\n            {\n              \"mc\": \">=83\"\n            }\n          ],\n          \"url\": \"https://gnunu5ddida7bok5h90j9yedi8feyr4ystnvf-folhikbbh8dt2wlmte473x0j.7xrt7tmwcmz.caqc/%F2%8E%B3%9C@D:g;/v,3GW./E/gas%F1%B0%B3%BAqw~PO/y//Ek(6sae%F1%84%8C%8D!*/.\",\n          \"info\": \"|\",\n          \"isSelectable\": true\n        },\n        \"{=sb#TXn?9\": {\n          \"name\": \";t\",\n          \"assign\": \"OOwmZa]\",\n          \"url\": \"https://o.5lm-pnmevwtl7sg.1v486pa0eg9jjaw1uxjbh.f4kadq69u-uqwj39k6ehaikqaje.h.ckemo/q~n2.qbt'1//n%F1%9B%A6%92Xnz/lv_O_&kuJ\",\n          \"info\": \"NSo?sj;[]\",\n          \"isSelectable\": true\n        }\n      },\n      \"\": {\n        \"name\": \"C}%hh\",\n        \"ay\": 1958,\n        \"assign\": \"wkQw$'\",\n        \"match\": \"AF65\",\n        \"satisfy\": \"eD\",\n        \"url\": \"https://seitn.38lfspxd-ckns7bop1yc-u8h1f08jkhtvyejkeb-m10yfy4tr-tdt.cixr/fVXR+M4W/Y%F0%B7%99%A2ww/$o/EsM./3/-RSI%F4%80%BF%9Cw!!%F3%8D%8F%81/cxc*9;qi%F1%B2%B7%82/W+RDgyz/rEa(\",\n        \"info\": \"f5,(~f=\",\n        \"`~\": {\n          \"name\": \"k-F2\",\n          \"assign\": \"r-Tx*rO'\",\n          \"satisfy\": [\n            {\n              \"mc\": \"<=9\"\n            }\n          ],\n          \"info\": \"teUJ_m@\",\n          \"isSelectable\": true\n        }\n      }\n    }\n  }\n]",
              "code": "fast_check_1.sample(index_test_2.block, 10).forEach((sample, i) => addContext_1.default(this, {\n    title: `block sample ${i}`,\n    value: sample,\n}));\nreturn fast_check_1.assert(fast_check_1.property(index_test_2.block, ajvValidate));",
              "err": {},
              "uuid": "a2d01630-f25a-4657-a543-967575022710",
              "parentUUID": "3f994538-7d3a-4885-a02f-83e74997ea60",
              "isHook": false,
              "skipped": false
            },
            {
              "title": "should not validate non-object",
              "fullTitle": "blockSchema should not validate non-object",
              "timedOut": false,
              "duration": 2,
              "state": "passed",
              "speed": "fast",
              "pass": true,
              "fail": false,
              "pending": false,
              "context": null,
              "code": "const error = {\n    instancePath: \"\",\n    message: \"block should be an object\",\n};\nisInvalidBlock(null, error);\nisInvalidBlock(undefined, error);\nisInvalidBlock(10, error);\nisInvalidBlock([12, 24], error);\nisInvalidBlock(\"abc\", error);",
              "err": {},
              "uuid": "70d09dcd-f9bd-41cc-8035-5c1255496d8e",
              "parentUUID": "3f994538-7d3a-4885-a02f-83e74997ea60",
              "isHook": false,
              "skipped": false
            },
            {
              "title": "should not validate block with invalid properties",
              "fullTitle": "blockSchema should not validate block with invalid properties",
              "timedOut": false,
              "duration": 0,
              "state": "passed",
              "speed": "fast",
              "pass": true,
              "fail": false,
              "pending": false,
              "context": null,
              "code": "isInvalidBlock({\n        name: { foo: \"bar\" },\n        ay: -1000,\n        assign: {},\n        match: 1,\n        satisfy: 2,\n        url: { abc: \"def\" },\n        info: 42,\n        isSelectable: 32,\n    }, { instancePath: \"/name\", message: \"property 'name' should be a string\" }, {\n        instancePath: \"/ay\",\n        message: \"property 'ay' should be a positive integer\",\n    }, {\n        instancePath: \"/assign\",\n        message: \"property 'assign' should be either a block ID or an array of block IDs\",\n    }, {\n        instancePath: \"/match\",\n        message: \"property 'match' should be either a match rule or an array of match rules\",\n    }, {\n        instancePath: \"/satisfy\",\n        message: \"property 'satisfy' should be either a satisfy rule or an array of satisfy rules\",\n    }, { instancePath: \"/url\", message: \"property 'url' should be a string\" }, { instancePath: \"/info\", message: \"property 'info' should be a string\" }, {\n        instancePath: \"/isSelectable\",\n        message: \"property 'isSelectable' should be a boolean\",\n    })",
              "err": {},
              "uuid": "beec1ec0-3df1-4c1b-ba76-772b4bbfee1d",
              "parentUUID": "3f994538-7d3a-4885-a02f-83e74997ea60",
              "isHook": false,
              "skipped": false
            }
          ],
          "suites": [],
          "passes": [
            "a2d01630-f25a-4657-a543-967575022710",
            "70d09dcd-f9bd-41cc-8035-5c1255496d8e",
            "beec1ec0-3df1-4c1b-ba76-772b4bbfee1d"
          ],
          "failures": [],
          "pending": [],
          "skipped": [],
          "duration": 165,
          "root": false,
          "rootEmpty": false,
          "_timeout": 2000
        },
        {
          "uuid": "f9988ebf-70c6-4723-8c70-65b70cf9ddae",
          "title": "patternToRE",
          "fullFile": "/home/runner/work/planwithus-lib/planwithus-lib/src/matchRule/pattern/satisfiers.test.ts",
          "file": "/src/matchRule/pattern/satisfiers.test.ts",
          "beforeHooks": [],
          "afterHooks": [],
          "tests": [
            {
              "title": "should match valid modules with a single pattern",
              "fullTitle": "patternToRE should match valid modules with a single pattern",
              "timedOut": false,
              "duration": 13,
              "state": "passed",
              "speed": "fast",
              "pass": true,
              "fail": false,
              "pending": false,
              "context": "[\n  {\n    \"title\": \"patternExampleList sample 0\",\n    \"value\": [\n      \"QS203\",\n      [\n        \"QS203\"\n      ]\n    ]\n  },\n  {\n    \"title\": \"patternExampleList sample 1\",\n    \"value\": [\n      \"DM916\",\n      [\n        \"DM916\"\n      ]\n    ]\n  },\n  {\n    \"title\": \"patternExampleList sample 2\",\n    \"value\": [\n      \"AE4\",\n      [\n        \"AE4\"\n      ]\n    ]\n  },\n  {\n    \"title\": \"patternExampleList sample 3\",\n    \"value\": [\n      \"NDx\",\n      [\n        \"ND7\"\n      ]\n    ]\n  },\n  {\n    \"title\": \"patternExampleList sample 4\",\n    \"value\": [\n      \"XQ1\",\n      [\n        \"XQ1\"\n      ]\n    ]\n  },\n  {\n    \"title\": \"patternExampleList sample 5\",\n    \"value\": [\n      \"AB3\",\n      [\n        \"AB3\"\n      ]\n    ]\n  },\n  {\n    \"title\": \"patternExampleList sample 6\",\n    \"value\": [\n      \"NB4025\",\n      [\n        \"NB4025\"\n      ]\n    ]\n  },\n  {\n    \"title\": \"patternExampleList sample 7\",\n    \"value\": [\n      \"PK4*\",\n      [\n        \"PK4XY\",\n        \"PK4E2PDGM\",\n        \"PK4CK2D\",\n        \"PK4M\",\n        \"PK40NOMBZC\",\n        \"PK4T67JY\",\n        \"PK4XV0Z50\",\n        \"PK4E\",\n        \"PK42ZR\",\n        \"PK4LSSP\",\n        \"PK4S0YCC\",\n        \"PK4M7XI4\"\n      ]\n    ]\n  },\n  {\n    \"title\": \"patternExampleList sample 8\",\n    \"value\": [\n      \"SID4880X\",\n      [\n        \"SID4880X\"\n      ]\n    ]\n  },\n  {\n    \"title\": \"patternExampleList sample 9\",\n    \"value\": [\n      \"PJZ9427G\",\n      [\n        \"PJZ9427G\"\n      ]\n    ]\n  }\n]",
              "code": "fast_check_1.sample(index_test_1.patternExampleList, 10).forEach((sample, i) => addContext_1.default(this, {\n    title: `patternExampleList sample ${i}`,\n    value: sample,\n}));\nreturn fast_check_1.assert(fast_check_1.property(index_test_1.patternExampleList, ([patternStr, examples]) => {\n    const re = _1.patternToRE(patternStr);\n    return examples.every(re.test.bind(re));\n}));",
              "err": {},
              "uuid": "9bbc20c8-6bb9-43a8-8afb-d96b9defd615",
              "parentUUID": "f9988ebf-70c6-4723-8c70-65b70cf9ddae",
              "isHook": false,
              "skipped": false
            },
            {
              "title": "should match valid modules with multiple patterns",
              "fullTitle": "patternToRE should match valid modules with multiple patterns",
              "timedOut": false,
              "duration": 56,
              "state": "passed",
              "speed": "medium",
              "pass": true,
              "fail": false,
              "pending": false,
              "context": "[\n  {\n    \"title\": \"patternExampleListArray sample 0\",\n    \"value\": [\n      [\n        \"KC5\",\n        [\n          \"KC5\"\n        ]\n      ],\n      [\n        \"SMP3\",\n        [\n          \"SMP3\"\n        ]\n      ]\n    ]\n  },\n  {\n    \"title\": \"patternExampleListArray sample 1\",\n    \"value\": [\n      [\n        \"HAJ1x00A\",\n        [\n          \"HAJ1400A\",\n          \"HAJ1100A\",\n          \"HAJ1900A\",\n          \"HAJ1600A\",\n          \"HAJ1200A\",\n          \"HAJ1700A\",\n          \"HAJ1000A\",\n          \"HAJ1300A\",\n          \"HAJ1500A\",\n          \"HAJ1800A\"\n        ]\n      ],\n      [\n        \"UKKx4Y\",\n        [\n          \"UKK34Y\",\n          \"UKK04Y\",\n          \"UKK94Y\",\n          \"UKK64Y\"\n        ]\n      ],\n      [\n        \"CT9**6M\",\n        [\n          \"CT9WPJYM82B56M\",\n          \"CT9WOQN6M\",\n          \"CT9RFIDCDWNY06M\",\n          \"CT9Q73Q0WF4QUZZDCY6M\",\n          \"CT9NN6M\"\n        ]\n      ],\n      [\n        \"UEW9B\",\n        [\n          \"UEW9B\"\n        ]\n      ],\n      [\n        \"DI051\",\n        [\n          \"DI051\"\n        ]\n      ],\n      [\n        \"TA690x\",\n        [\n          \"TA6908\",\n          \"TA6904\",\n          \"TA6900\",\n          \"TA6905\",\n          \"TA6906\",\n          \"TA6907\",\n          \"TA6909\",\n          \"TA6903\",\n          \"TA6902\",\n          \"TA6901\"\n        ]\n      ],\n      [\n        \"JFF2392S\",\n        [\n          \"JFF2392S\"\n        ]\n      ],\n      [\n        \"TF32x3T\",\n        [\n          \"TF3253T\",\n          \"TF3293T\",\n          \"TF3243T\",\n          \"TF3263T\",\n          \"TF3203T\",\n          \"TF3273T\",\n          \"TF3223T\",\n          \"TF3213T\",\n          \"TF3233T\",\n          \"TF3283T\"\n        ]\n      ],\n      [\n        \"CCBxI\",\n        [\n          \"CCB8I\",\n          \"CCB5I\",\n          \"CCB3I\",\n          \"CCB0I\",\n          \"CCB6I\",\n          \"CCB2I\",\n          \"CCB4I\",\n          \"CCB7I\",\n          \"CCB9I\"\n        ]\n      ],\n      [\n        \"GR8609I\",\n        [\n          \"GR8609I\"\n        ]\n      ]\n    ]\n  },\n  {\n    \"title\": \"patternExampleListArray sample 2\",\n    \"value\": [\n      [\n        \"ZEH7xx1\",\n        [\n          \"ZEH7881\",\n          \"ZEH7691\",\n          \"ZEH7871\",\n          \"ZEH7761\",\n          \"ZEH7361\",\n          \"ZEH7081\"\n        ]\n      ],\n      [\n        \"XO98B\",\n        [\n          \"XO98B\"\n        ]\n      ],\n      [\n        \"OT8\",\n        [\n          \"OT8\"\n        ]\n      ],\n      [\n        \"EQY*362N\",\n        [\n          \"EQY2QOSVBR362N\",\n          \"EQYGT3362N\",\n          \"EQYHSS0DF362N\",\n          \"EQYKG3NSLS362N\"\n        ]\n      ],\n      [\n        \"QQQx232\",\n        [\n          \"QQQ4232\",\n          \"QQQ7232\",\n          \"QQQ2232\",\n          \"QQQ3232\",\n          \"QQQ8232\",\n          \"QQQ1232\",\n          \"QQQ9232\",\n          \"QQQ5232\",\n          \"QQQ0232\",\n          \"QQQ6232\"\n        ]\n      ],\n      [\n        \"MM48\",\n        [\n          \"MM48\"\n        ]\n      ],\n      [\n        \"BCR7\",\n        [\n          \"BCR7\"\n        ]\n      ],\n      [\n        \"RM3x6\",\n        [\n          \"RM386\",\n          \"RM366\",\n          \"RM316\",\n          \"RM336\",\n          \"RM376\",\n          \"RM356\",\n          \"RM326\",\n          \"RM396\",\n          \"RM346\",\n          \"RM306\"\n        ]\n      ],\n      [\n        \"GLx59\",\n        [\n          \"GL859\",\n          \"GL259\",\n          \"GL459\",\n          \"GL659\",\n          \"GL559\",\n          \"GL359\",\n          \"GL159\",\n          \"GL959\",\n          \"GL059\"\n        ]\n      ],\n      [\n        \"TK*\",\n        [\n          \"TK\"\n        ]\n      ]\n    ]\n  },\n  {\n    \"title\": \"patternExampleListArray sample 3\",\n    \"value\": [\n      [\n        \"VU*99x\",\n        [\n          \"VU4N991\",\n          \"VUYS40SV999\",\n          \"VURBM6QY8992\",\n          \"VUPP5BUA6991\",\n          \"VU13R7EDVN998\",\n          \"VU4CSYBUG998\",\n          \"VUUTY990\",\n          \"VUGA990\",\n          \"VU997\"\n        ]\n      ],\n      [\n        \"VYI3\",\n        [\n          \"VYI3\"\n        ]\n      ],\n      [\n        \"PJ43T\",\n        [\n          \"PJ43T\"\n        ]\n      ],\n      [\n        \"SQ1*32\",\n        [\n          \"SQ1N2XMNQX732\",\n          \"SQ1QCCH32\",\n          \"SQ1DLTIF32\",\n          \"SQ1VH26R2N632\",\n          \"SQ1RKZHQIY32\",\n          \"SQ1QS7A6932\",\n          \"SQ132\",\n          \"SQ16TAFVU9G32\",\n          \"SQ12T6E32\",\n          \"SQ1GPWHU32\"\n        ]\n      ],\n      [\n        \"HP0N\",\n        [\n          \"HP0N\"\n        ]\n      ]\n    ]\n  },\n  {\n    \"title\": \"patternExampleListArray sample 4\",\n    \"value\": [\n      [\n        \"CL4I\",\n        [\n          \"CL4I\"\n        ]\n      ],\n      [\n        \"ZLA2*59\",\n        [\n          \"ZLA2CQ1B59\"\n        ]\n      ],\n      [\n        \"QQJ5S\",\n        [\n          \"QQJ5S\"\n        ]\n      ],\n      [\n        \"XLS8x82\",\n        [\n          \"XLS8182\",\n          \"XLS8382\",\n          \"XLS8282\",\n          \"XLS8982\"\n        ]\n      ]\n    ]\n  },\n  {\n    \"title\": \"patternExampleListArray sample 5\",\n    \"value\": [\n      [\n        \"WX4999Y\",\n        [\n          \"WX4999Y\"\n        ]\n      ],\n      [\n        \"LG29\",\n        [\n          \"LG29\"\n        ]\n      ],\n      [\n        \"MK255H\",\n        [\n          \"MK255H\"\n        ]\n      ]\n    ]\n  },\n  {\n    \"title\": \"patternExampleListArray sample 6\",\n    \"value\": [\n      [\n        \"GG5543\",\n        [\n          \"GG5543\"\n        ]\n      ],\n      [\n        \"LDC*\",\n        [\n          \"LDCM14NFZX\",\n          \"LDCVN\",\n          \"LDC0SHZ\",\n          \"LDCIQAAC0K\",\n          \"LDC58OI4\",\n          \"LDCPVJPT2J\"\n        ]\n      ],\n      [\n        \"XF*0\",\n        [\n          \"XFW6J9P0\",\n          \"XFW5L20\",\n          \"XF9KF0\",\n          \"XF24V50\",\n          \"XF0\",\n          \"XFOAH6LPK0\",\n          \"XFEM3M0\",\n          \"XFVU3D1PC0\"\n        ]\n      ],\n      [\n        \"NA430\",\n        [\n          \"NA430\"\n        ]\n      ],\n      [\n        \"OGH278\",\n        [\n          \"OGH278\"\n        ]\n      ],\n      [\n        \"PKF3\",\n        [\n          \"PKF3\"\n        ]\n      ],\n      [\n        \"NU*\",\n        [\n          \"NUU3H\"\n        ]\n      ],\n      [\n        \"WKVx8*N\",\n        [\n          \"WKV08SZDPS5ALN\",\n          \"WKV68DN\",\n          \"WKV0863KKGN\",\n          \"WKV48CVN\"\n        ]\n      ],\n      [\n        \"QL0x93D\",\n        [\n          \"QL0793D\",\n          \"QL0993D\",\n          \"QL0293D\",\n          \"QL0193D\",\n          \"QL0393D\",\n          \"QL0893D\",\n          \"QL0593D\"\n        ]\n      ]\n    ]\n  },\n  {\n    \"title\": \"patternExampleListArray sample 7\",\n    \"value\": [\n      [\n        \"OJ79D\",\n        [\n          \"OJ79D\"\n        ]\n      ],\n      [\n        \"BS9A\",\n        [\n          \"BS9A\"\n        ]\n      ],\n      [\n        \"EA744*\",\n        [\n          \"EA744IF\",\n          \"EA744S\",\n          \"EA744GC4T4156\",\n          \"EA7440YPLD5U\",\n          \"EA744NRR5DIC\",\n          \"EA7445QS\",\n          \"EA744U20M14T\",\n          \"EA744TQ\",\n          \"EA744C\",\n          \"EA744\"\n        ]\n      ],\n      [\n        \"LYB9F\",\n        [\n          \"LYB9F\"\n        ]\n      ]\n    ]\n  },\n  {\n    \"title\": \"patternExampleListArray sample 8\",\n    \"value\": [\n      [\n        \"CS7\",\n        [\n          \"CS7\"\n        ]\n      ]\n    ]\n  },\n  {\n    \"title\": \"patternExampleListArray sample 9\",\n    \"value\": [\n      [\n        \"HDW7924\",\n        [\n          \"HDW7924\"\n        ]\n      ],\n      [\n        \"ER07\",\n        [\n          \"ER07\"\n        ]\n      ],\n      [\n        \"TCYx\",\n        [\n          \"TCY9\",\n          \"TCY6\",\n          \"TCY5\"\n        ]\n      ],\n      [\n        \"YT5x\",\n        [\n          \"YT55\",\n          \"YT50\",\n          \"YT58\"\n        ]\n      ],\n      [\n        \"PRG97C\",\n        [\n          \"PRG97C\"\n        ]\n      ],\n      [\n        \"TGP8328L\",\n        [\n          \"TGP8328L\"\n        ]\n      ],\n      [\n        \"FTQ457M\",\n        [\n          \"FTQ457M\"\n        ]\n      ],\n      [\n        \"HRH988I\",\n        [\n          \"HRH988I\"\n        ]\n      ]\n    ]\n  }\n]",
              "code": "const patternExampleListArray = fast_check_1.array(index_test_1.patternExampleList, { minLength: 1 });\nfast_check_1.sample(patternExampleListArray, 10).forEach((sample, i) => addContext_1.default(this, {\n    title: `patternExampleListArray sample ${i}`,\n    value: sample,\n}));\nreturn fast_check_1.assert(fast_check_1.property(patternExampleListArray, (ts) => {\n    const re = _1.patternToRE(...ts.map(([patternStr]) => patternStr));\n    return ts\n        .map(([, examples]) => examples)\n        .flat()\n        .every(re.test.bind(re));\n}));",
              "err": {},
              "uuid": "dfe2e7e7-3685-45fb-b69f-080a0dc28b94",
              "parentUUID": "f9988ebf-70c6-4723-8c70-65b70cf9ddae",
              "isHook": false,
              "skipped": false
            },
            {
              "title": "should not match x to non-number",
              "fullTitle": "patternToRE should not match x to non-number",
              "timedOut": false,
              "duration": 1,
              "state": "passed",
              "speed": "fast",
              "pass": true,
              "fail": false,
              "pending": false,
              "context": null,
              "code": "const re = _1.patternToRE(\"x\");\n[\"A\", \"Z\", \"c\", \"#\"].forEach((example) => isInvalidExample(re, example));",
              "err": {},
              "uuid": "3d36a5d9-e7a7-4f0a-98ee-42f3f1c7b114",
              "parentUUID": "f9988ebf-70c6-4723-8c70-65b70cf9ddae",
              "isHook": false,
              "skipped": false
            },
            {
              "title": "should not match * to a substring composed of characters other than A-Z and 0-9",
              "fullTitle": "patternToRE should not match * to a substring composed of characters other than A-Z and 0-9",
              "timedOut": false,
              "duration": 0,
              "state": "passed",
              "speed": "fast",
              "pass": true,
              "fail": false,
              "pending": false,
              "context": null,
              "code": "const re = _1.patternToRE(\"*\");\n[\"c\", \"Ac\", \"cA\", \"0Ax\", \"x0A\", \"BA#\", \"#AB\"].forEach((example) => isInvalidExample(re, example));",
              "err": {},
              "uuid": "df4e56c5-6090-45f9-8f2c-df2e083bdaec",
              "parentUUID": "f9988ebf-70c6-4723-8c70-65b70cf9ddae",
              "isHook": false,
              "skipped": false
            },
            {
              "title": "should not match substrings",
              "fullTitle": "patternToRE should not match substrings",
              "timedOut": false,
              "duration": 1,
              "state": "passed",
              "speed": "fast",
              "pass": true,
              "fail": false,
              "pending": false,
              "context": null,
              "code": "const re = _1.patternToRE(\"A*xC\");\n[\"A1CZ\", \"AC1CZ\", \"ZA1C\", \"ZAC1C\", \"ZA1CZ\", \"ZAC1CZ\"].forEach((example) => isInvalidExample(re, example));",
              "err": {},
              "uuid": "74b28573-24a9-439b-959e-8767e13214b2",
              "parentUUID": "f9988ebf-70c6-4723-8c70-65b70cf9ddae",
              "isHook": false,
              "skipped": false
            }
          ],
          "suites": [],
          "passes": [
            "9bbc20c8-6bb9-43a8-8afb-d96b9defd615",
            "dfe2e7e7-3685-45fb-b69f-080a0dc28b94",
            "3d36a5d9-e7a7-4f0a-98ee-42f3f1c7b114",
            "df4e56c5-6090-45f9-8f2c-df2e083bdaec",
            "74b28573-24a9-439b-959e-8767e13214b2"
          ],
          "failures": [],
          "pending": [],
          "skipped": [],
          "duration": 71,
          "root": false,
          "rootEmpty": false,
          "_timeout": 2000
        },
        {
          "uuid": "ef234fcd-9b4a-4e5b-a0ff-efa75cecb059",
          "title": "patternSatisfier",
          "fullFile": "/home/runner/work/planwithus-lib/planwithus-lib/src/matchRule/pattern/satisfiers.test.ts",
          "file": "/src/matchRule/pattern/satisfiers.test.ts",
          "beforeHooks": [],
          "afterHooks": [],
          "tests": [
            {
              "title": "should assign all modules with *",
              "fullTitle": "patternSatisfier should assign all modules with *",
              "timedOut": false,
              "duration": 1,
              "state": "passed",
              "speed": "fast",
              "pass": true,
              "fail": false,
              "pending": false,
              "context": null,
              "code": "const { assign } = satisfiers_1.patternSatisfier(ref, \"*\");\nisCorrectAssign(assign, modulesList1, modulesList1.map(([moduleStr]) => moduleStr));",
              "err": {},
              "uuid": "e3f659f2-407e-4537-8dd2-7a2662365aa9",
              "parentUUID": "ef234fcd-9b4a-4e5b-a0ff-efa75cecb059",
              "isHook": false,
              "skipped": false
            },
            {
              "title": "should assign only valid modules with pattern containing *",
              "fullTitle": "patternSatisfier should assign only valid modules with pattern containing *",
              "timedOut": false,
              "duration": 0,
              "state": "passed",
              "speed": "fast",
              "pass": true,
              "fail": false,
              "pending": false,
              "context": null,
              "code": "const { assign } = satisfiers_1.patternSatisfier(ref, \"CS2*\");\nisCorrectAssign(assign, modulesList1, [\"CS2100\", \"CS2040S\", \"CS2030\"]);",
              "err": {},
              "uuid": "f1ec6184-2efc-4ff2-aa1b-9f7cf97536b3",
              "parentUUID": "ef234fcd-9b4a-4e5b-a0ff-efa75cecb059",
              "isHook": false,
[...]
              "parentUUID": "0dbbf89a-3260-46be-90fd-6b33c5f1aa8e",
              "isHook": false,
              "skipped": false
            },
            {
              "title": "should truncate list of modules with upper bound of MCs at exact cutoff if total MC count is higher and there exists some starting sequence with exact MC count",
              "fullTitle": "inequalitySatisfier should truncate list of modules with upper bound of MCs at exact cutoff if total MC count is higher and there exists some starting sequence with exact MC count",
              "timedOut": false,
              "duration": 0,
              "state": "passed",
              "speed": "fast",
              "pass": true,
              "fail": false,
              "pending": false,
              "context": null,
              "code": "const satisfier = satisfiers_1.inequalitySatisfier(ref, \"<=16\");\nsatisfier.should.have.property(\"filter\");\nconst { filter } = satisfier;\nisCorrectFilter(filter, modulesList1, [\n    \"CS2100\",\n    \"GER1000\",\n    \"CS2040S\",\n    \"ST2131\",\n]);",
              "err": {},
              "uuid": "3a92745c-404e-44ef-8581-693f896473ed",
              "parentUUID": "0dbbf89a-3260-46be-90fd-6b33c5f1aa8e",
              "isHook": false,
              "skipped": false
            },
            {
              "title": "should truncate list of modules with upper bound of MCs, cutting off at the minimum starting sequence that exceeds upper bound, if total MC count is higher and there exists no starting sequence with exact MC count",
              "fullTitle": "inequalitySatisfier should truncate list of modules with upper bound of MCs, cutting off at the minimum starting sequence that exceeds upper bound, if total MC count is higher and there exists no starting sequence with exact MC count",
              "timedOut": false,
              "duration": 0,
              "state": "passed",
              "speed": "fast",
              "pass": true,
              "fail": false,
              "pending": false,
              "context": null,
              "code": "const satisfier = satisfiers_1.inequalitySatisfier(ref, \"<=17\");\nsatisfier.should.have.property(\"filter\");\nconst { filter } = satisfier;\nisCorrectFilter(filter, modulesList1, [\n    \"CS2100\",\n    \"GER1000\",\n    \"CS2040S\",\n    \"ST2131\",\n    \"MA1521\",\n]);",
              "err": {},
              "uuid": "180ee385-b744-4e97-b5f4-4c590d38d1fc",
              "parentUUID": "0dbbf89a-3260-46be-90fd-6b33c5f1aa8e",
              "isHook": false,
              "skipped": false
            }
          ],
          "suites": [],
          "passes": [
            "78d3ebe9-b913-4a54-845d-0f8ac335b887",
            "397ab22f-b010-4569-9f3e-c306a06594e3",
            "ada63c8d-fdc3-43d8-9282-c7eccd54912c",
            "677d512d-7aed-4db7-b31e-ab5a865dd26e",
            "d530278f-0d01-4bab-a0fd-944d87e91073",
            "3a92745c-404e-44ef-8581-693f896473ed",
            "180ee385-b744-4e97-b5f4-4c590d38d1fc"
          ],
          "failures": [],
          "pending": [],
          "skipped": [],
          "duration": 1,
          "root": false,
          "rootEmpty": false,
          "_timeout": 2000
        },
        {
          "uuid": "f6e0575c-f364-452d-b6e6-53e86d76fd1f",
          "title": "inequalitySchema",
          "fullFile": "/home/runner/work/planwithus-lib/planwithus-lib/src/satisfyRule/inequality/schemas.test.ts",
          "file": "/src/satisfyRule/inequality/schemas.test.ts",
          "beforeHooks": [],
          "afterHooks": [],
          "tests": [
            {
              "title": "should validate inequality in the form <=n or >=n",
              "fullTitle": "inequalitySchema should validate inequality in the form <=n or >=n",
              "timedOut": false,
              "duration": 1,
              "state": "passed",
              "speed": "fast",
              "pass": true,
              "fail": false,
              "pending": false,
              "context": "[\n  {\n    \"title\": \"inequality sample 0\",\n    \"value\": \">=36\"\n  },\n  {\n    \"title\": \"inequality sample 1\",\n    \"value\": \"<=87\"\n  },\n  {\n    \"title\": \"inequality sample 2\",\n    \"value\": \"<=53\"\n  },\n  {\n    \"title\": \"inequality sample 3\",\n    \"value\": \">=198\"\n  },\n  {\n    \"title\": \"inequality sample 4\",\n    \"value\": \"<=7\"\n  },\n  {\n    \"title\": \"inequality sample 5\",\n    \"value\": \"<=198\"\n  },\n  {\n    \"title\": \"inequality sample 6\",\n    \"value\": \">=32\"\n  },\n  {\n    \"title\": \"inequality sample 7\",\n    \"value\": \"<=123\"\n  },\n  {\n    \"title\": \"inequality sample 8\",\n    \"value\": \">=3\"\n  },\n  {\n    \"title\": \"inequality sample 9\",\n    \"value\": \">=196\"\n  }\n]",
              "code": "fast_check_1.sample(index_test_2.inequality, 10).forEach((sample, i) => addContext_1.default(this, {\n    title: `inequality sample ${i}`,\n    value: sample,\n}));\nreturn fast_check_1.assert(fast_check_1.property(index_test_2.inequality, ajvValidate));",
              "err": {},
              "uuid": "69d04065-5634-454f-a6c3-442157f99dba",
              "parentUUID": "f6e0575c-f364-452d-b6e6-53e86d76fd1f",
              "isHook": false,
              "skipped": false
            },
            {
              "title": "should not validate inequality of invalid form",
              "fullTitle": "inequalitySchema should not validate inequality of invalid form",
              "timedOut": false,
              "duration": 1,
              "state": "passed",
              "speed": "fast",
              "pass": true,
              "fail": false,
              "pending": false,
              "context": null,
              "code": "[\n        \"\",\n        \"==23\",\n        \"23\",\n        \"<23\",\n        \">23\",\n        \"<=-1\",\n        \">=-1\",\n        \"<= 2\",\n        \">= 1\",\n        \"> 3\",\n        \"< 3\",\n        \"<=3a\",\n        \">=3a\",\n        \"a<=3\",\n        \"a>=3\",\n    ].forEach(isInvalidInequality)",
              "err": {},
              "uuid": "f8073c64-f890-42f4-abdc-62a489d91d99",
              "parentUUID": "f6e0575c-f364-452d-b6e6-53e86d76fd1f",
              "isHook": false,
              "skipped": false
            }
          ],
          "suites": [],
          "passes": [
            "69d04065-5634-454f-a6c3-442157f99dba",
            "f8073c64-f890-42f4-abdc-62a489d91d99"
          ],
          "failures": [],
          "pending": [],
          "skipped": [],
          "duration": 2,
          "root": false,
          "rootEmpty": false,
          "_timeout": 2000
        },
        {
          "uuid": "990e4114-6e93-4722-b700-8be594c2c2eb",
          "title": "satisfyRuleSchema",
          "fullFile": "/home/runner/work/planwithus-lib/planwithus-lib/src/satisfyRule/schemas.test.ts",
          "file": "/src/satisfyRule/schemas.test.ts",
          "beforeHooks": [],
          "afterHooks": [],
          "tests": [
            {
              "title": "should validate satisfy rule with valid block id",
              "fullTitle": "satisfyRuleSchema should validate satisfy rule with valid block id",
              "timedOut": false,
              "duration": 1,
              "state": "passed",
              "speed": "fast",
              "pass": true,
              "fail": false,
              "pending": false,
              "context": null,
              "code": "fast_check_1.assert(fast_check_1.property(fast_check_1.string(), ajvValidate)",
              "err": {},
              "uuid": "adbfe13e-52bf-4325-8623-f91d3bcfceaf",
              "parentUUID": "990e4114-6e93-4722-b700-8be594c2c2eb",
              "isHook": false,
              "skipped": false
            },
            {
              "title": "should validate satisfy rules with valid mc",
              "fullTitle": "satisfyRuleSchema should validate satisfy rules with valid mc",
              "timedOut": false,
              "duration": 2,
              "state": "passed",
              "speed": "fast",
              "pass": true,
              "fail": false,
              "pending": false,
              "context": "[\n  {\n    \"title\": \"mcSatisfyRule sample 0\",\n    \"value\": {\n      \"mc\": \"<=195\"\n    }\n  },\n  {\n    \"title\": \"mcSatisfyRule sample 1\",\n    \"value\": {\n      \"mc\": \">=176\"\n    }\n  },\n  {\n    \"title\": \"mcSatisfyRule sample 2\",\n    \"value\": {\n      \"mc\": \"<=169\"\n    }\n  },\n  {\n    \"title\": \"mcSatisfyRule sample 3\",\n    \"value\": {\n      \"mc\": \">=200\"\n    }\n  },\n  {\n    \"title\": \"mcSatisfyRule sample 4\",\n    \"value\": {\n      \"mc\": \">=56\"\n    }\n  },\n  {\n    \"title\": \"mcSatisfyRule sample 5\",\n    \"value\": {\n      \"mc\": \"<=193\"\n    }\n  },\n  {\n    \"title\": \"mcSatisfyRule sample 6\",\n    \"value\": {\n      \"mc\": \"<=7\"\n    }\n  },\n  {\n    \"title\": \"mcSatisfyRule sample 7\",\n    \"value\": {\n      \"mc\": \"<=171\"\n    }\n  },\n  {\n    \"title\": \"mcSatisfyRule sample 8\",\n    \"value\": {\n      \"mc\": \">=60\"\n    }\n  },\n  {\n    \"title\": \"mcSatisfyRule sample 9\",\n    \"value\": {\n      \"mc\": \">=190\"\n    }\n  }\n]",
              "code": "fast_check_1.sample(index_test_2.mcSatisfyRule, 10).forEach((sample, i) => addContext_1.default(this, {\n    title: `mcSatisfyRule sample ${i}`,\n    value: sample,\n}));\nreturn fast_check_1.assert(fast_check_1.property(index_test_2.mcSatisfyRule, ajvValidate));",
              "err": {},
              "uuid": "f2381eca-fe80-42ab-ae0f-55ac315a0779",
              "parentUUID": "990e4114-6e93-4722-b700-8be594c2c2eb",
              "isHook": false,
              "skipped": false
            },
            {
              "title": "should validate valid recursive satisfy rules",
              "fullTitle": "satisfyRuleSchema should validate valid recursive satisfy rules",
              "timedOut": false,
              "duration": 3,
              "state": "passed",
              "speed": "fast",
              "pass": true,
              "fail": false,
              "pending": false,
              "context": "[\n  {\n    \"title\": \"satisfyRule sample 0\",\n    \"value\": {\n      \"mc\": \"<=4\"\n    }\n  },\n  {\n    \"title\": \"satisfyRule sample 1\",\n    \"value\": \"\"\n  },\n  {\n    \"title\": \"satisfyRule sample 2\",\n    \"value\": {\n      \"and\": []\n    }\n  },\n  {\n    \"title\": \"satisfyRule sample 3\",\n    \"value\": {\n      \"or\": [\n        \"&7,&i|x\",\n        \"\",\n        {\n          \"mc\": \">=80\"\n        },\n        \"Z?v3v\",\n        {\n          \"and\": [\n            \"{g\\\"NF\",\n            {\n              \"or\": [\n                {\n                  \"and\": []\n                }\n              ]\n            },\n            {\n              \"mc\": \"<=105\"\n            },\n            \"+>.Wv\"\n          ]\n        }\n      ]\n    }\n  },\n  {\n    \"title\": \"satisfyRule sample 4\",\n    \"value\": {\n      \"or\": [\n        {\n          \"and\": [\n            {\n              \"mc\": \"<=55\"\n            },\n            {\n              \"mc\": \"<=35\"\n            }\n          ]\n        },\n        \"WkH\",\n        {\n          \"mc\": \"<=157\"\n        },\n        {\n          \"and\": [\n            {\n              \"or\": [\n                \"_]MFk S'x\",\n                \"=BFiu\",\n                \"]BTJV\\\\~\"\n              ]\n            },\n            {\n              \"or\": [\n                \"a!(\",\n                \"\"\n              ]\n            },\n            {\n              \"mc\": \"<=119\"\n            }\n          ]\n        },\n        {\n          \"and\": [\n            \"\",\n            {\n              \"or\": [\n                \"CX+\",\n                \"{'*['5-8\",\n                {\n                  \"or\": [\n                    {\n                      \"and\": [\n                        \"6ZRZ\"\n                      ]\n                    },\n                    \";X\\\\?\",\n                    \"\",\n                    \"i\",\n                    \"(H\\\\\"\n                  ]\n                }\n              ]\n            }\n          ]\n        }\n      ]\n    }\n  },\n  {\n    \"title\": \"satisfyRule sample 5\",\n    \"value\": {\n      \"and\": [\n        {\n          \"or\": [\n            \"iI^}o\",\n            {\n              \"mc\": \">=67\"\n            },\n            {\n              \"and\": [\n                \"nL@}{`]M3\",\n                \"k'p$-k':]\"\n              ]\n            }\n          ]\n        },\n        \"j\",\n        {\n          \"and\": []\n        },\n        \"#Q!yR0\"\n      ]\n    }\n  },\n  {\n    \"title\": \"satisfyRule sample 6\",\n    \"value\": \"UV&qk\"\n  },\n  {\n    \"title\": \"satisfyRule sample 7\",\n    \"value\": {\n      \"or\": []\n    }\n  },\n  {\n    \"title\": \"satisfyRule sample 8\",\n    \"value\": {\n      \"or\": []\n    }\n  },\n  {\n    \"title\": \"satisfyRule sample 9\",\n    \"value\": \"|.JT{v y\"\n  }\n]",
              "code": "fast_check_1.sample(index_test_2.satisfyRule, 10).forEach((sample, i) => addContext_1.default(this, {\n    title: `satisfyRule sample ${i}`,\n    value: sample,\n}));\nreturn fast_check_1.assert(fast_check_1.property(index_test_2.satisfyRule, ajvValidate));",
              "err": {},
              "uuid": "b57d9ee6-dc84-4a24-936f-a8c8cb1a94b0",
              "parentUUID": "990e4114-6e93-4722-b700-8be594c2c2eb",
              "isHook": false,
              "skipped": false
            },
            {
              "title": "should not validate non-string/object",
              "fullTitle": "satisfyRuleSchema should not validate non-string/object",
              "timedOut": false,
              "duration": 1,
              "state": "passed",
              "speed": "fast",
              "pass": true,
              "fail": false,
              "pending": false,
              "context": null,
              "code": "const error = {\n    instancePath: \"\",\n    message: \"satisfy rule should be either a string or an object\",\n};\nisInvalidRule(null, error);\nisInvalidRule(undefined, error);\nisInvalidRule(10, error);\nisInvalidRule([12, 24], error);",
              "err": {},
              "uuid": "0ef6356b-4a9e-4110-80dc-e32f05aaa147",
              "parentUUID": "990e4114-6e93-4722-b700-8be594c2c2eb",
              "isHook": false,
              "skipped": false
            },
            {
              "title": "should not validate satisfy rules with extra properties",
              "fullTitle": "satisfyRuleSchema should not validate satisfy rules with extra properties",
              "timedOut": false,
              "duration": 0,
              "state": "passed",
              "speed": "fast",
              "pass": true,
              "fail": false,
              "pending": false,
              "context": null,
              "code": "isInvalidRule({\n        and: [\n            { or: [\"2k\"], abc: \"def\" },\n            { mc: 8, ghi: \"jkl\" },\n        ],\n        mno: \"pqr\",\n    }, {\n        instancePath: \"/and/0\",\n        message: \"or satisfy rule should have property 'or' only\",\n    }, {\n        instancePath: \"/and/1\",\n        message: \"MC satisfy rule should have property 'mc' only\",\n    }, {\n        instancePath: \"\",\n        message: \"and satisfy rule should have property 'and' only\",\n    })",
              "err": {},
              "uuid": "6ad822ab-eb11-4402-b4cd-c38db731b321",
              "parentUUID": "990e4114-6e93-4722-b700-8be594c2c2eb",
              "isHook": false,
              "skipped": false
            },
            {
              "title": "should not validate ambiguous satisfy rules",
              "fullTitle": "satisfyRuleSchema should not validate ambiguous satisfy rules",
              "timedOut": false,
              "duration": 0,
              "state": "passed",
              "speed": "fast",
              "pass": true,
              "fail": false,
              "pending": false,
              "context": null,
              "code": "const message = \"satisfy rule should have only one of properties 'mc', 'and', 'or'\";\nisInvalidRule({\n    or: [\n        { mc: 5, and: [\"CS2040\"] },\n        { and: [{ and: [\"abc\"], or: [\"def\"] }] },\n    ],\n}, { instancePath: \"/or/0\", message }, { instancePath: \"/or/1/and/0\", message });",
              "err": {},
              "uuid": "079fcd9b-dad9-4280-8b0e-a9b5f63173c0",
              "parentUUID": "990e4114-6e93-4722-b700-8be594c2c2eb",
              "isHook": false,
              "skipped": false
            },
            {
              "title": "should not validate and satisfy rules with non-array property",
              "fullTitle": "satisfyRuleSchema should not validate and satisfy rules with non-array property",
              "timedOut": false,
              "duration": 0,
              "state": "passed",
              "speed": "fast",
              "pass": true,
              "fail": false,
              "pending": false,
              "context": null,
              "code": "const message = \"property 'and' should be an array of satisfy rules\";\nisInvalidRule({ or: [{ and: {} }, { or: [{ and: 3 }] }] }, { instancePath: \"/or/0/and\", message }, { instancePath: \"/or/1/or/0/and\", message });",
              "err": {},
              "uuid": "ab66ec0f-5ed3-4027-a702-c7de1e6d5708",
              "parentUUID": "990e4114-6e93-4722-b700-8be594c2c2eb",
              "isHook": false,
              "skipped": false
            },
            {
              "title": "should not validate or satisfy rules with non-array property",
              "fullTitle": "satisfyRuleSchema should not validate or satisfy rules with non-array property",
              "timedOut": false,
              "duration": 0,
              "state": "passed",
              "speed": "fast",
              "pass": true,
              "fail": false,
              "pending": false,
              "context": null,
              "code": "const message = \"property 'or' should be an array of satisfy rules\";\nisInvalidRule({ and: [{ or: {} }, { and: [{ or: 3 }] }] }, { instancePath: \"/and/0/or\", message }, { instancePath: \"/and/1/and/0/or\", message });",
              "err": {},
              "uuid": "797c5770-df85-4c0c-b392-808b98ff70fe",
              "parentUUID": "990e4114-6e93-4722-b700-8be594c2c2eb",
              "isHook": false,
              "skipped": false
            }
          ],
          "suites": [],
          "passes": [
            "adbfe13e-52bf-4325-8623-f91d3bcfceaf",
            "f2381eca-fe80-42ab-ae0f-55ac315a0779",
            "b57d9ee6-dc84-4a24-936f-a8c8cb1a94b0",
            "0ef6356b-4a9e-4110-80dc-e32f05aaa147",
            "6ad822ab-eb11-4402-b4cd-c38db731b321",
            "079fcd9b-dad9-4280-8b0e-a9b5f63173c0",
            "ab66ec0f-5ed3-4027-a702-c7de1e6d5708",
            "797c5770-df85-4c0c-b392-808b98ff70fe"
          ],
          "failures": [],
          "pending": [],
          "skipped": [],
          "duration": 7,
          "root": false,
          "rootEmpty": false,
          "_timeout": 2000
        }
      ],
      "passes": [],
      "failures": [],
      "pending": [],
      "skipped": [],
      "duration": 0,
      "root": true,
      "rootEmpty": true,
      "_timeout": 2000
    }
  ],
  "meta": {
    "mocha": {
      "version": "9.0.3"
    },
    "mochawesome": {
      "options": {
        "quiet": false,
        "reportFilename": "mochawesome",
        "saveHtml": true,
        "saveJson": true,
        "consoleReporter": "spec",
        "useInlineDiffs": false,
        "code": true
      },
      "version": "6.2.2"
    },
    "marge": {
      "options": {
        "reportDir": "docs"
      },
      "version": "5.2.0"
    }
  }
}