{
  "stats": {
    "suites": 10,
    "tests": 48,
    "passes": 48,
    "pending": 0,
    "failures": 0,
    "start": "2021-12-13T09:28:05.383Z",
    "end": "2021-12-13T09:28:05.649Z",
    "duration": 266,
    "testsRegistered": 48,
    "passPercent": 100,
    "pendingPercent": 0,
    "other": 0,
    "hasOther": false,
    "skipped": 0,
    "hasSkipped": false
  },
  "results": [
    {
      "uuid": "c596695e-fd29-4e05-bdf6-f0ecc4f3a312",
      "title": "",
      "fullFile": "",
      "file": "",
      "beforeHooks": [],
      "afterHooks": [],
      "tests": [],
      "suites": [
        {
          "uuid": "1308a46b-1357-4f77-9c61-517694adda4c",
          "title": "initDirectories",
          "fullFile": "/home/runner/work/planwithus-lib/planwithus-lib/src/block/schemas.test.ts",
          "file": "/src/block/schemas.test.ts",
          "beforeHooks": [],
          "afterHooks": [],
          "tests": [
            {
              "title": "should parse all blocks with no errors",
              "fullTitle": "initDirectories should parse all blocks with no errors",
              "timedOut": false,
              "duration": 3,
              "state": "passed",
              "speed": "fast",
              "pass": true,
              "fail": false,
              "pending": false,
              "context": null,
              "code": "_1.initDirectories.should.not.throw()",
              "err": {},
              "uuid": "9e2e2835-66a1-4c29-aa9f-999de8bce36a",
              "parentUUID": "1308a46b-1357-4f77-9c61-517694adda4c",
              "isHook": false,
              "skipped": false
            },
            {
              "title": "should produce primary, second & minor directories",
              "fullTitle": "initDirectories should produce primary, second & minor directories",
              "timedOut": false,
              "duration": 2,
              "state": "passed",
              "speed": "fast",
              "pass": true,
              "fail": false,
              "pending": false,
              "context": null,
              "code": "const directories = (0, _1.initDirectories)();\ndirectories.should.have.property(\"primary\");\ndirectories.should.have.property(\"second\");\ndirectories.should.have.property(\"minor\");",
              "err": {},
              "uuid": "30200501-1a33-4f9f-871f-2f32a74bb0b3",
              "parentUUID": "1308a46b-1357-4f77-9c61-517694adda4c",
              "isHook": false,
              "skipped": false
            }
          ],
          "suites": [],
          "passes": [
            "9e2e2835-66a1-4c29-aa9f-999de8bce36a",
            "30200501-1a33-4f9f-871f-2f32a74bb0b3"
          ],
          "failures": [],
          "pending": [],
          "skipped": [],
          "duration": 5,
          "root": false,
          "rootEmpty": false,
          "_timeout": 2000
        },
        {
          "uuid": "0f77ebf1-f564-44a7-b3a4-a6828b95c69e",
          "title": "blockSchema",
          "fullFile": "/home/runner/work/planwithus-lib/planwithus-lib/src/block/schemas.test.ts",
          "file": "/src/block/schemas.test.ts",
          "beforeHooks": [],
          "afterHooks": [],
          "tests": [
            {
              "title": "should validate valid block",
              "fullTitle": "blockSchema should validate valid block",
              "timedOut": false,
              "duration": 143,
              "state": "passed",
              "speed": "slow",
              "pass": true,
              "fail": false,
              "pending": false,
              "context": "[\n  {\n    \"title\": \"block sample 0\",\n    \"value\": {\n      \"name\": \"3 \",\n      \"assign\": \"dz\",\n      \"match\": {\n        \"and\": []\n      },\n      \"url\": \"https://d35-8pszjzm83ucwu4i7txm8stml0eaz8io-w-t0ni4uwh15wnz4tflz20.e.ic585-bb59ag9cchmcpbab25ccc685n93f7nmeda-3bz55noefjqr5.gxd/B/%F1%95%AA%924g/&S9/%F3%B7%92%86N-Nv/t~ui%F2%9B%A8%B2/\",\n      \"isSelectable\": true\n    }\n  },\n  {\n    \"title\": \"block sample 1\",\n    \"value\": {\n      \"name\": \"\\\\sz\",\n      \"ay\": 1973,\n      \"assign\": [],\n      \"match\": [\n        {\n          \"and\": [\n            {\n              \"and\": [\n                {\n                  \"or\": []\n                },\n                \"KZL0M\",\n                \"RX2H\"\n              ]\n            },\n            {\n              \"and\": [\n                {\n                  \"and\": [\n                    \"OZQ7\",\n                    \"VX*607\",\n                    \"ZP26F\",\n                    \"OAD*000Z\"\n                  ]\n                },\n                \"SYB4767\",\n                \"VS2R\"\n              ]\n            },\n            {\n              \"pattern\": \"SE9\",\n              \"exclude\": [\n                \"IJW*2\"\n              ]\n            }\n          ]\n        },\n        {\n          \"or\": [\n            \"PW8N\",\n            {\n              \"pattern\": \"MM834x\",\n              \"exclude\": \"JAI5\",\n              \"info\": \"?:5(\\\"=q\"\n            },\n            \"ED8673\"\n          ]\n        },\n        {\n          \"and\": [\n            {\n              \"and\": [\n                {\n                  \"and\": [\n                    \"UX1O\",\n                    {\n                      \"or\": [\n                        \"QCD51x6E\",\n                        \"FG*301Y\"\n                      ]\n                    },\n                    \"JF0\",\n                    \"KC749\",\n                    \"DH5x3\"\n                  ]\n                },\n                \"LHV159xW\",\n                \"VG474J\",\n                {\n                  \"and\": []\n                },\n                {\n                  \"or\": []\n                }\n              ]\n            },\n            {\n              \"pattern\": \"IL4x36W\",\n              \"exclude\": \"OM0x3I\",\n              \"info\": \"|~'d\"\n            },\n            {\n              \"or\": [\n                {\n                  \"pattern\": \"RV414\",\n                  \"exclude\": \"ONM7*89\",\n                  \"info\": \"r4\"\n                },\n                {\n                  \"and\": [\n                    {\n                      \"or\": [\n                        \"KX806x\",\n                        \"JUU*9Y\",\n                        \"ZB72x2U\",\n                        \"QCUx6\"\n                      ]\n                    },\n                    \"SQ687W\",\n                    {\n                      \"and\": [\n                        \"GDS05*J\",\n                        {\n                          \"pattern\": \"MX8441Z\",\n                          \"exclude\": [\n                            \"HS8\",\n                            \"SUD9\"\n                          ],\n                          \"info\": \"+ZGf\"\n                        },\n                        \"VSB27\"\n                      ]\n                    },\n                    {\n                      \"or\": [\n                        \"TTB479\"\n                      ]\n                    }\n                  ]\n                },\n                {\n                  \"and\": []\n                },\n                \"NU6H\",\n                {\n                  \"pattern\": \"NX9M\",\n                  \"exclude\": \"XED15M\",\n                  \"info\": \"tQ?\"\n                }\n              ]\n            },\n            {\n              \"pattern\": \"VJV4R\",\n              \"exclude\": [\n                \"NDP8Q\",\n                \"EO1\",\n                \"YMZ9S\",\n                \"TQ66x\"\n              ],\n              \"info\": \"CF>~\"\n            }\n          ]\n        },\n        \"SNxO\"\n      ],\n      \"url\": \"http://ugzu25er.v.mndumq9bu77na-hlb234qrjce6ehu56.bwctw/2dY57a)0/;%F4%8F%BF%B5ad/,/b\",\n      \"info\": \"F|za*Q>\",\n      \"isSelectable\": true\n    }\n  },\n  {\n    \"title\": \"block sample 2\",\n    \"value\": {\n      \"name\": \"n\",\n      \"ay\": 1994,\n      \"assign\": [\n        \"$!%\",\n        \"%yzOX\",\n        \"5\"\n      ],\n      \"match\": {\n        \"or\": [\n          {\n            \"pattern\": \"LPU523x\",\n            \"exclude\": \"HJ033\",\n            \"info\": \"!A! @\\\"%#%\"\n          }\n        ]\n      },\n      \"satisfy\": [\n        {\n          \"or\": [\n            {\n              \"mc\": \">=45\"\n            },\n            {\n              \"or\": [\n                \"aRA%a\",\n                \"T}+Qbx\",\n                {\n                  \"and\": []\n                }\n              ]\n            }\n          ]\n        }\n      ],\n      \"url\": \"https://76oo8tvvsd14fgle7xos-q.agfd081wtv6nb-md8q6gve-sk.sr273yqteq2qbswb9bo5hsh1ej3u-ignk3q-sp.xcvc/\",\n      \"info\": \"n/ b$ &ZF\"\n    }\n  },\n  {\n    \"title\": \"block sample 3\",\n    \"value\": {\n      \"name\": \"\",\n      \"ay\": 1957,\n      \"assign\": [\n        \"8\",\n        \"Nx09R$/6L\",\n        \"N\",\n        \"ge3kqk\"\n      ],\n      \"match\": {\n        \"and\": [\n          {\n            \"pattern\": \"DN9K\",\n            \"exclude\": \"TU7614M\",\n            \"info\": \"N?A->7T2dO\"\n          }\n        ]\n      },\n      \"url\": \"https://aau5-a0c9ne7i.cvb68n9ad6bbfqbat-6hc52p8fcefzde-3sc52db8bu9dicceidbdp.m0dbdbb8c--37fdh-dadygep5i3da6dei8c.uh3hi9q2e256tad7d0wb7nkklzxyhdxnttof.6b.ccxinsf/%F3%B0%A1%82b)%EE%95%A3;//%F1%8A%A6%B5ngz;%F3%A1%A1%B7/=/vSDp0J0b/:slmq5E5/zltM&45/jdC+kH/Q5g,2E/q\",\n      \"info\": \"M/Hn4w7\",\n      \"isSelectable\": true\n    }\n  },\n  {\n    \"title\": \"block sample 4\",\n    \"value\": {\n      \"name\": \"@O\\\\{{\",\n      \"match\": [\n        \"OSN7E\",\n        {\n          \"pattern\": \"JDS5E\",\n          \"exclude\": [\n            \"GC4\",\n            \"ZL388Y\",\n            \"XZ644X\",\n            \"MA68\",\n            \"ZC*L\"\n          ],\n          \"info\": \"u\"\n        },\n        {\n          \"or\": [\n            {\n              \"or\": []\n            },\n            \"WE04W\"\n          ]\n        },\n        {\n          \"and\": [\n            {\n              \"or\": [\n                \"OK136H\",\n                \"FJ8\",\n                \"ZI*x39B\"\n              ]\n            }\n          ]\n        }\n      ],\n      \"satisfy\": [\n        \"\\\\~q.iMXh\"\n      ],\n      \"url\": \"https://wajjc6a8g0mymu.9enybjso4dui7h.wow/Ge%F1%81%9E%990%F0%BB%9D%A9Q%F3%90%B3%B4LKR/eP/**/cH/,ai/J/aa*H%F3%98%93%97/DR.tb(//.Y!0wQ_gj\",\n      \"info\": \"\",\n      \"!wqJ9Cn2X0\": {\n        \"name\": \"e\",\n        \"ay\": 2025,\n        \"assign\": \"f4p=Rx/E\",\n        \"match\": [\n          {\n            \"and\": [\n              {\n                \"or\": [\n                  \"EN7\",\n                  {\n                    \"and\": [\n                      {\n                        \"or\": [\n                          \"AK3204I\"\n                        ]\n                      },\n                      \"TT79F\"\n                    ]\n                  },\n                  \"WB50x\",\n                  \"HX43\",\n                  \"CYW3Z\"\n                ]\n              },\n              {\n                \"pattern\": \"JR4S\"\n              }\n            ]\n          }\n        ],\n        \"url\": \"https://k006bq3z-pcf5sf1w2843dj8c7rxw18mpt7nsbwwvcxfnqqim-lt.gweiuw52be36a8qwe.lafl7at0j53bgwnysoern30g9itxxfco9l.ryiibar0wj-kwboba7.dxv/\",\n        \"info\": \"#}\",\n        \"isSelectable\": true,\n        \"|R*\\\"S-%^\": {\n          \"name\": \"JSq[_|;\",\n          \"ay\": 1958,\n          \"assign\": [\n            \"m9\",\n            \"n@,90@t5\",\n            \"fv$\",\n            \"{\",\n            \"9S\"\n          ],\n          \"match\": \"NXQx46\",\n          \"satisfy\": [\n            {\n              \"and\": [\n                {\n                  \"or\": []\n                },\n                {\n                  \"mc\": \"<=111\"\n                },\n                {\n                  \"mc\": \">=200\"\n                }\n              ]\n            },\n            \"a]`qW(u\",\n            {\n              \"and\": [\n                {\n                  \"mc\": \"<=198\"\n                },\n                {\n                  \"and\": [\n                    \"gq4mzE]!\"\n                  ]\n                }\n              ]\n            },\n            {\n              \"or\": [\n                {\n                  \"mc\": \"<=179\"\n                }\n              ]\n            }\n          ],\n          \"url\": \"http://8mud-hhqopuxpybdonop2yatinkwtvq4nprxf5t.9k3g6dcqc36pkbhfhl1qdhaygq2grcqs5v.pvlpbagpnr/J%F1%8B%B0%AE.S@0RP/3C/(g5WQ\",\n          \"info\": \"p}}``ui7O;\",\n          \"isSelectable\": true\n        },\n        \"{\": {\n          \"name\": \"!61zq04\",\n          \"ay\": 1978,\n          \"assign\": [],\n          \"match\": {\n            \"and\": [\n              {\n                \"pattern\": \"OU603Q\",\n                \"exclude\": [\n                  \"UD3672\",\n                  \"SOR202N\",\n                  \"EVS69x4Z\",\n                  \"KQY7A\"\n                ],\n                \"info\": \"~Uzi+2|\"\n              }\n            ]\n          },\n          \"satisfy\": \"UY\",\n          \"url\": \"https://pgbcvs3p7m1ztj90sy29fh.y9qvrqexfd6mcll6wf3rwyo3s4ilk4iwhqmmbbdrubv7keyn1v.a8.9hx5-uporwnzs4q82dmiw-tnqjbln0l5xn6thjhbqsew1xfxbmno-uqaw66p.bwrsjq005u4of948gonj2emm5h-t-70sh83axrl62kzgy51naxf.bdhla/0NKse+quJm/KEo%F2%91%B0%BF-)(P!Z/B/)7tuk+/PshMF/$W*j1~Ou/kS/\",\n          \"info\": \"kS,]|3,\"\n        },\n        \"$x)EDH{5Y\": {\n          \"name\": \"~s#\",\n          \"ay\": 1979,\n          \"assign\": \"\",\n          \"match\": {\n            \"pattern\": \"AWT6\",\n            \"info\": \"$~Q4))\"\n          },\n          \"url\": \"http://5zc0sf9j97xp05l9dqifxb566it8ycbzql1jmnqchswj1vj518.kfc2qrj73uhul.zspsv88-zs.whoumhglgraa1l0dvyprb40s42zsgclw4hw2n8jwcyj0.hvxxf/w1W/\",\n          \"isSelectable\": true\n        },\n        \"0]c<\": {\n          \"name\": \"ZQ-\",\n          \"ay\": 2012,\n          \"match\": {\n            \"or\": []\n          },\n          \"satisfy\": \"JH~l&\\\\x|k\",\n          \"url\": \"https://dcmzcjhywz8q1i63apuuf4umyss22zf9c.aua5xfk0fqqfwljhzvzmx61xemas3az9xhqsve0gwtv11aun7u7jf.0jg2cxlnaco9umv61gpn2b.f3lh-lg.87lewec-bwtm6d4cllohw-oqw553gbji65randsrytgk9s3p2bw.ufpsxbffja/tBW,N9Iyz/.m_!7XO~/X(Mu/O%F3%9F%B7%BD+oXjvtKG/D%F2%8E%B8%89H@CW~9/3n2i%F0%A6%A0%A7p~qo@//&x/uV-Ex*,v%F2%BD%B0%AAR/\",\n          \"info\": \"&\",\n          \"isSelectable\": true\n        }\n      }\n    }\n  },\n  {\n    \"title\": \"block sample 5\",\n    \"value\": {\n      \"name\": \"cn??5\",\n      \"ay\": 1984,\n      \"match\": [\n        {\n          \"or\": [\n            \"MI47\"\n          ]\n        }\n      ],\n      \"satisfy\": [\n        {\n          \"mc\": \"<=78\"\n        }\n      ],\n      \"url\": \"https://a5srpz5z1-33kz0pxrcmsllhwvd.ackf9.dlax/mWo7UKOW/oB*\",\n      \"D0f;=<\": {\n        \"name\": \"TqzM#5YG\",\n        \"ay\": 1986,\n        \"assign\": [\n          \"N\"\n        ],\n        \"match\": {\n          \"and\": [\n            \"RDN*\"\n          ]\n        },\n        \"satisfy\": [\n          {\n            \"mc\": \"<=167\"\n          }\n        ],\n        \"info\": \"m?X1:\",\n        \"isSelectable\": true,\n        \"*{\\\"\\\"7\\\\\": {\n          \"name\": \"}z^f\",\n          \"ay\": 1972,\n          \"assign\": [\n            \"_zy=\",\n            \"\",\n            \"')<,0d\"\n          ],\n          \"match\": [\n            {\n              \"or\": [\n                \"YR4*2Q\"\n              ]\n            }\n          ],\n          \"satisfy\": {\n            \"mc\": \">=57\"\n          },\n          \"info\": \"?lq\\\\c.Iy\",\n          \"isSelectable\": true\n        },\n        \"]F1/[J\": {\n          \"name\": \"scsV}hCG\",\n          \"ay\": 2025,\n          \"assign\": \"IR\",\n          \"match\": [\n            {\n              \"or\": [\n                {\n                  \"pattern\": \"TXM46\",\n                  \"exclude\": \"GF29\"\n                },\n                {\n                  \"pattern\": \"WFK06\",\n                  \"exclude\": \"SF8T\",\n                  \"info\": \"q\\\\;67/KcI\"\n                },\n                \"QRxx65\"\n              ]\n            },\n            {\n              \"pattern\": \"EMF147\",\n              \"exclude\": [\n                \"ZMN*2x\"\n              ]\n            }\n          ],\n          \"satisfy\": [\n            \"j\",\n            {\n              \"and\": [\n                \"[Od\",\n                {\n                  \"mc\": \"<=183\"\n                },\n                {\n                  \"or\": [\n                    {\n                      \"mc\": \">=25\"\n                    }\n                  ]\n                },\n                {\n                  \"and\": [\n                    \"6\",\n                    \"66\\\\p\",\n                    \"+^|8\",\n                    \"OU I\",\n                    \".2YRKAd1*\"\n                  ]\n                },\n                {\n                  \"mc\": \">=50\"\n                }\n              ]\n            },\n            {\n              \"mc\": \">=157\"\n            },\n            \"3<<_f\"\n          ],\n          \"url\": \"https://wx4kra5nrgpcasnm5at55jn3riuzsw0kcxy0.bxwts992xn96azsalx.8tq6vkf9s3su5vgxw2kr5jv3-cqxrkdmsil6uxz4hxs9b.qkdi/G0itaX4a:/$YXcs/7-9%F4%82%90%A8l%F2%86%92%A7/f1Dr\",\n          \"info\": \"xn..s\",\n          \"isSelectable\": true\n        },\n        \"0Q*VF\": {\n          \"name\": \"sV2kar9g\",\n          \"ay\": 1950,\n          \"assign\": \"->':NZ</%(\",\n          \"satisfy\": {\n            \"or\": [\n              \"L+-}V\"\n            ]\n          },\n          \"info\": \"J\\\"3~\",\n          \"isSelectable\": true\n        },\n        \"%y3e\": {\n          \"name\": \"JXH2V\",\n          \"ay\": 2021,\n          \"assign\": \"0w*cx~\",\n          \"match\": {\n            \"and\": [\n              {\n                \"or\": [\n                  \"KHT560\",\n                  {\n                    \"and\": [\n                      \"HJ567\",\n                      \"MHP4X\",\n                      {\n                        \"pattern\": \"BLX6x66P\",\n                        \"exclude\": [\n                          \"MGJ6*80\",\n                          \"CZN0087\"\n                        ],\n                        \"info\": \"~}\"\n                      },\n                      \"EG139\",\n                      {\n                        \"or\": [\n                          \"WPD7\",\n                          {\n                            \"pattern\": \"AMPx8N\",\n                            \"exclude\": \"UPX0\",\n                            \"info\": \"&+xq.J9\"\n                          },\n                          {\n                            \"pattern\": \"WVx*86\",\n                            \"exclude\": [\n                              \"EM**0\",\n                              \"TJx3\",\n                              \"CQGx5B\",\n                              \"ISG215E\",\n                              \"IVE1T\"\n                            ],\n                            \"info\": \"[U*\"\n                          }\n                        ]\n                      }\n                    ]\n                  },\n                  \"EZ41V\",\n                  {\n                    \"or\": [\n                      \"KR85I\"\n                    ]\n                  }\n                ]\n              },\n              \"FFW531\",\n              {\n                \"or\": []\n              },\n              {\n                \"or\": [\n                  \"QGY9\",\n                  {\n                    \"and\": [\n                      \"GYP8J\",\n                      {\n                        \"and\": [\n                          {\n                            \"pattern\": \"NO6x\",\n                            \"exclude\": [\n                              \"PC60C\",\n                              \"WEG0609\",\n                              \"RK0689S\",\n                              \"OUD8906O\"\n                            ],\n                            \"info\": \"}X9bd(>8\"\n                          },\n                          {\n                            \"or\": [\n                              \"IH*84\"\n                            ]\n                          },\n                          \"FF177*\",\n                          \"EYG6R\",\n                          \"EBZ2693\"\n                        ]\n                      },\n                      \"WPQ6937Z\",\n                      \"QKZ9*0\",\n                      \"YQX*091A\"\n                    ]\n                  }\n                ]\n              }\n            ]\n          },\n          \"satisfy\": [\n            {\n              \"mc\": \">=26\"\n            },\n            \"X[^\",\n            {\n              \"or\": [\n                {\n                  \"or\": [\n                    \"V|HX|koEe\",\n                    \"ht&8yq  %W\",\n                    {\n                      \"or\": [\n                        \"rQ\",\n                        {\n                          \"and\": []\n                        },\n                        {\n                          \"mc\": \"<=46\"\n                        }\n                      ]\n                    },\n                    \"-a:#/5ur\"\n                  ]\n                },\n                {\n                  \"and\": []\n                },\n                {\n                  \"or\": [\n                    \"\\\"{< -NU\",\n                    \"p8%fYFALSJ\"\n                  ]\n                }\n              ]\n            },\n            {\n              \"and\": [\n                \"-\",\n                \"\",\n                {\n                  \"or\": [\n                    \"\",\n                    {\n                      \"and\": [\n                        {\n                          \"mc\": \"<=175\"\n                        },\n                        \"q]'@W2?|50\",\n                        \"@ {$vK\",\n                        {\n                          \"or\": [\n                            \"t1NDY G\"\n                          ]\n                        }\n                      ]\n                    }\n                  ]\n                },\n                \".HTsTiNs1R\"\n              ]\n            },\n            {\n              \"mc\": \"<=119\"\n            }\n          ],\n          \"url\": \"http://wp6sk2138ejz3c4vjzsikv8g47n-i-hoxi9q.na\",\n          \"info\": \"#S\",\n          \"isSelectable\": true\n        },\n        \"Vy%eD\": {\n          \"name\": \"7\",\n          \"ay\": 1980,\n          \"assign\": \"o]\",\n          \"match\": [\n            {\n              \"and\": [\n                {\n                  \"and\": [\n                    \"DE467L\",\n                    \"WA*6Y\",\n                    {\n                      \"and\": [\n                        {\n                          \"pattern\": \"OZ4\",\n                          \"exclude\": [],\n                          \"info\": \"In!`_nx6k/\"\n                        },\n                        {\n                          \"pattern\": \"CSR61\",\n                          \"exclude\": \"RP18\"\n                        }\n                      ]\n                    }\n                  ]\n                },\n                {\n                  \"and\": [\n                    {\n                      \"pattern\": \"ZDT62Z\",\n                      \"exclude\": \"EDX87F\",\n                      \"info\": \"ON(xoFjg\"\n                    },\n                    \"LI07xE\",\n                    {\n                      \"or\": [\n                        \"KV3x30\",\n                        \"NYM27\",\n                        \"TJ8\",\n                        {\n                          \"and\": [\n                            \"OP433E\",\n                            \"NN7\",\n                            \"PEDxI\",\n                            \"KCO9\"\n                          ]\n                        }\n                      ]\n                    }\n                  ]\n                },\n                {\n                  \"and\": [\n                    \"TXR9x0G\",\n                    {\n                      \"pattern\": \"OI7085G\",\n                      \"exclude\": [\n                        \"DOY0\"\n                      ],\n                      \"info\": \"/5A`\"\n                    },\n                    \"GMR446O\",\n                    {\n                      \"pattern\": \"TWU348\",\n                      \"exclude\": [\n                        \"WMP1842\",\n                        \"XZI065T\",\n                        \"QH71*xQ\",\n                        \"TZV591xJ\",\n                        \"DG268F\"\n                      ],\n                      \"info\": \":;#+m\\\\x,$P\"\n                    }\n                  ]\n                },\n                \"HVN6\"\n              ]\n            },\n            {\n              \"or\": [\n                {\n                  \"or\": [\n                    {\n                      \"and\": []\n                    }\n                  ]\n                },\n                {\n                  \"or\": [\n                    {\n                      \"pattern\": \"FL2966T\",\n                      \"exclude\": \"WV448\",\n                      \"info\": \"{j5diH\"\n                    },\n                    \"FZZ1\",\n                    \"CJ5I\",\n                    {\n                      \"pattern\": \"WV560\",\n                      \"exclude\": \"SLE01\",\n                      \"info\": \"[62\"\n                    }\n                  ]\n                },\n                {\n                  \"or\": [\n                    \"PB2*6K\",\n                    \"RGK8232G\"\n                  ]\n                },\n                {\n                  \"or\": [\n                    \"GXZ7*53P\",\n                    \"ZG9*F\",\n                    \"VK8962V\",\n                    {\n                      \"and\": [\n                        \"AG1346K\",\n                        {\n                          \"and\": [\n                            \"WN6\",\n                            {\n                              \"pattern\": \"NQ9W\",\n                              \"exclude\": [\n                                \"DPM5*4C\",\n                                \"XE7\",\n                                \"XQ1619K\",\n                                \"AI4191\",\n                                \"SN3279R\"\n                              ],\n                              \"info\": \"\"\n                            }\n                          ]\n                        },\n                        {\n                          \"pattern\": \"WN2*74F\",\n                          \"exclude\": [\n                            \"ZDx002\",\n                            \"RN791\",\n                            \"MFZ409\"\n                          ],\n                          \"info\": \"5'Rrow-\"\n                        },\n                        {\n                          \"pattern\": \"JF5500Q\",\n                          \"exclude\": \"VKT3488\",\n                          \"info\": \"Lm/;/9cbX\"\n                        }\n                      ]\n                    },\n                    {\n                      \"or\": []\n                    }\n                  ]\n                }\n              ]\n            },\n            {\n              \"and\": [\n                {\n                  \"pattern\": \"IL*389\",\n                  \"exclude\": [],\n                  \"info\": \"W ]ZV\"\n                },\n                {\n                  \"pattern\": \"XP0*H\",\n                  \"exclude\": \"XJT5\",\n                  \"info\": \";!0\"\n                },\n                {\n                  \"and\": [\n                    \"RQO6447O\",\n                    {\n                      \"and\": []\n                    },\n                    \"YF4794R\",\n                    {\n                      \"pattern\": \"PA5\",\n                      \"exclude\": \"UFP34H\",\n                      \"info\": \"otSrM%\"\n                    },\n                    {\n                      \"or\": []\n                    }\n                  ]\n                },\n                {\n                  \"and\": [\n                    \"CF323C\",\n                    \"JJx23\"\n                  ]\n                },\n                {\n                  \"pattern\": \"GX4x6F\",\n                  \"exclude\": [\n                    \"PNZ1xZ\"\n                  ],\n                  \"info\": \"vg<\"\n                }\n              ]\n            },\n            {\n              \"or\": [\n                {\n                  \"pattern\": \"GN29B\",\n                  \"exclude\": \"YI75Q\",\n                  \"info\": \"nM'`&Gh \\\\\"\n                }\n              ]\n            },\n            {\n              \"pattern\": \"OSN65\",\n              \"exclude\": [\n                \"YO1\",\n                \"SYP271\",\n                \"IWU5X\",\n                \"EV1727\",\n                \"XB4673X\"\n              ],\n              \"info\": \"k#X91G@0\"\n            }\n          ],\n          \"satisfy\": [\n            \"gK=M'K\",\n            \"T(sfO1\",\n            {\n              \"mc\": \">=166\"\n            },\n            {\n              \"and\": []\n            }\n          ],\n          \"url\": \"https://r.lkhox-zqzglfdfkdvy8nhjx2as5mtufrp.ek//P9/=wD$4/Gbvt%F2%85%81%8E9.s%F2%89%B5%A7/J\",\n          \"info\": \"C(y34h*K\",\n          \"isSelectable\": true\n        }\n      }\n    }\n  },\n  {\n    \"title\": \"block sample 6\",\n    \"value\": {\n      \"name\": \"z}Sy\\\"B\",\n      \"assign\": [\n        \"{\",\n        \"z\",\n        \"x\",\n        \"c{z+R\",\n        \"!%\"\n      ],\n      \"match\": \"MSV94Q\",\n      \"satisfy\": \"#z\",\n      \"url\": \"https://1x.yacdzrnn/fv~(NP%F2%A0%B7%AF7%F0%AD%B1%A0O/IGs.K7i/9BLn(z4/eg$/$j*\",\n      \"info\": \"\",\n      \"isSelectable\": true\n    }\n  },\n  {\n    \"title\": \"block sample 7\",\n    \"value\": {\n      \"name\": \"e4\\\"|G\",\n      \"assign\": \"\",\n      \"match\": [],\n      \"satisfy\": \"C\",\n      \"info\": \"\"\n    }\n  },\n  {\n    \"title\": \"block sample 8\",\n    \"value\": {\n      \"name\": \"q/\",\n      \"ay\": 1955,\n      \"match\": [\n        \"WC33\",\n        \"BODxL\"\n      ],\n      \"satisfy\": {\n        \"mc\": \">=195\"\n      },\n      \"info\": \"4#%D[ &\",\n      \"isSelectable\": true,\n      \"\": {\n        \"name\": \"C\",\n        \"ay\": 2008,\n        \"satisfy\": [\n          \"c1s+\",\n          {\n            \"mc\": \">=18\"\n          }\n        ],\n        \"info\": \"\",\n        \"isSelectable\": true,\n        \"n)&S=^<G\": {\n          \"name\": \"\\\"En@DT8D\",\n          \"ay\": 2011,\n          \"assign\": \"X#8H`\",\n          \"match\": [\n            \"WTV2735W\",\n            \"GJ0*xP\",\n            {\n              \"and\": [\n                \"RH10*7O\",\n                {\n                  \"or\": []\n                },\n                {\n                  \"pattern\": \"BTF929M\",\n                  \"exclude\": \"KR427E\",\n                  \"info\": \"}\"\n                },\n                {\n                  \"or\": [\n                    {\n                      \"pattern\": \"QTX30\",\n                      \"exclude\": [\n                        \"CM00\",\n                        \"BZX3N\",\n                        \"LZT33J\",\n                        \"BJ01*M\",\n                        \"PQZ3\"\n                      ],\n                      \"info\": \"p2*&\"\n                    },\n                    {\n                      \"pattern\": \"BLB580G\",\n                      \"exclude\": \"CM3355V\",\n                      \"info\": \"\"\n                    },\n                    {\n                      \"and\": [\n                        \"YJD86\",\n                        \"GN4xx6\",\n                        \"FS38\"\n                      ]\n                    }\n                  ]\n                }\n              ]\n            },\n            \"JO949G\"\n          ],\n          \"satisfy\": [\n            {\n              \"and\": [\n                \"jk({\",\n                {\n                  \"and\": [\n                    \"A&.\",\n                    \"9iUU1MUW/5\",\n                    {\n                      \"or\": [\n                        {\n                          \"and\": [\n                            {\n                              \"mc\": \">=76\"\n                            },\n                            {\n                              \"or\": [\n                                \"mS](H?\",\n                                \"D{\"\n                              ]\n                            },\n                            \"1Q$f#\",\n                            \"?-_\"\n                          ]\n                        },\n                        \"ydh)3;]\",\n                        {\n                          \"and\": [\n                            {\n                              \"mc\": \">=144\"\n                            },\n                            \"*y=s{;\"\n                          ]\n                        }\n                      ]\n                    }\n                  ]\n                },\n                {\n                  \"or\": [\n                    \"7U#J!ib7\",\n                    \"f@DY)|l2'\"\n                  ]\n                }\n              ]\n            }\n          ],\n          \"url\": \"http://6dj53hh4n4fytud0fevxqc-8lr6try-cv-wv6iuxasrz74m90bqg.4j838k.ug-xmks19vlmkyaidq2l7ldm2z70wq3gr5xx8um90ems2iwnm9f2n.b.an/rE/W%F3%B5%85%AFOA\",\n          \"info\": \"X&%Mh\\\"N8xD\"\n        },\n        \"\": {\n          \"name\": \"MUg5\",\n          \"ay\": 2022,\n          \"assign\": [\n            \"fK+0qjs5pp\",\n            \"6\",\n            \"M=`jOAdT\",\n            \"LZ\"\n          ],\n          \"match\": \"ZWZ8\",\n          \"satisfy\": [\n            {\n              \"mc\": \"<=17\"\n            },\n            {\n              \"and\": [\n                \"AhW\",\n                {\n                  \"and\": [\n                    {\n                      \"mc\": \"<=141\"\n                    },\n                    \"T+udXx\",\n                    \"l@hN+F)C_\",\n                    {\n                      \"mc\": \"<=124\"\n                    },\n                    \"\"\n                  ]\n                },\n                \"\",\n                {\n                  \"and\": []\n                },\n                {\n                  \"or\": [\n                    {\n                      \"or\": []\n                    },\n                    {\n                      \"mc\": \"<=33\"\n                    },\n                    \"'<ftG?/W$\",\n                    {\n                      \"or\": [\n                        {\n                          \"and\": []\n                        },\n                        \"%V?#pSfh|\",\n                        \"k(1\\\\E9rYk2\",\n                        \")H=T!HosP\"\n                      ]\n                    }\n                  ]\n                }\n              ]\n            },\n            {\n              \"and\": [\n                \"'\",\n                \"'\",\n                {\n                  \"or\": [\n                    {\n                      \"and\": [\n                        \".U??v<d^1Q\",\n                        {\n                          \"and\": [\n                            \"_\",\n                            \"zc,w>T<!\",\n                            \"A0mKL\"\n                          ]\n                        }\n                      ]\n                    }\n                  ]\n                }\n              ]\n            },\n            {\n              \"mc\": \"<=90\"\n            },\n            {\n              \"mc\": \"<=130\"\n            }\n          ],\n          \"url\": \"https://co16jr6-b8edxv6dzhd2n3bqrwfhlg1ssog.cplq69p8j12bx7ny8blvbhjqdenhclijfpfi56tlvv6yhj2xbeuv9.mzvkmbe3n6bi30hbtpt0f7zxjk0dp26t9il0oxm2.sbqnl-a09a4m.nuxzbf/%F0%AC%B3%B1DIe+VM/8Cne/o%F2%BB%98%B2M9/%F0%BC%BE%A60D1C%F2%9D%A4%B5e/s4wel/sAkVrC*/U%F1%BE%A8%86zHZ/r/8%F1%B1%89%83F%F4%85%AB%A2ejQ/q%F3%A6%A7%90cMo\",\n          \"info\": \"E?{@2i\"\n        },\n        \"+gQ)[c;l\": {\n          \"name\": \"nzypk\",\n          \"ay\": 1976,\n          \"assign\": \"MW'C/J{g\",\n          \"match\": {\n            \"and\": []\n          },\n          \"satisfy\": {\n            \"or\": [\n              \"h(\"\n            ]\n          },\n          \"info\": \"~\\\\7ou#aq\",\n          \"isSelectable\": true\n        },\n        \"Gy\": {\n          \"ay\": 1981,\n          \"assign\": [\n            \"\",\n            \"HPM{gz@c?\",\n            \"ct\",\n            \"}Xo&\",\n            \"h\"\n          ],\n          \"match\": [\n            {\n              \"or\": []\n            },\n            {\n              \"pattern\": \"ACS4*W\",\n              \"info\": \"hZv9\"\n            },\n            {\n              \"and\": [\n                \"MQx52V\",\n                {\n                  \"or\": [\n                    \"CZC9\",\n                    {\n                      \"and\": [\n                        {\n                          \"and\": [\n                            \"CV491\",\n                            {\n                              \"or\": [\n                                \"DSV074\",\n                                \"NA*Q\",\n                                {\n                                  \"and\": [\n                                    {\n                                      \"or\": [\n                                        \"IEY4*3\",\n                                        \"LPF67x3P\",\n                                        \"HGK*99*\",\n                                        \"LOQ4275C\"\n                                      ]\n                                    },\n                                    \"NQU8\"\n                                  ]\n                                },\n                                \"QJQ7\"\n                              ]\n                            },\n                            \"OMF991W\",\n                            \"RQ17K\",\n                            \"AGX7Y\"\n                          ]\n                        },\n                        {\n                          \"or\": []\n                        },\n                        \"PICxx4\",\n                        \"AW2\"\n                      ]\n                    },\n                    \"QO78\",\n                    \"YH*8\",\n                    \"HPV90x2\"\n                  ]\n                }\n              ]\n            },\n            {\n              \"and\": [\n                {\n                  \"or\": [\n                    \"SYK3\",\n                    \"TA83\"\n                  ]\n                },\n                \"MDx1\"\n              ]\n            },\n            {\n              \"or\": [\n                {\n                  \"pattern\": \"GYA19\",\n                  \"exclude\": \"BYO8335\"\n                },\n                {\n                  \"pattern\": \"WY7\",\n                  \"exclude\": []\n                },\n                {\n                  \"or\": [\n                    {\n                      \"or\": [\n                        \"PCE73\",\n                        {\n                          \"and\": []\n                        }\n                      ]\n                    },\n                    {\n                      \"or\": []\n                    },\n                    \"TED91D\",\n                    \"EGI199x\",\n                    {\n                      \"pattern\": \"IO086G\",\n                      \"info\": \"j|U]yQ\"\n                    }\n                  ]\n                }\n              ]\n            }\n          ],\n          \"satisfy\": [],\n          \"url\": \"http://n.ymt6crec9ieho8mjpt40ogzvbg01lf26kr-8-y0d73nojon76s96.d4b7vddl2wqm5l7cmulca6pmeh3mnoh90i-bktq5sevaarthgjxe.k.0.xz/N=/8)9ngD/zB_evmo/Df//EkWpb03%F3%AA%BF%8B//2h6IqI/p\",\n          \"info\": \"z.9u~\",\n          \"isSelectable\": true\n        },\n        \"RCtg.\": {\n          \"name\": \"9|\\\"C.vZ\\\"A\",\n          \"ay\": 1996,\n          \"assign\": \":@n-VnK#K^\",\n          \"match\": {\n            \"or\": [\n              {\n                \"or\": [\n                  {\n                    \"and\": [\n                      {\n                        \"or\": [\n                          {\n                            \"pattern\": \"QN1\",\n                            \"exclude\": \"WBI4317O\",\n                            \"info\": \"%\"\n                          },\n                          {\n                            \"and\": [\n                              \"QV*0V\",\n                              \"UPP0\"\n                            ]\n                          }\n                        ]\n                      },\n                      \"ALC8*0\",\n                      \"TL7S\"\n                    ]\n                  },\n                  \"NZ4\",\n                  \"FFK22x4\",\n                  {\n                    \"or\": [\n                      \"FD7480W\"\n                    ]\n                  }\n                ]\n              },\n              {\n                \"and\": [\n                  {\n                    \"and\": [\n                      \"MR608A\",\n                      \"RC088*\",\n                      \"BM05\"\n                    ]\n                  },\n                  \"MD95x9U\",\n                  \"JKx7\",\n                  {\n                    \"pattern\": \"BV0\",\n                    \"exclude\": \"PPH06\",\n                    \"info\": \"?/\"\n                  }\n                ]\n              }\n            ]\n          },\n          \"satisfy\": {\n            \"or\": [\n              \"\",\n              {\n                \"or\": [\n                  {\n                    \"and\": [\n                      {\n                        \"mc\": \"<=196\"\n                      }\n                    ]\n                  },\n                  \"Yu\",\n                  \"\\\"nNn\"\n                ]\n              },\n              \"a--\",\n              \"c'qhz\",\n              \"tKA'aG={1\"\n            ]\n          },\n          \"url\": \"http://qlj8pp3x9b.a3d37fe2ss6w5q9qxhffbtr2xvk200xiyh3qfrzzxsi.m17b4gxmq.ptokbv/g&Vfp/6///bAvQrZ/ge.myX.9/bjVUm/W%F0%B9%B8%8BQ//AV%F0%B1%A0%88%F2%AB%AB%92zbJwH\",\n          \"info\": \"sVS!z\",\n          \"isSelectable\": true\n        }\n      },\n      \"Yw{Pq[\": {\n        \"name\": \"N>KJ\\\"B$\",\n        \"ay\": 2017,\n        \"assign\": [\n          \"\"\n        ],\n        \"match\": [\n          {\n            \"pattern\": \"HXH9543D\",\n            \"exclude\": \"FAF0xG\",\n            \"info\": \"\"\n          },\n          {\n            \"pattern\": \"VBx3\",\n            \"exclude\": [\n              \"XZI61\"\n            ],\n            \"info\": \"F\"\n          },\n          {\n            \"and\": []\n          },\n          {\n            \"and\": [\n              {\n                \"or\": []\n              },\n              {\n                \"or\": [\n                  \"OJG2\"\n                ]\n              },\n              \"HFS8*\",\n              {\n                \"and\": [\n                  {\n                    \"and\": [\n                      \"PCK08Y\"\n                    ]\n                  },\n                  {\n                    \"or\": [\n                      \"EUH722Y\",\n                      \"ZZM3\",\n                      \"SSH*71\",\n                      {\n                        \"pattern\": \"YM0*\",\n                        \"info\": \"|f8J'5da\"\n                      }\n                    ]\n                  },\n                  \"BZB0642\"\n                ]\n              }\n            ]\n          },\n          {\n            \"and\": [\n              {\n                \"or\": [\n                  {\n                    \"or\": [\n                      \"BB2B\",\n                      {\n                        \"pattern\": \"JZ65\",\n                        \"exclude\": \"JF5*\",\n                        \"info\": \"g=T?M`K\"\n                      },\n                      \"ZW6\"\n                    ]\n                  },\n                  {\n                    \"pattern\": \"MS6D\",\n                    \"exclude\": [\n                      \"RN41*\",\n                      \"FPW5*\",\n                      \"MAK5\",\n                      \"JU66Z\"\n                    ]\n                  },\n                  {\n                    \"or\": [\n                      \"VJG1\",\n                      \"DP7Y\",\n                      \"PDR8x*xJ\",\n                      {\n                        \"and\": []\n                      },\n                      \"SXPx*U\"\n                    ]\n                  },\n                  \"OXA*7**D\",\n                  \"OK4*E\"\n                ]\n              },\n              {\n                \"pattern\": \"UUW*8N\",\n                \"exclude\": \"ZC0I\",\n                \"info\": \"eGc\"\n              },\n              \"BBJ4x22\"\n            ]\n          }\n        ],\n        \"satisfy\": {\n          \"or\": []\n        },\n        \"url\": \"http://qh5vjs8yy5yr8x1m59o9wvkeql.2mg-3xb6d8vgdr9drym7dcqyjdcmnecckfn.zqucps0oiy.voa/\",\n        \"info\": \"_N^$)\",\n        \"isSelectable\": true,\n        \"$4IZ\": {\n          \"name\": \"SqF\",\n          \"ay\": 2019,\n          \"assign\": \"J}s*Il-\",\n          \"match\": [],\n          \"satisfy\": {\n            \"and\": [\n              \".8bamBiU\",\n              {\n                \"mc\": \"<=97\"\n              },\n              {\n                \"or\": [\n                  \"\\\\}$c7_|J6,\",\n                  {\n                    \"mc\": \"<=176\"\n                  },\n                  \"\",\n                  \"]N7~3X@4i\"\n                ]\n              },\n              \"p\"\n            ]\n          },\n          \"url\": \"http://5r8bc8qb0bg81j0iw1r3ya4zo5z1e785wvhbrnbn97ewy0s.k.8kr0dc7oz1008x9fam5jdtovudrfe09n5q9b4j3llwh8ue8juakicc-70hf3yu.y.rquxpcjq93u4u-e3euc.bcltqfnr/)ov:q50k%F3%BE%98%83m\",\n          \"info\": \"\",\n          \"isSelectable\": true\n        }\n      },\n      \"PM<D\": {\n        \"name\": \"*IaRi\\\"Q\",\n        \"ay\": 2015,\n        \"assign\": \"GH:E\",\n        \"match\": [\n          {\n            \"pattern\": \"KP92x\",\n            \"exclude\": \"OT7*9x\",\n            \"info\": \"!>[L(pw\"\n          },\n          \"NJ2124\",\n          {\n            \"and\": [\n              \"TLV9\",\n              {\n                \"pattern\": \"PDF97G\",\n                \"exclude\": \"XA4*C\",\n                \"info\": \"_g^V6P}\"\n              }\n            ]\n          }\n        ],\n        \"satisfy\": [\n          {\n            \"or\": [\n              {\n                \"or\": [\n                  \"O2aX\"\n                ]\n              }\n            ]\n          },\n          \"*qq@=\"\n        ],\n        \"url\": \"http://kc25g5vwzohkdin89h4705w1h1xj.b.zger.v.lzjfddlqej/%F2%95%9D%A5ne0)/BZ%F4%84%98%9D7IQR/%F2%98%B1%8D5/TJBLi3ak/+y9I)I/8%F1%8E%8A%9E~/)tm'W/n\",\n        \"info\": \"a;:tpX_h\\\"g\",\n        \"isSelectable\": true\n      },\n      \"nz\": {\n        \"name\": \"hoC,D[#o\",\n        \"ay\": 1961,\n        \"assign\": \"\",\n        \"match\": {\n          \"pattern\": \"JATx294P\",\n          \"exclude\": \"AL410\",\n          \"info\": \"!!rD2\"\n        },\n        \"url\": \"http://52my0ky8-wontyu.rx5rzynvg04xpkxvggu4lj0yn741c8rv.z1x8u-z1w21kho33uqtthcqujbu3w0jiqa2uc1k18-ghd460.pyf35e4iv2yglbwkx9co1a8.liuqsgvqv\",\n        \"info\": \"O4m&ih'a[\",\n        \"isSelectable\": true\n      }\n    }\n  },\n  {\n    \"title\": \"block sample 9\",\n    \"value\": {\n      \"name\": \"#JM\\\"%S#\",\n      \"ay\": 2012,\n      \"assign\": \"_>\\\\p $y\\\"I\",\n      \"match\": [\n        \"BDW*7R\",\n        {\n          \"or\": [\n            {\n              \"pattern\": \"XO**0E\",\n              \"exclude\": [\n                \"SVx*T\"\n              ],\n              \"info\": \"\"\n            },\n            \"VDS571\",\n            {\n              \"pattern\": \"XT*\",\n              \"exclude\": \"IAE3U\",\n              \"info\": \"QL**\"\n            },\n            {\n              \"pattern\": \"QD4\",\n              \"exclude\": \"MDIxG\",\n              \"info\": \"?\"\n            }\n          ]\n        },\n        \"DOH7F\"\n      ],\n      \"satisfy\": [],\n      \"url\": \"https://m5r16qou.ju/G/u:U/n46C//*//x%F0%A2%90%A1b,=@*/n$f%F1%BE%85%AC&bzEx/&e/,F.i:lOq\",\n      \"isSelectable\": true\n    }\n  }\n]",
              "code": "(0, fast_check_1.sample)(index_test_2.block, 10).forEach((sample, i) => (0, addContext_1.default)(this, {\n    title: `block sample ${i}`,\n    value: sample,\n}));\nreturn (0, fast_check_1.assert)((0, fast_check_1.property)(index_test_2.block, ajvValidate));",
              "err": {},
              "uuid": "71cec438-b28d-4e84-ba5d-685ab8923e6c",
              "parentUUID": "0f77ebf1-f564-44a7-b3a4-a6828b95c69e",
              "isHook": false,
              "skipped": false
            },
            {
              "title": "should not validate non-object",
              "fullTitle": "blockSchema should not validate non-object",
              "timedOut": false,
              "duration": 1,
              "state": "passed",
              "speed": "fast",
              "pass": true,
              "fail": false,
              "pending": false,
              "context": null,
              "code": "const error = {\n    instancePath: \"\",\n    message: \"block should be an object\",\n};\nisInvalidBlock(null, error);\nisInvalidBlock(undefined, error);\nisInvalidBlock(10, error);\nisInvalidBlock([12, 24], error);\nisInvalidBlock(\"abc\", error);",
              "err": {},
              "uuid": "8b1d07ae-b67d-4c2f-9492-6a292dc32194",
              "parentUUID": "0f77ebf1-f564-44a7-b3a4-a6828b95c69e",
              "isHook": false,
              "skipped": false
            },
            {
              "title": "should not validate block with invalid properties",
              "fullTitle": "blockSchema should not validate block with invalid properties",
              "timedOut": false,
              "duration": 0,
              "state": "passed",
              "speed": "fast",
              "pass": true,
              "fail": false,
              "pending": false,
              "context": null,
              "code": "isInvalidBlock({\n        name: { foo: \"bar\" },\n        ay: -1000,\n        assign: {},\n        match: 1,\n        satisfy: 2,\n        url: { abc: \"def\" },\n        info: 42,\n        isSelectable: 32,\n    }, { instancePath: \"/name\", message: \"property 'name' should be a string\" }, {\n        instancePath: \"/ay\",\n        message: \"property 'ay' should be a positive integer\",\n    }, {\n        instancePath: \"/assign\",\n        message: \"property 'assign' should be either a block ID or an array of block IDs\",\n    }, {\n        instancePath: \"/match\",\n        message: \"property 'match' should be either a match rule or an array of match rules\",\n    }, {\n        instancePath: \"/satisfy\",\n        message: \"property 'satisfy' should be either a satisfy rule or an array of satisfy rules\",\n    }, { instancePath: \"/url\", message: \"property 'url' should be a string\" }, { instancePath: \"/info\", message: \"property 'info' should be a string\" }, {\n        instancePath: \"/isSelectable\",\n        message: \"property 'isSelectable' should be a boolean\",\n    })",
              "err": {},
              "uuid": "d694db01-21e8-4a33-8af6-b3ba5c461ac8",
              "parentUUID": "0f77ebf1-f564-44a7-b3a4-a6828b95c69e",
              "isHook": false,
              "skipped": false
            }
          ],
          "suites": [],
          "passes": [
            "71cec438-b28d-4e84-ba5d-685ab8923e6c",
            "8b1d07ae-b67d-4c2f-9492-6a292dc32194",
            "d694db01-21e8-4a33-8af6-b3ba5c461ac8"
          ],
          "failures": [],
          "pending": [],
          "skipped": [],
          "duration": 144,
          "root": false,
          "rootEmpty": false,
          "_timeout": 2000
        },
        {
          "uuid": "95f516c9-b53d-49af-9dca-b0a7cebcbd98",
          "title": "patternToRE",
          "fullFile": "/home/runner/work/planwithus-lib/planwithus-lib/src/matchRule/pattern/satisfiers.test.ts",
          "file": "/src/matchRule/pattern/satisfiers.test.ts",
          "beforeHooks": [],
          "afterHooks": [],
          "tests": [
            {
              "title": "should match valid modules with a single pattern",
              "fullTitle": "patternToRE should match valid modules with a single pattern",
              "timedOut": false,
              "duration": 14,
              "state": "passed",
              "speed": "fast",
              "pass": true,
              "fail": false,
              "pending": false,
              "context": "[\n  {\n    \"title\": \"patternExampleList sample 0\",\n    \"value\": [\n      \"LGx5P\",\n      [\n        \"LG65P\",\n        \"LG95P\",\n        \"LG15P\",\n        \"LG35P\",\n        \"LG85P\",\n        \"LG05P\",\n        \"LG45P\"\n      ]\n    ]\n  },\n  {\n    \"title\": \"patternExampleList sample 1\",\n    \"value\": [\n      \"JO1xG\",\n      [\n        \"JO13G\",\n        \"JO19G\",\n        \"JO17G\",\n        \"JO16G\",\n        \"JO10G\"\n      ]\n    ]\n  },\n  {\n    \"title\": \"patternExampleList sample 2\",\n    \"value\": [\n      \"WZC*H\",\n      [\n        \"WZCPCVFUOH\",\n        \"WZCH\"\n      ]\n    ]\n  },\n  {\n    \"title\": \"patternExampleList sample 3\",\n    \"value\": [\n      \"EN**3\",\n      [\n        \"ENWQA98UQBV8FZWMOE3\",\n        \"EN7F3V7AFZF3\",\n        \"EN1MF1TYIO3\",\n        \"ENLOGO3\",\n        \"EN609ORFD0VDKNV3\",\n        \"ENEVGN2XM3\",\n        \"ENVKU3\",\n        \"ENZR3R3\",\n        \"ENG63\"\n      ]\n    ]\n  },\n  {\n    \"title\": \"patternExampleList sample 4\",\n    \"value\": [\n      \"OQ6\",\n      [\n        \"OQ6\"\n      ]\n    ]\n  },\n  {\n    \"title\": \"patternExampleList sample 5\",\n    \"value\": [\n      \"OLA*\",\n      [\n        \"OLA7M2Q\",\n        \"OLAL3XB\"\n      ]\n    ]\n  },\n  {\n    \"title\": \"patternExampleList sample 6\",\n    \"value\": [\n      \"RON85\",\n      [\n        \"RON85\"\n      ]\n    ]\n  },\n  {\n    \"title\": \"patternExampleList sample 7\",\n    \"value\": [\n      \"EP18*H\",\n      [\n        \"EP18LH51QRH\",\n        \"EP18DTQ3BJ25H\",\n        \"EP18G70UUYRKH\"\n      ]\n    ]\n  },\n  {\n    \"title\": \"patternExampleList sample 8\",\n    \"value\": [\n      \"HCQx17\",\n      [\n        \"HCQ017\",\n        \"HCQ317\",\n        \"HCQ917\",\n        \"HCQ517\",\n        \"HCQ217\",\n        \"HCQ417\",\n        \"HCQ817\",\n        \"HCQ717\",\n        \"HCQ617\",\n        \"HCQ117\"\n      ]\n    ]\n  },\n  {\n    \"title\": \"patternExampleList sample 9\",\n    \"value\": [\n      \"PC45*\",\n      [\n        \"PC45W3OV\",\n        \"PC45LK17V1FW\",\n        \"PC45PVYBF1\",\n        \"PC45\"\n      ]\n    ]\n  }\n]",
              "code": "(0, fast_check_1.sample)(index_test_1.patternExampleList, 10).forEach((sample, i) => (0, addContext_1.default)(this, {\n    title: `patternExampleList sample ${i}`,\n    value: sample,\n}));\nreturn (0, fast_check_1.assert)((0, fast_check_1.property)(index_test_1.patternExampleList, ([patternStr, examples]) => {\n    const re = (0, _1.patternToRE)(patternStr);\n    return examples.every(re.test.bind(re));\n}));",
              "err": {},
              "uuid": "c4b90b31-f700-436a-a0f0-8daca6286690",
              "parentUUID": "95f516c9-b53d-49af-9dca-b0a7cebcbd98",
              "isHook": false,
              "skipped": false
            },
            {
              "title": "should match valid modules with multiple patterns",
              "fullTitle": "patternToRE should match valid modules with multiple patterns",
              "timedOut": false,
              "duration": 57,
              "state": "passed",
              "speed": "medium",
              "pass": true,
              "fail": false,
              "pending": false,
              "context": "[\n  {\n    \"title\": \"patternExampleListArray sample 0\",\n    \"value\": [\n      [\n        \"QWE67\",\n        [\n          \"QWE67\"\n        ]\n      ],\n      [\n        \"DY88*9\",\n        [\n          \"DY8807DWGI9\",\n          \"DY88B9\",\n          \"DY88NFY0V9\",\n          \"DY88IMIT897D9\"\n        ]\n      ],\n      [\n        \"MQ1U\",\n        [\n          \"MQ1U\"\n        ]\n      ],\n      [\n        \"GG*3\",\n        [\n          \"GGM4W2HAQ3\",\n          \"GG6UGLU3\",\n          \"GGWY3\"\n        ]\n      ],\n      [\n        \"SJU41E\",\n        [\n          \"SJU41E\"\n        ]\n      ],\n      [\n        \"CVF064\",\n        [\n          \"CVF064\"\n        ]\n      ],\n      [\n        \"UHU05\",\n        [\n          \"UHU05\"\n        ]\n      ],\n      [\n        \"TX*963E\",\n        [\n          \"TX0UYB4UC3963E\",\n          \"TXCQ3B4UW4963E\",\n          \"TXMRUOPR0963E\",\n          \"TXD7F0963E\",\n          \"TXBNW2FM963E\",\n          \"TX94963E\",\n          \"TX0GR963E\",\n          \"TXI963E\",\n          \"TX06HT963E\",\n          \"TXCH963E\"\n        ]\n      ],\n      [\n        \"RXP37\",\n        [\n          \"RXP37\"\n        ]\n      ],\n      [\n        \"RD921\",\n        [\n          \"RD921\"\n        ]\n      ],\n      [\n        \"MER0832\",\n        [\n          \"MER0832\"\n        ]\n      ],\n      [\n        \"ZLM88\",\n        [\n          \"ZLM88\"\n        ]\n      ]\n    ]\n  },\n  {\n    \"title\": \"patternExampleListArray sample 1\",\n    \"value\": [\n      [\n        \"JE1O\",\n        [\n          \"JE1O\"\n        ]\n      ],\n      [\n        \"VG5P\",\n        [\n          \"VG5P\"\n        ]\n      ],\n      [\n        \"EG2\",\n        [\n          \"EG2\"\n        ]\n      ],\n      [\n        \"ZX305x\",\n        [\n          \"ZX3055\",\n          \"ZX3058\",\n          \"ZX3059\",\n          \"ZX3056\",\n          \"ZX3051\",\n          \"ZX3053\",\n          \"ZX3057\",\n          \"ZX3052\",\n          \"ZX3050\"\n        ]\n      ],\n      [\n        \"ZZS446E\",\n        [\n          \"ZZS446E\"\n        ]\n      ],\n      [\n        \"PKLx272\",\n        [\n          \"PKL7272\",\n          \"PKL1272\",\n          \"PKL4272\",\n          \"PKL3272\",\n          \"PKL5272\"\n        ]\n      ],\n      [\n        \"PXLx707H\",\n        [\n          \"PXL5707H\",\n          \"PXL3707H\",\n          \"PXL9707H\",\n          \"PXL2707H\",\n          \"PXL1707H\",\n          \"PXL8707H\",\n          \"PXL0707H\",\n          \"PXL6707H\",\n          \"PXL7707H\"\n        ]\n      ],\n      [\n        \"UC19Z\",\n        [\n          \"UC19Z\"\n        ]\n      ],\n      [\n        \"PZP8\",\n        [\n          \"PZP8\"\n        ]\n      ],\n      [\n        \"TCG410\",\n        [\n          \"TCG410\"\n        ]\n      ]\n    ]\n  },\n  {\n    \"title\": \"patternExampleListArray sample 2\",\n    \"value\": [\n      [\n        \"AK5C\",\n        [\n          \"AK5C\"\n        ]\n      ]\n    ]\n  },\n  {\n    \"title\": \"patternExampleListArray sample 3\",\n    \"value\": [\n      [\n        \"SVO95xQ\",\n        [\n          \"SVO955Q\",\n          \"SVO951Q\",\n          \"SVO953Q\",\n          \"SVO952Q\",\n          \"SVO954Q\",\n          \"SVO959Q\",\n          \"SVO958Q\",\n          \"SVO956Q\"\n        ]\n      ],\n      [\n        \"UP*\",\n        [\n          \"UP4FELOGJW\",\n          \"UPY\",\n          \"UPBNI3H\",\n          \"UP82CVL\"\n        ]\n      ],\n      [\n        \"HF9x70\",\n        [\n          \"HF9070\",\n          \"HF9370\",\n          \"HF9870\",\n          \"HF9970\",\n          \"HF9670\",\n          \"HF9270\"\n        ]\n      ],\n      [\n        \"ZAR48\",\n        [\n          \"ZAR48\"\n        ]\n      ],\n      [\n        \"OK89*K\",\n        [\n          \"OK89JBN3CF15K\",\n          \"OK89LMNQFK\",\n          \"OK8944OK\",\n          \"OK89O1KPK\",\n          \"OK89NJK\",\n          \"OK890LK\",\n          \"OK897K\",\n          \"OK895C8CK\"\n        ]\n      ],\n      [\n        \"XEY0*\",\n        [\n          \"XEY0BL96AX0\",\n          \"XEY0\",\n          \"XEY02P\",\n          \"XEY0FTAZG\",\n          \"XEY065OS7Z\",\n          \"XEY09NE57\",\n          \"XEY0CUU\"\n        ]\n      ],\n      [\n        \"CF03\",\n        [\n          \"CF03\"\n        ]\n      ],\n      [\n        \"KX3Y\",\n        [\n          \"KX3Y\"\n        ]\n      ],\n      [\n        \"AX49*A\",\n        [\n          \"AX49BTPA\",\n          \"AX49IIA\",\n          \"AX49TPMPJQ40A\",\n          \"AX49M2U353ZTA\",\n          \"AX49XO4CE5ZUA\"\n        ]\n      ],\n      [\n        \"MHK65x8\",\n        [\n          \"MHK6508\",\n          \"MHK6568\",\n          \"MHK6518\",\n          \"MHK6578\",\n          \"MHK6538\",\n          \"MHK6598\"\n        ]\n      ],\n      [\n        \"VB*6W\",\n        [\n          \"VBAZN56W\"\n        ]\n      ]\n    ]\n  },\n  {\n    \"title\": \"patternExampleListArray sample 4\",\n    \"value\": [\n      [\n        \"LOA8\",\n        [\n          \"LOA8\"\n        ]\n      ],\n      [\n        \"VSUx52x\",\n        [\n          \"VSU6524\",\n          \"VSU7522\",\n          \"VSU4523\",\n          \"VSU4528\"\n        ]\n      ],\n      [\n        \"RY79xP\",\n        [\n          \"RY796P\"\n        ]\n      ],\n      [\n        \"NSx\",\n        [\n          \"NS5\",\n          \"NS1\"\n        ]\n      ]\n    ]\n  },\n  {\n    \"title\": \"patternExampleListArray sample 5\",\n    \"value\": [\n      [\n        \"YM4x\",\n        [\n          \"YM40\",\n          \"YM49\"\n        ]\n      ],\n      [\n        \"JDx*\",\n        [\n          \"JD2B3PAFBUD\",\n          \"JD944F1GG4Y\",\n          \"JD3R12X2RL\",\n          \"JD0C42UQW1C\",\n          \"JD6\",\n          \"JD1U\",\n          \"JD48L0A\",\n          \"JD7LG\",\n          \"JD26M\",\n          \"JD4\",\n          \"JD57F7\"\n        ]\n      ],\n      [\n        \"SG3*\",\n        [\n          \"SG3\"\n        ]\n      ],\n      [\n        \"PL5Z\",\n        [\n          \"PL5Z\"\n        ]\n      ],\n      [\n        \"WY0\",\n        [\n          \"WY0\"\n        ]\n      ]\n    ]\n  },\n  {\n    \"title\": \"patternExampleListArray sample 6\",\n    \"value\": [\n      [\n        \"QLZx505G\",\n        [\n          \"QLZ1505G\",\n          \"QLZ6505G\",\n          \"QLZ9505G\",\n          \"QLZ4505G\"\n        ]\n      ],\n      [\n        \"IX538\",\n        [\n          \"IX538\"\n        ]\n      ],\n      [\n        \"CEV885\",\n        [\n          \"CEV885\"\n        ]\n      ],\n      [\n        \"EIx0\",\n        [\n          \"EI20\",\n          \"EI40\"\n        ]\n      ]\n    ]\n  },\n  {\n    \"title\": \"patternExampleListArray sample 7\",\n    \"value\": [\n      [\n        \"WB5\",\n        [\n          \"WB5\"\n        ]\n      ],\n      [\n        \"RE1C\",\n        [\n          \"RE1C\"\n        ]\n      ],\n      [\n        \"DF67\",\n        [\n          \"DF67\"\n        ]\n      ],\n      [\n        \"LA3\",\n        [\n          \"LA3\"\n        ]\n      ],\n      [\n        \"KB*\",\n        [\n          \"KB\",\n          \"KBQV\",\n          \"KB37O\",\n          \"KBMNRGUYBL\",\n          \"KBMSG0\",\n          \"KB6HEYDJZ\",\n          \"KBKWZ\"\n        ]\n      ],\n      [\n        \"HV622\",\n        [\n          \"HV622\"\n        ]\n      ],\n      [\n        \"IR093\",\n        [\n          \"IR093\"\n        ]\n      ]\n    ]\n  },\n  {\n    \"title\": \"patternExampleListArray sample 8\",\n    \"value\": [\n      [\n        \"ZZ1x\",\n        [\n          \"ZZ14\",\n          \"ZZ16\",\n          \"ZZ19\",\n          \"ZZ11\",\n          \"ZZ10\",\n          \"ZZ15\",\n          \"ZZ17\",\n          \"ZZ13\"\n        ]\n      ]\n    ]\n  },\n  {\n    \"title\": \"patternExampleListArray sample 9\",\n    \"value\": [\n      [\n        \"OTR201*\",\n        [\n          \"OTR201OCVAZK\",\n          \"OTR201FNGAFACG\",\n          \"OTR201QAQIG47\",\n          \"OTR201Z7PO\",\n          \"OTR201L\",\n          \"OTR2017M90GMT\",\n          \"OTR201EGDM60T3\",\n          \"OTR201ZZY99LAD\",\n          \"OTR2012OHHLWUN\",\n          \"OTR2011R22\",\n          \"OTR201\"\n        ]\n      ],\n      [\n        \"UJM*914J\",\n        [\n          \"UJMP92914J\",\n          \"UJMCSB86DK914J\",\n          \"UJM5F914J\",\n          \"UJMWLA1WZ914J\",\n          \"UJM914J\",\n          \"UJMNRBFJA6U914J\",\n          \"UJMQNO914J\"\n        ]\n      ],\n      [\n        \"KA4I\",\n        [\n          \"KA4I\"\n        ]\n      ],\n      [\n        \"QL2692L\",\n        [\n          \"QL2692L\"\n        ]\n      ],\n      [\n        \"PQS6K\",\n        [\n          \"PQS6K\"\n        ]\n      ],\n      [\n        \"QFx\",\n        [\n          \"QF0\",\n          \"QF1\",\n          \"QF6\",\n          \"QF2\",\n          \"QF3\"\n        ]\n      ],\n      [\n        \"XC7559X\",\n        [\n          \"XC7559X\"\n        ]\n      ],\n      [\n        \"IY0xQ\",\n        [\n          \"IY06Q\",\n          \"IY09Q\",\n          \"IY02Q\"\n        ]\n      ],\n      [\n        \"BO9\",\n        [\n          \"BO9\"\n        ]\n      ]\n    ]\n  }\n]",
              "code": "const patternExampleListArray = (0, fast_check_1.array)(index_test_1.patternExampleList, { minLength: 1 });\n(0, fast_check_1.sample)(patternExampleListArray, 10).forEach((sample, i) => (0, addContext_1.default)(this, {\n    title: `patternExampleListArray sample ${i}`,\n    value: sample,\n}));\nreturn (0, fast_check_1.assert)((0, fast_check_1.property)(patternExampleListArray, (ts) => {\n    const re = (0, _1.patternToRE)(...ts.map(([patternStr]) => patternStr));\n    return ts\n        .map(([, examples]) => examples)\n        .flat()\n        .every(re.test.bind(re));\n}));",
              "err": {},
              "uuid": "dbf84706-9f27-488b-83df-9d733371ec16",
              "parentUUID": "95f516c9-b53d-49af-9dca-b0a7cebcbd98",
              "isHook": false,
              "skipped": false
            },
            {
              "title": "should not match x to non-number",
              "fullTitle": "patternToRE should not match x to non-number",
              "timedOut": false,
              "duration": 0,
              "state": "passed",
              "speed": "fast",
              "pass": true,
              "fail": false,
              "pending": false,
              "context": null,
              "code": "const re = (0, _1.patternToRE)(\"x\");\n[\"A\", \"Z\", \"c\", \"#\"].forEach((example) => isInvalidExample(re, example));",
              "err": {},
              "uuid": "5e1e2823-369e-495f-8189-3c5b677b7478",
              "parentUUID": "95f516c9-b53d-49af-9dca-b0a7cebcbd98",
              "isHook": false,
              "skipped": false
            },
            {
              "title": "should not match * to a substring composed of characters other than A-Z and 0-9",
              "fullTitle": "patternToRE should not match * to a substring composed of characters other than A-Z and 0-9",
              "timedOut": false,
              "duration": 0,
              "state": "passed",
              "speed": "fast",
              "pass": true,
              "fail": false,
              "pending": false,
              "context": null,
              "code": "const re = (0, _1.patternToRE)(\"*\");\n[\"c\", \"Ac\", \"cA\", \"0Ax\", \"x0A\", \"BA#\", \"#AB\"].forEach((example) => isInvalidExample(re, example));",
              "err": {},
              "uuid": "5425fe94-d3fe-40c8-9764-d54bf8fd302f",
              "parentUUID": "95f516c9-b53d-49af-9dca-b0a7cebcbd98",
              "isHook": false,
              "skipped": false
            },
            {
              "title": "should not match substrings",
              "fullTitle": "patternToRE should not match substrings",
              "timedOut": false,
              "duration": 0,
              "state": "passed",
              "speed": "fast",
              "pass": true,
              "fail": false,
              "pending": false,
              "context": null,
              "code": "const re = (0, _1.patternToRE)(\"A*xC\");\n[\"A1CZ\", \"AC1CZ\", \"ZA1C\", \"ZAC1C\", \"ZA1CZ\", \"ZAC1CZ\"].forEach((example) => isInvalidExample(re, example));",
              "err": {},
              "uuid": "bb99d0f6-c0a4-46b3-8753-2a29b5370efb",
              "parentUUID": "95f516c9-b53d-49af-9dca-b0a7cebcbd98",
              "isHook": false,
              "skipped": false
            }
          ],
          "suites": [],
          "passes": [
            "c4b90b31-f700-436a-a0f0-8daca6286690",
            "dbf84706-9f27-488b-83df-9d733371ec16",
            "5e1e2823-369e-495f-8189-3c5b677b7478",
            "5425fe94-d3fe-40c8-9764-d54bf8fd302f",
            "bb99d0f6-c0a4-46b3-8753-2a29b5370efb"
          ],
          "failures": [],
          "pending": [],
          "skipped": [],
          "duration": 71,
          "root": false,
          "rootEmpty": false,
          "_timeout": 2000
        },
        {
          "uuid": "45130f2f-171a-484f-a334-f0eeefdeb008",
          "title": "patternSatisfier",
          "fullFile": "/home/runner/work/planwithus-lib/planwithus-lib/src/matchRule/pattern/satisfiers.test.ts",
          "file": "/src/matchRule/pattern/satisfiers.test.ts",
          "beforeHooks": [],
          "afterHooks": [],
          "tests": [
            {
              "title": "should assign all modules with *",
              "fullTitle": "patternSatisfier should assign all modules with *",
              "timedOut": false,
              "duration": 1,
              "state": "passed",
              "speed": "fast",
              "pass": true,
              "fail": false,
              "pending": false,
              "context": null,
              "code": "const { assign } = (0, satisfiers_1.patternSatisfier)(ref, \"*\");\nisCorrectAssign(assign, modulesList1, modulesList1.map(([moduleStr]) => moduleStr));",
              "err": {},
              "uuid": "57c25603-0b19-4d43-8b04-a2ac3b426bcc",
              "parentUUID": "45130f2f-171a-484f-a334-f0eeefdeb008",
              "isHook": false,
              "skipped": false
            },
            {
              "title": "should assign only valid modules with pattern containing *",
              "fullTitle": "patternSatisfier should assign only valid modules with pattern containing *",
              "timedOut": false,
              "duration": 1,
              "state": "passed",
              "speed": "fast",
              "pass": true,
              "fail": false,
              "pending": false,
              "context": null,
              "code": "const { assign } = (0, satisfiers_1.patternSatisfier)(ref, \"CS2*\");\nisCorrectAssign(assign, modulesList1, [\"CS2100\", \"CS2040S\", \"CS2030\"]);",
              "err": {},
              "uuid": "7b5c063a-1af7-4600-a779-81850447fa40",
              "parentUUID": "45130f2f-171a-484f-a334-f0eeefdeb008",
              "isHook": false,
              "skipped": false
            },
            {
              "title": "should assign only valid modules with pattern containing x",
              "fullTitle": "patternSatisfier should assign only valid modules with pattern containing x",
              "timedOut": false,
              "duration": 0,
              "state": "passed",
              "speed": "fast",
              "pass": true,
              "fail": false,
              "pending": false,
              "context": null,
              "code": "const { assign } = (0, satisfiers_1.patternSatisfier)(ref, \"CS20xx\");\nisCorrectAssign(assign, modulesList1, [\"CS2030\"]);",
              "err": {},
              "uuid": "9b416888-5d54-414b-b0f2-05a625a49886",
              "parentUUID": "45130f2f-171a-484f-a334-f0eeefdeb008",
              "isHook": false,
              "skipped": false
            },
            {
              "title": "should assign only valid modules with pattern containing x and *",
              "fullTitle": "patternSatisfier should assign only valid modules with pattern containing x and *",
              "timedOut": false,
              "duration": 0,
              "state": "passed",
              "speed": "fast",
              "pass": true,
              "fail": false,
              "pending": false,
              "context": null,
              "code": "const { assign } = (0, satisfiers_1.patternSatisfier)(ref, \"CS20xx*\");\nisCorrectAssign(assign, modulesList1, [\"CS2040S\", \"CS2030\"]);",
              "err": {},
              "uuid": "37986797-1c02-462f-a831-be25bb3d42de",
              "parentUUID": "45130f2f-171a-484f-a334-f0eeefdeb008",
              "isHook": false,
              "skipped": false
            }
          ],
          "suites": [],
          "passes": [
            "57c25603-0b19-4d43-8b04-a2ac3b426bcc",
            "7b5c063a-1af7-4600-a779-81850447fa40",
            "9b416888-5d54-414b-b0f2-05a625a49886",
            "37986797-1c02-462f-a831-be25bb3d42de"
          ],
          "failures": [],
          "pending": [],
          "skipped": [],
          "duration": 2,
          "root": false,
          "rootEmpty": false,
          "_timeout": 2000
        },
        {
          "uuid": "59d7f28a-60d3-4c18-a98e-ffe86590cd0e",
          "title": "patternSchema",
          "fullFile": "/home/runner/work/planwithus-lib/planwithus-lib/src/matchRule/pattern/schemas.test.ts",
          "file": "/src/matchRule/pattern/schemas.test.ts",
          "beforeHooks": [],
          "afterHooks": [],
          "tests": [
            {
              "title": "should validate non-empty pattern composed of A-Z, 0-9, x or *",
              "fullTitle": "patternSchema should validate non-empty pattern composed of A-Z, 0-9, x or *",
              "timedOut": false,
              "duration": 1,
              "state": "passed",
              "speed": "fast",
              "pass": true,
              "fail": false,
              "pending": false,
              "context": "[\n  {\n    \"title\": \"pattern sample 0\",\n    \"value\": \"VT270O\"\n  },\n  {\n    \"title\": \"pattern sample 1\",\n    \"value\": \"FT250B\"\n  },\n  {\n    \"title\": \"pattern sample 2\",\n    \"value\": \"GH4S\"\n  },\n  {\n    \"title\": \"pattern sample 3\",\n    \"value\": \"SN179\"\n  },\n  {\n    \"title\": \"pattern sample 4\",\n    \"value\": \"DDWx01H\"\n  },\n  {\n    \"title\": \"pattern sample 5\",\n    \"value\": \"AT0991U\"\n  },\n  {\n    \"title\": \"pattern sample 6\",\n    \"value\": \"SO9C\"\n  },\n  {\n    \"title\": \"pattern sample 7\",\n    \"value\": \"FKx\"\n  },\n  {\n    \"title\": \"pattern sample 8\",\n    \"value\": \"FSD348\"\n  },\n  {\n    \"title\": \"pattern sample 9\",\n    \"value\": \"VL8\"\n  }\n]",
              "code": "(0, fast_check_1.sample)(index_test_2.pattern, 10).forEach((sample, i) => (0, addContext_1.default)(this, {\n    title: `pattern sample ${i}`,\n    value: sample,\n}));\nreturn (0, fast_check_1.assert)((0, fast_check_1.property)(index_test_2.pattern, ajvValidate), {\n    examples: [[\"*\"], [\"ACC1002\"], [\"IS1103\"], [\"CS1231S\"], [\"MA1102R\"]],\n});",
              "err": {},
              "uuid": "5fc58fd8-ea15-411d-8e98-052a66e5adfe",
              "parentUUID": "59d7f28a-60d3-4c18-a98e-ffe86590cd0e",
              "isHook": false,
              "skipped": false
            },
            {
              "title": "should not validate empty pattern",
              "fullTitle": "patternSchema should not validate empty pattern",
              "timedOut": false,
              "duration": 1,
              "state": "passed",
              "speed": "fast",
              "pass": true,
              "fail": false,
              "pending": false,
              "context": null,
              "code": "isInvalidPattern(\"\")",
              "err": {},
              "uuid": "301014de-4ef2-4008-87a0-d7488b36cb01",
              "parentUUID": "59d7f28a-60d3-4c18-a98e-ffe86590cd0e",
              "isHook": false,
              "skipped": false
            },
            {
              "title": "should not validate pattern with invalid characters",
              "fullTitle": "patternSchema should not validate pattern with invalid characters",
              "timedOut": false,
              "duration": 0,
              "state": "passed",
              "speed": "fast",
              "pass": true,
              "fail": false,
              "pending": false,
              "context": null,
              "code": "[\"AB123a\", \"Ac123a\", \"AB123^S\", \"AB1*3^S\", \"$A1*3^S\", \"/A1x33S\"].forEach(isInvalidPattern)",
              "err": {},
              "uuid": "52352f4c-8cd0-4b09-88b8-c782eb50e494",
              "parentUUID": "59d7f28a-60d3-4c18-a98e-ffe86590cd0e",
              "isHook": false,
              "skipped": false
            }
          ],
          "suites": [],
          "passes": [
            "5fc58fd8-ea15-411d-8e98-052a66e5adfe",
            "301014de-4ef2-4008-87a0-d7488b36cb01",
            "52352f4c-8cd0-4b09-88b8-c782eb50e494"
          ],
          "failures": [],
          "pending": [],
          "skipped": [],
          "duration": 2,
          "root": false,
          "rootEmpty": false,
          "_timeout": 2000
        },
        {
          "uuid": "65e22512-1a65-4579-a979-dd52c71d1d87",
          "title": "patternMatchRuleSatisfier",
          "fullFile": "/home/runner/work/planwithus-lib/planwithus-lib/src/matchRule/satisfiers.test.ts",
          "file": "/src/matchRule/satisfiers.test.ts",
          "beforeHooks": [],
          "afterHooks": [],
          "tests": [
            {
              "title": "should assign only valid modules with pattern match rule containing no exclude patterns",
              "fullTitle": "patternMatchRuleSatisfier should assign only valid modules with pattern match rule containing no exclude patterns",
              "timedOut": false,
              "duration": 0,
              "state": "passed",
              "speed": "fast",
              "pass": true,
              "fail": false,
              "pending": false,
              "context": null,
              "code": "const { assign } = (0, satisfiers_1.patternMatchRuleSatisfier)(ref, { pattern: \"CS1xxx*\" });\nisCorrectAssign(assign, modulesList1, [\"CS1231\", \"CS1231S\"]);",
              "err": {},
              "uuid": "76f9f13d-f049-46b8-b783-8a5879a849eb",
              "parentUUID": "65e22512-1a65-4579-a979-dd52c71d1d87",
              "isHook": false,
[...]
              "fail": false,
              "pending": false,
              "context": null,
              "code": "const satisfier = (0, satisfiers_1.inequalitySatisfier)(ref, \"<=16\");\nsatisfier.should.have.property(\"filter\");\nconst { filter } = satisfier;\nisCorrectFilter(filter, modulesList1, [\n    \"CS2100\",\n    \"GER1000\",\n    \"CS2040S\",\n    \"ST2131\",\n]);",
              "err": {},
              "uuid": "2bd69a0b-1fa3-49ec-a23e-8ce45c96f9e4",
              "parentUUID": "bdd3701d-02df-4985-91d5-f3ca033e00de",
              "isHook": false,
              "skipped": false
            },
            {
              "title": "should truncate list of modules with upper bound of MCs, cutting off at the minimum starting sequence that exceeds upper bound, if total MC count is higher and there exists no starting sequence with exact MC count",
              "fullTitle": "inequalitySatisfier should truncate list of modules with upper bound of MCs, cutting off at the minimum starting sequence that exceeds upper bound, if total MC count is higher and there exists no starting sequence with exact MC count",
              "timedOut": false,
              "duration": 1,
              "state": "passed",
              "speed": "fast",
              "pass": true,
              "fail": false,
              "pending": false,
              "context": null,
              "code": "const satisfier = (0, satisfiers_1.inequalitySatisfier)(ref, \"<=17\");\nsatisfier.should.have.property(\"filter\");\nconst { filter } = satisfier;\nisCorrectFilter(filter, modulesList1, [\n    \"CS2100\",\n    \"GER1000\",\n    \"CS2040S\",\n    \"ST2131\",\n    \"MA1521\",\n]);",
              "err": {},
              "uuid": "29904110-dba2-4df1-b13e-3accd0fecdd7",
              "parentUUID": "bdd3701d-02df-4985-91d5-f3ca033e00de",
              "isHook": false,
              "skipped": false
            }
          ],
          "suites": [],
          "passes": [
            "142279b1-6cec-4e8c-9520-90de5ff55c50",
            "b8cb9130-6da6-4e0a-b1fb-750833c89726",
            "feecb6d0-cd97-4706-b036-a8ac99aeccb5",
            "3c2b51f0-1fef-464e-9cb5-4e5c80d1c9dc",
            "d4eae227-d679-44db-9bee-34d7f891dab4",
            "2bd69a0b-1fa3-49ec-a23e-8ce45c96f9e4",
            "29904110-dba2-4df1-b13e-3accd0fecdd7"
          ],
          "failures": [],
          "pending": [],
          "skipped": [],
          "duration": 3,
          "root": false,
          "rootEmpty": false,
          "_timeout": 2000
        },
        {
          "uuid": "cfef34aa-6a75-4713-8c95-e06e57c4ec11",
          "title": "inequalitySchema",
          "fullFile": "/home/runner/work/planwithus-lib/planwithus-lib/src/satisfyRule/inequality/schemas.test.ts",
          "file": "/src/satisfyRule/inequality/schemas.test.ts",
          "beforeHooks": [],
          "afterHooks": [],
          "tests": [
            {
              "title": "should validate inequality in the form <=n or >=n",
              "fullTitle": "inequalitySchema should validate inequality in the form <=n or >=n",
              "timedOut": false,
              "duration": 1,
              "state": "passed",
              "speed": "fast",
              "pass": true,
              "fail": false,
              "pending": false,
              "context": "[\n  {\n    \"title\": \"inequality sample 0\",\n    \"value\": \">=33\"\n  },\n  {\n    \"title\": \"inequality sample 1\",\n    \"value\": \"<=8\"\n  },\n  {\n    \"title\": \"inequality sample 2\",\n    \"value\": \"<=122\"\n  },\n  {\n    \"title\": \"inequality sample 3\",\n    \"value\": \"<=8\"\n  },\n  {\n    \"title\": \"inequality sample 4\",\n    \"value\": \">=3\"\n  },\n  {\n    \"title\": \"inequality sample 5\",\n    \"value\": \"<=105\"\n  },\n  {\n    \"title\": \"inequality sample 6\",\n    \"value\": \"<=6\"\n  },\n  {\n    \"title\": \"inequality sample 7\",\n    \"value\": \">=166\"\n  },\n  {\n    \"title\": \"inequality sample 8\",\n    \"value\": \">=196\"\n  },\n  {\n    \"title\": \"inequality sample 9\",\n    \"value\": \">=200\"\n  }\n]",
              "code": "(0, fast_check_1.sample)(index_test_2.inequality, 10).forEach((sample, i) => (0, addContext_1.default)(this, {\n    title: `inequality sample ${i}`,\n    value: sample,\n}));\nreturn (0, fast_check_1.assert)((0, fast_check_1.property)(index_test_2.inequality, ajvValidate));",
              "err": {},
              "uuid": "0452e15d-0a7f-4ddf-93e8-1e9859cdf029",
              "parentUUID": "cfef34aa-6a75-4713-8c95-e06e57c4ec11",
              "isHook": false,
              "skipped": false
            },
            {
              "title": "should not validate inequality of invalid form",
              "fullTitle": "inequalitySchema should not validate inequality of invalid form",
              "timedOut": false,
              "duration": 1,
              "state": "passed",
              "speed": "fast",
              "pass": true,
              "fail": false,
              "pending": false,
              "context": null,
              "code": "[\n        \"\",\n        \"==23\",\n        \"23\",\n        \"<23\",\n        \">23\",\n        \"<=-1\",\n        \">=-1\",\n        \"<= 2\",\n        \">= 1\",\n        \"> 3\",\n        \"< 3\",\n        \"<=3a\",\n        \">=3a\",\n        \"a<=3\",\n        \"a>=3\",\n    ].forEach(isInvalidInequality)",
              "err": {},
              "uuid": "1b24634b-3fd0-49a4-966c-988d4162746d",
              "parentUUID": "cfef34aa-6a75-4713-8c95-e06e57c4ec11",
              "isHook": false,
              "skipped": false
            }
          ],
          "suites": [],
          "passes": [
            "0452e15d-0a7f-4ddf-93e8-1e9859cdf029",
            "1b24634b-3fd0-49a4-966c-988d4162746d"
          ],
          "failures": [],
          "pending": [],
          "skipped": [],
          "duration": 2,
          "root": false,
          "rootEmpty": false,
          "_timeout": 2000
        },
        {
          "uuid": "e1af6a63-a69b-4f21-b55b-87fd1e1d6acb",
          "title": "satisfyRuleSchema",
          "fullFile": "/home/runner/work/planwithus-lib/planwithus-lib/src/satisfyRule/schemas.test.ts",
          "file": "/src/satisfyRule/schemas.test.ts",
          "beforeHooks": [],
          "afterHooks": [],
          "tests": [
            {
              "title": "should validate satisfy rule with valid block id",
              "fullTitle": "satisfyRuleSchema should validate satisfy rule with valid block id",
              "timedOut": false,
              "duration": 0,
              "state": "passed",
              "speed": "fast",
              "pass": true,
              "fail": false,
              "pending": false,
              "context": null,
              "code": "0, fast_check_1.assert)((0, fast_check_1.property)((0, fast_check_1.string)(), ajvValidate)",
              "err": {},
              "uuid": "3f1bbefd-7b92-4a9b-867d-febd9abc3e6f",
              "parentUUID": "e1af6a63-a69b-4f21-b55b-87fd1e1d6acb",
              "isHook": false,
              "skipped": false
            },
            {
              "title": "should validate satisfy rules with valid mc",
              "fullTitle": "satisfyRuleSchema should validate satisfy rules with valid mc",
              "timedOut": false,
              "duration": 1,
              "state": "passed",
              "speed": "fast",
              "pass": true,
              "fail": false,
              "pending": false,
              "context": "[\n  {\n    \"title\": \"mcSatisfyRule sample 0\",\n    \"value\": {\n      \"mc\": \">=5\"\n    }\n  },\n  {\n    \"title\": \"mcSatisfyRule sample 1\",\n    \"value\": {\n      \"mc\": \">=174\"\n    }\n  },\n  {\n    \"title\": \"mcSatisfyRule sample 2\",\n    \"value\": {\n      \"mc\": \">=7\"\n    }\n  },\n  {\n    \"title\": \"mcSatisfyRule sample 3\",\n    \"value\": {\n      \"mc\": \">=186\"\n    }\n  },\n  {\n    \"title\": \"mcSatisfyRule sample 4\",\n    \"value\": {\n      \"mc\": \">=119\"\n    }\n  },\n  {\n    \"title\": \"mcSatisfyRule sample 5\",\n    \"value\": {\n      \"mc\": \"<=136\"\n    }\n  },\n  {\n    \"title\": \"mcSatisfyRule sample 6\",\n    \"value\": {\n      \"mc\": \">=1\"\n    }\n  },\n  {\n    \"title\": \"mcSatisfyRule sample 7\",\n    \"value\": {\n      \"mc\": \">=7\"\n    }\n  },\n  {\n    \"title\": \"mcSatisfyRule sample 8\",\n    \"value\": {\n      \"mc\": \"<=68\"\n    }\n  },\n  {\n    \"title\": \"mcSatisfyRule sample 9\",\n    \"value\": {\n      \"mc\": \">=186\"\n    }\n  }\n]",
              "code": "(0, fast_check_1.sample)(index_test_2.mcSatisfyRule, 10).forEach((sample, i) => (0, addContext_1.default)(this, {\n    title: `mcSatisfyRule sample ${i}`,\n    value: sample,\n}));\nreturn (0, fast_check_1.assert)((0, fast_check_1.property)(index_test_2.mcSatisfyRule, ajvValidate));",
              "err": {},
              "uuid": "ecfa135e-1480-4074-805b-fc4bcea1418c",
              "parentUUID": "e1af6a63-a69b-4f21-b55b-87fd1e1d6acb",
              "isHook": false,
              "skipped": false
            },
            {
              "title": "should validate valid recursive satisfy rules",
              "fullTitle": "satisfyRuleSchema should validate valid recursive satisfy rules",
              "timedOut": false,
              "duration": 2,
              "state": "passed",
              "speed": "fast",
              "pass": true,
              "fail": false,
              "pending": false,
              "context": "[\n  {\n    \"title\": \"satisfyRule sample 0\",\n    \"value\": {\n      \"or\": [\n        {\n          \"mc\": \">=121\"\n        }\n      ]\n    }\n  },\n  {\n    \"title\": \"satisfyRule sample 1\",\n    \"value\": {\n      \"and\": [\n        {\n          \"mc\": \"<=45\"\n        }\n      ]\n    }\n  },\n  {\n    \"title\": \"satisfyRule sample 2\",\n    \"value\": {\n      \"or\": [\n        \"]m\"\n      ]\n    }\n  },\n  {\n    \"title\": \"satisfyRule sample 3\",\n    \"value\": {\n      \"mc\": \"<=138\"\n    }\n  },\n  {\n    \"title\": \"satisfyRule sample 4\",\n    \"value\": \"Z\\\\l 0=QP><\"\n  },\n  {\n    \"title\": \"satisfyRule sample 5\",\n    \"value\": {\n      \"or\": [\n        {\n          \"or\": [\n            {\n              \"or\": [\n                \"\",\n                \"=0kQ{nS\",\n                \"oiFmY/o\",\n                {\n                  \"and\": [\n                    \"Lnr=u\",\n                    \"QbStFRQlv\",\n                    \"{\\\\9g_]\"\n                  ]\n                }\n              ]\n            }\n          ]\n        },\n        {\n          \"mc\": \"<=166\"\n        },\n        {\n          \"mc\": \"<=69\"\n        },\n        {\n          \"and\": [\n            {\n              \"mc\": \"<=185\"\n            },\n            {\n              \"or\": [\n                \"+T#js1&b\"\n              ]\n            }\n          ]\n        }\n      ]\n    }\n  },\n  {\n    \"title\": \"satisfyRule sample 6\",\n    \"value\": {\n      \"or\": [\n        {\n          \"and\": [\n            {\n              \"and\": [\n                \"Wt$NS$br\",\n                \"|xJ\",\n                {\n                  \"mc\": \">=7\"\n                },\n                \"v{SZ@L$9o\"\n              ]\n            },\n            {\n              \"or\": [\n                {\n                  \"mc\": \">=80\"\n                },\n                {\n                  \"or\": [\n                    {\n                      \"and\": [\n                        \"7aa5C[n-l\",\n                        \"~|/Y\\\"qKa\"\n                      ]\n                    },\n                    \"%i30\",\n                    \"6tv8Swt(xS\",\n                    \"s!p)a\",\n                    {\n                      \"mc\": \"<=88\"\n                    }\n                  ]\n                },\n                \"Sr4\"\n              ]\n            },\n            {\n              \"mc\": \"<=192\"\n            }\n          ]\n        }\n      ]\n    }\n  },\n  {\n    \"title\": \"satisfyRule sample 7\",\n    \"value\": {\n      \"or\": [\n        {\n          \"and\": [\n            {\n              \"and\": [\n                \"4\",\n                {\n                  \"and\": [\n                    {\n                      \"or\": [\n                        \"Tn\",\n                        {\n                          \"and\": [\n                            \"TxJ?Nbz*\",\n                            \"AS8%6\"\n                          ]\n                        }\n                      ]\n                    },\n                    \"6QD=nTWZI\",\n                    \"8X4P\",\n                    \"l,8$\",\n                    \"Ba94#\"\n                  ]\n                }\n              ]\n            }\n          ]\n        }\n      ]\n    }\n  },\n  {\n    \"title\": \"satisfyRule sample 8\",\n    \"value\": {\n      \"and\": [\n        \"|z}2m\",\n        \"{uW\"\n      ]\n    }\n  },\n  {\n    \"title\": \"satisfyRule sample 9\",\n    \"value\": \"5AUh>[^\"\n  }\n]",
              "code": "(0, fast_check_1.sample)(index_test_2.satisfyRule, 10).forEach((sample, i) => (0, addContext_1.default)(this, {\n    title: `satisfyRule sample ${i}`,\n    value: sample,\n}));\nreturn (0, fast_check_1.assert)((0, fast_check_1.property)(index_test_2.satisfyRule, ajvValidate));",
              "err": {},
              "uuid": "c10b9957-9e9b-421c-b751-eecc2515da85",
              "parentUUID": "e1af6a63-a69b-4f21-b55b-87fd1e1d6acb",
              "isHook": false,
              "skipped": false
            },
            {
              "title": "should not validate non-string/object",
              "fullTitle": "satisfyRuleSchema should not validate non-string/object",
              "timedOut": false,
              "duration": 0,
              "state": "passed",
              "speed": "fast",
              "pass": true,
              "fail": false,
              "pending": false,
              "context": null,
              "code": "const error = {\n    instancePath: \"\",\n    message: \"satisfy rule should be either a string or an object\",\n};\nisInvalidRule(null, error);\nisInvalidRule(undefined, error);\nisInvalidRule(10, error);\nisInvalidRule([12, 24], error);",
              "err": {},
              "uuid": "bcb2e33e-b3e6-4e3a-8d53-d9d510b3fd85",
              "parentUUID": "e1af6a63-a69b-4f21-b55b-87fd1e1d6acb",
              "isHook": false,
              "skipped": false
            },
            {
              "title": "should not validate satisfy rules with extra properties",
              "fullTitle": "satisfyRuleSchema should not validate satisfy rules with extra properties",
              "timedOut": false,
              "duration": 1,
              "state": "passed",
              "speed": "fast",
              "pass": true,
              "fail": false,
              "pending": false,
              "context": null,
              "code": "isInvalidRule({\n        and: [\n            { or: [\"2k\"], abc: \"def\" },\n            { mc: 8, ghi: \"jkl\" },\n        ],\n        mno: \"pqr\",\n    }, {\n        instancePath: \"/and/0\",\n        message: \"or satisfy rule should have property 'or' only\",\n    }, {\n        instancePath: \"/and/1\",\n        message: \"MC satisfy rule should have property 'mc' only\",\n    }, {\n        instancePath: \"\",\n        message: \"and satisfy rule should have property 'and' only\",\n    })",
              "err": {},
              "uuid": "5f25f9eb-c381-4d23-b465-268386ea6c6d",
              "parentUUID": "e1af6a63-a69b-4f21-b55b-87fd1e1d6acb",
              "isHook": false,
              "skipped": false
            },
            {
              "title": "should not validate ambiguous satisfy rules",
              "fullTitle": "satisfyRuleSchema should not validate ambiguous satisfy rules",
              "timedOut": false,
              "duration": 0,
              "state": "passed",
              "speed": "fast",
              "pass": true,
              "fail": false,
              "pending": false,
              "context": null,
              "code": "const message = \"satisfy rule should have only one of properties 'mc', 'and', 'or'\";\nisInvalidRule({\n    or: [\n        { mc: 5, and: [\"CS2040\"] },\n        { and: [{ and: [\"abc\"], or: [\"def\"] }] },\n    ],\n}, { instancePath: \"/or/0\", message }, { instancePath: \"/or/1/and/0\", message });",
              "err": {},
              "uuid": "872e8fd4-1e83-4995-833a-01e84df6b13b",
              "parentUUID": "e1af6a63-a69b-4f21-b55b-87fd1e1d6acb",
              "isHook": false,
              "skipped": false
            },
            {
              "title": "should not validate and satisfy rules with non-array property",
              "fullTitle": "satisfyRuleSchema should not validate and satisfy rules with non-array property",
              "timedOut": false,
              "duration": 1,
              "state": "passed",
              "speed": "fast",
              "pass": true,
              "fail": false,
              "pending": false,
              "context": null,
              "code": "const message = \"property 'and' should be an array of satisfy rules\";\nisInvalidRule({ or: [{ and: {} }, { or: [{ and: 3 }] }] }, { instancePath: \"/or/0/and\", message }, { instancePath: \"/or/1/or/0/and\", message });",
              "err": {},
              "uuid": "bf6a60fc-e031-4938-81b4-7466d51f0da4",
              "parentUUID": "e1af6a63-a69b-4f21-b55b-87fd1e1d6acb",
              "isHook": false,
              "skipped": false
            },
            {
              "title": "should not validate or satisfy rules with non-array property",
              "fullTitle": "satisfyRuleSchema should not validate or satisfy rules with non-array property",
              "timedOut": false,
              "duration": 0,
              "state": "passed",
              "speed": "fast",
              "pass": true,
              "fail": false,
              "pending": false,
              "context": null,
              "code": "const message = \"property 'or' should be an array of satisfy rules\";\nisInvalidRule({ and: [{ or: {} }, { and: [{ or: 3 }] }] }, { instancePath: \"/and/0/or\", message }, { instancePath: \"/and/1/and/0/or\", message });",
              "err": {},
              "uuid": "f827cf8b-50f0-4dbd-9a31-f36abf048c00",
              "parentUUID": "e1af6a63-a69b-4f21-b55b-87fd1e1d6acb",
              "isHook": false,
              "skipped": false
            }
          ],
          "suites": [],
          "passes": [
            "3f1bbefd-7b92-4a9b-867d-febd9abc3e6f",
            "ecfa135e-1480-4074-805b-fc4bcea1418c",
            "c10b9957-9e9b-421c-b751-eecc2515da85",
            "bcb2e33e-b3e6-4e3a-8d53-d9d510b3fd85",
            "5f25f9eb-c381-4d23-b465-268386ea6c6d",
            "872e8fd4-1e83-4995-833a-01e84df6b13b",
            "bf6a60fc-e031-4938-81b4-7466d51f0da4",
            "f827cf8b-50f0-4dbd-9a31-f36abf048c00"
          ],
          "failures": [],
          "pending": [],
          "skipped": [],
          "duration": 5,
          "root": false,
          "rootEmpty": false,
          "_timeout": 2000
        }
      ],
      "passes": [],
      "failures": [],
      "pending": [],
      "skipped": [],
      "duration": 0,
      "root": true,
      "rootEmpty": true,
      "_timeout": 2000
    }
  ],
  "meta": {
    "mocha": {
      "version": "9.1.2"
    },
    "mochawesome": {
      "options": {
        "quiet": false,
        "reportFilename": "mochawesome",
        "saveHtml": true,
        "saveJson": true,
        "consoleReporter": "spec",
        "useInlineDiffs": false,
        "code": true
      },
      "version": "6.3.0"
    },
    "marge": {
      "options": {
        "reportDir": "docs"
      },
      "version": "5.2.0"
    }
  }
}