{
  "stats": {
    "suites": 10,
    "tests": 48,
    "passes": 48,
    "pending": 0,
    "failures": 0,
    "start": "2021-08-04T08:06:36.311Z",
    "end": "2021-08-04T08:06:36.597Z",
    "duration": 286,
    "testsRegistered": 48,
    "passPercent": 100,
    "pendingPercent": 0,
    "other": 0,
    "hasOther": false,
    "skipped": 0,
    "hasSkipped": false
  },
  "results": [
    {
      "uuid": "1b23f408-ef50-4e85-a1a5-7087bba07565",
      "title": "",
      "fullFile": "",
      "file": "",
      "beforeHooks": [],
      "afterHooks": [],
      "tests": [],
      "suites": [
        {
          "uuid": "2145a615-820d-4645-9f70-6a361e12c642",
          "title": "initDirectories",
          "fullFile": "/home/runner/work/planwithus-lib/planwithus-lib/src/block/schemas.test.ts",
          "file": "/src/block/schemas.test.ts",
          "beforeHooks": [],
          "afterHooks": [],
          "tests": [
            {
              "title": "should parse all blocks with no errors",
              "fullTitle": "initDirectories should parse all blocks with no errors",
              "timedOut": false,
              "duration": 3,
              "state": "passed",
              "speed": "fast",
              "pass": true,
              "fail": false,
              "pending": false,
              "context": null,
              "code": "_1.initDirectories.should.not.throw()",
              "err": {},
              "uuid": "9bd4c6dd-78a1-4250-ad5a-642f0a1512d8",
              "parentUUID": "2145a615-820d-4645-9f70-6a361e12c642",
              "isHook": false,
              "skipped": false
            },
            {
              "title": "should produce primary, second & minor directories",
              "fullTitle": "initDirectories should produce primary, second & minor directories",
              "timedOut": false,
              "duration": 2,
              "state": "passed",
              "speed": "fast",
              "pass": true,
              "fail": false,
              "pending": false,
              "context": null,
              "code": "const directories = _1.initDirectories();\ndirectories.should.have.property(\"primary\");\ndirectories.should.have.property(\"second\");\ndirectories.should.have.property(\"minor\");",
              "err": {},
              "uuid": "26e8c7ff-6cb5-421a-8243-3eb7318ebb9e",
              "parentUUID": "2145a615-820d-4645-9f70-6a361e12c642",
              "isHook": false,
              "skipped": false
            }
          ],
          "suites": [],
          "passes": [
            "9bd4c6dd-78a1-4250-ad5a-642f0a1512d8",
            "26e8c7ff-6cb5-421a-8243-3eb7318ebb9e"
          ],
          "failures": [],
          "pending": [],
          "skipped": [],
          "duration": 5,
          "root": false,
          "rootEmpty": false,
          "_timeout": 2000
        },
        {
          "uuid": "0745ce44-6e54-499d-9b2b-e69532150475",
          "title": "blockSchema",
          "fullFile": "/home/runner/work/planwithus-lib/planwithus-lib/src/block/schemas.test.ts",
          "file": "/src/block/schemas.test.ts",
          "beforeHooks": [],
          "afterHooks": [],
          "tests": [
            {
              "title": "should validate valid block",
              "fullTitle": "blockSchema should validate valid block",
              "timedOut": false,
              "duration": 163,
              "state": "passed",
              "speed": "slow",
              "pass": true,
              "fail": false,
              "pending": false,
              "context": "[\n  {\n    \"title\": \"block sample 0\",\n    \"value\": {\n      \"name\": \"^q`\\\"\",\n      \"ay\": 2029,\n      \"assign\": \"JiFi4FC\",\n      \"match\": {\n        \"or\": [\n          {\n            \"and\": [\n              \"CFQ823xS\",\n              {\n                \"or\": []\n              },\n              {\n                \"or\": []\n              }\n            ]\n          }\n        ]\n      },\n      \"satisfy\": [\n        {\n          \"and\": [\n            \"N1fyi~:-F\",\n            {\n              \"and\": [\n                \"e%|TH{\",\n                {\n                  \"or\": [\n                    \"BQ\\\"6qM;[\",\n                    {\n                      \"or\": [\n                        \">VHbUS]M\",\n                        \"y@\",\n                        \"mky;c6LO\",\n                        \";A\"\n                      ]\n                    },\n                    \"|\"\n                  ]\n                },\n                {\n                  \"and\": [\n                    \"^\",\n                    \"_!Ei>9@_?\"\n                  ]\n                },\n                \"D\",\n                {\n                  \"and\": [\n                    {\n                      \"mc\": \"<=31\"\n                    },\n                    \"K_QgfYkC\",\n                    {\n                      \"and\": [\n                        {\n                          \"mc\": \">=144\"\n                        },\n                        \"b$n\",\n                        \"A5U0::L+\",\n                        {\n                          \"and\": [\n                            \"!\"\n                          ]\n                        }\n                      ]\n                    },\n                    \"_\",\n                    {\n                      \"mc\": \">=22\"\n                    }\n                  ]\n                }\n              ]\n            }\n          ]\n        },\n        \"0$GeT|V\\\\(\"\n      ],\n      \"url\": \"https://hdd7-x.de.a6c96f.ja/pzb\",\n      \"info\": \"_\"\n    }\n  },\n  {\n    \"title\": \"block sample 1\",\n    \"value\": {\n      \"name\": \"C[xCr_J^GK\",\n      \"match\": {\n        \"pattern\": \"WQ8x8H\",\n        \"exclude\": \"OP52\",\n        \"info\": \"!~\"\n      },\n      \"url\": \"http://8bqcn25iz8hjq9y8i1shb-ewffjg9ygcpf-qgh2ujgnv2rdzqazs.xcvcsjqd2l20nzsr61wlm8qsyrncm.rty9yp8jn084blt9jjrab9c8.aqpxksfngz\",\n      \"info\": \"z%\",\n      \"isSelectable\": true\n    }\n  },\n  {\n    \"title\": \"block sample 2\",\n    \"value\": {\n      \"ay\": 1950,\n      \"assign\": \"B)w69yb\",\n      \"match\": [\n        \"XRU70x4\"\n      ],\n      \"satisfy\": [\n        {\n          \"and\": [\n            {\n              \"or\": []\n            }\n          ]\n        }\n      ],\n      \"url\": \"https://8oadflgk789pyiuwfw5-pmv78c66b6qpml4z1f2-nvkjljkjgr5r9z.rzr1q8f250iq74rsu9oxd-2srp.bw/j&'J0/Z,k/dSI2ds66(3/%F0%B5%9D%A8%F2%80%A5%B9A%F2%B9%A3%92%F1%B3%B6%A1/D,/3)X~GI/i)b$VSEi%E4%9F%A1/amZ7REiQ%EE%90%8E/Ie/%EF%AD%BE!Mh~q1k\",\n      \"info\": \"YOyc\",\n      \"isSelectable\": true\n    }\n  },\n  {\n    \"title\": \"block sample 3\",\n    \"value\": {\n      \"name\": \"Si{\\\"yy|\\\"\",\n      \"match\": {\n        \"or\": [\n          {\n            \"pattern\": \"PV3P\",\n            \"exclude\": \"PED*60\",\n            \"info\": \"=kd`wB&Vz6\"\n          },\n          {\n            \"or\": [\n              {\n                \"pattern\": \"MEM496\",\n                \"info\": \"[s\"\n              }\n            ]\n          }\n        ]\n      },\n      \"satisfy\": \"egqZ2\",\n      \"url\": \"http://1dc9-wc.3l1munp62o1b.kzrgwy/N$tH%F2%87%BB%910e/_/T%F1%B3%AB%ACNyk%F2%93%BE%BD/YA/0Cq)/K6\"\n    }\n  },\n  {\n    \"title\": \"block sample 4\",\n    \"value\": {\n      \"name\": \"\",\n      \"ay\": 1991,\n      \"assign\": \"^$\",\n      \"match\": {\n        \"pattern\": \"PT1\",\n        \"exclude\": \"TK2132\",\n        \"info\": \"\"\n      },\n      \"satisfy\": \"&g\",\n      \"url\": \"https://6ioq8kc6n918s1uc57csb8r5b.ggpbxjqu/%F2%B5%A5%BEIPV)@%F2%91%AA%81/kGEJ/p)X%F2%A6%A0%8E/!-L,X/4n%F2%8A%A3%8C%F2%83%A3%A4)Uy/.ca/ro%F2%BA%B4%A5_'$/)XMTnTl9/Ay_.qy\",\n      \"isSelectable\": true\n    }\n  },\n  {\n    \"title\": \"block sample 5\",\n    \"value\": {\n      \"name\": \"2':\\\"NzY]?\",\n      \"ay\": 1981,\n      \"assign\": \"\",\n      \"match\": {\n        \"and\": [\n          {\n            \"or\": [\n              {\n                \"or\": [\n                  {\n                    \"or\": [\n                      \"YI2W\",\n                      \"WUQ6V\",\n                      \"BCB093B\"\n                    ]\n                  }\n                ]\n              }\n            ]\n          },\n          {\n            \"or\": [\n              \"KJC336\",\n              \"MUY302V\",\n              {\n                \"or\": [\n                  \"MXT2705\",\n                  \"IUW47\",\n                  \"HGMx\"\n                ]\n              },\n              \"OX9363\",\n              \"IUP73C\"\n            ]\n          }\n        ]\n      },\n      \"url\": \"http://r.d9h0.ey1gkb-34z7iuaz4wlx930tkghp68tkrnbkunuclbh3q.d.ne.dego/JhD//ONMaV$\",\n      \"info\": \"#o\",\n      \"isSelectable\": true,\n      \"*FdSCf\": {\n        \"name\": \"?dn{X\",\n        \"ay\": 1960,\n        \"assign\": \"Il\",\n        \"match\": \"RC5*B\",\n        \"satisfy\": {\n          \"or\": [\n            {\n              \"mc\": \">=90\"\n            },\n            {\n              \"or\": [\n                {\n                  \"mc\": \"<=3\"\n                }\n              ]\n            },\n            {\n              \"and\": [\n                \"[C6J[k)IR9\",\n                {\n                  \"and\": [\n                    {\n                      \"and\": [\n                        \":*H+;9JQ\",\n                        \",=XlwJIQtM\",\n                        \".TI\",\n                        \"&5S\"\n                      ]\n                    },\n                    \"HzzWaFizD%\",\n                    \"[xV\\\"DVk\",\n                    \"qW(8G$Z9\"\n                  ]\n                }\n              ]\n            },\n            {\n              \"or\": [\n                \"SQZE\",\n                {\n                  \"or\": [\n                    {\n                      \"or\": [\n                        \"/\",\n                        \";(k9kZAZ\",\n                        \"SD\"\n                      ]\n                    },\n                    \"~x~.U$H\"\n                  ]\n                },\n                \"}3xok5\"\n              ]\n            },\n            {\n              \"or\": [\n                \"\",\n                {\n                  \"and\": []\n                },\n                {\n                  \"mc\": \">=60\"\n                },\n                {\n                  \"or\": []\n                },\n                \"7A9-\"\n              ]\n            }\n          ]\n        },\n        \"url\": \"http://32xodgnqi43ycgxt3tfkqnd-0ied38cyvk4g0o.4335bzc8hkr5n02zl4k9cc56xybhd9k3m.50btnv0e3i324ml6ttvuh2fp59ghr8m.wm1fom4sexkh3n6cu4.vf/z%F3%A2%B6%BDN%F3%AB%94%A4/yq%F0%9F%A2%88&/;uVAJ/qn/f//k($u7FB0M/G%F2%89%98%B5F.++30H\",\n        \"info\": \"kyH6~O>=\",\n        \"6'Zq\": {\n          \"name\": \"&aBL2\",\n          \"ay\": 2021,\n          \"assign\": [\n            \"a|J\",\n            \"gE5e+,\",\n            \"JE?_rzY\"\n          ],\n          \"match\": [],\n          \"satisfy\": [\n            \"_]#NV#E]1\"\n          ],\n          \"info\": \"653^D|V\",\n          \"isSelectable\": true\n        },\n        \"`Oe\": {\n          \"name\": \"%?#8o3u\",\n          \"ay\": 1996,\n          \"assign\": \"Jjc,;}\",\n          \"match\": \"IAO562\",\n          \"url\": \"http://q5qgoy02lkrds-pso71v9uoblrmcru-eua68sablyizcn8fgzgft25c87-ja.xdv9ltu77s.07uqkk0c.8zx.zfqyfsmpisifins2ddhyxjuzz--jcd1gggev4qmautnxju2gsp55zddax89ox4.wkxlc/EYC-BKNA//,j%F4%88%A5%BDaZ/h%F0%A4%83%92MqYt/5/V0%F3%A1%A2%AAv/b)%F1%90%A4%BCF%F0%91%A1%80Aq*/G/d/\",\n          \"info\": \"Uw[/5fdv\"\n        },\n        \"Wq\": {\n          \"name\": \"yEAt+p7)F\",\n          \"ay\": 2002,\n          \"assign\": [],\n          \"match\": [],\n          \"satisfy\": {\n            \"mc\": \"<=95\"\n          },\n          \"url\": \"https://4.xydb7tvaq5u9pcg6h4-jvkn0yf41qpm0v-6gf8gy8q2e97v09thz.a8o96zhbr973-3s108x.gs3rvzaht5e-a.tnvojbheaj/%F0%A8%85%97S%F3%AE%83%A3/g4_/yRlDaxc$/268=\",\n          \"info\": \"1\",\n          \"isSelectable\": true\n        },\n        \"1mR 1(]Uls\": {\n          \"name\": \");M<w;.\",\n          \"ay\": 1974,\n          \"assign\": \"x-R{\",\n          \"match\": [\n            \"NQ42\",\n            {\n              \"pattern\": \"JU5\",\n              \"exclude\": \"HR64x4T\"\n            },\n            {\n              \"pattern\": \"DVJxP\",\n              \"exclude\": \"DF4*98\",\n              \"info\": \"%wqjNUDp\"\n            },\n            \"HOA5\"\n          ],\n          \"url\": \"https://cv-w8nqte0lhfimbyx4.05h35o50i1rqx6razzkl6cscau02pyyquynkrtywbq31lb35e4tsd2pye.wwruldgets/4QXGy///U%F2%90%94%9E3Y(8:%F3%9B%A0%B9i\",\n          \"info\": \"J\"\n        }\n      },\n      \"*>#a\": {\n        \"name\": \"'D*\",\n        \"ay\": 1968,\n        \"assign\": \"o<pshf~*w\",\n        \"match\": [\n          {\n            \"or\": [\n              {\n                \"or\": [\n                  {\n                    \"and\": [\n                      \"MX5x80A\",\n                      \"MC9121\",\n                      {\n                        \"and\": [\n                          \"GE4S\",\n                          \"BG21S\"\n                        ]\n                      },\n                      \"EEK5\",\n                      \"DB899\"\n                    ]\n                  },\n                  \"ZPN9*H\",\n                  {\n                    \"pattern\": \"BTV68W\",\n                    \"exclude\": [\n                      \"FW*1xJ\",\n                      \"AZJ2\",\n                      \"LQL3T\",\n                      \"IUXx*19G\"\n                    ],\n                    \"info\": \"\"\n                  },\n                  {\n                    \"or\": []\n                  },\n                  \"CP03xx\"\n                ]\n              }\n            ]\n          },\n          {\n            \"or\": [\n              \"VIZ382V\",\n              {\n                \"and\": [\n                  {\n                    \"or\": []\n                  },\n                  {\n                    \"and\": [\n                      \"UCU70Q\",\n                      {\n                        \"and\": [\n                          \"KL2R\",\n                          \"FW2\"\n                        ]\n                      },\n                      {\n                        \"or\": [\n                          \"YR4*\",\n                          {\n                            \"pattern\": \"ZU0927\",\n                            \"info\": \"a;^OtZ}\"\n                          }\n                        ]\n                      }\n                    ]\n                  }\n                ]\n              },\n              {\n                \"pattern\": \"HX8\",\n                \"exclude\": [\n                  \"DN9092R\",\n                  \"KWA04x\",\n                  \"TXH6C\"\n                ]\n              }\n            ]\n          }\n        ],\n        \"satisfy\": [\n          {\n            \"or\": [\n              \"\"\n            ]\n          },\n          {\n            \"or\": []\n          },\n          {\n            \"and\": [\n              {\n                \"and\": [\n                  \"jo0\",\n                  \"wDIZA\\\"@!z\",\n                  {\n                    \"or\": [\n                      {\n                        \"mc\": \">=48\"\n                      },\n                      {\n                        \"and\": [\n                          {\n                            \"or\": [\n                              \"%\",\n                              \"si%9E6<\",\n                              \":=tT&\"\n                            ]\n                          },\n                          \"f3\",\n                          \"xHp_NPp7!q\",\n                          \"j{8wzPe'\\\\<\",\n                          \")4M:\"\n                        ]\n                      },\n                      \"NqQ\"\n                    ]\n                  },\n                  {\n                    \"or\": []\n                  },\n                  {\n                    \"or\": [\n                      {\n                        \"mc\": \"<=191\"\n                      },\n                      \"Mz|:i:I\",\n                      \"drs]'6s,[\"\n                    ]\n                  }\n                ]\n              }\n            ]\n          },\n          {\n            \"and\": [\n              {\n                \"or\": []\n              },\n              {\n                \"or\": [\n                  \"3J\"\n                ]\n              },\n              {\n                \"mc\": \"<=145\"\n              },\n              {\n                \"and\": [\n                  {\n                    \"or\": [\n                      {\n                        \"and\": [\n                          \"#H%c$\",\n                          \"`/bd$-psn\",\n                          {\n                            \"mc\": \">=75\"\n                          },\n                          \"\",\n                          \"Z*x\"\n                        ]\n                      },\n                      \"t0\",\n                      \";!aEcIg\",\n                      {\n                        \"mc\": \">=44\"\n                      },\n                      \"@:hT@g\"\n                    ]\n                  },\n                  {\n                    \"or\": [\n                      \"ymWg,FC (7\",\n                      \"Nv99\\\"8MM`\",\n                      {\n                        \"mc\": \">=109\"\n                      },\n                      {\n                        \"or\": [\n                          \"!k;>2{cy\",\n                          {\n                            \"mc\": \">=76\"\n                          },\n                          \"!\"\n                        ]\n                      }\n                    ]\n                  },\n                  \"nHh,YcDo\",\n                  {\n                    \"or\": [\n                      \"2=\"\n                    ]\n                  }\n                ]\n              }\n            ]\n          },\n          \"-J]**x%Gv\"\n        ],\n        \"url\": \"http://lw7yq-b97gwpivt1txqaj8govxxct5nvibl7unkzjyj.djes-281aunqgvvpa4k44w3zhx0xj25j3v1ytwjr17hz1irh4cp2khkaatd8.qogbzj/gIb:QD1l/8_@\",\n        \"info\": \"]6-v\",\n        \"isSelectable\": true\n      },\n      \"s;pJ3Y[\": {\n        \"name\": \"f%jc-KttM\",\n        \"assign\": [\n          \"G:U=(lk -\"\n        ],\n        \"satisfy\": \"F3',=>\",\n        \"info\": \"Q8Z\"\n      },\n      \"\": {\n        \"name\": \"\\\\6cJ#5\",\n        \"ay\": 2015,\n        \"assign\": [],\n        \"match\": [\n          {\n            \"or\": [\n              {\n                \"or\": [\n                  \"USU4573\",\n                  {\n                    \"pattern\": \"UM6x9\",\n                    \"exclude\": [\n                      \"WN32P\",\n                      \"COQ46W\",\n                      \"QJM0x3L\",\n                      \"CPF*77\"\n                    ],\n                    \"info\": \"\"\n                  }\n                ]\n              },\n              {\n                \"or\": [\n                  {\n                    \"and\": [\n                      \"YIx\",\n                      {\n                        \"pattern\": \"BS3448O\",\n                        \"exclude\": [\n                          \"GMB8228\",\n                          \"IAX878\",\n                          \"XTL659\",\n                          \"QG8*37P\",\n                          \"OKx\"\n                        ],\n                        \"info\": \"CMZj.T(l?8\"\n                      },\n                      {\n                        \"or\": [\n                          \"IWX4916S\",\n                          \"UMH1932\"\n                        ]\n                      },\n                      \"ZK243U\"\n                    ]\n                  },\n                  \"BTU6451F\",\n                  \"BT3A\",\n                  \"UUO*535H\"\n                ]\n              },\n              {\n                \"pattern\": \"XDO049\",\n                \"exclude\": [\n                  \"SUC766R\",\n                  \"IH0*3\",\n                  \"EUK**14\"\n                ],\n                \"info\": \"tGBNnldFLA\"\n              }\n            ]\n          },\n          \"ZB2M\"\n        ],\n        \"satisfy\": {\n          \"or\": [\n            {\n              \"mc\": \">=76\"\n            }\n          ]\n        },\n        \"info\": \"\\\"L{\",\n        \"isSelectable\": true\n      }\n    }\n  },\n  {\n    \"title\": \"block sample 6\",\n    \"value\": {\n      \"name\": \"e\\\\(4`.hvH\",\n      \"ay\": 1955,\n      \"assign\": [],\n      \"match\": \"WQ*1\",\n      \"url\": \"https://6z6ykq6btbelm9b5vsi8xdd6ihygeu8w8cwy2apvahjrpnnpfu.cmvadpffmec8vd9b68d32e9g5qp6ef3q9iuc0ege487f57gyebaro-abhu1jd.fckb/;$\",\n      \"info\": \"b@2n\\\\4%GyS\",\n      \"isSelectable\": true\n    }\n  },\n  {\n    \"title\": \"block sample 7\",\n    \"value\": {\n      \"name\": \"v\",\n      \"ay\": 1950,\n      \"assign\": \"|xem=\",\n      \"match\": {\n        \"pattern\": \"WKA825A\",\n        \"exclude\": \"OM19xZ\"\n      },\n      \"url\": \"https://d84hli7mzx896q75hgp2kbmc4p7k-c0dnisgj-1teinbq114.fynmuv6g2m2c4hb53ambnwf.qwhelkeht/5%23)rffb%F4%8B%98%9E/a%F3%B2%A5%8B/Uf/_=/%33I:/)/B/m\",\n      \"9vv1Uip\": {\n        \"name\": \";\",\n        \"ay\": 1976,\n        \"assign\": [],\n        \"satisfy\": [\n          {\n            \"and\": [\n              {\n                \"and\": [\n                  {\n                    \"and\": [\n                      {\n                        \"mc\": \"<=188\"\n                      },\n                      \"GlN0wG,5W/\",\n                      {\n                        \"or\": [\n                          {\n                            \"mc\": \"<=193\"\n                          },\n                          \"$5`&Gb,\",\n                          {\n                            \"and\": []\n                          },\n                          \"\",\n                          \"/qNWd9P#\"\n                        ]\n                      },\n                      {\n                        \"mc\": \">=112\"\n                      },\n                      \"3_0\"\n                    ]\n                  },\n                  \"n]!(\",\n                  \"td1$9o\",\n                  \"meHaMt`\"\n                ]\n              },\n              {\n                \"or\": []\n              },\n              {\n                \"and\": []\n              }\n            ]\n          },\n          {\n            \"mc\": \"<=84\"\n          },\n          \"R;]\",\n          {\n            \"and\": [\n              {\n                \"mc\": \">=46\"\n              },\n              {\n                \"or\": []\n              }\n            ]\n          }\n        ],\n        \"url\": \"https://1vzw5mfn86uiyrqi5nmadwrv815oi06ou5itdpdvstj5gst8l63dw4.jrqcdx7g9zhmkwqhazx7z29cck7h5pqdwik33r3pd442y137amm5-p938.xt5fkxecy3t9akftjz00lz0b36kr6-00o4eiptcxkpy1obv25rrhwgyuw2c.zyyrmxtj19ekgww2kmep8w8u-am9fz8bqneer92bb13c.oilkdjawv/x5JK*Oi\",\n        \"info\": \"a\",\n        \"isSelectable\": true,\n        \"]Y=l(\": {\n          \"name\": \"F)^!,+KJp\",\n          \"ay\": 2007,\n          \"assign\": \",KJ^zbNk%$\",\n          \"match\": [\n            {\n              \"and\": []\n            },\n            {\n              \"or\": [\n                \"WH25*V\",\n                \"TG7581\",\n                {\n                  \"pattern\": \"KNM7\",\n                  \"exclude\": \"ZKW*766Y\",\n                  \"info\": \"/Z@>nQI?u.\"\n                },\n                {\n                  \"pattern\": \"HJR703N\",\n                  \"exclude\": [\n                    \"JLV**87\",\n                    \"FP*x3\",\n                    \"PK*0*1\",\n                    \"QCYxx6J\"\n                  ],\n                  \"info\": \"x;k&f\"\n                },\n                \"OT83V\"\n              ]\n            }\n          ],\n          \"url\": \"https://mpwtqovn0egaa3t7qpwcybynrgecpv3ayshdeovt33o72hmg64bwn1joexq00.khqqccw5axuyho67ijekbdrq4l7.6wm.8vj6pbcjymq4jjgwmt1j2b2j0tr0hxn796fkcvp04h9weeqmolb9s01-74eemqh.gwxzczrsb\",\n          \"info\": \"T]Sq07/a9i\",\n          \"isSelectable\": true\n        },\n        \"n$]@ni)X:e\": {\n          \"ay\": 2026,\n          \"assign\": \"\",\n          \"match\": [\n            \"TGF*241\",\n            {\n              \"pattern\": \"OCx379\",\n              \"exclude\": [\n                \"BSY612M\",\n                \"HSE0xx9N\",\n                \"XKLx\",\n                \"CA9E\",\n                \"FR5x3\"\n              ],\n              \"info\": \"z=f{#\"\n            },\n            {\n              \"pattern\": \"BMV2440D\",\n              \"exclude\": [],\n              \"info\": \"S9/E\"\n            }\n          ],\n          \"satisfy\": {\n            \"or\": [\n              {\n                \"or\": [\n                  \"`1\\\\4)vr\",\n                  {\n                    \"and\": [\n                      \"?QPM#\",\n                      {\n                        \"or\": [\n                          \"T1`W\",\n                          {\n                            \"or\": [\n                              \"kWmB\"\n                            ]\n                          }\n                        ]\n                      },\n                      {\n                        \"and\": [\n                          \".Y1Rg\\\\\\\"\",\n                          {\n                            \"or\": []\n                          },\n                          {\n                            \"mc\": \">=10\"\n                          },\n                          \"dV}v92JAc+\",\n                          {\n                            \"mc\": \"<=151\"\n                          }\n                        ]\n                      },\n                      {\n                        \"or\": [\n                          \"ix\",\n                          \"b=D#rjD\",\n                          \"G>kZ8)D`6~\",\n                          \"z\\\\gx\",\n                          {\n                            \"and\": [\n                              \"goJ*<(@\",\n                              \"-rTz[aJ|9\",\n                              \"l\",\n                              \"\"\n                            ]\n                          }\n                        ]\n                      },\n                      \"mD\"\n                    ]\n                  },\n                  \"*#v0hk\"\n                ]\n              },\n              {\n                \"and\": [\n                  {\n                    \"and\": [\n                      {\n                        \"and\": [\n                          \"0d~+32Pn\",\n                          \"\",\n                          \"$ AE~Y4\\\\\"\n                        ]\n                      },\n                      \"UQeD4u_ib\",\n                      \"<aQq\"\n                    ]\n                  },\n                  {\n                    \"and\": [\n                      \"\"\n                    ]\n                  }\n                ]\n              },\n              \"G-t|M\\\\e}N9\",\n              {\n                \"mc\": \">=38\"\n              }\n            ]\n          },\n          \"url\": \"http://w.ittvc58y9f-u7f5bmkpugqp8c24.ozdo9os0tk8kasxelho88yeied2v3da3hayl5jsdnjs.kvj1nzmzhcg573pqeleg9ct9cljf7gkxop.g.mo/r~as,B/7/u5/_)/mD%F4%81%A6%9E!A/ClPJ&M1;/M/%F4%82%81%A25@/%F0%BA%96%ADSk2/0QV!D\",\n          \"isSelectable\": true,\n          \"\": {\n            \"name\": \"J\",\n            \"ay\": 2021,\n            \"assign\": \"Px!puPk8\",\n            \"match\": [\n              {\n                \"pattern\": \"HZZ*A\",\n                \"exclude\": [\n                  \"OQU2432G\"\n                ],\n                \"info\": \"4MMp\"\n              },\n              {\n                \"and\": [\n                  \"FSN766*C\",\n                  \"PL171*\",\n                  {\n                    \"or\": [\n                      {\n                        \"and\": [\n                          \"YY62\",\n                          \"AR347\"\n                        ]\n                      },\n                      {\n                        \"or\": [\n                          \"EV733\"\n                        ]\n                      },\n                      {\n                        \"or\": [\n                          \"EE728\",\n                          {\n                            \"or\": [\n                              \"NA17Y\",\n                              \"BBEx13x\"\n                            ]\n                          },\n                          \"WFW1x1*W\"\n                        ]\n                      },\n                      \"GCV8\",\n                      {\n                        \"and\": [\n                          {\n                            \"pattern\": \"DKGx0B\",\n                            \"exclude\": [\n                              \"MJS746\",\n                              \"EG1151B\",\n                              \"QRRx2x7U\",\n                              \"DO352\"\n                            ],\n                            \"info\": \"So\\\"\"\n                          },\n                          \"JOO852O\"\n                        ]\n                      }\n                    ]\n                  },\n                  {\n                    \"and\": []\n                  },\n                  {\n                    \"and\": [\n                      \"XUJxxC\",\n                      \"VK21\",\n                      {\n                        \"and\": [\n                          \"BG26\"\n                        ]\n                      },\n                      {\n                        \"and\": [\n                          {\n                            \"pattern\": \"QTNx24G\",\n                            \"exclude\": [\n                              \"JGH18x2\",\n                              \"RMW8\",\n                              \"AVxx0*P\",\n                              \"LK832\"\n                            ]\n                          },\n                          \"ZIA**\",\n                          {\n                            \"pattern\": \"ZQ54*U\",\n                            \"exclude\": \"UJ9*3\"\n                          },\n                          \"ETJ9416H\",\n                          \"CLG4\"\n                        ]\n                      },\n                      {\n                        \"and\": [\n                          \"QLx689H\",\n                          {\n                            \"or\": [\n                              \"IGI20\",\n                              \"VX*65A\",\n                              \"CQ5928M\",\n                              \"TSW99Y\"\n                            ]\n                          },\n                          \"PF4**G\",\n                          \"GN2\"\n                        ]\n                      }\n                    ]\n                  }\n                ]\n              },\n              {\n                \"and\": [\n                  {\n                    \"pattern\": \"NGK0\",\n                    \"exclude\": [],\n                    \"info\": \"74d\"\n                  },\n                  {\n                    \"and\": [\n                      {\n                        \"or\": [\n                          {\n                            \"and\": [\n                              \"GW45X\"\n                            ]\n                          },\n                          \"UH6M\",\n                          \"TKxA\"\n                        ]\n                      },\n                      \"OTT3\",\n                      \"UZ617Q\",\n                      {\n                        \"and\": [\n                          {\n                            \"and\": [\n                              \"IV1*\",\n                              \"AOD5\",\n                              \"NCS097\",\n                              {\n                                \"pattern\": \"YRK678xN\",\n                                \"exclude\": [\n                                  \"TUX5x\"\n                                ],\n                                \"info\": \">((&)I-yW5\"\n                              }\n                            ]\n                          },\n                          \"UVN4Y\",\n                          {\n                            \"or\": [\n                              \"CWL7E\",\n                              \"OU902\",\n                              \"RWQ*7S\"\n                            ]\n                          }\n                        ]\n                      }\n                    ]\n                  },\n                  {\n                    \"and\": [\n                      {\n                        \"and\": [\n                          \"QL7304\",\n                          \"XWF4x\",\n                          \"DRB5x59\"\n                        ]\n                      },\n                      \"EI237\",\n                      {\n                        \"pattern\": \"QS1\",\n                        \"exclude\": \"TED113*\",\n                        \"info\": \"r\"\n                      },\n                      \"KR587\"\n                    ]\n                  },\n                  {\n                    \"or\": [\n                      {\n                        \"or\": [\n                          {\n                            \"pattern\": \"ECN81*5R\",\n                            \"exclude\": \"JMG36R\"\n                          }\n                        ]\n                      },\n                      {\n                        \"pattern\": \"RD9106\",\n                        \"exclude\": [\n                          \"YWx38Z\",\n                          \"TIE080\",\n                          \"XCX970R\",\n                          \"WL4751\",\n                          \"COE1M\"\n                        ],\n                        \"info\": \"\"\n                      },\n                      \"RBx8\",\n                      \"MVS489*I\"\n                    ]\n                  }\n                ]\n              },\n              \"ULP9*8K\"\n            ],\n            \"satisfy\": [\n              \"7GX5_H75Al\"\n            ],\n            \"info\": \"\",\n            \"isSelectable\": true,\n            \"c1kUuz\": {\n              \"name\": \"b;\\\"V\",\n              \"assign\": [\n                \"2g1.h#NL;\",\n                \"Q\",\n                \"^WY*8<I8b:\",\n                \"aqKXD7R0o\",\n                \"(\"\n              ],\n              \"match\": [\n                \"BH8\",\n                {\n                  \"pattern\": \"GPY1272\",\n                  \"exclude\": [\n                    \"NTHx18\"\n                  ]\n                }\n              ],\n              \"satisfy\": [\n                {\n                  \"or\": [\n                    {\n                      \"mc\": \">=125\"\n                    },\n                    {\n                      \"or\": [\n                        \"f\",\n                        \"J51\",\n                        {\n                          \"or\": [\n                            {\n                              \"mc\": \">=196\"\n                            },\n                            {\n                              \"and\": [\n                                \"C`0\\\\;%\",\n                                \"D_@M9f\"\n                              ]\n                            }\n                          ]\n                        }\n                      ]\n                    },\n                    {\n                      \"and\": []\n                    }\n                  ]\n                },\n                \"?Gqim\"\n              ],\n              \"info\": \"9ueB7h\",\n              \"*sXu8r_x\": {\n                \"name\": \"AH\",\n                \"ay\": 2026,\n                \"assign\": \":[d<&_\",\n                \"match\": {\n                  \"pattern\": \"YIF5\",\n                  \"exclude\": [\n                    \"WS75x8\",\n                    \"LWU12\",\n                    \"YBU65\",\n                    \"ZTM5692V\",\n                    \"QY*864P\"\n                  ],\n                  \"info\": \"W{b3/6r\"\n                },\n                \"satisfy\": [\n                  \"+--=`\",\n                  {\n                    \"mc\": \"<=99\"\n                  },\n                  {\n                    \"and\": []\n                  }\n                ],\n                \"isSelectable\": true\n              },\n              \"Sxrz\": {\n                \"name\": \"&`nYy?\",\n                \"ay\": 1984,\n                \"assign\": \"GW<k29z\",\n                \"match\": [\n                  {\n                    \"pattern\": \"DY9*O\",\n                    \"info\": \"j>HSc5a=a\"\n                  },\n                  {\n                    \"or\": [\n                      {\n                        \"or\": [\n                          \"ECQ849X\",\n                          {\n                            \"pattern\": \"SHH88Z\",\n                            \"exclude\": [\n                              \"LRT16\",\n                              \"NIB062J\"\n                            ]\n                          },\n                          \"OJ9454A\"\n                        ]\n                      }\n                    ]\n                  },\n                  {\n                    \"pattern\": \"VPD1\",\n                    \"exclude\": \"VP769M\",\n                    \"info\": \"-v<[}}f\"\n                  },\n                  \"UG4x87W\"\n                ],\n                \"satisfy\": {\n                  \"and\": [\n                    {\n                      \"and\": [\n                        \"lI /}JMe\",\n                        {\n                          \"mc\": \">=137\"\n                        },\n                        {\n                          \"mc\": \">=18\"\n                        },\n                        \"+Ew@5\",\n                        {\n                          \"and\": [\n                            \"lB,Dv,Gi0\",\n                            {\n                              \"mc\": \"<=162\"\n                            },\n                            \"5`3R?3\"\n                          ]\n                        }\n                      ]\n                    }\n                  ]\n                },\n                \"url\": \"https://0m.5ibskc.t.9wvsa9dd1xlnfm6ye0mr05j.jojjtkovk/oz/HE!s)v:BhM/rsuu/PIot.gSu'/;WzJHm\"\n              },\n              \"o3NWGUBM]\\\"\": {\n                \"name\": \"h\",\n                \"ay\": 2019,\n                \"assign\": [],\n                \"satisfy\": {\n                  \"and\": [\n                    {\n                      \"mc\": \">=62\"\n                    },\n                    {\n                      \"or\": [\n                        {\n                          \"mc\": \">=171\"\n                        },\n                        {\n                          \"and\": []\n                        },\n                        {\n                          \"or\": [\n                            \"!{KoSR4\",\n                            \"paJ,cU\",\n                            {\n                              \"and\": [\n                                \"\",\n                                \"`A{\",\n                                {\n                                  \"and\": [\n                                    \"W4P!to\",\n                                    \"Qppv0@x\"\n                                  ]\n                                },\n                                \"\",\n                                \"e\\\"XFWv\"\n                              ]\n                            }\n                          ]\n                        },\n                        \"gGmW:U\"\n                      ]\n                    },\n                    {\n                      \"or\": [\n                        \"`)L\",\n                        {\n                          \"and\": [\n                            {\n                              \"or\": [\n                                \"QiPE\",\n                                {\n                                  \"and\": [\n                                    \"=c'_`!IOOl\",\n                                    \"$\",\n                                    \"{^|UlVJ?=\"\n                                  ]\n                                },\n                                \" $i\",\n                                \"lYM|vS\"\n                              ]\n                            },\n                            {\n                              \"mc\": \"<=11\"\n                            },\n                            \"#w3QSR\"\n                          ]\n                        },\n                        {\n                          \"mc\": \"<=56\"\n                        }\n                      ]\n                    },\n                    {\n                      \"mc\": \"<=3\"\n                    },\n                    {\n                      \"mc\": \">=15\"\n                    }\n                  ]\n                },\n                \"url\": \"http://dcytriuurpw--zipei37s4vwt4oynscgraxai40nr1z5e0ufeo8z5.u372dhbqr3q-yaqgjia4oll9fwy16r3c482ksf0298vj.62ftch9yofji39a-fo.kaewgwc/7D%F2%A0%8A%9CP9r:P/~/z)%F1%9A%91%BC5Y/BI_%E2%83%B2MzT*G;/%F2%8F%BE%80D\",\n                \"info\": \"MB/\"\n              },\n              \"\": {\n                \"name\": \"X-8JK;vZQ\",\n                \"ay\": 2017,\n                \"assign\": [],\n                \"satisfy\": [\n                  {\n                    \"or\": []\n                  },\n                  {\n                    \"and\": []\n                  },\n                  \"Y3}d\",\n                  \"x\"\n                ],\n                \"info\": \"y.9%Y\"\n              },\n              \"Q\": {\n                \"name\": \"eX-(\",\n                \"assign\": [\n                  \"JK:\",\n                  \"yi|(_K\",\n                  \"[dqN4ZV,2b\",\n                  \"S\"\n                ],\n                \"url\": \"http://ynf570gm721oidyyybg9zvhl0t.mbsdm/-/@7%F2%B4%BA%B5S%F2%8E%81%A2isRb//v9*Z/yBGG/g1d9Q,9O'B/'N%F1%B7%9C%96kU.(K/jl\",\n                \"info\": \"\\\"sVb\",\n                \"isSelectable\": true\n              }\n            },\n            \"?C^V\": {\n              \"name\": \"{zps=\",\n              \"ay\": 1950,\n              \"assign\": \"K^\\\"djF|g$\",\n              \"satisfy\": [\n                {\n                  \"mc\": \"<=24\"\n                },\n                \"E]#<J\",\n                {\n                  \"and\": [\n                    {\n                      \"and\": [\n                        \"R(0n\",\n                        {\n                          \"or\": [\n                            \"Zs+4?/uICV\"\n                          ]\n                        }\n                      ]\n                    },\n                    \"[/\"\n                  ]\n                }\n              ],\n              \"url\": \"http://z.1npzvigqt6r2lw50ysfnald38m2.qw3pjh9tqx2a53.4agh9mvdy53yv.kibuqmij/v(dma/%F2%85%82%AA~Zn%F3%AA%BE%8Cd=Ltb/Eq1ZOE75sy/(/B/%F1%8B%9F%B2/kVhIS%F1%87%A4%803%F3%BA%BA%B9z$/U%F3%89%84%98u2%F1%B2%88%AF5$t%F2%8D%83%97:/P\",\n              \"info\": \"OZ1bMu[(s\",\n              \"isSelectable\": true\n            },\n            \"WxOVLB\": {\n              \"ay\": 2014,\n              \"assign\": [\n                \"lf\",\n                \"\",\n                \"`<OHj/79*\",\n                \"\",\n                \"_Px<k+P|\"\n              ],\n              \"match\": [\n                \"RMS7H\",\n                \"HUU4B\",\n                \"EUQ36N\",\n                \"NU39\"\n              ],\n              \"satisfy\": \"9ZL/n%)f4\",\n              \"url\": \"https://mq75gnb0i4cgiv043im-rifmjjbwsrv7yz8wk4rmacz28mf8scib59ymr0i0.4.b.xz02o3bbhkj92-pw.qvosvvbgsu/Pa2B%F2%8D%88%9EC/QO=Kp/\",\n              \"info\": \",C`B+?\",\n              \"isSelectable\": true\n            }\n          },\n          \"|mZ?7r|\": {\n            \"assign\": \"\",\n            \"match\": {\n              \"pattern\": \"ZBG9x1N\",\n              \"exclude\": \"MXK2*2\",\n              \"info\": \"^3/Dl\"\n            },\n            \"url\": \"http://sz77o1takpxtr7bc.98lvx-ym1uggizm3osxwx6qrlsnsnubmw9asapyeo96p2os6.vq804ir2hyindd7m.d4z6gw-p7pz6m3hjtgn3-t-8i2t-unhtn5jn4v6sh6b4.wekvgn/7G'Rfp'dE\",\n            \"info\": \"s<JOy[l\",\n            \"isSelectable\": true,\n            \"sAQ@\": {\n              \"name\": \"*Di\\\\iIb9!K\",\n              \"ay\": 1978,\n              \"assign\": [],\n              \"match\": {\n                \"or\": [\n                  \"FJ9x56R\"\n                ]\n              },\n              \"satisfy\": [\n                {\n                  \"mc\": \"<=170\"\n                },\n                {\n                  \"mc\": \"<=136\"\n                },\n                \"0*#AjOwrS<\"\n              ],\n              \"url\": \"https://444wpzg-hnxuc0tnlj0v4578v6esr95txi78u3yf9-8rr01734bog27vmdf.9.vi/xfiK0wlX/2Qa+k7j*T/0n/z)ThaS;\",\n              \"isSelectable\": true\n            }\n          }\n        }\n      },\n      \"bH\": {\n        \"name\": \"izwhm\",\n        \"satisfy\": [\n          {\n            \"or\": [\n              {\n                \"and\": [\n                  \".Qp=<30~ 9\",\n                  {\n                    \"mc\": \"<=24\"\n                  },\n                  \"+ S\",\n                  \"j(5rUsg\"\n                ]\n              },\n              {\n                \"and\": [\n                  {\n                    \"or\": [\n                      {\n                        \"mc\": \"<=99\"\n                      },\n                      \"\",\n                      {\n                        \"and\": [\n                          \";HqX:ot8\",\n                          {\n                            \"mc\": \">=169\"\n                          }\n                        ]\n                      },\n                      \"'\"\n                    ]\n                  },\n                  \"*K1x\",\n                  \"588kn2\",\n                  {\n                    \"or\": [\n                      {\n                        \"and\": [\n                          \"u4[\"\n                        ]\n                      },\n                      {\n                        \"or\": [\n                          {\n                            \"and\": [\n                              \"B3kJFg'\",\n                              \"'\",\n                              \"&\",\n                              \"\"\n                            ]\n                          },\n                          \"!_s7h\\\"0\\\"_|\"\n                        ]\n                      },\n                      \"}\"\n                    ]\n                  }\n                ]\n              },\n              {\n                \"and\": [\n                  {\n                    \"or\": [\n                      {\n                        \"mc\": \">=129\"\n                      },\n                      \"\",\n                      \"y.\",\n                      {\n                        \"or\": [\n                          \"j\\\"=,s[Il\",\n                          \"z\",\n                          {\n                            \"mc\": \">=97\"\n                          },\n                          \"<\"\n                        ]\n                      }\n                    ]\n                  },\n                  {\n                    \"and\": []\n                  },\n                  \"Rz8i\",\n                  \"h\"\n                ]\n              }\n            ]\n          },\n          {\n            \"and\": [\n              {\n                \"or\": [\n                  {\n                    \"and\": [\n                      {\n                        \"mc\": \">=38\"\n                      },\n                      \"Mh-kdc\\\\on3\"\n                    ]\n                  },\n                  \"!xAU\\\"!.o_\",\n                  \"+Z\",\n                  {\n                    \"and\": [\n                      \"D\",\n                      {\n                        \"mc\": \"<=33\"\n                      },\n                      {\n                        \"and\": [\n                          \"cZI?{q:30\",\n                          \"fD#X9R<Rb\",\n                          \"\",\n                          \"@=!{(:\",\n                          {\n                            \"or\": [\n                              \"%\\\\~wgz\"\n                            ]\n                          }\n                        ]\n                      }\n                    ]\n                  }\n                ]\n              }\n            ]\n          },\n          \"8|R\"\n        ],\n        \"url\": \"https://h.kwu/vl!%F3%9D%93%9E//~Mut+%F3%B2%A0%BDHuS/ZAZ1Dm%F0%98%B1%8F/+FmD/F,FI0/y1('t$:6q\",\n        \"info\": \":?\",\n        \"isSelectable\": true,\n        \"dPEmO]:/\": {\n          \"name\": \"!/R~Nw$\",\n          \"ay\": 2011,\n          \"assign\": \"sAo\",\n          \"match\": [\n            {\n              \"and\": []\n            },\n            {\n              \"pattern\": \"ES19D\",\n              \"exclude\": [],\n              \"info\": \"Y3y$o\"\n            },\n            \"WH*\",\n            {\n              \"and\": [\n                {\n                  \"or\": [\n                    {\n                      \"pattern\": \"JC3xx2G\",\n                      \"exclude\": \"SRO44*1F\",\n                      \"info\": \"vbc\"\n                    },\n                    \"ZCE68x5R\"\n                  ]\n                },\n                {\n                  \"pattern\": \"WMG139xB\",\n                  \"exclude\": \"HEKx\"\n                }\n              ]\n            }\n          ],\n          \"satisfy\": [\n            {\n              \"mc\": \"<=39\"\n            }\n          ],\n          \"url\": \"http://fo9wjxff7scg-u3kwsn-uh4nt5he14-thm6e.8nv6xzq4frhv2lf7bea7z94gzt6pbaq0rx0gwacluv06glbsokrcvm2t.26rjelso2-ai8j.fqvcnlsoz/Ro*gzc/m@hDkr%E9%8B%8Dcmy/\",\n          \"info\": \"c>xz1o;Y\",\n          \"isSelectable\": true\n        },\n        \"uv/1|:5a6\": {\n          \"name\": \"FT\",\n          \"ay\": 1958,\n          \"assign\": [\n            \"[O|osj>`E\"\n          ],\n          \"match\": \"TEI*0*\",\n          \"satisfy\": [\n            {\n              \"and\": [\n                {\n                  \"mc\": \">=51\"\n                },\n                {\n                  \"mc\": \"<=173\"\n                },\n                {\n                  \"and\": [\n                    \"'X\"\n                  ]\n                },\n                {\n                  \"or\": [\n                    {\n                      \"and\": []\n                    },\n                    {\n                      \"or\": [\n                        \"\",\n                        \"].,1{kn\",\n                        \"lT/\"\n                      ]\n                    }\n                  ]\n                }\n              ]\n            },\n            \" *YKu\",\n            {\n              \"and\": []\n            },\n            {\n              \"and\": [\n                {\n                  \"and\": [\n                    \"\",\n                    \"Zi?n\",\n                    {\n                      \"or\": [\n                        {\n                          \"and\": [\n                            \"q@%z\",\n                            \"!e6uuU%E\",\n                            \"R\",\n                            \"b#Y.\\\\{\\\"m\",\n                            \"%8(L\"\n                          ]\n                        },\n                        {\n                          \"and\": [\n                            \"2(+M\",\n                            \"\",\n                            \"I\",\n                            \"\\\"mX7|K\"\n                          ]\n                        },\n                        \"\",\n                        \"}v-\"\n                      ]\n                    },\n                    {\n                      \"or\": []\n                    }\n                  ]\n                },\n                {\n                  \"or\": [\n                    {\n                      \"or\": [\n                        {\n                          \"mc\": \">=178\"\n                        },\n                        {\n                          \"or\": [\n                            \"gcm6l_aF\",\n                            \"<b1Yj\",\n                            {\n                              \"and\": [\n                                \"wi#_~tQp5\",\n                                {\n                                  \"mc\": \">=105\"\n                                },\n                                \"B819`Nou\",\n                                {\n                                  \"or\": [\n                                    \" sN}m2d*Sn\",\n                                    \"#V\",\n                                    \"\"\n                                  ]\n                                }\n                              ]\n                            },\n                            {\n                              \"mc\": \">=58\"\n                            }\n                          ]\n                        },\n                        \"]L-G\"\n                      ]\n                    },\n                    \"9\",\n                    {\n                      \"mc\": \">=68\"\n                    },\n                    \"S52-L\",\n                    {\n                      \"mc\": \">=174\"\n                    }\n                  ]\n                },\n                {\n                  \"mc\": \">=113\"\n                }\n              ]\n            },\n            {\n              \"or\": [\n                {\n                  \"mc\": \">=99\"\n                },\n                \"\",\n                {\n                  \"mc\": \">=27\"\n                },\n                \">u\"\n              ]\n            }\n          ],\n          \"url\": \"http://f.k4ij1f18ddvk0p890ncyq8howajh7aoe1hk.ip2sgg0ksn1nnqa8jgayop-s8zzy86d9oawcab7wpty286metkbjnt3p4uwy6.e0bon0v-o4z8hjdo3h0duy7ye1-kd6kfzmpjzerscg.i.dhefbxfy/e%F3%A6%86%89b+lO_OM/o/H\",\n          \"info\": \"J]c/k?uK#@\",\n          \"isSelectable\": true\n        },\n        \"71j-(bpaS\": {\n          \"ay\": 1989,\n          \"assign\": \"gXr+XQy\",\n          \"match\": \"AK7*9V\",\n          \"url\": \"http://q8vhcmn6mt9eky-nxfa3ljznok87szhf629sh4x84xa0vbm.lxp\"\n        },\n        \"6`c}wR`K\": {\n          \"name\": \"OtM`1GK0T\",\n          \"ay\": 1990,\n          \"assign\": \"JC\\\\\",\n          \"match\": {\n            \"pattern\": \"BO57U\",\n            \"exclude\": [\n              \"CGX**6\",\n              \"IOX7446R\",\n              \"QH7\"\n            ]\n          },\n          \"satisfy\": {\n            \"and\": [\n              {\n                \"mc\": \"<=93\"\n              }\n            ]\n          },\n          \"url\": \"https://v215m9xstlljdc7g9xcd3s.v.w.ezzbreypyx/%F1%A3%88%B6%F1%8E%86%A8Y@%F1%96%BE%AFow@1/K!/XUq:vG+t/m*zuU0~5/1WL7Y%F3%9D%BA%80Q+Q/'U%F1%B9%A5%82%F3%BD%8E%BBi//*5,QFbZ%F4%8F%B6%96\",\n          \"info\": \"\"\n        }\n      },\n      \"i\": {\n        \"name\": \"K;=hKeV\",\n        \"assign\": [\n          \"(/={c>C\",\n          \"s\"\n        ],\n        \"url\": \"http://frqa8sj.ipci15j50-3p2da.zjrocqphgpivppviuns8xp0onmn-488tumfem3u0odq0d.jckvkcbe/i%F1%95%A7%806Mh/%F3%A7%85%B2z6l./T%F1%8D%B7%8B\",\n        \"info\": \"Rif7/Ieb?\\\\\",\n        \"isSelectable\": true,\n        \"[^\": {\n          \"name\": \"U\",\n          \"ay\": 1984,\n          \"assign\": [\n            \"y)jZ<\",\n            \"A9B06\",\n            \"YN,gX\",\n            \"'O\"\n          ],\n          \"match\": \"UQ*7\",\n          \"satisfy\": {\n            \"mc\": \"<=145\"\n          },\n          \"url\": \"https://ndllyywn4-3ruo2v2ut9ik5521uppv1n3g3awas-hoq0-u0dg56i6ihtqg08.9.scxb5v3z6uon9xhm1dneryn85ufym2udwxj0w77r9n8got6j9.vjb3dy1hj2zrtz6u-lf6z1lc3m-nt4y4ien6w-xlk.yjj4zd4vlhfc.gmvpmloj/;vEp%F3%BE%88%8C2$/1e01hOv/l2O8/HU5Zi7W/.bc3%F1%A3%B2%84$J$/$b!%F2%A9%90%B32w/~LZz@_OH@8/KKBE(WGZb/2!6i2L,&\",\n          \"info\": \"Fsuj'`a?x\",\n          \"isSelectable\": true,\n          \"Wti2T\": {\n            \"name\": \"pR\",\n            \"ay\": 1951,\n            \"assign\": \"^3*OWaj\",\n            \"match\": [\n              {\n                \"and\": [\n                  \"ECx0L\"\n                ]\n              },\n              {\n                \"and\": [\n                  {\n                    \"pattern\": \"AA*117\",\n                    \"exclude\": \"ZD610\",\n                    \"info\": \"e\"\n                  },\n                  \"LIU106U\",\n                  {\n                    \"or\": [\n                      \"LR7T\",\n                      \"PFx5R\",\n                      \"AG1361\"\n                    ]\n                  }\n                ]\n              },\n              {\n                \"and\": [\n                  {\n                    \"and\": [\n                      {\n                        \"and\": [\n                          \"BI0869S\",\n                          \"PNW8x6X\",\n                          \"XDM9267\"\n                        ]\n                      }\n                    ]\n                  }\n                ]\n              }\n            ],\n            \"satisfy\": {\n              \"or\": [\n                {\n                  \"or\": []\n                },\n                {\n                  \"mc\": \"<=109\"\n                },\n                {\n                  \"mc\": \"<=123\"\n                },\n                {\n                  \"and\": []\n                },\n                {\n                  \"and\": []\n                }\n              ]\n            },\n            \"url\": \"http://y-fh-b.63192psn5lrst63r0a7ulw2ex3x50hjglwk32lqid4ga.cdi5.m.seykdjx/4v38X)uDaD/,/0)*;!\",\n            \"info\": \"A~5jI'W,Rz\",\n            \"isSelectable\": true\n          },\n          \"y''jA\": {\n            \"name\": \"w^!4%_hT\",\n            \"ay\": 1981,\n            \"assign\": [\n              \"RaXJ\",\n              \"jdcGKWpS.\",\n              \"\",\n              \"'Gz+=\"\n            ],\n            \"match\": [\n              {\n                \"and\": [\n                  {\n                    \"pattern\": \"KFL6xP\",\n                    \"info\": \"@}Ug;uPp]i\"\n                  }\n                ]\n              },\n              {\n                \"pattern\": \"AYx\",\n                \"exclude\": [],\n                \"info\": \"C4i|/6\\\\gw\"\n              }\n            ],\n            \"url\": \"http://8s14-vd762mbq1b3tnqbunh6tfzw4yhdt.5oxf.c22zo212152c6za8hnjkpb8wa1.asp\",\n            \"info\": \"uWLHNL\",\n            \"isSelectable\": true\n          }\n        },\n        \"5=hF{O\": {\n          \"ay\": 2027,\n          \"assign\": [\n            \",gNG<ZMTp)\",\n            \"$\\\\zebi=[Zy\",\n            \"BTR)ELGDkR\"\n          ],\n          \"match\": {\n            \"and\": [\n              {\n                \"or\": [\n                  \"PFT866\",\n                  {\n                    \"pattern\": \"BLO9527\",\n                    \"exclude\": [\n                      \"BOS31X\",\n                      \"HI256\"\n                    ],\n                    \"info\": \"a <E\"\n                  }\n                ]\n              },\n              {\n                \"pattern\": \"NY9\",\n                \"info\": \"=7\\\\\"\n              },\n              {\n                \"pattern\": \"LCP961\",\n                \"exclude\": [\n                  \"FM506M\",\n                  \"EUA4371\"\n                ],\n                \"info\": \"x\"\n              },\n              {\n                \"or\": [\n                  \"JK4*x9\"\n                ]\n              }\n            ]\n          },\n          \"url\": \"https://cg6uryqf1us5ipglc0xutm5-g3nfo05m0ak1ci75uae8bjco7qlpr-f.uv/d(1ON/an/+%F2%80%AA%A2Kr$meO.W/o@FPV/IQ24gaaYb//h.9gBj/xN2/PdpSXX(%F3%AA%B5%956\",\n          \"info\": \"fe0Y\",\n          \"zoulQC\": {\n            \"name\": \"k\",\n            \"ay\": 1977,\n            \"assign\": \" \\\\$\",\n            \"satisfy\": {\n              \"or\": [\n                {\n                  \"and\": [\n                    {\n                      \"and\": [\n                        \"X0Cwl\",\n                        {\n                          \"and\": []\n                        },\n                        {\n                          \"mc\": \"<=25\"\n                        }\n                      ]\n                    },\n                    {\n                      \"mc\": \"<=104\"\n                    }\n                  ]\n                },\n                {\n                  \"mc\": \"<=95\"\n                }\n              ]\n            },\n            \"url\": \"https://lbnugnmzxkj7udf7.g4xj24hb1kkyto0txppi5vq.kwzsxyve7n6-yz2kni948mnhueg1nxmzst4xcbn8eu938l7ljvaags-d01rp.sqnpv8zt1yqui52nhw9o2ie9hg44lw3izp1mybib.llw0emeesfqd.nqqs/EEisdY/yb8C5k4@by/1%F4%82%B6%A3%F3%8E%A1%A4Z9~052_/\",\n            \"info\": \"./k\\\\2*Y\",\n            \"isSelectable\": true,\n            \"Sey\": {\n              \"name\": \"Us`\",\n              \"ay\": 2016,\n              \"assign\": [\n                \"//;\\\"*-EY\",\n                \"'fG#d%l/\"\n              ],\n              \"match\": [\n                {\n                  \"pattern\": \"NY67\",\n                  \"exclude\": \"YJ1x50N\",\n                  \"info\": \"CoLX_!P\"\n                },\n                {\n                  \"pattern\": \"JJ*\",\n                  \"exclude\": \"BJA625U\",\n                  \"info\": \"C5&faH\"\n                },\n                {\n                  \"and\": [\n                    {\n                      \"pattern\": \"XSM493B\",\n                      \"exclude\": [\n                        \"EI4163\"\n                      ],\n                      \"info\": \"$ |0wS\"\n                    },\n                    \"PC9262\",\n                    \"TExO\",\n                    {\n                      \"or\": [\n                        \"MC464\",\n                        {\n                          \"and\": []\n                        },\n                        \"MXH30T\"\n                      ]\n                    },\n                    {\n                      \"and\": [\n                        \"BE6xE\",\n                        \"QG78H\",\n                        \"TQZ1378N\"\n                      ]\n                    }\n                  ]\n                },\n                {\n                  \"and\": []\n                },\n                \"PE5\"\n              ],\n              \"satisfy\": [\n                {\n                  \"and\": [\n                    {\n                      \"and\": [\n                        \"lJ/\",\n                        {\n                          \"and\": [\n                            \"\",\n                            \"\"\n                          ]\n                        },\n                        {\n                          \"or\": [\n                            {\n                              \"and\": [\n                                {\n                                  \"or\": [\n                                    \"TTqo(\",\n                                    \"!OGc\",\n                                    {\n                                      \"or\": [\n                                        \"Q?m<''?OB!\",\n                                        \"\",\n                                        \"HM=N\\\"kW\",\n                                        \"{x:ABsypF\",\n                                        \"Q-(&Jg\"\n                                      ]\n                                    },\n                                    \"*Yg4\\\"Q$z;\"\n                                  ]\n                                },\n                                \"\",\n                                {\n                                  \"and\": []\n                                },\n                                \"QD\"\n                              ]\n                            },\n                            {\n                              \"and\": []\n                            },\n                            \"vIP.E5Yw\"\n                          ]\n                        },\n                        \"R/IT+\",\n                        {\n                          \"mc\": \">=113\"\n                        }\n                      ]\n                    },\n                    {\n                      \"mc\": \">=82\"\n                    },\n                    {\n                      \"mc\": \"<=143\"\n                    }\n                  ]\n                },\n                {\n                  \"mc\": \">=94\"\n                }\n              ],\n              \"url\": \"http://21od-0erm1ho62-g1s9sw9iub2o4rytialqf72hmph-flhtpl.r5jqqxlqz93lanks97nc3w85oqvz4ft8e2-8re.4tfaq7xif29t72k2bcf2yyhcv1na8vcbgvbv314jlnu1jlp7iyhcdv4e.789awpx4j3t7y5gwrvavcm0dpbhestm6lh-nwvv5z77880ua4mw-q6buro5n-2.kgr//PQu/,@'/-X/q9T1jHF/OxB0QdjLE%F2%84%9E%86//Q1i9%F0%B3%8D%9B;/V(E/vY*'0(h\",\n              \"info\": \"UJB08`\"\n            },\n            \"*;HR#K61\": {\n              \"name\": \"|kVv.*K,!M\",\n              \"ay\": 1986,\n              \"assign\": \"EXqQ]f\",\n              \"match\": \"ZZI3\",\n              \"satisfy\": {\n                \"or\": [\n                  {\n                    \"mc\": \">=154\"\n                  },\n                  \"b~D\",\n                  {\n                    \"mc\": \"<=136\"\n                  },\n                  {\n                    \"or\": []\n                  }\n                ]\n              },\n              \"url\": \"https://x4z2zzkj-jd8i560v7bvfv-ayp2zfk-d1ejs170q.xqu/z9J3/v-A,%F3%89%A5%A6dO%F3%96%97%8D/yFiPqFE/m%F1%B1%88%9D$D%F1%AA%9C%92/icakN/a+MXn.8F/PIMwPm5-OI\",\n              \"info\": \"H. LZ:rNs,\"\n            },\n            \"J\\\"hO5\": {\n              \"name\": \"$mIu[j 8k\",\n              \"ay\": 1961,\n              \"assign\": [\n                \"5`l8sTs\",\n                \"~4g\",\n                \"rO66k t/e\",\n                \"*=Gm\",\n                \"fRk:M1$\"\n              ],\n              \"match\": {\n                \"or\": [\n                  \"YJJ75\"\n                ]\n              },\n              \"satisfy\": [\n                {\n                  \"and\": []\n                },\n                \"\"\n              ],\n              \"url\": \"https://z16b-cq1-oypl1m0.kr8.hgbcrce\",\n              \"isSelectable\": true\n            },\n            \".LWw%lIWs\": {\n              \"name\": \"TVf\",\n              \"ay\": 2010,\n              \"assign\": \"=OVAdR4p\",\n              \"match\": {\n                \"pattern\": \"KJ9x*9C\",\n                \"exclude\": [\n                  \"KC17*\",\n                  \"ZH*2\",\n                  \"YWP1\"\n                ],\n                \"info\": \".cO\"\n              },\n              \"satisfy\": {\n                \"or\": [\n                  {\n                    \"or\": [\n                      {\n                        \"or\": [\n                          {\n                            \"or\": [\n                              {\n                                \"mc\": \">=112\"\n                              },\n                              {\n                                \"and\": [\n                                  {\n                                    \"or\": [\n                                      \"q5gT{:)%-P\"\n                                    ]\n                                  },\n                                  \"S7z#e6\"\n                                ]\n                              },\n                              \"]'\",\n                              \")r\\\\A-\"\n                            ]\n                          }\n                        ]\n                      },\n                      \"Bb\",\n                      {\n                        \"or\": [\n                          {\n                            \"mc\": \">=101\"\n                          },\n                          \"\\\\W1\",\n                          {\n                            \"or\": [\n                              {\n                                \"or\": [\n                                  {\n                                    \"and\": [\n                                      \"y{$\\\\]\",\n                                      \"8[Pa-Y!yQ\",\n                                      \"|V@DQ\"\n                                    ]\n                                  },\n                                  \"\"\n                                ]\n                              },\n                              \"+-o_elkI=\"\n                            ]\n                          }\n                        ]\n                      }\n                    ]\n                  }\n                ]\n              },\n              \"url\": \"http://u6-803i5aehstl730ghg2b20-o69c43fvi.9.8enamn5q14cjfooyd.fv7v4x0w.at334kh42mv3o.jo/~o*-RJvKT//L7/A8%F2%A3%8E%A0/*gES\",\n              \"info\": \"3X2tkBX\",\n              \"isSelectable\": true\n            },\n            \"Vs(%zFK*k2\": {\n              \"name\": \"y\",\n              \"ay\": 1989,\n              \"assign\": [\n                \"-ru\",\n                \"N>s6.B.\",\n                \"\",\n                \"\"\n              ],\n              \"match\": {\n                \"or\": [\n                  {\n                    \"pattern\": \"VKH24\",\n                    \"exclude\": [\n                      \"KUA*\",\n                      \"EP07D\",\n                      \"ZH*51B\",\n                      \"VX5838E\"\n                    ],\n                    \"info\": \"\"\n                  },\n                  {\n                    \"pattern\": \"OEO582\",\n                    \"exclude\": \"CC39X\"\n                  },\n                  \"XG757\"\n                ]\n              },\n              \"satisfy\": [\n                {\n                  \"mc\": \">=125\"\n                },\n                {\n                  \"or\": [\n                    {\n                      \"and\": [\n                        {\n                          \"and\": [\n                            {\n                              \"mc\": \"<=44\"\n                            }\n                          ]\n                        },\n                        \"\",\n                        \"qC9S4yqU~\",\n                        {\n                          \"or\": [\n                            {\n                              \"mc\": \">=126\"\n                            },\n                            {\n                              \"or\": []\n                            },\n                            \".}\\\"JAZpn\"\n                          ]\n                        }\n                      ]\n                    },\n                    {\n                      \"or\": [\n                        \"GqS\\\"rfuJ'f\",\n                        \"23SLGlVuu\"\n                      ]\n                    },\n                    {\n                      \"mc\": \"<=96\"\n                    },\n                    {\n                      \"or\": [\n                        \" /F&E~,\",\n                        {\n                          \"or\": [\n                            {\n                              \"or\": [\n                                \"5xO\",\n                                {\n                                  \"mc\": \"<=183\"\n                                },\n                                \",ss\"\n                              ]\n                            },\n                            \"V/$W]+b^\",\n                            \"\",\n                            {\n                              \"mc\": \">=144\"\n                            },\n                            {\n                              \"mc\": \"<=20\"\n                            }\n                          ]\n                        },\n                        \"D7M@\"\n                      ]\n                    }\n                  ]\n                },\n                {\n                  \"and\": []\n                },\n                {\n                  \"and\": [\n                    {\n                      \"or\": [\n                        \"dS\",\n                        \"nLVaHcb\",\n                        \"i\",\n                        \" DyP]m\",\n                        {\n                          \"or\": [\n                            \"\",\n                            \"E9\",\n                            \"M8Z~\"\n                          ]\n                        }\n                      ]\n                    },\n                    \"o{a\",\n                    {\n                      \"mc\": \">=32\"\n                    }\n                  ]\n                },\n                {\n                  \"and\": [\n                    {\n                      \"and\": [\n                        \"\",\n                        \"Tu\\\"J \",\n                        {\n                          \"mc\": \">=115\"\n                        }\n                      ]\n                    },\n                    \"Qm3Z%'u\"\n                  ]\n                }\n              ],\n              \"url\": \"http://v3nc4eb2-6shqdvlig-ouxm0qein0dz-voqyxgj0ep1psnywi1qclh3zm6kb8.cngauunb/=1oTaP%F2%88%8D%90W/b2f=a1nu(/%EC%B5%A81+0/jE8-B/w51/XbwK%F4%89%93%B9:y@8/c%F3%B9%91%94whI.\",\n              \"isSelectable\": true\n            }\n          }\n        }\n      },\n      \"c#K&kmx9K\": {\n        \"name\": \"wh^;BHi\",\n        \"ay\": 1992,\n        \"assign\": [\n          \"&\"\n        ],\n        \"match\": \"MJ9\",\n        \"satisfy\": [\n          {\n            \"or\": [\n              {\n                \"and\": [\n                  {\n                    \"mc\": \">=134\"\n                  }\n                ]\n              },\n              {\n                \"mc\": \"<=96\"\n              }\n            ]\n          },\n          {\n            \"mc\": \"<=18\"\n          },\n          {\n            \"mc\": \">=49\"\n          },\n          {\n            \"mc\": \">=173\"\n          },\n          {\n            \"mc\": \"<=88\"\n          }\n        ],\n        \"url\": \"https://9.7om8gkaikbjuql1ib2e5t18wa9cbr2i26mniz8hxuox2m3s0sst0alrm0.w1iyfqz7d3mips1ssgqmxbhp1kdxl3rr795m1ogmjdh0.kddx/S%F3%8C%A6%8D5fpGLb%F1%8B%BF%AE/:0%F0%A6%95%AD4Zey/Js0l~%F3%8C%B2%96J/xJ+Z/@q%F4%8F%AB%A0C_b\",\n        \"info\": \"\",\n        \"isSelectable\": true,\n        \"b(0p\": {\n          \"name\": \"4jj\",\n          \"ay\": 2013,\n          \"assign\": \"\",\n          \"match\": [\n            {\n              \"or\": [\n                {\n                  \"or\": [\n                    {\n                      \"pattern\": \"HJS5x\",\n                      \"exclude\": [\n                        \"BY5496Q\",\n                        \"BYK2118\",\n                        \"AQRx7x6\",\n                        \"HE293I\",\n                        \"QYO4T\"\n                      ],\n                      \"info\": \"imTP]G]mK\"\n                    },\n                    {\n                      \"or\": [\n                        \"AY2\",\n                        \"WXZ26\",\n                        \"GV719\",\n                        \"YR4X\",\n                        \"TIH4835\"\n                      ]\n                    },\n                    {\n                      \"and\": [\n                        {\n                          \"pattern\": \"HYx3T\",\n                          \"info\": \"4\\\"ul\\\\x_5\"\n                        },\n                        {\n                          \"and\": [\n                            \"XEx\",\n                            \"CB017*U\"\n                          ]\n                        },\n                        \"RKM9014A\",\n                        \"XV868*\"\n                      ]\n                    },\n                    {\n                      \"pattern\": \"PHF71*1W\",\n                      \"info\": \"7^C\"\n                    },\n                    \"NFY*02\"\n                  ]\n                },\n                \"ZRW0598D\"\n              ]\n            },\n            {\n              \"or\": [\n                {\n                  \"pattern\": \"OLD3047Q\",\n                  \"exclude\": [\n                    \"KJD**H\",\n                    \"MK3x7\",\n                    \"LAx1\",\n                    \"OQ0702\",\n                    \"BX2K\"\n                  ],\n                  \"info\": \"DE39\\\".yZ\"\n                }\n              ]\n            },\n            {\n              \"and\": []\n            },\n            \"OU9\"\n          ],\n          \"satisfy\": [\n            {\n              \"or\": []\n            },\n            {\n              \"or\": []\n            },\n            {\n              \"or\": [\n                {\n                  \"or\": [\n                    {\n                      \"or\": [\n                        \"v}H4S'&)\",\n                        \"Bu6X'<Yro\"\n                      ]\n                    },\n                    \"l\\\"YY(Bkd{\",\n                    \"86Lwri\",\n                    {\n                      \"and\": [\n                        \"}pDCMRBPRF\",\n                        {\n                          \"mc\": \"<=196\"\n                        },\n                        {\n                          \"mc\": \">=55\"\n                        },\n                        \"\"\n                      ]\n                    },\n                    {\n                      \"or\": [\n                        \")@$,p\",\n                        {\n                          \"mc\": \">=130\"\n                        }\n                      ]\n                    }\n                  ]\n                }\n              ]\n            },\n            {\n              \"mc\": \"<=39\"\n            }\n          ],\n          \"url\": \"https://pr7cm.vf5t4wm-b49v3ckhc3uwx88qtkm0vfw8mi.iyg/IWeo9ET%F0%A2%B5%90/%C6%A7;/)/~R9BMR%F1%BB%90%80o%F2%B8%A0%95K/Q&Zs:i&\",\n          \"info\": \"I!TpmOD$T\",\n          \"isSelectable\": true\n        },\n        \"uLu>V\": {\n          \"name\": \"\",\n          \"ay\": 2024,\n          \
[...]
              "uuid": "ccec3a7f-4b36-4ba1-b83b-03fa898abd5b",
              "parentUUID": "e04bd173-497a-489e-879c-d9ef6002b08f",
              "isHook": false,
              "skipped": false
            },
            {
              "title": "should preserve list of modules with upper bound of MCs if total MC count is lower",
              "fullTitle": "inequalitySatisfier should preserve list of modules with upper bound of MCs if total MC count is lower",
              "timedOut": false,
              "duration": 1,
              "state": "passed",
              "speed": "fast",
              "pass": true,
              "fail": false,
              "pending": false,
              "context": null,
              "code": "const satisfier = satisfiers_1.inequalitySatisfier(ref, \"<=32\");\nsatisfier.should.have.property(\"filter\");\nconst { filter } = satisfier;\nisCorrectFilter(filter, modulesList1, modulesList1.map(([moduleStr]) => moduleStr));",
              "err": {},
              "uuid": "07508cf9-d461-4006-ba37-fe29dd871ce3",
              "parentUUID": "e04bd173-497a-489e-879c-d9ef6002b08f",
              "isHook": false,
              "skipped": false
            },
            {
              "title": "should truncate list of modules with upper bound of MCs at exact cutoff if total MC count is higher and there exists some starting sequence with exact MC count",
              "fullTitle": "inequalitySatisfier should truncate list of modules with upper bound of MCs at exact cutoff if total MC count is higher and there exists some starting sequence with exact MC count",
              "timedOut": false,
              "duration": 0,
              "state": "passed",
              "speed": "fast",
              "pass": true,
              "fail": false,
              "pending": false,
              "context": null,
              "code": "const satisfier = satisfiers_1.inequalitySatisfier(ref, \"<=16\");\nsatisfier.should.have.property(\"filter\");\nconst { filter } = satisfier;\nisCorrectFilter(filter, modulesList1, [\n    \"CS2100\",\n    \"GER1000\",\n    \"CS2040S\",\n    \"ST2131\",\n]);",
              "err": {},
              "uuid": "d9e432fa-8647-47b2-9d2e-78bba30fe929",
              "parentUUID": "e04bd173-497a-489e-879c-d9ef6002b08f",
              "isHook": false,
              "skipped": false
            },
            {
              "title": "should truncate list of modules with upper bound of MCs, cutting off at the minimum starting sequence that exceeds upper bound, if total MC count is higher and there exists no starting sequence with exact MC count",
              "fullTitle": "inequalitySatisfier should truncate list of modules with upper bound of MCs, cutting off at the minimum starting sequence that exceeds upper bound, if total MC count is higher and there exists no starting sequence with exact MC count",
              "timedOut": false,
              "duration": 0,
              "state": "passed",
              "speed": "fast",
              "pass": true,
              "fail": false,
              "pending": false,
              "context": null,
              "code": "const satisfier = satisfiers_1.inequalitySatisfier(ref, \"<=17\");\nsatisfier.should.have.property(\"filter\");\nconst { filter } = satisfier;\nisCorrectFilter(filter, modulesList1, [\n    \"CS2100\",\n    \"GER1000\",\n    \"CS2040S\",\n    \"ST2131\",\n    \"MA1521\",\n]);",
              "err": {},
              "uuid": "2c7ad89e-fb41-431b-a713-0677d2690358",
              "parentUUID": "e04bd173-497a-489e-879c-d9ef6002b08f",
              "isHook": false,
              "skipped": false
            }
          ],
          "suites": [],
          "passes": [
            "e56ef3ea-4dad-4a1a-9e38-357c8269bff2",
            "b711b8fa-ff44-474d-abbd-25d0af1b33dc",
            "f068e4d2-681e-4c55-a4e1-653a4db651b6",
            "ccec3a7f-4b36-4ba1-b83b-03fa898abd5b",
            "07508cf9-d461-4006-ba37-fe29dd871ce3",
            "d9e432fa-8647-47b2-9d2e-78bba30fe929",
            "2c7ad89e-fb41-431b-a713-0677d2690358"
          ],
          "failures": [],
          "pending": [],
          "skipped": [],
          "duration": 1,
          "root": false,
          "rootEmpty": false,
          "_timeout": 2000
        },
        {
          "uuid": "07bdb844-56d4-4fe2-bc73-f5b519ccdcda",
          "title": "inequalitySchema",
          "fullFile": "/home/runner/work/planwithus-lib/planwithus-lib/src/satisfyRule/inequality/schemas.test.ts",
          "file": "/src/satisfyRule/inequality/schemas.test.ts",
          "beforeHooks": [],
          "afterHooks": [],
          "tests": [
            {
              "title": "should validate inequality in the form <=n or >=n",
              "fullTitle": "inequalitySchema should validate inequality in the form <=n or >=n",
              "timedOut": false,
              "duration": 1,
              "state": "passed",
              "speed": "fast",
              "pass": true,
              "fail": false,
              "pending": false,
              "context": "[\n  {\n    \"title\": \"inequality sample 0\",\n    \"value\": \"<=120\"\n  },\n  {\n    \"title\": \"inequality sample 1\",\n    \"value\": \"<=175\"\n  },\n  {\n    \"title\": \"inequality sample 2\",\n    \"value\": \"<=28\"\n  },\n  {\n    \"title\": \"inequality sample 3\",\n    \"value\": \">=1\"\n  },\n  {\n    \"title\": \"inequality sample 4\",\n    \"value\": \"<=173\"\n  },\n  {\n    \"title\": \"inequality sample 5\",\n    \"value\": \">=5\"\n  },\n  {\n    \"title\": \"inequality sample 6\",\n    \"value\": \">=42\"\n  },\n  {\n    \"title\": \"inequality sample 7\",\n    \"value\": \">=2\"\n  },\n  {\n    \"title\": \"inequality sample 8\",\n    \"value\": \"<=93\"\n  },\n  {\n    \"title\": \"inequality sample 9\",\n    \"value\": \"<=109\"\n  }\n]",
              "code": "fast_check_1.sample(index_test_2.inequality, 10).forEach((sample, i) => addContext_1.default(this, {\n    title: `inequality sample ${i}`,\n    value: sample,\n}));\nreturn fast_check_1.assert(fast_check_1.property(index_test_2.inequality, ajvValidate));",
              "err": {},
              "uuid": "3ea85bda-311b-4aed-aae5-6b3a6bc0da25",
              "parentUUID": "07bdb844-56d4-4fe2-bc73-f5b519ccdcda",
              "isHook": false,
              "skipped": false
            },
            {
              "title": "should not validate inequality of invalid form",
              "fullTitle": "inequalitySchema should not validate inequality of invalid form",
              "timedOut": false,
              "duration": 2,
              "state": "passed",
              "speed": "fast",
              "pass": true,
              "fail": false,
              "pending": false,
              "context": null,
              "code": "[\n        \"\",\n        \"==23\",\n        \"23\",\n        \"<23\",\n        \">23\",\n        \"<=-1\",\n        \">=-1\",\n        \"<= 2\",\n        \">= 1\",\n        \"> 3\",\n        \"< 3\",\n        \"<=3a\",\n        \">=3a\",\n        \"a<=3\",\n        \"a>=3\",\n    ].forEach(isInvalidInequality)",
              "err": {},
              "uuid": "8b018775-0f6a-489c-8844-2757db2fff4d",
              "parentUUID": "07bdb844-56d4-4fe2-bc73-f5b519ccdcda",
              "isHook": false,
              "skipped": false
            }
          ],
          "suites": [],
          "passes": [
            "3ea85bda-311b-4aed-aae5-6b3a6bc0da25",
            "8b018775-0f6a-489c-8844-2757db2fff4d"
          ],
          "failures": [],
          "pending": [],
          "skipped": [],
          "duration": 3,
          "root": false,
          "rootEmpty": false,
          "_timeout": 2000
        },
        {
          "uuid": "c17306ab-8fcd-4187-9a37-ae35fd4f57ac",
          "title": "satisfyRuleSchema",
          "fullFile": "/home/runner/work/planwithus-lib/planwithus-lib/src/satisfyRule/schemas.test.ts",
          "file": "/src/satisfyRule/schemas.test.ts",
          "beforeHooks": [],
          "afterHooks": [],
          "tests": [
            {
              "title": "should validate satisfy rule with valid block id",
              "fullTitle": "satisfyRuleSchema should validate satisfy rule with valid block id",
              "timedOut": false,
              "duration": 1,
              "state": "passed",
              "speed": "fast",
              "pass": true,
              "fail": false,
              "pending": false,
              "context": null,
              "code": "fast_check_1.assert(fast_check_1.property(fast_check_1.string(), ajvValidate)",
              "err": {},
              "uuid": "eface439-7140-4cd3-b31a-1e39c487bdc7",
              "parentUUID": "c17306ab-8fcd-4187-9a37-ae35fd4f57ac",
              "isHook": false,
              "skipped": false
            },
            {
              "title": "should validate satisfy rules with valid mc",
              "fullTitle": "satisfyRuleSchema should validate satisfy rules with valid mc",
              "timedOut": false,
              "duration": 1,
              "state": "passed",
              "speed": "fast",
              "pass": true,
              "fail": false,
              "pending": false,
              "context": "[\n  {\n    \"title\": \"mcSatisfyRule sample 0\",\n    \"value\": {\n      \"mc\": \">=152\"\n    }\n  },\n  {\n    \"title\": \"mcSatisfyRule sample 1\",\n    \"value\": {\n      \"mc\": \"<=3\"\n    }\n  },\n  {\n    \"title\": \"mcSatisfyRule sample 2\",\n    \"value\": {\n      \"mc\": \"<=103\"\n    }\n  },\n  {\n    \"title\": \"mcSatisfyRule sample 3\",\n    \"value\": {\n      \"mc\": \">=89\"\n    }\n  },\n  {\n    \"title\": \"mcSatisfyRule sample 4\",\n    \"value\": {\n      \"mc\": \">=1\"\n    }\n  },\n  {\n    \"title\": \"mcSatisfyRule sample 5\",\n    \"value\": {\n      \"mc\": \"<=17\"\n    }\n  },\n  {\n    \"title\": \"mcSatisfyRule sample 6\",\n    \"value\": {\n      \"mc\": \"<=197\"\n    }\n  },\n  {\n    \"title\": \"mcSatisfyRule sample 7\",\n    \"value\": {\n      \"mc\": \">=169\"\n    }\n  },\n  {\n    \"title\": \"mcSatisfyRule sample 8\",\n    \"value\": {\n      \"mc\": \"<=1\"\n    }\n  },\n  {\n    \"title\": \"mcSatisfyRule sample 9\",\n    \"value\": {\n      \"mc\": \"<=197\"\n    }\n  }\n]",
              "code": "fast_check_1.sample(index_test_2.mcSatisfyRule, 10).forEach((sample, i) => addContext_1.default(this, {\n    title: `mcSatisfyRule sample ${i}`,\n    value: sample,\n}));\nreturn fast_check_1.assert(fast_check_1.property(index_test_2.mcSatisfyRule, ajvValidate));",
              "err": {},
              "uuid": "c29fff75-1843-4176-a510-fc0a007163dd",
              "parentUUID": "c17306ab-8fcd-4187-9a37-ae35fd4f57ac",
              "isHook": false,
              "skipped": false
            },
            {
              "title": "should validate valid recursive satisfy rules",
              "fullTitle": "satisfyRuleSchema should validate valid recursive satisfy rules",
              "timedOut": false,
              "duration": 3,
              "state": "passed",
              "speed": "fast",
              "pass": true,
              "fail": false,
              "pending": false,
              "context": "[\n  {\n    \"title\": \"satisfyRule sample 0\",\n    \"value\": {\n      \"mc\": \">=145\"\n    }\n  },\n  {\n    \"title\": \"satisfyRule sample 1\",\n    \"value\": \"\"\n  },\n  {\n    \"title\": \"satisfyRule sample 2\",\n    \"value\": {\n      \"or\": [\n        \",(s&lTj*7\",\n        {\n          \"mc\": \"<=4\"\n        }\n      ]\n    }\n  },\n  {\n    \"title\": \"satisfyRule sample 3\",\n    \"value\": {\n      \"mc\": \">=156\"\n    }\n  },\n  {\n    \"title\": \"satisfyRule sample 4\",\n    \"value\": {\n      \"or\": []\n    }\n  },\n  {\n    \"title\": \"satisfyRule sample 5\",\n    \"value\": {\n      \"mc\": \"<=4\"\n    }\n  },\n  {\n    \"title\": \"satisfyRule sample 6\",\n    \"value\": {\n      \"mc\": \">=3\"\n    }\n  },\n  {\n    \"title\": \"satisfyRule sample 7\",\n    \"value\": \"\"\n  },\n  {\n    \"title\": \"satisfyRule sample 8\",\n    \"value\": {\n      \"or\": [\n        {\n          \"mc\": \"<=29\"\n        },\n        \"m4-8ojr\",\n        {\n          \"or\": [\n            \"T\",\n            {\n              \"or\": [\n                \")|uEF@\",\n                {\n                  \"or\": []\n                }\n              ]\n            },\n            \"g\",\n            {\n              \"or\": [\n                {\n                  \"and\": [\n                    {\n                      \"or\": [\n                        \"s0-d\",\n                        \">UOYN\",\n                        \"LOu?mgy(\",\n                        \"q\",\n                        \"N*>\"\n                      ]\n                    }\n                  ]\n                },\n                \"M.g\",\n                \"-\",\n                \"AXA>~\"\n              ]\n            }\n          ]\n        },\n        {\n          \"mc\": \"<=106\"\n        }\n      ]\n    }\n  },\n  {\n    \"title\": \"satisfyRule sample 9\",\n    \"value\": \"{AB\"\n  }\n]",
              "code": "fast_check_1.sample(index_test_2.satisfyRule, 10).forEach((sample, i) => addContext_1.default(this, {\n    title: `satisfyRule sample ${i}`,\n    value: sample,\n}));\nreturn fast_check_1.assert(fast_check_1.property(index_test_2.satisfyRule, ajvValidate));",
              "err": {},
              "uuid": "473b4d2b-59c4-466e-b017-7631e67e8812",
              "parentUUID": "c17306ab-8fcd-4187-9a37-ae35fd4f57ac",
              "isHook": false,
              "skipped": false
            },
            {
              "title": "should not validate non-string/object",
              "fullTitle": "satisfyRuleSchema should not validate non-string/object",
              "timedOut": false,
              "duration": 1,
              "state": "passed",
              "speed": "fast",
              "pass": true,
              "fail": false,
              "pending": false,
              "context": null,
              "code": "const error = {\n    instancePath: \"\",\n    message: \"satisfy rule should be either a string or an object\",\n};\nisInvalidRule(null, error);\nisInvalidRule(undefined, error);\nisInvalidRule(10, error);\nisInvalidRule([12, 24], error);",
              "err": {},
              "uuid": "09da0817-caa6-48a7-9fb7-6829cee840f8",
              "parentUUID": "c17306ab-8fcd-4187-9a37-ae35fd4f57ac",
              "isHook": false,
              "skipped": false
            },
            {
              "title": "should not validate satisfy rules with extra properties",
              "fullTitle": "satisfyRuleSchema should not validate satisfy rules with extra properties",
              "timedOut": false,
              "duration": 0,
              "state": "passed",
              "speed": "fast",
              "pass": true,
              "fail": false,
              "pending": false,
              "context": null,
              "code": "isInvalidRule({\n        and: [\n            { or: [\"2k\"], abc: \"def\" },\n            { mc: 8, ghi: \"jkl\" },\n        ],\n        mno: \"pqr\",\n    }, {\n        instancePath: \"/and/0\",\n        message: \"or satisfy rule should have property 'or' only\",\n    }, {\n        instancePath: \"/and/1\",\n        message: \"MC satisfy rule should have property 'mc' only\",\n    }, {\n        instancePath: \"\",\n        message: \"and satisfy rule should have property 'and' only\",\n    })",
              "err": {},
              "uuid": "bf4b6a23-75d2-4a2c-9922-142247ba50e2",
              "parentUUID": "c17306ab-8fcd-4187-9a37-ae35fd4f57ac",
              "isHook": false,
              "skipped": false
            },
            {
              "title": "should not validate ambiguous satisfy rules",
              "fullTitle": "satisfyRuleSchema should not validate ambiguous satisfy rules",
              "timedOut": false,
              "duration": 0,
              "state": "passed",
              "speed": "fast",
              "pass": true,
              "fail": false,
              "pending": false,
              "context": null,
              "code": "const message = \"satisfy rule should have only one of properties 'mc', 'and', 'or'\";\nisInvalidRule({\n    or: [\n        { mc: 5, and: [\"CS2040\"] },\n        { and: [{ and: [\"abc\"], or: [\"def\"] }] },\n    ],\n}, { instancePath: \"/or/0\", message }, { instancePath: \"/or/1/and/0\", message });",
              "err": {},
              "uuid": "3a073765-b5d9-4ecc-986e-0f4dee15f8dd",
              "parentUUID": "c17306ab-8fcd-4187-9a37-ae35fd4f57ac",
              "isHook": false,
              "skipped": false
            },
            {
              "title": "should not validate and satisfy rules with non-array property",
              "fullTitle": "satisfyRuleSchema should not validate and satisfy rules with non-array property",
              "timedOut": false,
              "duration": 0,
              "state": "passed",
              "speed": "fast",
              "pass": true,
              "fail": false,
              "pending": false,
              "context": null,
              "code": "const message = \"property 'and' should be an array of satisfy rules\";\nisInvalidRule({ or: [{ and: {} }, { or: [{ and: 3 }] }] }, { instancePath: \"/or/0/and\", message }, { instancePath: \"/or/1/or/0/and\", message });",
              "err": {},
              "uuid": "47a39ca1-1c51-41bf-8eab-ea3faad6077f",
              "parentUUID": "c17306ab-8fcd-4187-9a37-ae35fd4f57ac",
              "isHook": false,
              "skipped": false
            },
            {
              "title": "should not validate or satisfy rules with non-array property",
              "fullTitle": "satisfyRuleSchema should not validate or satisfy rules with non-array property",
              "timedOut": false,
              "duration": 0,
              "state": "passed",
              "speed": "fast",
              "pass": true,
              "fail": false,
              "pending": false,
              "context": null,
              "code": "const message = \"property 'or' should be an array of satisfy rules\";\nisInvalidRule({ and: [{ or: {} }, { and: [{ or: 3 }] }] }, { instancePath: \"/and/0/or\", message }, { instancePath: \"/and/1/and/0/or\", message });",
              "err": {},
              "uuid": "f4b1742a-e2f5-4365-bee9-a59b0130d35c",
              "parentUUID": "c17306ab-8fcd-4187-9a37-ae35fd4f57ac",
              "isHook": false,
              "skipped": false
            }
          ],
          "suites": [],
          "passes": [
            "eface439-7140-4cd3-b31a-1e39c487bdc7",
            "c29fff75-1843-4176-a510-fc0a007163dd",
            "473b4d2b-59c4-466e-b017-7631e67e8812",
            "09da0817-caa6-48a7-9fb7-6829cee840f8",
            "bf4b6a23-75d2-4a2c-9922-142247ba50e2",
            "3a073765-b5d9-4ecc-986e-0f4dee15f8dd",
            "47a39ca1-1c51-41bf-8eab-ea3faad6077f",
            "f4b1742a-e2f5-4365-bee9-a59b0130d35c"
          ],
          "failures": [],
          "pending": [],
          "skipped": [],
          "duration": 6,
          "root": false,
          "rootEmpty": false,
          "_timeout": 2000
        }
      ],
      "passes": [],
      "failures": [],
      "pending": [],
      "skipped": [],
      "duration": 0,
      "root": true,
      "rootEmpty": true,
      "_timeout": 2000
    }
  ],
  "meta": {
    "mocha": {
      "version": "9.0.3"
    },
    "mochawesome": {
      "options": {
        "quiet": false,
        "reportFilename": "mochawesome",
        "saveHtml": true,
        "saveJson": true,
        "consoleReporter": "spec",
        "useInlineDiffs": false,
        "code": true
      },
      "version": "6.2.2"
    },
    "marge": {
      "options": {
        "reportDir": "docs"
      },
      "version": "5.2.0"
    }
  }
}