{
  "stats": {
    "suites": 10,
    "tests": 48,
    "passes": 48,
    "pending": 0,
    "failures": 0,
    "start": "2021-07-20T12:47:35.343Z",
    "end": "2021-07-20T12:47:35.598Z",
    "duration": 255,
    "testsRegistered": 48,
    "passPercent": 100,
    "pendingPercent": 0,
    "other": 0,
    "hasOther": false,
    "skipped": 0,
    "hasSkipped": false
  },
  "results": [
    {
      "uuid": "4e41153c-da8e-4801-ba25-40bb6e2f6410",
      "title": "",
      "fullFile": "",
      "file": "",
      "beforeHooks": [],
      "afterHooks": [],
      "tests": [],
      "suites": [
        {
          "uuid": "bc9932a2-1dc0-413a-bdce-d7262404c478",
          "title": "initDirectories",
          "fullFile": "/home/runner/work/planwithus-lib/planwithus-lib/src/block/schemas.test.ts",
          "file": "/src/block/schemas.test.ts",
          "beforeHooks": [],
          "afterHooks": [],
          "tests": [
            {
              "title": "should parse all blocks with no errors",
              "fullTitle": "initDirectories should parse all blocks with no errors",
              "timedOut": false,
              "duration": 2,
              "state": "passed",
              "speed": "fast",
              "pass": true,
              "fail": false,
              "pending": false,
              "context": null,
              "code": "_1.initDirectories.should.not.throw()",
              "err": {},
              "uuid": "b95ba5f0-529e-4a0b-a0c3-859451795cc8",
              "parentUUID": "bc9932a2-1dc0-413a-bdce-d7262404c478",
              "isHook": false,
              "skipped": false
            },
            {
              "title": "should produce primary, second & minor directories",
              "fullTitle": "initDirectories should produce primary, second & minor directories",
              "timedOut": false,
              "duration": 1,
              "state": "passed",
              "speed": "fast",
              "pass": true,
              "fail": false,
              "pending": false,
              "context": null,
              "code": "const directories = _1.initDirectories();\ndirectories.should.have.property(\"primary\");\ndirectories.should.have.property(\"second\");\ndirectories.should.have.property(\"minor\");",
              "err": {},
              "uuid": "85c90150-4b66-4845-a49f-405c390c6b92",
              "parentUUID": "bc9932a2-1dc0-413a-bdce-d7262404c478",
              "isHook": false,
              "skipped": false
            }
          ],
          "suites": [],
          "passes": [
            "b95ba5f0-529e-4a0b-a0c3-859451795cc8",
            "85c90150-4b66-4845-a49f-405c390c6b92"
          ],
          "failures": [],
          "pending": [],
          "skipped": [],
          "duration": 3,
          "root": false,
          "rootEmpty": false,
          "_timeout": 2000
        },
        {
          "uuid": "76b4abcc-c4ee-4a25-a901-bc9ead304ff8",
          "title": "blockSchema",
          "fullFile": "/home/runner/work/planwithus-lib/planwithus-lib/src/block/schemas.test.ts",
          "file": "/src/block/schemas.test.ts",
          "beforeHooks": [],
          "afterHooks": [],
          "tests": [
            {
              "title": "should validate valid block",
              "fullTitle": "blockSchema should validate valid block",
              "timedOut": false,
              "duration": 136,
              "state": "passed",
              "speed": "slow",
              "pass": true,
              "fail": false,
              "pending": false,
              "context": "[\n  {\n    \"title\": \"block sample 0\",\n    \"value\": {\n      \"ay\": 2023,\n      \"match\": [\n        {\n          \"and\": [\n            {\n              \"and\": [\n                {\n                  \"and\": [\n                    \"IJ2939\",\n                    \"KU1*0*\",\n                    \"TA383K\",\n                    {\n                      \"and\": [\n                        \"DOD9\",\n                        \"LV838S\",\n                        \"ISH8V\",\n                        \"FDM6M\"\n                      ]\n                    },\n                    {\n                      \"pattern\": \"SN4*4\",\n                      \"exclude\": \"WI503\",\n                      \"info\": \"c]^p0ep\"\n                    }\n                  ]\n                }\n              ]\n            }\n          ]\n        },\n        \"EF2\"\n      ],\n      \"url\": \"http://5bfpq8ztjwi3.f.fl9-wpe-8bpzn2mv.vmp7k8gzp5wjms7ecufxxkdoff697ejjvcuj---avw1b2kam03h0d8.dd/'PS7CT%F1%BA%A9%85/G\",\n      \"info\": \"&\",\n      \"E_Jb\": {\n        \"name\": \"\",\n        \"ay\": 2008,\n        \"assign\": \"dS w~[>S\",\n        \"match\": [\n          {\n            \"or\": [\n              {\n                \"or\": [\n                  {\n                    \"and\": [\n                      {\n                        \"and\": [\n                          \"RBH*5\",\n                          \"RSG94*S\",\n                          \"QUY598xD\",\n                          \"HD952x\"\n                        ]\n                      },\n                      \"BJY32\",\n                      \"QPN69\"\n                    ]\n                  },\n                  \"WG9xxU\",\n                  \"IMS7793\",\n                  \"DCx24J\",\n                  \"IU*82\"\n                ]\n              },\n              {\n                \"pattern\": \"LDE03xO\",\n                \"exclude\": [\n                  \"EBY94Z\"\n                ]\n              },\n              {\n                \"or\": [\n                  \"DPR272\"\n                ]\n              },\n              {\n                \"and\": [\n                  {\n                    \"and\": []\n                  },\n                  {\n                    \"pattern\": \"MS7\",\n                    \"exclude\": \"GNx743V\",\n                    \"info\": \"Fm\"\n                  },\n                  \"DGW46\",\n                  {\n                    \"pattern\": \"TZ*98\",\n                    \"exclude\": \"NUC21\",\n                    \"info\": \"Nf?ndH[`\"\n                  }\n                ]\n              },\n              {\n                \"or\": [\n                  \"WIV5M\",\n                  {\n                    \"or\": [\n                      {\n                        \"pattern\": \"AB9xG\",\n                        \"exclude\": [\n                          \"MBE*345Y\",\n                          \"BUF39H\",\n                          \"RRE86xI\"\n                        ],\n                        \"info\": \"/\"\n                      },\n                      {\n                        \"or\": [\n                          \"ST24\"\n                        ]\n                      },\n                      \"VOM4*8L\",\n                      {\n                        \"or\": [\n                          \"YJ307S\",\n                          \"BVM*6P\"\n                        ]\n                      },\n                      \"RCT3xU\"\n                    ]\n                  },\n                  {\n                    \"and\": [\n                      \"WGC5*41\",\n                      {\n                        \"and\": []\n                      },\n                      \"ILx*2\",\n                      {\n                        \"and\": [\n                          \"DMG4x\",\n                          \"ZFD8700Q\",\n                          \"HBD946T\",\n                          \"MWR2\"\n                        ]\n                      }\n                    ]\n                  },\n                  \"GNG961J\",\n                  {\n                    \"and\": [\n                      \"GIx93*\",\n                      {\n                        \"and\": []\n                      }\n                    ]\n                  }\n                ]\n              }\n            ]\n          },\n          {\n            \"pattern\": \"OT9x13Y\",\n            \"info\": \"~T(+F1\"\n          }\n        ],\n        \"satisfy\": \"c\",\n        \"url\": \"http://7.85t1nr7fn2ntz6jnnz3gwb2f65kswj58xvbzra9l1t0l9b556061p4m.6bfbjhd8097.4w-izrs1mx44yhhcudlno9cohy93v4irrdzemwv6y7kxkynog1ytxa.anum//J6-%F3%A9%B1%A8n/USXD,%F3%B4%9E%90./Dl%F2%8E%9D%8BX!OIl4/5%F1%BC%93%A2%F3%83%98%A87/%F2%B1%B7%94p/GjyecO\",\n        \"info\": \"TDA9gZql5}\",\n        \"isSelectable\": true,\n        \"8dqo\": {\n          \"name\": \"{{tWRE}.xa\",\n          \"ay\": 1970,\n          \"match\": [\n            \"WTK9\",\n            {\n              \"pattern\": \"PLK*2T\",\n              \"exclude\": \"NU5011\",\n              \"info\": \"ZoaM?am}2(\"\n            },\n            {\n              \"and\": []\n            }\n          ],\n          \"satisfy\": [\n            {\n              \"and\": [\n                {\n                  \"or\": []\n                },\n                {\n                  \"and\": []\n                },\n                {\n                  \"or\": []\n                }\n              ]\n            }\n          ],\n          \"url\": \"https://vraw2cuceyl6-rst8yae2v4r674iromlmvbghp9h8eg4rxv5req4nxl4j.9gsthvt28t8--f7c7p8dh1-olwkl-8eqn6ot1ouxkt950qaaj-t08irg-k27yoi.vy//tC/zoa/j*JPjU6/%F1%85%99%9C%F0%A7%AE%8EK/Xihf~g7/%F1%BD%BC%93.'&/\",\n          \"info\": \"_kDE]0k\",\n          \"isSelectable\": true\n        },\n        \"\": {\n          \"name\": \"m\",\n          \"ay\": 2029,\n          \"assign\": \"PV\",\n          \"match\": {\n            \"and\": [\n              {\n                \"pattern\": \"BRY2940X\",\n                \"exclude\": [\n                  \"PM84x9H\",\n                  \"WI52*T\",\n                  \"QQ2\"\n                ],\n                \"info\": \"\"\n              }\n            ]\n          },\n          \"satisfy\": {\n            \"mc\": \"<=22\"\n          },\n          \"url\": \"https://xktv-3oc47kdz.twxhq73ug4p8o8751fk37nvu.u.cyfbwnwsin//*%F3%99%BF%BBj&@/'6dvrR/0\",\n          \"info\": \"-'x}vqz[\",\n          \"isSelectable\": true\n        },\n        \"RU'\": {\n          \"name\": \"\",\n          \"assign\": \"+I=zXtGivo\",\n          \"match\": [\n            {\n              \"pattern\": \"MX4H\",\n              \"exclude\": []\n            }\n          ],\n          \"satisfy\": {\n            \"or\": [\n              {\n                \"or\": [\n                  {\n                    \"or\": [\n                      \"p]\",\n                      \"Fl2~AIYs\",\n                      \"j9:q&|\",\n                      \"\",\n                      \"yw(xG\\\\.IO\"\n                    ]\n                  }\n                ]\n              },\n              {\n                \"and\": [\n                  {\n                    \"and\": [\n                      \"4Y1f\",\n                      \"^\\\\\",\n                      {\n                        \"or\": []\n                      },\n                      {\n                        \"and\": [\n                          {\n                            \"and\": []\n                          }\n                        ]\n                      },\n                      {\n                        \"mc\": \"<=75\"\n                      }\n                    ]\n                  },\n                  \"bC<6F/\",\n                  {\n                    \"mc\": \"<=32\"\n                  },\n                  \"jQgI=\",\n                  \"x_Qi+>i\"\n                ]\n              },\n              {\n                \"or\": []\n              },\n              {\n                \"mc\": \">=82\"\n              },\n              \"\"\n            ]\n          },\n          \"url\": \"http://1xgmqn6az7o3-sb7k6b-s6mu1cfodt1yw47psi7.ou5a1st9055vxoeqor917r.yuf17qjerh0qh3.g.t.ewnkfyr/l%F0%9C%9A%8A%F3%85%A2%BBsMq%F2%AF%98%AD-/MKKl/uO)0UDSn/mM%F3%B4%BE%AAw/io%F2%AE%BE%A3wd%F1%97%B8%B2Pdo/coQttF6gkN\",\n          \"isSelectable\": true\n        },\n        \";kfcv~\": {\n          \"name\": \"!URz`+.8\",\n          \"ay\": 1992,\n          \"assign\": [],\n          \"match\": \"AQ843Z\",\n          \"satisfy\": {\n            \"mc\": \"<=33\"\n          },\n          \"url\": \"https://h.gpix/Z_Z/!Bi$\",\n          \"info\": \"G~\",\n          \"isSelectable\": true\n        }\n      },\n      \",nQd\": {\n        \"name\": \"{ +\",\n        \"ay\": 1951,\n        \"match\": \"AW265Z\",\n        \"satisfy\": [\n          {\n            \"or\": []\n          },\n          \"wqky\",\n          \"iqG\",\n          \"J:XWa4Z\"\n        ],\n        \"isSelectable\": true\n      },\n      \"GAou^PR;8\": {\n        \"name\": \"o_i!2:za\",\n        \"ay\": 1968,\n        \"assign\": \"@q3:1\",\n        \"match\": {\n          \"or\": [\n            {\n              \"pattern\": \"VS965B\",\n              \"exclude\": \"AL769\",\n              \"info\": \"\"\n            },\n            {\n              \"or\": []\n            },\n            {\n              \"pattern\": \"PJ*78\",\n              \"info\": \"ou\"\n            }\n          ]\n        },\n        \"satisfy\": [\n          {\n            \"and\": [\n              {\n                \"and\": [\n                  {\n                    \"or\": [\n                      {\n                        \"or\": [\n                          \"\",\n                          \"4:=M1?\",\n                          \"qWE(\",\n                          \"+E\",\n                          \"X8!>\"\n                        ]\n                      },\n                      {\n                        \"mc\": \"<=64\"\n                      }\n                    ]\n                  },\n                  \"k\",\n                  \")OZd&LVtnx\",\n                  {\n                    \"mc\": \"<=139\"\n                  },\n                  \"pY\"\n                ]\n              },\n              {\n                \"and\": [\n                  \"Nta\",\n                  {\n                    \"mc\": \">=138\"\n                  },\n                  \"q+<Lybxg\",\n                  {\n                    \"or\": [\n                      {\n                        \"or\": [\n                          \"pb)\",\n                          \"*QsGM|1Q\",\n                          \"&G3F*Qm\",\n                          {\n                            \"and\": [\n                              {\n                                \"and\": [\n                                  \"\",\n                                  \"^6JT\"\n                                ]\n                              },\n                              \"\"\n                            ]\n                          },\n                          \"P\"\n                        ]\n                      },\n                      {\n                        \"or\": [\n                          \"%\"\n                        ]\n                      },\n                      {\n                        \"and\": [\n                          \"NMEZ:bv\",\n                          \"s\",\n                          \"Y*W\",\n                          {\n                            \"and\": [\n                              \"pTy4-\",\n                              {\n                                \"and\": [\n                                  {\n                                    \"mc\": \">=107\"\n                                  },\n                                  \"DbUk(,\",\n                                  \"#$WWV\"\n                                ]\n                              },\n                              \"eswvD\",\n                              {\n                                \"and\": [\n                                  {\n                                    \"or\": [\n                                      \"EZ-u{pT%B9\"\n                                    ]\n                                  },\n                                  \"ci]>;~2[\",\n                                  \"LD((\"\n                                ]\n                              }\n                            ]\n                          }\n                        ]\n                      },\n                      {\n                        \"and\": [\n                          {\n                            \"mc\": \"<=154\"\n                          },\n                          \"*h WBd0zru\"\n                        ]\n                      }\n                    ]\n                  },\n                  \">8.eU7g\"\n                ]\n              },\n              {\n                \"or\": []\n              }\n            ]\n          },\n          \"\\\"7yg<Yj\",\n          {\n            \"mc\": \"<=48\"\n          }\n        ],\n        \"url\": \"http://o.y.ym/ioCb%F1%88%8B%A9I2Bh/&//RQx2/qTsQe~goV/MEsGK%F1%81%83%8F\",\n        \"info\": \"H Bl&\",\n        \"isSelectable\": true\n      }\n    }\n  },\n  {\n    \"title\": \"block sample 1\",\n    \"value\": {\n      \"name\": \"!!)\",\n      \"ay\": 1954,\n      \"assign\": \"pf2-WCc?\",\n      \"match\": [\n        {\n          \"and\": [\n            \"COQ09x6C\",\n            \"AOF8P\",\n            {\n              \"and\": [\n                {\n                  \"or\": [\n                    \"VPA247xM\",\n                    \"DU6x99\",\n                    {\n                      \"or\": [\n                        \"TGJ2\",\n                        \"UST09\",\n                        \"LI26H\",\n                        \"MAR373O\",\n                        \"BWP89x\"\n                      ]\n                    },\n                    {\n                      \"pattern\": \"DZQ6*0T\",\n                      \"exclude\": \"BX1\",\n                      \"info\": \"}eUH$5ZVy6\"\n                    }\n                  ]\n                },\n                \"CBJ3807W\",\n                \"ZSQ76*7\",\n                \"HUTx83C\"\n              ]\n            },\n            \"LQ*510\",\n            {\n              \"and\": [\n                \"YBV6x43\",\n                \"WC60\",\n                {\n                  \"or\": [\n                    \"ZBB89xA\",\n                    \"ZJ3\",\n                    \"ZPZ39xR\"\n                  ]\n                }\n              ]\n            }\n          ]\n        }\n      ],\n      \"satisfy\": \"@:/\",\n      \"url\": \"http://bffuaguf5eg67t18.g.zdmexyva/j*I/%F3%84%8D%91I8uYQ~-'/%F3%87%BD%B6G/grFYsCP(l2/.4u_%F2%A7%A1%83GQF!/EO\",\n      \"info\": \"de'\\\\\",\n      \"isSelectable\": true,\n      \"xY\": {\n        \"ay\": 1955,\n        \"assign\": [],\n        \"match\": {\n          \"pattern\": \"QJ69\",\n          \"exclude\": []\n        },\n        \"url\": \"http://f.veq6jxx.5z3.aaz/hgJLmD8W%F4%8D%B0%A3)/-R\",\n        \"info\": \"}N01{mO&E\",\n        \"isSelectable\": true\n      },\n      \"&{&y\\\\%}\": {\n        \"ay\": 1955,\n        \"assign\": \"dQT\",\n        \"match\": [\n          {\n            \"pattern\": \"PI24\",\n            \"exclude\": \"HQ89\",\n            \"info\": \"\"\n          },\n          {\n            \"or\": []\n          }\n        ],\n        \"satisfy\": \"`\",\n        \"url\": \"http://a8bm04.ca-btlfkara7ftt9xf1e8cea6lacn88e6e115dql822eb2vjba5fm.ea.ce5tr7aea5nar0kd9aobdac69o7vdddfy9c9tibbck77g76nc-p77bal8.zxajgf/=(/%345yD/7ORP*jiB9s/qCKK%F3%9E%8C%920/+M/se*\",\n        \"info\": \"\",\n        \"isSelectable\": true\n      },\n      \"$i\": {\n        \"name\": \"fx_WL]\",\n        \"ay\": 1959,\n        \"assign\": [],\n        \"satisfy\": \"Wc\\\"&~\",\n        \"url\": \"https://fckf85m5mteoyilschf8kh8y-ed0ff.0i7udincnvrvdp0pd4il40sxeaw02tv7g75xine6q63odafaq9aie4ldzwi665.bexc/UQd/741:WT/%F0%9C%88%84W\",\n        \"info\": \"r\",\n        \"isSelectable\": true,\n        \"!\": {\n          \"name\": \"%M \",\n          \"ay\": 2027,\n          \"assign\": \"wrla/\",\n          \"match\": [\n            {\n              \"and\": [\n                {\n                  \"or\": [\n                    {\n                      \"and\": [\n                        {\n                          \"or\": [\n                            \"QIZx502\",\n                            \"BIX5507C\"\n                          ]\n                        },\n                        \"IR415xB\",\n                        \"JAR739\",\n                        \"AP6\"\n                      ]\n                    },\n                    \"HXK*1N\"\n                  ]\n                },\n                {\n                  \"or\": [\n                    \"MP9523\",\n                    \"HJC*4\",\n                    \"VO513F\",\n                    {\n                      \"or\": [\n                        {\n                          \"and\": [\n                            \"ED9623S\",\n                            \"KCR57x\",\n                            \"SLC529M\",\n                            \"QGS15*\",\n                            \"UE*1x*\"\n                          ]\n                        },\n                        {\n                          \"pattern\": \"IX64\",\n                          \"info\": \"A`T,0\"\n                        }\n                      ]\n                    },\n                    \"HE89xJ\"\n                  ]\n                },\n                {\n                  \"and\": []\n                },\n                \"GTW707\"\n              ]\n            },\n            \"SQK20X\",\n            {\n              \"and\": [\n                {\n                  \"or\": [\n                    {\n                      \"pattern\": \"KGT5\",\n                      \"exclude\": [\n                        \"ZQ0Y\",\n                        \"YXV7E\"\n                      ],\n                      \"info\": \" j_bt:\"\n                    }\n                  ]\n                },\n                {\n                  \"or\": [\n                    {\n                      \"and\": [\n                        \"TX83M\",\n                        \"ZP9191\",\n                        \"EPAx1\",\n                        \"YFT5xx3B\",\n                        \"XQ*\"\n                      ]\n                    },\n                    {\n                      \"pattern\": \"MZC9*3\",\n                      \"exclude\": [],\n                      \"info\": \"W{u uM\"\n                    }\n                  ]\n                }\n              ]\n            }\n          ],\n          \"satisfy\": {\n            \"or\": [\n              \"4<\"\n            ]\n          },\n          \"url\": \"https://er812cf7ae78v.71fkp4-bljak5jyh7d-xaq6ymob-em010nteabcsd1l8m59q48e-4qvh-qx.dsyd/J=t%E4%B8%98*qmb%F4%81%A0%889/e=,vJ:Yev~/%F3%A2%80%82NSA5/%F3%9C%93%AEwb/W:6LOYL/j:0/F+%F2%91%9A%85+Nqe:\",\n          \"info\": \"\",\n          \"isSelectable\": true,\n          \"37s>&\\\".Hp\": {\n            \"name\": \"8\",\n            \"ay\": 1955,\n            \"assign\": [],\n            \"match\": {\n              \"or\": [\n                {\n                  \"pattern\": \"OKx8\",\n                  \"exclude\": \"ZTX538J\",\n                  \"info\": \"ht\"\n                },\n                {\n                  \"and\": []\n                },\n                {\n                  \"or\": [\n                    \"TGNx\"\n                  ]\n                },\n                \"DRW6x97Y\"\n              ]\n            },\n            \"satisfy\": [\n              {\n                \"or\": [\n                  {\n                    \"or\": [\n                      {\n                        \"or\": []\n                      }\n                    ]\n                  },\n                  {\n                    \"and\": [\n                      {\n                        \"and\": []\n                      },\n                      \"&\",\n                      {\n                        \"and\": []\n                      },\n                      {\n                        \"mc\": \">=149\"\n                      }\n                    ]\n                  },\n                  {\n                    \"or\": []\n                  }\n                ]\n              }\n            ],\n            \"url\": \"https://v8i3ifriccqu28mu97e.b3av0fkvyzay1utky9-169e9fspz6svzc-uhm5xs-lcakzedryi0z.kyfabpriotua.ayrg/j/6Mm7%F2%AD%87%ACE8/p=%EF%91%9E/0*f_%E6%88%B6ZKl%F2%95%89%A6T/&&%F4%8C%9C%BA6YdQ07/Gjobm/H/4y!7'bJbjQ/DSF\",\n            \"isSelectable\": true\n          },\n          \"S;:30)M=\": {\n            \"name\": \"`Q$P`X\",\n            \"ay\": 1969,\n            \"assign\": [\n              \".*\\\\!>UA,Mb\",\n              \"a)*A~k_XyN\",\n              \"T,rRet=M\"\n            ],\n            \"match\": [\n              \"LUK6826\",\n              \"IZY4191H\"\n            ],\n            \"url\": \"http://r.pxzc8hwg2wk1p7sd2s3fg-yldve9pg1f0hta4e.7drvh3.ga7vx51ms54pdpz0v18nyptno4pk767hru-b1b7wht733slhc.vdkx01e1ppiwgd9y1za6o0yyp9i-9u65-4ht6bqxpuw1jxs1eh9kh.gujdbiv/Dor0\",\n            \"isSelectable\": true\n          }\n        }\n      }\n    }\n  },\n  {\n    \"title\": \"block sample 2\",\n    \"value\": {\n      \"name\": \"_\",\n      \"assign\": \"\",\n      \"match\": {\n        \"or\": [\n          {\n            \"or\": [\n              \"DR811K\",\n              \"XUP2\",\n              {\n                \"or\": [\n                  {\n                    \"or\": [\n                      \"AQ2*1R\",\n                      \"AZP7L\",\n                      \"JWJ917I\",\n                      \"RQ99D\",\n                      \"ER1496T\"\n                    ]\n                  }\n                ]\n              },\n              {\n                \"pattern\": \"WN18\",\n                \"exclude\": \"LA75\",\n                \"info\": \",'[R\"\n              }\n            ]\n          },\n          {\n            \"or\": [\n              \"MQ94*7C\",\n              {\n                \"or\": [\n                  {\n                    \"or\": [\n                      \"JTV484A\",\n                      \"QS7781\"\n                    ]\n                  }\n                ]\n              }\n            ]\n          },\n          \"NZV39\",\n          \"DW6590T\",\n          {\n            \"pattern\": \"BBD21B\",\n            \"exclude\": [\n              \"EJD5287\",\n              \"QBW74L\"\n            ]\n          }\n        ]\n      },\n      \"satisfy\": {\n        \"and\": [\n          {\n            \"mc\": \">=1\"\n          }\n        ]\n      },\n      \"url\": \"http://jas7h8007a8n3wlin1rthv3ry5b1jg2n1c8se9r.qawjf/wbp%F1%87%BA%9C)LJs!/4KYdvg/F/kNg6/%F2%85%89%82QN.$=rE''/%F1%88%A9%90%F0%98%B9%9F/lk9Z/m~D=L\",\n      \"info\": \"L#\",\n      \"isSelectable\": true\n    }\n  },\n  {\n    \"title\": \"block sample 3\",\n    \"value\": {\n      \"name\": \">lZG0)@E\",\n      \"ay\": 2006,\n      \"assign\": \"~y\",\n      \"match\": \"GEx\",\n      \"satisfy\": [\n        {\n          \"or\": [\n            {\n              \"or\": [\n                {\n                  \"or\": [\n                    {\n                      \"or\": [\n                        \"u\"\n                      ]\n                    }\n                  ]\n                },\n                {\n                  \"mc\": \"<=64\"\n                }\n              ]\n            }\n          ]\n        },\n        {\n          \"or\": [\n            {\n              \"and\": []\n            },\n            {\n              \"or\": []\n            },\n            {\n              \"mc\": \"<=3\"\n            },\n            {\n              \"and\": [\n                {\n                  \"or\": [\n                    {\n                      \"and\": [\n                        \"qjI,V\",\n                        {\n                          \"or\": [\n                            \"fc\",\n                            \"TDsxXsS\",\n                            \"Bbn-N\",\n                            \"\",\n                            \"W`19%eL`n\"\n                          ]\n                        },\n                        {\n                          \"mc\": \">=162\"\n                        }\n                      ]\n                    },\n                    \"Ux)m[\"\n                  ]\n                }\n              ]\n            }\n          ]\n        },\n        {\n          \"or\": [\n            {\n              \"mc\": \"<=3\"\n            },\n            {\n              \"mc\": \"<=69\"\n            }\n          ]\n        },\n        \";>tMbC\",\n        {\n          \"mc\": \"<=129\"\n        }\n      ],\n      \"url\": \"http://ns2e-m5-lz4ipr54a4epd0tygz1cmme25lnu1ky-ur5.fn6swt650qy2xkpqyg-fzdfj.qbky\",\n      \"info\": \"Uqv=HE;\",\n      \"isSelectable\": true\n    }\n  },\n  {\n    \"title\": \"block sample 4\",\n    \"value\": {\n      \"ay\": 1956,\n      \"match\": [\n        {\n          \"or\": []\n        }\n      ],\n      \"url\": \"https://2.ic7u8w0xzrpvyem1wfs-jy1sxadyvetx89gwuetjk64.5aoypu8q2fi6w5gsek96877eazatjx8gbrfs.gqupduxgb/+c/gYoudXiMg/5j7Ql\",\n      \"info\": \"TT'*[y$\",\n      \"isSelectable\": true\n    }\n  },\n  {\n    \"title\": \"block sample 5\",\n    \"value\": {\n      \"name\": \"hU6~c;\",\n      \"ay\": 1950,\n      \"assign\": [],\n      \"match\": [\n        {\n          \"or\": [\n            \"MVx\",\n            {\n              \"and\": []\n            },\n            {\n              \"and\": [\n                \"MX8\",\n                \"IO5496\",\n                \"BSX170C\",\n                {\n                  \"and\": [\n                    {\n                      \"pattern\": \"LN46*Y\",\n                      \"exclude\": [\n                        \"DM486\",\n                        \"FBK91H\",\n                        \"EKY274\",\n                        \"LRP6\",\n                        \"DQT9791\"\n                      ]\n                    },\n                    \"LPK45C\"\n                  ]\n                }\n              ]\n            }\n          ]\n        },\n        {\n          \"and\": [\n            {\n              \"pattern\": \"MZ9*4\",\n              \"exclude\": [\n                \"DZ89*xD\",\n                \"YN6701\"\n              ],\n              \"info\": \"F\"\n            },\n            {\n              \"pattern\": \"YZU336\",\n              \"info\": \"Ym=gKa%7cc\"\n            },\n            {\n              \"and\": [\n                {\n                  \"and\": []\n                },\n                {\n                  \"pattern\": \"BV470*N\",\n                  \"exclude\": [\n                    \"GOC*\",\n                    \"YY7X\",\n                    \"EY31\",\n                    \"IEx62*\"\n                  ],\n                  \"info\": \"f9;\"\n                },\n                \"PQF9G\",\n                \"SZ905B\",\n                {\n                  \"or\": []\n                }\n              ]\n            }\n          ]\n        },\n        \"KJT3\"\n      ],\n      \"satisfy\": [\n        \"}az\",\n        {\n          \"mc\": \">=6\"\n        }\n      ],\n      \"info\": \"#%!\"\n    }\n  },\n  {\n    \"title\": \"block sample 6\",\n    \"value\": {\n      \"name\": \"$$&8\",\n      \"assign\": \"yx\",\n      \"match\": \"LI4x*6O\",\n      \"satisfy\": {\n        \"mc\": \">=55\"\n      },\n      \"url\": \"https://2klaspettmwatx9y02jzbma74ln2wlgiunssv0upi.b--c0rqibod-7ljdgrrdcx97epsy14n3cuht5i6pvc1ekmui6g900hnd34w.jzj3tju201i3rwzs1cjkl-8-u-z9dpkdylg10ktbtcms9fclr.p8gy8.foyvqxyjqyp0ien7vuvvdmyx2tys8fbm37re1kd13zenc0qe7z1w8kg2a8nvf9.afswxsvb/NstMo7g\",\n      \"info\": \"O0XV?>#4=F\",\n      \"isSelectable\": true,\n      \"\\\\K5\\\"uzwp\": {\n        \"name\": \"Np]S#~8\",\n        \"ay\": 2000,\n        \"satisfy\": {\n          \"mc\": \"<=83\"\n        },\n        \"url\": \"http://oep8f8o8.75j102gdf2nojue.xxozsh36c6mwb42kf0is51qi6p99ed83nvsuc7s.qobmplsnpk/y/O%F3%9E%85%B3/g/%F4%8E%92%B54e%F3%AE%98%8Cv!//mI9/j/%EC%82%AFq9%F4%83%86%90%F3%92%83%87s%F3%B1%B4%90i/Ps@vgd2i\",\n        \"info\": \"QVxZ-'&/(2\",\n        \"isSelectable\": true\n      },\n      \"!3Sud\": {\n        \"name\": \"j[{o\",\n        \"ay\": 2010,\n        \"assign\": \"\",\n        \"match\": \"WAA798\",\n        \"satisfy\": [\n          \"b^|!OO\"\n        ],\n        \"url\": \"http://9ytyaaxum4zli1wxysgqxe7eh6s6.hl-tcyc5rnlgdxki5jl2efyo61-xtq3ovpxlooafuw7wztsxi9.yygetgiie/d9,oh/uC%F0%B3%A5%93+'zX4@'/Lw*@/EeFui@i$/ol5Ma/tl;c7,/A/LDH+%F3%BC%AF%95Qm(Z/gcGc+81Y/%F3%8A%8F%BFACOx\",\n        \"info\": \"t^dB\",\n        \"isSelectable\": true\n      },\n      \"_T\": {\n        \"name\": \"(mBX|\\\"+p|\",\n        \"ay\": 1992,\n        \"match\": [\n          \"DD45Y\",\n          {\n            \"pattern\": \"XL1\",\n            \"exclude\": \"COY9x\",\n            \"info\": \"/coZXR_\\\"\"\n          },\n          {\n            \"pattern\": \"IWT6729R\",\n            \"exclude\": [\n              \"CHT64*K\",\n              \"OH495\",\n              \"NP85Z\",\n              \"EWW1x1R\",\n              \"EB418K\"\n            ]\n          },\n          {\n            \"and\": [\n              {\n                \"pattern\": \"JD275\",\n                \"exclude\": \"BUY35*P\",\n                \"info\": \"\\\"R'V^\"\n              },\n              \"NWM*1*\",\n              {\n                \"pattern\": \"MDx53R\",\n                \"exclude\": [],\n                \"info\": \"jX6H2knjOu\"\n              }\n            ]\n          }\n        ],\n        \"satisfy\": [\n          {\n            \"mc\": \"<=134\"\n          },\n          {\n            \"mc\": \">=58\"\n          },\n          \"5|=i[PcO\",\n          {\n            \"mc\": \">=108\"\n          },\n          {\n            \"and\": []\n          }\n        ],\n        \"url\": \"https://x9q9veaidwrhy7ove9xtuf8mq7gxvh79sohyrmcihia-cq5kk5iq.rbwe6l2m2alt1-idfs6npcg2bv82ltduzos5xa10f76i.lxopjonk/6-%F3%A1%B8%A5_Cy/577a/vTZ%F0%92%AD%8AbJ)5/!W%F3%A8%A2%82/RpTOn%F1%9A%8F%A8A7Mg/g7!/Y%F2%B9%8F%9F@RmC/9J7%F3%BB%8C%82B/b-qpea5eC%F0%AA%8D%83/oP%F2%88%8A%B1mQCP7\",\n        \"info\": \"{_d\",\n        \"isSelectable\": true\n      }\n    }\n  },\n  {\n    \"title\": \"block sample 7\",\n    \"value\": {\n      \"name\": \"O+EMR.\",\n      \"ay\": 2028,\n      \"assign\": [\n        \"FL<\",\n        \"sscwh}$\"\n      ],\n      \"match\": {\n        \"or\": []\n      },\n      \"satisfy\": [\n        {\n          \"and\": [\n            {\n              \"mc\": \">=42\"\n            },\n            {\n              \"and\": [\n                {\n                  \"mc\": \"<=49\"\n                },\n                {\n                  \"and\": [\n                    {\n                      \"or\": []\n                    },\n                    \"3}-]'b\",\n                    {\n                      \"mc\": \">=58\"\n                    },\n                    {\n                      \"and\": [\n                        \"R\"\n                      ]\n                    }\n                  ]\n                },\n                \"`c\\\\\",\n                {\n                  \"and\": [\n                    {\n                      \"or\": [\n                        {\n                          \"and\": [\n                            \"4\",\n                            \"1h*ma\"\n                          ]\n                        },\n                        \">+PQz;Tw\",\n                        \"\",\n                        {\n                          \"or\": [\n                            \"pDFB^)R\",\n                            \"&G]B<\",\n                            \"6\",\n                            \"\",\n                            \"SG\"\n                          ]\n                        },\n                        \"e)\"\n                      ]\n                    },\n                    \"\",\n                    {\n                      \"mc\": \"<=4\"\n                    },\n                    {\n                      \"and\": [\n                        \"\",\n                        {\n                          \"mc\": \"<=14\"\n                        },\n                        \"6Cq\",\n                        {\n                          \"and\": [\n                            \"& 6cS;JoG[\",\n                            \"^9\",\n                            \"|1o2xZ3%\",\n                            \">5ymA<*u$s\"\n                          ]\n                        }\n                      ]\n                    }\n                  ]\n                },\n                {\n                  \"mc\": \">=145\"\n                }\n              ]\n            },\n            {\n              \"mc\": \"<=44\"\n            }\n          ]\n        },\n        {\n          \"or\": [\n            {\n              \"mc\": \">=90\"\n            }\n          ]\n        },\n        \"}x\",\n        {\n          \"mc\": \">=5\"\n        },\n        {\n          \"mc\": \"<=40\"\n        }\n      ],\n      \"info\": \"\",\n      \"isSelectable\": true,\n      \"+v9,>T'53\": {\n        \"ay\": 2003,\n        \"assign\": [\n          \"o2b\\\"d`d\",\n          \"n \\\\jO~)~\",\n          \"/\",\n          \"`@/i@9V\\\\\",\n          \"Xg$=npuU\"\n        ],\n        \"match\": {\n          \"and\": []\n        },\n        \"satisfy\": [\n          \"=\",\n          {\n            \"or\": [\n              \"G'}yMg8\\\"<\",\n              {\n                \"or\": []\n              },\n              \"\",\n              {\n                \"or\": [\n                  {\n                    \"mc\": \">=81\"\n                  },\n                  \"W8xl\",\n                  {\n                    \"and\": []\n                  },\n                  {\n                    \"or\": [\n                      \"\\\"w^['OZrq\",\n                      \"\"\n                    ]\n                  },\n                  \"c\"\n                ]\n              },\n              {\n                \"and\": [\n                  {\n                    \"or\": [\n                      \"YJ\\\\\",\n                      {\n                        \"mc\": \"<=53\"\n                      },\n                      \"Fd\",\n                      \"_ew\"\n                    ]\n                  }\n                ]\n              }\n            ]\n          },\n          \"uL|^j0l\",\n          {\n            \"and\": []\n          },\n          \"i\"\n        ],\n        \"info\": \"}9g\",\n        \"isSelectable\": true,\n        \"CEKVd9g>G\": {\n          \"name\": \"8c\",\n          \"ay\": 2014,\n          \"assign\": [],\n          \"match\": [\n            {\n              \"and\": [\n                \"NCEx248Y\",\n                {\n                  \"or\": [\n                    {\n                      \"pattern\": \"UVSx10x\"\n                    },\n                    {\n                      \"pattern\": \"ES7\"\n                    },\n                    \"TAI2\",\n                    {\n                      \"or\": [\n                        \"QIx7*\",\n                        \"LMN11\",\n                        {\n                          \"pattern\": \"FVK5J\",\n                          \"exclude\": \"MVV*613N\",\n                          \"info\": \" \\\\a6<\"\n                        },\n                        \"RDx6C\",\n                        {\n                          \"and\": [\n                            \"LH5\",\n                            {\n                              \"or\": [\n                                \"FMx\",\n                                {\n                                  \"pattern\": \"NZx924E\",\n                                  \"info\": \"F4JwBK\"\n                                },\n                                \"HILx3I\",\n                                \"UF4\",\n                                \"FVC975T\"\n                              ]\n                            }\n                          ]\n                        }\n                      ]\n                    }\n                  ]\n                },\n                {\n                  \"and\": [\n                    \"CCM6L\"\n                  ]\n                },\n                {\n                  \"and\": [\n                    {\n                      \"and\": [\n                        \"CF1W\",\n                        {\n                          \"or\": [\n                            \"BJ1697N\",\n                            {\n                              \"or\": []\n                            }\n                          ]\n                        },\n                        {\n                          \"and\": [\n                            \"AH1V\",\n                            \"GDB8*S\",\n                            {\n                              \"pattern\": \"AB936F\",\n                              \"exclude\": [],\n                              \"info\": \"N \"\n                            },\n                            \"KM39x\",\n                            {\n                              \"pattern\": \"KR404\",\n                              \"exclude\": \"EJ4172\",\n                              \"info\": \"<\\\"\"\n                            }\n                          ]\n                        },\n                        {\n                          \"pattern\": \"JKS35T\",\n                          \"exclude\": [\n                            \"OFY1V\",\n                            \"ERR4\",\n                            \"ICJx\",\n                            \"UA689Q\"\n                          ],\n                          \"info\": \"\\\\'.Q|Oy?Bz\"\n                        },\n                        \"KPE38\"\n                      ]\n                    }\n                  ]\n                }\n              ]\n            }\n          ],\n          \"satisfy\": {\n            \"or\": [\n              {\n                \"mc\": \">=5\"\n              }\n            ]\n          },\n          \"url\": \"http://5m09vhat21iygtbvd.xuuua7oi8baqwr1c5ikbyfnhz9fj4w4en9ofwe12hfmky.8.hbbur\",\n          \"info\": \"T!qzx\",\n          \"isSelectable\": true,\n          \":t/PDo\": {\n            \"name\": \"gw\\\"jm\",\n            \"ay\": 2005,\n            \"assign\": \"DmtN*|&\",\n            \"url\": \"http://3.gipembyk29hpsdj17m6gbiboy839olzt3789rpxicnf7j1bfetb68s1zt.7rxw--cnmjs2yk9xvn5jhwujbbym-4nipwa2x80pyy1w.gsglixl50cea-yze.btcalw/Ia/3(4%F0%95%B6%9Bs%F3%91%BF%92&c8K/1$ioX~/B/0Yk3M.w/\",\n            \"info\": \"{W*(gkSc\",\n            \"isSelectable\": true\n          },\n          \"f_'\": {\n            \"name\": \"=\",\n            \"ay\": 1970,\n            \"assign\": [],\n            \"match\": [\n              {\n                \"and\": [\n                  {\n                    \"pattern\": \"XV00\",\n                    \"exclude\": \"EQY4759M\",\n                    \"info\": \"{\"\n                  }\n                ]\n              },\n              {\n                \"or\": [\n                  {\n                    \"pattern\": \"EGY10\",\n                    \"exclude\": \"VZ146\",\n                    \"info\": \"s\"\n                  },\n                  {\n                    \"pattern\": \"ZC8\",\n                    \"exclude\": \"EY54\",\n                    \"info\": \"t\\\"L\"\n                  },\n                  \"TZE7V\",\n                  \"VQ199*E\",\n                  {\n                    \"or\": [\n                      {\n                        \"and\": []\n                      }\n                    ]\n                  }\n                ]\n              },\n              {\n                \"pattern\": \"OR8\",\n                \"info\": \"Z7,~u\"\n              }\n            ],\n            \"satisfy\": {\n              \"or\": [\n                {\n                  \"and\": [\n                    \"PV_&#Z?J\",\n                    {\n                      \"and\": [\n                        \"6eM\",\n                        \"\",\n                        \"=|i!V6*\",\n                        {\n                          \"or\": [\n                            \"~=$iXJ^\",\n                            \"x,$E}%\",\n                            {\n                              \"and\": [\n                                \"cy\",\n                                \"1;;/xlu\\\"A\",\n                                \"g4i\",\n                                \",P5'T2HE\"\n                              ]\n                            },\n                            {\n                              \"or\": [\n                                \"#\"\n                              ]\n                            }\n                          ]\n                        }\n                      ]\n                    }\n                  ]\n                },\n                {\n                  \"or\": [\n                    {\n                      \"or\": []\n                    }\n                  ]\n                },\n                {\n                  \"or\": [\n                    \"4\"\n                  ]\n                },\n                {\n                  \"mc\": \"<=72\"\n                }\n              ]\n            },\n            \"url\": \"http://7lxke.j4s7.si2jqngkm1v4rzwme4qt2wumrfm6v.zl80cixi1k-3f.u60wevo0fh15bnab8inn7i-vbvwdok2ni7wwcsg5.lijxys/:3Yr+fK2/c)&ogiI6%F4%8D%9A%90N/\",\n            \"info\": \"=6n\",\n            \"isSelectable\": true\n          }\n        },\n        \"Ny/>=qI_k\": {\n          \"name\": \"K#\",\n          \"ay\": 1971,\n          \"assign\": \"#:)J-\",\n          \"match\": [\n            {\n              \"pattern\": \"QF642\",\n              \"exclude\": [\n                \"KRxV\",\n                \"HU11N\",\n                \"KFN362\",\n                \"IJPx57T\",\n                \"YXB9\"\n              ],\n              \"info\": \"I\\\"p`!e\"\n            },\n            {\n              \"pattern\": \"FQH45S\",\n              \"exclude\": [\n                \"GF8700W\",\n                \"HDx67\",\n                \"DP568M\",\n                \"ZW0460\",\n                \"VUA82Y\"\n              ],\n              \"info\": \"\"\n            },\n            {\n              \"and\": [\n                {\n                  \"or\": [\n                    {\n                      \"pattern\": \"YTF5\",\n                      \"exclude\": \"QL4*B\",\n                      \"info\": \"*\"\n                    }\n                  ]\n                },\n                {\n                  \"pattern\": \"UPD*\",\n                  \"exclude\": [\n                    \"QEI146\",\n                    \"FY700L\",\n                    \"MA*48G\"\n                  ],\n                  \"info\": \"xp4\"\n                },\n                {\n                  \"and\": [\n                    {\n                      \"or\": [\n                        {\n                          \"and\": []\n                        },\n                        \"CYM041\",\n                        \"GK50\",\n                        {\n                          \"or\": [\n                            \"YJR34E\",\n                            \"ZFF8*\",\n                            \"FK1724\"\n                          ]\n                        },\n                        {\n                          \"pattern\": \"MF8Z\",\n                          \"exclude\": [\n                            \"HXO476L\",\n                            \"BON817\"\n                          ],\n                          \"info\": \"1]9<ck~[I\"\n                        }\n                      ]\n                    }\n                  ]\n                },\n                \"NE903C\"\n              ]\n            }\n          ],\n          \"satisfy\": {\n            \"and\": [\n              {\n                \"and\": [\n                  {\n                    \"or\": []\n                  },\n                  \"1\\\"1t\\\"Ak\",\n                  {\n                    \"or\": []\n                  },\n                  \"~a\\\"f3\"\n                ]\n              },\n              \"\",\n              {\n                \"or\": [\n                  {\n                    \"or\": []\n                  }\n                ]\n              },\n              \"dibpqFD.\"\n            ]\n          },\n          \"url\": \"https://tzvdn9x89xsn19wptiro4nr13.p234d5ymaom3kxs6s97vfeajbpgqg.fdqo0yn0pjwwzpkzl4o-k5wgjhc1mctdnnxtz5r2trrkm4rjywh94hkrokkw1h.6x5u-uc8y34sxr7f8j3oogj3j2sowankl.t-ry3b8-7o8n9zwlgo2k8k9.djpgfmw/%F2%A5%BC%8B13Y%F4%8F%B1%B6a,/SRj-/ga1H\",\n          \"isSelectable\": true\n        },\n        \"]&Ev*n\": {\n          \"name\": \"K1:Z\",\n          \"ay\": 2003,\n          \"satisfy\": {\n            \"mc\": \">=80\"\n          },\n          \"url\": \"http://wmiesrcpe587m6swn-go6fx0nc2s2fg377xsnda8ks.ybglomrjjc234ecx241032x3iai4r.hymciren//61-1dR%F3%B0%8E%BA-t/l/%F2%97%A0%9C38%F0%BE%8A%ACU/(%F3%A1%93%BBw7/=R-/Dz\",\n          \"info\": \"5.M4vPe\",\n          \"isSelectable\": true\n        }\n      },\n      \"\": {\n        \"ay\": 1954,\n        \"match\": {\n          \"pattern\": \"TP563\",\n          \"exclude\": [\n            \"UE5\",\n            \"IU63\",\n            \"ZVR70\",\n            \"VX99N\"\n          ],\n          \"info\": \"OyX\"\n        },\n        \"satisfy\": {\n          \"mc\": \">=62\"\n        },\n        \"url\": \"https://i44f3dttcy3hehtspdci3gno1w5lvkx8jk-va78vx423rpti3gfacc.zfsbjizzmccik.eybnrq/%F0%99%A9%91\",\n        \"info\": \"j\\\"<I|L_\",\n        \"isSelectable\": true,\n        \"/-W\\\\d\": {\n          \"name\": \"\",\n          \"ay\": 2029,\n          \"assign\": \"*K+s~\",\n          \"match\": [\n            {\n              \"or\": [\n                \"XCC1*91\",\n                {\n                  \"and\": [\n                    \"LF806\",\n                    \"BFK3994U\",\n                    {\n                      \"and\": [\n                        {\n                          \"and\": [\n                            \"SP58\",\n                            \"DN1114G\",\n                            \"CQ*0x\"\n                          ]\n                        }\n                      ]\n                    },\n                    \"UFO237\"\n                  ]\n                },\n                {\n                  \"pattern\": \"SI9910\",\n                  \"exclude\": [\n                    \"QZ6\"\n                  ],\n                  \"info\": \"i\"\n                },\n                {\n                  \"and\": [\n                    {\n                      \"and\": [\n                        \"WITx5X\",\n                        \"MT1\"\n                      ]\n                    },\n                    \"BUM94B\",\n                    \"WNVx051W\",\n                    {\n                      \"and\": [\n                        \"KM83N\",\n                        {\n                          \"or\": [\n                            \"DYB3A\",\n                            \"ODQ3x87\",\n                            \"ZDH*897\",\n                            \"EKS73\",\n                            {\n                              \"and\": [\n                                \"IXL4*0\",\n                                \"HK518O\",\n                                \"CL1x9*\"\n                              ]\n                            }\n                          ]\n                        },\n                        \"BIB3\",\n                        {\n                          \"or\": [\n                            \"TJH88\",\n                            \"YBP8\"\n                          ]\n                        }\n                      ]\n                    },\n                    {\n                      \"pattern\": \"VI69\",\n                      \"exclude\": \"WHQ389Y\",\n                      \"info\": \"6#oDlR*`\"\n                    }\n                  ]\n                },\n                {\n                  \"and\": [\n                    {\n                      \"and\": [\n                        \"TWK54\",\n                        \"KTJ16xS\",\n                        {\n                          \"or\": [\n                            \"NQ30\"\n                          ]\n                        },\n                        \"JK53C\"\n                      ]\n                    },\n                    {\n                      \"pattern\": \"SQ04\",\n                      \"exclude\": [\n                        \"NSN45\",\n                        \"VNH31J\",\n                        \"GCN78Q\",\n                        \"WXS6\"\n                      ],\n                      \"info\": \"iq (\"\n                    },\n                    \"FPX9*A\",\n                    {\n                      \"or\": [\n                        {\n                          \"or\": [\n                            \"WLX914\"\n                          ]\n                        },\n                        {\n                          \"and\": []\n                        }\n                      ]\n                    },\n                    \"OQO59S\"\n                  ]\n                }\n              ]\n            },\n            {\n              \"or\": [\n                {\n                  \"pattern\": \"TB080\",\n                  \"exclude\": \"UD608W\"\n                },\n                {\n                  \"pattern\": \"DF61H\",\n                  \"exclude\": \"SU3R\",\n                  \"info\": \"PhL94\"\n                },\n                {\n                  \"and\": []\n                }\n              ]\n            }\n          ],\n          \"satisfy\": \">pg\",\n          \"url\": \"http://l0z6me6yqtadlkvgisb-6h2uons3y4qya7o1jq1qsvvfo6y.hngnnk//yp/'v%F3%9A%A6%A2y,/'-iM/1x%F1%87%B9%92,c/i%F0%A3%AC%9B%F2%AD%80%A0!BK$O/@t%F3%B2%A2%9DGf/mT6/buhhXj6F/V'%F0%95%99%B7m-%F2%B9%BE%AE-%F2%AD%AE%8A\",\n          \"isSelectable\": true,\n          \"\": {\n            \"name\": \"{gx\",\n            \"ay\": 1988,\n            \"assign\": \"[v}k]38}\\\"\",\n            \"satisfy\": [\n              \"r\",\n              {\n                \"or\": [\n                  \"\",\n                  \"wC\"\n                ]\n              },\n              {\n                \"and\": [\n                  {\n                    \"or\": [\n                      {\n                        \"mc\": \"<=98\"\n                      }\n                    ]\n                  },\n                  \"M8/C#m&^\",\n                  {\n                    \"and\": [\n                      \"5\\\\4u\",\n                      {\n                        \"and\": [\n                          \"]:#RxK\",\n                          \"_-\"\n                        ]\n                      },\n                      {\n                        \"or\": [\n                          \"G0\\\\)QcNP\",\n                          {\n                            \"mc\": \"<=137\"\n                          }\n                        ]\n                      },\n                      \"DeGH\",\n                      \"U_Zfnhgi\"\n                    ]\n                  },\n                  \"j24\",\n                  {\n                    \"and\": []\n                  }\n                ]\n              },\n              {\n                \"mc\": \"<=128\"\n              },\n              \"6I/&Sk\"\n            ],\n            \"url\": \"https://roqadtz-uhscif2yf4o6r55ycu0ua454yzq257twm5lh85pjjehcwix.731039ldoqhgkicpoulmktufw60wcuxukdp0bww29k2lzpwh41uka-8chukj5p.407u6ycqmh1alnb3wvaqqfafojrwkz4mje-aihcd4-ark57xj3zqa.soostjhjpo6ad1k3anz7cq3x9ndw619xwwj8t2j0nz8c5y2bese5m.0.xpcuun\",\n            \"info\": \"4eq[\"\n          }\n        },\n        \"h;A\": {\n          \"name\": \"/\",\n          \"ay\": 1984,\n          \"assign\": [\n            \"6$_\",\n            \"&q\"\n          ],\n          \"match\": [\n            \"BA4*02\",\n            \"SUHxG\",\n            {\n              \"or\": [\n                {\n                  \"or\": [\n                    {\n                      \"pattern\": \"BB6P\",\n                      \"exclude\": \"CB6663J\",\n                      \"info\": \")yg\"\n                    },\n                    \"CSX3\",\n                    \"MGx6*7J\",\n                    \"ERx0\"\n                  ]\n                },\n                {\n                  \"or\": [\n                    \"SAT*5*6\",\n                    {\n                      \"or\": [\n                        \"ADH202S\",\n                        \"LR40S\",\n                        {\n                          \"or\": []\n                        }\n                      ]\n                    }\n                  ]\n                },\n                \"KN660\",\n                \"VPT9R\"\n              ]\n            }\n          ],\n          \"satisfy\": [\n            \"^+x;:\",\n            \",W(FP<Y>iA\",\n            {\n              \"mc\": \"<=12\"\n            },\n            \"P[Ce\",\n            {\n              \"or\": [\n                {\n                  \"or\": [\n                    {\n                      \"mc\": \"<=3\"\n                    }\n                  ]\n                }\n              ]\n            }\n          ],\n          \"url\": \"https://b6hwtjltz1vjz7e0f.vxk5ofry4lghmkrx6eie04s8o1-k8inoyid7y0.khc.c.y29ebhcyv4-rpkwox5-si99gb3lyz5f2f32ezwe1tg4pc0nsh4dvurln7jy.onjmaicfoa/%F1%AC%8C%BD8pN@=//qoNYK:vI\",\n          \"info\": \"F,=\"\n        },\n        \"w+KQ*#ON\": {\n          \"name\": \",UG\",\n          \"assign\": [\n            \"7r+\\\"\\\"x6mr4\",\n            \"x?\",\n            \"#O.<,+ {&\",\n            \"}03:\",\n            \"-VqF\"\n          ],\n          \"match\": {\n            \"pattern\": \"YQA595\",\n            \"exclude\": \"BVJ73A\",\n            \"info\": \"mqt< F6\"\n          },\n          \"satisfy\": [\n            {\n              \"mc\": \">=72\"\n            },\n            {\n              \"and\": [\n                {\n                  \"mc\": \"<=11\"\n                },\n                {\n                  \"mc\": \"<=36\"\n                }\n              ]\n            },\n            \"hiW{\",\n            \"tm~c/eu<H\"\n          ],\n          \"url\": \"http://sq5ksdzd6.i830bderxiuz26kd4axdb6waiapyjlidemsran40.anjkvmgh8t34g13xuwv7b743dmauht.z.znurgxxtr\",\n          \"info\": \"N{;$]\",\n          \"isSelectable\": true\n        },\n        \"f<\": {\n          \"name\": \"c%e|bb;\",\n          \"ay\": 1973,\n          \"assign\": [\n            \"->tp\",\n            \"*:pT#KgQ~a\",\n            \"\",\n            \"2oFgp1X=\",\n            \"A+|[)S}'=|\"\n          ],\n          \"match\": {\n            \"and\": [\n              \"AV85\",\n              {\n                \"and\": [\n                  {\n                    \"and\": [\n                      {\n                        \"and\": [\n                          \"TY399xV\",\n                          {\n                            \"and\": [\n                              \"JPXx2*K\",\n                              \"ILI58A\",\n                              \"TZWx\"\n                            ]\n                          },\n                          {\n                            \"pattern\": \"DM354M\",\n                            \"exclude\": \"AT3*6\",\n                            \"info\": \"%4.\"\n                          },\n                          {\n                            \"pattern\": \"GWO3O\",\n                            \"exclude\": [],\n                            \"info\": \"\"\n                          },\n                          \"VDB0\"\n                        ]\n                      },\n                      {\n                        \"or\": [\n                          \"KS79*Y\",\n                          \"WJM8G\",\n                          \"DY*Y\",\n                          \"HXQ5B\",\n                          \"DM4C\"\n                        ]\n                      },\n                      \"TA0\",\n                      \"MGLx\",\n                      \"ZL39\"\n                    ]\n                  },\n                  {\n                    \"and\": [\n                      \"FM38*Y\",\n                      \"QJT319\"\n                    ]\n                  },\n                  {\n                    \"and\": [\n                      \"BKA574Q\",\n                      \"WUO87*\"\n                    ]\n                  },\n                  \"QE66*\",\n                  \"ICB320\"\n                ]\n              },\n              {\n                \"or\": [\n                  \"MBZ4515B\",\n                  {\n                    \"or\": []\n                  },\n                  \"ZT8636\"\n                ]\n              },\n              {\n                \"pattern\": \"MJZ24W\",\n                \"exclude\": \"AF0112V\",\n                \"info\": \"> )\"\n              }\n            ]\n          },\n          \"satisfy\": \"O1$|\",\n          \"url\": \"http://zefiwinftxog0d6sz9c2u-81yjw7zqpbh0frkjjiebe1-a80i2urt6e4nn2f9.r0p3kzfg.dth81-6yh-jeet09n4j0offh5p14g26ls5m9auu39qv51n00ko8.ocdybivkv\",\n          \"info\": \"qqYK\",\n          \"isSelectable\": true\n        },\n        \"'L&9DnczuI\": {\n          \"name\": \"(kK{i+a;.T\",\n          \"assign\": \"\",\n          \"satisfy\": \"#BCgbc\",\n          \"info\": \"JDeQEqv5\"\n        }\n      },\n      \"^NP7U.*\": {\n        \"name\": \" b7_h<iyg\",\n        \"ay\": 1961,\n        \"match\": [\n          {\n            \"or\": [\n              {\n                \"or\": [\n                  \"PQ0152N\"\n                ]\n              },\n              \"VS610U\",\n              {\n                \"or\": [\n                  {\n                    \"and\": [\n                      {\n                        \"pattern\": \"HD1*M\",\n                        \"exclude\": \"EB*28\",\n                        \"info\": \"WR~&3\"\n                      },\n                      \"MVF59T\",\n                      \"BXx0\",\n                      \"WI*39H\",\n                      {\n                        \"pattern\": \"IGX2K\",\n                        \"exclude\": [\n                          \"DC88*\",\n                          \"AWT3x8G\"\n                        ],\n                        \"info\": \"+Bs2S=\"\n                      }\n                    ]\n                  },\n                  {\n                    \"pattern\": \"UPYxP\"\n                  },\n                  \"GKI8\",\n                  {\n                    \"or\": []\n                  },\n                  \"MMB0376\"\n                ]\n              }\n            ]\n          }\n        ],\n        \"satisfy\": {\n          \"mc\": \"<=13\"\n        },\n        \"url\": \"https://80rjtnsuskwk22-65ju4b2b1pu2y4few.h4x4pcd4jw6u8ny5rg0gc4r.rwcpryexn/mov+fq1)=%F1%9C%83%88/BDg=%F2%AC%99%821AUxD/-B&y=s(P%F0%BE%81%873//%F0%A4%80%8AnUvQ'0/Mv~BDxeNs+/j5/:wkki)m;p;\",\n        \"info\": \"E\",\n        \"isSelectable\": true\n      },\n      \"z8y[V>ccB,\": {\n        \"name\": \"2\",\n        \"ay\": 1966,\n        \"assign\": [\n          \"O\",\n          \" LK\",\n          \"^AKM*M}@,D\",\n          \"-Tu:>kY(\",\n          \"'sov8tA\"\n        ],\n        \"satisfy\": {\n          \"mc\": \"<=33\"\n        },\n        \"info\": \"TD\\\"?\",\n        \"isSelectable\": true\n      },\n      \"M $l\": {\n        \"name\": \"Hs\",\n        \"ay\": 1971,\n        \"assign\": [],\n        \"match\": {\n          \"and\": [\n            {\n              \"and\": [\n                \"UO6787\",\n                \"KTU10A\"\n              ]\n            }\n          ]\n        },\n        \"satisfy\": [\n          \"K>IRMqfQE\",\n          {\n            \"mc\": \"<=123\"\n          }\n        ],\n        \"url\": \"https://d.3m879h497qljhcj.k4-xrc4m.ej/H/iy/u=t'FW,@\",\n        \"info\": \"Ts g^\",\n        \"isSelectable\": true\n      }\n    }\n  },\n  {\n    \"title\": \"block sample 8\",\n    \"value\": {\n      \"ay\": 2009,\n      \"assign\": [],\n      \"satisfy\": [\n        {\n          \"or\": [\n            {\n              \"and\": []\n            },\n            {\n              \"mc\": \"<=152\"\n            }\n          ]\n        },\n        {\n          \"mc\": \">=163\"\n        },\n        {\n          \"or\": []\n        }\n      ],\n      \"url\": \"https://ho5aadzu9a3h445jxmfi6qq8mcg3ipgi0pcaiy0z53p35c.5q0wr3t-4mr9foeus47sm3g7yugyzkyvz7cg7-lq0-8z6p5tbfmv98.fnp2pfml1k32f2kcqh-v988gw0kjue1tf6mu5e.rjnxl/l\",\n      \"info\": \"K-J\",\n      \"isSelectable\": true\n    }\n  },\n  {\n    \"title\": \"block sample 9\",\n    \"value\": {\n      \"name\": \"5at.qDOte|\",\n      \"ay\": 1969,\n      \"assign\": \"h\",\n      \"match\": [\n        \"BG8H\",\n        \"ILGxY\",\n        {\n          \"or\": [\n            {\n              \"or\": [\n                {\n                  \"or\": [\n                    \"YTA5x12C\",\n                    {\n                      \"pattern\": \"NHN49*U\",\n                      \"exclude\": [\n                        \"YSO6\",\n                        \"BWx42*Z\"\n                      ],\n                      \"info\": \"}_ryY\"\n                    }\n                  ]\n                },\n                \"WL5O\",\n                {\n                  \"or\": [\n                    {\n                      \"and\": [\n                        {\n                          \"pattern\": \"XB7638J\",\n                          \"exclude\": \"IL8251S\",\n                          \"info\": \"sqnRY}~\"\n                        },\n                        \"PJP37\"\n                      ]\n                    },\n                    {\n                      \"pattern\": \"DY892S\",\n                      \"exclude\": [\n                        \"XC3*I\",\n                        \"LZY81xP\",\n                        \"SQ5\",\n                        \"GU70*\"\n                      ]\n                    },\n                    \"XRxY\",\n                    \"OPx249\"\n                  ]\n                }\n              ]\n            },\n            \"XDT3*x*\"\n          ]\n        },\n        \"WZ3\",\n        \"YBE9x09K\"\n      ],\n      \"satisfy\": {\n        \"mc\": \">=189\"\n      },\n      \"url\": \"http://ccuc6zbrcdh5efm5n654acf-c6bfncdea--z2y9eoxok-egfd6b6clmk.aa8.8e8ow-ue2j5-0r8a.glaqcbbmg/xUB(R$%F1%99%83%A4)/vUPgB~2N/o6lJ%F3%9E%A7%91r9J(/d4/JIs%F3%87%8D%90Q8H%F2%A6%B4%B1j%F2%BF%AE%9E/V\",\n      \"info\": \":=\",\n      \"isSelectable\": true,\n      \"XicU7\": {\n        \"name\": \"iK{0]\",\n        \"ay\": 1983,\n        \"assign\": [\n          \"c5_#ey\",\n          \"SSp?/\"\n        ],\n        \"match\": \"KOA1*1K\",\n        \"satisfy\": [],\n        \"url\": \"https://b942dq1asbegc0bhufy0aig53lsc56t5uqccgkvzjo-cvkak8e7bws4wx-yy.8uruyq8uen7d.6etqacokv0cvmg0p2ew542885rdkm7pfcoa6hrnjh0tgv6949jkokgd5dyj.rpbwg9iqfg-nmhe6qtc8c302rr8ytvxsp.u2zp0bu1obaxti7tskl1cb1h216rcg7sq.mwatqabb/%F1%B7%8A%A9+Z+LhnO/jLHm\",\n        \"isSelectable\": true\n      },\n      \"\": {\n        \"name\": \"U$I+i\",\n        \"ay\": 1993,\n        \"assign\": \"q%d.gp\",\n        \"match\": {\n          \"or\": [\n            {\n              \"and\": [\n                \"DJJ82L\",\n                \"SF8\",\n                {\n                  \"and\": []\n                }\n              ]\n            },\n            {\n              \"and\": []\n            }\n          ]\n        },\n        \"satisfy\": [\n          {\n            \"or\": []\n          },\n          {\n            \"and\": []\n          },\n          {\n            \"or\": [\n              \"(N1[=He,l\",\n              \"IdTYbv}\",\n              \"p<'{W8xxi\"\n            ]\n          },\n          {\n            \"or\": [\n              {\n                \"or\": [\n                  {\n                    \"mc\": \">=43\"\n                  },\n                  {\n                    \"mc\": \"<=89\"\n                  },\n                  {\n                    \"and\": [\n                      {\n                        \"and\": [\n                          \"J'6 so\"\n                        ]\n                      },\n                      \"qfPh0\",\n                      \"b-)K\"\n                    ]\n                  }\n                ]\n              },\n              \"G`9b)G*f7\",\n              {\n                \"or\": [\n                  \"\",\n                  \"F+8\"\n                ]\n              },\n              {\n                \"or\": [\n                  {\n                    \"and\": [\n                      \"\",\n                      {\n                        \"and\": [\n                          \"hMhGWs\",\n                          {\n                            \"or\": [\n                              \"JO?P{\\\\\",\n                              \"4tEj}/\",\n                              \"=}eGN5c<u\"\n                            ]\n                          },\n                          {\n                            \"mc\": \"<=137\"\n                          },\n                          \"BSqddV5{@\",\n                          \"{\\\\z\"\n                        ]\n                      },\n                      \"#\",\n                      {\n                        \"or\": [\n                          \"@\",\n                          \"Az241-M?J\"\n                        ]\n                      }\n                    ]\n                  },\n                  {\n                    \"or\": [\n                      \"3\",\n                      \"c\",\n                      \"arVCj\",\n                      \";c)]nH$4\"\n                    ]\n                  },\n                  \"n@>U\",\n                  \"oaqzAN#u?'\"\n                ]\n              },\n              {\n                \"or\": []\n              }\n            ]\n          },\n          {\n            \"or\": [\n              \"\",\n              {\n                \"mc\": \">=109\"\n              },\n              \"V?d\",\n              {\n                \"mc\": \"<=50\"\n              },\n              {\n                \"mc\": \"<=130\"\n              }\n            ]\n          }\n        ],\n        \"url\": \"https://oeo2lzvylvfjypcup28l2ovn2ecuvrjmcr.qj--hfbxebysmzp-mnvzvukkr0nmt6hgdp3bhu.rrk1tyt9g4ie13e4mhzhyqoz9dxlqvq1u9pjxqvhd1.t.benoan\",\n        \"info\": \"_'yMx?\",\n        \"isSelectable\": true\n      },\n      \"w~vZt\": {\n        \"name\": \")F#VH@\",\n        \"ay\": 2020,\n        \"assign\": \"_c*y/IM\",\n        \"match\": {\n          \"pattern\": \"SMH47x0Y\",\n          \"exclude\": [\n            \"AI9258\",\n            \"OVU*4Y\"\n          ],\n          \"info\": \"Z) 20Ck\"\n        },\n        \"url\": \"https://z.ee9iurmztx9a404fooyc4um6.fdaesnupjo\",\n        \"info\": \"A2F2|g\",\n        \"isSelectable\": true\n      },\n      \"iCS?\": {\n        \"name\": \"9Rg\",\n        \"ay\": 1963,\n        \"assign\": [\n          \"0_vaW\",\n          \"02wO_+$W-5\",\n          \"< Ox1\",\n          \"&\\\"[{oraPC\",\n          \"5e!?0J')O\"\n        ],\n        \"satisfy\": {\n          \"or\": [\n            {\n              \"mc\": \">=48\"\n            },\n            {\n              \"mc\": \"<=113\"\n            },\n            \"\",\n            {\n              \"and\": [\n                {\n                  \"mc\": \"<=15\"\n                },\n                \"U\",\n                \"JQHc\",\n                {\n                  \"or\": [\n                    {\n                      \"or\": []\n                    },\n                    {\n                      \"and\": [\n                        \"Z_A>AkBo$\",\n                        \",5>RW\",\n                        \"|<_e9PT8$`\",\n                        {\n                          \"and\": [\n                            \".ZF}\",\n                            \"e\",\n                            \"J\",\n                            \"1~9\\\"LFBN4c\"\n                          ]\n                        }\n                      ]\n                    },\n                    \"j;\",\n                    \"/p,\",\n                    \"{A\"\n                  ]\n                },\n                {\n                  \"mc\": \">=122\"\n                }\n              ]\n            }\n          ]\n        },\n        \"url\": \"https://7-u3q0ndmq5fn1huzdbp7c68601fw2mk8g8l2nwwjgxe.bk0zhimdolcs2a5h6z5yj6hnn97x2pr0go1141iupmrgtgo3oy806nqkgptq03.l50s2l8xcnvi30bhbe0yl2hlp7ho73jnw4486o94zwio.sv7gob23mlqj1xwedec7z9.xnm/=Qg-%F1%B8%BB%BCFP\",\n        \"isSelectable\": true\n      },\n      \"O|G#u\": {\n        \"name\": \"_D`gK`S%?\\\"\",\n        \"ay\": 1984,\n        \"assign\": [\n          \"]=Rk);qi0K\",\n          \")7\"\n        ],\n        \"match\": [],\n        \"satisfy\": [],\n        \"url\": \"http://59x24kyxquj8deki4ctawp7kk7r140etno.a1d-wrbpp4ozb3ls-mbdsebmhv3hq3v9acy1az18fqdf-1z0ag1czj.h.z4fr1tcn4z.qmhgbfcacs/p(Bo/L3!tb//nCD=Y/xALQyknI/G7z/rUB@YxB/S/qh%F0%B0%87%9Di!1\",\n        \"isSelectable\": true,\n        \"0,T,R\": {\n          \"name\": \",>=%8+\",\n          \"assign\": \"PU&wL\",\n          \"match\": [\n            {\n              \"and\": [\n                {\n                  \"or\": [\n                    \"KP212R\",\n                    {\n                      \"or\": [\n                        \"FP00x7P\",\n                        \"ZS16\"\n                      ]\n                    }\n                  ]\n                },\n                {\n                  \"pattern\": \"TJC6C\",\n                  \"exclude\": [\n                    \"BJI750\",\n                    \"AM*122\",\n                    \"SI2V\",\n                    \"ZLZ1T\"\n                  ],\n                  \"info\": \"M]Q&+;n\"\n                }\n              ]\n            },\n            {\n              \"or\": [\n                {\n                  \"or\": [\n                    \"JR83E\",\n                    \"DXx34\",\n                    {\n                      \"and\": []\n                    }\n                  ]\n                },\n                {\n                  \"and\": [\n                    {\n                      \"or\": [\n                        \"FBS5*7I\",\n                        \"CXP*22R\",\n                        \"FTZ4025V\",\n                        \"PUX3F\"\n                      ]\n                    },\n                    \"GK8145\",\n                    \"FI803\",\n                    \"WD*xH\",\n                    {\n                      \"and\": [\n                        \"GV8671I\",\n                        \"AXxX\",\n                        {\n                          \"or\": [\n                            \"EH80\",\n                            {\n                              \"and\": [\n                                \"PF**1U\",\n                                \"WA2\",\n                                \"UP9\"\n                              ]\n                            },\n                            \"WPLx0\",\n                            {\n                              \"pattern\": \"ZO65\",\n                              \"exclude\": [\n                                \"RN8E\",\n                                \"GZ4\",\n                                \"WQ5\",\n                                \"JL3P\"\n                              ],\n                              \"info\": \"b?e(fuE\"\n                            },\n                            \"KN8C\"\n                          ]\n                        }\n                      ]\n                    }\n                  ]\n                }\n              ]\n            },\n            {\n              \"pattern\": \"XQ4\",\n              \"exclude\": \"YEX5*36\",\n              \"info\": \"q\"\n            },\n            \"OU91x8\",\n            {\n              \"pattern\": \"PRUx86\",\n              \"info\": \"Xhg?R$5n5\"\n            }\n          ],\n          \"satisfy\": [\n            {\n              \"and\": [\n                {\n                  \"and\": []\n                }\n              ]\n            },\n            \"qE$LI\",\n            {\n              \"or\": []\n            },\n            {\n              \"mc\": \">=40\"\n            },\n            {\n              \"mc\": \"<=191\"\n            }\n          ],\n          \"url\": \"https://ift8b2coz01g6.kd5sr-c51dbb291vwk4tq9fu32hios1.iz/uZ/r%F0%A0%AC%9F$%F1%9C%B3%B27=T8%E1%81%A7/a/%E5%8B%9E%F2%BA%8A%95%F0%AC%A9%A6%F2%B7%83%85_BVA8N/-%F3%9A%AE%A26+2H;q/i\",\n          \"info\": \"^1_6oP@+?\",\n          \"isSelectable\": true\n        },\n        \"[+C\\\\p<\": {\n          \"name\": \"\",\n          \"assign\": [\n            \"M.,]'u!0\",\n            \"j\",\n            \"&$T35Ylo_8\",\n            \"_\",\n            \"\\\"\"\n          ],\n          \"match\": {\n            \"or\": [\n              {\n                \"or\": [\n                  {\n                    \"or\": [\n                      \"QB*x1F\",\n                      \"GJ444H\",\n                      \"KV1*18\",\n                      \"MSO5x\"\n                    ]\n                  }\n                ]\n              },\n              {\n                \"or\": [\n                  \"SX5526\",\n                  {\n                    \"pattern\": \"VNx09C\",\n                    \"exclude\": [\n                      \"BVV351*E\",\n                      \"OA83Z\",\n                      \"AS0\",\n                      \"CF*24\"\n                    ],\n                    \"info\": \"yks\"\n                  },\n                  \"GKJ78O\",\n                  {\n                    \"or\": [\n                      \"RA275\",\n                      {\n                        \"and\": [\n                          \"GLR1x2C\"\n                        ]\n                      },\n                      \"DQF4Q\",\n                      \"BSU*\",\n                      \"OB4641Y\"\n                    ]\n                  },\n                  \"ONN6910L\"\n                ]\n              }\n            ]\n          },\n          \"satisfy\": [],\n          \"url\": \"https://f3gloc.tdzahcesmv/NGX%F2%8D%BB%90=&C:(/:CXWSR%F3%B9%9D%B2:J/wW\",\n          \"isSelectable\": true\n        },\n        \"WEAaC-\": {\n          \"name\": \"!p,d+{V\",\n          \"ay\": 1967,\n          \"assign\": \"5W(\",\n          \"match\": [],\n          \"url\": \"https://yn9zo05jzautn9ioxx1bu6wt5z58qrmq1egtbiwtckhe3yx-s3i71fov4o5w.u.c.aqt6fpup.hi/ZU%F3%88%A1%88I/SXB%F3%AB%BC%85/*A~4M'\",\n          \"info\": \":bS\\\"K\",\n          \"isSelectable\": true\n        },\n        \"\": {\n          \"ay\": 1974,\n          \"assign\": [\n            \"\\\"\",\n            \"\",\n            \"l.=n\",\n            \"_geL3caG8K\",\n            \"\\\"\"\n          ],\n          \"match\": {\n            \"and\": [\n              {\n                \"pattern\": \"MDX380X\",\n                \"exclude\": [\n                  \"KQ91D\",\n                  \"SMO286V\",\n                  \"UPBx6U\",\n                  \"PHE7T\",\n                  \"RM4H\"\n                ],\n                \"info\": \"lii\"\n              },\n              {\n                \"and\": [\n                  {\n                    \"and\": [\n                      {\n                        \"or\": []\n                      },\n                      {\n                        \"or\": []\n          
[...]
            {
              "title": "should truncate list of modules with upper bound of MCs at exact cutoff if total MC count is higher and there exists some starting sequence with exact MC count",
              "fullTitle": "inequalitySatisfier should truncate list of modules with upper bound of MCs at exact cutoff if total MC count is higher and there exists some starting sequence with exact MC count",
              "timedOut": false,
              "duration": 0,
              "state": "passed",
              "speed": "fast",
              "pass": true,
              "fail": false,
              "pending": false,
              "context": null,
              "code": "const satisfier = satisfiers_1.inequalitySatisfier(ref, \"<=16\");\nsatisfier.should.have.property(\"filter\");\nconst { filter } = satisfier;\nisCorrectFilter(filter, modulesList1, [\n    \"CS2100\",\n    \"GER1000\",\n    \"CS2040S\",\n    \"ST2131\",\n]);",
              "err": {},
              "uuid": "757af6b9-a11b-434b-855e-488d5ed8f3e0",
              "parentUUID": "0fcf13b2-8a84-41d3-aac7-f0eb96bd40bd",
              "isHook": false,
              "skipped": false
            },
            {
              "title": "should truncate list of modules with upper bound of MCs, cutting off at the minimum starting sequence that exceeds upper bound, if total MC count is higher and there exists no starting sequence with exact MC count",
              "fullTitle": "inequalitySatisfier should truncate list of modules with upper bound of MCs, cutting off at the minimum starting sequence that exceeds upper bound, if total MC count is higher and there exists no starting sequence with exact MC count",
              "timedOut": false,
              "duration": 0,
              "state": "passed",
              "speed": "fast",
              "pass": true,
              "fail": false,
              "pending": false,
              "context": null,
              "code": "const satisfier = satisfiers_1.inequalitySatisfier(ref, \"<=17\");\nsatisfier.should.have.property(\"filter\");\nconst { filter } = satisfier;\nisCorrectFilter(filter, modulesList1, [\n    \"CS2100\",\n    \"GER1000\",\n    \"CS2040S\",\n    \"ST2131\",\n    \"MA1521\",\n]);",
              "err": {},
              "uuid": "19533f68-a336-42ad-be09-09e95b78321b",
              "parentUUID": "0fcf13b2-8a84-41d3-aac7-f0eb96bd40bd",
              "isHook": false,
              "skipped": false
            }
          ],
          "suites": [],
          "passes": [
            "ea2a3081-3c01-4f5d-ba5a-423a67a3a2c5",
            "e0ff94a6-3791-4dee-98fd-c66fd2c68aaa",
            "251da584-4204-4ad0-85a5-6aac85c77556",
            "a4405a0c-c362-4987-8e6a-63800b053823",
            "725ed25e-67c8-4e90-a860-0a4482567661",
            "757af6b9-a11b-434b-855e-488d5ed8f3e0",
            "19533f68-a336-42ad-be09-09e95b78321b"
          ],
          "failures": [],
          "pending": [],
          "skipped": [],
          "duration": 2,
          "root": false,
          "rootEmpty": false,
          "_timeout": 2000
        },
        {
          "uuid": "d036849f-44f0-4dd4-a047-d721d6ecc684",
          "title": "inequalitySchema",
          "fullFile": "/home/runner/work/planwithus-lib/planwithus-lib/src/satisfyRule/inequality/schemas.test.ts",
          "file": "/src/satisfyRule/inequality/schemas.test.ts",
          "beforeHooks": [],
          "afterHooks": [],
          "tests": [
            {
              "title": "should validate inequality in the form <=n or >=n",
              "fullTitle": "inequalitySchema should validate inequality in the form <=n or >=n",
              "timedOut": false,
              "duration": 1,
              "state": "passed",
              "speed": "fast",
              "pass": true,
              "fail": false,
              "pending": false,
              "context": "[\n  {\n    \"title\": \"inequality sample 0\",\n    \"value\": \">=148\"\n  },\n  {\n    \"title\": \"inequality sample 1\",\n    \"value\": \">=119\"\n  },\n  {\n    \"title\": \"inequality sample 2\",\n    \"value\": \">=2\"\n  },\n  {\n    \"title\": \"inequality sample 3\",\n    \"value\": \"<=4\"\n  },\n  {\n    \"title\": \"inequality sample 4\",\n    \"value\": \"<=163\"\n  },\n  {\n    \"title\": \"inequality sample 5\",\n    \"value\": \">=196\"\n  },\n  {\n    \"title\": \"inequality sample 6\",\n    \"value\": \">=7\"\n  },\n  {\n    \"title\": \"inequality sample 7\",\n    \"value\": \">=171\"\n  },\n  {\n    \"title\": \"inequality sample 8\",\n    \"value\": \">=123\"\n  },\n  {\n    \"title\": \"inequality sample 9\",\n    \"value\": \"<=193\"\n  }\n]",
              "code": "fast_check_1.sample(index_test_2.inequality, 10).forEach((sample, i) => addContext_1.default(this, {\n    title: `inequality sample ${i}`,\n    value: sample,\n}));\nreturn fast_check_1.assert(fast_check_1.property(index_test_2.inequality, ajvValidate));",
              "err": {},
              "uuid": "9f872b3c-2347-44eb-905c-b40faee332f8",
              "parentUUID": "d036849f-44f0-4dd4-a047-d721d6ecc684",
              "isHook": false,
              "skipped": false
            },
            {
              "title": "should not validate inequality of invalid form",
              "fullTitle": "inequalitySchema should not validate inequality of invalid form",
              "timedOut": false,
              "duration": 2,
              "state": "passed",
              "speed": "fast",
              "pass": true,
              "fail": false,
              "pending": false,
              "context": null,
              "code": "[\n        \"\",\n        \"==23\",\n        \"23\",\n        \"<23\",\n        \">23\",\n        \"<=-1\",\n        \">=-1\",\n        \"<= 2\",\n        \">= 1\",\n        \"> 3\",\n        \"< 3\",\n        \"<=3a\",\n        \">=3a\",\n        \"a<=3\",\n        \"a>=3\",\n    ].forEach(isInvalidInequality)",
              "err": {},
              "uuid": "8398c1ff-08c8-460c-8452-d3c0b1ac7056",
              "parentUUID": "d036849f-44f0-4dd4-a047-d721d6ecc684",
              "isHook": false,
              "skipped": false
            }
          ],
          "suites": [],
          "passes": [
            "9f872b3c-2347-44eb-905c-b40faee332f8",
            "8398c1ff-08c8-460c-8452-d3c0b1ac7056"
          ],
          "failures": [],
          "pending": [],
          "skipped": [],
          "duration": 3,
          "root": false,
          "rootEmpty": false,
          "_timeout": 2000
        },
        {
          "uuid": "421949e6-a0b2-4f9d-bd8d-d7c6ea7f8d24",
          "title": "satisfyRuleSchema",
          "fullFile": "/home/runner/work/planwithus-lib/planwithus-lib/src/satisfyRule/schemas.test.ts",
          "file": "/src/satisfyRule/schemas.test.ts",
          "beforeHooks": [],
          "afterHooks": [],
          "tests": [
            {
              "title": "should validate satisfy rule with valid block id",
              "fullTitle": "satisfyRuleSchema should validate satisfy rule with valid block id",
              "timedOut": false,
              "duration": 1,
              "state": "passed",
              "speed": "fast",
              "pass": true,
              "fail": false,
              "pending": false,
              "context": null,
              "code": "fast_check_1.assert(fast_check_1.property(fast_check_1.string(), ajvValidate)",
              "err": {},
              "uuid": "9122b8ed-78b5-44a6-95ab-c50b2c16256c",
              "parentUUID": "421949e6-a0b2-4f9d-bd8d-d7c6ea7f8d24",
              "isHook": false,
              "skipped": false
            },
            {
              "title": "should validate satisfy rules with valid mc",
              "fullTitle": "satisfyRuleSchema should validate satisfy rules with valid mc",
              "timedOut": false,
              "duration": 2,
              "state": "passed",
              "speed": "fast",
              "pass": true,
              "fail": false,
              "pending": false,
              "context": "[\n  {\n    \"title\": \"mcSatisfyRule sample 0\",\n    \"value\": {\n      \"mc\": \"<=155\"\n    }\n  },\n  {\n    \"title\": \"mcSatisfyRule sample 1\",\n    \"value\": {\n      \"mc\": \">=8\"\n    }\n  },\n  {\n    \"title\": \"mcSatisfyRule sample 2\",\n    \"value\": {\n      \"mc\": \">=131\"\n    }\n  },\n  {\n    \"title\": \"mcSatisfyRule sample 3\",\n    \"value\": {\n      \"mc\": \">=17\"\n    }\n  },\n  {\n    \"title\": \"mcSatisfyRule sample 4\",\n    \"value\": {\n      \"mc\": \"<=3\"\n    }\n  },\n  {\n    \"title\": \"mcSatisfyRule sample 5\",\n    \"value\": {\n      \"mc\": \"<=197\"\n    }\n  },\n  {\n    \"title\": \"mcSatisfyRule sample 6\",\n    \"value\": {\n      \"mc\": \">=164\"\n    }\n  },\n  {\n    \"title\": \"mcSatisfyRule sample 7\",\n    \"value\": {\n      \"mc\": \"<=182\"\n    }\n  },\n  {\n    \"title\": \"mcSatisfyRule sample 8\",\n    \"value\": {\n      \"mc\": \"<=193\"\n    }\n  },\n  {\n    \"title\": \"mcSatisfyRule sample 9\",\n    \"value\": {\n      \"mc\": \">=169\"\n    }\n  }\n]",
              "code": "fast_check_1.sample(index_test_2.mcSatisfyRule, 10).forEach((sample, i) => addContext_1.default(this, {\n    title: `mcSatisfyRule sample ${i}`,\n    value: sample,\n}));\nreturn fast_check_1.assert(fast_check_1.property(index_test_2.mcSatisfyRule, ajvValidate));",
              "err": {},
              "uuid": "5bfecd08-504f-49a3-a5ab-e820b7bf01ec",
              "parentUUID": "421949e6-a0b2-4f9d-bd8d-d7c6ea7f8d24",
              "isHook": false,
              "skipped": false
            },
            {
              "title": "should validate valid recursive satisfy rules",
              "fullTitle": "satisfyRuleSchema should validate valid recursive satisfy rules",
              "timedOut": false,
              "duration": 3,
              "state": "passed",
              "speed": "fast",
              "pass": true,
              "fail": false,
              "pending": false,
              "context": "[\n  {\n    \"title\": \"satisfyRule sample 0\",\n    \"value\": {\n      \"mc\": \"<=2\"\n    }\n  },\n  {\n    \"title\": \"satisfyRule sample 1\",\n    \"value\": {\n      \"mc\": \">=195\"\n    }\n  },\n  {\n    \"title\": \"satisfyRule sample 2\",\n    \"value\": {\n      \"and\": [\n        \">\",\n        {\n          \"mc\": \"<=108\"\n        },\n        {\n          \"mc\": \">=130\"\n        }\n      ]\n    }\n  },\n  {\n    \"title\": \"satisfyRule sample 3\",\n    \"value\": {\n      \"or\": [\n        {\n          \"mc\": \">=134\"\n        }\n      ]\n    }\n  },\n  {\n    \"title\": \"satisfyRule sample 4\",\n    \"value\": \"<O8\"\n  },\n  {\n    \"title\": \"satisfyRule sample 5\",\n    \"value\": {\n      \"or\": [\n        {\n          \"and\": [\n            {\n              \"mc\": \">=199\"\n            },\n            {\n              \"or\": [\n                \"Ix\",\n                {\n                  \"mc\": \">=80\"\n                },\n                \"4r eeL$\",\n                {\n                  \"and\": [\n                    {\n                      \"and\": [\n                        \"W'u|\"\n                      ]\n                    },\n                    \"W9r?qng$\",\n                    {\n                      \"mc\": \">=105\"\n                    },\n                    \"Q\"\n                  ]\n                },\n                {\n                  \"mc\": \"<=62\"\n                }\n              ]\n            },\n            {\n              \"and\": [\n                {\n                  \"or\": [\n                    \"B|&:GM\",\n                    \"n,5wDJPM-(\",\n                    \"QHf\"\n                  ]\n                },\n                \"PZdu\\\"N=x\"\n              ]\n            }\n          ]\n        },\n        \":u|\",\n        \"b\"\n      ]\n    }\n  },\n  {\n    \"title\": \"satisfyRule sample 6\",\n    \"value\": {\n      \"and\": [\n        \"ThmL(Gb\"\n      ]\n    }\n  },\n  {\n    \"title\": \"satisfyRule sample 7\",\n    \"value\": {\n      \"and\": [\n        {\n          \"and\": [\n            {\n              \"and\": [\n                \"TihWiBk\",\n                \"DtO\",\n                {\n                  \"or\": [\n                    \"FKvo-F\\\"yo\",\n                    \" z'-Sx@\",\n                    \"r\"\n                  ]\n                },\n                \"~y$\",\n                {\n                  \"and\": []\n                }\n              ]\n            }\n          ]\n        },\n        {\n          \"and\": []\n        },\n        {\n          \"or\": [\n            {\n              \"or\": [\n                {\n                  \"mc\": \">=6\"\n                }\n              ]\n            },\n            \"rm,\"\n          ]\n        },\n        {\n          \"and\": []\n        },\n        {\n          \"or\": []\n        }\n      ]\n    }\n  },\n  {\n    \"title\": \"satisfyRule sample 8\",\n    \"value\": {\n      \"mc\": \">=4\"\n    }\n  },\n  {\n    \"title\": \"satisfyRule sample 9\",\n    \"value\": \"^20\"\n  }\n]",
              "code": "fast_check_1.sample(index_test_2.satisfyRule, 10).forEach((sample, i) => addContext_1.default(this, {\n    title: `satisfyRule sample ${i}`,\n    value: sample,\n}));\nreturn fast_check_1.assert(fast_check_1.property(index_test_2.satisfyRule, ajvValidate));",
              "err": {},
              "uuid": "c9faa100-dee3-480f-8e53-2e6e536ec271",
              "parentUUID": "421949e6-a0b2-4f9d-bd8d-d7c6ea7f8d24",
              "isHook": false,
              "skipped": false
            },
            {
              "title": "should not validate non-string/object",
              "fullTitle": "satisfyRuleSchema should not validate non-string/object",
              "timedOut": false,
              "duration": 1,
              "state": "passed",
              "speed": "fast",
              "pass": true,
              "fail": false,
              "pending": false,
              "context": null,
              "code": "const error = {\n    instancePath: \"\",\n    message: \"satisfy rule should be either a string or an object\",\n};\nisInvalidRule(null, error);\nisInvalidRule(undefined, error);\nisInvalidRule(10, error);\nisInvalidRule([12, 24], error);",
              "err": {},
              "uuid": "abf78a14-3895-43e7-8dc0-7db27d935eec",
              "parentUUID": "421949e6-a0b2-4f9d-bd8d-d7c6ea7f8d24",
              "isHook": false,
              "skipped": false
            },
            {
              "title": "should not validate satisfy rules with extra properties",
              "fullTitle": "satisfyRuleSchema should not validate satisfy rules with extra properties",
              "timedOut": false,
              "duration": 0,
              "state": "passed",
              "speed": "fast",
              "pass": true,
              "fail": false,
              "pending": false,
              "context": null,
              "code": "isInvalidRule({\n        and: [\n            { or: [\"2k\"], abc: \"def\" },\n            { mc: 8, ghi: \"jkl\" },\n        ],\n        mno: \"pqr\",\n    }, {\n        instancePath: \"/and/0\",\n        message: \"or satisfy rule should have property 'or' only\",\n    }, {\n        instancePath: \"/and/1\",\n        message: \"MC satisfy rule should have property 'mc' only\",\n    }, {\n        instancePath: \"\",\n        message: \"and satisfy rule should have property 'and' only\",\n    })",
              "err": {},
              "uuid": "031245e1-29d6-4449-8c89-047211b17a64",
              "parentUUID": "421949e6-a0b2-4f9d-bd8d-d7c6ea7f8d24",
              "isHook": false,
              "skipped": false
            },
            {
              "title": "should not validate ambiguous satisfy rules",
              "fullTitle": "satisfyRuleSchema should not validate ambiguous satisfy rules",
              "timedOut": false,
              "duration": 1,
              "state": "passed",
              "speed": "fast",
              "pass": true,
              "fail": false,
              "pending": false,
              "context": null,
              "code": "const message = \"satisfy rule should have only one of properties 'mc', 'and', 'or'\";\nisInvalidRule({\n    or: [\n        { mc: 5, and: [\"CS2040\"] },\n        { and: [{ and: [\"abc\"], or: [\"def\"] }] },\n    ],\n}, { instancePath: \"/or/0\", message }, { instancePath: \"/or/1/and/0\", message });",
              "err": {},
              "uuid": "669e73d2-0c1f-49b0-8222-83648da6a4fc",
              "parentUUID": "421949e6-a0b2-4f9d-bd8d-d7c6ea7f8d24",
              "isHook": false,
              "skipped": false
            },
            {
              "title": "should not validate and satisfy rules with non-array property",
              "fullTitle": "satisfyRuleSchema should not validate and satisfy rules with non-array property",
              "timedOut": false,
              "duration": 0,
              "state": "passed",
              "speed": "fast",
              "pass": true,
              "fail": false,
              "pending": false,
              "context": null,
              "code": "const message = \"property 'and' should be an array of satisfy rules\";\nisInvalidRule({ or: [{ and: {} }, { or: [{ and: 3 }] }] }, { instancePath: \"/or/0/and\", message }, { instancePath: \"/or/1/or/0/and\", message });",
              "err": {},
              "uuid": "97866c35-c31a-4f3f-8e32-b748860fa1a8",
              "parentUUID": "421949e6-a0b2-4f9d-bd8d-d7c6ea7f8d24",
              "isHook": false,
              "skipped": false
            },
            {
              "title": "should not validate or satisfy rules with non-array property",
              "fullTitle": "satisfyRuleSchema should not validate or satisfy rules with non-array property",
              "timedOut": false,
              "duration": 0,
              "state": "passed",
              "speed": "fast",
              "pass": true,
              "fail": false,
              "pending": false,
              "context": null,
              "code": "const message = \"property 'or' should be an array of satisfy rules\";\nisInvalidRule({ and: [{ or: {} }, { and: [{ or: 3 }] }] }, { instancePath: \"/and/0/or\", message }, { instancePath: \"/and/1/and/0/or\", message });",
              "err": {},
              "uuid": "01ba052a-9c13-45b9-ad5b-ef4c3ac87956",
              "parentUUID": "421949e6-a0b2-4f9d-bd8d-d7c6ea7f8d24",
              "isHook": false,
              "skipped": false
            }
          ],
          "suites": [],
          "passes": [
            "9122b8ed-78b5-44a6-95ab-c50b2c16256c",
            "5bfecd08-504f-49a3-a5ab-e820b7bf01ec",
            "c9faa100-dee3-480f-8e53-2e6e536ec271",
            "abf78a14-3895-43e7-8dc0-7db27d935eec",
            "031245e1-29d6-4449-8c89-047211b17a64",
            "669e73d2-0c1f-49b0-8222-83648da6a4fc",
            "97866c35-c31a-4f3f-8e32-b748860fa1a8",
            "01ba052a-9c13-45b9-ad5b-ef4c3ac87956"
          ],
          "failures": [],
          "pending": [],
          "skipped": [],
          "duration": 8,
          "root": false,
          "rootEmpty": false,
          "_timeout": 2000
        }
      ],
      "passes": [],
      "failures": [],
      "pending": [],
      "skipped": [],
      "duration": 0,
      "root": true,
      "rootEmpty": true,
      "_timeout": 2000
    }
  ],
  "meta": {
    "mocha": {
      "version": "9.0.2"
    },
    "mochawesome": {
      "options": {
        "quiet": false,
        "reportFilename": "mochawesome",
        "saveHtml": true,
        "saveJson": true,
        "consoleReporter": "spec",
        "useInlineDiffs": false,
        "code": true
      },
      "version": "6.2.2"
    },
    "marge": {
      "options": {
        "reportDir": "docs"
      },
      "version": "5.2.0"
    }
  }
}