{
  "stats": {
    "suites": 10,
    "tests": 48,
    "passes": 48,
    "pending": 0,
    "failures": 0,
    "start": "2021-08-24T00:33:33.543Z",
    "end": "2021-08-24T00:33:33.928Z",
    "duration": 385,
    "testsRegistered": 48,
    "passPercent": 100,
    "pendingPercent": 0,
    "other": 0,
    "hasOther": false,
    "skipped": 0,
    "hasSkipped": false
  },
  "results": [
    {
      "uuid": "e5809d17-0459-4620-9163-d22365196f15",
      "title": "",
      "fullFile": "",
      "file": "",
      "beforeHooks": [],
      "afterHooks": [],
      "tests": [],
      "suites": [
        {
          "uuid": "de8f4dca-7a2c-43fa-b50d-2440012310f3",
          "title": "initDirectories",
          "fullFile": "/home/runner/work/planwithus-lib/planwithus-lib/src/block/schemas.test.ts",
          "file": "/src/block/schemas.test.ts",
          "beforeHooks": [],
          "afterHooks": [],
          "tests": [
            {
              "title": "should parse all blocks with no errors",
              "fullTitle": "initDirectories should parse all blocks with no errors",
              "timedOut": false,
              "duration": 3,
              "state": "passed",
              "speed": "fast",
              "pass": true,
              "fail": false,
              "pending": false,
              "context": null,
              "code": "_1.initDirectories.should.not.throw()",
              "err": {},
              "uuid": "875e218d-d8f6-4051-b060-25c4967a2d3c",
              "parentUUID": "de8f4dca-7a2c-43fa-b50d-2440012310f3",
              "isHook": false,
              "skipped": false
            },
            {
              "title": "should produce primary, second & minor directories",
              "fullTitle": "initDirectories should produce primary, second & minor directories",
              "timedOut": false,
              "duration": 2,
              "state": "passed",
              "speed": "fast",
              "pass": true,
              "fail": false,
              "pending": false,
              "context": null,
              "code": "const directories = _1.initDirectories();\ndirectories.should.have.property(\"primary\");\ndirectories.should.have.property(\"second\");\ndirectories.should.have.property(\"minor\");",
              "err": {},
              "uuid": "4b6cbf72-497b-4403-8999-ecb467f17020",
              "parentUUID": "de8f4dca-7a2c-43fa-b50d-2440012310f3",
              "isHook": false,
              "skipped": false
            }
          ],
          "suites": [],
          "passes": [
            "875e218d-d8f6-4051-b060-25c4967a2d3c",
            "4b6cbf72-497b-4403-8999-ecb467f17020"
          ],
          "failures": [],
          "pending": [],
          "skipped": [],
          "duration": 5,
          "root": false,
          "rootEmpty": false,
          "_timeout": 2000
        },
        {
          "uuid": "b28d1ff8-6c0c-4fd4-9891-ba9888679bbb",
          "title": "blockSchema",
          "fullFile": "/home/runner/work/planwithus-lib/planwithus-lib/src/block/schemas.test.ts",
          "file": "/src/block/schemas.test.ts",
          "beforeHooks": [],
          "afterHooks": [],
          "tests": [
            {
              "title": "should validate valid block",
              "fullTitle": "blockSchema should validate valid block",
              "timedOut": false,
              "duration": 220,
              "state": "passed",
              "speed": "slow",
              "pass": true,
              "fail": false,
              "pending": false,
              "context": "[\n  {\n    \"title\": \"block sample 0\",\n    \"value\": {\n      \"name\": \"\\\"\",\n      \"assign\": [\n        \"!%\",\n        \"#!]gK'kmO\"\n      ],\n      \"match\": {\n        \"or\": [\n          {\n            \"pattern\": \"BWI3xF\",\n            \"exclude\": \"XUW2W\",\n            \"info\": \"S(\"\n          }\n        ]\n      },\n      \"satisfy\": {\n        \"mc\": \"<=198\"\n      },\n      \"url\": \"https://cdid0xeuyctso657r7ely59ozobaze.f.eakbhecbxled0-clg85dde-9.vhzohqh\",\n      \"info\": \"t#:VkC{f$i\",\n      \"isSelectable\": true,\n      \"{\": {\n        \"name\": \"N!\",\n        \"ay\": 1955,\n        \"assign\": \"\",\n        \"satisfy\": {\n          \"mc\": \"<=197\"\n        },\n        \"url\": \"https://a76dj1oeoi3ztczvsodkxsf3gfe.hvnhuxq/;(Ygd%F3%B6%B0%A9/($Ed%F4%8F%BF%B2%F2%B1%BC%92:\",\n        \"info\": \":h\",\n        \"isSelectable\": true,\n        \"\": {\n          \"name\": \"'O%lqgaQZ\",\n          \"ay\": 2025,\n          \"assign\": \"e\",\n          \"match\": [],\n          \"satisfy\": [\n            {\n              \"mc\": \">=199\"\n            }\n          ],\n          \"url\": \"https://uo1j9j9uprnjiimr95de7an2726quofmag0q7sqrvrnsqriumaibgjks.l.6ywm1pi38oofly3t.ywfdk4seeem-ox81ewj5f887gev4vvdipx.psv\",\n          \"isSelectable\": true,\n          \"Squ$]#8g@m\": {\n            \"name\": \"E0\",\n            \"ay\": 1985,\n            \"match\": {\n              \"or\": [\n                {\n                  \"pattern\": \"OFIx6xF\",\n                  \"info\": \"|PF^8#):\"\n                },\n                {\n                  \"or\": [\n                    {\n                      \"and\": [\n                        \"YM403O\",\n                        \"TEx6x3\"\n                      ]\n                    },\n                    {\n                      \"and\": [\n                        \"GIW46N\",\n                        {\n                          \"or\": [\n                            {\n                              \"pattern\": \"NQD37\",\n                              \"exclude\": \"TXR016Q\",\n                              \"info\": \"#$-Kd/\"\n                            },\n                            \"AQ55*A\"\n                          ]\n                        },\n                        \"EAF*W\",\n                        \"LQ7\",\n                        \"NP4522E\"\n                      ]\n                    },\n                    \"RD*L\",\n                    {\n                      \"or\": []\n                    }\n                  ]\n                },\n                \"UT97\",\n                {\n                  \"and\": [\n                    {\n                      \"and\": [\n                        {\n                          \"pattern\": \"PYR6506\",\n                          \"exclude\": \"OL7*59D\",\n                          \"info\": \"+W aI0.\"\n                        },\n                        \"RGL47Q\",\n                        \"QQN5741I\",\n                        \"LLS688G\",\n                        \"TPX*4F\"\n                      ]\n                    }\n                  ]\n                }\n              ]\n            },\n            \"satisfy\": [],\n            \"url\": \"http://c9-d4y-6noyvymis05mxwgrfzvl2p71lzwgs7db9csx1zemhekbsx9jkrlt6t2.r.qkulux8f.ci/:Q,_\",\n            \"info\": \".`\\\\:9u$\",\n            \"isSelectable\": true\n          }\n        },\n        \"e9V* AstF]\": {\n          \"name\": \"#%? tO%\",\n          \"ay\": 1990,\n          \"assign\": [\n            \"g{\",\n            \"Usg<+kU>BR\",\n            \"a<L|-j\"\n          ],\n          \"match\": [],\n          \"satisfy\": {\n            \"and\": [\n              {\n                \"or\": [\n                  {\n                    \"mc\": \">=77\"\n                  }\n                ]\n              },\n              \"$ v\"\n            ]\n          },\n          \"url\": \"http://a1mmgjuf3-unmpv1uc2ymtb1h3zyrx52-h5tq1ibva9m-uc1odh1n-ur03y5bd.ytxne\",\n          \"info\": \"DSe7DG<<']\",\n          \"isSelectable\": true\n        },\n        \"4&-&}-\": {\n          \"assign\": [\n            \"\",\n            \"<o=\",\n            \"}*9a\"\n          ],\n          \"match\": [\n            \"HI202N\",\n            {\n              \"pattern\": \"WZF2\",\n              \"exclude\": [\n                \"USF8\"\n              ],\n              \"info\": \"Xm<Vc}{\"\n            }\n          ],\n          \"satisfy\": \"\",\n          \"url\": \"https://5708gbawibkyygfxkoywp2j7bdz6er69u2p1l2cpojlcia668.sj-qeepd9bna94f-11yfij9rwwzq8dayj1o-wi3twk0rtgype6gfv0s4kk7k6.rgqvjdfer\",\n          \"isSelectable\": true\n        }\n      },\n      \":c\": {\n        \"name\": \"o[-T{ytAF\",\n        \"ay\": 1950,\n        \"assign\": \"X\",\n        \"match\": [\n          \"FI6x65\"\n        ],\n        \"satisfy\": [\n          {\n            \"or\": [\n              {\n                \"and\": [\n                  {\n                    \"mc\": \"<=37\"\n                  }\n                ]\n              },\n              {\n                \"and\": [\n                  {\n                    \"and\": [\n                      \"~L(*A\",\n                      {\n                        \"mc\": \">=135\"\n                      },\n                      \"hA:af|@4<1\",\n                      {\n                        \"or\": [\n                          \"B}b\",\n                          {\n                            \"and\": [\n                              \"Y#\\\"\",\n                              \">\"\n                            ]\n                          }\n                        ]\n                      },\n                      \"}!~3\"\n                    ]\n                  },\n                  {\n                    \"mc\": \"<=119\"\n                  }\n                ]\n              },\n              {\n                \"and\": [\n                  {\n                    \"mc\": \">=167\"\n                  },\n                  {\n                    \"mc\": \">=177\"\n                  },\n                  \"z7 \\\\Y!KOu8\",\n                  {\n                    \"mc\": \"<=148\"\n                  },\n                  {\n                    \"and\": [\n                      {\n                        \"and\": [\n                          \"I3X,&yPW\",\n                          {\n                            \"mc\": \"<=167\"\n                          },\n                          \"ryr\",\n                          \"\"\n                        ]\n                      },\n                      \"\",\n                      \"5\"\n                    ]\n                  }\n                ]\n              }\n            ]\n          }\n        ],\n        \"url\": \"http://9eqv9b.d4351d6nuzhjla0xknu-6uqjqsdc.gwlog/2WPF%F3%BB%BA%8Fax63/XKNA18l-@%F0%90%BA%AD//z97Fjr%F2%B0%8F%A3%F1%8C%89%A2\",\n        \"info\": \"IR;l\",\n        \"isSelectable\": true,\n        \"&J%'\": {\n          \"name\": \"!\",\n          \"match\": {\n            \"pattern\": \"JQF*25\",\n            \"exclude\": \"KP93B\",\n            \"info\": \"F[}\"\n          },\n          \"url\": \"http://60feigven5ta4aeebn7d8iuo83qrvk-hx1z4r1gjh2ec-pd.7.qxg2zn9x-jrqa16bbuhlu9wowhiw0pjhu4o6xwaqy.vuzotkpbw/iXS%F2%95%80%9CN/Akw/n~PK:wW%F2%9A%AC%8Ab/(fI%F3%B0%AC%9An;+V*t/R%EA%B8%A0,3:%F2%B8%BB%B3ScZ/AWh/7F:n9/~yJ(!t.%F3%89%B3%B0x\",\n          \"info\": \"bw)!\",\n          \"isSelectable\": true\n        }\n      },\n      \"#Rl_y\": {\n        \"name\": \"|/$Mlxy\",\n        \"assign\": \"Q\",\n        \"match\": \"AJF4052E\",\n        \"satisfy\": {\n          \"and\": []\n        },\n        \"info\": \"(pXI\\\"`VxO:\",\n        \"isSelectable\": true,\n        \"gj!\": {\n          \"name\": \"Pp[mj\",\n          \"assign\": \"$BnC]n4g{\",\n          \"match\": {\n            \"or\": [\n              \"UB6547U\",\n              {\n                \"or\": []\n              }\n            ]\n          },\n          \"satisfy\": [\n            {\n              \"and\": [\n                {\n                  \"and\": [\n                    \"O s|\",\n                    {\n                      \"mc\": \">=9\"\n                    }\n                  ]\n                },\n                {\n                  \"and\": [\n                    {\n                      \"and\": [\n                        \"shrAb!^rIm\",\n                        {\n                          \"and\": [\n                            {\n                              \"or\": [\n                                {\n                                  \"and\": [\n                                    {\n                                      \"or\": [\n                                        \"b8Y)f6~\"\n                                      ]\n                                    },\n                                    \"#FMvn^5\",\n                                    \".q.;\",\n                                    \"\",\n                                    \"|IQ\"\n                                  ]\n                                },\n                                \"E\",\n                                \"Y\\\"_`#'?t>\",\n                                \"!=~$a/]\",\n                                \"nM\"\n                              ]\n                            },\n                            \"](]1\",\n                            {\n                              \"and\": [\n                                \"\",\n                                \"(\\\"\\\\9S[r\",\n                                \"l\",\n                                \"#qGi2\"\n                              ]\n                            }\n                          ]\n                        },\n                        {\n                          \"mc\": \"<=51\"\n                        },\n                        {\n                          \"and\": [\n                            \"=Z\",\n                            \"j\",\n                            \"~d\",\n                            {\n                              \"or\": [\n                                \"]{A..[\",\n                                \"!\",\n                                \"Qk0pM'\",\n                                \"1'T*\"\n                              ]\n                            },\n                            \"8k{.2w/m7\"\n                          ]\n                        }\n                      ]\n                    },\n                    \"+2C\",\n                    \"\",\n                    \"~JHEJF*KM\",\n                    \"F$`X*aZff0\"\n                  ]\n                },\n                {\n                  \"or\": [\n                    {\n                      \"or\": [\n                        {\n                          \"and\": [\n                            {\n                              \"mc\": \"<=111\"\n                            },\n                            {\n                              \"mc\": \">=160\"\n                            },\n                            \"/AxOcVV\",\n                            \"{\"\n                          ]\n                        }\n                      ]\n                    }\n                  ]\n                },\n                {\n                  \"or\": []\n                },\n                {\n                  \"or\": [\n                    {\n                      \"or\": [\n                        \"V:7R2bM \",\n                        \"m#[&d?KLR\",\n                        {\n                          \"mc\": \"<=83\"\n                        },\n                        \"lJ>BxxuV\",\n                        \"PI\\\"0yR\"\n                      ]\n                    },\n                    {\n                      \"and\": [\n                        \"$~5`]\"\n                      ]\n                    },\n                    \"7=X_UX.}<}\",\n                    {\n                      \"and\": [\n                        \"fGW.c\\\"9\",\n                        \"d\",\n                        \"\",\n                        {\n                          \"mc\": \"<=26\"\n                        }\n                      ]\n                    },\n                    {\n                      \"and\": []\n                    }\n                  ]\n                }\n              ]\n            },\n            {\n              \"and\": [\n                \"}j+\",\n                {\n                  \"and\": [\n                    \"&9`.~Y\",\n                    \"xA$L\",\n                    \"hvwX-Nso7X\",\n                    {\n                      \"mc\": \"<=199\"\n                    }\n                  ]\n                }\n              ]\n            }\n          ],\n          \"url\": \"https://26s4r84jsp7der9adlk4mya2vk3ui2eu16fzhvw5otj17pqcq26ckxny0.wqbuairsts/%F2%BF%8E%AE%F4%8B%91%A6N~av.M//q0J7Wb*u/%F0%A8%A2%83V9@5ayi_/aG)c%F0%B4%9D%9EF2e%F2%80%AA%85/Rh/s'K/qh9%F2%BE%AE%ACaFn/D/Q%F1%92%B5%9FJq\",\n          \"info\": \"s5x1L\",\n          \"isSelectable\": true,\n          \"U{9Zu;z;~E\": {\n            \"name\": \"6z\",\n            \"ay\": 2018,\n            \"assign\": [\n              \":rie~\\\"z\"\n            ],\n            \"match\": {\n              \"pattern\": \"BLxQ\",\n              \"exclude\": \"WE3N\",\n              \"info\": \"2%n\"\n            },\n            \"satisfy\": \"L\",\n            \"url\": \"http://7z3h.xulppav1bhzvg24o5w3v0zvsw7ow5d6.qxqwn.38.gywfgpnoe/OL/gjg/w!l%F3%85%80%82_cJu\",\n            \"info\": \"8:_y/\"\n          }\n        },\n        \".y5L<R]8HR\": {\n          \"name\": \"9k3g1dwl\",\n          \"ay\": 1962,\n          \"assign\": \"B\\\"\",\n          \"info\": \"|gd`e\",\n          \"isSelectable\": true,\n          \"Ha\": {\n            \"name\": \"\",\n            \"ay\": 2008,\n            \"assign\": \"pa7\",\n            \"match\": [\n              \"PLFx\",\n              {\n                \"and\": [\n                  {\n                    \"pattern\": \"DDJ650A\",\n                    \"exclude\": \"KJE4\",\n                    \"info\": \"\"\n                  },\n                  {\n                    \"or\": [\n                      \"BKW703\",\n                      {\n                        \"and\": [\n                          \"GX03\",\n                          \"IP26W\",\n                          {\n                            \"and\": [\n                              {\n                                \"pattern\": \"IY7x69\",\n                                \"exclude\": \"JWL1R\",\n                                \"info\": \"bj-'*\"\n                              },\n                              {\n                                \"pattern\": \"KGUx0H\",\n                                \"info\": \"ZtpJ.\"\n                              },\n                              \"MVW657D\",\n                              \"PNX0\"\n                            ]\n                          },\n                          \"QW9x\"\n                        ]\n                      },\n                      {\n                        \"pattern\": \"NGQ6\",\n                        \"exclude\": \"BS75\",\n                        \"info\": \"cz\"\n                      }\n                    ]\n                  }\n                ]\n              },\n              \"ZY3843\",\n              {\n                \"or\": [\n                  \"VWS0375\",\n                  {\n                    \"or\": [\n                      {\n                        \"or\": [\n                          {\n                            \"and\": [\n                              \"QQB*32*L\",\n                              \"JK7\",\n                              \"CG9*99\"\n                            ]\n                          },\n                          {\n                            \"pattern\": \"FQR8021\",\n                            \"exclude\": [],\n                            \"info\": \"ZX\"\n                          },\n                          \"RUJ6*8C\"\n                        ]\n                      }\n                    ]\n                  }\n                ]\n              },\n              {\n                \"and\": [\n                  \"ET03xK\",\n                  {\n                    \"or\": [\n                      \"FJO644R\"\n                    ]\n                  },\n                  {\n                    \"pattern\": \"MYU001\",\n                    \"exclude\": [\n                      \"JET4\"\n                    ]\n                  },\n                  \"NA36\"\n                ]\n              }\n            ],\n            \"satisfy\": [\n              {\n                \"mc\": \">=189\"\n              },\n              {\n                \"mc\": \"<=133\"\n              },\n              {\n                \"or\": [\n                  \"~5^\",\n                  \"Mvj\"\n                ]\n              },\n              {\n                \"mc\": \">=136\"\n              }\n            ],\n            \"url\": \"http://5q0nl7klif5vp7pd4y7hw8b3lnidri6ze9vcf5n-hvvnntgx8a0sc5aq.t.6n830osimc388uto3lqiw4jh32z65wv-9uye30pyry.e.bnhf/v/w$b0W'/4NA%F0%98%A8%AE/sLm1/9lvv/SBTQR%F2%9F%86%85//YN*:bX'5Ep/:VzGaFiw/-I,SgwV%F2%80%A1%BEZb\",\n            \"info\": \"Fzlp\",\n            \"isSelectable\": true\n          },\n          \"wEG>WVU)!\": {\n            \"name\": \".8l1Z1\",\n            \"ay\": 1977,\n            \"assign\": \"qzQME_9>h\",\n            \"match\": [\n              {\n                \"and\": [\n                  {\n                    \"pattern\": \"OAJ93S\",\n                    \"exclude\": \"AU*E\",\n                    \"info\": \"'g7p^!v\"\n                  },\n                  \"KUT0621\",\n                  {\n                    \"pattern\": \"JA13\",\n                    \"exclude\": [\n                      \"TFV912C\"\n                    ],\n                    \"info\": \"@h\"\n                  },\n                  \"CS789\"\n                ]\n              },\n              {\n                \"pattern\": \"ZF32xT\",\n                \"info\": \"^L1wq>W3\"\n              },\n              {\n                \"and\": [\n                  {\n                    \"pattern\": \"ENI2H\",\n                    \"info\": \"zM9Ig\"\n                  },\n                  {\n                    \"and\": [\n                      \"KPD455\",\n                      \"EI599\",\n                      {\n                        \"pattern\": \"LU7K\",\n                        \"exclude\": \"BYY57\",\n                        \"info\": \"VC&TU~UY_&\"\n                      }\n                    ]\n                  },\n                  {\n                    \"pattern\": \"JYL13W\",\n                    \"exclude\": \"GYx2J\",\n                    \"info\": \"f(1kOw8(q\"\n                  }\n                ]\n              },\n              {\n                \"and\": [\n                  {\n                    \"and\": [\n                      \"CB7666R\",\n                      \"XJ36R\"\n                    ]\n                  },\n                  {\n                    \"or\": []\n                  },\n                  {\n                    \"pattern\": \"FF684\",\n                    \"info\": \"`i8#l!lhF\"\n                  },\n                  {\n                    \"or\": [\n                      {\n                        \"and\": [\n                          \"RLxH\",\n                          \"DX2701J\",\n                          \"ST24x9S\"\n                        ]\n                      },\n                      {\n                        \"pattern\": \"KB8D\",\n                        \"exclude\": [\n                          \"MJK1681J\",\n                          \"SQ430x\"\n                        ],\n                        \"info\": \")8{ lKzVC\"\n                      }\n                    ]\n                  },\n                  {\n                    \"or\": [\n                      \"QHJ797\"\n                    ]\n                  }\n                ]\n              }\n            ],\n            \"satisfy\": {\n              \"mc\": \"<=130\"\n            },\n            \"url\": \"http://2m2tiyk-s5h0vthcj5pz6sjn0dh2awk38c-8kxenxckx1ux54n12rxgat9nfdr.rpzztl36wyg.itvlbpxz2zbaek72hdevk420q24bd837gy15i3u2mercdrlc2xr6kn.ef/J$'%F0%9F%AA%BC.s$%F0%B7%89%ADm\",\n            \"info\": \"\",\n            \"isSelectable\": true\n          },\n          \"=0Fbv/c,\": {\n            \"name\": \"+*a722=DhT\",\n            \"ay\": 2022,\n            \"assign\": \"C$kno\\\\(iD\",\n            \"match\": [\n              {\n                \"pattern\": \"VZ2952\",\n                \"exclude\": \"ZST42\",\n                \"info\": \"y\"\n              }\n            ],\n            \"satisfy\": [\n              {\n                \"mc\": \"<=39\"\n              },\n              {\n                \"mc\": \"<=25\"\n              },\n              {\n                \"and\": [\n                  \"Z5DAd8?Kn5\"\n                ]\n              },\n              {\n                \"mc\": \">=8\"\n              },\n              {\n                \"mc\": \"<=115\"\n              }\n            ],\n            \"info\": \"^tPo1\\\\kV \",\n            \"isSelectable\": true\n          }\n        },\n        \"`F2\\\\Dx\": {\n          \"name\": \"Q\",\n          \"assign\": \"9485gkm\",\n          \"match\": [\n            \"JWR816\",\n            {\n              \"and\": [\n                {\n                  \"or\": [\n                    {\n                      \"and\": [\n                        {\n                          \"or\": [\n                            \"SWD820G\"\n                          ]\n                        },\n                        {\n                          \"pattern\": \"DM66X\",\n                          \"info\": \" O\"\n                        },\n                        \"EQX2561\",\n                        \"SS440R\"\n                      ]\n                    },\n                    {\n                      \"and\": [\n                        {\n                          \"or\": [\n                            \"ZP8871\"\n                          ]\n                        },\n                        \"LOW1*1\",\n                        \"PO3\",\n                        \"OHM6\",\n                        \"LST9\"\n                      ]\n                    },\n                    {\n                      \"or\": [\n                        \"UA1266H\"\n                      ]\n                    },\n                    {\n                      \"and\": []\n                    }\n                  ]\n                },\n                {\n                  \"pattern\": \"IE4R\",\n                  \"info\": \"7\"\n                },\n                \"HI822x\"\n              ]\n            }\n          ],\n          \"satisfy\": {\n            \"or\": [\n              {\n                \"and\": []\n              },\n              {\n                \"or\": [\n                  {\n                    \"mc\": \">=42\"\n                  },\n                  {\n                    \"mc\": \">=53\"\n                  },\n                  \"rCJm5qE9\\\\[\",\n                  {\n                    \"mc\": \"<=17\"\n                  },\n                  \"J-'U%EG~o\"\n                ]\n              },\n              {\n                \"and\": [\n                  \"s$*iU<\\\"\",\n                  \"Scp\\\"S\",\n                  \"6\"\n                ]\n              },\n              {\n                \"mc\": \">=39\"\n              },\n              {\n                \"or\": [\n                  {\n                    \"and\": []\n                  }\n                ]\n              }\n            ]\n          },\n          \"url\": \"http://uws8oqbc2t148hu-ra5j-h6n9cr-4ussphmd6x56wx4wtnqqzfcro5z9yuz0s.s.zpivh6ap6z6jul38pr7j2uejqri8b4d4cbe4.vg67lg3lx7hgz.1-gq3.gpjhje/%F0%BD%A2%95&HzOhkt/1n0/Dsl3wbY/\"\n        }\n      }\n    }\n  },\n  {\n    \"title\": \"block sample 1\",\n    \"value\": {\n      \"3\": {\n        \"name\": \"\\\"\\\"Vv;\",\n        \"assign\": [\n          \"z`b}nSY$\",\n          \"/N>u^/<6(,\",\n          \"1Yde\",\n          \"(ZnF}=\"\n        ],\n        \"match\": {\n          \"or\": [\n            {\n              \"or\": [\n                \"XN348S\",\n                {\n                  \"or\": [\n                    \"OX9xK\"\n                  ]\n                }\n              ]\n            },\n            {\n              \"or\": [\n                {\n                  \"or\": [\n                    {\n                      \"or\": [\n                        {\n                          \"or\": [\n                            \"BCx43N\"\n                          ]\n                        },\n                        \"YXY32O\",\n                        {\n                          \"pattern\": \"SF84\",\n                          \"exclude\": \"PM190\",\n                          \"info\": \"\"\n                        },\n                        \"HY9\"\n                      ]\n                    },\n                    \"JK29W\",\n                    {\n                      \"pattern\": \"XX6\",\n                      \"exclude\": \"EF3F\",\n                      \"info\": \"O\"\n                    },\n                    \"SIP9x*7W\",\n                    {\n                      \"pattern\": \"FTKx2N\",\n                      \"exclude\": [\n                        \"RB4E\",\n                        \"MG5\",\n                        \"FXBxC\"\n                      ],\n                      \"info\": \"\\\\)N5^\"\n                    }\n                  ]\n                },\n                {\n                  \"and\": [\n                    \"UTW74W\",\n                    {\n                      \"and\": [\n                        \"JTQ13V\",\n                        \"JE4*59\",\n                        {\n                          \"or\": [\n                            \"PU22*\",\n                            \"LNK015*\",\n                            \"BDZ74F\"\n                          ]\n                        },\n                        \"VVS*776\",\n                        \"UMU1\"\n                      ]\n                    }\n                  ]\n                }\n              ]\n            },\n            {\n              \"pattern\": \"DMx2\",\n              \"exclude\": \"EUT5\"\n            },\n            {\n              \"and\": [\n                {\n                  \"or\": [\n                    \"HGX*C\",\n                    \"EM0xA\",\n                    \"OK3706R\"\n                  ]\n                }\n              ]\n            }\n          ]\n        },\n        \"satisfy\": {\n          \"mc\": \">=196\"\n        },\n        \"url\": \"https://f.bdi//~S3TfBOGa//_wJyhC%F0%98%94%82/)1JGd/F%F1%93%B9%A81Mk~z3/f1=%F3%B2%A8%99gI'@v\",\n        \"info\": \"\",\n        \"isSelectable\": true\n      },\n      \"name\": \"z6~$#S\",\n      \"ay\": 2028,\n      \"assign\": \"8\\\":9B~%&\\\" \",\n      \"match\": {\n        \"pattern\": \"GH79\",\n        \"exclude\": []\n      },\n      \"satisfy\": [\n        \")]Z{\"\n      ],\n      \"url\": \"http://a9qdsyacfraddzfa4-6l.2.ct0uyj7pj7vk2hxyvcrfp93o2y572qmx5sxmz1c0hxg-wd.cvba6at.k5-sr9kbwej2c5unspt54f9yo.oav//YaaGfhi%F3%AB%8C%AC/M++/)Nl/$c_.Tsl*/%F3%89%A5%AB;U/b.D%F0%97%A5%A9p%E6%97%AB_://ojQApVR%F0%9D%9F%948/II\",\n      \"isSelectable\": true,\n      \".\\\"$%M% E|\": {\n        \"ay\": 2023,\n        \"assign\": [\n          \"`.3mfb%\",\n          \"\\\"B\",\n          \"4[+jRiV\",\n          \"`\"\n        ],\n        \"satisfy\": \">e\",\n        \"url\": \"https://kp4gr.xcgh-86270e6bubwhwkg-sw6-e8cqk73z8w0ezaxwzr93ksjzcux.bdp7zxtld26.o.yr2giwn2w6kriq66ll5cca2byjcrq3e2nak85uc-dvsnacwc-s5s95z4k8i6.vm/Gp68Hd/Ydt/Hj8z7$'=d1/)o3K@GSw/+-;X+vh~8\",\n        \"isSelectable\": true\n      },\n      \"H&<){\": {\n        \"name\": \"\",\n        \"ay\": 1953,\n        \"assign\": [\n          \"(\",\n          \"Lo;|$\\\"\",\n          \"/n2\",\n          \"Lw5/\",\n          \"B7*{Q\"\n        ],\n        \"match\": [\n          \"RV799*O\",\n          {\n            \"or\": []\n          },\n          {\n            \"or\": [\n              {\n                \"pattern\": \"QOV57\",\n                \"exclude\": [\n                  \"DC8165E\",\n                  \"HS729A\",\n                  \"VIU400\"\n                ]\n              },\n              {\n                \"or\": [\n                  {\n                    \"pattern\": \"KHQ66\",\n                    \"exclude\": \"ILR**9R\",\n                    \"info\": \"/?[,]Vwc\"\n                  },\n                  {\n                    \"or\": [\n                      \"BFX9582\",\n                      \"RSB88*6P\",\n                      \"EB5\",\n                      {\n                        \"and\": [\n                          \"XIW3\",\n                          \"BMA4K\",\n                          \"JPP7C\",\n                          \"CSH9*85G\",\n                          {\n                            \"or\": [\n                              \"OIT0315E\",\n                              \"SG5097J\",\n                              \"CPC0\",\n                              \"AB43\",\n                              \"AVK664\"\n                            ]\n                          }\n                        ]\n                      }\n                    ]\n                  }\n                ]\n              },\n              {\n                \"pattern\": \"RU45x8K\",\n                \"info\": \"gXW\"\n              },\n              {\n                \"pattern\": \"SVCx\",\n                \"exclude\": [\n                  \"KL8452\",\n                  \"YQ9\",\n                  \"SJG05x6\"\n                ],\n                \"info\": \"SYK5v\"\n              },\n              {\n                \"and\": [\n                  {\n                    \"and\": [\n                      {\n                        \"or\": [\n                          {\n                            \"or\": [\n                              \"AHG4702P\",\n                              \"PL1T\",\n                              \"QMN0902W\",\n                              \"AS50W\",\n                              \"EEA7\"\n                            ]\n                          },\n                          {\n                            \"pattern\": \"KR*398A\",\n                            \"exclude\": \"FI3M\"\n                          }\n                        ]\n                      },\n                      \"IRS0\",\n                      \"TQK958Z\",\n                      {\n                        \"or\": [\n                          \"DHE4421J\",\n                          \"TS0x67\",\n                          \"ZHxx2\",\n                          \"MRT01*2H\",\n                          \"VV68A\"\n                        ]\n                      }\n                    ]\n                  },\n                  {\n                    \"pattern\": \"YXX40*8W\",\n                    \"exclude\": \"WYI46x\"\n                  }\n                ]\n              }\n            ]\n          }\n        ],\n        \"satisfy\": [\n          {\n            \"mc\": \"<=153\"\n          }\n        ],\n        \"info\": \"\",\n        \"isSelectable\": true,\n        \"AhID\": {\n          \"91\": {\n            \"name\": \":L5w@R\",\n            \"match\": {\n              \"and\": [\n                {\n                  \"or\": []\n                },\n                {\n                  \"or\": []\n                },\n                {\n                  \"and\": [\n                    \"OV*I\",\n                    \"EAZ32*\",\n                    {\n                      \"or\": []\n                    },\n                    \"GD7xxU\"\n                  ]\n                }\n              ]\n            },\n            \"satisfy\": {\n              \"or\": []\n            },\n            \"url\": \"http://8uiaw9.k2b97oty.x3490fd3e6x3p6luzdm2yi6i0pc5kg264f3.e5l5p3m9y1ip7n6rgxwn475dgat79p830.0.yb\",\n            \"info\": \"B3[JDM`;D\"\n          },\n          \"name\": \"S(@`oSy\",\n          \"ay\": 1955,\n          \"assign\": [\n            \"+;qai5</z=\",\n            \"\",\n            \"j[X\",\n            \"(k\"\n          ],\n          \"match\": {\n            \"or\": [\n              {\n                \"and\": []\n              }\n            ]\n          },\n          \"satisfy\": [\n            {\n              \"or\": [\n                {\n                  \"mc\": \"<=130\"\n                },\n                \"di&6Fx\",\n                {\n                  \"or\": []\n                },\n                {\n                  \"mc\": \"<=125\"\n                },\n                \"1^\\\\A?9KRaC\"\n              ]\n            },\n            {\n              \"and\": [\n                \"\",\n                {\n                  \"mc\": \"<=52\"\n                },\n                \")K[GXBJt.\",\n                {\n                  \"and\": [\n                    {\n                      \"mc\": \"<=161\"\n                    },\n                    {\n                      \"mc\": \"<=37\"\n                    },\n                    {\n                      \"and\": [\n                        {\n                          \"mc\": \"<=117\"\n                        },\n                        \".X~!0^|,\",\n                        \"zh>eo`3AO)\"\n                      ]\n                    },\n                    \"7JuGH|\\\"\"\n                  ]\n                },\n                {\n                  \"or\": [\n                    \"@{P-'O4&E\",\n                    {\n                      \"or\": []\n                    },\n                    {\n                      \"or\": [\n                        \"0C!/RR\",\n                        \"Q&cpD3+\",\n                        {\n                          \"or\": [\n                            \"!i[aD-;#\",\n                            \"[fmIC9m!P\"\n                          ]\n                        },\n                        {\n                          \"and\": [\n                            {\n                              \"or\": [\n                                \"2S{|o')w\",\n                                \"?\",\n                                \"Zj)4U]x7\",\n                                \"\"\n                              ]\n                            },\n                            \"1{))227\",\n                            \"n:qR*\",\n                            {\n                              \"or\": [\n                                \"+M~{$\",\n                                \"7uzv|Hh\"\n                              ]\n                            },\n                            \"J@5:5r3CV\"\n                          ]\n                        },\n                        {\n                          \"and\": [\n                            \"T@4wiU6A(x\"\n                          ]\n                        }\n                      ]\n                    },\n                    \"{z/dhycf0\",\n                    \"$Zige\"\n                  ]\n                }\n              ]\n            },\n            {\n              \"and\": [\n                {\n                  \"mc\": \"<=25\"\n                },\n                {\n                  \"or\": [\n                    \"H@//fRM\"\n                  ]\n                }\n              ]\n            }\n          ],\n          \"url\": \"http://z3zzp-1hhdj6xqm-e.fuiocomn/%F2%B1%85%8F9/olO,/VpZ,%F4%87%96%ACM/jMh%F3%A6%B4%89%F2%9C%AD%A6ytmWO/e;%ED%98%92bJ89.T\",\n          \"isSelectable\": true,\n          \"h~g*()Fa7\": {\n            \"name\": \"=q=Wh5?Yj\",\n            \"ay\": 1967,\n            \"assign\": \"H,lK~\",\n            \"match\": [\n              {\n                \"and\": [\n                  \"LFY8O\",\n                  \"NFB0405E\",\n                  {\n                    \"and\": [\n                      {\n                        \"and\": [\n                          \"BWQ1x9\",\n                          {\n                            \"or\": [\n                              {\n                                \"pattern\": \"OH6\",\n                                \"exclude\": \"QWZ3827\",\n                                \"info\": \"RRAM@$2\"\n                              },\n                              \"MQ766\",\n                              {\n                                \"or\": [\n                                  \"ODR183X\",\n                                  \"OBT7S\",\n                                  \"LYxx5xZ\",\n                                  \"WRT1x69\"\n                                ]\n                              },\n                              \"XA543J\"\n                            ]\n                          },\n                          \"ZWx819E\",\n                          \"HC2071\",\n                          \"TPxN\"\n                        ]\n                      },\n                      {\n                        \"or\": [\n                          {\n                            \"pattern\": \"WQ56T\",\n                            \"exclude\": [],\n                            \"info\": \"<wT/\"\n                          },\n                          \"CW561\",\n                          {\n                            \"or\": [\n                              \"MJ53X\",\n                              {\n                                \"or\": [\n                                  \"GSM48\",\n                                  \"LMx57*R\",\n                                  \"HU8M\",\n                                  \"MTNx724K\",\n                                  \"FGZ480x\"\n                                ]\n                              },\n                              \"KOX056\",\n                              \"ME1\"\n                            ]\n                          },\n                          \"FV*\"\n                        ]\n                      },\n                      {\n                        \"pattern\": \"BH084T\",\n                        \"exclude\": \"CCx*U\",\n                        \"info\": \"]\"\n                      },\n                      {\n                        \"pattern\": \"JMG108Y\",\n                        \"exclude\": \"TV05M\",\n                        \"info\": \"6\"\n                      },\n                      {\n                        \"or\": []\n                      }\n                    ]\n                  },\n                  {\n                    \"or\": [\n                      {\n                        \"pattern\": \"LDZ*2\",\n                        \"exclude\": \"BL7Y\"\n                      },\n                      \"CTQ83O\"\n                    ]\n                  },\n                  {\n                    \"or\": []\n                  }\n                ]\n              }\n            ],\n            \"satisfy\": [\n              {\n                \"mc\": \"<=130\"\n              },\n              {\n                \"and\": [\n                  {\n                    \"and\": []\n                  },\n                  \"o]D?.EKs\",\n                  {\n                    \"mc\": \"<=95\"\n                  },\n                  {\n                    \"or\": [\n                      \")\",\n                      \"Wl:s\",\n                      {\n                        \"mc\": \">=64\"\n                      },\n                      {\n                        \"mc\": \">=41\"\n                      },\n                      {\n                        \"mc\": \"<=123\"\n                      }\n                    ]\n                  }\n                ]\n              }\n            ],\n            \"url\": \"http://bj9e.i.j07x-i9uvyfv17oni7ojt6kis9dbherhexo9-pitlcc12.8y-qmbxrtz5l-kgm8vmwez9e-33nvv36chlh6tvn6pa7i8w.alpfr/v'/m%F2%84%89%B5k4z@xgC/q///IK%F2%83%A6%800%F3%B5%86%83/2I/S%F3%A1%B8%8Ag;%F2%A5%86%B5ZRV!/d_eMN\",\n            \"isSelectable\": true\n          },\n          \"B.\": {\n            \"name\": \"Qx2Fm&\",\n            \"ay\": 1976,\n            \"assign\": \"0FmI\",\n            \"match\": [],\n            \"satisfy\": [\n              {\n                \"and\": []\n              },\n              {\n                \"or\": []\n              },\n              {\n                \"or\": [\n                  {\n                    \"or\": [\n                      \"v;P2\",\n                      \"/Ftz] 4_O\",\n                      \"\",\n                      {\n                        \"or\": [\n                          \">!\"\n                        ]\n                      }\n                    ]\n                  },\n                  {\n                    \"mc\": \"<=108\"\n                  }\n                ]\n              },\n              \"8O\",\n              {\n                \"mc\": \">=55\"\n              }\n            ],\n            \"url\": \"https://6xjro2fz3.fbuyznyc/a+;NKc0%EF%A7%AC8\",\n            \"info\": \":*5D\"\n          },\n          \"Xg: 4\": {\n            \"name\": \"UXuc\",\n            \"ay\": 2027,\n            \"assign\": \"n_$ }\",\n            \"match\": [\n              {\n                \"and\": [\n                  {\n                    \"or\": [\n                      \"RIA5720\",\n                      {\n                        \"pattern\": \"AX2\",\n                        \"exclude\": [],\n                        \"info\": \"pw/G\"\n                      },\n                      \"VVM51\",\n                      {\n                        \"or\": [\n                          {\n                            \"pattern\": \"CF7x\",\n                            \"exclude\": [],\n                            \"info\": \"\"\n                          },\n                          \"BFQxV\",\n                          \"WGK*58\",\n                          \"FXEx2V\",\n                          \"CC4\"\n                        ]\n                      },\n                      \"FNP48\"\n                    ]\n                  },\n                  {\n                    \"or\": []\n                  },\n                  {\n                    \"pattern\": \"WV9B\",\n                    \"exclude\": [\n                      \"FQN7F\"\n                    ],\n                    \"info\": \"\"\n                  }\n                ]\n              },\n              {\n                \"or\": [\n                  {\n                    \"and\": [\n                      {\n                        \"pattern\": \"CUKx5xE\",\n                        \"exclude\": [\n                          \"QO67\"\n                        ],\n                        \"info\": \",E!\"\n                      },\n                      \"HB29xN\",\n                      {\n                        \"and\": [\n                          {\n                            \"and\": [\n                              \"LYC9L\"\n                            ]\n                          }\n                        ]\n                      },\n                      \"YQ3C\"\n                    ]\n                  },\n                  \"QKSx1\"\n                ]\n              },\n              {\n                \"pattern\": \"YB4\",\n                \"exclude\": \"OH332N\",\n                \"info\": \"[O!1\"\n              },\n              {\n                \"or\": [\n                  \"YDN1B\",\n                  {\n                    \"pattern\": \"PT5\",\n                    \"exclude\": \"LD2\",\n                    \"info\": \"pH?ZieH3\"\n                  },\n                  {\n                    \"or\": [\n                      {\n                        \"or\": [\n                          {\n                            \"pattern\": \"CJZ4*\",\n                            \"exclude\": \"EBA1*7\"\n                          },\n                          \"FDT671*\",\n                          {\n                            \"pattern\": \"LE3\",\n                            \"info\": \"OUn\"\n                          },\n                          \"DLA7176E\"\n                        ]\n                      },\n                      \"HJ*1\",\n                      {\n                        \"and\": [\n                          {\n                            \"or\": []\n                          },\n                          {\n                            \"pattern\": \"GFP2\",\n                            \"exclude\": [\n                              \"NJ85x7B\",\n                              \"CA2\",\n                              \"JE*8K\",\n                              \"ZAK408\",\n                              \"FJV8Q\"\n                            ],\n                            \"info\": \"}'uMn\"\n                          }\n                        ]\n                      }\n                    ]\n                  },\n                  \"DT00B\",\n                  {\n                    \"and\": [\n                      {\n                        \"and\": []\n                      },\n                      {\n                        \"and\": [\n                          {\n                            \"or\": [\n                              \"IY724*C\",\n                              \"PO0R\",\n                              \"UTR9X\",\n                              \"PB70xB\"\n                            ]\n                          }\n                        ]\n                      }\n                    ]\n                  }\n                ]\n              },\n              {\n                \"and\": []\n              }\n            ],\n            \"satisfy\": \"c\",\n            \"url\": \"http://gw9iu69pkye4d369053pyq-732lizvryhd2wl1w0w0dfhvd29c22xlya-d.tti/MR!8@oB%F3%86%8B%8B/6*&dvz\",\n            \"info\": \"v<DRNP-u\",\n            \"isSelectable\": true\n          },\n          \"=D%c!haz~\": {\n            \"name\": \">|W$LB#@\",\n            \"ay\": 1968,\n            \"match\": [\n              {\n                \"and\": [\n                  {\n                    \"pattern\": \"HP4008\",\n                    \"exclude\": \"KZ01\",\n                    \"info\": \"q\"\n                  }\n                ]\n              }\n            ],\n            \"url\": \"https://4.9ds9q9y37gkfil4xndwqo2jcv-c2y-g99rr4z4sftgxub6w39.rtrsfcfap/:PFj%F3%82%B7%88I~r%F1%84%A8%98/P7aq:GM$/AnKyzFuQ/%F2%B6%93%8C/Wb2/7%F1%B3%A4%91;v83/e*m=/f8cUU@kK/4Ou4'/vBd53%F1%B6%A3%A1d\",\n            \"info\": \"zoqVy:Zr#\",\n            \"isSelectable\": true,\n            \"\": {\n              \"name\": \"\",\n              \"ay\": 1966,\n              \"assign\": [\n                \"g_\"\n              ],\n              \"match\": [\n                {\n                  \"pattern\": \"COB5*5\",\n                  \"info\": \"m\"\n                },\n                {\n                  \"or\": [\n                    \"AS*\",\n                    {\n                      \"and\": []\n                    },\n                    {\n                      \"and\": [\n                        {\n                          \"or\": []\n                        },\n                        \"OO6\",\n                        {\n                          \"or\": []\n                        },\n                        \"XA189X\"\n                      ]\n                    },\n                    \"FC*173V\"\n                  ]\n                },\n                {\n                  \"and\": [\n                    {\n                      \"pattern\": \"EF4S\",\n                      \"exclude\": \"KTX0260\",\n                      \"info\": \"PAmKZ:q[\"\n                    },\n                    \"AP340O\",\n                    {\n                      \"and\": [\n                        \"UZ0493\",\n                        \"AXO32Q\",\n                        {\n                          \"or\": [\n                            {\n                              \"pattern\": \"EM55\",\n                              \"info\": \"S8Ht_I\"\n                            },\n                            {\n                              \"pattern\": \"TGV204xI\",\n                              \"exclude\": \"NBC533J\",\n                              \"info\": \"*jT7/ \"\n                            },\n                            {\n                              \"pattern\": \"POS3\",\n                              \"exclude\": \"BRLx\",\n                              \"info\": \"7\"\n                            }\n                          ]\n                        }\n                      ]\n                    }\n                  ]\n                }\n              ],\n              \"satisfy\": {\n                \"mc\": \">=154\"\n              },\n              \"url\": \"https://r9m0onub5fcf55qpeu4x3o2dw91722bplls0e7n-tcfi6z58e58.djviuny4papb2gy8znrr79dor4e33zrc7j9q13yq.19ls7mt-td6bg2fpninet-r89ab6abo24ukvuxuakan46nthsabjiy2-0.bzlaqiugse/%F1%84%A0%B2lLjrDM/T/@%F3%8A%8F%BC*lOZ~3%F3%BE%9D%89/\",\n              \"info\": \"v'1i?\"\n            },\n            \"Rp%]\": {\n              \"name\": \"Mv_u$5]@\",\n              \"assign\": [\n                \"Fu=,\",\n                \"xeO1Vy:d0\"\n              ],\n              \"match\": \"IN9\",\n              \"satisfy\": [],\n              \"url\": \"http://e.ml/b/F;GxL'+Ft2/%F1%81%A6%A3/~K9@_%F0%A1%8B%98Z8k/;*WP~7i!sy/q9OjbX;P3i/S/zR\",\n              \"info\": \"ANI4'\",\n              \"isSelectable\": true\n            },\n            \"ZN\": {\n              \"ay\": 2017,\n              \"assign\": \"wSen#%b:8-\",\n              \"satisfy\": [\n                {\n                  \"mc\": \">=2\"\n                },\n                {\n                  \"or\": [\n                    {\n                      \"or\": [\n                        \"\",\n                        {\n                          \"mc\": \">=82\"\n                        },\n                        {\n                          \"mc\": \"<=175\"\n                        },\n                        \"2 =<s,$5?1\",\n                        {\n                          \"mc\": \">=175\"\n                        }\n                      ]\n                    },\n                    {\n                      \"and\": [\n                        {\n                          \"or\": []\n                        },\n                        \"-y:H_U5D\"\n                      ]\n                    },\n                    {\n                      \"mc\": \"<=95\"\n                    },\n                    \"e>#\"\n                  ]\n                },\n                \"<\",\n                {\n                  \"or\": [\n                    {\n                      \"or\": [\n                        {\n                          \"or\": [\n                            {\n                              \"or\": [\n                                \"-v\",\n                                \"-rU]<Nan\",\n                                \"!5]]0{\\\"g;b\",\n                                \"9}st\\\"63,tY\",\n                                {\n                                  \"or\": [\n                                    \"D2pTByF\",\n                                    \"DfX2N<\"\n                                  ]\n                                }\n                              ]\n                            },\n                            {\n                              \"and\": []\n                            },\n                            \"|QeV\",\n                            \"]vR>P\",\n                            {\n                              \"or\": [\n                                \"C;TV8Y\",\n                                \"M\",\n                                \"\"\n                              ]\n                            }\n                          ]\n                        },\n                        \"1X|&c^\\\\^?\"\n                      ]\n                    },\n                    {\n                      \"and\": [\n                        {\n                          \"and\": [\n                            {\n                              \"mc\": \"<=104\"\n                            },\n                            {\n                              \"or\": [\n                                \"O`EU3OYkSX\",\n                                \"CVb^kwso'\",\n                                \"jN\"\n                              ]\n                            },\n                            \"1B|vh\",\n                            \".\"\n                          ]\n                        }\n                      ]\n                    }\n                  ]\n                },\n                \">\"\n              ],\n              \"url\": \"http://q.oyq94fl581-7ffscbwxtnu0-jbzbq9fqka9zkfhbu-jeh2ne4ljhac.npkpdrgz/kGi%E5%B7%8B'WJL/cl%F1%84%AC%96W\",\n              \"info\": \"JAFXX\",\n              \"isSelectable\": true\n            }\n          }\n        },\n        \"\": {\n          \"name\": \"@\",\n          \"ay\": 1987,\n          \"satisfy\": [\n            {\n              \"mc\": \"<=25\"\n            },\n            {\n              \"or\": [\n                {\n                  \"and\": [\n                    {\n                      \"mc\": \"<=97\"\n                    }\n                  ]\n                },\n                {\n                  \"and\": [\n                    {\n                      \"mc\": \">=9\"\n                    },\n                    \"h`|;-/^f\",\n                    \"u,\",\n                    {\n                      \"and\": [\n                        {\n                          \"and\": []\n                        },\n                        {\n                          \"mc\": \">=1\"\n                        },\n                        \"Bu-\",\n                        \"H_d\\\"\"\n                      ]\n                    }\n                  ]\n                }\n              ]\n            },\n            {\n              \"mc\": \">=179\"\n            }\n          ],\n          \"url\": \"http://mydzfyx9-c4drbruetzr29l9ey0ap0nz5wh.p.neh-b259vqnlyovce2.54nw3bpf1t2vozjzxzemq2eyrhevbvtktzpkznwl84-wq.17q0ecq1zffuyd5u2-13h70a4981-phujd-hb7dfcji745-r6-vvr2cmvyqbcw0.frttdgtrt/!U*=/jP009ut_/2$@&Mz+/$0W.ME$%F2%BD%BF%A6p/)Xa/v(%E4%8D%9A/)8X%F1%99%96%8FWx5N/@VL6Yec;\",\n          \"info\": \"S~[_\",\n          \"isSelectable\": true\n        }\n      },\n      \"}gF%O6v<&\": {\n        \"name\": \"l{@\",\n        \"ay\": 1990,\n        \"assign\": \"v)\",\n        \"match\": {\n          \"pattern\": \"CP0\",\n          \"info\": \"#\"\n        },\n        \"satisfy\": {\n          \"or\": [\n            {\n              \"and\": [\n                {\n                  \"mc\": \"<=145\"\n                }\n              ]\n            },\n            \"\"\n          ]\n        },\n        \"url\": \"https://z0pwe57mg6icki54.bk1qwpbswv1j7ljxuy14jwo0-90nyutv-dhm5140cyylh-jze-rlee5.ee\",\n        \"info\": \"w$&Z\\\\y!{\",\n        \"isSelectable\": true\n      },\n      \"B+jGiV?$D\": {\n        \"name\": \"%W\",\n        \"ay\": 2004,\n        \"assign\": \"H6>3QP(uZ2\",\n        \"satisfy\": {\n          \"or\": []\n        },\n        \"url\": \"http://j.zg4qh6eyij0uxoy0p0t-d8ts42d0i.sx/oaUnK/u@*/nJ/C@Hk/:f/*;j/N+;0afkKgS/dg\",\n        \"isSelectable\": true\n      }\n    }\n  },\n  {\n    \"title\": \"block sample 2\",\n    \"value\": {\n      \"name\": \"6 `k/4^\\\\ n\",\n      \"assign\": [],\n      \"satisfy\": [\n        \"|\"\n      ],\n      \"url\": \"https://clc19kdpbp20tnu2x2-8iqzbacig1s8d2wh4hfmkjb9513n-ziw3s6.wpznsz/yd;@/d5Cdu\",\n      \"info\": \"!~\",\n      \"isSelectable\": true,\n      \":\": {\n        \"name\": \"sCA%\",\n        \"ay\": 2007,\n        \"assign\": [\n          \"9TT%,\",\n          \"#\",\n          \"9^sI\",\n          \"FhN|XfO\",\n          \"kC0't=X G\"\n        ],\n        \"satisfy\": {\n          \"mc\": \"<=57\"\n        },\n        \"url\": \"http://9sd-3fk90ek1o1nf6y.pasav9x0ou6ziev50kz1hsgliqim82wnna529eoug9qbwdhgw9tir.kbivzmuvm/hyP/RrZ%F4%8B%BE%BEqy00s/N/3X/\",\n        \"info\": \"uXlY6\",\n        \"isSelectable\": true\n      },\n      \"eH:pn\": {\n        \"name\": \"\\\"B/N}klv\",\n        \"ay\": 1963,\n        \"match\": {\n          \"pattern\": \"OO589U\",\n          \"exclude\": []\n        },\n        \"satisfy\": {\n          \"mc\": \">=96\"\n        },\n        \"url\": \"https://ou1.nigyx-8w4n0s6ftzjf14z85iaj8ttf6vdujrqw4j3pvuy.9hjf82l70ys-zohy7zukuf0qu801ahz9fakxhxg5v05cc9xqsa1t82so.473ebjto8wx63t.gsxcz/p2c*s!/lw//%F1%BC%AA%A1Uj/i+Yh3tt!/0,%E8%90%AB8/z9f'V03m/V\",\n        \"isSelectable\": true\n      },\n      \"TG<H=C_\": {\n        \"name\": \"fz\\\"B:Ol\",\n        \"ay\": 1959,\n        \"assign\": \"yo\",\n        \"match\": [\n          {\n            \"or\": [\n              \"OJI3448\",\n              {\n                \"and\": [\n                  {\n                    \"and\": [\n                      \"OVL488\",\n                      \"JYTx2T\",\n                      \"JO392\"\n                    ]\n                  },\n                  {\n                    \"or\": [\n                      {\n                        \"or\": [\n                          {\n                            \"pattern\": \"RU9\",\n                            \"exclude\": \"DXC90x9\"\n                          }\n                        ]\n                      },\n                      \"NIJx77J\"\n                    ]\n                  },\n                  {\n                    \"pattern\": \"XY51\",\n                    \"exclude\": [],\n                    \"info\": \"pKD\"\n                  },\n                  \"MVG1C\",\n                  \"ES4\"\n                ]\n              }\n            ]\n          },\n          {\n            \"or\": [\n              {\n                \"and\": [\n                  \"MSE54\"\n                ]\n              }\n            ]\n          }\n        ],\n        \"satisfy\": {\n          \"or\": [\n            {\n              \"mc\": \">=41\"\n            },\n            {\n              \"or\": [\n                \"]\\\\j\\\\APr\"\n              ]\n            },\n            {\n              \"and\": [\n                \")\",\n                \"5W\\\"\\\\q.UjBy\",\n                {\n                  \"and\": [\n                    {\n                      \"or\": [\n                        \"\\\\ sOE\"\n                      ]\n                    },\n                    \"ktr<!\",\n                    {\n                      \"or\": []\n                    },\n                    {\n                      \"and\": [\n                        \"K)Xwd\",\n                        \"M WK,5bM/(\",\n                        \"{k$er^<0P[\",\n                        \"?TyW9n!7U\",\n                        \"\"\n                      ]\n                    },\n                    \"VNH*Lk\"\n                  ]\n                },\n                {\n                  \"or\": [\n                    {\n                      \"and\": []\n                    }\n                  ]\n                },\n                \"\"\n              ]\n            },\n            \"rV.<DH\",\n            {\n              \"and\": []\n            }\n          ]\n        },\n        \"url\": \"http://cfnb-z131yxtw-no-tugxr.rwej8vnktn81jfs37fxu64as1v1-hmq4.qzpkqkfdl/d\",\n        \"info\": \"!0m[[h'y\",\n        \"isSelectable\": true\n      }\n    }\n  },\n  {\n    \"title\": \"block sample 3\",\n    \"value\": {\n      \"name\": \"Q{&)#G|\",\n      \"ay\": 1951,\n      \"match\": [],\n      \"url\": \"https://7ua4tvjcc0x-3be2qi8g61bdtoxb7zy-lphfehxlsekjq4u.neg5tgkur9pthadca22o8x3-20lfonrf5a6qozyzch5g2zl9fi-z5l-1te0i3h.ezp//uv8'Jtt42/6/KQ3ZwwVy/Uflpi/JxJaRq(H%F2%9D%A2%AD/Ohr1z&Hs\",\n      \"info\": \">'/H=orY\",\n      \"GutM) R5(g\": {\n        \"name\": \"p'&sIsc44g\",\n        \"ay\": 1999,\n        \"assign\": [\n          \".U;c|u)\"\n        ],\n        \"match\": [\n          {\n            \"or\": [\n              {\n                \"or\": []\n              },\n              \"MIP6xT\",\n              {\n                \"and\": [\n                  {\n                    \"or\": []\n                  },\n                  \"FHx\",\n                  {\n                    \"and\": [\n                      \"EW1E\",\n                      {\n                        \"and\": [\n                          \"STP*3L\",\n                          \"RIK3\",\n                          \"CPKx4x8D\"\n                        ]\n                      },\n                      \"FSW9*P\",\n                      \"KZ930*R\",\n                      \"DY869U\"\n                    ]\n                  },\n                  \"ENJ569\",\n                  \"DXD2410N\"\n                ]\n              }\n            ]\n          }\n        ],\n        \"satisfy\": {\n          \"and\": [\n            \"2#2(uT\",\n            {\n              \"or\": [\n                {\n                  \"and\": [\n                    \"sTi{wbCg|\"\n                  ]\n                },\n                \")Bd&41[2p\",\n                \"%Mz+8H[B]\",\n                \"B\"\n              ]\n            }\n          ]\n        },\n        \"url\": \"https://b57a-xil5viferfh5ygfv-ei2p4ep9ig0mipp6m5jp0m33ee82.modwjsjsyk//YAVpFv~L/,(%F3%9D%88%A6/;pA6%F2%A9%97%BE0gX\",\n        \"info\": \"VWH,!Bp.\",\n        \"isSelectable\": true,\n        \"!yFFG\\\\Fv7J\": {\n          \"name\": \"P'J@M\",\n          \"ay\": 1956,\n          \"assign\": \"ek)pB]HN6\",\n          \"match\": {\n            \"pattern\": \"TT2\",\n            \"exclude\": [\n              \"ZMG0Y\",\n              \"CM*\",\n              \"NC1870\"\n            ],\n            \"info\": \"sA\"\n          },\n          \"satisfy\": [],\n          \"url\": \"http://ynbketagtnvco0dujrtbjssmkc9dcv7h8i17t8u2q8tunys.gb2210b0nqyaj6m0rfwrgm8cf1w0eax-hk4w90r-rxgo6l78wn6upguq5kgh326.qvokgz.efxobor/PnE%F1%BB%96%80/$.2/5/T/ssR_L/%F3%94%95%87w/qfsE\",\n          \"isSelectable\": true\n        },\n        \"x>$&6/\": {\n          \"name\": \"s\",\n          \"assign\": \"'4\",\n          \"satisfy\": {\n            \"mc\": \"<=80\"\n          },\n          \"url\": \"http://3.yhwbg//%F2%BD%98%8305Rbw/lzlZJ:xE*/\",\n          \"info\": \"Z\",\n          \"isSelectable\": true\n        },\n        \"(Z-kYb\": {\n          \"name\": \"[-`^5!>WY#\",\n          \"ay\": 1983,\n          \"assign\": \"M\",\n          \"match\": {\n            \"pattern\": \"QM9432Y\",\n            \"exclude\": \"UY51H\",\n            \"info\": \"f.GJ-qIi\"\n          },\n          \"satisfy\": {\n            \"and\": [\n              \"B{\",\n              {\n                \"or\": [\n                  \"@fVv}\",\n                  {\n                    \"or\": []\n                  },\n                  \"!G\",\n                  \"\"\n                ]\n              }\n            ]\n          },\n          \"url\": \"http://zgatufw0uyk9ebu04yd25-sw50l2ul7yv2ohdrr5mh2s3f97ymtp0kz3ypbw7.se12r5vhm1721tbot5f001pr9hdawz00x57vpqr59x.ljxuy8tf3rv220btpgi.v.vppaig/K/Vd1QbZyIjb/9*@Cxt%F1%81%BE%91/ZP%F1%8E%A9%AEzn/NxR6Y4:/N0\",\n          \"isSelectable\": true\n        },\n        \"`nP-MO\": {\n          \"name\": \"'`F~c\",\n          \"ay\": 1996,\n          \"match\": [\n            {\n              \"or\": [\n                \"UGI5Z\",\n                {\n                  \"pattern\": \"OWJ746F\",\n                  \"exclude\": [\n                    \"CWV7I\",\n                    \"VV88x2X\"\n                  ],\n                  \"info\": \"c}wo?K\"\n                },\n                \"XI66x9\",\n                {\n                  \"or\": [\n                    \"DXW9\",\n                    \"PX6X\",\n                    {\n                      \"pattern\": \"VLH97*H\",\n                      \"exclude\": \"GUA7\"\n                    },\n                    {\n                      \"pattern\": \"DV09\",\n                      \"exclude\": \"VJ581\",\n                      \"info\": \"2>{gU\"\n                    }\n                  ]\n                }\n              ]\n            },\n            \"SXR*Q\"\n          ],\n          \"satisfy\": [\n            \"MtlUa\"\n          ],\n          \"url\": \"https://1c4mj0et34cps-zvi3j28eqtkc3we66s7u28h.syw2tysv0hwnuxb-zhb7gpcszeenkqupsefqln8fkc7ibj76h22uqyiuha0.f.qfwxrfb2e4v.usxfql\",\n          \"info\": \"5$\"\n        }\n      },\n      \"])IwTnB\\\\\": {\n        \"name\": \"d\",\n        \"ay\": 1956,\n        \"assign\": \"oy0x 7N.\",\n        \"match\": [\n          \"HRC8O\",\n          {\n            \"or\": [\n              {\n                \"pattern\": \"SOC0x22C\",\n                \"exclude\": [\n                  \"YWLx9\",\n                  \"JUM65M\"\n                ],\n                \"info\": \"]\"\n              }\n            ]\n          },\n          {\n            \"or\": [\n              {\n                \"or\": [\n                  {\n                    \"or\": [\n                      {\n                        \"or\": []\n                      },\n                      \"RB8x5\"\n                    ]\n                  },\n                  {\n                    \"or\": [\n                      {\n                        \"or\": [\n                          \"YNB5530L\",\n                          \"QGKx81M\",\n                          \"QW12U\"\n                        ]\n                      },\n                      \"OL090x\",\n                      {\n                        \"and\": [\n                          \"NN9\"\n                        ]\n                      },\n                      \"DJ*484R\"\n                    ]\n                  }\n                ]\n              },\n              {\n                \"or\": [\n                  \"UI2\",\n                  {\n                    \"or\": []\n                  }\n                ]\n              },\n              {\n                \"or\": [\n                  \"CH9\"\n                ]\n              }\n            ]\n          },\n          {\n            \"pattern\": \"SXL0\",\n            \"exclude\": \"UQY7*9\",\n            \"info\": \"\\\\q\"\n          }\n        ],\n        \"satisfy\": [\n          {\n            \"or\": [\n              \"mWwG6&_\",\n              \"(8}8\"\n            ]\n          },\n          \"oa\"\n        ],\n        \"url\": \"http://f.yhbua//'w%F1%A0%B4%A3w/te/E_\",\n        \"info\": \"HkV?J\",\n        \"isSelectable\": true,\n        \"3WLe1]B\": {\n          \"name\": \"pr\\\\@rh\",\n          \"ay\": 2028,\n          \"assign\": [\n            \"9i>]zeg\",\n            \"\",\n            \"|>A'4F ,S\",\n            \"1Oc\",\n            \"`/beN\"\n          ],\n          \"match\": [\n            {\n              \"pattern\": \"EAC4*54B\",\n              \"exclude\": [\n                \"DQO736L\",\n                \"UDx090L\",\n                \"NTU7x24\",\n                \"NRK7x0\"\n              ],\n              \"info\": \"5PTdV\"\n            },\n            {\n              \"and\": [\n                {\n                  \"and\": [\n                    {\n                      \"or\": [\n                        \"UG396\",\n                        {\n                          \"or\": [\n                            \"QQC188\",\n                            {\n                              \"or\": []\n                            },\n                            {\n                              \"or\": [\n                                \"YPA44D\",\n                                \"EUS435\",\n                                \"MRM548O\",\n                                \"KE307D\",\n                                {\n                                  \"or\": []\n                                }\n                              ]\n                            }\n                          ]\n                        },\n                        {\n                          \"or\": [\n                            {\n                              \"pattern\": \"TD2\",\n                              \"exclude\": \"RJIx3R\"\n                            },\n                            \"SL9775J\",\n                            \"FMV0\",\n                            {\n                              \"and\": [\n                                \"FL1T\",\n                                \"AEH0\"\n                              ]\n                            }\n                          ]\n                        },\n                        {\n                          \"and\": [\n                            \"POY864S\",\n                            \"BOS9V\",\n                            \"VA617\",\n                            {\n                              \"pattern\": \"FE*x5xV\",\n                              \"exclude\": [\n                                \"DL2*U\",\n                                \"ZYQ2*\",\n                                \"MV58U\",\n                                \"JQC74\"\n                              ],\n                              \"info\": \"1=p|wWk\"\n                            },\n                            {\n                              \"or\": [\n                                \"AGW0\",\n                                \"WJx1\",\n                                \"BHH1**\"\n                              ]\n                            }\n                          ]\n                        }\n                      ]\n                    },\n                    \"LPK5T\",\n                    \"BW600xR\",\n                    {\n                      \"or\": [\n                        \"YSH0\",\n                        {\n                          \"or\": []\n                        },\n                        {\n                          \"pattern\": \"OQ5*3D\",\n                          \"exclude\": [\n                            \"HC52C\",\n                            \"YO569W\",\n                            \"CGB99\"\n                          ],\n                          \"info\": \"_ |f*@`;\"\n                        },\n                        \"TP353N\"\n                      ]\n                    },\n                    {\n                      \"and\": []\n                    }\n                  ]\n                },\n                {\n                  \"and\": [\n                    \"VCL646*\",\n                    {\n                      \"pattern\": \"EK9*82U\",\n                      \"exclude\": \"PTH844*\",\n                      \"info\": \"$1U\"\n                    }\n                  ]\n                }\n              ]\n            },\n            \"EIx79\"\n          ],\n          \"satisfy\": [\n            {\n              \"mc\": \">=108\"\n            },\n            {\n              \"and\": [\n                \"/Lg:\",\n                {\n                  \"and\": [\n                    {\n                      \"mc\": \"<=110\"\n                    },\n                    \"r8Fuy@;iX\",\n                    \"N[\",\n                    {\n                      \"or\": [\n                        {\n                          \"or\": [\n                            \"; D6\"\n                          ]\n                        },\n                        \"BU2((`\",\n                        \"HPF{\",\n                        {\n                          \"or\": []\n                        },\n                        \"o\\\"6P.|_'\"\n                      ]\n                    },\n                    {\n                      \"mc\": \"<=85\"\n                    }\n                  ]\n                }\n              ]\n            }\n          ],\n          \"url\": \"http://5ri9kfi4zs60wfm1lgvwp732-2bwi608i0ffyn522udg50l8d-egs96vh01zt.5nivje9owy4mwe9eya8ahq5k8452wrp9bjzixyb49kazt4gxf.qznlvkv/&UKYCGj/EDp8L/U8Y2lY/%F1%83%90%BFwf,=evh,E/rdO18)//6@%F0%A4%90%87w/=,/Wx'=4%F1%AA%8B%B6~p\",\n          \"info\": \"bLGoBzef3Q\",\n          \"isSelectable\": true\n        },\n        \"ax\": {\n          \"name\": \"Ffji1-+^\",\n          \"match\": \"QIR9G\",\n          \"satisfy\": [\n            {\n              \"or\": [\n                {\n                  \"mc\": \">=33\"\n                },\n                {\n                  \"or\": []\n                },\n                {\n                  \"or\": [\n                    \"L=dez{a\",\n                    {\n                      \"or\": [\n                        {\n                          \"mc\": \"<=195\"\n                        },\n                        {\n                          \"or\": [\n                            {\n                              \"mc\": \">=94\"\n                            },\n                            \"j\",\n                            \"L|W;91E\"\n                          ]\n                        },\n                        \"aX_6*\\\\qR\"\n                      ]\n                    },\n                    \"j\",\n                    {\n                      \"or\": []\n                    },\n                    \"rB}r'mVS]\"\n                  ]\n                },\n                {\n                  \"or\": [\n                    \"JA\",\n                    {\n                      \"or\": [\n                        \"?/8$3#7fu\",\n                        \"O+Yr~o$2(\",\n                        \"\"\n                      ]\n                    },\n                    {\n                      \"mc\": \">=81\"\n                    },\n                    \"Y\",\n                    \"?G2tZyVfx\"\n                  ]\n                },\n                {\n                  \"mc\": \">=196\"\n                }\n              ]\n            },\n            {\n              \"or\": [\n                {\n                  \"or\": [\n                    {\n                      \"and\": [\n                        \"h\\\\ls|\",\n                        \"Mfj:Rs9K?\",\n                        \"nc;fxFUV\",\n                        \"j;\"\n                      ]\n                    },\n                    \"j\"\n                  ]\n                },\n                {\n                  \"or\": [\n                    \":ZN<DM\",\n                    {\n                      \"or\": [\n                        {\n                          \"or\": [\n                            \"p23QcMCRjP\",\n                            \"qx(\",\n                            {\n                              \"mc\": \"<=145\"\n                            },\n                            \"h.ZYT*.oTj\"\n                          ]\n                        },\n                        \"Jye d\",\n                        \"2ntzT`K\\\\\",\n                        {\n                          \"mc\": \">=137\"\n                        },\n                        \"5\"\n                      ]\n                    }\n                  ]\n                },\n                {\n                  \"mc\": \"<=126\"\n                }\n              ]\n            },\n            {\n              \"mc\": \">=125\"\n            },\n            {\n              \"or\": []\n            }\n          ],\n          \"url\": \"https://k932dfvpt6dutt5tfw3uyel6niqf5jttw30clbmwxrigdnb9ub.w.h.c.ucfqrsrztj/_3%F3%AC%85%B27Ds3n:/r(7AzD/s,_(4/g9an%F1%A4%A4%B9n3/lg&EjmnJ/YoGjRc4~&/f7a'vx)%F1%8C%BA%89\",\n          \"info\": \"6dYaqM4 Y\",\n          \"isSelectable\": true\n        },\n        \"d.\": {\n          \"name\": \"OA pA{Sr9\",\n          \"ay\": 1954,\n          \"assign\": \"O7\",\n          \"match\": [\n            {\n              \"and\": [\n                {\n                  \"or\": [\n                   
[...]
              "fail": false,
              "pending": false,
              "context": null,
              "code": "const satisfier = satisfiers_1.inequalitySatisfier(ref, \"<=32\");\nsatisfier.should.have.property(\"filter\");\nconst { filter } = satisfier;\nisCorrectFilter(filter, modulesList1, modulesList1.map(([moduleStr]) => moduleStr));",
              "err": {},
              "uuid": "b1cc87cf-dd37-4b68-9fb2-1bc192a40ba0",
              "parentUUID": "62b714bd-7d2a-45c9-995a-4179ef0e87b1",
              "isHook": false,
              "skipped": false
            },
            {
              "title": "should truncate list of modules with upper bound of MCs at exact cutoff if total MC count is higher and there exists some starting sequence with exact MC count",
              "fullTitle": "inequalitySatisfier should truncate list of modules with upper bound of MCs at exact cutoff if total MC count is higher and there exists some starting sequence with exact MC count",
              "timedOut": false,
              "duration": 0,
              "state": "passed",
              "speed": "fast",
              "pass": true,
              "fail": false,
              "pending": false,
              "context": null,
              "code": "const satisfier = satisfiers_1.inequalitySatisfier(ref, \"<=16\");\nsatisfier.should.have.property(\"filter\");\nconst { filter } = satisfier;\nisCorrectFilter(filter, modulesList1, [\n    \"CS2100\",\n    \"GER1000\",\n    \"CS2040S\",\n    \"ST2131\",\n]);",
              "err": {},
              "uuid": "6d77225a-3217-4bc7-a3e6-3d89d022af26",
              "parentUUID": "62b714bd-7d2a-45c9-995a-4179ef0e87b1",
              "isHook": false,
              "skipped": false
            },
            {
              "title": "should truncate list of modules with upper bound of MCs, cutting off at the minimum starting sequence that exceeds upper bound, if total MC count is higher and there exists no starting sequence with exact MC count",
              "fullTitle": "inequalitySatisfier should truncate list of modules with upper bound of MCs, cutting off at the minimum starting sequence that exceeds upper bound, if total MC count is higher and there exists no starting sequence with exact MC count",
              "timedOut": false,
              "duration": 0,
              "state": "passed",
              "speed": "fast",
              "pass": true,
              "fail": false,
              "pending": false,
              "context": null,
              "code": "const satisfier = satisfiers_1.inequalitySatisfier(ref, \"<=17\");\nsatisfier.should.have.property(\"filter\");\nconst { filter } = satisfier;\nisCorrectFilter(filter, modulesList1, [\n    \"CS2100\",\n    \"GER1000\",\n    \"CS2040S\",\n    \"ST2131\",\n    \"MA1521\",\n]);",
              "err": {},
              "uuid": "6f9287d2-5372-44a2-9871-0a54a6b32ff7",
              "parentUUID": "62b714bd-7d2a-45c9-995a-4179ef0e87b1",
              "isHook": false,
              "skipped": false
            }
          ],
          "suites": [],
          "passes": [
            "9f3542b3-d724-4948-bffa-db1da2fb7e73",
            "75819889-6a90-4e61-8ee1-10a1202740cc",
            "93c1887e-9b7a-4fbb-94a7-26428099bc3f",
            "74cc785b-049d-47e9-822e-f65931184bfb",
            "b1cc87cf-dd37-4b68-9fb2-1bc192a40ba0",
            "6d77225a-3217-4bc7-a3e6-3d89d022af26",
            "6f9287d2-5372-44a2-9871-0a54a6b32ff7"
          ],
          "failures": [],
          "pending": [],
          "skipped": [],
          "duration": 2,
          "root": false,
          "rootEmpty": false,
          "_timeout": 2000
        },
        {
          "uuid": "1f8f26d1-02a5-4a01-8585-e73425506ff9",
          "title": "inequalitySchema",
          "fullFile": "/home/runner/work/planwithus-lib/planwithus-lib/src/satisfyRule/inequality/schemas.test.ts",
          "file": "/src/satisfyRule/inequality/schemas.test.ts",
          "beforeHooks": [],
          "afterHooks": [],
          "tests": [
            {
              "title": "should validate inequality in the form <=n or >=n",
              "fullTitle": "inequalitySchema should validate inequality in the form <=n or >=n",
              "timedOut": false,
              "duration": 1,
              "state": "passed",
              "speed": "fast",
              "pass": true,
              "fail": false,
              "pending": false,
              "context": "[\n  {\n    \"title\": \"inequality sample 0\",\n    \"value\": \">=197\"\n  },\n  {\n    \"title\": \"inequality sample 1\",\n    \"value\": \"<=3\"\n  },\n  {\n    \"title\": \"inequality sample 2\",\n    \"value\": \"<=8\"\n  },\n  {\n    \"title\": \"inequality sample 3\",\n    \"value\": \">=5\"\n  },\n  {\n    \"title\": \"inequality sample 4\",\n    \"value\": \">=85\"\n  },\n  {\n    \"title\": \"inequality sample 5\",\n    \"value\": \"<=53\"\n  },\n  {\n    \"title\": \"inequality sample 6\",\n    \"value\": \">=7\"\n  },\n  {\n    \"title\": \"inequality sample 7\",\n    \"value\": \"<=142\"\n  },\n  {\n    \"title\": \"inequality sample 8\",\n    \"value\": \"<=2\"\n  },\n  {\n    \"title\": \"inequality sample 9\",\n    \"value\": \">=8\"\n  }\n]",
              "code": "fast_check_1.sample(index_test_2.inequality, 10).forEach((sample, i) => addContext_1.default(this, {\n    title: `inequality sample ${i}`,\n    value: sample,\n}));\nreturn fast_check_1.assert(fast_check_1.property(index_test_2.inequality, ajvValidate));",
              "err": {},
              "uuid": "b926a28d-f230-4b82-977a-dad2247447ce",
              "parentUUID": "1f8f26d1-02a5-4a01-8585-e73425506ff9",
              "isHook": false,
              "skipped": false
            },
            {
              "title": "should not validate inequality of invalid form",
              "fullTitle": "inequalitySchema should not validate inequality of invalid form",
              "timedOut": false,
              "duration": 1,
              "state": "passed",
              "speed": "fast",
              "pass": true,
              "fail": false,
              "pending": false,
              "context": null,
              "code": "[\n        \"\",\n        \"==23\",\n        \"23\",\n        \"<23\",\n        \">23\",\n        \"<=-1\",\n        \">=-1\",\n        \"<= 2\",\n        \">= 1\",\n        \"> 3\",\n        \"< 3\",\n        \"<=3a\",\n        \">=3a\",\n        \"a<=3\",\n        \"a>=3\",\n    ].forEach(isInvalidInequality)",
              "err": {},
              "uuid": "a43693dd-235d-4ed0-97bb-93e08170aab1",
              "parentUUID": "1f8f26d1-02a5-4a01-8585-e73425506ff9",
              "isHook": false,
              "skipped": false
            }
          ],
          "suites": [],
          "passes": [
            "b926a28d-f230-4b82-977a-dad2247447ce",
            "a43693dd-235d-4ed0-97bb-93e08170aab1"
          ],
          "failures": [],
          "pending": [],
          "skipped": [],
          "duration": 2,
          "root": false,
          "rootEmpty": false,
          "_timeout": 2000
        },
        {
          "uuid": "cba2b297-8863-43c8-a2a8-66b7ea34f444",
          "title": "satisfyRuleSchema",
          "fullFile": "/home/runner/work/planwithus-lib/planwithus-lib/src/satisfyRule/schemas.test.ts",
          "file": "/src/satisfyRule/schemas.test.ts",
          "beforeHooks": [],
          "afterHooks": [],
          "tests": [
            {
              "title": "should validate satisfy rule with valid block id",
              "fullTitle": "satisfyRuleSchema should validate satisfy rule with valid block id",
              "timedOut": false,
              "duration": 1,
              "state": "passed",
              "speed": "fast",
              "pass": true,
              "fail": false,
              "pending": false,
              "context": null,
              "code": "fast_check_1.assert(fast_check_1.property(fast_check_1.string(), ajvValidate)",
              "err": {},
              "uuid": "6981fb01-27eb-42d4-89cb-8f20b9897c7f",
              "parentUUID": "cba2b297-8863-43c8-a2a8-66b7ea34f444",
              "isHook": false,
              "skipped": false
            },
            {
              "title": "should validate satisfy rules with valid mc",
              "fullTitle": "satisfyRuleSchema should validate satisfy rules with valid mc",
              "timedOut": false,
              "duration": 2,
              "state": "passed",
              "speed": "fast",
              "pass": true,
              "fail": false,
              "pending": false,
              "context": "[\n  {\n    \"title\": \"mcSatisfyRule sample 0\",\n    \"value\": {\n      \"mc\": \">=171\"\n    }\n  },\n  {\n    \"title\": \"mcSatisfyRule sample 1\",\n    \"value\": {\n      \"mc\": \">=4\"\n    }\n  },\n  {\n    \"title\": \"mcSatisfyRule sample 2\",\n    \"value\": {\n      \"mc\": \">=168\"\n    }\n  },\n  {\n    \"title\": \"mcSatisfyRule sample 3\",\n    \"value\": {\n      \"mc\": \"<=197\"\n    }\n  },\n  {\n    \"title\": \"mcSatisfyRule sample 4\",\n    \"value\": {\n      \"mc\": \">=200\"\n    }\n  },\n  {\n    \"title\": \"mcSatisfyRule sample 5\",\n    \"value\": {\n      \"mc\": \"<=5\"\n    }\n  },\n  {\n    \"title\": \"mcSatisfyRule sample 6\",\n    \"value\": {\n      \"mc\": \">=7\"\n    }\n  },\n  {\n    \"title\": \"mcSatisfyRule sample 7\",\n    \"value\": {\n      \"mc\": \"<=195\"\n    }\n  },\n  {\n    \"title\": \"mcSatisfyRule sample 8\",\n    \"value\": {\n      \"mc\": \">=7\"\n    }\n  },\n  {\n    \"title\": \"mcSatisfyRule sample 9\",\n    \"value\": {\n      \"mc\": \"<=60\"\n    }\n  }\n]",
              "code": "fast_check_1.sample(index_test_2.mcSatisfyRule, 10).forEach((sample, i) => addContext_1.default(this, {\n    title: `mcSatisfyRule sample ${i}`,\n    value: sample,\n}));\nreturn fast_check_1.assert(fast_check_1.property(index_test_2.mcSatisfyRule, ajvValidate));",
              "err": {},
              "uuid": "7d1fa8c2-3d07-4603-a308-e39f90cc63d9",
              "parentUUID": "cba2b297-8863-43c8-a2a8-66b7ea34f444",
              "isHook": false,
              "skipped": false
            },
            {
              "title": "should validate valid recursive satisfy rules",
              "fullTitle": "satisfyRuleSchema should validate valid recursive satisfy rules",
              "timedOut": false,
              "duration": 5,
              "state": "passed",
              "speed": "fast",
              "pass": true,
              "fail": false,
              "pending": false,
              "context": "[\n  {\n    \"title\": \"satisfyRule sample 0\",\n    \"value\": {\n      \"mc\": \">=194\"\n    }\n  },\n  {\n    \"title\": \"satisfyRule sample 1\",\n    \"value\": {\n      \"or\": []\n    }\n  },\n  {\n    \"title\": \"satisfyRule sample 2\",\n    \"value\": {\n      \"mc\": \">=6\"\n    }\n  },\n  {\n    \"title\": \"satisfyRule sample 3\",\n    \"value\": {\n      \"and\": []\n    }\n  },\n  {\n    \"title\": \"satisfyRule sample 4\",\n    \"value\": \"\"\n  },\n  {\n    \"title\": \"satisfyRule sample 5\",\n    \"value\": {\n      \"and\": [\n        {\n          \"mc\": \"<=44\"\n        },\n        {\n          \"or\": [\n            \"\",\n            {\n              \"and\": [\n                \"LY4>^`g<S#\",\n                \"*?\"\n              ]\n            }\n          ]\n        },\n        {\n          \"mc\": \"<=6\"\n        }\n      ]\n    }\n  },\n  {\n    \"title\": \"satisfyRule sample 6\",\n    \"value\": {\n      \"or\": [\n        {\n          \"mc\": \">=119\"\n        },\n        \"6 az|\",\n        \"\"\n      ]\n    }\n  },\n  {\n    \"title\": \"satisfyRule sample 7\",\n    \"value\": {\n      \"and\": [\n        \"MW?w+Zz(J<\",\n        {\n          \"or\": [\n            {\n              \"mc\": \"<=133\"\n            },\n            {\n              \"or\": []\n            }\n          ]\n        },\n        {\n          \"mc\": \"<=7\"\n        },\n        {\n          \"or\": [\n            \"FZ}S\",\n            {\n              \"mc\": \">=31\"\n            }\n          ]\n        }\n      ]\n    }\n  },\n  {\n    \"title\": \"satisfyRule sample 8\",\n    \"value\": {\n      \"or\": [\n        {\n          \"and\": [\n            \"+ng75'R-L\",\n            \"zLki\",\n            {\n              \"or\": [\n                \"qa!k}F\",\n                \"7q~}4a,MV\",\n                {\n                  \"mc\": \"<=128\"\n                },\n                \"#+$d.Fyn_\"\n              ]\n            },\n            {\n              \"and\": []\n            }\n          ]\n        },\n        \"!!&\"\n      ]\n    }\n  },\n  {\n    \"title\": \"satisfyRule sample 9\",\n    \"value\": {\n      \"and\": [\n        {\n          \"or\": [\n            {\n              \"mc\": \">=157\"\n            },\n            {\n              \"mc\": \"<=200\"\n            }\n          ]\n        },\n        {\n          \"and\": [\n            {\n              \"mc\": \">=82\"\n            },\n            \"j*xG{\"\n          ]\n        }\n      ]\n    }\n  }\n]",
              "code": "fast_check_1.sample(index_test_2.satisfyRule, 10).forEach((sample, i) => addContext_1.default(this, {\n    title: `satisfyRule sample ${i}`,\n    value: sample,\n}));\nreturn fast_check_1.assert(fast_check_1.property(index_test_2.satisfyRule, ajvValidate));",
              "err": {},
              "uuid": "caad269f-2b78-4245-83db-578add85a3e8",
              "parentUUID": "cba2b297-8863-43c8-a2a8-66b7ea34f444",
              "isHook": false,
              "skipped": false
            },
            {
              "title": "should not validate non-string/object",
              "fullTitle": "satisfyRuleSchema should not validate non-string/object",
              "timedOut": false,
              "duration": 2,
              "state": "passed",
              "speed": "fast",
              "pass": true,
              "fail": false,
              "pending": false,
              "context": null,
              "code": "const error = {\n    instancePath: \"\",\n    message: \"satisfy rule should be either a string or an object\",\n};\nisInvalidRule(null, error);\nisInvalidRule(undefined, error);\nisInvalidRule(10, error);\nisInvalidRule([12, 24], error);",
              "err": {},
              "uuid": "ddc3a40d-3fb3-4eef-9426-ab70a632f6d8",
              "parentUUID": "cba2b297-8863-43c8-a2a8-66b7ea34f444",
              "isHook": false,
              "skipped": false
            },
            {
              "title": "should not validate satisfy rules with extra properties",
              "fullTitle": "satisfyRuleSchema should not validate satisfy rules with extra properties",
              "timedOut": false,
              "duration": 0,
              "state": "passed",
              "speed": "fast",
              "pass": true,
              "fail": false,
              "pending": false,
              "context": null,
              "code": "isInvalidRule({\n        and: [\n            { or: [\"2k\"], abc: \"def\" },\n            { mc: 8, ghi: \"jkl\" },\n        ],\n        mno: \"pqr\",\n    }, {\n        instancePath: \"/and/0\",\n        message: \"or satisfy rule should have property 'or' only\",\n    }, {\n        instancePath: \"/and/1\",\n        message: \"MC satisfy rule should have property 'mc' only\",\n    }, {\n        instancePath: \"\",\n        message: \"and satisfy rule should have property 'and' only\",\n    })",
              "err": {},
              "uuid": "a41c3732-a3fa-4ebc-8d7c-7c16f73075e7",
              "parentUUID": "cba2b297-8863-43c8-a2a8-66b7ea34f444",
              "isHook": false,
              "skipped": false
            },
            {
              "title": "should not validate ambiguous satisfy rules",
              "fullTitle": "satisfyRuleSchema should not validate ambiguous satisfy rules",
              "timedOut": false,
              "duration": 0,
              "state": "passed",
              "speed": "fast",
              "pass": true,
              "fail": false,
              "pending": false,
              "context": null,
              "code": "const message = \"satisfy rule should have only one of properties 'mc', 'and', 'or'\";\nisInvalidRule({\n    or: [\n        { mc: 5, and: [\"CS2040\"] },\n        { and: [{ and: [\"abc\"], or: [\"def\"] }] },\n    ],\n}, { instancePath: \"/or/0\", message }, { instancePath: \"/or/1/and/0\", message });",
              "err": {},
              "uuid": "1f11830c-7cb4-41e3-abdb-edb8bf48f380",
              "parentUUID": "cba2b297-8863-43c8-a2a8-66b7ea34f444",
              "isHook": false,
              "skipped": false
            },
            {
              "title": "should not validate and satisfy rules with non-array property",
              "fullTitle": "satisfyRuleSchema should not validate and satisfy rules with non-array property",
              "timedOut": false,
              "duration": 1,
              "state": "passed",
              "speed": "fast",
              "pass": true,
              "fail": false,
              "pending": false,
              "context": null,
              "code": "const message = \"property 'and' should be an array of satisfy rules\";\nisInvalidRule({ or: [{ and: {} }, { or: [{ and: 3 }] }] }, { instancePath: \"/or/0/and\", message }, { instancePath: \"/or/1/or/0/and\", message });",
              "err": {},
              "uuid": "54e2c06f-cbed-437a-b992-15978ebd244d",
              "parentUUID": "cba2b297-8863-43c8-a2a8-66b7ea34f444",
              "isHook": false,
              "skipped": false
            },
            {
              "title": "should not validate or satisfy rules with non-array property",
              "fullTitle": "satisfyRuleSchema should not validate or satisfy rules with non-array property",
              "timedOut": false,
              "duration": 0,
              "state": "passed",
              "speed": "fast",
              "pass": true,
              "fail": false,
              "pending": false,
              "context": null,
              "code": "const message = \"property 'or' should be an array of satisfy rules\";\nisInvalidRule({ and: [{ or: {} }, { and: [{ or: 3 }] }] }, { instancePath: \"/and/0/or\", message }, { instancePath: \"/and/1/and/0/or\", message });",
              "err": {},
              "uuid": "841baaf4-a1a2-42e9-8a0c-80e4020ea3e4",
              "parentUUID": "cba2b297-8863-43c8-a2a8-66b7ea34f444",
              "isHook": false,
              "skipped": false
            }
          ],
          "suites": [],
          "passes": [
            "6981fb01-27eb-42d4-89cb-8f20b9897c7f",
            "7d1fa8c2-3d07-4603-a308-e39f90cc63d9",
            "caad269f-2b78-4245-83db-578add85a3e8",
            "ddc3a40d-3fb3-4eef-9426-ab70a632f6d8",
            "a41c3732-a3fa-4ebc-8d7c-7c16f73075e7",
            "1f11830c-7cb4-41e3-abdb-edb8bf48f380",
            "54e2c06f-cbed-437a-b992-15978ebd244d",
            "841baaf4-a1a2-42e9-8a0c-80e4020ea3e4"
          ],
          "failures": [],
          "pending": [],
          "skipped": [],
          "duration": 11,
          "root": false,
          "rootEmpty": false,
          "_timeout": 2000
        }
      ],
      "passes": [],
      "failures": [],
      "pending": [],
      "skipped": [],
      "duration": 0,
      "root": true,
      "rootEmpty": true,
      "_timeout": 2000
    }
  ],
  "meta": {
    "mocha": {
      "version": "9.0.3"
    },
    "mochawesome": {
      "options": {
        "quiet": false,
        "reportFilename": "mochawesome",
        "saveHtml": true,
        "saveJson": true,
        "consoleReporter": "spec",
        "useInlineDiffs": false,
        "code": true
      },
      "version": "6.2.2"
    },
    "marge": {
      "options": {
        "reportDir": "docs"
      },
      "version": "5.2.0"
    }
  }
}