{
  "stats": {
    "suites": 10,
    "tests": 48,
    "passes": 48,
    "pending": 0,
    "failures": 0,
    "start": "2021-08-22T08:38:48.875Z",
    "end": "2021-08-22T08:38:49.196Z",
    "duration": 321,
    "testsRegistered": 48,
    "passPercent": 100,
    "pendingPercent": 0,
    "other": 0,
    "hasOther": false,
    "skipped": 0,
    "hasSkipped": false
  },
  "results": [
    {
      "uuid": "747099d3-395f-4e06-99cc-ee3182b189db",
      "title": "",
      "fullFile": "",
      "file": "",
      "beforeHooks": [],
      "afterHooks": [],
      "tests": [],
      "suites": [
        {
          "uuid": "7dc7dd00-2735-4532-af54-ce7b8050e3ed",
          "title": "initDirectories",
          "fullFile": "/home/runner/work/planwithus-lib/planwithus-lib/src/block/schemas.test.ts",
          "file": "/src/block/schemas.test.ts",
          "beforeHooks": [],
          "afterHooks": [],
          "tests": [
            {
              "title": "should parse all blocks with no errors",
              "fullTitle": "initDirectories should parse all blocks with no errors",
              "timedOut": false,
              "duration": 3,
              "state": "passed",
              "speed": "fast",
              "pass": true,
              "fail": false,
              "pending": false,
              "context": null,
              "code": "_1.initDirectories.should.not.throw()",
              "err": {},
              "uuid": "35f6d490-684b-498d-b60a-6b1f18fc856e",
              "parentUUID": "7dc7dd00-2735-4532-af54-ce7b8050e3ed",
              "isHook": false,
              "skipped": false
            },
            {
              "title": "should produce primary, second & minor directories",
              "fullTitle": "initDirectories should produce primary, second & minor directories",
              "timedOut": false,
              "duration": 2,
              "state": "passed",
              "speed": "fast",
              "pass": true,
              "fail": false,
              "pending": false,
              "context": null,
              "code": "const directories = _1.initDirectories();\ndirectories.should.have.property(\"primary\");\ndirectories.should.have.property(\"second\");\ndirectories.should.have.property(\"minor\");",
              "err": {},
              "uuid": "48430d05-f9f9-4347-a150-ab0bbf112583",
              "parentUUID": "7dc7dd00-2735-4532-af54-ce7b8050e3ed",
              "isHook": false,
              "skipped": false
            }
          ],
          "suites": [],
          "passes": [
            "35f6d490-684b-498d-b60a-6b1f18fc856e",
            "48430d05-f9f9-4347-a150-ab0bbf112583"
          ],
          "failures": [],
          "pending": [],
          "skipped": [],
          "duration": 5,
          "root": false,
          "rootEmpty": false,
          "_timeout": 2000
        },
        {
          "uuid": "beb59fd3-a017-4690-a95e-c89340d7cb92",
          "title": "blockSchema",
          "fullFile": "/home/runner/work/planwithus-lib/planwithus-lib/src/block/schemas.test.ts",
          "file": "/src/block/schemas.test.ts",
          "beforeHooks": [],
          "afterHooks": [],
          "tests": [
            {
              "title": "should validate valid block",
              "fullTitle": "blockSchema should validate valid block",
              "timedOut": false,
              "duration": 194,
              "state": "passed",
              "speed": "slow",
              "pass": true,
              "fail": false,
              "pending": false,
              "context": "[\n  {\n    \"title\": \"block sample 0\",\n    \"value\": {\n      \"4\": {\n        \"name\": \"4&\",\n        \"ay\": 1991,\n        \"assign\": \"O\",\n        \"match\": [\n          {\n            \"or\": []\n          }\n        ],\n        \"satisfy\": [\n          {\n            \"and\": []\n          },\n          \"x\",\n          \"6vO-:CYy\",\n          {\n            \"or\": [\n              {\n                \"and\": [\n                  \"\",\n                  \"$G\",\n                  {\n                    \"and\": [\n                      \"\",\n                      \"bt\",\n                      {\n                        \"and\": [\n                          \">MC~\",\n                          {\n                            \"mc\": \">=115\"\n                          },\n                          \"(X@o:6B\",\n                          {\n                            \"or\": [\n                              \"Re6pSn\",\n                              \"SS2rI>oB\"\n                            ]\n                          }\n                        ]\n                      },\n                      \"\",\n                      \" cn0\"\n                    ]\n                  },\n                  \"o\"\n                ]\n              }\n            ]\n          }\n        ],\n        \"info\": \"V;W6\",\n        \"isSelectable\": true\n      },\n      \"name\": \"a']\",\n      \"ay\": 1990,\n      \"assign\": [\n        \"{\",\n        \"rK1qQ!1#a\"\n      ],\n      \"satisfy\": {\n        \"or\": [\n          {\n            \"mc\": \">=5\"\n          },\n          {\n            \"mc\": \"<=162\"\n          },\n          {\n            \"and\": [\n              \" (vap)L\",\n              \"B)_TKhC#-t\"\n            ]\n          },\n          \"iv\",\n          {\n            \"mc\": \"<=91\"\n          }\n        ]\n      },\n      \"url\": \"http://8w4ezb-n.2i50t948axiu338ykfumck5yv1tdd51e-8gny1dkgsckrs.nlfphrsxf/@ja/.%F2%8A%8C%A7A_S.UHe%F0%A0%80%96/\",\n      \"info\": \"%\\\\t)x}# nz\",\n      \"isSelectable\": true,\n      \"u\": {\n        \"name\": \"$^dfthL\",\n        \"ay\": 2026,\n        \"match\": {\n          \"and\": [\n            {\n              \"pattern\": \"UNC*777W\",\n              \"exclude\": \"DM7R\",\n              \"info\": \"@g_I8%\"\n            }\n          ]\n        },\n        \"satisfy\": [\n          \"!c;y/^+NV1\"\n        ],\n        \"url\": \"http://vwnh1f8wm964ewtgfc3ukpzf-dzz-nvn8h75areban9bcckgpfdf3t0603j.djbbj/k/N/OXM/rz5n8YLz/Rin.2%F4%88%8F%869\",\n        \"info\": \"OvQ|pYhj\"\n      },\n      \"%kG%AX\": {\n        \"name\": \"&$^Noca\",\n        \"assign\": \"\",\n        \"url\": \"http://n.ecfvuj/*4sDJWDN/xT/$$$T\",\n        \"info\": \"%Y_=c%q|#\",\n        \"isSelectable\": true,\n        \"9lQ^wU'D1\": {\n          \"name\": \"2+.0=}XOW\",\n          \"ay\": 2026,\n          \"assign\": [\n            \"LOb>sPsA\",\n            \"qSKy|s0\",\n            \"N@\"\n          ],\n          \"match\": [\n            {\n              \"or\": []\n            }\n          ],\n          \"satisfy\": [\n            {\n              \"and\": []\n            },\n            {\n              \"or\": [\n                {\n                  \"and\": [\n                    \"GFnY\\\\h|L#:\",\n                    \"@ey^xb=$\",\n                    {\n                      \"or\": [\n                        \"'paGeFN0v\",\n                        \"SHz$.\",\n                        {\n                          \"and\": [\n                            {\n                              \"or\": [\n                                {\n                                  \"or\": [\n                                    \"HrK\",\n                                    \"*usc\"\n                                  ]\n                                },\n                                \"B\",\n                                \"v.\\\"N30\",\n                                \"s0evr}<6\",\n                                \"^/$MOlP}(5\"\n                              ]\n                            }\n                          ]\n                        },\n                        \"b\",\n                        \"z\"\n                      ]\n                    }\n                  ]\n                }\n              ]\n            },\n            {\n              \"mc\": \">=20\"\n            }\n          ],\n          \"url\": \"https://r9amzd8csshaoel.1.nzidkwl/li8PkZ%F3%B2%B7%B6b//Fh3/lt7N4f5jw/$&rCoQ%F0%BB%BA%BDmO/RC\",\n          \"info\": \"!;\\\\%QC}a\",\n          \"isSelectable\": true\n        },\n        \"N+0eT\\\\4U\": {\n          \"ay\": 1977,\n          \"match\": [\n            {\n              \"or\": [\n                {\n                  \"and\": [\n                    {\n                      \"pattern\": \"EMT36\",\n                      \"exclude\": \"DKI999*\",\n                      \"info\": \"cw0US>Ru47\"\n                    }\n                  ]\n                },\n                \"TWC7865Z\",\n                {\n                  \"and\": [\n                    {\n                      \"and\": [\n                        \"ESL1E\",\n                        {\n                          \"and\": [\n                            {\n                              \"or\": [\n                                {\n                                  \"and\": [\n                                    \"VT2184F\"\n                                  ]\n                                }\n                              ]\n                            },\n                            {\n                              \"or\": [\n                                \"CKZ4K\",\n                                {\n                                  \"or\": [\n                                    \"TF1\",\n                                    \"SIP3S\"\n                                  ]\n                                },\n                                \"CI34\"\n                              ]\n                            }\n                          ]\n                        },\n                        \"ZF3\",\n                        {\n                          \"and\": [\n                            \"FE**94M\",\n                            \"DPX0319\",\n                            \"DOL88A\",\n                            \"WRQ0492P\"\n                          ]\n                        }\n                      ]\n                    }\n                  ]\n                }\n              ]\n            },\n            {\n              \"and\": [\n                {\n                  \"pattern\": \"BZF862C\",\n                  \"exclude\": [],\n                  \"info\": \"Bh]+E\"\n                }\n              ]\n            },\n            \"WZ250\",\n            \"ORK9J\"\n          ],\n          \"satisfy\": {\n            \"and\": [\n              {\n                \"or\": []\n              }\n            ]\n          },\n          \"url\": \"https://5dz9u-vs2fc-uoubasqgjpigal8ovpkb55wp5206ago8y7gywlia8o0kjc1jif.s0.20vrhqfocud7umh486vhzrj9adc9k59.jattb/dLZArcd=n/Bn%F0%B2%A7%B6Helw+S6/Wj/:9h-m5%F1%A6%9C%B3:/dZ6%F1%81%AA%B0%F0%A6%92%A1uG,s/g=euttnV/FyxuNxxt/i/jxYM(X/\",\n          \"info\": \"j\",\n          \"isSelectable\": true\n        },\n        \"UmaVobq~\": {\n          \"name\": \",\",\n          \"ay\": 2016,\n          \"assign\": \"-{ 7\",\n          \"match\": [\n            {\n              \"and\": [\n                {\n                  \"and\": [\n                    {\n                      \"or\": [\n                        \"NU*T\",\n                        {\n                          \"or\": [\n                            \"QA4114U\"\n                          ]\n                        },\n                        {\n                          \"and\": [\n                            \"QDJ8x\",\n                            \"TOB21G\",\n                            \"TC297J\",\n                            \"KFx09\",\n                            \"QF3O\"\n                          ]\n                        },\n                        \"LF1\"\n                      ]\n                    },\n                    {\n                      \"pattern\": \"KO39\",\n                      \"exclude\": \"MWO2X\",\n                      \"info\": \"a(q)BD\"\n                    },\n                    {\n                      \"pattern\": \"GDC*x91I\",\n                      \"exclude\": \"NB21Y\",\n                      \"info\": \"7ZWn)]Td\"\n                    },\n                    {\n                      \"or\": [\n                        \"GZ9x61\",\n                        \"GY871A\",\n                        \"MXxB\"\n                      ]\n                    }\n                  ]\n                },\n                \"FX1\",\n                {\n                  \"and\": [\n                    \"QAZ4321\",\n                    \"IFx185I\",\n                    \"TLM2J\",\n                    {\n                      \"and\": []\n                    },\n                    \"YYS13\"\n                  ]\n                },\n                {\n                  \"and\": []\n                }\n              ]\n            }\n          ],\n          \"satisfy\": {\n            \"and\": [\n              {\n                \"and\": [\n                  \"[d'#\",\n                  {\n                    \"mc\": \">=141\"\n                  },\n                  {\n                    \"mc\": \">=160\"\n                  },\n                  \"j<]Q)*\",\n                  {\n                    \"mc\": \"<=94\"\n                  }\n                ]\n              }\n            ]\n          },\n          \"url\": \"https://h.n37lkbz9qx7r26g5s89tun5ocfgibic-g2zfq7gnke-00--96pva5gi4u0fhr.tqzbjfvhvv1a0i3pnhqztu2fswe2u-48im09dng4j2qu7.8pjzbzpg--uhj548gs92ln1mi55krhvsu4snd9a3uwoc3c16.d.kbknb/UX$p/hJ/Ys/%F0%9A%9A%9E2qu/%F3%B0%A3%93$+2eJN/BtX4mV//*\"\n        }\n      }\n    }\n  },\n  {\n    \"title\": \"block sample 1\",\n    \"value\": {\n      \"name\": \"c%\",\n      \"assign\": [\n        \"\"\n      ],\n      \"match\": {\n        \"or\": [\n          \"YA61\",\n          {\n            \"and\": []\n          },\n          {\n            \"or\": [\n              \"DR2Z\",\n              {\n                \"or\": [\n                  {\n                    \"pattern\": \"VP73\"\n                  },\n                  \"OCD804I\"\n                ]\n              },\n              \"IAK5\"\n            ]\n          },\n          {\n            \"pattern\": \"FO14\",\n            \"info\": \"6 vS\"\n          },\n          {\n            \"or\": [\n              {\n                \"or\": []\n              },\n              \"OLP521xS\"\n            ]\n          }\n        ]\n      },\n      \"satisfy\": [\n        {\n          \"mc\": \"<=7\"\n        }\n      ],\n      \"url\": \"http://tsqqpujxbbsfp0-92pd4nlke2o8u69j5c91q9tzco98il8ql.837fm0wv-0zx1keumoq4mxuw4f95y9rm0p5gfkc48i.e.iid/%2d//h%F2%BB%93%90g\",\n      \"info\": \"8%\",\n      \"isSelectable\": true\n    }\n  },\n  {\n    \"title\": \"block sample 2\",\n    \"value\": {\n      \"name\": \"t& %$5z1\",\n      \"ay\": 1950,\n      \"assign\": [\n        \"ir$l[*MG\",\n        \"\\\"E\"\n      ],\n      \"match\": [\n        {\n          \"pattern\": \"MADx6\",\n          \"exclude\": [\n            \"IOU9\",\n            \"MV3\",\n            \"BN*H\",\n            \"GLx78\",\n            \"MVT22Y\"\n          ],\n          \"info\": \"]Wt/\"\n        },\n        \"EK00\"\n      ],\n      \"url\": \"http://ihi-vv961xd4xcj6kynykfvp-zvyx.43jip9b190bmhmax5c00qf3ty.kgw49lb13q80x7pn516g4ipvpgz90w5tiwiq.cr8ohxzlnhf6bev7uhyuxwr1engxvuqycss23qdmzlkqw8v9c.wr\",\n      \"isSelectable\": true\n    }\n  },\n  {\n    \"title\": \"block sample 3\",\n    \"value\": {\n      \"name\": \"}/\",\n      \"ay\": 1955,\n      \"assign\": [\n        \"5XV]%V?*!\"\n      ],\n      \"match\": \"LH3593\",\n      \"satisfy\": \"x4%D\",\n      \"url\": \"http://bbef.cwdx.dd-e4.ax/4/+ce/%F1%B7%84%9004D/msPN&ZFV%F1%8F%B4%8D)/g%33:e/0/*5t\",\n      \"info\": \"~y|Tz F{>O\",\n      \"isSelectable\": true,\n      \"\": {\n        \"name\": \"!~\\\"\",\n        \"ay\": 1950,\n        \"match\": {\n          \"pattern\": \"TMxO\"\n        },\n        \"satisfy\": {\n          \"or\": [\n            \"x|t0QTd1z\",\n            {\n              \"or\": [\n                \"- il8f-\"\n              ]\n            }\n          ]\n        },\n        \"url\": \"https://87i7vu0-5ke22fnwhk36db6htsntfkmo167b.adbs.caf.avahvbioc/OR/,I&/33Qc9w1VU/hie=*iJ$77/\",\n        \"info\": \"\",\n        \"isSelectable\": true,\n        \"]y|\": {\n          \"name\": \">\",\n          \"ay\": 2027,\n          \"assign\": [\n            \"5d\",\n            \"sg\",\n            \"^~/{b\",\n            \"mEgEg\",\n            \"4tT$\"\n          ],\n          \"match\": {\n            \"and\": [\n              {\n                \"and\": [\n                  {\n                    \"and\": [\n                      {\n                        \"or\": [\n                          \"TTIx83U\",\n                          \"GJ3x9xS\",\n                          \"BL5K\",\n                          {\n                            \"and\": [\n                              \"AMC8B\",\n                              \"QY9\",\n                              \"ZHS8*H\"\n                            ]\n                          }\n                        ]\n                      },\n                      \"HLA2V\",\n                      {\n                        \"and\": []\n                      }\n                    ]\n                  },\n                  {\n                    \"or\": [\n                      {\n                        \"and\": [\n                          \"FY28W\",\n                          {\n                            \"pattern\": \"FVx\",\n                            \"exclude\": \"FI476X\",\n                            \"info\": \"<`\"\n                          },\n                          \"SJxN\",\n                          \"UTR7020\"\n                        ]\n                      },\n                      {\n                        \"pattern\": \"UO3S\",\n                        \"exclude\": \"SP*Q\"\n                      },\n                      \"OGW8x6\",\n                      \"NSL8*89\",\n                      {\n                        \"pattern\": \"APA951\",\n                        \"exclude\": \"SMA05C\"\n                      }\n                    ]\n                  },\n                  \"WLL583H\",\n                  {\n                    \"or\": [\n                      \"WF093N\",\n                      {\n                        \"pattern\": \"ICU887xG\",\n                        \"exclude\": [\n                          \"VCA8\",\n                          \"NN*197P\",\n                          \"WFT848R\"\n                        ],\n                        \"info\": \"_un\"\n                      },\n                      \"WA20\"\n                    ]\n                  }\n                ]\n              }\n            ]\n          },\n          \"url\": \"https://jd4-xzj3q1hz981ujhyb347lugeapajgakyjutv6ghun.2.qj/PDg/iCnl=$*+/~DWI*,;F;m/(/y~_3T/r,N/dq//+C/AglcV,g\",\n          \"info\": \"Pm>ULV.Nn\",\n          \"isSelectable\": true\n        },\n        \"VK]`0K[B\": {\n          \"name\": \"qF!\",\n          \"ay\": 1959,\n          \"assign\": [\n            \")DP/N\"\n          ],\n          \"match\": {\n            \"and\": []\n          },\n          \"satisfy\": [\n            {\n              \"or\": [\n                {\n                  \"and\": [\n                    \"\"\n                  ]\n                },\n                {\n                  \"mc\": \"<=118\"\n                },\n                {\n                  \"and\": [\n                    {\n                      \"or\": [\n                        {\n                          \"and\": [\n                            \".\",\n                            \"z]4;BI\",\n                            \"z'dep^1%F0\",\n                            \"XA\\\"'hv/xG\"\n                          ]\n                        },\n                        \"HvWpn\",\n                        {\n                          \"or\": [\n                            \"?e\",\n                            \"R\",\n                            \"]JS\",\n                            \"+&y<e-iss]\",\n                            \";2k,a-!jmH\"\n                          ]\n                        },\n                        \"Gc1x7\"\n                      ]\n                    },\n                    {\n                      \"and\": [\n                        \"+\",\n                        \";??Xpsk!/K\"\n                      ]\n                    }\n                  ]\n                },\n                {\n                  \"mc\": \"<=99\"\n                },\n                \"tJ$|\"\n              ]\n            },\n            {\n              \"or\": [\n                {\n                  \"mc\": \">=155\"\n                },\n                {\n                  \"and\": []\n                },\n                {\n                  \"and\": [\n                    \"@1sLOT\\\"A1\",\n                    \"!F X[6<#\",\n                    \"Je#%coeT\"\n                  ]\n                },\n                {\n                  \"mc\": \"<=49\"\n                }\n              ]\n            },\n            {\n              \"and\": [\n                {\n                  \"and\": [\n                    \"k-hm,X)2,0\"\n                  ]\n                },\n                {\n                  \"mc\": \">=10\"\n                },\n                \"&!|~xc\"\n              ]\n            },\n            {\n              \"or\": []\n            }\n          ],\n          \"url\": \"https://kgjcwv3avewlqy1luq7.wwncap3mrznpa.5gw177vyfil0rq973ydczhedkmb75ufe4-173tp6ajuabx5e0lctu3nju5vr.htnjmxz/pCF-(*/%F3%83%8C%90U/w73n!/OMMFrZI/t4adOuU%F2%89%88%AD=/%F1%A0%A6%A3-7h6LFZX/R@tB\",\n          \"info\": \"X\",\n          \"isSelectable\": true\n        },\n        \"eNUWG\": {\n          \"ay\": 2025,\n          \"match\": {\n            \"and\": []\n          },\n          \"satisfy\": [\n            {\n              \"and\": [\n                {\n                  \"mc\": \"<=108\"\n                }\n              ]\n            },\n            {\n              \"and\": [\n                {\n                  \"or\": [\n                    \"\",\n                    {\n                      \"mc\": \"<=140\"\n                    },\n                    {\n                      \"or\": []\n                    },\n                    {\n                      \"or\": []\n                    },\n                    {\n                      \"and\": [\n                        {\n                          \"or\": []\n                        },\n                        {\n                          \"mc\": \">=127\"\n                        },\n                        \".)4f+'\",\n                        \"'*\\\"Q%<k\",\n                        {\n                          \"and\": [\n                            \"}\",\n                            \"8E\\\"j+j};U\",\n                            \"@I*M1:^x+2\",\n                            {\n                              \"mc\": \"<=36\"\n                            },\n                            \"Uom]|?-^\"\n                          ]\n                        }\n                      ]\n                    }\n                  ]\n                },\n                \"hxpTn|Fss\"\n              ]\n            },\n            \"tVE\",\n            {\n              \"mc\": \"<=117\"\n            },\n            \",W;\\\"lW+\\\"\"\n          ],\n          \"url\": \"https://0l921.1oc1zza8tg9y3bboracsnaqeezdcxk0jcsl03c334fkgdqg0hua8y75g1.nx47zn9x97i78kwfwg6e89qtki5trxbefi718gzm5p-md9d084mock4xsf9d9a.cis/o/y7ky-\"\n        },\n        \"W\": {\n          \"name\": \"*pbN#N\",\n          \"ay\": 1989,\n          \"assign\": \"~A?X\",\n          \"isSelectable\": true,\n          \"erG9\": {\n            \"name\": \"+q$\",\n            \"ay\": 1976,\n            \"assign\": [\n              \"9RK+\",\n              \"@33PwQ{YJ\",\n              \"rlBMsr,+X\",\n              \"EE\"\n            ],\n            \"match\": \"TKZ569\",\n            \"satisfy\": {\n              \"or\": []\n            },\n            \"url\": \"http://p.265yyck--ydb9tda9w5uo.t9m5avm0bprz-i0vbeg6iepbly1z.zyxxw/uE_*%F2%80%94%ADIfi/\",\n            \"info\": \"n0:S;bc\"\n          },\n          \"1Q-#_RCC0W\": {\n            \"name\": \"X\",\n            \"ay\": 1991,\n            \"assign\": [\n              \"b>wln\",\n              \"UCO{_5ejLx\",\n              \"wvo2q\",\n              \"Pz)rnyx,03\",\n              \"HP2Z5_:\"\n            ],\n            \"satisfy\": {\n              \"or\": [\n                {\n                  \"mc\": \">=62\"\n                }\n              ]\n            },\n            \"url\": \"http://d.rs64-teg5tcc4vlsc7.zg/%F4%82%9D%AE*i%F1%A7%95%BAJ.0/h/%F2%AB%8D%A4XjbJ6~z%F1%9A%B2%BBZ//sD)\",\n            \"info\": \"r6TyzNZH0\",\n            \"isSelectable\": true\n          },\n          \"]]1P.\": {\n            \"name\": \"\",\n            \"ay\": 1984,\n            \"assign\": [\n              \"32j]hF\",\n              \"/u+\"\n            ],\n            \"match\": \"XA6\",\n            \"satisfy\": {\n              \"and\": []\n            },\n            \"url\": \"http://xed16a65b4tljyvx-drzkdq401-e7nixwfl-yzg33b8.phh93zqx31z9kryjzwjtpnc8fxc5cqfwzbxih0qdnziztnp.qgtepkaxek/e;T/+:/f/%F0%9D%87%8Bz&0)V9H%F1%AD%89%B3l/Od\",\n            \"info\": \"GWqv\\\"3\",\n            \"isSelectable\": true\n          },\n          \"gJ5~Rka<\": {\n            \"name\": \"@\",\n            \"ay\": 1978,\n            \"assign\": [\n              \"I-_(m)c\"\n            ],\n            \"match\": [\n              {\n                \"pattern\": \"PJW39\",\n                \"exclude\": [\n                  \"MC9\",\n                  \"VR0\"\n                ],\n                \"info\": \";\"\n              },\n              {\n                \"or\": [\n                  \"KW970G\",\n                  {\n                    \"or\": [\n                      {\n                        \"or\": [\n                          \"DA477\",\n                          {\n                            \"pattern\": \"ZDN4\",\n                            \"info\": \"L[1F`dL4w\"\n                          },\n                          \"IE89\",\n                          {\n                            \"or\": [\n                              \"LCE0199V\",\n                              {\n                                \"or\": [\n                                  \"KQ0xT\"\n                                ]\n                              },\n                              \"MD16I\"\n                            ]\n                          },\n                          \"GPJ8668C\"\n                        ]\n                      },\n                      \"XFV1x\",\n                      {\n                        \"or\": [\n                          {\n                            \"pattern\": \"KKN3V\",\n                            \"exclude\": \"IL*6xxR\"\n                          },\n                          \"GIK3677P\"\n                        ]\n                      },\n                      {\n                        \"or\": [\n                          \"NUX88\",\n                          \"ZAJ857\"\n                        ]\n                      }\n                    ]\n                  },\n                  {\n                    \"and\": [\n                      \"TDU140\",\n                      {\n                        \"or\": [\n                          \"UEDxV\",\n                          {\n                            \"or\": []\n                          },\n                          {\n                            \"pattern\": \"WXC252C\",\n                            \"exclude\": [\n                              \"YG20\",\n                              \"AW08Y\",\n                              \"VZ14E\",\n                              \"SBG7F\"\n                            ],\n                            \"info\": \"XZM;twm~\"\n                          },\n                          \"SK*095N\"\n                        ]\n                      },\n                      \"XRQ06J\"\n                    ]\n                  },\n                  {\n                    \"or\": [\n                      {\n                        \"or\": [\n                          {\n                            \"and\": [\n                              {\n                                \"pattern\": \"WG35S\",\n                                \"exclude\": [\n                                  \"AZD56x0\",\n                                  \"XMK*61\",\n                                  \"PTF8x5S\",\n                                  \"PNH3\"\n                                ],\n                                \"info\": \"jxc6z8|`QO\"\n                              },\n                              \"SI7986M\"\n                            ]\n                          },\n                          \"XXx35T\",\n                          \"DPW78*O\",\n                          {\n                            \"pattern\": \"EHX5378\",\n                            \"exclude\": [],\n                            \"info\": \"|)gx]Q\"\n                          }\n                        ]\n                      }\n                    ]\n                  }\n                ]\n              },\n              {\n                \"pattern\": \"TXO20T\",\n                \"exclude\": [\n                  \"UI13x6F\",\n                  \"GE3576V\",\n                  \"CP*L\"\n                ],\n                \"info\": \"\"\n              }\n            ],\n            \"satisfy\": {\n              \"or\": [\n                \"[?' \",\n                {\n                  \"mc\": \"<=16\"\n                },\n                {\n                  \"or\": [\n                    {\n                      \"mc\": \">=31\"\n                    },\n                    \"I\",\n                    {\n                      \"and\": []\n                    },\n                    {\n                      \"or\": [\n                        \"H.5x<\"\n                      ]\n                    }\n                  ]\n                },\n                {\n                  \"and\": [\n                    \"GD-\",\n                    {\n                      \"and\": [\n                        \"$;6F\"\n                      ]\n                    }\n                  ]\n                }\n              ]\n            },\n            \"url\": \"http://9f9ps082gge6h-vof5ghlov8ffewqz7u.edowz/x/K%F1%BD%9A%B7W5'I/!&/%F1%84%B6%9DJ_38Y2/HgVJ./shSaz3en/PO587HZOa%F2%8D%8F%99/%F1%A7%91%ABAj:%F4%86%8D%8E/6M;+1g-5\",\n            \"info\": \"5$5)ZxM~=i\",\n            \"isSelectable\": true\n          }\n        }\n      }\n    }\n  },\n  {\n    \"title\": \"block sample 4\",\n    \"value\": {\n      \"name\": \"\",\n      \"ay\": 2000,\n      \"assign\": [\n        \"g$>.>Mru\",\n        \"\"\n      ],\n      \"satisfy\": \"e%\\\"\",\n      \"url\": \"https://5pzzcioxc25w6ptiq3t7966s4h7dy83fe39kg3jjgyqpbcs76q.jcgyc\",\n      \"info\": \"Z%Q\",\n      \"isSelectable\": true\n    }\n  },\n  {\n    \"title\": \"block sample 5\",\n    \"value\": {\n      \"name\": \"\",\n      \"ay\": 1957,\n      \"assign\": [\n        \"c'BgT8?\",\n        \"Qm>C?\\\\o:\"\n      ],\n      \"satisfy\": {\n        \"and\": []\n      },\n      \"url\": \"http://o8kj2xwsg1xuhbjgkaj3tkxl9clf.d9e7cd.m6.eqtngdk/S)FHm3zr%F2%A2%8F%B7a//IiVpH/R%F3%8A%94%8DisFmfm\",\n      \"info\": \"XStD\",\n      \"isSelectable\": true\n    }\n  },\n  {\n    \"title\": \"block sample 6\",\n    \"value\": {\n      \"name\": \"Ur1,i7E\",\n      \"ay\": 1951,\n      \"assign\": \"-.\",\n      \"satisfy\": [\n        {\n          \"and\": [\n            \"[\",\n            {\n              \"mc\": \"<=199\"\n            },\n            {\n              \"mc\": \">=169\"\n            },\n            {\n              \"or\": [\n                {\n                  \"mc\": \">=96\"\n                },\n                {\n                  \"or\": [\n                    \"X:\"\n                  ]\n                }\n              ]\n            }\n          ]\n        },\n        {\n          \"and\": []\n        }\n      ],\n      \"url\": \"https://rn52w00fi71l1u-4osafbucf7locfzo6h2gtj5b5v0fr1e.vxq7036k9be8cn5n3uqo7a8qxkaidmlvtiq4h4.hfshe8xg931ku1znvxi35jqahnraubruhwfm5aem.hw.7uz-1lfxfflc2a-chg1qloi2qlmwddzw14v.ztjgkkg/QoL/p7pt.VEidZ/K!s73B2/tC%F0%A5%AF%A3oDn%F2%BF%A4%80%EC%AA%9C/%F2%98%89%95/ra/%F3%9E%B6%87J%F2%BD%80%8Cd3,L/L~f9UEt%F4%87%93%94/Y_~\",\n      \"info\": \" 7%\",\n      \"isSelectable\": true,\n      \"\": {\n        \"name\": \"C\",\n        \"ay\": 1951,\n        \"assign\": [\n          \"\",\n          \"\\\"\",\n          \"S0XQ;Jf6J\",\n          \"K{$PF\",\n          \"\\\"@YQ*mTWK\"\n        ],\n        \"match\": {\n          \"pattern\": \"GZ2N\",\n          \"exclude\": \"KI62x*\",\n          \"info\": \"$J9\"\n        },\n        \"satisfy\": [\n          \"/A\",\n          {\n            \"mc\": \">=159\"\n          },\n          {\n            \"or\": [\n              {\n                \"mc\": \"<=80\"\n              },\n              {\n                \"or\": [\n                  {\n                    \"mc\": \"<=133\"\n                  },\n                  \".\"\n                ]\n              },\n              {\n                \"and\": [\n                  {\n                    \"and\": []\n                  }\n                ]\n              }\n            ]\n          },\n          {\n            \"mc\": \">=102\"\n          },\n          {\n            \"mc\": \">=132\"\n          }\n        ],\n        \"url\": \"http://j.a1pepsrekmnd3h-pm.maq8i6x8kihsqk5x2le2uofx1xpsw9cy79h1knzwrz2.o.cmbiyf/xy1/pDF/edun6l\",\n        \"info\": \"|V\",\n        \"isSelectable\": true,\n        \"#*o!p[ex5\": {\n          \"ay\": 1951,\n          \"assign\": \"\",\n          \"match\": [\n            \"EF662Y\",\n            {\n              \"or\": [\n                \"BYD6706U\",\n                \"EXC663\",\n                {\n                  \"and\": [\n                    \"PTM14I\",\n                    \"SOx90xJ\",\n                    {\n                      \"or\": [\n                        \"KJ378S\",\n                        {\n                          \"pattern\": \"TI413\",\n                          \"exclude\": \"VWP019\",\n                          \"info\": \"]<6?a\"\n                        },\n                        \"EM4\",\n                        \"LIF5601\"\n                      ]\n                    }\n                  ]\n                }\n              ]\n            },\n            \"BP1x\"\n          ],\n          \"satisfy\": [\n            \"$/+]p}Q\",\n            \"&3J#xzS31\",\n            {\n              \"and\": []\n            },\n            {\n              \"and\": [\n                \"M3]Ms2i\",\n                {\n                  \"mc\": \">=120\"\n                },\n                {\n                  \"mc\": \">=28\"\n                },\n                \"}YH'9R7X\"\n              ]\n            }\n          ],\n          \"info\": \"1+T\",\n          \"isSelectable\": true\n        },\n        \"J8YXI^\\\\\": {\n          \"name\": \"d\",\n          \"ay\": 2030,\n          \"assign\": \"5Im7^K(\",\n          \"match\": [\n            {\n              \"and\": []\n            }\n          ],\n          \"satisfy\": [\n            {\n              \"mc\": \"<=66\"\n            },\n            \"\"\n          ],\n          \"url\": \"http://7nnqj2.jbnevuam/mPvW/'B,Qktj/$QrEY/WnhPAH/wH%F3%BC%A6%A7JDLLDlt/\"\n        },\n        \"(\": {\n          \"name\": \"tV7dX!|0)\",\n          \"assign\": \"cR_x;\",\n          \"match\": [\n            \"KUD2P\",\n            {\n              \"pattern\": \"QV7\",\n              \"exclude\": [\n                \"XTM935xH\",\n                \"RUB38\"\n              ],\n              \"info\": \"l\"\n            },\n            {\n              \"and\": [\n                {\n                  \"or\": [\n                    \"XKI7\",\n                    \"YX*1x2\",\n                    {\n                      \"and\": [\n                        {\n                          \"or\": [\n                            \"HT5W\",\n                            {\n                              \"and\": [\n                                \"VU50G\",\n                                {\n                                  \"and\": [\n                                    \"QLO403\"\n                                  ]\n                                }\n                              ]\n                            },\n                            \"BX2H\"\n                          ]\n                        },\n                        \"WWx758W\",\n                        \"OEO44\",\n                        \"RU936E\",\n                        \"TYW**65\"\n                      ]\n                    }\n                  ]\n                },\n                {\n                  \"or\": [\n                    \"KSN7\",\n                    \"RZZ3x3\"\n                  ]\n                },\n                {\n                  \"or\": []\n                },\n                {\n                  \"pattern\": \"QD79\",\n                  \"exclude\": \"GOS80*\",\n                  \"info\": \"-bbmDl\"\n                }\n              ]\n            },\n            {\n              \"and\": [\n                {\n                  \"pattern\": \"TN8*17D\",\n                  \"exclude\": \"LN7635\",\n                  \"info\": \"?\"\n                }\n              ]\n            },\n            {\n              \"and\": [\n                {\n                  \"pattern\": \"AU3*14L\",\n                  \"exclude\": \"RC598\",\n                  \"info\": \"];T\"\n                },\n                {\n                  \"and\": [\n                    {\n                      \"and\": [\n                        {\n                          \"and\": []\n                        },\n                        \"KQI7\",\n                        \"ZT6N\",\n                        {\n                          \"pattern\": \"OVxK\",\n                          \"exclude\": [\n                            \"SWD979\",\n                            \"BNV2C\",\n                            \"SBF079*\",\n                            \"MZ0983\",\n                            \"OOD3236R\"\n                          ],\n                          \"info\": \"xs|EtA {\"\n                        }\n                      ]\n                    },\n                    {\n                      \"pattern\": \"HO263P\",\n                      \"exclude\": \"TW*W\",\n                      \"info\": \"\"\n                    },\n                    {\n                      \"pattern\": \"EN161H\",\n                      \"exclude\": \"DH38x\",\n                      \"info\": \"cMf)%T\"\n                    }\n                  ]\n                },\n                {\n                  \"pattern\": \"XQ198B\",\n                  \"exclude\": \"WYE8\",\n                  \"info\": \"^;wb1\"\n                }\n              ]\n            }\n          ],\n          \"satisfy\": {\n            \"or\": [\n              {\n                \"mc\": \">=154\"\n              },\n              {\n                \"and\": [\n                  \"6h7e+M\",\n                  {\n                    \"and\": [\n                      \")z \",\n                      {\n                        \"or\": [\n                          \",FNL|IT'\",\n                          \" 5\",\n                          \"X\"\n                        ]\n                      },\n                      \"*.Z\",\n                      \"IU\",\n                      \"x\"\n                    ]\n                  },\n                  \"\\\\zFHBk\",\n                  \"\"\n                ]\n              },\n              {\n                \"mc\": \"<=37\"\n              }\n            ]\n          },\n          \"url\": \"https://psdixalm513xij0vwxv-2n4wonv6cv0dutt245y2cc.4yqcqmit7kidllthumnqc3xqhxca3dmmwhn.qxq8ptbl4b.p6qsvcnkb8qbp7g4d0.2xroqdq7zqmaqqtkj1mp33a73p-o11.inz/af%F3%A8%AE%80g%F1%81%86%9E/yA2/H-f6b\",\n          \"info\": \"BZ\",\n          \"isSelectable\": true\n        }\n      },\n      \"rcl\": {\n        \"ay\": 1961,\n        \"url\": \"https://rktxkdi5pio74tgd1nhmr8lkfj7yjhkc48urs73un8tz.2.aerf.a5m81pc5e39ktxl3-cgr9y2r990ps-tknw7weszd71h5z6-7jeug0.evdbrpplb/MK5k9Da%F3%AC%8E%9E%EE%85%91/6PG*czK'Z/1)pq%D1%895%F1%93%A3%96g%F2%BE%B8%92w//dtX\",\n        \"info\": \"@t A!e':2a\",\n        \"isSelectable\": true,\n        \"jYs|0\": {\n          \"ay\": 2020,\n          \"assign\": [\n            \"pn_cT 'K<\"\n          ],\n          \"match\": [\n            {\n              \"or\": [\n                {\n                  \"or\": [\n                    \"KOS79I\",\n                    \"PC809D\",\n                    {\n                      \"pattern\": \"TNH33L\",\n                      \"exclude\": \"TO5x84\",\n                      \"info\": \"m1i7(G\"\n                    },\n                    {\n                      \"and\": [\n                        \"WB88x2O\",\n                        {\n                          \"pattern\": \"PLS7xS\",\n                          \"exclude\": [\n                            \"VNC50H\",\n                            \"EPx948Y\"\n                          ],\n                          \"info\": \"\"\n                        },\n                        \"GD487\",\n                        {\n                          \"and\": [\n                            \"DS482I\",\n                            \"FAS4V\",\n                            \"QWZ009P\",\n                            \"OGH*8T\"\n                          ]\n                        }\n                      ]\n                    }\n                  ]\n                },\n                {\n                  \"pattern\": \"TE84\",\n                  \"info\": \"\\\"tGxE2\"\n                },\n                {\n                  \"or\": [\n                    \"AA8146\",\n                    \"BSG*38J\",\n                    {\n                      \"and\": [\n                        \"CA24*9Z\",\n                        {\n                          \"and\": []\n                        }\n                      ]\n                    }\n                  ]\n                },\n                {\n                  \"pattern\": \"NNW*x9xR\",\n                  \"info\": \"\"\n                }\n              ]\n            },\n            {\n              \"and\": [\n                \"UQO4V\",\n                {\n                  \"or\": [\n                    \"IUM*83\",\n                    \"IEx14V\"\n                  ]\n                },\n                {\n                  \"pattern\": \"GO630N\",\n                  \"exclude\": \"OY48x\",\n                  \"info\": \"Jhf\\\\*3+22\"\n                },\n                \"HN0209I\",\n                \"MGL5x61\"\n              ]\n            }\n          ],\n          \"url\": \"https://vjx78ngy2tob8aoaxm8rn2-9d0us5on.v90d9qb53yv12en7aayco.vob-o-m168v84fzzfbhz04at9d3ray750xrk2.tj8-f9ctz1c-7rusmtrxgoqz3j6fz7pkvexnmembazz6q9pqbgk7ve.ptxn/d@mb-%F3%A1%AF%BAL/S/QU;zx=i2/o7Q'Gs\",\n          \"info\": \"\\\\KF=\",\n          \"isSelectable\": true\n        },\n        \"i6?fr#%\\\"\": {\n          \"name\": \"kl\",\n          \"ay\": 1974,\n          \"assign\": [\n            \"1soN\",\n            \"l|n\",\n            \"8\"\n          ],\n          \"match\": {\n            \"and\": []\n          },\n          \"satisfy\": [\n            \"5YIN@GM\",\n            \"}PW\\\\t/=Y\",\n            {\n              \"mc\": \">=182\"\n            },\n            {\n              \"or\": []\n            }\n          ],\n          \"url\": \"http://2z7ygox-ox1sleei3wdfd0qib2sv195k3-0g6r5ve62k3n6nv.u7ne18tzecsbro9est877q9-vohu4rdd8je55mbv74we9soqokytpmi9d.6eojj4b135blizp.cpresdl/A$%F1%85%9E%8DAA/%EC%A5%AD+s&ELu/qCJ:/H4B%F0%B1%9D%91f:j/eiO%F2%B5%B0%B60\",\n          \"info\": \"4M oUz-^#\"\n        },\n        \"kO?mg(d@D \": {\n          \"name\": \"-@s^|{F\",\n          \"ay\": 1960,\n          \"assign\": [],\n          \"satisfy\": [\n            {\n              \"mc\": \"<=161\"\n            },\n            {\n              \"mc\": \">=175\"\n            },\n            {\n              \"mc\": \"<=8\"\n            }\n          ],\n          \"info\": \";D(Bv=\",\n          \"isSelectable\": true\n        },\n        \"\": {\n          \"name\": \"\",\n          \"ay\": 1954,\n          \"assign\": \"QN-.\",\n          \"url\": \"https://f.6-9l76z-51qvem5sbx-pdza3omjzwoe8isl7nccw2nyp.g428w5erk-1qi4b43eg3acrfqt1l5jzi1z7fe1b3idk2dk4r2xsb8h7-o33.l.cyham/)C$%F4%8D%83%B3i6/%F1%8F%99%B9jhRrU%F4%8D%99%BA/;*QHt)%F3%8B%BD%BAS+/9wLs-'%EC%B8%89_/2I/hp@/4%F1%9B%95%84Tx5!p~n/g/r'I7%E6%88%ACxr\",\n          \"info\": \"s,N0>Z\",\n          \"isSelectable\": true\n        }\n      },\n      \"BL`d'B8J\": {\n        \"name\": \"Y+2W\",\n        \"assign\": \"u2vFf2^VI=\",\n        \"match\": {\n          \"pattern\": \"MY04x\",\n          \"exclude\": \"SFM551\",\n          \"info\": \"tF\"\n        },\n        \"satisfy\": \"9zME7^+Q=1\",\n        \"info\": \"'EF\",\n        \"isSelectable\": true\n      },\n      \">,P;\": {\n        \"name\": \"IapV/3\",\n        \"ay\": 2014,\n        \"assign\": [\n          \"fywEEdxPR\",\n          \"KI$U`Dn\"\n        ],\n        \"match\": {\n          \"and\": [\n            {\n              \"pattern\": \"XHI534H\",\n              \"exclude\": [\n                \"PTV5W\",\n                \"OW55\",\n                \"TM8E\",\n                \"QOU5x4\",\n                \"JDO0H\"\n              ],\n              \"info\": \"3_\\\"q\"\n            },\n            {\n              \"pattern\": \"MI20x3\",\n              \"exclude\": \"RQ366x\",\n              \"info\": \"m-@ ,q$T\"\n            },\n            {\n              \"pattern\": \"CBS7x38\",\n              \"info\": \"\"\n            },\n            {\n              \"or\": []\n            }\n          ]\n        },\n        \"url\": \"https://ogx.mu9tgfiz2gvycdej0hf7zvgjk.0.c.zafb/1rI%F3%8D%85%99l(/q/2dCn//htFTrOO+/,nCMH/HM(/:a8zX%F1%B0%A3%9CTKL/3o%F1%9F%96%B3)o1xO%F2%8D%A6%88/1z'XpKN!o%F2%B3%A7%9B\",\n        \"info\": \"i<6>8\",\n        \"isSelectable\": true,\n        \"\\\\lB\": {\n          \"name\": \">|9Gf'\",\n          \"ay\": 2004,\n          \"assign\": \"%8F;8D%\",\n          \"match\": [\n            \"IW989I\",\n            \"HK0\"\n          ],\n          \"satisfy\": [\n            {\n              \"mc\": \">=200\"\n            },\n            {\n              \"or\": [\n                {\n                  \"or\": [\n                    \"H`\",\n                    \"4j \"\n                  ]\n                },\n                {\n                  \"and\": [\n                    \"mUKf_qxk>3\",\n                    {\n                      \"and\": [\n                        \"_4h+|i\",\n                        {\n                          \"or\": [\n                            {\n                              \"mc\": \"<=184\"\n                            },\n                            \"UTRB,i{i7M\",\n                            {\n                              \"or\": [\n                                \"\",\n                                \"wL`\",\n                                \"@WE\",\n                                \"\"\n                              ]\n                            }\n                          ]\n                        },\n                        \"/\",\n                        \"p^!r\",\n                        {\n                          \"and\": [\n                            \"%H\",\n                            \"Ug}6I#EJ|\",\n                            \"8QY>@xk\",\n                            \">\",\n                            \"tfc#]P\\\\*/\"\n                          ]\n                        }\n                      ]\n                    }\n                  ]\n                },\n                \"~\"\n              ]\n            },\n            {\n              \"or\": [\n                {\n                  \"or\": [\n                    \"_Q(sq}d#n?\",\n                    \"EY`\"\n                  ]\n                },\n                {\n                  \"or\": [\n                    {\n                      \"or\": [\n                        \"\"\n                      ]\n                    }\n                  ]\n                },\n                {\n                  \"or\": []\n                }\n              ]\n            },\n            {\n              \"and\": []\n            },\n            {\n              \"and\": [\n                {\n                  \"and\": [\n                    \"m\",\n                    \"`m=}*I:(H\",\n                    \"s0CaFgz}e\"\n                  ]\n                },\n                {\n                  \"or\": [\n                    {\n                      \"and\": []\n                    },\n                    {\n                      \"or\": []\n                    }\n                  ]\n                },\n                {\n                  \"or\": [\n                    \"+x\",\n                    \"Wk;Hma`!(r\",\n                    \"Gk\",\n                    \"mb3X2\",\n                    {\n                      \"or\": [\n                        \"X \",\n                        \"a~}g\",\n                        \"XOw\",\n                        {\n                          \"mc\": \">=106\"\n                        },\n                        \"=xTK}ok\\\\@\"\n                      ]\n                    }\n                  ]\n                },\n                {\n                  \"or\": [\n                    {\n                      \"and\": [\n                        \"bf]s\",\n                        {\n                          \"mc\": \">=29\"\n                        },\n                        \"7a=`}\"\n                      ]\n                    },\n                    \"33CZ^xr^\"\n                  ]\n                },\n                \"o;Z\"\n              ]\n            }\n          ],\n          \"url\": \"http://u3lwf278durgl7n6kqczreer4hskpkel.th68-4jvmdyktgroh042b7j06nya-kmayywp8747umct69ea86jraw09cgt.rd9mp8eanjt5j00hph6may9l-zj0kbf9f9uhbl-kqsgsm4.2.wmhiaxho///ughL!Qy7D0/~+-o%F3%B8%80%827W%F3%91%BD%B03/R&K+Ua/=IfT/cvNd%F3%81%A5%9CFE0/%F1%84%B9%99%F2%9A%BA%87SE/E%F3%B4%AE%A5%F2%94%BE%A0E\",\n          \"isSelectable\": true,\n          \"`\": {\n            \"name\": \"=1k\",\n            \"ay\": 2027,\n            \"assign\": [\n              \")y\",\n              \"6d<FGR\",\n              \"]3\"\n            ],\n            \"match\": {\n              \"pattern\": \"NA923W\",\n              \"exclude\": [\n                \"ITE536P\",\n                \"IOH5N\",\n                \"XM81*\"\n              ],\n              \"info\": \"9WJr\"\n            },\n            \"satisfy\": [\n              \"$:a~kl:Tr\",\n              {\n                \"mc\": \"<=28\"\n              }\n            ],\n            \"url\": \"http://9ft.r8evtr5rx7ief.0rbt1navopdxjz7t7rs5x-dpd77zys-0l.zuymju9vsgvprca227lv-y17uf16y73o1z.qpafezr/%F2%99%96%93Ukd/Co//t&IHPz%F0%BE%BA%99%F1%BD%8B%94M/R%F4%80%AE%A3Mi//M%F1%92%BB%8C/yDL/n%F2%93%B4%8AW$6rtAq/\",\n            \"info\": \"sw!-mn)z7f\",\n            \"isSelectable\": true\n          },\n          \"lv\": {\n            \"name\": \"(\",\n            \"ay\": 1980,\n            \"assign\": [\n              \"WGQ]xO*_\",\n              \"P)(FZLA8w]\",\n              \"'|!R0j[#QO\"\n            ],\n            \"match\": [],\n            \"satisfy\": {\n              \"or\": [\n                \"]X4v]y?7y\"\n              ]\n            },\n            \"info\": \"TZl-D{?q}\",\n            \"isSelectable\": true\n          },\n          \"w8m\\\\Rc<\\\"60\": {\n            \"name\": \"q9Uw\\\\y\\\\F\",\n            \"assign\": \"Nq^sm@OpL\",\n            \"satisfy\": {\n              \"or\": [\n                \"!;J51\",\n                \"{\"\n              ]\n            },\n            \"url\": \"http://8a-a4j2gutngc5otbkdh3b4mtp80eys.pnu9ny0xgtsutpue65yxk9tz9x.5kagarevvv9t03ro6zmhlixy50xwna5mmvgj1kgr-f0o0w9f5r.umfgvq6cgmjri00eb8km05-hk8xlo51ii.wbo/Z%F0%9E%A4%B4q)kX%F0%9D%AB%85'/qck+,_fPf//*i!\",\n            \"info\": \":'b3]Dl\"\n          }\n        },\n        \"g\": {\n          \"name\": \"w\",\n          \"ay\": 1983,\n          \"assign\": [\n            \"5z\",\n            \"t\",\n            \"-SsH$i? [\"\n          ],\n          \"match\": [],\n          \"satisfy\": [\n            {\n              \"or\": [\n                {\n                  \"or\": [\n                    {\n                      \"mc\": \">=30\"\n                    },\n                    {\n                      \"or\": [\n                        \"\\\"i\",\n                        \"CW0\"\n                      ]\n                    }\n                  ]\n                },\n                {\n                  \"mc\": \">=163\"\n                },\n                {\n                  \"or\": [\n                    {\n                      \"or\": []\n                    },\n                    \"m9F3,4Dqb\",\n                    \"IN'|!W\"\n                  ]\n                },\n                {\n                  \"and\": [\n                    {\n                      \"and\": []\n                    }\n                  ]\n                }\n              ]\n            },\n            {\n              \"or\": [\n                \"|3\",\n                {\n                  \"mc\": \"<=53\"\n                }\n              ]\n            },\n            {\n              \"and\": [\n                {\n                  \"mc\": \"<=78\"\n                },\n                \"?X\\\"e\",\n                {\n                  \"mc\": \">=193\"\n                },\n                {\n                  \"and\": [\n                    {\n                      \"and\": [\n                        {\n                          \"and\": [\n                            {\n                              \"or\": []\n                            }\n                          ]\n                        },\n                        {\n                          \"and\": [\n                            \"WCMCw5fk\",\n                            \"Ky[^/\\\"\",\n                            \"jnSD8V}\",\n                            \"6\",\n                            {\n                              \"and\": []\n                            }\n                          ]\n                        },\n                        \"'jx2 AUP\"\n                      ]\n                    },\n                    \"dS3\\\\qKSf\",\n                    {\n                      \"mc\": \"<=193\"\n                    }\n                  ]\n                }\n              ]\n            },\n            \"\"\n          ],\n          \"url\": \"https://zt36ls.tpf//$C9Z%F4%89%80%A1R('/$wEYbDybU\",\n          \"info\": \"__o\",\n          \"isSelectable\": true\n        },\n        \"_\": {\n          \"name\": \"uV-'`d+T;\",\n          \"ay\": 1975,\n          \"assign\": \"VkKnv@\",\n          \"match\": [\n            {\n              \"pattern\": \"XF4*66\",\n              \"info\": \"oc.]!\"\n            },\n            {\n              \"or\": [\n                {\n                  \"pattern\": \"WS4\",\n                  \"exclude\": [\n                    \"CVW43\",\n                    \"SZB2\"\n                  ],\n                  \"info\": \"Z!y=H2G\"\n                },\n                {\n                  \"or\": [\n                    \"KRX4479\",\n                    \"KQH628*\",\n                    \"PXI91\",\n                    \"DE37\"\n                  ]\n                },\n                {\n                  \"or\": [\n                    \"VHR25W\",\n                    {\n                      \"pattern\": \"YFB04\",\n                      \"exclude\": \"WN959J\",\n                      \"info\": \"\"\n                    },\n                    \"NF*\",\n                    \"TGF2430\"\n                  ]\n                },\n                \"QYF86I\"\n              ]\n            },\n            {\n              \"or\": [\n                {\n                  \"or\": []\n                }\n              ]\n            }\n          ],\n          \"url\": \"https://zj-5-3d5qg72x03oxuqq8j5oigtbsx.1ssb2fcjq9dt38u6.udl6pcp58kfkodb0x8dwjy2cblvdfybcoiz7lx97y8kzuibz7b2yw.vb-gc7cywrl00m62t.hrr/6OI/%F1%9E%92%92LXC%F2%87%AD%8CVB0/=Eukm1sj/Wiu%F3%BF%B6%8F%F3%91%AD%B28%F2%A7%87%A9%F2%BD%96%BAM/nfGti&U%F1%90%82%B2&/Xd%F2%BF%92%81@.%F4%8C%97%BAKA//ew=%F2%B1%AB%8C(%F4%80%B1%95Qdr\",\n          \"info\": \"lzr]\\\\pzX\",\n          \"isSelectable\": true\n        }\n      },\n      \"gCMG\": {\n        \"name\": \"<&t}q6N&X\",\n        \"ay\": 1986,\n        \"assign\": \"O6>S\\\\.S\\\"0\",\n        \"satisfy\": {\n          \"or\": [\n            {\n              \"and\": [\n                \"D]h\",\n                \";BHe\"\n              ]\n            },\n            {\n              \"or\": [\n                {\n                  \"or\": [\n                    \"\",\n                    {\n                      \"mc\": \">=98\"\n                    }\n                  ]\n                }\n              ]\n            }\n          ]\n        },\n        \"url\": \"https://7.d.nvyqpwfqx/cf/WF/'um5*1Y3P9/DrKAc7//%F1%BC%B2%A1w@SJS=//Iq:_/e.FB_;CK=/9)%F4%85%8C%AF%F2%A8%B1%AA\",\n        \"info\": \"\\\\FF2~;$o{D\",\n        \"isSelectable\": true\n      }\n    }\n  },\n  {\n    \"title\": \"block sample 7\",\n    \"value\": {\n      \"name\": \"1qi1X\\\\K\\\\h\",\n      \"ay\": 2012,\n      \"assign\": \"~Cx6&l\\\"\",\n      \"match\": [\n        {\n          \"or\": [\n            {\n              \"pattern\": \"HT6357\",\n              \"exclude\": [\n                \"RP9X\",\n                \"CU1K\",\n                \"BN4738\",\n                \"TC*8xZ\",\n                \"UFA0*35\"\n              ],\n              \"info\": \"ePv\\\\F\"\n            },\n            {\n              \"or\": []\n            }\n          ]\n        },\n        {\n          \"or\": [\n            {\n              \"and\": [\n                \"YW6\",\n                \"PIM9623Q\",\n                \"ORP51*Y\"\n              ]\n            }\n          ]\n        }\n      ],\n      \"satisfy\": [\n        \"X9zriNlK\",\n        {\n          \"and\": [\n            {\n              \"and\": [\n                \"kpi-,Ln\"\n              ]\n            },\n            {\n              \"mc\": \"<=83\"\n            },\n            \"4s\\\\\",\n            \"\"\n          ]\n        },\n        {\n          \"mc\": \"<=46\"\n        },\n        {\n          \"and\": [\n            {\n              \"mc\": \">=128\"\n            },\n            \"JY\"\n          ]\n        }\n      ],\n      \"url\": \"https://49-kva-by6cixcvu388xecc89cza281nefbif9e7c59f-faasq16n6x.o5.r.cdsbtobzz/T~XSR*%F1%A2%82%8E/y6=.AK/z8zUmm47A/pU8%F3%82%B4%ABJ,y\",\n      \"info\": \"y#10>\",\n      \"\": {\n        \"ay\": 2025,\n        \"assign\": \"!\",\n        \"match\": {\n          \"and\": [\n            {\n              \"and\": [\n                \"TI2\",\n                {\n                  \"and\": [\n                    \"OZG54\",\n                    \"ZOC545\",\n                    {\n                      \"and\": [\n                        \"GM85x3\",\n                        \"BGO09\",\n                        \"CTU*U\"\n                      ]\n                    },\n                    {\n                      \"pattern\": \"UYM9446C\"\n                    }\n                  ]\n                },\n                \"KPE80\",\n                \"VUZ*\",\n                {\n                  \"pattern\": \"DHB1470O\",\n                  \"info\": \"5GvweQIy&\"\n                }\n              ]\n            }\n          ]\n        },\n        \"info\": \"`7\",\n        \"isSelectable\": true\n      },\n      \"v;Xks\": {\n        \"name\": \"5 \",\n        \"match\": [],\n        \"satisfy\": [\n          {\n            \"and\": [\n              {\n                \"and\": [\n                  {\n                    \"and\": [\n                      {\n                        \"mc\": \">=178\"\n                      },\n                      {\n                        \"and\": [\n                          \"ige^b.!'\"\n                        ]\n                      },\n                      \".nJ\",\n                      {\n                        \"mc\": \"<=129\"\n                      },\n                      \"/\"\n                    ]\n                  },\n                  \"\",\n                  \"*(0#E\\\"q$m\",\n                  \"*|Zon\"\n                ]\n              },\n              {\n                \"mc\": \"<=64\"\n              },\n              {\n                \"or\": [\n                  {\n                    \"mc\": \"<=132\"\n                  },\n                  \"9n$g*![:n2\",\n                  \"g\",\n                  {\n                    \"or\": [\n                      {\n                        \"and\": [\n                          \"nj$\"\n                        ]\n                      },\n                      \"xmq50hM-f\"\n                    ]\n                  }\n                ]\n              },\n              \"HsC,>\"\n            ]\n          },\n          {\n            \"or\": [\n              {\n                \"or\": [\n                  {\n                    \"mc\": \">=121\"\n                  }\n                ]\n              },\n              {\n                \"and\": [\n                  \"R\",\n                  {\n                    \"mc\": \">=176\"\n                  },\n                  \"h&@w+S G8w\",\n                  {\n                    \"and\": [\n                      {\n                        \"mc\": \">=98\"\n                      }\n                    ]\n                  }\n                ]\n              },\n              {\n                \"mc\": \">=98\"\n              },\n              \"D2~`\",\n              {\n                \"or\": [\n                  \" /!y+=\",\n                  {\n                    \"or\": [\n                      \"J&Fafo0J\"\n                    ]\n                  },\n                  {\n                    \"mc\": \"<=32\"\n                  },\n                  \"(F&/\",\n                  {\n                    \"and\": [\n                      \":;}gd\",\n                      \"g9_)=\",\n                      {\n                        \"and\": [\n                          \"G}(#XzpC\",\n                          \"xQ't5\"\n                        ]\n                      }\n                    ]\n                  }\n                ]\n              }\n            ]\n          }\n        ],\n        \"info\": \"#a!io\",\n        \"isSelectable\": true\n      }\n    }\n  },\n  {\n    \"title\": \"block sample 8\",\n    \"value\": {\n      \"name\": \"nff~]m:vL\",\n      \"ay\": 2020,\n      \"match\": {\n        \"pattern\": \"FF5x6\",\n        \"exclude\": \"TJJ9580\",\n        \"info\": \"J2?z\"\n      },\n      \"satisfy\": \"}E>B\",\n      \"info\": \"P3-3\\\"ffRCY\",\n      \"isSelectable\": true,\n      \"f$!g>XZ\": {\n        \"name\": \"Uv,Pzk\",\n        \"ay\": 2023,\n        \"assign\": \"@bOXS\",\n        \"match\": [\n          {\n            \"and\": [\n              {\n                \"and\": [\n                  {\n                    \"and\": []\n                  },\n                  \"TSW792Y\",\n                  {\n                    \"and\": [\n                      {\n                        \"pattern\": \"HPY4x6S\",\n                        \"info\": \"]~j71#Kh3\"\n                      },\n                      \"XEI291xJ\",\n                      {\n                        \"and\": [\n                          {\n                            \"or\": []\n                          },\n                          \"QW3608\",\n                          {\n                            \"or\": [\n                              \"EKW38X\",\n                              \"DX35M\",\n                              \"SY3664M\",\n                              \"BKGx6\",\n                              \"KNX5x43\"\n                            ]\n                          },\n                          \"OLXxx41W\",\n                          \"DZR7L\"\n                        ]\n                      },\n                      {\n                        \"pattern\": \"AYB7222C\",\n                        \"exclude\": [\n                          \"CFL88I\"\n                        ],\n                        \"info\": \"U1y8R9IL\"\n                      }\n                    ]\n                  },\n                  \"AH5B\",\n                  \"AVZ*K\"\n                ]\n              },\n              {\n                \"or\": [\n                  \"CE5625Z\"\n                ]\n              }\n            ]\n          },\n          {\n            \"and\": [\n              \"IIC56\",\n              {\n                \"pattern\": \"CBxx2\",\n                \"exclude\": [\n                  \"WEC335\",\n                  \"HSPxI\",\n                  \"RV4*3K\"\n                ],\n                \"info\": \"?K]N!9a)\"\n              },\n              {\n                \"or\": [\n                  {\n                    \"and\": [\n                      {\n                        \"pattern\": \"SO210\",\n                        \"exclude\": [\n                          \"YAA4x70\",\n                          \"UN1xx3F\"\n                        ],\n                        \"info\": \"pxF S\"\n                      },\n                      \"XK74\"\n                    ]\n                  }\n                ]\n              },\n              {\n                \"or\": [\n                  {\n                    \"and\": []\n                  },\n                  {\n                    \"and\": [\n                      \"XL444x\",\n                      {\n                        \"and\": [\n                          \"XR3L\",\n                          \"TYF30O\",\n                          \"XKW9460\"\n                        ]\n                      }\n                    ]\n                  },\n                  {\n                    \"and\": [\n                      \"OB68H\",\n                      \"IM3\",\n                      \"IC2H\",\n                      \"EN*97X\",\n                      \"KOV4297W\"\n                    ]\n                  }\n                ]\n              },\n              \"VPP68x0R\"\n            ]\n          }\n        ],\n        \"satisfy\": [\n          {\n            \"or\": []\n          },\n          \"J}hYhh\",\n          {\n            \"mc\": \"<=156\"\n          },\n          {\n            \"mc\": \">=102\"\n          }\n        ],\n        \"url\": \"http://syi73im5ppn97a5.qgrqh/mxxN%F0%A9%AD%80*B8%F0%B8%A9%86/@LTn+/V%F2%A3%A2%ADZ%F1%AE%AD%81u*/o4XKO'Jg=/2YQzkMzssX\",\n        \"info\": \"GZ%xT:Y*\",\n        \"isSelectable\": true\n      },\n      \",ECF;5\": {\n        \"ay\": 2008,\n        \"match\": {\n          \"pattern\": \"QZ0*\",\n          \"info\": \"\"\n        },\n        \"satisfy\": \"]hV,WQ\",\n        \"url\": \"https://beyr6gl86lt28f46zogqljwtu-4.2ikn1koi4ctyhnt7i7j14wqb9gqhfzyz5n.vug6bvtl1m5tjvt27rsb0iob0wriufgh-d0-qesdd.cj3k1ij5ogm00e71e0t-w8n-ho0i1j-8j2-u0duh7actjwv.p.nbshhx/Mp/7tcdZz%E2%AA%B0/.X2%F1%B2%B5%BDPjH'N/OzQ)(@Y7Q/%F0%BD%AB%A9%F1%B1%94%B30erU\",\n        \"info\": \".t\",\n        \"/+r\": {\n          \"name\": \"71+!y5$Q\",\n          \"ay\": 2020,\n          \"assign\": [\n            \":\"\n          ],\n          \"satisfy\": {\n            \"and\": [\n              {\n                \"and\": [\n                  {\n                    \"mc\": \">=23\"\n                  },\n                  {\n                    \"mc\": \">=127\"\n                  },\n                  {\n                    \"and\": [\n                      {\n                        \"or\": [\n                          \"%rD4aFJUjZ\",\n                          {\n                            \"mc\": \"<=159\"\n                          },\n                          \"N7\"\n                        ]\n                      },\n                      \"e~3w\"\n                    ]\n                  },\n                  {\n                    \"and\": []\n                  }\n                ]\n              },\n              \"4x^E}ebL*F\",\n              {\n                \"mc\": \">=158\"\n              },\n              {\n                \"mc\": \">=185\"\n              }\n            ]\n          },\n          \"url\": \"https://18.4u51k9e7ewe9tjyk6tvv2i21.jamk6lxglrlv63q1dalkd1j66dyemm6j2h47dp1wg-28b.b.njhf24iu7xoq30.zols/EFZO0ag/g.v*x4//kx/\",\n          \"info\": \"g301m:w\",\n          \"isSelectable\": true\n        },\n        \"&.\": {\n          \"name\": \"h\",\n          \"ay\": 2002,\n          \"assign\": [\n            \" OYL?0H@u\",\n            \"|1Vs\",\n            \"W^\",\n            \"H 6\",\n            \":hP'v\\\"\"\n          ],\n          \"match\": {\n            \"or\": [\n              \"ODF91R\",\n              {\n                \"pattern\": \"IJX21\",\n                \"info\": \"^8UT-F|V4v\"\n              }\n            ]\n          },\n          \"satisfy\": [\n            {\n              \"and\": [\n                \"='(>oKW\",\n                {\n                  \"and\": []\n                },\n                {\n                  \"mc\": \"<=147\"\n                }\n              ]\n            },\n            {\n              \"mc\": \"<=156\"\n            },\n            {\n              \"mc\": \"<=176\"\n            },\n            {\n              \"and\": []\n            },\n            {\n              \"mc\": \"<=4\"\n            }\n          ],\n          \"info\": \"G \",\n          \"isSelectable\": true,\n          \"ob$\": {\n            \"name\": \"Pyb~$\",\n            \"assign\": [],\n            \"match\": {\n              \"pattern\": \"ZP1Z\"\n            },\n            \"satisfy\": [\n              {\n                \"or\": [\n                  {\n                    \"and\": [\n                      {\n                        \"and\": [\n                          \")yJ!r'q\"\n                        ]\n                      },\n                      {\n                        \"and\": [\n                          \";~NjZ`Gxo\",\n                          \"L5x\",\n                          \"A:r\",\n                          {\n                            \"and\": [\n                              \"+X:x0!9sR\",\n                              {\n                                \"or\": [\n                                  \"[\"\n                                ]\n                              }\n                            ]\n                          },\n                          \"\"\n                        ]\n                      },\n                      \"D=Es\\\\j\",\n                      \"DdIlqggL|\"\n                    ]\n                  },\n                  {\n                    \"or\": [\n                      {\n                        \"mc\": \">=165\"\n                      },\n                      \"%\",\n                      \"1kBBza8>\"\n                    ]\n                  }\n                ]\n              },\n              {\n                \"mc\": \"<=45\"\n              },\n              \"=M8EAi%y\"\n            ],\n            \"url\": \"http://q.dxj23we16f-wjr4278syzhnlvc6jxv45pc1s.7irheol1-m93cl0b5l-44m63m70lzpl5zie0bqv375b8e.cwanphjcil/P@%F3%93%9A%94P%F4%87%84%BB6rl@/KEjV/HID$Ra/NyB.YIv%F2%B4%BE%BB/yxWd;,5d/0ugm$/2Z\",\n            \"info\": \"EWIb\",\n            \"isSelectable\": true\n          },\n          \"LLf\\\\tQ\": {\n            \"name\": \"23?.z\",\n            \"ay\": 1980,\n            \"assign\": \"Mf+\",\n            \"match\": [\n              \"RI6*7N\",\n              \"ASK625Z\"\n            ],\n            \"satisfy\": {\n              \"or\": []\n            },\n            \"url\": \"http://m0j422.bd0d0ka4b97uebxmw9g5j6e3qf28rl73v8tbr5fqagv55z7jutrnbs80cc9.umqpuxdi/Q!1*%F1%BD%91%8BJfyA/;,/St/W/%F3%9C%A5%BA/F=5d%F3%9B%B2%BC'/9%F1%B7%88%BD\",\n            \"info\": \"\",\n            \"isSelectable\": true\n          }\n        },\n        \"*_\": {\n          \"ay\": 1989,\n          \"assign\": \"u\",\n          \"match\": {\n            \"or\": [\n              {\n                \"pattern\": \"BSO03L\",\n                \"exclude\": [\n                  \"RQF046\",\n                  \"YOU*2\"\n                ]\n              }\n            ]\n          },\n          \"url\": \"https://meg2w7eczj02mx7e24-1dqt78-u8pq7afn2zaki0nqpbz.12gulyispyjhcf2wbxqt2kj8-4m1bst61ffyetqil6xexj8set-b9tefz.pil/LTay~aT1S8/%F1%A3%B3%B3E2ZU\",\n          \"info\": \"\",\n          \"isSelectable\": true\n        },\n        \",g-.S<:16V\": {\n          \"name\": \"p:NDi^{GiL\",\n          \"ay\": 2017,\n          \"assign\": [],\n          \"match\": {\n            \"or\": []\n          },\n          \"url\": \"http://l.ma/IO%F3%AD%A5%B8\",\n          \"info\": \"\",\n          \"isSelectable\": true\n        }\n      },\n      \";RlCbK[;K)\": {\n        \"name\": \")n-M@^`X{#\",\n        \"ay\": 1984,\n        \"assign\": \"l)uO/\",\n        \"match\": [\n          {\n            \"and\": [\n              \"XQX6729X\",\n              {\n                \"pattern\": \"YW805X\",\n                \"exclude\": \"SLI02\",\n                \"info\": \"jppgK\"\n              }\n            ]\n          },\n          \"YEM6x\"\n        ],\n        \"satisfy\": {\n          \"mc\": \"<=81\"\n        },\n        \"url\": \"http://5.nj8msuy61y1wnr5su4ukj1kogrd4578dpavr0hb.baf3ffn3m36fpk7xx-io8ukn6n68q-e3wgk.hvzieje/%F1%87%A0%B1/MFkLe(r/%F0%BC%8B%92s7%F1%B4%86%9D*N2/w/H/@+jE5H66xg/yxsjFF1y/B/slf\",\n        \"info\": \"k\",\n        \"isSelectable\": true,\n        \"!td?-+v<\": {\n          \"assign\": [\n            \"Kz-F@QQ)<q\",\n            \"&IE\",\n            \"N;U'qjn:\",\n            \"-4%u)M\",\n            \">Bio\"\n          ],\n          \"match\": [\n            {\n              \"or\": [\n                {\n                  \"or\": [\n                    \"SLZ94D\",\n                    {\n                      \"or\": [\n                        {\n                          \"or\": [\n                            \"SA2M\"\n                          ]\n                        }\n                      ]\n                    },\n                    \"UBY746*Z\"\n                  ]\n                }\n              ]\n            },\n            {\n              \"pattern\": \"VU9927\",\n              \"exclude\": [\n                \"XXY0\",\n                \"GCx8*\",\n                \"CLC6x*S\",\n                \"NQ*2\",\n                \"TW3G\"\n              ]\n            },\n            {\n              \"or\": [\n                {\n                  \"and\": [\n                    \"IR856G\",\n                    \"CCR16\",\n                    \"EKT099Q\",\n                    \"XA6314R\"\n                  ]\n                },\n                {\n                  \"and\": [\n                    \"UY40x\",\n                    {\n                      \"pattern\": \"LF*\",\n                      \"exclude\": \"RDZ1050\"\n                    },\n                    \"VHS1\"\n                  ]\n                },\n                \"GCU666\",\n                {\n                  \"and\": [\n                    \"VSX7422W\"\n                  ]\n                }\n              ]\n            },\n            {\n              \"and\": [\n                {\n                  \"pattern\": \"HOO864\",\n                  \"exclude\": \"HQ06\"\n                },\n                {\n                  \"and\": [\n                    {\n                      \"or\": [\n                        \"CT7C\",\n                        \"FC14A\",\n                        {\n                          \"or\": [\n                            \"YF591B\",\n                            \"WSP9x14\",\n                            \"AA*5S\"\n                          ]\n                        },\n                        \"MNx\"\n                      ]\n                    },\n                    \"ZQS6\",\n                    {\n                      \"and\": [\n                        {\n                          \"or\": [\n                            \"BY89\",\n                            {\n                              \"or\": [\n                                {\n                                  \"and\": [\n                                    \"BMN47K\",\n                                    {\n                                      \"and\": [\n                                        \"FADxE\",\n                                        \"ERF*53\",\n                                        \"LBH1x\",\n                                        {\n                                          \"and\": [\n                                            \"NYM0U\",\n                                            \"NAx8G\",\n                                            \"ZRO*90O\"\n                                          ]\n                                        }\n                                      ]\n                                    },\n                                    \"II9\"\n                                  ]\n                                }\n                              ]\n                            }\n                          ]\n                        },\n                        {\n                          \"or\": [\n                            \"QW5946V\",\n                            {\n                              \"pattern\": \"IO9xO\",\n                              \"exclude\": [\n                                \"LX2*5L\"\n                              ],\n                              \"info\": \"(\\\"y^r%SE'k\"\n                            }\n                          ]\n                        },\n                        \"IJ8x8\",\n                        \"NW7\"\n                      ]\n                    },\n                    \"BDW7\"\n                  ]\n                },\n                {\n                  \"or\": [\n                    \"GM87\",\n                    {\n                      \"or\": [\n                        {\n                          \"pattern\": \"HRE56F\",\n                          \"info\": \"7h\"\n                        }\n                      ]\n                    },\n                    {\n                      \"and\": [\n                        \"PW7753F\",\n                        {\n                          \"and\": [\n                            \"QG37L\",\n                            \"JJM2S\",\n                            {\n                              \"and\": [\n                                \"JY**I\"\n                              ]\n                            },\n                            \"CBZ0D\"\n                          ]\n                        },\n                        \"SO70\"\n                      ]\n                    }\n                  ]\n      
[...]
              "timedOut": false,
              "duration": 0,
              "state": "passed",
              "speed": "fast",
              "pass": true,
              "fail": false,
              "pending": false,
              "context": null,
              "code": "const satisfier = satisfiers_1.inequalitySatisfier(ref, \"<=16\");\nsatisfier.should.have.property(\"filter\");\nconst { filter } = satisfier;\nisCorrectFilter(filter, modulesList1, [\n    \"CS2100\",\n    \"GER1000\",\n    \"CS2040S\",\n    \"ST2131\",\n]);",
              "err": {},
              "uuid": "dd268508-4aa4-49a6-bac2-107b5b4c2aaf",
              "parentUUID": "52f65867-8fce-44e3-a5c0-3f4be5353cb3",
              "isHook": false,
              "skipped": false
            },
            {
              "title": "should truncate list of modules with upper bound of MCs, cutting off at the minimum starting sequence that exceeds upper bound, if total MC count is higher and there exists no starting sequence with exact MC count",
              "fullTitle": "inequalitySatisfier should truncate list of modules with upper bound of MCs, cutting off at the minimum starting sequence that exceeds upper bound, if total MC count is higher and there exists no starting sequence with exact MC count",
              "timedOut": false,
              "duration": 0,
              "state": "passed",
              "speed": "fast",
              "pass": true,
              "fail": false,
              "pending": false,
              "context": null,
              "code": "const satisfier = satisfiers_1.inequalitySatisfier(ref, \"<=17\");\nsatisfier.should.have.property(\"filter\");\nconst { filter } = satisfier;\nisCorrectFilter(filter, modulesList1, [\n    \"CS2100\",\n    \"GER1000\",\n    \"CS2040S\",\n    \"ST2131\",\n    \"MA1521\",\n]);",
              "err": {},
              "uuid": "92e78d49-b657-489b-b5fe-2df709d2fab7",
              "parentUUID": "52f65867-8fce-44e3-a5c0-3f4be5353cb3",
              "isHook": false,
              "skipped": false
            }
          ],
          "suites": [],
          "passes": [
            "caef2f28-ccc3-4274-940d-c0f721b90108",
            "59612bc8-6279-4fff-8529-e9eaee5a7128",
            "bcb06e15-8f48-4273-8517-d89c86bd6435",
            "68344388-4b58-4f64-b5ac-cc003203f0e4",
            "5deae416-608b-43f5-9205-c35cafc120ef",
            "dd268508-4aa4-49a6-bac2-107b5b4c2aaf",
            "92e78d49-b657-489b-b5fe-2df709d2fab7"
          ],
          "failures": [],
          "pending": [],
          "skipped": [],
          "duration": 3,
          "root": false,
          "rootEmpty": false,
          "_timeout": 2000
        },
        {
          "uuid": "6a98b2bf-1486-4a38-91ad-59a6dea15713",
          "title": "inequalitySchema",
          "fullFile": "/home/runner/work/planwithus-lib/planwithus-lib/src/satisfyRule/inequality/schemas.test.ts",
          "file": "/src/satisfyRule/inequality/schemas.test.ts",
          "beforeHooks": [],
          "afterHooks": [],
          "tests": [
            {
              "title": "should validate inequality in the form <=n or >=n",
              "fullTitle": "inequalitySchema should validate inequality in the form <=n or >=n",
              "timedOut": false,
              "duration": 2,
              "state": "passed",
              "speed": "fast",
              "pass": true,
              "fail": false,
              "pending": false,
              "context": "[\n  {\n    \"title\": \"inequality sample 0\",\n    \"value\": \">=62\"\n  },\n  {\n    \"title\": \"inequality sample 1\",\n    \"value\": \"<=114\"\n  },\n  {\n    \"title\": \"inequality sample 2\",\n    \"value\": \"<=135\"\n  },\n  {\n    \"title\": \"inequality sample 3\",\n    \"value\": \">=194\"\n  },\n  {\n    \"title\": \"inequality sample 4\",\n    \"value\": \"<=115\"\n  },\n  {\n    \"title\": \"inequality sample 5\",\n    \"value\": \"<=3\"\n  },\n  {\n    \"title\": \"inequality sample 6\",\n    \"value\": \">=6\"\n  },\n  {\n    \"title\": \"inequality sample 7\",\n    \"value\": \">=56\"\n  },\n  {\n    \"title\": \"inequality sample 8\",\n    \"value\": \">=4\"\n  },\n  {\n    \"title\": \"inequality sample 9\",\n    \"value\": \">=175\"\n  }\n]",
              "code": "fast_check_1.sample(index_test_2.inequality, 10).forEach((sample, i) => addContext_1.default(this, {\n    title: `inequality sample ${i}`,\n    value: sample,\n}));\nreturn fast_check_1.assert(fast_check_1.property(index_test_2.inequality, ajvValidate));",
              "err": {},
              "uuid": "a08ab9e6-f2b6-4a2c-bc72-bfcde8962d45",
              "parentUUID": "6a98b2bf-1486-4a38-91ad-59a6dea15713",
              "isHook": false,
              "skipped": false
            },
            {
              "title": "should not validate inequality of invalid form",
              "fullTitle": "inequalitySchema should not validate inequality of invalid form",
              "timedOut": false,
              "duration": 1,
              "state": "passed",
              "speed": "fast",
              "pass": true,
              "fail": false,
              "pending": false,
              "context": null,
              "code": "[\n        \"\",\n        \"==23\",\n        \"23\",\n        \"<23\",\n        \">23\",\n        \"<=-1\",\n        \">=-1\",\n        \"<= 2\",\n        \">= 1\",\n        \"> 3\",\n        \"< 3\",\n        \"<=3a\",\n        \">=3a\",\n        \"a<=3\",\n        \"a>=3\",\n    ].forEach(isInvalidInequality)",
              "err": {},
              "uuid": "58216940-503d-4e31-8d69-826d20dee925",
              "parentUUID": "6a98b2bf-1486-4a38-91ad-59a6dea15713",
              "isHook": false,
              "skipped": false
            }
          ],
          "suites": [],
          "passes": [
            "a08ab9e6-f2b6-4a2c-bc72-bfcde8962d45",
            "58216940-503d-4e31-8d69-826d20dee925"
          ],
          "failures": [],
          "pending": [],
          "skipped": [],
          "duration": 3,
          "root": false,
          "rootEmpty": false,
          "_timeout": 2000
        },
        {
          "uuid": "5450097b-1866-4850-828c-67c0aca58bb5",
          "title": "satisfyRuleSchema",
          "fullFile": "/home/runner/work/planwithus-lib/planwithus-lib/src/satisfyRule/schemas.test.ts",
          "file": "/src/satisfyRule/schemas.test.ts",
          "beforeHooks": [],
          "afterHooks": [],
          "tests": [
            {
              "title": "should validate satisfy rule with valid block id",
              "fullTitle": "satisfyRuleSchema should validate satisfy rule with valid block id",
              "timedOut": false,
              "duration": 1,
              "state": "passed",
              "speed": "fast",
              "pass": true,
              "fail": false,
              "pending": false,
              "context": null,
              "code": "fast_check_1.assert(fast_check_1.property(fast_check_1.string(), ajvValidate)",
              "err": {},
              "uuid": "cfbead61-e862-4a53-a9a0-3f624c063de8",
              "parentUUID": "5450097b-1866-4850-828c-67c0aca58bb5",
              "isHook": false,
              "skipped": false
            },
            {
              "title": "should validate satisfy rules with valid mc",
              "fullTitle": "satisfyRuleSchema should validate satisfy rules with valid mc",
              "timedOut": false,
              "duration": 2,
              "state": "passed",
              "speed": "fast",
              "pass": true,
              "fail": false,
              "pending": false,
              "context": "[\n  {\n    \"title\": \"mcSatisfyRule sample 0\",\n    \"value\": {\n      \"mc\": \">=93\"\n    }\n  },\n  {\n    \"title\": \"mcSatisfyRule sample 1\",\n    \"value\": {\n      \"mc\": \"<=10\"\n    }\n  },\n  {\n    \"title\": \"mcSatisfyRule sample 2\",\n    \"value\": {\n      \"mc\": \">=3\"\n    }\n  },\n  {\n    \"title\": \"mcSatisfyRule sample 3\",\n    \"value\": {\n      \"mc\": \">=5\"\n    }\n  },\n  {\n    \"title\": \"mcSatisfyRule sample 4\",\n    \"value\": {\n      \"mc\": \">=60\"\n    }\n  },\n  {\n    \"title\": \"mcSatisfyRule sample 5\",\n    \"value\": {\n      \"mc\": \"<=3\"\n    }\n  },\n  {\n    \"title\": \"mcSatisfyRule sample 6\",\n    \"value\": {\n      \"mc\": \">=91\"\n    }\n  },\n  {\n    \"title\": \"mcSatisfyRule sample 7\",\n    \"value\": {\n      \"mc\": \">=143\"\n    }\n  },\n  {\n    \"title\": \"mcSatisfyRule sample 8\",\n    \"value\": {\n      \"mc\": \"<=6\"\n    }\n  },\n  {\n    \"title\": \"mcSatisfyRule sample 9\",\n    \"value\": {\n      \"mc\": \">=46\"\n    }\n  }\n]",
              "code": "fast_check_1.sample(index_test_2.mcSatisfyRule, 10).forEach((sample, i) => addContext_1.default(this, {\n    title: `mcSatisfyRule sample ${i}`,\n    value: sample,\n}));\nreturn fast_check_1.assert(fast_check_1.property(index_test_2.mcSatisfyRule, ajvValidate));",
              "err": {},
              "uuid": "6f3f7a9e-2afc-43c6-98bf-638f8ce17662",
              "parentUUID": "5450097b-1866-4850-828c-67c0aca58bb5",
              "isHook": false,
              "skipped": false
            },
            {
              "title": "should validate valid recursive satisfy rules",
              "fullTitle": "satisfyRuleSchema should validate valid recursive satisfy rules",
              "timedOut": false,
              "duration": 3,
              "state": "passed",
              "speed": "fast",
              "pass": true,
              "fail": false,
              "pending": false,
              "context": "[\n  {\n    \"title\": \"satisfyRule sample 0\",\n    \"value\": \"(W_\"\n  },\n  {\n    \"title\": \"satisfyRule sample 1\",\n    \"value\": {\n      \"or\": [\n        {\n          \"or\": [\n            {\n              \"mc\": \"<=3\"\n            }\n          ]\n        },\n        \"q'\"\n      ]\n    }\n  },\n  {\n    \"title\": \"satisfyRule sample 2\",\n    \"value\": \"]Z<o\"\n  },\n  {\n    \"title\": \"satisfyRule sample 3\",\n    \"value\": \"26%]}k$\\\\j\"\n  },\n  {\n    \"title\": \"satisfyRule sample 4\",\n    \"value\": \"\"\n  },\n  {\n    \"title\": \"satisfyRule sample 5\",\n    \"value\": {\n      \"mc\": \"<=4\"\n    }\n  },\n  {\n    \"title\": \"satisfyRule sample 6\",\n    \"value\": {\n      \"or\": [\n        \"#>\",\n        {\n          \"mc\": \">=46\"\n        }\n      ]\n    }\n  },\n  {\n    \"title\": \"satisfyRule sample 7\",\n    \"value\": {\n      \"and\": [\n        {\n          \"and\": [\n            {\n              \"and\": [\n                {\n                  \"and\": [\n                    \"@A%!i[)B\"\n                  ]\n                },\n                \"VVlL%H\",\n                {\n                  \"and\": [\n                    \"(V\",\n                    \"K5w+#3$\",\n                    \"^9\",\n                    {\n                      \"and\": [\n                        {\n                          \"mc\": \"<=45\"\n                        },\n                        \"\\\"wQ-1\",\n                        \"^ho;Imf \"\n                      ]\n                    },\n                    \"\"\n                  ]\n                }\n              ]\n            },\n            {\n              \"and\": [\n                \"pL7lWDraCW\"\n              ]\n            }\n          ]\n        },\n        {\n          \"or\": [\n            {\n              \"and\": [\n                {\n                  \"or\": [\n                    \"FNLX0:iU~s\",\n                    \"YpXZ#kJ\",\n                    {\n                      \"and\": [\n                        \"?|@)~}r\",\n                        {\n                          \"mc\": \"<=186\"\n                        },\n                        {\n                          \"or\": [\n                            {\n                              \"or\": [\n                                \"oy#;w8s6\",\n                                \"iw_iG4@k\"\n                              ]\n                            },\n                            \"'PRb,@\",\n                            \"9U>Lm1\"\n                          ]\n                        },\n                        \"vvv)J` I:\",\n                        \"G?'\"\n                      ]\n                    },\n                    \"S6:c@\"\n                  ]\n                },\n                \"QkWw8pU\",\n                \"\",\n                \"dY$[`BFmSf\"\n              ]\n            }\n          ]\n        },\n        \"jg'8~,[\"\n      ]\n    }\n  },\n  {\n    \"title\": \"satisfyRule sample 8\",\n    \"value\": {\n      \"or\": []\n    }\n  },\n  {\n    \"title\": \"satisfyRule sample 9\",\n    \"value\": {\n      \"and\": [\n        {\n          \"and\": [\n            \"*rLx3jk\\\\Y\",\n            {\n              \"or\": []\n            },\n            {\n              \"or\": [\n                \"H.U\"\n              ]\n            }\n          ]\n        },\n        \"ex\"\n      ]\n    }\n  }\n]",
              "code": "fast_check_1.sample(index_test_2.satisfyRule, 10).forEach((sample, i) => addContext_1.default(this, {\n    title: `satisfyRule sample ${i}`,\n    value: sample,\n}));\nreturn fast_check_1.assert(fast_check_1.property(index_test_2.satisfyRule, ajvValidate));",
              "err": {},
              "uuid": "1cb46263-10e8-4623-9595-dcdde2860132",
              "parentUUID": "5450097b-1866-4850-828c-67c0aca58bb5",
              "isHook": false,
              "skipped": false
            },
            {
              "title": "should not validate non-string/object",
              "fullTitle": "satisfyRuleSchema should not validate non-string/object",
              "timedOut": false,
              "duration": 1,
              "state": "passed",
              "speed": "fast",
              "pass": true,
              "fail": false,
              "pending": false,
              "context": null,
              "code": "const error = {\n    instancePath: \"\",\n    message: \"satisfy rule should be either a string or an object\",\n};\nisInvalidRule(null, error);\nisInvalidRule(undefined, error);\nisInvalidRule(10, error);\nisInvalidRule([12, 24], error);",
              "err": {},
              "uuid": "99ae4391-0170-4261-a9a3-2c5aab6d3cbf",
              "parentUUID": "5450097b-1866-4850-828c-67c0aca58bb5",
              "isHook": false,
              "skipped": false
            },
            {
              "title": "should not validate satisfy rules with extra properties",
              "fullTitle": "satisfyRuleSchema should not validate satisfy rules with extra properties",
              "timedOut": false,
              "duration": 0,
              "state": "passed",
              "speed": "fast",
              "pass": true,
              "fail": false,
              "pending": false,
              "context": null,
              "code": "isInvalidRule({\n        and: [\n            { or: [\"2k\"], abc: \"def\" },\n            { mc: 8, ghi: \"jkl\" },\n        ],\n        mno: \"pqr\",\n    }, {\n        instancePath: \"/and/0\",\n        message: \"or satisfy rule should have property 'or' only\",\n    }, {\n        instancePath: \"/and/1\",\n        message: \"MC satisfy rule should have property 'mc' only\",\n    }, {\n        instancePath: \"\",\n        message: \"and satisfy rule should have property 'and' only\",\n    })",
              "err": {},
              "uuid": "8bcdc5b9-2989-473a-9a8f-397cc2cf44c5",
              "parentUUID": "5450097b-1866-4850-828c-67c0aca58bb5",
              "isHook": false,
              "skipped": false
            },
            {
              "title": "should not validate ambiguous satisfy rules",
              "fullTitle": "satisfyRuleSchema should not validate ambiguous satisfy rules",
              "timedOut": false,
              "duration": 1,
              "state": "passed",
              "speed": "fast",
              "pass": true,
              "fail": false,
              "pending": false,
              "context": null,
              "code": "const message = \"satisfy rule should have only one of properties 'mc', 'and', 'or'\";\nisInvalidRule({\n    or: [\n        { mc: 5, and: [\"CS2040\"] },\n        { and: [{ and: [\"abc\"], or: [\"def\"] }] },\n    ],\n}, { instancePath: \"/or/0\", message }, { instancePath: \"/or/1/and/0\", message });",
              "err": {},
              "uuid": "f0d71467-382f-4411-aad4-c5f816092ac5",
              "parentUUID": "5450097b-1866-4850-828c-67c0aca58bb5",
              "isHook": false,
              "skipped": false
            },
            {
              "title": "should not validate and satisfy rules with non-array property",
              "fullTitle": "satisfyRuleSchema should not validate and satisfy rules with non-array property",
              "timedOut": false,
              "duration": 0,
              "state": "passed",
              "speed": "fast",
              "pass": true,
              "fail": false,
              "pending": false,
              "context": null,
              "code": "const message = \"property 'and' should be an array of satisfy rules\";\nisInvalidRule({ or: [{ and: {} }, { or: [{ and: 3 }] }] }, { instancePath: \"/or/0/and\", message }, { instancePath: \"/or/1/or/0/and\", message });",
              "err": {},
              "uuid": "1ba85cc0-c0d8-413e-83a7-ffc555eb0235",
              "parentUUID": "5450097b-1866-4850-828c-67c0aca58bb5",
              "isHook": false,
              "skipped": false
            },
            {
              "title": "should not validate or satisfy rules with non-array property",
              "fullTitle": "satisfyRuleSchema should not validate or satisfy rules with non-array property",
              "timedOut": false,
              "duration": 1,
              "state": "passed",
              "speed": "fast",
              "pass": true,
              "fail": false,
              "pending": false,
              "context": null,
              "code": "const message = \"property 'or' should be an array of satisfy rules\";\nisInvalidRule({ and: [{ or: {} }, { and: [{ or: 3 }] }] }, { instancePath: \"/and/0/or\", message }, { instancePath: \"/and/1/and/0/or\", message });",
              "err": {},
              "uuid": "a7d9d823-b667-466c-8853-1aca9d3340d1",
              "parentUUID": "5450097b-1866-4850-828c-67c0aca58bb5",
              "isHook": false,
              "skipped": false
            }
          ],
          "suites": [],
          "passes": [
            "cfbead61-e862-4a53-a9a0-3f624c063de8",
            "6f3f7a9e-2afc-43c6-98bf-638f8ce17662",
            "1cb46263-10e8-4623-9595-dcdde2860132",
            "99ae4391-0170-4261-a9a3-2c5aab6d3cbf",
            "8bcdc5b9-2989-473a-9a8f-397cc2cf44c5",
            "f0d71467-382f-4411-aad4-c5f816092ac5",
            "1ba85cc0-c0d8-413e-83a7-ffc555eb0235",
            "a7d9d823-b667-466c-8853-1aca9d3340d1"
          ],
          "failures": [],
          "pending": [],
          "skipped": [],
          "duration": 9,
          "root": false,
          "rootEmpty": false,
          "_timeout": 2000
        }
      ],
      "passes": [],
      "failures": [],
      "pending": [],
      "skipped": [],
      "duration": 0,
      "root": true,
      "rootEmpty": true,
      "_timeout": 2000
    }
  ],
  "meta": {
    "mocha": {
      "version": "9.0.3"
    },
    "mochawesome": {
      "options": {
        "quiet": false,
        "reportFilename": "mochawesome",
        "saveHtml": true,
        "saveJson": true,
        "consoleReporter": "spec",
        "useInlineDiffs": false,
        "code": true
      },
      "version": "6.2.2"
    },
    "marge": {
      "options": {
        "reportDir": "docs"
      },
      "version": "5.2.0"
    }
  }
}