{
  "stats": {
    "suites": 10,
    "tests": 48,
    "passes": 48,
    "pending": 0,
    "failures": 0,
    "start": "2021-09-13T10:13:01.371Z",
    "end": "2021-09-13T10:13:01.637Z",
    "duration": 266,
    "testsRegistered": 48,
    "passPercent": 100,
    "pendingPercent": 0,
    "other": 0,
    "hasOther": false,
    "skipped": 0,
    "hasSkipped": false
  },
  "results": [
    {
      "uuid": "e2651d58-e167-4d91-b246-c11e66bb6e4c",
      "title": "",
      "fullFile": "",
      "file": "",
      "beforeHooks": [],
      "afterHooks": [],
      "tests": [],
      "suites": [
        {
          "uuid": "f1203108-a664-4b4c-9a7d-e5a59f490551",
          "title": "initDirectories",
          "fullFile": "/home/runner/work/planwithus-lib/planwithus-lib/src/block/schemas.test.ts",
          "file": "/src/block/schemas.test.ts",
          "beforeHooks": [],
          "afterHooks": [],
          "tests": [
            {
              "title": "should parse all blocks with no errors",
              "fullTitle": "initDirectories should parse all blocks with no errors",
              "timedOut": false,
              "duration": 2,
              "state": "passed",
              "speed": "fast",
              "pass": true,
              "fail": false,
              "pending": false,
              "context": null,
              "code": "_1.initDirectories.should.not.throw()",
              "err": {},
              "uuid": "175b0dbd-b1df-4bd6-a3ed-ec7a437cb338",
              "parentUUID": "f1203108-a664-4b4c-9a7d-e5a59f490551",
              "isHook": false,
              "skipped": false
            },
            {
              "title": "should produce primary, second & minor directories",
              "fullTitle": "initDirectories should produce primary, second & minor directories",
              "timedOut": false,
              "duration": 1,
              "state": "passed",
              "speed": "fast",
              "pass": true,
              "fail": false,
              "pending": false,
              "context": null,
              "code": "const directories = _1.initDirectories();\ndirectories.should.have.property(\"primary\");\ndirectories.should.have.property(\"second\");\ndirectories.should.have.property(\"minor\");",
              "err": {},
              "uuid": "462b26ec-dc1c-40db-a201-eed1d8df77bd",
              "parentUUID": "f1203108-a664-4b4c-9a7d-e5a59f490551",
              "isHook": false,
              "skipped": false
            }
          ],
          "suites": [],
          "passes": [
            "175b0dbd-b1df-4bd6-a3ed-ec7a437cb338",
            "462b26ec-dc1c-40db-a201-eed1d8df77bd"
          ],
          "failures": [],
          "pending": [],
          "skipped": [],
          "duration": 3,
          "root": false,
          "rootEmpty": false,
          "_timeout": 2000
        },
        {
          "uuid": "f5009493-7a86-4319-b745-7fd764be3e33",
          "title": "blockSchema",
          "fullFile": "/home/runner/work/planwithus-lib/planwithus-lib/src/block/schemas.test.ts",
          "file": "/src/block/schemas.test.ts",
          "beforeHooks": [],
          "afterHooks": [],
          "tests": [
            {
              "title": "should validate valid block",
              "fullTitle": "blockSchema should validate valid block",
              "timedOut": false,
              "duration": 153,
              "state": "passed",
              "speed": "slow",
              "pass": true,
              "fail": false,
              "pending": false,
              "context": "[\n  {\n    \"title\": \"block sample 0\",\n    \"value\": {\n      \"name\": \"\\\\~\",\n      \"match\": {\n        \"or\": [\n          {\n            \"and\": [\n              \"EX99\"\n            ]\n          },\n          \"BIO2\",\n          {\n            \"pattern\": \"VUx7\",\n            \"exclude\": \"JGP925*D\",\n            \"info\": \"$ y%P\"\n          }\n        ]\n      },\n      \"satisfy\": {\n        \"and\": [\n          {\n            \"or\": [\n              \"k\",\n              {\n                \"mc\": \">=96\"\n              },\n              {\n                \"and\": [\n                  {\n                    \"or\": []\n                  }\n                ]\n              }\n            ]\n          },\n          {\n            \"or\": [\n              \".'Y\",\n              {\n                \"mc\": \">=112\"\n              },\n              \"-\"\n            ]\n          }\n        ]\n      },\n      \"url\": \"http://yp5rj-e7w.7.s.rl0dryz.uipmlnjnqn/A9c/0o61Oy5%F1%B0%BE%B1L/qYS8%F0%A4%B0%84Tw&/a!(B%F3%A5%BA%BB/Q$y3m+j/2AWE//z%F3%9B%86%AAHNl0i0\",\n      \"info\": \"!ctwbf;;\",\n      \"isSelectable\": true,\n      \"gyy}!7w\\\"1\": {\n        \"assign\": \"6X&\",\n        \"match\": [\n          {\n            \"or\": [\n              \"BP0\",\n              {\n                \"pattern\": \"INO8*\",\n                \"info\": \"\\\"\"\n              },\n              \"FHD44x0S\",\n              {\n                \"or\": [\n                  \"RQ3\"\n                ]\n              },\n              \"TM2\"\n            ]\n          }\n        ],\n        \"url\": \"http://0qd2zqjehg8rad-5etbgsugz38kmy1v6-s4q1fu5qbzx.5pya6njuftzcx6ijhcqw.6sq832lg-qezanq8vbot8q76iuhv48r55h7p36jr9sdnx95qnt.z5wldzplitf70fye.r87vf3wzb-z1hnutj3rv8ug58wy7u28tdmhdd-v6.bd/%F1%8C%86%A0T:'sbf+e/Hyq\",\n        \"isSelectable\": true,\n        \"l\": {\n          \"name\": \".U)${\",\n          \"ay\": 1982,\n          \"assign\": [\n            \".J>L{'X\",\n            \" e%\",\n            \"?:tK>0?\",\n            \"q>U\",\n            \"F|w/K0\"\n          ],\n          \"match\": {\n            \"or\": [\n              {\n                \"and\": [\n                  {\n                    \"or\": [\n                      \"GLS7x7L\",\n                      \"UF731J\"\n                    ]\n                  },\n                  \"EI0\",\n                  {\n                    \"pattern\": \"RBO*4*0H\",\n                    \"exclude\": [\n                      \"KK*Q\",\n                      \"KC*17\"\n                    ],\n                    \"info\": \"?g\"\n                  },\n                  {\n                    \"and\": []\n                  }\n                ]\n              }\n            ]\n          },\n          \"satisfy\": \"MpQqS\",\n          \"url\": \"https://161x8dl2gqcwpqijki-5d3ibiluw29vaxq9owtobik9ar8x.y6ufvqitvpk0o3lvrbe3nd38.63lypryrr2ti-xar7d-lsjulinod5n4yert.znp/;pHJ/Up@l%F2%95%B5%A67/K&/dEkU/\",\n          \"info\": \"!\",\n          \"isSelectable\": true,\n          \"kj_^RrPJc\": {\n            \"ay\": 1974,\n            \"assign\": [\n              \"4Jv\",\n              \"w{\\\\\",\n              \"I{!TR8n0\"\n            ],\n            \"match\": \"KN8V\",\n            \"satisfy\": [],\n            \"url\": \"http://q20bghjoahknxd9r5r9m.9vjfb5oh8zu5npvjb298ahi8ksf9dw1wtjw1xvaw6o.4i2.5i0y6tzfb0wb313gtebuols-jhw7fy0ncurvwmd-7r-0cb9-nvst7h5.txhaho/fw&W/~:K$jZG7a~/+/o5%F1%AE%B2%9ES;/%F0%AE%9F%BFS8h&p0Q\",\n            \"info\": \">_jM\",\n            \"isSelectable\": true\n          },\n          \"Fi)VoST.\": {\n            \"name\": \"ARtl8\",\n            \"ay\": 1999,\n            \"assign\": \" Ikr.O!o 1\",\n            \"match\": [\n              {\n                \"and\": [\n                  {\n                    \"and\": [\n                      {\n                        \"or\": [\n                          {\n                            \"or\": [\n                              {\n                                \"and\": [\n                                  \"OR23*8Y\",\n                                  \"HJ3x17\",\n                                  \"MLS17\",\n                                  \"GSE*28Z\"\n                                ]\n                              },\n                              \"HE898\",\n                              {\n                                \"pattern\": \"ZN*\",\n                                \"exclude\": \"IZ2x06T\",\n                                \"info\": \",@\"\n                              },\n                              \"FE43F\",\n                              {\n                                \"and\": []\n                              }\n                            ]\n                          },\n                          {\n                            \"pattern\": \"MMK69G\",\n                            \"info\": \">.M\"\n                          },\n                          \"DQ2R\",\n                          \"VZW50\"\n                        ]\n                      },\n                      \"SFG0X\",\n                      \"SI6\"\n                    ]\n                  },\n                  {\n                    \"pattern\": \"DPK1770R\",\n                    \"exclude\": [],\n                    \"info\": \"YCUl#wD\\\\+>\"\n                  },\n                  {\n                    \"pattern\": \"FSM30A\",\n                    \"exclude\": \"QXF645D\",\n                    \"info\": \" f9A\"\n                  },\n                  {\n                    \"and\": [\n                      \"SDX*9C\",\n                      {\n                        \"or\": [\n                          {\n                            \"pattern\": \"PJxE\",\n                            \"exclude\": \"OLO401*V\",\n                            \"info\": \"O\"\n                          },\n                          \"JAK45Q\",\n                          \"ZPR966\",\n                          {\n                            \"and\": [\n                              \"CWCx2O\",\n                              \"GE47B\",\n                              \"ZP889\"\n                            ]\n                          }\n                        ]\n                      },\n                      {\n                        \"pattern\": \"DQ3212\",\n                        \"exclude\": \"FAX0F\"\n                      }\n                    ]\n                  }\n                ]\n              },\n              {\n                \"and\": [\n                  {\n                    \"or\": [\n                      {\n                        \"pattern\": \"XEQxL\",\n                        \"exclude\": \"EZP0\",\n                        \"info\": \"DK/BFe%\"\n                      },\n                      \"TYW84*1\",\n                      \"CBW56xx\",\n                      {\n                        \"pattern\": \"EC02D\",\n                        \"exclude\": \"PSx4R\",\n                        \"info\": \"ywge]$XgY\"\n                      }\n                    ]\n                  },\n                  {\n                    \"or\": []\n                  },\n                  \"FK7G\",\n                  {\n                    \"and\": [\n                      {\n                        \"pattern\": \"PT414A\",\n                        \"exclude\": [\n                          \"OK98*\",\n                          \"NYK6638\",\n                          \"YX6948\"\n                        ],\n                        \"info\": \"3n\\\\\"\n                      }\n                    ]\n                  },\n                  {\n                    \"or\": []\n                  }\n                ]\n              },\n              {\n                \"or\": [\n                  {\n                    \"pattern\": \"LK87K\",\n                    \"exclude\": [\n                      \"SSR1\"\n                    ],\n                    \"info\": \"'x\"\n                  },\n                  \"ZPT6F\",\n                  \"VGF*O\",\n                  {\n                    \"or\": [\n                      \"MIF709\",\n                      \"RP907\",\n                      {\n                        \"and\": [\n                          {\n                            \"or\": [\n                              {\n                                \"or\": []\n                              },\n                              \"KB3x10N\"\n                            ]\n                          },\n                          {\n                            \"pattern\": \"YCY7373\",\n                            \"exclude\": [],\n                            \"info\": \">~=npu;4{\"\n                          },\n                          {\n                            \"pattern\": \"FQ*8\",\n                            \"exclude\": \"KJ299\",\n                            \"info\": \"s}\\\\X\"\n                          }\n                        ]\n                      },\n                      \"CWX10\"\n                    ]\n                  }\n                ]\n              }\n            ],\n            \"satisfy\": {\n              \"mc\": \">=138\"\n            },\n            \"url\": \"http://7h-eddkwwkhrmadid07794glnu6b2rdx.14jy-n.rt97yse0hbsgme81grd30xygdcneziiiouto6oktxq81s6hg0q0m49ka.yz/4J/gLNNBRgw/AH=o%F0%B6%A5%84G/%F2%A3%9A%B1cN/Tyj%F2%9B%AC%93:p//mPjb/u)&'q&D&g%F3%A5%85%93/)%F4%88%B4%B51vS\",\n            \"info\": \"|\",\n            \"isSelectable\": true\n          },\n          \"t >D4<0{R\": {\n            \"name\": \"4n%\\\"[Z_kB|\",\n            \"ay\": 1950,\n            \"assign\": \"0AG?]^\",\n            \"match\": \"LF1**xB\",\n            \"satisfy\": \"h]oTML\",\n            \"info\": \"U9'p3Xp\\\"k{\"\n          }\n        },\n        \"-\": {\n          \"name\": \"F#\",\n          \"ay\": 1975,\n          \"assign\": \"0LP\",\n          \"match\": [\n            {\n              \"or\": [\n                {\n                  \"pattern\": \"TN6x\",\n                  \"exclude\": [\n                    \"DO985B\",\n                    \"FL703D\",\n                    \"NX*7\",\n                    \"BRW5V\"\n                  ],\n                  \"info\": \"i,F_\\\\5LplR\"\n                },\n                {\n                  \"and\": []\n                },\n                {\n                  \"or\": [\n                    {\n                      \"pattern\": \"GW998*I\",\n                      \"exclude\": \"ER442*\",\n                      \"info\": \"#s1YN@s]\"\n                    }\n                  ]\n                },\n                {\n                  \"and\": [\n                    {\n                      \"and\": [\n                        \"JUY847\",\n                        \"JCY241E\",\n                        {\n                          \"and\": []\n                        }\n                      ]\n                    },\n                    \"EB985K\"\n                  ]\n                }\n              ]\n            },\n            {\n              \"and\": [\n                {\n                  \"and\": [\n                    \"YG2274R\",\n                    \"MDC6*13F\",\n                    {\n                      \"and\": [\n                        {\n                          \"or\": [\n                            {\n                              \"and\": [\n                                \"RB*7\",\n                                \"MEU*\",\n                                \"SLW0N\",\n                                \"SDB*\",\n                                \"GYxB\"\n                              ]\n                            },\n                            \"KO1224\",\n                            \"VU76\",\n                            \"HWL24K\"\n                          ]\n                        }\n                      ]\n                    },\n                    {\n                      \"or\": [\n                        {\n                          \"pattern\": \"KAx461M\",\n                          \"exclude\": [\n                            \"UJK9487S\",\n                            \"GPE53\",\n                            \"HWZ4\",\n                            \"YE653B\",\n                            \"TD73\"\n                          ],\n                          \"info\": \"dU=6x3T&\"\n                        },\n                        \"KZ4311F\",\n                        {\n                          \"or\": [\n                            {\n                              \"and\": [\n                                \"FHI4624\",\n                                \"RQS0\",\n                                \"LLZ70\",\n                                \"UCNx450K\",\n                                \"CAE4\"\n                              ]\n                            },\n                            \"LJ36\",\n                            \"XOA766\",\n                            \"DYA56\",\n                            {\n                              \"pattern\": \"VAZ9\",\n                              \"info\": \"O0cd0@6\"\n                            }\n                          ]\n                        }\n                      ]\n                    }\n                  ]\n                },\n                \"WE4\",\n                {\n                  \"pattern\": \"DZJ82B\",\n                  \"info\": \"\"\n                },\n                {\n                  \"or\": [\n                    \"DE*35L\",\n                    \"BRS384\",\n                    {\n                      \"or\": [\n                        {\n                          \"pattern\": \"FXx9*4\",\n                          \"exclude\": [],\n                          \"info\": \"*+\"\n                        },\n                        \"LX02*6U\",\n                        \"UGB709U\",\n                        \"NLY7*9\"\n                      ]\n                    },\n                    \"BL*72\"\n                  ]\n                },\n                \"VRC4\"\n              ]\n            },\n            {\n              \"pattern\": \"YSx25I\",\n              \"exclude\": \"VVV7120\",\n              \"info\": \"\"\n            }\n          ],\n          \"satisfy\": {\n            \"mc\": \">=149\"\n          },\n          \"info\": \"57a\\\"\",\n          \"isSelectable\": true\n        },\n        \"n_!\": {\n          \"name\": \"u`x;MU%Q\",\n          \"ay\": 1991,\n          \"match\": [\n            {\n              \"or\": [\n                {\n                  \"pattern\": \"NG**4I\",\n                  \"exclude\": \"NWD1\",\n                  \"info\": \"}\\\"zM!yz\"\n                },\n                \"LB*\",\n                \"IX0\",\n                {\n                  \"and\": [\n                    \"SWH7A\",\n                    {\n                      \"or\": [\n                        {\n                          \"pattern\": \"FO*x\",\n                          \"exclude\": [\n                            \"VL96\",\n                            \"UAT187V\",\n                            \"BA3*34\"\n                          ],\n                          \"info\": \"V+c>b\"\n                        },\n                        \"DGT8586\",\n                        \"CG5Q\",\n                        \"FD98R\"\n                      ]\n                    },\n                    \"QMK0*4\",\n                    \"SP*87*M\",\n                    \"UHM232S\"\n                  ]\n                }\n              ]\n            },\n            {\n              \"pattern\": \"UCW1666\",\n              \"exclude\": [\n                \"ANX2S\",\n                \"QFC20*xR\",\n                \"IJ*\",\n                \"TIx1D\"\n              ],\n              \"info\": \"n'X*T\"\n            },\n            {\n              \"and\": [\n                \"KO786\",\n                {\n                  \"and\": [\n                    \"HPZ61x1\"\n                  ]\n                },\n                {\n                  \"or\": [\n                    \"UH5x61\"\n                  ]\n                },\n                \"BX977W\"\n              ]\n            },\n            {\n              \"and\": []\n            },\n            \"TCL24X\"\n          ],\n          \"url\": \"https://pmwfs7z7f03r9qe-in560qiayxvxay1ko1c67v8bfxlf2ecp-fu61fqsm40.jrwnoxfsj/1x%F2%94%9D%9AHT0=/_l0;/bRo%F2%B7%B9%A5wY/2)sH'NXmC/e\",\n          \"info\": \"z\",\n          \"isSelectable\": true\n        },\n        \"R]=[\": {\n          \"name\": \"v?\",\n          \"ay\": 1986,\n          \"assign\": [],\n          \"match\": [\n            {\n              \"or\": [\n                {\n                  \"pattern\": \"GZ64\",\n                  \"exclude\": \"SIx1\",\n                  \"info\": \"4N_9/5ka\"\n                },\n                {\n                  \"pattern\": \"GSM1*M\",\n                  \"exclude\": [\n                    \"VVG4563\",\n                    \"DI3U\",\n                    \"TGR64A\",\n                    \"ZR2197\"\n                  ],\n                  \"info\": \"^B$V\"\n                }\n              ]\n            }\n          ],\n          \"satisfy\": [\n            \"<7.RN`-\",\n            {\n              \"and\": [\n                {\n                  \"mc\": \">=160\"\n                }\n              ]\n            },\n            {\n              \"or\": [\n                {\n                  \"mc\": \">=166\"\n                }\n              ]\n            }\n          ],\n          \"url\": \"http://1-g7f0iov063y-gif04bj3do47n1rewbx-nnvlf0.jb7diqczzyrkebeeczw5pasnsycybe2r9p.5u6p9zqq3hy72wp8mgyfy7hudf9pn.ggkipo/V/UTQ-p'FEt/pBLDfhfP//Y%F1%8E%BA%967/%F3%B7%8B%A2vj+_PqF9/APzvF!/c@/I\",\n          \"info\": \"cs#S&<h=A\",\n          \"isSelectable\": true\n        }\n      }\n    }\n  },\n  {\n    \"title\": \"block sample 1\",\n    \"value\": {\n      \"name\": \"}rK;\",\n      \"ay\": 1956,\n      \"assign\": [],\n      \"satisfy\": [\n        {\n          \"or\": []\n        },\n        \"n\\\"\"\n      ],\n      \"url\": \"https://07ejuh7vkrdfp2-c8.znzi79ssnw2x32ao3r0u.eoa.8gsex8.0zpu29bcmv539nle65pn3f1nhv4h-htulg3wypkmjfoj58oy76itxgyra0ialc.eved\",\n      \"info\": \"%*x|u#l\",\n      \"isSelectable\": true,\n      \"\": {\n        \"name\": \"\\\"\",\n        \"ay\": 2005,\n        \"assign\": [\n          \"2MCjbo 4kl\",\n          \"6F!oB\",\n          \"G_\",\n          \"=\",\n          \"\"\n        ],\n        \"satisfy\": {\n          \"or\": [\n            \"}+Bz@O\",\n            \"FiNdID\",\n            {\n              \"mc\": \"<=80\"\n            }\n          ]\n        },\n        \"url\": \"https://1kmhtnoihon317xrgbjh1y8gos.larzz/S(ko_vU.7L/DS=4+NXU4/IziEM-C/\",\n        \"info\": \"#S{\\\"\\\\\",\n        \"isSelectable\": true\n      },\n      \"~\": {\n        \"assign\": [\n          \"30:Q(EXx\"\n        ],\n        \"match\": [\n          {\n            \"or\": []\n          },\n          \"MG922\"\n        ],\n        \"satisfy\": [\n          \"3LhYC\",\n          {\n            \"and\": [\n              {\n                \"or\": [\n                  {\n                    \"mc\": \">=28\"\n                  }\n                ]\n              },\n              {\n                \"mc\": \"<=5\"\n              },\n              {\n                \"mc\": \"<=199\"\n              },\n              {\n                \"mc\": \">=7\"\n              }\n            ]\n          },\n          {\n            \"mc\": \">=5\"\n          },\n          {\n            \"or\": []\n          },\n          {\n            \"and\": [\n              {\n                \"or\": []\n              }\n            ]\n          }\n        ],\n        \"url\": \"http://b1q603u266a39qf-z6vlayk8xfjcf9bowxoglyi3ol.bvvw//sQr9uf/b%F1%A1%BF%AFS/h/&,ZX5/!D/\",\n        \"info\": \"Fl\",\n        \"isSelectable\": true\n      },\n      \"4^gAWGW,?@\": {\n        \"ay\": 1955,\n        \"assign\": \"\",\n        \"match\": [\n          {\n            \"pattern\": \"PM8x3S\",\n            \"exclude\": [\n              \"SB7xI\",\n              \"MX*94\"\n            ],\n            \"info\": \"(:\"\n          }\n        ],\n        \"satisfy\": {\n          \"mc\": \"<=19\"\n        },\n        \"url\": \"https://6.zyzl/!6@d;h/*K/JIM%F2%A3%95%A4V/TByG.XFq.%F3%89%A8%B1//uu,Yk/F*cEAq)EL/9GvO_\",\n        \"info\": \"p79H@l=>~\",\n        \"isSelectable\": true,\n        \"=)W:^H\": {\n          \"name\": \"b!o'TN*Pi\",\n          \"ay\": 1995,\n          \"assign\": \"g\",\n          \"match\": \"LOS4116T\",\n          \"satisfy\": [],\n          \"url\": \"https://fchn0ikgm6e347ijqrltbr31o7f9lebpdw2bihikfsyc.g1k0vmysjnb5zc5dqwadb8uil89bv7sjlm2xt84t97577jlgnv4wdcu.8q31o9vvjarnovy23zurxke7hegmdl0dkkkam4s91-li0w-gzdr.vludsyqyew/O/cRtAi/fUMBt9Q'r+/SD.F:/zpt(8qc(t'/b6FImFMTY7/d1%F1%9F%87%A1B/iYm/d1tF2N\",\n          \"info\": \"gc\",\n          \"isSelectable\": true\n        },\n        \"M!\\\\46wWV\": {\n          \"name\": \";DsnM#a\",\n          \"assign\": \"vu[A']>!\",\n          \"url\": \"https://7hmzgd-5bz7k8aex-z40r6zse8s9.oc75rgcc65qkr5yz6pt1cxnkr29vfeh.pescat10clmi9e8s1bshi15gk8.pjpvz6qryxb.tst//h)vsFl//dXsRX$ENK_/m1%F2%99%85%95tn/B/a$Nz(AwI(/QhJh7/ng\",\n          \"info\": \"$d\",\n          \"isSelectable\": true\n        },\n        \"`1}yyUO3Pt\": {\n          \"name\": \"VZ.\\\\2=[\",\n          \"ay\": 1999,\n          \"assign\": [\n            \"r6N,vW.\\\"\"\n          ],\n          \"match\": \"CPN93\",\n          \"url\": \"https://ktey2ku9f8c9digublu8gj3my7xs30n23u-c4lqx.ux9qtfw5lpwqffj49r8zsoocxfevufwzvri513bmgyli2wa1m.cfwaavqv38uzgzdcmo85muixxp7vnt0ud9telj2vofs2vr2d7vi9dbscay8rs.shhigtuckr0lg1h.o3679ikb9.mdgrgwba/.0eM_2/@4f/kZyc/W%F3%AD%A4%A2gm@_7Jg=/,%F4%8E%92%A7kh/%F2%84%8E%825ZXA%F3%BC%A8%B3/3jcp$\",\n          \"info\": \"X\\\\#0\"\n        },\n        \":i\": {\n          \"name\": \"DS,M]j-jK\",\n          \"ay\": 1993,\n          \"assign\": [\n            \"d^~)e5\",\n            \"qv)7\",\n            \"x-\",\n            \"]oO4q\",\n            \"wz\"\n          ],\n          \"match\": [\n            {\n              \"pattern\": \"GJM1473\",\n              \"exclude\": [\n                \"WHK9344\",\n                \"XWx7\",\n                \"KPx5\"\n              ],\n              \"info\": \"5_C\"\n            }\n          ],\n          \"satisfy\": {\n            \"and\": [\n              {\n                \"mc\": \"<=160\"\n              },\n              \"e=Tqx{9\",\n              {\n                \"or\": [\n                  {\n                    \"mc\": \">=29\"\n                  }\n                ]\n              }\n            ]\n          },\n          \"url\": \"http://69v4zki1.vgt5zvbu7bp.oqvn-s59bq-t9k0fuh.qlhxxj/q%F3%BA%B2%B9,:Hc1\",\n          \"info\": \"SN@1:}<^/s\",\n          \"isSelectable\": true\n        }\n      }\n    }\n  },\n  {\n    \"title\": \"block sample 2\",\n    \"value\": {\n      \"ay\": 1975,\n      \"satisfy\": {\n        \"or\": [\n          {\n            \"or\": [\n              \"[M1B|DGe5\"\n            ]\n          },\n          {\n            \"mc\": \"<=163\"\n          },\n          {\n            \"and\": [\n              {\n                \"and\": []\n              },\n              \"Pm'F3>G^7\",\n              {\n                \"and\": []\n              },\n              {\n                \"mc\": \"<=155\"\n              },\n              \"(e\"\n            ]\n          }\n        ]\n      },\n      \"url\": \"https://8ed5aiu9bgcc252v.po/auq//f~mJ9w/bi)/gE/CYWKa%F3%A4%AC%9EUdTX/\",\n      \"info\": \"s8B7}VkH6O\",\n      \"isSelectable\": true\n    }\n  },\n  {\n    \"title\": \"block sample 3\",\n    \"value\": {\n      \"name\": \"\",\n      \"ay\": 1955,\n      \"match\": {\n        \"and\": [\n          {\n            \"and\": [\n              {\n                \"or\": [\n                  {\n                    \"pattern\": \"HY0*3\",\n                    \"exclude\": \"LM64*\",\n                    \"info\": \"muRe/ U\\\\\"\n                  },\n                  \"NO1482Z\",\n                  \"JCS4*87H\",\n                  \"SBZ35\"\n                ]\n              },\n              \"CN1\",\n              \"STM4579W\"\n            ]\n          },\n          {\n            \"and\": [\n              {\n                \"or\": [\n                  {\n                    \"pattern\": \"KHF6I\",\n                    \"exclude\": \"AKFx*5\",\n                    \"info\": \"<\"\n                  },\n                  \"LA1\"\n                ]\n              },\n              {\n                \"pattern\": \"BFN637F\",\n                \"exclude\": [\n                  \"OW855\",\n                  \"PCF85P\"\n                ],\n                \"info\": \"he.[BHa{8v\"\n              },\n              {\n                \"or\": [\n                  \"RB96N\",\n                  {\n                    \"or\": [\n                      {\n                        \"pattern\": \"RN7\",\n                        \"exclude\": \"JKM593\",\n                        \"info\": \"\"\n                      },\n                      \"BMR42**M\",\n                      \"SE8\"\n                    ]\n                  },\n                  {\n                    \"and\": [\n                      \"RBC42\",\n                      \"ATx**R\",\n                      \"HMZ4x9N\"\n                    ]\n                  }\n                ]\n              },\n              \"DCL7651\",\n              \"ETF9x7N\"\n            ]\n          },\n          {\n            \"pattern\": \"GGD2\",\n            \"exclude\": \"CIT8213\"\n          },\n          {\n            \"or\": [\n              {\n                \"or\": [\n                  {\n                    \"pattern\": \"AY*D\",\n                    \"exclude\": \"EH81F\"\n                  }\n                ]\n              },\n              {\n                \"and\": [\n                  {\n                    \"and\": [\n                      {\n                        \"and\": []\n                      },\n                      \"JSD9071V\"\n                    ]\n                  }\n                ]\n              },\n              {\n                \"or\": [\n                  \"AOQ0x1V\",\n                  {\n                    \"pattern\": \"FI4E\",\n                    \"info\": \"cp79&=;\"\n                  },\n                  {\n                    \"and\": [\n                      \"WZ83*\"\n                    ]\n                  },\n                  {\n                    \"pattern\": \"ZUY5xK\",\n                    \"exclude\": [],\n                    \"info\": \"/lc?46\"\n                  }\n                ]\n              },\n              {\n                \"pattern\": \"CZO7*R\",\n                \"info\": \"cEvy\"\n              },\n              \"HGE33R\"\n            ]\n          },\n          {\n            \"or\": [\n              {\n                \"pattern\": \"WAE11*1\",\n                \"exclude\": \"EQ*8\"\n              },\n              \"HAR9**I\",\n              {\n                \"pattern\": \"PR9966\",\n                \"exclude\": \"HTM3Y\",\n                \"info\": \"U*OeE~'jnK\"\n              },\n              {\n                \"pattern\": \"EXW49\",\n                \"exclude\": \"JJG464R\",\n                \"info\": \"A0\\\\y\\\"CG`\"\n              }\n            ]\n          }\n        ]\n      },\n      \"info\": \"zw3I6^rBx*\"\n    }\n  },\n  {\n    \"title\": \"block sample 4\",\n    \"value\": {\n      \"name\": \"#(\\\\\",\n      \"ay\": 1956,\n      \"assign\": \"te=y{=e\",\n      \"satisfy\": [],\n      \"url\": \"https://6nl9jkw12adicu1164mum5wqbb3yxfuzda.syasln8hcqzbxksyzpbmz97-yxszm420i79svu7pt7iyydvy7mx.sda//-Nq%F0%A4%8B%B2e8/gWCrQAk%F1%82%B1%97xU/%F0%99%95%9Bd(j/%F2%BD%9A%A9j5_rNsC/SFRX-ojUc/$-/h3L&%F0%A5%AD%898AV@/H4tW/_M%F2%BC%81%87%F4%83%B3%8399O(\",\n      \"isSelectable\": true\n    }\n  },\n  {\n    \"title\": \"block sample 5\",\n    \"value\": {\n      \"name\": \"Z/J^1\",\n      \"ay\": 1950,\n      \"match\": [\n        \"SI0\",\n        {\n          \"pattern\": \"PW4136D\",\n          \"info\": \"j3E&\"\n        },\n        {\n          \"and\": [\n            {\n              \"pattern\": \"JK51*Z\",\n              \"exclude\": \"TFA26\"\n            },\n            {\n              \"and\": []\n            }\n          ]\n        }\n      ],\n      \"satisfy\": [],\n      \"info\": \"!B&\",\n      \"isSelectable\": true,\n      \"s~hHPQu[Y\": {\n        \"ay\": 2011,\n        \"assign\": [\n          \"\",\n          \":9S\"\n        ],\n        \"match\": {\n          \"pattern\": \"XC5B\",\n          \"exclude\": [],\n          \"info\": \"5\"\n        },\n        \"satisfy\": [],\n        \"url\": \"http://k98n44ocukakl20i7r3av3m628zbqv0xuxvuk3exez8bgzzo2s.gmncpvdxem/X-;1/.%F2%96%B0%B0%F3%BB%BB%BE'%F0%AC%84%83/_(\",\n        \"info\": \"mTo[N0Ow]\",\n        \"isSelectable\": true\n      },\n      \"-&\": {\n        \"name\": \"{u$5&`\",\n        \"ay\": 1969,\n        \"assign\": \"#W$\\\"&N!\",\n        \"url\": \"https://h7ea5ft6t6-o5z9idk8h2x92bg3k6t5xrgw54pgn34w.zcevy9-y3l85bpmpp79z21ldawmzmkt6w581u86i2w2wqzk29slu82k-pf3xne.olxo4lhlg6h.6wyrq7r1lm-5e5n5u4n3d0in8f.tfaa/1eb!/%2dz/1dDKC!eH%F1%B6%BC%A6P//&*b=b/j/\",\n        \"isSelectable\": true,\n        \"q8m}hN>\": {\n          \"name\": \"G>\",\n          \"ay\": 1989,\n          \"assign\": [\n            \"G\",\n            \"{Pcew:\"\n          ],\n          \"match\": [\n            \"RKLx\",\n            {\n              \"and\": [\n                \"FVDx521\",\n                {\n                  \"and\": [\n                    {\n                      \"and\": [\n                        {\n                          \"and\": [\n                            \"KNM7\",\n                            \"TX9*\",\n                            \"WAV5*2L\"\n                          ]\n                        },\n                        \"JFA6*M\",\n                        {\n                          \"pattern\": \"BDI6O\",\n                          \"exclude\": \"HPx4x1\",\n                          \"info\": \"L-sHkh\"\n                        },\n                        \"DQ463*C\",\n                        {\n                          \"or\": [\n                            \"RDS*8E\"\n                          ]\n                        }\n                      ]\n                    }\n                  ]\n                },\n                \"UWG318xN\"\n              ]\n            }\n          ],\n          \"satisfy\": {\n            \"mc\": \">=85\"\n          },\n          \"url\": \"http://7mi21.k3i0si.ebfpqulh/-%F1%B3%9B%99/8Cmt/zOZ5ws&Ka/*%F2%9B%AB%8B/T%EA%B8%B50!VR/Z\",\n          \"info\": \"23!j_-4\",\n          \"isSelectable\": true\n        }\n      }\n    }\n  },\n  {\n    \"title\": \"block sample 6\",\n    \"value\": {\n      \"name\": \"#}y~K\",\n      \"ay\": 1965,\n      \"assign\": [\n        \"NdUjd=o\",\n        \"w]Dv[_%Jw\",\n        \"E\",\n        \"a=)\\\"tIbW\",\n        \"+Ol$.!T*,7\"\n      ],\n      \"match\": [],\n      \"url\": \"https://0.38y8mfjpy6s0tht2h1mqgwsecpcct9vb1dzd.ldxkgpvrgdvjtztk0tl-8ujsyw8iahf0cu3b9q6-4-xrd886m6lhtkr96jvtjwg.jz3ebztva9iqzhyj3w6857e2t8cyirz8lx7b05sel-y.skbwtzqjb//'bG*_xU%F0%BE%B3%B9p1/JT:fifH/pn/@/hqd%F2%93%B3%B0C//%F1%8E%88%AE%F0%A0%A2%81Q\",\n      \"info\": \"Be_/d Bl\",\n      \"isSelectable\": true,\n      \"i;kH3jyn!\": {\n        \"name\": \"J?udQl\",\n        \"ay\": 2018,\n        \"assign\": \"R\",\n        \"match\": [\n          {\n            \"pattern\": \"PF008*\",\n            \"exclude\": \"KAJ3\",\n            \"info\": \"@R/WMGE\"\n          },\n          {\n            \"or\": [\n              {\n                \"or\": [\n                  \"IBF304\",\n                  {\n                    \"pattern\": \"VR09\",\n                    \"info\": \"9u\"\n                  },\n                  \"TG6*R\",\n                  \"BS17*7E\"\n                ]\n              }\n            ]\n          },\n          {\n            \"and\": []\n          },\n          {\n            \"and\": [\n              \"MET0*Z\",\n              {\n                \"or\": [\n                  \"JYU4O\"\n                ]\n              },\n              \"YPx\"\n            ]\n          },\n          {\n            \"or\": [\n              {\n                \"and\": [\n                  \"WJX19x4\"\n                ]\n              },\n              {\n                \"pattern\": \"GRS810x\",\n                \"exclude\": [],\n                \"info\": \"dL\"\n              },\n              \"RXZ5457E\",\n              \"KO60x1B\",\n              \"YL9047\"\n            ]\n          }\n        ],\n        \"url\": \"https://239ukyksu7ongd8.nav1y12c83jgmv62di40-cr5-9gj04nq-zmgv74rxhzlb8thx.vjxqvb/u20jzVNS/snJ3=u%F1%BD%B0%ABh%F2%95%83%92U/)7X;/fX-FY,_p\",\n        \"info\": \"h=W\",\n        \"isSelectable\": true,\n        \"$l[C@p\": {\n          \"name\": \"l\",\n          \"match\": \"GTC8\",\n          \"satisfy\": [\n            \"m\",\n            {\n              \"mc\": \"<=120\"\n            },\n            {\n              \"and\": [\n                {\n                  \"mc\": \"<=67\"\n                },\n                {\n                  \"mc\": \">=126\"\n                },\n                {\n                  \"or\": [\n                    \"r\",\n                    \"\",\n                    \"N_NMoMJuz,\",\n                    {\n                      \"or\": [\n                        \"ntp0Lu8c.,\",\n                        {\n                          \"and\": [\n                            \"6u\",\n                            {\n                              \"mc\": \"<=61\"\n                            },\n                            \"~/!Q5er0\",\n                            \"Zs:\"\n                          ]\n                        },\n                        \"xTJQ3Z\"\n                      ]\n                    },\n                    {\n                      \"and\": [\n                        \"'aOLn~\",\n                        \"(xW\",\n                        {\n                          \"mc\": \"<=45\"\n                        }\n                      ]\n                    }\n                  ]\n                }\n              ]\n            },\n            \"{>K\",\n            {\n              \"and\": [\n                {\n                  \"and\": [\n                    \"zI8\",\n                    {\n                      \"mc\": \"<=128\"\n                    }\n                  ]\n                },\n                \"2VL^U\"\n              ]\n            }\n          ],\n          \"url\": \"http://jl1mi0irx.ly8uce-un45ywa92tjn84cwn4rwz9.4msw7tk-ho7bz6a3v-lu5o9mqrv396cx-xlu9apxlb6yh26c8qy-eua9aq.j.wzz8fqt9sv.kmqffcaxu/sDZ/2a~lT%F2%BD%98%81A/_OF%F3%99%AE%ACtp\",\n          \"info\": \"\",\n          \"isSelectable\": true\n        },\n        \"ryui0z\": {\n          \"name\": \"F@631-=^\",\n          \"ay\": 2029,\n          \"assign\": \"1,P^#?>/Y\",\n          \"match\": {\n            \"or\": [\n              {\n                \"and\": []\n              },\n              {\n                \"pattern\": \"JG49*3R\",\n                \"exclude\": \"YN7*L\",\n                \"info\": \"fL+C\"\n              },\n              {\n                \"pattern\": \"PLR3L\",\n                \"exclude\": [\n                  \"NIN8524Z\",\n                  \"DHQ8F\"\n                ],\n                \"info\": \"6G5hl\"\n              },\n              {\n                \"and\": [\n                  \"MJ92G\",\n                  {\n                    \"pattern\": \"OQ1\",\n                    \"exclude\": \"YCN1\",\n                    \"info\": \"G!i\"\n                  },\n                  \"VWF190\",\n                  \"ACZ18H\",\n                  \"MF77xF\"\n                ]\n              },\n              {\n                \"and\": [\n                  \"DED1O\"\n                ]\n              }\n            ]\n          },\n          \"satisfy\": {\n            \"or\": [\n              {\n                \"mc\": \">=17\"\n              },\n              {\n                \"and\": [\n                  {\n                    \"or\": [\n                      {\n                        \"mc\": \"<=151\"\n                      },\n                      {\n                        \"mc\": \">=190\"\n                      },\n                      {\n                        \"mc\": \"<=74\"\n                      },\n                      {\n                        \"mc\": \">=25\"\n                      },\n                      {\n                        \"or\": []\n                      }\n                    ]\n                  },\n                  {\n                    \"mc\": \">=128\"\n                  },\n                  {\n                    \"mc\": \">=111\"\n                  }\n                ]\n              },\n              \"<)HMG_Xa*8\",\n              {\n                \"and\": [\n                  \"C3spr{=t}0\",\n                  \"+\",\n                  \"\\\"Uih 7u+w\",\n                  \"m\",\n                  {\n                    \"or\": [\n                      \"\",\n                      \"lP\",\n                      \";Xg;2\"\n                    ]\n                  }\n                ]\n              }\n            ]\n          },\n          \"url\": \"http://m.blzzu9z6nykd99330x-129s7motjyrmt8mn88t8t7bo.m3jzgruzjfz00v6bbtbkbeseyxrme2pu3dbk8uwog.ennkgump//p@/W%E4%AB%ACU4VOX%F0%A3%9F%8Bvu\",\n          \"info\": \"cQ_kwA\",\n          \"isSelectable\": true\n        },\n        \"#DzB}\": {\n          \"name\": \"/J\",\n          \"ay\": 1975,\n          \"assign\": \"V.E1 nJP\",\n          \"match\": {\n            \"or\": []\n          },\n          \"satisfy\": {\n            \"mc\": \"<=170\"\n          },\n          \"isSelectable\": true\n        },\n        \"Mbv(g=8i\": {\n          \"name\": \"\\\"BL-7\",\n          \"ay\": 2020,\n          \"assign\": \"Zr1jEvX]b\",\n          \"satisfy\": {\n            \"or\": [\n              {\n                \"or\": [\n                  \"GgS/0M\"\n                ]\n              },\n              {\n                \"or\": [\n                  {\n                    \"mc\": \">=7\"\n                  },\n                  \"{]\\\"\\\"@J9C\",\n                  \"W4\\\"\\\\RC~\"\n                ]\n              },\n              \"x\\\"iWyso/It\"\n            ]\n          },\n          \"url\": \"http://g.uby5eqnmc28aab4pc5z4ifjzal9jtpn9t7f1awdeb1.fuvbv//9/ZXP/Af_%F1%85%B8%A13ev_/p(Sm8NZ/$.8kvhJ/N/Rb9=w%F3%8B%93%998\",\n          \"info\": \"4nwIQ;+NE\"\n        },\n        \"qFr4u28X\": {\n          \"name\": \"'R-RBZ\",\n          \"assign\": \"sC|r7@!\",\n          \"match\": \"HE**84Z\",\n          \"satisfy\": [\n            \"j\\\"3%=\",\n            {\n              \"or\": [\n                \"\",\n                \"c/J=Z:(\",\n                {\n                  \"or\": [\n                    {\n                      \"mc\": \">=183\"\n                    },\n                    {\n                      \"or\": [\n                        \"i!L+A\",\n                        \"uDnvQr7SH&\",\n                        {\n                          \"and\": [\n                            {\n                              \"mc\": \"<=182\"\n                            }\n                          ]\n                        },\n                        \"m*gmkI?hww\"\n                      ]\n                    },\n                    {\n                      \"or\": [\n                        {\n                          \"mc\": \">=103\"\n                        },\n                        {\n                          \"and\": [\n                            \"\",\n                            {\n                              \"mc\": \"<=73\"\n                            },\n                            \"T:C\\\\p\",\n                            \"B+FYw#S\"\n                          ]\n                        },\n                        {\n                          \"and\": [\n                            \"APK\\\"Jzi7\",\n                            \"8)\",\n                            \"y&V-\"\n                          ]\n                        },\n                        {\n                          \"mc\": \">=96\"\n                        },\n                        {\n                          \"and\": [\n                            \"lo51[z\",\n                            \" o8Ym\",\n                            \"Z4?@\",\n                            \"nDxE\"\n                          ]\n                        }\n                      ]\n                    },\n                    {\n                      \"or\": [\n                        \"&uv[\",\n                        {\n                          \"mc\": \">=199\"\n                        },\n                        {\n                          \"and\": [\n                            \"}JmV,0Gp?\",\n                            \"]\",\n                            \"e^\"\n                          ]\n                        }\n                      ]\n                    },\n                    \"_\"\n                  ]\n                },\n                \"(B8YPn{\",\n                {\n                  \"and\": [\n                    \"~:j+th\"\n                  ]\n                }\n              ]\n            },\n            {\n              \"or\": [\n                \"[\",\n                {\n                  \"mc\": \">=100\"\n                }\n              ]\n            },\n            {\n              \"mc\": \">=100\"\n            }\n          ],\n          \"url\": \"http://qnfsmw6g5n9khfns6i6o5wo94pnq58n9n1mykxepqhhd5pbmlsmtxz9arbofw.fd71p2woew2kv.gqgliu.ykyrd\",\n          \"isSelectable\": true,\n          \"\": {\n            \"match\": {\n              \"pattern\": \"UBF*473S\",\n              \"exclude\": [\n                \"AH08\",\n                \"GT2x93T\",\n                \"WP3B\",\n                \"OR914L\",\n                \"ZVA696U\"\n              ],\n              \"info\": \"qolVRG6{p\"\n            },\n            \"satisfy\": [],\n            \"isSelectable\": true\n          }\n        }\n      },\n      \"d @w#'#9\\\\%\": {\n        \"name\": \"\",\n        \"ay\": 2017,\n        \"assign\": [\n          \"o:%\",\n          \"fT+`X}Q\",\n          \"\",\n          \"CFU5^\",\n          \">YP\\\\[B+'\"\n        ],\n        \"satisfy\": {\n          \"or\": []\n        },\n        \"url\": \"https://3m8od1jhffy6fi7731w21i8ra8hzh4f92qj0fb.qjhi1du9mggi0w5pv53e1mfhmwtjr6qfidao5fpv0fa1ss0mkcgiz9f.bsgk4i8s0jgxwalux4.iuggggxgaj//FD/7b;/iX$d%F3%83%8F%91%F3%A3%B8%A0J/&;J/L,*Wr,$s/e!fsXN%F3%BB%BB%A64yq\",\n        \"isSelectable\": true\n      },\n      \"v]o>?N\": {\n        \"name\": \"8i#OQ^!J_\",\n        \"ay\": 1995,\n        \"assign\": [\n          \"Wv\",\n          \"$.x]+sLO\"\n        ],\n        \"match\": [\n          {\n            \"or\": [\n              {\n                \"or\": [\n                  {\n                    \"and\": [\n                      \"BQA18\",\n                      \"OV3\",\n                      \"GE3532\",\n                      \"OMJ78\"\n                    ]\n                  },\n                  \"EH*\",\n                  {\n                    \"pattern\": \"OHN3H\",\n                    \"exclude\": [\n                      \"OD3N\"\n                    ],\n                    \"info\": \"\"\n                  }\n                ]\n              },\n              {\n                \"and\": [\n                  {\n                    \"or\": [\n                      \"HN*V\",\n                      \"FMA72*8C\",\n                      \"CK76\",\n                      {\n                        \"and\": [\n                          \"KOP*x4G\",\n                          \"GFY5O\",\n                          \"QOG362x\",\n                          \"OUP1Y\",\n                          {\n                            \"and\": [\n                              \"OU54*F\",\n                              \"YQ0L\",\n                              \"HZ922\",\n                              \"MPCx5\",\n                              \"EDxx7I\"\n                            ]\n                          }\n                        ]\n                      }\n                    ]\n                  }\n                ]\n              },\n              \"SL3\"\n            ]\n          },\n          {\n            \"and\": [\n              {\n                \"or\": [\n                  {\n                    \"pattern\": \"LP922\",\n                    \"exclude\": [],\n                    \"info\": \"SxP+/AY\"\n                  },\n                  {\n                    \"pattern\": \"SB*791G\",\n                    \"exclude\": [\n                      \"JOG6xH\",\n                      \"RWS0\",\n                      \"XV27\",\n                      \"LDA3\"\n                    ],\n                    \"info\": \"r\"\n                  }\n                ]\n              },\n              {\n                \"and\": [\n                  \"GY852\",\n                  \"NWT581C\",\n                  \"KGL23\",\n                  \"FSH0*8xD\",\n                  {\n                    \"or\": [\n                      \"JEU972*\",\n                      \"KRT9x89P\",\n                      \"PWI2986\"\n                    ]\n                  }\n                ]\n              },\n              {\n                \"and\": [\n                  \"DB3\",\n                  {\n                    \"and\": []\n                  },\n                  {\n                    \"pattern\": \"ZI54\",\n                    \"info\": \"-{A&+4\"\n                  }\n                ]\n              },\n              {\n                \"or\": [\n                  {\n                    \"and\": [\n                      {\n                        \"pattern\": \"ODWx7\",\n                        \"exclude\": [],\n                        \"info\": \"F\"\n                      },\n                      \"XYE4646O\",\n                      \"WH86x3Q\"\n                    ]\n                  },\n                  {\n                    \"or\": [\n                      \"CH87\",\n                      \"GWZ091L\"\n                    ]\n                  },\n                  \"QEZx3M\",\n                  {\n                    \"and\": [\n                      \"JYW12\",\n                      \"QP939E\",\n                      \"PJx67*\",\n                      \"ILH**Z\",\n                      \"WC*77C\"\n                    ]\n                  },\n                  \"YI8Y\"\n                ]\n              }\n            ]\n          },\n          \"GJ117\"\n        ],\n        \"url\": \"https://o3flnhkaghpmgg19tza.7v-f0ls0vsb62krw.rmzlhkezz/,gBo9v!@12/;//%F3%A8%B0%BDaN'BehN~b/cO/Q0K@/~E\",\n        \"isSelectable\": true\n      }\n    }\n  },\n  {\n    \"title\": \"block sample 7\",\n    \"value\": {\n      \"name\": \"c~8{\",\n      \"ay\": 2022,\n      \"assign\": [\n        \"|c\\\"\"\n      ],\n      \"match\": \"XX65G\",\n      \"satisfy\": {\n        \"mc\": \">=8\"\n      },\n      \"url\": \"https://ky2pg3y4ag44xtyehpwrqmgji6rzmgc.33xjkk-zt5mkkt8jgk0-vud86tgszy5u.bd/JR%F3%B5%99%BE%F1%9C%87%AFey%EE%96%81%F1%96%9B%8B2%F1%88%93%82/.IE/l57v///h/%F2%96%8A%AC_kCj*/62r\",\n      \"info\": \"&O\",\n      \"isSelectable\": true,\n      \"q#N4m\": {\n        \"assign\": \"F6Lsz_ `\",\n        \"match\": {\n          \"and\": [\n            \"ZN74V\",\n            {\n              \"or\": [\n                \"DVK7P\",\n                \"LON1K\",\n                {\n                  \"or\": [\n                    \"UGE5H\",\n                    {\n                      \"pattern\": \"LIN97O\",\n                      \"exclude\": \"XLV1674B\"\n                    }\n                  ]\n                },\n                {\n                  \"or\": [\n                    {\n                      \"pattern\": \"JGP3\",\n                      \"exclude\": \"DX31xL\",\n                      \"info\": \"\"\n                    },\n                    \"YJ6\",\n                    \"FYK9x1\"\n                  ]\n                },\n                \"BZD247T\"\n              ]\n            }\n          ]\n        },\n        \"satisfy\": [],\n        \"url\": \"https://ci2fd1.yvguxp/gqup$bvsGV\",\n        \"isSelectable\": true\n      },\n      \"j[\": {\n        \"name\": \")^Q}>I*e\",\n        \"ay\": 1996,\n        \"assign\": \"fy)^\",\n        \"satisfy\": \"'#a\",\n        \"url\": \"http://pu4rppjyk2-ekxtp8fv3n.0vzinj9snwjzbse1wbqkk5q5kps.tmguurimxt/uKk8hWGoEr\",\n        \"isSelectable\": true\n      },\n      \"i \": {\n        \"ay\": 2015,\n        \"assign\": [\n          \"$(8\",\n          \"Gf)%\\\")8\"\n        ],\n        \"match\": \"HP76Z\",\n        \"url\": \"http://9hgciyf-0x.k.c.qogp/y,S%F0%97%B1%87\",\n        \"info\": \"Q<>\",\n        \"isSelectable\": true\n      },\n      \"!f[=!\": {\n        \"ay\": 2003,\n        \"assign\": \"7$);.f!oY%\",\n        \"match\": [\n          {\n            \"and\": [\n              {\n                \"pattern\": \"OKG7T\",\n                \"exclude\": [],\n                \"info\": \"S&r/GL}O\"\n              },\n              \"OIG58*\",\n              {\n                \"and\": [\n                  \"DHGx*K\",\n                  \"MZ567\",\n                  {\n                    \"or\": []\n                  },\n                  {\n                    \"or\": [\n                      \"IGB4\",\n                      \"OLB54x\"\n                    ]\n                  },\n                  \"NRR80\"\n                ]\n              },\n              {\n                \"or\": [\n                  \"UWI2\",\n                  {\n                    \"or\": [\n                      \"DM99*1P\",\n                      {\n                        \"or\": [\n                          \"QG910N\",\n                          {\n                            \"pattern\": \"RSW7Y\",\n                            \"exclude\": [],\n                            \"info\": \"hK\"\n                          },\n                          {\n                            \"pattern\": \"RL*0\",\n                            \"exclude\": [\n                              \"CDZ3\"\n                            ],\n                            \"info\": \"5Gf?$?0TA\"\n                          },\n                          {\n                            \"and\": [\n                              \"EX54\",\n                              \"GBT610I\",\n                              \"EKZ5*19\",\n                              \"GK6x\"\n                            ]\n                          }\n                        ]\n                      },\n                      \"DYA6L\",\n                      {\n                        \"or\": [\n                          \"AYO49P\",\n                          \"UH779xI\",\n                          \"EQVxQ\",\n                          \"DL072H\",\n                          \"LRM4*4E\"\n                        ]\n                      }\n                    ]\n                  }\n                ]\n              },\n              {\n                \"or\": [\n                  \"MY0M\",\n                  \"XS1G\",\n                  \"IRBx437R\",\n                  \"LF*39\"\n                ]\n              }\n            ]\n          },\n          \"WRM94*O\",\n          \"UY34G\",\n          {\n            \"or\": [\n              {\n                \"or\": [\n                  {\n                    \"and\": [\n                      \"YS6D\",\n                      {\n                        \"or\": [\n                          \"MD21x*\",\n                          \"HM*\",\n                          \"SE2B\",\n                          \"GD4904C\",\n                          \"LNX3R\"\n                        ]\n                      },\n                      \"IHU6\"\n                    ]\n                  },\n                  {\n                    \"and\": [\n                      \"ZQ3x3W\",\n                      \"CQ8\",\n                      \"KW87J\",\n                      {\n                        \"and\": [\n                          \"DAC2\",\n                          \"RSE9039B\",\n                          \"PF75R\",\n                          \"SEY769x\",\n                          \"SQ20N\"\n                        ]\n                      }\n                    ]\n                  },\n                  \"AT8349O\",\n                  {\n                    \"and\": [\n                      {\n                        \"and\": [\n                          \"RPF8\",\n                          \"YQ6x1F\",\n                          \"KI*89\"\n                        ]\n                      },\n                      \"KV4\"\n                    ]\n                  }\n                ]\n              },\n              {\n                \"pattern\": \"TV7162\",\n                \"exclude\": \"RC46R\",\n                \"info\": \"MkI%Fm;z\"\n              },\n              \"HY06x\"\n            ]\n          },\n          {\n            \"and\": [\n              {\n                \"and\": [\n                  \"ZB24\"\n                ]\n              },\n              {\n                \"pattern\": \"HFCx41\",\n                \"exclude\": [],\n                \"info\": \"='Se?y\"\n              }\n            ]\n          }\n        ],\n        \"info\": \"i>aNz!U&*\",\n        \"isSelectable\": true,\n        \"vOQ>\": {\n          \"name\": \"\",\n          \"ay\": 1993,\n          \"assign\": \"U e0<}hsV\",\n          \"match\": {\n            \"pattern\": \"CXXx09*F\",\n            \"exclude\": [\n              \"BDU7\"\n            ],\n            \"info\": \"&2(3{\"\n          },\n          \"satisfy\": [\n            {\n              \"or\": [\n                {\n                  \"and\": [\n                    {\n                      \"and\": [\n                        {\n                          \"or\": [\n                            \"\"\n                          ]\n                        },\n                        {\n                          \"and\": [\n                            \"xHo1V`r:o\",\n                            \"eI9O\"\n                          ]\n                        },\n                        \"=A =C`Dr\",\n                        \"YH2Z^S5I\"\n                      ]\n                    },\n                    \"z\",\n                    {\n                      \"and\": [\n                        {\n                          \"mc\": \">=87\"\n                        }\n                      ]\n                    },\n                    \"_mOh'~\",\n                    {\n                      \"and\": [\n                        \"@\",\n                        \"KT\",\n                        \"}.VH{`\",\n                        {\n                          \"and\": []\n                        },\n                        \"\\\\ClC<8L><P\"\n                      ]\n                    }\n                  ]\n                }\n              ]\n            },\n            {\n              \"or\": []\n            },\n            \"+=0!g R\\\"\"\n          ],\n          \"url\": \"http://s.56xljhpot8emaebsknrye5opxgio4wvswiymtrh.mpg5blzb5h4tgz6p9d8z4gm3pv8sou08-yk898rwhlqr8nm8f0pw966vr.am9bt260.ktqvpnnol/9yx%F0%AF%B0%87%F1%9B%A8%ABkY//b@a%F1%B7%A2%AAX/M6xRb%F2%B4%A8%893$Z8\",\n          \"info\": \"W\\\\-\",\n          \"isSelectable\": true\n        }\n      },\n      \"zpD\": {\n        \"name\": \"-9{E&t@\",\n        \"assign\": [\n          \"#A*8Np\",\n          \"%'rJT\\\"\",\n          \"(\",\n          \"$hE2k}g\",\n          \"\"\n        ],\n        \"match\": {\n          \"and\": [\n            \"AGN*K\",\n            {\n              \"pattern\": \"AYT8x0X\",\n              \"exclude\": [],\n              \"info\": \"i9]-\"\n            },\n            {\n              \"and\": [\n                {\n                  \"or\": [\n                    \"LOL5J\",\n                    \"YX6\",\n                    \"BNW5x7\"\n                  ]\n                },\n                \"CX*\",\n                {\n                  \"and\": [\n                    \"KQA8K\"\n                  ]\n                },\n                {\n                  \"pattern\": \"RAJ827\",\n                  \"exclude\": \"PB5\",\n                  \"info\": \"pb3?Es-M\"\n                },\n                \"EL6Y\"\n              ]\n            },\n            {\n              \"and\": [\n                {\n                  \"pattern\": \"SBZ76C\",\n                  \"exclude\": [\n                    \"JC*1X\",\n                    \"XO08x\",\n                    \"JKM004\",\n                    \"FK7478\"\n                  ],\n                  \"info\": \">8\"\n                },\n                \"IK82\"\n              ]\n            }\n          ]\n        },\n        \"satisfy\": [],\n        \"url\": \"http://ospj3z4-7ab-zazri5zcg7auwxyh2ugx62iqe733l9noglb.y5j-bts24-98lz7k.bukp4t6wz363j2ngxzxw1-a3nmj504q.v.ambbvprbb\",\n        \"info\": \"00VoJg_ \",\n        \"isSelectable\": true\n      }\n    }\n  },\n  {\n    \"title\": \"block sample 8\",\n    \"value\": {\n      \"name\": \"agK?R\",\n      \"ay\": 1958,\n      \"assign\": [\n        \"h2+$iy!%{z\",\n        \"H&*Xa\"\n      ],\n      \"satisfy\": {\n        \"or\": []\n      },\n      \"url\": \"http://2.7plwcs0inaa1j0u6edahb6e9a3imcj9qxo-xfi6m7k8rhpzgioe4silu.1a7od3.26jaif4bsfgabmqqagn5dyymeva4cl8.u6zyplr8ufm5q8qlc8jmkd8edvuks4x6r8znz39nsr1jtxfud4ljgp.rod/_Swz/q1!YF%F0%A9%84%94Bb@g/&%F2%BB%81%B7jN~c/i!%F1%87%AA%A5f7M)/lUUQ%F3%9B%AB%BBs4cm$/XyaS)/c3yye8/o$;bAV\",\n      \"info\": \"#\\\"!\",\n      \"isSelectable\": true,\n      \"y$pOvOOOSZ\": {\n        \"name\": \"\",\n        \"ay\": 1999,\n        \"assign\": \"VFRQ<{\",\n        \"match\": [\n          {\n            \"or\": [\n              {\n                \"pattern\": \"NI5*9\",\n                \"exclude\": [\n                  \"YUX33L\",\n                  \"OX063N\",\n                  \"FTK013x\",\n                  \"ENC973L\",\n                  \"FKV*\"\n                ]\n              }\n            ]\n          },\n          {\n            \"and\": [\n              {\n                \"and\": [\n                  {\n                    \"and\": [\n                      \"HF82\",\n                      \"XN2S\",\n                      \"FJ3\"\n                    ]\n                  }\n                ]\n              },\n              {\n                \"or\": [\n                  {\n                    \"or\": [\n                      {\n                        \"or\": []\n                      },\n                      \"AMG95*\",\n                      \"IIJ3\",\n                      {\n                        \"or\": [\n                          \"BFW*xT\",\n                          \"XWX69*X\"\n                        ]\n                      }\n                    ]\n                  },\n                  \"SD8*55F\",\n                  {\n                    \"or\": [\n                      \"US0B\",\n                      \"DIQ0*C\",\n                      \"CIH4592\",\n                      \"RV3T\",\n                      \"KD830H\"\n                    ]\n                  }\n                ]\n              },\n              {\n                \"or\": [\n                  {\n                    \"or\": [\n                      {\n                        \"pattern\": \"ATRx521U\"\n                      },\n                      {\n                        \"pattern\": \"VEF2\",\n                        \"exclude\": \"XI176\",\n                        \"info\": \"iG9}L%,eO\"\n                      },\n                      \"JRB5\",\n                      \"XC744\"\n                    ]\n                  },\n                  {\n                    \"or\": [\n                      \"FG0*8\",\n                      \"DRQ8\",\n                      {\n                        \"pattern\": \"TFL691\",\n                        \"exclude\": \"NEN04x3\",\n                        \"info\": \"J\"\n                      },\n                      \"WI3*xI\",\n                      \"MP029\"\n                    ]\n                  },\n                  {\n                    \"pattern\": \"UR1558S\",\n                    \"exclude\": \"HG*1M\"\n                  },\n                  {\n                    \"or\": []\n                  },\n                  {\n                    \"pattern\": \"JJM*577R\",\n                    \"exclude\": \"KQC91x\",\n                    \"info\": \"F+knY C4C\"\n                  }\n                ]\n              },\n              \"KG4\",\n              {\n                \"pattern\": \"FM1\",\n                \"exclude\": [\n                  \"EX4*96\",\n                  \"DB86C\",\n                  \"WB75P\",\n                  \"ZNJ30B\",\n                  \"IGx83H\"\n                ],\n                \"info\": \"1P[EwIe\\\\aN\"\n              }\n            ]\n          },\n          {\n            \"pattern\": \"EON5\",\n            \"exclude\": [],\n            \"info\": \"(ka7K\"\n          }\n        ],\n        \"satisfy\": {\n          \"and\": [\n            {\n              \"and\": [\n                {\n                  \"mc\": \">=78\"\n                },\n                \"eleom}p\"\n              ]\n            },\n            \"#:dc7O#Jn5\",\n            {\n              \"or\": [\n                \"\",\n                {\n                  \"and\": [\n                    \"%D|\"\n                  ]\n                },\n                {\n                  \"mc\": \">=137\"\n                },\n                {\n                  \"mc\": \"<=19\"\n                }\n              ]\n            }\n          ]\n        },\n        \"url\": \"http://hecwfutgwla1qbhi-ft4qb3snlf.6hprt5jmz6zg28xwza46gi82uw25mmluo.dcbeetx/nZ&T%F1%AA%BD%98@CK\",\n        \"info\": \";OvS3rslH6\",\n        \"j]m*lEmtgF\": {\n          \"name\": \"Et)T;\",\n          \"ay\": 2018,\n          \"assign\": [\n            \")l1)h\",\n            \"\\\"\"\n          ],\n          \"match\": {\n            \"or\": [\n              {\n                \"and\": [\n                  \"AX371U\",\n                  \"OPY638xW\",\n                  {\n                    \"or\": [\n                      {\n                        \"pattern\": \"NHJ0xM\",\n                        \"exclude\": \"DBJ5x02Y\",\n                        \"info\": \">E\"\n                      },\n                      \"ZDG5V\",\n                      {\n                        \"or\": [\n                          \"MK4B\",\n                          \"LCB607\"\n                        ]\n                      },\n                      \"SK58O\"\n                    ]\n                  }\n                ]\n              }\n            ]\n          },\n          \"satisfy\": [\n            \"_&v!:'/Q$\",\n            {\n              \"or\": [\n                {\n                  \"or\": [\n                    \"K'?\",\n                    \"<2)HS<C<\",\n                    {\n                      \"and\": [\n                        \"u7lG>~\"\n                      ]\n                    },\n                    \"t#2j\",\n                    {\n                      \"and\": [\n                        {\n                          \"or\": [\n                            {\n                              \"or\": [\n                                \"H/X)]:i\",\n                                \"_D\",\n                                \"I=$]TW?*rr\",\n                                \"F}\"\n                              ]\n                            },\n                            \"NG\",\n                            \"\",\n                            \"4Mw^G\",\n                            \"CLte<\"\n                          ]\n                        },\n                        \"wbPH\\\\4M&\"\n                      ]\n                    }\n                  ]\n                },\n                {\n                  \"and\": [\n                    \"\",\n                    \"7{W=5/l\",\n                    {\n                      \"or\": [\n                        \"\",\n                        \"fOlfy\"\n                      ]\n                    }\n                  ]\n                },\n                {\n                  \"and\": []\n                },\n                {\n                  \"mc\": \"<=148\"\n                },\n                {\n                  \"and\": [\n                    {\n                      \"mc\": \">=118\"\n                    }\n                  ]\n                }\n              ]\n            },\n            {\n              \"and\": []\n            }\n          ],\n          \"url\": \"http://hkfc8j647vek6.fzkdh91c.or/0cYG0ZSoI/5bf\",\n          \"isSelectable\": true\n        },\n        \"zO(\\\"Ld9\": {\n          \"ay\": 2023,\n          \"assign\": \"nGp&7\",\n          \"url\": \"https://tcfw24nj1phc8ns99hekcw77ej3b2z2f959fdmghcd.ingg/z%F2%8E%9E%B6%F1%B6%BC%963C/fsRb~s%F3%88%B7%ABKi/@s=rq*Fqh%F3%96%A0%B2/Rh%F3%A7%B5%A6_*%F0%A7%8E%8B0vS\",\n          \"info\": \"3X\",\n          \"isSelectable\": true\n        }\n      },\n      \":Z=nF/K<:n\": {\n        \"assign\": \"7TH1\",\n        \"match\": {\n          \"pattern\": \"UOL5Z\",\n          \"exclude\": \"MN83\"\n        },\n        \"satisfy\": [\n          {\n            \"mc\": \">=123\"\n          },\n          {\n            \"or\": [\n              {\n                \"mc\": \"<=145\"\n              },\n              {\n                \"mc\": \"<=42\"\n              }\n            ]\n          },\n          {\n            \"mc\": \">=126\"\n          },\n          {\n            \"or\": [\n              {\n                \"or\": [\n                  \" /9c@q!H_\",\n                  \"+*\",\n                  {\n                    \"and\": [\n                      {\n                        \"or\": [\n                          \".*aw#\",\n                          \"q\",\n                          \"T?1#b_F!d\",\n                          \"6y.:\"\n                        ]\n                      },\n                      \"sV+c_\",\n                      \"U[Ilu\",\n                      \"pq]^c:\",\n                      \"\"\n                    ]\n                  },\n                  \"#.Bb\",\n                  {\n                    \"mc\": \"<=141\"\n                  }\n                ]\n              }\n            ]\n          }\n        ],\n        \"url\": \"http://cvrbwrsmso8aknqynzea18rc1ole90s5h4.md5jdq7uy7r7.1ank5ceivuigis-7-yrqfpxwwysa9vt9v-zpcyr.knahz70550j2h8xf3s4ofw9xufi44r6f7ol8ubyfmqrc-qg.uevnuj/_YS%F0%9F%A4%A0oG@/qpZC/T87,bUs\",\n        \"info\": \"j7uY\\\"R;_\",\n        \"isSelectable\": true\n      }\n    }\n  },\n  {\n    \"title\": \"block sample 9\",\n    \"value\": {\n      \"name\": \"`S-}\",\n      \"ay\": 1950,\n      \"match\": {\n        \"and\": []\n      },\n      \"satisfy\": [],\n      \"url\": \"http://ue98bpcm7gu4.vhexdfgxmh/q_e%F0%A6%BE%AAtnnNp/c-2qPbd/%F3%91%BF%A2'lb-adny/vigJok&SO/(q/'~a/e8e%EA%B7%A3)r2/*qDs/b1\",\n      \"isSelectable\": true\n    }\n  }\n]",
              "code": "fast_check_1.sample(index_test_2.block, 10).forEach((sample, i) => addContext_1.default(this, {\n    title: `block sample ${i}`,\n    value: sample,\n}));\nreturn fast_check_1.assert(fast_check_1.property(index_test_2.block, ajvValidate));",
              "err": {},
              "uuid": "22cd1bee-aebb-40c9-aed9-ef556e55ea1f",
              "parentUUID": "f5009493-7a86-4319-b745-7fd764be3e33",
              "isHook": false,
              "skipped": false
            },
            {
              "title": "should not validate non-object",
              "fullTitle": "blockSchema should not validate non-object",
              "timedOut": false,
              "duration": 2,
              "state": "passed",
              "speed": "fast",
              "pass": true,
              "fail": false,
              "pending": false,
              "context": null,
              "code": "const error = {\n    instancePath: \"\",\n    message: \"block should be an object\",\n};\nisInvalidBlock(null, error);\nisInvalidBlock(undefined, error);\nisInvalidBlock(10, error);\nisInvalidBlock([12, 24], error);\nisInvalidBlock(\"abc\", error);",
              "err": {},
              "uuid": "c42c797a-8810-4184-8727-44693adaa359",
              "parentUUID": "f5009493-7a86-4319-b745-7fd764be3e33",
              "isHook": false,
              "skipped": false
            },
            {
              "title": "should not validate block with invalid properties",
              "fullTitle": "blockSchema should not validate block with invalid properties",
              "timedOut": false,
              "duration": 0,
              "state": "passed",
              "speed": "fast",
              "pass": true,
              "fail": false,
              "pending": false,
              "context": null,
              "code": "isInvalidBlock({\n        name: { foo: \"bar\" },\n        ay: -1000,\n        assign: {},\n        match: 1,\n        satisfy: 2,\n        url: { abc: \"def\" },\n        info: 42,\n        isSelectable: 32,\n    }, { instancePath: \"/name\", message: \"property 'name' should be a string\" }, {\n        instancePath: \"/ay\",\n        message: \"property 'ay' should be a positive integer\",\n    }, {\n        instancePath: \"/assign\",\n        message: \"property 'assign' should be either a block ID or an array of block IDs\",\n    }, {\n        instancePath: \"/match\",\n        message: \"property 'match' should be either a match rule or an array of match rules\",\n    }, {\n        instancePath: \"/satisfy\",\n        message: \"property 'satisfy' should be either a satisfy rule or an array of satisfy rules\",\n    }, { instancePath: \"/url\", message: \"property 'url' should be a string\" }, { instancePath: \"/info\", message: \"property 'info' should be a string\" }, {\n        instancePath: \"/isSelectable\",\n        message: \"property 'isSelectable' should be a boolean\",\n    })",
              "err": {},
              "uuid": "25d624be-c896-478c-aa1a-dff05e4c8c84",
              "parentUUID": "f5009493-7a86-4319-b745-7fd764be3e33",
              "isHook": false,
              "skipped": false
            }
          ],
          "suites": [],
          "passes": [
            "22cd1bee-aebb-40c9-aed9-ef556e55ea1f",
            "c42c797a-8810-4184-8727-44693adaa359",
            "25d624be-c896-478c-aa1a-dff05e4c8c84"
          ],
          "failures": [],
          "pending": [],
          "skipped": [],
          "duration": 155,
          "root": false,
          "rootEmpty": false,
          "_timeout": 2000
        },
        {
          "uuid": "8aac67be-bfa2-42d6-93e0-af5a9bbc5040",
          "title": "patternToRE",
          "fullFile": "/home/runner/work/planwithus-lib/planwithus-lib/src/matchRule/pattern/satisfiers.test.ts",
          "file": "/src/matchRule/pattern/satisfiers.test.ts",
          "beforeHooks": [],
          "afterHooks": [],
          "tests": [
            {
              "title": "should match valid modules with a single pattern",
              "fullTitle": "patternToRE should match valid modules with a single pattern",
              "timedOut": false,
              "duration": 13,
              "state": "passed",
              "speed": "fast",
              "pass": true,
              "fail": false,
              "pending": false,
              "context": "[\n  {\n    \"title\": \"patternExampleList sample 0\",\n    \"value\": [\n      \"QL361\",\n      [\n        \"QL361\"\n      ]\n    ]\n  },\n  {\n    \"title\": \"patternExampleList sample 1\",\n    \"value\": [\n      \"YSE*7\",\n      [\n        \"YSEVIF8B7\",\n        \"YSE7\",\n        \"YSES477\",\n        \"YSEH7\",\n        \"YSEYW4UL137\",\n        \"YSEG7\",\n        \"YSESK42B7\",\n        \"YSETGT12H7\",\n        \"YSE77\",\n        \"YSECXXFH57\"\n      ]\n    ]\n  },\n  {\n    \"title\": \"patternExampleList sample 2\",\n    \"value\": [\n      \"MHN8\",\n      [\n        \"MHN8\"\n      ]\n    ]\n  },\n  {\n    \"title\": \"patternExampleList sample 3\",\n    \"value\": [\n      \"RL8230K\",\n      [\n        \"RL8230K\"\n      ]\n    ]\n  },\n  {\n    \"title\": \"patternExampleList sample 4\",\n    \"value\": [\n      \"RV02\",\n      [\n        \"RV02\"\n      ]\n    ]\n  },\n  {\n    \"title\": \"patternExampleList sample 5\",\n    \"value\": [\n      \"KJ833\",\n      [\n        \"KJ833\"\n      ]\n    ]\n  },\n  {\n    \"title\": \"patternExampleList sample 6\",\n    \"value\": [\n      \"TH8\",\n      [\n        \"TH8\"\n      ]\n    ]\n  },\n  {\n    \"title\": \"patternExampleList sample 7\",\n    \"value\": [\n      \"DZ888X\",\n      [\n        \"DZ888X\"\n      ]\n    ]\n  },\n  {\n    \"title\": \"patternExampleList sample 8\",\n    \"value\": [\n      \"GAx42F\",\n      [\n        \"GA942F\",\n        \"GA842F\",\n        \"GA342F\",\n        \"GA242F\",\n        \"GA542F\",\n        \"GA442F\",\n        \"GA042F\",\n        \"GA142F\",\n        \"GA742F\"\n      ]\n    ]\n  },\n  {\n    \"title\": \"patternExampleList sample 9\",\n    \"value\": [\n      \"IZX23C\",\n      [\n        \"IZX23C\"\n      ]\n    ]\n  }\n]",
              "code": "fast_check_1.sample(index_test_1.patternExampleList, 10).forEach((sample, i) => addContext_1.default(this, {\n    title: `patternExampleList sample ${i}`,\n    value: sample,\n}));\nreturn fast_check_1.assert(fast_check_1.property(index_test_1.patternExampleList, ([patternStr, examples]) => {\n    const re = _1.patternToRE(patternStr);\n    return examples.every(re.test.bind(re));\n}));",
              "err": {},
              "uuid": "57295776-13c0-4f79-8e0a-41fa1de1d17d",
              "parentUUID": "8aac67be-bfa2-42d6-93e0-af5a9bbc5040",
              "isHook": false,
              "skipped": false
            },
            {
              "title": "should match valid modules with multiple patterns",
              "fullTitle": "patternToRE should match valid modules with multiple patterns",
              "timedOut": false,
              "duration": 52,
              "state": "passed",
              "speed": "medium",
              "pass": true,
              "fail": false,
              "pending": false,
[...]
              "err": {},
              "uuid": "e0f9352f-cd4f-4e15-9f95-4fff2a16f016",
              "parentUUID": "5dcd386e-91bb-4da9-90bd-366080eb7cec",
              "isHook": false,
              "skipped": false
            },
            {
              "title": "should preserve list of modules with upper bound of MCs if total MC count is lower",
              "fullTitle": "inequalitySatisfier should preserve list of modules with upper bound of MCs if total MC count is lower",
              "timedOut": false,
              "duration": 0,
              "state": "passed",
              "speed": "fast",
              "pass": true,
              "fail": false,
              "pending": false,
              "context": null,
              "code": "const satisfier = satisfiers_1.inequalitySatisfier(ref, \"<=32\");\nsatisfier.should.have.property(\"filter\");\nconst { filter } = satisfier;\nisCorrectFilter(filter, modulesList1, modulesList1.map(([moduleStr]) => moduleStr));",
              "err": {},
              "uuid": "177b18ae-c138-4e5a-b3c8-4d42baced5ed",
              "parentUUID": "5dcd386e-91bb-4da9-90bd-366080eb7cec",
              "isHook": false,
              "skipped": false
            },
            {
              "title": "should truncate list of modules with upper bound of MCs at exact cutoff if total MC count is higher and there exists some starting sequence with exact MC count",
              "fullTitle": "inequalitySatisfier should truncate list of modules with upper bound of MCs at exact cutoff if total MC count is higher and there exists some starting sequence with exact MC count",
              "timedOut": false,
              "duration": 0,
              "state": "passed",
              "speed": "fast",
              "pass": true,
              "fail": false,
              "pending": false,
              "context": null,
              "code": "const satisfier = satisfiers_1.inequalitySatisfier(ref, \"<=16\");\nsatisfier.should.have.property(\"filter\");\nconst { filter } = satisfier;\nisCorrectFilter(filter, modulesList1, [\n    \"CS2100\",\n    \"GER1000\",\n    \"CS2040S\",\n    \"ST2131\",\n]);",
              "err": {},
              "uuid": "ae463c62-a809-4ddf-af38-75d88659206b",
              "parentUUID": "5dcd386e-91bb-4da9-90bd-366080eb7cec",
              "isHook": false,
              "skipped": false
            },
            {
              "title": "should truncate list of modules with upper bound of MCs, cutting off at the minimum starting sequence that exceeds upper bound, if total MC count is higher and there exists no starting sequence with exact MC count",
              "fullTitle": "inequalitySatisfier should truncate list of modules with upper bound of MCs, cutting off at the minimum starting sequence that exceeds upper bound, if total MC count is higher and there exists no starting sequence with exact MC count",
              "timedOut": false,
              "duration": 0,
              "state": "passed",
              "speed": "fast",
              "pass": true,
              "fail": false,
              "pending": false,
              "context": null,
              "code": "const satisfier = satisfiers_1.inequalitySatisfier(ref, \"<=17\");\nsatisfier.should.have.property(\"filter\");\nconst { filter } = satisfier;\nisCorrectFilter(filter, modulesList1, [\n    \"CS2100\",\n    \"GER1000\",\n    \"CS2040S\",\n    \"ST2131\",\n    \"MA1521\",\n]);",
              "err": {},
              "uuid": "59a3e579-d12d-40aa-9e2c-679a57889933",
              "parentUUID": "5dcd386e-91bb-4da9-90bd-366080eb7cec",
              "isHook": false,
              "skipped": false
            }
          ],
          "suites": [],
          "passes": [
            "e93ecf79-2551-4d2b-a792-9c45ba9040f0",
            "2d0073af-91e1-47e7-be69-1b0cb3dd78c3",
            "d21b96b0-3914-4a0a-80d4-dcaecf962eb5",
            "e0f9352f-cd4f-4e15-9f95-4fff2a16f016",
            "177b18ae-c138-4e5a-b3c8-4d42baced5ed",
            "ae463c62-a809-4ddf-af38-75d88659206b",
            "59a3e579-d12d-40aa-9e2c-679a57889933"
          ],
          "failures": [],
          "pending": [],
          "skipped": [],
          "duration": 1,
          "root": false,
          "rootEmpty": false,
          "_timeout": 2000
        },
        {
          "uuid": "13c279a9-b714-4d67-9d4f-25879e1939ef",
          "title": "inequalitySchema",
          "fullFile": "/home/runner/work/planwithus-lib/planwithus-lib/src/satisfyRule/inequality/schemas.test.ts",
          "file": "/src/satisfyRule/inequality/schemas.test.ts",
          "beforeHooks": [],
          "afterHooks": [],
          "tests": [
            {
              "title": "should validate inequality in the form <=n or >=n",
              "fullTitle": "inequalitySchema should validate inequality in the form <=n or >=n",
              "timedOut": false,
              "duration": 1,
              "state": "passed",
              "speed": "fast",
              "pass": true,
              "fail": false,
              "pending": false,
              "context": "[\n  {\n    \"title\": \"inequality sample 0\",\n    \"value\": \">=15\"\n  },\n  {\n    \"title\": \"inequality sample 1\",\n    \"value\": \"<=57\"\n  },\n  {\n    \"title\": \"inequality sample 2\",\n    \"value\": \"<=120\"\n  },\n  {\n    \"title\": \"inequality sample 3\",\n    \"value\": \"<=198\"\n  },\n  {\n    \"title\": \"inequality sample 4\",\n    \"value\": \"<=50\"\n  },\n  {\n    \"title\": \"inequality sample 5\",\n    \"value\": \">=1\"\n  },\n  {\n    \"title\": \"inequality sample 6\",\n    \"value\": \"<=109\"\n  },\n  {\n    \"title\": \"inequality sample 7\",\n    \"value\": \"<=155\"\n  },\n  {\n    \"title\": \"inequality sample 8\",\n    \"value\": \"<=198\"\n  },\n  {\n    \"title\": \"inequality sample 9\",\n    \"value\": \"<=183\"\n  }\n]",
              "code": "fast_check_1.sample(index_test_2.inequality, 10).forEach((sample, i) => addContext_1.default(this, {\n    title: `inequality sample ${i}`,\n    value: sample,\n}));\nreturn fast_check_1.assert(fast_check_1.property(index_test_2.inequality, ajvValidate));",
              "err": {},
              "uuid": "75c752f0-78f2-4b8d-8f10-9bf82a72fb8d",
              "parentUUID": "13c279a9-b714-4d67-9d4f-25879e1939ef",
              "isHook": false,
              "skipped": false
            },
            {
              "title": "should not validate inequality of invalid form",
              "fullTitle": "inequalitySchema should not validate inequality of invalid form",
              "timedOut": false,
              "duration": 1,
              "state": "passed",
              "speed": "fast",
              "pass": true,
              "fail": false,
              "pending": false,
              "context": null,
              "code": "[\n        \"\",\n        \"==23\",\n        \"23\",\n        \"<23\",\n        \">23\",\n        \"<=-1\",\n        \">=-1\",\n        \"<= 2\",\n        \">= 1\",\n        \"> 3\",\n        \"< 3\",\n        \"<=3a\",\n        \">=3a\",\n        \"a<=3\",\n        \"a>=3\",\n    ].forEach(isInvalidInequality)",
              "err": {},
              "uuid": "b84c6ab0-2842-4733-a408-b4553372a88b",
              "parentUUID": "13c279a9-b714-4d67-9d4f-25879e1939ef",
              "isHook": false,
              "skipped": false
            }
          ],
          "suites": [],
          "passes": [
            "75c752f0-78f2-4b8d-8f10-9bf82a72fb8d",
            "b84c6ab0-2842-4733-a408-b4553372a88b"
          ],
          "failures": [],
          "pending": [],
          "skipped": [],
          "duration": 2,
          "root": false,
          "rootEmpty": false,
          "_timeout": 2000
        },
        {
          "uuid": "42405017-110f-49eb-9165-334f07f3d83d",
          "title": "satisfyRuleSchema",
          "fullFile": "/home/runner/work/planwithus-lib/planwithus-lib/src/satisfyRule/schemas.test.ts",
          "file": "/src/satisfyRule/schemas.test.ts",
          "beforeHooks": [],
          "afterHooks": [],
          "tests": [
            {
              "title": "should validate satisfy rule with valid block id",
              "fullTitle": "satisfyRuleSchema should validate satisfy rule with valid block id",
              "timedOut": false,
              "duration": 1,
              "state": "passed",
              "speed": "fast",
              "pass": true,
              "fail": false,
              "pending": false,
              "context": null,
              "code": "fast_check_1.assert(fast_check_1.property(fast_check_1.string(), ajvValidate)",
              "err": {},
              "uuid": "420a0604-e6b8-457b-8ebc-77da88162b01",
              "parentUUID": "42405017-110f-49eb-9165-334f07f3d83d",
              "isHook": false,
              "skipped": false
            },
            {
              "title": "should validate satisfy rules with valid mc",
              "fullTitle": "satisfyRuleSchema should validate satisfy rules with valid mc",
              "timedOut": false,
              "duration": 2,
              "state": "passed",
              "speed": "fast",
              "pass": true,
              "fail": false,
              "pending": false,
              "context": "[\n  {\n    \"title\": \"mcSatisfyRule sample 0\",\n    \"value\": {\n      \"mc\": \">=144\"\n    }\n  },\n  {\n    \"title\": \"mcSatisfyRule sample 1\",\n    \"value\": {\n      \"mc\": \"<=192\"\n    }\n  },\n  {\n    \"title\": \"mcSatisfyRule sample 2\",\n    \"value\": {\n      \"mc\": \">=199\"\n    }\n  },\n  {\n    \"title\": \"mcSatisfyRule sample 3\",\n    \"value\": {\n      \"mc\": \">=2\"\n    }\n  },\n  {\n    \"title\": \"mcSatisfyRule sample 4\",\n    \"value\": {\n      \"mc\": \">=128\"\n    }\n  },\n  {\n    \"title\": \"mcSatisfyRule sample 5\",\n    \"value\": {\n      \"mc\": \">=73\"\n    }\n  },\n  {\n    \"title\": \"mcSatisfyRule sample 6\",\n    \"value\": {\n      \"mc\": \"<=1\"\n    }\n  },\n  {\n    \"title\": \"mcSatisfyRule sample 7\",\n    \"value\": {\n      \"mc\": \">=96\"\n    }\n  },\n  {\n    \"title\": \"mcSatisfyRule sample 8\",\n    \"value\": {\n      \"mc\": \">=8\"\n    }\n  },\n  {\n    \"title\": \"mcSatisfyRule sample 9\",\n    \"value\": {\n      \"mc\": \">=5\"\n    }\n  }\n]",
              "code": "fast_check_1.sample(index_test_2.mcSatisfyRule, 10).forEach((sample, i) => addContext_1.default(this, {\n    title: `mcSatisfyRule sample ${i}`,\n    value: sample,\n}));\nreturn fast_check_1.assert(fast_check_1.property(index_test_2.mcSatisfyRule, ajvValidate));",
              "err": {},
              "uuid": "2168921f-4afa-4b62-8eed-25b859b0b9c8",
              "parentUUID": "42405017-110f-49eb-9165-334f07f3d83d",
              "isHook": false,
              "skipped": false
            },
            {
              "title": "should validate valid recursive satisfy rules",
              "fullTitle": "satisfyRuleSchema should validate valid recursive satisfy rules",
              "timedOut": false,
              "duration": 3,
              "state": "passed",
              "speed": "fast",
              "pass": true,
              "fail": false,
              "pending": false,
              "context": "[\n  {\n    \"title\": \"satisfyRule sample 0\",\n    \"value\": \"$\\\"]n ?xx\"\n  },\n  {\n    \"title\": \"satisfyRule sample 1\",\n    \"value\": {\n      \"and\": [\n        {\n          \"or\": []\n        },\n        {\n          \"mc\": \"<=1\"\n        },\n        {\n          \"mc\": \"<=20\"\n        },\n        {\n          \"and\": [\n            {\n              \"mc\": \">=193\"\n            }\n          ]\n        },\n        {\n          \"mc\": \">=8\"\n        }\n      ]\n    }\n  },\n  {\n    \"title\": \"satisfyRule sample 2\",\n    \"value\": {\n      \"mc\": \">=3\"\n    }\n  },\n  {\n    \"title\": \"satisfyRule sample 3\",\n    \"value\": {\n      \"and\": [\n        {\n          \"and\": []\n        },\n        {\n          \"and\": []\n        },\n        {\n          \"or\": [\n            \"u!\",\n            \"\",\n            \"yY)'Z\"\n          ]\n        }\n      ]\n    }\n  },\n  {\n    \"title\": \"satisfyRule sample 4\",\n    \"value\": {\n      \"mc\": \">=193\"\n    }\n  },\n  {\n    \"title\": \"satisfyRule sample 5\",\n    \"value\": {\n      \"and\": [\n        \"yfr+C\"\n      ]\n    }\n  },\n  {\n    \"title\": \"satisfyRule sample 6\",\n    \"value\": {\n      \"or\": [\n        \"\"\n      ]\n    }\n  },\n  {\n    \"title\": \"satisfyRule sample 7\",\n    \"value\": {\n      \"and\": [\n        {\n          \"and\": [\n            \"dwyrZv:Y1\",\n            \"n\"\n          ]\n        },\n        {\n          \"mc\": \"<=129\"\n        },\n        {\n          \"and\": []\n        },\n        \"oxFt\"\n      ]\n    }\n  },\n  {\n    \"title\": \"satisfyRule sample 8\",\n    \"value\": {\n      \"mc\": \"<=2\"\n    }\n  },\n  {\n    \"title\": \"satisfyRule sample 9\",\n    \"value\": \"!{mtTP32\\\"\"\n  }\n]",
              "code": "fast_check_1.sample(index_test_2.satisfyRule, 10).forEach((sample, i) => addContext_1.default(this, {\n    title: `satisfyRule sample ${i}`,\n    value: sample,\n}));\nreturn fast_check_1.assert(fast_check_1.property(index_test_2.satisfyRule, ajvValidate));",
              "err": {},
              "uuid": "4355cb0e-3878-4c32-8806-f8f4fd639dd1",
              "parentUUID": "42405017-110f-49eb-9165-334f07f3d83d",
              "isHook": false,
              "skipped": false
            },
            {
              "title": "should not validate non-string/object",
              "fullTitle": "satisfyRuleSchema should not validate non-string/object",
              "timedOut": false,
              "duration": 0,
              "state": "passed",
              "speed": "fast",
              "pass": true,
              "fail": false,
              "pending": false,
              "context": null,
              "code": "const error = {\n    instancePath: \"\",\n    message: \"satisfy rule should be either a string or an object\",\n};\nisInvalidRule(null, error);\nisInvalidRule(undefined, error);\nisInvalidRule(10, error);\nisInvalidRule([12, 24], error);",
              "err": {},
              "uuid": "38d7b4e7-3af5-41b5-9a51-2a9f6f941c99",
              "parentUUID": "42405017-110f-49eb-9165-334f07f3d83d",
              "isHook": false,
              "skipped": false
            },
            {
              "title": "should not validate satisfy rules with extra properties",
              "fullTitle": "satisfyRuleSchema should not validate satisfy rules with extra properties",
              "timedOut": false,
              "duration": 0,
              "state": "passed",
              "speed": "fast",
              "pass": true,
              "fail": false,
              "pending": false,
              "context": null,
              "code": "isInvalidRule({\n        and: [\n            { or: [\"2k\"], abc: \"def\" },\n            { mc: 8, ghi: \"jkl\" },\n        ],\n        mno: \"pqr\",\n    }, {\n        instancePath: \"/and/0\",\n        message: \"or satisfy rule should have property 'or' only\",\n    }, {\n        instancePath: \"/and/1\",\n        message: \"MC satisfy rule should have property 'mc' only\",\n    }, {\n        instancePath: \"\",\n        message: \"and satisfy rule should have property 'and' only\",\n    })",
              "err": {},
              "uuid": "1f18828c-aa36-4c50-afe6-ef4388915573",
              "parentUUID": "42405017-110f-49eb-9165-334f07f3d83d",
              "isHook": false,
              "skipped": false
            },
            {
              "title": "should not validate ambiguous satisfy rules",
              "fullTitle": "satisfyRuleSchema should not validate ambiguous satisfy rules",
              "timedOut": false,
              "duration": 1,
              "state": "passed",
              "speed": "fast",
              "pass": true,
              "fail": false,
              "pending": false,
              "context": null,
              "code": "const message = \"satisfy rule should have only one of properties 'mc', 'and', 'or'\";\nisInvalidRule({\n    or: [\n        { mc: 5, and: [\"CS2040\"] },\n        { and: [{ and: [\"abc\"], or: [\"def\"] }] },\n    ],\n}, { instancePath: \"/or/0\", message }, { instancePath: \"/or/1/and/0\", message });",
              "err": {},
              "uuid": "a7e7325c-3725-45be-a9f5-f7cba5e952d1",
              "parentUUID": "42405017-110f-49eb-9165-334f07f3d83d",
              "isHook": false,
              "skipped": false
            },
            {
              "title": "should not validate and satisfy rules with non-array property",
              "fullTitle": "satisfyRuleSchema should not validate and satisfy rules with non-array property",
              "timedOut": false,
              "duration": 0,
              "state": "passed",
              "speed": "fast",
              "pass": true,
              "fail": false,
              "pending": false,
              "context": null,
              "code": "const message = \"property 'and' should be an array of satisfy rules\";\nisInvalidRule({ or: [{ and: {} }, { or: [{ and: 3 }] }] }, { instancePath: \"/or/0/and\", message }, { instancePath: \"/or/1/or/0/and\", message });",
              "err": {},
              "uuid": "d42c0505-6348-4eb0-974f-90df37e206a1",
              "parentUUID": "42405017-110f-49eb-9165-334f07f3d83d",
              "isHook": false,
              "skipped": false
            },
            {
              "title": "should not validate or satisfy rules with non-array property",
              "fullTitle": "satisfyRuleSchema should not validate or satisfy rules with non-array property",
              "timedOut": false,
              "duration": 0,
              "state": "passed",
              "speed": "fast",
              "pass": true,
              "fail": false,
              "pending": false,
              "context": null,
              "code": "const message = \"property 'or' should be an array of satisfy rules\";\nisInvalidRule({ and: [{ or: {} }, { and: [{ or: 3 }] }] }, { instancePath: \"/and/0/or\", message }, { instancePath: \"/and/1/and/0/or\", message });",
              "err": {},
              "uuid": "aa9030ff-d632-4e64-b873-36daf2e7661e",
              "parentUUID": "42405017-110f-49eb-9165-334f07f3d83d",
              "isHook": false,
              "skipped": false
            }
          ],
          "suites": [],
          "passes": [
            "420a0604-e6b8-457b-8ebc-77da88162b01",
            "2168921f-4afa-4b62-8eed-25b859b0b9c8",
            "4355cb0e-3878-4c32-8806-f8f4fd639dd1",
            "38d7b4e7-3af5-41b5-9a51-2a9f6f941c99",
            "1f18828c-aa36-4c50-afe6-ef4388915573",
            "a7e7325c-3725-45be-a9f5-f7cba5e952d1",
            "d42c0505-6348-4eb0-974f-90df37e206a1",
            "aa9030ff-d632-4e64-b873-36daf2e7661e"
          ],
          "failures": [],
          "pending": [],
          "skipped": [],
          "duration": 7,
          "root": false,
          "rootEmpty": false,
          "_timeout": 2000
        }
      ],
      "passes": [],
      "failures": [],
      "pending": [],
      "skipped": [],
      "duration": 0,
      "root": true,
      "rootEmpty": true,
      "_timeout": 2000
    }
  ],
  "meta": {
    "mocha": {
      "version": "9.1.1"
    },
    "mochawesome": {
      "options": {
        "quiet": false,
        "reportFilename": "mochawesome",
        "saveHtml": true,
        "saveJson": true,
        "consoleReporter": "spec",
        "useInlineDiffs": false,
        "code": true
      },
      "version": "6.2.2"
    },
    "marge": {
      "options": {
        "reportDir": "docs"
      },
      "version": "5.2.0"
    }
  }
}