{
  "stats": {
    "suites": 10,
    "tests": 48,
    "passes": 48,
    "pending": 0,
    "failures": 0,
    "start": "2022-01-18T05:47:01.926Z",
    "end": "2022-01-18T05:47:02.237Z",
    "duration": 311,
    "testsRegistered": 48,
    "passPercent": 100,
    "pendingPercent": 0,
    "other": 0,
    "hasOther": false,
    "skipped": 0,
    "hasSkipped": false
  },
  "results": [
    {
      "uuid": "8345b67b-deec-477b-8a92-0e8401d6a373",
      "title": "",
      "fullFile": "",
      "file": "",
      "beforeHooks": [],
      "afterHooks": [],
      "tests": [],
      "suites": [
        {
          "uuid": "829d1063-a4ce-4360-9c03-d191b80e8645",
          "title": "initDirectories",
          "fullFile": "/home/runner/work/planwithus-lib/planwithus-lib/src/block/schemas.test.ts",
          "file": "/src/block/schemas.test.ts",
          "beforeHooks": [],
          "afterHooks": [],
          "tests": [
            {
              "title": "should parse all blocks with no errors",
              "fullTitle": "initDirectories should parse all blocks with no errors",
              "timedOut": false,
              "duration": 5,
              "state": "passed",
              "speed": "fast",
              "pass": true,
              "fail": false,
              "pending": false,
              "context": null,
              "code": "_1.initDirectories.should.not.throw()",
              "err": {},
              "uuid": "eda08b1d-9081-435e-b3a4-0bd6fe939ae2",
              "parentUUID": "829d1063-a4ce-4360-9c03-d191b80e8645",
              "isHook": false,
              "skipped": false
            },
            {
              "title": "should produce primary, second & minor directories",
              "fullTitle": "initDirectories should produce primary, second & minor directories",
              "timedOut": false,
              "duration": 3,
              "state": "passed",
              "speed": "fast",
              "pass": true,
              "fail": false,
              "pending": false,
              "context": null,
              "code": "const directories = (0, _1.initDirectories)();\ndirectories.should.have.property(\"primary\");\ndirectories.should.have.property(\"second\");\ndirectories.should.have.property(\"minor\");",
              "err": {},
              "uuid": "865ff413-7d9c-4190-8b5b-46c03b80668d",
              "parentUUID": "829d1063-a4ce-4360-9c03-d191b80e8645",
              "isHook": false,
              "skipped": false
            }
          ],
          "suites": [],
          "passes": [
            "eda08b1d-9081-435e-b3a4-0bd6fe939ae2",
            "865ff413-7d9c-4190-8b5b-46c03b80668d"
          ],
          "failures": [],
          "pending": [],
          "skipped": [],
          "duration": 8,
          "root": false,
          "rootEmpty": false,
          "_timeout": 2000
        },
        {
          "uuid": "b25c9cfa-7dd2-4dda-b51d-fbb65ebd8b05",
          "title": "blockSchema",
          "fullFile": "/home/runner/work/planwithus-lib/planwithus-lib/src/block/schemas.test.ts",
          "file": "/src/block/schemas.test.ts",
          "beforeHooks": [],
          "afterHooks": [],
          "tests": [
            {
              "title": "should validate valid block",
              "fullTitle": "blockSchema should validate valid block",
              "timedOut": false,
              "duration": 157,
              "state": "passed",
              "speed": "slow",
              "pass": true,
              "fail": false,
              "pending": false,
              "context": "[\n  {\n    \"title\": \"block sample 0\",\n    \"value\": {\n      \"name\": \"{a{yZq\",\n      \"ay\": 2030,\n      \"assign\": \"vG&mM\",\n      \"match\": {\n        \"pattern\": \"AXI6M\",\n        \"exclude\": [],\n        \"info\": \"`V3*4a \"\n      },\n      \"satisfy\": {\n        \"mc\": \">=133\"\n      },\n      \"url\": \"http://sfqpiubyujxw5gf8izfexrsmpn.ndjntkqso\",\n      \"info\": \"j!j]0o|vE\",\n      \"isSelectable\": true\n    }\n  },\n  {\n    \"title\": \"block sample 1\",\n    \"value\": {\n      \"name\": \"\",\n      \"ay\": 1953,\n      \"match\": [\n        \"QN1313\",\n        \"UM3621S\",\n        {\n          \"and\": [\n            {\n              \"or\": [\n                \"VA9x*7D\",\n                {\n                  \"or\": [\n                    \"TA8*2*\",\n                    \"MOL*\",\n                    {\n                      \"or\": [\n                        \"KY2*7N\",\n                        {\n                          \"pattern\": \"GGxL\",\n                          \"exclude\": [\n                            \"CK55x\",\n                            \"YXF*56\",\n                            \"KLY955\",\n                            \"OZ397\",\n                            \"VLJ8*58U\"\n                          ],\n                          \"info\": \"7bdG&s0)z\"\n                        },\n                        \"UIH6x1K\",\n                        {\n                          \"and\": [\n                            {\n                              \"pattern\": \"TB65xJ\",\n                              \"exclude\": \"QNS3*42\",\n                              \"info\": \"sE1R!\"\n                            },\n                            \"SMT73A\"\n                          ]\n                        },\n                        \"RWOxE\"\n                      ]\n                    },\n                    {\n                      \"and\": [\n                        \"LKQ05\",\n                        \"IQS1829\",\n                        \"JHS044*\",\n                        {\n                          \"pattern\": \"WRx8xT\"\n                        }\n                      ]\n                    }\n                  ]\n                },\n                \"MKD0I\",\n                {\n                  \"pattern\": \"WSU1xE\",\n                  \"exclude\": [\n                    \"BC0582\"\n                  ],\n                  \"info\": \"1/Vp\"\n                },\n                {\n                  \"or\": [\n                    {\n                      \"and\": [\n                        \"BG50*U\",\n                        \"VRx**N\",\n                        \"TKR90\",\n                        \"MDN498\"\n                      ]\n                    },\n                    \"GH669*\",\n                    {\n                      \"and\": [\n                        \"RJSx89E\"\n                      ]\n                    }\n                  ]\n                }\n              ]\n            },\n            {\n              \"pattern\": \"BK*5\",\n              \"exclude\": [\n                \"LVW0\",\n                \"VPT0\"\n              ],\n              \"info\": \"\"\n            },\n            {\n              \"and\": [\n                {\n                  \"pattern\": \"HTY1A\",\n                  \"exclude\": [\n                    \"AV2766L\",\n                    \"LIB663\",\n                    \"UT58A\",\n                    \"MJX**76I\"\n                  ],\n                  \"info\": \"-gP7\"\n                }\n              ]\n            }\n          ]\n        },\n        {\n          \"and\": [\n            {\n              \"or\": [\n                {\n                  \"or\": []\n                },\n                \"JN8504\"\n              ]\n            },\n            {\n              \"pattern\": \"WQTx2xU\",\n              \"info\": \"B.&WcH\"\n            }\n          ]\n        },\n        \"JI88\"\n      ],\n      \"satisfy\": [\n        \"y6lnyZG\",\n        {\n          \"mc\": \"<=182\"\n        }\n      ],\n      \"url\": \"http://7rg31p5s7w7lj.f.aacfrvguh6feald0aadagf5uba28zfem12968f1b9.zrmtduxc/$v*i\"\n    }\n  },\n  {\n    \"title\": \"block sample 2\",\n    \"value\": {\n      \"name\": \"}j!&MI0\",\n      \"ay\": 2013,\n      \"assign\": \"?Pmt\",\n      \"match\": [\n        {\n          \"pattern\": \"NE3\",\n          \"exclude\": [\n            \"DKx*Z\",\n            \"XL38B\"\n          ]\n        }\n      ],\n      \"satisfy\": [\n        {\n          \"or\": [\n            {\n              \"and\": []\n            }\n          ]\n        },\n        {\n          \"mc\": \"<=138\"\n        },\n        {\n          \"and\": [\n            {\n              \"and\": [\n                {\n                  \"mc\": \">=106\"\n                }\n              ]\n            },\n            {\n              \"mc\": \"<=22\"\n            },\n            {\n              \"mc\": \">=42\"\n            },\n            \"R^rv(k\",\n            {\n              \"or\": [\n                {\n                  \"mc\": \"<=1\"\n                },\n                {\n                  \"or\": [\n                    \"Nk\"\n                  ]\n                },\n                {\n                  \"or\": [\n                    \"m2pqm`_\"\n                  ]\n                },\n                {\n                  \"mc\": \">=131\"\n                }\n              ]\n            }\n          ]\n        },\n        {\n          \"and\": [\n            {\n              \"and\": [\n                {\n                  \"mc\": \"<=200\"\n                },\n                \"^+2\",\n                \"OY\"\n              ]\n            },\n            \"Tw4\",\n            {\n              \"mc\": \"<=54\"\n            },\n            {\n              \"or\": [\n                \"6F,-4eo\",\n                {\n                  \"or\": [\n                    {\n                      \"or\": []\n                    },\n                    \"y(YJ.[[<\",\n                    {\n                      \"mc\": \"<=85\"\n                    }\n                  ]\n                }\n              ]\n            }\n          ]\n        }\n      ],\n      \"url\": \"http://65rmbp0m8r2b.e.yck/ge/UchKEy\",\n      \"isSelectable\": true\n    }\n  },\n  {\n    \"title\": \"block sample 3\",\n    \"value\": {\n      \"name\": \"6!huBwsH}\",\n      \"ay\": 1950,\n      \"assign\": [\n        \"\\\\T=7,:3\",\n        \"eq]\",\n        \"2~,\"\n      ],\n      \"match\": {\n        \"or\": [\n          {\n            \"and\": [\n              {\n                \"or\": [\n                  \"GPE2*35\",\n                  \"MD048P\"\n                ]\n              },\n              {\n                \"and\": []\n              }\n            ]\n          }\n        ]\n      },\n      \"url\": \"https://c-a30-rtbiwap58ffjn2yq3.c8cbcddhpd5bhfp89.s34ea70nz6owgdfe29glim8v7jzgb.g-dxxrwxf4bst2jw4wlods-z9nmcum6.okk/W$g/2,H%F4%87%9A%96P)%F2%AB%B6%BCUfp/*9%F0%91%AA%BE/'V7cI/l3%F1%97%BA%A9Gv/t,GbiwN\",\n      \"info\": \"\",\n      \"isSelectable\": true,\n      \"4K]C\": {\n        \"name\": \"!z%\",\n        \"ay\": 1954,\n        \"assign\": \"}}!%Dz#\",\n        \"match\": [\n          {\n            \"pattern\": \"ET39D\",\n            \"exclude\": \"PW5769\",\n            \"info\": \"_?$o~>\"\n          },\n          {\n            \"or\": [\n              {\n                \"or\": []\n              },\n              \"IUC35\",\n              {\n                \"or\": [\n                  {\n                    \"pattern\": \"TN0xx9\",\n                    \"exclude\": \"YY9863\",\n                    \"info\": \"t\"\n                  }\n                ]\n              },\n              {\n                \"pattern\": \"UX67x\",\n                \"info\": \"[\"\n              },\n              \"NXW1P\"\n            ]\n          }\n        ],\n        \"satisfy\": {\n          \"mc\": \">=110\"\n        },\n        \"url\": \"http://h0uh7siwcghu.fq0uwarqg-8vre43eu9fq3c06ymty3lh.d3l-4qc4hii3qhlwl7g41z-jso.lnka7cb91k2x.guvvbvex/Ug7.t\",\n        \"info\": \"{|l \"\n      }\n    }\n  },\n  {\n    \"title\": \"block sample 4\",\n    \"value\": {\n      \"name\": \"Kd[[vD*bBo\",\n      \"ay\": 2017,\n      \"assign\": [\n        \"i:,q`hK)Q\"\n      ],\n      \"match\": {\n        \"pattern\": \"IHx7R\",\n        \"exclude\": \"XKZ604xD\",\n        \"info\": \"2\\\"\"\n      },\n      \"satisfy\": {\n        \"and\": [\n          \"Yiy%rK\",\n          {\n            \"or\": [\n              {\n                \"mc\": \">=81\"\n              },\n              \"ev8GH}NP\",\n              {\n                \"mc\": \"<=59\"\n              }\n            ]\n          },\n          {\n            \"and\": [\n              \"yT0\",\n              \"$`\\\"\\\\,|\",\n              {\n                \"mc\": \">=177\"\n              },\n              \"\\\"08(>b/4\"\n            ]\n          },\n          \"\\\\MXj$R>T\"\n        ]\n      },\n      \"info\": \"  \",\n      \"isSelectable\": true,\n      \"\": {\n        \"name\": \"\",\n        \"assign\": [\n          \"o\\\"!,{\"\n        ],\n        \"match\": {\n          \"pattern\": \"ZK*N\",\n          \"exclude\": \"LLL2419Z\"\n        },\n        \"satisfy\": {\n          \"mc\": \"<=4\"\n        },\n        \"url\": \"http://ebuoc014ng1e5v1ixhrmdesg-nfqkv38jws2c4lz1g2w3h-t.x.gokhh/X\",\n        \"info\": \"6\\\\2\",\n        \"isSelectable\": true\n      }\n    }\n  },\n  {\n    \"title\": \"block sample 5\",\n    \"value\": {\n      \"name\": \"H~\",\n      \"ay\": 1955,\n      \"assign\": \"YH\",\n      \"match\": {\n        \"pattern\": \"SPR7\",\n        \"exclude\": [\n          \"KJ95A\",\n          \"YKS158\",\n          \"IZE8\",\n          \"AUB61x6G\"\n        ]\n      },\n      \"satisfy\": {\n        \"and\": [\n          {\n            \"or\": []\n          }\n        ]\n      },\n      \"isSelectable\": true\n    }\n  },\n  {\n    \"title\": \"block sample 6\",\n    \"value\": {\n      \"name\": \",eyt0\",\n      \"ay\": 2025,\n      \"assign\": \"&\",\n      \"match\": [\n        {\n          \"or\": [\n            {\n              \"or\": [\n                \"QC52O\"\n              ]\n            },\n            {\n              \"pattern\": \"VV3\",\n              \"exclude\": \"ZZ597T\",\n              \"info\": \"P-_I\\\\d`\"\n            }\n          ]\n        },\n        {\n          \"pattern\": \"OL764\",\n          \"info\": \":dN\"\n        },\n        {\n          \"pattern\": \"PT96x\",\n          \"exclude\": [\n            \"PP*2O\",\n            \"DN*40G\"\n          ],\n          \"info\": \",~}BY)iEb^\"\n        },\n        {\n          \"pattern\": \"YZI0xxY\",\n          \"exclude\": [],\n          \"info\": \"u6woe1.`q\"\n        }\n      ],\n      \"satisfy\": {\n        \"mc\": \">=55\"\n      },\n      \"url\": \"https://2.fvgoj4i8p1dbsfhm8kfug3k1en67rlze2n8eq2r8icd3v9m26hda7o.4r82lvp.u71moer2b5tbops9t7l1k7-9ylgtt524.tbfoq/%F0%AF%8E%90UJ*'0q_Fu/xy&//5/zD/oR8@X%F2%9A%BA%A7QWb/K0gJ:2fd/5n6%F1%97%B8%84U4\",\n      \"isSelectable\": true\n    }\n  },\n  {\n    \"title\": \"block sample 7\",\n    \"value\": {\n      \"name\": \"v#\\\"w\",\n      \"ay\": 2011,\n      \"assign\": [\n        \"Tr'R,\",\n        \"g1#ARw|1)\"\n      ],\n      \"satisfy\": [],\n      \"info\": \"}f!\",\n      \"isSelectable\": true\n    }\n  },\n  {\n    \"title\": \"block sample 8\",\n    \"value\": {\n      \"ay\": 2030,\n      \"assign\": \"y{O\",\n      \"match\": [\n        \"SE1\",\n        {\n          \"pattern\": \"FP3823R\",\n          \"exclude\": [\n            \"NB979x\",\n            \"SO5\"\n          ],\n          \"info\": \"n*{a!aD\"\n        }\n      ],\n      \"satisfy\": {\n        \"or\": [\n          \"z\",\n          {\n            \"and\": [\n              \"QMB\"\n            ]\n          },\n          \"lBS\\\"\",\n          {\n            \"or\": [\n              {\n                \"and\": [\n                  \"o&lxyguGd\"\n                ]\n              },\n              \"Nm4gC-JJ+w\",\n              {\n                \"or\": [\n                  \"h\",\n                  {\n                    \"and\": [\n                      \"C14&tK\",\n                      \"t\",\n                      \"`KDGusji\",\n                      {\n                        \"and\": [\n                          \"\",\n                          \"x\\\\)!=#8$KU\"\n                        ]\n                      },\n                      \"rRAw`x\"\n                    ]\n                  },\n                  {\n                    \"and\": [\n                      \"\",\n                      {\n                        \"mc\": \"<=40\"\n                      },\n                      \"(7\",\n                      {\n                        \"mc\": \">=55\"\n                      },\n                      \"D]@Crj\"\n                    ]\n                  },\n                  \"\",\n                  \"T\"\n                ]\n              },\n              {\n                \"and\": [\n                  \"^\",\n                  \"AbPF7J\",\n                  \"z\"\n                ]\n              },\n              {\n                \"and\": [\n                  {\n                    \"or\": []\n                  },\n                  \"_J\",\n                  {\n                    \"and\": []\n                  }\n                ]\n              }\n            ]\n          },\n          {\n            \"and\": [\n              \"QwGW!O\",\n              {\n                \"and\": [\n                  \"g/AY~1\",\n                  \"7YC\",\n                  {\n                    \"and\": [\n                      \"\",\n                      {\n                        \"and\": [\n                          \"y^ofZ\"\n                        ]\n                      },\n                      \"y]1k`J3[\"\n                    ]\n                  }\n                ]\n              }\n            ]\n          }\n        ]\n      },\n      \"url\": \"http://m71m0svofg3gz30g4iti5.ubbypgqv/Bua9%F3%94%83%AA9%F2%8E%B7%8ByW/!z64//bdaa8/h6&PEU/%DA%86lo'lRTD/gV5y/@,7SItn/%F1%B4%8F%8Ea/era\",\n      \"info\": \"\\\" i%~\\\"\",\n      \"isSelectable\": true\n    }\n  },\n  {\n    \"title\": \"block sample 9\",\n    \"value\": {\n      \"name\": \"KJ@9!\",\n      \"assign\": [\n        \"STc^Ck N\\\"C\",\n        \"|B~|#:fm\"\n      ],\n      \"satisfy\": {\n        \"and\": [\n          \"o<4}\",\n          {\n            \"mc\": \"<=121\"\n          }\n        ]\n      },\n      \"url\": \"https://snt8b0kazzh64i0wxw1cd-5s6rg.9ainijzp7fjvwi301hbo9p24.v8kewkcu33os9zlek62rlaulhruyxtogd3rt5isomeck8.omdjd/\",\n      \"info\": \"w#z\",\n      \"isSelectable\": true,\n      \"`!\": {\n        \"name\": \"g1(#O\",\n        \"ay\": 1988,\n        \"assign\": \"AUL%r^_\",\n        \"match\": \"UR2x5\",\n        \"satisfy\": [\n          {\n            \"and\": [\n              {\n                \"or\": [\n                  \"dW\",\n                  {\n                    \"and\": [\n                      {\n                        \"mc\": \"<=76\"\n                      },\n                      {\n                        \"mc\": \">=191\"\n                      },\n                      {\n                        \"or\": [\n                          \"ydR}\",\n                          {\n                            \"and\": []\n                          },\n                          {\n                            \"mc\": \"<=171\"\n                          },\n                          \"&A>@Qlt})M\",\n                          \"U\"\n                        ]\n                      },\n                      \"6?5_AN\\\\9\"\n                    ]\n                  },\n                  \"Yc^AL}X\"\n                ]\n              },\n              {\n                \"mc\": \">=62\"\n              },\n              {\n                \"or\": [\n                  \"Y#)IXy\",\n                  {\n                    \"and\": [\n                      {\n                        \"and\": []\n                      },\n                      {\n                        \"mc\": \">=143\"\n                      },\n                      {\n                        \"and\": [\n                          \"J>\",\n                          \")y5\",\n                          \"m-\",\n                          \"m4#!(9\",\n                          \"0g:Y,bD\\\\\"\n                        ]\n                      },\n                      \"x)0]3\",\n                      \"g&i[35\"\n                    ]\n                  },\n                  {\n                    \"mc\": \"<=103\"\n                  },\n                  {\n                    \"and\": [\n                      \"@\",\n                      \"@TUtrJ\",\n                      {\n                        \"or\": [\n                          \"U\",\n                          \"1a\",\n                          \"CZCOS)ze$\",\n                          \"\",\n                          {\n                            \"mc\": \"<=100\"\n                          }\n                        ]\n                      },\n                      \"\",\n                      \"WnTC !~k9g\"\n                    ]\n                  }\n                ]\n              }\n            ]\n          },\n          {\n            \"mc\": \">=177\"\n          }\n        ],\n        \"url\": \"https://myb5hjwqwcwsbvgrkmqpxvmjmcf5-w6ner24wzbt6s-w5y7cb0nr8q.kjitui5o29o2b31flty1joz7kt-28sxiruivt6e.msq.w.nkgu/\",\n        \"info\": \"75i\",\n        \"T#$4<3lT1^\": {\n          \"name\": \"*Y,^0\",\n          \"ay\": 1959,\n          \"match\": \"SO8281\",\n          \"satisfy\": {\n            \"mc\": \">=81\"\n          },\n          \"url\": \"https://mmyhfn3ojfw3ql1o1-5xbut5vtiu5k5lckb4g2.vtieuynass29pqh3hwjrg7mgj-bpyxzz9u.visuaml/q/p!o/5/I1un//;vLY%EE%A8%98+6+/~$%F1%BE%BC%99:R4h@;g/XzXO$cZ(co/%F1%8B%A2%9Ae2~hMCk%E9%AD%A9\",\n          \"info\": \"/#\",\n          \"isSelectable\": true\n        },\n        \"XlD@TLjz]\": {\n          \"name\": \"91[\",\n          \"ay\": 1957,\n          \"assign\": \"D6Fc77W\",\n          \"match\": [\n            {\n              \"and\": [\n                \"AI179\",\n                {\n                  \"and\": []\n                }\n              ]\n            },\n            {\n              \"pattern\": \"VJJ0\",\n              \"exclude\": [\n                \"IU80H\",\n                \"JF5509F\"\n              ],\n              \"info\": \"\"\n            },\n            \"BTN4**V\"\n          ],\n          \"satisfy\": [\n            {\n              \"or\": [\n                \"QTpbAELI\"\n              ]\n            },\n            {\n              \"or\": [\n                {\n                  \"and\": [\n                    \"bik}ct(V,\"\n                  ]\n                },\n                {\n                  \"mc\": \"<=151\"\n                },\n                {\n                  \"and\": [\n                    {\n                      \"mc\": \"<=18\"\n                    },\n                    \"R\",\n                    \"\",\n                    \"q5D,@a<FO\",\n                    \"\"\n                  ]\n                }\n              ]\n            },\n            {\n              \"mc\": \"<=13\"\n            },\n            {\n              \"mc\": \"<=103\"\n            },\n            {\n              \"or\": [\n                \"-5.Jb\",\n                {\n                  \"or\": [\n                    \"EXz\",\n                    {\n                      \"and\": [\n                        \"8B8=\",\n                        \"sZ&g[|9l\",\n                        \"(\",\n                        {\n                          \"mc\": \"<=71\"\n                        },\n                        \"xTH=/v]@f\"\n                      ]\n                    }\n                  ]\n                },\n                {\n                  \"or\": [\n                    {\n                      \"or\": [\n                        {\n                          \"mc\": \">=32\"\n                        }\n                      ]\n                    },\n                    \":\"\n                  ]\n                }\n              ]\n            }\n          ],\n          \"url\": \"https://o7mt2d.1ij84j3gwy78zg22llcnln8tfvy-072xbn-cmvx21rqnx2p8s1vlr.6lrlbfvksr323ubtii5anuftruhat2.y.c62yh-lxq48aminohvgroe4ogkxih1r75pps.zuqotxmnmi\",\n          \"info\": \"\",\n          \"isSelectable\": true,\n          \"V_Y_K6ee`=\": {\n            \"name\": \"b?!f\",\n            \"ay\": 1989,\n            \"match\": [\n              {\n                \"and\": [\n                  {\n                    \"and\": [\n                      \"WUZ80\",\n                      \"LC0P\",\n                      {\n                        \"pattern\": \"EUK*\",\n                        \"exclude\": \"CD3000Q\",\n                        \"info\": \"346\\\\LC2\"\n                      },\n                      \"NRSx\",\n                      \"ARH3T\"\n                    ]\n                  }\n                ]\n              }\n            ],\n            \"satisfy\": {\n              \"mc\": \"<=84\"\n            },\n            \"url\": \"http://0kbfr7aiv--beh5h0rful2i.u.b2x1njnxu9jwbbg45m4on-nuh0sqwu9rln5mdnel4.kaj/7AeTj'Lws%F2%84%B5%9B/)asZ//cH/Tr%F2%8D%93%87%F0%95%95%B2Cy%F0%97%8F%9D*%F2%98%B2%9B/t_Aq%F0%96%94%82Nq:(\",\n            \"isSelectable\": true\n          }\n        }\n      },\n      \"z\": {\n        \"ay\": 2002,\n        \"match\": [\n          {\n            \"pattern\": \"KR07*5\",\n            \"exclude\": \"JA893\",\n            \"info\": \"?=|\"\n          },\n          \"NP9P\",\n          {\n            \"or\": [\n              {\n                \"pattern\": \"VN4\",\n                \"exclude\": \"WF0442\"\n              },\n              \"UFT2249F\",\n              {\n                \"and\": [\n                  {\n                    \"and\": []\n                  },\n                  {\n                    \"or\": [\n                      {\n                        \"and\": [\n                          \"ZMZ520\",\n                          {\n                            \"and\": [\n                              \"TM4\",\n                              \"JAO92\",\n                              \"NL77H\"\n                            ]\n                          },\n                          \"XAx495\",\n                          \"EQB9E\",\n                          \"VT144D\"\n                        ]\n                      },\n                      {\n                        \"and\": [\n                          \"IN4*7\",\n                          \"WA281E\",\n                          \"MXO144\",\n                          \"AXK21\"\n                        ]\n                      },\n                      \"TQPx9C\"\n                    ]\n                  },\n                  {\n                    \"and\": [\n                      \"UXxx13Q\",\n                      \"LJ5234\",\n                      \"HVO004*L\",\n                      \"EH1*\"\n                    ]\n                  }\n                ]\n              },\n              {\n                \"pattern\": \"EFN5\",\n                \"exclude\": [\n                  \"FE2\",\n                  \"JL261\",\n                  \"RG2\",\n                  \"XO816\"\n                ]\n              }\n            ]\n          },\n          {\n            \"and\": [\n              {\n                \"pattern\": \"DS0xS\",\n                \"exclude\": \"KJG89\",\n                \"info\": \"W:tDTO%|\"\n              },\n              {\n                \"or\": [\n                  {\n                    \"and\": [\n                      {\n                        \"or\": [\n                          \"RK1C\",\n                          \"ECP71x\",\n                          \"MCL35I\"\n                        ]\n                      },\n                      {\n                        \"and\": [\n                          {\n                            \"or\": []\n                          },\n                          \"ZDM5967L\",\n                          \"DX*\"\n                        ]\n                      },\n                      \"IBU6434C\",\n                      \"ZUB4337\",\n                      \"ZN819H\"\n                    ]\n                  }\n                ]\n              },\n              {\n                \"and\": []\n              }\n            ]\n          },\n          {\n            \"and\": [\n              {\n                \"or\": [\n                  \"YJ9\"\n                ]\n              },\n              \"IG302A\"\n            ]\n          }\n        ],\n        \"satisfy\": {\n          \"and\": [\n            {\n              \"or\": []\n            },\n            {\n              \"or\": [\n                \"1Jd*t}Np\"\n              ]\n            },\n            {\n              \"and\": [\n                {\n                  \"and\": [\n                    \"Qf\\\"vPP\",\n                    {\n                      \"mc\": \"<=8\"\n                    },\n                    \"##Lw(\\\\\\\\0HP\",\n                    \"~_u\"\n                  ]\n                },\n                {\n                  \"mc\": \">=82\"\n                }\n              ]\n            },\n            \"*?E\"\n          ]\n        },\n        \"url\": \"https://rm4l84wtk7iht2m7u8qdhm5d0ulyzy2dip89.qbygadbqm8fk.zt9zzbpnjocjtpfbaybi54lpqwyuq2v7033069nk5vd649pm.hdo/V/5o%F2%A4%BF%BC/71JM%F0%B3%A5%8A/Pfve%F0%BF%8C%B6/WES/niG.;L%F1%B6%A7%9C~\",\n        \"info\": \"zk=Dyn3\",\n        \"isSelectable\": true,\n        \"-*}0Ja#9\": {\n          \"name\": \"u+v41c-\",\n          \"assign\": \">6!VNiPaS\",\n          \"match\": [],\n          \"info\": \"MNps|9\"\n        },\n        \"LD/o<Nw\\\\\": {\n          \"ay\": 2018,\n          \"assign\": [\n            \"O\"\n          ],\n          \"match\": {\n            \"and\": [\n              {\n                \"or\": []\n              },\n              \"HCH134O\",\n              {\n                \"pattern\": \"YTW90S\",\n                \"exclude\": \"WV8023\",\n                \"info\": \".F}4qA4An\"\n              }\n            ]\n          },\n          \"satisfy\": [\n            \"+\"\n          ],\n          \"url\": \"https://iami2qtjf1uz08jv54n9h9ix8r-j0dwlpypsv9c0bc8vbi.ivygqhg.i6b-ha-8skehas484uywfm3.ilp/0n_&mJZr/%F2%93%AD%8786'l.z/LQbdTRGC//hp/sh-cZKuy~/&jaTM/D%F1%9C%BC%A2/1hZ0r/\",\n          \"info\": \"`V<mo<xw6q\",\n          \"isSelectable\": true\n        },\n        \"?|(G\": {\n          \"name\": \"cnOc6_\",\n          \"ay\": 2015,\n          \"assign\": \"s-\\\\ofceL=\",\n          \"match\": [\n            {\n              \"or\": []\n            },\n            {\n              \"and\": [\n                {\n                  \"pattern\": \"DPE106R\",\n                  \"exclude\": \"IM59\",\n                  \"info\": \"\"\n                },\n                {\n                  \"or\": [\n                    \"EM7***\",\n                    {\n                      \"or\": []\n                    },\n                    {\n                      \"and\": []\n                    },\n                    \"PCB9465\"\n                  ]\n                },\n                \"NGW365\",\n                {\n                  \"or\": [\n                    \"FMG19xZ\",\n                    \"DS6209K\",\n                    \"CF8304\",\n                    {\n                      \"and\": [\n                        \"KJ01E\",\n                        \"PDI724\",\n                        \"AHV9367U\",\n                        \"PRxP\",\n                        \"ZQM3R\"\n                      ]\n                    },\n                    {\n                      \"and\": [\n                        \"ZWP98A\",\n                        \"EY**\",\n                        \"DZS75\"\n                      ]\n                    }\n                  ]\n                },\n                \"AWD24R\"\n              ]\n            },\n            {\n              \"and\": [\n                {\n                  \"or\": [\n                    {\n                      \"or\": [\n                        \"MMM56Z\",\n                        \"SVx\",\n                        {\n                          \"and\": [\n                            \"DME343\",\n                            \"GWX11V\",\n                            \"FO232\",\n                            \"SOF8\",\n                            {\n                              \"or\": []\n                            }\n                          ]\n                        },\n                        \"SSB8\"\n                      ]\n                    },\n                    \"NZ**M\"\n                  ]\n                }\n              ]\n            }\n          ],\n          \"satisfy\": [\n            {\n              \"and\": [\n                \"RA:\",\n                {\n                  \"mc\": \"<=95\"\n                },\n                {\n                  \"mc\": \"<=177\"\n                },\n                {\n                  \"or\": [\n                    {\n                      \"mc\": \">=123\"\n                    },\n                    \"$1y^j\",\n                    \"%-7._\\\\p\",\n                    \"$HR2(mKx1o\",\n                    {\n                      \"and\": [\n                        {\n                          \"or\": []\n                        },\n                        {\n                          \"and\": [\n                            {\n                              \"and\": []\n                            },\n                            \"iEf<i)\"\n                          ]\n                        }\n                      ]\n                    }\n                  ]\n                }\n              ]\n            },\n            {\n              \"mc\": \">=181\"\n            },\n            {\n              \"or\": [\n                {\n                  \"or\": [\n                    \"Y'\"\n                  ]\n                },\n                {\n                  \"or\": [\n                    {\n                      \"and\": [\n                        \"6P)cZn\",\n                        {\n                          \"or\": [\n                            \"F3j4h>\",\n                            \" &\"\n                          ]\n                        }\n                      ]\n                    },\n                    \"6~F70a\",\n                    {\n                      \"mc\": \"<=79\"\n                    },\n                    \"-zV x79b\"\n                  ]\n                },\n                {\n                  \"mc\": \">=49\"\n                },\n                \"y>S\"\n              ]\n            }\n          ],\n          \"url\": \"http://3kv1tj6esmgdbqux2lqppzqdgmvaj75mbilxshha7x.27u9434a3pavv3udu222c3-q9q3o6phzkf9-b2cf1cf9cwu-jpw3.gh/0//,Hs/_wx/Fa1/13/QPx2FS/+\",\n          \"info\": \"\\\\5t314\",\n          \"isSelectable\": true\n        }\n      },\n      \"\\\\D\\\\,Q?J2_(\": {\n        \"ay\": 1991,\n        \"match\": [\n          \"BB74\",\n          \"VXO7\",\n          \"XHA1x4O\"\n        ],\n        \"satisfy\": [\n          {\n            \"and\": [\n              {\n                \"mc\": \"<=65\"\n              },\n              {\n                \"and\": [\n                  {\n                    \"mc\": \"<=130\"\n                  },\n                  {\n                    \"mc\": \">=113\"\n                  }\n                ]\n              },\n              {\n                \"mc\": \">=122\"\n              }\n            ]\n          }\n        ],\n        \"url\": \"https://apxei.wiut08ukhbkkddwoy5veo5yg7p93holvoyv2nht3p9zdksv.jywmyd/_Rg+/w;'_p_kv\",\n        \"info\": \"\",\n        \"isSelectable\": true,\n        \"u@>ySh~XxI\": {\n          \"name\": \"W\",\n          \"ay\": 1960,\n          \"assign\": \"0$\",\n          \"match\": {\n            \"pattern\": \"IKW3\",\n            \"exclude\": [\n              \"PUB7446\",\n              \"KH090*\",\n              \"BU70x*\",\n              \"LPK2Q\"\n            ],\n            \"info\": \"L#E'DF*\"\n          },\n          \"satisfy\": {\n            \"or\": [\n              \"Spao3\"\n            ]\n          },\n          \"url\": \"https://a.ctztw77wewut5oxne89adlv2g8489khnm52rjypwm23ys8zhwfl91s57.bt6en76cuo2d17j95c5oikdh.cbyf/A(m/zx/QysXT//%F2%8A%A7%9F%F3%93%B5%82S%F3%A0%A3%BAAXdB/30;%F3%AD%B6%8EuuU%F2%9F%91%AE/%F4%8A%B1%9CNU%F4%8C%8E%82F2FD'!/aJK@%F3%9F%85%AAz%F2%9E%AC%8Aj\",\n          \"info\": \"|5\",\n          \"isSelectable\": true\n        },\n        \"2HG:\": {\n          \"name\": \"*qZh@Z**\",\n          \"ay\": 1950,\n          \"match\": [\n            \"OQ3151\",\n            {\n              \"pattern\": \"WB86\",\n              \"exclude\": [\n                \"YTX039xV\",\n                \"VW3O\",\n                \"KLU526\",\n                \"YXH35H\"\n              ],\n              \"info\": \"R0lL[\"\n            },\n            {\n              \"pattern\": \"BGxx47H\",\n              \"exclude\": [\n                \"KDR67\"\n              ],\n              \"info\": \"yA0<\"\n            }\n          ],\n          \"satisfy\": {\n            \"mc\": \">=190\"\n          },\n          \"url\": \"https://9mttowdcars.hss2k7eczvnymk2sutwvyghh5ckhp842e7.lu.p.xofinorjd/\",\n          \"isSelectable\": true\n        },\n        \"Hd$Wp\": {\n          \"name\": \"H!WTdU5Ka\",\n          \"assign\": [\n            \".v\\\"^\",\n            \"(\",\n            \">7s\"\n          ],\n          \"match\": [],\n          \"satisfy\": [\n            {\n              \"or\": []\n            },\n            \"\",\n            {\n              \"and\": [\n                {\n                  \"mc\": \">=10\"\n                }\n              ]\n            },\n            {\n              \"and\": [\n                {\n                  \"mc\": \"<=148\"\n                },\n                {\n                  \"or\": [\n                    \"\",\n                    \"HjSJ<\"\n                  ]\n                },\n                {\n                  \"mc\": \"<=54\"\n                },\n                {\n                  \"mc\": \">=116\"\n                }\n              ]\n            },\n            {\n              \"mc\": \">=96\"\n            }\n          ],\n          \"info\": \"WL@ue\",\n          \"isSelectable\": true\n        },\n        \"UKk$c-\": {\n          \"ay\": 1967,\n          \"assign\": \"q\",\n          \"satisfy\": {\n            \"and\": []\n          },\n          \"url\": \"https://jeb4rk7icir2rq2uufeza56hwl8x3fs-mee2t3cl5xfikxano5p1s8jg.bmoqvqmm.d-xy3muy5idgek3wl.ughqeibs/m9+0e&x/E//Sh%F1%9F%9A%AB=/-/N&-\",\n          \"isSelectable\": true,\n          \"l$W}_+f\": {\n            \"name\": \"C:e0e\",\n            \"ay\": 1987,\n            \"assign\": [\n              \"Q\"\n            ],\n            \"match\": {\n              \"and\": [\n                {\n                  \"pattern\": \"MQ*441\",\n                  \"exclude\": \"JVS40\"\n                },\n                \"YK867\",\n                {\n                  \"or\": [\n                    \"YQN7\",\n                    {\n                      \"pattern\": \"YA516xC\",\n                      \"info\": \"uk&Ogj\"\n                    },\n                    {\n                      \"or\": [\n                        \"WB7M\",\n                        \"VZ180X\",\n                        \"PYGx06\",\n                        \"EO5\"\n                      ]\n                    },\n                    {\n                      \"and\": [\n                        {\n                          \"and\": [\n                            \"BD793\",\n                            \"CJV528H\",\n                            \"IF4\"\n                          ]\n                        },\n                        \"KS*358\",\n                        \"XJ9x79Y\"\n                      ]\n                    }\n                  ]\n                }\n              ]\n            },\n            \"satisfy\": {\n              \"and\": [\n                {\n                  \"or\": []\n                },\n                {\n                  \"and\": [\n                    \"=b\\\\0[\"\n                  ]\n                },\n                {\n                  \"mc\": \"<=21\"\n                }\n              ]\n            },\n            \"url\": \"http://h5tzvukowb79mg3nbzkzj4tfvvfcu1--hty1h770.5nbi7f570wa.1oz13mroa8ujdxdqha51caj-ws0g4-mfoy5n.if0qfrgsp8fq5w-73ifiel00x55rk-udv3nl0zs137oi70i9mozq7z0fvbx.isvrd-c7gm4qd45u7344496gairi88m23sij1mdugr-tlawb1yqm.ph/$ggDp~/ZkCXA/T%F0%9A%8A%84&$cWfu\",\n            \"info\": \"zhoI!6x3o\",\n            \"isSelectable\": true\n          },\n          \"sOVM}*68a\": {\n            \"name\": \" yYp\",\n            \"ay\": 1994,\n            \"assign\": [\n              \"ay,8Mp\",\n              \"wT5%Cr\"\n            ],\n            \"match\": {\n              \"or\": [\n                {\n                  \"and\": [\n                    {\n                      \"pattern\": \"VUD3949\",\n                      \"info\": \"G4}\"\n                    }\n                  ]\n                },\n                \"IM90\"\n              ]\n            },\n            \"satisfy\": {\n              \"and\": [\n                \"ej<~!lB\",\n                {\n                  \"mc\": \"<=113\"\n                },\n                \"TH|gj\",\n                {\n                  \"and\": []\n                }\n              ]\n            },\n            \"url\": \"https://aewdxw2ix82aoxouez83zh4ovw95oydp8jp0e2.zp4ez.jn6c2w-gc8wlbuyb1km99-77kckh4i5x7.r7qo28k87b5oyrd2fd0ikgkcvmxv1qxllj3yl723f2.mxsrumte/%F2%87%B3%8C/-VFqQw\",\n            \"info\": \"o\",\n            \"isSelectable\": true\n          },\n          \"\\\"u\": {\n            \"ay\": 2008,\n            \"assign\": \"rpuv+\",\n            \"satisfy\": {\n              \"or\": [\n                {\n                  \"or\": [\n                    {\n                      \"mc\": \"<=156\"\n                    },\n                    {\n                      \"or\": [\n                        \"4O0\",\n                        \"1j+(Ki3p>1\",\n                        \"(S(\",\n                        {\n                          \"or\": []\n                        }\n                      ]\n                    }\n                  ]\n                },\n                {\n                  \"and\": [\n                    {\n                      \"and\": [\n                        {\n                          \"and\": [\n                            \"+I\",\n                            \"3T(DSW\",\n                            {\n                              \"and\": [\n                                \"?8o$!KVH=\",\n                                \"S`\",\n                                \"Ai#0R=J5\"\n                              ]\n                            },\n                            \"6\",\n                            \" \"\n                          ]\n                        },\n                        \"3Wlm_NR6\",\n                        {\n                          \"and\": [\n                            \"dy,3\",\n                            \"21nq@\",\n                            {\n                              \"or\": [\n                                {\n                                  \"and\": [\n                                    \">Aj\"\n                                  ]\n                                },\n                                {\n                                  \"mc\": \">=148\"\n                                },\n                                \"8N=\",\n                                \"KMBgK\",\n                                \"e}z\\\\l\"\n                              ]\n                            }\n                          ]\n                        },\n                        {\n                          \"or\": [\n                            \"$AMR\",\n                            {\n                              \"or\": []\n                            },\n                            {\n                              \"mc\": \"<=81\"\n                            },\n                            \"ns1`[de\",\n                            \"rM,xU{Iz\"\n                          ]\n                        }\n                      ]\n                    },\n                    \"x>a\",\n                    \"8\",\n                    \"\"\n                  ]\n                },\n                {\n                  \"mc\": \"<=66\"\n                },\n                {\n                  \"or\": []\n                },\n                \"K^&:jBV*\"\n              ]\n            },\n            \"url\": \"http://5w0z14ohdcymov7ctz6ec23pl3452wpv2r5h5y9w1vpyr693rsg3jr1z2l.wzj6i78b40t.r.b.pom/%F1%99%8A%A9'Q3AT/5cg+9:osY/CLaj/yxk%F3%8C%84%9C-=//&di%F0%94%A0%93_YjK-~/Gt)~/7%F2%99%92%BE:,&'\",\n            \"info\": \"Mt-~D\"\n          },\n          \"`0}I9.\": {\n            \"name\": \"8v*O|\",\n            \"match\": {\n              \"or\": [\n                {\n                  \"or\": [\n                    \"FRL5\",\n                    \"PX9*2\",\n                    {\n                      \"and\": [\n                        \"EZD929Y\"\n                      ]\n                    },\n                    \"ID39x3\"\n                  ]\n                }\n              ]\n            },\n            \"satisfy\": {\n              \"or\": [\n                {\n                  \"mc\": \"<=57\"\n                },\n                {\n                  \"mc\": \">=43\"\n                }\n              ]\n            },\n            \"url\": \"https://mw5r0kum5us-hj6erq8p650anxvz4mk7g4y5n6qk-ygljfj.0nfx1drrl.qk/geHMDS//G/ff/&.s'o.Lvj//\",\n            \"info\": \"Q\\\"\",\n            \"isSelectable\": true\n          },\n          \"\": {\n            \"name\": \"W0~\",\n            \"ay\": 2030,\n            \"assign\": [\n              \";~;&l-rY\",\n              \"&B*}.]\",\n              \"fWEQRc+Jxx\",\n              \"M8\"\n            ],\n            \"match\": {\n              \"or\": [\n                {\n                  \"pattern\": \"PBXx03\",\n                  \"exclude\": \"VZx4\",\n                  \"info\": \"vj^j}uqWtk\"\n                },\n                {\n                  \"or\": [\n                    \"HHH37X\",\n                    {\n                      \"pattern\": \"KII8\",\n                      \"exclude\": \"PL9\",\n                      \"info\": \"\\\\='mbK{?\"\n                    }\n                  ]\n                },\n                {\n                  \"or\": [\n                    {\n                      \"and\": [\n                        \"PEN54*D\"\n                      ]\n                    },\n                    {\n                      \"and\": []\n                    },\n                    \"OY1\",\n                    \"RTT*R\"\n                  ]\n                },\n                {\n                  \"pattern\": \"LW86R\",\n                  \"exclude\": [\n                    \"KENx0B\",\n                    \"GSZ4420C\",\n                    \"FW707\",\n                    \"SKH20\"\n                  ],\n                  \"info\": \"\"\n                },\n                {\n                  \"and\": [\n                    \"CL4\",\n                    \"IY98x\"\n                  ]\n                }\n              ]\n            },\n            \"satisfy\": [\n              {\n                \"or\": [\n                  {\n                    \"and\": [\n                      \"qP!;LGeY+\",\n                      {\n                        \"or\": [\n                          \"wW cq\\\\>@\",\n                          \"jJcpHKS\",\n                          \"1=%pDylV\",\n                          \"$6_<5bL4x\"\n                        ]\n                      },\n                      \"qh\",\n                      \"j'MV0\",\n                      \"N\"\n                    ]\n                  },\n                  \"ds$'#Q\"\n                ]\n              },\n              {\n                \"and\": [\n                  {\n                    \"mc\": \"<=65\"\n                  },\n                  {\n                    \"mc\": \">=164\"\n                  },\n                  {\n                    \"mc\": \"<=47\"\n                  },\n                  {\n                    \"and\": [\n                      {\n                        \"and\": [\n                          {\n                            \"mc\": \"<=128\"\n                          },\n                          {\n                            \"and\": [\n                              \"\",\n                              \"[='vL\",\n                              \"<\\\"4nmKZl-\",\n                              \"5t\\\\xpif\",\n                              \"\"\n                            ]\n                          }\n                        ]\n                      },\n                      \"\",\n                      \"UT3?\",\n                      {\n                        \"and\": []\n                      },\n                      {\n                        \"or\": [\n                          \"'RE4<2Iy\"\n                        ]\n                      }\n                    ]\n                  }\n                ]\n              }\n            ],\n            \"info\": \"1\",\n            \"isSelectable\": true\n          }\n        },\n        \"V*y\": {\n          \"name\": \"_?^Pj|\",\n          \"ay\": 1978,\n          \"assign\": \"''X@mD-^Ai\",\n          \"match\": [\n            \"IIT42\",\n            {\n              \"and\": [\n                {\n                  \"and\": [\n                    {\n                      \"and\": [\n                        {\n                          \"pattern\": \"PMF5x7G\",\n                          \"info\": \"eKb]lX7'[2\"\n                        },\n                        \"ET*\",\n                        \"QH*8\",\n                        \"BES5K\"\n                      ]\n                    },\n                    \"XLT7314\",\n                    \"CVM2I\"\n                  ]\n                },\n                {\n                  \"or\": [\n                    \"DRB0*0*\",\n                    \"YWB609\",\n                    {\n                      \"or\": [\n                        \"XI9480\",\n                        \"DWF88V\",\n                        {\n                          \"pattern\": \"NY191\",\n                          \"exclude\": \"NTX8R\",\n                          \"info\": \"x\"\n                        },\n                        {\n                          \"pattern\": \"CK5Q\",\n                          \"exclude\": \"AO*9L\",\n                          \"info\": \";?O\"\n                        }\n                      ]\n                    }\n                  ]\n                },\n                {\n                  \"or\": [\n                    \"SR98B\"\n                  ]\n                },\n                {\n                  \"or\": [\n                    {\n                      \"and\": [\n                        {\n                          \"and\": [\n                            \"LB2\",\n                            \"KUZ6W\",\n                            \"EL0440K\",\n                            \"WA40x\"\n                          ]\n                        },\n                        \"HF198U\"\n                      ]\n                    },\n                    {\n                      \"pattern\": \"SDH737K\",\n                      \"info\": \"[?'Xy2rT\"\n                    }\n                  ]\n                }\n              ]\n            }\n          ],\n          \"satisfy\": {\n            \"mc\": \">=53\"\n          },\n          \"url\": \"https://k.yfce4u8fy9g0zrtba026xcvod2wpgvttdegg2dv.x0dub5tbgdldkp4kprcc17xqs.cf/,%F2%B2%86%93S65/mh(zW,/Nq&C&/kcv%F3%9C%98%A6%F1%89%98%93/pG/y6fn=@+5;7/5pB/$DyEos-/t95\",\n          \"info\": \"rwEQDg!\",\n          \"isSelectable\": true\n        }\n      },\n      \"R_SLF5[\": {\n        \"3\": {\n          \"name\": \"r\",\n          \"ay\": 2027,\n          \"assign\": [\n            \"e9JuC2oN~\",\n            \"4\",\n            \"]8C\\\\\",\n            \"dqxBaJ\",\n            \"m\"\n          ],\n          \"match\": \"DD219x\",\n          \"satisfy\": [\n            {\n              \"and\": []\n            }\n          ],\n          \"info\": \"TuK\",\n          \"isSelectable\": true\n        },\n        \"name\": \"\",\n        \"ay\": 2007,\n        \"match\": \"LIN30\",\n        \"satisfy\": {\n          \"or\": []\n        },\n        \"url\": \"http://t3v6ffmwa66hp4tou379lwifksbfmm5vul-p2s0nlttrcrrj4t6hxa1m.z.wavu6osvpg8mz4xomwxb9vgo8opohov.zrh//fY_6/Q38*e/%F0%BB%AF%ACHFL%F2%8F%81%B1%F1%9B%86%B3,I//X\",\n        \"info\": \"Tk\",\n        \"isSelectable\": true,\n        \"7?{W \": {\n          \"name\": \"\",\n          \"ay\": 2012,\n          \"match\": {\n            \"and\": [\n              {\n                \"or\": [\n                  \"EH3xx6B\",\n                  {\n                    \"and\": [\n                      \"RM464\",\n                      {\n                        \"and\": [\n                          {\n                            \"or\": [\n                              \"BBP85P\"\n                            ]\n                          }\n                        ]\n                      },\n                      \"UEM8725V\"\n                    ]\n                  }\n                ]\n              },\n              {\n                \"or\": [\n                  {\n                    \"pattern\": \"QY811M\",\n                    \"exclude\": \"MWG3C\",\n                    \"info\": \"0L+\"\n                  },\n                  \"POU0658G\",\n                  \"TGX152V\"\n                ]\n              },\n              \"VUD8\"\n            ]\n          },\n          \"url\": \"http://f.yewscizslhzeuwv-ct--t0uab3kupgjnt.ywpimpx//3f/VBTL-viwu/%F3%AA%92%843/v%F2%AD%A6%BDc:%F0%A2%88%8A2%F2%86%A2%8Ettp/+NX!o/hZMB2e~\",\n          \"info\": \"U=Pd\",\n          \"isSelectable\": true\n        },\n        \"(\": {\n          \"ay\": 1997,\n          \"assign\": [\n            \"X(}h~1\"\n          ],\n          \"match\": {\n            \"pattern\": \"GM55N\",\n            \"exclude\": [\n              \"YT4*6I\"\n            ],\n            \"info\": \"+J8XJ-\"\n          },\n          \"satisfy\": [\n            \"k\",\n            {\n              \"and\": [\n                {\n                  \"and\": [\n                    {\n                      \"or\": [\n                        {\n                          \"and\": []\n                        },\n                        {\n                          \"and\": [\n                            \"j\",\n                            \"E;@a.t\",\n                            \">`\",\n                            {\n                              \"mc\": \"<=121\"\n                            }\n                          ]\n                        }\n                      ]\n                    },\n                    {\n                      \"or\": [\n                        {\n                          \"and\": [\n                            {\n                              \"mc\": \"<=94\"\n                            },\n                            \"($~3L~>K8.\"\n                          ]\n                        },\n                        {\n                          \"or\": [\n                            {\n                              \"mc\": \"<=113\"\n                            },\n                            \"8\"\n                          ]\n                        }\n                      ]\n                    },\n                    \"$7&aO4(nTZ\"\n                  ]\n                },\n                {\n                  \"mc\": \"<=61\"\n                },\n                {\n                  \"and\": [\n                    {\n                      \"and\": [\n                        \"llCV?P8<\"\n                      ]\n                    }\n                  ]\n                },\n                {\n                  \"and\": [\n                    \"|aOk\"\n                  ]\n                },\n                \"{h\"\n              ]\n            },\n            {\n              \"or\": [\n                {\n                  \"mc\": \">=125\"\n                }\n              ]\n            },\n            \"Q\"\n          ],\n          \"url\": \"https://dz53iwgd8.1-hlmr8cf.mdnhhotwhz/vE%F3%8E%89%88Al!3&/X532yt(Lk/d~WHvs/m%F0%A1%97%AAOEHMWTmW/C_li%F3%95%A9%A9Wlq/d%F2%B7%8C%ABsG7%F1%91%90%90n/+0&aLe/'gtf8:/;.f3/ss\",\n          \"info\": \"\",\n          \"isSelectable\": true\n        },\n        \".]ii+ZF=Gd\": {\n          \"ay\": 1966,\n          \"match\": \"MCU1D\",\n          \"url\": \"https://wi66dqvsxslqvmx4r256.pl9vqn1cklmey5py7ybebanvmydlq3fxg9k811vvz2-fcnoj5uq8qo101d1lex.9a0bx5gydklszceq85hrc.pypvys/o*mlG'zL/'L/%E5%92%AAk\",\n          \"info\": \"\\\\E\",\n          \"isSelectable\": true,\n          \"]he\": {\n            \"name\": \"<L\",\n            \"ay\": 2022,\n            \"assign\": [\n              \"BVeMI\",\n              \"\",\n              \"_Z`Rl;^U9\",\n              \"P4Bj-g \",\n              \"\"\n            ],\n            \"match\": [],\n            \"satisfy\": \"R4D^+4>Cg=\",\n            \"url\": \"http://yth2x409g0.yl645bg4thaqlrn.b0fg8aayja465huwe9-6hm.k.b.glum/qkk/':H/3/)C=%F1%A9%9B%ADhi/b/9ju%F1%94%8C%97/rcr%F2%AF%84%B2%F2%98%8A%B5/6nTynZ3/l+&6%F3%A7%BD%A4/I~W@7%F1%9E%B2%9E3W7\",\n            \"info\": \"\\\"ps6.H\",\n            \"isSelectable\": true\n          },\n          \"G}7\": {\n            \"name\": \"e_n6/)t\",\n            \"match\": [\n              {\n                \"and\": [\n                  \"AEx\",\n                  \"DXO8P\",\n                  {\n                    \"and\": [\n                      \"QYO125\",\n                      \"NP01\",\n                      \"CYH2180\"\n                    ]\n                  }\n                ]\n              },\n              {\n                \"or\": [\n                  \"DC1*0\",\n                  {\n                    \"and\": [\n                      {\n                        \"pattern\": \"HJ4x6\",\n                        \"exclude\": \"JU1\",\n                        \"info\": \"ks-\"\n                      }\n                    ]\n                  },\n                  \"QV3C\"\n                ]\n              },\n              {\n                \"and\": [\n                  {\n                    \"or\": [\n                      {\n                        \"and\": [\n                          \"ULVx1*B\",\n                          {\n                            \"and\": [\n                              \"WN205B\",\n                              \"CKDx\"\n                            ]\n                          },\n                          \"BH6E\",\n                          \"NRSx80\"\n                        ]\n                      }\n                    ]\n                  },\n                  {\n                    \"pattern\": \"WKI3930C\",\n                    \"exclude\": [\n                      \"LZX0x*8\",\n                      \"QVN41\"\n                    ],\n                    \"info\": \"O%=HG*3\"\n                  },\n                  {\n                    \"or\": [\n                      {\n                        \"pattern\": \"UF4\",\n                        \"info\": \"w?0K%0\"\n                      },\n                      \"KG3539X\"\n                    ]\n                  },\n                  {\n                    \"pattern\": \"BL2\",\n                    \"exclude\": [\n                      \"GRM454\",\n                      \"AOI5Q\",\n                      \"NSUx27A\"\n                    ],\n                    \"info\": \"$\"\n                  }\n                ]\n              }\n            ],\n            \"satisfy\": {\n              \"mc\": \">=162\"\n            },\n            \"info\": \"7!q\",\n            \"isSelectable\": true\n          },\n          \"J?E?fX\": {\n            \"name\": \"BCl.r>8=\",\n            \"ay\": 1990,\n            \"assign\": \" +jV@<:L\",\n            \"url\": \"http://z.0.ngouqvnbe/%F3%A6%A8%BB$i3.\",\n            \"info\": \"Q\",\n            \"isSelectable\": true\n          },\n          \"qv\": {\n            \"name\": \"Wc&\",\n            \"ay\": 1964,\n            \"assign\": \">T(>71ZVeH\",\n            \"match\": [\n              \"ACD4\",\n              {\n                \"pattern\": \"XJ54X\",\n                \"info\": \"}/T4^E$n\"\n              }\n            ],\n            \"satisfy\": [\n              {\n                \"and\": [\n                  {\n                    \"or\": [\n                      \"w~f3pi\",\n                      \"^Lv\"\n                    ]\n                  },\n                  {\n                    \"or\": [\n                      \"\",\n                      {\n                        \"and\": [\n                          \"Zqsl*92\",\n                          \",fqO|aJ)\",\n                          \"j<'Q7'5|.\",\n                          \"\\\"RO+fw4zh\",\n                          \"eUeydZ,\"\n                        ]\n                      }\n                    ]\n                  },\n                  {\n                    \"mc\": \"<=126\"\n                  }\n                ]\n              },\n              \">sg pQ$K\",\n              {\n                \"or\": [\n                  {\n                    \"and\": [\n                      {\n                        \"and\": [\n                          {\n                            \"mc\": \"<=181\"\n                          },\n                          \"\",\n                          \"G)7\\\\\"\n                        ]\n                      },\n                      \"A&0R&uCc~/\"\n                    ]\n                  },\n                  \"~\\\\l0>'\",\n                  {\n                    \"and\": [\n                      \"zT\"\n                    ]\n                  },\n                  {\n                    \"or\": [\n                      \"'S:/#\",\n                      {\n                        \"and\": [\n                          \"$(R:xTzPc?\"\n                        ]\n                      },\n                      {\n                        \"mc\": \">=88\"\n                      },\n                      \"CZDv#W\"\n                    ]\n                  },\n                  {\n                    \"or\": [\n                      {\n                        \"or\": [\n                          \"rdMsr;\",\n                          \"bw8}\",\n                          {\n                            \"and\": []\n                          },\n                          \"02P19MBx\"\n                        ]\n                      },\n                      \"t-N*Zz\",\n                      {\n                        \"and\": [\n                          \"Cc\",\n                          {\n                            \"mc\": \"<=181\"\n                          },\n                          \"i7!Zz\\\\:\",\n                          {\n                            \"and\": [\n                              {\n                                \"and\": [\n                                  \":[K-vac9q<\",\n                                  \"VT@ps_z<Q?\"\n                                ]\n                              },\n                              \"CFv\",\n                              \"r4\"\n                            ]\n                          }\n                        ]\n                      }\n                    ]\n                  }\n                ]\n              },\n              {\n                \"mc\": \"<=142\"\n              },\n              {\n                \"and\": [\n                  {\n                    \"or\": [\n                      {\n                        \"mc\": \"<=52\"\n                      }\n                    ]\n                  },\n                  {\n                    \"or\": [\n                      \"B0W+Y\\\"\",\n                      \"21+6{@\",\n                      \"Ye/^iE\",\n                      {\n                        \"and\": [\n                          {\n                            \"or\": [\n                              \"Xj}}c=:Y:\",\n                              \"\",\n                              \"SvB\"\n                            ]\n                          },\n                          \"ru&[1V\",\n                          \"$Cx?\"\n                        ]\n                      },\n                      \"ps5\"\n                    ]\n                  },\n                  {\n                    \"and\": [\n                      \"$\"\n                    ]\n                  },\n                  {\n                    \"or\": [\n                      \"dUX@q$\",\n                      \"Kg-F\",\n                      \"Y\",\n                      {\n                        \"mc\": \"<=52\"\n                      },\n                      {\n                        \"mc\": \"<=127\"\n                      }\n                    ]\n                  },\n                  {\n                    \"or\": [\n                      {\n                        \"and\": []\n                      },\n                      \"Y.a\",\n                      {\n                        \"or\": []\n                      },\n                      \"jYG`q\"\n                    ]\n                  }\n                ]\n              }\n            ],\n            \"url\": \"https://zvg1v82uxqw3urdqsys9-3ocpvxbhu8pbmk2k96cr7w51vz3cl8cb-3l2flbbsy.2j24wshay7he.mkctyjr/lE\",\n            \"info\": \"e,I,\",\n            \"isSelectable\": true\n          },\n          \"\": {\n            \"name\": \"Yi9Y `{F1\",\n            \"ay\": 2022,\n            \"assign\": [\n              \"<$u'\",\n              \"~D=kX\",\n              \"5UO^\",\n              \"!<0\",\n              \"lZ%+B2i{Z\"\n            ],\n            \"match\": {\n              \"or\": [\n                \"XEO5M\",\n                \"PDI*824\"\n              ]\n            },\n            \"satisfy\": \"JT.B\",\n            \"url\": \"http://rrdfl1m2u2713r6b8udn6.ynqm8zvkx0i28whbq580ccfa643yn-ur3lrvp4hzjdaivhbku8e34hyk2o.kumkk/x%E1%9C%AA%F1%86%B3%89+20/mC(\",\n            \"info\": \"|S[1]TK=h\",\n            \"isSelectable\": true\n          }\n        }\n      },\n      \"2}<,~av\": {\n        \"name\": \">nQ=2y4tb3\",\n        \"ay\": 1952,\n        \"assign\": [\n          \"%t<q \",\n          \"Y*23!c&t\"\n        ],\n        \"match\": {\n          \"or\": [\n            \"UEK92*M\",\n            {\n              \"and\": []\n            }\n          ]\n        },\n        \"satisfy\": {\n          \"or\": [\n            \"\",\n            \"$7a^ru,<\",\n            {\n              \"or\": [\n                \"!zWD\",\n                {\n                  \"or\": [\n                    \"<;/`+*t\"\n                  ]\n                },\n                \"U\",\n                \"h&DS\",\n                \"\"\n              ]\n            },\n            \"Xz!3o+-%\",\n            {\n              \"and\": [\n                {\n                  \"or\": []\n                },\n                {\n                  \"mc\": \">=62\"\n                },\n                {\n                  \"and\": []\n                }\n              ]\n            }\n          ]\n        },\n        \"url\": \"http://y.bm/rE;MC6'wM-/SRMrH8OUj/,tbMu3/+T=fmD@Kx/zDaZt,h/%F2%BD%97%B8/s&2/12LA%F3%8F%80%AA5T/\",\n        \"info\": \"4+WAH\",\n        \"df\": {\n          \"name\": \"JI{oU/F@~~\",\n          \"ay\": 1976,\n          \"assign\": \"C\",\n          \"match\": \"ZOM8806X\",\n          \"satisfy\": \"oO>y\",\n          \"url\": \"https://n1k7gnq5uykyykm2s2myfigrgiee87.guob/6k/;h(TVVxz\",\n          \"isSelectable\": true,\n          \"o0#.z\\\"zzh_\": {\n            \"name\": \"ijmT\",\n            \"ay\": 1952,\n            \"assign\": [],\n            \"match\": [],\n            \"satisfy\": {\n              \"and\": []\n            },\n            \"url\": \"https://u9cnxumazkw6h2wtp844zqjk5c5-65nu2pg.ptxq/r//,pZI%F3%B7%AB%80c/%F2%A0%88%BA_*/wCQT'=lJiK/Zz9czM/)M/I\",\n            \"info\": \"L\",\n            \"isSelectable\": true\n          },\n          \"[[,4$F\": {\n            \"name\": \"'n/Fv\",\n            \"assign\": [\n              \"Xz&T=\"\n            ],\n            \"match\": [\n              {\n                \"and\": [\n                  \"WLY6x61G\",\n                  {\n                    \"pattern\": \"BT1x\",\n                    \"exclude\": \"RD1661\",\n                    \"info\": \"Gc2ak.(Ig\"\n                  },\n                  {\n                    \"or\": [\n                      {\n                        \"pattern\": \"UX224\",\n                        \"exclude\": [],\n                        \"info\": \"'u+3ZH4M}k\"\n                      },\n                      \"FN23x*\"\n                    ]\n                  }\n                ]\n              },\n              {\n                \"or\": [\n                  \"NS888\",\n                  \"MQE40Q\",\n                  {\n                    \"and\": []\n                  }\n                ]\n              },\n              {\n                \"pattern\": \"GAS*28\",\n                \"exclude\": \"ZIW38\",\n                \"info\": \"ff\"\n              },\n              {\n                \"and\": [\n                  {\n                    \"or\": [\n                      \"VH53\",\n                      \"HWY606x\",\n                      {\n                        \"or\": [\n                          {\n                            \"or\": [\n                              \"KW4x2\",\n                              {\n                                \"pattern\": \"XRE*673F\",\n                                \"info\": \"Q)Hi\"\n                              }\n                            ]\n                          },\n                          \"PXT64x1\",\n                          \"ITN1A\",\n                          {\n                            \"or\": [\n                              \"LIxC\",\n                              \"ZY518R\",\n                              \"VD0798A\",\n                              \"ER5\",\n                              \"GK6918\"\n                            ]\n                          }\n                        ]\n                      },\n                      {\n                        \"pattern\": \"XXx*7L\",\n                        \"info\": \"\"\n                      },\n                      \"FOG61*\"\n                    ]\n                  },\n                  {\n                    \"or\": [\n                      {\n                        \"or\": [\n                          \"VVU360D\",\n                          {\n                            \"or\": []\n                          },\n                          \"SB7\",\n                          \"LGU02C\",\n                          \"PJN47\"\n                        ]\n                      }\n                    ]\n                  }\n                ]\n              },\n              {\n                \"pattern\": \"LFJ44x\",\n                \"info\": \"2kNBbZb\"\n              }\n            ],\n            \"url\": \"http://4.o.5zq7hyllai4vtdwchrd3a0la9bye.rdh51beynd8j4v.tt7y-seo3ej8eh3s9xdizsvxq13j3e8tz1reuyxh.mkyqszzk/)qE/Hoo7I-%F3%82%BB%A550d/R%F3%98%9F%A9_5H!/iS@7O&/6+/7+/CHy&&m8tG7\",\n            \"info\": \"H/<Dba\",\n            \"isSelectable\": true\n          },\n          \"\": {\n            \"name\": \"rt2'8\\\\\",\n            \"ay\": 1969,\n            \"assign\": \"C=\",\n            \"match\": {\n              \"and\": [\n                {\n                  \"and\": []\n                },\n                {\n                  \"pattern\": \"FOI0755O\",\n                  \"exclude\": [\n                    \"PC586Y\",\n                    \"EL32H\"\n                  ],\n                  \"info\": \"#q\"\n                },\n                {\n                  \"and\": [\n                    \"RV7*B\",\n                    \"MEF92C\"\n                  ]\n                }\n              ]\n            },\n            \"satisfy\": [\n              \"T*x75ZUqi\"\n            ],\n            \"url\": \"http://9fu64psm1vqs5hpqb7wx-66e60-xe5yr5lztmajqtq5.sunx/3kgB!I%F1%80%A9%894/1GT+*r+/;fDpDp&/%F0%9B%9E%9786C*/%F3%A9%87%A1qjz,oP/J/!%F3%B1%86%96_-RsQ/A_EPwA3=/%F1%87%86%946%F2%A2%9B%92A$K4MX\",\n            \"info\": \"I\"\n          },\n          \"l:hopxB\": {\n            \"ay\": 1986,\n            \"assign\": [\n              \"|\",\n              \"\",\n              \"hy4]d&*7+E\",\n              \"><|Sn\",\n              \"[V~y*\"\n            ],\n            \"match\": [\n              {\n                \"or\": [\n                  {\n                    \"or\": [\n                      {\n                        \"pattern\": \"ZL2\",\n                        \"exclude\": \"DPG4\",\n                        \"info\": \"_]7o\"\n                      }\n                    ]\n                  },\n                  {\n                    \"and\": [\n                      {\n                        \"or\": [\n                          \"MKL8x82H\"\n                        ]\n                      },\n                      {\n                        \"and\": [\n                          \"PY9xE\",\n                          {\n                            \"and\": [\n                              \"QNF18M\",\n                              {\n                                \"or\": [\n                                  \"QQ3T\"\n                                ]\n                              }\n                            ]\n                          }\n                        ]\n                      },\n                      {\n                        \"or\": [\n                          {\n                            \"or\": [\n                              {\n                                \"pattern\": \"QQE*\",\n                                \"exclude\": \"WF0H\",\n                                \"info\": \"wbM,GjQ&7M\"\n                              },\n                              \"JB8\",\n                              \"BN*38x\",\n                              \"QC35I\",\n                              \"OGY19E\"\n                            ]\n                          },\n                          {\n                            \"or\": []\n                          },\n                          \"NTF157T\",\n                          {\n                            \"and\": []\n                          },\n                          \"JJ96\"\n                        ]\n                      },\n                      {\n                        \"pattern\": \"RO28L\",\n                        \"exclude\": []\n                      },\n                      {\n                        \"and\": [\n                          \"VHQ4635J\",\n                          {\n                            \"or\": [\n                              \"KLA*082\",\n                              \"YJx030X\"\n                            ]\n                          },\n                          {\n                            \"pattern\": \"JDWx00x\",\n                            \"exclude\": [\n                              \"BJY320V\",\n                              \"EB*47\"\n                            ],\n                            \"info\": \"Rb9zF\"\n                          },\n                          \"OY3N\"\n                        ]\n                      }\n                    ]\n                  },\n                  {\n                    \"pattern\": \"OC9U\",\n                    \"exclude\": [\n                      \"QZD328x\"\n                    ],\n                    \"info\": \"HYnM6\"\n                  }\n                ]\n              }\n            ],\n            \"url\": \"http://wdwnhuic9jh9096jdc6b7rbp-05.pvyv5uug7lgi2v5dyd1ahjk0lphfruwn4s6i3--6rpvu9cjwta-vs5ubz.26yvoonh0i1lbjre7h46vm1si46ttjmd3tf.l.jjqz/%F0%AA%8C%9Bh,B&%F2%98%B6%8Do1Fu/qa3%F3%9E%B8%B0eih/BHYSG'g/t30H1/_%F2%A4%AB%AClU8/cn&(/F0JF/P,v(n@He/N%F0%A3%B9%B2U&4\",\n            \"info\": \"e`++sFFXpj\",\n            \"isSelectable\": true,\n            \"I~iw,Hr&\": {\n              \"name\": \"\",\n              \"ay\": 2020,\n              \"assign\": \"PHp3!\",\n              \"match\": [\n                {\n                  \"pattern\": \"OIU31R\",\n                  \"exclude\": \"GA58*4\",\n                  \"info\": \"\"\n                },\n                {\n                  \"pattern\": \"VBI73\",\n                  \"exclude\": [\n                    \"NLTx4Y\",\n                    \"LCM1*2\"\n                  ],\n                  \"info\": \"\"\n                },\n                \"XM*183\",\n                {\n                  \"and\": []\n                },\n                {\n                  \"or\": [\n                    {\n                      \"pattern\": \"PL85\",\n                      \"exclude\": \"DJ58\"\n                    },\n                    {\n                      \"or\": []\n                    }\n                  ]\n                }\n              ],\n              \"satisfy\": \"X3aHphL\",\n              \"url\": \"https://mt7x3p7izu9t8l2ori4s7jdpz43klgw0-7jsh8bk88sclld.c2csf0k4n8zcodq5ltm0b--g4y9pqd7fbellpjmx.plzp1s9vlywg6kgewoo0hfzrz2yeo3hd-rjj2scnmavajr.pgq/29EB/g/V4mP_u;@/%F1%8E%A7%81CMS/vM8%F1%94%81%A3;R/o=:ZM/gE/7rELmYH.z$/Q%EE%9A%99\",\n              \"info\": \"YR\"\n            },\n            \"F|>\\\\:#\": {\n              \"name\": \"PlN%I(\",\n              \"ay\": 2009,\n              \"assign\": \"1%nr\",\n              \"match\": {\n                \"or\": [\n                  {\n                    \"pattern\": \"LDR47x\",\n                    \"exclude\": []\n                  },\n                  {\n                    \"and\": [\n                      \"CBE5\",\n                      {\n                        \"or\": [\n                          \"TDP3\",\n                          \"PSP38\",\n                          {\n                            \"or\": [\n                              \"QJ4T\",\n                              {\n                                \"pattern\": \"EH32\",\n                                \"info\": \"{9;1&&\"\n                              },\n                              \"TEV591I\",\n                              \"PR9502\",\n                              \"SKK227\"\n                            ]\n                          }\n                        ]\n                      },\n                      {\n                        \"and\": []\n                      },\n                      \"MD60\"\n                    ]\n                  },\n                  \"BQ16x5\",\n                  {\n                    \"and\": []\n                  }\n                ]\n              },\n              \"satisfy\": {\n                \"mc\": \">=138\"\n              },\n              \"url\": \"https://cpxxs5qh2hgcb1e0q619gbs.n.f4xbgqemwbv4jnf4q.npngfl1x5ihxk5r7ma.7tduprgm08n4y-u73jmpbfhs9ie4gfl157kzhymtg0ri.muprfl/G@H/cS/4c/_7:k%F0%9D%91%83\",\n              \"info\": \"\",\n              \"isS
[...]
              "err": {},
              "uuid": "c3cf6c73-09bc-4565-8bbc-f828b95c82ea",
              "parentUUID": "0208cecc-39ed-4d09-934b-68f7a901e376",
              "isHook": false,
              "skipped": false
            },
            {
              "title": "should truncate list of modules with upper bound of MCs at exact cutoff if total MC count is higher and there exists some starting sequence with exact MC count",
              "fullTitle": "inequalitySatisfier should truncate list of modules with upper bound of MCs at exact cutoff if total MC count is higher and there exists some starting sequence with exact MC count",
              "timedOut": false,
              "duration": 1,
              "state": "passed",
              "speed": "fast",
              "pass": true,
              "fail": false,
              "pending": false,
              "context": null,
              "code": "const satisfier = (0, satisfiers_1.inequalitySatisfier)(ref, \"<=16\");\nsatisfier.should.have.property(\"filter\");\nconst { filter } = satisfier;\nisCorrectFilter(filter, modulesList1, [\n    \"CS2100\",\n    \"GER1000\",\n    \"CS2040S\",\n    \"ST2131\",\n]);",
              "err": {},
              "uuid": "3a60bf47-2105-4533-8bbf-0a0f9ce7316f",
              "parentUUID": "0208cecc-39ed-4d09-934b-68f7a901e376",
              "isHook": false,
              "skipped": false
            },
            {
              "title": "should truncate list of modules with upper bound of MCs, cutting off at the minimum starting sequence that exceeds upper bound, if total MC count is higher and there exists no starting sequence with exact MC count",
              "fullTitle": "inequalitySatisfier should truncate list of modules with upper bound of MCs, cutting off at the minimum starting sequence that exceeds upper bound, if total MC count is higher and there exists no starting sequence with exact MC count",
              "timedOut": false,
              "duration": 0,
              "state": "passed",
              "speed": "fast",
              "pass": true,
              "fail": false,
              "pending": false,
              "context": null,
              "code": "const satisfier = (0, satisfiers_1.inequalitySatisfier)(ref, \"<=17\");\nsatisfier.should.have.property(\"filter\");\nconst { filter } = satisfier;\nisCorrectFilter(filter, modulesList1, [\n    \"CS2100\",\n    \"GER1000\",\n    \"CS2040S\",\n    \"ST2131\",\n    \"MA1521\",\n]);",
              "err": {},
              "uuid": "85737ca5-9c48-4d8c-a52a-625c33a23335",
              "parentUUID": "0208cecc-39ed-4d09-934b-68f7a901e376",
              "isHook": false,
              "skipped": false
            }
          ],
          "suites": [],
          "passes": [
            "11dc46db-00d9-4cb5-8c01-2dfb42f733eb",
            "04e422ca-38b4-4e12-8998-c910b184dc4e",
            "902e6cc7-83f3-4046-a796-2566088b956d",
            "ba1074a3-8dd7-4f95-a0f3-b6f79a3372cc",
            "c3cf6c73-09bc-4565-8bbc-f828b95c82ea",
            "3a60bf47-2105-4533-8bbf-0a0f9ce7316f",
            "85737ca5-9c48-4d8c-a52a-625c33a23335"
          ],
          "failures": [],
          "pending": [],
          "skipped": [],
          "duration": 4,
          "root": false,
          "rootEmpty": false,
          "_timeout": 2000
        },
        {
          "uuid": "23ec178f-f854-4546-9845-07f7e3f355f3",
          "title": "inequalitySchema",
          "fullFile": "/home/runner/work/planwithus-lib/planwithus-lib/src/satisfyRule/inequality/schemas.test.ts",
          "file": "/src/satisfyRule/inequality/schemas.test.ts",
          "beforeHooks": [],
          "afterHooks": [],
          "tests": [
            {
              "title": "should validate inequality in the form <=n or >=n",
              "fullTitle": "inequalitySchema should validate inequality in the form <=n or >=n",
              "timedOut": false,
              "duration": 2,
              "state": "passed",
              "speed": "fast",
              "pass": true,
              "fail": false,
              "pending": false,
              "context": "[\n  {\n    \"title\": \"inequality sample 0\",\n    \"value\": \">=4\"\n  },\n  {\n    \"title\": \"inequality sample 1\",\n    \"value\": \">=34\"\n  },\n  {\n    \"title\": \"inequality sample 2\",\n    \"value\": \"<=40\"\n  },\n  {\n    \"title\": \"inequality sample 3\",\n    \"value\": \"<=45\"\n  },\n  {\n    \"title\": \"inequality sample 4\",\n    \"value\": \"<=1\"\n  },\n  {\n    \"title\": \"inequality sample 5\",\n    \"value\": \"<=1\"\n  },\n  {\n    \"title\": \"inequality sample 6\",\n    \"value\": \"<=2\"\n  },\n  {\n    \"title\": \"inequality sample 7\",\n    \"value\": \"<=3\"\n  },\n  {\n    \"title\": \"inequality sample 8\",\n    \"value\": \">=72\"\n  },\n  {\n    \"title\": \"inequality sample 9\",\n    \"value\": \"<=3\"\n  }\n]",
              "code": "(0, fast_check_1.sample)(index_test_2.inequality, 10).forEach((sample, i) => (0, addContext_1.default)(this, {\n    title: `inequality sample ${i}`,\n    value: sample,\n}));\nreturn (0, fast_check_1.assert)((0, fast_check_1.property)(index_test_2.inequality, ajvValidate));",
              "err": {},
              "uuid": "1d5b4ab5-1b28-406e-8408-e7dc8705d0a8",
              "parentUUID": "23ec178f-f854-4546-9845-07f7e3f355f3",
              "isHook": false,
              "skipped": false
            },
            {
              "title": "should not validate inequality of invalid form",
              "fullTitle": "inequalitySchema should not validate inequality of invalid form",
              "timedOut": false,
              "duration": 1,
              "state": "passed",
              "speed": "fast",
              "pass": true,
              "fail": false,
              "pending": false,
              "context": null,
              "code": "[\n        \"\",\n        \"==23\",\n        \"23\",\n        \"<23\",\n        \">23\",\n        \"<=-1\",\n        \">=-1\",\n        \"<= 2\",\n        \">= 1\",\n        \"> 3\",\n        \"< 3\",\n        \"<=3a\",\n        \">=3a\",\n        \"a<=3\",\n        \"a>=3\",\n    ].forEach(isInvalidInequality)",
              "err": {},
              "uuid": "b5453301-e6ac-4a40-a397-236a71fdec88",
              "parentUUID": "23ec178f-f854-4546-9845-07f7e3f355f3",
              "isHook": false,
              "skipped": false
            }
          ],
          "suites": [],
          "passes": [
            "1d5b4ab5-1b28-406e-8408-e7dc8705d0a8",
            "b5453301-e6ac-4a40-a397-236a71fdec88"
          ],
          "failures": [],
          "pending": [],
          "skipped": [],
          "duration": 3,
          "root": false,
          "rootEmpty": false,
          "_timeout": 2000
        },
        {
          "uuid": "2fb368ec-0ded-41c1-8092-8fb2a65d319a",
          "title": "satisfyRuleSchema",
          "fullFile": "/home/runner/work/planwithus-lib/planwithus-lib/src/satisfyRule/schemas.test.ts",
          "file": "/src/satisfyRule/schemas.test.ts",
          "beforeHooks": [],
          "afterHooks": [],
          "tests": [
            {
              "title": "should validate satisfy rule with valid block id",
              "fullTitle": "satisfyRuleSchema should validate satisfy rule with valid block id",
              "timedOut": false,
              "duration": 2,
              "state": "passed",
              "speed": "fast",
              "pass": true,
              "fail": false,
              "pending": false,
              "context": null,
              "code": "0, fast_check_1.assert)((0, fast_check_1.property)((0, fast_check_1.string)(), ajvValidate)",
              "err": {},
              "uuid": "097f3c61-6a97-4d65-8cd5-7c1fc0bf7d66",
              "parentUUID": "2fb368ec-0ded-41c1-8092-8fb2a65d319a",
              "isHook": false,
              "skipped": false
            },
            {
              "title": "should validate satisfy rules with valid mc",
              "fullTitle": "satisfyRuleSchema should validate satisfy rules with valid mc",
              "timedOut": false,
              "duration": 1,
              "state": "passed",
              "speed": "fast",
              "pass": true,
              "fail": false,
              "pending": false,
              "context": "[\n  {\n    \"title\": \"mcSatisfyRule sample 0\",\n    \"value\": {\n      \"mc\": \"<=4\"\n    }\n  },\n  {\n    \"title\": \"mcSatisfyRule sample 1\",\n    \"value\": {\n      \"mc\": \"<=175\"\n    }\n  },\n  {\n    \"title\": \"mcSatisfyRule sample 2\",\n    \"value\": {\n      \"mc\": \">=196\"\n    }\n  },\n  {\n    \"title\": \"mcSatisfyRule sample 3\",\n    \"value\": {\n      \"mc\": \">=7\"\n    }\n  },\n  {\n    \"title\": \"mcSatisfyRule sample 4\",\n    \"value\": {\n      \"mc\": \">=4\"\n    }\n  },\n  {\n    \"title\": \"mcSatisfyRule sample 5\",\n    \"value\": {\n      \"mc\": \">=4\"\n    }\n  },\n  {\n    \"title\": \"mcSatisfyRule sample 6\",\n    \"value\": {\n      \"mc\": \">=2\"\n    }\n  },\n  {\n    \"title\": \"mcSatisfyRule sample 7\",\n    \"value\": {\n      \"mc\": \"<=8\"\n    }\n  },\n  {\n    \"title\": \"mcSatisfyRule sample 8\",\n    \"value\": {\n      \"mc\": \">=17\"\n    }\n  },\n  {\n    \"title\": \"mcSatisfyRule sample 9\",\n    \"value\": {\n      \"mc\": \"<=169\"\n    }\n  }\n]",
              "code": "(0, fast_check_1.sample)(index_test_2.mcSatisfyRule, 10).forEach((sample, i) => (0, addContext_1.default)(this, {\n    title: `mcSatisfyRule sample ${i}`,\n    value: sample,\n}));\nreturn (0, fast_check_1.assert)((0, fast_check_1.property)(index_test_2.mcSatisfyRule, ajvValidate));",
              "err": {},
              "uuid": "2dc3c45e-48b2-4650-bd19-5cac80429e04",
              "parentUUID": "2fb368ec-0ded-41c1-8092-8fb2a65d319a",
              "isHook": false,
              "skipped": false
            },
            {
              "title": "should validate valid recursive satisfy rules",
              "fullTitle": "satisfyRuleSchema should validate valid recursive satisfy rules",
              "timedOut": false,
              "duration": 4,
              "state": "passed",
              "speed": "fast",
              "pass": true,
              "fail": false,
              "pending": false,
              "context": "[\n  {\n    \"title\": \"satisfyRule sample 0\",\n    \"value\": {\n      \"mc\": \"<=5\"\n    }\n  },\n  {\n    \"title\": \"satisfyRule sample 1\",\n    \"value\": {\n      \"or\": [\n        {\n          \"mc\": \"<=98\"\n        }\n      ]\n    }\n  },\n  {\n    \"title\": \"satisfyRule sample 2\",\n    \"value\": {\n      \"mc\": \">=43\"\n    }\n  },\n  {\n    \"title\": \"satisfyRule sample 3\",\n    \"value\": \" \"\n  },\n  {\n    \"title\": \"satisfyRule sample 4\",\n    \"value\": {\n      \"mc\": \">=6\"\n    }\n  },\n  {\n    \"title\": \"satisfyRule sample 5\",\n    \"value\": {\n      \"or\": [\n        {\n          \"or\": [\n            \"#YQ\",\n            {\n              \"mc\": \"<=81\"\n            },\n            \"oP/\"\n          ]\n        },\n        {\n          \"or\": [\n            \"V9l\"\n          ]\n        },\n        \"R$-{LD\",\n        {\n          \"and\": [\n            \"Z\",\n            {\n              \"mc\": \"<=122\"\n            },\n            \"_T\",\n            \"_Cmff[C\",\n            {\n              \"or\": [\n                \"AS\",\n                \"7SPb4t##/\",\n                {\n                  \"or\": [\n                    \"_J\",\n                    \"h\\\\nRkMv9^g\",\n                    {\n                      \"and\": [\n                        {\n                          \"and\": [\n                            \"ctKDiA\\\"S/\",\n                            \"z<1cq@ie\",\n                            \"^6\",\n                            {\n                              \"and\": []\n                            }\n                          ]\n                        },\n                        \"RKOobXx<\\\\V\",\n                        \"}X?[15K4\",\n                        \"E\"\n                      ]\n                    },\n                    \"7!\",\n                    \"<-?=do3<d\"\n                  ]\n                }\n              ]\n            }\n          ]\n        }\n      ]\n    }\n  },\n  {\n    \"title\": \"satisfyRule sample 6\",\n    \"value\": {\n      \"mc\": \">=153\"\n    }\n  },\n  {\n    \"title\": \"satisfyRule sample 7\",\n    \"value\": {\n      \"or\": [\n        {\n          \"and\": [\n            {\n              \"mc\": \">=73\"\n            },\n            \"JhB@*\",\n            \"(~!\\\"wp\"\n          ]\n        },\n        {\n          \"and\": []\n        }\n      ]\n    }\n  },\n  {\n    \"title\": \"satisfyRule sample 8\",\n    \"value\": \"('MF8${j^\"\n  },\n  {\n    \"title\": \"satisfyRule sample 9\",\n    \"value\": {\n      \"or\": [\n        \"~L3Qn[&\"\n      ]\n    }\n  }\n]",
              "code": "(0, fast_check_1.sample)(index_test_2.satisfyRule, 10).forEach((sample, i) => (0, addContext_1.default)(this, {\n    title: `satisfyRule sample ${i}`,\n    value: sample,\n}));\nreturn (0, fast_check_1.assert)((0, fast_check_1.property)(index_test_2.satisfyRule, ajvValidate));",
              "err": {},
              "uuid": "9f3956ce-19db-4432-9a82-842637bae311",
              "parentUUID": "2fb368ec-0ded-41c1-8092-8fb2a65d319a",
              "isHook": false,
              "skipped": false
            },
            {
              "title": "should not validate non-string/object",
              "fullTitle": "satisfyRuleSchema should not validate non-string/object",
              "timedOut": false,
              "duration": 1,
              "state": "passed",
              "speed": "fast",
              "pass": true,
              "fail": false,
              "pending": false,
              "context": null,
              "code": "const error = {\n    instancePath: \"\",\n    message: \"satisfy rule should be either a string or an object\",\n};\nisInvalidRule(null, error);\nisInvalidRule(undefined, error);\nisInvalidRule(10, error);\nisInvalidRule([12, 24], error);",
              "err": {},
              "uuid": "c6d771b7-33f4-4fbd-99e9-61e41b9f0864",
              "parentUUID": "2fb368ec-0ded-41c1-8092-8fb2a65d319a",
              "isHook": false,
              "skipped": false
            },
            {
              "title": "should not validate satisfy rules with extra properties",
              "fullTitle": "satisfyRuleSchema should not validate satisfy rules with extra properties",
              "timedOut": false,
              "duration": 1,
              "state": "passed",
              "speed": "fast",
              "pass": true,
              "fail": false,
              "pending": false,
              "context": null,
              "code": "isInvalidRule({\n        and: [\n            { or: [\"2k\"], abc: \"def\" },\n            { mc: 8, ghi: \"jkl\" },\n        ],\n        mno: \"pqr\",\n    }, {\n        instancePath: \"/and/0\",\n        message: \"or satisfy rule should have property 'or' only\",\n    }, {\n        instancePath: \"/and/1\",\n        message: \"MC satisfy rule should have property 'mc' only\",\n    }, {\n        instancePath: \"\",\n        message: \"and satisfy rule should have property 'and' only\",\n    })",
              "err": {},
              "uuid": "444d5f41-365d-42fd-b63b-9516007fbf2f",
              "parentUUID": "2fb368ec-0ded-41c1-8092-8fb2a65d319a",
              "isHook": false,
              "skipped": false
            },
            {
              "title": "should not validate ambiguous satisfy rules",
              "fullTitle": "satisfyRuleSchema should not validate ambiguous satisfy rules",
              "timedOut": false,
              "duration": 0,
              "state": "passed",
              "speed": "fast",
              "pass": true,
              "fail": false,
              "pending": false,
              "context": null,
              "code": "const message = \"satisfy rule should have only one of properties 'mc', 'and', 'or'\";\nisInvalidRule({\n    or: [\n        { mc: 5, and: [\"CS2040\"] },\n        { and: [{ and: [\"abc\"], or: [\"def\"] }] },\n    ],\n}, { instancePath: \"/or/0\", message }, { instancePath: \"/or/1/and/0\", message });",
              "err": {},
              "uuid": "57278d12-79aa-4fed-b567-5b28c9bea22f",
              "parentUUID": "2fb368ec-0ded-41c1-8092-8fb2a65d319a",
              "isHook": false,
              "skipped": false
            },
            {
              "title": "should not validate and satisfy rules with non-array property",
              "fullTitle": "satisfyRuleSchema should not validate and satisfy rules with non-array property",
              "timedOut": false,
              "duration": 1,
              "state": "passed",
              "speed": "fast",
              "pass": true,
              "fail": false,
              "pending": false,
              "context": null,
              "code": "const message = \"property 'and' should be an array of satisfy rules\";\nisInvalidRule({ or: [{ and: {} }, { or: [{ and: 3 }] }] }, { instancePath: \"/or/0/and\", message }, { instancePath: \"/or/1/or/0/and\", message });",
              "err": {},
              "uuid": "a8f40d7e-9f14-43ff-9d18-b7ff9f9e66f2",
              "parentUUID": "2fb368ec-0ded-41c1-8092-8fb2a65d319a",
              "isHook": false,
              "skipped": false
            },
            {
              "title": "should not validate or satisfy rules with non-array property",
              "fullTitle": "satisfyRuleSchema should not validate or satisfy rules with non-array property",
              "timedOut": false,
              "duration": 0,
              "state": "passed",
              "speed": "fast",
              "pass": true,
              "fail": false,
              "pending": false,
              "context": null,
              "code": "const message = \"property 'or' should be an array of satisfy rules\";\nisInvalidRule({ and: [{ or: {} }, { and: [{ or: 3 }] }] }, { instancePath: \"/and/0/or\", message }, { instancePath: \"/and/1/and/0/or\", message });",
              "err": {},
              "uuid": "ce9e55fd-579d-429a-b437-f7002f86b7b2",
              "parentUUID": "2fb368ec-0ded-41c1-8092-8fb2a65d319a",
              "isHook": false,
              "skipped": false
            }
          ],
          "suites": [],
          "passes": [
            "097f3c61-6a97-4d65-8cd5-7c1fc0bf7d66",
            "2dc3c45e-48b2-4650-bd19-5cac80429e04",
            "9f3956ce-19db-4432-9a82-842637bae311",
            "c6d771b7-33f4-4fbd-99e9-61e41b9f0864",
            "444d5f41-365d-42fd-b63b-9516007fbf2f",
            "57278d12-79aa-4fed-b567-5b28c9bea22f",
            "a8f40d7e-9f14-43ff-9d18-b7ff9f9e66f2",
            "ce9e55fd-579d-429a-b437-f7002f86b7b2"
          ],
          "failures": [],
          "pending": [],
          "skipped": [],
          "duration": 10,
          "root": false,
          "rootEmpty": false,
          "_timeout": 2000
        }
      ],
      "passes": [],
      "failures": [],
      "pending": [],
      "skipped": [],
      "duration": 0,
      "root": true,
      "rootEmpty": true,
      "_timeout": 2000
    }
  ],
  "meta": {
    "mocha": {
      "version": "9.1.4"
    },
    "mochawesome": {
      "options": {
        "quiet": false,
        "reportFilename": "mochawesome",
        "saveHtml": true,
        "saveJson": true,
        "consoleReporter": "spec",
        "useInlineDiffs": false,
        "code": true
      },
      "version": "7.0.1"
    },
    "marge": {
      "options": {
        "reportDir": "docs"
      },
      "version": "6.0.1"
    }
  }
}