{
  "stats": {
    "suites": 10,
    "tests": 48,
    "passes": 48,
    "pending": 0,
    "failures": 0,
    "start": "2021-12-13T10:00:43.720Z",
    "end": "2021-12-13T10:00:44.001Z",
    "duration": 281,
    "testsRegistered": 48,
    "passPercent": 100,
    "pendingPercent": 0,
    "other": 0,
    "hasOther": false,
    "skipped": 0,
    "hasSkipped": false
  },
  "results": [
    {
      "uuid": "1a1071cf-7104-4ef3-8fbc-a2103159756b",
      "title": "",
      "fullFile": "",
      "file": "",
      "beforeHooks": [],
      "afterHooks": [],
      "tests": [],
      "suites": [
        {
          "uuid": "a453af2e-ea8b-4f26-b6bc-9aaa6d6c8577",
          "title": "initDirectories",
          "fullFile": "/home/runner/work/planwithus-lib/planwithus-lib/src/block/schemas.test.ts",
          "file": "/src/block/schemas.test.ts",
          "beforeHooks": [],
          "afterHooks": [],
          "tests": [
            {
              "title": "should parse all blocks with no errors",
              "fullTitle": "initDirectories should parse all blocks with no errors",
              "timedOut": false,
              "duration": 3,
              "state": "passed",
              "speed": "fast",
              "pass": true,
              "fail": false,
              "pending": false,
              "context": null,
              "code": "_1.initDirectories.should.not.throw()",
              "err": {},
              "uuid": "f9a81459-74e2-4e19-8833-09470a444f3d",
              "parentUUID": "a453af2e-ea8b-4f26-b6bc-9aaa6d6c8577",
              "isHook": false,
              "skipped": false
            },
            {
              "title": "should produce primary, second & minor directories",
              "fullTitle": "initDirectories should produce primary, second & minor directories",
              "timedOut": false,
              "duration": 2,
              "state": "passed",
              "speed": "fast",
              "pass": true,
              "fail": false,
              "pending": false,
              "context": null,
              "code": "const directories = (0, _1.initDirectories)();\ndirectories.should.have.property(\"primary\");\ndirectories.should.have.property(\"second\");\ndirectories.should.have.property(\"minor\");",
              "err": {},
              "uuid": "48ec9bc3-785d-4faa-8b97-7358cc3f7233",
              "parentUUID": "a453af2e-ea8b-4f26-b6bc-9aaa6d6c8577",
              "isHook": false,
              "skipped": false
            }
          ],
          "suites": [],
          "passes": [
            "f9a81459-74e2-4e19-8833-09470a444f3d",
            "48ec9bc3-785d-4faa-8b97-7358cc3f7233"
          ],
          "failures": [],
          "pending": [],
          "skipped": [],
          "duration": 5,
          "root": false,
          "rootEmpty": false,
          "_timeout": 2000
        },
        {
          "uuid": "11cf9bda-c384-4dd5-89bd-4064b193c2e4",
          "title": "blockSchema",
          "fullFile": "/home/runner/work/planwithus-lib/planwithus-lib/src/block/schemas.test.ts",
          "file": "/src/block/schemas.test.ts",
          "beforeHooks": [],
          "afterHooks": [],
          "tests": [
            {
              "title": "should validate valid block",
              "fullTitle": "blockSchema should validate valid block",
              "timedOut": false,
              "duration": 172,
              "state": "passed",
              "speed": "slow",
              "pass": true,
              "fail": false,
              "pending": false,
              "context": "[\n  {\n    \"title\": \"block sample 0\",\n    \"value\": {\n      \"name\": \" %\",\n      \"ay\": 1955,\n      \"assign\": \"_z\",\n      \"match\": {\n        \"and\": [\n          {\n            \"pattern\": \"QD8*25P\",\n            \"exclude\": [],\n            \"info\": \"\\\"Zu4\\\"9yB\"\n          },\n          {\n            \"and\": [\n              \"UH4E\",\n              {\n                \"and\": [\n                  {\n                    \"pattern\": \"HZGxN\",\n                    \"info\": \"L\"\n                  },\n                  {\n                    \"or\": [\n                      \"HDL07L\",\n                      {\n                        \"or\": []\n                      },\n                      {\n                        \"pattern\": \"SL4\",\n                        \"exclude\": [\n                          \"FSR0753U\",\n                          \"YPE08I\"\n                        ],\n                        \"info\": \"K&Q.\"\n                      },\n                      \"KVU3\",\n                      \"ZYI60E\"\n                    ]\n                  }\n                ]\n              },\n              \"KKQ*30\",\n              {\n                \"and\": []\n              }\n            ]\n          }\n        ]\n      },\n      \"satisfy\": [\n        {\n          \"mc\": \"<=147\"\n        }\n      ],\n      \"info\": \" d\",\n      \"~*fkx\": {\n        \"name\": \"9iD\",\n        \"ay\": 2014,\n        \"assign\": [\n          \"D&m.|.\"\n        ],\n        \"match\": [\n          {\n            \"pattern\": \"YUA4\",\n            \"info\": \"4 \"\n          },\n          {\n            \"pattern\": \"YS3x\",\n            \"exclude\": [\n              \"PXL5T\",\n              \"DWV199\",\n              \"HN933\",\n              \"JBW22\"\n            ],\n            \"info\": \"h'\"\n          }\n        ],\n        \"satisfy\": {\n          \"and\": [\n            {\n              \"or\": [\n                \"d\",\n                {\n                  \"and\": [\n                    \"ex[Fu(r'.\",\n                    {\n                      \"and\": []\n                    },\n                    \"T)Gq[?3\",\n                    {\n                      \"and\": [\n                        \"06ytb\",\n                        {\n                          \"or\": [\n                            \"rhXeB#xsv\",\n                            \"ol:k7:/lx7\",\n                            {\n                              \"and\": [\n                                \"\",\n                                \"(ac-YB-9r\",\n                                \"^'Q\",\n                                \"*~,.5\"\n                              ]\n                            },\n                            \"G\",\n                            \"iN\"\n                          ]\n                        }\n                      ]\n                    },\n                    \"&9\"\n                  ]\n                },\n                \"!Q\",\n                \"h iztK\"\n              ]\n            },\n            {\n              \"or\": [\n                \"vf}{H\"\n              ]\n            },\n            \"oZ+s&)E8',\",\n            {\n              \"and\": [\n                {\n                  \"mc\": \">=102\"\n                },\n                {\n                  \"mc\": \">=77\"\n                },\n                {\n                  \"and\": []\n                },\n                {\n                  \"and\": [\n                    \"AngOU2'\",\n                    \"q~Ne5[\",\n                    {\n                      \"mc\": \">=185\"\n                    },\n                    \"=>(/Bx\"\n                  ]\n                },\n                \"Kjz@x*x\"\n              ]\n            }\n          ]\n        },\n        \"url\": \"https://avw2n8r45z0naqf5d0.y.6duukwyxfrtdvh-6wjwwc93ha92-hqkags.xvfclrtcb/1B;h)-iA./x_FC'b%F2%87%BA%98,e/f.6/nG'/+Hr/'5%F3%9E%BD%8CEqU832e/%E7%B0%80\",\n        \"info\": \"J)\",\n        \"isSelectable\": true,\n        \"j\": {\n          \"name\": \"=(p`lS|2`e\",\n          \"ay\": 2026,\n          \"assign\": [\n            \"\",\n            \"k`iHr$#UM\",\n            \"JB<&;`K$\"\n          ],\n          \"match\": [\n            {\n              \"or\": [\n                {\n                  \"pattern\": \"PJ710\",\n                  \"exclude\": \"VEVx668S\",\n                  \"info\": \"}\\\\0Khw~)bp\"\n                },\n                \"ZY524\",\n                \"TTSx508W\"\n              ]\n            },\n            {\n              \"pattern\": \"XYF0Z\",\n              \"exclude\": \"JQV6647\",\n              \"info\": \"qWi\"\n            }\n          ],\n          \"satisfy\": [],\n          \"url\": \"http://a.qavwcniezi/yJkq:W:wn//KC.u/fmBqM$3/$d(p.$)U7N\",\n          \"info\": \"!^\\\"\",\n          \"isSelectable\": true\n        }\n      },\n      \"Ixm'0\": {\n        \"name\": \"l~6}Z\",\n        \"ay\": 1999,\n        \"assign\": [],\n        \"match\": {\n          \"or\": [\n            {\n              \"or\": [\n                \"TIR0531S\"\n              ]\n            }\n          ]\n        },\n        \"satisfy\": [\n          {\n            \"mc\": \"<=172\"\n          },\n          {\n            \"and\": [\n              \"d7p;hX\",\n              \"\"\n            ]\n          },\n          {\n            \"mc\": \"<=96\"\n          }\n        ],\n        \"url\": \"http://ohhix6abu9vnpl8il38v3j0gyruijycml91iyxxa.ovcnmsnes/n%E9%93%99/ON/%F2%B4%A1%A2kzbz%F1%8C%B1%B3o1/QJ7K/D:Jj/jvxod_Ae//Q:\",\n        \"info\": \"$^SdX~\",\n        \"isSelectable\": true\n      },\n      \"Ed7kwPh\\\\b>\": {\n        \"name\": \"v[Z`zLhL59\",\n        \"match\": [\n          \"RIx203\",\n          {\n            \"and\": []\n          },\n          {\n            \"or\": [\n              {\n                \"pattern\": \"FC9136V\",\n                \"info\": \"x9\"\n              }\n            ]\n          },\n          {\n            \"or\": [\n              {\n                \"or\": []\n              }\n            ]\n          },\n          {\n            \"or\": [\n              \"ACG94\",\n              \"KJ4\",\n              \"DM8171E\",\n              {\n                \"or\": [\n                  \"TKQ7\",\n                  \"NXL8336M\",\n                  \"UJ97\",\n                  \"NOR1284\"\n                ]\n              },\n              {\n                \"or\": [\n                  {\n                    \"or\": [\n                      \"QJEx*3I\",\n                      \"HE*80\",\n                      {\n                        \"pattern\": \"HDV47*5\",\n                        \"exclude\": \"EE0x00R\",\n                        \"info\": \"m.5D\"\n                      }\n                    ]\n                  },\n                  \"NXxD\"\n                ]\n              }\n            ]\n          }\n        ],\n        \"satisfy\": [\n          \"+q\",\n          {\n            \"mc\": \">=169\"\n          },\n          {\n            \"mc\": \">=29\"\n          },\n          {\n            \"and\": [\n              {\n                \"and\": [\n                  \"\",\n                  {\n                    \"mc\": \">=175\"\n                  },\n                  \"Jp|wqIM8\",\n                  {\n                    \"and\": [\n                      \"#+8NSB\"\n                    ]\n                  },\n                  \"/`@y\\\"},[2U\"\n                ]\n              },\n              {\n                \"and\": [\n                  {\n                    \"or\": []\n                  },\n                  \"psE0o\",\n                  \"oHH\\\\tm<)C\",\n                  \"#!(,jWAH^b\"\n                ]\n              },\n              {\n                \"and\": [\n                  {\n                    \"mc\": \">=52\"\n                  },\n                  {\n                    \"mc\": \"<=181\"\n                  }\n                ]\n              }\n            ]\n          },\n          {\n            \"or\": [\n              \"h5q:b0\",\n              {\n                \"and\": [\n                  \":\"\n                ]\n              },\n              {\n                \"and\": [\n                  \"]P(0U\\\"[G\",\n                  \"ww\",\n                  {\n                    \"and\": [\n                      {\n                        \"and\": [\n                          \"gf4oxJnyvF\",\n                          \"@DaLHSL#\",\n                          \"`3\"\n                        ]\n                      }\n                    ]\n                  }\n                ]\n              },\n              {\n                \"and\": [\n                  \"\\\\(zk@g\",\n                  \"yhG\",\n                  \"GsG@_WC\"\n                ]\n              }\n            ]\n          }\n        ],\n        \"url\": \"https://u.j.gg.o1qduemhl1q3q2fc9u5ebpk8gjp2ev8mkkhrq6kr285l39i8h8wzsre.xuffqxn/F,5c4+V/O*1L_$qy/H.%F1%AC%95%8ET/%F3%A5%A5%95_&%F1%8C%BA%928McS+/G;/%F3%BC%88%BAxU*Vn%F2%89%96%85\",\n        \"isSelectable\": true\n      }\n    }\n  },\n  {\n    \"title\": \"block sample 1\",\n    \"value\": {\n      \"ay\": 2010,\n      \"assign\": [],\n      \"match\": [\n        {\n          \"or\": []\n        },\n        {\n          \"and\": [\n            {\n              \"or\": [\n                {\n                  \"or\": [\n                    \"GAx6G\",\n                    \"WL*5I\",\n                    {\n                      \"or\": [\n                        \"GUP6B\",\n                        \"SOIx133P\",\n                        \"TNx2Q\"\n                      ]\n                    }\n                  ]\n                },\n                \"EYM1S\"\n              ]\n            },\n            {\n              \"pattern\": \"WXH1U\",\n              \"exclude\": \"UWI761\",\n              \"info\": \"=Z\"\n            },\n            {\n              \"and\": []\n            },\n            {\n              \"or\": [\n                {\n                  \"pattern\": \"WMS0\",\n                  \"exclude\": [\n                    \"JT696F\"\n                  ],\n                  \"info\": \"c]EXh;3=\"\n                },\n                \"FLS59*\",\n                {\n                  \"and\": [\n                    \"WF1J\",\n                    \"ECT8\",\n                    {\n                      \"pattern\": \"XWS955L\",\n                      \"exclude\": [\n                        \"HAF513R\",\n                        \"QWF*x\"\n                      ],\n                      \"info\": \"P@\"\n                    },\n                    {\n                      \"and\": [\n                        \"DMV614\"\n                      ]\n                    }\n                  ]\n                },\n                {\n                  \"and\": []\n                },\n                \"DKQ96xY\"\n              ]\n            },\n            {\n              \"and\": [\n                \"RAE*X\",\n                {\n                  \"pattern\": \"BR0*1R\",\n                  \"exclude\": \"WV148T\",\n                  \"info\": \"(!/\"\n                }\n              ]\n            }\n          ]\n        }\n      ],\n      \"satisfy\": {\n        \"or\": [\n          \"SCAz?\",\n          {\n            \"or\": [\n              \"FpYDGy\",\n              \"e)r$\"\n            ]\n          },\n          \"g5)\",\n          {\n            \"mc\": \"<=31\"\n          }\n        ]\n      },\n      \"url\": \"http://5.b5kbz-af3zjicy-11j-e398.f.lkpy/vd/T/w5'x=t$Ry//Oi/%F1%9B%B3%9Fd8%F4%8D%84%BFv/pMpHz/G;DM%F0%B4%94%8DNULEQ/7=DqleKG\",\n      \"info\": \";\",\n      \"isSelectable\": true\n    }\n  },\n  {\n    \"title\": \"block sample 2\",\n    \"value\": {\n      \"name\": \"<Y/9\\\\vqj<x\",\n      \"ay\": 2030,\n      \"assign\": [\n        \"}?!!)h(\",\n        \"Z\",\n        \">sD8hy!3Mg\",\n        \"Jo\",\n        \"v:!/m\\\\\"\n      ],\n      \"match\": [\n        {\n          \"pattern\": \"RMN7\",\n          \"exclude\": [\n            \"GL6O\",\n            \"RDO5\"\n          ],\n          \"info\": \"-e~@nC\"\n        },\n        \"PQxx\",\n        {\n          \"or\": []\n        },\n        \"QI39V\"\n      ],\n      \"info\": \"\\\"'%}%\",\n      \"isSelectable\": true\n    }\n  },\n  {\n    \"title\": \"block sample 3\",\n    \"value\": {\n      \"name\": \"W.I  U?h\",\n      \"ay\": 2028,\n      \"assign\": [\n        \"%*\"\n      ],\n      \"url\": \"http://v.9z3e9-e0zrt56.evdbkdje/c4/G/-*xJvOGru/,dP3.V%F2%AF%94%ADp/.u,&/r9wxBc6U%F4%8A%85%9Fe\",\n      \"info\": \"n\",\n      \"isSelectable\": true\n    }\n  },\n  {\n    \"title\": \"block sample 4\",\n    \"value\": {\n      \"name\": \"%w$\\\"0h{y5\",\n      \"ay\": 1954,\n      \"assign\": [],\n      \"match\": {\n        \"or\": [\n          {\n            \"pattern\": \"UV17B\",\n            \"exclude\": [\n              \"EZWxP\",\n              \"FI7076\"\n            ],\n            \"info\": \"72$?kYN_'1\"\n          },\n          {\n            \"pattern\": \"AA*9\",\n            \"exclude\": \"PIO9862\",\n            \"info\": \"$Gf!Y@z%$K\"\n          }\n        ]\n      },\n      \"satisfy\": [\n        {\n          \"and\": [\n            \"9G|Q\",\n            {\n              \"or\": []\n            },\n            \"2>EEP/$7WE\",\n            {\n              \"and\": [\n                {\n                  \"and\": [\n                    {\n                      \"or\": [\n                        \"\"\n                      ]\n                    },\n                    \"<l\",\n                    {\n                      \"or\": []\n                    },\n                    \"A`gD90\",\n                    {\n                      \"and\": [\n                        \"${-\",\n                        \"Ra\",\n                        \" W\",\n                        \"R\",\n                        \"S X`\"\n                      ]\n                    }\n                  ]\n                }\n              ]\n            }\n          ]\n        },\n        \"d5(u\",\n        {\n          \"or\": [\n            \"'&9=R(\",\n            \"_B~OK=bXR\"\n          ]\n        }\n      ],\n      \"info\": \"\",\n      \"isSelectable\": true\n    }\n  },\n  {\n    \"title\": \"block sample 5\",\n    \"value\": {\n      \"name\": \"~!&P&:Vvq9\",\n      \"ay\": 1988,\n      \"match\": [\n        {\n          \"and\": [\n            {\n              \"pattern\": \"WS02*C\",\n              \"info\": \"/&u0#L5\"\n            }\n          ]\n        }\n      ],\n      \"satisfy\": [\n        {\n          \"or\": [\n            {\n              \"mc\": \">=101\"\n            },\n            {\n              \"and\": [\n                \")k`U9\",\n                {\n                  \"mc\": \">=35\"\n                }\n              ]\n            },\n            {\n              \"and\": [\n                \"UlkcpO>\",\n                \"ySQ\"\n              ]\n            },\n            {\n              \"or\": [\n                {\n                  \"and\": []\n                },\n                {\n                  \"or\": [\n                    \"1d:W{c+Ko\",\n                    {\n                      \"mc\": \"<=185\"\n                    },\n                    \"}Df]x;\",\n                    \"#JXhVV\",\n                    \"p+OT\"\n                  ]\n                },\n                {\n                  \"and\": []\n                }\n              ]\n            },\n            {\n              \"mc\": \">=151\"\n            }\n          ]\n        },\n        \"c\\\" d/`:s1_\",\n        {\n          \"mc\": \">=73\"\n        },\n        {\n          \"and\": [\n            {\n              \"or\": [\n                {\n                  \"and\": []\n                }\n              ]\n            },\n            {\n              \"or\": [\n                \"d\",\n                \"i6\\\"$?*=Tnw\"\n              ]\n            },\n            {\n              \"and\": [\n                {\n                  \"and\": [\n                    {\n                      \"or\": [\n                        {\n                          \"and\": [\n                            \".O1\"\n                          ]\n                        },\n                        \"6]Oo \",\n                        \"_=zCh9_\"\n                      ]\n                    },\n                    {\n                      \"mc\": \">=191\"\n                    }\n                  ]\n                },\n                {\n                  \"or\": [\n                    {\n                      \"or\": [\n                        \"RSLRs}\\\\LxO\",\n                        {\n                          \"or\": [\n                            \"JngL3/T6@\",\n                            \"Ar<e\",\n                            \"Hz70KP~\",\n                            \"xx\"\n                          ]\n                        },\n                        \"\"\n                      ]\n                    },\n                    \"Hqzq&n\\\"3\",\n                    \"\",\n                    {\n                      \"and\": [\n                        \"oG$5l\",\n                        \"c#)x#}\"\n                      ]\n                    },\n                    \"rb$&o(\"\n                  ]\n                },\n                \"lv(ud1!4-\",\n                \",L&t2p=T\",\n                \"K?rI!\"\n              ]\n            },\n            {\n              \"or\": [\n                \"\\\"\"\n              ]\n            }\n          ]\n        },\n        {\n          \"mc\": \">=35\"\n        }\n      ],\n      \"url\": \"http://5h6dm8cw83j3xsfoebx6bo0ljfz5kq.h98.dc8e.yl-vt29fder5-55uijbcdwz.xp/@pmjuDax/@a/&.IC/el%F3%8D%B9%818//eX%F0%94%93%A9k*)~9-Z/vD3MGEf%F3%AE%A7%AEMm/h!(xHiP\",\n      \"info\": \"BpyydI\",\n      \"isSelectable\": true,\n      \"~}#0<6\": {\n        \"name\": \"![|/1cC$\",\n        \"ay\": 1952,\n        \"assign\": \"G\",\n        \"match\": {\n          \"pattern\": \"RYI0\",\n          \"exclude\": [\n            \"KZB3982\"\n          ],\n          \"info\": \" {\"\n        },\n        \"satisfy\": [\n          {\n            \"mc\": \"<=193\"\n          }\n        ],\n        \"url\": \"https://u5.ofea-seb78cubkw767-bka4.6fm2h0r4pc3zh4hvwmcrb7fpxgt7g36gtnxnzt4gv5u7rubt30q.ww8xf.a8pcr.zarjwmi/M/:gIKsVhor&\",\n        \"info\": \"\\\"!2\\\"~}T\",\n        \"isSelectable\": true\n      },\n      \"Yo^v\": {\n        \"name\": \"8|IU\",\n        \"ay\": 2007,\n        \"assign\": [\n          \"dVF\"\n        ],\n        \"match\": [\n          {\n            \"or\": [\n              \"JE887J\",\n              {\n                \"and\": [\n                  {\n                    \"pattern\": \"JF3115\",\n                    \"exclude\": \"FQ36Q\",\n                    \"info\": \"\"\n                  },\n                  \"ZC1M\"\n                ]\n              }\n            ]\n          }\n        ],\n        \"satisfy\": {\n          \"mc\": \">=7\"\n        },\n        \"info\": \"Hc)Doe8H\",\n        \"isSelectable\": true\n      }\n    }\n  },\n  {\n    \"title\": \"block sample 6\",\n    \"value\": {\n      \"name\": \"s\",\n      \"assign\": [\n        \"V3~BbX< \",\n        \"rj\",\n        \"RNu46%rcV\"\n      ],\n      \"satisfy\": {\n        \"or\": [\n          {\n            \"or\": [\n              {\n                \"and\": [\n                  {\n                    \"mc\": \">=25\"\n                  }\n                ]\n              },\n              {\n                \"or\": [\n                  {\n                    \"and\": []\n                  },\n                  \"L#`#_O;,C_\"\n                ]\n              },\n              \"O!!\"\n            ]\n          },\n          {\n            \"mc\": \">=193\"\n          },\n          {\n            \"or\": [\n              {\n                \"or\": [\n                  \"\",\n                  \"2k+31\",\n                  \"O|7G\",\n                  \"aMvRHRM\",\n                  \"{se@n\"\n                ]\n              },\n              \"h\"\n            ]\n          },\n          {\n            \"or\": [\n              {\n                \"and\": [\n                  \"kg?gmU\",\n                  {\n                    \"mc\": \"<=189\"\n                  }\n                ]\n              },\n              {\n                \"mc\": \">=108\"\n              },\n              {\n                \"or\": [\n                  \"fP-Xz];\",\n                  {\n                    \"or\": [\n                      {\n                        \"or\": []\n                      }\n                    ]\n                  },\n                  {\n                    \"and\": [\n                      {\n                        \"mc\": \"<=190\"\n                      },\n                      \"{}w\",\n                      \"cEl/&/\",\n                      \"c\\\\z\\\\!2M|+\",\n                      \"#?dB?X1i`%\"\n                    ]\n                  },\n                  {\n                    \"mc\": \"<=17\"\n                  },\n                  {\n                    \"and\": [\n                      \"m9OcjBCa(4\",\n                      {\n                        \"or\": [\n                          \"\",\n                          \"H7kV3w/O\"\n                        ]\n                      },\n                      \"1hl#nf+$\",\n                      {\n                        \"or\": [\n                          \"@TAR3m\"\n                        ]\n                      }\n                    ]\n                  }\n                ]\n              },\n              {\n                \"or\": [\n                  {\n                    \"or\": [\n                      \"dNQ(;T-;7\",\n                      \"K\",\n                      \")8[\",\n                      \"zxDD\",\n                      \"K`NWb\"\n                    ]\n                  },\n                  {\n                    \"mc\": \"<=134\"\n                  },\n                  \"F4.c4N;<,/\",\n                  {\n                    \"mc\": \">=7\"\n                  },\n                  \"|g#%@eMv\"\n                ]\n              }\n            ]\n          }\n        ]\n      },\n      \"url\": \"https://bt4wsuutlk3tawt5-bkwyukzcpivouixr1z2-0.ky2992vlljhtrv9mmpu7vcdvbt0rvz47qtu8sxni05c2uqph.i2lxypvhtcd46pp3iv-52n9azz.r.l0j4ulerr2f7f1qk4baw35xihc1xe82vwb-pm9.itmtzpwv\",\n      \"info\": \"/\",\n      \"isSelectable\": true,\n      \"@s;;Yn\": {\n        \"name\": \"f\",\n        \"ay\": 2003,\n        \"assign\": \"FOWI'\",\n        \"match\": [],\n        \"url\": \"https://r.5zp0xw-q0k5up32kfbaisb4t5togz6esdmnrjs.jt/NE/f%F2%81%B5%AEP%F1%A1%88%83-;I%F3%A3%9D%90U+/S%F0%99%98%B3QxQ-f%F3%AD%A0%AD5//eu8)T,/%F2%86%8A%AD%F2%B0%86%B4~lKN_&/uYr\",\n        \"info\": \"6\",\n        \"isSelectable\": true,\n        \"\": {\n          \"name\": \"dt:Ur&5)\",\n          \"ay\": 1992,\n          \"assign\": \"{;\",\n          \"match\": {\n            \"and\": []\n          },\n          \"info\": \"c\",\n          \"isSelectable\": true\n        },\n        \"EQ/3iwI^t\": {\n          \"name\": \"x.\",\n          \"ay\": 2018,\n          \"assign\": [\n            \"Hr31h3JIYI\",\n            \"$v\"\n          ],\n          \"match\": \"YA926\",\n          \"url\": \"http://1k6chztmxcrnus682z.0gsqqkw0zpr8hujasp1zgsr1ovef52-8kr2p.y--m3rz0ue731nm-xfootdg5csq.bhuofare/G*S%F2%B9%B9%B6Z/$//f/iB0Utm*F\",\n          \"info\": \"m}@hp>\",\n          \"isSelectable\": true,\n          \"nVVH!T\": {\n            \"name\": \"\",\n            \"ay\": 1958,\n            \"assign\": [\n              \"KhqfoC/`\"\n            ],\n            \"match\": {\n              \"and\": [\n                {\n                  \"pattern\": \"ZLx*46M\",\n                  \"exclude\": [\n                    \"ONO*12A\",\n                    \"OD1H\",\n                    \"LTZ3\",\n                    \"QTO0242\"\n                  ]\n                },\n                {\n                  \"or\": [\n                    {\n                      \"or\": [\n                        \"LFF1xx\",\n                        \"XV*x9Q\"\n                      ]\n                    },\n                    {\n                      \"and\": [\n                        \"VR46H\",\n                        {\n                          \"and\": [\n                            \"SZ8\",\n                            \"FCK4704\",\n                            \"LWI9\",\n                            \"ZLxX\",\n                            {\n                              \"pattern\": \"SXM*70Y\",\n                              \"exclude\": [],\n                              \"info\": \"\"\n                            }\n                          ]\n                        },\n                        \"FHG778W\"\n                      ]\n                    },\n                    \"CI65L\",\n                    {\n                      \"or\": []\n                    },\n                    \"TU51S\"\n                  ]\n                },\n                {\n                  \"or\": [\n                    \"JBK3\",\n                    \"RC6\",\n                    \"EIZ8\",\n                    {\n                      \"pattern\": \"SBC2N\",\n                      \"exclude\": \"DN73\",\n                      \"info\": \"-:N]|\"\n                    }\n                  ]\n                },\n                {\n                  \"pattern\": \"EZ6\",\n                  \"exclude\": \"LR303xT\",\n                  \"info\": \"!TLp\\\\!\"\n                }\n              ]\n            },\n            \"satisfy\": [\n              {\n                \"mc\": \">=47\"\n              },\n              {\n                \"or\": [\n                  {\n                    \"or\": [\n                      \"\",\n                      {\n                        \"or\": [\n                          \"pB\",\n                          \"POP[%/h\"\n                        ]\n                      },\n                      {\n                        \"or\": [\n                          {\n                            \"and\": [\n                              \"C:\",\n                              \"\",\n                              \"u+J!5*\",\n                              \"}dn\"\n                            ]\n                          },\n                          \"':s<8Jz\",\n                          \"x{h\\\\F8wE\"\n                        ]\n                      },\n                      \"?2<eT8XS?\",\n                      \"'&\"\n                    ]\n                  }\n                ]\n              },\n              {\n                \"mc\": \"<=96\"\n              },\n              {\n                \"or\": [\n                  {\n                    \"mc\": \"<=78\"\n                  }\n                ]\n              },\n              {\n                \"and\": []\n              }\n            ],\n            \"url\": \"https://fajhj1.j.3.cpwxo/jRKYn%F0%AB%B5%A6:a0\",\n            \"info\": \"\",\n            \"isSelectable\": true\n          },\n          \"@6y&ML\": {\n            \"name\": \"Ec~F7v8AY\",\n            \"ay\": 1977,\n            \"assign\": \"jj;h\",\n            \"match\": \"NEx193S\",\n            \"satisfy\": [\n              {\n                \"and\": [\n                  \"ez/CQ<e\",\n                  {\n                    \"and\": [\n                      \"F'\"\n                    ]\n                  },\n                  \"@1T:T-6>H\"\n                ]\n              },\n              {\n                \"mc\": \">=50\"\n              },\n              {\n                \"or\": [\n                  {\n                    \"and\": [\n                      {\n                        \"and\": [\n                          \"p6M\"\n                        ]\n                      },\n                      \"#[R`|;N\",\n                      {\n                        \"or\": [\n                          \"*.-~\",\n                          \"<\",\n                          \"\"\n                        ]\n                      }\n                    ]\n                  }\n                ]\n              },\n              {\n                \"and\": []\n              }\n            ],\n            \"url\": \"https://vjq0faahs5uij2v0ufakd5b-xxsjvm4vvtw5deo4cr.byctchcex2z2i369he1ybipm-nslba4l.5f5n.cvwkd5adqu-ld.zkwqu16hbv8ws0ckzrm.twhjrjlpdh/m.5t/BwCLr%F3%B8%9F%B4,Y/Pyo2krd9hR/YRX=dMPGl/J-u$8%F1%91%B2%9D/;;-/2%F3%8F%87%B8X.\",\n            \"info\": \":H_\",\n            \"isSelectable\": true\n          },\n          \"+\": {\n            \"name\": \"9b\",\n            \"ay\": 1976,\n            \"assign\": [],\n            \"satisfy\": {\n              \"and\": []\n            },\n            \"url\": \"http://cb99173hbqkex79f7yd9kr3pl4jbva9ftoqi6u.ix7x87uk48t-5xr7cjfwt4h.0ilga114s4jvl4usmw572yszfiy2sy7d1fmz.aw/-yYOaw/;e%F3%8C%BC%9B;_%F1%80%9C%BC/%F0%B6%99%A4hW-'8F/H%F2%98%BC%86v:z5FB/%F2%A0%87%AE)ioQA&Iy/~Jpw\",\n            \"info\": \"W_hr\"\n          },\n          \"%r>91a\": {\n            \"name\": \"KmX>Wb@\",\n            \"ay\": 1992,\n            \"match\": {\n              \"or\": []\n            },\n            \"satisfy\": [\n              {\n                \"mc\": \">=79\"\n              },\n              {\n                \"or\": []\n              },\n              {\n                \"or\": [\n                  {\n                    \"and\": []\n                  },\n                  \"fE?a2lvbwU\"\n                ]\n              },\n              \"rD\"\n            ],\n            \"url\": \"http://pdi8hnni0vpj7-nsvl3wbale.oiv1.noaf/=A%F3%9B%AE%97~&U.H=/GK69u\",\n            \"info\": \"l5\\\"zxo\",\n            \"isSelectable\": true\n          }\n        },\n        \"`|dtd 5Koy\": {\n          \"name\": \"/{wq\",\n          \"ay\": 1991,\n          \"assign\": \"\",\n          \"match\": {\n            \"pattern\": \"NM12x8K\",\n            \"exclude\": [\n              \"MAN3193\",\n              \"BGO6*6A\",\n              \"NKGxx\"\n            ],\n            \"info\": \"To&Ypl4/Vz\"\n          },\n          \"satisfy\": [\n            \"gj#hY\",\n            {\n              \"mc\": \">=105\"\n            },\n            {\n              \"mc\": \"<=97\"\n            },\n            {\n              \"and\": [\n                {\n                  \"and\": [\n                    \"bT=\\\\\",\n                    {\n                      \"and\": []\n                    },\n                    {\n                      \"mc\": \"<=131\"\n                    }\n                  ]\n                },\n                {\n                  \"or\": []\n                },\n                {\n                  \"or\": [\n                    \"VTH`CB\",\n                    \"kxNA9c(\",\n                    \"Sc(~++o-m2\",\n                    \"k:7R/B#~Q\",\n                    {\n                      \"mc\": \">=53\"\n                    }\n                  ]\n                }\n              ]\n            }\n          ],\n          \"url\": \"http://h9qjhr3qwg112nw63odis25x4.g.it/G*8Z=/%F1%97%8E%BAY4G/plMB%F0%95%92%A1%F1%8F%89%9C/RYsAQxPSal/%F0%A7%AA%B7oTQ+ZFR\",\n          \"info\": \"w~@ pucg\",\n          \"isSelectable\": true\n        }\n      },\n      \"p9\": {\n        \"name\": \"pi+d@=r[i\",\n        \"ay\": 1997,\n        \"match\": [\n          {\n            \"and\": [\n              \"WPT245T\",\n              \"HXL3\",\n              {\n                \"or\": [\n                  \"EP521\",\n                  \"EQR6\",\n                  \"CJR05*R\"\n                ]\n              }\n            ]\n          },\n          \"TH466\"\n        ],\n        \"info\": \"MoRz;O\",\n        \"isSelectable\": true,\n        \"m=\": {\n          \"name\": \"7*P^Qg\",\n          \"ay\": 2015,\n          \"assign\": [\n            \"(.`DAb\",\n            \"Kb\\\\I~\",\n            \"'bc]\\\"K;p@\"\n          ],\n          \"match\": [\n            {\n              \"or\": [\n                {\n                  \"and\": [\n                    {\n                      \"pattern\": \"AV8\",\n                      \"info\": \"9\"\n                    },\n                    {\n                      \"pattern\": \"DDxE\",\n                      \"info\": \"%&u\"\n                    },\n                    {\n                      \"or\": [\n                        \"WX0\"\n                      ]\n                    },\n                    \"EOL01O\",\n                    {\n                      \"or\": []\n                    }\n                  ]\n                },\n                {\n                  \"or\": []\n                }\n              ]\n            },\n            {\n              \"and\": [\n                {\n                  \"and\": [\n                    \"JH3C\",\n                    {\n                      \"and\": []\n                    },\n                    \"CN142\"\n                  ]\n                },\n                {\n                  \"pattern\": \"XHQ79x3M\",\n                  \"exclude\": [\n                    \"CM6021K\"\n                  ],\n                  \"info\": \"\"\n                },\n                {\n                  \"or\": [\n                    \"VLW4260\",\n                    {\n                      \"and\": [\n                        {\n                          \"pattern\": \"EN0\",\n                          \"exclude\": [\n                            \"GFD2214Y\"\n                          ],\n                          \"info\": \"E 9[0yY@Gz\"\n                        }\n                      ]\n                    },\n                    \"JMC502\",\n                    {\n                      \"pattern\": \"EMB149*\",\n                      \"exclude\": \"GDT4\",\n                      \"info\": \"\\\"S\"\n                    },\n                    {\n                      \"and\": [\n                        {\n                          \"pattern\": \"UQUx8*\",\n                          \"exclude\": []\n                        },\n                        {\n                          \"and\": [\n                            \"BR815K\",\n                            \"TGx287B\",\n                            {\n                              \"or\": []\n                            }\n                          ]\n                        },\n                        \"KET1M\",\n                        \"KJK0R\",\n                        {\n                          \"pattern\": \"VRx18D\",\n                          \"exclude\": [\n                            \"DSJ5*\",\n                            \"KK960\",\n                            \"ZM5\",\n                            \"GX391G\"\n                          ],\n                          \"info\": \"enNZBe-N\"\n                        }\n                      ]\n                    }\n                  ]\n                }\n              ]\n            },\n            {\n              \"or\": [\n                {\n                  \"pattern\": \"MHG560*Z\",\n                  \"exclude\": [\n                    \"CQ624B\",\n                    \"TV*465Z\",\n                    \"URK*S\"\n                  ],\n                  \"info\": \":Gy><1\"\n                },\n                \"VZA*79*\",\n                {\n                  \"or\": [\n                    {\n                      \"and\": [\n                        {\n                          \"pattern\": \"IEX761*\",\n                          \"exclude\": \"BS51*7H\",\n                          \"info\": \"@[TaoKemg\"\n                        },\n                        {\n                          \"pattern\": \"AK61B\",\n                          \"exclude\": [\n                            \"CR216\"\n                          ],\n                          \"info\": \"\"\n                        },\n                        \"SW4D\",\n                        {\n                          \"or\": []\n                        },\n                        \"CUA71*S\"\n                      ]\n                    },\n                    {\n                      \"or\": []\n                    },\n                    {\n                      \"or\": [\n                        \"JO36x*X\",\n                        {\n                          \"pattern\": \"TRA0914\",\n                          \"exclude\": [\n                            \"PGI3\",\n                            \"OWW956\",\n                            \"WKx9*\",\n                            \"KX9*94E\",\n                            \"AUL355*C\"\n                          ],\n                          \"info\": \")0/Z\"\n                        },\n                        \"KQD13*R\"\n                      ]\n                    },\n                    {\n                      \"or\": [\n                        \"WKG136\"\n                      ]\n                    }\n                  ]\n                },\n                {\n                  \"and\": []\n                }\n              ]\n            },\n            {\n              \"and\": [\n                {\n                  \"and\": [\n                    {\n                      \"or\": []\n                    },\n                    \"XLY2187T\",\n                    {\n                      \"and\": []\n                    }\n                  ]\n                },\n                {\n                  \"pattern\": \"KVM*I\",\n                  \"exclude\": \"DTG763\",\n                  \"info\": \"<p'9GQk7C\"\n                },\n                {\n                  \"or\": []\n                },\n                {\n                  \"and\": []\n                },\n                {\n                  \"pattern\": \"IJ53\",\n                  \"exclude\": [\n                    \"GE*215\"\n                  ],\n                  \"info\": \"\"\n                }\n              ]\n            }\n          ],\n          \"info\": \"MRE4)bT\",\n          \"isSelectable\": true\n        }\n      }\n    }\n  },\n  {\n    \"title\": \"block sample 7\",\n    \"value\": {\n      \"name\": \"\",\n      \"ay\": 2030,\n      \"assign\": [\n        \"%4V[Rx4{]\",\n        \"b\"\n      ],\n      \"match\": [\n        {\n          \"or\": []\n        },\n        {\n          \"and\": [\n            {\n              \"pattern\": \"HLZx6\",\n              \"exclude\": [],\n              \"info\": \"=D!X\"\n            },\n            {\n              \"or\": []\n            },\n            {\n              \"pattern\": \"IAG6088P\",\n              \"exclude\": [\n                \"ZV*72K\",\n                \"ALU9T\",\n                \"RTO*\",\n                \"KLK6203\"\n              ],\n              \"info\": \"?k.VM3^\\\"\"\n            },\n            {\n              \"or\": []\n            },\n            {\n              \"and\": [\n                {\n                  \"pattern\": \"CJM8xT\",\n                  \"exclude\": \"UEU7400S\",\n                  \"info\": \"fP^\"\n                },\n                \"IAS47*9B\",\n                {\n                  \"or\": [\n                    \"NJ1C\",\n                    {\n                      \"pattern\": \"QAM76R\",\n                      \"exclude\": \"DE919*L\"\n                    },\n                    \"BY8182C\",\n                    {\n                      \"or\": [\n                        \"QTS658Y\",\n                        \"YI82Z\",\n                        \"HZ*xN\"\n                      ]\n                    }\n                  ]\n                }\n              ]\n            }\n          ]\n        },\n        \"YEQ62\"\n      ],\n      \"url\": \"http://ea2fdqg.158bffv98ycibe9ce7do.clegr-8b7dp8d6p.bf\",\n      \"info\": \"!X7#zg13]\"\n    }\n  },\n  {\n    \"title\": \"block sample 8\",\n    \"value\": {\n      \"name\": \"\",\n      \"ay\": 1950,\n      \"assign\": \"\",\n      \"match\": [\n        {\n          \"and\": [\n            {\n              \"or\": [\n                {\n                  \"and\": [\n                    {\n                      \"and\": [\n                        \"UWYx8M\"\n                      ]\n                    },\n                    {\n                      \"or\": [\n                        \"WK92x0\"\n                      ]\n                    },\n                    {\n                      \"and\": [\n                        \"AKRx426E\",\n                        {\n                          \"or\": [\n                            \"ZMR2633\",\n                            \"VB36F\"\n                          ]\n                        },\n                        \"UE2G\",\n                        {\n                          \"pattern\": \"ZESxR\",\n                          \"exclude\": []\n                        },\n                        \"NTXx29K\"\n                      ]\n                    }\n                  ]\n                },\n                {\n                  \"and\": [\n                    \"CL89M\",\n                    {\n                      \"and\": [\n                        \"HR*1\"\n                      ]\n                    },\n                    \"YNN7\"\n                  ]\n                },\n                \"QR62\",\n                \"SKVx7\",\n                {\n                  \"or\": []\n                }\n              ]\n            },\n            {\n              \"or\": [\n                \"SFL64\",\n                \"IML027J\",\n                \"JZ129T\",\n                {\n                  \"and\": [\n                    \"CX1799\",\n                    \"CUQ63M\",\n                    \"URC68\",\n                    \"RS9884V\",\n                    \"OE6\"\n                  ]\n                },\n                {\n                  \"pattern\": \"XUV*X\",\n                  \"info\": \"BQ\"\n                }\n              ]\n            },\n            {\n              \"pattern\": \"XML1412B\",\n              \"exclude\": \"MST72K\",\n              \"info\": \"\"\n            },\n            {\n              \"or\": [\n                {\n                  \"or\": [\n                    \"JPV94x\",\n                    {\n                      \"or\": []\n                    },\n                    {\n                      \"and\": []\n                    }\n                  ]\n                },\n                \"IP*\",\n                {\n                  \"pattern\": \"TU385B\",\n                  \"exclude\": \"KL7T\",\n                  \"info\": \"0+P3#f&_\\\\Z\"\n                },\n                {\n                  \"and\": []\n                }\n              ]\n            }\n          ]\n        }\n      ],\n      \"satisfy\": \"\",\n      \"info\": \"!\",\n      \"isSelectable\": true,\n      \")$z\": {\n        \"name\": \" &\",\n        \"ay\": 2028,\n        \"assign\": \");.zx#\",\n        \"match\": {\n          \"or\": [\n            {\n              \"and\": [\n                \"ZC0243\",\n                {\n                  \"or\": [\n                    \"IKY861H\",\n                    {\n                      \"and\": [\n                        \"BHO4478V\",\n                        \"JDO750N\",\n                        {\n                          \"and\": [\n                            \"NK38O\",\n                            \"FJ*01\",\n                            \"MW40U\",\n                            \"ABI8\"\n                          ]\n                        }\n                      ]\n                    }\n                  ]\n                },\n                \"WPJ716O\",\n                {\n                  \"and\": [\n                    \"VL5x4Q\",\n                    \"SS63\"\n                  ]\n                }\n              ]\n            },\n            {\n              \"or\": [\n                \"QR252x\",\n                {\n                  \"pattern\": \"DFR8750\",\n                  \"exclude\": [\n                    \"PL146J\",\n                    \"WLU040\",\n                    \"ZRB399K\",\n                    \"POM7682T\"\n                  ],\n                  \"info\": \"e;Vi\"\n                },\n                \"ZNA62*3Q\",\n                \"ST154x\"\n              ]\n            }\n          ]\n        },\n        \"satisfy\": {\n          \"and\": [\n            \"Ab\"\n          ]\n        },\n        \"url\": \"https://4.9l-vj9.pb8j7-lko4j5xp16pzh8rra9uq8t2gt62cwig6xbqmvfrscjtzjyj5jqr.ey/D@\",\n        \"info\": \"\",\n        \"isSelectable\": true\n      },\n      \"iz}#ic\\\"C\": {\n        \"name\": \"vFAgH\",\n        \"ay\": 1979,\n        \"assign\": \"?\",\n        \"match\": {\n          \"or\": []\n        },\n        \"url\": \"https://9nx1hs33gn9.mdu2potn0m3beh4hzvofwve-l3nhzn-j.r.hbrtae266wmcs5929syr9yvq0rown-c52zjw8-svkz.tnjdjc\",\n        \"info\": \"YT@k: \",\n        \"isSelectable\": true\n      },\n      \"BvWd(<[0e\": {\n        \"name\": \"~%$\",\n        \"ay\": 2012,\n        \"assign\": [\n          \"OT\\\\w9nI&\",\n          \"\\\"\"\n        ],\n        \"match\": \"WY1X\",\n        \"satisfy\": {\n          \"mc\": \">=125\"\n        },\n        \"url\": \"http://w-0j4ayaptc-66.ae.i.zc958l5d8da1e82j7fcjadgbldd7a.dxgvhkn/qjnV7ib/Nj:Jd/bh9Q6H%F3%AA%85%8F@P\",\n        \"info\": \"dVEX\",\n        \"isSelectable\": true\n      },\n      \"p\": {\n        \"ay\": 1952,\n        \"assign\": [],\n        \"match\": [\n          {\n            \"and\": [\n              {\n                \"or\": [\n                  \"EZ6x01\"\n                ]\n              },\n              \"BL43W\",\n              {\n                \"and\": [\n                  \"VR9*2X\",\n                  \"YR3006\",\n                  {\n                    \"pattern\": \"CG3H\",\n                    \"exclude\": \"JH2\",\n                    \"info\": \"b??f\"\n                  },\n                  {\n                    \"pattern\": \"AX*8\",\n                    \"exclude\": \"XG4**5\",\n                    \"info\": \"QM[1HR\"\n                  }\n                ]\n              },\n              \"AC4867V\",\n              {\n                \"or\": [\n                  \"AWA2301R\",\n                  \"OD8019I\",\n                  \"EV92\"\n                ]\n              }\n            ]\n          }\n        ],\n        \"url\": \"http://v6xmee4wgrdsivq-a23rq8rloidyxc.1s-skq9udilg7c3zggsl469m95q4eodszbfww9ra-8nr2z5twep8de.qjibm/3&/k/Nrz~/bG/QQ0w@(/xkX1C630C!/tniZY7gQA%F4%8B%93%A1/s/1gzTj!/m\",\n        \"info\": \"U&E$\",\n        \"isSelectable\": true\n      },\n      \"Th\": {\n        \"assign\": [\n          \"\",\n          \";\"\n        ],\n        \"match\": \"HAX8\",\n        \"satisfy\": {\n          \"and\": [\n            {\n              \"and\": [\n                \"-5;\",\n                {\n                  \"mc\": \">=35\"\n                }\n              ]\n            },\n            {\n              \"and\": []\n            },\n            \" \\\"\",\n            {\n              \"and\": [\n                \"U,NSWc\",\n                \"Pl5P\"\n              ]\n            },\n            \"Br$r\"\n          ]\n        },\n        \"url\": \"http://y62xy1wfpjpmt2yc2.wam1a4hj8v3-so8keyhbx2kaijfear899-ce9si.o6vr6pkw2zbu6wg9hc192pv8gkex8m7.7z-yz7olwf6cq6trtnk51h6nchf1m-lslumoc4zfiaj9i5vb58.mwubad/3-9)C1Cr/6d2gl'd/SZ9X(iF_)/d=b*YTc/:n/2umjn$%F0%A7%B2%87uF/5/A8,/5;orR%F3%AC%A0%B7;%F4%80%9B%9F!/zP%F2%89%88%A2$n\",\n        \"info\": \"\"\n      }\n    }\n  },\n  {\n    \"title\": \"block sample 9\",\n    \"value\": {\n      \"name\": \" a(V\\\"w!,\",\n      \"ay\": 1983,\n      \"assign\": [\n        \".0L/@Z7ZhG\",\n        \"naggy;\",\n        \"\",\n        \"{mH__&\"\n      ],\n      \"match\": [],\n      \"satisfy\": [\n        {\n          \"or\": [\n            {\n              \"mc\": \"<=50\"\n            },\n            {\n              \"or\": []\n            },\n            \"C;Ulukq\",\n            {\n              \"or\": [\n                {\n                  \"mc\": \"<=53\"\n                }\n              ]\n            },\n            {\n              \"and\": [\n                \"E`\",\n                \"\",\n                \"RP\",\n                {\n                  \"and\": [\n                    \":~s\"\n                  ]\n                }\n              ]\n            }\n          ]\n        }\n      ],\n      \"url\": \"https://7cmp.apl7km1s5w4vrhwkofd6dg5ywfzddnvjmuk110pm1gc9068ps8bv-i7frr28dfk.ss/9/pGi~/~7BZ(-,&/-KB%F1%AF%B7%97&\",\n      \"isSelectable\": true\n    }\n  }\n]",
              "code": "(0, fast_check_1.sample)(index_test_2.block, 10).forEach((sample, i) => (0, addContext_1.default)(this, {\n    title: `block sample ${i}`,\n    value: sample,\n}));\nreturn (0, fast_check_1.assert)((0, fast_check_1.property)(index_test_2.block, ajvValidate));",
              "err": {},
              "uuid": "699c151b-7067-4c83-82ca-b06b81163ebd",
              "parentUUID": "11cf9bda-c384-4dd5-89bd-4064b193c2e4",
              "isHook": false,
              "skipped": false
            },
            {
              "title": "should not validate non-object",
              "fullTitle": "blockSchema should not validate non-object",
              "timedOut": false,
              "duration": 1,
              "state": "passed",
              "speed": "fast",
              "pass": true,
              "fail": false,
              "pending": false,
              "context": null,
              "code": "const error = {\n    instancePath: \"\",\n    message: \"block should be an object\",\n};\nisInvalidBlock(null, error);\nisInvalidBlock(undefined, error);\nisInvalidBlock(10, error);\nisInvalidBlock([12, 24], error);\nisInvalidBlock(\"abc\", error);",
              "err": {},
              "uuid": "e263ab3e-2811-4846-89bf-9d9c6c6b8b7a",
              "parentUUID": "11cf9bda-c384-4dd5-89bd-4064b193c2e4",
              "isHook": false,
              "skipped": false
            },
            {
              "title": "should not validate block with invalid properties",
              "fullTitle": "blockSchema should not validate block with invalid properties",
              "timedOut": false,
              "duration": 1,
              "state": "passed",
              "speed": "fast",
              "pass": true,
              "fail": false,
              "pending": false,
              "context": null,
              "code": "isInvalidBlock({\n        name: { foo: \"bar\" },\n        ay: -1000,\n        assign: {},\n        match: 1,\n        satisfy: 2,\n        url: { abc: \"def\" },\n        info: 42,\n        isSelectable: 32,\n    }, { instancePath: \"/name\", message: \"property 'name' should be a string\" }, {\n        instancePath: \"/ay\",\n        message: \"property 'ay' should be a positive integer\",\n    }, {\n        instancePath: \"/assign\",\n        message: \"property 'assign' should be either a block ID or an array of block IDs\",\n    }, {\n        instancePath: \"/match\",\n        message: \"property 'match' should be either a match rule or an array of match rules\",\n    }, {\n        instancePath: \"/satisfy\",\n        message: \"property 'satisfy' should be either a satisfy rule or an array of satisfy rules\",\n    }, { instancePath: \"/url\", message: \"property 'url' should be a string\" }, { instancePath: \"/info\", message: \"property 'info' should be a string\" }, {\n        instancePath: \"/isSelectable\",\n        message: \"property 'isSelectable' should be a boolean\",\n    })",
              "err": {},
              "uuid": "4ee251ff-b0cb-4d70-b272-31ec2abd8795",
              "parentUUID": "11cf9bda-c384-4dd5-89bd-4064b193c2e4",
              "isHook": false,
              "skipped": false
            }
          ],
          "suites": [],
          "passes": [
            "699c151b-7067-4c83-82ca-b06b81163ebd",
            "e263ab3e-2811-4846-89bf-9d9c6c6b8b7a",
            "4ee251ff-b0cb-4d70-b272-31ec2abd8795"
          ],
          "failures": [],
          "pending": [],
          "skipped": [],
          "duration": 174,
          "root": false,
          "rootEmpty": false,
          "_timeout": 2000
        },
        {
          "uuid": "96efeb6d-ba49-4d72-bd0e-334831a80ac7",
          "title": "patternToRE",
          "fullFile": "/home/runner/work/planwithus-lib/planwithus-lib/src/matchRule/pattern/satisfiers.test.ts",
          "file": "/src/matchRule/pattern/satisfiers.test.ts",
          "beforeHooks": [],
          "afterHooks": [],
          "tests": [
            {
              "title": "should match valid modules with a single pattern",
              "fullTitle": "patternToRE should match valid modules with a single pattern",
              "timedOut": false,
              "duration": 12,
              "state": "passed",
              "speed": "fast",
              "pass": true,
              "fail": false,
              "pending": false,
              "context": "[\n  {\n    \"title\": \"patternExampleList sample 0\",\n    \"value\": [\n      \"MX7\",\n      [\n        \"MX7\"\n      ]\n    ]\n  },\n  {\n    \"title\": \"patternExampleList sample 1\",\n    \"value\": [\n      \"GM2026\",\n      [\n        \"GM2026\"\n      ]\n    ]\n  },\n  {\n    \"title\": \"patternExampleList sample 2\",\n    \"value\": [\n      \"EYQ77Z\",\n      [\n        \"EYQ77Z\"\n      ]\n    ]\n  },\n  {\n    \"title\": \"patternExampleList sample 3\",\n    \"value\": [\n      \"PQ1\",\n      [\n        \"PQ1\"\n      ]\n    ]\n  },\n  {\n    \"title\": \"patternExampleList sample 4\",\n    \"value\": [\n      \"WO1434\",\n      [\n        \"WO1434\"\n      ]\n    ]\n  },\n  {\n    \"title\": \"patternExampleList sample 5\",\n    \"value\": [\n      \"PO0x65\",\n      [\n        \"PO0465\",\n        \"PO0765\",\n        \"PO0965\",\n        \"PO0865\",\n        \"PO0165\",\n        \"PO0665\"\n      ]\n    ]\n  },\n  {\n    \"title\": \"patternExampleList sample 6\",\n    \"value\": [\n      \"II123P\",\n      [\n        \"II123P\"\n      ]\n    ]\n  },\n  {\n    \"title\": \"patternExampleList sample 7\",\n    \"value\": [\n      \"FR6x9xI\",\n      [\n        \"FR6191I\",\n        \"FR6490I\",\n        \"FR6491I\"\n      ]\n    ]\n  },\n  {\n    \"title\": \"patternExampleList sample 8\",\n    \"value\": [\n      \"KJx7\",\n      [\n        \"KJ57\"\n      ]\n    ]\n  },\n  {\n    \"title\": \"patternExampleList sample 9\",\n    \"value\": [\n      \"QUK*12D\",\n      [\n        \"QUKO2P12D\",\n        \"QUK7IFM4A12D\",\n        \"QUK912D\",\n        \"QUK8RZ0H12D\",\n        \"QUK212D\",\n        \"QUKMU5Z9J712D\",\n        \"QUK12D\",\n        \"QUKI9B12D\",\n        \"QUK112D\",\n        \"QUK98QAGPX412D\"\n      ]\n    ]\n  }\n]",
              "code": "(0, fast_check_1.sample)(index_test_1.patternExampleList, 10).forEach((sample, i) => (0, addContext_1.default)(this, {\n    title: `patternExampleList sample ${i}`,\n    value: sample,\n}));\nreturn (0, fast_check_1.assert)((0, fast_check_1.property)(index_test_1.patternExampleList, ([patternStr, examples]) => {\n    const re = (0, _1.patternToRE)(patternStr);\n    return examples.every(re.test.bind(re));\n}));",
              "err": {},
              "uuid": "cee1845c-8dfb-46a4-af7e-6757b764594d",
              "parentUUID": "96efeb6d-ba49-4d72-bd0e-334831a80ac7",
              "isHook": false,
              "skipped": false
            },
            {
              "title": "should match valid modules with multiple patterns",
              "fullTitle": "patternToRE should match valid modules with multiple patterns",
              "timedOut": false,
              "duration": 49,
              "state": "passed",
              "speed": "medium",
              "pass": true,
              "fail": false,
              "pending": false,
              "context": "[\n  {\n    \"title\": \"patternExampleListArray sample 0\",\n    \"value\": [\n      [\n        \"SW5515\",\n        [\n          \"SW5515\"\n        ]\n      ],\n      [\n        \"FP9C\",\n        [\n          \"FP9C\"\n        ]\n      ],\n      [\n        \"XT631\",\n        [\n          \"XT631\"\n        ]\n      ],\n      [\n        \"MZD9*P\",\n        [\n          \"MZD9ITO1RADP\"\n        ]\n      ],\n      [\n        \"RI50\",\n        [\n          \"RI50\"\n        ]\n      ]\n    ]\n  },\n  {\n    \"title\": \"patternExampleListArray sample 1\",\n    \"value\": [\n      [\n        \"UC0\",\n        [\n          \"UC0\"\n        ]\n      ]\n    ]\n  },\n  {\n    \"title\": \"patternExampleListArray sample 2\",\n    \"value\": [\n      [\n        \"EI2128\",\n        [\n          \"EI2128\"\n        ]\n      ],\n      [\n        \"TKL190P\",\n        [\n          \"TKL190P\"\n        ]\n      ],\n      [\n        \"TY0527J\",\n        [\n          \"TY0527J\"\n        ]\n      ]\n    ]\n  },\n  {\n    \"title\": \"patternExampleListArray sample 3\",\n    \"value\": [\n      [\n        \"KDF28*3I\",\n        [\n          \"KDF28JU22D3I\",\n          \"KDF28228G93I\",\n          \"KDF28L3I\",\n          \"KDF283I\",\n          \"KDF28PCYZ333I\",\n          \"KDF28R73I\",\n          \"KDF28T3I\",\n          \"KDF286AK3I\",\n          \"KDF28AG1KCW5B3I\"\n        ]\n      ],\n      [\n        \"HJ83\",\n        [\n          \"HJ83\"\n        ]\n      ],\n      [\n        \"WUR38**Y\",\n        [\n          \"WUR38NH3MOCY\",\n          \"WUR38K41IOXNY\",\n          \"WUR38ELIYA355RWAN7Y\",\n          \"WUR38M8WMVFSTZBAZZH8Y\",\n          \"WUR3831A9P7Y\",\n          \"WUR38VIAU1Y\"\n        ]\n      ],\n      [\n        \"KZJ5x6\",\n        [\n          \"KZJ566\",\n          \"KZJ506\",\n          \"KZJ576\",\n          \"KZJ536\",\n          \"KZJ516\"\n        ]\n      ],\n      [\n        \"PH149\",\n        [\n          \"PH149\"\n        ]\n      ],\n      [\n        \"JL9R\",\n        [\n          \"JL9R\"\n        ]\n      ],\n      [\n        \"DE39\",\n        [\n          \"DE39\"\n        ]\n      ],\n      [\n        \"WH84X\",\n        [\n          \"WH84X\"\n        ]\n      ],\n      [\n        \"FLF08\",\n        [\n          \"FLF08\"\n        ]\n      ],\n      [\n        \"VX6M\",\n        [\n          \"VX6M\"\n        ]\n      ],\n      [\n        \"OFA1*H\",\n        [\n          \"OFA1QPH\",\n          \"OFA1H\",\n          \"OFA16H3NXPH\",\n          \"OFA17GSH59GH\",\n          \"OFA1YVMIRD02H\",\n          \"OFA1VJX0H\"\n        ]\n      ]\n    ]\n  },\n  {\n    \"title\": \"patternExampleListArray sample 4\",\n    \"value\": [\n      [\n        \"QJD162\",\n        [\n          \"QJD162\"\n        ]\n      ],\n      [\n        \"YCX3x*\",\n        [\n          \"YCX31JBBSW83\"\n        ]\n      ],\n      [\n        \"FLB2W\",\n        [\n          \"FLB2W\"\n        ]\n      ],\n      [\n        \"BW6*31\",\n        [\n          \"BW6B31\",\n          \"BW6QOX31\",\n          \"BW65Z31\",\n          \"BW6AIU47O31\",\n          \"BW6O4DS31\",\n          \"BW6U7V4PA331\",\n          \"BW6KPM9O31\"\n        ]\n      ]\n    ]\n  },\n  {\n    \"title\": \"patternExampleListArray sample 5\",\n    \"value\": [\n      [\n        \"WV2\",\n        [\n          \"WV2\"\n        ]\n      ],\n      [\n        \"XNQ7427\",\n        [\n          \"XNQ7427\"\n        ]\n      ],\n      [\n        \"BPB872\",\n        [\n          \"BPB872\"\n        ]\n      ]\n    ]\n  },\n  {\n    \"title\": \"patternExampleListArray sample 6\",\n    \"value\": [\n      [\n        \"IY0\",\n        [\n          \"IY0\"\n        ]\n      ],\n      [\n        \"VAL0x3xL\",\n        [\n          \"VAL0432L\",\n          \"VAL0535L\"\n        ]\n      ],\n      [\n        \"PE11\",\n        [\n          \"PE11\"\n        ]\n      ],\n      [\n        \"ZX5N\",\n        [\n          \"ZX5N\"\n        ]\n      ],\n      [\n        \"DFV51X\",\n        [\n          \"DFV51X\"\n        ]\n      ]\n    ]\n  },\n  {\n    \"title\": \"patternExampleListArray sample 7\",\n    \"value\": [\n      [\n        \"BUE319*\",\n        [\n          \"BUE319M17OU\",\n          \"BUE319\",\n          \"BUE3199\"\n        ]\n      ],\n      [\n        \"OZY5\",\n        [\n          \"OZY5\"\n        ]\n      ],\n      [\n        \"LS13\",\n        [\n          \"LS13\"\n        ]\n      ],\n      [\n        \"SY1\",\n        [\n          \"SY1\"\n        ]\n      ],\n      [\n        \"SDR75xJ\",\n        [\n          \"SDR750J\",\n          \"SDR755J\"\n        ]\n      ],\n      [\n        \"CO1*03\",\n        [\n          \"CO1G03\",\n          \"CO103\",\n          \"CO18603\",\n          \"CO1Y03\",\n          \"CO1CQN7WNV03\",\n          \"CO1KPTHFM03\",\n          \"CO1ES1X403\",\n          \"CO1UYDWPD4C03\",\n          \"CO1XI7M7Z203\",\n          \"CO13E703\"\n        ]\n      ],\n      [\n        \"EL6F\",\n        [\n          \"EL6F\"\n        ]\n      ],\n      [\n        \"FSJ25\",\n        [\n          \"FSJ25\"\n        ]\n      ],\n      [\n        \"RQ6x30\",\n        [\n          \"RQ6730\",\n          \"RQ6430\",\n          \"RQ6630\",\n          \"RQ6130\",\n          \"RQ6530\"\n        ]\n      ],\n      [\n        \"ZPV*94\",\n        [\n          \"ZPV94\"\n        ]\n      ]\n    ]\n  },\n  {\n    \"title\": \"patternExampleListArray sample 8\",\n    \"value\": [\n      [\n        \"XGM62D\",\n        [\n          \"XGM62D\"\n        ]\n      ],\n      [\n        \"PSLx*\",\n        [\n          \"PSL890707G\"\n        ]\n      ]\n    ]\n  },\n  {\n    \"title\": \"patternExampleListArray sample 9\",\n    \"value\": [\n      [\n        \"WQ5457\",\n        [\n          \"WQ5457\"\n        ]\n      ],\n      [\n        \"PWU*00\",\n        [\n          \"PWU9F8P0K100\",\n          \"PWUGWUJML00\",\n          \"PWUNCO00\",\n          \"PWU600\",\n          \"PWUPZMGZE00\",\n          \"PWUN000\",\n          \"PWUZ00\"\n        ]\n      ],\n      [\n        \"YW0639\",\n        [\n          \"YW0639\"\n        ]\n      ],\n      [\n        \"HX3x8x\",\n        [\n          \"HX3481\",\n          \"HX3685\",\n          \"HX3888\",\n          \"HX3482\",\n          \"HX3185\",\n          \"HX3589\",\n          \"HX3986\"\n        ]\n      ],\n      [\n        \"HY262I\",\n        [\n          \"HY262I\"\n        ]\n      ],\n      [\n        \"KXZ2x45\",\n        [\n          \"KXZ2245\",\n          \"KXZ2045\",\n          \"KXZ2445\",\n          \"KXZ2845\",\n          \"KXZ2545\"\n        ]\n      ]\n    ]\n  }\n]",
              "code": "const patternExampleListArray = (0, fast_check_1.array)(index_test_1.patternExampleList, { minLength: 1 });\n(0, fast_check_1.sample)(patternExampleListArray, 10).forEach((sample, i) => (0, addContext_1.default)(this, {\n    title: `patternExampleListArray sample ${i}`,\n    value: sample,\n}));\nreturn (0, fast_check_1.assert)((0, fast_check_1.property)(patternExampleListArray, (ts) => {\n    const re = (0, _1.patternToRE)(...ts.map(([patternStr]) => patternStr));\n    return ts\n        .map(([, examples]) => examples)\n        .flat()\n        .every(re.test.bind(re));\n}));",
              "err": {},
              "uuid": "54c688a3-d056-4862-b8b9-6be1f91c03ab",
              "parentUUID": "96efeb6d-ba49-4d72-bd0e-334831a80ac7",
              "isHook": false,
              "skipped": false
            },
            {
              "title": "should not match x to non-number",
              "fullTitle": "patternToRE should not match x to non-number",
              "timedOut": false,
              "duration": 0,
              "state": "passed",
              "speed": "fast",
              "pass": true,
              "fail": false,
              "pending": false,
              "context": null,
              "code": "const re = (0, _1.patternToRE)(\"x\");\n[\"A\", \"Z\", \"c\", \"#\"].forEach((example) => isInvalidExample(re, example));",
              "err": {},
              "uuid": "05e3e990-bda0-4aed-b123-3318fab5a9ae",
              "parentUUID": "96efeb6d-ba49-4d72-bd0e-334831a80ac7",
              "isHook": false,
              "skipped": false
            },
            {
              "title": "should not match * to a substring composed of characters other than A-Z and 0-9",
              "fullTitle": "patternToRE should not match * to a substring composed of characters other than A-Z and 0-9",
              "timedOut": false,
              "duration": 1,
              "state": "passed",
              "speed": "fast",
              "pass": true,
              "fail": false,
              "pending": false,
              "context": null,
              "code": "const re = (0, _1.patternToRE)(\"*\");\n[\"c\", \"Ac\", \"cA\", \"0Ax\", \"x0A\", \"BA#\", \"#AB\"].forEach((example) => isInvalidExample(re, example));",
              "err": {},
              "uuid": "91ee8bdc-0379-4ea8-bc9c-0a4937ab2e58",
              "parentUUID": "96efeb6d-ba49-4d72-bd0e-334831a80ac7",
              "isHook": false,
              "skipped": false
            },
            {
              "title": "should not match substrings",
              "fullTitle": "patternToRE should not match substrings",
              "timedOut": false,
              "duration": 0,
              "state": "passed",
              "speed": "fast",
              "pass": true,
              "fail": false,
              "pending": false,
              "context": null,
              "code": "const re = (0, _1.patternToRE)(\"A*xC\");\n[\"A1CZ\", \"AC1CZ\", \"ZA1C\", \"ZAC1C\", \"ZA1CZ\", \"ZAC1CZ\"].forEach((example) => isInvalidExample(re, example));",
              "err": {},
              "uuid": "6184d349-d302-4a93-bb3a-61b1fed83fb6",
              "parentUUID": "96efeb6d-ba49-4d72-bd0e-334831a80ac7",
              "isHook": false,
              "skipped": false
            }
          ],
          "suites": [],
          "passes": [
            "cee1845c-8dfb-46a4-af7e-6757b764594d",
            "54c688a3-d056-4862-b8b9-6be1f91c03ab",
            "05e3e990-bda0-4aed-b123-3318fab5a9ae",
            "91ee8bdc-0379-4ea8-bc9c-0a4937ab2e58",
            "6184d349-d302-4a93-bb3a-61b1fed83fb6"
          ],
          "failures": [],
          "pending": [],
          "skipped": [],
          "duration": 62,
          "root": false,
          "rootEmpty": false,
          "_timeout": 2000
        },
        {
          "uuid": "0674eb80-9f04-4db6-981c-9d60ad87837a",
          "title": "patternSatisfier",
          "fullFile": "/home/runner/work/planwithus-lib/planwithus-lib/src/matchRule/pattern/satisfiers.test.ts",
          "file": "/src/matchRule/pattern/satisfiers.test.ts",
          "beforeHooks": [],
          "afterHooks": [],
          "tests": [
            {
              "title": "should assign all modules with *",
              "fullTitle": "patternSatisfier should assign all modules with *",
              "timedOut": false,
              "duration": 0,
              "state": "passed",
              "speed": "fast",
              "pass": true,
              "fail": false,
              "pending": false,
              "context": null,
              "code": "const { assign } = (0, satisfiers_1.patternSatisfier)(ref, \"*\");\nisCorrectAssign(assign, modulesList1, modulesList1.map(([moduleStr]) => moduleStr));",
              "err": {},
              "uuid": "5bc45c48-0c51-4ed6-a20a-0d82746864f0",
              "parentUUID": "0674eb80-9f04-4db6-981c-9d60ad87837a",
              "isHook": false,
              "skipped": false
            },
            {
              "title": "should assign only valid modules with pattern containing *",
              "fullTitle": "patternSatisfier should assign only valid modules with pattern containing *",
              "timedOut": false,
              "duration": 0,
              "state": "passed",
              "speed": "fast",
              "pass": true,
              "fail": false,
              "pending": false,
              "context": null,
              "code": "const { assign } = (0, satisfiers_1.patternSatisfier)(ref, \"CS2*\");\nisCorrectAssign(assign, modulesList1, [\"CS2100\", \"CS2040S\", \"CS2030\"]);",
              "err": {},
              "uuid": "5f697ecc-2eca-4507-9891-31aa6e28b4ab",
              "parentUUID": "0674eb80-9f04-4db6-981c-9d60ad87837a",
              "isHook": false,
              "skipped": false
            },
            {
              "title": "should assign only valid modules with pattern containing x",
              "fullTitle": "patternSatisfier should assign only valid modules with pattern containing x",
              "timedOut": false,
              "duration": 0,
              "state": "passed",
              "speed": "fast",
              "pass": true,
              "fail": false,
              "pending": false,
              "context": null,
              "code": "const { assign } = (0, satisfiers_1.patternSatisfier)(ref, \"CS20xx\");\nisCorrectAssign(assign, modulesList1, [\"CS2030\"]);",
              "err": {},
              "uuid": "6b52f266-05f5-4948-83bc-56cbd77afb3a",
              "parentUUID": "0674eb80-9f04-4db6-981c-9d60ad87837a",
              "isHook": false,
              "skipped": false
            },
            {
              "title": "should assign only valid modules with pattern containing x and *",
              "fullTitle": "patternSatisfier should assign only valid modules with pattern containing x and *",
              "timedOut": false,
              "duration": 1,
              "state": "passed",
              "speed": "fast",
              "pass": true,
              "fail": false,
              "pending": false,
              "context": null,
              "code": "const { assign } = (0, satisfiers_1.patternSatisfier)(ref, \"CS20xx*\");\nisCorrectAssign(assign, modulesList1, [\"CS2040S\", \"CS2030\"]);",
              "err": {},
              "uuid": "8453c011-826e-41af-bd4d-736fca99e580",
              "parentUUID": "0674eb80-9f04-4db6-981c-9d60ad87837a",
              "isHook": false,
              "skipped": false
            }
          ],
          "suites": [],
          "passes": [
            "5bc45c48-0c51-4ed6-a20a-0d82746864f0",
            "5f697ecc-2eca-4507-9891-31aa6e28b4ab",
            "6b52f266-05f5-4948-83bc-56cbd77afb3a",
            "8453c011-826e-41af-bd4d-736fca99e580"
          ],
          "failures": [],
          "pending": [],
          "skipped": [],
          "duration": 1,
          "root": false,
          "rootEmpty": false,
          "_timeout": 2000
        },
        {
          "uuid": "d6ca88cd-08ee-44b2-b6f2-0e7cf9aafb24",
          "title": "patternSchema",
          "fullFile": "/home/runner/work/planwithus-lib/planwithus-lib/src/matchRule/pattern/schemas.test.ts",
          "file": "/src/matchRule/pattern/schemas.test.ts",
          "beforeHooks": [],
          "afterHooks": [],
          "tests": [
            {
              "title": "should validate non-empty pattern composed of A-Z, 0-9, x or *",
              "fullTitle": "patternSchema should validate non-empty pattern composed of A-Z, 0-9, x or *",
              "timedOut": false,
              "duration": 1,
              "state": "passed",
              "speed": "fast",
              "pass": true,
              "fail": false,
              "pending": false,
              "context": "[\n  {\n    \"title\": \"pattern sample 0\",\n    \"value\": \"OK432W\"\n  },\n  {\n    \"title\": \"pattern sample 1\",\n    \"value\": \"NYH9T\"\n  },\n  {\n    \"title\": \"pattern sample 2\",\n    \"value\": \"AT3I\"\n  },\n  {\n    \"title\": \"pattern sample 3\",\n    \"value\": \"MZU83\"\n  },\n  {\n    \"title\": \"pattern sample 4\",\n    \"value\": \"OW483G\"\n  },\n  {\n    \"title\": \"pattern sample 5\",\n    \"value\": \"ET0L\"\n  },\n  {\n    \"title\": \"pattern sample 6\",\n    \"value\": \"EH3\"\n  },\n  {\n    \"title\": \"pattern sample 7\",\n    \"value\": \"WI9815\"\n  },\n  {\n    \"title\": \"pattern sample 8\",\n    \"value\": \"HVE3\"\n  },\n  {\n    \"title\": \"pattern sample 9\",\n    \"value\": \"RM2476\"\n  }\n]",
              "code": "(0, fast_check_1.sample)(index_test_2.pattern, 10).forEach((sample, i) => (0, addContext_1.default)(this, {\n    title: `pattern sample ${i}`,\n    value: sample,\n}));\nreturn (0, fast_check_1.assert)((0, fast_check_1.property)(index_test_2.pattern, ajvValidate), {\n    examples: [[\"*\"], [\"ACC1002\"], [\"IS1103\"], [\"CS1231S\"], [\"MA1102R\"]],\n});",
              "err": {},
              "uuid": "5bfb7c14-e065-4955-a7c9-0df667e0aead",
              "parentUUID": "d6ca88cd-08ee-44b2-b6f2-0e7cf9aafb24",
              "isHook": false,
              "skipped": false
            },
            {
              "title": "should not validate empty pattern",
              "fullTitle": "patternSchema should not validate empty pattern",
              "timedOut": false,
              "duration": 1,
              "state": "passed",
              "speed": "fast",
              "pass": true,
              "fail": false,
              "pending": false,
              "context": null,
              "code": "isInvalidPattern(\"\")",
              "err": {},
              "uuid": "c74594fe-1ff4-4627-993c-37e46259b9d1",
              "parentUUID": "d6ca88cd-08ee-44b2-b6f2-0e7cf9aafb24",
              "isHook": false,
              "skipped": false
            },
            {
              "title": "should not validate pattern with invalid characters",
              "fullTitle": "patternSchema should not validate pattern with invalid characters",
              "timedOut": false,
              "duration": 0,
              "state": "passed",
              "speed": "fast",
              "pass": true,
              "fail": false,
              "pending": false,
              "context": null,
              "code": "[\"AB123a\", \"Ac123a\", \"AB123^S\", \"AB1*3^S\", \"$A1*3^S\", \"/A1x33S\"].forEach(isInvalidPattern)",
              "err": {},
              "uuid": "fdcc46a2-b440-4cb9-8ce6-d10010379ef4",
              "parentUUID": "d6ca88cd-08ee-44b2-b6f2-0e7cf9aafb24",
              "isHook": false,
              "skipped": false
            }
          ],
          "suites": [],
          "passes": [
            "5bfb7c14-e065-4955-a7c9-0df667e0aead",
            "c74594fe-1ff4-4627-993c-37e46259b9d1",
            "fdcc46a2-b440-4cb9-8ce6-d10010379ef4"
          ],
          "failures": [],
          "pending": [],
          "skipped": [],
          "duration": 2,
          "root": false,
          "rootEmpty": false,
          "_timeout": 2000
        },
        {
          "uuid": "f0fadcb1-d6df-4967-a5a4-4b734d281cfd",
          "title": "patternMatchRuleSatisfier",
          "fullFile": "/home/runner/work/planwithus-lib/planwithus-lib/src/matchRule/satisfiers.test.ts",
          "file": "/src/matchRule/satisfiers.test.ts",
          "beforeHooks": [],
          "afterHooks": [],
          "tests": [
            {
              "title": "should assign only valid modules with pattern match rule containing no exclude patterns",
              "fullTitle": "patternMatchRuleSatisfier should assign only valid modules with pattern match rule containing no exclude patterns",
              "timedOut": false,
              "duration": 0,
              "state": "passed",
              "speed": "fast",
              "pass": true,
              "fail": false,
              "pending": false,
              "context": null,
              "code": "const { assign } = (0, satisfiers_1.patternMatchRuleSatisfier)(ref, { pattern: \"CS1xxx*\" });\nisCorrectAssign(assign, modulesList1, [\"CS1231\", \"CS1231S\"]);",
              "err": {},
              "uuid": "e076c0d5-7717-43c7-85d9-28c33e3ebc81",
              "parentUUID": "f0fadcb1-d6df-4967-a5a4-4b734d281cfd",
              "isHook": false,
[...]
              "err": {},
              "uuid": "6ace572d-063c-4615-873c-f3e3e0adff45",
              "parentUUID": "9b683a1c-d71a-465d-9a6c-cec194c0d04f",
              "isHook": false,
              "skipped": false
            },
            {
              "title": "should truncate list of modules with upper bound of MCs at exact cutoff if total MC count is higher and there exists some starting sequence with exact MC count",
              "fullTitle": "inequalitySatisfier should truncate list of modules with upper bound of MCs at exact cutoff if total MC count is higher and there exists some starting sequence with exact MC count",
              "timedOut": false,
              "duration": 0,
              "state": "passed",
              "speed": "fast",
              "pass": true,
              "fail": false,
              "pending": false,
              "context": null,
              "code": "const satisfier = (0, satisfiers_1.inequalitySatisfier)(ref, \"<=16\");\nsatisfier.should.have.property(\"filter\");\nconst { filter } = satisfier;\nisCorrectFilter(filter, modulesList1, [\n    \"CS2100\",\n    \"GER1000\",\n    \"CS2040S\",\n    \"ST2131\",\n]);",
              "err": {},
              "uuid": "6b233943-cb53-4db9-b356-9b0ca8e681b7",
              "parentUUID": "9b683a1c-d71a-465d-9a6c-cec194c0d04f",
              "isHook": false,
              "skipped": false
            },
            {
              "title": "should truncate list of modules with upper bound of MCs, cutting off at the minimum starting sequence that exceeds upper bound, if total MC count is higher and there exists no starting sequence with exact MC count",
              "fullTitle": "inequalitySatisfier should truncate list of modules with upper bound of MCs, cutting off at the minimum starting sequence that exceeds upper bound, if total MC count is higher and there exists no starting sequence with exact MC count",
              "timedOut": false,
              "duration": 0,
              "state": "passed",
              "speed": "fast",
              "pass": true,
              "fail": false,
              "pending": false,
              "context": null,
              "code": "const satisfier = (0, satisfiers_1.inequalitySatisfier)(ref, \"<=17\");\nsatisfier.should.have.property(\"filter\");\nconst { filter } = satisfier;\nisCorrectFilter(filter, modulesList1, [\n    \"CS2100\",\n    \"GER1000\",\n    \"CS2040S\",\n    \"ST2131\",\n    \"MA1521\",\n]);",
              "err": {},
              "uuid": "3954c8d9-7117-4fc5-b264-c6fa7cb42367",
              "parentUUID": "9b683a1c-d71a-465d-9a6c-cec194c0d04f",
              "isHook": false,
              "skipped": false
            }
          ],
          "suites": [],
          "passes": [
            "20974366-d071-4a48-b5df-4c335035ddbc",
            "d739f60c-ab06-4b1e-bff0-a8c94b6780ca",
            "42f339a7-904a-41cc-b934-4ac64db03311",
            "4d5e6f82-99d5-449a-b356-ad4f69d89341",
            "6ace572d-063c-4615-873c-f3e3e0adff45",
            "6b233943-cb53-4db9-b356-9b0ca8e681b7",
            "3954c8d9-7117-4fc5-b264-c6fa7cb42367"
          ],
          "failures": [],
          "pending": [],
          "skipped": [],
          "duration": 1,
          "root": false,
          "rootEmpty": false,
          "_timeout": 2000
        },
        {
          "uuid": "976e966b-7bc7-481a-8370-53f2d30808a9",
          "title": "inequalitySchema",
          "fullFile": "/home/runner/work/planwithus-lib/planwithus-lib/src/satisfyRule/inequality/schemas.test.ts",
          "file": "/src/satisfyRule/inequality/schemas.test.ts",
          "beforeHooks": [],
          "afterHooks": [],
          "tests": [
            {
              "title": "should validate inequality in the form <=n or >=n",
              "fullTitle": "inequalitySchema should validate inequality in the form <=n or >=n",
              "timedOut": false,
              "duration": 1,
              "state": "passed",
              "speed": "fast",
              "pass": true,
              "fail": false,
              "pending": false,
              "context": "[\n  {\n    \"title\": \"inequality sample 0\",\n    \"value\": \">=129\"\n  },\n  {\n    \"title\": \"inequality sample 1\",\n    \"value\": \">=78\"\n  },\n  {\n    \"title\": \"inequality sample 2\",\n    \"value\": \"<=200\"\n  },\n  {\n    \"title\": \"inequality sample 3\",\n    \"value\": \"<=134\"\n  },\n  {\n    \"title\": \"inequality sample 4\",\n    \"value\": \">=150\"\n  },\n  {\n    \"title\": \"inequality sample 5\",\n    \"value\": \">=32\"\n  },\n  {\n    \"title\": \"inequality sample 6\",\n    \"value\": \">=90\"\n  },\n  {\n    \"title\": \"inequality sample 7\",\n    \"value\": \">=137\"\n  },\n  {\n    \"title\": \"inequality sample 8\",\n    \"value\": \"<=106\"\n  },\n  {\n    \"title\": \"inequality sample 9\",\n    \"value\": \">=196\"\n  }\n]",
              "code": "(0, fast_check_1.sample)(index_test_2.inequality, 10).forEach((sample, i) => (0, addContext_1.default)(this, {\n    title: `inequality sample ${i}`,\n    value: sample,\n}));\nreturn (0, fast_check_1.assert)((0, fast_check_1.property)(index_test_2.inequality, ajvValidate));",
              "err": {},
              "uuid": "2da6cb3f-f094-4d66-9a8e-69358dc5b3ad",
              "parentUUID": "976e966b-7bc7-481a-8370-53f2d30808a9",
              "isHook": false,
              "skipped": false
            },
            {
              "title": "should not validate inequality of invalid form",
              "fullTitle": "inequalitySchema should not validate inequality of invalid form",
              "timedOut": false,
              "duration": 1,
              "state": "passed",
              "speed": "fast",
              "pass": true,
              "fail": false,
              "pending": false,
              "context": null,
              "code": "[\n        \"\",\n        \"==23\",\n        \"23\",\n        \"<23\",\n        \">23\",\n        \"<=-1\",\n        \">=-1\",\n        \"<= 2\",\n        \">= 1\",\n        \"> 3\",\n        \"< 3\",\n        \"<=3a\",\n        \">=3a\",\n        \"a<=3\",\n        \"a>=3\",\n    ].forEach(isInvalidInequality)",
              "err": {},
              "uuid": "f0c1f6a7-aed7-4eb4-800a-3bc892ac92fc",
              "parentUUID": "976e966b-7bc7-481a-8370-53f2d30808a9",
              "isHook": false,
              "skipped": false
            }
          ],
          "suites": [],
          "passes": [
            "2da6cb3f-f094-4d66-9a8e-69358dc5b3ad",
            "f0c1f6a7-aed7-4eb4-800a-3bc892ac92fc"
          ],
          "failures": [],
          "pending": [],
          "skipped": [],
          "duration": 2,
          "root": false,
          "rootEmpty": false,
          "_timeout": 2000
        },
        {
          "uuid": "199cb528-2764-4abf-abc2-d39207401b0c",
          "title": "satisfyRuleSchema",
          "fullFile": "/home/runner/work/planwithus-lib/planwithus-lib/src/satisfyRule/schemas.test.ts",
          "file": "/src/satisfyRule/schemas.test.ts",
          "beforeHooks": [],
          "afterHooks": [],
          "tests": [
            {
              "title": "should validate satisfy rule with valid block id",
              "fullTitle": "satisfyRuleSchema should validate satisfy rule with valid block id",
              "timedOut": false,
              "duration": 0,
              "state": "passed",
              "speed": "fast",
              "pass": true,
              "fail": false,
              "pending": false,
              "context": null,
              "code": "0, fast_check_1.assert)((0, fast_check_1.property)((0, fast_check_1.string)(), ajvValidate)",
              "err": {},
              "uuid": "e4ea3f0c-219f-4186-a91a-c4b0f17e0679",
              "parentUUID": "199cb528-2764-4abf-abc2-d39207401b0c",
              "isHook": false,
              "skipped": false
            },
            {
              "title": "should validate satisfy rules with valid mc",
              "fullTitle": "satisfyRuleSchema should validate satisfy rules with valid mc",
              "timedOut": false,
              "duration": 1,
              "state": "passed",
              "speed": "fast",
              "pass": true,
              "fail": false,
              "pending": false,
              "context": "[\n  {\n    \"title\": \"mcSatisfyRule sample 0\",\n    \"value\": {\n      \"mc\": \"<=197\"\n    }\n  },\n  {\n    \"title\": \"mcSatisfyRule sample 1\",\n    \"value\": {\n      \"mc\": \">=131\"\n    }\n  },\n  {\n    \"title\": \"mcSatisfyRule sample 2\",\n    \"value\": {\n      \"mc\": \"<=197\"\n    }\n  },\n  {\n    \"title\": \"mcSatisfyRule sample 3\",\n    \"value\": {\n      \"mc\": \">=4\"\n    }\n  },\n  {\n    \"title\": \"mcSatisfyRule sample 4\",\n    \"value\": {\n      \"mc\": \">=199\"\n    }\n  },\n  {\n    \"title\": \"mcSatisfyRule sample 5\",\n    \"value\": {\n      \"mc\": \">=199\"\n    }\n  },\n  {\n    \"title\": \"mcSatisfyRule sample 6\",\n    \"value\": {\n      \"mc\": \"<=6\"\n    }\n  },\n  {\n    \"title\": \"mcSatisfyRule sample 7\",\n    \"value\": {\n      \"mc\": \"<=197\"\n    }\n  },\n  {\n    \"title\": \"mcSatisfyRule sample 8\",\n    \"value\": {\n      \"mc\": \"<=168\"\n    }\n  },\n  {\n    \"title\": \"mcSatisfyRule sample 9\",\n    \"value\": {\n      \"mc\": \"<=46\"\n    }\n  }\n]",
              "code": "(0, fast_check_1.sample)(index_test_2.mcSatisfyRule, 10).forEach((sample, i) => (0, addContext_1.default)(this, {\n    title: `mcSatisfyRule sample ${i}`,\n    value: sample,\n}));\nreturn (0, fast_check_1.assert)((0, fast_check_1.property)(index_test_2.mcSatisfyRule, ajvValidate));",
              "err": {},
              "uuid": "26fa4878-a539-4db1-aad1-a88b89f6b6e1",
              "parentUUID": "199cb528-2764-4abf-abc2-d39207401b0c",
              "isHook": false,
              "skipped": false
            },
            {
              "title": "should validate valid recursive satisfy rules",
              "fullTitle": "satisfyRuleSchema should validate valid recursive satisfy rules",
              "timedOut": false,
              "duration": 3,
              "state": "passed",
              "speed": "fast",
              "pass": true,
              "fail": false,
              "pending": false,
              "context": "[\n  {\n    \"title\": \"satisfyRule sample 0\",\n    \"value\": \"qkQG\"\n  },\n  {\n    \"title\": \"satisfyRule sample 1\",\n    \"value\": {\n      \"and\": [\n        {\n          \"or\": [\n            \"t|\",\n            \"o$Yy{&2w%\",\n            {\n              \"or\": [\n                \"8z)\\\"}\",\n                \"2Wf&xq\",\n                {\n                  \"or\": [\n                    \"\",\n                    \"]@N8zr -\",\n                    \"nwX{N3I\",\n                    {\n                      \"or\": [\n                        \"\"\n                      ]\n                    }\n                  ]\n                },\n                \"DT\"\n              ]\n            }\n          ]\n        },\n        {\n          \"and\": []\n        }\n      ]\n    }\n  },\n  {\n    \"title\": \"satisfyRule sample 2\",\n    \"value\": \"2J\"\n  },\n  {\n    \"title\": \"satisfyRule sample 3\",\n    \"value\": {\n      \"and\": [\n        {\n          \"and\": [\n            \"1 #{\"\n          ]\n        }\n      ]\n    }\n  },\n  {\n    \"title\": \"satisfyRule sample 4\",\n    \"value\": {\n      \"and\": [\n        {\n          \"and\": [\n            \"\",\n            \"<:n\",\n            {\n              \"or\": [\n                \"*b>mv\",\n                \"S_In{L\",\n                {\n                  \"and\": [\n                    \"^my%PXjah\",\n                    \"56LByl\"\n                  ]\n                }\n              ]\n            },\n            {\n              \"mc\": \"<=196\"\n            },\n            \"[UUynF}M>\"\n          ]\n        },\n        {\n          \"mc\": \">=67\"\n        },\n        {\n          \"and\": [\n            {\n              \"or\": []\n            },\n            \"\\\"}&\"\n          ]\n        },\n        {\n          \"and\": [\n            {\n              \"mc\": \"<=179\"\n            },\n            {\n              \"mc\": \"<=8\"\n            }\n          ]\n        },\n        \"\"\n      ]\n    }\n  },\n  {\n    \"title\": \"satisfyRule sample 5\",\n    \"value\": {\n      \"and\": [\n        {\n          \"mc\": \">=69\"\n        },\n        {\n          \"mc\": \">=162\"\n        },\n        {\n          \"or\": []\n        },\n        {\n          \"mc\": \">=174\"\n        }\n      ]\n    }\n  },\n  {\n    \"title\": \"satisfyRule sample 6\",\n    \"value\": \"{NlB~d!H\"\n  },\n  {\n    \"title\": \"satisfyRule sample 7\",\n    \"value\": {\n      \"and\": []\n    }\n  },\n  {\n    \"title\": \"satisfyRule sample 8\",\n    \"value\": {\n      \"mc\": \"<=195\"\n    }\n  },\n  {\n    \"title\": \"satisfyRule sample 9\",\n    \"value\": \"\"\n  }\n]",
              "code": "(0, fast_check_1.sample)(index_test_2.satisfyRule, 10).forEach((sample, i) => (0, addContext_1.default)(this, {\n    title: `satisfyRule sample ${i}`,\n    value: sample,\n}));\nreturn (0, fast_check_1.assert)((0, fast_check_1.property)(index_test_2.satisfyRule, ajvValidate));",
              "err": {},
              "uuid": "a5110ec8-41e4-4cf9-ac5b-fdc02a6e101d",
              "parentUUID": "199cb528-2764-4abf-abc2-d39207401b0c",
              "isHook": false,
              "skipped": false
            },
            {
              "title": "should not validate non-string/object",
              "fullTitle": "satisfyRuleSchema should not validate non-string/object",
              "timedOut": false,
              "duration": 2,
              "state": "passed",
              "speed": "fast",
              "pass": true,
              "fail": false,
              "pending": false,
              "context": null,
              "code": "const error = {\n    instancePath: \"\",\n    message: \"satisfy rule should be either a string or an object\",\n};\nisInvalidRule(null, error);\nisInvalidRule(undefined, error);\nisInvalidRule(10, error);\nisInvalidRule([12, 24], error);",
              "err": {},
              "uuid": "ce885b05-3e03-4fa9-9b4b-8b7742ad1b40",
              "parentUUID": "199cb528-2764-4abf-abc2-d39207401b0c",
              "isHook": false,
              "skipped": false
            },
            {
              "title": "should not validate satisfy rules with extra properties",
              "fullTitle": "satisfyRuleSchema should not validate satisfy rules with extra properties",
              "timedOut": false,
              "duration": 0,
              "state": "passed",
              "speed": "fast",
              "pass": true,
              "fail": false,
              "pending": false,
              "context": null,
              "code": "isInvalidRule({\n        and: [\n            { or: [\"2k\"], abc: \"def\" },\n            { mc: 8, ghi: \"jkl\" },\n        ],\n        mno: \"pqr\",\n    }, {\n        instancePath: \"/and/0\",\n        message: \"or satisfy rule should have property 'or' only\",\n    }, {\n        instancePath: \"/and/1\",\n        message: \"MC satisfy rule should have property 'mc' only\",\n    }, {\n        instancePath: \"\",\n        message: \"and satisfy rule should have property 'and' only\",\n    })",
              "err": {},
              "uuid": "6ece0416-ab89-4599-8613-116bc9130ee3",
              "parentUUID": "199cb528-2764-4abf-abc2-d39207401b0c",
              "isHook": false,
              "skipped": false
            },
            {
              "title": "should not validate ambiguous satisfy rules",
              "fullTitle": "satisfyRuleSchema should not validate ambiguous satisfy rules",
              "timedOut": false,
              "duration": 0,
              "state": "passed",
              "speed": "fast",
              "pass": true,
              "fail": false,
              "pending": false,
              "context": null,
              "code": "const message = \"satisfy rule should have only one of properties 'mc', 'and', 'or'\";\nisInvalidRule({\n    or: [\n        { mc: 5, and: [\"CS2040\"] },\n        { and: [{ and: [\"abc\"], or: [\"def\"] }] },\n    ],\n}, { instancePath: \"/or/0\", message }, { instancePath: \"/or/1/and/0\", message });",
              "err": {},
              "uuid": "1b0276fb-aa38-4cf1-acf2-63c13fa33a11",
              "parentUUID": "199cb528-2764-4abf-abc2-d39207401b0c",
              "isHook": false,
              "skipped": false
            },
            {
              "title": "should not validate and satisfy rules with non-array property",
              "fullTitle": "satisfyRuleSchema should not validate and satisfy rules with non-array property",
              "timedOut": false,
              "duration": 0,
              "state": "passed",
              "speed": "fast",
              "pass": true,
              "fail": false,
              "pending": false,
              "context": null,
              "code": "const message = \"property 'and' should be an array of satisfy rules\";\nisInvalidRule({ or: [{ and: {} }, { or: [{ and: 3 }] }] }, { instancePath: \"/or/0/and\", message }, { instancePath: \"/or/1/or/0/and\", message });",
              "err": {},
              "uuid": "bbba09da-9d91-429d-b06a-d581d7c69a1f",
              "parentUUID": "199cb528-2764-4abf-abc2-d39207401b0c",
              "isHook": false,
              "skipped": false
            },
            {
              "title": "should not validate or satisfy rules with non-array property",
              "fullTitle": "satisfyRuleSchema should not validate or satisfy rules with non-array property",
              "timedOut": false,
              "duration": 1,
              "state": "passed",
              "speed": "fast",
              "pass": true,
              "fail": false,
              "pending": false,
              "context": null,
              "code": "const message = \"property 'or' should be an array of satisfy rules\";\nisInvalidRule({ and: [{ or: {} }, { and: [{ or: 3 }] }] }, { instancePath: \"/and/0/or\", message }, { instancePath: \"/and/1/and/0/or\", message });",
              "err": {},
              "uuid": "d903d94a-36f3-475e-849f-84ed9c72f560",
              "parentUUID": "199cb528-2764-4abf-abc2-d39207401b0c",
              "isHook": false,
              "skipped": false
            }
          ],
          "suites": [],
          "passes": [
            "e4ea3f0c-219f-4186-a91a-c4b0f17e0679",
            "26fa4878-a539-4db1-aad1-a88b89f6b6e1",
            "a5110ec8-41e4-4cf9-ac5b-fdc02a6e101d",
            "ce885b05-3e03-4fa9-9b4b-8b7742ad1b40",
            "6ece0416-ab89-4599-8613-116bc9130ee3",
            "1b0276fb-aa38-4cf1-acf2-63c13fa33a11",
            "bbba09da-9d91-429d-b06a-d581d7c69a1f",
            "d903d94a-36f3-475e-849f-84ed9c72f560"
          ],
          "failures": [],
          "pending": [],
          "skipped": [],
          "duration": 7,
          "root": false,
          "rootEmpty": false,
          "_timeout": 2000
        }
      ],
      "passes": [],
      "failures": [],
      "pending": [],
      "skipped": [],
      "duration": 0,
      "root": true,
      "rootEmpty": true,
      "_timeout": 2000
    }
  ],
  "meta": {
    "mocha": {
      "version": "9.1.2"
    },
    "mochawesome": {
      "options": {
        "quiet": false,
        "reportFilename": "mochawesome",
        "saveHtml": true,
        "saveJson": true,
        "consoleReporter": "spec",
        "useInlineDiffs": false,
        "code": true
      },
      "version": "6.3.0"
    },
    "marge": {
      "options": {
        "reportDir": "docs"
      },
      "version": "5.2.0"
    }
  }
}