{
  "stats": {
    "suites": 10,
    "tests": 48,
    "passes": 48,
    "pending": 0,
    "failures": 0,
    "start": "2021-07-22T15:36:14.220Z",
    "end": "2021-07-22T15:36:14.493Z",
    "duration": 273,
    "testsRegistered": 48,
    "passPercent": 100,
    "pendingPercent": 0,
    "other": 0,
    "hasOther": false,
    "skipped": 0,
    "hasSkipped": false
  },
  "results": [
    {
      "uuid": "4ca9f268-dc12-4cf0-9729-b4f8d9b95b23",
      "title": "",
      "fullFile": "",
      "file": "",
      "beforeHooks": [],
      "afterHooks": [],
      "tests": [],
      "suites": [
        {
          "uuid": "a54716f4-db0e-4b80-af09-23f14c0e01e9",
          "title": "initDirectories",
          "fullFile": "/home/runner/work/planwithus-lib/planwithus-lib/src/block/schemas.test.ts",
          "file": "/src/block/schemas.test.ts",
          "beforeHooks": [],
          "afterHooks": [],
          "tests": [
            {
              "title": "should parse all blocks with no errors",
              "fullTitle": "initDirectories should parse all blocks with no errors",
              "timedOut": false,
              "duration": 2,
              "state": "passed",
              "speed": "fast",
              "pass": true,
              "fail": false,
              "pending": false,
              "context": null,
              "code": "_1.initDirectories.should.not.throw()",
              "err": {},
              "uuid": "e4cbb06b-91d7-4525-90fd-94057403e1a1",
              "parentUUID": "a54716f4-db0e-4b80-af09-23f14c0e01e9",
              "isHook": false,
              "skipped": false
            },
            {
              "title": "should produce primary, second & minor directories",
              "fullTitle": "initDirectories should produce primary, second & minor directories",
              "timedOut": false,
              "duration": 1,
              "state": "passed",
              "speed": "fast",
              "pass": true,
              "fail": false,
              "pending": false,
              "context": null,
              "code": "const directories = _1.initDirectories();\ndirectories.should.have.property(\"primary\");\ndirectories.should.have.property(\"second\");\ndirectories.should.have.property(\"minor\");",
              "err": {},
              "uuid": "131377d7-e8b8-497b-815b-38625f0c9089",
              "parentUUID": "a54716f4-db0e-4b80-af09-23f14c0e01e9",
              "isHook": false,
              "skipped": false
            }
          ],
          "suites": [],
          "passes": [
            "e4cbb06b-91d7-4525-90fd-94057403e1a1",
            "131377d7-e8b8-497b-815b-38625f0c9089"
          ],
          "failures": [],
          "pending": [],
          "skipped": [],
          "duration": 3,
          "root": false,
          "rootEmpty": false,
          "_timeout": 2000
        },
        {
          "uuid": "2923472c-94a2-4e6c-9a47-277372cbd7de",
          "title": "blockSchema",
          "fullFile": "/home/runner/work/planwithus-lib/planwithus-lib/src/block/schemas.test.ts",
          "file": "/src/block/schemas.test.ts",
          "beforeHooks": [],
          "afterHooks": [],
          "tests": [
            {
              "title": "should validate valid block",
              "fullTitle": "blockSchema should validate valid block",
              "timedOut": false,
              "duration": 162,
              "state": "passed",
              "speed": "slow",
              "pass": true,
              "fail": false,
              "pending": false,
              "context": "[\n  {\n    \"title\": \"block sample 0\",\n    \"value\": {\n      \"name\": \"v}7,%S%0yE\",\n      \"ay\": 1977,\n      \"assign\": \"~\",\n      \"match\": {\n        \"and\": [\n          {\n            \"or\": [\n              \"AI8Z\",\n              {\n                \"pattern\": \"LTJx029V\",\n                \"exclude\": \"ZXJ1*11S\",\n                \"info\": \"4xV:=$\"\n              },\n              {\n                \"pattern\": \"MRP*\",\n                \"exclude\": [\n                  \"XL3Z\",\n                  \"NKJ1\",\n                  \"YL04H\"\n                ],\n                \"info\": \"\"\n              }\n            ]\n          },\n          \"YN6993\"\n        ]\n      },\n      \"satisfy\": [\n        {\n          \"mc\": \">=121\"\n        },\n        {\n          \"and\": [\n            \"\",\n            {\n              \"or\": [\n                {\n                  \"and\": []\n                },\n                {\n                  \"or\": [\n                    \"\",\n                    \"W)i5't9z\"\n                  ]\n                },\n                \";O=`<S\",\n                {\n                  \"or\": [\n                    \"S`8*xopg~e\"\n                  ]\n                },\n                \"2k1`e,\"\n              ]\n            },\n            {\n              \"and\": [\n                \"U5*xmv>f?<\"\n              ]\n            },\n            {\n              \"and\": [\n                {\n                  \"or\": [\n                    \"H42\"\n                  ]\n                },\n                \"&;K6gI\",\n                {\n                  \"mc\": \"<=114\"\n                },\n                \"?Ax\"\n              ]\n            }\n          ]\n        },\n        \"<6oK\"\n      ],\n      \"url\": \"https://dbe0fcd5faekeded-5w6hvased7r4.fmeop-rz7-2utibvleud-0f77i9l1by923qrbnl.cl12cx1ojqbqs0o1-c7zrz0kwqsvn8i1foh.defy/8Ld6KP/MG-nG/WJTd\",\n      \"info\": \"&z%!%a$n\",\n      \"isSelectable\": true\n    }\n  },\n  {\n    \"title\": \"block sample 1\",\n    \"value\": {\n      \"name\": \"\",\n      \"ay\": 1955,\n      \"assign\": \"#\",\n      \"match\": [\n        {\n          \"and\": [\n            {\n              \"and\": [\n                \"IPF1287\",\n                \"MMF421W\",\n                {\n                  \"and\": [\n                    {\n                      \"and\": [\n                        \"RSE3U\",\n                        \"OU7G\",\n                        \"XQE4163U\",\n                        \"NRV8641\",\n                        {\n                          \"or\": [\n                            \"QUM473G\",\n                            \"XZVx67\",\n                            \"JR4*9K\",\n                            {\n                              \"and\": [\n                                \"DK8340E\",\n                                \"QRX4513P\",\n                                \"SKY553\",\n                                \"HCJ*08\",\n                                \"GG*\"\n                              ]\n                            }\n                          ]\n                        }\n                      ]\n                    },\n                    \"WOP*77H\",\n                    \"QMH087R\",\n                    \"FY557\"\n                  ]\n                },\n                {\n                  \"or\": [\n                    \"THU994\"\n                  ]\n                }\n              ]\n            },\n            {\n              \"or\": [\n                \"YOE2\",\n                \"PVE783I\"\n              ]\n            }\n          ]\n        },\n        \"EAI9*08\",\n        {\n          \"pattern\": \"OUD22S\",\n          \"exclude\": \"CQH8\",\n          \"info\": \"5<&\\\"OV7bM\"\n        }\n      ],\n      \"satisfy\": [\n        {\n          \"and\": [\n            \"5\",\n            {\n              \"and\": [\n                \"IYiA\",\n                {\n                  \"or\": [\n                    \"t7#uw4ff_<\",\n                    \"7,a\",\n                    \"2%y=IPP\",\n                    {\n                      \"and\": [\n                        \">0`qfm%cC@\"\n                      ]\n                    }\n                  ]\n                }\n              ]\n            },\n            \"}J$&}&xPut\",\n            {\n              \"mc\": \">=68\"\n            }\n          ]\n        },\n        \"\"\n      ],\n      \"url\": \"https://f56da78-kb9a56ezcbyt-gmf3e2vccne86fed6ff76o9ddqe28ejem9-tfa.zvmajjhrtr/qbd!/SM)c(M/Anx)XSo%F3%9F%AC%84\",\n      \"info\": \"%\"\n    }\n  },\n  {\n    \"title\": \"block sample 2\",\n    \"value\": {\n      \"name\": \"$xo A '#_\",\n      \"ay\": 1952,\n      \"assign\": [],\n      \"match\": {\n        \"or\": [\n          {\n            \"and\": [\n              \"UG4*1O\",\n              \"PQM262\",\n              \"TM1*8A\"\n            ]\n          },\n          \"VU1x1\",\n          \"AX98I\",\n          \"VP939\",\n          {\n            \"or\": [\n              \"OTE8208J\",\n              \"MYT261W\",\n              \"TIP53S\",\n              \"IPH1\",\n              {\n                \"and\": [\n                  \"FI*92\",\n                  {\n                    \"and\": [\n                      \"MO84\",\n                      \"TD*X\"\n                    ]\n                  },\n                  {\n                    \"pattern\": \"DJM4004D\",\n                    \"info\": \".\"\n                  },\n                  \"LD6976\"\n                ]\n              }\n            ]\n          }\n        ]\n      },\n      \"satisfy\": \"!$RH.R2$q\",\n      \"url\": \"https://q1b.1vumaops0-nfnhxmatpl21egnyydurzl4zlpicbf9fhxtuh8k6z-6.9emo7dq7-ewmih93dx4fbs4rzvi6brxp5zyzes5z4bas39dr-xjsafcf.u.e4b9b-0777ia6v-ohqdd6i5azedthh9e9e3a8869eaxzaf4sh9r866ef.nz/,//d/7tnjfRz;e5/u:fPL%32,,gd/Ymk_6:LPYT/=:%23eWEfA%F2%80%AE%B5*/gas:b:f/p\",\n      \"info\": \"#x\\\"\",\n      \"isSelectable\": true\n    }\n  },\n  {\n    \"title\": \"block sample 3\",\n    \"value\": {\n      \"name\": \"O$\",\n      \"ay\": 2002,\n      \"assign\": \"8RF<\",\n      \"match\": [\n        {\n          \"and\": [\n            {\n              \"and\": [\n                {\n                  \"pattern\": \"TGxX\",\n                  \"exclude\": \"VW9\",\n                  \"info\": \"Lq<}_2H\"\n                },\n                {\n                  \"and\": [\n                    \"KL8F\",\n                    \"DJG4262M\"\n                  ]\n                }\n              ]\n            },\n            {\n              \"and\": [\n                {\n                  \"pattern\": \"EKG75J\",\n                  \"exclude\": \"DUV3\",\n                  \"info\": \"\"\n                },\n                \"ZN36\"\n              ]\n            },\n            {\n              \"and\": [\n                \"RZF*955\",\n                \"YN22U\"\n              ]\n            },\n            {\n              \"and\": [\n                \"QOT5921\"\n              ]\n            },\n            {\n              \"and\": [\n                \"KW7278G\",\n                \"AEJx\",\n                {\n                  \"and\": []\n                },\n                {\n                  \"and\": [\n                    \"ERW51*\",\n                    \"CNQ*57x\"\n                  ]\n                },\n                \"AD6\"\n              ]\n            }\n          ]\n        }\n      ],\n      \"satisfy\": {\n        \"mc\": \"<=1\"\n      },\n      \"url\": \"http://q8dvzh5c66lagmrarvtuon-0qz-z3.d2wevkmpbn21.x4eqy9bnhwhy79rzx-nc5h8ic82vu8f2q89nt1d.0e0ig.eddaeyec/v%F0%AC%B5%93qiX%F1%82%90%88&$r-\",\n      \"info\": \"Tx\"\n    }\n  },\n  {\n    \"title\": \"block sample 4\",\n    \"value\": {\n      \"name\": \"#\",\n      \"ay\": 2013,\n      \"assign\": [\n        \"chQ<2E\"\n      ],\n      \"match\": {\n        \"or\": [\n          {\n            \"or\": []\n          },\n          {\n            \"and\": []\n          },\n          \"RWKxN\"\n        ]\n      },\n      \"url\": \"https://20w7hmttg6xymcnocwkv90blp-gz.eqjw7p18pgd8flfzsggjb3138mk0zebo3la980l3ge9bttg-sjoi.tebhm/IH%F0%AA%BE%BAF//R%EF%8F%9Ef2/QR/:6c.h/0k%E1%A6%AA3sz!FLm/$'/6W/W$6mr%F0%B9%A3%91S/DHH~y%F1%A5%B9%95k\",\n      \"info\": \"\\\"t \",\n      \"isSelectable\": true\n    }\n  },\n  {\n    \"title\": \"block sample 5\",\n    \"value\": {\n      \"name\": \"R;.geA8\",\n      \"ay\": 1952,\n      \"assign\": \"3Mu2t7g{\",\n      \"match\": [\n        {\n          \"or\": [\n            {\n              \"pattern\": \"VNZ75\",\n              \"exclude\": \"LF07K\",\n              \"info\": \"h|AB_*6,2&\"\n            },\n            {\n              \"or\": [\n                {\n                  \"pattern\": \"VS8\",\n                  \"exclude\": \"INZ*x6I\"\n                },\n                {\n                  \"and\": [\n                    {\n                      \"pattern\": \"UU19\",\n                      \"exclude\": [\n                        \"DOI94\",\n                        \"HT377\"\n                      ],\n                      \"info\": \"apef?i(y\"\n                    },\n                    \"QTF197C\",\n                    \"IP9P\"\n                  ]\n                },\n                \"KO81D\",\n                \"QV*4\"\n              ]\n            },\n            {\n              \"and\": [\n                {\n                  \"and\": [\n                    \"RJ00S\",\n                    \"EHX8\"\n                  ]\n                },\n                \"IJH79x9D\"\n              ]\n            },\n            {\n              \"pattern\": \"WK6338X\",\n              \"exclude\": [\n                \"TE09\",\n                \"VGF1O\",\n                \"LZ2259U\",\n                \"VRKx689\",\n                \"KOD91\"\n              ],\n              \"info\": \"YwiPEF\"\n            }\n          ]\n        },\n        {\n          \"and\": [\n            {\n              \"or\": [\n                {\n                  \"or\": []\n                },\n                {\n                  \"or\": [\n                    \"MS244T\",\n                    \"JRGxC\"\n                  ]\n                },\n                {\n                  \"and\": [\n                    {\n                      \"or\": [\n                        \"SV5987\",\n                        \"LBP*W\",\n                        \"VYF8\",\n                        \"TH8502\",\n                        \"EJR9*C\"\n                      ]\n                    },\n                    \"EQ8D\",\n                    {\n                      \"pattern\": \"QWE6Z\",\n                      \"exclude\": \"VE93R\",\n                      \"info\": \"Y>f%]\"\n                    }\n                  ]\n                },\n                {\n                  \"and\": [\n                    \"YC5\",\n                    \"JCE1\"\n                  ]\n                },\n                \"AHF22\"\n              ]\n            }\n          ]\n        },\n        {\n          \"or\": [\n            {\n              \"and\": []\n            },\n            {\n              \"and\": [\n                {\n                  \"pattern\": \"LNU3\",\n                  \"exclude\": [\n                    \"FS846I\"\n                  ],\n                  \"info\": \"~)^m,.c\"\n                },\n                \"DLS*3B\",\n                {\n                  \"pattern\": \"XB8E\",\n                  \"exclude\": [\n                    \"OAI8*14P\",\n                    \"CCA6xR\",\n                    \"IJ*\",\n                    \"EYMxM\"\n                  ],\n                  \"info\": \"v/\"\n                }\n              ]\n            },\n            {\n              \"and\": []\n            },\n            \"OV4\"\n          ]\n        },\n        {\n          \"or\": [\n            {\n              \"or\": [\n                {\n                  \"pattern\": \"LI7*\",\n                  \"exclude\": \"JW02x5\",\n                  \"info\": \" p;r=#,B$.\"\n                },\n                {\n                  \"or\": [\n                    \"ZV2x4xL\",\n                    {\n                      \"pattern\": \"AF*46R\",\n                      \"exclude\": \"JQF7x*F\",\n                      \"info\": \"AukdaZa{9T\"\n                    },\n                    \"MJ6750\",\n                    {\n                      \"pattern\": \"QSG55x9S\",\n                      \"exclude\": \"HHZ05*J\"\n                    },\n                    \"MHx82F\"\n                  ]\n                },\n                \"LH*88C\"\n              ]\n            },\n            {\n              \"pattern\": \"XVQ389T\",\n              \"exclude\": \"SCW7x8\",\n              \"info\": \"`\"\n            },\n            \"TSJ8x42J\",\n            {\n              \"and\": []\n            },\n            \"KHZ816\"\n          ]\n        },\n        {\n          \"pattern\": \"FP3\",\n          \"info\": \"#z\"\n        }\n      ],\n      \"satisfy\": [\n        {\n          \"or\": [\n            {\n              \"or\": []\n            }\n          ]\n        },\n        \"n\",\n        {\n          \"and\": []\n        }\n      ],\n      \"url\": \"http://vgv-o6ao50fvukkid9alr1-u9ul9nvps985d.e5buki5a37g1mw4ijhgaelba6usnn4hhqxa1mkm8rqyaq1mvpz-ioiivas.sgsaigfutj/HbZ3Vk$)\",\n      \"info\": \"\",\n      \"isSelectable\": true,\n      \"|\": {\n        \"ay\": 1960,\n        \"assign\": \"[\\\"5sX\",\n        \"match\": {\n          \"or\": [\n            {\n              \"or\": [\n                {\n                  \"pattern\": \"HT4x\",\n                  \"exclude\": [\n                    \"TI5952O\",\n                    \"SBL740x\"\n                  ],\n                  \"info\": \"=^5?O\"\n                },\n                {\n                  \"and\": [\n                    \"JT0*S\",\n                    {\n                      \"and\": [\n                        \"BY413R\"\n                      ]\n                    }\n                  ]\n                }\n              ]\n            },\n            {\n              \"and\": [\n                \"VL74A\",\n                {\n                  \"and\": [\n                    \"XHxD\",\n                    \"BPV845\"\n                  ]\n                },\n                {\n                  \"or\": [\n                    \"EX**G\",\n                    {\n                      \"pattern\": \"VQ9\",\n                      \"exclude\": \"FW0V\",\n                      \"info\": \"V\"\n                    },\n                    \"EP*C\",\n                    \"NCL25N\",\n                    {\n                      \"or\": []\n                    }\n                  ]\n                }\n              ]\n            },\n            {\n              \"or\": [\n                \"DG6xP\",\n                \"SK0863X\",\n                \"HAC1W\",\n                \"MXS6889M\"\n              ]\n            }\n          ]\n        },\n        \"satisfy\": [\n          \"u&1\",\n          {\n            \"or\": [\n              {\n                \"mc\": \">=149\"\n              },\n              {\n                \"or\": [\n                  \"L=vR/~jVc\",\n                  \"V3l`{\"\n                ]\n              },\n              {\n                \"mc\": \">=171\"\n              },\n              {\n                \"and\": [\n                  \"\",\n                  \"|\",\n                  {\n                    \"or\": []\n                  }\n                ]\n              }\n            ]\n          },\n          {\n            \"or\": [\n              {\n                \"or\": [\n                  \"\"\n                ]\n              },\n              \"4?x]nxu;(W\",\n              {\n                \"mc\": \">=31\"\n              },\n              {\n                \"or\": [\n                  {\n                    \"or\": [\n                      \"eHFYn\",\n                      {\n                        \"mc\": \"<=158\"\n                      },\n                      \"{M(\"\n                    ]\n                  },\n                  \"@bLk>Mz\"\n                ]\n              }\n            ]\n          },\n          {\n            \"or\": [\n              {\n                \"or\": [\n                  {\n                    \"mc\": \">=78\"\n                  }\n                ]\n              }\n            ]\n          }\n        ],\n        \"url\": \"http://mhw807xo19mbvw19ybh8xiaqa52tfsgaufa5pd72wdk1jxi4uj9ks11.obbaf8h5jsmbwo-mfolvpr.nh/%F0%B4%B8%A1/1gJ$/J4l@;y-%F2%99%89%91/P%F1%8B%85%956Lp/J/'&FP=\",\n        \"info\": \"S\",\n        \"isSelectable\": true\n      },\n      \"U0j+;M[x4\": {\n        \"name\": \"d$Q$3]\",\n        \"ay\": 1976,\n        \"assign\": \"tz\",\n        \"match\": {\n          \"or\": [\n            {\n              \"or\": [\n                {\n                  \"and\": [\n                    {\n                      \"and\": [\n                        \"ABO*629\",\n                        \"BS02*F\",\n                        \"LI2*\",\n                        \"RHN06\"\n                      ]\n                    },\n                    {\n                      \"and\": [\n                        \"NZS8\",\n                        \"UM32N\"\n                      ]\n                    }\n                  ]\n                },\n                {\n                  \"pattern\": \"GI371T\",\n                  \"exclude\": \"OJ247Y\"\n                },\n                \"JA*9\",\n                {\n                  \"and\": [\n                    \"DS3*9\",\n                    \"VLK6*6xS\",\n                    \"FU835\",\n                    \"LSG6B\"\n                  ]\n                },\n                \"SNKxS\"\n              ]\n            },\n            {\n              \"and\": [\n                {\n                  \"pattern\": \"JBI52C\",\n                  \"exclude\": [\n                    \"OMZ23\"\n                  ],\n                  \"info\": \"y<cJT2q?5\"\n                }\n              ]\n            },\n            {\n              \"and\": [\n                {\n                  \"pattern\": \"HMI925M\",\n                  \"exclude\": \"BJ8G\",\n                  \"info\": \"\\\"'u70fP=\"\n                }\n              ]\n            }\n          ]\n        },\n        \"url\": \"http://c7im6etnwn2-ysj0rjfr1k-bhxvvz8pfx6lq7mgtshlxkt27tgd2.hbjlqik1.1kq91-kspftef1xekskjka1vw095d4p2p8rkjzcz77nkmlbq23r0iuklohw0nt.m5wy91oodawc-m.68cntwmhjy1ck102ftdc4tw8qanhfjhqnzhehya2klmnahux25jc7.kgnu/5QG%E6%A5%B1-,4%F4%89%B1%B1;1/!%F0%93%BE%91/z%F1%89%83%8Cj/%F3%A4%88%A8d)IfxI/2oiX+//!%F3%84%99%A8P-Q%F0%90%BA%9F\",\n        \"info\": \"`$G\\\"AH)\",\n        \"isSelectable\": true,\n        \";_>]3Y\": {\n          \"name\": \"]R)PGf/\",\n          \"ay\": 1974,\n          \"assign\": [\n            \"\\\"Q_\",\n            \"g\",\n            \"\",\n            \".D\\\"HRvZa<\"\n          ],\n          \"match\": {\n            \"and\": [\n              {\n                \"or\": [\n                  {\n                    \"pattern\": \"FK5\",\n                    \"exclude\": \"SSY1424L\",\n                    \"info\": \" p:6{F\"\n                  }\n                ]\n              },\n              {\n                \"pattern\": \"TYQ756\",\n                \"exclude\": []\n              },\n              \"KU0T\",\n              {\n                \"and\": [\n                  \"DGL6*D\",\n                  \"UD3650D\",\n                  \"RJ*9\",\n                  {\n                    \"pattern\": \"GS25\",\n                    \"exclude\": [\n                      \"IUR440Q\",\n                      \"LA3x2\"\n                    ],\n                    \"info\": \";#>-8_F!Q\"\n                  }\n                ]\n              }\n            ]\n          },\n          \"satisfy\": {\n            \"mc\": \"<=24\"\n          },\n          \"url\": \"http://i.9hasybtkf6.babe8m6wsz9pczb6f.lozxva/@WR+5bt%F3%BD%8E%9Dl/%F2%B3%9E%95;k+0q);/l%F4%88%8C%97M_%F1%BE%A3%AFZ//gB@n%EF%AC%ACnJSE/d;*/VNa/%F2%90%A0%8Bncs0ge/e%F1%9C%9E%9F%F0%99%82%8A\",\n          \"info\": \":wdFog\",\n          \">gT}r<;>?\": {\n            \"ay\": 2012,\n            \"match\": [\n              {\n                \"and\": [\n                  {\n                    \"and\": [\n                      \"PI36\",\n                      \"BWH71\",\n                      {\n                        \"and\": [\n                          {\n                            \"and\": [\n                              \"VP*3\",\n                              \"UXC007\"\n                            ]\n                          },\n                          \"JCY*85*V\",\n                          \"NQN17\",\n                          \"HKZxx*7Q\",\n                          {\n                            \"pattern\": \"NYU3268\",\n                            \"exclude\": \"RBH0\",\n                            \"info\": \"}9%bF;\"\n                          }\n                        ]\n                      },\n                      \"ZHx*L\",\n                      {\n                        \"pattern\": \"FWK86\",\n                        \"exclude\": \"NNM9*26S\"\n                      }\n                    ]\n                  },\n                  \"EGQ930*\"\n                ]\n              },\n              {\n                \"pattern\": \"WWPxG\",\n                \"exclude\": \"KJM085xH\"\n              },\n              {\n                \"pattern\": \"EX4*A\",\n                \"exclude\": \"PV709*\",\n                \"info\": \"`8NJ^RT&1\"\n              },\n              {\n                \"or\": [\n                  {\n                    \"and\": [\n                      {\n                        \"and\": [\n                          {\n                            \"or\": [\n                              \"KTT78\",\n                              \"VGx*x6\",\n                              {\n                                \"or\": [\n                                  \"YPN*83U\",\n                                  \"SNP57\",\n                                  \"SR071\",\n                                  \"ME05N\"\n                                ]\n                              }\n                            ]\n                          }\n                        ]\n                      },\n                      \"RA44\",\n                      {\n                        \"or\": [\n                          \"JB89\",\n                          \"SVT19D\",\n                          \"UXU6*\",\n                          {\n                            \"and\": [\n                              \"ONxx\",\n                              {\n                                \"and\": [\n                                  \"PWI593xT\",\n                                  \"UEX2F\",\n                                  \"CNH49\"\n                                ]\n                              },\n                              {\n                                \"and\": [\n                                  \"WK76L\",\n                                  {\n                                    \"pattern\": \"SS78\",\n                                    \"exclude\": [\n                                      \"MW75S\"\n                                    ],\n                                    \"info\": \"z)\"\n                                  },\n                                  \"DJK236*T\"\n                                ]\n                              },\n                              \"GSx\",\n                              \"WU0x2D\"\n                            ]\n                          }\n                        ]\n                      }\n                    ]\n                  }\n                ]\n              },\n              {\n                \"or\": [\n                  {\n                    \"pattern\": \"YG574\",\n                    \"exclude\": \"IX5J\",\n                    \"info\": \"\\\"\\\\u~h[ MZx\"\n                  },\n                  {\n                    \"and\": [\n                      \"DU878\",\n                      {\n                        \"or\": []\n                      },\n                      {\n                        \"or\": [\n                          {\n                            \"and\": [\n                              \"AC4742\",\n                              {\n                                \"and\": [\n                                  \"UL4\"\n                                ]\n                              },\n                              \"TCIxC\",\n                              \"UWO*xU\",\n                              \"IPV7x6\"\n                            ]\n                          }\n                        ]\n                      },\n                      {\n                        \"and\": [\n                          \"LN5737\",\n                          {\n                            \"and\": [\n                              {\n                                \"pattern\": \"CD0127A\",\n                                \"exclude\": [\n                                  \"JSJ3*98T\",\n                                  \"UX3*O\",\n                                  \"YZO7386W\",\n                                  \"JY626S\",\n                                  \"QWE89\"\n                                ],\n                                \"info\": \"\"\n                              },\n                              \"ACH6x87P\",\n                              \"GJxx\"\n                            ]\n                          }\n                        ]\n                      }\n                    ]\n                  }\n                ]\n              }\n            ],\n            \"satisfy\": {\n              \"and\": []\n            },\n            \"info\": \"7n!tAp\",\n            \"isSelectable\": true\n          },\n          \"#\\\"Yr~QxOZT\": {\n            \"name\": \"qn\\\"Y\",\n            \"ay\": 2026,\n            \"assign\": \"zLa,|R=A\",\n            \"satisfy\": [\n              {\n                \"or\": [\n                  {\n                    \"or\": [\n                      {\n                        \"mc\": \">=103\"\n                      }\n                    ]\n                  }\n                ]\n              },\n              {\n                \"mc\": \"<=28\"\n              },\n              \"\",\n              {\n                \"or\": [\n                  {\n                    \"and\": []\n                  },\n                  {\n                    \"and\": [\n                      {\n                        \"or\": []\n                      },\n                      \"\",\n                      {\n                        \"mc\": \"<=103\"\n                      },\n                      {\n                        \"mc\": \">=135\"\n                      },\n                      {\n                        \"and\": []\n                      }\n                    ]\n                  }\n                ]\n              },\n              {\n                \"mc\": \">=83\"\n              }\n            ],\n            \"url\": \"http://c.o.xh9srbyrdszc7wjz0ew.ur/VW/r&eM/eVB/pn-7h43N\"\n          },\n          \"*T8\": {\n            \"name\": \"\",\n            \"ay\": 2019,\n            \"match\": {\n              \"and\": [\n                \"NNC6x7C\",\n                \"LQ640*R\",\n                {\n                  \"pattern\": \"YEI78*F\",\n                  \"exclude\": [\n                    \"LW0x77\",\n                    \"RNS7\"\n                  ]\n                },\n                {\n                  \"or\": [\n                    {\n                      \"pattern\": \"QJK**G\",\n                      \"exclude\": \"XU9R\"\n                    },\n                    {\n                      \"or\": []\n                    },\n                    \"XRA6\",\n                    {\n                      \"and\": []\n                    }\n                  ]\n                },\n                \"MC6D\"\n              ]\n            },\n            \"satisfy\": [\n              {\n                \"and\": []\n              },\n              {\n                \"and\": []\n              }\n            ],\n            \"url\": \"https://cd6.1.gv/5+&%F1%97%82%9C,kx\",\n            \"isSelectable\": true\n          },\n          \"EX;^\": {\n            \"name\": \"L9Nx\",\n            \"ay\": 2026,\n            \"assign\": \" \",\n            \"match\": {\n              \"and\": [\n                {\n                  \"and\": [\n                    {\n                      \"and\": []\n                    },\n                    {\n                      \"pattern\": \"HYx\",\n                      \"exclude\": [\n                        \"LKA*\"\n                      ]\n                    }\n                  ]\n                },\n                {\n                  \"or\": [\n                    {\n                      \"and\": [\n                        \"OTT604\"\n                      ]\n                    },\n                    \"LO178\",\n                    \"LT7x7L\",\n                    {\n                      \"or\": [\n                        \"XV7\",\n                        {\n                          \"or\": []\n                        }\n                      ]\n                    },\n                    {\n                      \"or\": [\n                        \"QTP88xA\",\n                        \"JAK56x6\"\n                      ]\n                    }\n                  ]\n                },\n                {\n                  \"pattern\": \"YSS79\"\n                },\n                {\n                  \"pattern\": \"BEE0*72\",\n                  \"info\": \"Ybd\"\n                },\n                {\n                  \"pattern\": \"FFA1x\",\n                  \"exclude\": [\n                    \"XHR7x\",\n                    \"PP2E\"\n                  ],\n                  \"info\": \"glH%\"\n                }\n              ]\n            },\n            \"satisfy\": {\n              \"or\": [\n                \"@:MY7\",\n                {\n                  \"or\": [\n                    \"qs^#\",\n                    \"{%=kbU!WS\",\n                    {\n                      \"and\": [\n                        \"1II/DQk6;a\",\n                        \"h=!rO10J\"\n                      ]\n                    }\n                  ]\n                },\n                \"UwC9W!4\",\n                \"?i\",\n                \"!\"\n              ]\n            },\n            \"url\": \"https://0282.qcbu2fkd9ze17zxi1oh7.ctgo90cjbgbzbbg.2.1.xsauzt/KpTnE/$y_z-lV%E3%99%9E~/PaT*9/W4O1i@E\",\n            \"info\": \"'B\",\n            \"isSelectable\": true\n          }\n        }\n      },\n      \"[,sF4O&[\": {\n        \"name\": \"w*@f +?#\",\n        \"ay\": 1954,\n        \"assign\": \"R\",\n        \"satisfy\": [\n          \".*P=YEp\"\n        ],\n        \"url\": \"https://a.l2nno76ch4ws1vyjdv9ldf4lqhfofmbszd4b81xyrp.lb/l4R/b5%F3%A2%97%A7hr5h/C1'is/G%F2%80%BB%99/vana(\",\n        \"info\": \"\",\n        \"isSelectable\": true,\n        \"$Yl6O\\\"q\": {\n          \"name\": \"(2sx;Ug6\",\n          \"ay\": 1957,\n          \"match\": {\n            \"and\": [\n              {\n                \"and\": [\n                  \"ETC2973Y\",\n                  \"QSK49D\"\n                ]\n              },\n              {\n                \"pattern\": \"IOT4*0\",\n                \"exclude\": [\n                  \"SL81Y\",\n                  \"MKN6084\",\n                  \"EI638S\",\n                  \"HKA70\",\n                  \"RPI9S\"\n                ],\n                \"info\": \"@\"\n              },\n              {\n                \"and\": [\n                  {\n                    \"pattern\": \"QD03V\",\n                    \"info\": \"H-zlXcdcx\"\n                  },\n                  \"YA1*9\"\n                ]\n              },\n              {\n                \"or\": [\n                  {\n                    \"and\": [\n                      \"VS31M\",\n                      {\n                        \"pattern\": \"AR13M\",\n                        \"info\": \"8Va&ao< \"\n                      },\n                      \"YS*87\",\n                      \"NX1T\"\n                    ]\n                  },\n                  {\n                    \"pattern\": \"YQK40E\",\n                    \"exclude\": \"OM13\"\n                  },\n                  \"MHN3L\",\n                  {\n                    \"and\": [\n                      \"JLX8x8V\",\n                      \"ULR*J\",\n                      \"CQZ55*\",\n                      {\n                        \"and\": [\n                          {\n                            \"and\": [\n                              \"NC7X\"\n                            ]\n                          },\n                          \"BMX0008Q\",\n                          \"GFU4S\"\n                        ]\n                      }\n                    ]\n                  }\n                ]\n              },\n              {\n                \"pattern\": \"MX59\",\n                \"exclude\": \"NU5\"\n              }\n            ]\n          },\n          \"url\": \"http://j-v2lo1hexp1iukw8cj-xs-gtk7ra0ijqjhrj63qmp0hi3zspf0z91.mlv855m8c8seojue2bcvncj0i4tx4vtwxbzfr6s3zy.sh7j8683.r24mjtkksqsc-5dh9hf5fkpvur-qcutf6z2n9wrc8vjkkmdxyc9.1tda809.fgsh/NYgCRix%F3%A2%8B%BC//Bq4pvEq\",\n          \"info\": \"F>I\",\n          \"isSelectable\": true\n        }\n      },\n      \"o\": {\n        \"75\": {\n          \"name\": \"kO&K0\\\"e*\",\n          \"ay\": 1950,\n          \"assign\": [\n            \"M6[.u\",\n            \"|U\",\n            \"$:\",\n            \"k.Sa[J,\\\\a<\"\n          ],\n          \"satisfy\": [\n            {\n              \"and\": [\n                \"5\",\n                {\n                  \"or\": [\n                    \"u\",\n                    \"m|Eo]\",\n                    {\n                      \"and\": [\n                        {\n                          \"mc\": \">=151\"\n                        }\n                      ]\n                    },\n                    \"WD1ED`4'Kc\"\n                  ]\n                },\n                \"Olspy%\",\n                {\n                  \"or\": [\n                    {\n                      \"and\": [\n                        \"\",\n                        \"w9JpgE\",\n                        \"Trk`ylRn{\",\n                        {\n                          \"or\": [\n                            \"\\\\_?,+!>k\",\n                            \"\\\\3nS \",\n                            {\n                              \"or\": [\n                                \"~:%\",\n                                \"S0!hT\",\n                                \"V^\",\n                                \"\\\\XCgm\",\n                                \"$vC-&wW5D\"\n                              ]\n                            }\n                          ]\n                        }\n                      ]\n                    },\n                    \"S\\\\JZI_F\",\n                    {\n                      \"or\": [\n                        {\n                          \"and\": [\n                            \"6i\",\n                            \"O2K\",\n                            \"\"\n                          ]\n                        },\n                        {\n                          \"or\": []\n                        }\n                      ]\n                    },\n                    {\n                      \"and\": [\n                        {\n                          \"or\": [\n                            {\n                              \"and\": [\n                                \"a0~\",\n                                \"&P\"\n                              ]\n                            },\n                            \"wf#65BV\"\n                          ]\n                        },\n                        \"3\",\n                        \"ivs!{De\"\n                      ]\n                    }\n                  ]\n                },\n                {\n                  \"or\": [\n                    \"HChgWdiV\",\n                    {\n                      \"and\": [\n                        {\n                          \"mc\": \"<=97\"\n                        },\n                        \"H)y|bw\\\">L\"\n                      ]\n                    },\n                    \"lQz-*s3}\",\n                    \"$^y'DtnIS\"\n                  ]\n                }\n              ]\n            },\n            {\n              \"and\": [\n                {\n                  \"mc\": \"<=48\"\n                },\n                {\n                  \"and\": [\n                    {\n                      \"or\": [\n                        \"C\"\n                      ]\n                    },\n                    {\n                      \"and\": [\n                        \"T^Jk'\",\n                        \"\"\n                      ]\n                    },\n                    \":m?4\",\n                    {\n                      \"mc\": \">=19\"\n                    },\n                    {\n                      \"mc\": \">=147\"\n                    }\n                  ]\n                },\n                \"M.{t~%:\",\n                \"9fTAR<Q%J\"\n              ]\n            }\n          ],\n          \"url\": \"http://i3okr0m3c2smetrz84p4lhnetz0ss-zegmfq2n8u3iiqdfcq4r6s.bwk4d6n3aw529yx6zomzeoz01dtf.0.rl12g104w-w55ikbhrk0.3.ndvksd/)hY//pOP1/Kn=\",\n          \"info\": \"r\",\n          \"isSelectable\": true\n        },\n        \"ay\": 1985,\n        \"assign\": [\n          \"dMSkR~\"\n        ],\n        \"match\": [],\n        \"satisfy\": {\n          \"or\": []\n        },\n        \"url\": \"https://5.qf6i-68a5yn6exp.c.zqtpqmvlpp/Xr/r_=xZqV5yb//(g2RiR2/,9z~C%F2%B9%BB%B9O2/TOG/%F2%B0%AC%BCsD%F1%89%A1%9BW9%F1%B8%AA%A8/1/jkbU1bH0/mLh\",\n        \"info\": \"\",\n        \"%0;zGpW$jF\": {\n          \"name\": \"QEp_\",\n          \"assign\": [\n            \":Y :[ag!\",\n            \"R'1X%\",\n            \"6[CNO}\",\n            \"\",\n            \"\"\n          ],\n          \"match\": [\n            {\n              \"and\": [\n                {\n                  \"pattern\": \"QB367O\",\n                  \"exclude\": [\n                    \"UE85*7\",\n                    \"OLQ5x9E\"\n                  ]\n                }\n              ]\n            },\n            \"XRZ47C\",\n            {\n              \"or\": []\n            },\n            {\n              \"or\": []\n            },\n            {\n              \"pattern\": \"MJU52A\",\n              \"info\": \"T/?LY!\"\n            }\n          ],\n          \"satisfy\": {\n            \"or\": [\n              {\n                \"mc\": \">=124\"\n              },\n              {\n                \"mc\": \">=140\"\n              },\n              {\n                \"and\": [\n                  {\n                    \"mc\": \">=123\"\n                  },\n                  \"2:o#Xq\",\n                  \"(:9%nX$EcY\",\n                  \"P6w/<\\\\\",\n                  \"c3ZA)eb\"\n                ]\n              },\n              {\n                \"mc\": \"<=90\"\n              },\n              {\n                \"mc\": \"<=98\"\n              }\n            ]\n          },\n          \"url\": \"https://t05siu5v1x19cuyl6x5h7lbzdxbptn7aayibg8m2zlu-c7myyc6qn-fkf.l.91810bsmias-bjv1ezf3ipb-qihtzfq4cu24-s6q2wwoklck-a5abaer97blkb.gzp6vbj8-czwmpl42-6tdj8nkb.cni6fxlf1w8wp6q-xau1a43cor9wjafgxdze2ibffcq559v8fb0g0y4dtt.qkghoumgn/@1'L%F1%92%B3%93WeV!0/f%F2%85%AA%90W/\",\n          \"info\": \"2llD-)in%C\",\n          \"isSelectable\": true\n        },\n        \"-V\": {\n          \"name\": \"|cX=N\",\n          \"ay\": 1954,\n          \"assign\": \"[1d(DVg:s\",\n          \"match\": [],\n          \"url\": \"http://f.q.b-17vyofpeutm7.8.rsy/H//Q//vTwWi2/4P/L%F3%AD%99%A9oy$%F2%9D%94%86r_M/1D&IE3d/qs,D7pHxCN/T8Kj\",\n          \"info\": \"',1`Ze}h\",\n          \"isSelectable\": true\n        },\n        \"o>BY=6U5\": {\n          \"ay\": 1996,\n          \"assign\": [\n            \"4\"\n          ],\n          \"match\": {\n            \"pattern\": \"RVT4\",\n            \"exclude\": [\n              \"NH76\",\n              \"ER0O\"\n            ],\n            \"info\": \"aIsV%zoY7\"\n          },\n          \"satisfy\": [\n            \"InO8Ij=5\",\n            \"mZM[4^S6\"\n          ],\n          \"url\": \"http://xyma6l53fgdc00ffsrbnmz6m2oouflbwjrlw3l1temb6-ntb6nzsx1yihje3.46b82mz.fnsbmgxb/me/Lvm4A5('p/g/lvHkc+S@/8I0pT/Ld&JBC/DGF1xt/%F1%B0%8A%8BGQE@K/p1JL57%F4%86%9B%AB'X/$NxIUUn\",\n          \"info\": \"U%8u@c\"\n        },\n        \"&S:\": {\n          \"name\": \"]oX{Z\",\n          \"ay\": 1973,\n          \"assign\": \"+*8[\",\n          \"match\": {\n            \"and\": [\n              {\n                \"or\": [\n                  \"FZI042F\",\n                  \"CI0\"\n                ]\n              },\n              \"DC0998H\",\n              \"ZFB*x85\",\n              {\n                \"or\": []\n              }\n            ]\n          },\n          \"satisfy\": [\n            {\n              \"or\": [\n                {\n                  \"or\": [\n                    \"\",\n                    \"\"\n                  ]\n                },\n                {\n                  \"mc\": \">=83\"\n                },\n                \"[cs2!:\",\n                {\n                  \"mc\": \">=5\"\n                },\n                {\n                  \"and\": []\n                }\n              ]\n            },\n            {\n              \"and\": [\n                \"3G:\",\n                {\n                  \"and\": [\n                    {\n                      \"mc\": \">=8\"\n                    },\n                    {\n                      \"or\": [\n                        \"<o9M\",\n                        \"N9Wq\",\n                        \"z\"\n                      ]\n                    },\n                    \"ta$;Q[f\",\n                    {\n                      \"mc\": \">=69\"\n                    },\n                    \"cNUQ#9\"\n                  ]\n                }\n              ]\n            }\n          ],\n          \"url\": \"https://8lfs0dsc3jase0i4o1mo22h4uk.osxxcgout/iTf~c/.l8h/gtZn0T8/QTh0%F2%97%9B%ACx/P1)%F3%A7%BB%9AJ;A/r0JJ6:q%F1%87%B6%9BSW\",\n          \"info\": \"cQ%^f\\\"7m.1\",\n          \"isSelectable\": true\n        }\n      }\n    }\n  },\n  {\n    \"title\": \"block sample 6\",\n    \"value\": {\n      \"name\": \"!{\\\"\",\n      \"ay\": 2002,\n      \"assign\": \"$F,v\",\n      \"match\": [],\n      \"satisfy\": [\n        {\n          \"or\": [\n            {\n              \"mc\": \"<=188\"\n            },\n            {\n              \"and\": [\n                \"z\",\n                {\n                  \"or\": []\n                },\n                {\n                  \"and\": []\n                },\n                \"{0;S)^F73>\"\n              ]\n            },\n            {\n              \"or\": []\n            }\n          ]\n        },\n        \"\",\n        {\n          \"or\": [\n            {\n              \"mc\": \"<=192\"\n            },\n            \"QWGJf0\",\n            \")2\",\n            {\n              \"mc\": \">=20\"\n            },\n            {\n              \"mc\": \"<=34\"\n            }\n          ]\n        },\n        {\n          \"mc\": \">=127\"\n        }\n      ],\n      \"url\": \"https://swwqmcr3vklkewphv5paa5phmzq7nuurm9wx.wygd/1kw3/9LiqC)~)vP/!%F3%9A%8C%9A9P7gU/W\",\n      \"info\": \"\\\\y}o\\\"<c}$\",\n      \"isSelectable\": true\n    }\n  },\n  {\n    \"title\": \"block sample 7\",\n    \"value\": {\n      \"name\": \"c0QbL73^>A\",\n      \"ay\": 1979,\n      \"assign\": [],\n      \"satisfy\": {\n        \"and\": [\n          {\n            \"or\": [\n              {\n                \"or\": [\n                  {\n                    \"and\": [\n                      \"e'R=A-HHfk\",\n                      \".'&.f\",\n                      \"P2KDa7\",\n                      {\n                        \"mc\": \">=80\"\n                      }\n                    ]\n                  }\n                ]\n              },\n              {\n                \"or\": [\n                  {\n                    \"and\": [\n                      \"u(yiT[tA\\\\I\",\n                      \"~/[,r\",\n                      \" .jC?g/AG\",\n                      {\n                        \"mc\": \">=126\"\n                      },\n                      \"n]h9W\"\n                    ]\n                  },\n                  {\n                    \"mc\": \"<=186\"\n                  },\n                  \"C\\\"ExGe\",\n                  {\n                    \"mc\": \"<=187\"\n                  }\n                ]\n              },\n              {\n                \"mc\": \"<=68\"\n              }\n            ]\n          },\n          \"\",\n          {\n            \"mc\": \">=122\"\n          },\n          {\n            \"and\": [\n              \"nf|;M,\"\n            ]\n          }\n        ]\n      },\n      \"url\": \"http://r0u6es5niimopf0gb8xq5vtol36n448.l.ndeee/*0a)PVi/5irE/n,/=/X~_/qo:UwH/DnW%F1%A2%AF%B7p.\",\n      \"info\": \"#Ey\",\n      \"isSelectable\": true,\n      \"w`]aOf64V\": {\n        \"name\": \"g8aOp=\",\n        \"assign\": [\n          \"3n('k!7g+a\"\n        ],\n        \"match\": [\n          {\n            \"or\": [\n              {\n                \"or\": [\n                  \"FP9G\",\n                  \"XWSxR\"\n                ]\n              },\n              {\n                \"or\": [\n                  {\n                    \"or\": [\n                      \"AO38\",\n                      \"ZM334\",\n                      \"ITA8**9\"\n                    ]\n                  },\n                  \"WU9T\",\n                  \"ECR956\",\n                  \"XULx9\"\n                ]\n              },\n              {\n                \"or\": [\n                  \"WCO42Z\"\n                ]\n              },\n              {\n                \"pattern\": \"TKX4\",\n                \"exclude\": []\n              }\n            ]\n          }\n        ],\n        \"satisfy\": [\n          \"x5\",\n          {\n            \"and\": [\n              {\n                \"mc\": \">=26\"\n              }\n            ]\n          },\n          \"U.`N7 \",\n          {\n            \"mc\": \"<=93\"\n          },\n          {\n            \"and\": [\n              {\n                \"mc\": \"<=18\"\n              },\n              \"\",\n              {\n                \"and\": [\n                  {\n                    \"mc\": \">=4\"\n                  },\n                  \"_\",\n                  \"kgns\",\n                  {\n                    \"and\": [\n                      \"JKF\\\"lX,\",\n                      \" L$w\"\n                    ]\n                  }\n                ]\n              },\n              \"eM^HfS:\",\n              {\n                \"or\": [\n                  {\n                    \"or\": [\n                      \"o/JNu\",\n                      \"C`\",\n                      \"2{\",\n                      \"4k\"\n                    ]\n                  },\n                  \"CJ_z*\"\n                ]\n              }\n            ]\n          }\n        ],\n        \"url\": \"http://agibcgbuxawdacliob467mrk0298d4vdlw95xm45clcgp96ndwo1lm9uldhc6.8myn8u2j5ab.7cc.u2v.fdvpq/(J$;9~+/m2BS/s&V.*&kL%F3%98%A9%97,/Dp=fli/.hfMy$%F0%94%85%BCD%F3%9B%B3%A5O/-&/E&Ghlm%F2%8E%97%A4GRO\",\n        \"info\": \"z<\",\n        \"isSelectable\": true,\n        \"rNo/{)q\": {\n          \"name\": \"DFUQi_#'b\",\n          \"ay\": 1992,\n          \"assign\": \"X\",\n          \"satisfy\": [\n            {\n              \"or\": [\n                {\n                  \"mc\": \">=173\"\n                },\n                {\n                  \"mc\": \"<=194\"\n                },\n                \"\",\n                {\n                  \"and\": [\n                    \"p?ZZG\",\n                    {\n                      \"and\": [\n                        \"a-;)N7O=A\",\n                        {\n                          \"mc\": \">=76\"\n                        },\n                        \"e4\"\n                      ]\n                    },\n                    {\n                      \"or\": [\n                        {\n                          \"or\": [\n                            {\n                              \"and\": [\n                                \"0EwHH\",\n                                \"%attW\",\n                                \"^,-N;\\\\k]\",\n                                \"H3sI.\",\n                                \"[\"\n                              ]\n                            },\n                            \"FQr0\\\\wNyR\",\n                            \"hudW`6H>K8\"\n                          ]\n                        },\n                        \"fsco8ZXc\",\n                        \"N-PH}7^\",\n                        \"5JG~\",\n                        \"`>)5lpY,[C\"\n                      ]\n                    }\n                  ]\n                },\n                {\n                  \"and\": [\n                    {\n                      \"and\": [\n                        \"6'{Yu\",\n                        \"A\"\n                      ]\n                    },\n                    \"N<2[XT2W\",\n                    \"\",\n                    \"2$Lx\",\n                    \"{&e\"\n                  ]\n                }\n              ]\n            },\n            {\n              \"mc\": \"<=64\"\n            }\n          ],\n          \"url\": \"http://edyinginfr-ep88j891h0ajt5ervuvlph22ywvxixagxk5iez-asw7plup.t8av1.mxtrlhwrx1r-7figwe8bqdaukbcj3g8kufymcmftewtl4.pifrbe\",\n          \"info\": \"k1wI0t\"\n        },\n        \"QO\": {\n          \"name\": \",+feTL\",\n          \"ay\": 1978,\n          \"match\": {\n            \"pattern\": \"HBH*908\",\n            \"exclude\": [\n              \"SSS7Y\",\n              \"JTT194V\"\n            ]\n          },\n          \"url\": \"https://eifbd.pj-ubo6dnzw5-5gotr2t0ephj1fau6l4u1ybndnys7fhgo6wp19b7q.tuq8.g95qlz3lkgiqbauiih6l8r22zordy265j1xc3ef8iberiz3vz6x2bewz2elhzo.tc/S\",\n          \"info\": \"pHUO.\",\n          \"isSelectable\": true,\n          \"W\\\\x:~M~8(#\": {\n            \"name\": \"5xXG\",\n            \"ay\": 1967,\n            \"assign\": [\n              \"tG<{GP@X>\",\n              \"2fHHQ\",\n              \"=A\\\"YmnQYcz\",\n              \"UzVgO!G\"\n            ],\n            \"match\": \"RH91*xD\",\n            \"satisfy\": [\n              {\n                \"mc\": \">=21\"\n              },\n              {\n                \"or\": []\n              }\n            ],\n            \"url\": \"https://bhc40u8old2pc2zhzb8n9gcqt5-fmxvi82.3vs1imvm78ddr72vv07.zfvywf/q@l$Mc/;O;OJY_/RJd/cdEo+xiJ0\",\n            \"info\": \"%N\"\n          },\n          \"B0\": {\n            \"ay\": 1998,\n            \"assign\": \",EK5\",\n            \"match\": {\n              \"or\": []\n            },\n            \"satisfy\": {\n              \"and\": [\n                {\n                  \"and\": [\n                    \"@@,2TsQs\",\n                    \"Ofb<?1?\"\n                  ]\n                },\n                {\n                  \"and\": [\n                    {\n                      \"or\": [\n                        {\n                          \"mc\": \">=56\"\n                        }\n                      ]\n                    },\n                    \"v}ZB 3h\",\n                    \"P0V}F4\",\n                    \"tw%ZZN~%\",\n                    {\n                      \"or\": []\n                    }\n                  ]\n                },\n                {\n                  \"or\": [\n                    {\n                      \"and\": [\n                        \"kpZk:%\",\n                        \"\",\n                        \")v\",\n                        {\n                          \"and\": [\n                            \"Z7Q/Mj\\\"\",\n                            \"q*^)v;{\",\n                            \"qQ]2Qi7lL\",\n                            {\n                              \"or\": [\n                                \"/.Ud$rS~\",\n                                \"Iy--Hn+\",\n                                \"kB8gyR;S\",\n                                {\n                                  \"and\": [\n                                    \"f.plAsm<E\",\n                                    \"r*2k0a|zM\",\n                                    \")c[(v}3?.\"\n                                  ]\n                                }\n                              ]\n                            }\n                          ]\n                        }\n                      ]\n                    }\n                  ]\n                }\n              ]\n            },\n            \"url\": \"http://ec-i0b5j1-ingxhxavi2tnh98g1sa4lyo.i-cmekmgag3h3sowl19us3fbjld50lleby7ccabigo4srq5e-y.hk6an67os.xon3cvn.wulpaynogg/3*%F0%B2%9B%8EoDb/$e~%F2%B8%82%8D%F2%AB%B0%A8JnK/aFMP9HG%F3%B9%BB%AAwz/BwZ/QL28://l&/1rR=w/!=\",\n            \"info\": \"j'S8D\",\n            \"isSelectable\": true\n          }\n        },\n        \"=6<+3?z.\": {\n          \"name\": \"q&GXL\",\n          \"ay\": 2027,\n          \"assign\": \"T}FJ9o?t<\",\n          \"match\": \"UI97\",\n          \"satisfy\": {\n            \"and\": []\n          },\n          \"url\": \"http://4x30u7c9ld699zmfomi.cei8b51.lzoaxjwgm/fu:%F3%AB%B5%85BX//Ez7oS~Dt/TT9no/'Z%F3%8D%85%86Ib8/*k5kxGZ*lW/m/go%F1%B1%9F%B4,E!x;Q:\",\n          \"info\": \"mJ\",\n          \"isSelectable\": true,\n          \"p&ACzk<^0\": {\n            \"name\": \"Nh-e7*+|\",\n            \"ay\": 1954,\n            \"assign\": [\n              \"<t5c\",\n              \"k`&}Cw6Vm\",\n              \"\"\n            ],\n            \"satisfy\": \"=\",\n            \"url\": \"http://4gq5wacy022001i1pv-riti7l2fgb.thkcwsby/YYpE%F0%A1%94%9C3h(M\"\n          },\n          \",d?Gg\": {\n            \"ay\": 1967,\n            \"assign\": \"(\",\n            \"match\": [\n              {\n                \"pattern\": \"QY0\",\n                \"exclude\": [\n                  \"AZU09xS\"\n                ],\n                \"info\": \"\"\n              }\n            ],\n            \"satisfy\": [\n              {\n                \"or\": [\n                  \"kR0bqmgna\",\n                  \"H*agZKU})`\"\n                ]\n              },\n              \"\",\n              \"k4:@7\",\n              {\n                \"mc\": \"<=149\"\n              }\n            ],\n            \"url\": \"https://nxa9-jlr0786snpi9t0ru5sx0vcu8yz87kz76agu-u9w4.8.gohxvkgfjjf5v1kc.59xrmoxjixrx-mfup845que6elzzff.h52r9o564tmdbf9bvmn99atr1d07ekosdbw.gvkcofudm/7V%F3%B1%A5%B7~:7N2f/7o%F4%81%A6%86@kl!-/@*scs'apH/V\",\n            \"info\": \"Zie5qaX/\",\n            \"isSelectable\": true\n          },\n          \"t_h||d\": {\n            \"name\": \"\\\\'KhF;_d0*\",\n            \"assign\": [\n              \"zU6>6\"\n            ],\n            \"match\": [\n              \"AT337T\",\n              {\n                \"or\": []\n              },\n              \"ONx1A\",\n              \"XV5D\",\n              \"SO*x2x\"\n            ],\n            \"satisfy\": {\n              \"mc\": \">=148\"\n            },\n            \"url\": \"http://ax1eayvcaikkb8whctvir5htmt6.txj0trur5xd2hmtgca7315b3vxok.picvfcvn9e-09s2tau9r5oqtloz7bzxaz7rt-y7tmap.pcosk/OPWLz8b4kX/zn.qx%F2%85%92%92DY%F2%92%8D%A3/cCXy%F0%BD%93%9A%F3%95%94%98//=%F2%A8%98%92g&(Xdjc%F2%B8%8A%95\",\n            \"isSelectable\": true\n          },\n          \"Td_p~Y|\": {\n            \"name\": \"m3o*{|j\",\n            \"ay\": 1971,\n            \"assign\": \"Gvi\",\n            \"match\": [\n              \"KYM*\",\n              {\n                \"pattern\": \"ST4524\",\n                \"info\": \"R\"\n              }\n            ],\n            \"satisfy\": [],\n            \"url\": \"https://1si9sj34l9evlhs0l0um5pd8o-nwkb9zxo5djftb3ypw.y27sw70al-gj29m3xcx2.bhwgylgyr/YkD9ypXHHT/PeZ!p2E\",\n            \"info\": \"\",\n            \"isSelectable\": true\n          },\n          \" $**C7\": {\n            \"name\": \"=%C=\",\n            \"ay\": 2001,\n            \"assign\": \"\",\n            \"satisfy\": \"\\\\j'<\",\n            \"url\": \"http://p.o-58glarkhm3l8lif36-j.o47q1s56wf6h30fmk9x6wptregarohhsu3v60isa94gjguyxc-qwv1dqecoy7nn.3ivw0gtlnp965ab6qkhw61a2wreiqqzewf.ci7-lpjchf82-ysq8zlf63zlw2wvsjvckh55vjnto87yeu-nnk3g73tkrw3zd.bicnpvgp/z,RUtv;*r/e+.):i/I@f%F1%9B%A2%811/k@dL-S/yzigD$l2/O_%F2%B3%92%AE-,$NA;%F1%A9%8C%BA/v*%F3%9F%AC%B6Wh/b)eB/\",\n            \"isSelectable\": true\n          }\n        },\n        \"{8IbZ1c\": {\n          \"name\": \"\",\n          \"ay\": 1984,\n          \"assign\": [\n            \"GVXj<~\"\n          ],\n          \"match\": {\n            \"or\": [\n              {\n                \"or\": [\n                  \"JWD72I\",\n                  \"AGL3\",\n                  \"LO9067H\",\n                  {\n                    \"and\": [\n                      \"EQS69T\",\n                      \"NN3N\"\n                    ]\n                  },\n                  {\n                    \"or\": [\n                      \"PI4\"\n                    ]\n                  }\n                ]\n              }\n            ]\n          },\n          \"satisfy\": [],\n          \"info\": \"61hNl\",\n          \"isSelectable\": true,\n          \"E.\": {\n            \"name\": \"(\",\n            \"ay\": 2027,\n            \"assign\": [\n              \":k\"\n            ],\n            \"match\": [\n              \"EN0909Z\",\n              \"VI0x0\",\n              {\n                \"pattern\": \"HDS3693\",\n                \"exclude\": [],\n                \"info\": \"v\"\n              },\n              {\n                \"or\": [\n                  \"MG*20\",\n                  {\n                    \"or\": [\n                      {\n                        \"or\": [\n                          {\n                            \"pattern\": \"UA9171\",\n                            \"exclude\": [\n                              \"CQU765\",\n                              \"SBI4226\"\n                            ],\n                            \"info\": \"N`\"\n                          },\n                          \"AIP76B\"\n                        ]\n                      },\n                      \"QPU0\",\n                      {\n                        \"pattern\": \"VU*x1*Q\"\n                      }\n                    ]\n                  }\n                ]\n              },\n              \"WW2R\"\n            ],\n            \"url\": \"http://p.h.gmy62fhb09xjfx-7y09owrlay6hv6akxpk.qbzd6xf6k4mrb1v772fk5m29cbmeae.264.ccv/OQ/5;CNM%F0%BA%9F%96M/(/AHol&fqmF/o~s+D\",\n            \"info\": \"k[S\"\n          },\n          \"92qc{\": {\n            \"name\": \"e.PD\",\n            \"ay\": 2005,\n            \"assign\": \"s1\",\n            \"match\": [\n              {\n                \"or\": [\n                  {\n                    \"and\": []\n                  }\n                ]\n              },\n              {\n                \"pattern\": \"MY2\",\n                \"exclude\": [\n                  \"AJ74\",\n                  \"VZT2453\",\n                  \"KZ753*\",\n                  \"DG51Y\",\n                  \"ZLB050\"\n                ],\n                \"info\": \"W#3,hp\"\n              },\n              {\n                \"or\": [\n                  {\n                    \"or\": [\n                      {\n                        \"and\": [\n                          \"LV22\",\n                          {\n                            \"or\": [\n                              \"YPW568x\",\n                              {\n                                \"and\": [\n                                  {\n                                    \"and\": [\n                                      \"VL86D\"\n                                    ]\n                                  },\n                                  \"ZSEx2*3D\",\n                                  \"RHOx1\"\n                                ]\n                              },\n                              \"CI7x\",\n                              {\n                                \"or\": [\n                                  {\n                                    \"and\": [\n                                      \"XR5Z\",\n                                      \"ZZU1\",\n                                      \"WJ9\"\n                                    ]\n                                  }\n                                ]\n                              },\n                              {\n                                \"pattern\": \"AD6*Z\",\n                                \"exclude\": \"WN50\",\n                                \"info\": \"^'rw=jZmxp\"\n                              }\n                            ]\n                          },\n                          {\n                            \"pattern\": \"GNO7805\",\n                            \"exclude\": [\n                              \"FXJ6\"\n                            ],\n                            \"info\": \"hYR$)]ovI\"\n                          }\n                        ]\n                      },\n                      {\n                        \"and\": [\n                          \"COH989B\",\n                          {\n                            \"and\": [\n                              {\n                                \"pattern\": \"ZAO3*24\",\n                                \"exclude\": [\n                                  \"MCM2X\",\n                                  \"UEL0\",\n                                  \"WSP76U\"\n                                ],\n                                \"info\": \"~Zv\"\n                              },\n                              \"GE0782\",\n                              \"GV*576E\"\n                            ]\n                          },\n                          \"SE*L\",\n                          \"TQD2*R\"\n                        ]\n                      },\n                      \"QKK*70X\",\n                      \"EMB*0\"\n                    ]\n                  },\n                  {\n                    \"or\": [\n                      \"YRB7\"\n                    ]\n                  },\n                  {\n                    \"pattern\": \"US741I\",\n                    \"info\": \"f2jL%.K\"\n                  },\n                  \"VG088\"\n                ]\n              }\n            ],\n            \"satisfy\": {\n              \"and\": [\n                {\n                  \"mc\": \">=63\"\n                },\n                {\n                  \"and\": []\n                },\n                {\n                  \"mc\": \"<=120\"\n                },\n                \">'Fn*rb,\",\n                {\n                  \"mc\": \">=80\"\n                }\n              ]\n            },\n            \"url\": \"https://byx8av1nb.ycfpjx.t605rz.acgpxdaga/R0fDgi'/%F0%91%9E%9F/YKZ8Ka6ar/ycO(Y/\",\n            \"info\": \"Sz_\",\n            \"isSelectable\": true\n          },\n          \"t?(|6K\": {\n            \"name\": \"78kL`%)\",\n            \"ay\": 1987,\n            \"match\": {\n              \"or\": [\n                {\n                  \"or\": [\n                    \"RSP777\",\n                    {\n                      \"or\": [\n                        \"HGR162A\",\n                        {\n                          \"pattern\": \"TE*323\",\n                          \"exclude\": [\n                            \"FL2\",\n                            \"BHL95x*P\",\n                            \"BOx8\"\n                          ],\n                          \"info\": \"?>b3^kimj\"\n                        },\n                        \"ZY2\",\n                        \"CR9V\"\n                      ]\n                    },\n                    {\n                      \"pattern\": \"HYQ**\",\n                      \"info\": \"D`i0\"\n                    },\n                    \"GM4\",\n                    \"SAx11A\"\n                  ]\n                },\n                {\n                  \"or\": [\n                    \"WUP35\",\n                    {\n                      \"pattern\": \"FG9\",\n                      \"exclude\": [\n                        \"FYQ963\"\n                      ],\n                      \"info\": \"^\"\n                    }\n                  ]\n                },\n                {\n                  \"and\": [\n                    \"ZJ94\"\n                  ]\n                },\n                {\n                  \"pattern\": \"WT8\",\n                  \"exclude\": \"FV8F\"\n                },\n                {\n                  \"and\": [\n                    \"WH*\",\n                    \"EML124\",\n                    {\n                      \"and\": [\n                        \"ZXP0\",\n                        {\n                          \"or\": [\n                            {\n                              \"or\": [\n                                \"BJS6N\",\n                                \"DO181J\",\n                                \"IEN3057O\",\n                                \"UYE6859E\"\n                              ]\n                            }\n                          ]\n                        },\n                        \"XC15x7Z\",\n                        \"TTG2\"\n                      ]\n                    }\n                  ]\n                }\n              ]\n            },\n            \"satisfy\": {\n              \"mc\": \">=135\"\n            },\n            \"url\": \"https://n1h3-l4gogqh0y7134m04xp.0-jhiyjmebt139vh-3j6vvpktlc7nxadayarfg2.wgmkwscarg/6A!GC.$\",\n            \"info\": \"&![D&l9$T\",\n            \"isSelectable\": true\n          },\n          \"R%RF|U{p\": {\n            \"name\": \"\",\n            \"ay\": 1969,\n            \"assign\": [\n              \"s7Ne4NIA\",\n              \"1zBhsn~JV\",\n              \"i`\",\n              \"-\"\n            ],\n            \"match\": {\n              \"and\": [\n                {\n                  \"or\": [\n                    {\n                      \"pattern\": \"PMO496B\",\n                      \"exclude\": \"UW72\"\n                    },\n                    {\n                      \"and\": [\n                        \"VSA8843D\",\n                        {\n                          \"pattern\": \"ATK7265\",\n                          \"info\": \"h]f,\"\n                        },\n                        \"DI5\",\n                        {\n                          \"pattern\": \"YG0*\",\n                          \"exclude\": \"HZU9x*\",\n                          \"info\": \"r0`\"\n                        }\n                      ]\n                    },\n                    \"CPN2O\",\n                    {\n                      \"or\": []\n                    }\n                  ]\n                },\n                {\n                  \"pattern\": \"XN6xx0\",\n                  \"exclude\": [\n                    \"FGM21\",\n                    \"MX9*7J\",\n                    \"PC372C\",\n                    \"NM312\"\n                  ],\n                  \"info\": \"HU(4.6\"\n                },\n                \"XB2\"\n              ]\n            },\n            \"satisfy\": {\n              \"mc\": \"<=51\"\n            },\n            \"url\": \"https://n2l-kg2or05-igm-5.0i5goej4y.vjwfg4-j42dusy4.xlfthanbvw/%F1%94%8C%96dT/g1ie/%F0%AE%A2%8Ci_7=vSlG/Wa/'K3=KX/Z%F4%87%B7%AF64!/ja/@dh;:Yt/'BhXn\",\n            \"isSelectable\": true\n          }\n        }\n      },\n      \"wKm)#lZK]^\": {\n        \"name\": \"8NF<_\",\n        \"assign\": [\n          \"52|\",\n          \"9eKJv\",\n          \"L~]%dm\",\n          \".e\"\n        ],\n        \"match\": [\n          {\n            \"or\": [\n              \"EU128I\"\n            ]\n          },\n          {\n            \"pattern\": \"TFS547\",\n            \"exclude\": \"OJx7*2I\",\n            \"info\": \"HJ[B+NS1T\"\n          },\n          {\n            \"or\": [\n              {\n                \"or\": [\n                  {\n                    \"and\": [\n                      \"TWK989X\",\n                      \"XFB88x4P\",\n                      \"GP8542C\",\n                      \"FNA34\"\n                    ]\n                  }\n                ]\n              },\n              {\n                \"and\": [\n                  \"RBR2\",\n                  \"SU**\",\n                  {\n                    \"and\": [\n                      \"CR61E\"\n                    ]\n                  }\n                ]\n              },\n              {\n                \"pattern\": \"JXU2*\",\n                \"exclude\": [\n                  \"HHF70T\",\n                  \"QJ0\",\n                  \"FPxP\",\n                  \"DXZ2*9\",\n                  \"RSL0P\"\n                ],\n                \"info\": \")EWw\\\\p\"\n              },\n              {\n                \"pattern\": \"IDC1W\",\n                \"exclude\": [\n                  \"SQU0*\",\n                  \"SNF960\",\n                  \"FP0*\"\n                ],\n                \"info\": \"^EK\"\n              }\n            ]\n          }\n        ],\n        \"satisfy\": \"Q\",\n        \"url\": \"https://4nll0w77c5mxvtjw0ocg6ssbvwx0ew7we6d-i1ymsap8xbg.n.bltgz3ow3yvvxpi8lw.feev6xs9pnme5vw65zg2evn05fflbabyk.uuf38yprft8z87koxbtvc95pb.xylsl/P_~XDu/LCjL'g./,q.g%F2%A5%BE%9E/e3RHIcRvb./%F2%AD%8D%ABpg/tzF5iU\",\n        \"info\": \"+@YtQNk>5T\",\n        \"isSelectable\": true\n      }\n    }\n  },\n  {\n    \"title\": \"block sample 8\",\n    \"value\": {\n      \"name\": \"/%.k2x5n\",\n      \"ay\": 1950,\n      \"assign\": \"'+J{S34q/\",\n      \"match\": [\n        \"TTHx9\",\n        {\n          \"or\": [\n            \"FMG8095\"\n          ]\n        },\n        \"HA00*\"\n      ],\n      \"satisfy\": {\n        \"and\": [\n          {\n            \"and\": [\n              \"`1Xx}5M\"\n            ]\n          },\n          \"M}9\"\n        ]\n      },\n      \"url\": \"http://ec-p.eddp7hkgtboeq3e989b57lk52oday2e-bfzfn7dgdalbb-ad.5aappjre8c.sdevc//_axJye/U/AbSM%F1%83%9B%A3Z/O/Gp\",\n      \"isSelectable\": true\n    }\n  },\n  {\n    \"title\": \"block sample 9\",\n    \"value\": {\n      \"name\": \"ndFuYC\",\n      \"assign\": \"Lb&\",\n      \"match\": {\n        \"or\": [\n          \"WU7072F\",\n          \"PMx88E\",\n          {\n            \"pattern\": \"YC3703\",\n            \"exclude\": [\n              \"VE*\",\n              \"EO97\",\n              \"DVx0*5\"\n            ],\n            \"info\": \"\"\n          },\n          {\n            \"and\": [\n              \"ND57F\",\n              \"FUT026W\",\n              \"NG3V\",\n              {\n                \"or\": [\n                  \"CP9214\",\n                  \"MR838G\",\n                  \"JGx4\"\n                ]\n              }\n            ]\n          },\n          \"IA2\"\n        ]\n      },\n      \"satisfy\": [\n        {\n          \"or\": [\n            \"/% \"\n          ]\n        },\n        {\n          \"and\": [\n            \"{.cj#!^2q\",\n            {\n              \"mc\": \"<=52\"\n            }\n          ]\n        },\n        {\n          \"mc\": \">=139\"\n        },\n        {\n          \"mc\": \"<=62\"\n        },\n        {\n          \"or\": [\n            \"x)j\",\n            {\n              \"or\": []\n            },\n            \"dLouB\",\n            {\n              \"mc\": \"<=176\"\n            },\n            {\n              \"and\": [\n                \"RkH\",\n                \"S|{X1HqE<k\"\n              ]\n            }\n          ]\n        }\n      ],\n      \"url\": \"http://anm27eizqgzzxoi.466.yd/PU_/w%F3%AA%9B%9D_\",\n      \"info\": \"L<bS;qn0YO\",\n      \"isSelectable\": true,\n      \">F&t\": {\n        \"assign\": \"<.\",\n        \"satisfy\": \"Ihvlx=KB&\",\n        \"url\": \"http://gn.a.yzdu-rl3-3w.zkme.dedembejdkx5gyi5v56a6ymfzpw6bzq6s3cna2vnd-a-49cgef-r8b7deblo.ccnvqa\",\n        \"info\": \"\",\n        \"isSelectable\": true,\n        \"K\": {\n          \"name\": \">P=Xj\",\n          \"ay\": 1955,\n          \"assign\": \"xi1\",\n          \"match\": [\n            \"GAH2**\",\n            \"GIL84F\",\n            {\n              \"or\": [\n                {\n                  \"pattern\": \"LG7*7T\",\n                  \"exclude\": [\n                    \"VPF**69\",\n                    \"KE8P\",\n                    \"BN5\",\n                    \"IBV6T\",\n                    \"SZI9*W\"\n                  ],\n                  \"info\": \"[#!*x%9|\"\n                }\n              ]\n            },\n            {\n              \"pattern\": \"LWK552\",\n              \"exclude\": [\n                \"BOV3\",\n                \"DVG9S\",\n                \"KRx\"\n              ],\n              \"info\": \"=\"\n            },\n            {\n              \"or\": [\n                {\n                  \"and\": []\n                },\n                {\n                  \"pattern\": \"MWZ4R\"\n                }\n              ]\n            }\n          ],\n          \"satisfy\": [\n            \"\",\n            \"g\",\n            {\n              \"and\": [\n                \"s``iGA\",\n                {\n                  \"and\": [\n                    \"}:d@:_c-\",\n                    \"tg=RC\",\n                    {\n                      \"mc\": \"<=2\"\n                    },\n                    {\n                      \"and\": [\n                        \"U\"\n                      ]\n                    }\n                  ]\n                },\n                {\n                  \"and\": []\n                },\n                \"\\\"edd`(!\",\n                {\n                  \"and\": [\n                    {\n                      \"and\": [\n                        \"|\"\n                      ]\n                    }\n                  ]\n                }\n              ]\n            },\n            {\n              \"and\": [\n                {\n                  \"and\": [\n                    {\n                      \"mc\": \"<=147\"\n                    },\n                    {\n                      \"and\": [\n                        {\n                          \"or\": [\n                            {\n                              \"mc\": \">=13\"\n                            },\n                            \"]B% ^5-7\",\n                            \"]\",\n                            \"#nyVW5 ak\"\n                          ]\n                        },\n                        \"To_32-Sxl\",\n                        \"|5\",\n                        {\n                          \"or\": [\n                            \"*NgmXJC+\",\n                            \"t(pgk>v2s{\",\n                            \"C\",\n                            \"_vRfV?V\",\n                            \"<d\"\n                          ]\n                        }\n                      ]\n                    },\n                    \".:U\"\n                  ]\n                }\n              ]\n            }\n          ],\n          \"info\": \"8-D2QaZ~I\"
[...]
              "timedOut": false,
              "duration": 0,
              "state": "passed",
              "speed": "fast",
              "pass": true,
              "fail": false,
              "pending": false,
              "context": null,
              "code": "const satisfier = satisfiers_1.inequalitySatisfier(ref, \"<=32\");\nsatisfier.should.have.property(\"filter\");\nconst { filter } = satisfier;\nisCorrectFilter(filter, modulesList1, modulesList1.map(([moduleStr]) => moduleStr));",
              "err": {},
              "uuid": "294b1a65-616f-4392-badb-47c42a6df657",
              "parentUUID": "60ffed89-9f4d-4eb7-bb9a-84983fb6278a",
              "isHook": false,
              "skipped": false
            },
            {
              "title": "should truncate list of modules with upper bound of MCs at exact cutoff if total MC count is higher and there exists some starting sequence with exact MC count",
              "fullTitle": "inequalitySatisfier should truncate list of modules with upper bound of MCs at exact cutoff if total MC count is higher and there exists some starting sequence with exact MC count",
              "timedOut": false,
              "duration": 0,
              "state": "passed",
              "speed": "fast",
              "pass": true,
              "fail": false,
              "pending": false,
              "context": null,
              "code": "const satisfier = satisfiers_1.inequalitySatisfier(ref, \"<=16\");\nsatisfier.should.have.property(\"filter\");\nconst { filter } = satisfier;\nisCorrectFilter(filter, modulesList1, [\n    \"CS2100\",\n    \"GER1000\",\n    \"CS2040S\",\n    \"ST2131\",\n]);",
              "err": {},
              "uuid": "22c163bd-7ac4-4a29-bf4d-c345f33f9393",
              "parentUUID": "60ffed89-9f4d-4eb7-bb9a-84983fb6278a",
              "isHook": false,
              "skipped": false
            },
            {
              "title": "should truncate list of modules with upper bound of MCs, cutting off at the minimum starting sequence that exceeds upper bound, if total MC count is higher and there exists no starting sequence with exact MC count",
              "fullTitle": "inequalitySatisfier should truncate list of modules with upper bound of MCs, cutting off at the minimum starting sequence that exceeds upper bound, if total MC count is higher and there exists no starting sequence with exact MC count",
              "timedOut": false,
              "duration": 0,
              "state": "passed",
              "speed": "fast",
              "pass": true,
              "fail": false,
              "pending": false,
              "context": null,
              "code": "const satisfier = satisfiers_1.inequalitySatisfier(ref, \"<=17\");\nsatisfier.should.have.property(\"filter\");\nconst { filter } = satisfier;\nisCorrectFilter(filter, modulesList1, [\n    \"CS2100\",\n    \"GER1000\",\n    \"CS2040S\",\n    \"ST2131\",\n    \"MA1521\",\n]);",
              "err": {},
              "uuid": "8c79b70d-dd37-4765-aef0-14936a9073b0",
              "parentUUID": "60ffed89-9f4d-4eb7-bb9a-84983fb6278a",
              "isHook": false,
              "skipped": false
            }
          ],
          "suites": [],
          "passes": [
            "79eb76c7-c797-4405-8c56-42c9dd049c54",
            "b08bfbca-89bc-43ef-bdb2-71af04658962",
            "bc735448-a2df-4612-904f-8c90c1739274",
            "5137f20f-e9e2-4a98-9277-5dfedc2c68e5",
            "294b1a65-616f-4392-badb-47c42a6df657",
            "22c163bd-7ac4-4a29-bf4d-c345f33f9393",
            "8c79b70d-dd37-4765-aef0-14936a9073b0"
          ],
          "failures": [],
          "pending": [],
          "skipped": [],
          "duration": 2,
          "root": false,
          "rootEmpty": false,
          "_timeout": 2000
        },
        {
          "uuid": "d92f3a72-084c-49da-a6e9-9996ae3009c2",
          "title": "inequalitySchema",
          "fullFile": "/home/runner/work/planwithus-lib/planwithus-lib/src/satisfyRule/inequality/schemas.test.ts",
          "file": "/src/satisfyRule/inequality/schemas.test.ts",
          "beforeHooks": [],
          "afterHooks": [],
          "tests": [
            {
              "title": "should validate inequality in the form <=n or >=n",
              "fullTitle": "inequalitySchema should validate inequality in the form <=n or >=n",
              "timedOut": false,
              "duration": 1,
              "state": "passed",
              "speed": "fast",
              "pass": true,
              "fail": false,
              "pending": false,
              "context": "[\n  {\n    \"title\": \"inequality sample 0\",\n    \"value\": \"<=99\"\n  },\n  {\n    \"title\": \"inequality sample 1\",\n    \"value\": \"<=5\"\n  },\n  {\n    \"title\": \"inequality sample 2\",\n    \"value\": \">=41\"\n  },\n  {\n    \"title\": \"inequality sample 3\",\n    \"value\": \"<=74\"\n  },\n  {\n    \"title\": \"inequality sample 4\",\n    \"value\": \"<=53\"\n  },\n  {\n    \"title\": \"inequality sample 5\",\n    \"value\": \"<=195\"\n  },\n  {\n    \"title\": \"inequality sample 6\",\n    \"value\": \">=5\"\n  },\n  {\n    \"title\": \"inequality sample 7\",\n    \"value\": \">=6\"\n  },\n  {\n    \"title\": \"inequality sample 8\",\n    \"value\": \"<=176\"\n  },\n  {\n    \"title\": \"inequality sample 9\",\n    \"value\": \"<=193\"\n  }\n]",
              "code": "fast_check_1.sample(index_test_2.inequality, 10).forEach((sample, i) => addContext_1.default(this, {\n    title: `inequality sample ${i}`,\n    value: sample,\n}));\nreturn fast_check_1.assert(fast_check_1.property(index_test_2.inequality, ajvValidate));",
              "err": {},
              "uuid": "10cb85e1-cc44-4887-914d-a5de711d446f",
              "parentUUID": "d92f3a72-084c-49da-a6e9-9996ae3009c2",
              "isHook": false,
              "skipped": false
            },
            {
              "title": "should not validate inequality of invalid form",
              "fullTitle": "inequalitySchema should not validate inequality of invalid form",
              "timedOut": false,
              "duration": 1,
              "state": "passed",
              "speed": "fast",
              "pass": true,
              "fail": false,
              "pending": false,
              "context": null,
              "code": "[\n        \"\",\n        \"==23\",\n        \"23\",\n        \"<23\",\n        \">23\",\n        \"<=-1\",\n        \">=-1\",\n        \"<= 2\",\n        \">= 1\",\n        \"> 3\",\n        \"< 3\",\n        \"<=3a\",\n        \">=3a\",\n        \"a<=3\",\n        \"a>=3\",\n    ].forEach(isInvalidInequality)",
              "err": {},
              "uuid": "815d47e8-7ee5-44c2-b0a8-e545f97d8226",
              "parentUUID": "d92f3a72-084c-49da-a6e9-9996ae3009c2",
              "isHook": false,
              "skipped": false
            }
          ],
          "suites": [],
          "passes": [
            "10cb85e1-cc44-4887-914d-a5de711d446f",
            "815d47e8-7ee5-44c2-b0a8-e545f97d8226"
          ],
          "failures": [],
          "pending": [],
          "skipped": [],
          "duration": 2,
          "root": false,
          "rootEmpty": false,
          "_timeout": 2000
        },
        {
          "uuid": "1bd07c09-27ec-4c72-b06b-364f3977212a",
          "title": "satisfyRuleSchema",
          "fullFile": "/home/runner/work/planwithus-lib/planwithus-lib/src/satisfyRule/schemas.test.ts",
          "file": "/src/satisfyRule/schemas.test.ts",
          "beforeHooks": [],
          "afterHooks": [],
          "tests": [
            {
              "title": "should validate satisfy rule with valid block id",
              "fullTitle": "satisfyRuleSchema should validate satisfy rule with valid block id",
              "timedOut": false,
              "duration": 1,
              "state": "passed",
              "speed": "fast",
              "pass": true,
              "fail": false,
              "pending": false,
              "context": null,
              "code": "fast_check_1.assert(fast_check_1.property(fast_check_1.string(), ajvValidate)",
              "err": {},
              "uuid": "26c07cb3-2837-4eda-aec6-762d67301318",
              "parentUUID": "1bd07c09-27ec-4c72-b06b-364f3977212a",
              "isHook": false,
              "skipped": false
            },
            {
              "title": "should validate satisfy rules with valid mc",
              "fullTitle": "satisfyRuleSchema should validate satisfy rules with valid mc",
              "timedOut": false,
              "duration": 1,
              "state": "passed",
              "speed": "fast",
              "pass": true,
              "fail": false,
              "pending": false,
              "context": "[\n  {\n    \"title\": \"mcSatisfyRule sample 0\",\n    \"value\": {\n      \"mc\": \">=4\"\n    }\n  },\n  {\n    \"title\": \"mcSatisfyRule sample 1\",\n    \"value\": {\n      \"mc\": \">=194\"\n    }\n  },\n  {\n    \"title\": \"mcSatisfyRule sample 2\",\n    \"value\": {\n      \"mc\": \">=140\"\n    }\n  },\n  {\n    \"title\": \"mcSatisfyRule sample 3\",\n    \"value\": {\n      \"mc\": \">=86\"\n    }\n  },\n  {\n    \"title\": \"mcSatisfyRule sample 4\",\n    \"value\": {\n      \"mc\": \">=197\"\n    }\n  },\n  {\n    \"title\": \"mcSatisfyRule sample 5\",\n    \"value\": {\n      \"mc\": \">=19\"\n    }\n  },\n  {\n    \"title\": \"mcSatisfyRule sample 6\",\n    \"value\": {\n      \"mc\": \"<=91\"\n    }\n  },\n  {\n    \"title\": \"mcSatisfyRule sample 7\",\n    \"value\": {\n      \"mc\": \"<=103\"\n    }\n  },\n  {\n    \"title\": \"mcSatisfyRule sample 8\",\n    \"value\": {\n      \"mc\": \">=152\"\n    }\n  },\n  {\n    \"title\": \"mcSatisfyRule sample 9\",\n    \"value\": {\n      \"mc\": \">=20\"\n    }\n  }\n]",
              "code": "fast_check_1.sample(index_test_2.mcSatisfyRule, 10).forEach((sample, i) => addContext_1.default(this, {\n    title: `mcSatisfyRule sample ${i}`,\n    value: sample,\n}));\nreturn fast_check_1.assert(fast_check_1.property(index_test_2.mcSatisfyRule, ajvValidate));",
              "err": {},
              "uuid": "963a8261-5d37-44ed-8689-4cbb9d500f86",
              "parentUUID": "1bd07c09-27ec-4c72-b06b-364f3977212a",
              "isHook": false,
              "skipped": false
            },
            {
              "title": "should validate valid recursive satisfy rules",
              "fullTitle": "satisfyRuleSchema should validate valid recursive satisfy rules",
              "timedOut": false,
              "duration": 5,
              "state": "passed",
              "speed": "fast",
              "pass": true,
              "fail": false,
              "pending": false,
              "context": "[\n  {\n    \"title\": \"satisfyRule sample 0\",\n    \"value\": {\n      \"mc\": \">=198\"\n    }\n  },\n  {\n    \"title\": \"satisfyRule sample 1\",\n    \"value\": {\n      \"and\": [\n        {\n          \"and\": [\n            \"$!:x\"\n          ]\n        },\n        \"\"\n      ]\n    }\n  },\n  {\n    \"title\": \"satisfyRule sample 2\",\n    \"value\": \"&-(\"\n  },\n  {\n    \"title\": \"satisfyRule sample 3\",\n    \"value\": \"y .{J#{{%&\"\n  },\n  {\n    \"title\": \"satisfyRule sample 4\",\n    \"value\": {\n      \"or\": [\n        {\n          \"or\": [\n            {\n              \"mc\": \">=128\"\n            },\n            {\n              \"mc\": \"<=168\"\n            },\n            \"v$~6q=vl2\",\n            {\n              \"mc\": \">=115\"\n            }\n          ]\n        },\n        {\n          \"mc\": \">=63\"\n        },\n        {\n          \"and\": [\n            {\n              \"or\": []\n            },\n            \"/|v0]B3K*\",\n            {\n              \"or\": [\n                {\n                  \"and\": [\n                    \"_:6Ch\"\n                  ]\n                },\n                {\n                  \"or\": [\n                    \"L\"\n                  ]\n                },\n                \"\",\n                {\n                  \"mc\": \">=159\"\n                },\n                \"v,\"\n              ]\n            },\n            {\n              \"and\": [\n                \"\",\n                \"I\\\\Mn$Z\",\n                {\n                  \"and\": [\n                    \"yr)>L:}:\\\\@\",\n                    \"~U\"\n                  ]\n                }\n              ]\n            }\n          ]\n        },\n        {\n          \"and\": [\n            {\n              \"or\": []\n            },\n            \"X0Z52FM\\\\t\"\n          ]\n        }\n      ]\n    }\n  },\n  {\n    \"title\": \"satisfyRule sample 5\",\n    \"value\": {\n      \"mc\": \">=175\"\n    }\n  },\n  {\n    \"title\": \"satisfyRule sample 6\",\n    \"value\": \"q\"\n  },\n  {\n    \"title\": \"satisfyRule sample 7\",\n    \"value\": {\n      \"mc\": \">=93\"\n    }\n  },\n  {\n    \"title\": \"satisfyRule sample 8\",\n    \"value\": {\n      \"mc\": \"<=197\"\n    }\n  },\n  {\n    \"title\": \"satisfyRule sample 9\",\n    \"value\": {\n      \"mc\": \"<=32\"\n    }\n  }\n]",
              "code": "fast_check_1.sample(index_test_2.satisfyRule, 10).forEach((sample, i) => addContext_1.default(this, {\n    title: `satisfyRule sample ${i}`,\n    value: sample,\n}));\nreturn fast_check_1.assert(fast_check_1.property(index_test_2.satisfyRule, ajvValidate));",
              "err": {},
              "uuid": "c54c10c6-4037-4889-a19f-f38c3c84cf32",
              "parentUUID": "1bd07c09-27ec-4c72-b06b-364f3977212a",
              "isHook": false,
              "skipped": false
            },
            {
              "title": "should not validate non-string/object",
              "fullTitle": "satisfyRuleSchema should not validate non-string/object",
              "timedOut": false,
              "duration": 1,
              "state": "passed",
              "speed": "fast",
              "pass": true,
              "fail": false,
              "pending": false,
              "context": null,
              "code": "const error = {\n    instancePath: \"\",\n    message: \"satisfy rule should be either a string or an object\",\n};\nisInvalidRule(null, error);\nisInvalidRule(undefined, error);\nisInvalidRule(10, error);\nisInvalidRule([12, 24], error);",
              "err": {},
              "uuid": "a2fb239d-8820-4b4c-94c8-439606270fce",
              "parentUUID": "1bd07c09-27ec-4c72-b06b-364f3977212a",
              "isHook": false,
              "skipped": false
            },
            {
              "title": "should not validate satisfy rules with extra properties",
              "fullTitle": "satisfyRuleSchema should not validate satisfy rules with extra properties",
              "timedOut": false,
              "duration": 0,
              "state": "passed",
              "speed": "fast",
              "pass": true,
              "fail": false,
              "pending": false,
              "context": null,
              "code": "isInvalidRule({\n        and: [\n            { or: [\"2k\"], abc: \"def\" },\n            { mc: 8, ghi: \"jkl\" },\n        ],\n        mno: \"pqr\",\n    }, {\n        instancePath: \"/and/0\",\n        message: \"or satisfy rule should have property 'or' only\",\n    }, {\n        instancePath: \"/and/1\",\n        message: \"MC satisfy rule should have property 'mc' only\",\n    }, {\n        instancePath: \"\",\n        message: \"and satisfy rule should have property 'and' only\",\n    })",
              "err": {},
              "uuid": "7ad9ce1a-21ce-48d1-96d9-f37424dfc85e",
              "parentUUID": "1bd07c09-27ec-4c72-b06b-364f3977212a",
              "isHook": false,
              "skipped": false
            },
            {
              "title": "should not validate ambiguous satisfy rules",
              "fullTitle": "satisfyRuleSchema should not validate ambiguous satisfy rules",
              "timedOut": false,
              "duration": 0,
              "state": "passed",
              "speed": "fast",
              "pass": true,
              "fail": false,
              "pending": false,
              "context": null,
              "code": "const message = \"satisfy rule should have only one of properties 'mc', 'and', 'or'\";\nisInvalidRule({\n    or: [\n        { mc: 5, and: [\"CS2040\"] },\n        { and: [{ and: [\"abc\"], or: [\"def\"] }] },\n    ],\n}, { instancePath: \"/or/0\", message }, { instancePath: \"/or/1/and/0\", message });",
              "err": {},
              "uuid": "54ad8da1-9cd2-4277-85fe-92d6f29c9cb1",
              "parentUUID": "1bd07c09-27ec-4c72-b06b-364f3977212a",
              "isHook": false,
              "skipped": false
            },
            {
              "title": "should not validate and satisfy rules with non-array property",
              "fullTitle": "satisfyRuleSchema should not validate and satisfy rules with non-array property",
              "timedOut": false,
              "duration": 0,
              "state": "passed",
              "speed": "fast",
              "pass": true,
              "fail": false,
              "pending": false,
              "context": null,
              "code": "const message = \"property 'and' should be an array of satisfy rules\";\nisInvalidRule({ or: [{ and: {} }, { or: [{ and: 3 }] }] }, { instancePath: \"/or/0/and\", message }, { instancePath: \"/or/1/or/0/and\", message });",
              "err": {},
              "uuid": "04292995-b05e-4a09-b019-c30b79f4ff65",
              "parentUUID": "1bd07c09-27ec-4c72-b06b-364f3977212a",
              "isHook": false,
              "skipped": false
            },
            {
              "title": "should not validate or satisfy rules with non-array property",
              "fullTitle": "satisfyRuleSchema should not validate or satisfy rules with non-array property",
              "timedOut": false,
              "duration": 0,
              "state": "passed",
              "speed": "fast",
              "pass": true,
              "fail": false,
              "pending": false,
              "context": null,
              "code": "const message = \"property 'or' should be an array of satisfy rules\";\nisInvalidRule({ and: [{ or: {} }, { and: [{ or: 3 }] }] }, { instancePath: \"/and/0/or\", message }, { instancePath: \"/and/1/and/0/or\", message });",
              "err": {},
              "uuid": "4afa18c6-b4fc-428b-8eed-8ac7fd31067b",
              "parentUUID": "1bd07c09-27ec-4c72-b06b-364f3977212a",
              "isHook": false,
              "skipped": false
            }
          ],
          "suites": [],
          "passes": [
            "26c07cb3-2837-4eda-aec6-762d67301318",
            "963a8261-5d37-44ed-8689-4cbb9d500f86",
            "c54c10c6-4037-4889-a19f-f38c3c84cf32",
            "a2fb239d-8820-4b4c-94c8-439606270fce",
            "7ad9ce1a-21ce-48d1-96d9-f37424dfc85e",
            "54ad8da1-9cd2-4277-85fe-92d6f29c9cb1",
            "04292995-b05e-4a09-b019-c30b79f4ff65",
            "4afa18c6-b4fc-428b-8eed-8ac7fd31067b"
          ],
          "failures": [],
          "pending": [],
          "skipped": [],
          "duration": 8,
          "root": false,
          "rootEmpty": false,
          "_timeout": 2000
        }
      ],
      "passes": [],
      "failures": [],
      "pending": [],
      "skipped": [],
      "duration": 0,
      "root": true,
      "rootEmpty": true,
      "_timeout": 2000
    }
  ],
  "meta": {
    "mocha": {
      "version": "9.0.2"
    },
    "mochawesome": {
      "options": {
        "quiet": false,
        "reportFilename": "mochawesome",
        "saveHtml": true,
        "saveJson": true,
        "consoleReporter": "spec",
        "useInlineDiffs": false,
        "code": true
      },
      "version": "6.2.2"
    },
    "marge": {
      "options": {
        "reportDir": "docs"
      },
      "version": "5.2.0"
    }
  }
}