{
  "stats": {
    "suites": 10,
    "tests": 48,
    "passes": 48,
    "pending": 0,
    "failures": 0,
    "start": "2021-08-04T07:33:08.414Z",
    "end": "2021-08-04T07:33:08.701Z",
    "duration": 287,
    "testsRegistered": 48,
    "passPercent": 100,
    "pendingPercent": 0,
    "other": 0,
    "hasOther": false,
    "skipped": 0,
    "hasSkipped": false
  },
  "results": [
    {
      "uuid": "7c762f65-80d0-4beb-bfcf-a24c63fbfa4b",
      "title": "",
      "fullFile": "",
      "file": "",
      "beforeHooks": [],
      "afterHooks": [],
      "tests": [],
      "suites": [
        {
          "uuid": "f032fc10-b82f-484c-99c6-81bf4d30d6cf",
          "title": "initDirectories",
          "fullFile": "/home/runner/work/planwithus-lib/planwithus-lib/src/block/schemas.test.ts",
          "file": "/src/block/schemas.test.ts",
          "beforeHooks": [],
          "afterHooks": [],
          "tests": [
            {
              "title": "should parse all blocks with no errors",
              "fullTitle": "initDirectories should parse all blocks with no errors",
              "timedOut": false,
              "duration": 2,
              "state": "passed",
              "speed": "fast",
              "pass": true,
              "fail": false,
              "pending": false,
              "context": null,
              "code": "_1.initDirectories.should.not.throw()",
              "err": {},
              "uuid": "cfdf76dc-8a0c-4d5f-8395-e719f806de49",
              "parentUUID": "f032fc10-b82f-484c-99c6-81bf4d30d6cf",
              "isHook": false,
              "skipped": false
            },
            {
              "title": "should produce primary, second & minor directories",
              "fullTitle": "initDirectories should produce primary, second & minor directories",
              "timedOut": false,
              "duration": 2,
              "state": "passed",
              "speed": "fast",
              "pass": true,
              "fail": false,
              "pending": false,
              "context": null,
              "code": "const directories = _1.initDirectories();\ndirectories.should.have.property(\"primary\");\ndirectories.should.have.property(\"second\");\ndirectories.should.have.property(\"minor\");",
              "err": {},
              "uuid": "f6fcce4d-da25-4819-a683-7354fbdf3277",
              "parentUUID": "f032fc10-b82f-484c-99c6-81bf4d30d6cf",
              "isHook": false,
              "skipped": false
            }
          ],
          "suites": [],
          "passes": [
            "cfdf76dc-8a0c-4d5f-8395-e719f806de49",
            "f6fcce4d-da25-4819-a683-7354fbdf3277"
          ],
          "failures": [],
          "pending": [],
          "skipped": [],
          "duration": 4,
          "root": false,
          "rootEmpty": false,
          "_timeout": 2000
        },
        {
          "uuid": "52303b6d-687e-4b1d-9d5c-017dd4add98d",
          "title": "blockSchema",
          "fullFile": "/home/runner/work/planwithus-lib/planwithus-lib/src/block/schemas.test.ts",
          "file": "/src/block/schemas.test.ts",
          "beforeHooks": [],
          "afterHooks": [],
          "tests": [
            {
              "title": "should validate valid block",
              "fullTitle": "blockSchema should validate valid block",
              "timedOut": false,
              "duration": 171,
              "state": "passed",
              "speed": "slow",
              "pass": true,
              "fail": false,
              "pending": false,
              "context": "[\n  {\n    \"title\": \"block sample 0\",\n    \"value\": {\n      \"name\": \"3B~\",\n      \"ay\": 1972,\n      \"assign\": \"7X\",\n      \"match\": {\n        \"or\": []\n      },\n      \"url\": \"http://uufa-c8tffhccaod25wewx5qcc8jcb-xde63cb7b9eot-58f6caf1r5ffe5.45ac9f7mbr20ec7e65eiqabv0lq46cseae1fcb0j8-vdcca9eb-ac9rd7f.puz53flpxwxcgo2tp-u3w-tbfood6scrqwb25c5vsq7b.zab.bfyx/%F3%AB%9A%BC%F4%8B%91%86b!/c2;//tf/K2hH.HB0//.&:$/,:p\",\n      \"info\": \"z:\",\n      \"isSelectable\": true\n    }\n  },\n  {\n    \"title\": \"block sample 1\",\n    \"value\": {\n      \"ay\": 1992,\n      \"assign\": \"m&\\\\W+x\",\n      \"match\": \"NPB197\",\n      \"url\": \"https://kdhsbd1vff4ow5pl9sppod46evnq.jy145kkghkue7pgvw-7sr8qd4vsq061-53ugux6r4kvq6--kzxol9.ncodau\",\n      \"info\": \"1 \",\n      \"isSelectable\": true\n    }\n  },\n  {\n    \"title\": \"block sample 2\",\n    \"value\": {\n      \"assign\": [\n        \":\",\n        \"I\",\n        \"N(&Fj%G.b!\"\n      ],\n      \"match\": [\n        {\n          \"or\": []\n        },\n        \"YA12\",\n        {\n          \"pattern\": \"XV9525\",\n          \"exclude\": \"FXE0Z\",\n          \"info\": \"*Kkz+T)v\"\n        },\n        \"TG*2U\"\n      ],\n      \"satisfy\": \"-6R9V+HwK\",\n      \"url\": \"https://4jyff.b.dqjrxchm3eqphlrzdynqp5c.wel/fTqn3//L&8Cc5Wz/T\",\n      \"info\": \"\\\"\\\"]<(}]?#\\\"\",\n      \"isSelectable\": true\n    }\n  },\n  {\n    \"title\": \"block sample 3\",\n    \"value\": {\n      \"name\": \"?4Rk\\\"w_fX\",\n      \"ay\": 1978,\n      \"assign\": \"\",\n      \"match\": {\n        \"or\": [\n          {\n            \"and\": [\n              {\n                \"pattern\": \"DP4\"\n              },\n              {\n                \"or\": [\n                  \"VF21E\",\n                  \"CB5\",\n                  \"GYL1270\"\n                ]\n              },\n              {\n                \"pattern\": \"GO3N\",\n                \"exclude\": [\n                  \"HG807\",\n                  \"FEF01\",\n                  \"XSC2863\"\n                ],\n                \"info\": \"Ra8\"\n              },\n              \"KG2\",\n              \"AVT6x80\"\n            ]\n          },\n          {\n            \"pattern\": \"EZ56R\",\n            \"exclude\": []\n          }\n        ]\n      },\n      \"satisfy\": {\n        \"and\": [\n          {\n            \"or\": [\n              {\n                \"mc\": \">=115\"\n              },\n              \"8\",\n              \"5m3\",\n              {\n                \"or\": [\n                  \"aFN`h\",\n                  \"G%\"\n                ]\n              }\n            ]\n          },\n          {\n            \"mc\": \"<=78\"\n          },\n          {\n            \"and\": [\n              \"|<\",\n              {\n                \"mc\": \"<=29\"\n              },\n              \"]\"\n            ]\n          },\n          \"|$2S\"\n        ]\n      },\n      \"url\": \"http://vxz6lzbae.67367vrd4ffn1ba9e6bb66ekbeyd798ajmatbs6v51da-4knadc7ca.o.a7du61yyf5eppbdab60e-efnga3f7q77sdga8aar9caa8dmvdhck92646e.xwebh/!JA//z%F2%91%A1%BB%EB%A6%8B$%F1%BA%A1%91//o~b&1bM(;m/W=X/!*Vhrp)/q;2gdV;Ew7/\",\n      \"info\": \" \"\n    }\n  },\n  {\n    \"title\": \"block sample 4\",\n    \"value\": {\n      \"name\": \"\",\n      \"ay\": 1956,\n      \"assign\": \"XC\",\n      \"match\": \"POY14F\",\n      \"url\": \"http://820.cuwd/KLa/gcq%F4%8C%81%A5gf36&/ab/b9/U@b/)MT\",\n      \"isSelectable\": true\n    }\n  },\n  {\n    \"title\": \"block sample 5\",\n    \"value\": {\n      \"name\": \"a\",\n      \"ay\": 2007,\n      \"assign\": [\n        \"2h|?I\",\n        \"e_QV\",\n        \"#}KOC\",\n        \"Team)o\\\"r\",\n        \"zC6~C?\"\n      ],\n      \"match\": [],\n      \"satisfy\": {\n        \"or\": [\n          {\n            \"and\": [\n              \"LQyFQ\"\n            ]\n          },\n          {\n            \"or\": [\n              \"P6(+#,;rl)\",\n              \"\",\n              {\n                \"or\": [\n                  \"8Pd%\"\n                ]\n              },\n              {\n                \"mc\": \"<=99\"\n              }\n            ]\n          }\n        ]\n      },\n      \"url\": \"http://hjcomyvxpvp7cmtps14zb6237pdmmngi2v3qnfybtq7kt4z2.808-5bb.ac7c2kbdm3mm95fbb3c5vf6yja-qxgadk-fme9xbpa.qy/V5Ib,OjH!N/1;%F3%B0%94%8F%F0%98%80%9748p;/%F2%84%87%AAB6rrC/i%F1%81%9E%A9bIVW=n9/q/+f+QX7%F1%A5%A3%845%F2%A5%90%BC/h%F1%BC%AE%B4aBQCa)\",\n      \"info\": \"$cc\",\n      \"isSelectable\": true,\n      \"#a%\": {\n        \"name\": \"x\",\n        \"ay\": 1954,\n        \"assign\": [\n          \"(u&E8& |&\",\n          \"w-#T6+\"\n        ],\n        \"match\": {\n          \"or\": [\n            {\n              \"or\": []\n            },\n            \"NYx\",\n            {\n              \"pattern\": \"PAW2xx8F\",\n              \"exclude\": \"KJA6*\",\n              \"info\": \"g)-S'ScK\"\n            },\n            {\n              \"and\": [\n                {\n                  \"and\": [\n                    \"IP72\",\n                    \"IAQ69\"\n                  ]\n                },\n                {\n                  \"and\": [\n                    {\n                      \"and\": [\n                        \"ZTY106xV\"\n                      ]\n                    },\n                    \"MMx1V\",\n                    {\n                      \"or\": [\n                        \"ZOV08x1T\",\n                        {\n                          \"or\": [\n                            {\n                              \"and\": [\n                                \"PC1624\",\n                                \"GBx\",\n                                \"PCG5\",\n                                \"KX58\",\n                                \"JQ2631E\"\n                              ]\n                            }\n                          ]\n                        }\n                      ]\n                    },\n                    \"MLN7169\"\n                  ]\n                },\n                {\n                  \"or\": [\n                    \"LN3*\"\n                  ]\n                },\n                {\n                  \"pattern\": \"CZ2*93\",\n                  \"info\": \"E\"\n                },\n                {\n                  \"and\": [\n                    {\n                      \"or\": [\n                        \"ASx\",\n                        \"QG6\"\n                      ]\n                    },\n                    {\n                      \"and\": [\n                        \"BXZ31\"\n                      ]\n                    },\n                    \"AI*6x\"\n                  ]\n                }\n              ]\n            },\n            {\n              \"and\": [\n                {\n                  \"pattern\": \"IJ67\",\n                  \"info\": \"KIk!jy-\"\n                },\n                {\n                  \"or\": [\n                    {\n                      \"pattern\": \"PW4x12H\",\n                      \"exclude\": [\n                        \"ZI0C\"\n                      ],\n                      \"info\": \"XTVHU5n3\"\n                    },\n                    \"YUx\",\n                    {\n                      \"pattern\": \"KY7C\",\n                      \"exclude\": \"PE23\",\n                      \"info\": \"EltD(301.(\"\n                    },\n                    \"CZ3\",\n                    \"OQP7\"\n                  ]\n                },\n                \"PK053O\",\n                {\n                  \"pattern\": \"YM01*D\",\n                  \"exclude\": \"XQP9\",\n                  \"info\": \"jqP\"\n                },\n                {\n                  \"or\": [\n                    \"UHD4736G\",\n                    \"HC288S\",\n                    {\n                      \"and\": [\n                        \"WDV2x84\",\n                        \"OSG24*xR\",\n                        \"ORF0\"\n                      ]\n                    },\n                    \"DVU4177\",\n                    \"DLU902J\"\n                  ]\n                }\n              ]\n            }\n          ]\n        },\n        \"url\": \"http://s.yh9tidha.cnrhk/7Sl6k\",\n        \"info\": \"a`-sI\\\\(_m\"\n      },\n      \"D>$;~!7\": {\n        \"name\": \"C6ef$Ye\",\n        \"ay\": 1951,\n        \"satisfy\": [],\n        \"info\": \"T)t\",\n        \"isSelectable\": true\n      },\n      \"5 \": {\n        \"name\": \"Ym pw^q\",\n        \"ay\": 2024,\n        \"match\": \"RG09\",\n        \"satisfy\": [\n          {\n            \"and\": [\n              \"%%\",\n              {\n                \"and\": [\n                  {\n                    \"and\": []\n                  },\n                  \"74)}Cbls\",\n                  {\n                    \"or\": []\n                  },\n                  \"@E1\"\n                ]\n              }\n            ]\n          },\n          \"%B#\",\n          {\n            \"and\": [\n              {\n                \"or\": [\n                  {\n                    \"and\": [\n                      \"~gu\\\"f=FV\",\n                      {\n                        \"or\": [\n                          \"*cv xFf\",\n                          \"+\"\n                        ]\n                      },\n                      \"$\\\"\",\n                      \"9N);'\"\n                    ]\n                  },\n                  \"YrY\\\"o\",\n                  {\n                    \"mc\": \"<=85\"\n                  }\n                ]\n              }\n            ]\n          }\n        ],\n        \"url\": \"https://ff.caa7.ov/Zra0*be/luyNJa/E-e\",\n        \"info\": \"\",\n        \"isSelectable\": true,\n        \"\\\\7\": {\n          \"name\": \"rW$w \",\n          \"ay\": 2011,\n          \"assign\": \"jfNSxo?'\",\n          \"satisfy\": {\n            \"mc\": \"<=8\"\n          },\n          \"url\": \"https://6xiga7cac69m4ajna.j.cliwdwk/2/8/w/+ZG')7./.dMZr=%F3%98%9D%A64\",\n          \"info\": \"RF^R.a)]\",\n          \"isSelectable\": true\n        },\n        \"\": {\n          \"name\": \"ZpKPG0n\",\n          \"ay\": 2027,\n          \"match\": [],\n          \"satisfy\": \"\",\n          \"url\": \"https://v.9vm6gugw131ojteenvy088endizs01lce.taytwyu/'rpBvSL%F0%B6%A5%AF6/I;Z%F2%A5%8D%B8kOs+&\",\n          \"info\": \":HD8\"\n        },\n        \"<Zbs*\": {\n          \"name\": \"\",\n          \"ay\": 1956,\n          \"match\": {\n            \"and\": [\n              {\n                \"pattern\": \"IN66xE\",\n                \"info\": \"m'xz@DwL53\"\n              },\n              {\n                \"or\": []\n              },\n              {\n                \"pattern\": \"MI*80\",\n                \"exclude\": [],\n                \"info\": \"D\"\n              },\n              {\n                \"and\": [\n                  {\n                    \"and\": []\n                  },\n                  \"YM4\",\n                  {\n                    \"or\": [\n                      \"UT65*O\",\n                      {\n                        \"pattern\": \"LHU31\",\n                        \"exclude\": [\n                          \"XAB42\",\n                          \"MVZ8\",\n                          \"PD127P\",\n                          \"DIC807D\"\n                        ],\n                        \"info\": \";c8`u$Y2O\"\n                      },\n                      \"ED14V\",\n                      {\n                        \"pattern\": \"CIU4\",\n                        \"exclude\": [\n                          \"EDN8\",\n                          \"BU81S\"\n                        ],\n                        \"info\": \"sa\"\n                      }\n                    ]\n                  },\n                  {\n                    \"pattern\": \"JE7A\",\n                    \"exclude\": [],\n                    \"info\": \"oNFn*EAn \"\n                  }\n                ]\n              },\n              {\n                \"and\": [\n                  \"MH9**3\"\n                ]\n              }\n            ]\n          },\n          \"satisfy\": {\n            \"mc\": \"<=101\"\n          },\n          \"info\": \"\\\\\",\n          \"isSelectable\": true\n        },\n        \"!\": {\n          \"name\": \"B@f?H\",\n          \"ay\": 1951,\n          \"satisfy\": \";zf$y+\",\n          \"url\": \"https://9u-b9zqdf--y1ebbs8-77ubzhf11bbcn4p77az5cf8wbvph5oyte6v7-c.dxjf3kid7nksf.dxb/Mt6H.Urbl=/W%F1%A2%93%90%F0%B2%88%86%F4%8E%A2%A2wP%F1%AB%A1%B4c/V%F2%96%AE%AFL//r3EWQhmQB\",\n          \"info\": \"\",\n          \"isSelectable\": true\n        }\n      },\n      \"%{\": {\n        \"name\": \"\",\n        \"ay\": 1989,\n        \"assign\": [\n          \"\\\"VgKIZ\",\n          \"*lsikx*\"\n        ],\n        \"match\": [\n          {\n            \"or\": []\n          }\n        ],\n        \"url\": \"http://rgpziuirnjc2na.niuypikon/to@r:/7Nm&D/&8\",\n        \"info\": \"W\",\n        \"I<oN+]UlQ|\": {\n          \"name\": \"f.qkW\",\n          \"ay\": 1975,\n          \"match\": \"DJ21\",\n          \"satisfy\": [\n            {\n              \"or\": [\n                {\n                  \"and\": [\n                    {\n                      \"or\": [\n                        \"5{'rhe\"\n                      ]\n                    }\n                  ]\n                },\n                \"-.\\\\5 (1`f\",\n                \"r\",\n                {\n                  \"and\": []\n                },\n                {\n                  \"and\": [\n                    {\n                      \"mc\": \"<=102\"\n                    },\n                    \"~,}@\\\\J.2)\",\n                    \"Y^ap/\"\n                  ]\n                }\n              ]\n            },\n            {\n              \"and\": []\n            },\n            {\n              \"or\": [\n                \"&~bT\",\n                \"Vb$Uu^I\"\n              ]\n            }\n          ],\n          \"url\": \"http://6j9qyb8dz2kdu--h74uz8zw4mcyx5wm9dhd0x3tzc40c0ux.byq/E%F0%BD%9E%8B/H5G~*/X%F3%BA%98%ACv.4v/W9J=LWq2%F3%8F%8F%9EN/'bVQ/TS6hf\",\n          \"info\": \"EBO5=\",\n          \"isSelectable\": true,\n          \"DMdNB>SZ]A\": {\n            \"name\": \"YB\",\n            \"ay\": 1964,\n            \"assign\": [\n              \"#V6u cz1\",\n              \"ij6j<,1)]?\",\n              \"6\",\n              \"sn9W\"\n            ],\n            \"match\": {\n              \"pattern\": \"ATx64\",\n              \"exclude\": \"RPU7673\",\n              \"info\": \"Q:y\"\n            },\n            \"satisfy\": [\n              \"\",\n              {\n                \"and\": [\n                  {\n                    \"or\": [\n                      {\n                        \"mc\": \">=101\"\n                      },\n                      {\n                        \"and\": []\n                      },\n                      \"X\"\n                    ]\n                  },\n                  {\n                    \"or\": [\n                      \"[R:;AU,\"\n                    ]\n                  }\n                ]\n              },\n              {\n                \"or\": [\n                  {\n                    \"mc\": \">=129\"\n                  },\n                  {\n                    \"or\": [\n                      {\n                        \"mc\": \"<=58\"\n                      },\n                      {\n                        \"mc\": \"<=180\"\n                      }\n                    ]\n                  },\n                  {\n                    \"or\": [\n                      \"FR=SnT[LQx\",\n                      {\n                        \"and\": [\n                          \"Jr\\\"0W.\",\n                          \"_^0A!,\",\n                          {\n                            \"or\": [\n                              \"\",\n                              \"|4,\",\n                              \"^<4F|_\",\n                              \"7M+G<\",\n                              \"HL=mQ2\"\n                            ]\n                          }\n                        ]\n                      },\n                      \"?:PyJ$\",\n                      {\n                        \"mc\": \">=56\"\n                      }\n                    ]\n                  },\n                  {\n                    \"and\": [\n                      {\n                        \"or\": [\n                          {\n                            \"or\": []\n                          },\n                          \"b\",\n                          {\n                            \"and\": [\n                              \"r\",\n                              \"Spw\",\n                              \"aB/8GXX2-\"\n                            ]\n                          },\n                          \"\",\n                          \"04cma\"\n                        ]\n                      },\n                      \"T\",\n                      {\n                        \"or\": [\n                          \"=\",\n                          \"\\\"&4b I'F\"\n                        ]\n                      }\n                    ]\n                  }\n                ]\n              },\n              \"LDK#<Zo(\",\n              {\n                \"and\": [\n                  {\n                    \"mc\": \">=150\"\n                  },\n                  {\n                    \"or\": [\n                      {\n                        \"or\": [\n                          {\n                            \"or\": [\n                              {\n                                \"mc\": \"<=34\"\n                              },\n                              \"%{_z\\\\~,\",\n                              {\n                                \"or\": [\n                                  \"8:I(VW#F]F\",\n                                  \"iO~*dF\",\n                                  \"\",\n                                  \"Umc5cAx\"\n                                ]\n                              },\n                              \"Wr-fhAAm~k\"\n                            ]\n                          },\n                          \"\",\n                          \"'&fz=\"\n                        ]\n                      },\n                      \"`N\",\n                      \"Jc~t{\",\n                      {\n                        \"and\": []\n                      },\n                      {\n                        \"or\": [\n                          \"O3')\",\n                          {\n                            \"and\": [\n                              \"=#F{~|B_@\",\n                              \"Lk\",\n                              \"7#\",\n                              \"M@v7\"\n                            ]\n                          },\n                          {\n                            \"and\": []\n                          },\n                          \":18ag8V!\"\n                        ]\n                      }\n                    ]\n                  }\n                ]\n              }\n            ],\n            \"info\": \":(nxQ'\",\n            \"isSelectable\": true\n          },\n          \"v3@?T~9_i8\": {\n            \"name\": \"yk<Ms#zXA\",\n            \"ay\": 1989,\n            \"match\": {\n              \"or\": [\n                {\n                  \"pattern\": \"YKxF\",\n                  \"exclude\": \"WWG73x*\",\n                  \"info\": \"#1\"\n                },\n                \"SY7*7\",\n                \"OX27xx\"\n              ]\n            },\n            \"url\": \"http://t1yhp22s8tsolu4io0jw4-vonrrww75to99-sg6jaalcvthnc45f5m.93rt7am10vei.25cffvw28n5vuiky2ei12bpayrcf70s5xiaoj06.r2wggz810jlmw.qydtjbdk/C6%F1%BA%93%A1+r-7/UM/6)2WpaFd/'/(3Q%F1%A3%AA%B4a=-E/Bc8\",\n            \"isSelectable\": true\n          },\n          \"4X;lS\": {\n            \"name\": \"ouH[\",\n            \"ay\": 1982,\n            \"assign\": \"6|zg7Fs2B\",\n            \"match\": [\n              {\n                \"and\": [\n                  {\n                    \"or\": [\n                      \"HS2x9V\",\n                      \"ECY849V\",\n                      \"EZ*E\"\n                    ]\n                  },\n                  {\n                    \"or\": [\n                      {\n                        \"pattern\": \"DMS9\",\n                        \"exclude\": [\n                          \"WB64\"\n                        ],\n                        \"info\": \"K|jQi!R\"\n                      },\n                      {\n                        \"pattern\": \"FGA3S\",\n                        \"info\": \"z^K0+.h\"\n                      },\n                      \"RUxx0G\"\n                    ]\n                  },\n                  {\n                    \"and\": [\n                      {\n                        \"pattern\": \"AGFx\",\n                        \"info\": \"\"\n                      },\n                      {\n                        \"pattern\": \"OM24*4\",\n                        \"info\": \"n,\\\\W/:U\"\n                      },\n                      {\n                        \"pattern\": \"TW09*K\",\n                        \"exclude\": \"FH3\",\n                        \"info\": \"sAjsd\"\n                      }\n                    ]\n                  },\n                  {\n                    \"pattern\": \"QO0\",\n                    \"exclude\": [\n                      \"NXH35*G\",\n                      \"JCW17K\",\n                      \"ZRZ12x0\"\n                    ]\n                  },\n                  \"GZG68I\"\n                ]\n              },\n              {\n                \"or\": [\n                  {\n                    \"and\": []\n                  },\n                  {\n                    \"and\": []\n                  },\n                  {\n                    \"and\": [\n                      \"VHVx6x*L\",\n                      \"HP2x59\"\n                    ]\n                  }\n                ]\n              },\n              {\n                \"or\": [\n                  {\n                    \"pattern\": \"XT9F\",\n                    \"exclude\": [\n                      \"WO9xM\",\n                      \"RA8M\",\n                      \"KNH*2*3S\",\n                      \"HP7**4M\"\n                    ],\n                    \"info\": \"P]\"\n                  },\n                  {\n                    \"and\": [\n                      {\n                        \"and\": [\n                          \"ZVL16\",\n                          \"QLV5\",\n                          \"OOY36*Q\"\n                        ]\n                      },\n                      {\n                        \"pattern\": \"SOU*9\",\n                        \"exclude\": [\n                          \"XU3W\"\n                        ],\n                        \"info\": \"S;CW/zh\"\n                      },\n                      {\n                        \"and\": []\n                      },\n                      {\n                        \"or\": [\n                          \"WQ634Q\",\n                          {\n                            \"pattern\": \"KHR1\",\n                            \"info\": \"[\"\n                          }\n                        ]\n                      },\n                      {\n                        \"and\": [\n                          {\n                            \"or\": [\n                              \"MHG1590\",\n                              \"YP*49*I\",\n                              \"FC1V\",\n                              \"ZGI0\"\n                            ]\n                          },\n                          \"RSI90*3W\",\n                          \"FP463\",\n                          \"HEL9989\",\n                          \"AF1G\"\n                        ]\n                      }\n                    ]\n                  },\n                  \"CLV46L\",\n                  {\n                    \"pattern\": \"ORY7\",\n                    \"exclude\": \"HJ93*J\",\n                    \"info\": \"VK $l\\\"3<Uz\"\n                  }\n                ]\n              }\n            ],\n            \"satisfy\": [\n              {\n                \"or\": [\n                  {\n                    \"or\": [\n                      {\n                        \"or\": [\n                          \"ijh2\"\n                        ]\n                      },\n                      \"JL0p\",\n                      {\n                        \"mc\": \">=186\"\n                      }\n                    ]\n                  },\n                  {\n                    \"mc\": \"<=99\"\n                  },\n                  {\n                    \"or\": [\n                      \"@HbVLFY\",\n                      \"Ob>^/UWmR\",\n                      {\n                        \"or\": [\n                          {\n                            \"and\": [\n                              \"`(\",\n                              \"m\\\\6\\\"u%8z\",\n                              {\n                                \"and\": [\n                                  \"w\\\\yCbWy`\",\n                                  \"8\",\n                                  \"\\\"IbFL[Rw\"\n                                ]\n                              },\n                              {\n                                \"mc\": \">=159\"\n                              },\n                              \"h]_$O 8\"\n                            ]\n                          },\n                          \"'gSx:o\"\n                        ]\n                      },\n                      {\n                        \"mc\": \">=54\"\n                      }\n                    ]\n                  },\n                  {\n                    \"and\": [\n                      \"%kk5X [U0W\",\n                      {\n                        \"or\": [\n                          \"2'LM\"\n                        ]\n                      }\n                    ]\n                  }\n                ]\n              }\n            ],\n            \"url\": \"http://iyrp-7ys2jhve56cucvvdo4am11vwwvizfg.kytbcrieyz/qNng%F0%BF%8E%A4D3Kr/s!%F1%A6%BC%91Tf!S)1u//KS%F3%8F%97%AF=fO/)sIv/%F0%BF%81%B0zgpL/2B/mtK*jXA./v'RV%F3%80%89%AF/%F1%BB%B4%8C)@CX\",\n            \"info\": \"0egr|C\",\n            \"isSelectable\": true\n          }\n        }\n      }\n    }\n  },\n  {\n    \"title\": \"block sample 6\",\n    \"value\": {\n      \"ay\": 1960,\n      \"match\": {\n        \"or\": [\n          {\n            \"pattern\": \"SEF150O\",\n            \"exclude\": [\n              \"XN9*U\"\n            ],\n            \"info\": \"&?<5\"\n          }\n        ]\n      },\n      \"satisfy\": [],\n      \"url\": \"http://q.8.kjqdghxcl/(8/HP%F0%BE%BD%965l//ig%F0%B2%8A%B8\",\n      \"info\": \"0|\",\n      \"isSelectable\": true\n    }\n  },\n  {\n    \"title\": \"block sample 7\",\n    \"value\": {\n      \"name\": \"$%$\",\n      \"ay\": 1971,\n      \"assign\": \"p&XpV?W\",\n      \"match\": [\n        {\n          \"pattern\": \"DZP0*\",\n          \"exclude\": \"QBO5\",\n          \"info\": \"M||{|\"\n        }\n      ],\n      \"satisfy\": [\n        {\n          \"and\": [\n            {\n              \"or\": []\n            }\n          ]\n        },\n        \"$bYBC@-}>\"\n      ],\n      \"url\": \"http://c15p1718u77dk4052kfzx3ev0a5unf8so6l.abbl6dc2d5edee7hmba55k3cm490rc8v66dsyfc9dcez30c54b-7fec-fefd05.hh/*f:,e_;+:\",\n      \"info\": \"gl\",\n      \"*#OS%vKI\": {\n        \"name\": \"e4^L2y\",\n        \"ay\": 1995,\n        \"match\": [\n          {\n            \"pattern\": \"DR7381\",\n            \"exclude\": [\n              \"QSL28\",\n              \"COF4*S\",\n              \"QEW5\"\n            ],\n            \"info\": \"n,1A\"\n          },\n          \"ARN6480F\"\n        ],\n        \"satisfy\": {\n          \"and\": [\n            {\n              \"or\": []\n            }\n          ]\n        },\n        \"info\": \"8{p#;~`I\",\n        \"isSelectable\": true\n      },\n      \"{\": {\n        \"name\": \"w1`\",\n        \"ay\": 1995,\n        \"assign\": \"\",\n        \"match\": {\n          \"pattern\": \"WX1614\",\n          \"exclude\": [\n            \"KN2\",\n            \"SY7x\",\n            \"ZV04\"\n          ],\n          \"info\": \"\"\n        },\n        \"satisfy\": [\n          {\n            \"or\": [\n              {\n                \"or\": [\n                  {\n                    \"and\": [\n                      \"\\\\9]y\",\n                      {\n                        \"mc\": \">=39\"\n                      }\n                    ]\n                  },\n                  {\n                    \"or\": [\n                      \"<Wy[*e8[\",\n                      \"s:5RWI+3?H\"\n                    ]\n                  }\n                ]\n              },\n              {\n                \"mc\": \">=76\"\n              }\n            ]\n          },\n          {\n            \"mc\": \"<=157\"\n          },\n          {\n            \"and\": []\n          },\n          {\n            \"and\": [\n              {\n                \"or\": [\n                  {\n                    \"or\": [\n                      \"yUpw?0\",\n                      {\n                        \"mc\": \">=66\"\n                      }\n                    ]\n                  },\n                  {\n                    \"mc\": \"<=39\"\n                  },\n                  {\n                    \"mc\": \">=119\"\n                  }\n                ]\n              },\n              {\n                \"and\": [\n                  \"f\",\n                  {\n                    \"and\": [\n                      \"D;W,!!\",\n                      \"<*\",\n                      \"3$\",\n                      \"$\",\n                      \"^,!q+Y}E\"\n                    ]\n                  },\n                  {\n                    \"and\": [\n                      \"sCZpPE<98{\",\n                      {\n                        \"or\": [\n                          \"\"\n                        ]\n                      },\n                      \"dJM>KA@+q\",\n                      {\n                        \"or\": [\n                          \"&wK7(\",\n                          \" Y_\",\n                          \"-r]\",\n                          \"EhP\"\n                        ]\n                      },\n                      \"!>qJ@SW\"\n                    ]\n                  }\n                ]\n              }\n            ]\n          }\n        ],\n        \"url\": \"http://0loua17pe17fwh5wp6bhbay19tom59l6yqwvnd8thv6d969vq8n76id.dah1bokizkn643ug7w3brlqjj4jknyq85pz57ggrniv60i8b.ahbrwcyc/JL/nO7%F1%B7%B0%B05/4t%F3%82%98%AC1j~j9\",\n        \"info\": \"U\",\n        \"isSelectable\": true,\n        \"fwc<}0G&\": {\n          \"name\": \"~2,_W[%'x\",\n          \"ay\": 2006,\n          \"assign\": \"\",\n          \"match\": {\n            \"and\": [\n              {\n                \"and\": [\n                  \"ACD05\"\n                ]\n              },\n              {\n                \"and\": [\n                  \"EF0561\",\n                  {\n                    \"and\": [\n                      \"IT93\",\n                      {\n                        \"and\": [\n                          {\n                            \"pattern\": \"VD3B\",\n                            \"exclude\": \"VUK9T\",\n                            \"info\": \"J![Xl\"\n                          }\n                        ]\n                      },\n                      \"PH6x0\"\n                    ]\n                  }\n                ]\n              },\n              {\n                \"pattern\": \"AR7369\",\n                \"exclude\": [\n                  \"SO3\",\n                  \"JZ8O\",\n                  \"KI*1K\",\n                  \"TPA17\"\n                ],\n                \"info\": \"2RlO@6<z\"\n              },\n              {\n                \"and\": [\n                  \"ZD2158\",\n                  \"XD240I\",\n                  \"GP*33R\",\n                  {\n                    \"or\": [\n                      {\n                        \"pattern\": \"RT7\",\n                        \"exclude\": [\n                          \"HWD*xT\",\n                          \"TEE755J\",\n                          \"DX0781\",\n                          \"JQT1x**W\"\n                        ],\n                        \"info\": \"~Y\"\n                      },\n                      \"DG*187E\",\n                      \"BNY6\"\n                    ]\n                  },\n                  \"QLE6\"\n                ]\n              },\n              {\n                \"and\": []\n              }\n            ]\n          },\n          \"satisfy\": [\n            {\n              \"or\": []\n            },\n            {\n              \"and\": [\n                \"7hmNg_[}\",\n                {\n                  \"and\": [\n                    {\n                      \"mc\": \"<=185\"\n                    },\n                    \"=5w\"\n                  ]\n                }\n              ]\n            }\n          ],\n          \"url\": \"http://fkrc6y7-6e-5zvhidds5-5bf253xo-s7hs3kv2jr.1rjhybqbo6nukq-cqt-1g6z7np6rjaclavzvzybs02l4uwpm7cy7s3x3n.wwlbsw.ceg2lkaxuf87g9izs3qr4k7fmvz6sxdyv3-h2s.fmvstc/L/z2/MUZ:g~n/%F4%8E%A5%A6S%F0%91%81%8A/Hl%F2%9C%BC%B0UF/4/@TH5b/c@ObYb/R*_Za!fX7/IUET,Z\",\n          \"info\": \"l\",\n          \"isSelectable\": true\n        },\n        \">>1zhMA\": {\n          \"ay\": 2001,\n          \"assign\": \"-G1!\",\n          \"match\": {\n            \"or\": [\n              {\n                \"and\": [\n                  \"LP766*\",\n                  {\n                    \"or\": [\n                      \"CCX494A\",\n                      {\n                        \"or\": [\n                          \"KKQ6721Y\",\n                          \"YN56\"\n                        ]\n                      },\n                      \"UJX3\",\n                      {\n                        \"and\": [\n                          \"ZL7280F\",\n                          \"CZM9\",\n                          \"MRX9\",\n                          \"DZ856I\",\n                          {\n                            \"and\": [\n                              {\n                                \"or\": [\n                                  {\n                                    \"or\": [\n                                      \"OE6Y\",\n                                      \"TD*6A\",\n                                      \"KR*5G\",\n                                      \"BAZ27\",\n                                      \"HY*3\"\n                                    ]\n                                  },\n                                  {\n                                    \"and\": [\n                                      \"DP4\",\n                                      \"WWV980\",\n                                      \"CI262A\",\n                                      {\n                                        \"or\": []\n                                      },\n                                      \"DQB1591\"\n                                    ]\n                                  },\n                                  \"SU9\"\n                                ]\n                              }\n                            ]\n                          }\n                        ]\n                      },\n                      \"PWB9978\"\n                    ]\n                  },\n                  {\n                    \"pattern\": \"KM6616\",\n                    \"exclude\": []\n                  }\n                ]\n              },\n              {\n                \"pattern\": \"JBD014X\",\n                \"exclude\": \"QP64\",\n                \"info\": \"6\"\n              }\n            ]\n          },\n          \"satisfy\": [\n            \"c<=/%]D2=&\",\n            {\n              \"mc\": \"<=199\"\n            },\n            {\n              \"or\": [\n                {\n                  \"and\": [\n                    {\n                      \"mc\": \">=41\"\n                    }\n                  ]\n                },\n                \"D>>(_eVbb|\",\n                \"7A88h.~C\"\n              ]\n            },\n            {\n              \"mc\": \"<=83\"\n            }\n          ],\n          \"url\": \"http://9p8.v060wgkoepqg-3xhedhnv9vagkwgez.6c4ow7w4d9-qdjwa46dw-ov4v8tbj9cwufexu.pcibqxefvz/DDc/nj3g&/B6uH7rNpt(/&tM)My%F2%9B%84%AAl/$_S-yFy_uw/Zz:o%F1%B0%AB%B2@%F3%92%97%A7d/dD%F0%A5%99%9F!g2/toF~+9/~N8%F3%B7%9A%AD/\",\n          \"info\": \"*d+)/1\",\n          \"isSelectable\": true\n        },\n        \"&^8Ii~Xq\": {\n          \"name\": \"hzpQiHr6aY\",\n          \"ay\": 2017,\n          \"match\": [],\n          \"info\": \"Z$M\"\n        },\n        \"Jyc{\": {\n          \"name\": \"=\",\n          \"ay\": 1992,\n          \"assign\": [\n            \"L]Lt9'zLW\",\n            \"\",\n            \"RETM!7{+\"\n          ],\n          \"match\": [\n            {\n              \"or\": [\n                {\n                  \"or\": [\n                    {\n                      \"and\": [\n                        \"QUZ9\"\n                      ]\n                    },\n                    \"IGxC\",\n                    \"FWJ1x6S\",\n                    \"PQ7x0*\",\n                    {\n                      \"or\": [\n                        \"PF*\",\n                        {\n                          \"pattern\": \"MN98\",\n                          \"exclude\": [\n                            \"INQ1*\",\n                            \"THM*576U\",\n                            \"RX7Y\",\n                            \"TU5\",\n                            \"LYO3857\"\n                          ]\n                        },\n                        {\n                          \"pattern\": \"WA55\",\n                          \"info\": \"Hn`%dl/\"\n                        },\n                        {\n                          \"pattern\": \"LEO77*\",\n                          \"exclude\": [],\n                          \"info\": \"7`({OG\"\n                        }\n                      ]\n                    }\n                  ]\n                },\n                {\n                  \"pattern\": \"BKT2\",\n                  \"exclude\": [\n                    \"VJ80xG\"\n                  ],\n                  \"info\": \"MR\"\n                },\n                {\n                  \"or\": [\n                    \"RXB319xM\",\n                    \"OJW40M\",\n                    {\n                      \"and\": [\n                        {\n                          \"pattern\": \"OL0*\",\n                          \"info\": \"a+h]\"\n                        },\n                        \"AWx32*\",\n                        \"QS3013M\"\n                      ]\n                    },\n                    {\n                      \"and\": [\n                        {\n                          \"or\": [\n                            \"MOx*7\",\n                            \"ZRV0780U\"\n                          ]\n                        },\n                        \"UI*\"\n                      ]\n                    }\n                  ]\n                },\n                {\n                  \"and\": [\n                    \"AUW3H\"\n                  ]\n                }\n              ]\n            },\n            {\n              \"or\": [\n                {\n                  \"pattern\": \"QSU5x17A\",\n                  \"exclude\": [\n                    \"HQ2\"\n                  ],\n                  \"info\": \"7BB#83~@e\"\n                },\n                {\n                  \"and\": [\n                    \"VNW2\",\n                    {\n                      \"pattern\": \"AN3953\",\n                      \"exclude\": [\n                        \"NT6xH\",\n                        \"PF1604\",\n                        \"LJ*\",\n                        \"PM8*0\"\n                      ],\n                      \"info\": \"zYE9dF<f\"\n                    },\n                    {\n                      \"pattern\": \"TU31U\",\n                      \"exclude\": [\n                        \"VJ2260A\"\n                      ],\n                      \"info\": \"\"\n                    }\n                  ]\n                }\n              ]\n            },\n            {\n              \"or\": []\n            },\n            {\n              \"pattern\": \"NM6259J\",\n              \"exclude\": \"XP0572\"\n            }\n          ],\n          \"satisfy\": [\n            \"Rvp^vzGf\",\n            {\n              \"mc\": \">=47\"\n            },\n            {\n              \"or\": [\n                {\n                  \"and\": []\n                },\n                {\n                  \"mc\": \">=197\"\n                },\n                \"<-\",\n                {\n                  \"mc\": \">=152\"\n                },\n                \"T?.XBt~W\"\n              ]\n            },\n            {\n              \"mc\": \">=50\"\n            }\n          ],\n          \"url\": \"https://v476a8il6t9rms98hs8skcr2amhuovw9a77lfev1en71a130no5v3f-7n6nassk.a.2s.m.nzogx/n:8ypJg;&/=3mnH%F3%9E%A4%81!%F1%BB%BC%81/GII/%EE%B1%9DsG/&gDw\",\n          \"info\": \"FcPkw\",\n          \"isSelectable\": true\n        }\n      }\n    }\n  },\n  {\n    \"title\": \"block sample 8\",\n    \"value\": {\n      \"ay\": 2029,\n      \"assign\": [],\n      \"match\": {\n        \"pattern\": \"DO54\",\n        \"exclude\": [\n          \"ON6776F\",\n          \"DW642*M\",\n          \"TT**7J\",\n          \"TGZ98S\"\n        ],\n        \"info\": \" &\"\n      },\n      \"url\": \"https://68xi6z-p-aevi2rnszri18fvzna.c.uhfbwfthuu/Q+/RLI_p=/NjCduF\",\n      \"info\": \"%5 y\\\"& f{{\",\n      \"isSelectable\": true,\n      \"\": {\n        \"name\": \"5WDeIG\",\n        \"ay\": 1979,\n        \"assign\": \"sK+qz* \",\n        \"match\": [\n          \"ED13*O\",\n          {\n            \"pattern\": \"MB09W\",\n            \"exclude\": [\n              \"QE8x\",\n              \"IXJ31A\"\n            ],\n            \"info\": \"yMh|{$VH\"\n          },\n          {\n            \"pattern\": \"NL*6\",\n            \"exclude\": \"ZXOx8\",\n            \"info\": \"xHn{*1&^<\"\n          },\n          \"PK8786\"\n        ],\n        \"satisfy\": {\n          \"or\": [\n            {\n              \"mc\": \"<=87\"\n            },\n            {\n              \"mc\": \"<=41\"\n            }\n          ]\n        },\n        \"url\": \"http://t.j.b.d8iyfwsx4.6.gqdlig/in@irY32/%F4%83%99%A5,;op%F2%8C%86%B6A_u/W/%F1%B7%9C%89/lcE/mQ6/2ch:y/v%F0%9C%99%A3kdc5%F2%AE%9E%89,*Z\",\n        \"info\": \"toZ1vfX^\",\n        \"isSelectable\": true\n      },\n      \"F':Ls\": {\n        \"name\": \"fO\",\n        \"ay\": 1956,\n        \"assign\": [\n          \";Ou.va8=T\\\"\",\n          \"Z\"\n        ],\n        \"match\": [\n          {\n            \"pattern\": \"SZW5\",\n            \"exclude\": \"QM8637\",\n            \"info\": \"l2v -?\"\n          },\n          {\n            \"or\": []\n          }\n        ],\n        \"satisfy\": [\n          {\n            \"or\": [\n              {\n                \"or\": []\n              },\n              {\n                \"or\": [\n                  {\n                    \"or\": [\n                      {\n                        \"mc\": \">=145\"\n                      },\n                      {\n                        \"or\": [\n                          \"N/0vh2,a~|\",\n                          \"f50M\"\n                        ]\n                      },\n                      \"N,@q]B\\\"^\",\n                      \":A|\"\n                    ]\n                  },\n                  \"8~*Kuuxx\",\n                  \"Y-BvmZ\\\"FA\"\n                ]\n              },\n              \"XNme/F#$F}\"\n            ]\n          },\n          \"C:}&3tx-]o\",\n          {\n            \"mc\": \"<=167\"\n          },\n          {\n            \"and\": [\n              {\n                \"mc\": \"<=27\"\n              },\n              {\n                \"mc\": \">=118\"\n              },\n              {\n                \"or\": [\n                  \"c.{P\",\n                  \".wKz\"\n                ]\n              },\n              \"RW\",\n              {\n                \"mc\": \">=58\"\n              }\n            ]\n          },\n          {\n            \"mc\": \"<=81\"\n          }\n        ],\n        \"url\": \"https://6z1vmz3gbx9ylmstse-2ul2je4w1u-s1a999dyvn7kwkchhe.bo/B/\",\n        \"info\": \")1w.N1\",\n        \"isSelectable\": true,\n        \"a=_Wmwta\": {\n          \"ay\": 2029,\n          \"assign\": \"Z'\",\n          \"match\": {\n            \"pattern\": \"DQ7515\",\n            \"exclude\": [\n              \"DH*78F\",\n              \"DABx287\",\n              \"IX6117\"\n            ]\n          },\n          \"satisfy\": [\n            \"\",\n            {\n              \"and\": [\n                {\n                  \"and\": []\n                },\n                {\n                  \"or\": [\n                    \"P\\\"zeesZ\",\n                    {\n                      \"mc\": \">=187\"\n                    }\n                  ]\n                },\n                {\n                  \"or\": [\n                    {\n                      \"mc\": \">=122\"\n                    },\n                    {\n                      \"mc\": \"<=96\"\n                    }\n                  ]\n                },\n                {\n                  \"and\": [\n                    {\n                      \"and\": [\n                        \"`G1trc\",\n                        {\n                          \"and\": [\n                            \";CZt%e<\",\n                            \". c4\",\n                            \"-$\",\n                            \",yUCu-S2/,\"\n                          ]\n                        },\n                        \"sb\",\n                        \"4/e.;)$nd\"\n                      ]\n                    },\n                    \"~K0G2%qNC\",\n                    {\n                      \"mc\": \">=44\"\n                    }\n                  ]\n                }\n              ]\n            },\n            {\n              \"mc\": \">=191\"\n            },\n            {\n              \"or\": [\n                {\n                  \"or\": [\n                    {\n                      \"and\": [\n                        \"h{<'zJ\",\n                        \"O(YFlCz\",\n                        {\n                          \"or\": [\n                            \"X#\",\n                            \":yQX9DQ08%\",\n                            \"\\\"[l\\\"$Fz\\\"FY\",\n                            \"4;\",\n                            \"\"\n                          ]\n                        },\n                        \"\"\n                      ]\n                    }\n                  ]\n                },\n                {\n                  \"and\": [\n                    \"q\",\n                    {\n                      \"mc\": \">=3\"\n                    },\n                    {\n                      \"mc\": \"<=5\"\n                    },\n                    \"3!KD@nBB09\"\n                  ]\n                },\n                \"HU([U!;hw\"\n              ]\n            }\n          ],\n          \"url\": \"http://ch74cpm5ueg7kl3fgbfb9r5sgpehy2qj.g9k-77.bv7t30aymmh6b42v0-c7myqgfunyozo53ucbde.u7a50sdsqyvgzm3vih2j8seuq5eop.kafhbit/:Qs_%F2%8B%83%BCTWv9(/_dA%F4%86%BC%9D3R%F3%A9%94%8A/y:%F2%81%AB%96%F1%A0%83%8887Vi%F4%8A%95%A3e//a1/r/H%F2%AA%9E%B2k/7=4a3K/derAh*p%F2%9F%A2%92/paBX\",\n          \"info\": \"8%WHC!q!y\",\n          \"isSelectable\": true\n        },\n        \"!mj\\\\p\": {\n          \"ay\": 2012,\n          \"assign\": \"m\",\n          \"match\": [\n            \"DE345xH\",\n            {\n              \"or\": [\n                \"NYA93L\",\n                {\n                  \"pattern\": \"KPC1907A\",\n                  \"exclude\": \"ADB88\",\n                  \"info\": \"P|v?)'\\\\#=\"\n                },\n                {\n                  \"and\": [\n                    \"OJB439\",\n                    \"SAH939xK\"\n                  ]\n                },\n                {\n                  \"and\": [\n                    \"PRW98\"\n                  ]\n                },\n                {\n                  \"or\": [\n                    \"FY40S\",\n                    {\n                      \"pattern\": \"HCW4\",\n                      \"info\": \"_@\"\n                    },\n                    {\n                      \"pattern\": \"FLD8G\",\n                      \"exclude\": \"YQ75\",\n                      \"info\": \"o&1Mun8\"\n                    },\n                    \"MSSx39\"\n                  ]\n                }\n              ]\n            },\n            {\n              \"pattern\": \"ZZ9*\",\n              \"exclude\": [\n                \"JOx4G\",\n                \"JUZ1*32\",\n                \"JKIx\",\n                \"AYA8475\"\n              ],\n              \"info\": \"^?V\"\n            }\n          ],\n          \"satisfy\": [\n            {\n              \"and\": [\n                {\n                  \"or\": [\n                    \"-@7\",\n                    \"JE\",\n                    \"P!tnr&3\",\n                    {\n                      \"mc\": \">=174\"\n                    },\n                    \";EE:B\"\n                  ]\n                },\n                \"4%\"\n              ]\n            }\n          ],\n          \"url\": \"https://m25c7am4hag2gayu51ud5l2.i6ekv9a-2yi6mivuhxsovfpvw6lor.4.95j5qlsyjgnr0jwahjbsl-09wb13f5jtyxt73r3s886cmsx6adhwfyxg6vtl.nvads/%F4%8D%9C%82E/60Gv8E8vf/ef0\",\n          \"info\": \"H\",\n          \"isSelectable\": true\n        },\n        \"^LJ3TSs\": {\n          \"name\": \"sh g.>Z\",\n          \"ay\": 2006,\n          \"assign\": \"![L5\",\n          \"match\": {\n            \"or\": [\n              \"JKT520Y\",\n              {\n                \"pattern\": \"UZ1\",\n                \"exclude\": \"QPU9\",\n                \"info\": \"E'`zfn_g-@\"\n              }\n            ]\n          },\n          \"satisfy\": [\n            \"M<\",\n            {\n              \"mc\": \">=124\"\n            }\n          ],\n          \"url\": \"http://n142.3.i7yt-9weje9kx4ukjre6cd3elypkq4u9a5fb63znninwfo34mcs9f.uimrj/d.%F0%AE%8C%96QWc_\",\n          \"isSelectable\": true\n        }\n      },\n      \"E2r,@r_=9\": {\n        \"name\": \"OqzTAC}m)\",\n        \"ay\": 1976,\n        \"assign\": [\n          \"V0/'+B\\\\M\",\n          \"\",\n          \"CXDKfh\",\n          \"9.-l_G\",\n          \"6Lplr<\"\n        ],\n        \"match\": {\n          \"and\": []\n        },\n        \"satisfy\": {\n          \"or\": [\n            {\n              \"mc\": \">=16\"\n            },\n            \".T%$N\"\n          ]\n        },\n        \"url\": \"https://la1bqijmfonwc58pk32t3.fi9x2kamcn9ktmrukc1hbq8sbp.cqz/Lqd7dH/mn%F1%AA%96%A2iNLX/B_/d%F1%BB%83%86-0/_T/%F4%8F%95%82Xyo\",\n        \"isSelectable\": true\n      }\n    }\n  },\n  {\n    \"title\": \"block sample 9\",\n    \"value\": {\n      \"ay\": 1959,\n      \"assign\": \"x\",\n      \"satisfy\": [\n        {\n          \"mc\": \">=150\"\n        },\n        {\n          \"or\": [\n            \"ks$U\\\\\",\n            \"36toM2\",\n            {\n              \"and\": [\n                \"dX\"\n              ]\n            },\n            {\n              \"mc\": \">=55\"\n            },\n            {\n              \"mc\": \">=113\"\n            }\n          ]\n        }\n      ],\n      \"url\": \"https://8rjh9o23mhdkfnz1l8-6bhww0p7tb4h7jeg5k.u894z5vz5863krys.etebgagb//p2xu\",\n      \"info\": \";4\",\n      \"isSelectable\": true\n    }\n  }\n]",
              "code": "fast_check_1.sample(index_test_2.block, 10).forEach((sample, i) => addContext_1.default(this, {\n    title: `block sample ${i}`,\n    value: sample,\n}));\nreturn fast_check_1.assert(fast_check_1.property(index_test_2.block, ajvValidate));",
              "err": {},
              "uuid": "4c5522e5-9c7f-4a2a-bc44-7ed2c1306b41",
              "parentUUID": "52303b6d-687e-4b1d-9d5c-017dd4add98d",
              "isHook": false,
              "skipped": false
            },
            {
              "title": "should not validate non-object",
              "fullTitle": "blockSchema should not validate non-object",
              "timedOut": false,
              "duration": 2,
              "state": "passed",
              "speed": "fast",
              "pass": true,
              "fail": false,
              "pending": false,
              "context": null,
              "code": "const error = {\n    instancePath: \"\",\n    message: \"block should be an object\",\n};\nisInvalidBlock(null, error);\nisInvalidBlock(undefined, error);\nisInvalidBlock(10, error);\nisInvalidBlock([12, 24], error);\nisInvalidBlock(\"abc\", error);",
              "err": {},
              "uuid": "7f804fab-3865-4998-9180-23555d57ee79",
              "parentUUID": "52303b6d-687e-4b1d-9d5c-017dd4add98d",
              "isHook": false,
              "skipped": false
            },
            {
              "title": "should not validate block with invalid properties",
              "fullTitle": "blockSchema should not validate block with invalid properties",
              "timedOut": false,
              "duration": 0,
              "state": "passed",
              "speed": "fast",
              "pass": true,
              "fail": false,
              "pending": false,
              "context": null,
              "code": "isInvalidBlock({\n        name: { foo: \"bar\" },\n        ay: -1000,\n        assign: {},\n        match: 1,\n        satisfy: 2,\n        url: { abc: \"def\" },\n        info: 42,\n        isSelectable: 32,\n    }, { instancePath: \"/name\", message: \"property 'name' should be a string\" }, {\n        instancePath: \"/ay\",\n        message: \"property 'ay' should be a positive integer\",\n    }, {\n        instancePath: \"/assign\",\n        message: \"property 'assign' should be either a block ID or an array of block IDs\",\n    }, {\n        instancePath: \"/match\",\n        message: \"property 'match' should be either a match rule or an array of match rules\",\n    }, {\n        instancePath: \"/satisfy\",\n        message: \"property 'satisfy' should be either a satisfy rule or an array of satisfy rules\",\n    }, { instancePath: \"/url\", message: \"property 'url' should be a string\" }, { instancePath: \"/info\", message: \"property 'info' should be a string\" }, {\n        instancePath: \"/isSelectable\",\n        message: \"property 'isSelectable' should be a boolean\",\n    })",
              "err": {},
              "uuid": "657d7d84-9f3e-4630-a11b-97091da4a25e",
              "parentUUID": "52303b6d-687e-4b1d-9d5c-017dd4add98d",
              "isHook": false,
              "skipped": false
            }
          ],
          "suites": [],
          "passes": [
            "4c5522e5-9c7f-4a2a-bc44-7ed2c1306b41",
            "7f804fab-3865-4998-9180-23555d57ee79",
            "657d7d84-9f3e-4630-a11b-97091da4a25e"
          ],
          "failures": [],
          "pending": [],
          "skipped": [],
          "duration": 173,
          "root": false,
          "rootEmpty": false,
          "_timeout": 2000
        },
        {
          "uuid": "2c0565ea-0dc5-4f22-94b5-dbc941593769",
          "title": "patternToRE",
          "fullFile": "/home/runner/work/planwithus-lib/planwithus-lib/src/matchRule/pattern/satisfiers.test.ts",
          "file": "/src/matchRule/pattern/satisfiers.test.ts",
          "beforeHooks": [],
          "afterHooks": [],
          "tests": [
            {
              "title": "should match valid modules with a single pattern",
              "fullTitle": "patternToRE should match valid modules with a single pattern",
              "timedOut": false,
              "duration": 13,
              "state": "passed",
              "speed": "fast",
              "pass": true,
              "fail": false,
              "pending": false,
              "context": "[\n  {\n    \"title\": \"patternExampleList sample 0\",\n    \"value\": [\n      \"QC478D\",\n      [\n        \"QC478D\"\n      ]\n    ]\n  },\n  {\n    \"title\": \"patternExampleList sample 1\",\n    \"value\": [\n      \"RC6745\",\n      [\n        \"RC6745\"\n      ]\n    ]\n  },\n  {\n    \"title\": \"patternExampleList sample 2\",\n    \"value\": [\n      \"GC3L\",\n      [\n        \"GC3L\"\n      ]\n    ]\n  },\n  {\n    \"title\": \"patternExampleList sample 3\",\n    \"value\": [\n      \"JF6603\",\n      [\n        \"JF6603\"\n      ]\n    ]\n  },\n  {\n    \"title\": \"patternExampleList sample 4\",\n    \"value\": [\n      \"HOx60\",\n      [\n        \"HO660\",\n        \"HO460\",\n        \"HO360\",\n        \"HO260\",\n        \"HO860\",\n        \"HO160\",\n        \"HO760\",\n        \"HO960\",\n        \"HO560\"\n      ]\n    ]\n  },\n  {\n    \"title\": \"patternExampleList sample 5\",\n    \"value\": [\n      \"ZM**\",\n      [\n        \"ZM9ZE6I08Y1S\",\n        \"ZMAXVCHRUDS0EH\",\n        \"ZMN\"\n      ]\n    ]\n  },\n  {\n    \"title\": \"patternExampleList sample 6\",\n    \"value\": [\n      \"IPJ5\",\n      [\n        \"IPJ5\"\n      ]\n    ]\n  },\n  {\n    \"title\": \"patternExampleList sample 7\",\n    \"value\": [\n      \"CMF4\",\n      [\n        \"CMF4\"\n      ]\n    ]\n  },\n  {\n    \"title\": \"patternExampleList sample 8\",\n    \"value\": [\n      \"JNX01E\",\n      [\n        \"JNX01E\"\n      ]\n    ]\n  },\n  {\n    \"title\": \"patternExampleList sample 9\",\n    \"value\": [\n      \"KED3455G\",\n      [\n        \"KED3455G\"\n      ]\n    ]\n  }\n]",
              "code": "fast_check_1.sample(index_test_1.patternExampleList, 10).forEach((sample, i) => addContext_1.default(this, {\n    title: `patternExampleList sample ${i}`,\n    value: sample,\n}));\nreturn fast_check_1.assert(fast_check_1.property(index_test_1.patternExampleList, ([patternStr, examples]) => {\n    const re = _1.patternToRE(patternStr);\n    return examples.every(re.test.bind(re));\n}));",
              "err": {},
              "uuid": "4a9b1171-c7f3-42d6-bbb6-f0afc7bec2ca",
              "parentUUID": "2c0565ea-0dc5-4f22-94b5-dbc941593769",
              "isHook": false,
              "skipped": false
            },
            {
              "title": "should match valid modules with multiple patterns",
              "fullTitle": "patternToRE should match valid modules with multiple patterns",
              "timedOut": false,
              "duration": 53,
              "state": "passed",
              "speed": "medium",
              "pass": true,
              "fail": false,
              "pending": false,
              "context": "[\n  {\n    \"title\": \"patternExampleListArray sample 0\",\n    \"value\": [\n      [\n        \"SPG*O\",\n        [\n          \"SPG85O\",\n          \"SPG3CUSM5ZO\",\n          \"SPG3O\",\n          \"SPG4OI9G0O\",\n          \"SPGO\",\n          \"SPGGQ6040IO\"\n        ]\n      ],\n      [\n        \"NSBx31Q\",\n        [\n          \"NSB031Q\",\n          \"NSB431Q\",\n          \"NSB931Q\",\n          \"NSB531Q\"\n        ]\n      ],\n      [\n        \"XIT6x7\",\n        [\n          \"XIT687\",\n          \"XIT667\",\n          \"XIT647\"\n        ]\n      ]\n    ]\n  },\n  {\n    \"title\": \"patternExampleListArray sample 1\",\n    \"value\": [\n      [\n        \"CN75\",\n        [\n          \"CN75\"\n        ]\n      ],\n      [\n        \"UM*686D\",\n        [\n          \"UMHOAPKJ686D\",\n          \"UMZV686D\",\n          \"UMRH9L686D\",\n          \"UM3686D\",\n          \"UMG9I686D\"\n        ]\n      ],\n      [\n        \"RN*M\",\n        [\n          \"RNM\",\n          \"RNO18DYM\",\n          \"RNWSLM\"\n        ]\n      ]\n    ]\n  },\n  {\n    \"title\": \"patternExampleListArray sample 2\",\n    \"value\": [\n      [\n        \"YAx31R\",\n        [\n          \"YA431R\"\n        ]\n      ],\n      [\n        \"LKL284Z\",\n        [\n          \"LKL284Z\"\n        ]\n      ],\n      [\n        \"FJGx4\",\n        [\n          \"FJG14\",\n          \"FJG94\",\n          \"FJG44\",\n          \"FJG64\",\n          \"FJG24\",\n          \"FJG74\",\n          \"FJG04\",\n          \"FJG34\",\n          \"FJG54\",\n          \"FJG84\"\n        ]\n      ],\n      [\n        \"WS121*\",\n        [\n          \"WS121AGY0XVA\",\n          \"WS121PQXK\",\n          \"WS121K7\",\n          \"WS121\",\n          \"WS1210EVIIJ2\",\n          \"WS121PFS2\",\n          \"WS1213RW3642\",\n          \"WS121QX\",\n          \"WS121RYNL3Q\",\n          \"WS121IHP8N\",\n          \"WS1213F\",\n          \"WS121IRS\"\n        ]\n      ],\n      [\n        \"MAK7U\",\n        [\n          \"MAK7U\"\n        ]\n      ],\n      [\n        \"ENN7K\",\n        [\n          \"ENN7K\"\n        ]\n      ],\n      [\n        \"RGN7\",\n        [\n          \"RGN7\"\n        ]\n      ],\n      [\n        \"EW04xY\",\n        [\n          \"EW048Y\",\n          \"EW049Y\",\n          \"EW043Y\",\n          \"EW047Y\",\n          \"EW045Y\",\n          \"EW046Y\",\n          \"EW042Y\",\n          \"EW044Y\",\n          \"EW040Y\"\n        ]\n      ],\n      [\n        \"WALx069S\",\n        [\n          \"WAL2069S\",\n          \"WAL1069S\",\n          \"WAL8069S\",\n          \"WAL0069S\",\n          \"WAL3069S\",\n          \"WAL4069S\",\n          \"WAL5069S\",\n          \"WAL6069S\",\n          \"WAL9069S\"\n        ]\n      ],\n      [\n        \"TKT0\",\n        [\n          \"TKT0\"\n        ]\n      ],\n      [\n        \"ORS3634I\",\n        [\n          \"ORS3634I\"\n        ]\n      ]\n    ]\n  },\n  {\n    \"title\": \"patternExampleListArray sample 3\",\n    \"value\": [\n      [\n        \"UY5J\",\n        [\n          \"UY5J\"\n        ]\n      ],\n      [\n        \"VI98*2\",\n        [\n          \"VI98B2\"\n        ]\n      ],\n      [\n        \"HB0\",\n        [\n          \"HB0\"\n        ]\n      ],\n      [\n        \"HV6\",\n        [\n          \"HV6\"\n        ]\n      ],\n      [\n        \"VPD8I\",\n        [\n          \"VPD8I\"\n        ]\n      ],\n      [\n        \"YSH9149K\",\n        [\n          \"YSH9149K\"\n        ]\n      ]\n    ]\n  },\n  {\n    \"title\": \"patternExampleListArray sample 4\",\n    \"value\": [\n      [\n        \"ENF4\",\n        [\n          \"ENF4\"\n        ]\n      ],\n      [\n        \"ULE409\",\n        [\n          \"ULE409\"\n        ]\n      ],\n      [\n        \"IXx2H\",\n        [\n          \"IX92H\",\n          \"IX62H\",\n          \"IX22H\",\n          \"IX32H\",\n          \"IX52H\"\n        ]\n      ],\n      [\n        \"DX2163E\",\n        [\n          \"DX2163E\"\n        ]\n      ]\n    ]\n  },\n  {\n    \"title\": \"patternExampleListArray sample 5\",\n    \"value\": [\n      [\n        \"DBQ86B\",\n        [\n          \"DBQ86B\"\n        ]\n      ],\n      [\n        \"FU*\",\n        [\n          \"FUC35IBR\",\n          \"FUTS\",\n          \"FUKF\",\n          \"FULE\",\n          \"FUW5VNW7H8\",\n          \"FUVPONLAZW\"\n        ]\n      ],\n      [\n        \"FOD58\",\n        [\n          \"FOD58\"\n        ]\n      ],\n      [\n        \"SP863\",\n        [\n          \"SP863\"\n        ]\n      ]\n    ]\n  },\n  {\n    \"title\": \"patternExampleListArray sample 6\",\n    \"value\": [\n      [\n        \"NZ16\",\n        [\n          \"NZ16\"\n        ]\n      ],\n      [\n        \"PQZ59B\",\n        [\n          \"PQZ59B\"\n        ]\n      ],\n      [\n        \"WG789*\",\n        [\n          \"WG7896NUY03\",\n          \"WG789N3L6WS\",\n          \"WG789SGAK\",\n          \"WG789S0\",\n          \"WG7895086F5\",\n          \"WG789JW\",\n          \"WG789X\",\n          \"WG789K2XM83XH\",\n          \"WG789QKI\"\n        ]\n      ],\n      [\n        \"HWR356x\",\n        [\n          \"HWR3564\",\n          \"HWR3569\",\n          \"HWR3566\",\n          \"HWR3563\"\n        ]\n      ],\n      [\n        \"AE89*P\",\n        [\n          \"AE89P\"\n        ]\n      ],\n      [\n        \"AYN6\",\n        [\n          \"AYN6\"\n        ]\n      ],\n      [\n        \"VIJ4H\",\n        [\n          \"VIJ4H\"\n        ]\n      ]\n    ]\n  },\n  {\n    \"title\": \"patternExampleListArray sample 7\",\n    \"value\": [\n      [\n        \"ON31*1\",\n        [\n          \"ON311\",\n          \"ON31XKM4KY5G1\",\n          \"ON31APZTGG11\"\n        ]\n      ],\n      [\n        \"WM7\",\n        [\n          \"WM7\"\n        ]\n      ],\n      [\n        \"KH1Z\",\n        [\n          \"KH1Z\"\n        ]\n      ],\n      [\n        \"YE33x\",\n        [\n          \"YE334\"\n        ]\n      ]\n    ]\n  },\n  {\n    \"title\": \"patternExampleListArray sample 8\",\n    \"value\": [\n      [\n        \"UU12\",\n        [\n          \"UU12\"\n        ]\n      ],\n      [\n        \"KBP3*E\",\n        [\n          \"KBP3V3E\"\n        ]\n      ],\n      [\n        \"VO6H\",\n        [\n          \"VO6H\"\n        ]\n      ],\n      [\n        \"WF*\",\n        [\n          \"WFIY\",\n          \"WF\"\n        ]\n      ],\n      [\n        \"HFV5289H\",\n        [\n          \"HFV5289H\"\n        ]\n      ],\n      [\n        \"TXL90*B\",\n        [\n          \"TXL90CHZQ1UB\",\n          \"TXL90R95ILD9LB\",\n          \"TXL90MB\",\n          \"TXL90D50B\",\n          \"TXL90LN9UB\",\n          \"TXL907YAB\",\n          \"TXL908NM5ITBB\"\n        ]\n      ],\n      [\n        \"TVQxY\",\n        [\n          \"TVQ8Y\"\n        ]\n      ]\n    ]\n  },\n  {\n    \"title\": \"patternExampleListArray sample 9\",\n    \"value\": [\n      [\n        \"PST9\",\n        [\n          \"PST9\"\n        ]\n      ],\n      [\n        \"NM14\",\n        [\n          \"NM14\"\n        ]\n      ],\n      [\n        \"NP8\",\n        [\n          \"NP8\"\n        ]\n      ],\n      [\n        \"ZO7*4*\",\n        [\n          \"ZO7GE9MSY4C\",\n          \"ZO7J47CV\",\n          \"ZO7OI5YIQIF4U\",\n          \"ZO7K584T4O6RV\",\n          \"ZO7BFQDTQJZ4I\"\n        ]\n      ]\n    ]\n  }\n]",
              "code": "const patternExampleListArray = fast_check_1.array(index_test_1.patternExampleList, { minLength: 1 });\nfast_check_1.sample(patternExampleListArray, 10).forEach((sample, i) => addContext_1.default(this, {\n    title: `patternExampleListArray sample ${i}`,\n    value: sample,\n}));\nreturn fast_check_1.assert(fast_check_1.property(patternExampleListArray, (ts) => {\n    const re = _1.patternToRE(...ts.map(([patternStr]) => patternStr));\n    return ts\n        .map(([, examples]) => examples)\n        .flat()\n        .every(re.test.bind(re));\n}));",
              "err": {},
              "uuid": "b06cb208-f9c7-4913-b5a7-7a7aaa33c894",
              "parentUUID": "2c0565ea-0dc5-4f22-94b5-dbc941593769",
              "isHook": false,
              "skipped": false
            },
            {
              "title": "should not match x to non-number",
              "fullTitle": "patternToRE should not match x to non-number",
              "timedOut": false,
              "duration": 0,
              "state": "passed",
              "speed": "fast",
              "pass": true,
              "fail": false,
              "pending": false,
              "context": null,
              "code": "const re = _1.patternToRE(\"x\");\n[\"A\", \"Z\", \"c\", \"#\"].forEach((example) => isInvalidExample(re, example));",
              "err": {},
              "uuid": "0503100d-4085-4f90-b857-b5dc27a6cfec",
              "parentUUID": "2c0565ea-0dc5-4f22-94b5-dbc941593769",
              "isHook": false,
              "skipped": false
            },
            {
              "title": "should not match * to a substring composed of characters other than A-Z and 0-9",
              "fullTitle": "patternToRE should not match * to a substring composed of characters other than A-Z and 0-9",
              "timedOut": false,
              "duration": 0,
              "state": "passed",
              "speed": "fast",
              "pass": true,
              "fail": false,
              "pending": false,
              "context": null,
              "code": "const re = _1.patternToRE(\"*\");\n[\"c\", \"Ac\", \"cA\", \"0Ax\", \"x0A\", \"BA#\", \"#AB\"].forEach((example) => isInvalidExample(re, example));",
              "err": {},
              "uuid": "ae1c7067-6540-4782-bafb-821e60f40afc",
              "parentUUID": "2c0565ea-0dc5-4f22-94b5-dbc941593769",
              "isHook": false,
              "skipped": false
            },
            {
              "title": "should not match substrings",
              "fullTitle": "patternToRE should not match substrings",
              "timedOut": false,
              "duration": 0,
              "state": "passed",
              "speed": "fast",
              "pass": true,
              "fail": false,
              "pending": false,
              "context": null,
              "code": "const re = _1.patternToRE(\"A*xC\");\n[\"A1CZ\", \"AC1CZ\", \"ZA1C\", \"ZAC1C\", \"ZA1CZ\", \"ZAC1CZ\"].forEach((example) => isInvalidExample(re, example));",
              "err": {},
              "uuid": "f32e6439-bf2f-4767-a777-70f138eaaab2",
              "parentUUID": "2c0565ea-0dc5-4f22-94b5-dbc941593769",
              "isHook": false,
              "skipped": false
            }
          ],
          "suites": [],
          "passes": [
            "4a9b1171-c7f3-42d6-bbb6-f0afc7bec2ca",
            "b06cb208-f9c7-4913-b5a7-7a7aaa33c894",
            "0503100d-4085-4f90-b857-b5dc27a6cfec",
            "ae1c7067-6540-4782-bafb-821e60f40afc",
            "f32e6439-bf2f-4767-a777-70f138eaaab2"
          ],
          "failures": [],
          "pending": [],
          "skipped": [],
          "duration": 66,
          "root": false,
          "rootEmpty": false,
          "_timeout": 2000
        },
        {
          "uuid": "aee6c95a-03b2-41bb-a10a-fa73b71be421",
          "title": "patternSatisfier",
          "fullFile": "/home/runner/work/planwithus-lib/planwithus-lib/src/matchRule/pattern/satisfiers.test.ts",
          "file": "/src/matchRule/pattern/satisfiers.test.ts",
          "beforeHooks": [],
          "afterHooks": [],
          "tests": [
            {
              "title": "should assign all modules with *",
              "fullTitle": "patternSatisfier should assign all modules with *",
              "timedOut": false,
              "duration": 0,
              "state": "passed",
              "speed": "fast",
              "pass": true,
              "fail": false,
              "pending": false,
              "context": null,
              "code": "const { assign } = satisfiers_1.patternSatisfier(ref, \"*\");\nisCorrectAssign(assign, modulesList1, modulesList1.map(([moduleStr]) => moduleStr));",
              "err": {},
              "uuid": "4b00b1f4-0af4-49ba-a78b-4cd92e7556e1",
              "parentUUID": "aee6c95a-03b2-41bb-a10a-fa73b71be421",
              "isHook": false,
              "skipped": false
            },
            {
              "title": "should assign only valid modules with pattern containing *",
              "fullTitle": "patternSatisfier should assign only valid modules with pattern containing *",
              "timedOut": false,
              "duration": 1,
              "state": "passed",
              "speed": "fast",
              "pass": true,
              "fail": false,
              "pending": false,
              "context": null,
              "code": "const { assign } = satisfiers_1.patternSatisfier(ref, \"CS2*\");\nisCorrectAssign(assign, modulesList1, [\"CS2100\", \"CS2040S\", \"CS2030\"]);",
              "err": {},
              "uuid": "13e1f5f7-5ae1-4cbf-a7d5-1a2512c0e49a",
              "parentUUID": "aee6c95a-03b2-41bb-a10a-fa73b71be421",
              "isHook": false,
              "skipped": false
            },
            {
              "title": "should assign only valid modules with pattern containing x",
              "fullTitle": "patternSatisfier should assign only valid modules with pattern containing x",
              "timedOut": false,
              "duration": 0,
              "state": "passed",
              "speed": "fast",
              "pass": true,
              "fail": false,
              "pending": false,
              "context": null,
              "code": "const { assign } = satisfiers_1.patternSatisfier(ref, \"CS20xx\");\nisCorrectAssign(assign, modulesList1, [\"CS2030\"]);",
              "err": {},
              "uuid": "a5bf8487-df43-4d3e-afbd-6b5cfed9fe13",
              "parentUUID": "aee6c95a-03b2-41bb-a10a-fa73b71be421",
              "isHook": false,
              "skipped": false
            },
            {
              "title": "should assign only valid modules with pattern containing x and *",
              "fullTitle": "patternSatisfier should assign only valid modules with pattern containing x and *",
              "timedOut": false,
              "duration": 0,
              "state": "passed",
              "speed": "fast",
              "pass": true,
              "fail": false,
              "pending": false,
              "context": null,
              "code": "const { assign } = satisfiers_1.patternSatisfier(ref, \"CS20xx*\");\nisCorrectAssign(assign, modulesList1, [\"CS2040S\", \"CS2030\"]);",
              "err": {},
              "uuid": "4ab1d840-5ecc-4d88-b4c7-7d45b213736e",
              "parentUUID": "aee6c95a-03b2-41bb-a10a-fa73b71be421",
              "isHook": false,
              "skipped": false
            }
          ],
          "suites": [],
          "passes": [
            "4b00b1f4-0af4-49ba-a78b-4cd92e7556e1",
            "13e1f5f7-5ae1-4cbf-a7d5-1a2512c0e49a",
            "a5bf8487-df43-4d3e-afbd-6b5cfed9fe13",
            "4ab1d840-5ecc-4d88-b4c7-7d45b213736e"
          ],
          "failures": [],
          "pending": [],
          "skipped": [],
          "duration": 1,
          "root": false,
          "rootEmpty": false,
          "_timeout": 2000
        },
        {
          "uuid": "d3b16165-208a-45cf-b1ff-b69cc4a8dfec",
          "title": "patternSchema",
          "fullFile": "/home/runner/work/planwithus-lib/planwithus-lib/src/matchRule/pattern/schemas.test.ts",
          "file": "/src/matchRule/pattern/schemas.test.ts",
          "beforeHooks": [],
          "afterHooks": [],
          "tests": [
            {
              "title": "should validate non-empty pattern composed of A-Z, 0-9, x or *",
              "fullTitle": "patternSchema should validate non-empty pattern composed of A-Z, 0-9, x or *",
              "timedOut": false,
              "duration": 1,
              "state": "passed",
              "speed": "fast",
              "pass": true,
              "fail": false,
              "pending": false,
[...]
              "fullTitle": "inequalitySatisfier should truncate list of modules with upper bound of MCs, cutting off at the minimum starting sequence that exceeds upper bound, if total MC count is higher and there exists no starting sequence with exact MC count",
              "timedOut": false,
              "duration": 1,
              "state": "passed",
              "speed": "fast",
              "pass": true,
              "fail": false,
              "pending": false,
              "context": null,
              "code": "const satisfier = satisfiers_1.inequalitySatisfier(ref, \"<=17\");\nsatisfier.should.have.property(\"filter\");\nconst { filter } = satisfier;\nisCorrectFilter(filter, modulesList1, [\n    \"CS2100\",\n    \"GER1000\",\n    \"CS2040S\",\n    \"ST2131\",\n    \"MA1521\",\n]);",
              "err": {},
              "uuid": "2ffc301a-0f08-4bca-8941-c7b5496d3deb",
              "parentUUID": "bf0763e3-f200-482a-977c-4bdb392678bb",
              "isHook": false,
              "skipped": false
            }
          ],
          "suites": [],
          "passes": [
            "15351c9a-dd9b-4522-809f-9ea5ccf5b655",
            "85789635-c5a0-4e0c-8f5a-df920f9ece84",
            "ac26fbca-ffb4-4ed0-babc-75011091356b",
            "9d05ac02-63e7-4529-be18-31512961f23b",
            "650bbea4-294f-4638-bb38-57bf964d9780",
            "c64012ea-e102-46fc-85f7-313a3f917a5d",
            "2ffc301a-0f08-4bca-8941-c7b5496d3deb"
          ],
          "failures": [],
          "pending": [],
          "skipped": [],
          "duration": 3,
          "root": false,
          "rootEmpty": false,
          "_timeout": 2000
        },
        {
          "uuid": "42056adf-942c-41b3-a27a-bc105c8d8ac4",
          "title": "inequalitySchema",
          "fullFile": "/home/runner/work/planwithus-lib/planwithus-lib/src/satisfyRule/inequality/schemas.test.ts",
          "file": "/src/satisfyRule/inequality/schemas.test.ts",
          "beforeHooks": [],
          "afterHooks": [],
          "tests": [
            {
              "title": "should validate inequality in the form <=n or >=n",
              "fullTitle": "inequalitySchema should validate inequality in the form <=n or >=n",
              "timedOut": false,
              "duration": 1,
              "state": "passed",
              "speed": "fast",
              "pass": true,
              "fail": false,
              "pending": false,
              "context": "[\n  {\n    \"title\": \"inequality sample 0\",\n    \"value\": \"<=133\"\n  },\n  {\n    \"title\": \"inequality sample 1\",\n    \"value\": \"<=6\"\n  },\n  {\n    \"title\": \"inequality sample 2\",\n    \"value\": \"<=66\"\n  },\n  {\n    \"title\": \"inequality sample 3\",\n    \"value\": \">=193\"\n  },\n  {\n    \"title\": \"inequality sample 4\",\n    \"value\": \"<=184\"\n  },\n  {\n    \"title\": \"inequality sample 5\",\n    \"value\": \"<=32\"\n  },\n  {\n    \"title\": \"inequality sample 6\",\n    \"value\": \">=8\"\n  },\n  {\n    \"title\": \"inequality sample 7\",\n    \"value\": \"<=6\"\n  },\n  {\n    \"title\": \"inequality sample 8\",\n    \"value\": \">=6\"\n  },\n  {\n    \"title\": \"inequality sample 9\",\n    \"value\": \">=89\"\n  }\n]",
              "code": "fast_check_1.sample(index_test_2.inequality, 10).forEach((sample, i) => addContext_1.default(this, {\n    title: `inequality sample ${i}`,\n    value: sample,\n}));\nreturn fast_check_1.assert(fast_check_1.property(index_test_2.inequality, ajvValidate));",
              "err": {},
              "uuid": "6c24bd15-48f6-4b69-aee2-760b1eb7bf9a",
              "parentUUID": "42056adf-942c-41b3-a27a-bc105c8d8ac4",
              "isHook": false,
              "skipped": false
            },
            {
              "title": "should not validate inequality of invalid form",
              "fullTitle": "inequalitySchema should not validate inequality of invalid form",
              "timedOut": false,
              "duration": 1,
              "state": "passed",
              "speed": "fast",
              "pass": true,
              "fail": false,
              "pending": false,
              "context": null,
              "code": "[\n        \"\",\n        \"==23\",\n        \"23\",\n        \"<23\",\n        \">23\",\n        \"<=-1\",\n        \">=-1\",\n        \"<= 2\",\n        \">= 1\",\n        \"> 3\",\n        \"< 3\",\n        \"<=3a\",\n        \">=3a\",\n        \"a<=3\",\n        \"a>=3\",\n    ].forEach(isInvalidInequality)",
              "err": {},
              "uuid": "14b39e8c-36af-45e3-be43-d166549bb339",
              "parentUUID": "42056adf-942c-41b3-a27a-bc105c8d8ac4",
              "isHook": false,
              "skipped": false
            }
          ],
          "suites": [],
          "passes": [
            "6c24bd15-48f6-4b69-aee2-760b1eb7bf9a",
            "14b39e8c-36af-45e3-be43-d166549bb339"
          ],
          "failures": [],
          "pending": [],
          "skipped": [],
          "duration": 2,
          "root": false,
          "rootEmpty": false,
          "_timeout": 2000
        },
        {
          "uuid": "97fa2d45-db3c-4d16-8770-a415c3bdc102",
          "title": "satisfyRuleSchema",
          "fullFile": "/home/runner/work/planwithus-lib/planwithus-lib/src/satisfyRule/schemas.test.ts",
          "file": "/src/satisfyRule/schemas.test.ts",
          "beforeHooks": [],
          "afterHooks": [],
          "tests": [
            {
              "title": "should validate satisfy rule with valid block id",
              "fullTitle": "satisfyRuleSchema should validate satisfy rule with valid block id",
              "timedOut": false,
              "duration": 0,
              "state": "passed",
              "speed": "fast",
              "pass": true,
              "fail": false,
              "pending": false,
              "context": null,
              "code": "fast_check_1.assert(fast_check_1.property(fast_check_1.string(), ajvValidate)",
              "err": {},
              "uuid": "761748c0-4f83-4002-936b-101f0163fa10",
              "parentUUID": "97fa2d45-db3c-4d16-8770-a415c3bdc102",
              "isHook": false,
              "skipped": false
            },
            {
              "title": "should validate satisfy rules with valid mc",
              "fullTitle": "satisfyRuleSchema should validate satisfy rules with valid mc",
              "timedOut": false,
              "duration": 1,
              "state": "passed",
              "speed": "fast",
              "pass": true,
              "fail": false,
              "pending": false,
              "context": "[\n  {\n    \"title\": \"mcSatisfyRule sample 0\",\n    \"value\": {\n      \"mc\": \"<=5\"\n    }\n  },\n  {\n    \"title\": \"mcSatisfyRule sample 1\",\n    \"value\": {\n      \"mc\": \">=2\"\n    }\n  },\n  {\n    \"title\": \"mcSatisfyRule sample 2\",\n    \"value\": {\n      \"mc\": \">=194\"\n    }\n  },\n  {\n    \"title\": \"mcSatisfyRule sample 3\",\n    \"value\": {\n      \"mc\": \"<=125\"\n    }\n  },\n  {\n    \"title\": \"mcSatisfyRule sample 4\",\n    \"value\": {\n      \"mc\": \"<=198\"\n    }\n  },\n  {\n    \"title\": \"mcSatisfyRule sample 5\",\n    \"value\": {\n      \"mc\": \">=3\"\n    }\n  },\n  {\n    \"title\": \"mcSatisfyRule sample 6\",\n    \"value\": {\n      \"mc\": \">=6\"\n    }\n  },\n  {\n    \"title\": \"mcSatisfyRule sample 7\",\n    \"value\": {\n      \"mc\": \">=136\"\n    }\n  },\n  {\n    \"title\": \"mcSatisfyRule sample 8\",\n    \"value\": {\n      \"mc\": \"<=197\"\n    }\n  },\n  {\n    \"title\": \"mcSatisfyRule sample 9\",\n    \"value\": {\n      \"mc\": \">=100\"\n    }\n  }\n]",
              "code": "fast_check_1.sample(index_test_2.mcSatisfyRule, 10).forEach((sample, i) => addContext_1.default(this, {\n    title: `mcSatisfyRule sample ${i}`,\n    value: sample,\n}));\nreturn fast_check_1.assert(fast_check_1.property(index_test_2.mcSatisfyRule, ajvValidate));",
              "err": {},
              "uuid": "515aad40-7f8f-4deb-878d-4e08114bafd2",
              "parentUUID": "97fa2d45-db3c-4d16-8770-a415c3bdc102",
              "isHook": false,
              "skipped": false
            },
            {
              "title": "should validate valid recursive satisfy rules",
              "fullTitle": "satisfyRuleSchema should validate valid recursive satisfy rules",
              "timedOut": false,
              "duration": 4,
              "state": "passed",
              "speed": "fast",
              "pass": true,
              "fail": false,
              "pending": false,
              "context": "[\n  {\n    \"title\": \"satisfyRule sample 0\",\n    \"value\": {\n      \"mc\": \"<=196\"\n    }\n  },\n  {\n    \"title\": \"satisfyRule sample 1\",\n    \"value\": \">y\"\n  },\n  {\n    \"title\": \"satisfyRule sample 2\",\n    \"value\": {\n      \"or\": [\n        \"okHbs\",\n        {\n          \"and\": [\n            {\n              \"or\": []\n            },\n            {\n              \"mc\": \"<=117\"\n            },\n            {\n              \"or\": [\n                \"_2$Nx\",\n                \"k#\",\n                {\n                  \"or\": [\n                    \"iAv9A(H)\",\n                    \"lRC\",\n                    \"'I!\",\n                    \"Mc@D ]<f\",\n                    \"P\"\n                  ]\n                }\n              ]\n            },\n            {\n              \"mc\": \"<=152\"\n            },\n            {\n              \"mc\": \">=190\"\n            }\n          ]\n        },\n        {\n          \"mc\": \"<=95\"\n        }\n      ]\n    }\n  },\n  {\n    \"title\": \"satisfyRule sample 3\",\n    \"value\": {\n      \"and\": [\n        \"?q^+f2%Mg\",\n        {\n          \"or\": [\n            \"m\",\n            {\n              \"or\": [\n                \"aNt2=W ;K\",\n                {\n                  \"and\": [\n                    \"J;i]1ot1\",\n                    \"\",\n                    \"P\"\n                  ]\n                },\n                {\n                  \"mc\": \">=165\"\n                },\n                \"5+a0vnt6\"\n              ]\n            },\n            \"AROV[/dX~\",\n            \"5&Vk%h\"\n          ]\n        }\n      ]\n    }\n  },\n  {\n    \"title\": \"satisfyRule sample 4\",\n    \"value\": \"\"\n  },\n  {\n    \"title\": \"satisfyRule sample 5\",\n    \"value\": \"\"\n  },\n  {\n    \"title\": \"satisfyRule sample 6\",\n    \"value\": {\n      \"and\": [\n        {\n          \"or\": [\n            \"Jk>ne<Ik1}\"\n          ]\n        },\n        {\n          \"or\": [\n            {\n              \"or\": [\n                \"&\"\n              ]\n            }\n          ]\n        }\n      ]\n    }\n  },\n  {\n    \"title\": \"satisfyRule sample 7\",\n    \"value\": {\n      \"and\": [\n        {\n          \"and\": [\n            {\n              \"mc\": \"<=100\"\n            },\n            \"!<@Eu\",\n            {\n              \"and\": [\n                \"cL9\",\n                {\n                  \"and\": [\n                    {\n                      \"mc\": \">=80\"\n                    },\n                    {\n                      \"mc\": \">=5\"\n                    },\n                    {\n                      \"mc\": \"<=106\"\n                    },\n                    \"4sfzX2Jg>\",\n                    \"HH)s\"\n                  ]\n                },\n                \"O\",\n                \"=Jiq;}#\"\n              ]\n            },\n            \"\"\n          ]\n        },\n        \"|Y|zmI\",\n        {\n          \"or\": [\n            {\n              \"mc\": \"<=180\"\n            },\n            {\n              \"and\": [\n                \" H~W\",\n                \"W=\",\n                \"I8}RJy\",\n                {\n                  \"and\": [\n                    \"D\",\n                    \"~N4q_3W?s<\",\n                    {\n                      \"and\": [\n                        \"%;z`oHis2U\",\n                        \"2iG'S7\",\n                        \"^Y\",\n                        \"tU^:}\",\n                        \"R\"\n                      ]\n                    },\n                    \"OFc7/AX2\",\n                    \"@1j\"\n                  ]\n                }\n              ]\n            },\n            {\n              \"mc\": \"<=144\"\n            },\n            {\n              \"and\": [\n                \"Y{`\",\n                \";\"\n              ]\n            }\n          ]\n        },\n        \"%EhV6\",\n        {\n          \"or\": []\n        }\n      ]\n    }\n  },\n  {\n    \"title\": \"satisfyRule sample 8\",\n    \"value\": {\n      \"mc\": \">=8\"\n    }\n  },\n  {\n    \"title\": \"satisfyRule sample 9\",\n    \"value\": {\n      \"and\": [\n        \"*3%A@0\",\n        {\n          \"and\": [\n            {\n              \"or\": [\n                \"\",\n                \"c:l@@di\",\n                \"23isMuJ\",\n                \"i\",\n                \"oI7GU[;\"\n              ]\n            }\n          ]\n        }\n      ]\n    }\n  }\n]",
              "code": "fast_check_1.sample(index_test_2.satisfyRule, 10).forEach((sample, i) => addContext_1.default(this, {\n    title: `satisfyRule sample ${i}`,\n    value: sample,\n}));\nreturn fast_check_1.assert(fast_check_1.property(index_test_2.satisfyRule, ajvValidate));",
              "err": {},
              "uuid": "c8f910fb-35d0-4e2d-b21f-0f4f4d890ca1",
              "parentUUID": "97fa2d45-db3c-4d16-8770-a415c3bdc102",
              "isHook": false,
              "skipped": false
            },
            {
              "title": "should not validate non-string/object",
              "fullTitle": "satisfyRuleSchema should not validate non-string/object",
              "timedOut": false,
              "duration": 1,
              "state": "passed",
              "speed": "fast",
              "pass": true,
              "fail": false,
              "pending": false,
              "context": null,
              "code": "const error = {\n    instancePath: \"\",\n    message: \"satisfy rule should be either a string or an object\",\n};\nisInvalidRule(null, error);\nisInvalidRule(undefined, error);\nisInvalidRule(10, error);\nisInvalidRule([12, 24], error);",
              "err": {},
              "uuid": "e622adfd-aefb-4a82-9ec6-114d4951d888",
              "parentUUID": "97fa2d45-db3c-4d16-8770-a415c3bdc102",
              "isHook": false,
              "skipped": false
            },
            {
              "title": "should not validate satisfy rules with extra properties",
              "fullTitle": "satisfyRuleSchema should not validate satisfy rules with extra properties",
              "timedOut": false,
              "duration": 0,
              "state": "passed",
              "speed": "fast",
              "pass": true,
              "fail": false,
              "pending": false,
              "context": null,
              "code": "isInvalidRule({\n        and: [\n            { or: [\"2k\"], abc: \"def\" },\n            { mc: 8, ghi: \"jkl\" },\n        ],\n        mno: \"pqr\",\n    }, {\n        instancePath: \"/and/0\",\n        message: \"or satisfy rule should have property 'or' only\",\n    }, {\n        instancePath: \"/and/1\",\n        message: \"MC satisfy rule should have property 'mc' only\",\n    }, {\n        instancePath: \"\",\n        message: \"and satisfy rule should have property 'and' only\",\n    })",
              "err": {},
              "uuid": "64a7a803-7850-45cd-8c34-07fca2293674",
              "parentUUID": "97fa2d45-db3c-4d16-8770-a415c3bdc102",
              "isHook": false,
              "skipped": false
            },
            {
              "title": "should not validate ambiguous satisfy rules",
              "fullTitle": "satisfyRuleSchema should not validate ambiguous satisfy rules",
              "timedOut": false,
              "duration": 0,
              "state": "passed",
              "speed": "fast",
              "pass": true,
              "fail": false,
              "pending": false,
              "context": null,
              "code": "const message = \"satisfy rule should have only one of properties 'mc', 'and', 'or'\";\nisInvalidRule({\n    or: [\n        { mc: 5, and: [\"CS2040\"] },\n        { and: [{ and: [\"abc\"], or: [\"def\"] }] },\n    ],\n}, { instancePath: \"/or/0\", message }, { instancePath: \"/or/1/and/0\", message });",
              "err": {},
              "uuid": "776ecc7b-ddfa-400d-80a0-d5641d2f740f",
              "parentUUID": "97fa2d45-db3c-4d16-8770-a415c3bdc102",
              "isHook": false,
              "skipped": false
            },
            {
              "title": "should not validate and satisfy rules with non-array property",
              "fullTitle": "satisfyRuleSchema should not validate and satisfy rules with non-array property",
              "timedOut": false,
              "duration": 0,
              "state": "passed",
              "speed": "fast",
              "pass": true,
              "fail": false,
              "pending": false,
              "context": null,
              "code": "const message = \"property 'and' should be an array of satisfy rules\";\nisInvalidRule({ or: [{ and: {} }, { or: [{ and: 3 }] }] }, { instancePath: \"/or/0/and\", message }, { instancePath: \"/or/1/or/0/and\", message });",
              "err": {},
              "uuid": "eaddd4c0-0a79-4baa-a8a1-c7ccb510a6d4",
              "parentUUID": "97fa2d45-db3c-4d16-8770-a415c3bdc102",
              "isHook": false,
              "skipped": false
            },
            {
              "title": "should not validate or satisfy rules with non-array property",
              "fullTitle": "satisfyRuleSchema should not validate or satisfy rules with non-array property",
              "timedOut": false,
              "duration": 0,
              "state": "passed",
              "speed": "fast",
              "pass": true,
              "fail": false,
              "pending": false,
              "context": null,
              "code": "const message = \"property 'or' should be an array of satisfy rules\";\nisInvalidRule({ and: [{ or: {} }, { and: [{ or: 3 }] }] }, { instancePath: \"/and/0/or\", message }, { instancePath: \"/and/1/and/0/or\", message });",
              "err": {},
              "uuid": "dc4a795b-2b1a-440e-9ce5-e350a1cff925",
              "parentUUID": "97fa2d45-db3c-4d16-8770-a415c3bdc102",
              "isHook": false,
              "skipped": false
            }
          ],
          "suites": [],
          "passes": [
            "761748c0-4f83-4002-936b-101f0163fa10",
            "515aad40-7f8f-4deb-878d-4e08114bafd2",
            "c8f910fb-35d0-4e2d-b21f-0f4f4d890ca1",
            "e622adfd-aefb-4a82-9ec6-114d4951d888",
            "64a7a803-7850-45cd-8c34-07fca2293674",
            "776ecc7b-ddfa-400d-80a0-d5641d2f740f",
            "eaddd4c0-0a79-4baa-a8a1-c7ccb510a6d4",
            "dc4a795b-2b1a-440e-9ce5-e350a1cff925"
          ],
          "failures": [],
          "pending": [],
          "skipped": [],
          "duration": 6,
          "root": false,
          "rootEmpty": false,
          "_timeout": 2000
        }
      ],
      "passes": [],
      "failures": [],
      "pending": [],
      "skipped": [],
      "duration": 0,
      "root": true,
      "rootEmpty": true,
      "_timeout": 2000
    }
  ],
  "meta": {
    "mocha": {
      "version": "9.0.3"
    },
    "mochawesome": {
      "options": {
        "quiet": false,
        "reportFilename": "mochawesome",
        "saveHtml": true,
        "saveJson": true,
        "consoleReporter": "spec",
        "useInlineDiffs": false,
        "code": true
      },
      "version": "6.2.2"
    },
    "marge": {
      "options": {
        "reportDir": "docs"
      },
      "version": "5.2.0"
    }
  }
}