{
  "stats": {
    "suites": 10,
    "tests": 48,
    "passes": 48,
    "pending": 0,
    "failures": 0,
    "start": "2021-07-12T10:00:49.757Z",
    "end": "2021-07-12T10:00:50.159Z",
    "duration": 402,
    "testsRegistered": 48,
    "passPercent": 100,
    "pendingPercent": 0,
    "other": 0,
    "hasOther": false,
    "skipped": 0,
    "hasSkipped": false
  },
  "results": [
    {
      "uuid": "0891d479-fcc0-460a-8c67-23efea5e702c",
      "title": "",
      "fullFile": "",
      "file": "",
      "beforeHooks": [],
      "afterHooks": [],
      "tests": [],
      "suites": [
        {
          "uuid": "35f5ab43-226f-4b8f-aba5-3bfb35204415",
          "title": "initDirectories",
          "fullFile": "/home/runner/work/planwithus-lib/planwithus-lib/src/block/schemas.test.ts",
          "file": "/src/block/schemas.test.ts",
          "beforeHooks": [],
          "afterHooks": [],
          "tests": [
            {
              "title": "should parse all blocks with no errors",
              "fullTitle": "initDirectories should parse all blocks with no errors",
              "timedOut": false,
              "duration": 3,
              "state": "passed",
              "speed": "fast",
              "pass": true,
              "fail": false,
              "pending": false,
              "context": null,
              "code": "_1.initDirectories.should.not.throw()",
              "err": {},
              "uuid": "f2439932-9cfb-4b68-9a1a-fd7846969861",
              "parentUUID": "35f5ab43-226f-4b8f-aba5-3bfb35204415",
              "isHook": false,
              "skipped": false
            },
            {
              "title": "should produce primary, second & minor directories",
              "fullTitle": "initDirectories should produce primary, second & minor directories",
              "timedOut": false,
              "duration": 48,
              "state": "passed",
              "speed": "medium",
              "pass": true,
              "fail": false,
              "pending": false,
              "context": null,
              "code": "const directories = await _1.initDirectories();\ndirectories.should.have.property(\"primary\");\ndirectories.should.have.property(\"second\");\ndirectories.should.have.property(\"minor\");",
              "err": {},
              "uuid": "efa2ab29-eadc-420a-a10a-6cdd51ae9ea5",
              "parentUUID": "35f5ab43-226f-4b8f-aba5-3bfb35204415",
              "isHook": false,
              "skipped": false
            }
          ],
          "suites": [],
          "passes": [
            "f2439932-9cfb-4b68-9a1a-fd7846969861",
            "efa2ab29-eadc-420a-a10a-6cdd51ae9ea5"
          ],
          "failures": [],
          "pending": [],
          "skipped": [],
          "duration": 51,
          "root": false,
          "rootEmpty": false,
          "_timeout": 2000
        },
        {
          "uuid": "3e0c3109-8830-407e-82f8-6a9e0a964044",
          "title": "blockSchema",
          "fullFile": "/home/runner/work/planwithus-lib/planwithus-lib/src/block/schemas.test.ts",
          "file": "/src/block/schemas.test.ts",
          "beforeHooks": [],
          "afterHooks": [],
          "tests": [
            {
              "title": "should validate valid block",
              "fullTitle": "blockSchema should validate valid block",
              "timedOut": false,
              "duration": 197,
              "state": "passed",
              "speed": "slow",
              "pass": true,
              "fail": false,
              "pending": false,
              "context": "[\n  {\n    \"title\": \"block sample 0\",\n    \"value\": {\n      \"name\": \"\",\n      \"ay\": 2029,\n      \"assign\": [\n        \"c\",\n        \"z1sV.!D&7n\"\n      ],\n      \"match\": {\n        \"and\": [\n          {\n            \"or\": [\n              \"OU0248\"\n            ]\n          }\n        ]\n      },\n      \"satisfy\": {\n        \"or\": [\n          {\n            \"and\": []\n          },\n          {\n            \"or\": [\n              {\n                \"mc\": \"<=160\"\n              },\n              {\n                \"mc\": \">=169\"\n              },\n              {\n                \"or\": [\n                  {\n                    \"and\": [\n                      \"3[@ #\",\n                      {\n                        \"or\": [\n                          \"YGlgb]<,l\",\n                          \"/2u4 D2D3\"\n                        ]\n                      },\n                      {\n                        \"and\": [\n                          \"T:C*\\\"glw`f\",\n                          {\n                            \"and\": [\n                              \"d87[is\",\n                              \"%SWn<([^)\",\n                              \"\",\n                              \"^\"\n                            ]\n                          },\n                          \"O\",\n                          \"`x'*t!iFxP\",\n                          {\n                            \"or\": [\n                              \"|\",\n                              \"Si>,$\\\\lp|\",\n                              \"t1Q(fxaj\",\n                              \"QfsmBb\"\n                            ]\n                          }\n                        ]\n                      },\n                      \"#>OoT>gP)5\",\n                      \"y)gY8W&]\"\n                    ]\n                  }\n                ]\n              },\n              {\n                \"or\": [\n                  \"h\",\n                  \";{)@~9(*T\"\n                ]\n              },\n              {\n                \"mc\": \">=170\"\n              }\n            ]\n          },\n          {\n            \"and\": [\n              \"A/7xY\",\n              {\n                \"and\": [\n                  {\n                    \"mc\": \"<=134\"\n                  }\n                ]\n              },\n              {\n                \"or\": [\n                  \"FhX^Z[\",\n                  {\n                    \"or\": [\n                      \"Ch19^O\"\n                    ]\n                  },\n                  \"uHr[\"\n                ]\n              }\n            ]\n          },\n          {\n            \"or\": [\n              \"\",\n              \"r9SXFa=\"\n            ]\n          }\n        ]\n      },\n      \"url\": \"http://qi0mpy67pc7s54jnrzyrc2ous3y5kme-3x4tsz8fic.c2caftm61t4vat5hcb-lk2652vr5xi.ajrbydjuoq/s/C\",\n      \"info\": \"-,d Wq\",\n      \"]g\": {\n        \"name\": \"ZEzn'\",\n        \"ay\": 1960,\n        \"assign\": [\n          \"\",\n          \"'G5ZVq:30\"\n        ],\n        \"satisfy\": [\n          {\n            \"mc\": \"<=180\"\n          },\n          {\n            \"or\": [\n              \"0DA_!TB\",\n              {\n                \"or\": [\n                  \"j\",\n                  {\n                    \"mc\": \"<=39\"\n                  },\n                  \"9^{VqT^\",\n                  {\n                    \"and\": []\n                  }\n                ]\n              },\n              {\n                \"or\": [\n                  {\n                    \"or\": []\n                  },\n                  {\n                    \"and\": [\n                      \"5!cd:B\",\n                      \"X'bxIx]\",\n                      \"lgPM%.{\",\n                      \"Q\",\n                      {\n                        \"or\": [\n                          \"AfH0xL;j0\",\n                          {\n                            \"or\": [\n                              \"L!~W4(b7\\\"8\",\n                              \"}vkz*.P\"\n                            ]\n                          },\n                          \"Y|94d\",\n                          \"@_d/gyb-\",\n                          {\n                            \"mc\": \"<=51\"\n                          }\n                        ]\n                      }\n                    ]\n                  },\n                  \"Ygha\\\\<+l\",\n                  {\n                    \"mc\": \"<=15\"\n                  }\n                ]\n              },\n              {\n                \"mc\": \"<=170\"\n              },\n              {\n                \"and\": [\n                  \"\\\\Y|\",\n                  \"L@B:\"\n                ]\n              }\n            ]\n          },\n          \"&\",\n          {\n            \"or\": [\n              {\n                \"mc\": \">=126\"\n              }\n            ]\n          },\n          {\n            \"mc\": \">=196\"\n          }\n        ],\n        \"url\": \"http://7q656ljpmqx9rqodoenk39q.zclkpyl/,R5*D5FHGC/k=/yC7//6w\",\n        \"info\": \"Y(n+\"\n      }\n    }\n  },\n  {\n    \"title\": \"block sample 1\",\n    \"value\": {\n      \"name\": \"Q];2N,=\",\n      \"match\": {\n        \"or\": [\n          {\n            \"and\": [\n              \"YQH7727\"\n            ]\n          },\n          {\n            \"or\": [\n              \"RBQ76*\",\n              \"OD34xV\",\n              {\n                \"or\": []\n              }\n            ]\n          },\n          {\n            \"pattern\": \"RH86\",\n            \"exclude\": \"AY756\",\n            \"info\": \"\"\n          }\n        ]\n      },\n      \"satisfy\": [],\n      \"url\": \"https://c.xhgc/:d\",\n      \"info\": \"!\"\n    }\n  },\n  {\n    \"title\": \"block sample 2\",\n    \"value\": {\n      \"name\": \" 9\",\n      \"ay\": 2000,\n      \"match\": {\n        \"or\": [\n          {\n            \"pattern\": \"DD94R\",\n            \"info\": \"D bm\"\n          },\n          {\n            \"or\": [\n              {\n                \"and\": [\n                  \"AZG3\",\n                  {\n                    \"and\": [\n                      \"LO4x3S\",\n                      {\n                        \"or\": []\n                      },\n                      {\n                        \"pattern\": \"HPQ0*45\"\n                      },\n                      \"QJ77Z\",\n                      \"DVN33Y\"\n                    ]\n                  }\n                ]\n              }\n            ]\n          }\n        ]\n      },\n      \"satisfy\": \"\",\n      \"url\": \"https://bu4n6j09i-g6oh2babuhaib8lo5bhrd3ca-kbwq786b8d.bn.xadhau5bdm9a3ac-d964.uptjwzv/6Xd/W/,b@%F4%80%B6%B6jw%F0%B0%91%89%E1%B9%B3/ada6%F2%A9%A2%9Ddf9e/,,/8r21CW0\",\n      \"info\": \"0Q0`rw^\",\n      \"yM/NWCXu_g\": {\n        \"name\": \" z#b\",\n        \"ay\": 1951,\n        \"assign\": [\n          \"c,KF#a\",\n          \" Un0D#c`\",\n          \"\\\\,!R;\",\n          \"iLJ]C5J[\",\n          \"=X3y0\"\n        ],\n        \"match\": [\n          {\n            \"pattern\": \"LYU92J\",\n            \"info\": \"fiXQ&K0t7\"\n          },\n          {\n            \"or\": [\n              {\n                \"and\": [\n                  \"XLS8J\",\n                  {\n                    \"and\": []\n                  }\n                ]\n              }\n            ]\n          },\n          \"YL3*7W\",\n          {\n            \"and\": [\n              \"JVC6S\",\n              {\n                \"or\": [\n                  {\n                    \"or\": []\n                  },\n                  \"SHQ8429\",\n                  {\n                    \"and\": [\n                      \"KT476\",\n                      \"QX3446W\",\n                      \"BOG16W\"\n                    ]\n                  },\n                  \"JUB8\",\n                  {\n                    \"pattern\": \"AX07\",\n                    \"exclude\": \"QTN175U\",\n                    \"info\": \"o9uRbiL\"\n                  }\n                ]\n              }\n            ]\n          }\n        ],\n        \"url\": \"https://b-mxj1d7hfi.zvjtwcbdz/B/_)bhj5*I5/o8\",\n        \"info\": \"1Fj\"\n      }\n    }\n  },\n  {\n    \"title\": \"block sample 3\",\n    \"value\": {\n      \"name\": \"\",\n      \"ay\": 1950,\n      \"assign\": [],\n      \"match\": [\n        \"LY*x3*\",\n        {\n          \"pattern\": \"OP72M\",\n          \"exclude\": [\n            \"LW3x23U\",\n            \"DTU6500\"\n          ],\n          \"info\": \"=\"\n        },\n        {\n          \"and\": []\n        },\n        {\n          \"or\": [\n            {\n              \"pattern\": \"IFN6639\",\n              \"exclude\": \"EJBxL\",\n              \"info\": \"W2N''IBi\"\n            },\n            {\n              \"or\": []\n            }\n          ]\n        },\n        {\n          \"and\": [\n            {\n              \"and\": [\n                \"OF*W\",\n                \"AU85F\"\n              ]\n            },\n            {\n              \"and\": [\n                \"BK*411\",\n                {\n                  \"pattern\": \"EM137x\",\n                  \"exclude\": [\n                    \"UZx76P\",\n                    \"DC*3Y\",\n                    \"MI0xP\",\n                    \"PP16I\"\n                  ]\n                },\n                {\n                  \"pattern\": \"POBx0**A\",\n                  \"exclude\": \"COO2281\",\n                  \"info\": \"]b&Dm*1\"\n                }\n              ]\n            },\n            {\n              \"or\": [\n                {\n                  \"pattern\": \"HBD005\",\n                  \"exclude\": \"TZW6481Q\",\n                  \"info\": \"t7]Uxxz&\"\n                }\n              ]\n            },\n            {\n              \"or\": [\n                \"HKExS\"\n              ]\n            }\n          ]\n        }\n      ],\n      \"satisfy\": [\n        {\n          \"or\": []\n        }\n      ],\n      \"url\": \"https://p.e0h-5ipnoazxx5ychqvc7xk-n6sz0zdh4edjcdrvw4hml4fzqewhe2qkoialf.fbetw.wf/s%F0%A4%BD%89/%F2%97%83%8Al;%F3%82%9C%9BB:%F0%92%81%AD/=2L1Ye%F1%A0%9D%BD!=!/%F0%90%A0%AA7EuI+GN/CB&lB/w62%F1%98%9B%A1%F1%A4%8D%AF.tn$d/virV0d~bj/Jn\"\n    }\n  },\n  {\n    \"title\": \"block sample 4\",\n    \"value\": {\n      \"name\": \"I\\\"R|C\",\n      \"assign\": [\n        \"\",\n        \"V5U=@xyF+\"\n      ],\n      \"url\": \"https://gczxfdf4d5y2wq3orr0loosul6shgcxfpo8f2ergw2neunhm2h8jylnc.accksde/e/o:e@zgdC\"\n    }\n  },\n  {\n    \"title\": \"block sample 5\",\n    \"value\": {\n      \"name\": \"Dv{/q=V\",\n      \"ay\": 2017,\n      \"assign\": [\n        \"@r[X3T`\\\"\"\n      ],\n      \"match\": {\n        \"pattern\": \"VS6\",\n        \"exclude\": [\n          \"RW3\",\n          \"RAS21*W\",\n          \"GL8\",\n          \"DP29\",\n          \"CXW8160G\"\n        ],\n        \"info\": \"oz\\\"bZQ \"\n      },\n      \"satisfy\": [],\n      \"url\": \"http://k1vjscnqfzjby2d4.c.cjxdsnmbvcciaug-52nx23fx5rv2pyoq7iacmdg.dbskhy/K\",\n      \"info\": \"%ZY%RU|w\",\n      \"1*\": {\n        \"name\": \"S/&c{<FR\",\n        \"ay\": 2005,\n        \"assign\": [\n          \"@T/k`f;H>>\"\n        ],\n        \"match\": [],\n        \"satisfy\": {\n          \"mc\": \"<=153\"\n        },\n        \"url\": \"http://i2mxfhay9083x-6jfog687dds143wpn-j7ugc8llm6szj9.1uq-67raci8gmq3vqs3mm4kvhwd9ut-873a02jncrfd8-a6tx8lzo4ea9.mzzkchfdy/04%F3%A2%9B%8C/%F3%91%89%9Di/h8$bQTe/,X5%F2%8B%89%AD0/o$/qPYJ2o*02\",\n        \"f\": {\n          \"ay\": 1986,\n          \"assign\": \"o)tX|;$=\",\n          \"match\": \"QQZ59G\",\n          \"satisfy\": {\n            \"mc\": \">=199\"\n          },\n          \"url\": \"http://us1d1d.hutvbq0kpyqwg7rfo1vrdgznaqfrynx9jeru8v3shhros3r5.0z2xb-4fk98tbaftnkybt.kbyzh/6%F3%91%9F%89%F2%A6%80%B8W$p%F2%AA%83%87Fa=/MfsZ99&AOH/Vh/od)5QC./T4pI'%F3%95%B1%AD,G//s$%F4%8D%B4%86UzG6hU\"\n        },\n        \"&4-|U2\": {\n          \"name\": \"\\\"['-67_Pe-\",\n          \"assign\": [\n            \"$o#:?qTI\",\n            \"wEg\",\n            \".[^r<+l\",\n            \"U:1vW>\",\n            \"rc7p`n\"\n          ],\n          \"match\": [\n            \"HF149\",\n            {\n              \"or\": [\n                {\n                  \"or\": [\n                    {\n                      \"or\": [\n                        \"WK7x\"\n                      ]\n                    },\n                    \"ZI258\"\n                  ]\n                },\n                {\n                  \"pattern\": \"QX66B\",\n                  \"exclude\": [\n                    \"YNQ08C\",\n                    \"KCS44\",\n                    \"ZXZ104\"\n                  ],\n                  \"info\": \"L#X{\"\n                }\n              ]\n            },\n            {\n              \"and\": [\n                {\n                  \"pattern\": \"DH*3\",\n                  \"exclude\": [\n                    \"EP4\",\n                    \"WFxW\",\n                    \"CZ7xx7Y\"\n                  ],\n                  \"info\": \"wlUOT#kz\\\"\"\n                },\n                {\n                  \"and\": [\n                    {\n                      \"and\": [\n                        \"FNU230F\",\n                        {\n                          \"and\": []\n                        }\n                      ]\n                    },\n                    \"ZZ949K\",\n                    \"XYS*1B\",\n                    {\n                      \"pattern\": \"YEA701\",\n                      \"exclude\": \"ANC04Y\",\n                      \"info\": \"[8\\\"wyym>Ya\"\n                    }\n                  ]\n                }\n              ]\n            },\n            {\n              \"pattern\": \"YB1xxA\",\n              \"exclude\": [\n                \"TU*6*D\",\n                \"YJP119C\",\n                \"GKM76X\",\n                \"CJG00*9H\",\n                \"MT*000K\"\n              ],\n              \"info\": \"u&J;Se)ev\"\n            },\n            {\n              \"pattern\": \"ZPZ29R\",\n              \"exclude\": \"UHY368\"\n            }\n          ],\n          \"satisfy\": [\n            {\n              \"mc\": \"<=183\"\n            },\n            {\n              \"and\": [\n                \"\",\n                {\n                  \"or\": [\n                    {\n                      \"mc\": \"<=28\"\n                    },\n                    \"%&L|I\",\n                    {\n                      \"and\": []\n                    }\n                  ]\n                }\n              ]\n            },\n            {\n              \"or\": [\n                {\n                  \"or\": []\n                },\n                \"\",\n                {\n                  \"and\": [\n                    \"uZ>M*\",\n                    \"K2>|h='y\",\n                    \"\",\n                    \"\",\n                    \"\"\n                  ]\n                },\n                {\n                  \"mc\": \">=33\"\n                },\n                \"Z\"\n              ]\n            },\n            {\n              \"or\": [\n                {\n                  \"or\": [\n                    {\n                      \"and\": [\n                        {\n                          \"mc\": \">=100\"\n                        },\n                        {\n                          \"and\": [\n                            \"<.E/\",\n                            \"UuqO;%?~9\",\n                            \"HKO\"\n                          ]\n                        },\n                        {\n                          \"and\": [\n                            \"\",\n                            \"\",\n                            \"`@xS\",\n                            \"mm\\\"Y|]\"\n                          ]\n                        },\n                        \"f|or=\",\n                        \"`^_q-BrRrZ\"\n                      ]\n                    },\n                    \"Pg&`\"\n                  ]\n                }\n              ]\n            },\n            {\n              \"or\": [\n                \"dT0z\",\n                {\n                  \"and\": [\n                    {\n                      \"mc\": \"<=127\"\n                    },\n                    \"q4G)@.1\",\n                    {\n                      \"and\": [\n                        {\n                          \"or\": [\n                            \"LuE`mB.\"\n                          ]\n                        },\n                        \"YH5p:?1\",\n                        \"'g4JoK>H\"\n                      ]\n                    },\n                    {\n                      \"mc\": \"<=109\"\n                    },\n                    \"\"\n                  ]\n                },\n                {\n                  \"and\": [\n                    \"c;]b9\\\"f8\",\n                    \"4g8EHdgl\",\n                    \"k\",\n                    {\n                      \"or\": [\n                        \"g\",\n                        \"nH3fV\"\n                      ]\n                    },\n                    \"]y-\"\n                  ]\n                },\n                {\n                  \"or\": [\n                    \"'S\",\n                    {\n                      \"mc\": \">=192\"\n                    },\n                    \"'n\",\n                    \"hM\",\n                    \"f8&a?WS>Y\"\n                  ]\n                }\n              ]\n            }\n          ],\n          \"url\": \"https://jzyvqrmf6ln7zwueae4n3i4iip3vq.yshrv6kz7tiweiqgets1fu3cbyfe5wpjhqajdcb8z7d6xdpfz7mshje.9vb0-oxdvjftxz1d56szncj-ly76qx3vo-sd29e6clwzbdhr-re4e4qlxw6nsb.tkay4lpjzmxo85lptycd88bd-dnskulg94ysb85q1nf336opo9c9pzhywa8h5dz.vzdwujfp/0dew%F2%92%B7%B5/$HcP%F1%9A%84%A83/%F1%AF%B5%88%F2%A3%B8%95flvS~/*xGg&/S8y%E8%98%99I/*m1@\",\n          \"info\": \"$E/[nF[Mc\"\n        }\n      },\n      \"DO,4[\": {\n        \"name\": \"P\",\n        \"ay\": 1969,\n        \"match\": \"LGQ6\",\n        \"satisfy\": [\n          {\n            \"or\": [\n              {\n                \"or\": [\n                  \",|j3<DO7\",\n                  \"i^\",\n                  {\n                    \"or\": [\n                      {\n                        \"and\": []\n                      },\n                      \"Zyv:\",\n                      {\n                        \"and\": [\n                          {\n                            \"mc\": \"<=1\"\n                          },\n                          \"EWP]'W)R\",\n                          \"JtX\\\\f\",\n                          {\n                            \"and\": [\n                              \"[>[IbB:e|-\",\n                              {\n                                \"or\": [\n                                  \"M15\",\n                                  \"iSv\",\n                                  \"-.T\",\n                                  \"iy\",\n                                  \"\"\n                                ]\n                              },\n                              \"i\"\n                            ]\n                          }\n                        ]\n                      },\n                      {\n                        \"or\": [\n                          \"sS/&\"\n                        ]\n                      },\n                      \"qtf\\\\m/]gI\"\n                    ]\n                  }\n                ]\n              },\n              \"..!\"\n            ]\n          }\n        ],\n        \"url\": \"http://k0d04sdj5q414nun1y9f2vwb3.z1zlkk3i-mv5p4df6e5dzua0411ov3pt.wuqhm/ReYLZl/6vWH;RyB%F0%A1%94%A9/@%F3%8B%B7%BCr%F3%A9%86%95@_VES/dpP;YmpDSz/$W9Oik\",\n        \"info\": \"<Ek0N/Q%lp\"\n      },\n      \"AxVf2L\": {\n        \"name\": \"4M[\",\n        \"ay\": 1997,\n        \"assign\": \"OQq=3R9x\",\n        \"match\": {\n          \"pattern\": \"QM1274E\",\n          \"info\": \"R8.!2=kL\"\n        },\n        \"info\": \"KCf\"\n      },\n      \";C\": {\n        \"assign\": [],\n        \"match\": [\n          \"AY*1\",\n          {\n            \"or\": [\n              \"CA2x0U\"\n            ]\n          },\n          \"UBK1932\"\n        ],\n        \"satisfy\": {\n          \"mc\": \">=169\"\n        },\n        \"info\": \"L\"\n      },\n      \"gBYtEz>J7p\": {\n        \"name\": \"I_}\",\n        \"ay\": 1998,\n        \"assign\": [\n          \"kJ\"\n        ],\n        \"match\": {\n          \"and\": [\n            \"OS265Z\",\n            {\n              \"or\": [\n                {\n                  \"and\": [\n                    {\n                      \"and\": [\n                        \"ZB9x97\"\n                      ]\n                    },\n                    \"RVC078\"\n                  ]\n                }\n              ]\n            },\n            {\n              \"and\": [\n                {\n                  \"pattern\": \"RX0544D\",\n                  \"exclude\": \"REM8\",\n                  \"info\": \"3!\"\n                },\n                {\n                  \"or\": [\n                    \"AXY*07\",\n                    \"TY914\",\n                    {\n                      \"and\": [\n                        \"BM96\",\n                        {\n                          \"or\": [\n                            \"MY29xD\",\n                            \"MTO8\",\n                            {\n                              \"or\": [\n                                \"KLY2G\",\n                                \"UL688R\"\n                              ]\n                            }\n                          ]\n                        },\n                        \"OI63W\"\n                      ]\n                    },\n                    \"ULS539x\",\n                    {\n                      \"pattern\": \"IG3\",\n                      \"exclude\": \"LHJ32x1\"\n                    }\n                  ]\n                },\n                {\n                  \"pattern\": \"XI01V\",\n                  \"exclude\": [\n                    \"APx\"\n                  ],\n                  \"info\": \"AvJ1\"\n                },\n                \"ZIOx\"\n              ]\n            }\n          ]\n        },\n        \"satisfy\": [],\n        \"url\": \"https://tvoz9-vsof300a1bgak6me-y5zl8.gz53or12k6altar1qnl87jvg6j-rja2n51.bt1rno6gx2tdysmntyee6i7tytbgmywbf4tpw9b5pks2754jzjpixyxw.s.riefrd//Tbj74/dL%F3%A2%AB%9F(:3/:KE6PV/q;k%F2%94%A5%8CWK@/l%F1%8E%B7%87pyey8q1/ZJ%F2%B9%B3%85=)y/%F2%8D%84%9B~%F3%82%8C%97y/ze\",\n        \"info\": \"&D/\"\n      }\n    }\n  },\n  {\n    \"title\": \"block sample 6\",\n    \"value\": {\n      \"name\": \"l+04\",\n      \"ay\": 1952,\n      \"assign\": \"\",\n      \"satisfy\": [\n        {\n          \"mc\": \">=12\"\n        },\n        {\n          \"or\": []\n        }\n      ],\n      \"url\": \"https://i5hdg76ussi67x1gjuonsgr001go2uuiy33q7sknr6t8qdw-80-gzr6o6uel.80s4aqg3od.us4e26t8h2wn5evdpfxs40nrd9qsyai8owiteu923z9tbmrwvbc6a.8-2b88lrqo7.bqcwcy9s5jf8ur4v4wvk8qzcbq-8cszf8jj87yv5e4w76hw7wyt05e0hyxo2.suuy/~9RKfS\",\n      \"info\": \"1[\"\n    }\n  },\n  {\n    \"title\": \"block sample 7\",\n    \"value\": {\n      \"name\": \"<v\",\n      \"ay\": 2016,\n      \"assign\": \"Wc&}cdz$I\\\"\",\n      \"match\": {\n        \"or\": [\n          {\n            \"and\": [\n              \"JN20*5\",\n              {\n                \"and\": [\n                  \"EC5x86L\",\n                  \"HXV86x*X\",\n                  \"NN*083\",\n                  {\n                    \"and\": [\n                      \"ADH5*V\"\n                    ]\n                  },\n                  \"BLK93\"\n                ]\n              }\n            ]\n          }\n        ]\n      },\n      \"satisfy\": \"5*Dq\",\n      \"info\": \"\"\n    }\n  },\n  {\n    \"title\": \"block sample 8\",\n    \"value\": {\n      \"name\": \"]^G,ye\",\n      \"ay\": 1950,\n      \"assign\": [\n        \"9[u<\",\n        \"#z\"\n      ],\n      \"match\": [],\n      \"satisfy\": [\n        {\n          \"or\": [\n            {\n              \"mc\": \">=87\"\n            },\n            {\n              \"mc\": \">=115\"\n            },\n            {\n              \"or\": [\n                \"W@rj_f\",\n                \"@<;U\",\n                {\n                  \"and\": [\n                    \"mz`Hk7Oo\",\n                    {\n                      \"and\": [\n                        \" &Urs2^!$\",\n                        \"wl'B|.Q4\"\n                      ]\n                    },\n                    \"s{Qcz\",\n                    \"gtR;]Q=_\",\n                    \"6'Vl&{\"\n                  ]\n                },\n                \"',L$qi\\\"R\"\n              ]\n            },\n            {\n              \"mc\": \">=186\"\n            }\n          ]\n        },\n        {\n          \"or\": [\n            {\n              \"mc\": \">=163\"\n            }\n          ]\n        },\n        {\n          \"and\": [\n            \"m'z\\\\=\",\n            {\n              \"mc\": \">=29\"\n            },\n            {\n              \"and\": [\n                {\n                  \"and\": []\n                }\n              ]\n            },\n            {\n              \"or\": [\n                {\n                  \"or\": [\n                    \"\\\\\",\n                    {\n                      \"or\": []\n                    },\n                    \"D7#Z)>7-j\"\n                  ]\n                },\n                \"}\\\\w_.o~[\",\n                {\n                  \"or\": [\n                    \"JvW+vax=\",\n                    \"`+X9(\\\\(>\",\n                    {\n                      \"mc\": \"<=84\"\n                    },\n                    {\n                      \"mc\": \">=170\"\n                    },\n                    {\n                      \"and\": [\n                        \"84Z\",\n                        \"s\\\\A\",\n                        \".~ke )=$)$\",\n                        \"oqz=NfZ]-e\"\n                      ]\n                    }\n                  ]\n                },\n                {\n                  \"or\": [\n                    \"\",\n                    {\n                      \"or\": [\n                        \":\\\\6*-i2\",\n                        \">Z\",\n                        \"5!RAY,;{0%\"\n                      ]\n                    }\n                  ]\n                }\n              ]\n            },\n            {\n              \"mc\": \"<=199\"\n            }\n          ]\n        },\n        {\n          \"and\": [\n            {\n              \"or\": []\n            },\n            {\n              \"mc\": \"<=175\"\n            },\n            {\n              \"and\": [\n                {\n                  \"or\": [\n                    \"0PS0~K\",\n                    {\n                      \"or\": [\n                        \"n}TX5P.X\",\n                        \"B}PlsPHd1\",\n                        \"(\"\n                      ]\n                    },\n                    \"lehH}U6\",\n                    {\n                      \"or\": [\n                        \"3rN\",\n                        \"^_kLI\",\n                        {\n                          \"mc\": \">=68\"\n                        }\n                      ]\n                    }\n                  ]\n                },\n                \"\",\n                \"qXV\",\n                \"\"\n              ]\n            },\n            {\n              \"mc\": \"<=86\"\n            },\n            {\n              \"and\": [\n                {\n                  \"or\": [\n                    {\n                      \"mc\": \"<=44\"\n                    },\n                    \"&'eI3~\",\n                    \"qz3h|Z\",\n                    \"<39p~o''LT\",\n                    {\n                      \"mc\": \">=138\"\n                    }\n                  ]\n                },\n                \"s`C`wC\",\n                \"jJ`<I\",\n                \",6\\\"\\\"\",\n                \"w6E?>4%a[z\"\n              ]\n            }\n          ]\n        },\n        {\n          \"mc\": \">=91\"\n        }\n      ],\n      \"url\": \"https://gv8kwup.qbts//k9%F2%99%BE%9D$/SkF+V/J/)$Xsm8nf/=.%F3%BA%B9%9C\",\n      \"info\": \"\",\n      \"a4>tp\": {\n        \"name\": \"\",\n        \"ay\": 2004,\n        \"assign\": [\n          \"-2~_gm\",\n          \"I\"\n        ],\n        \"match\": \"BQH8\",\n        \"satisfy\": [\n          {\n            \"mc\": \">=63\"\n          }\n        ],\n        \"url\": \"https://h-1i3ssklbg2-ynb3wqcn0qwwjj-hqoqwbq47t05c2wasmcs-xvwvcj.nlcz5.cwwzcjpyle/uX%F2%A9%A5%88t*4/DkDU%F0%A6%B9%B4A+eu/cy&5db,/ZEw%F3%90%B0%A1\",\n        \"info\": \"A\"\n      },\n      \"z'wt\": {\n        \"name\": \"\",\n        \"ay\": 1973,\n        \"assign\": [\n          \"nC;J4sLj\",\n          \"'.{\",\n          \"\",\n          \"6GUF_&,\"\n        ],\n        \"match\": [],\n        \"satisfy\": \"SNn[p0d\",\n        \"url\": \"https://m73yp4-wk7-w96lew9i4r1wimxftxd99xfsyop2b9f-cpqshddir.ioggwvsgxp\",\n        \"info\": \"\\\\T5 .H9f\",\n        \"CK\": {\n          \"name\": \"$!e#seAxJk\",\n          \"ay\": 1977,\n          \"assign\": [\n            \"u9\",\n            \" _kf MOo\",\n            \"AVUiO6a'9C\",\n            \"Xxg\"\n          ],\n          \"match\": {\n            \"and\": []\n          },\n          \"url\": \"http://rv-ksj5hj60p65r1aobjlc95mqi1tircc0z5qig10cq8164jx.8j-bo1tin066mwrr-eeo7p5ph21-uufh75eeeq.gib/,l/05%E1%BD%85s%F1%92%9B%AB/A7pR:/J//4\",\n          \"info\": \"]Pnr-/b,\",\n          \"v7{G\": {\n            \"name\": \"N=a\",\n            \"ay\": 1997,\n            \"assign\": [\n              \"(t{\"\n            ],\n            \"match\": \"BHU78\",\n            \"satisfy\": [\n              \"Aq\",\n              \"114\",\n              {\n                \"or\": []\n              },\n              {\n                \"or\": []\n              },\n              {\n                \"mc\": \">=185\"\n              }\n            ],\n            \"url\": \"https://o4g-p.pdc1x2kbcupog4b62mcist99ktif6gj0pmsmmjycvhl.nb020z8mp3sgi0qsw33yyoz0hg7h7.ic2gdqaf3ic8k2k0hgqir2yu-b0.oz/,qHF(1E4I/Ao%F2%9B%AE%A7vVb/XP%F3%A5%97%81g9fGDL%F0%BC%B6%A8/BHte%F4%8C%BD%A1T/3W@:/EB/N\",\n            \"info\": \"8\",\n            \"\\\"h\": {\n              \"name\": \"cOZ/\",\n              \"ay\": 1977,\n              \"assign\": \"\",\n              \"match\": {\n                \"pattern\": \"AVX6675U\",\n                \"info\": \"VSE.D)rj.\"\n              },\n              \"satisfy\": \"'.1$SHzBno\",\n              \"url\": \"http://syzr7fwu0km.qadkih6qq9999ompb8pgqovkkho-oi7.5xhnk7-bf96w3hqxhkpju8b1xx74ywp77-3qvc35auf2k5xhvke7.nipeo0tyxs-v9jueirwoayq66m7dj9uoorp.dilgczsx/%F1%B3%9E%BE3%F3%B9%9D%98_4V/&4.9/(O\",\n              \"info\": \"4C|\"\n            }\n          },\n          \"~5x>P=Z*\": {\n            \"ay\": 1979,\n            \"match\": \"GFL*170\",\n            \"satisfy\": {\n              \"and\": [\n                {\n                  \"or\": [\n                    \">s\",\n                    {\n                      \"and\": []\n                    },\n                    {\n                      \"or\": []\n                    },\n                    {\n                      \"or\": [\n                        {\n                          \"or\": [\n                            \"@%E\",\n                            \"`{UBAxB\"\n                          ]\n                        }\n                      ]\n                    },\n                    \"g$Y\\\"ljK*\"\n                  ]\n                },\n                \"sz\",\n                {\n                  \"and\": [\n                    {\n                      \"or\": []\n                    },\n                    \"ruCx9)y1Cs\"\n                  ]\n                },\n                {\n                  \"or\": [\n                    {\n                      \"or\": [\n                        \"|~?LU;=\",\n                        {\n                          \"or\": [\n                            \"QiLv0Z^C\",\n                            \"b?}v890vb\",\n                            \"_k1-GDp\",\n                            \"S:Nv\"\n                          ]\n                        },\n                        \"p6\\\"E<\"\n                      ]\n                    },\n                    {\n                      \"and\": []\n                    },\n                    \"ASjx.C?.),\"\n                  ]\n                },\n                \"\"\n              ]\n            },\n            \"info\": \"sV\"\n          },\n          \"JuY!v*CI\": {\n            \"name\": \")'_Bdi\",\n            \"ay\": 2016,\n            \"assign\": \"!;RhU3\",\n            \"match\": {\n              \"pattern\": \"DYA53\",\n              \"exclude\": [\n                \"QB590F\",\n                \"CQH2**S\",\n                \"CI87\"\n              ],\n              \"info\": \"%eu+G\"\n            },\n            \"satisfy\": {\n              \"or\": [\n                {\n                  \"mc\": \">=133\"\n                }\n              ]\n            },\n            \"info\": \"$0?PF\\\"uh\"\n          },\n          \"o-b8{om\": {\n            \"name\": \"W3]y+PckCY\",\n            \"ay\": 1985,\n            \"assign\": \"P^\",\n            \"url\": \"http://v.i7jbkm89lbit52v1xov0-00w9lq6gsq.qnhyhzocbtxw-z39c1zkyq922q7cfx6e4cds-f3d97c4k.70m2ou7o8xb-w53k7wh3ngr706hdtqo1.aefxsbl/t/9Q/WWg%E3%A0%9E/2V~/V)/6:IiQF6/SK3\",\n            \"info\": \"U0\"\n          },\n          \"?oLq\": {\n            \"ay\": 2025,\n            \"assign\": \"}\",\n            \"satisfy\": {\n              \"or\": [\n                {\n                  \"and\": [\n                    \"$sFby\"\n                  ]\n                },\n                \"\"\n              ]\n            },\n            \"url\": \"https://ue2nx-hj2yf3ftjl6oik2f4.drxuo5n.dkqixgznq/YC&J)%F3%AB%A8%9D/O%F1%A0%B6%AB_MjP;4DC\",\n            \"info\": \"\",\n            \"wyCNr\": {\n              \"ay\": 1958,\n              \"match\": [\n                {\n                  \"pattern\": \"GZ2\",\n                  \"exclude\": [\n                    \"DLM0485C\",\n                    \"DQ*\",\n                    \"UF53\",\n                    \"NSQ583x\"\n                  ],\n                  \"info\": \"jP2+u,P8\"\n                },\n                {\n                  \"pattern\": \"DJ54\",\n                  \"exclude\": [],\n                  \"info\": \"2v\"\n                },\n                {\n                  \"pattern\": \"RX41O\",\n                  \"info\": \"k\"\n                },\n                {\n                  \"or\": [\n                    \"XCF831U\",\n                    \"SA080\",\n                    {\n                      \"pattern\": \"AIT0249\",\n                      \"exclude\": \"KC1x\",\n                      \"info\": \"roUHDp$T&\"\n                    }\n                  ]\n                },\n                \"YEL6xx1\"\n              ],\n              \"satisfy\": [\n                {\n                  \"or\": [\n                    \"*ynmQ\",\n                    \"Pc+r\",\n                    {\n                      \"or\": [\n                        {\n                          \"mc\": \"<=181\"\n                        },\n                        \".B;>!\\\"R!8\",\n                        {\n                          \"or\": [\n                            {\n                              \"mc\": \"<=74\"\n                            }\n                          ]\n                        },\n                        \"4SrONEl\"\n                      ]\n                    },\n                    {\n                      \"and\": [\n                        {\n                          \"or\": [\n                            \"Pec~)g uD\",\n                            \"a1L\\\\X>yJ>H\",\n                            {\n                              \"mc\": \">=124\"\n                            },\n                            {\n                              \"and\": [\n                                \"iwtG:\",\n                                \"Dc8\"\n                              ]\n                            }\n                          ]\n                        },\n                        {\n                          \"and\": [\n                            {\n                              \"mc\": \"<=9\"\n                            },\n                            {\n                              \"or\": [\n                                \"TS;'\",\n                                {\n                                  \"or\": [\n                                    \"\",\n                                    \"tm\",\n                                    \"@,g~((=\"\n                                  ]\n                                },\n                                \"{~9H=4f1p\",\n                                \"\"\n                              ]\n                            },\n                            \"h\",\n                            \":Q\",\n                            {\n                              \"or\": [\n                                \"]ne7'p\",\n                                \"Yz9\",\n                                \"))OC|RD'En\",\n                                \"3jGp\",\n                                \"!7-[v{7j\"\n                              ]\n                            }\n                          ]\n                        },\n                        {\n                          \"mc\": \">=25\"\n                        }\n                      ]\n                    }\n                  ]\n                },\n                {\n                  \"and\": [\n                    {\n                      \"and\": [\n                        {\n                          \"and\": [\n                            {\n                              \"mc\": \">=93\"\n                            },\n                            {\n                              \"or\": [\n                                \"6\",\n                                \"\"\n                              ]\n                            },\n                            \"hTI3z{P\"\n                          ]\n                        }\n                      ]\n                    },\n                    \"\",\n                    {\n                      \"and\": []\n                    },\n                    \"fNe1*oh8\",\n                    \"2Ef#`+UM\"\n                  ]\n                },\n                {\n                  \"and\": []\n                }\n              ]\n            },\n            \")L\": {\n              \"assign\": \":-),u$\",\n              \"match\": {\n                \"and\": [\n                  {\n                    \"pattern\": \"VDS9D\",\n                    \"exclude\": [\n                      \"ABR099x\",\n                      \"WA*K\"\n                    ],\n                    \"info\": \"O\"\n                  },\n                  \"OMK42\",\n                  {\n                    \"or\": [\n                      \"BAI2447\"\n                    ]\n                  },\n                  \"JG40*3J\"\n                ]\n              },\n              \"satisfy\": [\n                {\n                  \"and\": []\n                },\n                {\n                  \"mc\": \">=13\"\n                },\n                {\n                  \"or\": [\n                    {\n                      \"and\": [\n                        \"\\\"\\\"uP\"\n                      ]\n                    },\n                    {\n                      \"and\": [\n                        \"$!&RJ0,X;(\",\n                        {\n                          \"or\": [\n                            \"G-5S/\\\\\",\n                            \"}w,\\\\\",\n                            \"Fi\",\n                            {\n                              \"mc\": \">=49\"\n                            },\n                            {\n                              \"and\": [\n                                \"p=e{\",\n                                \"M\",\n                                {\n                                  \"mc\": \"<=39\"\n                                },\n                                \"l3pfy9cBr)\"\n                              ]\n                            }\n                          ]\n                        },\n                        {\n                          \"mc\": \">=50\"\n                        },\n                        \"k\",\n                        \"xm4}rs\"\n                      ]\n                    },\n                    {\n                      \"and\": [\n                        \"-\",\n                        \"++Kip$:@=\",\n                        \"7F=W' XZB^\",\n                        {\n                          \"and\": [\n                            \"VH_px\",\n                            \"XkNzm`Rb6\",\n                            \"qp?[6fSk$\",\n                            \":X\",\n                            {\n                              \"and\": [\n                                {\n                                  \"or\": [\n                                    \"n\",\n                                    \"c\\\\.\",\n                                    \"i7:?$-nZ.\",\n                                    \"bJVH^.!5ta\",\n                                    {\n                                      \"or\": [\n                                        \"\",\n                                        \"z1^X(~rb \",\n                                        \"<B7f,X)D\",\n                                        \"\"\n                                      ]\n                                    }\n                                  ]\n                                }\n                              ]\n                            }\n                          ]\n                        }\n                      ]\n                    },\n                    {\n                      \"mc\": \">=86\"\n                    }\n                  ]\n                },\n                {\n                  \"and\": [\n                    {\n                      \"mc\": \"<=9\"\n                    },\n                    {\n                      \"or\": [\n                        {\n                          \"and\": [\n                            \"wtyl|\",\n                            \"$BW\",\n                            {\n                              \"and\": [\n                                \"vX'd]S\"\n                              ]\n                            }\n                          ]\n                        },\n                        {\n                          \"and\": [\n                            {\n                              \"mc\": \">=195\"\n                            },\n                            \"H2ZSK\",\n                            {\n                              \"or\": []\n                            },\n                            {\n                              \"mc\": \"<=196\"\n                            }\n                          ]\n                        },\n                        \"-t5K@OE\"\n                      ]\n                    },\n                    {\n                      \"mc\": \"<=157\"\n                    },\n                    \"R><}e%W5Y!\"\n                  ]\n                }\n              ],\n              \"url\": \"https://puhf1gb315vrke8yho8-jue8qups9ufxa.9.zmyspzoe8ubph9c5aiih60bquxdlg99-2o.b2y8u1bwdvovxjjb8qrv4jyrh3tla.awtpobpj/%F1%B1%A1%A92/cr3/%F1%94%96%95dlYFt/pqbu2imczF/WqoA)qKK&%F0%B1%AC%BA/q4i/siF/otB064M/Z-,%F0%B6%A4%BBD/\",\n              \"info\": \"<ANA\"\n            },\n            \"Vvz\": {\n              \"name\": \"Bz\",\n              \"ay\": 2029,\n              \"assign\": [\n                \"E:\",\n                \"~Z'Mc4dD\\\\}\",\n                \"tgID#=jOL\",\n                \"'<T} M(\",\n                \"(<\"\n              ],\n              \"match\": \"ZP4T\",\n              \"url\": \"http://b.2.lffiasw/l6nq@6p//V=cFeC/uKNv/F~2gn$BP/@/S/I_%F3%8B%B0%9Fab%F2%BF%80%90%F3%BA%95%82f/iF\",\n              \"info\": \"\\\"D\"\n            }\n          }\n        }\n      },\n      \"d;\": {\n        \"name\": \"lM</ 28\",\n        \"ay\": 1965,\n        \"assign\": [\n          \"7^QFZUSHz\"\n        ],\n        \"match\": [\n          \"JQY6\",\n          {\n            \"or\": [\n              {\n                \"pattern\": \"BM27N\",\n                \"exclude\": \"RA*24\",\n                \"info\": \"iOGnJ\"\n              },\n              {\n                \"pattern\": \"NZ4\",\n                \"exclude\": [\n                  \"SQ0\",\n                  \"SA9883R\",\n                  \"NUxJ\"\n                ],\n                \"info\": \"fH<\"\n              }\n            ]\n          },\n          {\n            \"pattern\": \"EG586*\",\n            \"exclude\": \"BPAx*7\",\n            \"info\": \"8|B%;\"\n          }\n        ],\n        \"url\": \"http://n.cvx34jfcqum1to0tuy41u756a8-tqws8dw1yx2nh6jr8qfxogdm9s7k0.ueqi-1ymh5y-90hi0mswwp9s28vsxlte8b8bss9.g1meynhmk40bfbbe5jm6o7joq-xg5geh1qpdp0jbu-7539bpdrff.665imvf3wll2da89kuqtwzgp1mz1gaifjn-58yk562p.tpa\",\n        \"info\": \"qW_P\"\n      },\n      \"{aRL\": {\n        \"name\": \"X;3wWX-\\\\R\",\n        \"ay\": 2001,\n        \"assign\": \"e;g0MVe$\",\n        \"match\": \"ERx0*\",\n        \"url\": \"http://0w7a-2j16u662n2t02xlimcj3fvqsam-3uj3p4aj.hmd1wp0yi1y7wtfvpr4oubujp-u2tjok.0cv.zkjgivvliue92mh7fozf3kdrz6dsq4dne9gj-aqg719p3wgvxgqfk83kn5al.2iihs0n3q2pxfs0zwn67al0vog4zksnq22lf9b9mel3p3w8v222s0o8viochs8.dn/%F1%89%87%92$JP_)/BW/!h@v/%F2%86%B8%BF/rOvIs/&N-sq/@eu1G!/(\",\n        \"info\": \"Q\"\n      }\n    }\n  },\n  {\n    \"title\": \"block sample 9\",\n    \"value\": {\n      \"name\": \"HCRj}(TNZ\",\n      \"ay\": 2028,\n      \"match\": {\n        \"or\": [\n          {\n            \"pattern\": \"HYV900Y\",\n            \"exclude\": \"JQ2*46\",\n            \"info\": \"#,2[_Q\"\n          },\n          {\n            \"or\": [\n              {\n                \"or\": [\n                  {\n                    \"pattern\": \"TD1x\",\n                    \"exclude\": \"NA*W\",\n                    \"info\": \"&W\"\n                  },\n                  \"XWU**9H\",\n                  {\n                    \"pattern\": \"TZ406\",\n                    \"info\": \"M:.7/X\\\\yx\"\n                  }\n                ]\n              },\n              \"ILJ574U\",\n              \"NY*90\"\n            ]\n          },\n          {\n            \"or\": [\n              \"QV6\"\n            ]\n          }\n        ]\n      },\n      \"satisfy\": {\n        \"or\": [\n          {\n            \"or\": [\n              \"sh[-dC,\"\n            ]\n          },\n          \"0%\",\n          {\n            \"or\": []\n          },\n          \"vaRNvtv4v#\"\n        ]\n      },\n      \"url\": \"http://8szqjewdtrkif7cm6n9y4tkxwswlq80tpoemw09u0i.4.brxotxjhaw\",\n      \"info\": \"[^D\",\n      \"h\": {\n        \"name\": \"lFQ^\",\n        \"ay\": 1977,\n        \"assign\": \"\",\n        \"satisfy\": {\n          \"mc\": \">=9\"\n        },\n        \"url\": \"http://etv9.bvhfpi/Sc4jX5:G/D2KkOsQ/oqp%F1%A9%8C%B6q/;hAbLT$(7%F2%89%8D%8D/p%F3%B0%B2%ACo/%F3%80%9F%ACWSpW+lhy/YtACtsME\",\n        \"info\": \"%.iZ+Z~jE\"\n      },\n      \"n\": {\n        \"name\": \"w%\",\n        \"ay\": 1990,\n        \"assign\": [],\n        \"url\": \"http://qsyvjm-23ukx52wfxc2ofnrf8bdfzvay1601b8lehst4achieb.5mtmef3o1.2uw.tlnvckxn/L,j03q%F1%AD%95%B2ipk/qyCGOE(/f/u,(jr~/A%F0%A0%AF%8C/%F3%A2%86%9Ce(&k1a9)/\",\n        \"info\": \"wAV\"\n      }\n    }\n  }\n]",
              "code": "fast_check_1.sample(index_test_2.block, 10).forEach((sample, i) => addContext_1.default(this, {\n    title: `block sample ${i}`,\n    value: sample,\n}));\nreturn fast_check_1.assert(fast_check_1.property(index_test_2.block, ajvValidate));",
              "err": {},
              "uuid": "b9be4536-646c-4c73-a5ef-4da1ed9afce2",
              "parentUUID": "3e0c3109-8830-407e-82f8-6a9e0a964044",
              "isHook": false,
              "skipped": false
            },
            {
              "title": "should not validate non-object",
              "fullTitle": "blockSchema should not validate non-object",
              "timedOut": false,
              "duration": 1,
              "state": "passed",
              "speed": "fast",
              "pass": true,
              "fail": false,
              "pending": false,
              "context": null,
              "code": "const error = {\n    instancePath: \"\",\n    message: \"block should be an object\",\n};\nisInvalidBlock(null, error);\nisInvalidBlock(undefined, error);\nisInvalidBlock(10, error);\nisInvalidBlock([12, 24], error);\nisInvalidBlock(\"abc\", error);",
              "err": {},
              "uuid": "e98bc36d-97ab-4762-aa06-f597acc9cc94",
              "parentUUID": "3e0c3109-8830-407e-82f8-6a9e0a964044",
              "isHook": false,
              "skipped": false
            },
            {
              "title": "should not validate block with invalid properties",
              "fullTitle": "blockSchema should not validate block with invalid properties",
              "timedOut": false,
              "duration": 1,
              "state": "passed",
              "speed": "fast",
              "pass": true,
              "fail": false,
              "pending": false,
              "context": null,
              "code": "isInvalidBlock({\n        name: { foo: \"bar\" },\n        ay: -1000,\n        assign: {},\n        match: 1,\n        satisfy: 2,\n        url: { abc: \"def\" },\n        info: 42,\n    }, { instancePath: \"/name\", message: \"property 'name' should be a string\" }, {\n        instancePath: \"/ay\",\n        message: \"property 'ay' should be a positive integer\",\n    }, {\n        instancePath: \"/assign\",\n        message: \"property 'assign' should be either a block ID or an array of block IDs\",\n    }, {\n        instancePath: \"/match\",\n        message: \"property 'match' should be either a match rule or an array of match rules\",\n    }, {\n        instancePath: \"/satisfy\",\n        message: \"property 'satisfy' should be either a satisfy rule or an array of satisfy rules\",\n    }, { instancePath: \"/url\", message: \"property 'url' should be a string\" }, { instancePath: \"/info\", message: \"property 'info' should be a string\" })",
              "err": {},
              "uuid": "cf8bcad3-7de5-4ec2-b939-fa1b4ca99795",
              "parentUUID": "3e0c3109-8830-407e-82f8-6a9e0a964044",
              "isHook": false,
              "skipped": false
            }
          ],
          "suites": [],
          "passes": [
            "b9be4536-646c-4c73-a5ef-4da1ed9afce2",
            "e98bc36d-97ab-4762-aa06-f597acc9cc94",
            "cf8bcad3-7de5-4ec2-b939-fa1b4ca99795"
          ],
          "failures": [],
          "pending": [],
          "skipped": [],
          "duration": 199,
          "root": false,
          "rootEmpty": false,
          "_timeout": 2000
        },
        {
          "uuid": "0eac7394-a718-4222-b3b4-fa44e987bd66",
          "title": "patternToRE",
          "fullFile": "/home/runner/work/planwithus-lib/planwithus-lib/src/matchRule/pattern/satisfiers.test.ts",
          "file": "/src/matchRule/pattern/satisfiers.test.ts",
          "beforeHooks": [],
          "afterHooks": [],
          "tests": [
            {
              "title": "should match valid modules with a single pattern",
              "fullTitle": "patternToRE should match valid modules with a single pattern",
              "timedOut": false,
              "duration": 14,
              "state": "passed",
              "speed": "fast",
              "pass": true,
              "fail": false,
              "pending": false,
              "context": "[\n  {\n    \"title\": \"patternExampleList sample 0\",\n    \"value\": [\n      \"JNR37x5V\",\n      [\n        \"JNR3765V\",\n        \"JNR3745V\",\n        \"JNR3715V\",\n        \"JNR3775V\",\n        \"JNR3795V\",\n        \"JNR3725V\",\n        \"JNR3785V\",\n        \"JNR3755V\",\n        \"JNR3735V\"\n      ]\n    ]\n  },\n  {\n    \"title\": \"patternExampleList sample 1\",\n    \"value\": [\n      \"UYE5\",\n      [\n        \"UYE5\"\n      ]\n    ]\n  },\n  {\n    \"title\": \"patternExampleList sample 2\",\n    \"value\": [\n      \"JT16\",\n      [\n        \"JT16\"\n      ]\n    ]\n  },\n  {\n    \"title\": \"patternExampleList sample 3\",\n    \"value\": [\n      \"BS84H\",\n      [\n        \"BS84H\"\n      ]\n    ]\n  },\n  {\n    \"title\": \"patternExampleList sample 4\",\n    \"value\": [\n      \"JXWx2\",\n      [\n        \"JXW82\"\n      ]\n    ]\n  },\n  {\n    \"title\": \"patternExampleList sample 5\",\n    \"value\": [\n      \"OAQx*O\",\n      [\n        \"OAQ69O\",\n        \"OAQ0X8LM5O\",\n        \"OAQ58MCO7PO\",\n        \"OAQ75O\",\n        \"OAQ1XKA9HQO\",\n        \"OAQ1O\",\n        \"OAQ3RKY5CO\"\n      ]\n    ]\n  },\n  {\n    \"title\": \"patternExampleList sample 6\",\n    \"value\": [\n      \"JY3836\",\n      [\n        \"JY3836\"\n      ]\n    ]\n  },\n  {\n    \"title\": \"patternExampleList sample 7\",\n    \"value\": [\n      \"VNT1736T\",\n      [\n        \"VNT1736T\"\n      ]\n    ]\n  },\n  {\n    \"title\": \"patternExampleList sample 8\",\n    \"value\": [\n      \"KL96*8\",\n      [\n        \"KL96GDQ8\",\n        \"KL968\",\n        \"KL96D3H8\",\n        \"KL96F8\",\n        \"KL967FK7GU8\",\n        \"KL96P9W503NH8\",\n        \"KL96ULHZU8\"\n      ]\n    ]\n  },\n  {\n    \"title\": \"patternExampleList sample 9\",\n    \"value\": [\n      \"GL01xx\",\n      [\n        \"GL0177\",\n        \"GL0195\",\n        \"GL0102\",\n        \"GL0152\",\n        \"GL0114\",\n        \"GL0130\",\n        \"GL0180\",\n        \"GL0115\",\n        \"GL0120\"\n      ]\n    ]\n  }\n]",
              "code": "fast_check_1.sample(index_test_1.patternExampleList, 10).forEach((sample, i) => addContext_1.default(this, {\n    title: `patternExampleList sample ${i}`,\n    value: sample,\n}));\nreturn fast_check_1.assert(fast_check_1.property(index_test_1.patternExampleList, ([patternStr, examples]) => {\n    const re = _1.patternToRE(patternStr);\n    return examples.every(re.test.bind(re));\n}));",
              "err": {},
              "uuid": "e6579c0f-94bc-419b-a155-30eda35b049c",
              "parentUUID": "0eac7394-a718-4222-b3b4-fa44e987bd66",
              "isHook": false,
              "skipped": false
            },
            {
              "title": "should match valid modules with multiple patterns",
              "fullTitle": "patternToRE should match valid modules with multiple patterns",
              "timedOut": false,
              "duration": 71,
              "state": "passed",
              "speed": "medium",
              "pass": true,
              "fail": false,
              "pending": false,
              "context": "[\n  {\n    \"title\": \"patternExampleListArray sample 0\",\n    \"value\": [\n      [\n        \"UQ7T\",\n        [\n          \"UQ7T\"\n        ]\n      ],\n      [\n        \"USU97\",\n        [\n          \"USU97\"\n        ]\n      ],\n      [\n        \"KAHx01*Y\",\n        [\n          \"KAH301Y\",\n          \"KAH4011SGGHHY\",\n          \"KAH30114ILX357Y\"\n        ]\n      ],\n      [\n        \"XU696I\",\n        [\n          \"XU696I\"\n        ]\n      ]\n    ]\n  },\n  {\n    \"title\": \"patternExampleListArray sample 1\",\n    \"value\": [\n      [\n        \"TEV*\",\n        [\n          \"TEVORY\",\n          \"TEVDZAFO7\",\n          \"TEVABKCI1A\",\n          \"TEVCYYARHBF\",\n          \"TEVNW\",\n          \"TEV\",\n          \"TEVO\",\n          \"TEVOX\",\n          \"TEVK\",\n          \"TEVI32\",\n          \"TEVOMJ\",\n          \"TEVFJ8\"\n        ]\n      ],\n      [\n        \"SSMx*83N\",\n        [\n          \"SSM9GJ42XPT83N\",\n          \"SSM5VIBIA883N\",\n          \"SSM4TG783N\",\n          \"SSM4IDWSN7B83N\",\n          \"SSM67FU1MA6D83N\",\n          \"SSM0983N\",\n          \"SSM94683N\",\n          \"SSM2283N\",\n          \"SSM4GI56OJ83N\",\n          \"SSM2DL1983N\"\n        ]\n      ],\n      [\n        \"SP3*E\",\n        [\n          \"SP3E\",\n          \"SP331E\",\n          \"SP32KHVLE\",\n          \"SP34KE\",\n          \"SP35VCH98YE\",\n          \"SP3J0E\",\n          \"SP32OREE\",\n          \"SP3DMH4ZWJE\"\n        ]\n      ],\n      [\n        \"KT3\",\n        [\n          \"KT3\"\n        ]\n      ],\n      [\n        \"JY45D\",\n        [\n          \"JY45D\"\n        ]\n      ],\n      [\n        \"PUU5\",\n        [\n          \"PUU5\"\n        ]\n      ]\n    ]\n  },\n  {\n    \"title\": \"patternExampleListArray sample 2\",\n    \"value\": [\n      [\n        \"AGVx2\",\n        [\n          \"AGV82\",\n          \"AGV62\",\n          \"AGV72\",\n          \"AGV32\",\n          \"AGV92\",\n          \"AGV02\",\n          \"AGV12\",\n          \"AGV42\",\n          \"AGV52\"\n        ]\n      ],\n      [\n        \"CF1H\",\n        [\n          \"CF1H\"\n        ]\n      ],\n      [\n        \"KF0X\",\n        [\n          \"KF0X\"\n        ]\n      ],\n      [\n        \"GP0\",\n        [\n          \"GP0\"\n        ]\n      ],\n      [\n        \"YI*7\",\n        [\n          \"YI4ZEDS7\",\n          \"YI7\",\n          \"YIZG7\",\n          \"YILWTU7\",\n          \"YI0OGDI7\",\n          \"YI7A7\",\n          \"YIIV7CKJA7\",\n          \"YICTL4KD7\",\n          \"YIUQFIV8TB7\"\n        ]\n      ],\n      [\n        \"YW9x27\",\n        [\n          \"YW9927\",\n          \"YW9327\",\n          \"YW9527\",\n          \"YW9627\",\n          \"YW9827\"\n        ]\n      ],\n      [\n        \"BX19I\",\n        [\n          \"BX19I\"\n        ]\n      ],\n      [\n        \"NN4\",\n        [\n          \"NN4\"\n        ]\n      ],\n      [\n        \"UL37Q\",\n        [\n          \"UL37Q\"\n        ]\n      ],\n      [\n        \"YK547\",\n        [\n          \"YK547\"\n        ]\n      ],\n      [\n        \"GDK509Y\",\n        [\n          \"GDK509Y\"\n        ]\n      ]\n    ]\n  },\n  {\n    \"title\": \"patternExampleListArray sample 3\",\n    \"value\": [\n      [\n        \"VIO*9*\",\n        [\n          \"VIOVRADQ9UUV\",\n          \"VIO9\",\n          \"VIOLYTJ7798J\",\n          \"VIOUW8WX4NG9RA8JYSH\",\n          \"VIOZ49\",\n          \"VIOED9ZFG29B\"\n        ]\n      ],\n      [\n        \"DWB3\",\n        [\n          \"DWB3\"\n        ]\n      ]\n    ]\n  },\n  {\n    \"title\": \"patternExampleListArray sample 4\",\n    \"value\": [\n      [\n        \"VNE85x\",\n        [\n          \"VNE853\",\n          \"VNE859\",\n          \"VNE850\",\n          \"VNE852\",\n          \"VNE856\",\n          \"VNE855\",\n          \"VNE858\",\n          \"VNE857\",\n          \"VNE854\"\n        ]\n      ],\n      [\n        \"AW629\",\n        [\n          \"AW629\"\n        ]\n      ],\n      [\n        \"VRL469\",\n        [\n          \"VRL469\"\n        ]\n      ],\n      [\n        \"YBx50\",\n        [\n          \"YB750\",\n          \"YB150\",\n          \"YB950\",\n          \"YB450\",\n          \"YB650\"\n        ]\n      ],\n      [\n        \"RWB44P\",\n        [\n          \"RWB44P\"\n        ]\n      ],\n      [\n        \"LN6A\",\n        [\n          \"LN6A\"\n        ]\n      ],\n      [\n        \"NR228xH\",\n        [\n          \"NR2288H\",\n          \"NR2287H\",\n          \"NR2289H\"\n        ]\n      ],\n      [\n        \"AST2229\",\n        [\n          \"AST2229\"\n        ]\n      ],\n      [\n        \"ZFA41Y\",\n        [\n          \"ZFA41Y\"\n        ]\n      ]\n    ]\n  },\n  {\n    \"title\": \"patternExampleListArray sample 5\",\n    \"value\": [\n      [\n        \"JD12O\",\n        [\n          \"JD12O\"\n        ]\n      ],\n      [\n        \"OGx08M\",\n        [\n          \"OG408M\",\n          \"OG608M\",\n          \"OG108M\",\n          \"OG908M\"\n        ]\n      ],\n      [\n        \"JJ44S\",\n        [\n          \"JJ44S\"\n        ]\n      ],\n      [\n        \"TH4\",\n        [\n          \"TH4\"\n        ]\n      ]\n    ]\n  },\n  {\n    \"title\": \"patternExampleListArray sample 6\",\n    \"value\": [\n      [\n        \"SHG627C\",\n        [\n          \"SHG627C\"\n        ]\n      ],\n      [\n        \"LG*15x\",\n        [\n          \"LGR16I151\",\n          \"LG2154\",\n          \"LGF3BWQ154\",\n          \"LGRRUK1151\",\n          \"LGTYW151\"\n        ]\n      ],\n      [\n        \"OA*77\",\n        [\n          \"OAJUHP6LW77\",\n          \"OA77\"\n        ]\n      ],\n      [\n        \"DH*G\",\n        [\n          \"DHUWG\",\n          \"DH4BKFCG\",\n          \"DHG\",\n          \"DHV89XNG\",\n          \"DHO7TRKG\",\n          \"DH3IO7NIMAG\",\n          \"DHOW9E673NG\",\n          \"DHOG\",\n          \"DHJYK6CG\"\n        ]\n      ]\n    ]\n  },\n  {\n    \"title\": \"patternExampleListArray sample 7\",\n    \"value\": [\n      [\n        \"CGx86x\",\n        [\n          \"CG9866\",\n          \"CG8865\",\n          \"CG8866\",\n          \"CG2868\",\n          \"CG7863\",\n          \"CG0861\",\n          \"CG8868\",\n          \"CG6860\",\n          \"CG0865\",\n          \"CG9864\",\n          \"CG4863\",\n          \"CG3860\"\n        ]\n      ],\n      [\n        \"WR5*3xT\",\n        [\n          \"WR5737T\",\n          \"WR5IWT332T\",\n          \"WR5CY131T\",\n          \"WR5CEJL838T\",\n          \"WR5T0CT39T\",\n          \"WR5ANWRO3T31T\"\n        ]\n      ],\n      [\n        \"OO*9\",\n        [\n          \"OOI8H2APM9\"\n        ]\n      ],\n      [\n        \"CN76\",\n        [\n          \"CN76\"\n        ]\n      ],\n      [\n        \"XI752\",\n        [\n          \"XI752\"\n        ]\n      ],\n      [\n        \"XI2\",\n        [\n          \"XI2\"\n        ]\n      ],\n      [\n        \"OP1K\",\n        [\n          \"OP1K\"\n        ]\n      ],\n      [\n        \"GN7D\",\n        [\n          \"GN7D\"\n        ]\n      ],\n      [\n        \"ZMM37\",\n        [\n          \"ZMM37\"\n        ]\n      ],\n      [\n        \"LM70\",\n        [\n          \"LM70\"\n        ]\n      ]\n    ]\n  },\n  {\n    \"title\": \"patternExampleListArray sample 8\",\n    \"value\": [\n      [\n        \"LYI82**X\",\n        [\n          \"LYI82DJXFGDLJS8Q54YY6X\",\n          \"LYI82QOCH0G565X\",\n          \"LYI827LE0MLCPZHX\",\n          \"LYI82ZK9NTQ9JZX\",\n          \"LYI82HJHN5IX\",\n          \"LYI827M4AUX\",\n          \"LYI822BBG1A8T54RPX\",\n          \"LYI82LBX\",\n          \"LYI82SB4P0KX\",\n          \"LYI827DXYSHKZVNX\"\n        ]\n      ],\n      [\n        \"RX34\",\n        [\n          \"RX34\"\n        ]\n      ],\n      [\n        \"OIA64\",\n        [\n          \"OIA64\"\n        ]\n      ],\n      [\n        \"ML*\",\n        [\n          \"MLGX07A3W\",\n          \"ML4ZDJ9I\",\n          \"MLG\",\n          \"ML75LWZZDC\"\n        ]\n      ],\n      [\n        \"YKR2617H\",\n        [\n          \"YKR2617H\"\n        ]\n      ]\n    ]\n  },\n  {\n    \"title\": \"patternExampleListArray sample 9\",\n    \"value\": [\n      [\n        \"LUZ0057S\",\n        [\n          \"LUZ0057S\"\n        ]\n      ],\n      [\n        \"POF3x1\",\n        [\n          \"POF351\",\n          \"POF321\",\n          \"POF361\"\n        ]\n      ],\n      [\n        \"IZ8*6*R\",\n        [\n          \"IZ860G1KXR\",\n          \"IZ8ZYJHOZQ6R\",\n          \"IZ8KS2ZL969O0SBPZ8R\",\n          \"IZ8IL312RK69H1U8R\",\n          \"IZ867R\",\n          \"IZ8KT9GX56M2R\",\n          \"IZ8JZC3UNI6BO9R\"\n        ]\n      ]\n    ]\n  }\n]",
              "code": "const patternExampleListArray = fast_check_1.array(index_test_1.patternExampleList, { minLength: 1 });\nfast_check_1.sample(patternExampleListArray, 10).forEach((sample, i) => addContext_1.default(this, {\n    title: `patternExampleListArray sample ${i}`,\n    value: sample,\n}));\nreturn fast_check_1.assert(fast_check_1.property(patternExampleListArray, (ts) => {\n    const re = _1.patternToRE(...ts.map(([patternStr]) => patternStr));\n    return ts\n        .map(([, examples]) => examples)\n        .flat()\n        .every(re.test.bind(re));\n}));",
              "err": {},
              "uuid": "ad9b607b-13e0-4c46-b64b-ef416c2dbbf5",
              "parentUUID": "0eac7394-a718-4222-b3b4-fa44e987bd66",
              "isHook": false,
              "skipped": false
            },
            {
              "title": "should not match x to non-number",
              "fullTitle": "patternToRE should not match x to non-number",
              "timedOut": false,
              "duration": 0,
              "state": "passed",
              "speed": "fast",
              "pass": true,
              "fail": false,
              "pending": false,
              "context": null,
              "code": "const re = _1.patternToRE(\"x\");\n[\"A\", \"Z\", \"c\", \"#\"].forEach((example) => isInvalidExample(re, example));",
              "err": {},
              "uuid": "3a5d2731-702c-4321-8f8c-7767d82302cb",
              "parentUUID": "0eac7394-a718-4222-b3b4-fa44e987bd66",
              "isHook": false,
              "skipped": false
            },
            {
              "title": "should not match * to a substring composed of characters other than A-Z and 0-9",
              "fullTitle": "patternToRE should not match * to a substring composed of characters other than A-Z and 0-9",
              "timedOut": false,
              "duration": 0,
              "state": "passed",
              "speed": "fast",
              "pass": true,
              "fail": false,
              "pending": false,
              "context": null,
              "code": "const re = _1.patternToRE(\"*\");\n[\"c\", \"Ac\", \"cA\", \"0Ax\", \"x0A\", \"BA#\", \"#AB\"].forEach((example) => isInvalidExample(re, example));",
              "err": {},
              "uuid": "fb67af68-81ab-4807-af54-6466c2520331",
              "parentUUID": "0eac7394-a718-4222-b3b4-fa44e987bd66",
              "isHook": false,
              "skipped": false
            },
            {
              "title": "should not match substrings",
              "fullTitle": "patternToRE should not match substrings",
              "timedOut": false,
              "duration": 0,
              "state": "passed",
              "speed": "fast",
              "pass": true,
              "fail": false,
              "pending": false,
              "context": null,
              "code": "const re = _1.patternToRE(\"A*xC\");\n[\"A1CZ\", \"AC1CZ\", \"ZA1C\", \"ZAC1C\", \"ZA1CZ\", \"ZAC1CZ\"].forEach((example) => isInvalidExample(re, example));",
              "err": {},
              "uuid": "9a2fa2c4-2517-45c2-8238-f0b0729c8e1d",
              "parentUUID": "0eac7394-a718-4222-b3b4-fa44e987bd66",
              "isHook": false,
              "skipped": false
            }
          ],
          "suites": [],
          "passes": [
            "e6579c0f-94bc-419b-a155-30eda35b049c",
            "ad9b607b-13e0-4c46-b64b-ef416c2dbbf5",
            "3a5d2731-702c-4321-8f8c-7767d82302cb",
            "fb67af68-81ab-4807-af54-6466c2520331",
            "9a2fa2c4-2517-45c2-8238-f0b0729c8e1d"
          ],
          "failures": [],
          "pending": [],
          "skipped": [],
          "duration": 85,
          "root": false,
          "rootEmpty": false,
          "_timeout": 2000
        },
        {
          "uuid": "d336558d-f11a-4288-933d-0d6531331d59",
          "title": "patternSatisfier",
          "fullFile": "/home/runner/work/planwithus-lib/planwithus-lib/src/matchRule/pattern/satisfiers.test.ts",
          "file": "/src/matchRule/pattern/satisfiers.test.ts",
          "beforeHooks": [],
          "afterHooks": [],
          "tests": [
            {
              "title": "should assign all modules with *",
              "fullTitle": "patternSatisfier should assign all modules with *",
              "timedOut": false,
              "duration": 1,
              "state": "passed",
              "speed": "fast",
              "pass": true,
              "fail": false,
              "pending": false,
              "context": null,
              "code": "const { assign } = satisfiers_1.patternSatisfier(ref, \"*\");\nisCorrectAssign(assign, modulesList1, modulesList1.map(([moduleStr]) => moduleStr));",
              "err": {},
              "uuid": "996ac689-5ba8-4473-b989-adb2a610ce3c",
              "parentUUID": "d336558d-f11a-4288-933d-0d6531331d59",
              "isHook": false,
              "skipped": false
            },
            {
              "title": "should assign only valid modules with pattern containing *",
              "fullTitle": "patternSatisfier should assign only valid modules with pattern containing *",
              "timedOut": false,
              "duration": 0,
              "state": "passed",
              "speed": "fast",
              "pass": true,
              "fail": false,
              "pending": false,
              "context": null,
              "code": "const { assign } = satisfiers_1.patternSatisfier(ref, \"CS2*\");\nisCorrectAssign(assign, modulesList1, [\"CS2100\", \"CS2040S\", \"CS2030\"]);",
              "err": {},
              "uuid": "d7c912e7-1921-4521-9fdd-3e45941c54d5",
              "parentUUID": "d336558d-f11a-4288-933d-0d6531331d59",
              "isHook": false,
              "skipped": false
            },
            {
              "title": "should assign only valid modules with pattern containing x",
              "fullTitle": "patternSatisfier should assign only valid modules with pattern containing x",
              "timedOut": false,
              "duration": 1,
              "state": "passed",
              "speed": "fast",
              "pass": true,
              "fail": false,
              "pending": false,
              "context": null,
              "code": "const { assign } = satisfiers_1.patternSatisfier(ref, \"CS20xx\");\nisCorrectAssign(assign, modulesList1, [\"CS2030\"]);",
              "err": {},
              "uuid": "280ef124-1553-4ed1-b3c8-46e63b873974",
              "parentUUID": "d336558d-f11a-4288-933d-0d6531331d59",
              "isHook": false,
              "skipped": false
            },
            {
              "title": "should assign only valid modules with pattern containing x and *",
              "fullTitle": "patternSatisfier should assign only valid modules with pattern containing x and *",
              "timedOut": false,
              "duration": 0,
              "state": "passed",
              "speed": "fast",
              "pass": true,
              "fail": false,
              "pending": false,
              "context": null,
              "code": "const { assign } = satisfiers_1.patternSatisfier(ref, \"CS20xx*\");\nisCorrectAssign(assign, modulesList1, [\"CS2040S\", \"CS2030\"]);",
              "err": {},
              "uuid": "95e34916-5170-4edd-b539-3ad510f4c7b1",
              "parentUUID": "d336558d-f11a-4288-933d-0d6531331d59",
              "isHook": false,
              "skipped": false
            }
          ],
          "suites": [],
          "passes": [
            "996ac689-5ba8-4473-b989-adb2a610ce3c",
            "d7c912e7-1921-4521-9fdd-3e45941c54d5",
            "280ef124-1553-4ed1-b3c8-46e63b873974",
            "95e34916-5170-4edd-b539-3ad510f4c7b1"
          ],
          "failures": [],
          "pending": [],
          "skipped": [],
          "duration": 2,
          "root": false,
          "rootEmpty": false,
          "_timeout": 2000
        },
        {
          "uuid": "c3d9a319-3526-48db-85ba-36e005bad32b",
          "title": "patternSchema",
          "fullFile": "/home/runner/work/planwithus-lib/planwithus-lib/src/matchRule/pattern/schemas.test.ts",
          "file": "/src/matchRule/pattern/schemas.test.ts",
          "beforeHooks": [],
          "afterHooks": [],
          "tests": [
            {
              "title": "should validate non-empty pattern composed of A-Z, 0-9, x or *",
              "fullTitle": "patternSchema should validate non-empty pattern composed of A-Z, 0-9, x or *",
              "timedOut": false,
              "duration": 2,
              "state": "passed",
              "speed": "fast",
              "pass": true,
              "fail": false,
              "pending": false,
              "context": "[\n  {\n    \"title\": \"pattern sample 0\",\n    \"value\": \"GKx67X\"\n  },\n  {\n    \"title\": \"pattern sample 1\",\n    \"value\": \"ME480\"\n  },\n  {\n    \"title\": \"pattern sample 2\",\n    \"value\": \"PPA7*B\"\n  },\n  {\n    \"title\": \"pattern sample 3\",\n    \"value\": \"FGP81\"\n  },\n  {\n    \"title\": \"pattern sample 4\",\n    \"value\": \"VQ2Q\"\n  },\n  {\n    \"title\": \"pattern sample 5\",\n    \"value\": \"AY8x\"\n  },\n  {\n    \"title\": \"pattern sample 6\",\n    \"value\": \"TW0\"\n  },\n  {\n    \"title\": \"pattern sample 7\",\n    \"value\": \"JC83\"\n  },\n  {\n    \"title\": \"pattern sample 8\",\n    \"value\": \"XAA76\"\n  },\n  {\n    \"title\": \"pattern sample 9\",\n    \"value\": \"JWT63\"\n  }\n]",
              "code": "fast_check_1.sample(index_test_2.pattern, 10).forEach((sample, i) => addContext_1.default(this, {\n    title: `pattern sample ${i}`,\n    value: sample,\n}));\nreturn fast_check_1.assert(fast_check_1.property(index_test_2.pattern, ajvValidate), {\n    examples: [[\"*\"], [\"ACC1002\"], [\"IS1103\"], [\"CS1231S\"], [\"MA1102R\"]],\n});",
              "err": {},
              "uuid": "d2b633c1-8d84-4c77-afa2-af2aef896edc",
              "parentUUID": "c3d9a319-3526-48db-85ba-36e005bad32b",
              "isHook": false,
              "skipped": false
            },
            {
              "title": "should not validate empty pattern",
              "fullTitle": "patternSchema should not validate empty pattern",
              "timedOut": false,
              "duration": 0,
              "state": "passed",
              "speed": "fast",
              "pass": true,
              "fail": false,
              "pending": false,
              "context": null,
              "code": "isInvalidPattern(\"\")",
              "err": {},
              "uuid": "d5f4c481-b5de-42b7-b828-89b8d05f6476",
              "parentUUID": "c3d9a319-3526-48db-85ba-36e005bad32b",
              "isHook": false,
              "skipped": false
            },
            {
              "title": "should not validate pattern with invalid characters",
              "fullTitle": "patternSchema should not validate pattern with invalid characters",
              "timedOut": false,
              "duration": 1,
              "state": "passed",
              "speed": "fast",
              "pass": true,
              "fail": false,
              "pending": false,
              "context": null,
              "code": "[\"AB123a\", \"Ac123a\", \"AB123^S\", \"AB1*3^S\", \"$A1*3^S\", \"/A1x33S\"].forEach(isInvalidPattern)",
              "err": {},
              "uuid": "58053f81-7496-4e50-bcce-9ecf5c401a1e",
              "parentUUID": "c3d9a319-3526-48db-85ba-36e005bad32b",
              "isHook": false,
              "skipped": false
            }
          ],
          "suites": [],
          "passes": [
            "d2b633c1-8d84-4c77-afa2-af2aef896edc",
            "d5f4c481-b5de-42b7-b828-89b8d05f6476",
            "58053f81-7496-4e50-bcce-9ecf5c401a1e"
          ],
          "failures": [],
          "pending": [],
          "skipped": [],
[...]
              "fullTitle": "inequalitySatisfier should truncate list of modules with upper bound of MCs at exact cutoff if total MC count is higher and there exists some starting sequence with exact MC count",
              "timedOut": false,
              "duration": 0,
              "state": "passed",
              "speed": "fast",
              "pass": true,
              "fail": false,
              "pending": false,
              "context": null,
              "code": "const satisfier = satisfiers_1.inequalitySatisfier(ref, \"<=16\");\nsatisfier.should.have.property(\"filter\");\nconst { filter } = satisfier;\nisCorrectFilter(filter, modulesList1, [\n    \"CS2100\",\n    \"GER1000\",\n    \"CS2040S\",\n    \"ST2131\",\n]);",
              "err": {},
              "uuid": "da9d1549-baa9-4db4-90a1-15dd43514330",
              "parentUUID": "ca4d8392-d6a5-47b3-b00d-ddeabf26211d",
              "isHook": false,
              "skipped": false
            },
            {
              "title": "should truncate list of modules with upper bound of MCs, cutting off at the minimum starting sequence that exceeds upper bound, if total MC count is higher and there exists no starting sequence with exact MC count",
              "fullTitle": "inequalitySatisfier should truncate list of modules with upper bound of MCs, cutting off at the minimum starting sequence that exceeds upper bound, if total MC count is higher and there exists no starting sequence with exact MC count",
              "timedOut": false,
              "duration": 0,
              "state": "passed",
              "speed": "fast",
              "pass": true,
              "fail": false,
              "pending": false,
              "context": null,
              "code": "const satisfier = satisfiers_1.inequalitySatisfier(ref, \"<=17\");\nsatisfier.should.have.property(\"filter\");\nconst { filter } = satisfier;\nisCorrectFilter(filter, modulesList1, [\n    \"CS2100\",\n    \"GER1000\",\n    \"CS2040S\",\n    \"ST2131\",\n    \"MA1521\",\n]);",
              "err": {},
              "uuid": "5e123de1-9611-4648-ab0b-8e473a60dca7",
              "parentUUID": "ca4d8392-d6a5-47b3-b00d-ddeabf26211d",
              "isHook": false,
              "skipped": false
            }
          ],
          "suites": [],
          "passes": [
            "30d79f92-66a3-4ae2-8ad4-f031ae5adbcf",
            "fc629e6a-6042-4656-a021-f4f275d76dfc",
            "dcb76d56-03f8-42b1-9c47-b3fc28350812",
            "f38f2e25-f954-4003-ad92-0059eed6d635",
            "1948739f-0104-499b-a47d-7f350d1c62e1",
            "da9d1549-baa9-4db4-90a1-15dd43514330",
            "5e123de1-9611-4648-ab0b-8e473a60dca7"
          ],
          "failures": [],
          "pending": [],
          "skipped": [],
          "duration": 3,
          "root": false,
          "rootEmpty": false,
          "_timeout": 2000
        },
        {
          "uuid": "fd126b40-07cc-41d6-ba46-a97a8b8acd35",
          "title": "inequalitySchema",
          "fullFile": "/home/runner/work/planwithus-lib/planwithus-lib/src/satisfyRule/inequality/schemas.test.ts",
          "file": "/src/satisfyRule/inequality/schemas.test.ts",
          "beforeHooks": [],
          "afterHooks": [],
          "tests": [
            {
              "title": "should validate inequality in the form <=n or >=n",
              "fullTitle": "inequalitySchema should validate inequality in the form <=n or >=n",
              "timedOut": false,
              "duration": 1,
              "state": "passed",
              "speed": "fast",
              "pass": true,
              "fail": false,
              "pending": false,
              "context": "[\n  {\n    \"title\": \"inequality sample 0\",\n    \"value\": \">=199\"\n  },\n  {\n    \"title\": \"inequality sample 1\",\n    \"value\": \">=194\"\n  },\n  {\n    \"title\": \"inequality sample 2\",\n    \"value\": \"<=4\"\n  },\n  {\n    \"title\": \"inequality sample 3\",\n    \"value\": \">=186\"\n  },\n  {\n    \"title\": \"inequality sample 4\",\n    \"value\": \"<=46\"\n  },\n  {\n    \"title\": \"inequality sample 5\",\n    \"value\": \"<=96\"\n  },\n  {\n    \"title\": \"inequality sample 6\",\n    \"value\": \">=199\"\n  },\n  {\n    \"title\": \"inequality sample 7\",\n    \"value\": \"<=132\"\n  },\n  {\n    \"title\": \"inequality sample 8\",\n    \"value\": \">=156\"\n  },\n  {\n    \"title\": \"inequality sample 9\",\n    \"value\": \">=7\"\n  }\n]",
              "code": "fast_check_1.sample(index_test_2.inequality, 10).forEach((sample, i) => addContext_1.default(this, {\n    title: `inequality sample ${i}`,\n    value: sample,\n}));\nreturn fast_check_1.assert(fast_check_1.property(index_test_2.inequality, ajvValidate));",
              "err": {},
              "uuid": "0a1af804-4ac1-456f-999a-a622994d6d78",
              "parentUUID": "fd126b40-07cc-41d6-ba46-a97a8b8acd35",
              "isHook": false,
              "skipped": false
            },
            {
              "title": "should not validate inequality of invalid form",
              "fullTitle": "inequalitySchema should not validate inequality of invalid form",
              "timedOut": false,
              "duration": 1,
              "state": "passed",
              "speed": "fast",
              "pass": true,
              "fail": false,
              "pending": false,
              "context": null,
              "code": "[\n        \"\",\n        \"==23\",\n        \"23\",\n        \"<23\",\n        \">23\",\n        \"<=-1\",\n        \">=-1\",\n        \"<= 2\",\n        \">= 1\",\n        \"> 3\",\n        \"< 3\",\n        \"<=3a\",\n        \">=3a\",\n        \"a<=3\",\n        \"a>=3\",\n    ].forEach(isInvalidInequality)",
              "err": {},
              "uuid": "503ee1b3-c3c7-4e5e-96e1-91768964ebf0",
              "parentUUID": "fd126b40-07cc-41d6-ba46-a97a8b8acd35",
              "isHook": false,
              "skipped": false
            }
          ],
          "suites": [],
          "passes": [
            "0a1af804-4ac1-456f-999a-a622994d6d78",
            "503ee1b3-c3c7-4e5e-96e1-91768964ebf0"
          ],
          "failures": [],
          "pending": [],
          "skipped": [],
          "duration": 2,
          "root": false,
          "rootEmpty": false,
          "_timeout": 2000
        },
        {
          "uuid": "e7a9f838-81b3-4e31-827a-bde033d6c308",
          "title": "satisfyRuleSchema",
          "fullFile": "/home/runner/work/planwithus-lib/planwithus-lib/src/satisfyRule/schemas.test.ts",
          "file": "/src/satisfyRule/schemas.test.ts",
          "beforeHooks": [],
          "afterHooks": [],
          "tests": [
            {
              "title": "should validate satisfy rule with valid block id",
              "fullTitle": "satisfyRuleSchema should validate satisfy rule with valid block id",
              "timedOut": false,
              "duration": 1,
              "state": "passed",
              "speed": "fast",
              "pass": true,
              "fail": false,
              "pending": false,
              "context": null,
              "code": "fast_check_1.assert(fast_check_1.property(fast_check_1.string(), ajvValidate)",
              "err": {},
              "uuid": "903fafec-2ed1-4287-afdf-fd57d929e3c5",
              "parentUUID": "e7a9f838-81b3-4e31-827a-bde033d6c308",
              "isHook": false,
              "skipped": false
            },
            {
              "title": "should validate satisfy rules with valid mc",
              "fullTitle": "satisfyRuleSchema should validate satisfy rules with valid mc",
              "timedOut": false,
              "duration": 2,
              "state": "passed",
              "speed": "fast",
              "pass": true,
              "fail": false,
              "pending": false,
              "context": "[\n  {\n    \"title\": \"mcSatisfyRule sample 0\",\n    \"value\": {\n      \"mc\": \">=123\"\n    }\n  },\n  {\n    \"title\": \"mcSatisfyRule sample 1\",\n    \"value\": {\n      \"mc\": \"<=160\"\n    }\n  },\n  {\n    \"title\": \"mcSatisfyRule sample 2\",\n    \"value\": {\n      \"mc\": \"<=179\"\n    }\n  },\n  {\n    \"title\": \"mcSatisfyRule sample 3\",\n    \"value\": {\n      \"mc\": \">=198\"\n    }\n  },\n  {\n    \"title\": \"mcSatisfyRule sample 4\",\n    \"value\": {\n      \"mc\": \">=164\"\n    }\n  },\n  {\n    \"title\": \"mcSatisfyRule sample 5\",\n    \"value\": {\n      \"mc\": \">=178\"\n    }\n  },\n  {\n    \"title\": \"mcSatisfyRule sample 6\",\n    \"value\": {\n      \"mc\": \"<=198\"\n    }\n  },\n  {\n    \"title\": \"mcSatisfyRule sample 7\",\n    \"value\": {\n      \"mc\": \">=1\"\n    }\n  },\n  {\n    \"title\": \"mcSatisfyRule sample 8\",\n    \"value\": {\n      \"mc\": \"<=7\"\n    }\n  },\n  {\n    \"title\": \"mcSatisfyRule sample 9\",\n    \"value\": {\n      \"mc\": \">=137\"\n    }\n  }\n]",
              "code": "fast_check_1.sample(index_test_2.mcSatisfyRule, 10).forEach((sample, i) => addContext_1.default(this, {\n    title: `mcSatisfyRule sample ${i}`,\n    value: sample,\n}));\nreturn fast_check_1.assert(fast_check_1.property(index_test_2.mcSatisfyRule, ajvValidate));",
              "err": {},
              "uuid": "2fd9f1b6-da89-485c-a5c3-b8a007e1ea13",
              "parentUUID": "e7a9f838-81b3-4e31-827a-bde033d6c308",
              "isHook": false,
              "skipped": false
            },
            {
              "title": "should validate valid recursive satisfy rules",
              "fullTitle": "satisfyRuleSchema should validate valid recursive satisfy rules",
              "timedOut": false,
              "duration": 4,
              "state": "passed",
              "speed": "fast",
              "pass": true,
              "fail": false,
              "pending": false,
              "context": "[\n  {\n    \"title\": \"satisfyRule sample 0\",\n    \"value\": {\n      \"mc\": \">=188\"\n    }\n  },\n  {\n    \"title\": \"satisfyRule sample 1\",\n    \"value\": {\n      \"or\": [\n        {\n          \"and\": [\n            {\n              \"mc\": \">=74\"\n            },\n            {\n              \"or\": []\n            },\n            {\n              \"mc\": \">=93\"\n            },\n            \"~ t!{9z$b\",\n            \"%eQ?w\"\n          ]\n        },\n        {\n          \"mc\": \"<=196\"\n        }\n      ]\n    }\n  },\n  {\n    \"title\": \"satisfyRule sample 2\",\n    \"value\": {\n      \"mc\": \"<=196\"\n    }\n  },\n  {\n    \"title\": \"satisfyRule sample 3\",\n    \"value\": {\n      \"or\": [\n        {\n          \"mc\": \"<=9\"\n        },\n        \"QN~`\"\n      ]\n    }\n  },\n  {\n    \"title\": \"satisfyRule sample 4\",\n    \"value\": \"AL\"\n  },\n  {\n    \"title\": \"satisfyRule sample 5\",\n    \"value\": \"\"\n  },\n  {\n    \"title\": \"satisfyRule sample 6\",\n    \"value\": {\n      \"and\": [\n        \"\",\n        {\n          \"mc\": \">=179\"\n        },\n        {\n          \"or\": [\n            \"a~vM*`\",\n            \"_.7cX2TyB\",\n            \"{~\",\n            {\n              \"or\": [\n                \"Dz{-IAsL\",\n                \"B>l57`b.W\"\n              ]\n            }\n          ]\n        },\n        {\n          \"or\": [\n            {\n              \"and\": [\n                {\n                  \"or\": [\n                    \"o:+F{,c6)]\",\n                    \"6KOR\"\n                  ]\n                },\n                \"&\",\n                {\n                  \"mc\": \">=180\"\n                },\n                {\n                  \"and\": [\n                    \"q\\\"k;[J2`}t\",\n                    {\n                      \"and\": [\n                        \"~*6%#!d\",\n                        \"1\",\n                        \"pZZ'2!\\\"~5\",\n                        \"!H'\"\n                      ]\n                    }\n                  ]\n                },\n                \"\\\\\"\n              ]\n            },\n            \"ox^6]\",\n            \"P\\\"ClP]&hJ\\\"\",\n            {\n              \"or\": [\n                \"J:Bd'p\"\n              ]\n            }\n          ]\n        },\n        {\n          \"or\": [\n            \"Orh_e{)+S\",\n            \"kL3|Kt/=+{\"\n          ]\n        }\n      ]\n    }\n  },\n  {\n    \"title\": \"satisfyRule sample 7\",\n    \"value\": {\n      \"mc\": \"<=190\"\n    }\n  },\n  {\n    \"title\": \"satisfyRule sample 8\",\n    \"value\": {\n      \"or\": [\n        {\n          \"and\": [\n            {\n              \"and\": [\n                \"(\",\n                {\n                  \"mc\": \"<=181\"\n                }\n              ]\n            }\n          ]\n        },\n        {\n          \"mc\": \"<=194\"\n        },\n        \"YKq>K\"\n      ]\n    }\n  },\n  {\n    \"title\": \"satisfyRule sample 9\",\n    \"value\": {\n      \"or\": [\n        {\n          \"mc\": \"<=182\"\n        },\n        {\n          \"or\": [\n            {\n              \"mc\": \">=19\"\n            }\n          ]\n        },\n        {\n          \"mc\": \">=180\"\n        }\n      ]\n    }\n  }\n]",
              "code": "fast_check_1.sample(index_test_2.satisfyRule, 10).forEach((sample, i) => addContext_1.default(this, {\n    title: `satisfyRule sample ${i}`,\n    value: sample,\n}));\nreturn fast_check_1.assert(fast_check_1.property(index_test_2.satisfyRule, ajvValidate));",
              "err": {},
              "uuid": "0dad9fe8-18ac-489c-86a3-a4c9b637724b",
              "parentUUID": "e7a9f838-81b3-4e31-827a-bde033d6c308",
              "isHook": false,
              "skipped": false
            },
            {
              "title": "should not validate non-string/object",
              "fullTitle": "satisfyRuleSchema should not validate non-string/object",
              "timedOut": false,
              "duration": 1,
              "state": "passed",
              "speed": "fast",
              "pass": true,
              "fail": false,
              "pending": false,
              "context": null,
              "code": "const error = {\n    instancePath: \"\",\n    message: \"satisfy rule should be either a string or an object\",\n};\nisInvalidRule(null, error);\nisInvalidRule(undefined, error);\nisInvalidRule(10, error);\nisInvalidRule([12, 24], error);",
              "err": {},
              "uuid": "302d7d47-6311-4a61-9a0c-a789b3f1c707",
              "parentUUID": "e7a9f838-81b3-4e31-827a-bde033d6c308",
              "isHook": false,
              "skipped": false
            },
            {
              "title": "should not validate satisfy rules with extra properties",
              "fullTitle": "satisfyRuleSchema should not validate satisfy rules with extra properties",
              "timedOut": false,
              "duration": 0,
              "state": "passed",
              "speed": "fast",
              "pass": true,
              "fail": false,
              "pending": false,
              "context": null,
              "code": "isInvalidRule({\n        and: [\n            { or: [\"2k\"], abc: \"def\" },\n            { mc: 8, ghi: \"jkl\" },\n        ],\n        mno: \"pqr\",\n    }, {\n        instancePath: \"/and/0\",\n        message: \"or satisfy rule should have property 'or' only\",\n    }, {\n        instancePath: \"/and/1\",\n        message: \"MC satisfy rule should have property 'mc' only\",\n    }, {\n        instancePath: \"\",\n        message: \"and satisfy rule should have property 'and' only\",\n    })",
              "err": {},
              "uuid": "93baf499-8a5c-4c7e-99d7-ab2478c108d1",
              "parentUUID": "e7a9f838-81b3-4e31-827a-bde033d6c308",
              "isHook": false,
              "skipped": false
            },
            {
              "title": "should not validate ambiguous satisfy rules",
              "fullTitle": "satisfyRuleSchema should not validate ambiguous satisfy rules",
              "timedOut": false,
              "duration": 1,
              "state": "passed",
              "speed": "fast",
              "pass": true,
              "fail": false,
              "pending": false,
              "context": null,
              "code": "const message = \"satisfy rule should have only one of properties 'mc', 'and', 'or'\";\nisInvalidRule({\n    or: [\n        { mc: 5, and: [\"CS2040\"] },\n        { and: [{ and: [\"abc\"], or: [\"def\"] }] },\n    ],\n}, { instancePath: \"/or/0\", message }, { instancePath: \"/or/1/and/0\", message });",
              "err": {},
              "uuid": "13495019-30f8-44e7-9532-243503839bde",
              "parentUUID": "e7a9f838-81b3-4e31-827a-bde033d6c308",
              "isHook": false,
              "skipped": false
            },
            {
              "title": "should not validate and satisfy rules with non-array property",
              "fullTitle": "satisfyRuleSchema should not validate and satisfy rules with non-array property",
              "timedOut": false,
              "duration": 0,
              "state": "passed",
              "speed": "fast",
              "pass": true,
              "fail": false,
              "pending": false,
              "context": null,
              "code": "const message = \"property 'and' should be an array of satisfy rules\";\nisInvalidRule({ or: [{ and: {} }, { or: [{ and: 3 }] }] }, { instancePath: \"/or/0/and\", message }, { instancePath: \"/or/1/or/0/and\", message });",
              "err": {},
              "uuid": "7e131a66-725a-4f78-837f-5dda0864e8b3",
              "parentUUID": "e7a9f838-81b3-4e31-827a-bde033d6c308",
              "isHook": false,
              "skipped": false
            },
            {
              "title": "should not validate or satisfy rules with non-array property",
              "fullTitle": "satisfyRuleSchema should not validate or satisfy rules with non-array property",
              "timedOut": false,
              "duration": 1,
              "state": "passed",
              "speed": "fast",
              "pass": true,
              "fail": false,
              "pending": false,
              "context": null,
              "code": "const message = \"property 'or' should be an array of satisfy rules\";\nisInvalidRule({ and: [{ or: {} }, { and: [{ or: 3 }] }] }, { instancePath: \"/and/0/or\", message }, { instancePath: \"/and/1/and/0/or\", message });",
              "err": {},
              "uuid": "fcf03dc8-5361-4b4b-a5f0-f81a19473649",
              "parentUUID": "e7a9f838-81b3-4e31-827a-bde033d6c308",
              "isHook": false,
              "skipped": false
            }
          ],
          "suites": [],
          "passes": [
            "903fafec-2ed1-4287-afdf-fd57d929e3c5",
            "2fd9f1b6-da89-485c-a5c3-b8a007e1ea13",
            "0dad9fe8-18ac-489c-86a3-a4c9b637724b",
            "302d7d47-6311-4a61-9a0c-a789b3f1c707",
            "93baf499-8a5c-4c7e-99d7-ab2478c108d1",
            "13495019-30f8-44e7-9532-243503839bde",
            "7e131a66-725a-4f78-837f-5dda0864e8b3",
            "fcf03dc8-5361-4b4b-a5f0-f81a19473649"
          ],
          "failures": [],
          "pending": [],
          "skipped": [],
          "duration": 10,
          "root": false,
          "rootEmpty": false,
          "_timeout": 2000
        }
      ],
      "passes": [],
      "failures": [],
      "pending": [],
      "skipped": [],
      "duration": 0,
      "root": true,
      "rootEmpty": true,
      "_timeout": 2000
    }
  ],
  "meta": {
    "mocha": {
      "version": "9.0.2"
    },
    "mochawesome": {
      "options": {
        "quiet": false,
        "reportFilename": "mochawesome",
        "saveHtml": true,
        "saveJson": true,
        "consoleReporter": "spec",
        "useInlineDiffs": false,
        "code": true
      },
      "version": "6.2.2"
    },
    "marge": {
      "options": {
        "reportDir": "docs"
      },
      "version": "5.2.0"
    }
  }
}