{
  "stats": {
    "suites": 6,
    "tests": 29,
    "passes": 29,
    "pending": 0,
    "failures": 0,
    "start": "2021-06-25T13:52:07.335Z",
    "end": "2021-06-25T13:52:07.628Z",
    "duration": 293,
    "testsRegistered": 29,
    "passPercent": 100,
    "pendingPercent": 0,
    "other": 0,
    "hasOther": false,
    "skipped": 0,
    "hasSkipped": false
  },
  "results": [
    {
      "uuid": "02217201-62eb-404e-b8f1-064398cb6ff3",
      "title": "",
      "fullFile": "",
      "file": "",
      "beforeHooks": [],
      "afterHooks": [],
      "tests": [],
      "suites": [
        {
          "uuid": "722117fc-0db4-471c-88fe-44d1992d8ba7",
          "title": "initDirectories",
          "fullFile": "/home/runner/work/planwithus-lib/planwithus-lib/src/block/schemas.test.ts",
          "file": "/src/block/schemas.test.ts",
          "beforeHooks": [],
          "afterHooks": [],
          "tests": [
            {
              "title": "should parse all blocks with no errors",
              "fullTitle": "initDirectories should parse all blocks with no errors",
              "timedOut": false,
              "duration": 3,
              "state": "passed",
              "speed": "fast",
              "pass": true,
              "fail": false,
              "pending": false,
              "context": null,
              "code": "_1.initDirectories.should.not.throw()",
              "err": {},
              "uuid": "4190ffc9-7f6e-41f3-95ae-fe330437f69c",
              "parentUUID": "722117fc-0db4-471c-88fe-44d1992d8ba7",
              "isHook": false,
              "skipped": false
            },
            {
              "title": "should produce primary, second & minor directories",
              "fullTitle": "initDirectories should produce primary, second & minor directories",
              "timedOut": false,
              "duration": 51,
              "state": "passed",
              "speed": "medium",
              "pass": true,
              "fail": false,
              "pending": false,
              "context": null,
              "code": "const directories = await _1.initDirectories();\ndirectories.should.have.property(\"primary\");\ndirectories.should.have.property(\"second\");\ndirectories.should.have.property(\"minor\");",
              "err": {},
              "uuid": "743e97f2-f7c8-429c-b8ff-8d6e2f4f6cb0",
              "parentUUID": "722117fc-0db4-471c-88fe-44d1992d8ba7",
              "isHook": false,
              "skipped": false
            }
          ],
          "suites": [],
          "passes": [
            "4190ffc9-7f6e-41f3-95ae-fe330437f69c",
            "743e97f2-f7c8-429c-b8ff-8d6e2f4f6cb0"
          ],
          "failures": [],
          "pending": [],
          "skipped": [],
          "duration": 54,
          "root": false,
          "rootEmpty": false,
          "_timeout": 2000
        },
        {
          "uuid": "0b5cad36-9124-4091-9d00-4ee3095b3a45",
          "title": "blockSchema",
          "fullFile": "/home/runner/work/planwithus-lib/planwithus-lib/src/block/schemas.test.ts",
          "file": "/src/block/schemas.test.ts",
          "beforeHooks": [],
          "afterHooks": [],
          "tests": [
            {
              "title": "should validate valid block",
              "fullTitle": "blockSchema should validate valid block",
              "timedOut": false,
              "duration": 183,
              "state": "passed",
              "speed": "slow",
              "pass": true,
              "fail": false,
              "pending": false,
              "context": "[\n  {\n    \"title\": \"block sample 0\",\n    \"value\": {\n      \"name\": \"cD%f\",\n      \"assign\": \"F\",\n      \"match\": [\n        {\n          \"and\": [\n            {\n              \"and\": [\n                {\n                  \"or\": [\n                    \"LGF44x5X\",\n                    \"SUZ43\"\n                  ]\n                },\n                \"HJ9S\"\n              ]\n            },\n            {\n              \"pattern\": \"EAx48\",\n              \"exclude\": [\n                \"NLF900\",\n                \"XUF06\"\n              ],\n              \"info\": \"@YH\"\n            }\n          ]\n        },\n        {\n          \"and\": [\n            {\n              \"pattern\": \"NCU*x\",\n              \"exclude\": \"XT25L\",\n              \"info\": \"\"\n            }\n          ]\n        }\n      ],\n      \"satisfy\": [\n        {\n          \"mc\": \"<=8\"\n        }\n      ],\n      \"url\": \"https://uwr9815fta21lashgwt5ik5j0d2ek9e.zd70fkk8e7jkqybuyez6qrro-l07ocawdqckxuqvubsfyghltxxxsd5.lw8er.y.l2p7pmozd7ubb2rk-2d3avs0zloovql6k6z58m45w.num/lyy5,/(o$f/wt//;a/+PGG/v/+1&(,k\",\n      \"S98gu8 ,6b\": {\n        \"name\": \"o\",\n        \"ay\": 1968,\n        \"assign\": [],\n        \"match\": [\n          {\n            \"or\": [\n              {\n                \"pattern\": \"BQAx*2\",\n                \"exclude\": \"YD87*9\",\n                \"info\": \"c\"\n              },\n              {\n                \"or\": [\n                  \"JN*63M\"\n                ]\n              }\n            ]\n          },\n          \"XFS85A\",\n          \"IF63Q\",\n          {\n            \"or\": [\n              {\n                \"or\": []\n              },\n              {\n                \"or\": [\n                  {\n                    \"or\": [\n                      {\n                        \"and\": [\n                          {\n                            \"and\": []\n                          },\n                          \"QX4E\"\n                        ]\n                      },\n                      \"BOG10\",\n                      \"SS0\"\n                    ]\n                  },\n                  {\n                    \"or\": [\n                      \"XE5*\",\n                      \"WU9Q\",\n                      \"RNY595D\",\n                      \"LPX*909H\",\n                      \"LV*2x9Q\"\n                    ]\n                  },\n                  {\n                    \"pattern\": \"HU35\",\n                    \"exclude\": [\n                      \"ZHx59C\"\n                    ],\n                    \"info\": \"?t^oEaQI\"\n                  },\n                  {\n                    \"and\": [\n                      \"ZXB34I\",\n                      {\n                        \"or\": [\n                          \"IN3318O\",\n                          \"UJW8288\",\n                          \"ZBK3\",\n                          {\n                            \"and\": [\n                              \"KEG66*\",\n                              \"GC51x1\",\n                              {\n                                \"or\": [\n                                  {\n                                    \"or\": []\n                                  },\n                                  \"HL1x\",\n                                  \"RW9361R\",\n                                  \"XWK3\"\n                                ]\n                              }\n                            ]\n                          }\n                        ]\n                      },\n                      \"GS*J\"\n                    ]\n                  }\n                ]\n              },\n              {\n                \"or\": [\n                  {\n                    \"and\": [\n                      \"ZD01x\",\n                      {\n                        \"pattern\": \"WU7x91B\",\n                        \"exclude\": \"RU0\"\n                      },\n                      {\n                        \"and\": [\n                          \"NOS3\"\n                        ]\n                      },\n                      {\n                        \"and\": [\n                          \"FQDx\",\n                          \"LI605*\"\n                        ]\n                      }\n                    ]\n                  },\n                  \"CJ9x\",\n                  {\n                    \"and\": [\n                      {\n                        \"pattern\": \"CCG30*7P\",\n                        \"exclude\": [\n                          \"CM387\",\n                          \"SBN41F\"\n                        ],\n                        \"info\": \").5yGku\"\n                      }\n                    ]\n                  },\n                  {\n                    \"and\": [\n                      {\n                        \"pattern\": \"SZ087I\",\n                        \"info\": \"w]/E[U O$\"\n                      },\n                      \"BLW3459\",\n                      \"LXA*970X\"\n                    ]\n                  },\n                  \"JR35W\"\n                ]\n              }\n            ]\n          },\n          \"ILM428\"\n        ],\n        \"satisfy\": {\n          \"mc\": \"<=102\"\n        }\n      },\n      \"\": {\n        \"name\": \"mCZ%}1\\\"/82\",\n        \"ay\": 2030,\n        \"assign\": \"6 \",\n        \"match\": [\n          {\n            \"or\": []\n          }\n        ],\n        \"satisfy\": [\n          {\n            \"or\": []\n          }\n        ],\n        \"info\": \"o\",\n        \";A}\": {\n          \"name\": \"pea\",\n          \"assign\": \"@`\",\n          \"match\": [\n            {\n              \"pattern\": \"QX018*G\",\n              \"exclude\": [\n                \"HL***\",\n                \"RP37\",\n                \"ZD42M\"\n              ],\n              \"info\": \"@\"\n            }\n          ],\n          \"satisfy\": [\n            \"7nE(Xi+c\"\n          ],\n          \"url\": \"http://k9mb-ne0eo5em9bllrvkz2-9qypf.shv.3ah85k3c290jsja3j-y4uyyqxr6b2jvpe0t-m0gkla-ircqee8u2d2.ig5.dlfc0zdd9vczrrrtybepvl7ss.yhp/22KpKB)RI/ngk:_kr_y/=TE/5/%F0%BD%B6%A7,;C/D8~T%F1%81%9C%9EKp8~\",\n          \"info\": \" ASD_cHgQ\"\n        },\n        \"NDb;k%@k\": {\n          \"name\": \"A9@\",\n          \"assign\": \"c^]1r|shp\",\n          \"match\": [\n            {\n              \"pattern\": \"NBT024\",\n              \"exclude\": [\n                \"YVx3P\",\n                \"JQ10x*\",\n                \"DS2xx0\"\n              ],\n              \"info\": \"\"\n            },\n            {\n              \"and\": []\n            }\n          ],\n          \"satisfy\": [\n            \"GYxa8\",\n            \"H8EI,\",\n            {\n              \"mc\": \"<=92\"\n            }\n          ],\n          \"info\": \"!zGMv>J\"\n        }\n      },\n      \"(Z-~/&GmNn\": {\n        \"name\": \".[h6!/(\",\n        \"assign\": [],\n        \"match\": [\n          \"UKx9\"\n        ],\n        \"satisfy\": {\n          \"mc\": \">=130\"\n        },\n        \"url\": \"https://g.paiicq/-S8mW7QL//T'yii/N'B%F1%A1%90%859&'LtT/nb)1as.~/rZ=(9-wQzF///%F2%B6%B4%A5TWMa:/F%F2%86%89%A5t;o\",\n        \"info\": \"\\\"z\"\n      }\n    }\n  },\n  {\n    \"title\": \"block sample 1\",\n    \"value\": {\n      \"name\": \"\\\"Pj'| $\",\n      \"assign\": [\n        \"!M $x#QW$\",\n        \"ajFtN?f\"\n      ],\n      \"satisfy\": \"+C?\",\n      \"url\": \"https://b-2.7d.0c21m5.psdoyy.dpxexzdy/PIW/s1gh/)pz'dU9..q\",\n      \"info\": \"O!yo8@&;\",\n      \"!\": {\n        \"name\": \"y\",\n        \"assign\": [\n          \"Jo:\",\n          \"veUwB#U\"\n        ],\n        \"satisfy\": [\n          {\n            \"and\": [\n              {\n                \"mc\": \">=62\"\n              },\n              {\n                \"or\": [\n                  \"NMylPw)dz\",\n                  {\n                    \"or\": [\n                      {\n                        \"and\": [\n                          \"C[~}|@7#r8\"\n                        ]\n                      },\n                      {\n                        \"or\": []\n                      },\n                      \"*LBT\",\n                      \"hecAkB\\\"\",\n                      \"jRz8 G*\"\n                    ]\n                  },\n                  \"~4|-d6,\",\n                  {\n                    \"or\": [\n                      {\n                        \"or\": [\n                          \"Naf\",\n                          \"\",\n                          \"* [<Jes\"\n                        ]\n                      },\n                      {\n                        \"mc\": \">=139\"\n                      },\n                      {\n                        \"and\": [\n                          \"j\",\n                          {\n                            \"or\": [\n                              \"*\",\n                              \";g>\\\"r\",\n                              \"gUskZq\",\n                              \"m}VEa9Ei\",\n                              \"=hWdYBi\"\n                            ]\n                          },\n                          \"rZGfZxt#a\",\n                          \"X+q`?\",\n                          \"6,8PDGz)U\"\n                        ]\n                      },\n                      \"/'$iw_%oF\"\n                    ]\n                  },\n                  {\n                    \"or\": [\n                      {\n                        \"mc\": \"<=29\"\n                      },\n                      {\n                        \"and\": []\n                      }\n                    ]\n                  }\n                ]\n              }\n            ]\n          },\n          {\n            \"and\": [\n              {\n                \"mc\": \"<=86\"\n              },\n              {\n                \"and\": [\n                  \"Z}b+?Y1FdR\",\n                  \"\"\n                ]\n              }\n            ]\n          },\n          \"w \"\n        ],\n        \"url\": \"http://9cbcc4nocm8p3vbqfb1vmrszecrhf1kld1pg4.l3h07d75gmafdt2-qz8js9zh3tjkgydoz15t2a075qcsze2831.5.71hek9vqzj0s8f20o40-q0y4ayhrm89wrlog33oc3v.eslmt3qisaa80oiybjcebdy.wybbhnlax/:c%F1%80%8F%B5jS*$pG/OB)ao=Cl5/whl8SbS/\",\n        \"info\": \"\"\n      },\n      \"f\\\\\": {\n        \"name\": \"c C9\",\n        \"ay\": 1975,\n        \"assign\": \"uho]3J~JCG\",\n        \"match\": [\n          {\n            \"or\": [\n              \"JO7676\"\n            ]\n          },\n          {\n            \"pattern\": \"VPY3\",\n            \"exclude\": [],\n            \"info\": \"rH]B\"\n          },\n          {\n            \"and\": [\n              {\n                \"and\": [\n                  {\n                    \"and\": [\n                      \"VI56R\"\n                    ]\n                  },\n                  \"DGV*6x4\",\n                  \"YJ3140\",\n                  {\n                    \"and\": []\n                  }\n                ]\n              }\n            ]\n          },\n          {\n            \"pattern\": \"VDYx5\",\n            \"exclude\": \"VO8\",\n            \"info\": \"3MkN29\"\n          }\n        ],\n        \"satisfy\": [\n          \"NFr|7.a!?\"\n        ],\n        \"url\": \"http://63lc7ria3wd1stvcihk4luwwiowr5vhfdu9x22vt7m92-kislpodwg.yjtz/@0V/_Z%F1%AF%85%A0:~J.a-/;bl''q/LJT%F3%9F%9A%A5.Ek/5j=cE%F4%8B%91%98)k/f\",\n        \"info\": \"i\"\n      },\n      \"V@.n-{B>\": {\n        \"ay\": 2028,\n        \"assign\": [\n          \"FupXCy\",\n          \")Y\"\n        ],\n        \"match\": [\n          {\n            \"and\": [\n              {\n                \"pattern\": \"TC7P\",\n                \"exclude\": \"UUXx90\",\n                \"info\": \">G FlY-MaN\"\n              },\n              \"UML513U\",\n              {\n                \"and\": [\n                  \"ANV1880O\",\n                  \"UES802L\"\n                ]\n              },\n              {\n                \"or\": [\n                  {\n                    \"pattern\": \"RH34*6\",\n                    \"exclude\": [\n                      \"FW962Q\",\n                      \"HD2\",\n                      \"GN78\",\n                      \"OT*\",\n                      \"BOV*97\"\n                    ],\n                    \"info\": \"?c\"\n                  }\n                ]\n              },\n              {\n                \"pattern\": \"BMJxV\",\n                \"info\": \"o\"\n              }\n            ]\n          },\n          {\n            \"and\": [\n              {\n                \"or\": [\n                  {\n                    \"and\": [\n                      {\n                        \"or\": []\n                      },\n                      {\n                        \"pattern\": \"FLS2\",\n                        \"exclude\": [\n                          \"ASx94F\"\n                        ]\n                      },\n                      \"OR2G\"\n                    ]\n                  },\n                  {\n                    \"pattern\": \"HF6P\",\n                    \"exclude\": [\n                      \"UZ9375\",\n                      \"DCx102M\",\n                      \"KP75C\",\n                      \"CJ*\",\n                      \"UP987M\"\n                    ],\n                    \"info\": \"DwC+p%d(\"\n                  },\n                  \"AJAx63Y\",\n                  {\n                    \"and\": [\n                      \"VCB2x4xC\",\n                      \"VXx8W\",\n                      \"VAG3C\",\n                      {\n                        \"pattern\": \"NWB4060\",\n                        \"exclude\": \"RBW735*\",\n                        \"info\": \"g7tY}/GI&\"\n                      },\n                      \"MX76*N\"\n                    ]\n                  },\n                  {\n                    \"or\": []\n                  }\n                ]\n              }\n            ]\n          },\n          {\n            \"pattern\": \"WC6\",\n            \"exclude\": [\n              \"TAK07O\"\n            ],\n            \"info\": \"\"\n          },\n          {\n            \"and\": [\n              {\n                \"pattern\": \"FC3L\",\n                \"exclude\": [\n                  \"BNV1Q\",\n                  \"DY745*B\",\n                  \"KW1\",\n                  \"BT45Y\"\n                ],\n                \"info\": \"6Ip()rzZA;\"\n              },\n              {\n                \"and\": [\n                  \"XU2*8V\",\n                  {\n                    \"pattern\": \"BLM*\",\n                    \"exclude\": [\n                      \"EDC3955W\"\n                    ]\n                  },\n                  \"DNL0x2\",\n                  \"MPH56E\",\n                  \"FPx55O\"\n                ]\n              },\n              {\n                \"pattern\": \"AF6493M\",\n                \"exclude\": [\n                  \"ZQ081P\",\n                  \"JP76\",\n                  \"KOM1L\",\n                  \"ER810*\"\n                ]\n              },\n              {\n                \"or\": [\n                  {\n                    \"or\": []\n                  },\n                  {\n                    \"and\": []\n                  },\n                  \"VR879\",\n                  {\n                    \"and\": []\n                  },\n                  \"WXK856V\"\n                ]\n              }\n            ]\n          },\n          {\n            \"and\": []\n          }\n        ],\n        \"satisfy\": {\n          \"and\": [\n            \"Hl(3\",\n            {\n              \"and\": [\n                {\n                  \"mc\": \"<=196\"\n                },\n                {\n                  \"and\": [\n                    \"_MP{`\",\n                    {\n                      \"and\": [\n                        \"\",\n                        {\n                          \"mc\": \"<=136\"\n                        },\n                        \"F\",\n                        \"vpQ\",\n                        \")'fcT\"\n                      ]\n                    },\n                    {\n                      \"mc\": \">=151\"\n                    },\n                    \"-TtP\",\n                    \"2k/qu\"\n                  ]\n                },\n                {\n                  \"and\": []\n                }\n              ]\n            }\n          ]\n        },\n        \"url\": \"https://gcywtvnomv1oscbm4.a.sb8gh4yvi0ufbnfenfy6red78386n4n37srsnazgxyx0na3stvd666mpf0ejk.qmhas.uerci/%F3%B5%98%B2&/~S/.@Ui5T!zHw/wIJ%F2%A2%AD%AC/\",\n        \"info\": \"N=XYzlsj\",\n        \"Rm(jXA[:\": {\n          \"name\": \"9g6;nKV$%\",\n          \"ay\": 1991,\n          \"assign\": \"9 \",\n          \"match\": \"CYN8\",\n          \"url\": \"http://kgtr.tty0s8hfsy1ematiy1qke2q0ygze5110c5azlyk4r-02wftz3w4.gvudfe-cbbur4.1b1xichjnxbzcw04ae9xap7r660iktkv4q0i2e66sekiugrt1wuizhm.4ww35yxy9jx-f7vmzfedd9jd-m2x71cydpx9x17urgrnmlub.ebllhjgu/.p=O/1P%F1%93%A6%BA/Qun%F0%AC%A1%B0/SA!L/\",\n          \"info\": \"f*\"\n        },\n        \"[L_+kX\": {\n          \"name\": \"!^cgY\\\"9+ud\",\n          \"ay\": 2027,\n          \"assign\": \"BWc\",\n          \"match\": [\n            \"WX*1Q\",\n            \"GKS7\",\n            {\n              \"pattern\": \"QM7x\",\n              \"exclude\": [\n                \"YMR231L\",\n                \"YDQ8863Y\"\n              ],\n              \"info\": \"7\"\n            },\n            \"SZW00\",\n            {\n              \"and\": [\n                {\n                  \"pattern\": \"UJQ36N\",\n                  \"exclude\": \"CMY3\",\n                  \"info\": \"9U;QE%F>A\"\n                },\n                {\n                  \"and\": [\n                    \"TN2U\"\n                  ]\n                },\n                \"WV4\",\n                \"QLJ6594M\",\n                {\n                  \"pattern\": \"WAW8R\",\n                  \"exclude\": [\n                    \"UEL935\"\n                  ],\n                  \"info\": \"O '\"\n                }\n              ]\n            }\n          ],\n          \"satisfy\": [\n            \"A\",\n            {\n              \"and\": []\n            },\n            {\n              \"mc\": \">=101\"\n            }\n          ],\n          \"url\": \"http://l.ejhjzwi/bE%F0%B7%BF%810eSkyN/rXDNx,/~RG/'21bPR/)$-Pab~%F0%96%85%BF6/NZ+Q1&;V/4@G,%F2%AD%A7%90LVm/\"\n        },\n        \"*X7($S=2P\": {\n          \"ay\": 2021,\n          \"assign\": [\n            \"8E!Yc\",\n            \"[\",\n            \"3.>;\"\n          ],\n          \"match\": {\n            \"pattern\": \"JJK193J\",\n            \"exclude\": [\n              \"NN7F\",\n              \"GPx\",\n              \"VF*xQ\"\n            ],\n            \"info\": \"i:?h*\"\n          },\n          \"info\": \"bca*?[oZ:\"\n        },\n        \"{\": {\n          \"name\": \",%\",\n          \"ay\": 1990,\n          \"assign\": [],\n          \"match\": [\n            {\n              \"pattern\": \"NO1S\",\n              \"exclude\": \"UAB*7x\"\n            },\n            \"GC3617I\"\n          ],\n          \"url\": \"https://3726hh-ikzojv4ojf-v58op1lwly4gbg-l2w0zvwgypfgcb.73au9o19c.st/ah3%E8%BB%84P/7d%F0%B6%87%9E.rG86jI/JFJ;sUz8'y/%F1%AD%82%903/WDwDYym0L%F1%BC%AD%A7/dTL/%F1%8A%98%B8&gq/0Tuww2)pg\",\n          \"info\": \"|>A\\\\\"\n        },\n        \"gFd\": {\n          \"name\": \"Yy}C}jp\",\n          \"ay\": 2023,\n          \"assign\": [\n            \"tA3\",\n            \"emk-M{(n4p\",\n            \"\",\n            \"ra>nm\"\n          ],\n          \"match\": {\n            \"pattern\": \"OET09\",\n            \"info\": \"*F\"\n          },\n          \"satisfy\": \"Ya5%M|DO\",\n          \"url\": \"http://2jhjarfeqg8ypb73g69ctl44w.zcuimbmn/LlGDEL5r//!j;=qg5ym/E/yj/Qn$cuCV,x/~O.E$/NJW/PHSK\"\n        }\n      },\n      \"0P[oA-\": {\n        \"name\": \"p;ClJ*{\",\n        \"ay\": 2021,\n        \"assign\": \")f\",\n        \"match\": {\n          \"or\": [\n            {\n              \"or\": [\n                {\n                  \"or\": [\n                    {\n                      \"pattern\": \"WB4W\",\n                      \"info\": \"C\"\n                    },\n                    \"XL479\",\n                    {\n                      \"pattern\": \"UF809\",\n                      \"exclude\": [\n                        \"YB2L\"\n                      ],\n                      \"info\": \"=nk$;W:z7q\"\n                    },\n                    \"FM4x42E\",\n                    {\n                      \"and\": [\n                        {\n                          \"pattern\": \"QY073N\",\n                          \"exclude\": [\n                            \"ET**\",\n                            \"ISN56N\",\n                            \"YGD529\",\n                            \"SC4x5*\",\n                            \"FLB2\"\n                          ],\n                          \"info\": \"dx6Iko1rGM\"\n                        },\n                        {\n                          \"and\": [\n                            \"XRJ5905\",\n                            \"WCE9284\",\n                            \"EQX366*\",\n                            \"BC*420\",\n                            \"KKZx727\"\n                          ]\n                        }\n                      ]\n                    }\n                  ]\n                },\n                {\n                  \"pattern\": \"BZVx90\",\n                  \"exclude\": \"QTMx4Q\",\n                  \"info\": \"&1$=\"\n                },\n                \"QXU86Q\",\n                \"US2*\"\n              ]\n            },\n            {\n              \"or\": [\n                \"IFF550\",\n                {\n                  \"pattern\": \"TVN434X\",\n                  \"exclude\": \"QIW8353R\",\n                  \"info\": \"Mq\"\n                },\n                \"MV2\"\n              ]\n            }\n          ]\n        },\n        \"satisfy\": {\n          \"and\": [\n            {\n              \"mc\": \"<=182\"\n            },\n            {\n              \"and\": [\n                \"\",\n                {\n                  \"mc\": \"<=155\"\n                },\n                \"D?\\\\c\",\n                {\n                  \"mc\": \"<=105\"\n                }\n              ]\n            },\n            \"{e8D}Q`U\",\n            {\n              \"and\": [\n                {\n                  \"mc\": \"<=162\"\n                },\n                {\n                  \"or\": []\n                },\n                \"-y\",\n                {\n                  \"and\": [\n                    {\n                      \"mc\": \">=39\"\n                    },\n                    \"xNQmv\"\n                  ]\n                },\n                \"P}/F7m\"\n              ]\n            },\n            {\n              \"and\": [\n                \"?\",\n                {\n                  \"mc\": \">=12\"\n                },\n                {\n                  \"and\": [\n                    \"We\\\"v:o\",\n                    \"{U|$yR&I=|\",\n                    {\n                      \"and\": [\n                        \"$+=ihLE\",\n                        \"fJ{51^\",\n                        \"%HC#T=}u\"\n                      ]\n                    },\n                    \"i:y%7c\",\n                    \"TbXO&\"\n                  ]\n                },\n                \"+zqsVP&^\",\n                \"bNvtA\"\n              ]\n            }\n          ]\n        },\n        \"url\": \"http://ra8ad411hagtd0b73ayq0n94wd5b487g1ml4n0kwf5hqwp.tfkbeau/qrl/%E6%BC%99zGgaQj!jb/BL:Y!bYrC=/%F4%89%B4%B2tDwU/I/%F0%B8%B0%ADX1FvF4S%F0%A5%8A%BB\",\n        \"info\": \"k7x\"\n      }\n    }\n  },\n  {\n    \"title\": \"block sample 2\",\n    \"value\": {\n      \"name\": \"F.ZZ}<k\",\n      \"ay\": 1950,\n      \"assign\": \"kf$\",\n      \"match\": [\n        {\n          \"and\": [\n            {\n              \"and\": [\n                \"LMC3\",\n                {\n                  \"pattern\": \"UT65T\",\n                  \"exclude\": \"XHB4803Q\"\n                }\n              ]\n            },\n            {\n              \"or\": [\n                {\n                  \"and\": [\n                    {\n                      \"pattern\": \"ZH60C\",\n                      \"exclude\": \"SA1B\",\n                      \"info\": \"5)7p#07i/k\"\n                    },\n                    \"EP88\",\n                    \"WVB76\",\n                    \"OMV904A\"\n                  ]\n                },\n                {\n                  \"and\": [\n                    \"OW*7F\",\n                    {\n                      \"or\": [\n                        {\n                          \"or\": [\n                            \"DB51\",\n                            \"LL33\",\n                            \"HZCx*\",\n                            \"QGE1Z\"\n                          ]\n                        },\n                        \"WE0\",\n                        {\n                          \"pattern\": \"CRWx6\",\n                          \"exclude\": [\n                            \"LUC68\",\n                            \"FAL295K\",\n                            \"BU6\"\n                          ],\n                          \"info\": \"\\\"[\"\n                        },\n                        \"QJAx12xD\"\n                      ]\n                    },\n                    \"ZV4x67\",\n                    \"AZY3xxxK\",\n                    \"ZZ0*66M\"\n                  ]\n                },\n                \"XL8873\"\n              ]\n            }\n          ]\n        },\n        {\n          \"and\": []\n        }\n      ],\n      \"url\": \"http://bs5-4q1s8fa-cr0ire8r-yhi-u3ly0ryk0wqmyxykkk-u48.e58zc.7s3uo6cr7tius38d8aor7gey3ltcv0tn.cl/Y$/,e/b/Mi&c%F0%B9%B1%85/6N+d//\",\n      \"info\": \"9\"\n    }\n  },\n  {\n    \"title\": \"block sample 3\",\n    \"value\": {\n      \"name\": \"z^\",\n      \"ay\": 1952,\n      \"assign\": [\n        \"\"\n      ],\n      \"match\": [\n        {\n          \"and\": [\n            {\n              \"and\": [\n                \"VXW8693F\",\n                \"CSF25\",\n                {\n                  \"pattern\": \"YV606R\",\n                  \"exclude\": [\n                    \"AB690E\",\n                    \"OD6U\",\n                    \"GJI29K\"\n                  ],\n                  \"info\": \";AOjLPf\"\n                }\n              ]\n            }\n          ]\n        },\n        {\n          \"pattern\": \"CK4814\",\n          \"exclude\": [\n            \"XYU66O\",\n            \"QR95\",\n            \"AIU049B\"\n          ],\n          \"info\": \"OS:=\"\n        },\n        {\n          \"or\": [\n            {\n              \"pattern\": \"ZO1T\",\n              \"exclude\": \"IY3606\",\n              \"info\": \"n},A:o9\"\n            },\n            {\n              \"and\": [\n                {\n                  \"or\": [\n                    \"HB3x\",\n                    \"FQC3\",\n                    \"QPI*x\",\n                    {\n                      \"and\": []\n                    }\n                  ]\n                },\n                {\n                  \"pattern\": \"JIO955xB\",\n                  \"exclude\": \"VPQ38D\",\n                  \"info\": \"V4'R?F6\"\n                },\n                {\n                  \"pattern\": \"PLX0637\",\n                  \"info\": \"rm~&Pd}.4=\"\n                },\n                {\n                  \"and\": [\n                    \"AJ0865J\"\n                  ]\n                }\n              ]\n            },\n            {\n              \"or\": []\n            },\n            {\n              \"or\": [\n                \"DW*15X\",\n                {\n                  \"pattern\": \"ZST169P\",\n                  \"exclude\": \"EPR0Q\",\n                  \"info\": \"lv0WZC\"\n                },\n                {\n                  \"and\": [\n                    \"KZ**\",\n                    \"DSA0x5*P\",\n                    \"RE8*\",\n                    \"QDE3782\"\n                  ]\n                },\n                {\n                  \"pattern\": \"LAE36P\",\n                  \"exclude\": \"VBOx\",\n                  \"info\": \"UAQLLfU&\"\n                },\n                \"VPA613Y\"\n              ]\n            }\n          ]\n        }\n      ],\n      \"satisfy\": [\n        \"$LASC T-9\",\n        {\n          \"or\": [\n            \"9pV\",\n            \"'({\",\n            {\n              \"or\": [\n                {\n                  \"mc\": \"<=28\"\n                },\n                {\n                  \"or\": [\n                    {\n                      \"mc\": \"<=105\"\n                    },\n                    {\n                      \"and\": [\n                        \"_4WCSR(\",\n                        {\n                          \"and\": []\n                        }\n                      ]\n                    },\n                    \"n&Wf\",\n                    \"<::\"\n                  ]\n                },\n                {\n                  \"and\": [\n                    \"xj*xX~~6\",\n                    \"Mm.J%0-a\",\n                    {\n                      \"and\": [\n                        \"+\",\n                        {\n                          \"and\": [\n                            {\n                              \"and\": [\n                                \"RJDG3~nm/{\",\n                                \"w^x`^KkfA\",\n                                \"*!I\",\n                                \":|G\\\"#:8s5:\",\n                                \"v\\\\J&*Eo6\"\n                              ]\n                            },\n                            {\n                              \"mc\": \"<=179\"\n                            },\n                            \"q$KYsTD(y2\",\n                            \"1x\\\\\"\n                          ]\n                        },\n                        \"+kz&cRNp\",\n                        \"IZ\",\n                        \"TZ'\"\n                      ]\n                    },\n                    {\n                      \"mc\": \"<=179\"\n                    },\n                    {\n                      \"and\": [\n                        {\n                          \"mc\": \">=59\"\n                        }\n                      ]\n                    }\n                  ]\n                },\n                \"iS+eg&4o\",\n                {\n                  \"mc\": \">=76\"\n                }\n              ]\n            },\n            {\n              \"or\": [\n                {\n                  \"and\": []\n                },\n                \"Z0RDt<g%e\",\n                \"~T%Ol\"\n              ]\n            }\n          ]\n        },\n        {\n          \"mc\": \">=2\"\n        },\n        \"! }!y\"\n      ],\n      \"url\": \"https://divdeoozpnyjuy1uv.zot-akp1ossf-u9umi1i1ynv4altma56lob7fg9k.1.ibygceyx//!%F1%A7%9D%97s;d5!%F2%A6%93%848\",\n      \"<QM6~h\": {\n        \"name\": \"a\",\n        \"match\": {\n          \"and\": []\n        },\n        \"satisfy\": [\n          {\n            \"and\": []\n          }\n        ],\n        \"info\": \"F\"\n      },\n      \"%QDYYOU/H\": {\n        \"name\": \"~(FLbcPb\",\n        \"ay\": 1950,\n        \"assign\": [\n          \".[C|b+Zu\",\n          \"\",\n          \"R9Um>q38\"\n        ],\n        \"match\": [],\n        \"satisfy\": \"\\\"\",\n        \"url\": \"http://f.7.jcbvemcrg/%34e;Ue+v,/%F1%8B%95%9FpvBKXwae/Z//E@W%F2%B9%95%A3NameL/qCcV);ddT/NQ,@/3'd\",\n        \"info\": \"tUm'&b+\"\n      },\n      \"G%LNv\": {\n        \"name\": \"\",\n        \"ay\": 2030,\n        \"assign\": [\n          \"{H!qp\"\n        ],\n        \"satisfy\": \"5| #\",\n        \"info\": \"!,!|#|S\",\n        \"@L0#\": {\n          \"name\": \"I4p\",\n          \"assign\": \"QXa:\",\n          \"match\": \"ZFG55\",\n          \"satisfy\": [\n            {\n              \"mc\": \">=139\"\n            },\n            {\n              \"and\": [\n                {\n                  \"mc\": \">=103\"\n                },\n                {\n                  \"and\": [\n                    \"Rn3T9~wwp\",\n                    \"Su[\\\"E\",\n                    \"'ki7s9z/\",\n                    {\n                      \"and\": [\n                        {\n                          \"or\": []\n                        },\n                        {\n                          \"mc\": \">=16\"\n                        },\n                        \"Rhd9F~3<\",\n                        \"Z<SILuH\"\n                      ]\n                    }\n                  ]\n                },\n                {\n                  \"or\": []\n                },\n                \"D>WDh\"\n              ]\n            }\n          ],\n          \"url\": \"http://x.ta/m%F3%85%87%8A2/@/G/A+3/e/a$/yvn%33=%F1%97%87%AFgz\",\n          \"j\": {\n            \"name\": \"agn%B\",\n            \"ay\": 2011,\n            \"assign\": [\n              \"_^A`Q\",\n              \"Bmu6>MK;qx\",\n              \"UL\",\n              \"03R%bGS\"\n            ],\n            \"match\": [\n              {\n                \"and\": [\n                  {\n                    \"pattern\": \"GM123\",\n                    \"exclude\": \"NVA4\"\n                  }\n                ]\n              },\n              \"VA45*J\",\n              \"WHMx65G\",\n              {\n                \"pattern\": \"MW58x\",\n                \"exclude\": [\n                  \"EJ7O\"\n                ],\n                \"info\": \"=9\"\n              },\n              {\n                \"pattern\": \"KNGx\",\n                \"exclude\": [\n                  \"WK19x8\",\n                  \"HYxxI\",\n                  \"OR9\"\n                ],\n                \"info\": \"$\"\n              }\n            ],\n            \"satisfy\": [\n              \"rF+j-Q\",\n              {\n                \"and\": [\n                  \"CGZ^\",\n                  {\n                    \"or\": [\n                      \"wY{E@U!8l-\",\n                      \":@<L\",\n                      {\n                        \"mc\": \">=173\"\n                      },\n                      \"1v~r}2q\"\n                    ]\n                  }\n                ]\n              }\n            ],\n            \"url\": \"https://o1rmch9t72w51r4ok88lhgx6a1ll-jqa5pn8jnrswxhr14ls8ror9.jx9tre1aj6llcakglm9g81htv0dabgvtviaetqzc0.yibjg/:x//BgqUC&-&0/rrjq!!D/%F1%8B%AA%A2_j-En%F0%A2%A4%BA\",\n            \"info\": \"\"\n          }\n        }\n      },\n      \"{~\": {\n        \"ay\": 1951,\n        \"assign\": [\n          \"uc%#\",\n          \"wi-jJ\"\n        ],\n        \"match\": {\n          \"pattern\": \"BO9400\",\n          \"exclude\": [\n            \"DQXx93\",\n            \"WVR8V\",\n            \"WON1\",\n            \"BRB8420V\"\n          ],\n          \"info\": \"\"\n        },\n        \"satisfy\": [],\n        \"url\": \"https://bcvpqtyvbam-c7basd49fb7.9.kdzz-dm.dv/SS0,\",\n        \"info\": \"rSG}`5e\"\n      }\n    }\n  },\n  {\n    \"title\": \"block sample 4\",\n    \"value\": {\n      \"name\": \"c\",\n      \"assign\": \"`S\",\n      \"match\": {\n        \"or\": [\n          {\n            \"and\": [\n              {\n                \"and\": [\n                  \"PA701G\",\n                  \"LQM94Z\"\n                ]\n              },\n              \"LX8164A\"\n            ]\n          },\n          \"VEV8\",\n          {\n            \"pattern\": \"TZ470\",\n            \"exclude\": \"UUx0\",\n            \"info\": \"{E*J\"\n          }\n        ]\n      },\n      \"satisfy\": {\n        \"and\": [\n          {\n            \"or\": [\n              {\n                \"and\": [\n                  {\n                    \"or\": [\n                      \"CZ9Y\",\n                      \"W0kufKd!\"\n                    ]\n                  },\n                  {\n                    \"or\": [\n                      \"-<\",\n                      {\n                        \"or\": [\n                          \"`0Qn8Zb\",\n                          \"\"\n                        ]\n                      }\n                    ]\n                  },\n                  \"4\\\"\",\n                  \"1>B@;U\",\n                  {\n                    \"and\": [\n                      \"2pwg\",\n                      \"z8`Xee;\\\\<J\"\n                    ]\n                  }\n                ]\n              }\n            ]\n          },\n          {\n            \"or\": [\n              {\n                \"mc\": \"<=138\"\n              },\n              {\n                \"and\": [\n                  \"Ar1jD-tI5\",\n                  \"&YIrH\",\n                  \"FGs\"\n                ]\n              }\n            ]\n          },\n          \"J:Q2CQ8Bse\"\n        ]\n      },\n      \"info\": \"2S\"\n    }\n  },\n  {\n    \"title\": \"block sample 5\",\n    \"value\": {\n      \"name\": \"~!#%#}&$7\",\n      \"ay\": 2004,\n      \"assign\": [],\n      \"satisfy\": [\n        {\n          \"and\": [\n            \"B~8w?S,qN\",\n            {\n              \"and\": [\n                \"7Rt^4zXd{\"\n              ]\n            },\n            {\n              \"or\": [\n                \"\",\n                \"B%CfIlaL1#\",\n                {\n                  \"and\": [\n                    \"DyTCEZF_p.\",\n                    \"_-xd\",\n                    \"BRK[:$P\",\n                    \"m\"\n                  ]\n                },\n                \"2ALe\",\n                {\n                  \"and\": [\n                    \"6!hXW5`$C7\"\n                  ]\n                }\n              ]\n            }\n          ]\n        },\n        {\n          \"mc\": \">=189\"\n        },\n        {\n          \"and\": [\n            {\n              \"mc\": \"<=178\"\n            },\n            \"TxLq\"\n          ]\n        }\n      ],\n      \"url\": \"http://d.u0swa.ux/Y.(/jj%F0%94%AB%A8FnpTr/,n/3t/y=eT5+;%F3%9E%BA%83F/41%F0%BC%A6%AAT)rk'cr/%F0%B4%84%87qa8@%F1%94%92%9BH'oF/3u~Xq1g/./DO3O\",\n      \"info\": \"z`r+3&/wHN\"\n    }\n  },\n  {\n    \"title\": \"block sample 6\",\n    \"value\": {\n      \"name\": \"\",\n      \"ay\": 2018,\n      \"assign\": [],\n      \"match\": \"JF16\",\n      \"satisfy\": {\n        \"and\": [\n          {\n            \"or\": [\n              \"8r1)bM\",\n              {\n                \"or\": [\n                  \"&7\",\n                  \"q\",\n                  {\n                    \"or\": [\n                      \"B:X-=U^%Y\"\n                    ]\n                  },\n                  {\n                    \"or\": [\n                      \"`'R\",\n                      \"<}lIKHb\"\n                    ]\n                  }\n                ]\n              },\n              {\n                \"or\": [\n                  {\n                    \"and\": [\n                      {\n                        \"and\": [\n                          \"f\",\n                          \"XIVy4N@]\",\n                          \"\",\n                          {\n                            \"and\": [\n                              \"4TY=~#D,lz\",\n                              \"WB9q$91,\"\n                            ]\n                          }\n                        ]\n                      },\n                      \"~DL\\\"lZ[=\",\n                      \"MfG/Kb[A5&\",\n                      \"$\",\n                      \"_Onk&6 \"\n                    ]\n                  },\n                  \"Q\",\n                  \"M\"\n                ]\n              },\n              {\n                \"and\": []\n              }\n            ]\n          },\n          \"_{&;>'7\",\n          \"|\",\n          \"$'<T+P#^}x\",\n          {\n            \"or\": [\n              {\n                \"mc\": \">=113\"\n              }\n            ]\n          }\n        ]\n      },\n      \"url\": \"https://61a7x2kf3bbcdfc.5i5yu6hggr690emgiozh0p88d7n8rkisgx8qbkr40tkw88tv1rbrzu.qay/+/Ve+/zSc/M%F3%83%BA%87ZQh/,7-4W\",\n      \"info\": \"f;7qly\",\n      \"1DVf\": {\n        \"ay\": 1979,\n        \"assign\": [\n          \"R,_\\\\)UY\",\n          \"8\\\"X\",\n          \"\",\n          \"H(S#\"\n        ],\n        \"match\": {\n          \"pattern\": \"HLH3042\",\n          \"exclude\": \"QBL*\",\n          \"info\": \"ZI|:\"\n        },\n        \"satisfy\": [\n          {\n            \"and\": [\n              {\n                \"and\": [\n                  \">SpoSMW0)\"\n                ]\n              },\n              {\n                \"mc\": \">=112\"\n              },\n              {\n                \"or\": []\n              },\n              {\n                \"mc\": \">=91\"\n              }\n            ]\n          },\n          \"d',\",\n          {\n            \"mc\": \"<=109\"\n          }\n        ],\n        \"url\": \"http://kfi321z0ujiwy.slgbqefvus/wY*E/'ApgemMSrk/%F1%A1%A0%8D@ds%F2%A1%8C%BC5QUW/e%F0%AB%BA%BE,/*$!XrQS'\",\n        \"info\": \"pbS5\",\n        \"U%C!\": {\n          \"name\": \">2\",\n          \"ay\": 2020,\n          \"assign\": \"D;N8m4%=a\",\n          \"match\": {\n            \"and\": [\n              {\n                \"and\": [\n                  \"ZZ6A\",\n                  {\n                    \"pattern\": \"COGx8Y\"\n                  },\n                  {\n                    \"or\": []\n                  },\n                  \"QA7R\",\n                  {\n                    \"pattern\": \"PY5C\",\n                    \"exclude\": [\n                      \"BX411\",\n                      \"VE049V\",\n                      \"QO5762\"\n                    ],\n                    \"info\": \"m\"\n                  }\n                ]\n              },\n              \"FV98x4V\"\n            ]\n          },\n          \"satisfy\": [\n            {\n              \"or\": [\n                {\n                  \"and\": [\n                    {\n                      \"or\": []\n                    }\n                  ]\n                },\n                {\n                  \"and\": [\n                    \"esSUj\",\n                    {\n                      \"or\": [\n                        {\n                          \"mc\": \"<=52\"\n                        },\n                        {\n                          \"mc\": \"<=27\"\n                        },\n                        {\n                          \"or\": [\n                            \"9d\"\n                          ]\n                        },\n                        {\n                          \"mc\": \">=178\"\n                        },\n                        {\n                          \"mc\": \"<=42\"\n                        }\n                      ]\n                    },\n                    \",v3b*Wp\",\n                    \"5j\",\n                    {\n                      \"or\": [\n                        {\n                          \"and\": []\n                        },\n                        \"c|r\",\n                        \"\\\\K\"\n                      ]\n                    }\n                  ]\n                },\n                {\n                  \"mc\": \">=10\"\n                }\n              ]\n            },\n            {\n              \"or\": [\n                \"g$cYTn\"\n              ]\n            },\n            {\n              \"mc\": \"<=194\"\n            },\n            \"GH}TDMJ\"\n          ],\n          \"url\": \"https://l.mzmy.oavv.xdm/~y/w&1LEm/ab%F2%BB%A6%AFDZ%F4%80%AF%9DF-/,\",\n          \"info\": \"$ae3o>\\\\C\"\n        },\n        \"d\": {\n          \"name\": \"W=<\\\"R%~U~$\",\n          \"ay\": 1973,\n          \"assign\": \"%VkL\",\n          \"match\": [\n            \"KHY3x1*O\",\n            {\n              \"or\": [\n                {\n                  \"and\": [\n                    \"MFH*882L\",\n                    {\n                      \"and\": [\n                        {\n                          \"or\": []\n                        }\n                      ]\n                    },\n                    {\n                      \"and\": [\n                        \"ER1x*\",\n                        \"IOZ5Q\",\n                        \"WJQ4x54Z\",\n                        \"FOI8655Y\",\n                        {\n                          \"pattern\": \"JO*Y\",\n                          \"exclude\": \"WKH30Q\",\n                          \"info\": \"atL@aZd08#\"\n                        }\n                      ]\n                    },\n                    {\n                      \"and\": [\n                        {\n                          \"pattern\": \"XN531\",\n                          \"exclude\": [\n                            \"TZG0205W\",\n                            \"MPD33\"\n                          ],\n                          \"info\": \"$ ox+^H^=D\"\n                        },\n                        {\n                          \"and\": [\n                            \"CMW605R\",\n                            \"CKI8\",\n                            {\n                              \"pattern\": \"UP12*L\",\n                              \"exclude\": [\n                                \"LZM8J\",\n                                \"ZT3562\",\n                                \"YOM605\"\n                              ]\n                            }\n                          ]\n                        },\n                        \"GMZ2\"\n                      ]\n                    },\n                    {\n                      \"and\": [\n                        \"XR8*x5\",\n                        \"PCC8E\",\n                        \"KB*1*Y\",\n                        \"UHR2*66\",\n                        \"NHI3Y\"\n                      ]\n                    }\n                  ]\n                }\n              ]\n            }\n          ],\n          \"satisfy\": [\n            \"?N/~7_\",\n            \"C4h}w\",\n            {\n              \"and\": [\n                \"-t\",\n                {\n                  \"and\": [\n                    {\n                      \"and\": [\n                        \"\"\n                      ]\n                    },\n                    {\n                      \"and\": [\n                        \"/V=\",\n                        \"8)LVo3Y\",\n                        \"Dy(2D0\"\n                      ]\n                    }\n                  ]\n                }\n              ]\n            },\n            {\n              \"mc\": \"<=101\"\n            }\n          ],\n          \"url\": \"https://c2wkjja9377hfdi9afwww6-m6kpvme96n9zytmrax0j7gq-52tn8z4.eu2kbe4-wq13rq4uhr26q1b6xse2-6ekx1n1.rnb/GIfFK%F3%A3%8C%81(/5*B9oZ(mX/3eH/Yv%F0%9F%89%B7GpQC/ue@rEi%F1%96%8F%A60)6/P'PRu1%F3%9F%87%97L!/5_%F1%9C%A8%BDT/qAX6r/%F0%97%82%A5MH&4Q\",\n          \"info\": \"#Uap5n\"\n        }\n      },\n      \"\": {\n        \"name\": \"ZF}\",\n        \"ay\": 2014,\n        \"assign\": [\n          \"f\\\"m,N_A\",\n          \"\",\n          \"Oce!JE@O8Z\",\n          \"?c>'AS\"\n        ],\n        \"match\": {\n          \"pattern\": \"GC457\",\n          \"exclude\": [\n            \"JMT0363\",\n            \"SK86\",\n            \"TVOx9*V\",\n            \"DUY1E\",\n            \"YKJ5**M\"\n          ],\n          \"info\": \"t/F\\\\50\"\n        },\n        \"satisfy\": [\n          {\n            \"and\": [\n              \"`3#H?\",\n              {\n                \"and\": []\n              },\n              {\n                \"or\": []\n              }\n            ]\n          },\n          {\n            \"or\": []\n          },\n          {\n            \"mc\": \">=187\"\n          },\n          {\n            \"or\": [\n              \" }ZJed:CYB\",\n              {\n                \"or\": [\n                  {\n                    \"or\": []\n                  },\n                  \"1!i0l\",\n                  \"A MR\",\n                  {\n                    \"or\": [\n                      \"J]Ge\",\n                      {\n                        \"or\": [\n                          \"\",\n                          \"|OKYh\"\n                        ]\n                      },\n                      \"k-M~L@iZ\",\n                      \"[3^z4Y\\\"o\",\n                      {\n                        \"mc\": \"<=122\"\n                      }\n                    ]\n                  },\n                  {\n                    \"mc\": \">=154\"\n                  }\n                ]\n              },\n              {\n                \"mc\": \">=179\"\n              },\n              {\n                \"and\": [\n                  \"}$X@wg1Nl\",\n                  \"-{tPp-\",\n                  \"|\",\n                  {\n                    \"mc\": \"<=80\"\n                  }\n                ]\n              }\n            ]\n          },\n          {\n            \"and\": [\n              {\n                \"and\": [\n                  \"\\\\HRk\",\n                  {\n                    \"and\": []\n                  }\n                ]\n              },\n              {\n                \"and\": [\n                  {\n                    \"or\": [\n                      {\n                        \"and\": [\n                          \"%Kb0ouD!iy\",\n                          \"zc\",\n                          \"*\",\n                          \"=Dn-`h3\"\n                        ]\n                      }\n                    ]\n                  },\n                  {\n                    \"mc\": \"<=4\"\n                  },\n                  \"H\\\\KI(\"\n                ]\n              },\n              {\n                \"mc\": \"<=61\"\n              },\n              {\n                \"mc\": \">=49\"\n              }\n            ]\n          }\n        ],\n        \"url\": \"http://5xv2.8.24hefcn1mgxosnjyl0zsc123fg0uk-4yxl0oacecfz1kdvwo01jh58ng2m.mjbtpzl09cn.kmd/Ne%F1%B8%8C%B9ngO$%F1%BB%90%AC\",\n        \"info\": \"Rn\",\n        \"+<Q\": {\n          \"name\": \"&3sir23]K\",\n          \"ay\": 2007,\n          \"assign\": [\n            \"\",\n            \"yo`\",\n            \"V7b5<8E\",\n            \"^V,_l9w1\"\n          ],\n          \"match\": {\n            \"and\": [\n              {\n                \"and\": [\n                  {\n                    \"or\": [\n                      \"CNK435\",\n                      \"TUB6826W\",\n                      \"MDM06L\",\n                      \"UNQ61\"\n                    ]\n                  },\n                  {\n                    \"pattern\": \"KMI9561\",\n                    \"info\": \"_h:'\\\\\"\n                  }\n                ]\n              },\n              {\n                \"or\": [\n                  {\n                    \"or\": [\n                      \"SS2O\",\n                      \"JEJ243xM\"\n                    ]\n                  },\n                  {\n                    \"or\": [\n                      \"SM7x\",\n                      \"DUS47X\",\n                      \"VA19K\",\n                      {\n                        \"pattern\": \"OFM34O\"\n                      }\n                    ]\n                  },\n                  {\n                    \"and\": [\n                      {\n                        \"or\": [\n                          \"QTI7\",\n                          {\n                            \"or\": []\n                          },\n                          \"WK5R\",\n                          \"CM41*9\",\n                          \"DJR1*X\"\n                        ]\n                      },\n                      {\n                        \"or\": [\n                          \"NQU37A\",\n                          {\n                            \"pattern\": \"NBS02*8X\",\n                            \"exclude\": \"CP9O\",\n                            \"info\": \"T+P?9coq1t\"\n                          },\n                          \"ALG8U\",\n                          \"WCY0C\"\n                        ]\n                      },\n                      {\n                        \"or\": [\n                          \"YI3858\",\n                          \"AUD0x9x\",\n                          \"OV61O\"\n                        ]\n                      },\n                      {\n                        \"and\": [\n                          \"EQ55\",\n                          \"SUE8\",\n                          \"PK3**C\",\n                          \"FVO2*x5U\",\n                          {\n                            \"pattern\": \"XWT1\",\n                            \"exclude\": [\n                              \"GDV60*\",\n                              \"IFT5\",\n                              \"HP00B\"\n                            ],\n                            \"info\": \"\\\"bM\\\"I\"\n                          }\n                        ]\n                      },\n                      {\n                        \"pattern\": \"RNM9\",\n                        \"exclude\": [\n                          \"RJ21xN\"\n                        ],\n                        \"info\": \"\\\"`9\"\n                      }\n                    ]\n                  },\n                  \"AL52H\"\n                ]\n              }\n            ]\n          },\n          \"url\": \"http://e92tvshzx31z0-a3tst5m090sk96.oxvbr8uyhtuvm1scvjbs0c9kaqhmw436cgxow-gi.dflx-ps8nn5.9eueogfx3i99kx95klxx7.gbwt/zi5kJ\"\n        },\n        \"%u\": {\n          \"name\": \"oiwjeS~-\",\n          \"ay\": 2005,\n          \"assign\": [],\n          \"url\": \"http://7rm9bz7sgtb00l36hl1n96571bwwrw32mnrl3bbbcs8nq7rpsuii97d9n.qjltguhdco/gL/BT/'(%F1%80%8C%BBlZ)&&N/OPt%F1%B9%AE%BE%F0%9C%83%A2%F1%84%8A%A5/hUw8Q6BKX'/zYN%F0%B6%B1%AA~~\",\n          \"info\": \"G,[p~Ype5J\",\n          \"TCGbx\": {\n            \"name\": \"d(I{$BZ\\\\,\",\n            \"ay\": 2009,\n            \"assign\": [\n              \":pGUG\",\n              \"%*Glv.\",\n              \"rL,OFwU\\\"\"\n            ],\n            \"match\": [\n              {\n                \"pattern\": \"RUX9782B\",\n                \"exclude\": \"KU7S\",\n                \"info\": \"`,[2\"\n              },\n              {\n                \"pattern\": \"OKV8208Q\"\n              },\n              {\n                \"and\": []\n              },\n              {\n                \"or\": [\n                  {\n                    \"or\": []\n                  }\n                ]\n              }\n            ],\n            \"satisfy\": [\n              \"W\",\n              {\n                \"or\": [\n                  {\n                    \"and\": [\n                      {\n                        \"and\": [\n                          {\n                            \"or\": [\n                              {\n                                \"and\": [\n                                  \"zv6mKO\",\n                                  \"3,{%K\",\n                                  \"AV2c!\"\n                                ]\n                              }\n                            ]\n                          }\n                        ]\n                      },\n                      \"t,bL\",\n                      \"bJaT%gF\",\n                      \"uK')\"\n                    ]\n                  }\n                ]\n              },\n              \"Fo9`h\",\n              {\n                \"or\": [\n                  {\n                    \"and\": [\n                      \"hl6Cxvr=w\",\n                      \"-U\",\n                      \"<zBP}\",\n                      {\n                        \"or\": [\n                          {\n                            \"or\": []\n                          },\n                          \"F\",\n                          {\n                            \"or\": []\n                          }\n                        ]\n                      },\n                      \"\"\n                    ]\n                  }\n                ]\n              }\n            ],\n            \"info\": \"O/ },4\"\n          }\n        },\n        \"\": {\n          \"name\": \"g*R8lZ!3\",\n          \"ay\": 1970,\n          \"assign\": [\n            \"2kI\"\n          ],\n          \"match\": {\n            \"or\": [\n              \"IOE*\",\n              {\n                \"pattern\": \"PJM4M\",\n                \"exclude\": [],\n                \"info\": \"!I\"\n              },\n              {\n                \"pattern\": \"SH6\"\n              }\n            ]\n          },\n          \"satisfy\": [\n            {\n              \"and\": [\n                {\n                  \"or\": [\n                    \"h3&8jhlA\",\n                    \"H.}7(\\\"]\",\n                    \"& 3wC\",\n                    \"~`\",\n                    \"\"\n                  ]\n                },\n                {\n                  \"mc\": \"<=64\"\n                }\n              ]\n            },\n            \"4\",\n            {\n              \"or\": [\n                {\n                  \"and\": [\n                    {\n                      \"and\": []\n                    },\n                    {\n                      \"or\": [\n                        \"2,y*B/1JX\"\n                      ]\n                    },\n                    \"ncY7wa!BNH\",\n                    \"p:q\"\n                  ]\n                },\n                {\n                  \"or\": [\n                    {\n                      \"mc\": \">=43\"\n                    },\n                    \"vGL]8e*qN\"\n                  ]\n                },\n                {\n                  \"or\": [\n                    {\n                      \"and\": [\n                        {\n                          \"and\": [\n                            \"B7H;GZt0<&\",\n                            \"j0TpM1`J\",\n                            \"QS2)a,+|\\\"v\",\n                            \"HZM\",\n                            \"\\\\j2aT*XZ\"\n                          ]\n                        }\n                      ]\n                    },\n                    \"\"\n                  ]\n                }\n              ]\n            }\n          ],\n          \"url\": \"https://ub22nqgje4xaw58mlp2.dfjmh0s5w0keys5-at8c0po4qcjrqnj.2wxf6xim200bw7m4-vid8856w-f0l5mivrs939ma.n-5lum-h1moo2xwx3pwoicnedqw29cd2p7ud8dk.kwdu/.t/~'%F4%8D%B6%903j)rx/QRO%F2%B8%8B%BF;+9aX/G%F2%87%AE%A0//jK/x8@dEp/%F3%B1%8A%8A;@9e//%F3%A5%83%BF7!%F2%A9%9B%B6V.X\",\n          \"info\": \".5<@DpGpx<\"\n        },\n        \"c*/;eqKF\": {\n          \"name\": \"]m<%#lmT?\",\n          \"ay\": 1983,\n          \"assign\": [\n            \"\\\\:\",\n            \"(2d9;GM\",\n            \"5\"\n          ],\n          \"satisfy\": {\n            \"or\": [\n              \"hF\\\"\",\n              {\n                \"and\": [\n                  {\n                    \"and\": [\n                      {\n                        \"or\": [\n                          \"qK,y_[mR&\",\n                          \" 7|f%\"\n                        ]\n                      },\n                      \"jFS\",\n                      {\n                        \"mc\": \">=191\"\n                      },\n                      \" %+gkC]<\\\"\",\n                      {\n                        \"and\": []\n                      }\n                    ]\n                  },\n                  \"Kq&\",\n                  \"\"\n                ]\n              }\n            ]\n          },\n          \"url\": \"https://plxvol176xt-1ouu6s.63y1gl469tu558pzpnwf2st41lvjr16m48dfcnruj4335.ngxjk183fdaac1ynycno0nr-ss315hgmgf1zny4dpemkf7etsiwqhvjnvbe.kpundzu2psqme8mdwlth26fz6t32f55vz8wjlf4f.vowgb9rivg95y47bk4pdkxqfbnk7.rdhreplnn/m0;24Fw!/(*10u$2/~i7P/)dFV9U;//J.;$%F0%A2%A8%A9o/rl8&o%F3%A1%8F%89/I%F4%8B%97%B9/~c\"\n        },\n        \"^H-iq$&-:5\": {\n          \"name\": \";c/\",\n          \"ay\": 2014,\n          \"match\": [],\n          \"satisfy\": \"JbDM\",\n          \"url\": \"http://kjr0fv7n6mt3eoq26nc3llniin.f.bmlfbgnwrt/2%F2%96%A0%BD,-&'JuM9//~UXQz%F1%9A%8D%887@n3/F%F0%AE%86%9C%F1%83%AD%8A%F3%8A%AD%85/B5/B(!KL%F2%8D%B3%A2T%F3%B3%BE%B2\",\n          \"info\": \"iH(a2y\"\n        }\n      },\n      \"d3cJyX\": {\n        \"name\": \"b^H]|\\\"\",\n        \"ay\": 2010,\n        \"assign\": [\n          \"mQQ4j3|+GM\",\n          \"IK7+'z@\"\n        ],\n        \"match\": {\n          \"pattern\": \"LH4X\",\n          \"exclude\": \"MQA3*95I\",\n          \"info\": \"R[`,X\"\n        },\n        \"satisfy\": {\n          \"and\": [\n            {\n              \"and\": []\n            },\n            \"N4I&i%^\",\n            {\n              \"and\": [\n                {\n                  \"and\": [\n                    {\n                      \"and\": []\n                    },\n                    \"\",\n                    \"oH%\"\n                  ]\n                }\n              ]\n            },\n            \"br>\"\n          ]\n        },\n        \"url\": \"https://hxskc3jfkd5kyky.s8-bccoklmkc77dfthq45xnyx2euvg-4nas36oxa4id6cgrdzli9n9ilz9kc9u8.k8ckxnz7bb6gholpg2omzj1r4xfj2.7ftp9xyb0qdclpm0tr9t89w8o5vg72gnnnh5ga4f.my1n9l-svqd8n8g51vqa2kpy9wl405i4t1t34o2y29funj.wzdw/H$71/1mz&D/70m/%F3%99%90%A1\"\n      },\n      \"WWI)X#Yl\": {\n        \"name\": \"\",\n        \"ay\": 2003,\n        \"match\": \"GS395\",\n        \"satisfy\": [\n          \"IOr:%u{\",\n          {\n            \"mc\": \">=33\"\n          },\n          \"tC 4\",\n          {\n            \"or\": [\n              {\n                \"mc\": \">=49\"\n              },\n              {\n                \"or\": [\n                  {\n                    \"or\": [\n                      \"VNdH)\",\n                      \"`tuNDl\",\n                      \"W \",\n                      {\n                        \"or\": [\n                          \"uu>Lc\\\"\",\n                          {\n                            \"mc\": \"<=145\"\n                          }\n                        ]\n                      }\n                    ]\n                  }\n                ]\n              },\n              \"3%0j<DR,S \",\n              {\n                \"and\": [\n                  {\n                    \"or\": [\n                      \"Is7 n)=IH\",\n                      {\n                        \"and\": [\n                          {\n                            \"mc\": \">=12\"\n                          },\n                          \"o5<Lxs>p%\",\n                          \"7qa4\",\n                          \"SR%{lp0R9}\"\n                        ]\n                      }\n                    ]\n                  },\n                  {\n                    \"and\": [\n                      {\n                        \"and\": [\n                          \"0\\\"fr7l\",\n                          \"{!%u z!\"\n                        ]\n                      },\n                      \"7#\",\n                      \"zmPH<%J^\",\n                      {\n                        \"or\": []\n                      }\n                    ]\n                  },\n                  {\n                    \"mc\": \"<=125\"\n                  }\n                ]\n              }\n            ]\n          }\n        ],\n        \"url\": \"https://6rvjwxfs3gnuv3a4xl.btzxt8ul.alu8zd.g9vrx-xx6zbb5w-4ies70cwkz.0ne3npefqvlbs1iue-olvfe8c86x-p44v4ud5tj844iupl.saopwvxm/o@wA1/_3GJYwLw/e//*sOx./\",\n        \"info\": \"B\"\n      }\n    }\n  },\n  {\n    \"title\": \"block sample 7\",\n    \"value\": {\n      \"name\": \"%b%\",\n      \"ay\": 2028,\n      \"assign\": \"$H&\",\n      \"url\": \"https://466p2l5275ymsrf0f83xn7x9qvycwo3cw986fgw7b23aqki43zaenf.6zk3yae8ttmjkzad3plcvc6vhldrxokb8uvvz8xt6vwi1hzno9.e.c5ceagfff57yrar-chdcce9e-q.a.ztdgwxycgy/s/HNV%E3%91%A3%F4%8F%BF%BBfaG&/\"\n    }\n  },\n  {\n    \"title\": \"block sample 8\",\n    \"value\": {\n      \"ay\": 2030,\n      \"assign\": \"(jtsFKo2{S\",\n      \"satisfy\": [\n        \"u7{\",\n        {\n          \"mc\": \"<=142\"\n        }\n      ],\n      \"url\": \"https://a.6one9qboy185dg-asmwvwj9pmd0ve2o9dw1marsws7325h2uxotpbff.oxfbcb//.u/w'/WqL/sA/s:n/2/\",\n      \"WHv';\\\"Hhn\": {\n        \"name\": \"%g>I\",\n        \"ay\": 1958,\n        \"assign\": [\n          \">F&U),\",\n          \"pPl'wyq+x@\",\n          \"&%\"\n        ],\n        \"match\": [],\n        \"satisfy\": {\n          \"or\": []\n        },\n        \"url\": \"https://0m7pwoe8kctatomuoi2rvcrfixpqe.p.3fcunecwah8kavfg1hx1v7r2mrb5om8a1hzozydxa30z0nvn5wg0jnt.bxjpmxho/*%F3%B5%8A%AC8D/avRfq/s6o%F3%A9%B5%B5Vs/i%F3%9C%9B%88/wN1y/ON/G_MUtY%F0%98%B4%9EB/Kl\",\n        \"info\": \"\"\n      },\n      \"!ZsyV\": {\n        \"name\": \"z.bX\",\n        \"assign\": \"z(m<6gru \",\n        \"match\": \"GVBxS\",\n        \"satisfy\": [],\n        \"EIs0E\": {\n          \"name\": \"@\",\n          \"ay\": 2010,\n          \"assign\": \"VEr-e6\",\n          \"match\": [\n            {\n              \"or\": [\n                {\n                  \"and\": [\n                    \"BJW0609J\",\n                    {\n                      \"or\": [\n                        \"DBS9D\",\n                        {\n                          \"and\": [\n                            \"AUU23x*\",\n                            \"PQU*42\",\n                            \"BLF2x78\",\n                            \"QPL98xL\"\n                          ]\n                        }\n                      ]\n                    },\n                    \"QVI6x9\",\n                    {\n                      \"or\": [\n                        \"EQV59\",\n                        {\n                          \"pattern\": \"WMZ9L\",\n                          \"exclude\": \"NLZ*E\",\n                          \"info\": \"(R3w\"\n                        },\n                        \"AT1\"\n                      ]\n                    },\n                    {\n                      \"or\": [\n                        {\n                          \"pattern\": \"AUL10*I\",\n                          \"exclude\": [\n                            \"IS1242\",\n                            \"LV*x84\",\n                            \"CGK8\",\n                            \"NG7673O\",\n                            \"QUF264\"\n                          ],\n                          \"info\": \"z_GX\"\n                        },\n                        {\n                          \"pattern\": \"CA2S\",\n                          \"exclude\": \"ISF163V\",\n                          \"info\": \"}-<#d<WiR5\"\n                        },\n                        {\n                          \"or\": [\n                            {\n                              \"and\": [\n                                \"KW1Z\",\n                                \"ZB5\",\n                                \"DFx8B\"\n                              ]\n                            },\n                            {\n                              \"pattern\": \"BK77*5J\",\n                              \"exclude\": [\n                                \"YNI2xV\",\n                                \"EHT369Z\",\n                                \"ZP92C\"\n                              ],\n                              \"info\": \"\"\n                            }\n                          ]\n                        }\n                      ]\n                    }\n                  ]\n                }\n              ]\n            },\n            \"YJ61*6\",\n            {\n              \"or\": [\n                \"JTE9344\",\n                {\n                  \"and\": [\n                    \"HIYx\",\n                    \"IT*56N\",\n                    \"GNx4*9\",\n                    \"IU716V\",\n                    {\n                      \"and\": [\n                        {\n                          \"or\": [\n                            \"MMD6295N\"\n                          ]\n                        },\n                        {\n                          \"and\": []\n                        },\n                        \"JF4474E\"\n                      ]\n                    }\n                  ]\n                },\n                {\n                  \"pattern\": \"DVM8M\",\n                  \"exclude\": \"ED29*3\",\n                  \"info\": \"~z5\"\n                },\n                {\n                  \"pattern\": \"MLxH\",\n                  \"exclude\": [\n                    \"YS864M\",\n                    \"JX2\",\n                    \"PSE8*03\",\n                    \"WK*74\",\n                    \"NB9x\"\n                  ]\n                }\n              ]\n            }\n          ],\n          \"satisfy\": {\n            \"or\": [\n              {\n                \"and\": [\n                  \"_o1\",\n                  \"5\",\n                  {\n                    \"or\": [\n                      {\n                        \"mc\": \">=151\"\n                      },\n                      \"L{CfPOIFn+\"\n                    ]\n                  },\n                  \"vVo0\"\n                ]\n              },\n              {\n                \"or\": [\n                  \"+OyVK\",\n                  \"\",\n                  {\n                    \"or\": []\n                  },\n                  \"u_\"\n                ]\n              }\n            ]\n          },\n          \"url\": \"http://kfqt3qiqfm3z4mm9rc4wvvd3x2ege2faomnjmyuf6cptxagcvgon.ojhnwksrvw//_/1/@/Ov:wmzG-v/mgm=s%F2%B0%92%9Eu/)/sCG8=(g\",\n          \"info\": \"AG<\"\n        },\n        \"n}\": {\n          \"ay\": 2020,\n          \"assign\": [\n            \"\",\n            \"\",\n            \"gI&:\\\\x%h\",\n            \"+\",\n            \"{4g\"\n          ],\n          \"match\": {\n            \"pattern\": \"LG5\",\n            \"exclude\": [],\n            \"info\": \"Bg$\"\n          },\n          \"url\": \"https://dh6kx4f-4q0.ap7jo3rikrarlgxspch7ankhj39uk96z-zzzk2kirdmhpu0agbjbvsv9o1-sp5d.szh/,z*N-,k5/1//1(hv/@BB-:4/lW@4b%F0%B5%B4%AC;\",\n          \"info\": \"\"\n        },\n        \"*,\": {\n          \"name\": \"9!\",\n          \"ay\": 1965,\n          \"assign\": \"}}E>w4d\",\n          \"match\": {\n            \"and\": [\n              {\n                \"and\": [\n                  \"UUW9x*\",\n                  \"CMJ83Y\",\n                  {\n                    \"or\": [\n                      \"AS8H\",\n                      \"SNP37x\",\n                      {\n                        \"or\": [\n                          \"RD6R\"\n                        ]\n                      },\n                      \"HBG*B\"\n                    ]\n                  },\n                  \"EL8x*\"\n                ]\n              },\n              {\n                \"and\": [\n                  {\n                    \"or\": [\n                      \"RB3906O\",\n                      \"ZDF08Z\"\n                    ]\n                  },\n                  \"ECZ2B\",\n                  {\n                    \"and\": [\n                      \"PYD9P\",\n                      {\n                        \"or\": []\n                      }\n                    ]\n                  }\n                ]\n              }\n            ]\n          },\n          \"info\": \":\"\n        }\n      }\n    }\n  },\n  {\n    \"title\": \"block sample 9\",\n    \"value\": {\n      \"name\": \"]Dh!\",\n      \"ay\": 1955,\n      \"match\": [\n        {\n          \"or\": [\n            {\n              \"pattern\": \"WPF9Z\",\n              \"exclude\": \"PCZ226\",\n              \"info\": \"rIZ|G\"\n            },\n            {\n              \"or\": [\n                {\n                  \"pattern\": \"NA99\",\n                  \"exclude\": [\n                    \"LG*\",\n                    \"TQA7693\",\n                    \"AC7\",\n                    \"HO1119\",\n                    \"SWJ*x5*U\"\n                  ],\n                  \"info\": \"g?,[P{n\"\n                }\n              ]\n            }\n          ]\n        },\n        {\n          \"pattern\": \"JTP0053\",\n          \"exclude\": [\n            \"AOI9641S\",\n            \"ARKx169K\"\n          ],\n          \"info\": \"t\"\n        },\n        {\n          \"pattern\": \"ADM0\",\n          \"exclude\": [],\n          \"info\": \"|3H6aJI\"\n        },\n        {\n          \"and\": [\n            {\n              \"and\": [\n                \"FG0L\",\n                {\n                  \"pattern\": \"LZ0K\",\n                  \"info\": \"ou\"\n                },\n                \"CFGx\",\n                \"REQ3x4R\",\n                \"CY05W\"\n              ]\n            },\n            {\n              \"pattern\": \"FX1x0M\",\n              \"exclude\": \"IE9W\",\n              \"info\": \"jqADjOCW4v\"\n            },\n            \"JV5\"\n          ]\n        }\n      ],\n      \"satisfy\": [\n        \"Q4=4|6\",\n        {\n          \"mc\": \">=156\"\n        }\n      ],\n      \"url\": \"https://vf6.d9lu0sc.etosgrowik-9szeoolygj9jqk3rr94ax3spvwtyaf3mouw2hdxx.10xi94dh0ay73wryxpt-yz1uhxv023bhl2tbp.xrb/8%C7%BE%F2%88%91%BEHK/x2~eqxd5/%F2%BA%BF%9BYYw*d\",\n      \"info\": \"\"\n    }\n  }\n]",
              "code": "fast_check_1.sample(index_test_2.block, 10).forEach((sample, i) => addContext_1.default(this, {\n    title: `block sample ${i}`,\n    value: sample,\n}));\nreturn fast_check_1.assert(fast_check_1.property(index_test_2.block, ajvValidate));",
              "err": {},
              "uuid": "628cc50c-37a3-40b8-954d-7b5c7d546b83",
              "parentUUID": "0b5cad36-9124-4091-9d00-4ee3095b3a45",
              "isHook": false,
              "skipped": false
            },
            {
              "title": "should not validate non-object",
              "fullTitle": "blockSchema should not validate non-object",
              "timedOut": false,
              "duration": 1,
              "state": "passed",
              "speed": "fast",
              "pass": true,
              "fail": false,
              "pending": false,
              "context": null,
              "code": "const error = {\n    instancePath: \"\",\n    message: \"block should be an object\",\n};\nisInvalidBlock(null, error);\nisInvalidBlock(undefined, error);\nisInvalidBlock(10, error);\nisInvalidBlock([12, 24], error);\nisInvalidBlock(\"abc\", error);",
              "err": {},
              "uuid": "292ec9c3-c3e9-4daf-b205-2ff9f4107d9e",
              "parentUUID": "0b5cad36-9124-4091-9d00-4ee3095b3a45",
              "isHook": false,
              "skipped": false
            },
            {
              "title": "should not validate block with invalid properties",
              "fullTitle": "blockSchema should not validate block with invalid properties",
              "timedOut": false,
              "duration": 0,
              "state": "passed",
              "speed": "fast",
              "pass": true,
              "fail": false,
              "pending": false,
              "context": null,
[...]
              "context": null,
              "code": "const message = \"property 'info' should be a string\";\nisInvalidRule({ pattern: \"CS2101\", info: 42 }, { instancePath: \"/info\", message });",
              "err": {},
              "uuid": "023683fe-ceaa-4df1-b0dc-86c59575bb8d",
              "parentUUID": "84132c97-fe69-4d6f-bf94-f21b4e402ddf",
              "isHook": false,
              "skipped": false
            },
            {
              "title": "should not validate and match rules with non-array property",
              "fullTitle": "matchRuleSchema should not validate and match rules with non-array property",
              "timedOut": false,
              "duration": 1,
              "state": "passed",
              "speed": "fast",
              "pass": true,
              "fail": false,
              "pending": false,
              "context": null,
              "code": "const message = \"property 'and' should be an array of match rules\";\nisInvalidRule({ or: [{ and: {} }, { or: [{ and: 3 }] }] }, { instancePath: \"/or/0/and\", message }, { instancePath: \"/or/1/or/0/and\", message });",
              "err": {},
              "uuid": "9c02cbc8-8996-4559-abd7-332683ce47d7",
              "parentUUID": "84132c97-fe69-4d6f-bf94-f21b4e402ddf",
              "isHook": false,
              "skipped": false
            },
            {
              "title": "should not validate or match rules with non-array property",
              "fullTitle": "matchRuleSchema should not validate or match rules with non-array property",
              "timedOut": false,
              "duration": 0,
              "state": "passed",
              "speed": "fast",
              "pass": true,
              "fail": false,
              "pending": false,
              "context": null,
              "code": "const message = \"property 'or' should be an array of match rules\";\nisInvalidRule({ or: [{ or: {} }, { and: [{ or: 3 }] }] }, { instancePath: \"/or/0/or\", message }, { instancePath: \"/or/1/and/0/or\", message });",
              "err": {},
              "uuid": "07cf90d9-967a-49be-acf8-ceeb330f20c2",
              "parentUUID": "84132c97-fe69-4d6f-bf94-f21b4e402ddf",
              "isHook": false,
              "skipped": false
            }
          ],
          "suites": [],
          "passes": [
            "3ec8ad65-8e2a-4e46-b54c-f9b27da28b27",
            "71709890-6d8d-47b2-b9a6-b8bd30a87d1d",
            "72666c1f-6997-48b9-b1d2-ac7b3fedbaf1",
            "88894852-6dd3-456c-b829-f3a084b072e5",
            "c4fc6662-792b-4505-a020-7960686332be",
            "bee485be-394f-4508-9986-a9c4335f72c9",
            "3bc39d33-95c2-4b98-849a-d8638f6df6f3",
            "b63063cd-e2fd-4e3e-b6e0-2d90d201f15e",
            "023683fe-ceaa-4df1-b0dc-86c59575bb8d",
            "9c02cbc8-8996-4559-abd7-332683ce47d7",
            "07cf90d9-967a-49be-acf8-ceeb330f20c2"
          ],
          "failures": [],
          "pending": [],
          "skipped": [],
          "duration": 15,
          "root": false,
          "rootEmpty": false,
          "_timeout": 2000
        },
        {
          "uuid": "c813f0c7-3cc4-4e85-97d1-c332ab930cfd",
          "title": "inequalitySchema",
          "fullFile": "/home/runner/work/planwithus-lib/planwithus-lib/src/satisfyRule/inequality/schemas.test.ts",
          "file": "/src/satisfyRule/inequality/schemas.test.ts",
          "beforeHooks": [],
          "afterHooks": [],
          "tests": [
            {
              "title": "should validate inequality in the form <=n or >=n",
              "fullTitle": "inequalitySchema should validate inequality in the form <=n or >=n",
              "timedOut": false,
              "duration": 1,
              "state": "passed",
              "speed": "fast",
              "pass": true,
              "fail": false,
              "pending": false,
              "context": "[\n  {\n    \"title\": \"inequality sample 0\",\n    \"value\": \"<=41\"\n  },\n  {\n    \"title\": \"inequality sample 1\",\n    \"value\": \">=3\"\n  },\n  {\n    \"title\": \"inequality sample 2\",\n    \"value\": \"<=18\"\n  },\n  {\n    \"title\": \"inequality sample 3\",\n    \"value\": \"<=159\"\n  },\n  {\n    \"title\": \"inequality sample 4\",\n    \"value\": \"<=145\"\n  },\n  {\n    \"title\": \"inequality sample 5\",\n    \"value\": \"<=8\"\n  },\n  {\n    \"title\": \"inequality sample 6\",\n    \"value\": \"<=4\"\n  },\n  {\n    \"title\": \"inequality sample 7\",\n    \"value\": \"<=193\"\n  },\n  {\n    \"title\": \"inequality sample 8\",\n    \"value\": \">=2\"\n  },\n  {\n    \"title\": \"inequality sample 9\",\n    \"value\": \">=5\"\n  }\n]",
              "code": "fast_check_1.sample(index_test_2.inequality, 10).forEach((sample, i) => addContext_1.default(this, {\n    title: `inequality sample ${i}`,\n    value: sample,\n}));\nreturn fast_check_1.assert(fast_check_1.property(index_test_2.inequality, ajvValidate));",
              "err": {},
              "uuid": "498c2d6e-4c9b-452f-ad8b-d8265329e54d",
              "parentUUID": "c813f0c7-3cc4-4e85-97d1-c332ab930cfd",
              "isHook": false,
              "skipped": false
            },
            {
              "title": "should not validate inequality of invalid form",
              "fullTitle": "inequalitySchema should not validate inequality of invalid form",
              "timedOut": false,
              "duration": 1,
              "state": "passed",
              "speed": "fast",
              "pass": true,
              "fail": false,
              "pending": false,
              "context": null,
              "code": "[\n        \"\",\n        \"==23\",\n        \"23\",\n        \"<23\",\n        \">23\",\n        \"<=-1\",\n        \">=-1\",\n        \"<= 2\",\n        \">= 1\",\n        \"> 3\",\n        \"< 3\",\n        \"<=3a\",\n        \">=3a\",\n        \"a<=3\",\n        \"a>=3\",\n    ].forEach(isInvalidInequality)",
              "err": {},
              "uuid": "e0fb82fd-c67b-4731-b7c2-5571e4d66acd",
              "parentUUID": "c813f0c7-3cc4-4e85-97d1-c332ab930cfd",
              "isHook": false,
              "skipped": false
            }
          ],
          "suites": [],
          "passes": [
            "498c2d6e-4c9b-452f-ad8b-d8265329e54d",
            "e0fb82fd-c67b-4731-b7c2-5571e4d66acd"
          ],
          "failures": [],
          "pending": [],
          "skipped": [],
          "duration": 2,
          "root": false,
          "rootEmpty": false,
          "_timeout": 2000
        },
        {
          "uuid": "645fd065-564a-42ed-b961-379aafff0bff",
          "title": "satisfyRuleSchema",
          "fullFile": "/home/runner/work/planwithus-lib/planwithus-lib/src/satisfyRule/schemas.test.ts",
          "file": "/src/satisfyRule/schemas.test.ts",
          "beforeHooks": [],
          "afterHooks": [],
          "tests": [
            {
              "title": "should validate satisfy rule with valid block id",
              "fullTitle": "satisfyRuleSchema should validate satisfy rule with valid block id",
              "timedOut": false,
              "duration": 1,
              "state": "passed",
              "speed": "fast",
              "pass": true,
              "fail": false,
              "pending": false,
              "context": null,
              "code": "fast_check_1.assert(fast_check_1.property(fast_check_1.string(), ajvValidate)",
              "err": {},
              "uuid": "2979de5f-74f0-4efe-8b9b-acc5e0916d2c",
              "parentUUID": "645fd065-564a-42ed-b961-379aafff0bff",
              "isHook": false,
              "skipped": false
            },
            {
              "title": "should validate satisfy rules with valid mc",
              "fullTitle": "satisfyRuleSchema should validate satisfy rules with valid mc",
              "timedOut": false,
              "duration": 1,
              "state": "passed",
              "speed": "fast",
              "pass": true,
              "fail": false,
              "pending": false,
              "context": "[\n  {\n    \"title\": \"mcSatisfyRule sample 0\",\n    \"value\": {\n      \"mc\": \"<=199\"\n    }\n  },\n  {\n    \"title\": \"mcSatisfyRule sample 1\",\n    \"value\": {\n      \"mc\": \"<=32\"\n    }\n  },\n  {\n    \"title\": \"mcSatisfyRule sample 2\",\n    \"value\": {\n      \"mc\": \"<=194\"\n    }\n  },\n  {\n    \"title\": \"mcSatisfyRule sample 3\",\n    \"value\": {\n      \"mc\": \">=148\"\n    }\n  },\n  {\n    \"title\": \"mcSatisfyRule sample 4\",\n    \"value\": {\n      \"mc\": \">=195\"\n    }\n  },\n  {\n    \"title\": \"mcSatisfyRule sample 5\",\n    \"value\": {\n      \"mc\": \">=7\"\n    }\n  },\n  {\n    \"title\": \"mcSatisfyRule sample 6\",\n    \"value\": {\n      \"mc\": \"<=6\"\n    }\n  },\n  {\n    \"title\": \"mcSatisfyRule sample 7\",\n    \"value\": {\n      \"mc\": \"<=6\"\n    }\n  },\n  {\n    \"title\": \"mcSatisfyRule sample 8\",\n    \"value\": {\n      \"mc\": \"<=45\"\n    }\n  },\n  {\n    \"title\": \"mcSatisfyRule sample 9\",\n    \"value\": {\n      \"mc\": \"<=8\"\n    }\n  }\n]",
              "code": "fast_check_1.sample(index_test_2.mcSatisfyRule, 10).forEach((sample, i) => addContext_1.default(this, {\n    title: `mcSatisfyRule sample ${i}`,\n    value: sample,\n}));\nreturn fast_check_1.assert(fast_check_1.property(index_test_2.mcSatisfyRule, ajvValidate));",
              "err": {},
              "uuid": "45cef7da-8bf1-4132-88b7-d7b8b4c2310c",
              "parentUUID": "645fd065-564a-42ed-b961-379aafff0bff",
              "isHook": false,
              "skipped": false
            },
            {
              "title": "should validate valid recursive satisfy rules",
              "fullTitle": "satisfyRuleSchema should validate valid recursive satisfy rules",
              "timedOut": false,
              "duration": 5,
              "state": "passed",
              "speed": "fast",
              "pass": true,
              "fail": false,
              "pending": false,
              "context": "[\n  {\n    \"title\": \"satisfyRule sample 0\",\n    \"value\": {\n      \"and\": []\n    }\n  },\n  {\n    \"title\": \"satisfyRule sample 1\",\n    \"value\": \"K\\\"z&#U!\"\n  },\n  {\n    \"title\": \"satisfyRule sample 2\",\n    \"value\": {\n      \"or\": [\n        {\n          \"and\": [\n            {\n              \"mc\": \"<=123\"\n            },\n            \"3p\",\n            {\n              \"mc\": \"<=78\"\n            },\n            {\n              \"mc\": \">=126\"\n            }\n          ]\n        },\n        {\n          \"or\": [\n            {\n              \"or\": [\n                \"LW\",\n                {\n                  \"and\": [\n                    \"4\",\n                    {\n                      \"mc\": \">=38\"\n                    },\n                    \"I+3d^Pi\",\n                    \")noC-;G\"\n                  ]\n                },\n                {\n                  \"mc\": \">=12\"\n                },\n                \"50xj*4HV'\"\n              ]\n            },\n            {\n              \"or\": [\n                {\n                  \"or\": []\n                },\n                {\n                  \"mc\": \"<=72\"\n                },\n                \"gt8E<Q<\"\n              ]\n            }\n          ]\n        },\n        {\n          \"and\": [\n            {\n              \"mc\": \">=72\"\n            },\n            \"A^&!o$\",\n            {\n              \"mc\": \"<=8\"\n            }\n          ]\n        },\n        \"ME\"\n      ]\n    }\n  },\n  {\n    \"title\": \"satisfyRule sample 3\",\n    \"value\": {\n      \"and\": [\n        \"-zM|X\"\n      ]\n    }\n  },\n  {\n    \"title\": \"satisfyRule sample 4\",\n    \"value\": {\n      \"mc\": \">=101\"\n    }\n  },\n  {\n    \"title\": \"satisfyRule sample 5\",\n    \"value\": {\n      \"mc\": \">=193\"\n    }\n  },\n  {\n    \"title\": \"satisfyRule sample 6\",\n    \"value\": {\n      \"or\": [\n        \"W\"\n      ]\n    }\n  },\n  {\n    \"title\": \"satisfyRule sample 7\",\n    \"value\": {\n      \"and\": [\n        {\n          \"or\": [\n            {\n              \"or\": [\n                \"\",\n                {\n                  \"mc\": \"<=3\"\n                },\n                \"X\",\n                \"_Z'<\"\n              ]\n            }\n          ]\n        },\n        {\n          \"mc\": \"<=11\"\n        },\n        {\n          \"or\": [\n            \"~Z-d#5{Ih\",\n            {\n              \"mc\": \"<=161\"\n            },\n            {\n              \"or\": [\n                \"n\"\n              ]\n            }\n          ]\n        }\n      ]\n    }\n  },\n  {\n    \"title\": \"satisfyRule sample 8\",\n    \"value\": {\n      \"and\": [\n        \"2\"\n      ]\n    }\n  },\n  {\n    \"title\": \"satisfyRule sample 9\",\n    \"value\": {\n      \"or\": [\n        {\n          \"and\": [\n            {\n              \"mc\": \"<=151\"\n            },\n            \"Ly|a\"\n          ]\n        },\n        {\n          \"mc\": \">=87\"\n        }\n      ]\n    }\n  }\n]",
              "code": "fast_check_1.sample(index_test_2.satisfyRule, 10).forEach((sample, i) => addContext_1.default(this, {\n    title: `satisfyRule sample ${i}`,\n    value: sample,\n}));\nreturn fast_check_1.assert(fast_check_1.property(index_test_2.satisfyRule, ajvValidate));",
              "err": {},
              "uuid": "da889f49-7ae4-4248-a690-8596bc3b770b",
              "parentUUID": "645fd065-564a-42ed-b961-379aafff0bff",
              "isHook": false,
              "skipped": false
            },
            {
              "title": "should not validate non-string/object",
              "fullTitle": "satisfyRuleSchema should not validate non-string/object",
              "timedOut": false,
              "duration": 1,
              "state": "passed",
              "speed": "fast",
              "pass": true,
              "fail": false,
              "pending": false,
              "context": null,
              "code": "const error = {\n    instancePath: \"\",\n    message: \"satisfy rule should be either a string or an object\",\n};\nisInvalidRule(null, error);\nisInvalidRule(undefined, error);\nisInvalidRule(10, error);\nisInvalidRule([12, 24], error);",
              "err": {},
              "uuid": "289038cf-ce9e-47bd-9ed7-ba991eaaa43f",
              "parentUUID": "645fd065-564a-42ed-b961-379aafff0bff",
              "isHook": false,
              "skipped": false
            },
            {
              "title": "should not validate satisfy rules with extra properties",
              "fullTitle": "satisfyRuleSchema should not validate satisfy rules with extra properties",
              "timedOut": false,
              "duration": 0,
              "state": "passed",
              "speed": "fast",
              "pass": true,
              "fail": false,
              "pending": false,
              "context": null,
              "code": "isInvalidRule({\n        and: [\n            { or: [\"2k\"], abc: \"def\" },\n            { mc: 8, ghi: \"jkl\" },\n        ],\n        mno: \"pqr\",\n    }, {\n        instancePath: \"/and/0\",\n        message: \"or satisfy rule should have property 'or' only\",\n    }, {\n        instancePath: \"/and/1\",\n        message: \"MC satisfy rule should have property 'mc' only\",\n    }, {\n        instancePath: \"\",\n        message: \"and satisfy rule should have property 'and' only\",\n    })",
              "err": {},
              "uuid": "278b2678-0b00-4de1-a2c0-16ef32dfd32f",
              "parentUUID": "645fd065-564a-42ed-b961-379aafff0bff",
              "isHook": false,
              "skipped": false
            },
            {
              "title": "should not validate ambiguous satisfy rules",
              "fullTitle": "satisfyRuleSchema should not validate ambiguous satisfy rules",
              "timedOut": false,
              "duration": 1,
              "state": "passed",
              "speed": "fast",
              "pass": true,
              "fail": false,
              "pending": false,
              "context": null,
              "code": "const message = \"satisfy rule should have only one of properties 'mc', 'and', 'or'\";\nisInvalidRule({\n    or: [\n        { mc: 5, and: [\"CS2040\"] },\n        { and: [{ and: [\"abc\"], or: [\"def\"] }] },\n    ],\n}, { instancePath: \"/or/0\", message }, { instancePath: \"/or/1/and/0\", message });",
              "err": {},
              "uuid": "e7f7c0b9-e118-45ce-bc98-f32266f5c6ed",
              "parentUUID": "645fd065-564a-42ed-b961-379aafff0bff",
              "isHook": false,
              "skipped": false
            },
            {
              "title": "should not validate and satisfy rules with non-array property",
              "fullTitle": "satisfyRuleSchema should not validate and satisfy rules with non-array property",
              "timedOut": false,
              "duration": 0,
              "state": "passed",
              "speed": "fast",
              "pass": true,
              "fail": false,
              "pending": false,
              "context": null,
              "code": "const message = \"property 'and' should be an array of satisfy rules\";\nisInvalidRule({ or: [{ and: {} }, { or: [{ and: 3 }] }] }, { instancePath: \"/or/0/and\", message }, { instancePath: \"/or/1/or/0/and\", message });",
              "err": {},
              "uuid": "90e201ec-3ae1-4dd7-a904-ad7b6ce034e9",
              "parentUUID": "645fd065-564a-42ed-b961-379aafff0bff",
              "isHook": false,
              "skipped": false
            },
            {
              "title": "should not validate or satisfy rules with non-array property",
              "fullTitle": "satisfyRuleSchema should not validate or satisfy rules with non-array property",
              "timedOut": false,
              "duration": 1,
              "state": "passed",
              "speed": "fast",
              "pass": true,
              "fail": false,
              "pending": false,
              "context": null,
              "code": "const message = \"property 'or' should be an array of satisfy rules\";\nisInvalidRule({ and: [{ or: {} }, { and: [{ or: 3 }] }] }, { instancePath: \"/and/0/or\", message }, { instancePath: \"/and/1/and/0/or\", message });",
              "err": {},
              "uuid": "9b89f531-062a-4405-b67d-1720a648798e",
              "parentUUID": "645fd065-564a-42ed-b961-379aafff0bff",
              "isHook": false,
              "skipped": false
            }
          ],
          "suites": [],
          "passes": [
            "2979de5f-74f0-4efe-8b9b-acc5e0916d2c",
            "45cef7da-8bf1-4132-88b7-d7b8b4c2310c",
            "da889f49-7ae4-4248-a690-8596bc3b770b",
            "289038cf-ce9e-47bd-9ed7-ba991eaaa43f",
            "278b2678-0b00-4de1-a2c0-16ef32dfd32f",
            "e7f7c0b9-e118-45ce-bc98-f32266f5c6ed",
            "90e201ec-3ae1-4dd7-a904-ad7b6ce034e9",
            "9b89f531-062a-4405-b67d-1720a648798e"
          ],
          "failures": [],
          "pending": [],
          "skipped": [],
          "duration": 10,
          "root": false,
          "rootEmpty": false,
          "_timeout": 2000
        }
      ],
      "passes": [],
      "failures": [],
      "pending": [],
      "skipped": [],
      "duration": 0,
      "root": true,
      "rootEmpty": true,
      "_timeout": 2000
    }
  ],
  "meta": {
    "mocha": {
      "version": "9.0.0"
    },
    "mochawesome": {
      "options": {
        "quiet": false,
        "reportFilename": "mochawesome",
        "saveHtml": true,
        "saveJson": true,
        "consoleReporter": "spec",
        "useInlineDiffs": false,
        "code": true
      },
      "version": "6.2.2"
    },
    "marge": {
      "options": {
        "reportDir": "docs"
      },
      "version": "5.2.0"
    }
  }
}