{
  "stats": {
    "suites": 10,
    "tests": 48,
    "passes": 48,
    "pending": 0,
    "failures": 0,
    "start": "2021-12-13T10:02:36.130Z",
    "end": "2021-12-13T10:02:36.469Z",
    "duration": 339,
    "testsRegistered": 48,
    "passPercent": 100,
    "pendingPercent": 0,
    "other": 0,
    "hasOther": false,
    "skipped": 0,
    "hasSkipped": false
  },
  "results": [
    {
      "uuid": "4a71e444-cff7-41a7-a7e8-0256724f980f",
      "title": "",
      "fullFile": "",
      "file": "",
      "beforeHooks": [],
      "afterHooks": [],
      "tests": [],
      "suites": [
        {
          "uuid": "f6f77627-7dd6-4352-86aa-d6a445172864",
          "title": "initDirectories",
          "fullFile": "/home/runner/work/planwithus-lib/planwithus-lib/src/block/schemas.test.ts",
          "file": "/src/block/schemas.test.ts",
          "beforeHooks": [],
          "afterHooks": [],
          "tests": [
            {
              "title": "should parse all blocks with no errors",
              "fullTitle": "initDirectories should parse all blocks with no errors",
              "timedOut": false,
              "duration": 5,
              "state": "passed",
              "speed": "fast",
              "pass": true,
              "fail": false,
              "pending": false,
              "context": null,
              "code": "_1.initDirectories.should.not.throw()",
              "err": {},
              "uuid": "0c94ffe1-9c4d-4640-99b9-1ce8cecff5fe",
              "parentUUID": "f6f77627-7dd6-4352-86aa-d6a445172864",
              "isHook": false,
              "skipped": false
            },
            {
              "title": "should produce primary, second & minor directories",
              "fullTitle": "initDirectories should produce primary, second & minor directories",
              "timedOut": false,
              "duration": 4,
              "state": "passed",
              "speed": "fast",
              "pass": true,
              "fail": false,
              "pending": false,
              "context": null,
              "code": "const directories = (0, _1.initDirectories)();\ndirectories.should.have.property(\"primary\");\ndirectories.should.have.property(\"second\");\ndirectories.should.have.property(\"minor\");",
              "err": {},
              "uuid": "b86966ab-41ce-42ae-8915-6820a1ecceba",
              "parentUUID": "f6f77627-7dd6-4352-86aa-d6a445172864",
              "isHook": false,
              "skipped": false
            }
          ],
          "suites": [],
          "passes": [
            "0c94ffe1-9c4d-4640-99b9-1ce8cecff5fe",
            "b86966ab-41ce-42ae-8915-6820a1ecceba"
          ],
          "failures": [],
          "pending": [],
          "skipped": [],
          "duration": 9,
          "root": false,
          "rootEmpty": false,
          "_timeout": 2000
        },
        {
          "uuid": "39166f63-891b-4ff0-bfd9-5acb7fab2557",
          "title": "blockSchema",
          "fullFile": "/home/runner/work/planwithus-lib/planwithus-lib/src/block/schemas.test.ts",
          "file": "/src/block/schemas.test.ts",
          "beforeHooks": [],
          "afterHooks": [],
          "tests": [
            {
              "title": "should validate valid block",
              "fullTitle": "blockSchema should validate valid block",
              "timedOut": false,
              "duration": 175,
              "state": "passed",
              "speed": "slow",
              "pass": true,
              "fail": false,
              "pending": false,
              "context": "[\n  {\n    \"title\": \"block sample 0\",\n    \"value\": {\n      \"name\": \"\\\"zy\",\n      \"ay\": 1952,\n      \"assign\": \"*j\",\n      \"match\": {\n        \"or\": [\n          \"WD91\"\n        ]\n      },\n      \"satisfy\": \"tTICFdiZ^\",\n      \"url\": \"https://42pblyvks0up1eqxj8-k65mgh2w7qzxiubp9bi.rvseaxujw//&_cF,/$Qz8s6Up/CD&%F0%9E%8C%BEg/hay//a+c\",\n      \"isSelectable\": true,\n      \" gvC;Y\": {\n        \"name\": \"f\\\\r/=DNe\",\n        \"ay\": 2022,\n        \"assign\": \"0$Oe6?uq2G\",\n        \"match\": {\n          \"and\": [\n            {\n              \"or\": [\n                {\n                  \"or\": []\n                },\n                {\n                  \"pattern\": \"BR8602\",\n                  \"exclude\": \"NJ5988\"\n                },\n                \"BCXx\"\n              ]\n            },\n            {\n              \"and\": [\n                {\n                  \"and\": [\n                    {\n                      \"and\": [\n                        \"QS77\"\n                      ]\n                    }\n                  ]\n                },\n                \"TW*\"\n              ]\n            },\n            {\n              \"pattern\": \"VR3\",\n              \"exclude\": [\n                \"EH267L\",\n                \"XP36\",\n                \"PBX4172T\"\n              ],\n              \"info\": \"qy\"\n            },\n            {\n              \"and\": [\n                {\n                  \"pattern\": \"QH922E\",\n                  \"exclude\": [\n                    \"IVF43A\",\n                    \"RQ0\",\n                    \"RTx054G\",\n                    \"QU220*A\"\n                  ],\n                  \"info\": \" Ys~|\"\n                },\n                \"VTE670E\",\n                {\n                  \"or\": [\n                    \"PE30*0B\",\n                    \"UXP114G\",\n                    \"TP9M\"\n                  ]\n                },\n                \"UO0\"\n              ]\n            },\n            {\n              \"or\": [\n                {\n                  \"or\": []\n                },\n                \"ML66J\"\n              ]\n            }\n          ]\n        },\n        \"satisfy\": \"b2\",\n        \"url\": \"https://7k5r80iw.atbk\",\n        \"isSelectable\": true\n      }\n    }\n  },\n  {\n    \"title\": \"block sample 1\",\n    \"value\": {\n      \"name\": \"|2T\",\n      \"ay\": 2006,\n      \"assign\": \"w4-ox\",\n      \"match\": {\n        \"pattern\": \"DR22\",\n        \"exclude\": [\n          \"RC8L\",\n          \"AG38R\",\n          \"XQ9\",\n          \"CDWx6xB\"\n        ]\n      },\n      \"satisfy\": \"j\",\n      \"url\": \"https://z407ta9dw9bvvs4ivrn3xmn-aab2gj5cblzwms48632vdd6.pfea/%F1%9E%A7%B0SKW637/%F3%85%81%BF0!rZ@/)'~Ywvh%F0%BE%AD%94//b/o%22cdca0lLS/gX%F2%A2%A5%A7fW3/68fy\",\n      \"info\": \"z\",\n      \"ll)O<Xl]\": {\n        \"name\": \"U-^Dw\",\n        \"ay\": 1952,\n        \"match\": [\n          \"XQW22xx\"\n        ],\n        \"satisfy\": [\n          \"WCcx\",\n          \"6g|<w=LVz4\",\n          {\n            \"or\": [\n              \"b`\",\n              \"GjIu?f'+E$\",\n              \"8$j0b4&s\",\n              {\n                \"and\": [\n                  {\n                    \"and\": [\n                      \"lowf\\\"jLP\",\n                      {\n                        \"mc\": \">=37\"\n                      }\n                    ]\n                  },\n                  \"H3BJI4\",\n                  \">g\",\n                  \"ntk}[qO\"\n                ]\n              },\n              {\n                \"and\": [\n                  \"0ze\",\n                  \"4/\",\n                  \"sd.T,\",\n                  \"\",\n                  \"QfykAR}\"\n                ]\n              }\n            ]\n          },\n          {\n            \"or\": [\n              {\n                \"or\": [\n                  \"z+rAG~=\",\n                  \"^^t_ 7V \",\n                  \"Es~mq9X\"\n                ]\n              },\n              \"_fM+\"\n            ]\n          }\n        ],\n        \"url\": \"https://bgea-gmxk53jug66tjwwzn7r-t6bzqnbq32lbbk6tib-rv4n5.l93b9boemlq0wmg0gn-jcx02a2coogooqqva3ddzi527eoy3wqmtz.w9cw8t6niu5iym291r.23wmfjh5477135a65bbm6ftrd5kygdd80kqh4wpyjqol29fmwcf1ll2fi-i204.xctdztb/P!fK1+/Kx5MB%F2%85%90%AB(%F0%9C%B2%A7U\",\n        \"info\": \"\\\"=\",\n        \"isSelectable\": true\n      }\n    }\n  },\n  {\n    \"title\": \"block sample 2\",\n    \"value\": {\n      \"name\": \"@$,S\",\n      \"ay\": 1954,\n      \"assign\": \"i{c}>%\",\n      \"match\": {\n        \"and\": [\n          {\n            \"pattern\": \"OYV1189\",\n            \"exclude\": [],\n            \"info\": \"s^FbH _E\"\n          },\n          {\n            \"pattern\": \"ZI5*5J\",\n            \"exclude\": [\n              \"PA0\",\n              \"FXN312\"\n            ],\n            \"info\": \"\"\n          }\n        ]\n      },\n      \"url\": \"http://70a2eok.ogf.1h4h2-xm8cyy2lzfzxitx143y50hbr79saylq-u13wlez049gub750az.lsnxzqqixh/t/M%F1%94%96%B2LU~/f(Q\",\n      \"info\": \"FZ(\",\n      \"isSelectable\": true,\n      \"\": {\n        \"name\": \"ofY\",\n        \"ay\": 1953,\n        \"assign\": \"OKvcvH(k\",\n        \"match\": [\n          \"UQT0x*0\",\n          {\n            \"and\": []\n          },\n          \"DVY351W\"\n        ],\n        \"satisfy\": {\n          \"or\": [\n            {\n              \"mc\": \"<=199\"\n            }\n          ]\n        },\n        \"info\": \"UmcR\\\\\",\n        \"isSelectable\": true\n      },\n      \"pIP\": {\n        \"name\": \"0e\",\n        \"match\": \"GQ7\",\n        \"url\": \"https://u94fd0dv1qxmwuc8b-vzql5l2xgumasm1319bh.w3iwhdnoadp0h8uel9rkjgu9x7qu2chlrin7lgj0jhog0lspkbtkz-d2687jzcd.0tybv3igsnqn9-e26geak80uo2fbkb1lima1n4xvo6qx9dr.uo0bm4erwv7j3ot3bgslxns3krxa7ispe5zr3-vzgv2un8ses9z4x075rb7.tr\",\n        \"info\": \"kyy.7@5\",\n        \"isSelectable\": true\n      }\n    }\n  },\n  {\n    \"title\": \"block sample 3\",\n    \"value\": {\n      \"name\": \"~{z\",\n      \"ay\": 1953,\n      \"assign\": \"( V1#zsiL$\",\n      \"satisfy\": {\n        \"or\": []\n      },\n      \"info\": \"9$\\\"x\\\"yYJ$)\",\n      \"isSelectable\": true,\n      \"^y1ceCaT9#\": {\n        \"ay\": 1954,\n        \"assign\": [\n          \"W9~j90@\",\n          \"uC[t1*hd\\\"2\"\n        ],\n        \"url\": \"http://5e1jvs8wkmx4-bg0n5k-b.7.0oba78o31o4aesb4y03im73x6rukz-4izptleay796vm-28alyklx.bt8d99.i20pma8r5j8lia43jvdaw27a3dftedf6up1.oe/G!HFt%F3%A5%9F%B0pO/l9x%F2%93%9E%B9r/:HWsA%F1%B1%85%B0%F1%86%95%B7/IZxtnW/g3pM1loV/4%F0%B6%A4%800%F2%AF%88%89vJCwC/lRXNss///%F0%9C%B6%885=%F1%AE%A4%81E~S%F4%8E%A6%85\",\n        \"info\": \"\",\n        \"isSelectable\": true,\n        \"9zPHx:4\": {\n          \"name\": \"HaM!|Ueqp\",\n          \"ay\": 1962,\n          \"assign\": \"j\",\n          \"match\": [\n            {\n              \"and\": [\n                \"PA1713K\",\n                {\n                  \"pattern\": \"MZH98\",\n                  \"exclude\": [\n                    \"VOAx*86H\",\n                    \"ZXD1x5\",\n                    \"HQB5G\",\n                    \"NCJ*4X\",\n                    \"QKR2xJ\"\n                  ],\n                  \"info\": \"b}ks$&o\"\n                },\n                {\n                  \"and\": []\n                },\n                {\n                  \"or\": [\n                    {\n                      \"and\": [\n                        \"OJH25\"\n                      ]\n                    },\n                    \"YAM8272\",\n                    {\n                      \"or\": [\n                        \"SCT618\",\n                        {\n                          \"pattern\": \"CKZ711W\",\n                          \"exclude\": \"JQY3878L\",\n                          \"info\": \"!K8'\"\n                        },\n                        \"RGx17\",\n                        \"JK45C\",\n                        {\n                          \"pattern\": \"AZS9156\",\n                          \"exclude\": [\n                            \"ODV92\",\n                            \"PK4\",\n                            \"BH0A\",\n                            \"GL3V\",\n                            \"NW6K\"\n                          ],\n                          \"info\": \"a`ob\"\n                        }\n                      ]\n                    }\n                  ]\n                },\n                \"KRD0074\"\n              ]\n            },\n            \"ZO1V\"\n          ],\n          \"url\": \"https://pn-dwc3aq9m5ucpx3r0cay.gdv6n5aiyz192tv92u9edzmjk15rkrdgxsjww-dtemmir7ww1bgjruq7adxg.vonju/0RW0%F1%96%A1%8CeYh/%F2%86%89%83omnZ(=/sJ%F2%9B%84%8D%F2%80%B4%BE)%F1%B0%BD%82YT/%F3%B8%AE%B8Xi/I.\",\n          \"info\": \"\",\n          \"isSelectable\": true\n        },\n        \"\": {\n          \"name\": \"\",\n          \"ay\": 2008,\n          \"assign\": [\n            \"z\",\n            \"dk^1Evsx\",\n            \"\"\n          ],\n          \"match\": [\n            \"AG508\",\n            {\n              \"or\": [\n                \"EPC*G\",\n                {\n                  \"or\": [\n                    {\n                      \"or\": [\n                        \"LZ4N\",\n                        {\n                          \"pattern\": \"CLU9x\",\n                          \"exclude\": [\n                            \"JT0\",\n                            \"VAJ0749Y\",\n                            \"UIY8xxV\",\n                            \"PP1\"\n                          ],\n                          \"info\": \"kZ\"\n                        },\n                        \"II7L\",\n                        \"VY42M\"\n                      ]\n                    }\n                  ]\n                },\n                {\n                  \"pattern\": \"EQ03xN\",\n                  \"exclude\": \"DN468\",\n                  \"info\": \"(PdE_W\"\n                }\n              ]\n            },\n            {\n              \"pattern\": \"EC4J\",\n              \"exclude\": \"ZM6Z\",\n              \"info\": \"t[V;Q}X#\"\n            },\n            {\n              \"or\": [\n                {\n                  \"and\": [\n                    {\n                      \"pattern\": \"TG*286\",\n                      \"info\": \"UNFI3c&\"\n                    },\n                    \"TC335\",\n                    \"PMU129\",\n                    {\n                      \"and\": []\n                    },\n                    {\n                      \"and\": [\n                        {\n                          \"pattern\": \"CHX39x*\",\n                          \"exclude\": \"QVH83\",\n                          \"info\": \")l*8-c3\\\"fB\"\n                        },\n                        \"UZZ650R\",\n                        {\n                          \"pattern\": \"VWx76A\",\n                          \"info\": \"|'\"\n                        }\n                      ]\n                    }\n                  ]\n                },\n                {\n                  \"pattern\": \"VEQx\",\n                  \"exclude\": [\n                    \"QUK4\"\n                  ],\n                  \"info\": \"1%>kJ!ap\"\n                }\n              ]\n            }\n          ],\n          \"satisfy\": [],\n          \"url\": \"http://5gh9q5muoku1725v95ektiacxup6o247ktewjz-1e.b1qvh7cl6sx8nc-rb48fhgnrv-pyznxkk9y6fi9.omg/sjzI!W*J/r+&Z,M1h5v/;Mg/y0/%F0%95%8A%BAOD6%F0%BE%B4%8Bo9M/mRIG%F2%AD%AA%B04Jb/$y7-K=-6k/L%F1%AD%B5%AE4,K/o4WRodX\",\n          \"info\": \"%h\",\n          \"isSelectable\": true\n        },\n        \"eAoBg+\": {\n          \"name\": \"\",\n          \"ay\": 1954,\n          \"assign\": [\n            \"%xPm.C&*\"\n          ],\n          \"match\": \"KLM*2*8R\",\n          \"satisfy\": {\n            \"mc\": \"<=139\"\n          },\n          \"url\": \"http://rt.j08k8bt5ef2umb4nebe68aebww.1v3c.zs7b2559qksfyhvy6gjguy943hamcoreta5ms8k3.meckqi/K~62dEGt$Q/s/j./vjNT$a)'j///%F0%97%85%B1T%F3%BF%AA%9Foh/3D@Qz%F2%A8%94%B97/r4f+8I~1\",\n          \"info\": \"Z!^M!V\",\n          \"isSelectable\": true\n        },\n        \"FOL5ItO\": {\n          \"name\": \"\",\n          \"assign\": \",RRHO c\",\n          \"match\": [\n            \"PA5*3x\",\n            {\n              \"and\": [\n                \"XK8\",\n                {\n                  \"pattern\": \"QPB5N\",\n                  \"exclude\": [\n                    \"ZJx86\",\n                    \"CK11Z\",\n                    \"QO4D\",\n                    \"LE1\",\n                    \"DO*D\"\n                  ],\n                  \"info\": \"BAgc7\"\n                }\n              ]\n            },\n            {\n              \"pattern\": \"FAD387B\",\n              \"exclude\": [],\n              \"info\": \"bl$W>\\\\'Abb\"\n            },\n            {\n              \"or\": [\n                {\n                  \"pattern\": \"NHV*7*7A\",\n                  \"info\": \"~o`:\"\n                },\n                {\n                  \"or\": [\n                    \"XFX6977J\",\n                    \"TW*J\"\n                  ]\n                },\n                {\n                  \"pattern\": \"FAB29D\",\n                  \"exclude\": [\n                    \"DG0\",\n                    \"LNZ82\",\n                    \"KPN8\",\n                    \"AR215V\",\n                    \"ZZ181P\"\n                  ],\n                  \"info\": \"0S+5\"\n                },\n                {\n                  \"or\": [\n                    {\n                      \"and\": [\n                        \"YGG640\"\n                      ]\n                    },\n                    {\n                      \"and\": [\n                        {\n                          \"or\": []\n                        },\n                        {\n                          \"or\": [\n                            \"PG00M\"\n                          ]\n                        }\n                      ]\n                    },\n                    \"KNN1P\",\n                    \"BJX099I\"\n                  ]\n                }\n              ]\n            },\n            \"WJ*xH\"\n          ],\n          \"satisfy\": \"HA'\",\n          \"url\": \"https://713.dnw4qhin1ze96fwjnlp6qf6hxmlnlny6825tzldcxlhagbik25257.ao65dyn1lq2nq-m8llji766xv4fxjd14.j3rhl2sdr7bbuntlxrza97fk0o-7oviujtun-tuago00boi68e7ekjonqd-s.swwmtkmtyy/Q=HD%F1%9A%90%AA@PDY/$!y/ec3/S*&c/%F1%80%8E%A7XsI7RfM6/'&//W%F0%BB%8D%8F./(.SYS0o%F0%9A%94%82/G)Z\",\n          \"info\": \"4\",\n          \"isSelectable\": true\n        },\n        \"i\": {\n          \"name\": \"NkO^[\",\n          \"ay\": 2012,\n          \"assign\": [\n            \"E`Pd\",\n            \"V\",\n            \"ti]*G\",\n            \"N>nv6Q\",\n            \"=--m\"\n          ],\n          \"match\": [],\n          \"satisfy\": {\n            \"and\": []\n          },\n          \"url\": \"https://4.uyoko6-m3cskdvrqpyfz9aw5np4c1lpd2c.mvba2o6sq6mhyues.yr6nmqnciujr9e4kp77bazotyibx2nyzqt2j8c8sz6n-685.shsgrxsbu/,08e/O_A7fh%F2%B0%9B%B2mf//yi4u'D;Ev//8+Jt\",\n          \"info\": \"_ N|r\",\n          \"isSelectable\": true\n        }\n      }\n    }\n  },\n  {\n    \"title\": \"block sample 4\",\n    \"value\": {\n      \"name\": \"\\\"!V$yz#{\",\n      \"ay\": 2025,\n      \"assign\": \"$\",\n      \"match\": [\n        \"WLC6674Y\"\n      ],\n      \"satisfy\": {\n        \"or\": [\n          \"7HEO$)\",\n          {\n            \"mc\": \"<=24\"\n          },\n          {\n            \"mc\": \"<=155\"\n          },\n          {\n            \"mc\": \">=118\"\n          }\n        ]\n      },\n      \"info\": \"G\",\n      \"isSelectable\": true,\n      \"d\": {\n        \"name\": \"\\\"}\",\n        \"assign\": [\n          \"\"\n        ],\n        \"match\": [\n          {\n            \"or\": [\n              \"QCW014\",\n              {\n                \"and\": []\n              },\n              {\n                \"or\": [\n                  {\n                    \"or\": [\n                      \"GV59O\",\n                      \"WZO1*E\",\n                      {\n                        \"and\": [\n                          \"TLxN\"\n                        ]\n                      }\n                    ]\n                  },\n                  {\n                    \"pattern\": \"UX9\",\n                    \"exclude\": [\n                      \"IZ2A\",\n                      \"YQV1\"\n                    ],\n                    \"info\": \"b#':t\"\n                  },\n                  \"ZLIx7O\"\n                ]\n              },\n              {\n                \"pattern\": \"PNZ412L\",\n                \"exclude\": \"TJA3\",\n                \"info\": \"]c4.-\"\n              },\n              {\n                \"and\": []\n              }\n            ]\n          },\n          {\n            \"pattern\": \"YD723E\",\n            \"exclude\": \"PYP6009P\",\n            \"info\": \".AJr\"\n          }\n        ],\n        \"satisfy\": {\n          \"or\": [\n            {\n              \"and\": [\n                {\n                  \"and\": [\n                    \"5!Z]fq'\\\\c$\",\n                    \"\"\n                  ]\n                },\n                {\n                  \"and\": [\n                    \"!F=zS\",\n                    \">SA(g5'Qh\\\"\",\n                    \"]3F2rBX\",\n                    \"$E\\\"Vkg@p\"\n                  ]\n                },\n                {\n                  \"or\": [\n                    \"Z*G.\",\n                    {\n                      \"or\": []\n                    }\n                  ]\n                },\n                \"~W')izJRLy\",\n                \";5Wd5~\"\n              ]\n            }\n          ]\n        },\n        \"url\": \"http://ovlikyur.u.ri38vz8ijeqbdeel5okm9bv8rcyvpnrci1tqh7fjnnms4bx.tpuh//b%F3%A8%A6%98oC/y%EA%97%9BPR%E7%BB%86/kB*h3F~/2/mA%F1%90%8C%80p/JL/wKw\",\n        \"info\": \"H4\",\n        \"isSelectable\": true\n      },\n      \"\\\"\": {\n        \"ay\": 1995,\n        \"assign\": \"z\\\\#sC\",\n        \"satisfy\": {\n          \"and\": [\n            \"Nby%;eErc\"\n          ]\n        },\n        \"url\": \"https://9.ad-c.b--b8.ssgeespq/JWbj*4VBLD/ebb//6e%F3%9B%A8%A8g90N/=Tg:@fC@/)/syjQV8%F1%A7%B6%A5NA//O&/Z=%29%F2%8A%9B%82Ng\",\n        \"info\": \"b<\",\n        \"isSelectable\": true\n      }\n    }\n  },\n  {\n    \"title\": \"block sample 5\",\n    \"value\": {\n      \"name\": \"d5c\",\n      \"assign\": [\n        \"8(R|!!U%|O\"\n      ],\n      \"match\": {\n        \"pattern\": \"AI1218\",\n        \"exclude\": [\n          \"SNx1V\",\n          \"KD15P\",\n          \"TC4\",\n          \"ERN185\",\n          \"ORL*\"\n        ],\n        \"info\": \"\"\n      },\n      \"satisfy\": \"rwT\",\n      \"url\": \"https://e8nr7f9d-fxofdanf78if6hfe4dtd57adc75bp9dzonea886fkcac6-45-587.j.sinibqwp/;@nyRCB5\",\n      \"info\": \".-\\\"\",\n      \"isSelectable\": true\n    }\n  },\n  {\n    \"title\": \"block sample 6\",\n    \"value\": {\n      \"name\": \"oN \\\"fOAj`\",\n      \"ay\": 1984,\n      \"match\": {\n        \"or\": [\n          \"TFD3687\"\n        ]\n      },\n      \"satisfy\": {\n        \"or\": [\n          {\n            \"and\": [\n              {\n                \"mc\": \"<=85\"\n              },\n              {\n                \"mc\": \">=30\"\n              },\n              \"ZeO3;e\",\n              {\n                \"and\": [\n                  \",;`Ao\\\"NI|\",\n                  \"hn`?\",\n                  \"a;.:>G\",\n                  {\n                    \"and\": [\n                      \"R6@pfODN\",\n                      \"D1v\",\n                      \"ij{]\",\n                      \"mw\\\\\",\n                      {\n                        \"mc\": \">=144\"\n                      }\n                    ]\n                  }\n                ]\n              }\n            ]\n          },\n          \"P$XI/Nyr\",\n          {\n            \"mc\": \"<=35\"\n          },\n          {\n            \"and\": [\n              {\n                \"and\": [\n                  \"8}\",\n                  \"azUf$+*e0\"\n                ]\n              }\n            ]\n          }\n        ]\n      },\n      \"url\": \"https://rmnc4oa2wrnh9c3r3o-f2ffx9sg8gd6yuu7vrh6.mudajpyk/GZ//U\",\n      \"info\": \"  \",\n      \"isSelectable\": true\n    }\n  },\n  {\n    \"title\": \"block sample 7\",\n    \"value\": {\n      \"name\": \"\",\n      \"ay\": 1959,\n      \"assign\": [\n        \"3I~?\",\n        \"koFwSC&x4\",\n        \"_sjsdy\",\n        \"S?+\",\n        \"|\"\n      ],\n      \"match\": {\n        \"or\": [\n          {\n            \"or\": [\n              \"NIS91*\"\n            ]\n          },\n          {\n            \"pattern\": \"JOT01\",\n            \"exclude\": \"IE5746\",\n            \"info\": \"$I_yt!}<-s\"\n          }\n        ]\n      },\n      \"satisfy\": {\n        \"mc\": \"<=29\"\n      },\n      \"isSelectable\": true,\n      \"t\\\"+\": {\n        \"name\": \"\",\n        \"ay\": 1994,\n        \"assign\": [\n          \"=6#C9}6S\",\n          \"W[TvWYp0\",\n          \"^|49@fZ$<5\"\n        ],\n        \"match\": {\n          \"or\": [\n            {\n              \"or\": [\n                \"VE9**O\",\n                \"ZA76B\"\n              ]\n            },\n            {\n              \"pattern\": \"UU448P\",\n              \"info\": \"Sb@(]Zk\"\n            },\n            \"RFU6C\",\n            \"YKW9x40N\",\n            \"QUW071xA\"\n          ]\n        },\n        \"satisfy\": {\n          \"and\": [\n            {\n              \"and\": [\n                {\n                  \"mc\": \"<=55\"\n                },\n                \"qnSjw\",\n                {\n                  \"and\": [\n                    \"$B\",\n                    \"zEhc5V^y)\"\n                  ]\n                }\n              ]\n            },\n            {\n              \"mc\": \"<=114\"\n            },\n            {\n              \"mc\": \">=27\"\n            },\n            \"\\\"HI2\",\n            {\n              \"or\": [\n                {\n                  \"or\": [\n                    \"d'8\"\n                  ]\n                },\n                \"^\",\n                \"(^~ucTtlg\\\"\",\n                \"\\\"W\",\n                {\n                  \"mc\": \">=56\"\n                }\n              ]\n            }\n          ]\n        },\n        \"url\": \"http://n31tv3bgonwxxyecg.jze1loke140pf1r5yl03c005z4.v853yj9m6mwmguicf96cdaal227ksw3wbcpc2m21o-0efyu4od.zwewg/AGPH/y%F3%81%9D%89i8~'/%F2%97%8E%90.e%F3%9B%85%90nX%F3%B4%A0%93Be/M:$MH%F0%BD%98%83E/Q6-'/%F0%B8%AE%B5=Vst/W%F3%96%A4%84cs/EsHDIpc%F0%B7%91%ACa/\",\n        \"info\": \"e0Y.FZ\",\n        \"isSelectable\": true\n      }\n    }\n  },\n  {\n    \"title\": \"block sample 8\",\n    \"value\": {\n      \"name\": \"\",\n      \"ay\": 1954,\n      \"assign\": \"l\",\n      \"satisfy\": [\n        {\n          \"and\": []\n        },\n        {\n          \"or\": [\n            \"O2W\",\n            {\n              \"and\": [\n                {\n                  \"or\": [\n                    {\n                      \"or\": [\n                        \"J?W&P\\\\ K~\",\n                        \"K_E8N:c\"\n                      ]\n                    },\n                    \"*-P\\\\cZR\",\n                    {\n                      \"and\": [\n                        \"e1;Z(Q^L2\"\n                      ]\n                    },\n                    \"\"\n                  ]\n                },\n                {\n                  \"or\": []\n                },\n                \"$Afv=/\"\n              ]\n            },\n            {\n              \"and\": [\n                {\n                  \"or\": []\n                },\n                {\n                  \"and\": [\n                    {\n                      \"and\": [\n                        \"t\\\\L}Q\",\n                        \"Ze;mGp\"\n                      ]\n                    },\n                    \"oY3r\",\n                    {\n                      \"and\": []\n                    },\n                    \",K'PkqS\"\n                  ]\n                }\n              ]\n            },\n            {\n              \"mc\": \">=136\"\n            },\n            \"@*G\"\n          ]\n        },\n        {\n          \"and\": [\n            {\n              \"mc\": \"<=183\"\n            }\n          ]\n        },\n        \"kbj(f>$\",\n        {\n          \"mc\": \"<=187\"\n        }\n      ],\n      \"url\": \"https://zyqk1ryttzubeukkrl39o7c.gjeg98h68knrcr0iow36fmnjeq2umtdxbc2mjiskojs5d4m1cyom78dmk.j3qlkgdgqar1bdk7sx.zywgogs1hd8k1ydiegkhgrg6h.mvs\",\n      \"info\": \")S\",\n      \"isSelectable\": true,\n      \"6+}W^,a\": {\n        \"name\": \"|T\",\n        \"ay\": 2030,\n        \"assign\": [\n          \"W/>hKbIowZ\",\n          \"&\",\n          \" 9\"\n        ],\n        \"match\": [\n          {\n            \"or\": [\n              \"SB0\"\n            ]\n          }\n        ],\n        \"satisfy\": {\n          \"or\": [\n            \"TDZv0MiO\",\n            \"C*?a/[ia0s\",\n            {\n              \"or\": [\n                {\n                  \"mc\": \">=172\"\n                },\n                \"\",\n                {\n                  \"mc\": \"<=33\"\n                },\n                \"c~\"\n              ]\n            }\n          ]\n        },\n        \"info\": \"#;#rb\",\n        \"isSelectable\": true,\n        \"\\\"p\\\\6kVZR\": {\n          \"name\": \"YmNp<tcq\",\n          \"ay\": 2023,\n          \"assign\": \"7qwlR\",\n          \"match\": [\n            {\n              \"and\": []\n            },\n            {\n              \"and\": [\n                {\n                  \"or\": []\n                }\n              ]\n            },\n            \"EPZ*1\",\n            \"ZI4\",\n            {\n              \"pattern\": \"WL97xx\",\n              \"exclude\": [\n                \"MQW0\"\n              ],\n              \"info\": \"-Az\\\"Gx[3_\"\n            }\n          ],\n          \"satisfy\": [],\n          \"url\": \"https://q6cf.fctzm29hxdx3xmuum5h8ml16b07nli6yd09fvka9fhyikuhy1vil4a5v.b3px2li57r-hkvpt.3gll7227ymze72iozpewdlbr765hb85-2rj5st.xuorodvsy/yA%F0%A0%A7%9C\",\n          \"info\": \"c\",\n          \"isSelectable\": true,\n          \"\": {\n            \"name\": \"|W0RV\",\n            \"ay\": 2027,\n            \"assign\": [\n              \"@\",\n              \"\",\n              \"c2q8HI\"\n            ],\n            \"match\": [\n              {\n                \"pattern\": \"ITU344\",\n                \"exclude\": \"CCI74H\"\n              },\n              {\n                \"pattern\": \"VNI6H\",\n                \"exclude\": [\n                  \"UMV9527L\"\n                ],\n                \"info\": \"QsR&j~L\"\n              },\n              {\n                \"pattern\": \"SFM6*N\",\n                \"exclude\": \"EJW6P\",\n                \"info\": \"j%.bd3\"\n              }\n            ],\n            \"url\": \"http://qm4xvfb67anw78d6fyemh738frmwb68alj-ndg2v-8oi5ftxse570r2bicl8lu4.u.zvvoai7666ptavdbwfk03zwkyjxrvzesmjmdxswavb8bvs0fizh6ln9n.q7chq4ddwn2gojtgi9d2ubbdbign7c5wzesfk6n0-h9rm3doq68jg.a-f0rq3qv9sp0f7h8cuparubrnnh-hwki6i0ngoijjhmjraapa4gox6vad.qevcpoqjpm/NAHhFeP$/T%F2%82%90%BByJZ/AsS4%F0%AE%96%93x,+%F3%B2%88%B4Q/N~vRf/+3%F1%98%BE%87Baw;H/$%F1%A5%89%99L+i/\"\n          },\n          \">=\": {\n            \"name\": \"+#\\\"\",\n            \"ay\": 1989,\n            \"assign\": [\n              \"0.TN[#ut\",\n              \"Cy0n%G`gde\",\n              \"\"\n            ],\n            \"url\": \"https://zi5tjndwe-cdqf4az0jmq705bebme2hnnn5v8km2gj1gei2qmvmryw6j2ot.rcq5yfwi5mb81ea2uvke98urtwqcbf96ojkf6cq2sqt5asdz.rdbnyakl/UW%F3%87%9B%83UWVF%F2%A1%A4%B5Zf/e*I0%E2%A7%BD/f/M~/u.tJ=Of/:X\",\n            \"info\": \"C0\",\n            \"isSelectable\": true\n          }\n        },\n        \"dD?T\": {\n          \"name\": \"j>G(m\",\n          \"assign\": [\n            \"@u/\",\n            \"LcG;3ME=Dd\",\n            \"\"\n          ],\n          \"url\": \"https://5.yepv1u4fd4g6a2jodw.fh/%F2%A3%B6%B3DG=)/(E8/1u/hsSO%F2%97%9A%9ElxY/xP2H%F0%97%B7%835/xM64FH;/+GHswKMH/%F2%9D%9E%9Cq/2)Wkv%F1%A1%B4%A4lj@r/w\",\n          \"info\": \"*,#\",\n          \"isSelectable\": true,\n          \"\": {\n            \"name\": \"3^]\\\\R:\",\n            \"ay\": 1999,\n            \"assign\": \"ytN\",\n            \"match\": {\n              \"and\": [\n                \"LRD18U\",\n                {\n                  \"or\": [\n                    {\n                      \"and\": [\n                        \"BO*11\",\n                        \"OCR8R\",\n                        \"VWX884T\"\n                      ]\n                    },\n                    {\n                      \"and\": [\n                        \"XAM4K\",\n                        \"ZR*3xM\",\n                        \"PB7x3D\",\n                        {\n                          \"pattern\": \"DY5*12\",\n                          \"exclude\": \"HA001I\",\n                          \"info\": \"Tfd@0\"\n                        },\n                        {\n                          \"pattern\": \"GL564xQ\",\n                          \"exclude\": [\n                            \"OQQ5*03N\"\n                          ]\n                        }\n                      ]\n                    }\n                  ]\n                },\n                {\n                  \"and\": [\n                    \"WG1621\",\n                    \"BCO55\"\n                  ]\n                }\n              ]\n            },\n            \"satisfy\": [\n              \"V5W?oDB0P\",\n              {\n                \"or\": [\n                  {\n                    \"or\": [\n                      \"RS(kdq('3&\",\n                      \"_Y\",\n                      \"GZuotzOj\",\n                      \"5n|.5\"\n                    ]\n                  },\n                  {\n                    \"or\": [\n                      \"@&|T?\\\\T$bO\"\n                    ]\n                  },\n                  {\n                    \"and\": [\n                      {\n                        \"and\": [\n                          \"0;SH=6mJt\",\n                          \"$0.\",\n                          {\n                            \"mc\": \">=110\"\n                          },\n                          \"nQ61<H),R\",\n                          \"ZxAJ{,,PB\"\n                        ]\n                      },\n                      \"+=Y2^9\",\n                      \"w{\",\n                      \"=mr~2=\"\n                    ]\n                  },\n                  \"/vJLy\",\n                  {\n                    \"mc\": \">=166\"\n                  }\n                ]\n              },\n              {\n                \"or\": [\n                  \"Po%b\",\n                  \"\",\n                  {\n                    \"mc\": \">=75\"\n                  }\n                ]\n              },\n              {\n                \"mc\": \">=162\"\n              },\n              \"d--O&,#^\"\n            ],\n            \"info\": \",p3-EHr\"\n          },\n          \"y[&|PC\\\\$>\": {\n            \"name\": \"Py35$eNYv\",\n            \"ay\": 2002,\n            \"assign\": [\n              \"WD}}|\",\n              \"Z#l1b\",\n              \"\",\n              \"R&oR\"\n            ],\n            \"match\": [],\n            \"satisfy\": [],\n            \"url\": \"http://tzuk4cl-o8z5rxh866qvswj4.b.gts/0&h/Na//1FT,U/!AXl/xqvR/i*64%F3%85%99%B3/Z11O/ye.%F2%94%AB%9D\",\n            \"info\": \",\"\n          },\n          \"f{HblUT\": {\n            \"name\": \"P\\\"1}AkX\",\n            \"ay\": 2010,\n            \"match\": [\n              {\n                \"and\": [\n                  {\n                    \"pattern\": \"FBI71*H\",\n                    \"info\": \")ep,Z;pF \"\n                  }\n                ]\n              }\n            ],\n            \"satisfy\": \"6-\",\n            \"url\": \"http://j-eqafjj7acv67nvgx9xgubws-fx2i06jju5n35uvx-u4e5umop65zkvqo7.nncl1obyf3yab8ox6pzog4z6drbfphb9pwd320dlx0i4m04-5ldw6g44ii.da8i1ic44xzbvr3ud8rf.b.kbyfpkd/0d%F1%8B%87%A5/QlGZ/i(*cWE+\",\n            \"isSelectable\": true\n          },\n          \"\\\\)Tw!\\\"\": {\n            \"ay\": 2000,\n            \"match\": {\n              \"or\": []\n            },\n            \"satisfy\": {\n              \"or\": [\n                {\n                  \"mc\": \">=46\"\n                },\n                {\n                  \"or\": [\n                    {\n                      \"or\": [\n                        \"!y}s\\\\#^F^8\",\n                        \"\",\n                        \"8W@0g}\",\n                        \"]G3H0<0~4A\",\n                        \"YUylE4\"\n                      ]\n                    }\n                  ]\n                },\n                {\n                  \"or\": [\n                    \"|_0$:s\",\n                    {\n                      \"and\": [\n                        {\n                          \"or\": [\n                            \"8y!s\",\n                            \"htE3dcr\",\n                            \"o0W!\\\"8;0\",\n                            {\n                              \"and\": []\n                            }\n                          ]\n                        }\n                      ]\n                    }\n                  ]\n                },\n                {\n                  \"and\": []\n                },\n                {\n                  \"mc\": \">=24\"\n                }\n              ]\n            },\n            \"info\": \"g/!y.&\",\n            \"isSelectable\": true\n          },\n          \"%\": {\n            \"name\": \"\",\n            \"ay\": 2018,\n            \"assign\": \",.^{Qr;\",\n            \"match\": [\n              {\n                \"pattern\": \"SBU759L\",\n                \"exclude\": \"CZV7x17\",\n                \"info\": \"Ma9FffH4Gp\"\n              },\n              {\n                \"and\": [\n                  {\n                    \"pattern\": \"SR4160\",\n                    \"exclude\": [\n                      \"LEA243xF\"\n                    ]\n                  },\n                  \"SFX***1W\",\n                  \"AHE27xG\",\n                  {\n                    \"or\": [\n                      \"PR003C\",\n                      {\n                        \"pattern\": \"AR8I\",\n                        \"exclude\": [\n                          \"AY696\",\n                          \"FT60J\",\n                          \"DZA8034\",\n                          \"DXE840Y\",\n                          \"PM9M\"\n                        ],\n                        \"info\": \"\"\n                      },\n                      \"BT7O\",\n                      \"YDX11\",\n                      \"LNx6x9\"\n                    ]\n                  },\n                  {\n                    \"pattern\": \"TC57*x\",\n                    \"exclude\": [\n                      \"VO506*\",\n                      \"VBO5K\",\n                      \"TA786\"\n                    ]\n                  }\n                ]\n              },\n              {\n                \"and\": [\n                  {\n                    \"and\": [\n                      {\n                        \"pattern\": \"GAQ6*3\",\n                        \"exclude\": \"AN4*\",\n                        \"info\": \"Cj8b{\"\n                      }\n                    ]\n                  }\n                ]\n              },\n              \"BW*1\"\n            ],\n            \"satisfy\": {\n              \"mc\": \">=67\"\n            },\n            \"url\": \"http://e8qaowivuj1jrz9oni85c1cpqr935v9qldlr2j9pkhqge-ogyajzn0u0tpdj.nyx/KTEpK/PK'/)p/(/%F1%92%AB%A2\",\n            \"info\": \"LVMFU\",\n            \"isSelectable\": true,\n            \"DrTk)(4F\": {\n              \"name\": \"AN0\",\n              \"ay\": 2012,\n              \"assign\": \"Tx\",\n              \"match\": [],\n              \"satisfy\": \"@Pyuyo{\",\n              \"url\": \"https://lltdqwo5ai6j90xcgtccimw8b7pbw.cdjdmb/-/u0z//E/%EF%B6%B8k/\",\n              \"info\": \"u65`\"\n            },\n            \"_<*G\": {\n              \"ay\": 2012,\n              \"assign\": \"mL8(45n.*\",\n              \"match\": [\n                {\n                  \"and\": [\n                    {\n                      \"and\": [\n                        \"UNxx41\"\n                      ]\n                    }\n                  ]\n                },\n                {\n                  \"pattern\": \"PBM06\",\n                  \"exclude\": [\n                    \"SS4558A\",\n                    \"VL37D\",\n                    \"WRx877\"\n                  ]\n                },\n                {\n                  \"pattern\": \"DUD81O\",\n                  \"exclude\": \"BDZ9585M\",\n                  \"info\": \"s}mzE$\"\n                }\n              ],\n              \"url\": \"https://tysnf59gmi1k7w3ewjq2mp8bo-ju49mcsx3mtxtym4h4z7shk91iqoftjhgo.o382wriukjapy-pdb3qtvfjkmxb--se.38ppmsix0se42079khj7c14pxo3c.org37-6cx7lg600ttgnjtbuzq0-co3chm-b9oa.rkbxhxgzmr/_Dh/y9B/%F0%AF%BE%8ALf/GI@*p0%F0%A7%84%AD%E1%94%8F/&xM7;.'%F3%A1%8D%A6=/Z@%F3%88%AA%AEdbU_o%F0%9B%99%92/M.%F2%AE%B5%89'aCjDW/XQI;CV:1:/r%F0%BE%8F%86aXSP/h\",\n              \"info\": \"hVc v\",\n              \"isSelectable\": true\n            },\n            \"_Tsz)R\": {\n              \"name\": \"ik+IR<\",\n              \"ay\": 1989,\n              \"assign\": \"`i]Jf\",\n              \"match\": [],\n              \"url\": \"https://h0hl9hjrcrcr1pri9atbl3mvqzl8kyo5gc-f.kiaufh58fq6h7bdca4wdbajqaz.t1rqyteci5t4efg.u9dwt9yh2yrpsw0g63kic9j5v9qrz8gr2osg-wfq5z42-y.ocmscscjh/G-n/%F0%A2%BA%9A%F0%A3%96%B1d=L8:G/T_Y5!@/(VN(O%F2%9E%BA%BFA/c!/Me$qv(WOWx/1hlU-&c@//gPud\",\n              \"info\": \"hd X\"\n            },\n            \"\": {\n              \"ay\": 1974,\n              \"assign\": \" E\",\n              \"match\": [\n                \"NW645*L\",\n                {\n                  \"pattern\": \"ZWJ7845F\",\n                  \"exclude\": [\n                    \"FAL4\",\n                    \"OL2876\",\n                    \"FHQx08\",\n                    \"LK5T\"\n                  ]\n                }\n              ],\n              \"url\": \"http://870b8wx3xplg5velj-ug-2d4y9--x1.97xo6nx2b2e0spbdzfjdk8xab1tmwf1mmg.btw31-i6ab220irb6mvrkvu84ke.rru8otrzq9blj405qqy8k66de590iq93pg6buvro8y41.asbixq\",\n              \"isSelectable\": true\n            }\n          }\n        }\n      }\n    }\n  },\n  {\n    \"title\": \"block sample 9\",\n    \"value\": {\n      \"name\": \"cJ,\",\n      \"ay\": 2001,\n      \"assign\": \"fF_\",\n      \"match\": {\n        \"and\": [\n          {\n            \"pattern\": \"BSJ2\",\n            \"exclude\": [\n              \"ZWD13V\",\n              \"PN7*17L\",\n              \"EY338\",\n              \"MJ9462A\"\n            ],\n            \"info\": \"2WF7~zTX*9\"\n          },\n          {\n            \"pattern\": \"GYW5N\",\n            \"info\": \"i \"\n          },\n          {\n            \"and\": [\n              \"VR727G\",\n              {\n                \"pattern\": \"IZH49\",\n                \"exclude\": \"LO9L\",\n                \"info\": \"&j\"\n              }\n            ]\n          },\n          \"MHx89M\"\n        ]\n      },\n      \"satisfy\": {\n        \"or\": []\n      },\n      \"url\": \"https://9.01hnsg0ju0d9syikchs9ug7iu62c.cexxdggeno/zDE%21q/k($EOI/E%F0%BF%AD%9Ew)h9G/'l/O%F1%A3%BA%88Ta%F2%BE%8A%826s@!C/%F0%96%BB%91//S\",\n      \"info\": \"xyn%]23n\",\n      \"isSelectable\": true\n    }\n  }\n]",
              "code": "(0, fast_check_1.sample)(index_test_2.block, 10).forEach((sample, i) => (0, addContext_1.default)(this, {\n    title: `block sample ${i}`,\n    value: sample,\n}));\nreturn (0, fast_check_1.assert)((0, fast_check_1.property)(index_test_2.block, ajvValidate));",
              "err": {},
              "uuid": "12194e1f-1edb-4bd0-9e1e-e3f056878c4a",
              "parentUUID": "39166f63-891b-4ff0-bfd9-5acb7fab2557",
              "isHook": false,
              "skipped": false
            },
            {
              "title": "should not validate non-object",
              "fullTitle": "blockSchema should not validate non-object",
              "timedOut": false,
              "duration": 2,
              "state": "passed",
              "speed": "fast",
              "pass": true,
              "fail": false,
              "pending": false,
              "context": null,
              "code": "const error = {\n    instancePath: \"\",\n    message: \"block should be an object\",\n};\nisInvalidBlock(null, error);\nisInvalidBlock(undefined, error);\nisInvalidBlock(10, error);\nisInvalidBlock([12, 24], error);\nisInvalidBlock(\"abc\", error);",
              "err": {},
              "uuid": "68021c38-1b2b-4560-bbcf-0eb646ecd8d1",
              "parentUUID": "39166f63-891b-4ff0-bfd9-5acb7fab2557",
              "isHook": false,
              "skipped": false
            },
            {
              "title": "should not validate block with invalid properties",
              "fullTitle": "blockSchema should not validate block with invalid properties",
              "timedOut": false,
              "duration": 1,
              "state": "passed",
              "speed": "fast",
              "pass": true,
              "fail": false,
              "pending": false,
              "context": null,
              "code": "isInvalidBlock({\n        name: { foo: \"bar\" },\n        ay: -1000,\n        assign: {},\n        match: 1,\n        satisfy: 2,\n        url: { abc: \"def\" },\n        info: 42,\n        isSelectable: 32,\n    }, { instancePath: \"/name\", message: \"property 'name' should be a string\" }, {\n        instancePath: \"/ay\",\n        message: \"property 'ay' should be a positive integer\",\n    }, {\n        instancePath: \"/assign\",\n        message: \"property 'assign' should be either a block ID or an array of block IDs\",\n    }, {\n        instancePath: \"/match\",\n        message: \"property 'match' should be either a match rule or an array of match rules\",\n    }, {\n        instancePath: \"/satisfy\",\n        message: \"property 'satisfy' should be either a satisfy rule or an array of satisfy rules\",\n    }, { instancePath: \"/url\", message: \"property 'url' should be a string\" }, { instancePath: \"/info\", message: \"property 'info' should be a string\" }, {\n        instancePath: \"/isSelectable\",\n        message: \"property 'isSelectable' should be a boolean\",\n    })",
              "err": {},
              "uuid": "688032b5-251d-4ddb-8ac0-c2f61382018c",
              "parentUUID": "39166f63-891b-4ff0-bfd9-5acb7fab2557",
              "isHook": false,
              "skipped": false
            }
          ],
          "suites": [],
          "passes": [
            "12194e1f-1edb-4bd0-9e1e-e3f056878c4a",
            "68021c38-1b2b-4560-bbcf-0eb646ecd8d1",
            "688032b5-251d-4ddb-8ac0-c2f61382018c"
          ],
          "failures": [],
          "pending": [],
          "skipped": [],
          "duration": 178,
          "root": false,
          "rootEmpty": false,
          "_timeout": 2000
        },
        {
          "uuid": "8a142d15-05da-42c6-bd1d-60a2230dad1b",
          "title": "patternToRE",
          "fullFile": "/home/runner/work/planwithus-lib/planwithus-lib/src/matchRule/pattern/satisfiers.test.ts",
          "file": "/src/matchRule/pattern/satisfiers.test.ts",
          "beforeHooks": [],
          "afterHooks": [],
          "tests": [
            {
              "title": "should match valid modules with a single pattern",
              "fullTitle": "patternToRE should match valid modules with a single pattern",
              "timedOut": false,
              "duration": 21,
              "state": "passed",
              "speed": "fast",
              "pass": true,
              "fail": false,
              "pending": false,
              "context": "[\n  {\n    \"title\": \"patternExampleList sample 0\",\n    \"value\": [\n      \"NC81\",\n      [\n        \"NC81\"\n      ]\n    ]\n  },\n  {\n    \"title\": \"patternExampleList sample 1\",\n    \"value\": [\n      \"TS59K\",\n      [\n        \"TS59K\"\n      ]\n    ]\n  },\n  {\n    \"title\": \"patternExampleList sample 2\",\n    \"value\": [\n      \"BD1\",\n      [\n        \"BD1\"\n      ]\n    ]\n  },\n  {\n    \"title\": \"patternExampleList sample 3\",\n    \"value\": [\n      \"LU24\",\n      [\n        \"LU24\"\n      ]\n    ]\n  },\n  {\n    \"title\": \"patternExampleList sample 4\",\n    \"value\": [\n      \"RD23\",\n      [\n        \"RD23\"\n      ]\n    ]\n  },\n  {\n    \"title\": \"patternExampleList sample 5\",\n    \"value\": [\n      \"AEN17\",\n      [\n        \"AEN17\"\n      ]\n    ]\n  },\n  {\n    \"title\": \"patternExampleList sample 6\",\n    \"value\": [\n      \"AV*5\",\n      [\n        \"AVMK5\",\n        \"AV25\",\n        \"AVKT29G6Z5\",\n        \"AV5\",\n        \"AV87ALN5\",\n        \"AV0V5\",\n        \"AVE5\",\n        \"AVVDQLSMN5\"\n      ]\n    ]\n  },\n  {\n    \"title\": \"patternExampleList sample 7\",\n    \"value\": [\n      \"VE7948F\",\n      [\n        \"VE7948F\"\n      ]\n    ]\n  },\n  {\n    \"title\": \"patternExampleList sample 8\",\n    \"value\": [\n      \"RB8\",\n      [\n        \"RB8\"\n      ]\n    ]\n  },\n  {\n    \"title\": \"patternExampleList sample 9\",\n    \"value\": [\n      \"STS380Q\",\n      [\n        \"STS380Q\"\n      ]\n    ]\n  }\n]",
              "code": "(0, fast_check_1.sample)(index_test_1.patternExampleList, 10).forEach((sample, i) => (0, addContext_1.default)(this, {\n    title: `patternExampleList sample ${i}`,\n    value: sample,\n}));\nreturn (0, fast_check_1.assert)((0, fast_check_1.property)(index_test_1.patternExampleList, ([patternStr, examples]) => {\n    const re = (0, _1.patternToRE)(patternStr);\n    return examples.every(re.test.bind(re));\n}));",
              "err": {},
              "uuid": "cbecc1ad-399a-46de-ac9c-52b916ac4a6b",
              "parentUUID": "8a142d15-05da-42c6-bd1d-60a2230dad1b",
              "isHook": false,
              "skipped": false
            },
            {
              "title": "should match valid modules with multiple patterns",
              "fullTitle": "patternToRE should match valid modules with multiple patterns",
              "timedOut": false,
              "duration": 76,
              "state": "passed",
              "speed": "slow",
              "pass": true,
              "fail": false,
              "pending": false,
              "context": "[\n  {\n    \"title\": \"patternExampleListArray sample 0\",\n    \"value\": [\n      [\n        \"QF05x\",\n        [\n          \"QF057\",\n          \"QF052\",\n          \"QF059\",\n          \"QF058\",\n          \"QF056\",\n          \"QF050\",\n          \"QF055\",\n          \"QF053\",\n          \"QF054\"\n        ]\n      ]\n    ]\n  },\n  {\n    \"title\": \"patternExampleListArray sample 1\",\n    \"value\": [\n      [\n        \"GHO6\",\n        [\n          \"GHO6\"\n        ]\n      ],\n      [\n        \"DMXxH\",\n        [\n          \"DMX8H\",\n          \"DMX3H\",\n          \"DMX1H\"\n        ]\n      ],\n      [\n        \"XM9*\",\n        [\n          \"XM989FK\",\n          \"XM9F7SZ4CBT\",\n          \"XM9SW318\",\n          \"XM9\",\n          \"XM90A\",\n          \"XM92\",\n          \"XM98\",\n          \"XM9E7H\",\n          \"XM9PTSF\",\n          \"XM9JSZ92VZ\",\n          \"XM9D00\",\n          \"XM9WC4WDBGP\"\n        ]\n      ]\n    ]\n  },\n  {\n    \"title\": \"patternExampleListArray sample 2\",\n    \"value\": [\n      [\n        \"VYK5X\",\n        [\n          \"VYK5X\"\n        ]\n      ],\n      [\n        \"NHM9*5F\",\n        [\n          \"NHM9L6YOXW5F\",\n          \"NHM9MH1875F\",\n          \"NHM9Q5F\",\n          \"NHM9IAG5F\",\n          \"NHM9A372W45F\",\n          \"NHM9X7OWF5F\",\n          \"NHM93X575F\",\n          \"NHM95F\",\n          \"NHM9E5F\",\n          \"NHM9UI46AU5F\"\n        ]\n      ],\n      [\n        \"VUJ1A\",\n        [\n          \"VUJ1A\"\n        ]\n      ],\n      [\n        \"GZW9*71R\",\n        [\n          \"GZW95W71R\",\n          \"GZW96K271R\",\n          \"GZW9LRN71R\",\n          \"GZW9BMZ3NHO871R\"\n        ]\n      ],\n      [\n        \"IOB012\",\n        [\n          \"IOB012\"\n        ]\n      ],\n      [\n        \"XSB1P\",\n        [\n          \"XSB1P\"\n        ]\n      ]\n    ]\n  },\n  {\n    \"title\": \"patternExampleListArray sample 3\",\n    \"value\": [\n      [\n        \"TD45\",\n        [\n          \"TD45\"\n        ]\n      ],\n      [\n        \"GNE07\",\n        [\n          \"GNE07\"\n        ]\n      ],\n      [\n        \"IF82O\",\n        [\n          \"IF82O\"\n        ]\n      ],\n      [\n        \"CR436V\",\n        [\n          \"CR436V\"\n        ]\n      ],\n      [\n        \"HO6S\",\n        [\n          \"HO6S\"\n        ]\n      ],\n      [\n        \"TIx6\",\n        [\n          \"TI26\",\n          \"TI86\"\n        ]\n      ]\n    ]\n  },\n  {\n    \"title\": \"patternExampleListArray sample 4\",\n    \"value\": [\n      [\n        \"KLA05**C\",\n        [\n          \"KLA05O8XOIRGVCC\",\n          \"KLA05SLPSM9K9QT7C\",\n          \"KLA05G0YQW6C\",\n          \"KLA05MAYC\",\n          \"KLA050DY90M51QC\",\n          \"KLA05307EF2C\",\n          \"KLA059M6OHQRCWQIW3GC\",\n          \"KLA05RT7J657RBQUC\",\n          \"KLA05N7E74SC\"\n        ]\n      ],\n      [\n        \"AK6833\",\n        [\n          \"AK6833\"\n        ]\n      ]\n    ]\n  },\n  {\n    \"title\": \"patternExampleListArray sample 5\",\n    \"value\": [\n      [\n        \"LKO4x0\",\n        [\n          \"LKO480\"\n        ]\n      ],\n      [\n        \"GI*\",\n        [\n          \"GIK540K\",\n          \"GID\",\n          \"GI2\",\n          \"GI\",\n          \"GI27LU99\"\n        ]\n      ],\n      [\n        \"RNZ54\",\n        [\n          \"RNZ54\"\n        ]\n      ],\n      [\n        \"FD629Z\",\n        [\n          \"FD629Z\"\n        ]\n      ]\n    ]\n  },\n  {\n    \"title\": \"patternExampleListArray sample 6\",\n    \"value\": [\n      [\n        \"SF552Y\",\n        [\n          \"SF552Y\"\n        ]\n      ],\n      [\n        \"BP*9I\",\n        [\n          \"BPE9I\",\n          \"BP32XTB9I\",\n          \"BP9Z9I\",\n          \"BPHOYWMV9I\",\n          \"BPWW0CVNZ9I\"\n        ]\n      ],\n      [\n        \"OG*K\",\n        [\n          \"OGD6PPTK\",\n          \"OG5LV6GDEK\",\n          \"OGTHT7K4V5K\",\n          \"OGNK\",\n          \"OGAYK\",\n          \"OGFVNK\",\n          \"OGK\",\n          \"OGOWL0ZEK\",\n          \"OGSUSYMK\",\n          \"OGMQ196K\",\n          \"OGEWVGY8IKK\",\n          \"OGSDOWLK\"\n        ]\n      ],\n      [\n        \"ZSY216\",\n        [\n          \"ZSY216\"\n        ]\n      ],\n      [\n        \"NXV02\",\n        [\n          \"NXV02\"\n        ]\n      ],\n      [\n        \"UPO00\",\n        [\n          \"UPO00\"\n        ]\n      ],\n      [\n        \"PL5C\",\n        [\n          \"PL5C\"\n        ]\n      ],\n      [\n        \"ADL0T\",\n        [\n          \"ADL0T\"\n        ]\n      ],\n      [\n        \"PBL772Z\",\n        [\n          \"PBL772Z\"\n        ]\n      ],\n      [\n        \"DJCxV\",\n        [\n          \"DJC1V\",\n          \"DJC9V\",\n          \"DJC8V\",\n          \"DJC7V\",\n          \"DJC2V\",\n          \"DJC3V\",\n          \"DJC0V\",\n          \"DJC5V\"\n        ]\n      ],\n      [\n        \"IL*9*x\",\n        [\n          \"ILGU9N2M53\",\n          \"IL80AO18V19SIDE0\",\n          \"ILVZWJY7TK93\",\n          \"IL69FGR3B1BN9\",\n          \"ILWVJDRQB59JK4TYVH0\",\n          \"IL9UM1\",\n          \"ILYM79E9\"\n        ]\n      ],\n      [\n        \"KY538\",\n        [\n          \"KY538\"\n        ]\n      ]\n    ]\n  },\n  {\n    \"title\": \"patternExampleListArray sample 7\",\n    \"value\": [\n      [\n        \"NX77T\",\n        [\n          \"NX77T\"\n        ]\n      ],\n      [\n        \"YW524Z\",\n        [\n          \"YW524Z\"\n        ]\n      ],\n      [\n        \"PE1*\",\n        [\n          \"PE1TDI4Y914\",\n          \"PE1WVX\",\n          \"PE1H5Q20F\",\n          \"PE1DW\",\n          \"PE1\",\n          \"PE1QRU71U\",\n          \"PE1L\",\n          \"PE19PXU\",\n          \"PE109K5\",\n          \"PE12J0M\",\n          \"PE1UXZSP\",\n          \"PE1P4\"\n        ]\n      ],\n      [\n        \"HLJ84\",\n        [\n          \"HLJ84\"\n        ]\n      ],\n      [\n        \"EQU79xS\",\n        [\n          \"EQU791S\",\n          \"EQU797S\",\n          \"EQU794S\",\n          \"EQU799S\",\n          \"EQU793S\",\n          \"EQU792S\",\n          \"EQU790S\"\n        ]\n      ],\n      [\n        \"IK0992\",\n        [\n          \"IK0992\"\n        ]\n      ],\n      [\n        \"EBJ54\",\n        [\n          \"EBJ54\"\n        ]\n      ],\n      [\n        \"UKBx\",\n        [\n          \"UKB1\",\n          \"UKB5\",\n          \"UKB4\",\n          \"UKB3\",\n          \"UKB8\",\n          \"UKB6\",\n          \"UKB7\",\n          \"UKB9\"\n        ]\n      ],\n      [\n        \"IS20\",\n        [\n          \"IS20\"\n        ]\n      ],\n      [\n        \"PYM7G\",\n        [\n          \"PYM7G\"\n        ]\n      ],\n      [\n        \"UXR0xM\",\n        [\n          \"UXR05M\"\n        ]\n      ]\n    ]\n  },\n  {\n    \"title\": \"patternExampleListArray sample 8\",\n    \"value\": [\n      [\n        \"RRK0\",\n        [\n          \"RRK0\"\n        ]\n      ],\n      [\n        \"OC9\",\n        [\n          \"OC9\"\n        ]\n      ],\n      [\n        \"WA90xG\",\n        [\n          \"WA909G\",\n          \"WA908G\",\n          \"WA906G\",\n          \"WA900G\",\n          \"WA905G\",\n          \"WA903G\",\n          \"WA907G\",\n          \"WA901G\",\n          \"WA904G\"\n        ]\n      ],\n      [\n        \"DZ0\",\n        [\n          \"DZ0\"\n        ]\n      ],\n      [\n        \"XD3\",\n        [\n          \"XD3\"\n        ]\n      ],\n      [\n        \"OIY373\",\n        [\n          \"OIY373\"\n        ]\n      ],\n      [\n        \"WLS576\",\n        [\n          \"WLS576\"\n        ]\n      ],\n      [\n        \"AEU*\",\n        [\n          \"AEU\",\n          \"AEUTT\"\n        ]\n      ],\n      [\n        \"IOF*x45\",\n        [\n          \"IOF845\",\n          \"IOF945\",\n          \"IOFQ2NY6OW845\",\n          \"IOFI445\",\n          \"IOF0LHARI3D145\",\n          \"IOFZIACW445\",\n          \"IOFN145\",\n          \"IOFOYQ545\",\n          \"IOFUQ8VPA945\"\n        ]\n      ],\n      [\n        \"HV4x6F\",\n        [\n          \"HV426F\",\n          \"HV446F\",\n          \"HV466F\",\n          \"HV436F\",\n          \"HV406F\",\n          \"HV476F\",\n          \"HV416F\",\n          \"HV486F\",\n          \"HV456F\"\n        ]\n      ],\n      [\n        \"RE6R\",\n        [\n          \"RE6R\"\n        ]\n      ],\n      [\n        \"XP*42\",\n        [\n          \"XPXZ98F42\",\n          \"XPP2F0UAK042\",\n          \"XPRF3C42\",\n          \"XPBBEC42\",\n          \"XPZ09Z9IQN42\",\n          \"XPQD42\",\n          \"XP642\",\n          \"XP442\",\n          \"XP8CKX3R8L42\",\n          \"XP8FFR42\",\n          \"XPE42\",\n          \"XPXFHO42\"\n        ]\n      ]\n    ]\n  },\n  {\n    \"title\": \"patternExampleListArray sample 9\",\n    \"value\": [\n      [\n        \"ISS9W\",\n        [\n          \"ISS9W\"\n        ]\n      ],\n      [\n        \"ZY348O\",\n        [\n          \"ZY348O\"\n        ]\n      ],\n      [\n        \"NJ9x\",\n        [\n          \"NJ98\"\n        ]\n      ],\n      [\n        \"XV7307P\",\n        [\n          \"XV7307P\"\n        ]\n      ]\n    ]\n  }\n]",
              "code": "const patternExampleListArray = (0, fast_check_1.array)(index_test_1.patternExampleList, { minLength: 1 });\n(0, fast_check_1.sample)(patternExampleListArray, 10).forEach((sample, i) => (0, addContext_1.default)(this, {\n    title: `patternExampleListArray sample ${i}`,\n    value: sample,\n}));\nreturn (0, fast_check_1.assert)((0, fast_check_1.property)(patternExampleListArray, (ts) => {\n    const re = (0, _1.patternToRE)(...ts.map(([patternStr]) => patternStr));\n    return ts\n        .map(([, examples]) => examples)\n        .flat()\n        .every(re.test.bind(re));\n}));",
              "err": {},
              "uuid": "14854abd-6b27-4d6d-995a-90cc7283b427",
              "parentUUID": "8a142d15-05da-42c6-bd1d-60a2230dad1b",
              "isHook": false,
              "skipped": false
            },
            {
              "title": "should not match x to non-number",
              "fullTitle": "patternToRE should not match x to non-number",
              "timedOut": false,
              "duration": 0,
              "state": "passed",
              "speed": "fast",
              "pass": true,
              "fail": false,
              "pending": false,
              "context": null,
              "code": "const re = (0, _1.patternToRE)(\"x\");\n[\"A\", \"Z\", \"c\", \"#\"].forEach((example) => isInvalidExample(re, example));",
              "err": {},
              "uuid": "193529e7-0929-4412-869c-3b3720772e55",
              "parentUUID": "8a142d15-05da-42c6-bd1d-60a2230dad1b",
              "isHook": false,
              "skipped": false
            },
            {
              "title": "should not match * to a substring composed of characters other than A-Z and 0-9",
              "fullTitle": "patternToRE should not match * to a substring composed of characters other than A-Z and 0-9",
              "timedOut": false,
              "duration": 0,
              "state": "passed",
              "speed": "fast",
              "pass": true,
              "fail": false,
              "pending": false,
              "context": null,
              "code": "const re = (0, _1.patternToRE)(\"*\");\n[\"c\", \"Ac\", \"cA\", \"0Ax\", \"x0A\", \"BA#\", \"#AB\"].forEach((example) => isInvalidExample(re, example));",
              "err": {},
              "uuid": "a259bf6a-64e2-4f72-a8eb-837e852ce0f2",
              "parentUUID": "8a142d15-05da-42c6-bd1d-60a2230dad1b",
              "isHook": false,
              "skipped": false
            },
            {
              "title": "should not match substrings",
              "fullTitle": "patternToRE should not match substrings",
              "timedOut": false,
              "duration": 0,
              "state": "passed",
              "speed": "fast",
              "pass": true,
              "fail": false,
              "pending": false,
              "context": null,
              "code": "const re = (0, _1.patternToRE)(\"A*xC\");\n[\"A1CZ\", \"AC1CZ\", \"ZA1C\", \"ZAC1C\", \"ZA1CZ\", \"ZAC1CZ\"].forEach((example) => isInvalidExample(re, example));",
              "err": {},
              "uuid": "ac120ff2-bf34-4431-85f9-533a0612a352",
              "parentUUID": "8a142d15-05da-42c6-bd1d-60a2230dad1b",
              "isHook": false,
              "skipped": false
            }
          ],
          "suites": [],
          "passes": [
            "cbecc1ad-399a-46de-ac9c-52b916ac4a6b",
            "14854abd-6b27-4d6d-995a-90cc7283b427",
            "193529e7-0929-4412-869c-3b3720772e55",
            "a259bf6a-64e2-4f72-a8eb-837e852ce0f2",
            "ac120ff2-bf34-4431-85f9-533a0612a352"
          ],
          "failures": [],
          "pending": [],
          "skipped": [],
          "duration": 97,
          "root": false,
          "rootEmpty": false,
          "_timeout": 2000
        },
        {
          "uuid": "234abb29-22f1-439f-810e-3f353496699d",
          "title": "patternSatisfier",
          "fullFile": "/home/runner/work/planwithus-lib/planwithus-lib/src/matchRule/pattern/satisfiers.test.ts",
          "file": "/src/matchRule/pattern/satisfiers.test.ts",
          "beforeHooks": [],
          "afterHooks": [],
          "tests": [
            {
              "title": "should assign all modules with *",
              "fullTitle": "patternSatisfier should assign all modules with *",
              "timedOut": false,
              "duration": 1,
              "state": "passed",
              "speed": "fast",
              "pass": true,
              "fail": false,
              "pending": false,
              "context": null,
              "code": "const { assign } = (0, satisfiers_1.patternSatisfier)(ref, \"*\");\nisCorrectAssign(assign, modulesList1, modulesList1.map(([moduleStr]) => moduleStr));",
              "err": {},
              "uuid": "51c5febb-a3b0-4e28-9503-e98d8eebf26d",
              "parentUUID": "234abb29-22f1-439f-810e-3f353496699d",
              "isHook": false,
              "skipped": false
            },
            {
              "title": "should assign only valid modules with pattern containing *",
              "fullTitle": "patternSatisfier should assign only valid modules with pattern containing *",
              "timedOut": false,
              "duration": 0,
              "state": "passed",
              "speed": "fast",
              "pass": true,
              "fail": false,
              "pending": false,
              "context": null,
              "code": "const { assign } = (0, satisfiers_1.patternSatisfier)(ref, \"CS2*\");\nisCorrectAssign(assign, modulesList1, [\"CS2100\", \"CS2040S\", \"CS2030\"]);",
              "err": {},
              "uuid": "55d3326f-badb-4324-8826-ba44a7dc6be9",
              "parentUUID": "234abb29-22f1-439f-810e-3f353496699d",
              "isHook": false,
              "skipped": false
            },
            {
              "title": "should assign only valid modules with pattern containing x",
              "fullTitle": "patternSatisfier should assign only valid modules with pattern containing x",
              "timedOut": false,
              "duration": 0,
              "state": "passed",
              "speed": "fast",
              "pass": true,
              "fail": false,
              "pending": false,
              "context": null,
              "code": "const { assign } = (0, satisfiers_1.patternSatisfier)(ref, \"CS20xx\");\nisCorrectAssign(assign, modulesList1, [\"CS2030\"]);",
              "err": {},
              "uuid": "42c9c5a7-4d93-482d-b341-e77e46bd9f9e",
              "parentUUID": "234abb29-22f1-439f-810e-3f353496699d",
              "isHook": false,
              "skipped": false
            },
            {
              "title": "should assign only valid modules with pattern containing x and *",
              "fullTitle": "patternSatisfier should assign only valid modules with pattern containing x and *",
              "timedOut": false,
              "duration": 0,
              "state": "passed",
              "speed": "fast",
              "pass": true,
              "fail": false,
              "pending": false,
              "context": null,
              "code": "const { assign } = (0, satisfiers_1.patternSatisfier)(ref, \"CS20xx*\");\nisCorrectAssign(assign, modulesList1, [\"CS2040S\", \"CS2030\"]);",
              "err": {},
              "uuid": "60f5ce47-b0df-43c5-a8bc-27ba00b79e54",
              "parentUUID": "234abb29-22f1-439f-810e-3f353496699d",
              "isHook": false,
              "skipped": false
            }
          ],
          "suites": [],
          "passes": [
            "51c5febb-a3b0-4e28-9503-e98d8eebf26d",
            "55d3326f-badb-4324-8826-ba44a7dc6be9",
            "42c9c5a7-4d93-482d-b341-e77e46bd9f9e",
            "60f5ce47-b0df-43c5-a8bc-27ba00b79e54"
          ],
          "failures": [],
          "pending": [],
          "skipped": [],
          "duration": 1,
          "root": false,
          "rootEmpty": false,
          "_timeout": 2000
        },
        {
          "uuid": "1d4b978e-a963-47cc-9acd-a274f6000e3d",
          "title": "patternSchema",
          "fullFile": "/home/runner/work/planwithus-lib/planwithus-lib/src/matchRule/pattern/schemas.test.ts",
          "file": "/src/matchRule/pattern/schemas.test.ts",
          "beforeHooks": [],
          "afterHooks": [],
          "tests": [
            {
              "title": "should validate non-empty pattern composed of A-Z, 0-9, x or *",
              "fullTitle": "patternSchema should validate non-empty pattern composed of A-Z, 0-9, x or *",
              "timedOut": false,
              "duration": 1,
              "state": "passed",
              "speed": "fast",
              "pass": true,
              "fail": false,
              "pending": false,
              "context": "[\n  {\n    \"title\": \"pattern sample 0\",\n    \"value\": \"VHT1\"\n  },\n  {\n    \"title\": \"pattern sample 1\",\n    \"value\": \"FVK78H\"\n  },\n  {\n    \"title\": \"pattern sample 2\",\n    \"value\": \"KLx\"\n  },\n  {\n    \"title\": \"pattern sample 3\",\n    \"value\": \"DI0x\"\n  },\n  {\n    \"title\": \"pattern sample 4\",\n    \"value\": \"SOJ0\"\n  },\n  {\n    \"title\": \"pattern sample 5\",\n    \"value\": \"ROY16\"\n  },\n  {\n    \"title\": \"pattern sample 6\",\n    \"value\": \"DXx8\"\n  },\n  {\n    \"title\": \"pattern sample 7\",\n    \"value\": \"YMLx\"\n  },\n  {\n    \"title\": \"pattern sample 8\",\n    \"value\": \"RI7*\"\n  },\n  {\n    \"title\": \"pattern sample 9\",\n    \"value\": \"JU26\"\n  }\n]",
              "code": "(0, fast_check_1.sample)(index_test_2.pattern, 10).forEach((sample, i) => (0, addContext_1.default)(this, {\n    title: `pattern sample ${i}`,\n    value: sample,\n}));\nreturn (0, fast_check_1.assert)((0, fast_check_1.property)(index_test_2.pattern, ajvValidate), {\n    examples: [[\"*\"], [\"ACC1002\"], [\"IS1103\"], [\"CS1231S\"], [\"MA1102R\"]],\n});",
              "err": {},
              "uuid": "3421402c-64ed-44bc-9c07-586ed73ac9f3",
              "parentUUID": "1d4b978e-a963-47cc-9acd-a274f6000e3d",
              "isHook": false,
              "skipped": false
            },
            {
              "title": "should not validate empty pattern",
              "fullTitle": "patternSchema should not validate empty pattern",
              "timedOut": false,
              "duration": 0,
              "state": "passed",
              "speed": "fast",
              "pass": true,
              "fail": false,
              "pending": false,
              "context": null,
              "code": "isInvalidPattern(\"\")",
              "err": {},
              "uuid": "4e7003cc-8f19-4a24-a1b6-b583a48dadd0",
              "parentUUID": "1d4b978e-a963-47cc-9acd-a274f6000e3d",
              "isHook": false,
              "skipped": false
            },
            {
              "title": "should not validate pattern with invalid characters",
              "fullTitle": "patternSchema should not validate pattern with invalid characters",
              "timedOut": false,
              "duration": 2,
              "state": "passed",
              "speed": "fast",
              "pass": true,
              "fail": false,
              "pending": false,
              "context": null,
              "code": "[\"AB123a\", \"Ac123a\", \"AB123^S\", \"AB1*3^S\", \"$A1*3^S\", \"/A1x33S\"].forEach(isInvalidPattern)",
              "err": {},
              "uuid": "314f16eb-6e3d-4d93-b3f0-045bc017b872",
              "parentUUID": "1d4b978e-a963-47cc-9acd-a274f6000e3d",
              "isHook": false,
              "skipped": false
            }
          ],
          "suites": [],
          "passes": [
            "3421402c-64ed-44bc-9c07-586ed73ac9f3",
            "4e7003cc-8f19-4a24-a1b6-b583a48dadd0",
            "314f16eb-6e3d-4d93-b3f0-045bc017b872"
          ],
          "failures": [],
          "pending": [],
          "skipped": [],
          "duration": 3,
          "root": false,
          "rootEmpty": false,
          "_timeout": 2000
        },
        {
          "uuid": "73a69e90-23e9-4141-a209-9f0a41947a8e",
          "title": "patternMatchRuleSatisfier",
          "fullFile": "/home/runner/work/planwithus-lib/planwithus-lib/src/matchRule/satisfiers.test.ts",
          "file": "/src/matchRule/satisfiers.test.ts",
          "beforeHooks": [],
          "afterHooks": [],
          "tests": [
            {
              "title": "should assign only valid modules with pattern match rule containing no exclude patterns",
              "fullTitle": "patternMatchRuleSatisfier should assign only valid modules with pattern match rule containing no exclude patterns",
              "timedOut": false,
              "duration": 1,
              "state": "passed",
              "speed": "fast",
              "pass": true,
              "fail": false,
              "pending": false,
              "context": null,
              "code": "const { assign } = (0, satisfiers_1.patternMatchRuleSatisfier)(ref, { pattern: \"CS1xxx*\" });\nisCorrectAssign(assign, modulesList1, [\"CS1231\", \"CS1231S\"]);",
              "err": {},
              "uuid": "a5c3b377-99ba-46ac-83ee-5988b9fd059e",
              "parentUUID": "73a69e90-23e9-4141-a209-9f0a41947a8e",
              "isHook": false,
              "skipped": false
            },
            {
              "title": "should assign only valid modules with pattern match rule containing an exclude pattern",
              "fullTitle": "patternMatchRuleSatisfier should assign only valid modules with pattern match rule containing an exclude pattern",
              "timedOut": false,
              "duration": 1,
              "state": "passed",
              "speed": "fast",
              "pass": true,
              "fail": false,
              "pending": false,
              "context": null,
              "code": "const { assign } = (0, satisfiers_1.patternMatchRuleSatisfier)(ref, {\n    pattern: \"MA1xxx*\",\n    exclude: \"MA15xx\",\n});\nisCorrectAssign(assign, modulesList1, [\n    \"MA1100\",\n    \"MA1101R\",\n    \"MA1102R\",\n    \"MA1511A\",\n]);",
              "err": {},
              "uuid": "132791ff-37e2-493d-97c4-8cd0aa9ef48d",
              "parentUUID": "73a69e90-23e9-4141-a209-9f0a41947a8e",
              "isHook": false,
              "skipped": false
            },
            {
              "title": "should assign only valid modules with pattern match rule containing multiple exclude patterns",
              "fullTitle": "patternMatchRuleSatisfier should assign only valid modules with pattern match rule containing multiple exclude patterns",
              "timedOut": false,
              "duration": 0,
              "state": "passed",
              "speed": "fast",
              "pass": true,
              "fail": false,
              "pending": false,
              "context": null,
              "code": "const { assign } = (0, satisfiers_1.patternMatchRuleSatisfier)(ref, {\n    pattern: \"MA*\",\n    exclude: [\"MA151x*\", \"MA2xxx\"],\n});\nisCorrectAssign(assign, modulesList1, [\n    \"MA1100\",\n    \"MA1101R\",\n    \"MA1102R\",\n    \"MA1507\",\n    \"MA1521\",\n    \"MA2101S\",\n]);",
              "err": {},
              "uuid": "58a6f7d7-8bc7-4cbd-b3dc-c6bad1ceb68a",
              "parentUUID": "73a69e90-23e9-4141-a209-9f0a41947a8e",
              "isHook": false,
              "skipped": false
            }
          ],
          "suites": [],
          "passes": [
            "a5c3b377-99ba-46ac-83ee-5988b9fd059e",
            "132791ff-37e2-493d-97c4-8cd0aa9ef48d",
            "58a6f7d7-8bc7-4cbd-b3dc-c6bad1ceb68a"
          ],
          "failures": [],
          "pending": [],
          "skipped": [],
          "duration": 2,
          "root": false,
          "rootEmpty": false,
          "_timeout": 2000
        },
        {
          "uuid": "4c67400d-549f-4f70-a80a-fedde9ffc028",
          "title": "matchRuleSchema",
          "fullFile": "/home/runner/work/planwithus-lib/planwithus-lib/src/matchRule/schemas.test.ts",
          "file": "/src/matchRule/schemas.test.ts",
          "beforeHooks": [],
          "afterHooks": [],
          "tests": [
            {
              "title": "should validate match rule with valid pattern",
              "fullTitle": "matchRuleSchema should validate match rule with valid pattern",
              "timedOut": false,
              "duration": 1,
              "state": "passed",
              "speed": "fast",
              "pass": true,
              "fail": false,
              "pending": false,
              "context": "[\n  {\n    \"title\": \"pattern sample 0\",\n    \"value\": \"FN2\"\n  },\n  {\n    \"title\": \"pattern sample 1\",\n    \"value\": \"HI3\"\n  },\n  {\n    \"title\": \"pattern sample 2\",\n    \"value\": \"LND35I\"\n  },\n  {\n    \"title\": \"pattern sample 3\",\n    \"value\": \"DH1076\"\n  },\n  {\n    \"title\": \"pattern sample 4\",\n    \"value\": \"ASx146\"\n  },\n  {\n    \"title\": \"pattern sample 5\",\n    \"value\": \"FYV*\"\n  },\n  {\n    \"title\": \"pattern sample 6\",\n    \"value\": \"OP35*J\"\n  },\n  {\n    \"title\": \"pattern sample 7\",\n    \"value\": \"QN088B\"\n  },\n  {\n    \"title\": \"pattern sample 8\",\n    \"value\": \"IOxE\"\n  },\n  {\n    \"title\": \"pattern sample 9\",\n    \"value\": \"FCxx7x\"\n  }\n]",
              "code": "(0, fast_check_1.sample)(index_test_3.pattern, 10).forEach((sample, i) => (0, addContext_1.default)(this, {\n    title: `pattern sample ${i}`,\n    value: sample,\n}));\nreturn (0, fast_check_1.assert)((0, fast_check_1.property)(index_test_3.pattern, ajvValidate));",
              "err": {},
              "uuid": "62de66ba-36d4-401c-b414-ac0c03ec2e9d",
              "parentUUID": "4c67400d-549f-4f70-a80a-fedde9ffc028",
              "isHook": false,
              "skipped": false
            },
            {
              "title": "should validate match rules with valid pattern, exclude and info",
              "fullTitle": "matchRuleSchema should validate match rules with valid pattern, exclude and info",
              "timedOut": false,
              "duration": 4,
              "state": "passed",
              "speed": "fast",
              "pass": true,
              "fail": false,
              "pending": false,
[...]
              "code": "const satisfier = (0, satisfiers_1.inequalitySatisfier)(ref, \"<=32\");\nsatisfier.should.have.property(\"filter\");\nconst { filter } = satisfier;\nisCorrectFilter(filter, modulesList1, modulesList1.map(([moduleStr]) => moduleStr));",
              "err": {},
              "uuid": "bd7d4cda-f7cf-4e39-8b8a-266fed9c9b84",
              "parentUUID": "dc786ef5-53c8-4e4b-b832-546316e38f1a",
              "isHook": false,
              "skipped": false
            },
            {
              "title": "should truncate list of modules with upper bound of MCs at exact cutoff if total MC count is higher and there exists some starting sequence with exact MC count",
              "fullTitle": "inequalitySatisfier should truncate list of modules with upper bound of MCs at exact cutoff if total MC count is higher and there exists some starting sequence with exact MC count",
              "timedOut": false,
              "duration": 0,
              "state": "passed",
              "speed": "fast",
              "pass": true,
              "fail": false,
              "pending": false,
              "context": null,
              "code": "const satisfier = (0, satisfiers_1.inequalitySatisfier)(ref, \"<=16\");\nsatisfier.should.have.property(\"filter\");\nconst { filter } = satisfier;\nisCorrectFilter(filter, modulesList1, [\n    \"CS2100\",\n    \"GER1000\",\n    \"CS2040S\",\n    \"ST2131\",\n]);",
              "err": {},
              "uuid": "8d707825-c963-4458-baf0-1d61010011c5",
              "parentUUID": "dc786ef5-53c8-4e4b-b832-546316e38f1a",
              "isHook": false,
              "skipped": false
            },
            {
              "title": "should truncate list of modules with upper bound of MCs, cutting off at the minimum starting sequence that exceeds upper bound, if total MC count is higher and there exists no starting sequence with exact MC count",
              "fullTitle": "inequalitySatisfier should truncate list of modules with upper bound of MCs, cutting off at the minimum starting sequence that exceeds upper bound, if total MC count is higher and there exists no starting sequence with exact MC count",
              "timedOut": false,
              "duration": 0,
              "state": "passed",
              "speed": "fast",
              "pass": true,
              "fail": false,
              "pending": false,
              "context": null,
              "code": "const satisfier = (0, satisfiers_1.inequalitySatisfier)(ref, \"<=17\");\nsatisfier.should.have.property(\"filter\");\nconst { filter } = satisfier;\nisCorrectFilter(filter, modulesList1, [\n    \"CS2100\",\n    \"GER1000\",\n    \"CS2040S\",\n    \"ST2131\",\n    \"MA1521\",\n]);",
              "err": {},
              "uuid": "7f2db6a9-6879-46a7-9a07-ca01f7eb8c8d",
              "parentUUID": "dc786ef5-53c8-4e4b-b832-546316e38f1a",
              "isHook": false,
              "skipped": false
            }
          ],
          "suites": [],
          "passes": [
            "c431412e-d17e-41b3-b0c9-83697923b9f6",
            "dc426060-131b-439a-aad2-a54b0de8d7dc",
            "45e74193-9ccd-424c-93ff-73dfa7c1cd5b",
            "65e361a6-21f9-44bd-821e-2ebd1d55590c",
            "bd7d4cda-f7cf-4e39-8b8a-266fed9c9b84",
            "8d707825-c963-4458-baf0-1d61010011c5",
            "7f2db6a9-6879-46a7-9a07-ca01f7eb8c8d"
          ],
          "failures": [],
          "pending": [],
          "skipped": [],
          "duration": 2,
          "root": false,
          "rootEmpty": false,
          "_timeout": 2000
        },
        {
          "uuid": "5e379370-d178-445e-8cc9-e87264d7d89a",
          "title": "inequalitySchema",
          "fullFile": "/home/runner/work/planwithus-lib/planwithus-lib/src/satisfyRule/inequality/schemas.test.ts",
          "file": "/src/satisfyRule/inequality/schemas.test.ts",
          "beforeHooks": [],
          "afterHooks": [],
          "tests": [
            {
              "title": "should validate inequality in the form <=n or >=n",
              "fullTitle": "inequalitySchema should validate inequality in the form <=n or >=n",
              "timedOut": false,
              "duration": 1,
              "state": "passed",
              "speed": "fast",
              "pass": true,
              "fail": false,
              "pending": false,
              "context": "[\n  {\n    \"title\": \"inequality sample 0\",\n    \"value\": \">=24\"\n  },\n  {\n    \"title\": \"inequality sample 1\",\n    \"value\": \"<=7\"\n  },\n  {\n    \"title\": \"inequality sample 2\",\n    \"value\": \">=46\"\n  },\n  {\n    \"title\": \"inequality sample 3\",\n    \"value\": \"<=55\"\n  },\n  {\n    \"title\": \"inequality sample 4\",\n    \"value\": \">=62\"\n  },\n  {\n    \"title\": \"inequality sample 5\",\n    \"value\": \">=132\"\n  },\n  {\n    \"title\": \"inequality sample 6\",\n    \"value\": \"<=80\"\n  },\n  {\n    \"title\": \"inequality sample 7\",\n    \"value\": \"<=5\"\n  },\n  {\n    \"title\": \"inequality sample 8\",\n    \"value\": \"<=59\"\n  },\n  {\n    \"title\": \"inequality sample 9\",\n    \"value\": \">=61\"\n  }\n]",
              "code": "(0, fast_check_1.sample)(index_test_2.inequality, 10).forEach((sample, i) => (0, addContext_1.default)(this, {\n    title: `inequality sample ${i}`,\n    value: sample,\n}));\nreturn (0, fast_check_1.assert)((0, fast_check_1.property)(index_test_2.inequality, ajvValidate));",
              "err": {},
              "uuid": "5fd9fc3d-6dd7-4230-8df8-a03fffa5cad4",
              "parentUUID": "5e379370-d178-445e-8cc9-e87264d7d89a",
              "isHook": false,
              "skipped": false
            },
            {
              "title": "should not validate inequality of invalid form",
              "fullTitle": "inequalitySchema should not validate inequality of invalid form",
              "timedOut": false,
              "duration": 1,
              "state": "passed",
              "speed": "fast",
              "pass": true,
              "fail": false,
              "pending": false,
              "context": null,
              "code": "[\n        \"\",\n        \"==23\",\n        \"23\",\n        \"<23\",\n        \">23\",\n        \"<=-1\",\n        \">=-1\",\n        \"<= 2\",\n        \">= 1\",\n        \"> 3\",\n        \"< 3\",\n        \"<=3a\",\n        \">=3a\",\n        \"a<=3\",\n        \"a>=3\",\n    ].forEach(isInvalidInequality)",
              "err": {},
              "uuid": "e11fbbd2-6e6e-488f-ba16-8cf9edbe1760",
              "parentUUID": "5e379370-d178-445e-8cc9-e87264d7d89a",
              "isHook": false,
              "skipped": false
            }
          ],
          "suites": [],
          "passes": [
            "5fd9fc3d-6dd7-4230-8df8-a03fffa5cad4",
            "e11fbbd2-6e6e-488f-ba16-8cf9edbe1760"
          ],
          "failures": [],
          "pending": [],
          "skipped": [],
          "duration": 2,
          "root": false,
          "rootEmpty": false,
          "_timeout": 2000
        },
        {
          "uuid": "f54922a3-0d61-4d4f-a3f9-0b936b2a166b",
          "title": "satisfyRuleSchema",
          "fullFile": "/home/runner/work/planwithus-lib/planwithus-lib/src/satisfyRule/schemas.test.ts",
          "file": "/src/satisfyRule/schemas.test.ts",
          "beforeHooks": [],
          "afterHooks": [],
          "tests": [
            {
              "title": "should validate satisfy rule with valid block id",
              "fullTitle": "satisfyRuleSchema should validate satisfy rule with valid block id",
              "timedOut": false,
              "duration": 1,
              "state": "passed",
              "speed": "fast",
              "pass": true,
              "fail": false,
              "pending": false,
              "context": null,
              "code": "0, fast_check_1.assert)((0, fast_check_1.property)((0, fast_check_1.string)(), ajvValidate)",
              "err": {},
              "uuid": "47215df4-0055-42ab-a241-3c719a6a7a5c",
              "parentUUID": "f54922a3-0d61-4d4f-a3f9-0b936b2a166b",
              "isHook": false,
              "skipped": false
            },
            {
              "title": "should validate satisfy rules with valid mc",
              "fullTitle": "satisfyRuleSchema should validate satisfy rules with valid mc",
              "timedOut": false,
              "duration": 2,
              "state": "passed",
              "speed": "fast",
              "pass": true,
              "fail": false,
              "pending": false,
              "context": "[\n  {\n    \"title\": \"mcSatisfyRule sample 0\",\n    \"value\": {\n      \"mc\": \"<=5\"\n    }\n  },\n  {\n    \"title\": \"mcSatisfyRule sample 1\",\n    \"value\": {\n      \"mc\": \"<=6\"\n    }\n  },\n  {\n    \"title\": \"mcSatisfyRule sample 2\",\n    \"value\": {\n      \"mc\": \"<=2\"\n    }\n  },\n  {\n    \"title\": \"mcSatisfyRule sample 3\",\n    \"value\": {\n      \"mc\": \">=140\"\n    }\n  },\n  {\n    \"title\": \"mcSatisfyRule sample 4\",\n    \"value\": {\n      \"mc\": \"<=1\"\n    }\n  },\n  {\n    \"title\": \"mcSatisfyRule sample 5\",\n    \"value\": {\n      \"mc\": \"<=2\"\n    }\n  },\n  {\n    \"title\": \"mcSatisfyRule sample 6\",\n    \"value\": {\n      \"mc\": \">=68\"\n    }\n  },\n  {\n    \"title\": \"mcSatisfyRule sample 7\",\n    \"value\": {\n      \"mc\": \">=4\"\n    }\n  },\n  {\n    \"title\": \"mcSatisfyRule sample 8\",\n    \"value\": {\n      \"mc\": \"<=8\"\n    }\n  },\n  {\n    \"title\": \"mcSatisfyRule sample 9\",\n    \"value\": {\n      \"mc\": \"<=198\"\n    }\n  }\n]",
              "code": "(0, fast_check_1.sample)(index_test_2.mcSatisfyRule, 10).forEach((sample, i) => (0, addContext_1.default)(this, {\n    title: `mcSatisfyRule sample ${i}`,\n    value: sample,\n}));\nreturn (0, fast_check_1.assert)((0, fast_check_1.property)(index_test_2.mcSatisfyRule, ajvValidate));",
              "err": {},
              "uuid": "fdfe70d2-f998-43c1-ba87-90b6722cdcfe",
              "parentUUID": "f54922a3-0d61-4d4f-a3f9-0b936b2a166b",
              "isHook": false,
              "skipped": false
            },
            {
              "title": "should validate valid recursive satisfy rules",
              "fullTitle": "satisfyRuleSchema should validate valid recursive satisfy rules",
              "timedOut": false,
              "duration": 3,
              "state": "passed",
              "speed": "fast",
              "pass": true,
              "fail": false,
              "pending": false,
              "context": "[\n  {\n    \"title\": \"satisfyRule sample 0\",\n    \"value\": {\n      \"mc\": \"<=3\"\n    }\n  },\n  {\n    \"title\": \"satisfyRule sample 1\",\n    \"value\": {\n      \"mc\": \">=95\"\n    }\n  },\n  {\n    \"title\": \"satisfyRule sample 2\",\n    \"value\": {\n      \"and\": [\n        {\n          \"and\": [\n            \"R%A\",\n            {\n              \"mc\": \"<=112\"\n            },\n            \"Pw\",\n            \"m[Auf|%D\"\n          ]\n        },\n        {\n          \"and\": [\n            \"Jh0=u5>\",\n            \"[Xb[G$\",\n            \").w'ee_~\",\n            \"'\",\n            \"M\"\n          ]\n        },\n        {\n          \"or\": [\n            {\n              \"or\": []\n            },\n            \"{]6=\",\n            {\n              \"or\": []\n            },\n            {\n              \"and\": [\n                {\n                  \"and\": []\n                }\n              ]\n            }\n          ]\n        }\n      ]\n    }\n  },\n  {\n    \"title\": \"satisfyRule sample 3\",\n    \"value\": {\n      \"mc\": \"<=195\"\n    }\n  },\n  {\n    \"title\": \"satisfyRule sample 4\",\n    \"value\": {\n      \"and\": [\n        \"&\",\n        {\n          \"and\": [\n            \"n8X$Z\",\n            {\n              \"mc\": \"<=1\"\n            }\n          ]\n        },\n        \"r;8z[\",\n        \"r\"\n      ]\n    }\n  },\n  {\n    \"title\": \"satisfyRule sample 5\",\n    \"value\": {\n      \"and\": [\n        {\n          \"and\": []\n        },\n        {\n          \"and\": []\n        }\n      ]\n    }\n  },\n  {\n    \"title\": \"satisfyRule sample 6\",\n    \"value\": {\n      \"or\": [\n        {\n          \"or\": []\n        }\n      ]\n    }\n  },\n  {\n    \"title\": \"satisfyRule sample 7\",\n    \"value\": {\n      \"or\": [\n        \"\",\n        {\n          \"and\": [\n            {\n              \"and\": [\n                {\n                  \"and\": [\n                    \"R=bnI4o\"\n                  ]\n                },\n                \"%H7$\",\n                \"}\"\n              ]\n            },\n            \"Gf\",\n            \"6\",\n            \"}T?Q\"\n          ]\n        },\n        {\n          \"mc\": \"<=105\"\n        },\n        {\n          \"mc\": \"<=151\"\n        }\n      ]\n    }\n  },\n  {\n    \"title\": \"satisfyRule sample 8\",\n    \"value\": {\n      \"mc\": \">=188\"\n    }\n  },\n  {\n    \"title\": \"satisfyRule sample 9\",\n    \"value\": {\n      \"mc\": \"<=7\"\n    }\n  }\n]",
              "code": "(0, fast_check_1.sample)(index_test_2.satisfyRule, 10).forEach((sample, i) => (0, addContext_1.default)(this, {\n    title: `satisfyRule sample ${i}`,\n    value: sample,\n}));\nreturn (0, fast_check_1.assert)((0, fast_check_1.property)(index_test_2.satisfyRule, ajvValidate));",
              "err": {},
              "uuid": "05e8e8a6-886c-4fac-962f-f7b46003ee72",
              "parentUUID": "f54922a3-0d61-4d4f-a3f9-0b936b2a166b",
              "isHook": false,
              "skipped": false
            },
            {
              "title": "should not validate non-string/object",
              "fullTitle": "satisfyRuleSchema should not validate non-string/object",
              "timedOut": false,
              "duration": 2,
              "state": "passed",
              "speed": "fast",
              "pass": true,
              "fail": false,
              "pending": false,
              "context": null,
              "code": "const error = {\n    instancePath: \"\",\n    message: \"satisfy rule should be either a string or an object\",\n};\nisInvalidRule(null, error);\nisInvalidRule(undefined, error);\nisInvalidRule(10, error);\nisInvalidRule([12, 24], error);",
              "err": {},
              "uuid": "410a28e4-2d95-4143-8673-57f33fea81b2",
              "parentUUID": "f54922a3-0d61-4d4f-a3f9-0b936b2a166b",
              "isHook": false,
              "skipped": false
            },
            {
              "title": "should not validate satisfy rules with extra properties",
              "fullTitle": "satisfyRuleSchema should not validate satisfy rules with extra properties",
              "timedOut": false,
              "duration": 0,
              "state": "passed",
              "speed": "fast",
              "pass": true,
              "fail": false,
              "pending": false,
              "context": null,
              "code": "isInvalidRule({\n        and: [\n            { or: [\"2k\"], abc: \"def\" },\n            { mc: 8, ghi: \"jkl\" },\n        ],\n        mno: \"pqr\",\n    }, {\n        instancePath: \"/and/0\",\n        message: \"or satisfy rule should have property 'or' only\",\n    }, {\n        instancePath: \"/and/1\",\n        message: \"MC satisfy rule should have property 'mc' only\",\n    }, {\n        instancePath: \"\",\n        message: \"and satisfy rule should have property 'and' only\",\n    })",
              "err": {},
              "uuid": "8d24641c-bb6d-4802-80ab-0b025f629e35",
              "parentUUID": "f54922a3-0d61-4d4f-a3f9-0b936b2a166b",
              "isHook": false,
              "skipped": false
            },
            {
              "title": "should not validate ambiguous satisfy rules",
              "fullTitle": "satisfyRuleSchema should not validate ambiguous satisfy rules",
              "timedOut": false,
              "duration": 1,
              "state": "passed",
              "speed": "fast",
              "pass": true,
              "fail": false,
              "pending": false,
              "context": null,
              "code": "const message = \"satisfy rule should have only one of properties 'mc', 'and', 'or'\";\nisInvalidRule({\n    or: [\n        { mc: 5, and: [\"CS2040\"] },\n        { and: [{ and: [\"abc\"], or: [\"def\"] }] },\n    ],\n}, { instancePath: \"/or/0\", message }, { instancePath: \"/or/1/and/0\", message });",
              "err": {},
              "uuid": "df9bab13-5a88-4b32-a54f-6d018ea993a3",
              "parentUUID": "f54922a3-0d61-4d4f-a3f9-0b936b2a166b",
              "isHook": false,
              "skipped": false
            },
            {
              "title": "should not validate and satisfy rules with non-array property",
              "fullTitle": "satisfyRuleSchema should not validate and satisfy rules with non-array property",
              "timedOut": false,
              "duration": 0,
              "state": "passed",
              "speed": "fast",
              "pass": true,
              "fail": false,
              "pending": false,
              "context": null,
              "code": "const message = \"property 'and' should be an array of satisfy rules\";\nisInvalidRule({ or: [{ and: {} }, { or: [{ and: 3 }] }] }, { instancePath: \"/or/0/and\", message }, { instancePath: \"/or/1/or/0/and\", message });",
              "err": {},
              "uuid": "30053f60-b655-4ac6-b3b2-407d48d815d0",
              "parentUUID": "f54922a3-0d61-4d4f-a3f9-0b936b2a166b",
              "isHook": false,
              "skipped": false
            },
            {
              "title": "should not validate or satisfy rules with non-array property",
              "fullTitle": "satisfyRuleSchema should not validate or satisfy rules with non-array property",
              "timedOut": false,
              "duration": 1,
              "state": "passed",
              "speed": "fast",
              "pass": true,
              "fail": false,
              "pending": false,
              "context": null,
              "code": "const message = \"property 'or' should be an array of satisfy rules\";\nisInvalidRule({ and: [{ or: {} }, { and: [{ or: 3 }] }] }, { instancePath: \"/and/0/or\", message }, { instancePath: \"/and/1/and/0/or\", message });",
              "err": {},
              "uuid": "f3dcef96-808c-4956-a51b-74014d43a807",
              "parentUUID": "f54922a3-0d61-4d4f-a3f9-0b936b2a166b",
              "isHook": false,
              "skipped": false
            }
          ],
          "suites": [],
          "passes": [
            "47215df4-0055-42ab-a241-3c719a6a7a5c",
            "fdfe70d2-f998-43c1-ba87-90b6722cdcfe",
            "05e8e8a6-886c-4fac-962f-f7b46003ee72",
            "410a28e4-2d95-4143-8673-57f33fea81b2",
            "8d24641c-bb6d-4802-80ab-0b025f629e35",
            "df9bab13-5a88-4b32-a54f-6d018ea993a3",
            "30053f60-b655-4ac6-b3b2-407d48d815d0",
            "f3dcef96-808c-4956-a51b-74014d43a807"
          ],
          "failures": [],
          "pending": [],
          "skipped": [],
          "duration": 10,
          "root": false,
          "rootEmpty": false,
          "_timeout": 2000
        }
      ],
      "passes": [],
      "failures": [],
      "pending": [],
      "skipped": [],
      "duration": 0,
      "root": true,
      "rootEmpty": true,
      "_timeout": 2000
    }
  ],
  "meta": {
    "mocha": {
      "version": "9.1.2"
    },
    "mochawesome": {
      "options": {
        "quiet": false,
        "reportFilename": "mochawesome",
        "saveHtml": true,
        "saveJson": true,
        "consoleReporter": "spec",
        "useInlineDiffs": false,
        "code": true
      },
      "version": "6.3.0"
    },
    "marge": {
      "options": {
        "reportDir": "docs"
      },
      "version": "5.2.0"
    }
  }
}