{
  "stats": {
    "suites": 10,
    "tests": 48,
    "passes": 48,
    "pending": 0,
    "failures": 0,
    "start": "2021-10-03T05:35:25.123Z",
    "end": "2021-10-03T05:35:25.472Z",
    "duration": 349,
    "testsRegistered": 48,
    "passPercent": 100,
    "pendingPercent": 0,
    "other": 0,
    "hasOther": false,
    "skipped": 0,
    "hasSkipped": false
  },
  "results": [
    {
      "uuid": "168c346d-51a7-4fc2-9b08-e44462d45807",
      "title": "",
      "fullFile": "",
      "file": "",
      "beforeHooks": [],
      "afterHooks": [],
      "tests": [],
      "suites": [
        {
          "uuid": "39197aba-e216-492e-813d-bcffbf586def",
          "title": "initDirectories",
          "fullFile": "/home/runner/work/planwithus-lib/planwithus-lib/src/block/schemas.test.ts",
          "file": "/src/block/schemas.test.ts",
          "beforeHooks": [],
          "afterHooks": [],
          "tests": [
            {
              "title": "should parse all blocks with no errors",
              "fullTitle": "initDirectories should parse all blocks with no errors",
              "timedOut": false,
              "duration": 3,
              "state": "passed",
              "speed": "fast",
              "pass": true,
              "fail": false,
              "pending": false,
              "context": null,
              "code": "_1.initDirectories.should.not.throw()",
              "err": {},
              "uuid": "cea346ac-6c79-4a35-b202-9a736dbad36b",
              "parentUUID": "39197aba-e216-492e-813d-bcffbf586def",
              "isHook": false,
              "skipped": false
            },
            {
              "title": "should produce primary, second & minor directories",
              "fullTitle": "initDirectories should produce primary, second & minor directories",
              "timedOut": false,
              "duration": 2,
              "state": "passed",
              "speed": "fast",
              "pass": true,
              "fail": false,
              "pending": false,
              "context": null,
              "code": "const directories = (0, _1.initDirectories)();\ndirectories.should.have.property(\"primary\");\ndirectories.should.have.property(\"second\");\ndirectories.should.have.property(\"minor\");",
              "err": {},
              "uuid": "903a55fc-723e-4755-b9f8-68915aad6aa5",
              "parentUUID": "39197aba-e216-492e-813d-bcffbf586def",
              "isHook": false,
              "skipped": false
            }
          ],
          "suites": [],
          "passes": [
            "cea346ac-6c79-4a35-b202-9a736dbad36b",
            "903a55fc-723e-4755-b9f8-68915aad6aa5"
          ],
          "failures": [],
          "pending": [],
          "skipped": [],
          "duration": 5,
          "root": false,
          "rootEmpty": false,
          "_timeout": 2000
        },
        {
          "uuid": "9509e89d-09d7-4fff-8ccf-ab6e36db0555",
          "title": "blockSchema",
          "fullFile": "/home/runner/work/planwithus-lib/planwithus-lib/src/block/schemas.test.ts",
          "file": "/src/block/schemas.test.ts",
          "beforeHooks": [],
          "afterHooks": [],
          "tests": [
            {
              "title": "should validate valid block",
              "fullTitle": "blockSchema should validate valid block",
              "timedOut": false,
              "duration": 198,
              "state": "passed",
              "speed": "slow",
              "pass": true,
              "fail": false,
              "pending": false,
              "context": "[\n  {\n    \"title\": \"block sample 0\",\n    \"value\": {\n      \"name\": \"\\\\|yJ (\",\n      \"assign\": \"[bH\",\n      \"match\": [\n        {\n          \"or\": [\n            {\n              \"and\": [\n                {\n                  \"or\": []\n                },\n                {\n                  \"and\": [\n                    \"QKQ12*\"\n                  ]\n                },\n                {\n                  \"pattern\": \"VDL8\",\n                  \"info\": \"\"\n                },\n                \"CNF**62\"\n              ]\n            },\n            {\n              \"and\": [\n                \"TVx42\",\n                {\n                  \"or\": [\n                    \"FAT541Q\",\n                    \"ZSW10\",\n                    {\n                      \"and\": [\n                        \"ITC6\"\n                      ]\n                    },\n                    \"DQY*22\"\n                  ]\n                },\n                {\n                  \"or\": [\n                    {\n                      \"pattern\": \"WV313P\",\n                      \"exclude\": [\n                        \"DUR02*\"\n                      ],\n                      \"info\": \"tADqx%M\"\n                    },\n                    {\n                      \"or\": []\n                    },\n                    {\n                      \"pattern\": \"CU30X\",\n                      \"exclude\": \"NFR0003L\",\n                      \"info\": \"[bCQIZ@\"\n                    },\n                    {\n                      \"or\": [\n                        \"NK7xL\",\n                        {\n                          \"and\": [\n                            \"WK379Q\",\n                            \"WDQ2*\",\n                            \"EO9948E\",\n                            \"RM6\"\n                          ]\n                        }\n                      ]\n                    },\n                    {\n                      \"or\": []\n                    }\n                  ]\n                }\n              ]\n            },\n            {\n              \"pattern\": \"OQ65*\",\n              \"exclude\": \"VR7511Z\",\n              \"info\": \"q,v\\\"L6U\"\n            },\n            {\n              \"and\": [\n                {\n                  \"and\": [\n                    \"TQK23\",\n                    \"IFW0N\",\n                    {\n                      \"and\": [\n                        \"EU79x1W\",\n                        \"AK8x4\",\n                        {\n                          \"and\": [\n                            \"KFI225D\"\n                          ]\n                        },\n                        \"NO39\"\n                      ]\n                    }\n                  ]\n                },\n                \"CP44\"\n              ]\n            },\n            {\n              \"or\": [\n                \"IIY3139\",\n                {\n                  \"and\": [\n                    {\n                      \"and\": []\n                    },\n                    \"QYI90Q\",\n                    \"PWI5919\"\n                  ]\n                },\n                \"EI7B\",\n                \"FLI66U\",\n                {\n                  \"or\": [\n                    \"UE0O\",\n                    {\n                      \"or\": []\n                    },\n                    {\n                      \"or\": [\n                        {\n                          \"or\": [\n                            \"IW*342\",\n                            \"PD1E\",\n                            \"AU14Y\",\n                            {\n                              \"and\": [\n                                {\n                                  \"pattern\": \"JOG39\",\n                                  \"exclude\": \"YW6065M\",\n                                  \"info\": \"kh\\\"vG7mr\"\n                                },\n                                \"UAJ1005\",\n                                \"IAD36\"\n                              ]\n                            },\n                            \"YYB91*8Q\"\n                          ]\n                        },\n                        \"GR*5O\",\n                        \"FL*5\",\n                        \"MFC7\",\n                        \"ID59\"\n                      ]\n                    }\n                  ]\n                }\n              ]\n            }\n          ]\n        },\n        \"AC*\",\n        {\n          \"and\": []\n        },\n        {\n          \"pattern\": \"EMK50\",\n          \"exclude\": [\n            \"RST0\"\n          ],\n          \"info\": \":,0KSC2_[\"\n        }\n      ],\n      \"satisfy\": {\n        \"and\": [\n          {\n            \"mc\": \"<=148\"\n          }\n        ]\n      },\n      \"url\": \"https://ndae7f.offybiithkvz5tvzw2gd56t-gzafruira-utdmd.fdh-9-y688uc-b25fc283a3ccd.j.idzme/UX/%F2%87%A8%A1\",\n      \"info\": \"eB6O9Mw),\",\n      \"isSelectable\": true\n    }\n  },\n  {\n    \"title\": \"block sample 1\",\n    \"value\": {\n      \"ay\": 1956,\n      \"assign\": \"Csxz>)\\\"#\\\"\\\"\",\n      \"match\": [],\n      \"satisfy\": [\n        \"J\",\n        \"\",\n        {\n          \"and\": [\n            {\n              \"or\": [\n                \"WzZwV@\",\n                \" I\"\n              ]\n            }\n          ]\n        },\n        {\n          \"and\": [\n            {\n              \"mc\": \"<=108\"\n            }\n          ]\n        }\n      ],\n      \"url\": \"https://l.be/J/ee//~/(mIO\",\n      \"info\": \"oz\",\n      \"isSelectable\": true\n    }\n  },\n  {\n    \"title\": \"block sample 2\",\n    \"value\": {\n      \"name\": \"\\\"\",\n      \"ay\": 1953,\n      \"assign\": [\n        \"!g\"\n      ],\n      \"match\": [\n        \"YRW273\",\n        {\n          \"and\": [\n            \"QR928K\",\n            {\n              \"and\": [\n                {\n                  \"and\": [\n                    {\n                      \"and\": [\n                        \"OR0\",\n                        \"ZBO*G\",\n                        {\n                          \"or\": [\n                            \"BCZ43G\",\n                            \"KNY2P\",\n                            {\n                              \"or\": [\n                                \"NQA90\",\n                                \"IPE*G\",\n                                \"KC4055Q\"\n                              ]\n                            },\n                            \"ULE9\"\n                          ]\n                        }\n                      ]\n                    },\n                    {\n                      \"or\": [\n                        \"CQV87O\",\n                        \"HCJ8\",\n                        \"KRK6878\",\n                        \"TP23\",\n                        \"HT10W\"\n                      ]\n                    }\n                  ]\n                },\n                {\n                  \"and\": []\n                },\n                {\n                  \"or\": []\n                },\n                {\n                  \"pattern\": \"KAH304\",\n                  \"exclude\": \"ZB*2\",\n                  \"info\": \"\"\n                }\n              ]\n            }\n          ]\n        },\n        {\n          \"or\": [\n            {\n              \"or\": [\n                {\n                  \"and\": [\n                    \"FER0x81\",\n                    \"MKJ42x\",\n                    \"ODZx16M\",\n                    \"NE984*\"\n                  ]\n                },\n                \"AN04Q\"\n              ]\n            }\n          ]\n        },\n        {\n          \"or\": [\n            \"RYN77J\"\n          ]\n        }\n      ],\n      \"url\": \"https://ymb4vheqmoqzi5ka-4ytr4.aoxccai\",\n      \"info\": \"&!\"\n    }\n  },\n  {\n    \"title\": \"block sample 3\",\n    \"value\": {\n      \"name\": \":\",\n      \"ay\": 1956,\n      \"assign\": [\n        \"\",\n        \"|ysE\"\n      ],\n      \"match\": \"RIZxB\",\n      \"url\": \"https://q4a6fkcbn1elolfi-id4lqebl46p4gcze.bb7fe7hfffp98nbfoz68zx6rszfvcoczwdbmifaf.45dl-5cxs1ldd9-5naebfxid6s1vap6b6xea5sdgecr8f495ifqb.zvwxbufcbe/$Yo%F1%9B%B5%8F;/jZ/%F0%B0%97%89/%F0%9A%8C%A0f\",\n      \"info\": \"g#In#@\",\n      \"isSelectable\": true\n    }\n  },\n  {\n    \"title\": \"block sample 4\",\n    \"value\": {\n      \"name\": \"e\\\\i(&\",\n      \"ay\": 2028,\n      \"assign\": \" tyL\",\n      \"match\": [],\n      \"url\": \"https://e.ezmwq/NS.xOh%F3%AD%96%82%F0%A0%A9%BEc@/2,S/RB5/!Ol2)UjaV/V.%F0%AC%A3%91Wr/MP9G*%F3%80%86%88nd/cg;-D7\",\n      \"info\": \"\",\n      \"isSelectable\": true,\n      \"Jp='$s{t\": {\n        \"name\": \"mGbq~v\",\n        \"ay\": 2018,\n        \"assign\": \"\\\":#\",\n        \"match\": [\n          {\n            \"and\": []\n          },\n          {\n            \"pattern\": \"SO6N\",\n            \"exclude\": [],\n            \"info\": \"bc.\"\n          }\n        ],\n        \"satisfy\": [],\n        \"url\": \"https://pzbq3n7.7vj0s0q0-o9a4lrr65jdlbgl.hmumiz2e5hnb6q7k25ohs0bc13ztdglwojctf.b33g8w7t9mznukb-s54xqh3w.co/)/lF(uF/wP\",\n        \"info\": \"\",\n        \"isSelectable\": true,\n        \"34a,s\": {\n          \"name\": \"\\\\XT35J\",\n          \"assign\": [\n            \"y\",\n            \"Eb<j?n\"\n          ],\n          \"match\": [\n            {\n              \"and\": [\n                {\n                  \"and\": [\n                    {\n                      \"pattern\": \"CHZ6\",\n                      \"exclude\": [\n                        \"ATF7xW\"\n                      ],\n                      \"info\": \"-iGMx\"\n                    }\n                  ]\n                },\n                \"EK655\",\n                {\n                  \"or\": [\n                    {\n                      \"and\": [\n                        \"KNR0\",\n                        {\n                          \"or\": [\n                            \"VQD0\",\n                            {\n                              \"and\": [\n                                {\n                                  \"or\": [\n                                    \"CP719\"\n                                  ]\n                                },\n                                \"UIx254\",\n                                \"ZW17Q\"\n                              ]\n                            },\n                            {\n                              \"or\": [\n                                \"NY62G\",\n                                \"CO5008A\",\n                                \"FQ60\",\n                                \"PD9\"\n                              ]\n                            }\n                          ]\n                        }\n                      ]\n                    },\n                    {\n                      \"and\": []\n                    },\n                    \"BEA0967\",\n                    \"NT4952K\"\n                  ]\n                }\n              ]\n            }\n          ],\n          \"satisfy\": [\n            \"So\\\"A,$74VZ\"\n          ],\n          \"info\": \"-\",\n          \"isSelectable\": true\n        },\n        \"\\\"0t5+4\": {\n          \"name\": \"l^}8RnPA\",\n          \"ay\": 1979,\n          \"match\": [\n            {\n              \"pattern\": \"AV3F\",\n              \"exclude\": \"RSLx53\",\n              \"info\": \"+D\"\n            },\n            {\n              \"or\": [\n                {\n                  \"and\": []\n                },\n                {\n                  \"pattern\": \"SQK1\",\n                  \"exclude\": \"XU69O\",\n                  \"info\": \":20KSSD%~\"\n                }\n              ]\n            },\n            \"SAG3194\",\n            {\n              \"pattern\": \"FST71Q\",\n              \"exclude\": \"FZ5M\",\n              \"info\": \"SUQ&T|9d\"\n            },\n            {\n              \"and\": [\n                {\n                  \"or\": []\n                }\n              ]\n            }\n          ],\n          \"satisfy\": [\n            {\n              \"or\": [\n                {\n                  \"or\": [\n                    \"$-n2B#J^s\"\n                  ]\n                }\n              ]\n            },\n            \"~q\\\"\"\n          ],\n          \"url\": \"https://9qgy6g07s.bt.b9d-h.foff0a1ji6g6k25gf.qtxxb/8J;-=Jd~/Fkwzc!==X/:~xU/!V'k!0YYi/+/gftCdE%F2%88%85%B8i\",\n          \"info\": \"zq\",\n          \"isSelectable\": true\n        }\n      },\n      \"G7k<R.8-I\": {\n        \"name\": \"3w \",\n        \"ay\": 1950,\n        \"assign\": [\n          \".:\\\"R~}fl2B\"\n        ],\n        \"match\": [\n          {\n            \"or\": []\n          },\n          {\n            \"and\": [\n              {\n                \"and\": [\n                  {\n                    \"pattern\": \"VZ180*Q\",\n                    \"exclude\": \"GKP*\",\n                    \"info\": \"\"\n                  }\n                ]\n              },\n              \"IV*16S\",\n              \"GQ8U\",\n              {\n                \"pattern\": \"ZRZ9\",\n                \"info\": \"e-%gN$-*7x\"\n              }\n            ]\n          },\n          \"BZ7\",\n          {\n            \"or\": []\n          },\n          {\n            \"and\": [\n              {\n                \"and\": [\n                  {\n                    \"and\": [\n                      \"KCWxx18W\"\n                    ]\n                  },\n                  \"RO180B\",\n                  \"QW0962\"\n                ]\n              },\n              {\n                \"or\": [\n                  {\n                    \"or\": []\n                  },\n                  \"VC89\",\n                  {\n                    \"and\": [\n                      \"JHFx538\",\n                      \"DDx6\",\n                      \"VTL231\"\n                    ]\n                  },\n                  {\n                    \"and\": [\n                      {\n                        \"pattern\": \"BB09\",\n                        \"exclude\": \"DHI5L\",\n                        \"info\": \" i0\"\n                      },\n                      {\n                        \"or\": [\n                          \"SMR529\",\n                          {\n                            \"pattern\": \"EI1G\",\n                            \"exclude\": \"HR87\",\n                            \"info\": \"|%`u+\"\n                          }\n                        ]\n                      },\n                      {\n                        \"or\": [\n                          {\n                            \"and\": [\n                              \"VA*9\",\n                              \"WHA91\",\n                              \"YYE9J\",\n                              \"WIT8871K\",\n                              \"HCE458\"\n                            ]\n                          }\n                        ]\n                      },\n                      {\n                        \"and\": [\n                          \"US63H\"\n                        ]\n                      }\n                    ]\n                  }\n                ]\n              },\n              {\n                \"and\": [\n                  \"MS14*\",\n                  \"FV92*7X\"\n                ]\n              }\n            ]\n          }\n        ],\n        \"url\": \"http://vi0erlu4lim7xk9q6gy-xt7tgczpakssy4ukhingb5c454tr4t98.6.x07iv3c3fm.x8.ju-rnwz938swt.lptnh/9'n0m2FFq%F2%A4%93%8F/Edee\",\n        \"info\": \"\",\n        \"isSelectable\": true,\n        \"WP\": {\n          \"name\": \"J\\\\(p~bX^\",\n          \"ay\": 1952,\n          \"assign\": \"CfsO\\\\\",\n          \"match\": {\n            \"or\": [\n              {\n                \"or\": [\n                  {\n                    \"and\": [\n                      \"IC5x1J\",\n                      {\n                        \"or\": [\n                          {\n                            \"and\": [\n                              \"DU8\"\n                            ]\n                          },\n                          \"RR5*\",\n                          {\n                            \"pattern\": \"PM8936Q\",\n                            \"exclude\": \"SYF6380T\",\n                            \"info\": \"=Mhpb?F>\"\n                          },\n                          {\n                            \"pattern\": \"GHT45x\",\n                            \"exclude\": [\n                              \"GA9L\",\n                              \"BT4*\",\n                              \"OQ44T\",\n                              \"RO07\",\n                              \"YN278\"\n                            ],\n                            \"info\": \"w~Js\"\n                          },\n                          \"FF85x\"\n                        ]\n                      },\n                      \"HPK53*\",\n                      \"PPF777\"\n                    ]\n                  }\n                ]\n              },\n              {\n                \"pattern\": \"YRN73\",\n                \"exclude\": [\n                  \"AG9x2K\"\n                ],\n                \"info\": \"S6G\\\\\"\n              },\n              {\n                \"and\": [\n                  {\n                    \"and\": [\n                      \"RHJx205\",\n                      {\n                        \"or\": [\n                          \"GFx92\"\n                        ]\n                      },\n                      \"UH**4C\"\n                    ]\n                  },\n                  \"CW6*2\",\n                  \"CA8187\",\n                  {\n                    \"or\": []\n                  }\n                ]\n              },\n              {\n                \"and\": []\n              },\n              {\n                \"or\": [\n                  {\n                    \"pattern\": \"IAx\",\n                    \"info\": \",9J;_Ix\"\n                  },\n                  {\n                    \"or\": [\n                      {\n                        \"pattern\": \"YC605\",\n                        \"exclude\": \"OA197V\"\n                      },\n                      {\n                        \"and\": []\n                      }\n                    ]\n                  },\n                  {\n                    \"and\": [\n                      \"UM20\"\n                    ]\n                  },\n                  \"YJ3\",\n                  {\n                    \"and\": [\n                      \"EUQ3992\"\n                    ]\n                  }\n                ]\n              }\n            ]\n          },\n          \"satisfy\": [\n            \"g9b%\",\n            {\n              \"and\": [\n                \"SZ]$z`#wH\",\n                {\n                  \"mc\": \">=107\"\n                },\n                \"ua#+fp\",\n                {\n                  \"or\": [\n                    {\n                      \"and\": [\n                        \"u\",\n                        \"i&YSA>Rm;\",\n                        \"%BPo:vG\",\n                        {\n                          \"mc\": \">=189\"\n                        }\n                      ]\n                    },\n                    \"!d]G>FY\",\n                    \"cH|K\",\n                    \"Qg \",\n                    \"I|3(\"\n                  ]\n                },\n                {\n                  \"or\": [\n                    \"$T%LE>xv\"\n                  ]\n                }\n              ]\n            }\n          ],\n          \"url\": \"http://jgv-kbpo9lj.b35bob.xwh2uamk7ss-geraf.khke1lqtgzmn0fpay0rxox29697p.hfj/HyQj'ypS/=/%F2%A7%97%B2u%F0%A1%9A%8B'E/+//%E6%A4%B13;cKtR~D/j/lHEe%F3%85%A6%AF/L:x.x\",\n          \"info\": \"rdf2qy\"\n        }\n      }\n    }\n  },\n  {\n    \"title\": \"block sample 5\",\n    \"value\": {\n      \"name\": \"J;kWTFehQ\",\n      \"ay\": 2023,\n      \"assign\": [\n        \"/R\",\n        \"Q=ii7h!J\",\n        \"\\\"\",\n        \"Gt1b\"\n      ],\n      \"match\": [\n        {\n          \"or\": [\n            \"TR51\",\n            \"AMAxM\",\n            {\n              \"and\": []\n            },\n            \"VGL530\"\n          ]\n        },\n        {\n          \"pattern\": \"QST4W\",\n          \"info\": \"v4VQ?V\"\n        }\n      ],\n      \"satisfy\": [],\n      \"isSelectable\": true\n    }\n  },\n  {\n    \"title\": \"block sample 6\",\n    \"value\": {\n      \"name\": \"#># K3~}x \",\n      \"ay\": 1956,\n      \"assign\": \"NXk! jop\",\n      \"match\": {\n        \"and\": [\n          \"OWTx7\",\n          {\n            \"or\": [\n              \"VDx014\"\n            ]\n          },\n          \"IB8\",\n          {\n            \"pattern\": \"EAN124\",\n            \"exclude\": [\n              \"AX*T\",\n              \"SO86\"\n            ],\n            \"info\": \"y\"\n          }\n        ]\n      },\n      \"satisfy\": [\n        {\n          \"mc\": \"<=194\"\n        },\n        {\n          \"mc\": \">=174\"\n        }\n      ],\n      \"isSelectable\": true,\n      \"\": {\n        \"name\": \"` q!||\",\n        \"ay\": 2027,\n        \"assign\": \"} \",\n        \"match\": [\n          {\n            \"pattern\": \"MS63\",\n            \"exclude\": [\n              \"QYF3*6V\",\n              \"PTW6781A\"\n            ],\n            \"info\": \"?C>w$+R.\"\n          },\n          {\n            \"or\": [\n              {\n                \"or\": [\n                  {\n                    \"and\": [\n                      \"EK138U\",\n                      \"NFT70C\",\n                      \"KO6\"\n                    ]\n                  },\n                  \"UB171V\",\n                  {\n                    \"or\": []\n                  },\n                  \"SXSxC\"\n                ]\n              }\n            ]\n          },\n          {\n            \"or\": [\n              {\n                \"or\": []\n              },\n              {\n                \"pattern\": \"QE86\",\n                \"exclude\": [\n                  \"MG00Z\",\n                  \"XZJ43\",\n                  \"CJW*1H\",\n                  \"SKZ0\",\n                  \"SL03S\"\n                ],\n                \"info\": \"]BZS]Uf_(U\"\n              },\n              {\n                \"pattern\": \"QO50\",\n                \"exclude\": [\n                  \"HRF53V\",\n                  \"RBC*7\",\n                  \"OI3971N\",\n                  \"GW408\"\n                ],\n                \"info\": \"3:S<`fQ~\"\n              },\n              {\n                \"pattern\": \"XD5*8\",\n                \"info\": \"\"\n              },\n              {\n                \"pattern\": \"ZI0142C\",\n                \"info\": \"ZKaR)K%Yd\"\n              }\n            ]\n          },\n          {\n            \"or\": [\n              {\n                \"or\": [\n                  \"UX9\",\n                  {\n                    \"or\": [\n                      {\n                        \"or\": []\n                      },\n                      \"SI42*\"\n                    ]\n                  }\n                ]\n              },\n              {\n                \"or\": [\n                  {\n                    \"pattern\": \"BB427H\",\n                    \"exclude\": \"LOB7647H\",\n                    \"info\": \".0U\"\n                  },\n                  \"MQ6\"\n                ]\n              }\n            ]\n          },\n          {\n            \"and\": [\n              {\n                \"and\": [\n                  {\n                    \"and\": [\n                      \"VAx\",\n                      {\n                        \"or\": []\n                      },\n                      {\n                        \"or\": []\n                      }\n                    ]\n                  }\n                ]\n              },\n              {\n                \"and\": [\n                  {\n                    \"and\": [\n                      \"GF6550\",\n                      {\n                        \"pattern\": \"OOA7*7D\",\n                        \"info\": \"gC#?jI_&\"\n                      },\n                      {\n                        \"pattern\": \"LE21x0G\",\n                        \"exclude\": \"DX07\",\n                        \"info\": \":Ww5wnt;`@\"\n                      },\n                      \"SFV11*\"\n                    ]\n                  },\n                  {\n                    \"and\": [\n                      {\n                        \"pattern\": \"VK265V\",\n                        \"exclude\": [\n                          \"VKT*11V\",\n                          \"VW1L\",\n                          \"FH51X\",\n                          \"JQ4x75V\"\n                        ],\n                        \"info\": \"p\\\"OD\\\"{o(9\"\n                      },\n                      {\n                        \"or\": [\n                          \"OAS25L\",\n                          \"UQY3\",\n                          {\n                            \"pattern\": \"UG90G\",\n                            \"exclude\": [\n                              \"KLO4\"\n                            ],\n                            \"info\": \"-[{6Pw5hoH\"\n                          }\n                        ]\n                      },\n                      \"EZY306*\",\n                      \"GQ7B\",\n                      \"YQ5\"\n                    ]\n                  },\n                  {\n                    \"and\": []\n                  }\n                ]\n              },\n              \"GX58U\",\n              \"LK6688\",\n              {\n                \"or\": [\n                  {\n                    \"or\": [\n                      \"ZB1278\",\n                      \"MO5**A\",\n                      \"NU7D\",\n                      {\n                        \"and\": [\n                          {\n                            \"and\": [\n                              \"FQ3588\"\n                            ]\n                          }\n                        ]\n                      },\n                      {\n                        \"pattern\": \"IT*\",\n                        \"exclude\": [],\n                        \"info\": \"\\\\4&\"\n                      }\n                    ]\n                  },\n                  {\n                    \"pattern\": \"HGA1F\",\n                    \"exclude\": \"CWx\",\n                    \"info\": \"\"\n                  },\n                  {\n                    \"and\": [\n                      \"JV90\",\n                      \"UB024A\",\n                      \"CUL6x3Q\",\n                      \"LEG111P\",\n                      \"LWA4347W\"\n                    ]\n                  }\n                ]\n              }\n            ]\n          }\n        ],\n        \"satisfy\": [\n          {\n            \"mc\": \"<=168\"\n          },\n          \"}U#TG^l\"\n        ],\n        \"url\": \"http://fsqb31ehn841-zwog98uy9bov.qn/y.lu%F3%B2%A5%93H*sC/:+fOA%24\",\n        \"info\": \"&\",\n        \"isSelectable\": true\n      }\n    }\n  },\n  {\n    \"title\": \"block sample 7\",\n    \"value\": {\n      \"name\": \",3HFQ/G-\",\n      \"ay\": 1952,\n      \"assign\": \"{! \",\n      \"match\": [\n        \"KGx*xS\",\n        {\n          \"pattern\": \"QHx63A\",\n          \"exclude\": [],\n          \"info\": \"\"\n        },\n        \"CHV7*5\",\n        {\n          \"and\": [\n            {\n              \"and\": []\n            },\n            {\n              \"pattern\": \"GLH2\",\n              \"exclude\": \"ZZ133P\",\n              \"info\": \"5G f!\"\n            },\n            \"VP98*3M\",\n            {\n              \"and\": [\n                \"YMW8\"\n              ]\n            }\n          ]\n        }\n      ],\n      \"url\": \"https://k.cd/f/.Q~*U/S0;l/QK9xF:-b/I:/e6GX,V2f!r/@S/.+5D/fsl-/v1R!%F1%A0%BA%98i1qR\",\n      \"isSelectable\": true\n    }\n  },\n  {\n    \"title\": \"block sample 8\",\n    \"value\": {\n      \"name\": \"`[Fh(\",\n      \"ay\": 2027,\n      \"assign\": \"a!J\",\n      \"match\": [\n        \"LTZ14\",\n        {\n          \"and\": []\n        },\n        {\n          \"or\": [\n            {\n              \"and\": [\n                \"JQW5\",\n                {\n                  \"and\": [\n                    \"GMx942Y\"\n                  ]\n                },\n                \"FA5x8xD\"\n              ]\n            }\n          ]\n        },\n        {\n          \"pattern\": \"TS7\",\n          \"exclude\": \"UV258L\",\n          \"info\": \"u'zNL 4FvM\"\n        },\n        {\n          \"pattern\": \"VNU3*U\",\n          \"exclude\": [\n            \"XW813Q\",\n            \"FY29E\",\n            \"VM6922B\",\n            \"EO7*\",\n            \"RDP5*W\"\n          ],\n          \"info\": \"z\"\n        }\n      ],\n      \"satisfy\": [\n        \"l@eOwj\",\n        {\n          \"and\": []\n        },\n        {\n          \"mc\": \">=197\"\n        }\n      ]\n    }\n  },\n  {\n    \"title\": \"block sample 9\",\n    \"value\": {\n      \"ay\": 2029,\n      \"assign\": [\n        \"AJ#H}4^\"\n      ],\n      \"match\": [],\n      \"satisfy\": [\n        {\n          \"or\": [\n            {\n              \"or\": []\n            }\n          ]\n        },\n        \"uj]f6\"\n      ],\n      \"url\": \"http://kgkm.c749rl17siqn5dctcq6dfsjdrna.7iodl0w.poxa.vxu91q6zj0w6pymbb2i8bjtinhci-0lvur75c.dejhy/w/Jb%F2%84%B6%8C@jcs2-t/%F3%B4%A7%813lWgQuW&/;-YYrb~C0/1/U0+n/CK-PPMS%F4%8A%84%9Et:\",\n      \"info\": \"<p\",\n      \"isSelectable\": true,\n      \"AJH\": {\n        \"name\": \"Xzzx#m=\",\n        \"ay\": 1956,\n        \"assign\": \"2H\",\n        \"satisfy\": {\n          \"mc\": \">=11\"\n        },\n        \"url\": \"http://xp1s5v9ctk8kayl-evbrcki2qhujwb06oaebdop9mtl8fkhcsprb8-pxgtb1zf.c0l.iijk698m4gm7cgolsx6oc2zi6opu7yakmnm4s.mrg/*OB%F2%A2%B4%9D/yx%F0%A3%90%A9%F0%96%9B%B02A',t\",\n        \"info\": \"jr}Ut<v\",\n        \"isSelectable\": true\n      }\n    }\n  }\n]",
              "code": "(0, fast_check_1.sample)(index_test_2.block, 10).forEach((sample, i) => (0, addContext_1.default)(this, {\n    title: `block sample ${i}`,\n    value: sample,\n}));\nreturn (0, fast_check_1.assert)((0, fast_check_1.property)(index_test_2.block, ajvValidate));",
              "err": {},
              "uuid": "d27939a7-2101-4447-925b-0e390617fe4b",
              "parentUUID": "9509e89d-09d7-4fff-8ccf-ab6e36db0555",
              "isHook": false,
              "skipped": false
            },
            {
              "title": "should not validate non-object",
              "fullTitle": "blockSchema should not validate non-object",
              "timedOut": false,
              "duration": 1,
              "state": "passed",
              "speed": "fast",
              "pass": true,
              "fail": false,
              "pending": false,
              "context": null,
              "code": "const error = {\n    instancePath: \"\",\n    message: \"block should be an object\",\n};\nisInvalidBlock(null, error);\nisInvalidBlock(undefined, error);\nisInvalidBlock(10, error);\nisInvalidBlock([12, 24], error);\nisInvalidBlock(\"abc\", error);",
              "err": {},
              "uuid": "a260071a-86a9-447f-a505-a07a5d7c59c8",
              "parentUUID": "9509e89d-09d7-4fff-8ccf-ab6e36db0555",
              "isHook": false,
              "skipped": false
            },
            {
              "title": "should not validate block with invalid properties",
              "fullTitle": "blockSchema should not validate block with invalid properties",
              "timedOut": false,
              "duration": 0,
              "state": "passed",
              "speed": "fast",
              "pass": true,
              "fail": false,
              "pending": false,
              "context": null,
              "code": "isInvalidBlock({\n        name: { foo: \"bar\" },\n        ay: -1000,\n        assign: {},\n        match: 1,\n        satisfy: 2,\n        url: { abc: \"def\" },\n        info: 42,\n        isSelectable: 32,\n    }, { instancePath: \"/name\", message: \"property 'name' should be a string\" }, {\n        instancePath: \"/ay\",\n        message: \"property 'ay' should be a positive integer\",\n    }, {\n        instancePath: \"/assign\",\n        message: \"property 'assign' should be either a block ID or an array of block IDs\",\n    }, {\n        instancePath: \"/match\",\n        message: \"property 'match' should be either a match rule or an array of match rules\",\n    }, {\n        instancePath: \"/satisfy\",\n        message: \"property 'satisfy' should be either a satisfy rule or an array of satisfy rules\",\n    }, { instancePath: \"/url\", message: \"property 'url' should be a string\" }, { instancePath: \"/info\", message: \"property 'info' should be a string\" }, {\n        instancePath: \"/isSelectable\",\n        message: \"property 'isSelectable' should be a boolean\",\n    })",
              "err": {},
              "uuid": "18e2f056-8f26-4427-93bc-92ad4fbc6f0b",
              "parentUUID": "9509e89d-09d7-4fff-8ccf-ab6e36db0555",
              "isHook": false,
              "skipped": false
            }
          ],
          "suites": [],
          "passes": [
            "d27939a7-2101-4447-925b-0e390617fe4b",
            "a260071a-86a9-447f-a505-a07a5d7c59c8",
            "18e2f056-8f26-4427-93bc-92ad4fbc6f0b"
          ],
          "failures": [],
          "pending": [],
          "skipped": [],
          "duration": 199,
          "root": false,
          "rootEmpty": false,
          "_timeout": 2000
        },
        {
          "uuid": "338cfd21-659f-43d5-9aaa-57533c5d167f",
          "title": "patternToRE",
          "fullFile": "/home/runner/work/planwithus-lib/planwithus-lib/src/matchRule/pattern/satisfiers.test.ts",
          "file": "/src/matchRule/pattern/satisfiers.test.ts",
          "beforeHooks": [],
          "afterHooks": [],
          "tests": [
            {
              "title": "should match valid modules with a single pattern",
              "fullTitle": "patternToRE should match valid modules with a single pattern",
              "timedOut": false,
              "duration": 16,
              "state": "passed",
              "speed": "fast",
              "pass": true,
              "fail": false,
              "pending": false,
              "context": "[\n  {\n    \"title\": \"patternExampleList sample 0\",\n    \"value\": [\n      \"YT43*A\",\n      [\n        \"YT437GCTS5FA\",\n        \"YT43VLEDFMCA\",\n        \"YT43A\",\n        \"YT43FWA\",\n        \"YT43IA\",\n        \"YT43OA\",\n        \"YT4383J5DA\",\n        \"YT43ZLA\",\n        \"YT43PA\",\n        \"YT4379HUA74A\",\n        \"YT43KA\",\n        \"YT43EIA\"\n      ]\n    ]\n  },\n  {\n    \"title\": \"patternExampleList sample 1\",\n    \"value\": [\n      \"ZSG8Q\",\n      [\n        \"ZSG8Q\"\n      ]\n    ]\n  },\n  {\n    \"title\": \"patternExampleList sample 2\",\n    \"value\": [\n      \"TV7Y\",\n      [\n        \"TV7Y\"\n      ]\n    ]\n  },\n  {\n    \"title\": \"patternExampleList sample 3\",\n    \"value\": [\n      \"TC8\",\n      [\n        \"TC8\"\n      ]\n    ]\n  },\n  {\n    \"title\": \"patternExampleList sample 4\",\n    \"value\": [\n      \"HYO15x4\",\n      [\n        \"HYO1524\",\n        \"HYO1554\"\n      ]\n    ]\n  },\n  {\n    \"title\": \"patternExampleList sample 5\",\n    \"value\": [\n      \"ANA3F\",\n      [\n        \"ANA3F\"\n      ]\n    ]\n  },\n  {\n    \"title\": \"patternExampleList sample 6\",\n    \"value\": [\n      \"CZ48\",\n      [\n        \"CZ48\"\n      ]\n    ]\n  },\n  {\n    \"title\": \"patternExampleList sample 7\",\n    \"value\": [\n      \"VJC5\",\n      [\n        \"VJC5\"\n      ]\n    ]\n  },\n  {\n    \"title\": \"patternExampleList sample 8\",\n    \"value\": [\n      \"QIZ6305\",\n      [\n        \"QIZ6305\"\n      ]\n    ]\n  },\n  {\n    \"title\": \"patternExampleList sample 9\",\n    \"value\": [\n      \"GW1xx5\",\n      [\n        \"GW1725\",\n        \"GW1175\",\n        \"GW1275\",\n        \"GW1315\"\n      ]\n    ]\n  }\n]",
              "code": "(0, fast_check_1.sample)(index_test_1.patternExampleList, 10).forEach((sample, i) => (0, addContext_1.default)(this, {\n    title: `patternExampleList sample ${i}`,\n    value: sample,\n}));\nreturn (0, fast_check_1.assert)((0, fast_check_1.property)(index_test_1.patternExampleList, ([patternStr, examples]) => {\n    const re = (0, _1.patternToRE)(patternStr);\n    return examples.every(re.test.bind(re));\n}));",
              "err": {},
              "uuid": "f1765303-53a8-4afd-ac42-0962cf0e1110",
              "parentUUID": "338cfd21-659f-43d5-9aaa-57533c5d167f",
              "isHook": false,
              "skipped": false
            },
            {
              "title": "should match valid modules with multiple patterns",
              "fullTitle": "patternToRE should match valid modules with multiple patterns",
              "timedOut": false,
              "duration": 77,
              "state": "passed",
              "speed": "slow",
              "pass": true,
              "fail": false,
              "pending": false,
              "context": "[\n  {\n    \"title\": \"patternExampleListArray sample 0\",\n    \"value\": [\n      [\n        \"JO6\",\n        [\n          \"JO6\"\n        ]\n      ],\n      [\n        \"VO*T\",\n        [\n          \"VOT\"\n        ]\n      ],\n      [\n        \"COQ7387I\",\n        [\n          \"COQ7387I\"\n        ]\n      ],\n      [\n        \"NDF54xC\",\n        [\n          \"NDF542C\",\n          \"NDF548C\",\n          \"NDF549C\",\n          \"NDF540C\",\n          \"NDF541C\",\n          \"NDF543C\"\n        ]\n      ]\n    ]\n  },\n  {\n    \"title\": \"patternExampleListArray sample 1\",\n    \"value\": [\n      [\n        \"QB59*\",\n        [\n          \"QB59E6MGP1Z\",\n          \"QB59QO50P\",\n          \"QB59N45TA9GY\",\n          \"QB591UTLGJZB\",\n          \"QB59RI2XMUE\",\n          \"QB59G66L7\",\n          \"QB59V9MIE\",\n          \"QB59K\",\n          \"QB593KC5E8CV\",\n          \"QB59SXMHQCHZ\",\n          \"QB59\"\n        ]\n      ],\n      [\n        \"CJxG\",\n        [\n          \"CJ8G\",\n          \"CJ3G\",\n          \"CJ7G\",\n          \"CJ2G\",\n          \"CJ0G\",\n          \"CJ9G\",\n          \"CJ1G\",\n          \"CJ6G\",\n          \"CJ5G\",\n          \"CJ4G\"\n        ]\n      ],\n      [\n        \"OFJ113B\",\n        [\n          \"OFJ113B\"\n        ]\n      ],\n      [\n        \"ZZE78T\",\n        [\n          \"ZZE78T\"\n        ]\n      ],\n      [\n        \"BUG91\",\n        [\n          \"BUG91\"\n        ]\n      ],\n      [\n        \"ME70N\",\n        [\n          \"ME70N\"\n        ]\n      ],\n      [\n        \"XVI04F\",\n        [\n          \"XVI04F\"\n        ]\n      ],\n      [\n        \"GUB54x*\",\n        [\n          \"GUB548Y0\",\n          \"GUB540GF\",\n          \"GUB546\"\n        ]\n      ],\n      [\n        \"AI8528\",\n        [\n          \"AI8528\"\n        ]\n      ]\n    ]\n  },\n  {\n    \"title\": \"patternExampleListArray sample 2\",\n    \"value\": [\n      [\n        \"FKS0\",\n        [\n          \"FKS0\"\n        ]\n      ],\n      [\n        \"PXx421\",\n        [\n          \"PX6421\",\n          \"PX8421\",\n          \"PX3421\"\n        ]\n      ],\n      [\n        \"NOx\",\n        [\n          \"NO6\",\n          \"NO9\",\n          \"NO7\",\n          \"NO0\",\n          \"NO8\",\n          \"NO1\",\n          \"NO4\",\n          \"NO3\",\n          \"NO5\",\n          \"NO2\"\n        ]\n      ]\n    ]\n  },\n  {\n    \"title\": \"patternExampleListArray sample 3\",\n    \"value\": [\n      [\n        \"IX61B\",\n        [\n          \"IX61B\"\n        ]\n      ],\n      [\n        \"ARV5864\",\n        [\n          \"ARV5864\"\n        ]\n      ],\n      [\n        \"DFxN\",\n        [\n          \"DF3N\",\n          \"DF1N\",\n          \"DF5N\",\n          \"DF8N\"\n        ]\n      ],\n      [\n        \"CYH5U\",\n        [\n          \"CYH5U\"\n        ]\n      ],\n      [\n        \"BQL88\",\n        [\n          \"BQL88\"\n        ]\n      ],\n      [\n        \"EGU28*\",\n        [\n          \"EGU28XWNA9DG\",\n          \"EGU28LLIM\",\n          \"EGU288Z8M2Y\",\n          \"EGU28E0\",\n          \"EGU2869IV5XW\",\n          \"EGU28V5\",\n          \"EGU28LLJQTQO3\",\n          \"EGU28CD06O\"\n        ]\n      ],\n      [\n        \"JA34\",\n        [\n          \"JA34\"\n        ]\n      ],\n      [\n        \"EK6390\",\n        [\n          \"EK6390\"\n        ]\n      ],\n      [\n        \"JC698\",\n        [\n          \"JC698\"\n        ]\n      ],\n      [\n        \"PO*94Q\",\n        [\n          \"PO94Q\",\n          \"PO02FV94Q\",\n          \"POTX10A5B94Q\",\n          \"POIK9Y94Q\",\n          \"POU94Q\",\n          \"POHLAI8894Q\",\n          \"POCB6OEBG94Q\"\n        ]\n      ],\n      [\n        \"SXH*x*6L\",\n        [\n          \"SXHUJ9GITP93A9XKCT6L\",\n          \"SXHCYWQNP66L\"\n        ]\n      ],\n      [\n        \"YVC09\",\n        [\n          \"YVC09\"\n        ]\n      ]\n    ]\n  },\n  {\n    \"title\": \"patternExampleListArray sample 4\",\n    \"value\": [\n      [\n        \"UF18Z\",\n        [\n          \"UF18Z\"\n        ]\n      ],\n      [\n        \"GHB9V\",\n        [\n          \"GHB9V\"\n        ]\n      ],\n      [\n        \"FNK2x76E\",\n        [\n          \"FNK2076E\",\n          \"FNK2776E\",\n          \"FNK2876E\"\n        ]\n      ],\n      [\n        \"KO616\",\n        [\n          \"KO616\"\n        ]\n      ],\n      [\n        \"SK913\",\n        [\n          \"SK913\"\n        ]\n      ],\n      [\n        \"IO0965Z\",\n        [\n          \"IO0965Z\"\n        ]\n      ],\n      [\n        \"PN80H\",\n        [\n          \"PN80H\"\n        ]\n      ],\n      [\n        \"MT1262G\",\n        [\n          \"MT1262G\"\n        ]\n      ],\n      [\n        \"JE202\",\n        [\n          \"JE202\"\n        ]\n      ],\n      [\n        \"AC*K\",\n        [\n          \"ACXHK\",\n          \"ACCOY6BHHTK\",\n          \"ACNFP7K\",\n          \"AC6BOK\",\n          \"ACWA6K\",\n          \"AC6TFGK\",\n          \"ACQ27WK\",\n          \"ACC3SGZ8K\"\n        ]\n      ]\n    ]\n  },\n  {\n    \"title\": \"patternExampleListArray sample 5\",\n    \"value\": [\n      [\n        \"LDY62\",\n        [\n          \"LDY62\"\n        ]\n      ],\n      [\n        \"BMR33x5\",\n        [\n          \"BMR3395\",\n          \"BMR3335\",\n          \"BMR3355\",\n          \"BMR3305\",\n          \"BMR3375\",\n          \"BMR3365\",\n          \"BMR3325\",\n          \"BMR3385\",\n          \"BMR3315\",\n          \"BMR3345\"\n        ]\n      ],\n      [\n        \"XZxY\",\n        [\n          \"XZ2Y\",\n          \"XZ1Y\",\n          \"XZ5Y\",\n          \"XZ7Y\",\n          \"XZ4Y\",\n          \"XZ6Y\"\n        ]\n      ],\n      [\n        \"HXR0x\",\n        [\n          \"HXR00\",\n          \"HXR01\",\n          \"HXR02\",\n          \"HXR03\",\n          \"HXR05\",\n          \"HXR09\",\n          \"HXR08\",\n          \"HXR06\",\n          \"HXR07\",\n          \"HXR04\"\n        ]\n      ],\n      [\n        \"WDZ76\",\n        [\n          \"WDZ76\"\n        ]\n      ],\n      [\n        \"PD90B\",\n        [\n          \"PD90B\"\n        ]\n      ],\n      [\n        \"THZ63\",\n        [\n          \"THZ63\"\n        ]\n      ],\n      [\n        \"YFW9222\",\n        [\n          \"YFW9222\"\n        ]\n      ],\n      [\n        \"NX04S\",\n        [\n          \"NX04S\"\n        ]\n      ],\n      [\n        \"RCD49\",\n        [\n          \"RCD49\"\n        ]\n      ],\n      [\n        \"JSP9*N\",\n        [\n          \"JSP9E9N\"\n        ]\n      ],\n      [\n        \"FJ49*7\",\n        [\n          \"FJ49UW69S7\",\n          \"FJ49Z7\",\n          \"FJ49W6YT557\",\n          \"FJ497\",\n          \"FJ49OR7\",\n          \"FJ497BE7\",\n          \"FJ495W07\",\n          \"FJ49JHZE77\",\n          \"FJ49XWWFS7\",\n          \"FJ4958YNH67\",\n          \"FJ4977\",\n          \"FJ49E65WOVX7\"\n        ]\n      ]\n    ]\n  },\n  {\n    \"title\": \"patternExampleListArray sample 6\",\n    \"value\": [\n      [\n        \"UV0Y\",\n        [\n          \"UV0Y\"\n        ]\n      ]\n    ]\n  },\n  {\n    \"title\": \"patternExampleListArray sample 7\",\n    \"value\": [\n      [\n        \"GFK28Y\",\n        [\n          \"GFK28Y\"\n        ]\n      ],\n      [\n        \"OV9x4W\",\n        [\n          \"OV964W\",\n          \"OV974W\",\n          \"OV994W\",\n          \"OV934W\",\n          \"OV954W\"\n        ]\n      ],\n      [\n        \"XFIxD\",\n        [\n          \"XFI5D\",\n          \"XFI1D\",\n          \"XFI7D\",\n          \"XFI9D\",\n          \"XFI0D\",\n          \"XFI4D\",\n          \"XFI3D\",\n          \"XFI6D\",\n          \"XFI8D\",\n          \"XFI2D\"\n        ]\n      ],\n      [\n        \"TJM4491I\",\n        [\n          \"TJM4491I\"\n        ]\n      ],\n      [\n        \"NT0*3\",\n        [\n          \"NT04U9NBL3\",\n          \"NT0L3\"\n        ]\n      ],\n      [\n        \"QYX1V\",\n        [\n          \"QYX1V\"\n        ]\n      ],\n      [\n        \"VAM22I\",\n        [\n          \"VAM22I\"\n        ]\n      ],\n      [\n        \"YV9\",\n        [\n          \"YV9\"\n        ]\n      ],\n      [\n        \"HCL5P\",\n        [\n          \"HCL5P\"\n        ]\n      ],\n      [\n        \"QV634\",\n        [\n          \"QV634\"\n        ]\n      ],\n      [\n        \"TTE2020\",\n        [\n          \"TTE2020\"\n        ]\n      ],\n      [\n        \"WD0931\",\n        [\n          \"WD0931\"\n        ]\n      ]\n    ]\n  },\n  {\n    \"title\": \"patternExampleListArray sample 8\",\n    \"value\": [\n      [\n        \"SF67\",\n        [\n          \"SF67\"\n        ]\n      ],\n      [\n        \"CNMx2\",\n        [\n          \"CNM82\",\n          \"CNM02\",\n          \"CNM62\",\n          \"CNM22\",\n          \"CNM92\",\n          \"CNM12\",\n          \"CNM52\",\n          \"CNM32\",\n          \"CNM42\",\n          \"CNM72\"\n        ]\n      ],\n      [\n        \"UJ1\",\n        [\n          \"UJ1\"\n        ]\n      ],\n      [\n        \"ID72**\",\n        [\n          \"ID72IILZ6T2X8WAHISNW\",\n          \"ID72J83S3R\",\n          \"ID7238H45C\",\n          \"ID72LJPO9F\",\n          \"ID728OV\",\n          \"ID72IFJON4M76LL3MY1\",\n          \"ID72NP4TU3O\",\n          \"ID72Y0KBFGCFO8P9U\",\n          \"ID72WYPSMOZK\",\n          \"ID72UE8CKID4OEFI\",\n          \"ID72MF3GIHGTW6I\",\n          \"ID72JW1TCA20D\"\n        ]\n      ],\n      [\n        \"NH5X\",\n        [\n          \"NH5X\"\n        ]\n      ],\n      [\n        \"SJ050xR\",\n        [\n          \"SJ0500R\",\n          \"SJ0509R\",\n          \"SJ0506R\",\n          \"SJ0504R\",\n          \"SJ0508R\",\n          \"SJ0507R\",\n          \"SJ0501R\",\n          \"SJ0502R\"\n        ]\n      ],\n      [\n        \"PW66\",\n        [\n          \"PW66\"\n        ]\n      ],\n      [\n        \"CTM0x\",\n        [\n          \"CTM02\",\n          \"CTM08\",\n          \"CTM06\",\n          \"CTM05\",\n          \"CTM07\",\n          \"CTM03\",\n          \"CTM00\",\n          \"CTM04\",\n          \"CTM09\",\n          \"CTM01\"\n        ]\n      ],\n      [\n        \"SW11U\",\n        [\n          \"SW11U\"\n        ]\n      ],\n      [\n        \"EVT7\",\n        [\n          \"EVT7\"\n        ]\n      ],\n      [\n        \"AY832\",\n        [\n          \"AY832\"\n        ]\n      ],\n      [\n        \"RX46\",\n        [\n          \"RX46\"\n        ]\n      ]\n    ]\n  },\n  {\n    \"title\": \"patternExampleListArray sample 9\",\n    \"value\": [\n      [\n        \"IM15\",\n        [\n          \"IM15\"\n        ]\n      ],\n      [\n        \"TXE554x\",\n        [\n          \"TXE5540\",\n          \"TXE5542\",\n          \"TXE5545\",\n          \"TXE5544\",\n          \"TXE5549\",\n          \"TXE5547\"\n        ]\n      ],\n      [\n        \"GFF723\",\n        [\n          \"GFF723\"\n        ]\n      ],\n      [\n        \"NVT3\",\n        [\n          \"NVT3\"\n        ]\n      ],\n      [\n        \"PQ*873\",\n        [\n          \"PQQ7J7T33K873\",\n          \"PQ89GB873\",\n          \"PQ5J873\",\n          \"PQKMOLBY873\",\n          \"PQD873\",\n          \"PQ9OW873\",\n          \"PQWSZ873\",\n          \"PQY873\",\n          \"PQUEGIHS873\",\n          \"PQ8FJVEB3873\",\n          \"PQ873\"\n        ]\n      ],\n      [\n        \"RUZ19xS\",\n        [\n          \"RUZ192S\",\n          \"RUZ197S\",\n          \"RUZ196S\",\n          \"RUZ198S\",\n          \"RUZ193S\",\n          \"RUZ191S\"\n        ]\n      ],\n      [\n        \"IF70A\",\n        [\n          \"IF70A\"\n        ]\n      ],\n      [\n        \"HQx9\",\n        [\n          \"HQ39\",\n          \"HQ29\",\n          \"HQ49\",\n          \"HQ99\",\n          \"HQ19\"\n        ]\n      ],\n      [\n        \"SDZ1Z\",\n        [\n          \"SDZ1Z\"\n        ]\n      ],\n      [\n        \"RG2*\",\n        [\n          \"RG2O\",\n          \"RG2ARNKITW\"\n        ]\n      ],\n      [\n        \"WHK*\",\n        [\n          \"WHKKSUY4DIB\"\n        ]\n      ],\n      [\n        \"FU89I\",\n        [\n          \"FU89I\"\n        ]\n      ]\n    ]\n  }\n]",
              "code": "const patternExampleListArray = (0, fast_check_1.array)(index_test_1.patternExampleList, { minLength: 1 });\n(0, fast_check_1.sample)(patternExampleListArray, 10).forEach((sample, i) => (0, addContext_1.default)(this, {\n    title: `patternExampleListArray sample ${i}`,\n    value: sample,\n}));\nreturn (0, fast_check_1.assert)((0, fast_check_1.property)(patternExampleListArray, (ts) => {\n    const re = (0, _1.patternToRE)(...ts.map(([patternStr]) => patternStr));\n    return ts\n        .map(([, examples]) => examples)\n        .flat()\n        .every(re.test.bind(re));\n}));",
              "err": {},
              "uuid": "99208358-acde-4d53-8d53-13f096746851",
              "parentUUID": "338cfd21-659f-43d5-9aaa-57533c5d167f",
              "isHook": false,
              "skipped": false
            },
            {
              "title": "should not match x to non-number",
              "fullTitle": "patternToRE should not match x to non-number",
              "timedOut": false,
              "duration": 0,
              "state": "passed",
              "speed": "fast",
              "pass": true,
              "fail": false,
              "pending": false,
              "context": null,
              "code": "const re = (0, _1.patternToRE)(\"x\");\n[\"A\", \"Z\", \"c\", \"#\"].forEach((example) => isInvalidExample(re, example));",
              "err": {},
              "uuid": "4996623c-d3e2-4e1b-b595-496c55676484",
              "parentUUID": "338cfd21-659f-43d5-9aaa-57533c5d167f",
              "isHook": false,
              "skipped": false
            },
            {
              "title": "should not match * to a substring composed of characters other than A-Z and 0-9",
              "fullTitle": "patternToRE should not match * to a substring composed of characters other than A-Z and 0-9",
              "timedOut": false,
              "duration": 0,
              "state": "passed",
              "speed": "fast",
              "pass": true,
              "fail": false,
              "pending": false,
              "context": null,
              "code": "const re = (0, _1.patternToRE)(\"*\");\n[\"c\", \"Ac\", \"cA\", \"0Ax\", \"x0A\", \"BA#\", \"#AB\"].forEach((example) => isInvalidExample(re, example));",
              "err": {},
              "uuid": "12694409-5566-4406-87ca-276ef8db5baf",
              "parentUUID": "338cfd21-659f-43d5-9aaa-57533c5d167f",
              "isHook": false,
              "skipped": false
            },
            {
              "title": "should not match substrings",
              "fullTitle": "patternToRE should not match substrings",
              "timedOut": false,
              "duration": 1,
              "state": "passed",
              "speed": "fast",
              "pass": true,
              "fail": false,
              "pending": false,
              "context": null,
              "code": "const re = (0, _1.patternToRE)(\"A*xC\");\n[\"A1CZ\", \"AC1CZ\", \"ZA1C\", \"ZAC1C\", \"ZA1CZ\", \"ZAC1CZ\"].forEach((example) => isInvalidExample(re, example));",
              "err": {},
              "uuid": "64c9946e-e65f-45fc-86a3-5b016c5dfb65",
              "parentUUID": "338cfd21-659f-43d5-9aaa-57533c5d167f",
              "isHook": false,
              "skipped": false
            }
          ],
          "suites": [],
          "passes": [
            "f1765303-53a8-4afd-ac42-0962cf0e1110",
            "99208358-acde-4d53-8d53-13f096746851",
            "4996623c-d3e2-4e1b-b595-496c55676484",
            "12694409-5566-4406-87ca-276ef8db5baf",
            "64c9946e-e65f-45fc-86a3-5b016c5dfb65"
          ],
          "failures": [],
          "pending": [],
          "skipped": [],
          "duration": 94,
          "root": false,
          "rootEmpty": false,
          "_timeout": 2000
        },
        {
          "uuid": "a7f8175b-1255-4f04-a7a0-82addc19d872",
          "title": "patternSatisfier",
          "fullFile": "/home/runner/work/planwithus-lib/planwithus-lib/src/matchRule/pattern/satisfiers.test.ts",
          "file": "/src/matchRule/pattern/satisfiers.test.ts",
          "beforeHooks": [],
          "afterHooks": [],
          "tests": [
            {
              "title": "should assign all modules with *",
              "fullTitle": "patternSatisfier should assign all modules with *",
              "timedOut": false,
              "duration": 1,
              "state": "passed",
              "speed": "fast",
              "pass": true,
              "fail": false,
              "pending": false,
              "context": null,
              "code": "const { assign } = (0, satisfiers_1.patternSatisfier)(ref, \"*\");\nisCorrectAssign(assign, modulesList1, modulesList1.map(([moduleStr]) => moduleStr));",
              "err": {},
              "uuid": "c7bfe284-083b-42ce-91af-15df155d797c",
              "parentUUID": "a7f8175b-1255-4f04-a7a0-82addc19d872",
              "isHook": false,
              "skipped": false
            },
            {
              "title": "should assign only valid modules with pattern containing *",
              "fullTitle": "patternSatisfier should assign only valid modules with pattern containing *",
              "timedOut": false,
              "duration": 0,
              "state": "passed",
              "speed": "fast",
              "pass": true,
              "fail": false,
              "pending": false,
              "context": null,
              "code": "const { assign } = (0, satisfiers_1.patternSatisfier)(ref, \"CS2*\");\nisCorrectAssign(assign, modulesList1, [\"CS2100\", \"CS2040S\", \"CS2030\"]);",
              "err": {},
              "uuid": "39efbc0c-ba13-4c71-b37c-d4529b9062f2",
              "parentUUID": "a7f8175b-1255-4f04-a7a0-82addc19d872",
              "isHook": false,
              "skipped": false
            },
            {
              "title": "should assign only valid modules with pattern containing x",
              "fullTitle": "patternSatisfier should assign only valid modules with pattern containing x",
              "timedOut": false,
              "duration": 0,
              "state": "passed",
              "speed": "fast",
              "pass": true,
              "fail": false,
              "pending": false,
              "context": null,
              "code": "const { assign } = (0, satisfiers_1.patternSatisfier)(ref, \"CS20xx\");\nisCorrectAssign(assign, modulesList1, [\"CS2030\"]);",
              "err": {},
              "uuid": "e5157c7b-5f6c-4a3b-ae83-a946c5c98463",
              "parentUUID": "a7f8175b-1255-4f04-a7a0-82addc19d872",
              "isHook": false,
              "skipped": false
            },
            {
              "title": "should assign only valid modules with pattern containing x and *",
              "fullTitle": "patternSatisfier should assign only valid modules with pattern containing x and *",
              "timedOut": false,
              "duration": 0,
              "state": "passed",
              "speed": "fast",
              "pass": true,
              "fail": false,
              "pending": false,
              "context": null,
              "code": "const { assign } = (0, satisfiers_1.patternSatisfier)(ref, \"CS20xx*\");\nisCorrectAssign(assign, modulesList1, [\"CS2040S\", \"CS2030\"]);",
              "err": {},
              "uuid": "9876a88c-d75b-471b-a0af-aa3d13189716",
              "parentUUID": "a7f8175b-1255-4f04-a7a0-82addc19d872",
              "isHook": false,
              "skipped": false
            }
          ],
          "suites": [],
          "passes": [
            "c7bfe284-083b-42ce-91af-15df155d797c",
            "39efbc0c-ba13-4c71-b37c-d4529b9062f2",
            "e5157c7b-5f6c-4a3b-ae83-a946c5c98463",
            "9876a88c-d75b-471b-a0af-aa3d13189716"
          ],
          "failures": [],
          "pending": [],
          "skipped": [],
          "duration": 1,
          "root": false,
          "rootEmpty": false,
          "_timeout": 2000
        },
        {
          "uuid": "b724e966-80e4-41a0-8dbf-3a023348f7d7",
          "title": "patternSchema",
          "fullFile": "/home/runner/work/planwithus-lib/planwithus-lib/src/matchRule/pattern/schemas.test.ts",
          "file": "/src/matchRule/pattern/schemas.test.ts",
          "beforeHooks": [],
          "afterHooks": [],
          "tests": [
            {
              "title": "should validate non-empty pattern composed of A-Z, 0-9, x or *",
              "fullTitle": "patternSchema should validate non-empty pattern composed of A-Z, 0-9, x or *",
              "timedOut": false,
              "duration": 1,
              "state": "passed",
              "speed": "fast",
              "pass": true,
              "fail": false,
              "pending": false,
              "context": "[\n  {\n    \"title\": \"pattern sample 0\",\n    \"value\": \"HC0A\"\n  },\n  {\n    \"title\": \"pattern sample 1\",\n    \"value\": \"GXIx8*9\"\n  },\n  {\n    \"title\": \"pattern sample 2\",\n    \"value\": \"DJ1\"\n  },\n  {\n    \"title\": \"pattern sample 3\",\n    \"value\": \"FW*\"\n  },\n  {\n    \"title\": \"pattern sample 4\",\n    \"value\": \"TRR3907\"\n  },\n  {\n    \"title\": \"pattern sample 5\",\n    \"value\": \"XRZ83N\"\n  },\n  {\n    \"title\": \"pattern sample 6\",\n    \"value\": \"AY723\"\n  },\n  {\n    \"title\": \"pattern sample 7\",\n    \"value\": \"JS536\"\n  },\n  {\n    \"title\": \"pattern sample 8\",\n    \"value\": \"OV2*86V\"\n  },\n  {\n    \"title\": \"pattern sample 9\",\n    \"value\": \"XX35x6\"\n  }\n]",
              "code": "(0, fast_check_1.sample)(index_test_2.pattern, 10).forEach((sample, i) => (0, addContext_1.default)(this, {\n    title: `pattern sample ${i}`,\n    value: sample,\n}));\nreturn (0, fast_check_1.assert)((0, fast_check_1.property)(index_test_2.pattern, ajvValidate), {\n    examples: [[\"*\"], [\"ACC1002\"], [\"IS1103\"], [\"CS1231S\"], [\"MA1102R\"]],\n});",
              "err": {},
              "uuid": "83337689-c99c-4c16-814e-31a3e0bf70bb",
              "parentUUID": "b724e966-80e4-41a0-8dbf-3a023348f7d7",
              "isHook": false,
              "skipped": false
            },
            {
              "title": "should not validate empty pattern",
              "fullTitle": "patternSchema should not validate empty pattern",
              "timedOut": false,
              "duration": 1,
              "state": "passed",
              "speed": "fast",
              "pass": true,
              "fail": false,
              "pending": false,
              "context": null,
              "code": "isInvalidPattern(\"\")",
              "err": {},
              "uuid": "21d9b5ec-bbe9-42c0-b02a-ad876114803d",
              "parentUUID": "b724e966-80e4-41a0-8dbf-3a023348f7d7",
              "isHook": false,
              "skipped": false
            },
            {
              "title": "should not validate pattern with invalid characters",
              "fullTitle": "patternSchema should not validate pattern with invalid characters",
              "timedOut": false,
              "duration": 1,
              "state": "passed",
              "speed": "fast",
              "pass": true,
              "fail": false,
              "pending": false,
              "context": null,
              "code": "[\"AB123a\", \"Ac123a\", \"AB123^S\", \"AB1*3^S\", \"$A1*3^S\", \"/A1x33S\"].forEach(isInvalidPattern)",
              "err": {},
              "uuid": "a507380b-7b01-4780-8d3a-4f77b732ce30",
              "parentUUID": "b724e966-80e4-41a0-8dbf-3a023348f7d7",
              "isHook": false,
              "skipped": false
            }
          ],
          "suites": [],
          "passes": [
            "83337689-c99c-4c16-814e-31a3e0bf70bb",
            "21d9b5ec-bbe9-42c0-b02a-ad876114803d",
            "a507380b-7b01-4780-8d3a-4f77b732ce30"
          ],
          "failures": [],
          "pending": [],
          "skipped": [],
          "duration": 3,
          "root": false,
          "rootEmpty": false,
          "_timeout": 2000
        },
        {
          "uuid": "7b59f660-075c-492f-b279-3b99d64513a2",
          "title": "patternMatchRuleSatisfier",
          "fullFile": "/home/runner/work/planwithus-lib/planwithus-lib/src/matchRule/satisfiers.test.ts",
          "file": "/src/matchRule/satisfiers.test.ts",
          "beforeHooks": [],
          "afterHooks": [],
          "tests": [
            {
              "title": "should assign only valid modules with pattern match rule containing no exclude patterns",
              "fullTitle": "patternMatchRuleSatisfier should assign only valid modules with pattern match rule containing no exclude patterns",
              "timedOut": false,
              "duration": 1,
              "state": "passed",
              "speed": "fast",
              "pass": true,
              "fail": false,
              "pending": false,
              "context": null,
              "code": "const { assign } = (0, satisfiers_1.patternMatchRuleSatisfier)(ref, { pattern: \"CS1xxx*\" });\nisCorrectAssign(assign, modulesList1, [\"CS1231\", \"CS1231S\"]);",
              "err": {},
              "uuid": "2bb810bc-6787-4647-b93d-b06cd49f94f9",
              "parentUUID": "7b59f660-075c-492f-b279-3b99d64513a2",
              "isHook": false,
              "skipped": false
            },
            {
              "title": "should assign only valid modules with pattern match rule containing an exclude pattern",
              "fullTitle": "patternMatchRuleSatisfier should assign only valid modules with pattern match rule containing an exclude pattern",
              "timedOut": false,
              "duration": 0,
              "state": "passed",
              "speed": "fast",
              "pass": true,
              "fail": false,
              "pending": false,
              "context": null,
              "code": "const { assign } = (0, satisfiers_1.patternMatchRuleSatisfier)(ref, {\n    pattern: \"MA1xxx*\",\n    exclude: \"MA15xx\",\n});\nisCorrectAssign(assign, modulesList1, [\n    \"MA1100\",\n    \"MA1101R\",\n    \"MA1102R\",\n    \"MA1511A\",\n]);",
              "err": {},
              "uuid": "bb95f752-7fbd-4761-a77c-299bc03e71b1",
              "parentUUID": "7b59f660-075c-492f-b279-3b99d64513a2",
              "isHook": false,
              "skipped": false
            },
            {
              "title": "should assign only valid modules with pattern match rule containing multiple exclude patterns",
              "fullTitle": "patternMatchRuleSatisfier should assign only valid modules with pattern match rule containing multiple exclude patterns",
              "timedOut": false,
              "duration": 1,
              "state": "passed",
              "speed": "fast",
              "pass": true,
              "fail": false,
              "pending": false,
              "context": null,
              "code": "const { assign } = (0, satisfiers_1.patternMatchRuleSatisfier)(ref, {\n    pattern: \"MA*\",\n    exclude: [\"MA151x*\", \"MA2xxx\"],\n});\nisCorrectAssign(assign, modulesList1, [\n    \"MA1100\",\n    \"MA1101R\",\n    \"MA1102R\",\n    \"MA1507\",\n    \"MA1521\",\n    \"MA2101S\",\n]);",
              "err": {},
              "uuid": "5b17e202-d7d3-481d-a06e-2dbdd9445c52",
              "parentUUID": "7b59f660-075c-492f-b279-3b99d64513a2",
              "isHook": false,
              "skipped": false
            }
          ],
          "suites": [],
          "passes": [
            "2bb810bc-6787-4647-b93d-b06cd49f94f9",
            "bb95f752-7fbd-4761-a77c-299bc03e71b1",
            "5b17e202-d7d3-481d-a06e-2dbdd9445c52"
          ],
          "failures": [],
          "pending": [],
          "skipped": [],
          "duration": 2,
          "root": false,
          "rootEmpty": false,
          "_timeout": 2000
        },
        {
          "uuid": "46de5a97-214b-45b5-9bf8-85d1be8fa22e",
          "title": "matchRuleSchema",
          "fullFile": "/home/runner/work/planwithus-lib/planwithus-lib/src/matchRule/schemas.test.ts",
          "file": "/src/matchRule/schemas.test.ts",
          "beforeHooks": [],
          "afterHooks": [],
          "tests": [
            {
              "title": "should validate match rule with valid pattern",
              "fullTitle": "matchRuleSchema should validate match rule with valid pattern",
              "timedOut": false,
              "duration": 1,
              "state": "passed",
              "speed": "fast",
              "pass": true,
              "fail": false,
              "pending": false,
              "context": "[\n  {\n    \"title\": \"pattern sample 0\",\n    \"value\": \"OMU4\"\n  },\n  {\n    \"title\": \"pattern sample 1\",\n    \"value\": \"LS4xM\"\n  },\n  {\n    \"title\": \"pattern sample 2\",\n    \"value\": \"TA1440\"\n  },\n  {\n    \"title\": \"pattern sample 3\",\n    \"value\": \"PG*8R\"\n  },\n  {\n    \"title\": \"pattern sample 4\",\n    \"value\": \"QE290x\"\n  },\n  {\n    \"title\": \"pattern sample 5\",\n    \"value\": \"QD27\"\n  },\n  {\n    \"title\": \"pattern sample 6\",\n    \"value\": \"NMI9Z\"\n  },\n  {\n    \"title\": \"pattern sample 7\",\n    \"value\": \"VP2301\"\n  },\n  {\n    \"title\": \"pattern sample 8\",\n    \"value\": \"VB6*97F\"\n  },\n  {\n    \"title\": \"pattern sample 9\",\n    \"value\": \"RV5\"\n  }\n]",
              "code": "(0, fast_check_1.sample)(index_test_3.pattern, 10).forEach((sample, i) => (0, addContext_1.default)(this, {\n    title: `pattern sample ${i}`,\n    value: sample,\n}));\nreturn (0, fast_check_1.assert)((0, fast_check_1.property)(index_test_3.pattern, ajvValidate));",
              "err": {},
              "uuid": "aea843f2-5e6f-412c-9e31-1f13cdc846d5",
              "parentUUID": "46de5a97-214b-45b5-9bf8-85d1be8fa22e",
              "isHook": false,
              "skipped": false
            },
            {
              "title": "should validate match rules with valid pattern, exclude and info",
              "fullTitle": "matchRuleSchema should validate match rules with valid pattern, exclude and info",
              "timedOut": false,
              "duration": 3,
              "state": "passed",
              "speed": "fast",
              "pass": true,
              "fail": false,
              "pending": false,
              "context": "[\n  {\n    \"title\": \"patternMatchRule sample 0\",\n    \"value\": {\n      \"pattern\": \"FEE67R\",\n      \"exclude\": [\n        \"RP998\"\n      ],\n      \"info\": \" 6cNq71\"\n    }\n  },\n  {\n    \"title\": \"patternMatchRule sample 1\",\n    \"value\": {\n      \"pattern\": \"CA70\",\n      \"exclude\": \"HJ*\"\n    }\n  },\n  {\n    \"title\": \"patternMatchRule sample 2\",\n    \"value\": {\n      \"pattern\": \"TKG870xB\",\n      \"exclude\": [],\n      \"info\": \"R{CLb[a}\"\n    }\n  },\n  {\n    \"title\": \"patternMatchRule sample 3\",\n    \"value\": {\n      \"pattern\": \"STT92\",\n      \"exclude\": [\n        \"TY94\",\n        \"PY2H\",\n        \"VHXx729U\"\n      ],\n      \"info\": \"8p{J\"\n    }\n  },\n  {\n    \"title\": \"patternMatchRule sample 4\",\n    \"value\": {\n      \"pattern\": \"DGX5\",\n      \"exclude\": [\n        \"XYF62C\"\n      ],\n      \"info\": \"R@By(Zk/h\"\n    }\n  },\n  {\n    \"title\": \"patternMatchRule sample 5\",\n    \"value\": {\n      \"pattern\": \"DTFx79*\",\n      \"exclude\": \"FOL*675\",\n      \"info\": \"'|f3LEz|E\"\n    }\n  },\n  {\n    \"title\": \"patternMatchRule sample 6\",\n    \"value\": {\n      \"pattern\": \"UHVxx**\",\n      \"info\": \"eo}K{%Jd\"\n    }\n  },\n  {\n    \"title\": \"patternMatchRule sample 7\",\n    \"value\": {\n      \"pattern\": \"CBJ6372\",\n      \"exclude\": \"QQ8\",\n      \"info\": \"\"\n    }\n  },\n  {\n    \"title\": \"patternMatchRule sample 8\",\n    \"value\": {\n      \"pattern\": \"UGGx\",\n      \"exclude\": \"ETD4xO\"\n    }\n  },\n  {\n    \"title\": \"patternMatchRule sample 9\",\n    \"value\": {\n      \"pattern\": \"SBD7\",\n      \"exclude\": [],\n      \"info\": \"jeu4{M\"\n    }\n  }\n]",
              "code": "(0, fast_check_1.sample)(index_test_2.patternMatchRule, 10).forEach((sample, i) => (0, addContext_1.default)(this, {\n    title: `patternMatchRule sample ${i}`,\n    value: sample,\n}));\nreturn (0, fast_check_1.assert)((0, fast_check_1.property)(index_test_2.patternMatchRule, ajvValidate));",
              "err": {},
              "uuid": "c0ca2d43-60de-4395-a157-30e10f8596e8",
              "parentUUID": "46de5a97-214b-45b5-9bf8-85d1be8fa22e",
              "isHook": false,
              "skipped": false
            },
            {
              "title": "should validate valid recursive match rules",
              "fullTitle": "matchRuleSchema should validate valid recursive match rules",
              "timedOut": false,
              "duration": 6,
              "state": "passed",
              "speed": "fast",
              "pass": true,
              "fail": false,
              "pending": false,
              "context": "[\n  {\n    \"title\": \"matchRule sample 0\",\n    \"value\": \"DE3\"\n  },\n  {\n    \"title\": \"matchRule sample 1\",\n    \"value\": \"TUU8\"\n  },\n  {\n    \"title\": \"matchRule sample 2\",\n    \"value\": {\n      \"pattern\": \"OD2464\",\n      \"exclude\": \"IWR8Q\",\n      \"info\": \"}F~\"\n    }\n  },\n  {\n    \"title\": \"matchRule sample 3\",\n    \"value\": {\n      \"pattern\": \"MN1P\"\n    }\n  },\n  {\n    \"title\": \"matchRule sample 4\",\n    \"value\": \"VQO2H\"\n  },\n  {\n    \"title\": \"matchRule sample 5\",\n    \"value\": \"TY8680\"\n  },\n  {\n    \"title\": \"matchRule sample 6\",\n    \"value\": {\n      \"and\": []\n    }\n  },\n  {\n    \"title\": \"matchRule sample 7\",\n    \"value\": {\n      \"or\": [\n        {\n          \"pattern\": \"SCS5*8*\",\n          \"exclude\": \"DSP6634\",\n          \"info\": \"#A%B'$[A\"\n        },\n        {\n          \"or\": [\n            \"PNDx987\",\n            {\n              \"and\": []\n            }\n          ]\n        },\n        {\n          \"or\": [\n            \"JK7x81Z\",\n            \"LH29\",\n            \"NQ8\"\n          ]\n        }\n      ]\n    }\n  },\n  {\n    \"title\": \"matchRule sample 8\",\n    \"value\": {\n      \"pattern\": \"FH**0\",\n      \"info\": \"l7K:lv\"\n    }\n  },\n  {\n    \"title\": \"matchRule sample 9\",\n    \"value\": \"VMC05\"\n  }\n]",
              "code": "(0, fast_check_1.sample)(index_test_2.matchRule, 10).forEach((sample, i) => (0, addContext_1.default)(this, {\n    title: `matchRule sample ${i}`,\n    value: sample,\n}));\nreturn (0, fast_check_1.assert)((0, fast_check_1.property)(index_test_2.matchRule, ajvValidate));",
              "err": {},
              "uuid": "800897e6-5bad-48b0-a6fc-1ebd8958a116",
              "parentUUID": "46de5a97-214b-45b5-9bf8-85d1be8fa22e",
              "isHook": false,
              "skipped": false
            },
            {
              "title": "should not validate non-string/object",
              "fullTitle": "matchRuleSchema should not validate non-string/object",
              "timedOut": false,
              "duration": 1,
              "state": "passed",
              "speed": "fast",
              "pass": true,
              "fail": false,
              "pending": false,
              "context": null,
              "code": "const error = {\n    instancePath: \"\",\n    message: \"match rule should be either a string or an object\",\n};\nisInvalidRule(null, error);\nisInvalidRule(undefined, error);\nisInvalidRule(10, error);\nisInvalidRule([12, 24], error);",
              "err": {},
              "uuid": "69e80ef2-8194-4894-aef9-f87102f5bb27",
              "parentUUID": "46de5a97-214b-45b5-9bf8-85d1be8fa22e",
              "isHook": false,
              "skipped": false
            },
            {
              "title": "should not validate match rules with extra properties",
              "fullTitle": "matchRuleSchema should not validate match rules with extra properties",
              "timedOut": false,
              "duration": 1,
              "state": "passed",
              "speed": "fast",
              "pass": true,
              "fail": false,
              "pending": false,
              "context": null,
              "code": "isInvalidRule({\n        and: [{ or: [{ pattern: \"CS2103T\", info2: \"foobar\" }], abc: \"def\" }],\n        mno: \"pqr\",\n    }, {\n        instancePath: \"/and/0/or/0\",\n        message: \"pattern match rule should have properties 'pattern', 'exclude' (optional) and 'info' (optional) only\",\n    }, {\n        instancePath: \"/and/0\",\n        message: \"or match rule should have property 'or' only\",\n    }, {\n        instancePath: \"\",\n        message: \"and match rule should have property 'and' only\",\n    })",
              "err": {},
              "uuid": "e7e10fa3-dc07-447f-8c03-6dacc4b265b3",
              "parentUUID": "46de5a97-214b-45b5-9bf8-85d1be8fa22e",
              "isHook": false,
              "skipped": false
            },
            {
              "title": "should not validate ambiguous match rules",
              "fullTitle": "matchRuleSchema should not validate ambiguous match rules",
              "timedOut": false,
              "duration": 0,
              "state": "passed",
              "speed": "fast",
              "pass": true,
              "fail": false,
              "pending": false,
              "context": null,
              "code": "const message = \"match rule should have only one of properties 'pattern', 'and', 'or'\";\nisInvalidRule({\n    or: [\n        { pattern: \"CS1231\", and: [] },\n        { pattern: \"CS1231\", or: [] },\n        { and: [{ and: [\"abc\"], or: [\"def\"] }] },\n    ],\n}, { instancePath: \"/or/0\", message }, { instancePath: \"/or/1\", message }, { instancePath: \"/or/2/and/0\", message });",
              "err": {},
              "uuid": "8c39dec2-b6b6-42f9-9d7e-55449fdb056d",
              "parentUUID": "46de5a97-214b-45b5-9bf8-85d1be8fa22e",
              "isHook": false,
              "skipped": false
            },
            {
              "title": "should not validate pattern match rule with invalid patterns",
[...]
              "timedOut": false,
              "duration": 1,
              "state": "passed",
              "speed": "fast",
              "pass": true,
              "fail": false,
              "pending": false,
              "context": null,
              "code": "const satisfier = (0, satisfiers_1.inequalitySatisfier)(ref, \"<=32\");\nsatisfier.should.have.property(\"filter\");\nconst { filter } = satisfier;\nisCorrectFilter(filter, modulesList1, modulesList1.map(([moduleStr]) => moduleStr));",
              "err": {},
              "uuid": "c35d66e5-ff5c-4f19-9bef-9be34089d3d8",
              "parentUUID": "e612028a-b9b4-4083-9d47-f65258aa44de",
              "isHook": false,
              "skipped": false
            },
            {
              "title": "should truncate list of modules with upper bound of MCs at exact cutoff if total MC count is higher and there exists some starting sequence with exact MC count",
              "fullTitle": "inequalitySatisfier should truncate list of modules with upper bound of MCs at exact cutoff if total MC count is higher and there exists some starting sequence with exact MC count",
              "timedOut": false,
              "duration": 0,
              "state": "passed",
              "speed": "fast",
              "pass": true,
              "fail": false,
              "pending": false,
              "context": null,
              "code": "const satisfier = (0, satisfiers_1.inequalitySatisfier)(ref, \"<=16\");\nsatisfier.should.have.property(\"filter\");\nconst { filter } = satisfier;\nisCorrectFilter(filter, modulesList1, [\n    \"CS2100\",\n    \"GER1000\",\n    \"CS2040S\",\n    \"ST2131\",\n]);",
              "err": {},
              "uuid": "74736b8b-4c44-4a92-9781-31100aefd0dc",
              "parentUUID": "e612028a-b9b4-4083-9d47-f65258aa44de",
              "isHook": false,
              "skipped": false
            },
            {
              "title": "should truncate list of modules with upper bound of MCs, cutting off at the minimum starting sequence that exceeds upper bound, if total MC count is higher and there exists no starting sequence with exact MC count",
              "fullTitle": "inequalitySatisfier should truncate list of modules with upper bound of MCs, cutting off at the minimum starting sequence that exceeds upper bound, if total MC count is higher and there exists no starting sequence with exact MC count",
              "timedOut": false,
              "duration": 0,
              "state": "passed",
              "speed": "fast",
              "pass": true,
              "fail": false,
              "pending": false,
              "context": null,
              "code": "const satisfier = (0, satisfiers_1.inequalitySatisfier)(ref, \"<=17\");\nsatisfier.should.have.property(\"filter\");\nconst { filter } = satisfier;\nisCorrectFilter(filter, modulesList1, [\n    \"CS2100\",\n    \"GER1000\",\n    \"CS2040S\",\n    \"ST2131\",\n    \"MA1521\",\n]);",
              "err": {},
              "uuid": "3960d765-c1ad-4f7b-a0d1-f7dbb47ab300",
              "parentUUID": "e612028a-b9b4-4083-9d47-f65258aa44de",
              "isHook": false,
              "skipped": false
            }
          ],
          "suites": [],
          "passes": [
            "14ba7d2e-19bc-43c8-88af-2eaacb377051",
            "55770deb-35fb-432e-a8e4-38426b38cf46",
            "56e444ae-2ac3-486e-9684-3a07fa45fe04",
            "d8fb860e-0cba-443a-bc67-520d835363bc",
            "c35d66e5-ff5c-4f19-9bef-9be34089d3d8",
            "74736b8b-4c44-4a92-9781-31100aefd0dc",
            "3960d765-c1ad-4f7b-a0d1-f7dbb47ab300"
          ],
          "failures": [],
          "pending": [],
          "skipped": [],
          "duration": 3,
          "root": false,
          "rootEmpty": false,
          "_timeout": 2000
        },
        {
          "uuid": "0a37110b-ebd0-454f-a991-9303ea48c671",
          "title": "inequalitySchema",
          "fullFile": "/home/runner/work/planwithus-lib/planwithus-lib/src/satisfyRule/inequality/schemas.test.ts",
          "file": "/src/satisfyRule/inequality/schemas.test.ts",
          "beforeHooks": [],
          "afterHooks": [],
          "tests": [
            {
              "title": "should validate inequality in the form <=n or >=n",
              "fullTitle": "inequalitySchema should validate inequality in the form <=n or >=n",
              "timedOut": false,
              "duration": 1,
              "state": "passed",
              "speed": "fast",
              "pass": true,
              "fail": false,
              "pending": false,
              "context": "[\n  {\n    \"title\": \"inequality sample 0\",\n    \"value\": \"<=199\"\n  },\n  {\n    \"title\": \"inequality sample 1\",\n    \"value\": \"<=161\"\n  },\n  {\n    \"title\": \"inequality sample 2\",\n    \"value\": \">=27\"\n  },\n  {\n    \"title\": \"inequality sample 3\",\n    \"value\": \"<=183\"\n  },\n  {\n    \"title\": \"inequality sample 4\",\n    \"value\": \"<=127\"\n  },\n  {\n    \"title\": \"inequality sample 5\",\n    \"value\": \">=54\"\n  },\n  {\n    \"title\": \"inequality sample 6\",\n    \"value\": \">=98\"\n  },\n  {\n    \"title\": \"inequality sample 7\",\n    \"value\": \">=63\"\n  },\n  {\n    \"title\": \"inequality sample 8\",\n    \"value\": \">=93\"\n  },\n  {\n    \"title\": \"inequality sample 9\",\n    \"value\": \"<=191\"\n  }\n]",
              "code": "(0, fast_check_1.sample)(index_test_2.inequality, 10).forEach((sample, i) => (0, addContext_1.default)(this, {\n    title: `inequality sample ${i}`,\n    value: sample,\n}));\nreturn (0, fast_check_1.assert)((0, fast_check_1.property)(index_test_2.inequality, ajvValidate));",
              "err": {},
              "uuid": "603a3c50-965b-41fa-8009-1daed158dea7",
              "parentUUID": "0a37110b-ebd0-454f-a991-9303ea48c671",
              "isHook": false,
              "skipped": false
            },
            {
              "title": "should not validate inequality of invalid form",
              "fullTitle": "inequalitySchema should not validate inequality of invalid form",
              "timedOut": false,
              "duration": 2,
              "state": "passed",
              "speed": "fast",
              "pass": true,
              "fail": false,
              "pending": false,
              "context": null,
              "code": "[\n        \"\",\n        \"==23\",\n        \"23\",\n        \"<23\",\n        \">23\",\n        \"<=-1\",\n        \">=-1\",\n        \"<= 2\",\n        \">= 1\",\n        \"> 3\",\n        \"< 3\",\n        \"<=3a\",\n        \">=3a\",\n        \"a<=3\",\n        \"a>=3\",\n    ].forEach(isInvalidInequality)",
              "err": {},
              "uuid": "d5efc3b3-1927-43da-99d3-6b296cf4d570",
              "parentUUID": "0a37110b-ebd0-454f-a991-9303ea48c671",
              "isHook": false,
              "skipped": false
            }
          ],
          "suites": [],
          "passes": [
            "603a3c50-965b-41fa-8009-1daed158dea7",
            "d5efc3b3-1927-43da-99d3-6b296cf4d570"
          ],
          "failures": [],
          "pending": [],
          "skipped": [],
          "duration": 3,
          "root": false,
          "rootEmpty": false,
          "_timeout": 2000
        },
        {
          "uuid": "17478a3a-5196-458e-994a-d2cc88eda371",
          "title": "satisfyRuleSchema",
          "fullFile": "/home/runner/work/planwithus-lib/planwithus-lib/src/satisfyRule/schemas.test.ts",
          "file": "/src/satisfyRule/schemas.test.ts",
          "beforeHooks": [],
          "afterHooks": [],
          "tests": [
            {
              "title": "should validate satisfy rule with valid block id",
              "fullTitle": "satisfyRuleSchema should validate satisfy rule with valid block id",
              "timedOut": false,
              "duration": 1,
              "state": "passed",
              "speed": "fast",
              "pass": true,
              "fail": false,
              "pending": false,
              "context": null,
              "code": "0, fast_check_1.assert)((0, fast_check_1.property)((0, fast_check_1.string)(), ajvValidate)",
              "err": {},
              "uuid": "b7a7bb61-d34b-4820-8ea5-2154b2465282",
              "parentUUID": "17478a3a-5196-458e-994a-d2cc88eda371",
              "isHook": false,
              "skipped": false
            },
            {
              "title": "should validate satisfy rules with valid mc",
              "fullTitle": "satisfyRuleSchema should validate satisfy rules with valid mc",
              "timedOut": false,
              "duration": 2,
              "state": "passed",
              "speed": "fast",
              "pass": true,
              "fail": false,
              "pending": false,
              "context": "[\n  {\n    \"title\": \"mcSatisfyRule sample 0\",\n    \"value\": {\n      \"mc\": \"<=6\"\n    }\n  },\n  {\n    \"title\": \"mcSatisfyRule sample 1\",\n    \"value\": {\n      \"mc\": \">=23\"\n    }\n  },\n  {\n    \"title\": \"mcSatisfyRule sample 2\",\n    \"value\": {\n      \"mc\": \"<=199\"\n    }\n  },\n  {\n    \"title\": \"mcSatisfyRule sample 3\",\n    \"value\": {\n      \"mc\": \"<=59\"\n    }\n  },\n  {\n    \"title\": \"mcSatisfyRule sample 4\",\n    \"value\": {\n      \"mc\": \">=26\"\n    }\n  },\n  {\n    \"title\": \"mcSatisfyRule sample 5\",\n    \"value\": {\n      \"mc\": \">=194\"\n    }\n  },\n  {\n    \"title\": \"mcSatisfyRule sample 6\",\n    \"value\": {\n      \"mc\": \">=125\"\n    }\n  },\n  {\n    \"title\": \"mcSatisfyRule sample 7\",\n    \"value\": {\n      \"mc\": \"<=3\"\n    }\n  },\n  {\n    \"title\": \"mcSatisfyRule sample 8\",\n    \"value\": {\n      \"mc\": \"<=55\"\n    }\n  },\n  {\n    \"title\": \"mcSatisfyRule sample 9\",\n    \"value\": {\n      \"mc\": \"<=4\"\n    }\n  }\n]",
              "code": "(0, fast_check_1.sample)(index_test_2.mcSatisfyRule, 10).forEach((sample, i) => (0, addContext_1.default)(this, {\n    title: `mcSatisfyRule sample ${i}`,\n    value: sample,\n}));\nreturn (0, fast_check_1.assert)((0, fast_check_1.property)(index_test_2.mcSatisfyRule, ajvValidate));",
              "err": {},
              "uuid": "d1955905-6154-4b45-8ca0-28eef5bc3477",
              "parentUUID": "17478a3a-5196-458e-994a-d2cc88eda371",
              "isHook": false,
              "skipped": false
            },
            {
              "title": "should validate valid recursive satisfy rules",
              "fullTitle": "satisfyRuleSchema should validate valid recursive satisfy rules",
              "timedOut": false,
              "duration": 4,
              "state": "passed",
              "speed": "fast",
              "pass": true,
              "fail": false,
              "pending": false,
              "context": "[\n  {\n    \"title\": \"satisfyRule sample 0\",\n    \"value\": \"*s2b~T%Mm\"\n  },\n  {\n    \"title\": \"satisfyRule sample 1\",\n    \"value\": {\n      \"or\": []\n    }\n  },\n  {\n    \"title\": \"satisfyRule sample 2\",\n    \"value\": {\n      \"mc\": \"<=74\"\n    }\n  },\n  {\n    \"title\": \"satisfyRule sample 3\",\n    \"value\": \"_W2'\"\n  },\n  {\n    \"title\": \"satisfyRule sample 4\",\n    \"value\": {\n      \"or\": [\n        \"XafnWL\",\n        {\n          \"or\": [\n            \"M{\",\n            {\n              \"or\": [\n                \"#vD\",\n                \"}^m1Yqp\",\n                \"4h\\\\\\\\B?VyC\"\n              ]\n            }\n          ]\n        },\n        \"\"\n      ]\n    }\n  },\n  {\n    \"title\": \"satisfyRule sample 5\",\n    \"value\": {\n      \"and\": [\n        {\n          \"mc\": \"<=103\"\n        },\n        {\n          \"and\": [\n            {\n              \"or\": [\n                \"Yub7dHPC)\"\n              ]\n            }\n          ]\n        }\n      ]\n    }\n  },\n  {\n    \"title\": \"satisfyRule sample 6\",\n    \"value\": {\n      \"and\": [\n        {\n          \"and\": []\n        },\n        {\n          \"or\": []\n        },\n        {\n          \"or\": [\n            {\n              \"or\": [\n                \"\\\\aqD-\"\n              ]\n            }\n          ]\n        },\n        {\n          \"or\": [\n            \"Zo\",\n            \"u\",\n            \"QIgd 17\"\n          ]\n        }\n      ]\n    }\n  },\n  {\n    \"title\": \"satisfyRule sample 7\",\n    \"value\": {\n      \"or\": [\n        {\n          \"and\": [\n            {\n              \"and\": [\n                {\n                  \"mc\": \">=141\"\n                },\n                {\n                  \"or\": []\n                }\n              ]\n            },\n            \"\\\"P8+0?T\",\n            \"kK[{]\"\n          ]\n        },\n        \"x\\\"b?&\",\n        \"z\"\n      ]\n    }\n  },\n  {\n    \"title\": \"satisfyRule sample 8\",\n    \"value\": {\n      \"mc\": \">=195\"\n    }\n  },\n  {\n    \"title\": \"satisfyRule sample 9\",\n    \"value\": \"{)PL%\"\n  }\n]",
              "code": "(0, fast_check_1.sample)(index_test_2.satisfyRule, 10).forEach((sample, i) => (0, addContext_1.default)(this, {\n    title: `satisfyRule sample ${i}`,\n    value: sample,\n}));\nreturn (0, fast_check_1.assert)((0, fast_check_1.property)(index_test_2.satisfyRule, ajvValidate));",
              "err": {},
              "uuid": "67499615-4806-4c41-93fc-19054008c46d",
              "parentUUID": "17478a3a-5196-458e-994a-d2cc88eda371",
              "isHook": false,
              "skipped": false
            },
            {
              "title": "should not validate non-string/object",
              "fullTitle": "satisfyRuleSchema should not validate non-string/object",
              "timedOut": false,
              "duration": 1,
              "state": "passed",
              "speed": "fast",
              "pass": true,
              "fail": false,
              "pending": false,
              "context": null,
              "code": "const error = {\n    instancePath: \"\",\n    message: \"satisfy rule should be either a string or an object\",\n};\nisInvalidRule(null, error);\nisInvalidRule(undefined, error);\nisInvalidRule(10, error);\nisInvalidRule([12, 24], error);",
              "err": {},
              "uuid": "e6e47b7c-cf16-4ed3-8a9e-8871d3398d9d",
              "parentUUID": "17478a3a-5196-458e-994a-d2cc88eda371",
              "isHook": false,
              "skipped": false
            },
            {
              "title": "should not validate satisfy rules with extra properties",
              "fullTitle": "satisfyRuleSchema should not validate satisfy rules with extra properties",
              "timedOut": false,
              "duration": 1,
              "state": "passed",
              "speed": "fast",
              "pass": true,
              "fail": false,
              "pending": false,
              "context": null,
              "code": "isInvalidRule({\n        and: [\n            { or: [\"2k\"], abc: \"def\" },\n            { mc: 8, ghi: \"jkl\" },\n        ],\n        mno: \"pqr\",\n    }, {\n        instancePath: \"/and/0\",\n        message: \"or satisfy rule should have property 'or' only\",\n    }, {\n        instancePath: \"/and/1\",\n        message: \"MC satisfy rule should have property 'mc' only\",\n    }, {\n        instancePath: \"\",\n        message: \"and satisfy rule should have property 'and' only\",\n    })",
              "err": {},
              "uuid": "9152651b-98d4-4024-884c-42978ead05c4",
              "parentUUID": "17478a3a-5196-458e-994a-d2cc88eda371",
              "isHook": false,
              "skipped": false
            },
            {
              "title": "should not validate ambiguous satisfy rules",
              "fullTitle": "satisfyRuleSchema should not validate ambiguous satisfy rules",
              "timedOut": false,
              "duration": 0,
              "state": "passed",
              "speed": "fast",
              "pass": true,
              "fail": false,
              "pending": false,
              "context": null,
              "code": "const message = \"satisfy rule should have only one of properties 'mc', 'and', 'or'\";\nisInvalidRule({\n    or: [\n        { mc: 5, and: [\"CS2040\"] },\n        { and: [{ and: [\"abc\"], or: [\"def\"] }] },\n    ],\n}, { instancePath: \"/or/0\", message }, { instancePath: \"/or/1/and/0\", message });",
              "err": {},
              "uuid": "e11b34c9-4d48-4f31-ad39-c98e8a87838d",
              "parentUUID": "17478a3a-5196-458e-994a-d2cc88eda371",
              "isHook": false,
              "skipped": false
            },
            {
              "title": "should not validate and satisfy rules with non-array property",
              "fullTitle": "satisfyRuleSchema should not validate and satisfy rules with non-array property",
              "timedOut": false,
              "duration": 1,
              "state": "passed",
              "speed": "fast",
              "pass": true,
              "fail": false,
              "pending": false,
              "context": null,
              "code": "const message = \"property 'and' should be an array of satisfy rules\";\nisInvalidRule({ or: [{ and: {} }, { or: [{ and: 3 }] }] }, { instancePath: \"/or/0/and\", message }, { instancePath: \"/or/1/or/0/and\", message });",
              "err": {},
              "uuid": "7bcc1964-6117-4af2-8ebc-07591a6b5485",
              "parentUUID": "17478a3a-5196-458e-994a-d2cc88eda371",
              "isHook": false,
              "skipped": false
            },
            {
              "title": "should not validate or satisfy rules with non-array property",
              "fullTitle": "satisfyRuleSchema should not validate or satisfy rules with non-array property",
              "timedOut": false,
              "duration": 0,
              "state": "passed",
              "speed": "fast",
              "pass": true,
              "fail": false,
              "pending": false,
              "context": null,
              "code": "const message = \"property 'or' should be an array of satisfy rules\";\nisInvalidRule({ and: [{ or: {} }, { and: [{ or: 3 }] }] }, { instancePath: \"/and/0/or\", message }, { instancePath: \"/and/1/and/0/or\", message });",
              "err": {},
              "uuid": "bed5eea3-e74d-4402-b309-fa25c71d672c",
              "parentUUID": "17478a3a-5196-458e-994a-d2cc88eda371",
              "isHook": false,
              "skipped": false
            }
          ],
          "suites": [],
          "passes": [
            "b7a7bb61-d34b-4820-8ea5-2154b2465282",
            "d1955905-6154-4b45-8ca0-28eef5bc3477",
            "67499615-4806-4c41-93fc-19054008c46d",
            "e6e47b7c-cf16-4ed3-8a9e-8871d3398d9d",
            "9152651b-98d4-4024-884c-42978ead05c4",
            "e11b34c9-4d48-4f31-ad39-c98e8a87838d",
            "7bcc1964-6117-4af2-8ebc-07591a6b5485",
            "bed5eea3-e74d-4402-b309-fa25c71d672c"
          ],
          "failures": [],
          "pending": [],
          "skipped": [],
          "duration": 10,
          "root": false,
          "rootEmpty": false,
          "_timeout": 2000
        }
      ],
      "passes": [],
      "failures": [],
      "pending": [],
      "skipped": [],
      "duration": 0,
      "root": true,
      "rootEmpty": true,
      "_timeout": 2000
    }
  ],
  "meta": {
    "mocha": {
      "version": "9.1.1"
    },
    "mochawesome": {
      "options": {
        "quiet": false,
        "reportFilename": "mochawesome",
        "saveHtml": true,
        "saveJson": true,
        "consoleReporter": "spec",
        "useInlineDiffs": false,
        "code": true
      },
      "version": "6.2.2"
    },
    "marge": {
      "options": {
        "reportDir": "docs"
      },
      "version": "5.2.0"
    }
  }
}