{
  "stats": {
    "suites": 6,
    "tests": 29,
    "passes": 29,
    "pending": 0,
    "failures": 0,
    "start": "2021-06-25T13:58:53.721Z",
    "end": "2021-06-25T13:58:54.042Z",
    "duration": 321,
    "testsRegistered": 29,
    "passPercent": 100,
    "pendingPercent": 0,
    "other": 0,
    "hasOther": false,
    "skipped": 0,
    "hasSkipped": false
  },
  "results": [
    {
      "uuid": "68cf3006-4204-4c1a-916a-893e459c112c",
      "title": "",
      "fullFile": "",
      "file": "",
      "beforeHooks": [],
      "afterHooks": [],
      "tests": [],
      "suites": [
        {
          "uuid": "d34d8881-235c-4027-91aa-759753f66575",
          "title": "initDirectories",
          "fullFile": "/home/runner/work/planwithus-lib/planwithus-lib/src/block/schemas.test.ts",
          "file": "/src/block/schemas.test.ts",
          "beforeHooks": [],
          "afterHooks": [],
          "tests": [
            {
              "title": "should parse all blocks with no errors",
              "fullTitle": "initDirectories should parse all blocks with no errors",
              "timedOut": false,
              "duration": 3,
              "state": "passed",
              "speed": "fast",
              "pass": true,
              "fail": false,
              "pending": false,
              "context": null,
              "code": "_1.initDirectories.should.not.throw()",
              "err": {},
              "uuid": "5082010d-4993-4de7-9653-f631ba390caf",
              "parentUUID": "d34d8881-235c-4027-91aa-759753f66575",
              "isHook": false,
              "skipped": false
            },
            {
              "title": "should produce primary, second & minor directories",
              "fullTitle": "initDirectories should produce primary, second & minor directories",
              "timedOut": false,
              "duration": 55,
              "state": "passed",
              "speed": "medium",
              "pass": true,
              "fail": false,
              "pending": false,
              "context": null,
              "code": "const directories = await _1.initDirectories();\ndirectories.should.have.property(\"primary\");\ndirectories.should.have.property(\"second\");\ndirectories.should.have.property(\"minor\");",
              "err": {},
              "uuid": "1612db91-eda4-4afc-8690-4b399779845b",
              "parentUUID": "d34d8881-235c-4027-91aa-759753f66575",
              "isHook": false,
              "skipped": false
            }
          ],
          "suites": [],
          "passes": [
            "5082010d-4993-4de7-9653-f631ba390caf",
            "1612db91-eda4-4afc-8690-4b399779845b"
          ],
          "failures": [],
          "pending": [],
          "skipped": [],
          "duration": 58,
          "root": false,
          "rootEmpty": false,
          "_timeout": 2000
        },
        {
          "uuid": "9ea3c608-95c8-4fe5-95e4-b906fc4bcab0",
          "title": "blockSchema",
          "fullFile": "/home/runner/work/planwithus-lib/planwithus-lib/src/block/schemas.test.ts",
          "file": "/src/block/schemas.test.ts",
          "beforeHooks": [],
          "afterHooks": [],
          "tests": [
            {
              "title": "should validate valid block",
              "fullTitle": "blockSchema should validate valid block",
              "timedOut": false,
              "duration": 195,
              "state": "passed",
              "speed": "slow",
              "pass": true,
              "fail": false,
              "pending": false,
              "context": "[\n  {\n    \"title\": \"block sample 0\",\n    \"value\": {\n      \"name\": \"ITI7qXU\",\n      \"ay\": 1993,\n      \"assign\": [\n        \"\",\n        \"iJA!F\"\n      ],\n      \"match\": {\n        \"or\": [\n          \"ANS0\",\n          {\n            \"or\": [\n              \"FC62K\",\n              {\n                \"pattern\": \"UQ96x4\",\n                \"exclude\": [\n                  \"VK987W\",\n                  \"HBP*16\",\n                  \"VAC96\",\n                  \"QI007\",\n                  \"OHS71Y\"\n                ],\n                \"info\": \"hHuUbs\"\n              },\n              \"DW48\"\n            ]\n          },\n          {\n            \"pattern\": \"CC02U\",\n            \"exclude\": \"XS43N\",\n            \"info\": \"bv|-)G\"\n          }\n        ]\n      },\n      \"satisfy\": [],\n      \"url\": \"http://4temdaxdfe-eqbdkitceclnth99uekeadaemje60mwc8c9flybtl9rrjdo5yl7.g31v1fnm9nur-0c6oaw875mzeprhdeloyrn-pddcfsmc1zr64c.ulukwcvh/@jff;&Pcb\",\n      \"info\": \"7,3]rj \"\n    }\n  },\n  {\n    \"title\": \"block sample 1\",\n    \"value\": {\n      \"name\": \"_dO\",\n      \"match\": {\n        \"pattern\": \"OXG9\",\n        \"exclude\": [\n          \"KW53\",\n          \"YE*6\"\n        ],\n        \"info\": \"T&\"\n      },\n      \"satisfy\": [\n        {\n          \"and\": [\n            {\n              \"or\": []\n            },\n            {\n              \"mc\": \"<=117\"\n            },\n            {\n              \"or\": [\n                {\n                  \"and\": [\n                    {\n                      \"or\": [\n                        \"_\",\n                        {\n                          \"or\": [\n                            \"];g|5'\",\n                            \"CmP!.RQis\",\n                            \"p<LY9y3\\\"|\"\n                          ]\n                        },\n                        \"M6HLxR\"\n                      ]\n                    }\n                  ]\n                },\n                {\n                  \"or\": []\n                },\n                \"Un4n`b%\\\"\",\n                {\n                  \"or\": []\n                },\n                \"8xpn*hY!0X\"\n              ]\n            },\n            {\n              \"or\": [\n                \"cp\",\n                \"B4@WP~D~9m\",\n                {\n                  \"or\": [\n                    \"(>AHPN1\",\n                    \"\",\n                    {\n                      \"and\": [\n                        \"K=u#{n\",\n                        \"\"\n                      ]\n                    }\n                  ]\n                },\n                {\n                  \"or\": []\n                }\n              ]\n            },\n            \"k\"\n          ]\n        },\n        {\n          \"or\": [\n            {\n              \"mc\": \"<=172\"\n            },\n            {\n              \"or\": [\n                {\n                  \"or\": [\n                    \"V\",\n                    \"EI\",\n                    \")Q$L.2\"\n                  ]\n                },\n                \"u_|l2t\",\n                {\n                  \"mc\": \"<=118\"\n                },\n                \"Fgm|G0*^NO\",\n                \"5(;O[&5;D\"\n              ]\n            },\n            {\n              \"or\": [\n                \"\\\"\",\n                \"Mh4D4JOw\"\n              ]\n            },\n            {\n              \"mc\": \"<=92\"\n            },\n            {\n              \"or\": [\n                {\n                  \"mc\": \"<=142\"\n                },\n                {\n                  \"mc\": \">=19\"\n                },\n                \"10N*}\",\n                {\n                  \"or\": [\n                    \"Od5aWw\",\n                    {\n                      \"and\": []\n                    },\n                    {\n                      \"and\": []\n                    }\n                  ]\n                }\n              ]\n            }\n          ]\n        },\n        {\n          \"and\": [\n            {\n              \"and\": [\n                \"`!>:Oz\"\n              ]\n            }\n          ]\n        },\n        {\n          \"or\": [\n            {\n              \"and\": [\n                {\n                  \"or\": [\n                    \"U*8!^B\",\n                    \"\",\n                    \"^SzOg8bF2\",\n                    {\n                      \"mc\": \">=172\"\n                    },\n                    \"\"\n                  ]\n                },\n                \"yC\"\n              ]\n            },\n            {\n              \"mc\": \"<=180\"\n            },\n            {\n              \"mc\": \"<=135\"\n            },\n            {\n              \"or\": [\n                \"|'rr\",\n                {\n                  \"mc\": \"<=55\"\n                },\n                \"/{8oT*-p\",\n                {\n                  \"mc\": \"<=194\"\n                }\n              ]\n            }\n          ]\n        },\n        {\n          \"or\": []\n        }\n      ],\n      \"url\": \"http://yegy-3r-puramhcwt615xu-h6-v8wfkr.odk//DP/3~LVMB/N/O55%F3%BE%83%BFv\",\n      \"info\": \"r !{!#&\",\n      \"%Y$\": {\n        \"name\": \"#C~\",\n        \"ay\": 2023,\n        \"assign\": [\n          \"\",\n          \"\\\"!.[Pl{\",\n          \"&%y\"\n        ],\n        \"match\": [\n          {\n            \"pattern\": \"QAC69R\",\n            \"exclude\": \"YQB1E\",\n            \"info\": \"{Au\"\n          },\n          {\n            \"or\": []\n          },\n          {\n            \"or\": []\n          },\n          {\n            \"and\": [\n              {\n                \"and\": [\n                  \"YR60B\"\n                ]\n              },\n              \"MFF7\",\n              \"RXT9243W\",\n              {\n                \"and\": [\n                  \"RMB4\",\n                  \"ILB*\"\n                ]\n              },\n              {\n                \"or\": [\n                  {\n                    \"and\": [\n                      {\n                        \"pattern\": \"ZBE8*3\",\n                        \"exclude\": \"HL9598C\",\n                        \"info\": \"\"\n                      },\n                      \"NNL4C\"\n                    ]\n                  }\n                ]\n              }\n            ]\n          }\n        ],\n        \"satisfy\": [],\n        \"url\": \"http://c.bbl4uu0m-ltomqc2z348na6bccd.ebeh.yzyordpyyuux0hh00eda1hpdmpnfsf97ombylqepsztp.b.wcyw//f\",\n        \"info\": \"|o\"\n      }\n    }\n  },\n  {\n    \"title\": \"block sample 2\",\n    \"value\": {\n      \"name\": \"rER+1\\\"ZKhW\",\n      \"ay\": 1968,\n      \"assign\": \"^Ka{ \",\n      \"match\": {\n        \"and\": []\n      },\n      \"satisfy\": [\n        {\n          \"mc\": \">=98\"\n        },\n        {\n          \"or\": []\n        },\n        \"Y9I(=>m\",\n        {\n          \"and\": [\n            {\n              \"or\": [\n                {\n                  \"and\": [\n                    \"|VK{o5\"\n                  ]\n                },\n                \"@<]R\\\\As!g\"\n              ]\n            }\n          ]\n        },\n        {\n          \"mc\": \">=105\"\n        }\n      ],\n      \"url\": \"https://a.dagt/vG&/M6)\",\n      \"info\": \"\",\n      \"%+\": {\n        \"name\": \"{_D4:uvN4Y\",\n        \"ay\": 1982,\n        \"assign\": [\n          \"<kDvF1w;wq\",\n          \"s*%x&0O)\",\n          \" \",\n          \"?7C[ \",\n          \">}lnxx\"\n        ],\n        \"match\": \"ZMBx\",\n        \"satisfy\": [\n          \"AU\",\n          \"xOJFzvs[\",\n          \"\",\n          {\n            \"and\": []\n          }\n        ],\n        \"url\": \"https://em5w9k6yjysvst3ivk1fuuefcr.kpu80oas1gfn49shd487tt.p.og.z7i.wtdw//fSXek\"\n      },\n      \"T`\": {\n        \"assign\": \"Uo5*\",\n        \"match\": {\n          \"or\": [\n            \"GDL7063\",\n            {\n              \"pattern\": \"BP760\",\n              \"exclude\": [],\n              \"info\": \"C(`9E|A)S*\"\n            }\n          ]\n        },\n        \"url\": \"http://bv7cfdeyfh7gufkkp1tb5may-43fz889b3set4.7.fmdlapa6dcc9cjk2-ei5f97kbee.eevz\",\n        \"info\": \"! =\",\n        \"![HvRk,TP\": {\n          \"name\": \"@\",\n          \"ay\": 1983,\n          \"match\": {\n            \"or\": []\n          },\n          \"url\": \"http://b7d2sgf87h3s70qfkirncfftyjafm9yqemgr.prltk/%EE%A0%9E+-_%F0%B3%BB%87J@r//i%F1%B8%90%868/X/ld\",\n          \"info\": \"#wvN^7=Oz\"\n        },\n        \"/\": {\n          \"name\": \"\\\\?.\",\n          \"ay\": 1984,\n          \"match\": [\n            \"WHE8x7Q\",\n            {\n              \"pattern\": \"MOM26\"\n            },\n            {\n              \"and\": [\n                {\n                  \"and\": [\n                    {\n                      \"or\": [\n                        {\n                          \"or\": [\n                            \"UQX21M\",\n                            \"IG8Y\",\n                            \"BS416\"\n                          ]\n                        },\n                        {\n                          \"or\": [\n                            \"CW93\",\n                            \"MQV9*10\",\n                            {\n                              \"pattern\": \"BWU85X\",\n                              \"exclude\": \"FNK27*0Z\"\n                            },\n                            \"MF181I\",\n                            \"THD04*4A\"\n                          ]\n                        },\n                        \"DG6\",\n                        \"XGD9\"\n                      ]\n                    },\n                    \"YG2*C\",\n                    {\n                      \"or\": [\n                        {\n                          \"and\": [\n                            {\n                              \"pattern\": \"IS*9M\",\n                              \"exclude\": [],\n                              \"info\": \";0Cp4q\"\n                            },\n                            {\n                              \"and\": [\n                                \"SIK1\",\n                                \"IZE03xR\",\n                                {\n                                  \"and\": [\n                                    \"LTY5\",\n                                    \"NDx463\",\n                                    \"PN363*J\",\n                                    \"KQx19Y\"\n                                  ]\n                                },\n                                \"EIA*L\",\n                                \"WGN27x1\"\n                              ]\n                            }\n                          ]\n                        },\n                        \"OPI6626C\",\n                        {\n                          \"or\": [\n                            \"WLZ*818\",\n                            {\n                              \"and\": [\n                                \"BKH496R\",\n                                \"AF061\",\n                                \"SHP2N\",\n                                \"HSX4*6Z\"\n                              ]\n                            }\n                          ]\n                        },\n                        {\n                          \"and\": [\n                            \"FP*\"\n                          ]\n                        }\n                      ]\n                    }\n                  ]\n                },\n                {\n                  \"or\": [\n                    \"BHG9Z\"\n                  ]\n                },\n                {\n                  \"pattern\": \"MAP7x5\",\n                  \"info\": \"XvW+q,S\"\n                },\n                \"EBS2N\",\n                {\n                  \"or\": [\n                    \"LXY1x05S\",\n                    {\n                      \"and\": [\n                        \"MVV2X\",\n                        \"MJV*4\",\n                        {\n                          \"and\": [\n                            \"QR35Q\",\n                            \"MIT5199\",\n                            \"SNI59\",\n                            \"EJX119xX\",\n                            \"MWA6*x\"\n                          ]\n                        },\n                        \"ABE27*M\",\n                        \"DA1C\"\n                      ]\n                    },\n                    \"FBF2603T\",\n                    {\n                      \"or\": [\n                        \"ZFS782*\",\n                        \"YO99X\",\n                        {\n                          \"or\": []\n                        },\n                        \"CM*1D\"\n                      ]\n                    },\n                    {\n                      \"or\": [\n                        {\n                          \"or\": []\n                        },\n                        \"CRB4966L\",\n                        {\n                          \"pattern\": \"ADx863C\",\n                          \"exclude\": \"OQZ5\"\n                        },\n                        \"QPO*K\"\n                      ]\n                    }\n                  ]\n                }\n              ]\n            }\n          ],\n          \"satisfy\": {\n            \"mc\": \"<=167\"\n          },\n          \"info\": \"Z\"\n        },\n        \"1GT+cJF\": {\n          \"name\": \"xQAJ\",\n          \"ay\": 2001,\n          \"assign\": \"-]J\",\n          \"match\": {\n            \"and\": []\n          },\n          \"url\": \"https://9888eqsqwz1z8p7isz-xx9geam8ou2sbbqyl10jd53g00vc9sv-fb.xqmiub/uHm//MX*@c!)s(%F3%A1%9C%88/mxJ3j7(f:T/hp3c:g/cok*'%F1%B8%A1%BC/mj/=/*K*oJN/Qd,ua%F1%A3%91%9D\",\n          \"info\": \"J+zk\"\n        }\n      }\n    }\n  },\n  {\n    \"title\": \"block sample 3\",\n    \"value\": {\n      \"name\": \"aSW[P\",\n      \"ay\": 2009,\n      \"match\": [\n        {\n          \"and\": [\n            \"KL967C\"\n          ]\n        },\n        {\n          \"and\": []\n        },\n        \"QNO9H\",\n        {\n          \"or\": [\n            {\n              \"pattern\": \"VC464*V\"\n            },\n            \"ZT154W\",\n            {\n              \"pattern\": \"TAA7706H\",\n              \"exclude\": [],\n              \"info\": \"/N_)\"\n            }\n          ]\n        },\n        \"RUVx7L\"\n      ],\n      \"satisfy\": [\n        {\n          \"mc\": \"<=139\"\n        },\n        {\n          \"or\": [\n            {\n              \"mc\": \">=138\"\n            }\n          ]\n        },\n        {\n          \"or\": [\n            {\n              \"mc\": \">=180\"\n            },\n            {\n              \"mc\": \">=167\"\n            },\n            {\n              \"or\": [\n                \"F[F=-2*qT`\",\n                \"E)0E\",\n                {\n                  \"and\": []\n                },\n                \"@onOq7N=\",\n                {\n                  \"mc\": \">=71\"\n                }\n              ]\n            }\n          ]\n        }\n      ],\n      \"url\": \"http://1i4iio7tzffeo0e03y8ewadcix3p5iw82o46k6htb.5b9kd-k2zy9nu2m9c8f.e2jn7e544cire9ksgs4fv5nz00d86y19oen8weacrxau9j9p15nd4mk0t9y22b.iowxfjtej\"\n    }\n  },\n  {\n    \"title\": \"block sample 4\",\n    \"value\": {\n      \"name\": \"Bvx\",\n      \"ay\": 1950,\n      \"assign\": [\n        \"(KNtgK]\",\n        \"^LU[x-/\\\"NO\",\n        \"[F)Bx@.Do\",\n        \",\",\n        \",OU~;AVTH-\"\n      ],\n      \"match\": [\n        \"YT0\",\n        {\n          \"or\": []\n        },\n        {\n          \"pattern\": \"DNR6963\",\n          \"exclude\": [\n            \"QHV784T\"\n          ],\n          \"info\": \"rH47 6qHr\"\n        },\n        {\n          \"and\": [\n            {\n              \"and\": [\n                {\n                  \"and\": [\n                    \"LT*98G\",\n                    {\n                      \"pattern\": \"TLO4\",\n                      \"exclude\": \"HED*\",\n                      \"info\": \"l|'\"\n                    },\n                    {\n                      \"pattern\": \"LD7\",\n                      \"exclude\": \"NG7482N\",\n                      \"info\": \"7f,.?bXJ0^\"\n                    }\n                  ]\n                }\n              ]\n            }\n          ]\n        }\n      ],\n      \"info\": \"Grs!\"\n    }\n  },\n  {\n    \"title\": \"block sample 5\",\n    \"value\": {\n      \"assign\": [],\n      \"match\": \"BPR2603\",\n      \"satisfy\": [\n        {\n          \"mc\": \"<=191\"\n        },\n        \"<xA'\",\n        \"00\",\n        {\n          \"and\": [\n            \"Ks\",\n            {\n              \"or\": [\n                {\n                  \"mc\": \"<=76\"\n                },\n                \"!fXs}i,]\",\n                \"6:3]5M(\\\\~\"\n              ]\n            }\n          ]\n        }\n      ],\n      \"url\": \"http://5.uvbtzkqmhan.nphurrudut.p.hb8rgfhvm6.dbwztv/%F0%A9%9B%A3M&%F1%92%A7%AE!uev2/H/=YY%F0%B1%9B%AB/C,S*-!=/4R/T(Fd7)/E';6//(;xaXVP5W/,:n\",\n      \"info\": \"q\"\n    }\n  },\n  {\n    \"title\": \"block sample 6\",\n    \"value\": {\n      \"name\": \"7\",\n      \"assign\": \"Bvfm\",\n      \"match\": [\n        {\n          \"pattern\": \"XXQ756\",\n          \"exclude\": [\n            \"QK04\"\n          ],\n          \"info\": \"%$b:W\"\n        },\n        {\n          \"pattern\": \"CW692A\",\n          \"exclude\": \"MDG8\",\n          \"info\": \"~{Eo}\"\n        },\n        {\n          \"or\": [\n            {\n              \"pattern\": \"ML7I\",\n              \"info\": \"Y.z\"\n            },\n            \"YZ72J\",\n            {\n              \"or\": [\n                {\n                  \"or\": [\n                    \"JJ6X\",\n                    {\n                      \"and\": [\n                        \"YJ998\",\n                        \"NFO*x30\",\n                        \"AC1E\",\n                        \"BR0482\"\n                      ]\n                    },\n                    {\n                      \"or\": [\n                        \"VQ06G\",\n                        \"MXW9D\",\n                        \"KR96R\",\n                        {\n                          \"or\": [\n                            \"MV0xT\"\n                          ]\n                        },\n                        \"YUI8\"\n                      ]\n                    }\n                  ]\n                },\n                \"LW544\",\n                {\n                  \"pattern\": \"COQ94\",\n                  \"exclude\": \"VHT7N\",\n                  \"info\": \"<T`mOFu.c\"\n                }\n              ]\n            },\n            {\n              \"pattern\": \"MXxx0xG\",\n              \"exclude\": [\n                \"BUFx8J\",\n                \"ER4V\",\n                \"IUF72O\",\n                \"VB**\"\n              ],\n              \"info\": \"ElYgMxY>\"\n            },\n            \"BMJ18D\"\n          ]\n        }\n      ],\n      \"satisfy\": {\n        \"or\": [\n          \"rf\",\n          \"L\",\n          \"Su|%>H\",\n          \"H'W:\"\n        ]\n      },\n      \"url\": \"http://d.ezacx/zK%F2%86%88%93x/mb_S:XV&U/~%F3%A2%8E%841/G2+/m/Q=G0/.%F2%A6%A9%ADEG\",\n      \"info\": \"1fhJrL|~!7\"\n    }\n  },\n  {\n    \"title\": \"block sample 7\",\n    \"value\": {\n      \"name\": \"?E\",\n      \"ay\": 2024,\n      \"assign\": \"Pr\\\\\",\n      \"match\": [],\n      \"satisfy\": [],\n      \"url\": \"http://8iw9a7kqzg5x4m.fcxx/8/vj@Fs/h/0)/pVnZ/Ai8vhlw:cF/y@9/Mh/,(;%F4%8B%9F%B4K0/%F1%8C%89%8B6+%F0%BA%A6%BEN6IfB\"\n    }\n  },\n  {\n    \"title\": \"block sample 8\",\n    \"value\": {\n      \"ay\": 1956,\n      \"assign\": \"[I;'=~\",\n      \"match\": [\n        \"EFL878*O\",\n        \"EX45\",\n        {\n          \"or\": [\n            {\n              \"or\": [\n                {\n                  \"pattern\": \"EYP5I\",\n                  \"exclude\": [\n                    \"EDR917J\",\n                    \"FYI2602\",\n                    \"JA400E\",\n                    \"LXV15*6B\"\n                  ],\n                  \"info\": \"1\\\"6u,-}o\"\n                },\n                {\n                  \"or\": [\n                    \"CYA0\",\n                    {\n                      \"or\": [\n                        \"INH*0x1\",\n                        \"DS632\",\n                        \"FM4J\",\n                        \"OHN80x3I\",\n                        \"HNK8480\"\n                      ]\n                    },\n                    \"MLU58T\",\n                    \"MV343\",\n                    {\n                      \"pattern\": \"ODI944D\",\n                      \"exclude\": \"XD208R\",\n                      \"info\": \"MT\"\n                    }\n                  ]\n                },\n                {\n                  \"or\": [\n                    {\n                      \"pattern\": \"EQxI\"\n                    }\n                  ]\n                },\n                {\n                  \"pattern\": \"FW3F\",\n                  \"exclude\": \"YU092\",\n                  \"info\": \".tH\"\n                }\n              ]\n            },\n            {\n              \"and\": [\n                {\n                  \"or\": [\n                    \"JS11\",\n                    {\n                      \"or\": [\n                        {\n                          \"and\": [\n                            {\n                              \"pattern\": \"AXX8W\",\n                              \"exclude\": \"XB48\",\n                              \"info\": \"TLi!{U02\"\n                            },\n                            {\n                              \"or\": [\n                                \"HI51*E\"\n                              ]\n                            },\n                            \"KZU907A\",\n                            {\n                              \"pattern\": \"QJR7x\",\n                              \"exclude\": [\n                                \"AO1*C\",\n                                \"GHK29Y\",\n                                \"OWR3\",\n                                \"UY40B\",\n                                \"TRX3727\"\n                              ],\n                              \"info\": \"LW,\"\n                            }\n                          ]\n                        },\n                        {\n                          \"or\": [\n                            \"ILH0W\",\n                            \"MP072\"\n                          ]\n                        }\n                      ]\n                    }\n                  ]\n                },\n                \"DV0028H\",\n                {\n                  \"or\": [\n                    \"CH1*\",\n                    {\n                      \"or\": [\n                        {\n                          \"and\": []\n                        },\n                        \"DH3X\"\n                      ]\n                    },\n                    \"TKP540O\",\n                    {\n                      \"pattern\": \"DVQ9768S\",\n                      \"exclude\": \"YVX7R\",\n                      \"info\": \"O#\\\"5|bz(\"\n                    }\n                  ]\n                }\n              ]\n            },\n            {\n              \"and\": [\n                {\n                  \"and\": [\n                    {\n                      \"and\": [\n                        {\n                          \"or\": [\n                            \"ELR9x86K\",\n                            \"JA833\"\n                          ]\n                        },\n                        \"TYR*363\"\n                      ]\n                    },\n                    \"HT34\",\n                    {\n                      \"pattern\": \"JMK1Y\",\n                      \"exclude\": [],\n                      \"info\": \"lE\"\n                    },\n                    {\n                      \"or\": [\n                        \"WZ86W\",\n                        \"QT*5B\",\n                        \"UA*\",\n                        \"TQ90x1R\"\n                      ]\n                    },\n                    \"RI48\"\n                  ]\n                },\n                {\n                  \"pattern\": \"SI9076\",\n                  \"exclude\": \"FNV8Q\"\n                },\n                \"TQZ*\",\n                \"XVL5x02\"\n              ]\n            },\n            \"EH6R\"\n          ]\n        },\n        {\n          \"pattern\": \"DO6\",\n          \"exclude\": [\n            \"FQG623X\",\n            \"STMx76\",\n            \"THS36A\",\n            \"YHL7\"\n          ]\n        },\n        {\n          \"pattern\": \"EAY7731\",\n          \"exclude\": [\n            \"WTD45\",\n            \"CX473\",\n            \"OP*998S\",\n            \"QLx2*9Z\",\n            \"EU65x\"\n          ],\n          \"info\": \"n>c\"\n        }\n      ],\n      \"url\": \"https://ykhvwgr3hf812q720j8azk39kxf.vflfoyywqj6993lktp4sy.p.0.kycta//:'NOluRq/l,kVxf/B/1*60SR%F2%8E%AC%A8ayv\",\n      \"info\": \"dK?\",\n      \"e5_\": {\n        \"name\": \"F{|I#Se\",\n        \"assign\": \"f**$zRR0[m\",\n        \"satisfy\": {\n          \"mc\": \">=1\"\n        },\n        \"url\": \"https://0-lrezf6n.gzpclkj/d%F0%A4%B2%89x\",\n        \"info\": \"!%b|d$\\\\$-\"\n      }\n    }\n  },\n  {\n    \"title\": \"block sample 9\",\n    \"value\": {\n      \"name\": \"j8\",\n      \"ay\": 2030,\n      \"match\": {\n        \"and\": []\n      },\n      \"satisfy\": [\n        \"n`Do<S)X\",\n        {\n          \"mc\": \">=116\"\n        },\n        {\n          \"and\": [\n            \"m1Y x4lpU\"\n          ]\n        },\n        \"/m;DVH\",\n        \"+F:o\"\n      ],\n      \"url\": \"https://8lw58vwh.zgubiee6aneqrc4dclm54yknidbwiusylbe0rbkrgx0s8tkht8k7mkrd.kkblhixg3b1t8ow1let3p04ri7eod6qv8ci-r9qdir9zaq.e.pmubud/XFMo%F2%93%84%9B%F0%AD%B0%9B/mE%F1%BD%94%90MJn\"\n    }\n  }\n]",
              "code": "fast_check_1.sample(index_test_2.block, 10).forEach((sample, i) => addContext_1.default(this, {\n    title: `block sample ${i}`,\n    value: sample,\n}));\nreturn fast_check_1.assert(fast_check_1.property(index_test_2.block, ajvValidate));",
              "err": {},
              "uuid": "fccb36d0-f0af-4715-891a-46e4041bdc55",
              "parentUUID": "9ea3c608-95c8-4fe5-95e4-b906fc4bcab0",
              "isHook": false,
              "skipped": false
            },
            {
              "title": "should not validate non-object",
              "fullTitle": "blockSchema should not validate non-object",
              "timedOut": false,
              "duration": 2,
              "state": "passed",
              "speed": "fast",
              "pass": true,
              "fail": false,
              "pending": false,
              "context": null,
              "code": "const error = {\n    instancePath: \"\",\n    message: \"block should be an object\",\n};\nisInvalidBlock(null, error);\nisInvalidBlock(undefined, error);\nisInvalidBlock(10, error);\nisInvalidBlock([12, 24], error);\nisInvalidBlock(\"abc\", error);",
              "err": {},
              "uuid": "58ad3f72-0291-4f9b-8670-56db2f31f53a",
              "parentUUID": "9ea3c608-95c8-4fe5-95e4-b906fc4bcab0",
              "isHook": false,
              "skipped": false
            },
            {
              "title": "should not validate block with invalid properties",
              "fullTitle": "blockSchema should not validate block with invalid properties",
              "timedOut": false,
              "duration": 1,
              "state": "passed",
              "speed": "fast",
              "pass": true,
              "fail": false,
              "pending": false,
              "context": null,
              "code": "isInvalidBlock({\n        name: { foo: \"bar\" },\n        ay: -1000,\n        assign: {},\n        match: 1,\n        satisfy: 2,\n        url: { abc: \"def\" },\n        info: 42,\n    }, { instancePath: \"/name\", message: \"property 'name' should be a string\" }, {\n        instancePath: \"/ay\",\n        message: \"property 'ay' should be a positive integer\",\n    }, {\n        instancePath: \"/assign\",\n        message: \"property 'assign' should be either a block ID or an array of block IDs\",\n    }, {\n        instancePath: \"/match\",\n        message: \"property 'match' should be either a match rule or an array of match rules\",\n    }, {\n        instancePath: \"/satisfy\",\n        message: \"property 'satisfy' should be either a satisfy rule or an array of satisfy rules\",\n    }, { instancePath: \"/url\", message: \"property 'url' should be a string\" }, { instancePath: \"/info\", message: \"property 'info' should be a string\" })",
              "err": {},
              "uuid": "0aeabd26-fa9f-4e97-996c-5382b4d3affd",
              "parentUUID": "9ea3c608-95c8-4fe5-95e4-b906fc4bcab0",
              "isHook": false,
              "skipped": false
            }
          ],
          "suites": [],
          "passes": [
            "fccb36d0-f0af-4715-891a-46e4041bdc55",
            "58ad3f72-0291-4f9b-8670-56db2f31f53a",
            "0aeabd26-fa9f-4e97-996c-5382b4d3affd"
          ],
          "failures": [],
          "pending": [],
          "skipped": [],
          "duration": 198,
          "root": false,
          "rootEmpty": false,
          "_timeout": 2000
        },
        {
          "uuid": "1dec5100-9895-424b-a431-8af15316691b",
          "title": "patternSchema",
          "fullFile": "/home/runner/work/planwithus-lib/planwithus-lib/src/matchRule/pattern/schemas.test.ts",
          "file": "/src/matchRule/pattern/schemas.test.ts",
          "beforeHooks": [],
          "afterHooks": [],
          "tests": [
            {
              "title": "should validate non-empty pattern composed of A-Z, 0-9, x or *",
              "fullTitle": "patternSchema should validate non-empty pattern composed of A-Z, 0-9, x or *",
              "timedOut": false,
              "duration": 2,
              "state": "passed",
              "speed": "fast",
              "pass": true,
              "fail": false,
              "pending": false,
              "context": "[\n  {\n    \"title\": \"pattern sample 0\",\n    \"value\": \"XBO8x99F\"\n  },\n  {\n    \"title\": \"pattern sample 1\",\n    \"value\": \"JS3877K\"\n  },\n  {\n    \"title\": \"pattern sample 2\",\n    \"value\": \"WG3*3\"\n  },\n  {\n    \"title\": \"pattern sample 3\",\n    \"value\": \"HN136W\"\n  },\n  {\n    \"title\": \"pattern sample 4\",\n    \"value\": \"EAA2K\"\n  },\n  {\n    \"title\": \"pattern sample 5\",\n    \"value\": \"QM736C\"\n  },\n  {\n    \"title\": \"pattern sample 6\",\n    \"value\": \"TV21*J\"\n  },\n  {\n    \"title\": \"pattern sample 7\",\n    \"value\": \"PU32\"\n  },\n  {\n    \"title\": \"pattern sample 8\",\n    \"value\": \"VE78D\"\n  },\n  {\n    \"title\": \"pattern sample 9\",\n    \"value\": \"NIM2E\"\n  }\n]",
              "code": "fast_check_1.sample(index_test_2.pattern, 10).forEach((sample, i) => addContext_1.default(this, {\n    title: `pattern sample ${i}`,\n    value: sample,\n}));\nreturn fast_check_1.assert(fast_check_1.property(index_test_2.pattern, ajvValidate), {\n    examples: [[\"*\"], [\"ACC1002\"], [\"IS1103\"], [\"CS1231S\"], [\"MA1102R\"]],\n});",
              "err": {},
              "uuid": "e7ddaf50-6272-40df-baa8-1101f5b8a701",
              "parentUUID": "1dec5100-9895-424b-a431-8af15316691b",
              "isHook": false,
              "skipped": false
            },
            {
              "title": "should not validate empty pattern",
              "fullTitle": "patternSchema should not validate empty pattern",
              "timedOut": false,
              "duration": 0,
              "state": "passed",
              "speed": "fast",
              "pass": true,
              "fail": false,
              "pending": false,
              "context": null,
              "code": "isInvalidPattern(\"\")",
              "err": {},
              "uuid": "10a34772-813d-4d42-887a-7669ca35fa3b",
              "parentUUID": "1dec5100-9895-424b-a431-8af15316691b",
              "isHook": false,
              "skipped": false
            },
            {
              "title": "should not validate pattern with invalid characters",
              "fullTitle": "patternSchema should not validate pattern with invalid characters",
              "timedOut": false,
              "duration": 0,
              "state": "passed",
              "speed": "fast",
              "pass": true,
              "fail": false,
              "pending": false,
              "context": null,
              "code": "[\"AB123a\", \"Ac123a\", \"AB123^S\", \"AB1*3^S\", \"$A1*3^S\", \"/A1x33S\"].forEach(isInvalidPattern)",
              "err": {},
              "uuid": "760ea712-c236-4eb4-a1a1-5fecbd00171b",
              "parentUUID": "1dec5100-9895-424b-a431-8af15316691b",
              "isHook": false,
              "skipped": false
            }
          ],
          "suites": [],
          "passes": [
            "e7ddaf50-6272-40df-baa8-1101f5b8a701",
            "10a34772-813d-4d42-887a-7669ca35fa3b",
            "760ea712-c236-4eb4-a1a1-5fecbd00171b"
          ],
          "failures": [],
          "pending": [],
          "skipped": [],
          "duration": 2,
          "root": false,
          "rootEmpty": false,
          "_timeout": 2000
        },
        {
          "uuid": "fc458648-ccf1-47bf-a43c-a6afb413c4da",
          "title": "matchRuleSchema",
          "fullFile": "/home/runner/work/planwithus-lib/planwithus-lib/src/matchRule/schemas.test.ts",
          "file": "/src/matchRule/schemas.test.ts",
          "beforeHooks": [],
          "afterHooks": [],
          "tests": [
            {
              "title": "should validate match rule with valid pattern",
              "fullTitle": "matchRuleSchema should validate match rule with valid pattern",
              "timedOut": false,
              "duration": 1,
              "state": "passed",
              "speed": "fast",
              "pass": true,
              "fail": false,
              "pending": false,
              "context": "[\n  {\n    \"title\": \"pattern sample 0\",\n    \"value\": \"YG*42\"\n  },\n  {\n    \"title\": \"pattern sample 1\",\n    \"value\": \"MJ353*\"\n  },\n  {\n    \"title\": \"pattern sample 2\",\n    \"value\": \"QH468J\"\n  },\n  {\n    \"title\": \"pattern sample 3\",\n    \"value\": \"XAR4*\"\n  },\n  {\n    \"title\": \"pattern sample 4\",\n    \"value\": \"TW6\"\n  },\n  {\n    \"title\": \"pattern sample 5\",\n    \"value\": \"PXH*7\"\n  },\n  {\n    \"title\": \"pattern sample 6\",\n    \"value\": \"GWW5\"\n  },\n  {\n    \"title\": \"pattern sample 7\",\n    \"value\": \"HDU269\"\n  },\n  {\n    \"title\": \"pattern sample 8\",\n    \"value\": \"ZJP57\"\n  },\n  {\n    \"title\": \"pattern sample 9\",\n    \"value\": \"JS7231\"\n  }\n]",
              "code": "fast_check_1.sample(index_test_3.pattern, 10).forEach((sample, i) => addContext_1.default(this, {\n    title: `pattern sample ${i}`,\n    value: sample,\n}));\nreturn fast_check_1.assert(fast_check_1.property(index_test_3.pattern, ajvValidate));",
              "err": {},
              "uuid": "c7552d8c-65bb-4529-8bc6-5dc3fada6fcf",
              "parentUUID": "fc458648-ccf1-47bf-a43c-a6afb413c4da",
              "isHook": false,
              "skipped": false
            },
            {
              "title": "should validate match rules with valid pattern, exclude and info",
              "fullTitle": "matchRuleSchema should validate match rules with valid pattern, exclude and info",
              "timedOut": false,
              "duration": 3,
              "state": "passed",
              "speed": "fast",
              "pass": true,
              "fail": false,
              "pending": false,
              "context": "[\n  {\n    \"title\": \"patternMatchRule sample 0\",\n    \"value\": {\n      \"pattern\": \"BJ3C\",\n      \"exclude\": [\n        \"WZ939\"\n      ],\n      \"info\": \"z_\"\n    }\n  },\n  {\n    \"title\": \"patternMatchRule sample 1\",\n    \"value\": {\n      \"pattern\": \"KB8*6\",\n      \"exclude\": \"EU570\",\n      \"info\": \"`oM2JKKx'\"\n    }\n  },\n  {\n    \"title\": \"patternMatchRule sample 2\",\n    \"value\": {\n      \"pattern\": \"MOG0677\"\n    }\n  },\n  {\n    \"title\": \"patternMatchRule sample 3\",\n    \"value\": {\n      \"pattern\": \"YE4\",\n      \"info\": \"UKC&P{%2z8\"\n    }\n  },\n  {\n    \"title\": \"patternMatchRule sample 4\",\n    \"value\": {\n      \"pattern\": \"GQA7x\",\n      \"exclude\": [\n        \"YHKx9*8\"\n      ],\n      \"info\": \"y\"\n    }\n  },\n  {\n    \"title\": \"patternMatchRule sample 5\",\n    \"value\": {\n      \"pattern\": \"XJ3V\",\n      \"exclude\": [\n        \"QCW*5\"\n      ],\n      \"info\": \"6oEVj-ej)^\"\n    }\n  },\n  {\n    \"title\": \"patternMatchRule sample 6\",\n    \"value\": {\n      \"pattern\": \"PV42\",\n      \"exclude\": \"RI20\"\n    }\n  },\n  {\n    \"title\": \"patternMatchRule sample 7\",\n    \"value\": {\n      \"pattern\": \"GM23x3\",\n      \"exclude\": \"KGH7171\",\n      \"info\": \"O!c|\"\n    }\n  },\n  {\n    \"title\": \"patternMatchRule sample 8\",\n    \"value\": {\n      \"pattern\": \"GJJ9x\",\n      \"exclude\": [],\n      \"info\": \"\"\n    }\n  },\n  {\n    \"title\": \"patternMatchRule sample 9\",\n    \"value\": {\n      \"pattern\": \"TXB2*7D\",\n      \"exclude\": [\n        \"GK9X\",\n        \"FAO955S\",\n        \"KYC14Z\",\n        \"FI38*S\"\n      ],\n      \"info\": \"A\\\\T\"\n    }\n  }\n]",
              "code": "fast_check_1.sample(index_test_2.patternMatchRule, 10).forEach((sample, i) => addContext_1.default(this, {\n    title: `patternMatchRule sample ${i}`,\n    value: sample,\n}));\nreturn fast_check_1.assert(fast_check_1.property(index_test_2.patternMatchRule, ajvValidate));",
              "err": {},
              "uuid": "282ef531-ee9b-42d8-ba93-7a61743d3d34",
              "parentUUID": "fc458648-ccf1-47bf-a43c-a6afb413c4da",
              "isHook": false,
              "skipped": false
            },
            {
              "title": "should validate valid recursive match rules",
              "fullTitle": "matchRuleSchema should validate valid recursive match rules",
              "timedOut": false,
              "duration": 6,
              "state": "passed",
              "speed": "fast",
              "pass": true,
              "fail": false,
              "pending": false,
              "context": "[\n  {\n    \"title\": \"matchRule sample 0\",\n    \"value\": \"VI4202L\"\n  },\n  {\n    \"title\": \"matchRule sample 1\",\n    \"value\": {\n      \"or\": [\n        {\n          \"or\": []\n        },\n        {\n          \"and\": [\n            \"HNM7xx6\",\n            {\n              \"and\": [\n                {\n                  \"and\": []\n                },\n                {\n                  \"and\": [\n                    \"YEG524\",\n                    \"JXI2R\",\n                    \"WQW159\",\n                    \"JG55x0\"\n                  ]\n                },\n                \"DNA476Z\"\n              ]\n            },\n            \"HA09x\",\n            \"PZZ2\",\n            \"YD97C\"\n          ]\n        },\n        {\n          \"pattern\": \"OBU31*\",\n          \"exclude\": [\n            \"YPR6\",\n            \"BXO4L\",\n            \"ZOP2521\",\n            \"GNx4\"\n          ],\n          \"info\": \">YMk8/!\\\"yb\"\n        },\n        \"VHQ90x1P\"\n      ]\n    }\n  },\n  {\n    \"title\": \"matchRule sample 2\",\n    \"value\": {\n      \"or\": [\n        \"ID93x4I\",\n        {\n          \"and\": []\n        }\n      ]\n    }\n  },\n  {\n    \"title\": \"matchRule sample 3\",\n    \"value\": {\n      \"and\": []\n    }\n  },\n  {\n    \"title\": \"matchRule sample 4\",\n    \"value\": {\n      \"or\": []\n    }\n  },\n  {\n    \"title\": \"matchRule sample 5\",\n    \"value\": {\n      \"or\": [\n        {\n          \"and\": [\n            \"UK923\"\n          ]\n        },\n        {\n          \"and\": [\n            \"DI7123\",\n            {\n              \"or\": []\n            }\n          ]\n        },\n        {\n          \"pattern\": \"WZ68\",\n          \"exclude\": \"MWW4\",\n          \"info\": \"XEj6&)\"\n        },\n        \"TSx*xS\"\n      ]\n    }\n  },\n  {\n    \"title\": \"matchRule sample 6\",\n    \"value\": {\n      \"pattern\": \"ID8Z\",\n      \"exclude\": [\n        \"MSTx44D\",\n        \"TUG8\",\n        \"CO569\"\n      ],\n      \"info\": \"\"\n    }\n  },\n  {\n    \"title\": \"matchRule sample 7\",\n    \"value\": {\n      \"and\": [\n        \"PX2\",\n        {\n          \"pattern\": \"SLX*\",\n          \"exclude\": \"IGG8\",\n          \"info\": \"q)<0k\"\n        },\n        \"QF6x\",\n        {\n          \"or\": [\n            \"RG58\",\n            \"UXX2D\",\n            {\n              \"and\": [\n                {\n                  \"and\": [\n                    {\n                      \"and\": [\n                        \"SXU9K\",\n                        \"FA2x\",\n                        {\n                          \"or\": [\n                            \"VWQ21\"\n                          ]\n                        }\n                      ]\n                    },\n                    \"NOY534\"\n                  ]\n                },\n                \"KS14R\",\n                \"OUx3D\",\n                \"NMN63K\"\n              ]\n            },\n            \"ZZ540xL\",\n            \"DRNx\"\n          ]\n        },\n        {\n          \"pattern\": \"PS4\",\n          \"exclude\": [\n            \"RMJ*L\",\n            \"JF8C\",\n            \"USN2\",\n            \"GCWx7P\",\n            \"IZ2\"\n          ],\n          \"info\": \"|!%%]\"\n        }\n      ]\n    }\n  },\n  {\n    \"title\": \"matchRule sample 8\",\n    \"value\": {\n      \"and\": [\n        {\n          \"or\": [\n            \"IY28L\"\n          ]\n        }\n      ]\n    }\n  },\n  {\n    \"title\": \"matchRule sample 9\",\n    \"value\": {\n      \"and\": [\n        {\n          \"and\": [\n            \"UB081\",\n            \"KTF5*X\",\n            {\n              \"pattern\": \"YKT336\",\n              \"exclude\": [],\n              \"info\": \"gp>WS\"\n            },\n            {\n              \"and\": [\n                {\n                  \"and\": []\n                },\n                \"ICD0*15T\",\n                {\n                  \"pattern\": \"LY4E\",\n                  \"exclude\": [\n                    \"ZN8x4*V\",\n                    \"SYK3092\"\n                  ],\n                  \"info\": \"U1lWwbb\"\n                },\n                \"DGC240X\"\n              ]\n            },\n            \"TWY54x9R\"\n          ]\n        },\n        {\n          \"pattern\": \"ON*x*N\"\n        },\n        {\n          \"pattern\": \"HDY760J\",\n          \"exclude\": [\n            \"LH247\"\n          ],\n          \"info\": \"M\"\n        }\n      ]\n    }\n  }\n]",
              "code": "fast_check_1.sample(index_test_2.matchRule, 10).forEach((sample, i) => addContext_1.default(this, {\n    title: `matchRule sample ${i}`,\n    value: sample,\n}));\nreturn fast_check_1.assert(fast_check_1.property(index_test_2.matchRule, ajvValidate));",
              "err": {},
              "uuid": "e5b9a307-35a3-4c5c-821f-106713dbb167",
              "parentUUID": "fc458648-ccf1-47bf-a43c-a6afb413c4da",
              "isHook": false,
              "skipped": false
            },
            {
              "title": "should not validate non-string/object",
              "fullTitle": "matchRuleSchema should not validate non-string/object",
              "timedOut": false,
              "duration": 0,
              "state": "passed",
              "speed": "fast",
              "pass": true,
              "fail": false,
              "pending": false,
              "context": null,
              "code": "const error = {\n    instancePath: \"\",\n    message: \"match rule should be either a string or an object\",\n};\nisInvalidRule(null, error);\nisInvalidRule(undefined, error);\nisInvalidRule(10, error);\nisInvalidRule([12, 24], error);",
              "err": {},
              "uuid": "9499ced8-18e7-4cce-a3f2-486809a3042b",
              "parentUUID": "fc458648-ccf1-47bf-a43c-a6afb413c4da",
              "isHook": false,
              "skipped": false
            },
            {
              "title": "should not validate match rules with extra properties",
              "fullTitle": "matchRuleSchema should not validate match rules with extra properties",
              "timedOut": false,
              "duration": 0,
              "state": "passed",
              "speed": "fast",
              "pass": true,
              "fail": false,
              "pending": false,
              "context": null,
              "code": "isInvalidRule({\n        and: [{ or: [{ pattern: \"CS2103T\", info2: \"foobar\" }], abc: \"def\" }],\n        mno: \"pqr\",\n    }, {\n        instancePath: \"/and/0/or/0\",\n        message: \"pattern match rule should have properties 'pattern', 'exclude' (optional) and 'info' (optional) only\",\n    }, {\n        instancePath: \"/and/0\",\n        message: \"or match rule should have property 'or' only\",\n    }, {\n        instancePath: \"\",\n        message: \"and match rule should have property 'and' only\",\n    })",
              "err": {},
              "uuid": "4d341814-99b5-454a-8648-b197f3b83d24",
              "parentUUID": "fc458648-ccf1-47bf-a43c-a6afb413c4da",
              "isHook": false,
              "skipped": false
            },
            {
              "title": "should not validate ambiguous match rules",
              "fullTitle": "matchRuleSchema should not validate ambiguous match rules",
              "timedOut": false,
              "duration": 0,
              "state": "passed",
              "speed": "fast",
              "pass": true,
              "fail": false,
              "pending": false,
              "context": null,
              "code": "const message = \"match rule should have only one of properties 'pattern', 'and', 'or'\";\nisInvalidRule({\n    or: [\n        { pattern: \"CS1231\", and: [] },\n        { pattern: \"CS1231\", or: [] },\n        { and: [{ and: [\"abc\"], or: [\"def\"] }] },\n    ],\n}, { instancePath: \"/or/0\", message }, { instancePath: \"/or/1\", message }, { instancePath: \"/or/2/and/0\", message });",
              "err": {},
              "uuid": "614efea9-6e84-46f9-92e7-079acfc0af90",
              "parentUUID": "fc458648-ccf1-47bf-a43c-a6afb413c4da",
              "isHook": false,
              "skipped": false
            },
            {
              "title": "should not validate pattern match rule with invalid patterns",
              "fullTitle": "matchRuleSchema should not validate pattern match rule with invalid patterns",
              "timedOut": false,
              "duration": 1,
              "state": "passed",
              "speed": "fast",
              "pass": true,
              "fail": false,
              "pending": false,
              "context": null,
              "code": "const message = \"pattern should be a non-empty string composed of A-Z, 0-9, x or *\";\nisInvalidRule({\n    and: [\n        \"CS210c\",\n        { pattern: \"CS2100\", exclude: \"CS1231s\" },\n        { pattern: \"CS210#T\", exclude: [\"CS1231\", \"CS21%\"] },\n    ],\n}, { instancePath: \"/and/0\", message }, { instancePath: \"/and/1/exclude\", message }, { instancePath: \"/and/2/pattern\", message }, { instancePath: \"/and/2/exclude/1\", message });",
              "err": {},
              "uuid": "6d675d0b-9432-4627-851b-eb8a5cff77d2",
              "parentUUID": "fc458648-ccf1-47bf-a43c-a6afb413c4da",
              "isHook": false,
              "skipped": false
            },
            {
              "title": "should not validate pattern match rule with non-string/array exclude",
              "fullTitle": "matchRuleSchema should not validate pattern match rule with non-string/array exclude",
              "timedOut": false,
              "duration": 0,
              "state": "passed",
              "speed": "fast",
              "pass": true,
              "fail": false,
              "pending": false,
              "context": null,
              "code": "const message = \"property 'exclude' should be either a pattern or an array of patterns\";\nisInvalidRule({\n    or: [\n        { pattern: \"CS2101\", exclude: {} },\n        { pattern: \"CS2101\", exclude: 5 },\n    ],\n}, { instancePath: \"/or/0/exclude\", message }, { instancePath: \"/or/1/exclude\", message });",
              "err": {},
              "uuid": "f8c11cbd-caa4-49a6-ad7a-a5397743fc8a",
              "parentUUID": "fc458648-ccf1-47bf-a43c-a6afb413c4da",
              "isHook": false,
              "skipped": false
            },
            {
              "title": "should not validate pattern match rule with non-string info",
              "fullTitle": "matchRuleSchema should not validate pattern match rule with non-string info",
              "timedOut": false,
              "duration": 0,
              "state": "passed",
              "speed": "fast",
              "pass": true,
              "fail": false,
              "pending": false,
              "context": null,
              "code": "const message = \"property 'info' should be a string\";\nisInvalidRule({ pattern: \"CS2101\", info: 42 }, { instancePath: \"/info\", message });",
              "err": {},
              "uuid": "94ba6cb1-a4e5-42ba-9e3c-0eff3c58b83f",
              "parentUUID": "fc458648-ccf1-47bf-a43c-a6afb413c4da",
              "isHook": false,
              "skipped": false
            },
            {
              "title": "should not validate and match rules with non-array property",
              "fullTitle": "matchRuleSchema should not validate and match rules with non-array property",
              "timedOut": false,
              "duration": 0,
              "state": "passed",
              "speed": "fast",
              "pass": true,
              "fail": false,
              "pending": false,
              "context": null,
              "code": "const message = \"property 'and' should be an array of match rules\";\nisInvalidRule({ or: [{ and: {} }, { or: [{ and: 3 }] }] }, { instancePath: \"/or/0/and\", message }, { instancePath: \"/or/1/or/0/and\", message });",
              "err": {},
              "uuid": "bc27d048-b660-48dd-9703-ff03fc761042",
              "parentUUID": "fc458648-ccf1-47bf-a43c-a6afb413c4da",
              "isHook": false,
              "skipped": false
            },
            {
              "title": "should not validate or match rules with non-array property",
              "fullTitle": "matchRuleSchema should not validate or match rules with non-array property",
              "timedOut": false,
              "duration": 1,
              "state": "passed",
              "speed": "fast",
              "pass": true,
              "fail": false,
              "pending": false,
              "context": null,
              "code": "const message = \"property 'or' should be an array of match rules\";\nisInvalidRule({ or: [{ or: {} }, { and: [{ or: 3 }] }] }, { instancePath: \"/or/0/or\", message }, { instancePath: \"/or/1/and/0/or\", message });",
              "err": {},
              "uuid": "a3808f55-9787-4f6f-b1f0-cef3910ec8c4",
              "parentUUID": "fc458648-ccf1-47bf-a43c-a6afb413c4da",
              "isHook": false,
              "skipped": false
            }
          ],
          "suites": [],
          "passes": [
            "c7552d8c-65bb-4529-8bc6-5dc3fada6fcf",
            "282ef531-ee9b-42d8-ba93-7a61743d3d34",
            "e5b9a307-35a3-4c5c-821f-106713dbb167",
            "9499ced8-18e7-4cce-a3f2-486809a3042b",
            "4d341814-99b5-454a-8648-b197f3b83d24",
            "614efea9-6e84-46f9-92e7-079acfc0af90",
            "6d675d0b-9432-4627-851b-eb8a5cff77d2",
            "f8c11cbd-caa4-49a6-ad7a-a5397743fc8a",
            "94ba6cb1-a4e5-42ba-9e3c-0eff3c58b83f",
            "bc27d048-b660-48dd-9703-ff03fc761042",
            "a3808f55-9787-4f6f-b1f0-cef3910ec8c4"
          ],
          "failures": [],
          "pending": [],
          "skipped": [],
          "duration": 12,
          "root": false,
          "rootEmpty": false,
          "_timeout": 2000
        },
        {
          "uuid": "f5f5f347-c4a5-4baa-9f62-f05f1f60f2f6",
          "title": "inequalitySchema",
          "fullFile": "/home/runner/work/planwithus-lib/planwithus-lib/src/satisfyRule/inequality/schemas.test.ts",
          "file": "/src/satisfyRule/inequality/schemas.test.ts",
          "beforeHooks": [],
          "afterHooks": [],
          "tests": [
            {
              "title": "should validate inequality in the form <=n or >=n",
              "fullTitle": "inequalitySchema should validate inequality in the form <=n or >=n",
              "timedOut": false,
              "duration": 1,
              "state": "passed",
              "speed": "fast",
              "pass": true,
              "fail": false,
              "pending": false,
              "context": "[\n  {\n    \"title\": \"inequality sample 0\",\n    \"value\": \">=196\"\n  },\n  {\n    \"title\": \"inequality sample 1\",\n    \"value\": \">=19\"\n  },\n  {\n    \"title\": \"inequality sample 2\",\n    \"value\": \"<=197\"\n  },\n  {\n    \"title\": \"inequality sample 3\",\n    \"value\": \">=160\"\n  },\n  {\n    \"title\": \"inequality sample 4\",\n    \"value\": \">=8\"\n  },\n  {\n    \"title\": \"inequality sample 5\",\n    \"value\": \">=146\"\n  },\n  {\n    \"title\": \"inequality sample 6\",\n    \"value\": \"<=98\"\n  },\n  {\n    \"title\": \"inequality sample 7\",\n    \"value\": \">=4\"\n  },\n  {\n    \"title\": \"inequality sample 8\",\n    \"value\": \">=200\"\n  },\n  {\n    \"title\": \"inequality sample 9\",\n    \"value\": \">=166\"\n  }\n]",
              "code": "fast_check_1.sample(index_test_2.inequality, 10).forEach((sample, i) => addContext_1.default(this, {\n    title: `inequality sample ${i}`,\n    value: sample,\n}));\nreturn fast_check_1.assert(fast_check_1.property(index_test_2.inequality, ajvValidate));",
              "err": {},
              "uuid": "a1335c51-928b-4da5-a3ea-40fc9cb1ab07",
              "parentUUID": "f5f5f347-c4a5-4baa-9f62-f05f1f60f2f6",
              "isHook": false,
              "skipped": false
            },
            {
              "title": "should not validate inequality of invalid form",
              "fullTitle": "inequalitySchema should not validate inequality of invalid form",
              "timedOut": false,
              "duration": 2,
              "state": "passed",
              "speed": "fast",
              "pass": true,
              "fail": false,
              "pending": false,
              "context": null,
              "code": "[\n        \"\",\n        \"==23\",\n        \"23\",\n        \"<23\",\n        \">23\",\n        \"<=-1\",\n        \">=-1\",\n        \"<= 2\",\n        \">= 1\",\n        \"> 3\",\n        \"< 3\",\n        \"<=3a\",\n        \">=3a\",\n        \"a<=3\",\n        \"a>=3\",\n    ].forEach(isInvalidInequality)",
              "err": {},
              "uuid": "24992e71-9fee-49e4-abf8-24abe46a7f68",
              "parentUUID": "f5f5f347-c4a5-4baa-9f62-f05f1f60f2f6",
              "isHook": false,
              "skipped": false
            }
          ],
          "suites": [],
          "passes": [
            "a1335c51-928b-4da5-a3ea-40fc9cb1ab07",
            "24992e71-9fee-49e4-abf8-24abe46a7f68"
          ],
          "failures": [],
          "pending": [],
          "skipped": [],
          "duration": 3,
          "root": false,
          "rootEmpty": false,
          "_timeout": 2000
        },
        {
          "uuid": "77a048ba-cd30-40b9-9b87-6b46bf4e4474",
          "title": "satisfyRuleSchema",
          "fullFile": "/home/runner/work/planwithus-lib/planwithus-lib/src/satisfyRule/schemas.test.ts",
          "file": "/src/satisfyRule/schemas.test.ts",
          "beforeHooks": [],
          "afterHooks": [],
          "tests": [
            {
              "title": "should validate satisfy rule with valid block id",
              "fullTitle": "satisfyRuleSchema should validate satisfy rule with valid block id",
              "timedOut": false,
              "duration": 1,
              "state": "passed",
              "speed": "fast",
              "pass": true,
              "fail": false,
              "pending": false,
              "context": null,
              "code": "fast_check_1.assert(fast_check_1.property(fast_check_1.string(), ajvValidate)",
              "err": {},
              "uuid": "38d8c1a6-50b3-490c-a017-cdfafc56770b",
              "parentUUID": "77a048ba-cd30-40b9-9b87-6b46bf4e4474",
              "isHook": false,
              "skipped": false
            },
            {
              "title": "should validate satisfy rules with valid mc",
              "fullTitle": "satisfyRuleSchema should validate satisfy rules with valid mc",
              "timedOut": false,
              "duration": 2,
              "state": "passed",
              "speed": "fast",
              "pass": true,
              "fail": false,
              "pending": false,
              "context": "[\n  {\n    \"title\": \"mcSatisfyRule sample 0\",\n    \"value\": {\n      \"mc\": \"<=74\"\n    }\n  },\n  {\n    \"title\": \"mcSatisfyRule sample 1\",\n    \"value\": {\n      \"mc\": \"<=7\"\n    }\n  },\n  {\n    \"title\": \"mcSatisfyRule sample 2\",\n    \"value\": {\n      \"mc\": \">=16\"\n    }\n  },\n  {\n    \"title\": \"mcSatisfyRule sample 3\",\n    \"value\": {\n      \"mc\": \"<=12\"\n    }\n  },\n  {\n    \"title\": \"mcSatisfyRule sample 4\",\n    \"value\": {\n      \"mc\": \"<=38\"\n    }\n  },\n  {\n    \"title\": \"mcSatisfyRule sample 5\",\n    \"value\": {\n      \"mc\": \">=3\"\n    }\n  },\n  {\n    \"title\": \"mcSatisfyRule sample 6\",\n    \"value\": {\n      \"mc\": \">=140\"\n    }\n  },\n  {\n    \"title\": \"mcSatisfyRule sample 7\",\n    \"value\": {\n      \"mc\": \"<=124\"\n    }\n  },\n  {\n    \"title\": \"mcSatisfyRule sample 8\",\n    \"value\": {\n      \"mc\": \">=194\"\n    }\n  },\n  {\n    \"title\": \"mcSatisfyRule sample 9\",\n    \"value\": {\n      \"mc\": \">=8\"\n    }\n  }\n]",
              "code": "fast_check_1.sample(index_test_2.mcSatisfyRule, 10).forEach((sample, i) => addContext_1.default(this, {\n    title: `mcSatisfyRule sample ${i}`,\n    value: sample,\n}));\nreturn fast_check_1.assert(fast_check_1.property(index_test_2.mcSatisfyRule, ajvValidate));",
              "err": {},
              "uuid": "7126ebb8-c851-4df4-a1f8-34199e4e76f4",
              "parentUUID": "77a048ba-cd30-40b9-9b87-6b46bf4e4474",
              "isHook": false,
              "skipped": false
            },
            {
              "title": "should validate valid recursive satisfy rules",
              "fullTitle": "satisfyRuleSchema should validate valid recursive satisfy rules",
              "timedOut": false,
              "duration": 4,
              "state": "passed",
              "speed": "fast",
              "pass": true,
              "fail": false,
              "pending": false,
              "context": "[\n  {\n    \"title\": \"satisfyRule sample 0\",\n    \"value\": \"^okR@4\"\n  },\n  {\n    \"title\": \"satisfyRule sample 1\",\n    \"value\": {\n      \"and\": [\n        {\n          \"and\": [\n            {\n              \"mc\": \">=12\"\n            },\n            \">5\\\\YE\",\n            \"i^.PL(_59F\"\n          ]\n        }\n      ]\n    }\n  },\n  {\n    \"title\": \"satisfyRule sample 2\",\n    \"value\": {\n      \"or\": [\n        \"Cz|a(\",\n        {\n          \"and\": [\n            {\n              \"or\": [\n                \"/b46Vuh(xK\"\n              ]\n            },\n            {\n              \"and\": [\n                {\n                  \"and\": [\n                    \"]j%\"\n                  ]\n                },\n                {\n                  \"and\": []\n                },\n                \"h8;9k#(E\"\n              ]\n            },\n            {\n              \"or\": []\n            },\n            {\n              \"or\": [\n                \"\",\n                {\n                  \"mc\": \">=174\"\n                }\n              ]\n            }\n          ]\n        },\n        {\n          \"mc\": \"<=176\"\n        },\n        \"j|mHL`hdr\",\n        {\n          \"or\": [\n            \"\",\n            \"c[[zH\",\n            \"%5Q=hzH\",\n            {\n              \"or\": [\n                {\n                  \"and\": [\n                    \"%)N.9@L,O\",\n                    \"~a\"\n                  ]\n                },\n                \"oLd(/^C-\"\n              ]\n            },\n            {\n              \"and\": []\n            }\n          ]\n        }\n      ]\n    }\n  },\n  {\n    \"title\": \"satisfyRule sample 3\",\n    \"value\": {\n      \"and\": [\n        {\n          \"and\": []\n        },\n        \"bG\"\n      ]\n    }\n  },\n  {\n    \"title\": \"satisfyRule sample 4\",\n    \"value\": \"o\\\"0#rgu\"\n  },\n  {\n    \"title\": \"satisfyRule sample 5\",\n    \"value\": {\n      \"or\": [\n        {\n          \"mc\": \"<=87\"\n        },\n        {\n          \"mc\": \"<=8\"\n        },\n        {\n          \"mc\": \"<=101\"\n        },\n        {\n          \"or\": [\n            \"yDv+\",\n            \"NG\",\n            \"0n\",\n            \"G$l98'j9>r\"\n          ]\n        }\n      ]\n    }\n  },\n  {\n    \"title\": \"satisfyRule sample 6\",\n    \"value\": \"Y\"\n  },\n  {\n    \"title\": \"satisfyRule sample 7\",\n    \"value\": {\n      \"or\": [\n        {\n          \"or\": [\n            {\n              \"and\": []\n            },\n            {\n              \"mc\": \">=99\"\n            }\n          ]\n        },\n        {\n          \"mc\": \"<=99\"\n        },\n        \"M5NiMW\",\n        {\n          \"mc\": \"<=3\"\n        },\n        {\n          \"or\": [\n            \"U^6H(ywT2H\"\n          ]\n        }\n      ]\n    }\n  },\n  {\n    \"title\": \"satisfyRule sample 8\",\n    \"value\": \"}}i\"\n  },\n  {\n    \"title\": \"satisfyRule sample 9\",\n    \"value\": \"Q\"\n  }\n]",
              "code": "fast_check_1.sample(index_test_2.satisfyRule, 10).forEach((sample, i) => addContext_1.default(this, {\n    title: `satisfyRule sample ${i}`,\n    value: sample,\n}));\nreturn fast_check_1.assert(fast_check_1.property(index_test_2.satisfyRule, ajvValidate));",
              "err": {},
              "uuid": "14998ba2-702a-4a0e-955f-c2e8bc422c9c",
              "parentUUID": "77a048ba-cd30-40b9-9b87-6b46bf4e4474",
              "isHook": false,
              "skipped": false
            },
            {
              "title": "should not validate non-string/object",
              "fullTitle": "satisfyRuleSchema should not validate non-string/object",
              "timedOut": false,
              "duration": 1,
              "state": "passed",
              "speed": "fast",
              "pass": true,
              "fail": false,
              "pending": false,
              "context": null,
              "code": "const error = {\n    instancePath: \"\",\n    message: \"satisfy rule should be either a string or an object\",\n};\nisInvalidRule(null, error);\nisInvalidRule(undefined, error);\nisInvalidRule(10, error);\nisInvalidRule([12, 24], error);",
              "err": {},
              "uuid": "6fdc39d6-aa6d-49c1-9578-9ed2d32569dc",
              "parentUUID": "77a048ba-cd30-40b9-9b87-6b46bf4e4474",
              "isHook": false,
              "skipped": false
            },
            {
              "title": "should not validate satisfy rules with extra properties",
              "fullTitle": "satisfyRuleSchema should not validate satisfy rules with extra properties",
              "timedOut": false,
              "duration": 1,
              "state": "passed",
              "speed": "fast",
              "pass": true,
              "fail": false,
              "pending": false,
              "context": null,
              "code": "isInvalidRule({\n        and: [\n            { or: [\"2k\"], abc: \"def\" },\n            { mc: 8, ghi: \"jkl\" },\n        ],\n        mno: \"pqr\",\n    }, {\n        instancePath: \"/and/0\",\n        message: \"or satisfy rule should have property 'or' only\",\n    }, {\n        instancePath: \"/and/1\",\n        message: \"MC satisfy rule should have property 'mc' only\",\n    }, {\n        instancePath: \"\",\n        message: \"and satisfy rule should have property 'and' only\",\n    })",
              "err": {},
              "uuid": "bc8661ca-d3d4-4361-bfe3-fcb90ed03070",
              "parentUUID": "77a048ba-cd30-40b9-9b87-6b46bf4e4474",
              "isHook": false,
              "skipped": false
            },
            {
              "title": "should not validate ambiguous satisfy rules",
              "fullTitle": "satisfyRuleSchema should not validate ambiguous satisfy rules",
              "timedOut": false,
              "duration": 0,
              "state": "passed",
              "speed": "fast",
              "pass": true,
              "fail": false,
              "pending": false,
              "context": null,
              "code": "const message = \"satisfy rule should have only one of properties 'mc', 'and', 'or'\";\nisInvalidRule({\n    or: [\n        { mc: 5, and: [\"CS2040\"] },\n        { and: [{ and: [\"abc\"], or: [\"def\"] }] },\n    ],\n}, { instancePath: \"/or/0\", message }, { instancePath: \"/or/1/and/0\", message });",
              "err": {},
              "uuid": "c18ddd65-345a-44e4-ae45-da23652cc5ad",
              "parentUUID": "77a048ba-cd30-40b9-9b87-6b46bf4e4474",
              "isHook": false,
              "skipped": false
            },
            {
              "title": "should not validate and satisfy rules with non-array property",
              "fullTitle": "satisfyRuleSchema should not validate and satisfy rules with non-array property",
              "timedOut": false,
              "duration": 1,
              "state": "passed",
              "speed": "fast",
              "pass": true,
              "fail": false,
              "pending": false,
              "context": null,
              "code": "const message = \"property 'and' should be an array of satisfy rules\";\nisInvalidRule({ or: [{ and: {} }, { or: [{ and: 3 }] }] }, { instancePath: \"/or/0/and\", message }, { instancePath: \"/or/1/or/0/and\", message });",
              "err": {},
              "uuid": "f9982dfa-333d-44b4-851a-49e6e39fe6ec",
              "parentUUID": "77a048ba-cd30-40b9-9b87-6b46bf4e4474",
              "isHook": false,
              "skipped": false
            },
            {
              "title": "should not validate or satisfy rules with non-array property",
              "fullTitle": "satisfyRuleSchema should not validate or satisfy rules with non-array property",
              "timedOut": false,
              "duration": 1,
              "state": "passed",
              "speed": "fast",
              "pass": true,
              "fail": false,
              "pending": false,
              "context": null,
              "code": "const message = \"property 'or' should be an array of satisfy rules\";\nisInvalidRule({ and: [{ or: {} }, { and: [{ or: 3 }] }] }, { instancePath: \"/and/0/or\", message }, { instancePath: \"/and/1/and/0/or\", message });",
              "err": {},
              "uuid": "055e41d9-7507-491b-b3ea-ae0b7ef49b0f",
              "parentUUID": "77a048ba-cd30-40b9-9b87-6b46bf4e4474",
              "isHook": false,
              "skipped": false
            }
          ],
          "suites": [],
          "passes": [
            "38d8c1a6-50b3-490c-a017-cdfafc56770b",
            "7126ebb8-c851-4df4-a1f8-34199e4e76f4",
            "14998ba2-702a-4a0e-955f-c2e8bc422c9c",
            "6fdc39d6-aa6d-49c1-9578-9ed2d32569dc",
            "bc8661ca-d3d4-4361-bfe3-fcb90ed03070",
            "c18ddd65-345a-44e4-ae45-da23652cc5ad",
            "f9982dfa-333d-44b4-851a-49e6e39fe6ec",
            "055e41d9-7507-491b-b3ea-ae0b7ef49b0f"
          ],
          "failures": [],
          "pending": [],
          "skipped": [],
          "duration": 11,
          "root": false,
          "rootEmpty": false,
          "_timeout": 2000
        }
      ],
      "passes": [],
      "failures": [],
      "pending": [],
      "skipped": [],
      "duration": 0,
      "root": true,
      "rootEmpty": true,
      "_timeout": 2000
    }
  ],
  "meta": {
    "mocha": {
      "version": "9.0.0"
    },
    "mochawesome": {
      "options": {
        "quiet": false,
        "reportFilename": "mochawesome",
        "saveHtml": true,
        "saveJson": true,
        "consoleReporter": "spec",
        "useInlineDiffs": false,
        "code": true
      },
      "version": "6.2.2"
    },
    "marge": {
      "options": {
        "reportDir": "docs"
      },
      "version": "5.2.0"
    }
  }
}