{
  "stats": {
    "suites": 10,
    "tests": 48,
    "passes": 48,
    "pending": 0,
    "failures": 0,
    "start": "2021-08-04T07:59:52.697Z",
    "end": "2021-08-04T07:59:53.040Z",
    "duration": 343,
    "testsRegistered": 48,
    "passPercent": 100,
    "pendingPercent": 0,
    "other": 0,
    "hasOther": false,
    "skipped": 0,
    "hasSkipped": false
  },
  "results": [
    {
      "uuid": "89d513f4-4877-405f-80f9-8b64efd31d4b",
      "title": "",
      "fullFile": "",
      "file": "",
      "beforeHooks": [],
      "afterHooks": [],
      "tests": [],
      "suites": [
        {
          "uuid": "d842522a-a87e-4a0e-9cd7-e233d45eec81",
          "title": "initDirectories",
          "fullFile": "/home/runner/work/planwithus-lib/planwithus-lib/src/block/schemas.test.ts",
          "file": "/src/block/schemas.test.ts",
          "beforeHooks": [],
          "afterHooks": [],
          "tests": [
            {
              "title": "should parse all blocks with no errors",
              "fullTitle": "initDirectories should parse all blocks with no errors",
              "timedOut": false,
              "duration": 3,
              "state": "passed",
              "speed": "fast",
              "pass": true,
              "fail": false,
              "pending": false,
              "context": null,
              "code": "_1.initDirectories.should.not.throw()",
              "err": {},
              "uuid": "6dd6453d-0265-421a-8a40-1f2938ec72ec",
              "parentUUID": "d842522a-a87e-4a0e-9cd7-e233d45eec81",
              "isHook": false,
              "skipped": false
            },
            {
              "title": "should produce primary, second & minor directories",
              "fullTitle": "initDirectories should produce primary, second & minor directories",
              "timedOut": false,
              "duration": 3,
              "state": "passed",
              "speed": "fast",
              "pass": true,
              "fail": false,
              "pending": false,
              "context": null,
              "code": "const directories = _1.initDirectories();\ndirectories.should.have.property(\"primary\");\ndirectories.should.have.property(\"second\");\ndirectories.should.have.property(\"minor\");",
              "err": {},
              "uuid": "ea1a06e2-76ec-4cdd-85b8-2a4cac288eac",
              "parentUUID": "d842522a-a87e-4a0e-9cd7-e233d45eec81",
              "isHook": false,
              "skipped": false
            }
          ],
          "suites": [],
          "passes": [
            "6dd6453d-0265-421a-8a40-1f2938ec72ec",
            "ea1a06e2-76ec-4cdd-85b8-2a4cac288eac"
          ],
          "failures": [],
          "pending": [],
          "skipped": [],
          "duration": 6,
          "root": false,
          "rootEmpty": false,
          "_timeout": 2000
        },
        {
          "uuid": "e5e608b5-5bc5-4a90-a2df-8c490af083d7",
          "title": "blockSchema",
          "fullFile": "/home/runner/work/planwithus-lib/planwithus-lib/src/block/schemas.test.ts",
          "file": "/src/block/schemas.test.ts",
          "beforeHooks": [],
          "afterHooks": [],
          "tests": [
            {
              "title": "should validate valid block",
              "fullTitle": "blockSchema should validate valid block",
              "timedOut": false,
              "duration": 187,
              "state": "passed",
              "speed": "slow",
              "pass": true,
              "fail": false,
              "pending": false,
              "context": "[\n  {\n    \"title\": \"block sample 0\",\n    \"value\": {\n      \"name\": \"I\",\n      \"ay\": 1952,\n      \"match\": {\n        \"pattern\": \"WH9\",\n        \"exclude\": \"EI5035R\",\n        \"info\": \"$f&$>\"\n      },\n      \"satisfy\": \"&\",\n      \"url\": \"https://z-tbh3qigibwyx3hh92b.d.y.kqklo//vUf7/BR%F1%94%B8%919x\",\n      \"info\": \"\",\n      \"isSelectable\": true,\n      \"IUHLX>)h\": {\n        \"4\": {\n          \"name\": \"ZR$\",\n          \"assign\": \"#:*\",\n          \"match\": [\n            {\n              \"or\": [\n                \"UA66\",\n                {\n                  \"pattern\": \"VK302\"\n                },\n                {\n                  \"pattern\": \"HJT9*x8\",\n                  \"exclude\": \"HW*7\",\n                  \"info\": \"W.^e[N\"\n                }\n              ]\n            },\n            {\n              \"or\": [\n                {\n                  \"or\": [\n                    \"UI914O\",\n                    \"YMQ7xU\",\n                    \"UPH*x1Y\",\n                    \"OHM2\"\n                  ]\n                },\n                {\n                  \"pattern\": \"OKY0Z\",\n                  \"info\": \"l98\"\n                }\n              ]\n            },\n            \"YXx834K\",\n            {\n              \"or\": []\n            },\n            {\n              \"and\": [\n                {\n                  \"and\": []\n                },\n                {\n                  \"and\": [\n                    \"PR83O\",\n                    {\n                      \"pattern\": \"GPY33\",\n                      \"exclude\": \"JF1\",\n                      \"info\": \"Xu *kAA(nx\"\n                    },\n                    \"PHY6263X\",\n                    \"HLQ2**2I\",\n                    {\n                      \"pattern\": \"JNW80\",\n                      \"exclude\": \"WOY*56C\",\n                      \"info\": \"+:n49c^^M\"\n                    }\n                  ]\n                },\n                \"ECZ76\",\n                {\n                  \"pattern\": \"BIK5B\",\n                  \"exclude\": \"OUQx019\",\n                  \"info\": \"V6\"\n                },\n                {\n                  \"and\": [\n                    {\n                      \"or\": [\n                        \"BCG55V\"\n                      ]\n                    },\n                    {\n                      \"and\": []\n                    },\n                    {\n                      \"and\": [\n                        \"CV420I\"\n                      ]\n                    },\n                    {\n                      \"or\": []\n                    }\n                  ]\n                }\n              ]\n            }\n          ],\n          \"satisfy\": \"8IySc`\",\n          \"info\": \"lhR|P>R\",\n          \"isSelectable\": true\n        },\n        \"assign\": \"DQiy}}VAu\",\n        \"satisfy\": {\n          \"mc\": \"<=93\"\n        },\n        \"url\": \"http://b42sd1vrqgqr0.wv6txxvfqzgk21138c312b2y3gr8f126g1x0b5sjlwqg9ec6tw5c.pljks0fm30h43chfhcppsghxk6va2zyjq5jx.to6wpt42nr3hja94bx2ibga3dm-s94pqhi1e1dn4g13dd5uwa936m6ck.rjeyn/%F0%B5%8F%B9sNV7%F2%BE%B6%86\",\n        \"info\": \"2/<J/,\",\n        \"isSelectable\": true,\n        \"f-B-kYjwr3\": {\n          \"name\": \"hK\",\n          \"ay\": 1977,\n          \"assign\": \"!fxN3M*\\\\\",\n          \"match\": {\n            \"pattern\": \"IU1427A\",\n            \"exclude\": \"TS62\",\n            \"info\": \"\"\n          },\n          \"url\": \"https://eafdw1uicxnjpb.dltm/0S%F3%B0%8F%914uUwX/1)%F0%A0%8F%94/Z:a%F1%AA%8C%B6%F1%BE%B2%9CC/%F4%89%AA%95;2%F3%95%92%B5xBa+J/eTe%E6%93%BA%F1%9E%8E%BDF\",\n          \"info\": \"Nn3wI\",\n          \"isSelectable\": true\n        },\n        \"\": {\n          \"name\": \"^sk\",\n          \"assign\": [\n            \"?`(L\\\"|5G\",\n            \"1H\",\n            \"Yd>{CIi\",\n            \"\\\\tcZ@zERr'\",\n            \"-UdOlJp4[1\"\n          ],\n          \"match\": {\n            \"and\": []\n          },\n          \"satisfy\": {\n            \"mc\": \"<=120\"\n          },\n          \"url\": \"http://cqhad4-xmialmsw3o.feld\",\n          \"isSelectable\": true\n        },\n        \"(!Y4Rr`\": {\n          \"name\": \"[ _PF!B\",\n          \"ay\": 2014,\n          \"assign\": [\n            \"aG,\"\n          ],\n          \"match\": [\n            {\n              \"or\": [\n                {\n                  \"or\": [\n                    {\n                      \"or\": [\n                        \"LQ2x0Q\"\n                      ]\n                    }\n                  ]\n                },\n                {\n                  \"or\": [\n                    {\n                      \"or\": [\n                        \"EOC2L\",\n                        \"ZI81*1\"\n                      ]\n                    },\n                    {\n                      \"pattern\": \"TC3xV\",\n                      \"exclude\": \"KI522Y\"\n                    },\n                    {\n                      \"or\": [\n                        \"BUD402E\",\n                        \"VEG3\"\n                      ]\n                    }\n                  ]\n                },\n                {\n                  \"pattern\": \"MSY5098S\",\n                  \"info\": \">Ps\"\n                }\n              ]\n            }\n          ],\n          \"satisfy\": {\n            \"and\": [\n              {\n                \"or\": []\n              },\n              {\n                \"mc\": \">=70\"\n              },\n              {\n                \"and\": [\n                  {\n                    \"or\": [\n                      {\n                        \"or\": [\n                          \"\"\n                        ]\n                      },\n                      \"ZB^A\",\n                      \">\",\n                      \"R09+u?o.9\",\n                      {\n                        \"mc\": \">=133\"\n                      }\n                    ]\n                  },\n                  {\n                    \"mc\": \">=112\"\n                  },\n                  {\n                    \"and\": [\n                      \"|#\"\n                    ]\n                  },\n                  \"\"\n                ]\n              },\n              \"\",\n              {\n                \"or\": [\n                  \"Y}Q%f*;\",\n                  \"qT8[q\",\n                  {\n                    \"mc\": \">=164\"\n                  },\n                  {\n                    \"or\": [\n                      {\n                        \"mc\": \">=8\"\n                      },\n                      \"9CiUQ\",\n                      \"Qr\",\n                      {\n                        \"or\": []\n                      }\n                    ]\n                  }\n                ]\n              }\n            ]\n          },\n          \"url\": \"http://1pm0m0r44haian0n6td5.3vqrompy-g.0hydo1dz8sovh-b0z18e0c9x.pm9899wzu73w.k.ktfhx/,2/TL$FQy$5/!h/n(@/9Mxvu\",\n          \"info\": \"v*TV\",\n          \"isSelectable\": true\n        }\n      }\n    }\n  },\n  {\n    \"title\": \"block sample 1\",\n    \"value\": {\n      \"name\": \"%.|\",\n      \"assign\": [\n        \"$~|\",\n        \"Li:N 8AW\"\n      ],\n      \"match\": {\n        \"and\": [\n          {\n            \"or\": [\n              \"KO*072\",\n              {\n                \"pattern\": \"NDOxx16\",\n                \"exclude\": [\n                  \"UWT*I\",\n                  \"CEE5287\",\n                  \"XD61I\",\n                  \"XIL0x2xC\",\n                  \"XM8\"\n                ],\n                \"info\": \"#E4U.EP;A\"\n              }\n            ]\n          }\n        ]\n      },\n      \"satisfy\": \"d)5|\",\n      \"url\": \"http://b.dbxqiaebve/r=zgQ%F0%9C%98%B3K/H6r~wnA0/$zOM(/pB_Y/lc~\",\n      \"info\": \"Q25$\",\n      \"isSelectable\": true,\n      \"!\": {\n        \"name\": \"\",\n        \"ay\": 1952,\n        \"assign\": [\n          \"#|\"\n        ],\n        \"match\": {\n          \"and\": [\n            {\n              \"or\": [\n                {\n                  \"or\": [\n                    \"WLL*665O\",\n                    {\n                      \"or\": [\n                        {\n                          \"pattern\": \"XLS*69P\",\n                          \"exclude\": \"YG858\",\n                          \"info\": \"foL9Bjk3B\"\n                        }\n                      ]\n                    }\n                  ]\n                },\n                \"CGT57\"\n              ]\n            },\n            {\n              \"and\": [\n                {\n                  \"pattern\": \"CAZx4T\",\n                  \"exclude\": [\n                    \"AQN*34xX\",\n                    \"MKPx50\",\n                    \"OGU19S\",\n                    \"SOJ0726\",\n                    \"QO10E\"\n                  ]\n                },\n                \"MA1361I\",\n                {\n                  \"pattern\": \"QP49\",\n                  \"exclude\": [\n                    \"FKO85\",\n                    \"GQ*6X\",\n                    \"VS2\",\n                    \"ZC3*G\"\n                  ],\n                  \"info\": \"IVj7'XJ7I)\"\n                }\n              ]\n            },\n            {\n              \"pattern\": \"CD740\",\n              \"exclude\": \"MGF741\",\n              \"info\": \"C\"\n            },\n            {\n              \"or\": []\n            },\n            {\n              \"and\": [\n                \"HGQ13\",\n                \"XCx*U\",\n                {\n                  \"pattern\": \"GM854\",\n                  \"exclude\": \"WUA56\",\n                  \"info\": \"T\"\n                },\n                {\n                  \"and\": [\n                    \"KVJ87\",\n                    {\n                      \"and\": [\n                        \"MB1\"\n                      ]\n                    },\n                    {\n                      \"pattern\": \"IV1765\"\n                    },\n                    \"HVM8E\",\n                    \"THF6\"\n                  ]\n                },\n                {\n                  \"and\": [\n                    {\n                      \"pattern\": \"YI2xQ\",\n                      \"exclude\": [\n                        \"TKW*48\"\n                      ],\n                      \"info\": \"6Sg\"\n                    },\n                    {\n                      \"and\": []\n                    },\n                    \"MMFx0D\",\n                    {\n                      \"pattern\": \"HL9x\",\n                      \"info\": \"0,5__~9jC\"\n                    },\n                    \"QLD61\"\n                  ]\n                }\n              ]\n            }\n          ]\n        },\n        \"satisfy\": {\n          \"mc\": \"<=115\"\n        },\n        \"info\": \"\",\n        \"isSelectable\": true\n      }\n    }\n  },\n  {\n    \"title\": \"block sample 2\",\n    \"value\": {\n      \"name\": \"&\",\n      \"ay\": 2025,\n      \"assign\": [],\n      \"match\": [],\n      \"satisfy\": [\n        {\n          \"mc\": \"<=185\"\n        },\n        {\n          \"and\": [\n            {\n              \"or\": [\n                {\n                  \"or\": [\n                    \"i8j0x^oHB\",\n                    {\n                      \"mc\": \"<=47\"\n                    },\n                    {\n                      \"mc\": \">=155\"\n                    }\n                  ]\n                },\n                \"/$Xxd-vT\",\n                \"qB9l6t_B\",\n                {\n                  \"mc\": \"<=160\"\n                }\n              ]\n            }\n          ]\n        },\n        {\n          \"and\": [\n            {\n              \"and\": [\n                \"~.8\"\n              ]\n            },\n            {\n              \"or\": [\n                {\n                  \"or\": []\n                },\n                \"20Kj\"\n              ]\n            }\n          ]\n        }\n      ],\n      \"url\": \"https://o.oc89b771jhtvxrkxs.i26twhxbdtsoczs9vu1m1awliop8nun6avw-950147glzwyd1-vm3o45n-tn4c.tck9dtpcmax8x7lz421w0l7dvl1stc5m-xcb31qao1-ovt.y.ahraehz/%F1%81%AF%BDUzVsv%F0%9E%81%8E.//hmqm%F3%BA%A0%A7V/K$pl%F1%91%90%8AbGPu/uP35%EE%86%ABt=_$/z%F3%BC%83%BFB0/*jRRH%F2%88%8F%8A%F3%B3%BB%91AY6/!s9hofBs\",\n      \"info\": \"M<?#X5V}s,\",\n      \"isSelectable\": true\n    }\n  },\n  {\n    \"title\": \"block sample 3\",\n    \"value\": {\n      \"name\": \"G\",\n      \"ay\": 1955,\n      \"assign\": \"%& y#`7T|\",\n      \"match\": [\n        {\n          \"or\": [\n            {\n              \"and\": []\n            },\n            {\n              \"pattern\": \"KC70*L\",\n              \"exclude\": \"WD52\",\n              \"info\": \"xc\"\n            },\n            {\n              \"or\": []\n            },\n            \"BO8952R\",\n            {\n              \"pattern\": \"QA*7\",\n              \"exclude\": \"AKW0\",\n              \"info\": \"g-p-8ugkO\"\n            }\n          ]\n        },\n        {\n          \"or\": [\n            {\n              \"pattern\": \"AB595\",\n              \"info\": \"GPOEM\"\n            }\n          ]\n        }\n      ],\n      \"url\": \"https://5a0mh6vz8irjtl8m0l8-inyi9rdzbl.9sh2amp89liskegg5avoqq6h3io3bsa9t2uf2v0nlgom38uyvkmi2rs.88jdpc51orc07dvtl4i679u1sgzf0f-dcz2rzgf5aon56e.z0m07e-s5qq6v-67i8nhu5zt0gh4ib7en7qn71zqgfsbua7mm.ggo/jQ\",\n      \"info\": \"RrArB?=\",\n      \"isSelectable\": true,\n      \"g<|z }o1!p\": {\n        \"name\": \"\\\"$\\\"\",\n        \"ay\": 1966,\n        \"url\": \"http://7pf0wcq1v0102yvfjhi3jommfudti4kzkz1ktv8gc.jnou/48Nf/)/%F3%95%B0%86xsgl\",\n        \"info\": \"tz#G&(yy\",\n        \"isSelectable\": true\n      },\n      \"\": {\n        \"ay\": 1952,\n        \"assign\": \"!u4Uzq?Fe\",\n        \"match\": {\n          \"pattern\": \"IU468\",\n          \"exclude\": [\n            \"XH2\",\n            \"DL62Z\",\n            \"ITA*M\"\n          ],\n          \"info\": \"zb/)RQ\"\n        },\n        \"info\": \"\",\n        \"isSelectable\": true\n      },\n      \"(!\": {\n        \"name\": \"cY_IU\",\n        \"ay\": 2026,\n        \"assign\": [\n          \"iPrJL[%6S#\",\n          \"yd*u6#s\"\n        ],\n        \"satisfy\": [\n          {\n            \"and\": [\n              {\n                \"mc\": \">=84\"\n              },\n              \"1,N FH>\",\n              {\n                \"or\": [\n                  {\n                    \"or\": [\n                      \"su/e\",\n                      {\n                        \"or\": [\n                          \"19ZgRL@\\\\f\",\n                          \"Da-{\",\n                          \"S&t2\",\n                          \"zQ~Bx\"\n                        ]\n                      },\n                      \"P2V`!p'U\",\n                      \"~55\",\n                      {\n                        \"and\": [\n                          \"t\",\n                          {\n                            \"and\": [\n                              \"562PWpNJE\"\n                            ]\n                          },\n                          \"ce%/|~6\"\n                        ]\n                      }\n                    ]\n                  }\n                ]\n              }\n            ]\n          },\n          \"8fQZ\\\"A*t\",\n          {\n            \"and\": [\n              {\n                \"or\": [\n                  \"-|\",\n                  {\n                    \"or\": [\n                      \"b}e\",\n                      \"Nc\",\n                      \"pT:V6=\",\n                      \"F9X6Q\"\n                    ]\n                  }\n                ]\n              },\n              {\n                \"mc\": \"<=115\"\n              },\n              {\n                \"mc\": \"<=72\"\n              },\n              {\n                \"or\": [\n                  \"~~7\",\n                  \"Bki$97%\",\n                  \"&8&pM\"\n                ]\n              },\n              {\n                \"mc\": \">=30\"\n              }\n            ]\n          }\n        ],\n        \"url\": \"https://3tst0fdri7eg-9vl5ujv9m8ewwmpx0bajrp57xsdqerprmtdt7tk.p5r5g698bax9.s7fax2g.83fwk4bljdwpazgknn48e8ethnxop226n4yvy.dvux/65%F2%A6%95%9ABO9e%F1%8D%90%BETK/rZGQ_:\",\n        \"info\": \"!k\",\n        \"isSelectable\": true\n      },\n      \"v FYBMVVg2\": {\n        \"name\": \"\",\n        \"ay\": 2027,\n        \"assign\": [\n          \"Kncl7\"\n        ],\n        \"match\": {\n          \"or\": [\n            {\n              \"pattern\": \"GZT085\",\n              \"exclude\": \"HZ3\",\n              \"info\": \"yB&5%P%b3\"\n            }\n          ]\n        },\n        \"satisfy\": \"!0#&y,z#|\",\n        \"url\": \"https://yl6ueghlqvgii7p8z8kiqh9dwmyw54z6i3ppiqqz8bm.zbve/wApw99W/GhjK6/!,D6&w-\",\n        \"info\": \"!\",\n        \"isSelectable\": true\n      }\n    }\n  },\n  {\n    \"title\": \"block sample 4\",\n    \"value\": {\n      \"ay\": 1999,\n      \"assign\": \":\",\n      \"match\": {\n        \"pattern\": \"YUJ15Q\",\n        \"info\": \"+\"\n      },\n      \"satisfy\": [\n        {\n          \"or\": [\n            {\n              \"mc\": \"<=199\"\n            }\n          ]\n        },\n        {\n          \"mc\": \">=129\"\n        },\n        {\n          \"or\": [\n            {\n              \"and\": []\n            },\n            \"[\",\n            {\n              \"mc\": \">=62\"\n            }\n          ]\n        }\n      ],\n      \"url\": \"http://3rz19wl4-i.c-qro-yp.m43penm2vjfms5lxjs73dftf2y3cmdimb2lkej9asksk6cowv0ifi8n7e6km.ebdey/MH-!0f/!NBG//Q%F1%AD%9B%99/%F1%91%97%A83/nBOe6/%F2%8A%B5%A22boM.f/;iA6/Kvj/c8E;HF2\",\n      \"info\": \"&$\",\n      \"isSelectable\": true,\n      \"O\": {\n        \"name\": \"\",\n        \"ay\": 2024,\n        \"match\": [\n          {\n            \"and\": [\n              {\n                \"pattern\": \"OExF\",\n                \"exclude\": []\n              },\n              {\n                \"pattern\": \"AW0E\",\n                \"exclude\": \"CH2xH\",\n                \"info\": \"\"\n              },\n              {\n                \"pattern\": \"PXQ42\",\n                \"exclude\": \"ES328*B\",\n                \"info\": \"\"\n              },\n              {\n                \"or\": [\n                  \"HYD4\",\n                  {\n                    \"or\": []\n                  }\n                ]\n              },\n              {\n                \"pattern\": \"BNS8*I\",\n                \"exclude\": [\n                  \"IN8\",\n                  \"AT2\",\n                  \"OOx\",\n                  \"VPQ72\"\n                ],\n                \"info\": \"\"\n              }\n            ]\n          }\n        ],\n        \"satisfy\": {\n          \"or\": [\n            {\n              \"mc\": \">=64\"\n            },\n            {\n              \"or\": [\n                {\n                  \"mc\": \">=81\"\n                }\n              ]\n            },\n            {\n              \"mc\": \"<=1\"\n            },\n            {\n              \"and\": [\n                \"FClM-7.sBE\",\n                \"AZH\",\n                \"xy|\"\n              ]\n            }\n          ]\n        },\n        \"url\": \"https://ea6pd98vo6ve29i5477-f87f.vtbdgrpwzo\",\n        \"info\": \"%\"\n      }\n    }\n  },\n  {\n    \"title\": \"block sample 5\",\n    \"value\": {\n      \"ay\": 1950,\n      \"assign\": [\n        \"%!/x:Kz@[\",\n        \"&\",\n        \"~kdVA\",\n        \"=m5F9E\"\n      ],\n      \"match\": \"QL70**\",\n      \"satisfy\": [],\n      \"isSelectable\": true\n    }\n  },\n  {\n    \"title\": \"block sample 6\",\n    \"value\": {\n      \"ay\": 2012,\n      \"assign\": \"s{LW\",\n      \"match\": {\n        \"or\": []\n      },\n      \"satisfy\": {\n        \"and\": [\n          \"4j\"\n        ]\n      },\n      \"url\": \"http://89070yptha1w8yidt5fqpws7cp749jwv064g-stcueleixjlu7un.e9ld11jgj3ylr7s59od7c1w4a4-qx-9fhr80c5hkjwb198qy-d4p6.uvdg/,f/*D%F2%B8%9E%8C/mWb%F3%8D%94%A1,k3tT\",\n      \"info\": \"{]y\",\n      \"isSelectable\": true,\n      \"!\\\"}\": {\n        \"name\": \"\",\n        \"ay\": 2024,\n        \"assign\": \"eOU6}!7PWO\",\n        \"satisfy\": {\n          \"and\": []\n        },\n        \"url\": \"http://pagh2sgoo7m6oanh.f70c.47g4t7skfdnbu6q0v9p5bdir2t3j3mn1m80li3owrzxuw9y89pb1.wawj/1bNI/bC*+/%F0%94%B2%8EZ%F3%88%AD%9A/pf9Zv3C/%F0%B2%8D%9Di/oBT6'TLBJ/dV/,zJ(4/U6B(\",\n        \"info\": \"a%9gqT\",\n        \"isSelectable\": true\n      }\n    }\n  },\n  {\n    \"title\": \"block sample 7\",\n    \"value\": {\n      \"assign\": \"%&$,\",\n      \"match\": {\n        \"and\": [\n          {\n            \"or\": []\n          }\n        ]\n      },\n      \"satisfy\": \"jJ\",\n      \"url\": \"http://ea9.izbjrg8b99bbn8vssxa-bl-9gfb7a68qatopn6mpf.a8x3wd0ij49-5yx6umgaskgprb3-murqilr29x2fa6f6fezl803p.c0dmgvvghtbsr5k3oxjaod949kb159y98urc97.isfef7fq8sda0b5c.wg/2*/sd%F4%87%93%99D/2o%F1%AA%96%AEV4%F0%92%AF%ABp$N//4%F2%84%81%BAS,N3/vvj4:3tk/%F0%BD%A5%83Fn%F2%81%8A%BA@%F4%8E%BC%AB//,srW2/3\",\n      \"info\": \"x\",\n      \"pH$\": {\n        \"ay\": 1954,\n        \"match\": {\n          \"and\": [\n            \"TOH7\",\n            \"KKS2\"\n          ]\n        },\n        \"satisfy\": [\n          {\n            \"and\": [\n              {\n                \"or\": [\n                  \"q;eM<NVUWr\",\n                  {\n                    \"mc\": \">=90\"\n                  },\n                  \"wAN[+=}\"\n                ]\n              },\n              {\n                \"or\": [\n                  \"\",\n                  {\n                    \"or\": [\n                      {\n                        \"mc\": \">=92\"\n                      }\n                    ]\n                  },\n                  {\n                    \"and\": [\n                      \"d2c6T=W\",\n                      {\n                        \"or\": [\n                          \"2/ekq\",\n                          \"^\",\n                          \"4,JoG28}\",\n                          \"['YLk$bkOp\"\n                        ]\n                      },\n                      {\n                        \"and\": [\n                          {\n                            \"and\": []\n                          },\n                          \"\"\n                        ]\n                      },\n                      {\n                        \"and\": [\n                          \"!=rq%\\\"|\",\n                          \"Zgi\",\n                          \"1IOSUx5\",\n                          \";\"\n                        ]\n                      },\n                      \"Yhs%U\"\n                    ]\n                  },\n                  \"eH}ui\"\n                ]\n              }\n            ]\n          },\n          {\n            \"or\": [\n              {\n                \"mc\": \">=110\"\n              }\n            ]\n          },\n          {\n            \"and\": []\n          },\n          {\n            \"or\": []\n          },\n          {\n            \"or\": [\n              {\n                \"mc\": \"<=166\"\n              },\n              \"\",\n              {\n                \"or\": [\n                  {\n                    \"or\": [\n                      \"``0[:3>^J[\",\n                      {\n                        \"or\": [\n                          \"s'\"\n                        ]\n                      }\n                    ]\n                  }\n                ]\n              },\n              {\n                \"mc\": \">=100\"\n              },\n              {\n                \"or\": [\n                  {\n                    \"mc\": \">=115\"\n                  },\n                  {\n                    \"and\": [\n                      \"'\\\\{y\",\n                      \",SbC*\\\"P1XL\",\n                      \"eB8.(\",\n                      \"sy!ZLK\",\n                      \"]@s\\\"/`\"\n                    ]\n                  },\n                  {\n                    \"mc\": \"<=99\"\n                  },\n                  \"?z~HC\",\n                  \"<IjM(O\"\n                ]\n              }\n            ]\n          }\n        ],\n        \"url\": \"http://s.m9ubiikumqksuog0yl2-1vsf5zwy-zbs6z7xfam1mz8mi-3q5cx.jal2l3qtzs6.dcqnbhcw/05CF/$oJbM/,0:I=/ES27&@0WVo/z//Wm\",\n        \"info\": \">U:tz\",\n        \"isSelectable\": true\n      },\n      \"dGn]q;3H1\": {\n        \"name\": \"<$w.\",\n        \"ay\": 2024,\n        \"assign\": [\n          \"+y5 A9`WS2\",\n          \"Q6'`N%hfO\"\n        ],\n        \"match\": {\n          \"and\": [\n            \"XI89V\",\n            {\n              \"or\": [\n                \"TU5x10B\",\n                {\n                  \"or\": [\n                    {\n                      \"or\": [\n                        {\n                          \"or\": [\n                            \"GE90\",\n                            \"AD9X\",\n                            \"TF9611G\",\n                            \"FLI270\",\n                            \"FV33\"\n                          ]\n                        },\n                        \"APB90\",\n                        \"HM461\"\n                      ]\n                    },\n                    \"YH3*P\",\n                    \"WU68S\",\n                    {\n                      \"or\": [\n                        \"WM6x3E\"\n                      ]\n                    },\n                    \"HA49\"\n                  ]\n                }\n              ]\n            },\n            {\n              \"and\": [\n                {\n                  \"pattern\": \"VKX*447\",\n                  \"exclude\": [\n                    \"GBW04G\",\n                    \"PZS*1\",\n                    \"MH6A\",\n                    \"RT038*\"\n                  ],\n                  \"info\": \"ztGf(t\"\n                },\n                {\n                  \"pattern\": \"SX40C\",\n                  \"info\": \"#lL;%e\\\\U{>\"\n                },\n                {\n                  \"pattern\": \"QF7G\",\n                  \"exclude\": \"SCE731U\",\n                  \"info\": \"L&yEZr/`r-\"\n                },\n                \"EUW2\"\n              ]\n            },\n            {\n              \"or\": [\n                {\n                  \"pattern\": \"QF808\",\n                  \"exclude\": [\n                    \"ET1156\",\n                    \"GC119\",\n                    \"DJT1\"\n                  ]\n                },\n                {\n                  \"or\": [\n                    {\n                      \"and\": [\n                        \"RXW77\",\n                        \"YHx8x\",\n                        {\n                          \"and\": [\n                            \"AYM445S\",\n                            {\n                              \"and\": [\n                                \"IC*77T\",\n                                \"WR46\",\n                                \"DS78x7\"\n                              ]\n                            },\n                            \"SPK669\"\n                          ]\n                        },\n                        {\n                          \"pattern\": \"HBZx\",\n                          \"info\": \"tS;}n!\"\n                        }\n                      ]\n                    },\n                    {\n                      \"and\": [\n                        \"RM0465\",\n                        {\n                          \"and\": []\n                        },\n                        \"OCL19*O\"\n                      ]\n                    },\n                    \"CPEx\",\n                    {\n                      \"or\": []\n                    }\n                  ]\n                }\n              ]\n            }\n          ]\n        },\n        \"satisfy\": [\n          {\n            \"mc\": \">=167\"\n          },\n          {\n            \"and\": [\n              {\n                \"and\": [\n                  {\n                    \"mc\": \"<=180\"\n                  },\n                  {\n                    \"mc\": \"<=123\"\n                  }\n                ]\n              }\n            ]\n          },\n          \"zRmcp\\\\crn\",\n          {\n            \"and\": [\n              {\n                \"mc\": \"<=123\"\n              },\n              {\n                \"mc\": \"<=57\"\n              },\n              \"%\\\"VR1NUiXi\",\n              {\n                \"and\": [\n                  \"\",\n                  \"0C}_\",\n                  \"on|V<b<1\",\n                  \"\"\n                ]\n              },\n              \"zTEq|3JyH\"\n            ]\n          }\n        ],\n        \"url\": \"http://fbo-6.2q7v87gwl5k-jvtq8-lfa4ohs.va/Lxf1E/oe%F4%8C%B3%97O0*/s/R6.D(Oxc/wH%EE%99%A7V/z+W/iTqsx%F4%89%AE%92U+/P4%F3%BE%A6%88cpXxkQ/E@;U%F2%B0%84%91.vc%E8%9C%92D\",\n        \"info\": \"-7\",\n        \"isSelectable\": true,\n        \"\": {\n          \"name\": \"EFG\",\n          \"ay\": 1998,\n          \"assign\": \"w-\",\n          \"satisfy\": [\n            \"c$7$\",\n            \"8%4v<Ed>\",\n            {\n              \"and\": [\n                \" \"\n              ]\n            },\n            {\n              \"and\": [\n                {\n                  \"and\": [\n                    \"XXhV,R8z\",\n                    \"@jqc$chqa[\",\n                    {\n                      \"or\": [\n                        \"\",\n                        \"\\\"\",\n                        {\n                          \"or\": [\n                            \"9#W@R\",\n                            {\n                              \"and\": []\n                            },\n                            {\n                              \"and\": [\n                                \"=sF}!~\",\n                                \"8H`DH\",\n                                \"&]H4jA\",\n                                \"e&s`\",\n                                \",[~A\\\"{3`\"\n                              ]\n                            }\n                          ]\n                        },\n                        \"Iom1T\"\n                      ]\n                    }\n                  ]\n                }\n              ]\n            }\n          ],\n          \"url\": \"https://zxgnq-sioohm83844g8xc4nq2sgh0jf4cv1xde39.oazxphlo4-mxp6ivg03qhkdz4qaq3jlepr-ouby3ahpci20xvr5.axqgzdm/'n%F0%B9%8A%AAE/_QXGxf)%F1%A5%92%99/~/5%F3%83%BF%83%F0%AB%A6%93a26M/fE%F3%9B%B2%AE6~/cP%F3%99%95%96OQ%F2%BF%8D%86~i/AE;46lRw/knnN:1$\",\n          \"info\": \"Ea\",\n          \"isSelectable\": true,\n          \"cV0\\\"kMT\": {\n            \"name\": \"FIxY^ui\",\n            \"match\": [\n              {\n                \"or\": [\n                  \"YH37x\",\n                  {\n                    \"and\": [\n                      \"EP60*A\"\n                    ]\n                  },\n                  {\n                    \"pattern\": \"CZ56x*\",\n                    \"info\": \"`oZB\"\n                  },\n                  \"SFX*20\",\n                  \"XV411\"\n                ]\n              },\n              \"DXD0\",\n              {\n                \"or\": [\n                  {\n                    \"and\": []\n                  },\n                  {\n                    \"pattern\": \"MT5Q\",\n                    \"exclude\": \"BX61S\",\n                    \"info\": \"Bt:\"\n                  }\n                ]\n              },\n              {\n                \"or\": []\n              },\n              {\n                \"and\": []\n              }\n            ],\n            \"satisfy\": {\n              \"mc\": \">=171\"\n            },\n            \"url\": \"http://u25aurq159c0yaqlkbtoiiarmv5honhoj9zb1wuzaqimh9d940c.ttx-003lb270iiwr6fblvnce95gudo7tq8lcslyg7o7ccy18x8-b-g5s5.visaglr/%F2%8F%AF%A9NCE~L_r/xLwI!gFB.Z\",\n            \"info\": \"y=h W,\",\n            \"isSelectable\": true\n          },\n          \"}fqv`j\": {\n            \"name\": \"$.\\\\\",\n            \"ay\": 1966,\n            \"assign\": \"\",\n            \"satisfy\": [\n              \"TVcjjq\"\n            ],\n            \"url\": \"https://77zsa382pcnd7mjn5ijl2wgqmyci1ky7y4xf04sjw.ellzaom21bwcfcqau22w3rim-5xdf1tejjl-iuu2cy49flibxw.ifei//J/fj/%F3%AE%96%9C%F2%B6%A7%A2M'04!/RlxT%F2%A8%83%92,/%F2%BE%B6%80J;./LMc!/2_A$@1:\",\n            \"info\": \"zScS`R4\",\n            \"\": {\n              \"name\": \"+\",\n              \"ay\": 1969,\n              \"assign\": \",V$\",\n              \"satisfy\": {\n                \"and\": [\n                  {\n                    \"or\": [\n                      \"[@>\"\n                    ]\n                  },\n                  {\n                    \"mc\": \"<=138\"\n                  },\n                  {\n                    \"mc\": \"<=153\"\n                  }\n                ]\n              },\n              \"info\": \"~Y]7Y2`D\",\n              \"isSelectable\": true,\n              \"8ASfC\": {\n                \"name\": \"u\",\n                \"assign\": [\n                  \"M805[9\"\n                ],\n                \"match\": [\n                  {\n                    \"and\": [\n                      \"FZJ0x*\",\n                      {\n                        \"or\": [\n                          {\n                            \"pattern\": \"STI76\",\n                            \"exclude\": [\n                              \"YX1\",\n                              \"RI50H\"\n                            ],\n                            \"info\": \"3\"\n                          }\n                        ]\n                      },\n                      {\n                        \"pattern\": \"CXG67N\",\n                        \"exclude\": [\n                          \"PWO928C\",\n                          \"KG0*3H\",\n                          \"RL1xV\",\n                          \"WK22xZ\",\n                          \"KJSx4*H\"\n                        ],\n                        \"info\": \"FW^;i4`ZAt\"\n                      }\n                    ]\n                  },\n                  \"HEx89P\",\n                  {\n                    \"and\": [\n                      {\n                        \"and\": [\n                          \"HCF7U\",\n                          {\n                            \"and\": [\n                              {\n                                \"pattern\": \"IZ229x\",\n                                \"exclude\": \"VJV7\"\n                              },\n                              {\n                                \"and\": [\n                                  \"YD018\"\n                                ]\n                              },\n                              \"RFF*T\"\n                            ]\n                          },\n                          \"RW516\"\n                        ]\n                      },\n                      {\n                        \"pattern\": \"CTH943B\",\n                        \"info\": \"D/hE63\"\n                      },\n                      {\n                        \"pattern\": \"FT280X\",\n                        \"exclude\": \"AAxP\",\n                        \"info\": \"u@4\"\n                      },\n                      {\n                        \"or\": [\n                          {\n                            \"pattern\": \"JJC626x\",\n                            \"info\": \"n&]AKb>U\"\n                          },\n                          {\n                            \"and\": [\n                              {\n                                \"and\": [\n                                  \"CQ5190\",\n                                  \"POA2966G\",\n                                  \"MF8259\"\n                                ]\n                              }\n                            ]\n                          },\n                          {\n                            \"and\": [\n                              {\n                                \"pattern\": \"VKU22\",\n                                \"exclude\": \"FUB4x\",\n                                \"info\": \":\"\n                              },\n                              \"DQ252I\",\n                              \"EFxB\",\n                              {\n                                \"and\": []\n                              }\n                            ]\n                          }\n                        ]\n                      },\n                      {\n                        \"pattern\": \"XUH14*3\",\n                        \"exclude\": \"AU657A\",\n                        \"info\": \"3;s0y\"\n                      }\n                    ]\n                  },\n                  {\n                    \"and\": [\n                      {\n                        \"and\": [\n                          \"OLV7394A\",\n                          \"ISS2466Q\",\n                          {\n                            \"or\": [\n                              \"HLT4L\",\n                              {\n                                \"pattern\": \"SJV*6M\",\n                                \"exclude\": [\n                                  \"XMR00*V\",\n                                  \"OG4xW\",\n                                  \"RXM47\",\n                                  \"QT*Z\",\n                                  \"WQJ5Y\"\n                                ],\n                                \"info\": \"uU\\\\l7\"\n                              },\n                              {\n                                \"or\": [\n                                  \"CTY396\",\n                                  \"WB8x3F\",\n                                  \"UY23xX\"\n                                ]\n                              },\n                              \"GPJ0103\"\n                            ]\n                          },\n                          \"DC779\",\n                          {\n                            \"pattern\": \"WFxx8\",\n                            \"info\": \"_::zM[lr\\\\\"\n                          }\n                        ]\n                      }\n                    ]\n                  }\n                ],\n                \"satisfy\": \";{P]URx9_;\",\n                \"url\": \"http://p1v2ms9f3gzk6r8--ojusni1x9bn-i3s.jwc-knr4iujcf02o4z6ja747nf10pgrtrk4ydut.f.dal-7ixf4bcyzp0dg3ur4a669ikjum7gzjtl44pzssvvy0hk3q1vvsz27dz0r.fksng/VG3d9A,c/%F2%8D%BA%BFzQ_/O-MNr%F2%B0%AD%B9a&/9ae%F1%A4%8E%91!s'/D(2@-:/z=APt+;N8,/uNS=/$%F0%A9%AD%B4@QaD%F4%80%97%93t//*_OvK77E$%F0%A0%B0%B4\",\n                \"info\": \"T6mUY|\",\n                \"isSelectable\": true\n              },\n              \")\": {\n                \"name\": \"oL\",\n                \"ay\": 1969,\n                \"assign\": \"F+}7XL8\",\n                \"match\": {\n                  \"or\": [\n                    {\n                      \"and\": [\n                        \"TY2H\",\n                        \"RUK75X\",\n                        \"WK9**9\"\n                      ]\n                    },\n                    {\n                      \"and\": [\n                        {\n                          \"and\": [\n                            {\n                              \"or\": [\n                                \"FX6170V\",\n                                \"AVJ6C\"\n                              ]\n                            },\n                            \"JUVxR\",\n                            \"XP8O\",\n                            {\n                              \"and\": []\n                            },\n                            \"PSD45B\"\n                          ]\n                        },\n                        \"GDx\",\n                        {\n                          \"or\": [\n                            {\n                              \"and\": [\n                                \"VFV4A\",\n                                \"UTV2462N\",\n                                {\n                                  \"and\": [\n                                    \"CWD70M\",\n                                    \"YH4x\"\n                                  ]\n                                },\n                                \"GI7H\",\n                                \"KO1433O\"\n                              ]\n                            },\n                            {\n                              \"and\": [\n                                {\n                                  \"and\": [\n                                    \"LDI320D\",\n                                    {\n                                      \"pattern\": \"CY4x5R\",\n                                      \"exclude\": \"SII8474\",\n                                      \"info\": \"=\"\n                                    },\n                                    \"UCK06\",\n                                    \"QQ1\",\n                                    \"CT884E\"\n                                  ]\n                                }\n                              ]\n                            },\n                            \"AY1*K\"\n                          ]\n                        },\n                        {\n                          \"pattern\": \"ZO8x*9\",\n                          \"info\": \"}WzRl\"\n                        }\n                      ]\n                    },\n                    {\n                      \"and\": [\n                        \"UD4K\",\n                        \"WJxV\",\n                        {\n                          \"or\": []\n                        }\n                      ]\n                    }\n                  ]\n                },\n                \"satisfy\": {\n                  \"and\": [\n                    \"3,D<y\",\n                    {\n                      \"mc\": \"<=101\"\n                    },\n                    {\n                      \"or\": [\n                        \"\\\"`R?`vA4SP\",\n                        \"\",\n                        {\n                          \"mc\": \"<=43\"\n                        },\n                        {\n                          \"or\": [\n                            \"XXj['=Jz>\",\n                            \"qJ\",\n                            \"([Ls7\\\\q\\\"=\",\n                            \"A_7\"\n                          ]\n                        }\n                      ]\n                    }\n                  ]\n                },\n                \"url\": \"http://ernb-gezq0zgumy7qlo6aqzh6m718oqqg-qazrj32c5nbb2d18g1j9bbbw7.ugev65yp-3ia3yax-g2kc0fypf-i07vddif6mm0diyb75f06b3f0y8h2k3hp4.ifbfsufabrd17naqfvr3j569.h6fdwb8bu1v1ytsct5f6-opei59f1i5nnh97zy73v8ch6gj4x-50r2tu.cyv6y1v8x82i0h3.vrd/5l9*(%F3%A7%84%9Fc'\",\n                \"info\": \"c?~)U$47Od\"\n              },\n              \"OkS=.(D\": {\n                \"name\": \"YKm0%<7!ie\",\n                \"assign\": [\n                  \"[|\\\\Z\",\n                  \"?B\\\"a/ tW\",\n                  \"^7OtjhZ_LN\"\n                ],\n                \"match\": [\n                  \"TO3E\",\n                  {\n                    \"or\": [\n                      {\n                        \"pattern\": \"LUO*M\",\n                        \"info\": \"5Wf&.i\"\n                      }\n                    ]\n                  },\n                  {\n                    \"pattern\": \"NLC6U\",\n                    \"exclude\": \"ZQL702P\",\n                    \"info\": \"me\"\n                  },\n                  {\n                    \"pattern\": \"OML0V\",\n                    \"exclude\": \"DF128\"\n                  }\n                ],\n                \"isSelectable\": true\n              }\n            },\n            \"<mn6\": {\n              \"name\": \"Yg1h\",\n              \"ay\": 1997,\n              \"satisfy\": {\n                \"or\": [\n                  {\n                    \"mc\": \"<=148\"\n                  },\n                  {\n                    \"and\": [\n                      {\n                        \"mc\": \"<=133\"\n                      },\n                      {\n                        \"mc\": \">=137\"\n                      },\n                      {\n                        \"or\": [\n                          \"iO6hkY\\\"Q0\",\n                          {\n                            \"mc\": \"<=180\"\n                          }\n                        ]\n                      }\n                    ]\n                  },\n                  \"Ca<D4a8\",\n                  {\n                    \"mc\": \"<=100\"\n                  },\n                  {\n                    \"and\": [\n                      \";\",\n                      \"W:\",\n                      \"iW,V+XTS\"\n                    ]\n                  }\n                ]\n              },\n              \"url\": \"http://9hgma16iurt9eq28k7g93y4s.ihibzor211ramf05l0ptf0zf3ul8355hq2uj6-b7emngfkqzhhqj0xcqwmz.bpfxqovao/W/V$Px%F0%B7%AC%A8xC+(/++\",\n              \"info\": \"g1z\",\n              \"isSelectable\": true\n            },\n            \"Od>2eDI1\": {\n              \"name\": \"+;~/<Xni\",\n              \"ay\": 2030,\n              \"assign\": [\n                \"_qX[kHBX\"\n              ],\n              \"match\": {\n                \"and\": [\n                  \"UH304\",\n                  {\n                    \"pattern\": \"WV2*55O\",\n                    \"exclude\": [\n                      \"FAC1712\",\n                      \"GK13*0R\",\n                      \"SA708A\"\n                    ],\n                    \"info\": \"{2\"\n                  },\n                  {\n                    \"or\": [\n                      \"SJ69*9\",\n                      {\n                        \"pattern\": \"VI9*8C\",\n                        \"info\": \"1UO,C\"\n                      },\n                      {\n                        \"or\": [\n                          \"YI2742\"\n                        ]\n                      }\n                    ]\n                  },\n                  {\n                    \"pattern\": \"HQH*68\",\n                    \"exclude\": [\n                      \"ID0A\",\n                      \"WLH89H\"\n                    ],\n                    \"info\": \"j?0.b\"\n                  },\n                  {\n                    \"or\": [\n                      \"PZV83N\",\n                      {\n                        \"or\": [\n                          \"BSN3B\",\n                          {\n                            \"or\": [\n                              \"RRB0514X\",\n                              \"QHT5*3\",\n                              {\n                                \"and\": []\n                              },\n                              \"ID78\"\n                            ]\n                          },\n                          {\n                            \"pattern\": \"KUx9\",\n                            \"exclude\": [\n                              \"NX6139\",\n                              \"SX46\",\n                              \"LO1*M\",\n                              \"VIK259E\"\n                            ]\n                          },\n                          {\n                            \"pattern\": \"DE7B\",\n                            \"exclude\": [\n                              \"NT353U\"\n                            ],\n                            \"info\": \"29.5]^`\"\n                          }\n                        ]\n                      },\n                      \"MX353\",\n                      \"KIP914V\"\n                    ]\n                  }\n                ]\n              },\n              \"satisfy\": {\n                \"mc\": \">=31\"\n              },\n              \"url\": \"http://9.zlhps\",\n              \"info\": \"k$QKuoU3f%\",\n              \"isSelectable\": true\n            },\n            \"(iG-GG$T'\": {\n              \"name\": \"w-}z@\",\n              \"ay\": 1959,\n              \"assign\": [\n                \"D\",\n                \"p]q0:|Z\",\n                \"2$\",\n                \".8\"\n              ],\n              \"match\": {\n                \"pattern\": \"HW8S\",\n                \"exclude\": \"BWE38\",\n                \"info\": \"o\\\\GP{sz0'x\"\n              },\n              \"satisfy\": {\n                \"or\": [\n                  {\n                    \"mc\": \">=135\"\n                  },\n                  {\n                    \"and\": [\n                      {\n                        \"and\": [\n                          \"{n$\\\"\\\\3wR\",\n                          \"\",\n                          \"(c\"\n                        ]\n                      }\n                    ]\n                  },\n                  {\n                    \"or\": [\n                      \"V_4\",\n                      \"^h~eSXxb2\",\n                      \")vogB\",\n                      \"L\"\n                    ]\n                  },\n                  {\n                    \"or\": [\n                      {\n                        \"mc\": \"<=169\"\n                      },\n                      {\n                        \"mc\": \"<=62\"\n                      },\n                      \"O#pL$o.T`\",\n                      {\n                        \"or\": [\n                          \"]%\\\\LhaRFyP\",\n                          \"Oiihc=QvJR\",\n                          \"R4^<\",\n                          {\n                            \"mc\": \">=140\"\n                          }\n                        ]\n                      },\n                      {\n                        \"and\": []\n                      }\n                    ]\n                  }\n                ]\n              },\n              \"url\": \"https://n30oyk07x1vv39no5y03ebb-jm1chl1f31vo6.n6yrgo5mjt-edy019yzklcnldrzo79dha6pww2l5iokzqxrd4n7mbhdhnm0n33i.icx064kwv5txno3et3n-dva7gbd20pz8057l4gyja09cl9yg227-t.d.jmex/!-D/!%F2%96%B3%B0be8%F1%B1%82%82NUK%F3%B7%B6%9B/q%F0%B5%94%A7///j91gxCbeOZ\",\n              \"isSelectable\": true\n            },\n            \"^ECB\": {\n              \"name\": \"8D1,y$/(+a\",\n              \"ay\": 1974,\n              \"assign\": \"hZjBg\",\n              \"match\": [],\n              \"satisfy\": [\n                \"'^}\",\n                \"1PoBD/$i\",\n                {\n                  \"mc\": \">=73\"\n                }\n              ],\n              \"url\": \"https://njrsoh.zzz6mbjnubmzj1zhkp0fydd55nvu9zmp0vx16195uvemo5ypj19wbzrt2r3blhc.f.gqvbkywm/RLq/xP4v5v0P7h\",\n              \"info\": \"\",\n              \"isSelectable\": true\n            }\n          },\n          \"L9JJEN 0\": {\n            \"name\": \"AwX'0Uq-8Z\",\n            \"match\": {\n              \"or\": [\n                \"LMJ92\",\n                \"RUE8\"\n              ]\n            },\n            \"satisfy\": {\n              \"or\": []\n            },\n            \"url\": \"https://5.k8cgsdua7oo59yhetu2fp30xb02xaep3m2vn-x9pf3qnn2un7pegewo9.3-742ndqbv0xpdz5n.dsdsecyxihhspq65cglce2us-eg3up1hxc7t9ivodae9s.mtyhwas/AUkc%F0%BF%AA%AEqb/Fb_Wou,Mbb//nME,fJEGSq/;UP/70ugj9/%F0%B4%80%88QZ%F1%96%A7%8EA%F2%AA%AE%99+%F0%9D%B2%A8i/ou9%F2%A7%B2%84/Q%F0%B4%A4%B1EHy\",\n            \"info\": \"\",\n            \"isSelectable\": true\n          },\n          \"]ri(U\": {\n            \"name\": \"=aY7\",\n            \"ay\": 2012,\n            \"assign\": [\n              \">-\",\n              \"J+fEcfQu?\",\n              \">yUOj}WTH\",\n              \"Eyt[MKX`\",\n              \"=,,\"\n            ],\n            \"match\": [],\n            \"satisfy\": \"c$t\\\\\",\n            \"info\": \"wcl\",\n            \"isSelectable\": true\n          }\n        },\n        \"x11zh3*c]\": {\n          \"name\": \"GmMuZKx]\",\n          \"ay\": 2008,\n          \"assign\": [\n            \":5]2P\"\n          ],\n          \"match\": [],\n          \"satisfy\": [\n            {\n              \"and\": [\n                \"< NmMh\",\n                {\n                  \"or\": [\n                    \"\"\n                  ]\n                },\n                {\n                  \"mc\": \">=134\"\n                },\n                {\n                  \"or\": [\n                    \"y1s&q\",\n                    \"B\",\n                    \"ls\",\n                    \"9?`j25q>A\",\n                    \"\"\n                  ]\n                },\n                {\n                  \"mc\": \">=144\"\n                }\n              ]\n            }\n          ],\n          \"info\": \"tY1pk~x\"\n        }\n      },\n      \"\": {\n        \"name\": \"PE+\",\n        \"ay\": 1986,\n        \"assign\": \"O]-<D-\",\n        \"match\": \"MYZ3T\",\n        \"satisfy\": {\n          \"or\": [\n            {\n              \"or\": [\n                {\n                  \"or\": []\n                },\n                {\n                  \"mc\": \"<=59\"\n                },\n                \"|0,CyvO\",\n                {\n                  \"or\": [\n                    {\n                      \"or\": []\n                    }\n                  ]\n                },\n                {\n                  \"mc\": \">=181\"\n                }\n              ]\n            },\n            \"\",\n            {\n              \"and\": [\n                {\n                  \"or\": []\n                },\n                \"c:=1G(t#\",\n                \"(d1a>M\",\n                {\n                  \"or\": [\n                    \"&ueS\",\n                    \"xW<4nkw]\",\n                    {\n                      \"mc\": \">=64\"\n                    },\n                    \"rOAh\",\n                    \"4_\"\n                  ]\n                }\n              ]\n            },\n            {\n              \"and\": [\n                \"&[7\",\n                {\n                  \"or\": []\n                },\n                {\n                  \"mc\": \">=131\"\n                }\n              ]\n            }\n          ]\n        },\n        \"url\": \"http://v.8w-qrdb7za0-nj47yqqvw51jgm5-h02axfkpx9akzn36e6r9.laycxbiznibjrvys2hewwspvueen3xvhwr5tdiniczajkutc64-vp1aii90-l-0.lcqok0bh4908r2v4s5ajvuelqsrmho9fwo1g54j-snfh8.yixwo/g)3%F0%B3%9B%A9/zKsu/7fkh/p1/0kb9/F'g=%F2%8F%95%8FP5/%F3%9E%BD%9A/v/KIZ/4e\",\n        \"info\": \"\",\n        \"isSelectable\": true,\n        \"6XSG\": {\n          \"name\": \"'15\",\n          \"ay\": 1976,\n          \"assign\": [\n            \"01Xg\\\"*'7\"\n          ],\n          \"match\": \"WRV30\",\n          \"satisfy\": \"bo&\\\\\",\n          \"url\": \"http://di.sopddck1ijr.my/Vjevwtp/(b(.\",\n          \"info\": \"0o\",\n          \"isSelectable\": true\n        },\n        \"DNND\": {\n          \"name\": \"i\",\n          \"ay\": 1980,\n          \"assign\": [\n            \"!.pFL\\\\[G7K\",\n            \"etrQhdf\",\n            \"B>;pkm\",\n            \"H?8f\",\n            \"`i@7}7Pv?\"\n          ],\n          \"match\": [],\n          \"satisfy\": {\n            \"or\": [\n              \"Q\\\\U$3\",\n              {\n                \"or\": []\n              }\n            ]\n          },\n          \"url\": \"http://s93it-7352yus6m400wd51u82igbxy1nqnxesj5.4nmgkr8rjv9i5yhnlqnyenozsnim-1f42t77ivhc1nvgweq.zrqyjbdbkb/Oqc_63Gq/D-8l/xO/G/LqFS,6:9n/dEbQYnz+/s0s/GP/V%F4%8A%87%9CC\",\n          \"info\": \"C<J+wNtJ\"\n        },\n        \"q+\": {\n          \"name\": \"(YS1|&6\\\\\",\n          \"ay\": 1982,\n          \"assign\": [\n            \"{%2g\",\n            \"2rPj->\",\n            \"$\",\n            \"*BJ+jcb+tg\"\n          ],\n          \"match\": {\n            \"pattern\": \"DYC37D\",\n            \"exclude\": \"GMS60\"\n          },\n          \"satisfy\": [\n            {\n              \"or\": [\n                {\n                  \"mc\": \"<=199\"\n                },\n                {\n                  \"mc\": \"<=105\"\n                },\n                {\n                  \"and\": [\n                    {\n                      \"mc\": \"<=37\"\n                    },\n                    \"wTXj\",\n                    \"XryE\\\\5-\",\n                    {\n                      \"mc\": \"<=56\"\n                    },\n                    \"I)C@dgRdT\"\n                  ]\n                }\n              ]\n            },\n            {\n              \"or\": [\n                {\n                  \"mc\": \"<=120\"\n                },\n                \"[8(Zg.lQ\",\n                {\n                  \"and\": [\n                    {\n                      \"mc\": \">=99\"\n                    }\n                  ]\n                }\n              ]\n            },\n            {\n              \"mc\": \"<=98\"\n            },\n            \"IHuQ\",\n            \"E\\\".wg\\\\5pv[\"\n          ],\n          \"info\": \"0B2M1c@\",\n          \"isSelectable\": true,\n          \"\": {\n            \"name\": \"pzh_DAa\",\n            \"ay\": 2019,\n            \"match\": [\n              {\n                \"or\": [\n                  {\n                    \"or\": [\n                      \"FIM59x\",\n                      {\n                        \"and\": [\n                          {\n                            \"and\": [\n                              \"ZR1R\",\n                              \"CYD1081\",\n                              \"JC*T\",\n                              \"NSM9\",\n                              \"YQA30H\"\n                            ]\n                          },\n                          {\n                            \"pattern\": \"NTx22\",\n                            \"info\": \"F>?c\"\n                          },\n                          \"DU9x2\",\n                          \"DMN20\"\n                        ]\n                      }\n                    ]\n                  },\n                  {\n                    \"or\": []\n                  }\n                ]\n              }\n            ],\n            \"satisfy\": {\n              \"or\": [\n                \"?1\"\n              ]\n            },\n            \"url\": \"http://rp8r8t7ydc1s6n6hul1qp.9ljfs4tj.xyxlbywmv/f5b~n/H%F2%90%8C%87k,f$@,VE//&x*rA/_/8%F1%AD%B2%902m%F1%A6%9E%814*a'\",\n            \"info\": \"\",\n            \"isSelectable\": true,\n            \"$(F\": {\n              \"name\": \"=CJ\",\n              \"ay\": 1994,\n              \"assign\": \"J$\",\n              \"match\": {\n                \"pattern\": \"EK4x5xD\",\n                \"info\": \"\"\n              },\n              \"info\": \"x]u\",\n              \"isSelectable\": true\n            },\n            \"WO2T\": {\n              \"name\": \"F<V@M\",\n              \"ay\": 2002,\n              \"match\": \"WH322V\",\n              \"satisfy\": \"!S8b\",\n              \"info\": \"vc?6OjX7Q\",\n              \"isSelectable\": true\n            },\n            \"]E/kI\": {\n              \"name\": \"(el<~F|#m|\",\n              \"ay\": 2003,\n              \"assign\": [\n                \"Lc\",\n                \"C46Gi\",\n                \"\\\"~,y\",\n                \"ve\"\n              ],\n              \"match\": [\n                \"RN5**2\",\n                {\n                  \"or\": [\n                    {\n                      \"or\": [\n                        \"FM3H\"\n                      ]\n                    },\n                    {\n                      \"pattern\": \"AVN730\",\n                      \"exclude\": [\n                        \"OKU523\",\n                        \"VZWx5\",\n                        \"ZC97U\",\n                        \"OEK3*50\",\n                        \"UH*S\"\n                      ],\n                      \"info\": \"67`YV2X$\"\n                    }\n                  ]\n                },\n                {\n                  \"or\": [\n                    {\n                      \"or\": [\n                        {\n                          \"or\": []\n                        },\n                        \"RRQ710T\",\n                        \"UYP6O\"\n                      ]\n                    }\n                  ]\n                },\n                \"HF17L\",\n                \"MG05H\"\n              ],\n              \"satisfy\": {\n                \"and\": [\n                  {\n                    \"mc\": \">=184\"\n                  },\n                  {\n                    \"mc\": \"<=66\"\n                  },\n                  {\n                    \"and\": [\n                      {\n                        \"and\": [\n                          \"\",\n                          \"|uL.&+{\",\n                          {\n                            \"mc\": \">=183\"\n                          },\n                          {\n                            \"and\": []\n                          },\n                          \"z'\"\n                        ]\n                      },\n                      \"n1EM3\",\n                      \"AVL7K@u@C\",\n                      \"\",\n                      \"&H{mUlyd\"\n                    ]\n                  },\n                  \">PhMh\"\n                ]\n              },\n              \"info\": \"g\",\n              \"isSelectable\": true\n            }\n          }\n        },\n        \"j9';G\": {\n          \"name\": \"f`\",\n          \"ay\": 1974,\n          \"match\": {\n            \"and\": [\n              {\n                \"pattern\": \"UV7006C\",\n                \"exclude\": [\n                  \"KWD4W\"\n                ],\n                \"info\": \"\"\n              },\n              {\n                \"or\": [\n                  {\n                    \"or\": [\n                      {\n                        \"or\": [\n                          \"RMU7081\",\n                          \"QNNx\",\n                          \"QHC6\"\n                        ]\n                      },\n                      {\n                        \"or\": [\n                          \"DJ21B\",\n                          {\n                            \"or\": [\n                              \"BH63F\",\n                              \"WVHx543\",\n                              \"YR7\",\n                              \"FGMxY\",\n                              \"ZFx74W\"\n                            ]\n                          },\n                          \"TT*4\",\n                          \"ZMXx\"\n                        ]\n                      },\n                      \"ARK373G\",\n                      {\n                        \"or\": [\n                          \"FA961\",\n                          \"XG50Y\"\n                        ]\n                      }\n                    ]\n                  },\n                  {\n                    \"pattern\": \"SKN094\",\n                    \"exclude\": \"FHN0613M\",\n                    \"info\": \"Ogc\"\n                  },\n                  {\n                    \"pattern\": \"BAYx7P\",\n                    \"exclude\": \"KEQ7872E\"\n                  },\n                  {\n                    \"or\": [\n                      \"QG49F\"\n                    ]\n                  },\n                  {\n                    \"or\": [\n                      \"AZ7H\",\n                      {\n                        \"pattern\": \"FK7xL\",\n                        \"info\": \"O\"\n                      },\n                      \"MEGxx6*H\"\n                    ]\n                  }\n                ]\n              },\n              \"BI*8Z\"\n            ]\n          },\n          \"satisfy\": {\n            \"mc\": \"<=189\"\n          },\n          \"url\": \"http://ceshrg7weuyvxg5y.1nvmhjr24pu5caxq4rhxq-m4rha9qewvig0j.9.e31ma-fm6xzf2z1czl755embm-vcijqk9-cfcx4do0pd-we36rmx08gk.imhgmmxju\",\n          \"info\": \".\",\n          \"isSelectable\": true,\n          \"1|=?w\": {\n            \"name\": \"}/LB\",\n            \"ay\": 1984,\n            \"match\": [\n              \"KNJ7717\",\n              {\n                \"or\": [\n                  {\n                    \"and\": []\n                  },\n                  {\n                    \"pattern\": \"YQx3G\",\n                    \"exclude\": \"IFJ*040E\",\n                    \"info\": \"3\"\n                  },\n                  {\n                    \"and\": [\n                      {\n                        \"pattern\": \"RPG31C\",\n                        \"exclude\": [\n                          \"GZ407J\",\n                          \"PCUx*7\",\n                          \"RVE7xF\",\n                          \"IT061Z\",\n                          \"IS163\"\n                        ],\n                        \"info\": \"PaUc\"\n                      },\n                      {\n                        \"or\": [\n                          {\n                            \"pattern\": \"SO1O\",\n                            \"exclude\": [\n                              \"LX0N\",\n                              \"AR*4*9X\",\n                              \"TR0342M\"\n                            ]\n                          },\n                          {\n                            \"pattern\": \"KWG*5x\",\n                            \"exclude\": \"RZ7xJ\",\n                            \"info\": \"\"\n                          },\n                          {\n                            \"pattern\": \"SEL264\",\n                            \"exclude\": \"JKS459\"\n                          }\n                        ]\n                      },\n                      {\n                        \"and\": [\n                          \"YYF7656D\",\n                          \"RDH55R\",\n                          {\n                            \"and\": [\n                              {\n                                \"or\": [\n                                  \"TOx5W\",\n                                  {\n                                    \"or\": []\n                                  },\n                                  \"KP0J\",\n                                  \"SYC589*S\"\n                                ]\n                              },\n                              \"ANR9*03\",\n                              {\n                                \"and\": [\n                                  \"IR10S\",\n                                  \"NXX5\",\n                                  \"RZD2*3\",\n                                  \"IV0647\",\n                                  \"BD4xF\"\n                                ]\n                              }\n                            ]\n                          },\n                          {\n                            \"pattern\": \"XUN2\",\n                            \"exclude\": [\n                              \"INF463\",\n                              \"SB05\"\n                            ],\n                            \"info\": \"\\\\^\"\n                          },\n                          {\n                            \"and\": [\n                              \"JB55*\",\n                              \"YZMx97\"\n                            ]\n                          }\n                        ]\n                      }\n                    ]\n                  },\n                  {\n                    \"or\": [\n                      \"QO1*2\",\n                      {\n                        \"pattern\": \"DZ6x2\",\n                        \"exclude\": \"RHP7B\",\n                        \"info\": \"S\"\n                      },\n                      \"VG3\",\n                      {\n                        \"and\": [\n                          {\n                            \"pattern\": \"IIU0\",\n                            \"exclude\": \"ONx9\",\n                            \"info\": \"{\"\n                          }\n                        ]\n                      },\n                      \"OD1549\"\n                    ]\n                  },\n                  {\n                    \"and\": [\n                      \"YQT4\",\n                      {\n                        \"or\": [\n                          {\n                            \"and\": [\n                              {\n                                \"pattern\": \"ZOL923X\",\n                                \"exclude\": [\n                                  \"SAW6\",\n                                  \"LV7x6x\",\n                                  \"GP*1\",\n                                  \"CL066\",\n                                  \"RO9\"\n                                ],\n                                \"info\": \"\\\"\\\\\"\n                              },\n                              {\n                                \"or\": [\n                                  \"BJH551\",\n                                  \"PF2x2x\"\n                                ]\n                              },\n                              \"MLR33\",\n                              \"ZLGx1x*Y\"\n                            ]\n                          },\n                          {\n                            \"or\": [\n                              \"BB1x2F\",\n                              \"PR*58\"\n                            ]\n                          }\n                        ]\n                      },\n                      {\n                        \"or\": [\n                          \"DMRx\",\n                          \"UUYx9\",\n                          \"KW0x\",\n                          {\n                            \"pattern\": \"OK5C\"\n                          },\n                          {\n                            \"and\": [\n                              \"UTA1652\"\n                            ]\n                          }\n                        ]\n                      },\n                      \"KYK7174K\"\n                    ]\n                  }\n                ]\n              },\n              {\n                \"pattern\": \"RVK16\",\n                \"exclude\": [\n                  \"TM48*0\",\n                  \"HJ1K\",\n                  \"YR*O\",\n                  \"NG4*83\"\n                ],\n                \"info\": \"gnX}K\"\n              },\n              {\n                \"and\": [\n                  \"UN144L\",\n                  {\n                    \"and\": [\n                      {\n                        \"or\": [\n                          \"KVSx2\",\n                          {\n                            \"or\": [\n                              \"AFN959\"\n                            ]\n                          },\n                          \"RRW7R\",\n                          {\n                            \"and\": [\n                              \"JUV720*\",\n                              \"UME*3T\",\n                              \"HJD8G\",\n                              \"HSQ856N\"\n                            ]\n                          },\n                          {\n                            \"pattern\": \"KCT09xL\",\n                            \"exclude\": [\n                              \"HR97\",\n                              \"AIH5C\",\n                              \"RAx2W\",\n                              \"WVM625*\"\n                            ],\n                            \"info\": \"*r_MD|\"\n                          }\n                        ]\n                      },\n                      \"CQN05\",\n                      {\n                        \"or\": []\n                      }\n                    ]\n                  },\n                  {\n                    \"pattern\": \"AH0161Z\",\n                    \"exclude\": \"YC583\",\n                    \"info\": \"\"\n                  }\n                ]\n              }\n            ],\n            \"satisfy\": [\n              \"Ft,vUI[mI\"\n            ],\n            \"url\": \"http://ov-cr-q0250q.9.w627dwz6dzdaonzv5ottlt-5lwlvis4ci30c.mcr.xzsj-reag.ja//V~_R+L//I%F2%B2%AB%81'Z~H/v%F1%B8%B3%BCWdL_r%F2%86%BC%B8;/!%F3%BA%B0%AD=mi/YC==Y/3rVCxA$B%F3%BB%97%9A/,IqMS_gW\",\n            \"info\": \"g1_WfJ\\\"Sd\",\n            \"isSelectable\": true\n          },\n          \".\": {\n            \"name\": \"_D>JB9\",\n            \"ay\": 2001,\n            \"assign\": [\n              \"`6f]&x*ro4\",\n              \"){OYs(\",\n              \";_U*rQf2\",\n              \"bo\\\"EvW1\"\n            ],\n            \"match\": [\n              {\n                \"and\": []\n              }\n            ],\n            \"url\": \"https://8zwzbxuyxveh2tvubcrawz240u9.190nb01r1k6m9h1cr1j1bil201hhkzg6q9p5k.meeka4sex0rn9rr5geojtbyso9q0ljugj4p.qat/e\",\n            \"info\": \"xS>F$PT\",\n            \"isSelectable\": true\n          },\n          \"7<cQJ?jh:W\": {\n            \"name\": \" PR2+1\",\n            \"match\": [\n              {\n                \"or\": [\n                  {\n                    \"or\": [\n                      {\n                        \"pattern\": \"EBB5x\",\n                        \"exclude\": [\n                          \"ECx364A\"\n                        ]\n                      },\n                      {\n                        \"or\": [\n                          \"OCC2Y\",\n                          \"CTM227\",\n                          \"BVN471H\",\n                          {\n                            \"and\": []\n                          }\n                        ]\n                      },\n                      {\n                        \"pattern\": \"GI83\",\n                        \"exclude\": [\n                          \"VEQ*0Z\",\n                          \"VLI0775A\"\n                        ],\n                        \"info\": \".\"\n                      },\n                      {\n                        \"pattern\": \"KYU*691\",\n                        \"exclude\": \"QO3757\"\n                      }\n                    ]\n                  },\n                  {\n                    \"pattern\": \"RH5x00Q\",\n                    \"exclude\": [\n                      \"VF039\",\n                      \"SIU6U\",\n                      \"CP69M\",\n                      \"YTN*38H\"\n                    ],\n                    \"info\": \"u)V:F\"\n                  },\n                  {\n                    \"pattern\": \"YG51D\",\n                    \"info\": \"S,/3l,c\"\n                  },\n                  {\n                    \"and\": [\n                      {\n                        \"pattern\": \"ZEP4031I\",\n                        \"exclude\": [\n                          \"IGX4*Y\",\n                          \"JI709xJ\",\n                          \"RBB*1R\",\n                          \"HTN3*L\"\n                        ],\n                        \"info\": \"pd\"\n                      },\n                      {\n                        \"pattern\": \"HN0\",\n                        \"exclude\": \"EKK17B\",\n                        \"info\": \"&E\"\n                      }\n                    ]\n                  }\n                ]\n              },\n              {\n                \"or\": [\n                  {\n                    \"pattern\": \"XGA41\",\n                    \"exclude\": []\n                  },\n                  {\n                    \"pattern\": \"FSA4284J\",\n                    \"exclude\": [\n                      \"PDG2\",\n                      \"HGP21\",\n                      \"DP23x2\",\n         
[...]
              "skipped": false
            },
            {
              "title": "should truncate list of modules with upper bound of MCs at exact cutoff if total MC count is higher and there exists some starting sequence with exact MC count",
              "fullTitle": "inequalitySatisfier should truncate list of modules with upper bound of MCs at exact cutoff if total MC count is higher and there exists some starting sequence with exact MC count",
              "timedOut": false,
              "duration": 0,
              "state": "passed",
              "speed": "fast",
              "pass": true,
              "fail": false,
              "pending": false,
              "context": null,
              "code": "const satisfier = satisfiers_1.inequalitySatisfier(ref, \"<=16\");\nsatisfier.should.have.property(\"filter\");\nconst { filter } = satisfier;\nisCorrectFilter(filter, modulesList1, [\n    \"CS2100\",\n    \"GER1000\",\n    \"CS2040S\",\n    \"ST2131\",\n]);",
              "err": {},
              "uuid": "027d05b3-98ad-4557-9ece-a38649f3a148",
              "parentUUID": "c180182d-6ee4-4642-b693-5a96120955f0",
              "isHook": false,
              "skipped": false
            },
            {
              "title": "should truncate list of modules with upper bound of MCs, cutting off at the minimum starting sequence that exceeds upper bound, if total MC count is higher and there exists no starting sequence with exact MC count",
              "fullTitle": "inequalitySatisfier should truncate list of modules with upper bound of MCs, cutting off at the minimum starting sequence that exceeds upper bound, if total MC count is higher and there exists no starting sequence with exact MC count",
              "timedOut": false,
              "duration": 1,
              "state": "passed",
              "speed": "fast",
              "pass": true,
              "fail": false,
              "pending": false,
              "context": null,
              "code": "const satisfier = satisfiers_1.inequalitySatisfier(ref, \"<=17\");\nsatisfier.should.have.property(\"filter\");\nconst { filter } = satisfier;\nisCorrectFilter(filter, modulesList1, [\n    \"CS2100\",\n    \"GER1000\",\n    \"CS2040S\",\n    \"ST2131\",\n    \"MA1521\",\n]);",
              "err": {},
              "uuid": "d89f7ebf-646f-4d81-9067-63e370176320",
              "parentUUID": "c180182d-6ee4-4642-b693-5a96120955f0",
              "isHook": false,
              "skipped": false
            }
          ],
          "suites": [],
          "passes": [
            "f4a46a89-725f-4359-bb33-32ffda1f28bc",
            "591b044d-f920-4779-baa8-8e62f5a4b3fb",
            "70b4a44b-437f-4828-9889-0e4a10b93537",
            "736af58d-eb33-4503-81a8-d7f8a371aadd",
            "22f9aace-d98f-4e0a-bdf8-451c7a294f5c",
            "027d05b3-98ad-4557-9ece-a38649f3a148",
            "d89f7ebf-646f-4d81-9067-63e370176320"
          ],
          "failures": [],
          "pending": [],
          "skipped": [],
          "duration": 3,
          "root": false,
          "rootEmpty": false,
          "_timeout": 2000
        },
        {
          "uuid": "40166857-3c5a-4137-b9f2-bcfaba12fa80",
          "title": "inequalitySchema",
          "fullFile": "/home/runner/work/planwithus-lib/planwithus-lib/src/satisfyRule/inequality/schemas.test.ts",
          "file": "/src/satisfyRule/inequality/schemas.test.ts",
          "beforeHooks": [],
          "afterHooks": [],
          "tests": [
            {
              "title": "should validate inequality in the form <=n or >=n",
              "fullTitle": "inequalitySchema should validate inequality in the form <=n or >=n",
              "timedOut": false,
              "duration": 1,
              "state": "passed",
              "speed": "fast",
              "pass": true,
              "fail": false,
              "pending": false,
              "context": "[\n  {\n    \"title\": \"inequality sample 0\",\n    \"value\": \"<=22\"\n  },\n  {\n    \"title\": \"inequality sample 1\",\n    \"value\": \"<=194\"\n  },\n  {\n    \"title\": \"inequality sample 2\",\n    \"value\": \"<=31\"\n  },\n  {\n    \"title\": \"inequality sample 3\",\n    \"value\": \">=97\"\n  },\n  {\n    \"title\": \"inequality sample 4\",\n    \"value\": \">=162\"\n  },\n  {\n    \"title\": \"inequality sample 5\",\n    \"value\": \">=45\"\n  },\n  {\n    \"title\": \"inequality sample 6\",\n    \"value\": \">=193\"\n  },\n  {\n    \"title\": \"inequality sample 7\",\n    \"value\": \">=3\"\n  },\n  {\n    \"title\": \"inequality sample 8\",\n    \"value\": \"<=60\"\n  },\n  {\n    \"title\": \"inequality sample 9\",\n    \"value\": \"<=45\"\n  }\n]",
              "code": "fast_check_1.sample(index_test_2.inequality, 10).forEach((sample, i) => addContext_1.default(this, {\n    title: `inequality sample ${i}`,\n    value: sample,\n}));\nreturn fast_check_1.assert(fast_check_1.property(index_test_2.inequality, ajvValidate));",
              "err": {},
              "uuid": "b17dc014-d01c-455b-9a1f-830e6ff91d0c",
              "parentUUID": "40166857-3c5a-4137-b9f2-bcfaba12fa80",
              "isHook": false,
              "skipped": false
            },
            {
              "title": "should not validate inequality of invalid form",
              "fullTitle": "inequalitySchema should not validate inequality of invalid form",
              "timedOut": false,
              "duration": 2,
              "state": "passed",
              "speed": "fast",
              "pass": true,
              "fail": false,
              "pending": false,
              "context": null,
              "code": "[\n        \"\",\n        \"==23\",\n        \"23\",\n        \"<23\",\n        \">23\",\n        \"<=-1\",\n        \">=-1\",\n        \"<= 2\",\n        \">= 1\",\n        \"> 3\",\n        \"< 3\",\n        \"<=3a\",\n        \">=3a\",\n        \"a<=3\",\n        \"a>=3\",\n    ].forEach(isInvalidInequality)",
              "err": {},
              "uuid": "b2bbc9c7-1b0d-44d7-be4c-13f4036c7868",
              "parentUUID": "40166857-3c5a-4137-b9f2-bcfaba12fa80",
              "isHook": false,
              "skipped": false
            }
          ],
          "suites": [],
          "passes": [
            "b17dc014-d01c-455b-9a1f-830e6ff91d0c",
            "b2bbc9c7-1b0d-44d7-be4c-13f4036c7868"
          ],
          "failures": [],
          "pending": [],
          "skipped": [],
          "duration": 3,
          "root": false,
          "rootEmpty": false,
          "_timeout": 2000
        },
        {
          "uuid": "887c1d20-0749-4b98-ba87-a4a8bbfdc0f7",
          "title": "satisfyRuleSchema",
          "fullFile": "/home/runner/work/planwithus-lib/planwithus-lib/src/satisfyRule/schemas.test.ts",
          "file": "/src/satisfyRule/schemas.test.ts",
          "beforeHooks": [],
          "afterHooks": [],
          "tests": [
            {
              "title": "should validate satisfy rule with valid block id",
              "fullTitle": "satisfyRuleSchema should validate satisfy rule with valid block id",
              "timedOut": false,
              "duration": 1,
              "state": "passed",
              "speed": "fast",
              "pass": true,
              "fail": false,
              "pending": false,
              "context": null,
              "code": "fast_check_1.assert(fast_check_1.property(fast_check_1.string(), ajvValidate)",
              "err": {},
              "uuid": "41ee7ae4-7200-434c-8204-c4b7c21e63ed",
              "parentUUID": "887c1d20-0749-4b98-ba87-a4a8bbfdc0f7",
              "isHook": false,
              "skipped": false
            },
            {
              "title": "should validate satisfy rules with valid mc",
              "fullTitle": "satisfyRuleSchema should validate satisfy rules with valid mc",
              "timedOut": false,
              "duration": 2,
              "state": "passed",
              "speed": "fast",
              "pass": true,
              "fail": false,
              "pending": false,
              "context": "[\n  {\n    \"title\": \"mcSatisfyRule sample 0\",\n    \"value\": {\n      \"mc\": \"<=2\"\n    }\n  },\n  {\n    \"title\": \"mcSatisfyRule sample 1\",\n    \"value\": {\n      \"mc\": \"<=123\"\n    }\n  },\n  {\n    \"title\": \"mcSatisfyRule sample 2\",\n    \"value\": {\n      \"mc\": \">=6\"\n    }\n  },\n  {\n    \"title\": \"mcSatisfyRule sample 3\",\n    \"value\": {\n      \"mc\": \">=197\"\n    }\n  },\n  {\n    \"title\": \"mcSatisfyRule sample 4\",\n    \"value\": {\n      \"mc\": \"<=195\"\n    }\n  },\n  {\n    \"title\": \"mcSatisfyRule sample 5\",\n    \"value\": {\n      \"mc\": \"<=4\"\n    }\n  },\n  {\n    \"title\": \"mcSatisfyRule sample 6\",\n    \"value\": {\n      \"mc\": \"<=1\"\n    }\n  },\n  {\n    \"title\": \"mcSatisfyRule sample 7\",\n    \"value\": {\n      \"mc\": \"<=99\"\n    }\n  },\n  {\n    \"title\": \"mcSatisfyRule sample 8\",\n    \"value\": {\n      \"mc\": \"<=4\"\n    }\n  },\n  {\n    \"title\": \"mcSatisfyRule sample 9\",\n    \"value\": {\n      \"mc\": \"<=71\"\n    }\n  }\n]",
              "code": "fast_check_1.sample(index_test_2.mcSatisfyRule, 10).forEach((sample, i) => addContext_1.default(this, {\n    title: `mcSatisfyRule sample ${i}`,\n    value: sample,\n}));\nreturn fast_check_1.assert(fast_check_1.property(index_test_2.mcSatisfyRule, ajvValidate));",
              "err": {},
              "uuid": "f15999e1-a1d2-48f7-a91f-9453a783753d",
              "parentUUID": "887c1d20-0749-4b98-ba87-a4a8bbfdc0f7",
              "isHook": false,
              "skipped": false
            },
            {
              "title": "should validate valid recursive satisfy rules",
              "fullTitle": "satisfyRuleSchema should validate valid recursive satisfy rules",
              "timedOut": false,
              "duration": 5,
              "state": "passed",
              "speed": "fast",
              "pass": true,
              "fail": false,
              "pending": false,
              "context": "[\n  {\n    \"title\": \"satisfyRule sample 0\",\n    \"value\": {\n      \"mc\": \"<=195\"\n    }\n  },\n  {\n    \"title\": \"satisfyRule sample 1\",\n    \"value\": {\n      \"or\": [\n        \"&D(\",\n        \"mz(\",\n        {\n          \"or\": [\n            {\n              \"and\": [\n                {\n                  \"or\": [\n                    \"IFOn?D`\",\n                    \"@eMjD\",\n                    \"&p^?D^\"\n                  ]\n                }\n              ]\n            },\n            \"@?$HjgUg\",\n            \"-(Y\",\n            \"/'\"\n          ]\n        },\n        {\n          \"mc\": \">=155\"\n        },\n        {\n          \"or\": [\n            \"CDXL_XQ@G\\\\\",\n            \"M^\",\n            {\n              \"or\": [\n                \"9\\\\.gDF\"\n              ]\n            },\n            {\n              \"mc\": \"<=145\"\n            }\n          ]\n        }\n      ]\n    }\n  },\n  {\n    \"title\": \"satisfyRule sample 2\",\n    \"value\": {\n      \"and\": [\n        {\n          \"mc\": \">=200\"\n        },\n        \">Xrud%\",\n        \"V-uhNurL|.\",\n        \"1Zp6~,S3z.\",\n        {\n          \"mc\": \"<=8\"\n        }\n      ]\n    }\n  },\n  {\n    \"title\": \"satisfyRule sample 3\",\n    \"value\": {\n      \"mc\": \">=185\"\n    }\n  },\n  {\n    \"title\": \"satisfyRule sample 4\",\n    \"value\": {\n      \"mc\": \"<=46\"\n    }\n  },\n  {\n    \"title\": \"satisfyRule sample 5\",\n    \"value\": {\n      \"or\": [\n        \"kiOO\",\n        {\n          \"or\": [\n            {\n              \"or\": []\n            },\n            {\n              \"mc\": \">=103\"\n            },\n            \"g]u'\\\"B\",\n            {\n              \"or\": [\n                {\n                  \"mc\": \"<=59\"\n                },\n                \"B!M.p`-\",\n                \"/J7W|r{\",\n                \"e\"\n              ]\n            },\n            {\n              \"and\": []\n            }\n          ]\n        },\n        {\n          \"or\": [\n            \"uck\\\"cLT\",\n            {\n              \"or\": [\n                {\n                  \"and\": [\n                    \"+\",\n                    {\n                      \"or\": []\n                    },\n                    \"O*PhS\",\n                    {\n                      \"and\": []\n                    },\n                    \"\"\n                  ]\n                },\n                \"Ui&.>N'1\",\n                \"tbpa?[Eg\",\n                \"g-\",\n                \"a\"\n              ]\n            }\n          ]\n        },\n        {\n          \"and\": []\n        }\n      ]\n    }\n  },\n  {\n    \"title\": \"satisfyRule sample 6\",\n    \"value\": \"Lu26XVlBxG\"\n  },\n  {\n    \"title\": \"satisfyRule sample 7\",\n    \"value\": {\n      \"or\": []\n    }\n  },\n  {\n    \"title\": \"satisfyRule sample 8\",\n    \"value\": {\n      \"mc\": \"<=194\"\n    }\n  },\n  {\n    \"title\": \"satisfyRule sample 9\",\n    \"value\": \"1(z}5zd:^q\"\n  }\n]",
              "code": "fast_check_1.sample(index_test_2.satisfyRule, 10).forEach((sample, i) => addContext_1.default(this, {\n    title: `satisfyRule sample ${i}`,\n    value: sample,\n}));\nreturn fast_check_1.assert(fast_check_1.property(index_test_2.satisfyRule, ajvValidate));",
              "err": {},
              "uuid": "558fa683-dece-474d-af37-948a5421fea8",
              "parentUUID": "887c1d20-0749-4b98-ba87-a4a8bbfdc0f7",
              "isHook": false,
              "skipped": false
            },
            {
              "title": "should not validate non-string/object",
              "fullTitle": "satisfyRuleSchema should not validate non-string/object",
              "timedOut": false,
              "duration": 1,
              "state": "passed",
              "speed": "fast",
              "pass": true,
              "fail": false,
              "pending": false,
              "context": null,
              "code": "const error = {\n    instancePath: \"\",\n    message: \"satisfy rule should be either a string or an object\",\n};\nisInvalidRule(null, error);\nisInvalidRule(undefined, error);\nisInvalidRule(10, error);\nisInvalidRule([12, 24], error);",
              "err": {},
              "uuid": "238d1a77-883e-4f77-b619-d3a15da1095f",
              "parentUUID": "887c1d20-0749-4b98-ba87-a4a8bbfdc0f7",
              "isHook": false,
              "skipped": false
            },
            {
              "title": "should not validate satisfy rules with extra properties",
              "fullTitle": "satisfyRuleSchema should not validate satisfy rules with extra properties",
              "timedOut": false,
              "duration": 1,
              "state": "passed",
              "speed": "fast",
              "pass": true,
              "fail": false,
              "pending": false,
              "context": null,
              "code": "isInvalidRule({\n        and: [\n            { or: [\"2k\"], abc: \"def\" },\n            { mc: 8, ghi: \"jkl\" },\n        ],\n        mno: \"pqr\",\n    }, {\n        instancePath: \"/and/0\",\n        message: \"or satisfy rule should have property 'or' only\",\n    }, {\n        instancePath: \"/and/1\",\n        message: \"MC satisfy rule should have property 'mc' only\",\n    }, {\n        instancePath: \"\",\n        message: \"and satisfy rule should have property 'and' only\",\n    })",
              "err": {},
              "uuid": "1832ce1b-4dcd-4a11-b02e-bd2a1e82b835",
              "parentUUID": "887c1d20-0749-4b98-ba87-a4a8bbfdc0f7",
              "isHook": false,
              "skipped": false
            },
            {
              "title": "should not validate ambiguous satisfy rules",
              "fullTitle": "satisfyRuleSchema should not validate ambiguous satisfy rules",
              "timedOut": false,
              "duration": 1,
              "state": "passed",
              "speed": "fast",
              "pass": true,
              "fail": false,
              "pending": false,
              "context": null,
              "code": "const message = \"satisfy rule should have only one of properties 'mc', 'and', 'or'\";\nisInvalidRule({\n    or: [\n        { mc: 5, and: [\"CS2040\"] },\n        { and: [{ and: [\"abc\"], or: [\"def\"] }] },\n    ],\n}, { instancePath: \"/or/0\", message }, { instancePath: \"/or/1/and/0\", message });",
              "err": {},
              "uuid": "c2a5f082-1a32-401d-984a-4c49ae7f9f47",
              "parentUUID": "887c1d20-0749-4b98-ba87-a4a8bbfdc0f7",
              "isHook": false,
              "skipped": false
            },
            {
              "title": "should not validate and satisfy rules with non-array property",
              "fullTitle": "satisfyRuleSchema should not validate and satisfy rules with non-array property",
              "timedOut": false,
              "duration": 0,
              "state": "passed",
              "speed": "fast",
              "pass": true,
              "fail": false,
              "pending": false,
              "context": null,
              "code": "const message = \"property 'and' should be an array of satisfy rules\";\nisInvalidRule({ or: [{ and: {} }, { or: [{ and: 3 }] }] }, { instancePath: \"/or/0/and\", message }, { instancePath: \"/or/1/or/0/and\", message });",
              "err": {},
              "uuid": "9f7ed2fd-4e34-4454-ac27-29bae53217e4",
              "parentUUID": "887c1d20-0749-4b98-ba87-a4a8bbfdc0f7",
              "isHook": false,
              "skipped": false
            },
            {
              "title": "should not validate or satisfy rules with non-array property",
              "fullTitle": "satisfyRuleSchema should not validate or satisfy rules with non-array property",
              "timedOut": false,
              "duration": 0,
              "state": "passed",
              "speed": "fast",
              "pass": true,
              "fail": false,
              "pending": false,
              "context": null,
              "code": "const message = \"property 'or' should be an array of satisfy rules\";\nisInvalidRule({ and: [{ or: {} }, { and: [{ or: 3 }] }] }, { instancePath: \"/and/0/or\", message }, { instancePath: \"/and/1/and/0/or\", message });",
              "err": {},
              "uuid": "d8f7f0a1-0671-4045-8981-6c0c65393967",
              "parentUUID": "887c1d20-0749-4b98-ba87-a4a8bbfdc0f7",
              "isHook": false,
              "skipped": false
            }
          ],
          "suites": [],
          "passes": [
            "41ee7ae4-7200-434c-8204-c4b7c21e63ed",
            "f15999e1-a1d2-48f7-a91f-9453a783753d",
            "558fa683-dece-474d-af37-948a5421fea8",
            "238d1a77-883e-4f77-b619-d3a15da1095f",
            "1832ce1b-4dcd-4a11-b02e-bd2a1e82b835",
            "c2a5f082-1a32-401d-984a-4c49ae7f9f47",
            "9f7ed2fd-4e34-4454-ac27-29bae53217e4",
            "d8f7f0a1-0671-4045-8981-6c0c65393967"
          ],
          "failures": [],
          "pending": [],
          "skipped": [],
          "duration": 11,
          "root": false,
          "rootEmpty": false,
          "_timeout": 2000
        }
      ],
      "passes": [],
      "failures": [],
      "pending": [],
      "skipped": [],
      "duration": 0,
      "root": true,
      "rootEmpty": true,
      "_timeout": 2000
    }
  ],
  "meta": {
    "mocha": {
      "version": "9.0.3"
    },
    "mochawesome": {
      "options": {
        "quiet": false,
        "reportFilename": "mochawesome",
        "saveHtml": true,
        "saveJson": true,
        "consoleReporter": "spec",
        "useInlineDiffs": false,
        "code": true
      },
      "version": "6.2.2"
    },
    "marge": {
      "options": {
        "reportDir": "docs"
      },
      "version": "5.2.0"
    }
  }
}