{
  "stats": {
    "suites": 6,
    "tests": 29,
    "passes": 29,
    "pending": 0,
    "failures": 0,
    "start": "2021-06-16T15:27:08.336Z",
    "end": "2021-06-16T15:27:08.630Z",
    "duration": 294,
    "testsRegistered": 29,
    "passPercent": 100,
    "pendingPercent": 0,
    "other": 0,
    "hasOther": false,
    "skipped": 0,
    "hasSkipped": false
  },
  "results": [
    {
      "uuid": "42af4b77-6e50-40ef-a4ef-f262570c62de",
      "title": "",
      "fullFile": "",
      "file": "",
      "beforeHooks": [],
      "afterHooks": [],
      "tests": [],
      "suites": [
        {
          "uuid": "6fa941ca-b93f-4a03-8d5c-6cd0ba3ee146",
          "title": "initDirectories",
          "fullFile": "/home/runner/work/planwithus-lib/planwithus-lib/src/block/schemas.test.ts",
          "file": "/src/block/schemas.test.ts",
          "beforeHooks": [],
          "afterHooks": [],
          "tests": [
            {
              "title": "should parse all blocks with no errors",
              "fullTitle": "initDirectories should parse all blocks with no errors",
              "timedOut": false,
              "duration": 4,
              "state": "passed",
              "speed": "fast",
              "pass": true,
              "fail": false,
              "pending": false,
              "context": null,
              "code": "_1.initDirectories.should.not.throw()",
              "err": {},
              "uuid": "09223c77-beee-472e-98c1-c1efd875a6b3",
              "parentUUID": "6fa941ca-b93f-4a03-8d5c-6cd0ba3ee146",
              "isHook": false,
              "skipped": false
            },
            {
              "title": "should produce primary, second & minor directories",
              "fullTitle": "initDirectories should produce primary, second & minor directories",
              "timedOut": false,
              "duration": 47,
              "state": "passed",
              "speed": "medium",
              "pass": true,
              "fail": false,
              "pending": false,
              "context": null,
              "code": "const directories = await _1.initDirectories();\ndirectories.should.have.property(\"primary\");\ndirectories.should.have.property(\"second\");\ndirectories.should.have.property(\"minor\");",
              "err": {},
              "uuid": "f576d724-313a-4ce3-be70-faec37007ed9",
              "parentUUID": "6fa941ca-b93f-4a03-8d5c-6cd0ba3ee146",
              "isHook": false,
              "skipped": false
            }
          ],
          "suites": [],
          "passes": [
            "09223c77-beee-472e-98c1-c1efd875a6b3",
            "f576d724-313a-4ce3-be70-faec37007ed9"
          ],
          "failures": [],
          "pending": [],
          "skipped": [],
          "duration": 51,
          "root": false,
          "rootEmpty": false,
          "_timeout": 2000
        },
        {
          "uuid": "113c2168-b9f1-4620-b5ad-c90ec470e4ec",
          "title": "blockSchema",
          "fullFile": "/home/runner/work/planwithus-lib/planwithus-lib/src/block/schemas.test.ts",
          "file": "/src/block/schemas.test.ts",
          "beforeHooks": [],
          "afterHooks": [],
          "tests": [
            {
              "title": "should validate valid block",
              "fullTitle": "blockSchema should validate valid block",
              "timedOut": false,
              "duration": 185,
              "state": "passed",
              "speed": "slow",
              "pass": true,
              "fail": false,
              "pending": false,
              "context": "[\n  {\n    \"title\": \"block sample 0\",\n    \"value\": {\n      \"ay\": 1956,\n      \"assign\": [\n        \"\",\n        \"\",\n        \"oPP2\"\n      ],\n      \"match\": [\n        {\n          \"and\": []\n        }\n      ],\n      \"satisfy\": {\n        \"and\": [\n          {\n            \"and\": [\n              \"{:)$)W?<c;\",\n              {\n                \"mc\": \"<=29565048\"\n              },\n              \"6$nN~Y{u\",\n              \"AH<{4)\"\n            ]\n          }\n        ]\n      },\n      \"url\": \"https://eiq98cdzc1h.ac.oxw06zu7nez2n8kna3j947boic8bpxnroucsaax-b0ndumweb.59.fyw/d\"\n    }\n  },\n  {\n    \"title\": \"block sample 1\",\n    \"value\": {\n      \"name\": \"8PE8a&tu\",\n      \"ay\": 2017,\n      \"assign\": [\n        \"k}H6(eK\",\n        \";%\"\n      ],\n      \"match\": [\n        {\n          \"and\": [\n            \"XLZ07G\",\n            {\n              \"and\": []\n            }\n          ]\n        },\n        {\n          \"or\": [\n            {\n              \"and\": []\n            },\n            {\n              \"and\": [\n                {\n                  \"pattern\": \"VZ*8\",\n                  \"exclude\": [\n                    \"QDL**\"\n                  ],\n                  \"info\": \"Wy%zArcC g\"\n                },\n                \"SP26x4\"\n              ]\n            },\n            \"WO498\",\n            {\n              \"or\": [\n                {\n                  \"pattern\": \"WNSx44*C\",\n                  \"exclude\": [\n                    \"TTF*7\",\n                    \"WNL8*D\"\n                  ],\n                  \"info\": \"]:E5[UMmR\"\n                }\n              ]\n            },\n            {\n              \"or\": [\n                {\n                  \"and\": [\n                    \"AO0\",\n                    \"ZM19\",\n                    \"GNA50\",\n                    \"FX9*04\",\n                    {\n                      \"or\": [\n                        \"LM*\",\n                        \"PCR210xC\"\n                      ]\n                    }\n                  ]\n                },\n                {\n                  \"pattern\": \"FS*\",\n                  \"exclude\": [\n                    \"FP4*7\",\n                    \"FHY3M\"\n                  ],\n                  \"info\": \"|[gI\"\n                },\n                \"QOB7\"\n              ]\n            }\n          ]\n        },\n        \"DV5*79M\",\n        {\n          \"pattern\": \"FEW797\",\n          \"exclude\": \"AXx9x\",\n          \"info\": \"e;(\"\n        }\n      ],\n      \"info\": \"#yRd6xd2\"\n    }\n  },\n  {\n    \"title\": \"block sample 2\",\n    \"value\": {\n      \"name\": \"}XOpwi\",\n      \"ay\": 2029,\n      \"assign\": \"zx\",\n      \"info\": \"O\"\n    }\n  },\n  {\n    \"title\": \"block sample 3\",\n    \"value\": {\n      \"ay\": 1954,\n      \"assign\": [],\n      \"satisfy\": [\n        {\n          \"or\": [\n            \"n'6:&we\",\n            {\n              \"or\": [\n                \"7\"\n              ]\n            },\n            {\n              \"or\": [\n                {\n                  \"mc\": 49\n                }\n              ]\n            },\n            {\n              \"or\": []\n            }\n          ]\n        },\n        {\n          \"or\": [\n            {\n              \"and\": [\n                {\n                  \"or\": [\n                    \"t?`n!O\",\n                    \"utAikg~:\"\n                  ]\n                },\n                \"#D5x\",\n                \"L\",\n                {\n                  \"mc\": 157\n                }\n              ]\n            },\n            {\n              \"or\": [\n                {\n                  \"mc\": \">=167391516\"\n                },\n                \"OrX5w\",\n                \"\",\n                {\n                  \"or\": [\n                    \"SU!\"\n                  ]\n                }\n              ]\n            },\n            {\n              \"and\": [\n                \"6>e\",\n                \"Czu\",\n                {\n                  \"and\": [\n                    \"&*G0P^0Y\",\n                    \"]0!lt\",\n                    \"t\",\n                    {\n                      \"mc\": 158\n                    },\n                    {\n                      \"or\": [\n                        \"ZaM\",\n                        \"u:EZR/\",\n                        \"H?M\",\n                        \"|y6SRq`V,h\"\n                      ]\n                    }\n                  ]\n                },\n                {\n                  \"or\": [\n                    \"Pc8D#l\",\n                    {\n                      \"or\": [\n                        \">ws\",\n                        {\n                          \"and\": [\n                            \"4m8ViwJ\"\n                          ]\n                        },\n                        {\n                          \"mc\": \"<=1706645113\"\n                        },\n                        \"18hN5f c8l\"\n                      ]\n                    },\n                    \"R3[H@nE\"\n                  ]\n                },\n                \"~.Y\"\n              ]\n            }\n          ]\n        },\n        \"\",\n        \"N'r(\",\n        {\n          \"or\": [\n            \"\\\\\",\n            {\n              \"or\": [\n                {\n                  \"or\": []\n                },\n                {\n                  \"or\": []\n                }\n              ]\n            },\n            {\n              \"and\": [\n                \"fj}c\"\n              ]\n            },\n            {\n              \"and\": [\n                \"4\",\n                \"\",\n                \"(G`~!E9>*\",\n                {\n                  \"mc\": \"<=567448149\"\n                }\n              ]\n            }\n          ]\n        }\n      ],\n      \"url\": \"http://a.hsp/%F3%9F%80%BCyH9OHz_s0/eo/aK~Z%F1%B6%81%81/@&STl2+/Xu*.%F3%81%B9%86u)//5rQe%F0%B1%AD%ABj.\",\n      \"info\": \"u\"\n    }\n  },\n  {\n    \"title\": \"block sample 4\",\n    \"value\": {\n      \"name\": \"J\",\n      \"ay\": 2029,\n      \"assign\": [\n        \"^GPmm^A\"\n      ],\n      \"satisfy\": [\n        {\n          \"mc\": \"<=1369246365\"\n        }\n      ],\n      \"url\": \"http://daaz6t.cdfdswdgnn/8+ZQi~@x/@7KL$y/UK5EuZx2-o\",\n      \"info\": \"\"\n    }\n  },\n  {\n    \"title\": \"block sample 5\",\n    \"value\": {\n      \"name\": \"%%\",\n      \"ay\": 2030,\n      \"assign\": [\n        \"|tvg^R'\",\n        \" _7{2\",\n        \" Fxx~\",\n        \"\\\"<.;mDu)0A\"\n      ],\n      \"match\": [\n        {\n          \"and\": [\n            {\n              \"and\": [\n                {\n                  \"pattern\": \"KAX865E\",\n                  \"exclude\": [\n                    \"VK0069E\",\n                    \"ANx3*4\",\n                    \"BUCx7*4T\",\n                    \"CGU59*6\",\n                    \"MJG*654\"\n                  ],\n                  \"info\": \"0l(<~+q$vG\"\n                },\n                {\n                  \"or\": [\n                    {\n                      \"pattern\": \"UR65\",\n                      \"info\": \"\"\n                    },\n                    {\n                      \"and\": [\n                        \"EB*76U\",\n                        \"MU8V\",\n                        {\n                          \"pattern\": \"JAH5\",\n                          \"exclude\": \"ZP*N\",\n                          \"info\": \"?S4t$iA3\"\n                        },\n                        \"UQD7354G\",\n                        \"NF4x8\"\n                      ]\n                    },\n                    \"KC46x\"\n                  ]\n                },\n                {\n                  \"or\": [\n                    \"MV11xN\",\n                    \"POI48\"\n                  ]\n                },\n                \"BHx77*\",\n                \"LF*071\"\n              ]\n            },\n            {\n              \"and\": []\n            },\n            {\n              \"and\": [\n                {\n                  \"and\": [\n                    {\n                      \"pattern\": \"RRP58\",\n                      \"exclude\": \"NBx76Z\",\n                      \"info\": \"BTxE_L7Oh\"\n                    },\n                    {\n                      \"pattern\": \"CW4\",\n                      \"exclude\": \"WRJ72xB\"\n                    },\n                    \"IVx394C\",\n                    {\n                      \"or\": [\n                        {\n                          \"or\": []\n                        }\n                      ]\n                    },\n                    {\n                      \"or\": [\n                        \"SSL5xR\",\n                        {\n                          \"or\": [\n                            \"GBF2*8\",\n                            \"SP31*\",\n                            \"AC*899R\",\n                            \"AM946P\"\n                          ]\n                        },\n                        \"ZIV0311\",\n                        {\n                          \"or\": [\n                            \"TF83\",\n                            \"KL4829M\"\n                          ]\n                        },\n                        {\n                          \"and\": [\n                            \"QY922*I\",\n                            \"SB00F\",\n                            \"AZV3\",\n                            \"QC*B\"\n                          ]\n                        }\n                      ]\n                    }\n                  ]\n                },\n                {\n                  \"or\": []\n                }\n              ]\n            }\n          ]\n        },\n        \"JY58\"\n      ],\n      \"satisfy\": {\n        \"and\": []\n      },\n      \"url\": \"https://euhht3euja64ozd6zgv7h2pqz3cioi9yft1.2srnjrtso3vffqflu4jl41k.dz/fYQE%F3%BC%93%9F+1p(q/E8%F3%A0%91%B4/bufa;..aa/(ds2Nb//ff-ea/GK%F3%91%85%A45Q0FcW/.@%F1%A9%AA%9D$*,.cYo\",\n      \"info\": \"r!f ~~O\"\n    }\n  },\n  {\n    \"title\": \"block sample 6\",\n    \"value\": {\n      \"name\": \"2>fxmvXZK\",\n      \"ay\": 2007,\n      \"assign\": [\n        \"WvA%ZI6\",\n        \"$r%`=\\\"?\",\n        \"GXl~oH\",\n        \"R?\\\\|Ls\"\n      ],\n      \"match\": [\n        \"OYG6x51G\"\n      ],\n      \"url\": \"https://v9.wy-jn-4xwmkp5n56raywa.x.7pxxy2sud-lexwly7nxfu1pc.nlbor/8lP/X/edZow%F0%AB%80%96j3/%F3%B8%B8%A6p/%F2%91%9D%80Q2-)/$jo=/6$/BQR$(@:z/hrD9%F3%AF%9C%B7cEe%F0%9F%A7%ACh\"\n    }\n  },\n  {\n    \"title\": \"block sample 7\",\n    \"value\": {\n      \"name\": \"|\",\n      \"ay\": 1973,\n      \"assign\": \"\",\n      \"match\": [\n        {\n          \"and\": [\n            {\n              \"and\": [\n                {\n                  \"pattern\": \"DMX941*\",\n                  \"exclude\": \"VH*72\",\n                  \"info\": \"6\"\n                },\n                \"AL2328\",\n                \"FX57\",\n                \"VU**42\",\n                {\n                  \"and\": [\n                    \"CQ223\"\n                  ]\n                }\n              ]\n            },\n            \"QI586I\"\n          ]\n        },\n        {\n          \"and\": [\n            {\n              \"or\": []\n            },\n            {\n              \"pattern\": \"MG85B\",\n              \"exclude\": \"QA224\"\n            },\n            {\n              \"and\": [\n                {\n                  \"and\": []\n                },\n                {\n                  \"pattern\": \"UQx787\",\n                  \"exclude\": \"QBF*\",\n                  \"info\": \"P8y#Q3.fod\"\n                }\n              ]\n            },\n            {\n              \"pattern\": \"OLS65\",\n              \"exclude\": [\n                \"PCD959\",\n                \"YAE932\",\n                \"GCV3133\",\n                \"KD78\"\n              ],\n              \"info\": \"6'Q/%DR\"\n            },\n            {\n              \"or\": [\n                \"RU*863\",\n                \"TLx23\",\n                {\n                  \"or\": [\n                    \"CR4T\",\n                    {\n                      \"or\": [\n                        {\n                          \"pattern\": \"WS33X\",\n                          \"exclude\": \"SF3*I\",\n                          \"info\": \"d\"\n                        },\n                        {\n                          \"and\": [\n                            \"HGM42\",\n                            \"LIBxK\",\n                            \"YIM867\"\n                          ]\n                        },\n                        \"GV5F\"\n                      ]\n                    },\n                    \"PWP8C\",\n                    \"DC77\",\n                    \"CR00R\"\n                  ]\n                },\n                {\n                  \"or\": [\n                    {\n                      \"and\": [\n                        {\n                          \"or\": [\n                            \"WJB762W\",\n                            \"TE9xF\",\n                            \"SOQ2xQ\",\n                            \"SR8N\",\n                            \"DFP2379T\"\n                          ]\n                        },\n                        {\n                          \"and\": [\n                            \"TL25O\",\n                            \"WI0\",\n                            \"YV146\",\n                            \"WVT885\",\n                            \"CU4*5xK\"\n                          ]\n                        },\n                        \"DCE5x67\"\n                      ]\n                    },\n                    \"JE5*P\"\n                  ]\n                },\n                {\n                  \"or\": [\n                    \"MC8562\",\n                    \"RJO43xG\",\n                    \"NWF3972\",\n                    \"YVAx82\"\n                  ]\n                }\n              ]\n            }\n          ]\n        },\n        \"OL3xV\",\n        {\n          \"or\": []\n        }\n      ],\n      \"url\": \"http://m12mppl5hcta018ogb3dlyp.xtg3n3jbml9m9u0in9o.dkv5yoos9g8ym32s0w5q.ndpsbhzwwv/$&YB%F1%BA%9C%A2_/Xm/E8Z/%F3%B7%8B%829@%F3%9B%A8%98%F2%A8%B0%A8Y/a2Gc':3;/W+@/n1zsfXi\"\n    }\n  },\n  {\n    \"title\": \"block sample 8\",\n    \"value\": {\n      \"ay\": 1956,\n      \"assign\": \"\",\n      \"satisfy\": \"\",\n      \"info\": \"\\\\@:^47\",\n      \"N3w<D!\": {\n        \"name\": \"TcHHzt,5vZ\",\n        \"ay\": 1998,\n        \"assign\": [\n          \"g}+C\",\n          \"AzL /ks\"\n        ],\n        \"match\": [\n          {\n            \"pattern\": \"CGI5\",\n            \"exclude\": \"MDT146x\",\n            \"info\": \"HuhqOW+\"\n          },\n          {\n            \"pattern\": \"PBF190O\",\n            \"exclude\": [\n              \"BJY9M\",\n              \"EEM10\",\n              \"YWP1492X\",\n              \"AN*408X\"\n            ],\n            \"info\": \"UvnD,2\"\n          }\n        ],\n        \"satisfy\": \"N3J\",\n        \"url\": \"http://i6wouq8.9.ytajw8uqh05focz.elqn/wZ2\",\n        \"info\": \"k\"\n      },\n      \"\": {\n        \"name\": \"l/E$$b\",\n        \"ay\": 1965,\n        \"assign\": \"sc1:}~\",\n        \"match\": {\n          \"and\": [\n            {\n              \"pattern\": \"RYB615D\",\n              \"exclude\": \"HBF4\",\n              \"info\": \"^WhG7A<z\\\"\"\n            },\n            {\n              \"and\": [\n                \"JLL21X\",\n                {\n                  \"and\": [\n                    {\n                      \"or\": [\n                        \"LNx54P\",\n                        \"ST16*M\"\n                      ]\n                    },\n                    \"HMM4*4\",\n                    \"AJA8*4Z\",\n                    \"CJM59\"\n                  ]\n                },\n                {\n                  \"pattern\": \"VQS37E\",\n                  \"exclude\": \"BX736\",\n                  \"info\": \"S\\\\\"\n                }\n              ]\n            },\n            {\n              \"and\": [\n                {\n                  \"and\": [\n                    \"RI5621\",\n                    {\n                      \"or\": [\n                        \"RJM0508\",\n                        \"XXY5x6\",\n                        \"GW1\",\n                        \"QP2684T\"\n                      ]\n                    }\n                  ]\n                },\n                \"SZ24\"\n              ]\n            },\n            {\n              \"and\": []\n            },\n            {\n              \"and\": [\n                \"NFI902*X\",\n                {\n                  \"or\": [\n                    {\n                      \"and\": []\n                    },\n                    {\n                      \"and\": []\n                    },\n                    \"DQx07H\",\n                    \"RECx48D\",\n                    {\n                      \"or\": [\n                        \"HE6K\",\n                        \"GVG1L\",\n                        \"XY40E\",\n                        \"CIR48P\"\n                      ]\n                    }\n                  ]\n                },\n                \"BGI1534\",\n                {\n                  \"or\": [\n                    {\n                      \"and\": [\n                        {\n                          \"and\": [\n                            \"ALX8\",\n                            \"KKM3E\"\n                          ]\n                        }\n                      ]\n                    },\n                    \"ZSI4\",\n                    \"OBN3B\",\n                    {\n                      \"pattern\": \"YWI0*2\",\n                      \"exclude\": \"YZ7*33F\"\n                    },\n                    \"ROF5\"\n                  ]\n                }\n              ]\n            }\n          ]\n        },\n        \"satisfy\": [\n          {\n            \"mc\": \">=1233257624\"\n          },\n          {\n            \"and\": [\n              {\n                \"and\": [\n                  \"(FE)l.\"\n                ]\n              },\n              \")'KPB<W&\",\n              {\n                \"or\": [\n                  \"{scw'W|nx \"\n                ]\n              },\n              {\n                \"or\": []\n              },\n              {\n                \"mc\": \"<=647073756\"\n              }\n            ]\n          },\n          \"d/P\",\n          {\n            \"mc\": \"<=313976882\"\n          },\n          \"Y{WaYR0\"\n        ],\n        \"url\": \"http://1.lepmjc/CCR!/2L;bGUJ&/~e&Z%F2%8A%AE%84is/7~//Q%F3%97%AC%BD/0e3n6MZ/c:9W!dG/0R*.~x%F0%A0%87%90@W_/1nk\",\n        \"info\": \"\"\n      },\n      \"v{cgMk\": {\n        \"ay\": 2026,\n        \"assign\": [\n          \"Ok=,2>/'\",\n          \"mkX\",\n          \"[cP-6l\"\n        ],\n        \"match\": [],\n        \"satisfy\": [\n          {\n            \"and\": [\n              {\n                \"and\": [\n                  {\n                    \"and\": [\n                      {\n                        \"or\": [\n                          {\n                            \"or\": [\n                              \"\",\n                              \"zEc:4\",\n                              \"x#\",\n                              \"7JuU\\\\\"\n                            ]\n                          },\n                          {\n                            \"mc\": \"<=2022766350\"\n                          },\n                          \"*ceN]fRsI=\",\n                          {\n                            \"mc\": 87\n                          }\n                        ]\n                      },\n                      \"\\\\(5t(K(\",\n                      \"WM5X.[%av\",\n                      {\n                        \"and\": [\n                          \"f~f2c+O,G\",\n                          \"5gx@ TUd\",\n                          \"w\"\n                        ]\n                      }\n                    ]\n                  },\n                  \"2\",\n                  \"u#~Y>\",\n                  \"\",\n                  \"n\"\n                ]\n              },\n              \"WhN.N!_.\",\n              {\n                \"or\": [\n                  \"&EzuvXe\",\n                  {\n                    \"or\": [\n                      \"Bt*$$?\"\n                    ]\n                  }\n                ]\n              },\n              {\n                \"or\": [\n                  \"MXIcy848\",\n                  \"\\\\}\",\n                  {\n                    \"or\": [\n                      \"M+\",\n                      \"|>r&C\",\n                      \"M.L5:\"\n                    ]\n                  },\n                  \"2QNJ\"\n                ]\n              }\n            ]\n          }\n        ],\n        \"url\": \"http://y0e4slpmk8b8slf2bc3pyafza.ua76j1d2m68gz34qsbpp6zuq2zd0.v04nqupv46fiumz2s2uypn-l-a1pgw9fzaoptv8.lgdxzwgvht/d.y5J%F2%90%A6%97PR%F4%86%BF%99/i4%F1%BF%BB%8Dd;sU(r//Zj8Sec@3g//C!cSQ%F3%8E%B4%865/1Ibhs@!eB'/)h9PBTm$_M/P&F\",\n        \"info\": \"d$1\",\n        \";\\\"en\": {\n          \"ay\": 2030,\n          \"assign\": [\n            \"w#~REJk\",\n            \"\\\"{`bIeEA7%\",\n            \"IJ\",\n            \"&Fuumk!D'\",\n            \"pRsA\"\n          ],\n          \"url\": \"http://wfeu42ngjj.urgf8-tg-z2.f2u-o.sf7cuidcx1qbeakjd2ma8rf9lbm4ikvjbn.cld/aWLeynG/sJ'Ueh7oi/0as%F1%9D%9C%AExrO/C0/O4TW+zW/%F0%9A%91%975/8Kvu:\"\n        },\n        \"Pu1+pZpv+\": {\n          \"name\": \"aNM\",\n          \"ay\": 1981,\n          \"assign\": \"%J\",\n          \"satisfy\": [\n            {\n              \"mc\": 91\n            }\n          ],\n          \"url\": \"https://jfdc0-qtlr14c--h69s8li6r95faj2s0djwk.c643f1s6gikwkp7-ti6.akjnftghqy/DpDI&Kp%F2%A2%A2%8EL%F2%B4%85%93/_%F4%88%8E%B8%F3%91%90%89(/N2(\"\n        },\n        \"gY?Y\": {\n          \"name\": \"}ZCrpUNID\",\n          \"ay\": 1965,\n          \"assign\": [\n            \"\",\n            \"Plw4KXs}\",\n            \"^DF~gH8&O#\",\n            \")c?UA4\"\n          ],\n          \"match\": \"QH0149O\",\n          \"satisfy\": [\n            {\n              \"mc\": \">=617147196\"\n            },\n            {\n              \"or\": []\n            },\n            {\n              \"or\": [\n                {\n                  \"and\": []\n                },\n                {\n                  \"or\": [\n                    {\n                      \"and\": [\n                        \"NSO!PJ\"\n                      ]\n                    },\n                    \"0R\\\\v]`H;Q\",\n                    {\n                      \"and\": [\n                        \"E['\"\n                      ]\n                    },\n                    \"w1!vE'@B\",\n                    \"B5^kx8a_\"\n                  ]\n                }\n              ]\n            },\n            {\n              \"mc\": 111\n            }\n          ],\n          \"url\": \"http://avjg05pq6su38ua2daakrab7lnt.urmvdotp4upx.8gnq89gh2w9x9np2pw5ox3h04rf3pvard7.zlne7wf8btfg6hkfz73l4u7sk9td38puhu6sws1xakk29cp0q9icadwj3rwij8j.izxjdcasjh/g/MB/e:=%F3%9C%98%A0%F0%AC%81%83/,B/8d/4~%F2%BE%98%8CqKs/*%F2%A3%BD%9Ab6i/O6FAy*F/Kt/c=qX:8e7TA\",\n          \"info\": \"p3c$s\"\n        }\n      }\n    }\n  },\n  {\n    \"title\": \"block sample 9\",\n    \"value\": {\n      \"name\": \"KLa'}n{kx\",\n      \"assign\": \"=pDB*Wa^\",\n      \"match\": [\n        \"MDJ*Y\"\n      ],\n      \"satisfy\": [\n        {\n          \"mc\": \"<=1811762854\"\n        },\n        \"\\\"&H5T2m\",\n        {\n          \"mc\": 50\n        },\n        {\n          \"and\": [\n            {\n              \"or\": [\n                \"lv\",\n                \".OK\",\n                {\n                  \"or\": [\n                    {\n                      \"or\": [\n                        \"S;3Ja|\"\n                      ]\n                    },\n                    {\n                      \"and\": []\n                    },\n                    {\n                      \"and\": [\n                        \"\",\n                        {\n                          \"or\": [\n                            \"ZUuNR_g;m\",\n                            \".UD!\",\n                            \"+J0poD\\\\\"\n                          ]\n                        },\n                        \"/ZW1y\"\n                      ]\n                    },\n                    \"bK\"\n                  ]\n                },\n                {\n                  \"and\": [\n                    \":7P3bCIp\",\n                    \"0?T,ZU9`gF\"\n                  ]\n                },\n                \"=zTOA1@:b\"\n              ]\n            },\n            {\n              \"or\": [\n                \"ykMr@\",\n                \"fH?}qI~\",\n                {\n                  \"mc\": \"<=886875092\"\n                },\n                {\n                  \"or\": [\n                    \"\\\"6M.#[\\\"xq\\\"\"\n                  ]\n                }\n              ]\n            },\n            {\n              \"mc\": \"<=978253867\"\n            }\n          ]\n        }\n      ],\n      \"url\": \"http://q9wzhw1268ap9wlo0gsd0749aebw2enj2734t09h4im5.nlxq3ndyqmej0.oseccdccmy/1oFU/vDG*p/1h/f*44/nSWKxNej&/jo_%F3%B7%A0%B28:(/Htz.@V%E6%B4%B7$V/~T%F1%9A%B2%8A%F2%8E%9E%B8\",\n      \"info\": \"_UQ}zHm-\"\n    }\n  }\n]",
              "code": "fast_check_1.sample(index_test_2.block, 10).forEach((sample, i) => addContext_1.default(this, {\n    title: `block sample ${i}`,\n    value: sample,\n}));\nreturn fast_check_1.assert(fast_check_1.property(index_test_2.block, ajvValidate));",
              "err": {},
              "uuid": "419b7dd4-8f56-44cf-9ad8-2d2c5e958f0f",
              "parentUUID": "113c2168-b9f1-4620-b5ad-c90ec470e4ec",
              "isHook": false,
              "skipped": false
            },
            {
              "title": "should not validate non-object",
              "fullTitle": "blockSchema should not validate non-object",
              "timedOut": false,
              "duration": 3,
              "state": "passed",
              "speed": "fast",
              "pass": true,
              "fail": false,
              "pending": false,
              "context": null,
              "code": "const error = {\n    instancePath: \"\",\n    message: \"block should be an object\",\n};\nisInvalidBlock(null, error);\nisInvalidBlock(undefined, error);\nisInvalidBlock(10, error);\nisInvalidBlock([12, 24], error);\nisInvalidBlock(\"abc\", error);",
              "err": {},
              "uuid": "f43ecbcd-4380-4cc2-be39-ee8664950bb1",
              "parentUUID": "113c2168-b9f1-4620-b5ad-c90ec470e4ec",
              "isHook": false,
              "skipped": false
            },
            {
              "title": "should not validate block with invalid properties",
              "fullTitle": "blockSchema should not validate block with invalid properties",
              "timedOut": false,
              "duration": 0,
              "state": "passed",
              "speed": "fast",
              "pass": true,
              "fail": false,
              "pending": false,
              "context": null,
              "code": "isInvalidBlock({\n        name: { foo: \"bar\" },\n        ay: -1000,\n        assign: {},\n        match: 1,\n        satisfy: 2,\n        url: { abc: \"def\" },\n        info: 42,\n    }, { instancePath: \"/name\", message: \"property 'name' should be a string\" }, {\n        instancePath: \"/ay\",\n        message: \"property 'ay' should be a positive integer\",\n    }, {\n        instancePath: \"/assign\",\n        message: \"property 'assign' should be either a block ID or an array of block IDs\",\n    }, {\n        instancePath: \"/match\",\n        message: \"property 'match' should be either a match rule or an array of match rules\",\n    }, {\n        instancePath: \"/satisfy\",\n        message: \"property 'satisfy' should be either a satisfy rule or an array of satisfy rules\",\n    }, { instancePath: \"/url\", message: \"property 'url' should be a string\" }, { instancePath: \"/info\", message: \"property 'info' should be a string\" })",
              "err": {},
              "uuid": "93139f36-c08c-4dd0-b49b-18fe0cf0a218",
              "parentUUID": "113c2168-b9f1-4620-b5ad-c90ec470e4ec",
              "isHook": false,
              "skipped": false
            }
          ],
          "suites": [],
          "passes": [
            "419b7dd4-8f56-44cf-9ad8-2d2c5e958f0f",
            "f43ecbcd-4380-4cc2-be39-ee8664950bb1",
            "93139f36-c08c-4dd0-b49b-18fe0cf0a218"
          ],
          "failures": [],
          "pending": [],
          "skipped": [],
          "duration": 188,
          "root": false,
          "rootEmpty": false,
          "_timeout": 2000
        },
        {
          "uuid": "6e964181-a61c-4fb0-8c44-0038f117231f",
          "title": "patternSchema",
          "fullFile": "/home/runner/work/planwithus-lib/planwithus-lib/src/matchRule/pattern/schemas.test.ts",
          "file": "/src/matchRule/pattern/schemas.test.ts",
          "beforeHooks": [],
          "afterHooks": [],
          "tests": [
            {
              "title": "should validate non-empty pattern composed of A-Z, 0-9, x or *",
              "fullTitle": "patternSchema should validate non-empty pattern composed of A-Z, 0-9, x or *",
              "timedOut": false,
              "duration": 2,
              "state": "passed",
              "speed": "fast",
              "pass": true,
              "fail": false,
              "pending": false,
              "context": "[\n  {\n    \"title\": \"pattern sample 0\",\n    \"value\": \"JWJ2887\"\n  },\n  {\n    \"title\": \"pattern sample 1\",\n    \"value\": \"JD3E\"\n  },\n  {\n    \"title\": \"pattern sample 2\",\n    \"value\": \"WS512x\"\n  },\n  {\n    \"title\": \"pattern sample 3\",\n    \"value\": \"TOZ3*0\"\n  },\n  {\n    \"title\": \"pattern sample 4\",\n    \"value\": \"MHR13*M\"\n  },\n  {\n    \"title\": \"pattern sample 5\",\n    \"value\": \"IUO9R\"\n  },\n  {\n    \"title\": \"pattern sample 6\",\n    \"value\": \"WJ19\"\n  },\n  {\n    \"title\": \"pattern sample 7\",\n    \"value\": \"JC1\"\n  },\n  {\n    \"title\": \"pattern sample 8\",\n    \"value\": \"PTL8M\"\n  },\n  {\n    \"title\": \"pattern sample 9\",\n    \"value\": \"GU554\"\n  }\n]",
              "code": "fast_check_1.sample(index_test_2.pattern, 10).forEach((sample, i) => addContext_1.default(this, {\n    title: `pattern sample ${i}`,\n    value: sample,\n}));\nreturn fast_check_1.assert(fast_check_1.property(index_test_2.pattern, ajvValidate), {\n    examples: [[\"*\"], [\"ACC1002\"], [\"IS1103\"], [\"CS1231S\"], [\"MA1102R\"]],\n});",
              "err": {},
              "uuid": "fcc0865f-7ca8-4e8f-ad1f-2ef7e2b07934",
              "parentUUID": "6e964181-a61c-4fb0-8c44-0038f117231f",
              "isHook": false,
              "skipped": false
            },
            {
              "title": "should not validate empty pattern",
              "fullTitle": "patternSchema should not validate empty pattern",
              "timedOut": false,
              "duration": 0,
              "state": "passed",
              "speed": "fast",
              "pass": true,
              "fail": false,
              "pending": false,
              "context": null,
              "code": "isInvalidPattern(\"\")",
              "err": {},
              "uuid": "9d4ee825-98fe-42de-b448-1bc4b73a5ada",
              "parentUUID": "6e964181-a61c-4fb0-8c44-0038f117231f",
              "isHook": false,
              "skipped": false
            },
            {
              "title": "should not validate pattern with invalid characters",
              "fullTitle": "patternSchema should not validate pattern with invalid characters",
              "timedOut": false,
              "duration": 1,
              "state": "passed",
              "speed": "fast",
              "pass": true,
              "fail": false,
              "pending": false,
              "context": null,
              "code": "[\"AB123a\", \"Ac123a\", \"AB123^S\", \"AB1*3^S\", \"$A1*3^S\", \"/A1x33S\"].forEach(isInvalidPattern)",
              "err": {},
              "uuid": "62239163-7068-4282-81f6-edbce3c90b30",
              "parentUUID": "6e964181-a61c-4fb0-8c44-0038f117231f",
              "isHook": false,
              "skipped": false
            }
          ],
          "suites": [],
          "passes": [
            "fcc0865f-7ca8-4e8f-ad1f-2ef7e2b07934",
            "9d4ee825-98fe-42de-b448-1bc4b73a5ada",
            "62239163-7068-4282-81f6-edbce3c90b30"
          ],
          "failures": [],
          "pending": [],
          "skipped": [],
          "duration": 3,
          "root": false,
          "rootEmpty": false,
          "_timeout": 2000
        },
        {
          "uuid": "820d5709-cdf7-4156-8b54-d38823344069",
          "title": "matchRuleSchema",
          "fullFile": "/home/runner/work/planwithus-lib/planwithus-lib/src/matchRule/schemas.test.ts",
          "file": "/src/matchRule/schemas.test.ts",
          "beforeHooks": [],
          "afterHooks": [],
          "tests": [
            {
              "title": "should validate match rule with valid pattern",
              "fullTitle": "matchRuleSchema should validate match rule with valid pattern",
              "timedOut": false,
              "duration": 1,
              "state": "passed",
              "speed": "fast",
              "pass": true,
              "fail": false,
              "pending": false,
              "context": "[\n  {\n    \"title\": \"pattern sample 0\",\n    \"value\": \"WU0\"\n  },\n  {\n    \"title\": \"pattern sample 1\",\n    \"value\": \"HN47\"\n  },\n  {\n    \"title\": \"pattern sample 2\",\n    \"value\": \"ENx8x6F\"\n  },\n  {\n    \"title\": \"pattern sample 3\",\n    \"value\": \"KLP6785Y\"\n  },\n  {\n    \"title\": \"pattern sample 4\",\n    \"value\": \"CV0361\"\n  },\n  {\n    \"title\": \"pattern sample 5\",\n    \"value\": \"IKM548S\"\n  },\n  {\n    \"title\": \"pattern sample 6\",\n    \"value\": \"OKY*R\"\n  },\n  {\n    \"title\": \"pattern sample 7\",\n    \"value\": \"TU492\"\n  },\n  {\n    \"title\": \"pattern sample 8\",\n    \"value\": \"JK51\"\n  },\n  {\n    \"title\": \"pattern sample 9\",\n    \"value\": \"JXL4x3P\"\n  }\n]",
              "code": "fast_check_1.sample(index_test_3.pattern, 10).forEach((sample, i) => addContext_1.default(this, {\n    title: `pattern sample ${i}`,\n    value: sample,\n}));\nreturn fast_check_1.assert(fast_check_1.property(index_test_3.pattern, ajvValidate));",
              "err": {},
              "uuid": "23bc82a4-3517-4eb3-9c8c-c1b3f0274831",
              "parentUUID": "820d5709-cdf7-4156-8b54-d38823344069",
              "isHook": false,
              "skipped": false
            },
            {
              "title": "should validate match rules with valid pattern, exclude and info",
              "fullTitle": "matchRuleSchema should validate match rules with valid pattern, exclude and info",
              "timedOut": false,
              "duration": 3,
              "state": "passed",
              "speed": "fast",
              "pass": true,
              "fail": false,
              "pending": false,
              "context": "[\n  {\n    \"title\": \"patternMatchRule sample 0\",\n    \"value\": {\n      \"pattern\": \"BBM49\",\n      \"exclude\": \"AXO1794\",\n      \"info\": \"83/ja\"\n    }\n  },\n  {\n    \"title\": \"patternMatchRule sample 1\",\n    \"value\": {\n      \"pattern\": \"CI83\",\n      \"exclude\": [\n        \"QS9018\",\n        \"JZC7K\"\n      ],\n      \"info\": \"=y{yO 5\\\"&\"\n    }\n  },\n  {\n    \"title\": \"patternMatchRule sample 2\",\n    \"value\": {\n      \"pattern\": \"HTD873\",\n      \"exclude\": []\n    }\n  },\n  {\n    \"title\": \"patternMatchRule sample 3\",\n    \"value\": {\n      \"pattern\": \"CAY2\",\n      \"info\": \",zjr%;|{\"\n    }\n  },\n  {\n    \"title\": \"patternMatchRule sample 4\",\n    \"value\": {\n      \"pattern\": \"FZ44\",\n      \"exclude\": \"IJ2\",\n      \"info\": \"\"\n    }\n  },\n  {\n    \"title\": \"patternMatchRule sample 5\",\n    \"value\": {\n      \"pattern\": \"YY0Y\",\n      \"exclude\": \"KVY3904\",\n      \"info\": \"~:+PU/<Hr\"\n    }\n  },\n  {\n    \"title\": \"patternMatchRule sample 6\",\n    \"value\": {\n      \"pattern\": \"SM8\",\n      \"info\": \"E]TJc\"\n    }\n  },\n  {\n    \"title\": \"patternMatchRule sample 7\",\n    \"value\": {\n      \"pattern\": \"XPS0x\",\n      \"exclude\": \"MFH44N\",\n      \"info\": \"Z6[[\"\n    }\n  },\n  {\n    \"title\": \"patternMatchRule sample 8\",\n    \"value\": {\n      \"pattern\": \"NG7\",\n      \"exclude\": \"GL6396\"\n    }\n  },\n  {\n    \"title\": \"patternMatchRule sample 9\",\n    \"value\": {\n      \"pattern\": \"KN871F\",\n      \"exclude\": \"UNM75\",\n      \"info\": \"P.##\"\n    }\n  }\n]",
              "code": "fast_check_1.sample(index_test_2.patternMatchRule, 10).forEach((sample, i) => addContext_1.default(this, {\n    title: `patternMatchRule sample ${i}`,\n    value: sample,\n}));\nreturn fast_check_1.assert(fast_check_1.property(index_test_2.patternMatchRule, ajvValidate));",
              "err": {},
              "uuid": "501fd628-301a-4b4b-ad60-a5f90ee8e88c",
              "parentUUID": "820d5709-cdf7-4156-8b54-d38823344069",
              "isHook": false,
              "skipped": false
            },
            {
              "title": "should validate valid recursive match rules",
              "fullTitle": "matchRuleSchema should validate valid recursive match rules",
              "timedOut": false,
              "duration": 6,
              "state": "passed",
              "speed": "fast",
              "pass": true,
              "fail": false,
              "pending": false,
              "context": "[\n  {\n    \"title\": \"matchRule sample 0\",\n    \"value\": {\n      \"or\": [\n        \"MO36\",\n        {\n          \"pattern\": \"KN*3R\",\n          \"exclude\": \"ER41K\",\n          \"info\": \"<\"\n        }\n      ]\n    }\n  },\n  {\n    \"title\": \"matchRule sample 1\",\n    \"value\": {\n      \"or\": []\n    }\n  },\n  {\n    \"title\": \"matchRule sample 2\",\n    \"value\": {\n      \"or\": [\n        \"NN171B\",\n        \"OFY8\",\n        \"XY82C\"\n      ]\n    }\n  },\n  {\n    \"title\": \"matchRule sample 3\",\n    \"value\": \"OXK471\"\n  },\n  {\n    \"title\": \"matchRule sample 4\",\n    \"value\": {\n      \"or\": [\n        {\n          \"pattern\": \"AIM89\",\n          \"info\": \"\\\\}\\\"\"\n        },\n        {\n          \"pattern\": \"HNM*P\",\n          \"exclude\": \"ZG6\",\n          \"info\": \"wl}}! %mtA\"\n        }\n      ]\n    }\n  },\n  {\n    \"title\": \"matchRule sample 5\",\n    \"value\": \"XF26x1J\"\n  },\n  {\n    \"title\": \"matchRule sample 6\",\n    \"value\": {\n      \"or\": [\n        {\n          \"and\": [\n            {\n              \"pattern\": \"BVx5O\",\n              \"info\": \"\\\"\"\n            },\n            \"WUD31\",\n            {\n              \"and\": []\n            },\n            \"HG1503\"\n          ]\n        },\n        {\n          \"pattern\": \"EQ2x6*F\",\n          \"exclude\": \"RMN168S\",\n          \"info\": \"*)~\"\n        },\n        {\n          \"or\": [\n            {\n              \"pattern\": \"TQQ338\",\n              \"exclude\": \"CKR183\",\n              \"info\": \"pO acR\"\n            },\n            \"FKN167A\"\n          ]\n        },\n        {\n          \"and\": [\n            {\n              \"or\": []\n            },\n            \"BY1Z\"\n          ]\n        },\n        {\n          \"or\": [\n            {\n              \"or\": []\n            },\n            \"FEM7147M\",\n            {\n              \"pattern\": \"ANJ6\",\n              \"exclude\": \"TM530\",\n              \"info\": \")&\"\n            },\n            {\n              \"pattern\": \"NSE4566T\",\n              \"exclude\": [\n                \"VFB5\"\n              ],\n              \"info\": \"6PU\"\n            },\n            \"BW4758V\"\n          ]\n        }\n      ]\n    }\n  },\n  {\n    \"title\": \"matchRule sample 7\",\n    \"value\": \"EC9576\"\n  },\n  {\n    \"title\": \"matchRule sample 8\",\n    \"value\": {\n      \"pattern\": \"TG*Y\",\n      \"exclude\": \"VSZ9Z\",\n      \"info\": \"V;4 x\\\\~\"\n    }\n  },\n  {\n    \"title\": \"matchRule sample 9\",\n    \"value\": {\n      \"or\": [\n        {\n          \"pattern\": \"EX**T\",\n          \"exclude\": [],\n          \"info\": \"0L\"\n        }\n      ]\n    }\n  }\n]",
              "code": "fast_check_1.sample(index_test_2.matchRule, 10).forEach((sample, i) => addContext_1.default(this, {\n    title: `matchRule sample ${i}`,\n    value: sample,\n}));\nreturn fast_check_1.assert(fast_check_1.property(index_test_2.matchRule, ajvValidate));",
              "err": {},
              "uuid": "c3225d24-08a5-43e8-be85-c2e0507eb0da",
              "parentUUID": "820d5709-cdf7-4156-8b54-d38823344069",
              "isHook": false,
              "skipped": false
            },
            {
              "title": "should not validate non-string/object",
              "fullTitle": "matchRuleSchema should not validate non-string/object",
              "timedOut": false,
              "duration": 0,
              "state": "passed",
              "speed": "fast",
              "pass": true,
              "fail": false,
              "pending": false,
              "context": null,
              "code": "const error = {\n    instancePath: \"\",\n    message: \"match rule should be either a string or an object\",\n};\nisInvalidRule(null, error);\nisInvalidRule(undefined, error);\nisInvalidRule(10, error);\nisInvalidRule([12, 24], error);",
              "err": {},
              "uuid": "19acde1f-d0e5-4c0f-a382-23bf4ab54d10",
              "parentUUID": "820d5709-cdf7-4156-8b54-d38823344069",
              "isHook": false,
              "skipped": false
            },
            {
              "title": "should not validate match rules with extra properties",
              "fullTitle": "matchRuleSchema should not validate match rules with extra properties",
              "timedOut": false,
              "duration": 0,
              "state": "passed",
              "speed": "fast",
              "pass": true,
              "fail": false,
              "pending": false,
              "context": null,
              "code": "isInvalidRule({\n        and: [{ or: [{ pattern: \"CS2103T\", info2: \"foobar\" }], abc: \"def\" }],\n        mno: \"pqr\",\n    }, {\n        instancePath: \"/and/0/or/0\",\n        message: \"pattern match rule should have properties 'pattern', 'exclude' (optional) and 'info' (optional) only\",\n    }, {\n        instancePath: \"/and/0\",\n        message: \"or match rule should have property 'or' only\",\n    }, {\n        instancePath: \"\",\n        message: \"and match rule should have property 'and' only\",\n    })",
              "err": {},
              "uuid": "158875b2-6d67-42a0-b719-e34474cdc7a7",
              "parentUUID": "820d5709-cdf7-4156-8b54-d38823344069",
              "isHook": false,
              "skipped": false
            },
            {
              "title": "should not validate ambiguous match rules",
              "fullTitle": "matchRuleSchema should not validate ambiguous match rules",
              "timedOut": false,
              "duration": 0,
              "state": "passed",
              "speed": "fast",
              "pass": true,
              "fail": false,
              "pending": false,
              "context": null,
              "code": "const message = \"match rule should have only one of properties 'pattern', 'and', 'or'\";\nisInvalidRule({\n    or: [\n        { pattern: \"CS1231\", and: [] },\n        { pattern: \"CS1231\", or: [] },\n        { and: [{ and: [\"abc\"], or: [\"def\"] }] },\n    ],\n}, { instancePath: \"/or/0\", message }, { instancePath: \"/or/1\", message }, { instancePath: \"/or/2/and/0\", message });",
              "err": {},
              "uuid": "82ae43c9-6b13-4ef9-9b16-6b388c12b180",
              "parentUUID": "820d5709-cdf7-4156-8b54-d38823344069",
              "isHook": false,
              "skipped": false
            },
            {
              "title": "should not validate pattern match rule with invalid patterns",
              "fullTitle": "matchRuleSchema should not validate pattern match rule with invalid patterns",
              "timedOut": false,
              "duration": 1,
              "state": "passed",
              "speed": "fast",
              "pass": true,
              "fail": false,
              "pending": false,
              "context": null,
              "code": "const message = \"pattern should be a non-empty string composed of A-Z, 0-9, x or *\";\nisInvalidRule({\n    and: [\n        \"CS210c\",\n        { pattern: \"CS2100\", exclude: \"CS1231s\" },\n        { pattern: \"CS210#T\", exclude: [\"CS1231\", \"CS21%\"] },\n    ],\n}, { instancePath: \"/and/0\", message }, { instancePath: \"/and/1/exclude\", message }, { instancePath: \"/and/2/pattern\", message }, { instancePath: \"/and/2/exclude/1\", message });",
              "err": {},
              "uuid": "6e64a7b9-35fd-4177-8d0b-c0a0d93b33d8",
              "parentUUID": "820d5709-cdf7-4156-8b54-d38823344069",
              "isHook": false,
              "skipped": false
            },
            {
              "title": "should not validate pattern match rule with non-string/array exclude",
              "fullTitle": "matchRuleSchema should not validate pattern match rule with non-string/array exclude",
              "timedOut": false,
              "duration": 0,
              "state": "passed",
              "speed": "fast",
              "pass": true,
              "fail": false,
              "pending": false,
              "context": null,
              "code": "const message = \"property 'exclude' should be either a pattern or an array of patterns\";\nisInvalidRule({\n    or: [\n        { pattern: \"CS2101\", exclude: {} },\n        { pattern: \"CS2101\", exclude: 5 },\n    ],\n}, { instancePath: \"/or/0/exclude\", message }, { instancePath: \"/or/1/exclude\", message });",
              "err": {},
              "uuid": "d71c1b3a-211f-4daf-bf93-c271df92611d",
              "parentUUID": "820d5709-cdf7-4156-8b54-d38823344069",
              "isHook": false,
              "skipped": false
            },
            {
              "title": "should not validate pattern match rule with non-string info",
              "fullTitle": "matchRuleSchema should not validate pattern match rule with non-string info",
              "timedOut": false,
              "duration": 0,
              "state": "passed",
              "speed": "fast",
              "pass": true,
              "fail": false,
              "pending": false,
              "context": null,
              "code": "const message = \"property 'info' should be a string\";\nisInvalidRule({ pattern: \"CS2101\", info: 42 }, { instancePath: \"/info\", message });",
              "err": {},
              "uuid": "dbb120d8-3026-4fc8-942e-07d2a2e57bb1",
              "parentUUID": "820d5709-cdf7-4156-8b54-d38823344069",
              "isHook": false,
              "skipped": false
            },
            {
              "title": "should not validate and match rules with non-array property",
              "fullTitle": "matchRuleSchema should not validate and match rules with non-array property",
              "timedOut": false,
              "duration": 0,
              "state": "passed",
              "speed": "fast",
              "pass": true,
              "fail": false,
              "pending": false,
              "context": null,
              "code": "const message = \"property 'and' should be an array of match rules\";\nisInvalidRule({ or: [{ and: {} }, { or: [{ and: 3 }] }] }, { instancePath: \"/or/0/and\", message }, { instancePath: \"/or/1/or/0/and\", message });",
              "err": {},
              "uuid": "fef1f8df-40d1-440e-a6b2-ecb2526f00c6",
              "parentUUID": "820d5709-cdf7-4156-8b54-d38823344069",
              "isHook": false,
              "skipped": false
            },
            {
              "title": "should not validate or match rules with non-array property",
              "fullTitle": "matchRuleSchema should not validate or match rules with non-array property",
              "timedOut": false,
              "duration": 0,
              "state": "passed",
              "speed": "fast",
              "pass": true,
              "fail": false,
              "pending": false,
              "context": null,
              "code": "const message = \"property 'or' should be an array of match rules\";\nisInvalidRule({ or: [{ or: {} }, { and: [{ or: 3 }] }] }, { instancePath: \"/or/0/or\", message }, { instancePath: \"/or/1/and/0/or\", message });",
              "err": {},
              "uuid": "0fbfb4f3-db89-4beb-a8e1-fd1ab5b3e617",
              "parentUUID": "820d5709-cdf7-4156-8b54-d38823344069",
              "isHook": false,
              "skipped": false
            }
          ],
          "suites": [],
          "passes": [
            "23bc82a4-3517-4eb3-9c8c-c1b3f0274831",
            "501fd628-301a-4b4b-ad60-a5f90ee8e88c",
            "c3225d24-08a5-43e8-be85-c2e0507eb0da",
            "19acde1f-d0e5-4c0f-a382-23bf4ab54d10",
            "158875b2-6d67-42a0-b719-e34474cdc7a7",
            "82ae43c9-6b13-4ef9-9b16-6b388c12b180",
            "6e64a7b9-35fd-4177-8d0b-c0a0d93b33d8",
            "d71c1b3a-211f-4daf-bf93-c271df92611d",
            "dbb120d8-3026-4fc8-942e-07d2a2e57bb1",
            "fef1f8df-40d1-440e-a6b2-ecb2526f00c6",
            "0fbfb4f3-db89-4beb-a8e1-fd1ab5b3e617"
          ],
          "failures": [],
          "pending": [],
          "skipped": [],
          "duration": 11,
          "root": false,
          "rootEmpty": false,
          "_timeout": 2000
        },
        {
          "uuid": "2ca76e38-4b1e-45e3-a13e-261ef0265c0b",
          "title": "inequalitySchema",
          "fullFile": "/home/runner/work/planwithus-lib/planwithus-lib/src/satisfyRule/inequality/schemas.test.ts",
          "file": "/src/satisfyRule/inequality/schemas.test.ts",
          "beforeHooks": [],
          "afterHooks": [],
          "tests": [
            {
              "title": "should validate inequality in the form <=n or >=n",
              "fullTitle": "inequalitySchema should validate inequality in the form <=n or >=n",
              "timedOut": false,
              "duration": 1,
              "state": "passed",
              "speed": "fast",
              "pass": true,
              "fail": false,
              "pending": false,
              "context": "[\n  {\n    \"title\": \"inequality sample 0\",\n    \"value\": \">=2032958047\"\n  },\n  {\n    \"title\": \"inequality sample 1\",\n    \"value\": \"<=3\"\n  },\n  {\n    \"title\": \"inequality sample 2\",\n    \"value\": \">=893586604\"\n  },\n  {\n    \"title\": \"inequality sample 3\",\n    \"value\": \">=931698489\"\n  },\n  {\n    \"title\": \"inequality sample 4\",\n    \"value\": \">=402744231\"\n  },\n  {\n    \"title\": \"inequality sample 5\",\n    \"value\": \"<=25\"\n  },\n  {\n    \"title\": \"inequality sample 6\",\n    \"value\": \">=27894223\"\n  },\n  {\n    \"title\": \"inequality sample 7\",\n    \"value\": \">=1905058550\"\n  },\n  {\n    \"title\": \"inequality sample 8\",\n    \"value\": \">=830080977\"\n  },\n  {\n    \"title\": \"inequality sample 9\",\n    \"value\": \"<=2146405063\"\n  }\n]",
              "code": "fast_check_1.sample(index_test_2.inequality, 10).forEach((sample, i) => addContext_1.default(this, {\n    title: `inequality sample ${i}`,\n    value: sample,\n}));\nreturn fast_check_1.assert(fast_check_1.property(index_test_2.inequality, ajvValidate));",
              "err": {},
              "uuid": "de81a07f-c87a-429f-8af7-e95cb54e8bbd",
              "parentUUID": "2ca76e38-4b1e-45e3-a13e-261ef0265c0b",
              "isHook": false,
              "skipped": false
            },
            {
              "title": "should not validate inequality of invalid form",
              "fullTitle": "inequalitySchema should not validate inequality of invalid form",
              "timedOut": false,
              "duration": 2,
              "state": "passed",
              "speed": "fast",
              "pass": true,
              "fail": false,
              "pending": false,
              "context": null,
              "code": "[\n        \"\",\n        \"==23\",\n        \"23\",\n        \"<23\",\n        \">23\",\n        \"<=-1\",\n        \">=-1\",\n        \"<= 2\",\n        \">= 1\",\n        \"> 3\",\n        \"< 3\",\n        \"<=3a\",\n        \">=3a\",\n        \"a<=3\",\n        \"a>=3\",\n    ].forEach(isInvalidInequality)",
              "err": {},
              "uuid": "29881eb7-9120-4506-abed-1c67b4e1a211",
              "parentUUID": "2ca76e38-4b1e-45e3-a13e-261ef0265c0b",
              "isHook": false,
              "skipped": false
            }
          ],
          "suites": [],
          "passes": [
            "de81a07f-c87a-429f-8af7-e95cb54e8bbd",
            "29881eb7-9120-4506-abed-1c67b4e1a211"
          ],
          "failures": [],
          "pending": [],
          "skipped": [],
          "duration": 3,
          "root": false,
          "rootEmpty": false,
          "_timeout": 2000
        },
        {
          "uuid": "698bd904-3b08-42b1-b449-5770248d28d7",
          "title": "satisfyRuleSchema",
          "fullFile": "/home/runner/work/planwithus-lib/planwithus-lib/src/satisfyRule/schemas.test.ts",
          "file": "/src/satisfyRule/schemas.test.ts",
          "beforeHooks": [],
          "afterHooks": [],
          "tests": [
            {
              "title": "should validate satisfy rule with valid block id",
              "fullTitle": "satisfyRuleSchema should validate satisfy rule with valid block id",
              "timedOut": false,
              "duration": 1,
              "state": "passed",
              "speed": "fast",
              "pass": true,
              "fail": false,
              "pending": false,
              "context": null,
              "code": "fast_check_1.assert(fast_check_1.property(fast_check_1.string(), ajvValidate)",
              "err": {},
              "uuid": "d8820b95-d745-4af0-856a-1709d1f3bdb1",
              "parentUUID": "698bd904-3b08-42b1-b449-5770248d28d7",
              "isHook": false,
              "skipped": false
            },
            {
              "title": "should validate satisfy rules with valid mc",
              "fullTitle": "satisfyRuleSchema should validate satisfy rules with valid mc",
              "timedOut": false,
              "duration": 1,
              "state": "passed",
              "speed": "fast",
              "pass": true,
              "fail": false,
              "pending": false,
              "context": "[\n  {\n    \"title\": \"mcSatisfyRule sample 0\",\n    \"value\": {\n      \"mc\": 7\n    }\n  },\n  {\n    \"title\": \"mcSatisfyRule sample 1\",\n    \"value\": {\n      \"mc\": \"<=363831573\"\n    }\n  },\n  {\n    \"title\": \"mcSatisfyRule sample 2\",\n    \"value\": {\n      \"mc\": 140\n    }\n  },\n  {\n    \"title\": \"mcSatisfyRule sample 3\",\n    \"value\": {\n      \"mc\": 196\n    }\n  },\n  {\n    \"title\": \"mcSatisfyRule sample 4\",\n    \"value\": {\n      \"mc\": 73\n    }\n  },\n  {\n    \"title\": \"mcSatisfyRule sample 5\",\n    \"value\": {\n      \"mc\": 197\n    }\n  },\n  {\n    \"title\": \"mcSatisfyRule sample 6\",\n    \"value\": {\n      \"mc\": \"<=1396342615\"\n    }\n  },\n  {\n    \"title\": \"mcSatisfyRule sample 7\",\n    \"value\": {\n      \"mc\": \"<=1272522124\"\n    }\n  },\n  {\n    \"title\": \"mcSatisfyRule sample 8\",\n    \"value\": {\n      \"mc\": 3\n    }\n  },\n  {\n    \"title\": \"mcSatisfyRule sample 9\",\n    \"value\": {\n      \"mc\": \">=2147483618\"\n    }\n  }\n]",
              "code": "fast_check_1.sample(index_test_2.mcSatisfyRule, 10).forEach((sample, i) => addContext_1.default(this, {\n    title: `mcSatisfyRule sample ${i}`,\n    value: sample,\n}));\nreturn fast_check_1.assert(fast_check_1.property(index_test_2.mcSatisfyRule, ajvValidate));",
              "err": {},
              "uuid": "1c25a420-4e27-4a5d-a535-db8a555fc2c5",
              "parentUUID": "698bd904-3b08-42b1-b449-5770248d28d7",
              "isHook": false,
              "skipped": false
            },
            {
              "title": "should validate valid recursive satisfy rules",
              "fullTitle": "satisfyRuleSchema should validate valid recursive satisfy rules",
              "timedOut": false,
              "duration": 5,
              "state": "passed",
              "speed": "fast",
              "pass": true,
              "fail": false,
              "pending": false,
              "context": "[\n  {\n    \"title\": \"satisfyRule sample 0\",\n    \"value\": {\n      \"or\": [\n        {\n          \"mc\": 75\n        }\n      ]\n    }\n  },\n  {\n    \"title\": \"satisfyRule sample 1\",\n    \"value\": {\n      \"or\": [\n        {\n          \"and\": [\n            {\n              \"or\": [\n                \"\"\n              ]\n            }\n          ]\n        },\n        {\n          \"or\": []\n        },\n        {\n          \"mc\": \">=652275683\"\n        },\n        {\n          \"mc\": 7\n        },\n        \"3_'YC`t\"\n      ]\n    }\n  },\n  {\n    \"title\": \"satisfyRule sample 2\",\n    \"value\": {\n      \"mc\": 5\n    }\n  },\n  {\n    \"title\": \"satisfyRule sample 3\",\n    \"value\": {\n      \"and\": [\n        {\n          \"or\": [\n            {\n              \"mc\": \">=10548690\"\n            },\n            \"G!a^.U\",\n            {\n              \"and\": [\n                {\n                  \"mc\": 196\n                },\n                \"El,qNL\",\n                {\n                  \"and\": [\n                    {\n                      \"mc\": 18\n                    },\n                    \"9e\"\n                  ]\n                }\n              ]\n            },\n            \"ZK+s\",\n            {\n              \"mc\": 116\n            }\n          ]\n        },\n        {\n          \"and\": [\n            {\n              \"or\": [\n                \"MU|\",\n                {\n                  \"or\": [\n                    \"_4Z&Ke)\",\n                    \"xZ-ld5xg\",\n                    \"D=+(73w\",\n                    \"1SQ%\",\n                    \"_.\"\n                  ]\n                },\n                {\n                  \"and\": []\n                },\n                \"ytT?\"\n              ]\n            },\n            {\n              \"or\": [\n                {\n                  \"and\": [\n                    \"vWEXBG;\",\n                    {\n                      \"and\": [\n                        \"-\",\n                        {\n                          \"and\": [\n                            \"$F#;$\",\n                            \"\",\n                            \",S|\",\n                            \"ialIOBou\",\n                            \"+9uZw/r\"\n                          ]\n                        },\n                        {\n                          \"and\": [\n                            \"X>7u0b\",\n                            \";)8M\\\"\",\n                            \"P~ei%&:.#\"\n                          ]\n                        }\n                      ]\n                    },\n                    \"c*P\",\n                    \"DPEgd\"\n                  ]\n                },\n                \"{ounxjVJSk\",\n                \"4.I?mvu?\"\n              ]\n            },\n            {\n              \"and\": []\n            }\n          ]\n        },\n        {\n          \"mc\": \"<=360569262\"\n        }\n      ]\n    }\n  },\n  {\n    \"title\": \"satisfyRule sample 4\",\n    \"value\": \"&#&$\"\n  },\n  {\n    \"title\": \"satisfyRule sample 5\",\n    \"value\": {\n      \"mc\": \">=2147483620\"\n    }\n  },\n  {\n    \"title\": \"satisfyRule sample 6\",\n    \"value\": \"SKtz\\\\i\"\n  },\n  {\n    \"title\": \"satisfyRule sample 7\",\n    \"value\": {\n      \"or\": [\n        {\n          \"or\": [\n            \"O^\",\n            {\n              \"or\": [\n                {\n                  \"and\": [\n                    {\n                      \"and\": [\n                        \"mSPVE\"\n                      ]\n                    },\n                    \"BZ}P!\",\n                    \"8\",\n                    {\n                      \"mc\": 93\n                    },\n                    \"\"\n                  ]\n                },\n                \"bN-<t[oC\\\"<\"\n              ]\n            },\n            {\n              \"and\": [\n                {\n                  \"mc\": \">=1478798223\"\n                },\n                {\n                  \"mc\": 170\n                },\n                {\n                  \"or\": [\n                    {\n                      \"mc\": \">=974881718\"\n                    },\n                    {\n                      \"or\": [\n                        {\n                          \"mc\": 148\n                        },\n                        \"{]uPnU::\"\n                      ]\n                    }\n                  ]\n                },\n                \"NQ}b!y.\",\n                \"Ed|XJf?! \"\n              ]\n            },\n            \"\",\n            \"3&$\\\\\"\n          ]\n        }\n      ]\n    }\n  },\n  {\n    \"title\": \"satisfyRule sample 8\",\n    \"value\": {\n      \"and\": [\n        \"'d=\"\n      ]\n    }\n  },\n  {\n    \"title\": \"satisfyRule sample 9\",\n    \"value\": \"9[5P5SbS\"\n  }\n]",
              "code": "fast_check_1.sample(index_test_2.satisfyRule, 10).forEach((sample, i) => addContext_1.default(this, {\n    title: `satisfyRule sample ${i}`,\n    value: sample,\n}));\nreturn fast_check_1.assert(fast_check_1.property(index_test_2.satisfyRule, ajvValidate));",
              "err": {},
              "uuid": "0a7ce189-8d92-4488-b03d-1d1e47bd543c",
              "parentUUID": "698bd904-3b08-42b1-b449-5770248d28d7",
              "isHook": false,
              "skipped": false
            },
            {
              "title": "should not validate non-string/object",
              "fullTitle": "satisfyRuleSchema should not validate non-string/object",
              "timedOut": false,
              "duration": 0,
              "state": "passed",
              "speed": "fast",
              "pass": true,
              "fail": false,
              "pending": false,
              "context": null,
              "code": "const error = {\n    instancePath: \"\",\n    message: \"satisfy rule should be either a string or an object\",\n};\nisInvalidRule(null, error);\nisInvalidRule(undefined, error);\nisInvalidRule(10, error);\nisInvalidRule([12, 24], error);",
              "err": {},
              "uuid": "a7877bd3-3a7d-4ed8-ba77-ad87c506d2d2",
              "parentUUID": "698bd904-3b08-42b1-b449-5770248d28d7",
              "isHook": false,
              "skipped": false
            },
            {
              "title": "should not validate satisfy rules with extra properties",
              "fullTitle": "satisfyRuleSchema should not validate satisfy rules with extra properties",
              "timedOut": false,
              "duration": 0,
              "state": "passed",
              "speed": "fast",
              "pass": true,
              "fail": false,
              "pending": false,
              "context": null,
              "code": "isInvalidRule({\n        and: [\n            { or: [\"2k\"], abc: \"def\" },\n            { mc: 8, ghi: \"jkl\" },\n        ],\n        mno: \"pqr\",\n    }, {\n        instancePath: \"/and/0\",\n        message: \"or satisfy rule should have property 'or' only\",\n    }, {\n        instancePath: \"/and/1\",\n        message: \"MC satisfy rule should have property 'mc' only\",\n    }, {\n        instancePath: \"\",\n        message: \"and satisfy rule should have property 'and' only\",\n    })",
              "err": {},
              "uuid": "4dd3e4a6-647e-4e9e-a4c7-a8f9e01bf9be",
              "parentUUID": "698bd904-3b08-42b1-b449-5770248d28d7",
              "isHook": false,
              "skipped": false
            },
            {
              "title": "should not validate ambiguous satisfy rules",
              "fullTitle": "satisfyRuleSchema should not validate ambiguous satisfy rules",
              "timedOut": false,
              "duration": 1,
              "state": "passed",
              "speed": "fast",
              "pass": true,
              "fail": false,
              "pending": false,
              "context": null,
              "code": "const message = \"satisfy rule should have only one of properties 'mc', 'and', 'or'\";\nisInvalidRule({\n    or: [\n        { mc: 5, and: [\"CS2040\"] },\n        { and: [{ and: [\"abc\"], or: [\"def\"] }] },\n    ],\n}, { instancePath: \"/or/0\", message }, { instancePath: \"/or/1/and/0\", message });",
              "err": {},
              "uuid": "65a7c166-fbd7-457c-9745-62b95d47385a",
              "parentUUID": "698bd904-3b08-42b1-b449-5770248d28d7",
              "isHook": false,
              "skipped": false
            },
            {
              "title": "should not validate and satisfy rules with non-array property",
              "fullTitle": "satisfyRuleSchema should not validate and satisfy rules with non-array property",
              "timedOut": false,
              "duration": 0,
              "state": "passed",
              "speed": "fast",
              "pass": true,
              "fail": false,
              "pending": false,
              "context": null,
              "code": "const message = \"property 'and' should be an array of satisfy rules\";\nisInvalidRule({ or: [{ and: {} }, { or: [{ and: 3 }] }] }, { instancePath: \"/or/0/and\", message }, { instancePath: \"/or/1/or/0/and\", message });",
              "err": {},
              "uuid": "0874c50a-dd1f-47be-9dba-0c273c3320e2",
              "parentUUID": "698bd904-3b08-42b1-b449-5770248d28d7",
              "isHook": false,
              "skipped": false
            },
            {
              "title": "should not validate or satisfy rules with non-array property",
              "fullTitle": "satisfyRuleSchema should not validate or satisfy rules with non-array property",
              "timedOut": false,
              "duration": 1,
              "state": "passed",
              "speed": "fast",
              "pass": true,
              "fail": false,
              "pending": false,
              "context": null,
              "code": "const message = \"property 'or' should be an array of satisfy rules\";\nisInvalidRule({ and: [{ or: {} }, { and: [{ or: 3 }] }] }, { instancePath: \"/and/0/or\", message }, { instancePath: \"/and/1/and/0/or\", message });",
              "err": {},
              "uuid": "e709cf82-37c4-41ef-b414-712efdba014e",
              "parentUUID": "698bd904-3b08-42b1-b449-5770248d28d7",
              "isHook": false,
              "skipped": false
            }
          ],
          "suites": [],
          "passes": [
            "d8820b95-d745-4af0-856a-1709d1f3bdb1",
            "1c25a420-4e27-4a5d-a535-db8a555fc2c5",
            "0a7ce189-8d92-4488-b03d-1d1e47bd543c",
            "a7877bd3-3a7d-4ed8-ba77-ad87c506d2d2",
            "4dd3e4a6-647e-4e9e-a4c7-a8f9e01bf9be",
            "65a7c166-fbd7-457c-9745-62b95d47385a",
            "0874c50a-dd1f-47be-9dba-0c273c3320e2",
            "e709cf82-37c4-41ef-b414-712efdba014e"
          ],
          "failures": [],
          "pending": [],
          "skipped": [],
          "duration": 9,
          "root": false,
          "rootEmpty": false,
          "_timeout": 2000
        }
      ],
      "passes": [],
      "failures": [],
      "pending": [],
      "skipped": [],
      "duration": 0,
      "root": true,
      "rootEmpty": true,
      "_timeout": 2000
    }
  ],
  "meta": {
    "mocha": {
      "version": "9.0.0"
    },
    "mochawesome": {
      "options": {
        "quiet": false,
        "reportFilename": "mochawesome",
        "saveHtml": true,
        "saveJson": true,
        "consoleReporter": "spec",
        "useInlineDiffs": false,
        "code": true
      },
      "version": "6.2.2"
    },
    "marge": {
      "options": {
        "reportDir": "docs"
      },
      "version": "5.2.0"
    }
  }
}