{
  "stats": {
    "suites": 10,
    "tests": 48,
    "passes": 48,
    "pending": 0,
    "failures": 0,
    "start": "2021-07-20T03:26:30.009Z",
    "end": "2021-07-20T03:26:30.381Z",
    "duration": 372,
    "testsRegistered": 48,
    "passPercent": 100,
    "pendingPercent": 0,
    "other": 0,
    "hasOther": false,
    "skipped": 0,
    "hasSkipped": false
  },
  "results": [
    {
      "uuid": "39f88aed-85af-4972-8065-ecaf5767eb1e",
      "title": "",
      "fullFile": "",
      "file": "",
      "beforeHooks": [],
      "afterHooks": [],
      "tests": [],
      "suites": [
        {
          "uuid": "02881ec0-0910-4d1d-aa69-37d6fdfff5d4",
          "title": "initDirectories",
          "fullFile": "/home/runner/work/planwithus-lib/planwithus-lib/src/block/schemas.test.ts",
          "file": "/src/block/schemas.test.ts",
          "beforeHooks": [],
          "afterHooks": [],
          "tests": [
            {
              "title": "should parse all blocks with no errors",
              "fullTitle": "initDirectories should parse all blocks with no errors",
              "timedOut": false,
              "duration": 3,
              "state": "passed",
              "speed": "fast",
              "pass": true,
              "fail": false,
              "pending": false,
              "context": null,
              "code": "_1.initDirectories.should.not.throw()",
              "err": {},
              "uuid": "a9277d82-0264-4cf4-839c-4057da8d25c1",
              "parentUUID": "02881ec0-0910-4d1d-aa69-37d6fdfff5d4",
              "isHook": false,
              "skipped": false
            },
            {
              "title": "should produce primary, second & minor directories",
              "fullTitle": "initDirectories should produce primary, second & minor directories",
              "timedOut": false,
              "duration": 3,
              "state": "passed",
              "speed": "fast",
              "pass": true,
              "fail": false,
              "pending": false,
              "context": null,
              "code": "const directories = _1.initDirectories();\ndirectories.should.have.property(\"primary\");\ndirectories.should.have.property(\"second\");\ndirectories.should.have.property(\"minor\");",
              "err": {},
              "uuid": "23eed2b6-2345-4737-96bf-56dd574d24ab",
              "parentUUID": "02881ec0-0910-4d1d-aa69-37d6fdfff5d4",
              "isHook": false,
              "skipped": false
            }
          ],
          "suites": [],
          "passes": [
            "a9277d82-0264-4cf4-839c-4057da8d25c1",
            "23eed2b6-2345-4737-96bf-56dd574d24ab"
          ],
          "failures": [],
          "pending": [],
          "skipped": [],
          "duration": 6,
          "root": false,
          "rootEmpty": false,
          "_timeout": 2000
        },
        {
          "uuid": "a4f93302-4d42-4550-8b01-9e9cf5078a84",
          "title": "blockSchema",
          "fullFile": "/home/runner/work/planwithus-lib/planwithus-lib/src/block/schemas.test.ts",
          "file": "/src/block/schemas.test.ts",
          "beforeHooks": [],
          "afterHooks": [],
          "tests": [
            {
              "title": "should validate valid block",
              "fullTitle": "blockSchema should validate valid block",
              "timedOut": false,
              "duration": 212,
              "state": "passed",
              "speed": "slow",
              "pass": true,
              "fail": false,
              "pending": false,
              "context": "[\n  {\n    \"title\": \"block sample 0\",\n    \"value\": {\n      \"name\": \"gF#\\\"H $\\\"\",\n      \"ay\": 1963,\n      \"assign\": [\n        \"@\\\\U\",\n        \"H;0[h-]!Q\"\n      ],\n      \"satisfy\": {\n        \"or\": [\n          {\n            \"and\": [\n              {\n                \"mc\": \">=139\"\n              },\n              {\n                \"and\": []\n              },\n              {\n                \"mc\": \">=55\"\n              }\n            ]\n          },\n          {\n            \"and\": [\n              \"\",\n              \"3#8JobSfo5\",\n              {\n                \"mc\": \"<=195\"\n              },\n              \"7F0:K{\",\n              {\n                \"and\": [\n                  {\n                    \"or\": [\n                      \"1yW=\",\n                      \"f#:.y1qTB\",\n                      \"@pR\",\n                      \"G4q\"\n                    ]\n                  },\n                  \"x-Pn9iu\",\n                  {\n                    \"mc\": \"<=199\"\n                  },\n                  \":RCbE[3{2g\",\n                  \"0oY1%\"\n                ]\n              }\n            ]\n          },\n          {\n            \"and\": []\n          },\n          {\n            \"mc\": \">=155\"\n          }\n        ]\n      },\n      \"url\": \"https://w.d-ynfzsec4-grw.cfpqjczf\",\n      \"isSelectable\": true,\n      \"[w*{Z+0g\": {\n        \"name\": \"sO&\",\n        \"assign\": [],\n        \"match\": [\n          {\n            \"and\": [\n              \"EWF025\",\n              {\n                \"and\": [\n                  \"LLK3\",\n                  \"JCA61N\",\n                  {\n                    \"or\": [\n                      {\n                        \"or\": [\n                          {\n                            \"pattern\": \"AR4\",\n                            \"exclude\": \"MH1708R\",\n                            \"info\": \"\"\n                          },\n                          \"YE12x\",\n                          \"XL3R\",\n                          \"OP6Q\",\n                          \"JH27L\"\n                        ]\n                      }\n                    ]\n                  },\n                  \"OVW24\"\n                ]\n              },\n              {\n                \"or\": []\n              },\n              {\n                \"pattern\": \"IVV525U\",\n                \"info\": \"F],\"\n              }\n            ]\n          },\n          \"EL9*\",\n          {\n            \"or\": [\n              {\n                \"pattern\": \"RQ31I\",\n                \"exclude\": [],\n                \"info\": \"#%\"\n              },\n              {\n                \"or\": []\n              }\n            ]\n          },\n          {\n            \"or\": [\n              \"OGFx*76\",\n              {\n                \"and\": [\n                  {\n                    \"and\": [\n                      {\n                        \"pattern\": \"BKK6\",\n                        \"exclude\": \"EZD271xZ\",\n                        \"info\": \"SdtuM$\"\n                      },\n                      {\n                        \"pattern\": \"ES6\",\n                        \"exclude\": \"CMX2\",\n                        \"info\": \"AU=IEQ\\\\x8:\"\n                      },\n                      \"YY314x\",\n                      {\n                        \"and\": [\n                          \"UHJ341\",\n                          \"UTF6U\",\n                          \"JZ78*\",\n                          \"LW262H\"\n                        ]\n                      }\n                    ]\n                  },\n                  \"YV4x1*E\",\n                  {\n                    \"pattern\": \"CRU6\",\n                    \"info\": \"*)MyL]|]\"\n                  }\n                ]\n              },\n              {\n                \"or\": [\n                  {\n                    \"or\": [\n                      {\n                        \"pattern\": \"OJ2*Q\",\n                        \"info\": \"G%Swvq.\\\\?\"\n                      },\n                      \"SD609P\"\n                    ]\n                  },\n                  \"GAx\",\n                  {\n                    \"and\": [\n                      \"ZMC4763F\",\n                      {\n                        \"pattern\": \"WBL7052B\",\n                        \"exclude\": \"CB95\",\n                        \"info\": \"3EYkgzg\"\n                      },\n                      \"OFT8x6\",\n                      \"LE34\",\n                      {\n                        \"or\": []\n                      }\n                    ]\n                  },\n                  \"IPX*18D\",\n                  {\n                    \"or\": []\n                  }\n                ]\n              },\n              {\n                \"and\": [\n                  {\n                    \"pattern\": \"MW1\",\n                    \"exclude\": [\n                      \"THJ2M\",\n                      \"MNZ0\",\n                      \"OBA6\"\n                    ],\n                    \"info\": \"#eord/\"\n                  },\n                  \"DSQ369\",\n                  \"KG983\",\n                  \"PO*33S\",\n                  {\n                    \"pattern\": \"WBM086\",\n                    \"exclude\": \"FUE6*1\",\n                    \"info\": \"Y\"\n                  }\n                ]\n              },\n              {\n                \"and\": [\n                  {\n                    \"and\": [\n                      {\n                        \"or\": [\n                          \"KKT284\",\n                          \"CX15F\",\n                          \"TKT18\"\n                        ]\n                      },\n                      \"EC238\",\n                      {\n                        \"or\": [\n                          \"NYP515*B\",\n                          \"YJF5L\"\n                        ]\n                      }\n                    ]\n                  },\n                  \"LLx\",\n                  \"OD3\"\n                ]\n              }\n            ]\n          },\n          {\n            \"and\": [\n              {\n                \"or\": [\n                  {\n                    \"and\": [\n                      \"JCI527N\",\n                      {\n                        \"or\": []\n                      },\n                      \"CMxY\",\n                      {\n                        \"pattern\": \"EHH35\",\n                        \"exclude\": [\n                          \"MM2\"\n                        ],\n                        \"info\": \")=7c, \"\n                      }\n                    ]\n                  },\n                  {\n                    \"pattern\": \"CGE9F\",\n                    \"exclude\": \"ZY7E\",\n                    \"info\": \"_@\"\n                  }\n                ]\n              },\n              \"TMX116\",\n              \"QAF42G\",\n              {\n                \"and\": [\n                  \"TAC3R\",\n                  {\n                    \"pattern\": \"HZ57T\",\n                    \"exclude\": [\n                      \"KJF0317Z\",\n                      \"OY85*x\",\n                      \"ZAX447G\",\n                      \"KNA2\",\n                      \"AHHx8*B\"\n                    ]\n                  },\n                  {\n                    \"and\": [\n                      \"IWQ778\",\n                      {\n                        \"pattern\": \"YW25K\",\n                        \"info\": \"k\\\\8Z/[4aTJ\"\n                      }\n                    ]\n                  },\n                  {\n                    \"or\": [\n                      \"WHU4*P\",\n                      {\n                        \"and\": [\n                          {\n                            \"or\": [\n                              \"OEV63\",\n                              \"MGCx\"\n                            ]\n                          },\n                          \"ZSx0\",\n                          \"FK8039J\"\n                        ]\n                      },\n                      \"UW900\",\n                      \"BU0x5E\"\n                    ]\n                  },\n                  {\n                    \"pattern\": \"SKW467\",\n                    \"exclude\": \"GA1251\",\n                    \"info\": \"2>\"\n                  }\n                ]\n              }\n            ]\n          }\n        ],\n        \"satisfy\": \"~\",\n        \"url\": \"http://e8.onrgyj/gf//dx%F3%94%83%B0J%F0%A5%A1%94wN'k/bfxIF$%F3%A5%B7%B6MQ/saXsKj;8/SXtF@KCjM/0d2=Ny:/sPiZ/nD%D3%B2B\",\n        \"info\": \"l\",\n        \"isSelectable\": true,\n        \"#QEB:-v<9D\": {\n          \"name\": \" \\\"&&{F~\\\" H\",\n          \"ay\": 1975,\n          \"assign\": \" \",\n          \"match\": [\n            {\n              \"pattern\": \"WJ33x4\",\n              \"exclude\": \"CYA3I\"\n            },\n            \"HYK98*0\",\n            \"VJ8636\",\n            {\n              \"or\": [\n                {\n                  \"or\": [\n                    {\n                      \"or\": []\n                    },\n                    \"TQ2791\",\n                    {\n                      \"or\": [\n                        \"LO09P\",\n                        \"NN74\",\n                        \"NL93\",\n                        {\n                          \"and\": [\n                            \"WRS0*08C\"\n                          ]\n                        },\n                        \"KMx1W\"\n                      ]\n                    },\n                    \"UWQ3Z\"\n                  ]\n                },\n                {\n                  \"pattern\": \"OH5E\",\n                  \"exclude\": \"GA6633I\",\n                  \"info\": \"u7j\"\n                },\n                {\n                  \"pattern\": \"YKO5T\",\n                  \"exclude\": [\n                    \"LZ052*\",\n                    \"OC6\",\n                    \"CGEx69\",\n                    \"YD6x92\",\n                    \"VMK756*D\"\n                  ],\n                  \"info\": \"Ay6iA(\"\n                },\n                {\n                  \"pattern\": \"DNEx*6\"\n                }\n              ]\n            },\n            {\n              \"pattern\": \"XEF41\",\n              \"info\": \"t$z5zkz\"\n            }\n          ],\n          \"url\": \"https://0f813d34.1r-6tmca2-hcba26-7d1nwb3z88mfbpimc6hvll2n2pi95suo6eelxh6ygbd.3fsum3pmk6idfd7mrwrushkpkoh9w7ixaextor5-de7wf7461w09t21180q.rwcfktk/%F1%A1%84%A2K(/xXW/_e,RPF%F3%BA%AA%A3/yj3;Ha(/py:g/8/-oS%F4%8D%89%95Ap8/2V%F4%85%A2%9E(zMSi/vI,\",\n          \"info\": \"$`~\",\n          \"isSelectable\": true\n        }\n      }\n    }\n  },\n  {\n    \"title\": \"block sample 1\",\n    \"value\": {\n      \"name\": \"!!&\",\n      \"ay\": 1954,\n      \"assign\": [\n        \"W^\",\n        \"B\"\n      ],\n      \"match\": {\n        \"pattern\": \"FZ235*\",\n        \"exclude\": [\n          \"FY1*H\",\n          \"XZ9\",\n          \"KDI2321\",\n          \"DFx82\"\n        ],\n        \"info\": \"aEOhyTc\"\n      },\n      \"satisfy\": {\n        \"mc\": \"<=197\"\n      },\n      \"url\": \"https://uqiylof2-85rlk8xhz5i73j8tdks.55l768zmhe9wm99tozs6fbgd.b.ffzrfmfaf/g%F3%A0%96%A6eL//:gc;m*=Me2/S/b=%E5%A4%A41%F0%AE%8A%A5gf%F1%82%94%84//=ig\",\n      \"isSelectable\": true\n    }\n  },\n  {\n    \"title\": \"block sample 2\",\n    \"value\": {\n      \"name\": \"4c\",\n      \"ay\": 1968,\n      \"match\": {\n        \"and\": [\n          {\n            \"and\": [\n              \"AQ8\",\n              {\n                \"and\": [\n                  \"PR6xJ\",\n                  {\n                    \"pattern\": \"NB4x\",\n                    \"exclude\": [\n                      \"JX13N\"\n                    ],\n                    \"info\": \"2Uy,W5B^`[\"\n                  },\n                  {\n                    \"pattern\": \"TE9\",\n                    \"info\": \"p\"\n                  }\n                ]\n              },\n              {\n                \"and\": []\n              },\n              {\n                \"or\": [\n                  \"VE**9P\"\n                ]\n              },\n              {\n                \"or\": [\n                  {\n                    \"or\": []\n                  },\n                  {\n                    \"and\": [\n                      \"GAV233\",\n                      {\n                        \"and\": []\n                      },\n                      \"VE34C\"\n                    ]\n                  }\n                ]\n              }\n            ]\n          },\n          \"XIR824\",\n          {\n            \"pattern\": \"RKO1H\",\n            \"exclude\": \"LB94*\",\n            \"info\": \"FIs)CWr3G\"\n          }\n        ]\n      },\n      \"satisfy\": [],\n      \"url\": \"http://4j7vffk6fjp0uk2miqbnfmu-7rf5u0fi5jc039lvm62v3vuqve5.tepxwdxbyebc3qsxuxiwjk1no1stahxw4n9i.lyatwci85po0hrx103b.yxdb/hI/adi/rU/(eLf\",\n      \"info\": \"\"\n    }\n  },\n  {\n    \"title\": \"block sample 3\",\n    \"value\": {\n      \"name\": \"m\",\n      \"assign\": [\n        \"@\",\n        \"T@\",\n        \"dX:\",\n        \"\",\n        \"~SH&es`\"\n      ],\n      \"satisfy\": {\n        \"or\": [\n          {\n            \"and\": []\n          },\n          {\n            \"and\": [\n              {\n                \"mc\": \">=17\"\n              }\n            ]\n          },\n          {\n            \"and\": []\n          },\n          \"\",\n          {\n            \"or\": [\n              \";\",\n              \"ig7\",\n              \"qF\",\n              \"+\\\\QKk\",\n              {\n                \"or\": [\n                  \"p1g:A4Gp\",\n                  \"cGiY!Yh1E\"\n                ]\n              }\n            ]\n          }\n        ]\n      },\n      \"isSelectable\": true\n    }\n  },\n  {\n    \"title\": \"block sample 4\",\n    \"value\": {\n      \"name\": \"h2s!`&\",\n      \"ay\": 2030,\n      \"match\": \"QJ**\",\n      \"satisfy\": [\n        \"WP_MV({3\"\n      ],\n      \"url\": \"https://90jj85ud6wilsos.evefluwfbw/gYkN/mdJJ:m7=4q\",\n      \"info\": \"&x}}f%\",\n      \"isSelectable\": true\n    }\n  },\n  {\n    \"title\": \"block sample 5\",\n    \"value\": {\n      \"name\": \"}Yx9\",\n      \"ay\": 2010,\n      \"assign\": \"\",\n      \"match\": [\n        {\n          \"or\": [\n            {\n              \"pattern\": \"DVA1L\",\n              \"exclude\": \"LP72x*V\",\n              \"info\": \"fzy[2>\"\n            }\n          ]\n        },\n        {\n          \"or\": [\n            {\n              \"or\": [\n                \"JD5765\"\n              ]\n            },\n            {\n              \"and\": [\n                \"TCH2939\",\n                \"HC0O\",\n                {\n                  \"pattern\": \"KR67L\",\n                  \"exclude\": [\n                    \"UOB124\",\n                    \"AVG91M\"\n                  ],\n                  \"info\": \"b$],b-_H\"\n                }\n              ]\n            },\n            \"FMx8S\"\n          ]\n        },\n        {\n          \"or\": []\n        },\n        {\n          \"pattern\": \"WHQ109\",\n          \"exclude\": [\n            \"XY7321E\",\n            \"WYC8P\",\n            \"XQx9*\"\n          ],\n          \"info\": \"0o%\"\n        }\n      ],\n      \"satisfy\": [\n        {\n          \"and\": [\n            \"!_'zc\"\n          ]\n        }\n      ],\n      \"url\": \"https://ede.dah7bby9ccf9me6bcuiy95d.5.kf2be.xvceapnvf/f76YFP@kx/q=/!L+s5vV/(/!Dy8UbS/_c\",\n      \"info\": \"4!eL'\",\n      \"isSelectable\": true,\n      \"}&\": {\n        \"name\": \"fim%6%pG$ \",\n        \"satisfy\": [\n          \"4tw&\",\n          {\n            \"mc\": \"<=6\"\n          }\n        ],\n        \"url\": \"http://91im7cpkcsce-su571175hccw0b2ttqv9lu3ol.t6jgd2i2ngyqjclmxj9.vvezqdfe/%F3%AF%88%914M%F0%A1%B5%AA./3KZH/1XQmq/@dCoF\",\n        \"info\": \"\",\n        \"isSelectable\": true\n      },\n      \"\": {\n        \"name\": \"!\",\n        \"ay\": 1954,\n        \"assign\": \"F_\",\n        \"match\": \"OW32\",\n        \"satisfy\": [\n          {\n            \"and\": [\n              {\n                \"mc\": \"<=105\"\n              },\n              {\n                \"and\": [\n                  \"\",\n                  {\n                    \"or\": [\n                      \"&\",\n                      \"F1luj*CRa\",\n                      {\n                        \"mc\": \">=185\"\n                      }\n                    ]\n                  },\n                  {\n                    \"and\": [\n                      \"K\"\n                    ]\n                  }\n                ]\n              },\n              \"U}uy){M>\"\n            ]\n          },\n          \"x{r\\\\]*V\",\n          \"5wh9G6\",\n          {\n            \"and\": [\n              {\n                \"and\": [\n                  {\n                    \"or\": [\n                      \"*2U^\"\n                    ]\n                  },\n                  \"LI=&1og*lF\",\n                  \"${+Kom+|\"\n                ]\n              }\n            ]\n          },\n          \"@|\"\n        ],\n        \"url\": \"https://4pdpbvz1yjs2kcc31gv3el72vh1cmb4.y.cgjj5di9n6vvgt9n7gihl6l5h3aq-xm5aurlkprpttyd4umbvx8fl63hi.w7-0eo5ra049tmva3ep6xujcbj4qsrewrt3q2y-r5rzawpl5.bx3hp3m-dl06if2-7wic7bey8qrsn73p048jrs.aq/zN@-AI/$sim=;q/P/7rNM/%F0%93%A4%AFd%F1%91%87%A21TrIOD/b/P@p\",\n        \"info\": \"HP;X}V\",\n        \"isSelectable\": true\n      },\n      \"ml\": {\n        \"name\": \"y\",\n        \"assign\": [\n          \"|\"\n        ],\n        \"match\": [],\n        \"satisfy\": [\n          \"|*,<X'+{2q\",\n          {\n            \"and\": [\n              {\n                \"or\": [\n                  {\n                    \"mc\": \"<=183\"\n                  },\n                  \"\\\"ao\\\\hGd\"\n                ]\n              },\n              \"*C\",\n              \"d:\",\n              {\n                \"mc\": \"<=189\"\n              },\n              {\n                \"mc\": \">=170\"\n              }\n            ]\n          },\n          {\n            \"and\": [\n              \"0tc&\",\n              {\n                \"or\": [\n                  \"d:gx<=Yct \",\n                  {\n                    \"mc\": \"<=68\"\n                  }\n                ]\n              },\n              {\n                \"and\": [\n                  {\n                    \"and\": [\n                      \"Xe!f]=u<\",\n                      \"FH-W[%f)\"\n                    ]\n                  },\n                  {\n                    \"mc\": \">=34\"\n                  },\n                  {\n                    \"mc\": \"<=80\"\n                  }\n                ]\n              }\n            ]\n          }\n        ],\n        \"info\": \",)W|W\"\n      }\n    }\n  },\n  {\n    \"title\": \"block sample 6\",\n    \"value\": {\n      \"name\": \"\",\n      \"ay\": 2019,\n      \"assign\": [\n        \"JL>v@(\",\n        \"Na8_G\"\n      ],\n      \"match\": {\n        \"and\": []\n      },\n      \"satisfy\": [\n        {\n          \"or\": [\n            \"6C3]Co\\\"'\"\n          ]\n        },\n        {\n          \"mc\": \">=80\"\n        }\n      ],\n      \"url\": \"https://40s91r17luah21z81ax5t9imu1ris9v36u1mny2sd.x.u.9p1c3uued4tk0frn29-bewzxkgmbtx.3bj9rs9n9uv-45ek5jlbcng059fqgwca71dkhcxm.jebca\",\n      \"isSelectable\": true\n    }\n  },\n  {\n    \"title\": \"block sample 7\",\n    \"value\": {\n      \"name\": \">9Te\",\n      \"ay\": 1952,\n      \"match\": {\n        \"and\": [\n          {\n            \"or\": []\n          }\n        ]\n      },\n      \"satisfy\": {\n        \"mc\": \"<=196\"\n      },\n      \"url\": \"http://w.ab.yxw/LxNd*;-/aSA2y/q~3/M.FB&EY9/%F2%BB%B5%A7xRxRhkm1s/6ouFYj/e(ot30sGSF\"\n    }\n  },\n  {\n    \"title\": \"block sample 8\",\n    \"value\": {\n      \"name\": \"=.b\",\n      \"ay\": 1952,\n      \"assign\": \"~\",\n      \"match\": [\n        {\n          \"or\": [\n            {\n              \"pattern\": \"IOT5\",\n              \"exclude\": [\n                \"SJO5260U\",\n                \"FLH*734R\"\n              ],\n              \"info\": \"7:\"\n            },\n            {\n              \"and\": [\n                {\n                  \"and\": []\n                },\n                {\n                  \"or\": [\n                    {\n                      \"or\": [\n                        \"YN6Z\",\n                        \"QI480H\",\n                        \"VF7\",\n                        \"DFA86x8\"\n                      ]\n                    },\n                    \"EDS*1x4L\",\n                    {\n                      \"or\": []\n                    },\n                    \"OC*3X\"\n                  ]\n                },\n                \"DK90H\",\n                {\n                  \"pattern\": \"XEC65V\",\n                  \"exclude\": \"ZW0*E\",\n                  \"info\": \"O-7\"\n                },\n                \"SGC771U\"\n              ]\n            },\n            {\n              \"or\": [\n                \"JDT736E\",\n                {\n                  \"or\": [\n                    \"NDH3*1\",\n                    {\n                      \"pattern\": \"VS5x72\",\n                      \"info\": \") \"\n                    },\n                    \"OBC6566Y\",\n                    \"MOR4x25G\",\n                    \"BQF64**T\"\n                  ]\n                },\n                \"BOD1x\"\n              ]\n            }\n          ]\n        },\n        {\n          \"or\": [\n            {\n              \"and\": [\n                {\n                  \"or\": [\n                    \"JP50*7\"\n                  ]\n                }\n              ]\n            },\n            \"DA13\"\n          ]\n        },\n        {\n          \"pattern\": \"WQP39\",\n          \"exclude\": [\n            \"ZR21I\",\n            \"US4*4\",\n            \"MPQ0545Z\",\n            \"NU*7\"\n          ],\n          \"info\": \"\\\"=@vV\"\n        }\n      ],\n      \"satisfy\": [\n        {\n          \"mc\": \">=125\"\n        },\n        {\n          \"and\": [\n            {\n              \"mc\": \">=156\"\n            },\n            {\n              \"and\": [\n                \"fmpDJfE\"\n              ]\n            },\n            \"\",\n            {\n              \"or\": [\n                {\n                  \"or\": [\n                    \"Ce\",\n                    \"j/\",\n                    \"a&XD+|N\"\n                  ]\n                }\n              ]\n            },\n            {\n              \"mc\": \"<=91\"\n            }\n          ]\n        },\n        {\n          \"and\": [\n            {\n              \"mc\": \">=121\"\n            },\n            \"X!\"\n          ]\n        }\n      ],\n      \"url\": \"http://qh5jr3-t-4sz3x9wogzgx9tiugjv.f4ge3i3kdmw1g4jc13jof099w7-c9wfm58t-m7ag6ru-0lbs78.t.d.yz/Bai:&B)*/%F3%A2%8F%9C%F3%A3%B0%AF'2Ru/C3EC%F3%87%A8%BAI2/6'0XeS_Q:g/&3M%F3%8A%84%91/rOjq3Ch\",\n      \"info\": \"VLDD@\",\n      \"isSelectable\": true,\n      \"T\": {\n        \"name\": \"]n,,71DK\",\n        \"ay\": 1958,\n        \"assign\": \"1^.i[0\",\n        \"match\": [\n          \"WDX7P\",\n          \"UNV78\",\n          {\n            \"or\": [\n              \"THV*I\",\n              {\n                \"and\": [\n                  \"PH3\"\n                ]\n              }\n            ]\n          }\n        ],\n        \"satisfy\": [\n          {\n            \"mc\": \"<=200\"\n          },\n          {\n            \"mc\": \"<=77\"\n          },\n          {\n            \"mc\": \"<=182\"\n          },\n          {\n            \"mc\": \"<=120\"\n          }\n        ],\n        \"url\": \"https://s8vp4k3wyk87txdi5zy9y7xr40trhw2wcogw3yaxqvohg-u9z92.mfhnbnmfet2lkumgo.8-rd6j88ana8tfsrfslx83zdx0ok4tmhze.inymxh9.vu7dvtelamesfx02m31i7kd83furye.ingw/BZ/f7By:xpM/Cw2%F4%8B%8F%A6U%F2%9B%80%B2HBZ/~'Y3Hu%E9%81%85j\",\n        \"info\": \"R|]E.'\",\n        \"isSelectable\": true\n      },\n      \":_wliU0G\": {\n        \"name\": \"lvpg\",\n        \"ay\": 2001,\n        \"assign\": \"vM+;h\",\n        \"match\": [\n          {\n            \"and\": [\n              {\n                \"pattern\": \"LDJ1\",\n                \"exclude\": [],\n                \"info\": \"G?Khcw\\\\5Ju\"\n              }\n            ]\n          },\n          {\n            \"or\": [\n              {\n                \"pattern\": \"SEL18N\",\n                \"exclude\": [\n                  \"ZZT02S\",\n                  \"FJD695\",\n                  \"CKS5D\",\n                  \"LEx20\"\n                ],\n                \"info\": \"~q'\"\n              },\n              \"MP1\"\n            ]\n          },\n          \"KLx96\",\n          {\n            \"or\": [\n              {\n                \"pattern\": \"WGD4\",\n                \"info\": \"[\"\n              },\n              {\n                \"or\": [\n                  \"BP9**Q\",\n                  {\n                    \"or\": [\n                      \"DH00\",\n                      {\n                        \"or\": [\n                          \"QF179\",\n                          \"MBE641\",\n                          \"FC3B\"\n                        ]\n                      },\n                      {\n                        \"or\": [\n                          \"GZ76x4\",\n                          \"ZFMx990W\"\n                        ]\n                      }\n                    ]\n                  },\n                  {\n                    \"and\": [\n                      \"PKL71J\"\n                    ]\n                  },\n                  \"HH9x14\"\n                ]\n              },\n              {\n                \"and\": [\n                  {\n                    \"and\": [\n                      \"XMG3*\",\n                      {\n                        \"and\": [\n                          \"YH*Y\",\n                          {\n                            \"pattern\": \"MX*\",\n                            \"exclude\": \"MCH6\",\n                            \"info\": \"'{aN OA0q\"\n                          }\n                        ]\n                      }\n                    ]\n                  }\n                ]\n              },\n              \"NEW4x9xO\",\n              {\n                \"pattern\": \"JU5\",\n                \"exclude\": \"BLG61*8\",\n                \"info\": \"\"\n              }\n            ]\n          }\n        ],\n        \"satisfy\": [\n          {\n            \"or\": [\n              {\n                \"mc\": \"<=28\"\n              },\n              {\n                \"or\": []\n              },\n              {\n                \"mc\": \">=24\"\n              }\n            ]\n          },\n          {\n            \"and\": [\n              {\n                \"or\": [\n                  {\n                    \"and\": []\n                  },\n                  {\n                    \"and\": [\n                      {\n                        \"or\": [\n                          \"$#\",\n                          \"#?x\\\"\",\n                          \"cIa+go2y~|\"\n                        ]\n                      },\n                      \"]W;[('UpV\",\n                      {\n                        \"or\": [\n                          \"o2gSR$s\",\n                          \"$eZqGx+Guu\"\n                        ]\n                      },\n                      \"x\"\n                    ]\n                  },\n                  {\n                    \"or\": [\n                      \"H+pv[ %r\",\n                      \"uK9_C)!d\\\\N\",\n                      \"tj[EY\",\n                      \"aqBZDHsGZ1\"\n                    ]\n                  }\n                ]\n              },\n              {\n                \"or\": [\n                  \"ZIuTU\",\n                  \"G\\\"1*lC^i]P\",\n                  {\n                    \"or\": [\n                      \"$<\",\n                      {\n                        \"or\": [\n                          \"\",\n                          {\n                            \"and\": [\n                              \"NS|)c\",\n                              \"& u,^+jV1\",\n                              \"]M\",\n                              \"~-1\",\n                              \"N:\"\n                            ]\n                          }\n                        ]\n                      },\n                      \"iV;x7354[&\"\n                    ]\n                  },\n                  \"L}D9_3&AN\"\n                ]\n              },\n              {\n                \"mc\": \">=171\"\n              }\n            ]\n          },\n          {\n            \"mc\": \"<=28\"\n          },\n          {\n            \"mc\": \">=140\"\n          },\n          {\n            \"mc\": \">=103\"\n          }\n        ],\n        \"url\": \"https://fjxb5w6a9pyv6ul.7.qbcbds/EbuSEN.iGL/E.sv9vJ/h%F0%B0%94%A32/nTg/glKvLT%F0%BB%B5%97%F0%B4%AB%97C/-ew*@R8q(x/1*UBIk+J/J%F0%9A%9D%B4v;t/d/v&Cl0\",\n        \"info\": \"{@ET<!NDH\",\n        \"isSelectable\": true,\n        \"ML8Hbq\": {\n          \"name\": \"xX5QKq/<)\",\n          \"ay\": 1951,\n          \"match\": {\n            \"and\": []\n          },\n          \"satisfy\": [\n            {\n              \"and\": []\n            },\n            \"Y#C5\",\n            \"[W/E~4\",\n            {\n              \"or\": [\n                \"b=+VvzYsb`\"\n              ]\n            },\n            {\n              \"mc\": \">=49\"\n            }\n          ],\n          \"url\": \"https://puchtc8k98.yyydanp7v2s8uluvgwumjq705c7f1e4qel56u26-iiugv38do7.mpvu4zbqo7kraoyrod1vu8kwkrp7ywceo-26sv8x72sroxy5skqongwyen9e15.uyaadj/BE~%F0%AA%A2%83K/\",\n          \"info\": \"w5#D+3\",\n          \"isSelectable\": true\n        },\n        \"JJ^=\": {\n          \"name\": \"*}\",\n          \"ay\": 1956,\n          \"assign\": [\n            \"C^Q!OP8\",\n            \"=UZH\",\n            \"TGC\",\n            \"zaJ^C,`Foa\"\n          ],\n          \"match\": {\n            \"or\": [\n              {\n                \"and\": [\n                  \"XVV8\",\n                  {\n                    \"or\": [\n                      {\n                        \"or\": [\n                          \"RF10x3E\"\n                        ]\n                      },\n                      {\n                        \"or\": [\n                          \"HJH53G\",\n                          \"RLU1521J\",\n                          \"LG*08\",\n                          {\n                            \"and\": [\n                              \"OSG044V\",\n                              \"PN1*4R\",\n                              \"WYA163B\"\n                            ]\n                          }\n                        ]\n                      },\n                      {\n                        \"pattern\": \"PMT8637M\",\n                        \"exclude\": \"CL5\",\n                        \"info\": \"y9b]p;<uu0\"\n                      },\n                      {\n                        \"and\": []\n                      }\n                    ]\n                  }\n                ]\n              }\n            ]\n          },\n          \"satisfy\": [\n            {\n              \"or\": [\n                {\n                  \"and\": []\n                },\n                {\n                  \"or\": [\n                    \"ZT*[<_\"\n                  ]\n                }\n              ]\n            },\n            \"\",\n            {\n              \"mc\": \"<=77\"\n            }\n          ],\n          \"url\": \"https://0avtah-zft5l2tnzi6.xuyuya4zn1p-o1qt44iqodtxkc28lvpysjv5ys47tw9mq5ul.kvuqcjv/.2NWpH7;/,P7/N//CqeN_Sj/Ali/38VZek/p%F0%B2%B3%9A%F2%AD%A5%A2tN$+K\",\n          \"isSelectable\": true\n        }\n      },\n      \"+`1SU]Z\": {\n        \"name\": \"[;nN_\",\n        \"ay\": 1958,\n        \"assign\": [\n          \"\",\n          \"C9YvQa94]L\",\n          \"H~`=Q~K9\",\n          \"~c@T+b\"\n        ],\n        \"match\": {\n          \"pattern\": \"ON478R\",\n          \"exclude\": \"RTYx\",\n          \"info\": \"\"\n        },\n        \"satisfy\": {\n          \"and\": [\n            {\n              \"and\": [\n                \"NSm\",\n                {\n                  \"mc\": \"<=145\"\n                },\n                {\n                  \"and\": [\n                    \"hF^|x~a[\",\n                    \"\\\"+1c~c$IXi\",\n                    {\n                      \"and\": [\n                        \"\",\n                        \"<t~\",\n                        \"\",\n                        \"zigCw4\\\"`\"\n                      ]\n                    },\n                    \" t&&&ef:m\"\n                  ]\n                },\n                {\n                  \"and\": [\n                    {\n                      \"mc\": \"<=86\"\n                    },\n                    {\n                      \"mc\": \">=25\"\n                    },\n                    \"*5Zj\"\n                  ]\n                }\n              ]\n            },\n            {\n              \"or\": [\n                \"\"\n              ]\n            },\n            {\n              \"mc\": \">=113\"\n            }\n          ]\n        },\n        \"info\": \":M%1%I(\",\n        \"isSelectable\": true\n      },\n      \"9nY4A@\": {\n        \"name\": \"C\\\"ne[LBA1?\",\n        \"ay\": 1974,\n        \"assign\": [\n          \"%=Gu\",\n          \"=e\",\n          \"3\"\n        ],\n        \"satisfy\": {\n          \"or\": [\n            {\n              \"and\": [\n                {\n                  \"and\": [\n                    {\n                      \"mc\": \">=143\"\n                    }\n                  ]\n                },\n                {\n                  \"and\": []\n                }\n              ]\n            },\n            \":<Q];~?PU5\"\n          ]\n        },\n        \"info\": \"f|c\"\n      }\n    }\n  },\n  {\n    \"title\": \"block sample 9\",\n    \"value\": {\n      \"ay\": 2025,\n      \"match\": [],\n      \"satisfy\": [\n        {\n          \"mc\": \">=5\"\n        },\n        {\n          \"and\": [\n            \";f}]is?\"\n          ]\n        },\n        {\n          \"mc\": \">=168\"\n        },\n        {\n          \"mc\": \">=20\"\n        }\n      ],\n      \"url\": \"http://f25ekvtt7o7n7xmvdelmvt4ahyvzeka0wshor59-7w4dw.ddvq/fC//Zi)p3B\",\n      \"info\": \"%!OF?[\",\n      \"isSelectable\": true,\n      \"H\": {\n        \"name\": \"*zyf*{-!ie\",\n        \"ay\": 1998,\n        \"assign\": [],\n        \"match\": [],\n        \"url\": \"http://4.8pa9piq3pyvvmjif.bbzfw/Vs%F2%92%BB%9Ei/wKOGEhTf/Jg/p*xIs~/%F3%AD%9B%B4w+rm&~Ww&/g@Pt_33/G%F1%8A%A5%85Q%F1%97%86%A6yFi/c5/j%F1%A8%A7%88IPEcr/@\",\n        \"isSelectable\": true,\n        \"VH_Lfk~X\": {\n          \"name\": \"\",\n          \"assign\": \"+B Iu/\",\n          \"satisfy\": {\n            \"mc\": \"<=69\"\n          },\n          \"url\": \"https://9w5r-65hs3zauww89hpvd6t7-r79kv82y4lf9fge0iain0p-jmcmtcgwd.ne/B%F0%AB%93%B9do-$v=/Z-C0K*/S.y$wq%F3%84%93%93$,k/C.x5nK,:'\",\n          \"info\": \"$)+_ni\",\n          \"isSelectable\": true\n        },\n        \"Qy\\\"\": {\n          \"name\": \"\",\n          \"assign\": [\n            \"t\",\n            \"']R!u\"\n          ],\n          \"match\": {\n            \"or\": [\n              \"XJ8Y\",\n              {\n                \"and\": [\n                  \"XIC*59\",\n                  {\n                    \"or\": []\n                  },\n                  \"SCPxS\"\n                ]\n              },\n              \"AWB1490P\"\n            ]\n          },\n          \"satisfy\": {\n            \"or\": [\n              {\n                \"and\": [\n                  {\n                    \"or\": [\n                      {\n                        \"and\": []\n                      },\n                      \"o;frFq|T;\",\n                      \"F&JV<FPg:\",\n                      \"?3mPA\",\n                      {\n                        \"mc\": \"<=38\"\n                      }\n                    ]\n                  },\n                  {\n                    \"and\": [\n                      {\n                        \"or\": [\n                          \"a\",\n                          {\n                            \"or\": [\n                              \"Hv_u%ugZ+\",\n                              \"\",\n                              \"\",\n                              \"*.'I2[X\"\n                            ]\n                          },\n                          \"m#.%/1\",\n                          \"#lw<%gUW\",\n                          \"UMZp48q.\"\n                        ]\n                      }\n                    ]\n                  },\n                  \"q%Ts}Rs|\"\n                ]\n              },\n              {\n                \"and\": [\n                  \"tupJQR,lK\",\n                  \"\",\n                  \"\"\n                ]\n              }\n            ]\n          },\n          \"url\": \"https://iba50jl49aj4tgrnnmbx581vuq68h3ix3qu-4h4n626mt-s30ti-7f83kcqo1hd.syad0n5gc.mw/4Uf%F0%B6%9F%A1B/eTn0%F3%88%A2%AD%F0%AB%A8%88Oj3~/J*!M/EDEI%F0%AE%B6%951p/Mfs/$/S*B'-rAm%F1%AB%99%97\",\n          \"info\": \"+-lUo[d9_\",\n          \"isSelectable\": true,\n          \"y(Pr\": {\n            \"name\": \"n110#\",\n            \"assign\": [\n              \",\",\n              \"[eV`{Lw)%\",\n              \"xV\\\\C!c$h\",\n              \"S\",\n              \"4{['m@M\"\n            ],\n            \"match\": {\n              \"or\": [\n                {\n                  \"pattern\": \"DOS39\",\n                  \"exclude\": [\n                    \"YH7x3B\"\n                  ],\n                  \"info\": \"@4'')zsO\"\n                },\n                {\n                  \"and\": [\n                    \"TF4\",\n                    \"OCG01F\",\n                    {\n                      \"or\": []\n                    },\n                    {\n                      \"and\": [\n                        {\n                          \"or\": []\n                        }\n                      ]\n                    }\n                  ]\n                },\n                {\n                  \"or\": [\n                    \"EE01\",\n                    {\n                      \"and\": []\n                    }\n                  ]\n                },\n                {\n                  \"or\": [\n                    {\n                      \"and\": [\n                        {\n                          \"pattern\": \"DU04x5Q\",\n                          \"exclude\": [\n                            \"PV09X\",\n                            \"LP5\",\n                            \"SSH382Y\",\n                            \"TK35\"\n                          ],\n                          \"info\": \"r(,U=%-m\"\n                        }\n                      ]\n                    }\n                  ]\n                }\n              ]\n            },\n            \"satisfy\": {\n              \"and\": [\n                \"K'<\",\n                {\n                  \"mc\": \"<=185\"\n                },\n                {\n                  \"and\": [\n                    {\n                      \"and\": [\n                        {\n                          \"and\": [\n                            \"!~vSB& tZ\",\n                            \"(e$%E9Rpi\",\n                            \"\",\n                            {\n                              \"or\": [\n                                \"\\\\T\",\n                                \"ABnE;m\",\n                                \"~{OR\"\n                              ]\n                            }\n                          ]\n                        },\n                        \"OG0eJr9o\",\n                        \"{t\",\n                        {\n                          \"mc\": \"<=126\"\n                        },\n                        \"\"\n                      ]\n                    },\n                    {\n                      \"mc\": \">=68\"\n                    },\n                    \"lk0*GZ\",\n                    {\n                      \"and\": [\n                        \"$^j87mv\",\n                        \"2vDhL&6,7\",\n                        {\n                          \"and\": [\n                            \"QlC)*^*N\"\n                          ]\n                        }\n                      ]\n                    }\n                  ]\n                },\n                \"v0v|{2\"\n              ]\n            },\n            \"isSelectable\": true\n          },\n          \"\": {\n            \"ay\": 2004,\n            \"assign\": \"y\",\n            \"match\": {\n              \"pattern\": \"BZ2\",\n              \"exclude\": []\n            },\n            \"satisfy\": {\n              \"and\": [\n                \":xEsf{Rua>\",\n                {\n                  \"mc\": \"<=87\"\n                },\n                {\n                  \"and\": [\n                    \"7B6KF\"\n                  ]\n                },\n                {\n                  \"and\": []\n                },\n                {\n                  \"or\": []\n                }\n              ]\n            },\n            \"url\": \"https://vtjnvcei73s5ykbkh8aqkwf6mo998-apmhlnao851nprpfrunbggj5qk-21saaa.5a7ejy4-92dl6rztuzxc4och-7oliknf2802u1bntw5q.m5xg9ttt50sfck8ywlh67ywajx5f07met6n.cje73g2m0psq2zfl13a2l07okyv0csk1hb6af0b4a.xwg/mg//L%F0%98%A9%A70s/Q,4J52d/g%F1%AF%8F%9B%F3%97%9C%9A,/5/\",\n            \"info\": \"MZ\",\n            \"isSelectable\": true\n          },\n          \"#\": {\n            \"name\": \"u2m=MI#\\\"\",\n            \"ay\": 1979,\n            \"assign\": \"\",\n            \"match\": {\n              \"or\": [\n                \"YNX80U\",\n                {\n                  \"and\": [\n                    {\n                      \"or\": [\n                        {\n                          \"and\": [\n                            {\n                              \"and\": []\n                            },\n                            \"FQQ14\",\n                            \"OP237\",\n                            {\n                              \"pattern\": \"HYx1\",\n                              \"info\": \"QM4xF5 \"\n                            },\n                            \"RQx01*P\"\n                          ]\n                        },\n                        {\n                          \"or\": [\n                            \"WL69\",\n                            \"CN87Q\",\n                            \"LKOx56T\",\n                            \"JTS9*08\",\n                            \"JC609K\"\n                          ]\n                        },\n                        \"JGP50\"\n                      ]\n                    }\n                  ]\n                }\n              ]\n            },\n            \"satisfy\": {\n              \"or\": [\n                {\n                  \"and\": [\n                    \"OvsRvU:g\"\n                  ]\n                }\n              ]\n            },\n            \"url\": \"https://io0kpjsfuu5h7wcqj7zotsibpd-rx3qkps08dvo.l0p2twf6-ff-8u8vthfhb08vht1j65he9c0b35ll5r3irnm38zlp.ect-ey6mjd9jl1meb4svy4m-gd51x49zjw6hd-a46a2ex16stiozui4j585i.de8cs35dsfnqh-osenmbprcy9zs8fv3l0a78rnl7klj0qep2st-tbhgdd8f9wvw.bbnkhbws/pg2Pk1ZUy/%F4%88%BE%98C*b9e///;=ZzF\",\n            \"isSelectable\": true\n          },\n          \"trkQTzLCr\": {\n            \"ay\": 2000,\n            \"assign\": [\n              \"\",\n              \"D*E\",\n              \"\"\n            ],\n            \"match\": {\n              \"and\": [\n                {\n                  \"or\": [\n                    {\n                      \"or\": [\n                        {\n                          \"or\": [\n                            {\n                              \"pattern\": \"EDK8Z\",\n                              \"exclude\": [\n                                \"FKC*x\",\n                                \"CO6Q\"\n                              ]\n                            }\n                          ]\n                        },\n                        \"ECV647\",\n                        {\n                          \"pattern\": \"HS607\",\n                          \"exclude\": \"ED269C\",\n                          \"info\": \"=dK2\\\\\\\"'}\"\n                        }\n                      ]\n                    },\n                    {\n                      \"or\": []\n                    }\n                  ]\n                },\n                \"TMx63U\"\n              ]\n            },\n            \"satisfy\": {\n              \"or\": [\n                \"4u>,lkK\"\n              ]\n            },\n            \"url\": \"https://7dixyqwakb2ztm2la59zhqnz2d.ei5lxlorb4gweifh-q.ugguzoso-h6edpn861-i4hqla-o8xmhc3a9blzkbqe575tz7c3kv5gn2y5.k8hqc6sb0vvtbmxv59i75q4wsdk9nct26mkda2vzjh83jg.pxl/$/l8P/Hp\",\n            \"info\": \"h_'XQ\",\n            \"isSelectable\": true,\n            \"rQK75\": {\n              \"name\": \"dr\",\n              \"ay\": 2010,\n              \"assign\": \"^\",\n              \"satisfy\": {\n                \"mc\": \"<=77\"\n              },\n              \"info\": \"3\",\n              \"isSelectable\": true\n            }\n          }\n        },\n        \"rU!sXxG%\": {\n          \"ay\": 2018,\n          \"assign\": \"\\\\e/\",\n          \"match\": {\n            \"or\": []\n          },\n          \"satisfy\": \"z.Dc\",\n          \"url\": \"https://k0mb5i1hj1n9bwbu0uusbw4x2aipl95y3zjib0vcz835d6t-rjekgvg72zlg.bo87cs4q0wsnepfr9s1q8saee45lzd7s1o.ynbjz/O_*lx\",\n          \"info\": \"tK!#4S{]\",\n          \"isSelectable\": true\n        }\n      },\n      \"?cJ5=uxh\": {\n        \"name\": \"aM\",\n        \"ay\": 2025,\n        \"match\": {\n          \"pattern\": \"PIx9x5E\",\n          \"exclude\": [\n            \"XKX80B\",\n            \"RB6259\"\n          ],\n          \"info\": \"AE 8VRD\\\\p\"\n        },\n        \"url\": \"http://g-8p7-rlquq3y3euu-im-mhi6-5116ukw6h19kbm7-iilbvdjh.l.a51.mfsjf/s8_g5%F1%AB%89%96/+/6Jh/lE/z%F1%A8%88%9DWp\",\n        \"info\": \"o5RCN7epJm\",\n        \"hyERf3o\": {\n          \"name\": \"8I.H\",\n          \"ay\": 1969,\n          \"match\": {\n            \"and\": []\n          },\n          \"satisfy\": [\n            {\n              \"and\": [\n                {\n                  \"and\": [\n                    \"xrkY>\",\n                    {\n                      \"and\": []\n                    },\n                    \"**lit4<CB\",\n                    \"/\"\n                  ]\n                },\n                \"\"\n              ]\n            }\n          ],\n          \"url\": \"http://c8rofeuldanvbh9jq2g73.s.0.bvhy/%F3%96%9D%806//(JN0).\",\n          \"info\": \"w_3\",\n          \"isSelectable\": true\n        },\n        \"Z%o:7gbs\": {\n          \"ay\": 2009,\n          \"match\": \"WUD4\",\n          \"satisfy\": [\n            {\n              \"and\": [\n                {\n                  \"or\": [\n                    \"!B+\",\n                    {\n                      \"and\": []\n                    },\n                    {\n                      \"mc\": \"<=114\"\n                    },\n                    {\n                      \"mc\": \"<=154\"\n                    }\n                  ]\n                },\n                {\n                  \"and\": [\n                    {\n                      \"mc\": \"<=12\"\n                    },\n                    {\n                      \"and\": [\n                        \"%br\",\n                        \"f\\\\\",\n                        \"^[MObE!;`\",\n                        {\n                          \"or\": [\n                            \"xfh\",\n                            {\n                              \"mc\": \"<=110\"\n                            }\n                          ]\n                        },\n                        {\n                          \"or\": [\n                            \"M+p\",\n                            \"A-wa\"\n                          ]\n                        }\n                      ]\n                    },\n                    \"33!\"\n                  ]\n                },\n                {\n                  \"and\": [\n                    \"dx`9Vm#G\",\n                    {\n                      \"mc\": \"<=141\"\n                    },\n                    \"Bo=Z_p\",\n                    \"\",\n                    {\n                      \"and\": [\n                        \"0NlcX\",\n                        \"\\\"0\",\n                        {\n                          \"or\": [\n                            \"R\",\n                            \"f-v\",\n                            \"Ut^Og}x1\"\n                          ]\n                        },\n                        \"!+\\\\Y0\"\n                      ]\n                    }\n                  ]\n                },\n                \"RY,\"\n              ]\n            },\n            {\n              \"mc\": \"<=133\"\n            },\n            {\n              \"or\": []\n            }\n          ],\n          \"url\": \"http://mrx7ykitg41ci0qbj87a82dg6iubygpbg684zmspkvhkwpgdmf.s4g6wezhgl9xa70fv0kjwsh8l9bbbo8uj6o7xy.6xvb5n48.wluco9quhk8msvjg81n9ulqkiwfyftfrkfkyzje-kbq4ayal87k23x.iapcdmhb2xt976c-bmzzxcjvohc2eostyok7xyhttkhw.qfvpivfh/YP%F0%AD%97%BA9(%F3%84%9D%A3s%F2%BE%8C%9Bib/84'XJm0Dxg/x)PU3/3R\",\n          \"info\": \"ZE\",\n          \"isSelectable\": true,\n          \"P~-Fh!. \": {\n            \"name\": \"\",\n            \"ay\": 1950,\n            \"assign\": [\n              \"`o/h\"\n            ],\n            \"match\": {\n              \"pattern\": \"MIW13*4L\",\n              \"exclude\": [\n                \"HHD*30I\",\n                \"HZZ*2\",\n                \"GH7B\",\n                \"MS9C\"\n              ],\n              \"info\": \"+d4g9*\"\n            },\n            \"satisfy\": {\n              \"or\": [\n                {\n                  \"and\": [\n                    {\n                      \"mc\": \"<=57\"\n                    },\n                    {\n                      \"and\": [\n                        {\n                          \"and\": [\n                            \"</&\\\\H\\\"Rz*:\",\n                            {\n                              \"and\": [\n                                \"2<CPPg\",\n                                \"eU?p^6:@\\\"\",\n                                \"#yl\\\"o\"\n                              ]\n                            },\n                            \"\"\n                          ]\n                        },\n                        {\n                          \"or\": [\n                            \"#2 NMV\",\n                            {\n                              \"and\": [\n                                \"]\",\n                                \"L[_\"\n                              ]\n                            }\n                          ]\n                        },\n                        \"quE\"\n                      ]\n                    },\n                    {\n                      \"mc\": \">=27\"\n                    },\n                    {\n                      \"and\": [\n                        \"\",\n                        {\n                          \"mc\": \"<=12\"\n                        },\n                        \"uY%z\\\"m`anQ\"\n                      ]\n                    }\n                  ]\n                }\n              ]\n            },\n            \"url\": \"http://61r29c9omdg5h328hbukq1xw92dukm.bscaxvdxd/sm%F0%92%B7%BFr)qR3\",\n            \"info\": \"@N5.31\",\n            \"isSelectable\": true\n          },\n          \"PEXk+|m:fW\": {\n            \"name\": \"KE|(`\",\n            \"ay\": 1994,\n            \"assign\": [\n              \"<|\",\n              \"YsF\\\"ENY$~*\",\n              \"%\\\\\\\\`TK\",\n              \"#Ilr4L\",\n              \",qqspy+w\"\n            ],\n            \"match\": {\n              \"or\": []\n            },\n            \"satisfy\": {\n              \"and\": [\n                {\n                  \"mc\": \">=42\"\n                },\n                \"bx#@g?\"\n              ]\n            },\n            \"url\": \"http://opf4s6j34j64nybc7oidw-1xwjqpqoz6jfb5ir9hc4ihwqmtctqc.op\",\n            \"info\": \"a>~ 6J&y\",\n            \"isSelectable\": true\n          },\n          \"?FS\": {\n            \"name\": \"1C=\",\n            \"assign\": [],\n            \"match\": [],\n            \"satisfy\": {\n              \"and\": [\n                \"C[C:`J}E\",\n                {\n                  \"and\": [\n                    {\n                      \"and\": [\n                        {\n                          \"and\": [\n                            \"E+M\"\n                          ]\n                        },\n                        \"&\",\n                        \"cCAS.,wc\",\n                        \"e\\\"$xcE._s\",\n                        \"=\\\"m[zw\\\"9\"\n                      ]\n                    },\n                    \"N\",\n                    \"0,=^tQ3 -\"\n                  ]\n                },\n                \"w[\",\n                {\n                  \"and\": [\n                    \"d\\\"M)Z\",\n                    {\n                      \"or\": [\n                        \"DXVON?j6C$\",\n                        {\n                          \"and\": [\n                            \"ia3~ZA~C%G\",\n                            \"a_i\"\n                          ]\n                        },\n                        {\n                          \"mc\": \"<=71\"\n                        },\n                        \"dLG5\",\n                        \"MCF.4(;P\"\n                      ]\n                    },\n                    \"PykZ'\",\n                    \"%\",\n                    \"I|+zkGNw\"\n                  ]\n                }\n              ]\n            },\n            \"url\": \"https://z.749yw1w4u5im8aso-xxlxt0m6cuh76o.tptfh7yvesmtp0z63cq.5zrr613x1viocwjopg4gc4-ug9s8d29wqdywrmer7vg4hhunk.j043r9bf87q7gj8u1.upsjlxuubl/GH/'cssz/I*8p~\",\n            \"info\": \"la&,\",\n            \"isSelectable\": true\n          },\n          \"\": {\n            \"name\": \"XL[0u'Z)/\",\n            \"ay\": 1961,\n            \"assign\": [\n              \"2k\",\n              \"C(Q+8\\\"Z:\",\n              \"|\",\n              \"7MHn+\"\n            ],\n            \"match\": {\n              \"or\": [\n                {\n                  \"pattern\": \"LHL7*3Z\",\n                  \"exclude\": \"HTL41A\",\n                  \"info\": \"Rk[hq[\"\n                },\n                {\n                  \"pattern\": \"CP501\",\n                  \"exclude\": [],\n                  \"info\": \"\"\n                }\n              ]\n            },\n            \"satisfy\": [\n              {\n                \"or\": [\n                  {\n                    \"and\": [\n                      \"p{zbCE\",\n                      \"%0*mG}`ns\"\n                    ]\n                  },\n                  {\n                    \"mc\": \">=161\"\n                  }\n                ]\n              },\n              \"\",\n              {\n                \"or\": [\n                  \"0u6fLOP.6\",\n                  \"\",\n                  {\n                    \"and\": []\n                  }\n                ]\n              }\n            ],\n            \"url\": \"https://e6caw2f5640zl-zm4.imcoa.e.ctztfy/%EF%BB%A2BRl8F9/BRxRw/~h/rW/Dg.%F3%AF%8D%93&t5\",\n            \"info\": \"uT+~K;-L[\",\n            \"isSelectable\": true\n          },\n          \"*[tuzl6tKx\": {\n            \"name\": \"lu.O=@,;#u\",\n            \"ay\": 2028,\n            \"assign\": \"XD9t$f8,\",\n            \"match\": [\n              {\n                \"or\": []\n              },\n              {\n                \"and\": [\n                  {\n                    \"and\": [\n                      \"MJB*K\",\n                      \"EX8R\",\n                      \"YPW865Z\",\n                      {\n                        \"and\": [\n                          {\n                            \"pattern\": \"MTV**3F\",\n                            \"exclude\": [\n                              \"XNK7561D\",\n                              \"GLx4J\"\n                            ],\n                            \"info\": \"lZy,f\"\n                          },\n                          \"UWW32\",\n                          {\n                            \"and\": [\n                              \"TY*2*7L\",\n                              \"CU0T\"\n                            ]\n                          },\n                          \"ZK11R\"\n                        ]\n                      }\n                    ]\n                  },\n                  \"EW15F\",\n                  {\n                    \"and\": [\n                      \"OHA*54Z\",\n                      \"YJx5\"\n                    ]\n                  }\n                ]\n              }\n            ],\n            \"url\": \"http://5mwnp7pl3wz7151p.s.hqsbbkb/(vzpu/-Tw%F2%B5%B3%9D+/Xpi3*2I%F3%86%9F%99y/_UY6Z$6/KJd8\",\n            \"isSelectable\": true\n          }\n        },\n        \"78=e|Nm\": {\n          \"name\": \",}:*\",\n          \"ay\": 2016,\n          \"assign\": \"&iuX(&Z|O\",\n          \"match\": {\n            \"pattern\": \"KN9*E\",\n            \"exclude\": [\n              \"TZT6N\",\n              \"HCN0447\",\n              \"BRJ4309D\"\n            ],\n            \"info\": \"oJ\"\n          },\n          \"satisfy\": {\n            \"or\": [\n              {\n                \"mc\": \">=47\"\n              },\n              {\n                \"mc\": \"<=71\"\n              },\n              {\n                \"and\": [\n                  \"Xv|<tzE<\",\n                  {\n                    \"or\": [\n                      \"\"\n                    ]\n                  },\n                  {\n                    \"and\": [\n                      \"0n?.XnC<`t\",\n                      \"&oa6\",\n                      \"65&\\\"61tAS'\",\n                      {\n                        \"mc\": \"<=50\"\n                      },\n                      {\n                        \"mc\": \"<=6\"\n                      }\n                    ]\n                  },\n                  \"tG&JyZ\",\n                  {\n                    \"and\": [\n                      \"\",\n                      {\n                        \"and\": [\n                          \"\"\n                        ]\n                      },\n                      {\n                        \"mc\": \">=71\"\n                      }\n                    ]\n                  }\n                ]\n              },\n              {\n                \"mc\": \">=61\"\n              }\n            ]\n          },\n          \"url\": \"https://0.v10yez4xge-0hj184urk9ck0oai2mu3km03c0mrtp36hv8l9q.x.tyxftlj/-J;&%F0%B0%B3%B9cy2%F2%A3%8E%A8/~!,'0a1/-AQ%F3%99%AA%86@J9eU/%F2%98%BF%9D%F2%A7%AB%8C/$AqlEQpbrz/Tyee//%F1%8C%8F%83sX7&T6@tJ/NA/K7aD%F1%9A%B7%88:nZ,O\",\n          \"info\": \"!\"\n        },\n        \"a!yg$l[ SR\": {\n          \"ay\": 1951,\n          \"satisfy\": \"#8P%1H\",\n          \"url\": \"http://eyvovpj4k1o3gt6j.mq/+/vE%F2%90%80%8D%F3%9D%B7%94S=%F3%A5%87%9AEOU/%F0%9F%AB%B6%F0%B0%B4%B3ct8wB9i/y/W(/VsI5//U/PFj.9%F3%97%A5%B4mB4/r&\",\n          \"info\": \"+wbw3iNl\",\n          \"isSelectable\": true\n        },\n        \"*3!8\": {\n          \"name\": \"S1?lJ@\\\\\",\n          \"ay\": 1962,\n          \"assign\": [\n            \"\",\n            \"!Z\",\n            \"A\"\n          ],\n          \"match\": \"SBG984\",\n          \"satisfy\": {\n            \"mc\": \">=24\"\n          },\n          \"url\": \"https://z2fyuyz0zboo2ir0lwcy-qc5cdobyjz3kid8c1ip3olh.hip5fwfeo-dh27uf54uo70uwvi91knuheqvoe9kg3skynbmab8h30ajpm704.a2ti35y2qpmrhhxm1hiw0lm89ri.uviuqg/&LXSkaNxE/@3/W:_vrQNo/%F3%96%BB%BB\",\n          \"info\": \"VVTF`D\\\"d(k\"\n        }\n      },\n      \"uittKA3{;\": {\n        \"name\": \"hPw\",\n        \"ay\": 2005,\n        \"assign\": [\n          \"1-H\",\n          \"M%VsMlO\",\n          \"^Q-ZixX|N<\",\n          \"kVqj%[\"\n        ],\n        \"match\": \"BLP78\",\n        \"satisfy\": \"\",\n        \"url\": \"https://687tc8qjynra87xg3-4bhnyh3n.t.aiwfznnhv0lrphsufo3zfmjg9n.hyxq81gx417tbfr736.6b13wu7x4cc4w3wsbqhi15dxg6gaw2pf84x8t5e2fecyalmlqj84kjfnuj.hmwhmmr/-gh/XR/aJj/2)@EPG7//ijk%E8%9E%822Dt4O/;Mw\",\n        \"info\": \">5\",\n        \"isSelectable\": true\n      },\n      \"O#zpE.`\": {\n        \"name\": \"jd\",\n        \"ay\": 1976,\n        \"assign\": \"\\\\q\",\n        \"satisfy\": {\n          \"and\": [\n            \"pg.v}*OA)\",\n            {\n              \"or\": [\n                \"g.oE<c\",\n                \"d\"\n              ]\n            },\n            {\n              \"or\": [\n                {\n                  \"or\": [\n                    \"v!0Y^h|$eC\",\n                    {\n                      \"or\": []\n                    },\n                    {\n                      \"and\": [\n                        \"r\\\\V93\",\n                        \"q\\\"OT=U\\\\,&I\"\n                      ]\n                    },\n                    \"@7Ep:e3\",\n                    \"A<_\"\n                  ]\n                },\n                \"PnU6tV}\",\n                {\n                  \"mc\": \"<=63\"\n                }\n              ]\n            }\n          ]\n        },\n        \"info\": \"o+w[9Z;a\",\n        \"isSelectable\": true\n      },\n      \"6+GfGSFuw\": {\n        \"name\": \"|YV#Dg$\",\n        \"ay\": 1962,\n        \"match\": {\n          \"or\": []\n        },\n        \"satisfy\": [\n          \"l qaI:tH\",\n          {\n            \"and\": [\n              {\n                \"mc\": \">=122\"\n              },\n              \"}JVLp^\",\n              {\n                \"and\": [\n                  {\n                    \"and\": [\n                      {\n                        \"or\": [\n                          {\n                            \"mc\": \">=89\"\n                          },\n                          \"k>.\"\n                        ]\n                      },\n                      \"J`yl\",\n                      {\n                        \"and\": [\n                          {\n                            \"or\": []\n                          },\n                          {\n                            \"mc\": \">=191\"\n                          },\n                          \"oaNMp%2'<v\",\n                          \"tei`qQ4 9\",\n                          {\n                            \"and\": [\n                              \"F\"\n                            ]\n                          }\n                        ]\n                      },\n                      {\n                        \"mc\": \"<=33\"\n                      },\n                      \"^/\\\\S;e?}\"\n                    ]\n                  },\n                  {\n                    \"mc\": \">=192\"\n                  },\n                  {\n                    \"or\": []\n                  }\n                ]\n              },\n              {\n                \"and\": []\n              },\n              {\n                \"mc\": \">=123\"\n              }\n            ]\n          }\n        ],\n        \"url\": \"http://e.ty-m7my8byf2zz0esz66l3aigtl4fxz2de5675h5i8ckc.lsr7eohsq1wclbiuu4uwr6o81fvmvm5se86bmor.lsahz/=iF;to/JB+z*\",\n        \"info\": \"n(DnAxp\",\n        \"isSelectable\": true\n      }\n    }\n  }\n]",
              "code": "fast_check_1.sample(index_test_2.block, 10).forEach((sample, i) => addContext_1.default(this, {\n    title: `block sample ${i}`,\n    value: sample,\n}));\nreturn fast_check_1.assert(fast_check_1.property(index_test_2.block, ajvValidate));",
              "err": {},
              "uuid": "6db4d7fb-2506-4237-9819-bce6c6547a75",
              "parentUUID": "a4f93302-4d42-4550-8b01-9e9cf5078a84",
              "isHook": false,
              "skipped": false
            },
            {
              "title": "should not validate non-object",
              "fullTitle": "blockSchema should not validate non-object",
              "timedOut": false,
              "duration": 2,
              "state": "passed",
              "speed": "fast",
              "pass": true,
              "fail": false,
              "pending": false,
              "context": null,
              "code": "const error = {\n    instancePath: \"\",\n    message: \"block should be an object\",\n};\nisInvalidBlock(null, error);\nisInvalidBlock(undefined, error);\nisInvalidBlock(10, error);\nisInvalidBlock([12, 24], error);\nisInvalidBlock(\"abc\", error);",
              "err": {},
              "uuid": "967f6b8a-737d-4ca9-9e60-88671f601a74",
              "parentUUID": "a4f93302-4d42-4550-8b01-9e9cf5078a84",
              "isHook": false,
              "skipped": false
            },
            {
              "title": "should not validate block with invalid properties",
              "fullTitle": "blockSchema should not validate block with invalid properties",
              "timedOut": false,
              "duration": 1,
              "state": "passed",
              "speed": "fast",
              "pass": true,
              "fail": false,
              "pending": false,
              "context": null,
              "code": "isInvalidBlock({\n        name: { foo: \"bar\" },\n        ay: -1000,\n        assign: {},\n        match: 1,\n        satisfy: 2,\n        url: { abc: \"def\" },\n        info: 42,\n        isSelectable: 32,\n    }, { instancePath: \"/name\", message: \"property 'name' should be a string\" }, {\n        instancePath: \"/ay\",\n        message: \"property 'ay' should be a positive integer\",\n    }, {\n        instancePath: \"/assign\",\n        message: \"property 'assign' should be either a block ID or an array of block IDs\",\n    }, {\n        instancePath: \"/match\",\n        message: \"property 'match' should be either a match rule or an array of match rules\",\n    }, {\n        instancePath: \"/satisfy\",\n        message: \"property 'satisfy' should be either a satisfy rule or an array of satisfy rules\",\n    }, { instancePath: \"/url\", message: \"property 'url' should be a string\" }, { instancePath: \"/info\", message: \"property 'info' should be a string\" }, {\n        instancePath: \"/isSelectable\",\n        message: \"property 'isSelectable' should be a boolean\",\n    })",
              "err": {},
              "uuid": "a4731ec4-8284-4713-a580-79518aa8ebdc",
              "parentUUID": "a4f93302-4d42-4550-8b01-9e9cf5078a84",
              "isHook": false,
              "skipped": false
            }
          ],
          "suites": [],
          "passes": [
            "6db4d7fb-2506-4237-9819-bce6c6547a75",
            "967f6b8a-737d-4ca9-9e60-88671f601a74",
            "a4731ec4-8284-4713-a580-79518aa8ebdc"
          ],
          "failures": [],
          "pending": [],
          "skipped": [],
          "duration": 215,
          "root": false,
          "rootEmpty": false,
          "_timeout": 2000
        },
        {
          "uuid": "28f3ce41-1b2b-417c-9b48-12a63d28ab07",
          "title": "patternToRE",
          "fullFile": "/home/runner/work/planwithus-lib/planwithus-lib/src/matchRule/pattern/satisfiers.test.ts",
          "file": "/src/matchRule/pattern/satisfiers.test.ts",
          "beforeHooks": [],
          "afterHooks": [],
          "tests": [
            {
              "title": "should match valid modules with a single pattern",
              "fullTitle": "patternToRE should match valid modules with a single pattern",
              "timedOut": false,
              "duration": 27,
              "state": "passed",
              "speed": "fast",
              "pass": true,
              "fail": false,
              "pending": false,
              "context": "[\n  {\n    \"title\": \"patternExampleList sample 0\",\n    \"value\": [\n      \"UE73R\",\n      [\n        \"UE73R\"\n      ]\n    ]\n  },\n  {\n    \"title\": \"patternExampleList sample 1\",\n    \"value\": [\n      \"CR1S\",\n      [\n        \"CR1S\"\n      ]\n    ]\n  },\n  {\n    \"title\": \"patternExampleList sample 2\",\n    \"value\": [\n      \"TS1569O\",\n      [\n        \"TS1569O\"\n      ]\n    ]\n  },\n  {\n    \"title\": \"patternExampleList sample 3\",\n    \"value\": [\n      \"OFA7X\",\n      [\n        \"OFA7X\"\n      ]\n    ]\n  },\n  {\n    \"title\": \"patternExampleList sample 4\",\n    \"value\": [\n      \"MP11x6\",\n      [\n        \"MP1156\",\n        \"MP1106\",\n        \"MP1196\",\n        \"MP1126\",\n        \"MP1146\",\n        \"MP1176\",\n        \"MP1186\"\n      ]\n    ]\n  },\n  {\n    \"title\": \"patternExampleList sample 5\",\n    \"value\": [\n      \"EHJ990N\",\n      [\n        \"EHJ990N\"\n      ]\n    ]\n  },\n  {\n    \"title\": \"patternExampleList sample 6\",\n    \"value\": [\n      \"YFx4A\",\n      [\n        \"YF24A\",\n        \"YF74A\",\n        \"YF44A\",\n        \"YF64A\",\n        \"YF54A\",\n        \"YF04A\",\n        \"YF34A\",\n        \"YF84A\",\n        \"YF14A\",\n        \"YF94A\"\n      ]\n    ]\n  },\n  {\n    \"title\": \"patternExampleList sample 7\",\n    \"value\": [\n      \"BJ5\",\n      [\n        \"BJ5\"\n      ]\n    ]\n  },\n  {\n    \"title\": \"patternExampleList sample 8\",\n    \"value\": [\n      \"BP76\",\n      [\n        \"BP76\"\n      ]\n    ]\n  },\n  {\n    \"title\": \"patternExampleList sample 9\",\n    \"value\": [\n      \"EBO2\",\n      [\n        \"EBO2\"\n      ]\n    ]\n  }\n]",
              "code": "fast_check_1.sample(index_test_1.patternExampleList, 10).forEach((sample, i) => addContext_1.default(this, {\n    title: `patternExampleList sample ${i}`,\n    value: sample,\n}));\nreturn fast_check_1.assert(fast_check_1.property(index_test_1.patternExampleList, ([patternStr, examples]) => {\n    const re = _1.patternToRE(patternStr);\n    return examples.every(re.test.bind(re));\n}));",
              "err": {},
              "uuid": "d8b3c24e-0a17-4168-acb9-afcb09aa7515",
              "parentUUID": "28f3ce41-1b2b-417c-9b48-12a63d28ab07",
              "isHook": false,
              "skipped": false
            },
            {
              "title": "should match valid modules with multiple patterns",
              "fullTitle": "patternToRE should match valid modules with multiple patterns",
              "timedOut": false,
              "duration": 73,
              "state": "passed",
              "speed": "medium",
              "pass": true,
              "fail": false,
              "pending": false,
              "context": "[\n  {\n    \"title\": \"patternExampleListArray sample 0\",\n    \"value\": [\n      [\n        \"QAR836*B\",\n        [\n          \"QAR836IB\",\n          \"QAR836R5GB\",\n          \"QAR836QSGSI0IB\",\n          \"QAR836E156SUBB\",\n          \"QAR836GWAADXB\",\n          \"QAR836LFOHPRSB\",\n          \"QAR836M0DOB77MB\",\n          \"QAR836SMLB\",\n          \"QAR83636USWOGB\",\n          \"QAR836B\",\n          \"QAR836637FXBB\",\n          \"QAR836AB\"\n        ]\n      ],\n      [\n        \"UX456X\",\n        [\n          \"UX456X\"\n        ]\n      ]\n    ]\n  },\n  {\n    \"title\": \"patternExampleListArray sample 1\",\n    \"value\": [\n      [\n        \"OPM1x\",\n        [\n          \"OPM16\",\n          \"OPM14\",\n          \"OPM18\",\n          \"OPM17\",\n          \"OPM15\",\n          \"OPM19\",\n          \"OPM12\",\n          \"OPM10\",\n          \"OPM13\"\n        ]\n      ]\n    ]\n  },\n  {\n    \"title\": \"patternExampleListArray sample 2\",\n    \"value\": [\n      [\n        \"US22D\",\n        [\n          \"US22D\"\n        ]\n      ],\n      [\n        \"YHH20I\",\n        [\n          \"YHH20I\"\n        ]\n      ],\n      [\n        \"VRI6\",\n        [\n          \"VRI6\"\n        ]\n      ],\n      [\n        \"BZ3E\",\n        [\n          \"BZ3E\"\n        ]\n      ],\n      [\n        \"QXG31N\",\n        [\n          \"QXG31N\"\n        ]\n      ],\n      [\n        \"LX372xM\",\n        [\n          \"LX3727M\",\n          \"LX3728M\",\n          \"LX3720M\",\n          \"LX3725M\"\n        ]\n      ],\n      [\n        \"PF5927E\",\n        [\n          \"PF5927E\"\n        ]\n      ],\n      [\n        \"YKN577A\",\n        [\n          \"YKN577A\"\n        ]\n      ]\n    ]\n  },\n  {\n    \"title\": \"patternExampleListArray sample 3\",\n    \"value\": [\n      [\n        \"RP9\",\n        [\n          \"RP9\"\n        ]\n      ],\n      [\n        \"SO26\",\n        [\n          \"SO26\"\n        ]\n      ]\n    ]\n  },\n  {\n    \"title\": \"patternExampleListArray sample 4\",\n    \"value\": [\n      [\n        \"RI97P\",\n        [\n          \"RI97P\"\n        ]\n      ],\n      [\n        \"HTR95\",\n        [\n          \"HTR95\"\n        ]\n      ],\n      [\n        \"TB65P\",\n        [\n          \"TB65P\"\n        ]\n      ],\n      [\n        \"PG8Y\",\n        [\n          \"PG8Y\"\n        ]\n      ]\n    ]\n  },\n  {\n    \"title\": \"patternExampleListArray sample 5\",\n    \"value\": [\n      [\n        \"MV8\",\n        [\n          \"MV8\"\n        ]\n      ]\n    ]\n  },\n  {\n    \"title\": \"patternExampleListArray sample 6\",\n    \"value\": [\n      [\n        \"CN9\",\n        [\n          \"CN9\"\n        ]\n      ]\n    ]\n  },\n  {\n    \"title\": \"patternExampleListArray sample 7\",\n    \"value\": [\n      [\n        \"VLT1\",\n        [\n          \"VLT1\"\n        ]\n      ],\n      [\n        \"RM00B\",\n        [\n          \"RM00B\"\n        ]\n      ],\n      [\n        \"MZM987S\",\n        [\n          \"MZM987S\"\n        ]\n      ],\n      [\n        \"YQY96U\",\n        [\n          \"YQY96U\"\n        ]\n      ],\n      [\n        \"JEN7xx1\",\n        [\n          \"JEN7001\",\n          \"JEN7081\",\n          \"JEN7771\",\n          \"JEN7731\",\n          \"JEN7881\",\n          \"JEN7561\",\n          \"JEN7331\",\n          \"JEN7361\"\n        ]\n      ],\n      [\n        \"HW4624L\",\n        [\n          \"HW4624L\"\n        ]\n      ],\n      [\n        \"JXR73N\",\n        [\n          \"JXR73N\"\n        ]\n      ]\n    ]\n  },\n  {\n    \"title\": \"patternExampleListArray sample 8\",\n    \"value\": [\n      [\n        \"YH83\",\n        [\n          \"YH83\"\n        ]\n      ],\n      [\n        \"ZL808O\",\n        [\n          \"ZL808O\"\n        ]\n      ]\n    ]\n  },\n  {\n    \"title\": \"patternExampleListArray sample 9\",\n    \"value\": [\n      [\n        \"CGT0U\",\n        [\n          \"CGT0U\"\n        ]\n      ],\n      [\n        \"ILS5L\",\n        [\n          \"ILS5L\"\n        ]\n      ],\n      [\n        \"XG3\",\n        [\n          \"XG3\"\n        ]\n      ],\n      [\n        \"RVF1R\",\n        [\n          \"RVF1R\"\n        ]\n      ],\n      [\n        \"NE4683K\",\n        [\n          \"NE4683K\"\n        ]\n      ],\n      [\n        \"WI16*8\",\n        [\n          \"WI16M1F1V8\",\n          \"WI16P1RDAB28\"\n        ]\n      ],\n      [\n        \"HC98
[...]
              "err": {},
              "uuid": "8e305435-a4d1-4f24-9ec1-8224bcc239d3",
              "parentUUID": "41b5f0f5-38bf-4bac-bcdf-82cbfa7cadc7",
              "isHook": false,
              "skipped": false
            },
            {
              "title": "should preserve list of modules with upper bound of MCs if total MC count is lower",
              "fullTitle": "inequalitySatisfier should preserve list of modules with upper bound of MCs if total MC count is lower",
              "timedOut": false,
              "duration": 0,
              "state": "passed",
              "speed": "fast",
              "pass": true,
              "fail": false,
              "pending": false,
              "context": null,
              "code": "const satisfier = satisfiers_1.inequalitySatisfier(ref, \"<=32\");\nsatisfier.should.have.property(\"filter\");\nconst { filter } = satisfier;\nisCorrectFilter(filter, modulesList1, modulesList1.map(([moduleStr]) => moduleStr));",
              "err": {},
              "uuid": "2f7e6e0c-e53e-4a17-93e2-a93538e863ac",
              "parentUUID": "41b5f0f5-38bf-4bac-bcdf-82cbfa7cadc7",
              "isHook": false,
              "skipped": false
            },
            {
              "title": "should truncate list of modules with upper bound of MCs at exact cutoff if total MC count is higher and there exists some starting sequence with exact MC count",
              "fullTitle": "inequalitySatisfier should truncate list of modules with upper bound of MCs at exact cutoff if total MC count is higher and there exists some starting sequence with exact MC count",
              "timedOut": false,
              "duration": 0,
              "state": "passed",
              "speed": "fast",
              "pass": true,
              "fail": false,
              "pending": false,
              "context": null,
              "code": "const satisfier = satisfiers_1.inequalitySatisfier(ref, \"<=16\");\nsatisfier.should.have.property(\"filter\");\nconst { filter } = satisfier;\nisCorrectFilter(filter, modulesList1, [\n    \"CS2100\",\n    \"GER1000\",\n    \"CS2040S\",\n    \"ST2131\",\n]);",
              "err": {},
              "uuid": "56e2ea61-1a50-41dd-bc7d-de573e48b782",
              "parentUUID": "41b5f0f5-38bf-4bac-bcdf-82cbfa7cadc7",
              "isHook": false,
              "skipped": false
            },
            {
              "title": "should truncate list of modules with upper bound of MCs, cutting off at the minimum starting sequence that exceeds upper bound, if total MC count is higher and there exists no starting sequence with exact MC count",
              "fullTitle": "inequalitySatisfier should truncate list of modules with upper bound of MCs, cutting off at the minimum starting sequence that exceeds upper bound, if total MC count is higher and there exists no starting sequence with exact MC count",
              "timedOut": false,
              "duration": 0,
              "state": "passed",
              "speed": "fast",
              "pass": true,
              "fail": false,
              "pending": false,
              "context": null,
              "code": "const satisfier = satisfiers_1.inequalitySatisfier(ref, \"<=17\");\nsatisfier.should.have.property(\"filter\");\nconst { filter } = satisfier;\nisCorrectFilter(filter, modulesList1, [\n    \"CS2100\",\n    \"GER1000\",\n    \"CS2040S\",\n    \"ST2131\",\n    \"MA1521\",\n]);",
              "err": {},
              "uuid": "1754263c-2d94-47d5-a2a3-e47fc0a6c1f6",
              "parentUUID": "41b5f0f5-38bf-4bac-bcdf-82cbfa7cadc7",
              "isHook": false,
              "skipped": false
            }
          ],
          "suites": [],
          "passes": [
            "872162a2-175b-4cbe-884e-bb2ec2bc825d",
            "d60cc2ea-04b9-436d-9134-3099ac62d60e",
            "5b796b3c-dc6f-402e-a1cc-ee200a4a55e0",
            "8e305435-a4d1-4f24-9ec1-8224bcc239d3",
            "2f7e6e0c-e53e-4a17-93e2-a93538e863ac",
            "56e2ea61-1a50-41dd-bc7d-de573e48b782",
            "1754263c-2d94-47d5-a2a3-e47fc0a6c1f6"
          ],
          "failures": [],
          "pending": [],
          "skipped": [],
          "duration": 2,
          "root": false,
          "rootEmpty": false,
          "_timeout": 2000
        },
        {
          "uuid": "f1567e0d-8ddc-47b0-916c-aa0da2f75684",
          "title": "inequalitySchema",
          "fullFile": "/home/runner/work/planwithus-lib/planwithus-lib/src/satisfyRule/inequality/schemas.test.ts",
          "file": "/src/satisfyRule/inequality/schemas.test.ts",
          "beforeHooks": [],
          "afterHooks": [],
          "tests": [
            {
              "title": "should validate inequality in the form <=n or >=n",
              "fullTitle": "inequalitySchema should validate inequality in the form <=n or >=n",
              "timedOut": false,
              "duration": 1,
              "state": "passed",
              "speed": "fast",
              "pass": true,
              "fail": false,
              "pending": false,
              "context": "[\n  {\n    \"title\": \"inequality sample 0\",\n    \"value\": \"<=15\"\n  },\n  {\n    \"title\": \"inequality sample 1\",\n    \"value\": \">=196\"\n  },\n  {\n    \"title\": \"inequality sample 2\",\n    \"value\": \">=199\"\n  },\n  {\n    \"title\": \"inequality sample 3\",\n    \"value\": \">=8\"\n  },\n  {\n    \"title\": \"inequality sample 4\",\n    \"value\": \">=190\"\n  },\n  {\n    \"title\": \"inequality sample 5\",\n    \"value\": \">=197\"\n  },\n  {\n    \"title\": \"inequality sample 6\",\n    \"value\": \"<=83\"\n  },\n  {\n    \"title\": \"inequality sample 7\",\n    \"value\": \">=54\"\n  },\n  {\n    \"title\": \"inequality sample 8\",\n    \"value\": \"<=200\"\n  },\n  {\n    \"title\": \"inequality sample 9\",\n    \"value\": \">=5\"\n  }\n]",
              "code": "fast_check_1.sample(index_test_2.inequality, 10).forEach((sample, i) => addContext_1.default(this, {\n    title: `inequality sample ${i}`,\n    value: sample,\n}));\nreturn fast_check_1.assert(fast_check_1.property(index_test_2.inequality, ajvValidate));",
              "err": {},
              "uuid": "eb6b43ec-f1fb-4c34-8526-d14b2359007a",
              "parentUUID": "f1567e0d-8ddc-47b0-916c-aa0da2f75684",
              "isHook": false,
              "skipped": false
            },
            {
              "title": "should not validate inequality of invalid form",
              "fullTitle": "inequalitySchema should not validate inequality of invalid form",
              "timedOut": false,
              "duration": 2,
              "state": "passed",
              "speed": "fast",
              "pass": true,
              "fail": false,
              "pending": false,
              "context": null,
              "code": "[\n        \"\",\n        \"==23\",\n        \"23\",\n        \"<23\",\n        \">23\",\n        \"<=-1\",\n        \">=-1\",\n        \"<= 2\",\n        \">= 1\",\n        \"> 3\",\n        \"< 3\",\n        \"<=3a\",\n        \">=3a\",\n        \"a<=3\",\n        \"a>=3\",\n    ].forEach(isInvalidInequality)",
              "err": {},
              "uuid": "5a17f508-8289-408e-9d2e-442865c59ebc",
              "parentUUID": "f1567e0d-8ddc-47b0-916c-aa0da2f75684",
              "isHook": false,
              "skipped": false
            }
          ],
          "suites": [],
          "passes": [
            "eb6b43ec-f1fb-4c34-8526-d14b2359007a",
            "5a17f508-8289-408e-9d2e-442865c59ebc"
          ],
          "failures": [],
          "pending": [],
          "skipped": [],
          "duration": 3,
          "root": false,
          "rootEmpty": false,
          "_timeout": 2000
        },
        {
          "uuid": "f924938c-9e56-49fe-8abe-6c554ce00234",
          "title": "satisfyRuleSchema",
          "fullFile": "/home/runner/work/planwithus-lib/planwithus-lib/src/satisfyRule/schemas.test.ts",
          "file": "/src/satisfyRule/schemas.test.ts",
          "beforeHooks": [],
          "afterHooks": [],
          "tests": [
            {
              "title": "should validate satisfy rule with valid block id",
              "fullTitle": "satisfyRuleSchema should validate satisfy rule with valid block id",
              "timedOut": false,
              "duration": 1,
              "state": "passed",
              "speed": "fast",
              "pass": true,
              "fail": false,
              "pending": false,
              "context": null,
              "code": "fast_check_1.assert(fast_check_1.property(fast_check_1.string(), ajvValidate)",
              "err": {},
              "uuid": "2950a197-9ff3-41dc-b86f-f6a4937aa342",
              "parentUUID": "f924938c-9e56-49fe-8abe-6c554ce00234",
              "isHook": false,
              "skipped": false
            },
            {
              "title": "should validate satisfy rules with valid mc",
              "fullTitle": "satisfyRuleSchema should validate satisfy rules with valid mc",
              "timedOut": false,
              "duration": 1,
              "state": "passed",
              "speed": "fast",
              "pass": true,
              "fail": false,
              "pending": false,
              "context": "[\n  {\n    \"title\": \"mcSatisfyRule sample 0\",\n    \"value\": {\n      \"mc\": \"<=1\"\n    }\n  },\n  {\n    \"title\": \"mcSatisfyRule sample 1\",\n    \"value\": {\n      \"mc\": \">=25\"\n    }\n  },\n  {\n    \"title\": \"mcSatisfyRule sample 2\",\n    \"value\": {\n      \"mc\": \"<=39\"\n    }\n  },\n  {\n    \"title\": \"mcSatisfyRule sample 3\",\n    \"value\": {\n      \"mc\": \">=193\"\n    }\n  },\n  {\n    \"title\": \"mcSatisfyRule sample 4\",\n    \"value\": {\n      \"mc\": \">=197\"\n    }\n  },\n  {\n    \"title\": \"mcSatisfyRule sample 5\",\n    \"value\": {\n      \"mc\": \">=2\"\n    }\n  },\n  {\n    \"title\": \"mcSatisfyRule sample 6\",\n    \"value\": {\n      \"mc\": \">=196\"\n    }\n  },\n  {\n    \"title\": \"mcSatisfyRule sample 7\",\n    \"value\": {\n      \"mc\": \"<=92\"\n    }\n  },\n  {\n    \"title\": \"mcSatisfyRule sample 8\",\n    \"value\": {\n      \"mc\": \"<=119\"\n    }\n  },\n  {\n    \"title\": \"mcSatisfyRule sample 9\",\n    \"value\": {\n      \"mc\": \">=172\"\n    }\n  }\n]",
              "code": "fast_check_1.sample(index_test_2.mcSatisfyRule, 10).forEach((sample, i) => addContext_1.default(this, {\n    title: `mcSatisfyRule sample ${i}`,\n    value: sample,\n}));\nreturn fast_check_1.assert(fast_check_1.property(index_test_2.mcSatisfyRule, ajvValidate));",
              "err": {},
              "uuid": "5580deb0-284b-4157-9a30-f502755ecb7e",
              "parentUUID": "f924938c-9e56-49fe-8abe-6c554ce00234",
              "isHook": false,
              "skipped": false
            },
            {
              "title": "should validate valid recursive satisfy rules",
              "fullTitle": "satisfyRuleSchema should validate valid recursive satisfy rules",
              "timedOut": false,
              "duration": 3,
              "state": "passed",
              "speed": "fast",
              "pass": true,
              "fail": false,
              "pending": false,
              "context": "[\n  {\n    \"title\": \"satisfyRule sample 0\",\n    \"value\": {\n      \"or\": [\n        {\n          \"mc\": \">=194\"\n        },\n        \"fWAY^vY\\\"C\",\n        {\n          \"or\": [\n            {\n              \"mc\": \">=46\"\n            },\n            \";,oq'xm L\",\n            \"1e4x08~=\",\n            \"OC\"\n          ]\n        },\n        {\n          \"or\": [\n            {\n              \"or\": []\n            },\n            \"W'q+\"\n          ]\n        },\n        {\n          \"mc\": \">=194\"\n        }\n      ]\n    }\n  },\n  {\n    \"title\": \"satisfyRule sample 1\",\n    \"value\": {\n      \"mc\": \"<=148\"\n    }\n  },\n  {\n    \"title\": \"satisfyRule sample 2\",\n    \"value\": {\n      \"or\": []\n    }\n  },\n  {\n    \"title\": \"satisfyRule sample 3\",\n    \"value\": {\n      \"mc\": \"<=151\"\n    }\n  },\n  {\n    \"title\": \"satisfyRule sample 4\",\n    \"value\": {\n      \"mc\": \"<=5\"\n    }\n  },\n  {\n    \"title\": \"satisfyRule sample 5\",\n    \"value\": \"} #\"\n  },\n  {\n    \"title\": \"satisfyRule sample 6\",\n    \"value\": {\n      \"mc\": \">=196\"\n    }\n  },\n  {\n    \"title\": \"satisfyRule sample 7\",\n    \"value\": \">\\\\\"\n  },\n  {\n    \"title\": \"satisfyRule sample 8\",\n    \"value\": {\n      \"or\": [\n        \"leDQ~w&\"\n      ]\n    }\n  },\n  {\n    \"title\": \"satisfyRule sample 9\",\n    \"value\": {\n      \"or\": [\n        {\n          \"or\": [\n            {\n              \"mc\": \">=74\"\n            },\n            \":|btjXBfaV\"\n          ]\n        },\n        \"ci]p3^A\",\n        {\n          \"and\": [\n            \"=::K);\",\n            \"4WI;(a)\",\n            \"6[\"\n          ]\n        },\n        {\n          \"mc\": \">=182\"\n        }\n      ]\n    }\n  }\n]",
              "code": "fast_check_1.sample(index_test_2.satisfyRule, 10).forEach((sample, i) => addContext_1.default(this, {\n    title: `satisfyRule sample ${i}`,\n    value: sample,\n}));\nreturn fast_check_1.assert(fast_check_1.property(index_test_2.satisfyRule, ajvValidate));",
              "err": {},
              "uuid": "62acbd0c-979b-441b-a89e-4e2e37df7882",
              "parentUUID": "f924938c-9e56-49fe-8abe-6c554ce00234",
              "isHook": false,
              "skipped": false
            },
            {
              "title": "should not validate non-string/object",
              "fullTitle": "satisfyRuleSchema should not validate non-string/object",
              "timedOut": false,
              "duration": 1,
              "state": "passed",
              "speed": "fast",
              "pass": true,
              "fail": false,
              "pending": false,
              "context": null,
              "code": "const error = {\n    instancePath: \"\",\n    message: \"satisfy rule should be either a string or an object\",\n};\nisInvalidRule(null, error);\nisInvalidRule(undefined, error);\nisInvalidRule(10, error);\nisInvalidRule([12, 24], error);",
              "err": {},
              "uuid": "cb3a3f71-10b8-4619-98da-741812ca4b65",
              "parentUUID": "f924938c-9e56-49fe-8abe-6c554ce00234",
              "isHook": false,
              "skipped": false
            },
            {
              "title": "should not validate satisfy rules with extra properties",
              "fullTitle": "satisfyRuleSchema should not validate satisfy rules with extra properties",
              "timedOut": false,
              "duration": 0,
              "state": "passed",
              "speed": "fast",
              "pass": true,
              "fail": false,
              "pending": false,
              "context": null,
              "code": "isInvalidRule({\n        and: [\n            { or: [\"2k\"], abc: \"def\" },\n            { mc: 8, ghi: \"jkl\" },\n        ],\n        mno: \"pqr\",\n    }, {\n        instancePath: \"/and/0\",\n        message: \"or satisfy rule should have property 'or' only\",\n    }, {\n        instancePath: \"/and/1\",\n        message: \"MC satisfy rule should have property 'mc' only\",\n    }, {\n        instancePath: \"\",\n        message: \"and satisfy rule should have property 'and' only\",\n    })",
              "err": {},
              "uuid": "80da9a31-adbc-49c3-8e29-4a5f72a7734a",
              "parentUUID": "f924938c-9e56-49fe-8abe-6c554ce00234",
              "isHook": false,
              "skipped": false
            },
            {
              "title": "should not validate ambiguous satisfy rules",
              "fullTitle": "satisfyRuleSchema should not validate ambiguous satisfy rules",
              "timedOut": false,
              "duration": 1,
              "state": "passed",
              "speed": "fast",
              "pass": true,
              "fail": false,
              "pending": false,
              "context": null,
              "code": "const message = \"satisfy rule should have only one of properties 'mc', 'and', 'or'\";\nisInvalidRule({\n    or: [\n        { mc: 5, and: [\"CS2040\"] },\n        { and: [{ and: [\"abc\"], or: [\"def\"] }] },\n    ],\n}, { instancePath: \"/or/0\", message }, { instancePath: \"/or/1/and/0\", message });",
              "err": {},
              "uuid": "4d5ba7d8-fc63-4ebb-a5b2-20c4fcdcbdb1",
              "parentUUID": "f924938c-9e56-49fe-8abe-6c554ce00234",
              "isHook": false,
              "skipped": false
            },
            {
              "title": "should not validate and satisfy rules with non-array property",
              "fullTitle": "satisfyRuleSchema should not validate and satisfy rules with non-array property",
              "timedOut": false,
              "duration": 0,
              "state": "passed",
              "speed": "fast",
              "pass": true,
              "fail": false,
              "pending": false,
              "context": null,
              "code": "const message = \"property 'and' should be an array of satisfy rules\";\nisInvalidRule({ or: [{ and: {} }, { or: [{ and: 3 }] }] }, { instancePath: \"/or/0/and\", message }, { instancePath: \"/or/1/or/0/and\", message });",
              "err": {},
              "uuid": "2984f521-5d63-4fed-ad47-23fb8e146e2c",
              "parentUUID": "f924938c-9e56-49fe-8abe-6c554ce00234",
              "isHook": false,
              "skipped": false
            },
            {
              "title": "should not validate or satisfy rules with non-array property",
              "fullTitle": "satisfyRuleSchema should not validate or satisfy rules with non-array property",
              "timedOut": false,
              "duration": 0,
              "state": "passed",
              "speed": "fast",
              "pass": true,
              "fail": false,
              "pending": false,
              "context": null,
              "code": "const message = \"property 'or' should be an array of satisfy rules\";\nisInvalidRule({ and: [{ or: {} }, { and: [{ or: 3 }] }] }, { instancePath: \"/and/0/or\", message }, { instancePath: \"/and/1/and/0/or\", message });",
              "err": {},
              "uuid": "a3397355-e3a2-4cf3-a9c2-0e7dc80b9c7b",
              "parentUUID": "f924938c-9e56-49fe-8abe-6c554ce00234",
              "isHook": false,
              "skipped": false
            }
          ],
          "suites": [],
          "passes": [
            "2950a197-9ff3-41dc-b86f-f6a4937aa342",
            "5580deb0-284b-4157-9a30-f502755ecb7e",
            "62acbd0c-979b-441b-a89e-4e2e37df7882",
            "cb3a3f71-10b8-4619-98da-741812ca4b65",
            "80da9a31-adbc-49c3-8e29-4a5f72a7734a",
            "4d5ba7d8-fc63-4ebb-a5b2-20c4fcdcbdb1",
            "2984f521-5d63-4fed-ad47-23fb8e146e2c",
            "a3397355-e3a2-4cf3-a9c2-0e7dc80b9c7b"
          ],
          "failures": [],
          "pending": [],
          "skipped": [],
          "duration": 7,
          "root": false,
          "rootEmpty": false,
          "_timeout": 2000
        }
      ],
      "passes": [],
      "failures": [],
      "pending": [],
      "skipped": [],
      "duration": 0,
      "root": true,
      "rootEmpty": true,
      "_timeout": 2000
    }
  ],
  "meta": {
    "mocha": {
      "version": "9.0.2"
    },
    "mochawesome": {
      "options": {
        "quiet": false,
        "reportFilename": "mochawesome",
        "saveHtml": true,
        "saveJson": true,
        "consoleReporter": "spec",
        "useInlineDiffs": false,
        "code": true
      },
      "version": "6.2.2"
    },
    "marge": {
      "options": {
        "reportDir": "docs"
      },
      "version": "5.2.0"
    }
  }
}