{
  "stats": {
    "suites": 10,
    "tests": 48,
    "passes": 48,
    "pending": 0,
    "failures": 0,
    "start": "2021-07-10T09:14:42.901Z",
    "end": "2021-07-10T09:14:43.204Z",
    "duration": 303,
    "testsRegistered": 48,
    "passPercent": 100,
    "pendingPercent": 0,
    "other": 0,
    "hasOther": false,
    "skipped": 0,
    "hasSkipped": false
  },
  "results": [
    {
      "uuid": "b3bd57af-d145-4ae7-885c-b768b87140ee",
      "title": "",
      "fullFile": "",
      "file": "",
      "beforeHooks": [],
      "afterHooks": [],
      "tests": [],
      "suites": [
        {
          "uuid": "511eae67-1253-42c2-aeb2-df4f9383f788",
          "title": "initDirectories",
          "fullFile": "/home/runner/work/planwithus-lib/planwithus-lib/src/block/schemas.test.ts",
          "file": "/src/block/schemas.test.ts",
          "beforeHooks": [],
          "afterHooks": [],
          "tests": [
            {
              "title": "should parse all blocks with no errors",
              "fullTitle": "initDirectories should parse all blocks with no errors",
              "timedOut": false,
              "duration": 2,
              "state": "passed",
              "speed": "fast",
              "pass": true,
              "fail": false,
              "pending": false,
              "context": null,
              "code": "_1.initDirectories.should.not.throw()",
              "err": {},
              "uuid": "2cf0a59a-02ff-47d6-ba7d-607f8ba4e851",
              "parentUUID": "511eae67-1253-42c2-aeb2-df4f9383f788",
              "isHook": false,
              "skipped": false
            },
            {
              "title": "should produce primary, second & minor directories",
              "fullTitle": "initDirectories should produce primary, second & minor directories",
              "timedOut": false,
              "duration": 36,
              "state": "passed",
              "speed": "fast",
              "pass": true,
              "fail": false,
              "pending": false,
              "context": null,
              "code": "const directories = await _1.initDirectories();\ndirectories.should.have.property(\"primary\");\ndirectories.should.have.property(\"second\");\ndirectories.should.have.property(\"minor\");",
              "err": {},
              "uuid": "f46a99f8-3032-488e-a238-a307c026093e",
              "parentUUID": "511eae67-1253-42c2-aeb2-df4f9383f788",
              "isHook": false,
              "skipped": false
            }
          ],
          "suites": [],
          "passes": [
            "2cf0a59a-02ff-47d6-ba7d-607f8ba4e851",
            "f46a99f8-3032-488e-a238-a307c026093e"
          ],
          "failures": [],
          "pending": [],
          "skipped": [],
          "duration": 38,
          "root": false,
          "rootEmpty": false,
          "_timeout": 2000
        },
        {
          "uuid": "08f7c4b9-33a7-4d6e-a2cb-b1be00c80f7f",
          "title": "blockSchema",
          "fullFile": "/home/runner/work/planwithus-lib/planwithus-lib/src/block/schemas.test.ts",
          "file": "/src/block/schemas.test.ts",
          "beforeHooks": [],
          "afterHooks": [],
          "tests": [
            {
              "title": "should validate valid block",
              "fullTitle": "blockSchema should validate valid block",
              "timedOut": false,
              "duration": 140,
              "state": "passed",
              "speed": "slow",
              "pass": true,
              "fail": false,
              "pending": false,
              "context": "[\n  {\n    \"title\": \"block sample 0\",\n    \"value\": {\n      \"name\": \"%x|J}\\\"{\",\n      \"ay\": 2003,\n      \"assign\": \"{}y}z\\\"% \",\n      \"match\": {\n        \"or\": [\n          {\n            \"or\": []\n          },\n          {\n            \"and\": [\n              \"AJ3490J\",\n              {\n                \"or\": []\n              },\n              {\n                \"pattern\": \"UJX*9R\",\n                \"exclude\": [\n                  \"IYQ14x5\",\n                  \"TX99B\",\n                  \"OE6G\"\n                ],\n                \"info\": \"#=zc\\\"0rd\"\n              },\n              {\n                \"pattern\": \"YI2\",\n                \"info\": \"Q\"\n              },\n              \"GL8062\"\n            ]\n          },\n          {\n            \"and\": [\n              \"JZF795*R\",\n              \"SK6V\",\n              {\n                \"and\": []\n              }\n            ]\n          },\n          {\n            \"pattern\": \"MLE656R\",\n            \"exclude\": [\n              \"HJF5*87W\",\n              \"GQ4924\",\n              \"HWH8\"\n            ],\n            \"info\": \"0wXnZ\"\n          },\n          \"KSTxK\"\n        ]\n      },\n      \"satisfy\": [\n        \"}U5%!B&\",\n        {\n          \"and\": [\n            {\n              \"or\": [\n                \"#gd<_@%S\",\n                \"F}$\",\n                {\n                  \"and\": [\n                    \"80\\\\z8.=je\",\n                    {\n                      \"or\": [\n                        \"j#@\"\n                      ]\n                    }\n                  ]\n                },\n                {\n                  \"mc\": \"<=37\"\n                },\n                {\n                  \"and\": [\n                    \"r^'\"\n                  ]\n                }\n              ]\n            }\n          ]\n        }\n      ],\n      \"url\": \"http://o.vbdinupmavo9bu5storbafdozmfcyy35g7hery1w7-82jsqrovxhhkfkj.aayqhsp/Kr5/NC//:+/Q.%F0%95%A6%91n//n31%F2%9D%B9%B0Lz2wM4/ZhH-/Y:p\",\n      \"info\": \"rBuI{\",\n      \"/}jp\": {\n        \"name\": \"F\",\n        \"ay\": 1953,\n        \"assign\": \"\",\n        \"match\": [\n          \"XTI17\",\n          {\n            \"pattern\": \"HGB724*W\",\n            \"exclude\": \"YBR5\",\n            \"info\": \"$V\"\n          },\n          {\n            \"pattern\": \"KQ196\",\n            \"exclude\": [\n              \"PB61x2Q\",\n              \"KZLx1\",\n              \"HRI0\",\n              \"KQL421C\"\n            ],\n            \"info\": \"=Cr?,y\"\n          }\n        ],\n        \"satisfy\": {\n          \"or\": [\n            \"v@!4u(n\"\n          ]\n        },\n        \"url\": \"http://8gfxj-phiednk8cbk2asr6dlxqukvvlaqp4oxh13.b041slyymsfwdj6c8ck1is6y8p1nhm.2p2ja751t0gmas-e0a3hwvtxcbygqy9lruo8cn2i-rt7meuplo8dt1el.qwdfuat28wx55fmr4w0sfywafyton19g8nirblbvo.gijtfo/cJ%F2%91%A1%BArD)//pg%F1%97%B7%B6m%F1%BB%B6%88w%F3%A6%92%B7)\",\n        \"info\": \"! Hxwpe\\\\=\"\n      }\n    }\n  },\n  {\n    \"title\": \"block sample 1\",\n    \"value\": {\n      \"name\": \" .QR\",\n      \"ay\": 2001,\n      \"assign\": \" 8.?o\",\n      \"match\": {\n        \"and\": [\n          {\n            \"or\": [\n              {\n                \"or\": [\n                  {\n                    \"and\": [\n                      \"VJxxR\",\n                      \"BB35\",\n                      \"UNE146\",\n                      \"MBM*035B\"\n                    ]\n                  },\n                  \"XB6H\"\n                ]\n              }\n            ]\n          },\n          {\n            \"or\": [\n              {\n                \"and\": [\n                  \"SS2552\"\n                ]\n              },\n              {\n                \"pattern\": \"LIE12\",\n                \"exclude\": [\n                  \"QZF582E\",\n                  \"TG976Q\",\n                  \"TVN8551\"\n                ],\n                \"info\": \"zuB\"\n              },\n              \"MS7\"\n            ]\n          },\n          \"DV8xP\",\n          {\n            \"pattern\": \"ZNW353\",\n            \"info\": \"IDj_\"\n          }\n        ]\n      },\n      \"satisfy\": [\n        \";aYDhU?_UY\"\n      ],\n      \"url\": \"https://aiooma6o9d.f7f.al1i8m82215vs-ewj41rmv9pkdrk48ktmpx7oc-f.t0bed.a.svrghkxoa//@e/=6///+W..Sd%F3%B7%A8%94g/2W:_4/fqc/a%F3%AD%A5%94D*3N*_y/\",\n      \"info\": \"?\\\\?@ic_ca0\",\n      \"^M\": {\n        \"name\": \"\",\n        \"assign\": \"GC^@M\",\n        \"match\": {\n          \"or\": []\n        },\n        \"url\": \"http://3.v.pelifuvyw7mkh6r1m42eks0113bvw-7thjtjz2d2e.jx4iyetxk2ttb35eart9907w29htmy7c6-fac3r9hybtsb.c.zlibrdn/%F1%B3%9E%A29Atal/wZlpe%F1%8B%B7%86RuC/)%F3%B7%AD%86p%F3%B4%A4%BFg2D:%F0%A7%8D%B0i\",\n        \"info\": \"v\"\n      }\n    }\n  },\n  {\n    \"title\": \"block sample 2\",\n    \"value\": {\n      \"assign\": \";nZ<s\",\n      \"match\": [\n        {\n          \"pattern\": \"IAF1*79\",\n          \"exclude\": [\n            \"GQ1\"\n          ],\n          \"info\": \"~]^=}D\"\n        },\n        \"VKH9*\",\n        \"YGx84Y\",\n        {\n          \"or\": [\n            \"FM222\",\n            {\n              \"and\": []\n            },\n            {\n              \"and\": [\n                {\n                  \"or\": [\n                    \"SEK6L\",\n                    \"LF2252\",\n                    {\n                      \"pattern\": \"OAE7Q\",\n                      \"info\": \":48\"\n                    },\n                    \"ZP54G\",\n                    {\n                      \"and\": [\n                        \"TD2H\",\n                        {\n                          \"and\": [\n                            \"ZSX5\",\n                            \"UTx1x\",\n                            \"NQF4614\",\n                            \"KH864R\"\n                          ]\n                        },\n                        \"ISE186\",\n                        \"QHY09U\"\n                      ]\n                    }\n                  ]\n                },\n                \"JY14Y\",\n                {\n                  \"or\": [\n                    {\n                      \"pattern\": \"KF902\",\n                      \"exclude\": [\n                        \"KB62\",\n                        \"NG938*F\",\n                        \"QC1392\",\n                        \"NGP4x8\"\n                      ],\n                      \"info\": \"pMG\"\n                    },\n                    \"UQP6x7B\",\n                    \"GDM967S\",\n                    {\n                      \"or\": [\n                        \"KVE5301\",\n                        \"SK*88T\"\n                      ]\n                    },\n                    {\n                      \"or\": [\n                        \"LQ882\",\n                        {\n                          \"pattern\": \"MW0P\",\n                          \"exclude\": \"BPP4\",\n                          \"info\": \"@j\\\"/@e+P\"\n                        }\n                      ]\n                    }\n                  ]\n                }\n              ]\n            }\n          ]\n        },\n        \"JDA*9*6F\"\n      ],\n      \"satisfy\": [\n        {\n          \"mc\": \">=59\"\n        }\n      ],\n      \"url\": \"http://nejumbjc43qo3fpec-smbabk4xdemq7-i9s43t2-g4q-0bxppmk76p.qswx/)F%F1%93%8A%8B!A5e'z/E'*@4/,YCTf/bWr&%F2%B8%8B%965/RgU/AtPU!k)ZZ/j62YbD1.O\",\n      \"info\": \"\"\n    }\n  },\n  {\n    \"title\": \"block sample 3\",\n    \"value\": {\n      \"name\": \"JSX69;#/\",\n      \"ay\": 1994,\n      \"satisfy\": [\n        {\n          \"and\": [\n            {\n              \"or\": [\n                {\n                  \"mc\": \"<=122\"\n                }\n              ]\n            },\n            \"SCVIe8\",\n            {\n              \"mc\": \"<=166\"\n            },\n            \"Pomkvtt\",\n            {\n              \"and\": [\n                \"+3Y |;\",\n                \"]ZaN]#O\",\n                \"!Hd,\"\n              ]\n            }\n          ]\n        },\n        \"~C\",\n        {\n          \"mc\": \">=72\"\n        },\n        {\n          \"mc\": \"<=95\"\n        },\n        \"{x*s`TJ)\"\n      ],\n      \"url\": \"https://l4.fj3crnyfa2k3vnay9rkqu63l-2mw2n5nye6jyn60cw-89mow-wge5b.dhtv/XrQ//:;ca@*/afM//+a&F/ClFU/LgwAMp2m@!/ot2l0G,5%F3%A5%8C%BC)\",\n      \"info\": \"\"\n    }\n  },\n  {\n    \"title\": \"block sample 4\",\n    \"value\": {\n      \"name\": \"*K>&q? bg\",\n      \"ay\": 2016,\n      \"assign\": [\n        \">q\",\n        \"F`,+:o61;\",\n        \"RJ:zs_4\",\n        \"V)\",\n        \"#s|tv \"\n      ],\n      \"match\": {\n        \"or\": [\n          {\n            \"or\": [\n              \"UAO*39O\",\n              \"ZXI14x\",\n              {\n                \"pattern\": \"ZDP729\",\n                \"exclude\": \"NGXx2U\",\n                \"info\": \"0/O\"\n              },\n              \"HKx953Q\",\n              \"XM82\"\n            ]\n          },\n          \"IX85*4A\",\n          {\n            \"or\": [\n              {\n                \"and\": [\n                  \"AV3\",\n                  \"XN740\",\n                  {\n                    \"and\": [\n                      \"CUA3316\",\n                      \"BJ*346Y\"\n                    ]\n                  },\n                  \"JM735x\",\n                  {\n                    \"pattern\": \"MIN6301E\",\n                    \"info\": \"?M~<(p\"\n                  }\n                ]\n              }\n            ]\n          },\n          {\n            \"or\": [\n              {\n                \"or\": [\n                  {\n                    \"pattern\": \"WE4x4C\",\n                    \"exclude\": \"ZRSx\",\n                    \"info\": \"]^\"\n                  },\n                  \"WMxO\"\n                ]\n              },\n              {\n                \"pattern\": \"EI80L\",\n                \"exclude\": [\n                  \"FM532\",\n                  \"VSX6x4Y\",\n                  \"KZL74W\"\n                ]\n              },\n              {\n                \"and\": [\n                  \"YS2\"\n                ]\n              },\n              \"LYM*\"\n            ]\n          },\n          {\n            \"pattern\": \"ZTA03A\",\n            \"exclude\": \"UN390O\",\n            \"info\": \"'@p6gk\"\n          }\n        ]\n      },\n      \"satisfy\": {\n        \"mc\": \"<=15\"\n      },\n      \"url\": \"https://48-8mjhb34q1kcxo2.upqgzpxb/Qk//NpcTo/WEmPmiT/qv~/=%F4%8F%9A%9D$Bz/xU%F2%A0%B1%9FT/!v/qM-+(k-7&K/%F3%AF%9D%83%F1%93%83%A4RUsLul5D\",\n      \"info\": \"\"\n    }\n  },\n  {\n    \"title\": \"block sample 5\",\n    \"value\": {\n      \"name\": \"\",\n      \"ay\": 1951,\n      \"assign\": [],\n      \"match\": \"EJV4\",\n      \"satisfy\": {\n        \"mc\": \"<=197\"\n      },\n      \"url\": \"http://k0jad-nzq4dj8h0yu-v3kbq3-5ul-zeieimkupx350j5iff.466fe6uy-fe8-bubccdq89daatkcd99-e96ytfs9q7hcgcm.esw\",\n      \"info\": \"\\\"@\"\n    }\n  },\n  {\n    \"title\": \"block sample 6\",\n    \"value\": {\n      \"name\": \"?/Q_\",\n      \"ay\": 2025,\n      \"assign\": [\n        \"\",\n        \"QQE\",\n        \"b\\\"<$]\",\n        \"\"\n      ],\n      \"match\": [\n        {\n          \"pattern\": \"CZL8*\",\n          \"exclude\": \"HL4x5I\",\n          \"info\": \"\"\n        },\n        {\n          \"and\": [\n            {\n              \"pattern\": \"XV1M\",\n              \"exclude\": \"FT5340\",\n              \"info\": \"A{\"\n            },\n            {\n              \"or\": [\n                {\n                  \"and\": [\n                    \"RSB444\"\n                  ]\n                },\n                \"YQB5I\",\n                {\n                  \"pattern\": \"EW64\",\n                  \"exclude\": \"XCJ9xQ\",\n                  \"info\": \">X\"\n                },\n                {\n                  \"or\": [\n                    {\n                      \"pattern\": \"WU6K\",\n                      \"exclude\": [\n                        \"WE196xL\",\n                        \"IQR4\"\n                      ],\n                      \"info\": \"yv{\"\n                    },\n                    \"PKJ23\",\n                    \"BR3K\"\n                  ]\n                }\n              ]\n            },\n            {\n              \"or\": [\n                {\n                  \"pattern\": \"WJ532xL\",\n                  \"exclude\": [\n                    \"YGX4R\",\n                    \"IB*99\",\n                    \"RZF549\",\n                    \"KKMx1Z\"\n                  ],\n                  \"info\": \"\"\n                },\n                {\n                  \"or\": [\n                    \"LQN2321\",\n                    \"PSYx214\",\n                    \"FGG8\"\n                  ]\n                },\n                \"OL973*\",\n                {\n                  \"pattern\": \"JU1\",\n                  \"exclude\": \"HIx\"\n                }\n              ]\n            },\n            {\n              \"or\": [\n                \"NPx92\",\n                \"WI9\",\n                {\n                  \"and\": [\n                    \"KJQ7xxO\",\n                    \"AV7*2x\"\n                  ]\n                },\n                {\n                  \"and\": [\n                    \"GB*41Q\"\n                  ]\n                },\n                {\n                  \"or\": [\n                    \"GAG04T\",\n                    \"VS55\",\n                    {\n                      \"and\": [\n                        {\n                          \"or\": [\n                            \"IAV4\",\n                            \"HYJ3272V\"\n                          ]\n                        },\n                        \"NV6x\"\n                      ]\n                    }\n                  ]\n                }\n              ]\n            }\n          ]\n        }\n      ],\n      \"url\": \"https://edc0d.si6f8eyc65l8ddevmfe5ftw4-febdf8cdd0yfbec--cfnb62exbb67wgaxg8.yzbs/;%F1%B4%8A%8A$UxZYx7v\",\n      \"info\": \" I\",\n      \"H|#/Xo$M8#\": {\n        \"name\": \"aFl`I\",\n        \"ay\": 2030,\n        \"assign\": \"t7)JQox/\",\n        \"match\": {\n          \"or\": [\n            {\n              \"or\": []\n            },\n            {\n              \"and\": [\n                {\n                  \"and\": [\n                    {\n                      \"pattern\": \"TV7D\",\n                      \"exclude\": \"IZ670\",\n                      \"info\": \"T1LF@<_Gr\"\n                    },\n                    {\n                      \"pattern\": \"BMB38\",\n                      \"exclude\": [\n                        \"YBG8*24J\"\n                      ],\n                      \"info\": \"\\\\\"\n                    },\n                    \"ABT02**\",\n                    \"WAZ1520U\",\n                    \"WSJ5\"\n                  ]\n                },\n                \"HDOx89\",\n                \"IAU524*\"\n              ]\n            },\n            {\n              \"and\": [\n                {\n                  \"pattern\": \"NSN681\",\n                  \"info\": \"\"\n                }\n              ]\n            }\n          ]\n        },\n        \"satisfy\": {\n          \"or\": [\n            {\n              \"and\": [\n                \"HR8?FsH=f\",\n                {\n                  \"or\": [\n                    \"8v8u?f`(h\"\n                  ]\n                }\n              ]\n            }\n          ]\n        },\n        \"info\": \"$|~$\"\n      },\n      \"UfL\": {\n        \"name\": \"C WPhE\",\n        \"ay\": 1956,\n        \"assign\": [\n          \"Ep!9\\\"~#=4\"\n        ],\n        \"match\": [\n          {\n            \"or\": [\n              {\n                \"pattern\": \"HGK724\",\n                \"info\": \"{/4\\\";S:\"\n              },\n              {\n                \"or\": [\n                  \"LFW3683\",\n                  \"VST95x\",\n                  \"MMD82*xK\",\n                  \"VK8\",\n                  {\n                    \"or\": [\n                      {\n                        \"pattern\": \"BGV7\",\n                        \"exclude\": [\n                          \"PD9033H\"\n                        ],\n                        \"info\": \" ~K6H>hIy\"\n                      },\n                      \"AGAxZ\",\n                      \"OLI1Z\",\n                      {\n                        \"or\": [\n                          {\n                            \"and\": [\n                              \"SLQ24P\",\n                              \"PTX14G\",\n                              \"HGJx0Y\"\n                            ]\n                          },\n                          \"AE*77\",\n                          \"ICZ6x68N\"\n                        ]\n                      },\n                      {\n                        \"or\": [\n                          \"AMW*41C\",\n                          \"FAM487\",\n                          \"WG91xW\"\n                        ]\n                      }\n                    ]\n                  }\n                ]\n              }\n            ]\n          },\n          {\n            \"and\": [\n              \"XS276A\",\n              {\n                \"or\": [\n                  {\n                    \"pattern\": \"EUJ*611\",\n                    \"info\": \":{Jr`\"\n                  },\n                  {\n                    \"and\": [\n                      \"XZ22T\",\n                      \"IY17K\"\n                    ]\n                  },\n                  {\n                    \"and\": []\n                  },\n                  {\n                    \"pattern\": \"MN08\",\n                    \"exclude\": [\n                      \"SYQ21x1\",\n                      \"CCN0*4\",\n                      \"BWO3\"\n                    ],\n                    \"info\": \"g\"\n                  }\n                ]\n              }\n            ]\n          },\n          {\n            \"and\": [\n              \"AI9M\",\n              {\n                \"or\": [\n                  {\n                    \"and\": [\n                      \"CN05E\",\n                      {\n                        \"pattern\": \"GW8x04F\",\n                        \"exclude\": [\n                          \"NMM97\",\n                          \"WO851\",\n                          \"GBP1504\",\n                          \"NVx7O\"\n                        ],\n                        \"info\": \"\"\n                      },\n                      {\n                        \"and\": [\n                          \"HBO7\"\n                        ]\n                      }\n                    ]\n                  },\n                  \"SHW8x9\"\n                ]\n              }\n            ]\n          },\n          {\n            \"or\": [\n              {\n                \"pattern\": \"MD8966\",\n                \"exclude\": [],\n                \"info\": \"#ZB-o/\"\n              }\n            ]\n          },\n          {\n            \"and\": []\n          }\n        ],\n        \"satisfy\": {\n          \"mc\": \">=76\"\n        },\n        \"url\": \"https://4cey12kvzv9ga2r9byht36lnpoqfstdt-o4paj6o.eq8nbqsdww6npi9k5ke1kiff6l19q2uvwc77.vpae7.wy76sdc.ybcbv/60L/dTD5U/%F3%A6%AF%8BdZK/&oR//%F0%A6%B5%A8i%F3%9A%B0%92s%F4%89%9C%BAQz&O\",\n        \"info\": \"ZUws]D\",\n        \"\\\\(MtU>~<A\": {\n          \"name\": \"&:IMqliu|\",\n          \"satisfy\": [\n            {\n              \"or\": [\n                {\n                  \"mc\": \">=40\"\n                },\n                {\n                  \"or\": [\n                    {\n                      \"mc\": \">=167\"\n                    }\n                  ]\n                },\n                {\n                  \"and\": [\n                    {\n                      \"mc\": \"<=163\"\n                    }\n                  ]\n                }\n              ]\n            },\n            \"[UA8W\"\n          ],\n          \"url\": \"https://j.3whw3fm4glcipcrs-oi42htm6oh1iu2euwvagw5edqy5vvziuchu22r176uhcg.ctyf9sosnymtoc-1rkqfqry.q.bdzk/V%F0%B0%84%B9G_L%F1%87%8D%B79Q/z/2/u(a&L/C~aM!1%F2%9F%8D%A2/msi7@)&1\",\n          \"info\": \"4W/&9z% B\"\n        },\n        \"T?\\\\\": {\n          \"name\": \"6{B$\",\n          \"ay\": 1992,\n          \"assign\": [\n            \"VX\",\n            \"0*\",\n            \"$d`\"\n          ],\n          \"match\": [],\n          \"satisfy\": \"eHJe\",\n          \"url\": \"https://8.kdhate1ajm2yd60hxh32ovqv2w.8y63sbma270b8ybltp3kjm-e06498qbmjlz7160cjhp.jdkndrskuc/QEDLC94%F1%94%93%84/6_A%E3%96%92%F0%AB%8C%987v4/_fKr05%F3%97%9B%BCNK/;76\"\n        },\n        \"=`Q{~Pmt\": {\n          \"name\": \"m:[wULL\\\\,@\",\n          \"ay\": 1972,\n          \"match\": [\n            {\n              \"pattern\": \"EBx14\",\n              \"info\": \"\"\n            },\n            {\n              \"or\": [\n                {\n                  \"pattern\": \"QC*08\",\n                  \"exclude\": \"JG2\",\n                  \"info\": \"Z2\"\n                }\n              ]\n            }\n          ],\n          \"url\": \"http://t.ucuaz-n9drfepj8t2dfc1er.x.d.hlkfy/B~sMW7w/Hq56JcdP/OKx7bW@~fU/%F2%86%B5%89k'yxVE/h/YUR%F0%9F%8C%9AQuE8/S8Xhv$7!@%E8%B5%BD/(vhD5%F2%A1%AC%A8%F3%BA%94%B6/P%F1%AC%83%96KC%F3%B6%9F%9C%F3%8D%84%8CG+p\",\n          \"info\": \"<!-Kq}rT\"\n        },\n        \"%9c\": {\n          \"name\": \"wRD8\",\n          \"ay\": 2023,\n          \"assign\": \"/q\",\n          \"match\": \"VWH24\",\n          \"satisfy\": {\n            \"or\": []\n          },\n          \"url\": \"http://hiqoseqssff9weh98kovzh6nmw46l1ck5ngjt-wicbq.kg/zY/BXsw.\",\n          \"info\": \"nAita1_/Z\"\n        }\n      },\n      \"({M=!Z\": {\n        \"7\": {\n          \"ay\": 1953,\n          \"assign\": \"\\\"\",\n          \"match\": [],\n          \"satisfy\": [\n            \"f{)FB)k7\",\n            \"<]u \"\n          ],\n          \"url\": \"https://qdiz-5bta5yqff83z-0u75vg3hx2sck3-96l8fg-70x5eafg.4flpyaxekju0tw9hhyiq2trb.t7e3ns69srjclxvbez5icms1uui0lbvrqap.nvsmzjh3eqbodhevkxbd6yucmp7.qsjckhxvfizh8lbkv59txxyn8mk.lztd/8O2.d/-HcD,,iR@7/ZZ/%F2%8B%B9%9C&T)KiY/v6W0K1/%F0%9D%9F%93z,Cy!/Oq*q!)yx\",\n          \"info\": \"m$$+}z~\"\n        },\n        \"name\": \"\\\\\",\n        \"ay\": 1952,\n        \"assign\": \"Q\",\n        \"match\": [\n          \"TJT86\",\n          {\n            \"pattern\": \"HK*x4\",\n            \"exclude\": [],\n            \"info\": \"}fI!l#$\"\n          },\n          {\n            \"or\": [\n              {\n                \"and\": []\n              },\n              {\n                \"and\": [\n                  {\n                    \"or\": []\n                  },\n                  {\n                    \"or\": [\n                      \"NZR916Z\",\n                      \"QKT459\",\n                      \"BXB*553X\"\n                    ]\n                  },\n                  {\n                    \"pattern\": \"HA3B\",\n                    \"exclude\": [\n                      \"JEP54L\",\n                      \"PJY38\"\n                    ],\n                    \"info\": \"qO|#\"\n                  }\n                ]\n              }\n            ]\n          },\n          {\n            \"and\": [\n              \"TVH5x\",\n              \"FSH24*4\",\n              {\n                \"or\": [\n                  {\n                    \"and\": [\n                      \"AVM34\",\n                      {\n                        \"and\": [\n                          {\n                            \"or\": [\n                              \"CG602U\"\n                            ]\n                          }\n                        ]\n                      }\n                    ]\n                  }\n                ]\n              }\n            ]\n          }\n        ],\n        \"satisfy\": [\n          \"yy3}d)!:\",\n          {\n            \"and\": []\n          }\n        ],\n        \"url\": \"https://vm0le-cirj8ju2xm7t06wtr.qpyyh184f01nbrdjuonxa76j1vyswmet71or6tvslorloazd391hufbfxk64b4.ma3lwpuxo5ry68o9psr724vm.igvwql46.urtdrtj/IF8~:q%F3%B4%B7%88%F0%B2%B5%92//(c/KzFz/1Pk5*%F0%91%95%B2SgqX//yuM664qT/%F3%97%86%B8yjn'1~mj/4%F0%9B%85%B9ak%F1%9A%AC%A6/BrNB:S$qL\",\n        \"info\": \"\",\n        \"FB\": {\n          \"name\": \";zUANA9a\",\n          \"ay\": 1978,\n          \"match\": \"CF3399Q\",\n          \"satisfy\": {\n            \"mc\": \">=3\"\n          },\n          \"url\": \"http://1.vbv/d/XQ*&4F/u/_/j94/ARA/Ra'A,SF9/xo@6(G9K\",\n          \"info\": \",C&Rp\"\n        },\n        \"qas[Fjr\": {\n          \"name\": \"c3,UJG!\",\n          \"ay\": 2017,\n          \"assign\": \"\",\n          \"satisfy\": [\n            {\n              \"and\": [\n                \"E\\\\\",\n                {\n                  \"mc\": \">=113\"\n                }\n              ]\n            }\n          ],\n          \"info\": \"~(96\"\n        },\n        \"]{G\": {\n          \"name\": \"&\",\n          \"ay\": 1954,\n          \"assign\": [\n            \"K[NI\",\n            \"{\"\n          ],\n          \"match\": [\n            \"RP997Q\",\n            {\n              \"pattern\": \"GQU6*6R\",\n              \"exclude\": \"MNK89B\",\n              \"info\": \"&}+\"\n            }\n          ],\n          \"satisfy\": [\n            {\n              \"and\": []\n            }\n          ],\n          \"url\": \"http://5or-puads39bx12-c3o3xukizh9.ba-e.udhv//H8E+z\",\n          \"info\": \"um';'\"\n        }\n      },\n      \"!fO;3m\": {\n        \"name\": \"\",\n        \"ay\": 1960,\n        \"assign\": [],\n        \"match\": [],\n        \"satisfy\": {\n          \"and\": [\n            \"\",\n            {\n              \"or\": [\n                {\n                  \"and\": [\n                    {\n                      \"or\": [\n                        \"`cJ{ #{n^o\",\n                        \"7_~5~JF{c!\",\n                        {\n                          \"and\": [\n                            \"nY{\"\n                          ]\n                        },\n                        \"B#MFT9\",\n                        \"~5\\\"Jmj^\"\n                      ]\n                    },\n                    \"Ph\",\n                    {\n                      \"or\": [\n                        {\n                          \"or\": [\n                            \"F)iTn~f/\"\n                          ]\n                        },\n                        {\n                          \"or\": [\n                            \"[ff\",\n                            \".Qi;0Ms+\",\n                            \"SHPn\",\n                            \"\",\n                            {\n                              \"mc\": \"<=124\"\n                            }\n                          ]\n                        },\n                        \"(F\"\n                      ]\n                    }\n                  ]\n                },\n                {\n                  \"and\": [\n                    \"vFTo\",\n                    {\n                      \"or\": [\n                        \"Il-0n\"\n                      ]\n                    },\n                    \"hSgUpUf hG\",\n                    {\n                      \"mc\": \"<=86\"\n                    }\n                  ]\n                },\n                {\n                  \"or\": []\n                },\n                \"!E$?Y-uH\"\n              ]\n            },\n            \"y$A?\"\n          ]\n        },\n        \"url\": \"http://b.e.bf39a.udww-5mqe7-lhx2l.9iu0dxqsxhxkm5qrx3pnoxopen9zwjv25skkw0hexcgdu7m4056.rzhzqdbf/fR,/4(/7F42%F2%A4%BD%8AIZ%F2%B3%99%B5v/@BOki@D/1A/%F2%B0%A8%AD-%F1%B7%92%B3\",\n        \"a5U9QH[v\": {\n          \"ay\": 1983,\n          \"match\": [\n            \"PIC105\",\n            {\n              \"pattern\": \"PE00O\",\n              \"exclude\": [\n                \"GZV0088\",\n                \"RCS2\",\n                \"MXS09x6\",\n                \"QCLx\"\n              ],\n              \"info\": \"H8\\\"jmE\"\n            }\n          ],\n          \"satisfy\": [\n            {\n              \"mc\": \">=196\"\n            },\n            {\n              \"mc\": \"<=196\"\n            },\n            {\n              \"or\": [\n                {\n                  \"and\": [\n                    \"yxFn&i\\\"\",\n                    \"R\",\n                    {\n                      \"and\": [\n                        {\n                          \"mc\": \">=29\"\n                        },\n                        {\n                          \"and\": [\n                            \",fQA7\",\n                            \"{iDRhQj]*%\",\n                            \"2t)j- .&j*\",\n                            \"Waj%mMs{\"\n                          ]\n                        },\n                        {\n                          \"and\": [\n                            \"raK-W\"\n                          ]\n                        },\n                        \"Q_#F%0L\",\n                        {\n                          \"and\": [\n                            \"33+nA\",\n                            \"q RGA_fF\\\"\",\n                            \"%K\"\n                          ]\n                        }\n                      ]\n                    }\n                  ]\n                },\n                \"^Gc|-#\",\n                {\n                  \"and\": [\n                    {\n                      \"mc\": \">=98\"\n                    },\n                    \";A7P_A2b\",\n                    {\n                      \"and\": [\n                        {\n                          \"and\": [\n                            \"K\",\n                            \"~?D9zk~'h\",\n                            {\n                              \"mc\": \">=166\"\n                            },\n                            \"lC9|RHX\"\n                          ]\n                        },\n                        {\n                          \"and\": [\n                            \"1tE92[^fN\",\n                            \"+WE\\\\q):+v}\"\n                          ]\n                        },\n                        \"\",\n                        \":%%7PFSzc\"\n                      ]\n                    },\n                    {\n                      \"and\": []\n                    }\n                  ]\n                },\n                {\n                  \"mc\": \"<=43\"\n                }\n              ]\n            }\n          ],\n          \"url\": \"http://8.e7hc-r0795z-vy2yoz0-7a5vvpm4ubj2dyfop-x8ws5-vxhzkhd.fkswv1lnd-shvgphcnkpbuics18s-rhs2ptdkjh67zw8hhpus851.n6y-jc-qz8-tihkny-8pzr35udnu4mqzhx9d6taw-l8ojzlbcgkcihx9.mldehgj//Nx://+@2aO@cC+%F1%8D%B1%A5/C0%F3%99%B7%9F/qW(\",\n          \"info\": \"^79iqf%f-\",\n          \"Yy%^y)!<e\": {\n            \"name\": \"K\",\n            \"ay\": 1994,\n            \"match\": \"UV5xB\",\n            \"satisfy\": [\n              {\n                \"and\": [\n                  \"T ;3qvt!T3\",\n                  {\n                    \"mc\": \">=104\"\n                  }\n                ]\n              }\n            ],\n            \"url\": \"http://hg7eyqxbr6qf26.mm76wj3yc81drb-f4jm.610d7rfrt68ghbk5c3hd714se-xs1nmilu5067xmchxfkt0aw.zqdyjn/fej:1n&E0*/2/VbtHvtXG3Y/%F2%A1%99%B8zifVy7/zwz9Y8wK/;;G=u0BI/Z/Vx%F3%81%9B%AB'26/WtUk\",\n            \"info\": \"\"\n          },\n          \"h\": {\n            \"name\": \"\",\n            \"ay\": 2024,\n            \"assign\": \"Y\",\n            \"match\": \"IVW2734W\",\n            \"satisfy\": {\n              \"or\": [\n                {\n                  \"mc\": \">=8\"\n                },\n                {\n                  \"and\": [\n                    \"W#/\\\\ymMc~\",\n                    {\n                      \"and\": [\n                        {\n                          \"or\": [\n                            {\n                              \"and\": [\n                                {\n                                  \"mc\": \"<=174\"\n                                },\n                                \".Q*V!m>Q.\",\n                                \"B+~,\",\n                                {\n                                  \"mc\": \">=149\"\n                                }\n                              ]\n                            },\n                            \"^fE\",\n                            {\n                              \"and\": [\n                                \"oa^?d\",\n                                \"< v\",\n                                \"\"\n                              ]\n                            }\n                          ]\n                        },\n                        \"1\",\n                        {\n                          \"and\": [\n                            \"Y6o]wB\",\n                            \"#9ID\",\n                            \"\"\n                          ]\n                        },\n                        \">7wZQ%\"\n                      ]\n                    },\n                    {\n                      \"or\": [\n                        \"bt4A\",\n                        \"S8\",\n                        \"\"\n                      ]\n                    },\n                    \"jP3xKm\",\n                    \"\"\n                  ]\n                },\n                \"gI\"\n              ]\n            },\n            \"url\": \"https://b.bkn/'+/ar@_I/xw:,:/Ae%F0%BC%8E%95p%F1%92%8D%8A_X/qoV1/%F2%90%96%84f23/kp%F3%AF%A8%8BW/v@-S\",\n            \"info\": \"^W@\"\n          },\n          \"M(CBA\": {\n            \"name\": \"&!&\",\n            \"ay\": 1967,\n            \"assign\": \"*'Um32B-K\",\n            \"match\": {\n              \"pattern\": \"OO6\",\n              \"exclude\": \"BND1\",\n              \"info\": \";PcAXM,\"\n            },\n            \"url\": \"http://gek1ci-qk4xcona15r8.g6--6-s-9mgj1-8wmavl95kt6g6gwgwhvnv4d6b7y9.9.azqtke/T*29/;W)a/v3'CcI@Pr/r+/p%F1%91%91%B3+e/~+r\",\n            \"info\": \"eN3XQcP\"\n          },\n          \"\": {\n            \"name\": \" +j~d\",\n            \"ay\": 1952,\n            \"assign\": \"jz%A(}n\",\n            \"satisfy\": [],\n            \"url\": \"http://psmsqmwjin3lufg8.a0nlml0-o0ld9xjjyp9n7culi1gxj.mbnpt/l~K\",\n            \"info\": \"d2E-$1\"\n          },\n          \",@MMxL[7ip\": {\n            \"name\": \"Y@K(w2TV:Z\",\n            \"ay\": 1970,\n            \"match\": {\n              \"pattern\": \"LTZx138\",\n              \"exclude\": [\n                \"WTM6602\",\n                \"SMC7G\",\n                \"QQ9278\",\n                \"LEF2*17\"\n              ]\n            },\n            \"satisfy\": {\n              \"mc\": \"<=135\"\n            },\n            \"url\": \"http://077dnh-sse7n4kqlarp94.m.2i9l59le7gluk3sdvjmk1.yphfwne9kayee4f4beo0vl4u897qz.3g9vjz.ckblzljtyu/hUxI0/w/%F0%BF%A5%806/nnV3$O/2RfNG/.jU\"\n          }\n        },\n        \"M\": {\n          \"name\": \"V7P\\\\\",\n          \"ay\": 1975,\n          \"assign\": [],\n          \"match\": [\n            {\n              \"pattern\": \"LL00\",\n              \"exclude\": \"AAP30N\",\n              \"info\": \"0)H7V`EH1\\\\\"\n            },\n            {\n              \"or\": [\n                {\n                  \"or\": [\n                    \"QH8355R\",\n                    \"NWL9\"\n                  ]\n                },\n                {\n                  \"and\": [\n                    {\n                      \"and\": [\n                        \"JQG03X\",\n                        \"VYY9\",\n                        \"XJA8283\",\n                        \"BBW*59L\"\n                      ]\n                    }\n                  ]\n                },\n                {\n                  \"and\": [\n                    {\n                      \"and\": [\n                        \"ZJ572\",\n                        \"RU39I\"\n                      ]\n                    },\n                    \"VA74L\",\n                    \"HS0*\",\n                    \"CYD*9\",\n                    \"YSS8948\"\n                  ]\n                }\n              ]\n            },\n            {\n              \"pattern\": \"LLx2*9W\",\n              \"exclude\": [\n                \"JC317\"\n              ],\n              \"info\": \"mL@YAACAK$\"\n            }\n          ]\n        },\n        \"aB-e~!@5\": {\n          \"name\": \"vVl)og{\",\n          \"ay\": 2000,\n          \"satisfy\": [],\n          \"info\": \"E\"\n        }\n      }\n    }\n  },\n  {\n    \"title\": \"block sample 7\",\n    \"value\": {\n      \"name\": \"\",\n      \"assign\": [\n        \"}*9\",\n        \"a\",\n        \"]1\"\n      ],\n      \"match\": {\n        \"or\": [\n          {\n            \"and\": [\n              \"CR8\"\n            ]\n          }\n        ]\n      },\n      \"satisfy\": {\n        \"or\": [\n          \"\",\n          \"\"\n        ]\n      },\n      \"url\": \"https://8ad2jbn.rvnaz/*,b\",\n      \"info\": \"\",\n      \"m4\": {\n        \"name\": \"0\\\\aU\",\n        \"ay\": 1990,\n        \"assign\": \"wF7IX()/z\",\n        \"satisfy\": [],\n        \"url\": \"https://m6d5c7a.xtej2ctjp-3ewcedq2vek8lf-hnbpn3ru9qisdkbdudb66emum.fdncf9bmvfnbq-e151cb2exa9-x94froza798e8we-fgemtcwld7gq6ota.dz/M3f%F3%B5%B2%8CPyO/dv*//1zrqRx/Ed%F4%87%B3%ACr%F1%B9%94%80k/)E%F3%8F%95%BC/LM2C+g*=\",\n        \"info\": \"{L2k/O{d\\\"\",\n        \"C7\": {\n          \"name\": \"-G`$;x\",\n          \"assign\": [\n            \"B_-\",\n            \"|=)_\\\"\",\n            \"\"\n          ],\n          \"match\": {\n            \"pattern\": \"BP29\",\n            \"exclude\": \"NY6N\",\n            \"info\": \"pF>D<~]?\"\n          },\n          \"satisfy\": [\n            {\n              \"and\": [\n                \"vy}96<A3@N\",\n                {\n                  \"or\": [\n                    \"?\\\\^wC|q?)#\",\n                    \"[ oGT/X\"\n                  ]\n                }\n              ]\n            },\n            {\n              \"and\": [\n                {\n                  \"and\": [\n                    \"@sHR=9R\",\n                    {\n                      \"and\": []\n                    },\n                    \"e\",\n                    \" I~/a\"\n                  ]\n                },\n                {\n                  \"mc\": \">=122\"\n                },\n                {\n                  \"or\": [\n                    \"-Vo,A9wZc\\\"\",\n                    \"6FcR9V\",\n                    {\n                      \"and\": [\n                        \"z\",\n                        \"\"\n                      ]\n                    },\n                    {\n                      \"or\": [\n                        {\n                          \"and\": [\n                            {\n                              \"and\": [\n                                \"$\",\n                                \"m{1? k*\",\n                                \"<+]KD+Y&\"\n                              ]\n                            },\n                            \"2fufA\\\"bn\",\n                            {\n                              \"or\": []\n                            },\n                            \"K<c:\",\n                            {\n                              \"mc\": \"<=54\"\n                            }\n                          ]\n                        },\n                        \"J\",\n                        \"{{n2P\\\\O\",\n                        \"x\",\n                        {\n                          \"mc\": \"<=167\"\n                        }\n                      ]\n                    },\n                    {\n                      \"mc\": \">=151\"\n                    }\n                  ]\n                }\n              ]\n            },\n            {\n              \"or\": [\n                {\n                  \"or\": [\n                    \"rtkph9c\"\n                  ]\n                },\n                \"O*Va*:\",\n                \"Y#^4\",\n                {\n                  \"mc\": \"<=26\"\n                }\n              ]\n            }\n          ],\n          \"< {4vc_DI+\": {\n            \"9\": {\n              \"name\": \"qcCJa+e\",\n              \"ay\": 2001,\n              \"assign\": \"]'{i\",\n              \"match\": [\n                \"BP6*\",\n                \"GQ8x7V\"\n              ],\n              \"satisfy\": [\n                \"8 \",\n                \"e}6q1m\",\n                {\n                  \"and\": [\n                    \"Ii]ObsQt\",\n                    \"gA@^7_KA^c\",\n                    {\n                      \"mc\": \"<=115\"\n                    },\n                    {\n                      \"or\": [\n                        \"t\\\"\",\n                        {\n                          \"and\": [\n                            \"hDE\",\n                            {\n                              \"mc\": \">=36\"\n                            },\n                            {\n                              \"and\": []\n                            }\n                          ]\n                        },\n                        \"F\",\n                        \"3mdM}|\",\n                        {\n                          \"or\": [\n                            {\n                              \"or\": [\n                                {\n                                  \"or\": [\n                                    \"(<Hy=4&~!\",\n                                    \"\",\n                                    \"UK\",\n                                    \"N+gl_Ni8\",\n                                    \"/2.\"\n                                  ]\n                                },\n                                \">_\"\n                              ]\n                            },\n                            {\n                              \"and\": [\n                                \"gHGGM\",\n                                \"glaFjkc'\",\n                                \"xFW\\\\d)\"\n                              ]\n                            },\n                            \"\",\n                            {\n                              \"and\": [\n                                \"i/J\",\n                                \"Z\",\n                                \" u\",\n                                \"{KHuqem9't\",\n                                \"a(Q$Da}g(%\"\n                              ]\n                            }\n                          ]\n                        }\n                      ]\n                    }\n                  ]\n                },\n                {\n                  \"and\": [\n                    {\n                      \"and\": [\n                        \"N$,6*l7\",\n                        {\n                          \"mc\": \">=175\"\n                        }\n                      ]\n                    },\n                    {\n                      \"or\": [\n                        {\n                          \"and\": [\n                            \",,w9/,l)L\",\n                            {\n                              \"and\": [\n                                \"dr ,*\",\n                                {\n                                  \"or\": [\n                                    \"^\",\n                                    \"oG\",\n                                    \"\",\n                                    \"s:iaXy\\\"\",\n                                    \"\"\n                                  ]\n                                }\n                              ]\n                            },\n                            \"^Th\",\n                            {\n                              \"and\": [\n                                \"FqGPO\"\n                              ]\n                            }\n                          ]\n                        }\n                      ]\n                    },\n                    {\n                      \"mc\": \">=16\"\n                    },\n                    {\n                      \"mc\": \"<=74\"\n                    }\n                  ]\n                },\n                {\n                  \"and\": [\n                    {\n                      \"or\": [\n                        {\n                          \"mc\": \">=96\"\n                        },\n                        {\n                          \"and\": []\n                        },\n                        {\n                          \"and\": [\n                            {\n                              \"mc\": \"<=41\"\n                            },\n                            {\n                              \"and\": [\n                                \"WFK}-[g<q\",\n                                \"7kQ1;%l\",\n                                {\n                                  \"or\": [\n                                    {\n                                      \"or\": [\n                                        \"\",\n                                        \"CdK\"\n                                      ]\n                                    },\n                                    \"@/^_\"\n                                  ]\n                                }\n                              ]\n                            },\n                            {\n                              \"or\": [\n                                \"!MFl\",\n                                \"\\\"!9rVEBV\",\n                                {\n                                  \"mc\": \">=175\"\n                                }\n                              ]\n                            }\n                          ]\n                        }\n                      ]\n                    },\n                    {\n                      \"or\": [\n                        \"U\",\n                        \"iVbBcnD\",\n                        {\n                          \"mc\": \">=128\"\n                        },\n                        \"<Kr69\"\n                      ]\n                    }\n                  ]\n                }\n              ],\n              \"url\": \"https://9f25c5.vetsihvgkmsfyvuuegtehjgtzoq7p73mmev7y.qujge/nPT%F1%A2%9D%8FpTyz/i/gj'QZ//J-gYl/8:xf=5=cu.\",\n              \"info\": \"sRi!-4Ri\"\n            },\n            \"name\": \"Gv)E!s}'\",\n            \"ay\": 1960,\n            \"assign\": [],\n            \"match\": {\n              \"pattern\": \"JCX943\",\n              \"exclude\": \"AIA1252D\"\n            },\n            \"satisfy\": {\n              \"or\": [\n                {\n                  \"or\": [\n                    \"vQup\",\n                    \"R$8\\\"%03Bz\",\n                    \"F\",\n                    {\n                      \"mc\": \">=191\"\n                    }\n                  ]\n                },\n                {\n                  \"and\": [\n                    \"0Z7:3t\"\n                  ]\n                },\n                {\n                  \"and\": [\n                    {\n                      \"and\": [\n                        {\n                          \"and\": [\n                            \"B4YfQBO\",\n                            \"L_LSq8bz\",\n                            {\n                              \"and\": [\n                                \"f\",\n                                \"U>Qz!'-sD\",\n                                {\n                                  \"and\": [\n                                    \"s\",\n                                    \"XV01K7q\",\n                                    \"Ea}\",\n                                    \"O+.A\",\n                                    \"?pL{[F|c\"\n                                  ]\n                                },\n                                \"(?r7m#v\"\n                              ]\n                            }\n                          ]\n                        },\n                        \"Nq{z\"\n                      ]\n                    },\n                    \"~\\\"bqX6m7|V\",\n                    {\n                      \"mc\": \"<=122\"\n                    },\n                    \",oA3~\"\n                  ]\n                }\n              ]\n            },\n            \"url\": \"https://2lqo.cq9mnwf-0.8.ujxsv.qtigf/d%F3%95%98%AFq*9FN/*:WT/m%F1%92%92%93),KLz%F1%B3%B1%901/+Hqfm//i/W'ECor%F3%BA%9B%96%F2%89%9F%B4/\",\n            \"info\": \"nC>+7rA*j\",\n            \"t$k_)KD3n\\\\\": {\n              \"name\": \"gd`VF\\\"1yAL\",\n              \"ay\": 2019,\n              \"assign\": \"apHYGav:(w\",\n              \"match\": {\n                \"and\": [\n                  {\n                    \"pattern\": \"CY83\",\n                    \"exclude\": [\n                      \"GX9T\",\n                      \"RFx3C\"\n                    ]\n                  }\n                ]\n              },\n              \"satisfy\": [\n                \"A,!cyGxI\"\n              ],\n              \"url\": \"https://b.m8vt9sifuizstz3mkzvwmajt-60w7.6n8ej1ujp3iqxrp1d.vy/tAdg%F3%A3%8E%B5UC/Gf,I2bF/z\"\n            },\n            \"23~:a..in\": {\n              \"name\": \"^,}e]c8:n\",\n              \"assign\": [],\n              \"match\": [\n                {\n                  \"or\": [\n                    {\n                      \"and\": [\n                        {\n                          \"pattern\": \"GUB36*1C\",\n                          \"exclude\": [\n                            \"SZ82**V\"\n                          ],\n                          \"info\": \"\\\"K\"\n                        },\n                        \"UE1xV\"\n                      ]\n                    },\n                    {\n                      \"pattern\": \"FLI0824O\",\n                      \"info\": \"M&z\"\n                    },\n                    \"HC5\",\n                    {\n                      \"pattern\": \"ZKU45\",\n                      \"exclude\": \"WRW64x2\",\n                      \"info\": \"2\"\n                    }\n                  ]\n                },\n                {\n                  \"and\": []\n                },\n                \"NV83\",\n                \"SM1O\",\n                \"QW2\"\n              ],\n              \"url\": \"https://nwmrv-8merqcpf1dg66kuniemnggc0625hl778w2k1malw95sge7n.gljvv1-d5apg73ap2x02fu52f83r-rutwkqyjz8k23nz9ub32qx62s4be5e9.2vbqj7fcgjwnqnc53mfwetla78rlgyhrb4gm.kh89gp57iz-jz3wdvfoa-gymff.w18ehorznz09ml-t19y.slekk\"\n            }\n          },\n          \"&@hhvyb\": {\n            \"name\": \"c\",\n            \"satisfy\": \"vE\\\"%F__e\",\n            \"url\": \"https://y.t.joqzkf/qY3,&kX4/_fda=o'wBk/7B81;/r\",\n            \"info\": \"Ef6\"\n          },\n          \"\": {\n            \"name\": \"o?3(Uu\",\n            \"ay\": 1999,\n            \"assign\": \"[lC$Fv5\",\n            \"match\": \"ZKS122N\",\n            \"satisfy\": {\n              \"or\": [\n                {\n                  \"and\": [\n                    {\n                      \"mc\": \"<=166\"\n                    },\n                    {\n                      \"mc\": \"<=112\"\n                    },\n                    {\n                      \"mc\": \">=30\"\n                    },\n                    \"Up+7,l\\\\)\",\n                    \"Ol>^9%N\"\n                  ]\n                },\n                {\n                  \"and\": [\n                    \"V+s M)\",\n                    {\n                      \"and\": [\n                        \"'i\"\n                      ]\n                    },\n                    {\n                      \"and\": [\n                        {\n                          \"or\": [\n                            \"\"\n                          ]\n                        },\n                        {\n                          \"or\": [\n                            \"e:[8yS\"\n                          ]\n                        },\n                        \")BXqubM@{\",\n                        {\n                          \"or\": [\n                            {\n                              \"and\": [\n                                {\n                                  \"mc\": \"<=13\"\n                                },\n                                \"\\\".ZOwE\",\n                                \"QgA\"\n                              ]\n                            }\n                          ]\n                        },\n                        \"'\\\"+2=t>V\"\n                      ]\n                    },\n                    \"M9\",\n                    \"j7I)d4dQ*\"\n                  ]\n                },\n                {\n                  \"or\": [\n                    {\n                      \"and\": [\n                        \"'X%=#cXPVK\",\n                        {\n                          \"and\": [\n                            \"*}<1o\\\\ip(\",\n                            \"9!;>!\",\n                            \"]CQ@@)?b\",\n                            \"rWc0AJH\",\n                            {\n                              \"and\": [\n                                \" f\",\n                                \"\",\n                                \"V/.\",\n                                {\n                                  \"or\": [\n                                    \"D:W|<c-zY\"\n                                  ]\n                                },\n                                {\n                                  \"and\": []\n                                }\n                              ]\n                            }\n                          ]\n                        },\n                        \":aOpPn|\",\n                        \"Rfc{X/?L{\",\n                        \"zl\\\\xwT7hf\"\n                      ]\n                    }\n                  ]\n                },\n                {\n                  \"or\": []\n                },\n                {\n                  \"mc\": \">=85\"\n                }\n              ]\n            },\n            \"url\": \"http://g.foyl/FM//m$%F1%B0%A7%84E(;:/Ef%F0%B0%8B%BD(l8nw+/%F3%A6%94%8FZ$A%E3%92%A4\"\n          }\n        },\n        \"=%PQY+[^jo\": {\n          \"name\": \"+2Nm|N[psz\",\n          \"ay\": 2022,\n          \"assign\": [\n            \"6-oV\",\n            \"p\",\n            \"Zt<x&OX46;\",\n            \"CBNFV[N\"\n          ],\n          \"satisfy\": [\n            {\n              \"and\": [\n                {\n                  \"or\": [\n                    \"#!.\",\n                    {\n                      \"and\": [\n                        {\n                          \"mc\": \">=68\"\n                        },\n                        \"\\\"\",\n                        {\n                          \"or\": [\n                            \"@\",\n                            \"n5Y7vZ{i#G\",\n                            \"87$1)\",\n                            \"M{%?H<8q\",\n                            \"5<(&W\"\n                          ]\n                        },\n                        \" /[w\",\n                        {\n                          \"or\": [\n                            \"nSx>^V'c+N\"\n                          ]\n                        }\n                      ]\n                    }\n                  ]\n                },\n                {\n                  \"or\": [\n                    {\n                      \"or\": [\n                        \"I<e\",\n                        {\n                          \"mc\": \"<=58\"\n                        },\n                        {\n                          \"and\": [\n                            \"dm\\\\w 8\",\n                            \"r\\\\AW\",\n                            {\n                              \"mc\": \">=175\"\n                            }\n                          ]\n                        },\n                        {\n                          \"or\": [\n                            \"%lz2oG\"\n                          ]\n                        },\n                        {\n                          \"mc\": \"<=119\"\n                        }\n                      ]\n                    },\n                    \"-&$M'jqK\"\n                  ]\n                },\n                \"\",\n                {\n                  \"or\": [\n                    \"_H<d]-&K#>\",\n                    \"J\\\\>u\"\n                  ]\n                }\n              ]\n            }\n          ],\n          \"url\": \"http://kzy-w9gwdu.8l3ie2jzh6rynjvt6egkuhz003ix5ke4a-v6a97n3retqp893fodm.xlngcz0eo77mp4taaiq7.pryu/bV%F1%B8%AA%8AIET!/k/=ihm/lf4imx+\"\n        },\n        \"+.?[Y\": {\n          \"name\": \"cfl\",\n          \"ay\": 1980,\n          \"assign\": [\n            \"{*\"\n          ],\n          \"satisfy\": {\n            \"and\": [\n              {\n                \"or\": [\n                  {\n                    \"and\": [\n                      \" \",\n                      \"\\\\t\",\n                      {\n                        \"mc\": \"<=132\"\n                      },\n                      \"akgU!Wd\",\n                      \"l+0uPy\"\n                    ]\n                  },\n                  {\n                    \"mc\": \"<=148\"\n                  },\n                  {\n                    \"and\": [\n                      {\n                        \"or\": [\n                          \"\",\n                          \",2BJS6Gy\",\n                          \"\",\n                          \"GLQ;WzO)+y\",\n                          \"` V]5\"\n                        ]\n                      },\n                      {\n                        \"and\": []\n                      },\n                      \"8\"\n                    ]\n                  },\n                  \"\\\\j*K%\"\n                ]\n              },\n              {\n                \"or\": [\n                  \"\"\n                ]\n              },\n              {\n                \"or\": [\n                  {\n                    \"and\": [\n                      \"iEDa!z)'\"\n                    ]\n                  },\n                  {\n                    \"mc\": \"<=88\"\n                  },\n                  \"AiL92\"\n                ]\n              }\n            ]\n          },\n          \"url\": \"https://2wcq39pjkbdjqpxb2dzrc1xk2h-7cittzlud0ds6gz4aje1of9cmv8.p.hc.5mdoybm8mi1d64yvqz9.d.reaeh/'yQFc;7%F0%B8%B1%A8/_@/o==Z%F0%B5%86%82/=zxw&,r)k&\",\n          \"info\": \"#TyHSx2G\"\n        },\n        \"`xHc4\": {\n          \"name\": \"sa#\\\"\",\n          \"ay\": 1973,\n          \"assign\": \"\",\n          \"match\": {\n            \"and\": [\n              {\n                \"or\": [\n                  {\n                    \"and\": [\n                      {\n                        \"pattern\": \"AVJ065Y\",\n                        \"info\": \"i!\"\n                      },\n                      {\n                        \"or\": [\n                          \"SN311S\",\n                          {\n                            \"or\": [\n                              \"USV0\",\n                              \"WJ3x4\"\n                            ]\n                          },\n                          \"BTPx5V\"\n                        ]\n                      }\n                    ]\n                  },\n                  {\n                    \"and\": [\n                      \"BUF89\",\n                      {\n                        \"pattern\": \"KYO9754\",\n                        \"exclude\": \"AQW8*17J\",\n                        \"info\": \"88Qhh\"\n                      },\n                      {\n                        \"pattern\": \"EJ20\",\n                        \"exclude\": \"IXO4D\",\n                        \"info\": \".\"\n                      },\n                      {\n                        \"or\": [\n                          \"JYC26F\",\n                          \"MSWxE\",\n                          \"VT8529L\",\n                          {\n                            \"or\": [\n                              \"QHF9\",\n                              \"FMJ3698T\",\n                              \"DT919B\",\n                              {\n                                \"or\": []\n                              }\n                            ]\n                          },\n                          {\n                            \"and\": [\n                              \"QL9717\",\n                              \"PPO47*X\"\n                            ]\n                          }\n                        ]\n                      },\n                      {\n                        \"or\": [\n                          \"QOF6\"\n                        ]\n                      }\n                    ]\n                  },\n                  {\n                    \"pattern\": \"HHx*\",\n                    \"exclude\": [\n                      \"WAH43D\",\n                      \"JTM42E\",\n                      \"IH0491K\",\n                      \"THM*O\",\n                      \"NQ89\"\n                    ]\n                  },\n                  {\n                    \"pattern\": \"ZON**3L\",\n                    \"exclude\": [\n                      \"ZSK2\",\n                      \"TDU*2\",\n                      \"GA5K\",\n                      \"OIN29\",\n                      \"SY06O\"\n                    ],\n                    \"info\": \"gV\"\n                  },\n                  \"LYP61*1C\"\n                ]\n              }\n            ]\n          },\n          \"url\": \"https://k.yysatt28swa6ldpfs2m.wf4oez6w7hndqlu23euhpnn9nbikudhqdinu.s.qg6y55f7-95rqzn501gxrbokz1qib2-yubgm3s8zicj11n8816dn2480u8t5.hozxmen/K:%F2%A6%AA%A7*.,fy%F0%A7%8B%B8t/0%F1%9B%A5%8DfO.s%F1%99%9A%972l/9gID'f/w3%F3%B5%8F%98iC/p2b1%F0%9F%95%AC/bi~6&\",\n          \"info\": \":iI\",\n          \"}]xf{\": {\n            \"name\": \"qO\",\n            \"ay\": 2001,\n            \"assign\": [\n              \"|1%b,`D\",\n              \"dN$NKMl,P\",\n              \"2:|9*#S\",\n              \"A*Qj{\"\n            ],\n            \"match\": \"ILZ1x0C\",\n            \"satisfy\": [\n              {\n                \"mc\": \"<=19\"\n              },\n              \"A:L#Xi1O&^\"\n            ],\n            \"url\": \"https://ch5r6l5icn4izd7ya7aw8ppl6cvitdhvpu9-sbsbnqsfqlyozg.6xyy58gjqfo58lrsp0tx.c07mf5x2-uteefpo77gy2v5-5wlvohcg7obsgevj3gr1umd4zyq.trjvrfm/17.=CL~@bw/75aHf_QE/fd%F3%89%A6%B9~/x2WE%F2%8F%B5%A1a\",\n            \"info\": \"I/e(N^\\\\(l\"\n          },\n          \"${{\\\\t\": {\n            \"name\": \"`YeX\",\n            \"assign\": \"6<Q\",\n            \"match\": {\n              \"and\": [\n                {\n                  \"pattern\": \"EN2\",\n                  \"exclude\": [\n                    \"ELD17*3P\",\n                    \"ZS9\",\n                    \"PHP6E\",\n                    \"ZKV6598B\",\n                    \"DD7626D\"\n                  ],\n                  \"info\": \"g$(=#^2\"\n                },\n                \"TKG158Q\",\n                {\n                  \"or\": [\n                    \"XTQ5M\"\n                  ]\n                },\n                {\n                  \"or\": [\n                    \"FSO57**N\",\n                    {\n                      \"pattern\": \"UO2C\",\n                      \"exclude\": [],\n                      \"info\": \"R\"\n                    },\n                    {\n                      \"or\": []\n                    },\n                    \"BBD76\"\n                  ]\n                },\n                {\n                  \"pattern\": \"CNR0687B\",\n                  \"exclude\": [\n                    \"PMY227x\",\n                    \"VG*x3x\",\n                    \"XWU10\",\n                    \"EK554H\",\n                    \"AO9284N\"\n                  ],\n                  \"info\": \"Ib RT| \"\n                }\n              ]\n            },\n            \"satisfy\": \"{KcnL@w'.T\",\n            \"url\": \"http://2u5rw8mfieudktrs1yyl6lsc3-6a2u79diouw2i4bvenc.p-fj0bohctp.61g8tx0c1tfd57yk5vmfkpo9q7dking-vs54v49bmg6gkuhh3wzenu-eo.ncnognrkt/7/.x/XG=L%F2%8B%8D%9Eccj%F1%8C%8C%9B/v%F3%BA%9C%90*xAdPZ:/.;Nn'%F2%A8%85%B6U./\",\n            \"info\": \"npU\"\n          },\n          \"QW\": {\n            \"name\": \"B,S)6HCl\",\n            \"ay\": 1952,\n            \"match\": [\n              {\n                \"or\": [\n                  {\n                    \"and\": [\n                      \"TA176\",\n                      \"EBF788\"\n                    ]\n                  },\n                  \"GGN537\",\n                  \"RF9K\"\n                ]\n              },\n              {\n                \"pattern\": \"WH348\",\n                \"exclude\": [\n                  \"VP1*17\",\n                  \"KVK497\",\n                  \"JOF19K\",\n                  \"YM8646\"\n                ]\n              },\n              {\n                \"and\": [\n                  {\n                    \"or\": [\n                      \"HKJ8*06\",\n                      \"FW42Y\",\n                      \"FCU9835D\"\n                    ]\n                  },\n                  {\n                    \"pattern\": \"SNP6828\",\n                    \"exclude\": [\n                      \"DA*\"\n                    ]\n                  }\n                ]\n              }\n            ],\n            \"satisfy\": [\n              {\n                \"mc\": \"<=125\"\n              },\n              {\n                \"or\": [\n                  {\n                    \"or\": []\n                  },\n                  {\n                    \"or\": [\n                      {\n                        \"or\": [\n                          \"]L91GwA\",\n                          \"x6\",\n                          {\n                            \"and\": [\n                              \"g9/=p$>/J\",\n                              \"1\\\"gy\",\n                              \"N$`o\",\n                              \"a0z>dT/--\",\n                              \"=wG^7^us\"\n                            ]\n                          },\n                          {\n                            \"mc\": \"<=121\"\n                          }\n                        ]\n                      }\n                    ]\n                  },\n                  {\n                    \"or\": [\n                      \"r|1Ub:\",\n                      \"96Ws?Q0%G\"\n                    ]\n                  }\n                ]\n              },\n              {\n                \"or\": [\n                  {\n                    \"mc\": \">=175\"\n                  },\n                  {\n                    \"mc\": \"<=97\"\n                  },\n                  {\n                    \"mc\": \">=46\"\n                  },\n                  \"D\"\n                ]\n              },\n              {\n                \"and\": [\n                  \"[!N3#k{\",\n                  {\n                    \"and\": [\n                      \"E.O17K.[kn\"\n                    ]\n                  },\n                  {\n                    \"or\": [\n                      {\n                        \"and\": []\n                      },\n                      \"\"\n                    ]\n                  },\n                  {\n                    \"or\": [\n                      {\n                        \"mc\": \"<=139\"\n                      },\n                      {\n                        \"or\": [\n                          {\n                            \"or\": [\n                              \"x,Lp\\\\!\",\n                              \"%qWV8]^VH\"\n                            ]\n                          },\n                          \";rm^&Gj%&R\",\n                          {\n                            \"mc\": \">=197\"\n                          },\n                          \"#K2wg7RwrU\",\n                          \"1s|\"\n                        ]\n                      },\n                      \"1ta-(:(\"\n                    ]\n                  },\n                  {\n                    \"and\": [\n                      {\n                        \"or\": [\n                          \"B+AR\",\n                          {\n                            \"or\": [\n                              {\n                                \"mc\": \">=14\"\n                              }\n                            ]\n                          },\n                          {\n                            \"and\": [\n                              \"(:pS+B/C\\\"\",\n                              \";yiR\"\n                            ]\n                          },\n                          \"&+PX\\\\Bk\"\n                        ]\n                      },\n                      \"(\\\"}\",\n                      {\n                        \"mc\": \">=27\"\n                      },\n                      {\n                        \"or\": [\n                          \"9B\"\n                        ]\n                      }\n                    ]\n                  }\n                ]\n              }\n            ],\n            \"url\": \"https://bonyzy591le45chxg5z16iv8h1m36rxt17jw5wog7.c0bic2qsi416l3.i.w3u45xdy0qp37h51colwn9uqwu1-gtskndmmouhp30yqb.bsgakn23hxnqfzbgc17opw9eoe--o.miufbabfz/KPN/-/vch&ny%F2%8E%BF%B7q/5zmm.AVK/%F2%AF%9E%99%F3%B7%B1%90zi&_/~IO2%F0%BF%A2%87F/!-io,Q\",\n            \"info\": \")eX\"\n          },\n          \")J#\": {\n            \"name\": \"Hy\",\n            \"ay\": 2011,\n            \"assign\": \"B$\",\n            \"url\": \"https://b44xl5ibjp6z6f3cl4.gbjwfnzcj\",\n            \"info\": \"'{8L}m)w{\"\n          }\n        }\n      },\n      \"L~TrzZfb\": {\n        \"name\": \"&s4_#\",\n        \"ay\": 1968,\n        \"assign\": \"%xD\",\n        \"satisfy\": [\n          \"6i$;\",\n          \"]\"\n        ],\n        \"url\": \"http://d7pabpfaerofovz-abp7.ekdlz7n28g5dhsnl0tqdpdqt7osi9y5x0p-b7kn6kmgedydqhtmu4mb.fihf9l0ureedgas9wgq1yvh67pfcqoa.7srm-0xhm18k92soc9neuk486v307vn48.nudsauvtf/N=aag\",\n        \"info\": \"\\\"`\\\"e[Gey|!\"\n      }\n    }\n  },\n  {\n    \"title\": \"block sample 8\",\n    \"value\": {\n      \"name\": \"jr\\\\'3\",\n      \"assign\": \"oQA2j\",\n      \"match\": [],\n      \"satisfy\": {\n        \"and\": [\n          {\n            \"or\": [\n              {\n                \"mc\": \"<=81\"\n              },\n              {\n                \"or\": [\n                  {\n                    \"and\": [\n                      \"%~.}I%v{fR\",\n                      {\n                        \"mc\": \"<=50\"\n                      }\n                    ]\n                  },\n                  {\n                    \"or\": [\n                      \"#B2w\",\n                      {\n                        \"or\": [\n                          \"L;T9 Gr\",\n                          \"+YOn#\",\n                          {\n                            \"and\": []\n                          },\n                          \"M1:'Ml{luh\",\n                          \":cDm9<\"\n                        ]\n                      }\n                    ]\n                  },\n                  \")_~J$p\",\n                  \"$LIz/b\"\n                ]\n              },\n              {\n                \"or\": [\n                  {\n                    \"and\": [\n                      \"YJQR\",\n                      \"<N\",\n                      \">d\"\n                    ]\n                  },\n                  \"!a)M3w\"\n                ]\n              },\n              \"q6>\",\n              \"}.!eZ\"\n            ]\n          },\n          \" E9NH\",\n          \"E.e\",\n          {\n            \"or\": [\n              \"d(\"\n            ]\n          }\n        ]\n      },\n      \"info\": \"!\"\n    }\n  },\n  {\n    \"title\": \"block sample 9\",\n    \"value\": {\n      \"name\": \"03;\",\n      \"ay\": 2018,\n      \"assign\": \"U4?%]b.s(\",\n      \"match\": [\n        {\n          \"or\": [\n            {\n              \"or\": [\n                \"UWx\",\n                \"FR8\",\n                {\n                  \"pattern\": \"KL549N\",\n                  \"info\": \"\\\\L)\"\n                },\n                \"YP554L\",\n                \"YA74\"\n              ]\n            },\n            {\n              \"pattern\": \"OEx4\",\n              \"exclude\": \"HP69G\",\n              \"info\": \"U+Q\"\n            },\n            \"AYV96I\"\n          ]\n        },\n        {\n          \"or\": [\n            \"NZM538\"\n          ]\n        },\n        {\n          \"and\": [\n            {\n              \"or\": []\n            },\n            {\n              \"pattern\": \"UU*928\",\n              \"exclude\": \"CPI513X\",\n              \"info\": \"-\"\n            }\n          ]\n        },\n        \"DO46x1O\"\n      ],\n      \"satisfy\": {\n        \"mc\": \">=198\"\n      },\n      \"url\": \"https://a70cuufjfu4cvrpc4r9nzppy4-a2dv3wy1lf3sw4-4rs1q.9.x.zttqapcga73.skhvk/!iXV%F1%B8%BD%9EG3K/qVA8/O@o0iM!h3F/L%F2%BC%8E%ACXe!/4X4iAI./=UU6W!E/U:P+w/qtJGpw~X;/J6CPTUTiH%F1%92%B5%8D/oxV\",\n      \"info\": \"kVOG7N\"\n    }\n  }\n]",
              "code": "fast_check_1.sample(index_test_2.block, 10).forEach((sample, i) => addContext_1.default(this, {\n    title: `block sample ${i}`,\n    value: sample,\n}));\nreturn fast_check_1.assert(fast_check_1.property(index_test_2.block, ajvValidate));",
              "err": {},
              "uuid": "a83b0b29-86f4-4fcf-96bd-fe73f2ff840b",
              "parentUUID": "08f7c4b9-33a7-4d6e-a2cb-b1be00c80f7f",
              "isHook": false,
              "skipped": false
            },
            {
              "title": "should not validate non-object",
              "fullTitle": "blockSchema should not validate non-object",
              "timedOut": false,
              "duration": 1,
              "state": "passed",
              "speed": "fast",
              "pass": true,
              "fail": false,
              "pending": false,
              "context": null,
              "code": "const error = {\n    instancePath: \"\",\n    message: \"block should be an object\",\n};\nisInvalidBlock(null, error);\nisInvalidBlock(undefined, error);\nisInvalidBlock(10, error);\nisInvalidBlock([12, 24], error);\nisInvalidBlock(\"abc\", error);",
              "err": {},
              "uuid": "a5153deb-be22-4bd5-9d5c-fdc1dccaacf4",
              "parentUUID": "08f7c4b9-33a7-4d6e-a2cb-b1be00c80f7f",
              "isHook": false,
              "skipped": false
            },
            {
              "title": "should not validate block with invalid properties",
              "fullTitle": "blockSchema should not validate block with invalid properties",
              "timedOut": false,
              "duration": 1,
              "state": "passed",
              "speed": "fast",
              "pass": true,
              "fail": false,
              "pending": false,
              "context": null,
[...]
              "timedOut": false,
              "duration": 0,
              "state": "passed",
              "speed": "fast",
              "pass": true,
              "fail": false,
              "pending": false,
              "context": null,
              "code": "const satisfier = satisfiers_1.inequalitySatisfier(ref, \"<=28\");\nsatisfier.should.have.property(\"filter\");\nconst { filter } = satisfier;\nisCorrectFilter(filter, modulesList1, modulesList1.map(([moduleStr]) => moduleStr));",
              "err": {},
              "uuid": "1dbdadc8-5d1b-46ba-af63-6a10110ee338",
              "parentUUID": "ce24d7ae-af19-4851-9986-4d611d56b3f9",
              "isHook": false,
              "skipped": false
            },
            {
              "title": "should preserve list of modules with upper bound of MCs if total MC count is lower",
              "fullTitle": "inequalitySatisfier should preserve list of modules with upper bound of MCs if total MC count is lower",
              "timedOut": false,
              "duration": 0,
              "state": "passed",
              "speed": "fast",
              "pass": true,
              "fail": false,
              "pending": false,
              "context": null,
              "code": "const satisfier = satisfiers_1.inequalitySatisfier(ref, \"<=32\");\nsatisfier.should.have.property(\"filter\");\nconst { filter } = satisfier;\nisCorrectFilter(filter, modulesList1, modulesList1.map(([moduleStr]) => moduleStr));",
              "err": {},
              "uuid": "afda22b1-1270-425d-89bc-31861cd9095b",
              "parentUUID": "ce24d7ae-af19-4851-9986-4d611d56b3f9",
              "isHook": false,
              "skipped": false
            },
            {
              "title": "should truncate list of modules with upper bound of MCs at exact cutoff if total MC count is higher and there exists some starting sequence with exact MC count",
              "fullTitle": "inequalitySatisfier should truncate list of modules with upper bound of MCs at exact cutoff if total MC count is higher and there exists some starting sequence with exact MC count",
              "timedOut": false,
              "duration": 0,
              "state": "passed",
              "speed": "fast",
              "pass": true,
              "fail": false,
              "pending": false,
              "context": null,
              "code": "const satisfier = satisfiers_1.inequalitySatisfier(ref, \"<=16\");\nsatisfier.should.have.property(\"filter\");\nconst { filter } = satisfier;\nisCorrectFilter(filter, modulesList1, [\n    \"CS2100\",\n    \"GER1000\",\n    \"CS2040S\",\n    \"ST2131\",\n]);",
              "err": {},
              "uuid": "001a0e05-14a0-484d-a516-96781da41179",
              "parentUUID": "ce24d7ae-af19-4851-9986-4d611d56b3f9",
              "isHook": false,
              "skipped": false
            },
            {
              "title": "should truncate list of modules with upper bound of MCs, cutting off at the minimum starting sequence that exceeds upper bound, if total MC count is higher and there exists no starting sequence with exact MC count",
              "fullTitle": "inequalitySatisfier should truncate list of modules with upper bound of MCs, cutting off at the minimum starting sequence that exceeds upper bound, if total MC count is higher and there exists no starting sequence with exact MC count",
              "timedOut": false,
              "duration": 1,
              "state": "passed",
              "speed": "fast",
              "pass": true,
              "fail": false,
              "pending": false,
              "context": null,
              "code": "const satisfier = satisfiers_1.inequalitySatisfier(ref, \"<=17\");\nsatisfier.should.have.property(\"filter\");\nconst { filter } = satisfier;\nisCorrectFilter(filter, modulesList1, [\n    \"CS2100\",\n    \"GER1000\",\n    \"CS2040S\",\n    \"ST2131\",\n    \"MA1521\",\n]);",
              "err": {},
              "uuid": "3bb1274b-d74d-46c1-bfe6-59c5133a6a7b",
              "parentUUID": "ce24d7ae-af19-4851-9986-4d611d56b3f9",
              "isHook": false,
              "skipped": false
            }
          ],
          "suites": [],
          "passes": [
            "7e25809b-e528-48c4-9d6e-cfcc56080d87",
            "974044a4-180e-470a-bc82-015ac931b57e",
            "dc75f50d-492e-4192-a57b-b295cf4a4244",
            "1dbdadc8-5d1b-46ba-af63-6a10110ee338",
            "afda22b1-1270-425d-89bc-31861cd9095b",
            "001a0e05-14a0-484d-a516-96781da41179",
            "3bb1274b-d74d-46c1-bfe6-59c5133a6a7b"
          ],
          "failures": [],
          "pending": [],
          "skipped": [],
          "duration": 1,
          "root": false,
          "rootEmpty": false,
          "_timeout": 2000
        },
        {
          "uuid": "7be81ca9-e0bd-4342-99d6-9da0b2032379",
          "title": "inequalitySchema",
          "fullFile": "/home/runner/work/planwithus-lib/planwithus-lib/src/satisfyRule/inequality/schemas.test.ts",
          "file": "/src/satisfyRule/inequality/schemas.test.ts",
          "beforeHooks": [],
          "afterHooks": [],
          "tests": [
            {
              "title": "should validate inequality in the form <=n or >=n",
              "fullTitle": "inequalitySchema should validate inequality in the form <=n or >=n",
              "timedOut": false,
              "duration": 1,
              "state": "passed",
              "speed": "fast",
              "pass": true,
              "fail": false,
              "pending": false,
              "context": "[\n  {\n    \"title\": \"inequality sample 0\",\n    \"value\": \"<=199\"\n  },\n  {\n    \"title\": \"inequality sample 1\",\n    \"value\": \">=3\"\n  },\n  {\n    \"title\": \"inequality sample 2\",\n    \"value\": \">=193\"\n  },\n  {\n    \"title\": \"inequality sample 3\",\n    \"value\": \"<=4\"\n  },\n  {\n    \"title\": \"inequality sample 4\",\n    \"value\": \"<=3\"\n  },\n  {\n    \"title\": \"inequality sample 5\",\n    \"value\": \"<=1\"\n  },\n  {\n    \"title\": \"inequality sample 6\",\n    \"value\": \"<=115\"\n  },\n  {\n    \"title\": \"inequality sample 7\",\n    \"value\": \">=153\"\n  },\n  {\n    \"title\": \"inequality sample 8\",\n    \"value\": \"<=3\"\n  },\n  {\n    \"title\": \"inequality sample 9\",\n    \"value\": \">=8\"\n  }\n]",
              "code": "fast_check_1.sample(index_test_2.inequality, 10).forEach((sample, i) => addContext_1.default(this, {\n    title: `inequality sample ${i}`,\n    value: sample,\n}));\nreturn fast_check_1.assert(fast_check_1.property(index_test_2.inequality, ajvValidate));",
              "err": {},
              "uuid": "41650290-1b3b-4c23-8fcf-a2d1ce387fcb",
              "parentUUID": "7be81ca9-e0bd-4342-99d6-9da0b2032379",
              "isHook": false,
              "skipped": false
            },
            {
              "title": "should not validate inequality of invalid form",
              "fullTitle": "inequalitySchema should not validate inequality of invalid form",
              "timedOut": false,
              "duration": 1,
              "state": "passed",
              "speed": "fast",
              "pass": true,
              "fail": false,
              "pending": false,
              "context": null,
              "code": "[\n        \"\",\n        \"==23\",\n        \"23\",\n        \"<23\",\n        \">23\",\n        \"<=-1\",\n        \">=-1\",\n        \"<= 2\",\n        \">= 1\",\n        \"> 3\",\n        \"< 3\",\n        \"<=3a\",\n        \">=3a\",\n        \"a<=3\",\n        \"a>=3\",\n    ].forEach(isInvalidInequality)",
              "err": {},
              "uuid": "01ef8a56-8967-4506-ad12-2d908590094d",
              "parentUUID": "7be81ca9-e0bd-4342-99d6-9da0b2032379",
              "isHook": false,
              "skipped": false
            }
          ],
          "suites": [],
          "passes": [
            "41650290-1b3b-4c23-8fcf-a2d1ce387fcb",
            "01ef8a56-8967-4506-ad12-2d908590094d"
          ],
          "failures": [],
          "pending": [],
          "skipped": [],
          "duration": 2,
          "root": false,
          "rootEmpty": false,
          "_timeout": 2000
        },
        {
          "uuid": "6de73909-4cf8-43f8-8f82-c2785f1bd142",
          "title": "satisfyRuleSchema",
          "fullFile": "/home/runner/work/planwithus-lib/planwithus-lib/src/satisfyRule/schemas.test.ts",
          "file": "/src/satisfyRule/schemas.test.ts",
          "beforeHooks": [],
          "afterHooks": [],
          "tests": [
            {
              "title": "should validate satisfy rule with valid block id",
              "fullTitle": "satisfyRuleSchema should validate satisfy rule with valid block id",
              "timedOut": false,
              "duration": 0,
              "state": "passed",
              "speed": "fast",
              "pass": true,
              "fail": false,
              "pending": false,
              "context": null,
              "code": "fast_check_1.assert(fast_check_1.property(fast_check_1.string(), ajvValidate)",
              "err": {},
              "uuid": "cc300218-4688-4052-b7da-f8b9fc506957",
              "parentUUID": "6de73909-4cf8-43f8-8f82-c2785f1bd142",
              "isHook": false,
              "skipped": false
            },
            {
              "title": "should validate satisfy rules with valid mc",
              "fullTitle": "satisfyRuleSchema should validate satisfy rules with valid mc",
              "timedOut": false,
              "duration": 1,
              "state": "passed",
              "speed": "fast",
              "pass": true,
              "fail": false,
              "pending": false,
              "context": "[\n  {\n    \"title\": \"mcSatisfyRule sample 0\",\n    \"value\": {\n      \"mc\": \"<=6\"\n    }\n  },\n  {\n    \"title\": \"mcSatisfyRule sample 1\",\n    \"value\": {\n      \"mc\": \">=179\"\n    }\n  },\n  {\n    \"title\": \"mcSatisfyRule sample 2\",\n    \"value\": {\n      \"mc\": \">=200\"\n    }\n  },\n  {\n    \"title\": \"mcSatisfyRule sample 3\",\n    \"value\": {\n      \"mc\": \"<=81\"\n    }\n  },\n  {\n    \"title\": \"mcSatisfyRule sample 4\",\n    \"value\": {\n      \"mc\": \">=5\"\n    }\n  },\n  {\n    \"title\": \"mcSatisfyRule sample 5\",\n    \"value\": {\n      \"mc\": \"<=139\"\n    }\n  },\n  {\n    \"title\": \"mcSatisfyRule sample 6\",\n    \"value\": {\n      \"mc\": \">=7\"\n    }\n  },\n  {\n    \"title\": \"mcSatisfyRule sample 7\",\n    \"value\": {\n      \"mc\": \"<=3\"\n    }\n  },\n  {\n    \"title\": \"mcSatisfyRule sample 8\",\n    \"value\": {\n      \"mc\": \"<=175\"\n    }\n  },\n  {\n    \"title\": \"mcSatisfyRule sample 9\",\n    \"value\": {\n      \"mc\": \"<=6\"\n    }\n  }\n]",
              "code": "fast_check_1.sample(index_test_2.mcSatisfyRule, 10).forEach((sample, i) => addContext_1.default(this, {\n    title: `mcSatisfyRule sample ${i}`,\n    value: sample,\n}));\nreturn fast_check_1.assert(fast_check_1.property(index_test_2.mcSatisfyRule, ajvValidate));",
              "err": {},
              "uuid": "f9cabddd-e46d-4315-8f01-714425cb07a9",
              "parentUUID": "6de73909-4cf8-43f8-8f82-c2785f1bd142",
              "isHook": false,
              "skipped": false
            },
            {
              "title": "should validate valid recursive satisfy rules",
              "fullTitle": "satisfyRuleSchema should validate valid recursive satisfy rules",
              "timedOut": false,
              "duration": 3,
              "state": "passed",
              "speed": "fast",
              "pass": true,
              "fail": false,
              "pending": false,
              "context": "[\n  {\n    \"title\": \"satisfyRule sample 0\",\n    \"value\": \"\"\n  },\n  {\n    \"title\": \"satisfyRule sample 1\",\n    \"value\": \"\"\n  },\n  {\n    \"title\": \"satisfyRule sample 2\",\n    \"value\": {\n      \"mc\": \">=196\"\n    }\n  },\n  {\n    \"title\": \"satisfyRule sample 3\",\n    \"value\": {\n      \"and\": [\n        {\n          \"mc\": \"<=24\"\n        },\n        {\n          \"or\": [\n            \"\\\"9X\\\"OFiX~L\"\n          ]\n        },\n        \"6sm7h\"\n      ]\n    }\n  },\n  {\n    \"title\": \"satisfyRule sample 4\",\n    \"value\": {\n      \"and\": []\n    }\n  },\n  {\n    \"title\": \"satisfyRule sample 5\",\n    \"value\": {\n      \"mc\": \"<=200\"\n    }\n  },\n  {\n    \"title\": \"satisfyRule sample 6\",\n    \"value\": {\n      \"and\": [\n        {\n          \"or\": []\n        },\n        {\n          \"mc\": \"<=92\"\n        },\n        {\n          \"mc\": \"<=72\"\n        }\n      ]\n    }\n  },\n  {\n    \"title\": \"satisfyRule sample 7\",\n    \"value\": {\n      \"or\": [\n        {\n          \"mc\": \"<=28\"\n        }\n      ]\n    }\n  },\n  {\n    \"title\": \"satisfyRule sample 8\",\n    \"value\": \"ME\"\n  },\n  {\n    \"title\": \"satisfyRule sample 9\",\n    \"value\": {\n      \"and\": []\n    }\n  }\n]",
              "code": "fast_check_1.sample(index_test_2.satisfyRule, 10).forEach((sample, i) => addContext_1.default(this, {\n    title: `satisfyRule sample ${i}`,\n    value: sample,\n}));\nreturn fast_check_1.assert(fast_check_1.property(index_test_2.satisfyRule, ajvValidate));",
              "err": {},
              "uuid": "d91e21e8-ab9a-481f-9d10-25ee290a2f38",
              "parentUUID": "6de73909-4cf8-43f8-8f82-c2785f1bd142",
              "isHook": false,
              "skipped": false
            },
            {
              "title": "should not validate non-string/object",
              "fullTitle": "satisfyRuleSchema should not validate non-string/object",
              "timedOut": false,
              "duration": 1,
              "state": "passed",
              "speed": "fast",
              "pass": true,
              "fail": false,
              "pending": false,
              "context": null,
              "code": "const error = {\n    instancePath: \"\",\n    message: \"satisfy rule should be either a string or an object\",\n};\nisInvalidRule(null, error);\nisInvalidRule(undefined, error);\nisInvalidRule(10, error);\nisInvalidRule([12, 24], error);",
              "err": {},
              "uuid": "5fa9f543-1ee5-440a-aaf5-e12e3ef77496",
              "parentUUID": "6de73909-4cf8-43f8-8f82-c2785f1bd142",
              "isHook": false,
              "skipped": false
            },
            {
              "title": "should not validate satisfy rules with extra properties",
              "fullTitle": "satisfyRuleSchema should not validate satisfy rules with extra properties",
              "timedOut": false,
              "duration": 1,
              "state": "passed",
              "speed": "fast",
              "pass": true,
              "fail": false,
              "pending": false,
              "context": null,
              "code": "isInvalidRule({\n        and: [\n            { or: [\"2k\"], abc: \"def\" },\n            { mc: 8, ghi: \"jkl\" },\n        ],\n        mno: \"pqr\",\n    }, {\n        instancePath: \"/and/0\",\n        message: \"or satisfy rule should have property 'or' only\",\n    }, {\n        instancePath: \"/and/1\",\n        message: \"MC satisfy rule should have property 'mc' only\",\n    }, {\n        instancePath: \"\",\n        message: \"and satisfy rule should have property 'and' only\",\n    })",
              "err": {},
              "uuid": "5cdbdb41-c185-4abd-80c0-6e535b504136",
              "parentUUID": "6de73909-4cf8-43f8-8f82-c2785f1bd142",
              "isHook": false,
              "skipped": false
            },
            {
              "title": "should not validate ambiguous satisfy rules",
              "fullTitle": "satisfyRuleSchema should not validate ambiguous satisfy rules",
              "timedOut": false,
              "duration": 0,
              "state": "passed",
              "speed": "fast",
              "pass": true,
              "fail": false,
              "pending": false,
              "context": null,
              "code": "const message = \"satisfy rule should have only one of properties 'mc', 'and', 'or'\";\nisInvalidRule({\n    or: [\n        { mc: 5, and: [\"CS2040\"] },\n        { and: [{ and: [\"abc\"], or: [\"def\"] }] },\n    ],\n}, { instancePath: \"/or/0\", message }, { instancePath: \"/or/1/and/0\", message });",
              "err": {},
              "uuid": "257a869b-1362-40dd-90bd-a9fee40891b5",
              "parentUUID": "6de73909-4cf8-43f8-8f82-c2785f1bd142",
              "isHook": false,
              "skipped": false
            },
            {
              "title": "should not validate and satisfy rules with non-array property",
              "fullTitle": "satisfyRuleSchema should not validate and satisfy rules with non-array property",
              "timedOut": false,
              "duration": 1,
              "state": "passed",
              "speed": "fast",
              "pass": true,
              "fail": false,
              "pending": false,
              "context": null,
              "code": "const message = \"property 'and' should be an array of satisfy rules\";\nisInvalidRule({ or: [{ and: {} }, { or: [{ and: 3 }] }] }, { instancePath: \"/or/0/and\", message }, { instancePath: \"/or/1/or/0/and\", message });",
              "err": {},
              "uuid": "f34c1e9e-9051-421b-90cc-91eaf8c127ab",
              "parentUUID": "6de73909-4cf8-43f8-8f82-c2785f1bd142",
              "isHook": false,
              "skipped": false
            },
            {
              "title": "should not validate or satisfy rules with non-array property",
              "fullTitle": "satisfyRuleSchema should not validate or satisfy rules with non-array property",
              "timedOut": false,
              "duration": 0,
              "state": "passed",
              "speed": "fast",
              "pass": true,
              "fail": false,
              "pending": false,
              "context": null,
              "code": "const message = \"property 'or' should be an array of satisfy rules\";\nisInvalidRule({ and: [{ or: {} }, { and: [{ or: 3 }] }] }, { instancePath: \"/and/0/or\", message }, { instancePath: \"/and/1/and/0/or\", message });",
              "err": {},
              "uuid": "a0b584a7-d695-4fe3-9035-e83edd6fbc94",
              "parentUUID": "6de73909-4cf8-43f8-8f82-c2785f1bd142",
              "isHook": false,
              "skipped": false
            }
          ],
          "suites": [],
          "passes": [
            "cc300218-4688-4052-b7da-f8b9fc506957",
            "f9cabddd-e46d-4315-8f01-714425cb07a9",
            "d91e21e8-ab9a-481f-9d10-25ee290a2f38",
            "5fa9f543-1ee5-440a-aaf5-e12e3ef77496",
            "5cdbdb41-c185-4abd-80c0-6e535b504136",
            "257a869b-1362-40dd-90bd-a9fee40891b5",
            "f34c1e9e-9051-421b-90cc-91eaf8c127ab",
            "a0b584a7-d695-4fe3-9035-e83edd6fbc94"
          ],
          "failures": [],
          "pending": [],
          "skipped": [],
          "duration": 7,
          "root": false,
          "rootEmpty": false,
          "_timeout": 2000
        }
      ],
      "passes": [],
      "failures": [],
      "pending": [],
      "skipped": [],
      "duration": 0,
      "root": true,
      "rootEmpty": true,
      "_timeout": 2000
    }
  ],
  "meta": {
    "mocha": {
      "version": "9.0.2"
    },
    "mochawesome": {
      "options": {
        "quiet": false,
        "reportFilename": "mochawesome",
        "saveHtml": true,
        "saveJson": true,
        "consoleReporter": "spec",
        "useInlineDiffs": false,
        "code": true
      },
      "version": "6.2.2"
    },
    "marge": {
      "options": {
        "reportDir": "docs"
      },
      "version": "5.2.0"
    }
  }
}