{
  "stats": {
    "suites": 10,
    "tests": 48,
    "passes": 48,
    "pending": 0,
    "failures": 0,
    "start": "2021-07-19T10:55:22.251Z",
    "end": "2021-07-19T10:55:22.564Z",
    "duration": 313,
    "testsRegistered": 48,
    "passPercent": 100,
    "pendingPercent": 0,
    "other": 0,
    "hasOther": false,
    "skipped": 0,
    "hasSkipped": false
  },
  "results": [
    {
      "uuid": "14dd2095-7a34-442f-91c4-ef848ec96b09",
      "title": "",
      "fullFile": "",
      "file": "",
      "beforeHooks": [],
      "afterHooks": [],
      "tests": [],
      "suites": [
        {
          "uuid": "bcf16f37-e15c-4c1c-8121-dda23436c48e",
          "title": "initDirectories",
          "fullFile": "/home/runner/work/planwithus-lib/planwithus-lib/src/block/schemas.test.ts",
          "file": "/src/block/schemas.test.ts",
          "beforeHooks": [],
          "afterHooks": [],
          "tests": [
            {
              "title": "should parse all blocks with no errors",
              "fullTitle": "initDirectories should parse all blocks with no errors",
              "timedOut": false,
              "duration": 2,
              "state": "passed",
              "speed": "fast",
              "pass": true,
              "fail": false,
              "pending": false,
              "context": null,
              "code": "_1.initDirectories.should.not.throw()",
              "err": {},
              "uuid": "58de6060-b00a-43d6-967a-b24b751b7104",
              "parentUUID": "bcf16f37-e15c-4c1c-8121-dda23436c48e",
              "isHook": false,
              "skipped": false
            },
            {
              "title": "should produce primary, second & minor directories",
              "fullTitle": "initDirectories should produce primary, second & minor directories",
              "timedOut": false,
              "duration": 2,
              "state": "passed",
              "speed": "fast",
              "pass": true,
              "fail": false,
              "pending": false,
              "context": null,
              "code": "const directories = _1.initDirectories();\ndirectories.should.have.property(\"primary\");\ndirectories.should.have.property(\"second\");\ndirectories.should.have.property(\"minor\");",
              "err": {},
              "uuid": "d08af847-9582-4e63-bb28-82c88a001e3d",
              "parentUUID": "bcf16f37-e15c-4c1c-8121-dda23436c48e",
              "isHook": false,
              "skipped": false
            }
          ],
          "suites": [],
          "passes": [
            "58de6060-b00a-43d6-967a-b24b751b7104",
            "d08af847-9582-4e63-bb28-82c88a001e3d"
          ],
          "failures": [],
          "pending": [],
          "skipped": [],
          "duration": 4,
          "root": false,
          "rootEmpty": false,
          "_timeout": 2000
        },
        {
          "uuid": "9a5ad303-f0ca-47dc-8a52-c5e36faf4daf",
          "title": "blockSchema",
          "fullFile": "/home/runner/work/planwithus-lib/planwithus-lib/src/block/schemas.test.ts",
          "file": "/src/block/schemas.test.ts",
          "beforeHooks": [],
          "afterHooks": [],
          "tests": [
            {
              "title": "should validate valid block",
              "fullTitle": "blockSchema should validate valid block",
              "timedOut": false,
              "duration": 171,
              "state": "passed",
              "speed": "slow",
              "pass": true,
              "fail": false,
              "pending": false,
              "context": "[\n  {\n    \"title\": \"block sample 0\",\n    \"value\": {\n      \"name\": \"\\\"\",\n      \"ay\": 1962,\n      \"assign\": [\n        \"tH\",\n        \";=Zsjw%T6\"\n      ],\n      \"satisfy\": [\n        {\n          \"or\": []\n        },\n        \"-G+^0$$\"\n      ],\n      \"url\": \"https://psuhkw8khl76di5pwi0u-by4s202n7w4vx-r2cvsps6ne.2.8.9blomtb46xneu4t9exvfr8yr.uu//S,/~3;Ieaq$/Dj/W0!&q\",\n      \"info\": \": c#>{ |\",\n      \"isSelectable\": true,\n      \"\": {\n        \"name\": \"?$7G\",\n        \"ay\": 1991,\n        \"assign\": [\n          \"}@=<Xw\",\n          \"b}83x_2VL\"\n        ],\n        \"match\": {\n          \"pattern\": \"MIG2177\",\n          \"exclude\": \"WT316Z\",\n          \"info\": \"m=C\\\\\"\n        },\n        \"satisfy\": [\n          \"1BVd\",\n          {\n            \"mc\": \">=131\"\n          },\n          {\n            \"or\": [\n              {\n                \"or\": []\n              }\n            ]\n          },\n          {\n            \"or\": [\n              {\n                \"mc\": \">=91\"\n              },\n              {\n                \"or\": [\n                  \"hD}f\",\n                  {\n                    \"and\": []\n                  },\n                  \"LQ\",\n                  {\n                    \"or\": [\n                      {\n                        \"mc\": \">=33\"\n                      },\n                      {\n                        \"or\": []\n                      },\n                      {\n                        \"mc\": \">=93\"\n                      }\n                    ]\n                  },\n                  {\n                    \"and\": [\n                      \"#x;Fz%0\",\n                      {\n                        \"and\": [\n                          {\n                            \"mc\": \">=76\"\n                          }\n                        ]\n                      },\n                      \"LxV0D3l\",\n                      \":[/fP/\"\n                    ]\n                  }\n                ]\n              },\n              {\n                \"or\": []\n              },\n              {\n                \"and\": [\n                  {\n                    \"or\": []\n                  },\n                  {\n                    \"or\": [\n                      \"<-E\",\n                      \"RR,v,!\",\n                      {\n                        \"mc\": \">=1\"\n                      }\n                    ]\n                  },\n                  {\n                    \"mc\": \">=166\"\n                  },\n                  \"H.w.w\"\n                ]\n              },\n              \"7<vAcu-\"\n            ]\n          },\n          {\n            \"and\": [\n              {\n                \"mc\": \">=135\"\n              },\n              \"\\\\?)dQ\",\n              {\n                \"or\": [\n                  \"4'%J+2N%z2\",\n                  {\n                    \"mc\": \">=21\"\n                  }\n                ]\n              },\n              {\n                \"or\": [\n                  {\n                    \"mc\": \">=71\"\n                  },\n                  \"g{\"\n                ]\n              },\n              {\n                \"mc\": \"<=134\"\n              }\n            ]\n          }\n        ],\n        \"info\": \"sjS'L\",\n        \"isSelectable\": true,\n        \"Uz\": {\n          \"ay\": 2011,\n          \"assign\": \"&T;V\",\n          \"match\": [\n            \"RNB81x9N\",\n            {\n              \"and\": [\n                {\n                  \"or\": [\n                    {\n                      \"or\": [\n                        {\n                          \"pattern\": \"CX*x6\",\n                          \"info\": \".\"\n                        },\n                        \"KOE*662\",\n                        \"IQR0*S\",\n                        {\n                          \"and\": [\n                            \"HMJ523xG\",\n                            \"NE545\",\n                            \"QYE8*2\"\n                          ]\n                        },\n                        \"QMY5Q\"\n                      ]\n                    },\n                    {\n                      \"pattern\": \"VP4x\",\n                      \"exclude\": \"SY35\"\n                    },\n                    \"KCB**\"\n                  ]\n                },\n                {\n                  \"pattern\": \"ITx15\",\n                  \"exclude\": \"GK0205Z\",\n                  \"info\": \"(H G[U;zh\"\n                },\n                \"PJG5xO\",\n                {\n                  \"and\": [\n                    \"TWK849Y\",\n                    {\n                      \"or\": [\n                        {\n                          \"or\": [\n                            \"JM*103G\",\n                            \"OIB7*x*\",\n                            \"NFP57\",\n                            {\n                              \"and\": [\n                                {\n                                  \"and\": [\n                                    \"FC66\",\n                                    \"HXH1x32\",\n                                    \"JYP8O\",\n                                    \"JT86\"\n                                  ]\n                                }\n                              ]\n                            }\n                          ]\n                        },\n                        {\n                          \"pattern\": \"MK43\",\n                          \"exclude\": \"ERX*11\",\n                          \"info\": \"h\\\\A\"\n                        },\n                        {\n                          \"or\": [\n                            {\n                              \"pattern\": \"DB1\",\n                              \"info\": \"WS\"\n                            },\n                            \"BHE4346B\",\n                            \"OB6I\",\n                            \"OEx*\"\n                          ]\n                        },\n                        {\n                          \"pattern\": \"ZV562B\",\n                          \"exclude\": [],\n                          \"info\": \"&MSDIA\"\n                        },\n                        \"YNH42*\"\n                      ]\n                    },\n                    \"DVxA\",\n                    \"HHQ6\"\n                  ]\n                }\n              ]\n            }\n          ],\n          \"url\": \"http://1ecvmpp3lgh9dbhg7ubwy759c6-8sy57y0imoyvzlly.1yzrym3z-ntg9cpuww1yyr1rjw.vwahhjwcb//T~/*QwFz6JMjO/%F4%8B%8C%B1D$dDiO%F3%BD%A7%AAa/xw/IKlA\",\n          \"info\": \"\",\n          \"isSelectable\": true\n        },\n        \"OK*#WojKA\": {\n          \"name\": \"GAxh6Gy^!\",\n          \"ay\": 1999,\n          \"assign\": [\n            \"]3qB27X}p\",\n            \"{p\\\"B=}\",\n            \"|,M,!)@4EV\",\n            \"b{0=j4z\"\n          ],\n          \"match\": [\n            {\n              \"pattern\": \"ZF*7\",\n              \"exclude\": \"LL05x8D\",\n              \"info\": \"2.`2RE\\\"[,\"\n            }\n          ],\n          \"satisfy\": [\n            {\n              \"and\": [\n                {\n                  \"and\": [\n                    \"egw-\",\n                    {\n                      \"and\": [\n                        {\n                          \"or\": []\n                        }\n                      ]\n                    },\n                    \"-x@3{s'\"\n                  ]\n                },\n                {\n                  \"or\": [\n                    \"-jK.\"\n                  ]\n                },\n                {\n                  \"or\": [\n                    {\n                      \"mc\": \"<=16\"\n                    },\n                    {\n                      \"mc\": \">=156\"\n                    },\n                    \"ce=)r[J\",\n                    {\n                      \"and\": [\n                        \"b]N&/&R\\\\\",\n                        \"\",\n                        {\n                          \"or\": [\n                            \"zF|n3D\",\n                            \"k8l\",\n                            \".FOneN?qO<\"\n                          ]\n                        }\n                      ]\n                    }\n                  ]\n                }\n              ]\n            },\n            {\n              \"or\": [\n                {\n                  \"or\": [\n                    {\n                      \"or\": [\n                        {\n                          \"mc\": \"<=81\"\n                        }\n                      ]\n                    }\n                  ]\n                },\n                {\n                  \"mc\": \">=96\"\n                },\n                {\n                  \"mc\": \"<=151\"\n                },\n                {\n                  \"or\": [\n                    {\n                      \"and\": [\n                        {\n                          \"and\": [\n                            {\n                              \"mc\": \"<=131\"\n                            },\n                            \"K$@\",\n                            \"bd&\",\n                            \"gAWB1Wl/IP\",\n                            {\n                              \"or\": []\n                            }\n                          ]\n                        },\n                        {\n                          \"mc\": \"<=8\"\n                        },\n                        \"91\"\n                      ]\n                    },\n                    \"m8J<v$\"\n                  ]\n                },\n                {\n                  \"or\": [\n                    {\n                      \"mc\": \">=180\"\n                    },\n                    \"nN+2:t#Q_\"\n                  ]\n                }\n              ]\n            },\n            \"Hm`Z\",\n            \"8ifP.m\"\n          ],\n          \"url\": \"https://w56tgj96ur6dk.v.z1t.x20-mga4w6d7tqwl0esr6l44low-zxe.kuvvaqcapq/Ab%F2%A2%9B%B1y+om%F0%B6%82%89nt/4%F2%84%B6%B8E@%F0%9C%A1%893GQr//%F1%98%BB%94iuN/om33IV/!*b.-V/Rw/m$/6ySX/d:9$bwKlQ\",\n          \"info\": \"sWw\",\n          \"isSelectable\": true,\n          \"%\": {\n            \"name\": \"[&V%hmc}\",\n            \"match\": [\n              {\n                \"pattern\": \"DW494H\",\n                \"exclude\": \"BCx33Y\"\n              },\n              \"LA71\"\n            ],\n            \"satisfy\": [\n              \"}?HgLZ;S)\"\n            ],\n            \"url\": \"http://63cm4zlocpz6rx2a2g7n6en2j89.sr4j7szvylgjzrnv9sd5p1thi2c1gw97fzxha258jtq29ci-x34rb4qheteva.9aojne3rsjz6v0e0skb3hm-exmprlnk3ncybuga9npm.9.lj36okb2vrc2671d8w7u9liywv9jqu-529cdwc-j.iwziar/)/ceGtkY//sU58Q*dFE!/W%F3%91%99%ADuUBAwkY_/6Q0:s1TNC\",\n            \"info\": \"g{\",\n            \"isSelectable\": true\n          },\n          \"} F\\\"<&BH>\": {\n            \"name\": \"?\",\n            \"assign\": \"v:BIEoo66G\",\n            \"match\": [\n              {\n                \"pattern\": \"RCXx026\",\n                \"exclude\": [\n                  \"ZU3832\"\n                ],\n                \"info\": \"t\"\n              },\n              \"CI5\",\n              {\n                \"and\": [\n                  {\n                    \"or\": [\n                      \"JI768T\",\n                      {\n                        \"and\": [\n                          \"ZXP4368L\",\n                          {\n                            \"or\": [\n                              \"UIxx\",\n                              \"SHG0X\",\n                              \"YH62J\",\n                              {\n                                \"and\": [\n                                  {\n                                    \"pattern\": \"GI82\",\n                                    \"exclude\": \"UO43N\",\n                                    \"info\": \"}!K}\"\n                                  },\n                                  \"KW9\",\n                                  \"MPx14S\",\n                                  \"VA6*x\",\n                                  \"GD306\"\n                                ]\n                              }\n                            ]\n                          },\n                          \"UZ72J\"\n                        ]\n                      },\n                      {\n                        \"pattern\": \"KYU3K\",\n                        \"info\": \" s8\"\n                      }\n                    ]\n                  },\n                  {\n                    \"pattern\": \"EQN8101K\",\n                    \"info\": \"0llb\"\n                  }\n                ]\n              },\n              \"TOT237G\",\n              {\n                \"pattern\": \"RLU34G\",\n                \"exclude\": \"NQ163\",\n                \"info\": \"\"\n              }\n            ],\n            \"satisfy\": {\n              \"mc\": \">=57\"\n            },\n            \"info\": \"B&mR2o!?\",\n            \"isSelectable\": true,\n            \";.\": {\n              \"name\": \"7x=i-bV_\",\n              \"ay\": 1974,\n              \"assign\": \"/~oQR'5}\",\n              \"satisfy\": {\n                \"and\": []\n              },\n              \"url\": \"http://lbcr9ueu65foy5g22yvuo1-ln3ck0o-zrwmtue2yw.41lvmlqmzv.qsrpighipk/%F1%A6%84%97X~-O%F1%8A%86%BFf/R/a0Gx%F3%A4%B9%B2T%F0%A8%9C%ABy%F0%BA%85%B3&/%F1%BC%8A%98AI~$7s&%E2%99%B1%EC%B9%B5\",\n              \"info\": \"\",\n              \"`,Hx[!S\": {\n                \"ay\": 2009,\n                \"assign\": \",O< f\",\n                \"match\": {\n                  \"and\": [\n                    {\n                      \"pattern\": \"RMO2580\",\n                      \"exclude\": [],\n                      \"info\": \"i\"\n                    }\n                  ]\n                },\n                \"satisfy\": [\n                  {\n                    \"mc\": \"<=10\"\n                  },\n                  {\n                    \"or\": [\n                      {\n                        \"and\": []\n                      },\n                      {\n                        \"and\": [\n                          \"\",\n                          \"(\",\n                          {\n                            \"and\": [\n                              {\n                                \"and\": [\n                                  \"h\",\n                                  \"I*u9[\",\n                                  \"|a\",\n                                  \"iPa_\"\n                                ]\n                              },\n                              {\n                                \"or\": [\n                                  {\n                                    \"and\": []\n                                  },\n                                  \"*\"\n                                ]\n                              },\n                              \"mi8c-YxFK \",\n                              {\n                                \"or\": []\n                              }\n                            ]\n                          }\n                        ]\n                      }\n                    ]\n                  },\n                  {\n                    \"or\": [\n                      {\n                        \"or\": [\n                          \"Jj94N^\"\n                        ]\n                      }\n                    ]\n                  },\n                  {\n                    \"or\": [\n                      \"71~tQP}\",\n                      \"+A\",\n                      \"k'\",\n                      {\n                        \"or\": [\n                          {\n                            \"and\": [\n                              \"Tk<<@t8\",\n                              {\n                                \"or\": [\n                                  {\n                                    \"and\": []\n                                  },\n                                  {\n                                    \"mc\": \">=196\"\n                                  },\n                                  \"hQRqs{m\",\n                                  \"z\",\n                                  {\n                                    \"and\": [\n                                      \"@Z\\\"X4cvY-\\\"\",\n                                      \"yn:\",\n                                      \"V\",\n                                      \"~P;.q\"\n                                    ]\n                                  }\n                                ]\n                              },\n                              {\n                                \"and\": [\n                                  {\n                                    \"mc\": \"<=34\"\n                                  },\n                                  {\n                                    \"and\": [\n                                      \"E\",\n                                      \"D_m6Y=\",\n                                      \"Ee~k\",\n                                      \"'wE~?nl\"\n                                    ]\n                                  },\n                                  \"W\\\\+NG\",\n                                  \">{z!\"\n                                ]\n                              }\n                            ]\n                          },\n                          \"*{hSd>U)K\",\n                          {\n                            \"or\": [\n                              \"*0.Ze<b f(\",\n                              {\n                                \"or\": [\n                                  \"n\\\"Ce.jYQO\",\n                                  {\n                                    \"or\": []\n                                  }\n                                ]\n                              },\n                              \"\"\n                            ]\n                          },\n                          \"\"\n                        ]\n                      },\n                      {\n                        \"and\": [\n                          {\n                            \"or\": [\n                              \"=1u@i\",\n                              {\n                                \"and\": [\n                                  \"@5jz\",\n                                  \"\",\n                                  \"%PepOfrz\",\n                                  {\n                                    \"mc\": \"<=186\"\n                                  }\n                                ]\n                              },\n                              \"{l?:Vb\",\n                              \".~X dv0L\"\n                            ]\n                          },\n                          \"OGv)FoH\"\n                        ]\n                      }\n                    ]\n                  }\n                ],\n                \"url\": \"http://l8gg9ag0mroflsp8nklpgt77dbvq2mmw58gkxw8r08es2pb8.r-jvmodah3w4ws7ovbqszsyf0qmuiid8u66732folmx90v4wdjdi-mrioni.xdgnpzkx/y4~*=8$A/@azk.%F0%9A%94%95o/Ahj(@/Tbu%F4%8B%8C%B2v%F1%A1%9F%A7,Z/,%F4%8F%AE%A3a8@4/:lS=9RSHP/,/3YB~YVqs/(sxcyTW*.\",\n                \"info\": \"Yx,i\",\n                \"isSelectable\": true\n              },\n              \"L:UFY\": {\n                \"name\": \"u(cz`M_\",\n                \"satisfy\": \"a y\\\"xM0vq\",\n                \"url\": \"https://6t14v0kga-emh5dmlw.rrtcytuglynrh0jf5yjspkpw1-nx21feux4ov.cyqtt/*LD%F4%8D%BC%9Ee@/HhE4+e4/(fQc/!8js1%F4%88%AA%B1mP/%F2%9F%8F%9BB;BO7/AGh9rIs\",\n                \"info\": \"h_r\",\n                \"isSelectable\": true\n              }\n            },\n            \";E,sW|E4l\": {\n              \"name\": \"s*\\\"C\",\n              \"ay\": 1998,\n              \"assign\": \"\",\n              \"satisfy\": {\n                \"mc\": \"<=169\"\n              },\n              \"url\": \"http://rxyeeeo4uupee.mrarx/g%F3%A1%8E%8B=1S1Q0S/7KSx/WHIN/:$k%F3%9B%9C%B4)Ugu(://%F3%9E%9E%A9GvVz\",\n              \"info\": \"]<&_-=%Y{A\",\n              \"isSelectable\": true\n            },\n            \"K\": {\n              \"name\": \"Jw]7]F\",\n              \"assign\": \"OirGt s\",\n              \"match\": [\n                \"ZMC6W\",\n                \"JMC4873E\",\n                {\n                  \"pattern\": \"LRExF\",\n                  \"exclude\": [\n                    \"GI3S\",\n                    \"WMF5575\",\n                    \"RHC562X\",\n                    \"WG0H\",\n                    \"RR2\"\n                  ],\n                  \"info\": \"aga\"\n                }\n              ],\n              \"satisfy\": {\n                \"or\": [\n                  {\n                    \"or\": [\n                      {\n                        \"or\": [\n                          \"M,Xw~*J$P\",\n                          {\n                            \"or\": [\n                              \"\",\n                              \"&BC<j\",\n                              \"OH\"\n                            ]\n                          },\n                          \"'L\",\n                          {\n                            \"and\": [\n                              {\n                                \"or\": [\n                                  \"_E\",\n                                  {\n                                    \"and\": []\n                                  },\n                                  \"p]<Hp8=<\",\n                                  \"<\",\n                                  {\n                                    \"or\": []\n                                  }\n                                ]\n                              }\n                            ]\n                          },\n                          \"fTQf<l\"\n                        ]\n                      },\n                      {\n                        \"or\": [\n                          {\n                            \"and\": []\n                          },\n                          \"xl>\",\n                          \"RaC}&=\",\n                          {\n                            \"mc\": \"<=27\"\n                          }\n                        ]\n                      }\n                    ]\n                  }\n                ]\n              },\n              \"url\": \"https://f3zr5tt1-5j94xekqz2k18mgkduyeaore4s2erbyvlp0.j.li6bhj0paluau5a5dgxpqozffbaxqffag58siibjjex1okufgi62t5ri7w4.4vkkcgu2w5laaqwoqlaeh5bau6gcaxwbfa-bxcexpze0fxdd.ci9hx5hrknzb3caxpag89t87o-4dq4ktnxk-0ucbu.wexhyjqk/Mm/tq=8cv_ZF5/%F2%BF%99%A8~\",\n              \"info\": \"c;'}b/~cjd\",\n              \"isSelectable\": true\n            },\n            \"WO?hD\": {\n              \"ay\": 2011,\n              \"assign\": \"lEc/;+\",\n              \"url\": \"https://2.ff2j9hmlucccmf-ltn20r2picazq2hpcunwyufs89988sl8-2ketzo9pc32.jax7z6my4-vpwnzr48zs4q5udgvjdfefbltcp3vt79-sfh3f1pidp-cpue.gnvpbneuc/b%F4%8A%8E%9E_%F1%9A%B4%B6ALV+%F2%9B%9A%82+/%F2%95%8D%99%EF%95%B3MDG/yxleOd;(C*/cW!'8*/X%F3%84%B6%90i%E1%9F%ABMdL/UJy%F2%A0%BD%99w5l6%F2%B3%8A%8F/zaY'\",\n              \"info\": \"0*tl4[Az\"\n            }\n          },\n          \"Ai\": {\n            \"name\": \"sip_\",\n            \"ay\": 2009,\n            \"assign\": \"c[S}\",\n            \"match\": [\n              {\n                \"or\": [\n                  {\n                    \"or\": [\n                      {\n                        \"and\": [\n                          \"YC65\"\n                        ]\n                      },\n                      \"LPM1xx7E\",\n                      \"IOU8710\",\n                      {\n                        \"and\": [\n                          {\n                            \"pattern\": \"OL8\",\n                            \"exclude\": [\n                              \"BWP3180\",\n                              \"ZR85\",\n                              \"ATX3\",\n                              \"BUJ4734\",\n                              \"XP*177\"\n                            ],\n                            \"info\": \"#\"\n                          },\n                          \"SA4360P\"\n                        ]\n                      }\n                    ]\n                  }\n                ]\n              }\n            ],\n            \"satisfy\": \"bCR~\",\n            \"url\": \"http://qxqhwpiu-0.lx13ntpgm02e9wmzyvqu14f-f39eonyu.q.exzrblegqj/~+%F0%A0%A9%BCd/d/lT;%F2%87%8E%99p/@ep1n5I/%F2%B5%95%AFV%F0%98%B5%BD/x;0Y/)E@Z0R/sJ,joNb!/DCSN/aW\",\n            \"isSelectable\": true\n          }\n        },\n        \"L\": {\n          \"name\": \"wUe0\",\n          \"ay\": 1998,\n          \"match\": [\n            \"IS7X\",\n            \"RUVx8\"\n          ],\n          \"satisfy\": {\n            \"and\": []\n          },\n          \"url\": \"https://9yfuydydpkcxquy67.hj-ftiu9zeli27n6.digqt/Vaiz8/%F2%BB%BE%B6d,+0%F3%A7%9C%A4%F1%A0%98%8Fa/1:&%F2%9C%BF%A6Re/XRk%F3%AE%8B%98RD/*%F1%85%9B%B2a%F3%A0%AF%A0Z$/5K/\",\n          \"info\": \"P,x:{EBc(v\",\n          \"isSelectable\": true\n        },\n        \"\": {\n          \"name\": \"bq6YN5]0\",\n          \"ay\": 2021,\n          \"assign\": [],\n          \"match\": [\n            {\n              \"pattern\": \"QYQ*R\",\n              \"exclude\": \"HPM999\",\n              \"info\": \"R4&)9^i\"\n            },\n            \"CYI4\",\n            {\n              \"pattern\": \"YR2C\",\n              \"exclude\": \"EG0\"\n            },\n            \"PSx72\",\n            {\n              \"and\": [\n                {\n                  \"pattern\": \"ON3*0\",\n                  \"exclude\": \"MC9D\",\n                  \"info\": \"U.+Q T\"\n                },\n                \"EJx225\",\n                \"POU84\",\n                {\n                  \"and\": [\n                    {\n                      \"or\": [\n                        {\n                          \"pattern\": \"HF8865\",\n                          \"exclude\": \"VZ25\",\n                          \"info\": \"B9\"\n                        },\n                        \"VP205\",\n                        {\n                          \"pattern\": \"PN4\",\n                          \"info\": \"p0Q9_Qd@7T\"\n                        },\n                        \"ZP2*M\",\n                        \"DS269\"\n                      ]\n                    },\n                    \"AJPx97\",\n                    \"ZF2D\"\n                  ]\n                }\n              ]\n            }\n          ],\n          \"satisfy\": {\n            \"mc\": \">=64\"\n          },\n          \"url\": \"http://qp7mb3t6u25ztueh8.icb8li43zomzomk0-c54jxra1yfs75-uobejsna5lwumhyxk9f62imf3cx7u8l.lwf4ksnr-t5sz9m0-94j5efb.echdn8k2shgmose9qblyc4wk7i790.ttvkj/K;3A%F4%80%AE%A2m4/F,xUuZY\",\n          \"isSelectable\": true,\n          \"W&TH5\": {\n            \"ay\": 2029,\n            \"assign\": [],\n            \"match\": {\n              \"pattern\": \"NY0\",\n              \"info\": \"d,Fd6vt32\"\n            },\n            \"satisfy\": [],\n            \"url\": \"http://t.4c8413972d215vq17hhw0qc.0tr.eco\",\n            \"info\": \"ZI)udQC\",\n            \"isSelectable\": true\n          },\n          \"Y8G7G#e4 Y\": {\n            \"ay\": 1982,\n            \"url\": \"https://zz8m56i7f.g6na3.7jv4mgi7jk-usfby3e56-supami04ap.xnt/FfQ.P/c/wKE0X/=Ftz6iv:c/A5P//oC+!m/9%F1%8F%A8%A8$!%EB%81%8E/KK/%F0%AE%A6%8FRklhm\",\n            \"info\": \"#ym8\",\n            \"isSelectable\": true\n          },\n          \"@o$<?M?Q\": {\n            \"name\": \"`.|b\",\n            \"ay\": 2027,\n            \"assign\": [\n              \"l/R!T= +&1\",\n              \"n\"\n            ],\n            \"info\": \"E\",\n            \"isSelectable\": true\n          },\n          \"z{-oHJ\": {\n            \"name\": \"!$GIM9n$D\",\n            \"ay\": 1974,\n            \"assign\": [\n              \"+5lcF|<@\",\n              \"\",\n              \"-JG`i`r\",\n              \"9aIODCZp(k\",\n              \"\\\"\"\n            ],\n            \"match\": [\n              {\n                \"and\": [\n                  {\n                    \"and\": [\n                      \"UV*A\",\n                      \"MQC12x\"\n                    ]\n                  },\n                  {\n                    \"and\": []\n                  },\n                  {\n                    \"or\": [\n                      {\n                        \"or\": [\n                          \"DQ05N\",\n                          {\n                            \"and\": []\n                          },\n                          \"IS96\",\n                          \"JF2K\",\n                          \"CQ1H\"\n                        ]\n                      },\n                      {\n                        \"pattern\": \"CLA5*3\",\n                        \"exclude\": \"QN5*\",\n                        \"info\": \"~b$[MP4g\"\n                      }\n                    ]\n                  },\n                  {\n                    \"or\": [\n                      \"WRQ5L\"\n                    ]\n                  }\n                ]\n              },\n              {\n                \"pattern\": \"YHD6\",\n                \"info\": \"3[yL3e5s\"\n              },\n              {\n                \"and\": [\n                  {\n                    \"pattern\": \"MD*729\",\n                    \"exclude\": \"UFXxU\",\n                    \"info\": \"~T*h/cxo8t\"\n                  },\n                  \"TPC1R\",\n                  {\n                    \"pattern\": \"OL4B\",\n                    \"exclude\": \"SB0171N\",\n                    \"info\": \"?!{\"\n                  },\n                  {\n                    \"pattern\": \"FY*288\",\n                    \"exclude\": \"XBN5O\",\n                    \"info\": \"VWl@@nZBq\"\n                  },\n                  {\n                    \"pattern\": \"CL71\",\n                    \"exclude\": \"WBQ9338\",\n                    \"info\": \"P0\\\\C1=~i\"\n                  }\n                ]\n              },\n              {\n                \"pattern\": \"IPx\",\n                \"exclude\": [],\n                \"info\": \"`in,C8}JC&\"\n              }\n            ],\n            \"satisfy\": {\n              \"and\": [\n                {\n                  \"or\": [\n                    \"qXI\",\n                    \"@vq$x.Z\",\n                    {\n                      \"and\": [\n                        {\n                          \"or\": [\n                            \"5\",\n                            {\n                              \"mc\": \">=66\"\n                            },\n                            \"nS*~:?cnk,\",\n                            {\n                              \"or\": [\n                                \"\",\n                                {\n                                  \"and\": [\n                                    \"+zFU,\",\n                                    \"KIt,n8g\",\n                                    \"vz\",\n                                    \"WV9t'\\\">iU\",\n                                    \"pyW,h$s/+\"\n                                  ]\n                                },\n                                \"'l:Uc_]G@\"\n                              ]\n                            },\n                            {\n                              \"or\": [\n                                {\n                                  \"mc\": \">=163\"\n                                }\n                              ]\n                            }\n                          ]\n                        },\n                        \"f5)$ S\"\n                      ]\n                    }\n                  ]\n                },\n                \"1JIWY\",\n                {\n                  \"mc\": \">=55\"\n                }\n              ]\n            },\n            \"url\": \"http://5.gazzstk/K8d_/EuAL=ZQ9R\",\n            \"info\": \"%$'\"\n          }\n        },\n        \"w3RIc*p\": {\n          \"name\": \"6GubayFg~5\",\n          \"assign\": [\n            \"2D%=L&W\"\n          ],\n          \"satisfy\": \"@\",\n          \"info\": \"w<O`\",\n          \"isSelectable\": true\n        }\n      },\n      \"9gFQ\": {\n        \"ay\": 1951,\n        \"assign\": \"nw(GY\",\n        \"match\": {\n          \"or\": []\n        },\n        \"satisfy\": {\n          \"or\": []\n        },\n        \"url\": \"http://ceg5ei71.bmn9nzwt34jot018x7udg3edc17re3h4na02a8o3m3xgg9vrzmnmk16.chdfy\",\n        \"info\": \"sDf8S\"\n      }\n    }\n  },\n  {\n    \"title\": \"block sample 1\",\n    \"value\": {\n      \"ay\": 1955,\n      \"assign\": \"\",\n      \"match\": [],\n      \"satisfy\": [\n        \"\",\n        {\n          \"and\": [\n            {\n              \"or\": [\n                {\n                  \"mc\": \"<=109\"\n                },\n                {\n                  \"and\": [\n                    \"jdq<|Wh}D;\",\n                    \"t{H JJ=t&1\"\n                  ]\n                },\n                \"N A(Minuc$\",\n                \"|2@Ro5.z \",\n                {\n                  \"and\": [\n                    \"G3-6AF<v\",\n                    \"gIt^WA),\",\n                    \"_OG;1e\"\n                  ]\n                }\n              ]\n            },\n            {\n              \"and\": [\n                {\n                  \"or\": [\n                    {\n                      \"or\": [\n                        \"=UW4Qss\\\\~\"\n                      ]\n                    },\n                    \"yRn+O$lY`\",\n                    {\n                      \"mc\": \">=110\"\n                    }\n                  ]\n                },\n                \"*;\",\n                {\n                  \"and\": [\n                    {\n                      \"or\": [\n                        \";s}\"\n                      ]\n                    },\n                    \"6IQ\",\n                    \"-EU\"\n                  ]\n                },\n                \"}\"\n              ]\n            }\n          ]\n        },\n        {\n          \"mc\": \">=87\"\n        },\n        \"*J:sX+)S\"\n      ],\n      \"url\": \"http://6wtm56817n87zwuxw9asnl597yejlfqdeultgi9n054xu1-q4je2.1.syq-19qurxa6-gl6tmrqhd2th0nqvjm0rocja-8alpwpas-a8t-0nge77og.0ab37qs-wpw1e83ia4wv4u0l71pps06fiksoo-3grgckuvmk-2g36.blh/%F0%AF%A2%8ESU9\",\n      \"info\": \"$SRRF5!-\",\n      \"isSelectable\": true,\n      \"C'l%{JTa4x\": {\n        \"ay\": 1965,\n        \"assign\": \"P=\",\n        \"match\": {\n          \"or\": [\n            {\n              \"and\": [\n                \"HMOx30N\",\n                {\n                  \"and\": [\n                    \"KXQ87\",\n                    \"IJ195Z\",\n                    \"GG0x*M\",\n                    {\n                      \"and\": [\n                        \"DVx7\",\n                        \"IC78*9\",\n                        {\n                          \"or\": [\n                            \"GDx839\"\n                          ]\n                        },\n                        \"VBF173Q\"\n                      ]\n                    }\n                  ]\n                },\n                {\n                  \"or\": []\n                },\n                \"TR412Z\"\n              ]\n            },\n            {\n              \"and\": [\n                {\n                  \"or\": [\n                    \"TXxxx6\",\n                    \"QW19x2O\"\n                  ]\n                },\n                {\n                  \"pattern\": \"UP5*V\",\n                  \"info\": \"<\"\n                },\n                {\n                  \"pattern\": \"FAQ812W\",\n                  \"exclude\": \"VTC93V\"\n                },\n                \"MF8D\"\n              ]\n            },\n            {\n              \"or\": [\n                \"DY6\",\n                {\n                  \"or\": [\n                    \"WP0\",\n                    \"UA5\",\n                    \"BBM853\",\n                    {\n                      \"and\": []\n                    }\n                  ]\n                },\n                {\n                  \"or\": [\n                    \"JSW49xV\",\n                    {\n                      \"pattern\": \"TP17\",\n                      \"exclude\": \"MH39\",\n                      \"info\": \"Vrh1@i?\"\n                    },\n                    \"MI*6x\",\n                    \"RTHx8C\",\n                    \"MD06\"\n                  ]\n                },\n                \"KS71U\"\n              ]\n            },\n            {\n              \"pattern\": \"FX764\",\n              \"exclude\": [\n                \"UPR06P\",\n                \"GE973\",\n                \"GBx9Z\",\n                \"LFE2C\",\n                \"FVR1C\"\n              ],\n              \"info\": \"x;ew\"\n            }\n          ]\n        },\n        \"satisfy\": {\n          \"or\": [\n            {\n              \"and\": [\n                {\n                  \"and\": [\n                    \"-=r;b$toC\",\n                    \"/L\"\n                  ]\n                }\n              ]\n            }\n          ]\n        },\n        \"url\": \"http://bg70i9k1xu7wpzt1455pjjy6ibdl6be68lf0wf9qcs0jpxcyb26echd2.lf7anh3u44j6trf3.sh4hbla.nnu/.Z.M/F/q)j\",\n        \"info\": \";Sq Z8\"\n      }\n    }\n  },\n  {\n    \"title\": \"block sample 2\",\n    \"value\": {\n      \"name\": \":gch5\",\n      \"ay\": 1958,\n      \"assign\": [\n        \" \",\n        \"8A&\",\n        \"0IUPrC9\",\n        \"]fV\"\n      ],\n      \"match\": {\n        \"and\": [\n          {\n            \"and\": [\n              \"IQx082\",\n              \"VIRx95J\",\n              \"OIK67\",\n              {\n                \"or\": []\n              }\n            ]\n          }\n        ]\n      },\n      \"satisfy\": {\n        \"or\": [\n          {\n            \"and\": []\n          },\n          \"rajRa\"\n        ]\n      },\n      \"url\": \"http://e.xavtd//F$JYF,v/%F0%A5%AC%81/%F2%83%B9%A9e%F2%8F%AE%91rHV/%F2%B1%8C%99WbMMHhq,d/,%F3%A6%9B%AF+7%F2%AA%90%86%E8%BF%8B,/BF/Rpv%F2%A9%9D%B5!j*C%F1%90%A4%A8/v3t7XV%F0%B0%85%83g/d.$3A\",\n      \"isSelectable\": true\n    }\n  },\n  {\n    \"title\": \"block sample 3\",\n    \"value\": {\n      \"name\": \"\",\n      \"ay\": 2027,\n      \"assign\": [\n        \"C{D$%\"\n      ],\n      \"match\": [\n        \"AFZ91\"\n      ],\n      \"satisfy\": [\n        \"y %t[x}{q\",\n        {\n          \"mc\": \">=3\"\n        }\n      ],\n      \"url\": \"http://960f59ya3la7i4m1wr5ly57at20qk2upjhlm.e.xqvhqhjnzo/Ip\",\n      \"info\": \"\",\n      \"isSelectable\": true\n    }\n  },\n  {\n    \"title\": \"block sample 4\",\n    \"value\": {\n      \"name\": \"\",\n      \"ay\": 2015,\n      \"assign\": \"l)&\",\n      \"match\": \"XM7\",\n      \"satisfy\": {\n        \"or\": [\n          {\n            \"and\": []\n          },\n          {\n            \"mc\": \">=5\"\n          }\n        ]\n      },\n      \"url\": \"http://kzjzk91n-26c8c1qa8.f9nx4ftfn1ilrtionedxeio0w79fu0nlq.dvtz//'@O%F4%81%97%A6-O.O(/8/_M-w/CMR@/Q%E1%83%87rHkFQS%F1%87%A4%91%F3%88%BB%88/.e%F4%88%B2%8C%F4%8E%99%BE8)F@/f3iA:+:Pg%F1%BF%AE%93/e1A/0KBOZ6*QM-\",\n      \"info\": \"\",\n      \"isSelectable\": true\n    }\n  },\n  {\n    \"title\": \"block sample 5\",\n    \"value\": {\n      \"name\": \"\",\n      \"ay\": 1955,\n      \"assign\": \"\",\n      \"satisfy\": {\n        \"and\": [\n          {\n            \"mc\": \">=199\"\n          }\n        ]\n      },\n      \"url\": \"https://0f8bvec988fce5978f8fcxddva38ed.casuu/gdY:/enIyP6W/b\",\n      \"isSelectable\": true,\n      \"%d0DLiUg\": {\n        \"name\": \",t,8\",\n        \"ay\": 1996,\n        \"assign\": [],\n        \"match\": {\n          \"pattern\": \"EIPx5Z\",\n          \"exclude\": \"IEZ9\",\n          \"info\": \"m.Y0J~g\"\n        },\n        \"satisfy\": [\n          {\n            \"and\": [\n              {\n                \"and\": [\n                  {\n                    \"or\": [\n                      {\n                        \"or\": []\n                      },\n                      {\n                        \"mc\": \"<=96\"\n                      }\n                    ]\n                  },\n                  {\n                    \"and\": [\n                      \"+97A\",\n                      \"\",\n                      \"6jU\",\n                      \"tf[KO\",\n                      \"0k\"\n                    ]\n                  },\n                  {\n                    \"and\": [\n                      \"Cqc\"\n                    ]\n                  },\n                  \"_w,mZ*\"\n                ]\n              },\n              {\n                \"and\": [\n                  {\n                    \"mc\": \">=144\"\n                  },\n                  {\n                    \"mc\": \"<=69\"\n                  },\n                  \"\\\\2.sRDN5l8\",\n                  {\n                    \"mc\": \"<=22\"\n                  },\n                  {\n                    \"mc\": \">=81\"\n                  }\n                ]\n              },\n              {\n                \"mc\": \">=138\"\n              },\n              {\n                \"mc\": \">=127\"\n              }\n            ]\n          },\n          {\n            \"mc\": \">=34\"\n          },\n          {\n            \"or\": [\n              {\n                \"and\": [\n                  {\n                    \"or\": [\n                      \"5\",\n                      {\n                        \"mc\": \"<=23\"\n                      }\n                    ]\n                  },\n                  \"KBz/\",\n                  {\n                    \"mc\": \">=61\"\n                  },\n                  \"7qZ \"\n                ]\n              }\n            ]\n          }\n        ],\n        \"url\": \"https://p.cqirr-lv7llaiilscypb4x0trp0yxwccmghs.ed9wpxchwtr7ybzvdbejxd7vkyk.vo7xhu2-jxuwf03tn77c0w53.t05tj5leipha098shusw61c2pbst6-z1dg5erfl.bt/NJ/NU(0gNBhPh/=U%F3%A6%98%92/Kv/66+id/wef)V07P//%F1%92%88%84wdH/HaP%F2%AA%8B%83Zos/z\",\n        \"info\": \"P3>*Q\\\"J#\",\n        \"isSelectable\": true,\n        \"\": {\n          \"name\": \"\",\n          \"assign\": \"r&6aa8o\",\n          \"satisfy\": {\n            \"and\": [\n              {\n                \"mc\": \"<=114\"\n              },\n              {\n                \"mc\": \"<=13\"\n              },\n              {\n                \"mc\": \"<=42\"\n              }\n            ]\n          },\n          \"url\": \"http://dg4lcewys7erh9tfjmmaj45rt8ikurkyxz12-d3firazmvody8rd-47ucst.9zfi9fv03d5bpz4t.r.34wp0nfqeu5csmibw-m-80h0rmotqrwmdprv-f321re-o4s61pqcdz86rmacfie.h3glx.jk/%E2%85%92L4os6al,/8jc3/GLv7c/vamNE6/.F/%F1%93%B3%B2%F3%94%92%83/8rq/N1qti\"\n        },\n        \"H|mog.D[-\": {\n          \"name\": \"\",\n          \"ay\": 2028,\n          \"match\": [\n            \"WQ8416\",\n            {\n              \"and\": []\n            },\n            {\n              \"pattern\": \"KS19\",\n              \"exclude\": [\n                \"CET37\",\n                \"SBA*4\",\n                \"AD2\",\n                \"JF59W\"\n              ],\n              \"info\": \"aU\"\n            },\n            \"SG921D\",\n            \"UHY4*D\"\n          ],\n          \"satisfy\": [\n            {\n              \"or\": [\n                {\n                  \"or\": [\n                    {\n                      \"or\": [\n                        \"YzEEAv|Z#<\"\n                      ]\n                    },\n                    \"~da7eI}\",\n                    {\n                      \"or\": [\n                        \"2JxN^>zn\",\n                        \"&&n/1GfW\",\n                        {\n                          \"mc\": \">=34\"\n                        },\n                        {\n                          \"or\": [\n                            {\n                              \"mc\": \"<=178\"\n                            },\n                            {\n                              \"and\": []\n                            },\n                            \"[OPV&8C]\"\n                          ]\n                        },\n                        {\n                          \"or\": []\n                        }\n                      ]\n                    },\n                    {\n                      \"mc\": \">=36\"\n                    }\n                  ]\n                },\n                \"6LF2Rf3e`\"\n              ]\n            },\n            \"=<\\\\_?\"\n          ],\n          \"info\": \"t<\",\n          \"isSelectable\": true,\n          \"I[u\": {\n            \"name\": \"/~fJNMLY/\",\n            \"ay\": 2017,\n            \"assign\": [\n              \"_#8\",\n              \").;5X&uwVS\",\n              \"MOm0wQj=\",\n              \"F}Cx,\",\n              \"!3Z:L\"\n            ],\n            \"match\": [],\n            \"satisfy\": \"\",\n            \"url\": \"http://3sfy8ly3n1ozg-9odteghko429oq-r26zja72-bofp1qjhpgl6rhfbt.ob.zmg/7+,/0%F0%B1%A8%A3/G9./yJcG5sd%F1%A1%A6%81/Gp9Ej9/%F2%9B%81%81qdE%F2%BB%BB%B9Mp0%F1%84%8B%8C6/m/.9E:8t1Q1/m(6DQVQ/38&:=\",\n            \"info\": \"4TX\",\n            \"isSelectable\": true\n          },\n          \"\\\\;p>(\": {\n            \"name\": \"\",\n            \"ay\": 2025,\n            \"match\": {\n              \"pattern\": \"NY39Y\",\n              \"exclude\": \"EUx92*G\",\n              \"info\": \"fwzGW]|P@\"\n            },\n            \"satisfy\": [\n              {\n                \"or\": [\n                  {\n                    \"or\": [\n                      {\n                        \"mc\": \"<=113\"\n                      },\n                      {\n                        \"mc\": \">=101\"\n                      },\n                      {\n                        \"or\": [\n                          \"32j9'z#\",\n                          \"aK!dZA?\\\"V\",\n                          \"\",\n                          \"Yl8t]$Hv\",\n                          \"&]Y4\"\n                        ]\n                      },\n                      {\n                        \"and\": []\n                      },\n                      \"Z5adD\"\n                    ]\n                  }\n                ]\n              }\n            ],\n            \"url\": \"http://pyin-1fm74n-l2q.sbmnawkl3553j-44wg-dxzheqbznyogrvtrfq.48x59lelp59i8w.f7y5s37usxixwjj4glajehye0irui54joc9w8lupk4xr8p.tvf/!\",\n            \"isSelectable\": true\n          },\n          \"74VU+k-\": {\n            \"name\": \"^<\",\n            \"ay\": 1962,\n            \"assign\": \"4?&tA\",\n            \"match\": {\n              \"pattern\": \"YY38Z\",\n              \"exclude\": []\n            },\n            \"satisfy\": \"!&yn;#{$^\",\n            \"url\": \"https://eamd56w2rf.yfq7bg62zafdr2u6uv-qzq2m4we2wf7mvkr0wwwy4lm-f9dc.z5n8atxpyks8dj3t5v.j0gyhimk.ydwxn/x2(/T-Z:+6%F0%A2%A6%9Bch-\",\n            \"info\": \"Z\",\n            \"isSelectable\": true\n          }\n        }\n      },\n      \"0yDtu[%I3,\": {\n        \"name\": \"TO`\",\n        \"ay\": 1957,\n        \"assign\": [\n          \"~F&18\"\n        ],\n        \"info\": \"N32<\",\n        \"isSelectable\": true\n      },\n      \"D\": {\n        \"name\": \"1_x4H$H8\",\n        \"ay\": 2007,\n        \"assign\": [\n          \"yjN{Oj\",\n          \"Pio\",\n          \"IwFup)]\"\n        ],\n        \"match\": [\n          \"LV3035M\",\n          \"OP0285\",\n          {\n            \"pattern\": \"FUJ41\",\n            \"exclude\": \"BRP014\"\n          },\n          \"YB3U\"\n        ],\n        \"satisfy\": \";Q\",\n        \"url\": \"https://sm4s0y-876.d046y-th-mzpjimbg1mxijo5ogrdh-ypd5gm-xhjflz65aemh-o8h8c1dmpow.b55o65-pmn0ddq2.jrvibkd/JP/IRBv-rp//*Q*xwUa%F3%8E%91%81/%F0%BC%8D%8Bl+IEQz/t/Tuz3/JP=T//x\",\n        \"info\": \"lQ\",\n        \"isSelectable\": true\n      }\n    }\n  },\n  {\n    \"title\": \"block sample 6\",\n    \"value\": {\n      \"name\": \"x\",\n      \"assign\": \"i$(\",\n      \"match\": {\n        \"and\": [\n          {\n            \"and\": [\n              \"UE3389O\",\n              \"XW0A\",\n              {\n                \"or\": [\n                  {\n                    \"and\": [\n                      \"IJ3028\"\n                    ]\n                  },\n                  {\n                    \"or\": [\n                      \"JHN49x\",\n                      \"RKxT\",\n                      \"TNZ33\",\n                      \"NO4\"\n                    ]\n                  },\n                  \"BRZ60x\"\n                ]\n              },\n              {\n                \"or\": [\n                  \"AH2x4\",\n                  \"FQ0725\",\n                  \"MGB*7\"\n                ]\n              },\n              {\n                \"or\": [\n                  \"LHA490G\",\n                  {\n                    \"or\": [\n                      {\n                        \"pattern\": \"UU032x\",\n                        \"info\": \"g\"\n                      },\n                      \"PJSxx63Q\"\n                    ]\n                  },\n                  \"BW04\"\n                ]\n              }\n            ]\n          }\n        ]\n      },\n      \"satisfy\": {\n        \"and\": []\n      },\n      \"url\": \"https://2tv43cud2loo9vt-5.qdar2uuwbthkx2vvdf9wltw6h5g3ed3v7czrznvxteatyi8gsray2x.kv.wnngmykhxrtxbnd48v0f-3j1gumflbmazf3rlhm6718cnf.zdv1g2ivnsbna77mh310-1sggsfnxw47sdpyz8lmj3mgkcjkym1qr2xds.ouhgz/%F1%9A%B5%80%F3%B5%A5%AFd/Z%F4%8F%BF%BC/\",\n      \"info\": \"?y\\\"`(!$\",\n      \"isSelectable\": true,\n      \"U\": {\n        \"name\": \"\",\n        \"assign\": \"V2oqr\",\n        \"satisfy\": [\n          {\n            \"and\": []\n          }\n        ],\n        \"url\": \"http://4di.a.kotk//D-H/DxZJ%E4%8E%A8XaE%F2%82%96%986/8WE.!0hM&h/Jnr6/q%E5%93%88,F&%F2%82%A7%BDM\",\n        \"info\": \"\",\n        \"isSelectable\": true\n      }\n    }\n  },\n  {\n    \"title\": \"block sample 7\",\n    \"value\": {\n      \"ay\": 1962,\n      \"assign\": [],\n      \"match\": {\n        \"or\": [\n          {\n            \"and\": [\n              {\n                \"or\": [\n                  \"II58x1M\"\n                ]\n              },\n              \"OU7367L\"\n            ]\n          },\n          {\n            \"pattern\": \"VE7674\",\n            \"exclude\": \"JRJ0X\",\n            \"info\": \"\"\n          },\n          {\n            \"pattern\": \"TOM557\",\n            \"exclude\": \"IF0G\",\n            \"info\": \"k\\\\Ig}|-7@L\"\n          },\n          {\n            \"pattern\": \"GVYxx8xG\",\n            \"exclude\": [\n              \"XAN7775\",\n              \"PH1x01P\"\n            ],\n            \"info\": \"\"\n          }\n        ]\n      },\n      \"satisfy\": {\n        \"mc\": \"<=198\"\n      },\n      \"url\": \"http://y.nsqkrepa/haG++@K\",\n      \"info\": \"K5y\",\n      \"isSelectable\": true\n    }\n  },\n  {\n    \"title\": \"block sample 8\",\n    \"value\": {\n      \"name\": \"gRFO[$|>q\",\n      \"ay\": 1956,\n      \"assign\": \"Cc3<\",\n      \"url\": \"http://t.09y9x87k5tuytv3-3neqld8.kgg///qHg/B!vh9J,9/$ulD*n7%F4%8E%A3%ABfV/BmgCHeD%F2%91%98%86/gHM/,fo\",\n      \"info\": \":g4\",\n      \"\": {\n        \"ay\": 1976,\n        \"assign\": [\n          \"X0y6h[rg\",\n          \"O~^L|/uDzv\"\n        ],\n        \"match\": {\n          \"or\": [\n            \"YP757\",\n            {\n              \"and\": [\n                \"AA425xI\",\n                {\n                  \"pattern\": \"WU6612F\",\n                  \"exclude\": \"PI6x\",\n                  \"info\": \"\\\"L\"\n                }\n              ]\n            },\n            {\n              \"or\": [\n                \"ZY58R\"\n              ]\n            },\n            \"ZN060Y\",\n            {\n              \"pattern\": \"YDI6I\",\n              \"exclude\": [\n                \"VN032\",\n                \"QRF606I\",\n                \"EZ*\",\n                \"WOIxP\",\n                \"ADH0xx6U\"\n              ],\n              \"info\": \"T P/\"\n            }\n          ]\n        },\n        \"satisfy\": {\n          \"or\": [\n            {\n              \"and\": []\n            },\n            {\n              \"and\": [\n                {\n                  \"mc\": \"<=140\"\n                }\n              ]\n            },\n            \"B|Z7~RB*O\",\n            {\n              \"and\": [\n                {\n                  \"and\": []\n                }\n              ]\n            }\n          ]\n        },\n        \"url\": \"http://29vzcf3pap0o575cgtcp.n6bi75nz0z8gc-qy7rpvaemtjiua39wxd2pdtdsivn2es.bym/I/$Y%F3%95%82%BC/dba(Z340L/D',bz%F3%A7%A0%98R0_/T%F3%A3%9F%BF/a~F2/R/m%F1%AF%B0%97ISn8\",\n        \"info\": \"dBM5Q\",\n        \"isSelectable\": true\n      },\n      \")ab.\": {\n        \"name\": \"[~e*\",\n        \"assign\": \"(X\",\n        \"match\": [\n          {\n            \"pattern\": \"XNC3\",\n            \"exclude\": [\n              \"ACF6*\",\n              \"ON0D\",\n              \"QPQ75G\",\n              \"FFZ3745R\"\n            ],\n            \"info\": \"\\\\b@^a_eo~k\"\n          }\n        ],\n        \"satisfy\": {\n          \"and\": [\n            {\n              \"mc\": \">=20\"\n            },\n            {\n              \"or\": []\n            }\n          ]\n        },\n        \"url\": \"https://l3-5kf7ya7si1ew6bpvbmf0prpatjd.hpqrbbeti2eon2jtoez79ety6pl4tj1mf4el3.5oig8-t0qk.bkgxru/&%F0%B3%AA%98Y=%F1%82%99%9Bt/R%F0%A3%8E%95!qlE/s8u0)3&/NBt/tG\",\n        \"info\": \"/Kq3K&t?|D\",\n        \"isSelectable\": true,\n        \"\": {\n          \"ay\": 2023,\n          \"match\": [],\n          \"satisfy\": [\n            {\n              \"and\": [\n                {\n                  \"mc\": \">=89\"\n                },\n                \"a6QbtP%R\",\n                \"R8RBeC_Z:\",\n                {\n                  \"or\": [\n                    {\n                      \"mc\": \"<=191\"\n                    }\n                  ]\n                },\n                \"]|Zpw\"\n              ]\n            },\n            {\n              \"and\": [\n                {\n                  \"or\": [\n                    \"K\\\\)?Ml\",\n                    \"n,7\\\"pyGK-\",\n                    \"kG&E$\",\n                    \"GFA+H]L-|H\",\n                    {\n                      \"and\": []\n                    }\n                  ]\n                },\n                {\n                  \"or\": [\n                    {\n                      \"or\": [\n                        {\n                          \"mc\": \"<=138\"\n                        },\n                        {\n                          \"or\": [\n                            \"P%\",\n                            \"y&\"\n                          ]\n                        },\n                        \"a\",\n                        {\n                          \"or\": [\n                            \"P/6CN'&\",\n                            \"/9_(l\",\n                            {\n                              \"or\": [\n                                \"YGzkb#\",\n                                \"ecO.yi;\",\n                                \"no~:#V\"\n                              ]\n                            },\n                            \"R\",\n                            \"(\"\n                          ]\n                        },\n                        {\n                          \"or\": [\n                            {\n                              \"and\": [\n                                \"7mzOi^G9F\",\n                                \"Ea\",\n                                \"Cl\",\n                                \"Jeb2;Y_P\",\n                                \"Kcq#]\"\n                              ]\n                            },\n                            {\n                              \"mc\": \">=154\"\n                            },\n                            {\n                              \"mc\": \"<=145\"\n                            }\n                          ]\n                        }\n                      ]\n                    },\n                    {\n                      \"or\": []\n                    }\n                  ]\n                }\n              ]\n            },\n            {\n              \"or\": [\n                {\n                  \"mc\": \"<=122\"\n                },\n                \"?0!uhz_q\",\n                {\n                  \"mc\": \">=10\"\n                }\n              ]\n            },\n            {\n              \"and\": []\n            },\n            \"C\"\n          ],\n          \"url\": \"https://regics69fret8.x7g3kolu6iq577fa2es8ah5qv.gzx6zac077b5db.9tppw9hl83po3b7843cacyul0pif7d6eq89f-t-658171uanqxlq.bxexem50i872bg9x0jv6rlidnn2esg.oeedhv/jPkIH3/(4&.//uM%F0%97%A7%BD4Pzaq;/Uzj%F1%96%AE%90hp$F%F3%A1%97%A4/6W%F0%9A%B4%87/u%F2%8F%84%A5bCIpH%F1%99%B7%B9D/CV!C,/\",\n          \"info\": \":\\\"\",\n          \"isSelectable\": true\n        },\n        \"a=fs|j\": {\n          \"name\": \",yCM'?{\",\n          \"ay\": 1960,\n          \"assign\": \"H5E\",\n          \"match\": {\n            \"or\": [\n              {\n                \"or\": []\n              },\n              {\n                \"and\": [\n                  {\n                    \"or\": [\n                      \"XW48\"\n                    ]\n                  },\n                  {\n                    \"or\": [\n                      {\n                        \"and\": [\n                          \"UD2Y\"\n                        ]\n                      },\n                      {\n                        \"pattern\": \"JQF443\",\n                        \"exclude\": [\n                          \"WPF5O\"\n                        ]\n                      },\n                      {\n                        \"or\": [\n                          \"MV195A\",\n                          \"DTD1R\",\n                          \"UGQ81M\"\n                        ]\n                      }\n                    ]\n                  }\n                ]\n              },\n              {\n                \"pattern\": \"NBO3*8\",\n                \"exclude\": [\n                  \"HF113C\",\n                  \"DBJ11\",\n                  \"YM965W\"\n                ],\n                \"info\": \"/K<F#)H~y{\"\n              },\n              {\n                \"or\": [\n                  {\n                    \"pattern\": \"BP6xU\",\n                    \"exclude\": [\n                      \"YS0952T\"\n                    ],\n                    \"info\": \"!p h7x\"\n                  },\n                  \"AZ*3\",\n                  {\n                    \"pattern\": \"NA948P\",\n                    \"exclude\": \"BGF272\"\n                  },\n                  \"DCX3B\"\n                ]\n              },\n              {\n                \"pattern\": \"MV473\",\n                \"info\": \"<g'v-i\"\n              }\n            ]\n          },\n          \"satisfy\": [\n            \"\",\n            {\n              \"mc\": \"<=181\"\n            },\n            {\n              \"or\": [\n                \"NL`th0]!Wg\"\n              ]\n            },\n            {\n              \"or\": [\n                \"D\\\"\\\\i\\\"3\",\n                {\n                  \"or\": [\n                    \"\",\n                    {\n                      \"or\": [\n                        {\n                          \"mc\": \"<=180\"\n                        },\n                        {\n                          \"mc\": \"<=172\"\n                        },\n                        \"4Rn8O,E^O&\"\n                      ]\n                    }\n                  ]\n                },\n                \"o5&q\\\\+\",\n                {\n                  \"mc\": \">=15\"\n                }\n              ]\n            },\n            {\n              \"or\": [\n                {\n                  \"and\": [\n                    {\n                      \"and\": []\n                    },\n                    {\n                      \"mc\": \">=73\"\n                    },\n                    \"\",\n                    \"W>\"\n                  ]\n                },\n                \"W.?h3\",\n                \"@6+CucZQ%(\",\n                {\n                  \"or\": []\n                }\n              ]\n            }\n          ],\n          \"info\": \"r\",\n          \"isSelectable\": true\n        },\n        \"m_rm%\": {\n          \"name\": \">}s0\",\n          \"ay\": 2021,\n          \"assign\": [\n            \"F8)u=\",\n            \"hmu&e%h\"\n          ],\n          \"match\": [],\n          \"satisfy\": [\n            {\n              \"or\": [\n                {\n                  \"and\": [\n                    {\n                      \"mc\": \"<=59\"\n                    },\n                    {\n                      \"and\": [\n                        {\n                          \"or\": [\n                            {\n                              \"and\": []\n                            },\n                            \".\"\n                          ]\n                        },\n                        \"mYf_$z,~\",\n                        \")lLyr>c8l\",\n                        \"*B'\",\n                        {\n                          \"or\": [\n                            {\n                              \"mc\": \">=106\"\n                            },\n                            \"\",\n                            \" }[V1>I\"\n                          ]\n                        }\n                      ]\n                    },\n                    \"[ydi\",\n                    {\n                      \"and\": [\n                        {\n                          \"or\": [\n                            \"z4!!|\",\n                            \"&\",\n                            {\n                              \"and\": []\n                            }\n                          ]\n                        },\n                        {\n                          \"mc\": \">=88\"\n                        },\n                        \"8tKJ=ts#\",\n                        {\n                          \"mc\": \">=65\"\n                        },\n                        {\n                          \"and\": [\n                            {\n                              \"and\": [\n                                {\n                                  \"and\": [\n                                    {\n                                      \"and\": [\n                                        \"@9JB/~h\",\n                                        \"5v\"\n                                      ]\n                                    },\n                                    \"$,;),HSNNw\"\n                                  ]\n                                },\n                                \"lV#4|}dj\"\n                              ]\n                            },\n                            \"$\",\n                            {\n                              \"or\": [\n                                \"9CA\"\n                              ]\n                            },\n                            \"i3rRI`\"\n                          ]\n                        }\n                      ]\n                    }\n                  ]\n                },\n                {\n                  \"mc\": \">=88\"\n                },\n                {\n                  \"and\": []\n                }\n              ]\n            },\n            \"9*>W\\\\\"\n          ],\n          \"url\": \"https://igxtjh.mjtu/\",\n          \"info\": \"[;xT!X^2W\",\n          \"isSelectable\": true\n        },\n        \"MZ7y6%\": {\n          \"name\": \"\",\n          \"assign\": [\n            \"T?]f<\",\n            \"s|uI\",\n            \";DA:Esq)\"\n          ],\n          \"url\": \"http://qqb4maoho8sggl.arn.3guw1gbxcop.b.js7v-q363y1.tcsvsveckz/5%F1%B9%9F%A8D0%F3%9E%9B%A3R1/3p*Z1/Y%F4%8B%97%AAj@(ZCaL/C$,L%F2%B8%AB%8BA6Q7/PZ/JLe6n/=d;kv~/J/%F1%9B%8B%9DnuL3mwEV6\",\n          \"info\": \"Hh\",\n          \"isSelectable\": true\n        },\n        \"l\": {\n          \"ay\": 1966,\n          \"assign\": \"7\",\n          \"satisfy\": {\n            \"mc\": \">=186\"\n          },\n          \"info\": \" v&tK`?\",\n          \"isSelectable\": true\n        }\n      },\n      \"ny1rC;zi^\": {\n        \"ay\": 2027,\n        \"assign\": \"\",\n        \"match\": \"AS19x0T\",\n        \"url\": \"http://v.phc0r83ph.rphhvh/zCpq/vhF~tMO%F3%AE%8B%80*\",\n        \"info\": \"+\",\n        \"isSelectable\": true,\n        \"?$%kMqi^m\": {\n          \"name\": \"WkLy]/o\",\n          \"ay\": 1952,\n          \"assign\": \"h\",\n          \"match\": {\n            \"pattern\": \"AHT379T\",\n            \"exclude\": \"LLH8\"\n          },\n          \"satisfy\": [],\n          \"url\": \"https://jbqvz8obqdjwbj-w-np09zsv1jl2xxcqpjkh22zcb09t.gwt36enu7pqd35b5-wl4zus1p41le9jp6s-4ukryt2.twwwsjya/Egy/oa'g0:lA/+j&p7o2%F3%88%8F%A3D/NFyRTmm;Gi/9ElC/%F0%90%B2%ADRN%F1%8D%98%BEXb2\",\n          \"info\": \"C:\",\n          \"isSelectable\": true\n        },\n        \"F(y-*,\": {\n          \"name\": \";d2c8th0kj\",\n          \"ay\": 1974,\n          \"assign\": [\n            \"M<\",\n            \"[cU{$Eohs\",\n            \"vn<'q9\",\n            \"SDB(8Zj\",\n            \"=Dxxpu\"\n          ],\n          \"match\": {\n            \"or\": [\n              {\n                \"and\": [\n                  {\n                    \"or\": []\n                  },\n                  \"PMY*80\"\n                ]\n              },\n              \"BOY3\",\n              {\n                \"pattern\": \"XR2*12\",\n                \"exclude\": \"BY6228C\",\n                \"info\": \"\"\n              }\n            ]\n          },\n          \"info\": \"V`s/z$eq{I\",\n          \"isSelectable\": true\n        },\n        \"R-3>{[7/bO\": {\n          \"name\": \"Em\",\n          \"ay\": 1966,\n          \"assign\": [\n            \"x5?PbuR0nt\"\n          ],\n          \"match\": [\n            {\n              \"and\": []\n            },\n            {\n              \"and\": [\n                {\n                  \"pattern\": \"OR*\",\n                  \"exclude\": \"QW4Y\",\n                  \"info\": \"9\"\n                },\n                {\n                  \"pattern\": \"YX6V\",\n                  \"exclude\": [\n                    \"RI2572N\",\n                    \"IDN0*K\"\n                  ],\n                  \"info\": \"NG|\"\n                }\n              ]\n            },\n            {\n              \"or\": [\n                {\n                  \"and\": [\n                    \"FYx7*J\",\n                    {\n                      \"pattern\": \"ME*8\",\n                      \"info\": \"fq\"\n                    },\n                    {\n                      \"pattern\": \"NS2*\",\n                      \"exclude\": [\n                        \"MJ9153\",\n                        \"RM845\",\n                        \"YBB3440X\"\n                      ],\n                      \"info\": \"%(O;QS\\\"$N]\"\n                    },\n                    {\n                      \"or\": [\n                        \"PT8x9\",\n                        \"FST38\",\n                        \"XM9151\",\n                        \"EA7568\"\n                      ]\n                    },\n                    {\n                      \"or\": [\n                        \"EHZ728X\",\n                        {\n                          \"or\": [\n                            \"NBZ1x\",\n                            \"XA90F\",\n                            \"ZJ92H\",\n                            {\n                              \"or\": [\n                                \"XDE7B\"\n                              ]\n                            },\n                            \"TYL5I\"\n                          ]\n                        },\n                        {\n                          \"or\": []\n                        }\n                      ]\n                    }\n                  ]\n                },\n                \"OT*5*7W\",\n                {\n                  \"or\": [\n                    \"ZXO16\",\n                    \"ZMP*7\",\n                    \"HE494xI\",\n                    {\n                      \"and\": [\n                        \"PSQ40x1E\",\n                        \"US581W\"\n                      ]\n                    }\n                  ]\n                }\n              ]\n            }\n          ],\n          \"info\": \"m)22s\",\n          \"isSelectable\": true\n        },\n        \"\": {\n          \"name\": \"\",\n          \"ay\": 2028,\n          \"assign\": [\n            \"\",\n            \"ebHEZ\\\"LV\"\n          ],\n          \"url\": \"http://gd067ovq79hlpggd50queeupa3bg15o9ff5jdbwp1yb.rck32jczmicw6ybz8q3r-zwmf5ge2qqx1kmzft3b2.ssyodxnwy/mQXbX,/(tH/H9xAlvRs1/cm2j/1O:s'zwv/m2a=-@+E1/%E0%BD%B8niZ/LqmaeP~Eh/j3dA~.Z\",\n          \"info\": \"2E\",\n          \"isSelectable\": true\n        }\n      },\n      \"js^\": {\n        \"name\": \"xr1zDZU>2:\",\n        \"ay\": 1957,\n        \"assign\": \"\",\n        \"match\": [\n          {\n            \"pattern\": \"TAQ0H\",\n            \"exclude\": \"WE264\",\n            \"info\": \"c`c%\"\n          }\n        ],\n        \"satisfy\": {\n          \"mc\": \">=37\"\n        },\n        \"url\": \"https://20f2hzftbbo1pc59oiaag5fcs15kbcz0vh64v7xyjn44jpw-2vlp9.zc5j-zw6ot4jt9evlz35culxv31euj68s0hoh3nuys9et9.iij8m04aukkqnnp2.z.5q-6mew905asa45b6pzxs79frzxy.lvdy/%F2%A6%B7%BCzb7.OKuq//%F3%B4%8C%A9UOiW%F0%AA%A5%91H1=/w%F0%B8%8C%85=S&H3@i/nf&DTQFNof/vP%F1%A0%B7%B8*zlne;M/mf:Dh86zG/hxjv=(1%E6%8D%94;\",\n        \"info\": \"4X~u;U\",\n        \"isSelectable\": true\n      }\n    }\n  },\n  {\n    \"title\": \"block sample 9\",\n    \"value\": {\n      \"assign\": \"1#q&Tsd!`~\",\n      \"match\": \"GE98Y\",\n      \"satisfy\": {\n        \"and\": []\n      },\n      \"info\": \"2p\",\n      \"isSelectable\": true\n    }\n  }\n]",
              "code": "fast_check_1.sample(index_test_2.block, 10).forEach((sample, i) => addContext_1.default(this, {\n    title: `block sample ${i}`,\n    value: sample,\n}));\nreturn fast_check_1.assert(fast_check_1.property(index_test_2.block, ajvValidate));",
              "err": {},
              "uuid": "a1b930b8-2551-4466-9802-7082c22a1b48",
              "parentUUID": "9a5ad303-f0ca-47dc-8a52-c5e36faf4daf",
              "isHook": false,
              "skipped": false
            },
            {
              "title": "should not validate non-object",
              "fullTitle": "blockSchema should not validate non-object",
              "timedOut": false,
              "duration": 1,
              "state": "passed",
              "speed": "fast",
              "pass": true,
              "fail": false,
              "pending": false,
              "context": null,
              "code": "const error = {\n    instancePath: \"\",\n    message: \"block should be an object\",\n};\nisInvalidBlock(null, error);\nisInvalidBlock(undefined, error);\nisInvalidBlock(10, error);\nisInvalidBlock([12, 24], error);\nisInvalidBlock(\"abc\", error);",
              "err": {},
              "uuid": "3df85323-240e-460d-a45d-d28fb8a60b31",
              "parentUUID": "9a5ad303-f0ca-47dc-8a52-c5e36faf4daf",
              "isHook": false,
              "skipped": false
            },
            {
              "title": "should not validate block with invalid properties",
              "fullTitle": "blockSchema should not validate block with invalid properties",
              "timedOut": false,
              "duration": 1,
              "state": "passed",
              "speed": "fast",
              "pass": true,
              "fail": false,
              "pending": false,
              "context": null,
              "code": "isInvalidBlock({\n        name: { foo: \"bar\" },\n        ay: -1000,\n        assign: {},\n        match: 1,\n        satisfy: 2,\n        url: { abc: \"def\" },\n        info: 42,\n        isSelectable: 32,\n    }, { instancePath: \"/name\", message: \"property 'name' should be a string\" }, {\n        instancePath: \"/ay\",\n        message: \"property 'ay' should be a positive integer\",\n    }, {\n        instancePath: \"/assign\",\n        message: \"property 'assign' should be either a block ID or an array of block IDs\",\n    }, {\n        instancePath: \"/match\",\n        message: \"property 'match' should be either a match rule or an array of match rules\",\n    }, {\n        instancePath: \"/satisfy\",\n        message: \"property 'satisfy' should be either a satisfy rule or an array of satisfy rules\",\n    }, { instancePath: \"/url\", message: \"property 'url' should be a string\" }, { instancePath: \"/info\", message: \"property 'info' should be a string\" }, {\n        instancePath: \"/isSelectable\",\n        message: \"property 'isSelectable' should be a boolean\",\n    })",
              "err": {},
              "uuid": "52075401-af7b-43d6-be46-79ce9df64344",
              "parentUUID": "9a5ad303-f0ca-47dc-8a52-c5e36faf4daf",
              "isHook": false,
              "skipped": false
            }
          ],
          "suites": [],
          "passes": [
            "a1b930b8-2551-4466-9802-7082c22a1b48",
            "3df85323-240e-460d-a45d-d28fb8a60b31",
            "52075401-af7b-43d6-be46-79ce9df64344"
          ],
          "failures": [],
          "pending": [],
          "skipped": [],
          "duration": 173,
          "root": false,
          "rootEmpty": false,
          "_timeout": 2000
        },
        {
          "uuid": "534aac8d-1be2-4840-adb7-22d26e842889",
          "title": "patternToRE",
          "fullFile": "/home/runner/work/planwithus-lib/planwithus-lib/src/matchRule/pattern/satisfiers.test.ts",
          "file": "/src/matchRule/pattern/satisfiers.test.ts",
          "beforeHooks": [],
          "afterHooks": [],
          "tests": [
            {
              "title": "should match valid modules with a single pattern",
              "fullTitle": "patternToRE should match valid modules with a single pattern",
              "timedOut": false,
              "duration": 15,
              "state": "passed",
              "speed": "fast",
              "pass": true,
              "fail": false,
              "pending": false,
[...]
              "err": {},
              "uuid": "7eb7f768-e0f3-4014-b00e-86d5e630a8f8",
              "parentUUID": "b689cd25-8498-4074-b384-7533e0c9787e",
              "isHook": false,
              "skipped": false
            },
            {
              "title": "should preserve list of modules with upper bound of MCs if total MC count is lower",
              "fullTitle": "inequalitySatisfier should preserve list of modules with upper bound of MCs if total MC count is lower",
              "timedOut": false,
              "duration": 1,
              "state": "passed",
              "speed": "fast",
              "pass": true,
              "fail": false,
              "pending": false,
              "context": null,
              "code": "const satisfier = satisfiers_1.inequalitySatisfier(ref, \"<=32\");\nsatisfier.should.have.property(\"filter\");\nconst { filter } = satisfier;\nisCorrectFilter(filter, modulesList1, modulesList1.map(([moduleStr]) => moduleStr));",
              "err": {},
              "uuid": "e6a0727e-3c11-445e-be65-9505e109562e",
              "parentUUID": "b689cd25-8498-4074-b384-7533e0c9787e",
              "isHook": false,
              "skipped": false
            },
            {
              "title": "should truncate list of modules with upper bound of MCs at exact cutoff if total MC count is higher and there exists some starting sequence with exact MC count",
              "fullTitle": "inequalitySatisfier should truncate list of modules with upper bound of MCs at exact cutoff if total MC count is higher and there exists some starting sequence with exact MC count",
              "timedOut": false,
              "duration": 0,
              "state": "passed",
              "speed": "fast",
              "pass": true,
              "fail": false,
              "pending": false,
              "context": null,
              "code": "const satisfier = satisfiers_1.inequalitySatisfier(ref, \"<=16\");\nsatisfier.should.have.property(\"filter\");\nconst { filter } = satisfier;\nisCorrectFilter(filter, modulesList1, [\n    \"CS2100\",\n    \"GER1000\",\n    \"CS2040S\",\n    \"ST2131\",\n]);",
              "err": {},
              "uuid": "669a8736-e000-4c40-b13a-6c3e882a6df1",
              "parentUUID": "b689cd25-8498-4074-b384-7533e0c9787e",
              "isHook": false,
              "skipped": false
            },
            {
              "title": "should truncate list of modules with upper bound of MCs, cutting off at the minimum starting sequence that exceeds upper bound, if total MC count is higher and there exists no starting sequence with exact MC count",
              "fullTitle": "inequalitySatisfier should truncate list of modules with upper bound of MCs, cutting off at the minimum starting sequence that exceeds upper bound, if total MC count is higher and there exists no starting sequence with exact MC count",
              "timedOut": false,
              "duration": 0,
              "state": "passed",
              "speed": "fast",
              "pass": true,
              "fail": false,
              "pending": false,
              "context": null,
              "code": "const satisfier = satisfiers_1.inequalitySatisfier(ref, \"<=17\");\nsatisfier.should.have.property(\"filter\");\nconst { filter } = satisfier;\nisCorrectFilter(filter, modulesList1, [\n    \"CS2100\",\n    \"GER1000\",\n    \"CS2040S\",\n    \"ST2131\",\n    \"MA1521\",\n]);",
              "err": {},
              "uuid": "26c66826-dc42-4df1-a47f-e1db6704b231",
              "parentUUID": "b689cd25-8498-4074-b384-7533e0c9787e",
              "isHook": false,
              "skipped": false
            }
          ],
          "suites": [],
          "passes": [
            "716dda95-6adc-4a4e-8da4-969867945f81",
            "87fe46e1-5fdd-48c9-99af-bb9ba5a07c0d",
            "fbb20213-8c20-4980-b45f-ba896518a095",
            "7eb7f768-e0f3-4014-b00e-86d5e630a8f8",
            "e6a0727e-3c11-445e-be65-9505e109562e",
            "669a8736-e000-4c40-b13a-6c3e882a6df1",
            "26c66826-dc42-4df1-a47f-e1db6704b231"
          ],
          "failures": [],
          "pending": [],
          "skipped": [],
          "duration": 3,
          "root": false,
          "rootEmpty": false,
          "_timeout": 2000
        },
        {
          "uuid": "eea59594-8e8b-496e-9d02-28a682153736",
          "title": "inequalitySchema",
          "fullFile": "/home/runner/work/planwithus-lib/planwithus-lib/src/satisfyRule/inequality/schemas.test.ts",
          "file": "/src/satisfyRule/inequality/schemas.test.ts",
          "beforeHooks": [],
          "afterHooks": [],
          "tests": [
            {
              "title": "should validate inequality in the form <=n or >=n",
              "fullTitle": "inequalitySchema should validate inequality in the form <=n or >=n",
              "timedOut": false,
              "duration": 1,
              "state": "passed",
              "speed": "fast",
              "pass": true,
              "fail": false,
              "pending": false,
              "context": "[\n  {\n    \"title\": \"inequality sample 0\",\n    \"value\": \">=8\"\n  },\n  {\n    \"title\": \"inequality sample 1\",\n    \"value\": \">=2\"\n  },\n  {\n    \"title\": \"inequality sample 2\",\n    \"value\": \"<=5\"\n  },\n  {\n    \"title\": \"inequality sample 3\",\n    \"value\": \">=5\"\n  },\n  {\n    \"title\": \"inequality sample 4\",\n    \"value\": \">=5\"\n  },\n  {\n    \"title\": \"inequality sample 5\",\n    \"value\": \">=3\"\n  },\n  {\n    \"title\": \"inequality sample 6\",\n    \"value\": \">=45\"\n  },\n  {\n    \"title\": \"inequality sample 7\",\n    \"value\": \">=142\"\n  },\n  {\n    \"title\": \"inequality sample 8\",\n    \"value\": \"<=7\"\n  },\n  {\n    \"title\": \"inequality sample 9\",\n    \"value\": \">=178\"\n  }\n]",
              "code": "fast_check_1.sample(index_test_2.inequality, 10).forEach((sample, i) => addContext_1.default(this, {\n    title: `inequality sample ${i}`,\n    value: sample,\n}));\nreturn fast_check_1.assert(fast_check_1.property(index_test_2.inequality, ajvValidate));",
              "err": {},
              "uuid": "7a5b78d1-138d-47e9-a71f-bd4325a7fc8b",
              "parentUUID": "eea59594-8e8b-496e-9d02-28a682153736",
              "isHook": false,
              "skipped": false
            },
            {
              "title": "should not validate inequality of invalid form",
              "fullTitle": "inequalitySchema should not validate inequality of invalid form",
              "timedOut": false,
              "duration": 1,
              "state": "passed",
              "speed": "fast",
              "pass": true,
              "fail": false,
              "pending": false,
              "context": null,
              "code": "[\n        \"\",\n        \"==23\",\n        \"23\",\n        \"<23\",\n        \">23\",\n        \"<=-1\",\n        \">=-1\",\n        \"<= 2\",\n        \">= 1\",\n        \"> 3\",\n        \"< 3\",\n        \"<=3a\",\n        \">=3a\",\n        \"a<=3\",\n        \"a>=3\",\n    ].forEach(isInvalidInequality)",
              "err": {},
              "uuid": "2247f40f-9c3f-44a2-9241-3b0e44259fc7",
              "parentUUID": "eea59594-8e8b-496e-9d02-28a682153736",
              "isHook": false,
              "skipped": false
            }
          ],
          "suites": [],
          "passes": [
            "7a5b78d1-138d-47e9-a71f-bd4325a7fc8b",
            "2247f40f-9c3f-44a2-9241-3b0e44259fc7"
          ],
          "failures": [],
          "pending": [],
          "skipped": [],
          "duration": 2,
          "root": false,
          "rootEmpty": false,
          "_timeout": 2000
        },
        {
          "uuid": "9277dfd0-612b-4f57-ad40-95baa7762ed1",
          "title": "satisfyRuleSchema",
          "fullFile": "/home/runner/work/planwithus-lib/planwithus-lib/src/satisfyRule/schemas.test.ts",
          "file": "/src/satisfyRule/schemas.test.ts",
          "beforeHooks": [],
          "afterHooks": [],
          "tests": [
            {
              "title": "should validate satisfy rule with valid block id",
              "fullTitle": "satisfyRuleSchema should validate satisfy rule with valid block id",
              "timedOut": false,
              "duration": 1,
              "state": "passed",
              "speed": "fast",
              "pass": true,
              "fail": false,
              "pending": false,
              "context": null,
              "code": "fast_check_1.assert(fast_check_1.property(fast_check_1.string(), ajvValidate)",
              "err": {},
              "uuid": "a1020e40-3eb6-43eb-ae60-0d25a8fe9bf5",
              "parentUUID": "9277dfd0-612b-4f57-ad40-95baa7762ed1",
              "isHook": false,
              "skipped": false
            },
            {
              "title": "should validate satisfy rules with valid mc",
              "fullTitle": "satisfyRuleSchema should validate satisfy rules with valid mc",
              "timedOut": false,
              "duration": 1,
              "state": "passed",
              "speed": "fast",
              "pass": true,
              "fail": false,
              "pending": false,
              "context": "[\n  {\n    \"title\": \"mcSatisfyRule sample 0\",\n    \"value\": {\n      \"mc\": \"<=74\"\n    }\n  },\n  {\n    \"title\": \"mcSatisfyRule sample 1\",\n    \"value\": {\n      \"mc\": \"<=136\"\n    }\n  },\n  {\n    \"title\": \"mcSatisfyRule sample 2\",\n    \"value\": {\n      \"mc\": \">=188\"\n    }\n  },\n  {\n    \"title\": \"mcSatisfyRule sample 3\",\n    \"value\": {\n      \"mc\": \">=131\"\n    }\n  },\n  {\n    \"title\": \"mcSatisfyRule sample 4\",\n    \"value\": {\n      \"mc\": \">=199\"\n    }\n  },\n  {\n    \"title\": \"mcSatisfyRule sample 5\",\n    \"value\": {\n      \"mc\": \">=174\"\n    }\n  },\n  {\n    \"title\": \"mcSatisfyRule sample 6\",\n    \"value\": {\n      \"mc\": \"<=8\"\n    }\n  },\n  {\n    \"title\": \"mcSatisfyRule sample 7\",\n    \"value\": {\n      \"mc\": \">=4\"\n    }\n  },\n  {\n    \"title\": \"mcSatisfyRule sample 8\",\n    \"value\": {\n      \"mc\": \">=42\"\n    }\n  },\n  {\n    \"title\": \"mcSatisfyRule sample 9\",\n    \"value\": {\n      \"mc\": \"<=195\"\n    }\n  }\n]",
              "code": "fast_check_1.sample(index_test_2.mcSatisfyRule, 10).forEach((sample, i) => addContext_1.default(this, {\n    title: `mcSatisfyRule sample ${i}`,\n    value: sample,\n}));\nreturn fast_check_1.assert(fast_check_1.property(index_test_2.mcSatisfyRule, ajvValidate));",
              "err": {},
              "uuid": "331991e0-0b88-4d39-8c6e-027c496a99de",
              "parentUUID": "9277dfd0-612b-4f57-ad40-95baa7762ed1",
              "isHook": false,
              "skipped": false
            },
            {
              "title": "should validate valid recursive satisfy rules",
              "fullTitle": "satisfyRuleSchema should validate valid recursive satisfy rules",
              "timedOut": false,
              "duration": 5,
              "state": "passed",
              "speed": "fast",
              "pass": true,
              "fail": false,
              "pending": false,
              "context": "[\n  {\n    \"title\": \"satisfyRule sample 0\",\n    \"value\": {\n      \"or\": [\n        {\n          \"mc\": \">=6\"\n        },\n        {\n          \"mc\": \"<=2\"\n        }\n      ]\n    }\n  },\n  {\n    \"title\": \"satisfyRule sample 1\",\n    \"value\": {\n      \"mc\": \">=41\"\n    }\n  },\n  {\n    \"title\": \"satisfyRule sample 2\",\n    \"value\": {\n      \"or\": []\n    }\n  },\n  {\n    \"title\": \"satisfyRule sample 3\",\n    \"value\": {\n      \"and\": [\n        {\n          \"and\": []\n        },\n        {\n          \"or\": [\n            {\n              \"or\": [\n                {\n                  \"and\": []\n                },\n                \"j ^E\"\n              ]\n            }\n          ]\n        }\n      ]\n    }\n  },\n  {\n    \"title\": \"satisfyRule sample 4\",\n    \"value\": {\n      \"or\": [\n        {\n          \"mc\": \"<=3\"\n        },\n        {\n          \"or\": []\n        },\n        {\n          \"or\": [\n            {\n              \"and\": []\n            },\n            {\n              \"mc\": \">=66\"\n            },\n            {\n              \"mc\": \">=183\"\n            }\n          ]\n        }\n      ]\n    }\n  },\n  {\n    \"title\": \"satisfyRule sample 5\",\n    \"value\": {\n      \"mc\": \"<=123\"\n    }\n  },\n  {\n    \"title\": \"satisfyRule sample 6\",\n    \"value\": {\n      \"or\": [\n        \"\\\\\"\n      ]\n    }\n  },\n  {\n    \"title\": \"satisfyRule sample 7\",\n    \"value\": \"%\"\n  },\n  {\n    \"title\": \"satisfyRule sample 8\",\n    \"value\": \"%\"\n  },\n  {\n    \"title\": \"satisfyRule sample 9\",\n    \"value\": {\n      \"or\": [\n        {\n          \"and\": []\n        },\n        {\n          \"and\": []\n        }\n      ]\n    }\n  }\n]",
              "code": "fast_check_1.sample(index_test_2.satisfyRule, 10).forEach((sample, i) => addContext_1.default(this, {\n    title: `satisfyRule sample ${i}`,\n    value: sample,\n}));\nreturn fast_check_1.assert(fast_check_1.property(index_test_2.satisfyRule, ajvValidate));",
              "err": {},
              "uuid": "c2dda9c0-04aa-4fc6-865e-27644c3e45cf",
              "parentUUID": "9277dfd0-612b-4f57-ad40-95baa7762ed1",
              "isHook": false,
              "skipped": false
            },
            {
              "title": "should not validate non-string/object",
              "fullTitle": "satisfyRuleSchema should not validate non-string/object",
              "timedOut": false,
              "duration": 1,
              "state": "passed",
              "speed": "fast",
              "pass": true,
              "fail": false,
              "pending": false,
              "context": null,
              "code": "const error = {\n    instancePath: \"\",\n    message: \"satisfy rule should be either a string or an object\",\n};\nisInvalidRule(null, error);\nisInvalidRule(undefined, error);\nisInvalidRule(10, error);\nisInvalidRule([12, 24], error);",
              "err": {},
              "uuid": "36ed315a-ffcb-43ef-bbb5-57e645f98be6",
              "parentUUID": "9277dfd0-612b-4f57-ad40-95baa7762ed1",
              "isHook": false,
              "skipped": false
            },
            {
              "title": "should not validate satisfy rules with extra properties",
              "fullTitle": "satisfyRuleSchema should not validate satisfy rules with extra properties",
              "timedOut": false,
              "duration": 0,
              "state": "passed",
              "speed": "fast",
              "pass": true,
              "fail": false,
              "pending": false,
              "context": null,
              "code": "isInvalidRule({\n        and: [\n            { or: [\"2k\"], abc: \"def\" },\n            { mc: 8, ghi: \"jkl\" },\n        ],\n        mno: \"pqr\",\n    }, {\n        instancePath: \"/and/0\",\n        message: \"or satisfy rule should have property 'or' only\",\n    }, {\n        instancePath: \"/and/1\",\n        message: \"MC satisfy rule should have property 'mc' only\",\n    }, {\n        instancePath: \"\",\n        message: \"and satisfy rule should have property 'and' only\",\n    })",
              "err": {},
              "uuid": "55cd7fc6-2f71-4238-b712-2cbfd1aa1e72",
              "parentUUID": "9277dfd0-612b-4f57-ad40-95baa7762ed1",
              "isHook": false,
              "skipped": false
            },
            {
              "title": "should not validate ambiguous satisfy rules",
              "fullTitle": "satisfyRuleSchema should not validate ambiguous satisfy rules",
              "timedOut": false,
              "duration": 0,
              "state": "passed",
              "speed": "fast",
              "pass": true,
              "fail": false,
              "pending": false,
              "context": null,
              "code": "const message = \"satisfy rule should have only one of properties 'mc', 'and', 'or'\";\nisInvalidRule({\n    or: [\n        { mc: 5, and: [\"CS2040\"] },\n        { and: [{ and: [\"abc\"], or: [\"def\"] }] },\n    ],\n}, { instancePath: \"/or/0\", message }, { instancePath: \"/or/1/and/0\", message });",
              "err": {},
              "uuid": "3ef535cb-0de8-4feb-9b3e-10c8a5c76c0b",
              "parentUUID": "9277dfd0-612b-4f57-ad40-95baa7762ed1",
              "isHook": false,
              "skipped": false
            },
            {
              "title": "should not validate and satisfy rules with non-array property",
              "fullTitle": "satisfyRuleSchema should not validate and satisfy rules with non-array property",
              "timedOut": false,
              "duration": 1,
              "state": "passed",
              "speed": "fast",
              "pass": true,
              "fail": false,
              "pending": false,
              "context": null,
              "code": "const message = \"property 'and' should be an array of satisfy rules\";\nisInvalidRule({ or: [{ and: {} }, { or: [{ and: 3 }] }] }, { instancePath: \"/or/0/and\", message }, { instancePath: \"/or/1/or/0/and\", message });",
              "err": {},
              "uuid": "d50a71b1-59f9-4244-9318-075ec15e5664",
              "parentUUID": "9277dfd0-612b-4f57-ad40-95baa7762ed1",
              "isHook": false,
              "skipped": false
            },
            {
              "title": "should not validate or satisfy rules with non-array property",
              "fullTitle": "satisfyRuleSchema should not validate or satisfy rules with non-array property",
              "timedOut": false,
              "duration": 0,
              "state": "passed",
              "speed": "fast",
              "pass": true,
              "fail": false,
              "pending": false,
              "context": null,
              "code": "const message = \"property 'or' should be an array of satisfy rules\";\nisInvalidRule({ and: [{ or: {} }, { and: [{ or: 3 }] }] }, { instancePath: \"/and/0/or\", message }, { instancePath: \"/and/1/and/0/or\", message });",
              "err": {},
              "uuid": "2b7b5786-964c-452d-b9db-d18d31bcf284",
              "parentUUID": "9277dfd0-612b-4f57-ad40-95baa7762ed1",
              "isHook": false,
              "skipped": false
            }
          ],
          "suites": [],
          "passes": [
            "a1020e40-3eb6-43eb-ae60-0d25a8fe9bf5",
            "331991e0-0b88-4d39-8c6e-027c496a99de",
            "c2dda9c0-04aa-4fc6-865e-27644c3e45cf",
            "36ed315a-ffcb-43ef-bbb5-57e645f98be6",
            "55cd7fc6-2f71-4238-b712-2cbfd1aa1e72",
            "3ef535cb-0de8-4feb-9b3e-10c8a5c76c0b",
            "d50a71b1-59f9-4244-9318-075ec15e5664",
            "2b7b5786-964c-452d-b9db-d18d31bcf284"
          ],
          "failures": [],
          "pending": [],
          "skipped": [],
          "duration": 9,
          "root": false,
          "rootEmpty": false,
          "_timeout": 2000
        }
      ],
      "passes": [],
      "failures": [],
      "pending": [],
      "skipped": [],
      "duration": 0,
      "root": true,
      "rootEmpty": true,
      "_timeout": 2000
    }
  ],
  "meta": {
    "mocha": {
      "version": "9.0.2"
    },
    "mochawesome": {
      "options": {
        "quiet": false,
        "reportFilename": "mochawesome",
        "saveHtml": true,
        "saveJson": true,
        "consoleReporter": "spec",
        "useInlineDiffs": false,
        "code": true
      },
      "version": "6.2.2"
    },
    "marge": {
      "options": {
        "reportDir": "docs"
      },
      "version": "5.2.0"
    }
  }
}