{
  "stats": {
    "suites": 10,
    "tests": 48,
    "passes": 48,
    "pending": 0,
    "failures": 0,
    "start": "2021-12-11T10:09:42.505Z",
    "end": "2021-12-11T10:09:42.801Z",
    "duration": 296,
    "testsRegistered": 48,
    "passPercent": 100,
    "pendingPercent": 0,
    "other": 0,
    "hasOther": false,
    "skipped": 0,
    "hasSkipped": false
  },
  "results": [
    {
      "uuid": "9f5872c6-6ecc-46b9-8c6e-f31af074b3ff",
      "title": "",
      "fullFile": "",
      "file": "",
      "beforeHooks": [],
      "afterHooks": [],
      "tests": [],
      "suites": [
        {
          "uuid": "af6b6aef-7d5e-4c12-b840-d8ad69da8818",
          "title": "initDirectories",
          "fullFile": "/home/runner/work/planwithus-lib/planwithus-lib/src/block/schemas.test.ts",
          "file": "/src/block/schemas.test.ts",
          "beforeHooks": [],
          "afterHooks": [],
          "tests": [
            {
              "title": "should parse all blocks with no errors",
              "fullTitle": "initDirectories should parse all blocks with no errors",
              "timedOut": false,
              "duration": 3,
              "state": "passed",
              "speed": "fast",
              "pass": true,
              "fail": false,
              "pending": false,
              "context": null,
              "code": "_1.initDirectories.should.not.throw()",
              "err": {},
              "uuid": "ecfde0c8-9edc-4902-9ced-92525a759dd7",
              "parentUUID": "af6b6aef-7d5e-4c12-b840-d8ad69da8818",
              "isHook": false,
              "skipped": false
            },
            {
              "title": "should produce primary, second & minor directories",
              "fullTitle": "initDirectories should produce primary, second & minor directories",
              "timedOut": false,
              "duration": 2,
              "state": "passed",
              "speed": "fast",
              "pass": true,
              "fail": false,
              "pending": false,
              "context": null,
              "code": "const directories = (0, _1.initDirectories)();\ndirectories.should.have.property(\"primary\");\ndirectories.should.have.property(\"second\");\ndirectories.should.have.property(\"minor\");",
              "err": {},
              "uuid": "821dfa67-9b1e-4f26-a444-f02861261e47",
              "parentUUID": "af6b6aef-7d5e-4c12-b840-d8ad69da8818",
              "isHook": false,
              "skipped": false
            }
          ],
          "suites": [],
          "passes": [
            "ecfde0c8-9edc-4902-9ced-92525a759dd7",
            "821dfa67-9b1e-4f26-a444-f02861261e47"
          ],
          "failures": [],
          "pending": [],
          "skipped": [],
          "duration": 5,
          "root": false,
          "rootEmpty": false,
          "_timeout": 2000
        },
        {
          "uuid": "b9f64629-5e38-4815-935f-bec02445150e",
          "title": "blockSchema",
          "fullFile": "/home/runner/work/planwithus-lib/planwithus-lib/src/block/schemas.test.ts",
          "file": "/src/block/schemas.test.ts",
          "beforeHooks": [],
          "afterHooks": [],
          "tests": [
            {
              "title": "should validate valid block",
              "fullTitle": "blockSchema should validate valid block",
              "timedOut": false,
              "duration": 154,
              "state": "passed",
              "speed": "slow",
              "pass": true,
              "fail": false,
              "pending": false,
              "context": "[\n  {\n    \"title\": \"block sample 0\",\n    \"value\": {\n      \"name\": \"`9y\",\n      \"ay\": 1963,\n      \"assign\": \"N^4$H(\\\\,s5\",\n      \"match\": [\n        {\n          \"or\": [\n            {\n              \"and\": [\n                \"QLW1P\",\n                \"NTH028J\",\n                {\n                  \"or\": [\n                    \"USY52J\"\n                  ]\n                }\n              ]\n            },\n            \"KDSxx8T\",\n            {\n              \"or\": [\n                \"DE6xZ\"\n              ]\n            },\n            \"UXN0572I\",\n            {\n              \"pattern\": \"IX6*\",\n              \"exclude\": [\n                \"KP9525\",\n                \"HSW6555\",\n                \"DW6\",\n                \"LH1xW\"\n              ],\n              \"info\": \"r(<ap7]$@F\"\n            }\n          ]\n        }\n      ],\n      \"satisfy\": [\n        \"+bU7,b\",\n        {\n          \"or\": [\n            \"f!gbHGWA|c\"\n          ]\n        }\n      ],\n      \"url\": \"http://tr81l2yvj7kvdxwmaobuo2898-k-a75k8qhdq7d9i760mu9v9kqma7cghlr.c548wphi-9g7tu5ccvafi8ext7wxld59t5wuuek1kky5tan.o7z6foc0ejah2yku.zm0mr8rye-0v23sb0ftn4wid99wmyg.pcmk/EP5rB/a/rmvBb~yr%F0%A8%AB%8DZ/Au%F3%B7%AD%99VxV'R1/B%F1%9D%86%AFTedTB/-**=VH@)'!/C/4FxpD&-\",\n      \"info\": \"L(v \",\n      \"isSelectable\": true\n    }\n  },\n  {\n    \"title\": \"block sample 1\",\n    \"value\": {\n      \"ay\": 1951,\n      \"assign\": \"(I{BgVA5:\",\n      \"match\": {\n        \"pattern\": \"SCP*965\",\n        \"exclude\": [\n          \"DR*2T\",\n          \"BUR557\",\n          \"VHJx6\",\n          \"JT575U\",\n          \"SA9x75T\"\n        ],\n        \"info\": \"Ig}*\"\n      },\n      \"url\": \"https://baff5b.c77j.z7zdffbbd.ygstqmoxjk/8%E2%B7%AB4@xEY\",\n      \"isSelectable\": true\n    }\n  },\n  {\n    \"title\": \"block sample 2\",\n    \"value\": {\n      \"name\": \"xB<Gl \",\n      \"ay\": 1956,\n      \"assign\": \"\",\n      \"match\": {\n        \"or\": [\n          {\n            \"or\": [\n              {\n                \"or\": [\n                  {\n                    \"or\": []\n                  },\n                  {\n                    \"and\": []\n                  },\n                  {\n                    \"and\": [\n                      \"QU19\",\n                      \"OY99*\",\n                      {\n                        \"and\": [\n                          \"GDG462\",\n                          \"JXS4*M\"\n                        ]\n                      },\n                      {\n                        \"and\": [\n                          \"OM*243K\"\n                        ]\n                      }\n                    ]\n                  }\n                ]\n              },\n              \"HA*\",\n              \"PWx9\"\n            ]\n          }\n        ]\n      },\n      \"satisfy\": {\n        \"or\": [\n          {\n            \"mc\": \"<=12\"\n          },\n          {\n            \"or\": [\n              \"M\\\\\",\n              {\n                \"and\": [\n                  {\n                    \"or\": []\n                  }\n                ]\n              },\n              \"%GFG*gE\",\n              \"\"\n            ]\n          }\n        ]\n      },\n      \"url\": \"https://e-zuqnggz4g4xn2wje8mm8he6f.mkk/L\",\n      \"info\": \"i?,\",\n      \"isSelectable\": true\n    }\n  },\n  {\n    \"title\": \"block sample 3\",\n    \"value\": {\n      \"name\": \"*2m^h\",\n      \"ay\": 1952,\n      \"assign\": \"yN#]!WHzp/\",\n      \"match\": [],\n      \"satisfy\": [\n        {\n          \"mc\": \">=15\"\n        },\n        \"{+4IcK0q\",\n        {\n          \"or\": [\n            {\n              \"mc\": \"<=115\"\n            },\n            \"A@^U?gj[US\"\n          ]\n        },\n        {\n          \"or\": [\n            {\n              \"or\": [\n                {\n                  \"or\": []\n                },\n                \"37\",\n                \"hCIW)\",\n                \"l%Y=<'$\\\\7r\"\n              ]\n            }\n          ]\n        },\n        {\n          \"mc\": \">=87\"\n        }\n      ],\n      \"url\": \"https://80c57u5hqwcddm5rw5rkcpmbefaxlsos9qtwavikv07ok-u7owm51.t.oaofyev/g%F3%88%A6%8D@gC=8/D%F1%AE%82%83R0Mog,e/b%F0%99%86%94sqku/e=H:gU=**/0ho%F0%B4%B9%A8yd+%F3%9A%8B%87(\",\n      \"info\": \"\",\n      \"isSelectable\": true\n    }\n  },\n  {\n    \"title\": \"block sample 4\",\n    \"value\": {\n      \"name\": \"#N}\",\n      \"ay\": 1960,\n      \"assign\": [\n        \"9jDJvbO!d/\",\n        \"]iFN8Q5V\",\n        \"4.BEWyY9_\",\n        \"1\"\n      ],\n      \"match\": {\n        \"and\": []\n      },\n      \"url\": \"https://opbz2wpw6gqjs25d6-egztbe612tsubegg7ck76fatg8hhr.139dji.j.w3s0r.ocke\",\n      \"info\": \"%l\",\n      \"isSelectable\": true,\n      \"\": {\n        \"name\": \"\",\n        \"ay\": 2005,\n        \"assign\": [\n          \"X'K\"\n        ],\n        \"match\": {\n          \"and\": [\n            {\n              \"and\": [\n                \"GAEx08T\",\n                \"MVP87Q\",\n                \"XFO9\"\n              ]\n            },\n            {\n              \"and\": [\n                {\n                  \"and\": []\n                },\n                \"CP332*\",\n                \"OOJ4I\",\n                {\n                  \"and\": [\n                    {\n                      \"pattern\": \"OUJx4\",\n                      \"exclude\": [\n                        \"LGX34M\",\n                        \"BDF**53L\",\n                        \"EMO18Z\",\n                        \"CGB400\",\n                        \"BH4xx\"\n                      ],\n                      \"info\": \"\\\"\"\n                    },\n                    {\n                      \"and\": [\n                        \"DQ1224\",\n                        {\n                          \"or\": [\n                            \"GFD51*\",\n                            \"JL7L\",\n                            \"ZDPx57\"\n                          ]\n                        },\n                        {\n                          \"or\": [\n                            \"VYQ56x\",\n                            \"LFV14\",\n                            \"NVI5745L\",\n                            \"EC72\",\n                            \"GWP0536Q\"\n                          ]\n                        },\n                        \"IMT0\",\n                        {\n                          \"or\": []\n                        }\n                      ]\n                    },\n                    \"ZCK*x\",\n                    {\n                      \"and\": [\n                        \"ZF2063T\",\n                        \"EJR31C\"\n                      ]\n                    }\n                  ]\n                },\n                {\n                  \"or\": [\n                    \"IGHxA\",\n                    \"ZOE35F\",\n                    {\n                      \"pattern\": \"AQ*6\",\n                      \"exclude\": [\n                        \"FZR462Z\",\n                        \"PXW9*A\",\n                        \"WJD1E\",\n                        \"JI0*70\"\n                      ]\n                    },\n                    \"WSJ9E\"\n                  ]\n                }\n              ]\n            },\n            {\n              \"or\": []\n            },\n            {\n              \"and\": [\n                \"GA3809\",\n                {\n                  \"or\": []\n                },\n                {\n                  \"pattern\": \"VR9*92X\"\n                }\n              ]\n            },\n            {\n              \"pattern\": \"MWR8548S\",\n              \"exclude\": [\n                \"MW5113\",\n                \"UG824\"\n              ],\n              \"info\": \"IP_\"\n            }\n          ]\n        },\n        \"satisfy\": {\n          \"or\": [\n            {\n              \"and\": [\n                {\n                  \"mc\": \">=26\"\n                },\n                \"m\",\n                {\n                  \"and\": [\n                    \"!Zsr+~13\",\n                    \"\",\n                    \"RnS,EG/V\",\n                    \"`\\\"`\",\n                    \"7(DW6-K\"\n                  ]\n                },\n                {\n                  \"or\": [\n                    {\n                      \"and\": [\n                        \"J%\",\n                        \"r66 DB7/60\"\n                      ]\n                    },\n                    \"13 nc}$<.\",\n                    \"\\\\@|N+b\"\n                  ]\n                },\n                \"h\"\n              ]\n            },\n            {\n              \"mc\": \">=95\"\n            },\n            \"oeD\",\n            {\n              \"and\": [\n                \"?>(\",\n                {\n                  \"or\": [\n                    \"1uwr;\",\n                    {\n                      \"and\": []\n                    }\n                  ]\n                },\n                {\n                  \"and\": [\n                    \"+O*Z[oI\\\\k\",\n                    \"\"\n                  ]\n                },\n                \"''NB\",\n                \"\"\n              ]\n            },\n            \"CQXvF7~Gy\"\n          ]\n        },\n        \"info\": \"qwRHxgv\\\"\",\n        \"isSelectable\": true\n      },\n      \"T{\": {\n        \"name\": \"6\",\n        \"ay\": 1995,\n        \"match\": {\n          \"and\": [\n            {\n              \"pattern\": \"YV4*2\",\n              \"exclude\": \"UL**4\"\n            }\n          ]\n        },\n        \"satisfy\": {\n          \"mc\": \">=148\"\n        },\n        \"url\": \"http://5otqucpl2d61ycb8l5l7fx4ivp.7o66shcsnmbrkh9zp.idwdp\",\n        \"info\": \"u&et\",\n        \"isSelectable\": true\n      },\n      \"6TFb}'&kS$\": {\n        \"ay\": 1958,\n        \"assign\": [\n          \"bc]N`2>zl\",\n          \"z<*5\"\n        ],\n        \"match\": {\n          \"or\": [\n            {\n              \"and\": [\n                \"KF2240B\",\n                {\n                  \"and\": [\n                    \"FJS8B\",\n                    \"ZG562xJ\"\n                  ]\n                },\n                \"AV65T\"\n              ]\n            },\n            {\n              \"and\": [\n                \"DC06\",\n                \"SW6\",\n                {\n                  \"and\": [\n                    {\n                      \"or\": [\n                        \"QV69**T\",\n                        \"ROJ374*\",\n                        \"SV10\",\n                        \"VQx1\",\n                        \"QXZ5281\"\n                      ]\n                    }\n                  ]\n                },\n                {\n                  \"pattern\": \"OXV4\",\n                  \"info\": \"\"\n                },\n                {\n                  \"pattern\": \"TNV4368T\",\n                  \"exclude\": \"MGR064U\",\n                  \"info\": \"h\"\n                }\n              ]\n            },\n            {\n              \"and\": [\n                \"UE4120U\",\n                \"CDY0xM\",\n                \"UZ3326I\",\n                \"QF1066\"\n              ]\n            },\n            {\n              \"or\": [\n                \"SXD3I\",\n                {\n                  \"pattern\": \"VBZ028I\",\n                  \"exclude\": [\n                    \"BGF4*\",\n                    \"RZN9493\",\n                    \"LLX*77R\",\n                    \"FAM849\",\n                    \"GP*155J\"\n                  ]\n                }\n              ]\n            },\n            {\n              \"and\": [\n                \"KTB5*24\",\n                \"AS93O\",\n                \"NR0\"\n              ]\n            }\n          ]\n        },\n        \"url\": \"https://h.q.s1c.ckvdmf7rbenc4xfxmhucqa.cnpvsefarm/N7'N-~&l%F2%A4%BA%999/C/l:k.dU*\",\n        \"info\": \" !\",\n        \"isSelectable\": true\n      },\n      \"e}`*\": {\n        \"name\": \"gtZ6PO\",\n        \"ay\": 1965,\n        \"assign\": \"CmcyaH0\",\n        \"match\": [\n          {\n            \"or\": [\n              {\n                \"pattern\": \"IPI266W\",\n                \"exclude\": [\n                  \"HL547V\",\n                  \"ED046T\",\n                  \"ZR*284V\",\n                  \"LCH408B\",\n                  \"VWL0\"\n                ],\n                \"info\": \"e7c2I\\\"!od7\"\n              },\n              {\n                \"and\": [\n                  {\n                    \"pattern\": \"QME1\",\n                    \"exclude\": [\n                      \"NMR7M\",\n                      \"IG447A\",\n                      \"YV7\",\n                      \"QU29x\"\n                    ],\n                    \"info\": \"P3\"\n                  }\n                ]\n              }\n            ]\n          }\n        ],\n        \"satisfy\": [\n          {\n            \"and\": [\n              \"H@D\",\n              \"7VK\",\n              {\n                \"or\": [\n                  {\n                    \"mc\": \"<=118\"\n                  },\n                  {\n                    \"mc\": \"<=32\"\n                  },\n                  \"e v+Rc\",\n                  \"JRFu:G{'\",\n                  {\n                    \"mc\": \"<=169\"\n                  }\n                ]\n              }\n            ]\n          },\n          {\n            \"mc\": \"<=170\"\n          },\n          {\n            \"or\": [\n              {\n                \"or\": [\n                  \"6\",\n                  {\n                    \"mc\": \">=108\"\n                  },\n                  {\n                    \"or\": [\n                      \"+lnQj9{+\",\n                      \"6N;@I)nuu\"\n                    ]\n                  },\n                  {\n                    \"or\": []\n                  }\n                ]\n              }\n            ]\n          }\n        ],\n        \"url\": \"https://20oaes916u1hgaj4uqgt3onzhzg29-aonba1sovmqjrp9hl7sgshk00hp.62fa-rrxny2mb49rgosyf-4wsylstnpzhprmtt6466opr78wt08.jixhdp/zOX%F1%A7%B0%AEq//\",\n        \"info\": \"uc~``\"\n      },\n      \";v6v/F\": {\n        \"name\": \"M!g={u?>#\",\n        \"ay\": 2023,\n        \"match\": {\n          \"or\": [\n            {\n              \"and\": []\n            },\n            {\n              \"and\": [\n                \"ZJJ*45\",\n                {\n                  \"pattern\": \"FBF726U\",\n                  \"exclude\": [\n                    \"ZKT2\",\n                    \"KNT77*9\",\n                    \"IT78S\",\n                    \"GBM3x02\",\n                    \"HNx883L\"\n                  ],\n                  \"info\": \"~*\"\n                },\n                \"EZQ8\",\n                {\n                  \"or\": [\n                    \"VB70K\",\n                    \"KSF51T\",\n                    {\n                      \"and\": [\n                        \"MD0x32\",\n                        \"XUK061K\",\n                        {\n                          \"pattern\": \"WB52B\",\n                          \"info\": \"v\"\n                        },\n                        \"MD6558\"\n                      ]\n                    },\n                    \"QE4*x0R\"\n                  ]\n                },\n                {\n                  \"pattern\": \"JSA8523\",\n                  \"info\": \"'Xq\"\n                }\n              ]\n            },\n            \"EV331\",\n            {\n              \"and\": []\n            }\n          ]\n        },\n        \"satisfy\": [],\n        \"url\": \"https://2pody3p3qjug2x172l-n3sxeaqbtut3bgzgzk6p-74x-6.y-27fxaa0mkvvvjeha2110a5nfng32qx4trfjf31phbhmvwviv-xjt51kj.zayew6akrn2ds1q20ve0x2zzosmz909k1sfgkz.8m.xnej8j7a42n4hpg6nu1rpef-9bdso1q9r2393zstmjb9rcnk0kagpe7dyaux.htplprgaj/j&('HcO7/nGu$/mK%F1%85%91%88e4RHN+/wu~\",\n        \"info\": \"G?\",\n        \"isSelectable\": true\n      }\n    }\n  },\n  {\n    \"title\": \"block sample 5\",\n    \"value\": {\n      \"name\": \"\",\n      \"ay\": 1988,\n      \"assign\": [\n        \"U!nnPcG}\"\n      ],\n      \"match\": {\n        \"and\": []\n      },\n      \"satisfy\": [\n        {\n          \"mc\": \">=50\"\n        }\n      ],\n      \"url\": \"http://e98457538dyueafq1wvf.cbs1ltd.vkoxocqio//W=FdXCdjb/,a,/A%34//\",\n      \"isSelectable\": true,\n      \"N >.\": {\n        \"name\": \"w|P\",\n        \"ay\": 2023,\n        \"assign\": [],\n        \"match\": {\n          \"or\": [\n            \"BRS8x\",\n            {\n              \"or\": [\n                \"SO8147V\",\n                {\n                  \"and\": [\n                    {\n                      \"and\": [\n                        \"PP*9*6F\"\n                      ]\n                    }\n                  ]\n                },\n                {\n                  \"pattern\": \"MK0\",\n                  \"exclude\": \"DX4*98\",\n                  \"info\": \"9&0\"\n                }\n              ]\n            },\n            {\n              \"or\": []\n            },\n            {\n              \"and\": [\n                \"LEKx56\",\n                \"FQExZ\",\n                {\n                  \"or\": [\n                    {\n                      \"pattern\": \"GIA788T\",\n                      \"exclude\": [],\n                      \"info\": \"4\"\n                    },\n                    \"NV85xI\"\n                  ]\n                },\n                {\n                  \"or\": [\n                    \"PH2170U\",\n                    {\n                      \"and\": [\n                        \"FBR8266O\",\n                        {\n                          \"pattern\": \"RH*63\",\n                          \"exclude\": \"AO*5\"\n                        }\n                      ]\n                    },\n                    {\n                      \"pattern\": \"IGY*L\",\n                      \"exclude\": \"GN1x96O\"\n                    },\n                    {\n                      \"and\": [\n                        {\n                          \"pattern\": \"PYK21C\",\n                          \"exclude\": \"TU539\",\n                          \"info\": \"Zh%~q(Fi?\"\n                        },\n                        \"TTV1N\",\n                        \"NAD910W\",\n                        \"VZ0*H\"\n                      ]\n                    },\n                    {\n                      \"pattern\": \"QJ625I\",\n                      \"exclude\": \"SBC454\",\n                      \"info\": \"\"\n                    }\n                  ]\n                },\n                {\n                  \"and\": []\n                }\n              ]\n            }\n          ]\n        },\n        \"url\": \"http://jw79znkn217j79ij2w4j1mw8fzp4j8k2tp6s-oxa.gdrhu2git5rj1po921l1uforp.79m7fbx8zz7k4iya8q08.w.qenu//8cy/%F2%AF%BD%96%E2%96%AB6/TrM%EC%B2%A8/=EJ1q%F4%8A%97%BFnZ!//%F1%80%8B%AC/,CbC/8q*0vtSf\",\n        \"info\": \"m&md\",\n        \"isSelectable\": true\n      }\n    }\n  },\n  {\n    \"title\": \"block sample 6\",\n    \"value\": {\n      \"name\": \"#!\",\n      \"match\": {\n        \"pattern\": \"XH*4\",\n        \"exclude\": [\n          \"FZT686T\",\n          \"VLR8*\",\n          \"SOA2\",\n          \"LK499Y\",\n          \"CST73*8\"\n        ],\n        \"info\": \"\"\n      },\n      \"satisfy\": [],\n      \"url\": \"https://k8sr-dvaslnnv37fp01b.wlwt-1aiev0c-ryr8h45bgsb1r6l6h7x8czpia-c8ncww-g7ieuv7oe.iakef10ynmodpehwmhqr-2ye6ty5.r.yqr/xZ/b%F4%80%8E%8Ay3H/_!5RkSJB%F1%86%BB%AA/Trh%F0%B7%95%9E)z+/:KVFAiMw/9s%F1%A5%99%A74,2/BdUXX/%F0%AA%86%A70!'OLD/%F3%82%9E%B9w,'%F3%95%BF%8D_0i\",\n      \"info\": \"yFpsQk%\",\n      \"isSelectable\": true\n    }\n  },\n  {\n    \"title\": \"block sample 7\",\n    \"value\": {\n      \"name\": \"~%g\",\n      \"ay\": 1953,\n      \"assign\": \"\\\"]4\",\n      \"satisfy\": [\n        {\n          \"and\": [\n            \"\",\n            {\n              \"mc\": \"<=7\"\n            },\n            \"ZQ5#}\",\n            \"Q$ZZXeD}%\",\n            {\n              \"mc\": \">=58\"\n            }\n          ]\n        },\n        {\n          \"or\": [\n            {\n              \"mc\": \">=126\"\n            },\n            {\n              \"and\": [\n                \"\"\n              ]\n            },\n            \"3Gz\",\n            {\n              \"mc\": \"<=7\"\n            }\n          ]\n        },\n        {\n          \"mc\": \">=105\"\n        }\n      ],\n      \"url\": \"https://1gmhln-nw5bpthe.2bz9h3pl-jwy3ls3lnf43x91y38ujmyqtz8dnkud1pzn46uglshs.daxd/T:)n%F3%8A%8C%80s//\",\n      \"info\": \"n<!a\",\n      \"isSelectable\": true\n    }\n  },\n  {\n    \"title\": \"block sample 8\",\n    \"value\": {\n      \"name\": \"\",\n      \"ay\": 1989,\n      \"assign\": [\n        \"wa5ManT;/_\",\n        \"Fvob-Tb,\",\n        \"GhUaH5I\",\n        \")Ck0\"\n      ],\n      \"match\": {\n        \"and\": [\n          \"DG59D\",\n          {\n            \"and\": [\n              \"DB8H\",\n              {\n                \"pattern\": \"ERU86L\",\n                \"exclude\": \"QAOx29\",\n                \"info\": \"d\"\n              }\n            ]\n          },\n          {\n            \"or\": []\n          },\n          {\n            \"and\": [\n              {\n                \"or\": [\n                  {\n                    \"and\": []\n                  }\n                ]\n              },\n              {\n                \"and\": [\n                  \"OB5\",\n                  \"WG913\",\n                  \"AC1006G\",\n                  {\n                    \"and\": [\n                      \"JR202\",\n                      \"OVP480H\",\n                      \"RZ4\",\n                      \"XM6x7\"\n                    ]\n                  }\n                ]\n              },\n              {\n                \"and\": [\n                  \"RUV*942U\",\n                  \"WZ821\",\n                  \"CUK75F\",\n                  {\n                    \"or\": [\n                      {\n                        \"or\": []\n                      }\n                    ]\n                  },\n                  {\n                    \"and\": [\n                      \"SB00E\",\n                      {\n                        \"and\": [\n                          \"HM6*8R\"\n                        ]\n                      },\n                      \"PY881M\",\n                      {\n                        \"or\": []\n                      }\n                    ]\n                  }\n                ]\n              }\n            ]\n          }\n        ]\n      },\n      \"satisfy\": [],\n      \"info\": \".u4\",\n      \"isSelectable\": true,\n      \"ARjf@KqH&\": {\n        \"name\": \"Y|\",\n        \"match\": \"JB4xS\",\n        \"satisfy\": {\n          \"or\": [\n            {\n              \"or\": [\n                \"J]\",\n                \"YX,(S <\",\n                \"o|K'\"\n              ]\n            }\n          ]\n        },\n        \"url\": \"http://n5tja3eiowj38xnnethflms2moyb2r5wfw7f2zruoi7ntti4xv0ho9jdbpm.n.h07ug2.y.b.oim/vDgW=\",\n        \"info\": \"@\",\n        \"isSelectable\": true,\n        \"8R}*0)g?Z\": {\n          \"name\": \"chd\",\n          \"ay\": 1962,\n          \"assign\": \"\",\n          \"url\": \"http://otvfydvzbos0bbd24jv110fws.eyzmdhyv/a%F3%B0%BF%814=;//%F2%8D%96%A72hr%F1%8B%AD%A6_/SD/WY%F2%80%97%B0L/%F0%A5%AE%98w32\",\n          \"info\": \"M~\",\n          \"isSelectable\": true\n        },\n        \"%?-TV\": {\n          \"name\": \"\\\"Jp@Ml5Yc\",\n          \"ay\": 2018,\n          \"assign\": [\n            \"v\"\n          ],\n          \"url\": \"http://y00h73k6zilhygotejc5mps.vzoqhtcf/oSQ/VKG(@SfKR/Kg$%F0%B1%93%8B\",\n          \"info\": \"+]Ki,pge1\"\n        },\n        \"JgwU1 f=p\\\"\": {\n          \"name\": \"p;^F\\\"\",\n          \"assign\": \"\",\n          \"match\": {\n            \"or\": [\n              {\n                \"and\": [\n                  {\n                    \"pattern\": \"WFR4\",\n                    \"exclude\": [\n                      \"KBTx781O\",\n                      \"VGU2D\",\n                      \"KW35\"\n                    ],\n                    \"info\": \"Eg9]\"\n                  },\n                  \"JR8789A\",\n                  {\n                    \"pattern\": \"LK3N\",\n                    \"exclude\": [],\n                    \"info\": \",pGAg{4\"\n                  }\n                ]\n              },\n              \"BMU217\",\n              {\n                \"and\": [\n                  \"NZN*xx\",\n                  {\n                    \"or\": []\n                  }\n                ]\n              },\n              {\n                \"and\": [\n                  \"EG0\",\n                  {\n                    \"and\": [\n                      \"CH8*42T\"\n                    ]\n                  },\n                  {\n                    \"pattern\": \"GH89D\",\n                    \"exclude\": \"KC54E\",\n                    \"info\": \"|qw(C]\"\n                  }\n                ]\n              },\n              \"GO5374I\"\n            ]\n          },\n          \"satisfy\": [\n            \"U1H84k7\\\\O7\",\n            \":P)\",\n            {\n              \"mc\": \"<=151\"\n            }\n          ],\n          \"url\": \"http://p.z8mrmwkd.3r3tqfw5aznbj7.a.iunalw/.3O52wF/%F2%80%8D%9BD/cC@_QdUSZ/tpo/SJ0/$';&%F2%9D%BF%89jf.$/(f%F1%9D%83%95$P!YqB-/j49Wy%F1%82%87%BFJ/oFPx4EC\",\n          \"info\": \"r{l\",\n          \"isSelectable\": true\n        },\n        \"&-']\": {\n          \"name\": \"[vW3S\\\\\",\n          \"ay\": 2025,\n          \"assign\": \"*~O<\",\n          \"match\": {\n            \"pattern\": \"RLUx**G\",\n            \"exclude\": [\n              \"XUT4\",\n              \"HIO2995J\",\n              \"HO*7*6\",\n              \"KE4H\",\n              \"JFJ7S\"\n            ],\n            \"info\": \"a#gQL\"\n          },\n          \"url\": \"https://9in5xpicivspv3sxpqbegr25w6-7z-wkz2qk1mouxq.ziy-436m0o22nzazo722qezr4lxrp2.993qmb10wgq5f0tm7jz1.kvfpccarh/%F1%90%A2%970-xu*tcf/w~Rlv%F0%BD%96%99/nXmZH%F2%BE%A0%A8\",\n          \"info\": \"*[L`Jp]\",\n          \"isSelectable\": true\n        }\n      },\n      \"1`8j\": {\n        \"name\": \"\",\n        \"assign\": \"]%\",\n        \"url\": \"http://072rkgb64legwr82vrbyfcgdzr-uj-cjypjjj2uf4dyulvdr.61lirfz58gzx3v6legndc7ykexafjq4m8uel7tsq0.l1rj2cyoyug.gdc4xv-lzk1zousfk2p0ig47q1j4ekat863emm-5uhqzcmt02s244les6od8j81.pekpqqwd/(xy/Bms~*n/yh'%F0%B1%82%95h*_/X&%F0%A2%AD%89,G/%F2%96%A8%B9usZ%F3%91%93%86%F3%A5%84%9CB/DZj%F2%A7%86%8Dm2LM/M2CyXw2bs/y@%F0%B6%96%96x/.%F2%9F%89%9C\",\n        \"info\": \"\",\n        \"isSelectable\": true,\n        \"\": {\n          \"ay\": 2026,\n          \"assign\": \"`VPBI/J4+%\",\n          \"match\": \"CZ1*3\",\n          \"satisfy\": {\n            \"mc\": \">=130\"\n          },\n          \"info\": \"+~O.y\"\n        },\n        \"qW<=.)p4u\": {\n          \"name\": \"\\\"ad@\",\n          \"ay\": 2016,\n          \"assign\": [],\n          \"match\": {\n            \"pattern\": \"FCK7U\",\n            \"exclude\": \"QR07J\"\n          },\n          \"satisfy\": [\n            {\n              \"and\": [\n                {\n                  \"and\": [\n                    {\n                      \"or\": [\n                        {\n                          \"and\": [\n                            {\n                              \"mc\": \">=10\"\n                            },\n                            \"N4,R+\",\n                            \"!l<q \",\n                            {\n                              \"mc\": \">=32\"\n                            }\n                          ]\n                        },\n                        {\n                          \"and\": [\n                            \"6WvY!!\",\n                            \"CFQ=`J\"\n                          ]\n                        },\n                        {\n                          \"mc\": \"<=28\"\n                        },\n                        {\n                          \"mc\": \">=26\"\n                        }\n                      ]\n                    },\n                    \"\",\n                    {\n                      \"and\": [\n                        \"n\"\n                      ]\n                    },\n                    \"<2\",\n                    \"{n60(|nY?@\"\n                  ]\n                },\n                {\n                  \"mc\": \"<=108\"\n                },\n                \"!;Yq*R\",\n                {\n                  \"and\": [\n                    {\n                      \"mc\": \"<=178\"\n                    }\n                  ]\n                },\n                {\n                  \"and\": []\n                }\n              ]\n            },\n            \",4\",\n            {\n              \"and\": [\n                {\n                  \"or\": []\n                },\n                {\n                  \"mc\": \">=59\"\n                },\n                {\n                  \"or\": [\n                    {\n                      \"mc\": \">=5\"\n                    }\n                  ]\n                },\n                \"\"\n              ]\n            },\n            {\n              \"or\": []\n            },\n            {\n              \"or\": [\n                \"Zs<VB\"\n              ]\n            }\n          ],\n          \"url\": \"https://35o7z6w1v7-cbyq9bom81mrms1u4f8p00ydm3oy-nnv4d2qjl768.2.c.augq/MNv+S(//bmVa%F0%BF%AE%99z;a/PibpmmYO%F1%9E%AE%9Fw\",\n          \"info\": \"T>Ja`\"\n        }\n      }\n    }\n  },\n  {\n    \"title\": \"block sample 9\",\n    \"value\": {\n      \"name\": \"%j~#RX&):l\",\n      \"assign\": \"\",\n      \"match\": [\n        {\n          \"or\": [\n            {\n              \"and\": [\n                \"GWx\",\n                {\n                  \"and\": [\n                    {\n                      \"or\": [\n                        {\n                          \"or\": [\n                            \"SVL75xP\"\n                          ]\n                        }\n                      ]\n                    },\n                    {\n                      \"and\": [\n                        {\n                          \"or\": [\n                            \"CXA507\",\n                            \"GGI786W\"\n                          ]\n                        }\n                      ]\n                    },\n                    \"KN6\",\n                    {\n                      \"and\": [\n                        {\n                          \"or\": []\n                        }\n                      ]\n                    },\n                    \"YE9808D\"\n                  ]\n                },\n                {\n                  \"pattern\": \"VNH0*42\",\n                  \"info\": \"|]d!EX4oG\"\n                }\n              ]\n            },\n            {\n              \"or\": []\n            },\n            {\n              \"pattern\": \"RUI772\",\n              \"exclude\": \"VQ1R\",\n              \"info\": \"H>Z(\\\"qEzhl\"\n            },\n            {\n              \"and\": [\n                {\n                  \"pattern\": \"GVx44X\",\n                  \"exclude\": \"HW06T\"\n                },\n                \"VCC7\",\n                {\n                  \"and\": [\n                    \"HQG4*D\"\n                  ]\n                },\n                {\n                  \"and\": [\n                    \"OB869\",\n                    \"PVL9*G\"\n                  ]\n                }\n              ]\n            },\n            \"OXx\"\n          ]\n        },\n        {\n          \"or\": [\n            \"MSN8**2\"\n          ]\n        }\n      ],\n      \"info\": \"yXdU\",\n      \"isSelectable\": true\n    }\n  }\n]",
              "code": "(0, fast_check_1.sample)(index_test_2.block, 10).forEach((sample, i) => (0, addContext_1.default)(this, {\n    title: `block sample ${i}`,\n    value: sample,\n}));\nreturn (0, fast_check_1.assert)((0, fast_check_1.property)(index_test_2.block, ajvValidate));",
              "err": {},
              "uuid": "c705d1ed-5cc8-4a1f-bfe9-03a37ce0d904",
              "parentUUID": "b9f64629-5e38-4815-935f-bec02445150e",
              "isHook": false,
              "skipped": false
            },
            {
              "title": "should not validate non-object",
              "fullTitle": "blockSchema should not validate non-object",
              "timedOut": false,
              "duration": 1,
              "state": "passed",
              "speed": "fast",
              "pass": true,
              "fail": false,
              "pending": false,
              "context": null,
              "code": "const error = {\n    instancePath: \"\",\n    message: \"block should be an object\",\n};\nisInvalidBlock(null, error);\nisInvalidBlock(undefined, error);\nisInvalidBlock(10, error);\nisInvalidBlock([12, 24], error);\nisInvalidBlock(\"abc\", error);",
              "err": {},
              "uuid": "556deb48-d5ac-4bba-9bc8-487da6b61a75",
              "parentUUID": "b9f64629-5e38-4815-935f-bec02445150e",
              "isHook": false,
              "skipped": false
            },
            {
              "title": "should not validate block with invalid properties",
              "fullTitle": "blockSchema should not validate block with invalid properties",
              "timedOut": false,
              "duration": 1,
              "state": "passed",
              "speed": "fast",
              "pass": true,
              "fail": false,
              "pending": false,
              "context": null,
              "code": "isInvalidBlock({\n        name: { foo: \"bar\" },\n        ay: -1000,\n        assign: {},\n        match: 1,\n        satisfy: 2,\n        url: { abc: \"def\" },\n        info: 42,\n        isSelectable: 32,\n    }, { instancePath: \"/name\", message: \"property 'name' should be a string\" }, {\n        instancePath: \"/ay\",\n        message: \"property 'ay' should be a positive integer\",\n    }, {\n        instancePath: \"/assign\",\n        message: \"property 'assign' should be either a block ID or an array of block IDs\",\n    }, {\n        instancePath: \"/match\",\n        message: \"property 'match' should be either a match rule or an array of match rules\",\n    }, {\n        instancePath: \"/satisfy\",\n        message: \"property 'satisfy' should be either a satisfy rule or an array of satisfy rules\",\n    }, { instancePath: \"/url\", message: \"property 'url' should be a string\" }, { instancePath: \"/info\", message: \"property 'info' should be a string\" }, {\n        instancePath: \"/isSelectable\",\n        message: \"property 'isSelectable' should be a boolean\",\n    })",
              "err": {},
              "uuid": "df899f4c-e2e1-47dd-ae1a-07e6c9d5fe2f",
              "parentUUID": "b9f64629-5e38-4815-935f-bec02445150e",
              "isHook": false,
              "skipped": false
            }
          ],
          "suites": [],
          "passes": [
            "c705d1ed-5cc8-4a1f-bfe9-03a37ce0d904",
            "556deb48-d5ac-4bba-9bc8-487da6b61a75",
            "df899f4c-e2e1-47dd-ae1a-07e6c9d5fe2f"
          ],
          "failures": [],
          "pending": [],
          "skipped": [],
          "duration": 156,
          "root": false,
          "rootEmpty": false,
          "_timeout": 2000
        },
        {
          "uuid": "9cfb5d23-9ce2-4b1c-af68-0d3a43c8774d",
          "title": "patternToRE",
          "fullFile": "/home/runner/work/planwithus-lib/planwithus-lib/src/matchRule/pattern/satisfiers.test.ts",
          "file": "/src/matchRule/pattern/satisfiers.test.ts",
          "beforeHooks": [],
          "afterHooks": [],
          "tests": [
            {
              "title": "should match valid modules with a single pattern",
              "fullTitle": "patternToRE should match valid modules with a single pattern",
              "timedOut": false,
              "duration": 15,
              "state": "passed",
              "speed": "fast",
              "pass": true,
              "fail": false,
              "pending": false,
              "context": "[\n  {\n    \"title\": \"patternExampleList sample 0\",\n    \"value\": [\n      \"WP*98\",\n      [\n        \"WPW9C1W98\",\n        \"WPM4X98\",\n        \"WP98\",\n        \"WP7E98\"\n      ]\n    ]\n  },\n  {\n    \"title\": \"patternExampleList sample 1\",\n    \"value\": [\n      \"HBI9513\",\n      [\n        \"HBI9513\"\n      ]\n    ]\n  },\n  {\n    \"title\": \"patternExampleList sample 2\",\n    \"value\": [\n      \"WC079\",\n      [\n        \"WC079\"\n      ]\n    ]\n  },\n  {\n    \"title\": \"patternExampleList sample 3\",\n    \"value\": [\n      \"ZZ6W\",\n      [\n        \"ZZ6W\"\n      ]\n    ]\n  },\n  {\n    \"title\": \"patternExampleList sample 4\",\n    \"value\": [\n      \"FJE*7x*\",\n      [\n        \"FJENXLLVH7872VQ\",\n        \"FJEJM6X5576BBHJZW3\",\n        \"FJE274\",\n        \"FJELZ70\",\n        \"FJEL7648LV5\",\n        \"FJEL71NQ\",\n        \"FJE73I3BU\"\n      ]\n    ]\n  },\n  {\n    \"title\": \"patternExampleList sample 5\",\n    \"value\": [\n      \"AM23*4\",\n      [\n        \"AM234NPI14\",\n        \"AM234\",\n        \"AM23HJ04\",\n        \"AM2354\",\n        \"AM237WP3WM4\",\n        \"AM23Y44\"\n      ]\n    ]\n  },\n  {\n    \"title\": \"patternExampleList sample 6\",\n    \"value\": [\n      \"TH8V\",\n      [\n        \"TH8V\"\n      ]\n    ]\n  },\n  {\n    \"title\": \"patternExampleList sample 7\",\n    \"value\": [\n      \"PE6582\",\n      [\n        \"PE6582\"\n      ]\n    ]\n  },\n  {\n    \"title\": \"patternExampleList sample 8\",\n    \"value\": [\n      \"WF234\",\n      [\n        \"WF234\"\n      ]\n    ]\n  },\n  {\n    \"title\": \"patternExampleList sample 9\",\n    \"value\": [\n      \"NG21\",\n      [\n        \"NG21\"\n      ]\n    ]\n  }\n]",
              "code": "(0, fast_check_1.sample)(index_test_1.patternExampleList, 10).forEach((sample, i) => (0, addContext_1.default)(this, {\n    title: `patternExampleList sample ${i}`,\n    value: sample,\n}));\nreturn (0, fast_check_1.assert)((0, fast_check_1.property)(index_test_1.patternExampleList, ([patternStr, examples]) => {\n    const re = (0, _1.patternToRE)(patternStr);\n    return examples.every(re.test.bind(re));\n}));",
              "err": {},
              "uuid": "f5fc1a5c-cef8-41b6-a180-7a2f62ecbc60",
              "parentUUID": "9cfb5d23-9ce2-4b1c-af68-0d3a43c8774d",
              "isHook": false,
              "skipped": false
            },
            {
              "title": "should match valid modules with multiple patterns",
              "fullTitle": "patternToRE should match valid modules with multiple patterns",
              "timedOut": false,
              "duration": 66,
              "state": "passed",
              "speed": "medium",
              "pass": true,
              "fail": false,
              "pending": false,
              "context": "[\n  {\n    \"title\": \"patternExampleListArray sample 0\",\n    \"value\": [\n      [\n        \"QY97\",\n        [\n          \"QY97\"\n        ]\n      ],\n      [\n        \"CCZ4203\",\n        [\n          \"CCZ4203\"\n        ]\n      ]\n    ]\n  },\n  {\n    \"title\": \"patternExampleListArray sample 1\",\n    \"value\": [\n      [\n        \"AAA9xD\",\n        [\n          \"AAA96D\",\n          \"AAA92D\"\n        ]\n      ],\n      [\n        \"FP7\",\n        [\n          \"FP7\"\n        ]\n      ],\n      [\n        \"NHX0\",\n        [\n          \"NHX0\"\n        ]\n      ],\n      [\n        \"HN910Y\",\n        [\n          \"HN910Y\"\n        ]\n      ],\n      [\n        \"JUP36\",\n        [\n          \"JUP36\"\n        ]\n      ],\n      [\n        \"OXS27\",\n        [\n          \"OXS27\"\n        ]\n      ],\n      [\n        \"JQZ5845N\",\n        [\n          \"JQZ5845N\"\n        ]\n      ],\n      [\n        \"VTF**1xD\",\n        [\n          \"VTF26110D\",\n          \"VTF2XNZ07I15D\",\n          \"VTF9143OW1511D\"\n        ]\n      ],\n      [\n        \"RAU43*2\",\n        [\n          \"RAU43TC5KKO2\",\n          \"RAU43A9V99T2\",\n          \"RAU43IU0G2\",\n          \"RAU43K5M3X92\",\n          \"RAU43TST752\",\n          \"RAU43ADR512F2\",\n          \"RAU43IZWU2\",\n          \"RAU43IA0AUQS2\",\n          \"RAU43ZLGI8O2\",\n          \"RAU43CYKD0L72\"\n        ]\n      ]\n    ]\n  },\n  {\n    \"title\": \"patternExampleListArray sample 2\",\n    \"value\": [\n      [\n        \"JUx4F\",\n        [\n          \"JU74F\",\n          \"JU14F\",\n          \"JU44F\",\n          \"JU94F\"\n        ]\n      ],\n      [\n        \"NGZ8216\",\n        [\n          \"NGZ8216\"\n        ]\n      ],\n      [\n        \"BJG9\",\n        [\n          \"BJG9\"\n        ]\n      ],\n      [\n        \"CKR8801Z\",\n        [\n          \"CKR8801Z\"\n        ]\n      ],\n      [\n        \"DPC7C\",\n        [\n          \"DPC7C\"\n        ]\n      ],\n      [\n        \"YN6U\",\n        [\n          \"YN6U\"\n        ]\n      ],\n      [\n        \"IV283\",\n        [\n          \"IV283\"\n        ]\n      ],\n      [\n        \"ETL0I\",\n        [\n          \"ETL0I\"\n        ]\n      ],\n      [\n        \"KNA5N\",\n        [\n          \"KNA5N\"\n        ]\n      ]\n    ]\n  },\n  {\n    \"title\": \"patternExampleListArray sample 3\",\n    \"value\": [\n      [\n        \"UJ9\",\n        [\n          \"UJ9\"\n        ]\n      ],\n      [\n        \"BM2\",\n        [\n          \"BM2\"\n        ]\n      ],\n      [\n        \"GP1\",\n        [\n          \"GP1\"\n        ]\n      ]\n    ]\n  },\n  {\n    \"title\": \"patternExampleListArray sample 4\",\n    \"value\": [\n      [\n        \"DG4\",\n        [\n          \"DG4\"\n        ]\n      ],\n      [\n        \"XNP3x\",\n        [\n          \"XNP36\"\n        ]\n      ]\n    ]\n  },\n  {\n    \"title\": \"patternExampleListArray sample 5\",\n    \"value\": [\n      [\n        \"CUK23W\",\n        [\n          \"CUK23W\"\n        ]\n      ],\n      [\n        \"ZWM1\",\n        [\n          \"ZWM1\"\n        ]\n      ],\n      [\n        \"SNA0345\",\n        [\n          \"SNA0345\"\n        ]\n      ],\n      [\n        \"LQ352\",\n        [\n          \"LQ352\"\n        ]\n      ],\n      [\n        \"UCx43A\",\n        [\n          \"UC243A\",\n          \"UC943A\",\n          \"UC543A\",\n          \"UC443A\",\n          \"UC743A\",\n          \"UC643A\",\n          \"UC143A\",\n          \"UC043A\",\n          \"UC343A\",\n          \"UC843A\"\n        ]\n      ],\n      [\n        \"IFO7x8\",\n        [\n          \"IFO748\",\n          \"IFO718\",\n          \"IFO788\",\n          \"IFO768\",\n          \"IFO798\",\n          \"IFO738\",\n          \"IFO728\",\n          \"IFO708\",\n          \"IFO778\"\n        ]\n      ],\n      [\n        \"ZJY2B\",\n        [\n          \"ZJY2B\"\n        ]\n      ]\n    ]\n  },\n  {\n    \"title\": \"patternExampleListArray sample 6\",\n    \"value\": [\n      [\n        \"BTH83\",\n        [\n          \"BTH83\"\n        ]\n      ],\n      [\n        \"HB73\",\n        [\n          \"HB73\"\n        ]\n      ],\n      [\n        \"DMV700xD\",\n        [\n          \"DMV7005D\",\n          \"DMV7007D\"\n        ]\n      ],\n      [\n        \"FI559\",\n        [\n          \"FI559\"\n        ]\n      ]\n    ]\n  },\n  {\n    \"title\": \"patternExampleListArray sample 7\",\n    \"value\": [\n      [\n        \"UI19J\",\n        [\n          \"UI19J\"\n        ]\n      ],\n      [\n        \"SOL43T\",\n        [\n          \"SOL43T\"\n        ]\n      ],\n      [\n        \"EG2*Y\",\n        [\n          \"EG2LRE5CHY\",\n          \"EG2BSQ3Y\",\n          \"EG2Y\",\n          \"EG25BK4D9PPY\",\n          \"EG2NYWZY\",\n          \"EG2KY8DA1QY\",\n          \"EG2S868Y\",\n          \"EG2HDY\",\n          \"EG27JD9KY\",\n          \"EG2JRBX5R9Y\"\n        ]\n      ],\n      [\n        \"YKN375\",\n        [\n          \"YKN375\"\n        ]\n      ],\n      [\n        \"CG*x\",\n        [\n          \"CGY4MBD1\",\n          \"CG397T00\",\n          \"CG0\",\n          \"CGPMA4\",\n          \"CGBS3\",\n          \"CG9EKU9\",\n          \"CG9CKFQ6\",\n          \"CGU4\",\n          \"CGBLGO6\",\n          \"CGM9ER0\",\n          \"CG9\"\n        ]\n      ],\n      [\n        \"NY*6K\",\n        [\n          \"NYRA395W7L6K\"\n        ]\n      ],\n      [\n        \"AA*\",\n        [\n          \"AAJ8\"\n        ]\n      ],\n      [\n        \"QG519\",\n        [\n          \"QG519\"\n        ]\n      ],\n      [\n        \"AGL5756\",\n        [\n          \"AGL5756\"\n        ]\n      ],\n      [\n        \"XO*0M\",\n        [\n          \"XOK9W0M\",\n          \"XO43VHHB0M\",\n          \"XOHPKQF0M\",\n          \"XO8EE0M\",\n          \"XOPF0M\",\n          \"XO0RJV0M\",\n          \"XO94WITH0M\",\n          \"XOXPV330M\",\n          \"XOM8A0M\"\n        ]\n      ],\n      [\n        \"HZ2774\",\n        [\n          \"HZ2774\"\n        ]\n      ],\n      [\n        \"AMY98xx\",\n        [\n          \"AMY9841\",\n          \"AMY9801\"\n        ]\n      ]\n    ]\n  },\n  {\n    \"title\": \"patternExampleListArray sample 8\",\n    \"value\": [\n      [\n        \"XUH13R\",\n        [\n          \"XUH13R\"\n        ]\n      ]\n    ]\n  },\n  {\n    \"title\": \"patternExampleListArray sample 9\",\n    \"value\": [\n      [\n        \"EM53D\",\n        [\n          \"EM53D\"\n        ]\n      ]\n    ]\n  }\n]",
              "code": "const patternExampleListArray = (0, fast_check_1.array)(index_test_1.patternExampleList, { minLength: 1 });\n(0, fast_check_1.sample)(patternExampleListArray, 10).forEach((sample, i) => (0, addContext_1.default)(this, {\n    title: `patternExampleListArray sample ${i}`,\n    value: sample,\n}));\nreturn (0, fast_check_1.assert)((0, fast_check_1.property)(patternExampleListArray, (ts) => {\n    const re = (0, _1.patternToRE)(...ts.map(([patternStr]) => patternStr));\n    return ts\n        .map(([, examples]) => examples)\n        .flat()\n        .every(re.test.bind(re));\n}));",
              "err": {},
              "uuid": "3d422d46-b530-460b-997d-c095649dabb2",
              "parentUUID": "9cfb5d23-9ce2-4b1c-af68-0d3a43c8774d",
              "isHook": false,
              "skipped": false
            },
            {
              "title": "should not match x to non-number",
              "fullTitle": "patternToRE should not match x to non-number",
              "timedOut": false,
              "duration": 0,
              "state": "passed",
              "speed": "fast",
              "pass": true,
              "fail": false,
              "pending": false,
              "context": null,
              "code": "const re = (0, _1.patternToRE)(\"x\");\n[\"A\", \"Z\", \"c\", \"#\"].forEach((example) => isInvalidExample(re, example));",
              "err": {},
              "uuid": "a2606c8e-ba21-4589-96f0-ba6eee070f1a",
              "parentUUID": "9cfb5d23-9ce2-4b1c-af68-0d3a43c8774d",
              "isHook": false,
              "skipped": false
            },
            {
              "title": "should not match * to a substring composed of characters other than A-Z and 0-9",
              "fullTitle": "patternToRE should not match * to a substring composed of characters other than A-Z and 0-9",
              "timedOut": false,
              "duration": 1,
              "state": "passed",
              "speed": "fast",
              "pass": true,
              "fail": false,
              "pending": false,
              "context": null,
              "code": "const re = (0, _1.patternToRE)(\"*\");\n[\"c\", \"Ac\", \"cA\", \"0Ax\", \"x0A\", \"BA#\", \"#AB\"].forEach((example) => isInvalidExample(re, example));",
              "err": {},
              "uuid": "571d5243-56b2-4e4e-ae73-06ba6a2a1359",
              "parentUUID": "9cfb5d23-9ce2-4b1c-af68-0d3a43c8774d",
              "isHook": false,
              "skipped": false
            },
            {
              "title": "should not match substrings",
              "fullTitle": "patternToRE should not match substrings",
              "timedOut": false,
              "duration": 0,
              "state": "passed",
              "speed": "fast",
              "pass": true,
              "fail": false,
              "pending": false,
              "context": null,
              "code": "const re = (0, _1.patternToRE)(\"A*xC\");\n[\"A1CZ\", \"AC1CZ\", \"ZA1C\", \"ZAC1C\", \"ZA1CZ\", \"ZAC1CZ\"].forEach((example) => isInvalidExample(re, example));",
              "err": {},
              "uuid": "f72962c0-cbe4-4f64-822d-d4c3b5a85f36",
              "parentUUID": "9cfb5d23-9ce2-4b1c-af68-0d3a43c8774d",
              "isHook": false,
              "skipped": false
            }
          ],
          "suites": [],
          "passes": [
            "f5fc1a5c-cef8-41b6-a180-7a2f62ecbc60",
            "3d422d46-b530-460b-997d-c095649dabb2",
            "a2606c8e-ba21-4589-96f0-ba6eee070f1a",
            "571d5243-56b2-4e4e-ae73-06ba6a2a1359",
            "f72962c0-cbe4-4f64-822d-d4c3b5a85f36"
          ],
          "failures": [],
          "pending": [],
          "skipped": [],
          "duration": 82,
          "root": false,
          "rootEmpty": false,
          "_timeout": 2000
        },
        {
          "uuid": "8bb6fa45-8c72-40cb-995b-974bb4b12835",
          "title": "patternSatisfier",
          "fullFile": "/home/runner/work/planwithus-lib/planwithus-lib/src/matchRule/pattern/satisfiers.test.ts",
          "file": "/src/matchRule/pattern/satisfiers.test.ts",
          "beforeHooks": [],
          "afterHooks": [],
          "tests": [
            {
              "title": "should assign all modules with *",
              "fullTitle": "patternSatisfier should assign all modules with *",
              "timedOut": false,
              "duration": 1,
              "state": "passed",
              "speed": "fast",
              "pass": true,
              "fail": false,
              "pending": false,
              "context": null,
              "code": "const { assign } = (0, satisfiers_1.patternSatisfier)(ref, \"*\");\nisCorrectAssign(assign, modulesList1, modulesList1.map(([moduleStr]) => moduleStr));",
              "err": {},
              "uuid": "a1f17fac-963b-435b-8937-0eb84ff0e090",
              "parentUUID": "8bb6fa45-8c72-40cb-995b-974bb4b12835",
              "isHook": false,
              "skipped": false
            },
            {
              "title": "should assign only valid modules with pattern containing *",
              "fullTitle": "patternSatisfier should assign only valid modules with pattern containing *",
              "timedOut": false,
              "duration": 0,
              "state": "passed",
              "speed": "fast",
              "pass": true,
              "fail": false,
              "pending": false,
              "context": null,
              "code": "const { assign } = (0, satisfiers_1.patternSatisfier)(ref, \"CS2*\");\nisCorrectAssign(assign, modulesList1, [\"CS2100\", \"CS2040S\", \"CS2030\"]);",
              "err": {},
              "uuid": "3b5f95c0-84aa-4a5f-92dc-659beaca9ac5",
              "parentUUID": "8bb6fa45-8c72-40cb-995b-974bb4b12835",
              "isHook": false,
              "skipped": false
            },
            {
              "title": "should assign only valid modules with pattern containing x",
              "fullTitle": "patternSatisfier should assign only valid modules with pattern containing x",
              "timedOut": false,
              "duration": 0,
              "state": "passed",
              "speed": "fast",
              "pass": true,
              "fail": false,
              "pending": false,
              "context": null,
              "code": "const { assign } = (0, satisfiers_1.patternSatisfier)(ref, \"CS20xx\");\nisCorrectAssign(assign, modulesList1, [\"CS2030\"]);",
              "err": {},
              "uuid": "9183f025-814e-4ef5-af62-27a69c58f8bf",
              "parentUUID": "8bb6fa45-8c72-40cb-995b-974bb4b12835",
              "isHook": false,
              "skipped": false
            },
            {
              "title": "should assign only valid modules with pattern containing x and *",
              "fullTitle": "patternSatisfier should assign only valid modules with pattern containing x and *",
              "timedOut": false,
              "duration": 0,
              "state": "passed",
              "speed": "fast",
              "pass": true,
              "fail": false,
              "pending": false,
              "context": null,
              "code": "const { assign } = (0, satisfiers_1.patternSatisfier)(ref, \"CS20xx*\");\nisCorrectAssign(assign, modulesList1, [\"CS2040S\", \"CS2030\"]);",
              "err": {},
              "uuid": "b079ae20-9df2-4ce5-955e-4b3c04801ca9",
              "parentUUID": "8bb6fa45-8c72-40cb-995b-974bb4b12835",
              "isHook": false,
              "skipped": false
            }
          ],
          "suites": [],
          "passes": [
            "a1f17fac-963b-435b-8937-0eb84ff0e090",
            "3b5f95c0-84aa-4a5f-92dc-659beaca9ac5",
            "9183f025-814e-4ef5-af62-27a69c58f8bf",
            "b079ae20-9df2-4ce5-955e-4b3c04801ca9"
          ],
          "failures": [],
          "pending": [],
          "skipped": [],
          "duration": 1,
          "root": false,
          "rootEmpty": false,
          "_timeout": 2000
        },
        {
          "uuid": "301e8ef7-6c2b-400c-8017-ef747892045a",
          "title": "patternSchema",
          "fullFile": "/home/runner/work/planwithus-lib/planwithus-lib/src/matchRule/pattern/schemas.test.ts",
          "file": "/src/matchRule/pattern/schemas.test.ts",
          "beforeHooks": [],
          "afterHooks": [],
          "tests": [
            {
              "title": "should validate non-empty pattern composed of A-Z, 0-9, x or *",
              "fullTitle": "patternSchema should validate non-empty pattern composed of A-Z, 0-9, x or *",
              "timedOut": false,
              "duration": 1,
              "state": "passed",
              "speed": "fast",
              "pass": true,
              "fail": false,
              "pending": false,
              "context": "[\n  {\n    \"title\": \"pattern sample 0\",\n    \"value\": \"MIW6784\"\n  },\n  {\n    \"title\": \"pattern sample 1\",\n    \"value\": \"ZZG9x5Y\"\n  },\n  {\n    \"title\": \"pattern sample 2\",\n    \"value\": \"PBJ0\"\n  },\n  {\n    \"title\": \"pattern sample 3\",\n    \"value\": \"QU9017\"\n  },\n  {\n    \"title\": \"pattern sample 4\",\n    \"value\": \"WAN27I\"\n  },\n  {\n    \"title\": \"pattern sample 5\",\n    \"value\": \"MG332Q\"\n  },\n  {\n    \"title\": \"pattern sample 6\",\n    \"value\": \"MB9W\"\n  },\n  {\n    \"title\": \"pattern sample 7\",\n    \"value\": \"TU9*Q\"\n  },\n  {\n    \"title\": \"pattern sample 8\",\n    \"value\": \"TLP58*\"\n  },\n  {\n    \"title\": \"pattern sample 9\",\n    \"value\": \"KI02*\"\n  }\n]",
              "code": "(0, fast_check_1.sample)(index_test_2.pattern, 10).forEach((sample, i) => (0, addContext_1.default)(this, {\n    title: `pattern sample ${i}`,\n    value: sample,\n}));\nreturn (0, fast_check_1.assert)((0, fast_check_1.property)(index_test_2.pattern, ajvValidate), {\n    examples: [[\"*\"], [\"ACC1002\"], [\"IS1103\"], [\"CS1231S\"], [\"MA1102R\"]],\n});",
              "err": {},
              "uuid": "bb291615-41f2-4dca-8c4d-429c8e19b228",
              "parentUUID": "301e8ef7-6c2b-400c-8017-ef747892045a",
              "isHook": false,
              "skipped": false
            },
            {
              "title": "should not validate empty pattern",
              "fullTitle": "patternSchema should not validate empty pattern",
              "timedOut": false,
              "duration": 1,
              "state": "passed",
              "speed": "fast",
              "pass": true,
              "fail": false,
              "pending": false,
              "context": null,
              "code": "isInvalidPattern(\"\")",
              "err": {},
              "uuid": "fd9daabd-6c9d-4e42-86d7-1132b11ec42e",
              "parentUUID": "301e8ef7-6c2b-400c-8017-ef747892045a",
              "isHook": false,
              "skipped": false
            },
            {
              "title": "should not validate pattern with invalid characters",
              "fullTitle": "patternSchema should not validate pattern with invalid characters",
              "timedOut": false,
              "duration": 1,
              "state": "passed",
              "speed": "fast",
              "pass": true,
              "fail": false,
              "pending": false,
              "context": null,
              "code": "[\"AB123a\", \"Ac123a\", \"AB123^S\", \"AB1*3^S\", \"$A1*3^S\", \"/A1x33S\"].forEach(isInvalidPattern)",
              "err": {},
              "uuid": "fcbd4eb0-8e07-41dc-a782-65af519adc1e",
              "parentUUID": "301e8ef7-6c2b-400c-8017-ef747892045a",
              "isHook": false,
              "skipped": false
            }
          ],
          "suites": [],
          "passes": [
            "bb291615-41f2-4dca-8c4d-429c8e19b228",
            "fd9daabd-6c9d-4e42-86d7-1132b11ec42e",
            "fcbd4eb0-8e07-41dc-a782-65af519adc1e"
          ],
          "failures": [],
          "pending": [],
          "skipped": [],
          "duration": 3,
          "root": false,
          "rootEmpty": false,
          "_timeout": 2000
        },
        {
          "uuid": "aa76b113-1b49-4017-9ead-f2276ded7388",
          "title": "patternMatchRuleSatisfier",
          "fullFile": "/home/runner/work/planwithus-lib/planwithus-lib/src/matchRule/satisfiers.test.ts",
          "file": "/src/matchRule/satisfiers.test.ts",
          "beforeHooks": [],
          "afterHooks": [],
          "tests": [
            {
              "title": "should assign only valid modules with pattern match rule containing no exclude patterns",
              "fullTitle": "patternMatchRuleSatisfier should assign only valid modules with pattern match rule containing no exclude patterns",
              "timedOut": false,
              "duration": 1,
              "state": "passed",
              "speed": "fast",
              "pass": true,
              "fail": false,
              "pending": false,
              "context": null,
              "code": "const { assign } = (0, satisfiers_1.patternMatchRuleSatisfier)(ref, { pattern: \"CS1xxx*\" });\nisCorrectAssign(assign, modulesList1, [\"CS1231\", \"CS1231S\"]);",
              "err": {},
              "uuid": "ad205d25-943e-462e-b4a0-e39afb11cdd4",
              "parentUUID": "aa76b113-1b49-4017-9ead-f2276ded7388",
              "isHook": false,
              "skipped": false
            },
            {
              "title": "should assign only valid modules with pattern match rule containing an exclude pattern",
              "fullTitle": "patternMatchRuleSatisfier should assign only valid modules with pattern match rule containing an exclude pattern",
              "timedOut": false,
              "duration": 1,
              "state": "passed",
              "speed": "fast",
              "pass": true,
              "fail": false,
              "pending": false,
              "context": null,
              "code": "const { assign } = (0, satisfiers_1.patternMatchRuleSatisfier)(ref, {\n    pattern: \"MA1xxx*\",\n    exclude: \"MA15xx\",\n});\nisCorrectAssign(assign, modulesList1, [\n    \"MA1100\",\n    \"MA1101R\",\n    \"MA1102R\",\n    \"MA1511A\",\n]);",
              "err": {},
              "uuid": "57da62aa-a388-47c0-b033-d4601c7083d3",
              "parentUUID": "aa76b113-1b49-4017-9ead-f2276ded7388",
              "isHook": false,
              "skipped": false
            },
            {
              "title": "should assign only valid modules with pattern match rule containing multiple exclude patterns",
              "fullTitle": "patternMatchRuleSatisfier should assign only valid modules with pattern match rule containing multiple exclude patterns",
              "timedOut": false,
              "duration": 0,
              "state": "passed",
              "speed": "fast",
              "pass": true,
              "fail": false,
              "pending": false,
              "context": null,
              "code": "const { assign } = (0, satisfiers_1.patternMatchRuleSatisfier)(ref, {\n    pattern: \"MA*\",\n    exclude: [\"MA151x*\", \"MA2xxx\"],\n});\nisCorrectAssign(assign, modulesList1, [\n    \"MA1100\",\n    \"MA1101R\",\n    \"MA1102R\",\n    \"MA1507\",\n    \"MA1521\",\n    \"MA2101S\",\n]);",
              "err": {},
              "uuid": "95763ce6-02f7-4fc8-a31d-cd36faa83f7b",
              "parentUUID": "aa76b113-1b49-4017-9ead-f2276ded7388",
              "isHook": false,
              "skipped": false
            }
          ],
          "suites": [],
          "passes": [
            "ad205d25-943e-462e-b4a0-e39afb11cdd4",
            "57da62aa-a388-47c0-b033-d4601c7083d3",
            "95763ce6-02f7-4fc8-a31d-cd36faa83f7b"
          ],
          "failures": [],
          "pending": [],
          "skipped": [],
          "duration": 2,
          "root": false,
          "rootEmpty": false,
          "_timeout": 2000
        },
        {
          "uuid": "555b5eab-9cb9-4daf-9e08-a8957d897a00",
          "title": "matchRuleSchema",
          "fullFile": "/home/runner/work/planwithus-lib/planwithus-lib/src/matchRule/schemas.test.ts",
          "file": "/src/matchRule/schemas.test.ts",
          "beforeHooks": [],
          "afterHooks": [],
          "tests": [
            {
              "title": "should validate match rule with valid pattern",
              "fullTitle": "matchRuleSchema should validate match rule with valid pattern",
              "timedOut": false,
              "duration": 1,
              "state": "passed",
              "speed": "fast",
              "pass": true,
              "fail": false,
              "pending": false,
              "context": "[\n  {\n    \"title\": \"pattern sample 0\",\n    \"value\": \"XC0*6L\"\n  },\n  {\n    \"title\": \"pattern sample 1\",\n    \"value\": \"JE204\"\n  },\n  {\n    \"title\": \"pattern sample 2\",\n    \"value\": \"NA*5W\"\n  },\n  {\n    \"title\": \"pattern sample 3\",\n    \"value\": \"KNF351X\"\n  },\n  {\n    \"title\": \"pattern sample 4\",\n    \"value\": \"PI589B\"\n  },\n  {\n    \"title\": \"pattern sample 5\",\n    \"value\": \"JQNx25\"\n  },\n  {\n    \"title\": \"pattern sample 6\",\n    \"value\": \"JO9\"\n  },\n  {\n    \"title\": \"pattern sample 7\",\n    \"value\": \"SZF73\"\n  },\n  {\n    \"title\": \"pattern sample 8\",\n    \"value\": \"SQ14*L\"\n  },\n  {\n    \"title\": \"pattern sample 9\",\n    \"value\": \"YCB521\"\n  }\n]",
              "code": "(0, fast_check_1.sample)(index_test_3.pattern, 10).forEach((sample, i) => (0, addContext_1.default)(this, {\n    title: `pattern sample ${i}`,\n    value: sample,\n}));\nreturn (0, fast_check_1.assert)((0, fast_check_1.property)(index_test_3.pattern, ajvValidate));",
              "err": {},
              "uuid": "3e0ace02-7655-48f6-9e0c-da7a5c5b90db",
              "parentUUID": "555b5eab-9cb9-4daf-9e08-a8957d897a00",
              "isHook": false,
              "skipped": false
            },
            {
              "title": "should validate match rules with valid pattern, exclude and info",
              "fullTitle": "matchRuleSchema should validate match rules with valid pattern, exclude and info",
              "timedOut": false,
              "duration": 4,
              "state": "passed",
              "speed": "fast",
              "pass": true,
              "fail": false,
              "pending": false,
              "context": "[\n  {\n    \"title\": \"patternMatchRule sample 0\",\n    \"value\": {\n      \"pattern\": \"SS5\",\n      \"exclude\": [\n        \"BQ6\"\n      ],\n      \"info\": \"=+z=7lZgM\"\n    }\n  },\n  {\n    \"title\": \"patternMatchRule sample 1\",\n    \"value\": {\n      \"pattern\": \"YP1Q\",\n      \"exclude\": [\n        \"QUD15I\",\n        \"VVP905\",\n        \"KVV70*3H\"\n      ],\n      \"info\": \"\"\n    }\n  },\n  {\n    \"title\": \"patternMatchRule sample 2\",\n    \"value\": {\n      \"pattern\": \"HXxxE\",\n      \"exclude\": [\n        \"BL0I\",\n        \"BL905\",\n        \"EW7\"\n      ],\n      \"info\": \"\\\"\\\"~~ mS##y\"\n    }\n  },\n  {\n    \"title\": \"patternMatchRule sample 3\",\n    \"value\": {\n      \"pattern\": \"BV674x\",\n      \"exclude\": \"PKC*2*6\",\n      \"info\": \"\"\n    }\n  },\n  {\n    \"title\": \"patternMatchRule sample 4\",\n    \"value\": {\n      \"pattern\": \"PS67P\",\n      \"exclude\": \"WK2384\",\n      \"info\": \"\"\n    }\n  },\n  {\n    \"title\": \"patternMatchRule sample 5\",\n    \"value\": {\n      \"pattern\": \"SRU28N\",\n      \"exclude\": [\n        \"YUK37*3\"\n      ],\n      \"info\": \"V-~fl&\"\n    }\n  },\n  {\n    \"title\": \"patternMatchRule sample 6\",\n    \"value\": {\n      \"pattern\": \"TZ7K\",\n      \"exclude\": [\n        \"UV56G\",\n        \"RT2x8\"\n      ],\n      \"info\": \"6\"\n    }\n  },\n  {\n    \"title\": \"patternMatchRule sample 7\",\n    \"value\": {\n      \"pattern\": \"WJW*1S\",\n      \"exclude\": \"EM817\",\n      \"info\": \"^!#$%3zah|\"\n    }\n  },\n  {\n    \"title\": \"patternMatchRule sample 8\",\n    \"value\": {\n      \"pattern\": \"KF6*O\",\n      \"exclude\": \"GNZ4T\",\n      \"info\": \"\\\"B$f!!\"\n    }\n  },\n  {\n    \"title\": \"patternMatchRule sample 9\",\n    \"value\": {\n      \"pattern\": \"OQL71V\",\n      \"info\": \"pX_\"\n    }\n  }\n]",
              "code": "(0, fast_check_1.sample)(index_test_2.patternMatchRule, 10).forEach((sample, i) => (0, addContext_1.default)(this, {\n    title: `patternMatchRule sample ${i}`,\n    value: sample,\n}));\nreturn (0, fast_check_1.assert)((0, fast_check_1.property)(index_test_2.patternMatchRule, ajvValidate));",
              "err": {},
              "uuid": "3073fef8-8315-4a8e-9f6b-d7bcc61d3730",
              "parentUUID": "555b5eab-9cb9-4daf-9e08-a8957d897a00",
              "isHook": false,
              "skipped": false
            },
            {
              "title": "should validate valid recursive match rules",
              "fullTitle": "matchRuleSchema should validate valid recursive match rules",
              "timedOut": false,
              "duration": 5,
              "state": "passed",
              "speed": "fast",
              "pass": true,
              "fail": false,
              "pending": false,
              "context": "[\n  {\n    \"title\": \"matchRule sample 0\",\n    \"value\": {\n      \"or\": [\n        {\n          \"pattern\": \"CG901\",\n          \"info\": \"QY( x\"\n        },\n        {\n          \"and\": [\n            \"BD01M\"\n          ]\n        }\n      ]\n    }\n  },\n  {\n    \"title\": \"matchRule sample 1\",\n    \"value\": {\n      \"and\": [\n        \"IRQ0817\",\n        {\n          \"pattern\": \"XKP*4O\",\n          \"exclude\": \"UI535x\"\n        },\n        {\n          \"pattern\": \"MUF0434\",\n          \"exclude\": [\n            \"LC048\",\n            \"TYW95*W\",\n            \"TUR294\",\n            \"JMJ6450D\"\n          ],\n          \"info\": \"=OEL?\"\n        },\n        {\n          \"or\": [\n            {\n              \"and\": [\n                \"OZ5\",\n                \"VG96\",\n                \"CX422\"\n              ]\n            }\n          ]\n        }\n      ]\n    }\n  },\n  {\n    \"title\": \"matchRule sample 2\",\n    \"value\": {\n      \"or\": [\n        \"FF1\"\n      ]\n    }\n  },\n  {\n    \"title\": \"matchRule sample 3\",\n    \"value\": {\n      \"and\": []\n    }\n  },\n  {\n    \"title\": \"matchRule sample 4\",\n    \"value\": {\n      \"and\": [\n        {\n          \"pattern\": \"CHB5L\",\n          \"exclude\": [\n            \"XSI2**\",\n            \"OXPx\",\n            \"EMP3\"\n          ],\n          \"info\": \"' iTn\"\n        },\n        {\n          \"and\": [\n            {\n              \"and\": [\n                \"HQ017X\",\n                \"NNG2x25\",\n                {\n                  \"pattern\": \"TS6*\",\n                  \"exclude\": \"HS65*3\",\n                  \"info\": \"sYqu]/$\"\n                },\n                {\n                  \"pattern\": \"FU1724C\",\n                  \"exclude\": [\n                    \"FYA4\",\n                    \"JC1x41C\",\n                    \"JR913\",\n                    \"HDA1U\",\n                    \"EVS2\"\n                  ],\n                  \"info\": \"6%EG\"\n                }\n              ]\n            },\n            \"KF*0\",\n            {\n              \"pattern\": \"SJY87\",\n              \"exclude\": \"YLD43\",\n              \"info\": \"|}9'93Q\"\n            }\n          ]\n        },\n        {\n          \"pattern\": \"OAF*127C\",\n          \"exclude\": [\n            \"GTG40L\",\n            \"WPD1\",\n            \"FH6E\",\n            \"CVH68\",\n            \"VL6223\"\n          ],\n          \"info\": \"Mu=!R!%-b7\"\n        },\n        \"FOVx476R\"\n      ]\n    }\n  },\n  {\n    \"title\": \"matchRule sample 5\",\n    \"value\": {\n      \"or\": []\n    }\n  },\n  {\n    \"title\": \"matchRule sample 6\",\n    \"value\": {\n      \"pattern\": \"PP402*\",\n      \"exclude\": \"QL71L\",\n      \"info\": \"Q\"\n    }\n  },\n  {\n    \"title\": \"matchRule sample 7\",\n    \"value\": {\n      \"and\": [\n        {\n          \"or\": [\n            \"PPZ90\"\n          ]\n        },\n        {\n          \"or\": [\n            \"VXZ510\",\n            {\n              \"or\": [\n                \"PPD428W\"\n              ]\n            },\n            \"SXD0*6\",\n            {\n              \"pattern\": \"XA8040\",\n              \"exclude\": \"GW12\",\n              \"info\": \"t,PbqkE_\"\n            }\n          ]\n        }\n      ]\n    }\n  },\n  {\n    \"title\": \"matchRule sample 8\",\n    \"value\": \"AQ7xS\"\n  },\n  {\n    \"title\": \"matchRule sample 9\",\n    \"value\": {\n      \"and\": [\n        {\n          \"pattern\": \"TNG9960I\",\n          \"exclude\": \"LW2H\"\n        },\n        {\n          \"and\": [\n            \"NCK2T\",\n            \"IU4B\",\n            {\n              \"or\": []\n            },\n            \"KVK4\",\n            \"CL3\"\n          ]\n        },\n        {\n          \"pattern\": \"LB34\",\n          \"exclude\": [\n            \"BZK2334\",\n            \"NTK3\"\n          ],\n          \"info\": \"EQc^?B/F\"\n        }\n      ]\n    }\n  }\n]",
              "code": "(0, fast_check_1.sample)(index_test_2.matchRule, 10).forEach((sample, i) => (0, addContext_1.default)(this, {\n    title: `matchRule sample ${i}`,\n    value: sample,\n}));\nreturn (0, fast_check_1.assert)((0, fast_check_1.property)(index_test_2.matchRule, ajvValidate));",
              "err": {},
              "uuid": "0fcab2dd-e5a5-4952-a5e6-359f826aa08f",
              "parentUUID": "555b5eab-9cb9-4daf-9e08-a8957d897a00",
              "isHook": false,
              "skipped": false
            },
            {
              "title": "should not validate non-string/object",
              "fullTitle": "matchRuleSchema should not validate non-string/object",
              "timedOut": false,
              "duration": 1,
              "state": "passed",
              "speed": "fast",
              "pass": true,
              "fail": false,
              "pending": false,
              "context": null,
              "code": "const error = {\n    instancePath: \"\",\n    message: \"match rule should be either a string or an object\",\n};\nisInvalidRule(null, error);\nisInvalidRule(undefined, error);\nisInvalidRule(10, error);\nisInvalidRule([12, 24], error);",
              "err": {},
              "uuid": "75143587-f123-4771-a79c-59d98c0d7fcc",
              "parentUUID": "555b5eab-9cb9-4daf-9e08-a8957d897a00",
              "isHook": false,
              "skipped": false
            },
            {
              "title": "should not validate match rules with extra properties",
              "fullTitle": "matchRuleSchema should not validate match rules with extra properties",
              "timedOut": false,
              "duration": 0,
              "state": "passed",
              "speed": "fast",
              "pass": true,
              "fail": false,
              "pending": false,
              "context": null,
              "code": "isInvalidRule({\n        and: [{ or: [{ pattern: \"CS2103T\", info2: \"foobar\" }], abc: \"def\" }],\n        mno: \"pqr\",\n    }, {\n        instancePath: \"/and/0/or/0\",\n        message: \"pattern match rule should have properties 'pattern', 'exclude' (optional) and 'info' (optional) only\",\n    }, {\n        instancePath: \"/and/0\",\n        message: \"or match rule should have property 'or' only\",\n    }, {\n        instancePath: \"\",\n        message: \"and match rule should have property 'and' only\",\n    })",
              "err": {},
              "uuid": "b7945733-dd81-47c7-a87a-05309a984c59",
              "parentUUID": "555b5eab-9cb9-4daf-9e08-a8957d897a00",
              "isHook": false,
              "skipped": false
            },
            {
              "title": "should not validate ambiguous match rules",
              "fullTitle": "matchRuleSchema should not validate ambiguous match rules",
              "timedOut": false,
              "duration": 1,
              "state": "passed",
              "speed": "fast",
              "pass": true,
              "fail": false,
              "pending": false,
              "context": null,
              "code": "const message = \"match rule should have only one of properties 'pattern', 'and', 'or'\";\nisInvalidRule({\n    or: [\n        { pattern: \"CS1231\", and: [] },\n        { pattern: \"CS1231\", or: [] },\n        { and: [{ and: [\"abc\"], or: [\"def\"] }] },\n    ],\n}, { instancePath: \"/or/0\", message }, { instancePath: \"/or/1\", message }, { instancePath: \"/or/2/and/0\", message });",
              "err": {},
              "uuid": "bcdaaf62-ea8c-416e-94fb-40937627010f",
              "parentUUID": "555b5eab-9cb9-4daf-9e08-a8957d897a00",
              "isHook": false,
              "skipped": false
            },
            {
              "title": "should not validate pattern match rule with invalid patterns",
              "fullTitle": "matchRuleSchema should not validate pattern match rule with invalid patterns",
              "timedOut": false,
              "duration": 0,
              "state": "passed",
              "speed": "fast",
              "pass": true,
              "fail": false,
              "pending": false,
              "context": null,
              "code": "const message = \"pattern should be a non-empty string composed of A-Z, 0-9, x or *\";\nisInvalidRule({\n    and: [\n        \"CS210c\",\n        { pattern: \"CS2100\", exclude: \"CS1231s\" },\n        { pattern: \"CS210#T\", exclude: [\"CS1231\", \"CS21%\"] },\n    ],\n}, { instancePath: \"/and/0\", message }, { instancePath: \"/and/1/exclude\", message }, { instancePath: \"/and/2/pattern\", message }, { instancePath: \"/and/2/exclude/1\", message });",
              "err": {},
              "uuid": "4601004c-09c7-4e5b-aa11-0d9ab99df531",
              "parentUUID": "555b5eab-9cb9-4daf-9e08-a8957d897a00",
              "isHook": false,
              "skipped": false
            },
            {
[...]
              "parentUUID": "71434d38-2843-472f-a2d0-6a6d1871d8d7",
              "isHook": false,
              "skipped": false
            },
            {
              "title": "should truncate list of modules with upper bound of MCs at exact cutoff if total MC count is higher and there exists some starting sequence with exact MC count",
              "fullTitle": "inequalitySatisfier should truncate list of modules with upper bound of MCs at exact cutoff if total MC count is higher and there exists some starting sequence with exact MC count",
              "timedOut": false,
              "duration": 0,
              "state": "passed",
              "speed": "fast",
              "pass": true,
              "fail": false,
              "pending": false,
              "context": null,
              "code": "const satisfier = (0, satisfiers_1.inequalitySatisfier)(ref, \"<=16\");\nsatisfier.should.have.property(\"filter\");\nconst { filter } = satisfier;\nisCorrectFilter(filter, modulesList1, [\n    \"CS2100\",\n    \"GER1000\",\n    \"CS2040S\",\n    \"ST2131\",\n]);",
              "err": {},
              "uuid": "29f5dac1-f435-489f-aae4-1285e38544b1",
              "parentUUID": "71434d38-2843-472f-a2d0-6a6d1871d8d7",
              "isHook": false,
              "skipped": false
            },
            {
              "title": "should truncate list of modules with upper bound of MCs, cutting off at the minimum starting sequence that exceeds upper bound, if total MC count is higher and there exists no starting sequence with exact MC count",
              "fullTitle": "inequalitySatisfier should truncate list of modules with upper bound of MCs, cutting off at the minimum starting sequence that exceeds upper bound, if total MC count is higher and there exists no starting sequence with exact MC count",
              "timedOut": false,
              "duration": 0,
              "state": "passed",
              "speed": "fast",
              "pass": true,
              "fail": false,
              "pending": false,
              "context": null,
              "code": "const satisfier = (0, satisfiers_1.inequalitySatisfier)(ref, \"<=17\");\nsatisfier.should.have.property(\"filter\");\nconst { filter } = satisfier;\nisCorrectFilter(filter, modulesList1, [\n    \"CS2100\",\n    \"GER1000\",\n    \"CS2040S\",\n    \"ST2131\",\n    \"MA1521\",\n]);",
              "err": {},
              "uuid": "546e07ff-d354-454d-8b09-3724129d6508",
              "parentUUID": "71434d38-2843-472f-a2d0-6a6d1871d8d7",
              "isHook": false,
              "skipped": false
            }
          ],
          "suites": [],
          "passes": [
            "970f11d2-06fd-40b7-adb1-199556d29ad1",
            "5136abdf-b175-4f68-bd4d-80f1893cc6b2",
            "0bc7b561-1a93-4587-a375-90b785a15c9a",
            "7b3e8da9-b883-4049-946a-31344cd11922",
            "ec7514bc-6f27-45e4-a71b-59224c850815",
            "29f5dac1-f435-489f-aae4-1285e38544b1",
            "546e07ff-d354-454d-8b09-3724129d6508"
          ],
          "failures": [],
          "pending": [],
          "skipped": [],
          "duration": 3,
          "root": false,
          "rootEmpty": false,
          "_timeout": 2000
        },
        {
          "uuid": "f20703e5-cc70-4ca6-9ae8-905a04bfc057",
          "title": "inequalitySchema",
          "fullFile": "/home/runner/work/planwithus-lib/planwithus-lib/src/satisfyRule/inequality/schemas.test.ts",
          "file": "/src/satisfyRule/inequality/schemas.test.ts",
          "beforeHooks": [],
          "afterHooks": [],
          "tests": [
            {
              "title": "should validate inequality in the form <=n or >=n",
              "fullTitle": "inequalitySchema should validate inequality in the form <=n or >=n",
              "timedOut": false,
              "duration": 1,
              "state": "passed",
              "speed": "fast",
              "pass": true,
              "fail": false,
              "pending": false,
              "context": "[\n  {\n    \"title\": \"inequality sample 0\",\n    \"value\": \"<=5\"\n  },\n  {\n    \"title\": \"inequality sample 1\",\n    \"value\": \">=11\"\n  },\n  {\n    \"title\": \"inequality sample 2\",\n    \"value\": \"<=84\"\n  },\n  {\n    \"title\": \"inequality sample 3\",\n    \"value\": \">=4\"\n  },\n  {\n    \"title\": \"inequality sample 4\",\n    \"value\": \"<=22\"\n  },\n  {\n    \"title\": \"inequality sample 5\",\n    \"value\": \">=5\"\n  },\n  {\n    \"title\": \"inequality sample 6\",\n    \"value\": \">=194\"\n  },\n  {\n    \"title\": \"inequality sample 7\",\n    \"value\": \">=5\"\n  },\n  {\n    \"title\": \"inequality sample 8\",\n    \"value\": \">=111\"\n  },\n  {\n    \"title\": \"inequality sample 9\",\n    \"value\": \"<=72\"\n  }\n]",
              "code": "(0, fast_check_1.sample)(index_test_2.inequality, 10).forEach((sample, i) => (0, addContext_1.default)(this, {\n    title: `inequality sample ${i}`,\n    value: sample,\n}));\nreturn (0, fast_check_1.assert)((0, fast_check_1.property)(index_test_2.inequality, ajvValidate));",
              "err": {},
              "uuid": "44b3f8eb-20e2-47a7-83f0-2a0ab63a204e",
              "parentUUID": "f20703e5-cc70-4ca6-9ae8-905a04bfc057",
              "isHook": false,
              "skipped": false
            },
            {
              "title": "should not validate inequality of invalid form",
              "fullTitle": "inequalitySchema should not validate inequality of invalid form",
              "timedOut": false,
              "duration": 1,
              "state": "passed",
              "speed": "fast",
              "pass": true,
              "fail": false,
              "pending": false,
              "context": null,
              "code": "[\n        \"\",\n        \"==23\",\n        \"23\",\n        \"<23\",\n        \">23\",\n        \"<=-1\",\n        \">=-1\",\n        \"<= 2\",\n        \">= 1\",\n        \"> 3\",\n        \"< 3\",\n        \"<=3a\",\n        \">=3a\",\n        \"a<=3\",\n        \"a>=3\",\n    ].forEach(isInvalidInequality)",
              "err": {},
              "uuid": "0cb2c3f5-e447-4d4e-81c1-038e7d7c460b",
              "parentUUID": "f20703e5-cc70-4ca6-9ae8-905a04bfc057",
              "isHook": false,
              "skipped": false
            }
          ],
          "suites": [],
          "passes": [
            "44b3f8eb-20e2-47a7-83f0-2a0ab63a204e",
            "0cb2c3f5-e447-4d4e-81c1-038e7d7c460b"
          ],
          "failures": [],
          "pending": [],
          "skipped": [],
          "duration": 2,
          "root": false,
          "rootEmpty": false,
          "_timeout": 2000
        },
        {
          "uuid": "00a8d0e9-5b74-4849-b2fb-73af12399373",
          "title": "satisfyRuleSchema",
          "fullFile": "/home/runner/work/planwithus-lib/planwithus-lib/src/satisfyRule/schemas.test.ts",
          "file": "/src/satisfyRule/schemas.test.ts",
          "beforeHooks": [],
          "afterHooks": [],
          "tests": [
            {
              "title": "should validate satisfy rule with valid block id",
              "fullTitle": "satisfyRuleSchema should validate satisfy rule with valid block id",
              "timedOut": false,
              "duration": 1,
              "state": "passed",
              "speed": "fast",
              "pass": true,
              "fail": false,
              "pending": false,
              "context": null,
              "code": "0, fast_check_1.assert)((0, fast_check_1.property)((0, fast_check_1.string)(), ajvValidate)",
              "err": {},
              "uuid": "c9d0fc21-f34b-4cdb-864f-e9162882cdaf",
              "parentUUID": "00a8d0e9-5b74-4849-b2fb-73af12399373",
              "isHook": false,
              "skipped": false
            },
            {
              "title": "should validate satisfy rules with valid mc",
              "fullTitle": "satisfyRuleSchema should validate satisfy rules with valid mc",
              "timedOut": false,
              "duration": 1,
              "state": "passed",
              "speed": "fast",
              "pass": true,
              "fail": false,
              "pending": false,
              "context": "[\n  {\n    \"title\": \"mcSatisfyRule sample 0\",\n    \"value\": {\n      \"mc\": \">=127\"\n    }\n  },\n  {\n    \"title\": \"mcSatisfyRule sample 1\",\n    \"value\": {\n      \"mc\": \">=4\"\n    }\n  },\n  {\n    \"title\": \"mcSatisfyRule sample 2\",\n    \"value\": {\n      \"mc\": \"<=80\"\n    }\n  },\n  {\n    \"title\": \"mcSatisfyRule sample 3\",\n    \"value\": {\n      \"mc\": \"<=171\"\n    }\n  },\n  {\n    \"title\": \"mcSatisfyRule sample 4\",\n    \"value\": {\n      \"mc\": \"<=167\"\n    }\n  },\n  {\n    \"title\": \"mcSatisfyRule sample 5\",\n    \"value\": {\n      \"mc\": \">=71\"\n    }\n  },\n  {\n    \"title\": \"mcSatisfyRule sample 6\",\n    \"value\": {\n      \"mc\": \"<=179\"\n    }\n  },\n  {\n    \"title\": \"mcSatisfyRule sample 7\",\n    \"value\": {\n      \"mc\": \"<=107\"\n    }\n  },\n  {\n    \"title\": \"mcSatisfyRule sample 8\",\n    \"value\": {\n      \"mc\": \">=197\"\n    }\n  },\n  {\n    \"title\": \"mcSatisfyRule sample 9\",\n    \"value\": {\n      \"mc\": \"<=100\"\n    }\n  }\n]",
              "code": "(0, fast_check_1.sample)(index_test_2.mcSatisfyRule, 10).forEach((sample, i) => (0, addContext_1.default)(this, {\n    title: `mcSatisfyRule sample ${i}`,\n    value: sample,\n}));\nreturn (0, fast_check_1.assert)((0, fast_check_1.property)(index_test_2.mcSatisfyRule, ajvValidate));",
              "err": {},
              "uuid": "ddbee4ae-5217-4e84-848e-46d1ed410179",
              "parentUUID": "00a8d0e9-5b74-4849-b2fb-73af12399373",
              "isHook": false,
              "skipped": false
            },
            {
              "title": "should validate valid recursive satisfy rules",
              "fullTitle": "satisfyRuleSchema should validate valid recursive satisfy rules",
              "timedOut": false,
              "duration": 4,
              "state": "passed",
              "speed": "fast",
              "pass": true,
              "fail": false,
              "pending": false,
              "context": "[\n  {\n    \"title\": \"satisfyRule sample 0\",\n    \"value\": \"\"\n  },\n  {\n    \"title\": \"satisfyRule sample 1\",\n    \"value\": {\n      \"mc\": \"<=6\"\n    }\n  },\n  {\n    \"title\": \"satisfyRule sample 2\",\n    \"value\": {\n      \"and\": [\n        {\n          \"or\": [\n            \"1?%ik\"\n          ]\n        },\n        {\n          \"or\": [\n            \"q0>Uce;][(\",\n            \"y_\"\n          ]\n        }\n      ]\n    }\n  },\n  {\n    \"title\": \"satisfyRule sample 3\",\n    \"value\": {\n      \"mc\": \"<=199\"\n    }\n  },\n  {\n    \"title\": \"satisfyRule sample 4\",\n    \"value\": {\n      \"or\": [\n        \"j=~lN\"\n      ]\n    }\n  },\n  {\n    \"title\": \"satisfyRule sample 5\",\n    \"value\": \"@\\\"Pv)\"\n  },\n  {\n    \"title\": \"satisfyRule sample 6\",\n    \"value\": \"|GR$Yzr&\\\"\"\n  },\n  {\n    \"title\": \"satisfyRule sample 7\",\n    \"value\": {\n      \"mc\": \">=110\"\n    }\n  },\n  {\n    \"title\": \"satisfyRule sample 8\",\n    \"value\": {\n      \"mc\": \"<=184\"\n    }\n  },\n  {\n    \"title\": \"satisfyRule sample 9\",\n    \"value\": {\n      \"and\": [\n        {\n          \"and\": [\n            \"Fo$csdQtu<\",\n            {\n              \"mc\": \"<=168\"\n            },\n            \"{\",\n            \"K>6L#O$=\"\n          ]\n        },\n        {\n          \"mc\": \">=106\"\n        },\n        {\n          \"or\": [\n            {\n              \"and\": [\n                {\n                  \"or\": [\n                    {\n                      \"and\": [\n                        \"%!ME/Bl\\\\,0\",\n                        \"8n|Lp#jEW\",\n                        {\n                          \"and\": [\n                            \"\",\n                            \"k_\"\n                          ]\n                        }\n                      ]\n                    },\n                    \"lJsYhC\",\n                    \"I^:?\"\n                  ]\n                },\n                \"=Z($[\"\n              ]\n            },\n            {\n              \"and\": [\n                \"N s'@t\\\"\",\n                {\n                  \"and\": []\n                },\n                {\n                  \"mc\": \"<=145\"\n                },\n                \"aGdBvt+[\"\n              ]\n            },\n            {\n              \"or\": []\n            }\n          ]\n        },\n        {\n          \"and\": [\n            {\n              \"mc\": \">=85\"\n            },\n            \"tb?eo\"\n          ]\n        },\n        {\n          \"or\": [\n            {\n              \"mc\": \"<=24\"\n            },\n            {\n              \"mc\": \"<=151\"\n            },\n            {\n              \"and\": [\n                \")T\"\n              ]\n            }\n          ]\n        }\n      ]\n    }\n  }\n]",
              "code": "(0, fast_check_1.sample)(index_test_2.satisfyRule, 10).forEach((sample, i) => (0, addContext_1.default)(this, {\n    title: `satisfyRule sample ${i}`,\n    value: sample,\n}));\nreturn (0, fast_check_1.assert)((0, fast_check_1.property)(index_test_2.satisfyRule, ajvValidate));",
              "err": {},
              "uuid": "13b91017-04fc-4584-b563-d74a97125342",
              "parentUUID": "00a8d0e9-5b74-4849-b2fb-73af12399373",
              "isHook": false,
              "skipped": false
            },
            {
              "title": "should not validate non-string/object",
              "fullTitle": "satisfyRuleSchema should not validate non-string/object",
              "timedOut": false,
              "duration": 1,
              "state": "passed",
              "speed": "fast",
              "pass": true,
              "fail": false,
              "pending": false,
              "context": null,
              "code": "const error = {\n    instancePath: \"\",\n    message: \"satisfy rule should be either a string or an object\",\n};\nisInvalidRule(null, error);\nisInvalidRule(undefined, error);\nisInvalidRule(10, error);\nisInvalidRule([12, 24], error);",
              "err": {},
              "uuid": "f72d3756-32fc-444b-9658-127966b3ff75",
              "parentUUID": "00a8d0e9-5b74-4849-b2fb-73af12399373",
              "isHook": false,
              "skipped": false
            },
            {
              "title": "should not validate satisfy rules with extra properties",
              "fullTitle": "satisfyRuleSchema should not validate satisfy rules with extra properties",
              "timedOut": false,
              "duration": 0,
              "state": "passed",
              "speed": "fast",
              "pass": true,
              "fail": false,
              "pending": false,
              "context": null,
              "code": "isInvalidRule({\n        and: [\n            { or: [\"2k\"], abc: \"def\" },\n            { mc: 8, ghi: \"jkl\" },\n        ],\n        mno: \"pqr\",\n    }, {\n        instancePath: \"/and/0\",\n        message: \"or satisfy rule should have property 'or' only\",\n    }, {\n        instancePath: \"/and/1\",\n        message: \"MC satisfy rule should have property 'mc' only\",\n    }, {\n        instancePath: \"\",\n        message: \"and satisfy rule should have property 'and' only\",\n    })",
              "err": {},
              "uuid": "8afc2e9f-f29e-474c-a61f-7d6b503b0889",
              "parentUUID": "00a8d0e9-5b74-4849-b2fb-73af12399373",
              "isHook": false,
              "skipped": false
            },
            {
              "title": "should not validate ambiguous satisfy rules",
              "fullTitle": "satisfyRuleSchema should not validate ambiguous satisfy rules",
              "timedOut": false,
              "duration": 0,
              "state": "passed",
              "speed": "fast",
              "pass": true,
              "fail": false,
              "pending": false,
              "context": null,
              "code": "const message = \"satisfy rule should have only one of properties 'mc', 'and', 'or'\";\nisInvalidRule({\n    or: [\n        { mc: 5, and: [\"CS2040\"] },\n        { and: [{ and: [\"abc\"], or: [\"def\"] }] },\n    ],\n}, { instancePath: \"/or/0\", message }, { instancePath: \"/or/1/and/0\", message });",
              "err": {},
              "uuid": "3f6fe485-c224-4dfd-902e-92346fbc4319",
              "parentUUID": "00a8d0e9-5b74-4849-b2fb-73af12399373",
              "isHook": false,
              "skipped": false
            },
            {
              "title": "should not validate and satisfy rules with non-array property",
              "fullTitle": "satisfyRuleSchema should not validate and satisfy rules with non-array property",
              "timedOut": false,
              "duration": 0,
              "state": "passed",
              "speed": "fast",
              "pass": true,
              "fail": false,
              "pending": false,
              "context": null,
              "code": "const message = \"property 'and' should be an array of satisfy rules\";\nisInvalidRule({ or: [{ and: {} }, { or: [{ and: 3 }] }] }, { instancePath: \"/or/0/and\", message }, { instancePath: \"/or/1/or/0/and\", message });",
              "err": {},
              "uuid": "95acf541-c92e-4083-93b6-8e2ef3f081a5",
              "parentUUID": "00a8d0e9-5b74-4849-b2fb-73af12399373",
              "isHook": false,
              "skipped": false
            },
            {
              "title": "should not validate or satisfy rules with non-array property",
              "fullTitle": "satisfyRuleSchema should not validate or satisfy rules with non-array property",
              "timedOut": false,
              "duration": 0,
              "state": "passed",
              "speed": "fast",
              "pass": true,
              "fail": false,
              "pending": false,
              "context": null,
              "code": "const message = \"property 'or' should be an array of satisfy rules\";\nisInvalidRule({ and: [{ or: {} }, { and: [{ or: 3 }] }] }, { instancePath: \"/and/0/or\", message }, { instancePath: \"/and/1/and/0/or\", message });",
              "err": {},
              "uuid": "72e8ae57-925c-480e-901f-840b547240d6",
              "parentUUID": "00a8d0e9-5b74-4849-b2fb-73af12399373",
              "isHook": false,
              "skipped": false
            }
          ],
          "suites": [],
          "passes": [
            "c9d0fc21-f34b-4cdb-864f-e9162882cdaf",
            "ddbee4ae-5217-4e84-848e-46d1ed410179",
            "13b91017-04fc-4584-b563-d74a97125342",
            "f72d3756-32fc-444b-9658-127966b3ff75",
            "8afc2e9f-f29e-474c-a61f-7d6b503b0889",
            "3f6fe485-c224-4dfd-902e-92346fbc4319",
            "95acf541-c92e-4083-93b6-8e2ef3f081a5",
            "72e8ae57-925c-480e-901f-840b547240d6"
          ],
          "failures": [],
          "pending": [],
          "skipped": [],
          "duration": 7,
          "root": false,
          "rootEmpty": false,
          "_timeout": 2000
        }
      ],
      "passes": [],
      "failures": [],
      "pending": [],
      "skipped": [],
      "duration": 0,
      "root": true,
      "rootEmpty": true,
      "_timeout": 2000
    }
  ],
  "meta": {
    "mocha": {
      "version": "9.1.2"
    },
    "mochawesome": {
      "options": {
        "quiet": false,
        "reportFilename": "mochawesome",
        "saveHtml": true,
        "saveJson": true,
        "consoleReporter": "spec",
        "useInlineDiffs": false,
        "code": true
      },
      "version": "6.3.0"
    },
    "marge": {
      "options": {
        "reportDir": "docs"
      },
      "version": "5.2.0"
    }
  }
}