{
  "stats": {
    "suites": 10,
    "tests": 48,
    "passes": 48,
    "pending": 0,
    "failures": 0,
    "start": "2021-07-29T07:41:39.915Z",
    "end": "2021-07-29T07:41:40.239Z",
    "duration": 324,
    "testsRegistered": 48,
    "passPercent": 100,
    "pendingPercent": 0,
    "other": 0,
    "hasOther": false,
    "skipped": 0,
    "hasSkipped": false
  },
  "results": [
    {
      "uuid": "241462f0-a3cf-4da2-8930-7f5689271ee5",
      "title": "",
      "fullFile": "",
      "file": "",
      "beforeHooks": [],
      "afterHooks": [],
      "tests": [],
      "suites": [
        {
          "uuid": "376e57cc-4a28-4d46-aed1-f7a21f12a3b2",
          "title": "initDirectories",
          "fullFile": "/home/runner/work/planwithus-lib/planwithus-lib/src/block/schemas.test.ts",
          "file": "/src/block/schemas.test.ts",
          "beforeHooks": [],
          "afterHooks": [],
          "tests": [
            {
              "title": "should parse all blocks with no errors",
              "fullTitle": "initDirectories should parse all blocks with no errors",
              "timedOut": false,
              "duration": 2,
              "state": "passed",
              "speed": "fast",
              "pass": true,
              "fail": false,
              "pending": false,
              "context": null,
              "code": "_1.initDirectories.should.not.throw()",
              "err": {},
              "uuid": "a74d8948-842e-4655-aa6d-5619176f726c",
              "parentUUID": "376e57cc-4a28-4d46-aed1-f7a21f12a3b2",
              "isHook": false,
              "skipped": false
            },
            {
              "title": "should produce primary, second & minor directories",
              "fullTitle": "initDirectories should produce primary, second & minor directories",
              "timedOut": false,
              "duration": 2,
              "state": "passed",
              "speed": "fast",
              "pass": true,
              "fail": false,
              "pending": false,
              "context": null,
              "code": "const directories = _1.initDirectories();\ndirectories.should.have.property(\"primary\");\ndirectories.should.have.property(\"second\");\ndirectories.should.have.property(\"minor\");",
              "err": {},
              "uuid": "052f3f86-2c60-45ca-878c-1c0624fe0301",
              "parentUUID": "376e57cc-4a28-4d46-aed1-f7a21f12a3b2",
              "isHook": false,
              "skipped": false
            }
          ],
          "suites": [],
          "passes": [
            "a74d8948-842e-4655-aa6d-5619176f726c",
            "052f3f86-2c60-45ca-878c-1c0624fe0301"
          ],
          "failures": [],
          "pending": [],
          "skipped": [],
          "duration": 4,
          "root": false,
          "rootEmpty": false,
          "_timeout": 2000
        },
        {
          "uuid": "b05fe7e5-cc5e-498e-b76b-076681badca2",
          "title": "blockSchema",
          "fullFile": "/home/runner/work/planwithus-lib/planwithus-lib/src/block/schemas.test.ts",
          "file": "/src/block/schemas.test.ts",
          "beforeHooks": [],
          "afterHooks": [],
          "tests": [
            {
              "title": "should validate valid block",
              "fullTitle": "blockSchema should validate valid block",
              "timedOut": false,
              "duration": 204,
              "state": "passed",
              "speed": "slow",
              "pass": true,
              "fail": false,
              "pending": false,
              "context": "[\n  {\n    \"title\": \"block sample 0\",\n    \"value\": {\n      \"name\": \"3wZ&rU\",\n      \"ay\": 2020,\n      \"assign\": \"xT\",\n      \"match\": [\n        {\n          \"or\": [\n            {\n              \"pattern\": \"CT1M\",\n              \"exclude\": [\n                \"CUL852\",\n                \"KV42B\",\n                \"BY4xS\"\n              ],\n              \"info\": \"Q-\"\n            },\n            {\n              \"or\": [\n                \"FTZ6Y\",\n                \"MG5N\"\n              ]\n            }\n          ]\n        },\n        {\n          \"pattern\": \"VP1\",\n          \"info\": \"PX_?1gu6\"\n        },\n        {\n          \"and\": [\n            {\n              \"or\": [\n                \"GCM3*\",\n                \"MXK2595\",\n                {\n                  \"pattern\": \"TWE49\",\n                  \"exclude\": \"NT08M\",\n                  \"info\": \"lm\"\n                }\n              ]\n            },\n            {\n              \"or\": [\n                {\n                  \"pattern\": \"II6**xI\",\n                  \"exclude\": [\n                    \"EC10\",\n                    \"NI*R\"\n                  ],\n                  \"info\": \"BYm_F=vXW\"\n                },\n                {\n                  \"pattern\": \"MIx6x4\",\n                  \"exclude\": \"FSZ8\"\n                },\n                {\n                  \"and\": []\n                },\n                \"JQB2821N\",\n                \"YX4*41\"\n              ]\n            },\n            {\n              \"pattern\": \"XJR***1\",\n              \"exclude\": \"SHJ*89*N\",\n              \"info\": \"H0_L'u\"\n            },\n            \"DB*515\",\n            {\n              \"or\": [\n                {\n                  \"or\": [\n                    {\n                      \"and\": [\n                        \"BFJ*5\"\n                      ]\n                    },\n                    {\n                      \"pattern\": \"GOE19*1W\",\n                      \"exclude\": \"UY2821\"\n                    },\n                    \"HJ*1G\",\n                    \"EK98X\",\n                    {\n                      \"pattern\": \"EJX1*26\",\n                      \"exclude\": [\n                        \"JG23G\"\n                      ],\n                      \"info\": \"\"\n                    }\n                  ]\n                },\n                \"TUI4\",\n                {\n                  \"pattern\": \"WLE06\",\n                  \"exclude\": [\n                    \"SW82\",\n                    \"DTXx2\",\n                    \"BH791\",\n                    \"HM63Q\",\n                    \"AG45*9\"\n                  ],\n                  \"info\": \"{cx\"\n                },\n                {\n                  \"pattern\": \"PEH2*4\",\n                  \"exclude\": [\n                    \"QL82*9\",\n                    \"LN76*K\"\n                  ],\n                  \"info\": \"vO?bxP\"\n                },\n                \"ADB*x69U\"\n              ]\n            }\n          ]\n        },\n        {\n          \"or\": []\n        }\n      ],\n      \"url\": \"http://5dj8c4xzj88ddf5qzc7dbfv5ba49d6brb4r58.vfofzlbh\",\n      \"info\": \"Za\",\n      \"isSelectable\": true,\n      \"M$!Pm[[[(\": {\n        \"assign\": \"Z\",\n        \"match\": {\n          \"or\": [\n            {\n              \"pattern\": \"BP*008\",\n              \"exclude\": \"WBD276\",\n              \"info\": \"{$y_ \"\n            },\n            {\n              \"or\": [\n                {\n                  \"pattern\": \"EQV91*8\",\n                  \"exclude\": [\n                    \"YK86\",\n                    \"CON47\",\n                    \"II3C\",\n                    \"RO874A\"\n                  ],\n                  \"info\": \"iK4/Jy\\\"\\\\AQ\"\n                },\n                {\n                  \"pattern\": \"QFE6\"\n                },\n                \"BB68*x\"\n              ]\n            }\n          ]\n        },\n        \"isSelectable\": true,\n        \"-\": {\n          \"ay\": 2007,\n          \"assign\": \"ToT{\",\n          \"satisfy\": [\n            \"@^}\"\n          ],\n          \"url\": \"https://e9wxj748dqnlwopait37exed7g6hudfqye-06.4cr12bfg-0jrvimc.agd\",\n          \"info\": \"\",\n          \"isSelectable\": true\n        },\n        \")4\": {\n          \"ay\": 1983,\n          \"assign\": \"GYA}5+%| !\",\n          \"match\": \"DE8197A\",\n          \"satisfy\": {\n            \"mc\": \"<=165\"\n          },\n          \"url\": \"http://526aw4b.pmhwy\",\n          \"info\": \"[e\",\n          \"isSelectable\": true,\n          \"'1*5\": {\n            \"name\": \"]Y#&G!\",\n            \"ay\": 2027,\n            \"assign\": \"?Paspy7\",\n            \"match\": [\n              {\n                \"pattern\": \"DZ7891\",\n                \"exclude\": \"OQ67\"\n              },\n              {\n                \"and\": [\n                  {\n                    \"and\": [\n                      \"ELD69\",\n                      {\n                        \"and\": [\n                          {\n                            \"or\": [\n                              \"CMJ6x\",\n                              \"LS74*W\",\n                              {\n                                \"and\": []\n                              }\n                            ]\n                          },\n                          \"AMN7756\",\n                          \"LWV0x\"\n                        ]\n                      },\n                      {\n                        \"pattern\": \"GHx5P\",\n                        \"info\": \"5PlnP|Bf>t\"\n                      }\n                    ]\n                  },\n                  {\n                    \"and\": [\n                      {\n                        \"and\": [\n                          \"OGY7*4\"\n                        ]\n                      },\n                      \"WEX1748D\",\n                      {\n                        \"pattern\": \"SG2889I\",\n                        \"exclude\": [\n                          \"RSH9B\",\n                          \"AJ9\"\n                        ],\n                        \"info\": \"w5 (\"\n                      },\n                      {\n                        \"or\": [\n                          \"EJZ7893F\",\n                          \"IFH884\",\n                          \"OH2*\",\n                          {\n                            \"or\": [\n                              \"ST48\",\n                              {\n                                \"and\": [\n                                  \"PU*U\",\n                                  \"MVS3452\",\n                                  {\n                                    \"or\": [\n                                      \"HZL1A\"\n                                    ]\n                                  }\n                                ]\n                              },\n                              \"KKA684\",\n                              \"OZ9\",\n                              \"KZ1*K\"\n                            ]\n                          },\n                          \"HT454\"\n                        ]\n                      },\n                      \"AD18x6\"\n                    ]\n                  },\n                  {\n                    \"or\": [\n                      \"HM6\",\n                      {\n                        \"or\": [\n                          \"JPQ022\",\n                          \"SO723\",\n                          \"KLG65\",\n                          \"PD2\"\n                        ]\n                      },\n                      {\n                        \"and\": [\n                          \"YL09\",\n                          {\n                            \"pattern\": \"YQK1886\",\n                            \"exclude\": \"GN18G\",\n                            \"info\": \"Yym9x jt '\"\n                          }\n                        ]\n                      }\n                    ]\n                  },\n                  {\n                    \"pattern\": \"SN7\",\n                    \"exclude\": [\n                      \"QI4387A\",\n                      \"NZQ154S\",\n                      \"YS5\"\n                    ],\n                    \"info\": \"XED:W\"\n                  },\n                  {\n                    \"pattern\": \"QWK8840B\",\n                    \"exclude\": \"SKK4**Q\",\n                    \"info\": \"VG5QM\"\n                  }\n                ]\n              }\n            ],\n            \"satisfy\": [\n              {\n                \"mc\": \">=54\"\n              }\n            ],\n            \"isSelectable\": true\n          },\n          \"YA\": {\n            \"name\": \" y&7S=8\",\n            \"ay\": 1986,\n            \"assign\": [\n              \"kcB\",\n              \";9'%i>F\"\n            ],\n            \"match\": \"UEL07\",\n            \"satisfy\": {\n              \"mc\": \">=108\"\n            },\n            \"url\": \"https://95ccg5cbcfbr9mfd6-8off9yxyf--nb4q75fdf.zkbmcaok/\",\n            \"info\": \"Ky/e8\",\n            \"isSelectable\": true\n          }\n        }\n      },\n      \"=j1nnW>v\": {\n        \"name\": \"mC\",\n        \"ay\": 1983,\n        \"assign\": \":dUz\",\n        \"match\": {\n          \"and\": [\n            {\n              \"pattern\": \"ZWL4754\",\n              \"exclude\": [\n                \"IH261P\"\n              ],\n              \"info\": \"=Po \"\n            },\n            {\n              \"pattern\": \"WFF9746A\",\n              \"exclude\": [\n                \"BV39xY\"\n              ]\n            },\n            {\n              \"and\": [\n                {\n                  \"and\": [\n                    {\n                      \"or\": [\n                        \"UGY63x2\",\n                        \"RZUx4C\",\n                        \"SIN65M\",\n                        \"TEL52\"\n                      ]\n                    },\n                    {\n                      \"or\": [\n                        \"UCR68J\",\n                        \"BFW7\"\n                      ]\n                    }\n                  ]\n                },\n                \"DC04*6A\",\n                {\n                  \"or\": [\n                    {\n                      \"pattern\": \"JE98x4U\",\n                      \"exclude\": [\n                        \"DVU81\",\n                        \"LTP*428\",\n                        \"ZKH48\",\n                        \"VEA56G\",\n                        \"RVVx\"\n                      ],\n                      \"info\": \"EYa\"\n                    },\n                    {\n                      \"and\": []\n                    }\n                  ]\n                }\n              ]\n            }\n          ]\n        },\n        \"satisfy\": [\n          \"\",\n          {\n            \"mc\": \"<=60\"\n          },\n          {\n            \"mc\": \"<=175\"\n          },\n          {\n            \"and\": [\n              {\n                \"mc\": \"<=184\"\n              },\n              {\n                \"or\": []\n              },\n              {\n                \"or\": [\n                  \"TL4Tp>HNkL\",\n                  \"px\",\n                  {\n                    \"and\": [\n                      \"6w7v{&o!tJ\",\n                      \"%n+73\",\n                      {\n                        \"mc\": \">=8\"\n                      }\n                    ]\n                  }\n                ]\n              },\n              {\n                \"and\": [\n                  {\n                    \"or\": [\n                      \"\",\n                      \"9g\"\n                    ]\n                  }\n                ]\n              },\n              \"]!8Qb9ta\"\n            ]\n          }\n        ],\n        \"url\": \"https://cjmznk3vqjfl6ed5fs59umgi9zo758chxzgc8pc-xg2z4dwyd3be7qi.xva8vhfy73gjpdkj5t0vka5zg823-9wxyqi50jb.8.4z0okehbbppn3ijskmk9o5rcqpnexjkd-gor2c13ty9b4130.qgqot/%F1%B5%97%9Ajrf%F0%99%AD%B9O_%F1%BD%92%97hN/%F4%8C%B8%B8G/~F%F4%8F%BF%B7+Ltt-0t/A9+//x!69*vd/puB\",\n        \"info\": \"% j\",\n        \"isSelectable\": true\n      }\n    }\n  },\n  {\n    \"title\": \"block sample 1\",\n    \"value\": {\n      \"name\": \"_yx$\",\n      \"assign\": \"~:H(%U\",\n      \"match\": [],\n      \"satisfy\": {\n        \"mc\": \"<=5\"\n      },\n      \"url\": \"https://7.hy1hekmq5pzx4h-gpwr34uwmkj10g.l3e37gee-ynlwwzhkowxo7ixcpfccj6b8m8-k4uu44ospc411k.q.eime/OwOJ/%F2%84%B8%B7OgEc/PZu!&6)$/'&MjmnS/z)/l%F3%B1%AD%B39%F3%A0%9E%B4Y/Nr/g.OR\",\n      \"info\": \"^\",\n      \"isSelectable\": true\n    }\n  },\n  {\n    \"title\": \"block sample 2\",\n    \"value\": {\n      \"name\": \"<zZRsMBes\",\n      \"ay\": 1951,\n      \"assign\": [],\n      \"url\": \"https://7tlaf49ke5chog5q81-xp-d.a.834k6xv942kkl8bya-s9nppfdvek1--ka-66iks883mbbuqcl6o4.d29dtfe6-5cf9tclbf0f5fcdebdbfcldd7fcvah.hzcikymnc.dvryf/Ra\",\n      \"info\": \"fOD9S$O\",\n      \"isSelectable\": true\n    }\n  },\n  {\n    \"title\": \"block sample 3\",\n    \"value\": {\n      \"name\": \"B]2W\",\n      \"ay\": 1950,\n      \"assign\": [\n        \"FB3+.}vAH\",\n        \"g\",\n        \"Buo\",\n        \"L*\\\\ \",\n        \"\"\n      ],\n      \"match\": {\n        \"pattern\": \"LH3C\",\n        \"exclude\": []\n      },\n      \"satisfy\": {\n        \"or\": [\n          \"'XESu.lbt\",\n          {\n            \"mc\": \"<=4\"\n          }\n        ]\n      },\n      \"url\": \"http://nrkj8g.wnnswdgpln/Mg/;g23a4KQ/AE'/du:%F2%B5%BA%80/k@O7G/njl/9b9no;AgaF\",\n      \"info\": \"t\",\n      \"isSelectable\": true,\n      \"Gx~\": {\n        \"name\": \"@]Luulc\",\n        \"ay\": 1951,\n        \"assign\": \"NSzUU{NR{\",\n        \"match\": \"NF3002\",\n        \"satisfy\": [\n          {\n            \"or\": [\n              {\n                \"and\": [\n                  \"XUY\",\n                  {\n                    \"and\": [\n                      \" *80E_|Dp\",\n                      {\n                        \"and\": [\n                          \"\\\\\",\n                          {\n                            \"mc\": \"<=135\"\n                          },\n                          \"/\",\n                          \"ZaV20Y\"\n                        ]\n                      },\n                      \"(MM$q6X;|S\",\n                      \"zanKWE!]\"\n                    ]\n                  },\n                  {\n                    \"and\": [\n                      {\n                        \"or\": [\n                          \"*\",\n                          \"&> +G?QRq\",\n                          \"dh\",\n                          {\n                            \"and\": [\n                              \">\",\n                              \"P\"\n                            ]\n                          },\n                          \"#~%L_\"\n                        ]\n                      },\n                      \"\\\\Xb\\\"C\"\n                    ]\n                  }\n                ]\n              },\n              {\n                \"or\": [\n                  \"oWrl`CU@\",\n                  \"1[m6ECc\"\n                ]\n              }\n            ]\n          },\n          {\n            \"and\": [\n              \"K!A'\",\n              {\n                \"and\": [\n                  {\n                    \"mc\": \">=153\"\n                  },\n                  {\n                    \"or\": [\n                      \"\",\n                      \"[2.'RB\",\n                      {\n                        \"or\": [\n                          \"ssR:p.d\",\n                          \"oe5U+x0>1\",\n                          \"- :)`743\\\\\"\n                        ]\n                      },\n                      \"#~U%A\"\n                    ]\n                  },\n                  \"5;H]\"\n                ]\n              },\n              {\n                \"mc\": \">=67\"\n              },\n              {\n                \"and\": [\n                  \"\"\n                ]\n              }\n            ]\n          }\n        ],\n        \"url\": \"https://spjmgdm-mu1ui.tv1qkotq1algwgficc.rj.awws//Y8Y%EE%83%83g9&r/JyD0MQj%F0%B9%8F%91%F4%80%A6%98O//Wm2'+$v%F1%89%AF%86./e)&/:S$jHf)/LyTww*S/q\",\n        \"info\": \"HYnBLG\",\n        \"\": {\n          \"name\": \"n^9>TtP[+\",\n          \"assign\": [\n            \"@\",\n            \">3-#\"\n          ],\n          \"match\": [\n            {\n              \"and\": [\n                \"BR03K\",\n                {\n                  \"or\": [\n                    \"ZI31Y\",\n                    \"CHx76xV\",\n                    {\n                      \"or\": [\n                        \"MH66\"\n                      ]\n                    },\n                    {\n                      \"pattern\": \"PJN4\",\n                      \"exclude\": \"XCY29\",\n                      \"info\": \"Qs+ym7IK\"\n                    }\n                  ]\n                },\n                {\n                  \"pattern\": \"HK3562J\",\n                  \"exclude\": [\n                    \"RU476\",\n                    \"JQ5\",\n                    \"RKP762x\",\n                    \"VEM343R\"\n                  ],\n                  \"info\": \"22(PB\"\n                },\n                \"YMM4I\",\n                \"VBP8\"\n              ]\n            },\n            {\n              \"and\": [\n                \"EH437G\",\n                \"LP8\",\n                {\n                  \"or\": []\n                }\n              ]\n            },\n            {\n              \"and\": [\n                \"LE7*9*\",\n                {\n                  \"or\": []\n                },\n                \"KE4\"\n              ]\n            }\n          ],\n          \"satisfy\": [\n            \"g\"\n          ],\n          \"url\": \"https://at5z.wedsscof/EJH%F1%A4%9C%A33/So%F0%AF%95%A49B!//-:.CNx\",\n          \"info\": \":sh\\\\yj =\",\n          \"isSelectable\": true\n        }\n      },\n      \"G8U_Qg\": {\n        \"assign\": [\n          \"^lF\",\n          \"}>a^`eaYQv\",\n          \"y5V_\",\n          \";\",\n          \"e6]V\\\"hi~.\"\n        ],\n        \"match\": {\n          \"or\": [\n            {\n              \"or\": [\n                {\n                  \"and\": [\n                    {\n                      \"or\": [\n                        \"SO3920T\"\n                      ]\n                    },\n                    {\n                      \"or\": [\n                        \"PPZ7\"\n                      ]\n                    },\n                    \"EH44I\",\n                    \"VM*\",\n                    {\n                      \"or\": []\n                    }\n                  ]\n                }\n              ]\n            },\n            \"VLH0943H\",\n            \"OIV90N\",\n            {\n              \"pattern\": \"XD32\",\n              \"exclude\": [\n                \"BT772R\",\n                \"ZRG*00xQ\",\n                \"JV600*\"\n              ],\n              \"info\": \";+ue~*8:\"\n            },\n            {\n              \"pattern\": \"KLW0xO\",\n              \"exclude\": \"DUL5x0*\",\n              \"info\": \"0thx@ NE\"\n            }\n          ]\n        },\n        \"url\": \"https://jt7v9j4g-t8vjdp7ni48rpz5f98.93tyw45b46uf7zt1z4n.e7b8utwz-cyrm9.lg/%F0%93%94%92Ve/%F3%A3%B8%842)a/ZxN.EK/EDQTWsU/!Rql!/Z6X)%F1%8E%94%97/h%F3%92%93%AF/%F1%A9%8E%B6V_nTR9;y/%F2%A3%B3%8ED&K\",\n        \"info\": \"=1>\\\\^l+r$3\",\n        \"isSelectable\": true,\n        \"fgQOT<fB/D\": {\n          \"name\": \"\\\"&V-}b\",\n          \"ay\": 1967,\n          \"assign\": \"fC\",\n          \"match\": [\n            {\n              \"pattern\": \"UVC851\",\n              \"info\": \"fK^d)!\"\n            },\n            \"KRM7490\",\n            {\n              \"pattern\": \"QYI8038E\",\n              \"exclude\": \"GFP0865\",\n              \"info\": \"Z@Z\"\n            },\n            {\n              \"pattern\": \"GH119M\",\n              \"exclude\": \"RA0650Y\",\n              \"info\": \"ye\"\n            }\n          ],\n          \"satisfy\": [\n            {\n              \"and\": []\n            },\n            {\n              \"and\": [\n                {\n                  \"and\": [\n                    {\n                      \"or\": [\n                        \"zHM\",\n                        {\n                          \"mc\": \">=77\"\n                        },\n                        \"9P(+1)m2$B\",\n                        \"3\",\n                        \" yj\"\n                      ]\n                    },\n                    \"n\",\n                    {\n                      \"mc\": \">=86\"\n                    }\n                  ]\n                },\n                {\n                  \"and\": [\n                    {\n                      \"and\": [\n                        {\n                          \"or\": []\n                        },\n                        {\n                          \"or\": [\n                            {\n                              \"or\": [\n                                \"%I\"\n                              ]\n                            },\n                            \"WZxEdK$ \",\n                            \"{Q!r!0S:q\",\n                            \"Qp_aD>:o/:\"\n                          ]\n                        }\n                      ]\n                    },\n                    \"Z;2YqYnt?\",\n                    \"h!^5%E4aH\"\n                  ]\n                },\n                {\n                  \"mc\": \">=34\"\n                },\n                {\n                  \"or\": [\n                    \"J`n?p\"\n                  ]\n                }\n              ]\n            },\n            {\n              \"and\": [\n                {\n                  \"and\": [\n                    {\n                      \"and\": []\n                    },\n                    \"~~BDQ\",\n                    \"\",\n                    \"Qmk|fQA_aJ\",\n                    {\n                      \"or\": [\n                        \"z9srLch\",\n                        \"#+Exb;\"\n                      ]\n                    }\n                  ]\n                },\n                {\n                  \"or\": [\n                    \"Z|DJRVTR{\",\n                    {\n                      \"and\": [\n                        \"]f!NY?\",\n                        \">|)JL:=x~W\"\n                      ]\n                    }\n                  ]\n                },\n                {\n                  \"mc\": \"<=177\"\n                },\n                {\n                  \"and\": [\n                    {\n                      \"and\": [\n                        \"&D`AzTi6:2\",\n                        \"ca\",\n                        {\n                          \"and\": [\n                            {\n                              \"or\": [\n                                {\n                                  \"or\": [\n                                    \"\",\n                                    \"&'Z\",\n                                    \"]6*pyP@#\",\n                                    \"{(~K3>Bb.\"\n                                  ]\n                                }\n                              ]\n                            },\n                            {\n                              \"and\": [\n                                {\n                                  \"or\": [\n                                    \"m_*4{YP\",\n                                    \"\",\n                                    \"[)\"\n                                  ]\n                                }\n                              ]\n                            },\n                            \"MVo'9( A\",\n                            \"p<cN<=\",\n                            \"?X@vjsP@?w\"\n                          ]\n                        },\n                        {\n                          \"mc\": \"<=94\"\n                        }\n                      ]\n                    },\n                    {\n                      \"or\": [\n                        \"?FK?/g\",\n                        {\n                          \"mc\": \">=126\"\n                        },\n                        \"U%Dz|M*B\"\n                      ]\n                    }\n                  ]\n                },\n                {\n                  \"and\": [\n                    \"Z\",\n                    {\n                      \"mc\": \"<=122\"\n                    },\n                    \"9Y2y!gV%\"\n                  ]\n                }\n              ]\n            },\n            {\n              \"or\": [\n                \"u6L?-g'+\",\n                {\n                  \"mc\": \"<=15\"\n                }\n              ]\n            },\n            \"#cNWn>\"\n          ],\n          \"url\": \"https://1uabib9z8196nxs1rx271e-z7ns7eyf7texcxryd-vdmoxte8aaln0e-yt.f16lz4mxnvd7pdmekfgyyqzaep9rhyffrmenr0iv5ew7se.naihmcm//i's%F0%A4%8B%A2f/e%F2%8D%8A%B4j/Vu%F2%94%A9%B4/eufkGtUhrj/ZTNM%F2%9E%A2%AFUFH=%F2%98%AA%B5/1Q\",\n          \"info\": \"=(Hn-\"\n        },\n        \"aJ\": {\n          \"name\": \";[\",\n          \"ay\": 1959,\n          \"assign\": \"MJYT5_=Nkc\",\n          \"match\": [\n            {\n              \"pattern\": \"GOP817\",\n              \"exclude\": [\n                \"RAD2091J\"\n              ],\n              \"info\": \"B\"\n            },\n            {\n              \"pattern\": \"NZPx6M\",\n              \"exclude\": [\n                \"GO8R\",\n                \"EMM7635\",\n                \"AR89*\"\n              ]\n            },\n            {\n              \"and\": [\n                {\n                  \"and\": [\n                    {\n                      \"pattern\": \"WM33S\",\n                      \"info\": \"%)*&\\\"1:xS\"\n                    },\n                    \"DK658D\",\n                    {\n                      \"pattern\": \"PEW31*\",\n                      \"exclude\": \"SJAx9C\",\n                      \"info\": \"o=&[sfT\"\n                    },\n                    \"FYE*E\",\n                    \"AUB*26\"\n                  ]\n                },\n                \"YYN4622J\",\n                {\n                  \"pattern\": \"YQZ76J\",\n                  \"exclude\": []\n                },\n                {\n                  \"pattern\": \"NH487xP\",\n                  \"info\": \"`M0.Q\"\n                },\n                \"HBP1L\"\n              ]\n            },\n            {\n              \"and\": [\n                {\n                  \"pattern\": \"KVQx5K\",\n                  \"exclude\": [\n                    \"LF3*3\",\n                    \"AD*I\",\n                    \"CTF432N\"\n                  ],\n                  \"info\": \"k<\\\">$G\"\n                }\n              ]\n            }\n          ],\n          \"satisfy\": [\n            {\n              \"or\": [\n                {\n                  \"mc\": \">=17\"\n                },\n                \"Dlc@\",\n                \"yRq;H\",\n                {\n                  \"or\": [\n                    \"\",\n                    \"?kp\",\n                    {\n                      \"and\": [\n                        \"wBj=d\"\n                      ]\n                    },\n                    \"2+Yv$\",\n                    \"W>2:G$A\"\n                  ]\n                },\n                {\n                  \"or\": []\n                }\n              ]\n            },\n            {\n              \"or\": [\n                {\n                  \"or\": [\n                    {\n                      \"or\": [\n                        \"9{;13[m\",\n                        \"VSUGh\",\n                        \"+^yaY7\",\n                        \"gR*8\",\n                        {\n                          \"and\": []\n                        }\n                      ]\n                    },\n                    {\n                      \"and\": [\n                        {\n                          \"and\": []\n                        }\n                      ]\n                    },\n                    {\n                      \"and\": [\n                        \"d\"\n                      ]\n                    },\n                    \"0R})[!]*d\"\n                  ]\n                },\n                \"p;FA\",\n                {\n                  \"and\": [\n                    {\n                      \"mc\": \">=191\"\n                    },\n                    {\n                      \"and\": []\n                    },\n                    {\n                      \"and\": [\n                        \"\\\"(4F;\",\n                        \".\"\n                      ]\n                    },\n                    {\n                      \"mc\": \"<=181\"\n                    },\n                    {\n                      \"mc\": \"<=127\"\n                    }\n                  ]\n                },\n                \"uSI\"\n              ]\n            },\n            {\n              \"and\": []\n            }\n          ],\n          \"info\": \"tNQ%2O>X\\\\\"\n        }\n      }\n    }\n  },\n  {\n    \"title\": \"block sample 4\",\n    \"value\": {\n      \"name\": \"\",\n      \"ay\": 1988,\n      \"assign\": \"Fhp)JB6'%\",\n      \"match\": {\n        \"pattern\": \"IL3\",\n        \"exclude\": [\n          \"MVR0S\"\n        ],\n        \"info\": \"kz\\\\\\\"\"\n      },\n      \"satisfy\": {\n        \"mc\": \"<=8\"\n      },\n      \"url\": \"http://axc7bp.dx/dg//%F1%90%A2%B6J@.\",\n      \"info\": \"\",\n      \"isSelectable\": true\n    }\n  },\n  {\n    \"title\": \"block sample 5\",\n    \"value\": {\n      \"name\": \"}\",\n      \"ay\": 1952,\n      \"assign\": \"2e04qt\\\"@U\",\n      \"match\": [],\n      \"satisfy\": [],\n      \"url\": \"http://kxvbgfeupb8tipjlz82jd9b2qj0yuboq5idhoj.idirj50t3bjik6lvh50j4p05fy9os.ni.9hwyux0gsf46mpaundsvfshtnf-lfqasx75q7gvhrayspouq8mk0.11ih8256jfiww--hl6ehxayf.wbtvyupqcy/~nij5U!.ev/Fu=*xI/cg9B/4FV71,%E9%B2%A3J//%F2%87%8F%87%F1%AE%B4%8DWW;/Julq3*n/2d5i3n=u6\",\n      \"info\": \"7c|C\\\"\",\n      \"isSelectable\": true,\n      \"X>^9>I \": {\n        \"name\": \"v\",\n        \"ay\": 1984,\n        \"assign\": \"BgkH<paXV\",\n        \"match\": [\n          {\n            \"or\": [\n              {\n                \"and\": [\n                  {\n                    \"or\": [\n                      \"IHW*13\",\n                      \"CA6xx5\"\n                    ]\n                  },\n                  \"ULX38*\",\n                  \"EAW6B\",\n                  \"RH466xY\"\n                ]\n              },\n              \"KSB149A\"\n            ]\n          },\n          \"XEI42Q\",\n          {\n            \"or\": [\n              {\n                \"pattern\": \"JAHx5xF\",\n                \"exclude\": \"LL80Z\",\n                \"info\": \"[$\"\n              }\n            ]\n          },\n          {\n            \"pattern\": \"GMP9\",\n            \"exclude\": [\n              \"VD58\",\n              \"UFD9\",\n              \"QM*\",\n              \"EPOx\"\n            ],\n            \"info\": \"9t\"\n          }\n        ],\n        \"satisfy\": [\n          {\n            \"mc\": \">=92\"\n          },\n          {\n            \"or\": [\n              \"[\"\n            ]\n          }\n        ],\n        \"url\": \"http://c4sft20g5qc0pr5jpg7wh0tnc1p2-49ahs1e7n6gtgqepv13x2xyhagokwr3g2.zq9aw37vftdn154-bybn6-schswc6pnyn55-v4pflgny04lzcoil37t08mkg78z.wwwh.z-67qtceu42d0ni8a3ha0w.l-3m6u44ikmdvwoxbuerty5iy67q9rdznqte8z-zmmz7bsz.gunrxdzpf/PFJv%F2%B4%9F%8F/Fzx-%F2%BE%A3%ABS%F1%8C%9E%88G/K%F4%88%A0%81/(g%F3%A8%BF%80%F1%92%99%BF=\",\n        \"info\": \"xZfla2\",\n        \"isSelectable\": true,\n        \"0(\": {\n          \"name\": \"[zU!hrnP3D\",\n          \"assign\": \"S:/B'\",\n          \"match\": [\n            \"II4*6\"\n          ],\n          \"satisfy\": [\n            {\n              \"and\": [\n                \"!c:\",\n                {\n                  \"or\": [\n                    \")^>}K%]4/\",\n                    {\n                      \"and\": [\n                        \"RO\",\n                        \"Q* #Al=~h\",\n                        \"B^~`Lh|w6F\"\n                      ]\n                    },\n                    \"M\",\n                    \">>2j\",\n                    {\n                      \"mc\": \"<=118\"\n                    }\n                  ]\n                },\n                {\n                  \"and\": [\n                    {\n                      \"mc\": \">=73\"\n                    },\n                    {\n                      \"and\": [\n                        {\n                          \"or\": [\n                            {\n                              \"mc\": \"<=125\"\n                            }\n                          ]\n                        },\n                        \"o-\",\n                        \"#WP;G&@d&V\",\n                        \"<TOhWK\"\n                      ]\n                    },\n                    {\n                      \"and\": [\n                        \"\",\n                        \"<Z\"\n                      ]\n                    }\n                  ]\n                }\n              ]\n            },\n            {\n              \"mc\": \">=162\"\n            },\n            \"_X@8\",\n            \"3|s\\\"=\\\\\",\n            \"YvT~S%`O\\\\.\"\n          ],\n          \"url\": \"https://q.8t-6iuo5rhjyxnthtfol6psb3tg3wp48wmrs6y4ut7k1ir0z9rtvn-bdwbjzfy.w.t4jdj7uibp0a2.s9e9tyyxp.nftkrlep/nN(R/t/4f)yU/k9&.m%F2%84%AE%8E\",\n          \"info\": \"AE0~ITpI_6\",\n          \"isSelectable\": true\n        },\n        \"R\": {\n          \"name\": \"\",\n          \"assign\": \"|a3*)Zb\",\n          \"match\": [\n            {\n              \"and\": [\n                \"MZ720*O\",\n                {\n                  \"or\": [\n                    {\n                      \"and\": [\n                        {\n                          \"pattern\": \"OYL1671\",\n                          \"exclude\": [\n                            \"WCx422B\"\n                          ],\n                          \"info\": \"L{6xEnB8\"\n                        },\n                        \"SB14\",\n                        {\n                          \"and\": [\n                            \"YAU031T\",\n                            {\n                              \"pattern\": \"CL8697C\",\n                              \"exclude\": [\n                                \"LG5x\",\n                                \"HR22F\",\n                                \"VHS3x6I\",\n                                \"VPUx66\"\n                              ],\n                              \"info\": \"(wi\"\n                            },\n                            \"IWF40W\",\n                            \"DNM9x52M\"\n                          ]\n                        },\n                        {\n                          \"or\": [\n                            \"UL7T\",\n                            \"UN*7\",\n                            {\n                              \"and\": []\n                            },\n                            {\n                              \"pattern\": \"FJA7\",\n                              \"exclude\": \"QX9807T\",\n                              \"info\": \"0i\"\n                            },\n                            {\n                              \"or\": []\n                            }\n                          ]\n                        },\n                        \"YRG49\"\n                      ]\n                    },\n                    \"QO6x7\",\n                    \"ZWU4*R\",\n                    \"HPD620Q\"\n                  ]\n                },\n                {\n                  \"and\": [\n                    {\n                      \"or\": [\n                        \"EAN6R\"\n                      ]\n                    },\n                    {\n                      \"pattern\": \"QNK75\",\n                      \"exclude\": \"UJ796x\"\n                    },\n                    \"LAx5T\",\n                    {\n                      \"pattern\": \"GPE63D\",\n                      \"exclude\": [\n                        \"GVJ1C\",\n                        \"LJ67\"\n                      ],\n                      \"info\": \"L6Vok)H\"\n                    },\n                    {\n                      \"pattern\": \"BT70Q\",\n                      \"exclude\": [\n                        \"NL854*Q\",\n                        \"AEH13L\"\n                      ],\n                      \"info\": \"y.pIIDmCa\"\n                    }\n                  ]\n                },\n                {\n                  \"pattern\": \"PU65\",\n                  \"exclude\": \"QN5\",\n                  \"info\": \"@4<#=nt\\\\\"\n                }\n              ]\n            },\n            {\n              \"and\": [\n                {\n                  \"and\": [\n                    \"DW58\",\n                    {\n                      \"and\": [\n                        \"HRW2D\",\n                        \"FH18\",\n                        \"QPV8510U\"\n                      ]\n                    },\n                    \"MBO1M\",\n                    {\n                      \"and\": [\n                        {\n                          \"or\": [\n                            \"EX0M\",\n                            \"ZAP16*6F\",\n                            \"BQ01xJ\",\n                            {\n                              \"or\": [\n                                \"NHG93\",\n                                \"WK2D\"\n                              ]\n                            },\n                            \"JE79U\"\n                          ]\n                        },\n                        \"EOB846\",\n                        {\n                          \"pattern\": \"WA57U\",\n                          \"exclude\": \"OR8Y\"\n                        }\n                      ]\n                    }\n                  ]\n                },\n                {\n                  \"pattern\": \"VUBx694K\",\n                  \"exclude\": [\n                    \"GDU4*6E\"\n                  ],\n                  \"info\": \"cz<y)q\"\n                },\n                {\n                  \"or\": [\n                    {\n                      \"or\": [\n                        \"FFG46*U\",\n                        \"BF53V\",\n                        \"XI5x2W\",\n                        \"KKI3705\"\n                      ]\n                    }\n                  ]\n                },\n                \"WIG67O\",\n                {\n                  \"pattern\": \"OZ8*60\",\n                  \"exclude\": \"JY282Y\",\n                  \"info\": \"@@w?\"\n                }\n              ]\n            },\n            {\n              \"pattern\": \"OS60x7K\",\n              \"info\": \"@Vd\"\n            },\n            \"VLW98W\",\n            {\n              \"pattern\": \"JBO353Y\",\n              \"info\": \"!1vq(h:\\\"\"\n            }\n          ],\n          \"satisfy\": {\n            \"and\": [\n              {\n                \"mc\": \">=102\"\n              },\n              {\n                \"mc\": \">=123\"\n              },\n              \"h? mgR*\",\n              {\n                \"and\": [\n                  {\n                    \"mc\": \"<=36\"\n                  },\n                  {\n                    \"or\": [\n                      \"(+6\"\n                    ]\n                  },\n                  {\n                    \"and\": [\n                      {\n                        \"or\": [\n                          \"UAj\",\n                          \"4\",\n                          \"[isO:A|ca\",\n                          \"Bu&]X\"\n                        ]\n                      },\n                      \"x2*W+s^b8\",\n                      \"q!\",\n                      \"W\"\n                    ]\n                  },\n                  {\n                    \"mc\": \"<=22\"\n                  },\n                  {\n                    \"or\": []\n                  }\n                ]\n              }\n            ]\n          },\n          \"url\": \"http://6wg7t8a-6pj-a75rw6z368e2qihsc0eupegigq75952z2j6ldpt9ai1pq4.kduyrvzo/q%F1%AE%A9%94iyM/,XTv*//q%F2%8B%8E%BBC(/u4%F1%AF%A8%976aSU\"\n        },\n        \"!*B'fPt{w\": {\n          \"name\": \"P)~A\",\n          \"ay\": 1970,\n          \"assign\": [\n            \"O2Fk[\",\n            \"P\",\n            \"eB`F\"\n          ],\n          \"match\": \"QWP5\",\n          \"satisfy\": [\n            \"?++Ev y:\",\n            {\n              \"or\": [\n                {\n                  \"and\": [\n                    {\n                      \"mc\": \"<=66\"\n                    },\n                    {\n                      \"or\": [\n                        \"HDZf1Z^\",\n                        \"\",\n                        \"I\",\n                        \"$n>L,k\"\n                      ]\n                    },\n                    \"xZF\"\n                  ]\n                },\n                \"--#\",\n                \"=#bkDC&\",\n                {\n                  \"and\": [\n                    \"%Zq]Y\",\n                    \"~,(\",\n                    \"9+2,TwGODl\",\n                    {\n                      \"mc\": \"<=28\"\n                    },\n                    {\n                      \"or\": []\n                    }\n                  ]\n                },\n                \"lY=>\"\n              ]\n            },\n            {\n              \"mc\": \">=110\"\n            },\n            {\n              \"mc\": \">=77\"\n            },\n            {\n              \"mc\": \">=175\"\n            }\n          ],\n          \"url\": \"https://pu8rkhw7e0g9y3joc-xe9xrwd3v6gr8-lwsog1bux5vvc.ngd645lmbe1gyln1ly43c9w2yamhfbh5-3ymfb.r16nqvv5dtp2mkxps4auncg-tmyu3n4p2alteiw8-epld-5s3yxzuts2x.cz0wt04ne5jw2i.emskabx/Qk/O/i./&:6%F0%B7%B9%B8KxW/%E9%86%96R9I5cn/!*L%F2%8A%BC%92DQs,yX/9Z7cnEIx1=/Ik!I/W8SG/6\",\n          \"info\": \".>'UA?z9)9\",\n          \"isSelectable\": true\n        },\n        \"0U0(o>ox,\": {\n          \"name\": \"\\\\\",\n          \"assign\": \"dwu_\",\n          \"match\": {\n            \"and\": [\n              {\n                \"pattern\": \"GH4329\",\n                \"exclude\": [\n                  \"TH4x2E\",\n                  \"WHR448\",\n                  \"WET3209F\",\n                  \"BI10**\",\n                  \"HSB821*\"\n                ],\n                \"info\": \")ZWH{\"\n              },\n              {\n                \"pattern\": \"BA52T\",\n                \"exclude\": \"NKT*25\",\n                \"info\": \"Q\"\n              },\n              {\n                \"or\": []\n              },\n              {\n                \"and\": []\n              },\n              {\n                \"and\": [\n                  {\n                    \"or\": [\n                      {\n                        \"and\": [\n                          \"BW81\",\n                          {\n                            \"or\": [\n                              \"XVI056\",\n                              {\n                                \"and\": [\n                                  \"KR*98\",\n                                  \"XY6\",\n                                  \"EPE561*\",\n                                  \"ITE1Z\",\n                                  \"TPF90*\"\n                                ]\n                              },\n                              \"YE0511\",\n                              \"TM546\",\n                              \"TV50*4\"\n                            ]\n                          }\n                        ]\n                      },\n                      {\n                        \"pattern\": \"OCR7x6R\",\n                        \"exclude\": \"AMO690*\",\n                        \"info\": \"\"\n                      },\n                      \"HXD0\"\n                    ]\n                  },\n                  {\n                    \"pattern\": \"MUT*89*\",\n                    \"exclude\": [],\n                    \"info\": \"UVGD pHcK\"\n                  },\n                  \"PXH811S\",\n                  {\n                    \"or\": []\n                  }\n                ]\n              }\n            ]\n          },\n          \"satisfy\": [\n            {\n              \"mc\": \"<=74\"\n            },\n            {\n              \"mc\": \"<=121\"\n            },\n            \"\",\n            {\n              \"or\": []\n            }\n          ],\n          \"url\": \"https://phw1ip8pjgy6logloa.5q79w0alf4u5vww3l7r8qzycjo3608.b1nya.m7r4-kid1si2nx9amer3m3thc9ivk6chdoqt78g9-vl.3tgseyw7tfwjb9eswyxuxfh8.mizydqfbut/\",\n          \"info\": \"mqX+mK%\",\n          \"isSelectable\": true\n        }\n      },\n      \"|x\": {\n        \"name\": \"fSWn_Cf0I\",\n        \"ay\": 1985,\n        \"assign\": \"%YnW\",\n        \"match\": {\n          \"or\": [\n            {\n              \"or\": [\n                \"GX63\"\n              ]\n            },\n            {\n              \"or\": [\n                {\n                  \"or\": [\n                    \"PNR151\",\n                    {\n                      \"or\": [\n                        \"ZBJ4\",\n                        \"FTE4L\",\n                        {\n                          \"or\": [\n                            \"PGWx\",\n                            \"YTO25\",\n                            \"GJx353C\"\n                          ]\n                        },\n                        \"QQ448\",\n                        \"VAF2Z\"\n                      ]\n                    },\n                    \"WTG2\"\n                  ]\n                },\n                {\n                  \"or\": [\n                    {\n                      \"or\": []\n                    },\n                    {\n                      \"or\": [\n                        {\n                          \"and\": [\n                            \"ZDT4Z\",\n                            \"KNO4552\"\n                          ]\n                        }\n                      ]\n                    },\n                    \"YV736\",\n                    {\n                      \"or\": [\n                        \"QL01*\",\n                        \"CYU80O\",\n                        \"DG7251O\",\n                        {\n                          \"and\": [\n                            \"IQC6\",\n                            \"WSH8x00\"\n                          ]\n                        }\n                      ]\n                    },\n                    \"EDP176\"\n                  ]\n                },\n                {\n                  \"or\": [\n                    \"MH0Q\",\n                    {\n                      \"or\": [\n                        \"LSx449L\",\n                        \"PYF0518H\"\n                      ]\n                    },\n                    {\n                      \"or\": [\n                        \"IG5N\",\n                        {\n                          \"and\": [\n                            \"HJP99x\",\n                            \"JS834\",\n                            \"XK0185\",\n                            \"YK*871U\"\n                          ]\n                        }\n                      ]\n                    },\n                    \"ZUT89V\"\n                  ]\n                },\n                {\n                  \"and\": []\n                }\n              ]\n            },\n            {\n              \"or\": [\n                \"FJG67G\",\n                \"HI00\",\n                {\n                  \"or\": [\n                    \"IYxx3*\",\n                    \"SX*2B\",\n                    \"HQ68R\",\n                    \"OS071U\",\n                    \"RSN5O\"\n                  ]\n                },\n                {\n                  \"and\": []\n                }\n              ]\n            }\n          ]\n        },\n        \"url\": \"https://7vf8j8x7qlvaq3pgcf7o945kudlrcxhgx03l1o6--qvrngqwd.zlysx0-uey1epyoas273r65w1sqaghfbpnx.yulenudkk1mah5r4fvyq35a6b2e.k0rt1yl2pof2wrdow.e.fjjvphs/%F1%90%8F%AF/5HPqPvt/y*cP%F2%B6%83%9A+~z/kLC!f/Y*oov/%F4%81%B3%92f+%E8%97%A6k/%F1%99%8E%A3'Y%F1%94%B3%8C%F3%AF%B6%AFlk$g*\",\n        \"isSelectable\": true,\n        \"m*5\": {\n          \"name\": \"@ WDediT/\",\n          \"assign\": \"ev8Xw\",\n          \"match\": \"XMO27*6\",\n          \"satisfy\": [\n            \"z7I?]q0\\\":O\",\n            \"Q3vKG\",\n            {\n              \"or\": [\n                \"+\\\"K\",\n                {\n                  \"and\": [\n                    \" /FilY,_m\",\n                    {\n                      \"and\": [\n                        {\n                          \"mc\": \">=32\"\n                        },\n                        {\n                          \"mc\": \">=132\"\n                        },\n                        \"hnj+E\",\n                        \"_I\"\n                      ]\n                    },\n                    \"8=b1lvhQ\",\n                    {\n                      \"or\": [\n                        {\n                          \"or\": [\n                            \"%\",\n                            \"R;+e&9\",\n                            \"[1dk\"\n                          ]\n                        },\n                        \"G7=cG\",\n                        {\n                          \"or\": [\n                            \"\",\n                            \"E{_SYr+5t'\",\n                            \"G(HDBa4Ie\",\n                            \"(mg\",\n                            {\n                              \"mc\": \">=160\"\n                            }\n                          ]\n                        },\n                        \"\",\n                        \"><S\"\n                      ]\n                    },\n                    \"\"\n                  ]\n                },\n                {\n                  \"mc\": \">=43\"\n                },\n                {\n                  \"and\": [\n                    {\n                      \"and\": []\n                    },\n                    {\n                      \"mc\": \">=71\"\n                    },\n                    {\n                      \"mc\": \">=5\"\n                    },\n                    \";@(d\"\n                  ]\n                },\n                \"3h;PNI\"\n              ]\n            },\n            \"F9Dic\",\n            \"\"\n          ],\n          \"url\": \"http://ea9blhswg5o.yy4qg61hcevoojr7l1uy7ljwm1lcjxfhynb3966kjeoj-qubbqlrewmwuadzipi.abzzswhav/p9uMdzlJrG/SIOK%F2%AE%83%B5!/%F0%B7%A3%A7/hMh!$1/cOpMF55/%F0%A1%B2%829\",\n          \"info\": \"<\",\n          \"isSelectable\": true\n        },\n        \"iF\": {\n          \"ay\": 2009,\n          \"assign\": [\n            \"|o\",\n            \"k\",\n            \"vIGi4!o\",\n            \" 19R?uF#tc\",\n            \"Qm(%GUZxL\"\n          ],\n          \"match\": [],\n          \"satisfy\": [\n            {\n              \"and\": [\n                \"X8[|R\",\n                {\n                  \"or\": [\n                    \"IJR5\",\n                    {\n                      \"or\": [\n                        \"A'Fz)jUR\",\n                        {\n                          \"mc\": \">=103\"\n                        },\n                        \"mL5]\"\n                      ]\n                    },\n                    \"|y\\\\\",\n                    \"CYaoH0asS\",\n                    \"Fh-+fw6\"\n                  ]\n                }\n              ]\n            },\n            {\n              \"mc\": \"<=96\"\n            },\n            \"?n333(q\"\n          ],\n          \"url\": \"http://3frv29lgm9gb0x-zbsz1q83y9nal1df8kiq-pkped792.lvwnu/Or1_dDj(/D61eN(M%F0%B9%9F%85%F0%B1%8C%A4O/f//lIdsZ-Idfn/pyZ%F1%83%BC%86I/pHj'aR\",\n          \"info\": \"D`45+\",\n          \"isSelectable\": true\n        },\n        \"zrU@wCz\": {\n          \"name\": \"\",\n          \"ay\": 1969,\n          \"assign\": \"@?z/A\",\n          \"match\": [\n            {\n              \"pattern\": \"YA73\",\n              \"exclude\": [],\n              \"info\": \"|!G\\\\U\"\n            },\n            \"YL9I\",\n            {\n              \"and\": [\n                {\n                  \"pattern\": \"NBQ0\",\n                  \"exclude\": [\n                    \"ZG7533D\",\n                    \"CFW7Q\",\n                    \"NCK2145\",\n                    \"XP484\",\n                    \"JD4\"\n                  ],\n                  \"info\": \"|3YB-w[[`R\"\n                },\n                {\n                  \"or\": [\n                    \"OED1\",\n                    \"BUT733\",\n                    {\n                      \"or\": [\n                        \"ZJ3485I\",\n                        \"YI22\",\n                        {\n                          \"pattern\": \"XHM8V\",\n                          \"exclude\": [],\n                          \"info\": \"\"\n                        },\n                        \"ZZ736O\"\n                      ]\n                    },\n                    \"EX2\",\n                    {\n                      \"and\": [\n                        \"ZS73xK\",\n                        \"JY*15M\",\n                        \"YYB*\"\n                      ]\n                    }\n                  ]\n                },\n                {\n                  \"and\": [\n                    {\n                      \"pattern\": \"NDD4O\",\n                      \"exclude\": [\n                        \"FJ0\",\n                        \"DW3\"\n                      ],\n                      \"info\": \"\"\n                    },\n                    \"CNx0V\",\n                    \"YBV4xx0\",\n                    {\n                      \"or\": [\n                        {\n                          \"pattern\": \"SS2\",\n                          \"exclude\": \"IS206U\"\n                        },\n                        {\n                          \"or\": [\n                            {\n                              \"or\": [\n                                {\n                                  \"pattern\": \"FCI627\",\n                                  \"exclude\": [\n                                    \"FGH*G\",\n                                    \"MWO92xJ\"\n                                  ],\n                                  \"info\": \"5h\"\n                                },\n                                \"BN30\",\n                                \"HTF785\"\n                              ]\n                            },\n                            \"OIHxx\"\n                          ]\n                        },\n                        \"JVD*O\"\n                      ]\n                    },\n                    \"HL68\"\n                  ]\n                },\n                {\n                  \"and\": [\n                    {\n                      \"pattern\": \"SYSx\",\n                      \"exclude\": \"VC6\",\n                      \"info\": \")[PU@&0OV\"\n                    },\n                    \"SS1\",\n                    {\n                      \"and\": [\n                        \"TIE75\",\n                        {\n                          \"and\": [\n                            {\n                              \"pattern\": \"JY65B\",\n                              \"exclude\": \"KK*6Q\"\n                            }\n                          ]\n                        },\n                        \"NIH63\",\n                        \"OIG7*34D\"\n                      ]\n                    }\n                  ]\n                },\n                {\n                  \"or\": [\n                    {\n                      \"and\": []\n                    },\n                    {\n                      \"or\": [\n                        {\n                          \"and\": [\n                            {\n                              \"or\": [\n                                \"VE0A\",\n                                \"JK41\"\n                              ]\n                            },\n                            \"NJWx77S\",\n                            \"JN*1B\",\n                            {\n                              \"pattern\": \"HLL7507A\",\n                              \"exclude\": [\n                                \"ZC*2*I\",\n                                \"ZX6*F\",\n                                \"AD455\",\n                                \"PBO6\",\n                                \"JII63*6S\"\n                              ],\n                              \"info\": \"$H/\"\n                            },\n                            \"XDJ42\"\n                          ]\n                        },\n                        \"RHH36\",\n                        {\n                          \"and\": [\n                            \"BBD8\",\n                            \"POX833\",\n                            \"OXEx51U\",\n                            {\n                              \"pattern\": \"QVC259H\",\n                              \"exclude\": [\n                                \"IC7\",\n                                \"WJRx43C\",\n                                \"LP370B\",\n                                \"DW5*N\"\n                              ],\n                              \"info\": \"$Ytc\"\n                            }\n                          ]\n                        }\n                      ]\n                    },\n                    \"BXJ61T\"\n                  ]\n                }\n              ]\n            }\n          ],\n          \"satisfy\": [\n            {\n              \"and\": []\n            }\n          ],\n          \"url\": \"http://v.cihdfdhys7auunrfg5o6sp7amtfxlcvh0a2w1-jicc93hwchfsw.n.gwsnasifcl5llxe.7e00jifm7ikb4kvottyspat.nohimleh/$b:%F0%AA%A5%BE/%F0%A5%AC%A9&2T~\",\n          \"info\": \"*vT\",\n          \"isSelectable\": true\n        },\n        \":X5fR\": {\n          \"name\": \"8s!x@Zd\",\n          \"ay\": 2005,\n          \"assign\": [\n            \"*`nr0`<\",\n            \"J%K%]Y.=T\",\n            \"eKvE|F\",\n            \"5\",\n            \"\"\n          ],\n          \"match\": [\n            {\n              \"and\": [\n                {\n                  \"pattern\": \"TH9\",\n                  \"exclude\": \"QIx7\",\n                  \"info\": \"JALo\"\n                },\n                {\n                  \"and\": [\n                    \"WY124S\",\n                    {\n                      \"or\": [\n                        \"VL6I\",\n                        \"BDQxP\",\n                        {\n                          \"and\": [\n                            \"SOP256x\",\n                            \"KRx8\"\n                          ]\n                        },\n                        \"VP153J\"\n                      ]\n                    },\n                    \"TPJ*1Q\",\n                    \"BE56B\"\n                  ]\n                },\n                \"JDF07x\",\n                \"TAQ*\",\n                {\n                  \"or\": [\n                    \"TVP5M\",\n                    {\n                      \"and\": [\n                        \"NTE58N\",\n                        \"RA*449\"\n                      ]\n                    },\n                    \"RR122Q\"\n                  ]\n                }\n              ]\n            }\n          ],\n          \"satisfy\": [\n            {\n              \"mc\": \">=79\"\n            },\n            \"1r4w0\"\n          ],\n          \"url\": \"https://q8p4e8td17qlpf-8inh88evofzu9kzt6rnt3v5.v9puytb.v83p21.z.jm///wr1=:NP/6oq/LY:'/jiAFK%F1%90%88%81!9/%F3%99%A3%A0Z%F3%98%A1%98:!&a+%F4%82%8D%B5/p1e&a/%F2%8F%B5%B3dCJ\",\n          \"isSelectable\": true\n        }\n      },\n      \"\": {\n        \"name\": \"S}$P\",\n        \"ay\": 1955,\n        \"assign\": [\n          \"C,\"\n        ],\n        \"satisfy\": \"4Q#K\",\n        \"url\": \"http://2eifuxzciyysff2yy1jll.ycnagxxx//=d%F0%B6%B6%A8$MZ//c%F4%85%A8%93%F2%85%BB%9F.%F3%AB%80%9C/R4W!%F0%98%90%925/=Q$;f%F3%87%96%BD%F2%B1%A7%89!/!r3C*n/,J'%F0%BB%B8%97Gu/~\",\n        \"info\": \"\",\n        \"isSelectable\": true,\n        \"u\": {\n          \"name\": \"[ ?\",\n          \"ay\": 2011,\n          \"assign\": \"q,gt,^Pb\",\n          \"match\": [],\n          \"satisfy\": [],\n          \"url\": \"http://hv66bb--7o99p7gyejhqkmqlos-dvpediotysufe54ghc3xr3dfbv-bmjza73dl.2hqs45dw16mfejvkosaz5zkxdtip-51vb6-kihhwae4oar95.w5-5ni7i6aecmpobndab89h-2o2w42nr5ghv9g761hoipesknd3abtxp0p.b02d2gwmxbbsnq259l1ze1.9rvir.rjjztkcqq/3KJE/!rVVh;Y//F%F4%89%A9%A6T%F0%93%BE%A5Y~5mO%F1%8B%99%8A/%F4%8A%A9%BE/0\",\n          \"info\": \"/CH'l\",\n          \"isSelectable\": true\n        },\n        \"*:\\\"]4\": {\n          \"name\": \"O)1}u/\",\n          \"ay\": 1967,\n          \"assign\": [\n            \"3\",\n            \"Z4TA0\",\n            \"rR1'b1-J\",\n            \"_',\",\n            \"{@-M8__J\"\n          ],\n          \"match\": [\n            {\n              \"or\": [\n                {\n                  \"or\": []\n                },\n                \"ZSUx6\",\n                {\n                  \"or\": [\n                    {\n                      \"or\": [\n                        {\n                          \"and\": [\n                            \"SB9954\",\n                            \"GGP*5M\"\n                          ]\n                        },\n                        \"FSV0Q\",\n                        \"YOS1\",\n                        \"GWMx646\"\n                      ]\n                    },\n                    {\n                      \"pattern\": \"TRL42W\",\n                      \"info\": \"\\\\&wvx-$k\"\n                    }\n                  ]\n                }\n              ]\n            },\n            \"PB2\",\n            {\n              \"or\": []\n            }\n          ],\n          \"url\": \"http://z7i45hq1ywegxkxn6v0jbylb-n1f8zy3gtidq5jppu7-9b.c.2g24uqx9tdl2t0wh9j54ogqygpt16fxyf8nbr7mvd-9k-tby2ki3ml8d2.mvu56cvlyn4up3fnafzvu36aqgpb02yfy5o9h2.baguhss/.H@AdzB)/Zi%F0%99%84%8EO//I3;/k/6S.l33%F0%A7%80%A1a/1/r%F1%88%92%B3%F1%8C%B1%87%F3%98%93%9B/\",\n          \"info\": \"9lK\",\n          \"isSelectable\": true,\n          \"J+8Ua\": {\n            \"name\": \":T2}S(qIx4\",\n            \"ay\": 1990,\n            \"assign\": [],\n            \"match\": [\n              {\n                \"and\": [\n                  \"XOJ32Q\",\n                  {\n                    \"and\": [\n                      \"CTP234Z\",\n                      {\n                        \"or\": [\n                          \"AEY9*4\",\n                          {\n                            \"or\": [\n                              \"TLU0*\",\n                              \"BX02\",\n                              \"HPD68D\"\n                            ]\n                          },\n                          \"OUU23\",\n                          \"ON3732\"\n                        ]\n                      },\n                      {\n                        \"or\": [\n                          \"SE6107Z\",\n                          {\n                            \"or\": []\n                          },\n                          \"MX8B\",\n                          {\n                            \"or\": [\n                              \"HN0J\",\n                              \"GGT41x\",\n                              \"EUA20D\",\n                              \"CQAxE\"\n                            ]\n                          },\n                          \"QT*\"\n                        ]\n                      }\n                    ]\n                  }\n                ]\n              }\n            ],\n            \"satisfy\": {\n              \"or\": [\n                {\n                  \"mc\": \"<=147\"\n                },\n                {\n                  \"or\": [\n                    \"H+yz\"\n                  ]\n                },\n                {\n                  \"or\": [\n                    \"R~q-\",\n                    \"'Ev7tW\",\n                    \"Jr\"\n                  ]\n                },\n                \"@vEQ*L\"\n              ]\n            },\n            \"url\": \"http://d84485fulx3xltkf93i812qudpe93.lqdemkth/P%F3%82%84%9E%F1%A8%AF%A9/P0wW30AxG/wrnsX3*/u/(&Vnv./l!-blpN%F0%BA%99%B77/f/j%F0%A2%AE%B34F/DX%F2%93%B9%BEz'$\",\n            \"info\": \"-8[t\"\n          },\n          \"Vqn@\": {\n            \"name\": \"!}c'hhq\",\n            \"ay\": 2005,\n            \"assign\": \"G<r}pCR+)+\",\n            \"match\": {\n              \"or\": [\n                {\n                  \"pattern\": \"JBD4\",\n                  \"exclude\": \"CPOx0\",\n                  \"info\": \"Bc:\"\n                }\n              ]\n            },\n            \"url\": \"https://tcy5ox31brzb1mmi2ovycfl-1loxa.1av8yra9keuy04l8t73o-b86szs0.5c4s8linyop8-1i2ygojed9xr6powlu9mlg5.e52n77ilh9831h636eflfimir73pcvn-zno.wcvizzl/;Gy.wS%F1%AA%85%9BGys/5Mf,Kw%F2%8A%B3%8D/%F2%9D%9C%82XTX%F2%B4%B4%B4g\",\n            \"info\": \"nm>\"\n          },\n          \"Q[WG!\\\"\": {\n            \"name\": \"|)4|T+Um5\",\n            \"ay\": 2007,\n            \"match\": [\n              \"URC995B\",\n              {\n                \"and\": [\n                  \"ZS2Z\",\n                  {\n                    \"or\": [\n                      \"KYC30*0\",\n                      {\n                        \"pattern\": \"PD1939G\",\n                        \"exclude\": [\n                          \"DOM0I\"\n                        ],\n                        \"info\": \"N;4\"\n                      },\n                      \"BIJ9Q\",\n                      \"JDA3E\"\n                    ]\n                  },\n                  {\n                    \"pattern\": \"LS5\",\n                    \"exclude\": \"XL*47\",\n                    \"info\": \"Vx\"\n                  }\n                ]\n              }\n            ],\n            \"satisfy\": [\n              {\n                \"mc\": \"<=19\"\n              },\n              \"]1j%\",\n              {\n                \"and\": [\n                  {\n                    \"mc\": \"<=110\"\n                  },\n                  \"*Rn\",\n                  \"}L?5Cd\"\n                ]\n              },\n              {\n                \"or\": []\n              },\n              {\n                \"or\": [\n                  {\n                    \"and\": [\n                      \"V._f?\"\n                    ]\n                  },\n                  {\n                    \"mc\": \">=13\"\n                  },\n                  {\n                    \"mc\": \">=31\"\n                  },\n                  {\n                    \"and\": [\n                      {\n                        \"or\": []\n                      },\n                      \"1M\",\n                      {\n                        \"mc\": \"<=95\"\n                      },\n                      \"\"\n                    ]\n                  },\n                  {\n                    \"or\": [\n                      \"}Y\",\n                      \"|[u&\",\n                      \"!-7BZ g3\\\\\",\n                      {\n                        \"or\": []\n                      },\n                      \"_f\"\n                    ]\n                  }\n                ]\n              }\n            ],\n            \"url\": \"https://0x6rrysw0u63-axkj66qgc5w5fm9ppjbuaqtdib4ly69ecsv.zrri/hmckN%F3%AE%B4%A9*%F2%96%B6%8E/Wv(tcPCq;/b%F0%AF%87%9E:@-~coe/_%F0%BE%AC%962%F1%9D%8B%83cRo\",\n            \"isSelectable\": true\n          }\n        },\n        \"j`n~rl\": {\n          \"name\": \"uqEN\\\"+\",\n          \"ay\": 1955,\n          \"assign\": [\n            \"%6'gsd1^mj\",\n            \"AY%v\",\n            \"#RY&cO;Q\",\n            \"<Li-xW=!q/\"\n          ],\n          \"match\": {\n            \"pattern\": \"MJP2663\",\n            \"exclude\": \"CA833*R\",\n            \"info\": \"_IF<AQ_&\"\n          },\n          \"satisfy\": \"@W\",\n          \"url\": \"https://t.yt/e/N4O&/+jZG/JBz)v/%E3%AE%85cx/~I:-xu/KU6I/hx%F2%A9%B2%94/kJwh!Xs\",\n          \"info\": \"1!\",\n          \"isSelectable\": true\n        }\n      },\n      \"a<;T! a;\": {\n        \"name\": \"\",\n        \"ay\": 1956,\n        \"match\": [\n          \"UIF168\",\n          {\n            \"or\": [\n              {\n                \"or\": [\n                  {\n                    \"pattern\": \"GS3603\",\n                    \"exclude\": \"TN046B\",\n                    \"info\": \"V\"\n                  }\n                ]\n              }\n            ]\n          },\n          \"KL9x\"\n        ],\n        \"info\": \"gPRBXAQ_J\",\n        \"isSelectable\": true\n      }\n    }\n  },\n  {\n    \"title\": \"block sample 6\",\n    \"value\": {\n      \"name\": \"./33}\",\n      \"ay\": 1975,\n      \"assign\": \"q}\",\n      \"match\": {\n        \"or\": [\n          {\n            \"and\": [\n              \"YHY27\"\n            ]\n          },\n          {\n            \"or\": []\n          }\n        ]\n      },\n      \"satisfy\": {\n        \"mc\": \"<=200\"\n      },\n      \"url\": \"https://fzdnvjgamd5p8uwee-d55z55.a.ddwk/Dn-M3!-/CNsD-+/F*/8PhK%F2%80%AD%8DY(zpT/oy_N%F0%90%8F%B5,Lpo:/f)_1X~D/V.omn\",\n      \"info\": \"~HrzI :Q$Y\",\n      \"isSelectable\": true\n    }\n  },\n  {\n    \"title\": \"block sample 7\",\n    \"value\": {\n      \"name\": \"|j\",\n      \"ay\": 1993,\n      \"assign\": \"c#\\\"\\\\89\",\n      \"match\": [\n        {\n          \"and\": [\n            {\n              \"or\": [\n                {\n                  \"or\": [\n                    {\n                      \"pattern\": \"CG3693M\",\n                      \"exclude\": [\n                        \"CNS7*3x\",\n                        \"MZB3\",\n                        \"BQH04T\",\n                        \"XLX7\",\n                        \"JM965\"\n                      ],\n                      \"info\": \"NKs**v;\"\n                    },\n                    \"UN28E\",\n                    \"JG66Y\",\n                    \"JXJ82*Q\"\n                  ]\n                },\n                \"XY027B\",\n                \"CW4G\",\n                {\n                  \"pattern\": \"KPL9xJ\",\n                  \"info\": \"qo60)#..\"\n                },\n                {\n                  \"and\": [\n                    {\n                      \"or\": [\n                        \"HGx9X\"\n                      ]\n                    },\n                    {\n                      \"and\": [\n                        \"TS0339\",\n                        \"GE5\",\n                        \"WJG38Z\"\n                      ]\n                    },\n                    \"UU9S\",\n                    \"IPGxx5*J\"\n                  ]\n                }\n              ]\n            },\n            {\n              \"and\": [\n                \"QJx980\"\n              ]\n            },\n            {\n              \"pattern\": \"NR4G\",\n              \"exclude\": [\n                \"TRJ6H\",\n                \"OLE45\",\n                \"YJH9U\"\n              ],\n              \"info\": \"p,GD13{\"\n            }\n          ]\n        },\n        {\n          \"pattern\": \"UVx99\",\n          \"exclude\": [\n            \"MI1\",\n            \"FA2\",\n            \"WR1\",\n            \"WHS71x4D\",\n            \"LEY*2T\"\n          ],\n          \"info\": \"KB7RLPb/n:\"\n        },\n        \"KU345O\"\n      ],\n      \"satisfy\": {\n        \"mc\": \">=109\"\n      },\n      \"url\": \"https://u.vnznxo8lw4qjn32gufqbad32rzalch4f8x.8.dmv/M&-g=Ju/Kd%F1%84%99%A7%F1%8B%95%B8M/h;Cm%F3%9D%AF%84xl/s!bX/t-VA/PnEF/lCnoMvQu\",\n      \"info\": \"\",\n      \"isSelectable\": true\n    }\n  },\n  {\n    \"title\": \"block sample 8\",\n    \"value\": {\n      \"name\": \"&#o\\\" \",\n      \"assign\": \"~&\",\n      \"match\": {\n        \"pattern\": \"CDDx78N\",\n        \"exclude\": []\n      },\n      \"info\": \"A(sP!h\",\n      \"isSelectable\": true\n    }\n  },\n  {\n    \"title\": \"block sample 9\",\n    \"value\": {\n      \"name\": \" ^@#{t&\",\n      \"ay\": 1996,\n      \"assign\": [],\n      \"match\": [],\n      \"url\": \"https://osv9f-1jklaco6-18tu.c2u948h7tq6tyb2nr-1ukved48j.ysle/%F3%BB%88%8EfN/%F2%AB%9D%86dG0Jd/oJF5/&WY-n,M%F2%9B%AF%AFY(//,4g%F2%90%BA%B6kr\",\n      \"isSelectable\": true\n    }\n  }\n]",
              "code": "fast_check_1.sample(index_test_2.block, 10).forEach((sample, i) => addContext_1.default(this, {\n    title: `block sample ${i}`,\n    value: sample,\n}));\nreturn fast_check_1.assert(fast_check_1.property(index_test_2.block, ajvValidate));",
              "err": {},
              "uuid": "e3a3b6d8-48f7-48fa-bfc6-56c92bde8048",
              "parentUUID": "b05fe7e5-cc5e-498e-b76b-076681badca2",
              "isHook": false,
              "skipped": false
            },
            {
              "title": "should not validate non-object",
              "fullTitle": "blockSchema should not validate non-object",
              "timedOut": false,
              "duration": 1,
              "state": "passed",
              "speed": "fast",
              "pass": true,
              "fail": false,
              "pending": false,
              "context": null,
              "code": "const error = {\n    instancePath: \"\",\n    message: \"block should be an object\",\n};\nisInvalidBlock(null, error);\nisInvalidBlock(undefined, error);\nisInvalidBlock(10, error);\nisInvalidBlock([12, 24], error);\nisInvalidBlock(\"abc\", error);",
              "err": {},
              "uuid": "5569b510-ae0d-4e8e-8e08-181b60a27b4a",
              "parentUUID": "b05fe7e5-cc5e-498e-b76b-076681badca2",
              "isHook": false,
              "skipped": false
            },
            {
              "title": "should not validate block with invalid properties",
              "fullTitle": "blockSchema should not validate block with invalid properties",
              "timedOut": false,
              "duration": 0,
              "state": "passed",
              "speed": "fast",
              "pass": true,
              "fail": false,
              "pending": false,
              "context": null,
[...]
              "duration": 0,
              "state": "passed",
              "speed": "fast",
              "pass": true,
              "fail": false,
              "pending": false,
              "context": null,
              "code": "const satisfier = satisfiers_1.inequalitySatisfier(ref, \"<=32\");\nsatisfier.should.have.property(\"filter\");\nconst { filter } = satisfier;\nisCorrectFilter(filter, modulesList1, modulesList1.map(([moduleStr]) => moduleStr));",
              "err": {},
              "uuid": "4d3cc7ef-bea0-4c3b-9a66-29902ff22cbe",
              "parentUUID": "45a14231-c7fd-4faf-ba49-08d4e519b7f3",
              "isHook": false,
              "skipped": false
            },
            {
              "title": "should truncate list of modules with upper bound of MCs at exact cutoff if total MC count is higher and there exists some starting sequence with exact MC count",
              "fullTitle": "inequalitySatisfier should truncate list of modules with upper bound of MCs at exact cutoff if total MC count is higher and there exists some starting sequence with exact MC count",
              "timedOut": false,
              "duration": 1,
              "state": "passed",
              "speed": "fast",
              "pass": true,
              "fail": false,
              "pending": false,
              "context": null,
              "code": "const satisfier = satisfiers_1.inequalitySatisfier(ref, \"<=16\");\nsatisfier.should.have.property(\"filter\");\nconst { filter } = satisfier;\nisCorrectFilter(filter, modulesList1, [\n    \"CS2100\",\n    \"GER1000\",\n    \"CS2040S\",\n    \"ST2131\",\n]);",
              "err": {},
              "uuid": "8c1d63df-d9b0-4c5c-96f3-bba511c41b51",
              "parentUUID": "45a14231-c7fd-4faf-ba49-08d4e519b7f3",
              "isHook": false,
              "skipped": false
            },
            {
              "title": "should truncate list of modules with upper bound of MCs, cutting off at the minimum starting sequence that exceeds upper bound, if total MC count is higher and there exists no starting sequence with exact MC count",
              "fullTitle": "inequalitySatisfier should truncate list of modules with upper bound of MCs, cutting off at the minimum starting sequence that exceeds upper bound, if total MC count is higher and there exists no starting sequence with exact MC count",
              "timedOut": false,
              "duration": 0,
              "state": "passed",
              "speed": "fast",
              "pass": true,
              "fail": false,
              "pending": false,
              "context": null,
              "code": "const satisfier = satisfiers_1.inequalitySatisfier(ref, \"<=17\");\nsatisfier.should.have.property(\"filter\");\nconst { filter } = satisfier;\nisCorrectFilter(filter, modulesList1, [\n    \"CS2100\",\n    \"GER1000\",\n    \"CS2040S\",\n    \"ST2131\",\n    \"MA1521\",\n]);",
              "err": {},
              "uuid": "cf171711-0722-4cbd-bd97-9a86fd541608",
              "parentUUID": "45a14231-c7fd-4faf-ba49-08d4e519b7f3",
              "isHook": false,
              "skipped": false
            }
          ],
          "suites": [],
          "passes": [
            "07dcc3a4-a7f0-4159-903d-83af04c6694e",
            "51c97699-33fe-4a8f-bef1-36e88c91121f",
            "078fd384-6619-4c22-826d-a79ff622ebc4",
            "5309092a-727a-4d50-80f7-95aa3b7d43b4",
            "4d3cc7ef-bea0-4c3b-9a66-29902ff22cbe",
            "8c1d63df-d9b0-4c5c-96f3-bba511c41b51",
            "cf171711-0722-4cbd-bd97-9a86fd541608"
          ],
          "failures": [],
          "pending": [],
          "skipped": [],
          "duration": 2,
          "root": false,
          "rootEmpty": false,
          "_timeout": 2000
        },
        {
          "uuid": "5d85bfc3-76ec-4946-8989-ec67f1f5104d",
          "title": "inequalitySchema",
          "fullFile": "/home/runner/work/planwithus-lib/planwithus-lib/src/satisfyRule/inequality/schemas.test.ts",
          "file": "/src/satisfyRule/inequality/schemas.test.ts",
          "beforeHooks": [],
          "afterHooks": [],
          "tests": [
            {
              "title": "should validate inequality in the form <=n or >=n",
              "fullTitle": "inequalitySchema should validate inequality in the form <=n or >=n",
              "timedOut": false,
              "duration": 1,
              "state": "passed",
              "speed": "fast",
              "pass": true,
              "fail": false,
              "pending": false,
              "context": "[\n  {\n    \"title\": \"inequality sample 0\",\n    \"value\": \">=155\"\n  },\n  {\n    \"title\": \"inequality sample 1\",\n    \"value\": \"<=5\"\n  },\n  {\n    \"title\": \"inequality sample 2\",\n    \"value\": \">=193\"\n  },\n  {\n    \"title\": \"inequality sample 3\",\n    \"value\": \"<=76\"\n  },\n  {\n    \"title\": \"inequality sample 4\",\n    \"value\": \"<=1\"\n  },\n  {\n    \"title\": \"inequality sample 5\",\n    \"value\": \">=197\"\n  },\n  {\n    \"title\": \"inequality sample 6\",\n    \"value\": \"<=6\"\n  },\n  {\n    \"title\": \"inequality sample 7\",\n    \"value\": \"<=8\"\n  },\n  {\n    \"title\": \"inequality sample 8\",\n    \"value\": \"<=60\"\n  },\n  {\n    \"title\": \"inequality sample 9\",\n    \"value\": \"<=136\"\n  }\n]",
              "code": "fast_check_1.sample(index_test_2.inequality, 10).forEach((sample, i) => addContext_1.default(this, {\n    title: `inequality sample ${i}`,\n    value: sample,\n}));\nreturn fast_check_1.assert(fast_check_1.property(index_test_2.inequality, ajvValidate));",
              "err": {},
              "uuid": "21ba3db1-87ce-4737-acb9-8bdbb87cb28d",
              "parentUUID": "5d85bfc3-76ec-4946-8989-ec67f1f5104d",
              "isHook": false,
              "skipped": false
            },
            {
              "title": "should not validate inequality of invalid form",
              "fullTitle": "inequalitySchema should not validate inequality of invalid form",
              "timedOut": false,
              "duration": 1,
              "state": "passed",
              "speed": "fast",
              "pass": true,
              "fail": false,
              "pending": false,
              "context": null,
              "code": "[\n        \"\",\n        \"==23\",\n        \"23\",\n        \"<23\",\n        \">23\",\n        \"<=-1\",\n        \">=-1\",\n        \"<= 2\",\n        \">= 1\",\n        \"> 3\",\n        \"< 3\",\n        \"<=3a\",\n        \">=3a\",\n        \"a<=3\",\n        \"a>=3\",\n    ].forEach(isInvalidInequality)",
              "err": {},
              "uuid": "6c4980c8-bca2-4de1-bcac-3ace3dc0ab4a",
              "parentUUID": "5d85bfc3-76ec-4946-8989-ec67f1f5104d",
              "isHook": false,
              "skipped": false
            }
          ],
          "suites": [],
          "passes": [
            "21ba3db1-87ce-4737-acb9-8bdbb87cb28d",
            "6c4980c8-bca2-4de1-bcac-3ace3dc0ab4a"
          ],
          "failures": [],
          "pending": [],
          "skipped": [],
          "duration": 2,
          "root": false,
          "rootEmpty": false,
          "_timeout": 2000
        },
        {
          "uuid": "77cacd9e-37b6-41ab-862e-0a20682a6342",
          "title": "satisfyRuleSchema",
          "fullFile": "/home/runner/work/planwithus-lib/planwithus-lib/src/satisfyRule/schemas.test.ts",
          "file": "/src/satisfyRule/schemas.test.ts",
          "beforeHooks": [],
          "afterHooks": [],
          "tests": [
            {
              "title": "should validate satisfy rule with valid block id",
              "fullTitle": "satisfyRuleSchema should validate satisfy rule with valid block id",
              "timedOut": false,
              "duration": 0,
              "state": "passed",
              "speed": "fast",
              "pass": true,
              "fail": false,
              "pending": false,
              "context": null,
              "code": "fast_check_1.assert(fast_check_1.property(fast_check_1.string(), ajvValidate)",
              "err": {},
              "uuid": "b00a15cf-07b1-4c58-9833-48d3b8086b5d",
              "parentUUID": "77cacd9e-37b6-41ab-862e-0a20682a6342",
              "isHook": false,
              "skipped": false
            },
            {
              "title": "should validate satisfy rules with valid mc",
              "fullTitle": "satisfyRuleSchema should validate satisfy rules with valid mc",
              "timedOut": false,
              "duration": 1,
              "state": "passed",
              "speed": "fast",
              "pass": true,
              "fail": false,
              "pending": false,
              "context": "[\n  {\n    \"title\": \"mcSatisfyRule sample 0\",\n    \"value\": {\n      \"mc\": \"<=3\"\n    }\n  },\n  {\n    \"title\": \"mcSatisfyRule sample 1\",\n    \"value\": {\n      \"mc\": \">=129\"\n    }\n  },\n  {\n    \"title\": \"mcSatisfyRule sample 2\",\n    \"value\": {\n      \"mc\": \">=3\"\n    }\n  },\n  {\n    \"title\": \"mcSatisfyRule sample 3\",\n    \"value\": {\n      \"mc\": \">=2\"\n    }\n  },\n  {\n    \"title\": \"mcSatisfyRule sample 4\",\n    \"value\": {\n      \"mc\": \">=5\"\n    }\n  },\n  {\n    \"title\": \"mcSatisfyRule sample 5\",\n    \"value\": {\n      \"mc\": \"<=5\"\n    }\n  },\n  {\n    \"title\": \"mcSatisfyRule sample 6\",\n    \"value\": {\n      \"mc\": \"<=1\"\n    }\n  },\n  {\n    \"title\": \"mcSatisfyRule sample 7\",\n    \"value\": {\n      \"mc\": \">=48\"\n    }\n  },\n  {\n    \"title\": \"mcSatisfyRule sample 8\",\n    \"value\": {\n      \"mc\": \"<=90\"\n    }\n  },\n  {\n    \"title\": \"mcSatisfyRule sample 9\",\n    \"value\": {\n      \"mc\": \">=94\"\n    }\n  }\n]",
              "code": "fast_check_1.sample(index_test_2.mcSatisfyRule, 10).forEach((sample, i) => addContext_1.default(this, {\n    title: `mcSatisfyRule sample ${i}`,\n    value: sample,\n}));\nreturn fast_check_1.assert(fast_check_1.property(index_test_2.mcSatisfyRule, ajvValidate));",
              "err": {},
              "uuid": "7d8bc3d4-cb97-4363-8fa2-bd9281465bc9",
              "parentUUID": "77cacd9e-37b6-41ab-862e-0a20682a6342",
              "isHook": false,
              "skipped": false
            },
            {
              "title": "should validate valid recursive satisfy rules",
              "fullTitle": "satisfyRuleSchema should validate valid recursive satisfy rules",
              "timedOut": false,
              "duration": 4,
              "state": "passed",
              "speed": "fast",
              "pass": true,
              "fail": false,
              "pending": false,
              "context": "[\n  {\n    \"title\": \"satisfyRule sample 0\",\n    \"value\": {\n      \"mc\": \">=2\"\n    }\n  },\n  {\n    \"title\": \"satisfyRule sample 1\",\n    \"value\": {\n      \"mc\": \"<=195\"\n    }\n  },\n  {\n    \"title\": \"satisfyRule sample 2\",\n    \"value\": {\n      \"and\": [\n        {\n          \"or\": [\n            {\n              \"or\": [\n                \"Kqy#qm&\",\n                \"jqeiM$\",\n                \"`ci\"\n              ]\n            },\n            {\n              \"or\": [\n                \";Q toC?E\",\n                \"v6Y\",\n                \"s[)8C\",\n                \"X;M;a@\",\n                \"dotQ(^V\"\n              ]\n            },\n            {\n              \"mc\": \"<=173\"\n            },\n            {\n              \"or\": [\n                \"\"\n              ]\n            }\n          ]\n        },\n        {\n          \"or\": [\n            \"i7\",\n            \"<:Gl^5qk;\",\n            {\n              \"or\": [\n                \"{X/<FNC|t/\",\n                \"hT\",\n                \"2C#/K\"\n              ]\n            }\n          ]\n        },\n        {\n          \"mc\": \">=5\"\n        }\n      ]\n    }\n  },\n  {\n    \"title\": \"satisfyRule sample 3\",\n    \"value\": \"x\"\n  },\n  {\n    \"title\": \"satisfyRule sample 4\",\n    \"value\": {\n      \"and\": [\n        {\n          \"and\": [\n            {\n              \"or\": [\n                \"YfX\",\n                \"B+HR\\\\%m(\",\n                \"P\\\"#d>y^Tl}\"\n              ]\n            },\n            \"F8@AL$>\",\n            {\n              \"mc\": \"<=67\"\n            },\n            \"BLEtxfR)\",\n            \"w[<2f3\"\n          ]\n        },\n        {\n          \"or\": []\n        },\n        {\n          \"and\": []\n        }\n      ]\n    }\n  },\n  {\n    \"title\": \"satisfyRule sample 5\",\n    \"value\": {\n      \"mc\": \"<=8\"\n    }\n  },\n  {\n    \"title\": \"satisfyRule sample 6\",\n    \"value\": {\n      \"mc\": \">=67\"\n    }\n  },\n  {\n    \"title\": \"satisfyRule sample 7\",\n    \"value\": {\n      \"mc\": \">=104\"\n    }\n  },\n  {\n    \"title\": \"satisfyRule sample 8\",\n    \"value\": {\n      \"and\": [\n        {\n          \"mc\": \"<=36\"\n        },\n        \"G**nC)I'\"\n      ]\n    }\n  },\n  {\n    \"title\": \"satisfyRule sample 9\",\n    \"value\": \"7!\"\n  }\n]",
              "code": "fast_check_1.sample(index_test_2.satisfyRule, 10).forEach((sample, i) => addContext_1.default(this, {\n    title: `satisfyRule sample ${i}`,\n    value: sample,\n}));\nreturn fast_check_1.assert(fast_check_1.property(index_test_2.satisfyRule, ajvValidate));",
              "err": {},
              "uuid": "612c4454-6aee-4f0f-975f-e07bf416de83",
              "parentUUID": "77cacd9e-37b6-41ab-862e-0a20682a6342",
              "isHook": false,
              "skipped": false
            },
            {
              "title": "should not validate non-string/object",
              "fullTitle": "satisfyRuleSchema should not validate non-string/object",
              "timedOut": false,
              "duration": 1,
              "state": "passed",
              "speed": "fast",
              "pass": true,
              "fail": false,
              "pending": false,
              "context": null,
              "code": "const error = {\n    instancePath: \"\",\n    message: \"satisfy rule should be either a string or an object\",\n};\nisInvalidRule(null, error);\nisInvalidRule(undefined, error);\nisInvalidRule(10, error);\nisInvalidRule([12, 24], error);",
              "err": {},
              "uuid": "5c3a29d1-8734-425f-8820-9aeefdf0aca0",
              "parentUUID": "77cacd9e-37b6-41ab-862e-0a20682a6342",
              "isHook": false,
              "skipped": false
            },
            {
              "title": "should not validate satisfy rules with extra properties",
              "fullTitle": "satisfyRuleSchema should not validate satisfy rules with extra properties",
              "timedOut": false,
              "duration": 0,
              "state": "passed",
              "speed": "fast",
              "pass": true,
              "fail": false,
              "pending": false,
              "context": null,
              "code": "isInvalidRule({\n        and: [\n            { or: [\"2k\"], abc: \"def\" },\n            { mc: 8, ghi: \"jkl\" },\n        ],\n        mno: \"pqr\",\n    }, {\n        instancePath: \"/and/0\",\n        message: \"or satisfy rule should have property 'or' only\",\n    }, {\n        instancePath: \"/and/1\",\n        message: \"MC satisfy rule should have property 'mc' only\",\n    }, {\n        instancePath: \"\",\n        message: \"and satisfy rule should have property 'and' only\",\n    })",
              "err": {},
              "uuid": "280e0158-a497-459c-93fe-91499c62b951",
              "parentUUID": "77cacd9e-37b6-41ab-862e-0a20682a6342",
              "isHook": false,
              "skipped": false
            },
            {
              "title": "should not validate ambiguous satisfy rules",
              "fullTitle": "satisfyRuleSchema should not validate ambiguous satisfy rules",
              "timedOut": false,
              "duration": 0,
              "state": "passed",
              "speed": "fast",
              "pass": true,
              "fail": false,
              "pending": false,
              "context": null,
              "code": "const message = \"satisfy rule should have only one of properties 'mc', 'and', 'or'\";\nisInvalidRule({\n    or: [\n        { mc: 5, and: [\"CS2040\"] },\n        { and: [{ and: [\"abc\"], or: [\"def\"] }] },\n    ],\n}, { instancePath: \"/or/0\", message }, { instancePath: \"/or/1/and/0\", message });",
              "err": {},
              "uuid": "58b08ee3-43c1-4993-a7c1-b588e5707155",
              "parentUUID": "77cacd9e-37b6-41ab-862e-0a20682a6342",
              "isHook": false,
              "skipped": false
            },
            {
              "title": "should not validate and satisfy rules with non-array property",
              "fullTitle": "satisfyRuleSchema should not validate and satisfy rules with non-array property",
              "timedOut": false,
              "duration": 0,
              "state": "passed",
              "speed": "fast",
              "pass": true,
              "fail": false,
              "pending": false,
              "context": null,
              "code": "const message = \"property 'and' should be an array of satisfy rules\";\nisInvalidRule({ or: [{ and: {} }, { or: [{ and: 3 }] }] }, { instancePath: \"/or/0/and\", message }, { instancePath: \"/or/1/or/0/and\", message });",
              "err": {},
              "uuid": "b343b66a-b6fb-4430-aa66-716489f61732",
              "parentUUID": "77cacd9e-37b6-41ab-862e-0a20682a6342",
              "isHook": false,
              "skipped": false
            },
            {
              "title": "should not validate or satisfy rules with non-array property",
              "fullTitle": "satisfyRuleSchema should not validate or satisfy rules with non-array property",
              "timedOut": false,
              "duration": 0,
              "state": "passed",
              "speed": "fast",
              "pass": true,
              "fail": false,
              "pending": false,
              "context": null,
              "code": "const message = \"property 'or' should be an array of satisfy rules\";\nisInvalidRule({ and: [{ or: {} }, { and: [{ or: 3 }] }] }, { instancePath: \"/and/0/or\", message }, { instancePath: \"/and/1/and/0/or\", message });",
              "err": {},
              "uuid": "f3dd86ae-2c34-4bc3-9f45-0a5b74294031",
              "parentUUID": "77cacd9e-37b6-41ab-862e-0a20682a6342",
              "isHook": false,
              "skipped": false
            }
          ],
          "suites": [],
          "passes": [
            "b00a15cf-07b1-4c58-9833-48d3b8086b5d",
            "7d8bc3d4-cb97-4363-8fa2-bd9281465bc9",
            "612c4454-6aee-4f0f-975f-e07bf416de83",
            "5c3a29d1-8734-425f-8820-9aeefdf0aca0",
            "280e0158-a497-459c-93fe-91499c62b951",
            "58b08ee3-43c1-4993-a7c1-b588e5707155",
            "b343b66a-b6fb-4430-aa66-716489f61732",
            "f3dd86ae-2c34-4bc3-9f45-0a5b74294031"
          ],
          "failures": [],
          "pending": [],
          "skipped": [],
          "duration": 6,
          "root": false,
          "rootEmpty": false,
          "_timeout": 2000
        }
      ],
      "passes": [],
      "failures": [],
      "pending": [],
      "skipped": [],
      "duration": 0,
      "root": true,
      "rootEmpty": true,
      "_timeout": 2000
    }
  ],
  "meta": {
    "mocha": {
      "version": "9.0.3"
    },
    "mochawesome": {
      "options": {
        "quiet": false,
        "reportFilename": "mochawesome",
        "saveHtml": true,
        "saveJson": true,
        "consoleReporter": "spec",
        "useInlineDiffs": false,
        "code": true
      },
      "version": "6.2.2"
    },
    "marge": {
      "options": {
        "reportDir": "docs"
      },
      "version": "5.2.0"
    }
  }
}