{
  "stats": {
    "suites": 6,
    "tests": 29,
    "passes": 29,
    "pending": 0,
    "failures": 0,
    "start": "2021-06-25T14:06:27.756Z",
    "end": "2021-06-25T14:06:28.030Z",
    "duration": 274,
    "testsRegistered": 29,
    "passPercent": 100,
    "pendingPercent": 0,
    "other": 0,
    "hasOther": false,
    "skipped": 0,
    "hasSkipped": false
  },
  "results": [
    {
      "uuid": "257c1afe-f45e-4bb2-87b4-210a42ef8cf6",
      "title": "",
      "fullFile": "",
      "file": "",
      "beforeHooks": [],
      "afterHooks": [],
      "tests": [],
      "suites": [
        {
          "uuid": "084ce21a-5fb1-4dec-babe-67a3054f5a1f",
          "title": "initDirectories",
          "fullFile": "/home/runner/work/planwithus-lib/planwithus-lib/src/block/schemas.test.ts",
          "file": "/src/block/schemas.test.ts",
          "beforeHooks": [],
          "afterHooks": [],
          "tests": [
            {
              "title": "should parse all blocks with no errors",
              "fullTitle": "initDirectories should parse all blocks with no errors",
              "timedOut": false,
              "duration": 3,
              "state": "passed",
              "speed": "fast",
              "pass": true,
              "fail": false,
              "pending": false,
              "context": null,
              "code": "_1.initDirectories.should.not.throw()",
              "err": {},
              "uuid": "a223b45f-81b9-4e8a-aed8-a5aee134d73c",
              "parentUUID": "084ce21a-5fb1-4dec-babe-67a3054f5a1f",
              "isHook": false,
              "skipped": false
            },
            {
              "title": "should produce primary, second & minor directories",
              "fullTitle": "initDirectories should produce primary, second & minor directories",
              "timedOut": false,
              "duration": 44,
              "state": "passed",
              "speed": "medium",
              "pass": true,
              "fail": false,
              "pending": false,
              "context": null,
              "code": "const directories = await _1.initDirectories();\ndirectories.should.have.property(\"primary\");\ndirectories.should.have.property(\"second\");\ndirectories.should.have.property(\"minor\");",
              "err": {},
              "uuid": "8a3dc42e-656f-4340-a37c-466d0fff121e",
              "parentUUID": "084ce21a-5fb1-4dec-babe-67a3054f5a1f",
              "isHook": false,
              "skipped": false
            }
          ],
          "suites": [],
          "passes": [
            "a223b45f-81b9-4e8a-aed8-a5aee134d73c",
            "8a3dc42e-656f-4340-a37c-466d0fff121e"
          ],
          "failures": [],
          "pending": [],
          "skipped": [],
          "duration": 47,
          "root": false,
          "rootEmpty": false,
          "_timeout": 2000
        },
        {
          "uuid": "eaba6181-b7a8-4670-9cfe-9b7091c67a48",
          "title": "blockSchema",
          "fullFile": "/home/runner/work/planwithus-lib/planwithus-lib/src/block/schemas.test.ts",
          "file": "/src/block/schemas.test.ts",
          "beforeHooks": [],
          "afterHooks": [],
          "tests": [
            {
              "title": "should validate valid block",
              "fullTitle": "blockSchema should validate valid block",
              "timedOut": false,
              "duration": 176,
              "state": "passed",
              "speed": "slow",
              "pass": true,
              "fail": false,
              "pending": false,
              "context": "[\n  {\n    \"title\": \"block sample 0\",\n    \"value\": {\n      \"name\": \"\",\n      \"ay\": 2010,\n      \"assign\": \"uR} .60\",\n      \"match\": [\n        {\n          \"pattern\": \"MJU3\",\n          \"info\": \"#U%kJ\\\"#$\"\n        },\n        {\n          \"and\": [\n            \"TE5*3\",\n            {\n              \"or\": [\n                {\n                  \"and\": [\n                    \"YIxJ\",\n                    {\n                      \"pattern\": \"KKX69*9R\",\n                      \"exclude\": [\n                        \"FPM9\",\n                        \"CG1\",\n                        \"FD432\",\n                        \"DSM7E\"\n                      ],\n                      \"info\": \"q22I`%7)9}\"\n                    },\n                    \"FL4\",\n                    {\n                      \"pattern\": \"NMTx48\",\n                      \"info\": \"aTUM\"\n                    },\n                    {\n                      \"pattern\": \"DQ78Z\",\n                      \"exclude\": [],\n                      \"info\": \"<uYCNNdiG\"\n                    }\n                  ]\n                }\n              ]\n            },\n            {\n              \"and\": [\n                \"YZQx7xI\",\n                \"KFU1\",\n                \"RFG73X\",\n                \"TJX22Y\",\n                {\n                  \"or\": [\n                    \"YDE16\",\n                    \"OH38x\",\n                    \"TSI2565\",\n                    {\n                      \"and\": []\n                    },\n                    \"LUN0\"\n                  ]\n                }\n              ]\n            }\n          ]\n        }\n      ],\n      \"satisfy\": {\n        \"or\": [\n          {\n            \"mc\": \"<=65\"\n          },\n          \"?egX1F^\",\n          \" \",\n          {\n            \"or\": [\n              {\n                \"or\": [\n                  \"e\"\n                ]\n              },\n              {\n                \"mc\": \">=72\"\n              },\n              {\n                \"or\": [\n                  {\n                    \"or\": [\n                      \"\",\n                      \"5z\",\n                      \"I!\",\n                      \"EP\",\n                      {\n                        \"mc\": \">=92\"\n                      }\n                    ]\n                  },\n                  {\n                    \"mc\": \"<=1\"\n                  },\n                  \"*\",\n                  \" #T\"\n                ]\n              },\n              \"\\\"nXw\\\"4/ .L\",\n              {\n                \"mc\": \">=4\"\n              }\n            ]\n          }\n        ]\n      },\n      \"url\": \"http://5ovzjykvhqljohlp7wqs-1eto3eid7oh2pepfqzi5d1tglrjhpmy9a.26fi.vtvh\",\n      \"info\": \"\"\n    }\n  },\n  {\n    \"title\": \"block sample 1\",\n    \"value\": {\n      \"name\": \"~`^+\",\n      \"ay\": 2028,\n      \"assign\": [\n        \"zk>c\",\n        \" $%y :z{J\",\n        \"\\\\L\"\n      ],\n      \"match\": [\n        \"BS82\",\n        {\n          \"or\": [\n            {\n              \"or\": [\n                \"WW1J\",\n                \"RU19C\",\n                {\n                  \"and\": [\n                    \"VG58V\",\n                    \"XC0x97\",\n                    {\n                      \"or\": []\n                    },\n                    \"WPS6126\"\n                  ]\n                },\n                \"SOO*xW\"\n              ]\n            },\n            {\n              \"and\": [\n                {\n                  \"or\": []\n                },\n                {\n                  \"or\": []\n                },\n                \"WOW04\",\n                {\n                  \"or\": [\n                    {\n                      \"pattern\": \"DS3*43\",\n                      \"exclude\": [\n                        \"CQ75x7P\",\n                        \"XVx0R\",\n                        \"VPX2L\",\n                        \"NF9820\"\n                      ],\n                      \"info\": \"D,\\\\4\"\n                    },\n                    {\n                      \"or\": []\n                    },\n                    {\n                      \"pattern\": \"QT05\",\n                      \"exclude\": [\n                        \"HJ*28\",\n                        \"VE6106\"\n                      ],\n                      \"info\": \"kxtc\"\n                    }\n                  ]\n                }\n              ]\n            },\n            {\n              \"or\": [\n                \"ZEX80\",\n                \"HIDxY\",\n                \"FW1N\",\n                {\n                  \"and\": []\n                }\n              ]\n            },\n            \"WKR3242E\",\n            \"YAE98\"\n          ]\n        },\n        {\n          \"or\": []\n        },\n        {\n          \"or\": []\n        }\n      ],\n      \"satisfy\": {\n        \"mc\": \"<=193\"\n      },\n      \"url\": \"http://ae8fjry1pur11p82.twl\"\n    }\n  },\n  {\n    \"title\": \"block sample 2\",\n    \"value\": {\n      \"name\": \"\\\"gT\\\"CogD`T\",\n      \"ay\": 2029,\n      \"assign\": [\n        \"l\",\n        \"!H\",\n        \"\",\n        \"ay\"\n      ],\n      \"match\": {\n        \"pattern\": \"CF3F\",\n        \"exclude\": \"OHH205\"\n      },\n      \"url\": \"https://t8-51a6hf8-6ofi0mmd2bctdpg09.3pjyvmamtxc7361i9qfb9i09a44j4pr22wrlhy87m8k6enwobr.gylebg/tp+_e_Yfd/@\",\n      \"info\": \"Wu72zi\\\"\",\n      \"?|D*&$_+~p\": {\n        \"ay\": 1983,\n        \"assign\": [\n          \"ng\\\"\"\n        ],\n        \"match\": [\n          {\n            \"pattern\": \"SV0420\",\n            \"exclude\": [\n              \"MY066L\",\n              \"GRI*2\"\n            ],\n            \"info\": \"~$2FN\"\n          },\n          {\n            \"pattern\": \"ZR6xB\",\n            \"exclude\": \"TT*5\",\n            \"info\": \"0\"\n          }\n        ],\n        \"url\": \"http://bzgg1ia9yoq83cr4zcucqh3.l.bk8b7ht09-2wzxq1m6lw6.ib2d62t9b-p3s4wdr90gdptfcd3srlavtmfd2c8dvkk1j3.j.otkhyexc/Tm8K/03:V/U\",\n        \"info\": \"n%!\",\n        \"Y\": {\n          \"name\": \":Rui5~0-\",\n          \"ay\": 2014,\n          \"assign\": [\n            \"maBwH\",\n            \"QVxvk>\",\n            \"L]-Yn\",\n            \"N=<%_\",\n            \"{uk':9(aGi\"\n          ],\n          \"match\": {\n            \"or\": [\n              {\n                \"or\": [\n                  \"VSQ151\",\n                  {\n                    \"and\": []\n                  }\n                ]\n              },\n              \"JY028M\"\n            ]\n          },\n          \"satisfy\": {\n            \"mc\": \">=163\"\n          },\n          \"url\": \"https://j-acb0b7cepd87dbeb706cuscs62md69ydfthw.9dimp1q48r7uuj8h.567t6fs.qbqzxrmzl/,%F4%8F%BF%B2W%F2%97%9A%9FNO/Ul~/c_gI,%F4%8F%BF%B4=/adS/2th/dNxT/a%F0%98%95%86u/FJ*VG_/aVN\",\n          \"info\": \"^urvDU[BVh\",\n          \"\": {\n            \"name\": \"2\",\n            \"assign\": [\n              \"L:u\",\n              \"p$v\",\n              \"%\"\n            ],\n            \"satisfy\": {\n              \"and\": []\n            },\n            \"info\": \"arhW<\"\n          },\n          \"M\": {\n            \"name\": \"pGyJ@A~\",\n            \"ay\": 2023,\n            \"assign\": \"\",\n            \"match\": {\n              \"and\": [\n                {\n                  \"and\": [\n                    \"AZI748*G\",\n                    \"UFD43U\"\n                  ]\n                }\n              ]\n            },\n            \"satisfy\": [\n              {\n                \"and\": [\n                  {\n                    \"or\": []\n                  }\n                ]\n              },\n              {\n                \"or\": [\n                  {\n                    \"or\": []\n                  },\n                  {\n                    \"or\": [\n                      \"\",\n                      \"O/9zjCyk\",\n                      {\n                        \"or\": [\n                          {\n                            \"mc\": \"<=78\"\n                          },\n                          {\n                            \"or\": [\n                              \",[ey\\\\sO\",\n                              {\n                                \"mc\": \">=169\"\n                              },\n                              \"2?e37\"\n                            ]\n                          },\n                          \"K\",\n                          \"&TU\",\n                          {\n                            \"mc\": \">=59\"\n                          }\n                        ]\n                      },\n                      \"v^]Hdp\",\n                      {\n                        \"mc\": \">=138\"\n                      }\n                    ]\n                  },\n                  \"%&sM\",\n                  \"J[:~\",\n                  \"\"\n                ]\n              }\n            ],\n            \"url\": \"https://059-ov282o-p3wuyadwxx.s1unhqg4t4zp6jk3agn7v2w3mw00ubm-u1rjw51ttok9a31vmxey3a3uw3y-7.fpquyytig/2UJ/2:'@B/%F3%9E%A4%85%F1%8E%B8%89%F3%90%9F%98%F3%9C%87%896adKU/%F0%A2%9A%987l\",\n            \"info\": \"NH=e9}\"\n          }\n        },\n        \"#'~\": {\n          \"ay\": 1951,\n          \"assign\": \"!N\",\n          \"match\": [],\n          \"satisfy\": [\n            {\n              \"mc\": \">=85\"\n            },\n            {\n              \"or\": []\n            },\n            {\n              \"or\": [\n                {\n                  \"and\": [\n                    \"[jZ\",\n                    \"5ir)\"\n                  ]\n                },\n                {\n                  \"mc\": \">=41\"\n                },\n                {\n                  \"mc\": \">=51\"\n                },\n                {\n                  \"mc\": \"<=176\"\n                }\n              ]\n            },\n            {\n              \"or\": [\n                {\n                  \"or\": [\n                    \"^y(B\",\n                    {\n                      \"or\": [\n                        \"9IZ\",\n                        \"g`- z*Rk@g\"\n                      ]\n                    }\n                  ]\n                },\n                {\n                  \"mc\": \"<=151\"\n                }\n              ]\n            }\n          ],\n          \"url\": \"https://v.4oc9cc-lzdy5wm2i891xmdzz6c0i12h7er.fwy4i248j82piie9jgcroh5f9v7gy9cojnbqpd4my2crwzj.yye70q9.watbr9pl9t0l.cnzdrunmdk/3-51Fq_\",\n          \"info\": \"X?xT|$_6\",\n          \"Z>UPhIb\": {\n            \"name\": \"iG5UR*;EYz\",\n            \"ay\": 1976,\n            \"satisfy\": {\n              \"or\": [\n                {\n                  \"or\": [\n                    {\n                      \"and\": [\n                        {\n                          \"or\": [\n                            \"]c,D~\"\n                          ]\n                        }\n                      ]\n                    }\n                  ]\n                }\n              ]\n            },\n            \"url\": \"http://7.9-4lrp9pq5tzdfdfahjrr4byu.nrwhfayv01l9el7ekowqryv7unglvkjqbvw4p5pkpzxvhi0jrdjnol.gojrfro-nh0o6hn8wqjuwucv2mua5tipg686in61.oyzbf9v-vk-y-4ju-hyw9i-ena4h.rvpp/%F2%AD%8B%92-c%F0%95%9C%BCe~%F0%98%A1%8C%F2%94%A4%BB-e/-%F3%94%B6%8F1B;Y/d\",\n            \"info\": \"\"\n          },\n          \"Hg\": {\n            \"name\": \"|.L9hFB$`x\",\n            \"assign\": [\n              \"|\",\n              \"MU\",\n              \"D~iR)uK\"\n            ],\n            \"match\": {\n              \"or\": [\n                {\n                  \"and\": [\n                    \"LEx89G\",\n                    \"RIxY\",\n                    \"HZK5283Q\",\n                    {\n                      \"or\": [\n                        \"AX2J\",\n                        {\n                          \"and\": [\n                            {\n                              \"or\": [\n                                \"SDG*xJ\",\n                                \"MEX56\",\n                                \"FR54\"\n                              ]\n                            },\n                            \"VJ5x*\",\n                            {\n                              \"or\": [\n                                \"EL584*\",\n                                \"FG0x4F\",\n                                \"XFY94x\",\n                                \"NRP2\",\n                                \"CFY65\"\n                              ]\n                            },\n                            \"FNV80\"\n                          ]\n                        },\n                        \"KMX0\",\n                        {\n                          \"and\": [\n                            \"FZ18\",\n                            {\n                              \"pattern\": \"AU86\",\n                              \"exclude\": \"FM3\"\n                            }\n                          ]\n                        }\n                      ]\n                    },\n                    \"BIU514I\"\n                  ]\n                },\n                {\n                  \"or\": [\n                    \"HBO077\",\n                    \"OL162A\",\n                    {\n                      \"pattern\": \"LZX7U\",\n                      \"info\": \"$^pD?j)\"\n                    }\n                  ]\n                },\n                {\n                  \"pattern\": \"TX3\",\n                  \"exclude\": [],\n                  \"info\": \"Bz]\"\n                }\n              ]\n            },\n            \"satisfy\": {\n              \"and\": []\n            },\n            \"url\": \"http://l6d6hq1lqnvdb98bva2scvxjp.up0.06l0ov5zeyx4362cbojculxyiyztis5j.ufh4v9t-u1stezcz0p9wtpjbtozz4ixq7jnin7tsz.t.nnjnnf/%F0%BB%B2%B2/.a-@/4B+z/Q%F0%AB%A7%97YIUwg/%F0%A2%B5%93/d%F1%BD%AE%9Ey%F2%8B%84%AE\",\n            \"info\": \"Mmwfx@4iH\\\\\"\n          }\n        }\n      },\n      \"! \\\"%\": {\n        \"name\": \"U?APjkmp)\",\n        \"ay\": 1956,\n        \"assign\": [\n          \"A0&K\",\n          \"TpNfNT\"\n        ],\n        \"match\": [\n          {\n            \"and\": [\n              {\n                \"and\": []\n              },\n              {\n                \"pattern\": \"UFW7920W\"\n              },\n              \"OZ876A\"\n            ]\n          },\n          {\n            \"or\": [\n              {\n                \"pattern\": \"VT82\",\n                \"exclude\": [\n                  \"LVHx*x\",\n                  \"SYQx238R\",\n                  \"VTL6007\",\n                  \"UT0I\",\n                  \"QIT09*5\"\n                ],\n                \"info\": \")~`!o\\\\\"\n              },\n              {\n                \"pattern\": \"IV61\",\n                \"exclude\": \"ZI2B\",\n                \"info\": \")Do3EP\"\n              },\n              {\n                \"or\": [\n                  {\n                    \"and\": [\n                      \"WZH*9x0\",\n                      \"RGL31P\",\n                      {\n                        \"and\": [\n                          \"KQ7\",\n                          \"GU4823T\"\n                        ]\n                      }\n                    ]\n                  },\n                  {\n                    \"pattern\": \"PW49x\",\n                    \"exclude\": [\n                      \"EWG0\",\n                      \"HN2K\",\n                      \"JFD60\"\n                    ],\n                    \"info\": \"@\"\n                  }\n                ]\n              },\n              {\n                \"and\": [\n                  {\n                    \"or\": [\n                      \"SH0195\",\n                      \"RXD2\",\n                      \"ZFV54x4\",\n                      {\n                        \"and\": []\n                      }\n                    ]\n                  },\n                  {\n                    \"pattern\": \"PPN7x5*C\",\n                    \"info\": \"R*\"\n                  },\n                  \"PW0O\"\n                ]\n              },\n              {\n                \"or\": [\n                  \"YKF36\",\n                  \"QK*7\",\n                  \"FDS78B\",\n                  \"SOW85\"\n                ]\n              }\n            ]\n          },\n          {\n            \"or\": []\n          }\n        ],\n        \"satisfy\": [\n          \"<\\\"hl~6\",\n          {\n            \"mc\": \"<=96\"\n          }\n        ],\n        \"url\": \"https://gdmnsquda41962s62jjpg7s6b2pf036miqzyqjpjq4p.sppqhvdwl/pff@qH+/dZw/Q:,/U=/.RV'89g\",\n        \"rG&QDRTXB\": {\n          \"name\": \">K\",\n          \"ay\": 1981,\n          \"assign\": [\n            \"2ttt->=,U_\",\n            \"> BU< ^\"\n          ],\n          \"match\": {\n            \"and\": [\n              {\n                \"and\": [\n                  {\n                    \"pattern\": \"NVK11**\",\n                    \"exclude\": \"JE3841O\",\n                    \"info\": \"e\"\n                  }\n                ]\n              }\n            ]\n          },\n          \"satisfy\": \"-.,\",\n          \"url\": \"http://23cnlju4.lghs6oao8yevte7bit94cuxpzaz2w6p11.ikynhsm/,-m8e1/vX4s%F3%98%A1%84ktW%F3%85%9C%B5D/@GhFC:14/N@'%F3%A7%9C%9F@M:id/ge+a=d6.%F3%8D%8E%95T//;P%F3%B3%AA%9F30I%F3%B4%94%AA/n%F3%A7%9E%A5%F3%A6%86%8Fl+s\",\n          \"info\": \"H%\"\n        },\n        \"g\": {\n          \"name\": \"lWq'Drl\",\n          \"ay\": 2020,\n          \"assign\": [\n            \"\",\n            \"z\",\n            \"MKtf\"\n          ],\n          \"match\": {\n            \"or\": [\n              {\n                \"and\": []\n              },\n              {\n                \"and\": [\n                  {\n                    \"or\": [\n                      \"WJ23x6X\"\n                    ]\n                  },\n                  \"QN*x\",\n                  {\n                    \"and\": [\n                      {\n                        \"or\": [\n                          \"EH9*72W\",\n                          \"PQE9\",\n                          \"URY03\",\n                          \"GS408xG\",\n                          \"VN738Y\"\n                        ]\n                      },\n                      {\n                        \"and\": [\n                          \"MWD94x6N\",\n                          \"IN558F\"\n                        ]\n                      },\n                      {\n                        \"pattern\": \"QHY7166Z\",\n                        \"info\": \"a=\"\n                      },\n                      \"MB67x\"\n                    ]\n                  },\n                  {\n                    \"pattern\": \"WG6N\"\n                  }\n                ]\n              },\n              {\n                \"and\": [\n                  \"IO65*B\",\n                  {\n                    \"pattern\": \"VXS5998V\",\n                    \"info\": \"gbcib8%\"\n                  }\n                ]\n              }\n            ]\n          },\n          \"satisfy\": [],\n          \"url\": \"https://2y7.n1ofnzosy99tonsmdismb4eljk9a4p025my4t0ih-h6hlus40jg.cc9wii5g4uq-bruilw3d4bll5vwwp9c96kvvp0gxavm3v12hfrr-hq8.sk11lfv5uitjr8.kppg1hheikr5yrz2982it35cfdklf-6t9b5.mpmw/6ymFuRB/5W%F2%AA%B0%97/TD&RI/ACd/\",\n          \"info\": \"\"\n        },\n        \"jcWt8M\": {\n          \"name\": \"m*\",\n          \"ay\": 1977,\n          \"assign\": \"?maj/\",\n          \"match\": [\n            \"HNA3604\",\n            {\n              \"and\": [\n                {\n                  \"and\": [\n                    \"WIN7L\",\n                    {\n                      \"and\": [\n                        \"EU1179T\",\n                        {\n                          \"and\": [\n                            \"GKM43\",\n                            \"BNM6U\",\n                            \"MR096*Y\",\n                            \"WWY9\",\n                            \"BKx\"\n                          ]\n                        },\n                        {\n                          \"and\": []\n                        },\n                        {\n                          \"pattern\": \"MTZ05*4T\",\n                          \"exclude\": \"WGI5P\"\n                        }\n                      ]\n                    },\n                    {\n                      \"pattern\": \"DK8E\",\n                      \"exclude\": [\n                        \"GJ274R\",\n                        \"UK*890E\"\n                      ],\n                      \"info\": \"!YZ8mh1?wg\"\n                    },\n                    \"VI9\"\n                  ]\n                },\n                {\n                  \"or\": [\n                    {\n                      \"pattern\": \"IQ5A\",\n                      \"info\": \"_T]M`\"\n                    },\n                    \"PX*37H\",\n                    {\n                      \"or\": [\n                        \"FB07xB\"\n                      ]\n                    },\n                    \"QFH6x\"\n                  ]\n                }\n              ]\n            },\n            {\n              \"pattern\": \"DH5\",\n              \"info\": \"Sj\"\n            }\n          ],\n          \"satisfy\": [],\n          \"url\": \"http://tjytyjfzfhx4pom752fq1.vce0p5uccdzl-9r0w5e8kjh.9t1mhb653pf7bd604i8xwj-rigzkg9bac.bxcohucgs/son//)/exAD+oj/\",\n          \"info\": \"y\"\n        },\n        \"guQ=\": {\n          \"name\": \"YSi0DAY\",\n          \"ay\": 1957,\n          \"assign\": [],\n          \"match\": [\n            \"OI89*9Y\",\n            {\n              \"pattern\": \"AOX1\",\n              \"exclude\": \"GS3\"\n            },\n            {\n              \"or\": [\n                {\n                  \"or\": []\n                }\n              ]\n            },\n            \"PM40E\"\n          ],\n          \"satisfy\": [\n            \"<eb3\\\"\",\n            {\n              \"mc\": \"<=46\"\n            },\n            \"}cLxN?\",\n            \"=5Y!+\",\n            \"M+y|ac\"\n          ],\n          \"url\": \"https://4ak54q-bisjn94a5nqdinmpzvi5pxf5dyomwv4ti4iqay2tp.c.bibdgsr/ZT%F1%AE%90%9E;5u;Ea/OOF%F2%90%B3%A9\",\n          \"info\": \"^s#|,ZR\"\n        }\n      }\n    }\n  },\n  {\n    \"title\": \"block sample 3\",\n    \"value\": {\n      \"name\": \" ,xxwz&!\",\n      \"ay\": 1957,\n      \"assign\": [],\n      \"satisfy\": [\n        {\n          \"and\": [\n            \"4|7-]\",\n            {\n              \"and\": [\n                {\n                  \"mc\": \"<=82\"\n                }\n              ]\n            }\n          ]\n        },\n        \"fc5O;!vF\",\n        {\n          \"or\": [\n            \"%X|\"\n          ]\n        },\n        \"B5L\",\n        {\n          \"mc\": \">=96\"\n        }\n      ],\n      \"url\": \"https://s40vzqutvl6h7z58uup3e2o09.h53s28-4pdmfqxgu3gkkq06v.9op21qmnc8cgz3erzm6833uwgkczfdhc6x5hklw0d7ll6p.tuil18s3jg54gpw8p.d8-ojnwwwtjpubimcort3low75xtase10n043l4-kvn8w3u5xezemubgpsubb7a.thkcbmv/az+/MU;q/$dtI&D=b~/AR//u*b~En%F3%BE%93%9B=+H/,@%E5%A9%9A%F2%AF%96%8C59/VoR&\",\n      \"info\": \"S$\\\"t&v\"\n    }\n  },\n  {\n    \"title\": \"block sample 4\",\n    \"value\": {\n      \"name\": \"y\\\"\",\n      \"ay\": 1950,\n      \"assign\": \"Y/X+EXJsl{\",\n      \"match\": [],\n      \"satisfy\": \"4\",\n      \"url\": \"https://dvhxyht5e-hvlk7ziwbchth5as4c-wylmzs0h.fqzuo0k4emv8i7jwatqxh49zi2536mz4e1t3lihdyiy.ibcb/m2:o%F3%93%A7%8F:(5ug\",\n      \"info\": \"q!G&M&$pl \",\n      \"D@[%\\\"~#; \": {\n        \"ay\": 1968,\n        \"assign\": [\n          \"3Fs\",\n          \"OmgkF4{\",\n          \"OW-S2JY1\",\n          \"S\"\n        ],\n        \"match\": {\n          \"pattern\": \"VRJ1\",\n          \"exclude\": \"GE74\",\n          \"info\": \"^q#x11.a?[\"\n        },\n        \"satisfy\": [\n          {\n            \"mc\": \">=123\"\n          },\n          {\n            \"or\": []\n          }\n        ],\n        \"url\": \"https://ebs6sydjyqzl2cl1i7-sik-b6j41u9odqy4214f.ax278wu4hncotvswlyp2p0bv4vku33v5qu3wa0in8htr.phkiz/9I/;%F1%B3%9D%81Rg'ef2/\",\n        \"info\": \"$\\\"\",\n        \"}>\": {\n          \"11\": {\n            \"name\": \"$\",\n            \"ay\": 2013,\n            \"assign\": \"K-Z+tgc\",\n            \"satisfy\": {\n              \"or\": [\n                {\n                  \"and\": [\n                    {\n                      \"mc\": \"<=127\"\n                    },\n                    {\n                      \"mc\": \"<=23\"\n                    },\n                    {\n                      \"mc\": \">=196\"\n                    },\n                    \"b\",\n                    {\n                      \"or\": [\n                        \"u[=VTFc%)\",\n                        {\n                          \"and\": []\n                        }\n                      ]\n                    }\n                  ]\n                },\n                {\n                  \"or\": [\n                    {\n                      \"and\": [\n                        {\n                          \"and\": [\n                            \"b6k:y\"\n                          ]\n                        },\n                        \"d4>M&/\\\"8i|\",\n                        \"SbBa\",\n                        \"`\"\n                      ]\n                    },\n                    \"d^E\",\n                    \"sxZ*KUH\",\n                    \"CU'sZt/zv\",\n                    \"%#Bm_\\\"f\"\n                  ]\n                }\n              ]\n            },\n            \"url\": \"http://a14.hz/t%F1%9E%92%B03suwl/G0%F2%A8%BF%BDO%F1%B8%9C%BAqa~\",\n            \"info\": \"yYA^~G\"\n          },\n          \"ay\": 2027,\n          \"assign\": [],\n          \"match\": [\n            {\n              \"or\": [\n                \"CRxW\",\n                {\n                  \"or\": [\n                    \"GLQ3H\",\n                    \"ZM113X\",\n                    {\n                      \"and\": [\n                        \"RC0991L\",\n                        {\n                          \"pattern\": \"VD*\",\n                          \"info\": \"s<!''[U\"\n                        },\n                        {\n                          \"pattern\": \"KF12*4O\",\n                          \"info\": \"Q\\\"{+\"\n                        },\n                        \"IEQ61U\"\n                      ]\n                    }\n                  ]\n                },\n                \"ANAx015\",\n                {\n                  \"and\": []\n                },\n                {\n                  \"or\": [\n                    \"IX3xR\"\n                  ]\n                }\n              ]\n            },\n            {\n              \"pattern\": \"XJ140H\",\n              \"exclude\": [\n                \"AZN22P\",\n                \"QL8\",\n                \"NO253\",\n                \"OL5*4\",\n                \"RQ8\"\n              ],\n              \"info\": \"]<K>.f\"\n            }\n          ],\n          \"url\": \"https://q.ssupaj/&'3tI@/K=TS/p6=!_~0/pDi@&/Wiq&%F4%84%A7%BBK'rbk/aCW,75p88i\",\n          \"info\": \"[H\\\"\",\n          \"]wQvRJ\": {\n            \"name\": \"\",\n            \"ay\": 1995,\n            \"assign\": \"U3ED]u}NQ\",\n            \"match\": [\n              {\n                \"and\": [\n                  {\n                    \"pattern\": \"VIMx13xL\",\n                    \"exclude\": \"IHx\",\n                    \"info\": \"\"\n                  },\n                  {\n                    \"and\": [\n                      {\n                        \"and\": [\n                          \"CRS19R\",\n                          \"SP6534D\",\n                          \"PQ5x2F\"\n                        ]\n                      }\n                    ]\n                  },\n                  \"RGI82\",\n                  \"FW938\",\n                  {\n                    \"pattern\": \"WO2\",\n                    \"exclude\": \"ST5*1\",\n                    \"info\": \"KS/GQ7\"\n                  }\n                ]\n              },\n              \"ZHU0H\",\n              \"QOL0R\"\n            ],\n            \"satisfy\": {\n              \"mc\": \">=148\"\n            },\n            \"url\": \"https://cvz3llccg.yrebpygs/H*lf=S\",\n            \"info\": \":r=9w\"\n          }\n        }\n      }\n    }\n  },\n  {\n    \"title\": \"block sample 5\",\n    \"value\": {\n      \"ay\": 1956,\n      \"assign\": [\n        \"E)mys~L9\",\n        \"5?K0w\"\n      ],\n      \"match\": [\n        {\n          \"and\": [\n            {\n              \"pattern\": \"QS453\",\n              \"exclude\": \"YIW7\",\n              \"info\": \"=\\\"9$/!n,\"\n            },\n            \"ZAP88x\",\n            {\n              \"pattern\": \"JA45\",\n              \"exclude\": \"LT*6x8\",\n              \"info\": \"~!!?\"\n            }\n          ]\n        },\n        {\n          \"and\": [\n            {\n              \"or\": [\n                {\n                  \"pattern\": \"XARx04\",\n                  \"exclude\": \"UMY588\",\n                  \"info\": \"\"\n                }\n              ]\n            },\n            {\n              \"or\": []\n            },\n            {\n              \"and\": []\n            },\n            {\n              \"or\": [\n                {\n                  \"pattern\": \"AA209T\",\n                  \"exclude\": [\n                    \"SQ2x\",\n                    \"GS8xJ\",\n                    \"LO5*\",\n                    \"GUJ4570R\",\n                    \"GUWx96X\"\n                  ]\n                },\n                {\n                  \"and\": [\n                    {\n                      \"or\": [\n                        \"HFO2654Y\"\n                      ]\n                    },\n                    \"IAF*2Q\",\n                    \"IO*x\",\n                    \"LDR*\"\n                  ]\n                },\n                {\n                  \"or\": [\n                    \"TGA4103\",\n                    {\n                      \"and\": [\n                        \"XVT4102G\",\n                        \"XOX71\",\n                        \"GRF9*2\",\n                        \"YSY27x1W\",\n                        {\n                          \"pattern\": \"HP8\",\n                          \"exclude\": \"YW0xR\"\n                        }\n                      ]\n                    },\n                    \"WFS840\",\n                    \"NMS23W\",\n                    {\n                      \"or\": [\n                        \"ZPA0\"\n                      ]\n                    }\n                  ]\n                },\n                \"VKT05\",\n                {\n                  \"pattern\": \"DEP*6P\",\n                  \"exclude\": [\n                    \"EG9*G\",\n                    \"WX46U\"\n                  ]\n                }\n              ]\n            }\n          ]\n        },\n        {\n          \"or\": [\n            {\n              \"or\": [\n                \"UN9\",\n                {\n                  \"and\": [\n                    {\n                      \"pattern\": \"TDK2872\",\n                      \"exclude\": [\n                        \"II66\",\n                        \"AI4V\",\n                        \"OK149Q\",\n                        \"NN59C\"\n                      ]\n                    }\n                  ]\n                },\n                {\n                  \"pattern\": \"EE9\",\n                  \"exclude\": [\n                    \"VTU1408\",\n                    \"HLVx75\"\n                  ],\n                  \"info\": \"\"\n                }\n              ]\n            },\n            {\n              \"and\": [\n                \"ZXL692\",\n                {\n                  \"pattern\": \"VZ1867L\",\n                  \"info\": \"qH4(SOr^\"\n                },\n                \"XVBx*H\",\n                {\n                  \"and\": [\n                    {\n                      \"and\": []\n                    },\n                    \"CLW917O\",\n                    {\n                      \"and\": []\n                    },\n                    \"CT61\"\n                  ]\n                }\n              ]\n            }\n          ]\n        },\n        {\n          \"pattern\": \"PX269G\",\n          \"exclude\": [\n            \"NI2\"\n          ],\n          \"info\": \"-h_UB\"\n        }\n      ],\n      \"satisfy\": [\n        {\n          \"mc\": \">=159\"\n        },\n        \"|Rs6pd^ulW\",\n        \"U?t\",\n        {\n          \"or\": [\n            \"dBk!\"\n          ]\n        }\n      ],\n      \"url\": \"http://9ve65e36282nahvhjf3t4q93gl-0qf5bkv8p-kqgbx.8uesg-f55ddabdf8c6ddc5dh38wn.y5hc.ww/6/9\",\n      \"info\": \"s>mLd\"\n    }\n  },\n  {\n    \"title\": \"block sample 6\",\n    \"value\": {\n      \"name\": \"\\\\y&B\",\n      \"ay\": 1956,\n      \"assign\": \"S2\\\"\",\n      \"match\": [\n        {\n          \"or\": []\n        },\n        {\n          \"pattern\": \"AFx\",\n          \"exclude\": [\n            \"MGN82\",\n            \"HJY48C\",\n            \"BZM2189X\"\n          ],\n          \"info\": \"8\\\"UEu*\"\n        },\n        \"BXJ116x\"\n      ],\n      \"satisfy\": [\n        \"B-_q\"\n      ],\n      \"url\": \"https://2vjwmmbbl7v4zae9rzdaou6m6.e7m7af.du//Al%F3%B8%9C%B0T%F3%B7%B8%BC/;d_!WYemv/-nfg0f/offb*jFqf:/A&HsdsURR/z2ZG/hP\",\n      \"info\": \"F#+X0iJ\",\n      \"\": {\n        \"name\": \"K+%E#/n!/\",\n        \"assign\": \"D\",\n        \"match\": [\n          {\n            \"and\": []\n          },\n          {\n            \"and\": []\n          },\n          {\n            \"or\": []\n          }\n        ],\n        \"url\": \"https://x-5m-6a4dsopxfka3tzg02bxuh1keuy-p71y827d4ga32-5sm8mt.tx4uthl0ikq4py04mlp4ph3m7uv-0vtb1xmh99yyb79.afma/-=g/mv!SQe$NwN\",\n        \"info\": \".5DY?|bP\",\n        \"lL=w:`lCQQ\": {\n          \"name\": \"^>qT=Q(\",\n          \"ay\": 1976,\n          \"assign\": [\n            \"S^vP-?cW!i\",\n            \"A0fZAb\",\n            \"izdF\",\n            \"!loYmO\"\n          ],\n          \"match\": [\n            \"ORQ03x6B\",\n            {\n              \"or\": [\n                {\n                  \"and\": [\n                    {\n                      \"or\": [\n                        {\n                          \"and\": [\n                            \"RII4752\",\n                            \"MR9Q\",\n                            {\n                              \"or\": [\n                                \"KQ669D\",\n                                \"WE3A\",\n                                \"CG8356J\"\n                              ]\n                            },\n                            \"AAP6\",\n                            \"RWP78x\"\n                          ]\n                        }\n                      ]\n                    },\n                    \"NZH4M\",\n                    \"HWW69*\"\n                  ]\n                },\n                {\n                  \"and\": [\n                    \"ZV167\",\n                    \"LZ3\"\n                  ]\n                }\n              ]\n            },\n            {\n              \"or\": []\n            },\n            {\n              \"pattern\": \"YHG39F\",\n              \"exclude\": \"TDQ56\"\n            }\n          ],\n          \"satisfy\": [\n            {\n              \"or\": [\n                {\n                  \"and\": [\n                    \"\"\n                  ]\n                }\n              ]\n            },\n            {\n              \"or\": [\n                {\n                  \"and\": [\n                    {\n                      \"or\": [\n                        {\n                          \"or\": [\n                            \"m\\\\30@*r/K\",\n                            \"I'KRVZ\"\n                          ]\n                        },\n                        \"vfn$\"\n                      ]\n                    },\n                    {\n                      \"mc\": \"<=159\"\n                    },\n                    \"z4\",\n                    \"%*@<\",\n                    \"|\"\n                  ]\n                }\n              ]\n            }\n          ],\n          \"url\": \"https://dnfby9u2vj7s6wrdf4i53s08hpnk9br.esdjptowp4d1ltcs6gv4dalpwqjerukabuwyja0-h.j.pky27fw9zruzkymuwgnlmd1.iqafotdok/4jx.c&3r/R!/3%F4%8F%97%99CduD,l/@K4J/mnxkTR(.5\",\n          \"info\": \"N1\",\n          \"8N{VZv6E?G\": {\n            \"name\": \"adGL\",\n            \"ay\": 2012,\n            \"assign\": \"7E3~-Z~\",\n            \"match\": {\n              \"pattern\": \"VTT83xJ\",\n              \"exclude\": [\n                \"OKL4\",\n                \"NEH424I\"\n              ]\n            },\n            \"satisfy\": {\n              \"and\": [\n                {\n                  \"mc\": \"<=84\"\n                },\n                {\n                  \"mc\": \">=91\"\n                },\n                {\n                  \"and\": [\n                    {\n                      \"mc\": \">=137\"\n                    },\n                    \"C7`T\",\n                    \"9E?yh[k28c\",\n                    \"eHS\",\n                    \"BT;${\"\n                  ]\n                }\n              ]\n            },\n            \"url\": \"http://ikojpgzwhfo6t4v3.1mmcicl37fs16m6q8.lk-zl2x1zk4alm0t3sj9pn-ag1d39x964vphsatqwrqb.lx9g5zsu0xmm4bfgf6dq8hx63zhy54-mhup93k1j0dtz.khmhzybnz9gk7o0ptcbgf59nrd.aglggs/Ec.I!4Q/SU/Z/_/yPl0T/r)AA/wY6~2u'X~/O7/\"\n          },\n          \"y|j\": {\n            \"name\": \",.0J\",\n            \"ay\": 2028,\n            \"assign\": [\n              \"@\",\n              \"6V\",\n              \"G[sGli*?\"\n            ],\n            \"match\": [\n              {\n                \"and\": [\n                  {\n                    \"pattern\": \"JUS98*2R\",\n                    \"exclude\": [\n                      \"HNX5\",\n                      \"NZ89\",\n                      \"DK2P\",\n                      \"FY6052H\",\n                      \"IQ53\"\n                    ],\n                    \"info\": \"dURiU?}\"\n                  },\n                  {\n                    \"or\": [\n                      {\n                        \"or\": [\n                          \"QQ1*0*\"\n                        ]\n                      },\n                      {\n                        \"pattern\": \"QE6258P\",\n                        \"exclude\": [\n                          \"RGY10T\",\n                          \"VG4712Y\",\n                          \"TO0835\"\n                        ],\n                        \"info\": \"qMD2e\"\n                      },\n                      \"CE7*2*\",\n                      {\n                        \"or\": [\n                          \"ANM6xT\",\n                          {\n                            \"or\": [\n                              \"BYZ567C\"\n                            ]\n                          },\n                          \"BYY4\",\n                          \"IN59\",\n                          {\n                            \"pattern\": \"QDK1*4xT\",\n                            \"exclude\": [\n                              \"RXS92x2F\",\n                              \"CPM8\",\n                              \"KI3176X\",\n                              \"LOY956Y\",\n                              \"XYW*239\"\n                            ],\n                            \"info\": \"v$R|\"\n                          }\n                        ]\n                      },\n                      {\n                        \"or\": [\n                          {\n                            \"and\": [\n                              \"SK02K\",\n                              \"UN4014\"\n                            ]\n                          },\n                          \"JU60H\",\n                          {\n                            \"pattern\": \"QP5\",\n                            \"exclude\": \"TVL46D\"\n                          }\n                        ]\n                      }\n                    ]\n                  }\n                ]\n              },\n              {\n                \"pattern\": \"NKQ89\",\n                \"exclude\": [\n                  \"AL4645P\"\n                ],\n                \"info\": \"/x/c\"\n              }\n            ],\n            \"satisfy\": \"# MbY\",\n            \"url\": \"http://3fve9ypj7zgohdoylx9xw8xyha0wv5b4gp-c4r697mhhbl7-v4zsnl.ou34m52k4kjicmvhstg2fhiybw3n4jfkuhuht0agx4ba4.fhzejhqzio/%F2%BB%BA%AAU/8'%F2%A1%B0%A12rU*r-/I%F0%AB%9C%BAKP,a.)/jO,O/mgL2BC\",\n            \"info\": \"i'{q.$F7P\"\n          },\n          \"meqV\": {\n            \"name\": \"dR0!;-JLt\",\n            \"ay\": 2018,\n            \"assign\": \"Y6@/@H:i\",\n            \"satisfy\": {\n              \"mc\": \">=83\"\n            },\n            \"info\": \"\"\n          },\n          \"6_\": {\n            \"name\": \"$Os+?\",\n            \"ay\": 2009,\n            \"assign\": \"7/.\",\n            \"match\": [\n              \"DE0\",\n              \"TEC*363X\",\n              {\n                \"pattern\": \"RB6\",\n                \"exclude\": \"WZ56\",\n                \"info\": \"d<s\"\n              },\n              {\n                \"or\": [\n                  \"DED5Y\",\n                  {\n                    \"or\": [\n                      \"BC3220N\",\n                      {\n                        \"or\": [\n                          \"VAL*0\",\n                          \"IDx19P\"\n                        ]\n                      }\n                    ]\n                  },\n                  {\n                    \"pattern\": \"MF8\",\n                    \"exclude\": \"BDG1W\",\n                    \"info\": \"C%cL:_:\\\\r\"\n                  },\n                  {\n                    \"and\": [\n                      {\n                        \"and\": []\n                      },\n                      {\n                        \"and\": []\n                      },\n                      \"SB19\"\n                    ]\n                  }\n                ]\n              },\n              {\n                \"pattern\": \"QTA49*0O\",\n                \"exclude\": [\n                  \"XA561\",\n                  \"PS34\",\n                  \"TY6\"\n                ],\n                \"info\": \"\"\n              }\n            ],\n            \"url\": \"http://4sy0sg61nv8ij2-ycvr-zb3birg51a-11y8ubp3sg6ed4p-zsc141fvpzozzpx.f7vf5kq.oqflhclp1x142.be\",\n            \"info\": \":Jx>#\",\n            \"_(*cJ\\\"]g\": {\n              \"name\": \"=e\",\n              \"ay\": 1964,\n              \"assign\": \"*\",\n              \"match\": {\n                \"pattern\": \"TH5F\",\n                \"exclude\": [\n                  \"KZ8\",\n                  \"SUF7x\",\n                  \"ZUV58x3\",\n                  \"AR0102\"\n                ],\n                \"info\": \"\\\"Rc>S\"\n              },\n              \"satisfy\": [\n                {\n                  \"mc\": \"<=89\"\n                },\n                {\n                  \"and\": [\n                    {\n                      \"and\": [\n                        {\n                          \"mc\": \"<=63\"\n                        }\n                      ]\n                    },\n                    \"B\",\n                    {\n                      \"and\": [\n                        {\n                          \"or\": [\n                            \"@Ih \"\n                          ]\n                        }\n                      ]\n                    },\n                    {\n                      \"mc\": \">=185\"\n                    },\n                    {\n                      \"and\": [\n                        {\n                          \"and\": [\n                            \"5\",\n                            {\n                              \"or\": []\n                            },\n                            {\n                              \"mc\": \"<=55\"\n                            },\n                            \"RIT.<aYI+\"\n                          ]\n                        },\n                        \"&$}\"\n                      ]\n                    }\n                  ]\n                },\n                {\n                  \"or\": [\n                    {\n                      \"and\": [\n                        {\n                          \"or\": []\n                        }\n                      ]\n                    }\n                  ]\n                },\n                {\n                  \"mc\": \"<=36\"\n                }\n              ],\n              \"url\": \"http://z.vypiritxqp/c/y05t9%F1%A8%BB%97/\",\n              \"info\": \"t3y\"\n            },\n            \"du=ixu[\": {\n              \"name\": \"_[qH/@\",\n              \"ay\": 1956,\n              \"assign\": [\n                \"(\",\n                \"I|7\",\n                \"}&w$|n\",\n                \"%i\"\n              ],\n              \"satisfy\": \"O57\",\n              \"info\": \"\"\n            },\n            \"AfIz\": {\n              \"name\": \"3R9pgQj=.6\",\n              \"ay\": 2029,\n              \"assign\": \"OFO+!@Pn\",\n              \"satisfy\": [],\n              \"url\": \"https://o6jgsw3h62rc6ux86ot5q4opu92q3eyueyfirgrf99zr7o9gnbmxnbfu5.scpu6k8cqigcdpb8pfxqz-btvrqqo-id98cmf-8q.suxzc/!O8bR%F1%A6%B3%88:F%F0%A3%8D%86/*5\"\n            },\n            \"\": {\n              \"ay\": 1989,\n              \"assign\": [\n                \"1n1u('D\\\\\",\n                \"\",\n                \">gc{Eh4\",\n                \"7IM#8\",\n                \"l228um6\"\n              ],\n              \"match\": {\n                \"pattern\": \"LKE5xN\",\n                \"exclude\": [\n                  \"PKS866W\",\n                  \"ZTK4Z\"\n                ],\n                \"info\": \"XAX#J7tJ8\"\n              },\n              \"satisfy\": [\n                {\n                  \"and\": [\n                    {\n                      \"mc\": \"<=155\"\n                    },\n                    \"a*$Mi\",\n                    {\n                      \"or\": []\n                    },\n                    {\n                      \"mc\": \"<=22\"\n                    }\n                  ]\n                }\n              ],\n              \"url\": \"https://h.w78l-pozf0-v94bjrvjdjrwo9lc98gy4fykb5vh-nkvekhkxe69.kv/cX-/(wNU/5%F2%8A%A1%80MN%F1%B7%82%A2cb5\",\n              \"info\": \"s6]`7P\"\n            },\n            \"{e5GtQW#&\\\\\": {\n              \"name\": \"mZ\",\n              \"ay\": 1990,\n              \"assign\": [\n                \"9boF\",\n                \"\",\n                \"5Jr\"\n              ],\n              \"match\": \"RK70\",\n              \"satisfy\": [\n                \"J1{H\"\n              ],\n              \"url\": \"http://de6fozxlwehvpkhu2rocda4wec.us/,k,8/P9jE/Y%F0%9B%A1%B5OcG\"\n            }\n          }\n        },\n        \"\\\"g{AQ<\": {\n          \"name\": \"CuYQM&/B|\",\n          \"ay\": 2019,\n          \"assign\": \"-1^J\",\n          \"match\": \"RMR8350J\",\n          \"satisfy\": [\n            \"Eq4v\",\n            {\n              \"or\": [\n                \"JJ\"\n              ]\n            },\n            {\n              \"mc\": \"<=151\"\n            },\n            {\n              \"or\": [\n                {\n                  \"and\": [\n                    \"\",\n                    \"l**qoe88R\",\n                    \"-_`*)>{PZx\",\n                    {\n                      \"and\": []\n                    },\n                    {\n                      \"mc\": \"<=116\"\n                    }\n                  ]\n                }\n              ]\n            },\n            {\n              \"mc\": \"<=48\"\n            }\n          ],\n          \"url\": \"http://kf-8s2oy6b93mh852s3khbryca4v31phfzf8h91w2rhe45qs2-7yetv.0f55jvmcrm06y95n.hveehjw7giosyapnsfx090.zwsxnbcler\",\n          \"info\": \"{MQF; 158\"\n        },\n        \"N\\\"A'92Bl \": {\n          \"name\": \"NTg\",\n          \"ay\": 1954,\n          \"assign\": \"KmrAYCQY$m\",\n          \"match\": \"QRE2\",\n          \"satisfy\": \"$B-\",\n          \"url\": \"https://dfdb4ow7t5kek3us3j-spiq4itz1o-txky9qkk08q2uhzqyg02eiwsopmp.fov63d719o7rz0l1fe0egj3wewp.ffpo3wfjzvid21vlze6v06mvx4hm.0e1fnzjj541q54ycylr5fa98kqi25wsy480ze9.3fgcctgjxw3uzi9p5f6mlu8-3ay5l18bcbsrgrk-fqgxndm65e.yixruqmdj\"\n        },\n        \"SaO%tOK>\": {\n          \"name\": \"\",\n          \"ay\": 1950,\n          \"match\": {\n            \"and\": [\n              {\n                \"or\": [\n                  {\n                    \"pattern\": \"HO1721P\",\n                    \"exclude\": [\n                      \"GQ377P\",\n                      \"UZ8x\",\n                      \"GB2\"\n                    ],\n                    \"info\": \"5bUwRSx\"\n                  },\n                  \"EAP3*W\",\n                  {\n                    \"or\": []\n                  },\n                  \"MKC5xY\"\n                ]\n              },\n              {\n                \"and\": [\n                  \"VGG912*\"\n                ]\n              },\n              {\n                \"and\": [\n                  \"HKx4C\",\n                  {\n                    \"pattern\": \"CS40\",\n                    \"info\": \"\"\n                  },\n                  {\n                    \"pattern\": \"ZS5x7xU\",\n                    \"exclude\": [\n                      \"XG14G\",\n                      \"OC35\",\n                      \"RDL3H\",\n                      \"IB4888\"\n                    ]\n                  },\n                  {\n                    \"and\": [\n                      {\n                        \"pattern\": \"GMW25\",\n                        \"exclude\": [\n                          \"PPxA\",\n                          \"JUL1575D\",\n                          \"CB93\",\n                          \"IKT7G\"\n                        ],\n                        \"info\": \"ae$\\\\~\"\n                      },\n                      \"TIW90F\",\n                      {\n                        \"or\": []\n                      },\n                      \"OP4x3F\",\n                      \"CSO36\"\n                    ]\n                  },\n                  {\n                    \"pattern\": \"UI3xM\",\n                    \"exclude\": [\n                      \"LMT0\"\n                    ],\n                    \"info\": \"u\"\n                  }\n                ]\n              }\n            ]\n          },\n          \"satisfy\": [],\n          \"url\": \"https://am329-59jdsep6ifm88hvp294f72n6rupa3ioh1x21szljcsdqn.zcrd7fjvl2ks6z0wi7kjm8h7m3zu2gw90gj3kmme02adlmat2q-2oj14l14i.azsuvuyrpysoxhqlaxlzcp3obcyzg8925h56kx1g8qk2-0ww8d1zw7e6.48kt8zg1fn8aqj1ou8feeh5blq2ke9.gexxnpyfdj/$Gc/PxvG/+8.P%F3%9A%9E%AB:bALZ/jpELmR(/3u%F1%B4%86%9E%F2%96%BD%86%F2%BF%A5%89/%F1%88%B7%89nt\",\n          \"info\": \"c3l`r4:\"\n        },\n        \"ZTzE?=Z+$F\": {\n          \"name\": \"-b\",\n          \"ay\": 1955,\n          \"assign\": \"b\",\n          \"match\": {\n            \"and\": [\n              {\n                \"or\": []\n              }\n            ]\n          },\n          \"satisfy\": [\n            {\n              \"and\": [\n                {\n                  \"mc\": \">=102\"\n                },\n                {\n                  \"and\": [\n                    \"KzWv!\"\n                  ]\n                },\n                \"}\"\n              ]\n            }\n          ],\n          \"url\": \"https://ga7c0l.cy.d0rc787x6ujh4eo9qe1a4pf000b6bu-n.tnpg5ml07df7g47apw26cei7nxz.qzr8zygq57f7jkj--jq19s.gq/YhB59Z(t\",\n          \"info\": \"F;hK$5EL9\"\n        }\n      },\n      \"1-\": {\n        \"name\": \"\",\n        \"ay\": 1977,\n        \"assign\": [\n          \"\",\n          \" W|&cc~!Y$\",\n          \"\",\n          \"\",\n          \"\"\n        ],\n        \"match\": [\n          {\n            \"or\": [\n              {\n                \"or\": [\n                  \"JQD06x\",\n                  {\n                    \"pattern\": \"RAY6x75R\",\n                    \"exclude\": [\n                      \"TQZ1x1x\"\n                    ],\n                    \"info\": \"p,<94I\\\\\"\n                  }\n                ]\n              },\n              \"HE255\",\n              {\n                \"or\": [\n                  {\n                    \"pattern\": \"TTHx2B\",\n                    \"exclude\": \"PCA934J\",\n                    \"info\": \"!O`J\"\n                  }\n                ]\n              }\n            ]\n          }\n        ],\n        \"satisfy\": [\n          {\n            \"mc\": \"<=195\"\n          },\n          {\n            \"or\": [\n              \"\"\n            ]\n          },\n          {\n            \"and\": [\n              {\n                \"or\": [\n                  \"DNMY'Q:o!\"\n                ]\n              },\n              \"5eT\"\n            ]\n          },\n          {\n            \"or\": [\n              {\n                \"mc\": \">=5\"\n              }\n            ]\n          }\n        ],\n        \"url\": \"http://6fddjbwc-aepeaxb7ca.cphbd3x4ya92s7zfw1wk5.frawgdqe\",\n        \"info\": \"r_$b#{!L{$\"\n      },\n      \"/K;(}x\": {\n        \"name\": \"E8\",\n        \"ay\": 2022,\n        \"assign\": [\n          \"?Crz\",\n          \"h)UlgqzF}+\"\n        ],\n        \"match\": [\n          \"FJP07\",\n          {\n            \"pattern\": \"IV0*x4\",\n            \"exclude\": [\n              \"QVB6H\",\n              \"PJE3514C\",\n              \"DD6\",\n              \"GL9G\",\n              \"PSP63B\"\n            ],\n            \"info\": \"DTuSZj\"\n          }\n        ],\n        \"satisfy\": [],\n        \"url\": \"http://ec.wtbba/T%F0%9C%93%849(8q%F1%A8%A6%80,T0/!M.xfFpJ/KcMJTn/%F3%AC%89%BFK'/J@&W!/hgC!dv'%F1%A6%B6%88.K/YOn1U%F1%BF%94%9EmIZ\",\n        \"info\": \"xu&\"\n      }\n    }\n  },\n  {\n    \"title\": \"block sample 7\",\n    \"value\": {\n      \"name\": \"3b\\\"qT\\\"Lvzz\",\n      \"ay\": 1958,\n      \"match\": [\n        {\n          \"or\": []\n        },\n        {\n          \"or\": [\n            {\n              \"or\": [\n                {\n                  \"or\": [\n                    \"YPF08A\"\n                  ]\n                },\n                {\n                  \"pattern\": \"KH0P\",\n                  \"info\": \"t\\\"yhx,b\"\n                },\n                \"UMAxO\"\n              ]\n            },\n            {\n              \"pattern\": \"JCW5G\",\n              \"exclude\": \"SSx797G\",\n              \"info\": \"8O+R\"\n            },\n            {\n              \"and\": [\n                \"XKDx3x0\",\n                \"YC117J\",\n                {\n                  \"and\": [\n                    \"SYx74\",\n                    {\n                      \"pattern\": \"WR80\",\n                      \"exclude\": \"WV7J\",\n                      \"info\": \"\"\n                    },\n                    {\n                      \"pattern\": \"LRx3*J\",\n                      \"exclude\": \"XWL5N\",\n                      \"info\": \"sK3,*[pM*|\"\n                    },\n                    {\n                      \"or\": [\n                        \"LSK7E\",\n                        \"TXA60\"\n                      ]\n                    },\n                    {\n                      \"pattern\": \"RE3xQ\",\n                      \"exclude\": [\n                        \"WWF*36A\",\n                        \"EC1W\"\n                      ],\n                      \"info\": \"3aI}wZ\"\n                    }\n                  ]\n                },\n                \"VSx680M\"\n              ]\n            }\n          ]\n        },\n        {\n          \"or\": [\n            {\n              \"pattern\": \"RJ*86\",\n              \"exclude\": \"MYx*52Z\",\n              \"info\": \"n}t6G5u8z\"\n            },\n            {\n              \"and\": []\n            },\n            \"ECF03\"\n          ]\n        },\n        {\n          \"or\": []\n        },\n        {\n          \"pattern\": \"TF6\",\n          \"exclude\": []\n        }\n      ],\n      \"satisfy\": [\n        {\n          \"or\": [\n            {\n              \"mc\": \"<=99\"\n            },\n            {\n              \"or\": [\n                {\n                  \"mc\": \"<=136\"\n                }\n              ]\n            },\n            {\n              \"and\": []\n            }\n          ]\n        },\n        {\n          \"mc\": \">=66\"\n        },\n        {\n          \"mc\": \"<=101\"\n        }\n      ],\n      \"url\": \"https://7m0jao9hly6986zsgyz7fe.07vehm2mbc48on7l3l.as2vy9j0vn778aol6k9dqts9ad22wzz90uyqzghkn9pgot0k77d.jifbxdl/jgb/a@Y)\",\n      \"info\": \"~%\\\"%&!%\\\"e[\",\n      \"V\": {\n        \"name\": \"+drz\",\n        \"ay\": 1967,\n        \"assign\": [\n          \"'0@!a=\",\n          \"}YiUO\",\n          \"!xP\"\n        ],\n        \"match\": [\n          {\n            \"pattern\": \"XFZ4*\",\n            \"exclude\": [\n              \"LJ6x2\",\n              \"CGH434\",\n              \"YM5\",\n              \"RZ6619B\",\n              \"YWK0849\"\n            ],\n            \"info\": \"\"\n          }\n        ],\n        \"satisfy\": {\n          \"mc\": \">=25\"\n        },\n        \"url\": \"https://fd5fop8rh0f-3b4.zfkscaztq/L/:7)$uG%F2%B6%80%A0Ow/%F0%AF%BD%94xhx.,QxN/\",\n        \"info\": \")ChB*w7\",\n        \"wK6\": {\n          \"name\": \"46R7|x(Jg\",\n          \"ay\": 1999,\n          \"assign\": \";D&=(Qw\",\n          \"match\": {\n            \"or\": []\n          },\n          \"satisfy\": \"hLK<`\",\n          \"info\": \"\"\n        },\n        \"eq!oqu\\\\<\": {\n          \"ay\": 2006,\n          \"assign\": \"Fb\",\n          \"match\": [\n            \"NV5*\",\n            \"FZ1*T\"\n          ],\n          \"satisfy\": [],\n          \"url\": \"http://e04n3qeeljj0t10k51cp.jiyauic//@XP%F4%8E%BF%A1\",\n          \"info\": \"[8N'Qc\"\n        },\n        \"o\": {\n          \"name\": \"_\",\n          \"ay\": 1986,\n          \"assign\": \"e&oo.uUDd \",\n          \"match\": {\n            \"or\": [\n              {\n                \"pattern\": \"NVM71\",\n                \"exclude\": \"QPR0\",\n                \"info\": \"[n!\"\n              },\n              {\n                \"pattern\": \"FQC90E\",\n                \"info\": \"=9Bw=(ai*5\"\n              },\n              \"LZ5\"\n            ]\n          },\n          \"satisfy\": \"&n[\",\n          \"url\": \"http://5.8qmfmg020kthqj-mk8zc3rw0y3qqkh.kdgaei48.wkulcujx/%F3%9F%9D%91%E2%B3%80(9Unx)/%F1%87%B9%95/mHxzvk/+WU3dh@V1;//ir5UX$jt//7Wyn/9%F3%87%AB%A7n=-s6SD/(jf+0xU\",\n          \"info\": \"N(ir\\\"BVS\"\n        },\n        \"$O41W3=T\": {\n          \"name\": \"(+N\",\n          \"ay\": 1974,\n          \"assign\": \"&$-fDB!$u4\",\n          \"match\": \"TGJ0D\",\n          \"satisfy\": [\n            \"S|W%\",\n            {\n              \"mc\": \"<=68\"\n            },\n            \"\"\n          ],\n          \"url\": \"http://442iku9.4.nepkt1bx4i7by.zx/V$~\",\n          \"info\": \"#0\"\n        }\n      },\n      \"AT\\\\j?ce7r\": {\n        \"name\": \"'\",\n        \"ay\": 1969,\n        \"satisfy\": {\n          \"and\": [\n            \"mZ>}n/\"\n          ]\n        },\n        \"uX\": {\n          \"name\": \"d<VRdD\",\n          \"ay\": 2028,\n          \"assign\": [\n            \";\",\n            \"@TI\",\n            \"LkHv\",\n            \"H<sZ!o{P\"\n          ],\n          \"match\": {\n            \"pattern\": \"LA08*\",\n            \"exclude\": [\n              \"CF6P\",\n              \"PAW64x\"\n            ],\n            \"info\": \"GEB(\"\n          },\n          \"url\": \"http://k8i0t0rwdqufqf1pvetjsc1nan2w0odcr60d.yzxmf13jjsket10zjqun7b.9lvs2d1czmdqujuolw2evo7slnw7m7hwz0fhpwhoem9i8cii.twvaztdvlx\",\n          \"info\": \"!]6upO FNo\"\n        },\n        \"G8cFsChbpi\": {\n          \"name\": \"5F7l3F|W3!\",\n          \"ay\": 1965,\n          \"assign\": \"djo5>g=n\",\n          \"match\": [\n            {\n              \"pattern\": \"MLF13O\",\n              \"exclude\": \"DUY6Z\",\n              \"info\": \"~']A1\"\n            },\n            {\n              \"or\": [\n                {\n                  \"pattern\": \"DC0Z\",\n                  \"exclude\": [\n                    \"XVJ7\",\n                    \"CW13T\"\n                  ],\n                  \"info\": \"mcA\"\n                },\n                \"VY51A\",\n                \"RDH3xE\",\n                \"EE4*\"\n              ]\n            },\n            {\n              \"and\": [\n                {\n                  \"and\": []\n                }\n              ]\n            },\n            {\n              \"pattern\": \"AVF78G\",\n              \"exclude\": \"VHZ942\"\n            }\n          ],\n          \"satisfy\": [\n            {\n              \"mc\": \"<=124\"\n            },\n            {\n              \"mc\": \">=127\"\n            }\n          ],\n          \"info\": \"dKd ft\"\n        },\n        \"$Pp:B#FTv{\": {\n          \"name\": \"taZ\\\"NO'\",\n          \"ay\": 2000,\n          \"assign\": \"+#B\\\"U'\",\n          \"satisfy\": \"nI%^24\",\n          \"url\": \"http://o0wnx-z1ufqmu343zc590fbccp5tywaf4nq8u9ohdw5n4yqn8.awb86ythij0e37-m9m29fj5e1kbu5p2y28ee83r6.1h4w-qzrbrly82vr.thubk23a072t3ny22cosg3vtp80qn8kei0b71oit148rikotx3sho3aj-t.o0opkebo.bzmqnqsd/v/8u'/0/%F3%9D%B8%B0l%F3%B2%91%88\",\n          \"info\": \"Gw'J?\"\n        }\n      }\n    }\n  },\n  {\n    \"title\": \"block sample 8\",\n    \"value\": {\n      \"name\": \"O\",\n      \"ay\": 2015,\n      \"assign\": [\n        \"9.a@uKP%\"\n      ],\n      \"match\": {\n        \"or\": [\n          {\n            \"pattern\": \"OF918\",\n            \"exclude\": \"OCD0**5\",\n            \"info\": \"}\"\n          },\n          {\n            \"or\": [\n              {\n                \"and\": []\n              }\n            ]\n          },\n          \"AI6\"\n        ]\n      },\n      \"satisfy\": {\n        \"mc\": \">=41\"\n      },\n      \"url\": \"http://ce6.jk9-e22gqoud9eivkn0b.cba5db8a6h7.ydcarione/rz;4)/6/0AZ/D%F3%9E%A6%90;/KdA@+rJ/nlImw\",\n      \"info\": \"*C\"\n    }\n  },\n  {\n    \"title\": \"block sample 9\",\n    \"value\": {\n      \"ay\": 1979,\n      \"assign\": [\n        \"5>v\",\n        \"xu@?)r\",\n        \"i-2\",\n        \"\\\"F\"\n      ],\n      \"match\": {\n        \"pattern\": \"LS263O\",\n        \"exclude\": \"VYxU\"\n      },\n      \"satisfy\": \"vFulThO[iy\",\n      \"url\": \"https://bit1zc1jfhklxzdj2thpsr6lp41lrm4fwowbeotyj0s777z3i-d.qdqcjffwm9wozpres8q0tgy60p8mfy7ec.9wqte4hovmyvuf4f04f5bxu0gof27zmyy346968ldx12g-sika.0ukak4qbjaz5om6is4hr.9n8iiwbytkclufc49jd-gsn5w6ow62zg2rt-4im1wb7v.pjskuassxn/t&DBJ5/-9DB/LLzWJ/u5%F4%8D%82%B1BJm=av/9\",\n      \"info\": \"\"\n    }\n  }\n]",
              "code": "fast_check_1.sample(index_test_2.block, 10).forEach((sample, i) => addContext_1.default(this, {\n    title: `block sample ${i}`,\n    value: sample,\n}));\nreturn fast_check_1.assert(fast_check_1.property(index_test_2.block, ajvValidate));",
              "err": {},
              "uuid": "f5ca7af1-9488-4348-9156-2baf20df26ab",
              "parentUUID": "eaba6181-b7a8-4670-9cfe-9b7091c67a48",
              "isHook": false,
              "skipped": false
            },
            {
              "title": "should not validate non-object",
              "fullTitle": "blockSchema should not validate non-object",
              "timedOut": false,
              "duration": 1,
              "state": "passed",
              "speed": "fast",
              "pass": true,
              "fail": false,
              "pending": false,
              "context": null,
              "code": "const error = {\n    instancePath: \"\",\n    message: \"block should be an object\",\n};\nisInvalidBlock(null, error);\nisInvalidBlock(undefined, error);\nisInvalidBlock(10, error);\nisInvalidBlock([12, 24], error);\nisInvalidBlock(\"abc\", error);",
              "err": {},
              "uuid": "945aa2e1-0d01-4e42-a2f8-11eeaa350d91",
              "parentUUID": "eaba6181-b7a8-4670-9cfe-9b7091c67a48",
              "isHook": false,
              "skipped": false
            },
            {
              "title": "should not validate block with invalid properties",
              "fullTitle": "blockSchema should not validate block with invalid properties",
              "timedOut": false,
              "duration": 1,
              "state": "passed",
              "speed": "fast",
              "pass": true,
              "fail": false,
              "pending": false,
              "context": null,
              "code": "isInvalidBlock({\n        name: { foo: \"bar\" },\n        ay: -1000,\n        assign: {},\n        match: 1,\n        satisfy: 2,\n        url: { abc: \"def\" },\n        info: 42,\n    }, { instancePath: \"/name\", message: \"property 'name' should be a string\" }, {\n        instancePath: \"/ay\",\n        message: \"property 'ay' should be a positive integer\",\n    }, {\n        instancePath: \"/assign\",\n        message: \"property 'assign' should be either a block ID or an array of block IDs\",\n    }, {\n        instancePath: \"/match\",\n        message: \"property 'match' should be either a match rule or an array of match rules\",\n    }, {\n        instancePath: \"/satisfy\",\n        message: \"property 'satisfy' should be either a satisfy rule or an array of satisfy rules\",\n    }, { instancePath: \"/url\", message: \"property 'url' should be a string\" }, { instancePath: \"/info\", message: \"property 'info' should be a string\" })",
              "err": {},
              "uuid": "9bb5e559-9095-4c64-9d81-84da9472c706",
              "parentUUID": "eaba6181-b7a8-4670-9cfe-9b7091c67a48",
              "isHook": false,
              "skipped": false
            }
          ],
          "suites": [],
          "passes": [
            "f5ca7af1-9488-4348-9156-2baf20df26ab",
            "945aa2e1-0d01-4e42-a2f8-11eeaa350d91",
            "9bb5e559-9095-4c64-9d81-84da9472c706"
          ],
          "failures": [],
          "pending": [],
          "skipped": [],
          "duration": 178,
          "root": false,
          "rootEmpty": false,
          "_timeout": 2000
        },
        {
          "uuid": "632b25f2-f022-430a-a449-bb2c0d5ab20f",
          "title": "patternSchema",
          "fullFile": "/home/runner/work/planwithus-lib/planwithus-lib/src/matchRule/pattern/schemas.test.ts",
          "file": "/src/matchRule/pattern/schemas.test.ts",
          "beforeHooks": [],
          "afterHooks": [],
          "tests": [
            {
              "title": "should validate non-empty pattern composed of A-Z, 0-9, x or *",
              "fullTitle": "patternSchema should validate non-empty pattern composed of A-Z, 0-9, x or *",
              "timedOut": false,
              "duration": 1,
              "state": "passed",
              "speed": "fast",
              "pass": true,
              "fail": false,
              "pending": false,
              "context": "[\n  {\n    \"title\": \"pattern sample 0\",\n    \"value\": \"SJB5\"\n  },\n  {\n    \"title\": \"pattern sample 1\",\n    \"value\": \"RDX61\"\n  },\n  {\n    \"title\": \"pattern sample 2\",\n    \"value\": \"EM*x\"\n  },\n  {\n    \"title\": \"pattern sample 3\",\n    \"value\": \"QE74\"\n  },\n  {\n    \"title\": \"pattern sample 4\",\n    \"value\": \"JHH**\"\n  },\n  {\n    \"title\": \"pattern sample 5\",\n    \"value\": \"DX41\"\n  },\n  {\n    \"title\": \"pattern sample 6\",\n    \"value\": \"OF*A\"\n  },\n  {\n    \"title\": \"pattern sample 7\",\n    \"value\": \"RGJx759\"\n  },\n  {\n    \"title\": \"pattern sample 8\",\n    \"value\": \"QQS*\"\n  },\n  {\n    \"title\": \"pattern sample 9\",\n    \"value\": \"ZIV732P\"\n  }\n]",
              "code": "fast_check_1.sample(index_test_2.pattern, 10).forEach((sample, i) => addContext_1.default(this, {\n    title: `pattern sample ${i}`,\n    value: sample,\n}));\nreturn fast_check_1.assert(fast_check_1.property(index_test_2.pattern, ajvValidate), {\n    examples: [[\"*\"], [\"ACC1002\"], [\"IS1103\"], [\"CS1231S\"], [\"MA1102R\"]],\n});",
              "err": {},
              "uuid": "37eb4c05-36f2-4e63-bbc7-bf53b48776d6",
              "parentUUID": "632b25f2-f022-430a-a449-bb2c0d5ab20f",
              "isHook": false,
              "skipped": false
            },
            {
              "title": "should not validate empty pattern",
              "fullTitle": "patternSchema should not validate empty pattern",
              "timedOut": false,
              "duration": 0,
              "state": "passed",
              "speed": "fast",
              "pass": true,
              "fail": false,
              "pending": false,
              "context": null,
              "code": "isInvalidPattern(\"\")",
              "err": {},
              "uuid": "ee5abdfd-7234-4cd6-9874-f5136af0d7b0",
              "parentUUID": "632b25f2-f022-430a-a449-bb2c0d5ab20f",
              "isHook": false,
              "skipped": false
            },
            {
              "title": "should not validate pattern with invalid characters",
              "fullTitle": "patternSchema should not validate pattern with invalid characters",
              "timedOut": false,
              "duration": 1,
              "state": "passed",
              "speed": "fast",
              "pass": true,
              "fail": false,
              "pending": false,
              "context": null,
              "code": "[\"AB123a\", \"Ac123a\", \"AB123^S\", \"AB1*3^S\", \"$A1*3^S\", \"/A1x33S\"].forEach(isInvalidPattern)",
              "err": {},
              "uuid": "fec5dc4a-19bb-4298-bc9d-0ea56684c7c7",
              "parentUUID": "632b25f2-f022-430a-a449-bb2c0d5ab20f",
              "isHook": false,
              "skipped": false
            }
          ],
          "suites": [],
          "passes": [
            "37eb4c05-36f2-4e63-bbc7-bf53b48776d6",
            "ee5abdfd-7234-4cd6-9874-f5136af0d7b0",
            "fec5dc4a-19bb-4298-bc9d-0ea56684c7c7"
          ],
          "failures": [],
          "pending": [],
          "skipped": [],
          "duration": 2,
          "root": false,
          "rootEmpty": false,
          "_timeout": 2000
        },
        {
          "uuid": "0cf81cb8-2c70-479e-8b5b-ce34f154ccaa",
          "title": "matchRuleSchema",
          "fullFile": "/home/runner/work/planwithus-lib/planwithus-lib/src/matchRule/schemas.test.ts",
          "file": "/src/matchRule/schemas.test.ts",
          "beforeHooks": [],
          "afterHooks": [],
          "tests": [
            {
              "title": "should validate match rule with valid pattern",
              "fullTitle": "matchRuleSchema should validate match rule with valid pattern",
              "timedOut": false,
              "duration": 1,
              "state": "passed",
              "speed": "fast",
              "pass": true,
              "fail": false,
              "pending": false,
              "context": "[\n  {\n    \"title\": \"pattern sample 0\",\n    \"value\": \"PZ71N\"\n  },\n  {\n    \"title\": \"pattern sample 1\",\n    \"value\": \"CNW313\"\n  },\n  {\n    \"title\": \"pattern sample 2\",\n    \"value\": \"LD*3\"\n  },\n  {\n    \"title\": \"pattern sample 3\",\n    \"value\": \"ZAF6R\"\n  },\n  {\n    \"title\": \"pattern sample 4\",\n    \"value\": \"SHO8905D\"\n  },\n  {\n    \"title\": \"pattern sample 5\",\n    \"value\": \"RVE47\"\n  },\n  {\n    \"title\": \"pattern sample 6\",\n    \"value\": \"YL48\"\n  },\n  {\n    \"title\": \"pattern sample 7\",\n    \"value\": \"QXK7x\"\n  },\n  {\n    \"title\": \"pattern sample 8\",\n    \"value\": \"YJ74\"\n  },\n  {\n    \"title\": \"pattern sample 9\",\n    \"value\": \"AM6986\"\n  }\n]",
              "code": "fast_check_1.sample(index_test_3.pattern, 10).forEach((sample, i) => addContext_1.default(this, {\n    title: `pattern sample ${i}`,\n    value: sample,\n}));\nreturn fast_check_1.assert(fast_check_1.property(index_test_3.pattern, ajvValidate));",
              "err": {},
              "uuid": "b1f2d05e-05cc-4137-acdd-0db58db00717",
              "parentUUID": "0cf81cb8-2c70-479e-8b5b-ce34f154ccaa",
              "isHook": false,
              "skipped": false
            },
            {
              "title": "should validate match rules with valid pattern, exclude and info",
              "fullTitle": "matchRuleSchema should validate match rules with valid pattern, exclude and info",
              "timedOut": false,
              "duration": 3,
              "state": "passed",
              "speed": "fast",
              "pass": true,
              "fail": false,
              "pending": false,
              "context": "[\n  {\n    \"title\": \"patternMatchRule sample 0\",\n    \"value\": {\n      \"pattern\": \"NIZ342x\",\n      \"exclude\": \"UMA6Y\",\n      \"info\": \"#\"\n    }\n  },\n  {\n    \"title\": \"patternMatchRule sample 1\",\n    \"value\": {\n      \"pattern\": \"KAO2334\",\n      \"exclude\": \"RC4458\",\n      \"info\": \"@V.:>!\"\n    }\n  },\n  {\n    \"title\": \"patternMatchRule sample 2\",\n    \"value\": {\n      \"pattern\": \"CV1*6Q\",\n      \"exclude\": [\n        \"QQM*54\",\n        \"RCA5\"\n      ],\n      \"info\": \"# c% 4%\\\"}%\"\n    }\n  },\n  {\n    \"title\": \"patternMatchRule sample 3\",\n    \"value\": {\n      \"pattern\": \"JL4\",\n      \"exclude\": \"UJ0L\",\n      \"info\": \"hf*2\"\n    }\n  },\n  {\n    \"title\": \"patternMatchRule sample 4\",\n    \"value\": {\n      \"pattern\": \"TM92\",\n      \"exclude\": \"EE4xx*\",\n      \"info\": \"!`<K\"\n    }\n  },\n  {\n    \"title\": \"patternMatchRule sample 5\",\n    \"value\": {\n      \"pattern\": \"OC88I\",\n      \"info\": \"PMF\"\n    }\n  },\n  {\n    \"title\": \"patternMatchRule sample 6\",\n    \"value\": {\n      \"pattern\": \"VC97\",\n      \"exclude\": \"QRK9*\",\n      \"info\": \"{B9m(%N1\"\n    }\n  },\n  {\n    \"title\": \"patternMatchRule sample 7\",\n    \"value\": {\n      \"pattern\": \"BAA0J\",\n      \"exclude\": \"TP133\",\n      \"info\": \"Z*</:{C\"\n    }\n  },\n  {\n    \"title\": \"patternMatchRule sample 8\",\n    \"value\": {\n      \"pattern\": \"OD0\",\n      \"exclude\": \"AS3248\",\n      \"info\": \"[b&.DU{#~x\"\n    }\n  },\n  {\n    \"title\": \"patternMatchRule sample 9\",\n    \"value\": {\n      \"pattern\": \"TJIx0C\",\n      \"exclude\": [],\n      \"info\": \"\"\n    }\n  }\n]",
              "code": "fast_check_1.sample(index_test_2.patternMatchRule, 10).forEach((sample, i) => addContext_1.default(this, {\n    title: `patternMatchRule sample ${i}`,\n    value: sample,\n}));\nreturn fast_check_1.assert(fast_check_1.property(index_test_2.patternMatchRule, ajvValidate));",
              "err": {},
              "uuid": "f4e542cc-59c0-4cc3-88e8-1cf818fcbff0",
              "parentUUID": "0cf81cb8-2c70-479e-8b5b-ce34f154ccaa",
              "isHook": false,
              "skipped": false
            },
            {
              "title": "should validate valid recursive match rules",
              "fullTitle": "matchRuleSchema should validate valid recursive match rules",
              "timedOut": false,
[...]
              "code": "const message = \"property 'info' should be a string\";\nisInvalidRule({ pattern: \"CS2101\", info: 42 }, { instancePath: \"/info\", message });",
              "err": {},
              "uuid": "8d5e93db-bf5a-4d64-b8ba-db4351392532",
              "parentUUID": "0cf81cb8-2c70-479e-8b5b-ce34f154ccaa",
              "isHook": false,
              "skipped": false
            },
            {
              "title": "should not validate and match rules with non-array property",
              "fullTitle": "matchRuleSchema should not validate and match rules with non-array property",
              "timedOut": false,
              "duration": 1,
              "state": "passed",
              "speed": "fast",
              "pass": true,
              "fail": false,
              "pending": false,
              "context": null,
              "code": "const message = \"property 'and' should be an array of match rules\";\nisInvalidRule({ or: [{ and: {} }, { or: [{ and: 3 }] }] }, { instancePath: \"/or/0/and\", message }, { instancePath: \"/or/1/or/0/and\", message });",
              "err": {},
              "uuid": "064f314e-751f-4ac4-a607-c8f0b8ff6ee1",
              "parentUUID": "0cf81cb8-2c70-479e-8b5b-ce34f154ccaa",
              "isHook": false,
              "skipped": false
            },
            {
              "title": "should not validate or match rules with non-array property",
              "fullTitle": "matchRuleSchema should not validate or match rules with non-array property",
              "timedOut": false,
              "duration": 0,
              "state": "passed",
              "speed": "fast",
              "pass": true,
              "fail": false,
              "pending": false,
              "context": null,
              "code": "const message = \"property 'or' should be an array of match rules\";\nisInvalidRule({ or: [{ or: {} }, { and: [{ or: 3 }] }] }, { instancePath: \"/or/0/or\", message }, { instancePath: \"/or/1/and/0/or\", message });",
              "err": {},
              "uuid": "c8e68d3a-30b3-4eeb-82cc-cd1e59fc408f",
              "parentUUID": "0cf81cb8-2c70-479e-8b5b-ce34f154ccaa",
              "isHook": false,
              "skipped": false
            }
          ],
          "suites": [],
          "passes": [
            "b1f2d05e-05cc-4137-acdd-0db58db00717",
            "f4e542cc-59c0-4cc3-88e8-1cf818fcbff0",
            "0d72c29c-7137-4b96-b4c2-d7b99a009627",
            "61927455-d420-40ae-bc02-d0aeb8a9a68b",
            "b586195e-7a81-4b46-b414-6019f6c1aa5b",
            "16922f03-1ace-4634-980f-59b43b274fc7",
            "8f0f172f-ae8b-4ca2-99fa-7dedc8b92cc6",
            "a768ce02-78d0-431a-8aa1-ebdec11b75f7",
            "8d5e93db-bf5a-4d64-b8ba-db4351392532",
            "064f314e-751f-4ac4-a607-c8f0b8ff6ee1",
            "c8e68d3a-30b3-4eeb-82cc-cd1e59fc408f"
          ],
          "failures": [],
          "pending": [],
          "skipped": [],
          "duration": 11,
          "root": false,
          "rootEmpty": false,
          "_timeout": 2000
        },
        {
          "uuid": "99daf96a-5919-4005-b6f1-24767515625c",
          "title": "inequalitySchema",
          "fullFile": "/home/runner/work/planwithus-lib/planwithus-lib/src/satisfyRule/inequality/schemas.test.ts",
          "file": "/src/satisfyRule/inequality/schemas.test.ts",
          "beforeHooks": [],
          "afterHooks": [],
          "tests": [
            {
              "title": "should validate inequality in the form <=n or >=n",
              "fullTitle": "inequalitySchema should validate inequality in the form <=n or >=n",
              "timedOut": false,
              "duration": 1,
              "state": "passed",
              "speed": "fast",
              "pass": true,
              "fail": false,
              "pending": false,
              "context": "[\n  {\n    \"title\": \"inequality sample 0\",\n    \"value\": \">=4\"\n  },\n  {\n    \"title\": \"inequality sample 1\",\n    \"value\": \">=193\"\n  },\n  {\n    \"title\": \"inequality sample 2\",\n    \"value\": \"<=158\"\n  },\n  {\n    \"title\": \"inequality sample 3\",\n    \"value\": \">=180\"\n  },\n  {\n    \"title\": \"inequality sample 4\",\n    \"value\": \"<=7\"\n  },\n  {\n    \"title\": \"inequality sample 5\",\n    \"value\": \"<=96\"\n  },\n  {\n    \"title\": \"inequality sample 6\",\n    \"value\": \">=188\"\n  },\n  {\n    \"title\": \"inequality sample 7\",\n    \"value\": \"<=4\"\n  },\n  {\n    \"title\": \"inequality sample 8\",\n    \"value\": \">=161\"\n  },\n  {\n    \"title\": \"inequality sample 9\",\n    \"value\": \"<=106\"\n  }\n]",
              "code": "fast_check_1.sample(index_test_2.inequality, 10).forEach((sample, i) => addContext_1.default(this, {\n    title: `inequality sample ${i}`,\n    value: sample,\n}));\nreturn fast_check_1.assert(fast_check_1.property(index_test_2.inequality, ajvValidate));",
              "err": {},
              "uuid": "68702d7c-7661-4b17-9c5f-06934a2518a5",
              "parentUUID": "99daf96a-5919-4005-b6f1-24767515625c",
              "isHook": false,
              "skipped": false
            },
            {
              "title": "should not validate inequality of invalid form",
              "fullTitle": "inequalitySchema should not validate inequality of invalid form",
              "timedOut": false,
              "duration": 1,
              "state": "passed",
              "speed": "fast",
              "pass": true,
              "fail": false,
              "pending": false,
              "context": null,
              "code": "[\n        \"\",\n        \"==23\",\n        \"23\",\n        \"<23\",\n        \">23\",\n        \"<=-1\",\n        \">=-1\",\n        \"<= 2\",\n        \">= 1\",\n        \"> 3\",\n        \"< 3\",\n        \"<=3a\",\n        \">=3a\",\n        \"a<=3\",\n        \"a>=3\",\n    ].forEach(isInvalidInequality)",
              "err": {},
              "uuid": "d8fc5acd-8531-406f-abbe-4b0eae5602b6",
              "parentUUID": "99daf96a-5919-4005-b6f1-24767515625c",
              "isHook": false,
              "skipped": false
            }
          ],
          "suites": [],
          "passes": [
            "68702d7c-7661-4b17-9c5f-06934a2518a5",
            "d8fc5acd-8531-406f-abbe-4b0eae5602b6"
          ],
          "failures": [],
          "pending": [],
          "skipped": [],
          "duration": 2,
          "root": false,
          "rootEmpty": false,
          "_timeout": 2000
        },
        {
          "uuid": "660e3768-d63c-4d75-81de-719f536e81cd",
          "title": "satisfyRuleSchema",
          "fullFile": "/home/runner/work/planwithus-lib/planwithus-lib/src/satisfyRule/schemas.test.ts",
          "file": "/src/satisfyRule/schemas.test.ts",
          "beforeHooks": [],
          "afterHooks": [],
          "tests": [
            {
              "title": "should validate satisfy rule with valid block id",
              "fullTitle": "satisfyRuleSchema should validate satisfy rule with valid block id",
              "timedOut": false,
              "duration": 1,
              "state": "passed",
              "speed": "fast",
              "pass": true,
              "fail": false,
              "pending": false,
              "context": null,
              "code": "fast_check_1.assert(fast_check_1.property(fast_check_1.string(), ajvValidate)",
              "err": {},
              "uuid": "fd1b868f-fe79-4857-99b5-7219faacf282",
              "parentUUID": "660e3768-d63c-4d75-81de-719f536e81cd",
              "isHook": false,
              "skipped": false
            },
            {
              "title": "should validate satisfy rules with valid mc",
              "fullTitle": "satisfyRuleSchema should validate satisfy rules with valid mc",
              "timedOut": false,
              "duration": 2,
              "state": "passed",
              "speed": "fast",
              "pass": true,
              "fail": false,
              "pending": false,
              "context": "[\n  {\n    \"title\": \"mcSatisfyRule sample 0\",\n    \"value\": {\n      \"mc\": \">=2\"\n    }\n  },\n  {\n    \"title\": \"mcSatisfyRule sample 1\",\n    \"value\": {\n      \"mc\": \">=110\"\n    }\n  },\n  {\n    \"title\": \"mcSatisfyRule sample 2\",\n    \"value\": {\n      \"mc\": \"<=2\"\n    }\n  },\n  {\n    \"title\": \"mcSatisfyRule sample 3\",\n    \"value\": {\n      \"mc\": \"<=7\"\n    }\n  },\n  {\n    \"title\": \"mcSatisfyRule sample 4\",\n    \"value\": {\n      \"mc\": \">=157\"\n    }\n  },\n  {\n    \"title\": \"mcSatisfyRule sample 5\",\n    \"value\": {\n      \"mc\": \"<=8\"\n    }\n  },\n  {\n    \"title\": \"mcSatisfyRule sample 6\",\n    \"value\": {\n      \"mc\": \"<=199\"\n    }\n  },\n  {\n    \"title\": \"mcSatisfyRule sample 7\",\n    \"value\": {\n      \"mc\": \">=2\"\n    }\n  },\n  {\n    \"title\": \"mcSatisfyRule sample 8\",\n    \"value\": {\n      \"mc\": \">=119\"\n    }\n  },\n  {\n    \"title\": \"mcSatisfyRule sample 9\",\n    \"value\": {\n      \"mc\": \">=77\"\n    }\n  }\n]",
              "code": "fast_check_1.sample(index_test_2.mcSatisfyRule, 10).forEach((sample, i) => addContext_1.default(this, {\n    title: `mcSatisfyRule sample ${i}`,\n    value: sample,\n}));\nreturn fast_check_1.assert(fast_check_1.property(index_test_2.mcSatisfyRule, ajvValidate));",
              "err": {},
              "uuid": "f172753a-4e31-48dd-b3f2-8130f37e9ae7",
              "parentUUID": "660e3768-d63c-4d75-81de-719f536e81cd",
              "isHook": false,
              "skipped": false
            },
            {
              "title": "should validate valid recursive satisfy rules",
              "fullTitle": "satisfyRuleSchema should validate valid recursive satisfy rules",
              "timedOut": false,
              "duration": 4,
              "state": "passed",
              "speed": "fast",
              "pass": true,
              "fail": false,
              "pending": false,
              "context": "[\n  {\n    \"title\": \"satisfyRule sample 0\",\n    \"value\": \"~+5\"\n  },\n  {\n    \"title\": \"satisfyRule sample 1\",\n    \"value\": {\n      \"and\": [\n        {\n          \"or\": [\n            {\n              \"or\": [\n                \"k?\",\n                \"\",\n                \"daet/4TS/o\",\n                \"%SF\"\n              ]\n            }\n          ]\n        },\n        \"\\\" I$RK|{L\"\n      ]\n    }\n  },\n  {\n    \"title\": \"satisfyRule sample 2\",\n    \"value\": {\n      \"and\": [\n        {\n          \"or\": [\n            {\n              \"mc\": \">=150\"\n            }\n          ]\n        }\n      ]\n    }\n  },\n  {\n    \"title\": \"satisfyRule sample 3\",\n    \"value\": \"Dsq-\"\n  },\n  {\n    \"title\": \"satisfyRule sample 4\",\n    \"value\": {\n      \"mc\": \"<=82\"\n    }\n  },\n  {\n    \"title\": \"satisfyRule sample 5\",\n    \"value\": \":;,wJ$M]c\"\n  },\n  {\n    \"title\": \"satisfyRule sample 6\",\n    \"value\": {\n      \"and\": [\n        \"q|8p[E,G^o\"\n      ]\n    }\n  },\n  {\n    \"title\": \"satisfyRule sample 7\",\n    \"value\": {\n      \"or\": [\n        \"e\",\n        {\n          \"mc\": \"<=2\"\n        }\n      ]\n    }\n  },\n  {\n    \"title\": \"satisfyRule sample 8\",\n    \"value\": {\n      \"or\": [\n        {\n          \"mc\": \"<=85\"\n        },\n        {\n          \"or\": [\n            {\n              \"or\": [\n                \"^7x!z\",\n                \"-Q-k}\"\n              ]\n            }\n          ]\n        },\n        {\n          \"or\": [\n            {\n              \"or\": [\n                {\n                  \"and\": [\n                    {\n                      \"or\": [\n                        \"g.@F)W\",\n                        \"&g3v\"\n                      ]\n                    },\n                    \"2-Vo\\\\B\",\n                    \"=a.>\",\n                    \"g=]v\"\n                  ]\n                },\n                {\n                  \"and\": []\n                },\n                \"{fwpe@C\\\\*l\",\n                {\n                  \"or\": [\n                    {\n                      \"and\": [\n                        \"%ez\",\n                        \"4{sT))3l\",\n                        \"C-}\",\n                        \"0}hmQ\",\n                        \"Ttok_;\"\n                      ]\n                    }\n                  ]\n                },\n                \"sp%VM>\"\n              ]\n            },\n            \"\",\n            {\n              \"mc\": \"<=78\"\n            },\n            {\n              \"or\": [\n                \"\",\n                \"Ptg5\",\n                {\n                  \"or\": [\n                    {\n                      \"mc\": \">=38\"\n                    }\n                  ]\n                }\n              ]\n            },\n            \"mVu\"\n          ]\n        },\n        {\n          \"mc\": \"<=184\"\n        }\n      ]\n    }\n  },\n  {\n    \"title\": \"satisfyRule sample 9\",\n    \"value\": {\n      \"mc\": \"<=98\"\n    }\n  }\n]",
              "code": "fast_check_1.sample(index_test_2.satisfyRule, 10).forEach((sample, i) => addContext_1.default(this, {\n    title: `satisfyRule sample ${i}`,\n    value: sample,\n}));\nreturn fast_check_1.assert(fast_check_1.property(index_test_2.satisfyRule, ajvValidate));",
              "err": {},
              "uuid": "c2b33cff-5ae8-489e-b069-917204fa8499",
              "parentUUID": "660e3768-d63c-4d75-81de-719f536e81cd",
              "isHook": false,
              "skipped": false
            },
            {
              "title": "should not validate non-string/object",
              "fullTitle": "satisfyRuleSchema should not validate non-string/object",
              "timedOut": false,
              "duration": 1,
              "state": "passed",
              "speed": "fast",
              "pass": true,
              "fail": false,
              "pending": false,
              "context": null,
              "code": "const error = {\n    instancePath: \"\",\n    message: \"satisfy rule should be either a string or an object\",\n};\nisInvalidRule(null, error);\nisInvalidRule(undefined, error);\nisInvalidRule(10, error);\nisInvalidRule([12, 24], error);",
              "err": {},
              "uuid": "2d7f9bdf-532b-4aae-a46c-57ac850cb8e5",
              "parentUUID": "660e3768-d63c-4d75-81de-719f536e81cd",
              "isHook": false,
              "skipped": false
            },
            {
              "title": "should not validate satisfy rules with extra properties",
              "fullTitle": "satisfyRuleSchema should not validate satisfy rules with extra properties",
              "timedOut": false,
              "duration": 0,
              "state": "passed",
              "speed": "fast",
              "pass": true,
              "fail": false,
              "pending": false,
              "context": null,
              "code": "isInvalidRule({\n        and: [\n            { or: [\"2k\"], abc: \"def\" },\n            { mc: 8, ghi: \"jkl\" },\n        ],\n        mno: \"pqr\",\n    }, {\n        instancePath: \"/and/0\",\n        message: \"or satisfy rule should have property 'or' only\",\n    }, {\n        instancePath: \"/and/1\",\n        message: \"MC satisfy rule should have property 'mc' only\",\n    }, {\n        instancePath: \"\",\n        message: \"and satisfy rule should have property 'and' only\",\n    })",
              "err": {},
              "uuid": "15482935-24ec-4fa4-ab36-0ac570e03565",
              "parentUUID": "660e3768-d63c-4d75-81de-719f536e81cd",
              "isHook": false,
              "skipped": false
            },
            {
              "title": "should not validate ambiguous satisfy rules",
              "fullTitle": "satisfyRuleSchema should not validate ambiguous satisfy rules",
              "timedOut": false,
              "duration": 1,
              "state": "passed",
              "speed": "fast",
              "pass": true,
              "fail": false,
              "pending": false,
              "context": null,
              "code": "const message = \"satisfy rule should have only one of properties 'mc', 'and', 'or'\";\nisInvalidRule({\n    or: [\n        { mc: 5, and: [\"CS2040\"] },\n        { and: [{ and: [\"abc\"], or: [\"def\"] }] },\n    ],\n}, { instancePath: \"/or/0\", message }, { instancePath: \"/or/1/and/0\", message });",
              "err": {},
              "uuid": "0bf5e9e6-05e3-4e46-b07f-cbe5c37699f9",
              "parentUUID": "660e3768-d63c-4d75-81de-719f536e81cd",
              "isHook": false,
              "skipped": false
            },
            {
              "title": "should not validate and satisfy rules with non-array property",
              "fullTitle": "satisfyRuleSchema should not validate and satisfy rules with non-array property",
              "timedOut": false,
              "duration": 0,
              "state": "passed",
              "speed": "fast",
              "pass": true,
              "fail": false,
              "pending": false,
              "context": null,
              "code": "const message = \"property 'and' should be an array of satisfy rules\";\nisInvalidRule({ or: [{ and: {} }, { or: [{ and: 3 }] }] }, { instancePath: \"/or/0/and\", message }, { instancePath: \"/or/1/or/0/and\", message });",
              "err": {},
              "uuid": "d32cce25-12de-4fda-974a-131e27c673cf",
              "parentUUID": "660e3768-d63c-4d75-81de-719f536e81cd",
              "isHook": false,
              "skipped": false
            },
            {
              "title": "should not validate or satisfy rules with non-array property",
              "fullTitle": "satisfyRuleSchema should not validate or satisfy rules with non-array property",
              "timedOut": false,
              "duration": 1,
              "state": "passed",
              "speed": "fast",
              "pass": true,
              "fail": false,
              "pending": false,
              "context": null,
              "code": "const message = \"property 'or' should be an array of satisfy rules\";\nisInvalidRule({ and: [{ or: {} }, { and: [{ or: 3 }] }] }, { instancePath: \"/and/0/or\", message }, { instancePath: \"/and/1/and/0/or\", message });",
              "err": {},
              "uuid": "62f3328b-0831-4a8e-8e65-3d00ebfeefce",
              "parentUUID": "660e3768-d63c-4d75-81de-719f536e81cd",
              "isHook": false,
              "skipped": false
            }
          ],
          "suites": [],
          "passes": [
            "fd1b868f-fe79-4857-99b5-7219faacf282",
            "f172753a-4e31-48dd-b3f2-8130f37e9ae7",
            "c2b33cff-5ae8-489e-b069-917204fa8499",
            "2d7f9bdf-532b-4aae-a46c-57ac850cb8e5",
            "15482935-24ec-4fa4-ab36-0ac570e03565",
            "0bf5e9e6-05e3-4e46-b07f-cbe5c37699f9",
            "d32cce25-12de-4fda-974a-131e27c673cf",
            "62f3328b-0831-4a8e-8e65-3d00ebfeefce"
          ],
          "failures": [],
          "pending": [],
          "skipped": [],
          "duration": 10,
          "root": false,
          "rootEmpty": false,
          "_timeout": 2000
        }
      ],
      "passes": [],
      "failures": [],
      "pending": [],
      "skipped": [],
      "duration": 0,
      "root": true,
      "rootEmpty": true,
      "_timeout": 2000
    }
  ],
  "meta": {
    "mocha": {
      "version": "9.0.0"
    },
    "mochawesome": {
      "options": {
        "quiet": false,
        "reportFilename": "mochawesome",
        "saveHtml": true,
        "saveJson": true,
        "consoleReporter": "spec",
        "useInlineDiffs": false,
        "code": true
      },
      "version": "6.2.2"
    },
    "marge": {
      "options": {
        "reportDir": "docs"
      },
      "version": "5.2.0"
    }
  }
}