{
  "stats": {
    "suites": 6,
    "tests": 29,
    "passes": 29,
    "pending": 0,
    "failures": 0,
    "start": "2021-06-16T15:14:10.068Z",
    "end": "2021-06-16T15:14:10.363Z",
    "duration": 295,
    "testsRegistered": 29,
    "passPercent": 100,
    "pendingPercent": 0,
    "other": 0,
    "hasOther": false,
    "skipped": 0,
    "hasSkipped": false
  },
  "results": [
    {
      "uuid": "1744d357-9c85-4bf2-8e6a-8b89cbca4b67",
      "title": "",
      "fullFile": "",
      "file": "",
      "beforeHooks": [],
      "afterHooks": [],
      "tests": [],
      "suites": [
        {
          "uuid": "7bb9db99-eaa5-49b7-8030-6e0dcd0e119e",
          "title": "initDirectories",
          "fullFile": "/home/runner/work/planwithus-lib/planwithus-lib/src/block/schemas.test.ts",
          "file": "/src/block/schemas.test.ts",
          "beforeHooks": [],
          "afterHooks": [],
          "tests": [
            {
              "title": "should parse all blocks with no errors",
              "fullTitle": "initDirectories should parse all blocks with no errors",
              "timedOut": false,
              "duration": 3,
              "state": "passed",
              "speed": "fast",
              "pass": true,
              "fail": false,
              "pending": false,
              "context": null,
              "code": "_1.initDirectories.should.not.throw()",
              "err": {},
              "uuid": "b6b8b2e4-2ead-42be-ae14-05e2fe4c1166",
              "parentUUID": "7bb9db99-eaa5-49b7-8030-6e0dcd0e119e",
              "isHook": false,
              "skipped": false
            },
            {
              "title": "should produce primary, second & minor directories",
              "fullTitle": "initDirectories should produce primary, second & minor directories",
              "timedOut": false,
              "duration": 40,
              "state": "passed",
              "speed": "medium",
              "pass": true,
              "fail": false,
              "pending": false,
              "context": null,
              "code": "const directories = await _1.initDirectories();\ndirectories.should.have.property(\"primary\");\ndirectories.should.have.property(\"second\");\ndirectories.should.have.property(\"minor\");",
              "err": {},
              "uuid": "a99bf978-13a0-410c-846f-9838d4d8f595",
              "parentUUID": "7bb9db99-eaa5-49b7-8030-6e0dcd0e119e",
              "isHook": false,
              "skipped": false
            }
          ],
          "suites": [],
          "passes": [
            "b6b8b2e4-2ead-42be-ae14-05e2fe4c1166",
            "a99bf978-13a0-410c-846f-9838d4d8f595"
          ],
          "failures": [],
          "pending": [],
          "skipped": [],
          "duration": 43,
          "root": false,
          "rootEmpty": false,
          "_timeout": 2000
        },
        {
          "uuid": "2693123b-ed59-4a96-8f60-6e4c72684185",
          "title": "blockSchema",
          "fullFile": "/home/runner/work/planwithus-lib/planwithus-lib/src/block/schemas.test.ts",
          "file": "/src/block/schemas.test.ts",
          "beforeHooks": [],
          "afterHooks": [],
          "tests": [
            {
              "title": "should validate valid block",
              "fullTitle": "blockSchema should validate valid block",
              "timedOut": false,
              "duration": 196,
              "state": "passed",
              "speed": "slow",
              "pass": true,
              "fail": false,
              "pending": false,
              "context": "[\n  {\n    \"title\": \"block sample 0\",\n    \"value\": {\n      \"ay\": 1956,\n      \"assign\": [],\n      \"match\": [\n        {\n          \"or\": [\n            \"RLY*\"\n          ]\n        }\n      ],\n      \"satisfy\": \"G~\",\n      \"info\": \"%#!!.\\\"&&w\",\n      \"|]-@3PI]^\": {\n        \"name\": \"/P\",\n        \"ay\": 2030,\n        \"assign\": \"R]Tu:Co,8\",\n        \"match\": {\n          \"or\": [\n            {\n              \"or\": [\n                {\n                  \"pattern\": \"ESL9754\",\n                  \"exclude\": []\n                },\n                \"IZX1\",\n                \"BTM63\"\n              ]\n            },\n            {\n              \"and\": [\n                \"BMN2E\",\n                {\n                  \"pattern\": \"JPJ79\",\n                  \"exclude\": \"VXI37\",\n                  \"info\": \"G&C\"\n                },\n                \"KO8461\",\n                \"DBH7\",\n                {\n                  \"or\": [\n                    {\n                      \"and\": [\n                        \"KV558D\",\n                        \"GT26*\",\n                        \"MF9*8I\",\n                        {\n                          \"pattern\": \"CC8605\",\n                          \"exclude\": \"HS4192\",\n                          \"info\": \"N{m#m=\"\n                        }\n                      ]\n                    },\n                    \"KOS5M\",\n                    \"IB8I\",\n                    \"EG5492H\"\n                  ]\n                }\n              ]\n            }\n          ]\n        },\n        \"satisfy\": [],\n        \"url\": \"http://qf76.8dsvcqtf26kvkbe8d3fjdq2rnu919j67wsc88-lewx2y.ngjpfb13xpfxnynxkahkfdkqt8t81ohmsqik560hjm8akbeqa6qi-o6.hk//H/TZYySF/%F1%B4%A4%96y4W%F1%B0%91%82xNE(e//.%F3%BA%8A%88y:aQx%F3%BB%AE%A2e/aC1NBC/LM;b%EC%9A%AFt1\",\n        \"info\": \"~TEU$[\",\n        \"\": {\n          \"name\": \"~bc'\",\n          \"ay\": 2024,\n          \"satisfy\": {\n            \"and\": [\n              {\n                \"and\": [\n                  {\n                    \"mc\": \"<=730917690\"\n                  },\n                  \"2p[h+,G<\",\n                  \"G\",\n                  {\n                    \"and\": [\n                      \";W)6_ssqx9\",\n                      \"`jKQX\"\n                    ]\n                  },\n                  \"Oc>w}\\\"\\\\x|\"\n                ]\n              }\n            ]\n          },\n          \"url\": \"https://8t8vkb1yoaryb1k52fav52fmp1fk0i.kss970nmrrzf5jvk205x-csjw8ug46jg2chicnnqrhyr7tk4l7iw7ng9.xnoauvfwyr/5TPjQg/88F*/,e8hCBH/BL%F2%B1%BF%AF8A6JE%F1%92%90%A7'/t6nmk'c!cy/NXEJ%F1%A2%A0%801p\"\n        }\n      },\n      \"{u}j=D\": {\n        \"name\": \"qZ#=\",\n        \"ay\": 1952,\n        \"assign\": [\n          \"W=6tSK{\",\n          \"\",\n          \"UtLeu7*$\",\n          \"Z6tLj~\",\n          \"hjI5q\"\n        ],\n        \"match\": \"YYL05*\",\n        \"satisfy\": [\n          {\n            \"or\": [\n              {\n                \"or\": [\n                  {\n                    \"and\": [\n                      \"Ds?36;^)yb\",\n                      \"b#K\",\n                      \"+\",\n                      \"\",\n                      \"Yw[JL14v~\"\n                    ]\n                  },\n                  {\n                    \"or\": [\n                      \"Ww\"\n                    ]\n                  },\n                  \"<.\\\\A[\"\n                ]\n              },\n              {\n                \"mc\": \">=1680967222\"\n              }\n            ]\n          },\n          {\n            \"and\": [\n              \"]^\",\n              {\n                \"or\": [\n                  \"{#4B3#j7\",\n                  {\n                    \"and\": [\n                      {\n                        \"mc\": 79\n                      }\n                    ]\n                  },\n                  {\n                    \"mc\": \">=1777951809\"\n                  },\n                  {\n                    \"and\": []\n                  },\n                  \"*dH4y\"\n                ]\n              }\n            ]\n          },\n          \"PE\\\\\"\n        ],\n        \"url\": \"http://esnef80d783qpk95ar7dfldi9ls3ah7k-kj5mdwtlzsd1h1.zlq25kd8an1sk.nsx/%F3%90%B0%A5F-)6JsFTp/4NyQ@M6%F0%9D%B0%86/N3au%F2%A5%95%94NG//:3kR*NvYQ7/%F0%BF%90%88%F0%92%96%B0g3@Q)J/,F3V/S\",\n        \"info\": \"[-+`m\"\n      },\n      \"\": {\n        \"name\": \"\",\n        \"assign\": [],\n        \"match\": [\n          {\n            \"and\": [\n              {\n                \"or\": [\n                  \"KFI29M\",\n                  {\n                    \"and\": [\n                      \"EO7x99\",\n                      \"KQGx*9U\",\n                      {\n                        \"and\": [\n                          \"PB7V\",\n                          \"YXC16Q\",\n                          \"XVGx2P\"\n                        ]\n                      }\n                    ]\n                  },\n                  {\n                    \"or\": []\n                  },\n                  \"BWRxX\",\n                  {\n                    \"pattern\": \"SH01\",\n                    \"exclude\": [\n                      \"UGY14Y\"\n                    ],\n                    \"info\": \"7=Gn3\"\n                  }\n                ]\n              }\n            ]\n          }\n        ],\n        \"url\": \"https://nughnkaqc3e68q8zlpm2wg58ufxq08ae3a9dtbz.uszc-ps43x09ad15jgbhu516n1-h9rtmijj2g86913e84esyvg9.q5i5mtyha4h6q8vdml03hihv.4c4cu-5x1ci2w2yg1igser4xh580fv0rmota3mjmcxxp0yhutmvhfvop.mcayzbzx/(%F3%80%8E%BCLqcf/acN%F1%9E%96%82hm/0%F2%BE%9B%96H/q%F1%B7%B1%ABmlR0zlx\",\n        \"info\": \"K7EjzQ;-\",\n        \"\": {\n          \"name\": \"4i~vA:>jO\",\n          \"ay\": 1989,\n          \"assign\": [\n            \"ykL#ps_\",\n            \"\\\\d,w17\\\"wh'\",\n            \"sTEdh[#Su\",\n            \"H$JSQ{Z\"\n          ],\n          \"match\": [\n            {\n              \"pattern\": \"EA*x\",\n              \"exclude\": \"CZ366R\",\n              \"info\": \"j\"\n            },\n            {\n              \"pattern\": \"AR036L\",\n              \"exclude\": \"GO2F\"\n            },\n            \"NA2K\",\n            {\n              \"or\": []\n            }\n          ],\n          \"satisfy\": [\n            {\n              \"and\": [\n                {\n                  \"mc\": 130\n                },\n                \"*\"\n              ]\n            },\n            {\n              \"or\": [\n                {\n                  \"or\": [\n                    {\n                      \"mc\": \">=83141416\"\n                    }\n                  ]\n                },\n                \"x3j\"\n              ]\n            }\n          ],\n          \"info\": \"{z4|\"\n        },\n        \"^YH\": {\n          \"name\": \"lG\",\n          \"ay\": 1957,\n          \"assign\": \"_RufPZ4@'b\",\n          \"match\": {\n            \"or\": [\n              {\n                \"or\": [\n                  {\n                    \"and\": [\n                      {\n                        \"or\": [\n                          \"NA18T\"\n                        ]\n                      },\n                      \"VG3*1R\",\n                      {\n                        \"pattern\": \"QOA45T\",\n                        \"exclude\": [\n                          \"TC829\",\n                          \"JS2*Q\",\n                          \"TV1765\"\n                        ]\n                      },\n                      \"MYZ9A\"\n                    ]\n                  },\n                  \"SU662*\",\n                  \"OOV4\",\n                  \"EH5815T\"\n                ]\n              },\n              {\n                \"or\": [\n                  \"BFH3\",\n                  \"WY84L\"\n                ]\n              },\n              {\n                \"or\": []\n              }\n            ]\n          },\n          \"satisfy\": {\n            \"mc\": \"<=805289368\"\n          },\n          \"info\": \"*Z 1_E.c\\\"\"\n        }\n      },\n      \"\\\\(\\\"D(<:Ua\\\\\": {\n        \"name\": \"><3E7hOQ\",\n        \"ay\": 2011,\n        \"assign\": \"v5*rz@eP+l\",\n        \"match\": {\n          \"pattern\": \"DEx\",\n          \"exclude\": \"RLO858\",\n          \"info\": \"DMB/3:=\"\n        },\n        \"satisfy\": {\n          \"mc\": 141\n        },\n        \"url\": \"http://o.hznshz5got753dz6injkkbnresah0tq0p90rbrxakv.1on5272xyegne5a72d7x.6py1udqvqf-no2zp6driwd9im8t3tsbm7.jmch/q8GJrb,/hV!/L)/u%F2%99%BB%9Ch%F0%BF%94%B5F\",\n        \"info\": \"H{E?\",\n        \"LQp8s4;3\": {\n          \"name\": \"%X-q7L.\",\n          \"ay\": 1993,\n          \"assign\": \"*\",\n          \"match\": {\n            \"pattern\": \"HL12G\",\n            \"exclude\": [\n              \"XAW*0*2T\",\n              \"KZI3x35O\",\n              \"SYHx272\"\n            ],\n            \"info\": \" 6B(\"\n          },\n          \"satisfy\": [\n            \"{E#Dfu\",\n            {\n              \"mc\": \"<=554227477\"\n            }\n          ],\n          \"url\": \"http://ti2pshblivye00u8tvbj69jj6ke5e9g.vcaugha6-t-2zl4f0vwjioatr2ecd70-3fc56boccqy-tcbf.6wms0iof13k7uqccp-925d0.d1c5y-ehasj6ugid.cnrjye/%F3%AF%BB%B9fUtczW/ffHy*0\",\n          \"info\": \"\"\n        },\n        \"ToP@1\": {\n          \"name\": \"e>Rlu\",\n          \"ay\": 2000,\n          \"assign\": [\n            \"COX7=Yj{N$\",\n            \"Tt-K\",\n            \"\",\n            \"9^:v\"\n          ],\n          \"match\": {\n            \"or\": []\n          },\n          \"url\": \"https://ldwuydn9xdm073bci7kx.zlmpv533sk1lq3i8o8m89hewzy-6h8og497lut78f2x9alo5e9yqo.v.2kdgiry86xjwv1s3etayb5j5ws1hxf0ouog9qeqfd1zxqu.hnwhfu3updxilbnhbfiqai178qxkcw4tvynz5.hrocg/1w&/p9f54a/X1SMD//,%F0%95%B7%81CP/4u/Aa\",\n          \"info\": \"rJvu<]\\\"(}\",\n          \";!NVu\": {\n            \"assign\": [\n              \"f`;@5O pGi\",\n              \"K<z:SW\",\n              \"e1y\",\n              \"q>=Su+/gC\",\n              \"I[zG<tt'\\\\\"\n            ],\n            \"match\": {\n              \"or\": [\n                {\n                  \"pattern\": \"YD1282I\",\n                  \"exclude\": \"YBQ5x\",\n                  \"info\": \"\"\n                },\n                {\n                  \"pattern\": \"BYA3\",\n                  \"exclude\": [],\n                  \"info\": \"k}F20=\"\n                },\n                {\n                  \"and\": [\n                    \"BEQ3I\",\n                    \"VPD1x1C\",\n                    \"MR3Z\"\n                  ]\n                },\n                {\n                  \"and\": [\n                    {\n                      \"or\": [\n                        \"OS152D\",\n                        \"WV41\"\n                      ]\n                    },\n                    \"IA*x9Z\",\n                    {\n                      \"or\": [\n                        {\n                          \"or\": [\n                            \"UI2**7\",\n                            \"IVxU\",\n                            \"FG75\",\n                            \"EPA8\"\n                          ]\n                        }\n                      ]\n                    },\n                    \"ON2\",\n                    \"RWJ8H\"\n                  ]\n                },\n                {\n                  \"or\": []\n                }\n              ]\n            },\n            \"satisfy\": {\n              \"or\": [\n                {\n                  \"or\": [\n                    {\n                      \"mc\": 86\n                    },\n                    {\n                      \"and\": []\n                    },\n                    \"hR#mv\\\\{5dt\",\n                    \"4,pk\"\n                  ]\n                }\n              ]\n            },\n            \"url\": \"http://yre9bahto3okkx-j3dtzx9zzv3882tx877qrvp5w6as-imd8u.htvdgrd9dncxf21ye1v7.jj4l3tdtcl9g2mxw19w2u2x8-0-odpd656zzwhr55ksrgyksv3qjhv.pwhzdtsr/hN%F0%BF%A5%9BS*!NZX/=_96@k/+iYY~.A/_.%F2%97%B8%A8//6/)%F0%9D%A7%87dO(~/=q\",\n            \"info\": \"/8\\\"\"\n          }\n        },\n        \";C\": {\n          \"name\": \"Vl`\",\n          \"ay\": 1989,\n          \"match\": \"DON2A\",\n          \"satisfy\": \"CP6Q<Z2)\"\n        },\n        \"\": {\n          \"name\": \"\\\\ou_*nAQ3m\",\n          \"ay\": 1964,\n          \"assign\": \"\",\n          \"match\": {\n            \"and\": [\n              {\n                \"and\": [\n                  {\n                    \"and\": [\n                      \"PSM7471\",\n                      \"ATR96\",\n                      \"EPx05L\",\n                      \"IJ518Q\"\n                    ]\n                  },\n                  {\n                    \"or\": [\n                      {\n                        \"or\": [\n                          {\n                            \"or\": [\n                              \"SI3426O\",\n                              \"GX61\",\n                              \"TS1112\"\n                            ]\n                          },\n                          \"HCM79\",\n                          \"NNB8x37Q\",\n                          \"VE1L\",\n                          \"PS997\"\n                        ]\n                      },\n                      \"TK2\"\n                    ]\n                  }\n                ]\n              },\n              {\n                \"pattern\": \"OLH63T\",\n                \"exclude\": [\n                  \"MRF5\"\n                ],\n                \"info\": \"4&q;y\"\n              }\n            ]\n          },\n          \"satisfy\": [],\n          \"url\": \"http://37s2c7ibsred338wytineqpqeq1u85mp.0.t0c0r3p19pxh8t1wuiz86gz30ehb1051ycsizdke26ljk60bq65ac1ozlgq1.ps33q0wel0a3sr8vy-65icfz4o1bmcba4o02vupee8h2sqjgezcl2y9axvl5.9w-tm.tkqdyx/l/:U//Uzkdf/%F2%A8%A3%B1(GQivZ.~b/Q%F3%B6%91%940D%F3%95%81%ABp3\",\n          \"info\": \"=\"\n        },\n        \"3'7-\": {\n          \"name\": \"y_Slz,BJ,>\",\n          \"ay\": 1961,\n          \"assign\": [\n            \"kzZuu\"\n          ],\n          \"match\": [\n            {\n              \"and\": [\n                {\n                  \"or\": []\n                },\n                {\n                  \"or\": [\n                    {\n                      \"and\": [\n                        \"JKM5*xK\",\n                        \"KG20x*B\"\n                      ]\n                    },\n                    {\n                      \"pattern\": \"KPU00\",\n                      \"exclude\": \"QZJ1**O\",\n                      \"info\": \"r2+\"\n                    }\n                  ]\n                },\n                {\n                  \"pattern\": \"CDL066R\",\n                  \"exclude\": \"QLJ8\",\n                  \"info\": \"S6ki\"\n                },\n                \"SY94Q\"\n              ]\n            },\n            {\n              \"pattern\": \"SXG*666\",\n              \"info\": \"(\"\n            }\n          ],\n          \"satisfy\": [\n            \"\",\n            {\n              \"or\": [\n                {\n                  \"mc\": 114\n                },\n                {\n                  \"or\": [\n                    \"@@y9'\",\n                    {\n                      \"mc\": \">=868775783\"\n                    },\n                    \"\",\n                    \"~EqMbkvr\\\\\"\n                  ]\n                }\n              ]\n            },\n            {\n              \"mc\": 162\n            }\n          ],\n          \"url\": \"https://9.vpgwnveisi3yajdek785kthfff77etn.o5vfqz6hc7vi0ldtfrtq2f005j8062zwnc.5k-b4mpm55i38pzxbalqp3b6if5y4ooxucys0rs0gcggu9b51lezh.lgdaxgrw/m%F2%A5%A3%B3'(1F:(/OpAqB/rSF\",\n          \"info\": \"-:{*b}N{_\"\n        }\n      }\n    }\n  },\n  {\n    \"title\": \"block sample 1\",\n    \"value\": {\n      \"name\": \"\",\n      \"ay\": 2026,\n      \"assign\": \"&\\\"x y\",\n      \"match\": [\n        {\n          \"or\": [\n            \"POO*86B\",\n            {\n              \"pattern\": \"OZ394\",\n              \"exclude\": \"IH042F\",\n              \"info\": \"5}DCq6a#u\"\n            }\n          ]\n        },\n        \"WHG2xA\",\n        {\n          \"or\": [\n            \"CNO2\",\n            {\n              \"pattern\": \"ICE4R\",\n              \"exclude\": \"BZS664S\",\n              \"info\": \"LYI\"\n            },\n            {\n              \"or\": [\n                \"SHW*Q\",\n                {\n                  \"and\": [\n                    \"ZAB1x94\",\n                    \"IOJ500Q\"\n                  ]\n                },\n                \"QZ808U\"\n              ]\n            }\n          ]\n        },\n        {\n          \"pattern\": \"BDU8xO\",\n          \"info\": \"AW\"\n        }\n      ],\n      \"url\": \"https://xrj3aidd3rna7qpbsc9cf.acejdl.rqyubauipg/H;6)b\",\n      \"info\": \">+\",\n      \"}@;WY*RL\": {\n        \"name\": \"7YX}#S1C\",\n        \"ay\": 1988,\n        \"assign\": [\n          \"A\",\n          \"2VX\",\n          \"|y!geW/v2\"\n        ],\n        \"match\": [\n          {\n            \"pattern\": \"BOP3737\",\n            \"exclude\": \"GNC1*\",\n            \"info\": \"~HE>Bx&\"\n          },\n          {\n            \"or\": [\n              {\n                \"or\": [\n                  \"UMO1\",\n                  \"QO7x2xB\"\n                ]\n              },\n              {\n                \"and\": [\n                  \"MPW417\",\n                  \"JPG0065B\"\n                ]\n              },\n              {\n                \"pattern\": \"VZJ4*8\",\n                \"exclude\": \"BT3\"\n              },\n              \"AAU5U\"\n            ]\n          },\n          {\n            \"and\": [\n              {\n                \"pattern\": \"PLxI\",\n                \"exclude\": \"DJT4X\",\n                \"info\": \"az{LnI=Lt\"\n              },\n              {\n                \"pattern\": \"QK21\",\n                \"exclude\": \"XZ1013Y\",\n                \"info\": \"wsGnb!|\\\\m\"\n              },\n              {\n                \"and\": [\n                  {\n                    \"or\": [\n                      \"SR5874I\",\n                      {\n                        \"pattern\": \"BZ8G\",\n                        \"exclude\": [\n                          \"KT20C\",\n                          \"FTT6168\",\n                          \"VO20X\"\n                        ],\n                        \"info\": \">\"\n                      }\n                    ]\n                  },\n                  \"CLG6*93\",\n                  {\n                    \"or\": [\n                      \"BJ806\"\n                    ]\n                  },\n                  {\n                    \"pattern\": \"KD1\",\n                    \"exclude\": [\n                      \"BVR66U\",\n                      \"CAZ17x7Y\",\n                      \"TYC5Z\"\n                    ]\n                  },\n                  {\n                    \"pattern\": \"XHT9x86\",\n                    \"exclude\": [\n                      \"FCC8*\",\n                      \"NITx98\",\n                      \"XE83\",\n                      \"CXx7R\"\n                    ],\n                    \"info\": \")Tafm1~ZC\"\n                  }\n                ]\n              },\n              {\n                \"and\": [\n                  {\n                    \"pattern\": \"SA344xZ\",\n                    \"exclude\": \"UBQ0733\",\n                    \"info\": \"*5(Oz\"\n                  },\n                  \"YJx5x*B\",\n                  {\n                    \"and\": []\n                  }\n                ]\n              }\n            ]\n          }\n        ],\n        \"url\": \"http://61ci5ongfs3p5aw8e6vz5dt3jnqywliicy5.53b9kookoidg3a18d.gyucmt/+x%F1%93%BD%B11%E2%81%B2$%F3%9D%93%B1D//F/U%F1%90%BE%B1qRZ/ad@C/o/%F3%A5%A5%9CI2kCeq\",\n        \"info\": \"Oh\"\n      }\n    }\n  },\n  {\n    \"title\": \"block sample 2\",\n    \"value\": {\n      \"name\": \".'z6\",\n      \"ay\": 2026,\n      \"assign\": \"%\\\\Vp\",\n      \"match\": [],\n      \"satisfy\": [\n        {\n          \"or\": [\n            {\n              \"mc\": \"<=526681487\"\n            },\n            {\n              \"or\": [\n                {\n                  \"and\": [\n                    \"\",\n                    \"jp]eUL[\"\n                  ]\n                },\n                \"d y}\",\n                \"0CU\",\n                {\n                  \"and\": [\n                    \"I \",\n                    \" fZ\"\n                  ]\n                },\n                \"\"\n              ]\n            },\n            {\n              \"mc\": 195\n            },\n            \"yz %%~!|\"\n          ]\n        },\n        {\n          \"or\": [\n            {\n              \"or\": [\n                \"gZm!:.b\",\n                {\n                  \"mc\": \"<=1441473743\"\n                }\n              ]\n            },\n            {\n              \"and\": []\n            },\n            {\n              \"mc\": \">=1853925405\"\n            }\n          ]\n        }\n      ],\n      \"url\": \"http://89pgho9b2wr1zxd680bs93ebaqz6vzhe.cw/dbdfp*cg4S\",\n      \"info\": \";HKNq1jm\",\n      \"1I-x\\\"f[b'\": {\n        \"name\": \"iu>a#}s19F\",\n        \"ay\": 2006,\n        \"assign\": [\n          \"{OEQprvj\\\\\",\n          \"-9PdZm\\\"K\",\n          \"=\",\n          \"DdjCG\",\n          \"3/rhT\"\n        ],\n        \"match\": [\n          {\n            \"or\": [\n              {\n                \"and\": [\n                  {\n                    \"or\": [\n                      {\n                        \"and\": [\n                          {\n                            \"or\": [\n                              \"KLW*8R\",\n                              \"MG86Z\",\n                              \"LIxP\",\n                              \"HE*78\",\n                              \"UO*00\"\n                            ]\n                          },\n                          \"MJI*0\",\n                          \"RER46\",\n                          \"HXR3205Y\"\n                        ]\n                      }\n                    ]\n                  },\n                  \"HY2\",\n                  \"IE60\",\n                  \"VBQ31*\"\n                ]\n              },\n              {\n                \"and\": [\n                  \"AIL29\"\n                ]\n              }\n            ]\n          },\n          {\n            \"pattern\": \"LTO0965J\",\n            \"exclude\": [\n              \"NZSx87C\",\n              \"VJRx26*Y\",\n              \"LT7\",\n              \"NR5\"\n            ],\n            \"info\": \"A</ypJ@BZ\"\n          },\n          {\n            \"pattern\": \"RT621\"\n          },\n          {\n            \"pattern\": \"POX7L\",\n            \"exclude\": [\n              \"LR573\",\n              \"ET4481\"\n            ],\n            \"info\": \"\"\n          }\n        ],\n        \"satisfy\": {\n          \"or\": [\n            {\n              \"or\": [\n                {\n                  \"mc\": 82\n                }\n              ]\n            },\n            {\n              \"mc\": 192\n            },\n            \"\"\n          ]\n        },\n        \"info\": \"FPB`BHZ \",\n        \"-GkJ\": {\n          \"assign\": [\n            \"i_o3g[_hd)\"\n          ],\n          \"satisfy\": [\n            {\n              \"and\": [\n                {\n                  \"mc\": \"<=1269514552\"\n                },\n                {\n                  \"or\": [\n                    \"B'49\"\n                  ]\n                },\n                \"p*L% I<\",\n                {\n                  \"mc\": 151\n                },\n                {\n                  \"or\": [\n                    {\n                      \"and\": [\n                        {\n                          \"mc\": 68\n                        },\n                        {\n                          \"mc\": \"<=1728008287\"\n                        },\n                        \"Gmpk_T&W\",\n                        {\n                          \"and\": [\n                            \")Fi\",\n                            \"Aq\",\n                            \"zm\",\n                            \"ADdW=\\\"\"\n                          ]\n                        }\n                      ]\n                    }\n                  ]\n                }\n              ]\n            },\n            {\n              \"mc\": 58\n            }\n          ],\n          \"url\": \"https://fgy9bb-bjx0lyix704twpf.rbfzyfy/K)J%F0%9A%8D%83eE/b3QL-%F1%BE%94%82%F4%87%9F%8D/JM'n%F3%A2%92%9Alu/*wG%F3%8B%B5%98%F2%8A%80%9A/-jQE%F2%A5%82%BCwT@1p/gO/:=/FvUjTkElx%F4%86%A1%85//bCWJIEu6\",\n          \"info\": \"SSxu;z\",\n          \"\": {\n            \"name\": \"8}H\",\n            \"ay\": 2009,\n            \"assign\": [\n              \"__MB<f^0@\",\n              \"dU]Pu\"\n            ],\n            \"match\": {\n              \"or\": [\n                \"XKG684G\",\n                {\n                  \"and\": [\n                    \"XP0*15V\",\n                    \"VY603\"\n                  ]\n                },\n                {\n                  \"or\": [\n                    {\n                      \"pattern\": \"BX4U\",\n                      \"info\": \"g1NR(1h=%\"\n                    },\n                    \"QGT8H\",\n                    {\n                      \"pattern\": \"LRG41\",\n                      \"info\": \"1+SFgZ+nMo\"\n                    },\n                    \"ZE77\",\n                    \"XA41Q\"\n                  ]\n                }\n              ]\n            },\n            \"satisfy\": [\n              {\n                \"mc\": \"<=36278880\"\n              }\n            ],\n            \"url\": \"https://rtlt0z74ue9--dmel9cxt3660x1b1xnmw4lni4q0-s7kh819i7p.w.jfw006699lzzw57azdwwur37nzu9yewjmgsh2okktze3uz-nrc.uaqte/.ZI12yX/3%F1%9E%B8%AA.E%F1%9F%93%B6h+Mt\",\n            \"info\": \" 0p\"\n          },\n          \"ui%|g\": {\n            \"name\": \"3\",\n            \"ay\": 1972,\n            \"assign\": [\n              \"c3yg\",\n              \"bjlP>\\\\\"\n            ],\n            \"satisfy\": {\n              \"mc\": \"<=1239924099\"\n            },\n            \"url\": \"http://03p9-ffglaep989m5c3ctm4f013me-efgjug7l1b9nmp3gavhg-erdxi3586.br5kml5o8i9ak03mcw0lt7gv016m1erkhl2aru5tr27ecpgq.1zch8an9.mhqaciwt/2:T/@K/zG%F0%BC%98%BCA/'%F4%84%96%AAFJ@/&dV1dY/&WBH=c\",\n            \"info\": \"EhIF\"\n          },\n          \"+F)n\": {\n            \"assign\": \"^H1`7<$gM\",\n            \"match\": {\n              \"and\": [\n                {\n                  \"pattern\": \"FKB49xI\",\n                  \"info\": \"O)/qW|`[f}\"\n                },\n                {\n                  \"pattern\": \"AI9\",\n                  \"exclude\": [\n                    \"JIX5366B\",\n                    \"HUD9205\",\n                    \"PXL4C\",\n                    \"ATW8x73G\"\n                  ],\n                  \"info\": \"em\\\"aCYv\"\n                },\n                {\n                  \"or\": [\n                    \"TUX61\",\n                    {\n                      \"or\": [\n                        \"JM086\",\n                        {\n                          \"or\": [\n                            \"OZP0499S\",\n                            \"ALN4Q\",\n                            \"KAS0J\"\n                          ]\n                        },\n                        \"GMX4*G\"\n                      ]\n                    }\n                  ]\n                }\n              ]\n            },\n            \"satisfy\": [\n              {\n                \"and\": []\n              },\n              {\n                \"mc\": 8\n              },\n              {\n                \"and\": []\n              }\n            ],\n            \"url\": \"https://n43qnz2mp2babd-0eyl174cpdllke6ddacsobjomnz56k0thse4v1uik4m.vh5jx8bc2da.c.ncxcsekgri//'/2QJ%F2%B5%AB%9BE/%F3%A3%A1%85D=xz/Q/toGr/m&B/7cq//f,*mqFU\",\n            \"info\": \":9<wo:'-\"\n          },\n          \"7YIM:\": {\n            \"name\": \"&/s?\",\n            \"ay\": 1981,\n            \"assign\": \"kC+\",\n            \"satisfy\": [\n              {\n                \"or\": [\n                  {\n                    \"and\": [\n                      \"2&TxcQV\",\n                      \"YMS=%** ;\",\n                      {\n                        \"mc\": 152\n                      },\n                      \"[r;\",\n                      \"9\"\n                    ]\n                  },\n                  \"}Oh&-!{y0F\"\n                ]\n              },\n              \"\",\n              {\n                \"or\": [\n                  {\n                    \"and\": [\n                      \"|\",\n                      {\n                        \"and\": [\n                          \"y/#k*$T{w/\",\n                          \"FllhG*hwA\",\n                          \"G\",\n                          {\n                            \"or\": [\n                              \"$q,L\",\n                              \"~D~G%|VX\",\n                              \"7}\",\n                              {\n                                \"mc\": \">=1600387267\"\n                              },\n                              {\n                                \"and\": [\n                                  \":[\",\n                                  \"xCutK(\\\\vXI\",\n                                  \"C~Az=\\\"1\"\n                                ]\n                              }\n                            ]\n                          }\n                        ]\n                      },\n                      {\n                        \"or\": [\n                          \"SOX*)Z\",\n                          \">%{\",\n                          \"B*\",\n                          \"_p2*Kcxg\"\n                        ]\n                      },\n                      {\n                        \"mc\": 71\n                      }\n                    ]\n                  },\n                  {\n                    \"mc\": 81\n                  },\n                  \"\"\n                ]\n              }\n            ],\n            \"info\": \"!&\"\n          }\n        },\n        \"q||^B\\\"fYP\": {\n          \"name\": \"?iqDA[s]\",\n          \"ay\": 1957,\n          \"match\": {\n            \"pattern\": \"JD4813E\",\n            \"exclude\": \"WW5*3\",\n            \"info\": \"<s4'WAk\"\n          },\n          \"satisfy\": \"30ub\",\n          \"url\": \"https://dxhdx5p3ww7vfih3bedjvwpl06niulykpn11yuyy.fljqqtc//CR%F1%8F%B4%B4j(3\",\n          \",2v \": {\n            \"name\": \"aCSH_\",\n            \"ay\": 2005,\n            \"match\": {\n              \"pattern\": \"IC78A\",\n              \"exclude\": \"HO8323\",\n              \"info\": \"jG=|(';WE\\\"\"\n            },\n            \"satisfy\": {\n              \"or\": [\n                {\n                  \"and\": [\n                    \"\"\n                  ]\n                },\n                {\n                  \"or\": [\n                    \",B\"\n                  ]\n                },\n                {\n                  \"or\": [\n                    \"zDEpt\",\n                    \"EL\",\n                    \"J\",\n                    \"{}aH\"\n                  ]\n                },\n                {\n                  \"and\": [\n                    \"=VpX1Y45\\\\\",\n                    {\n                      \"and\": []\n                    },\n                    {\n                      \"or\": [\n                        \"\\\"<t3eB{]}\",\n                        {\n                          \"mc\": \">=848522308\"\n                        },\n                        \"*e}5IY\"\n                      ]\n                    }\n                  ]\n                },\n                {\n                  \"mc\": \">=750605418\"\n                }\n              ]\n            },\n            \"info\": \"tW+!?=1\",\n            \"nX38l,~\\\"\": {\n              \"name\": \"Ov+`&gW\",\n              \"ay\": 1970,\n              \"assign\": \"3I\",\n              \"match\": [\n                {\n                  \"and\": [\n                    {\n                      \"pattern\": \"CH43\",\n                      \"exclude\": \"NTM4x6X\",\n                      \"info\": \"q8+yv6\"\n                    }\n                  ]\n                },\n                \"SQA41Z\",\n                {\n                  \"pattern\": \"ECF516A\",\n                  \"exclude\": \"EEY044\",\n                  \"info\": \"\"\n                },\n                {\n                  \"pattern\": \"EQ*213Z\",\n                  \"exclude\": \"TVE931\",\n                  \"info\": \"ZY?`?pOn,w\"\n                },\n                {\n                  \"pattern\": \"INF5\",\n                  \"exclude\": [\n                    \"WR7688\",\n                    \"BWS20\"\n                  ],\n                  \"info\": \".],lsipH@\"\n                }\n              ],\n              \"satisfy\": [\n                \"7Wc7l\",\n                {\n                  \"mc\": 127\n                },\n                {\n                  \"and\": [\n                    {\n                      \"mc\": \">=2078912327\"\n                    },\n                    {\n                      \"or\": [\n                        \"{BsI{\",\n                        \"7Y>,)\",\n                        \"SF[\",\n                        \"p|lB> >X& \",\n                        {\n                          \"and\": [\n                            \"6,\",\n                            {\n                              \"and\": [\n                                \"O:$8K\",\n                                \"K\",\n                                \"Pv35l\"\n                              ]\n                            }\n                          ]\n                        }\n                      ]\n                    },\n                    {\n                      \"mc\": \"<=1313095401\"\n                    }\n                  ]\n                }\n              ],\n              \"info\": \"y])\\\\\"\n            },\n            \"mZ.EJK\": {\n              \"name\": \"wg{?\",\n              \"ay\": 1955,\n              \"assign\": \"F>jfYTN05\",\n              \"match\": {\n                \"or\": [\n                  {\n                    \"pattern\": \"LAU3\",\n                    \"exclude\": \"XAZ929S\",\n                    \"info\": \"<Vc8{!5*t\"\n                  },\n                  {\n                    \"or\": [\n                      {\n                        \"pattern\": \"AK0x\",\n                        \"exclude\": \"BPL8\",\n                        \"info\": \"!Q=/Dmq=B`\"\n                      }\n                    ]\n                  },\n                  {\n                    \"and\": [\n                      \"KZ4\",\n                      {\n                        \"pattern\": \"BEH5*J\",\n                        \"exclude\": [\n                          \"UY42U\",\n                          \"BQ5926\",\n                          \"WOB7\",\n                          \"RP5x6O\"\n                        ],\n                        \"info\": \"\"\n                      },\n                      \"AL5\"\n                    ]\n                  },\n                  {\n                    \"or\": [\n                      \"KE266xR\",\n                      \"BR9971\",\n                      {\n                        \"pattern\": \"EJI3xH\",\n                        \"exclude\": [\n                          \"ILK01\"\n                        ],\n                        \"info\": \"^S?CLwh-H\"\n                      },\n                      \"MS5657\"\n                    ]\n                  }\n                ]\n              },\n              \"satisfy\": [\n                {\n                  \"mc\": 86\n                }\n              ]\n            },\n            \"#X35\": {\n              \"ay\": 1987,\n              \"assign\": \"VYv|b!\\\\7j\",\n              \"match\": [],\n              \"satisfy\": {\n                \"or\": [\n                  \"}a~g6s{\",\n                  {\n                    \"and\": [\n                      {\n                        \"and\": [\n                          {\n                            \"mc\": \"<=179206873\"\n                          },\n                          {\n                            \"mc\": 134\n                          },\n                          \"s.zpXG7\",\n                          \"j!r0nZiO2\",\n                          \"6GmIbxe3\"\n                        ]\n                      },\n                      \"H$='070\",\n                      {\n                        \"or\": [\n                          {\n                            \"or\": [\n                              {\n                                \"or\": [\n                                  \"\",\n                                  \"\"\n                                ]\n                              },\n                              \"}&G|au\",\n                              {\n                                \"or\": []\n                              },\n                              {\n                                \"mc\": 79\n                              },\n                              \"G\"\n                            ]\n                          },\n                          \"\",\n                          \"5]li\"\n                        ]\n                      },\n                      {\n                        \"mc\": \">=41671146\"\n                      },\n                      {\n                        \"and\": [\n                          \"\",\n                          \"q[i\"\n                        ]\n                      }\n                    ]\n                  },\n                  {\n                    \"and\": [\n                      {\n                        \"mc\": 37\n                      },\n                      \"p8\\\\O6TZ7&\",\n                      {\n                        \"mc\": \"<=1270631677\"\n                      }\n                    ]\n                  }\n                ]\n              },\n              \"url\": \"http://b.30wx-a7yqc3kcrtr75.qgy2o.ybek0p.fw//2D\",\n              \"info\": \"\"\n            },\n            \"bEN\": {\n              \"name\": \"5zY;UQt\",\n              \"ay\": 2028,\n              \"assign\": [\n                \"xzEChC\",\n                \"G&0WL#%>&\"\n              ],\n              \"match\": {\n                \"pattern\": \"BQ4\",\n                \"exclude\": \"AV6*11\"\n              },\n              \"satisfy\": {\n                \"and\": [\n                  \"3\"\n                ]\n              },\n              \"url\": \"https://i4o546642yjgox40t9nbt1hur5-n0gl3wcpfft1s8u2hhzr50.hkrcj1f3g6rjubw27i0zjo-knj.fpouuc\",\n              \"info\": \"Sd} A=\\\\|9.\"\n            }\n          },\n          \"t\": {\n            \"name\": \"xJdX<]nd4\",\n            \"ay\": 2018,\n            \"match\": {\n              \"pattern\": \"SL76\",\n              \"exclude\": \"RZ*x73V\",\n              \"info\": \"]3I\"\n            },\n            \"satisfy\": [\n              {\n                \"or\": [\n                  \"gv^M\",\n                  {\n                    \"and\": [\n                      \"*E\\\"qIx9jFs\"\n                    ]\n                  },\n                  {\n                    \"or\": [\n                      \"!pD~Z\",\n                      {\n                        \"and\": [\n                          {\n                            \"and\": []\n                          }\n                        ]\n                      },\n                      \"@@y\",\n                      {\n                        \"or\": [\n                          {\n                            \"or\": [\n                              \"Y.\",\n                              \"y`*N\",\n                              {\n                                \"and\": [\n                                  \"ZB\\\"\"\n                                ]\n                              }\n                            ]\n                          }\n                        ]\n                      },\n                      {\n                        \"or\": [\n                          {\n                            \"and\": [\n                              {\n                                \"mc\": \"<=1861482419\"\n                              },\n                              \"@c^P\",\n                              \"2:sn7u&Z\",\n                              \"1pwZCI6.&v\"\n                            ]\n                          },\n                          \"D#t(TuM\"\n                        ]\n                      }\n                    ]\n                  },\n                  \"Ws$fgCUY\"\n                ]\n              },\n              {\n                \"or\": [\n                  \"7W4\",\n                  {\n                    \"or\": []\n                  },\n                  {\n                    \"and\": [\n                      \"1Q\",\n                      {\n                        \"mc\": \"<=742395425\"\n                      }\n                    ]\n                  }\n                ]\n              }\n            ],\n            \"info\": \"l3~#U\"\n          }\n        },\n        \"q}@~7UZ\": {\n          \"ay\": 1987,\n          \"assign\": [\n            \",rj/H.\"\n          ],\n          \"match\": [],\n          \"satisfy\": [],\n          \"url\": \"http://q.yi2e1a67e.rmixbtg/%F1%AF%81%B0f/BE%F2%90%9D%86M%F1%A5%A4%81&YdvP\",\n          \"info\": \"Y'\\\\\"\n        }\n      }\n    }\n  },\n  {\n    \"title\": \"block sample 3\",\n    \"value\": {\n      \"match\": [\n        {\n          \"and\": [\n            {\n              \"and\": [\n                \"PGS91T\",\n                \"TGx25\",\n                \"EYx1J\",\n                \"HUD**T\",\n                {\n                  \"or\": [\n                    {\n                      \"or\": [\n                        \"COZ4\",\n                        \"YSP066\",\n                        \"FVA8\"\n                      ]\n                    },\n                    \"DD136\"\n                  ]\n                }\n              ]\n            },\n            {\n              \"and\": []\n            }\n          ]\n        },\n        \"TQO07\"\n      ],\n      \"satisfy\": [\n        \"\",\n        {\n          \"or\": [\n            \"\",\n            \"%9E9juU\",\n            {\n              \"mc\": 86\n            },\n            \"/~}nl\",\n            \"Lzy\"\n          ]\n        },\n        {\n          \"mc\": \"<=408102491\"\n        },\n        {\n          \"and\": [\n            {\n              \"and\": [\n                {\n                  \"and\": [\n                    \"_<\"\n                  ]\n                },\n                \"gfZzWj+{uj\"\n              ]\n            },\n            \"A8+E\",\n            {\n              \"mc\": 191\n            },\n            \"N\",\n            {\n              \"and\": []\n            }\n          ]\n        }\n      ],\n      \"url\": \"http://isk-xqs9a8.babeteb.jaioccjy/oQl=t77+E/rd_LaZOz~/R'/gx%F3%BC%94%BB7s///%F4%88%86%B3/!q;&Wy~MYH/a6U%F1%93%AB%9B/@W\",\n      \"info\": \"6;jn,t2\"\n    }\n  },\n  {\n    \"title\": \"block sample 4\",\n    \"value\": {\n      \"name\": \"A[++|Cnp\",\n      \"ay\": 1951,\n      \"assign\": \"\\\\8\",\n      \"match\": [],\n      \"satisfy\": {\n        \"or\": [\n          \"&&c%^q#\",\n          {\n            \"or\": [\n              {\n                \"or\": []\n              },\n              \"\",\n              {\n                \"mc\": \">=1470505436\"\n              },\n              \"=U \\\"oi\"\n            ]\n          }\n        ]\n      },\n      \"url\": \"http://s3.6dzwerqro8dmnpdunbzroyskcxfss5hni6q2f-35zxl-w7tmyd.866-li118u.rdkyszz\",\n      \"info\": \"wZGrWH.\"\n    }\n  },\n  {\n    \"title\": \"block sample 5\",\n    \"value\": {\n      \"name\": \"`;?RI]%\\\\a\",\n      \"ay\": 2028,\n      \"assign\": \"YOW\",\n      \"match\": [],\n      \"satisfy\": {\n        \"or\": [\n          {\n            \"mc\": 25\n          },\n          {\n            \"or\": [\n              \"'\",\n              {\n                \"and\": [\n                  \"%at`N3u2FP\",\n                  {\n                    \"mc\": 159\n                  }\n                ]\n              },\n              {\n                \"mc\": 38\n              }\n            ]\n          },\n          {\n            \"or\": []\n          }\n        ]\n      },\n      \"url\": \"http://nfwtrz9q1585ici0k73oyd9emnbp9e1p0uu8ht0ivkmzj1z63z34.eegndfi8abe6f76h6qr9nc1rvp556lb6ccb6dif8m8rcfah5.c1ra03elc76jfpzrtrneb1ewmdehcgn77k6.bwaya/7C/7/GCWB2'G/;dnLOyHP/%F3%A4%89%B2+%F3%8C%A1%ABovj/,O=dfH1/Fy50I/k\",\n      \"info\": \"_C[n#7t}\",\n      \"b\": {\n        \"name\": \"Rqf(\",\n        \"ay\": 1991,\n        \"assign\": \"z  z\",\n        \"match\": \"DA*31\",\n        \"satisfy\": {\n          \"mc\": \">=12\"\n        },\n        \"info\": \"t<6s,Mf@W\",\n        \"rAK4]wB\": {\n          \"name\": \"mIx3#Z\\\"re\",\n          \"ay\": 2022,\n          \"assign\": [\n            \"vpe6e3tH\",\n            \"Q7_$fZ\",\n            \"Y;F@G%X{!3\"\n          ],\n          \"match\": [\n            \"DGW23\"\n          ],\n          \"satisfy\": [],\n          \"url\": \"https://3p8-nyba19s279p7r66vxn1m5y6nsigr69wz717zjnjxkk8i7v3hwtg50tfg.2jzskf1mo4g6qw.zw-5uij3guce5ebbolw91f8rjw-9yxvqs3l5pyv77iu.lqhxy/4n%F0%9A%B9%B4ly%F2%84%8A%AF/w/C';%E8%A2%83o:Z/C2A$/Q*t/!,Xg.V/+m%E9%B8%9DBFXK/i~%F3%AC%B7%BAhoQ%F1%BA%93%B1\",\n          \"info\": \"`aQL\"\n        }\n      },\n      \"\": {\n        \"name\": \"_B\",\n        \"assign\": [\n          \"&$a\",\n          \"(\\\"^ytx\",\n          \"Z\",\n          \"e\",\n          \"rW*1IU3:u,\"\n        ],\n        \"match\": \"SD*8**\",\n        \"satisfy\": [\n          {\n            \"or\": []\n          },\n          \"!\",\n          \"Dp]W&X \",\n          \",\\\"\"\n        ],\n        \"url\": \"https://z.ziw/8gc/d/bg2~aAb:\",\n        \"@,\": {\n          \"ay\": 2002,\n          \"match\": [\n            {\n              \"and\": [\n                {\n                  \"or\": []\n                }\n              ]\n            },\n            \"SC644K\",\n            {\n              \"or\": [\n                {\n                  \"and\": [\n                    {\n                      \"pattern\": \"YHA20Q\",\n                      \"exclude\": [\n                        \"WBK6754Q\",\n                        \"XHB19A\",\n                        \"CMP*5B\"\n                      ],\n                      \"info\": \"\"\n                    },\n                    {\n                      \"or\": []\n                    },\n                    \"WM668\"\n                  ]\n                }\n              ]\n            },\n            \"HR*99X\"\n          ],\n          \"satisfy\": [\n            {\n              \"and\": [\n                {\n                  \"or\": []\n                },\n                {\n                  \"or\": [\n                    {\n                      \"mc\": 79\n                    },\n                    {\n                      \"and\": [\n                        {\n                          \"or\": []\n                        },\n                        {\n                          \"mc\": 179\n                        },\n                        \"Y#&[!I\",\n                        \"*1e\"\n                      ]\n                    },\n                    \"cmny\",\n                    \"\"\n                  ]\n                }\n              ]\n            },\n            \"?q;[R\\\\{|x\",\n            {\n              \"or\": [\n                \".IHT\",\n                {\n                  \"mc\": 42\n                },\n                {\n                  \"and\": [\n                    {\n                      \"and\": [\n                        \">\",\n                        {\n                          \"or\": [\n                            \"\",\n                            \"\"\n                          ]\n                        },\n                        \"Mwy WEL[[\"\n                      ]\n                    },\n                    \"`[1W\",\n                    {\n                      \"or\": [\n                        {\n                          \"mc\": \">=987469605\"\n                        }\n                      ]\n                    }\n                  ]\n                },\n                {\n                  \"and\": [\n                    {\n                      \"or\": []\n                    },\n                    \"}j\",\n                    {\n                      \"mc\": \"<=211927852\"\n                    },\n                    \"]qz\\\"v{rR\"\n                  ]\n                },\n                \"%hM:nb}|sJ\"\n              ]\n            }\n          ]\n        },\n        \"/$D7AFs(P[\": {\n          \"name\": \"C:LgJy\",\n          \"ay\": 1959,\n          \"satisfy\": {\n            \"mc\": \"<=737238082\"\n          },\n          \"url\": \"http://icbh3nf-k4gx9r4nad3h61ztuy0fbcqt04si5u9busl7kuys6mj84ic8ad1.07er-3lh6683ignwqaaodrmr9nbhkk-k06ypn8.5cmzghic1-u9g3zykyt4znzwy5mcato9be6tovu.ac/RI,RJ%F0%B8%80%84.W-/NncSP%F3%88%88%92.N/NU5r/C3*D:/u%F4%83%86%A5g,/6!NM70\",\n          \"info\": \"H/\"\n        }\n      }\n    }\n  },\n  {\n    \"title\": \"block sample 6\",\n    \"value\": {\n      \"name\": \"uhQ\",\n      \"ay\": 2030,\n      \"assign\": [\n        \"!\\\"-?#\",\n        \")Zh\\\"\",\n        \" s|!%&zso=\",\n        \"-8L%Mg\",\n        \"\"\n      ],\n      \"match\": [\n        {\n          \"or\": [\n            {\n              \"and\": [\n                \"PZ*59S\",\n                \"YYV7178L\",\n                \"HYY9Y\",\n                {\n                  \"and\": [\n                    {\n                      \"pattern\": \"ALx9M\",\n                      \"exclude\": \"SA0\",\n                      \"info\": \"$K^\"\n                    },\n                    \"SJG771\",\n                    \"DWH*135\",\n                    \"HSA90L\"\n                  ]\n                },\n                \"BX946H\"\n              ]\n            },\n            {\n              \"or\": [\n                {\n                  \"and\": [\n                    \"XR7560\",\n                    \"MNA5xx\",\n                    {\n                      \"and\": [\n                        \"OJG3*U\",\n                        \"CT9093W\",\n                        \"KM519\",\n                        \"NBH*29P\"\n                      ]\n                    },\n                    \"ELM7R\",\n                    \"UUY*5x\"\n                  ]\n                },\n                {\n                  \"or\": [\n                    \"VMY97\",\n                    \"PMY690\",\n                    {\n                      \"pattern\": \"LC43U\",\n                      \"exclude\": \"LOW598P\",\n                      \"info\": \"fa\"\n                    },\n                    \"NNC*3\",\n                    \"RAD4442D\"\n                  ]\n                },\n                \"MZW0227\"\n              ]\n            },\n            {\n              \"and\": [\n                {\n                  \"or\": []\n                },\n                {\n                  \"pattern\": \"TCT6510J\",\n                  \"exclude\": \"WZU23W\"\n                },\n                {\n                  \"or\": [\n                    \"YVW899\",\n                    {\n                      \"and\": [\n                        {\n                          \"and\": [\n                            \"AYN90\"\n                          ]\n                        }\n                      ]\n                    },\n                    \"FH8*51\"\n                  ]\n                },\n                {\n                  \"or\": []\n                }\n              ]\n            },\n            {\n              \"or\": [\n                \"ERx4Q\",\n                {\n                  \"and\": [\n                    {\n                      \"pattern\": \"CP3x\",\n                      \"exclude\": [\n                        \"DC7333A\",\n                        \"JN*N\",\n                        \"MR51xL\",\n                        \"AFT*330\",\n                        \"HS21L\"\n                      ],\n                      \"info\": \"\"\n                    }\n                  ]\n                }\n              ]\n            },\n            {\n              \"pattern\": \"KMY5*2V\",\n              \"exclude\": [],\n              \"info\": \"[%H{XL>b/?\"\n            }\n          ]\n        },\n        \"EV149\",\n        \"SD100\",\n        \"FW7x71\",\n        \"HB79W\"\n      ],\n      \"satisfy\": {\n        \"and\": []\n      },\n      \"info\": \"\",\n      \"^[g>feQj;\": {\n        \"name\": \"xk,i\",\n        \"ay\": 2010,\n        \"match\": [\n          {\n            \"pattern\": \"CXD32S\",\n            \"info\": \"\\\"i\"\n          },\n          {\n            \"or\": [\n              {\n                \"and\": [\n                  \"WXG849M\",\n                  \"IDZ0x96\",\n                  \"QTCx8*R\",\n                  \"LQR785*\",\n                  \"BCx\"\n                ]\n              },\n              {\n                \"and\": [\n                  {\n                    \"pattern\": \"NM71\",\n                    \"info\": \"$9mv\\\"PZsd\"\n                  }\n                ]\n              },\n              {\n                \"pattern\": \"FFM4xx*\",\n                \"exclude\": [\n                  \"PMx9I\",\n                  \"BWX0U\",\n                  \"AMR93L\"\n                ],\n                \"info\": \"<\\\\\\\"\"\n              },\n              \"PZ63G\",\n              {\n                \"or\": [\n                  {\n                    \"pattern\": \"LSZ496Z\",\n                    \"exclude\": \"DO1044R\",\n                    \"info\": \"{Wp{\"\n                  },\n                  \"IC4*2\"\n                ]\n              }\n            ]\n          },\n          {\n            \"and\": []\n          },\n          {\n            \"and\": [\n              {\n                \"and\": [\n                  {\n                    \"or\": [\n                      {\n                        \"and\": []\n                      },\n                      \"YBV02W\"\n                    ]\n                  },\n                  \"QIC0N\",\n                  {\n                    \"and\": []\n                  },\n                  {\n                    \"or\": [\n                      {\n                        \"or\": [\n                          \"RI6A\",\n                          \"YFQ93x7F\"\n                        ]\n                      },\n                      \"HEJ28\",\n                      \"GGQ881\",\n                      {\n                        \"pattern\": \"PZ1\",\n                        \"exclude\": \"AY8O\"\n                      }\n                    ]\n                  },\n                  \"IPW583*\"\n                ]\n              },\n              \"PVQ2M\",\n              {\n                \"pattern\": \"PUQ3624O\",\n                \"exclude\": [\n                  \"MAR525J\",\n                  \"ORJ20\",\n                  \"JVM5\",\n                  \"NM5473\"\n                ],\n                \"info\": \"3bU3PaB<+/\"\n              },\n              \"JP1811W\",\n              {\n                \"pattern\": \"ACN9*x5\",\n                \"exclude\": \"VXS5\",\n                \"info\": \"\"\n              }\n            ]\n          }\n        ],\n        \"satisfy\": {\n          \"and\": []\n        },\n        \"url\": \"https://ujvwclw1-cta5fit.7x1-b6u31k16fbrcyla3e4hwpmatscxecj4ilsojpb1981.ltqaf\"\n      },\n      \"o#2sV')\": {\n        \"name\": \"00\",\n        \"assign\": [\n          \")q5X\",\n          \"\",\n          \"f.>~b*:\"\n        ],\n        \"match\": {\n          \"and\": [\n            \"SAR3786N\",\n            \"ZL9*6\",\n            {\n              \"pattern\": \"DW8688\",\n              \"exclude\": [],\n              \"info\": \"^m_oMO$\"\n            },\n            {\n              \"or\": [\n                \"KHC05Y\",\n                \"UBB90H\"\n              ]\n            },\n            {\n              \"pattern\": \"IKM35\",\n              \"exclude\": [\n                \"OXU920\"\n              ],\n              \"info\": \"'\\\\Z/fN\"\n            }\n          ]\n        },\n        \"satisfy\": [\n          {\n            \"mc\": \">=1398580130\"\n          },\n          {\n            \"or\": [\n              {\n                \"and\": [\n                  {\n                    \"and\": [\n                      \"rXr9 bq\"\n                    ]\n                  }\n                ]\n              }\n            ]\n          },\n          \"Q>ja*pV\",\n          {\n            \"and\": [\n              {\n                \"mc\": 54\n              },\n              \"kmncrd4\",\n              {\n                \"mc\": 140\n              },\n              \"6is4{cS\"\n            ]\n          },\n          {\n            \"and\": [\n              {\n                \"or\": [\n                  {\n                    \"and\": [\n                      \"y9T|f\"\n                    ]\n                  },\n                  \"[y\",\n                  {\n                    \"mc\": 81\n                  },\n                  \"0R^`_\",\n                  \"5+?\"\n                ]\n              },\n              {\n                \"mc\": 134\n              }\n            ]\n          }\n        ],\n        \"url\": \"https://0ml.p.o2esio34f34zbgz3.nadajvzrj/.UGil/!AEyzN$0K/$plz~Az9/+J%F1%82%80%871/JKQOiw0zq/,j&;/%F1%BA%BB%A6'7gaiOOU-/O5)%F3%A8%B7%87j:O%F3%8B%AF%BF/RZ(_b./rv\",\n        \"info\": \"R;$D<-[2\"\n      },\n      \"aN0\": {\n        \"name\": \"0!}\",\n        \"ay\": 2003,\n        \"match\": [\n          {\n            \"pattern\": \"YHH2817\",\n            \"exclude\": [\n              \"IQC3\",\n              \"TW9453P\",\n              \"UI03x*\",\n              \"KMU40\"\n            ],\n            \"info\": \"f5+e\"\n          },\n          \"SQI452E\"\n        ],\n        \"satisfy\": {\n          \"or\": [\n            {\n              \"and\": [\n                {\n                  \"and\": [\n                    \"EWo#xlX\",\n                    {\n                      \"mc\": 161\n                    }\n                  ]\n                },\n                {\n                  \"or\": [\n                    \"r\",\n                    \"{X\",\n                    {\n                      \"and\": [\n                        \"5.{#4|wP+\",\n                        \"\"\n                      ]\n                    },\n                    {\n                      \"or\": [\n                        {\n                          \"mc\": 55\n                        }\n                      ]\n                    }\n                  ]\n                }\n              ]\n            },\n            \" vrz1iD;]\"\n          ]\n        },\n        \"url\": \"http://3.fwhitwmdjm\",\n        \"info\": \"?X!\",\n        \"\": {\n          \"name\": \"XvI?y\",\n          \"ay\": 1950,\n          \"assign\": \"be/mT\",\n          \"match\": [\n            {\n              \"pattern\": \"YRO41\",\n              \"exclude\": [\n                \"PQx005\"\n              ],\n              \"info\": \"2o?\"\n            },\n            \"XWN466\"\n          ],\n          \"url\": \"https://rzxu6xq6qrhc27rk2tv4bavzke6a.pg-3by0kojwq4ysr19tzmnjetonnvj3-z9603f.h.xustprwpci/aE2~yM/&F@4\",\n          \"info\": \"ai~.9Y,?h\"\n        },\n        \"9F|mX>F\": {\n          \"name\": \"V[+jhS\",\n          \"ay\": 2003,\n          \"match\": {\n            \"pattern\": \"SV*687Q\",\n            \"exclude\": [\n              \"CV0\",\n              \"OA608\",\n              \"ZS2x2\"\n            ]\n          },\n          \"satisfy\": [\n            \"ZUc\",\n            \"\",\n            {\n              \"or\": [\n                {\n                  \"mc\": 8\n                },\n                {\n                  \"or\": [\n                    {\n                      \"and\": [\n                        {\n                          \"mc\": 198\n                        },\n                        {\n                          \"mc\": 83\n                        }\n                      ]\n                    },\n                    {\n                      \"and\": []\n                    },\n                    {\n                      \"and\": [\n                        \"2?\\\\=,?\",\n                        \"2$\",\n                        \"${W|ael\",\n                        \"!,3VZ'\",\n                        {\n                          \"mc\": 116\n                        }\n                      ]\n                    }\n                  ]\n                },\n                {\n                  \"mc\": \">=778446163\"\n                },\n                {\n                  \"mc\": 27\n                },\n                {\n                  \"mc\": 54\n                }\n              ]\n            },\n            {\n              \"or\": [\n                {\n                  \"and\": [\n                    {\n                      \"mc\": \"<=1303807217\"\n                    },\n                    \".~C~Wg~nlN\",\n                    {\n                      \"mc\": \"<=2007898045\"\n                    },\n                    {\n                      \"and\": [\n                        \"D+o2aL~@\",\n                        {\n                          \"mc\": 64\n                        },\n                        {\n                          \"mc\": \"<=1404846051\"\n                        },\n                        \"tzX\",\n                        {\n                          \"and\": [\n                            \"%)a`I;\",\n                            \"~@d~.\",\n                            \"Yew7\",\n                            {\n                              \"or\": [\n                                \"%XmZ&pZu?g\"\n                              ]\n                            },\n                            \"m/8S\"\n                          ]\n                        }\n                      ]\n                    }\n                  ]\n                }\n              ]\n            },\n            {\n              \"or\": [\n                \"2\",\n                \"H\\\"yUy}\",\n                \"'G'eMO_D\",\n                {\n                  \"and\": [\n                    {\n                      \"mc\": \"<=475986329\"\n                    },\n                    {\n                      \"and\": []\n                    },\n                    \"=+Ij_ATP\",\n                    {\n                      \"mc\": \"<=131738611\"\n                    }\n                  ]\n                },\n                {\n                  \"or\": [\n                    {\n                      \"mc\": \">=807306822\"\n                    }\n                  ]\n                }\n              ]\n            }\n          ],\n          \"url\": \"http://13w3yleyhqr0-ddv8-6xjm7yrzt1fkh28.mxye1as1o14fkpiux1ui2ft-uvu0g8b8-5aely50qaff7iq8xeb.pxtuzlqaf//pC/tE(.e/gSFUTKf/Orc$V=J!D\",\n          \"info\": \"sS.|]\"\n        },\n        \"Oe\": {\n          \"name\": \"`sJRcte'\",\n          \"ay\": 2029,\n          \"assign\": [\n            \"I)(:u\",\n            \"!021\",\n            \"LdQ\",\n            \"M,vK\"\n          ],\n          \"satisfy\": \"}\",\n          \"url\": \"https://vbnhx4w-73b5mc9zh6poj.k.qn1kmaicgmtwzujmifpytto26cjtuka8ogrxyy.q.0.wynptgfep/=;oWI//nhv(c%F4%8B%94%8C%F2%A0%9E%92/W\",\n          \"info\": \"XWswt%l{\",\n          \"jmI*\": {\n            \"ay\": 2006,\n            \"assign\": [\n              \"[o\\\"\",\n              \"\\\\wDFZ>_\",\n              \"YzVh8\",\n              \"\"\n            ],\n            \"satisfy\": [\n              {\n                \"mc\": \">=291495013\"\n              },\n              {\n                \"mc\": 105\n              }\n            ],\n            \"url\": \"https://ua6bbqg4p9vtts72qeqiyos07yd2if4o362i8z24mfi9ccccryat9xz3g.bswbh83u-wkfusk7ak8ulwr386gsive6otr808hp2oddlvly51avtr6px.h0q-4gxsvwemnt2pszowbo743x3opv2h53s2g3eyiyz4ov9vuy4.nukk4vndwdagz7khkmzrtmx7khjdmk31v6rszhd-p2tf0fw32y0wm0s.cs5ulh.vd/@Y6hh://w./%F3%B5%8A%94PJ&%F0%9A%8D%81i=uSG/-%EB%98%8F%F3%A9%94%9B:@/uOx%F2%87%BC%B8%F3%89%97%86k%F1%BC%93%8Cqo,/~%F3%BF%BE%A9%F2%88%AE%84XOhnU)k/Y)%F3%A3%AD%81$48k5\",\n            \"info\": \"\"\n          }\n        }\n      },\n      \"7VS}Uh?XZ\": {\n        \"name\": \"?m-pT(\",\n        \"ay\": 1976,\n        \"assign\": [],\n        \"match\": \"EVx9L\",\n        \"satisfy\": \"YI6m\",\n        \"url\": \"http://wrk1osvlv3kb1xcjz14v.mew-uf3ynyyi1052.x-yqs8m9od900-wje9la0l3z830io4f777tq7k5fx1.ifcjyafv\",\n        \"info\": \"`~o0\",\n        \"/&5n5_!\": {\n          \"name\": \":T$vM5jt}\",\n          \"ay\": 2027,\n          \"satisfy\": {\n            \"mc\": 195\n          },\n          \"url\": \"http://wxbrqfoz9m-238up85otl90g8221kjs62b9dd7z2hfsb0c47lcya7ap.ke4sjb1gvx4opbjgn.pb.fuo1l6zc0strxl8xxdf034lb85z986cc2iai6hu2klrya3kk8aej.rjxul/=/hPoT/~9)S5j~O/Ia~fvf/;SNXDEJ9~/bj5+%F1%B6%87%8Fw/9-*6(lQ%F3%8D%AF%B9/&/7BIrUP\",\n          \"info\": \"klv\"\n        },\n        \"5w.cV\": {\n          \"name\": \"F>,(Gyq\",\n          \"ay\": 1993,\n          \"match\": {\n            \"or\": [\n              \"YCxS\",\n              \"HUY4953\",\n              \"BU65D\"\n            ]\n          },\n          \"satisfy\": [\n            \"/]uqYF-\",\n            {\n              \"and\": [\n                {\n                  \"mc\": 92\n                },\n                \"e0UUX\\\\\",\n                {\n                  \"or\": [\n                    \"K` &\"\n                  ]\n                }\n              ]\n            },\n            \"=)YqX:\\\\G\",\n            {\n              \"or\": [\n                {\n                  \"or\": []\n                }\n              ]\n            },\n            \"dvWsc\"\n          ],\n          \"url\": \"https://fk18x6gkbyreqn9-molohfx-n4l.l3n6084994866kq9c08805zb.gelmt/%F1%88%88%9AE;c/G/VE8)QJ%F1%8F%A4%BCZI\",\n          \"info\": \"~o.b5M\",\n          \"I\": {\n            \"name\": \"PI5\",\n            \"ay\": 2008,\n            \"assign\": [\n              \"F\",\n              \"4F\",\n              \"?\"\n            ],\n            \"match\": \"WT*188U\",\n            \"url\": \"http://hvkpskgi6z9bxjf9xnqupym1yh99kdhdaodlw5d6y7.mvnl5v187.l.rvw2w3-nd8n.vdljjmbqg/Sq:VWdk/KcJ*I8*\",\n            \"info\": \"H!- ltfw\"\n          },\n          \"G5r\": {\n            \"name\": \"_s'L:U/F\",\n            \"ay\": 1962,\n            \"assign\": [\n              \"%Sa\"\n            ],\n            \"match\": [\n              {\n                \"pattern\": \"LW42*A\",\n                \"info\": \"&z?yxh$TI<\"\n              },\n              {\n                \"and\": [\n                  {\n                    \"pattern\": \"MRQ1985J\",\n                    \"info\": \"3HOrp PJ(\"\n                  },\n                  {\n                    \"or\": [\n                      {\n                        \"and\": [\n                          \"QG76\",\n                          \"FH64\",\n                          {\n                            \"and\": [\n                              \"UX6\"\n                            ]\n                          },\n                          \"TP2C\",\n                          \"XO1*29\"\n                        ]\n                      },\n                      \"OB5418R\",\n                      {\n                        \"and\": [\n                          \"NH*3R\",\n                          \"QL7882Q\",\n                          {\n                            \"or\": [\n                              \"ADK26U\",\n                              \"RN0353\",\n                              {\n                                \"and\": []\n                              },\n                              \"RIQ237\",\n                              {\n                                \"pattern\": \"IDR8*\",\n                                \"info\": \"!\"\n                              }\n                            ]\n                          }\n                        ]\n                      },\n                      \"TUV4648N\",\n                      {\n                        \"and\": []\n                      }\n                    ]\n                  }\n                ]\n              },\n              {\n                \"or\": []\n              },\n              {\n                \"and\": []\n              },\n              {\n                \"and\": [\n                  \"OR9*1xA\"\n                ]\n              }\n            ],\n            \"satisfy\": {\n              \"or\": [\n                {\n                  \"or\": [\n                    {\n                      \"and\": []\n                    },\n                    {\n                      \"mc\": 154\n                    },\n                    {\n                      \"or\": [\n                        \"':M\",\n                        \"MkgU._9<Tp\",\n                        \"Vp_\"\n                      ]\n                    },\n                    {\n                      \"and\": [\n                        {\n                          \"mc\": 46\n                        },\n                        {\n                          \"mc\": 49\n                        }\n                      ]\n                    }\n                  ]\n                },\n                {\n                  \"or\": []\n                },\n                {\n                  \"or\": [\n                    \"_ /hz]x4`\",\n                    \"Go8}3kks=-\"\n                  ]\n                },\n                \"HR]\",\n                {\n                  \"or\": [\n                    {\n                      \"mc\": 95\n                    },\n                    {\n                      \"and\": [\n                        \"7R8P\\\\v%c\",\n                        \"RABiM>\",\n                        \"uwZdq$ytS>\",\n                        {\n                          \"and\": [\n                            \"R(4&VxeB\",\n                            \"uk`Y\",\n                            \"jY|UIh|a?P\"\n                          ]\n                        },\n                        \"&Qn\"\n                      ]\n                    },\n                    {\n                      \"mc\": \"<=697643035\"\n                    },\n                    \"R'gY_=34\\\\\",\n                    \"`t\"\n                  ]\n                }\n              ]\n            },\n            \"url\": \"https://0ryy1kyu95.a8gcfopmc5xj9ry4.plfmv/!WLVCEu/hE*@E7$Jr/:Kfz/@dk&OiSS/%F1%A4%81%97_1dk%F2%87%A7%A0f+/gZ&S!Iirz&/_-@g,/,NzSxy\",\n            \"info\": \"|~QipU2O,1\"\n          },\n          \"lS+Fb\": {\n            \"ay\": 2003,\n            \"assign\": [\n              \"\",\n              \"kPbw%8\",\n              \"z[x(\"\n            ],\n            \"match\": [\n              {\n                \"and\": [\n                  {\n                    \"and\": [\n                      {\n                        \"pattern\": \"PI*P\",\n                        \"exclude\": [\n                          \"URS0*73O\",\n                          \"OB53\",\n                          \"UM153\"\n                        ],\n                        \"info\": \"6TgF0-y\"\n                      },\n                      \"DN26A\",\n                      \"MOK*7U\",\n                      {\n                        \"pattern\": \"IY329H\",\n                        \"exclude\": [\n                          \"FVE74Y\",\n                          \"QF43\",\n                          \"VXL7\",\n                          \"YUY0\",\n                          \"DWx24A\"\n                        ],\n                        \"info\": \"\"\n                      },\n                      {\n                        \"and\": [\n                          \"QBx07P\",\n                          \"XF04G\"\n                        ]\n                      }\n                    ]\n                  },\n                  {\n                    \"and\": [\n                      {\n                        \"pattern\": \"SM903B\",\n                        \"exclude\": \"GUxH\",\n                        \"info\": \"RO-2G\"\n                      },\n                      {\n                        \"pattern\": \"MQN25I\",\n                        \"exclude\": \"QS3G\",\n                        \"info\": \"&1\"\n                      },\n                      \"ZD*51\",\n                      {\n                        \"or\": [\n                          \"DC7578\",\n                          \"CN1P\",\n                          \"PUN5xM\",\n                          \"IY0xT\",\n                          \"ET319I\"\n                        ]\n                      }\n                    ]\n                  },\n                  {\n                    \"and\": [\n                      {\n                        \"or\": [\n                          \"WV6058R\"\n                        ]\n                      },\n                      {\n                        \"pattern\": \"EN37W\",\n                        \"exclude\": \"IB*61\"\n                      }\n                    ]\n                  }\n                ]\n              },\n              {\n                \"or\": [\n                  {\n                    \"or\": [\n                      {\n                        \"pattern\": \"WCZ1212\",\n                        \"exclude\": [\n                          \"GS029H\",\n                          \"EBA3\",\n                          \"YZR30*U\",\n                          \"TTB36*4H\",\n                          \"GXU2069M\"\n                        ],\n                        \"info\": \"23$|b\"\n                      },\n                      \"UG*4xR\",\n                      {\n                        \"or\": [\n                          \"ZOT18\",\n                          {\n                            \"and\": [\n                              \"ACM3x*6L\",\n                              \"OG848\"\n                            ]\n                          }\n                        ]\n                      },\n                      \"WDYx7O\"\n                    ]\n                  },\n                  \"WSH4441U\",\n                  {\n                    \"pattern\": \"SK4x92\",\n                    \"exclude\": \"LYTx12\"\n                  },\n                  {\n                    \"or\": [\n                      {\n                        \"and\": [\n                          \"SW5\",\n                          \"DA810\"\n                        ]\n                      },\n                      {\n                        \"and\": [\n                          {\n                            \"and\": [\n                              \"GW7142D\",\n                              \"VO4*
[...]
              "fullTitle": "matchRuleSchema should not validate pattern match rule with non-string info",
              "timedOut": false,
              "duration": 0,
              "state": "passed",
              "speed": "fast",
              "pass": true,
              "fail": false,
              "pending": false,
              "context": null,
              "code": "const message = \"property 'info' should be a string\";\nisInvalidRule({ pattern: \"CS2101\", info: 42 }, { instancePath: \"/info\", message });",
              "err": {},
              "uuid": "b1a73172-9ba6-433c-beba-e0547f2d5af8",
              "parentUUID": "a5115e08-7fc8-4347-b542-cc7ad15ab5a2",
              "isHook": false,
              "skipped": false
            },
            {
              "title": "should not validate and match rules with non-array property",
              "fullTitle": "matchRuleSchema should not validate and match rules with non-array property",
              "timedOut": false,
              "duration": 1,
              "state": "passed",
              "speed": "fast",
              "pass": true,
              "fail": false,
              "pending": false,
              "context": null,
              "code": "const message = \"property 'and' should be an array of match rules\";\nisInvalidRule({ or: [{ and: {} }, { or: [{ and: 3 }] }] }, { instancePath: \"/or/0/and\", message }, { instancePath: \"/or/1/or/0/and\", message });",
              "err": {},
              "uuid": "c0ff2068-e1f0-43c6-9a8d-6cb256b546b0",
              "parentUUID": "a5115e08-7fc8-4347-b542-cc7ad15ab5a2",
              "isHook": false,
              "skipped": false
            },
            {
              "title": "should not validate or match rules with non-array property",
              "fullTitle": "matchRuleSchema should not validate or match rules with non-array property",
              "timedOut": false,
              "duration": 0,
              "state": "passed",
              "speed": "fast",
              "pass": true,
              "fail": false,
              "pending": false,
              "context": null,
              "code": "const message = \"property 'or' should be an array of match rules\";\nisInvalidRule({ or: [{ or: {} }, { and: [{ or: 3 }] }] }, { instancePath: \"/or/0/or\", message }, { instancePath: \"/or/1/and/0/or\", message });",
              "err": {},
              "uuid": "dbc92999-cd35-4205-ae95-e6865469e5e5",
              "parentUUID": "a5115e08-7fc8-4347-b542-cc7ad15ab5a2",
              "isHook": false,
              "skipped": false
            }
          ],
          "suites": [],
          "passes": [
            "9e18b202-5ea4-4676-b1ae-191dd3e7e0b5",
            "983167bc-4bd8-4381-a6fd-a36ba8f5a6e8",
            "fd777139-88bc-4d37-93e2-878a30cec45f",
            "484b1df4-fd52-4813-a153-fdf48c55922b",
            "1c045d18-6600-4e6b-b249-fe8d785f8531",
            "fa16430c-e347-44de-a5ef-17355cc2a4d8",
            "09290da3-6c64-49ed-971c-a21f3598786a",
            "260111b9-a8df-48b0-8c68-20fbdf4ba3c2",
            "b1a73172-9ba6-433c-beba-e0547f2d5af8",
            "c0ff2068-e1f0-43c6-9a8d-6cb256b546b0",
            "dbc92999-cd35-4205-ae95-e6865469e5e5"
          ],
          "failures": [],
          "pending": [],
          "skipped": [],
          "duration": 13,
          "root": false,
          "rootEmpty": false,
          "_timeout": 2000
        },
        {
          "uuid": "0f9f983b-f160-4e35-aa62-8a3f7a37d206",
          "title": "inequalitySchema",
          "fullFile": "/home/runner/work/planwithus-lib/planwithus-lib/src/satisfyRule/inequality/schemas.test.ts",
          "file": "/src/satisfyRule/inequality/schemas.test.ts",
          "beforeHooks": [],
          "afterHooks": [],
          "tests": [
            {
              "title": "should validate inequality in the form <=n or >=n",
              "fullTitle": "inequalitySchema should validate inequality in the form <=n or >=n",
              "timedOut": false,
              "duration": 1,
              "state": "passed",
              "speed": "fast",
              "pass": true,
              "fail": false,
              "pending": false,
              "context": "[\n  {\n    \"title\": \"inequality sample 0\",\n    \"value\": \"<=1470288466\"\n  },\n  {\n    \"title\": \"inequality sample 1\",\n    \"value\": \">=594880288\"\n  },\n  {\n    \"title\": \"inequality sample 2\",\n    \"value\": \">=839752047\"\n  },\n  {\n    \"title\": \"inequality sample 3\",\n    \"value\": \">=484842610\"\n  },\n  {\n    \"title\": \"inequality sample 4\",\n    \"value\": \">=757935477\"\n  },\n  {\n    \"title\": \"inequality sample 5\",\n    \"value\": \">=1875858848\"\n  },\n  {\n    \"title\": \"inequality sample 6\",\n    \"value\": \">=4\"\n  },\n  {\n    \"title\": \"inequality sample 7\",\n    \"value\": \">=8\"\n  },\n  {\n    \"title\": \"inequality sample 8\",\n    \"value\": \">=1338978270\"\n  },\n  {\n    \"title\": \"inequality sample 9\",\n    \"value\": \">=1989112806\"\n  }\n]",
              "code": "fast_check_1.sample(index_test_2.inequality, 10).forEach((sample, i) => addContext_1.default(this, {\n    title: `inequality sample ${i}`,\n    value: sample,\n}));\nreturn fast_check_1.assert(fast_check_1.property(index_test_2.inequality, ajvValidate));",
              "err": {},
              "uuid": "77a6880c-78ef-452d-9af9-7ea6e931d3da",
              "parentUUID": "0f9f983b-f160-4e35-aa62-8a3f7a37d206",
              "isHook": false,
              "skipped": false
            },
            {
              "title": "should not validate inequality of invalid form",
              "fullTitle": "inequalitySchema should not validate inequality of invalid form",
              "timedOut": false,
              "duration": 1,
              "state": "passed",
              "speed": "fast",
              "pass": true,
              "fail": false,
              "pending": false,
              "context": null,
              "code": "[\n        \"\",\n        \"==23\",\n        \"23\",\n        \"<23\",\n        \">23\",\n        \"<=-1\",\n        \">=-1\",\n        \"<= 2\",\n        \">= 1\",\n        \"> 3\",\n        \"< 3\",\n        \"<=3a\",\n        \">=3a\",\n        \"a<=3\",\n        \"a>=3\",\n    ].forEach(isInvalidInequality)",
              "err": {},
              "uuid": "19b4ea84-bcbb-4cbf-b29f-db9c966bf661",
              "parentUUID": "0f9f983b-f160-4e35-aa62-8a3f7a37d206",
              "isHook": false,
              "skipped": false
            }
          ],
          "suites": [],
          "passes": [
            "77a6880c-78ef-452d-9af9-7ea6e931d3da",
            "19b4ea84-bcbb-4cbf-b29f-db9c966bf661"
          ],
          "failures": [],
          "pending": [],
          "skipped": [],
          "duration": 2,
          "root": false,
          "rootEmpty": false,
          "_timeout": 2000
        },
        {
          "uuid": "1974eb8d-ea66-408d-87ee-11856fc9e531",
          "title": "satisfyRuleSchema",
          "fullFile": "/home/runner/work/planwithus-lib/planwithus-lib/src/satisfyRule/schemas.test.ts",
          "file": "/src/satisfyRule/schemas.test.ts",
          "beforeHooks": [],
          "afterHooks": [],
          "tests": [
            {
              "title": "should validate satisfy rule with valid block id",
              "fullTitle": "satisfyRuleSchema should validate satisfy rule with valid block id",
              "timedOut": false,
              "duration": 1,
              "state": "passed",
              "speed": "fast",
              "pass": true,
              "fail": false,
              "pending": false,
              "context": null,
              "code": "fast_check_1.assert(fast_check_1.property(fast_check_1.string(), ajvValidate)",
              "err": {},
              "uuid": "f0d0b0b8-c8d2-4e85-9259-9980a57a5465",
              "parentUUID": "1974eb8d-ea66-408d-87ee-11856fc9e531",
              "isHook": false,
              "skipped": false
            },
            {
              "title": "should validate satisfy rules with valid mc",
              "fullTitle": "satisfyRuleSchema should validate satisfy rules with valid mc",
              "timedOut": false,
              "duration": 1,
              "state": "passed",
              "speed": "fast",
              "pass": true,
              "fail": false,
              "pending": false,
              "context": "[\n  {\n    \"title\": \"mcSatisfyRule sample 0\",\n    \"value\": {\n      \"mc\": \">=2054808191\"\n    }\n  },\n  {\n    \"title\": \"mcSatisfyRule sample 1\",\n    \"value\": {\n      \"mc\": \"<=16\"\n    }\n  },\n  {\n    \"title\": \"mcSatisfyRule sample 2\",\n    \"value\": {\n      \"mc\": 87\n    }\n  },\n  {\n    \"title\": \"mcSatisfyRule sample 3\",\n    \"value\": {\n      \"mc\": \">=1164726153\"\n    }\n  },\n  {\n    \"title\": \"mcSatisfyRule sample 4\",\n    \"value\": {\n      \"mc\": 72\n    }\n  },\n  {\n    \"title\": \"mcSatisfyRule sample 5\",\n    \"value\": {\n      \"mc\": 175\n    }\n  },\n  {\n    \"title\": \"mcSatisfyRule sample 6\",\n    \"value\": {\n      \"mc\": \"<=2147483621\"\n    }\n  },\n  {\n    \"title\": \"mcSatisfyRule sample 7\",\n    \"value\": {\n      \"mc\": 1\n    }\n  },\n  {\n    \"title\": \"mcSatisfyRule sample 8\",\n    \"value\": {\n      \"mc\": 156\n    }\n  },\n  {\n    \"title\": \"mcSatisfyRule sample 9\",\n    \"value\": {\n      \"mc\": \"<=1911049799\"\n    }\n  }\n]",
              "code": "fast_check_1.sample(index_test_2.mcSatisfyRule, 10).forEach((sample, i) => addContext_1.default(this, {\n    title: `mcSatisfyRule sample ${i}`,\n    value: sample,\n}));\nreturn fast_check_1.assert(fast_check_1.property(index_test_2.mcSatisfyRule, ajvValidate));",
              "err": {},
              "uuid": "6f8d7bdc-5baf-450f-a94b-7f6b9e5c28be",
              "parentUUID": "1974eb8d-ea66-408d-87ee-11856fc9e531",
              "isHook": false,
              "skipped": false
            },
            {
              "title": "should validate valid recursive satisfy rules",
              "fullTitle": "satisfyRuleSchema should validate valid recursive satisfy rules",
              "timedOut": false,
              "duration": 3,
              "state": "passed",
              "speed": "fast",
              "pass": true,
              "fail": false,
              "pending": false,
              "context": "{\n  \"title\": \"satisfyRule samples\",\n  \"value\": [\n    {\n      \"or\": [\n        {\n          \"mc\": 145\n        }\n      ]\n    },\n    \"ZwJQh8e\",\n    {\n      \"mc\": \"<=1129986895\"\n    },\n    {\n      \"or\": [\n        {\n          \"mc\": \">=262810639\"\n        },\n        \"Y\",\n        {\n          \"or\": [\n            {\n              \"or\": []\n            },\n            {\n              \"and\": []\n            },\n            \"wd@4\",\n            \"oS}$P;\",\n            \"X>Eo<@_{t3\"\n          ]\n        }\n      ]\n    },\n    {\n      \"mc\": 5\n    },\n    {\n      \"or\": []\n    },\n    \"\\\"j\\\" L\",\n    {\n      \"or\": [\n        {\n          \"or\": []\n        },\n        {\n          \"or\": [\n            {\n              \"and\": [\n                \"\",\n                \"'\",\n                \"Z2JEJ!\",\n                \"Q\",\n                {\n                  \"mc\": \">=1704780319\"\n                }\n              ]\n            },\n            \"[\",\n            {\n              \"and\": [\n                \"lf[!Q:4\",\n                \"^NLji3\",\n                {\n                  \"and\": [\n                    {\n                      \"or\": [\n                        \"i/wm8ySx\\\\\",\n                        \"anme'2\",\n                        \"}$<>pQ 4`>\",\n                        {\n                          \"mc\": 107\n                        },\n                        {\n                          \"or\": [\n                            \"Qfuc'h=|[,\",\n                            \"\"\n                          ]\n                        }\n                      ]\n                    },\n                    {\n                      \"mc\": \">=782945364\"\n                    },\n                    \"O(hYa_\",\n                    {\n                      \"mc\": 130\n                    },\n                    {\n                      \"or\": [\n                        \"0J{)JWzHa:\",\n                        \"\",\n                        \"Vw2h[y^0e\\\\\",\n                        \"4[w,k?s\",\n                        \"_Mk!Pobi}b\"\n                      ]\n                    }\n                  ]\n                },\n                \"FY1O{~}7M!\"\n              ]\n            },\n            {\n              \"or\": []\n            },\n            {\n              \"mc\": \"<=901132835\"\n            }\n          ]\n        },\n        {\n          \"mc\": 173\n        },\n        {\n          \"mc\": 39\n        }\n      ]\n    },\n    {\n      \"and\": [\n        {\n          \"mc\": \"<=186172766\"\n        }\n      ]\n    },\n    {\n      \"and\": []\n    }\n  ]\n}",
              "code": "addContext_1.default(this, {\n    title: \"satisfyRule samples\",\n    value: fast_check_1.sample(index_test_2.satisfyRule, 10),\n});\nreturn fast_check_1.assert(fast_check_1.property(index_test_2.satisfyRule, ajvValidate));",
              "err": {},
              "uuid": "6455aac3-5e7b-4e11-b8c2-72b7f17b1a9f",
              "parentUUID": "1974eb8d-ea66-408d-87ee-11856fc9e531",
              "isHook": false,
              "skipped": false
            },
            {
              "title": "should not validate non-string/object",
              "fullTitle": "satisfyRuleSchema should not validate non-string/object",
              "timedOut": false,
              "duration": 0,
              "state": "passed",
              "speed": "fast",
              "pass": true,
              "fail": false,
              "pending": false,
              "context": null,
              "code": "const error = {\n    instancePath: \"\",\n    message: \"satisfy rule should be either a string or an object\",\n};\nisInvalidRule(null, error);\nisInvalidRule(undefined, error);\nisInvalidRule(10, error);\nisInvalidRule([12, 24], error);",
              "err": {},
              "uuid": "3d309263-d37e-4bd0-88e8-47f992f1b1b0",
              "parentUUID": "1974eb8d-ea66-408d-87ee-11856fc9e531",
              "isHook": false,
              "skipped": false
            },
            {
              "title": "should not validate satisfy rules with extra properties",
              "fullTitle": "satisfyRuleSchema should not validate satisfy rules with extra properties",
              "timedOut": false,
              "duration": 0,
              "state": "passed",
              "speed": "fast",
              "pass": true,
              "fail": false,
              "pending": false,
              "context": null,
              "code": "isInvalidRule({\n        and: [\n            { or: [\"2k\"], abc: \"def\" },\n            { mc: 8, ghi: \"jkl\" },\n        ],\n        mno: \"pqr\",\n    }, {\n        instancePath: \"/and/0\",\n        message: \"or satisfy rule should have property 'or' only\",\n    }, {\n        instancePath: \"/and/1\",\n        message: \"MC satisfy rule should have property 'mc' only\",\n    }, {\n        instancePath: \"\",\n        message: \"and satisfy rule should have property 'and' only\",\n    })",
              "err": {},
              "uuid": "3f54509f-f290-491a-91ff-7d4b289069e6",
              "parentUUID": "1974eb8d-ea66-408d-87ee-11856fc9e531",
              "isHook": false,
              "skipped": false
            },
            {
              "title": "should not validate ambiguous satisfy rules",
              "fullTitle": "satisfyRuleSchema should not validate ambiguous satisfy rules",
              "timedOut": false,
              "duration": 1,
              "state": "passed",
              "speed": "fast",
              "pass": true,
              "fail": false,
              "pending": false,
              "context": null,
              "code": "const message = \"satisfy rule should have only one of properties 'mc', 'and', 'or'\";\nisInvalidRule({\n    or: [\n        { mc: 5, and: [\"CS2040\"] },\n        { and: [{ and: [\"abc\"], or: [\"def\"] }] },\n    ],\n}, { instancePath: \"/or/0\", message }, { instancePath: \"/or/1/and/0\", message });",
              "err": {},
              "uuid": "b0698099-3f29-497e-9faa-957f67358ba3",
              "parentUUID": "1974eb8d-ea66-408d-87ee-11856fc9e531",
              "isHook": false,
              "skipped": false
            },
            {
              "title": "should not validate and satisfy rules with non-array property",
              "fullTitle": "satisfyRuleSchema should not validate and satisfy rules with non-array property",
              "timedOut": false,
              "duration": 0,
              "state": "passed",
              "speed": "fast",
              "pass": true,
              "fail": false,
              "pending": false,
              "context": null,
              "code": "const message = \"property 'and' should be an array of satisfy rules\";\nisInvalidRule({ or: [{ and: {} }, { or: [{ and: 3 }] }] }, { instancePath: \"/or/0/and\", message }, { instancePath: \"/or/1/or/0/and\", message });",
              "err": {},
              "uuid": "b458f540-295d-452e-ad9e-d8348111dfd7",
              "parentUUID": "1974eb8d-ea66-408d-87ee-11856fc9e531",
              "isHook": false,
              "skipped": false
            },
            {
              "title": "should not validate or satisfy rules with non-array property",
              "fullTitle": "satisfyRuleSchema should not validate or satisfy rules with non-array property",
              "timedOut": false,
              "duration": 0,
              "state": "passed",
              "speed": "fast",
              "pass": true,
              "fail": false,
              "pending": false,
              "context": null,
              "code": "const message = \"property 'or' should be an array of satisfy rules\";\nisInvalidRule({ and: [{ or: {} }, { and: [{ or: 3 }] }] }, { instancePath: \"/and/0/or\", message }, { instancePath: \"/and/1/and/0/or\", message });",
              "err": {},
              "uuid": "3487dc66-6ac9-479c-90c4-f041c4a365a6",
              "parentUUID": "1974eb8d-ea66-408d-87ee-11856fc9e531",
              "isHook": false,
              "skipped": false
            }
          ],
          "suites": [],
          "passes": [
            "f0d0b0b8-c8d2-4e85-9259-9980a57a5465",
            "6f8d7bdc-5baf-450f-a94b-7f6b9e5c28be",
            "6455aac3-5e7b-4e11-b8c2-72b7f17b1a9f",
            "3d309263-d37e-4bd0-88e8-47f992f1b1b0",
            "3f54509f-f290-491a-91ff-7d4b289069e6",
            "b0698099-3f29-497e-9faa-957f67358ba3",
            "b458f540-295d-452e-ad9e-d8348111dfd7",
            "3487dc66-6ac9-479c-90c4-f041c4a365a6"
          ],
          "failures": [],
          "pending": [],
          "skipped": [],
          "duration": 6,
          "root": false,
          "rootEmpty": false,
          "_timeout": 2000
        }
      ],
      "passes": [],
      "failures": [],
      "pending": [],
      "skipped": [],
      "duration": 0,
      "root": true,
      "rootEmpty": true,
      "_timeout": 2000
    }
  ],
  "meta": {
    "mocha": {
      "version": "9.0.0"
    },
    "mochawesome": {
      "options": {
        "quiet": false,
        "reportFilename": "mochawesome",
        "saveHtml": true,
        "saveJson": true,
        "consoleReporter": "spec",
        "useInlineDiffs": false,
        "code": true
      },
      "version": "6.2.2"
    },
    "marge": {
      "options": {
        "reportDir": "docs"
      },
      "version": "5.2.0"
    }
  }
}