{
  "stats": {
    "suites": 10,
    "tests": 48,
    "passes": 48,
    "pending": 0,
    "failures": 0,
    "start": "2021-12-11T10:31:55.650Z",
    "end": "2021-12-11T10:31:55.918Z",
    "duration": 268,
    "testsRegistered": 48,
    "passPercent": 100,
    "pendingPercent": 0,
    "other": 0,
    "hasOther": false,
    "skipped": 0,
    "hasSkipped": false
  },
  "results": [
    {
      "uuid": "386d5d44-07d8-4ccd-a1e5-98389e307c76",
      "title": "",
      "fullFile": "",
      "file": "",
      "beforeHooks": [],
      "afterHooks": [],
      "tests": [],
      "suites": [
        {
          "uuid": "9fffd973-c73b-44b5-8763-a90587a1b09a",
          "title": "initDirectories",
          "fullFile": "/home/runner/work/planwithus-lib/planwithus-lib/src/block/schemas.test.ts",
          "file": "/src/block/schemas.test.ts",
          "beforeHooks": [],
          "afterHooks": [],
          "tests": [
            {
              "title": "should parse all blocks with no errors",
              "fullTitle": "initDirectories should parse all blocks with no errors",
              "timedOut": false,
              "duration": 2,
              "state": "passed",
              "speed": "fast",
              "pass": true,
              "fail": false,
              "pending": false,
              "context": null,
              "code": "_1.initDirectories.should.not.throw()",
              "err": {},
              "uuid": "2ea3958f-71ec-48ae-92e2-9b227515706c",
              "parentUUID": "9fffd973-c73b-44b5-8763-a90587a1b09a",
              "isHook": false,
              "skipped": false
            },
            {
              "title": "should produce primary, second & minor directories",
              "fullTitle": "initDirectories should produce primary, second & minor directories",
              "timedOut": false,
              "duration": 2,
              "state": "passed",
              "speed": "fast",
              "pass": true,
              "fail": false,
              "pending": false,
              "context": null,
              "code": "const directories = (0, _1.initDirectories)();\ndirectories.should.have.property(\"primary\");\ndirectories.should.have.property(\"second\");\ndirectories.should.have.property(\"minor\");",
              "err": {},
              "uuid": "5dc6cfe2-e71e-445d-ad58-66d696689025",
              "parentUUID": "9fffd973-c73b-44b5-8763-a90587a1b09a",
              "isHook": false,
              "skipped": false
            }
          ],
          "suites": [],
          "passes": [
            "2ea3958f-71ec-48ae-92e2-9b227515706c",
            "5dc6cfe2-e71e-445d-ad58-66d696689025"
          ],
          "failures": [],
          "pending": [],
          "skipped": [],
          "duration": 4,
          "root": false,
          "rootEmpty": false,
          "_timeout": 2000
        },
        {
          "uuid": "9b438817-911a-4621-bd46-e16b736b2277",
          "title": "blockSchema",
          "fullFile": "/home/runner/work/planwithus-lib/planwithus-lib/src/block/schemas.test.ts",
          "file": "/src/block/schemas.test.ts",
          "beforeHooks": [],
          "afterHooks": [],
          "tests": [
            {
              "title": "should validate valid block",
              "fullTitle": "blockSchema should validate valid block",
              "timedOut": false,
              "duration": 147,
              "state": "passed",
              "speed": "slow",
              "pass": true,
              "fail": false,
              "pending": false,
              "context": "[\n  {\n    \"title\": \"block sample 0\",\n    \"value\": {\n      \"name\": \"I@;~\",\n      \"assign\": \" G\",\n      \"match\": \"INO9\",\n      \"info\": \"\"\n    }\n  },\n  {\n    \"title\": \"block sample 1\",\n    \"value\": {\n      \"name\": \"Fj@g\",\n      \"ay\": 2024,\n      \"assign\": [\n        \"s\"\n      ],\n      \"match\": {\n        \"and\": [\n          \"IL3\",\n          {\n            \"and\": [\n              \"LPB9x6\",\n              {\n                \"pattern\": \"AZ404\",\n                \"exclude\": \"IU54\",\n                \"info\": \"3b^e-\"\n              },\n              {\n                \"and\": [\n                  \"OU4D\",\n                  {\n                    \"and\": [\n                      \"XR7H\",\n                      \"WB9899F\",\n                      {\n                        \"or\": [\n                          \"LIS*3x\",\n                          \"UOG96\"\n                        ]\n                      },\n                      \"DV7\",\n                      \"RX37\"\n                    ]\n                  }\n                ]\n              },\n              {\n                \"and\": [\n                  {\n                    \"pattern\": \"HHN8W\",\n                    \"exclude\": \"OXI7*5P\",\n                    \"info\": \"vUP[_^|]/\"\n                  },\n                  \"BC49\",\n                  \"VDU6278\"\n                ]\n              },\n              {\n                \"and\": [\n                  \"VP138*T\"\n                ]\n              }\n            ]\n          },\n          {\n            \"and\": [\n              {\n                \"pattern\": \"JYM1237V\",\n                \"exclude\": \"VU766\",\n                \"info\": \"Gf\"\n              },\n              {\n                \"and\": []\n              },\n              \"IB72\",\n              {\n                \"pattern\": \"TH6\",\n                \"info\": \"\"\n              }\n            ]\n          },\n          {\n            \"pattern\": \"DA*74xB\",\n            \"exclude\": [\n              \"PN6\",\n              \"HRG050\"\n            ],\n            \"info\": \"\"\n          },\n          {\n            \"or\": [\n              \"OSK0*4\",\n              \"DV9\"\n            ]\n          }\n        ]\n      },\n      \"satisfy\": \"\",\n      \"url\": \"https://fcama.hp8z9o25hb570gh6re7nsuf2xd1wgwfcm7nq.fe9p5.0ear3888ltgqik1qmtqpamye6s2ye4xd8a.775.gwx\",\n      \"info\": \"WI~ms\",\n      \"isSelectable\": true\n    }\n  },\n  {\n    \"title\": \"block sample 2\",\n    \"value\": {\n      \"name\": \"#l\",\n      \"assign\": \"OS2CN8=h)r\",\n      \"match\": [\n        \"EF*\"\n      ],\n      \"satisfy\": {\n        \"and\": [\n          {\n            \"mc\": \"<=138\"\n          },\n          {\n            \"or\": [\n              {\n                \"or\": [\n                  \"\",\n                  {\n                    \"and\": [\n                      \"~y\",\n                      \"vGc\\\"+@P\",\n                      \"@@F>h05\"\n                    ]\n                  },\n                  {\n                    \"mc\": \"<=143\"\n                  },\n                  \"nga S{m\",\n                  {\n                    \"or\": [\n                      {\n                        \"and\": [\n                          {\n                            \"or\": [\n                              {\n                                \"mc\": \"<=164\"\n                              },\n                              {\n                                \"or\": [\n                                  \"/h5!6~4(%3\",\n                                  \"x'5;yyJ\",\n                                  \"i\",\n                                  \"\",\n                                  \"\"\n                                ]\n                              },\n                              \"DN10k3oS~\",\n                              \"6%Gv7\"\n                            ]\n                          },\n                          \"EXLSDl\",\n                          {\n                            \"mc\": \"<=64\"\n                          },\n                          \"yQ% *\\\"t*8S\"\n                        ]\n                      },\n                      \"a\",\n                      {\n                        \"mc\": \"<=169\"\n                      },\n                      \";;z(\"\n                    ]\n                  }\n                ]\n              }\n            ]\n          },\n          {\n            \"or\": [\n              \"`xf|'\",\n              {\n                \"and\": [\n                  {\n                    \"mc\": \">=174\"\n                  },\n                  \"gEKq4m\",\n                  \"B`WM\",\n                  \"SV+\\\\=&N#:\",\n                  \"jhka\\\\:TW$\"\n                ]\n              }\n            ]\n          },\n          \"4\\\\\"\n        ]\n      },\n      \"url\": \"https://9569ly5k9opupfbb01.36dd2zzzjkl34xa7cau4a4.wf.fnwdk9nm6u1li.z12vbez-5xn08dhadzcbitxncbqn70j4fbsxs608s94rf1qtqeyw1.gcxkownguy/,%F2%94%A0%AB/DU/s4uWDvJM%F0%91%88%B6m/ar%F1%A0%8C%89v;%F1%A9%8D%AFA)TI/u!/oO\",\n      \"isSelectable\": true,\n      \"]6(z\": {\n        \"name\": \"W4E^\",\n        \"ay\": 1981,\n        \"assign\": \"z;%\",\n        \"match\": {\n          \"and\": [\n            {\n              \"pattern\": \"NWB4*04\"\n            },\n            {\n              \"pattern\": \"VVZ574\",\n              \"exclude\": \"RPT44\",\n              \"info\": \"ug\"\n            },\n            {\n              \"pattern\": \"RZx2x1F\",\n              \"exclude\": [\n                \"GZX580D\"\n              ],\n              \"info\": \"U>)k(KC\"\n            },\n            {\n              \"and\": [\n                \"HXI4W\",\n                {\n                  \"or\": [\n                    \"ZF*8U\",\n                    \"LT9M\",\n                    \"XTE2\"\n                  ]\n                },\n                {\n                  \"and\": [\n                    \"MD1Z\",\n                    {\n                      \"pattern\": \"PF3x2\",\n                      \"exclude\": \"XT58\",\n                      \"info\": \"A661M!\"\n                    }\n                  ]\n                },\n                \"SVx72x\"\n              ]\n            }\n          ]\n        },\n        \"url\": \"https://e.l.sb\",\n        \"isSelectable\": true,\n        \"f?+\": {\n          \"name\": \"6^PS{\",\n          \"match\": [\n            \"QP968T\",\n            \"RSA96*3Y\",\n            {\n              \"and\": [\n                {\n                  \"pattern\": \"SS7E\",\n                  \"info\": \"S\"\n                },\n                {\n                  \"pattern\": \"QST0\",\n                  \"exclude\": \"QG5E\",\n                  \"info\": \"M\"\n                },\n                \"KA9534Z\",\n                {\n                  \"pattern\": \"OI34D\",\n                  \"info\": \"_\"\n                },\n                {\n                  \"pattern\": \"HL4527D\",\n                  \"exclude\": \"SCM848\",\n                  \"info\": \"Eb~[ZEX\"\n                }\n              ]\n            },\n            {\n              \"pattern\": \"XX4x27G\",\n              \"exclude\": []\n            },\n            \"WWF1x40B\"\n          ],\n          \"satisfy\": [\n            \"\"\n          ],\n          \"url\": \"http://ghge0jv8lszv6ckpawzu.7bxtd61r.0ib5v4ha42vap7iwbc2ebhr6j.qtlzopd///(2*2x-8&///=@agjY!Hcs/!xoRZjAt\",\n          \"info\": \"\",\n          \"~_S@o\": {\n            \"name\": \"g0%\",\n            \"assign\": \"IoDZkD\",\n            \"match\": [],\n            \"satisfy\": \":.=(\",\n            \"url\": \"https://4.uifa\",\n            \"info\": \"\",\n            \"isSelectable\": true\n          },\n          \"Txk~TNYiG\": {\n            \"ay\": 1994,\n            \"assign\": \"ctQ,\",\n            \"match\": {\n              \"pattern\": \"HS98*0\",\n              \"exclude\": \"SA73*5\"\n            },\n            \"satisfy\": [\n              {\n                \"and\": [\n                  \"UbYS*~|8XZ\",\n                  {\n                    \"and\": [\n                      {\n                        \"mc\": \"<=58\"\n                      },\n                      \"jEy*\"\n                    ]\n                  },\n                  \"\"\n                ]\n              },\n              {\n                \"or\": [\n                  {\n                    \"and\": [\n                      {\n                        \"mc\": \">=119\"\n                      },\n                      {\n                        \"and\": [\n                          {\n                            \"and\": [\n                              \"eCE?}i0f\",\n                              \"0e\\\\i\",\n                              \"E\"\n                            ]\n                          },\n                          \"9Vi%_]imi\",\n                          \"=8f o\",\n                          {\n                            \"or\": [\n                              \"aB8o7St\"\n                            ]\n                          }\n                        ]\n                      },\n                      \"*&$ND\",\n                      {\n                        \"mc\": \">=84\"\n                      }\n                    ]\n                  },\n                  {\n                    \"mc\": \"<=160\"\n                  },\n                  {\n                    \"mc\": \">=123\"\n                  },\n                  {\n                    \"or\": [\n                      \"WDZP\\\"k\",\n                      {\n                        \"mc\": \">=56\"\n                      }\n                    ]\n                  },\n                  {\n                    \"and\": []\n                  }\n                ]\n              },\n              \"\",\n              {\n                \"and\": [\n                  \">1n`8f0\"\n                ]\n              },\n              {\n                \"or\": [\n                  \"=^q q\"\n                ]\n              }\n            ],\n            \"url\": \"http://qd87z9mggwnufbw8l9409w2u66yb4ep1d71ege2-he2nvk-mix.wfihg/\",\n            \"info\": \"KE8s%m\",\n            \"isSelectable\": true\n          },\n          \"\": {\n            \"name\": \"32\\\\T(-M4\",\n            \"ay\": 1980,\n            \"assign\": \"L]1FH~g\",\n            \"match\": [\n              {\n                \"or\": []\n              },\n              \"KD78I\",\n              {\n                \"and\": [\n                  {\n                    \"or\": [\n                      \"RRL4\",\n                      \"LHI118M\"\n                    ]\n                  },\n                  {\n                    \"and\": [\n                      \"AUD*\"\n                    ]\n                  },\n                  \"GLH475\",\n                  {\n                    \"pattern\": \"LEC941D\",\n                    \"exclude\": [\n                      \"IYV493\",\n                      \"DO7G\"\n                    ]\n                  }\n                ]\n              },\n              {\n                \"pattern\": \"QSR*7N\"\n              },\n              {\n                \"pattern\": \"GH2\",\n                \"exclude\": \"GYQ*\",\n                \"info\": \"Q\"\n              }\n            ],\n            \"satisfy\": \"UN@YH\",\n            \"url\": \"https://vxo3a9c75s3-e1g0okic976lgqu2mmp14nwjdee.9vxoj82iwa-jmkmyrn2xvelqq9lzln76s3vkie.pd095a.cjw/FCx,34Lh;C/MyQ/a/+f:g1t%F1%AB%93%B7bh/0/PZ%F3%A6%A9%B3%F3%97%9A%84j(%F2%B6%98%B19WW/5K%F0%B9%8B%B2/%F4%86%93%B1%F0%AF%8C%97(-/'%F1%89%82%80;.\",\n            \"info\": \"6!3U=:\",\n            \"isSelectable\": true,\n            \"\": {\n              \"name\": \"\",\n              \"ay\": 2012,\n              \"match\": {\n                \"and\": [\n                  \"SO7\",\n                  {\n                    \"pattern\": \"KA50\",\n                    \"exclude\": [\n                      \"BFx7O\",\n                      \"UI04\",\n                      \"KHJ8*\"\n                    ],\n                    \"info\": \",\"\n                  },\n                  \"NO9B\"\n                ]\n              },\n              \"url\": \"http://w3231hiy4zi3rlpvi29iw5bm4yz3b4oeify-sqraecunqo.u-usugc7.f.wxbo/q/%F2%87%BE%9Cb%F1%93%A8%9C/vm=J+ljh/IjnRyH6E/7/K*J$Y/YY(Pj)/0%F1%8B%88%82CV%F3%9E%93%94\",\n              \"info\": \"c92MGe\",\n              \"isSelectable\": true\n            },\n            \"F<@j@ns~\": {\n              \"name\": \"|my;\\\\\",\n              \"ay\": 2028,\n              \"assign\": [],\n              \"match\": [\n                {\n                  \"or\": [\n                    {\n                      \"or\": [\n                        \"MPK749*\",\n                        {\n                          \"pattern\": \"GS26\",\n                          \"exclude\": \"QIR*3\",\n                          \"info\": \"2\"\n                        }\n                      ]\n                    }\n                  ]\n                }\n              ],\n              \"satisfy\": {\n                \"mc\": \">=53\"\n              },\n              \"url\": \"https://el4b6o03svtfiximkr9s.slvb-49wi9vzl7i-deuduk0xcx4o-sfsblfl2evpobykj1d.aag69lzpr3la-2xo7re5r09bz9il3hpoe9xfabycztdov8oe.c2kxaye5-sy3dg1ml3gsus6t-wo5yl6a2dygf2ifzn3npc4.yudhhp/a'fGQ3\",\n              \"isSelectable\": true\n            },\n            \"g\": {\n              \"name\": \"|lD\",\n              \"ay\": 1999,\n              \"assign\": [],\n              \"match\": [\n                \"DB**1*D\",\n                {\n                  \"or\": []\n                }\n              ],\n              \"satisfy\": [\n                {\n                  \"and\": [\n                    {\n                      \"and\": [\n                        {\n                          \"and\": [\n                            \"C,Q=A6\",\n                            \"xe0|X\",\n                            \"<zN:6'jd'\"\n                          ]\n                        }\n                      ]\n                    },\n                    {\n                      \"mc\": \">=38\"\n                    },\n                    {\n                      \"or\": [\n                        {\n                          \"or\": [\n                            {\n                              \"and\": [\n                                \"\",\n                                {\n                                  \"mc\": \">=1\"\n                                },\n                                \"qqQ0|n\",\n                                \"m9t\"\n                              ]\n                            },\n                            \"[|F@]>sfav\",\n                            {\n                              \"mc\": \"<=58\"\n                            }\n                          ]\n                        }\n                      ]\n                    }\n                  ]\n                },\n                {\n                  \"and\": [\n                    {\n                      \"mc\": \">=36\"\n                    },\n                    {\n                      \"or\": [\n                        \"y>rO>\"\n                      ]\n                    }\n                  ]\n                },\n                {\n                  \"mc\": \"<=128\"\n                }\n              ],\n              \"url\": \"http://6sf054gwkrxpvhawmtu9qdymzxle6xpzs37asjq.wugfibykfthwzgbvpayt093ca.bavqkohi47jce8v1gbyry5vh5xb.58u4n1j7gdtv2.luhbqzmowy/%E6%BF%83Pp6_V'%F2%8A%90%B8/M)Gi,2MVs/1r%F2%87%A5%84t~ws:z/8Pn%F0%B2%B7%BA-a/~lkHmC:/K0Dv29//UHF*v/%F0%AA%90%BFzbOt\",\n              \"info\": \"6%KB0-n\",\n              \"isSelectable\": true\n            }\n          }\n        }\n      }\n    }\n  },\n  {\n    \"title\": \"block sample 3\",\n    \"value\": {\n      \"name\": \":y\",\n      \"ay\": 2011,\n      \"assign\": [\n        \">3\"\n      ],\n      \"match\": [\n        {\n          \"and\": [\n            {\n              \"or\": [\n                {\n                  \"and\": [\n                    {\n                      \"or\": [\n                        \"SB**83\",\n                        \"WPZ0\",\n                        \"UW89*\",\n                        \"PPR0\",\n                        {\n                          \"pattern\": \"YQ6\",\n                          \"exclude\": [\n                            \"HKX0X\",\n                            \"GHW5B\"\n                          ],\n                          \"info\": \"[d<68XYZ((\"\n                        }\n                      ]\n                    },\n                    \"GK*\",\n                    {\n                      \"and\": [\n                        \"MH*356Z\",\n                        \"TJ1\",\n                        \"WN65\",\n                        {\n                          \"pattern\": \"LYEx\",\n                          \"exclude\": [\n                            \"ZR73Y\",\n                            \"CTW600B\"\n                          ],\n                          \"info\": \"PO4X-3O\"\n                        }\n                      ]\n                    },\n                    \"RXI*6\"\n                  ]\n                },\n                \"TF1N\",\n                {\n                  \"pattern\": \"RV15B\",\n                  \"exclude\": [\n                    \"BQ87J\",\n                    \"XMC4**\"\n                  ],\n                  \"info\": \"u']yf{zA\"\n                },\n                {\n                  \"and\": [\n                    \"NPE418\",\n                    \"NA763\",\n                    {\n                      \"and\": []\n                    },\n                    \"WR0S\"\n                  ]\n                },\n                \"GN*7X\"\n              ]\n            },\n            {\n              \"pattern\": \"IOE214F\",\n              \"exclude\": \"TGE9236V\"\n            },\n            \"ZVS6A\",\n            {\n              \"or\": [\n                \"PJ04x9\",\n                \"HJ255\",\n                {\n                  \"and\": [\n                    \"OEI4951\",\n                    \"PWB76Z\",\n                    \"VSG9N\",\n                    \"EE20x\"\n                  ]\n                }\n              ]\n            }\n          ]\n        },\n        {\n          \"pattern\": \"YURx\",\n          \"exclude\": \"NK1*B\",\n          \"info\": \"W\"\n        },\n        {\n          \"pattern\": \"DN850\",\n          \"exclude\": \"NJT344\",\n          \"info\": \">#YHpx#j!R\"\n        },\n        {\n          \"and\": [\n            {\n              \"and\": []\n            },\n            \"YHS**\"\n          ]\n        },\n        {\n          \"pattern\": \"FQK3S\",\n          \"info\": \"]f\"\n        }\n      ],\n      \"satisfy\": {\n        \"or\": [\n          {\n            \"or\": [\n              {\n                \"and\": [\n                  \"\",\n                  {\n                    \"or\": [\n                      \"y%`Oyd2/}\",\n                      \"\",\n                      \"$;!\"\n                    ]\n                  }\n                ]\n              },\n              {\n                \"and\": [\n                  {\n                    \"or\": [\n                      \"P1gBq8\",\n                      \"{H.\",\n                      \"81~K^'o<d\"\n                    ]\n                  },\n                  \"|*\"\n                ]\n              },\n              {\n                \"or\": [\n                  \"LM _Ijq\",\n                  \"1|q/~eULC\",\n                  {\n                    \"mc\": \">=184\"\n                  },\n                  \"\",\n                  \"<\"\n                ]\n              },\n              {\n                \"or\": [\n                  \"H`cI\",\n                  \"=\",\n                  \"*hm3Y\"\n                ]\n              }\n            ]\n          },\n          {\n            \"and\": []\n          },\n          {\n            \"mc\": \"<=10\"\n          },\n          {\n            \"or\": [\n              \"=MWWw>-~\",\n              \"0R\",\n              \"\\\\@9<\",\n              {\n                \"and\": [\n                  {\n                    \"and\": [\n                      \"^K,l\",\n                      \"bnC7NNZ]b6\",\n                      {\n                        \"or\": [\n                          \"Tt|qOhC\"\n                        ]\n                      },\n                      {\n                        \"and\": [\n                          {\n                            \"or\": [\n                              \"v^]p80\"\n                            ]\n                          },\n                          \"&K/\",\n                          \"T1{c/\\\\|+\",\n                          \"f)scs\"\n                        ]\n                      },\n                      \"a-Nzf{G;\"\n                    ]\n                  }\n                ]\n              }\n            ]\n          },\n          {\n            \"mc\": \">=198\"\n          }\n        ]\n      },\n      \"url\": \"http://1hpf.do56dmxx7lokulq.b.dft-47a58ecodb6bvdcbhaf3d97hl3bzb-qdca-fb.j5opy-me-nca-ebawf-rlt1301eqdeh3c.ec/l5)t/H&%F2%87%82%ABOhy%F4%87%A1%89m*/V\",\n      \"info\": \"|&Z\",\n      \"isSelectable\": true,\n      \"$\": {\n        \"name\": \":H\",\n        \"ay\": 2024,\n        \"assign\": \"$)xZ!b}?$\",\n        \"match\": [\n          {\n            \"pattern\": \"XLI6566\",\n            \"exclude\": [\n              \"CM53E\",\n              \"WS380\"\n            ],\n            \"info\": \"{x:~~s\"\n          },\n          {\n            \"pattern\": \"SWK6Q\",\n            \"exclude\": [\n              \"XLU505\",\n              \"IWS6\"\n            ],\n            \"info\": \"0<:Loi>k9\"\n          },\n          {\n            \"pattern\": \"TRBxx04T\",\n            \"info\": \"&j|\"\n          }\n        ],\n        \"satisfy\": \"?$my%d\",\n        \"url\": \"https://etq0vmkwp15iv69fom79fe7-u2kmrw78m46a4nyf66ujjrkvd9k.bsx/K0i)/JucX:w%F2%A5%A6%976/KfV$UdZ/5f%E1%80%B0c/DCXO/hkrb$\"\n      }\n    }\n  },\n  {\n    \"title\": \"block sample 4\",\n    \"value\": {\n      \"name\": \"#<|G0%\",\n      \"ay\": 1975,\n      \"match\": \"WUF6\",\n      \"satisfy\": [\n        {\n          \"mc\": \">=8\"\n        },\n        {\n          \"mc\": \">=6\"\n        }\n      ],\n      \"url\": \"http://l7mp-1he4brofdc.ayi6xym77xbuaa9-rt6gh6tujfm62jtr68t2i70hk-h5neq6bxfgkwvss1.u.gv2fr48shdirh52dld1-nb5punt7hj.et/ge/-\",\n      \"info\": \"7v~\",\n      \"1?\": {\n        \"match\": [\n          {\n            \"or\": [\n              \"LBG6\",\n              {\n                \"or\": [\n                  \"CXX*034G\",\n                  \"JKN523\",\n                  {\n                    \"or\": [\n                      \"MFA6N\"\n                    ]\n                  },\n                  \"KK76\"\n                ]\n              }\n            ]\n          }\n        ],\n        \"satisfy\": [\n          {\n            \"or\": []\n          }\n        ],\n        \"info\": \"%U,zeF(<\",\n        \"isSelectable\": true\n      },\n      \"~fh<\": {\n        \"ay\": 2025,\n        \"assign\": \"2z\",\n        \"match\": \"NUJ1571\",\n        \"satisfy\": [\n          {\n            \"and\": [\n              {\n                \"and\": [\n                  {\n                    \"and\": [\n                      \"@:\"\n                    ]\n                  }\n                ]\n              },\n              {\n                \"and\": [\n                  {\n                    \"or\": [\n                      \"+s<RJ\",\n                      \"sLq\"\n                    ]\n                  }\n                ]\n              },\n              {\n                \"mc\": \">=85\"\n              },\n              \"dza RbC\"\n            ]\n          },\n          \"|&V5%\",\n          {\n            \"and\": [\n              {\n                \"or\": [\n                  {\n                    \"or\": []\n                  },\n                  {\n                    \"mc\": \">=54\"\n                  },\n                  \"}7z&}\\\"\"\n                ]\n              }\n            ]\n          },\n          {\n            \"mc\": \">=145\"\n          }\n        ],\n        \"url\": \"https://o3tkst3c9hmjvx1mfs1m7ijznkhb8l1li8y.tt3ehl6qinf-1-vhrcpmltwo-f1eu7tlu4pv.rm\",\n        \"info\": \"m;\",\n        \"isSelectable\": true,\n        \"Odw\\\"g4{\": {\n          \"name\": \"q%}QWtLwm\",\n          \"ay\": 1971,\n          \"assign\": \"/U`Arr\",\n          \"match\": [\n            {\n              \"pattern\": \"TZ547\",\n              \"exclude\": \"ECQ0Q\",\n              \"info\": \"DRS_1D-Y\"\n            }\n          ],\n          \"satisfy\": [\n            {\n              \"mc\": \"<=116\"\n            }\n          ],\n          \"url\": \"https://z8.0-wsv4va7tgqx9sgmtsc11j0igq02jkeaw0eckh4.rqlcts/2&AEtCkWs/6%F1%BE%91%9FCB/yg..bH/49E:O7C//$ZX%F3%9C%94%9B,//L\",\n          \"info\": \"wDrtVl9\",\n          \"isSelectable\": true\n        },\n        \"<4+7`\": {\n          \"name\": \"\",\n          \"assign\": [\n            \"9\"\n          ],\n          \"match\": [\n            {\n              \"and\": [\n                \"YSW20O\"\n              ]\n            }\n          ],\n          \"satisfy\": [],\n          \"isSelectable\": true,\n          \"^q\": {\n            \"name\": \"L\",\n            \"ay\": 2003,\n            \"assign\": \"~hQ1dIu\",\n            \"match\": [\n              {\n                \"pattern\": \"KMA881T\",\n                \"exclude\": \"UH2G\",\n                \"info\": \"QCU\"\n              },\n              {\n                \"pattern\": \"EH6*x2\",\n                \"info\": \"RgZxp+/\"\n              },\n              {\n                \"or\": [\n                  {\n                    \"or\": [\n                      {\n                        \"or\": [\n                          {\n                            \"pattern\": \"MXF5377\",\n                            \"exclude\": [\n                              \"UN2\",\n                              \"OCW2U\",\n                              \"FB9\"\n                            ],\n                            \"info\": \"/$6WsHbj`\"\n                          },\n                          {\n                            \"pattern\": \"ZKF17xO\",\n                            \"exclude\": \"VAN706Q\",\n                            \"info\": \"|\\\\Pd\"\n                          }\n                        ]\n                      }\n                    ]\n                  },\n                  {\n                    \"or\": [\n                      \"XM84K\",\n                      {\n                        \"pattern\": \"MU1x54F\",\n                        \"exclude\": \"DI528\",\n                        \"info\": \"x*?2u\"\n                      },\n                      \"PC5O\",\n                      \"HJ2x9\",\n                      \"ZNQ16\"\n                    ]\n                  },\n                  {\n                    \"or\": [\n                      \"YSR89A\"\n                    ]\n                  }\n                ]\n              },\n              {\n                \"or\": [\n                  \"LRExA\",\n                  {\n                    \"or\": [\n                      {\n                        \"pattern\": \"UXV6*Y\",\n                        \"info\": \"O\"\n                      },\n                      {\n                        \"and\": []\n                      },\n                      {\n                        \"or\": [\n                          {\n                            \"or\": [\n                              \"DT7810\",\n                              \"RVD8061\",\n                              \"PMx188\",\n                              \"CG2720\"\n                            ]\n                          },\n                          \"KH9911\",\n                          {\n                            \"and\": [\n                              \"LPY46*O\",\n                              \"LZD66\",\n                              \"SZ49H\",\n                              \"VPx8\",\n                              \"WGP894E\"\n                            ]\n                          },\n                          {\n                            \"and\": [\n                              {\n                                \"and\": [\n                                  \"XJE595\",\n                                  \"TXL591\"\n                                ]\n                              },\n                              {\n                                \"or\": [\n                                  \"ZWE3237A\",\n                                  \"ABx\",\n                                  {\n                                    \"pattern\": \"USO066\",\n                                    \"exclude\": [\n                                      \"AX071M\",\n                                      \"LEO61\",\n                                      \"NSE7A\",\n                                      \"BSWxO\",\n                                      \"JLN52E\"\n                                    ],\n                                    \"info\": \"n^j\"\n                                  }\n                                ]\n                              },\n                              {\n                                \"or\": [\n                                  {\n                                    \"pattern\": \"PP7H\",\n                                    \"info\": \"y\"\n                                  },\n                                  \"MXQ7302R\",\n                                  \"BU8S\",\n                                  \"TB3J\",\n                                  \"CLSx57W\"\n                                ]\n                              },\n                              \"ZLJ26K\",\n                              \"FSW9x\"\n                            ]\n                          }\n                        ]\n                      }\n                    ]\n                  },\n                  {\n                    \"and\": []\n                  }\n                ]\n              },\n              {\n                \"or\": [\n                  {\n                    \"pattern\": \"RN0700\",\n                    \"exclude\": \"OFL09\",\n                    \"info\": \"9M$xq\"\n                  },\n                  {\n                    \"pattern\": \"XC0\",\n                    \"exclude\": \"DO461\",\n                    \"info\": \" sUsn;NE7)\"\n                  },\n                  {\n                    \"or\": [\n                      {\n                        \"pattern\": \"JZ436\",\n                        \"exclude\": \"GEM*L\",\n                        \"info\": \"\"\n                      },\n                      \"NM05\",\n                      {\n                        \"pattern\": \"TNN032*\",\n                        \"exclude\": [\n                          \"CC1727A\"\n                        ],\n                        \"info\": \"xloIYqkaS0\"\n                      },\n                      {\n                        \"and\": [\n                          {\n                            \"or\": [\n                              \"VBY*\"\n                            ]\n                          },\n                          \"YV28*E\"\n                        ]\n                      }\n                    ]\n                  },\n                  {\n                    \"or\": [\n                      {\n                        \"and\": []\n                      },\n                      \"GGR*K\",\n                      \"QVI1505S\",\n                      \"OON26K\"\n                    ]\n                  },\n                  {\n                    \"pattern\": \"UT9\",\n                    \"exclude\": [\n                      \"CV0\"\n                    ],\n                    \"info\": \"s\\\\\"\n                  }\n                ]\n              }\n            ],\n            \"satisfy\": {\n              \"and\": [\n                {\n                  \"mc\": \">=200\"\n                }\n              ]\n            },\n            \"info\": \"tlllKp8\",\n            \"isSelectable\": true\n          },\n          \"%|\": {\n            \"ay\": 1960,\n            \"assign\": \"p;E|\",\n            \"satisfy\": [\n              \" L\",\n              \"I\"\n            ],\n            \"url\": \"http://i3l-3ps2onod.m79316mfygk67irqmsh9vigq6qz6iyd2s47fr0agi8ta63nv4ih.yfjtfgrg//)7%F2%9E%9B%95'JP!u~\",\n            \"info\": \"GmPMie]T'L\",\n            \"isSelectable\": true\n          },\n          \"\": {\n            \"name\": \"`b_D`f=W|t\",\n            \"ay\": 1967,\n            \"assign\": \"BEg{Ro\",\n            \"match\": [\n              {\n                \"or\": [\n                  {\n                    \"pattern\": \"PLP93\",\n                    \"exclude\": \"CWR4x6R\"\n                  },\n                  {\n                    \"pattern\": \"DHH73R\",\n                    \"exclude\": [\n                      \"CS5711C\"\n                    ]\n                  },\n                  {\n                    \"pattern\": \"EXQx309\",\n                    \"exclude\": [\n                      \"RIZ4306X\",\n                      \"NO768x\",\n                      \"AT0169O\"\n                    ],\n                    \"info\": \"gCPbj\"\n                  },\n                  {\n                    \"and\": [\n                      \"JXX2\",\n                      {\n                        \"pattern\": \"TPV252\",\n                        \"exclude\": [\n                          \"SPD1136\",\n                          \"FS526R\",\n                          \"FV050\"\n                        ]\n                      },\n                      \"SPA606\"\n                    ]\n                  },\n                  {\n                    \"or\": [\n                      {\n                        \"and\": [\n                          \"SHU*x6\",\n                          \"GT05\",\n                          {\n                            \"pattern\": \"LA6\",\n                            \"exclude\": \"IGG1*67X\",\n                            \"info\": \")\"\n                          }\n                        ]\n                      },\n                      \"ONL3x\",\n                      \"PE026J\",\n                      \"HAK580\",\n                      {\n                        \"pattern\": \"BFI7670\",\n                        \"info\": \"g.O92c\"\n                      }\n                    ]\n                  }\n                ]\n              },\n              {\n                \"or\": [\n                  \"WPK260W\",\n                  \"FA9254\",\n                  \"UF1570\"\n                ]\n              },\n              {\n                \"pattern\": \"VN79\",\n                \"exclude\": \"KKH1xA\",\n                \"info\": \"d=>!e\\\\~.\"\n              }\n            ],\n            \"info\": \"C\",\n            \"isSelectable\": true\n          }\n        }\n      },\n      \"\": {\n        \"name\": \"m\",\n        \"ay\": 1989,\n        \"assign\": [\n          \")>Z$['dFu\",\n          \"*KT3j2t_\",\n          \"5b/3aSEy\",\n          \"c>]\",\n          \"aK\"\n        ],\n        \"match\": [\n          {\n            \"or\": [\n              {\n                \"or\": [\n                  \"OG96\",\n                  \"ES8\"\n                ]\n              },\n              {\n                \"or\": [\n                  \"CIN7xx6\",\n                  \"ERS0\",\n                  {\n                    \"and\": [\n                      {\n                        \"or\": [\n                          \"MYE1064\",\n                          \"FVU8326\",\n                          {\n                            \"pattern\": \"YD62Q\",\n                            \"exclude\": \"IR371x\"\n                          }\n                        ]\n                      },\n                      \"SPY*682X\",\n                      \"DYY6R\",\n                      \"UH122A\"\n                    ]\n                  }\n                ]\n              },\n              {\n                \"pattern\": \"WYN2\",\n                \"info\": \"WEBx]}uKV\"\n              }\n            ]\n          },\n          \"HUFx353\",\n          {\n            \"or\": [\n              \"LXJ303\",\n              {\n                \"and\": [\n                  \"VG7M\",\n                  {\n                    \"pattern\": \"MMN17x9N\",\n                    \"exclude\": [\n                      \"TC583\",\n                      \"JHC9x\",\n                      \"OGD9\"\n                    ],\n                    \"info\": \"kdT6]*\\\"\"\n                  },\n                  {\n                    \"or\": [\n                      \"CVU858O\",\n                      \"UO7x*5T\",\n                      \"ZU028M\"\n                    ]\n                  },\n                  \"RR2\"\n                ]\n              },\n              {\n                \"or\": [\n                  \"ZVIx\",\n                  {\n                    \"pattern\": \"ENY8N\",\n                    \"exclude\": \"KR0215\",\n                    \"info\": \"O$+\"\n                  },\n                  \"RC*\",\n                  \"AG13F\"\n                ]\n              },\n              {\n                \"or\": [\n                  \"MSB4*6\",\n                  {\n                    \"and\": [\n                      \"US939H\",\n                      {\n                        \"pattern\": \"PZA38\",\n                        \"exclude\": [\n                          \"LA0xO\",\n                          \"YJVx\"\n                        ],\n                        \"info\": \"c.? Ic|dEg\"\n                      },\n                      \"QMR74\",\n                      {\n                        \"or\": [\n                          \"WY7\",\n                          \"KGxQ\",\n                          {\n                            \"and\": []\n                          },\n                          \"XPB2xK\"\n                        ]\n                      },\n                      \"PCU5\"\n                    ]\n                  },\n                  {\n                    \"pattern\": \"UQL82N\",\n                    \"exclude\": [\n                      \"JLA15D\",\n                      \"WV290\",\n                      \"BV6xL\",\n                      \"XKF6\",\n                      \"RC10\"\n                    ]\n                  },\n                  \"ZDGx5O\",\n                  {\n                    \"or\": [\n                      \"IA8D\",\n                      \"BT5712\"\n                    ]\n                  }\n                ]\n              },\n              {\n                \"or\": [\n                  {\n                    \"and\": []\n                  },\n                  \"XC1276\"\n                ]\n              }\n            ]\n          },\n          {\n            \"pattern\": \"GHX1W\",\n            \"info\": \"OHl{,\"\n          }\n        ],\n        \"satisfy\": {\n          \"and\": [\n            {\n              \"or\": [\n                {\n                  \"or\": [\n                    \"wj\\\\\"\n                  ]\n                },\n                {\n                  \"mc\": \"<=14\"\n                },\n                \"bfe{%\"\n              ]\n            },\n            {\n              \"or\": [\n                \"\",\n                \"L>[uW:\",\n                {\n                  \"or\": [\n                    {\n                      \"or\": []\n                    },\n                    {\n                      \"or\": [\n                        {\n                          \"or\": [\n                            \"4uDh8Q\\\"!c\",\n                            \"fkg\",\n                            \"$\",\n                            \"6$*vd\",\n                            \"fe\"\n                          ]\n                        },\n                        \")Y(E^UR~Q\"\n                      ]\n                    }\n                  ]\n                }\n              ]\n            }\n          ]\n        },\n        \"url\": \"http://n7esl5j3554jh246p4wv9idb9ewqpllr6q.ayfqchye8m723x6l9ajvdgg3rladrresg6shy9h89v98l.v951os31iaoo23ee3ovu1-48fb7fhe8e8be-z8y2n6a8blb9uvhqh7tp3mj8ok.dx3tr7tkpwdis0u9nkvftpdywvlo3w08s7vib2ccrb0p6f3pau501g.q28i3vcipe02mc0oagqe2hvhcglzmvesymvgqn2ny80qwn.nwhyfm/9J-LLpLIWr/b%F3%82%96%ADNbZ%F1%84%90%89/NaI;d!;t%F0%90%90%BED/%F1%99%97%A1/+%F3%AD%A6%B8wG5Z71%F2%B8%AB%A9Y/V:6jN/:%F3%9F%81%AE5Y$S\"\n      },\n      \"@U@Yj\": {\n        \"name\": \"=-d=9\",\n        \"ay\": 1975,\n        \"assign\": [],\n        \"match\": [\n          {\n            \"or\": [\n              {\n                \"and\": [\n                  {\n                    \"pattern\": \"BS7Z\",\n                    \"info\": \"OUIj Q;BF\"\n                  },\n                  \"OR384G\",\n                  {\n                    \"and\": []\n                  }\n                ]\n              }\n            ]\n          },\n          {\n            \"pattern\": \"XQ2x9\",\n            \"exclude\": \"TA5855\",\n            \"info\": \"rg)s/G1:S\"\n          },\n          \"CCS135\"\n        ],\n        \"satisfy\": [],\n        \"url\": \"https://jhkqdoe8g0wb1rs2u34n9brtnx9ebvouvmm3zo54bzxrf.uq/'FpOh/nn3'yVzA(9/H!./_;i/H)'%F4%86%82%8Cw3%F2%8F%99%A1G9/!P(/*l87%F2%A5%AE%9FSz\",\n        \"info\": \"(#3yEKoZ'z\"\n      }\n    }\n  },\n  {\n    \"title\": \"block sample 5\",\n    \"value\": {\n      \"name\": \"[Q\\\"\\\\\",\n      \"ay\": 1993,\n      \"assign\": \"|b#\",\n      \"match\": [\n        {\n          \"pattern\": \"YJx5\",\n          \"exclude\": \"JX7\",\n          \"info\": \"\"\n        },\n        {\n          \"pattern\": \"PD38Z\",\n          \"exclude\": \"KBC86X\"\n        },\n        {\n          \"pattern\": \"OSR69\",\n          \"exclude\": [],\n          \"info\": \"nP!9V@@7\"\n        },\n        {\n          \"or\": [\n            \"CMD25M\",\n            \"MYR910A\",\n            {\n              \"and\": [\n                {\n                  \"pattern\": \"QT3V\",\n                  \"exclude\": [\n                    \"ZOX461\",\n                    \"PM7945L\",\n                    \"TY643xY\",\n                    \"YM8793P\",\n                    \"IM88*2\"\n                  ],\n                  \"info\": \"q@#PMI\"\n                }\n              ]\n            },\n            \"MZ90B\"\n          ]\n        }\n      ],\n      \"satisfy\": {\n        \"mc\": \">=178\"\n      },\n      \"info\": \"/w $$y\",\n      \"isSelectable\": true\n    }\n  },\n  {\n    \"title\": \"block sample 6\",\n    \"value\": {\n      \"name\": \"\",\n      \"ay\": 2025,\n      \"assign\": \"EO]\\\"+e\",\n      \"satisfy\": {\n        \"mc\": \">=2\"\n      },\n      \"url\": \"https://w2u6b1xps101l9jow0ncq7ob14kuat.wsmq0eh056piqr9633h282p9yi86p2mvg1jxzlu44xbng1ezeycgorsxm20y8.ncx7zg0dctyfdl8olhe19g0pcoqq05nvx59.30nveo-noaj2eo04quh4d4u5pphfjsq05c83gub63-cid.iyk/%F4%80%A2%AAI)_i80@x/(Irr*hGEh/%E5%B3%99cHA;Gu/tKibM(dXne/%F2%8E%84%A43h)dBjs'H/Wa/*TCED;kj/boW4)s:!/N(Yqn\",\n      \"isSelectable\": true,\n      \"3A%1\": {\n        \"name\": \"r\\\"4hpb#Mv\",\n        \"ay\": 1981,\n        \"assign\": \"m=-FT@\",\n        \"satisfy\": {\n          \"and\": [\n            \"<etvi-5\",\n            {\n              \"and\": [\n                {\n                  \"or\": []\n                },\n                {\n                  \"or\": []\n                },\n                {\n                  \"mc\": \"<=135\"\n                },\n                {\n                  \"or\": [\n                    \"}N*1/vM\",\n                    \"6^U\",\n                    \"2F\",\n                    \"{F<GNM\",\n                    \":i*5\"\n                  ]\n                },\n                {\n                  \"mc\": \">=126\"\n                }\n              ]\n            },\n            \"p94T#f_+^K\",\n            \"/\\\\2;e{Fzr\",\n            \"@[&GJh\"\n          ]\n        },\n        \"url\": \"http://p0t-7bxbpnut7s3fi1nhdih4z2mjm.jf.fxnwmewcxf\",\n        \"info\": \"y7(>%oy!C\",\n        \"isSelectable\": true\n      }\n    }\n  },\n  {\n    \"title\": \"block sample 7\",\n    \"value\": {\n      \"name\": \"*KHPsJU;2'\",\n      \"ay\": 1950,\n      \"match\": [],\n      \"satisfy\": {\n        \"or\": [\n          {\n            \"mc\": \"<=50\"\n          }\n        ]\n      },\n      \"url\": \"http://i65xegy.xmvpv/j/%E5%83%89xFc9d%F1%A8%8B%B7z/kL'.Op0\",\n      \"isSelectable\": true\n    }\n  },\n  {\n    \"title\": \"block sample 8\",\n    \"value\": {\n      \"name\": \"*\",\n      \"ay\": 2003,\n      \"assign\": \"%&~\",\n      \"match\": [],\n      \"satisfy\": \"*#`\",\n      \"url\": \"https://qkrs7mv001b4pv6fs4row8rtty4hlt3syy2pvj-i5btg67vgq6icwthx0m05.8a26d.cuyezxx/JS)/KuOg;@zk%F2%8F%B3%A3/*3%31/E,0%F2%90%9C%8FY)/E/T7/Er5\",\n      \"isSelectable\": true\n    }\n  },\n  {\n    \"title\": \"block sample 9\",\n    \"value\": {\n      \"name\": \"WX\",\n      \"ay\": 2014,\n      \"assign\": \"T\",\n      \"match\": [\n        {\n          \"and\": [\n            \"RTS4\",\n            {\n              \"or\": [\n                {\n                  \"or\": [\n                    {\n                      \"or\": [\n                        {\n                          \"or\": [\n                            \"UNB0\",\n                            \"LDA4*\"\n                          ]\n                        },\n                        \"ZF7265Z\"\n                      ]\n                    }\n                  ]\n                },\n                {\n                  \"or\": [\n                    \"YU3\",\n                    {\n                      \"and\": [\n                        \"CSxL\",\n                        {\n                          \"and\": [\n                            \"TV89*U\",\n                            {\n                              \"and\": [\n                                \"KBO12V\",\n                                \"OJI8765V\"\n                              ]\n                            },\n                            {\n                              \"pattern\": \"GPM8710\",\n                              \"exclude\": [],\n                              \"info\": \"72r\\\"%Huc\"\n                            },\n                            \"CTC5V\"\n                          ]\n                        },\n                        {\n                          \"pattern\": \"NFU9\",\n                          \"exclude\": \"ZNW6358\",\n                          \"info\": \"r8F5j'.:\"\n                        },\n                        \"RNE*06xR\",\n                        \"YT8A\"\n                      ]\n                    },\n                    \"IHK98\",\n                    {\n                      \"and\": [\n                        {\n                          \"and\": [\n                            \"WSG5942O\",\n                            \"IKT5187\"\n                          ]\n                        },\n                        \"BOI1H\",\n                        \"PUx\",\n                        \"KA8*22F\",\n                        \"OX3*O\"\n                      ]\n                    },\n                    \"KH74*I\"\n                  ]\n                },\n                {\n                  \"or\": [\n                    {\n                      \"and\": [\n                        {\n                          \"pattern\": \"RY6162\",\n                          \"exclude\": [\n                            \"NC61x7W\",\n                            \"WN*C\"\n                          ],\n                          \"info\": \"M:\"\n                        }\n                      ]\n                    }\n                  ]\n                }\n              ]\n            }\n          ]\n        },\n        {\n          \"and\": [\n            \"BN015x\",\n            {\n              \"pattern\": \"KN78\",\n              \"exclude\": \"PO08R\",\n              \"info\": \"@\"\n            }\n          ]\n        },\n        {\n          \"or\": [\n            {\n              \"or\": [\n                \"SU619W\",\n                {\n                  \"pattern\": \"IPT6044\",\n                  \"exclude\": \"DT87\",\n                  \"info\": \"L37>K\"\n                },\n                \"DK7142S\",\n                {\n                  \"pattern\": \"GAO0\",\n                  \"info\": \"<&l^\"\n                }\n              ]\n            },\n            {\n              \"and\": [\n                \"GWV007F\"\n              ]\n            },\n            {\n              \"and\": [\n                {\n                  \"pattern\": \"ZH00**\",\n                  \"info\": \";n\"\n                },\n                \"DL8744\",\n                \"NS*825Y\"\n              ]\n            },\n            {\n              \"and\": [\n                \"DX0\",\n                \"GZE79xQ\",\n                {\n                  \"pattern\": \"EX553x\",\n                  \"exclude\": \"LI382*A\"\n                },\n                \"KFD46\",\n                {\n                  \"pattern\": \"UO3027\",\n                  \"exclude\": [\n                    \"OPA33D\",\n                    \"PDY60\"\n                  ],\n                  \"info\": \"\"\n                }\n              ]\n            },\n            \"ZOT006\"\n          ]\n        },\n        {\n          \"or\": [\n            \"DY25B\",\n            {\n              \"and\": []\n            },\n            \"NV*63\",\n            {\n              \"or\": [\n                \"CV*78\",\n                {\n                  \"and\": [\n                    {\n                      \"pattern\": \"AIExx\",\n                      \"exclude\": \"DM7330\"\n                    },\n                    \"ALY*G\",\n                    \"YH9H\",\n                    \"WLW21J\"\n                  ]\n                },\n                \"DSI8*I\",\n                {\n                  \"and\": [\n                    {\n                      \"and\": [\n                        \"UU31\"\n                      ]\n                    },\n                    {\n                      \"pattern\": \"CH4Y\",\n                      \"exclude\": \"KY8\",\n                      \"info\": \".RubF@[`\"\n                    },\n                    {\n                      \"pattern\": \"BQ92D\",\n                      \"exclude\": [\n                        \"WYE1W\"\n                      ],\n                      \"info\": \"b\"\n                    },\n                    {\n                      \"pattern\": \"JG49xN\",\n                      \"exclude\": \"GEW39R\",\n                      \"info\": \"I::Jhe;j#L\"\n                    }\n                  ]\n                }\n              ]\n            }\n          ]\n        },\n        {\n          \"and\": [\n            \"FP9*6P\",\n            \"TVxU\",\n            \"NI94\",\n            \"UKM*88M\",\n            \"NTI*B\"\n          ]\n        }\n      ],\n      \"satisfy\": \"o ]fm\\\\`*g\\\"\",\n      \"url\": \"http://8bb5m04s-nf1vlczmtjcn.tagsdyna-4mlkpnrxpomnxqsdn1b0j3u0arrokt1gmaftv.e.w2gy3ep1925yq12e4-nj56ohmmgakq5g3t2i-rc66e7a9s70tceuzoq9sz7d1.tg\",\n      \"info\": \"2O'u(\\\"\",\n      \"isSelectable\": true\n    }\n  }\n]",
              "code": "(0, fast_check_1.sample)(index_test_2.block, 10).forEach((sample, i) => (0, addContext_1.default)(this, {\n    title: `block sample ${i}`,\n    value: sample,\n}));\nreturn (0, fast_check_1.assert)((0, fast_check_1.property)(index_test_2.block, ajvValidate));",
              "err": {},
              "uuid": "a38dfc2d-da71-4001-a97e-0112fadddd69",
              "parentUUID": "9b438817-911a-4621-bd46-e16b736b2277",
              "isHook": false,
              "skipped": false
            },
            {
              "title": "should not validate non-object",
              "fullTitle": "blockSchema should not validate non-object",
              "timedOut": false,
              "duration": 1,
              "state": "passed",
              "speed": "fast",
              "pass": true,
              "fail": false,
              "pending": false,
              "context": null,
              "code": "const error = {\n    instancePath: \"\",\n    message: \"block should be an object\",\n};\nisInvalidBlock(null, error);\nisInvalidBlock(undefined, error);\nisInvalidBlock(10, error);\nisInvalidBlock([12, 24], error);\nisInvalidBlock(\"abc\", error);",
              "err": {},
              "uuid": "81afb85b-3dc2-45aa-8a37-2166a2507a49",
              "parentUUID": "9b438817-911a-4621-bd46-e16b736b2277",
              "isHook": false,
              "skipped": false
            },
            {
              "title": "should not validate block with invalid properties",
              "fullTitle": "blockSchema should not validate block with invalid properties",
              "timedOut": false,
              "duration": 0,
              "state": "passed",
              "speed": "fast",
              "pass": true,
              "fail": false,
              "pending": false,
              "context": null,
              "code": "isInvalidBlock({\n        name: { foo: \"bar\" },\n        ay: -1000,\n        assign: {},\n        match: 1,\n        satisfy: 2,\n        url: { abc: \"def\" },\n        info: 42,\n        isSelectable: 32,\n    }, { instancePath: \"/name\", message: \"property 'name' should be a string\" }, {\n        instancePath: \"/ay\",\n        message: \"property 'ay' should be a positive integer\",\n    }, {\n        instancePath: \"/assign\",\n        message: \"property 'assign' should be either a block ID or an array of block IDs\",\n    }, {\n        instancePath: \"/match\",\n        message: \"property 'match' should be either a match rule or an array of match rules\",\n    }, {\n        instancePath: \"/satisfy\",\n        message: \"property 'satisfy' should be either a satisfy rule or an array of satisfy rules\",\n    }, { instancePath: \"/url\", message: \"property 'url' should be a string\" }, { instancePath: \"/info\", message: \"property 'info' should be a string\" }, {\n        instancePath: \"/isSelectable\",\n        message: \"property 'isSelectable' should be a boolean\",\n    })",
              "err": {},
              "uuid": "7293c82a-0cf2-4e8f-be30-a5def47c25ef",
              "parentUUID": "9b438817-911a-4621-bd46-e16b736b2277",
              "isHook": false,
              "skipped": false
            }
          ],
          "suites": [],
          "passes": [
            "a38dfc2d-da71-4001-a97e-0112fadddd69",
            "81afb85b-3dc2-45aa-8a37-2166a2507a49",
            "7293c82a-0cf2-4e8f-be30-a5def47c25ef"
          ],
          "failures": [],
          "pending": [],
          "skipped": [],
          "duration": 148,
          "root": false,
          "rootEmpty": false,
          "_timeout": 2000
        },
        {
          "uuid": "aa611e4e-e544-45f5-9f75-4fd2bbd07a8e",
          "title": "patternToRE",
          "fullFile": "/home/runner/work/planwithus-lib/planwithus-lib/src/matchRule/pattern/satisfiers.test.ts",
          "file": "/src/matchRule/pattern/satisfiers.test.ts",
          "beforeHooks": [],
          "afterHooks": [],
          "tests": [
            {
              "title": "should match valid modules with a single pattern",
              "fullTitle": "patternToRE should match valid modules with a single pattern",
              "timedOut": false,
              "duration": 12,
              "state": "passed",
              "speed": "fast",
              "pass": true,
              "fail": false,
              "pending": false,
              "context": "[\n  {\n    \"title\": \"patternExampleList sample 0\",\n    \"value\": [\n      \"ZE1\",\n      [\n        \"ZE1\"\n      ]\n    ]\n  },\n  {\n    \"title\": \"patternExampleList sample 1\",\n    \"value\": [\n      \"YHI6K\",\n      [\n        \"YHI6K\"\n      ]\n    ]\n  },\n  {\n    \"title\": \"patternExampleList sample 2\",\n    \"value\": [\n      \"SOI7x\",\n      [\n        \"SOI75\",\n        \"SOI72\"\n      ]\n    ]\n  },\n  {\n    \"title\": \"patternExampleList sample 3\",\n    \"value\": [\n      \"XP118\",\n      [\n        \"XP118\"\n      ]\n    ]\n  },\n  {\n    \"title\": \"patternExampleList sample 4\",\n    \"value\": [\n      \"ND2*G\",\n      [\n        \"ND2ZG\",\n        \"ND2PLG\"\n      ]\n    ]\n  },\n  {\n    \"title\": \"patternExampleList sample 5\",\n    \"value\": [\n      \"JK8xN\",\n      [\n        \"JK83N\",\n        \"JK80N\"\n      ]\n    ]\n  },\n  {\n    \"title\": \"patternExampleList sample 6\",\n    \"value\": [\n      \"YDB1x1\",\n      [\n        \"YDB181\",\n        \"YDB111\",\n        \"YDB161\",\n        \"YDB191\",\n        \"YDB121\"\n      ]\n    ]\n  },\n  {\n    \"title\": \"patternExampleList sample 7\",\n    \"value\": [\n      \"LRx6K\",\n      [\n        \"LR06K\",\n        \"LR96K\"\n      ]\n    ]\n  },\n  {\n    \"title\": \"patternExampleList sample 8\",\n    \"value\": [\n      \"QIJxQ\",\n      [\n        \"QIJ9Q\",\n        \"QIJ2Q\",\n        \"QIJ0Q\",\n        \"QIJ4Q\",\n        \"QIJ5Q\",\n        \"QIJ6Q\",\n        \"QIJ3Q\",\n        \"QIJ8Q\",\n        \"QIJ7Q\",\n        \"QIJ1Q\"\n      ]\n    ]\n  },\n  {\n    \"title\": \"patternExampleList sample 9\",\n    \"value\": [\n      \"ZF6Z\",\n      [\n        \"ZF6Z\"\n      ]\n    ]\n  }\n]",
              "code": "(0, fast_check_1.sample)(index_test_1.patternExampleList, 10).forEach((sample, i) => (0, addContext_1.default)(this, {\n    title: `patternExampleList sample ${i}`,\n    value: sample,\n}));\nreturn (0, fast_check_1.assert)((0, fast_check_1.property)(index_test_1.patternExampleList, ([patternStr, examples]) => {\n    const re = (0, _1.patternToRE)(patternStr);\n    return examples.every(re.test.bind(re));\n}));",
              "err": {},
              "uuid": "312a82c7-211b-4ae7-b8db-fd70f0b06caa",
              "parentUUID": "aa611e4e-e544-45f5-9f75-4fd2bbd07a8e",
              "isHook": false,
              "skipped": false
            },
            {
              "title": "should match valid modules with multiple patterns",
              "fullTitle": "patternToRE should match valid modules with multiple patterns",
              "timedOut": false,
              "duration": 55,
              "state": "passed",
              "speed": "medium",
              "pass": true,
              "fail": false,
              "pending": false,
              "context": "[\n  {\n    \"title\": \"patternExampleListArray sample 0\",\n    \"value\": [\n      [\n        \"GBB6X\",\n        [\n          \"GBB6X\"\n        ]\n      ],\n      [\n        \"AH9I\",\n        [\n          \"AH9I\"\n        ]\n      ],\n      [\n        \"UEW41W\",\n        [\n          \"UEW41W\"\n        ]\n      ]\n    ]\n  },\n  {\n    \"title\": \"patternExampleListArray sample 1\",\n    \"value\": [\n      [\n        \"SHD934\",\n        [\n          \"SHD934\"\n        ]\n      ]\n    ]\n  },\n  {\n    \"title\": \"patternExampleListArray sample 2\",\n    \"value\": [\n      [\n        \"NB00B\",\n        [\n          \"NB00B\"\n        ]\n      ],\n      [\n        \"KW5*23D\",\n        [\n          \"KW523D\",\n          \"KW5H23D\",\n          \"KW5LQ3L223D\",\n          \"KW5RYNJ74C23D\",\n          \"KW50S23D\",\n          \"KW5UGVY23D\",\n          \"KW5YZLC423D\",\n          \"KW50TDA2K123D\",\n          \"KW5SPG0V23D\",\n          \"KW57DA23D\"\n        ]\n      ],\n      [\n        \"WML*7xx\",\n        [\n          \"WMLK3RN0XVS754\",\n          \"WML6L4783\",\n          \"WML9OX3K1OO729\",\n          \"WMLO8AX7S8B779\",\n          \"WMLK792\",\n          \"WML4TQ5HLFW736\"\n        ]\n      ],\n      [\n        \"YG4x8R\",\n        [\n          \"YG448R\",\n          \"YG458R\",\n          \"YG438R\",\n          \"YG488R\",\n          \"YG428R\",\n          \"YG468R\",\n          \"YG498R\",\n          \"YG408R\"\n        ]\n      ],\n      [\n        \"CM5718\",\n        [\n          \"CM5718\"\n        ]\n      ],\n      [\n        \"RDP4\",\n        [\n          \"RDP4\"\n        ]\n      ],\n      [\n        \"MBU56\",\n        [\n          \"MBU56\"\n        ]\n      ],\n      [\n        \"MCU6*6\",\n        [\n          \"MCU66\",\n          \"MCU6A5V6\",\n          \"MCU6TMY6\",\n          \"MCU60M04FG6\",\n          \"MCU6W6\",\n          \"MCU6J5T6\",\n          \"MCU6HDW9JIQ6\",\n          \"MCU6T6\",\n          \"MCU62K8K6\",\n          \"MCU68N6\"\n        ]\n      ],\n      [\n        \"DTG57*L\",\n        [\n          \"DTG57Z03AL\",\n          \"DTG57ZL\",\n          \"DTG576JRF0L\",\n          \"DTG57EMB6L\",\n          \"DTG57A8ILODL\",\n          \"DTG57BU78F75L\",\n          \"DTG579OEO0UAL\",\n          \"DTG573FO8OL\",\n          \"DTG57L\"\n        ]\n      ]\n    ]\n  },\n  {\n    \"title\": \"patternExampleListArray sample 3\",\n    \"value\": [\n      [\n        \"CS5299U\",\n        [\n          \"CS5299U\"\n        ]\n      ],\n      [\n        \"ED6113V\",\n        [\n          \"ED6113V\"\n        ]\n      ],\n      [\n        \"YGB261\",\n        [\n          \"YGB261\"\n        ]\n      ],\n      [\n        \"JMO431\",\n        [\n          \"JMO431\"\n        ]\n      ]\n    ]\n  },\n  {\n    \"title\": \"patternExampleListArray sample 4\",\n    \"value\": [\n      [\n        \"LVL4E\",\n        [\n          \"LVL4E\"\n        ]\n      ],\n      [\n        \"PC49\",\n        [\n          \"PC49\"\n        ]\n      ],\n      [\n        \"LZH37\",\n        [\n          \"LZH37\"\n        ]\n      ],\n      [\n        \"HKG**\",\n        [\n          \"HKGYEQ0AI\",\n          \"HKGVDV4\",\n          \"HKGJN7AXM9F9\",\n          \"HKGMW955KA6\"\n        ]\n      ]\n    ]\n  },\n  {\n    \"title\": \"patternExampleListArray sample 5\",\n    \"value\": [\n      [\n        \"CB8x8*\",\n        [\n          \"CB898EOCD8ELJ\",\n          \"CB838Z\",\n          \"CB838UO7\",\n          \"CB8685DZ5GI\",\n          \"CB858M\",\n          \"CB848H\",\n          \"CB818C0\",\n          \"CB8081UUJR\",\n          \"CB898U5\"\n        ]\n      ]\n    ]\n  },\n  {\n    \"title\": \"patternExampleListArray sample 6\",\n    \"value\": [\n      [\n        \"QYW*758\",\n        [\n          \"QYWQYD2758\",\n          \"QYW758\",\n          \"QYWBZ1K2758\"\n        ]\n      ],\n      [\n        \"UYM0\",\n        [\n          \"UYM0\"\n        ]\n      ],\n      [\n        \"VSK9*6\",\n        [\n          \"VSK9I66\",\n          \"VSK9V6\",\n          \"VSK9GCW4RIS06\",\n          \"VSK9SY6\",\n          \"VSK9716\",\n          \"VSK9RFM9R6\",\n          \"VSK9606\"\n        ]\n      ],\n      [\n        \"LS1127N\",\n        [\n          \"LS1127N\"\n        ]\n      ],\n      [\n        \"XDM06L\",\n        [\n          \"XDM06L\"\n        ]\n      ],\n      [\n        \"YQ850\",\n        [\n          \"YQ850\"\n        ]\n      ],\n      [\n        \"VLx1\",\n        [\n          \"VL61\",\n          \"VL81\",\n          \"VL31\",\n          \"VL91\",\n          \"VL21\",\n          \"VL51\",\n          \"VL41\",\n          \"VL11\",\n          \"VL71\"\n        ]\n      ],\n      [\n        \"OK9\",\n        [\n          \"OK9\"\n        ]\n      ],\n      [\n        \"QF88*x\",\n        [\n          \"QF88LT1RWV9\",\n          \"QF888J3\"\n        ]\n      ]\n    ]\n  },\n  {\n    \"title\": \"patternExampleListArray sample 7\",\n    \"value\": [\n      [\n        \"GW14V\",\n        [\n          \"GW14V\"\n        ]\n      ],\n      [\n        \"GCx6\",\n        [\n          \"GC26\",\n          \"GC96\",\n          \"GC06\",\n          \"GC76\",\n          \"GC16\",\n          \"GC36\",\n          \"GC86\",\n          \"GC56\",\n          \"GC66\",\n          \"GC46\"\n        ]\n      ],\n      [\n        \"SA0*32\",\n        [\n          \"SA0R9X1432\",\n          \"SA0L9ZU32\",\n          \"SA05ZOL0UIZ32\",\n          \"SA05432\",\n          \"SA0JV9ZZVD32\"\n        ]\n      ],\n      [\n        \"FN55\",\n        [\n          \"FN55\"\n        ]\n      ],\n      [\n        \"YW92\",\n        [\n          \"YW92\"\n        ]\n      ],\n      [\n        \"VR08Q\",\n        [\n          \"VR08Q\"\n        ]\n      ],\n      [\n        \"HBL70S\",\n        [\n          \"HBL70S\"\n        ]\n      ]\n    ]\n  },\n  {\n    \"title\": \"patternExampleListArray sample 8\",\n    \"value\": [\n      [\n        \"DQ4*1K\",\n        [\n          \"DQ4SDTZX21K\",\n          \"DQ4W1K\",\n          \"DQ4ACS1K\",\n          \"DQ42DJNR51K\",\n          \"DQ4YYVW1K\",\n          \"DQ4XO8R36F1K\",\n          \"DQ41K\"\n        ]\n      ],\n      [\n        \"QHL4406U\",\n        [\n          \"QHL4406U\"\n        ]\n      ],\n      [\n        \"GSUx8Y\",\n        [\n          \"GSU28Y\",\n          \"GSU18Y\",\n          \"GSU98Y\",\n          \"GSU38Y\",\n          \"GSU58Y\",\n          \"GSU78Y\"\n        ]\n      ],\n      [\n        \"HYS11\",\n        [\n          \"HYS11\"\n        ]\n      ],\n      [\n        \"ZLR19\",\n        [\n          \"ZLR19\"\n        ]\n      ],\n      [\n        \"EWL6\",\n        [\n          \"EWL6\"\n        ]\n      ],\n      [\n        \"WPx\",\n        [\n          \"WP3\",\n          \"WP9\",\n          \"WP5\",\n          \"WP7\",\n          \"WP8\",\n          \"WP6\",\n          \"WP1\",\n          \"WP0\"\n        ]\n      ],\n      [\n        \"XO8Q\",\n        [\n          \"XO8Q\"\n        ]\n      ]\n    ]\n  },\n  {\n    \"title\": \"patternExampleListArray sample 9\",\n    \"value\": [\n      [\n        \"QJH48xU\",\n        [\n          \"QJH482U\",\n          \"QJH485U\"\n        ]\n      ],\n      [\n        \"XGL80*xF\",\n        [\n          \"XGL80C94F\",\n          \"XGL80263U8F\",\n          \"XGL804F\",\n          \"XGL80CSL5F\",\n          \"XGL80F55Y8ZM5F\",\n          \"XGL80R92ZPOLB5F\",\n          \"XGL80M8X0UMBS0F\",\n          \"XGL80UBMQJ4F\"\n        ]\n      ],\n      [\n        \"VH7280\",\n        [\n          \"VH7280\"\n        ]\n      ],\n      [\n        \"UK796\",\n        [\n          \"UK796\"\n        ]\n      ],\n      [\n        \"LXx2\",\n        [\n          \"LX22\",\n          \"LX72\",\n          \"LX32\",\n          \"LX62\"\n        ]\n      ],\n      [\n        \"RB*\",\n        [\n          \"RBRO8\",\n          \"RB4\",\n          \"RB5XO7Z\",\n          \"RBX\"\n        ]\n      ],\n      [\n        \"VGW80\",\n        [\n          \"VGW80\"\n        ]\n      ],\n      [\n        \"NAH5\",\n        [\n          \"NAH5\"\n        ]\n      ],\n      [\n        \"HXZ2\",\n        [\n          \"HXZ2\"\n        ]\n      ],\n      [\n        \"WB516G\",\n        [\n          \"WB516G\"\n        ]\n      ],\n      [\n        \"PNB*486R\",\n        [\n          \"PNBUHNLE486R\",\n          \"PNBQ5TF486R\",\n          \"PNB29PH2M486R\",\n          \"PNBE9F6FI486R\",\n          \"PNB6RN3486R\",\n          \"PNBD486R\",\n          \"PNB81OYY486R\"\n        ]\n      ]\n    ]\n  }\n]",
              "code": "const patternExampleListArray = (0, fast_check_1.array)(index_test_1.patternExampleList, { minLength: 1 });\n(0, fast_check_1.sample)(patternExampleListArray, 10).forEach((sample, i) => (0, addContext_1.default)(this, {\n    title: `patternExampleListArray sample ${i}`,\n    value: sample,\n}));\nreturn (0, fast_check_1.assert)((0, fast_check_1.property)(patternExampleListArray, (ts) => {\n    const re = (0, _1.patternToRE)(...ts.map(([patternStr]) => patternStr));\n    return ts\n        .map(([, examples]) => examples)\n        .flat()\n        .every(re.test.bind(re));\n}));",
              "err": {},
              "uuid": "cbec058e-8111-4553-9b58-0a2d3e3e6848",
              "parentUUID": "aa611e4e-e544-45f5-9f75-4fd2bbd07a8e",
              "isHook": false,
              "skipped": false
            },
            {
              "title": "should not match x to non-number",
              "fullTitle": "patternToRE should not match x to non-number",
              "timedOut": false,
              "duration": 0,
              "state": "passed",
              "speed": "fast",
              "pass": true,
              "fail": false,
              "pending": false,
              "context": null,
              "code": "const re = (0, _1.patternToRE)(\"x\");\n[\"A\", \"Z\", \"c\", \"#\"].forEach((example) => isInvalidExample(re, example));",
              "err": {},
              "uuid": "91328836-3051-4f7f-9054-6f335877abea",
              "parentUUID": "aa611e4e-e544-45f5-9f75-4fd2bbd07a8e",
              "isHook": false,
              "skipped": false
            },
            {
              "title": "should not match * to a substring composed of characters other than A-Z and 0-9",
              "fullTitle": "patternToRE should not match * to a substring composed of characters other than A-Z and 0-9",
              "timedOut": false,
              "duration": 0,
              "state": "passed",
              "speed": "fast",
              "pass": true,
              "fail": false,
              "pending": false,
              "context": null,
              "code": "const re = (0, _1.patternToRE)(\"*\");\n[\"c\", \"Ac\", \"cA\", \"0Ax\", \"x0A\", \"BA#\", \"#AB\"].forEach((example) => isInvalidExample(re, example));",
              "err": {},
              "uuid": "dde8878c-2e91-4c48-91ae-d16bb77ca2a2",
              "parentUUID": "aa611e4e-e544-45f5-9f75-4fd2bbd07a8e",
              "isHook": false,
              "skipped": false
            },
            {
              "title": "should not match substrings",
              "fullTitle": "patternToRE should not match substrings",
              "timedOut": false,
              "duration": 1,
              "state": "passed",
              "speed": "fast",
              "pass": true,
              "fail": false,
              "pending": false,
              "context": null,
              "code": "const re = (0, _1.patternToRE)(\"A*xC\");\n[\"A1CZ\", \"AC1CZ\", \"ZA1C\", \"ZAC1C\", \"ZA1CZ\", \"ZAC1CZ\"].forEach((example) => isInvalidExample(re, example));",
              "err": {},
              "uuid": "677b09a8-2750-42b6-a70e-00ea5c59bc9c",
              "parentUUID": "aa611e4e-e544-45f5-9f75-4fd2bbd07a8e",
              "isHook": false,
              "skipped": false
            }
          ],
          "suites": [],
          "passes": [
            "312a82c7-211b-4ae7-b8db-fd70f0b06caa",
            "cbec058e-8111-4553-9b58-0a2d3e3e6848",
            "91328836-3051-4f7f-9054-6f335877abea",
            "dde8878c-2e91-4c48-91ae-d16bb77ca2a2",
            "677b09a8-2750-42b6-a70e-00ea5c59bc9c"
          ],
          "failures": [],
          "pending": [],
          "skipped": [],
          "duration": 68,
          "root": false,
          "rootEmpty": false,
          "_timeout": 2000
        },
        {
          "uuid": "f521f6d9-2e6b-458c-9771-4e3d79693d73",
          "title": "patternSatisfier",
          "fullFile": "/home/runner/work/planwithus-lib/planwithus-lib/src/matchRule/pattern/satisfiers.test.ts",
          "file": "/src/matchRule/pattern/satisfiers.test.ts",
          "beforeHooks": [],
          "afterHooks": [],
          "tests": [
            {
              "title": "should assign all modules with *",
              "fullTitle": "patternSatisfier should assign all modules with *",
              "timedOut": false,
              "duration": 1,
              "state": "passed",
              "speed": "fast",
              "pass": true,
              "fail": false,
              "pending": false,
              "context": null,
              "code": "const { assign } = (0, satisfiers_1.patternSatisfier)(ref, \"*\");\nisCorrectAssign(assign, modulesList1, modulesList1.map(([moduleStr]) => moduleStr));",
              "err": {},
              "uuid": "333b9757-5fa8-4784-843f-61ebd512b633",
              "parentUUID": "f521f6d9-2e6b-458c-9771-4e3d79693d73",
              "isHook": false,
              "skipped": false
            },
            {
              "title": "should assign only valid modules with pattern containing *",
              "fullTitle": "patternSatisfier should assign only valid modules with pattern containing *",
              "timedOut": false,
              "duration": 0,
              "state": "passed",
              "speed": "fast",
              "pass": true,
              "fail": false,
              "pending": false,
              "context": null,
              "code": "const { assign } = (0, satisfiers_1.patternSatisfier)(ref, \"CS2*\");\nisCorrectAssign(assign, modulesList1, [\"CS2100\", \"CS2040S\", \"CS2030\"]);",
              "err": {},
              "uuid": "478e5a19-cd84-4746-b315-9ed53598d15b",
              "parentUUID": "f521f6d9-2e6b-458c-9771-4e3d79693d73",
              "isHook": false,
              "skipped": false
            },
            {
              "title": "should assign only valid modules with pattern containing x",
              "fullTitle": "patternSatisfier should assign only valid modules with pattern containing x",
              "timedOut": false,
              "duration": 0,
              "state": "passed",
              "speed": "fast",
              "pass": true,
              "fail": false,
              "pending": false,
              "context": null,
              "code": "const { assign } = (0, satisfiers_1.patternSatisfier)(ref, \"CS20xx\");\nisCorrectAssign(assign, modulesList1, [\"CS2030\"]);",
              "err": {},
              "uuid": "806177fe-3da2-4b57-8bdf-170d2bb42584",
              "parentUUID": "f521f6d9-2e6b-458c-9771-4e3d79693d73",
              "isHook": false,
              "skipped": false
            },
            {
              "title": "should assign only valid modules with pattern containing x and *",
              "fullTitle": "patternSatisfier should assign only valid modules with pattern containing x and *",
              "timedOut": false,
              "duration": 0,
              "state": "passed",
              "speed": "fast",
              "pass": true,
              "fail": false,
              "pending": false,
              "context": null,
              "code": "const { assign } = (0, satisfiers_1.patternSatisfier)(ref, \"CS20xx*\");\nisCorrectAssign(assign, modulesList1, [\"CS2040S\", \"CS2030\"]);",
              "err": {},
              "uuid": "94f2ea58-6929-4e3c-8551-b21e5b91618e",
              "parentUUID": "f521f6d9-2e6b-458c-9771-4e3d79693d73",
              "isHook": false,
              "skipped": false
            }
          ],
          "suites": [],
          "passes": [
            "333b9757-5fa8-4784-843f-61ebd512b633",
            "478e5a19-cd84-4746-b315-9ed53598d15b",
            "806177fe-3da2-4b57-8bdf-170d2bb42584",
            "94f2ea58-6929-4e3c-8551-b21e5b91618e"
          ],
          "failures": [],
          "pending": [],
          "skipped": [],
          "duration": 1,
          "root": false,
          "rootEmpty": false,
          "_timeout": 2000
        },
        {
          "uuid": "f65d44c3-d4f7-400f-a60b-d6953ca2edea",
          "title": "patternSchema",
          "fullFile": "/home/runner/work/planwithus-lib/planwithus-lib/src/matchRule/pattern/schemas.test.ts",
          "file": "/src/matchRule/pattern/schemas.test.ts",
          "beforeHooks": [],
[...]
              "fullTitle": "inequalitySatisfier should truncate list of modules with upper bound of MCs at exact cutoff if total MC count is higher and there exists some starting sequence with exact MC count",
              "timedOut": false,
              "duration": 1,
              "state": "passed",
              "speed": "fast",
              "pass": true,
              "fail": false,
              "pending": false,
              "context": null,
              "code": "const satisfier = (0, satisfiers_1.inequalitySatisfier)(ref, \"<=16\");\nsatisfier.should.have.property(\"filter\");\nconst { filter } = satisfier;\nisCorrectFilter(filter, modulesList1, [\n    \"CS2100\",\n    \"GER1000\",\n    \"CS2040S\",\n    \"ST2131\",\n]);",
              "err": {},
              "uuid": "20df40aa-4ecd-4301-b0f4-9af899e9644a",
              "parentUUID": "aa49f862-4f20-4a18-95fa-e64ba7d2792e",
              "isHook": false,
              "skipped": false
            },
            {
              "title": "should truncate list of modules with upper bound of MCs, cutting off at the minimum starting sequence that exceeds upper bound, if total MC count is higher and there exists no starting sequence with exact MC count",
              "fullTitle": "inequalitySatisfier should truncate list of modules with upper bound of MCs, cutting off at the minimum starting sequence that exceeds upper bound, if total MC count is higher and there exists no starting sequence with exact MC count",
              "timedOut": false,
              "duration": 0,
              "state": "passed",
              "speed": "fast",
              "pass": true,
              "fail": false,
              "pending": false,
              "context": null,
              "code": "const satisfier = (0, satisfiers_1.inequalitySatisfier)(ref, \"<=17\");\nsatisfier.should.have.property(\"filter\");\nconst { filter } = satisfier;\nisCorrectFilter(filter, modulesList1, [\n    \"CS2100\",\n    \"GER1000\",\n    \"CS2040S\",\n    \"ST2131\",\n    \"MA1521\",\n]);",
              "err": {},
              "uuid": "66c5db55-862e-49c0-9786-4e6e29268b0f",
              "parentUUID": "aa49f862-4f20-4a18-95fa-e64ba7d2792e",
              "isHook": false,
              "skipped": false
            }
          ],
          "suites": [],
          "passes": [
            "43f8ee2d-00fa-4733-99ad-9d1665eae7f8",
            "a58732fb-dc2a-4e0f-bfba-b6965eb1a128",
            "13063d68-f3d1-4b71-b7c3-0707c8ab2865",
            "1bba02ba-92d9-4ba8-bde2-8121415dd34e",
            "b635cfa0-9005-44f5-90ac-c5521aec03d0",
            "20df40aa-4ecd-4301-b0f4-9af899e9644a",
            "66c5db55-862e-49c0-9786-4e6e29268b0f"
          ],
          "failures": [],
          "pending": [],
          "skipped": [],
          "duration": 3,
          "root": false,
          "rootEmpty": false,
          "_timeout": 2000
        },
        {
          "uuid": "bac6ba8e-da5a-4afb-bd79-782406bd361b",
          "title": "inequalitySchema",
          "fullFile": "/home/runner/work/planwithus-lib/planwithus-lib/src/satisfyRule/inequality/schemas.test.ts",
          "file": "/src/satisfyRule/inequality/schemas.test.ts",
          "beforeHooks": [],
          "afterHooks": [],
          "tests": [
            {
              "title": "should validate inequality in the form <=n or >=n",
              "fullTitle": "inequalitySchema should validate inequality in the form <=n or >=n",
              "timedOut": false,
              "duration": 1,
              "state": "passed",
              "speed": "fast",
              "pass": true,
              "fail": false,
              "pending": false,
              "context": "[\n  {\n    \"title\": \"inequality sample 0\",\n    \"value\": \">=53\"\n  },\n  {\n    \"title\": \"inequality sample 1\",\n    \"value\": \"<=190\"\n  },\n  {\n    \"title\": \"inequality sample 2\",\n    \"value\": \">=2\"\n  },\n  {\n    \"title\": \"inequality sample 3\",\n    \"value\": \">=106\"\n  },\n  {\n    \"title\": \"inequality sample 4\",\n    \"value\": \">=151\"\n  },\n  {\n    \"title\": \"inequality sample 5\",\n    \"value\": \">=131\"\n  },\n  {\n    \"title\": \"inequality sample 6\",\n    \"value\": \">=106\"\n  },\n  {\n    \"title\": \"inequality sample 7\",\n    \"value\": \">=5\"\n  },\n  {\n    \"title\": \"inequality sample 8\",\n    \"value\": \"<=3\"\n  },\n  {\n    \"title\": \"inequality sample 9\",\n    \"value\": \">=181\"\n  }\n]",
              "code": "(0, fast_check_1.sample)(index_test_2.inequality, 10).forEach((sample, i) => (0, addContext_1.default)(this, {\n    title: `inequality sample ${i}`,\n    value: sample,\n}));\nreturn (0, fast_check_1.assert)((0, fast_check_1.property)(index_test_2.inequality, ajvValidate));",
              "err": {},
              "uuid": "d37918d3-9232-484c-891b-92b1c096c1e7",
              "parentUUID": "bac6ba8e-da5a-4afb-bd79-782406bd361b",
              "isHook": false,
              "skipped": false
            },
            {
              "title": "should not validate inequality of invalid form",
              "fullTitle": "inequalitySchema should not validate inequality of invalid form",
              "timedOut": false,
              "duration": 1,
              "state": "passed",
              "speed": "fast",
              "pass": true,
              "fail": false,
              "pending": false,
              "context": null,
              "code": "[\n        \"\",\n        \"==23\",\n        \"23\",\n        \"<23\",\n        \">23\",\n        \"<=-1\",\n        \">=-1\",\n        \"<= 2\",\n        \">= 1\",\n        \"> 3\",\n        \"< 3\",\n        \"<=3a\",\n        \">=3a\",\n        \"a<=3\",\n        \"a>=3\",\n    ].forEach(isInvalidInequality)",
              "err": {},
              "uuid": "018abec3-ed71-40da-9a7a-8e80d8f32d8e",
              "parentUUID": "bac6ba8e-da5a-4afb-bd79-782406bd361b",
              "isHook": false,
              "skipped": false
            }
          ],
          "suites": [],
          "passes": [
            "d37918d3-9232-484c-891b-92b1c096c1e7",
            "018abec3-ed71-40da-9a7a-8e80d8f32d8e"
          ],
          "failures": [],
          "pending": [],
          "skipped": [],
          "duration": 2,
          "root": false,
          "rootEmpty": false,
          "_timeout": 2000
        },
        {
          "uuid": "632a6668-cdca-4bd0-ac3a-06dce2d6344a",
          "title": "satisfyRuleSchema",
          "fullFile": "/home/runner/work/planwithus-lib/planwithus-lib/src/satisfyRule/schemas.test.ts",
          "file": "/src/satisfyRule/schemas.test.ts",
          "beforeHooks": [],
          "afterHooks": [],
          "tests": [
            {
              "title": "should validate satisfy rule with valid block id",
              "fullTitle": "satisfyRuleSchema should validate satisfy rule with valid block id",
              "timedOut": false,
              "duration": 0,
              "state": "passed",
              "speed": "fast",
              "pass": true,
              "fail": false,
              "pending": false,
              "context": null,
              "code": "0, fast_check_1.assert)((0, fast_check_1.property)((0, fast_check_1.string)(), ajvValidate)",
              "err": {},
              "uuid": "dc1eed8e-e3ac-49ee-ac10-30286d7c96df",
              "parentUUID": "632a6668-cdca-4bd0-ac3a-06dce2d6344a",
              "isHook": false,
              "skipped": false
            },
            {
              "title": "should validate satisfy rules with valid mc",
              "fullTitle": "satisfyRuleSchema should validate satisfy rules with valid mc",
              "timedOut": false,
              "duration": 2,
              "state": "passed",
              "speed": "fast",
              "pass": true,
              "fail": false,
              "pending": false,
              "context": "[\n  {\n    \"title\": \"mcSatisfyRule sample 0\",\n    \"value\": {\n      \"mc\": \"<=113\"\n    }\n  },\n  {\n    \"title\": \"mcSatisfyRule sample 1\",\n    \"value\": {\n      \"mc\": \">=129\"\n    }\n  },\n  {\n    \"title\": \"mcSatisfyRule sample 2\",\n    \"value\": {\n      \"mc\": \">=200\"\n    }\n  },\n  {\n    \"title\": \"mcSatisfyRule sample 3\",\n    \"value\": {\n      \"mc\": \"<=7\"\n    }\n  },\n  {\n    \"title\": \"mcSatisfyRule sample 4\",\n    \"value\": {\n      \"mc\": \">=52\"\n    }\n  },\n  {\n    \"title\": \"mcSatisfyRule sample 5\",\n    \"value\": {\n      \"mc\": \">=105\"\n    }\n  },\n  {\n    \"title\": \"mcSatisfyRule sample 6\",\n    \"value\": {\n      \"mc\": \">=186\"\n    }\n  },\n  {\n    \"title\": \"mcSatisfyRule sample 7\",\n    \"value\": {\n      \"mc\": \">=110\"\n    }\n  },\n  {\n    \"title\": \"mcSatisfyRule sample 8\",\n    \"value\": {\n      \"mc\": \">=2\"\n    }\n  },\n  {\n    \"title\": \"mcSatisfyRule sample 9\",\n    \"value\": {\n      \"mc\": \">=8\"\n    }\n  }\n]",
              "code": "(0, fast_check_1.sample)(index_test_2.mcSatisfyRule, 10).forEach((sample, i) => (0, addContext_1.default)(this, {\n    title: `mcSatisfyRule sample ${i}`,\n    value: sample,\n}));\nreturn (0, fast_check_1.assert)((0, fast_check_1.property)(index_test_2.mcSatisfyRule, ajvValidate));",
              "err": {},
              "uuid": "dbec7b23-1450-421a-b59d-41334cd6f0d8",
              "parentUUID": "632a6668-cdca-4bd0-ac3a-06dce2d6344a",
              "isHook": false,
              "skipped": false
            },
            {
              "title": "should validate valid recursive satisfy rules",
              "fullTitle": "satisfyRuleSchema should validate valid recursive satisfy rules",
              "timedOut": false,
              "duration": 2,
              "state": "passed",
              "speed": "fast",
              "pass": true,
              "fail": false,
              "pending": false,
              "context": "[\n  {\n    \"title\": \"satisfyRule sample 0\",\n    \"value\": {\n      \"or\": [\n        {\n          \"and\": []\n        },\n        {\n          \"mc\": \">=139\"\n        },\n        {\n          \"and\": [\n            {\n              \"or\": [\n                \"MWU<X9\",\n                \"$,`\"\n              ]\n            },\n            {\n              \"or\": [\n                {\n                  \"mc\": \">=181\"\n                },\n                \"ve&q$Z,;'\",\n                \"z3|6dq7_I\",\n                \"|tykSu:X\",\n                {\n                  \"and\": [\n                    \"L\"\n                  ]\n                }\n              ]\n            },\n            {\n              \"mc\": \"<=120\"\n            },\n            \"\"\n          ]\n        }\n      ]\n    }\n  },\n  {\n    \"title\": \"satisfyRule sample 1\",\n    \"value\": {\n      \"and\": [\n        {\n          \"or\": [\n            {\n              \"mc\": \">=179\"\n            }\n          ]\n        },\n        {\n          \"mc\": \">=199\"\n        }\n      ]\n    }\n  },\n  {\n    \"title\": \"satisfyRule sample 2\",\n    \"value\": {\n      \"mc\": \"<=92\"\n    }\n  },\n  {\n    \"title\": \"satisfyRule sample 3\",\n    \"value\": {\n      \"or\": [\n        {\n          \"and\": [\n            {\n              \"mc\": \">=99\"\n            },\n            {\n              \"and\": [\n                \"9E8Y{Q~Zl\",\n                {\n                  \"and\": [\n                    \"`J6=%\",\n                    \"\",\n                    \"_>y]8<T\",\n                    \"[\\\"]m:-2W\"\n                  ]\n                },\n                \"'~a\",\n                \".\",\n                \"eGz]\"\n              ]\n            },\n            {\n              \"and\": [\n                \"R\"\n              ]\n            },\n            {\n              \"or\": [\n                \"\"\n              ]\n            }\n          ]\n        },\n        \"\"\n      ]\n    }\n  },\n  {\n    \"title\": \"satisfyRule sample 4\",\n    \"value\": \"$ w\"\n  },\n  {\n    \"title\": \"satisfyRule sample 5\",\n    \"value\": {\n      \"mc\": \"<=43\"\n    }\n  },\n  {\n    \"title\": \"satisfyRule sample 6\",\n    \"value\": {\n      \"and\": [\n        {\n          \"and\": [\n            {\n              \"or\": [\n                \"<?{\",\n                \"`RhB\"\n              ]\n            }\n          ]\n        },\n        \"2\"\n      ]\n    }\n  },\n  {\n    \"title\": \"satisfyRule sample 7\",\n    \"value\": {\n      \"mc\": \"<=102\"\n    }\n  },\n  {\n    \"title\": \"satisfyRule sample 8\",\n    \"value\": {\n      \"and\": [\n        {\n          \"and\": [\n            \"\"\n          ]\n        },\n        {\n          \"and\": [\n            \"@dziv\",\n            \"Ge\",\n            \"bKQg E\"\n          ]\n        },\n        {\n          \"or\": [\n            \"t\",\n            \"m\",\n            \"+ PCY+Wa4@\"\n          ]\n        }\n      ]\n    }\n  },\n  {\n    \"title\": \"satisfyRule sample 9\",\n    \"value\": \"t_-%\"\n  }\n]",
              "code": "(0, fast_check_1.sample)(index_test_2.satisfyRule, 10).forEach((sample, i) => (0, addContext_1.default)(this, {\n    title: `satisfyRule sample ${i}`,\n    value: sample,\n}));\nreturn (0, fast_check_1.assert)((0, fast_check_1.property)(index_test_2.satisfyRule, ajvValidate));",
              "err": {},
              "uuid": "da8c785a-9399-4c28-8828-d30a4dae8f4c",
              "parentUUID": "632a6668-cdca-4bd0-ac3a-06dce2d6344a",
              "isHook": false,
              "skipped": false
            },
            {
              "title": "should not validate non-string/object",
              "fullTitle": "satisfyRuleSchema should not validate non-string/object",
              "timedOut": false,
              "duration": 1,
              "state": "passed",
              "speed": "fast",
              "pass": true,
              "fail": false,
              "pending": false,
              "context": null,
              "code": "const error = {\n    instancePath: \"\",\n    message: \"satisfy rule should be either a string or an object\",\n};\nisInvalidRule(null, error);\nisInvalidRule(undefined, error);\nisInvalidRule(10, error);\nisInvalidRule([12, 24], error);",
              "err": {},
              "uuid": "413ae178-df74-4870-855a-618ccf5a7418",
              "parentUUID": "632a6668-cdca-4bd0-ac3a-06dce2d6344a",
              "isHook": false,
              "skipped": false
            },
            {
              "title": "should not validate satisfy rules with extra properties",
              "fullTitle": "satisfyRuleSchema should not validate satisfy rules with extra properties",
              "timedOut": false,
              "duration": 1,
              "state": "passed",
              "speed": "fast",
              "pass": true,
              "fail": false,
              "pending": false,
              "context": null,
              "code": "isInvalidRule({\n        and: [\n            { or: [\"2k\"], abc: \"def\" },\n            { mc: 8, ghi: \"jkl\" },\n        ],\n        mno: \"pqr\",\n    }, {\n        instancePath: \"/and/0\",\n        message: \"or satisfy rule should have property 'or' only\",\n    }, {\n        instancePath: \"/and/1\",\n        message: \"MC satisfy rule should have property 'mc' only\",\n    }, {\n        instancePath: \"\",\n        message: \"and satisfy rule should have property 'and' only\",\n    })",
              "err": {},
              "uuid": "c95b6deb-9882-4f71-8139-d02e5f100a41",
              "parentUUID": "632a6668-cdca-4bd0-ac3a-06dce2d6344a",
              "isHook": false,
              "skipped": false
            },
            {
              "title": "should not validate ambiguous satisfy rules",
              "fullTitle": "satisfyRuleSchema should not validate ambiguous satisfy rules",
              "timedOut": false,
              "duration": 0,
              "state": "passed",
              "speed": "fast",
              "pass": true,
              "fail": false,
              "pending": false,
              "context": null,
              "code": "const message = \"satisfy rule should have only one of properties 'mc', 'and', 'or'\";\nisInvalidRule({\n    or: [\n        { mc: 5, and: [\"CS2040\"] },\n        { and: [{ and: [\"abc\"], or: [\"def\"] }] },\n    ],\n}, { instancePath: \"/or/0\", message }, { instancePath: \"/or/1/and/0\", message });",
              "err": {},
              "uuid": "2edcd2f6-1522-495a-9a46-b0ff1d1b3b85",
              "parentUUID": "632a6668-cdca-4bd0-ac3a-06dce2d6344a",
              "isHook": false,
              "skipped": false
            },
            {
              "title": "should not validate and satisfy rules with non-array property",
              "fullTitle": "satisfyRuleSchema should not validate and satisfy rules with non-array property",
              "timedOut": false,
              "duration": 0,
              "state": "passed",
              "speed": "fast",
              "pass": true,
              "fail": false,
              "pending": false,
              "context": null,
              "code": "const message = \"property 'and' should be an array of satisfy rules\";\nisInvalidRule({ or: [{ and: {} }, { or: [{ and: 3 }] }] }, { instancePath: \"/or/0/and\", message }, { instancePath: \"/or/1/or/0/and\", message });",
              "err": {},
              "uuid": "0d37d0a5-57bb-4fe8-931a-b5fbfd4a476d",
              "parentUUID": "632a6668-cdca-4bd0-ac3a-06dce2d6344a",
              "isHook": false,
              "skipped": false
            },
            {
              "title": "should not validate or satisfy rules with non-array property",
              "fullTitle": "satisfyRuleSchema should not validate or satisfy rules with non-array property",
              "timedOut": false,
              "duration": 0,
              "state": "passed",
              "speed": "fast",
              "pass": true,
              "fail": false,
              "pending": false,
              "context": null,
              "code": "const message = \"property 'or' should be an array of satisfy rules\";\nisInvalidRule({ and: [{ or: {} }, { and: [{ or: 3 }] }] }, { instancePath: \"/and/0/or\", message }, { instancePath: \"/and/1/and/0/or\", message });",
              "err": {},
              "uuid": "a3997e04-2095-4e97-9d9d-6ba6c6f17fdc",
              "parentUUID": "632a6668-cdca-4bd0-ac3a-06dce2d6344a",
              "isHook": false,
              "skipped": false
            }
          ],
          "suites": [],
          "passes": [
            "dc1eed8e-e3ac-49ee-ac10-30286d7c96df",
            "dbec7b23-1450-421a-b59d-41334cd6f0d8",
            "da8c785a-9399-4c28-8828-d30a4dae8f4c",
            "413ae178-df74-4870-855a-618ccf5a7418",
            "c95b6deb-9882-4f71-8139-d02e5f100a41",
            "2edcd2f6-1522-495a-9a46-b0ff1d1b3b85",
            "0d37d0a5-57bb-4fe8-931a-b5fbfd4a476d",
            "a3997e04-2095-4e97-9d9d-6ba6c6f17fdc"
          ],
          "failures": [],
          "pending": [],
          "skipped": [],
          "duration": 6,
          "root": false,
          "rootEmpty": false,
          "_timeout": 2000
        }
      ],
      "passes": [],
      "failures": [],
      "pending": [],
      "skipped": [],
      "duration": 0,
      "root": true,
      "rootEmpty": true,
      "_timeout": 2000
    }
  ],
  "meta": {
    "mocha": {
      "version": "9.1.2"
    },
    "mochawesome": {
      "options": {
        "quiet": false,
        "reportFilename": "mochawesome",
        "saveHtml": true,
        "saveJson": true,
        "consoleReporter": "spec",
        "useInlineDiffs": false,
        "code": true
      },
      "version": "6.3.0"
    },
    "marge": {
      "options": {
        "reportDir": "docs"
      },
      "version": "5.2.0"
    }
  }
}