{
  "stats": {
    "suites": 10,
    "tests": 48,
    "passes": 48,
    "pending": 0,
    "failures": 0,
    "start": "2021-10-03T05:35:29.832Z",
    "end": "2021-10-03T05:35:30.184Z",
    "duration": 352,
    "testsRegistered": 48,
    "passPercent": 100,
    "pendingPercent": 0,
    "other": 0,
    "hasOther": false,
    "skipped": 0,
    "hasSkipped": false
  },
  "results": [
    {
      "uuid": "f035f738-9967-4a4c-ac35-5739fea2c67c",
      "title": "",
      "fullFile": "",
      "file": "",
      "beforeHooks": [],
      "afterHooks": [],
      "tests": [],
      "suites": [
        {
          "uuid": "1b228144-f0af-471b-a8ba-2158b24b45eb",
          "title": "initDirectories",
          "fullFile": "/home/runner/work/planwithus-lib/planwithus-lib/src/block/schemas.test.ts",
          "file": "/src/block/schemas.test.ts",
          "beforeHooks": [],
          "afterHooks": [],
          "tests": [
            {
              "title": "should parse all blocks with no errors",
              "fullTitle": "initDirectories should parse all blocks with no errors",
              "timedOut": false,
              "duration": 3,
              "state": "passed",
              "speed": "fast",
              "pass": true,
              "fail": false,
              "pending": false,
              "context": null,
              "code": "_1.initDirectories.should.not.throw()",
              "err": {},
              "uuid": "978b1287-ec1c-4924-abdc-39dae4fee7bf",
              "parentUUID": "1b228144-f0af-471b-a8ba-2158b24b45eb",
              "isHook": false,
              "skipped": false
            },
            {
              "title": "should produce primary, second & minor directories",
              "fullTitle": "initDirectories should produce primary, second & minor directories",
              "timedOut": false,
              "duration": 2,
              "state": "passed",
              "speed": "fast",
              "pass": true,
              "fail": false,
              "pending": false,
              "context": null,
              "code": "const directories = (0, _1.initDirectories)();\ndirectories.should.have.property(\"primary\");\ndirectories.should.have.property(\"second\");\ndirectories.should.have.property(\"minor\");",
              "err": {},
              "uuid": "2c137a16-2e69-431c-b6d1-6c8ef08a6df1",
              "parentUUID": "1b228144-f0af-471b-a8ba-2158b24b45eb",
              "isHook": false,
              "skipped": false
            }
          ],
          "suites": [],
          "passes": [
            "978b1287-ec1c-4924-abdc-39dae4fee7bf",
            "2c137a16-2e69-431c-b6d1-6c8ef08a6df1"
          ],
          "failures": [],
          "pending": [],
          "skipped": [],
          "duration": 5,
          "root": false,
          "rootEmpty": false,
          "_timeout": 2000
        },
        {
          "uuid": "17373685-bba6-4d04-9237-ae84d486f88c",
          "title": "blockSchema",
          "fullFile": "/home/runner/work/planwithus-lib/planwithus-lib/src/block/schemas.test.ts",
          "file": "/src/block/schemas.test.ts",
          "beforeHooks": [],
          "afterHooks": [],
          "tests": [
            {
              "title": "should validate valid block",
              "fullTitle": "blockSchema should validate valid block",
              "timedOut": false,
              "duration": 201,
              "state": "passed",
              "speed": "slow",
              "pass": true,
              "fail": false,
              "pending": false,
              "context": "[\n  {\n    \"title\": \"block sample 0\",\n    \"value\": {\n      \"assign\": \"y$y&d5hN\",\n      \"match\": [],\n      \"satisfy\": [\n        \"!$\"\n      ],\n      \"url\": \"https://corkhjfht0dnl2g98o3m7ln4019puzl5f1oux.np3g4fq5sludthr8ez10hs1-z.tb3-y0wj3pz.zfi\",\n      \"isSelectable\": true,\n      \"%$ix\\\"|\": {\n        \"name\": \"t~P&,\",\n        \"assign\": [\n          \"zmyz\",\n          \"z?Iq}St\"\n        ],\n        \"match\": [\n          {\n            \"and\": [\n              {\n                \"and\": [\n                  {\n                    \"or\": [\n                      {\n                        \"and\": [\n                          \"JB1Y\",\n                          \"HHJ831\"\n                        ]\n                      },\n                      \"FF9346\"\n                    ]\n                  },\n                  {\n                    \"pattern\": \"IR488V\",\n                    \"exclude\": \"MGT8N\",\n                    \"info\": \"PiS\"\n                  },\n                  \"SU1V\"\n                ]\n              },\n              {\n                \"or\": [\n                  {\n                    \"and\": [\n                      {\n                        \"pattern\": \"HZM913x\",\n                        \"exclude\": [\n                          \"FPE726K\"\n                        ],\n                        \"info\": \"FQ?MU+b\"\n                      }\n                    ]\n                  },\n                  {\n                    \"and\": []\n                  }\n                ]\n              },\n              {\n                \"or\": [\n                  {\n                    \"or\": [\n                      \"CD4\",\n                      {\n                        \"pattern\": \"EU2\",\n                        \"exclude\": [],\n                        \"info\": \"I\"\n                      },\n                      \"EY335T\",\n                      \"CH53x\"\n                    ]\n                  },\n                  \"OU0A\",\n                  {\n                    \"or\": [\n                      \"TB6021A\",\n                      \"JOT9H\",\n                      \"BB6\",\n                      \"HRx89Z\",\n                      {\n                        \"pattern\": \"JW5*90\",\n                        \"info\": \"1n*`[Mid^\"\n                      }\n                    ]\n                  },\n                  \"NGF1U\"\n                ]\n              }\n            ]\n          },\n          {\n            \"pattern\": \"GDJ206H\",\n            \"exclude\": \"KW4\",\n            \"info\": \"TSipx(M\"\n          }\n        ],\n        \"satisfy\": [\n          \"#Yix(%!Z\",\n          {\n            \"or\": [\n              {\n                \"or\": [\n                  \"b\",\n                  \"Lqy ze\"\n                ]\n              },\n              \"'}\"\n            ]\n          }\n        ],\n        \"info\": \"$\",\n        \"isSelectable\": true,\n        \"U\\\\\": {\n          \"name\": \"\",\n          \"ay\": 1952,\n          \"assign\": \"!L#ojb}#^\",\n          \"match\": {\n            \"pattern\": \"TE461\",\n            \"exclude\": \"XHSx346V\",\n            \"info\": \"3y\"\n          },\n          \"satisfy\": [\n            {\n              \"and\": [\n                \"\",\n                \"x#{*{$\",\n                {\n                  \"and\": [\n                    {\n                      \"or\": []\n                    },\n                    {\n                      \"or\": [\n                        \"211{.B4Hj\",\n                        \"lw;H3tT\",\n                        {\n                          \"and\": [\n                            \"C.em C4\",\n                            {\n                              \"mc\": \"<=49\"\n                            },\n                            \"\",\n                            \"a&\",\n                            {\n                              \"or\": [\n                                \"\",\n                                \"4\",\n                                \"B?Wn\"\n                              ]\n                            }\n                          ]\n                        }\n                      ]\n                    },\n                    \"i\",\n                    {\n                      \"or\": [\n                        \"mIm<\"\n                      ]\n                    }\n                  ]\n                },\n                {\n                  \"or\": [\n                    \"+w=\",\n                    \"Dew@~%W7.\",\n                    \"Pi1HYB \",\n                    {\n                      \"or\": [\n                        {\n                          \"and\": []\n                        },\n                        {\n                          \"or\": [\n                            \")R Ac6 N\",\n                            \"{0g!\",\n                            {\n                              \"or\": []\n                            }\n                          ]\n                        },\n                        \"Lgo\",\n                        {\n                          \"and\": []\n                        },\n                        \"BJ*\"\n                      ]\n                    },\n                    {\n                      \"or\": [\n                        \"XlY8j=7\",\n                        \"C7#Rku$~?\",\n                        \"Vc\",\n                        \"A;:-gH\"\n                      ]\n                    }\n                  ]\n                }\n              ]\n            },\n            {\n              \"or\": [\n                {\n                  \"mc\": \">=164\"\n                },\n                {\n                  \"or\": [\n                    \"z2hi`z_G\",\n                    {\n                      \"or\": [\n                        {\n                          \"mc\": \">=39\"\n                        },\n                        \"<E1\",\n                        \"~]_x9\",\n                        \"Mf[ cyL\"\n                      ]\n                    },\n                    {\n                      \"mc\": \"<=65\"\n                    },\n                    {\n                      \"mc\": \"<=72\"\n                    }\n                  ]\n                },\n                \"^b3X\",\n                \"1t$w<5BX\",\n                {\n                  \"and\": [\n                    \"I ]\",\n                    {\n                      \"mc\": \">=19\"\n                    },\n                    {\n                      \"and\": [\n                        \"z}9'A2i{\",\n                        \"\\\\p!+$ik|dh\",\n                        {\n                          \"or\": [\n                            {\n                              \"or\": [\n                                \"\\\\|8Qa\",\n                                \"5D3]\",\n                                \"d{ShM^LGb\",\n                                {\n                                  \"and\": [\n                                    \"W\",\n                                    \"l>u\",\n                                    \"}xM\",\n                                    \"dAGr|zD;e\",\n                                    \"P#]\"\n                                  ]\n                                }\n                              ]\n                            },\n                            \"$~G*\"\n                          ]\n                        },\n                        \"n-9\\\"N9+$\"\n                      ]\n                    },\n                    \"Vh [S)@uN\",\n                    {\n                      \"or\": [\n                        \"qe~r.N\",\n                        \"&S=C/$f\",\n                        {\n                          \"or\": [\n                            {\n                              \"or\": [\n                                \"Hx\",\n                                \"fU9pj@Q6[\",\n                                {\n                                  \"mc\": \">=91\"\n                                },\n                                \"VteD0$'7\",\n                                \"0 un}RI\"\n                              ]\n                            },\n                            \"y+$HO*\",\n                            \"hXb);\"\n                          ]\n                        },\n                        {\n                          \"or\": [\n                            {\n                              \"and\": [\n                                {\n                                  \"and\": [\n                                    \">'F_\",\n                                    \"#W]AX' yC\",\n                                    \"]G}?>E\",\n                                    \"rSKk\",\n                                    {\n                                      \"or\": [\n                                        \"J.u%>R\",\n                                        \"\",\n                                        \"42CdB<\"\n                                      ]\n                                    }\n                                  ]\n                                },\n                                \"&\",\n                                \"T3xEM.WR\"\n                              ]\n                            }\n                          ]\n                        }\n                      ]\n                    }\n                  ]\n                }\n              ]\n            },\n            \"&\"\n          ],\n          \"url\": \"http://r.ccufadf//=:/5H%F2%9D%BA%A9A&F/385m.M*Vhn/zu/6&UvlR;e/ZxNyzZX%F1%9A%8D%A0\",\n          \"info\": \"X \",\n          \"isSelectable\": true\n        }\n      }\n    }\n  },\n  {\n    \"title\": \"block sample 1\",\n    \"value\": {\n      \"name\": \"w$0`6)\",\n      \"ay\": 2004,\n      \"assign\": [\n        \"xM\",\n        \"\\\"\"\n      ],\n      \"match\": {\n        \"and\": [\n          \"RXO0x\",\n          {\n            \"or\": [\n              {\n                \"and\": [\n                  \"YU9C\",\n                  \"KVx8J\",\n                  \"VXD99H\",\n                  \"AVA1xxH\",\n                  {\n                    \"or\": [\n                      \"OGP998\",\n                      \"BI*08J\",\n                      \"TT6\",\n                      \"HRQ38x4X\",\n                      \"YTDx1\"\n                    ]\n                  }\n                ]\n              }\n            ]\n          },\n          {\n            \"and\": [\n              \"XYX5\",\n              \"QXXx53T\",\n              {\n                \"and\": [\n                  {\n                    \"pattern\": \"YL6xD\",\n                    \"exclude\": [\n                      \"UIG6*L\",\n                      \"ZFx007E\",\n                      \"FFN1\",\n                      \"KY767xT\",\n                      \"RWPx20Q\"\n                    ],\n                    \"info\": \"6/K-N\"\n                  },\n                  \"UVU58X\",\n                  \"STT33O\",\n                  {\n                    \"pattern\": \"HPR6C\",\n                    \"exclude\": [\n                      \"JS5D\",\n                      \"YSP9x*7D\"\n                    ]\n                  }\n                ]\n              },\n              \"UZN2*C\",\n              \"QHG97P\"\n            ]\n          }\n        ]\n      },\n      \"satisfy\": {\n        \"mc\": \">=3\"\n      },\n      \"url\": \"https://alc.6ebu7fu.foloomon0tom3u5r-il3gshnck53tzo25n0s6r3fj8a9.a.3.bdxc//i,/f)\",\n      \"info\": \"\\\\}\",\n      \"isSelectable\": true,\n      \")\": {\n        \"name\": \"BO\",\n        \"ay\": 2024,\n        \"assign\": [\n          \"Gs\",\n          \"3{\",\n          \"0ih (J(\",\n          \"VNqX_uHwam\"\n        ],\n        \"match\": {\n          \"pattern\": \"JP9D\",\n          \"info\": \"bS6\"\n        },\n        \"satisfy\": [\n          {\n            \"and\": [\n              {\n                \"mc\": \">=184\"\n              },\n              \"DP\\\\%'*Z\",\n              {\n                \"or\": [\n                  {\n                    \"mc\": \"<=196\"\n                  },\n                  {\n                    \"mc\": \"<=146\"\n                  },\n                  {\n                    \"mc\": \">=74\"\n                  }\n                ]\n              },\n              {\n                \"mc\": \">=100\"\n              },\n              {\n                \"mc\": \"<=132\"\n              }\n            ]\n          }\n        ],\n        \"url\": \"https://m--7ivk04l89nl7.d78xu0l1j3vb9az4krec45wt6p3iaqol5-dbxaotmbjv31a.gefldb.vhibfvongl/d!d\",\n        \"info\": \"x@dCAk\",\n        \"isSelectable\": true,\n        \"B@S\": {\n          \"name\": \"T0U7,\",\n          \"ay\": 2004,\n          \"assign\": \"H\",\n          \"match\": {\n            \"pattern\": \"NM3*K\",\n            \"info\": \"{F=BQG0\"\n          },\n          \"isSelectable\": true\n        },\n        \"Fq)@!xh`k\": {\n          \"name\": \"z`\",\n          \"ay\": 2028,\n          \"assign\": \"f74]]X92]l\",\n          \"match\": {\n            \"or\": [\n              {\n                \"pattern\": \"MMB*\",\n                \"exclude\": \"CW84\",\n                \"info\": \"]0xSa0teO\"\n              }\n            ]\n          },\n          \"satisfy\": {\n            \"mc\": \">=102\"\n          },\n          \"url\": \"https://ei6.gxscsvqc/TZJ&/M/%F3%95%87%9EDzGESAZ/8;63%F3%B0%A2%BFaAG/jS.mxzIEF/Kba.1Hc/~/ku+v/y5KbO/DbV\",\n          \"info\": \"RAS>}Wa\"\n        },\n        \"V+=7!\": {\n          \"name\": \"2R\",\n          \"ay\": 2001,\n          \"match\": \"MSP2798\",\n          \"url\": \"https://riwg5-6ph2lt9r3-6sn5dbaa6lux9wbr7yg0mk4o5ehhq66.hwcrtjnyi\",\n          \"info\": \"=z| 0XZo\",\n          \"isSelectable\": true\n        },\n        \"'_EWt2F.Es\": {\n          \"name\": \"SSn:ej\",\n          \"ay\": 2028,\n          \"assign\": \"-|+q\",\n          \"match\": [],\n          \"satisfy\": [],\n          \"info\": \"0`L8\",\n          \"isSelectable\": true\n        },\n        \"KH6$\": {\n          \"ay\": 1972,\n          \"assign\": \"\",\n          \"info\": \"\",\n          \"isSelectable\": true\n        }\n      },\n      \"!\": {\n        \"name\": \"|yQ\",\n        \"ay\": 1974,\n        \"assign\": \"W#<fr@\",\n        \"match\": [\n          {\n            \"or\": [\n              \"UGF332\",\n              {\n                \"pattern\": \"BSH85A\",\n                \"info\": \"2oApo]o\"\n              }\n            ]\n          },\n          {\n            \"or\": []\n          }\n        ],\n        \"satisfy\": \"_tv\",\n        \"url\": \"http://e-503k-6m8h8ob83xm7rkcbi557g4t0i8mri2156ble46uswkd-ye.j-l69ngqw8qmfvfjhm6173s82pbajn1pdbji65ml44rniu7slade-5a0cr9.e.bil137f1meyd5zy6zi9qttegwebe1hrfr43h7zzf2y3nu.z8-5hs219zjboickygh-4ljgnxgq6b9hdsvj-ufod51.aba/%F1%8E%B4%8B/ZjOS/g*!:%F2%92%98%AD%28/~wi%F0%B4%BD%AA1/A%E7%9F%99';lE9/$b%F0%BD%A4%90N/V%F3%88%86%B6NofFGr*/\",\n        \"info\": \"r/|\",\n        \"isSelectable\": true,\n        \"OFPlJ\": {\n          \"name\": \"W0sGWmw#^\",\n          \"ay\": 1952,\n          \"assign\": \"\\\"|#\",\n          \"match\": [\n            {\n              \"and\": [\n                {\n                  \"or\": [\n                    {\n                      \"or\": [\n                        \"LOM3351\",\n                        \"ME0J\",\n                        \"CTxx\",\n                        {\n                          \"pattern\": \"SO*9\",\n                          \"exclude\": \"GFF19L\",\n                          \"info\": \"\\\"4aDzQ\"\n                        },\n                        \"POD90\"\n                      ]\n                    },\n                    \"HKC0L\"\n                  ]\n                },\n                {\n                  \"or\": [\n                    \"DPO62M\",\n                    \"DR09Z\",\n                    \"YO351\",\n                    {\n                      \"and\": []\n                    },\n                    \"SP6925\"\n                  ]\n                },\n                {\n                  \"or\": [\n                    \"IC12\",\n                    {\n                      \"or\": [\n                        \"DL2I\",\n                        {\n                          \"or\": []\n                        },\n                        {\n                          \"pattern\": \"LO006R\",\n                          \"exclude\": \"SFW1G\",\n                          \"info\": \"o\"\n                        },\n                        \"XPY26Q\"\n                      ]\n                    }\n                  ]\n                }\n              ]\n            },\n            {\n              \"or\": [\n                {\n                  \"or\": [\n                    \"SMG2W\",\n                    {\n                      \"and\": [\n                        \"LZ1733M\"\n                      ]\n                    },\n                    {\n                      \"and\": [\n                        \"JCR995\",\n                        \"RZ043V\",\n                        {\n                          \"and\": []\n                        },\n                        \"ZEM7*x\"\n                      ]\n                    }\n                  ]\n                },\n                {\n                  \"or\": [\n                    {\n                      \"and\": [\n                        {\n                          \"pattern\": \"KXE2\",\n                          \"info\": \"\"\n                        },\n                        {\n                          \"or\": [\n                            \"XN*22\",\n                            \"KLG30x8\",\n                            {\n                              \"or\": [\n                                {\n                                  \"pattern\": \"GT7177I\",\n                                  \"exclude\": \"VJX8\",\n                                  \"info\": \"H\"\n                                },\n                                \"YL45N\",\n                                \"FZ7U\",\n                                \"DW678\",\n                                \"VM66\"\n                              ]\n                            }\n                          ]\n                        },\n                        {\n                          \"and\": [\n                            \"QU43F\"\n                          ]\n                        },\n                        {\n                          \"and\": [\n                            \"JJY5903\",\n                            \"YSSx*80E\",\n                            \"AU128X\",\n                            \"VW22N\"\n                          ]\n                        }\n                      ]\n                    }\n                  ]\n                },\n                {\n                  \"and\": [\n                    \"DHT7S\",\n                    {\n                      \"pattern\": \"FI4\",\n                      \"info\": \"\"\n                    },\n                    \"LHX66Z\"\n                  ]\n                },\n                \"BH302B\"\n              ]\n            }\n          ],\n          \"satisfy\": [\n            {\n              \"mc\": \">=5\"\n            },\n            {\n              \"or\": [\n                {\n                  \"and\": [\n                    \"mOKsC_KPJ\",\n                    \"\",\n                    \"wwtoHhy~\",\n                    {\n                      \"and\": [\n                        \"o!qhr~?+\",\n                        \"N>hZ\"\n                      ]\n                    }\n                  ]\n                },\n                {\n                  \"or\": [\n                    {\n                      \"mc\": \">=84\"\n                    },\n                    {\n                      \"mc\": \"<=28\"\n                    },\n                    {\n                      \"or\": [\n                        {\n                          \"or\": [\n                            \"n$i\",\n                            {\n                              \"mc\": \"<=22\"\n                            },\n                            \"@QMhN'\"\n                          ]\n                        },\n                        {\n                          \"and\": []\n                        },\n                        \"{^,WM$^\"\n                      ]\n                    }\n                  ]\n                },\n                \"bDh{-Nx+pD\",\n                \"d45z?V]-R\"\n              ]\n            }\n          ],\n          \"url\": \"https://e-yq6r3d-1bum14ovst6pn-d5kagmy194owk36vp7x5jnpc0hyia39.c0ub655ef5v94bkl--7t8dr7hoa1ld54sw8487c.5b86ti63v9.xdocrrcx//v/3b%F1%92%AE%B11R//U:/*yhFe2ZMd/s%F1%B5%A6%8Bpt/cafw*Kea=1/dQIAO\",\n          \"info\": \"\\\"\",\n          \"isSelectable\": true\n        },\n        \"###\": {\n          \"ay\": 1953,\n          \"assign\": \"<1z&I{dl\",\n          \"match\": [\n            \"AMUx8\"\n          ],\n          \"satisfy\": {\n            \"and\": [\n              {\n                \"mc\": \">=67\"\n              },\n              {\n                \"and\": [\n                  \"Sw\",\n                  \"\",\n                  {\n                    \"mc\": \"<=109\"\n                  },\n                  {\n                    \"mc\": \">=48\"\n                  }\n                ]\n              }\n            ]\n          },\n          \"url\": \"https://n3oby-6ceoedcaxg9yq7icag3wduy.7os0ewiuisg95spga144i8im99nfkvuoe67il7t-9bk5qe6rzy7g1kv.55ryqnbp4mk9s-qqe4-bta3csnrpmwy7s5ns.zgyjuzeaymjorneua4ktlt628-gw850.p.dc/g)'8/aG_/%F2%AC%B1%AE9mrlab0/%F4%89%9D%BDQad&DZ/_%F0%AF%A8%91+\",\n          \"info\": \"\",\n          \"isSelectable\": true\n        }\n      }\n    }\n  },\n  {\n    \"title\": \"block sample 2\",\n    \"value\": {\n      \"name\": \"cN+DZ^L.4O\",\n      \"ay\": 1967,\n      \"assign\": [\n        \"dlu~X6q\"\n      ],\n      \"match\": \"IL1334K\",\n      \"satisfy\": {\n        \"and\": [\n          {\n            \"or\": []\n          }\n        ]\n      },\n      \"url\": \"http://qyze-fbdfmca0a6a9b3af7e575gpod8qe5cubfqk0de78iyb2e.b.cppctaspo\",\n      \"info\": \"R)$=NG00W\",\n      \"isSelectable\": true\n    }\n  },\n  {\n    \"title\": \"block sample 3\",\n    \"value\": {\n      \"name\": \"%\",\n      \"ay\": 1978,\n      \"assign\": \")7\",\n      \"match\": \"EIO*74\",\n      \"url\": \"http://8us5.mo22c8tx3gyverzcjw9czeiuvk-vybtofszl62i716y.ovidowm//Z1u/x+28B%F1%9A%90%A4M/Tf/u%32W/toR/u:1%E1%8F%8BP\",\n      \"info\": \"Y<qKN* \",\n      \"isSelectable\": true\n    }\n  },\n  {\n    \"title\": \"block sample 4\",\n    \"value\": {\n      \"name\": \"s$uE\",\n      \"ay\": 2030,\n      \"match\": [\n        {\n          \"pattern\": \"NE5X\"\n        },\n        {\n          \"or\": [\n            {\n              \"or\": [\n                {\n                  \"pattern\": \"XVD2R\",\n                  \"exclude\": [\n                    \"IU0S\",\n                    \"LO01G\",\n                    \"IX684*A\"\n                  ],\n                  \"info\": \"@eWntG\"\n                },\n                \"OTS784*D\"\n              ]\n            },\n            \"XI*6K\",\n            {\n              \"and\": []\n            }\n          ]\n        }\n      ],\n      \"satisfy\": \"V7qUj\",\n      \"url\": \"https://5vy9-zaruc89kxk4-kvtgkr6w0jqt7f0phn2yja0ohgnkcy64-plvt.dsbkweyvbc/;d\",\n      \"info\": \"!\",\n      \"isSelectable\": true,\n      \"-C[0Ie6x*g\": {\n        \"name\": \"bGQDH\",\n        \"ay\": 1963,\n        \"assign\": \"n]*BXVjf41\",\n        \"match\": {\n          \"pattern\": \"RW235S\",\n          \"exclude\": \"ZK82L\",\n          \"info\": \"BR#`xH>?I\"\n        },\n        \"satisfy\": \"FwwDj\",\n        \"url\": \"https://pdz7puhe5cyr10e73rpi-y6zpq6f39o6s4-sm3eeu6-9iul6oo.7.pcwh/k5$vs;%F1%B3%A8%AF$/E&AdiPDz/':%F4%83%80%AA.kk$H/iLmD/mG%F0%B3%8D%A56ZsT/Dt9y@/K%F0%BC%98%80'!\",\n        \"info\": \"?*X_A)Fz#(\",\n        \"isSelectable\": true,\n        \"N$cp*7kO&1\": {\n          \"assign\": [\n            \"Y23jFc\"\n          ],\n          \"match\": [\n            \"UT7820\"\n          ],\n          \"satisfy\": \"8`\",\n          \"url\": \"http://xzoxnqgfxs2bqz041y6uui-zcj402n2bt4h.fzxavi8228q3nl1jsn9uuz8whcqqu1betcr23r0ars62.pe5ht9-4u096gztseqmy6jq8934topj-4g91dw4mohlllgd.ytmmq/gR7)%F1%AE%93%99daAV\",\n          \"info\": \"3sD%xN\",\n          \"isSelectable\": true\n        }\n      },\n      \"jBJI8V\\\\g)\": {\n        \"name\": \"I$\",\n        \"ay\": 2007,\n        \"match\": {\n          \"and\": [\n            {\n              \"or\": [\n                {\n                  \"and\": []\n                },\n                {\n                  \"pattern\": \"EZ4*3\",\n                  \"exclude\": [\n                    \"HQ507x\",\n                    \"XS4*38K\",\n                    \"DB8\"\n                  ],\n                  \"info\": \"%(=4ukumc\"\n                },\n                \"DUV*415\",\n                \"YG7R\",\n                \"HZN9U\"\n              ]\n            },\n            {\n              \"or\": [\n                \"AK6x61O\",\n                \"DKZ4\"\n              ]\n            },\n            {\n              \"or\": [\n                {\n                  \"or\": [\n                    {\n                      \"pattern\": \"HWS39\",\n                      \"exclude\": [\n                        \"IK725\",\n                        \"ZXW9\"\n                      ],\n                      \"info\": \"40!\\\\JVE7.\"\n                    },\n                    {\n                      \"or\": [\n                        \"RLx51*E\",\n                        \"MGH241H\",\n                        {\n                          \"pattern\": \"FERx71*\",\n                          \"exclude\": [\n                            \"XDx9\",\n                            \"UPM*4U\",\n                            \"KX656P\",\n                            \"DU07\",\n                            \"KKGx106V\"\n                          ],\n                          \"info\": \"!Ra\\\\I`[dg\"\n                        }\n                      ]\n                    },\n                    {\n                      \"or\": [\n                        \"QG4334S\",\n                        \"OW3\",\n                        {\n                          \"and\": [\n                            \"YSx6Y\",\n                            \"ZQB3x*2\",\n                            \"SUQ093\"\n                          ]\n                        }\n                      ]\n                    }\n                  ]\n                },\n                {\n                  \"or\": [\n                    \"UP70\"\n                  ]\n                },\n                \"SR3836D\"\n              ]\n            },\n            \"WA6571W\",\n            \"FF58\"\n          ]\n        },\n        \"satisfy\": [\n          {\n            \"and\": [\n              {\n                \"and\": []\n              }\n            ]\n          },\n          {\n            \"mc\": \">=138\"\n          },\n          \"R;<Cb\",\n          {\n            \"or\": [\n              {\n                \"and\": [\n                  {\n                    \"mc\": \"<=77\"\n                  },\n                  \"\",\n                  {\n                    \"mc\": \"<=182\"\n                  },\n                  \"@\",\n                  {\n                    \"mc\": \"<=17\"\n                  }\n                ]\n              },\n              \"pLV:l^kH\"\n            ]\n          },\n          {\n            \"mc\": \">=78\"\n          }\n        ],\n        \"url\": \"https://npzrn5rb7dkou2mq64e08csnjuhtpjnnjd3uko9320d98klglhg0j-jjidm0lgv.98j5ejic3x6p716-f3i6yu4tw64g108jbm-omn6eud72.r54kncr-y2qzy0ax3kllimqc1eq9e-gr6e1681p9bd0ogurogki13m7awzbgft.wmxfzy8lpgcz6gaxx1jmgn4vcoku7sj9zhcxp1.r1zqt1l37.vkkxwpx/$JjfId/n/HTd%F2%8D%8E%83++\",\n        \"info\": \"QUpYsq}L\",\n        \"\": {\n          \"name\": \"Io\",\n          \"ay\": 2004,\n          \"assign\": [],\n          \"match\": [\n            {\n              \"and\": []\n            },\n            \"USO*44\",\n            \"DC7T\",\n            \"MUR17\",\n            {\n              \"pattern\": \"MR89xxJ\",\n              \"exclude\": \"PQx1M\",\n              \"info\": \">,U}@o,^k\"\n            }\n          ],\n          \"satisfy\": {\n            \"or\": [\n              {\n                \"and\": [\n                  {\n                    \"or\": [\n                      \"dG\\\"w4G\"\n                    ]\n                  },\n                  \"@A~q6c>h)n\",\n                  \"ANpvS\"\n                ]\n              },\n              \"{*IU/\",\n              \"ET\",\n              \"}*,].\"\n            ]\n          },\n          \"url\": \"http://g.1ckuchayaq5wi0if9uqwhduahxo9o9oyfsi3txr8wb8f96hawcak793h9t.fdiuntz9ulcv84n4g2lcmync1w6kp66.r.n.qlzj/%F3%B5%BF%88Q1%F3%B4%89%99f%F4%8B%AA%81/%F3%AA%81%97:pCV/_57&YU%F1%A7%82%94%F3%98%A6%A0aJ/J/%F0%AB%B4%86MT/u$3N:%F0%AE%97%B7/yc4ts/%F0%9C%8E%87%C8%9B$Z8Z7/%F3%98%90%9B0HF/%F0%93%A9%94RAlZ;\",\n          \"info\": \"3%\\\\)Kwr(\"\n        },\n        \"QG1-%`\": {\n          \"ay\": 2025,\n          \"match\": {\n            \"pattern\": \"SLR5xC\",\n            \"exclude\": [\n              \"HID0M\",\n              \"LZ69x\",\n              \"KV41\",\n              \"IB383x\"\n            ],\n            \"info\": \"Mk\"\n          },\n          \"satisfy\": {\n            \"mc\": \">=191\"\n          },\n          \"url\": \"https://vma90h73w5f9hfg10cn4k3.b.5co1utkdj--aabdrwnnnj4iij97c76xkr107dp.p.zswf/wp:SfVmAt/w/8/SF-0j/Cy%F3%B3%91%97/_kE//9dS=MldD/g%F1%90%96%B7xVy/mQfY\",\n          \"info\": \"o!IcngCi\",\n          \"OtkNx\": {\n            \"name\": \"\",\n            \"assign\": [],\n            \"match\": [\n              {\n                \"pattern\": \"FX10*B\",\n                \"exclude\": [\n                  \"MN5\",\n                  \"AT*337\",\n                  \"KZ19\"\n                ],\n                \"info\": \"(V\"\n              },\n              {\n                \"or\": [\n                  {\n                    \"or\": [\n                      \"EXI71\",\n                      \"SAO9W\",\n                      \"HBZ21E\",\n                      \"MU9\",\n                      \"WVK2x\"\n                    ]\n                  }\n                ]\n              }\n            ],\n            \"satisfy\": {\n              \"and\": [\n                {\n                  \"mc\": \"<=111\"\n                }\n              ]\n            },\n            \"url\": \"http://70qnuzo.ov0852382g8e9w535ss7n3-oogu48ybp54nidor0b2gbesqxxuxzxkmh.5eu5-gpowym0gfvv4omgbcxvdbd8xq9ybvrzvcnx-b.oolxikf/*G2D6/ihQuL8T/1M@//ZeS\",\n            \"info\": \"b#@f\",\n            \"isSelectable\": true\n          },\n          \"/R_@5\": {\n            \"ay\": 1990,\n            \"assign\": [],\n            \"match\": [],\n            \"satisfy\": [\n              \":RJX;\",\n              {\n                \"mc\": \"<=133\"\n              },\n              {\n                \"or\": [\n                  {\n                    \"mc\": \"<=125\"\n                  },\n                  {\n                    \"and\": [\n                      {\n                        \"mc\": \"<=67\"\n                      },\n                      {\n                        \"mc\": \"<=200\"\n                      },\n                      \"eXhT?o*D^\",\n                      {\n                        \"and\": [\n                          \"0`\\\\`(\\\"$\",\n                          {\n                            \"mc\": \">=174\"\n                          },\n                          \"TY\"\n                        ]\n                      }\n                    ]\n                  },\n                  {\n                    \"and\": [\n                      \":5Z\",\n                      \"B_[V1\",\n                      \"H?-'nE\"\n                    ]\n                  }\n                ]\n              },\n              {\n                \"mc\": \">=106\"\n              }\n            ],\n            \"url\": \"https://l2gs-m6ygfxdfudm553tzn5pznm8tth8n1hs.wnkov33c-9rs2gkv2tff9rohk3hl78dgt5ilk-wm4eia8pp86n3riv5yzilcwkn.34zuhdp6-u4-4f4ir.hxccmdiuh/dMP%F2%AC%B5%86N%F2%8F%98%88fB=d/8J%F1%BA%86%B1t/MQru/l/w/%F1%B1%8D%86%F1%AF%A3%91Y3Yd1=/UFb!St/igCo%F0%A4%B3%91%F3%96%B2%B65gH/)O*cfmp0$/\",\n            \"info\": \"+@=\",\n            \"isSelectable\": true\n          }\n        },\n        \"'OT)\": {\n          \"ay\": 2018,\n          \"assign\": [\n            \"vd9\"\n          ],\n          \"match\": [],\n          \"satisfy\": {\n            \"mc\": \"<=186\"\n          },\n          \"url\": \"http://j.v.e6necfb8j8z63lqz7f031gosubzs-f7vfj8e0g7-e1.ueowyf/h3z'H/M-%F1%A6%80%A3/PM5/Bx_DTy2a=;/q%F1%BA%A4%B4R8HU/C$iB+~(%F3%9B%96%A8k\",\n          \"info\": \"=>J\",\n          \"isSelectable\": true\n        }\n      },\n      \"9,F<Bm\\\"\\\"]R\": {\n        \"name\": \"RX!`\",\n        \"assign\": \"9_aE{& O\",\n        \"match\": {\n          \"pattern\": \"FD2Q\",\n          \"exclude\": [\n            \"HNT2\"\n          ],\n          \"info\": \"H4!K){5Z8]\"\n        },\n        \"satisfy\": [\n          {\n            \"and\": [\n              \"V\",\n              \"\",\n              {\n                \"or\": [\n                  {\n                    \"mc\": \">=196\"\n                  }\n                ]\n              },\n              \"CEm$\",\n              {\n                \"mc\": \"<=120\"\n              }\n            ]\n          },\n          {\n            \"and\": [\n              {\n                \"mc\": \"<=49\"\n              }\n            ]\n          },\n          {\n            \"mc\": \">=128\"\n          },\n          {\n            \"mc\": \">=2\"\n          },\n          {\n            \"mc\": \">=78\"\n          }\n        ],\n        \"url\": \"https://bn6fbzs1cwl2qk7z5ib3tj-6qo92u2svp34nn57xv5az4ny23-ftkr618i.0mr84cps9wfal9p6.4kv2bksy5ctpih66e-839k70q0vt8l5-ia8.q3eh45y3ckhkwg6vs5on.iqvybvonqys2811.ifrikpi/_jj8%F0%B8%90%97\",\n        \"info\": \"(\",\n        \"isSelectable\": true\n      }\n    }\n  },\n  {\n    \"title\": \"block sample 5\",\n    \"value\": {\n      \"name\": \"& \",\n      \"ay\": 1951,\n      \"assign\": \"\",\n      \"match\": [\n        {\n          \"pattern\": \"XQx*5\",\n          \"exclude\": \"PTB665K\",\n          \"info\": \"!2}j}<cN\"\n        },\n        {\n          \"and\": []\n        },\n        {\n          \"or\": [\n            {\n              \"pattern\": \"AQx7x9K\",\n              \"exclude\": \"RCK4\",\n              \"info\": \"=?\"\n            }\n          ]\n        },\n        {\n          \"and\": [\n            {\n              \"or\": []\n            }\n          ]\n        }\n      ],\n      \"satisfy\": [\n        \"(g-Y8eT\",\n        {\n          \"or\": [\n            {\n              \"or\": [\n                {\n                  \"or\": []\n                },\n                {\n                  \"or\": []\n                },\n                {\n                  \"or\": [\n                    {\n                      \"mc\": \"<=197\"\n                    },\n                    {\n                      \"and\": [\n                        \"`j'!{]blw\",\n                        \"RG\",\n                        {\n                          \"and\": [\n                            \"_SlL\\\"z&1\",\n                            {\n                              \"or\": []\n                            },\n                            \"N;G]#}`\"\n                          ]\n                        },\n                        {\n                          \"mc\": \">=98\"\n                        },\n                        \"THx.KwNB=\"\n                      ]\n                    },\n                    {\n                      \"or\": [\n                        \"\"\n                      ]\n                    }\n                  ]\n                },\n                \"y! \"\n              ]\n            },\n            {\n              \"mc\": \">=195\"\n            },\n            {\n              \"mc\": \">=11\"\n            },\n            \"Q\",\n            {\n              \"and\": [\n                {\n                  \"mc\": \"<=194\"\n                },\n                \"\\\" 4^q\",\n                {\n                  \"mc\": \">=192\"\n                },\n                \"#\",\n                \"$%~p>\\\"\"\n              ]\n            }\n          ]\n        }\n      ],\n      \"url\": \"http://blop6ulz62z2oe.n.amwpaix3xv7g74uqq01metfp7nr3-w1hfkd-ggg7rjc1qkgcw-lltv.kvbon/lnr5/QmccM@=g*\",\n      \"info\": \"ir+fOto\",\n      \"isSelectable\": true,\n      \"X(i`I&Nw\": {\n        \"name\": \"@AMzzY\",\n        \"ay\": 1955,\n        \"assign\": [\n          \"#^\",\n          \"]\",\n          \"0\",\n          \"W#\"\n        ],\n        \"match\": [\n          {\n            \"and\": []\n          },\n          {\n            \"or\": []\n          },\n          {\n            \"or\": [\n              {\n                \"and\": [\n                  {\n                    \"or\": []\n                  },\n                  \"JJ72\",\n                  \"ZFC9xY\",\n                  {\n                    \"or\": [\n                      \"BC*106\",\n                      \"DRL434R\",\n                      \"GI10\"\n                    ]\n                  }\n                ]\n              }\n            ]\n          },\n          {\n            \"or\": [\n              \"JVE08\",\n              {\n                \"pattern\": \"BAE2T\",\n                \"info\": \"^\"\n              },\n              {\n                \"and\": [\n                  \"KPM0746E\",\n                  {\n                    \"and\": []\n                  }\n                ]\n              }\n            ]\n          },\n          \"XH62*2N\"\n        ],\n        \"satisfy\": {\n          \"mc\": \"<=197\"\n        },\n        \"url\": \"http://33iwf4ldw8l4-ldj8yspb4po7vxxkw4sw1tad9l5djkehywxb2zoe.ze/VH5%F2%80%BB%98%F1%AD%9E%90J/$Ez_GTDpB\",\n        \"info\": \")&#.]W%\"\n      },\n      \"Io}~y~#\": {\n        \"name\": \"\",\n        \"assign\": \"n/\",\n        \"match\": [],\n        \"url\": \"http://8erb-qeskp4jwmxpqqwk83cchb166sy.m.fifvqiwlxo8b97arqswgcgus-4e-0r8.lyqe/fJhc@%F2%A8%BD%9Fe$/o/W*/HrL/YgQ*~/2H//rW\",\n        \"info\": \"xf,M4\",\n        \"isSelectable\": true,\n        \"TpS<_]SoY$\": {\n          \"name\": \"5tR%YaZ6\",\n          \"ay\": 2018,\n          \"assign\": [\n            \"t-`au5\",\n            \"r$e*~Y\",\n            \"I&2\"\n          ],\n          \"match\": [],\n          \"satisfy\": {\n            \"or\": []\n          },\n          \"url\": \"https://cq3p4i.zyouekkx/%F3%8C%B7%A8BaqYg/I/i5r/.DEj$cE:c/$ev8h/\",\n          \"info\": \"\",\n          \"isSelectable\": true\n        }\n      }\n    }\n  },\n  {\n    \"title\": \"block sample 6\",\n    \"value\": {\n      \"name\": \"&\",\n      \"ay\": 1966,\n      \"match\": [\n        \"QBW4\",\n        \"TNP8G\",\n        {\n          \"or\": [\n            {\n              \"and\": [\n                {\n                  \"pattern\": \"VCR7\",\n                  \"exclude\": [\n                    \"URI7D\",\n                    \"IXW11M\",\n                    \"IDC349G\",\n                    \"GQ3\",\n                    \"EKK44T\"\n                  ],\n                  \"info\": \"l\"\n                },\n                \"VAO60G\"\n              ]\n            },\n            {\n              \"pattern\": \"COW201\",\n              \"info\": \"?3</S\"\n            }\n          ]\n        }\n      ],\n      \"satisfy\": \"\",\n      \"url\": \"https://i.fef.cgt0lmcrioesfwqwh8e40sxbkvwk.1.b.vnupoythc/=C%F0%AF%AE%81/d,c/c5/a%30Y/ox/3/-_ZMzN//+bb,af_+/egf!hgFnI\",\n      \"info\": \"4x4\",\n      \"isSelectable\": true\n    }\n  },\n  {\n    \"title\": \"block sample 7\",\n    \"value\": {\n      \"ay\": 1955,\n      \"assign\": \",cJ\",\n      \"match\": [],\n      \"satisfy\": {\n        \"mc\": \"<=86\"\n      },\n      \"info\": \"?js^mYsT5:\",\n      \"g'^`M\": {\n        \"name\": \"\",\n        \"assign\": [\n          \"?b\",\n          \"aHA8Fj>\",\n          \"tjw>ohr\",\n          \"6\\\\]\"\n        ],\n        \"match\": [\n          {\n            \"and\": [\n              {\n                \"or\": [\n                  \"NGP242N\",\n                  \"PZx\",\n                  \"FER97\"\n                ]\n              }\n            ]\n          }\n        ],\n        \"isSelectable\": true\n      },\n      \".sIJ3JAI$_\": {\n        \"ay\": 1991,\n        \"assign\": [],\n        \"match\": [\n          {\n            \"or\": [\n              \"MJ9140R\",\n              {\n                \"and\": [\n                  {\n                    \"or\": [\n                      {\n                        \"and\": []\n                      },\n                      {\n                        \"pattern\": \"BKH75\",\n                        \"exclude\": [\n                          \"MF9\"\n                        ],\n                        \"info\": \"I6C!`6w1<\"\n                      },\n                      \"PS1C\",\n                      {\n                        \"and\": [\n                          {\n                            \"pattern\": \"BZN3J\",\n                            \"info\": \"S\"\n                          },\n                          \"BMK8K\"\n                        ]\n                      }\n                    ]\n                  },\n                  \"HGUx729\",\n                  \"RFV3*xC\",\n                  \"GJ888I\"\n                ]\n              },\n              {\n                \"and\": [\n                  \"SB9\",\n                  {\n                    \"pattern\": \"QAB0975\",\n                    \"exclude\": [\n                      \"VNx749\",\n                      \"XZ84P\",\n                      \"BEE670\"\n                    ],\n                    \"info\": \"/W\"\n                  }\n                ]\n              }\n            ]\n          },\n          {\n            \"pattern\": \"RV7746T\",\n            \"exclude\": \"JMZ47O\",\n            \"info\": \"\"\n          },\n          {\n            \"and\": [\n              \"DB4364\",\n              {\n                \"pattern\": \"CUJ7401\",\n                \"exclude\": [],\n                \"info\": \"v9EN$\"\n              },\n              {\n                \"pattern\": \"LOK0\",\n                \"exclude\": [\n                  \"IRxx\"\n                ],\n                \"info\": \"f\"\n              }\n            ]\n          }\n        ],\n        \"satisfy\": {\n          \"mc\": \">=141\"\n        },\n        \"url\": \"http://6.vj/Vw\",\n        \"isSelectable\": true\n      },\n      \"Ph1E\": {\n        \"name\": \"tlM}F:<*\",\n        \"ay\": 1967,\n        \"assign\": \"#x4[7rD\",\n        \"match\": {\n          \"pattern\": \"BCV404D\",\n          \"info\": \"vg1!YE vq\"\n        },\n        \"satisfy\": [],\n        \"url\": \"http://simuq6rj6znih18g66ys1nltgk7f70tpr4g1bbpqs26m0j2r56l06.xawkgihw/Am%E6%96%84/%F3%B2%8C%94tff%F3%98%A1%95L%F2%99%B9%9D8/4s/'%F1%B8%83%A7lV//F/!6+5nK_/M%F2%90%B6%B4lFl%F4%83%99%86Q./mKHI)Aj@q\",\n        \"info\": \"\\\"v;db8|Yy\",\n        \"isSelectable\": true\n      },\n      \"z@\": {\n        \"ay\": 2011,\n        \"assign\": [],\n        \"match\": [],\n        \"satisfy\": \"b)di\",\n        \"url\": \"http://n.nher-0vp8vrlqmz5gyc0ad1v-prjj6k38jmik1yjj6uf0eajxqw95wg2a7sv4x9.wl3rp66622gr0lk94a3o.nsg7n32ubd8pszx63ewap7f.mxj-0nv-cl.quzyhceu/M%F2%8A%9A%95rPjly/SG=%F2%B6%88%A6//E*1V2-~/bd/N$H2l9R8U8/Ft10i%F1%97%91%92I_/7aKX/FtGoO%F4%82%87%9DecN\",\n        \"info\": \"2~,(X>3F%\",\n        \"isSelectable\": true\n      },\n      \"YfSz8g\": {\n        \"name\": \"fO];\",\n        \"ay\": 1986,\n        \"assign\": [],\n        \"match\": \"CPL57xx\",\n        \"satisfy\": [\n          {\n            \"or\": [\n              {\n                \"or\": [\n                  {\n                    \"mc\": \">=120\"\n                  },\n                  \"Y#\",\n                  \"f\\\"7%SCa{L(\",\n                  \"2(ji:@\\\\g9*\",\n                  {\n                    \"mc\": \">=79\"\n                  }\n                ]\n              }\n            ]\n          },\n          \"\",\n          \"an6+Nw3.O\",\n          \"5X iX\"\n        ],\n        \"url\": \"https://xg4ip-j4zeul1l7phxepytbv3wh7wc1h1rninkxft768s74.gzglqrowu/!FGuom%F2%A9%90%86/6'ArQ~d/%F1%A2%88%A8,Z;3&O(rY/%F1%BE%80%A5jo/IP;9K4Bj/&\",\n        \"info\": \"7cr 9xXz\",\n        \"isSelectable\": true,\n        \"P\": {\n          \"name\": \"tScyOIW b\",\n          \"ay\": 1954,\n          \"assign\": \"AALx hH.T\",\n          \"satisfy\": {\n            \"mc\": \">=135\"\n          },\n          \"info\": \"\",\n          \"isSelectable\": true\n        }\n      }\n    }\n  },\n  {\n    \"title\": \"block sample 8\",\n    \"value\": {\n      \"name\": \"G\",\n      \"ay\": 1950,\n      \"assign\": [\n        \"=\\\"k<H%z6&$\",\n        \"X-$UGq\"\n      ],\n      \"match\": [\n        {\n          \"or\": [\n            {\n              \"and\": [\n                {\n                  \"pattern\": \"GV2119K\",\n                  \"exclude\": [\n                    \"SQ*x63\",\n                    \"NBH**56\",\n                    \"PFH8245\",\n                    \"ZF53\"\n                  ],\n                  \"info\": \">o\"\n                },\n                {\n                  \"and\": [\n                    \"LZG979\",\n                    {\n                      \"or\": [\n                        \"UXC576U\",\n                        {\n                          \"and\": [\n                            \"LVF247\",\n                            \"LUJ30\",\n                            \"QDK5M\"\n                          ]\n                        },\n                        \"UGZ7x5P\"\n                      ]\n                    },\n                    {\n                      \"pattern\": \"DW60\",\n                      \"exclude\": \"LK25A\",\n                      \"info\": \"%4U#hO\"\n                    },\n                    \"GTxM\"\n                  ]\n                },\n                \"XQM050\"\n              ]\n            },\n            {\n              \"pattern\": \"ZNX9\",\n              \"exclude\": \"RMI27V\",\n              \"info\": \"kqJtkP$\"\n            },\n            {\n              \"or\": []\n            }\n          ]\n        }\n      ],\n      \"satisfy\": {\n        \"mc\": \">=188\"\n      },\n      \"url\": \"http://5klqvq9-cluywer8u9pil.2nz2danrf0bftbqe.buoz1ual8l-xrej54nq4x5.y.xyy/~\",\n      \"info\": \"\",\n      \"isSelectable\": true\n    }\n  },\n  {\n    \"title\": \"block sample 9\",\n    \"value\": {\n      \"name\": \">'bQ\",\n      \"ay\": 1965,\n      \"match\": {\n        \"pattern\": \"HGF974Y\",\n        \"exclude\": \"BW4353\",\n        \"info\": \"\"\n      },\n      \"satisfy\": [\n        {\n          \"or\": []\n        },\n        {\n          \"or\": [\n            {\n              \"or\": []\n            },\n            {\n              \"mc\": \"<=85\"\n            },\n            \"g\"\n          ]\n        }\n      ],\n      \"info\": \"q\\\"j%j$sd\",\n      \"isSelectable\": true\n    }\n  }\n]",
              "code": "(0, fast_check_1.sample)(index_test_2.block, 10).forEach((sample, i) => (0, addContext_1.default)(this, {\n    title: `block sample ${i}`,\n    value: sample,\n}));\nreturn (0, fast_check_1.assert)((0, fast_check_1.property)(index_test_2.block, ajvValidate));",
              "err": {},
              "uuid": "a7784c8c-402e-4400-9817-31e61667a2a8",
              "parentUUID": "17373685-bba6-4d04-9237-ae84d486f88c",
              "isHook": false,
              "skipped": false
            },
            {
              "title": "should not validate non-object",
              "fullTitle": "blockSchema should not validate non-object",
              "timedOut": false,
              "duration": 2,
              "state": "passed",
              "speed": "fast",
              "pass": true,
              "fail": false,
              "pending": false,
              "context": null,
              "code": "const error = {\n    instancePath: \"\",\n    message: \"block should be an object\",\n};\nisInvalidBlock(null, error);\nisInvalidBlock(undefined, error);\nisInvalidBlock(10, error);\nisInvalidBlock([12, 24], error);\nisInvalidBlock(\"abc\", error);",
              "err": {},
              "uuid": "df845a50-6fe7-45e7-b384-2766ba78799c",
              "parentUUID": "17373685-bba6-4d04-9237-ae84d486f88c",
              "isHook": false,
              "skipped": false
            },
            {
              "title": "should not validate block with invalid properties",
              "fullTitle": "blockSchema should not validate block with invalid properties",
              "timedOut": false,
              "duration": 0,
              "state": "passed",
              "speed": "fast",
              "pass": true,
              "fail": false,
              "pending": false,
              "context": null,
              "code": "isInvalidBlock({\n        name: { foo: \"bar\" },\n        ay: -1000,\n        assign: {},\n        match: 1,\n        satisfy: 2,\n        url: { abc: \"def\" },\n        info: 42,\n        isSelectable: 32,\n    }, { instancePath: \"/name\", message: \"property 'name' should be a string\" }, {\n        instancePath: \"/ay\",\n        message: \"property 'ay' should be a positive integer\",\n    }, {\n        instancePath: \"/assign\",\n        message: \"property 'assign' should be either a block ID or an array of block IDs\",\n    }, {\n        instancePath: \"/match\",\n        message: \"property 'match' should be either a match rule or an array of match rules\",\n    }, {\n        instancePath: \"/satisfy\",\n        message: \"property 'satisfy' should be either a satisfy rule or an array of satisfy rules\",\n    }, { instancePath: \"/url\", message: \"property 'url' should be a string\" }, { instancePath: \"/info\", message: \"property 'info' should be a string\" }, {\n        instancePath: \"/isSelectable\",\n        message: \"property 'isSelectable' should be a boolean\",\n    })",
              "err": {},
              "uuid": "2697eb99-cf1e-41e9-a7ae-f3c96eb9f640",
              "parentUUID": "17373685-bba6-4d04-9237-ae84d486f88c",
              "isHook": false,
              "skipped": false
            }
          ],
          "suites": [],
          "passes": [
            "a7784c8c-402e-4400-9817-31e61667a2a8",
            "df845a50-6fe7-45e7-b384-2766ba78799c",
            "2697eb99-cf1e-41e9-a7ae-f3c96eb9f640"
          ],
          "failures": [],
          "pending": [],
          "skipped": [],
          "duration": 203,
          "root": false,
          "rootEmpty": false,
          "_timeout": 2000
        },
        {
          "uuid": "566904ea-abdf-4062-bec0-26660e4097ac",
          "title": "patternToRE",
          "fullFile": "/home/runner/work/planwithus-lib/planwithus-lib/src/matchRule/pattern/satisfiers.test.ts",
          "file": "/src/matchRule/pattern/satisfiers.test.ts",
          "beforeHooks": [],
          "afterHooks": [],
          "tests": [
            {
              "title": "should match valid modules with a single pattern",
              "fullTitle": "patternToRE should match valid modules with a single pattern",
              "timedOut": false,
              "duration": 19,
              "state": "passed",
              "speed": "fast",
              "pass": true,
              "fail": false,
              "pending": false,
              "context": "[\n  {\n    \"title\": \"patternExampleList sample 0\",\n    \"value\": [\n      \"QG887P\",\n      [\n        \"QG887P\"\n      ]\n    ]\n  },\n  {\n    \"title\": \"patternExampleList sample 1\",\n    \"value\": [\n      \"LFI2*W\",\n      [\n        \"LFI2QQW\",\n        \"LFI27R9W\",\n        \"LFI2W\",\n        \"LFI2NJAYXGAEW\",\n        \"LFI2HW\",\n        \"LFI24E6W\",\n        \"LFI2AKIE8W\",\n        \"LFI2NW\",\n        \"LFI2PFW\",\n        \"LFI2ZS7XBED1W\",\n        \"LFI24QW\"\n      ]\n    ]\n  },\n  {\n    \"title\": \"patternExampleList sample 2\",\n    \"value\": [\n      \"FZx\",\n      [\n        \"FZ9\",\n        \"FZ1\",\n        \"FZ4\",\n        \"FZ7\",\n        \"FZ3\",\n        \"FZ0\",\n        \"FZ2\",\n        \"FZ5\",\n        \"FZ8\",\n        \"FZ6\"\n      ]\n    ]\n  },\n  {\n    \"title\": \"patternExampleList sample 3\",\n    \"value\": [\n      \"NXN4P\",\n      [\n        \"NXN4P\"\n      ]\n    ]\n  },\n  {\n    \"title\": \"patternExampleList sample 4\",\n    \"value\": [\n      \"FE1*\",\n      [\n        \"FE1G\",\n        \"FE1ROZNGK\",\n        \"FE1\",\n        \"FE1O\",\n        \"FE1GCAWHPEV\",\n        \"FE1T70S7S\",\n        \"FE12\",\n        \"FE123S9RJH\",\n        \"FE16R\",\n        \"FE1DFWJOQ\"\n      ]\n    ]\n  },\n  {\n    \"title\": \"patternExampleList sample 5\",\n    \"value\": [\n      \"CDHx5\",\n      [\n        \"CDH15\",\n        \"CDH25\",\n        \"CDH75\",\n        \"CDH05\",\n        \"CDH65\",\n        \"CDH85\",\n        \"CDH35\",\n        \"CDH45\"\n      ]\n    ]\n  },\n  {\n    \"title\": \"patternExampleList sample 6\",\n    \"value\": [\n      \"XN7\",\n      [\n        \"XN7\"\n      ]\n    ]\n  },\n  {\n    \"title\": \"patternExampleList sample 7\",\n    \"value\": [\n      \"GIE9\",\n      [\n        \"GIE9\"\n      ]\n    ]\n  },\n  {\n    \"title\": \"patternExampleList sample 8\",\n    \"value\": [\n      \"TL6E\",\n      [\n        \"TL6E\"\n      ]\n    ]\n  },\n  {\n    \"title\": \"patternExampleList sample 9\",\n    \"value\": [\n      \"PC9\",\n      [\n        \"PC9\"\n      ]\n    ]\n  }\n]",
              "code": "(0, fast_check_1.sample)(index_test_1.patternExampleList, 10).forEach((sample, i) => (0, addContext_1.default)(this, {\n    title: `patternExampleList sample ${i}`,\n    value: sample,\n}));\nreturn (0, fast_check_1.assert)((0, fast_check_1.property)(index_test_1.patternExampleList, ([patternStr, examples]) => {\n    const re = (0, _1.patternToRE)(patternStr);\n    return examples.every(re.test.bind(re));\n}));",
              "err": {},
              "uuid": "5016a329-c2d9-44b1-a798-562147bab750",
              "parentUUID": "566904ea-abdf-4062-bec0-26660e4097ac",
              "isHook": false,
              "skipped": false
            },
            {
              "title": "should match valid modules with multiple patterns",
              "fullTitle": "patternToRE should match valid modules with multiple patterns",
              "timedOut": false,
              "duration": 72,
              "state": "passed",
              "speed": "medium",
              "pass": true,
              "fail": false,
              "pending": false,
              "context": "[\n  {\n    \"title\": \"patternExampleListArray sample 0\",\n    \"value\": [\n      [\n        \"NW4645\",\n        [\n          \"NW4645\"\n        ]\n      ]\n    ]\n  },\n  {\n    \"title\": \"patternExampleListArray sample 1\",\n    \"value\": [\n      [\n        \"YVY377\",\n        [\n          \"YVY377\"\n        ]\n      ],\n      [\n        \"FP23P\",\n        [\n          \"FP23P\"\n        ]\n      ],\n      [\n        \"DKQ4879\",\n        [\n          \"DKQ4879\"\n        ]\n      ],\n      [\n        \"LI*3Z\",\n        [\n          \"LIM3Z\",\n          \"LI3Z\",\n          \"LI3BS3Z\",\n          \"LIB3TF43Z\",\n          \"LIVCQO9L3Z\",\n          \"LIZOV3Z\",\n          \"LIS4IASB4N3Z\",\n          \"LI4NRD1C3Z\",\n          \"LI0MI3Z\",\n          \"LIFGNV3Z\"\n        ]\n      ],\n      [\n        \"HU*29\",\n        [\n          \"HUPCT29\",\n          \"HUW29\",\n          \"HUQ29\",\n          \"HUM4PNTKL29\",\n          \"HUEG29\",\n          \"HUJ8AC3G6X29\",\n          \"HUCBF129\",\n          \"HU188KOI29\",\n          \"HUZS4ECI29\",\n          \"HU5OJ29\"\n        ]\n      ],\n      [\n        \"VU47F\",\n        [\n          \"VU47F\"\n        ]\n      ],\n      [\n        \"NUx\",\n        [\n          \"NU5\",\n          \"NU2\",\n          \"NU8\",\n          \"NU1\",\n          \"NU4\",\n          \"NU7\",\n          \"NU0\"\n        ]\n      ]\n    ]\n  },\n  {\n    \"title\": \"patternExampleListArray sample 2\",\n    \"value\": [\n      [\n        \"IW95\",\n        [\n          \"IW95\"\n        ]\n      ],\n      [\n        \"FSW6x1x\",\n        [\n          \"FSW6014\",\n          \"FSW6510\",\n          \"FSW6318\",\n          \"FSW6118\",\n          \"FSW6913\",\n          \"FSW6714\",\n          \"FSW6015\",\n          \"FSW6611\",\n          \"FSW6113\",\n          \"FSW6310\",\n          \"FSW6112\"\n        ]\n      ],\n      [\n        \"PA08M\",\n        [\n          \"PA08M\"\n        ]\n      ]\n    ]\n  },\n  {\n    \"title\": \"patternExampleListArray sample 3\",\n    \"value\": [\n      [\n        \"ZQJ6*\",\n        [\n          \"ZQJ6\",\n          \"ZQJ6X\",\n          \"ZQJ6FQA\",\n          \"ZQJ6PMSOK\"\n        ]\n      ]\n    ]\n  },\n  {\n    \"title\": \"patternExampleListArray sample 4\",\n    \"value\": [\n      [\n        \"WU**9\",\n        [\n          \"WUQCC9\",\n          \"WU1Q9WZO39\",\n          \"WUB9FDPOMJ9\",\n          \"WUOE9\",\n          \"WU7NYGYG13XLKFB0ND9\",\n          \"WUI75WRX1W2T9\",\n          \"WUHS66XB6H9\"\n        ]\n      ],\n      [\n        \"XRZ5760\",\n        [\n          \"XRZ5760\"\n        ]\n      ],\n      [\n        \"LC96\",\n        [\n          \"LC96\"\n        ]\n      ],\n      [\n        \"TFx9\",\n        [\n          \"TF09\",\n          \"TF99\",\n          \"TF59\",\n          \"TF79\",\n          \"TF89\",\n          \"TF49\",\n          \"TF29\"\n        ]\n      ],\n      [\n        \"OUx762U\",\n        [\n          \"OU5762U\",\n          \"OU8762U\",\n          \"OU9762U\",\n          \"OU4762U\",\n          \"OU1762U\",\n          \"OU3762U\",\n          \"OU7762U\",\n          \"OU6762U\",\n          \"OU2762U\",\n          \"OU0762U\"\n        ]\n      ]\n    ]\n  },\n  {\n    \"title\": \"patternExampleListArray sample 5\",\n    \"value\": [\n      [\n        \"ZXP5\",\n        [\n          \"ZXP5\"\n        ]\n      ],\n      [\n        \"OVJ0\",\n        [\n          \"OVJ0\"\n        ]\n      ],\n      [\n        \"EQ*953\",\n        [\n          \"EQ953\"\n        ]\n      ],\n      [\n        \"YO18\",\n        [\n          \"YO18\"\n        ]\n      ]\n    ]\n  },\n  {\n    \"title\": \"patternExampleListArray sample 6\",\n    \"value\": [\n      [\n        \"GOG391\",\n        [\n          \"GOG391\"\n        ]\n      ],\n      [\n        \"YQ*0U\",\n        [\n          \"YQ0EF0U\"\n        ]\n      ],\n      [\n        \"XP09\",\n        [\n          \"XP09\"\n        ]\n      ]\n    ]\n  },\n  {\n    \"title\": \"patternExampleListArray sample 7\",\n    \"value\": [\n      [\n        \"CF6\",\n        [\n          \"CF6\"\n        ]\n      ],\n      [\n        \"DC394\",\n        [\n          \"DC394\"\n        ]\n      ],\n      [\n        \"HK011x\",\n        [\n          \"HK0111\",\n          \"HK0114\",\n          \"HK0119\",\n          \"HK0115\",\n          \"HK0117\",\n          \"HK0116\",\n          \"HK0112\",\n          \"HK0110\",\n          \"HK0113\"\n        ]\n      ],\n      [\n        \"OAZ9\",\n        [\n          \"OAZ9\"\n        ]\n      ],\n      [\n        \"WNZ9519\",\n        [\n          \"WNZ9519\"\n        ]\n      ],\n      [\n        \"XB1303I\",\n        [\n          \"XB1303I\"\n        ]\n      ],\n      [\n        \"GIE5437\",\n        [\n          \"GIE5437\"\n        ]\n      ],\n      [\n        \"XH3*1*\",\n        [\n          \"XH3ZS2P1XMNX\",\n          \"XH36BH1D\",\n          \"XH3RSJQ3L1IP4IA1S2\",\n          \"XH3ULG7ZZRX1IVS38\"\n        ]\n      ],\n      [\n        \"YVZ68X\",\n        [\n          \"YVZ68X\"\n        ]\n      ],\n      [\n        \"NT55P\",\n        [\n          \"NT55P\"\n        ]\n      ],\n      [\n        \"AZB61X\",\n        [\n          \"AZB61X\"\n        ]\n      ],\n      [\n        \"NK9594A\",\n        [\n          \"NK9594A\"\n        ]\n      ]\n    ]\n  },\n  {\n    \"title\": \"patternExampleListArray sample 8\",\n    \"value\": [\n      [\n        \"ST6N\",\n        [\n          \"ST6N\"\n        ]\n      ],\n      [\n        \"OZ03\",\n        [\n          \"OZ03\"\n        ]\n      ],\n      [\n        \"RH26K\",\n        [\n          \"RH26K\"\n        ]\n      ],\n      [\n        \"OF7\",\n        [\n          \"OF7\"\n        ]\n      ],\n      [\n        \"LW4xR\",\n        [\n          \"LW47R\",\n          \"LW42R\",\n          \"LW48R\",\n          \"LW41R\"\n        ]\n      ],\n      [\n        \"AH708C\",\n        [\n          \"AH708C\"\n        ]\n      ],\n      [\n        \"QWE24\",\n        [\n          \"QWE24\"\n        ]\n      ],\n      [\n        \"CG00*V\",\n        [\n          \"CG00BJ98TV\",\n          \"CG0021M1MV\",\n          \"CG00B1TKV\",\n          \"CG00OUV9BV\",\n          \"CG00W3V\",\n          \"CG00R1VBASV\",\n          \"CG00V\"\n        ]\n      ],\n      [\n        \"FVP5\",\n        [\n          \"FVP5\"\n        ]\n      ],\n      [\n        \"ZJ85\",\n        [\n          \"ZJ85\"\n        ]\n      ],\n      [\n        \"ESI4*\",\n        [\n          \"ESI44BKC70C\",\n          \"ESI4FLDE\",\n          \"ESI4HRU\",\n          \"ESI4QKWCOU\",\n          \"ESI4ZGLSPAAF\",\n          \"ESI4SK27EE\",\n          \"ESI43\"\n        ]\n      ],\n      [\n        \"KBP*0\",\n        [\n          \"KBPLK0\",\n          \"KBP0\",\n          \"KBPFM0\",\n          \"KBPD18HH0\",\n          \"KBPELG0\",\n          \"KBPZO0\",\n          \"KBP9VSOW7TF0\",\n          \"KBP2N4S0\"\n        ]\n      ]\n    ]\n  },\n  {\n    \"title\": \"patternExampleListArray sample 9\",\n    \"value\": [\n      [\n        \"SK9V\",\n        [\n          \"SK9V\"\n        ]\n      ],\n      [\n        \"YVV*3\",\n        [\n          \"YVVA5D9X3\",\n          \"YVV3\",\n          \"YVV2GBAO3\",\n          \"YVV10ZOVH3\",\n          \"YVVF3\",\n          \"YVV2Q1861AJ3\",\n          \"YVVC26WDIDD3\",\n          \"YVV0OCEWED3\",\n          \"YVVK9EU35VU3\"\n        ]\n      ],\n      [\n        \"RJ7*3T\",\n        [\n          \"RJ792EPHC3T\",\n          \"RJ7099Q3X73T\",\n          \"RJ74JWM3T\",\n          \"RJ7F3T\",\n          \"RJ7R3T\",\n          \"RJ7KMG5K4A3T\",\n          \"RJ7O823T\",\n          \"RJ742T3T\",\n          \"RJ78CNPL3T\",\n          \"RJ7C7FSH3T\",\n          \"RJ7TTLD9C3T\"\n        ]\n      ],\n      [\n        \"UHU943\",\n        [\n          \"UHU943\"\n        ]\n      ]\n    ]\n  }\n]",
              "code": "const patternExampleListArray = (0, fast_check_1.array)(index_test_1.patternExampleList, { minLength: 1 });\n(0, fast_check_1.sample)(patternExampleListArray, 10).forEach((sample, i) => (0, addContext_1.default)(this, {\n    title: `patternExampleListArray sample ${i}`,\n    value: sample,\n}));\nreturn (0, fast_check_1.assert)((0, fast_check_1.property)(patternExampleListArray, (ts) => {\n    const re = (0, _1.patternToRE)(...ts.map(([patternStr]) => patternStr));\n    return ts\n        .map(([, examples]) => examples)\n        .flat()\n        .every(re.test.bind(re));\n}));",
              "err": {},
              "uuid": "5e0afbd9-3673-4a68-b67a-7849bd7e641b",
              "parentUUID": "566904ea-abdf-4062-bec0-26660e4097ac",
              "isHook": false,
              "skipped": false
            },
            {
              "title": "should not match x to non-number",
              "fullTitle": "patternToRE should not match x to non-number",
              "timedOut": false,
              "duration": 1,
              "state": "passed",
              "speed": "fast",
              "pass": true,
              "fail": false,
              "pending": false,
              "context": null,
              "code": "const re = (0, _1.patternToRE)(\"x\");\n[\"A\", \"Z\", \"c\", \"#\"].forEach((example) => isInvalidExample(re, example));",
              "err": {},
              "uuid": "129a2e60-59b6-4bac-943f-17878f8a98a5",
              "parentUUID": "566904ea-abdf-4062-bec0-26660e4097ac",
              "isHook": false,
              "skipped": false
            },
            {
              "title": "should not match * to a substring composed of characters other than A-Z and 0-9",
              "fullTitle": "patternToRE should not match * to a substring composed of characters other than A-Z and 0-9",
              "timedOut": false,
              "duration": 0,
              "state": "passed",
              "speed": "fast",
              "pass": true,
              "fail": false,
              "pending": false,
              "context": null,
              "code": "const re = (0, _1.patternToRE)(\"*\");\n[\"c\", \"Ac\", \"cA\", \"0Ax\", \"x0A\", \"BA#\", \"#AB\"].forEach((example) => isInvalidExample(re, example));",
              "err": {},
              "uuid": "bf2742cb-b7e3-4b5c-b638-f7e9ca559f8d",
              "parentUUID": "566904ea-abdf-4062-bec0-26660e4097ac",
              "isHook": false,
              "skipped": false
            },
            {
              "title": "should not match substrings",
              "fullTitle": "patternToRE should not match substrings",
              "timedOut": false,
              "duration": 0,
              "state": "passed",
              "speed": "fast",
              "pass": true,
              "fail": false,
              "pending": false,
              "context": null,
              "code": "const re = (0, _1.patternToRE)(\"A*xC\");\n[\"A1CZ\", \"AC1CZ\", \"ZA1C\", \"ZAC1C\", \"ZA1CZ\", \"ZAC1CZ\"].forEach((example) => isInvalidExample(re, example));",
              "err": {},
              "uuid": "a1bf0161-071e-4343-b577-612f00eacce2",
              "parentUUID": "566904ea-abdf-4062-bec0-26660e4097ac",
              "isHook": false,
              "skipped": false
            }
          ],
          "suites": [],
          "passes": [
            "5016a329-c2d9-44b1-a798-562147bab750",
            "5e0afbd9-3673-4a68-b67a-7849bd7e641b",
            "129a2e60-59b6-4bac-943f-17878f8a98a5",
            "bf2742cb-b7e3-4b5c-b638-f7e9ca559f8d",
            "a1bf0161-071e-4343-b577-612f00eacce2"
          ],
          "failures": [],
          "pending": [],
          "skipped": [],
          "duration": 92,
          "root": false,
          "rootEmpty": false,
          "_timeout": 2000
        },
        {
          "uuid": "d4b61eff-cdb4-4ad0-8997-59de16122829",
          "title": "patternSatisfier",
          "fullFile": "/home/runner/work/planwithus-lib/planwithus-lib/src/matchRule/pattern/satisfiers.test.ts",
          "file": "/src/matchRule/pattern/satisfiers.test.ts",
          "beforeHooks": [],
          "afterHooks": [],
          "tests": [
            {
              "title": "should assign all modules with *",
              "fullTitle": "patternSatisfier should assign all modules with *",
              "timedOut": false,
              "duration": 1,
              "state": "passed",
              "speed": "fast",
              "pass": true,
              "fail": false,
              "pending": false,
              "context": null,
              "code": "const { assign } = (0, satisfiers_1.patternSatisfier)(ref, \"*\");\nisCorrectAssign(assign, modulesList1, modulesList1.map(([moduleStr]) => moduleStr));",
              "err": {},
              "uuid": "ef1745bf-b60b-4bab-860a-0f759538baf9",
              "parentUUID": "d4b61eff-cdb4-4ad0-8997-59de16122829",
              "isHook": false,
              "skipped": false
            },
            {
              "title": "should assign only valid modules with pattern containing *",
              "fullTitle": "patternSatisfier should assign only valid modules with pattern containing *",
              "timedOut": false,
              "duration": 1,
              "state": "passed",
              "speed": "fast",
              "pass": true,
              "fail": false,
              "pending": false,
              "context": null,
              "code": "const { assign } = (0, satisfiers_1.patternSatisfier)(ref, \"CS2*\");\nisCorrectAssign(assign, modulesList1, [\"CS2100\", \"CS2040S\", \"CS2030\"]);",
              "err": {},
              "uuid": "30993855-33e5-4576-8197-f691a819335a",
              "parentUUID": "d4b61eff-cdb4-4ad0-8997-59de16122829",
              "isHook": false,
              "skipped": false
            },
            {
              "title": "should assign only valid modules with pattern containing x",
              "fullTitle": "patternSatisfier should assign only valid modules with pattern containing x",
              "timedOut": false,
              "duration": 0,
              "state": "passed",
              "speed": "fast",
              "pass": true,
              "fail": false,
              "pending": false,
              "context": null,
              "code": "const { assign } = (0, satisfiers_1.patternSatisfier)(ref, \"CS20xx\");\nisCorrectAssign(assign, modulesList1, [\"CS2030\"]);",
              "err": {},
              "uuid": "38c44c41-fe74-470d-84ac-d74d4fb9f1f9",
              "parentUUID": "d4b61eff-cdb4-4ad0-8997-59de16122829",
              "isHook": false,
              "skipped": false
            },
            {
              "title": "should assign only valid modules with pattern containing x and *",
              "fullTitle": "patternSatisfier should assign only valid modules with pattern containing x and *",
              "timedOut": false,
              "duration": 0,
              "state": "passed",
              "speed": "fast",
              "pass": true,
              "fail": false,
              "pending": false,
              "context": null,
              "code": "const { assign } = (0, satisfiers_1.patternSatisfier)(ref, \"CS20xx*\");\nisCorrectAssign(assign, modulesList1, [\"CS2040S\", \"CS2030\"]);",
              "err": {},
              "uuid": "e6a2bc0e-c704-4555-9843-5b2bdd1e9337",
              "parentUUID": "d4b61eff-cdb4-4ad0-8997-59de16122829",
              "isHook": false,
              "skipped": false
            }
          ],
          "suites": [],
          "passes": [
            "ef1745bf-b60b-4bab-860a-0f759538baf9",
            "30993855-33e5-4576-8197-f691a819335a",
            "38c44c41-fe74-470d-84ac-d74d4fb9f1f9",
            "e6a2bc0e-c704-4555-9843-5b2bdd1e9337"
          ],
          "failures": [],
          "pending": [],
          "skipped": [],
          "duration": 2,
          "root": false,
          "rootEmpty": false,
          "_timeout": 2000
        },
        {
          "uuid": "f2a9e70c-c895-4f83-aafa-7e00eb771da3",
          "title": "patternSchema",
          "fullFile": "/home/runner/work/planwithus-lib/planwithus-lib/src/matchRule/pattern/schemas.test.ts",
          "file": "/src/matchRule/pattern/schemas.test.ts",
          "beforeHooks": [],
          "afterHooks": [],
          "tests": [
            {
              "title": "should validate non-empty pattern composed of A-Z, 0-9, x or *",
              "fullTitle": "patternSchema should validate non-empty pattern composed of A-Z, 0-9, x or *",
              "timedOut": false,
              "duration": 1,
              "state": "passed",
              "speed": "fast",
              "pass": true,
              "fail": false,
              "pending": false,
              "context": "[\n  {\n    \"title\": \"pattern sample 0\",\n    \"value\": \"CK02\"\n  },\n  {\n    \"title\": \"pattern sample 1\",\n    \"value\": \"ZVY8U\"\n  },\n  {\n    \"title\": \"pattern sample 2\",\n    \"value\": \"MHU86\"\n  },\n  {\n    \"title\": \"pattern sample 3\",\n    \"value\": \"LI*9\"\n  },\n  {\n    \"title\": \"pattern sample 4\",\n    \"value\": \"MPT5\"\n  },\n  {\n    \"title\": \"pattern sample 5\",\n    \"value\": \"FB5\"\n  },\n  {\n    \"title\": \"pattern sample 6\",\n    \"value\": \"QOxxS\"\n  },\n  {\n    \"title\": \"pattern sample 7\",\n    \"value\": \"UUS58O\"\n  },\n  {\n    \"title\": \"pattern sample 8\",\n    \"value\": \"RE7V\"\n  },\n  {\n    \"title\": \"pattern sample 9\",\n    \"value\": \"OI54\"\n  }\n]",
              "code": "(0, fast_check_1.sample)(index_test_2.pattern, 10).forEach((sample, i) => (0, addContext_1.default)(this, {\n    title: `pattern sample ${i}`,\n    value: sample,\n}));\nreturn (0, fast_check_1.assert)((0, fast_check_1.property)(index_test_2.pattern, ajvValidate), {\n    examples: [[\"*\"], [\"ACC1002\"], [\"IS1103\"], [\"CS1231S\"], [\"MA1102R\"]],\n});",
              "err": {},
              "uuid": "f4ce20aa-74e1-4332-9b83-828a03b77efd",
              "parentUUID": "f2a9e70c-c895-4f83-aafa-7e00eb771da3",
              "isHook": false,
              "skipped": false
            },
            {
              "title": "should not validate empty pattern",
              "fullTitle": "patternSchema should not validate empty pattern",
              "timedOut": false,
              "duration": 0,
              "state": "passed",
              "speed": "fast",
              "pass": true,
              "fail": false,
              "pending": false,
              "context": null,
              "code": "isInvalidPattern(\"\")",
              "err": {},
              "uuid": "938e2e5b-0c3e-4a49-a8ab-95b8c291f754",
              "parentUUID": "f2a9e70c-c895-4f83-aafa-7e00eb771da3",
              "isHook": false,
              "skipped": false
            },
            {
              "title": "should not validate pattern with invalid characters",
              "fullTitle": "patternSchema should not validate pattern with invalid characters",
              "timedOut": false,
              "duration": 1,
              "state": "passed",
              "speed": "fast",
              "pass": true,
              "fail": false,
              "pending": false,
              "context": null,
              "code": "[\"AB123a\", \"Ac123a\", \"AB123^S\", \"AB1*3^S\", \"$A1*3^S\", \"/A1x33S\"].forEach(isInvalidPattern)",
              "err": {},
              "uuid": "a891270e-8bea-4ed1-a4c0-1db3bc94ac0b",
              "parentUUID": "f2a9e70c-c895-4f83-aafa-7e00eb771da3",
              "isHook": false,
              "skipped": false
            }
          ],
          "suites": [],
          "passes": [
            "f4ce20aa-74e1-4332-9b83-828a03b77efd",
            "938e2e5b-0c3e-4a49-a8ab-95b8c291f754",
            "a891270e-8bea-4ed1-a4c0-1db3bc94ac0b"
          ],
          "failures": [],
          "pending": [],
          "skipped": [],
          "duration": 2,
          "root": false,
          "rootEmpty": false,
          "_timeout": 2000
        },
        {
          "uuid": "506d6861-b351-4cff-a5f5-7d8eeb62a9c8",
          "title": "patternMatchRuleSatisfier",
          "fullFile": "/home/runner/work/planwithus-lib/planwithus-lib/src/matchRule/satisfiers.test.ts",
          "file": "/src/matchRule/satisfiers.test.ts",
          "beforeHooks": [],
          "afterHooks": [],
          "tests": [
            {
              "title": "should assign only valid modules with pattern match rule containing no exclude patterns",
              "fullTitle": "patternMatchRuleSatisfier should assign only valid modules with pattern match rule containing no exclude patterns",
              "timedOut": false,
              "duration": 1,
              "state": "passed",
[...]
              "pending": false,
              "context": null,
              "code": "const satisfier = (0, satisfiers_1.inequalitySatisfier)(ref, \"<=16\");\nsatisfier.should.have.property(\"filter\");\nconst { filter } = satisfier;\nisCorrectFilter(filter, modulesList1, [\n    \"CS2100\",\n    \"GER1000\",\n    \"CS2040S\",\n    \"ST2131\",\n]);",
              "err": {},
              "uuid": "50ba9fd1-9523-4f46-a3c8-dad067e8c285",
              "parentUUID": "63ab6933-42fc-44fc-b002-2d2bc9f67d5d",
              "isHook": false,
              "skipped": false
            },
            {
              "title": "should truncate list of modules with upper bound of MCs, cutting off at the minimum starting sequence that exceeds upper bound, if total MC count is higher and there exists no starting sequence with exact MC count",
              "fullTitle": "inequalitySatisfier should truncate list of modules with upper bound of MCs, cutting off at the minimum starting sequence that exceeds upper bound, if total MC count is higher and there exists no starting sequence with exact MC count",
              "timedOut": false,
              "duration": 1,
              "state": "passed",
              "speed": "fast",
              "pass": true,
              "fail": false,
              "pending": false,
              "context": null,
              "code": "const satisfier = (0, satisfiers_1.inequalitySatisfier)(ref, \"<=17\");\nsatisfier.should.have.property(\"filter\");\nconst { filter } = satisfier;\nisCorrectFilter(filter, modulesList1, [\n    \"CS2100\",\n    \"GER1000\",\n    \"CS2040S\",\n    \"ST2131\",\n    \"MA1521\",\n]);",
              "err": {},
              "uuid": "2bfba673-8569-49a1-95e2-e9efc12971cc",
              "parentUUID": "63ab6933-42fc-44fc-b002-2d2bc9f67d5d",
              "isHook": false,
              "skipped": false
            }
          ],
          "suites": [],
          "passes": [
            "911ab7da-baad-4709-8f64-b9d4c996543d",
            "a2b64d63-1226-4d0b-9a20-0ad47d1b14a6",
            "3ec7fd26-3efc-448f-9433-e1ca13ae241f",
            "4935b4a3-bcff-4ac3-bbd0-b5f40e523b5a",
            "583967b6-b5b4-4d2e-9ad7-94c9129b2388",
            "50ba9fd1-9523-4f46-a3c8-dad067e8c285",
            "2bfba673-8569-49a1-95e2-e9efc12971cc"
          ],
          "failures": [],
          "pending": [],
          "skipped": [],
          "duration": 4,
          "root": false,
          "rootEmpty": false,
          "_timeout": 2000
        },
        {
          "uuid": "2edad6f8-c43e-4c0a-a3b7-4da45e1b0ea1",
          "title": "inequalitySchema",
          "fullFile": "/home/runner/work/planwithus-lib/planwithus-lib/src/satisfyRule/inequality/schemas.test.ts",
          "file": "/src/satisfyRule/inequality/schemas.test.ts",
          "beforeHooks": [],
          "afterHooks": [],
          "tests": [
            {
              "title": "should validate inequality in the form <=n or >=n",
              "fullTitle": "inequalitySchema should validate inequality in the form <=n or >=n",
              "timedOut": false,
              "duration": 1,
              "state": "passed",
              "speed": "fast",
              "pass": true,
              "fail": false,
              "pending": false,
              "context": "[\n  {\n    \"title\": \"inequality sample 0\",\n    \"value\": \"<=2\"\n  },\n  {\n    \"title\": \"inequality sample 1\",\n    \"value\": \"<=71\"\n  },\n  {\n    \"title\": \"inequality sample 2\",\n    \"value\": \"<=71\"\n  },\n  {\n    \"title\": \"inequality sample 3\",\n    \"value\": \">=116\"\n  },\n  {\n    \"title\": \"inequality sample 4\",\n    \"value\": \">=188\"\n  },\n  {\n    \"title\": \"inequality sample 5\",\n    \"value\": \"<=102\"\n  },\n  {\n    \"title\": \"inequality sample 6\",\n    \"value\": \"<=193\"\n  },\n  {\n    \"title\": \"inequality sample 7\",\n    \"value\": \">=43\"\n  },\n  {\n    \"title\": \"inequality sample 8\",\n    \"value\": \"<=196\"\n  },\n  {\n    \"title\": \"inequality sample 9\",\n    \"value\": \">=3\"\n  }\n]",
              "code": "(0, fast_check_1.sample)(index_test_2.inequality, 10).forEach((sample, i) => (0, addContext_1.default)(this, {\n    title: `inequality sample ${i}`,\n    value: sample,\n}));\nreturn (0, fast_check_1.assert)((0, fast_check_1.property)(index_test_2.inequality, ajvValidate));",
              "err": {},
              "uuid": "80e1d741-5bd9-4018-837a-f05d016f8216",
              "parentUUID": "2edad6f8-c43e-4c0a-a3b7-4da45e1b0ea1",
              "isHook": false,
              "skipped": false
            },
            {
              "title": "should not validate inequality of invalid form",
              "fullTitle": "inequalitySchema should not validate inequality of invalid form",
              "timedOut": false,
              "duration": 2,
              "state": "passed",
              "speed": "fast",
              "pass": true,
              "fail": false,
              "pending": false,
              "context": null,
              "code": "[\n        \"\",\n        \"==23\",\n        \"23\",\n        \"<23\",\n        \">23\",\n        \"<=-1\",\n        \">=-1\",\n        \"<= 2\",\n        \">= 1\",\n        \"> 3\",\n        \"< 3\",\n        \"<=3a\",\n        \">=3a\",\n        \"a<=3\",\n        \"a>=3\",\n    ].forEach(isInvalidInequality)",
              "err": {},
              "uuid": "6f2c0515-1c40-433a-9050-84c62888e8e6",
              "parentUUID": "2edad6f8-c43e-4c0a-a3b7-4da45e1b0ea1",
              "isHook": false,
              "skipped": false
            }
          ],
          "suites": [],
          "passes": [
            "80e1d741-5bd9-4018-837a-f05d016f8216",
            "6f2c0515-1c40-433a-9050-84c62888e8e6"
          ],
          "failures": [],
          "pending": [],
          "skipped": [],
          "duration": 3,
          "root": false,
          "rootEmpty": false,
          "_timeout": 2000
        },
        {
          "uuid": "2bdf6546-8171-40de-aef5-0041801817f0",
          "title": "satisfyRuleSchema",
          "fullFile": "/home/runner/work/planwithus-lib/planwithus-lib/src/satisfyRule/schemas.test.ts",
          "file": "/src/satisfyRule/schemas.test.ts",
          "beforeHooks": [],
          "afterHooks": [],
          "tests": [
            {
              "title": "should validate satisfy rule with valid block id",
              "fullTitle": "satisfyRuleSchema should validate satisfy rule with valid block id",
              "timedOut": false,
              "duration": 1,
              "state": "passed",
              "speed": "fast",
              "pass": true,
              "fail": false,
              "pending": false,
              "context": null,
              "code": "0, fast_check_1.assert)((0, fast_check_1.property)((0, fast_check_1.string)(), ajvValidate)",
              "err": {},
              "uuid": "52c2d4d6-a3f2-4fa6-9d92-4724c7ebe954",
              "parentUUID": "2bdf6546-8171-40de-aef5-0041801817f0",
              "isHook": false,
              "skipped": false
            },
            {
              "title": "should validate satisfy rules with valid mc",
              "fullTitle": "satisfyRuleSchema should validate satisfy rules with valid mc",
              "timedOut": false,
              "duration": 2,
              "state": "passed",
              "speed": "fast",
              "pass": true,
              "fail": false,
              "pending": false,
              "context": "[\n  {\n    \"title\": \"mcSatisfyRule sample 0\",\n    \"value\": {\n      \"mc\": \"<=193\"\n    }\n  },\n  {\n    \"title\": \"mcSatisfyRule sample 1\",\n    \"value\": {\n      \"mc\": \"<=1\"\n    }\n  },\n  {\n    \"title\": \"mcSatisfyRule sample 2\",\n    \"value\": {\n      \"mc\": \">=116\"\n    }\n  },\n  {\n    \"title\": \"mcSatisfyRule sample 3\",\n    \"value\": {\n      \"mc\": \"<=1\"\n    }\n  },\n  {\n    \"title\": \"mcSatisfyRule sample 4\",\n    \"value\": {\n      \"mc\": \">=196\"\n    }\n  },\n  {\n    \"title\": \"mcSatisfyRule sample 5\",\n    \"value\": {\n      \"mc\": \">=5\"\n    }\n  },\n  {\n    \"title\": \"mcSatisfyRule sample 6\",\n    \"value\": {\n      \"mc\": \"<=34\"\n    }\n  },\n  {\n    \"title\": \"mcSatisfyRule sample 7\",\n    \"value\": {\n      \"mc\": \"<=8\"\n    }\n  },\n  {\n    \"title\": \"mcSatisfyRule sample 8\",\n    \"value\": {\n      \"mc\": \">=122\"\n    }\n  },\n  {\n    \"title\": \"mcSatisfyRule sample 9\",\n    \"value\": {\n      \"mc\": \">=148\"\n    }\n  }\n]",
              "code": "(0, fast_check_1.sample)(index_test_2.mcSatisfyRule, 10).forEach((sample, i) => (0, addContext_1.default)(this, {\n    title: `mcSatisfyRule sample ${i}`,\n    value: sample,\n}));\nreturn (0, fast_check_1.assert)((0, fast_check_1.property)(index_test_2.mcSatisfyRule, ajvValidate));",
              "err": {},
              "uuid": "502f6144-a10a-4644-8590-253c7613590b",
              "parentUUID": "2bdf6546-8171-40de-aef5-0041801817f0",
              "isHook": false,
              "skipped": false
            },
            {
              "title": "should validate valid recursive satisfy rules",
              "fullTitle": "satisfyRuleSchema should validate valid recursive satisfy rules",
              "timedOut": false,
              "duration": 4,
              "state": "passed",
              "speed": "fast",
              "pass": true,
              "fail": false,
              "pending": false,
              "context": "[\n  {\n    \"title\": \"satisfyRule sample 0\",\n    \"value\": \"p4\"\n  },\n  {\n    \"title\": \"satisfyRule sample 1\",\n    \"value\": {\n      \"or\": [\n        \"Jn\\\"\",\n        {\n          \"or\": [\n            \"~zHN\",\n            \"\",\n            \"2YSG\"\n          ]\n        },\n        {\n          \"and\": [\n            \"a=G;]nGd\"\n          ]\n        },\n        {\n          \"and\": [\n            {\n              \"and\": [\n                \"%~PS`M{?0\",\n                {\n                  \"or\": [\n                    \"FJ#Bm;\",\n                    {\n                      \"or\": [\n                        \"[$r\",\n                        \"`\\\\WLkR6}#\",\n                        {\n                          \"mc\": \"<=171\"\n                        },\n                        \"8XP0:c.\",\n                        \">\"\n                      ]\n                    },\n                    \"\",\n                    \"-&|J\"\n                  ]\n                },\n                \"z8F\\\\x<6@'3\"\n              ]\n            },\n            \"\"\n          ]\n        }\n      ]\n    }\n  },\n  {\n    \"title\": \"satisfyRule sample 2\",\n    \"value\": {\n      \"or\": [\n        {\n          \"and\": []\n        },\n        {\n          \"or\": [\n            \"6q(\",\n            {\n              \"mc\": \"<=129\"\n            }\n          ]\n        },\n        {\n          \"and\": [\n            \"Ffv\",\n            {\n              \"or\": [\n                \"s\",\n                {\n                  \"or\": [\n                    \"sV&2Axg\",\n                    \"?:Zd\"\n                  ]\n                },\n                {\n                  \"mc\": \"<=6\"\n                },\n                \"0t@Ubx6-\",\n                \"eG5L'6^U\"\n              ]\n            }\n          ]\n        },\n        \"OT`o^)\"\n      ]\n    }\n  },\n  {\n    \"title\": \"satisfyRule sample 3\",\n    \"value\": \"OlOT[~Hb=0\"\n  },\n  {\n    \"title\": \"satisfyRule sample 4\",\n    \"value\": {\n      \"mc\": \">=198\"\n    }\n  },\n  {\n    \"title\": \"satisfyRule sample 5\",\n    \"value\": {\n      \"or\": [\n        {\n          \"mc\": \"<=28\"\n        },\n        {\n          \"mc\": \"<=3\"\n        },\n        {\n          \"or\": [\n            {\n              \"mc\": \"<=103\"\n            },\n            {\n              \"and\": [\n                \">n#;<\",\n                {\n                  \"or\": []\n                },\n                \"fv1uzxv\",\n                \"d\\\\^dGIc\",\n                \"|#\"\n              ]\n            },\n            {\n              \"mc\": \"<=98\"\n            }\n          ]\n        }\n      ]\n    }\n  },\n  {\n    \"title\": \"satisfyRule sample 6\",\n    \"value\": \"Pc5uR@D&\"\n  },\n  {\n    \"title\": \"satisfyRule sample 7\",\n    \"value\": \" $!\\\"\"\n  },\n  {\n    \"title\": \"satisfyRule sample 8\",\n    \"value\": {\n      \"or\": [\n        {\n          \"or\": []\n        },\n        {\n          \"and\": [\n            {\n              \"or\": []\n            },\n            {\n              \"and\": [\n                \"m!z\",\n                \"jEH\",\n                \"g\",\n                {\n                  \"mc\": \"<=40\"\n                }\n              ]\n            },\n            \"\\\\HIMc35u\"\n          ]\n        },\n        {\n          \"mc\": \">=114\"\n        },\n        {\n          \"mc\": \">=25\"\n        }\n      ]\n    }\n  },\n  {\n    \"title\": \"satisfyRule sample 9\",\n    \"value\": \"uBkWx\"\n  }\n]",
              "code": "(0, fast_check_1.sample)(index_test_2.satisfyRule, 10).forEach((sample, i) => (0, addContext_1.default)(this, {\n    title: `satisfyRule sample ${i}`,\n    value: sample,\n}));\nreturn (0, fast_check_1.assert)((0, fast_check_1.property)(index_test_2.satisfyRule, ajvValidate));",
              "err": {},
              "uuid": "ea53b456-cba5-4cd9-91d6-1b9fcba3e592",
              "parentUUID": "2bdf6546-8171-40de-aef5-0041801817f0",
              "isHook": false,
              "skipped": false
            },
            {
              "title": "should not validate non-string/object",
              "fullTitle": "satisfyRuleSchema should not validate non-string/object",
              "timedOut": false,
              "duration": 1,
              "state": "passed",
              "speed": "fast",
              "pass": true,
              "fail": false,
              "pending": false,
              "context": null,
              "code": "const error = {\n    instancePath: \"\",\n    message: \"satisfy rule should be either a string or an object\",\n};\nisInvalidRule(null, error);\nisInvalidRule(undefined, error);\nisInvalidRule(10, error);\nisInvalidRule([12, 24], error);",
              "err": {},
              "uuid": "befbf07a-5117-4a39-bc4d-4a0e8ee5aec8",
              "parentUUID": "2bdf6546-8171-40de-aef5-0041801817f0",
              "isHook": false,
              "skipped": false
            },
            {
              "title": "should not validate satisfy rules with extra properties",
              "fullTitle": "satisfyRuleSchema should not validate satisfy rules with extra properties",
              "timedOut": false,
              "duration": 1,
              "state": "passed",
              "speed": "fast",
              "pass": true,
              "fail": false,
              "pending": false,
              "context": null,
              "code": "isInvalidRule({\n        and: [\n            { or: [\"2k\"], abc: \"def\" },\n            { mc: 8, ghi: \"jkl\" },\n        ],\n        mno: \"pqr\",\n    }, {\n        instancePath: \"/and/0\",\n        message: \"or satisfy rule should have property 'or' only\",\n    }, {\n        instancePath: \"/and/1\",\n        message: \"MC satisfy rule should have property 'mc' only\",\n    }, {\n        instancePath: \"\",\n        message: \"and satisfy rule should have property 'and' only\",\n    })",
              "err": {},
              "uuid": "5c20d13a-746b-496f-9625-3b75f9308b8d",
              "parentUUID": "2bdf6546-8171-40de-aef5-0041801817f0",
              "isHook": false,
              "skipped": false
            },
            {
              "title": "should not validate ambiguous satisfy rules",
              "fullTitle": "satisfyRuleSchema should not validate ambiguous satisfy rules",
              "timedOut": false,
              "duration": 0,
              "state": "passed",
              "speed": "fast",
              "pass": true,
              "fail": false,
              "pending": false,
              "context": null,
              "code": "const message = \"satisfy rule should have only one of properties 'mc', 'and', 'or'\";\nisInvalidRule({\n    or: [\n        { mc: 5, and: [\"CS2040\"] },\n        { and: [{ and: [\"abc\"], or: [\"def\"] }] },\n    ],\n}, { instancePath: \"/or/0\", message }, { instancePath: \"/or/1/and/0\", message });",
              "err": {},
              "uuid": "910ccf3a-bfec-4717-8b46-4a6053ec8b28",
              "parentUUID": "2bdf6546-8171-40de-aef5-0041801817f0",
              "isHook": false,
              "skipped": false
            },
            {
              "title": "should not validate and satisfy rules with non-array property",
              "fullTitle": "satisfyRuleSchema should not validate and satisfy rules with non-array property",
              "timedOut": false,
              "duration": 1,
              "state": "passed",
              "speed": "fast",
              "pass": true,
              "fail": false,
              "pending": false,
              "context": null,
              "code": "const message = \"property 'and' should be an array of satisfy rules\";\nisInvalidRule({ or: [{ and: {} }, { or: [{ and: 3 }] }] }, { instancePath: \"/or/0/and\", message }, { instancePath: \"/or/1/or/0/and\", message });",
              "err": {},
              "uuid": "daeb2f17-225c-41b6-98c8-8ff27a6fec9b",
              "parentUUID": "2bdf6546-8171-40de-aef5-0041801817f0",
              "isHook": false,
              "skipped": false
            },
            {
              "title": "should not validate or satisfy rules with non-array property",
              "fullTitle": "satisfyRuleSchema should not validate or satisfy rules with non-array property",
              "timedOut": false,
              "duration": 0,
              "state": "passed",
              "speed": "fast",
              "pass": true,
              "fail": false,
              "pending": false,
              "context": null,
              "code": "const message = \"property 'or' should be an array of satisfy rules\";\nisInvalidRule({ and: [{ or: {} }, { and: [{ or: 3 }] }] }, { instancePath: \"/and/0/or\", message }, { instancePath: \"/and/1/and/0/or\", message });",
              "err": {},
              "uuid": "a203c39d-162c-4a49-89b1-53da6c4c965e",
              "parentUUID": "2bdf6546-8171-40de-aef5-0041801817f0",
              "isHook": false,
              "skipped": false
            }
          ],
          "suites": [],
          "passes": [
            "52c2d4d6-a3f2-4fa6-9d92-4724c7ebe954",
            "502f6144-a10a-4644-8590-253c7613590b",
            "ea53b456-cba5-4cd9-91d6-1b9fcba3e592",
            "befbf07a-5117-4a39-bc4d-4a0e8ee5aec8",
            "5c20d13a-746b-496f-9625-3b75f9308b8d",
            "910ccf3a-bfec-4717-8b46-4a6053ec8b28",
            "daeb2f17-225c-41b6-98c8-8ff27a6fec9b",
            "a203c39d-162c-4a49-89b1-53da6c4c965e"
          ],
          "failures": [],
          "pending": [],
          "skipped": [],
          "duration": 10,
          "root": false,
          "rootEmpty": false,
          "_timeout": 2000
        }
      ],
      "passes": [],
      "failures": [],
      "pending": [],
      "skipped": [],
      "duration": 0,
      "root": true,
      "rootEmpty": true,
      "_timeout": 2000
    }
  ],
  "meta": {
    "mocha": {
      "version": "9.1.1"
    },
    "mochawesome": {
      "options": {
        "quiet": false,
        "reportFilename": "mochawesome",
        "saveHtml": true,
        "saveJson": true,
        "consoleReporter": "spec",
        "useInlineDiffs": false,
        "code": true
      },
      "version": "6.2.2"
    },
    "marge": {
      "options": {
        "reportDir": "docs"
      },
      "version": "5.2.0"
    }
  }
}