{
  "stats": {
    "suites": 6,
    "tests": 29,
    "passes": 29,
    "pending": 0,
    "failures": 0,
    "start": "2021-06-25T14:06:36.268Z",
    "end": "2021-06-25T14:06:36.529Z",
    "duration": 261,
    "testsRegistered": 29,
    "passPercent": 100,
    "pendingPercent": 0,
    "other": 0,
    "hasOther": false,
    "skipped": 0,
    "hasSkipped": false
  },
  "results": [
    {
      "uuid": "25076f0e-5bae-4e7d-92c5-ac6539f44d64",
      "title": "",
      "fullFile": "",
      "file": "",
      "beforeHooks": [],
      "afterHooks": [],
      "tests": [],
      "suites": [
        {
          "uuid": "46e12644-e038-41b7-91b9-ec98c7e919b0",
          "title": "initDirectories",
          "fullFile": "/home/runner/work/planwithus-lib/planwithus-lib/src/block/schemas.test.ts",
          "file": "/src/block/schemas.test.ts",
          "beforeHooks": [],
          "afterHooks": [],
          "tests": [
            {
              "title": "should parse all blocks with no errors",
              "fullTitle": "initDirectories should parse all blocks with no errors",
              "timedOut": false,
              "duration": 3,
              "state": "passed",
              "speed": "fast",
              "pass": true,
              "fail": false,
              "pending": false,
              "context": null,
              "code": "_1.initDirectories.should.not.throw()",
              "err": {},
              "uuid": "a22f284a-42e5-4b91-ba83-3fcaca2388fb",
              "parentUUID": "46e12644-e038-41b7-91b9-ec98c7e919b0",
              "isHook": false,
              "skipped": false
            },
            {
              "title": "should produce primary, second & minor directories",
              "fullTitle": "initDirectories should produce primary, second & minor directories",
              "timedOut": false,
              "duration": 41,
              "state": "passed",
              "speed": "medium",
              "pass": true,
              "fail": false,
              "pending": false,
              "context": null,
              "code": "const directories = await _1.initDirectories();\ndirectories.should.have.property(\"primary\");\ndirectories.should.have.property(\"second\");\ndirectories.should.have.property(\"minor\");",
              "err": {},
              "uuid": "297b00d3-9b71-44ca-8ad9-839c8e3b22a5",
              "parentUUID": "46e12644-e038-41b7-91b9-ec98c7e919b0",
              "isHook": false,
              "skipped": false
            }
          ],
          "suites": [],
          "passes": [
            "a22f284a-42e5-4b91-ba83-3fcaca2388fb",
            "297b00d3-9b71-44ca-8ad9-839c8e3b22a5"
          ],
          "failures": [],
          "pending": [],
          "skipped": [],
          "duration": 44,
          "root": false,
          "rootEmpty": false,
          "_timeout": 2000
        },
        {
          "uuid": "a3384039-7309-45b7-bbcd-ec22a402489d",
          "title": "blockSchema",
          "fullFile": "/home/runner/work/planwithus-lib/planwithus-lib/src/block/schemas.test.ts",
          "file": "/src/block/schemas.test.ts",
          "beforeHooks": [],
          "afterHooks": [],
          "tests": [
            {
              "title": "should validate valid block",
              "fullTitle": "blockSchema should validate valid block",
              "timedOut": false,
              "duration": 164,
              "state": "passed",
              "speed": "slow",
              "pass": true,
              "fail": false,
              "pending": false,
              "context": "[\n  {\n    \"title\": \"block sample 0\",\n    \"value\": {\n      \"name\": \"# {\",\n      \"ay\": 1994,\n      \"match\": [],\n      \"satisfy\": [\n        \"3ik;RI H\",\n        \"Q~z?~K~6W2\",\n        {\n          \"and\": []\n        },\n        {\n          \"or\": [\n            {\n              \"mc\": \"<=148\"\n            },\n            {\n              \"and\": [\n                \"z\\\"7C\",\n                {\n                  \"mc\": \">=57\"\n                },\n                {\n                  \"and\": [\n                    \"}F\"\n                  ]\n                },\n                {\n                  \"or\": []\n                },\n                \"}90f(\"\n              ]\n            }\n          ]\n        },\n        \"e$\"\n      ],\n      \"url\": \"http://a6kowp6hyzc09i8e4-fyo0m9j48txsupdb-g5c0osdb400649r9l.wwrzx5dlu.y.hs6fnqidrymxyrerv8i990ifxn2xr40379tg1p3.tpkh/J6nH;3DuU/9pWJ9%F1%80%88%8E9g//%2e\"\n    }\n  },\n  {\n    \"title\": \"block sample 1\",\n    \"value\": {\n      \"name\": \"D\",\n      \"ay\": 1967,\n      \"assign\": \"4$z??7\",\n      \"match\": \"YZJ86\",\n      \"url\": \"https://lra8kfop8uei5dfxtimsaup2lp17omid.4i6.e.cwnrqj/u7ENx:SRki/=irSX5)c/gY/5P@&a(+)Xn/\",\n      \"info\": \"IuPC#d\\\"w;x\"\n    }\n  },\n  {\n    \"title\": \"block sample 2\",\n    \"value\": {\n      \"name\": \"P\",\n      \"assign\": [\n        \"S2Ym\",\n        \";$+/pFIL\"\n      ],\n      \"satisfy\": {\n        \"and\": []\n      },\n      \"url\": \"https://f.de/meZvom/ars!LC%F1%91%BC%BF-/QB(%F1%89%A9%B0YC,rU/3IE;*Qv/~qR1%F3%9B%98%B2T3l\"\n    }\n  },\n  {\n    \"title\": \"block sample 3\",\n    \"value\": {\n      \"name\": \"z|\",\n      \"ay\": 2030,\n      \"match\": [\n        {\n          \"pattern\": \"JQQ2O\",\n          \"info\": \"G<H]^5j(.\"\n        },\n        {\n          \"and\": []\n        },\n        {\n          \"and\": [\n            {\n              \"pattern\": \"EPK3xx8\",\n              \"exclude\": \"XXK6*D\"\n            }\n          ]\n        },\n        {\n          \"and\": [\n            {\n              \"or\": [\n                \"QYQ01\",\n                \"TDG295\",\n                \"HOOxH\",\n                \"MPI0\"\n              ]\n            },\n            \"JR517\"\n          ]\n        },\n        \"GG289G\"\n      ],\n      \"satisfy\": [\n        {\n          \"and\": [\n            {\n              \"mc\": \">=186\"\n            },\n            {\n              \"mc\": \">=41\"\n            },\n            {\n              \"and\": [\n                \"QXQ}*k\\\\oo\",\n                {\n                  \"and\": [\n                    {\n                      \"or\": []\n                    }\n                  ]\n                },\n                \"dZ1d\",\n                {\n                  \"and\": [\n                    {\n                      \"or\": [\n                        \"Qn\",\n                        \")R\",\n                        \"\",\n                        \"j\",\n                        \"~qsl@A\"\n                      ]\n                    }\n                  ]\n                }\n              ]\n            }\n          ]\n        },\n        {\n          \"or\": []\n        },\n        {\n          \"mc\": \"<=168\"\n        },\n        {\n          \"mc\": \">=21\"\n        }\n      ],\n      \"url\": \"http://wy42xfmduwsdq5ia05zcr4y0cu-7h7jdwfeowe0p0w51qn849l-wc50781.irogtrmtwu\",\n      \"info\": \"|x\",\n      \"IQ\": {\n        \"name\": \"[t$\",\n        \"ay\": 1994,\n        \"match\": [\n          \"CKHx*03K\",\n          {\n            \"and\": [\n              \"MA34\",\n              {\n                \"or\": [\n                  \"GIY2684\",\n                  \"ABN67Z\"\n                ]\n              },\n              \"JQ78x9S\",\n              {\n                \"and\": []\n              },\n              {\n                \"or\": [\n                  \"PD723C\",\n                  \"ZKB443\"\n                ]\n              }\n            ]\n          }\n        ],\n        \"satisfy\": {\n          \"mc\": \">=178\"\n        },\n        \"url\": \"https://jy333fwqzgcnhbvm5p1d6z3a1m3ls3ur0t-qjpcprm9ov64p-od1y3w4ph5d7w.0shw-l0ewyq9uaqfzf76xgypksdia-9r7t6gxxfxor8jwnphmharlehi.0wxvfm9tzs89.ltys/Pbs'V%F3%B1%8F%9C%F1%90%AF%A0:&/eU/y/mc&3/Uw)/U9V;N'z$+/p;Bu/s1%F2%82%9B%98s/q/Q\",\n        \"info\": \"# {L\",\n        \"c0j5^i0pyM\": {\n          \"name\": \"w=h8qdMG}f\",\n          \"ay\": 1953,\n          \"assign\": \"_7wvuv({v!\",\n          \"match\": {\n            \"and\": [\n              {\n                \"and\": [\n                  {\n                    \"or\": [\n                      {\n                        \"pattern\": \"RK549*T\",\n                        \"exclude\": [\n                          \"YOS7H\",\n                          \"RYX8V\",\n                          \"VIX646Y\",\n                          \"RJQ99E\"\n                        ],\n                        \"info\": \"iG\"\n                      }\n                    ]\n                  },\n                  {\n                    \"and\": [\n                      {\n                        \"or\": [\n                          \"CV721T\",\n                          \"IWJ05N\"\n                        ]\n                      },\n                      {\n                        \"pattern\": \"SOD3119T\",\n                        \"exclude\": [\n                          \"NA9\"\n                        ]\n                      },\n                      \"PG*012G\",\n                      {\n                        \"pattern\": \"NI14C\",\n                        \"exclude\": [\n                          \"JA8002\",\n                          \"PCL3*7\",\n                          \"SA2636\",\n                          \"IZ515\"\n                        ],\n                        \"info\": \"RK-o)\"\n                      }\n                    ]\n                  },\n                  \"PW641Q\"\n                ]\n              },\n              {\n                \"and\": []\n              },\n              \"DH7Z\"\n            ]\n          },\n          \"satisfy\": [\n            {\n              \"or\": [\n                {\n                  \"and\": []\n                },\n                \"G*@xf\",\n                {\n                  \"mc\": \"<=91\"\n                },\n                {\n                  \"mc\": \"<=88\"\n                }\n              ]\n            },\n            \"[puIZu!N \",\n            \"`\"\n          ],\n          \"url\": \"https://ooo4-9sto7xlc53j4yc9c0chew0ywxcnmpa-jyw662bjihrafdok4r18.9pa0esa3bmtq1hjywkt68awok-9udbbuqphgg.51lg640w4sb1.bfippecwyd/zr%F2%BE%8D%BF5J6//I=~IW/GZO%EF%B4%A44Yv/ZH%F2%84%A2%8DZT%F0%AA%93%8F\",\n          \"info\": \"Glp\",\n          \"-(\": {\n            \"name\": \"\",\n            \"ay\": 1951,\n            \"assign\": [\n              \"8Vw9\",\n              \"(070_g\"\n            ],\n            \"satisfy\": [\n              {\n                \"or\": [\n                  {\n                    \"and\": [\n                      \"^#bN8j\",\n                      \"i\\\\,\"\n                    ]\n                  },\n                  {\n                    \"mc\": \">=41\"\n                  },\n                  \"A9_\",\n                  {\n                    \"and\": []\n                  }\n                ]\n              },\n              {\n                \"and\": []\n              },\n              \"rjF\\\"3f8e\"\n            ],\n            \"url\": \"https://k6oar8ch96hl51042p17j3tg9gnky.j92xcnjejh4t9jo-9y2hco2y7q4t8uw6cyyg30kxwxoegrce5o418o4.aa5j64s6rnels6f4iiplxraips18zxw4978.errbv/)I1~xy/.mJ-G/z)IWm$'y%F2%AF%9F%86m//ztjUldP/aoY7N/=/tV,Q\",\n            \"info\": \"nq.w#Wd\\\"\"\n          }\n        },\n        \"Z\": {\n          \"name\": \"{0m\",\n          \"assign\": [\n            \"c@@)8uqEn_\",\n            \"p{<\",\n            \"Psv\"\n          ],\n          \"match\": [],\n          \"satisfy\": {\n            \"and\": [\n              \"]sqPr;\",\n              {\n                \"or\": [\n                  \"7RR.(JWO\",\n                  \"P\",\n                  \"7\"\n                ]\n              },\n              {\n                \"or\": []\n              },\n              {\n                \"or\": [\n                  {\n                    \"mc\": \">=189\"\n                  }\n                ]\n              },\n              {\n                \"or\": [\n                  \"c\",\n                  {\n                    \"and\": [\n                      \"4_i|5]\",\n                      \"P'[H~3hO!}\",\n                      {\n                        \"or\": [\n                          \"KzF4\",\n                          {\n                            \"mc\": \">=107\"\n                          },\n                          \"OdU}0hDD\"\n                        ]\n                      }\n                    ]\n                  },\n                  \"?n=16\"\n                ]\n              }\n            ]\n          },\n          \"url\": \"https://x.4je7r1czx8z7kgou24.dfxe3la9p0e0yuiiv22x.d0qoff31xhgkbym36rfw7iqh3198omj33l426u6kqu7j214lun4ho7320gib10.krn56ym6zmdiuv5g33f4syjsyfqovkwq7m2ys9z64xkdrm-9z9h8lt65szk3.cnly/%F2%93%A0%BED0%F1%85%A1%AB/v_L/IA%F0%91%8C%B9/r;Q//fQbm!!Z%F2%B0%93%BBQm\",\n          \"info\": \"\"\n        },\n        \"F=E`  ](a\": {\n          \"name\": \"u\",\n          \"ay\": 1980,\n          \"assign\": [\n            \"GHb\",\n            \"V Mpd=?_\",\n            \"RSCn+u\"\n          ],\n          \"satisfy\": [\n            {\n              \"and\": [\n                {\n                  \"mc\": \"<=131\"\n                },\n                {\n                  \"or\": [\n                    \"sv~@uF+p\",\n                    {\n                      \"and\": [\n                        {\n                          \"or\": [\n                            \"x\",\n                            \"y\",\n                            \"1\"\n                          ]\n                        },\n                        \"An5vh3&z~\",\n                        \"lVfeH{Jog!\",\n                        \"6T5m\",\n                        {\n                          \"and\": [\n                            \"Cs1Tn=<o)O\",\n                            {\n                              \"or\": [\n                                \"+\\\\kvP)~\",\n                                {\n                                  \"mc\": \">=63\"\n                                },\n                                {\n                                  \"mc\": \">=90\"\n                                }\n                              ]\n                            },\n                            \"E*@mxl\"\n                          ]\n                        }\n                      ]\n                    },\n                    {\n                      \"or\": [\n                        {\n                          \"and\": [\n                            \"oKL[)\"\n                          ]\n                        },\n                        {\n                          \"and\": [\n                            \"]D'^HV(\",\n                            {\n                              \"mc\": \"<=81\"\n                            },\n                            \"T'6lpE=\"\n                          ]\n                        },\n                        \"x*Q\"\n                      ]\n                    }\n                  ]\n                },\n                {\n                  \"or\": []\n                },\n                {\n                  \"mc\": \">=58\"\n                }\n              ]\n            }\n          ],\n          \"info\": \"Stv\"\n        },\n        \";|\\\"5WY32X\": {\n          \"name\": \"$w,[YX!\",\n          \"ay\": 2002,\n          \"assign\": [],\n          \"match\": {\n            \"pattern\": \"OK8\",\n            \"exclude\": [\n              \"TP335xJ\",\n              \"UY42x\",\n              \"GBS2\"\n            ],\n            \"info\": \"WY~m\"\n          },\n          \"satisfy\": [],\n          \"url\": \"http://mknm2a54ri171-ao4g3lq4zir6iqxx1z7jkx682bl192zypvi05y1w3-4u1b.5.6u27x3qzr0ys91.9.p5ohc.ylwgv/P*6%F1%A2%80%91%F2%BF%8F%A8%F1%9D%84%A3*'\",\n          \"\": {\n            \"name\": \"L]`\",\n            \"ay\": 2013,\n            \"assign\": [\n              \"/LUO[8ZPE\",\n              \"FJi',\",\n              \")j.uv\",\n              \"6)$F\"\n            ],\n            \"match\": [\n              {\n                \"pattern\": \"HXA3x8\",\n                \"exclude\": \"DJ5137\",\n                \"info\": \"<\\\\:\"\n              }\n            ],\n            \"url\": \"http://00rsrltx-lljr4xyhpamiien6wmdmmx3g46gstrm4bpavx3w7amna.upqo\",\n            \"info\": \"S\\\\| m@,\"\n          }\n        }\n      },\n      \"\": {\n        \"name\": \"j*TlI^4[Tl\",\n        \"assign\": [\n          \"ROzb,NM\",\n          \"&\",\n          \"j0:fo1\",\n          \"x!W^g;O1}\",\n          \"V\"\n        ],\n        \"match\": {\n          \"and\": []\n        },\n        \"satisfy\": [\n          \"\",\n          {\n            \"and\": []\n          }\n        ],\n        \"url\": \"https://ulrsd71jzd56wr9acdcy3qjcxft.qir6arbuzas2kxh1fnr-0h45hqwcnbt-gmgr0-714onwn3t6h.e.abvhz\",\n        \"info\": \"\"\n      },\n      \"E=]\": {\n        \"ay\": 1952,\n        \"assign\": \"|\",\n        \"match\": [\n          {\n            \"or\": [\n              {\n                \"and\": []\n              },\n              \"PS06F\",\n              {\n                \"pattern\": \"VMKx87W\",\n                \"exclude\": [\n                  \"WKxx0\",\n                  \"JJ93*0A\",\n                  \"HRxxZ\",\n                  \"NZT4\",\n                  \"NZ*\"\n                ],\n                \"info\": \"H\"\n              },\n              \"MT149\",\n              \"PP8x4xF\"\n            ]\n          },\n          {\n            \"pattern\": \"XMG8x*x\",\n            \"exclude\": \"LUG5xx1\",\n            \"info\": \"\"\n          },\n          {\n            \"or\": [\n              {\n                \"and\": []\n              }\n            ]\n          }\n        ],\n        \"satisfy\": [\n          {\n            \"mc\": \">=104\"\n          },\n          {\n            \"and\": [\n              \"A663''\",\n              {\n                \"or\": [\n                  {\n                    \"or\": [\n                      {\n                        \"and\": [\n                          {\n                            \"or\": [\n                              \"\\\";70\",\n                              {\n                                \"mc\": \"<=180\"\n                              },\n                              \"eVru,S\",\n                              \"z_Y7\"\n                            ]\n                          },\n                          \")5M\",\n                          \"8sz\",\n                          \"(2aH4fu\",\n                          \"\"\n                        ]\n                      }\n                    ]\n                  },\n                  \"UVe\",\n                  \"[UAA\",\n                  {\n                    \"and\": []\n                  }\n                ]\n              }\n            ]\n          }\n        ]\n      },\n      \"Vqu,]gp\": {\n        \"9\": {\n          \"name\": \"9P-4ZA\",\n          \"ay\": 1988,\n          \"match\": [\n            {\n              \"and\": [\n                \"CU9346\",\n                \"AN543\"\n              ]\n            }\n          ],\n          \"satisfy\": {\n            \"and\": [\n              \"BbIxMv$qr\",\n              \"VU\",\n              {\n                \"mc\": \">=97\"\n              }\n            ]\n          },\n          \"url\": \"http://t.h.urf2hcj1z3mu5mgc8sbte9z22ydr8gx-9g311y2hfufd7nud7gtu.fsiylrwaml/A%F2%B0%8B%9E/J1,agv-vg:/(f=/6%F0%AE%AD%B6/%F4%8D%B9%91A-$ho@CZ/T-6rDdAy_D/7mAr+F;h\"\n        },\n        \"name\": \"slA6}}0.$\",\n        \"ay\": 2005,\n        \"assign\": [\n          \"N&>%\",\n          \"O%!h\",\n          \"$\",\n          \"g'j\\\"JTYC\"\n        ],\n        \"match\": {\n          \"or\": []\n        },\n        \"satisfy\": {\n          \"mc\": \"<=58\"\n        },\n        \"url\": \"https://k7p0heiaae90rnad3zd216oeuitug5no6w.tfdh0k6lhcbay9hlwi2ywacy151-rnsl0mmjzms7z9ss7adbiqxtuw9kicbb8uo.rbs//uk%F3%88%BC%97M*$E/e%F3%88%8E%B1;xK@%F3%9C%B4%B6u+/u*)5iE'/J:!/c%F0%9A%85%82/$.znaG(/gK0%F2%B5%A7%9C/U8HS\",\n        \"info\": \"@${\",\n        \"^<\\\"+A+x\": {\n          \"name\": \"cPDV{xL M\",\n          \"ay\": 1961,\n          \"assign\": \"[M>DvE;O\",\n          \"match\": {\n            \"or\": [\n              {\n                \"and\": [\n                  \"KZT041\",\n                  {\n                    \"or\": []\n                  },\n                  {\n                    \"and\": [\n                      {\n                        \"or\": [\n                          \"ZZL784E\"\n                        ]\n                      },\n                      \"RY3531O\",\n                      {\n                        \"or\": [\n                          \"EPC4G\"\n                        ]\n                      }\n                    ]\n                  },\n                  {\n                    \"pattern\": \"ATC962H\",\n                    \"exclude\": \"KX3P\",\n                    \"info\": \"h\"\n                  },\n                  \"QT9363\"\n                ]\n              }\n            ]\n          },\n          \"satisfy\": {\n            \"and\": [\n              \"@_M\"\n            ]\n          },\n          \"url\": \"https://8rffptctl04s5np0mu1e52i23r3dvjf7ng70r2.pfggzlodzigdvg.j9mmw4xwzd7sx.jx\",\n          \"info\": \"jSYW3cje\"\n        },\n        \"UA|bgp\": {\n          \"name\": \"/J`8\",\n          \"assign\": \"vk>}e0A@b\",\n          \"match\": \"XLP7*I\",\n          \"satisfy\": \"fiGTspQ\",\n          \"url\": \"https://djm679zwx993sm5-g7ggcjnv5.czymng2t6tm12zva.z44.rtg/%F0%A7%88%AD.u@%F1%89%AD%8F@VMfq/3m71AdPi/0w\",\n          \"info\": \"~B6afc^Z\"\n        }\n      },\n      \"%A\\\\B?HK~\": {\n        \"name\": \"2S%W\",\n        \"ay\": 1954,\n        \"assign\": [],\n        \"match\": [\n          {\n            \"pattern\": \"ND2H\",\n            \"exclude\": [\n              \"VWN2790L\"\n            ],\n            \"info\": \"<EwP^c=d8\"\n          },\n          \"UCN4743\",\n          \"MPO**x1\"\n        ],\n        \"url\": \"https://si74o9rax77d75ezun.yzolhyon9--iomk2kf-8t0.mywylqmwoariwp13qku.21es3uz-eh1k57.ta.ufcpujllx//c*TSJ(k/%F3%B9%B8%89i/pHVi\",\n        \"info\": \"|koJ';LF7q\"\n      }\n    }\n  },\n  {\n    \"title\": \"block sample 4\",\n    \"value\": {\n      \"name\": \"db}-No;,<P\",\n      \"ay\": 2028,\n      \"assign\": [\n        \"xO7oC\",\n        \"#FJI\",\n        \"\\\"2!lV${Ld\"\n      ],\n      \"match\": {\n        \"pattern\": \"ZI613C\",\n        \"exclude\": \"QPH9252\",\n        \"info\": \"rz&$\"\n      },\n      \"satisfy\": [],\n      \"url\": \"http://8.79-22h9k8sgkqwac7nu19ram7gi95dndgwy49kjgr9-zsuzmdn2ms.sy/DI/Og.eLd/;ST.NTi(X/5PJH/@aF%F1%82%AC%8B/.BU/,U8'0ZB,/gp\",\n      \"/qCKbbB0aD\": {\n        \"name\": \"\",\n        \"ay\": 1970,\n        \"assign\": \"#\",\n        \"match\": \"YZ7\",\n        \"satisfy\": [\n          {\n            \"and\": [\n              {\n                \"mc\": \"<=101\"\n              },\n              {\n                \"mc\": \">=8\"\n              }\n            ]\n          },\n          {\n            \"and\": [\n              {\n                \"or\": [\n                  {\n                    \"or\": [\n                      \")hN=Fc\",\n                      {\n                        \"mc\": \"<=119\"\n                      }\n                    ]\n                  },\n                  \"ncQ+;=RCb\"\n                ]\n              },\n              {\n                \"or\": [\n                  \"{$JpXiy>\\\\\",\n                  \"!$;\",\n                  {\n                    \"mc\": \">=156\"\n                  },\n                  \"rxuy4{lc,\",\n                  \",B`I\"\n                ]\n              }\n            ]\n          }\n        ],\n        \"url\": \"https://1a66b5bbeadfdpiciul9z4e17.5uaqdz3897sex6q6vwd.bgibcr/%F0%AD%9E%9F/%F0%BB%80%90j9Z%F3%AD%BA%BE8F%F2%94%9D%AB\",\n        \"info\": \"|1}\"\n      },\n      \"2Tko\": {\n        \"name\": \"&ikQxJ(&\",\n        \"ay\": 2021,\n        \"assign\": [\n          \"\"\n        ],\n        \"match\": \"ELK1\",\n        \"satisfy\": {\n          \"mc\": \"<=1\"\n        },\n        \"url\": \"http://6.dd7ea.dkq/ht/*%EC%8A%BAB/o4Jg/jJ+Z=/\",\n        \"info\": \"u2\"\n      },\n      \"C{\": {\n        \"name\": \"x\",\n        \"ay\": 1955,\n        \"assign\": \"J\",\n        \"match\": [\n          {\n            \"and\": [\n              {\n                \"pattern\": \"XUx268\",\n                \"exclude\": \"KJL04\",\n                \"info\": \"-]8fF!/Wj\"\n              },\n              {\n                \"and\": []\n              }\n            ]\n          },\n          {\n            \"pattern\": \"XKL2*55\",\n            \"exclude\": \"JPM86*1\",\n            \"info\": \"T}L_1+\"\n          }\n        ],\n        \"satisfy\": {\n          \"mc\": \">=4\"\n        },\n        \"url\": \"http://5tu7pr4e50t66ee4dc5v9yigqo0cxr68lfgp43pquko2gmhorvjxkw46t.cbthldg.iga6q0hdqw1b8jwf-la7cu125mogf3p5g5zidcm7j7k4foa9b45p2525ff5.87fykbl64buyqsf21na0i32ifiva.k30jqn-s72cf5n0ez5ihosr02r8cia2ilo9macmaikhj9.kme\",\n        \"\\\"NGnb0}\": {\n          \"name\": \"{\",\n          \"ay\": 2005,\n          \"match\": [],\n          \"url\": \"https://8cj75orjaq.7s6mbk8b.gz/f@hk-q/)/Iz;;_/W/jM;;&%E9%BB%B3vY%F1%A3%8A%91/_Q/H4M/3rU-k/A*z5\"\n        },\n        \"D\": {\n          \"name\": \"-NIx\",\n          \"ay\": 1985,\n          \"assign\": [\n            \"|N\",\n            \"ks||7BXM*\",\n            \"o9\\\\L6U\",\n            \"6>.\"\n          ],\n          \"satisfy\": [\n            \"S!J\",\n            \"&\",\n            {\n              \"or\": [\n                {\n                  \"mc\": \"<=105\"\n                },\n                {\n                  \"and\": []\n                },\n                \"O\",\n                {\n                  \"mc\": \"<=85\"\n                },\n                {\n                  \"and\": []\n                }\n              ]\n            },\n            {\n              \"or\": []\n            },\n            {\n              \"mc\": \"<=54\"\n            }\n          ],\n          \"url\": \"http://ob839usan-nfd08-s0nmg780nskdms.ivi9ssxc93m0bj.q1ws7xjf1yu-ajx-af8r2fu5ejk1avlswr1fd9ahji5piubum2c8ywplw.399b-5t1n7.nwexbwnw/mg6/);lJ/oU\",\n          \"info\": \"\"\n        },\n        \":`:PMR0$b\": {\n          \"ay\": 2011,\n          \"assign\": \"\\\\/r\",\n          \"match\": [\n            \"XYAx*\",\n            \"AW3\",\n            \"DW4737B\"\n          ],\n          \"url\": \"https://o23b3tpgpgtvu9kmug5x8d-h13zsy6bywbjl.xcpbfl8bbegnzukqqry8rdhefgqmco6f.su6n0wvlgjrsdz3-tsgdikg708spj30qha.eanh-vbiei-gr-dz296ef1oih6s9eoz8hhxj39231dz4k.su-11touwe3-nv1yq6-w97ls1nzvp48of.qifvdgz/zN/v/u0j'l/u~I/iP=.47mX$/6FP@/\",\n          \"info\": \"z' <\"\n        },\n        \"qy\": {\n          \"ay\": 2012,\n          \"assign\": [\n            \"\",\n            \"a<-w|iuu^O\",\n            \"d=pF\",\n            \"/_bqPIgzf\"\n          ],\n          \"match\": [\n            \"XLU5\",\n            {\n              \"and\": [\n                {\n                  \"or\": []\n                },\n                {\n                  \"pattern\": \"EJxN\",\n                  \"exclude\": \"SV65x2\",\n                  \"info\": \"E\"\n                },\n                {\n                  \"pattern\": \"SA8842M\",\n                  \"exclude\": [\n                    \"AJ80x\",\n                    \"LL*9O\",\n                    \"DVxX\",\n                    \"LWSx5xW\",\n                    \"AA24\"\n                  ],\n                  \"info\": \"bGs75\"\n                }\n              ]\n            }\n          ],\n          \"satisfy\": [],\n          \"url\": \"https://f.wv6g6799dl0p7ybf5u1ib07d5nj94n6bqaxykxk6kaltikusktydx-kq.c.x7xmfbt7sw9dcv7ib.xxdgvi/oX(%F1%9A%94%AF!Ulp@G/%F0%90%9A%95.=/n%F1%9D%B5%AD%F1%85%94%A1t10/cbx'3qJ-W/$s/tA)Eg&./%F1%8A%AF%B5nYTT1\",\n          \">Qy(b\\\\mkXu\": {\n            \"name\": \"`\",\n            \"ay\": 2022,\n            \"assign\": \"YRqMp^v\",\n            \"match\": [\n              {\n                \"pattern\": \"EX5x\",\n                \"info\": \"Y7\"\n              }\n            ],\n            \"satisfy\": [\n              {\n                \"mc\": \"<=176\"\n              },\n              {\n                \"and\": [\n                  {\n                    \"mc\": \"<=154\"\n                  },\n                  \"R@KtTD]\",\n                  {\n                    \"and\": [\n                      {\n                        \"or\": [\n                          \"Kl;S\",\n                          {\n                            \"or\": [\n                              \"\",\n                              \"|\",\n                              \"\"\n                            ]\n                          },\n                          \"b}c>9\",\n                          \"bS`9=:S\",\n                          {\n                            \"and\": [\n                              \"FkE\"\n                            ]\n                          }\n                        ]\n                      },\n                      \"hO0B>~\"\n                    ]\n                  }\n                ]\n              },\n              \"-N!\"\n            ],\n            \"url\": \"https://w6y941e3ca7go.ulf//%F0%BD%B9%97k%F4%8A%BF%A6y+g%F4%89%90%9EZe/Yc.t)m6i~/%F1%AC%95%B4QnFuryjI$/qE;S-//B-Y_6K;G%F2%82%97%B5n//SxQ(!$\",\n            \"info\": \"\"\n          }\n        }\n      },\n      \" iP=vzgiW\": {\n        \"name\": \"A#}m{&8#+\",\n        \"ay\": 1977,\n        \"assign\": [\n          \"|%\",\n          \"pA^,\"\n        ],\n        \"match\": {\n          \"and\": [\n            \"IT57\",\n            {\n              \"pattern\": \"CWY81\",\n              \"exclude\": [\n                \"CWZx33I\",\n                \"PV5476X\",\n                \"XA3R\",\n                \"CK6x51\",\n                \"UQx21\"\n              ],\n              \"info\": \"=\"\n            },\n            {\n              \"pattern\": \"VLS9P\"\n            },\n            \"RQC864\",\n            \"FT8*\"\n          ]\n        },\n        \"url\": \"http://a.xy/$F'S/(H//4p%F2%9E%BD%A13DF%F2%A0%8A%98/3%F2%89%91%AFz;8/=@%F3%83%86%91$dCD\",\n        \"info\": \"y\",\n        \"Jc\": {\n          \"ay\": 1953,\n          \"satisfy\": {\n            \"mc\": \"<=2\"\n          },\n          \"url\": \"http://tlra1hufsp4w2qpthwojci47gbug83h6xwbxs448dxuct8nd9m0-7.xowwc/%F4%8F%BF%B5'\",\n          \"info\": \"o%@\",\n          \"\": {\n            \"ay\": 2022,\n            \"assign\": \"I.GdXjn\",\n            \"match\": {\n              \"and\": [\n                {\n                  \"and\": [\n                    {\n                      \"or\": [\n                        \"LVM0\",\n                        \"AT6F\",\n                        {\n                          \"or\": [\n                            \"MC5x7\",\n                            \"OF27\"\n                          ]\n                        },\n                        {\n                          \"or\": []\n                        }\n                      ]\n                    },\n                    \"DQ30G\",\n                    \"TIE*72\"\n                  ]\n                },\n                {\n                  \"and\": [\n                    \"UZ0123\",\n                    \"OPG28G\"\n                  ]\n                },\n                {\n                  \"and\": [\n                    \"TCZ7883\",\n                    {\n                      \"pattern\": \"DO4S\",\n                      \"exclude\": \"EDU21D\"\n                    },\n                    {\n                      \"and\": []\n                    }\n                  ]\n                }\n              ]\n            },\n            \"satisfy\": [\n              \"vM-MXZWq\",\n              {\n                \"or\": [\n                  {\n                    \"mc\": \">=168\"\n                  }\n                ]\n              },\n              {\n                \"and\": []\n              },\n              {\n                \"mc\": \">=109\"\n              }\n            ],\n            \"url\": \"https://mlnxg97sv0x6w4r.6ytqw53bwt27ng3crx0bfq-j88xgnrc67rm47tciin90cqmu71nw.fmy6lovvz0pgpm66oxwvb6kfgsjuwp1rsuu4scvaq42lt0j11m9v1o0.i9ebc6st5401ojefnoozu9ml5mxluo7et0h75t4yqdu7qytenrsrfgtp3sjiig6.5xbhikyupoq3pp.vxmwjiyosa/zg!/9GD/sMC-P/&tY%F0%BE%9F%A4(oXJ/%F1%AD%BE%83_E4\",\n            \"info\": \"F/Z8]\"\n          },\n          \"!%C8,\": {\n            \"name\": \"Q@\",\n            \"ay\": 1967,\n            \"assign\": \"q{#q[\",\n            \"satisfy\": {\n              \"mc\": \"<=46\"\n            },\n            \"url\": \"http://9jq8z9lalxu3f5l7ysi0ewybq2gj5h2u58gslv0wq5szcmuii12q.00-ttawkh-47.0ya68m1m6-o1wuewkijyhygidpmto4dx5p5ish0.pqwejwxy/:Ac/.9%F2%9B%B9%91XTL/_/oT/XV%F1%A2%91%B1/py3i;\",\n            \"info\": \"Crk).YK\",\n            \"H\": {\n              \"name\": \"'Xbo5=\",\n              \"ay\": 1990,\n              \"assign\": [\n                \"6yDRt%b\"\n              ],\n              \"match\": [\n                \"ZP3457\",\n                \"SSM8L\",\n                \"LJxP\",\n                {\n                  \"or\": [\n                    {\n                      \"and\": [\n                        {\n                          \"pattern\": \"LG4850V\",\n                          \"exclude\": []\n                        },\n                        {\n                          \"pattern\": \"NON48I\",\n                          \"exclude\": [\n                            \"MT6\",\n                            \"YZYx096\",\n                            \"ANK21X\",\n                            \"HD2\",\n                            \"QC34B\"\n                          ],\n                          \"info\": \"gGQK`>e!GQ\"\n                        },\n                        \"ABxG\",\n                        {\n                          \"pattern\": \"MUO6x8\",\n                          \"info\": \"\"\n                        },\n                        {\n                          \"pattern\": \"TO62\",\n                          \"exclude\": [\n                            \"HX0U\",\n                            \"YAxxG\",\n                            \"DN*80H\",\n                            \"WK1\",\n                            \"SD8\"\n                          ],\n                          \"info\": \"\"\n                        }\n                      ]\n                    },\n                    {\n                      \"pattern\": \"CQ654\",\n                      \"exclude\": \"RW29O\",\n                      \"info\": \"#\"\n                    }\n                  ]\n                },\n                {\n                  \"and\": [\n                    \"SPO288\",\n                    {\n                      \"pattern\": \"JY0778\",\n                      \"exclude\": \"PL7059\",\n                      \"info\": \"\"\n                    },\n                    {\n                      \"and\": [\n                        {\n                          \"or\": [\n                            \"AJB762\",\n                            \"XZW9*\",\n                            {\n                              \"pattern\": \"KE8xJ\",\n                              \"exclude\": []\n                            },\n                            \"AEU796D\",\n                            \"YYA3x0\"\n                          ]\n                        },\n                        \"QLD5177\"\n                      ]\n                    },\n                    \"RTI293\"\n                  ]\n                }\n              ],\n              \"satisfy\": \"(VP'\",\n              \"url\": \"http://h7gc5t70su8tckdr1cwg6zjcg2m2j-w7uv8-s0.03udrz1hjsv7n4.crtrle/WpB-/r(s/yH/p/PY\",\n              \"info\": \">,\"\n            },\n            \"PQ hzHV1\": {\n              \"ay\": 1979,\n              \"match\": {\n                \"or\": [\n                  \"YD676R\",\n                  {\n                    \"or\": [\n                      \"OH1151\",\n                      \"MW4*\",\n                      \"IYI64I\",\n                      \"YU654*G\"\n                    ]\n                  },\n                  \"ASP89Z\",\n                  {\n                    \"or\": [\n                      {\n                        \"pattern\": \"ZAK2752S\",\n                        \"exclude\": \"FGB69\",\n                        \"info\": \"b:ba{o}\"\n                      },\n                      \"AVZ8\",\n                      \"AD89Z\",\n                      {\n                        \"and\": [\n                          {\n                            \"or\": [\n                              {\n                                \"or\": [\n                                  \"SJ7H\"\n                                ]\n                              },\n                              \"XV6N\",\n                              \"ZGx37\",\n                              {\n                                \"or\": [\n                                  \"LL7*9U\",\n                                  \"QK509x\",\n                                  {\n                                    \"and\": [\n                                      \"VV8\",\n                                      \"AJL8701\",\n                                      \"PIX93Y\"\n                                    ]\n                                  },\n                                  \"UTR19**\"\n                                ]\n                              },\n                              \"WEV35\"\n                            ]\n                          },\n                          {\n                            \"and\": []\n                          },\n                          \"CD51\"\n                        ]\n                      },\n                      \"SK208\"\n                    ]\n                  },\n                  {\n                    \"and\": [\n                      {\n                        \"or\": [\n                          \"EVQ0x1E\",\n                          {\n                            \"or\": [\n                              \"OA348\",\n                              \"KQ*D\",\n                              {\n                                \"and\": [\n                                  \"BGB46\"\n                                ]\n                              },\n                              \"BVH29xxP\",\n                              \"EZS142S\"\n                            ]\n                          },\n                          \"WMM8x\"\n                        ]\n                      },\n                      \"VV3\",\n                      {\n                        \"or\": []\n                      }\n                    ]\n                  }\n                ]\n              },\n              \"satisfy\": [\n                {\n                  \"or\": [\n                    \"?^EF[o\"\n                  ]\n                },\n                {\n                  \"and\": [\n                    {\n                      \"mc\": \">=170\"\n                    },\n                    \"\",\n                    {\n                      \"or\": [\n                        {\n                          \"and\": [\n                            {\n                              \"and\": [\n                                \"F\\\" q>AE\",\n                                \"1Hz4I8M\",\n                                {\n                                  \"mc\": \"<=63\"\n                                },\n                                {\n                                  \"mc\": \">=100\"\n                                },\n                                \"~d.&;#XY\"\n                              ]\n                            },\n                            \"xKxbVG\"\n                          ]\n                        }\n                      ]\n                    },\n                    {\n                      \"or\": []\n                    },\n                    \"!DYcg5Tqy\"\n                  ]\n                },\n                {\n                  \"mc\": \"<=2\"\n                },\n                {\n                  \"mc\": \"<=35\"\n                },\n                {\n                  \"or\": [\n                    {\n                      \"mc\": \">=7\"\n                    }\n                  ]\n                }\n              ],\n              \"url\": \"https://6zyzqfwkbsycix8p-anfde5-f5s8i38sv58hny439ojkl9dp1jyjkafx.btevxbbe//%F3%86%90%B9InE;*/VDK/eL/g$=/+7'///sL:%F0%BB%8D%94~C!4n\",\n              \"info\": \".f\"\n            }\n          }\n        },\n        \"u\": {\n          \"name\": \"<tmOab!&\",\n          \"ay\": 1955,\n          \"assign\": \"#M|[[C^C\",\n          \"match\": [\n            {\n              \"or\": [\n                {\n                  \"and\": [\n                    {\n                      \"and\": [\n                        {\n                          \"or\": [\n                            \"PKXx19A\",\n                            {\n                              \"or\": [\n                                \"VS3\"\n                              ]\n                            },\n                            \"BOW638\"\n                          ]\n                        }\n                      ]\n                    },\n                    {\n                      \"pattern\": \"TLT1**2\",\n                      \"info\": \"5w C\"\n                    },\n                    \"UIY9149\",\n                    \"NTF1763\",\n                    \"NU1J\"\n                  ]\n                },\n                \"KH6I\",\n                {\n                  \"and\": [\n                    {\n                      \"or\": [\n                        \"MYA10T\",\n                        {\n                          \"and\": [\n                            \"RZK16\",\n                            \"JOR1Q\",\n                            \"LW02x0\"\n                          ]\n                        }\n                      ]\n                    },\n                    \"WHx2\",\n                    \"AZxD\"\n                  ]\n                }\n              ]\n            }\n          ],\n          \"satisfy\": [\n            {\n              \"mc\": \">=114\"\n            }\n          ],\n          \"url\": \"https://f8gltp8bzo24jfq1we.rizoafrhct7zsdkyp8swqipz2uofiyio3j-iqt-gc.exudapyy/X!Bm/%F2%97%AD%93*=%EC%A8%A1Pb*e//bQd\",\n          \"info\": \"aL.c!'\"\n        }\n      }\n    }\n  },\n  {\n    \"title\": \"block sample 5\",\n    \"value\": {\n      \"name\": \"mLv\",\n      \"ay\": 1952,\n      \"assign\": [\n        \"p\"\n      ],\n      \"match\": {\n        \"pattern\": \"KW*Q\",\n        \"exclude\": \"PK1929\",\n        \"info\": \"\"\n      },\n      \"satisfy\": {\n        \"and\": [\n          {\n            \"mc\": \">=1\"\n          },\n          {\n            \"and\": [\n              \"0_\",\n              {\n                \"or\": []\n              }\n            ]\n          }\n        ]\n      },\n      \"info\": \"bkCR[2sj/f\"\n    }\n  },\n  {\n    \"title\": \"block sample 6\",\n    \"value\": {\n      \"name\": \"\",\n      \"ay\": 2029,\n      \"assign\": [\n        \"g\\\";ahd}wj\",\n        \"z#y\",\n        \"\\\"#nYW=d%~6\"\n      ],\n      \"match\": [\n        {\n          \"and\": [\n            {\n              \"pattern\": \"BUC*1\",\n              \"exclude\": [\n                \"UAF82O\",\n                \"ICW8M\",\n                \"SZ7x9M\",\n                \"NIJ512U\",\n                \"PI5301V\"\n              ],\n              \"info\": \"Cp9M\\\\|aM\"\n            }\n          ]\n        },\n        \"CQ0**\"\n      ],\n      \"satisfy\": {\n        \"or\": [\n          \"y\\\\;$/X>|\\\"#\",\n          {\n            \"or\": [\n              {\n                \"mc\": \">=21\"\n              },\n              {\n                \"and\": []\n              },\n              \"_\\\"}A)\"\n            ]\n          }\n        ]\n      },\n      \"url\": \"https://t8kb3qmv4inmiamr6q2nvyvlvlij3u.agd8xxjus.ev9lvfsxvjgrnkopr1nrzyxqttuff6a4s877v.9r51y5jkxi8w6ilgqn5y2md06929qrg.zc/eIkR2J5/I/\",\n      \"yCy\": {\n        \"name\": \"ZE\",\n        \"ay\": 1991,\n        \"assign\": \"I.0z\",\n        \"satisfy\": {\n          \"mc\": \"<=2\"\n        },\n        \"info\": \"IJ\"\n      }\n    }\n  },\n  {\n    \"title\": \"block sample 7\",\n    \"value\": {\n      \"name\": \"!C}\",\n      \"ay\": 2002,\n      \"assign\": \"mb:Y.c>E\",\n      \"match\": {\n        \"pattern\": \"VPLxxx\",\n        \"exclude\": \"WZ096\",\n        \"info\": \"F17Q:@#\"\n      },\n      \"satisfy\": \"\",\n      \"url\": \"http://a.r226tltifb1shs1kzfuz3m4mh0h1zw53bftc28.4zs7c0nl7nexlkcdr0v4.ccal/4%F2%9B%9A%AFMAtr/U!%F3%A3%8E%A6/dfI/a%EC%93%83%E3%9D%AD//:0/V0L0ML%F3%94%97%B1&1/qiJEZ'%F3%B2%A6%98\",\n      \"info\": \",LUPwL=s?\"\n    }\n  },\n  {\n    \"title\": \"block sample 8\",\n    \"value\": {\n      \"name\": \"@\",\n      \"ay\": 1950,\n      \"assign\": [],\n      \"match\": {\n        \"pattern\": \"AMK3558Z\",\n        \"exclude\": \"DEPx0\",\n        \"info\": \"}>o'\"\n      },\n      \"satisfy\": [\n        \"HoSVN\",\n        \"XNq@0-j\",\n        {\n          \"and\": [\n            \"Yq\",\n            {\n              \"or\": [\n                \";}U n\\\\i\",\n                \"t2+oxqU4oZ\"\n              ]\n            },\n            \"mnN\",\n            {\n              \"and\": [\n                \";O0'>HPw!e\"\n              ]\n            },\n            {\n              \"or\": []\n            }\n          ]\n        },\n        {\n          \"or\": []\n        },\n        {\n          \"and\": [\n            \"?E\",\n            {\n              \"and\": [\n                \"yV|hrbck*^\",\n                \"c6y:hj!'[i\",\n                {\n                  \"mc\": \"<=17\"\n                }\n              ]\n            },\n            \"\\\\C_\"\n          ]\n        }\n      ],\n      \"url\": \"http://mdcg67uehfulakdpg74ek1chdi1e7e879hzldqg-2acdeftd68lqb.aunxjxx/%F2%8F%A6%876b++0/jC:s/5$\",\n      \"info\": \"{=\",\n      \"\\\\6a}\": {\n        \"name\": \")2t[\",\n        \"assign\": [\n          \"ij\\\"NY>\",\n          \"%9Z\",\n          \"z]{y\"\n        ],\n        \"match\": {\n          \"pattern\": \"NB11\",\n          \"exclude\": \"QN6H\"\n        },\n        \"satisfy\": \"CH\",\n        \"url\": \"https://217vfrnzb8.5owbpyvfernjajwgk1upph2-s7l4vin09ds-uusupbwl39.o1y.grzowaqe/YK/'e/gK/&O3/e(.vzF%F0%B3%86%BC/%F2%BD%9C%ACM)/BXP=%F3%AA%BA%897DLdk/7qnt/r*!*=%F3%86%9F%AAqo\",\n        \"info\": \"#\",\n        \"+X\": {\n          \"name\": \"{iKV-#*\",\n          \"ay\": 1961,\n          \"assign\": \"- 1\",\n          \"match\": {\n            \"pattern\": \"IAx4\",\n            \"exclude\": \"TL15\",\n            \"info\": \"v{zY\\\"$4\"\n          },\n          \"satisfy\": [],\n          \"url\": \"http://h.bdezc/dZgfe=g:%24I/NZuJR4*I//%F0%A5%80%BCh%F2%8F%8E%83%E9%8D%9A//nC%F1%9B%A7%91MC9/c%F2%8C%BB%87W0I%F0%9E%BE%B4%F3%93%A6%B2//%F1%9B%B7%AE%F4%8F%BF%B3/R\",\n          \"info\": \"!r!!x\"\n        },\n        \"x6}\": {\n          \"name\": \">|\",\n          \"ay\": 1950\n        },\n        \"!6\": {\n          \"name\": \"QYgud=%H\",\n          \"assign\": \"Wec,Kk?\",\n          \"match\": {\n            \"or\": [\n              \"HU72\",\n              {\n                \"or\": [\n                  {\n                    \"or\": []\n                  },\n                  \"QXYx9Z\",\n                  {\n                    \"pattern\": \"FX40C\",\n                    \"exclude\": [\n                      \"WX98F\",\n                      \"WLM2L\",\n                      \"BD2x7X\",\n                      \"HWU3789\"\n                    ],\n                    \"info\": \"e<cEB\"\n                  },\n                  {\n                    \"and\": [\n                      {\n                        \"or\": [\n                          \"GQ1Q\",\n                          \"GQ2x8\",\n                          \"MP32S\",\n                          {\n                            \"and\": [\n                              {\n                                \"and\": [\n                                  {\n                                    \"pattern\": \"UN72\",\n                                    \"exclude\": [\n                                      \"QIU219O\",\n                                      \"PW45B\"\n                                    ],\n                                    \"info\": \"KtI~j[\"\n                                  },\n                                  \"JXN7x\",\n                                  \"KEG0\"\n                                ]\n                              },\n                              \"DL26x9R\",\n                              {\n                                \"or\": [\n                                  \"YV946xN\",\n                                  {\n                                    \"and\": [\n                                      \"UN014x\",\n                                      \"PK73\",\n                                      \"ELx66\"\n                                    ]\n                                  }\n                                ]\n                              },\n                              \"WY423S\"\n                            ]\n                          },\n                          \"TO7513V\"\n                        ]\n                      },\n                      {\n                        \"or\": [\n                          \"LJx983\",\n                          \"WUZ5\",\n                          {\n                            \"pattern\": \"SE5839\",\n                            \"exclude\": [\n                              \"PB3964\",\n                              \"WDx4\"\n                            ],\n                            \"info\": \"RUt. LiV>\"\n                          }\n                        ]\n                      },\n                      \"SHE88\",\n                      {\n                        \"and\": []\n                      },\n                      {\n                        \"or\": [\n                          \"NGF1\"\n                        ]\n                      }\n                    ]\n                  }\n                ]\n              },\n              {\n                \"or\": [\n                  {\n                    \"pattern\": \"RWH069F\",\n                    \"exclude\": \"BNO4397L\",\n                    \"info\": \"\"\n                  },\n                  {\n                    \"or\": [\n                      {\n                        \"and\": [\n                          \"DW3\"\n                        ]\n                      }\n                    ]\n                  },\n                  \"IM8415H\"\n                ]\n              },\n              {\n                \"or\": [\n                  {\n                    \"and\": []\n                  },\n                  \"ON*165\",\n                  {\n                    \"or\": [\n                      \"UXB41S\"\n                    ]\n                  },\n                  \"AJ7P\",\n                  {\n                    \"or\": [\n                      \"XNH39V\",\n                      \"COV77x5V\",\n                      \"BOS1*3\"\n                    ]\n                  }\n                ]\n              },\n              {\n                \"and\": []\n              }\n            ]\n          },\n          \"satisfy\": {\n            \"and\": [\n              {\n                \"mc\": \"<=174\"\n              },\n              {\n                \"or\": [\n                  {\n                    \"and\": [\n                      \"[r4:\",\n                      \"'4I5*&&M\",\n                      {\n                        \"mc\": \">=126\"\n                      },\n                      \"?>!)\"\n                    ]\n                  },\n                  {\n                    \"or\": [\n                      {\n                        \"mc\": \">=15\"\n                      },\n                      \"z5UlNfi\",\n                      {\n                        \"mc\": \">=111\"\n                      },\n                      \"\\\\AEEK\"\n                    ]\n                  },\n                  {\n                    \"mc\": \"<=118\"\n                  }\n                ]\n              },\n              {\n                \"mc\": \">=41\"\n              }\n            ]\n          },\n          \"url\": \"http://be-e9fafbooghga7d-eac4ffq8sdp67-fio5qmtfc7.f.4047h7upp02xmihi7-8cv9v05p85mdcn.9.mf/jA%F1%A5%87%B4a@aA/i%F2%9D%AB%B2t'X7%F1%94%AB%A2&ey/I+WaZdipV$\",\n          \"info\": \"\"\n        }\n      }\n    }\n  },\n  {\n    \"title\": \"block sample 9\",\n    \"value\": {\n      \"name\": \"U<1?B]\",\n      \"ay\": 1982,\n      \"assign\": [\n        \"\\\"SrXyYlF\",\n        \"\",\n        \"8Y99L^\",\n        \"^bI[{~\"\n      ],\n      \"match\": [\n        {\n          \"pattern\": \"MB3932N\",\n          \"exclude\": \"GG65\"\n        },\n        \"CMA1471I\",\n        {\n          \"and\": [\n            {\n              \"pattern\": \"NM23R\",\n              \"exclude\": \"LB*2Q\",\n              \"info\": \"1E:g(gB,\"\n            }\n          ]\n        },\n        {\n          \"and\": [\n            {\n              \"pattern\": \"TG1\",\n              \"exclude\": \"BJW97O\",\n              \"info\": \"t/69\"\n            }\n          ]\n        },\n        \"FWRx87L\"\n      ],\n      \"satisfy\": [\n        \"_Xd\",\n        {\n          \"and\": [\n            {\n              \"mc\": \">=52\"\n            },\n            {\n              \"or\": [\n                {\n                  \"mc\": \">=128\"\n                },\n                \"x_'\",\n                {\n                  \"mc\": \">=100\"\n                },\n                {\n                  \"mc\": \">=198\"\n                },\n                {\n                  \"and\": [\n                    {\n                      \"or\": [\n                        {\n                          \"or\": [\n                            \"q\",\n                            \"(,K{5HWT!\",\n                            \")Pz\"\n                          ]\n                        },\n                        \"={/yTBFa\",\n                        \"\",\n                        {\n                          \"or\": [\n                            \"o{)@L1\",\n                            \"\",\n                            \"F7\\\\\"\n                          ]\n                        },\n                        \"Cb=BJt*0CF\"\n                      ]\n                    },\n                    \"!Kq0\",\n                    \"e\",\n                    \"G/SI<uZ2\"\n                  ]\n                }\n              ]\n            },\n            {\n              \"and\": [\n                {\n                  \"and\": [\n                    \"i.4{]0tL\",\n                    {\n                      \"mc\": \">=168\"\n                    },\n                    \"`g6(x]\"\n                  ]\n                },\n                {\n                  \"or\": [\n                    \"JkS$\",\n                    {\n                      \"mc\": \">=127\"\n                    },\n                    \"G<^m,3T\",\n                    \"0;=}_$\"\n                  ]\n                }\n              ]\n            },\n            {\n              \"mc\": \"<=104\"\n            },\n            \"S=\"\n          ]\n        },\n        {\n          \"or\": [\n            {\n              \"and\": []\n            },\n            \"MKA\",\n            {\n              \"or\": [\n                \"l/]\\\"x=i\",\n                \"U?YdfoI\",\n                {\n                  \"and\": [\n                    {\n                      \"and\": []\n                    },\n                    {\n                      \"or\": [\n                        {\n                          \"and\": [\n                            \"?r&5 ba)FG\",\n                            \"hIl:#2\",\n                            \"$TYbd\"\n                          ]\n                        },\n                        \".8jM$c[E0\",\n                        \"}KcebK\",\n                        \"a_+lP1~\"\n                      ]\n                    },\n                    {\n                      \"mc\": \"<=63\"\n                    },\n                    \"Rq/\"\n                  ]\n                },\n                {\n                  \"and\": [\n                    {\n                      \"and\": []\n                    },\n                    {\n                      \"mc\": \"<=164\"\n                    },\n                    \"ELU?8?. s\"\n                  ]\n                },\n                {\n                  \"mc\": \"<=173\"\n                }\n              ]\n            },\n            {\n              \"mc\": \"<=115\"\n            },\n            {\n              \"and\": [\n                \"!9pc*#\",\n                \"KEq*X~>xCd\"\n              ]\n            }\n          ]\n        },\n        \"\\\\0\\\"$89p\",\n        {\n          \"and\": [\n            {\n              \"mc\": \">=152\"\n            },\n            \"Y\",\n            \"CI*6,^M\"\n          ]\n        }\n      ],\n      \"url\": \"https://zee6cs7t5n4pyydm5.csouxio/:Im//w/%F3%B0%97%B7PEDan@w/AX%F3%90%B8%92U/8/%F1%A4%A2%864t0%F4%8E%9A%8D7R0Os//w\",\n      \"info\": \"863%E\"\n    }\n  }\n]",
              "code": "fast_check_1.sample(index_test_2.block, 10).forEach((sample, i) => addContext_1.default(this, {\n    title: `block sample ${i}`,\n    value: sample,\n}));\nreturn fast_check_1.assert(fast_check_1.property(index_test_2.block, ajvValidate));",
              "err": {},
              "uuid": "d647ef94-6710-4342-acf7-4bec8cbd6f30",
              "parentUUID": "a3384039-7309-45b7-bbcd-ec22a402489d",
              "isHook": false,
              "skipped": false
            },
            {
              "title": "should not validate non-object",
              "fullTitle": "blockSchema should not validate non-object",
              "timedOut": false,
              "duration": 1,
              "state": "passed",
              "speed": "fast",
              "pass": true,
              "fail": false,
              "pending": false,
              "context": null,
              "code": "const error = {\n    instancePath: \"\",\n    message: \"block should be an object\",\n};\nisInvalidBlock(null, error);\nisInvalidBlock(undefined, error);\nisInvalidBlock(10, error);\nisInvalidBlock([12, 24], error);\nisInvalidBlock(\"abc\", error);",
              "err": {},
              "uuid": "3d7de634-2704-4f70-8bd1-26ff7c8851ec",
              "parentUUID": "a3384039-7309-45b7-bbcd-ec22a402489d",
              "isHook": false,
              "skipped": false
            },
            {
              "title": "should not validate block with invalid properties",
              "fullTitle": "blockSchema should not validate block with invalid properties",
              "timedOut": false,
              "duration": 0,
              "state": "passed",
              "speed": "fast",
              "pass": true,
              "fail": false,
              "pending": false,
              "context": null,
              "code": "isInvalidBlock({\n        name: { foo: \"bar\" },\n        ay: -1000,\n        assign: {},\n        match: 1,\n        satisfy: 2,\n        url: { abc: \"def\" },\n        info: 42,\n    }, { instancePath: \"/name\", message: \"property 'name' should be a string\" }, {\n        instancePath: \"/ay\",\n        message: \"property 'ay' should be a positive integer\",\n    }, {\n        instancePath: \"/assign\",\n        message: \"property 'assign' should be either a block ID or an array of block IDs\",\n    }, {\n        instancePath: \"/match\",\n        message: \"property 'match' should be either a match rule or an array of match rules\",\n    }, {\n        instancePath: \"/satisfy\",\n        message: \"property 'satisfy' should be either a satisfy rule or an array of satisfy rules\",\n    }, { instancePath: \"/url\", message: \"property 'url' should be a string\" }, { instancePath: \"/info\", message: \"property 'info' should be a string\" })",
              "err": {},
              "uuid": "dfe28fa4-10ce-435e-a8d0-3b43367f9855",
              "parentUUID": "a3384039-7309-45b7-bbcd-ec22a402489d",
              "isHook": false,
              "skipped": false
            }
          ],
          "suites": [],
          "passes": [
            "d647ef94-6710-4342-acf7-4bec8cbd6f30",
            "3d7de634-2704-4f70-8bd1-26ff7c8851ec",
            "dfe28fa4-10ce-435e-a8d0-3b43367f9855"
          ],
          "failures": [],
          "pending": [],
          "skipped": [],
          "duration": 165,
          "root": false,
          "rootEmpty": false,
          "_timeout": 2000
        },
        {
          "uuid": "bd20f9ba-70a1-494d-b6b1-274e7073de18",
          "title": "patternSchema",
          "fullFile": "/home/runner/work/planwithus-lib/planwithus-lib/src/matchRule/pattern/schemas.test.ts",
          "file": "/src/matchRule/pattern/schemas.test.ts",
          "beforeHooks": [],
          "afterHooks": [],
          "tests": [
            {
              "title": "should validate non-empty pattern composed of A-Z, 0-9, x or *",
              "fullTitle": "patternSchema should validate non-empty pattern composed of A-Z, 0-9, x or *",
              "timedOut": false,
              "duration": 1,
              "state": "passed",
              "speed": "fast",
              "pass": true,
              "fail": false,
              "pending": false,
              "context": "[\n  {\n    \"title\": \"pattern sample 0\",\n    \"value\": \"GAA*\"\n  },\n  {\n    \"title\": \"pattern sample 1\",\n    \"value\": \"SUZ2Z\"\n  },\n  {\n    \"title\": \"pattern sample 2\",\n    \"value\": \"ONC*3\"\n  },\n  {\n    \"title\": \"pattern sample 3\",\n    \"value\": \"GG*04\"\n  },\n  {\n    \"title\": \"pattern sample 4\",\n    \"value\": \"LZ47\"\n  },\n  {\n    \"title\": \"pattern sample 5\",\n    \"value\": \"VX08\"\n  },\n  {\n    \"title\": \"pattern sample 6\",\n    \"value\": \"WEBx3\"\n  },\n  {\n    \"title\": \"pattern sample 7\",\n    \"value\": \"RCH7614\"\n  },\n  {\n    \"title\": \"pattern sample 8\",\n    \"value\": \"WHU0329V\"\n  },\n  {\n    \"title\": \"pattern sample 9\",\n    \"value\": \"DOD50x1K\"\n  }\n]",
              "code": "fast_check_1.sample(index_test_2.pattern, 10).forEach((sample, i) => addContext_1.default(this, {\n    title: `pattern sample ${i}`,\n    value: sample,\n}));\nreturn fast_check_1.assert(fast_check_1.property(index_test_2.pattern, ajvValidate), {\n    examples: [[\"*\"], [\"ACC1002\"], [\"IS1103\"], [\"CS1231S\"], [\"MA1102R\"]],\n});",
              "err": {},
              "uuid": "82c63827-7b40-4807-baa4-58d14497dfee",
              "parentUUID": "bd20f9ba-70a1-494d-b6b1-274e7073de18",
              "isHook": false,
              "skipped": false
            },
            {
              "title": "should not validate empty pattern",
              "fullTitle": "patternSchema should not validate empty pattern",
              "timedOut": false,
              "duration": 0,
              "state": "passed",
              "speed": "fast",
              "pass": true,
              "fail": false,
              "pending": false,
              "context": null,
              "code": "isInvalidPattern(\"\")",
              "err": {},
              "uuid": "26a786ac-5b8d-47f3-a1e5-d8a217cf32cb",
              "parentUUID": "bd20f9ba-70a1-494d-b6b1-274e7073de18",
              "isHook": false,
              "skipped": false
            },
            {
              "title": "should not validate pattern with invalid characters",
              "fullTitle": "patternSchema should not validate pattern with invalid characters",
              "timedOut": false,
              "duration": 1,
              "state": "passed",
              "speed": "fast",
              "pass": true,
              "fail": false,
              "pending": false,
              "context": null,
              "code": "[\"AB123a\", \"Ac123a\", \"AB123^S\", \"AB1*3^S\", \"$A1*3^S\", \"/A1x33S\"].forEach(isInvalidPattern)",
              "err": {},
              "uuid": "3cf344d6-63b6-4603-8322-6f6c7c78c2b8",
              "parentUUID": "bd20f9ba-70a1-494d-b6b1-274e7073de18",
              "isHook": false,
              "skipped": false
            }
          ],
          "suites": [],
          "passes": [
            "82c63827-7b40-4807-baa4-58d14497dfee",
            "26a786ac-5b8d-47f3-a1e5-d8a217cf32cb",
            "3cf344d6-63b6-4603-8322-6f6c7c78c2b8"
          ],
          "failures": [],
          "pending": [],
          "skipped": [],
          "duration": 2,
          "root": false,
          "rootEmpty": false,
          "_timeout": 2000
        },
        {
          "uuid": "989cfc54-af92-46fb-a340-d8371cacf90f",
          "title": "matchRuleSchema",
          "fullFile": "/home/runner/work/planwithus-lib/planwithus-lib/src/matchRule/schemas.test.ts",
          "file": "/src/matchRule/schemas.test.ts",
          "beforeHooks": [],
          "afterHooks": [],
          "tests": [
            {
              "title": "should validate match rule with valid pattern",
              "fullTitle": "matchRuleSchema should validate match rule with valid pattern",
              "timedOut": false,
              "duration": 1,
              "state": "passed",
              "speed": "fast",
              "pass": true,
              "fail": false,
              "pending": false,
              "context": "[\n  {\n    \"title\": \"pattern sample 0\",\n    \"value\": \"WQH7P\"\n  },\n  {\n    \"title\": \"pattern sample 1\",\n    \"value\": \"QK2987G\"\n  },\n  {\n    \"title\": \"pattern sample 2\",\n    \"value\": \"GI889\"\n  },\n  {\n    \"title\": \"pattern sample 3\",\n    \"value\": \"OO0\"\n  },\n  {\n    \"title\": \"pattern sample 4\",\n    \"value\": \"HUR95E\"\n  },\n  {\n    \"title\": \"pattern sample 5\",\n    \"value\": \"AYK*\"\n  },\n  {\n    \"title\": \"pattern sample 6\",\n    \"value\": \"JN91\"\n  },\n  {\n    \"title\": \"pattern sample 7\",\n    \"value\": \"EA285\"\n  },\n  {\n    \"title\": \"pattern sample 8\",\n    \"value\": \"MI7P\"\n  },\n  {\n    \"title\": \"pattern sample 9\",\n    \"value\": \"DD89\"\n  }\n]",
              "code": "fast_check_1.sample(index_test_3.pattern, 10).forEach((sample, i) => addContext_1.default(this, {\n    title: `pattern sample ${i}`,\n    value: sample,\n}));\nreturn fast_check_1.assert(fast_check_1.property(index_test_3.pattern, ajvValidate));",
              "err": {},
              "uuid": "b0838265-9a61-416b-83e5-89c5d58cba83",
              "parentUUID": "989cfc54-af92-46fb-a340-d8371cacf90f",
              "isHook": false,
              "skipped": false
            },
            {
              "title": "should validate match rules with valid pattern, exclude and info",
              "fullTitle": "matchRuleSchema should validate match rules with valid pattern, exclude and info",
              "timedOut": false,
              "duration": 2,
              "state": "passed",
              "speed": "fast",
              "pass": true,
              "fail": false,
              "pending": false,
              "context": "[\n  {\n    \"title\": \"patternMatchRule sample 0\",\n    \"value\": {\n      \"pattern\": \"QE2\",\n      \"info\": \"zX!\"\n    }\n  },\n  {\n    \"title\": \"patternMatchRule sample 1\",\n    \"value\": {\n      \"pattern\": \"XC05\",\n      \"exclude\": \"RY24\",\n      \"info\": \"`\\\"J\"\n    }\n  },\n  {\n    \"title\": \"patternMatchRule sample 2\",\n    \"value\": {\n      \"pattern\": \"JHx176\",\n      \"info\": \"CF78%GwrU3\"\n    }\n  },\n  {\n    \"title\": \"patternMatchRule sample 3\",\n    \"value\": {\n      \"pattern\": \"IK560H\",\n      \"exclude\": \"TQ80x0\",\n      \"info\": \"r,`Ik8\"\n    }\n  },\n  {\n    \"title\": \"patternMatchRule sample 4\",\n    \"value\": {\n      \"pattern\": \"WR2\",\n      \"exclude\": [\n        \"RYY6\",\n        \"CQ39x4\",\n        \"ZM82\",\n        \"CVH44\",\n        \"YHW3F\"\n      ],\n      \"info\": \"txD\"\n    }\n  },\n  {\n    \"title\": \"patternMatchRule sample 5\",\n    \"value\": {\n      \"pattern\": \"GF3*9\",\n      \"exclude\": \"NY**T\",\n      \"info\": \"{|]\"\n    }\n  },\n  {\n    \"title\": \"patternMatchRule sample 6\",\n    \"value\": {\n      \"pattern\": \"GHS578S\"\n    }\n  },\n  {\n    \"title\": \"patternMatchRule sample 7\",\n    \"value\": {\n      \"pattern\": \"CO42\",\n      \"exclude\": [],\n      \"info\": \"]_AW@*\"\n    }\n  },\n  {\n    \"title\": \"patternMatchRule sample 8\",\n    \"value\": {\n      \"pattern\": \"EIK*59\",\n      \"exclude\": \"UWM6043\"\n    }\n  },\n  {\n    \"title\": \"patternMatchRule sample 9\",\n    \"value\": {\n      \"pattern\": \"UUI9\",\n      \"exclude\": [],\n      \"info\": \"[BTs{'DgR\"\n    }\n  }\n]",
              "code": "fast_check_1.sample(index_test_2.patternMatchRule, 10).forEach((sample, i) => addContext_1.default(this, {\n    title: `patternMatchRule sample ${i}`,\n    value: sample,\n}));\nreturn fast_check_1.assert(fast_check_1.property(index_test_2.patternMatchRule, ajvValidate));",
              "err": {},
              "uuid": "3d3247bc-0e7f-4513-999c-66d3dcc88ac8",
              "parentUUID": "989cfc54-af92-46fb-a340-d8371cacf90f",
              "isHook": false,
              "skipped": false
            },
            {
              "title": "should validate valid recursive match rules",
              "fullTitle": "matchRuleSchema should validate valid recursive match rules",
              "timedOut": false,
              "duration": 7,
              "state": "passed",
              "speed": "fast",
              "pass": true,
              "fail": false,
              "pending": false,
              "context": "[\n  {\n    \"title\": \"matchRule sample 0\",\n    \"value\": {\n      \"or\": [\n        \"VKN1x79\",\n        {\n          \"and\": []\n        },\n        {\n          \"pattern\": \"ZNX7xx3\",\n          \"exclude\": \"VIF215K\",\n          \"info\": \"X^N!\"\n        },\n        \"FIU1X\",\n        \"TOK57x\"\n      ]\n    }\n  },\n  {\n    \"title\": \"matchRule sample 1\",\n    \"value\": {\n      \"or\": [\n        {\n          \"and\": [\n            \"QJV37x\",\n            {\n              \"and\": [\n                \"OC454\",\n                {\n                  \"pattern\": \"JDO0x9x\",\n                  \"exclude\": \"TD01\",\n                  \"info\": \"J$t?\"\n                },\n                \"EWH38\",\n                \"SE99\"\n              ]\n            }\n          ]\n        },\n        \"YL0737\"\n      ]\n    }\n  },\n  {\n    \"title\": \"matchRule sample 2\",\n    \"value\": {\n      \"or\": [\n        \"WJ509\",\n        {\n          \"and\": [\n            {\n              \"pattern\": \"EA2B\",\n              \"info\": \"&=7WR\"\n            },\n            {\n              \"pattern\": \"HP7\",\n              \"exclude\": \"QS0\"\n            }\n          ]\n        },\n        \"TC9*50\"\n      ]\n    }\n  },\n  {\n    \"title\": \"matchRule sample 3\",\n    \"value\": {\n      \"or\": [\n        {\n          \"pattern\": \"AM58\",\n          \"exclude\": \"IGI75\"\n        }\n      ]\n    }\n  },\n  {\n    \"title\": \"matchRule sample 4\",\n    \"value\": {\n      \"and\": []\n    }\n  },\n  {\n    \"title\": \"matchRule sample 5\",\n    \"value\": \"DZ604xT\"\n  },\n  {\n    \"title\": \"matchRule sample 6\",\n    \"value\": {\n      \"pattern\": \"XAS3*\",\n      \"exclude\": \"KM7xx3\",\n      \"info\": \"p~>\"\n    }\n  },\n  {\n    \"title\": \"matchRule sample 7\",\n    \"value\": \"EB3922\"\n  },\n  {\n    \"title\": \"matchRule sample 8\",\n    \"value\": {\n      \"or\": [\n        {\n          \"or\": []\n        },\n        {\n          \"or\": []\n        },\n        \"OZP015T\"\n      ]\n    }\n  },\n  {\n    \"title\": \"matchRule sample 9\",\n    \"value\": {\n      \"or\": []\n    }\n  }\n]",
              "code": "fast_check_1.sample(index_test_2.matchRule, 10).forEach((sample, i) => addContext_1.default(this, {\n    title: `matchRule sample ${i}`,\n    value: sample,\n}));\nreturn fast_check_1.assert(fast_check_1.property(index_test_2.matchRule, ajvValidate));",
              "err": {},
              "uuid": "372ee5e3-5d7c-475d-839a-edc1a0ae8a93",
              "parentUUID": "989cfc54-af92-46fb-a340-d8371cacf90f",
              "isHook": false,
              "skipped": false
            },
            {
              "title": "should not validate non-string/object",
              "fullTitle": "matchRuleSchema should not validate non-string/object",
              "timedOut": false,
              "duration": 1,
              "state": "passed",
              "speed": "fast",
              "pass": true,
              "fail": false,
              "pending": false,
              "context": null,
              "code": "const error = {\n    instancePath: \"\",\n    message: \"match rule should be either a string or an object\",\n};\nisInvalidRule(null, error);\nisInvalidRule(undefined, error);\nisInvalidRule(10, error);\nisInvalidRule([12, 24], error);",
              "err": {},
              "uuid": "ae7431f6-74d1-47f3-95fb-768b5d2910b3",
              "parentUUID": "989cfc54-af92-46fb-a340-d8371cacf90f",
              "isHook": false,
              "skipped": false
            },
            {
              "title": "should not validate match rules with extra properties",
              "fullTitle": "matchRuleSchema should not validate match rules with extra properties",
              "timedOut": false,
              "duration": 0,
              "state": "passed",
              "speed": "fast",
              "pass": true,
              "fail": false,
              "pending": false,
              "context": null,
              "code": "isInvalidRule({\n        and: [{ or: [{ pattern: \"CS2103T\", info2: \"foobar\" }], abc: \"def\" }],\n        mno: \"pqr\",\n    }, {\n        instancePath: \"/and/0/or/0\",\n        message: \"pattern match rule should have properties 'pattern', 'exclude' (optional) and 'info' (optional) only\",\n    }, {\n        instancePath: \"/and/0\",\n        message: \"or match rule should have property 'or' only\",\n    }, {\n        instancePath: \"\",\n        message: \"and match rule should have property 'and' only\",\n    })",
              "err": {},
              "uuid": "39d5780a-32fe-4790-8215-99e032efaceb",
              "parentUUID": "989cfc54-af92-46fb-a340-d8371cacf90f",
              "isHook": false,
              "skipped": false
            },
            {
              "title": "should not validate ambiguous match rules",
              "fullTitle": "matchRuleSchema should not validate ambiguous match rules",
              "timedOut": false,
              "duration": 0,
              "state": "passed",
              "speed": "fast",
              "pass": true,
              "fail": false,
              "pending": false,
              "context": null,
              "code": "const message = \"match rule should have only one of properties 'pattern', 'and', 'or'\";\nisInvalidRule({\n    or: [\n        { pattern: \"CS1231\", and: [] },\n        { pattern: \"CS1231\", or: [] },\n        { and: [{ and: [\"abc\"], or: [\"def\"] }] },\n    ],\n}, { instancePath: \"/or/0\", message }, { instancePath: \"/or/1\", message }, { instancePath: \"/or/2/and/0\", message });",
              "err": {},
              "uuid": "a43ece87-3640-4d0f-9c2b-c97a3c5e17c2",
              "parentUUID": "989cfc54-af92-46fb-a340-d8371cacf90f",
              "isHook": false,
              "skipped": false
            },
            {
              "title": "should not validate pattern match rule with invalid patterns",
              "fullTitle": "matchRuleSchema should not validate pattern match rule with invalid patterns",
              "timedOut": false,
              "duration": 0,
              "state": "passed",
              "speed": "fast",
              "pass": true,
              "fail": false,
              "pending": false,
              "context": null,
              "code": "const message = \"pattern should be a non-empty string composed of A-Z, 0-9, x or *\";\nisInvalidRule({\n    and: [\n        \"CS210c\",\n        { pattern: \"CS2100\", exclude: \"CS1231s\" },\n        { pattern: \"CS210#T\", exclude: [\"CS1231\", \"CS21%\"] },\n    ],\n}, { instancePath: \"/and/0\", message }, { instancePath: \"/and/1/exclude\", message }, { instancePath: \"/and/2/pattern\", message }, { instancePath: \"/and/2/exclude/1\", message });",
              "err": {},
              "uuid": "aea2cdaf-d614-4a04-a8d5-3726db3c6db2",
              "parentUUID": "989cfc54-af92-46fb-a340-d8371cacf90f",
              "isHook": false,
              "skipped": false
            },
            {
              "title": "should not validate pattern match rule with non-string/array exclude",
              "fullTitle": "matchRuleSchema should not validate pattern match rule with non-string/array exclude",
              "timedOut": false,
              "duration": 0,
              "state": "passed",
              "speed": "fast",
              "pass": true,
              "fail": false,
              "pending": false,
              "context": null,
              "code": "const message = \"property 'exclude' should be either a pattern or an array of patterns\";\nisInvalidRule({\n    or: [\n        { pattern: \"CS2101\", exclude: {} },\n        { pattern: \"CS2101\", exclude: 5 },\n    ],\n}, { instancePath: \"/or/0/exclude\", message }, { instancePath: \"/or/1/exclude\", message });",
              "err": {},
              "uuid": "e2a48f64-c8c6-42ef-a1b4-c0897709d2fd",
              "parentUUID": "989cfc54-af92-46fb-a340-d8371cacf90f",
              "isHook": false,
              "skipped": false
            },
            {
              "title": "should not validate pattern match rule with non-string info",
              "fullTitle": "matchRuleSchema should not validate pattern match rule with non-string info",
              "timedOut": false,
              "duration": 1,
              "state": "passed",
              "speed": "fast",
              "pass": true,
              "fail": false,
              "pending": false,
              "context": null,
              "code": "const message = \"property 'info' should be a string\";\nisInvalidRule({ pattern: \"CS2101\", info: 42 }, { instancePath: \"/info\", message });",
              "err": {},
              "uuid": "ff86c579-47d4-4409-8936-079cf7e74076",
              "parentUUID": "989cfc54-af92-46fb-a340-d8371cacf90f",
              "isHook": false,
              "skipped": false
            },
            {
              "title": "should not validate and match rules with non-array property",
              "fullTitle": "matchRuleSchema should not validate and match rules with non-array property",
              "timedOut": false,
              "duration": 1,
              "state": "passed",
              "speed": "fast",
              "pass": true,
              "fail": false,
              "pending": false,
              "context": null,
              "code": "const message = \"property 'and' should be an array of match rules\";\nisInvalidRule({ or: [{ and: {} }, { or: [{ and: 3 }] }] }, { instancePath: \"/or/0/and\", message }, { instancePath: \"/or/1/or/0/and\", message });",
              "err": {},
              "uuid": "cc9f3c14-4e09-4cc8-97db-98f83c967b71",
              "parentUUID": "989cfc54-af92-46fb-a340-d8371cacf90f",
              "isHook": false,
              "skipped": false
            },
            {
              "title": "should not validate or match rules with non-array property",
              "fullTitle": "matchRuleSchema should not validate or match rules with non-array property",
              "timedOut": false,
              "duration": 0,
              "state": "passed",
              "speed": "fast",
              "pass": true,
              "fail": false,
              "pending": false,
              "context": null,
              "code": "const message = \"property 'or' should be an array of match rules\";\nisInvalidRule({ or: [{ or: {} }, { and: [{ or: 3 }] }] }, { instancePath: \"/or/0/or\", message }, { instancePath: \"/or/1/and/0/or\", message });",
              "err": {},
              "uuid": "1e4724c8-6ccf-473c-9a02-712e137b6d10",
              "parentUUID": "989cfc54-af92-46fb-a340-d8371cacf90f",
              "isHook": false,
              "skipped": false
            }
          ],
          "suites": [],
          "passes": [
            "b0838265-9a61-416b-83e5-89c5d58cba83",
            "3d3247bc-0e7f-4513-999c-66d3dcc88ac8",
            "372ee5e3-5d7c-475d-839a-edc1a0ae8a93",
            "ae7431f6-74d1-47f3-95fb-768b5d2910b3",
            "39d5780a-32fe-4790-8215-99e032efaceb",
            "a43ece87-3640-4d0f-9c2b-c97a3c5e17c2",
            "aea2cdaf-d614-4a04-a8d5-3726db3c6db2",
            "e2a48f64-c8c6-42ef-a1b4-c0897709d2fd",
            "ff86c579-47d4-4409-8936-079cf7e74076",
            "cc9f3c14-4e09-4cc8-97db-98f83c967b71",
            "1e4724c8-6ccf-473c-9a02-712e137b6d10"
          ],
          "failures": [],
          "pending": [],
          "skipped": [],
          "duration": 13,
          "root": false,
          "rootEmpty": false,
          "_timeout": 2000
        },
        {
          "uuid": "cbdfcc21-8e47-403c-afe4-7c87cf563d28",
          "title": "inequalitySchema",
          "fullFile": "/home/runner/work/planwithus-lib/planwithus-lib/src/satisfyRule/inequality/schemas.test.ts",
          "file": "/src/satisfyRule/inequality/schemas.test.ts",
          "beforeHooks": [],
          "afterHooks": [],
          "tests": [
            {
              "title": "should validate inequality in the form <=n or >=n",
              "fullTitle": "inequalitySchema should validate inequality in the form <=n or >=n",
              "timedOut": false,
              "duration": 1,
              "state": "passed",
              "speed": "fast",
              "pass": true,
              "fail": false,
              "pending": false,
              "context": "[\n  {\n    \"title\": \"inequality sample 0\",\n    \"value\": \">=198\"\n  },\n  {\n    \"title\": \"inequality sample 1\",\n    \"value\": \"<=107\"\n  },\n  {\n    \"title\": \"inequality sample 2\",\n    \"value\": \"<=8\"\n  },\n  {\n    \"title\": \"inequality sample 3\",\n    \"value\": \">=5\"\n  },\n  {\n    \"title\": \"inequality sample 4\",\n    \"value\": \">=87\"\n  },\n  {\n    \"title\": \"inequality sample 5\",\n    \"value\": \">=29\"\n  },\n  {\n    \"title\": \"inequality sample 6\",\n    \"value\": \">=66\"\n  },\n  {\n    \"title\": \"inequality sample 7\",\n    \"value\": \"<=7\"\n  },\n  {\n    \"title\": \"inequality sample 8\",\n    \"value\": \"<=183\"\n  },\n  {\n    \"title\": \"inequality sample 9\",\n    \"value\": \">=6\"\n  }\n]",
              "code": "fast_check_1.sample(index_test_2.inequality, 10).forEach((sample, i) => addContext_1.default(this, {\n    title: `inequality sample ${i}`,\n    value: sample,\n}));\nreturn fast_check_1.assert(fast_check_1.property(index_test_2.inequality, ajvValidate));",
              "err": {},
              "uuid": "c0d199a5-7b60-4dae-8065-cc703b7a9766",
              "parentUUID": "cbdfcc21-8e47-403c-afe4-7c87cf563d28",
              "isHook": false,
              "skipped": false
            },
            {
              "title": "should not validate inequality of invalid form",
              "fullTitle": "inequalitySchema should not validate inequality of invalid form",
              "timedOut": false,
              "duration": 2,
              "state": "passed",
              "speed": "fast",
              "pass": true,
              "fail": false,
              "pending": false,
              "context": null,
              "code": "[\n        \"\",\n        \"==23\",\n        \"23\",\n        \"<23\",\n        \">23\",\n        \"<=-1\",\n        \">=-1\",\n        \"<= 2\",\n        \">= 1\",\n        \"> 3\",\n        \"< 3\",\n        \"<=3a\",\n        \">=3a\",\n        \"a<=3\",\n        \"a>=3\",\n    ].forEach(isInvalidInequality)",
              "err": {},
              "uuid": "b827a831-1339-4bcc-954c-50bf9840262d",
              "parentUUID": "cbdfcc21-8e47-403c-afe4-7c87cf563d28",
              "isHook": false,
              "skipped": false
            }
          ],
          "suites": [],
          "passes": [
            "c0d199a5-7b60-4dae-8065-cc703b7a9766",
            "b827a831-1339-4bcc-954c-50bf9840262d"
          ],
          "failures": [],
          "pending": [],
          "skipped": [],
          "duration": 3,
          "root": false,
          "rootEmpty": false,
          "_timeout": 2000
        },
        {
          "uuid": "4c6d8198-3cd4-42b8-bfcb-dd10865b70d5",
          "title": "satisfyRuleSchema",
          "fullFile": "/home/runner/work/planwithus-lib/planwithus-lib/src/satisfyRule/schemas.test.ts",
          "file": "/src/satisfyRule/schemas.test.ts",
          "beforeHooks": [],
          "afterHooks": [],
          "tests": [
            {
              "title": "should validate satisfy rule with valid block id",
              "fullTitle": "satisfyRuleSchema should validate satisfy rule with valid block id",
              "timedOut": false,
              "duration": 1,
              "state": "passed",
              "speed": "fast",
              "pass": true,
              "fail": false,
              "pending": false,
              "context": null,
              "code": "fast_check_1.assert(fast_check_1.property(fast_check_1.string(), ajvValidate)",
              "err": {},
              "uuid": "5df7710d-c77f-456b-a098-505683de8d1c",
              "parentUUID": "4c6d8198-3cd4-42b8-bfcb-dd10865b70d5",
              "isHook": false,
              "skipped": false
            },
            {
              "title": "should validate satisfy rules with valid mc",
              "fullTitle": "satisfyRuleSchema should validate satisfy rules with valid mc",
              "timedOut": false,
              "duration": 1,
              "state": "passed",
              "speed": "fast",
              "pass": true,
              "fail": false,
              "pending": false,
              "context": "[\n  {\n    \"title\": \"mcSatisfyRule sample 0\",\n    \"value\": {\n      \"mc\": \"<=20\"\n    }\n  },\n  {\n    \"title\": \"mcSatisfyRule sample 1\",\n    \"value\": {\n      \"mc\": \">=35\"\n    }\n  },\n  {\n    \"title\": \"mcSatisfyRule sample 2\",\n    \"value\": {\n      \"mc\": \"<=4\"\n    }\n  },\n  {\n    \"title\": \"mcSatisfyRule sample 3\",\n    \"value\": {\n      \"mc\": \"<=7\"\n    }\n  },\n  {\n    \"title\": \"mcSatisfyRule sample 4\",\n    \"value\": {\n      \"mc\": \">=7\"\n    }\n  },\n  {\n    \"title\": \"mcSatisfyRule sample 5\",\n    \"value\": {\n      \"mc\": \">=8\"\n    }\n  },\n  {\n    \"title\": \"mcSatisfyRule sample 6\",\n    \"value\": {\n      \"mc\": \">=1\"\n    }\n  },\n  {\n    \"title\": \"mcSatisfyRule sample 7\",\n    \"value\": {\n      \"mc\": \"<=76\"\n    }\n  },\n  {\n    \"title\": \"mcSatisfyRule sample 8\",\n    \"value\": {\n      \"mc\": \"<=7\"\n    }\n  },\n  {\n    \"title\": \"mcSatisfyRule sample 9\",\n    \"value\": {\n      \"mc\": \">=194\"\n    }\n  }\n]",
              "code": "fast_check_1.sample(index_test_2.mcSatisfyRule, 10).forEach((sample, i) => addContext_1.default(this, {\n    title: `mcSatisfyRule sample ${i}`,\n    value: sample,\n}));\nreturn fast_check_1.assert(fast_check_1.property(index_test_2.mcSatisfyRule, ajvValidate));",
              "err": {},
              "uuid": "1f4ade5e-e093-490c-8f70-3a559d76aaf3",
              "parentUUID": "4c6d8198-3cd4-42b8-bfcb-dd10865b70d5",
              "isHook": false,
              "skipped": false
            },
            {
              "title": "should validate valid recursive satisfy rules",
              "fullTitle": "satisfyRuleSchema should validate valid recursive satisfy rules",
              "timedOut": false,
              "duration": 4,
              "state": "passed",
              "speed": "fast",
              "pass": true,
              "fail": false,
              "pending": false,
              "context": "[\n  {\n    \"title\": \"satisfyRule sample 0\",\n    \"value\": {\n      \"and\": [\n        {\n          \"and\": [\n            \"),LaVYiR8p\",\n            {\n              \"or\": [\n                \"8Q\",\n                {\n                  \"mc\": \">=152\"\n                }\n              ]\n            },\n            {\n              \"or\": []\n            },\n            \"RgW\"\n          ]\n        },\n        {\n          \"and\": []\n        }\n      ]\n    }\n  },\n  {\n    \"title\": \"satisfyRule sample 1\",\n    \"value\": {\n      \"and\": []\n    }\n  },\n  {\n    \"title\": \"satisfyRule sample 2\",\n    \"value\": {\n      \"and\": [\n        {\n          \"and\": [\n            {\n              \"or\": []\n            }\n          ]\n        }\n      ]\n    }\n  },\n  {\n    \"title\": \"satisfyRule sample 3\",\n    \"value\": {\n      \"and\": []\n    }\n  },\n  {\n    \"title\": \"satisfyRule sample 4\",\n    \"value\": {\n      \"and\": []\n    }\n  },\n  {\n    \"title\": \"satisfyRule sample 5\",\n    \"value\": \"/\"\n  },\n  {\n    \"title\": \"satisfyRule sample 6\",\n    \"value\": {\n      \"mc\": \">=137\"\n    }\n  },\n  {\n    \"title\": \"satisfyRule sample 7\",\n    \"value\": \"jG'8!]@!G\"\n  },\n  {\n    \"title\": \"satisfyRule sample 8\",\n    \"value\": {\n      \"and\": []\n    }\n  },\n  {\n    \"title\": \"satisfyRule sample 9\",\n    \"value\": {\n      \"mc\": \"<=3\"\n    }\n  }\n]",
              "code": "fast_check_1.sample(index_test_2.satisfyRule, 10).forEach((sample, i) => addContext_1.default(this, {\n    title: `satisfyRule sample ${i}`,\n    value: sample,\n}));\nreturn fast_check_1.assert(fast_check_1.property(index_test_2.satisfyRule, ajvValidate));",
              "err": {},
              "uuid": "cad83e63-a803-41d3-bc0d-22b020326556",
              "parentUUID": "4c6d8198-3cd4-42b8-bfcb-dd10865b70d5",
              "isHook": false,
              "skipped": false
            },
            {
              "title": "should not validate non-string/object",
              "fullTitle": "satisfyRuleSchema should not validate non-string/object",
              "timedOut": false,
              "duration": 1,
              "state": "passed",
              "speed": "fast",
              "pass": true,
              "fail": false,
              "pending": false,
              "context": null,
              "code": "const error = {\n    instancePath: \"\",\n    message: \"satisfy rule should be either a string or an object\",\n};\nisInvalidRule(null, error);\nisInvalidRule(undefined, error);\nisInvalidRule(10, error);\nisInvalidRule([12, 24], error);",
              "err": {},
              "uuid": "7ac3b5bd-2123-4ab8-8334-d3489419be15",
              "parentUUID": "4c6d8198-3cd4-42b8-bfcb-dd10865b70d5",
              "isHook": false,
              "skipped": false
            },
            {
              "title": "should not validate satisfy rules with extra properties",
              "fullTitle": "satisfyRuleSchema should not validate satisfy rules with extra properties",
              "timedOut": false,
              "duration": 0,
              "state": "passed",
              "speed": "fast",
              "pass": true,
              "fail": false,
              "pending": false,
              "context": null,
              "code": "isInvalidRule({\n        and: [\n            { or: [\"2k\"], abc: \"def\" },\n            { mc: 8, ghi: \"jkl\" },\n        ],\n        mno: \"pqr\",\n    }, {\n        instancePath: \"/and/0\",\n        message: \"or satisfy rule should have property 'or' only\",\n    }, {\n        instancePath: \"/and/1\",\n        message: \"MC satisfy rule should have property 'mc' only\",\n    }, {\n        instancePath: \"\",\n        message: \"and satisfy rule should have property 'and' only\",\n    })",
              "err": {},
              "uuid": "d4e0bda9-973f-4c3e-8af5-252c0862fb6d",
              "parentUUID": "4c6d8198-3cd4-42b8-bfcb-dd10865b70d5",
              "isHook": false,
              "skipped": false
            },
            {
              "title": "should not validate ambiguous satisfy rules",
              "fullTitle": "satisfyRuleSchema should not validate ambiguous satisfy rules",
              "timedOut": false,
              "duration": 1,
              "state": "passed",
              "speed": "fast",
              "pass": true,
              "fail": false,
              "pending": false,
              "context": null,
              "code": "const message = \"satisfy rule should have only one of properties 'mc', 'and', 'or'\";\nisInvalidRule({\n    or: [\n        { mc: 5, and: [\"CS2040\"] },\n        { and: [{ and: [\"abc\"], or: [\"def\"] }] },\n    ],\n}, { instancePath: \"/or/0\", message }, { instancePath: \"/or/1/and/0\", message });",
              "err": {},
              "uuid": "26602097-dc36-499e-a1b9-5a0255a6288a",
              "parentUUID": "4c6d8198-3cd4-42b8-bfcb-dd10865b70d5",
              "isHook": false,
              "skipped": false
            },
            {
              "title": "should not validate and satisfy rules with non-array property",
              "fullTitle": "satisfyRuleSchema should not validate and satisfy rules with non-array property",
              "timedOut": false,
              "duration": 0,
              "state": "passed",
              "speed": "fast",
              "pass": true,
              "fail": false,
              "pending": false,
              "context": null,
              "code": "const message = \"property 'and' should be an array of satisfy rules\";\nisInvalidRule({ or: [{ and: {} }, { or: [{ and: 3 }] }] }, { instancePath: \"/or/0/and\", message }, { instancePath: \"/or/1/or/0/and\", message });",
              "err": {},
              "uuid": "b59fd0c5-1ada-4d54-886c-f9e236fc29c6",
              "parentUUID": "4c6d8198-3cd4-42b8-bfcb-dd10865b70d5",
              "isHook": false,
              "skipped": false
            },
            {
              "title": "should not validate or satisfy rules with non-array property",
              "fullTitle": "satisfyRuleSchema should not validate or satisfy rules with non-array property",
              "timedOut": false,
              "duration": 0,
              "state": "passed",
              "speed": "fast",
              "pass": true,
              "fail": false,
              "pending": false,
              "context": null,
              "code": "const message = \"property 'or' should be an array of satisfy rules\";\nisInvalidRule({ and: [{ or: {} }, { and: [{ or: 3 }] }] }, { instancePath: \"/and/0/or\", message }, { instancePath: \"/and/1/and/0/or\", message });",
              "err": {},
              "uuid": "dce820ad-4d49-4298-b565-eac856ff44a6",
              "parentUUID": "4c6d8198-3cd4-42b8-bfcb-dd10865b70d5",
              "isHook": false,
              "skipped": false
            }
          ],
          "suites": [],
          "passes": [
            "5df7710d-c77f-456b-a098-505683de8d1c",
            "1f4ade5e-e093-490c-8f70-3a559d76aaf3",
            "cad83e63-a803-41d3-bc0d-22b020326556",
            "7ac3b5bd-2123-4ab8-8334-d3489419be15",
            "d4e0bda9-973f-4c3e-8af5-252c0862fb6d",
            "26602097-dc36-499e-a1b9-5a0255a6288a",
            "b59fd0c5-1ada-4d54-886c-f9e236fc29c6",
            "dce820ad-4d49-4298-b565-eac856ff44a6"
          ],
          "failures": [],
          "pending": [],
          "skipped": [],
          "duration": 8,
          "root": false,
          "rootEmpty": false,
          "_timeout": 2000
        }
      ],
      "passes": [],
      "failures": [],
      "pending": [],
      "skipped": [],
      "duration": 0,
      "root": true,
      "rootEmpty": true,
      "_timeout": 2000
    }
  ],
  "meta": {
    "mocha": {
      "version": "9.0.0"
    },
    "mochawesome": {
      "options": {
        "quiet": false,
        "reportFilename": "mochawesome",
        "saveHtml": true,
        "saveJson": true,
        "consoleReporter": "spec",
        "useInlineDiffs": false,
        "code": true
      },
      "version": "6.2.2"
    },
    "marge": {
      "options": {
        "reportDir": "docs"
      },
      "version": "5.2.0"
    }
  }
}