{
  "stats": {
    "suites": 10,
    "tests": 48,
    "passes": 48,
    "pending": 0,
    "failures": 0,
    "start": "2021-08-04T08:12:17.703Z",
    "end": "2021-08-04T08:12:18.036Z",
    "duration": 333,
    "testsRegistered": 48,
    "passPercent": 100,
    "pendingPercent": 0,
    "other": 0,
    "hasOther": false,
    "skipped": 0,
    "hasSkipped": false
  },
  "results": [
    {
      "uuid": "5c5b2485-460e-4976-bba1-0c51534d4773",
      "title": "",
      "fullFile": "",
      "file": "",
      "beforeHooks": [],
      "afterHooks": [],
      "tests": [],
      "suites": [
        {
          "uuid": "0dc3da64-506f-42b1-ae16-afbb2e199c38",
          "title": "initDirectories",
          "fullFile": "/home/runner/work/planwithus-lib/planwithus-lib/src/block/schemas.test.ts",
          "file": "/src/block/schemas.test.ts",
          "beforeHooks": [],
          "afterHooks": [],
          "tests": [
            {
              "title": "should parse all blocks with no errors",
              "fullTitle": "initDirectories should parse all blocks with no errors",
              "timedOut": false,
              "duration": 3,
              "state": "passed",
              "speed": "fast",
              "pass": true,
              "fail": false,
              "pending": false,
              "context": null,
              "code": "_1.initDirectories.should.not.throw()",
              "err": {},
              "uuid": "852a2ec2-5e68-4a35-93df-3c5fdc69ae7f",
              "parentUUID": "0dc3da64-506f-42b1-ae16-afbb2e199c38",
              "isHook": false,
              "skipped": false
            },
            {
              "title": "should produce primary, second & minor directories",
              "fullTitle": "initDirectories should produce primary, second & minor directories",
              "timedOut": false,
              "duration": 2,
              "state": "passed",
              "speed": "fast",
              "pass": true,
              "fail": false,
              "pending": false,
              "context": null,
              "code": "const directories = _1.initDirectories();\ndirectories.should.have.property(\"primary\");\ndirectories.should.have.property(\"second\");\ndirectories.should.have.property(\"minor\");",
              "err": {},
              "uuid": "1ecc89d3-3e56-4c97-b246-4c48112064b9",
              "parentUUID": "0dc3da64-506f-42b1-ae16-afbb2e199c38",
              "isHook": false,
              "skipped": false
            }
          ],
          "suites": [],
          "passes": [
            "852a2ec2-5e68-4a35-93df-3c5fdc69ae7f",
            "1ecc89d3-3e56-4c97-b246-4c48112064b9"
          ],
          "failures": [],
          "pending": [],
          "skipped": [],
          "duration": 5,
          "root": false,
          "rootEmpty": false,
          "_timeout": 2000
        },
        {
          "uuid": "a0bcb34d-5756-4c73-bca2-9e7a9ba0f688",
          "title": "blockSchema",
          "fullFile": "/home/runner/work/planwithus-lib/planwithus-lib/src/block/schemas.test.ts",
          "file": "/src/block/schemas.test.ts",
          "beforeHooks": [],
          "afterHooks": [],
          "tests": [
            {
              "title": "should validate valid block",
              "fullTitle": "blockSchema should validate valid block",
              "timedOut": false,
              "duration": 186,
              "state": "passed",
              "speed": "slow",
              "pass": true,
              "fail": false,
              "pending": false,
              "context": "[\n  {\n    \"title\": \"block sample 0\",\n    \"value\": {\n      \"name\": \"}$\",\n      \"ay\": 1950,\n      \"assign\": [\n        \"v$z\",\n        \"dR98G\",\n        \"45R\\\"{!$%N\",\n        \"d6S&\"\n      ],\n      \"match\": {\n        \"and\": [\n          \"WNE3\"\n        ]\n      },\n      \"satisfy\": {\n        \"or\": []\n      },\n      \"url\": \"https://qd57mdwxc53kr65n80iwpo09vm.j.ed/(*b*fgI/=j%F4%8F%BF%BEe:@U,fj/tIq6F-AXva\",\n      \"isSelectable\": true\n    }\n  },\n  {\n    \"title\": \"block sample 1\",\n    \"value\": {\n      \"name\": \"BeOb\",\n      \"match\": \"SVY369R\",\n      \"satisfy\": \"hU:Ph\\\"7*d\",\n      \"info\": \"$2;%#N%Z\",\n      \"isSelectable\": true,\n      \"Ir0\": {\n        \"name\": \"B\",\n        \"ay\": 1989,\n        \"assign\": [\n          \"{GwK\",\n          \"n4_]r+N|~\",\n          \"}&C7?(ZkI\",\n          \"&VJ\",\n          \"3UKjI\"\n        ],\n        \"satisfy\": {\n          \"or\": []\n        },\n        \"info\": \"v yEZWj\",\n        \"isSelectable\": true\n      },\n      \"Nn=\": {\n        \"name\": \"LG\",\n        \"ay\": 1967,\n        \"assign\": \".oAz_\\\\\",\n        \"url\": \"http://d3xal1px-89.oq/v&UA/g/3eeE1&K/Fn.RR/%F2%AC%AD%82myKSc@/H'$V+_g@1/hv-%F3%B1%B3%AEf:\",\n        \"info\": \"wMA|a]>#\",\n        \"rB~VA>u\": {\n          \"name\": \"R )sYFY+\",\n          \"ay\": 1953,\n          \"assign\": [\n            \"MDL\",\n            \"\",\n            \"\",\n            \"ZA\"\n          ],\n          \"match\": \"YDZ86\",\n          \"satisfy\": {\n            \"or\": [\n              \"i\",\n              {\n                \"or\": [\n                  \"!0(E\",\n                  {\n                    \"mc\": \">=180\"\n                  }\n                ]\n              },\n              {\n                \"or\": [\n                  \"+RK]~\",\n                  \"?R}dFPVr'\"\n                ]\n              },\n              {\n                \"and\": [\n                  \"lH8cT^@Y \",\n                  {\n                    \"and\": [\n                      {\n                        \"or\": [\n                          \"\",\n                          \"{6P0hi\"\n                        ]\n                      },\n                      {\n                        \"mc\": \">=139\"\n                      },\n                      {\n                        \"mc\": \">=136\"\n                      },\n                      \"_*dbA*LP:\",\n                      {\n                        \"mc\": \"<=173\"\n                      }\n                    ]\n                  },\n                  {\n                    \"or\": [\n                      \"\",\n                      \"%X307{n9?\",\n                      \"iO!Uh^\"\n                    ]\n                  }\n                ]\n              }\n            ]\n          },\n          \"url\": \"http://1.1okkz5k3hfpefke.ggtqgthmz/Tz00/~/kIy.~:@d//N_-l$/=ZaXzX9q=\",\n          \"info\": \"iK!J\",\n          \"isSelectable\": true\n        },\n        \"j1p:3x\": {\n          \"name\": \"~Flz@\",\n          \"ay\": 2014,\n          \"assign\": [],\n          \"match\": [\n            \"LQ7003\",\n            {\n              \"or\": [\n                {\n                  \"and\": []\n                },\n                {\n                  \"or\": [\n                    \"AWFx581\",\n                    \"LPxI\",\n                    {\n                      \"pattern\": \"XXE0Z\",\n                      \"exclude\": \"EDS*943H\",\n                      \"info\": \"~+\"\n                    },\n                    {\n                      \"or\": []\n                    }\n                  ]\n                },\n                {\n                  \"or\": [\n                    \"WDx65E\",\n                    {\n                      \"pattern\": \"AW229\",\n                      \"info\": \" Z%\\\"DlK15R\"\n                    }\n                  ]\n                },\n                {\n                  \"and\": []\n                }\n              ]\n            }\n          ],\n          \"satisfy\": [],\n          \"url\": \"http://4-yzdd-rhrigk26s9-95.3qj6kc3qt4udmxbyxw-1yawzpuyhya-f4v09lk6xboplkul.f.zfvkwi/p9C+%F0%BA%AC%99J//kWV@yG/:9/ehO/DNp=9F/8z~Aj/hlT/%F1%83%BF%B1YmLr.!5p\",\n          \"info\": \",{e?F\\\"NXfy\"\n        }\n      },\n      \"Yp(P\": {\n        \"name\": \"`BF#\",\n        \"ay\": 2008,\n        \"assign\": \"=O\\\"V=,RTq=\",\n        \"match\": [\n          {\n            \"or\": [\n              {\n                \"or\": [\n                  {\n                    \"and\": []\n                  }\n                ]\n              }\n            ]\n          },\n          \"YY*0\"\n        ],\n        \"satisfy\": {\n          \"mc\": \"<=147\"\n        },\n        \"url\": \"http://d.8-78adyb32-ibznbpkynqku6y9rq8zys7z2falluwmowq5hyguik9ee0lsyb.26q8m.1sfwel0eww16.ltmt/%F4%83%8A%A0Rre+/s4!LFOF/l@~b7ilEYo/XCB'//V5KlK/1ovI(E7/SOI\",\n        \"info\": \"N\\\\\\\"OE)lg\",\n        \"isSelectable\": true,\n        \"9h\": {\n          \"name\": \"aADA\",\n          \"assign\": [\n            \"z>2R?b\",\n            \"sac\"\n          ],\n          \"match\": \"XKV95\",\n          \"satisfy\": {\n            \"or\": [\n              \"m\"\n            ]\n          },\n          \"url\": \"https://x36jtgnpdu57occ70wjc0-ekzhecjb0b0ocl8rgtyu7yahinclbh95wmufl.992z03ww890oeei9dvr0v1v7dg9d7-5oo3yskensmrv3g1k2c3qnubmq-25d09x.hwph/YFEH7IDp(%F1%87%86%99/HOM/9w/:/IiR0/O6u'*2\",\n          \"info\": \"1W0F<\",\n          \"isSelectable\": true\n        }\n      }\n    }\n  },\n  {\n    \"title\": \"block sample 2\",\n    \"value\": {\n      \"ay\": 2027,\n      \"assign\": [\n        \"\",\n        \"\\\\/*7X^I\",\n        \"a2&42\",\n        \"ZpU\"\n      ],\n      \"match\": {\n        \"pattern\": \"AEM0*x\",\n        \"exclude\": \"ZA2069\",\n        \"info\": \"\"\n      },\n      \"satisfy\": \"{kx7$\",\n      \"url\": \"http://axcjf2t6ab5p7xj8b8fve65j--ev-j9tho5adc-ecc86hhadp9f2i87.prpf6.sgf5x0wfz7s3scv51eyev188srqz1fv8px21367dvv2v0x7q7z2jswri8c8c6.vfcz/B//2T/w2MtOz\",\n      \"info\": \";yr}[R{T,K\",\n      \"m[;gJW\": {\n        \"name\": \"\",\n        \"ay\": 1959,\n        \"assign\": [\n          \"\",\n          \"RG\",\n          \"mS}2-f[AH\",\n          \"Jv&Pjv\"\n        ],\n        \"match\": [\n          {\n            \"and\": [\n              \"AIZ5*44E\"\n            ]\n          }\n        ],\n        \"satisfy\": [\n          \"[kkI142\",\n          {\n            \"mc\": \">=132\"\n          },\n          \"~Ys0uu\"\n        ],\n        \"url\": \"http://0ai-pls77768143phrt5yw4zw2s4hz33kr-owxsdo2ez3fofc2aji88sb.o7t5n2ry2w0wwhm1lwcclb2-v8aaikl-zen.na2i6n0sa4sn73jlha393zla62k3co133kih.rig/Tr%E3%AE%821a0rP:l\",\n        \"isSelectable\": true\n      },\n      \"cB\\\\yU~9Y\": {\n        \"name\": \"hy!pAh6\",\n        \"ay\": 1961,\n        \"assign\": [\n          \"]8D1R)\",\n          \"q49#t\"\n        ],\n        \"satisfy\": {\n          \"or\": []\n        },\n        \"info\": \"sCF\",\n        \"isSelectable\": true\n      }\n    }\n  },\n  {\n    \"title\": \"block sample 3\",\n    \"value\": {\n      \"name\": \"\",\n      \"ay\": 1955,\n      \"assign\": \"9WC\",\n      \"match\": [],\n      \"satisfy\": {\n        \"or\": [\n          {\n            \"mc\": \">=187\"\n          }\n        ]\n      },\n      \"isSelectable\": true\n    }\n  },\n  {\n    \"title\": \"block sample 4\",\n    \"value\": {\n      \"ay\": 1979,\n      \"assign\": [],\n      \"match\": {\n        \"or\": [\n          \"XOU658\",\n          \"ECZ*\",\n          {\n            \"or\": [\n              {\n                \"or\": [\n                  \"VX2\",\n                  {\n                    \"or\": [\n                      \"ZDC07V\",\n                      \"BXS*17M\"\n                    ]\n                  },\n                  {\n                    \"or\": [\n                      \"QQE9\",\n                      \"LYP2618U\",\n                      {\n                        \"and\": []\n                      },\n                      \"YAW480W\"\n                    ]\n                  },\n                  {\n                    \"or\": [\n                      \"RDR844\"\n                    ]\n                  }\n                ]\n              },\n              {\n                \"pattern\": \"RPM2T\",\n                \"exclude\": \"WD51x\",\n                \"info\": \"6|x9DRrL'\"\n              }\n            ]\n          },\n          {\n            \"or\": [\n              \"HL7455U\",\n              \"GND492U\",\n              {\n                \"or\": [\n                  \"ZLx1\",\n                  \"XVF280\",\n                  {\n                    \"and\": [\n                      \"QTx5U\",\n                      \"TSCx*0*F\"\n                    ]\n                  }\n                ]\n              }\n            ]\n          }\n        ]\n      },\n      \"url\": \"http://mxex1-wu7wjl7gbmn1hlb142337cwwdl1fk8ne40zen4codex.mh.tu7u4samv8v7go3m2je-y7oxphb4c896gpr.6tt.6qfjnvgx96zfbibka7q.zw/mi;6!a/vIfIY%F4%81%87%9EkA/~.b\",\n      \"info\": \"\",\n      \"isSelectable\": true\n    }\n  },\n  {\n    \"title\": \"block sample 5\",\n    \"value\": {\n      \"name\": \"Q7ZTFz$\",\n      \"assign\": \"b\\\"5\",\n      \"match\": [\n        \"YC*\",\n        {\n          \"or\": [\n            {\n              \"or\": [\n                {\n                  \"pattern\": \"TQG4865A\",\n                  \"exclude\": [\n                    \"IOW5864\",\n                    \"HD1P\"\n                  ]\n                },\n                {\n                  \"pattern\": \"DXU5477\",\n                  \"exclude\": \"RF6K\",\n                  \"info\": \"<Y\"\n                },\n                \"OO5360G\"\n              ]\n            },\n            \"ZHT81A\",\n            {\n              \"or\": [\n                \"FKZ1x\",\n                \"IEP6Q\"\n              ]\n            }\n          ]\n        }\n      ],\n      \"satisfy\": [\n        {\n          \"or\": [\n            \"1]~5[{nYk\",\n            {\n              \"and\": [\n                \"H\",\n                {\n                  \"or\": [\n                    {\n                      \"or\": [\n                        {\n                          \"and\": [\n                            {\n                              \"or\": [\n                                \"l=x\",\n                                \"#J=hm\",\n                                \"9jj:@R7'\"\n                              ]\n                            },\n                            \";#D96D^NN;\"\n                          ]\n                        },\n                        \"Ey-UI<5\"\n                      ]\n                    },\n                    \"iv.-8\",\n                    {\n                      \"or\": [\n                        \"\\\\]-O(\"\n                      ]\n                    },\n                    \"rj+b4>.D \"\n                  ]\n                },\n                {\n                  \"and\": [\n                    \"mU8'(\",\n                    \"\",\n                    \"h-?ahTuMv1\"\n                  ]\n                },\n                {\n                  \"and\": [\n                    {\n                      \"mc\": \"<=47\"\n                    },\n                    \"M+<%z#\",\n                    \"hTFpW$#\\\"\",\n                    {\n                      \"or\": [\n                        \"v&\",\n                        \"/\"\n                      ]\n                    },\n                    \"7~3w\"\n                  ]\n                },\n                {\n                  \"and\": [\n                    \"gT(.c\",\n                    {\n                      \"or\": [\n                        \"v.5yc\"\n                      ]\n                    },\n                    {\n                      \"or\": []\n                    },\n                    {\n                      \"or\": [\n                        \"Ce\",\n                        {\n                          \"mc\": \"<=109\"\n                        },\n                        \"J^Eyh>NP33\",\n                        \"n/1TW#\\\"d\",\n                        \"0oPE\"\n                      ]\n                    }\n                  ]\n                }\n              ]\n            },\n            \"pFCph3S$\",\n            {\n              \"and\": [\n                \"\\\\K%icStkd\"\n              ]\n            }\n          ]\n        }\n      ],\n      \"url\": \"https://8u3rqxjs3rv1cd3bsvy83id8dc1alhng4e106jwfyizcujh375k.jlr65.eifb/2UGTU+!r*)/vm5v%F3%A3%A6%858//nB_45tL%F3%B8%82%81z/y01IlleM9/.iP+/@P.1\",\n      \"isSelectable\": true\n    }\n  },\n  {\n    \"title\": \"block sample 6\",\n    \"value\": {\n      \"ay\": 1955,\n      \"match\": [\n        \"XEK61x8\"\n      ],\n      \"satisfy\": [\n        {\n          \"mc\": \">=117\"\n        }\n      ],\n      \"url\": \"https://a5xmv5a-sdnp-8wb5tnnd6b77799xe6r1debzkf516dsp76c7556n7rj0c8.dy/XMyaIE53/Ix;o55&%F0%B0%9A%B2/%F1%A2%80%B2D9JE;%F0%B2%BE%AB/~%E3%88%A7W48mlK%F2%9C%94%A95/=/nkn3/-T2/%EA%8F%98I-C(i\",\n      \"info\": \"[5Um/O\",\n      \"isSelectable\": true,\n      \"Si>8f'A\": {\n        \"name\": \"a\",\n        \"ay\": 2018,\n        \"assign\": \"U&8fh\",\n        \"match\": [\n          {\n            \"pattern\": \"PB*H\",\n            \"exclude\": \"ZFA09L\",\n            \"info\": \"BcF/Q\"\n          },\n          \"MN6525\",\n          {\n            \"and\": []\n          },\n          {\n            \"or\": [\n              {\n                \"and\": [\n                  {\n                    \"pattern\": \"KIZ639\"\n                  },\n                  \"GDS382E\",\n                  \"YZD118H\"\n                ]\n              },\n              {\n                \"or\": [\n                  {\n                    \"pattern\": \"CG611\",\n                    \"exclude\": \"KYK43x9S\",\n                    \"info\": \"xd>6CT\"\n                  },\n                  \"FZR3\"\n                ]\n              },\n              {\n                \"or\": [\n                  \"KBI0C\",\n                  \"KMZ721B\",\n                  \"PZ7x**\",\n                  {\n                    \"pattern\": \"JA6213T\",\n                    \"info\": \"P9l\\\\o{*La\"\n                  }\n                ]\n              },\n              {\n                \"pattern\": \"VKCx7\",\n                \"exclude\": \"WNM970C\",\n                \"info\": \"\"\n              },\n              \"JWKxK\"\n            ]\n          },\n          {\n            \"and\": [\n              {\n                \"pattern\": \"HH27X\",\n                \"exclude\": \"HJB2\"\n              }\n            ]\n          }\n        ],\n        \"satisfy\": \"ik!CB(k66\",\n        \"url\": \"https://aq0.2.mmg9mqbprbxgf6p0vhge54txjyd7imbbj3vdecquwn5unm6v842cu5t.855k5znxe8oiynttrhv6uy-n3co9y4a-bj9m-t31f96-88vw3bj5bt.ct583ukib8-ov8oij41ofst.qutixujt/z%F3%BB%B2%86Fasgz.v/_Ppbo7%F3%AC%82%BC)%F1%B7%93%92/IEQpH/bf9/%F4%88%BB%BD/~A%F3%A1%9E%83Y'6e/QAN87Jx%F2%85%88%94\",\n        \"info\": \"<.\\\"GD-/rhO\",\n        \"isSelectable\": true\n      },\n      \"lH?g;\": {\n        \"name\": \"Dp\",\n        \"ay\": 1963,\n        \"assign\": [\n          \"TbYn:T\",\n          \"Z1>3D{\",\n          \"U1P=c)\",\n          \"~.q#O/9mjE\",\n          \"W;XTz\"\n        ],\n        \"match\": [],\n        \"satisfy\": \"*:w\",\n        \"url\": \"http://v188v8901g3dct.xbt.7e0qvshn91be796dxmnird19t2v9nckgdkwirwud1nnz44dd7-b4bdjm5v3.icgobzlwr/%F3%9A%94%B19VC:g+=;/v&%F0%A1%8D%83\",\n        \"info\": \".:`;\",\n        \"isSelectable\": true,\n        \"?\": {\n          \"name\": \",JK,LlXl\",\n          \"ay\": 1974,\n          \"match\": [\n            {\n              \"and\": []\n            },\n            {\n              \"or\": [\n                {\n                  \"or\": [\n                    {\n                      \"or\": [\n                        {\n                          \"or\": [\n                            \"SI9428P\"\n                          ]\n                        }\n                      ]\n                    },\n                    {\n                      \"or\": [\n                        \"QJD90x\",\n                        \"PU1507\"\n                      ]\n                    },\n                    {\n                      \"pattern\": \"CUE65Z\",\n                      \"exclude\": \"YT*T\",\n                      \"info\": \"*Im\"\n                    },\n                    \"BN3960C\",\n                    \"WV4988\"\n                  ]\n                },\n                {\n                  \"pattern\": \"SJ*A\",\n                  \"info\": \".p z\"\n                },\n                {\n                  \"and\": [\n                    {\n                      \"or\": []\n                    },\n                    {\n                      \"and\": []\n                    },\n                    {\n                      \"pattern\": \"XCD*\",\n                      \"exclude\": \"GGS*5\",\n                      \"info\": \"L\"\n                    },\n                    {\n                      \"pattern\": \"WC522F\",\n                      \"exclude\": \"OY29Y\"\n                    }\n                  ]\n                }\n              ]\n            },\n            {\n              \"or\": [\n                {\n                  \"or\": [\n                    {\n                      \"pattern\": \"PF146V\",\n                      \"exclude\": [\n                        \"WU2995H\",\n                        \"ZA*454G\"\n                      ],\n                      \"info\": \"1\"\n                    }\n                  ]\n                },\n                {\n                  \"pattern\": \"RG6K\",\n                  \"exclude\": \"RAS00\",\n                  \"info\": \"-6[[2N\"\n                },\n                {\n                  \"or\": [\n                    \"CF53\",\n                    \"ZJW0\",\n                    \"BX9127L\",\n                    {\n                      \"and\": []\n                    },\n                    {\n                      \"or\": [\n                        {\n                          \"and\": [\n                            {\n                              \"pattern\": \"ULD2x\",\n                              \"exclude\": [\n                                \"JDL396\"\n                              ],\n                              \"info\": \"Fv2l\"\n                            },\n                            \"GUQ04\",\n                            \"YZX997N\",\n                            {\n                              \"pattern\": \"SEI4Y\",\n                              \"info\": \"cH@\"\n                            },\n                            \"HZQ9X\"\n                          ]\n                        },\n                        \"RC60U\",\n                        \"DJ8694\"\n                      ]\n                    }\n                  ]\n                }\n              ]\n            }\n          ],\n          \"satisfy\": \"e)eO0\",\n          \"url\": \"http://7i9pvk1ty06w3zqkqdpyal78b3utdsvh-9m-9t9u4oj8e.66.zgdn8.0395hn2p.9.seaq/G3pnb0b/K-/*-)P)4N:/jHM/k'4FunJS(v/%F2%A3%80%BC=sus:VGM/!H$dGtV'pp//CK9ZE9W:5&\",\n          \"info\": \"Io4K`r&\",\n          \"isSelectable\": true\n        },\n        \"eM{w[]&2\": {\n          \"name\": \"X2hCmQ%9x}\",\n          \"assign\": [\n            \"y%C*#%v\",\n            \"\",\n            \"}ayv\"\n          ],\n          \"satisfy\": [\n            {\n              \"mc\": \"<=123\"\n            }\n          ],\n          \"url\": \"http://1dc8224ae9h61y3pvqtlhy97b3-6clxtl2bde5nsk0eox.7.sdlalycmng//HW+/4REE!)/Y~r7l3//\",\n          \"info\": \"}-\",\n          \"isSelectable\": true,\n          \"r(\": {\n            \"name\": \"L*j){\",\n            \"ay\": 2017,\n            \"assign\": [\n              \"\",\n              \"@_JG-\\\\R\",\n              \"sJ9+J\",\n              \"nx02_:iVa\"\n            ],\n            \"match\": [\n              {\n                \"or\": [\n                  \"ENS*9xE\",\n                  {\n                    \"or\": [\n                      {\n                        \"or\": [\n                          \"XVF0435R\",\n                          \"PK3xN\",\n                          {\n                            \"and\": [\n                              {\n                                \"and\": [\n                                  \"YTV*11A\"\n                                ]\n                              },\n                              \"RHI79\",\n                              \"UA7*4\"\n                            ]\n                          },\n                          {\n                            \"and\": [\n                              \"QO762*\"\n                            ]\n                          },\n                          {\n                            \"or\": [\n                              \"LF8748O\",\n                              {\n                                \"and\": []\n                              }\n                            ]\n                          }\n                        ]\n                      }\n                    ]\n                  },\n                  \"NYU145H\",\n                  {\n                    \"pattern\": \"MQU461X\",\n                    \"exclude\": \"XVB42xV\",\n                    \"info\": \"\"\n                  }\n                ]\n              },\n              {\n                \"and\": [\n                  {\n                    \"and\": [\n                      {\n                        \"pattern\": \"VX6N\",\n                        \"exclude\": \"BD640X\",\n                        \"info\": \"l.NI)K)TP\"\n                      }\n                    ]\n                  },\n                  \"NGZ*87X\",\n                  {\n                    \"and\": []\n                  }\n                ]\n              },\n              {\n                \"or\": [\n                  \"JNG*7\",\n                  \"MXB8\"\n                ]\n              }\n            ],\n            \"satisfy\": [\n              {\n                \"mc\": \">=69\"\n              },\n              {\n                \"mc\": \"<=175\"\n              },\n              \"h\\\"kp\\\"\",\n              {\n                \"and\": [\n                  {\n                    \"and\": [\n                      {\n                        \"or\": [\n                          {\n                            \"and\": []\n                          }\n                        ]\n                      },\n                      {\n                        \"or\": []\n                      },\n                      {\n                        \"mc\": \">=86\"\n                      },\n                      {\n                        \"and\": [\n                          {\n                            \"mc\": \">=31\"\n                          }\n                        ]\n                      }\n                    ]\n                  }\n                ]\n              },\n              {\n                \"or\": [\n                  {\n                    \"and\": [\n                      \"+h-T\",\n                      {\n                        \"and\": [\n                          {\n                            \"and\": [\n                              \"_4.RQLgv\"\n                            ]\n                          }\n                        ]\n                      },\n                      {\n                        \"or\": [\n                          \"e6\"\n                        ]\n                      },\n                      {\n                        \"mc\": \">=172\"\n                      }\n                    ]\n                  },\n                  \"[]4Dfq``\",\n                  {\n                    \"and\": [\n                      {\n                        \"mc\": \"<=72\"\n                      },\n                      {\n                        \"mc\": \"<=88\"\n                      },\n                      \"N #U+}%I\\\\|\",\n                      \"\",\n                      {\n                        \"and\": [\n                          \"ZPJ4(w*tG\",\n                          {\n                            \"mc\": \">=146\"\n                          }\n                        ]\n                      }\n                    ]\n                  }\n                ]\n              }\n            ],\n            \"url\": \"https://f.c7c76lxw50txacikpo1p9-8abhl9givcb3tk3d3ta-7.rataspgkqnel2b6ah3s0yv8wlt2-w8ae4gssyrzjth8bakwrq6xrf.j8cb33nfxc0o80a61ar3ym2i4tgon7vlndvj8l.utonjnpnvb//o%F4%8B%AE%90i&oP_G/F%F3%80%99%ACe+\",\n            \"info\": \"EH?\",\n            \"isSelectable\": true\n          },\n          \"EE@\": {\n            \"name\": \"|}?yA%J\",\n            \"ay\": 2028,\n            \"assign\": [\n              \">3R=Z:-D\",\n              \"0~+<N8\",\n              \"|Qab4M\"\n            ],\n            \"match\": [\n              {\n                \"pattern\": \"GLJ5\",\n                \"exclude\": [\n                  \"VRC9x3\",\n                  \"RW88\",\n                  \"LO3*\",\n                  \"OAF04\",\n                  \"KBZ*0\"\n                ],\n                \"info\": \"`QPC\"\n              },\n              {\n                \"and\": [\n                  {\n                    \"or\": [\n                      {\n                        \"and\": [\n                          \"HD1302O\",\n                          \"JNE*0*\",\n                          \"ZQR1843\",\n                          \"HXC3x41Q\"\n                        ]\n                      },\n                      {\n                        \"pattern\": \"ZS889*\",\n                        \"exclude\": \"MSY646\",\n                        \"info\": \"9,\"\n                      },\n                      \"KY09x\",\n                      \"MI*555\"\n                    ]\n                  },\n                  {\n                    \"pattern\": \"PN14G\",\n                    \"exclude\": \"WN8V\",\n                    \"info\": \"]Le34ZelK\"\n                  },\n                  {\n                    \"or\": [\n                      {\n                        \"and\": [\n                          \"IBX79*\",\n                          \"KDO7x\",\n                          {\n                            \"or\": [\n                              \"EI2V\",\n                              {\n                                \"or\": [\n                                  \"TNU2\"\n                                ]\n                              },\n                              \"TSC446\",\n                              \"GY0Z\"\n                            ]\n                          },\n                          {\n                            \"pattern\": \"LGS0N\"\n                          },\n                          {\n                            \"and\": []\n                          }\n                        ]\n                      },\n                      \"PX7P\"\n                    ]\n                  },\n                  {\n                    \"pattern\": \"TB*0\",\n                    \"exclude\": [\n                      \"ZPD56\"\n                    ],\n                    \"info\": \"h]|p2\"\n                  },\n                  {\n                    \"pattern\": \"NNO66xL\",\n                    \"exclude\": [\n                      \"GTO66G\",\n                      \"YKE07xP\"\n                    ],\n                    \"info\": \"z\"\n                  }\n                ]\n              }\n            ],\n            \"url\": \"http://xulu0jgc-tpmfjoy76x5od1-wm0rlo8l5g4k-190s62bmo1fd-ti.pqianrhsnp/TE9/aj9ZT/*M/pNwg/r/$yX/8@&3$=%F1%AD%AF%84l\",\n            \"info\": \"i\"\n          },\n          \"8u w.y6\": {\n            \"match\": \"KR632Q\",\n            \"satisfy\": [\n              \"\",\n              {\n                \"or\": [\n                  {\n                    \"or\": [\n                      \"g:\",\n                      {\n                        \"mc\": \"<=72\"\n                      },\n                      \"O$2)QinWFO\"\n                    ]\n                  }\n                ]\n              },\n              {\n                \"or\": [\n                  {\n                    \"mc\": \"<=35\"\n                  },\n                  \"r\"\n                ]\n              },\n              {\n                \"or\": [\n                  {\n                    \"mc\": \">=12\"\n                  },\n                  {\n                    \"and\": [\n                      {\n                        \"or\": []\n                      },\n                      \"_4t28.m:,\",\n                      \"\",\n                      {\n                        \"and\": [\n                          \"\",\n                          \"&Ec7OL\",\n                          \"!\"\n                        ]\n                      }\n                    ]\n                  },\n                  {\n                    \"mc\": \"<=134\"\n                  },\n                  \"\",\n                  {\n                    \"mc\": \"<=144\"\n                  }\n                ]\n              },\n              \"NAEzE\"\n            ],\n            \"url\": \"http://4.vhnt4mm2039uvc5vx.v40l0w5j3mbfq2bw-kmy64ru1maf3gugjdmg-nyt4sedcbw1a5.oaehkx\",\n            \"info\": \"GDO>DJa\"\n          }\n        },\n        \"Dko&:_{|3L\": {\n          \"ay\": 2027,\n          \"assign\": \"H4mPP-If\",\n          \"satisfy\": [\n            {\n              \"or\": [\n                {\n                  \"and\": [\n                    \"D,}'{(\"\n                  ]\n                },\n                \"GZ<\"\n              ]\n            },\n            {\n              \"mc\": \"<=164\"\n            },\n            \"\",\n            {\n              \"mc\": \">=86\"\n            }\n          ],\n          \"info\": \"w)Ki\",\n          \"isSelectable\": true\n        },\n        \"Hf:b3\": {\n          \"name\": \"YY{@z{\",\n          \"ay\": 2011,\n          \"match\": [\n            {\n              \"pattern\": \"DCFx1x\",\n              \"exclude\": [\n                \"HTE*659U\",\n                \"XFV42*\",\n                \"SS689\",\n                \"KDW421C\"\n              ],\n              \"info\": \"6%Wh\"\n            },\n            {\n              \"pattern\": \"AG6*46\",\n              \"exclude\": \"OP72\",\n              \"info\": \"S:w\"\n            }\n          ],\n          \"satisfy\": [\n            {\n              \"or\": [\n                {\n                  \"and\": [\n                    \"xF>7 4IJbe\",\n                    \"y9\\\"\"\n                  ]\n                },\n                {\n                  \"or\": [\n                    \"@B:5\",\n                    \"81Uxd}P\",\n                    {\n                      \"mc\": \">=7\"\n                    },\n                    {\n                      \"or\": []\n                    },\n                    {\n                      \"mc\": \">=126\"\n                    }\n                  ]\n                },\n                {\n                  \"or\": []\n                },\n                {\n                  \"and\": [\n                    \"TpaA2.,\"\n                  ]\n                }\n              ]\n            },\n            {\n              \"and\": [\n                {\n                  \"mc\": \">=97\"\n                },\n                \"LDUnAzXF\",\n                {\n                  \"and\": [\n                    \"egC\",\n                    \"nj>TEe\",\n                    {\n                      \"or\": [\n                        \"#\"\n                      ]\n                    },\n                    {\n                      \"or\": [\n                        {\n                          \"and\": [\n                            \"\",\n                            \"'\",\n                            \"]L#>^\"\n                          ]\n                        },\n                        \"Dat4b\",\n                        \"0}fZmGczC;\",\n                        {\n                          \"mc\": \">=141\"\n                        },\n                        \"'g/MW\"\n                      ]\n                    },\n                    \"\\\"C&9Yu\"\n                  ]\n                }\n              ]\n            },\n            {\n              \"or\": [\n                {\n                  \"or\": [\n                    \"Eh]?OAGk[)\",\n                    \"Ydm\",\n                    \"#!\",\n                    \"+CY};Fw\",\n                    \"nmCCq^(\"\n                  ]\n                },\n                {\n                  \"mc\": \">=74\"\n                },\n                {\n                  \"mc\": \"<=142\"\n                },\n                \"ACU1&)U#\",\n                {\n                  \"or\": []\n                }\n              ]\n            }\n          ],\n          \"url\": \"https://wvtk9shwczvb0qait6cdnjr12f1lv6-fqj6op6by6jv249he1gq2k882jill4.hef8o7uk2pi0z3ma1x24z3-r.fq4fl0saglpihrimuy5cik.hagf91qdshik2mgjyzhji9ht5261o2efj0cmaixn3-j20f985pvd7jkoa3j0.0nxlhn0nc5oewua8ael-f6k7zwcykp2o-gnv9ytq.jljbiw/MxB/&*JlG!%F1%A0%99%BA/%F3%8D%98%9A%F0%9A%8F%8AU\",\n          \"info\": \"S\",\n          \"isSelectable\": true\n        },\n        \">Y5\": {\n          \"name\": \"]F]71\",\n          \"ay\": 1956,\n          \"assign\": [],\n          \"match\": \"DAx13J\",\n          \"satisfy\": {\n            \"mc\": \"<=56\"\n          },\n          \"info\": \"Qwm\",\n          \"isSelectable\": true,\n          \"0b8X=c%Ds\": {\n            \"name\": \"\",\n            \"ay\": 1998,\n            \"assign\": \"4t|*6r|HYT\",\n            \"match\": [\n              {\n                \"pattern\": \"NE6G\",\n                \"exclude\": [\n                  \"XRL716Q\",\n                  \"ISU*809H\",\n                  \"XMV3\",\n                  \"VY41G\"\n                ],\n                \"info\": \"QfA=Zyt\"\n              },\n              {\n                \"or\": [\n                  {\n                    \"and\": [\n                      {\n                        \"pattern\": \"MM*x*Y\",\n                        \"exclude\": [\n                          \"WB7\",\n                          \"MPx2W\"\n                        ],\n                        \"info\": \"ZkTHa_\"\n                      },\n                      \"WEH710\",\n                      \"FPO635P\"\n                    ]\n                  },\n                  {\n                    \"and\": [\n                      \"TMSx6M\",\n                      {\n                        \"pattern\": \"URXx2\",\n                        \"exclude\": [\n                          \"JSCx860G\",\n                          \"RXD36A\",\n                          \"VWK3282\",\n                          \"KU1611\"\n                        ],\n                        \"info\": \"/a)aP#Ar\"\n                      }\n                    ]\n                  },\n                  {\n                    \"pattern\": \"TZA0849\",\n                    \"exclude\": \"RII765\",\n                    \"info\": \"UeUid/|OpX\"\n                  }\n                ]\n              },\n              {\n                \"or\": [\n                  {\n                    \"or\": []\n                  }\n                ]\n              }\n            ],\n            \"satisfy\": [\n              \"\",\n              {\n                \"and\": [\n                  {\n                    \"mc\": \"<=118\"\n                  },\n                  \"^}}3;wH\",\n                  {\n                    \"mc\": \">=62\"\n                  }\n                ]\n              },\n              {\n                \"and\": [\n                  \"!}\",\n                  \"/\",\n                  \"vCww`|U\"\n                ]\n              },\n              {\n                \"and\": [\n                  {\n                    \"or\": [\n                      {\n                        \"or\": []\n                      },\n                      {\n                        \"or\": [\n                          \"z.\\\"vi?\",\n                          {\n                            \"and\": [\n                              \"\"\n                            ]\n                          },\n                          {\n                            \"or\": [\n                              \"\\\"!L- xJ\",\n                              \"=\\\"s\"\n                            ]\n                          },\n                          \"\",\n                          \"rfO13mG\"\n                        ]\n                      },\n                      \"c4M\",\n                      {\n                        \"mc\": \"<=47\"\n                      }\n                    ]\n                  },\n                  {\n                    \"mc\": \"<=197\"\n                  },\n                  {\n                    \"mc\": \"<=20\"\n                  },\n                  \"X#L0}XB\",\n                  {\n                    \"mc\": \"<=89\"\n                  }\n                ]\n              },\n              \"%Xf9DON&j\"\n            ],\n            \"url\": \"https://vbeyckyyudvcoxbpm3ia4laet60775y62q57thhlkn7namq3.wsobn/6=%F3%A9%A9%83)E&gF/%F1%9E%A9%9EIFP9,=ZD/j%F3%9D%93%9E$T/*e3:5*7/8_DVCxav%F1%98%BF%89N/k@:/=S'XEpM(R./etUfZy'B/'c@%F1%AA%B3%ADX1Ay%F2%A1%8E%AFz\",\n            \"info\": \"{Yl)\",\n            \"isSelectable\": true,\n            \"or7aW@\": {\n              \"name\": \"u\",\n              \"assign\": \"+nxG\",\n              \"satisfy\": {\n                \"and\": [\n                  \"pjkI3gP\"\n                ]\n              },\n              \"url\": \"https://xggxx0k3wkoiuxnzma12ml4yn089curqeiamaq.a23soiq51oam0yz-j4kw7nkinfjyvxr979q6v.pn2fwng-zq5du2iqgqe48nbd5i21gikoxmu.agwimq1oxq16p.m5dcosn0i34ssst21ebz8btbjt76owdqdwo924g.eka/Vi.k2EeDCT/4G7D%F1%9C%88%A51h/(4/VzYA%F1%8C%BB%AA(B+%F0%BF%91%84/Xd)uUC%F3%93%83%946/rm6Ov_Hm/S%F0%AE%B6%A6Dw//O(wDe$OE\",\n              \"info\": \"1r>k\",\n              \"isSelectable\": true\n            },\n            \"|Ii\": {\n              \"name\": \"hORzJ{{O\",\n              \"ay\": 1958,\n              \"assign\": \"\\\";Evy\\\\a4T7\",\n              \"match\": {\n                \"pattern\": \"GKR3*\",\n                \"exclude\": \"LH6\"\n              },\n              \"satisfy\": [\n                {\n                  \"mc\": \"<=162\"\n                }\n              ],\n              \"url\": \"https://l.epbmrxnclx/2/%F3%A8%81%A0%F0%B9%BD%B8.*=8)%F2%80%87%9589/j7//Wdn2S%F1%B2%85%AD%F2%BB%86%BAE(+//:y_yRgliE/J/)=mAR/%F1%BF%BB%89vM%F2%94%92%91\",\n              \"isSelectable\": true\n            },\n            \"s?*D#8\": {\n              \"ay\": 1964,\n              \"assign\": [\n                \"\",\n                \" v\",\n                \"\",\n                \"eW1@sbHc\",\n                \"\"\n              ],\n              \"match\": [\n                {\n                  \"and\": [\n                    {\n                      \"pattern\": \"JC2474M\",\n                      \"exclude\": [\n                        \"KNx613\"\n                      ],\n                      \"info\": \"4L\"\n                    },\n                    {\n                      \"and\": [\n                        {\n                          \"or\": [\n                            \"CH1370\",\n                            {\n                              \"pattern\": \"HOI0252I\",\n                              \"exclude\": \"PQE0x*6P\"\n                            },\n                            \"MGL506Z\",\n                            \"BQJx\",\n                            \"RTF2574R\"\n                          ]\n                        },\n                        \"LG357\",\n                        \"NL0*9X\",\n                        {\n                          \"and\": [\n                            \"LXH396\",\n                            {\n                              \"or\": [\n                                \"RPD013\",\n                                {\n                                  \"and\": [\n                                    {\n                                      \"or\": [\n                                        \"JRx784I\",\n                                        {\n                                          \"or\": [\n                                            \"CXX21xxE\"\n                                          ]\n                                        },\n                                        \"VPExB\",\n                                        \"XIP81H\"\n                                      ]\n                                    }\n                                  ]\n                                },\n                                \"EVI6\",\n                                \"FZx8\",\n                                \"HHP3x99E\"\n                              ]\n                            },\n                            {\n                              \"pattern\": \"YQE156\",\n                              \"exclude\": [\n                                \"UX*4B\",\n                                \"PRM1135\",\n                                \"LQ9530\"\n                              ]\n                            }\n                          ]\n                        }\n                      ]\n                    },\n                    {\n                      \"or\": [\n                        {\n                          \"and\": [\n                            \"NSCx\",\n                            \"AK95B\",\n                            \"YHC321K\",\n                            \"HV*\"\n                          ]\n                        },\n                        {\n                          \"or\": []\n                        },\n                        {\n                          \"pattern\": \"RS4\",\n                          \"exclude\": \"BGIxx\",\n                          \"info\": \"ZHr{E\"\n                        },\n                        \"KQW9\"\n                      ]\n                    },\n                    {\n                      \"and\": [\n                        {\n                          \"and\": [\n                            {\n                              \"pattern\": \"KX*\",\n                              \"exclude\": [\n                                \"MGN129V\",\n                                \"UIM59\",\n                                \"EWB28\",\n                                \"AOF5393R\"\n                              ]\n                            },\n                            \"WNP82\",\n                            \"ASx\",\n                            {\n                              \"pattern\": \"YXU28J\",\n                              \"exclude\": [\n                                \"BS502\",\n                                \"UTX775O\",\n                                \"KFZ823*G\"\n                              ],\n                              \"info\": \"-\"\n                            },\n                            \"DF0980\"\n                          ]\n                        }\n                      ]\n                    }\n                  ]\n                },\n                {\n                  \"and\": [\n                    {\n                      \"pattern\": \"MTU2x29E\",\n                      \"exclude\": \"DKN103*\",\n                      \"info\": \"G[&6xD'-\"\n                    },\n                    {\n                      \"or\": []\n                    }\n                  ]\n                }\n              ],\n              \"satisfy\": {\n                \"and\": [\n                  {\n                    \"and\": [\n                      {\n                        \"mc\": \">=102\"\n                      }\n                    ]\n                  },\n                  \"0|_\",\n                  \"Is#mKUK~g\",\n                  \"?b+)*B&\"\n                ]\n              },\n              \"url\": \"http://s63f18dmb38iv.vbalemxm9a9cjfj3vknyx.pamzxsfuzi/g5V%F2%B8%AB%8Fd%F0%BD%A2%A4EcW/@Oy%F1%90%A9%BBF/$%F1%AC%99%B87AC/rL-Oi'j(/fEe%F3%BA%A7%95m7/P=L1D0D(!/@~IPyq/K/Hnn!\",\n              \"info\": \"D Ay&[O3\",\n              \"isSelectable\": true\n            },\n            \"afM\": {\n              \"ay\": 1993,\n              \"assign\": \"z\",\n              \"match\": {\n                \"and\": [\n                  {\n                    \"or\": [\n                      \"YO98\",\n                      {\n                        \"and\": [\n                          {\n                            \"pattern\": \"ZH3094Q\",\n                            \"exclude\": \"WR05\",\n                            \"info\": \"Q#\"\n                          },\n                          \"KG*3\"\n                        ]\n                      },\n                      \"MS2F\",\n                      \"VNP048xK\"\n                    ]\n                  },\n                  {\n                    \"and\": [\n                      \"QQ79G\"\n                    ]\n                  },\n                  {\n                    \"pattern\": \"YP4*98K\",\n                    \"exclude\": [\n                      \"STT45H\"\n                    ],\n                    \"info\": \"Gp.r*HJd\"\n                  },\n                  {\n                    \"or\": []\n                  },\n                  {\n                    \"and\": [\n                      {\n                        \"pattern\": \"VH703T\",\n                        \"exclude\": \"JH3137\"\n                      }\n                    ]\n                  }\n                ]\n              },\n              \"satisfy\": [\n                {\n                  \"mc\": \"<=75\"\n                }\n              ],\n              \"url\": \"https://v1ooula0.noqy/@%F0%AA%B8%B6K47/_%F2%9C%AE%80%F3%8F%A9%9A1@A%F3%A3%B3%AAU!/$Fy/rW%F1%81%96%80z$\",\n              \"isSelectable\": true,\n              \"\": {\n                \"name\": \"Jfw=;\",\n                \"match\": {\n                  \"and\": [\n                    {\n                      \"or\": []\n                    }\n                  ]\n                },\n                \"satisfy\": \"Kz/\",\n                \"url\": \"http://d.c.iqzwua9tyt7.vhnlvmvbr/\",\n                \"isSelectable\": true,\n                \"T{\": {\n                  \"name\": \"Y0Dxgsgp[\",\n                  \"ay\": 1959,\n                  \"assign\": \"Fr26`&\",\n                  \"match\": [\n                    {\n                      \"pattern\": \"MAT0\",\n                      \"exclude\": \"OY186J\",\n                      \"info\": \"Vt\"\n                    },\n                    {\n                      \"or\": [\n                        {\n                          \"or\": [\n                            {\n                              \"or\": []\n                            },\n                            {\n                              \"or\": []\n                            },\n                            {\n                              \"and\": [\n                                \"XIY6019\"\n                              ]\n                            },\n                            {\n                              \"and\": [\n                                \"RTL84O\",\n                                \"UW3\",\n                                {\n                                  \"pattern\": \"DOD408N\",\n                                  \"exclude\": [\n                                    \"KMW37X\"\n                                  ]\n                                },\n                                \"ZEJ006J\",\n                                \"BDF12E\"\n                              ]\n                            },\n                            \"TSx7F\"\n                          ]\n                        }\n                      ]\n                    }\n                  ],\n                  \"satisfy\": {\n                    \"and\": [\n                      \"H7SuZ:,\"\n                    ]\n                  },\n                  \"url\": \"https://4i3mxm7qwd2wxil054tm8em2je43ibn-x0o-p4hufzi-fj20tat3l-dqbe4.bfbjnipaf3mxh0cf0w05ix96srsp7m-0pvjn7nz54ea246nb6b1oj.6q7c6sm2og93iojtdyjfmbwma79aviawbm7.5.bd2jfqdlbkrjgpazjj0lf7nhqgy4uz3htpo4.lnhcozix/%F2%8A%BB%81EP*4E%F1%B1%88%9DfT/R&cBefG(/rd/QLUh/\",\n                  \"info\": \"[\\\"pK\",\n                  \"isSelectable\": true\n                },\n                \"&\": {\n                  \"name\": \"#Hk#>sJ2\",\n                  \"ay\": 2007,\n                  \"assign\": [\n                    \"eOi8<\\\"\"\n                  ],\n                  \"match\": \"YML2146\",\n                  \"url\": \"http://s252r9y37kgtxqc8bd4tvrvm7qu4ozuvp6lo8.3.jpoy3w7sc5xnm5myxljctrtpqi.1.7q-2xow14eqmdpe1sse8ya24f.hqe/C/%E4%BB%97\",\n                  \"info\": \"&r\\\\i{8\"\n                },\n                \"z;eCa~hs=\": {\n                  \"name\": \"ar'{\",\n                  \"ay\": 2026,\n                  \"assign\": [\n                    \"9\",\n                    \"`\",\n                    \"!Y\"\n                  ],\n                  \"match\": [\n                    {\n                      \"and\": [\n                        {\n                          \"and\": [\n                            \"IW94E\"\n                          ]\n                        },\n                        {\n                          \"pattern\": \"AFK349x\",\n                          \"exclude\": [\n                            \"LZ6P\",\n                            \"KH4115W\",\n                            \"NQ16\"\n                          ],\n                          \"info\": \"C\"\n                        }\n                      ]\n                    },\n                    \"MQ7751\"\n                  ],\n                  \"satisfy\": {\n                    \"and\": [\n                      \"{54gCWqBbR\"\n                    ]\n                  },\n                  \"url\": \"https://x-4aq6d7lfyjhzlvrigdamcuk4pws9n.8i13-vyx8pho7axvf1cqbccufj8v9gmbjbgs5gfezmj6a.dwoxlzmnb/SjAYtsS/+7S~/q/f-(/=GxWZQrp\",\n                  \"isSelectable\": true\n                },\n                \"eKt:7K;\": {\n                  \"ay\": 1956,\n                  \"assign\": [\n                    \"(Z;BYFE\",\n                    \".l\",\n                    \"f\",\n                    \"iE\\\"\"\n                  ],\n                  \"match\": {\n                    \"or\": [\n                      {\n                        \"or\": [\n                          \"NJx*95I\",\n                          \"RH75\",\n                          \"GE676\",\n                          \"KJS2*7L\",\n                          {\n                            \"and\": [\n                              \"WB3471X\",\n                              \"BHQ6xY\"\n                            ]\n                          }\n                        ]\n                      },\n                      {\n                        \"pattern\": \"PKI281W\",\n                        \"exclude\": \"ZU092\",\n                        \"info\": \"J\"\n                      },\n                      {\n                        \"pattern\": \"UN4Z\",\n                        \"exclude\": [\n                          \"WHO506\",\n                          \"SH4A\",\n                          \"UGM549H\",\n                          \"BCN1L\",\n                          \"JJU1900\"\n                        ],\n                        \"info\": \"pa)4\"\n                      },\n                      {\n                        \"and\": [\n                          \"BWJ9E\",\n                          \"CT529\"\n                        ]\n                      },\n                      \"MK80**\"\n                    ]\n                  },\n                  \"satisfy\": {\n                    \"mc\": \">=72\"\n                  },\n                  \"url\": \"http://zj.yzzaelpxczvwutf6yq6bfrkr400opnq4e6ny1z.mxbyt4uevsrlqw8h8.pidpkg-haxwh38u-jpmds9bw3o6bsw4ytx64gxydfkhb2ujv3bx6sft.t8m8m73xj-jhll2lpeu1zzk-bo47.emxfjdt/w-g)jpAW7w/p9!;LB1n/tk%F2%99%AD%B6(*6//Mw'jWo/Q%F3%A9%92%A6(Y.iJR/+YrfO(/!T=/P;L2-=QM\",\n                  \"isSelectable\": true\n                }\n              },\n              \"(4dFfwL\": {\n                \"name\": \"\",\n                \"ay\": 1987,\n                \"assign\": \"s#{r\",\n                \"match\": [\n                  {\n                    \"pattern\": \"MGEx8L\",\n                    \"exclude\": \"FNQ36*4V\"\n                  },\n                  {\n                    \"and\": [\n                      \"CQA64*H\",\n                      {\n                        \"pattern\": \"NXW8790\",\n                        \"exclude\": \"GE94S\",\n                        \"info\": \"GNROjv>hk\"\n                      },\n                      {\n                        \"pattern\": \"XC55F\",\n                        \"exclude\": [\n                          \"FPS296\",\n                          \"BE5\"\n                        ],\n                        \"info\": \"\"\n                      },\n                      \"GTB7Y\",\n                      {\n                        \"pattern\": \"EQ7086X\",\n                        \"exclude\": [\n                          \"CEG92C\",\n                          \"AV4*2\",\n                          \"CL204\"\n                        ],\n                        \"info\": \"1E6fyof=P\\\"\"\n                      }\n                    ]\n                  },\n                  \"RHCx52\"\n                ],\n                \"satisfy\": {\n                  \"or\": [\n                    {\n                      \"mc\": \"<=64\"\n                    },\n                    \"-i\",\n                    {\n                      \"or\": [\n                        \"\",\n                        {\n                          \"or\": [\n                            {\n                              \"and\": []\n                            }\n                          ]\n                        },\n                        {\n                          \"mc\": \"<=164\"\n                        }\n                      ]\n                    },\n                    {\n                      \"or\": [\n                        {\n                          \"or\": []\n                        },\n                        {\n                          \"or\": [\n                            {\n                              \"and\": [\n                                \"'c-a%Pc\",\n                                \"n~\",\n                                \"|\"\n                              ]\n                            },\n                            {\n                              \"and\": [\n                                \"Mw\",\n                                \"c28LT|6!1D\",\n                                \"\",\n                                \"O-iaEld?KM\"\n                              ]\n                            },\n                            {\n                              \"mc\": \"<=56\"\n                            }\n                          ]\n                        },\n                        \"\"\n                      ]\n                    }\n                  ]\n                },\n                \"url\": \"http://xp2fg16vrdvz7m4.favs.l4uzq5e3dfe947kqxn.pk9vok98i3fk-zu6652mpa-236ot70l8eroa0-2eoso.385f2egqkrm53mfsletxs5azujm5yj4f1tr93jy844bh2.zvjjitwz\",\n                \"isSelectable\": true\n              }\n            },\n            \"\": {\n              \"name\": \"=9$:Y5\\\\ \",\n              \"ay\": 1965,\n              \"assign\": \",Nn\",\n              \"match\": {\n                \"pattern\": \"LG2\",\n                \"exclude\": \"PJ2272\"\n              },\n              \"url\": \"https://f.j4k.lzbfiy46w4ew6qb1g4tcy5v-g6re2lh1o1acli52loe.sciz/%F3%A6%9B%85Wc;';6Mg/SS5n)!E/kn%F3%9B%A9%85a&C,/%F1%BB%89%8DlLk$Px/X8L_ic5//931~V2Ueu*/.qST0:Hp/;Pb+5F:c/)\",\n              \"info\": \"|IH\",\n              \"isSelectable\": true\n            }\n          },\n          \"5.^LeV\": {\n            \"name\": \"hy\",\n            \"ay\": 1968,\n            \"assign\": [],\n            \"match\": [\n              {\n                \"pattern\": \"JSS7006G\",\n                \"exclude\": [\n                  \"ZH4xB\",\n                  \"HSR1343\",\n                  \"JL800*E\",\n                  \"NI81P\",\n                  \"GC*564K\"\n                ]\n              },\n              {\n                \"and\": []\n              }\n            ],\n            \"satisfy\": [\n              \"''P/b9*+4_\",\n              {\n                \"or\": [\n                  {\n                    \"and\": [\n                      {\n                        \"mc\": \">=176\"\n                      },\n                      {\n                        \"and\": [\n                          \":h\",\n                          {\n                            \"mc\": \">=158\"\n                          }\n                        ]\n                      },\n                      {\n                        \"mc\": \"<=101\"\n                      },\n                      {\n                        \"mc\": \">=50\"\n                      }\n                    ]\n                  },\n                  \"('\",\n                  \"rp<f-\",\n                  {\n                    \"mc\": \"<=174\"\n                  }\n                ]\n              }\n            ],\n            \"url\": \"http://j.z.9sc3w1msos1y041satbl1ev474g2k-fiwsrmqo6jllpg6wyvfxr609aeom5tx.aykcoa/t%F2%90%8F%BBqH/BX%F3%AC%90%A9%F2%B5%BB%83g/)3mv4y'J//z;O%F2%BC%B2%99n.Wa/:DPp0)B~rU/Y%F4%82%B5%9A=//yJ7UMj/)%EF%A3%93eq(S\",\n            \"info\": \"8D&7\\\\'\",\n            \"isSelectable\": true\n          },\n          \"80:Gy,tI\": {\n            \"name\": \"k,\",\n            \"ay\": 1982,\n            \"assign\": \"1YH u<\\\\\",\n            \"match\": [\n              \"FUC0\"\n            ],\n            \"satisfy\": {\n              \"or\": [\n                {\n                  \"and\": [\n                    {\n                      \"or\": [\n                        \"WC,2B[sm\",\n                        {\n                          \"and\": [\n                            \",\",\n                            {\n                              \"and\": [\n                                \"b_\"\n                              ]\n                            },\n                            \"2\",\n                            \"\",\n                            \"(lG\"\n                          ]\n                        }\n                      ]\n                    }\n                  ]\n                },\n                {\n                  \"or\": []\n                },\n                \"ZC^r\"\n              ]\n            },\n            \"url\": \"https://d6qo702gpuayhk67ypxqnxspgtnnxlpr0gaj62k5vtznd-jen-d3.bqyk/I5d=13bqP//bvSd_%F1%A2%8D%80/K9/+%F3%8F%BA%88_VM/N)Aa/%F4%82%A2%96_;ls/L@\",\n            \"isSelectable\": true,\n            \"H+w6\": {\n              \"name\": \" \",\n              \"ay\": 2001,\n              \"assign\": \"s:cQ\",\n              \"match\": [\n                {\n                  \"and\": [\n                    \"SCZ4x\",\n                    {\n                      \"or\": [\n                        \"VN463H\",\n                        \"XOS91\",\n                        \"IAF*x\",\n                        \"GL1\"\n                      ]\n                    }\n                  ]\n                },\n                {\n                  \"and\": [\n                    {\n                      \"pattern\": \"KBZ0T\",\n                      \"info\": \"O&_]NVN\"\n                    },\n                    {\n                      \"and\": [\n                        \"QJW3993\",\n                        \"TK71*H\",\n                        {\n                          \"or\": [\n                            \"KHx6\",\n                            {\n                              \"and\": [\n                                {\n                                  \"or\": []\n                                },\n                                \"EZ2\",\n                                \"ECT63\"\n                              ]\n                            }\n                          ]\n                        },\n                        {\n                          \"or\": [\n                            \"TV5I\",\n                            \"PC6\",\n                            {\n                              \"and\": [\n                                \"FJE1*x6\",\n                                \"QSJ6Z\",\n                                {\n                                  \"pattern\": \"MPA082Q\",\n                                  \"exclude\": [\n                                    \"MFD1171E\",\n                                    \"ZOQ3V\",\n                                    \"QX92\",\n                                    \"WD2W\",\n                                    \"PVxZ\"\n                                  ]\n                                }\n                              ]\n                            }\n                          ]\n                        }\n                      ]\n                    },\n                    {\n                      \"and\": [\n                        \"DGX54\",\n                        {\n                          \"or\": [\n                            \"LH28I\",\n                            {\n                              \"pattern\": \"JKA87X\",\n                              \"exclude\": [\n                                \"SB452P\",\n                                \"DPI47W\",\n                                \"QQ5x0O\",\n                                \"GIx*76\",\n                                \"WUZ9W\"\n                              ],\n                              \"info\": \"\"\n                            },\n                            \"AF5\",\n                            \"KJT*796L\",\n                            \"GP5251U\"\n                          ]\n                        }\n                      ]\n                    },\n                    {\n                      \"pattern\": \"ZME0\",\n                      \"exclude\": \"CWF07*xZ\",\n                      \"info\": \"gXt,X.2\"\n                    }\n                  ]\n                },\n                \"STF1758R\"\n              ],\n              \"satisfy\": {\n                \"mc\": \">=31\"\n              },\n              \"url\": \"https://n.6t69er3.bcv/IF;/%F2%BD%B7%A1PCo4-/3bK%F0%A4%98%BCP7G/%F2%B0%8B%8043fSi=\",\n              \"info\": \"T`v\",\n              \"isSelectable\": true\n            },\n            \"W+i y8<.H \": {\n              \"name\": \"\\\\\",\n              \"ay\": 2025,\n              \"assign\": [],\n              \"match\": [\n                {\n                  \"pattern\": \"TGU72\",\n                  \"exclude\": [\n                    \"LL7P\"\n                  ],\n                  \"info\": \"`M:?D>!\"\n                },\n                {\n                  \"or\": [\n                    {\n                      \"and\": [\n                        \"WHA7\",\n                        \"TA60\",\n                        {\n                          \"pattern\": \"SG5x10M\",\n                          \"exclude\": \"LJW167D\"\n                        },\n                        {\n                          \"pattern\": \"OWF9C\",\n                          \"exclude\": [\n                            \"ALB9278E\",\n                            \"WAI9598\"\n                          ]\n                        },\n                        {\n                          \"or\": [\n                            {\n                              \"and\": [\n                                \"IH097G\",\n                                {\n                                  \"pattern\": \"MYP0\",\n                                  \"exclude\": \"MP662\",\n                                  \"info\": \"N\"\n                                }\n                              ]\n                            },\n                            {\n                              \"pattern\": \"NWQ*9\",\n                              \"exclude\": [\n                                \"NDI562Q\",\n                                \"EX4\",\n                                \"AIZ07x\",\n                                \"CX6025B\",\n                                \"IL3\"\n                              ],\n                              \"info\": \"x5tFkKIZY\"\n                            },\n                            {\n                              \"pattern\": \"RGI354F\",\n                              \"exclude\": \"RX7\",\n                              \"info\": \"p(\"\n                            },\n                            \"RT51x9\",\n                            {\n                              \"pattern\": \"NM8x4xJ\",\n                              \"exclude\": []\n                            }\n                          ]\n                        }\n                      ]\n                    },\n                    {\n                      \"and\": []\n                    }\n                  ]\n                },\n                {\n                  \"or\": [\n                    {\n                      \"or\": [\n                        {\n                          \"pattern\": \"PQU23\",\n                          \"exclude\": \"WQ651\",\n                          \"info\": \"^,\"\n                        },\n                        {\n                          \"or\": [\n                            \"EK**22\",\n                            \"ES5828G\",\n                            \"KG5\",\n                            \"AWB796M\"\n                          ]\n                        },\n                        \"QTA13\",\n                        {\n                          \"or\": [\n                            \"JO143*N\",\n                            \"IK*\",\n                            \"LN312V\"\n                          ]\n                        }\n                      ]\n                    },\n                    {\n                      \"or\": [\n                        {\n                          \"pattern\": \"MJ65xQ\",\n                          \"exclude\": [\n                            \"BLK5173\",\n                            \"VIIx577\"\n                          ],\n                          \"info\": \"k<\"\n                        },\n                        \"EC070*L\"\n                      ]\n                    },\n                    {\n                      \"or\": []\n                    },\n                    \"XGB*8J\"\n                  ]\n                }\n              ],\n              \"satisfy\": {\n                \"mc\": \"<=44\"\n              },\n              \"url\": \"https://u83-6obfdwc75gj2a9t6x23h.5u4yshu-nskd3eadq0r2ar9jj6ojshfazii7xo5p1.savnwnoywo//Wn/%F2%A4%BF%A7S+q~//%F1%B5%88%B5c%F3%AF%8D%ABX/F!m!!-P5%F2%BE%9C%81/K//=o/GsS0XZlAt%F1%A3%A7%BF\",\n              \"info\": \".-utER:\",\n              \"isSelectable\": true\n            },\n            \"ei7VJJw\": {\n              \"ay\": 1963,\n              \"match\": {\n                \"and\": [\n                  {\n                    \"pattern\": \"VVI**9\",\n                    \"exclude\": [],\n                    \"info\": \",{cR\"\n                  },\n                  {\n                    \"or\": [\n                      {\n                        \"or\": [\n                          \"IPX8K\",\n                          {\n                            \"pattern\": \"QWV024D\",\n                            \"exclude\": [\n                              \"CN71xI\",\n                              \"UQ87Z\",\n                              \"TJJ8**U\",\n                              \"WF58x1\",\n                              \"TCN624I\"\n                            ],\n                            \"info\": \"(5#T\"\n                          },\n                          \"IVx33K\",\n                          \"UPJ6\"\n                        ]\n                      },\n                      {\n                        \"and\": []\n                      }\n                    ]\n                  },\n                  {\n                    \"or\": [\n                      \"OVS7629S\",\n                      \"ML652*I\",\n                      {\n                        \"pattern\": \"AJS*29R\",\n                        \"exclude\": \"JHC2*8\",\n                        \"info\": \"D\"\n                      },\n                      \"LT*\"\n                    ]\n                  }\n                ]\n              },\n              \"url\": \"https://k313fgqty1-5fx1w3-458yipe9lbyduer0xskcopuv47vxiy3t1qmqlvudr5h9.ixndvpv7.aegfl9fcdhmquz6aapbhs-io0c21uult5c0ek.3hnhdpg-4o9qcap9i8yfjig30jfqeyw21n1cfefm2bvi2et.5szxhdszjfgtc4y0gjvyeyzhgxem72b2xz.iexkcexly/9%F0%B0%8F%99@1nHdy9W/E%F2%84%B8%ACQQ.tm/W(n,xmNE/S@jVC+WM//2o4PBGk*qk/SD&%F3%9F%96%8A!0LF-L/2aIBL6/SR1gF\",\n              \"info\": \"t|S2\",\n              \"isSelectable\": true\n            }\n          }\n        }\n      },\n      \"aWW0k0*\": {\n        \"ay\": 1991,\n        \"assign\": [\n          \"oR=<;OnD\",\n          \"C6\",\n          \"w$bsj/o\\\"a\",\n          \"kO@W9gm\",\n          \"t~`\"\n        ],\n        \"satisfy\": {\n          \"and\": [\n            {\n              \"or\": [\n                \"\",\n                \"aKg9\\\\l~U}\",\n                {\n                  \"mc\": \"<=25\"\n                }\n              ]\n            },\n            {\n              \"mc\": \"<=33\"\n            },\n            \",m<Xr$4Z\",\n            {\n              \"and\": [\n                {\n                  \"and\": [\n                    \")s0/\",\n                    \"S)\\\\P1np\",\n                    {\n                      \"or\": [\n                        \"]cCYV E^\",\n                        \"vjv!B\",\n                        \"=T4\",\n                        \"\",\n                        {\n                          \"and\": [\n                            \"I`;wm*y\",\n                            {\n                              \"or\": []\n                            },\n                            \"Na!M=~[\"\n                          ]\n                        }\n                      ]\n                    },\n                    \"s%\",\n                    \"IY2c\"\n                  ]\n                }\n              ]\n            }\n          ]\n        },\n        \"info\": \"T@gY\",\n        \"isSelectable\": true\n      }\n    }\n  },\n  {\n    \"title\": \"block sample 7\",\n    \"value\": {\n      \"assign\": [\n        \"~5(xp \",\n        \"z/Q`^o8\",\n        \"|G{R8u,4m.\"\n      ],\n      \"satisfy\": [\n        {\n          \"mc\": \"<=27\"\n        },\n        {\n          \"or\": [\n            \"x EQ%\\\"%x%\",\n            \"j_btCCQ))\"\n          ]\n        }\n      ],\n      \"url\": \"https://2y6v-o8sfdr1knyyau9clgs8fmnzuke7-2xjsrxdv4bs9vbbf7.ddq/3I-pz/p/lLJhxPA/Dnzt%EA%AF%BEu72\",\n      \"isSelectable\": true\n    }\n  },\n  {\n    \"title\": \"block sample 8\",\n    \"value\": {\n      \"name\": \"~%9\",\n      \"ay\": 2023,\n      \"assign\": \"$-\\\"$Oks\\\"\",\n      \"match\": {\n        \"or\": [\n          {\n            \"or\": []\n          },\n          {\n            \"and\": [\n              {\n                \"pattern\": \"BD488V\",\n                \"exclude\": [],\n                \"info\": \"IS(dBVj%N\"\n              },\n              {\n                \"and\": [\n                  \"GDT47*2D\"\n                ]\n              },\n              {\n                \"or\": [\n                  {\n                    \"and\": [\n                      \"TT8*B\",\n                      \"BC1\",\n                      \"GFx20\",\n                      \"MAM6\",\n                      {\n                        \"pattern\": \"GBR4\"\n                      }\n                    ]\n                  },\n                  \"PTK7\",\n                  {\n                    \"or\": [\n                      {\n                        \"pattern\": \"JI5830L\",\n                        \"info\": \"~cv`@0\"\n                      },\n                      \"NVx\",\n                      \"GFS4*xA\"\n                    ]\n                  },\n                  {\n                    \"or\": []\n                  },\n                  \"XWS6\"\n                ]\n              }\n            ]\n          }\n        ]\n      },\n      \"satisfy\": [\n        \"Q\",\n        {\n          \"and\": [\n            {\n              \"mc\": \">=2\"\n            },\n            {\n              \"and\": [\n                \"t\"\n              ]\n            }\n          ]\n        },\n        {\n          \"mc\": \"<=181\"\n        },\n        {\n          \"or\": [\n            {\n              \"and\": [\n                {\n                  \"and\": [\n                    \"k'\"\n                  ]\n                },\n                {\n                  \"or\": [\n                    \"vDKY\",\n                    \"Qx\",\n                    \"+_yY\"\n                  ]\n                },\n                \"~a@M=:^&I\"\n              ]\n            },\n            \"\",\n            {\n              \"or\": []\n            },\n            {\n              \"or\": [\n                {\n                  \"and\": [\n                    {\n                      \"or\": [\n                        \"*X-\",\n                        \"VcZX\",\n                        \"u\"\n                      ]\n                    },\n                    \"aD4\",\n                    \"9E~<%2+~*Q\",\n                    \"98X\",\n                    \"|}+E?)\"\n                  ]\n                }\n              ]\n            },\n            {\n              \"or\": []\n            }\n          ]\n        }\n      ],\n      \"url\": \"http://h78dbxdgs1gqijmn6i6y7dreffakbjxfl7qve0ecgfqbuabfbd.76u4z4lvwtrytsnd2isr586-ctwt4hio4yqzo99-i6lgcskhxf9pungz7rb.ywmpxenn/@*x3rE1/%F4%84%9B%B6:%F2%BD%B9%8D/0\",\n      \"info\": \"cIPPU>Eo)\",\n      \"isSelectable\": true\n    }\n  },\n  {\n    \"title\": \"block sample 9\",\n    \"value\": {\n      \"name\": \"x~#}T\",\n      \"ay\": 1956,\n      \"assign\": \"-#j9?!\",\n      \"match\": [\n        {\n          \"or\": [\n            \"VK8J\",\n            \"WFJx0*\",\n            {\n              \"and\": [\n                {\n                  \"pattern\": \"WCV699\",\n                  \"exclude\": \"TNU28\",\n                  \"info\": \"}I/=5|@q\"\n                },\n                {\n                  \"pattern\": \"EE256\",\n                  \"exclude\": \"QIY13\",\n                  \"info\": \"bB5A\"\n                },\n                \"XV775x\",\n                \"MU3622Z\",\n                {\n                  \"or\": [\n                    {\n                      \"and\": [\n                        \"XRN703\",\n                        \"FB0H\",\n                        \"SG22R\"\n                      ]\n                    },\n                    \"NYQ5305J\",\n                    \"TL80C\",\n                    {\n                      \"and\": [\n                        \"YS4C\",\n                        \"NDV2
[...]
              "fullTitle": "inequalitySatisfier should truncate list of modules with upper bound of MCs at exact cutoff if total MC count is higher and there exists some starting sequence with exact MC count",
              "timedOut": false,
              "duration": 0,
              "state": "passed",
              "speed": "fast",
              "pass": true,
              "fail": false,
              "pending": false,
              "context": null,
              "code": "const satisfier = satisfiers_1.inequalitySatisfier(ref, \"<=16\");\nsatisfier.should.have.property(\"filter\");\nconst { filter } = satisfier;\nisCorrectFilter(filter, modulesList1, [\n    \"CS2100\",\n    \"GER1000\",\n    \"CS2040S\",\n    \"ST2131\",\n]);",
              "err": {},
              "uuid": "678ad133-3426-4096-a766-0183ba77e1f2",
              "parentUUID": "8c98437b-23ba-43a6-bd01-fe0d8185bcbb",
              "isHook": false,
              "skipped": false
            },
            {
              "title": "should truncate list of modules with upper bound of MCs, cutting off at the minimum starting sequence that exceeds upper bound, if total MC count is higher and there exists no starting sequence with exact MC count",
              "fullTitle": "inequalitySatisfier should truncate list of modules with upper bound of MCs, cutting off at the minimum starting sequence that exceeds upper bound, if total MC count is higher and there exists no starting sequence with exact MC count",
              "timedOut": false,
              "duration": 1,
              "state": "passed",
              "speed": "fast",
              "pass": true,
              "fail": false,
              "pending": false,
              "context": null,
              "code": "const satisfier = satisfiers_1.inequalitySatisfier(ref, \"<=17\");\nsatisfier.should.have.property(\"filter\");\nconst { filter } = satisfier;\nisCorrectFilter(filter, modulesList1, [\n    \"CS2100\",\n    \"GER1000\",\n    \"CS2040S\",\n    \"ST2131\",\n    \"MA1521\",\n]);",
              "err": {},
              "uuid": "137727f8-edf5-4d0b-a57f-ffda74a70048",
              "parentUUID": "8c98437b-23ba-43a6-bd01-fe0d8185bcbb",
              "isHook": false,
              "skipped": false
            }
          ],
          "suites": [],
          "passes": [
            "4e78b5b9-83d1-4361-ad00-0ddbb5b87712",
            "8ee7dd7b-cd4a-4275-9690-aed443d4d7e3",
            "b64a8b21-e542-449d-94dc-9e2be9badc98",
            "e8fc0890-8904-4065-889b-1c3a49b8675e",
            "f6a9d955-7870-4f67-b9d7-03cad5d7c709",
            "678ad133-3426-4096-a766-0183ba77e1f2",
            "137727f8-edf5-4d0b-a57f-ffda74a70048"
          ],
          "failures": [],
          "pending": [],
          "skipped": [],
          "duration": 2,
          "root": false,
          "rootEmpty": false,
          "_timeout": 2000
        },
        {
          "uuid": "64470620-e6b5-4508-a1e9-14614d7aa5d6",
          "title": "inequalitySchema",
          "fullFile": "/home/runner/work/planwithus-lib/planwithus-lib/src/satisfyRule/inequality/schemas.test.ts",
          "file": "/src/satisfyRule/inequality/schemas.test.ts",
          "beforeHooks": [],
          "afterHooks": [],
          "tests": [
            {
              "title": "should validate inequality in the form <=n or >=n",
              "fullTitle": "inequalitySchema should validate inequality in the form <=n or >=n",
              "timedOut": false,
              "duration": 1,
              "state": "passed",
              "speed": "fast",
              "pass": true,
              "fail": false,
              "pending": false,
              "context": "[\n  {\n    \"title\": \"inequality sample 0\",\n    \"value\": \"<=81\"\n  },\n  {\n    \"title\": \"inequality sample 1\",\n    \"value\": \">=115\"\n  },\n  {\n    \"title\": \"inequality sample 2\",\n    \"value\": \"<=179\"\n  },\n  {\n    \"title\": \"inequality sample 3\",\n    \"value\": \"<=195\"\n  },\n  {\n    \"title\": \"inequality sample 4\",\n    \"value\": \"<=102\"\n  },\n  {\n    \"title\": \"inequality sample 5\",\n    \"value\": \">=196\"\n  },\n  {\n    \"title\": \"inequality sample 6\",\n    \"value\": \"<=104\"\n  },\n  {\n    \"title\": \"inequality sample 7\",\n    \"value\": \"<=69\"\n  },\n  {\n    \"title\": \"inequality sample 8\",\n    \"value\": \"<=134\"\n  },\n  {\n    \"title\": \"inequality sample 9\",\n    \"value\": \">=4\"\n  }\n]",
              "code": "fast_check_1.sample(index_test_2.inequality, 10).forEach((sample, i) => addContext_1.default(this, {\n    title: `inequality sample ${i}`,\n    value: sample,\n}));\nreturn fast_check_1.assert(fast_check_1.property(index_test_2.inequality, ajvValidate));",
              "err": {},
              "uuid": "eabbef45-02cc-4ce4-8f33-ca3411ce49fb",
              "parentUUID": "64470620-e6b5-4508-a1e9-14614d7aa5d6",
              "isHook": false,
              "skipped": false
            },
            {
              "title": "should not validate inequality of invalid form",
              "fullTitle": "inequalitySchema should not validate inequality of invalid form",
              "timedOut": false,
              "duration": 2,
              "state": "passed",
              "speed": "fast",
              "pass": true,
              "fail": false,
              "pending": false,
              "context": null,
              "code": "[\n        \"\",\n        \"==23\",\n        \"23\",\n        \"<23\",\n        \">23\",\n        \"<=-1\",\n        \">=-1\",\n        \"<= 2\",\n        \">= 1\",\n        \"> 3\",\n        \"< 3\",\n        \"<=3a\",\n        \">=3a\",\n        \"a<=3\",\n        \"a>=3\",\n    ].forEach(isInvalidInequality)",
              "err": {},
              "uuid": "67e02e07-28ee-4132-b232-d86ab2d7f2de",
              "parentUUID": "64470620-e6b5-4508-a1e9-14614d7aa5d6",
              "isHook": false,
              "skipped": false
            }
          ],
          "suites": [],
          "passes": [
            "eabbef45-02cc-4ce4-8f33-ca3411ce49fb",
            "67e02e07-28ee-4132-b232-d86ab2d7f2de"
          ],
          "failures": [],
          "pending": [],
          "skipped": [],
          "duration": 3,
          "root": false,
          "rootEmpty": false,
          "_timeout": 2000
        },
        {
          "uuid": "a1d017c7-0744-4bc3-8a77-444228b136bb",
          "title": "satisfyRuleSchema",
          "fullFile": "/home/runner/work/planwithus-lib/planwithus-lib/src/satisfyRule/schemas.test.ts",
          "file": "/src/satisfyRule/schemas.test.ts",
          "beforeHooks": [],
          "afterHooks": [],
          "tests": [
            {
              "title": "should validate satisfy rule with valid block id",
              "fullTitle": "satisfyRuleSchema should validate satisfy rule with valid block id",
              "timedOut": false,
              "duration": 1,
              "state": "passed",
              "speed": "fast",
              "pass": true,
              "fail": false,
              "pending": false,
              "context": null,
              "code": "fast_check_1.assert(fast_check_1.property(fast_check_1.string(), ajvValidate)",
              "err": {},
              "uuid": "22e708b2-12d2-4beb-9d85-4afb848807a3",
              "parentUUID": "a1d017c7-0744-4bc3-8a77-444228b136bb",
              "isHook": false,
              "skipped": false
            },
            {
              "title": "should validate satisfy rules with valid mc",
              "fullTitle": "satisfyRuleSchema should validate satisfy rules with valid mc",
              "timedOut": false,
              "duration": 1,
              "state": "passed",
              "speed": "fast",
              "pass": true,
              "fail": false,
              "pending": false,
              "context": "[\n  {\n    \"title\": \"mcSatisfyRule sample 0\",\n    \"value\": {\n      \"mc\": \"<=190\"\n    }\n  },\n  {\n    \"title\": \"mcSatisfyRule sample 1\",\n    \"value\": {\n      \"mc\": \"<=25\"\n    }\n  },\n  {\n    \"title\": \"mcSatisfyRule sample 2\",\n    \"value\": {\n      \"mc\": \"<=10\"\n    }\n  },\n  {\n    \"title\": \"mcSatisfyRule sample 3\",\n    \"value\": {\n      \"mc\": \">=195\"\n    }\n  },\n  {\n    \"title\": \"mcSatisfyRule sample 4\",\n    \"value\": {\n      \"mc\": \">=1\"\n    }\n  },\n  {\n    \"title\": \"mcSatisfyRule sample 5\",\n    \"value\": {\n      \"mc\": \"<=36\"\n    }\n  },\n  {\n    \"title\": \"mcSatisfyRule sample 6\",\n    \"value\": {\n      \"mc\": \">=6\"\n    }\n  },\n  {\n    \"title\": \"mcSatisfyRule sample 7\",\n    \"value\": {\n      \"mc\": \"<=7\"\n    }\n  },\n  {\n    \"title\": \"mcSatisfyRule sample 8\",\n    \"value\": {\n      \"mc\": \"<=109\"\n    }\n  },\n  {\n    \"title\": \"mcSatisfyRule sample 9\",\n    \"value\": {\n      \"mc\": \">=194\"\n    }\n  }\n]",
              "code": "fast_check_1.sample(index_test_2.mcSatisfyRule, 10).forEach((sample, i) => addContext_1.default(this, {\n    title: `mcSatisfyRule sample ${i}`,\n    value: sample,\n}));\nreturn fast_check_1.assert(fast_check_1.property(index_test_2.mcSatisfyRule, ajvValidate));",
              "err": {},
              "uuid": "a7a3357b-12cf-40c2-8c73-2b5e70f43fe3",
              "parentUUID": "a1d017c7-0744-4bc3-8a77-444228b136bb",
              "isHook": false,
              "skipped": false
            },
            {
              "title": "should validate valid recursive satisfy rules",
              "fullTitle": "satisfyRuleSchema should validate valid recursive satisfy rules",
              "timedOut": false,
              "duration": 5,
              "state": "passed",
              "speed": "fast",
              "pass": true,
              "fail": false,
              "pending": false,
              "context": "[\n  {\n    \"title\": \"satisfyRule sample 0\",\n    \"value\": {\n      \"and\": [\n        {\n          \"mc\": \">=83\"\n        }\n      ]\n    }\n  },\n  {\n    \"title\": \"satisfyRule sample 1\",\n    \"value\": {\n      \"and\": [\n        {\n          \"mc\": \">=122\"\n        },\n        {\n          \"mc\": \">=175\"\n        },\n        {\n          \"and\": [\n            {\n              \"and\": [\n                \"-\",\n                \"4b\",\n                \"~wZ_\",\n                \"w;+W\"\n              ]\n            }\n          ]\n        }\n      ]\n    }\n  },\n  {\n    \"title\": \"satisfyRule sample 2\",\n    \"value\": {\n      \"and\": [\n        {\n          \"mc\": \">=10\"\n        }\n      ]\n    }\n  },\n  {\n    \"title\": \"satisfyRule sample 3\",\n    \"value\": \"6w5NIrnKx<\"\n  },\n  {\n    \"title\": \"satisfyRule sample 4\",\n    \"value\": {\n      \"or\": [\n        \"\",\n        \"2[xD\",\n        \"fl:JPg\"\n      ]\n    }\n  },\n  {\n    \"title\": \"satisfyRule sample 5\",\n    \"value\": {\n      \"and\": [\n        {\n          \"mc\": \"<=47\"\n        }\n      ]\n    }\n  },\n  {\n    \"title\": \"satisfyRule sample 6\",\n    \"value\": {\n      \"or\": [\n        \"gN\"\n      ]\n    }\n  },\n  {\n    \"title\": \"satisfyRule sample 7\",\n    \"value\": \"4] \"\n  },\n  {\n    \"title\": \"satisfyRule sample 8\",\n    \"value\": {\n      \"and\": []\n    }\n  },\n  {\n    \"title\": \"satisfyRule sample 9\",\n    \"value\": {\n      \"and\": [\n        {\n          \"or\": [\n            {\n              \"and\": [\n                \"#1\\\\\"\n              ]\n            },\n            \":h`@l\"\n          ]\n        },\n        {\n          \"and\": [\n            {\n              \"and\": [\n                {\n                  \"or\": [\n                    {\n                      \"or\": []\n                    }\n                  ]\n                },\n                \"ftl&K\"\n              ]\n            },\n            \"MqY|'\",\n            {\n              \"or\": [\n                \"|Vyt/\",\n                {\n                  \"or\": [\n                    \"M:r\"\n                  ]\n                },\n                {\n                  \"and\": [\n                    \"xu`aL}XXt:\",\n                    \"SD%\\\"O~mdJz\",\n                    \"Q\"\n                  ]\n                },\n                \"ab>MTHol\"\n              ]\n            },\n            {\n              \"and\": [\n                {\n                  \"and\": [\n                    \"\"\n                  ]\n                },\n                \"ar$h/d][~\",\n                \"-o~8k2w^\",\n                \"\",\n                {\n                  \"or\": [\n                    {\n                      \"and\": [\n                        \"I\\\\Ao&yLt\",\n                        \"CiM\",\n                        \"(pS=|Oje\"\n                      ]\n                    },\n                    \"8*D'\"\n                  ]\n                }\n              ]\n            }\n          ]\n        },\n        {\n          \"mc\": \">=142\"\n        }\n      ]\n    }\n  }\n]",
              "code": "fast_check_1.sample(index_test_2.satisfyRule, 10).forEach((sample, i) => addContext_1.default(this, {\n    title: `satisfyRule sample ${i}`,\n    value: sample,\n}));\nreturn fast_check_1.assert(fast_check_1.property(index_test_2.satisfyRule, ajvValidate));",
              "err": {},
              "uuid": "4f81e1ab-b5a8-4908-be84-91b1f315ee3a",
              "parentUUID": "a1d017c7-0744-4bc3-8a77-444228b136bb",
              "isHook": false,
              "skipped": false
            },
            {
              "title": "should not validate non-string/object",
              "fullTitle": "satisfyRuleSchema should not validate non-string/object",
              "timedOut": false,
              "duration": 1,
              "state": "passed",
              "speed": "fast",
              "pass": true,
              "fail": false,
              "pending": false,
              "context": null,
              "code": "const error = {\n    instancePath: \"\",\n    message: \"satisfy rule should be either a string or an object\",\n};\nisInvalidRule(null, error);\nisInvalidRule(undefined, error);\nisInvalidRule(10, error);\nisInvalidRule([12, 24], error);",
              "err": {},
              "uuid": "3626c610-f56c-4c2d-affb-67ce15153ba1",
              "parentUUID": "a1d017c7-0744-4bc3-8a77-444228b136bb",
              "isHook": false,
              "skipped": false
            },
            {
              "title": "should not validate satisfy rules with extra properties",
              "fullTitle": "satisfyRuleSchema should not validate satisfy rules with extra properties",
              "timedOut": false,
              "duration": 0,
              "state": "passed",
              "speed": "fast",
              "pass": true,
              "fail": false,
              "pending": false,
              "context": null,
              "code": "isInvalidRule({\n        and: [\n            { or: [\"2k\"], abc: \"def\" },\n            { mc: 8, ghi: \"jkl\" },\n        ],\n        mno: \"pqr\",\n    }, {\n        instancePath: \"/and/0\",\n        message: \"or satisfy rule should have property 'or' only\",\n    }, {\n        instancePath: \"/and/1\",\n        message: \"MC satisfy rule should have property 'mc' only\",\n    }, {\n        instancePath: \"\",\n        message: \"and satisfy rule should have property 'and' only\",\n    })",
              "err": {},
              "uuid": "4c1098f5-3ded-42e4-98dc-2f827c64f332",
              "parentUUID": "a1d017c7-0744-4bc3-8a77-444228b136bb",
              "isHook": false,
              "skipped": false
            },
            {
              "title": "should not validate ambiguous satisfy rules",
              "fullTitle": "satisfyRuleSchema should not validate ambiguous satisfy rules",
              "timedOut": false,
              "duration": 1,
              "state": "passed",
              "speed": "fast",
              "pass": true,
              "fail": false,
              "pending": false,
              "context": null,
              "code": "const message = \"satisfy rule should have only one of properties 'mc', 'and', 'or'\";\nisInvalidRule({\n    or: [\n        { mc: 5, and: [\"CS2040\"] },\n        { and: [{ and: [\"abc\"], or: [\"def\"] }] },\n    ],\n}, { instancePath: \"/or/0\", message }, { instancePath: \"/or/1/and/0\", message });",
              "err": {},
              "uuid": "3462c7ea-ebb7-463c-9d32-d959222586a7",
              "parentUUID": "a1d017c7-0744-4bc3-8a77-444228b136bb",
              "isHook": false,
              "skipped": false
            },
            {
              "title": "should not validate and satisfy rules with non-array property",
              "fullTitle": "satisfyRuleSchema should not validate and satisfy rules with non-array property",
              "timedOut": false,
              "duration": 0,
              "state": "passed",
              "speed": "fast",
              "pass": true,
              "fail": false,
              "pending": false,
              "context": null,
              "code": "const message = \"property 'and' should be an array of satisfy rules\";\nisInvalidRule({ or: [{ and: {} }, { or: [{ and: 3 }] }] }, { instancePath: \"/or/0/and\", message }, { instancePath: \"/or/1/or/0/and\", message });",
              "err": {},
              "uuid": "8e342331-f7d3-4050-b9b2-79e130a1f2b3",
              "parentUUID": "a1d017c7-0744-4bc3-8a77-444228b136bb",
              "isHook": false,
              "skipped": false
            },
            {
              "title": "should not validate or satisfy rules with non-array property",
              "fullTitle": "satisfyRuleSchema should not validate or satisfy rules with non-array property",
              "timedOut": false,
              "duration": 1,
              "state": "passed",
              "speed": "fast",
              "pass": true,
              "fail": false,
              "pending": false,
              "context": null,
              "code": "const message = \"property 'or' should be an array of satisfy rules\";\nisInvalidRule({ and: [{ or: {} }, { and: [{ or: 3 }] }] }, { instancePath: \"/and/0/or\", message }, { instancePath: \"/and/1/and/0/or\", message });",
              "err": {},
              "uuid": "c01fd227-a031-4ee4-a065-b517b3957bdc",
              "parentUUID": "a1d017c7-0744-4bc3-8a77-444228b136bb",
              "isHook": false,
              "skipped": false
            }
          ],
          "suites": [],
          "passes": [
            "22e708b2-12d2-4beb-9d85-4afb848807a3",
            "a7a3357b-12cf-40c2-8c73-2b5e70f43fe3",
            "4f81e1ab-b5a8-4908-be84-91b1f315ee3a",
            "3626c610-f56c-4c2d-affb-67ce15153ba1",
            "4c1098f5-3ded-42e4-98dc-2f827c64f332",
            "3462c7ea-ebb7-463c-9d32-d959222586a7",
            "8e342331-f7d3-4050-b9b2-79e130a1f2b3",
            "c01fd227-a031-4ee4-a065-b517b3957bdc"
          ],
          "failures": [],
          "pending": [],
          "skipped": [],
          "duration": 10,
          "root": false,
          "rootEmpty": false,
          "_timeout": 2000
        }
      ],
      "passes": [],
      "failures": [],
      "pending": [],
      "skipped": [],
      "duration": 0,
      "root": true,
      "rootEmpty": true,
      "_timeout": 2000
    }
  ],
  "meta": {
    "mocha": {
      "version": "9.0.3"
    },
    "mochawesome": {
      "options": {
        "quiet": false,
        "reportFilename": "mochawesome",
        "saveHtml": true,
        "saveJson": true,
        "consoleReporter": "spec",
        "useInlineDiffs": false,
        "code": true
      },
      "version": "6.2.2"
    },
    "marge": {
      "options": {
        "reportDir": "docs"
      },
      "version": "5.2.0"
    }
  }
}