{
  "stats": {
    "suites": 10,
    "tests": 48,
    "passes": 48,
    "pending": 0,
    "failures": 0,
    "start": "2021-07-20T14:58:58.015Z",
    "end": "2021-07-20T14:58:58.309Z",
    "duration": 294,
    "testsRegistered": 48,
    "passPercent": 100,
    "pendingPercent": 0,
    "other": 0,
    "hasOther": false,
    "skipped": 0,
    "hasSkipped": false
  },
  "results": [
    {
      "uuid": "d51efa4b-81c2-45ad-9b8f-384e22e04a49",
      "title": "",
      "fullFile": "",
      "file": "",
      "beforeHooks": [],
      "afterHooks": [],
      "tests": [],
      "suites": [
        {
          "uuid": "60ba5bdc-09c8-44a6-b5ea-99c5aa69ad04",
          "title": "initDirectories",
          "fullFile": "/home/runner/work/planwithus-lib/planwithus-lib/src/block/schemas.test.ts",
          "file": "/src/block/schemas.test.ts",
          "beforeHooks": [],
          "afterHooks": [],
          "tests": [
            {
              "title": "should parse all blocks with no errors",
              "fullTitle": "initDirectories should parse all blocks with no errors",
              "timedOut": false,
              "duration": 2,
              "state": "passed",
              "speed": "fast",
              "pass": true,
              "fail": false,
              "pending": false,
              "context": null,
              "code": "_1.initDirectories.should.not.throw()",
              "err": {},
              "uuid": "6f1634dd-9f4c-497a-8213-d7156b73cee3",
              "parentUUID": "60ba5bdc-09c8-44a6-b5ea-99c5aa69ad04",
              "isHook": false,
              "skipped": false
            },
            {
              "title": "should produce primary, second & minor directories",
              "fullTitle": "initDirectories should produce primary, second & minor directories",
              "timedOut": false,
              "duration": 2,
              "state": "passed",
              "speed": "fast",
              "pass": true,
              "fail": false,
              "pending": false,
              "context": null,
              "code": "const directories = _1.initDirectories();\ndirectories.should.have.property(\"primary\");\ndirectories.should.have.property(\"second\");\ndirectories.should.have.property(\"minor\");",
              "err": {},
              "uuid": "1ec06e83-1e98-4923-8a44-97c0d95a57b7",
              "parentUUID": "60ba5bdc-09c8-44a6-b5ea-99c5aa69ad04",
              "isHook": false,
              "skipped": false
            }
          ],
          "suites": [],
          "passes": [
            "6f1634dd-9f4c-497a-8213-d7156b73cee3",
            "1ec06e83-1e98-4923-8a44-97c0d95a57b7"
          ],
          "failures": [],
          "pending": [],
          "skipped": [],
          "duration": 4,
          "root": false,
          "rootEmpty": false,
          "_timeout": 2000
        },
        {
          "uuid": "09b8a2a6-65c4-41d1-87c2-db21fb18f546",
          "title": "blockSchema",
          "fullFile": "/home/runner/work/planwithus-lib/planwithus-lib/src/block/schemas.test.ts",
          "file": "/src/block/schemas.test.ts",
          "beforeHooks": [],
          "afterHooks": [],
          "tests": [
            {
              "title": "should validate valid block",
              "fullTitle": "blockSchema should validate valid block",
              "timedOut": false,
              "duration": 170,
              "state": "passed",
              "speed": "slow",
              "pass": true,
              "fail": false,
              "pending": false,
              "context": "[\n  {\n    \"title\": \"block sample 0\",\n    \"value\": {\n      \"name\": \"E}\\\"r}GHy \",\n      \"ay\": 1965,\n      \"match\": \"SZ673*\",\n      \"satisfy\": [\n        \"%#b > z~&\",\n        \"\"\n      ],\n      \"url\": \"http://fgmh5eb1i-pl8h6foz8.d.62o94vji7v2tq-fto9szanjuu2vvj.befez/e0E%F3%B7%A4%93c,g/N@=cVb,///v/*\",\n      \"info\": \"u=/`\",\n      \"isSelectable\": true\n    }\n  },\n  {\n    \"title\": \"block sample 1\",\n    \"value\": {\n      \"name\": \"%&T\",\n      \"ay\": 1956,\n      \"assign\": \"\",\n      \"satisfy\": \"0aF3)&[\",\n      \"url\": \"http://vfqbjeg.76rx0babcmdf9ne0xz4qc6fgeck555aoj7-a7rcff5.eagzn21a-c.vbmlflw3k1k54dfvdcuc345.wvmp\",\n      \"isSelectable\": true,\n      \"KOr*!ot)<K\": {\n        \"ay\": 1955,\n        \"assign\": \"#~MOb&W#:L\",\n        \"match\": [\n          \"BK3\"\n        ],\n        \"satisfy\": [\n          \"LB~yVI\",\n          \">/\",\n          \"Z1i\"\n        ],\n        \"url\": \"http://5lfugo2wdbpunr1iet41jcbag1dxor9r6tp61u33bj-qoyul-qnlq41yqq.tzwupioxg/%F1%98%90%B0bPMP/O/%F2%AA%AD%B3E.d$/_++I5/A1zK$3/$H7i%F2%8D%91%99N,%F3%93%9D%B9N/5bv'%F3%B6%AD%97k\"\n      },\n      \"xA?V\": {\n        \"name\": \"!_eEG^q\",\n        \"ay\": 2024,\n        \"match\": {\n          \"and\": [\n            {\n              \"pattern\": \"FID650U\",\n              \"exclude\": []\n            }\n          ]\n        },\n        \"satisfy\": [],\n        \"url\": \"http://twxink02scnt5i-1r1z11hwh0bn8viwzpy06x4g.6nc0wmxh1n85s-31spe0gvbf8gv-p218plpilq0ltpguc4vzl-i31yoabbsi6.5q-207fxtkpck-e0avz.topmydov/JqWDx'ai/fIk8C.si/g/tb/Lzh;-;/XO/BMB/KI/a\",\n        \"info\": \"\\\\4-3\"\n      },\n      \"Nx!wuf~^\": {\n        \"name\": \"F\\\\T)}(*&s^\",\n        \"assign\": [\n          \"1)b%4=| w+\",\n          \"qb\"\n        ],\n        \"match\": {\n          \"pattern\": \"AKZ0F\",\n          \"exclude\": [\n            \"MQH4\",\n            \"FM42\"\n          ],\n          \"info\": \"q;HfXH\"\n        },\n        \"satisfy\": {\n          \"or\": [\n            {\n              \"and\": []\n            },\n            {\n              \"or\": []\n            },\n            {\n              \"or\": [\n                \"/:j>s\",\n                {\n                  \"or\": [\n                    {\n                      \"or\": [\n                        \"Me:\",\n                        {\n                          \"or\": [\n                            {\n                              \"or\": [\n                                \"<[V&\",\n                                \"G*\"\n                              ]\n                            },\n                            \"\\\"#?jkWE\",\n                            \"*^G\",\n                            \"JLb\"\n                          ]\n                        },\n                        \"\\\"\\\";X\",\n                        \"<^[ID=\",\n                        \"\"\n                      ]\n                    },\n                    \"JhEL>D-g4$\",\n                    {\n                      \"mc\": \"<=86\"\n                    },\n                    \"E\"\n                  ]\n                },\n                \"-dT\"\n              ]\n            },\n            \"Ws,,fLs@\\\\\"\n          ]\n        },\n        \"url\": \"http://9jlzofcex0kgq3huhdx7t9hsmeqavtt.82qdiw2bb-ke0x6csvwt8mkg07bdq8aegdwcg6710q1dc87otfj9s4irbkcb.e.zmoj0607ozcokot2ei47x5n.g.xymno/=PQvh8~Ex//R/*h'/5q./XF/2VM;%F0%96%AF%8B/9y,%F0%96%AA%A8v/HR598XsY/TP!)\",\n        \"info\": \"?bCt+\",\n        \"isSelectable\": true,\n        \"!#\": {\n          \"name\": \"tdZ`OM%\",\n          \"ay\": 2000,\n          \"match\": {\n            \"and\": []\n          },\n          \"satisfy\": [\n            {\n              \"or\": [\n                {\n                  \"or\": [\n                    \"hBiB1pMsyY\",\n                    \"4*9vEGc\"\n                  ]\n                },\n                {\n                  \"mc\": \"<=55\"\n                },\n                {\n                  \"and\": [\n                    \"CmE\",\n                    \"!/H8'P\"\n                  ]\n                },\n                {\n                  \"and\": [\n                    {\n                      \"and\": [\n                        {\n                          \"and\": [\n                            {\n                              \"and\": [\n                                \"-)!av:zX/1\",\n                                \"q\",\n                                \":CPE;H\"\n                              ]\n                            }\n                          ]\n                        },\n                        \"g95tg^mb\\\\\",\n                        {\n                          \"mc\": \"<=186\"\n                        }\n                      ]\n                    }\n                  ]\n                },\n                {\n                  \"and\": [\n                    \"{\"\n                  ]\n                }\n              ]\n            },\n            {\n              \"mc\": \"<=126\"\n            },\n            \"\",\n            \"eM\",\n            \"7Xk41\"\n          ],\n          \"url\": \"https://mnh4-kxlwkmfod8pqhoccwvem0v36gvgc9ld.m9ykocxds9p4xmctpne0jm30oli1riykix1.fqz7zxv0cymm3msb-w524bb7xe93dguwtpy6xz.sobgqqx//j7X=N%F3%91%8E%BE)_;)/t5:A(n)/PF(=_/D3Ny@/eS%F1%99%83%88~/wR.*+-/LA/W)CC4e%F2%82%94%B7t/BN:.%F0%93%AF%94\",\n          \"info\": \"5bf8\"\n        },\n        \"Uw:(JDL\": {\n          \"name\": \"e|j3^\",\n          \"ay\": 1971,\n          \"assign\": [\n            \"[@,YJLk\",\n            \">ZeZL\\\\Z%m2\",\n            \"?IUcj:^G\",\n            \"L_xG?h0\"\n          ],\n          \"match\": [\n            {\n              \"or\": [\n                {\n                  \"and\": [\n                    {\n                      \"or\": [\n                        \"AVW13\",\n                        {\n                          \"pattern\": \"CPB*653\",\n                          \"exclude\": [\n                            \"SI61\",\n                            \"WS268A\",\n                            \"HKJ8J\",\n                            \"LN23\"\n                          ],\n                          \"info\": \"%oHf0\"\n                        },\n                        \"MJ*79\",\n                        \"YRU0056\"\n                      ]\n                    },\n                    \"KAR3865O\",\n                    \"ZKG830\",\n                    \"BT77\",\n                    \"ALF20K\"\n                  ]\n                }\n              ]\n            },\n            {\n              \"or\": [\n                {\n                  \"and\": [\n                    \"CK0\",\n                    {\n                      \"or\": [\n                        \"WK25\",\n                        {\n                          \"and\": [\n                            \"TJx33G\",\n                            \"CL6\",\n                            \"PX8x4\",\n                            \"EGO757A\",\n                            \"VYA85**U\"\n                          ]\n                        },\n                        \"FW3\",\n                        \"ICY7G\"\n                      ]\n                    },\n                    \"DX856\"\n                  ]\n                },\n                {\n                  \"and\": [\n                    \"CS4H\",\n                    \"BCM*X\",\n                    {\n                      \"pattern\": \"IPL854\",\n                      \"exclude\": [\n                        \"UCM2834U\",\n                        \"FKC*0\",\n                        \"VQ51I\",\n                        \"LK3L\"\n                      ],\n                      \"info\": \"zu%5Y\"\n                    },\n                    \"FPx403\",\n                    \"TGB86\"\n                  ]\n                },\n                \"BD9\",\n                {\n                  \"pattern\": \"HAO*06\",\n                  \"info\": \"x\"\n                }\n              ]\n            }\n          ],\n          \"url\": \"http://v1l41xmc0ao3ek4yoj0ymk5pv5756vbod.lfovc1a3uefvypiaswj0n1cim4ablho3w2kf5hjx8nq2b8cdwnajv9gvry.hxi2mnzbqafbey3uzuudqqxtjwn6vpr0q2nc0dym4f4hjs1wr6j8h7zvuhg01.ahyfipwyp/'u*%F0%B8%A6%92kY/9Q9O96%F2%A1%99%A7/fjO\",\n          \"info\": \"lFV0QzRbW\"\n        },\n        \"*\": {\n          \"name\": \"N3<F3)>\",\n          \"ay\": 1989,\n          \"satisfy\": [\n            {\n              \"or\": [\n                {\n                  \"mc\": \">=193\"\n                },\n                {\n                  \"or\": [\n                    \"oTTlNG\",\n                    {\n                      \"and\": []\n                    },\n                    \"-&]\",\n                    {\n                      \"mc\": \">=125\"\n                    },\n                    {\n                      \"and\": [\n                        \"?8aIhTD\"\n                      ]\n                    }\n                  ]\n                },\n                {\n                  \"or\": [\n                    \"}\",\n                    {\n                      \"or\": [\n                        {\n                          \"mc\": \"<=159\"\n                        },\n                        {\n                          \"mc\": \">=68\"\n                        }\n                      ]\n                    },\n                    {\n                      \"and\": [\n                        \"!R]z%\",\n                        \"r\",\n                        {\n                          \"and\": [\n                            \"H}ND+/\",\n                            \"zK}_xo dQ\",\n                            \"Utx4),*\\\"'\"\n                          ]\n                        },\n                        \"N~pnAJ\",\n                        {\n                          \"mc\": \"<=130\"\n                        }\n                      ]\n                    },\n                    {\n                      \"and\": [\n                        \"vT\",\n                        \"]+]i\"\n                      ]\n                    },\n                    \"PW__Q2y\"\n                  ]\n                },\n                {\n                  \"mc\": \"<=39\"\n                }\n              ]\n            },\n            {\n              \"or\": []\n            },\n            \";aZ&0\\\"-KK\",\n            \"\",\n            {\n              \"or\": []\n            }\n          ],\n          \"url\": \"https://fs5e6wo0js2pqffts0uu5guqakrvc9t70dmii0o54nij8gke-92nn-6.fzglq8g5at78p0zuj06jvlbvvsomtgd891mbfic-8gw.9olotzw1lu83omtbse94oydlz19c23xhuujgzilwdn7743pt27u056e-iyaxv85.tj7.wukrrcy/kTcy%F4%89%82%966%F2%87%A9%9Ai/-H/dktL'u/:/_!sZ/9QLLWkZx%F2%AB%AD%B4/jT/o$'d/pnpkxVd\",\n          \"info\": \"\",\n          \"isSelectable\": true\n        },\n        \":=Waq;B>\": {\n          \"name\": \"mc5D7i^>\",\n          \"ay\": 1965,\n          \"assign\": [\n            \"\",\n            \",aiEmy+nw@\"\n          ],\n          \"match\": {\n            \"and\": [\n              {\n                \"and\": [\n                  {\n                    \"and\": [\n                      \"KCA5Z\",\n                      \"ZGM2\",\n                      \"UJL57x4\",\n                      {\n                        \"pattern\": \"OIX75\",\n                        \"exclude\": [\n                          \"EG7573Z\"\n                        ],\n                        \"info\": \"b,I9E\\\\`m\"\n                      }\n                    ]\n                  }\n                ]\n              },\n              {\n                \"and\": [\n                  \"ZV4P\",\n                  \"HRC5046\",\n                  \"AKF6*06Q\",\n                  {\n                    \"and\": [\n                      \"MSB6A\",\n                      \"XYH0U\",\n                      \"EYV1813\"\n                    ]\n                  },\n                  {\n                    \"pattern\": \"WB5*x\",\n                    \"exclude\": \"TGT5**7T\",\n                    \"info\": \"Lo1g%SgsG@\"\n                  }\n                ]\n              }\n            ]\n          },\n          \"url\": \"https://09smbk7e21v29bgp9146fvpzs1j-wfoqius7be4.c.c-nd2bn8lu7tawkcj.synkgzfz/ST%F1%B5%B8%B9Gm%F1%BB%A1%B3m%F1%A3%94%85_/U0NbUrbdm/xLI/nBeW5NYf2t/(/YRiJSA5/m4!/y:sgIrs5(\",\n          \"isSelectable\": true\n        }\n      }\n    }\n  },\n  {\n    \"title\": \"block sample 2\",\n    \"value\": {\n      \"ay\": 1998,\n      \"assign\": \"`hi,oo[p\",\n      \"match\": {\n        \"or\": [\n          {\n            \"or\": []\n          },\n          {\n            \"and\": [\n              {\n                \"and\": [\n                  \"WR6U\",\n                  \"GB9\",\n                  \"BSI55\"\n                ]\n              },\n              {\n                \"pattern\": \"XD4K\",\n                \"exclude\": \"INX9*\",\n                \"info\": \"aG-\"\n              },\n              \"TL1W\",\n              \"AZ2005X\",\n              {\n                \"pattern\": \"CRJ01F\",\n                \"exclude\": \"XMB*Z\",\n                \"info\": \"\"\n              }\n            ]\n          }\n        ]\n      },\n      \"url\": \"https://b4aodkti21kxe6urku-585s6.5td8m.p.efdcezpdc6enc7apm51a52a8dbn2a71ke6-xc4z8adfhj.4x9blv80x381t7-1oficmbx50smujmc0ce0nsl3ouu3dunury6.oefqpgv/0J5,JVZ/%F0%AA%80%ADn$/BizN~Ai*oG/W-=/%F1%87%85%8Cp/%F1%82%A6%A0F/y-A6/%F1%B2%9A%82cg/=V.,8v%F1%9C%AD%8Afy@\",\n      \"info\": \"J&ypT!\",\n      \"isSelectable\": true\n    }\n  },\n  {\n    \"title\": \"block sample 3\",\n    \"value\": {\n      \"name\": \"`\\\"\",\n      \"ay\": 1962,\n      \"assign\": [\n        \"#JQ1\",\n        \":cI\",\n        \"xST\"\n      ],\n      \"match\": {\n        \"or\": []\n      },\n      \"satisfy\": [\n        {\n          \"or\": [\n            \"Xz?MM\",\n            {\n              \"and\": [\n                {\n                  \"or\": [\n                    {\n                      \"mc\": \">=41\"\n                    },\n                    {\n                      \"mc\": \"<=94\"\n                    },\n                    {\n                      \"or\": [\n                        \"is@8reH\",\n                        \"JO]yn\",\n                        \"N2UDp(S\"\n                      ]\n                    },\n                    \"@4t]t5|>\"\n                  ]\n                },\n                \"+$dJ7\"\n              ]\n            },\n            \"\",\n            {\n              \"mc\": \"<=196\"\n            },\n            {\n              \"and\": [\n                \"QXmuWk$\",\n                {\n                  \"or\": [\n                    {\n                      \"and\": [\n                        \"Pk\",\n                        \"M9\"\n                      ]\n                    },\n                    \"\"\n                  ]\n                },\n                \"$>dw\\\\uS:\",\n                \"%ZBQ0257P\",\n                \"\"\n              ]\n            }\n          ]\n        }\n      ],\n      \"url\": \"https://g.aybfsi/%F3%A4%B5%A7%F0%9D%A5%8B/Kf)dx!%F2%87%8E%85W/l+L(s/Og:$%F4%86%BA%B54$./Jy0/-L%F0%97%9C%A1=u/@D/dw%F0%A8%9D%A9a/M%F1%9F%AD%88W/%23:c\"\n    }\n  },\n  {\n    \"title\": \"block sample 4\",\n    \"value\": {\n      \"name\": \"QR?5@w\",\n      \"ay\": 2022,\n      \"assign\": \"),JX\",\n      \"satisfy\": {\n        \"and\": []\n      },\n      \"info\": \"f^w7J/#\",\n      \"isSelectable\": true,\n      \"~LZ[ +QK/}\": {\n        \"name\": \"~G(qNKi\",\n        \"assign\": \"\",\n        \"match\": [\n          {\n            \"and\": [\n              {\n                \"or\": []\n              }\n            ]\n          },\n          {\n            \"and\": [\n              {\n                \"pattern\": \"ABxL\",\n                \"info\": \"d;fM@\"\n              },\n              {\n                \"or\": [\n                  {\n                    \"and\": [\n                      \"VTN5x71\",\n                      \"OIA*\",\n                      \"YY151O\",\n                      \"CTF11\",\n                      {\n                        \"and\": [\n                          \"JT8W\",\n                          \"NO14\",\n                          \"BN8542\",\n                          \"TT03\",\n                          \"ZMS9N\"\n                        ]\n                      }\n                    ]\n                  },\n                  {\n                    \"or\": []\n                  },\n                  {\n                    \"or\": [\n                      {\n                        \"pattern\": \"ZBD2\",\n                        \"exclude\": \"RAU*016\",\n                        \"info\": \"`[8Z\"\n                      },\n                      {\n                        \"or\": [\n                          \"MA36\",\n                          {\n                            \"and\": [\n                              \"SW8*U\",\n                              \"TR4711\",\n                              \"IM2x*0\"\n                            ]\n                          }\n                        ]\n                      },\n                      \"UV9\",\n                      {\n                        \"pattern\": \"LYP*33N\",\n                        \"exclude\": [],\n                        \"info\": \"O/8\"\n                      },\n                      \"AKCx\"\n                    ]\n                  }\n                ]\n              }\n            ]\n          }\n        ],\n        \"satisfy\": \"\",\n        \"url\": \"https://jkcoksoisd6nfng2mm9g-2u5fr-j4a9rza1j.k3pcww9m3rynrb085s22mj30srwr93cw3lg.j1uh6mcvtbgx5t-uavtl0-n7ekky9h.vowp9jbm-dhwxlsgs8hf7csqpwojhlst.ui54e26qanflat303vm.zxkbmgcuk/%F4%8C%BA%89Bh.aa/8@SG8/dZt)~Mf9/G0y//UsD&5/v/wHKJG0@;/\",\n        \"info\": \"Q7\\\\u1urA^[\",\n        \"isSelectable\": true,\n        \".G\": {\n          \"name\": \"1x\",\n          \"assign\": \"xj#tU1X\",\n          \"match\": [\n            {\n              \"or\": []\n            },\n            {\n              \"or\": [\n                {\n                  \"pattern\": \"YZD8x36\",\n                  \"info\": \"|-Chh$a~?\"\n                }\n              ]\n            },\n            {\n              \"and\": [\n                {\n                  \"pattern\": \"UI3x2x\",\n                  \"exclude\": [\n                    \"TXx665\",\n                    \"FFL*4Z\",\n                    \"TU024U\"\n                  ]\n                }\n              ]\n            }\n          ],\n          \"satisfy\": \"`4\",\n          \"url\": \"https://a.i.jp\",\n          \"info\": \"\",\n          \"isSelectable\": true\n        },\n        \"\": {\n          \"name\": \"V^\",\n          \"ay\": 1988,\n          \"assign\": \"Wh}\",\n          \"satisfy\": [\n            \"tkw0\"\n          ],\n          \"url\": \"https://mftj5k.gbioac9wndleklq2l6sqky4behz2hiyee.6ar3adipa1u6f8ritcfu-zxtur4shx12yfqvu4-6cw8s8h3a75ym43h.xeev\",\n          \"info\": \"c\",\n          \"isSelectable\": true,\n          \"OjC$)CAq$Q\": {\n            \"ay\": 2000,\n            \"assign\": [\n              \"C<@<:\"\n            ],\n            \"match\": {\n              \"and\": [\n                {\n                  \"or\": []\n                },\n                {\n                  \"pattern\": \"VM*634\",\n                  \"exclude\": \"ZH*2*9I\",\n                  \"info\": \"F149g\"\n                },\n                \"BA6*x3\",\n                {\n                  \"or\": [\n                    \"KJDx268K\",\n                    \"TUQ1\"\n                  ]\n                }\n              ]\n            },\n            \"url\": \"https://9.nw/QKe\",\n            \"info\": \"`\",\n            \"isSelectable\": true\n          }\n        }\n      },\n      \"&KDF\": {\n        \"ay\": 1995,\n        \"assign\": \"\",\n        \"satisfy\": [\n          {\n            \"mc\": \"<=1\"\n          },\n          {\n            \"mc\": \"<=146\"\n          }\n        ],\n        \"url\": \"http://z8asj5ns9t8mr94zs33tz4m-txsw71yoda.zx5tar7.dxt55yl7qb1spc9kgqv4c9lxcp874k97vfjhvfy4e5a48ay3gwzn.5g6xwdozpgq2w0uz5k2wa4o5g59r6hlzlrrtlkj71o2tzz.q.eed/~x%EE%9A%94%F1%B0%B4%9Eb/M8)QU9g/~D,=%F2%93%90%9Fsbg/SX@(/a%F0%A0%BE%8AcVB/%F1%9F%B4%B8%F3%BA%9E%A3U/n,'s@;0BdR/Ggjpa%F0%9D%B6%97/!J%F4%8A%80%8Ct)n%F4%8F%8B%A1L/8\",\n        \"info\": \"\\\\@_$6\",\n        \"isSelectable\": true\n      },\n      \"o`Tx\": {\n        \"name\": \"W9>>\",\n        \"ay\": 1956,\n        \"assign\": [\n          \"!lyb4*6\",\n          \"M\"\n        ],\n        \"match\": {\n          \"pattern\": \"KE2*\",\n          \"exclude\": \"NO613\",\n          \"info\": \"-5@[@RrJg\"\n        },\n        \"satisfy\": {\n          \"mc\": \"<=67\"\n        },\n        \"url\": \"http://gi9kcdntmyt.f6rzt65-7p.y5j6fp6thm0a09226b0.i0sbt7q.rrr/%F1%8A%93%AE/0UOZmN/)G+A*%F0%AB%9E%A4%EB%AD%A5Y/t.cL1ooj8/c4F%F1%A6%A8%BF:1MXLZ/hw\",\n        \"info\": \"S*S7;LJ*(\",\n        \"isSelectable\": true\n      },\n      \"[\\\"rbjVoWf!\": {\n        \"name\": \"OGyP\",\n        \"ay\": 2029,\n        \"assign\": \"7jH&*+(#.W\",\n        \"satisfy\": {\n          \"or\": [\n            {\n              \"mc\": \"<=137\"\n            },\n            {\n              \"and\": [\n                {\n                  \"mc\": \">=75\"\n                }\n              ]\n            }\n          ]\n        },\n        \"url\": \"http://hsny2zx3krul5p0p.brcy6q4osczn.tkoxvqm3grssn282ytm9z4s1zwwhmdqcvul.rv56fta3zo.92vgxo2ndd56mt56rw565dsleijbdkx1gokhu92refpm7-e6to7jr1p6tw2.ykfm/~nlRy3%F3%90%81%83/t%F3%B9%90%BA%F3%A1%91%A3%F3%97%B7%9Fz8'o/wPbQL'/a5e/rQ/r2%F4%82%AF%9B/Gk%F1%AC%81%91L/U\",\n        \"info\": \"A>nYCpmggT\",\n        \"mzoQ?]R0@\": {\n          \"name\": \"R\",\n          \"ay\": 2023,\n          \"assign\": [\n            \"i8uPDq8^\",\n            \"\",\n            \"/\"\n          ],\n          \"match\": [\n            {\n              \"or\": []\n            },\n            {\n              \"or\": [\n                {\n                  \"or\": [\n                    {\n                      \"and\": [\n                        \"YXL8326G\",\n                        \"WKK8**xK\",\n                        \"ZO62\",\n                        \"ZF38*B\"\n                      ]\n                    },\n                    \"NB**9K\",\n                    \"JBxP\"\n                  ]\n                }\n              ]\n            },\n            {\n              \"and\": [\n                \"FOC2H\",\n                {\n                  \"and\": [\n                    {\n                      \"and\": [\n                        \"SLP6x\",\n                        \"UVO7*2\"\n                      ]\n                    },\n                    {\n                      \"or\": []\n                    }\n                  ]\n                },\n                {\n                  \"and\": []\n                },\n                {\n                  \"pattern\": \"MEO535M\",\n                  \"exclude\": \"AYIxF\",\n                  \"info\": \"<Df&\"\n                }\n              ]\n            },\n            {\n              \"and\": [\n                {\n                  \"pattern\": \"CX5*8N\",\n                  \"info\": \"g<2paP`B2\"\n                }\n              ]\n            }\n          ],\n          \"satisfy\": {\n            \"or\": [\n              {\n                \"and\": [\n                  {\n                    \"mc\": \"<=7\"\n                  },\n                  \"t<{Ej=\",\n                  \"9*~+PDY\"\n                ]\n              },\n              \"X5\",\n              {\n                \"and\": [\n                  {\n                    \"and\": []\n                  },\n                  \"op} @\"\n                ]\n              },\n              {\n                \"mc\": \"<=185\"\n              },\n              \"i{fF\"\n            ]\n          },\n          \"url\": \"https://9.dgy/q,LBj/y1a/g~G*My*hC/Oa%F3%B3%BF%A6/r/crbyfmv-ey/Ou3ZWwW@5~/%F1%97%9E%8FAJ;&/py/\",\n          \"info\": \"Sk*^$>K+\",\n          \"isSelectable\": true\n        }\n      },\n      \"?jnd\\\".JR\": {\n        \"name\": \"GX*S:6J7~D\",\n        \"ay\": 1989,\n        \"assign\": \"];AB\",\n        \"match\": {\n          \"pattern\": \"LY82\",\n          \"exclude\": [\n            \"PB9689Q\",\n            \"GFD6\",\n            \"RM36M\",\n            \"DQ95J\"\n          ],\n          \"info\": \"\"\n        },\n        \"info\": \"9BHO{34[a\",\n        \"isSelectable\": true\n      }\n    }\n  },\n  {\n    \"title\": \"block sample 5\",\n    \"value\": {\n      \"ay\": 1956,\n      \"assign\": \"m,W)43oJG\",\n      \"match\": {\n        \"or\": []\n      },\n      \"url\": \"https://n.e2k6dfvrxuva1kuolex5b0x9f8szlvlw-pp4vtu6g.kmb/f//AQkAob&$/Rc.rJ@/V6%F2%AA%BD%B8@+oV1/h%F0%B1%A2%81no%F2%94%9A%97%F2%B1%9B%8Dn-J_//zaVI/$h9%F3%BF%AE%95k&qk/\",\n      \"info\": \"l^\\\\\",\n      \"isSelectable\": true\n    }\n  },\n  {\n    \"title\": \"block sample 6\",\n    \"value\": {\n      \"name\": \"W;e99oEnqv\",\n      \"ay\": 2029,\n      \"assign\": \"wx|s`|\",\n      \"match\": {\n        \"or\": [\n          {\n            \"and\": []\n          },\n          {\n            \"and\": []\n          },\n          \"BL*xX\"\n        ]\n      },\n      \"satisfy\": {\n        \"mc\": \">=196\"\n      },\n      \"url\": \"https://qdyc.pzsqx/(7zUbH/._:w%F2%9F%BA%83@kr,D\",\n      \"info\": \"ZM;\",\n      \"isSelectable\": true\n    }\n  },\n  {\n    \"title\": \"block sample 7\",\n    \"value\": {\n      \"name\": \"796Xbm\",\n      \"ay\": 1951,\n      \"assign\": [],\n      \"match\": [\n        {\n          \"pattern\": \"QRT5\",\n          \"info\": \"u\"\n        },\n        \"MQ1I\",\n        {\n          \"and\": [\n            {\n              \"pattern\": \"YQQxx82\",\n              \"exclude\": [],\n              \"info\": \"0IE1W\"\n            },\n            {\n              \"or\": [\n                \"MDL3426I\",\n                \"ICI05J\",\n                \"MFT07\"\n              ]\n            },\n            {\n              \"pattern\": \"ZPC06\",\n              \"info\": \"z`9RYroSN\"\n            }\n          ]\n        },\n        {\n          \"and\": []\n        }\n      ],\n      \"satisfy\": \"yy\",\n      \"info\": \"kF&>seHb\",\n      \"isSelectable\": true,\n      \"f!u!?&\": {\n        \"name\": \"\",\n        \"ay\": 2026,\n        \"assign\": \"8\",\n        \"match\": [\n          \"DZ8*\",\n          {\n            \"and\": [\n              \"TIZ*55U\",\n              {\n                \"or\": [\n                  {\n                    \"or\": [\n                      \"LQJ38x4Y\",\n                      \"JFWx307\",\n                      {\n                        \"and\": []\n                      },\n                      \"YHL24L\",\n                      {\n                        \"pattern\": \"BFE099C\",\n                        \"exclude\": \"RB0508P\"\n                      }\n                    ]\n                  },\n                  \"LD7I\"\n                ]\n              },\n              {\n                \"and\": []\n              }\n            ]\n          },\n          {\n            \"pattern\": \"TR447J\",\n            \"exclude\": \"RB3913Z\",\n            \"info\": \"A$z{)\\\\\"\n          }\n        ],\n        \"satisfy\": \"^rl2O!\",\n        \"url\": \"http://5oiuktzyw2c7sawd.7f.z.jpxpaxijf/S/4b+5e=ccfO////e/HqC//,cce%F3%B1%9D%94d/l\",\n        \"info\": \"A |bN\",\n        \"isSelectable\": true\n      },\n      \"\": {\n        \"name\": \"\",\n        \"ay\": 2028,\n        \"match\": {\n          \"and\": [\n            \"VU36x6O\",\n            \"ILE815\",\n            {\n              \"or\": [\n                {\n                  \"and\": [\n                    \"JHL4478C\",\n                    \"NWU3\",\n                    \"GD962\",\n                    {\n                      \"pattern\": \"VIY*U\",\n                      \"exclude\": \"XJ18U\",\n                      \"info\": \"jkx\"\n                    }\n                  ]\n                },\n                {\n                  \"or\": [\n                    \"RFJ3560S\",\n                    \"SLx877G\"\n                  ]\n                },\n                {\n                  \"or\": [\n                    \"UUJ196R\",\n                    \"VU**H\"\n                  ]\n                },\n                \"SIT7*S\"\n              ]\n            },\n            {\n              \"pattern\": \"VJ2D\",\n              \"exclude\": \"YI132E\",\n              \"info\": \"\\\"\\\"Nd\"\n            },\n            {\n              \"pattern\": \"XV3\",\n              \"info\": \"\"\n            }\n          ]\n        },\n        \"satisfy\": [\n          {\n            \"and\": [\n              {\n                \"mc\": \">=6\"\n              },\n              \"\",\n              \"=Rv\",\n              {\n                \"and\": []\n              },\n              \"V\"\n            ]\n          },\n          {\n            \"and\": [\n              {\n                \"mc\": \"<=86\"\n              },\n              {\n                \"mc\": \"<=55\"\n              },\n              \"wKXIQsAKg\",\n              {\n                \"or\": [\n                  \"\\\\jVP\",\n                  {\n                    \"or\": [\n                      \"/rf\",\n                      \"*S\",\n                      \"\\\"X\",\n                      \"dfL~zRIKB\",\n                      {\n                        \"or\": [\n                          {\n                            \"or\": [\n                              \"mFK|p|jhV\"\n                            ]\n                          },\n                          \" &=FVKiT\",\n                          {\n                            \"and\": [\n                              \"Y>`%!`;g\",\n                              \"z.YP{qlUG~\",\n                              \"M0Y/&\"\n                            ]\n                          },\n                          {\n                            \"mc\": \"<=33\"\n                          },\n                          \"`U\\\"\\\")m4Xv\"\n                        ]\n                      }\n                    ]\n                  },\n                  {\n                    \"and\": [\n                      \"(U\",\n                      \"A$;kN\",\n                      \"r]m\"\n                    ]\n                  },\n                  {\n                    \"or\": [\n                      \"OL?S\"\n                    ]\n                  },\n                  {\n                    \"or\": []\n                  }\n                ]\n              },\n              {\n                \"or\": []\n              }\n            ]\n          },\n          {\n            \"and\": [\n              {\n                \"and\": []\n              }\n            ]\n          },\n          \"B7>2v``\"\n        ],\n        \"url\": \"https://z.oiqiazy/(Cx.%F3%BF%A8%98/5';E%F4%8E%84%855ANl\",\n        \"info\": \"P!yo${\\\"!b~\",\n        \"isSelectable\": true,\n        \"n\": {\n          \"name\": \"L\",\n          \"ay\": 1966,\n          \"assign\": \"`3qf/9_=\",\n          \"satisfy\": [\n            {\n              \"mc\": \">=120\"\n            },\n            {\n              \"mc\": \"<=50\"\n            },\n            {\n              \"or\": [\n                \"\",\n                {\n                  \"mc\": \">=14\"\n                },\n                \"\",\n                \"\"\n              ]\n            },\n            {\n              \"and\": []\n            }\n          ],\n          \"url\": \"http://1-nk0punol2aux1sbi90plriuezmdnwptm7.3.hays498g5wqbvgemgvq22.juk/Fsh/m2~QWPL-//(RNrLOCW/s4tLI),md\",\n          \"info\": \"Xqs\",\n          \"isSelectable\": true\n        }\n      },\n      \"W[Z1;N \": {\n        \"name\": \"%j*,!cb{\",\n        \"ay\": 1952,\n        \"assign\": \"\",\n        \"satisfy\": [],\n        \"url\": \"http://occ1by8ctqclf7-bdh8i64od6fulyb.cfmd-fj.mdzcja/nH/+U%F0%BC%98%95r\",\n        \"info\": \"\",\n        \"isSelectable\": true\n      }\n    }\n  },\n  {\n    \"title\": \"block sample 8\",\n    \"value\": {\n      \"name\": \"U\",\n      \"assign\": \"\",\n      \"match\": [\n        \"PGJ8x65\"\n      ],\n      \"satisfy\": {\n        \"mc\": \"<=121\"\n      },\n      \"isSelectable\": true\n    }\n  },\n  {\n    \"title\": \"block sample 9\",\n    \"value\": {\n      \"name\": \"('?i6C.\",\n      \"ay\": 1980,\n      \"assign\": \"GQG8j\",\n      \"match\": {\n        \"pattern\": \"VJ2*05\",\n        \"exclude\": \"HRP0*\"\n      },\n      \"satisfy\": \"6-FU)0S6sF\",\n      \"url\": \"https://kou0is82vnbmrsg6a8x10wq8xtgvgo7n8dm3xlbi7lpcw8u4wux.0cg5w5wv4fvrih.4yr714gzvdctszyn5jl31j5i7ab8b4ijmn4ykq8qgri-8wsvo1e.sdkjer/j9&k)K//aq6S/b!y/ldKz/S\",\n      \"info\": \"\"\n    }\n  }\n]",
              "code": "fast_check_1.sample(index_test_2.block, 10).forEach((sample, i) => addContext_1.default(this, {\n    title: `block sample ${i}`,\n    value: sample,\n}));\nreturn fast_check_1.assert(fast_check_1.property(index_test_2.block, ajvValidate));",
              "err": {},
              "uuid": "d8aaf346-b251-4a1f-8356-5f51026e4ddc",
              "parentUUID": "09b8a2a6-65c4-41d1-87c2-db21fb18f546",
              "isHook": false,
              "skipped": false
            },
            {
              "title": "should not validate non-object",
              "fullTitle": "blockSchema should not validate non-object",
              "timedOut": false,
              "duration": 1,
              "state": "passed",
              "speed": "fast",
              "pass": true,
              "fail": false,
              "pending": false,
              "context": null,
              "code": "const error = {\n    instancePath: \"\",\n    message: \"block should be an object\",\n};\nisInvalidBlock(null, error);\nisInvalidBlock(undefined, error);\nisInvalidBlock(10, error);\nisInvalidBlock([12, 24], error);\nisInvalidBlock(\"abc\", error);",
              "err": {},
              "uuid": "995438d8-ce3a-4681-93ad-4840ecc7e027",
              "parentUUID": "09b8a2a6-65c4-41d1-87c2-db21fb18f546",
              "isHook": false,
              "skipped": false
            },
            {
              "title": "should not validate block with invalid properties",
              "fullTitle": "blockSchema should not validate block with invalid properties",
              "timedOut": false,
              "duration": 0,
              "state": "passed",
              "speed": "fast",
              "pass": true,
              "fail": false,
              "pending": false,
              "context": null,
              "code": "isInvalidBlock({\n        name: { foo: \"bar\" },\n        ay: -1000,\n        assign: {},\n        match: 1,\n        satisfy: 2,\n        url: { abc: \"def\" },\n        info: 42,\n        isSelectable: 32,\n    }, { instancePath: \"/name\", message: \"property 'name' should be a string\" }, {\n        instancePath: \"/ay\",\n        message: \"property 'ay' should be a positive integer\",\n    }, {\n        instancePath: \"/assign\",\n        message: \"property 'assign' should be either a block ID or an array of block IDs\",\n    }, {\n        instancePath: \"/match\",\n        message: \"property 'match' should be either a match rule or an array of match rules\",\n    }, {\n        instancePath: \"/satisfy\",\n        message: \"property 'satisfy' should be either a satisfy rule or an array of satisfy rules\",\n    }, { instancePath: \"/url\", message: \"property 'url' should be a string\" }, { instancePath: \"/info\", message: \"property 'info' should be a string\" }, {\n        instancePath: \"/isSelectable\",\n        message: \"property 'isSelectable' should be a boolean\",\n    })",
              "err": {},
              "uuid": "f9f7f1c9-8ca5-45de-9ced-31002df2d2ac",
              "parentUUID": "09b8a2a6-65c4-41d1-87c2-db21fb18f546",
              "isHook": false,
              "skipped": false
            }
          ],
          "suites": [],
          "passes": [
            "d8aaf346-b251-4a1f-8356-5f51026e4ddc",
            "995438d8-ce3a-4681-93ad-4840ecc7e027",
            "f9f7f1c9-8ca5-45de-9ced-31002df2d2ac"
          ],
          "failures": [],
          "pending": [],
          "skipped": [],
          "duration": 171,
          "root": false,
          "rootEmpty": false,
          "_timeout": 2000
        },
        {
          "uuid": "e628d8c0-b7a9-4d1e-9a62-85f6545bacc0",
          "title": "patternToRE",
          "fullFile": "/home/runner/work/planwithus-lib/planwithus-lib/src/matchRule/pattern/satisfiers.test.ts",
          "file": "/src/matchRule/pattern/satisfiers.test.ts",
          "beforeHooks": [],
          "afterHooks": [],
          "tests": [
            {
              "title": "should match valid modules with a single pattern",
              "fullTitle": "patternToRE should match valid modules with a single pattern",
              "timedOut": false,
              "duration": 13,
              "state": "passed",
              "speed": "fast",
              "pass": true,
              "fail": false,
              "pending": false,
              "context": "[\n  {\n    \"title\": \"patternExampleList sample 0\",\n    \"value\": [\n      \"AP465\",\n      [\n        \"AP465\"\n      ]\n    ]\n  },\n  {\n    \"title\": \"patternExampleList sample 1\",\n    \"value\": [\n      \"LHW802\",\n      [\n        \"LHW802\"\n      ]\n    ]\n  },\n  {\n    \"title\": \"patternExampleList sample 2\",\n    \"value\": [\n      \"RW0\",\n      [\n        \"RW0\"\n      ]\n    ]\n  },\n  {\n    \"title\": \"patternExampleList sample 3\",\n    \"value\": [\n      \"KS82U\",\n      [\n        \"KS82U\"\n      ]\n    ]\n  },\n  {\n    \"title\": \"patternExampleList sample 4\",\n    \"value\": [\n      \"NRG77G\",\n      [\n        \"NRG77G\"\n      ]\n    ]\n  },\n  {\n    \"title\": \"patternExampleList sample 5\",\n    \"value\": [\n      \"WWW8\",\n      [\n        \"WWW8\"\n      ]\n    ]\n  },\n  {\n    \"title\": \"patternExampleList sample 6\",\n    \"value\": [\n      \"CI40*2F\",\n      [\n        \"CI40SD2F\",\n        \"CI40J2FNC02F\",\n        \"CI403F6QI4N2F\",\n        \"CI40WK2AWES02F\"\n      ]\n    ]\n  },\n  {\n    \"title\": \"patternExampleList sample 7\",\n    \"value\": [\n      \"RF11P\",\n      [\n        \"RF11P\"\n      ]\n    ]\n  },\n  {\n    \"title\": \"patternExampleList sample 8\",\n    \"value\": [\n      \"QP1\",\n      [\n        \"QP1\"\n      ]\n    ]\n  },\n  {\n    \"title\": \"patternExampleList sample 9\",\n    \"value\": [\n      \"HSG19*7\",\n      [\n        \"HSG197\",\n        \"HSG1987\",\n        \"HSG19AQP2G7\",\n        \"HSG19VT7\"\n      ]\n    ]\n  }\n]",
              "code": "fast_check_1.sample(index_test_1.patternExampleList, 10).forEach((sample, i) => addContext_1.default(this, {\n    title: `patternExampleList sample ${i}`,\n    value: sample,\n}));\nreturn fast_check_1.assert(fast_check_1.property(index_test_1.patternExampleList, ([patternStr, examples]) => {\n    const re = _1.patternToRE(patternStr);\n    return examples.every(re.test.bind(re));\n}));",
              "err": {},
              "uuid": "172a6391-e1b8-4239-b5e3-1ae952f5b623",
              "parentUUID": "e628d8c0-b7a9-4d1e-9a62-85f6545bacc0",
              "isHook": false,
              "skipped": false
            },
            {
              "title": "should match valid modules with multiple patterns",
              "fullTitle": "patternToRE should match valid modules with multiple patterns",
              "timedOut": false,
              "duration": 55,
              "state": "passed",
              "speed": "medium",
              "pass": true,
              "fail": false,
              "pending": false,
              "context": "[\n  {\n    \"title\": \"patternExampleListArray sample 0\",\n    \"value\": [\n      [\n        \"WU*\",\n        [\n          \"WUZ43OE3\"\n        ]\n      ],\n      [\n        \"LY38*7\",\n        [\n          \"LY389OELSHVT7\",\n          \"LY38G7\",\n          \"LY385URA57\",\n          \"LY38ZI7\",\n          \"LY387\",\n          \"LY38SSHXG157\",\n          \"LY38G2C30OIC7\"\n        ]\n      ],\n      [\n        \"ANK9\",\n        [\n          \"ANK9\"\n        ]\n      ],\n      [\n        \"BJ45\",\n        [\n          \"BJ45\"\n        ]\n      ],\n      [\n        \"FU*\",\n        [\n          \"FUO5FYCB\",\n          \"FUWF\",\n          \"FUC8BRRN\",\n          \"FURCM\",\n          \"FUMZW\"\n        ]\n      ],\n      [\n        \"GF4002\",\n        [\n          \"GF4002\"\n        ]\n      ],\n      [\n        \"ZJD2Q\",\n        [\n          \"ZJD2Q\"\n        ]\n      ],\n      [\n        \"UOY503\",\n        [\n          \"UOY503\"\n        ]\n      ]\n    ]\n  },\n  {\n    \"title\": \"patternExampleListArray sample 1\",\n    \"value\": [\n      [\n        \"MO13S\",\n        [\n          \"MO13S\"\n        ]\n      ],\n      [\n        \"BYO2940\",\n        [\n          \"BYO2940\"\n        ]\n      ],\n      [\n        \"QDW181Q\",\n        [\n          \"QDW181Q\"\n        ]\n      ],\n      [\n        \"YJD*4\",\n        [\n          \"YJDS78TF9VY4\",\n          \"YJDVEIH4\",\n          \"YJDOS94\",\n          \"YJD4\",\n          \"YJDAM4\",\n          \"YJD1I4\",\n          \"YJDLH84\"\n        ]\n      ],\n      [\n        \"QI81\",\n        [\n          \"QI81\"\n        ]\n      ]\n    ]\n  },\n  {\n    \"title\": \"patternExampleListArray sample 2\",\n    \"value\": [\n      [\n        \"FEL523\",\n        [\n          \"FEL523\"\n        ]\n      ],\n      [\n        \"ICW9x8xT\",\n        [\n          \"ICW9984T\",\n          \"ICW9687T\",\n          \"ICW9783T\",\n          \"ICW9380T\",\n          \"ICW9583T\",\n          \"ICW9486T\"\n        ]\n      ],\n      [\n        \"WCF56J\",\n        [\n          \"WCF56J\"\n        ]\n      ],\n      [\n        \"GO4*4\",\n        [\n          \"GO4EY7IMAJM4\",\n          \"GO4RMUWFZ1A4\",\n          \"GO46V0NQ4\",\n          \"GO44\",\n          \"GO4CUY4\"\n        ]\n      ],\n      [\n        \"ZU86x*\",\n        [\n          \"ZU869BMKQV\",\n          \"ZU867\",\n          \"ZU864EA2SGRQ\",\n          \"ZU8692NY\"\n        ]\n      ],\n      [\n        \"JMC8xL\",\n        [\n          \"JMC85L\",\n          \"JMC80L\",\n          \"JMC83L\",\n          \"JMC89L\",\n          \"JMC84L\",\n          \"JMC87L\",\n          \"JMC88L\",\n          \"JMC82L\",\n          \"JMC81L\"\n        ]\n      ]\n    ]\n  },\n  {\n    \"title\": \"patternExampleListArray sample 3\",\n    \"value\": [\n      [\n        \"BV*X\",\n        [\n          \"BVHK8KXX\",\n          \"BV2X\"\n        ]\n      ],\n      [\n        \"KU*\",\n        [\n          \"KUO\",\n          \"KUVN\",\n          \"KUONO\",\n          \"KUSHWT\"\n        ]\n      ],\n      [\n        \"WMO*T\",\n        [\n          \"WMOY3T\",\n          \"WMOT\",\n          \"WMO29ZK50W9T\"\n        ]\n      ],\n      [\n        \"BE0\",\n        [\n          \"BE0\"\n        ]\n      ],\n      [\n        \"CK1109\",\n        [\n          \"CK1109\"\n        ]\n      ],\n      [\n        \"AP1x6*F\",\n        [\n          \"AP146LYAQM0GF\",\n          \"AP106HO6R5J9JF\",\n          \"AP196F\"\n        ]\n      ],\n      [\n        \"ZD49\",\n        [\n          \"ZD49\"\n        ]\n      ],\n      [\n        \"ADI8*78\",\n        [\n          \"ADI8RARR9FLK78\",\n          \"ADI8ZQI78\",\n          \"ADI8IYV7N78\",\n          \"ADI84HO78\"\n        ]\n      ],\n      [\n        \"NJCx\",\n        [\n          \"NJC4\",\n          \"NJC6\",\n          \"NJC5\",\n          \"NJC3\",\n          \"NJC2\"\n        ]\n      ],\n      [\n        \"YD*E\",\n        [\n          \"YDJDE\"\n        ]\n      ],\n      [\n        \"TRJx88\",\n        [\n          \"TRJ988\",\n          \"TRJ388\",\n          \"TRJ488\",\n          \"TRJ088\",\n          \"TRJ288\",\n          \"TRJ788\",\n          \"TRJ888\",\n          \"TRJ588\",\n          \"TRJ688\"\n        ]\n      ]\n    ]\n  },\n  {\n    \"title\": \"patternExampleListArray sample 4\",\n    \"value\": [\n      [\n        \"YW8042\",\n        [\n          \"YW8042\"\n        ]\n      ],\n      [\n        \"YK0D\",\n        [\n          \"YK0D\"\n        ]\n      ],\n      [\n        \"GF0R\",\n        [\n          \"GF0R\"\n        ]\n      ],\n      [\n        \"PBO593I\",\n        [\n          \"PBO593I\"\n        ]\n      ],\n      [\n        \"MHE63\",\n        [\n          \"MHE63\"\n        ]\n      ],\n      [\n        \"CD8253\",\n        [\n          \"CD8253\"\n        ]\n      ]\n    ]\n  },\n  {\n    \"title\": \"patternExampleListArray sample 5\",\n    \"value\": [\n      [\n        \"VJQ59x8\",\n        [\n          \"VJQ5908\",\n          \"VJQ5968\",\n          \"VJQ5998\",\n          \"VJQ5958\",\n          \"VJQ5938\",\n          \"VJQ5948\",\n          \"VJQ5978\",\n          \"VJQ5928\"\n        ]\n      ],\n      [\n        \"JOM06\",\n        [\n          \"JOM06\"\n        ]\n      ],\n      [\n        \"XC*2\",\n        [\n          \"XCH6GZ1L9Y2\",\n          \"XCOFBJ2\",\n          \"XCFRW2\",\n          \"XC5G2\"\n        ]\n      ],\n      [\n        \"VY6*4A\",\n        [\n          \"VY64A\",\n          \"VY6Z4A\",\n          \"VY6SAI4KSRR4A\"\n        ]\n      ],\n      [\n        \"IE22\",\n        [\n          \"IE22\"\n        ]\n      ],\n      [\n        \"ANZ48\",\n        [\n          \"ANZ48\"\n        ]\n      ],\n      [\n        \"FNW0*9G\",\n        [\n          \"FNW0W0IA09G\",\n          \"FNW08D9G\",\n          \"FNW09G\",\n          \"FNW0XTO9G\"\n        ]\n      ],\n      [\n        \"YW48\",\n        [\n          \"YW48\"\n        ]\n      ],\n      [\n        \"QYL5\",\n        [\n          \"QYL5\"\n        ]\n      ],\n      [\n        \"VXA0\",\n        [\n          \"VXA0\"\n        ]\n      ],\n      [\n        \"QF87\",\n        [\n          \"QF87\"\n        ]\n      ],\n      [\n        \"ZJ37xH\",\n        [\n          \"ZJ378H\",\n          \"ZJ370H\",\n          \"ZJ371H\",\n          \"ZJ373H\",\n          \"ZJ379H\",\n          \"ZJ372H\",\n          \"ZJ375H\",\n          \"ZJ374H\",\n          \"ZJ376H\",\n          \"ZJ377H\"\n        ]\n      ]\n    ]\n  },\n  {\n    \"title\": \"patternExampleListArray sample 6\",\n    \"value\": [\n      [\n        \"EP62I\",\n        [\n          \"EP62I\"\n        ]\n      ],\n      [\n        \"DQC703\",\n        [\n          \"DQC703\"\n        ]\n      ],\n      [\n        \"DLG348G\",\n        [\n          \"DLG348G\"\n        ]\n      ],\n      [\n        \"AF0\",\n        [\n          \"AF0\"\n        ]\n      ],\n      [\n        \"TYC7*\",\n        [\n          \"TYC7\",\n          \"TYC716AU\",\n          \"TYC70D\",\n          \"TYC7YC6JROI\",\n          \"TYC7VC\",\n          \"TYC72GH0XGVG\",\n          \"TYC7JP\",\n          \"TYC7MSUSPC\",\n          \"TYC7NWWD\",\n          \"TYC7YPEKSO71\"\n        ]\n      ]\n    ]\n  },\n  {\n    \"title\": \"patternExampleListArray sample 7\",\n    \"value\": [\n      [\n        \"KKM3\",\n        [\n          \"KKM3\"\n        ]\n      ],\n      [\n        \"KU93\",\n        [\n          \"KU93\"\n        ]\n      ],\n      [\n        \"CN468\",\n        [\n          \"CN468\"\n        ]\n      ],\n      [\n        \"UE246x\",\n        [\n          \"UE2468\"\n        ]\n      ]\n    ]\n  },\n  {\n    \"title\": \"patternExampleListArray sample 8\",\n    \"value\": [\n      [\n        \"NX379W\",\n        [\n          \"NX379W\"\n        ]\n      ],\n      [\n        \"EB1V\",\n        [\n          \"EB1V\"\n        ]\n      ],\n      [\n        \"HPQ0E\",\n        [\n          \"HPQ0E\"\n        ]\n      ],\n      [\n        \"WE19V\",\n        [\n          \"WE19V\"\n        ]\n      ]\n    ]\n  },\n  {\n    \"title\": \"patternExampleListArray sample 9\",\n    \"value\": [\n      [\n        \"LAx9\",\n        [\n          \"LA79\",\n          \"LA39\",\n          \"LA29\",\n          \"LA69\"\n        ]\n      ],\n      [\n        \"HRZ6\",\n        [\n          \"HRZ6\"\n        ]\n      ],\n      [\n        \"ZTP535\",\n        [\n          \"ZTP535\"\n        ]\n      ],\n      [\n        \"TV3*03\",\n        [\n          \"TV303\",\n          \"TV38UCV03\",\n          \"TV3I8E9X03\",\n          \"TV3G103\",\n          \"TV3FD03\",\n          \"TV32NMS03\",\n          \"TV3JKMWOR03\",\n          \"TV3Z03\",\n          \"TV3PAO03\",\n          \"TV3T3L903\",\n          \"TV3J2HEK67M03\",\n          \"TV3W7803\"\n        ]\n      ],\n      [\n        \"TT90x*\",\n        [\n          \"TT903R\",\n          \"TT908YLOG\",\n          \"TT903D2\",\n          \"TT90307\",\n          \"TT90895NZWE\"\n        ]\n      ],\n      [\n        \"MYB7497F\",\n        [\n          \"MYB7497F\"\n        ]\n      ],\n      [\n        \"XF080\",\n        [\n          \"XF080\"\n        ]\n      ],\n      [\n        \"NQU798G\",\n        [\n          \"NQU798G\"\n        ]\n      ],\n      [\n        \"OS83\",\n        [\n          \"OS83\"\n        ]\n      ],\n      [\n        \"VC03K\",\n        [\n          \"VC03K\"\n        ]\n      ],\n      [\n        \"BKM2\",\n        [\n          \"BKM2\"\n        ]\n      ],\n      [\n        \"JL4xI\",\n        [\n          \"JL40I\"\n        ]\n      ]\n    ]\n  }\n]",
              "code": "const patternExampleListArray = fast_check_1.array(index_test_1.patternExampleList, { minLength: 1 });\nfast_check_1.sample(patternExampleListArray, 10).forEach((sample, i) => addContext_1.default(this, {\n    title: `patternExampleListArray sample ${i}`,\n    value: sample,\n}));\nreturn fast_check_1.assert(fast_check_1.property(patternExampleListArray, (ts) => {\n    const re = _1.patternToRE(...ts.map(([patternStr]) => patternStr));\n    return ts\n        .map(([, examples]) => examples)\n        .flat()\n        .every(re.test.bind(re));\n}));",
              "err": {},
              "uuid": "2e02b467-7b3c-41d1-b88a-3fc84b089a92",
              "parentUUID": "e628d8c0-b7a9-4d1e-9a62-85f6545bacc0",
              "isHook": false,
              "skipped": false
            },
            {
              "title": "should not match x to non-number",
              "fullTitle": "patternToRE should not match x to non-number",
              "timedOut": false,
              "duration": 1,
              "state": "passed",
              "speed": "fast",
              "pass": true,
              "fail": false,
              "pending": false,
              "context": null,
              "code": "const re = _1.patternToRE(\"x\");\n[\"A\", \"Z\", \"c\", \"#\"].forEach((example) => isInvalidExample(re, example));",
              "err": {},
              "uuid": "395b7ba9-dfdb-4405-b96a-ce47d56b59cc",
              "parentUUID": "e628d8c0-b7a9-4d1e-9a62-85f6545bacc0",
              "isHook": false,
              "skipped": false
            },
            {
              "title": "should not match * to a substring composed of characters other than A-Z and 0-9",
              "fullTitle": "patternToRE should not match * to a substring composed of characters other than A-Z and 0-9",
              "timedOut": false,
              "duration": 0,
              "state": "passed",
              "speed": "fast",
              "pass": true,
              "fail": false,
              "pending": false,
              "context": null,
              "code": "const re = _1.patternToRE(\"*\");\n[\"c\", \"Ac\", \"cA\", \"0Ax\", \"x0A\", \"BA#\", \"#AB\"].forEach((example) => isInvalidExample(re, example));",
              "err": {},
              "uuid": "bc152435-cee2-4686-ace8-b3c842044e20",
              "parentUUID": "e628d8c0-b7a9-4d1e-9a62-85f6545bacc0",
              "isHook": false,
              "skipped": false
            },
            {
              "title": "should not match substrings",
              "fullTitle": "patternToRE should not match substrings",
              "timedOut": false,
              "duration": 1,
              "state": "passed",
              "speed": "fast",
              "pass": true,
              "fail": false,
              "pending": false,
              "context": null,
              "code": "const re = _1.patternToRE(\"A*xC\");\n[\"A1CZ\", \"AC1CZ\", \"ZA1C\", \"ZAC1C\", \"ZA1CZ\", \"ZAC1CZ\"].forEach((example) => isInvalidExample(re, example));",
              "err": {},
              "uuid": "e662cda4-1d57-479e-b337-cd8e9da8bbf4",
              "parentUUID": "e628d8c0-b7a9-4d1e-9a62-85f6545bacc0",
              "isHook": false,
              "skipped": false
            }
          ],
          "suites": [],
          "passes": [
            "172a6391-e1b8-4239-b5e3-1ae952f5b623",
            "2e02b467-7b3c-41d1-b88a-3fc84b089a92",
            "395b7ba9-dfdb-4405-b96a-ce47d56b59cc",
            "bc152435-cee2-4686-ace8-b3c842044e20",
            "e662cda4-1d57-479e-b337-cd8e9da8bbf4"
          ],
          "failures": [],
          "pending": [],
          "skipped": [],
          "duration": 70,
          "root": false,
          "rootEmpty": false,
          "_timeout": 2000
        },
        {
          "uuid": "d7be8c62-716c-46b4-aece-2ae5d2afbbb0",
          "title": "patternSatisfier",
          "fullFile": "/home/runner/work/planwithus-lib/planwithus-lib/src/matchRule/pattern/satisfiers.test.ts",
          "file": "/src/matchRule/pattern/satisfiers.test.ts",
          "beforeHooks": [],
          "afterHooks": [],
          "tests": [
            {
              "title": "should assign all modules with *",
              "fullTitle": "patternSatisfier should assign all modules with *",
              "timedOut": false,
              "duration": 1,
              "state": "passed",
              "speed": "fast",
              "pass": true,
              "fail": false,
              "pending": false,
              "context": null,
              "code": "const { assign } = satisfiers_1.patternSatisfier(ref, \"*\");\nisCorrectAssign(assign, modulesList1, modulesList1.map(([moduleStr]) => moduleStr));",
              "err": {},
              "uuid": "1c32924e-0ca9-4312-99db-659c2cc926bb",
              "parentUUID": "d7be8c62-716c-46b4-aece-2ae5d2afbbb0",
              "isHook": false,
              "skipped": false
            },
            {
              "title": "should assign only valid modules with pattern containing *",
              "fullTitle": "patternSatisfier should assign only valid modules with pattern containing *",
              "timedOut": false,
              "duration": 0,
              "state": "passed",
              "speed": "fast",
              "pass": true,
              "fail": false,
              "pending": false,
              "context": null,
              "code": "const { assign } = satisfiers_1.patternSatisfier(ref, \"CS2*\");\nisCorrectAssign(assign, modulesList1, [\"CS2100\", \"CS2040S\", \"CS2030\"]);",
              "err": {},
              "uuid": "5684c57e-906a-41ed-944f-cc3ca9f7e407",
              "parentUUID": "d7be8c62-716c-46b4-aece-2ae5d2afbbb0",
              "isHook": false,
              "skipped": false
            },
            {
              "title": "should assign only valid modules with pattern containing x",
              "fullTitle": "patternSatisfier should assign only valid modules with pattern containing x",
              "timedOut": false,
              "duration": 0,
              "state": "passed",
              "speed": "fast",
              "pass": true,
              "fail": false,
              "pending": false,
              "context": null,
              "code": "const { assign } = satisfiers_1.patternSatisfier(ref, \"CS20xx\");\nisCorrectAssign(assign, modulesList1, [\"CS2030\"]);",
              "err": {},
              "uuid": "e434cfa9-a194-4a8b-994c-a5d9561960ec",
              "parentUUID": "d7be8c62-716c-46b4-aece-2ae5d2afbbb0",
              "isHook": false,
              "skipped": false
            },
            {
              "title": "should assign only valid modules with pattern containing x and *",
              "fullTitle": "patternSatisfier should assign only valid modules with pattern containing x and *",
              "timedOut": false,
              "duration": 0,
              "state": "passed",
              "speed": "fast",
              "pass": true,
              "fail": false,
              "pending": false,
              "context": null,
              "code": "const { assign } = satisfiers_1.patternSatisfier(ref, \"CS20xx*\");\nisCorrectAssign(assign, modulesList1, [\"CS2040S\", \"CS2030\"]);",
              "err": {},
              "uuid": "b0471657-1002-4f38-bb01-53e3b3e35050",
              "parentUUID": "d7be8c62-716c-46b4-aece-2ae5d2afbbb0",
              "isHook": false,
              "skipped": false
            }
          ],
          "suites": [],
          "passes": [
            "1c32924e-0ca9-4312-99db-659c2cc926bb",
            "5684c57e-906a-41ed-944f-cc3ca9f7e407",
            "e434cfa9-a194-4a8b-994c-a5d9561960ec",
            "b0471657-1002-4f38-bb01-53e3b3e35050"
          ],
          "failures": [],
          "pending": [],
          "skipped": [],
          "duration": 1,
          "root": false,
          "rootEmpty": false,
          "_timeout": 2000
        },
        {
          "uuid": "4befea6c-e600-4f7b-8afb-c2d32c4d09f9",
          "title": "patternSchema",
          "fullFile": "/home/runner/work/planwithus-lib/planwithus-lib/src/matchRule/pattern/schemas.test.ts",
          "file": "/src/matchRule/pattern/schemas.test.ts",
          "beforeHooks": [],
          "afterHooks": [],
          "tests": [
            {
              "title": "should validate non-empty pattern composed of A-Z, 0-9, x or *",
              "fullTitle": "patternSchema should validate non-empty pattern composed of A-Z, 0-9, x or *",
              "timedOut": false,
              "duration": 1,
              "state": "passed",
              "speed": "fast",
              "pass": true,
              "fail": false,
              "pending": false,
              "context": "[\n  {\n    \"title\": \"pattern sample 0\",\n    \"value\": \"SE7Q\"\n  },\n  {\n    \"title\": \"pattern sample 1\",\n    \"value\": \"TE1x97\"\n  },\n  {\n    \"title\": \"pattern sample 2\",\n    \"value\": \"OW03\"\n  },\n  {\n    \"title\": \"pattern sample 3\",\n    \"value\": \"KW01\"\n  },\n  {\n    \"title\": \"pattern sample 4\",\n    \"value\": \"GJF1\"\n  },\n  {\n    \"title\": \"pattern sample 5\",\n    \"value\": \"RNV2*L\"\n  },\n  {\n    \"title\": \"pattern sample 6\",\n    \"value\": \"EV6*\"\n  },\n  {\n    \"title\": \"pattern sample 7\",\n    \"value\": \"GFS0*J\"\n  },\n  {\n    \"title\": \"pattern sample 8\",\n    \"value\": \"FV7K\"\n  },\n  {\n    \"title\": \"pattern sample 9\",\n    \"value\": \"KZ4178\"\n  }\n]",
              "code": "fast_check_1.sample(index_test_2.pattern, 10).forEach((sample, i) => addContext_1.default(this, {\n    title: `pattern sample ${i}`,\n    value: sample,\n}));\nreturn fast_check_1.assert(fast_check_1.property(index_test_2.pattern, ajvValidate), {\n    examples: [[\"*\"], [\"ACC1002\"], [\"IS1103\"], [\"CS1231S\"], [\"MA1102R\"]],\n});",
              "err": {},
              "uuid": "b3601204-69ce-435e-a3df-aa8306b99b3e",
              "parentUUID": "4befea6c-e600-4f7b-8afb-c2d32c4d09f9",
              "isHook": false,
              "skipped": false
            },
            {
              "title": "should not validate empty pattern",
              "fullTitle": "patternSchema should not validate empty pattern",
              "timedOut": false,
              "duration": 0,
              "state": "passed",
              "speed": "fast",
              "pass": true,
              "fail": false,
              "pending": false,
              "context": null,
              "code": "isInvalidPattern(\"\")",
              "err": {},
              "uuid": "80851e6a-ab77-460d-b0b4-339ce61e95c2",
              "parentUUID": "4befea6c-e600-4f7b-8afb-c2d32c4d09f9",
              "isHook": false,
              "skipped": false
            },
            {
              "title": "should not validate pattern with invalid characters",
              "fullTitle": "patternSchema should not validate pattern with invalid characters",
              "timedOut": false,
              "duration": 0,
              "state": "passed",
              "speed": "fast",
              "pass": true,
              "fail": false,
              "pending": false,
              "context": null,
              "code": "[\"AB123a\", \"Ac123a\", \"AB123^S\", \"AB1*3^S\", \"$A1*3^S\", \"/A1x33S\"].forEach(isInvalidPattern)",
              "err": {},
              "uuid": "c362e05b-0b64-45cd-9e01-7ed5f62ebe92",
              "parentUUID": "4befea6c-e600-4f7b-8afb-c2d32c4d09f9",
              "isHook": false,
              "skipped": false
            }
          ],
          "suites": [],
          "passes": [
            "b3601204-69ce-435e-a3df-aa8306b99b3e",
            "80851e6a-ab77-460d-b0b4-339ce61e95c2",
            "c362e05b-0b64-45cd-9e01-7ed5f62ebe92"
          ],
          "failures": [],
          "pending": [],
          "skipped": [],
          "duration": 1,
          "root": false,
          "rootEmpty": false,
          "_timeout": 2000
        },
        {
          "uuid": "1b3112ff-87ca-4e0c-8d3d-061a842d7232",
          "title": "patternMatchRuleSatisfier",
          "fullFile": "/home/runner/work/planwithus-lib/planwithus-lib/src/matchRule/satisfiers.test.ts",
          "file": "/src/matchRule/satisfiers.test.ts",
          "beforeHooks": [],
          "afterHooks": [],
          "tests": [
            {
              "title": "should assign only valid modules with pattern match rule containing no exclude patterns",
              "fullTitle": "patternMatchRuleSatisfier should assign only valid modules with pattern match rule containing no exclude patterns",
              "timedOut": false,
              "duration": 1,
              "state": "passed",
              "speed": "fast",
              "pass": true,
              "fail": false,
              "pending": false,
              "context": null,
              "code": "const { assign } = satisfiers_1.patternMatchRuleSatisfier(ref, { pattern: \"CS1xxx*\" });\nisCorrectAssign(assign, modulesList1, [\"CS1231\", \"CS1231S\"]);",
              "err": {},
              "uuid": "535dea58-16d5-443d-8953-8a2fa6264330",
              "parentUUID": "1b3112ff-87ca-4e0c-8d3d-061a842d7232",
              "isHook": false,
              "skipped": false
            },
            {
              "title": "should assign only valid modules with pattern match rule containing an exclude pattern",
              "fullTitle": "patternMatchRuleSatisfier should assign only valid modules with pattern match rule containing an exclude pattern",
              "timedOut": false,
              "duration": 0,
              "state": "passed",
              "speed": "fast",
              "pass": true,
              "fail": false,
              "pending": false,
              "context": null,
              "code": "const { assign } = satisfiers_1.patternMatchRuleSatisfier(ref, {\n    pattern: \"MA1xxx*\",\n    exclude: \"MA15xx\",\n});\nisCorrectAssign(assign, modulesList1, [\n    \"MA1100\",\n    \"MA1101R\",\n    \"MA1102R\",\n    \"MA1511A\",\n]);",
              "err": {},
              "uuid": "d23c548f-8d80-489b-87d5-fcd91ef138d6",
              "parentUUID": "1b3112ff-87ca-4e0c-8d3d-061a842d7232",
              "isHook": false,
              "skipped": false
            },
            {
              "title": "should assign only valid modules with pattern match rule containing multiple exclude patterns",
              "fullTitle": "patternMatchRuleSatisfier should assign only valid modules with pattern match rule containing multiple exclude patterns",
              "timedOut": false,
              "duration": 1,
              "state": "passed",
              "speed": "fast",
              "pass": true,
              "fail": false,
              "pending": false,
              "context": null,
              "code": "const { assign } = satisfiers_1.patternMatchRuleSatisfier(ref, {\n    pattern: \"MA*\",\n    exclude: [\"MA151x*\", \"MA2xxx\"],\n});\nisCorrectAssign(assign, modulesList1, [\n    \"MA1100\",\n    \"MA1101R\",\n    \"MA1102R\",\n    \"MA1507\",\n    \"MA1521\",\n    \"MA2101S\",\n]);",
              "err": {},
              "uuid": "0508b66e-4950-451b-bce8-d232a8c2b1d0",
              "parentUUID": "1b3112ff-87ca-4e0c-8d3d-061a842d7232",
              "isHook": false,
              "skipped": false
            }
          ],
          "suites": [],
          "passes": [
            "535dea58-16d5-443d-8953-8a2fa6264330",
            "d23c548f-8d80-489b-87d5-fcd91ef138d6",
            "0508b66e-4950-451b-bce8-d232a8c2b1d0"
          ],
          "failures": [],
          "pending": [],
          "skipped": [],
          "duration": 2,
          "root": false,
          "rootEmpty": false,
          "_timeout": 2000
        },
        {
          "uuid": "23d3fab9-8846-46ac-ba5d-30d15d869f4a",
          "title": "matchRuleSchema",
          "fullFile": "/home/runner/work/planwithus-lib/planwithus-lib/src/matchRule/schemas.test.ts",
          "file": "/src/matchRule/schemas.test.ts",
          "beforeHooks": [],
          "afterHooks": [],
          "tests": [
            {
              "title": "should validate match rule with valid pattern",
              "fullTitle": "matchRuleSchema should validate match rule with valid pattern",
              "timedOut": false,
              "duration": 1,
              "state": "passed",
              "speed": "fast",
              "pass": true,
              "fail": false,
              "pending": false,
              "context": "[\n  {\n    \"title\": \"pattern sample 0\",\n    \"value\": \"BO14x1Q\"\n  },\n  {\n    \"title\": \"pattern sample 1\",\n    \"value\": \"WK8Y\"\n  },\n  {\n    \"title\": \"pattern sample 2\",\n    \"value\": \"IE0Z\"\n  },\n  {\n    \"title\": \"pattern sample 3\",\n    \"value\": \"PRR5\"\n  },\n  {\n    \"title\": \"pattern sample 4\",\n    \"value\": \"FN43\"\n  },\n  {\n    \"title\": \"pattern sample 5\",\n    \"value\": \"IV009E\"\n  },\n  {\n    \"title\": \"pattern sample 6\",\n    \"value\": \"AK8989D\"\n  },\n  {\n    \"title\": \"pattern sample 7\",\n    \"value\": \"GEV8*3*\"\n  },\n  {\n    \"title\": \"pattern sample 8\",\n    \"value\": \"HD46P\"\n  },\n  {\n    \"title\": \"pattern sample 9\",\n    \"value\": \"YJ2N\"\n  }\n]",
              "code": "fast_check_1.sample(index_test_3.pattern, 10).forEach((sample, i) => addContext_1.default(this, {\n    title: `pattern sample ${i}`,\n    value: sample,\n}));\nreturn fast_check_1.assert(fast_check_1.property(index_test_3.pattern, ajvValidate));",
              "err": {},
              "uuid": "4ff56ffd-7c01-4609-8eac-6f3f00352996",
              "parentUUID": "23d3fab9-8846-46ac-ba5d-30d15d869f4a",
              "isHook": false,
              "skipped": false
            },
            {
              "title": "should validate match rules with valid pattern, exclude and info",
              "fullTitle": "matchRuleSchema should validate match rules with valid pattern, exclude and info",
              "timedOut": false,
              "duration": 3,
              "state": "passed",
              "speed": "fast",
              "pass": true,
              "fail": false,
              "pending": false,
              "context": "[\n  {\n    \"title\": \"patternMatchRule sample 0\",\n    \"value\": {\n      \"pattern\": \"FV*\",\n      \"exclude\": \"RSVx\",\n      \"info\": \"S\"\n    }\n  },\n  {\n    \"title\": \"patternMatchRule sample 1\",\n    \"value\": {\n      \"pattern\": \"IPx2\",\n      \"exclude\": [],\n      \"info\": \"{1$\\\"xg\"\n    }\n  },\n  {\n    \"title\": \"patternMatchRule sample 2\",\n    \"value\": {\n      \"pattern\": \"MU2\",\n      \"exclude\": \"PSP24\",\n      \"info\": \"a?Whv[sOu\"\n    }\n  },\n  {\n    \"title\": \"patternMatchRule sample 3\",\n    \"value\": {\n      \"pattern\": \"LR*75\",\n      \"exclude\": \"BK28\",\n      \"info\": \"0Vr*3y2\"\n    }\n  },\n  {\n    \"title\": \"patternMatchRule sample 4\",\n    \"value\": {\n      \"pattern\": \"TRK46*3\",\n      \"exclude\": [\n        \"ROE08\",\n        \"VS813\",\n        \"MHE0889N\",\n        \"JW427*T\"\n      ],\n      \"info\": \"kX\"\n    }\n  },\n  {\n    \"title\": \"patternMatchRule sample 5\",\n    \"value\": {\n      \"pattern\": \"XA3W\",\n      \"exclude\": \"SD284\",\n      \"info\": \"eH\"\n    }\n  },\n  {\n    \"title\": \"patternMatchRule sample 6\",\n    \"value\": {\n      \"pattern\": \"DCW*90P\",\n      \"exclude\": [\n        \"DA21\",\n        \"VHS80L\",\n        \"PZ68\",\n        \"CTZ16\"\n      ],\n      \"info\": \";l\"\n    }\n  },\n  {\n    \"title\": \"patternMatchRule sample 7\",\n    \"value\": {\n      \"pattern\": \"UR11\",\n      \"exclude\": [],\n      \"info\": \")*e5~\"\n    }\n  },\n  {\n    \"title\": \"patternMatchRule sample 8\",\n    \"value\": {\n      \"pattern\": \"RL09*\",\n      \"exclude\": \"SMR4Y\",\n      \"info\": \"'O&\"\n    }\n  },\n  {\n    \"title\": \"patternMatchRule sample 9\",\n    \"value\": {\n      \"pattern\": \"UD3491\",\n      \"exclude\": \"FZL16I\",\n      \"info\": \"V&#%!z$['~\"\n    }\n  }\n]",
              "code": "fast_check_1.sample(index_test_2.patternMatchRule, 10).forEach((sample, i) => addContext_1.default(this, {\n    title: `patternMatchRule sample ${i}`,\n    value: sample,\n}));\nreturn fast_check_1.assert(fast_check_1.property(index_test_2.patternMatchRule, ajvValidate));",
              "err": {},
              "uuid": "9092221c-7e5d-43a5-86d4-1860214d89ba",
              "parentUUID": "23d3fab9-8846-46ac-ba5d-30d15d869f4a",
              "isHook": false,
              "skipped": false
            },
            {
              "title": "should validate valid recursive match rules",
              "fullTitle": "matchRuleSchema should validate valid recursive match rules",
              "timedOut": false,
              "duration": 6,
              "state": "passed",
              "speed": "fast",
              "pass": true,
              "fail": false,
              "pending": false,
              "context": "[\n  {\n    \"title\": \"matchRule sample 0\",\n    \"value\": \"JW6613\"\n  },\n  {\n    \"title\": \"matchRule sample 1\",\n    \"value\": {\n      \"and\": [\n        {\n          \"and\": [\n            \"IEP7\",\n            {\n              \"pattern\": \"TNW4*8*\",\n              \"exclude\": \"SV0\",\n              \"info\": \"uy\"\n            }\n          ]\n        }\n      ]\n    }\n  },\n  {\n    \"title\": \"matchRule sample 2\",\n    \"value\": {\n      \"and\": [\n        {\n          \"and\": []\n        }\n      ]\n    }\n  },\n  {\n    \"title\": \"matchRule sample 3\",\n    \"value\": {\n      \"or\": []\n    }\n  },\n  {\n    \"title\": \"matchRule sample 4\",\n    \"value\": {\n      \"and\": [\n        {\n          \"and\": [\n            \"LLK3x\"\n          ]\n        },\n        {\n          \"or\": [\n            \"SFYx9\",\n            {\n              \"or\": [\n                {\n                  \"and\": [\n                    {\n                      \"or\": []\n                    },\n                    \"IPx\",\n                    \"QQA37xN\",\n                    \"GY454*\"\n                  ]\n                },\n                \"EGN7V\",\n                {\n                  \"pattern\": \"NB0R\",\n                  \"exclude\": \"VJ98*P\",\n                  \"info\": \"!4\"\n                },\n                \"FB44U\"\n              ]\n            }\n          ]\n        },\n        {\n          \"and\": [\n            \"WTN205C\"\n          ]\n        },\n        \"BD6\",\n        {\n          \"or\": [\n            {\n              \"or\": [\n                \"YR87*7S\",\n                \"YGT880\",\n                {\n                  \"or\": [\n                    {\n                      \"pattern\": \"DHx\",\n                      \"exclude\": \"LE759\",\n                      \"info\": \"8iLpR0L\"\n                    }\n                  ]\n                },\n                \"XVx\"\n              ]\n            },\n            {\n              \"and\": []\n            },\n            {\n              \"or\": [\n                {\n                  \"and\": [\n                    \"XXx\",\n                    {\n                      \"or\": [\n                        \"AJW47x\",\n                        \"NY9M\",\n                        {\n                          \"and\": [\n                            \"VPR5356P\",\n                            \"WQ4*xW\",\n                            \"FTC74Y\"\n                          ]\n                        },\n                        \"SU86*9N\",\n                        \"EL590\"\n                      ]\n                    },\n                    \"MDYx8Z\",\n                    {\n                      \"and\": [\n                        {\n                          \"or\": [\n                            \"WC2\"\n                          ]\n                        },\n                        \"LZ7973\"\n                      ]\n                    },\n                    {\n                      \"or\": [\n                        \"CLXx76S\"\n                      ]\n                    }\n                  ]\n                },\n                \"MRA*08\"\n              ]\n            },\n            {\n              \"and\": [\n                {\n                  \"pattern\": \"ZY060\",\n                  \"exclude\": \"CDB*15S\"\n                },\n                \"BC1361\",\n                {\n                  \"or\": [\n                    {\n                      \"and\": []\n                    },\n                    \"BK377O\",\n                    \"AZ0M\"\n                  ]\n                }\n              ]\n            },\n            {\n              \"and\": [\n                {\n                  \"and\": []\n                }\n              ]\n            }\n          ]\n        }\n      ]\n    }\n  },\n  {\n    \"title\": \"matchRule sample 5\",\n    \"value\": {\n      \"pattern\": \"EL*\",\n      \"exclude\": [\n        \"VGJ348\"\n      ]\n    }\n  },\n  {\n    \"title\": \"matchRule sample 6\",\n    \"value\": {\n      \"and\": [\n        {\n          \"pattern\": \"IS0451\",\n          \"info\": \"{{c-^.qvr\"\n        }\n      ]\n    }\n  },\n  {\n    \"title\": \"matchRule sample 7\",\n    \"value\": {\n      \"or\": [\n        {\n          \"pattern\": \"NJN0\",\n          \"info\": \" \"\n        },\n        \"VEO7\"\n      ]\n    }\n  },\n  {\n    \"title\": \"matchRule sample 8\",\n    \"value\": {\n      \"pattern\": \"AA7x\",\n      \"exclude\": [\n        \"YU3x5\",\n        \"MO0\",\n        \"UP8022\",\n        \"VA234T\",\n        \"HQR11L\"\n      ],\n      \"info\": \"_a=w.csyG\"\n    }\n  },\n  {\n    \"title\": \"matchRule sample 9\",\n    \"value\": {\n      \"pattern\": \"JR99V\",\n      \"exclude\": \"BJQ5196\",\n      \"info\": \"}|\"\n    }\n  }\n]",
              "code": "fast_check_1.sample(index_test_2.matchRule, 10).forEach((sample, i) => addContext_1.default(this, {\n    title: `matchRule sample ${i}`,\n    value: sample,\n}));\nreturn fast_check_1.assert(fast_check_1.property(index_test_2.matchRule, ajvValidate));",
              "err": {},
              "uuid": "2c981336-6ae5-435b-bb13-8f2595c5f500",
              "parentUUID": "23d3fab9-8846-46ac-ba5d-30d15d869f4a",
              "isHook": false,
[...]
              "err": {},
              "uuid": "b607cc70-f7e9-4091-9707-403fee158ac4",
              "parentUUID": "b3313429-3adf-4fb5-a63d-e1bce7712791",
              "isHook": false,
              "skipped": false
            },
            {
              "title": "should truncate list of modules with upper bound of MCs at exact cutoff if total MC count is higher and there exists some starting sequence with exact MC count",
              "fullTitle": "inequalitySatisfier should truncate list of modules with upper bound of MCs at exact cutoff if total MC count is higher and there exists some starting sequence with exact MC count",
              "timedOut": false,
              "duration": 0,
              "state": "passed",
              "speed": "fast",
              "pass": true,
              "fail": false,
              "pending": false,
              "context": null,
              "code": "const satisfier = satisfiers_1.inequalitySatisfier(ref, \"<=16\");\nsatisfier.should.have.property(\"filter\");\nconst { filter } = satisfier;\nisCorrectFilter(filter, modulesList1, [\n    \"CS2100\",\n    \"GER1000\",\n    \"CS2040S\",\n    \"ST2131\",\n]);",
              "err": {},
              "uuid": "6302a87f-ffdd-4556-a342-d9061a517809",
              "parentUUID": "b3313429-3adf-4fb5-a63d-e1bce7712791",
              "isHook": false,
              "skipped": false
            },
            {
              "title": "should truncate list of modules with upper bound of MCs, cutting off at the minimum starting sequence that exceeds upper bound, if total MC count is higher and there exists no starting sequence with exact MC count",
              "fullTitle": "inequalitySatisfier should truncate list of modules with upper bound of MCs, cutting off at the minimum starting sequence that exceeds upper bound, if total MC count is higher and there exists no starting sequence with exact MC count",
              "timedOut": false,
              "duration": 0,
              "state": "passed",
              "speed": "fast",
              "pass": true,
              "fail": false,
              "pending": false,
              "context": null,
              "code": "const satisfier = satisfiers_1.inequalitySatisfier(ref, \"<=17\");\nsatisfier.should.have.property(\"filter\");\nconst { filter } = satisfier;\nisCorrectFilter(filter, modulesList1, [\n    \"CS2100\",\n    \"GER1000\",\n    \"CS2040S\",\n    \"ST2131\",\n    \"MA1521\",\n]);",
              "err": {},
              "uuid": "3534d111-d84a-49dc-8e9c-151ba67ae310",
              "parentUUID": "b3313429-3adf-4fb5-a63d-e1bce7712791",
              "isHook": false,
              "skipped": false
            }
          ],
          "suites": [],
          "passes": [
            "f9510bb7-a6fc-465a-8bde-6159579d1960",
            "9050812b-2079-4801-bbc2-6e0f5e91cbca",
            "adfd1b4b-e51f-4bd8-a3c3-382704299b26",
            "99b51ac3-9a84-435e-ad00-5e8385861c45",
            "b607cc70-f7e9-4091-9707-403fee158ac4",
            "6302a87f-ffdd-4556-a342-d9061a517809",
            "3534d111-d84a-49dc-8e9c-151ba67ae310"
          ],
          "failures": [],
          "pending": [],
          "skipped": [],
          "duration": 2,
          "root": false,
          "rootEmpty": false,
          "_timeout": 2000
        },
        {
          "uuid": "2067ecb3-2445-4fcb-a827-5814ea4b885a",
          "title": "inequalitySchema",
          "fullFile": "/home/runner/work/planwithus-lib/planwithus-lib/src/satisfyRule/inequality/schemas.test.ts",
          "file": "/src/satisfyRule/inequality/schemas.test.ts",
          "beforeHooks": [],
          "afterHooks": [],
          "tests": [
            {
              "title": "should validate inequality in the form <=n or >=n",
              "fullTitle": "inequalitySchema should validate inequality in the form <=n or >=n",
              "timedOut": false,
              "duration": 0,
              "state": "passed",
              "speed": "fast",
              "pass": true,
              "fail": false,
              "pending": false,
              "context": "[\n  {\n    \"title\": \"inequality sample 0\",\n    \"value\": \"<=200\"\n  },\n  {\n    \"title\": \"inequality sample 1\",\n    \"value\": \">=28\"\n  },\n  {\n    \"title\": \"inequality sample 2\",\n    \"value\": \"<=149\"\n  },\n  {\n    \"title\": \"inequality sample 3\",\n    \"value\": \"<=4\"\n  },\n  {\n    \"title\": \"inequality sample 4\",\n    \"value\": \">=85\"\n  },\n  {\n    \"title\": \"inequality sample 5\",\n    \"value\": \">=65\"\n  },\n  {\n    \"title\": \"inequality sample 6\",\n    \"value\": \">=2\"\n  },\n  {\n    \"title\": \"inequality sample 7\",\n    \"value\": \">=149\"\n  },\n  {\n    \"title\": \"inequality sample 8\",\n    \"value\": \"<=2\"\n  },\n  {\n    \"title\": \"inequality sample 9\",\n    \"value\": \"<=16\"\n  }\n]",
              "code": "fast_check_1.sample(index_test_2.inequality, 10).forEach((sample, i) => addContext_1.default(this, {\n    title: `inequality sample ${i}`,\n    value: sample,\n}));\nreturn fast_check_1.assert(fast_check_1.property(index_test_2.inequality, ajvValidate));",
              "err": {},
              "uuid": "c046eb99-f811-4fcd-b8fd-ef0343203d2e",
              "parentUUID": "2067ecb3-2445-4fcb-a827-5814ea4b885a",
              "isHook": false,
              "skipped": false
            },
            {
              "title": "should not validate inequality of invalid form",
              "fullTitle": "inequalitySchema should not validate inequality of invalid form",
              "timedOut": false,
              "duration": 1,
              "state": "passed",
              "speed": "fast",
              "pass": true,
              "fail": false,
              "pending": false,
              "context": null,
              "code": "[\n        \"\",\n        \"==23\",\n        \"23\",\n        \"<23\",\n        \">23\",\n        \"<=-1\",\n        \">=-1\",\n        \"<= 2\",\n        \">= 1\",\n        \"> 3\",\n        \"< 3\",\n        \"<=3a\",\n        \">=3a\",\n        \"a<=3\",\n        \"a>=3\",\n    ].forEach(isInvalidInequality)",
              "err": {},
              "uuid": "3c815f31-aa8b-4882-81bd-65ae73fdd793",
              "parentUUID": "2067ecb3-2445-4fcb-a827-5814ea4b885a",
              "isHook": false,
              "skipped": false
            }
          ],
          "suites": [],
          "passes": [
            "c046eb99-f811-4fcd-b8fd-ef0343203d2e",
            "3c815f31-aa8b-4882-81bd-65ae73fdd793"
          ],
          "failures": [],
          "pending": [],
          "skipped": [],
          "duration": 1,
          "root": false,
          "rootEmpty": false,
          "_timeout": 2000
        },
        {
          "uuid": "18547eca-b582-4364-9de3-f6bd175daf37",
          "title": "satisfyRuleSchema",
          "fullFile": "/home/runner/work/planwithus-lib/planwithus-lib/src/satisfyRule/schemas.test.ts",
          "file": "/src/satisfyRule/schemas.test.ts",
          "beforeHooks": [],
          "afterHooks": [],
          "tests": [
            {
              "title": "should validate satisfy rule with valid block id",
              "fullTitle": "satisfyRuleSchema should validate satisfy rule with valid block id",
              "timedOut": false,
              "duration": 1,
              "state": "passed",
              "speed": "fast",
              "pass": true,
              "fail": false,
              "pending": false,
              "context": null,
              "code": "fast_check_1.assert(fast_check_1.property(fast_check_1.string(), ajvValidate)",
              "err": {},
              "uuid": "843b737e-baf6-4dbe-83e7-335391e94cf4",
              "parentUUID": "18547eca-b582-4364-9de3-f6bd175daf37",
              "isHook": false,
              "skipped": false
            },
            {
              "title": "should validate satisfy rules with valid mc",
              "fullTitle": "satisfyRuleSchema should validate satisfy rules with valid mc",
              "timedOut": false,
              "duration": 1,
              "state": "passed",
              "speed": "fast",
              "pass": true,
              "fail": false,
              "pending": false,
              "context": "[\n  {\n    \"title\": \"mcSatisfyRule sample 0\",\n    \"value\": {\n      \"mc\": \"<=106\"\n    }\n  },\n  {\n    \"title\": \"mcSatisfyRule sample 1\",\n    \"value\": {\n      \"mc\": \">=125\"\n    }\n  },\n  {\n    \"title\": \"mcSatisfyRule sample 2\",\n    \"value\": {\n      \"mc\": \">=106\"\n    }\n  },\n  {\n    \"title\": \"mcSatisfyRule sample 3\",\n    \"value\": {\n      \"mc\": \">=195\"\n    }\n  },\n  {\n    \"title\": \"mcSatisfyRule sample 4\",\n    \"value\": {\n      \"mc\": \">=44\"\n    }\n  },\n  {\n    \"title\": \"mcSatisfyRule sample 5\",\n    \"value\": {\n      \"mc\": \"<=39\"\n    }\n  },\n  {\n    \"title\": \"mcSatisfyRule sample 6\",\n    \"value\": {\n      \"mc\": \"<=3\"\n    }\n  },\n  {\n    \"title\": \"mcSatisfyRule sample 7\",\n    \"value\": {\n      \"mc\": \">=32\"\n    }\n  },\n  {\n    \"title\": \"mcSatisfyRule sample 8\",\n    \"value\": {\n      \"mc\": \">=5\"\n    }\n  },\n  {\n    \"title\": \"mcSatisfyRule sample 9\",\n    \"value\": {\n      \"mc\": \">=4\"\n    }\n  }\n]",
              "code": "fast_check_1.sample(index_test_2.mcSatisfyRule, 10).forEach((sample, i) => addContext_1.default(this, {\n    title: `mcSatisfyRule sample ${i}`,\n    value: sample,\n}));\nreturn fast_check_1.assert(fast_check_1.property(index_test_2.mcSatisfyRule, ajvValidate));",
              "err": {},
              "uuid": "0cebd94a-c611-40e9-8293-b9d43f79762d",
              "parentUUID": "18547eca-b582-4364-9de3-f6bd175daf37",
              "isHook": false,
              "skipped": false
            },
            {
              "title": "should validate valid recursive satisfy rules",
              "fullTitle": "satisfyRuleSchema should validate valid recursive satisfy rules",
              "timedOut": false,
              "duration": 3,
              "state": "passed",
              "speed": "fast",
              "pass": true,
              "fail": false,
              "pending": false,
              "context": "[\n  {\n    \"title\": \"satisfyRule sample 0\",\n    \"value\": {\n      \"and\": []\n    }\n  },\n  {\n    \"title\": \"satisfyRule sample 1\",\n    \"value\": \"{9%f18\"\n  },\n  {\n    \"title\": \"satisfyRule sample 2\",\n    \"value\": {\n      \"and\": []\n    }\n  },\n  {\n    \"title\": \"satisfyRule sample 3\",\n    \"value\": \"h<w~abb1\"\n  },\n  {\n    \"title\": \"satisfyRule sample 4\",\n    \"value\": {\n      \"and\": []\n    }\n  },\n  {\n    \"title\": \"satisfyRule sample 5\",\n    \"value\": \"b3S\"\n  },\n  {\n    \"title\": \"satisfyRule sample 6\",\n    \"value\": {\n      \"or\": [\n        {\n          \"and\": [\n            {\n              \"mc\": \"<=94\"\n            },\n            \"&X\"\n          ]\n        },\n        {\n          \"or\": [\n            {\n              \"mc\": \">=32\"\n            },\n            {\n              \"mc\": \"<=115\"\n            }\n          ]\n        },\n        {\n          \"mc\": \"<=1\"\n        },\n        {\n          \"and\": [\n            \"\\\"'.b\",\n            \"n\",\n            \"XJqH9\",\n            {\n              \"or\": [\n                \";06Dk\",\n                \"^\",\n                \"4AgCn=UXvS\"\n              ]\n            }\n          ]\n        }\n      ]\n    }\n  },\n  {\n    \"title\": \"satisfyRule sample 7\",\n    \"value\": \"-!\"\n  },\n  {\n    \"title\": \"satisfyRule sample 8\",\n    \"value\": {\n      \"or\": [\n        \" 0{c\",\n        {\n          \"and\": [\n            \"RVW\",\n            {\n              \"mc\": \"<=76\"\n            },\n            {\n              \"and\": [\n                \"f]v\"\n              ]\n            }\n          ]\n        },\n        \"!nJM>Eq@tC\",\n        {\n          \"or\": [\n            {\n              \"and\": [\n                {\n                  \"and\": [\n                    \"CT9\",\n                    {\n                      \"mc\": \">=108\"\n                    },\n                    \"yKSyP^Y&qG\"\n                  ]\n                },\n                {\n                  \"mc\": \">=32\"\n                },\n                {\n                  \"or\": []\n                },\n                \"TY:M&xJ9\"\n              ]\n            }\n          ]\n        },\n        \"O\"\n      ]\n    }\n  },\n  {\n    \"title\": \"satisfyRule sample 9\",\n    \"value\": {\n      \"or\": [\n        {\n          \"and\": [\n            \"br)%\",\n            {\n              \"and\": []\n            },\n            \"b>\",\n            {\n              \"mc\": \"<=134\"\n            }\n          ]\n        }\n      ]\n    }\n  }\n]",
              "code": "fast_check_1.sample(index_test_2.satisfyRule, 10).forEach((sample, i) => addContext_1.default(this, {\n    title: `satisfyRule sample ${i}`,\n    value: sample,\n}));\nreturn fast_check_1.assert(fast_check_1.property(index_test_2.satisfyRule, ajvValidate));",
              "err": {},
              "uuid": "a456b212-3c25-4c08-b459-d34eaca628bc",
              "parentUUID": "18547eca-b582-4364-9de3-f6bd175daf37",
              "isHook": false,
              "skipped": false
            },
            {
              "title": "should not validate non-string/object",
              "fullTitle": "satisfyRuleSchema should not validate non-string/object",
              "timedOut": false,
              "duration": 1,
              "state": "passed",
              "speed": "fast",
              "pass": true,
              "fail": false,
              "pending": false,
              "context": null,
              "code": "const error = {\n    instancePath: \"\",\n    message: \"satisfy rule should be either a string or an object\",\n};\nisInvalidRule(null, error);\nisInvalidRule(undefined, error);\nisInvalidRule(10, error);\nisInvalidRule([12, 24], error);",
              "err": {},
              "uuid": "3cf2e00f-8355-43ce-8e29-b6a8a02e18a7",
              "parentUUID": "18547eca-b582-4364-9de3-f6bd175daf37",
              "isHook": false,
              "skipped": false
            },
            {
              "title": "should not validate satisfy rules with extra properties",
              "fullTitle": "satisfyRuleSchema should not validate satisfy rules with extra properties",
              "timedOut": false,
              "duration": 1,
              "state": "passed",
              "speed": "fast",
              "pass": true,
              "fail": false,
              "pending": false,
              "context": null,
              "code": "isInvalidRule({\n        and: [\n            { or: [\"2k\"], abc: \"def\" },\n            { mc: 8, ghi: \"jkl\" },\n        ],\n        mno: \"pqr\",\n    }, {\n        instancePath: \"/and/0\",\n        message: \"or satisfy rule should have property 'or' only\",\n    }, {\n        instancePath: \"/and/1\",\n        message: \"MC satisfy rule should have property 'mc' only\",\n    }, {\n        instancePath: \"\",\n        message: \"and satisfy rule should have property 'and' only\",\n    })",
              "err": {},
              "uuid": "e18df0ab-1517-41c8-a4af-5568f3204c36",
              "parentUUID": "18547eca-b582-4364-9de3-f6bd175daf37",
              "isHook": false,
              "skipped": false
            },
            {
              "title": "should not validate ambiguous satisfy rules",
              "fullTitle": "satisfyRuleSchema should not validate ambiguous satisfy rules",
              "timedOut": false,
              "duration": 0,
              "state": "passed",
              "speed": "fast",
              "pass": true,
              "fail": false,
              "pending": false,
              "context": null,
              "code": "const message = \"satisfy rule should have only one of properties 'mc', 'and', 'or'\";\nisInvalidRule({\n    or: [\n        { mc: 5, and: [\"CS2040\"] },\n        { and: [{ and: [\"abc\"], or: [\"def\"] }] },\n    ],\n}, { instancePath: \"/or/0\", message }, { instancePath: \"/or/1/and/0\", message });",
              "err": {},
              "uuid": "abe69371-f1c8-4cd6-9268-1e96b2b8a40f",
              "parentUUID": "18547eca-b582-4364-9de3-f6bd175daf37",
              "isHook": false,
              "skipped": false
            },
            {
              "title": "should not validate and satisfy rules with non-array property",
              "fullTitle": "satisfyRuleSchema should not validate and satisfy rules with non-array property",
              "timedOut": false,
              "duration": 0,
              "state": "passed",
              "speed": "fast",
              "pass": true,
              "fail": false,
              "pending": false,
              "context": null,
              "code": "const message = \"property 'and' should be an array of satisfy rules\";\nisInvalidRule({ or: [{ and: {} }, { or: [{ and: 3 }] }] }, { instancePath: \"/or/0/and\", message }, { instancePath: \"/or/1/or/0/and\", message });",
              "err": {},
              "uuid": "a81119ee-59df-48e4-ad37-0ed62bf04901",
              "parentUUID": "18547eca-b582-4364-9de3-f6bd175daf37",
              "isHook": false,
              "skipped": false
            },
            {
              "title": "should not validate or satisfy rules with non-array property",
              "fullTitle": "satisfyRuleSchema should not validate or satisfy rules with non-array property",
              "timedOut": false,
              "duration": 0,
              "state": "passed",
              "speed": "fast",
              "pass": true,
              "fail": false,
              "pending": false,
              "context": null,
              "code": "const message = \"property 'or' should be an array of satisfy rules\";\nisInvalidRule({ and: [{ or: {} }, { and: [{ or: 3 }] }] }, { instancePath: \"/and/0/or\", message }, { instancePath: \"/and/1/and/0/or\", message });",
              "err": {},
              "uuid": "c5c841ee-aee0-4487-8efc-c8f8a8f8a3bc",
              "parentUUID": "18547eca-b582-4364-9de3-f6bd175daf37",
              "isHook": false,
              "skipped": false
            }
          ],
          "suites": [],
          "passes": [
            "843b737e-baf6-4dbe-83e7-335391e94cf4",
            "0cebd94a-c611-40e9-8293-b9d43f79762d",
            "a456b212-3c25-4c08-b459-d34eaca628bc",
            "3cf2e00f-8355-43ce-8e29-b6a8a02e18a7",
            "e18df0ab-1517-41c8-a4af-5568f3204c36",
            "abe69371-f1c8-4cd6-9268-1e96b2b8a40f",
            "a81119ee-59df-48e4-ad37-0ed62bf04901",
            "c5c841ee-aee0-4487-8efc-c8f8a8f8a3bc"
          ],
          "failures": [],
          "pending": [],
          "skipped": [],
          "duration": 7,
          "root": false,
          "rootEmpty": false,
          "_timeout": 2000
        }
      ],
      "passes": [],
      "failures": [],
      "pending": [],
      "skipped": [],
      "duration": 0,
      "root": true,
      "rootEmpty": true,
      "_timeout": 2000
    }
  ],
  "meta": {
    "mocha": {
      "version": "9.0.2"
    },
    "mochawesome": {
      "options": {
        "quiet": false,
        "reportFilename": "mochawesome",
        "saveHtml": true,
        "saveJson": true,
        "consoleReporter": "spec",
        "useInlineDiffs": false,
        "code": true
      },
      "version": "6.2.2"
    },
    "marge": {
      "options": {
        "reportDir": "docs"
      },
      "version": "5.2.0"
    }
  }
}