{
  "stats": {
    "suites": 10,
    "tests": 48,
    "passes": 48,
    "pending": 0,
    "failures": 0,
    "start": "2021-07-12T10:33:23.600Z",
    "end": "2021-07-12T10:33:24.021Z",
    "duration": 421,
    "testsRegistered": 48,
    "passPercent": 100,
    "pendingPercent": 0,
    "other": 0,
    "hasOther": false,
    "skipped": 0,
    "hasSkipped": false
  },
  "results": [
    {
      "uuid": "94e71ba0-8714-4f53-8a60-69baf96726df",
      "title": "",
      "fullFile": "",
      "file": "",
      "beforeHooks": [],
      "afterHooks": [],
      "tests": [],
      "suites": [
        {
          "uuid": "f25554dd-7802-4bbe-abed-b1a5bd4b33ae",
          "title": "initDirectories",
          "fullFile": "/home/runner/work/planwithus-lib/planwithus-lib/src/block/schemas.test.ts",
          "file": "/src/block/schemas.test.ts",
          "beforeHooks": [],
          "afterHooks": [],
          "tests": [
            {
              "title": "should parse all blocks with no errors",
              "fullTitle": "initDirectories should parse all blocks with no errors",
              "timedOut": false,
              "duration": 3,
              "state": "passed",
              "speed": "fast",
              "pass": true,
              "fail": false,
              "pending": false,
              "context": null,
              "code": "_1.initDirectories.should.not.throw()",
              "err": {},
              "uuid": "bbf27c52-b652-4718-9c5b-b08c3dc3ad04",
              "parentUUID": "f25554dd-7802-4bbe-abed-b1a5bd4b33ae",
              "isHook": false,
              "skipped": false
            },
            {
              "title": "should produce primary, second & minor directories",
              "fullTitle": "initDirectories should produce primary, second & minor directories",
              "timedOut": false,
              "duration": 54,
              "state": "passed",
              "speed": "medium",
              "pass": true,
              "fail": false,
              "pending": false,
              "context": null,
              "code": "const directories = await _1.initDirectories();\ndirectories.should.have.property(\"primary\");\ndirectories.should.have.property(\"second\");\ndirectories.should.have.property(\"minor\");",
              "err": {},
              "uuid": "266db8c4-ea13-4b11-8de9-d45ddde872fe",
              "parentUUID": "f25554dd-7802-4bbe-abed-b1a5bd4b33ae",
              "isHook": false,
              "skipped": false
            }
          ],
          "suites": [],
          "passes": [
            "bbf27c52-b652-4718-9c5b-b08c3dc3ad04",
            "266db8c4-ea13-4b11-8de9-d45ddde872fe"
          ],
          "failures": [],
          "pending": [],
          "skipped": [],
          "duration": 57,
          "root": false,
          "rootEmpty": false,
          "_timeout": 2000
        },
        {
          "uuid": "e578a368-eafc-47aa-b91a-b23bf8346c99",
          "title": "blockSchema",
          "fullFile": "/home/runner/work/planwithus-lib/planwithus-lib/src/block/schemas.test.ts",
          "file": "/src/block/schemas.test.ts",
          "beforeHooks": [],
          "afterHooks": [],
          "tests": [
            {
              "title": "should validate valid block",
              "fullTitle": "blockSchema should validate valid block",
              "timedOut": false,
              "duration": 219,
              "state": "passed",
              "speed": "slow",
              "pass": true,
              "fail": false,
              "pending": false,
              "context": "[\n  {\n    \"title\": \"block sample 0\",\n    \"value\": {\n      \"name\": \".L\",\n      \"ay\": 1951,\n      \"assign\": \"b \",\n      \"match\": {\n        \"pattern\": \"QY1K\",\n        \"exclude\": [\n          \"YGI7x9\",\n          \"BV4\"\n        ]\n      },\n      \"info\": \"\",\n      \",Un/_wr0b\": {\n        \"5\": {\n          \"ay\": 1959,\n          \"assign\": [\n            \"!DKR@V\",\n            \"3Xz|M4<p\"\n          ],\n          \"match\": [\n            {\n              \"and\": [\n                {\n                  \"or\": [\n                    {\n                      \"pattern\": \"VQ7\",\n                      \"exclude\": \"QQ2B\",\n                      \"info\": \"-k\\\\}k6 ]B0\"\n                    },\n                    {\n                      \"pattern\": \"ERO5x8O\",\n                      \"exclude\": \"EAB8I\",\n                      \"info\": \"O!$Bj[3L\"\n                    },\n                    \"WFI5928K\",\n                    \"BT9N\",\n                    {\n                      \"and\": [\n                        \"NH5x5A\",\n                        {\n                          \"pattern\": \"FQ84\",\n                          \"exclude\": [\n                            \"SJE*\",\n                            \"SFXx891X\",\n                            \"PP83B\"\n                          ],\n                          \"info\": \"R\"\n                        },\n                        \"HR64\",\n                        {\n                          \"and\": [\n                            \"TG31Z\",\n                            \"SJ4x1x\",\n                            {\n                              \"pattern\": \"HW35\",\n                              \"exclude\": [\n                                \"DVMx273P\",\n                                \"ZI8**M\"\n                              ],\n                              \"info\": \"}0Eu+NS\"\n                            },\n                            \"SEQ3\"\n                          ]\n                        },\n                        \"BPI550\"\n                      ]\n                    }\n                  ]\n                },\n                {\n                  \"or\": [\n                    {\n                      \"or\": [\n                        {\n                          \"or\": [\n                            \"FB55\"\n                          ]\n                        },\n                        \"OXZ7S\"\n                      ]\n                    }\n                  ]\n                },\n                {\n                  \"pattern\": \"GOUx4\",\n                  \"exclude\": \"EA217\",\n                  \"info\": \"){Y-R.7j}\"\n                },\n                {\n                  \"or\": []\n                }\n              ]\n            },\n            \"SK30U\",\n            {\n              \"and\": [\n                {\n                  \"pattern\": \"VKMx478P\",\n                  \"exclude\": \"QL4438J\",\n                  \"info\": \"kZ2<I)\"\n                },\n                {\n                  \"pattern\": \"FNLxK\",\n                  \"exclude\": [\n                    \"ZAJ49\",\n                    \"WMP0*7\",\n                    \"DDP5X\",\n                    \"UW3*29O\",\n                    \"ZE4655N\"\n                  ],\n                  \"info\": \"4.k\"\n                },\n                \"XLQxB\"\n              ]\n            }\n          ],\n          \"satisfy\": [\n            {\n              \"or\": [\n                {\n                  \"mc\": \"<=23\"\n                },\n                {\n                  \"mc\": \"<=9\"\n                },\n                {\n                  \"or\": [\n                    {\n                      \"or\": [\n                        \"bIkkQI9*h\",\n                        {\n                          \"mc\": \"<=129\"\n                        }\n                      ]\n                    },\n                    \"wL\",\n                    {\n                      \"or\": [\n                        \"C>q9(O5\",\n                        {\n                          \"and\": [\n                            \"b/}Hu0\\\\a\",\n                            \"S4^2X\",\n                            \"A2dt+L.u\",\n                            {\n                              \"mc\": \"<=69\"\n                            }\n                          ]\n                        },\n                        {\n                          \"or\": []\n                        }\n                      ]\n                    },\n                    {\n                      \"and\": [\n                        {\n                          \"mc\": \">=128\"\n                        },\n                        {\n                          \"or\": [\n                            \"3\"\n                          ]\n                        },\n                        \"d@6|)#4,M\"\n                      ]\n                    }\n                  ]\n                },\n                {\n                  \"or\": []\n                }\n              ]\n            },\n            {\n              \"or\": [\n                {\n                  \"mc\": \">=16\"\n                },\n                \"\\\"'4<jF P\"\n              ]\n            },\n            \"ia\"\n          ],\n          \"url\": \"http://7v71wlw-qlomsdzd1.tklofuasg/RMe//%F1%91%80%97$Al%F3%89%BC%BB:9M%F1%8B%80%B8/1ow~Di%E6%A6%BD@\",\n          \"info\": \"`\\\"NV,}n\"\n        },\n        \"ay\": 2008,\n        \"assign\": \"A<4S/C$.Ow\",\n        \"match\": {\n          \"pattern\": \"JCO8044W\",\n          \"exclude\": \"JW4357\",\n          \"info\": \"z\"\n        },\n        \"satisfy\": {\n          \"and\": [\n            {\n              \"and\": [\n                \"5BH;.)\",\n                \"4!cc#\\\"iC14\"\n              ]\n            },\n            \"\\\\6Q+m+O\"\n          ]\n        },\n        \"url\": \"https://gn.a3msnnb0qr4q60xi97gxnq88r57uffuugkff952psaecs04b-3pwhy9.029e0gv2ajcy7fhnhaauplrc.gyqn/e/oa;h7/hicqJb1/C@/V7s/7H/.O47vZNA\",\n        \"info\": \"^ LA\\\"GPEv+\",\n        \"YEVM{i`\": {\n          \"name\": \"i|O0a\",\n          \"ay\": 2015,\n          \"assign\": [\n            \"D$6}bc^hD;\",\n            \"z'\",\n            \"osfb\\\"*\",\n            \"\",\n            \")^ \"\n          ],\n          \"match\": [\n            {\n              \"or\": [\n                \"AEZ677\",\n                {\n                  \"pattern\": \"XHU9161\",\n                  \"exclude\": [],\n                  \"info\": \"^f*\"\n                }\n              ]\n            },\n            \"PS22x\",\n            \"WGG90I\",\n            {\n              \"pattern\": \"VPC34\",\n              \"info\": \"\"\n            }\n          ],\n          \"satisfy\": [\n            {\n              \"mc\": \">=174\"\n            },\n            \"(WX~rl}\",\n            {\n              \"and\": [\n                \"0vd`\",\n                {\n                  \"mc\": \"<=89\"\n                },\n                {\n                  \"and\": [\n                    \"Qp.A&l\",\n                    \"n0=6cm\",\n                    \"-7vS'1\",\n                    \"\",\n                    \"eo(T[~+$\"\n                  ]\n                },\n                {\n                  \"mc\": \">=187\"\n                }\n              ]\n            },\n            {\n              \"mc\": \">=74\"\n            },\n            {\n              \"mc\": \"<=104\"\n            }\n          ]\n        },\n        \"p-\": {\n          \"name\": \"gp8.0\",\n          \"ay\": 2009,\n          \"assign\": \"mG&W!?LfDF\",\n          \"match\": [],\n          \"satisfy\": {\n            \"and\": [\n              {\n                \"mc\": \">=31\"\n              },\n              {\n                \"mc\": \">=83\"\n              },\n              \"\",\n              {\n                \"mc\": \"<=89\"\n              }\n            ]\n          },\n          \"url\": \"https://7bo6rt79ldkpzptxyc.nmyzkrzejl/\",\n          \"info\": \"8WN&p\\\\\",\n          \"E\": {\n            \"ay\": 1999,\n            \"match\": {\n              \"pattern\": \"GZC7C\",\n              \"exclude\": [\n                \"CE04x8\",\n                \"OO85*\",\n                \"HD82L\"\n              ],\n              \"info\": \"g*RHQ\"\n            },\n            \"url\": \"https://p1aegta-qzig6l0jmj.mqnzip3zeyc5ec-vaswmj.gxhbyt0tq-rhgumrgdrt9q8thds.ki1g0u6t766o02nf5nuklo5ijdu6xhpc.nzoquq529p4ieop3vhejm-27645u3de9rcchtda-vg3i3vi27b.cejf/%F1%97%80%BFPq1@BK/g/~/I2b/%F4%8D%B1%921R1\",\n            \"info\": \"z\"\n          },\n          \"k?GtK\": {\n            \"name\": \"|\",\n            \"ay\": 2024,\n            \"assign\": \"k]w<\",\n            \"match\": [\n              {\n                \"and\": [\n                  {\n                    \"or\": [\n                      {\n                        \"pattern\": \"NC95\",\n                        \"exclude\": \"MWW13\",\n                        \"info\": \"3}sU7WH\"\n                      },\n                      {\n                        \"and\": []\n                      }\n                    ]\n                  },\n                  \"UXJ8\"\n                ]\n              },\n              {\n                \"and\": [\n                  {\n                    \"or\": [\n                      {\n                        \"or\": []\n                      },\n                      {\n                        \"pattern\": \"QE680C\",\n                        \"exclude\": [\n                          \"HHT1\",\n                          \"VGT1824\",\n                          \"ESU38*8\",\n                          \"ZIL488C\"\n                        ],\n                        \"info\": \"\"\n                      }\n                    ]\n                  }\n                ]\n              },\n              {\n                \"or\": [\n                  \"TA8*O\",\n                  {\n                    \"pattern\": \"XM6203\",\n                    \"exclude\": [\n                      \"DXOx\",\n                      \"QW9Q\",\n                      \"GT*234\",\n                      \"GQQ9655\"\n                    ],\n                    \"info\": \"dn>8\"\n                  }\n                ]\n              }\n            ],\n            \"satisfy\": [\n              \"~G0e!Sev\",\n              \"@\",\n              {\n                \"mc\": \"<=126\"\n              },\n              {\n                \"or\": [\n                  {\n                    \"and\": []\n                  },\n                  {\n                    \"and\": [\n                      {\n                        \"and\": [\n                          \"fw5B-QJ\",\n                          \"294W/nj;iP\"\n                        ]\n                      }\n                    ]\n                  },\n                  {\n                    \"or\": [\n                      \"W!%k#,P|=\"\n                    ]\n                  }\n                ]\n              }\n            ],\n            \"url\": \"https://kpwxgtqcx3eb4uirkcbe-zam.arxg5l7md7rdxbx7s9e6sj4nqfbftfvawduy02h8gr2.cyto8fewfh-jbo6h9wjv61l52zf5571e2uay.02vt80eesqsfpct6055su39jgym2pxd48d92w53fof9yf.7f08b6vscpxyfjfqppa4z0s068yqjpk.aaerxsewau/-C%F1%A4%AC%BDpJUY6A/,uKssWG,%F0%95%B5%BE+\",\n            \"info\": \"w!\\\"1\"\n          },\n          \"\": {\n            \"ay\": 1973,\n            \"assign\": \"k\",\n            \"match\": \"VDT22\",\n            \"satisfy\": [\n              {\n                \"and\": [\n                  {\n                    \"mc\": \">=28\"\n                  },\n                  {\n                    \"or\": [\n                      {\n                        \"or\": [\n                          {\n                            \"mc\": \">=135\"\n                          },\n                          \" edYB2z\",\n                          \"\"\n                        ]\n                      },\n                      \"G\",\n                      \"^\\\"`!7\"\n                    ]\n                  },\n                  {\n                    \"or\": [\n                      \"\",\n                      \"~GNiRp\",\n                      \"w;F|\",\n                      {\n                        \"and\": []\n                      }\n                    ]\n                  },\n                  {\n                    \"and\": [\n                      \"?FEW0'FL7>\"\n                    ]\n                  },\n                  {\n                    \"and\": [\n                      \".\",\n                      {\n                        \"or\": [\n                          {\n                            \"or\": [\n                              \"O7ek]^jo+\",\n                              {\n                                \"or\": [\n                                  {\n                                    \"or\": [\n                                      {\n                                        \"mc\": \">=83\"\n                                      },\n                                      \"$c\\\\~\",\n                                      \"+;\"\n                                    ]\n                                  },\n                                  \"n}fB:OV~\"\n                                ]\n                              },\n                              {\n                                \"or\": [\n                                  \"LcXHrZdk\",\n                                  \":hY[\",\n                                  \">\\\\lk958\"\n                                ]\n                              },\n                              \"tz#;g2G@\"\n                            ]\n                          },\n                          \"Ud\\\"\",\n                          \"C\\\"J)iwF\\\\;\"\n                        ]\n                      },\n                      \"\",\n                      {\n                        \"mc\": \"<=189\"\n                      },\n                      {\n                        \"and\": [\n                          \"1oU~s572C\",\n                          \"\",\n                          {\n                            \"and\": [\n                              \"#ooG-H\",\n                              \"\"\n                            ]\n                          },\n                          \"KnZaZ6R$\"\n                        ]\n                      }\n                    ]\n                  }\n                ]\n              }\n            ],\n            \"url\": \"https://6pawifi32t.wsv/Q@%F4%8A%A4%A1_%F1%96%A1%91mV/l;pUk/gu%F1%8B%AC%AC8%F3%96%8E%87%F0%99%87%B4g//BpHks/W/~b7/ESk\",\n            \"info\": \"tr5_\"\n          }\n        },\n        \"/-\": {\n          \"name\": \"0=+\",\n          \"ay\": 1967,\n          \"assign\": [\n            \"C6L*IVSy\"\n          ],\n          \"match\": [\n            {\n              \"pattern\": \"VMV78\",\n              \"exclude\": \"CEQ03D\",\n              \"info\": \"cf=H!=kD\"\n            },\n            {\n              \"pattern\": \"WQA2x*\",\n              \"exclude\": [\n                \"HIOx191H\",\n                \"SBP423G\",\n                \"QJ161B\"\n              ],\n              \"info\": \"dn7\"\n            },\n            {\n              \"and\": [\n                {\n                  \"or\": [\n                    \"CQO17x0\",\n                    \"RJ198G\"\n                  ]\n                },\n                {\n                  \"pattern\": \"SM1x\",\n                  \"exclude\": \"DGA7697V\",\n                  \"info\": \"\\\\ \"\n                },\n                {\n                  \"and\": [\n                    \"VI050P\"\n                  ]\n                },\n                {\n                  \"pattern\": \"QZU6\",\n                  \"exclude\": \"GP156U\",\n                  \"info\": \"uWh*TI\"\n                },\n                {\n                  \"or\": [\n                    \"KXV917\",\n                    \"LYQ10*\",\n                    {\n                      \"pattern\": \"QG3x25\",\n                      \"exclude\": \"YI*059Z\",\n                      \"info\": \")xC^\"\n                    }\n                  ]\n                }\n              ]\n            },\n            \"NFB0x20\",\n            {\n              \"pattern\": \"EU322\"\n            }\n          ],\n          \"satisfy\": {\n            \"or\": [\n              {\n                \"mc\": \">=22\"\n              },\n              {\n                \"mc\": \">=37\"\n              },\n              {\n                \"mc\": \">=136\"\n              },\n              {\n                \"or\": [\n                  \"li+V*.j\"\n                ]\n              },\n              {\n                \"or\": [\n                  \"xHI\",\n                  {\n                    \"or\": [\n                      {\n                        \"mc\": \"<=123\"\n                      },\n                      \"$M#\",\n                      \"W<#S\"\n                    ]\n                  },\n                  \",K\\\"\",\n                  {\n                    \"and\": [\n                      {\n                        \"mc\": \"<=172\"\n                      },\n                      \"}B'NF\",\n                      \"TVv-a#r;\",\n                      \"&|\",\n                      \"{~p\\\"Ak7ic\"\n                    ]\n                  }\n                ]\n              }\n            ]\n          },\n          \"info\": \"(<\"\n        },\n        \"\": {\n          \"name\": \",Df|p C\",\n          \"ay\": 1994,\n          \"assign\": \"D/IC9ogh\",\n          \"match\": [\n            {\n              \"and\": [\n                {\n                  \"and\": [\n                    {\n                      \"or\": [\n                        \"KF585M\",\n                        {\n                          \"or\": [\n                            {\n                              \"and\": [\n                                \"QP1\",\n                                \"ITC5R\"\n                              ]\n                            },\n                            {\n                              \"pattern\": \"DXx10U\",\n                              \"exclude\": \"NX2\",\n                              \"info\": \">QiO~1lg.\"\n                            },\n                            \"KJx40R\"\n                          ]\n                        },\n                        \"FA10Y\"\n                      ]\n                    },\n                    \"CB819N\",\n                    \"IHHx1x\",\n                    \"OZ308\",\n                    {\n                      \"and\": [\n                        \"XXH3xH\"\n                      ]\n                    }\n                  ]\n                }\n              ]\n            },\n            \"GK0O\",\n            \"WT73\",\n            {\n              \"or\": [\n                \"RT31M\",\n                {\n                  \"and\": [\n                    {\n                      \"and\": [\n                        \"FYI9*x*E\",\n                        \"KHB0*55E\",\n                        {\n                          \"and\": [\n                            \"BSP539*N\",\n                            {\n                              \"or\": [\n                                \"FEx\",\n                                \"TM11x*\",\n                                \"OI4313Z\",\n                                \"KMQ8\",\n                                \"LFxY\"\n                              ]\n                            },\n                            \"YE294xN\",\n                            \"QZU332Z\",\n                            \"AYD*\"\n                          ]\n                        }\n                      ]\n                    },\n                    {\n                      \"and\": []\n                    }\n                  ]\n                }\n              ]\n            }\n          ],\n          \"url\": \"http://g005o3vd-qhsbrrnh5w.1qngs7yc80atr57t2sdy1bjll8p1hwh1m534.dsz75cmmm7.gmdjcnsffstl3mshro0gi6ej2pn8pw-8xi7k75vg31-de6r.tu\",\n          \"info\": \".0>$Mv\",\n          \"6{^6I3yl!^\": {\n            \"name\": \"q\\\\0#okPQ\",\n            \"ay\": 2008,\n            \"match\": {\n              \"pattern\": \"WY93L\",\n              \"exclude\": [\n                \"EQA3A\"\n              ],\n              \"info\": \"y{LRPAt\"\n            },\n            \"satisfy\": [\n              \"\",\n              \"}Q[VL\"\n            ],\n            \"url\": \"https://b-60x1fvj0flrvrt11u2tx6govc6oqqdtu2p0y2ai8gl190.ngk/jYY+EB/5/'/hFMG!8hj/%F1%B6%A3%9DaZ/N8!/4-/%E5%AB%85of(Z7/w\"\n          },\n          \"{>k#i}V\": {\n            \"ay\": 2012,\n            \"assign\": \"POKh\",\n            \"match\": [\n              {\n                \"pattern\": \"QD*C\",\n                \"exclude\": [],\n                \"info\": \"MlB<M\"\n              },\n              {\n                \"or\": []\n              },\n              {\n                \"and\": [\n                  {\n                    \"and\": [\n                      \"WKK3Y\"\n                    ]\n                  },\n                  \"YPR7705\",\n                  {\n                    \"or\": []\n                  },\n                  {\n                    \"and\": []\n                  },\n                  {\n                    \"pattern\": \"SQx458\",\n                    \"exclude\": \"UF2X\",\n                    \"info\": \"3gZ^l\"\n                  }\n                ]\n              },\n              {\n                \"and\": [\n                  {\n                    \"pattern\": \"VU4P\",\n                    \"exclude\": \"LC36*xG\",\n                    \"info\": \"Q==Y\"\n                  },\n                  {\n                    \"and\": [\n                      \"WSV6089\",\n                      \"MOR8M\",\n                      \"DI95\",\n                      \"ALQ4P\"\n                    ]\n                  },\n                  \"DZ0\",\n                  {\n                    \"and\": []\n                  }\n                ]\n              }\n            ],\n            \"satisfy\": {\n              \"and\": [\n                {\n                  \"and\": [\n                    {\n                      \"and\": []\n                    },\n                    \"SmjU6iua\",\n                    \"'N\"\n                  ]\n                }\n              ]\n            },\n            \"url\": \"http://1qr8ywmwod5m7wmtfj-nach-bqk6-1e-phl3bhg-aaptz-3gjd0kq69cd4.jxy/*/lb/0ee%E1%B6%98M$Qs/Zl%F2%90%85%84%F1%A0%B6%9FWoi/'a/fH6%F1%A5%98%8853GD/28v/!_gf%F2%8A%96%87lQCNI/m8n/Q76$x1pLkb\",\n            \"info\": \"*,\"\n          }\n        }\n      },\n      \"S\": {\n        \"name\": \"o\",\n        \"ay\": 1951,\n        \"assign\": [\n          \"}W\",\n          \"S~5l\\\"y\",\n          \"^{h\",\n          \"AcQ\\\\g\",\n          \"Hw|zC0\"\n        ],\n        \"match\": {\n          \"or\": [\n            \"YIN29E\",\n            {\n              \"and\": [\n                \"PV*92\",\n                {\n                  \"pattern\": \"VEJ7D\",\n                  \"exclude\": [\n                    \"FR888\",\n                    \"BQ829G\",\n                    \"VP4*9\",\n                    \"AS0489H\"\n                  ]\n                },\n                \"ANM3Z\"\n              ]\n            },\n            {\n              \"pattern\": \"PND40\",\n              \"exclude\": [\n                \"BWU9K\",\n                \"OO56\"\n              ],\n              \"info\": \"P\"\n            },\n            {\n              \"pattern\": \"BS279T\",\n              \"exclude\": [\n                \"RWG3V\",\n                \"OYY966Z\",\n                \"XTZ*840\"\n              ],\n              \"info\": \"V0VVW!\"\n            },\n            {\n              \"pattern\": \"IT9xT\",\n              \"exclude\": \"DXI506\",\n              \"info\": \"}8d)&K%r,\"\n            }\n          ]\n        },\n        \"satisfy\": \"`DgI[<%\",\n        \"url\": \"https://5k2fona-alcf9rhctn4cq4v6z0f81mhm3pbu.ru6307ejf3-eecy58gnmwucr.9.r06pet9af8ob0g7bu4yi892h4.xs6kqklifww1eeq0let1uw9.eehxexmdh/ZPmSA/3mN8'gM/MM$/r!wSl/IDxz%F3%88%82%B9ByhQ/5)n\",\n        \"info\": \"uNm\"\n      },\n      \"hfPuJ]&n\": {\n        \"name\": \"30Dd,\",\n        \"ay\": 2018,\n        \"assign\": \"P._\",\n        \"match\": \"AK*\",\n        \"satisfy\": [\n          {\n            \"or\": [\n              \"2j;\\\"6v)=&i\"\n            ]\n          },\n          {\n            \"or\": [\n              \"\",\n              {\n                \"and\": []\n              }\n            ]\n          },\n          {\n            \"mc\": \">=129\"\n          },\n          {\n            \"or\": [\n              {\n                \"and\": [\n                  \")\",\n                  {\n                    \"or\": [\n                      \"8\\\\HrdTG\",\n                      \"x0i|xQ\"\n                    ]\n                  },\n                  \"]\"\n                ]\n              },\n              {\n                \"and\": [\n                  {\n                    \"and\": [\n                      \"3\",\n                      {\n                        \"or\": [\n                          {\n                            \"mc\": \"<=139\"\n                          }\n                        ]\n                      },\n                      \"_!@M#rdhIO\"\n                    ]\n                  },\n                  {\n                    \"and\": [\n                      \"'ZO:L}B\"\n                    ]\n                  },\n                  {\n                    \"and\": [\n                      {\n                        \"or\": [\n                          \",FQ^v3\",\n                          \"CsJhS<\",\n                          \";q/ZU#Px~K\"\n                        ]\n                      },\n                      {\n                        \"mc\": \"<=119\"\n                      },\n                      \"eO#K\",\n                      {\n                        \"or\": [\n                          \"\",\n                          {\n                            \"and\": [\n                              \"U\\\"irz\",\n                              {\n                                \"mc\": \">=101\"\n                              },\n                              \"C\\\"F9M87qb\",\n                              \"5Zb\",\n                              \"n0\"\n                            ]\n                          },\n                          {\n                            \"or\": []\n                          },\n                          {\n                            \"and\": [\n                              \"K\",\n                              \"`6_c\",\n                              \"dHb-Z\"\n                            ]\n                          }\n                        ]\n                      }\n                    ]\n                  },\n                  \"}Wv'DQ\",\n                  {\n                    \"and\": [\n                      \"Mk9E6p@\",\n                      {\n                        \"mc\": \"<=41\"\n                      },\n                      \"N9MD7;@A\",\n                      {\n                        \"and\": [\n                          \"xc!OpK5\",\n                          {\n                            \"mc\": \">=88\"\n                          },\n                          \"4Kxr#[\",\n                          \"1V2+5l!.W=\"\n                        ]\n                      },\n                      \"q\\\"3gU1D^1\"\n                    ]\n                  }\n                ]\n              },\n              {\n                \"and\": [\n                  {\n                    \"mc\": \"<=199\"\n                  },\n                  {\n                    \"or\": []\n                  },\n                  {\n                    \"and\": [\n                      \"K\\\\d\",\n                      \"4LR#.P\",\n                      {\n                        \"and\": [\n                          \"\"\n                        ]\n                      },\n                      {\n                        \"mc\": \">=130\"\n                      }\n                    ]\n                  },\n                  \"8)GG[&yzg\"\n                ]\n              },\n              {\n                \"mc\": \">=72\"\n              },\n              {\n                \"or\": []\n              }\n            ]\n          },\n          {\n            \"and\": [\n              \"sXO,IeJ\"\n            ]\n          }\n        ],\n        \"url\": \"http://jttcfv-bboemxn34mur14sgu.yzi6bc.f.tglnrgiowq/I\",\n        \"info\": \"n3(jmphnKe\"\n      },\n      \"xK&T+%]_\": {\n        \"name\": \"uVd9\\\\?Q7Y\",\n        \"assign\": [\n          \"'@J\",\n          \"LZT\",\n          \"#X\",\n          \"}\"\n        ],\n        \"match\": [\n          \"RLIx3V\"\n        ],\n        \"satisfy\": [\n          {\n            \"or\": [\n              {\n                \"and\": [\n                  \"7O{K\\\\_ey\",\n                  \"A0M,\",\n                  {\n                    \"and\": [\n                      {\n                        \"and\": [\n                          \"&7][fU#Cs%\",\n                          {\n                            \"and\": [\n                              \"{?FP\\\"S[\\\\$5\",\n                              \":E{mUk/~a\\\"\",\n                              {\n                                \"or\": [\n                                  \"}g\",\n                                  \"0#\",\n                                  \"\",\n                                  \"AWO`\",\n                                  {\n                                    \"mc\": \"<=156\"\n                                  }\n                                ]\n                              },\n                              \":\\\"\"\n                            ]\n                          }\n                        ]\n                      },\n                      {\n                        \"and\": []\n                      },\n                      \"!C\",\n                      \"<-k\\\"f|K-v\",\n                      \"ZA@4j;-b#X\"\n                    ]\n                  },\n                  {\n                    \"or\": []\n                  }\n                ]\n              },\n              {\n                \"or\": [\n                  {\n                    \"and\": []\n                  },\n                  {\n                    \"or\": [\n                      \"B/K{n\",\n                      {\n                        \"and\": [\n                          \"T/]*\"\n                        ]\n                      },\n                      {\n                        \"or\": [\n                          \"TYMb!\",\n                          \"5S.\",\n                          \"Cl)L\",\n                          \"rw1A,a?vK\\\"\",\n                          {\n                            \"or\": [\n                              \"#/~7t$_\"\n                            ]\n                          }\n                        ]\n                      }\n                    ]\n                  },\n                  {\n                    \"and\": []\n                  },\n                  \"BC\\\\b-N5T\",\n                  \"[Q/_U=y\"\n                ]\n              },\n              {\n                \"or\": [\n                  \"H\\\\0 l;q\\\"_\",\n                  \"!B?e#\"\n                ]\n              },\n              \"c)M4PWk\",\n              {\n                \"mc\": \"<=12\"\n              }\n            ]\n          },\n          {\n            \"and\": [\n              \"dG=._|r*7:\"\n            ]\n          }\n        ],\n        \"info\": \">-\",\n        \"X$0*AY9~\": {\n          \"name\": \"AhXj\",\n          \"ay\": 1997,\n          \"match\": [\n            \"YU2Q\",\n            \"VXD4160T\",\n            \"SCx059J\",\n            {\n              \"and\": [\n                {\n                  \"pattern\": \"ZRR887\",\n                  \"exclude\": \"YUP20\",\n                  \"info\": \"\"\n                }\n              ]\n            },\n            {\n              \"and\": [\n                {\n                  \"or\": [\n                    \"LEU858\",\n                    \"GFN06x\",\n                    \"DMA2\",\n                    {\n                      \"or\": [\n                        \"AS0*64C\",\n                        {\n                          \"pattern\": \"TU72\",\n                          \"exclude\": \"GST9138\"\n                        },\n                        \"UKX9477\",\n                        \"LC4H\"\n                      ]\n                    }\n                  ]\n                },\n                \"PMA1*9S\",\n                {\n                  \"and\": [\n                    \"IP9765J\",\n                    \"YE02\",\n                    {\n                      \"and\": [\n                        {\n                          \"and\": [\n                            \"UVSx351\",\n                            \"UR36x3\",\n                            \"FRZ9D\",\n                            \"REM0*3Q\",\n                            \"OUJ6x81Z\"\n                          ]\n                        },\n                        \"PF99K\",\n                        \"UOP71C\"\n                      ]\n                    },\n                    \"VZ362\",\n                    {\n                      \"or\": [\n                        \"FY1905Y\",\n                        {\n                          \"and\": [\n                            \"ISQ50\",\n                            \"NQD82V\"\n                          ]\n                        },\n                        \"YHN2660\"\n                      ]\n                    }\n                  ]\n                }\n              ]\n            }\n          ],\n          \"satisfy\": {\n            \"or\": []\n          },\n          \"url\": \"https://ttm4se7xxugkg28umeeujkb8366q5hvkjcfseimtxzaar7-hezilucqn3ze468.6odaa2ve32e81v19iojvst6c-gbasl3rekancgbbktvr9h92pbppqsrgwl0s.y7r5f1.brxnxt/h%F2%87%A8%AFnt/bfZ6/d0,a%F0%AF%9D%85Mo*&\",\n          \"info\": \"dPl/|\"\n        }\n      }\n    }\n  },\n  {\n    \"title\": \"block sample 1\",\n    \"value\": {\n      \"name\": \"})/\",\n      \"ay\": 2024,\n      \"assign\": [\n        \"*#x \",\n        \"Ij_`\"\n      ],\n      \"match\": [],\n      \"satisfy\": [\n        {\n          \"or\": [\n            \"@TarN;zmP\"\n          ]\n        },\n        {\n          \"mc\": \"<=109\"\n        },\n        \";@gi.+\",\n        {\n          \"and\": []\n        }\n      ],\n      \"url\": \"https://r.fhq3tjgzhk60-mqc1z9biwthbth9t-y9qlwg6lwivux3o.003u9y39a1wzh8dn.nzqvibcd0rg667xv1vmlqvd1fxqibcgzaa3r8brvdy.rg6jk9861ujy5ij1gior15ta1l9i6g5te2d64uj1pgaava8510r.yldnlc/;%F1%A2%B7%87:5%F1%AF%8F%A4d/a/f/GOja/f8$euXAkKX/=b%F4%89%BF%9F/+f*//8/zUGXz\",\n      \"info\": \"%O\",\n      \"sCW0XhTn\": {\n        \"ay\": 2028,\n        \"assign\": [\n          \"\"\n        ],\n        \"match\": [\n          {\n            \"or\": [\n              {\n                \"and\": []\n              },\n              {\n                \"pattern\": \"HDx431\",\n                \"exclude\": \"HHI647\",\n                \"info\": \"x4$[lvB-`^\"\n              }\n            ]\n          }\n        ],\n        \"info\": \"\\\"{z6yW/y\"\n      },\n      \" \": {\n        \"name\": \"'8\",\n        \"ay\": 1956,\n        \"match\": [\n          {\n            \"and\": [\n              {\n                \"pattern\": \"GWT70R\",\n                \"exclude\": [\n                  \"MXH86\",\n                  \"VA7953\",\n                  \"IP916T\"\n                ],\n                \"info\": \" 'jEv+VAYm\"\n              }\n            ]\n          },\n          {\n            \"and\": [\n              {\n                \"or\": [\n                  \"OGE5xx0\",\n                  {\n                    \"and\": [\n                      {\n                        \"and\": [\n                          \"HT361\",\n                          \"QX93x\",\n                          \"HQ4K\",\n                          \"SQYx65\"\n                        ]\n                      },\n                      {\n                        \"and\": [\n                          {\n                            \"and\": [\n                              \"PBF8599\",\n                              \"AE1532\",\n                              \"GQF827*\"\n                            ]\n                          },\n                          \"MX683\",\n                          \"BNW48A\",\n                          \"QR62*8\",\n                          \"UZ3L\"\n                        ]\n                      },\n                      {\n                        \"or\": [\n                          \"OX840M\",\n                          \"IEG65N\",\n                          \"RPGx040W\",\n                          \"JZ8\",\n                          \"LG8557\"\n                        ]\n                      }\n                    ]\n                  },\n                  {\n                    \"pattern\": \"HK141\",\n                    \"exclude\": [\n                      \"AUFx3\",\n                      \"NDX**3\",\n                      \"XN7*\",\n                      \"LIK00*\"\n                    ],\n                    \"info\": \"~\"\n                  },\n                  \"KIP18\",\n                  \"MK85B\"\n                ]\n              },\n              \"GU227x\",\n              \"ZW8xP\",\n              {\n                \"and\": [\n                  \"XZ3\",\n                  {\n                    \"or\": [\n                      {\n                        \"pattern\": \"LSx3G\",\n                        \"exclude\": [\n                          \"MYX906\",\n                          \"KA8628H\",\n                          \"TNY7\",\n                          \"RXB0\",\n                          \"WVU3905\"\n                        ],\n                        \"info\": \"f&ma\"\n                      },\n                      \"JYA94*6\",\n                      \"PWY0638J\",\n                      \"VBS8384\",\n                      {\n                        \"pattern\": \"TBx1I\",\n                        \"exclude\": \"HN*44B\",\n                        \"info\": \"A[?\"\n                      }\n                    ]\n                  }\n                ]\n              }\n            ]\n          },\n          {\n            \"or\": [\n              {\n                \"or\": [\n                  {\n                    \"or\": [\n                      \"SP1339\",\n                      \"AVY8x18C\"\n                    ]\n                  },\n                  {\n                    \"pattern\": \"ZG04F\",\n                    \"info\": \"\\\\j5/qsq\"\n                  },\n                  {\n                    \"pattern\": \"LSXx94L\",\n                    \"info\": \";.]\\\\[3er\"\n                  },\n                  \"ILA9x5\",\n                  \"ZVN3\"\n                ]\n              },\n              {\n                \"or\": [\n                  {\n                    \"and\": [\n                      {\n                        \"pattern\": \"QI22\",\n                        \"exclude\": \"UX4879E\",\n                        \"info\": \"~+Jh*3vS\"\n                      },\n                      {\n                        \"pattern\": \"AQ773L\",\n                        \"info\": \"%bi$832X6&\"\n                      },\n                      {\n                        \"and\": []\n                      },\n                      \"XHC40x\",\n                      {\n                        \"or\": [\n                          \"TZ131X\",\n                          {\n                            \"pattern\": \"BKL991F\",\n                            \"exclude\": [\n                              \"SBM703E\",\n                              \"LE80F\",\n                              \"RQO26W\",\n                              \"IHA9P\",\n                              \"MID164\"\n                            ],\n                            \"info\": \".V\"\n                          },\n                          \"OMW*6x2\",\n                          {\n                            \"and\": [\n                              \"KDRx\",\n                              \"LKI1\"\n                            ]\n                          }\n                        ]\n                      }\n                    ]\n                  }\n                ]\n              },\n              \"MJ7xK\"\n            ]\n          },\n          {\n            \"pattern\": \"CFF84M\"\n          },\n          \"HIB67\"\n        ],\n        \"satisfy\": [\n          {\n            \"and\": [\n              {\n                \"and\": []\n              },\n              \"\"\n            ]\n          },\n          {\n            \"and\": [\n              {\n                \"mc\": \"<=175\"\n              },\n              {\n                \"and\": [\n                  \"\"\n                ]\n              },\n              {\n                \"or\": [\n                  {\n                    \"mc\": \">=17\"\n                  },\n                  {\n                    \"or\": [\n                      \"\",\n                      \"3W[\",\n                      \"+jp\",\n                      \"?Jq=Y1n)i\\\"\"\n                    ]\n                  },\n                  {\n                    \"or\": [\n                      {\n                        \"or\": [\n                          \"\",\n                          {\n                            \"and\": []\n                          },\n                          \"}&=x\",\n                          \"&W\"\n                        ]\n                      }\n                    ]\n                  },\n                  \"AS2oFyn\\\"h\"\n                ]\n              }\n            ]\n          },\n          {\n            \"mc\": \"<=57\"\n          },\n          {\n            \"mc\": \"<=95\"\n          },\n          {\n            \"or\": [\n              {\n                \"or\": [\n                  {\n                    \"and\": [\n                      \"si}MpcxA\",\n                      {\n                        \"mc\": \"<=181\"\n                      }\n                    ]\n                  },\n                  {\n                    \"mc\": \">=99\"\n                  },\n                  {\n                    \"or\": [\n                      {\n                        \"or\": [\n                          \"1yB^l\",\n                          \",qYK_@8g\",\n                          \"c_]Ai>)\",\n                          \"&7bS<])w\"\n                        ]\n                      },\n                      \"-_*Rod\",\n                      \"0ik~X\",\n                      \"cwG\"\n                    ]\n                  },\n                  {\n                    \"or\": [\n                      \"V[CFUgEx+>\",\n                      \"6x*D5o\",\n                      {\n                        \"or\": [\n                          \"vbMy%q0]}Z\"\n                        ]\n                      },\n                      \"(-\"\n                    ]\n                  },\n                  \"R<aJ>\"\n                ]\n              }\n            ]\n          }\n        ],\n        \"info\": \"Yd,4yL\",\n        \"?+<aw;\": {\n          \"name\": \"F\",\n          \"ay\": 2003,\n          \"match\": [\n            {\n              \"pattern\": \"KKU6\",\n              \"exclude\": [\n                \"BBF21\",\n                \"WZ4076Z\",\n                \"PML98\",\n                \"RBZ16xC\"\n              ],\n              \"info\": \"!Y:{i\"\n            }\n          ],\n          \"satisfy\": [],\n          \"url\": \"http://rpkusp-k50zm2uvco9wayc.5m6eyvvfbqkmn0-42kfbivjmuvhegw.bl35k75-ehlxxke8mikmt40jw3fc9dfmiomn23ylkbgem0z6ojbzpl2xlzmdth.z.936mztijxh051ldqvpbkdas9zxv.bt/HQn3.l%F4%87%A4%ADI/I%F3%BF%AE%BEsrZ/sti//(6=i*e/)o*\"\n        },\n        \"/fvUE;xg\": {\n          \"name\": \"}\",\n          \"ay\": 1984,\n          \"assign\": [\n            \"<c\",\n            \"K&e\",\n            \"XC}dA9\",\n            \"ltS*I>]4\"\n          ],\n          \"match\": [\n            \"OO57\",\n            {\n              \"pattern\": \"UAS4315\",\n              \"exclude\": [\n                \"FV0682\",\n                \"ZHJ6296\",\n                \"GGH3R\",\n                \"ZH92\",\n                \"CH2x*2Z\"\n              ],\n              \"info\": \"3}43LD\"\n            }\n          ],\n          \"satisfy\": \"n&M6Vu\",\n          \"url\": \"https://tc-9oip5kxchii0rj59n.712b1q9q59s2fin.2--gs7et25.8.txyym//SYILGg+;(/U;KQ%F2%8B%82%8F~/~Ih)BjVH&u/H&/3Bt-YcMd/LA%F2%8A%A5%AAwNAAwX\",\n          \"info\": \"aJeG1\",\n          \"o%|\": {\n            \"ay\": 1962,\n            \"assign\": [\n              \"lQN ?\",\n              \"mC):dD\",\n              \"m6\",\n              \"{E6(G\"\n            ],\n            \"match\": [\n              \"QV761M\"\n            ],\n            \"satisfy\": {\n              \"mc\": \"<=35\"\n            },\n            \"url\": \"https://gwk7xb7.lrum2723c5d8.06z4ztv1vkytkzyb496vpvkbotkz9se5g8awrah19lzwuu6dyx4zmvoq.enhkiwe/(Y!LH/UnOOP7o\",\n            \"info\": \"K\",\n            \"Zx0cQ\": {\n              \"name\": \"wC\",\n              \"assign\": \"xe8J!_\",\n              \"match\": [\n                {\n                  \"pattern\": \"VBA2839\",\n                  \"info\": \"%6BM\"\n                },\n                \"QS7C\",\n                {\n                  \"and\": []\n                },\n                {\n                  \"and\": [\n                    {\n                      \"or\": [\n                        {\n                          \"pattern\": \"RXA1779\",\n                          \"exclude\": \"HZF05x\"\n                        },\n                        {\n                          \"and\": [\n                            {\n                              \"or\": [\n                                \"FRV22M\",\n                                {\n                                  \"and\": []\n                                },\n                                \"FCY50\",\n                                \"VW1*65\"\n                              ]\n                            },\n                            \"NZ*0\"\n                          ]\n                        },\n                        \"LZ6039S\"\n                      ]\n                    },\n                    {\n                      \"or\": [\n                        {\n                          \"and\": [\n                            {\n                              \"and\": [\n                                \"SEx7H\"\n                              ]\n                            },\n                            \"RI65x1\",\n                            {\n                              \"or\": [\n                                \"SUO7\",\n                                \"NV3097\",\n                                \"EJ3708R\",\n                                {\n                                  \"pattern\": \"NSL37\",\n                                  \"exclude\": [\n                                    \"EK78O\"\n                                  ]\n                                },\n                                \"BA25*5\"\n                              ]\n                            }\n                          ]\n                        }\n                      ]\n                    },\n                    \"NGV0820\",\n                    {\n                      \"or\": [\n                        \"TNM4848Q\",\n                        \"MRA9L\"\n                      ]\n                    }\n                  ]\n                },\n                {\n                  \"or\": [\n                    {\n                      \"pattern\": \"WD335B\",\n                      \"exclude\": \"LGJ7E\",\n                      \"info\": \"q7\"\n                    },\n                    {\n                      \"and\": [\n                        {\n                          \"and\": []\n                        },\n                        {\n                          \"pattern\": \"WZB47\",\n                          \"info\": \"gA(=zc87\"\n                        },\n                        {\n                          \"or\": []\n                        },\n                        \"SPA63\",\n                        {\n                          \"or\": [\n                            \"QI91\",\n                            \"UR7S\",\n                            \"DE33B\",\n                            {\n                              \"pattern\": \"BBx\",\n                              \"exclude\": \"BQQx252Z\",\n                              \"info\": \"%*/p6^|(\"\n                            },\n                            \"KZQ06K\"\n                          ]\n                        }\n                      ]\n                    },\n                    {\n                      \"or\": [\n                        {\n                          \"and\": []\n                        },\n                        {\n                          \"pattern\": \"HTW8T\",\n                          \"exclude\": [\n                            \"NR*8\",\n                            \"ZOX55M\",\n                            \"VX941\",\n                            \"ADZ8x2L\",\n                            \"DSGx132\"\n                          ],\n                          \"info\": \"\"\n                        }\n                      ]\n                    },\n                    {\n                      \"pattern\": \"XD6*\",\n                      \"exclude\": [\n                        \"VY13V\",\n                        \"DY*x2\",\n                        \"OOW2xM\",\n                        \"OX442L\",\n                        \"VT6301P\"\n                      ],\n                      \"info\": \"\\\\3;z$1;\"\n                    },\n                    \"KV195x\"\n                  ]\n                }\n              ],\n              \"satisfy\": \"![4L[\",\n              \"url\": \"http://1autsdea8cmq9kwf8q7ptgjcc7-8yjhs9eo9-vsqfwt.tgzedaweo/++;_OFQ5@/TFuuJQi@:0/g;-/x%F0%97%99%82HrQ9%F1%A0%8A%AA/CYAX8%F3%95%B5%B6%F1%A5%B0%8E_o/Kw'6;(!cB/F\",\n              \"info\": \"\"\n            },\n            \",N\": {\n              \"name\": \"{o:f%-Z\",\n              \"assign\": [\n                \"o>\",\n                \"ifz\\\"*R\",\n                \"B8*nWoq>\",\n                \"k'iIv}\",\n                \"JQ_@,]h2\"\n              ],\n              \"match\": {\n                \"pattern\": \"SS20*\",\n                \"exclude\": [\n                  \"UVR3379\"\n                ],\n                \"info\": \"\"\n              },\n              \"satisfy\": [],\n              \"info\": \"tTp,SH\"\n            }\n          },\n          \"vM\": {\n            \"name\": \"iwlKD\",\n            \"ay\": 2005,\n            \"assign\": \"\",\n            \"match\": [\n              {\n                \"and\": []\n              },\n              {\n                \"or\": [\n                  {\n                    \"pattern\": \"AD7659Q\",\n                    \"exclude\": [\n                      \"MJSx295\",\n                      \"VTN*K\",\n                      \"ZU0*W\",\n                      \"UK3264P\"\n                    ]\n                  },\n                  {\n                    \"or\": [\n                      {\n                        \"and\": [\n                          \"SM30\",\n                          {\n                            \"and\": [\n                              \"DZ1634Y\",\n                              \"NJA8W\",\n                              \"QUT698E\",\n                              \"BFD2\"\n                            ]\n                          },\n                          {\n                            \"or\": [\n                              \"IQ39R\",\n                              \"IMC867\",\n                              \"TSLx\",\n                              \"GK*\"\n                            ]\n                          },\n                          \"RJL3S\",\n                          \"BYA61xxA\"\n                        ]\n                      },\n                      {\n                        \"or\": [\n                          {\n                            \"or\": [\n                              {\n                                \"pattern\": \"MLQ5J\",\n                                \"exclude\": \"IHW7T\",\n                                \"info\": \"67+}7k}6\"\n                              }\n                            ]\n                          },\n                          \"ZJB6239\"\n                        ]\n                      },\n                      \"OXN9\"\n                    ]\n                  },\n                  {\n                    \"or\": [\n                      {\n                        \"pattern\": \"TTW5055\",\n                        \"exclude\": \"GZ5B\",\n                        \"info\": \".7\"\n                      },\n                      {\n                        \"and\": []\n                      },\n                      {\n                        \"pattern\": \"BZ524*\",\n                        \"exclude\": []\n                      }\n                    ]\n                  },\n                  {\n                    \"or\": [\n                      {\n                        \"or\": []\n                      },\n                      \"ND*\",\n                      {\n                        \"pattern\": \"XYD347\",\n                        \"exclude\": [\n                          \"NOG3G\",\n                          \"DA8B\",\n                          \"JEL908\"\n                        ],\n                        \"info\": \"s;VK\"\n                      }\n                    ]\n                  },\n                  {\n                    \"or\": [\n                      \"GM2\",\n                      \"IV7130S\",\n                      {\n                        \"or\": []\n                      }\n                    ]\n                  }\n                ]\n              },\n              {\n                \"and\": []\n              },\n              \"XS3*C\"\n            ],\n            \"satisfy\": {\n              \"and\": [\n                {\n                  \"and\": [\n                    {\n                      \"mc\": \"<=198\"\n                    },\n                    \"qb]N/e~C\",\n                    \"dQWijBCo\"\n                  ]\n                },\n                {\n                  \"or\": [\n                    \"G.DEk'm\",\n                    \",PNR\"\n                  ]\n                },\n                {\n                  \"or\": [\n                    \"F8 :1X_&=s\",\n                    \"|th5KP}lT\"\n                  ]\n                },\n                \"W\"\n              ]\n            },\n            \"url\": \"http://qzm20iwp.p.6y5pu9ar2fe6echq1zbng49u5zvim165.yiotiq/&khi&/qy3vh*KJ\"\n          },\n          \"4Kp\": {\n            \"name\": \"4w.^*fJy\",\n            \"ay\": 1974,\n            \"assign\": \"rkc>yifaIu\",\n            \"match\": [\n              {\n                \"and\": [\n                  {\n                    \"and\": []\n                  },\n                  {\n                    \"pattern\": \"ENQ8*2C\",\n                    \"info\": \" xMlBw;Q\"\n                  }\n                ]\n              },\n              {\n                \"or\": [\n                  \"XE8x48I\",\n                  {\n                    \"pattern\": \"YJ5xF\",\n                    \"exclude\": [\n                      \"FH4721\",\n                      \"JT8*\",\n                      \"PZ64\"\n                    ]\n                  },\n                  {\n                    \"and\": [\n                      \"VM440*T\",\n                      {\n                        \"or\": [\n                          {\n                            \"and\": [\n                              \"GZQ1x\",\n                              {\n                                \"or\": [\n                                  \"YWE52\",\n                                  \"MDZ6722N\",\n                                  \"KQW*0B\"\n                                ]\n                              },\n                              \"SAC4\",\n                              \"JC83x4\",\n                              \"YGX0\"\n                            ]\n                          },\n                          {\n                            \"or\": [\n                              \"IWH3599\",\n                              {\n                                \"and\": [\n                                  \"SMM18*1X\"\n                                ]\n                              },\n                              \"HQU909\",\n                              \"LV4M\",\n                              \"AIK3880G\"\n                            ]\n                          },\n                          {\n                            \"pattern\": \"MNW4E\",\n                            \"exclude\": \"YU*\",\n                            \"info\": \"|S\"\n                          }\n                        ]\n                      }\n                    ]\n                  },\n                  \"XZU63\"\n                ]\n              }\n            ],\n            \"satisfy\": [\n              {\n                \"or\": [\n                  {\n                    \"or\": [\n                      {\n                        \"and\": [\n                          \"V\"\n                        ]\n                      }\n                    ]\n                  },\n                  {\n                    \"mc\": \"<=11\"\n                  },\n                  {\n                    \"and\": [\n                      {\n                        \"mc\": \"<=22\"\n                      },\n                      {\n                        \"and\": [\n                          {\n                            \"mc\": \">=75\"\n                          },\n                          \"[6D1MZ%Y\",\n                          \"_r+311X\"\n                        ]\n                      },\n                      \"\",\n                      \"ttX,Vk#4\\\\\"\n                    ]\n                  }\n                ]\n              },\n              {\n                \"mc\": \"<=106\"\n              },\n              {\n                \"mc\": \"<=25\"\n              }\n            ],\n            \"url\": \"http://uq6litcqkxqb0yqxrpxtwcx1o0cekkm02gt7n1j2iixbkq38k018r2y-ptb.3dm70nga5gayjokb3nbx5w2snd98v2o7dhk2iqeln2admg.v2i8z9bcy4b6m0czl1dmq8moc9.f.jtmtgwebau/6+hS//Y1//7H@po%F1%87%9B%A29%F1%80%BE%9Df%F0%9B%A5%91/D\"\n          },\n          \"ZabQnA'C\": {\n            \"name\": \"nWt$<\",\n            \"ay\": 2012,\n            \"assign\": \"QBC;wZs\",\n            \"match\": [\n              \"MIS659\",\n              \"PGO0O\",\n              {\n                \"and\": [\n                  \"AQ4\",\n                  \"MKU57*3\",\n                  {\n                    \"or\": [\n                      \"FT9356J\",\n                      \"LHWx7N\"\n                    ]\n                  },\n                  {\n                    \"or\": [\n                      {\n                        \"and\": []\n                      },\n                      {\n                        \"and\": [\n                          {\n                            \"and\": [\n                              \"LOA5\",\n                              {\n                                \"pattern\": \"JQ9F\",\n                                \"info\": \"MU%+lNV<n,\"\n                              },\n                              \"HRGxG\",\n                              \"DWI*038\",\n                              \"GJ52T\"\n                            ]\n                          },\n                          {\n                            \"pattern\": \"KJK12P\",\n                            \"exclude\": [\n                              \"LHU*\",\n                              \"HV19*M\",\n                              \"AWD441*X\",\n                              \"NKQ256K\"\n                            ]\n                          }\n                        ]\n                      },\n                      \"MGF89\",\n                      {\n                        \"or\": [\n                          \"WAH0929\",\n                          {\n                            \"and\": [\n                              {\n                                \"pattern\": \"WLD577xM\",\n                                \"exclude\": \"YF97F\",\n                                \"info\": \"c\\\"W:_$D1\"\n                              },\n                              \"DA6\",\n                              \"OK770W\",\n                              {\n                                \"pattern\": \"DN7209\",\n                                \"exclude\": \"MZA9I\",\n                                \"info\": \"T`[\"\n                              },\n                              {\n                                \"or\": [\n                                  {\n                                    \"pattern\": \"JQIx7*4U\",\n                                    \"info\": \"h5X<R7:#/\"\n                                  },\n                                  \"IXXx5N\"\n                                ]\n                              }\n                            ]\n                          }\n                        ]\n                      }\n                    ]\n                  }\n                ]\n              }\n            ],\n            \"satisfy\": \"cH@.Fc}=\",\n            \"info\": \"=\"\n          }\n        }\n      },\n      \"+tk NkDW3\": {\n        \"name\": \"m_PJFG\",\n        \"ay\": 1951,\n        \"match\": {\n          \"and\": [\n            {\n              \"or\": [\n                {\n                  \"and\": [\n                    {\n                      \"or\": []\n                    }\n                  ]\n                },\n                \"HRJ0V\",\n                \"ISU85x6S\",\n                \"PXBx22Z\"\n              ]\n            },\n            \"LJ48\",\n            {\n              \"or\": [\n                {\n                  \"or\": [\n                    \"VXV8\",\n                    \"BK*86Q\"\n                  ]\n                },\n                \"RMU0D\",\n                \"RXUx\",\n                {\n                  \"and\": [\n                    {\n                      \"or\": [\n                        \"JV1510\",\n                        \"IF05L\",\n                        {\n                          \"or\": [\n                            \"CMK26G\",\n                            \"GDN6\"\n                          ]\n                        },\n                        {\n                          \"pattern\": \"GAM617Z\",\n                          \"exclude\": [],\n                          \"info\": \"I~X60:\"\n                        }\n                      ]\n                    },\n                    \"SQF0439\",\n                    {\n                      \"or\": [\n                        \"VG*x\",\n                        {\n                          \"or\": [\n                            \"AW844\",\n                            \"ROS2\"\n                          ]\n                        },\n                        \"SQMx8*8C\"\n                      ]\n                    }\n                  ]\n                },\n                \"XU26\"\n              ]\n            }\n          ]\n        },\n        \"satisfy\": {\n          \"mc\": \">=133\"\n        },\n        \"info\": \"D5$jp$\"\n      },\n      \"F\": {\n        \"name\": \"rR*`Rv_\",\n        \"ay\": 1980,\n        \"assign\": [\n          \"V 3\",\n          \"sI_|)uG}\"\n        ],\n        \"satisfy\": {\n          \"mc\": \">=128\"\n        },\n        \"url\": \"http://vil0.09-umw1l7z0cq8aq5jrshglpout4cu.ewv/=VO)/1K/P.Tl41KB/=UH%F3%B3%A0%968~MM/8t:%F4%83%99%B1%F1%A7%B4%8Bw)O7/PA/z2D/4%F2%8F%97%AC6do%F2%B7%AA%B7Z\",\n        \"info\": \"><A@\"\n      }\n    }\n  },\n  {\n    \"title\": \"block sample 2\",\n    \"value\": {\n      \"ay\": 1955,\n      \"assign\": [\n        \"@Znc4B\",\n        \"oSpF4El\",\n        \"a\"\n      ],\n      \"satisfy\": {\n        \"and\": [\n          {\n            \"mc\": \"<=22\"\n          },\n          \"1\"\n        ]\n      },\n      \"url\": \"https://notyhuroy8cpp9oaxj2ozptf7lkqpbptc5tyxg76jfhvbvpmr24.3.14j0msb-docfbu9be-bcb9.cy\",\n      \"info\": \"O%(ibE=|\"\n    }\n  },\n  {\n    \"title\": \"block sample 3\",\n    \"value\": {\n      \"ay\": 2030,\n      \"match\": {\n        \"and\": [\n          {\n            \"or\": [\n              {\n                \"pattern\": \"HZM8**4Y\",\n                \"exclude\": [\n                  \"TQ43x2U\",\n                  \"SP2\",\n                  \"BXW1*\"\n                ],\n                \"info\": \"f\"\n              }\n            ]\n          },\n          {\n            \"and\": [\n              {\n                \"pattern\": \"QK1G\"\n              },\n              \"BI4\"\n            ]\n          },\n          {\n            \"and\": []\n          },\n          {\n            \"pattern\": \"XRN3xA\",\n            \"exclude\": [],\n            \"info\": \"B5.LYNL\"\n          }\n        ]\n      },\n      \"satisfy\": {\n        \"and\": [\n          \"j\"\n        ]\n      },\n      \"url\": \"https://e8becuabd6dbf8cf5ibc8mcb98ac-bjaf2afyl62cmcseol.cvbddenbf55bpr98poi8bo-ormzma4dfeheaymfbabfca-3ieckd6d30gf.ftse/+%F3%B5%99%A4%F2%90%BA%8C/aR%27V,LDc,/!@gD/Ler/NX6W2/)//dcc+dsSfa/,/=bbeLg,Yg\",\n      \"6r\": {\n        \"name\": \"th%st\",\n        \"ay\": 1955,\n        \"assign\": [\n          \"I\",\n          \"!{\"\n        ],\n        \"match\": [],\n        \"satisfy\": [],\n        \"url\": \"http://vtlaxhp4gyc897vsyonu1scatedbgey91i8qejtyzt6lrz-akm0poosmheovh5.vxay/Vc8%F4%85%9C%A1hpB6\",\n        \"info\": \"VqG|(:$QO\",\n        \"W\": {\n          \"ay\": 1969,\n          \"assign\": [\n            \"Fo\",\n            \"R9Sx7;w[G\",\n            \"(L(gaAY;mj\"\n          ],\n          \"match\": {\n            \"or\": [\n              {\n                \"and\": []\n              },\n              {\n                \"or\": []\n              },\n              \"HX26J\",\n              {\n                \"and\": [\n                  \"CHC746Z\",\n                  {\n                    \"and\": [\n                      \"OC0Y\",\n                      \"YV9*3\"\n                    ]\n                  },\n                  {\n                    \"or\": [\n                      \"GR9xM\",\n                      {\n                        \"pattern\": \"HPU2\",\n                        \"exclude\": \"RW295*L\",\n                        \"info\": \"887aE`K@*K\"\n                      },\n                      {\n                        \"and\": [\n                          \"IKO*302\"\n                        ]\n                      },\n                      \"HEQ279\"\n                    ]\n                  }\n                ]\n              },\n              {\n                \"and\": []\n              }\n            ]\n          },\n          \"url\": \"http://zya3duy6tmgtlai6ubtv6bbzr9ozxw3dmlwkv6a-z-ac5c3jy.c7f.rf80srirm4sjmngjyue-5w3vuq09jo.jwcosw2tton187upjexzppc2vdrfxp4qf2rjq-shz.wzymrrsi/8Dw..u%F0%A4%98%96@Y/7439/T_WF1e/mvXPb/,/ON%F2%BF%8A%888/fK%F0%90%96%90B\",\n          \"info\": \"n!hMnsey>\"\n        },\n        \"t@\": {\n          \"ay\": 1955,\n          \"assign\": \"h?.k\",\n          \"match\": {\n            \"pattern\": \"XO3\",\n            \"info\": \"W\"\n          },\n          \"satisfy\": {\n            \"mc\": \"<=143\"\n          },\n          \"url\": \"https://z7-72ugh--2zoza4h6esjxad.vnahmofy//d,5V'_/At3GuO/;.,WLJ(19/aOT%F0%A6%AB%A5%F3%A3%BA%9AsK*P/(%F0%9C%B8%A1RXKf/=Ete/A4zO9)/)l\",\n          \"info\": \"Hj89NPuj_T\"\n        },\n        \"{F\\\"\": {\n          \"name\": \"cH 6 \",\n          \"ay\": 1950,\n          \"assign\": \"0ti\",\n          \"match\": {\n            \"and\": [\n              {\n                \"or\": [\n                  {\n                    \"or\": [\n                      \"SAS5932U\",\n                      \"KZP3*V\",\n                      \"BJN*21D\",\n                      {\n                        \"and\": []\n                      },\n                      {\n                        \"or\": [\n                          \"QKM747J\",\n                          {\n                            \"pattern\": \"LUW988L\",\n                            \"exclude\": \"FW246\",\n                            \"info\": \"/}f<FDd\"\n                          }\n                        ]\n                      }\n                    ]\n                  },\n                  \"PPR433S\",\n                  {\n                    \"or\": [\n                      {\n                        \"or\": [\n                          \"OF8x22\",\n                          {\n                            \"or\": [\n                              {\n                                \"and\": [\n                                  \"WN2533E\",\n                                  \"SB857\"\n                                ]\n                              },\n                              \"ATG18*\",\n                              \"RN47x9T\",\n                              \"ES2026\"\n                            ]\n                          },\n                          {\n                            \"and\": [\n                              \"YTUxx\",\n                              \"MC1706\",\n                              \"JSX980\",\n                              \"ANxQ\",\n                              \"DTJ*C\"\n                            ]\n                          }\n                        ]\n                      },\n                      {\n                        \"pattern\": \"KPZx1\",\n                        \"exclude\": \"VY38B\",\n                        \"info\": \"$h&~/r09\"\n                      },\n                      \"AOV27\",\n                      {\n                        \"or\": []\n                      },\n                      \"YYJx595\"\n                    ]\n                  },\n                  {\n                    \"pattern\": \"ERC242\",\n                    \"info\": \",>P+\\\"_U\"\n                  }\n                ]\n              },\n              {\n                \"and\": [\n                  {\n                    \"pattern\": \"CL8P\",\n                    \"exclude\": \"RSW8110\",\n                    \"info\": \"`tl7SubE3A\"\n                  },\n                  {\n                    \"pattern\": \"LF817N\",\n                    \"exclude\": \"PBKx9\",\n                    \"info\": \" \"\n                  }\n                ]\n              },\n              \"ZZ19\",\n              {\n                \"or\": [\n                  {\n                    \"pattern\": \"MZ0\",\n                    \"exclude\": [\n                      \"PWS6Y\",\n                      \"BA85\",\n                      \"WQ2*0\",\n                      \"ESL89L\",\n                      \"LE9773G\"\n                    ],\n                    \"info\": \"[hS'aZjr,h\"\n                  },\n                  {\n                    \"and\": []\n                  },\n                  {\n                    \"or\": [\n                      \"JCF11*L\",\n                      \"BIA8\",\n                      {\n                        \"or\": [\n                          {\n                            \"or\": [\n                              \"MLR67V\",\n                              \"WHA1C\"\n                            ]\n                          },\n                          \"BE6P\",\n                          {\n                            \"pattern\": \"KTP2x67A\"\n                          },\n                          \"DI5Z\"\n                        ]\n                      },\n                      \"ZH759\",\n                      {\n                        \"or\": []\n                      }\n                    ]\n                  },\n                  {\n                    \"or\": []\n                  },\n                  \"ZYD2840D\"\n                ]\n              },\n              \"QWP200Q\"\n            ]\n          },\n          \"url\": \"https://flsvumwt0mm6ojl1.37gupajyuat8jkc90hg-r8h4nna6nor9efbqcc8sfnm2re-q0.2qkpna8j5u2m8rifxz823c6lp2ntc6-j49h2vzx2xpaxwnc.nrokfmcrxr/jeZRH/XL+&e%F3%A3%B7%93/YX&0P5qk/&NGkx7.%F0%AD%9E%A2ZQ/d@B@b(CC0@/9s/H/vWy/6,/pXrG$Zw%F1%AB%AB%AFM%F2%AE%8A%AC\"\n        },\n        \"\": {\n          \"name\": \"e9{oAz\",\n          \"ay\": 1950,\n          \"assign\": [\n            \"\",\n            \"lJk3%}=k\",\n            \"+fc\",\n            \"fn\\\\v;q-Q\"\n          ],\n          \"satisfy\": [\n            {\n              \"and\": [\n                {\n                  \"and\": [\n                    \"0F\",\n                    \"|\",\n                    \",xd701q\",\n                    \"HcK$.@+,r\",\n                    \"x  .aSNo9\"\n                  ]\n                },\n                {\n                  \"mc\": \"<=196\"\n                }\n              ]\n            },\n            {\n              \"mc\": \">=173\"\n            },\n            \"LQmflduJ7d\",\n            {\n              \"and\": [\n                {\n                  \"and\": []\n                },\n                {\n                  \"mc\": \">=179\"\n                },\n                \"H\"\n              ]\n            },\n            {\n              \"or\": [\n                {\n                  \"and\": [\n                    \"Ry*\"\n                  ]\n                },\n                {\n                  \"and\": [\n                    \"b0i{JyWYy=\",\n                    \"\"\n                  ]\n                },\n                {\n                  \"mc\": \">=16\"\n                }\n              ]\n            }\n          ],\n          \"url\": \"https://m9j5fqcdx62nv2chvw1ok229sjzukb739ii3am3tzqq9-ozv1rvyjtnjq-0pja.gj1gtyy.otwzbv/Q/,%F0%A5%AE%A9/fU$1.gO8%F1%B7%B1%AAi/eS4*/SV%F1%A3%B3%B8'iu!%F1%85%B5%A8/Z/Iuzz~rF,/gC\",\n          \"info\": \"q$<P=\",\n          \"I'{-WO#O\": {\n            \"name\": \"m${9\",\n            \"ay\": 1995,\n            \"assign\": [\n              \"W|0}mL\",\n              \"K7 t5\"\n            ],\n            \"match\": [\n              {\n                \"pattern\": \"KAC52\",\n                \"exclude\": []\n              },\n              \"PEB702Q\"\n            ],\n            \"satisfy\": [\n              {\n                \"mc\": \"<=101\"\n              },\n              {\n                \"and\": [\n                  \" o].NN{wX\",\n                  {\n                    \"or\": [\n                      \":\",\n                      {\n                        \"or\": [\n                          \"G6L*lD@\",\n                          {\n                            \"mc\": \"<=122\"\n                          }\n                        ]\n                      },\n                      {\n                        \"mc\": \"<=109\"\n                      },\n                      \"r?\\\\\\
[...]
            },
            {
              "title": "should truncate list of modules with upper bound of MCs at exact cutoff if total MC count is higher and there exists some starting sequence with exact MC count",
              "fullTitle": "inequalitySatisfier should truncate list of modules with upper bound of MCs at exact cutoff if total MC count is higher and there exists some starting sequence with exact MC count",
              "timedOut": false,
              "duration": 0,
              "state": "passed",
              "speed": "fast",
              "pass": true,
              "fail": false,
              "pending": false,
              "context": null,
              "code": "const satisfier = satisfiers_1.inequalitySatisfier(ref, \"<=16\");\nsatisfier.should.have.property(\"filter\");\nconst { filter } = satisfier;\nisCorrectFilter(filter, modulesList1, [\n    \"CS2100\",\n    \"GER1000\",\n    \"CS2040S\",\n    \"ST2131\",\n]);",
              "err": {},
              "uuid": "6da40155-9667-4e34-8453-2b453426fb13",
              "parentUUID": "42ec3e7c-4d91-4d3e-a7e0-c83bd283095b",
              "isHook": false,
              "skipped": false
            },
            {
              "title": "should truncate list of modules with upper bound of MCs, cutting off at the minimum starting sequence that exceeds upper bound, if total MC count is higher and there exists no starting sequence with exact MC count",
              "fullTitle": "inequalitySatisfier should truncate list of modules with upper bound of MCs, cutting off at the minimum starting sequence that exceeds upper bound, if total MC count is higher and there exists no starting sequence with exact MC count",
              "timedOut": false,
              "duration": 0,
              "state": "passed",
              "speed": "fast",
              "pass": true,
              "fail": false,
              "pending": false,
              "context": null,
              "code": "const satisfier = satisfiers_1.inequalitySatisfier(ref, \"<=17\");\nsatisfier.should.have.property(\"filter\");\nconst { filter } = satisfier;\nisCorrectFilter(filter, modulesList1, [\n    \"CS2100\",\n    \"GER1000\",\n    \"CS2040S\",\n    \"ST2131\",\n    \"MA1521\",\n]);",
              "err": {},
              "uuid": "b1a7fe3e-a562-48a3-b80c-b0d57941ebb6",
              "parentUUID": "42ec3e7c-4d91-4d3e-a7e0-c83bd283095b",
              "isHook": false,
              "skipped": false
            }
          ],
          "suites": [],
          "passes": [
            "fd1b3cd3-9d70-4c8a-8789-76b0a735a829",
            "22414814-695d-4d77-a50b-eed7274cadef",
            "ac2df83f-5327-4df7-889c-fb9979ffceb9",
            "b6111e8a-ebfb-4641-9a33-74cf871e5e42",
            "b1f62a07-af41-4c6a-af6a-934ee7554f70",
            "6da40155-9667-4e34-8453-2b453426fb13",
            "b1a7fe3e-a562-48a3-b80c-b0d57941ebb6"
          ],
          "failures": [],
          "pending": [],
          "skipped": [],
          "duration": 2,
          "root": false,
          "rootEmpty": false,
          "_timeout": 2000
        },
        {
          "uuid": "ed62b6e0-aa65-4c59-a5ef-83cd1db41268",
          "title": "inequalitySchema",
          "fullFile": "/home/runner/work/planwithus-lib/planwithus-lib/src/satisfyRule/inequality/schemas.test.ts",
          "file": "/src/satisfyRule/inequality/schemas.test.ts",
          "beforeHooks": [],
          "afterHooks": [],
          "tests": [
            {
              "title": "should validate inequality in the form <=n or >=n",
              "fullTitle": "inequalitySchema should validate inequality in the form <=n or >=n",
              "timedOut": false,
              "duration": 1,
              "state": "passed",
              "speed": "fast",
              "pass": true,
              "fail": false,
              "pending": false,
              "context": "[\n  {\n    \"title\": \"inequality sample 0\",\n    \"value\": \">=129\"\n  },\n  {\n    \"title\": \"inequality sample 1\",\n    \"value\": \"<=111\"\n  },\n  {\n    \"title\": \"inequality sample 2\",\n    \"value\": \"<=172\"\n  },\n  {\n    \"title\": \"inequality sample 3\",\n    \"value\": \">=108\"\n  },\n  {\n    \"title\": \"inequality sample 4\",\n    \"value\": \"<=194\"\n  },\n  {\n    \"title\": \"inequality sample 5\",\n    \"value\": \">=45\"\n  },\n  {\n    \"title\": \"inequality sample 6\",\n    \"value\": \">=7\"\n  },\n  {\n    \"title\": \"inequality sample 7\",\n    \"value\": \">=5\"\n  },\n  {\n    \"title\": \"inequality sample 8\",\n    \"value\": \"<=145\"\n  },\n  {\n    \"title\": \"inequality sample 9\",\n    \"value\": \">=180\"\n  }\n]",
              "code": "fast_check_1.sample(index_test_2.inequality, 10).forEach((sample, i) => addContext_1.default(this, {\n    title: `inequality sample ${i}`,\n    value: sample,\n}));\nreturn fast_check_1.assert(fast_check_1.property(index_test_2.inequality, ajvValidate));",
              "err": {},
              "uuid": "d1f2e785-84a6-4ff1-a3ca-f162c1fe15c6",
              "parentUUID": "ed62b6e0-aa65-4c59-a5ef-83cd1db41268",
              "isHook": false,
              "skipped": false
            },
            {
              "title": "should not validate inequality of invalid form",
              "fullTitle": "inequalitySchema should not validate inequality of invalid form",
              "timedOut": false,
              "duration": 1,
              "state": "passed",
              "speed": "fast",
              "pass": true,
              "fail": false,
              "pending": false,
              "context": null,
              "code": "[\n        \"\",\n        \"==23\",\n        \"23\",\n        \"<23\",\n        \">23\",\n        \"<=-1\",\n        \">=-1\",\n        \"<= 2\",\n        \">= 1\",\n        \"> 3\",\n        \"< 3\",\n        \"<=3a\",\n        \">=3a\",\n        \"a<=3\",\n        \"a>=3\",\n    ].forEach(isInvalidInequality)",
              "err": {},
              "uuid": "4de2e204-94cc-49e3-88ed-77656028b689",
              "parentUUID": "ed62b6e0-aa65-4c59-a5ef-83cd1db41268",
              "isHook": false,
              "skipped": false
            }
          ],
          "suites": [],
          "passes": [
            "d1f2e785-84a6-4ff1-a3ca-f162c1fe15c6",
            "4de2e204-94cc-49e3-88ed-77656028b689"
          ],
          "failures": [],
          "pending": [],
          "skipped": [],
          "duration": 2,
          "root": false,
          "rootEmpty": false,
          "_timeout": 2000
        },
        {
          "uuid": "c36bc4e3-6c6d-46cd-8b43-12264b5c6152",
          "title": "satisfyRuleSchema",
          "fullFile": "/home/runner/work/planwithus-lib/planwithus-lib/src/satisfyRule/schemas.test.ts",
          "file": "/src/satisfyRule/schemas.test.ts",
          "beforeHooks": [],
          "afterHooks": [],
          "tests": [
            {
              "title": "should validate satisfy rule with valid block id",
              "fullTitle": "satisfyRuleSchema should validate satisfy rule with valid block id",
              "timedOut": false,
              "duration": 1,
              "state": "passed",
              "speed": "fast",
              "pass": true,
              "fail": false,
              "pending": false,
              "context": null,
              "code": "fast_check_1.assert(fast_check_1.property(fast_check_1.string(), ajvValidate)",
              "err": {},
              "uuid": "119194cf-f8dd-4f9a-b26e-b1b3c107cc2e",
              "parentUUID": "c36bc4e3-6c6d-46cd-8b43-12264b5c6152",
              "isHook": false,
              "skipped": false
            },
            {
              "title": "should validate satisfy rules with valid mc",
              "fullTitle": "satisfyRuleSchema should validate satisfy rules with valid mc",
              "timedOut": false,
              "duration": 2,
              "state": "passed",
              "speed": "fast",
              "pass": true,
              "fail": false,
              "pending": false,
              "context": "[\n  {\n    \"title\": \"mcSatisfyRule sample 0\",\n    \"value\": {\n      \"mc\": \">=146\"\n    }\n  },\n  {\n    \"title\": \"mcSatisfyRule sample 1\",\n    \"value\": {\n      \"mc\": \"<=7\"\n    }\n  },\n  {\n    \"title\": \"mcSatisfyRule sample 2\",\n    \"value\": {\n      \"mc\": \">=1\"\n    }\n  },\n  {\n    \"title\": \"mcSatisfyRule sample 3\",\n    \"value\": {\n      \"mc\": \">=40\"\n    }\n  },\n  {\n    \"title\": \"mcSatisfyRule sample 4\",\n    \"value\": {\n      \"mc\": \">=170\"\n    }\n  },\n  {\n    \"title\": \"mcSatisfyRule sample 5\",\n    \"value\": {\n      \"mc\": \"<=31\"\n    }\n  },\n  {\n    \"title\": \"mcSatisfyRule sample 6\",\n    \"value\": {\n      \"mc\": \">=8\"\n    }\n  },\n  {\n    \"title\": \"mcSatisfyRule sample 7\",\n    \"value\": {\n      \"mc\": \"<=3\"\n    }\n  },\n  {\n    \"title\": \"mcSatisfyRule sample 8\",\n    \"value\": {\n      \"mc\": \"<=36\"\n    }\n  },\n  {\n    \"title\": \"mcSatisfyRule sample 9\",\n    \"value\": {\n      \"mc\": \">=199\"\n    }\n  }\n]",
              "code": "fast_check_1.sample(index_test_2.mcSatisfyRule, 10).forEach((sample, i) => addContext_1.default(this, {\n    title: `mcSatisfyRule sample ${i}`,\n    value: sample,\n}));\nreturn fast_check_1.assert(fast_check_1.property(index_test_2.mcSatisfyRule, ajvValidate));",
              "err": {},
              "uuid": "8aff5837-f23f-4af6-bde1-da53641c1a91",
              "parentUUID": "c36bc4e3-6c6d-46cd-8b43-12264b5c6152",
              "isHook": false,
              "skipped": false
            },
            {
              "title": "should validate valid recursive satisfy rules",
              "fullTitle": "satisfyRuleSchema should validate valid recursive satisfy rules",
              "timedOut": false,
              "duration": 4,
              "state": "passed",
              "speed": "fast",
              "pass": true,
              "fail": false,
              "pending": false,
              "context": "[\n  {\n    \"title\": \"satisfyRule sample 0\",\n    \"value\": {\n      \"and\": [\n        {\n          \"and\": [\n            \"=^=!\",\n            \"<+(^k@1H;\",\n            \".( <3D7c\",\n            \":#\",\n            \"9}\"\n          ]\n        },\n        {\n          \"or\": [\n            {\n              \"mc\": \">=156\"\n            }\n          ]\n        },\n        {\n          \"mc\": \"<=61\"\n        },\n        {\n          \"or\": [\n            \"q2](v\",\n            {\n              \"mc\": \">=9\"\n            },\n            {\n              \"or\": []\n            },\n            {\n              \"or\": [\n                \"3=@9D\",\n                \"#x\",\n                \"TX.nn1s&\"\n              ]\n            }\n          ]\n        },\n        {\n          \"and\": [\n            {\n              \"and\": [\n                \"L L>'Q6\",\n                \"\",\n                \"`p\",\n                {\n                  \"or\": [\n                    \"Xj\",\n                    \"Pj\\\"wi-4|Z\",\n                    \"E<<961\",\n                    \"a3a\",\n                    \"\"\n                  ]\n                },\n                {\n                  \"and\": [\n                    \"B6e'0W~jW{\",\n                    \"hKG6i\",\n                    \"]>$u,Q\\\"\"\n                  ]\n                }\n              ]\n            },\n            \"a13\",\n            \"A<0hzUD*2\",\n            \"xF'O\",\n            \"H\\\"zR1\"\n          ]\n        }\n      ]\n    }\n  },\n  {\n    \"title\": \"satisfyRule sample 1\",\n    \"value\": {\n      \"mc\": \"<=199\"\n    }\n  },\n  {\n    \"title\": \"satisfyRule sample 2\",\n    \"value\": \"|\"\n  },\n  {\n    \"title\": \"satisfyRule sample 3\",\n    \"value\": {\n      \"and\": [\n        {\n          \"or\": []\n        }\n      ]\n    }\n  },\n  {\n    \"title\": \"satisfyRule sample 4\",\n    \"value\": {\n      \"or\": []\n    }\n  },\n  {\n    \"title\": \"satisfyRule sample 5\",\n    \"value\": {\n      \"or\": [\n        \"r &<%!A#ei\",\n        {\n          \"and\": [\n            \"\",\n            \"5C|^pg\"\n          ]\n        },\n        {\n          \"or\": [\n            {\n              \"or\": []\n            }\n          ]\n        },\n        {\n          \"or\": [\n            {\n              \"and\": [\n                {\n                  \"or\": [\n                    \"2z6Q){y\",\n                    \"e<Ryk4't\",\n                    \"nE)\"\n                  ]\n                }\n              ]\n            },\n            {\n              \"mc\": \">=1\"\n            },\n            \"-Cn`*|\"\n          ]\n        }\n      ]\n    }\n  },\n  {\n    \"title\": \"satisfyRule sample 6\",\n    \"value\": \"=AQS|SA<$y\"\n  },\n  {\n    \"title\": \"satisfyRule sample 7\",\n    \"value\": {\n      \"mc\": \">=160\"\n    }\n  },\n  {\n    \"title\": \"satisfyRule sample 8\",\n    \"value\": \"F\"\n  },\n  {\n    \"title\": \"satisfyRule sample 9\",\n    \"value\": {\n      \"mc\": \">=8\"\n    }\n  }\n]",
              "code": "fast_check_1.sample(index_test_2.satisfyRule, 10).forEach((sample, i) => addContext_1.default(this, {\n    title: `satisfyRule sample ${i}`,\n    value: sample,\n}));\nreturn fast_check_1.assert(fast_check_1.property(index_test_2.satisfyRule, ajvValidate));",
              "err": {},
              "uuid": "1f6e3baa-c95b-42ca-a352-3bf744365a20",
              "parentUUID": "c36bc4e3-6c6d-46cd-8b43-12264b5c6152",
              "isHook": false,
              "skipped": false
            },
            {
              "title": "should not validate non-string/object",
              "fullTitle": "satisfyRuleSchema should not validate non-string/object",
              "timedOut": false,
              "duration": 1,
              "state": "passed",
              "speed": "fast",
              "pass": true,
              "fail": false,
              "pending": false,
              "context": null,
              "code": "const error = {\n    instancePath: \"\",\n    message: \"satisfy rule should be either a string or an object\",\n};\nisInvalidRule(null, error);\nisInvalidRule(undefined, error);\nisInvalidRule(10, error);\nisInvalidRule([12, 24], error);",
              "err": {},
              "uuid": "84fe6e49-70fd-48c8-be45-e7eaf8031081",
              "parentUUID": "c36bc4e3-6c6d-46cd-8b43-12264b5c6152",
              "isHook": false,
              "skipped": false
            },
            {
              "title": "should not validate satisfy rules with extra properties",
              "fullTitle": "satisfyRuleSchema should not validate satisfy rules with extra properties",
              "timedOut": false,
              "duration": 1,
              "state": "passed",
              "speed": "fast",
              "pass": true,
              "fail": false,
              "pending": false,
              "context": null,
              "code": "isInvalidRule({\n        and: [\n            { or: [\"2k\"], abc: \"def\" },\n            { mc: 8, ghi: \"jkl\" },\n        ],\n        mno: \"pqr\",\n    }, {\n        instancePath: \"/and/0\",\n        message: \"or satisfy rule should have property 'or' only\",\n    }, {\n        instancePath: \"/and/1\",\n        message: \"MC satisfy rule should have property 'mc' only\",\n    }, {\n        instancePath: \"\",\n        message: \"and satisfy rule should have property 'and' only\",\n    })",
              "err": {},
              "uuid": "6248af4f-d7df-4634-ad71-d6964a6a54b3",
              "parentUUID": "c36bc4e3-6c6d-46cd-8b43-12264b5c6152",
              "isHook": false,
              "skipped": false
            },
            {
              "title": "should not validate ambiguous satisfy rules",
              "fullTitle": "satisfyRuleSchema should not validate ambiguous satisfy rules",
              "timedOut": false,
              "duration": 0,
              "state": "passed",
              "speed": "fast",
              "pass": true,
              "fail": false,
              "pending": false,
              "context": null,
              "code": "const message = \"satisfy rule should have only one of properties 'mc', 'and', 'or'\";\nisInvalidRule({\n    or: [\n        { mc: 5, and: [\"CS2040\"] },\n        { and: [{ and: [\"abc\"], or: [\"def\"] }] },\n    ],\n}, { instancePath: \"/or/0\", message }, { instancePath: \"/or/1/and/0\", message });",
              "err": {},
              "uuid": "d26f06bb-0aa5-43a3-8cbf-2a21d6ee4277",
              "parentUUID": "c36bc4e3-6c6d-46cd-8b43-12264b5c6152",
              "isHook": false,
              "skipped": false
            },
            {
              "title": "should not validate and satisfy rules with non-array property",
              "fullTitle": "satisfyRuleSchema should not validate and satisfy rules with non-array property",
              "timedOut": false,
              "duration": 0,
              "state": "passed",
              "speed": "fast",
              "pass": true,
              "fail": false,
              "pending": false,
              "context": null,
              "code": "const message = \"property 'and' should be an array of satisfy rules\";\nisInvalidRule({ or: [{ and: {} }, { or: [{ and: 3 }] }] }, { instancePath: \"/or/0/and\", message }, { instancePath: \"/or/1/or/0/and\", message });",
              "err": {},
              "uuid": "f920084a-e463-4120-8560-d0abcde850eb",
              "parentUUID": "c36bc4e3-6c6d-46cd-8b43-12264b5c6152",
              "isHook": false,
              "skipped": false
            },
            {
              "title": "should not validate or satisfy rules with non-array property",
              "fullTitle": "satisfyRuleSchema should not validate or satisfy rules with non-array property",
              "timedOut": false,
              "duration": 0,
              "state": "passed",
              "speed": "fast",
              "pass": true,
              "fail": false,
              "pending": false,
              "context": null,
              "code": "const message = \"property 'or' should be an array of satisfy rules\";\nisInvalidRule({ and: [{ or: {} }, { and: [{ or: 3 }] }] }, { instancePath: \"/and/0/or\", message }, { instancePath: \"/and/1/and/0/or\", message });",
              "err": {},
              "uuid": "319183a6-1916-4a37-af4b-3d7d4f0b016b",
              "parentUUID": "c36bc4e3-6c6d-46cd-8b43-12264b5c6152",
              "isHook": false,
              "skipped": false
            }
          ],
          "suites": [],
          "passes": [
            "119194cf-f8dd-4f9a-b26e-b1b3c107cc2e",
            "8aff5837-f23f-4af6-bde1-da53641c1a91",
            "1f6e3baa-c95b-42ca-a352-3bf744365a20",
            "84fe6e49-70fd-48c8-be45-e7eaf8031081",
            "6248af4f-d7df-4634-ad71-d6964a6a54b3",
            "d26f06bb-0aa5-43a3-8cbf-2a21d6ee4277",
            "f920084a-e463-4120-8560-d0abcde850eb",
            "319183a6-1916-4a37-af4b-3d7d4f0b016b"
          ],
          "failures": [],
          "pending": [],
          "skipped": [],
          "duration": 9,
          "root": false,
          "rootEmpty": false,
          "_timeout": 2000
        }
      ],
      "passes": [],
      "failures": [],
      "pending": [],
      "skipped": [],
      "duration": 0,
      "root": true,
      "rootEmpty": true,
      "_timeout": 2000
    }
  ],
  "meta": {
    "mocha": {
      "version": "9.0.2"
    },
    "mochawesome": {
      "options": {
        "quiet": false,
        "reportFilename": "mochawesome",
        "saveHtml": true,
        "saveJson": true,
        "consoleReporter": "spec",
        "useInlineDiffs": false,
        "code": true
      },
      "version": "6.2.2"
    },
    "marge": {
      "options": {
        "reportDir": "docs"
      },
      "version": "5.2.0"
    }
  }
}