{
  "stats": {
    "suites": 10,
    "tests": 48,
    "passes": 48,
    "pending": 0,
    "failures": 0,
    "start": "2021-08-04T07:41:12.507Z",
    "end": "2021-08-04T07:41:12.925Z",
    "duration": 418,
    "testsRegistered": 48,
    "passPercent": 100,
    "pendingPercent": 0,
    "other": 0,
    "hasOther": false,
    "skipped": 0,
    "hasSkipped": false
  },
  "results": [
    {
      "uuid": "bd9f598b-6158-434d-b9c0-e6d49cd69391",
      "title": "",
      "fullFile": "",
      "file": "",
      "beforeHooks": [],
      "afterHooks": [],
      "tests": [],
      "suites": [
        {
          "uuid": "e8c1dc61-60c4-4ff8-ba01-6567d60386d2",
          "title": "initDirectories",
          "fullFile": "/home/runner/work/planwithus-lib/planwithus-lib/src/block/schemas.test.ts",
          "file": "/src/block/schemas.test.ts",
          "beforeHooks": [],
          "afterHooks": [],
          "tests": [
            {
              "title": "should parse all blocks with no errors",
              "fullTitle": "initDirectories should parse all blocks with no errors",
              "timedOut": false,
              "duration": 3,
              "state": "passed",
              "speed": "fast",
              "pass": true,
              "fail": false,
              "pending": false,
              "context": null,
              "code": "_1.initDirectories.should.not.throw()",
              "err": {},
              "uuid": "2cf992d1-adb3-49c7-852f-4928881e4005",
              "parentUUID": "e8c1dc61-60c4-4ff8-ba01-6567d60386d2",
              "isHook": false,
              "skipped": false
            },
            {
              "title": "should produce primary, second & minor directories",
              "fullTitle": "initDirectories should produce primary, second & minor directories",
              "timedOut": false,
              "duration": 2,
              "state": "passed",
              "speed": "fast",
              "pass": true,
              "fail": false,
              "pending": false,
              "context": null,
              "code": "const directories = _1.initDirectories();\ndirectories.should.have.property(\"primary\");\ndirectories.should.have.property(\"second\");\ndirectories.should.have.property(\"minor\");",
              "err": {},
              "uuid": "fc04a89d-28fb-4d10-91ba-5767c0a921c3",
              "parentUUID": "e8c1dc61-60c4-4ff8-ba01-6567d60386d2",
              "isHook": false,
              "skipped": false
            }
          ],
          "suites": [],
          "passes": [
            "2cf992d1-adb3-49c7-852f-4928881e4005",
            "fc04a89d-28fb-4d10-91ba-5767c0a921c3"
          ],
          "failures": [],
          "pending": [],
          "skipped": [],
          "duration": 5,
          "root": false,
          "rootEmpty": false,
          "_timeout": 2000
        },
        {
          "uuid": "3a8f5a78-1e4e-4411-a8b3-a74950459641",
          "title": "blockSchema",
          "fullFile": "/home/runner/work/planwithus-lib/planwithus-lib/src/block/schemas.test.ts",
          "file": "/src/block/schemas.test.ts",
          "beforeHooks": [],
          "afterHooks": [],
          "tests": [
            {
              "title": "should validate valid block",
              "fullTitle": "blockSchema should validate valid block",
              "timedOut": false,
              "duration": 256,
              "state": "passed",
              "speed": "slow",
              "pass": true,
              "fail": false,
              "pending": false,
              "context": "[\n  {\n    \"title\": \"block sample 0\",\n    \"value\": {\n      \"name\": \"\\\"\",\n      \"assign\": \"\",\n      \"match\": [\n        {\n          \"and\": []\n        },\n        {\n          \"or\": [\n            {\n              \"pattern\": \"PH308C\",\n              \"exclude\": \"YDV*02\",\n              \"info\": \"MXt=_d\"\n            }\n          ]\n        },\n        \"DE42x7O\",\n        {\n          \"pattern\": \"JP7\",\n          \"info\": \"_2\"\n        }\n      ],\n      \"satisfy\": {\n        \"or\": [\n          {\n            \"mc\": \"<=89\"\n          },\n          {\n            \"and\": [\n              \"Dkc5K%F+\\\"\"\n            ]\n          },\n          \"0NTzAJzR\",\n          \"<sn_*#!\",\n          {\n            \"and\": [\n              {\n                \"mc\": \"<=95\"\n              },\n              \"mWOeb<\",\n              {\n                \"mc\": \"<=171\"\n              }\n            ]\n          }\n        ]\n      },\n      \"url\": \"https://o.e3nah72nena7-a1-5mj27-2dpdcbx28z5g8k7q7boy70w3m0-6govc4-za.e8jxlbv51k4q2kr961xtesh3f7pozv84dat.ntui/Mi/7%F2%92%B5%90+b/$zq)K+lsD/D%EC%8F%AER-/UZ/%F1%B3%91%89%F3%87%BA%8D7dy2C'/~x%F3%9B%A2%B6xV6/C/'%F3%8F%AE%BBjbHYun\",\n      \"info\": \"\\\" !%\\\"$Z%\"\n    }\n  },\n  {\n    \"title\": \"block sample 1\",\n    \"value\": {\n      \"name\": \"Xw\",\n      \"match\": {\n        \"and\": []\n      },\n      \"url\": \"http://bb-vseki1280lmzxwxhca129qnzo8ee43o5hzkote.4.a7p2d5he7ca9dc-1o6cefalaw6mccica8e66ag9kce5fc-9dyccgeem7e.dd/,$%F2%AC%8D%B3Of8/OuwK9//:V/'0d8(/y_!,o-i%F3%B7%B6%9Dn)\",\n      \"info\": \"X98g+%\",\n      \"isSelectable\": true\n    }\n  },\n  {\n    \"title\": \"block sample 2\",\n    \"value\": {\n      \"name\": \"#)[RSJwHh\",\n      \"assign\": \"\",\n      \"match\": {\n        \"or\": [\n          \"UBPx2\"\n        ]\n      },\n      \"satisfy\": {\n        \"and\": []\n      },\n      \"url\": \"https://ul0r9znyehjflcjzs57gatsnquf9m7y06g0wvqagblkj.hmwhyt/-ZjAr%F3%AA%9D%A6F/b*f/gff/d(kU0s)$/sc/lV\",\n      \"info\": \"z \",\n      \"isSelectable\": true\n    }\n  },\n  {\n    \"title\": \"block sample 3\",\n    \"value\": {\n      \"name\": \"4O\",\n      \"assign\": \"}B|c>>E\",\n      \"satisfy\": [],\n      \"url\": \"https://7fcb79b5la7e5ef8ff64vwwayy5oip8k-72ri7e8a88867d3e04.r20b46zaaafbzfzsjcmedf6.fxeef.9g9-f.ccs//K%F3%BC%B2%ADdg/@p2;%E8%B4%A9tepS/P9/4_p_v///yG*f2~P/LyJG@'/:b\",\n      \"info\": \"^:qn\",\n      \"isSelectable\": true\n    }\n  },\n  {\n    \"title\": \"block sample 4\",\n    \"value\": {\n      \"ay\": 1951,\n      \"match\": [\n        {\n          \"pattern\": \"NZT45O\",\n          \"exclude\": \"BV8\",\n          \"info\": \"\\\\&Ar)$wAu\"\n        }\n      ],\n      \"satisfy\": {\n        \"mc\": \">=195\"\n      },\n      \"url\": \"http://ykpkjat4a6obtbh.3ww3g6a26lkke2vpssfh1w5lkpy8w1dlrw6vcepvdjytv.qlqsd/Dp%F3%A2%A6%A6ViY/'/FT9;E~/O//Ui/FckWD9l/%F2%BE%8D%96C/gO8$iUg1ah\",\n      \"info\": \"}f\",\n      \"oW(X(*.*p\": {\n        \"ay\": 1960,\n        \"assign\": [\n          \"k\"\n        ],\n        \"match\": [\n          {\n            \"pattern\": \"IVDx51Q\",\n            \"exclude\": \"ZH4967H\",\n            \"info\": \"z\"\n          },\n          \"LI1317\",\n          \"PM74\",\n          {\n            \"and\": [\n              \"BC58\",\n              {\n                \"or\": [\n                  {\n                    \"and\": [\n                      {\n                        \"and\": [\n                          \"QZB*6*M\",\n                          \"JWK579U\",\n                          \"QNC9413F\",\n                          {\n                            \"or\": [\n                              \"NEK**O\"\n                            ]\n                          }\n                        ]\n                      }\n                    ]\n                  },\n                  {\n                    \"pattern\": \"NBB2O\",\n                    \"exclude\": [\n                      \"UB2x\",\n                      \"DQ7452J\",\n                      \"GRxK\"\n                    ],\n                    \"info\": \"9\"\n                  },\n                  \"VQD1\"\n                ]\n              },\n              {\n                \"or\": []\n              },\n              {\n                \"and\": []\n              }\n            ]\n          },\n          {\n            \"and\": [\n              {\n                \"or\": [\n                  {\n                    \"and\": [\n                      {\n                        \"or\": [\n                          \"TL2\",\n                          \"BKN602\"\n                        ]\n                      },\n                      {\n                        \"and\": [\n                          \"ZNI239J\",\n                          \"OB4\",\n                          \"BVA*x88\",\n                          {\n                            \"pattern\": \"OL34xE\",\n                            \"exclude\": [\n                              \"KO2\",\n                              \"IN463N\",\n                              \"KKM360\",\n                              \"TWR3\",\n                              \"WD9D\"\n                            ],\n                            \"info\": \"\"\n                          }\n                        ]\n                      },\n                      \"BX9602B\",\n                      {\n                        \"pattern\": \"EP3\",\n                        \"exclude\": \"KOT8*\"\n                      },\n                      {\n                        \"pattern\": \"WLx\",\n                        \"exclude\": [\n                          \"SDx\",\n                          \"LL04xK\",\n                          \"FP02\",\n                          \"PX002\"\n                        ],\n                        \"info\": \"W|R~URR6A(\"\n                      }\n                    ]\n                  },\n                  \"QJ51O\",\n                  {\n                    \"or\": [\n                      {\n                        \"or\": [\n                          \"LC*\",\n                          {\n                            \"and\": [\n                              \"IK15*C\",\n                              \"OY669I\",\n                              \"OFT05I\",\n                              \"EU1\"\n                            ]\n                          },\n                          \"LGx36\"\n                        ]\n                      },\n                      \"EN97E\",\n                      {\n                        \"pattern\": \"LK5N\",\n                        \"exclude\": \"WE9736\",\n                        \"info\": \"<xnSs\"\n                      }\n                    ]\n                  },\n                  \"YKW8\",\n                  \"UES5\"\n                ]\n              },\n              {\n                \"or\": [\n                  {\n                    \"or\": [\n                      \"MJR319B\",\n                      \"CRW0\",\n                      \"TGF0\",\n                      \"RSV99xR\",\n                      \"EF45x\"\n                    ]\n                  },\n                  {\n                    \"and\": []\n                  },\n                  \"XH9J\"\n                ]\n              },\n              {\n                \"and\": [\n                  {\n                    \"pattern\": \"OD1533\",\n                    \"exclude\": \"OZQ57\",\n                    \"info\": \"P L4\"\n                  },\n                  \"VFC0\",\n                  \"SB*0Z\",\n                  \"BLF9\"\n                ]\n              },\n              {\n                \"pattern\": \"HDT24Y\",\n                \"exclude\": \"WN13\"\n              },\n              {\n                \"pattern\": \"WD24x4U\",\n                \"exclude\": \"ER5\"\n              }\n            ]\n          }\n        ],\n        \"satisfy\": [\n          \"Wk1N#G~v\"\n        ],\n        \"url\": \"https://c.jymktjd/WSj/~iZm/JQFJd9MGh*/M7fG;/,R%F4%80%BB%98;EKjD5k/*/A(Us%E2%93%845/%F1%AE%A2%B1GP+%E4%9F%AB'f:)w\",\n        \"info\": \"Ca K^@W}\",\n        \"isSelectable\": true,\n        \"\": {\n          \"name\": \"#HMG2\\\\\",\n          \"ay\": 1989,\n          \"assign\": \"\",\n          \"match\": [\n            \"VE56O\",\n            {\n              \"pattern\": \"MEB3\",\n              \"exclude\": [\n                \"VVB68T\"\n              ],\n              \"info\": \"L\"\n            }\n          ],\n          \"satisfy\": [],\n          \"url\": \"http://jyh3pwct58k64rtxc24chd3rj2igu1fmuxk-oslrtv4k81c20z76.d.urpqulwxfk1o3r.qbi9xt77ge4a-cinavr2d39ad4dtknwpr0h7x9o5fxjmdqe09a0gy6n.cn/cR&PL1wx;i/XMj/'(q_xWED//8O!V/8\",\n          \"info\": \"u9;+FoO\",\n          \"isSelectable\": true\n        },\n        \"_WxJ^Qgy.\": {\n          \"name\": \"`\",\n          \"ay\": 1963,\n          \"match\": [\n            {\n              \"or\": [\n                \"TTF8x\",\n                \"ZN38\"\n              ]\n            },\n            \"WD039Y\",\n            {\n              \"pattern\": \"VKZ35\",\n              \"exclude\": \"WKN50\",\n              \"info\": \"g;#;gd\"\n            },\n            {\n              \"pattern\": \"ODL2206\",\n              \"exclude\": \"AIT259B\",\n              \"info\": \"k*lFj{\"\n            }\n          ],\n          \"satisfy\": {\n            \"or\": [\n              {\n                \"mc\": \">=129\"\n              },\n              {\n                \"or\": [\n                  {\n                    \"mc\": \"<=136\"\n                  },\n                  \"r7^]u\",\n                  \"C6(Js\",\n                  \"hLQAx\"\n                ]\n              },\n              \"[2?VM-\"\n            ]\n          },\n          \"url\": \"https://ihasfciesnelj2v83mqxc2ybqy1vp74dpxrf1c56ktxypd5cz2xqpz.6e2e.j.mixc24uu4x85.dvom7bqwbnerjrv4v4wsdbajzru5ffhcsnm4sbdvkog8-6z124i75ow.um\",\n          \"isSelectable\": true\n        },\n        \"S>HxOyhsV\": {\n          \"ay\": 1998,\n          \"assign\": [\n            \"`(lf%\",\n            \"\",\n            \"L-R\"\n          ],\n          \"match\": {\n            \"and\": [\n              {\n                \"or\": [\n                  {\n                    \"or\": [\n                      \"ZXQ27T\",\n                      \"CF1P\",\n                      \"AY798K\",\n                      \"LUW*49\",\n                      {\n                        \"and\": []\n                      }\n                    ]\n                  },\n                  \"MZQ4Q\",\n                  {\n                    \"or\": [\n                      \"UJD1563C\"\n                    ]\n                  },\n                  \"HYxA\"\n                ]\n              },\n              {\n                \"pattern\": \"IAL14D\",\n                \"exclude\": \"ZBG51x\",\n                \"info\": \"'\"\n              },\n              {\n                \"pattern\": \"LNP00\",\n                \"exclude\": \"BIVxxE\"\n              }\n            ]\n          },\n          \"satisfy\": {\n            \"mc\": \"<=129\"\n          },\n          \"url\": \"https://r.eu1ax3bdkk1l0fxydr-qekjfq3tnsnt63d877aayh1r5.qd/m'%F0%A2%AC%8EY=k/%F2%B0%85%91G78%F2%BB%97%A0/Y/UznM%F2%9C%B9%BBrSO//P36@ys/s8/VAY9pox%F1%A9%BE%A8/h+/wL%F3%A2%83%A4m8X%F1%9D%B0%99P\",\n          \"info\": \"IkGYmF\\\\\\\"ae\",\n          \":`\": {\n            \"name\": \"n.^}i_\",\n            \"ay\": 1974,\n            \"assign\": [\n              \"Tt\"\n            ],\n            \"match\": {\n              \"and\": []\n            },\n            \"satisfy\": [\n              {\n                \"and\": [\n                  \"!@ai\",\n                  {\n                    \"and\": [\n                      {\n                        \"and\": [\n                          \"3sN^e\",\n                          {\n                            \"mc\": \">=7\"\n                          },\n                          \"(/y|PT1w\",\n                          \"kSGDn\",\n                          \"\"\n                        ]\n                      },\n                      \"F+hg\",\n                      \"4D\"\n                    ]\n                  },\n                  \"\",\n                  {\n                    \"or\": []\n                  },\n                  \"\\\"L\"\n                ]\n              },\n              {\n                \"mc\": \"<=110\"\n              }\n            ],\n            \"url\": \"https://ld5vwgq659n73ilhhs5v6trbrpk.ypsfiuyx/%F0%B3%AB%A254;4mpK3/B:M/xQOFs+m\",\n            \"info\": \"\",\n            \"isSelectable\": true\n          },\n          \"A\": {\n            \"name\": \"8q@^})\",\n            \"assign\": [\n              \"HdzQAJ\"\n            ],\n            \"satisfy\": {\n              \"and\": [\n                {\n                  \"mc\": \">=15\"\n                },\n                {\n                  \"or\": [\n                    \"Q \",\n                    {\n                      \"mc\": \">=30\"\n                    }\n                  ]\n                },\n                {\n                  \"mc\": \"<=47\"\n                }\n              ]\n            },\n            \"url\": \"https://kvp0rpyo-qtrc.39ec7boy4sb536sclu9v2r6fi2kpi61nr78c-7y.fzmet6av1v-fxtr954epwjha83jdzhrnlto.nefujmc9ydk1p21heomfahxxb0-28z0.y0kto2dkqlnzfzvfw2.ynmjh/8g9/ai_S7Iu/MI6M%F1%A5%A7%B8S%F3%8D%B6%93/NW2~z1%F4%8C%A5%B0JoZ/mT%F3%A2%A1%82dK0.E/\",\n            \"info\": \"Q*O~HxSbU\",\n            \"isSelectable\": true\n          },\n          \"`h@kKK^nb\": {\n            \"name\": \"eM7\",\n            \"ay\": 1958,\n            \"assign\": \"P}N5fF~v\",\n            \"match\": \"PZ8720\",\n            \"satisfy\": {\n              \"or\": [\n                {\n                  \"and\": [\n                    \"=(HpwRkK\",\n                    \"qe\",\n                    \"e:M3bh4_P\",\n                    {\n                      \"and\": [\n                        \"2#`ujI)B\",\n                        \"Pz;ZaAlXVE\",\n                        \"S?\",\n                        \"1~Rk4*)P\"\n                      ]\n                    },\n                    {\n                      \"or\": [\n                        {\n                          \"and\": []\n                        },\n                        \"\",\n                        {\n                          \"and\": [\n                            \"o\"\n                          ]\n                        },\n                        {\n                          \"or\": [\n                            \"y/N<]<93S0\",\n                            \"&O$$pPVJ\"\n                          ]\n                        },\n                        {\n                          \"and\": []\n                        }\n                      ]\n                    }\n                  ]\n                },\n                \"%&f4;ky*\",\n                \"$F\",\n                {\n                  \"or\": [\n                    \"^r\"\n                  ]\n                }\n              ]\n            },\n            \"info\": \"n&M7>>9|\",\n            \"isSelectable\": true\n          },\n          \"z\": {\n            \"name\": \"P\",\n            \"ay\": 1969,\n            \"assign\": \".# |B\",\n            \"match\": [],\n            \"satisfy\": [\n              \"NM`ww\",\n              {\n                \"and\": [\n                  {\n                    \"mc\": \">=38\"\n                  },\n                  {\n                    \"and\": [\n                      {\n                        \"mc\": \">=9\"\n                      },\n                      {\n                        \"mc\": \">=101\"\n                      },\n                      \"68%1\",\n                      {\n                        \"mc\": \"<=156\"\n                      },\n                      \"&%!<\"\n                    ]\n                  },\n                  {\n                    \"and\": [\n                      {\n                        \"mc\": \"<=21\"\n                      },\n                      {\n                        \"mc\": \"<=121\"\n                      },\n                      {\n                        \"and\": [\n                          {\n                            \"mc\": \"<=172\"\n                          }\n                        ]\n                      },\n                      \";<5L^Z/\"\n                    ]\n                  }\n                ]\n              },\n              {\n                \"or\": [\n                  {\n                    \"or\": []\n                  },\n                  {\n                    \"and\": [\n                      {\n                        \"or\": [\n                          \"5Mb)lE(]6C\"\n                        ]\n                      },\n                      {\n                        \"mc\": \">=146\"\n                      },\n                      {\n                        \"mc\": \"<=182\"\n                      }\n                    ]\n                  }\n                ]\n              },\n              {\n                \"mc\": \">=25\"\n              },\n              {\n                \"and\": []\n              }\n            ],\n            \"url\": \"http://tlxxjudurzfwomyu3zrpt5cjbgy0vvvbz1u3ekz0125836t4f9k8ssg9j.f.fld4p7e5gopotohpsjcv.w0v8wxqjak4h663.hgnpgtctwc/D%F0%BC%A6%ACNkv-\",\n            \"info\": \"/\",\n            \"isSelectable\": true\n          },\n          \"*<zac|\": {\n            \"name\": \"g8\",\n            \"ay\": 2003,\n            \"match\": [\n              \"ETQ0036J\"\n            ],\n            \"satisfy\": [\n              {\n                \"and\": [\n                  {\n                    \"mc\": \">=93\"\n                  },\n                  {\n                    \"or\": []\n                  },\n                  \"h`\"\n                ]\n              },\n              {\n                \"mc\": \">=159\"\n              },\n              {\n                \"mc\": \"<=103\"\n              },\n              \":xU#]w2\"\n            ],\n            \"url\": \"http://3ayb-qozhoe8.8bfr692xtsk8260srrgwn0zj8tvdtz788fiy-gzr8fytxs7-2uy0wiclc-kuq7.vetih/LELoD%F0%BC%A4%8EASj/X/_sLE/W\",\n            \"isSelectable\": true\n          }\n        },\n        \"n@T$zz?}o/\": {\n          \"name\": \"\",\n          \"ay\": 1970,\n          \"match\": \"UA641Y\",\n          \"satisfy\": [\n            {\n              \"mc\": \"<=195\"\n            }\n          ],\n          \"url\": \"https://5rp0f5gp192clqgeaswd0xw39kquyl-7wb780oxqvn.yk/FQU+$Dio/v+xYs.%F0%A2%B4%B94/2:5v//eqac*T/5Sv:9e~\",\n          \"isSelectable\": true\n        }\n      },\n      \"noKYGLqq$x\": {\n        \"name\": \"~3MX8\\\"\",\n        \"ay\": 1964,\n        \"assign\": [],\n        \"match\": {\n          \"or\": [\n            {\n              \"or\": [\n                {\n                  \"or\": [\n                    {\n                      \"and\": [\n                        \"FUA8777\"\n                      ]\n                    },\n                    {\n                      \"or\": []\n                    },\n                    \"YQ1819\",\n                    \"NQ3098G\"\n                  ]\n                },\n                \"ZFK07F\",\n                {\n                  \"pattern\": \"CUP5x2\"\n                },\n                {\n                  \"and\": [\n                    {\n                      \"pattern\": \"II6Z\",\n                      \"exclude\": [\n                        \"AMX7\",\n                        \"JOW*7Q\",\n                        \"ZEW9A\",\n                        \"EX6xA\",\n                        \"KAHx18T\"\n                      ],\n                      \"info\": \"| @}R<)s\"\n                    }\n                  ]\n                }\n              ]\n            }\n          ]\n        },\n        \"satisfy\": [],\n        \"url\": \"http://fe31ql0wt94eykgo01qly.0n5z222gqfxdyq5bspxf9p5.lux/TKVfP)GzUT//Uc'fo'tE~/Q=Ey5A/FyDa'/%F3%8A%8B%9Fmp\",\n        \"info\": \"W0\",\n        \"isSelectable\": true,\n        \"Xtsnmpj[\\\"\": {\n          \"name\": \"LJ[.amF.\",\n          \"ay\": 1974,\n          \"assign\": [\n            \"\",\n            \":56sP,czmg\",\n            \"1\",\n            \"8+\\\\pfq\",\n            \"BRcb\"\n          ],\n          \"match\": [\n            {\n              \"pattern\": \"EI*52\",\n              \"exclude\": \"BL013W\"\n            }\n          ],\n          \"satisfy\": \"1!5Lzo[\",\n          \"url\": \"http://4a74bp1qa9fnclpqyl.f.ge6exq5pig2n8qs-6738y.cs6kz5ve2om9-ff1j5oomkd8i7ajd3g.b9m9my099nczvm1l1rwojia-qvag3.qxyciioyn/P/O/_!//*/L/@jxe.R4/=jFIlz/Tda\",\n          \"isSelectable\": true\n        },\n        \"?#AHk`\": {\n          \"name\": \",UFP]\",\n          \"ay\": 2024,\n          \"match\": [\n            {\n              \"and\": [\n                {\n                  \"and\": []\n                }\n              ]\n            },\n            {\n              \"or\": [\n                {\n                  \"pattern\": \"RUJ7\"\n                }\n              ]\n            },\n            \"QT164L\"\n          ],\n          \"satisfy\": {\n            \"mc\": \">=98\"\n          },\n          \"info\": \"H+ay\",\n          \"isSelectable\": true\n        },\n        \"\": {\n          \"name\": \"(uBO\",\n          \"ay\": 2017,\n          \"assign\": [\n            \"bB}U0dPe\",\n            \"*Mbi9(t|{c\",\n            \"I6Y%i{\",\n            \"i/u\",\n            \"S2.o+P;\"\n          ],\n          \"match\": [\n            {\n              \"or\": []\n            },\n            \"GN7878S\",\n            {\n              \"and\": [\n                {\n                  \"or\": [\n                    \"JMx05\",\n                    \"GE5xH\",\n                    \"TSN16I\"\n                  ]\n                },\n                \"RDX554S\",\n                {\n                  \"pattern\": \"RP15\",\n                  \"info\": \"B$\"\n                }\n              ]\n            },\n            {\n              \"or\": [\n                \"KXx88x\"\n              ]\n            }\n          ],\n          \"satisfy\": {\n            \"and\": [\n              \"NQSJw &i\",\n              {\n                \"or\": [\n                  {\n                    \"or\": []\n                  },\n                  {\n                    \"or\": [\n                      \"C~eUe^R)a\",\n                      {\n                        \"mc\": \">=180\"\n                      },\n                      \"\",\n                      {\n                        \"and\": [\n                          \"/=E7~\\\\:``\",\n                          \"Rap#K8+(?P\",\n                          \"6 *\\\"w/\",\n                          {\n                            \"or\": [\n                              \"K9.u]2&J+\",\n                              {\n                                \"and\": [\n                                  {\n                                    \"or\": [\n                                      \".De#4\",\n                                      {\n                                        \"mc\": \">=165\"\n                                      },\n                                      \"qt]8g\",\n                                      {\n                                        \"mc\": \"<=117\"\n                                      }\n                                    ]\n                                  },\n                                  \"4Qim\\\"g\\\"\",\n                                  \"oo\"\n                                ]\n                              },\n                              \"\",\n                              \",St)2RHdTD\",\n                              \"s45qz\"\n                            ]\n                          }\n                        ]\n                      }\n                    ]\n                  },\n                  {\n                    \"or\": [\n                      \";t_gy;%\",\n                      {\n                        \"or\": []\n                      },\n                      \"wDS:&Y@N\",\n                      \"G7Y`lL\",\n                      {\n                        \"and\": []\n                      }\n                    ]\n                  },\n                  \"iH1VK/V/\",\n                  {\n                    \"and\": [\n                      {\n                        \"or\": [\n                          {\n                            \"mc\": \"<=80\"\n                          }\n                        ]\n                      },\n                      {\n                        \"or\": []\n                      },\n                      \":H3\",\n                      {\n                        \"mc\": \">=70\"\n                      }\n                    ]\n                  }\n                ]\n              },\n              {\n                \"or\": [\n                  {\n                    \"mc\": \"<=128\"\n                  },\n                  \"zqJz% d(n\"\n                ]\n              },\n              {\n                \"or\": [\n                  {\n                    \"mc\": \">=43\"\n                  },\n                  \"Og-&luWv\",\n                  {\n                    \"mc\": \"<=109\"\n                  },\n                  {\n                    \"or\": [\n                      {\n                        \"mc\": \">=4\"\n                      },\n                      \"SIn@6`}hN\",\n                      \"eau=}jV(YL\",\n                      \"uSWoV*S\"\n                    ]\n                  },\n                  {\n                    \"or\": [\n                      \"U\",\n                      {\n                        \"mc\": \">=129\"\n                      },\n                      \"@@k\"\n                    ]\n                  }\n                ]\n              }\n            ]\n          },\n          \"url\": \"http://zp-0m1lame9mle37odyyx7-zp0r5vefu89y-8bbaniy7v0elzobd6i6bjbeu11.7.ahg/3-QQfE/):Ap%F1%A2%90%8Bb\",\n          \"info\": \"e[`\",\n          \"isSelectable\": true\n        },\n        \"c~hl{q*R\": {\n          \"ay\": 1969,\n          \"assign\": \"zw\",\n          \"match\": [\n            \"ZC8W\",\n            {\n              \"pattern\": \"MY1210\",\n              \"exclude\": [],\n              \"info\": \"\\\\Q\"\n            },\n            {\n              \"pattern\": \"ZF59Z\",\n              \"exclude\": \"VTN53xQ\"\n            }\n          ],\n          \"satisfy\": [\n            \"|wK:z_?S\",\n            \"~[L{5/D\",\n            {\n              \"mc\": \">=149\"\n            }\n          ],\n          \"url\": \"http://7jg5dauq44df3z4cegczbq2qei2-5xgkqxzxeay.b15-ln9zewfjfc0lieidthtmmr7zfdm6bc2k1jnapnf3gh0ic7e9-fsj3s11ugy.7f2b7032urxr0yd3xneywb66l7emm39dlef-wa-jt1-i0zxljtn-gfx0.njoiy/Jaqr7ts/C%F1%9F%B5%92QQhZ'%F3%B8%93%B6E/Vbu/IgTF6Ae/K1PI$cDEB/%F3%B9%9D%B8mH5%F1%86%B1%86UK%F1%81%B7%ACN//G%F3%B3%8B%B1Fv\",\n          \"info\": \"~\"\n        },\n        \"%NO$}`P_w1\": {\n          \"name\": \"T~R|!,,\",\n          \"ay\": 2012,\n          \"match\": [\n            {\n              \"pattern\": \"SEAx01\",\n              \"exclude\": [\n                \"EM0F\"\n              ],\n              \"info\": \"\"\n            },\n            {\n              \"and\": [\n                {\n                  \"or\": [\n                    \"CV2Y\",\n                    \"JB9519O\",\n                    {\n                      \"or\": [\n                        {\n                          \"or\": [\n                            \"YO4x\"\n                          ]\n                        },\n                        \"PGR999*\",\n                        \"KO*68S\",\n                        {\n                          \"or\": [\n                            \"BJI1x1Y\",\n                            \"ASV119D\"\n                          ]\n                        },\n                        \"UKU5182H\"\n                      ]\n                    },\n                    \"TK613xE\"\n                  ]\n                },\n                {\n                  \"or\": [\n                    \"WJx43\",\n                    {\n                      \"and\": []\n                    },\n                    {\n                      \"and\": [\n                        \"BD1xxI\"\n                      ]\n                    },\n                    {\n                      \"or\": [\n                        \"EXx3*C\"\n                      ]\n                    },\n                    \"KU*N\"\n                  ]\n                },\n                {\n                  \"or\": [\n                    \"LLTx79\",\n                    \"ZZ624xS\",\n                    {\n                      \"pattern\": \"CWD9*\",\n                      \"exclude\": \"AZE24Z\",\n                      \"info\": \"<#laU\"\n                    }\n                  ]\n                },\n                \"RBVxO\"\n              ]\n            },\n            {\n              \"and\": [\n                {\n                  \"and\": [\n                    \"YBF9\",\n                    \"KA1M\",\n                    {\n                      \"or\": [\n                        {\n                          \"and\": [\n                            \"TSQ254A\",\n                            \"QX86D\"\n                          ]\n                        }\n                      ]\n                    }\n                  ]\n                },\n                {\n                  \"pattern\": \"WBG22\",\n                  \"exclude\": \"TZ63x\",\n                  \"info\": \"Q{\\\\mJa5?\"\n                }\n              ]\n            }\n          ],\n          \"satisfy\": [\n            {\n              \"mc\": \"<=158\"\n            },\n            {\n              \"or\": []\n            },\n            {\n              \"and\": []\n            },\n            \"2(r\"\n          ],\n          \"url\": \"http://dw0ajy.zyhtzip4rw01499r5ofef7kmd53lpah0tqoqm4-lxb9chd42a8e-52x.yox.mf99rqhq3zfyqsalm6su4.jtzlgyr76weoedxfn0tkf922ofx2wgqdunttv1q93n5kn7ho.igvmnya/hZKazmx/Gl2K/M,c/iq2iCyOu@/.O'RT'5m8-/P6qZ7a/SA/Or:/:qFe&a/\"\n        }\n      },\n      \"j~fm25\": {\n        \"match\": [],\n        \"satisfy\": {\n          \"or\": []\n        },\n        \"url\": \"http://1et3szfz-z9lvp4b73au-98h3pc5tt6m3l047563te2pk-uogf2cxdqy1qtgo.rjsvy64m89-cdna6ro.abf5.uyk-8zc1.cmhjac/!x3HfPf;@)\",\n        \"info\": \"rk\",\n        \"isSelectable\": true\n      },\n      \"uH4\": {\n        \"name\": \"gS\",\n        \"ay\": 1999,\n        \"assign\": \"\",\n        \"match\": {\n          \"pattern\": \"WM4*8\",\n          \"exclude\": []\n        },\n        \"satisfy\": {\n          \"mc\": \"<=1\"\n        },\n        \"url\": \"https://5zkchs6w.v.52zt0p67rtyl7qiejv7484uu1e9z9biijgu2kpdn3xq66f65.xlkgnqlyq\"\n      }\n    }\n  },\n  {\n    \"title\": \"block sample 5\",\n    \"value\": {\n      \"name\": \"y;:\",\n      \"ay\": 1951,\n      \"assign\": \"0vKy+3C\",\n      \"match\": [\n        {\n          \"pattern\": \"OAN38F\",\n          \"exclude\": \"DT85D\",\n          \"info\": \"vLj\"\n        },\n        {\n          \"and\": [\n            \"TKO689\",\n            {\n              \"and\": []\n            },\n            {\n              \"pattern\": \"ZY*88Q\",\n              \"exclude\": \"XTS78H\",\n              \"info\": \"jk**%\"\n            },\n            {\n              \"or\": []\n            },\n            \"JB683E\"\n          ]\n        },\n        {\n          \"or\": [\n            {\n              \"or\": [\n                {\n                  \"and\": [\n                    \"AV987G\",\n                    {\n                      \"pattern\": \"SA127\",\n                      \"exclude\": \"ZE7\",\n                      \"info\": \"9LB{%>B-6\"\n                    },\n                    \"GCOx208\"\n                  ]\n                }\n              ]\n            },\n            {\n              \"or\": [\n                \"LIS37J\"\n              ]\n            },\n            {\n              \"pattern\": \"ZZR80*F\",\n              \"exclude\": \"GDH2*1V\",\n              \"info\": \"v\"\n            },\n            \"WJ*F\",\n            {\n              \"pattern\": \"FPF01\",\n              \"exclude\": [\n                \"LZ752\"\n              ],\n              \"info\": \"uPXAO:\\\"n=\"\n            }\n          ]\n        },\n        \"WA392F\"\n      ],\n      \"satisfy\": [],\n      \"url\": \"http://fowribfg7yxt4k07qi6tj1p1de.bzdf67cczff8r5fl-spk7d914afefpcvkdkbdaa7t33fde0x6n6.wlyvbg/eE1Z/%F3%AD%91%BF%F2%8A%90%98F1%F3%95%8D%ACW,(G\",\n      \"isSelectable\": true\n    }\n  },\n  {\n    \"title\": \"block sample 6\",\n    \"value\": {\n      \"name\": \"{!Kb\",\n      \"ay\": 2003,\n      \"match\": {\n        \"or\": [\n          {\n            \"and\": [\n              \"FPN2*A\",\n              \"AP44x3\",\n              {\n                \"or\": [\n                  {\n                    \"or\": [\n                      \"FVPx\",\n                      \"KNI1N\"\n                    ]\n                  },\n                  {\n                    \"and\": [\n                      \"GK0\",\n                      {\n                        \"and\": [\n                          \"IX138\",\n                          \"FL1*64\",\n                          \"CFP5456L\",\n                          \"TXx05H\",\n                          \"DFWx66G\"\n                        ]\n                      }\n                    ]\n                  },\n                  \"PSH346\"\n                ]\n              }\n            ]\n          },\n          \"VK3144I\",\n          {\n            \"and\": [\n              \"TCZ2x\",\n              {\n                \"and\": [\n                  \"GQ2894D\",\n                  {\n                    \"pattern\": \"MB12\",\n                    \"info\": \"##q\"\n                  },\n                  \"EBK9*87\"\n                ]\n              },\n              {\n                \"and\": []\n              }\n            ]\n          }\n        ]\n      },\n      \"satisfy\": [\n        {\n          \"mc\": \"<=34\"\n        },\n        {\n          \"mc\": \">=78\"\n        },\n        {\n          \"and\": [\n            {\n              \"mc\": \"<=120\"\n            },\n            {\n              \"or\": []\n            },\n            {\n              \"or\": [\n                {\n                  \"or\": [\n                    \"}(eq,\",\n                    {\n                      \"and\": [\n                        \"~)mR-qCNQ\",\n                        {\n                          \"mc\": \">=174\"\n                        }\n                      ]\n                    },\n                    {\n                      \"or\": [\n                        \"$/:&\",\n                        \"z\",\n                        \"ewH\",\n                        \"}i]w\",\n                        \"x|\"\n                      ]\n                    }\n                  ]\n                },\n                {\n                  \"or\": [\n                    \"f\\\\6\",\n                    {\n                      \"or\": [\n                        \"|mFm37'<\",\n                        \"4At?B;+A5\",\n                        {\n                          \"and\": [\n                            \"VCNuMC|L6R\"\n                          ]\n                        },\n                        \"Xp`Q\",\n                        \"SJ9'V$`E\"\n                      ]\n                    },\n                    \"GJ\\\\kyOUs:{\",\n                    \"\",\n                    \"zk|pg[=\"\n                  ]\n                },\n                {\n                  \"or\": [\n                    \"/FX^G\",\n                    \"'\",\n                    \"<8U3q~mt_\",\n                    \"Y7r\"\n                  ]\n                }\n              ]\n            },\n            {\n              \"and\": [\n                {\n                  \"or\": [\n                    {\n                      \"and\": [\n                        \"y\",\n                        \"J@LL\"\n                      ]\n                    }\n                  ]\n                },\n                \"rc`S}\"\n              ]\n            }\n          ]\n        }\n      ],\n      \"url\": \"https://l.8ucjejfw-m1z8r2zwsdrrnmwmanpjm3wfutiiwxw6mhj.bsaa\",\n      \"info\": \"TPy8e@}\",\n      \"isSelectable\": true,\n      \"\": {\n        \"name\": \"D*eu*&vz_\",\n        \"assign\": [\n          \"$m[\"\n        ],\n        \"match\": {\n          \"and\": [\n            \"IB810U\",\n            {\n              \"and\": [\n                {\n                  \"pattern\": \"UL2\",\n                  \"exclude\": [\n                    \"JX42*Z\",\n                    \"ABB073U\",\n                    \"JXA59x6\",\n                    \"DYU77*\",\n                    \"JSN10\"\n                  ],\n                  \"info\": \"G5]K#N\\\"\"\n                }\n              ]\n            },\n            {\n              \"or\": []\n            },\n            \"MKV4*5\"\n          ]\n        },\n        \"satisfy\": [\n          \"X8\"\n        ],\n        \"url\": \"http://bqs89pgvg6o3fqxx557ify63e02khv-87po2zpz-ff.omij8flgwrmmwmp-jc84bd3uttk3ujt8qv8wuql088ym1x0lts7.f.trir/K!g/n3YqL0%E6%8C%AA9/qBb8k2'%F2%AC%84%9D/%F2%A1%80%BE2\",\n        \"info\": \"|bt\"\n      },\n      \"H\": {\n        \"name\": \"7(eCMx4GA*\",\n        \"match\": [\n          {\n            \"and\": [\n              {\n                \"and\": []\n              },\n              {\n                \"or\": [\n                  {\n                    \"and\": [\n                      \"XT9\",\n                      {\n                        \"and\": [\n                          \"UI6385U\"\n                        ]\n                      },\n                      \"FQG28\",\n                      {\n                        \"and\": [\n                          \"GE4S\",\n                          \"CL1\",\n                          \"HL416J\",\n                          \"ZB*U\",\n                          \"DU*\"\n                        ]\n                      },\n                      {\n                        \"pattern\": \"MLGx9xX\",\n                        \"exclude\": \"MA1*0D\",\n                        \"info\": \"\"\n                      }\n                    ]\n                  },\n                  \"VH1130L\"\n                ]\n              },\n              \"BXO5\"\n            ]\n          },\n          {\n            \"pattern\": \"NLP0N\",\n            \"exclude\": \"BTT874E\",\n            \"info\": \"yUk8}q,\"\n          },\n          {\n            \"pattern\": \"QU644\",\n            \"info\": \"m\"\n          },\n          {\n            \"pattern\": \"MOI889\",\n            \"exclude\": [\n              \"KO937xP\"\n            ]\n          },\n          \"MT*44\"\n        ],\n        \"satisfy\": \"p~\",\n        \"url\": \"https://wojr-vxb4ax6bqggmdlvpyy4jg-v9bu6nobsq.xl3pg-kz7s-zq9jrhqisnsjmw8-ky-dwlz0pp.ysji4mkkygwq7n4ogygx5e1drginz18ko.mgz/KF\",\n        \"info\": \"pU`~?\",\n        \"isSelectable\": true\n      },\n      \"l+[\": {\n        \"name\": \"x<T`y\",\n        \"ay\": 2029,\n        \"match\": {\n          \"pattern\": \"HPU4F\",\n          \"exclude\": [\n            \"OHR597G\"\n          ],\n          \"info\": \"aMFF#\"\n        },\n        \"satisfy\": {\n          \"or\": [\n            \"v\",\n            {\n              \"mc\": \"<=83\"\n            },\n            {\n              \"mc\": \"<=159\"\n            }\n          ]\n        },\n        \"url\": \"http://ngq4iqx5-sn8mzln3axliy2iicwm3q7hbuo.jt5fmls59kr18epzgj1oqvbe6-slt9h6e4rm-0zm63k4pyv7.gsdr9qieqy2z854wei3gih6qh2tf2o0u2k-yo91-ajeu6qolgg8y5o0qr8zz.jy564trtjtkqri5m10jc8c5bdfkedn1a2ee3c3zfqh9t4m831r5tytb4ml7i.7ess5nyr52be0uxoxojd6zr7cpd.rivpypq/4Xeh*L/)7@T+U%F2%8A%A9%82=w\",\n        \"info\": \"6Hitin@B!\",\n        \"isSelectable\": true,\n        \"7UI0%eZHZs\": {\n          \"name\": \"*YiiE|\",\n          \"ay\": 2022,\n          \"match\": {\n            \"or\": [\n              {\n                \"pattern\": \"GR364\",\n                \"info\": \"b\"\n              },\n              {\n                \"or\": [\n                  {\n                    \"pattern\": \"UEx\",\n                    \"exclude\": []\n                  }\n                ]\n              },\n              {\n                \"and\": []\n              }\n            ]\n          },\n          \"satisfy\": {\n            \"and\": [\n              \")\",\n              \"h\"\n            ]\n          },\n          \"info\": \",J$U?\",\n          \"isSelectable\": true\n        }\n      }\n    }\n  },\n  {\n    \"title\": \"block sample 7\",\n    \"value\": {\n      \"name\": \"0%?E&x!yd\",\n      \"ay\": 1955,\n      \"match\": {\n        \"pattern\": \"AJ575\",\n        \"exclude\": \"QWx47N\"\n      },\n      \"satisfy\": {\n        \"or\": []\n      },\n      \"url\": \"https://w8if608dguq4shm2fgzby8dlac5vrtdc35r97abdddzgdq6dw0csvi-0eae8tqr.r2jppdtnnctho0qmagyjisgm5e6b26sw6rujt1mr6s3u8bk1egyqhxz7.xea/7f*ffddaL\",\n      \"info\": \"p+Z{'N*{\",\n      \"isSelectable\": true\n    }\n  },\n  {\n    \"title\": \"block sample 8\",\n    \"value\": {\n      \"name\": \"|$V\",\n      \"ay\": 2016,\n      \"assign\": [\n        \"yG#&aI.Fhv\",\n        \"\",\n        \"n~\"\n      ],\n      \"match\": {\n        \"pattern\": \"UU5H\",\n        \"info\": \"5yb$$@\\\"x;\"\n      },\n      \"satisfy\": \"cmJ'_\",\n      \"info\": \"#wtx.\",\n      \"isSelectable\": true,\n      \"\": {\n        \"name\": \"D=RC\",\n        \"assign\": [\n          \"\",\n          \"GC+Cq:\",\n          \"}]yi*q&5@&\",\n          \"c\\\\OX\",\n          \"?h`\"\n        ],\n        \"match\": \"ZEE104\",\n        \"satisfy\": {\n          \"or\": [\n            {\n              \"and\": [\n                \"a\",\n                \"xUvoL?=d\",\n                \"\",\n                {\n                  \"mc\": \">=58\"\n                },\n                \"wv\"\n              ]\n            }\n          ]\n        },\n        \"url\": \"http://t8zeoegxog79nf4.qmv2wl3kf1pmxbf3s2klf8atgzmbq-htytaink4bxi8r2xkhn.rd40rodutsapa0fvwf4qvn7vcw9jq1rnyhvwfna0kiqb0u.h0fll003ogview7aw6.ahwiv/KHXpn/:0~sCJ%F0%92%9B%BC!Y/BQ&xJ&(&/l$6uTWT/)Mi;e*wm/4M%F3%94%AC%98dN_(O/uvtA/wH/P_bQqMg:~/D%F0%BA%9C%87gh*M%F1%94%BA%BE\",\n        \"isSelectable\": true\n      },\n      \"N%C&gr&\": {\n        \"name\": \"}U\",\n        \"ay\": 2025,\n        \"assign\": \"\",\n        \"match\": \"DU0\",\n        \"satisfy\": {\n          \"mc\": \"<=170\"\n        },\n        \"url\": \"http://v.r55pq5wvm17ahkaqe7lrwpe-ofmt4ym33qavkrj2l78.41miv6rmdxcu39akrgbm-1fg5y.90gsrjf9qbbii2onq-zg4fedsg4ytn1jtxr68.rmidozv/%F2%99%86%862%F3%AF%AB%A4v/QGOW3%F3%A6%8B%AD*.%F2%95%BD%BC\",\n        \"info\": \"\",\n        \"isSelectable\": true,\n        \"$v6!IXAWq\": {\n          \"name\": \"OV{D#}uQ[\",\n          \"assign\": [\n            \"v&ja5\",\n            \"lf\",\n            \"bbp?;\",\n            \"(kKN.\",\n            \"\"\n          ],\n          \"match\": {\n            \"and\": [\n              {\n                \"and\": [\n                  \"BA7\",\n                  \"PCG72x9E\"\n                ]\n              },\n              \"ZP269\",\n              \"ANJ2x43\",\n              {\n                \"or\": [\n                  \"QYK5270\"\n                ]\n              },\n              \"BFH7988V\"\n            ]\n          },\n          \"satisfy\": \"e\",\n          \"url\": \"https://lpk1b6f.9p7w0nwu-4.8rng651er1vdojksymt7gwk7i8y3g8bf676dhwtl8nd7u0xlxmrd6lf.xeesj9f.satzb/XXG/t%F3%86%98%AAQLl/_%F2%91%AE%92/PD/BPqS/G:xu%F0%B9%98%92/cj7,/%F0%93%97%96M!@m:Cu\",\n          \"info\": \"jq/au7P$\",\n          \"isSelectable\": true,\n          \"\": {\n            \"name\": \"TUb7~NV!5I\",\n            \"ay\": 1974,\n            \"assign\": [\n              \"'q[54.nKC\",\n              \"v#\\\"7\"\n            ],\n            \"match\": [],\n            \"satisfy\": {\n              \"mc\": \">=93\"\n            },\n            \"url\": \"http://42hm1q3s65ckpm0y3nx8cyzspow47ipyppfp4zkqis0tfgsvyb.jpxeroguh1kh5oaids1hnl276wo3wzypogpgy-f2is7.1.gbhzmkdv0ckaf1pkhrk2jve.oreijliwz/W*.D-o,l(J/fx.&Zs/(8VNl%F1%BA%91%81B$!\",\n            \"info\": \"=?\",\n            \"isSelectable\": true\n          },\n          \"wo>8$)y{\": {\n            \"name\": \"if\",\n            \"ay\": 1955,\n            \"assign\": [\n              \"G\",\n              \"pIFRn\\\\7$#^\",\n              \"fA\",\n              \"H3\"\n            ],\n            \"match\": [\n              {\n                \"or\": [\n                  \"MXW4*\",\n                  {\n                    \"and\": []\n                  }\n                ]\n              }\n            ],\n            \"satisfy\": {\n              \"or\": []\n            },\n            \"info\": \"DH*THxXy\",\n            \"isSelectable\": true\n          },\n          \"nU\\\"HjOx^\": {\n            \"name\": \"v\",\n            \"assign\": \"%@Gn\",\n            \"match\": [\n              {\n                \"pattern\": \"NNE0\",\n                \"info\": \"p\"\n              },\n              {\n                \"or\": [\n                  {\n                    \"or\": [\n                      \"TID43*\",\n                      \"ANT3*4\",\n                      {\n                        \"pattern\": \"NEFx91Y\",\n                        \"exclude\": \"FB6327\",\n                        \"info\": \"@-\"\n                      }\n                    ]\n                  },\n                  {\n                    \"or\": [\n                      {\n                        \"and\": []\n                      },\n                      {\n                        \"pattern\": \"XRx\",\n                        \"exclude\": \"UIxx07U\",\n                        \"info\": \"Nb(,m LO\"\n                      }\n                    ]\n                  },\n                  {\n                    \"pattern\": \"DKx558N\",\n                    \"exclude\": [\n                      \"PXV8042S\",\n                      \"EE*5\",\n                      \"QNV335\"\n                    ],\n                    \"info\": \"Z:7rC\"\n                  }\n                ]\n              },\n              {\n                \"or\": []\n              }\n            ],\n            \"satisfy\": [],\n            \"url\": \"https://0r4mfolr56obf8a-fchkq8dzxq2l-pvsf04z3u12e6163qk.xg53w75hcrt1qtvma1.w2tqgzw-f-9h2aa38lp7n0q1fvulxl2l-v099lwkmid8xe-m5qv6sj.yh/'$/rUQpQa%ED%8A%A9y/mk7P)/p$%F3%94%8B%BFPK&kp7//%F0%9F%A5%862RH_:%F1%83%BD%95/zA.;h(sC/-\",\n            \"info\": \"\\\\dH.Xm\",\n            \"isSelectable\": true\n          },\n          \"}9h##l&T\": {\n            \"name\": \"EHP]i1.>6\",\n            \"ay\": 1978,\n            \"assign\": \"U\",\n            \"match\": [\n              {\n                \"and\": [\n                  \"XW93\"\n                ]\n              },\n              \"JE3**x\"\n            ],\n            \"satisfy\": {\n              \"mc\": \">=75\"\n            },\n            \"url\": \"https://9.5.dlmu18.m.kvtoq2o2p05-xz0i1chch1rhul-y.eyohgwlxa\",\n            \"info\": \"24'+ \",\n            \"isSelectable\": true\n          }\n        },\n        \"X7t\": {\n          \"ay\": 2005,\n          \"assign\": \"7P\",\n          \"url\": \"https://0ozm5xdf77nxzqpxmgi93g.uqxvfgjdex//xsBL,e:mPz//X/3L@$!/n7lX/7;6YG!/w+9/rJDr%F0%BE%8C%A3;\",\n          \"info\": \";gv\"\n        },\n        \"l*tc!*D|n\": {\n          \"name\": \"}Ka%\",\n          \"ay\": 1996,\n          \"assign\": [\n            \"QE.S\",\n            \"\",\n            \"9FhJ|\",\n            \"z:bsJF0(\"\n          ],\n          \"match\": [\n            {\n              \"and\": [\n                {\n                  \"or\": []\n                },\n                \"FTV07W\",\n                {\n                  \"or\": [\n                    \"ZL8X\",\n                    \"OHF19X\"\n                  ]\n                },\n                \"LN063*\",\n                \"SWGx1*8X\"\n              ]\n            }\n          ],\n          \"satisfy\": [\n            {\n              \"or\": [\n                \"r!gl5{h\",\n                {\n                  \"and\": [\n                    \"{\\\"l&O?\",\n                    \"w'\",\n                    \"6zD^sznio\",\n                    \"Dn W$B7A0\"\n                  ]\n                },\n                {\n                  \"or\": []\n                }\n              ]\n            },\n            {\n              \"and\": [\n                {\n                  \"and\": []\n                },\n                {\n                  \"or\": [\n                    \"&-0=*=[[\",\n                    {\n                      \"and\": []\n                    },\n                    \"RHC\\\"OMXCxD\",\n                    {\n                      \"or\": [\n                        \"wxKl:>\",\n                        {\n                          \"mc\": \"<=76\"\n                        },\n                        \"L%wHm\",\n                        \"rF\",\n                        {\n                          \"mc\": \">=162\"\n                        }\n                      ]\n                    }\n                  ]\n                },\n                {\n                  \"or\": []\n                }\n              ]\n            },\n            {\n              \"and\": [\n                {\n                  \"and\": [\n                    \"NiYJNo\",\n                    \"mTDM?y|!Tp\"\n                  ]\n                },\n                \"Q\",\n                {\n                  \"mc\": \">=30\"\n                },\n                \"\",\n                {\n                  \"mc\": \"<=4\"\n                }\n              ]\n            },\n            {\n              \"and\": [\n                {\n                  \"or\": [\n                    \"YkMc\",\n                    {\n                      \"mc\": \">=45\"\n                    },\n                    \"kUf)d&kd\",\n                    {\n                      \"and\": [\n                        {\n                          \"and\": [\n                            {\n                              \"and\": [\n                                \"|'!C89[vrX\",\n                                \"\",\n                                \"-+mi D\",\n                                \"oDOuIm.;*e\",\n                                \"s{\"\n                              ]\n                            },\n                            {\n                              \"or\": [\n                                {\n                                  \"mc\": \"<=186\"\n                                },\n                                \"'IX+ ik!q_\",\n                                {\n                                  \"mc\": \"<=107\"\n                                },\n                                {\n                                  \"or\": [\n                                    \"V>xJ7YqN\",\n                                    \"Oy%++H!Q\"\n                                  ]\n                                }\n                              ]\n                            },\n                            \"G]7,R5WFj\"\n                          ]\n                        },\n                        {\n                          \"mc\": \">=105\"\n                        },\n                        \"}%b%km#\"\n                      ]\n                    }\n                  ]\n                }\n              ]\n            }\n          ],\n          \"url\": \"https://s9dyz8pfwqccoch4d1ky.7ef7xnhrkjve.52ngcquydbj40c0jcp2k-22kpi5j6j1smrmnuucdagwzw0.l6r39hlung34g3it1mpypqoq6gfg7fumrc4kn7sk90uknzur3nej0llf61u.d.aizhdy/I*%F1%94%93%9CuPBQ/YQP/h'k%F3%B9%B7%85/CH1J%F1%8C%9D%AE/X/Nm/%F1%8A%B1%81lu)/vUC9!vn\",\n          \"info\": \"A?HT\",\n          \"isSelectable\": true,\n          \"d{=S7\": {\n            \"name\": \"k3\\\"E`:1sWr\",\n            \"ay\": 2030,\n            \"assign\": \"C!SKxv\\\\V,\",\n            \"match\": [\n              {\n                \"and\": [\n                  {\n                    \"or\": []\n                  },\n                  {\n                    \"pattern\": \"KIH9415C\",\n                    \"exclude\": \"OSC4S\",\n                    \"info\": \"km:ATm}\"\n                  },\n                  {\n                    \"and\": [\n                      \"AAW9462S\",\n                      \"XT022Y\",\n                      \"KN9409N\"\n                    ]\n                  }\n                ]\n              },\n              \"DFE5\",\n              {\n                \"and\": [\n                  {\n                    \"or\": [\n                      {\n                        \"or\": [\n                          {\n                            \"or\": [\n                              {\n                                \"or\": [\n                                  \"RSO3\"\n                                ]\n                              },\n                              \"FGK7\",\n                              \"RA446O\"\n                            ]\n                          }\n                        ]\n                      },\n                      {\n                        \"and\": [\n                          \"BU9104\",\n                          \"UPD4\"\n                        ]\n                      },\n                      \"LBA3633J\",\n                      {\n                        \"or\": [\n                          {\n                            \"or\": [\n                              {\n                                \"or\": []\n                              },\n                              \"XIx3x\",\n                              \"GQ1x4\"\n                            ]\n                          },\n                          \"QK0*55\",\n                          \"SGN74xH\",\n                          \"HRV1\"\n                        ]\n                      },\n                      \"IM7594Z\"\n                    ]\n                  },\n                  {\n                    \"and\": []\n                  },\n                  \"KI558\",\n                  {\n                    \"and\": [\n                      {\n                        \"pattern\": \"IYU65\",\n                        \"exclude\": \"XY7\"\n                      },\n                      \"GAH71T\",\n                      \"OGC9O\"\n                    ]\n                  },\n                  {\n                    \"pattern\": \"GTxY\",\n                    \"exclude\": [\n                      \"TRY*2A\"\n                    ],\n                    \"info\": \"PrPh\"\n                  }\n                ]\n              },\n              {\n                \"pattern\": \"HX3\",\n                \"exclude\": [\n                  \"XM06O\",\n                  \"BWG3X\"\n                ],\n                \"info\": \"5F&D_U.1$=\"\n              },\n              {\n                \"or\": [\n                  \"SYK75W\"\n                ]\n              }\n            ],\n            \"satisfy\": [\n              {\n                \"and\": [\n                  {\n                    \"or\": [\n                      \"J#-L325y\",\n                      {\n                        \"or\": [\n                          \"DJ!S>fW1RK\",\n                          \"e}|'\",\n                          \"xE2Q\"\n                        ]\n                      },\n                      \"l\"\n                    ]\n                  },\n                  \"/IEezKX\",\n                  \"j\"\n                ]\n              },\n              {\n                \"mc\": \">=93\"\n              },\n              {\n                \"or\": [\n                  {\n                    \"mc\": \"<=117\"\n                  },\n                  {\n                    \"mc\": \">=106\"\n                  },\n                  {\n                    \"mc\": \"<=165\"\n                  },\n                  {\n                    \"mc\": \"<=137\"\n                  },\n                  \"\"\n                ]\n              },\n              {\n                \"mc\": \">=163\"\n              },\n              \"VrLN\\\"ZuSm~\"\n            ],\n            \"url\": \"https://vmkv34nne00fc7gurtctcoq73b-uguftkffl4rrssqjxh2v1e-k2g.m64a08nq7mufb8kp04hfxchx66s6qm412mfvbqcbjwrmpzzs01x6s.ro/ld+3-rKa/T%F0%A5%A1%A2OwW/j+v%F1%9D%B9%B41b6/Xu/74&u5%F4%8F%B7%87%F1%AC%B6%91V1/O1\",\n            \"isSelectable\": true\n          },\n          \"^Sv\": {\n            \"name\": \"b?{*jI>QR\",\n            \"ay\": 1969,\n            \"assign\": \"b\",\n            \"satisfy\": [\n              {\n                \"and\": [\n                  {\n                    \"and\": [\n                      \"d?Q\",\n                      {\n                        \"or\": [\n                          {\n                            \"mc\": \">=195\"\n                          },\n                          \"4?Y84XOw.\",\n                          \"0`v\"\n                        ]\n                      },\n                      \"cAHVR\\\\\",\n                      {\n                        \"mc\": \">=51\"\n                      },\n                      \"Sfny\"\n                    ]\n                  },\n                  \"?\",\n                  {\n                    \"or\": [\n                      {\n                        \"and\": [\n                          {\n                            \"mc\": \"<=107\"\n                          },\n                          \"nn?\\\"+~'?\"\n                        ]\n                      },\n                      {\n                        \"and\": [\n                          \"j(IUTe[#\",\n                          \"F%K7e=tz$&\",\n                          {\n                            \"and\": [\n                              \"#v2druE\",\n                              \"\",\n                              {\n                                \"or\": [\n                                  \"u)`&nBH\\\\6\",\n                                  {\n                                    \"mc\": \">=119\"\n                                  }\n                                ]\n                              },\n                              {\n                                \"or\": [\n                                  \"!gJ&N\",\n                                  \"dG\"\n                                ]\n                              }\n                            ]\n                          }\n                        ]\n                      },\n                      \"x\",\n                      {\n                        \"or\": [\n                          \"TS,\",\n                          \"48a^N(\",\n                          {\n                            \"mc\": \">=190\"\n                          },\n                          \"u1*#:J$>\",\n                          \":.;fH5WC\"\n                        ]\n                      }\n                    ]\n                  },\n                  {\n                    \"mc\": \">=86\"\n                  },\n                  {\n                    \"mc\": \">=145\"\n                  }\n                ]\n              },\n              {\n                \"and\": [\n                  {\n                    \"mc\": \"<=120\"\n                  }\n                ]\n              },\n              {\n                \"mc\": \">=53\"\n              },\n              {\n                \"and\": [\n                  {\n                    \"or\": [\n                      {\n                        \"or\": [\n                          \"\",\n                          {\n                            \"mc\": \"<=55\"\n                          },\n                          \" [X`h\",\n                          {\n                            \"and\": [\n                              {\n                                \"or\": [\n                                  \">D5~Vo8A|\",\n                                  \"bK8~[Ruu@:\",\n                                  {\n                                    \"mc\": \">=129\"\n                                  },\n                                  \",0U[.J\\\\1\",\n                                  \")b\"\n                                ]\n                              },\n                              \"Krz\",\n                              \"Q bA.OWO\"\n                            ]\n                          },\n                          {\n                            \"and\": [\n                              {\n                                \"mc\": \"<=178\"\n                              }\n                            ]\n                          }\n                        ]\n                      }\n                    ]\n                  },\n                  \"\\\"aT,!Q$7s\",\n                  {\n                    \"mc\": \"<=36\"\n                  },\n                  \"`2&\",\n                  {\n                    \"or\": [\n                      {\n                        \"and\": [\n                          {\n                            \"or\": [\n                              \"hq-S\",\n                              \"$\",\n                              \"z0BtFj<\",\n                              \"2sVU&EhP\"\n                            ]\n                          },\n                          \"\",\n                          {\n                            \"and\": [\n                              \"y Qsw<\",\n                              \"zs\"\n                            ]\n                          }\n                        ]\n                      },\n                      \"\",\n                      {\n                        \"mc\": \">=56\"\n                      },\n                      \"\",\n                      {\n                        \"mc\": \"<=79\"\n                      }\n                    ]\n                  }\n                ]\n              }\n            ],\n            \"url\": \"https://ri7u5l-ua573cfbc.t.nzgnw9ze4v3nhxk2399o8xufkger9-0u90cpb19t-pk-r0yzy-8-yzwshw.f8ctcn1jtpa1.lfn/lxMh+EkO/TK2FTg/ax/(agDX/WO~QIte/XcX%F2%BE%BB%BDqh3p/C;/S=:@q%F2%95%99%8D:\",\n            \"info\": \"e\",\n            \"isSelectable\": true\n          }\n        }\n      },\n      \"st)J]C\": {\n        \"name\": \"B\",\n        \"ay\": 1990,\n        \"assign\": \"oJxg2Z6U$\",\n        \"match\": {\n          \"or\": []\n        },\n        \"satisfy\": \"$#(so|&p]\",\n        \"url\": \"http://w.r7td7gvp4pb.btx96447hvnyal6k4zwf9noo8vl3dgx26latil6.yvxfcgmkxojsfh3al.64zbf2sofjlcz4mu5.quyj/G$/f/XUVh~)DnK/b%F3%A2%AE%B2UQ!TT*/3t6g/%F0%AA%B7%94~.BmY,%F2%95%B1%B9X\",\n        \"info\": \"Jl(w#\",\n        \"isSelectable\": true,\n        \"S\": {\n          \"name\": \"B}@}*\",\n          \"ay\": 2012,\n          \"assign\": \"QklL!:!!=~\",\n          \"match\": [],\n          \"satisfy\": \"l0\",\n          \"url\": \"http://1j6or3ivzaoyxc5tf6o2d813r5nh-6sbzponhjeis.brm663tn1pc-fo--puz37u0jbzm.lcjwd/Zr7p'$/@/Gh/EM\",\n          \"isSelectable\": true\n        },\n        \"pW{qVP\": {\n          \"name\": \"B \",\n          \"match\": {\n            \"and\": [\n              \"YAL1F\",\n              {\n                \"or\": [\n                  {\n                    \"or\": [\n                      {\n                        \"and\": [\n                          \"DBR1689T\",\n                          {\n                            \"and\": []\n                          },\n                          \"AXL2xT\"\n                        ]\n                      },\n                      {\n                        \"or\": [\n                          {\n                            \"and\": []\n                          },\n                          \"MKD758x\",\n                          \"PS568\",\n                          \"KFxxJ\"\n                        ]\n                      },\n                      {\n                        \"pattern\": \"ZU8547\",\n                        \"exclude\": [\n                          \"GF2D\",\n                          \"RJ553D\"\n                        ],\n                        \"info\": \"S\\\\\"\n                      },\n                      \"LZZ4I\",\n                      \"EQV7H\"\n                    ]\n                  }\n                ]\n              }\n            ]\n          },\n          \"satisfy\": {\n            \"mc\": \">=190\"\n          },\n          \"url\": \"https://9.mdrtx08h3mb7ez25wwsg1lqnog7kz85lcf175utkus.mnp71sh20a0a89c4dlp69j7i7d9ehtu2fhby8m6ib.jsknkruvrs/Xw0/G%F2%9C%BA%B20s9%F3%AE%A6%8A(./:dwcOqJp%F3%86%99%9A/aXl/aP%F4%81%96%B6%F2%92%B7%A4z;%E1%B9%BB/Tm08Bdu/bHR%F4%88%BA%9F/KDH%F1%98%B2%B1k;%F1%8F%85%A2W/q%F0%9E%85%98%F4%8A%AC%B4:\",\n          \"info\": \"a;Zo:y+j`K\",\n          \"isSelectable\": true\n        },\n        \"N3\\\\3Ci'S\": {\n          \"name\": \"K|2VF\",\n          \"ay\": 2022,\n          \"assign\": \"7(,\\\"\",\n          \"match\": [\n            {\n              \"pattern\": \"GUX959Y\",\n              \"exclude\": \"GYZ4\",\n              \"info\": \"D`,\"\n            },\n            \"GXZ2*1C\",\n            \"JN9892\",\n            {\n              \"pattern\": \"MZA0*R\",\n              \"exclude\": [\n                \"FG77*\"\n              ],\n              \"info\": \"m=zB\"\n            },\n            {\n              \"and\": [\n                {\n                  \"and\": [\n                    \"UM*9\"\n                  ]\n                }\n              ]\n            }\n          ],\n          \"satisfy\": [],\n          \"url\": \"https://v.k2iqu2np-ajrvhv5c6p78lqpqe9sq3l-0qof1vyct90y5h5i9rbzm1590iwv.p8dsmdq7gnslg2f2-808mzhppjiq65dinptgv-9p0527qlg57h0wu4--6p-q.edxmjxirjx/VC4B/F4(%F0%A5%99%8F!r\",\n          \"info\": \"\\\\pN84Vrx\",\n          \"isSelectable\": true\n        },\n        \"B\": {\n          \"name\": \"G\",\n          \"ay\": 1975,\n          \"assign\": [],\n          \"match\": [\n            {\n              \"pattern\": \"WJ1791\",\n              \"exclude\": [\n                \"IK489C\",\n                \"VON99\"\n              ],\n              \"info\": \"+QE$MI2HF>\"\n            }\n          ],\n          \"satisfy\": [],\n          \"url\": \"http://tyigc4xqvon23zcevr.npedf.snjfpzu/k/%F3%9B%97%BA/0U%F2%AC%84%82/'m,L/3%F3%B5%8A%938@-lEN//%F4%8A%8A%BCC$q\",\n          \"isSelectable\": true,\n          \"FsQ\": {\n            \"name\": \"|jvKWMrG^\",\n            \"ay\": 2015,\n            \"match\": {\n              \"pattern\": \"KQ3D\",\n              \"exclude\": [\n                \"DZA4881\",\n                \"NX956\"\n              ]\n            },\n            \"satisfy\": {\n              \"or\": []\n            },\n            \"url\": \"https://jpolzwkkvnat.8ig-2blu11.9jnk8m30b82rd3cpm9ykyh6oakeoflbng3.p.e4y24c2ip44wzc2rqi6a1830.vtuvorfpa/YXEOg+MU/e//WH+%F2%B6%93%B0Lui7Z//MYip=Dq%F3%91%86%BD/*tX/z/AQ/\",\n            \"info\": \"qPE\",\n            \"isSelectable\": true\n          },\n          \"5T^yZ Egr\": {\n            \"name\": \"\",\n            \"ay\": 2001,\n            \"assign\": [\n              \"g yd@\",\n              \"~\",\n              \"4\",\n              \"(u;v5Mf%2W\",\n              \";Pp3ua-\"\n            ],\n            \"satisfy\": {\n              \"or\": [\n                {\n                  \"and\": [\n                    \"|?aI8h*W\",\n                    \"o(q%r\",\n                    \"b\\\"pz.\",\n                    \"!J'2+lYr\"\n                  ]\n                },\n                {\n                  \"mc\": \">=67\"\n                }\n              ]\n            },\n            \"url\": \"https://opnt9nmogedunz1v1o2ntp9awohuf58egdp.xy3gfldj79czrgudef2w9t4xyws9fo.fpt-37ry7.0g86nmndnrhf6psu4w-g4sar5lbg9un.2.ufy\",\n            \"info\": \"0oNFV9\"\n          },\n          \"W7RyL:\": {\n            \"name\": \"%SDFca[x\",\n            \"ay\": 2020,\n            \"assign\": \"T0bpqI\",\n            \"match\": {\n              \"and\": [\n                {\n                  \"or\": [\n                    {\n                      \"or\": [\n                        {\n                          \"or\": [\n                            \"UFx\",\n                            \"NPD4\",\n                            \"UULx8x1F\",\n                            \"OF1\",\n                            \"AB737\"\n                          ]\n                        },\n                        \"UB98Z\"\n                      ]\n                    },\n                    {\n                      \"or\": [\n                        {\n                          \"and\": [\n                            {\n                              \"or\": [\n                                \"YJ1\"\n                              ]\n                            },\n                            \"PT85M\",\n                            \"RBS*802\",\n                            {\n                              \"or\": [\n                                \"FZ300\",\n                                \"KBW3\",\n                                \"YE2x63\"\n                              ]\n                            }\n                          ]\n                        },\n                        {\n                          \"or\": [\n                            \"XNK60C\",\n                            \"ME7xZ\"\n                          ]\n                        },\n                        \"XSGx\",\n                        \"GDUx50D\",\n                        \"WU5*6Z\"\n                      ]\n                    },\n                    {\n                      \"or\": []\n                    },\n                    {\n                      \"or\": [\n                        \"WRZ273\",\n                        \"PPVx\",\n                        \"DT2xR\",\n                        \"KCV25Q\",\n                        \"RT61\"\n                      ]\n                    },\n                    {\n                      \"or\": [\n                        \"GLJ*4\",\n                        {\n                          \"or\": [\n                            \"JB*30*E\",\n                            \"BMM68V\",\n                            \"ZUE4*1x\",\n                            \"OZ885x\"\n                          ]\n                        },\n                        \"CY*I\"\n                      ]\n                    }\n                  ]\n                },\n                {\n                  \"pattern\": \"CED2x\",\n                  \"exclude\": \"TXN82\",\n                  \"info\": \"lB\"\n                },\n                {\n                  \"or\": [\n                    {\n                      \"and\": [\n                        {\n                          \"and\": []\n                        },\n                        \"JI*\"\n                      ]\n                    },\n                    {\n                      \"or\": []\n                    },\n                    {\n                      \"or\": [\n                        {\n                          \"or\": [\n                            {\n                              \"or\": []\n                            }\n                          ]\n                        },\n                        \"UK727K\",\n                        \"QD4\"\n                      ]\n                    },\n                    \"JO*1\",\n                    \"NE*6M\"\n                  ]\n                },\n                {\n                  \"or\": [\n                    {\n                      \"and\": [\n                        \"DIGx56F\",\n                        {\n                          \"and\": []\n                        }\n                      ]\n                    }\n                  ]\n                },\n                {\n                  \"or\": [\n                    \"WA489R\",\n                    \"VS253\",\n                    {\n                      \"pattern\": \"XVG08\",\n                      \"exclude\": \"JJX15U\",\n                      \"info\": \"C\"\n                    }\n                  ]\n                }\n              ]\n            },\n            \"satisfy\": [\n              \"SO}yPyLgx$\",\n              {\n                \"and\": [\n                  {\n                    \"and\": []\n                  },\n                  \"-r<X/adp\",\n                  {\n                    \"mc\": \"<=182\"\n                  },\n                  {\n                    \"and\": [\n                      \"fo\",\n                      {\n                        \"and\": [\n                          \"d_m\",\n                          \"(H\",\n                          \"`\",\n                          \"yM#1\",\n                          {\n                            \"or\": [\n                              \"e3YH&\",\n                              \"/\",\n                              {\n                                \"and\": [\n                                  {\n                                    \"or\": []\n                                  }\n                                ]\n                              },\n                              \"V)_P\"\n                            ]\n                          }\n                        ]\n                      }\n                    ]\n                  }\n                ]\n              },\n              {\n                \"mc\": \"<=66\"\n              },\n              {\n                \"mc\": \">=84\"\n              },\n              {\n                \"and\": [\n                  {\n                    \"or\": [\n                      \"GH\",\n                      {\n                        \"or\": [\n                          {\n                            \"and\": []\n                          }\n                        ]\n                      }\n                    ]\n                  },\n                  {\n                    \"mc\": \">=100\"\n                  },\n                  {\n                    \"and\": [\n                      {\n                        \"mc\": \">=71\"\n                      },\n                      \"mJ4j\",\n                      {\n                        \"mc\": \"<=125\"\n                      },\n                      \"2.WX\\\"}<;l\"\n                    ]\n                  }\n                ]\n              }\n            ],\n            \"url\": \"http://zwflk64lfokkgw-x4pgb7me2f133v8forb3et0a2c7sn6yr771-y.ab/s/%F0%9D%BC%9Dw/S'%F1%97%83%A7z%F1%93%95%9C%F0%B9%B8%99/5o@HFWw/S\",\n            \"isSelectable\": true\n          },\n          \"\": {\n            \"name\": \"`\",\n            \"ay\": 1978,\n            \"assign\": [\n              \"u 9.\",\n              \"OVw\"\n            ],\n            \"match\": {\n              \"and\": [\n                {\n                  \"pattern\": \"REX1K\",\n                  \"exclude\": [\n                    \"JBM81\",\n                    \"HZx\",\n                    \"VS7R\",\n                    \"VM6851Q\",\n                    \"EH64\"\n                  ],\n                  \"info\": \"jP%'(;S&b\"\n                },\n                {\n                  \"and\": [\n                    {\n                      \"pattern\": \"JG3*\",\n                      \"exclude\": [\n                        \"OQL5x5\",\n                        \"EHB7081\",\n                        \"MM1101\"\n                      ],\
[...]
              "fullTitle": "inequalitySatisfier should preserve list of modules with upper bound of MCs if total MC count is equal",
              "timedOut": false,
              "duration": 1,
              "state": "passed",
              "speed": "fast",
              "pass": true,
              "fail": false,
              "pending": false,
              "context": null,
              "code": "const satisfier = satisfiers_1.inequalitySatisfier(ref, \"<=28\");\nsatisfier.should.have.property(\"filter\");\nconst { filter } = satisfier;\nisCorrectFilter(filter, modulesList1, modulesList1.map(([moduleStr]) => moduleStr));",
              "err": {},
              "uuid": "15cb274c-9058-499f-bf02-9d33c832f198",
              "parentUUID": "91eb3aa0-4457-4577-8a81-7b37323dfce7",
              "isHook": false,
              "skipped": false
            },
            {
              "title": "should preserve list of modules with upper bound of MCs if total MC count is lower",
              "fullTitle": "inequalitySatisfier should preserve list of modules with upper bound of MCs if total MC count is lower",
              "timedOut": false,
              "duration": 0,
              "state": "passed",
              "speed": "fast",
              "pass": true,
              "fail": false,
              "pending": false,
              "context": null,
              "code": "const satisfier = satisfiers_1.inequalitySatisfier(ref, \"<=32\");\nsatisfier.should.have.property(\"filter\");\nconst { filter } = satisfier;\nisCorrectFilter(filter, modulesList1, modulesList1.map(([moduleStr]) => moduleStr));",
              "err": {},
              "uuid": "ecfcda6a-13e4-4291-958b-d0badf64a331",
              "parentUUID": "91eb3aa0-4457-4577-8a81-7b37323dfce7",
              "isHook": false,
              "skipped": false
            },
            {
              "title": "should truncate list of modules with upper bound of MCs at exact cutoff if total MC count is higher and there exists some starting sequence with exact MC count",
              "fullTitle": "inequalitySatisfier should truncate list of modules with upper bound of MCs at exact cutoff if total MC count is higher and there exists some starting sequence with exact MC count",
              "timedOut": false,
              "duration": 1,
              "state": "passed",
              "speed": "fast",
              "pass": true,
              "fail": false,
              "pending": false,
              "context": null,
              "code": "const satisfier = satisfiers_1.inequalitySatisfier(ref, \"<=16\");\nsatisfier.should.have.property(\"filter\");\nconst { filter } = satisfier;\nisCorrectFilter(filter, modulesList1, [\n    \"CS2100\",\n    \"GER1000\",\n    \"CS2040S\",\n    \"ST2131\",\n]);",
              "err": {},
              "uuid": "97406550-4f7d-4f67-b8b2-d8640aa1de53",
              "parentUUID": "91eb3aa0-4457-4577-8a81-7b37323dfce7",
              "isHook": false,
              "skipped": false
            },
            {
              "title": "should truncate list of modules with upper bound of MCs, cutting off at the minimum starting sequence that exceeds upper bound, if total MC count is higher and there exists no starting sequence with exact MC count",
              "fullTitle": "inequalitySatisfier should truncate list of modules with upper bound of MCs, cutting off at the minimum starting sequence that exceeds upper bound, if total MC count is higher and there exists no starting sequence with exact MC count",
              "timedOut": false,
              "duration": 0,
              "state": "passed",
              "speed": "fast",
              "pass": true,
              "fail": false,
              "pending": false,
              "context": null,
              "code": "const satisfier = satisfiers_1.inequalitySatisfier(ref, \"<=17\");\nsatisfier.should.have.property(\"filter\");\nconst { filter } = satisfier;\nisCorrectFilter(filter, modulesList1, [\n    \"CS2100\",\n    \"GER1000\",\n    \"CS2040S\",\n    \"ST2131\",\n    \"MA1521\",\n]);",
              "err": {},
              "uuid": "3fc1f959-dba3-4cb8-ae25-9ec5134898f2",
              "parentUUID": "91eb3aa0-4457-4577-8a81-7b37323dfce7",
              "isHook": false,
              "skipped": false
            }
          ],
          "suites": [],
          "passes": [
            "0e8f0e90-aaed-465e-9be4-1f5cdee8651b",
            "b9624966-f2e3-4927-9932-e599cdfbb52a",
            "a32562aa-3598-4e02-b264-39bd462b09bd",
            "15cb274c-9058-499f-bf02-9d33c832f198",
            "ecfcda6a-13e4-4291-958b-d0badf64a331",
            "97406550-4f7d-4f67-b8b2-d8640aa1de53",
            "3fc1f959-dba3-4cb8-ae25-9ec5134898f2"
          ],
          "failures": [],
          "pending": [],
          "skipped": [],
          "duration": 2,
          "root": false,
          "rootEmpty": false,
          "_timeout": 2000
        },
        {
          "uuid": "4443d4a3-2434-4f47-add1-4a470aa6dc35",
          "title": "inequalitySchema",
          "fullFile": "/home/runner/work/planwithus-lib/planwithus-lib/src/satisfyRule/inequality/schemas.test.ts",
          "file": "/src/satisfyRule/inequality/schemas.test.ts",
          "beforeHooks": [],
          "afterHooks": [],
          "tests": [
            {
              "title": "should validate inequality in the form <=n or >=n",
              "fullTitle": "inequalitySchema should validate inequality in the form <=n or >=n",
              "timedOut": false,
              "duration": 2,
              "state": "passed",
              "speed": "fast",
              "pass": true,
              "fail": false,
              "pending": false,
              "context": "[\n  {\n    \"title\": \"inequality sample 0\",\n    \"value\": \">=3\"\n  },\n  {\n    \"title\": \"inequality sample 1\",\n    \"value\": \"<=2\"\n  },\n  {\n    \"title\": \"inequality sample 2\",\n    \"value\": \">=170\"\n  },\n  {\n    \"title\": \"inequality sample 3\",\n    \"value\": \">=8\"\n  },\n  {\n    \"title\": \"inequality sample 4\",\n    \"value\": \"<=116\"\n  },\n  {\n    \"title\": \"inequality sample 5\",\n    \"value\": \"<=199\"\n  },\n  {\n    \"title\": \"inequality sample 6\",\n    \"value\": \">=77\"\n  },\n  {\n    \"title\": \"inequality sample 7\",\n    \"value\": \"<=3\"\n  },\n  {\n    \"title\": \"inequality sample 8\",\n    \"value\": \"<=154\"\n  },\n  {\n    \"title\": \"inequality sample 9\",\n    \"value\": \">=104\"\n  }\n]",
              "code": "fast_check_1.sample(index_test_2.inequality, 10).forEach((sample, i) => addContext_1.default(this, {\n    title: `inequality sample ${i}`,\n    value: sample,\n}));\nreturn fast_check_1.assert(fast_check_1.property(index_test_2.inequality, ajvValidate));",
              "err": {},
              "uuid": "ae946ee7-8c14-4ecf-b0ea-12eb0cc5cafa",
              "parentUUID": "4443d4a3-2434-4f47-add1-4a470aa6dc35",
              "isHook": false,
              "skipped": false
            },
            {
              "title": "should not validate inequality of invalid form",
              "fullTitle": "inequalitySchema should not validate inequality of invalid form",
              "timedOut": false,
              "duration": 2,
              "state": "passed",
              "speed": "fast",
              "pass": true,
              "fail": false,
              "pending": false,
              "context": null,
              "code": "[\n        \"\",\n        \"==23\",\n        \"23\",\n        \"<23\",\n        \">23\",\n        \"<=-1\",\n        \">=-1\",\n        \"<= 2\",\n        \">= 1\",\n        \"> 3\",\n        \"< 3\",\n        \"<=3a\",\n        \">=3a\",\n        \"a<=3\",\n        \"a>=3\",\n    ].forEach(isInvalidInequality)",
              "err": {},
              "uuid": "3b386834-3456-412b-81c1-4c34c6431b4a",
              "parentUUID": "4443d4a3-2434-4f47-add1-4a470aa6dc35",
              "isHook": false,
              "skipped": false
            }
          ],
          "suites": [],
          "passes": [
            "ae946ee7-8c14-4ecf-b0ea-12eb0cc5cafa",
            "3b386834-3456-412b-81c1-4c34c6431b4a"
          ],
          "failures": [],
          "pending": [],
          "skipped": [],
          "duration": 4,
          "root": false,
          "rootEmpty": false,
          "_timeout": 2000
        },
        {
          "uuid": "3df0e181-8cfc-4514-a188-506f7f681f25",
          "title": "satisfyRuleSchema",
          "fullFile": "/home/runner/work/planwithus-lib/planwithus-lib/src/satisfyRule/schemas.test.ts",
          "file": "/src/satisfyRule/schemas.test.ts",
          "beforeHooks": [],
          "afterHooks": [],
          "tests": [
            {
              "title": "should validate satisfy rule with valid block id",
              "fullTitle": "satisfyRuleSchema should validate satisfy rule with valid block id",
              "timedOut": false,
              "duration": 1,
              "state": "passed",
              "speed": "fast",
              "pass": true,
              "fail": false,
              "pending": false,
              "context": null,
              "code": "fast_check_1.assert(fast_check_1.property(fast_check_1.string(), ajvValidate)",
              "err": {},
              "uuid": "6dd6b102-1de8-4843-948c-26171c52a204",
              "parentUUID": "3df0e181-8cfc-4514-a188-506f7f681f25",
              "isHook": false,
              "skipped": false
            },
            {
              "title": "should validate satisfy rules with valid mc",
              "fullTitle": "satisfyRuleSchema should validate satisfy rules with valid mc",
              "timedOut": false,
              "duration": 2,
              "state": "passed",
              "speed": "fast",
              "pass": true,
              "fail": false,
              "pending": false,
              "context": "[\n  {\n    \"title\": \"mcSatisfyRule sample 0\",\n    \"value\": {\n      \"mc\": \"<=69\"\n    }\n  },\n  {\n    \"title\": \"mcSatisfyRule sample 1\",\n    \"value\": {\n      \"mc\": \"<=2\"\n    }\n  },\n  {\n    \"title\": \"mcSatisfyRule sample 2\",\n    \"value\": {\n      \"mc\": \">=190\"\n    }\n  },\n  {\n    \"title\": \"mcSatisfyRule sample 3\",\n    \"value\": {\n      \"mc\": \">=117\"\n    }\n  },\n  {\n    \"title\": \"mcSatisfyRule sample 4\",\n    \"value\": {\n      \"mc\": \"<=5\"\n    }\n  },\n  {\n    \"title\": \"mcSatisfyRule sample 5\",\n    \"value\": {\n      \"mc\": \">=2\"\n    }\n  },\n  {\n    \"title\": \"mcSatisfyRule sample 6\",\n    \"value\": {\n      \"mc\": \"<=200\"\n    }\n  },\n  {\n    \"title\": \"mcSatisfyRule sample 7\",\n    \"value\": {\n      \"mc\": \"<=196\"\n    }\n  },\n  {\n    \"title\": \"mcSatisfyRule sample 8\",\n    \"value\": {\n      \"mc\": \">=8\"\n    }\n  },\n  {\n    \"title\": \"mcSatisfyRule sample 9\",\n    \"value\": {\n      \"mc\": \"<=4\"\n    }\n  }\n]",
              "code": "fast_check_1.sample(index_test_2.mcSatisfyRule, 10).forEach((sample, i) => addContext_1.default(this, {\n    title: `mcSatisfyRule sample ${i}`,\n    value: sample,\n}));\nreturn fast_check_1.assert(fast_check_1.property(index_test_2.mcSatisfyRule, ajvValidate));",
              "err": {},
              "uuid": "ecd4152e-141d-40c4-9562-3bf902c5768a",
              "parentUUID": "3df0e181-8cfc-4514-a188-506f7f681f25",
              "isHook": false,
              "skipped": false
            },
            {
              "title": "should validate valid recursive satisfy rules",
              "fullTitle": "satisfyRuleSchema should validate valid recursive satisfy rules",
              "timedOut": false,
              "duration": 4,
              "state": "passed",
              "speed": "fast",
              "pass": true,
              "fail": false,
              "pending": false,
              "context": "[\n  {\n    \"title\": \"satisfyRule sample 0\",\n    \"value\": {\n      \"and\": []\n    }\n  },\n  {\n    \"title\": \"satisfyRule sample 1\",\n    \"value\": \"MS:q]'4Nm,\"\n  },\n  {\n    \"title\": \"satisfyRule sample 2\",\n    \"value\": \"5`\\\\[\"\n  },\n  {\n    \"title\": \"satisfyRule sample 3\",\n    \"value\": {\n      \"and\": [\n        {\n          \"mc\": \">=193\"\n        },\n        {\n          \"or\": [\n            {\n              \"and\": [\n                \"\",\n                \"@N\"\n              ]\n            }\n          ]\n        }\n      ]\n    }\n  },\n  {\n    \"title\": \"satisfyRule sample 4\",\n    \"value\": {\n      \"or\": [\n        {\n          \"or\": []\n        }\n      ]\n    }\n  },\n  {\n    \"title\": \"satisfyRule sample 5\",\n    \"value\": {\n      \"and\": []\n    }\n  },\n  {\n    \"title\": \"satisfyRule sample 6\",\n    \"value\": {\n      \"mc\": \"<=1\"\n    }\n  },\n  {\n    \"title\": \"satisfyRule sample 7\",\n    \"value\": {\n      \"mc\": \"<=81\"\n    }\n  },\n  {\n    \"title\": \"satisfyRule sample 8\",\n    \"value\": {\n      \"mc\": \"<=198\"\n    }\n  },\n  {\n    \"title\": \"satisfyRule sample 9\",\n    \"value\": {\n      \"and\": []\n    }\n  }\n]",
              "code": "fast_check_1.sample(index_test_2.satisfyRule, 10).forEach((sample, i) => addContext_1.default(this, {\n    title: `satisfyRule sample ${i}`,\n    value: sample,\n}));\nreturn fast_check_1.assert(fast_check_1.property(index_test_2.satisfyRule, ajvValidate));",
              "err": {},
              "uuid": "57b0fdca-492d-4917-afb8-2bea1bb77e3c",
              "parentUUID": "3df0e181-8cfc-4514-a188-506f7f681f25",
              "isHook": false,
              "skipped": false
            },
            {
              "title": "should not validate non-string/object",
              "fullTitle": "satisfyRuleSchema should not validate non-string/object",
              "timedOut": false,
              "duration": 2,
              "state": "passed",
              "speed": "fast",
              "pass": true,
              "fail": false,
              "pending": false,
              "context": null,
              "code": "const error = {\n    instancePath: \"\",\n    message: \"satisfy rule should be either a string or an object\",\n};\nisInvalidRule(null, error);\nisInvalidRule(undefined, error);\nisInvalidRule(10, error);\nisInvalidRule([12, 24], error);",
              "err": {},
              "uuid": "a50e308d-7cef-4dbd-a3f8-4be7e9e663f5",
              "parentUUID": "3df0e181-8cfc-4514-a188-506f7f681f25",
              "isHook": false,
              "skipped": false
            },
            {
              "title": "should not validate satisfy rules with extra properties",
              "fullTitle": "satisfyRuleSchema should not validate satisfy rules with extra properties",
              "timedOut": false,
              "duration": 0,
              "state": "passed",
              "speed": "fast",
              "pass": true,
              "fail": false,
              "pending": false,
              "context": null,
              "code": "isInvalidRule({\n        and: [\n            { or: [\"2k\"], abc: \"def\" },\n            { mc: 8, ghi: \"jkl\" },\n        ],\n        mno: \"pqr\",\n    }, {\n        instancePath: \"/and/0\",\n        message: \"or satisfy rule should have property 'or' only\",\n    }, {\n        instancePath: \"/and/1\",\n        message: \"MC satisfy rule should have property 'mc' only\",\n    }, {\n        instancePath: \"\",\n        message: \"and satisfy rule should have property 'and' only\",\n    })",
              "err": {},
              "uuid": "433cdd26-4914-4199-a0ec-9dfc04cd7830",
              "parentUUID": "3df0e181-8cfc-4514-a188-506f7f681f25",
              "isHook": false,
              "skipped": false
            },
            {
              "title": "should not validate ambiguous satisfy rules",
              "fullTitle": "satisfyRuleSchema should not validate ambiguous satisfy rules",
              "timedOut": false,
              "duration": 0,
              "state": "passed",
              "speed": "fast",
              "pass": true,
              "fail": false,
              "pending": false,
              "context": null,
              "code": "const message = \"satisfy rule should have only one of properties 'mc', 'and', 'or'\";\nisInvalidRule({\n    or: [\n        { mc: 5, and: [\"CS2040\"] },\n        { and: [{ and: [\"abc\"], or: [\"def\"] }] },\n    ],\n}, { instancePath: \"/or/0\", message }, { instancePath: \"/or/1/and/0\", message });",
              "err": {},
              "uuid": "8282a1bb-e172-4557-996d-5bfa20d9531f",
              "parentUUID": "3df0e181-8cfc-4514-a188-506f7f681f25",
              "isHook": false,
              "skipped": false
            },
            {
              "title": "should not validate and satisfy rules with non-array property",
              "fullTitle": "satisfyRuleSchema should not validate and satisfy rules with non-array property",
              "timedOut": false,
              "duration": 0,
              "state": "passed",
              "speed": "fast",
              "pass": true,
              "fail": false,
              "pending": false,
              "context": null,
              "code": "const message = \"property 'and' should be an array of satisfy rules\";\nisInvalidRule({ or: [{ and: {} }, { or: [{ and: 3 }] }] }, { instancePath: \"/or/0/and\", message }, { instancePath: \"/or/1/or/0/and\", message });",
              "err": {},
              "uuid": "de4a70c4-63e2-473b-95a9-a554288a3071",
              "parentUUID": "3df0e181-8cfc-4514-a188-506f7f681f25",
              "isHook": false,
              "skipped": false
            },
            {
              "title": "should not validate or satisfy rules with non-array property",
              "fullTitle": "satisfyRuleSchema should not validate or satisfy rules with non-array property",
              "timedOut": false,
              "duration": 0,
              "state": "passed",
              "speed": "fast",
              "pass": true,
              "fail": false,
              "pending": false,
              "context": null,
              "code": "const message = \"property 'or' should be an array of satisfy rules\";\nisInvalidRule({ and: [{ or: {} }, { and: [{ or: 3 }] }] }, { instancePath: \"/and/0/or\", message }, { instancePath: \"/and/1/and/0/or\", message });",
              "err": {},
              "uuid": "8b8d95a5-7fe7-47cf-acd1-6d92539a3ffe",
              "parentUUID": "3df0e181-8cfc-4514-a188-506f7f681f25",
              "isHook": false,
              "skipped": false
            }
          ],
          "suites": [],
          "passes": [
            "6dd6b102-1de8-4843-948c-26171c52a204",
            "ecd4152e-141d-40c4-9562-3bf902c5768a",
            "57b0fdca-492d-4917-afb8-2bea1bb77e3c",
            "a50e308d-7cef-4dbd-a3f8-4be7e9e663f5",
            "433cdd26-4914-4199-a0ec-9dfc04cd7830",
            "8282a1bb-e172-4557-996d-5bfa20d9531f",
            "de4a70c4-63e2-473b-95a9-a554288a3071",
            "8b8d95a5-7fe7-47cf-acd1-6d92539a3ffe"
          ],
          "failures": [],
          "pending": [],
          "skipped": [],
          "duration": 9,
          "root": false,
          "rootEmpty": false,
          "_timeout": 2000
        }
      ],
      "passes": [],
      "failures": [],
      "pending": [],
      "skipped": [],
      "duration": 0,
      "root": true,
      "rootEmpty": true,
      "_timeout": 2000
    }
  ],
  "meta": {
    "mocha": {
      "version": "9.0.3"
    },
    "mochawesome": {
      "options": {
        "quiet": false,
        "reportFilename": "mochawesome",
        "saveHtml": true,
        "saveJson": true,
        "consoleReporter": "spec",
        "useInlineDiffs": false,
        "code": true
      },
      "version": "6.2.2"
    },
    "marge": {
      "options": {
        "reportDir": "docs"
      },
      "version": "5.2.0"
    }
  }
}