{
  "stats": {
    "suites": 10,
    "tests": 48,
    "passes": 48,
    "pending": 0,
    "failures": 0,
    "start": "2021-07-06T03:41:30.478Z",
    "end": "2021-07-06T03:41:30.831Z",
    "duration": 353,
    "testsRegistered": 48,
    "passPercent": 100,
    "pendingPercent": 0,
    "other": 0,
    "hasOther": false,
    "skipped": 0,
    "hasSkipped": false
  },
  "results": [
    {
      "uuid": "d1999ce0-0c21-4bb4-909b-b801d9724dba",
      "title": "",
      "fullFile": "",
      "file": "",
      "beforeHooks": [],
      "afterHooks": [],
      "tests": [],
      "suites": [
        {
          "uuid": "f87f6817-03f0-4287-b428-157d418eff21",
          "title": "initDirectories",
          "fullFile": "/home/runner/work/planwithus-lib/planwithus-lib/src/block/schemas.test.ts",
          "file": "/src/block/schemas.test.ts",
          "beforeHooks": [],
          "afterHooks": [],
          "tests": [
            {
              "title": "should parse all blocks with no errors",
              "fullTitle": "initDirectories should parse all blocks with no errors",
              "timedOut": false,
              "duration": 3,
              "state": "passed",
              "speed": "fast",
              "pass": true,
              "fail": false,
              "pending": false,
              "context": null,
              "code": "_1.initDirectories.should.not.throw()",
              "err": {},
              "uuid": "62601907-988f-444a-b560-8dd474d6eb99",
              "parentUUID": "f87f6817-03f0-4287-b428-157d418eff21",
              "isHook": false,
              "skipped": false
            },
            {
              "title": "should produce primary, second & minor directories",
              "fullTitle": "initDirectories should produce primary, second & minor directories",
              "timedOut": false,
              "duration": 42,
              "state": "passed",
              "speed": "medium",
              "pass": true,
              "fail": false,
              "pending": false,
              "context": null,
              "code": "const directories = await _1.initDirectories();\ndirectories.should.have.property(\"primary\");\ndirectories.should.have.property(\"second\");\ndirectories.should.have.property(\"minor\");",
              "err": {},
              "uuid": "925c5d43-dcf8-4bbc-913b-5c03083661b7",
              "parentUUID": "f87f6817-03f0-4287-b428-157d418eff21",
              "isHook": false,
              "skipped": false
            }
          ],
          "suites": [],
          "passes": [
            "62601907-988f-444a-b560-8dd474d6eb99",
            "925c5d43-dcf8-4bbc-913b-5c03083661b7"
          ],
          "failures": [],
          "pending": [],
          "skipped": [],
          "duration": 45,
          "root": false,
          "rootEmpty": false,
          "_timeout": 2000
        },
        {
          "uuid": "37e0a70f-8584-4cdd-a14b-b00b75f43928",
          "title": "blockSchema",
          "fullFile": "/home/runner/work/planwithus-lib/planwithus-lib/src/block/schemas.test.ts",
          "file": "/src/block/schemas.test.ts",
          "beforeHooks": [],
          "afterHooks": [],
          "tests": [
            {
              "title": "should validate valid block",
              "fullTitle": "blockSchema should validate valid block",
              "timedOut": false,
              "duration": 182,
              "state": "passed",
              "speed": "slow",
              "pass": true,
              "fail": false,
              "pending": false,
              "context": "[\n  {\n    \"title\": \"block sample 0\",\n    \"value\": {\n      \"name\": \"Rxbul\",\n      \"assign\": \"y\",\n      \"match\": [\n        {\n          \"or\": [\n            {\n              \"pattern\": \"UXJ49\",\n              \"exclude\": [\n                \"EH1455Y\",\n                \"VRV*9xx\"\n              ],\n              \"info\": \"l Q\"\n            },\n            \"HZx901Y\",\n            \"CG2*2Z\",\n            \"BXQ54S\"\n          ]\n        }\n      ],\n      \"satisfy\": [\n        {\n          \"and\": []\n        },\n        {\n          \"and\": []\n        }\n      ],\n      \"url\": \"http://dy9nsebi4r6bfab6y77cbvd-shf9c.e.ruksshrcbr/8YCr5\",\n      \"info\": \"/#HTLOjW;\"\n    }\n  },\n  {\n    \"title\": \"block sample 1\",\n    \"value\": {\n      \"name\": \"%$\",\n      \"ay\": 1993,\n      \"assign\": [\n        \"%\",\n        \"D\\\"<lS\",\n        \"\"\n      ],\n      \"match\": [\n        {\n          \"pattern\": \"LD*\",\n          \"exclude\": \"SX7231F\",\n          \"info\": \"O|4\"\n        },\n        \"VDx68*\"\n      ],\n      \"satisfy\": [\n        {\n          \"or\": [\n            {\n              \"mc\": \"<=190\"\n            },\n            {\n              \"or\": [\n                {\n                  \"or\": [\n                    \"V\",\n                    \"_hxp\"\n                  ]\n                },\n                {\n                  \"and\": [\n                    {\n                      \"or\": [\n                        \"&1Rc\",\n                        \"J])H}\",\n                        \"D{]I\",\n                        \"\"\n                      ]\n                    }\n                  ]\n                },\n                {\n                  \"mc\": \"<=37\"\n                }\n              ]\n            }\n          ]\n        }\n      ],\n      \"url\": \"https://o.x.qkw/PNI+i/g!Om/y%F0%B2%80%B3/@h;D/o1hnnf/F%F2%93%AF%83ISSSM'/0dHoDe//%F3%B3%B0%B9rfqZPLjt\",\n      \"info\": \"`x};To& [&\"\n    }\n  },\n  {\n    \"title\": \"block sample 2\",\n    \"value\": {\n      \"name\": \"\",\n      \"ay\": 1968,\n      \"assign\": [\n        \"9\",\n        \"\",\n        \"U3$Imu9\",\n        \"d7$#svr\",\n        \"%-upn%W>7@\"\n      ],\n      \"match\": {\n        \"and\": [\n          {\n            \"and\": [\n              \"QYx*\",\n              \"CB0*46\",\n              \"QVG0403R\"\n            ]\n          },\n          {\n            \"pattern\": \"GM*52Z\",\n            \"exclude\": \"PMx\",\n            \"info\": \"GxmI\"\n          },\n          {\n            \"and\": [\n              \"SI6\",\n              \"DZ788*\"\n            ]\n          }\n        ]\n      },\n      \"satisfy\": [\n        {\n          \"or\": [\n            {\n              \"or\": [\n                {\n                  \"or\": [\n                    {\n                      \"and\": [\n                        \"YhSbe7v\"\n                      ]\n                    },\n                    {\n                      \"and\": [\n                        \"B]~sN{)*\"\n                      ]\n                    },\n                    \"*\",\n                    {\n                      \"and\": [\n                        \"3u\\\"7}\",\n                        \"w)C\",\n                        \"$|PH \",\n                        \"y\\\\U\",\n                        \"U}|9mJ\"\n                      ]\n                    },\n                    {\n                      \"mc\": \">=77\"\n                    }\n                  ]\n                },\n                {\n                  \"mc\": \"<=26\"\n                },\n                \"+7PVY{\",\n                {\n                  \"and\": [\n                    \"5qY15e+:4\",\n                    \"Kl\",\n                    \"PNi]\",\n                    \"D:b9.Z@\",\n                    \"?b%\\\"m<\"\n                  ]\n                }\n              ]\n            },\n            {\n              \"and\": [\n                {\n                  \"mc\": \"<=96\"\n                },\n                {\n                  \"mc\": \">=28\"\n                },\n                \"(|\",\n                {\n                  \"or\": []\n                }\n              ]\n            },\n            {\n              \"mc\": \"<=11\"\n            },\n            {\n              \"mc\": \"<=174\"\n            },\n            \"uW=9G7{\"\n          ]\n        },\n        {\n          \"and\": [\n            {\n              \"and\": []\n            },\n            {\n              \"and\": []\n            },\n            \"h\"\n          ]\n        },\n        {\n          \"and\": [\n            {\n              \"and\": [\n                \"~oJj{PD?H\",\n                \"-u:,s2/\",\n                \"_HUm&?\",\n                \"f?p4Vk\\\\6\",\n                {\n                  \"mc\": \"<=173\"\n                }\n              ]\n            },\n            {\n              \"or\": []\n            },\n            {\n              \"and\": [\n                \"\",\n                {\n                  \"or\": [\n                    \"TOZL|o&?C\",\n                    {\n                      \"mc\": \">=33\"\n                    },\n                    \"PNPZA\",\n                    \"h\",\n                    \":-I'i|I\"\n                  ]\n                },\n                \"}($z+wu^%\",\n                \"U6L\",\n                {\n                  \"or\": [\n                    {\n                      \"and\": [\n                        \"Rf>\",\n                        {\n                          \"and\": [\n                            {\n                              \"mc\": \">=131\"\n                            },\n                            {\n                              \"or\": [\n                                \"z0}+wa]\",\n                                \")(\"\n                              ]\n                            }\n                          ]\n                        },\n                        \"SLHmi|X\",\n                        \"W{E\"\n                      ]\n                    },\n                    \"W\",\n                    \"4Uu5KS/\"\n                  ]\n                }\n              ]\n            },\n            \"\\\"\",\n            {\n              \"and\": [\n                \"\",\n                \"\"\n              ]\n            }\n          ]\n        },\n        {\n          \"or\": [\n            {\n              \"and\": [\n                {\n                  \"or\": [\n                    {\n                      \"or\": [\n                        \"Z[\\\\$;N\"\n                      ]\n                    },\n                    \"qCJ'[q<U\",\n                    {\n                      \"or\": []\n                    }\n                  ]\n                }\n              ]\n            },\n            {\n              \"or\": [\n                \"l:\",\n                \"Q+Vn<\"\n              ]\n            },\n            {\n              \"or\": [\n                \"X8z: hg%T\",\n                \"~\"\n              ]\n            },\n            {\n              \"mc\": \">=193\"\n            },\n            {\n              \"and\": []\n            }\n          ]\n        },\n        \"AyS\"\n      ],\n      \"url\": \"https://4owz9wco45i16fwn4j217ycri0jfth6k6daw5zyi22e36ft-sa2zsk2li0l.k.dfk/+;\",\n      \"info\": \"?O(\"\n    }\n  },\n  {\n    \"title\": \"block sample 3\",\n    \"value\": {\n      \"name\": \"e|wolR#\",\n      \"ay\": 1999,\n      \"assign\": [\n        \"G5vS2\"\n      ],\n      \"match\": \"TE2\",\n      \"satisfy\": [\n        {\n          \"and\": [\n            {\n              \"or\": []\n            },\n            {\n              \"and\": [\n                {\n                  \"mc\": \">=155\"\n                },\n                \"5+G]zV7Uu\",\n                {\n                  \"or\": [\n                    \"!5o'U\\\">\",\n                    \"up<#\",\n                    \"j]pEIFp\",\n                    \"&@Z2\",\n                    \"IU{wiPIgxI\"\n                  ]\n                },\n                {\n                  \"or\": [\n                    \"pFVm\",\n                    {\n                      \"or\": [\n                        \"IHR\",\n                        {\n                          \"or\": [\n                            \"B_=3/3\",\n                            {\n                              \"mc\": \">=101\"\n                            },\n                            \"u=>e\"\n                          ]\n                        },\n                        \"=GPUHfU>^\",\n                        \"mG1\"\n                      ]\n                    },\n                    {\n                      \"or\": [\n                        \"y=aIKdLd\",\n                        \"l:c.I3+7^\",\n                        \"\\\"agqW\"\n                      ]\n                    },\n                    \">KN?tY\",\n                    {\n                      \"mc\": \"<=132\"\n                    }\n                  ]\n                },\n                \"sWyJg{;v.R\"\n              ]\n            },\n            \"mm}bB1`F&\",\n            {\n              \"and\": [\n                {\n                  \"mc\": \"<=24\"\n                },\n                \"\"\n              ]\n            }\n          ]\n        },\n        \"kfT\\\"W+Bs\",\n        {\n          \"and\": [\n            {\n              \"or\": [\n                \"\\\"\\\"+L\",\n                \"`V?u\",\n                {\n                  \"mc\": \"<=149\"\n                },\n                {\n                  \"mc\": \"<=1\"\n                },\n                \".\\\"\"\n              ]\n            },\n            {\n              \"or\": [\n                \"sek#.\",\n                \"H\\\"2Rc@SUo\",\n                {\n                  \"mc\": \">=6\"\n                },\n                {\n                  \"and\": [\n                    \"cl\",\n                    \"H5h{C~:s\"\n                  ]\n                },\n                {\n                  \"and\": []\n                }\n              ]\n            }\n          ]\n        }\n      ],\n      \"url\": \"https://c8m6ypv0whq95qpqi9suq57ca0y4-20xljpnq6dwz62nj.9axmnaeqjkgvjz0qxn0-nfp6j0c3-631tybzmd0i.vwdp/%F2%B6%B3%A6bF32fr/=gd//mibkhS%F1%AB%97%A0iX/cu/%F1%9C%B7%9E/c+B//$%F1%A6%BA%8DOf$QfV(/$V\"\n    }\n  },\n  {\n    \"title\": \"block sample 4\",\n    \"value\": {\n      \"ay\": 2027,\n      \"assign\": \"~$\\\"vfF\",\n      \"match\": {\n        \"pattern\": \"MUF59H\",\n        \"exclude\": \"LGT0\",\n        \"info\": \"%\"\n      },\n      \"satisfy\": [\n        {\n          \"mc\": \">=68\"\n        }\n      ],\n      \"url\": \"https://cusj6fcjmz7hgns5ceadjcqy5bledfmkd3agvkdxp7.ew2mvtf.5.yedy/vH/0%F2%97%85%AA%F2%88%96%93\",\n      \"info\": \"@#O\"\n    }\n  },\n  {\n    \"title\": \"block sample 5\",\n    \"value\": {\n      \"name\": \"dUH{9@edX\",\n      \"ay\": 1955,\n      \"assign\": \"\",\n      \"match\": {\n        \"and\": [\n          {\n            \"and\": []\n          },\n          \"OCU7T\",\n          \"KMx762\",\n          {\n            \"or\": [\n              \"KE34\",\n              {\n                \"pattern\": \"WCR31\",\n                \"exclude\": \"CXA74L\",\n                \"info\": \"AW1JNpj2\"\n              }\n            ]\n          },\n          {\n            \"and\": [\n              {\n                \"pattern\": \"ODPx3L\",\n                \"exclude\": [\n                  \"DP8890\",\n                  \"IF92Y\"\n                ],\n                \"info\": \"jKMD@~/~P\"\n              },\n              \"UG5\",\n              {\n                \"pattern\": \"MKNx\",\n                \"info\": \"`,[9=at0#0\"\n              },\n              {\n                \"pattern\": \"RV3N\",\n                \"exclude\": [\n                  \"VI591\",\n                  \"AJS08x6\",\n                  \"IK45xQ\",\n                  \"WR*M\",\n                  \"AY51*x\"\n                ]\n              },\n              {\n                \"and\": [\n                  \"FW3S\",\n                  \"SPQ5x\",\n                  \"PT5464Y\",\n                  {\n                    \"or\": []\n                  },\n                  {\n                    \"and\": [\n                      \"WT63P\",\n                      \"ICK08\",\n                      \"MNAxB\",\n                      \"NH4497\",\n                      \"WR7*57\"\n                    ]\n                  }\n                ]\n              }\n            ]\n          }\n        ]\n      },\n      \"satisfy\": [\n        \"MolI!Ei\",\n        {\n          \"and\": [\n            {\n              \"mc\": \">=24\"\n            }\n          ]\n        },\n        {\n          \"mc\": \"<=17\"\n        },\n        {\n          \"and\": [\n            {\n              \"mc\": \"<=188\"\n            },\n            {\n              \"or\": [\n                \"{WY&0\",\n                \"H@jTVpcz?\",\n                {\n                  \"and\": [\n                    {\n                      \"or\": [\n                        \"fi\",\n                        {\n                          \"or\": [\n                            \"*vt\",\n                            \"J .}\",\n                            \"xYCD#J0'\",\n                            \"%{F_=k|\"\n                          ]\n                        },\n                        \"\",\n                        {\n                          \"mc\": \"<=152\"\n                        }\n                      ]\n                    }\n                  ]\n                },\n                {\n                  \"or\": [\n                    \"A\\\\r:oa5{:c\",\n                    \"Y~'F}7\"\n                  ]\n                }\n              ]\n            },\n            {\n              \"mc\": \">=101\"\n            },\n            {\n              \"mc\": \">=116\"\n            }\n          ]\n        },\n        \"YEh>%8nrOU\"\n      ],\n      \"url\": \"https://8dafg.68r5d.ebwrbbczde/$lB'%F2%B9%9B%B8bSc/.qfIi\",\n      \"info\": \"(;%oeQNK\",\n      \"E\": {\n        \"name\": \"u=9Smf^\",\n        \"ay\": 1962,\n        \"assign\": \"\\\"Z~\",\n        \"satisfy\": \"swN:A^H\",\n        \"url\": \"http://yftg5maou0ee.7czipuw3krvq16n17bk5iy.xugpfgoac/Pq*~,x&/=Q3/6V7:h/O&/%F1%AC%9B%B4/%F0%AE%88%95+WZI%F2%92%81%AFcikc//x/b:4B3V_3&%F1%8E%8B%87/L7y%F3%A9%A2%A0w6V+\",\n        \"info\": \"Hh+m\",\n        \"\\\"}d.@\": {\n          \"ay\": 1977,\n          \"match\": [\n            {\n              \"pattern\": \"BEP457\",\n              \"exclude\": [\n                \"ZA7*O\",\n                \"JFT477S\",\n                \"SHC0L\"\n              ],\n              \"info\": \" \"\n            }\n          ],\n          \"satisfy\": \"&8v4]9(;-B\",\n          \"url\": \"http://xejqj5b-wr5b5twgb671sr-3lv21fjch7kc4zbl-zkd.uz82w4-u3anf65-n7n4u1vyakfqiyszza5swcuwrg2e9c36gz9w3z.90f6jn0vnzas9g63ren6wh1.jz2r9no68zd28ux8kkfru7nirxl5ywoqhrjoxythk.p79o5.ofysw/xHpv/Tn/3/+F%F3%B6%A9%A3ix/u%F0%B5%AE%B3yiB%F4%8A%9D%8AO%F4%8E%9A%AF23/%F4%81%A6%99WP/;ybM%F2%A6%A8%BAc\"\n        },\n        \"zN0\": {\n          \"name\": \"ZmoN%Qq\",\n          \"ay\": 1996,\n          \"assign\": \":_4=w1\",\n          \"match\": [\n            \"ZBP4Z\",\n            {\n              \"and\": [\n                \"URH026Z\",\n                {\n                  \"or\": [\n                    \"BK00x\",\n                    {\n                      \"pattern\": \"IUS0624\",\n                      \"exclude\": \"GN3B\",\n                      \"info\": \"l<0I>\"\n                    }\n                  ]\n                },\n                {\n                  \"or\": [\n                    \"BAX0F\"\n                  ]\n                },\n                \"AAO691xC\"\n              ]\n            },\n            {\n              \"or\": [\n                {\n                  \"and\": [\n                    \"ZTS720*F\",\n                    {\n                      \"and\": [\n                        {\n                          \"pattern\": \"XZH32J\",\n                          \"exclude\": \"HZA173\",\n                          \"info\": \":`'c\\\"\"\n                        },\n                        {\n                          \"and\": [\n                            \"KCL1H\"\n                          ]\n                        }\n                      ]\n                    },\n                    \"SB35\",\n                    \"GA1xV\",\n                    {\n                      \"and\": [\n                        \"PLO*U\",\n                        \"WK63T\"\n                      ]\n                    }\n                  ]\n                },\n                {\n                  \"and\": [\n                    {\n                      \"or\": []\n                    },\n                    {\n                      \"or\": [\n                        \"MA*322\",\n                        {\n                          \"pattern\": \"YI8\",\n                          \"exclude\": [\n                            \"OBQ7*\",\n                            \"TIN4\",\n                            \"WZO6252E\"\n                          ],\n                          \"info\": \"D!+NB@n,\"\n                        },\n                        {\n                          \"and\": [\n                            {\n                              \"and\": [\n                                \"RIP*641\",\n                                \"LE881V\"\n                              ]\n                            },\n                            {\n                              \"and\": [\n                                \"QH027\"\n                              ]\n                            }\n                          ]\n                        }\n                      ]\n                    }\n                  ]\n                },\n                {\n                  \"or\": [\n                    {\n                      \"or\": [\n                        {\n                          \"or\": [\n                            {\n                              \"or\": [\n                                \"TK0\"\n                              ]\n                            }\n                          ]\n                        },\n                        {\n                          \"and\": [\n                            \"TH04J\",\n                            \"FLR7xx*Y\"\n                          ]\n                        }\n                      ]\n                    },\n                    {\n                      \"or\": []\n                    },\n                    \"VQP81M\",\n                    {\n                      \"pattern\": \"HO4*\",\n                      \"exclude\": [\n                        \"NO*x83R\",\n                        \"BB*\",\n                        \"PMB048\",\n                        \"ABx28*\",\n                        \"GTW015X\"\n                      ],\n                      \"info\": \"4YBsOHs\"\n                    }\n                  ]\n                },\n                \"MD421\",\n                {\n                  \"and\": [\n                    {\n                      \"and\": [\n                        \"VUJ*7x8O\"\n                      ]\n                    },\n                    {\n                      \"and\": [\n                        \"QQ0N\"\n                      ]\n                    },\n                    {\n                      \"and\": []\n                    },\n                    {\n                      \"or\": []\n                    }\n                  ]\n                }\n              ]\n            },\n            {\n              \"or\": [\n                {\n                  \"and\": []\n                },\n                {\n                  \"or\": [\n                    \"YT01J\"\n                  ]\n                },\n                {\n                  \"and\": [\n                    \"CF5V\",\n                    {\n                      \"and\": [\n                        \"CP7\",\n                        \"LCE372*M\",\n                        {\n                          \"and\": [\n                            {\n                              \"or\": [\n                                {\n                                  \"and\": [\n                                    \"DSG*G\",\n                                    \"UEA48C\",\n                                    \"OCR440\"\n                                  ]\n                                },\n                                \"TJY5W\",\n                                \"HYO1I\",\n                                \"EY22x\"\n                              ]\n                            },\n                            \"UXG57\",\n                            {\n                              \"pattern\": \"CN704xU\",\n                              \"exclude\": [\n                                \"CM0O\",\n                                \"JY*8xE\"\n                              ],\n                              \"info\": \"w\"\n                            }\n                          ]\n                        }\n                      ]\n                    },\n                    \"VWO9831J\",\n                    {\n                      \"or\": [\n                        \"HEH9X\",\n                        \"FNI68V\",\n                        \"UIR*5*8Z\",\n                        {\n                          \"pattern\": \"SDD726*\",\n                          \"exclude\": \"ICV68*x\",\n                          \"info\": \"\"\n                        }\n                      ]\n                    }\n                  ]\n                },\n                {\n                  \"pattern\": \"YZK94*8C\",\n                  \"exclude\": \"CF3W\",\n                  \"info\": \",8a{&\"\n                },\n                \"EHL348L\"\n              ]\n            }\n          ],\n          \"satisfy\": [\n            {\n              \"and\": [\n                \"N/:dv&h\",\n                {\n                  \"or\": [\n                    \"\\\";N\",\n                    \"cCZ\",\n                    \"VDhK;\",\n                    {\n                      \"or\": [\n                        \"QHxaJ\",\n                        \"\\\\h`CHwEF\"\n                      ]\n                    },\n                    \"LM\"\n                  ]\n                }\n              ]\n            },\n            {\n              \"or\": [\n                {\n                  \"mc\": \"<=76\"\n                },\n                {\n                  \"mc\": \"<=25\"\n                }\n              ]\n            }\n          ],\n          \"url\": \"https://h.w.uxpttyqlgix71p47bimik2rbyzjrzpuy93zwmmtl4svjlp1xz-wbea5t5r8.6cig12vrjkz7-4nr5q2nu8uq8-trltj0822.uw/-%E4%85%8Ao%F2%BB%AE%82wq%F1%9B%AE%99oFN//%F1%A0%B7%A2%F1%B8%AF%A0%F1%9E%97%A0\"\n        }\n      },\n      \"VXx}FnGWt\": {\n        \"name\": \":0\",\n        \"ay\": 2000,\n        \"assign\": [\n          \"3#n),+\",\n          \"\",\n          \">ytibJU\",\n          \"qqEr);e\"\n        ],\n        \"match\": \"MO0*09\",\n        \"satisfy\": [\n          {\n            \"or\": []\n          },\n          {\n            \"and\": [\n              {\n                \"and\": [\n                  {\n                    \"or\": [\n                      \"p]\",\n                      \"r(sFolL\",\n                      \"-\",\n                      \"NWYj!CIO\"\n                    ]\n                  },\n                  {\n                    \"mc\": \">=72\"\n                  },\n                  \"(q)<.%XK\",\n                  \"KdiR>\",\n                  \"\"\n                ]\n              }\n            ]\n          },\n          {\n            \"or\": []\n          }\n        ],\n        \"url\": \"https://6vbi8teod88d-enyei0lde3mpzqo3rfoaa.cd2b8vm06fyba4fjiszvovrd-qyxdr2qe3zkvbnf.7.t6olwqo9wmraobu745276mxkcszf-bfv2p8fh1uiggmyieyar0-7rxce.ewc/:r(M/@j4VGbcs+/=/_DDaEw/r~%F3%AB%86%82xVl://y\",\n        \"info\": \"Za]\"\n      },\n      \"v#Lc(OyVrm\": {\n        \"name\": \"y],e>\",\n        \"ay\": 1998,\n        \"assign\": [\n          \"u\",\n          \"5`H\",\n          \"W\",\n          \"7aj40=FFJ\"\n        ],\n        \"satisfy\": {\n          \"or\": [\n            {\n              \"and\": [\n                {\n                  \"mc\": \">=173\"\n                },\n                \"0/yE\",\n                \"<MqlxdxUA\",\n                \"\"\n              ]\n            }\n          ]\n        },\n        \"url\": \"http://lq6195kexg2wgi7j-d0-fywg708vwqcef8hawan9jk1e033j.rlxn/8=:*\",\n        \"!}\": {\n          \"name\": \".wU%BBv7ei\",\n          \"ay\": 1994,\n          \"assign\": [],\n          \"match\": {\n            \"and\": []\n          },\n          \"satisfy\": [],\n          \"url\": \"http://bn-vox1clepyxigno5k9f61nhjetisp82oymqp8duk-f.1.jw2vzftow-0z45507mnvcugzovt07c0vejgsecxj2ss6igeshhly9r3.ir3i.xfji/Z&4l%F4%8C%A2%92%F1%92%B3%8DeX%F0%99%B5%926/%F0%AB%BF%9Aa&UwWfvkd/yKbgL:aP+/DPMxjE/P~HWKU%F3%9C%BC%8Fm%F1%91%8E%91'//%F2%8B%96%8Anbrt+/KN'/:2+hfZH~3M\",\n          \"info\": \"8h.I0ui\"\n        }\n      },\n      \"O~QpC5YOd\": {\n        \"name\": \"*.CYt\",\n        \"ay\": 1987,\n        \"match\": {\n          \"pattern\": \"QQC66G\",\n          \"exclude\": \"DH1209\"\n        },\n        \"satisfy\": [\n          {\n            \"or\": [\n              {\n                \"and\": [\n                  {\n                    \"and\": [\n                      {\n                        \"mc\": \"<=100\"\n                      },\n                      \"<,ybP\",\n                      {\n                        \"or\": []\n                      },\n                      \"3pd\"\n                    ]\n                  },\n                  \";} 5c&UO\"\n                ]\n              }\n            ]\n          },\n          {\n            \"and\": []\n          },\n          {\n            \"or\": [\n              {\n                \"and\": [\n                  {\n                    \"or\": [\n                      \"o$F\",\n                      {\n                        \"or\": []\n                      },\n                      \"\",\n                      {\n                        \"mc\": \">=75\"\n                      }\n                    ]\n                  }\n                ]\n              }\n            ]\n          },\n          \"q:>\",\n          {\n            \"and\": [\n              {\n                \"mc\": \"<=123\"\n              },\n              {\n                \"and\": []\n              },\n              {\n                \"and\": [\n                  \"+Ng>d%qWU\",\n                  \"{mFiSu5h\",\n                  {\n                    \"or\": []\n                  },\n                  \"znF)SQNe\"\n                ]\n              },\n              {\n                \"or\": [\n                  {\n                    \"mc\": \"<=44\"\n                  },\n                  {\n                    \"and\": [\n                      {\n                        \"mc\": \"<=33\"\n                      },\n                      \"\"\n                    ]\n                  },\n                  \",m/\"\n                ]\n              },\n              \"It#DuVt)$\"\n            ]\n          }\n        ],\n        \"url\": \"http://s.aah9w4bkezzse1-3efefweg7984fin1qsdcxf4yfx48.xmwisf2xfqniteewnapg8uda6em7fw1f4flpuqj4dmmkxqdfa.e85tfz79pagv1xh86reokl9l95pceg4mu.ikmloycb/r&+%F2%BF%80%95n3/-vlc//%F0%92%B8%BCfWxn%F3%98%B3%89//s-'u_mgs/,0,!=/1//C\",\n        \"info\": \"\\\"*K\\\"lM%ahL\"\n      },\n      \"c[+=\": {\n        \"name\": \"%B6NN\",\n        \"assign\": \"n5\",\n        \"match\": \"JM02M\",\n        \"satisfy\": [\n          {\n            \"and\": []\n          },\n          {\n            \"and\": [\n              {\n                \"and\": [\n                  \"ZwPATzr\",\n                  {\n                    \"or\": [\n                      {\n                        \"or\": []\n                      },\n                      {\n                        \"mc\": \"<=81\"\n                      },\n                      \"6eVy0Y\",\n                      \"+{SPE-+B\"\n                    ]\n                  },\n                  \"on9?PrK:m\",\n                  \"\",\n                  {\n                    \"mc\": \">=181\"\n                  }\n                ]\n              },\n              {\n                \"and\": [\n                  {\n                    \"and\": [\n                      \"\",\n                      \"I=$`0Ib\"\n                    ]\n                  },\n                  \"\\\"Y:#q?&\",\n                  \"tCq)o5G/N\",\n                  \"Zl,\",\n                  {\n                    \"or\": []\n                  }\n                ]\n              },\n              {\n                \"mc\": \"<=30\"\n              },\n              {\n                \"or\": [\n                  \"D1RN$E5^N$\",\n                  {\n                    \"or\": []\n                  },\n                  \"}%J<b'#N\",\n                  \"]0v&WIx~\\\\A\",\n                  {\n                    \"and\": [\n                      \"onMH\",\n                      \"oO,jb. >)w\"\n                    ]\n                  }\n                ]\n              }\n            ]\n          },\n          {\n            \"or\": [\n              \"V cB\"\n            ]\n          }\n        ],\n        \"url\": \"https://y.dvgzis/%F1%B8%8D%84CHS'V/ov%F3%86%A1%AAB\",\n        \"info\": \"3TxouL\",\n        \"wRd'jSk$X\": {\n          \"name\": \"n_AkT xpdT\",\n          \"ay\": 1959,\n          \"assign\": [\n            \"fC\"\n          ],\n          \"match\": {\n            \"pattern\": \"SL6x37\",\n            \"exclude\": \"HE1871B\",\n            \"info\": \"l:Zye/A\"\n          },\n          \"satisfy\": [\n            {\n              \"and\": [\n                {\n                  \"and\": [\n                    \"p8/mn)\",\n                    \"H:hes\",\n                    {\n                      \"or\": [\n                        {\n                          \"or\": [\n                            {\n                              \"mc\": \">=189\"\n                            },\n                            \"5\",\n                            \"J3A=Kq\",\n                            \"\"\n                          ]\n                        },\n                        \"\",\n                        \"b\"\n                      ]\n                    },\n                    {\n                      \"or\": [\n                        \"PDH\\\\Zpgn\",\n                        \"N\",\n                        \"g@7X\",\n                        \"m}7!8t\"\n                      ]\n                    }\n                  ]\n                },\n                {\n                  \"mc\": \">=153\"\n                },\n                {\n                  \"and\": []\n                },\n                \"LQtrvObpf5\",\n                \"\\\"w\"\n              ]\n            },\n            {\n              \"mc\": \"<=92\"\n            },\n            \"\",\n            \";\"\n          ],\n          \"url\": \"http://fkj8e66cg64m-imp4ehfsczgutttft6pkszfv6o7x9nrv.2.ihzqf/Xpq$+%F2%87%82%9BS7//L/4@%F1%A8%A3%BFZC,%F1%9D%9B%ABW%F0%A9%B6%91/Z,wg'V0hP/X/sAo,+I/n%F3%9B%9F%9AL7\",\n          \"info\": \"E\"\n        }\n      }\n    }\n  },\n  {\n    \"title\": \"block sample 6\",\n    \"value\": {\n      \"name\": \"!\",\n      \"ay\": 2009,\n      \"assign\": [\n        \"!&!\",\n        \"#$\",\n        \"'}*mfat\",\n        \"V:!ti\"\n      ],\n      \"match\": \"ABT389*H\",\n      \"satisfy\": [\n        {\n          \"and\": [\n            {\n              \"mc\": \"<=137\"\n            }\n          ]\n        },\n        {\n          \"and\": [\n            {\n              \"or\": [\n                \"[lEL\"\n              ]\n            },\n            \"'nR\"\n          ]\n        },\n        {\n          \"mc\": \"<=18\"\n        },\n        {\n          \"mc\": \">=186\"\n        },\n        {\n          \"or\": []\n        }\n      ],\n      \"url\": \"https://t-h5zn4ur88zfqq3z25qu-7h8l22rgf83vg86uvygg8u3fsurttxtlmlpz.th3g0b5wq7k.dm1v01pv-6l9zy1.zdh/l/Ho/,WO/K&r%F2%BE%9A%83+PC5I//Q%F2%88%A2%9Celf0%F1%87%A9%94b%F2%A8%BB%BCR\",\n      \"yUv$,K!0\": {\n        \"name\": \"APoH^\",\n        \"ay\": 1952,\n        \"match\": \"BH*\",\n        \"satisfy\": \"1;WTL|7\",\n        \"url\": \"http://bnlxpmcxw9za0.xoumpm8fvbtcinck-w-h.dqtfo-41qdvfjmkd0p-ozat84gmigna11o8s4hsq.p.pqmx/eW$!Q0%F3%9E%8F%8F-/N);P&/B5,/c*U7y&i_h\",\n        \"info\": \",W?[NHc\",\n        \"'qA\": {\n          \"name\": \"Ix4<*b|\",\n          \"ay\": 1975,\n          \"assign\": [],\n          \"match\": {\n            \"pattern\": \"ME*\",\n            \"exclude\": \"BY99I\",\n            \"info\": \"(+MK>;C:8#\"\n          },\n          \"url\": \"https://y.ymk7wsn.cycsrbbqfu/DG*V$mzrLw/oqCzxUHH%EF%A6%9E/2,(/5i)%F1%81%82%B09nkM/4UJal+%F2%94%81%BCw%F0%A8%B7%BA(\",\n          \"info\": \"rHWcY}A_[0\"\n        },\n        \"@w#|,\": {\n          \"name\": \"\\\"G'I{\",\n          \"ay\": 2014,\n          \"match\": [\n            {\n              \"pattern\": \"IWX0\",\n              \"info\": \"SuiVU__T\"\n            },\n            {\n              \"pattern\": \"BII0Y\"\n            },\n            \"PV80\",\n            {\n              \"or\": [\n                \"CP175Q\",\n                \"SZPx141R\",\n                {\n                  \"pattern\": \"JH662V\",\n                  \"exclude\": [\n                    \"FYM7Z\"\n                  ],\n                  \"info\": \"\"\n                }\n              ]\n            },\n            {\n              \"pattern\": \"SNQ222I\",\n              \"exclude\": \"FFW8\",\n              \"info\": \"*{}\"\n            }\n          ],\n          \"satisfy\": [\n            {\n              \"or\": [\n                {\n                  \"or\": [\n                    \"s|=B:Dys\",\n                    {\n                      \"mc\": \">=157\"\n                    },\n                    {\n                      \"or\": [\n                        \"TFgK\\\\(i2MF\",\n                        {\n                          \"and\": [\n                            \"4Z(BE1Z~uo\",\n                            {\n                              \"and\": [\n                                {\n                                  \"or\": [\n                                    {\n                                      \"mc\": \"<=156\"\n                                    },\n                                    \"ZhgUL\",\n                                    \"s}Xsc+\"\n                                  ]\n                                },\n                                \"+;gz5K\",\n                                \"w{g6Hj1i2$\"\n                              ]\n                            }\n                          ]\n                        }\n                      ]\n                    }\n                  ]\n                },\n                {\n                  \"mc\": \">=36\"\n                },\n                {\n                  \"or\": [\n                    {\n                      \"or\": [\n                        \"'q\",\n                        {\n                          \"and\": [\n                            \".]#o}\",\n                            \"OLA\",\n                            {\n                              \"mc\": \"<=182\"\n                            },\n                            \"h\"\n                          ]\n                        },\n                        {\n                          \"or\": [\n                            \"`nVyf`{;+$\",\n                            {\n                              \"mc\": \"<=149\"\n                            },\n                            \"VS$zy2Z@\"\n                          ]\n                        },\n                        {\n                          \"or\": [\n                            {\n                              \"and\": [\n                                \"SwJ6\",\n                                {\n                                  \"or\": [\n                                    \"_Af}]:Jz\",\n                                    \"vEEYB,N9\",\n                                    \"nv;Bo\",\n                                    \"VtlBuy\",\n                                    \"cgLSuNf\"\n                                  ]\n                                },\n                                \"PA^bdbdn\"\n                              ]\n                            },\n                            \" 1YZq\",\n                            \"3q\",\n                            {\n                              \"mc\": \"<=194\"\n                            }\n                          ]\n                        }\n                      ]\n                    },\n                    {\n                      \"and\": [\n                        \"/\",\n                        {\n                          \"and\": []\n                        },\n                        {\n                          \"mc\": \">=16\"\n                        },\n                        \"23rH)RE\",\n                        \"POYus_\"\n                      ]\n                    },\n                    \"F\",\n                    \"sIT22Q<y\",\n                    {\n                      \"and\": [\n                        \"7z2XJk;\",\n                        \"S!&&J>re\",\n                        \"Cc.I\",\n                        {\n                          \"and\": []\n                        },\n                        {\n                          \"mc\": \">=198\"\n                        }\n                      ]\n                    }\n                  ]\n                }\n              ]\n            },\n            \"kLEw86\",\n            {\n              \"or\": [\n                \"AJ50Z,\",\n                \",!O}1S\"\n              ]\n            }\n          ],\n          \"url\": \"http://akn42dvn53wljkofor9yfa-sz4w4yqkszqqibwzbtzx40wqqe7uu4.cxcjcs\",\n          \"info\": \"_t0-Ab5\"\n        },\n        \"\": {\n          \"2\": {\n            \"name\": \"(DJh>gv:\",\n            \"ay\": 1998,\n            \"match\": [\n              {\n                \"or\": [\n                  {\n                    \"and\": [\n                      {\n                        \"or\": [\n                          {\n                            \"and\": [\n                              \"ZY4392\",\n                              \"EC2J\"\n                            ]\n                          }\n                        ]\n                      },\n                      {\n                        \"or\": [\n                          \"PH*260\",\n                          {\n                            \"and\": []\n                          },\n                          \"CRV3*7P\"\n                        ]\n                      },\n                      {\n                        \"or\": [\n                          \"CEE958\",\n                          \"CW*R\"\n                        ]\n                      },\n                      \"OBU629B\",\n                      \"SHB7x21\"\n                    ]\n                  },\n                  {\n                    \"or\": []\n                  }\n                ]\n              },\n              {\n                \"and\": [\n                  \"XZ83K\",\n                  {\n                    \"or\": [\n                      {\n                        \"or\": [\n                          {\n                            \"and\": [\n                              \"EWPx62T\",\n                              \"BUD2541V\",\n                              \"PJA3\",\n                              \"EU6585\"\n                            ]\n                          },\n                          \"TILx9\"\n                        ]\n                      }\n                    ]\n                  },\n                  \"VB4N\",\n                  \"XB18\",\n                  {\n                    \"and\": [\n                      \"EVA93xQ\",\n                      {\n                        \"pattern\": \"MSH5x4\",\n                        \"exclude\": \"ARI3V\",\n                        \"info\": \":6yay4iXX\"\n                      },\n                      {\n                        \"pattern\": \"UCO82x0J\",\n                        \"info\": \"QB\"\n                      }\n                    ]\n                  }\n                ]\n              }\n            ],\n            \"url\": \"http://42e825ymk0la4snv15dpxs7b0o6fn9v1bpy87hkjd64enyhec9ox-lo-98nhcd.q-k05fgc66-6lq836jfikgxwok1mr79mfzv77r746ngd27.u43abf9n80y0sody95txbze0t4zqfl0xl7265ub1ps8.74e6ns.jhmvu/V=Im_3h~U&/K1sai/xIU%F1%88%BA%93&%F1%B8%83%B5;/bnaJx%F2%85%A1%AF$H\",\n            \"info\": \"\"\n          },\n          \"name\": \";=k^/K\",\n          \"ay\": 2008,\n          \"assign\": \"\",\n          \"match\": {\n            \"or\": [\n              {\n                \"pattern\": \"FPJ8*A\",\n                \"exclude\": \"GY3\",\n                \"info\": \"co~\"\n              },\n              {\n                \"and\": [\n                  \"KX0J\",\n                  {\n                    \"pattern\": \"LCC4F\",\n                    \"exclude\": \"CDO52\"\n                  },\n                  \"FB7\"\n                ]\n              },\n              {\n                \"pattern\": \"YEx25I\",\n                \"exclude\": [\n                  \"PK8647M\",\n                  \"YMN5\",\n                  \"NTA9x\",\n                  \"KTD14\",\n                  \"FOT380\"\n                ],\n                \"info\": \"OJ=+82c\"\n              },\n              {\n                \"or\": [\n                  \"ZLI2S\"\n                ]\n              }\n            ]\n          },\n          \"satisfy\": [\n            \"@\"\n          ],\n          \"url\": \"https://ywqwkpbu4r60hdor-0-bkl5hgktv2ggfc8buhz9.zecd/Sgb0Ll/1N:%F0%9D%82%B3xv/4xIH9%F2%AD%8F%92s//YLyQ!*-Qqj/oJCQ%F3%93%B4%AFN7%F1%A8%B6%A8C5/8dJdw-/sdIstZi+/pPg!EJ\",\n          \"info\": \"J;e\",\n          \"EN.68\": {\n            \"name\": \"*<O?|8W\",\n            \"ay\": 2002,\n            \"assign\": [\n              \"Kx@?//\",\n              \"W\",\n              \"xq11g\"\n            ],\n            \"satisfy\": [\n              \"h>:YE\",\n              {\n                \"mc\": \">=8\"\n              },\n              {\n                \"or\": [\n                  {\n                    \"and\": [\n                      \"HQf}TBxV\",\n                      \"Q4j#3\"\n                    ]\n                  },\n                  {\n                    \"and\": [\n                      {\n                        \"and\": [\n                          {\n                            \"mc\": \">=21\"\n                          },\n                          \"$\\\"18\"\n                        ]\n                      }\n                    ]\n                  },\n                  {\n                    \"or\": [\n                      \"5:u,hH\",\n                      {\n                        \"or\": [\n                          {\n                            \"or\": [\n                              \"Z\"\n                            ]\n                          },\n                          \"jY)T&BC\",\n                          {\n                            \"mc\": \">=9\"\n                          }\n                        ]\n                      },\n                      \"@NMx7}IEyd\",\n                      {\n                        \"mc\": \">=136\"\n                      }\n                    ]\n                  },\n                  {\n                    \"or\": []\n                  }\n                ]\n              }\n            ],\n            \"url\": \"https://cvlm2tnfgdjhcd7p6vvistdbr4tcm7oqfb9652cpk76im4b8vorexia5eu1bsty.plueg02p0zxl3vqi3ydvne.jrxoxmxibh6ijhqpr8dez92m.j6g36eadayzw8l9or86je5-ib016m1x-h06jgz13n8ypsoet3auqw1o.kyh/o%F2%A4%B3%B1'~6kXGNU/7(U%F1%AB%9A%BE%F2%8D%98%AFULrGj/L=vRDm/T%F1%B9%97%90RFX2XBQ\",\n            \"info\": \"/,-$u\"\n          },\n          \"Sk\": {\n            \"name\": \"4h:@\",\n            \"ay\": 1967,\n            \"assign\": [],\n            \"satisfy\": [\n              {\n                \"mc\": \"<=136\"\n              },\n              \"be`\",\n              {\n                \"and\": []\n              },\n              {\n                \"mc\": \">=189\"\n              },\n              {\n                \"mc\": \">=188\"\n              }\n            ],\n            \"info\": \"+x#GT\\\"i\",\n            \"X\": {\n              \"name\": \"}DpH+\",\n              \"ay\": 2022,\n              \"assign\": [],\n              \"match\": {\n                \"or\": [\n                  \"QUZ9x6*\",\n                  {\n                    \"or\": [\n                      {\n                        \"pattern\": \"GAR4x0U\",\n                        \"exclude\": \"SAO4J\",\n                        \"info\": \"V\"\n                      },\n                      \"JH47K\",\n                      {\n                        \"pattern\": \"JA2341C\",\n                        \"exclude\": \"YLH2\",\n                        \"info\": \"hFxP_Fete\"\n                      }\n                    ]\n                  },\n                  {\n                    \"or\": [\n                      {\n                        \"pattern\": \"ZSI719\",\n                        \"info\": \"emYs}3\"\n                      }\n                    ]\n                  },\n                  {\n                    \"and\": []\n                  }\n                ]\n              },\n              \"satisfy\": [\n                {\n                  \"and\": [\n                    {\n                      \"and\": [\n                        {\n                          \"and\": [\n                            \"NO4_d35KZ@\",\n                            \"T#3Gr;wE\\\\^\",\n                            \")*:FX\"\n                          ]\n                        },\n                        \"2\",\n                        {\n                          \"or\": [\n                            \"S6\\\"H\",\n                            \"?Y;i!QdT=F\",\n                            {\n                              \"and\": [\n                                \"U7$\",\n                                \"jqo((#TI\"\n                              ]\n                            },\n                            \"51M \"\n                          ]\n                        },\n                        {\n                          \"mc\": \">=94\"\n                        },\n                        \"yw%G6jrnvK\"\n                      ]\n                    },\n                    {\n                      \"or\": []\n                    },\n                    {\n                      \"or\": [\n                        \"|\",\n                        \"9|\",\n                        {\n                          \"mc\": \">=58\"\n                        },\n                        \"w\",\n                        \"X\\\"2#~tZW_/\"\n                      ]\n                    }\n                  ]\n                },\n                \"}\",\n                {\n                  \"or\": [\n                    {\n                      \"and\": [\n                        \"\",\n                        \"RSirJ'?X]f\"\n                      ]\n                    },\n                    {\n                      \"or\": [\n                        \"?\"\n                      ]\n                    },\n                    \"_n^L'djJ\",\n                    \"2g>-.).CQ.\"\n                  ]\n                }\n              ],\n              \"url\": \"https://3.fferyoccpou7gxt5ktr9el6pg5lv6v60yhpm29h0h549lls36-i0tnl.ejtaosalr/*IY/.K$.FLdX%F1%88%8D%B7o/HW%F0%AB%B4%8Fz!T;.39//\",\n              \"info\": \";@iao#\"\n            },\n            \"_uD=F?6&o\": {\n              \"name\": \"Q{zZ\",\n              \"ay\": 1980,\n              \"assign\": [\n                \"d#h?f;j*0\",\n                \"(PL/\"\n              ],\n              \"match\": {\n                \"pattern\": \"KPI8Z\",\n                \"exclude\": [\n                  \"QA3P\",\n                  \"AM3x1\",\n                  \"FX51x\",\n                  \"YPE01x\"\n                ],\n                \"info\": \"CPB\"\n              },\n              \"satisfy\": {\n                \"and\": [\n                  {\n                    \"mc\": \"<=84\"\n                  },\n                  {\n                    \"mc\": \">=92\"\n                  }\n                ]\n              },\n              \"url\": \"https://dsi1d6sy.t.7nioytiq1l97f.wspmdq/x_/.r%F0%BD%9A%8FuZ%F2%85%88%9F4f\",\n              \"info\": \"S/X\"\n            }\n          },\n          \"gj~<_\": {\n            \"name\": \"\\\"B5&<z\",\n            \"ay\": 1979,\n            \"assign\": [\n              \"tTWf\",\n              \"`{H[\",\n              \"xF#-w\",\n              \"~\"\n            ],\n            \"match\": {\n              \"and\": [\n                {\n                  \"pattern\": \"JZ26\",\n                  \"info\": \"6!\"\n                },\n                \"WNM6C\",\n                {\n                  \"or\": [\n                    \"PQ4\",\n                    {\n                      \"and\": [\n                        {\n                          \"or\": [\n                            {\n                              \"or\": [\n                                \"SKZ*1\",\n                                \"BT8\",\n                                \"YO0\",\n                                {\n                                  \"or\": [\n                                    \"CCC68\",\n                                    \"NCx85\",\n                                    \"XZP89\",\n                                    {\n                                      \"pattern\": \"ASQ2*\",\n                                      \"exclude\": [],\n                                      \"info\": \"\"\n                                    }\n                                  ]\n                                },\n                                \"DOx398\"\n                              ]\n                            }\n                          ]\n                        },\n                        \"XOX23\",\n                        {\n                          \"or\": [\n                            \"BX323\",\n                            \"MXY07N\",\n                            \"ZIM9298R\"\n                          ]\n                        }\n                      ]\n                    },\n                    \"BG92x\"\n                  ]\n                },\n                {\n                  \"and\": [\n                    {\n                      \"or\": [\n                        \"AR9\"\n                      ]\n                    },\n                    {\n                      \"and\": [\n                        {\n                          \"or\": [\n                            \"RH720N\",\n                            \"GJM92\",\n                            \"XM23B\",\n                            \"QCX804\",\n                            \"FPN0070\"\n                          ]\n                        },\n                        {\n                          \"or\": []\n                        },\n                        {\n                          \"and\": []\n                        }\n                      ]\n                    }\n                  ]\n                },\n                {\n                  \"and\": [\n                    {\n                      \"and\": [\n                        \"PLW09I\",\n                        \"LMI3O\",\n                        {\n                          \"pattern\": \"PRT4J\",\n                          \"info\": \".CcM*6=]!\"\n                        },\n                        \"YA5B\"\n                      ]\n                    },\n                    {\n                      \"or\": []\n                    },\n                    \"UDx73T\",\n                    {\n                      \"pattern\": \"ZQ1M\",\n                      \"exclude\": \"GEG204\",\n                      \"info\": \"s\\\"zZBa\"\n                    }\n                  ]\n                }\n              ]\n            },\n            \"url\": \"http://f3yzect7apgzzm3wcgy63x4yhq11.gs.08gyt5gnjary6-3h3pdsj5cqdd808.tkhu0.c.lhbzbv\",\n            \"info\": \"9fGq>7e\"\n          },\n          \"6Z=8`!\": {\n            \"name\": \"EZq@oPUt{\",\n            \"ay\": 2010,\n            \"assign\": \"U\",\n            \"match\": [],\n            \"info\": \"V7Yd,k\"\n          }\n        }\n      },\n      \"G\": {\n        \"name\": \"(n%?3\",\n        \"assign\": \"\",\n        \"match\": [\n          {\n            \"or\": [\n              {\n                \"pattern\": \"RAM2\",\n                \"exclude\": \"XDTxF\",\n                \"info\": \"S$\\\\ERU\"\n              },\n              {\n                \"and\": [\n                  \"NK22x9\"\n                ]\n              },\n              {\n                \"and\": []\n              }\n            ]\n          },\n          {\n            \"and\": [\n              {\n                \"or\": [\n                  \"VO2xxZ\",\n                  {\n                    \"or\": [\n                      {\n                        \"pattern\": \"CV93\",\n                        \"exclude\": \"QAJx9M\"\n                      },\n                      \"VWBx\",\n                      \"CPW4236J\",\n                      \"MA54\",\n                      \"NZA7\"\n                    ]\n                  },\n                  {\n                    \"or\": [\n                      {\n                        \"pattern\": \"HC28L\",\n                        \"exclude\": \"KB5\",\n                        \"info\": \"gcb)]*PV\"\n                      },\n                      {\n                        \"pattern\": \"VA8x0N\",\n                        \"info\": \"]*,7s=#*^5\"\n                      },\n                      {\n                        \"pattern\": \"BFP8xT\",\n                        \"exclude\": \"PBxC\",\n                        \"info\": \"PrpC3'[!#\"\n                      }\n                    ]\n                  },\n                  {\n                    \"or\": [\n                      {\n                        \"and\": [\n                          \"FOS536x\",\n                          \"YS4528\"\n                        ]\n                      }\n                    ]\n                  }\n                ]\n              },\n              {\n                \"and\": [\n                  {\n                    \"pattern\": \"DAO7411\",\n                    \"info\": \">\"\n                  },\n                  \"QY*25*\",\n                  {\n                    \"or\": [\n                      \"MDJ064xX\",\n                      \"RGx3x9\",\n                      \"RDY61*3D\",\n                      \"ODZx33P\"\n                    ]\n                  }\n                ]\n              },\n              {\n                \"pattern\": \"SX1*81\",\n                \"exclude\": [],\n                \"info\": \"[%23;o8'<\"\n              }\n            ]\n          },\n          {\n            \"or\": [\n              \"PY8*\",\n              {\n                \"or\": [\n                  {\n                    \"and\": [\n                      \"XU2U\"\n                    ]\n                  },\n                  \"FJJ54x*\"\n                ]\n              },\n              \"HW*O\"\n            ]\n          },\n          \"GJUx69x\",\n          {\n            \"and\": [\n              \"DR6\",\n              {\n                \"and\": [\n                  \"RV*9\",\n                  {\n                    \"pattern\": \"DPZx621\",\n                    \"exclude\": [\n                      \"NAB8*\",\n                      \"UX5\",\n                      \"YIP07E\",\n                      \"FFW2K\"\n                    ],\n                    \"info\": \"_'a<\"\n                  }\n                ]\n              },\n              {\n                \"or\": [\n                  \"YFX263V\"\n                ]\n              },\n              {\n                \"or\": [\n                  \"VW25\",\n                  \"FGS50U\",\n                  {\n                    \"pattern\": \"MYT3*X\"\n                  },\n                  {\n                    \"and\": [\n                      \"RB*\"\n                    ]\n                  },\n                  {\n                    \"and\": [\n                      \"WYC2x7E\",\n                      {\n                        \"and\": []\n                      }\n                    ]\n                  }\n                ]\n              }\n            ]\n          }\n        ],\n        \"satisfy\": {\n          \"or\": [\n            {\n              \"or\": [\n                \"(I\",\n                {\n                  \"mc\": \"<=199\"\n                },\n                \"\",\n                {\n                  \"mc\": \">=101\"\n                }\n              ]\n            },\n            {\n              \"and\": [\n                {\n                  \"or\": [\n                    \"4$_5e`7\",\n                    {\n                      \"or\": []\n                    }\n                  ]\n                },\n                {\n                  \"mc\": \"<=146\"\n                },\n                \"T0i4Rx=DE\",\n                {\n                  \"and\": [\n                    {\n                      \"or\": [\n                        \"6'>j(V\",\n                        \"\\\"3E\",\n                        \"<;D]^r#@vm\",\n                        \"=R~%4/S\",\n                        \"iK?>hBV80:\"\n                      ]\n                    },\n                    {\n                      \"or\": [\n                        {\n                          \"mc\": \"<=100\"\n                        },\n                        \":~9qD\",\n                        \"x\"\n                      ]\n                    },\n                    \"0^V4\",\n                    \"poX`eXm-ZV\",\n                    \"(yKq0|Coi5\"\n                  ]\n                }\n              ]\n            }\n          ]\n        },\n        \"url\": \"https://o.6.zfeorgh/%F4%87%91%8AbL52/%F1%94%A8%9B$(9OP;$/%F0%BA%B7%95+Q/'7Zjr~%F2%AE%AD%86mNH//UId%E6%97%983spmD$\",\n        \"cz.G\\\"a&0\": {\n          \"ay\": 2015,\n          \"assign\": [\n            \";00Q:`\",\n            \"R)F*oIAxQ.\",\n            \"B>1P\",\n            \"#W\"\n          ],\n          \"match\": \"QPQ059\",\n          \"satisfy\": [\n            \"V9\\\"8W\",\n            {\n              \"or\": []\n            },\n            {\n              \"or\": [\n                {\n                  \"and\": [\n                    \"V}zxE\",\n                    \"Q~YyMhHMl\",\n                    {\n                      \"and\": [\n                        \"b}$_gR^$\",\n                        \"_xcMnHx.\",\n                        \"\",\n                        {\n                          \"or\": [\n                            \"q\",\n                            {\n                              \"and\": []\n                            },\n                            \"jXQ\",\n                            \"zp\"\n                          ]\n                        }\n                      ]\n                    },\n                    {\n                      \"mc\": \"<=97\"\n                    },\n                    \"@H:|e)rN5t\"\n                  ]\n                },\n                \"-RnG $\",\n                {\n                  \"and\": []\n                }\n              ]\n            }\n          ],\n          \"info\": \"='vKH\"\n        },\n        \"aIZJae)h]E\": {\n          \"name\": \"f!\\\"FG\",\n          \"ay\": 2019,\n          \"assign\": [\n            \".F#3P\",\n            \"=l>(ld \",\n            \"k.+)\"\n          ],\n          \"satisfy\": {\n            \"or\": []\n          },\n          \"url\": \"https://x97q87fzp4jxvhl1hp0o97es8hga47jljuc-s64sw3ff4l9jgkjun37nj5f4u.kzkvbk7pmygnqpvdkir41gc-3ukc5ppr3uo46o9o916.nui/%F2%B0%A5%84/%F0%B6%9D%83lQgw4eFC./kh:RA//oD%F0%93%B9%99%F3%99%B1%BBF:%F2%8A%9B%B3o\",\n          \"info\": \"]4\"\n        },\n        \"C'F\": {\n          \"ay\": 1962,\n          \"assign\": \"ExL%'z.B\",\n          \"match\": {\n            \"or\": [\n              {\n                \"and\": [\n                  \"EU64S\"\n                ]\n              },\n              {\n                \"and\": [\n                  \"OQ3W\"\n                ]\n              },\n              \"JNx52B\"\n            ]\n          },\n          \"satisfy\": {\n            \"and\": [\n              {\n                \"and\": [\n                  \"B I_E#UH\",\n                  \"(\"\n                ]\n              }\n            ]\n          },\n          \"url\": \"http://h8xh.59-43wl28dj6e6x.v8y3d5q3svett4xwk.i.wo/J'K/Me/wpA5oMZ///@1b/I%F3%AF%83%90F3/Uir5qQe%EF%AB%8A\",\n          \"info\": \"oN3vt\"\n        }\n      }\n    }\n  },\n  {\n    \"title\": \"block sample 7\",\n    \"value\": {\n      \"assign\": [\n        \"0Lgiyv!,\"\n      ],\n      \"match\": [],\n      \"satisfy\": [\n        {\n          \"and\": [\n            {\n              \"mc\": \"<=77\"\n            },\n            {\n              \"mc\": \"<=63\"\n            },\n            {\n              \"or\": [\n                {\n                  \"mc\": \">=88\"\n                },\n                \"W|9}F{\",\n                {\n                  \"and\": [\n                    \"8UKMFY _!@\",\n                    \"XgL2v+x)86\",\n                    \"}eaU;\"\n                  ]\n                },\n                \"nH\",\n                {\n                  \"mc\": \"<=2\"\n                }\n              ]\n            },\n            {\n              \"and\": [\n                \"\",\n                {\n                  \"or\": [\n                    \"s7$P,U3ki\",\n                    \"1/t*_bDDk\",\n                    \"}koc\",\n                    {\n                      \"or\": [\n                        {\n                          \"or\": []\n                        }\n                      ]\n                    }\n                  ]\n                },\n                \"1FQ[q\",\n                {\n                  \"mc\": \"<=34\"\n                },\n                \"^N p7TA\"\n              ]\n            },\n            {\n              \"and\": []\n            }\n          ]\n        },\n        {\n          \"and\": [\n            {\n              \"or\": [\n                {\n                  \"or\": [\n                    \"\"\n                  ]\n                },\n                {\n                  \"mc\": \">=66\"\n                },\n                {\n                  \"mc\": \">=129\"\n                }\n              ]\n            }\n          ]\n        },\n        {\n          \"or\": [\n            {\n              \"or\": []\n            },\n            {\n              \"mc\": \">=157\"\n            }\n          ]\n        },\n        {\n          \"mc\": \"<=4\"\n        }\n      ],\n      \"?[;!$\": {\n        \"name\": \" }~\",\n        \"ay\": 1956,\n        \"assign\": [\n          \" -w%OY7\",\n          \")Y[Mb t]j{\",\n          \"=~M7*21\",\n          \"H8\",\n          \"aVA3A}l\"\n        ],\n        \"match\": [\n          {\n            \"and\": [\n              {\n                \"and\": [\n                  \"RLU*x88K\"\n                ]\n              }\n            ]\n          },\n          {\n            \"pattern\": \"KV55\",\n            \"exclude\": [\n              \"QBM71\"\n            ],\n            \"info\": \"q[3\"\n          }\n        ],\n        \"satisfy\": [\n          {\n            \"mc\": \"<=5\"\n          },\n          {\n            \"mc\": \">=2\"\n          }\n        ],\n        \"url\": \"http://i.pe///I90M9/z//Tu'/@B1Yj,F~5/-/%F1%BF%BF%93e\"\n      },\n      \"n$\": {\n        \"name\": \"%|\",\n        \"ay\": 1956,\n        \"assign\": \"TT3\",\n        \"satisfy\": {\n          \"and\": [\n            {\n              \"and\": [\n                {\n                  \"mc\": \"<=4\"\n                },\n                {\n                  \"and\": []\n                }\n              ]\n            },\n            {\n              \"or\": [\n                \"JeK#~2yWqN\",\n                \"Wz0:z%[\",\n                \"RVYf*Rl0\",\n                \"/ax^N{D0w~\",\n                {\n                  \"mc\": \">=196\"\n                }\n              ]\n            },\n            {\n              \"or\": [\n                {\n                  \"and\": [\n                    \"%\",\n                    \"(K43\",\n                    \"oOFB/Y\",\n                    \"ibz+\"\n                  ]\n                }\n              ]\n            },\n            {\n              \"and\": [\n                \"e%\",\n                {\n                  \"or\": [\n                    {\n                      \"mc\": \"<=77\"\n                    },\n                    \"yL!<n\",\n                    {\n                      \"mc\": \"<=8\"\n                    }\n                  ]\n                }\n              ]\n            }\n          ]\n        },\n        \"url\": \"https://f.dyhq0rlodt-bdvohxwqris1eov-u9l3itaq-3lum9h2t2npoblr8ag1luk.rw/)8/v/%F1%8A%89%9B%F1%93%80%92)oZ/rMo/$/d/%F1%A0%87%8Ff@)/(*kPJeb($/%F2%B6%AC%81zph%F4%81%B9%80LRB\",\n        \"info\": \"Csf\"\n      }\n    }\n  },\n  {\n    \"title\": \"block sample 8\",\n    \"value\": {\n      \"name\": \"jy\",\n      \"assign\": \"{z\",\n      \"satisfy\": [\n        {\n          \"or\": [\n            {\n              \"or\": []\n            }\n          ]\n        }\n      ],\n      \"url\": \"https://a6.eoqxtqb///afA~%F0%BA%B3%A0G/6gAyl%F4%8F%BF%AEe%21/Ps(QXA%F1%AC%B3%92S/9d/%F3%8B%A3%9A%F4%8F%BF%B4%F4%8F%BF%BD*/=\",\n      \"info\": \"'.U\",\n      \"B:qdBkT\": {\n        \"name\": \"*jmR\",\n        \"ay\": 1968,\n        \"assign\": \"T'0t%\",\n        \"match\": {\n          \"and\": [\n            \"BW703I\"\n          ]\n        },\n        \"satisfy\": {\n          \"or\": [\n            {\n              \"or\": [\n                \"io7E5`V\",\n                {\n                  \"and\": [\n                    {\n                      \"or\": []\n                    },\n                    \"\",\n                    {\n                      \"or\": [\n                        \"F\",\n                        \"\",\n                        \"Y+P5-]R\\\"{\",\n                        \"26\"\n                      ]\n                    },\n                    \"80fis!r-DK\"\n                  ]\n                }\n              ]\n            },\n            {\n              \"and\": [\n                {\n                  \"or\": [\n                    \"M7q'XV^O\",\n                    {\n                      \"or\": []\n                    },\n                    {\n                      \"mc\": \">=171\"\n                    },\n                    \"wa\",\n                    \"SG/,05\"\n                  ]\n                },\n                \")C\",\n                {\n                  \"and\": [\n                    \":1~^^9uX\",\n                    \"i~\"\n                  ]\n                },\n                \"/EDf{8G$s\",\n                \"k\\\\@\"\n              ]\n            },\n            \"\"\n          ]\n        },\n        \"url\": \"http://adnjpludagkl63fm.0wb4ssa1icik2nb41c11vgjx4j3oh9so5ibd3il0w9x4ajxj1ug4h--c-tgnjpu.b0v0aue.u1olzh-9cch8rez4np9og3y00po5swnp4e5pfqcg2p1lppapoa.h0bj-j9z46egzukskf4zu-r76p6yy3hi6p4myznaio1w.wjdu/EC%F4%85%A6%89dHsoo/;/%F2%87%8C%B7rX/%F3%93%94%B1XK0Z//F\",\n        \"info\": \"\"\n      },\n      \"Wv^\": {\n        \"name\": \"Ho51.$1\",\n        \"ay\": 1983,\n        \"assign\": [\n          \":Q\",\n          \"b;\",\n          \"#}5R^m%2\",\n          \"8cTs?B0!\",\n          \"FO=xu;ni\"\n        ],\n        \"match\": [],\n        \"satisfy\": [\n          {\n            \"or\": [\n              \"}!\",\n              {\n                \"or\": [\n                  {\n                    \"and\": [\n                      \"o:\",\n                      \"Ku7.r#!eVm\",\n                      {\n                        \"mc\": \"<=78\"\n                      },\n                      \"@GhQ**r\",\n                      \"qSr|P>eG\"\n                    ]\n                  },\n                  \"2_c\\\\v2Y:&\",\n                  {\n                    \"and\": [\n                      {\n                        \"mc\": \"<=164\"\n                      }\n                    ]\n                  },\n                  {\n                    \"mc\": \">=136\"\n                  }\n                ]\n              },\n              {\n                \"or\": [\n                  \"}l(*_\"\n                ]\n              },\n              {\n                \"mc\": \"<=120\"\n              },\n              {\n                \"mc\": \">=164\"\n              }\n            ]\n          },\n          {\n            \"mc\": \">=140\"\n          },\n          {\n            \"mc\": \"<=141\"\n          },\n          {\n            \"and\": [\n              {\n                \"or\": [\n                  {\n                    \"or\": [\n                      \"${zdU\",\n                      {\n                        \"mc\": \">=12\"\n                      },\n                      \"\",\n                      {\n                        \"mc\": \"<=158\"\n                      },\n                      {\n                        \"mc\": \">=195\"\n                      }\n                    ]\n                  },\n                  \"^mfZ`c\",\n                  \"0\"\n                ]\n              },\n              \"Xf-\",\n              {\n                \"and\": [\n                  \"Zb\"\n                ]\n              },\n              {\n                \"or\": [\n                  \";7y1KrM4\"\n                ]\n              },\n              {\n                \"and\": [\n                  \"QTw+Q9)-\",\n                  {\n                    \"mc\": \"<=153\"\n                  },\n                  {\n                    \"or\": [\n                      \"\\\\3)>mHI\",\n                      {\n                        \"or\": [\n                          \"_bP\",\n                          {\n                            \"and\": [\n                              {\n                                \"and\": [\n                                  \"x&ER$(kV}s\",\n                                  \"]g7NY\",\n                                  \"ePZ|t}\",\n                                  \"2nQhkB|;\"\n                                ]\n                              },\n                              \"6 Gefp\",\n                              \"{O'7wr'k\",\n                              \"MUTJ?S\",\n                              \"hh9YsY{z\"\n                            ]\n                          },\n                          {\n                            \"or\": [\n                              \"XU-dq\",\n                              \"qp%%v?\",\n                              \"t$\",\n                              \"NuYCg!PI\"\n                            ]\n                          },\n                          \"\"\n                        ]\n                      },\n                      \")cc\",\n                      \"b<p\"\n                    ]\n                  },\n                  {\n                    \"and\": [\n                      {\n                        \"or\": [\n                          \"7\"\n                        ]\n                      }\n                    ]\n                  }\n                ]\n              }\n            ]\n          },\n          {\n            \"mc\": \">=158\"\n          }\n        ],\n        \"url\": \"http://r5o1atfimupbn3ei-fgrrx1g9n0.orwnesc1nv82sp7n72-5gt452g7oci4s2wqu3po6ry2z1raoyuoo.0t7an-20t4r1axs0r2x6wae-dj08cxeukbhiy.sqbvatynq/F@(kSU/(/j3E5&%F2%BB%88%9E/!rl8;9\",\n        \"\": {\n          \"name\": \"_;3ZtS\",\n          \"ay\": 2025,\n          \"assign\": [\n            \"/ML{`r4- \",\n            \".'v98^i\"\n          ],\n          \"match\": [\n            {\n              \"and\": [\n                {\n                  \"and\": [\n                    {\n                      \"or\": [\n                        \"FUV5281\"\n                      ]\n                    },\n                    \"FE82*4\",\n                    {\n                      \"pattern\": \"PBI20Z\",\n                      \"exclude\": [\n                        \"GQ209\",\n                        \"APZ6674S\",\n                        \"PFC8*0\",\n                        \"PE109V\"\n                      ],\n                      \"info\": \"Ue0\\\\o\\\"}De!\"\n                    }\n                  ]\n                },\n                {\n                  \"or\": [\n                    \"STx707\",\n                    \"KNV4\",\n                    \"FY2M\",\n                    \"BD212C\",\n                    \"PQ4899\"\n                  ]\n                },\n                {\n                  \"and\": [\n                    \"XS3\"\n                  ]\n                },\n                \"PK5xR\"\n              ]\n            },\n            \"DWD39I\"\n          ],\n          \"satisfy\": [\n            \"^Z<G\",\n            {\n              \"and\": [\n                {\n                  \"or\": []\n                },\n                {\n                  \"or\": [\n                    {\n                      \"mc\": \"<=67\"\n                    }\n                  ]\n                },\n                {\n                  \"and\": [\n                    {\n                      \"mc\": \">=1\"\n                    },\n                    {\n                      \"and\": [\n                        {\n                          \"or\": [\n                            \"a)j).k\"\n                          ]\n                        },\n                        {\n                          \"or\": [\n                            \"^g3aTM`\",\n                            {\n                              \"mc\": \">=143\"\n                            }\n                          ]\n                        },\n                        \"((>/-K\",\n                        \"\",\n                        {\n                          \"mc\": \"<=198\"\n                        }\n                      ]\n                    },\n                    \"6ML\",\n                    {\n                      \"mc\": \"<=183\"\n                    },\n                    \"f?dm\"\n                  ]\n                }\n              ]\n            }\n          ],\n          \"url\": \"http://z29nx44y4xcymmoq96h1z18w92gce271d.9-m9u6qkps50aawo28a3mw2-vp-iglfso44hbogma7kux2f7lh7n0viuoaa4n.0qkfqi0avs687bqon0y0j9b8wjgmy.mc2cnltdjlyvn0re83v9sc9owu6bha82wt3-sars1x8qn0c85jm-10mgpjhg002.opp/%F0%A7%AA%9E%F1%B8%8A%B3zV2Hm$Np/PGI5rc/p+B/J/xm,%F3%BB%B1%B7/bhKZa//Vl/dC(XHP\"\n        },\n        \"hL[P)f\": {\n          \"name\": \"==w\",\n          \"ay\": 2024,\n          \"assign\": \"a5RRZPMw5\",\n          \"match\": {\n            \"or\": [\n              {\n                \"
[...]
              "pass": true,
              "fail": false,
              "pending": false,
              "context": null,
              "code": "const satisfier = satisfiers_1.inequalitySatisfier(ref, \"<=32\");\nsatisfier.should.have.property(\"filter\");\nconst { filter } = satisfier;\nisCorrectFilter(filter, modulesList1, modulesList1.map(([moduleStr]) => moduleStr));",
              "err": {},
              "uuid": "b5dd3004-2746-46db-947f-87410799f499",
              "parentUUID": "837214f1-386f-4adc-b3db-580dcbf72349",
              "isHook": false,
              "skipped": false
            },
            {
              "title": "should truncate list of modules with upper bound of MCs at exact cutoff if total MC count is higher and there exists some starting sequence with exact MC count",
              "fullTitle": "inequalitySatisfier should truncate list of modules with upper bound of MCs at exact cutoff if total MC count is higher and there exists some starting sequence with exact MC count",
              "timedOut": false,
              "duration": 1,
              "state": "passed",
              "speed": "fast",
              "pass": true,
              "fail": false,
              "pending": false,
              "context": null,
              "code": "const satisfier = satisfiers_1.inequalitySatisfier(ref, \"<=16\");\nsatisfier.should.have.property(\"filter\");\nconst { filter } = satisfier;\nisCorrectFilter(filter, modulesList1, [\n    \"CS2100\",\n    \"GER1000\",\n    \"CS2040S\",\n    \"ST2131\",\n]);",
              "err": {},
              "uuid": "fc2429b4-f783-49d6-913a-777473a2d698",
              "parentUUID": "837214f1-386f-4adc-b3db-580dcbf72349",
              "isHook": false,
              "skipped": false
            },
            {
              "title": "should truncate list of modules with upper bound of MCs, cutting off at the minimum starting sequence that exceeds upper bound, if total MC count is higher and there exists no starting sequence with exact MC count",
              "fullTitle": "inequalitySatisfier should truncate list of modules with upper bound of MCs, cutting off at the minimum starting sequence that exceeds upper bound, if total MC count is higher and there exists no starting sequence with exact MC count",
              "timedOut": false,
              "duration": 0,
              "state": "passed",
              "speed": "fast",
              "pass": true,
              "fail": false,
              "pending": false,
              "context": null,
              "code": "const satisfier = satisfiers_1.inequalitySatisfier(ref, \"<=17\");\nsatisfier.should.have.property(\"filter\");\nconst { filter } = satisfier;\nisCorrectFilter(filter, modulesList1, [\n    \"CS2100\",\n    \"GER1000\",\n    \"CS2040S\",\n    \"ST2131\",\n    \"MA1521\",\n]);",
              "err": {},
              "uuid": "c1a9a61f-5054-4b2d-90bb-720e48c43fee",
              "parentUUID": "837214f1-386f-4adc-b3db-580dcbf72349",
              "isHook": false,
              "skipped": false
            }
          ],
          "suites": [],
          "passes": [
            "5c1d81bb-147d-4abf-b0f6-165eab533fb1",
            "e7ca7e3f-5709-4539-9f19-48dafc1dc154",
            "90e9ed60-039e-43a9-8663-69731314a5a9",
            "9ef326c3-6550-43f6-8402-0dbb1df9c58d",
            "b5dd3004-2746-46db-947f-87410799f499",
            "fc2429b4-f783-49d6-913a-777473a2d698",
            "c1a9a61f-5054-4b2d-90bb-720e48c43fee"
          ],
          "failures": [],
          "pending": [],
          "skipped": [],
          "duration": 3,
          "root": false,
          "rootEmpty": false,
          "_timeout": 2000
        },
        {
          "uuid": "0d65564d-d24a-460b-bf00-87852f7ebe3f",
          "title": "inequalitySchema",
          "fullFile": "/home/runner/work/planwithus-lib/planwithus-lib/src/satisfyRule/inequality/schemas.test.ts",
          "file": "/src/satisfyRule/inequality/schemas.test.ts",
          "beforeHooks": [],
          "afterHooks": [],
          "tests": [
            {
              "title": "should validate inequality in the form <=n or >=n",
              "fullTitle": "inequalitySchema should validate inequality in the form <=n or >=n",
              "timedOut": false,
              "duration": 1,
              "state": "passed",
              "speed": "fast",
              "pass": true,
              "fail": false,
              "pending": false,
              "context": "[\n  {\n    \"title\": \"inequality sample 0\",\n    \"value\": \">=94\"\n  },\n  {\n    \"title\": \"inequality sample 1\",\n    \"value\": \"<=8\"\n  },\n  {\n    \"title\": \"inequality sample 2\",\n    \"value\": \"<=165\"\n  },\n  {\n    \"title\": \"inequality sample 3\",\n    \"value\": \">=7\"\n  },\n  {\n    \"title\": \"inequality sample 4\",\n    \"value\": \">=93\"\n  },\n  {\n    \"title\": \"inequality sample 5\",\n    \"value\": \"<=7\"\n  },\n  {\n    \"title\": \"inequality sample 6\",\n    \"value\": \">=176\"\n  },\n  {\n    \"title\": \"inequality sample 7\",\n    \"value\": \">=197\"\n  },\n  {\n    \"title\": \"inequality sample 8\",\n    \"value\": \"<=6\"\n  },\n  {\n    \"title\": \"inequality sample 9\",\n    \"value\": \">=200\"\n  }\n]",
              "code": "fast_check_1.sample(index_test_2.inequality, 10).forEach((sample, i) => addContext_1.default(this, {\n    title: `inequality sample ${i}`,\n    value: sample,\n}));\nreturn fast_check_1.assert(fast_check_1.property(index_test_2.inequality, ajvValidate));",
              "err": {},
              "uuid": "f928a47f-e5f0-4102-a439-bf0932a3675b",
              "parentUUID": "0d65564d-d24a-460b-bf00-87852f7ebe3f",
              "isHook": false,
              "skipped": false
            },
            {
              "title": "should not validate inequality of invalid form",
              "fullTitle": "inequalitySchema should not validate inequality of invalid form",
              "timedOut": false,
              "duration": 2,
              "state": "passed",
              "speed": "fast",
              "pass": true,
              "fail": false,
              "pending": false,
              "context": null,
              "code": "[\n        \"\",\n        \"==23\",\n        \"23\",\n        \"<23\",\n        \">23\",\n        \"<=-1\",\n        \">=-1\",\n        \"<= 2\",\n        \">= 1\",\n        \"> 3\",\n        \"< 3\",\n        \"<=3a\",\n        \">=3a\",\n        \"a<=3\",\n        \"a>=3\",\n    ].forEach(isInvalidInequality)",
              "err": {},
              "uuid": "a64504fa-4c6b-4fd3-aa73-786c14992761",
              "parentUUID": "0d65564d-d24a-460b-bf00-87852f7ebe3f",
              "isHook": false,
              "skipped": false
            }
          ],
          "suites": [],
          "passes": [
            "f928a47f-e5f0-4102-a439-bf0932a3675b",
            "a64504fa-4c6b-4fd3-aa73-786c14992761"
          ],
          "failures": [],
          "pending": [],
          "skipped": [],
          "duration": 3,
          "root": false,
          "rootEmpty": false,
          "_timeout": 2000
        },
        {
          "uuid": "7f6ebd54-8db3-4abd-b26a-58164d90e506",
          "title": "satisfyRuleSchema",
          "fullFile": "/home/runner/work/planwithus-lib/planwithus-lib/src/satisfyRule/schemas.test.ts",
          "file": "/src/satisfyRule/schemas.test.ts",
          "beforeHooks": [],
          "afterHooks": [],
          "tests": [
            {
              "title": "should validate satisfy rule with valid block id",
              "fullTitle": "satisfyRuleSchema should validate satisfy rule with valid block id",
              "timedOut": false,
              "duration": 1,
              "state": "passed",
              "speed": "fast",
              "pass": true,
              "fail": false,
              "pending": false,
              "context": null,
              "code": "fast_check_1.assert(fast_check_1.property(fast_check_1.string(), ajvValidate)",
              "err": {},
              "uuid": "8b590b63-7186-4578-a40b-c40d85f618d2",
              "parentUUID": "7f6ebd54-8db3-4abd-b26a-58164d90e506",
              "isHook": false,
              "skipped": false
            },
            {
              "title": "should validate satisfy rules with valid mc",
              "fullTitle": "satisfyRuleSchema should validate satisfy rules with valid mc",
              "timedOut": false,
              "duration": 1,
              "state": "passed",
              "speed": "fast",
              "pass": true,
              "fail": false,
              "pending": false,
              "context": "[\n  {\n    \"title\": \"mcSatisfyRule sample 0\",\n    \"value\": {\n      \"mc\": \">=3\"\n    }\n  },\n  {\n    \"title\": \"mcSatisfyRule sample 1\",\n    \"value\": {\n      \"mc\": \"<=41\"\n    }\n  },\n  {\n    \"title\": \"mcSatisfyRule sample 2\",\n    \"value\": {\n      \"mc\": \"<=7\"\n    }\n  },\n  {\n    \"title\": \"mcSatisfyRule sample 3\",\n    \"value\": {\n      \"mc\": \">=161\"\n    }\n  },\n  {\n    \"title\": \"mcSatisfyRule sample 4\",\n    \"value\": {\n      \"mc\": \">=68\"\n    }\n  },\n  {\n    \"title\": \"mcSatisfyRule sample 5\",\n    \"value\": {\n      \"mc\": \">=32\"\n    }\n  },\n  {\n    \"title\": \"mcSatisfyRule sample 6\",\n    \"value\": {\n      \"mc\": \">=200\"\n    }\n  },\n  {\n    \"title\": \"mcSatisfyRule sample 7\",\n    \"value\": {\n      \"mc\": \"<=3\"\n    }\n  },\n  {\n    \"title\": \"mcSatisfyRule sample 8\",\n    \"value\": {\n      \"mc\": \">=199\"\n    }\n  },\n  {\n    \"title\": \"mcSatisfyRule sample 9\",\n    \"value\": {\n      \"mc\": \">=4\"\n    }\n  }\n]",
              "code": "fast_check_1.sample(index_test_2.mcSatisfyRule, 10).forEach((sample, i) => addContext_1.default(this, {\n    title: `mcSatisfyRule sample ${i}`,\n    value: sample,\n}));\nreturn fast_check_1.assert(fast_check_1.property(index_test_2.mcSatisfyRule, ajvValidate));",
              "err": {},
              "uuid": "6e44db5b-ba36-4cf3-a81f-6ca36363311a",
              "parentUUID": "7f6ebd54-8db3-4abd-b26a-58164d90e506",
              "isHook": false,
              "skipped": false
            },
            {
              "title": "should validate valid recursive satisfy rules",
              "fullTitle": "satisfyRuleSchema should validate valid recursive satisfy rules",
              "timedOut": false,
              "duration": 4,
              "state": "passed",
              "speed": "fast",
              "pass": true,
              "fail": false,
              "pending": false,
              "context": "[\n  {\n    \"title\": \"satisfyRule sample 0\",\n    \"value\": {\n      \"and\": []\n    }\n  },\n  {\n    \"title\": \"satisfyRule sample 1\",\n    \"value\": {\n      \"and\": [\n        {\n          \"or\": [\n            {\n              \"and\": [\n                \"W6jvw\",\n                \"l Y \"\n              ]\n            },\n            {\n              \"or\": [\n                \"e9.Qq~>iW\",\n                {\n                  \"or\": [\n                    \":d\"\n                  ]\n                },\n                \"XmLp \"\n              ]\n            }\n          ]\n        },\n        {\n          \"or\": [\n            \"\",\n            \"S.t~(f\",\n            {\n              \"mc\": \">=95\"\n            },\n            {\n              \"mc\": \"<=169\"\n            },\n            {\n              \"mc\": \">=112\"\n            }\n          ]\n        },\n        {\n          \"mc\": \"<=4\"\n        }\n      ]\n    }\n  },\n  {\n    \"title\": \"satisfyRule sample 2\",\n    \"value\": \"!x$\\\\z!&\"\n  },\n  {\n    \"title\": \"satisfyRule sample 3\",\n    \"value\": {\n      \"mc\": \">=78\"\n    }\n  },\n  {\n    \"title\": \"satisfyRule sample 4\",\n    \"value\": \"MXy{bq\"\n  },\n  {\n    \"title\": \"satisfyRule sample 5\",\n    \"value\": {\n      \"and\": [\n        {\n          \"and\": [\n            \".\",\n            \",TRkoS\",\n            \"+P3&*a\"\n          ]\n        }\n      ]\n    }\n  },\n  {\n    \"title\": \"satisfyRule sample 6\",\n    \"value\": {\n      \"and\": [\n        \"Qe|Ms<k't\",\n        {\n          \"or\": [\n            {\n              \"or\": [\n                \" lXQS|\",\n                \"\"\n              ]\n            },\n            \"n\"\n          ]\n        },\n        {\n          \"mc\": \"<=128\"\n        }\n      ]\n    }\n  },\n  {\n    \"title\": \"satisfyRule sample 7\",\n    \"value\": {\n      \"or\": [\n        {\n          \"or\": []\n        },\n        {\n          \"mc\": \">=198\"\n        },\n        {\n          \"and\": [\n            {\n              \"mc\": \">=3\"\n            }\n          ]\n        },\n        {\n          \"mc\": \"<=76\"\n        }\n      ]\n    }\n  },\n  {\n    \"title\": \"satisfyRule sample 8\",\n    \"value\": \"\"\n  },\n  {\n    \"title\": \"satisfyRule sample 9\",\n    \"value\": {\n      \"and\": [\n        {\n          \"mc\": \">=23\"\n        },\n        {\n          \"or\": []\n        }\n      ]\n    }\n  }\n]",
              "code": "fast_check_1.sample(index_test_2.satisfyRule, 10).forEach((sample, i) => addContext_1.default(this, {\n    title: `satisfyRule sample ${i}`,\n    value: sample,\n}));\nreturn fast_check_1.assert(fast_check_1.property(index_test_2.satisfyRule, ajvValidate));",
              "err": {},
              "uuid": "21bbd283-90cc-4f52-a28a-705d1c097041",
              "parentUUID": "7f6ebd54-8db3-4abd-b26a-58164d90e506",
              "isHook": false,
              "skipped": false
            },
            {
              "title": "should not validate non-string/object",
              "fullTitle": "satisfyRuleSchema should not validate non-string/object",
              "timedOut": false,
              "duration": 1,
              "state": "passed",
              "speed": "fast",
              "pass": true,
              "fail": false,
              "pending": false,
              "context": null,
              "code": "const error = {\n    instancePath: \"\",\n    message: \"satisfy rule should be either a string or an object\",\n};\nisInvalidRule(null, error);\nisInvalidRule(undefined, error);\nisInvalidRule(10, error);\nisInvalidRule([12, 24], error);",
              "err": {},
              "uuid": "78dc8f44-5db7-41d9-8260-b5694ea364a6",
              "parentUUID": "7f6ebd54-8db3-4abd-b26a-58164d90e506",
              "isHook": false,
              "skipped": false
            },
            {
              "title": "should not validate satisfy rules with extra properties",
              "fullTitle": "satisfyRuleSchema should not validate satisfy rules with extra properties",
              "timedOut": false,
              "duration": 0,
              "state": "passed",
              "speed": "fast",
              "pass": true,
              "fail": false,
              "pending": false,
              "context": null,
              "code": "isInvalidRule({\n        and: [\n            { or: [\"2k\"], abc: \"def\" },\n            { mc: 8, ghi: \"jkl\" },\n        ],\n        mno: \"pqr\",\n    }, {\n        instancePath: \"/and/0\",\n        message: \"or satisfy rule should have property 'or' only\",\n    }, {\n        instancePath: \"/and/1\",\n        message: \"MC satisfy rule should have property 'mc' only\",\n    }, {\n        instancePath: \"\",\n        message: \"and satisfy rule should have property 'and' only\",\n    })",
              "err": {},
              "uuid": "7018e705-56a9-4ff1-959b-8bc56be577c6",
              "parentUUID": "7f6ebd54-8db3-4abd-b26a-58164d90e506",
              "isHook": false,
              "skipped": false
            },
            {
              "title": "should not validate ambiguous satisfy rules",
              "fullTitle": "satisfyRuleSchema should not validate ambiguous satisfy rules",
              "timedOut": false,
              "duration": 1,
              "state": "passed",
              "speed": "fast",
              "pass": true,
              "fail": false,
              "pending": false,
              "context": null,
              "code": "const message = \"satisfy rule should have only one of properties 'mc', 'and', 'or'\";\nisInvalidRule({\n    or: [\n        { mc: 5, and: [\"CS2040\"] },\n        { and: [{ and: [\"abc\"], or: [\"def\"] }] },\n    ],\n}, { instancePath: \"/or/0\", message }, { instancePath: \"/or/1/and/0\", message });",
              "err": {},
              "uuid": "a4171f51-faed-4e41-afd0-6a478c2dda44",
              "parentUUID": "7f6ebd54-8db3-4abd-b26a-58164d90e506",
              "isHook": false,
              "skipped": false
            },
            {
              "title": "should not validate and satisfy rules with non-array property",
              "fullTitle": "satisfyRuleSchema should not validate and satisfy rules with non-array property",
              "timedOut": false,
              "duration": 0,
              "state": "passed",
              "speed": "fast",
              "pass": true,
              "fail": false,
              "pending": false,
              "context": null,
              "code": "const message = \"property 'and' should be an array of satisfy rules\";\nisInvalidRule({ or: [{ and: {} }, { or: [{ and: 3 }] }] }, { instancePath: \"/or/0/and\", message }, { instancePath: \"/or/1/or/0/and\", message });",
              "err": {},
              "uuid": "d60aeb39-108e-4105-98ee-345a376e1f67",
              "parentUUID": "7f6ebd54-8db3-4abd-b26a-58164d90e506",
              "isHook": false,
              "skipped": false
            },
            {
              "title": "should not validate or satisfy rules with non-array property",
              "fullTitle": "satisfyRuleSchema should not validate or satisfy rules with non-array property",
              "timedOut": false,
              "duration": 1,
              "state": "passed",
              "speed": "fast",
              "pass": true,
              "fail": false,
              "pending": false,
              "context": null,
              "code": "const message = \"property 'or' should be an array of satisfy rules\";\nisInvalidRule({ and: [{ or: {} }, { and: [{ or: 3 }] }] }, { instancePath: \"/and/0/or\", message }, { instancePath: \"/and/1/and/0/or\", message });",
              "err": {},
              "uuid": "c73f88f3-c73c-49d5-a804-c493c3df6b77",
              "parentUUID": "7f6ebd54-8db3-4abd-b26a-58164d90e506",
              "isHook": false,
              "skipped": false
            }
          ],
          "suites": [],
          "passes": [
            "8b590b63-7186-4578-a40b-c40d85f618d2",
            "6e44db5b-ba36-4cf3-a81f-6ca36363311a",
            "21bbd283-90cc-4f52-a28a-705d1c097041",
            "78dc8f44-5db7-41d9-8260-b5694ea364a6",
            "7018e705-56a9-4ff1-959b-8bc56be577c6",
            "a4171f51-faed-4e41-afd0-6a478c2dda44",
            "d60aeb39-108e-4105-98ee-345a376e1f67",
            "c73f88f3-c73c-49d5-a804-c493c3df6b77"
          ],
          "failures": [],
          "pending": [],
          "skipped": [],
          "duration": 9,
          "root": false,
          "rootEmpty": false,
          "_timeout": 2000
        }
      ],
      "passes": [],
      "failures": [],
      "pending": [],
      "skipped": [],
      "duration": 0,
      "root": true,
      "rootEmpty": true,
      "_timeout": 2000
    }
  ],
  "meta": {
    "mocha": {
      "version": "9.0.2"
    },
    "mochawesome": {
      "options": {
        "quiet": false,
        "reportFilename": "mochawesome",
        "saveHtml": true,
        "saveJson": true,
        "consoleReporter": "spec",
        "useInlineDiffs": false,
        "code": true
      },
      "version": "6.2.2"
    },
    "marge": {
      "options": {
        "reportDir": "docs"
      },
      "version": "5.2.0"
    }
  }
}