{
  "stats": {
    "suites": 10,
    "tests": 48,
    "passes": 48,
    "pending": 0,
    "failures": 0,
    "start": "2021-09-13T10:13:08.267Z",
    "end": "2021-09-13T10:13:08.548Z",
    "duration": 281,
    "testsRegistered": 48,
    "passPercent": 100,
    "pendingPercent": 0,
    "other": 0,
    "hasOther": false,
    "skipped": 0,
    "hasSkipped": false
  },
  "results": [
    {
      "uuid": "d0812691-a1b1-44f3-80d2-38c3263eddf6",
      "title": "",
      "fullFile": "",
      "file": "",
      "beforeHooks": [],
      "afterHooks": [],
      "tests": [],
      "suites": [
        {
          "uuid": "28523225-55f8-4ef3-8921-f3e3bf415dd6",
          "title": "initDirectories",
          "fullFile": "/home/runner/work/planwithus-lib/planwithus-lib/src/block/schemas.test.ts",
          "file": "/src/block/schemas.test.ts",
          "beforeHooks": [],
          "afterHooks": [],
          "tests": [
            {
              "title": "should parse all blocks with no errors",
              "fullTitle": "initDirectories should parse all blocks with no errors",
              "timedOut": false,
              "duration": 2,
              "state": "passed",
              "speed": "fast",
              "pass": true,
              "fail": false,
              "pending": false,
              "context": null,
              "code": "_1.initDirectories.should.not.throw()",
              "err": {},
              "uuid": "b31fdd60-f0b3-4fe5-b6c1-5c02c1ab4579",
              "parentUUID": "28523225-55f8-4ef3-8921-f3e3bf415dd6",
              "isHook": false,
              "skipped": false
            },
            {
              "title": "should produce primary, second & minor directories",
              "fullTitle": "initDirectories should produce primary, second & minor directories",
              "timedOut": false,
              "duration": 2,
              "state": "passed",
              "speed": "fast",
              "pass": true,
              "fail": false,
              "pending": false,
              "context": null,
              "code": "const directories = _1.initDirectories();\ndirectories.should.have.property(\"primary\");\ndirectories.should.have.property(\"second\");\ndirectories.should.have.property(\"minor\");",
              "err": {},
              "uuid": "f810cb69-6e2a-4d0d-80a0-b49a1f81e367",
              "parentUUID": "28523225-55f8-4ef3-8921-f3e3bf415dd6",
              "isHook": false,
              "skipped": false
            }
          ],
          "suites": [],
          "passes": [
            "b31fdd60-f0b3-4fe5-b6c1-5c02c1ab4579",
            "f810cb69-6e2a-4d0d-80a0-b49a1f81e367"
          ],
          "failures": [],
          "pending": [],
          "skipped": [],
          "duration": 4,
          "root": false,
          "rootEmpty": false,
          "_timeout": 2000
        },
        {
          "uuid": "dfd26c6e-7293-4b46-b17b-de913ad83799",
          "title": "blockSchema",
          "fullFile": "/home/runner/work/planwithus-lib/planwithus-lib/src/block/schemas.test.ts",
          "file": "/src/block/schemas.test.ts",
          "beforeHooks": [],
          "afterHooks": [],
          "tests": [
            {
              "title": "should validate valid block",
              "fullTitle": "blockSchema should validate valid block",
              "timedOut": false,
              "duration": 157,
              "state": "passed",
              "speed": "slow",
              "pass": true,
              "fail": false,
              "pending": false,
              "context": "[\n  {\n    \"title\": \"block sample 0\",\n    \"value\": {\n      \"name\": \"!\",\n      \"ay\": 2000,\n      \"assign\": \"\\\"Sn\",\n      \"match\": [\n        {\n          \"pattern\": \"FD*72Q\",\n          \"exclude\": \"VMS166x\",\n          \"info\": \"\"\n        },\n        {\n          \"pattern\": \"SMx835\",\n          \"exclude\": [\n            \"VP1*E\",\n            \"VZDx\",\n            \"MQx157\"\n          ],\n          \"info\": \"m\\\\XQ\"\n        },\n        \"SR5*E\",\n        {\n          \"pattern\": \"WPC9\",\n          \"info\": \"\"\n        },\n        {\n          \"or\": [\n            {\n              \"and\": [\n                \"KUC7513\",\n                {\n                  \"or\": [\n                    \"US1748\",\n                    {\n                      \"or\": [\n                        \"UH112\",\n                        \"FA0881X\"\n                      ]\n                    },\n                    {\n                      \"or\": [\n                        \"VRO7N\",\n                        \"GWE105W\",\n                        \"DB27xxE\",\n                        \"EH6V\",\n                        \"YUF4\"\n                      ]\n                    },\n                    {\n                      \"pattern\": \"TB875A\",\n                      \"info\": \"H>dls[\"\n                    },\n                    \"LUQ21*\"\n                  ]\n                },\n                \"SD044\",\n                \"GM4155S\",\n                {\n                  \"or\": [\n                    \"AI98Y\",\n                    {\n                      \"and\": [\n                        \"NX3*4P\"\n                      ]\n                    },\n                    \"QCN15\",\n                    \"OR9x\"\n                  ]\n                }\n              ]\n            }\n          ]\n        }\n      ],\n      \"url\": \"https://ecv04ywor9ckhxpwfupvwyssxs81bp1bd3uh9fnjoaxkybq4zc.pbszydc\",\n      \"info\": \"R#&&O@\"\n    }\n  },\n  {\n    \"title\": \"block sample 1\",\n    \"value\": {\n      \"name\": \"\",\n      \"ay\": 2028,\n      \"assign\": \"\\\"\",\n      \"match\": [],\n      \"satisfy\": {\n        \"or\": [\n          {\n            \"and\": [\n              {\n                \"or\": [\n                  {\n                    \"or\": [\n                      \"c3t:mW4%\\\\\"\n                    ]\n                  }\n                ]\n              }\n            ]\n          },\n          {\n            \"or\": [\n              {\n                \"mc\": \"<=133\"\n              },\n              \":6Ut(#b\",\n              {\n                \"mc\": \"<=35\"\n              }\n            ]\n          },\n          {\n            \"or\": [\n              {\n                \"or\": [\n                  {\n                    \"and\": []\n                  },\n                  \"^JsF&d\",\n                  \"R_\",\n                  {\n                    \"mc\": \">=82\"\n                  },\n                  \"\"\n                ]\n              },\n              \"6>^dLWLnWW\"\n            ]\n          },\n          {\n            \"and\": [\n              {\n                \"mc\": \"<=163\"\n              },\n              {\n                \"and\": []\n              },\n              {\n                \"mc\": \"<=70\"\n              },\n              {\n                \"mc\": \"<=50\"\n              }\n            ]\n          }\n        ]\n      },\n      \"url\": \"https://byb--n0u2a25asl.rqgicg5n68sqjgtf3mhhwr0eyk-i4sqo1c7gn-9s3lb1s.dgi/@5W%F2%BD%A8%AC/6jT2/lEf.Q/!'K2Cd%F0%93%BE%AAw\",\n      \"info\": \"M&= Z\",\n      \"isSelectable\": true,\n      \"\": {\n        \"name\": \"$GQ[&x!|\",\n        \"ay\": 1956,\n        \"assign\": [],\n        \"match\": {\n          \"or\": [\n            \"JD68*9\",\n            \"RK*x1*N\",\n            {\n              \"pattern\": \"KDS2255T\",\n              \"exclude\": \"SO12*8\",\n              \"info\": \"b 2Jh^&\"\n            },\n            \"ZDX2*S\"\n          ]\n        },\n        \"satisfy\": [\n          {\n            \"mc\": \">=151\"\n          },\n          {\n            \"mc\": \">=7\"\n          }\n        ],\n        \"url\": \"https://i.9gnc0.yk4u1tvufusgpt.behc/H/*.!f,3p%F1%9C%B7%97)M/.N9LJN/LE%F3%84%BD%B1r/oF(%F2%92%97%A8$Ge-E\",\n        \"info\": \"!$\"\n      },\n      \"1hJoi!zM\": {\n        \"name\": \"#\",\n        \"ay\": 1960,\n        \"assign\": [],\n        \"match\": {\n          \"or\": []\n        },\n        \"satisfy\": {\n          \"mc\": \"<=72\"\n        },\n        \"url\": \"http://feixlh9mrn14krpeb05y6lek526td62ehx0dss76s.d1426di8047u6hlzr05xr4x994x2wlgzs6pt7apw2dulahqusxrmg6i1hv52.8aoaie1qtvc6jst5-z-e7.8hb4n4e4fwnabb3rvsn3lp.zvtyahfym/rbdG0uU\",\n        \"info\": \"{@]#n! \"\n      },\n      \"*M\": {\n        \"name\": \"Q&eQ3\",\n        \"ay\": 2015,\n        \"assign\": \"cy\\\"&s \\\"GM\",\n        \"match\": {\n          \"pattern\": \"TT9\"\n        },\n        \"satisfy\": {\n          \"mc\": \"<=6\"\n        },\n        \"url\": \"https://5vdtcd6.fblffgzakserqkdbyoz8h93wbg4p2e1ylu6qlu1wo4pzoa3ku.okwbagoki/cQ\",\n        \"info\": \"mf$+<.\",\n        \"isSelectable\": true\n      },\n      \"n\": {\n        \"name\": \"fH\",\n        \"ay\": 2030,\n        \"assign\": [\n          \"D\",\n          \"r~UU^\",\n          \"W=VrD\",\n          \"r;IfHb)8D\"\n        ],\n        \"match\": [\n          {\n            \"or\": [\n              {\n                \"or\": [\n                  \"WV2943\",\n                  {\n                    \"pattern\": \"VW94\",\n                    \"exclude\": [],\n                    \"info\": \" ]Qd<cg'\"\n                  },\n                  {\n                    \"pattern\": \"XN4\",\n                    \"exclude\": [\n                      \"RI4138\"\n                    ],\n                    \"info\": \"V\"\n                  }\n                ]\n              }\n            ]\n          },\n          {\n            \"or\": [\n              {\n                \"pattern\": \"CT*1\",\n                \"exclude\": [\n                  \"JW2B\",\n                  \"ZR1135C\"\n                ],\n                \"info\": \"0s(x]Y\"\n              },\n              {\n                \"or\": [\n                  \"GDJ98x1V\",\n                  {\n                    \"and\": [\n                      \"DZT3K\",\n                      \"LWD*7xW\",\n                      \"CE8x2\",\n                      \"SWP5O\",\n                      \"WX6*2\"\n                    ]\n                  },\n                  {\n                    \"pattern\": \"IUW4703P\"\n                  },\n                  {\n                    \"and\": [\n                      \"TP31T\",\n                      {\n                        \"and\": []\n                      }\n                    ]\n                  }\n                ]\n              },\n              {\n                \"pattern\": \"AWW*1\",\n                \"exclude\": []\n              },\n              {\n                \"and\": [\n                  \"SI70x0\",\n                  \"GLI3413\",\n                  {\n                    \"or\": [\n                      \"TVx6V\"\n                    ]\n                  },\n                  \"XU4R\"\n                ]\n              }\n            ]\n          }\n        ],\n        \"satisfy\": [\n          {\n            \"and\": []\n          },\n          {\n            \"and\": [\n              {\n                \"and\": []\n              }\n            ]\n          },\n          {\n            \"or\": [\n              {\n                \"mc\": \"<=12\"\n              }\n            ]\n          }\n        ],\n        \"info\": \"_6Mc\",\n        \"lc% y.\": {\n          \"name\": \"=v1DbX\",\n          \"ay\": 2026,\n          \"assign\": \"{^b\",\n          \"match\": {\n            \"and\": []\n          },\n          \"satisfy\": \"i,]\",\n          \"url\": \"http://r9k04d1xjou0hhw3xexzjggk55dawm6t0vc.fexdb/G9pSO/l*Zpayb*m/X7@ou=e/6s3j0t/,%31\",\n          \"info\": \"G1\",\n          \"isSelectable\": true\n        },\n        \"y\": {\n          \"name\": \"*#XO\",\n          \"ay\": 1971,\n          \"assign\": [],\n          \"match\": [\n            {\n              \"pattern\": \"PVCx7F\",\n              \"info\": \"\"\n            }\n          ],\n          \"satisfy\": [],\n          \"url\": \"http://k.51hnjh87q0-4xk3-e5xa3g3kc0jvanp0rzvir03ovqec-tv7jaiqcm08.ld6v5057x5.lre/B%F3%8A%9C%8Ctfk9%F0%B0%82%8F/-\",\n          \"isSelectable\": true\n        }\n      }\n    }\n  },\n  {\n    \"title\": \"block sample 2\",\n    \"value\": {\n      \"name\": \"#^ ~\",\n      \"ay\": 1991,\n      \"assign\": [],\n      \"match\": [\n        {\n          \"pattern\": \"WU2O\",\n          \"exclude\": \"TRM3B\",\n          \"info\": \"!ii/8<\"\n        },\n        {\n          \"and\": [\n            \"QA750\",\n            {\n              \"and\": [\n                \"XHW5167\",\n                \"QG35*\",\n                \"EVV03\",\n                {\n                  \"and\": [\n                    \"IT*7R\",\n                    \"KR1\"\n                  ]\n                }\n              ]\n            },\n            {\n              \"pattern\": \"AWOx03\",\n              \"exclude\": [\n                \"AEQ6x4x\",\n                \"PD9P\",\n                \"XCx\"\n              ],\n              \"info\": \"aH5o=U5B\\\\\"\n            }\n          ]\n        },\n        \"YF7352\"\n      ],\n      \"satisfy\": {\n        \"mc\": \"<=4\"\n      },\n      \"url\": \"https://bn-3pcxsa2jj7so9.tbsmmeg/febB*whe%F1%BF%B5%80S//=P;de3/ipUiJ/iKq2C-Su%F2%94%A5%B2/L5a@%F3%B4%87%AF,/b=p/u$ct(/1!\",\n      \"info\": \"x0\",\n      \"isSelectable\": true\n    }\n  },\n  {\n    \"title\": \"block sample 3\",\n    \"value\": {\n      \"name\": \"$L\",\n      \"ay\": 1954,\n      \"assign\": \"c!$\",\n      \"satisfy\": [],\n      \"url\": \"http://ds0f0t.ew9hb9zm9ijqmgt-2ewaq03dwyra.c9fdl.7uvpdlwwaf-ccd.brrnjdroj8pqx05npprkqi4gf9jzt-ozdtk43.exwsxvhnyj/by!&Qo,S'/x%F1%8D%B0%890~L'/lc9fbyf\",\n      \"info\": \"\",\n      \"isSelectable\": true,\n      \"$~\": {\n        \"name\": \" }H1f\",\n        \"ay\": 1952,\n        \"assign\": [\n          \"Nc\",\n          \"IF@xi3m\",\n          \"^{\",\n          \"}UMV~\"\n        ],\n        \"match\": \"NW7\",\n        \"satisfy\": {\n          \"mc\": \"<=7\"\n        },\n        \"url\": \"http://qh0l48ovll.owotv0u2cwsqgaylh.7oz6sc0pb-3rxa5x97mwgoxag9hwo05a5.4r3m5-2e8.ede1ebubkww28cwcddb.wvl/f%F1%93%BF%BA/,\",\n        \"info\": \"wk!j}%'\",\n        \"isSelectable\": true,\n        \"%\": {\n          \"ay\": 1952,\n          \"assign\": \"\",\n          \"satisfy\": [\n            {\n              \"mc\": \">=199\"\n            },\n            {\n              \"mc\": \"<=37\"\n            },\n            {\n              \"mc\": \">=126\"\n            }\n          ],\n          \"info\": \"\",\n          \"isSelectable\": true\n        },\n        \"+/wW\": {\n          \"ay\": 2007,\n          \"satisfy\": {\n            \"mc\": \"<=83\"\n          },\n          \"info\": \"\",\n          \"isSelectable\": true\n        },\n        \"'Zd @{]\": {\n          \"name\": \"\",\n          \"ay\": 2025,\n          \"match\": \"ZFD*169\",\n          \"satisfy\": [\n            \"jH\",\n            \"y?{B/Nky_\"\n          ],\n          \"url\": \"http://5qdvqth7htvm-za.febsqlr/cgO\",\n          \"info\": \"P 5||\\\\@b\",\n          \"\": {\n            \"name\": \"ZH\",\n            \"ay\": 1961,\n            \"assign\": \"NB1/yG\",\n            \"match\": [],\n            \"satisfy\": {\n              \"mc\": \"<=4\"\n            },\n            \"url\": \"https://ykpybq4xcskbxmp9ktxnht3hpmw0.jr.r.plviwjp/32m/3*_/mH2sw1R/L/%F0%A1%B9%AC=VVa/A3/b1//&S7RxZeBR/9RR%F0%9B%AB%BA(\",\n            \"isSelectable\": true\n          },\n          \"YK~+k5zXrb\": {\n            \"name\": \"5&seud\",\n            \"ay\": 2020,\n            \"assign\": \"[04uk\\\\c\",\n            \"match\": \"YF33C\",\n            \"satisfy\": {\n              \"and\": [\n                {\n                  \"or\": [\n                    \"HSG:U7\",\n                    {\n                      \"mc\": \"<=149\"\n                    },\n                    {\n                      \"or\": [\n                        {\n                          \"mc\": \">=125\"\n                        },\n                        \"V!j|B-%,]\\\"\",\n                        {\n                          \"and\": []\n                        },\n                        \"0KtWez8OQ\",\n                        {\n                          \"and\": [\n                            \"#pf60<:V[\",\n                            \":[Jp\",\n                            \"[[T]\",\n                            \"\"\n                          ]\n                        }\n                      ]\n                    },\n                    {\n                      \"mc\": \">=125\"\n                    },\n                    {\n                      \"and\": [\n                        \"Q9H|a[\\\"uE\",\n                        \"mhzM=-\",\n                        \"I\"\n                      ]\n                    }\n                  ]\n                },\n                {\n                  \"and\": [\n                    \"AR{&&|T1&H\",\n                    \"G?8y.ap|[l\",\n                    \"&\"\n                  ]\n                }\n              ]\n            },\n            \"url\": \"http://s2qrfourbkiq0jii96koqjpd6rjc.tqaadzsucesm8c7n-1rl-ty36hlv.g4rk0kz51nxkg8d6kwsd7fpylkpvmss9di3y-g.mqe.6hdmpg2-ekjhkeeh4wlsupu0uyryhlq8a8v9v-leq78t.qkdqswbac/\",\n            \"info\": \"SA(;#b_<\",\n            \"isSelectable\": true\n          }\n        },\n        \"}yy}x)z\": {\n          \"ay\": 1968,\n          \"match\": [\n            {\n              \"or\": [\n                \"UXx4O\",\n                {\n                  \"and\": [\n                    \"WUF4*7x\",\n                    {\n                      \"or\": [\n                        {\n                          \"or\": []\n                        },\n                        \"LMS9229\"\n                      ]\n                    },\n                    \"PO121X\",\n                    {\n                      \"and\": [\n                        \"UK2B\",\n                        \"XV*1*\",\n                        \"CKA137T\",\n                        \"QSH*\",\n                        {\n                          \"or\": [\n                            \"UMP42\",\n                            \"BWL181X\",\n                            {\n                              \"or\": [\n                                \"NON6*8\",\n                                {\n                                  \"pattern\": \"OPC5Z\",\n                                  \"exclude\": \"IT3\"\n                                },\n                                \"BJE5\",\n                                \"PC901\",\n                                \"BR87U\"\n                              ]\n                            }\n                          ]\n                        }\n                      ]\n                    },\n                    {\n                      \"pattern\": \"FHJ51S\",\n                      \"exclude\": [\n                        \"VD233\",\n                        \"UHR4I\",\n                        \"IT3*1\",\n                        \"ZCW6x\",\n                        \"JFBx9T\"\n                      ],\n                      \"info\": \"cO\"\n                    }\n                  ]\n                },\n                {\n                  \"or\": [\n                    \"UVL1R\",\n                    {\n                      \"pattern\": \"CG98K\",\n                      \"exclude\": \"XGx551\",\n                      \"info\": \"qF<.}~t.[\"\n                    },\n                    \"DOS4\",\n                    \"QMPx9T\",\n                    \"XXV9xO\"\n                  ]\n                },\n                {\n                  \"pattern\": \"VI68P\",\n                  \"exclude\": [\n                    \"MVZ1660X\",\n                    \"XRJ513Z\"\n                  ],\n                  \"info\": \"b)/P/m*Y\"\n                }\n              ]\n            },\n            {\n              \"and\": [\n                {\n                  \"or\": [\n                    {\n                      \"pattern\": \"DTZ864\",\n                      \"exclude\": \"EZW21\",\n                      \"info\": \"@K\\\\W?\\\"s\"\n                    },\n                    {\n                      \"and\": [\n                        {\n                          \"pattern\": \"FP6242E\",\n                          \"exclude\": \"FM9626L\",\n                          \"info\": \"(\"\n                        },\n                        \"IJM82*\",\n                        \"VGB*8F\",\n                        \"SAY714R\"\n                      ]\n                    }\n                  ]\n                },\n                {\n                  \"or\": [\n                    {\n                      \"or\": [\n                        \"GF*99\",\n                        \"XFL41N\"\n                      ]\n                    }\n                  ]\n                },\n                {\n                  \"and\": [\n                    {\n                      \"pattern\": \"UVS6999\",\n                      \"info\": \"VXE@th|\"\n                    }\n                  ]\n                },\n                {\n                  \"pattern\": \"OSM1x\",\n                  \"exclude\": \"BPZ0F\",\n                  \"info\": \"@^rwA7ST\"\n                }\n              ]\n            },\n            \"DRU8132\"\n          ],\n          \"satisfy\": {\n            \"and\": []\n          },\n          \"url\": \"http://s.fywnzro//K'/4!GQ;/JFrt;%F0%BB%81%87\",\n          \"isSelectable\": true\n        }\n      }\n    }\n  },\n  {\n    \"title\": \"block sample 4\",\n    \"value\": {\n      \"name\": \"y\",\n      \"ay\": 2024,\n      \"assign\": [\n        \"4c\\\\9\",\n        \"%.XnG\",\n        \"q){LiQnc@\"\n      ],\n      \"match\": [\n        {\n          \"or\": [\n            {\n              \"or\": [\n                {\n                  \"and\": [\n                    \"WF96\",\n                    {\n                      \"and\": []\n                    },\n                    {\n                      \"pattern\": \"YZ104\",\n                      \"info\": \"Q\"\n                    },\n                    \"ADR2\"\n                  ]\n                },\n                \"BP546\"\n              ]\n            }\n          ]\n        },\n        \"AFY1xL\"\n      ],\n      \"satisfy\": {\n        \"mc\": \"<=7\"\n      },\n      \"url\": \"http://ok2ph8-brg8x-02352qmq5f-dc8vt2g6j.3lyqz2pdrpulfitbnxpr8bk63gif5hf68e05lnoq3.j.aewtife/y%F0%AB%AB%A9J/ZeX7/kbB,v4/AsHo%F0%B0%85%92\",\n      \"info\": \"!#{?!(}O&\",\n      \"\": {\n        \"name\": \"\",\n        \"ay\": 2026,\n        \"assign\": \"{\",\n        \"satisfy\": [\n          {\n            \"or\": []\n          },\n          \"KI9,X<u\"\n        ],\n        \"url\": \"https://vs9x83zhdubq5n25cc9vr5z8ft393lv5ujea3rkp0q9pbjz2h4u39b1o1sz3l.6fwtug1oh-9yzonc7k6ygziolqvhft-vunhj9smnsil35z5rml.l1p04wgnlewfojfk8vyud1-mitjhcismzcpt-9x9pm-3wmby3kmd8kw.7p8scegt7y89x9rbu1ybqjq-8ylsav24rvefcmyo9x4j89-wko.cddciyq/nfF3(CbdI%F1%AB%A8%80/X4E=QMQjC\",\n        \"isSelectable\": true\n      },\n      \"M{|!z\": {\n        \"name\": \"PM'\\\"b%N#&|\",\n        \"ay\": 1956,\n        \"assign\": [\n          \"|\",\n          \";]cE\",\n          \"\",\n          \",` `% \\\"j|\"\n        ],\n        \"match\": [\n          {\n            \"or\": [\n              {\n                \"pattern\": \"EBN4191\",\n                \"info\": \"\\\\m5tq{\"\n              },\n              \"RWFx450\",\n              \"RP233O\",\n              {\n                \"pattern\": \"UC5150\",\n                \"exclude\": [\n                  \"SUUxH\"\n                ],\n                \"info\": \"zDpY*4\"\n              },\n              {\n                \"or\": [\n                  {\n                    \"pattern\": \"SF675U\",\n                    \"exclude\": \"PX2989P\"\n                  },\n                  \"FV2926X\"\n                ]\n              }\n            ]\n          },\n          {\n            \"or\": [\n              {\n                \"pattern\": \"BO0\",\n                \"exclude\": [],\n                \"info\": \"0\"\n              },\n              {\n                \"and\": [\n                  \"ENB60x\",\n                  {\n                    \"pattern\": \"MY49\",\n                    \"exclude\": [\n                      \"YHO492\",\n                      \"FD63\",\n                      \"VF08\",\n                      \"OQN0x*9A\",\n                      \"QZ2x\"\n                    ],\n                    \"info\": \"^YfG*~m\"\n                  }\n                ]\n              },\n              {\n                \"or\": [\n                  \"KTM556Y\",\n                  {\n                    \"pattern\": \"OK4574R\",\n                    \"exclude\": [\n                      \"RK094X\",\n                      \"QXx81\"\n                    ],\n                    \"info\": \"x2`WB\"\n                  },\n                  \"JYC0*13B\",\n                  \"WC79xG\"\n                ]\n              },\n              \"SCQ5Z\"\n            ]\n          }\n        ],\n        \"satisfy\": [\n          {\n            \"mc\": \"<=49\"\n          }\n        ],\n        \"info\": \"\",\n        \"isSelectable\": true\n      },\n      \"x\\\"{a#%!\\\"$\": {\n        \"name\": \"sixe64v'(\",\n        \"ay\": 1973,\n        \"match\": [],\n        \"satisfy\": {\n          \"or\": [\n            {\n              \"mc\": \">=107\"\n            },\n            {\n              \"and\": [\n                {\n                  \"mc\": \"<=143\"\n                }\n              ]\n            },\n            \")G;Zn'ItL\",\n            {\n              \"and\": [\n                {\n                  \"or\": []\n                },\n                \"\",\n                {\n                  \"and\": [\n                    \"!)^iA#c=,\",\n                    {\n                      \"mc\": \">=4\"\n                    },\n                    \"q}f\",\n                    \"v>\",\n                    \"\"\n                  ]\n                }\n              ]\n            },\n            {\n              \"mc\": \"<=87\"\n            }\n          ]\n        },\n        \"url\": \"http://v86o6s6rx93pkf3f5wacd7k26f0d9ze.icya/c7(XE4/9lZJ%F3%AD%86%9AW\",\n        \"info\": \"%!y\",\n        \"isSelectable\": true\n      }\n    }\n  },\n  {\n    \"title\": \"block sample 5\",\n    \"value\": {\n      \"name\": \"#a^{~\\\"Th\",\n      \"ay\": 1994,\n      \"assign\": \"w=\",\n      \"match\": {\n        \"or\": []\n      },\n      \"satisfy\": {\n        \"mc\": \"<=4\"\n      },\n      \"url\": \"http://6v0pvjy0iilbnn5o1fu1xyl2uauqaedpfvzycr.w.bu--u-uuf3egdt2obox6s7gwatw4pnbawo67kv4yli9ul7cs79twl12-bs.vd68ur-90y4ml6php5ao8vrlsyvmjvev.bqpzzsosiwwim244npgmmln1culrij3q2t-ikevoike-2u8l54p3y.wrwydiju/a4,'n%F0%BA%86%91/C2%F3%A4%B8%BE%F0%95%95%8D'%F0%9A%8C%AArhaK/V/51,Zgs!/Q9FFYTNBpj/1oB(0c3x\"\n    }\n  },\n  {\n    \"title\": \"block sample 6\",\n    \"value\": {\n      \"name\": \"\\\" %Ayp.\",\n      \"ay\": 1955,\n      \"assign\": \"~oF\",\n      \"match\": \"AV34x\",\n      \"satisfy\": [\n        {\n          \"and\": [\n            \"xKn\",\n            {\n              \"or\": [\n                \"Sh\",\n                {\n                  \"mc\": \">=95\"\n                }\n              ]\n            },\n            \"^\"\n          ]\n        }\n      ],\n      \"url\": \"http://1pmindqw0lxlhzgs-d1tvk1f0to3m5y-dezxs83kwvq7kgukhzq.ltrbtq3rn4p834g40kv.cqdeh/i0$1k1H/7%F2%BB%B5%B5RI~u/l~%F1%99%A3%B8/,pxt\",\n      \"info\": \"\",\n      \"isSelectable\": true\n    }\n  },\n  {\n    \"title\": \"block sample 7\",\n    \"value\": {\n      \"name\": \">\",\n      \"ay\": 1955,\n      \"assign\": [\n        \"$!\"\n      ],\n      \"match\": {\n        \"and\": [\n          {\n            \"and\": [\n              \"LUJ398I\",\n              {\n                \"pattern\": \"QR923Z\",\n                \"exclude\": \"HA23\",\n                \"info\": \"R_xGL*`\"\n              },\n              \"XKC0645\",\n              \"TV916\"\n            ]\n          }\n        ]\n      },\n      \"satisfy\": \"f z \",\n      \"url\": \"https://y33k3ceqsx98nwfdvcb2o-qc2ufxshkjo2bo5.dobhwmyxq/!2//o:*\",\n      \"info\": \"k@>\",\n      \"isSelectable\": true\n    }\n  },\n  {\n    \"title\": \"block sample 8\",\n    \"value\": {\n      \"name\": \"\\\"\\\"\",\n      \"assign\": [\n        \"}\",\n        \"s2v;GO\",\n        \"=V-\",\n        \"%VBxq+\",\n        \"DYZkQKQ0I\"\n      ],\n      \"match\": \"UGS6x*0\",\n      \"satisfy\": [\n        {\n          \"and\": [\n            \";^&ke\",\n            {\n              \"or\": [\n                {\n                  \"mc\": \">=1\"\n                }\n              ]\n            }\n          ]\n        }\n      ],\n      \"url\": \"http://fylt--p1idvjvw.v.ne01umgy69nwzrqfx37uqpmca1op2d45gx31-ev2h-636k0nf2.pdxnfl/Uc29/e,1hbwN;o/!x%F3%87%B7%B1!/%F0%97%B8%AANC/XFD~/=!J,9V%F2%AD%9D%95/jt7xNs_gDd/IVnsD,90%EB%94%8E\",\n      \"isSelectable\": true\n    }\n  },\n  {\n    \"title\": \"block sample 9\",\n    \"value\": {\n      \"name\": \"\",\n      \"ay\": 1974,\n      \"assign\": [],\n      \"match\": {\n        \"or\": [\n          \"HP2\",\n          {\n            \"pattern\": \"SAM56I\",\n            \"info\": \"zZ*C&!kj]h\"\n          },\n          \"PTI21E\",\n          \"HL0*2H\",\n          {\n            \"and\": [\n              {\n                \"or\": [\n                  {\n                    \"pattern\": \"SS37*1S\"\n                  },\n                  \"MZ5x5W\",\n                  \"DNx1*0H\",\n                  \"PJW8L\",\n                  \"IA80\"\n                ]\n              },\n              \"ABA6746A\",\n              \"OTP6060N\"\n            ]\n          }\n        ]\n      },\n      \"satisfy\": [\n        \".=->\"\n      ],\n      \"url\": \"https://5cerkd2yrwzx6jlvun.7wwdq5-sx93d4uqqmdqpyf7d9d.imda//$RG;F%F3%84%B0%92//Lsx8D3BR0/R'Eq0/\",\n      \"info\": \"j?\",\n      \"isSelectable\": true,\n      \" ]a1x9\": {\n        \"ay\": 1955,\n        \"match\": \"OL2906L\",\n        \"satisfy\": {\n          \"and\": [\n            {\n              \"mc\": \">=115\"\n            },\n            \"9l\",\n            {\n              \"or\": [\n                \"a@#w\",\n                \": >\"\n              ]\n            },\n            {\n              \"or\": [\n                \"(|9\",\n                {\n                  \"and\": [\n                    \"X\",\n                    \"F!y\",\n                    {\n                      \"or\": [\n                        {\n                          \"and\": [\n                            \"v0XvZ:]p\",\n                            \"O1Q~\"\n                          ]\n                        }\n                      ]\n                    }\n                  ]\n                },\n                {\n                  \"or\": [\n                    \"Q;18\",\n                    \"cH20:\"\n                  ]\n                },\n                \";9qLP\",\n                {\n                  \"mc\": \">=29\"\n                }\n              ]\n            },\n            \"Q%'b@Q\"\n          ]\n        },\n        \"url\": \"http://h0v9us-2i5dl4-2i4e.8kvtqk0vfjcbripktdad4kjbojm7ldbljzkuqd.jkhob2txqwnvyv2w3qozb2v--zb8ygy0gjaujc01sjbqj8gewra0wpi73omg.z4trwijaqsquuacqpc-e6gycxdwjfrafcbtoyopwe-9zbkcf6.vmoox9j182rx6hbqm53svfd7jjef55cy3r.wpocoeh/Q40yO=/4'Bo%F3%93%A9%B7o/fQ/_%F1%9E%A8%A1/%E7%AF%BAiTq\",\n        \"info\": \"qC\",\n        \"isSelectable\": true\n      },\n      \"p\": {\n        \"name\": \"]A\",\n        \"ay\": 1974,\n        \"satisfy\": {\n          \"mc\": \"<=126\"\n        },\n        \"url\": \"https://1a0lvf928fwgz3rrnyrb7gcwmqeda7441m-8fvgmiz.ojvmuqnubj9k9fm8brlwzdu2-2q5dw17-cs-pa02e-8ek1r1xo.u9i07bthlgva49odd8soc74y3uqh6bm106tj97gly-75eo0.zsqisqiwx/xO%F2%B9%BD%97l/7D(/a6W+a/BKEym95!=/r9r%F0%9E%91%AF/A/EA&/E9=\",\n        \"isSelectable\": true\n      },\n      \")M\": {\n        \"name\": \"b0\",\n        \"ay\": 2008,\n        \"assign\": \"D`L$Xv\",\n        \"url\": \"https://inh1aai6lr205ffbh-w-68sxbk1153tzq3rf6m6ef3ec.dqi03uy582dsulafkd8c1sm22hjgxke0spvn4eqm3kxklt9xhv.9oe3.dvdxm/F+%F1%8D%80%90+uA$/%F3%88%92%A0Raf.(88/WqO/2EG,shbo/JqsREWx\",\n        \"info\": \"\",\n        \"isSelectable\": true\n      },\n      \"Mg[pG_\": {\n        \"name\": \",|iNadP\",\n        \"ay\": 1984,\n        \"assign\": \"!K}5eFw.Uk\",\n        \"match\": [\n          {\n            \"or\": [\n              {\n                \"or\": [\n                  {\n                    \"or\": [\n                      \"NP83\",\n                      {\n                        \"pattern\": \"ME7*71\",\n                        \"exclude\": [],\n                        \"info\": \"V+L\\\"O89[WB\"\n                      },\n                      \"CX79V\"\n                    ]\n                  },\n                  {\n                    \"or\": [\n                      \"REW0*1\",\n                      {\n                        \"or\": [\n                          \"SM10xG\",\n                          \"HO1\"\n                        ]\n                      }\n                    ]\n                  },\n                  {\n                    \"or\": [\n                      {\n                        \"pattern\": \"GNI4465\",\n                        \"exclude\": \"SGG935C\",\n                        \"info\": \"#!|@T\"\n                      },\n                      {\n                        \"pattern\": \"GZS8*8\",\n                        \"exclude\": [\n                          \"IH15N\",\n                          \"EE09x0C\",\n                          \"VE73\",\n                          \"CW0626\",\n                          \"OO2G\"\n                        ],\n                        \"info\": \"\"\n                      }\n                    ]\n                  },\n                  {\n                    \"and\": [\n                      \"OUK1\",\n                      {\n                        \"and\": [\n                          \"TFY5757W\",\n                          {\n                            \"or\": [\n                              {\n                                \"pattern\": \"EWS9x*\",\n                                \"exclude\": \"BK2139F\",\n                                \"info\": \",A5\"\n                              }\n                            ]\n                          },\n                          \"EPI08\"\n                        ]\n                      },\n                      {\n                        \"pattern\": \"YMO70\",\n                        \"exclude\": \"EE38\",\n                        \"info\": \"}\"\n                      }\n                    ]\n                  },\n                  \"GG780D\"\n                ]\n              },\n              {\n                \"or\": [\n                  \"ZX0*\",\n                  \"RIA8297S\"\n                ]\n              },\n              {\n                \"and\": []\n              },\n              \"UE33\",\n              {\n                \"pattern\": \"HLM09O\",\n                \"exclude\": \"IYO536\",\n                \"info\": \"Xh(*\"\n              }\n            ]\n          },\n          {\n            \"or\": [\n              {\n                \"and\": []\n              }\n            ]\n          },\n          {\n            \"pattern\": \"IGG4\",\n            \"exclude\": [\n              \"MM601Z\",\n              \"XTPxx47\",\n              \"IZM466\",\n              \"XF577Q\"\n            ],\n            \"info\": \"p)CRzs$ew\"\n          },\n          \"ZL4\"\n        ],\n        \"satisfy\": {\n          \"and\": [\n            {\n              \"mc\": \"<=27\"\n            },\n            {\n              \"and\": [\n                \"h}4A\",\n                \"g.JVT^0TW\",\n                \"%Pig`ih\",\n                {\n                  \"mc\": \">=197\"\n                }\n              ]\n            },\n            {\n              \"or\": [\n                \"J/(h\",\n                {\n                  \"or\": [\n                    \"\",\n                    {\n                      \"or\": [\n                        \"1(.`\"\n                      ]\n                    },\n                    \"z8G\"\n                  ]\n                },\n                \"BR!f\",\n                {\n                  \"and\": [\n                    \"Zl\"\n                  ]\n                },\n                \"f\"\n              ]\n            },\n            {\n              \"mc\": \">=122\"\n            },\n            {\n              \"mc\": \">=48\"\n            }\n          ]\n        },\n        \"url\": \"https://nidm4bs8bxbi6c7f09013pvzdjl.r7dxgtw62ujhag3w5b8xhvg58oiq8n7-258s.ifleurcd//%F3%84%8F%BFS,@Mi/ZGG/*f-!TG%F2%8C%B5%A0=@\",\n        \"info\": \"B3%+\",\n        \"isSelectable\": true,\n        \"WlD:`]-.#\": {\n          \"name\": \"a4>&MSHG6\",\n          \"ay\": 2009,\n          \"assign\": \"`I^fNFy-d\",\n          \"match\": {\n            \"and\": [\n              {\n                \"or\": [\n                  \"UG521\",\n                  \"ZTF5\",\n                  {\n                    \"and\": []\n                  },\n                  \"KU*772F\",\n                  \"EFO78\"\n                ]\n              },\n              {\n                \"and\": []\n              },\n              {\n                \"pattern\": \"VL381\",\n                \"exclude\": \"LCS3G\"\n              },\n              {\n                \"and\": [\n                  {\n                    \"or\": []\n                  },\n                  {\n                    \"pattern\": \"WJ1*A\",\n                    \"exclude\": \"FK5809\",\n                    \"info\": \"7O>gn\"\n                  }\n                ]\n              },\n              \"ZG*530\"\n            ]\n          },\n          \"url\": \"https://pqkwoqpfjvtibbh26wwfo0s.xtu3l46vl1tv.1cl3zfpzj4x0hjueyqcjzbq7f4pmv56esz5xror1daq-54vr454.05s-av9tbrpp9g0pm70iv2ki6q0633aksh-pwtdkmihjv800dlfb.smermuml/Hha&F/no9Kg/Ce/&s!QMEb1/nx/O%F1%AC%A5%88eJF'2,\",\n          \"info\": \"0&F\",\n          \"isSelectable\": true,\n          \"\": {\n            \"name\": \"\\\\H88X\",\n            \"ay\": 1980,\n            \"match\": {\n              \"pattern\": \"AAx\",\n              \"exclude\": \"SZS9\",\n              \"info\": \"$&{/G?\"\n            },\n            \"url\": \"https://r3q3ybl82r1lkkc4nue3xv0jlqibc5pcotnsbzw4ff6-zog3c5.4f5js3qe5htbqixlvca-dlg-nim6kr-9e4gi89ufabgszrsydcp.q0qbn6glzjrovbonqds2bz4jigywgbj0-66yk3l3os6iqb18bu-zu.0nis6j5jajvifv5myk0x7zspjp9b7hy8-8mmcjgzpnm865zxm84i-wqk704.rdlz/$f%F2%B1%A9%8FgNAV/5Q~e/g&%F3%BC%B4%90GM8/Ntu~N/Q)/06W7%F3%8E%9C%9E/5EFQo%F2%98%B0%84/H2n5if*@'\"\n          },\n          \",0`\": {\n            \"ay\": 1988,\n            \"assign\": [\n              \"9!\\\\t~\"\n            ],\n            \"match\": {\n              \"pattern\": \"WS0996\",\n              \"exclude\": [\n                \"FH0**x\"\n              ],\n              \"info\": \"e'5Hdy(a\"\n            },\n            \"satisfy\": {\n              \"or\": [\n                {\n                  \"mc\": \">=124\"\n                },\n                {\n                  \"or\": []\n                },\n                {\n                  \"mc\": \">=57\"\n                },\n                {\n                  \"mc\": \"<=146\"\n                },\n                {\n                  \"and\": [\n                    {\n                      \"or\": [\n                        \"9/4!5i\",\n                        {\n                          \"and\": []\n                        }\n                      ]\n                    },\n                    {\n                      \"and\": [\n                        {\n                          \"and\": []\n                        },\n                        \"Ht3W\",\n                        \"2sTJkp_zu\",\n                        {\n                          \"and\": [\n                            \":_b/^7\",\n                            \"kT7Skk\",\n                            \"sY&\",\n                            {\n                              \"mc\": \">=156\"\n                            },\n                            \"'^~G\\\"=\"\n                          ]\n                        }\n                      ]\n                    },\n                    \"ML&/K&PPZ^\",\n                    {\n                      \"and\": [\n                        {\n                          \"or\": [\n                            \")ox\",\n                            {\n                              \"and\": [\n                                \"-\",\n                                \"Taee=G!h-'\",\n                                \"{XMb=W\"\n                              ]\n                            },\n                            \"Uv2-;\",\n                            \"*#E6Nk+Ek\"\n                          ]\n                        },\n                        {\n                          \"and\": [\n                            \"Em[w/h\",\n                            {\n                              \"and\": [\n                                \"`E\",\n                                \"$\\\"~\",\n                                \"?I:\"\n                              ]\n                            },\n                            \"'X7u<$\"\n                          ]\n                        }\n                      ]\n                    },\n                    {\n                      \"mc\": \"<=4\"\n                    }\n                  ]\n                }\n              ]\n            },\n            \"url\": \"http://jqsu3c0ibi465afanke9l-4vt91b0utjj27d1yyr74sv6.cbvo/-/H/hbaV@a/m(O~Xj/L%F3%A4%97%A0I&/(%F1%BD%B5%82dILN//l3/%F1%B3%AD%A5j~J%F3%89%80%87y-/\",\n            \"isSelectable\": true\n          },\n          \"yG#:?@&\": {\n            \"name\": \"Vf2d7\",\n            \"ay\": 1990,\n            \"match\": [\n              {\n                \"and\": [\n                  {\n                    \"and\": [\n                      {\n                        \"and\": [\n                          \"ACF89\",\n                          \"DJE0926\",\n                          {\n                            \"and\": []\n                          },\n                          {\n                            \"or\": []\n                          },\n                          \"VNS9T\"\n                        ]\n                      },\n                      \"AZG4365\",\n                      {\n                        \"pattern\": \"GO*56\",\n                        \"exclude\": [\n                          \"QL3\",\n                          \"UCC66W\",\n                          \"SEU42K\",\n                          \"TP5\",\n                          \"DO8462\"\n                        ],\n                        \"info\": \"=\"\n                      },\n                      \"MJG30*\"\n                    ]\n                  },\n                  {\n                    \"pattern\": \"CP8\",\n                    \"exclude\": \"PCL4*\",\n                    \"info\": \"SB\"\n                  },\n                  \"IM0\"\n                ]\n              },\n              {\n                \"and\": []\n              }\n            ],\n            \"satisfy\": {\n              \"mc\": \">=159\"\n            },\n            \"url\": \"http://0.a1v-6tg-imrmx2zev43n79.v.2g1.hey/:kfNP@/aNg=qXGLF//@%F1%8C%87%81Ye=z0%F4%88%B1%BBiD/fA6_QZo7P/S-JP%F0%A6%A1%87m_~A7/lQL%F1%92%BD%84j%F4%8C%80%933TT%E1%99%AC\",\n            \"isSelectable\": true\n          },\n          \"il~N\": {\n            \"name\": \"@pZC0Vc$8\",\n            \"ay\": 2009,\n            \"match\": [\n              {\n                \"or\": []\n              }\n            ],\n            \"satisfy\": {\n              \"mc\": \">=1\"\n            },\n            \"info\": \".Bg*G@!\",\n            \"isSelectable\": true\n          }\n        },\n        \"\": {\n          \"name\": \"?c#e}\",\n          \"ay\": 1952,\n          \"assign\": [\n            \"<A_<.J&B'\"\n          ],\n          \"satisfy\": [\n            {\n              \"and\": [\n                {\n                  \"and\": []\n                },\n                \"Y/\",\n                {\n                  \"or\": [\n                    {\n                      \"or\": [\n                        {\n                          \"mc\": \">=86\"\n                        },\n                        \"BxFJeClhOU\"\n                      ]\n                    }\n                  ]\n                }\n              ]\n            },\n            {\n              \"and\": [\n                \"zif\",\n                {\n                  \"or\": [\n                    \"o\",\n                    {\n                      \"or\": [\n                        \"\"\n                      ]\n                    },\n                    {\n                      \"or\": [\n                        \"f.G+T\",\n                        \"ZqR\\\"/L\",\n                        \"}vX?\",\n                        \"EemS(/%\"\n                      ]\n                    },\n                    {\n                      \"or\": [\n                        \"oHePr|@in\",\n                        {\n                          \"and\": [\n                            \"08G~Q\"\n                          ]\n                        },\n                        \"DtC!g\",\n                        \"]9>T'\\\"~\",\n                        \"B\"\n                      ]\n                    },\n                    \"j\\\\[IF\"\n                  ]\n                },\n                {\n                  \"mc\": \">=182\"\n                },\n                {\n                  \"and\": [\n                    {\n                      \"mc\": \"<=46\"\n                    },\n                    {\n                      \"or\": [\n                        {\n                          \"or\": [\n                            \"!hd\"\n                          ]\n                        },\n                        {\n                          \"and\": [\n                            \"AnF0K\\\"D\",\n                            \"iAhi>t=Vm\",\n                            \"o,Khe7-K\",\n                            \"^x\",\n                            {\n                              \"mc\": \"<=178\"\n                            }\n                          ]\n                        },\n                        \"eU\"\n                      ]\n                    }\n                  ]\n                }\n              ]\n            },\n            {\n              \"and\": []\n            }\n          ],\n          \"info\": \"yOH#OWCw\",\n          \"isSelectable\": true\n        },\n        \"E@bm)A4Ut{\": {\n          \"name\": \"6T\",\n          \"ay\": 2023,\n          \"assign\": [\n            \":<q\\\"%dl\",\n            \"*E?YI3\",\n            \"JRf![Yn7Ur\",\n            \">6g$HkMt\"\n          ],\n          \"match\": [],\n          \"url\": \"http://sd5.rwphruta\",\n          \"isSelectable\": true\n        }\n      }\n    }\n  }\n]",
              "code": "fast_check_1.sample(index_test_2.block, 10).forEach((sample, i) => addContext_1.default(this, {\n    title: `block sample ${i}`,\n    value: sample,\n}));\nreturn fast_check_1.assert(fast_check_1.property(index_test_2.block, ajvValidate));",
              "err": {},
              "uuid": "370bad30-b394-4da2-b743-50a7892b63cc",
              "parentUUID": "dfd26c6e-7293-4b46-b17b-de913ad83799",
              "isHook": false,
              "skipped": false
            },
            {
              "title": "should not validate non-object",
              "fullTitle": "blockSchema should not validate non-object",
              "timedOut": false,
              "duration": 1,
              "state": "passed",
              "speed": "fast",
              "pass": true,
              "fail": false,
              "pending": false,
              "context": null,
              "code": "const error = {\n    instancePath: \"\",\n    message: \"block should be an object\",\n};\nisInvalidBlock(null, error);\nisInvalidBlock(undefined, error);\nisInvalidBlock(10, error);\nisInvalidBlock([12, 24], error);\nisInvalidBlock(\"abc\", error);",
              "err": {},
              "uuid": "7d325131-f784-4fd4-ad2b-7b20845ecef0",
              "parentUUID": "dfd26c6e-7293-4b46-b17b-de913ad83799",
              "isHook": false,
              "skipped": false
            },
            {
              "title": "should not validate block with invalid properties",
              "fullTitle": "blockSchema should not validate block with invalid properties",
              "timedOut": false,
              "duration": 1,
              "state": "passed",
              "speed": "fast",
              "pass": true,
              "fail": false,
              "pending": false,
              "context": null,
              "code": "isInvalidBlock({\n        name: { foo: \"bar\" },\n        ay: -1000,\n        assign: {},\n        match: 1,\n        satisfy: 2,\n        url: { abc: \"def\" },\n        info: 42,\n        isSelectable: 32,\n    }, { instancePath: \"/name\", message: \"property 'name' should be a string\" }, {\n        instancePath: \"/ay\",\n        message: \"property 'ay' should be a positive integer\",\n    }, {\n        instancePath: \"/assign\",\n        message: \"property 'assign' should be either a block ID or an array of block IDs\",\n    }, {\n        instancePath: \"/match\",\n        message: \"property 'match' should be either a match rule or an array of match rules\",\n    }, {\n        instancePath: \"/satisfy\",\n        message: \"property 'satisfy' should be either a satisfy rule or an array of satisfy rules\",\n    }, { instancePath: \"/url\", message: \"property 'url' should be a string\" }, { instancePath: \"/info\", message: \"property 'info' should be a string\" }, {\n        instancePath: \"/isSelectable\",\n        message: \"property 'isSelectable' should be a boolean\",\n    })",
              "err": {},
              "uuid": "00ac2bbb-f4ce-47d5-be4a-af4e3f3734bf",
              "parentUUID": "dfd26c6e-7293-4b46-b17b-de913ad83799",
              "isHook": false,
              "skipped": false
            }
          ],
          "suites": [],
          "passes": [
            "370bad30-b394-4da2-b743-50a7892b63cc",
            "7d325131-f784-4fd4-ad2b-7b20845ecef0",
            "00ac2bbb-f4ce-47d5-be4a-af4e3f3734bf"
          ],
          "failures": [],
          "pending": [],
          "skipped": [],
          "duration": 159,
          "root": false,
          "rootEmpty": false,
          "_timeout": 2000
        },
        {
          "uuid": "92b5a012-03b2-458a-97f9-bbe887100b19",
          "title": "patternToRE",
          "fullFile": "/home/runner/work/planwithus-lib/planwithus-lib/src/matchRule/pattern/satisfiers.test.ts",
          "file": "/src/matchRule/pattern/satisfiers.test.ts",
          "beforeHooks": [],
          "afterHooks": [],
          "tests": [
            {
              "title": "should match valid modules with a single pattern",
              "fullTitle": "patternToRE should match valid modules with a single pattern",
              "timedOut": false,
              "duration": 14,
              "state": "passed",
              "speed": "fast",
              "pass": true,
              "fail": false,
              "pending": false,
              "context": "[\n  {\n    \"title\": \"patternExampleList sample 0\",\n    \"value\": [\n      \"BQ66\",\n      [\n        \"BQ66\"\n      ]\n    ]\n  },\n  {\n    \"title\": \"patternExampleList sample 1\",\n    \"value\": [\n      \"CG8*\",\n      [\n        \"CG8\",\n        \"CG88R6F\",\n        \"CG8U\"\n      ]\n    ]\n  },\n  {\n    \"title\": \"patternExampleList sample 2\",\n    \"value\": [\n      \"JE66Y\",\n      [\n        \"JE66Y\"\n      ]\n    ]\n  },\n  {\n    \"title\": \"patternExampleList sample 3\",\n    \"value\": [\n      \"ON80\",\n      [\n        \"ON80\"\n      ]\n    ]\n  },\n  {\n    \"title\": \"patternExampleList sample 4\",\n    \"value\": [\n      \"HWx\",\n      [\n        \"HW8\",\n        \"HW3\",\n        \"HW6\",\n        \"HW4\",\n        \"HW5\",\n        \"HW1\",\n        \"HW9\"\n      ]\n    ]\n  },\n  {\n    \"title\": \"patternExampleList sample 5\",\n    \"value\": [\n      \"KFF32T\",\n      [\n        \"KFF32T\"\n      ]\n    ]\n  },\n  {\n    \"title\": \"patternExampleList sample 6\",\n    \"value\": [\n      \"XAX*407L\",\n      [\n        \"XAXY2AN407L\",\n        \"XAXY4A407L\",\n        \"XAXUS407L\",\n        \"XAX8NY17C9N407L\",\n        \"XAXK7F7TH2407L\",\n        \"XAXX407L\",\n        \"XAXH8U2T3V407L\",\n        \"XAX27D407L\",\n        \"XAXTE1MQI71407L\"\n      ]\n    ]\n  },\n  {\n    \"title\": \"patternExampleList sample 7\",\n    \"value\": [\n      \"LU0C\",\n      [\n        \"LU0C\"\n      ]\n    ]\n  },\n  {\n    \"title\": \"patternExampleList sample 8\",\n    \"value\": [\n      \"VCx8\",\n      [\n        \"VC98\",\n        \"VC18\",\n        \"VC88\",\n        \"VC08\",\n        \"VC38\",\n        \"VC48\",\n        \"VC28\",\n        \"VC58\"\n      ]\n    ]\n  },\n  {\n    \"title\": \"patternExampleList sample 9\",\n    \"value\": [\n      \"VIA348D\",\n      [\n        \"VIA348D\"\n      ]\n    ]\n  }\n]",
              "code": "fast_check_1.sample(index_test_1.patternExampleList, 10).forEach((sample, i) => addContext_1.default(this, {\n    title: `patternExampleList sample ${i}`,\n    value: sample,\n}));\nreturn fast_check_1.assert(fast_check_1.property(index_test_1.patternExampleList, ([patternStr, examples]) => {\n    const re = _1.patternToRE(patternStr);\n    return examples.every(re.test.bind(re));\n}));",
              "err": {},
              "uuid": "e2083e73-5cb7-44ab-b2d5-918a6f4b38a3",
              "parentUUID": "92b5a012-03b2-458a-97f9-bbe887100b19",
              "isHook": false,
              "skipped": false
            },
            {
              "title": "should match valid modules with multiple patterns",
              "fullTitle": "patternToRE should match valid modules with multiple patterns",
              "timedOut": false,
              "duration": 57,
              "state": "passed",
              "speed": "medium",
              "pass": true,
              "fail": false,
              "pending": false,
              "context": "[\n  {\n    \"title\": \"patternExampleListArray sample 0\",\n    \"value\": [\n      [\n        \"UQ544\",\n        [\n          \"UQ544\"\n        ]\n      ],\n      [\n        \"GWY8\",\n        [\n          \"GWY8\"\n        ]\n      ],\n      [\n        \"PU22\",\n        [\n          \"PU22\"\n        ]\n      ]\n    ]\n  },\n  {\n    \"title\": \"patternExampleListArray sample 1\",\n    \"value\": [\n      [\n        \"KR*6x1\",\n        [\n          \"KR1EJQZ601\",\n          \"KRDT631\",\n          \"KR6NFJ651\",\n          \"KRE681\",\n          \"KR601\",\n          \"KRGZ0WA661\",\n          \"KRJ681\",\n          \"KRYNYTSNS691\",\n          \"KR6681\",\n          \"KRD641\"\n        ]\n      ],\n      [\n        \"TG8\",\n        [\n          \"TG8\"\n        ]\n      ],\n      [\n        \"CO5C\",\n        [\n          \"CO5C\"\n        ]\n      ],\n      [\n        \"MH8B\",\n        [\n          \"MH8B\"\n        ]\n      ]\n    ]\n  },\n  {\n    \"title\": \"patternExampleListArray sample 2\",\n    \"value\": [\n      [\n        \"YYM51\",\n        [\n          \"YYM51\"\n        ]\n      ],\n      [\n        \"WYG168O\",\n        [\n          \"WYG168O\"\n        ]\n      ],\n      [\n        \"PXS687\",\n        [\n          \"PXS687\"\n        ]\n      ]\n    ]\n  },\n  {\n    \"title\": \"patternExampleListArray sample 3\",\n    \"value\": [\n      [\n        \"DPE3W\",\n        [\n          \"DPE3W\"\n        ]\n      ],\n      [\n        \"QH2\",\n        [\n          \"QH2\"\n        ]\n      ],\n      [\n        \"TC1523\",\n        [\n          \"TC1523\"\n        ]\n      ],\n      [\n        \"UH1\",\n        [\n          \"UH1\"\n        ]\n      ],\n      [\n        \"WQM84B\",\n        [\n          \"WQM84B\"\n        ]\n      ],\n      [\n        \"CC7716F\",\n        [\n          \"CC7716F\"\n        ]\n      ],\n      [\n        \"MV49G\",\n        [\n          \"MV49G\"\n        ]\n      ]\n    ]\n  },\n  {\n    \"title\": \"patternExampleListArray sample 4\",\n    \"value\": [\n      [\n        \"IU6\",\n        [\n          \"IU6\"\n        ]\n      ],\n      [\n        \"YHZ6U\",\n        [\n          \"YHZ6U\"\n        ]\n      ],\n      [\n        \"JO148\",\n        [\n          \"JO148\"\n        ]\n      ]\n    ]\n  },\n  {\n    \"title\": \"patternExampleListArray sample 5\",\n    \"value\": [\n      [\n        \"XKL2J\",\n        [\n          \"XKL2J\"\n        ]\n      ],\n      [\n        \"HBH*70M\",\n        [\n          \"HBHLK70M\",\n          \"HBHU70M\",\n          \"HBH70M\",\n          \"HBHDJEX70M\",\n          \"HBHZQ7YWE1970M\",\n          \"HBHI0C5QH0Q70M\",\n          \"HBHT70M\",\n          \"HBH7WYZ70M\",\n          \"HBHARU70M\",\n          \"HBH75N70M\"\n        ]\n      ],\n      [\n        \"OM24U\",\n        [\n          \"OM24U\"\n        ]\n      ],\n      [\n        \"PC7J\",\n        [\n          \"PC7J\"\n        ]\n      ],\n      [\n        \"CA77V\",\n        [\n          \"CA77V\"\n        ]\n      ],\n      [\n        \"LRI0164M\",\n        [\n          \"LRI0164M\"\n        ]\n      ],\n      [\n        \"OSO40*T\",\n        [\n          \"OSO40K2T\",\n          \"OSO4091LT7T\",\n          \"OSO40I0IT\",\n          \"OSO40OJVDWEST\"\n        ]\n      ],\n      [\n        \"RQxP\",\n        [\n          \"RQ7P\",\n          \"RQ9P\",\n          \"RQ1P\",\n          \"RQ8P\",\n          \"RQ3P\",\n          \"RQ0P\"\n        ]\n      ],\n      [\n        \"ZUH3\",\n        [\n          \"ZUH3\"\n        ]\n      ],\n      [\n        \"NMX0346\",\n        [\n          \"NMX0346\"\n        ]\n      ],\n      [\n        \"CCT3K\",\n        [\n          \"CCT3K\"\n        ]\n      ]\n    ]\n  },\n  {\n    \"title\": \"patternExampleListArray sample 6\",\n    \"value\": [\n      [\n        \"DCE5*0x\",\n        [\n          \"DCE54GG2DOYO08\"\n        ]\n      ],\n      [\n        \"DVM95\",\n        [\n          \"DVM95\"\n        ]\n      ],\n      [\n        \"OOY12\",\n        [\n          \"OOY12\"\n        ]\n      ],\n      [\n        \"PY**xX\",\n        [\n          \"PYP15VSWM4X\",\n          \"PYXRR4LX15T0IB9X\",\n          \"PY1AW2XB04QJY7X\",\n          \"PYJ1WHE95B7IS7X\",\n          \"PYY4PSQP2X\",\n          \"PYQO8SMV12X\",\n          \"PYXGP1R5X\"\n        ]\n      ],\n      [\n        \"KAL7O\",\n        [\n          \"KAL7O\"\n        ]\n      ],\n      [\n        \"WD286\",\n        [\n          \"WD286\"\n        ]\n      ],\n      [\n        \"XCK0775C\",\n        [\n          \"XCK0775C\"\n        ]\n      ],\n      [\n        \"TY68\",\n        [\n          \"TY68\"\n        ]\n      ],\n      [\n        \"DR0*47\",\n        [\n          \"DR0A247\",\n          \"DR047\",\n          \"DR0O7H0L47\",\n          \"DR0P47\"\n        ]\n      ],\n      [\n        \"FW38C\",\n        [\n          \"FW38C\"\n        ]\n      ],\n      [\n        \"ZCG98E\",\n        [\n          \"ZCG98E\"\n        ]\n      ],\n      [\n        \"GS45\",\n        [\n          \"GS45\"\n        ]\n      ]\n    ]\n  },\n  {\n    \"title\": \"patternExampleListArray sample 7\",\n    \"value\": [\n      [\n        \"LS97*xW\",\n        [\n          \"LS97TLL9LQF4W\",\n          \"LS97Z8W\",\n          \"LS971W\",\n          \"LS977XOKZW83W\"\n        ]\n      ],\n      [\n        \"AG31\",\n        [\n          \"AG31\"\n        ]\n      ]\n    ]\n  },\n  {\n    \"title\": \"patternExampleListArray sample 8\",\n    \"value\": [\n      [\n        \"ZR7\",\n        [\n          \"ZR7\"\n        ]\n      ],\n      [\n        \"GIU50A\",\n        [\n          \"GIU50A\"\n        ]\n      ],\n      [\n        \"KQ*3K\",\n        [\n          \"KQ7N3K\",\n          \"KQSB33K\",\n          \"KQA2MVJH8M3K\",\n          \"KQ24GK3K\",\n          \"KQ1AFAOB3K\",\n          \"KQW41353K\",\n          \"KQ8LNJQ63K\",\n          \"KQJ3K\",\n          \"KQG3K\",\n          \"KQMQ3K\",\n          \"KQJEKQK13K\",\n          \"KQN205BNBI3K\"\n        ]\n      ],\n      [\n        \"QJ385B\",\n        [\n          \"QJ385B\"\n        ]\n      ],\n      [\n        \"YXE4\",\n        [\n          \"YXE4\"\n        ]\n      ],\n      [\n        \"VH441Q\",\n        [\n          \"VH441Q\"\n        ]\n      ]\n    ]\n  },\n  {\n    \"title\": \"patternExampleListArray sample 9\",\n    \"value\": [\n      [\n        \"PEV5585\",\n        [\n          \"PEV5585\"\n        ]\n      ],\n      [\n        \"KH92\",\n        [\n          \"KH92\"\n        ]\n      ],\n      [\n        \"SDN4xB\",\n        [\n          \"SDN46B\",\n          \"SDN49B\",\n          \"SDN45B\",\n          \"SDN41B\"\n        ]\n      ],\n      [\n        \"NU41x0\",\n        [\n          \"NU4150\",\n          \"NU4100\",\n          \"NU4180\",\n          \"NU4170\",\n          \"NU4160\",\n          \"NU4190\",\n          \"NU4140\",\n          \"NU4120\",\n          \"NU4110\",\n          \"NU4130\"\n        ]\n      ],\n      [\n        \"XT244\",\n        [\n          \"XT244\"\n        ]\n      ],\n      [\n        \"WLH9I\",\n        [\n          \"WLH9I\"\n        ]\n      ],\n      [\n        \"QQG*545\",\n        [\n          \"QQG545\"\n        ]\n      ],\n      [\n        \"CB9xx\",\n        [\n          \"CB956\",\n          \"CB944\",\n          \"CB999\",\n          \"CB900\",\n          \"CB920\",\n          \"CB958\",\n          \"CB952\",\n          \"CB953\",\n          \"CB918\",\n          \"CB977\",\n          \"CB991\"\n        ]\n      ]\n    ]\n  }\n]",
              "code": "const patternExampleListArray = fast_check_1.array(index_test_1.patternExampleList, { minLength: 1 });\nfast_check_1.sample(patternExampleListArray, 10).forEach((sample, i) => addContext_1.default(this, {\n    title: `patternExampleListArray sample ${i}`,\n    value: sample,\n}));\nreturn fast_check_1.assert(fast_check_1.property(patternExampleListArray, (ts) => {\n    const re = _1.patternToRE(...ts.map(([patternStr]) => patternStr));\n    return ts\n        .map(([, examples]) => examples)\n        .flat()\n        .every(re.test.bind(re));\n}));",
              "err": {},
              "uuid": "829a675b-d227-4e4a-84cf-80ccdf27b3f7",
              "parentUUID": "92b5a012-03b2-458a-97f9-bbe887100b19",
              "isHook": false,
              "skipped": false
            },
            {
              "title": "should not match x to non-number",
              "fullTitle": "patternToRE should not match x to non-number",
              "timedOut": false,
              "duration": 0,
              "state": "passed",
              "speed": "fast",
              "pass": true,
              "fail": false,
              "pending": false,
              "context": null,
              "code": "const re = _1.patternToRE(\"x\");\n[\"A\", \"Z\", \"c\", \"#\"].forEach((example) => isInvalidExample(re, example));",
              "err": {},
              "uuid": "7e8382e7-f9f6-4dee-9daf-6e3dc95d4d4b",
              "parentUUID": "92b5a012-03b2-458a-97f9-bbe887100b19",
              "isHook": false,
              "skipped": false
            },
            {
              "title": "should not match * to a substring composed of characters other than A-Z and 0-9",
              "fullTitle": "patternToRE should not match * to a substring composed of characters other than A-Z and 0-9",
              "timedOut": false,
              "duration": 0,
              "state": "passed",
              "speed": "fast",
              "pass": true,
              "fail": false,
              "pending": false,
              "context": null,
              "code": "const re = _1.patternToRE(\"*\");\n[\"c\", \"Ac\", \"cA\", \"0Ax\", \"x0A\", \"BA#\", \"#AB\"].forEach((example) => isInvalidExample(re, example));",
              "err": {},
              "uuid": "95d8867b-7992-4334-9ef3-90fed3ac3152",
              "parentUUID": "92b5a012-03b2-458a-97f9-bbe887100b19",
              "isHook": false,
              "skipped": false
            },
            {
              "title": "should not match substrings",
              "fullTitle": "patternToRE should not match substrings",
              "timedOut": false,
              "duration": 0,
              "state": "passed",
              "speed": "fast",
              "pass": true,
              "fail": false,
              "pending": false,
              "context": null,
              "code": "const re = _1.patternToRE(\"A*xC\");\n[\"A1CZ\", \"AC1CZ\", \"ZA1C\", \"ZAC1C\", \"ZA1CZ\", \"ZAC1CZ\"].forEach((example) => isInvalidExample(re, example));",
              "err": {},
              "uuid": "07fd1147-afd1-4a24-8ca6-d20e89558de0",
              "parentUUID": "92b5a012-03b2-458a-97f9-bbe887100b19",
              "isHook": false,
              "skipped": false
            }
          ],
          "suites": [],
          "passes": [
            "e2083e73-5cb7-44ab-b2d5-918a6f4b38a3",
            "829a675b-d227-4e4a-84cf-80ccdf27b3f7",
            "7e8382e7-f9f6-4dee-9daf-6e3dc95d4d4b",
            "95d8867b-7992-4334-9ef3-90fed3ac3152",
            "07fd1147-afd1-4a24-8ca6-d20e89558de0"
          ],
          "failures": [],
          "pending": [],
          "skipped": [],
          "duration": 71,
          "root": false,
          "rootEmpty": false,
          "_timeout": 2000
        },
        {
          "uuid": "49e41ff8-9bd0-4f72-b7f6-171304f2fe81",
          "title": "patternSatisfier",
          "fullFile": "/home/runner/work/planwithus-lib/planwithus-lib/src/matchRule/pattern/satisfiers.test.ts",
          "file": "/src/matchRule/pattern/satisfiers.test.ts",
          "beforeHooks": [],
          "afterHooks": [],
          "tests": [
            {
              "title": "should assign all modules with *",
              "fullTitle": "patternSatisfier should assign all modules with *",
              "timedOut": false,
              "duration": 1,
              "state": "passed",
              "speed": "fast",
              "pass": true,
              "fail": false,
              "pending": false,
              "context": null,
              "code": "const { assign } = satisfiers_1.patternSatisfier(ref, \"*\");\nisCorrectAssign(assign, modulesList1, modulesList1.map(([moduleStr]) => moduleStr));",
              "err": {},
              "uuid": "2f4230a1-812e-45a4-ba94-48ed5f4d049d",
              "parentUUID": "49e41ff8-9bd0-4f72-b7f6-171304f2fe81",
              "isHook": false,
              "skipped": false
            },
            {
              "title": "should assign only valid modules with pattern containing *",
              "fullTitle": "patternSatisfier should assign only valid modules with pattern containing *",
              "timedOut": false,
              "duration": 0,
              "state": "passed",
              "speed": "fast",
              "pass": true,
              "fail": false,
              "pending": false,
              "context": null,
              "code": "const { assign } = satisfiers_1.patternSatisfier(ref, \"CS2*\");\nisCorrectAssign(assign, modulesList1, [\"CS2100\", \"CS2040S\", \"CS2030\"]);",
              "err": {},
              "uuid": "2b7f3796-3191-450c-a43f-91bc139138cc",
              "parentUUID": "49e41ff8-9bd0-4f72-b7f6-171304f2fe81",
              "isHook": false,
              "skipped": false
            },
            {
              "title": "should assign only valid modules with pattern containing x",
              "fullTitle": "patternSatisfier should assign only valid modules with pattern containing x",
              "timedOut": false,
              "duration": 0,
              "state": "passed",
              "speed": "fast",
              "pass": true,
              "fail": false,
              "pending": false,
              "context": null,
              "code": "const { assign } = satisfiers_1.patternSatisfier(ref, \"CS20xx\");\nisCorrectAssign(assign, modulesList1, [\"CS2030\"]);",
              "err": {},
              "uuid": "8703872d-01cf-4e1e-a827-e7e5fcdb4948",
              "parentUUID": "49e41ff8-9bd0-4f72-b7f6-171304f2fe81",
              "isHook": false,
              "skipped": false
            },
            {
              "title": "should assign only valid modules with pattern containing x and *",
              "fullTitle": "patternSatisfier should assign only valid modules with pattern containing x and *",
              "timedOut": false,
              "duration": 0,
              "state": "passed",
              "speed": "fast",
              "pass": true,
              "fail": false,
              "pending": false,
              "context": null,
              "code": "const { assign } = satisfiers_1.patternSatisfier(ref, \"CS20xx*\");\nisCorrectAssign(assign, modulesList1, [\"CS2040S\", \"CS2030\"]);",
              "err": {},
              "uuid": "0324ee8e-44fe-4687-846a-890de97760e5",
              "parentUUID": "49e41ff8-9bd0-4f72-b7f6-171304f2fe81",
              "isHook": false,
              "skipped": false
            }
          ],
          "suites": [],
          "passes": [
            "2f4230a1-812e-45a4-ba94-48ed5f4d049d",
            "2b7f3796-3191-450c-a43f-91bc139138cc",
            "8703872d-01cf-4e1e-a827-e7e5fcdb4948",
            "0324ee8e-44fe-4687-846a-890de97760e5"
          ],
          "failures": [],
          "pending": [],
          "skipped": [],
          "duration": 1,
          "root": false,
          "rootEmpty": false,
          "_timeout": 2000
        },
        {
          "uuid": "96060754-d221-4e91-82a7-731f23308b07",
          "title": "patternSchema",
          "fullFile": "/home/runner/work/planwithus-lib/planwithus-lib/src/matchRule/pattern/schemas.test.ts",
          "file": "/src/matchRule/pattern/schemas.test.ts",
          "beforeHooks": [],
          "afterHooks": [],
          "tests": [
            {
              "title": "should validate non-empty pattern composed of A-Z, 0-9, x or *",
              "fullTitle": "patternSchema should validate non-empty pattern composed of A-Z, 0-9, x or *",
              "timedOut": false,
              "duration": 3,
              "state": "passed",
              "speed": "fast",
              "pass": true,
              "fail": false,
              "pending": false,
              "context": "[\n  {\n    \"title\": \"pattern sample 0\",\n    \"value\": \"HN8689\"\n  },\n  {\n    \"title\": \"pattern sample 1\",\n    \"value\": \"DWB6A\"\n  },\n  {\n    \"title\": \"pattern sample 2\",\n    \"value\": \"UF92\"\n  },\n  {\n    \"title\": \"pattern sample 3\",\n    \"value\": \"AW99x\"\n  },\n  {\n    \"title\": \"pattern sample 4\",\n    \"value\": \"JC5\"\n  },\n  {\n    \"title\": \"pattern sample 5\",\n    \"value\": \"UQ23\"\n  },\n  {\n    \"title\": \"pattern sample 6\",\n    \"value\": \"NEQ2452\"\n  },\n  {\n    \"title\": \"pattern sample 7\",\n    \"value\": \"NY23\"\n  },\n  {\n    \"title\": \"pattern sample 8\",\n    \"value\": \"FY4\"\n  },\n  {\n    \"title\": \"pattern sample 9\",\n    \"value\": \"AVP8Q\"\n  }\n]",
              "code": "fast_check_1.sample(index_test_2.pattern, 10).forEach((sample, i) => addContext_1.default(this, {\n    title: `pattern sample ${i}`,\n    value: sample,\n}));\nreturn fast_check_1.assert(fast_check_1.property(index_test_2.pattern, ajvValidate), {\n    examples: [[\"*\"], [\"ACC1002\"], [\"IS1103\"], [\"CS1231S\"], [\"MA1102R\"]],\n});",
              "err": {},
              "uuid": "5f1c85ea-cf75-4787-b3fc-f9bc4e07501b",
              "parentUUID": "96060754-d221-4e91-82a7-731f23308b07",
              "isHook": false,
              "skipped": false
            },
            {
              "title": "should not validate empty pattern",
              "fullTitle": "patternSchema should not validate empty pattern",
              "timedOut": false,
              "duration": 0,
              "state": "passed",
              "speed": "fast",
              "pass": true,
              "fail": false,
              "pending": false,
              "context": null,
              "code": "isInvalidPattern(\"\")",
              "err": {},
              "uuid": "d0b736e0-d6d0-43b8-94bb-b31c762e8e48",
              "parentUUID": "96060754-d221-4e91-82a7-731f23308b07",
              "isHook": false,
              "skipped": false
            },
            {
              "title": "should not validate pattern with invalid characters",
              "fullTitle": "patternSchema should not validate pattern with invalid characters",
              "timedOut": false,
              "duration": 1,
              "state": "passed",
              "speed": "fast",
              "pass": true,
              "fail": false,
              "pending": false,
              "context": null,
              "code": "[\"AB123a\", \"Ac123a\", \"AB123^S\", \"AB1*3^S\", \"$A1*3^S\", \"/A1x33S\"].forEach(isInvalidPattern)",
              "err": {},
              "uuid": "4ab2b5b6-090e-4c0e-973e-496d132685c0",
              "parentUUID": "96060754-d221-4e91-82a7-731f23308b07",
              "isHook": false,
              "skipped": false
            }
          ],
          "suites": [],
          "passes": [
            "5f1c85ea-cf75-4787-b3fc-f9bc4e07501b",
            "d0b736e0-d6d0-43b8-94bb-b31c762e8e48",
            "4ab2b5b6-090e-4c0e-973e-496d132685c0"
          ],
          "failures": [],
          "pending": [],
          "skipped": [],
          "duration": 4,
          "root": false,
          "rootEmpty": false,
          "_timeout": 2000
        },
        {
          "uuid": "8782599f-f22b-4c07-a6c6-371edfba4799",
          "title": "patternMatchRuleSatisfier",
          "fullFile": "/home/runner/work/planwithus-lib/planwithus-lib/src/matchRule/satisfiers.test.ts",
          "file": "/src/matchRule/satisfiers.test.ts",
          "beforeHooks": [],
          "afterHooks": [],
          "tests": [
            {
              "title": "should assign only valid modules with pattern match rule containing no exclude patterns",
              "fullTitle": "patternMatchRuleSatisfier should assign only valid modules with pattern match rule containing no exclude patterns",
              "timedOut": false,
              "duration": 1,
              "state": "passed",
              "speed": "fast",
              "pass": true,
              "fail": false,
              "pending": false,
              "context": null,
              "code": "const { assign } = satisfiers_1.patternMatchRuleSatisfier(ref, { pattern: \"CS1xxx*\" });\nisCorrectAssign(assign, modulesList1, [\"CS1231\", \"CS1231S\"]);",
              "err": {},
              "uuid": "4c9a16d9-2bc0-4052-97d8-c80ffd6f1600",
              "parentUUID": "8782599f-f22b-4c07-a6c6-371edfba4799",
              "isHook": false,
              "skipped": false
            },
            {
              "title": "should assign only valid modules with pattern match rule containing an exclude pattern",
              "fullTitle": "patternMatchRuleSatisfier should assign only valid modules with pattern match rule containing an exclude pattern",
              "timedOut": false,
              "duration": 0,
              "state": "passed",
              "speed": "fast",
              "pass": true,
              "fail": false,
              "pending": false,
              "context": null,
              "code": "const { assign } = satisfiers_1.patternMatchRuleSatisfier(ref, {\n    pattern: \"MA1xxx*\",\n    exclude: \"MA15xx\",\n});\nisCorrectAssign(assign, modulesList1, [\n    \"MA1100\",\n    \"MA1101R\",\n    \"MA1102R\",\n    \"MA1511A\",\n]);",
              "err": {},
              "uuid": "91cc73a5-5352-4ea4-a07f-96760bab03db",
              "parentUUID": "8782599f-f22b-4c07-a6c6-371edfba4799",
              "isHook": false,
              "skipped": false
            },
            {
              "title": "should assign only valid modules with pattern match rule containing multiple exclude patterns",
              "fullTitle": "patternMatchRuleSatisfier should assign only valid modules with pattern match rule containing multiple exclude patterns",
              "timedOut": false,
              "duration": 1,
              "state": "passed",
              "speed": "fast",
              "pass": true,
              "fail": false,
              "pending": false,
              "context": null,
              "code": "const { assign } = satisfiers_1.patternMatchRuleSatisfier(ref, {\n    pattern: \"MA*\",\n    exclude: [\"MA151x*\", \"MA2xxx\"],\n});\nisCorrectAssign(assign, modulesList1, [\n    \"MA1100\",\n    \"MA1101R\",\n    \"MA1102R\",\n    \"MA1507\",\n    \"MA1521\",\n    \"MA2101S\",\n]);",
              "err": {},
              "uuid": "4c4e2988-8e6d-4879-bc9b-b33759336ab6",
              "parentUUID": "8782599f-f22b-4c07-a6c6-371edfba4799",
              "isHook": false,
              "skipped": false
            }
          ],
          "suites": [],
          "passes": [
            "4c9a16d9-2bc0-4052-97d8-c80ffd6f1600",
            "91cc73a5-5352-4ea4-a07f-96760bab03db",
            "4c4e2988-8e6d-4879-bc9b-b33759336ab6"
          ],
          "failures": [],
          "pending": [],
          "skipped": [],
          "duration": 2,
          "root": false,
          "rootEmpty": false,
          "_timeout": 2000
        },
        {
          "uuid": "cd42869d-18b3-4bfe-8cf4-a5a0d699e863",
          "title": "matchRuleSchema",
          "fullFile": "/home/runner/work/planwithus-lib/planwithus-lib/src/matchRule/schemas.test.ts",
          "file": "/src/matchRule/schemas.test.ts",
          "beforeHooks": [],
          "afterHooks": [],
          "tests": [
            {
              "title": "should validate match rule with valid pattern",
              "fullTitle": "matchRuleSchema should validate match rule with valid pattern",
              "timedOut": false,
              "duration": 1,
              "state": "passed",
              "speed": "fast",
              "pass": true,
              "fail": false,
              "pending": false,
              "context": "[\n  {\n    \"title\": \"pattern sample 0\",\n    \"value\": \"TL7\"\n  },\n  {\n    \"title\": \"pattern sample 1\",\n    \"value\": \"LQx**J\"\n  },\n  {\n    \"title\": \"pattern sample 2\",\n    \"value\": \"WTG1\"\n  },\n  {\n    \"title\": \"pattern sample 3\",\n    \"value\": \"LD95\"\n  },\n  {\n    \"title\": \"pattern sample 4\",\n    \"value\": \"LCN54\"\n  },\n  {\n    \"title\": \"pattern sample 5\",\n    \"value\": \"KRx\"\n  },\n  {\n    \"title\": \"pattern sample 6\",\n    \"value\": \"CNx194\"\n  },\n  {\n    \"title\": \"pattern sample 7\",\n    \"value\": \"YC386xP\"\n  },\n  {\n    \"title\": \"pattern sample 8\",\n    \"value\": \"OO16\"\n  },\n  {\n    \"title\": \"pattern sample 9\",\n    \"value\": \"ZEWx\"\n  }\n]",
[...]
              "timedOut": false,
              "duration": 0,
              "state": "passed",
              "speed": "fast",
              "pass": true,
              "fail": false,
              "pending": false,
              "context": null,
              "code": "const satisfier = satisfiers_1.inequalitySatisfier(ref, \"<=32\");\nsatisfier.should.have.property(\"filter\");\nconst { filter } = satisfier;\nisCorrectFilter(filter, modulesList1, modulesList1.map(([moduleStr]) => moduleStr));",
              "err": {},
              "uuid": "673963c9-9676-41fc-b834-f00542430084",
              "parentUUID": "8d8b59bc-d020-4d47-aa61-b63c4c2c1fec",
              "isHook": false,
              "skipped": false
            },
            {
              "title": "should truncate list of modules with upper bound of MCs at exact cutoff if total MC count is higher and there exists some starting sequence with exact MC count",
              "fullTitle": "inequalitySatisfier should truncate list of modules with upper bound of MCs at exact cutoff if total MC count is higher and there exists some starting sequence with exact MC count",
              "timedOut": false,
              "duration": 0,
              "state": "passed",
              "speed": "fast",
              "pass": true,
              "fail": false,
              "pending": false,
              "context": null,
              "code": "const satisfier = satisfiers_1.inequalitySatisfier(ref, \"<=16\");\nsatisfier.should.have.property(\"filter\");\nconst { filter } = satisfier;\nisCorrectFilter(filter, modulesList1, [\n    \"CS2100\",\n    \"GER1000\",\n    \"CS2040S\",\n    \"ST2131\",\n]);",
              "err": {},
              "uuid": "73e4d635-fa54-4346-a8ee-71691d08bff7",
              "parentUUID": "8d8b59bc-d020-4d47-aa61-b63c4c2c1fec",
              "isHook": false,
              "skipped": false
            },
            {
              "title": "should truncate list of modules with upper bound of MCs, cutting off at the minimum starting sequence that exceeds upper bound, if total MC count is higher and there exists no starting sequence with exact MC count",
              "fullTitle": "inequalitySatisfier should truncate list of modules with upper bound of MCs, cutting off at the minimum starting sequence that exceeds upper bound, if total MC count is higher and there exists no starting sequence with exact MC count",
              "timedOut": false,
              "duration": 0,
              "state": "passed",
              "speed": "fast",
              "pass": true,
              "fail": false,
              "pending": false,
              "context": null,
              "code": "const satisfier = satisfiers_1.inequalitySatisfier(ref, \"<=17\");\nsatisfier.should.have.property(\"filter\");\nconst { filter } = satisfier;\nisCorrectFilter(filter, modulesList1, [\n    \"CS2100\",\n    \"GER1000\",\n    \"CS2040S\",\n    \"ST2131\",\n    \"MA1521\",\n]);",
              "err": {},
              "uuid": "3695dc21-7389-4a80-8b3a-aaa60eb384ff",
              "parentUUID": "8d8b59bc-d020-4d47-aa61-b63c4c2c1fec",
              "isHook": false,
              "skipped": false
            }
          ],
          "suites": [],
          "passes": [
            "336333bb-6d02-41d5-bb2d-45079a3d957d",
            "dd99fbdc-f971-4937-a8cc-6a5e2bb48fa7",
            "0bf52f4c-e59e-4f47-84ae-541922e1378a",
            "09d67e8a-e864-4d66-b705-7586bee0563e",
            "673963c9-9676-41fc-b834-f00542430084",
            "73e4d635-fa54-4346-a8ee-71691d08bff7",
            "3695dc21-7389-4a80-8b3a-aaa60eb384ff"
          ],
          "failures": [],
          "pending": [],
          "skipped": [],
          "duration": 1,
          "root": false,
          "rootEmpty": false,
          "_timeout": 2000
        },
        {
          "uuid": "7f6d0e12-d319-4fa3-a381-14077fd3842a",
          "title": "inequalitySchema",
          "fullFile": "/home/runner/work/planwithus-lib/planwithus-lib/src/satisfyRule/inequality/schemas.test.ts",
          "file": "/src/satisfyRule/inequality/schemas.test.ts",
          "beforeHooks": [],
          "afterHooks": [],
          "tests": [
            {
              "title": "should validate inequality in the form <=n or >=n",
              "fullTitle": "inequalitySchema should validate inequality in the form <=n or >=n",
              "timedOut": false,
              "duration": 1,
              "state": "passed",
              "speed": "fast",
              "pass": true,
              "fail": false,
              "pending": false,
              "context": "[\n  {\n    \"title\": \"inequality sample 0\",\n    \"value\": \"<=43\"\n  },\n  {\n    \"title\": \"inequality sample 1\",\n    \"value\": \"<=172\"\n  },\n  {\n    \"title\": \"inequality sample 2\",\n    \"value\": \">=195\"\n  },\n  {\n    \"title\": \"inequality sample 3\",\n    \"value\": \"<=7\"\n  },\n  {\n    \"title\": \"inequality sample 4\",\n    \"value\": \">=174\"\n  },\n  {\n    \"title\": \"inequality sample 5\",\n    \"value\": \">=91\"\n  },\n  {\n    \"title\": \"inequality sample 6\",\n    \"value\": \"<=3\"\n  },\n  {\n    \"title\": \"inequality sample 7\",\n    \"value\": \">=193\"\n  },\n  {\n    \"title\": \"inequality sample 8\",\n    \"value\": \"<=5\"\n  },\n  {\n    \"title\": \"inequality sample 9\",\n    \"value\": \"<=1\"\n  }\n]",
              "code": "fast_check_1.sample(index_test_2.inequality, 10).forEach((sample, i) => addContext_1.default(this, {\n    title: `inequality sample ${i}`,\n    value: sample,\n}));\nreturn fast_check_1.assert(fast_check_1.property(index_test_2.inequality, ajvValidate));",
              "err": {},
              "uuid": "5b962d5a-4d26-4381-9847-b7e7ce70d863",
              "parentUUID": "7f6d0e12-d319-4fa3-a381-14077fd3842a",
              "isHook": false,
              "skipped": false
            },
            {
              "title": "should not validate inequality of invalid form",
              "fullTitle": "inequalitySchema should not validate inequality of invalid form",
              "timedOut": false,
              "duration": 1,
              "state": "passed",
              "speed": "fast",
              "pass": true,
              "fail": false,
              "pending": false,
              "context": null,
              "code": "[\n        \"\",\n        \"==23\",\n        \"23\",\n        \"<23\",\n        \">23\",\n        \"<=-1\",\n        \">=-1\",\n        \"<= 2\",\n        \">= 1\",\n        \"> 3\",\n        \"< 3\",\n        \"<=3a\",\n        \">=3a\",\n        \"a<=3\",\n        \"a>=3\",\n    ].forEach(isInvalidInequality)",
              "err": {},
              "uuid": "cd1ac2d3-19d2-4e76-a9ac-3ee2ea1a82f2",
              "parentUUID": "7f6d0e12-d319-4fa3-a381-14077fd3842a",
              "isHook": false,
              "skipped": false
            }
          ],
          "suites": [],
          "passes": [
            "5b962d5a-4d26-4381-9847-b7e7ce70d863",
            "cd1ac2d3-19d2-4e76-a9ac-3ee2ea1a82f2"
          ],
          "failures": [],
          "pending": [],
          "skipped": [],
          "duration": 2,
          "root": false,
          "rootEmpty": false,
          "_timeout": 2000
        },
        {
          "uuid": "f4fea711-4479-4f95-a342-367559823e98",
          "title": "satisfyRuleSchema",
          "fullFile": "/home/runner/work/planwithus-lib/planwithus-lib/src/satisfyRule/schemas.test.ts",
          "file": "/src/satisfyRule/schemas.test.ts",
          "beforeHooks": [],
          "afterHooks": [],
          "tests": [
            {
              "title": "should validate satisfy rule with valid block id",
              "fullTitle": "satisfyRuleSchema should validate satisfy rule with valid block id",
              "timedOut": false,
              "duration": 1,
              "state": "passed",
              "speed": "fast",
              "pass": true,
              "fail": false,
              "pending": false,
              "context": null,
              "code": "fast_check_1.assert(fast_check_1.property(fast_check_1.string(), ajvValidate)",
              "err": {},
              "uuid": "c0cf2bdb-801d-43eb-84b9-61b29f251be0",
              "parentUUID": "f4fea711-4479-4f95-a342-367559823e98",
              "isHook": false,
              "skipped": false
            },
            {
              "title": "should validate satisfy rules with valid mc",
              "fullTitle": "satisfyRuleSchema should validate satisfy rules with valid mc",
              "timedOut": false,
              "duration": 2,
              "state": "passed",
              "speed": "fast",
              "pass": true,
              "fail": false,
              "pending": false,
              "context": "[\n  {\n    \"title\": \"mcSatisfyRule sample 0\",\n    \"value\": {\n      \"mc\": \"<=107\"\n    }\n  },\n  {\n    \"title\": \"mcSatisfyRule sample 1\",\n    \"value\": {\n      \"mc\": \">=22\"\n    }\n  },\n  {\n    \"title\": \"mcSatisfyRule sample 2\",\n    \"value\": {\n      \"mc\": \"<=195\"\n    }\n  },\n  {\n    \"title\": \"mcSatisfyRule sample 3\",\n    \"value\": {\n      \"mc\": \">=56\"\n    }\n  },\n  {\n    \"title\": \"mcSatisfyRule sample 4\",\n    \"value\": {\n      \"mc\": \"<=165\"\n    }\n  },\n  {\n    \"title\": \"mcSatisfyRule sample 5\",\n    \"value\": {\n      \"mc\": \"<=101\"\n    }\n  },\n  {\n    \"title\": \"mcSatisfyRule sample 6\",\n    \"value\": {\n      \"mc\": \">=2\"\n    }\n  },\n  {\n    \"title\": \"mcSatisfyRule sample 7\",\n    \"value\": {\n      \"mc\": \"<=8\"\n    }\n  },\n  {\n    \"title\": \"mcSatisfyRule sample 8\",\n    \"value\": {\n      \"mc\": \"<=2\"\n    }\n  },\n  {\n    \"title\": \"mcSatisfyRule sample 9\",\n    \"value\": {\n      \"mc\": \"<=59\"\n    }\n  }\n]",
              "code": "fast_check_1.sample(index_test_2.mcSatisfyRule, 10).forEach((sample, i) => addContext_1.default(this, {\n    title: `mcSatisfyRule sample ${i}`,\n    value: sample,\n}));\nreturn fast_check_1.assert(fast_check_1.property(index_test_2.mcSatisfyRule, ajvValidate));",
              "err": {},
              "uuid": "d15f08c4-5422-4c59-930e-67e05b6000f9",
              "parentUUID": "f4fea711-4479-4f95-a342-367559823e98",
              "isHook": false,
              "skipped": false
            },
            {
              "title": "should validate valid recursive satisfy rules",
              "fullTitle": "satisfyRuleSchema should validate valid recursive satisfy rules",
              "timedOut": false,
              "duration": 4,
              "state": "passed",
              "speed": "fast",
              "pass": true,
              "fail": false,
              "pending": false,
              "context": "[\n  {\n    \"title\": \"satisfyRule sample 0\",\n    \"value\": {\n      \"and\": [\n        \"`4R\",\n        {\n          \"mc\": \">=8\"\n        }\n      ]\n    }\n  },\n  {\n    \"title\": \"satisfyRule sample 1\",\n    \"value\": \"- @\"\n  },\n  {\n    \"title\": \"satisfyRule sample 2\",\n    \"value\": \"G/3lzn@b\"\n  },\n  {\n    \"title\": \"satisfyRule sample 3\",\n    \"value\": {\n      \"and\": [\n        \"y{(BzZ\"\n      ]\n    }\n  },\n  {\n    \"title\": \"satisfyRule sample 4\",\n    \"value\": \"zA \"\n  },\n  {\n    \"title\": \"satisfyRule sample 5\",\n    \"value\": {\n      \"or\": [\n        {\n          \"and\": [\n            {\n              \"or\": [\n                \"0C)gU^P\\\\\"\n              ]\n            },\n            {\n              \"or\": [\n                {\n                  \"and\": [\n                    \")'E!E0KgK\",\n                    \"z{\"\n                  ]\n                }\n              ]\n            },\n            {\n              \"mc\": \"<=117\"\n            }\n          ]\n        },\n        {\n          \"and\": [\n            \"\\\"c\\\\(V?dz!\"\n          ]\n        },\n        {\n          \"mc\": \"<=8\"\n        },\n        {\n          \"and\": [\n            {\n              \"and\": [\n                \"]9'RAY}J(\",\n                {\n                  \"mc\": \"<=36\"\n                },\n                \"+OfRCVWbIu\"\n              ]\n            }\n          ]\n        },\n        \"ofjL1!>7\"\n      ]\n    }\n  },\n  {\n    \"title\": \"satisfyRule sample 6\",\n    \"value\": {\n      \"or\": [\n        \"=\\\"/T\\\"J6yu\",\n        {\n          \"mc\": \">=143\"\n        }\n      ]\n    }\n  },\n  {\n    \"title\": \"satisfyRule sample 7\",\n    \"value\": {\n      \"mc\": \"<=194\"\n    }\n  },\n  {\n    \"title\": \"satisfyRule sample 8\",\n    \"value\": {\n      \"and\": [\n        {\n          \"and\": []\n        },\n        {\n          \"and\": [\n            {\n              \"mc\": \">=199\"\n            },\n            \"\"\n          ]\n        },\n        {\n          \"and\": [\n            {\n              \"mc\": \">=160\"\n            },\n            {\n              \"or\": []\n            }\n          ]\n        }\n      ]\n    }\n  },\n  {\n    \"title\": \"satisfyRule sample 9\",\n    \"value\": {\n      \"mc\": \">=3\"\n    }\n  }\n]",
              "code": "fast_check_1.sample(index_test_2.satisfyRule, 10).forEach((sample, i) => addContext_1.default(this, {\n    title: `satisfyRule sample ${i}`,\n    value: sample,\n}));\nreturn fast_check_1.assert(fast_check_1.property(index_test_2.satisfyRule, ajvValidate));",
              "err": {},
              "uuid": "2c1e78bf-a448-4b06-b9a5-ad2061292647",
              "parentUUID": "f4fea711-4479-4f95-a342-367559823e98",
              "isHook": false,
              "skipped": false
            },
            {
              "title": "should not validate non-string/object",
              "fullTitle": "satisfyRuleSchema should not validate non-string/object",
              "timedOut": false,
              "duration": 1,
              "state": "passed",
              "speed": "fast",
              "pass": true,
              "fail": false,
              "pending": false,
              "context": null,
              "code": "const error = {\n    instancePath: \"\",\n    message: \"satisfy rule should be either a string or an object\",\n};\nisInvalidRule(null, error);\nisInvalidRule(undefined, error);\nisInvalidRule(10, error);\nisInvalidRule([12, 24], error);",
              "err": {},
              "uuid": "60c1b126-936d-4b01-bbbf-ac9ec5c27719",
              "parentUUID": "f4fea711-4479-4f95-a342-367559823e98",
              "isHook": false,
              "skipped": false
            },
            {
              "title": "should not validate satisfy rules with extra properties",
              "fullTitle": "satisfyRuleSchema should not validate satisfy rules with extra properties",
              "timedOut": false,
              "duration": 0,
              "state": "passed",
              "speed": "fast",
              "pass": true,
              "fail": false,
              "pending": false,
              "context": null,
              "code": "isInvalidRule({\n        and: [\n            { or: [\"2k\"], abc: \"def\" },\n            { mc: 8, ghi: \"jkl\" },\n        ],\n        mno: \"pqr\",\n    }, {\n        instancePath: \"/and/0\",\n        message: \"or satisfy rule should have property 'or' only\",\n    }, {\n        instancePath: \"/and/1\",\n        message: \"MC satisfy rule should have property 'mc' only\",\n    }, {\n        instancePath: \"\",\n        message: \"and satisfy rule should have property 'and' only\",\n    })",
              "err": {},
              "uuid": "683ce17a-5e0f-418b-897a-f9da79604854",
              "parentUUID": "f4fea711-4479-4f95-a342-367559823e98",
              "isHook": false,
              "skipped": false
            },
            {
              "title": "should not validate ambiguous satisfy rules",
              "fullTitle": "satisfyRuleSchema should not validate ambiguous satisfy rules",
              "timedOut": false,
              "duration": 1,
              "state": "passed",
              "speed": "fast",
              "pass": true,
              "fail": false,
              "pending": false,
              "context": null,
              "code": "const message = \"satisfy rule should have only one of properties 'mc', 'and', 'or'\";\nisInvalidRule({\n    or: [\n        { mc: 5, and: [\"CS2040\"] },\n        { and: [{ and: [\"abc\"], or: [\"def\"] }] },\n    ],\n}, { instancePath: \"/or/0\", message }, { instancePath: \"/or/1/and/0\", message });",
              "err": {},
              "uuid": "7e87040d-e5d1-4db4-a509-64042e45f1ca",
              "parentUUID": "f4fea711-4479-4f95-a342-367559823e98",
              "isHook": false,
              "skipped": false
            },
            {
              "title": "should not validate and satisfy rules with non-array property",
              "fullTitle": "satisfyRuleSchema should not validate and satisfy rules with non-array property",
              "timedOut": false,
              "duration": 0,
              "state": "passed",
              "speed": "fast",
              "pass": true,
              "fail": false,
              "pending": false,
              "context": null,
              "code": "const message = \"property 'and' should be an array of satisfy rules\";\nisInvalidRule({ or: [{ and: {} }, { or: [{ and: 3 }] }] }, { instancePath: \"/or/0/and\", message }, { instancePath: \"/or/1/or/0/and\", message });",
              "err": {},
              "uuid": "57ef12ce-2bfe-41f0-b67c-147549189700",
              "parentUUID": "f4fea711-4479-4f95-a342-367559823e98",
              "isHook": false,
              "skipped": false
            },
            {
              "title": "should not validate or satisfy rules with non-array property",
              "fullTitle": "satisfyRuleSchema should not validate or satisfy rules with non-array property",
              "timedOut": false,
              "duration": 1,
              "state": "passed",
              "speed": "fast",
              "pass": true,
              "fail": false,
              "pending": false,
              "context": null,
              "code": "const message = \"property 'or' should be an array of satisfy rules\";\nisInvalidRule({ and: [{ or: {} }, { and: [{ or: 3 }] }] }, { instancePath: \"/and/0/or\", message }, { instancePath: \"/and/1/and/0/or\", message });",
              "err": {},
              "uuid": "29d2b9fc-18f6-4dca-ae84-67f5369ad132",
              "parentUUID": "f4fea711-4479-4f95-a342-367559823e98",
              "isHook": false,
              "skipped": false
            }
          ],
          "suites": [],
          "passes": [
            "c0cf2bdb-801d-43eb-84b9-61b29f251be0",
            "d15f08c4-5422-4c59-930e-67e05b6000f9",
            "2c1e78bf-a448-4b06-b9a5-ad2061292647",
            "60c1b126-936d-4b01-bbbf-ac9ec5c27719",
            "683ce17a-5e0f-418b-897a-f9da79604854",
            "7e87040d-e5d1-4db4-a509-64042e45f1ca",
            "57ef12ce-2bfe-41f0-b67c-147549189700",
            "29d2b9fc-18f6-4dca-ae84-67f5369ad132"
          ],
          "failures": [],
          "pending": [],
          "skipped": [],
          "duration": 10,
          "root": false,
          "rootEmpty": false,
          "_timeout": 2000
        }
      ],
      "passes": [],
      "failures": [],
      "pending": [],
      "skipped": [],
      "duration": 0,
      "root": true,
      "rootEmpty": true,
      "_timeout": 2000
    }
  ],
  "meta": {
    "mocha": {
      "version": "9.1.1"
    },
    "mochawesome": {
      "options": {
        "quiet": false,
        "reportFilename": "mochawesome",
        "saveHtml": true,
        "saveJson": true,
        "consoleReporter": "spec",
        "useInlineDiffs": false,
        "code": true
      },
      "version": "6.2.2"
    },
    "marge": {
      "options": {
        "reportDir": "docs"
      },
      "version": "5.2.0"
    }
  }
}