{
  "stats": {
    "suites": 10,
    "tests": 48,
    "passes": 48,
    "pending": 0,
    "failures": 0,
    "start": "2021-08-04T07:32:46.050Z",
    "end": "2021-08-04T07:32:46.338Z",
    "duration": 288,
    "testsRegistered": 48,
    "passPercent": 100,
    "pendingPercent": 0,
    "other": 0,
    "hasOther": false,
    "skipped": 0,
    "hasSkipped": false
  },
  "results": [
    {
      "uuid": "5397e2bd-247c-4618-b0ed-eb4e00325c61",
      "title": "",
      "fullFile": "",
      "file": "",
      "beforeHooks": [],
      "afterHooks": [],
      "tests": [],
      "suites": [
        {
          "uuid": "4f678f7c-0229-496d-8262-463f4f4b718a",
          "title": "initDirectories",
          "fullFile": "/home/runner/work/planwithus-lib/planwithus-lib/src/block/schemas.test.ts",
          "file": "/src/block/schemas.test.ts",
          "beforeHooks": [],
          "afterHooks": [],
          "tests": [
            {
              "title": "should parse all blocks with no errors",
              "fullTitle": "initDirectories should parse all blocks with no errors",
              "timedOut": false,
              "duration": 2,
              "state": "passed",
              "speed": "fast",
              "pass": true,
              "fail": false,
              "pending": false,
              "context": null,
              "code": "_1.initDirectories.should.not.throw()",
              "err": {},
              "uuid": "79b53992-4a78-48c6-bbbc-d6d6db949ecf",
              "parentUUID": "4f678f7c-0229-496d-8262-463f4f4b718a",
              "isHook": false,
              "skipped": false
            },
            {
              "title": "should produce primary, second & minor directories",
              "fullTitle": "initDirectories should produce primary, second & minor directories",
              "timedOut": false,
              "duration": 1,
              "state": "passed",
              "speed": "fast",
              "pass": true,
              "fail": false,
              "pending": false,
              "context": null,
              "code": "const directories = _1.initDirectories();\ndirectories.should.have.property(\"primary\");\ndirectories.should.have.property(\"second\");\ndirectories.should.have.property(\"minor\");",
              "err": {},
              "uuid": "53e0f806-1352-4101-8b68-932929ae0564",
              "parentUUID": "4f678f7c-0229-496d-8262-463f4f4b718a",
              "isHook": false,
              "skipped": false
            }
          ],
          "suites": [],
          "passes": [
            "79b53992-4a78-48c6-bbbc-d6d6db949ecf",
            "53e0f806-1352-4101-8b68-932929ae0564"
          ],
          "failures": [],
          "pending": [],
          "skipped": [],
          "duration": 3,
          "root": false,
          "rootEmpty": false,
          "_timeout": 2000
        },
        {
          "uuid": "e3fc0530-ed52-40d0-912b-db11d7850fa0",
          "title": "blockSchema",
          "fullFile": "/home/runner/work/planwithus-lib/planwithus-lib/src/block/schemas.test.ts",
          "file": "/src/block/schemas.test.ts",
          "beforeHooks": [],
          "afterHooks": [],
          "tests": [
            {
              "title": "should validate valid block",
              "fullTitle": "blockSchema should validate valid block",
              "timedOut": false,
              "duration": 172,
              "state": "passed",
              "speed": "slow",
              "pass": true,
              "fail": false,
              "pending": false,
              "context": "[\n  {\n    \"title\": \"block sample 0\",\n    \"value\": {\n      \"name\": \"\",\n      \"ay\": 1950,\n      \"match\": {\n        \"or\": [\n          {\n            \"or\": [\n              {\n                \"pattern\": \"PYP180\",\n                \"exclude\": \"QS07S\"\n              }\n            ]\n          },\n          {\n            \"and\": [\n              \"TU394\",\n              \"HT0H\",\n              \"AR*12I\",\n              {\n                \"or\": [\n                  {\n                    \"or\": [\n                      {\n                        \"or\": [\n                          \"FUx17*P\",\n                          \"CU166*\"\n                        ]\n                      },\n                      \"IQ7142F\",\n                      \"LQQ7512\",\n                      \"FZQ04V\",\n                      {\n                        \"or\": [\n                          \"DHH546\",\n                          \"GJS51V\",\n                          \"XAA34x3Y\"\n                        ]\n                      }\n                    ]\n                  },\n                  \"GJ4150\",\n                  \"MC1*\",\n                  {\n                    \"and\": [\n                      {\n                        \"or\": [\n                          \"GKL24N\",\n                          \"YDRx\"\n                        ]\n                      }\n                    ]\n                  }\n                ]\n              }\n            ]\n          },\n          \"ZXx1\",\n          {\n            \"and\": [\n              \"YIH9x8F\",\n              {\n                \"pattern\": \"KC1247H\",\n                \"info\": \"-x :\"\n              }\n            ]\n          }\n        ]\n      },\n      \"satisfy\": [\n        {\n          \"or\": [\n            {\n              \"mc\": \">=154\"\n            },\n            {\n              \"mc\": \">=153\"\n            },\n            {\n              \"and\": [\n                {\n                  \"or\": [\n                    \"$>-Q8\",\n                    \"?vxwuyxnP\"\n                  ]\n                },\n                {\n                  \"mc\": \"<=179\"\n                },\n                {\n                  \"and\": [\n                    \"VExn\",\n                    \"|:Zo\",\n                    \"S>ZQPwxj}\",\n                    \"cDi\",\n                    \".CkF euQFq\"\n                  ]\n                },\n                \"uQwvS1\"\n              ]\n            },\n            {\n              \"and\": [\n                {\n                  \"or\": [\n                    \"\",\n                    \">\",\n                    \"Br\",\n                    \"g<3\",\n                    \"M P;6MB(t\"\n                  ]\n                },\n                \"h(U;\",\n                \"'%ndfA\",\n                \"J%3*{\",\n                \"qSZ!rEIg\"\n              ]\n            }\n          ]\n        },\n        \"6ruw=,\",\n        {\n          \"and\": [\n            {\n              \"or\": []\n            },\n            \"RRk<1[\",\n            {\n              \"mc\": \">=68\"\n            },\n            {\n              \"or\": [\n                {\n                  \"and\": [\n                    \"IY\"\n                  ]\n                },\n                \"aFVP.\",\n                {\n                  \"and\": [\n                    \"#\",\n                    \"K37|0!R?\",\n                    {\n                      \"mc\": \">=155\"\n                    },\n                    \",)o&y\",\n                    {\n                      \"and\": []\n                    }\n                  ]\n                },\n                \"\"\n              ]\n            },\n            {\n              \"or\": [\n                \"\\\"h@F*oCq\",\n                \"XU|qW4fK9e\",\n                {\n                  \"or\": [\n                    {\n                      \"mc\": \"<=77\"\n                    },\n                    \"FG5qu]YC)g\",\n                    {\n                      \"mc\": \">=194\"\n                    },\n                    {\n                      \"or\": [\n                        {\n                          \"mc\": \"<=73\"\n                        },\n                        \">5D]nEu\",\n                        \"Wz\",\n                        \"\",\n                        \"xZ\"\n                      ]\n                    },\n                    {\n                      \"and\": [\n                        {\n                          \"mc\": \">=106\"\n                        },\n                        {\n                          \"mc\": \">=23\"\n                        },\n                        {\n                          \"mc\": \"<=79\"\n                        },\n                        \"7Q6n8u+$._\"\n                      ]\n                    }\n                  ]\n                },\n                \"'\",\n                \"Kiv \"\n              ]\n            }\n          ]\n        }\n      ],\n      \"url\": \"https://cebl7-8-kw.bwd.6-s16fny436pzd8lt9j05h8uxctezduocsayogfdqmwf9zr4p1333otuinb.amgufkh/OE)tMdAyr/V:%2d/YW%F2%94%9E%92Mmj+%F4%88%AE%91\",\n      \"isSelectable\": true\n    }\n  },\n  {\n    \"title\": \"block sample 1\",\n    \"value\": {\n      \"name\": \"nSEBx*} V\",\n      \"ay\": 2016,\n      \"match\": [\n        {\n          \"pattern\": \"IXN3183W\",\n          \"info\": \"wxScQ\"\n        },\n        \"BW6997\",\n        {\n          \"or\": [\n            {\n              \"pattern\": \"GIF5N\",\n              \"info\": \"_^p:CIcH&^\"\n            },\n            {\n              \"pattern\": \"WBQ47R\",\n              \"info\": \"v{a6!eOZ\"\n            },\n            \"EJQ3**0\",\n            {\n              \"pattern\": \"HOC6255D\",\n              \"exclude\": [\n                \"BX1\",\n                \"GAJ21X\",\n                \"AEG040\",\n                \"TOR7162F\",\n                \"CXW4671H\"\n              ],\n              \"info\": \"rp;\"\n            },\n            {\n              \"or\": [\n                \"KIW9\",\n                {\n                  \"or\": [\n                    \"EE184\",\n                    {\n                      \"and\": [\n                        \"EFN206N\",\n                        \"XG93\",\n                        \"JRW648L\",\n                        \"TSR38x\",\n                        \"UEX40T\"\n                      ]\n                    },\n                    \"YTC67\",\n                    \"WQJ12*5G\"\n                  ]\n                },\n                {\n                  \"and\": [\n                    \"NK2\",\n                    \"FWO*F\",\n                    {\n                      \"or\": [\n                        \"PDI*K\",\n                        {\n                          \"or\": [\n                            \"PKR394\",\n                            \"MTI7C\",\n                            \"LIUx4\"\n                          ]\n                        },\n                        \"PS90*O\",\n                        \"CHN1006\"\n                      ]\n                    },\n                    \"XLK*9I\",\n                    \"AL3R\"\n                  ]\n                },\n                {\n                  \"or\": [\n                    \"KX7P\"\n                  ]\n                },\n                \"RBS72\"\n              ]\n            }\n          ]\n        },\n        {\n          \"and\": [\n            \"OGP8E\",\n            {\n              \"pattern\": \"NAPxQ\",\n              \"exclude\": [\n                \"JRR*D\",\n                \"JPTxX\"\n              ]\n            }\n          ]\n        }\n      ],\n      \"satisfy\": [\n        {\n          \"or\": [\n            {\n              \"and\": [\n                \"\",\n                \"QywWr,x\"\n              ]\n            },\n            {\n              \"or\": [\n                \"g)p~:=5\",\n                \"p`L<|kz \"\n              ]\n            },\n            {\n              \"mc\": \"<=153\"\n            },\n            \"`}Y\",\n            {\n              \"and\": [\n                \"c\"\n              ]\n            }\n          ]\n        },\n        {\n          \"mc\": \"<=68\"\n        },\n        {\n          \"or\": [\n            {\n              \"and\": [\n                \"^I\",\n                {\n                  \"mc\": \"<=127\"\n                }\n              ]\n            }\n          ]\n        },\n        {\n          \"and\": [\n            {\n              \"mc\": \">=85\"\n            },\n            {\n              \"and\": [\n                \"F*ZuW*8e[\"\n              ]\n            },\n            {\n              \"mc\": \">=120\"\n            },\n            \"(p*}!wM@J\",\n            {\n              \"mc\": \">=14\"\n            }\n          ]\n        }\n      ],\n      \"url\": \"https://4.rjecga7.kbghb/x/gPS/.S~d@aXPt/eH%F1%95%98%A8:cjXH/BNN)B~(/r%EC%BF%9CQ(d1uI/xpABvm%F0%B5%AF%9C%F2%B6%BC%88/y%F1%9C%95%8D%F2%AF%86%8E%F0%97%B6%8BZ+/P%F0%BE%85%83/g\",\n      \"isSelectable\": true\n    }\n  },\n  {\n    \"title\": \"block sample 2\",\n    \"value\": {\n      \"name\": \"xE#\",\n      \"ay\": 1952,\n      \"match\": {\n        \"pattern\": \"DL*387\",\n        \"exclude\": \"NZ6J\"\n      },\n      \"satisfy\": {\n        \"mc\": \"<=4\"\n      },\n      \"url\": \"https://a-fa.d.obr/k+DT0./%F3%AE%BB%9F%F3%A1%98%AAq/*XGxae*%F0%B7%95%A7%F2%BB%83%A4o/fp+.9'/%F1%A6%82%8Bw(n%F2%A4%AC%9F/t%F3%A6%9B%A5s/WqLfg+/e!/54bJk7\",\n      \"isSelectable\": true,\n      \"DFI.G5#(i:\": {\n        \"name\": \"TWA\",\n        \"ay\": 2029,\n        \"assign\": \"6l.\\\\5x8%,\",\n        \"match\": {\n          \"pattern\": \"PWU2698\",\n          \"exclude\": \"OGE0H\"\n        },\n        \"satisfy\": [\n          \"S^> }A`{\",\n          {\n            \"mc\": \">=29\"\n          },\n          {\n            \"and\": []\n          },\n          \"\",\n          {\n            \"and\": []\n          }\n        ],\n        \"url\": \"https://tu1-suktuhbzr021babe9b8w-cfqpl2iw4kwb9uan1t82m2mnf56.981s-m6g47tp6qe.90azqbvlyh0xaml02px3.x6706a2i7air8ccko-qzyyi03l19up--glon28h0ufv29l0khq7j-pagxc.dljkepaqy/XjSd_\",\n        \"info\": \"OgW$$:>w\",\n        \"isSelectable\": true,\n        \"e0x\": {\n          \"name\": \"!g \",\n          \"ay\": 1973,\n          \"assign\": \"_m\",\n          \"match\": \"JPZ66\",\n          \"satisfy\": [\n            {\n              \"and\": []\n            },\n            \"\\\"#A\"\n          ],\n          \"url\": \"http://x.t.gilwocawvu/Q9_/+/*-c;*HxKO/!/zXp.g:%F0%A3%BA%8E/Qz$!a.w/v%F3%9C%96%A3$J9/:./%F2%A6%89%A3\",\n          \"info\": \"\",\n          \"isSelectable\": true,\n          \"E7R4\\\\Vca\": {\n            \"name\": \"_%\\\\`\",\n            \"ay\": 1974,\n            \"assign\": \"j\",\n            \"satisfy\": \" H'\",\n            \"url\": \"https://14s2kd74ycwoyk985jxufsgsg4m1mkq1bzaeen4z-p950tyaipl.1kq182pxjiqm59.craa/*%F2%9F%B0%A9or/4ZbHW/\",\n            \"info\": \"~F[#PV_Xm6\",\n            \"isSelectable\": true\n          },\n          \"4U!Z{']h\": {\n            \"ay\": 1977,\n            \"assign\": \"i1y#:x$eyi\",\n            \"match\": {\n              \"or\": [\n                {\n                  \"pattern\": \"ST84*U\",\n                  \"info\": \"T \"\n                },\n                {\n                  \"pattern\": \"IL7\",\n                  \"exclude\": [\n                    \"BY579Z\"\n                  ],\n                  \"info\": \"iA\"\n                },\n                {\n                  \"pattern\": \"WN0*8B\",\n                  \"exclude\": [\n                    \"QW36\",\n                    \"HKx65\",\n                    \"CH7345\"\n                  ],\n                  \"info\": \"K~\"\n                },\n                {\n                  \"pattern\": \"OBG2242\",\n                  \"exclude\": \"NY3F\",\n                  \"info\": \".aeO,gf\\\"\"\n                },\n                {\n                  \"and\": []\n                }\n              ]\n            },\n            \"url\": \"http://ugvuorc7y7-9brivj1vewwelhb0ot.l80jzv46g7qhj10zexee9w8dk.yyebxo/2%F3%86%B5%AAi+3/4(mTs\",\n            \"info\": \"\\\"53em<H\\\"\",\n            \"isSelectable\": true\n          },\n          \"7FrlIK\": {\n            \"name\": \"x^#j~\\\"\",\n            \"ay\": 1990,\n            \"assign\": \"!=vez .\",\n            \"match\": [\n              {\n                \"pattern\": \"ZC607\",\n                \"exclude\": \"VP741x\"\n              }\n            ],\n            \"satisfy\": [\n              {\n                \"and\": [\n                  \"gGHiy&w)\",\n                  {\n                    \"or\": [\n                      {\n                        \"or\": [\n                          \"**;zB9h\",\n                          {\n                            \"mc\": \"<=179\"\n                          },\n                          \"\",\n                          {\n                            \"or\": []\n                          }\n                        ]\n                      },\n                      {\n                        \"and\": [\n                          \"4a\",\n                          \"&5\",\n                          {\n                            \"mc\": \">=114\"\n                          }\n                        ]\n                      },\n                      \"q&\\\\]hHL\",\n                      {\n                        \"and\": [\n                          {\n                            \"and\": [\n                              \"C5L(s\",\n                              {\n                                \"and\": [\n                                  \"L-WF\"\n                                ]\n                              },\n                              \"M!F0El\",\n                              \"yf'=Vefm\"\n                            ]\n                          },\n                          \"? *g[V8Q\",\n                          {\n                            \"and\": []\n                          },\n                          \" \\\\lkG-\"\n                        ]\n                      },\n                      {\n                        \"and\": [\n                          {\n                            \"mc\": \">=120\"\n                          },\n                          {\n                            \"and\": [\n                              \"aWm\\\">iAZ*V\",\n                              {\n                                \"or\": [\n                                  \"'cF`yT;WM\",\n                                  \"0RUs?`(\",\n                                  \"4+-)uwOVe\"\n                                ]\n                              },\n                              \"#$T5s-\"\n                            ]\n                          },\n                          \"\",\n                          \"x,^^w\",\n                          \"BKA<z*\"\n                        ]\n                      }\n                    ]\n                  },\n                  {\n                    \"mc\": \"<=57\"\n                  },\n                  {\n                    \"mc\": \"<=112\"\n                  }\n                ]\n              },\n              {\n                \"and\": [\n                  {\n                    \"and\": [\n                      \"%\",\n                      {\n                        \"and\": [\n                          {\n                            \"mc\": \"<=193\"\n                          },\n                          \"9\",\n                          {\n                            \"and\": []\n                          },\n                          {\n                            \"or\": [\n                              \"<%{^Of<0n \",\n                              \"'8q(;`>f1P\"\n                            ]\n                          },\n                          \")\\\\[30&.)\"\n                        ]\n                      },\n                      {\n                        \"mc\": \">=31\"\n                      }\n                    ]\n                  },\n                  \"\",\n                  {\n                    \"or\": [\n                      \"K[\"\n                    ]\n                  }\n                ]\n              },\n              {\n                \"mc\": \"<=54\"\n              },\n              {\n                \"or\": []\n              },\n              {\n                \"and\": [\n                  {\n                    \"mc\": \"<=14\"\n                  },\n                  {\n                    \"and\": []\n                  },\n                  {\n                    \"mc\": \">=165\"\n                  },\n                  {\n                    \"or\": [\n                      {\n                        \"or\": [\n                          \"?G\",\n                          {\n                            \"and\": [\n                              \"/%0cA4\\\"\\\"\",\n                              \"o\"\n                            ]\n                          },\n                          {\n                            \"and\": [\n                              {\n                                \"or\": [\n                                  \"l_a<6q[oTd\",\n                                  \"%4\",\n                                  \"D m@XP./_M\"\n                                ]\n                              },\n                              {\n                                \"or\": [\n                                  \"/?v},ZoqPZ\",\n                                  \"!'S.^Wx`X\",\n                                  {\n                                    \"and\": [\n                                      \"\",\n                                      \"'`NB!X;+6\",\n                                      \"'~%li6td(C\",\n                                      \"T`v,\"\n                                    ]\n                                  },\n                                  \"\"\n                                ]\n                              }\n                            ]\n                          },\n                          {\n                            \"and\": [\n                              {\n                                \"or\": [\n                                  \"CHa#i1\",\n                                  \"$>N#Z8V\",\n                                  \"O+cr=emhXC\"\n                                ]\n                              },\n                              {\n                                \"or\": [\n                                  \"'\",\n                                  \"\",\n                                  \"\",\n                                  \"juc\"\n                                ]\n                              },\n                              \"d6gkYyZ@ez\"\n                            ]\n                          }\n                        ]\n                      },\n                      {\n                        \"or\": []\n                      },\n                      {\n                        \"mc\": \">=177\"\n                      }\n                    ]\n                  }\n                ]\n              }\n            ],\n            \"url\": \"https://o7x-0hz68df95b4prv3.fsxdk\",\n            \"info\": \"kN9,`uhn\"\n          },\n          \"Fc\": {\n            \"name\": \"Co9Q \",\n            \"ay\": 2000,\n            \"assign\": [],\n            \"match\": [\n              {\n                \"and\": []\n              },\n              \"QK*9H\",\n              {\n                \"pattern\": \"LII4\",\n                \"exclude\": [\n                  \"QK76*B\"\n                ]\n              }\n            ],\n            \"satisfy\": {\n              \"and\": []\n            },\n            \"info\": \"\",\n            \"isSelectable\": true\n          }\n        },\n        \"6^1SKC(0\": {\n          \"name\": \"O5h6=i\",\n          \"assign\": [\n            \"\",\n            \"d\"\n          ],\n          \"match\": [\n            {\n              \"pattern\": \"EZ98I\",\n              \"exclude\": [\n                \"CK*86\",\n                \"LLR90K\",\n                \"ASD352G\",\n                \"OCH0446\",\n                \"HCX21\"\n              ],\n              \"info\": \"#]v}~X-S0o\"\n            },\n            {\n              \"pattern\": \"CVC6\",\n              \"exclude\": \"INT85A\"\n            },\n            {\n              \"and\": [\n                {\n                  \"and\": [\n                    \"GEx2M\",\n                    \"HIA2208\",\n                    \"RC4A\",\n                    \"ON357\"\n                  ]\n                },\n                {\n                  \"pattern\": \"TJBxZ\",\n                  \"exclude\": [\n                    \"GW8x0\",\n                    \"LQ4842G\",\n                    \"CQZ5\",\n                    \"HY2M\",\n                    \"HCW540N\"\n                  ],\n                  \"info\": \"E)di?ok-hf\"\n                },\n                \"AN34\"\n              ]\n            },\n            {\n              \"or\": [\n                {\n                  \"and\": []\n                },\n                {\n                  \"pattern\": \"FZ51W\",\n                  \"exclude\": \"GD58*D\",\n                  \"info\": \">1o~\"\n                },\n                \"MDW3*8\"\n              ]\n            },\n            {\n              \"and\": []\n            }\n          ],\n          \"url\": \"http://gwfyq0jfx8w11x1.lixqcexaez/9%F1%84%B8%9F!Ee:A:/~LRe/zznFM/+g/nw3T\",\n          \"info\": \" $Wk\",\n          \"isSelectable\": true\n        },\n        \"'h\": {\n          \"name\": \"\",\n          \"ay\": 2000,\n          \"assign\": \"A-]X\\\"\",\n          \"match\": \"BB4C\",\n          \"satisfy\": {\n            \"mc\": \"<=55\"\n          },\n          \"url\": \"http://e.i2-t0360jonkfm0.empqcyhv5gi2h4.8w324n1ne19u1xcjmeq1i5545.e6tmafgaje80.onfrfflae/@PMWU/v%F3%B2%A7%8E/L\",\n          \"isSelectable\": true\n        },\n        \"L9}%{lAB%\": {\n          \"name\": \"'o^\",\n          \"ay\": 1985,\n          \"assign\": \"P\",\n          \"match\": [\n            \"XBG6Z\",\n            {\n              \"or\": [\n                \"XA8450J\",\n                \"FA5842\",\n                {\n                  \"pattern\": \"HN76V\",\n                  \"info\": \"`ub]g\"\n                },\n                {\n                  \"or\": [\n                    \"XUx37\",\n                    \"RV69*\",\n                    \"YY02P\",\n                    \"RD3M\"\n                  ]\n                }\n              ]\n            },\n            {\n              \"and\": [\n                {\n                  \"and\": [\n                    \"INO74*\",\n                    \"TN2547D\",\n                    \"BOK0B\",\n                    \"DU0x1Q\",\n                    \"EGX3\"\n                  ]\n                }\n              ]\n            },\n            {\n              \"and\": []\n            },\n            {\n              \"and\": [\n                {\n                  \"pattern\": \"JTO02\",\n                  \"exclude\": \"PYI42R\",\n                  \"info\": \"%OLqFa\"\n                },\n                \"JN310A\",\n                {\n                  \"and\": [\n                    \"UQ65E\",\n                    {\n                      \"or\": []\n                    }\n                  ]\n                },\n                {\n                  \"or\": [\n                    \"OTZ5422C\",\n                    {\n                      \"pattern\": \"ND*xO\",\n                      \"info\": \"Z\"\n                    }\n                  ]\n                }\n              ]\n            }\n          ],\n          \"satisfy\": [\n            \"\",\n            \"K{\",\n            {\n              \"or\": [\n                {\n                  \"mc\": \"<=125\"\n                },\n                \"V;a\",\n                {\n                  \"mc\": \"<=110\"\n                }\n              ]\n            },\n            \"t2k\\\"^E\",\n            \"[;7~AN\"\n          ],\n          \"url\": \"https://9h2hm0kt5-edgyk61n6gm7pcp948-v1nm4-ih-8.dk/V/JAu\",\n          \"info\": \"dK&j+\",\n          \"isSelectable\": true\n        }\n      },\n      \"\": {\n        \"name\": \"<F@\",\n        \"assign\": [\n          \"G-?\",\n          \"Q<!{?~q}~\",\n          \">5W{f\",\n          \"B(\"\n        ],\n        \"match\": [\n          {\n            \"pattern\": \"GUY2K\"\n          }\n        ],\n        \"satisfy\": [\n          {\n            \"and\": [\n              {\n                \"and\": [\n                  {\n                    \"mc\": \">=159\"\n                  },\n                  \"FZ2\",\n                  {\n                    \"or\": [\n                      {\n                        \"and\": [\n                          \"I+v\",\n                          \"&!$V74K7\",\n                          {\n                            \"and\": []\n                          }\n                        ]\n                      },\n                      \"\",\n                      {\n                        \"mc\": \">=133\"\n                      },\n                      \"\"\n                    ]\n                  }\n                ]\n              }\n            ]\n          },\n          {\n            \"or\": [\n              \"NN!\",\n              {\n                \"and\": [\n                  {\n                    \"or\": [\n                      \"Jq\"\n                    ]\n                  },\n                  \"9=%Q\",\n                  \"~`f)1\",\n                  {\n                    \"or\": []\n                  },\n                  {\n                    \"or\": [\n                      \"-'a(g1<\\\\\",\n                      \"S~L,'zU\",\n                      \"/Tr.K=wu6d\",\n                      {\n                        \"or\": [\n                          \",&@fH>m(LS\",\n                          \"-q\",\n                          {\n                            \"or\": [\n                              \"[qMB7XA\",\n                              \"A)<\",\n                              \"\\\"HE=*~:ls\",\n                              \"yq3\",\n                              \"/U$1`<ep\"\n                            ]\n                          }\n                        ]\n                      },\n                      {\n                        \"mc\": \"<=11\"\n                      }\n                    ]\n                  }\n                ]\n              },\n              {\n                \"or\": []\n              },\n              \"e\"\n            ]\n          }\n        ],\n        \"url\": \"https://u-2-80na120k535.qp.un241a2ygmf33y-6ebjrb-cwfel8tzx9-1m8o6za.2laq5pxnsyo5f00le2j1499a-53soiyomwui9hw1zjt4wg4w4299dp.ef7w634trvtj66yyiuz5lyfx9zb--0rcpl5valkbzagn22cp0stsrcgipairco.bydpws/o(/C.(WUYO/M*2A5zkRL\",\n        \"info\": \"\\\\,C\",\n        \"isSelectable\": true\n      }\n    }\n  },\n  {\n    \"title\": \"block sample 3\",\n    \"value\": {\n      \"name\": \"j;4,!2(pj<\",\n      \"ay\": 1975,\n      \"assign\": [\n        \"9M!4!z\",\n        \"mKXi@\"\n      ],\n      \"match\": {\n        \"and\": [\n          {\n            \"and\": []\n          },\n          {\n            \"or\": [\n              \"HP67*x\"\n            ]\n          },\n          {\n            \"or\": [\n              \"FLV*5x\",\n              {\n                \"and\": [\n                  {\n                    \"pattern\": \"LJQ421\",\n                    \"exclude\": [\n                      \"EKK9Y\",\n                      \"DO*\",\n                      \"CF1\"\n                    ]\n                  },\n                  \"GAS3***R\",\n                  {\n                    \"pattern\": \"RI11\",\n                    \"exclude\": [\n                      \"SP8\",\n                      \"CDH9168S\",\n                      \"QY2U\",\n                      \"GFZx578\",\n                      \"PZ28\"\n                    ],\n                    \"info\": \"KA8k\\\"\"\n                  },\n                  \"HE4\"\n                ]\n              },\n              \"EL4540A\",\n              {\n                \"and\": [\n                  \"RZYxJ\",\n                  {\n                    \"pattern\": \"EZ*4\",\n                    \"exclude\": [\n                      \"QVV7Z\"\n                    ],\n                    \"info\": \"\"\n                  }\n                ]\n              }\n            ]\n          }\n        ]\n      },\n      \"satisfy\": [\n        {\n          \"mc\": \">=200\"\n        }\n      ],\n      \"url\": \"https://a.8x59kin09dz1otpmfz64cp6xxts65ix1ohvc0u8vzr1j.amzcswv/)l%F3%83%9C%96/\",\n      \"info\": \"QNm^_UJ1\",\n      \"isSelectable\": true\n    }\n  },\n  {\n    \"title\": \"block sample 4\",\n    \"value\": {\n      \"name\": \"y!&\",\n      \"ay\": 1951,\n      \"assign\": \"G&$i~-\",\n      \"match\": {\n        \"pattern\": \"QV9\",\n        \"exclude\": \"RK84\",\n        \"info\": \"\"\n      },\n      \"satisfy\": [\n        {\n          \"or\": []\n        },\n        {\n          \"or\": []\n        }\n      ],\n      \"url\": \"http://9nq53tf.4j00nj5j1i57yj9d7d0y0pkw78xlfmxxf.g.j9uzocojkvgnn0o907pkrfh3-rnrtpjibzz0z8qlpeebu6oljr5ovda0-ei.o7mci.kogwmgcraq\",\n      \"info\": \"=!q`$Dl#\",\n      \"j\": {\n        \"name\": \"u60>\",\n        \"ay\": 1951,\n        \"assign\": \"a99y\",\n        \"match\": [\n          \"AM8Z\",\n          \"ZXE30*K\",\n          {\n            \"pattern\": \"DPF87x8\",\n            \"exclude\": \"HLO7567Z\",\n            \"info\": \"}~760\"\n          },\n          {\n            \"or\": []\n          },\n          {\n            \"pattern\": \"BQO4703C\",\n            \"exclude\": \"HME038\",\n            \"info\": \"\"\n          }\n        ],\n        \"satisfy\": {\n          \"and\": [\n            {\n              \"mc\": \"<=51\"\n            },\n            \"8Z]aR|\",\n            {\n              \"and\": [\n                \"|Pd`%\"\n              ]\n            }\n          ]\n        },\n        \"url\": \"https://qn58mdqv2l.m.ze/X-F/3_S/w)AR3f//$nYmYZF/D5-G,/8k-$I02\",\n        \"info\": \"aB!+[\",\n        \"isSelectable\": true\n      },\n      \"?O=\": {\n        \"ay\": 1973,\n        \"assign\": [\n          \"\",\n          \"gP\"\n        ],\n        \"match\": [\n          {\n            \"pattern\": \"OV2O\",\n            \"info\": \"dm515[\"\n          },\n          {\n            \"or\": [\n              {\n                \"and\": [\n                  {\n                    \"or\": []\n                  }\n                ]\n              },\n              {\n                \"and\": [\n                  {\n                    \"or\": [\n                      \"IY83H\"\n                    ]\n                  },\n                  \"SWP37\",\n                  \"PHx40M\",\n                  \"PRO9x7U\"\n                ]\n              },\n              {\n                \"pattern\": \"KJ76U\",\n                \"exclude\": [\n                  \"CY7124\",\n                  \"JZxJ\"\n                ],\n                \"info\": \"_vBw+8\"\n              },\n              {\n                \"pattern\": \"MU87*P\",\n                \"exclude\": []\n              },\n              {\n                \"and\": [\n                  {\n                    \"or\": [\n                      \"BXxx*9\",\n                      {\n                        \"and\": []\n                      },\n                      {\n                        \"or\": []\n                      }\n                    ]\n                  },\n                  \"JPCx685H\"\n                ]\n              }\n            ]\n          },\n          {\n            \"pattern\": \"XC9406K\",\n            \"exclude\": [\n              \"YC65T\",\n              \"EJ0*90\",\n              \"TP6x15\"\n            ],\n            \"info\": \".ez_wN\\\\&3s\"\n          },\n          \"MDD0K\"\n        ],\n        \"satisfy\": [\n          {\n            \"or\": [\n              \"jk\",\n              {\n                \"mc\": \">=74\"\n              },\n              {\n                \"mc\": \"<=6\"\n              }\n            ]\n          },\n          \"\"\n        ],\n        \"url\": \"http://8z6g6zr4szno-bgk9pidzq0.97r4wfljk1hrv.r.q6oz2eh2kr7l2wcbtxbwvivmy0-c-g53z4muelbh0x-n2731eoh.jpztm/tsm4/s/7+uy%F1%9B%A8%8DU/%F3%AA%BB%B7xz/y/ZNw\",\n        \"info\": \"Nw>W(;1KOe\",\n        \"T*l6*qgYt\": {\n          \"name\": \"xfo\",\n          \"ay\": 1986,\n          \"assign\": [\n            \"6i?!^fi_\\\"\",\n            \"qp^m=@>SA=\"\n          ],\n          \"satisfy\": [],\n          \"info\": \"ADh:\",\n          \"isSelectable\": true\n        }\n      }\n    }\n  },\n  {\n    \"title\": \"block sample 5\",\n    \"value\": {\n      \"name\": \"`.\",\n      \"ay\": 1950,\n      \"assign\": [],\n      \"match\": [\n        {\n          \"or\": [\n            {\n              \"pattern\": \"MPL7649G\",\n              \"exclude\": [\n                \"SC1W\",\n                \"ZQM364\",\n                \"XKx52C\",\n                \"XYx23M\"\n              ],\n              \"info\": \"c\"\n            }\n          ]\n        },\n        {\n          \"or\": [\n            {\n              \"or\": [\n                \"XXQx6\",\n                {\n                  \"pattern\": \"SJT7V\",\n                  \"exclude\": \"TJF50*2X\",\n                  \"info\": \"Eg\"\n                },\n                \"UO5\",\n                \"PMW53\"\n              ]\n            },\n            {\n              \"or\": [\n                {\n                  \"and\": [\n                    \"HVx217\",\n                    \"RY9\",\n                    {\n                      \"or\": [\n                        \"NN3440\",\n                        \"ZG039\",\n                        {\n                          \"pattern\": \"UNC37M\",\n                          \"exclude\": [\n                            \"UJx\",\n                            \"TM93x6S\",\n                            \"JQ87Z\"\n                          ]\n                        },\n                        {\n                          \"and\": [\n                            \"PBG08E\"\n                          ]\n                        }\n                      ]\n                    },\n                    \"IF0641A\",\n                    \"AUx707I\"\n                  ]\n                },\n                {\n                  \"and\": [\n                    {\n                      \"pattern\": \"CW935D\",\n                      \"exclude\": [\n                        \"ERQ836C\"\n                      ],\n                      \"info\": \"JE\"\n                    },\n                    \"IY463B\",\n                    \"DYN3990B\",\n                    \"HE88C\",\n                    \"POQ74*E\"\n                  ]\n                },\n                \"EZK4\"\n              ]\n            },\n            {\n              \"and\": []\n            },\n            \"OY*184\",\n            {\n              \"pattern\": \"AJ2\",\n              \"exclude\": \"PAS7\",\n              \"info\": \"1*b^ x<o4\"\n            }\n          ]\n        }\n      ],\n      \"satisfy\": [\n        {\n          \"mc\": \"<=12\"\n        },\n        {\n          \"or\": []\n        }\n      ],\n      \"url\": \"http://ffwk7ed.98f2na38-pcco5dc6ee7d9cdiaox6olkb5h66db9h123d8-edd.jwjbd/VTEe:gv/7R%EB%8D%A9B9/,%F2%9E%9C%B0Z@/y@h%F1%88%85%B4L/e~T/:/%F1%A8%AD%8C=zZZ6/%27//m'Dw(vODB=\"\n    }\n  },\n  {\n    \"title\": \"block sample 6\",\n    \"value\": {\n      \"name\": \"ggA;0g\",\n      \"ay\": 2006,\n      \"assign\": [\n        \"i#D,\",\n        \"(^\"\n      ],\n      \"match\": {\n        \"and\": [\n          {\n            \"or\": []\n          },\n          {\n            \"and\": []\n          },\n          {\n            \"and\": [\n              \"EPN*9\",\n              \"DUO46\",\n              \"JV39F\"\n            ]\n          },\n          {\n            \"or\": []\n          }\n        ]\n      },\n      \"satisfy\": {\n        \"mc\": \"<=6\"\n      },\n      \"url\": \"https://518jh4-l.p.ipkjrp8f.hygiljxriy/%F0%96%B6%B3=/%F2%9D%94%94TPx;f/l$bP2x8y7U/b*/pkE=I0\",\n      \"info\": \"~Pj1\",\n      \"isSelectable\": true\n    }\n  },\n  {\n    \"title\": \"block sample 7\",\n    \"value\": {\n      \"name\": \"}\",\n      \"ay\": 2010,\n      \"assign\": [\n        \"2O?\"\n      ],\n      \"match\": [\n        {\n          \"or\": [\n            \"GBN7873T\"\n          ]\n        },\n        {\n          \"and\": [\n            \"DH2374\"\n          ]\n        },\n        {\n          \"pattern\": \"MKK99I\",\n          \"exclude\": [\n            \"XFX4O\",\n            \"NMJ8*68I\",\n            \"GVPx7Z\",\n            \"LJ98O\",\n            \"SY04B\"\n          ],\n          \"info\": \"ep\"\n        }\n      ],\n      \"satisfy\": [],\n      \"info\": \"85a\",\n      \"isSelectable\": true,\n      \"\": {\n        \"ay\": 2023,\n        \"assign\": [],\n        \"match\": [\n          \"LJ71\"\n        ],\n        \"satisfy\": {\n          \"mc\": \">=2\"\n        },\n        \"url\": \"http://ev-69vbkmdzc9nugd6.a7a.g26mpkcwjfirsiixjlshr2ooh5z984b8zqee4jd1ncbgd.c.yddox\",\n        \"info\": \"g\",\n        \"isSelectable\": true\n      }\n    }\n  },\n  {\n    \"title\": \"block sample 8\",\n    \"value\": {\n      \"name\": \"f5]c\",\n      \"ay\": 2011,\n      \"assign\": [\n        \"N\"\n      ],\n      \"match\": [],\n      \"satisfy\": [\n        {\n          \"or\": [\n            {\n              \"and\": []\n            },\n            {\n              \"or\": [\n                \"E\"\n              ]\n            }\n          ]\n        },\n        {\n          \"mc\": \">=102\"\n        },\n        {\n          \"and\": []\n        },\n        {\n          \"mc\": \">=29\"\n        },\n        \"%y$\"\n      ],\n      \"url\": \"https://7.3-o9blqn374zrlknwa16yavyuok3gx3i5t.cf1wbgj9a2u5xmvx13mw9t2u2g.vazwc/%F2%98%88%BALF/7\",\n      \"isSelectable\": true\n    }\n  },\n  {\n    \"title\": \"block sample 9\",\n    \"value\": {\n      \"name\": \"_L@q#ylo$\",\n      \"ay\": 1975,\n      \"assign\": [\n        \"\",\n        \"P# 1p?t)p \"\n      ],\n      \"satisfy\": \"e0\",\n      \"url\": \"http://azr3b5vtiacif21hedojv6bz2gl6wkpxjawolhrsc-rayu7y5eqquf3jotg6b.aczgar808a0gbfex85id.ejujdi.6j6seyb9ekqciv5vvte8vitkcig2njb9dylx200wsubnk64c.1j-6k5-tg9otnkeeendrms-60dp14en1m7-5z6ifa0kv83oy7ap.yix/tMlzV~/%F0%9C%AE%86gfx%F0%A4%81%AFagR)/h\",\n      \"info\": \"x\",\n      \"isSelectable\": true\n    }\n  }\n]",
              "code": "fast_check_1.sample(index_test_2.block, 10).forEach((sample, i) => addContext_1.default(this, {\n    title: `block sample ${i}`,\n    value: sample,\n}));\nreturn fast_check_1.assert(fast_check_1.property(index_test_2.block, ajvValidate));",
              "err": {},
              "uuid": "45f374bb-e1e3-4f8e-b00f-b77ee8565bf3",
              "parentUUID": "e3fc0530-ed52-40d0-912b-db11d7850fa0",
              "isHook": false,
              "skipped": false
            },
            {
              "title": "should not validate non-object",
              "fullTitle": "blockSchema should not validate non-object",
              "timedOut": false,
              "duration": 2,
              "state": "passed",
              "speed": "fast",
              "pass": true,
              "fail": false,
              "pending": false,
              "context": null,
              "code": "const error = {\n    instancePath: \"\",\n    message: \"block should be an object\",\n};\nisInvalidBlock(null, error);\nisInvalidBlock(undefined, error);\nisInvalidBlock(10, error);\nisInvalidBlock([12, 24], error);\nisInvalidBlock(\"abc\", error);",
              "err": {},
              "uuid": "e74e3228-a3bc-40c6-b2e1-a332192a00bd",
              "parentUUID": "e3fc0530-ed52-40d0-912b-db11d7850fa0",
              "isHook": false,
              "skipped": false
            },
            {
              "title": "should not validate block with invalid properties",
              "fullTitle": "blockSchema should not validate block with invalid properties",
              "timedOut": false,
              "duration": 0,
              "state": "passed",
              "speed": "fast",
              "pass": true,
              "fail": false,
              "pending": false,
              "context": null,
              "code": "isInvalidBlock({\n        name: { foo: \"bar\" },\n        ay: -1000,\n        assign: {},\n        match: 1,\n        satisfy: 2,\n        url: { abc: \"def\" },\n        info: 42,\n        isSelectable: 32,\n    }, { instancePath: \"/name\", message: \"property 'name' should be a string\" }, {\n        instancePath: \"/ay\",\n        message: \"property 'ay' should be a positive integer\",\n    }, {\n        instancePath: \"/assign\",\n        message: \"property 'assign' should be either a block ID or an array of block IDs\",\n    }, {\n        instancePath: \"/match\",\n        message: \"property 'match' should be either a match rule or an array of match rules\",\n    }, {\n        instancePath: \"/satisfy\",\n        message: \"property 'satisfy' should be either a satisfy rule or an array of satisfy rules\",\n    }, { instancePath: \"/url\", message: \"property 'url' should be a string\" }, { instancePath: \"/info\", message: \"property 'info' should be a string\" }, {\n        instancePath: \"/isSelectable\",\n        message: \"property 'isSelectable' should be a boolean\",\n    })",
              "err": {},
              "uuid": "705e5019-7530-46d1-b73b-604f67ee87c0",
              "parentUUID": "e3fc0530-ed52-40d0-912b-db11d7850fa0",
              "isHook": false,
              "skipped": false
            }
          ],
          "suites": [],
          "passes": [
            "45f374bb-e1e3-4f8e-b00f-b77ee8565bf3",
            "e74e3228-a3bc-40c6-b2e1-a332192a00bd",
            "705e5019-7530-46d1-b73b-604f67ee87c0"
          ],
          "failures": [],
          "pending": [],
          "skipped": [],
          "duration": 174,
          "root": false,
          "rootEmpty": false,
          "_timeout": 2000
        },
        {
          "uuid": "e6956a53-b3bb-40b5-b499-afe9b7417998",
          "title": "patternToRE",
          "fullFile": "/home/runner/work/planwithus-lib/planwithus-lib/src/matchRule/pattern/satisfiers.test.ts",
          "file": "/src/matchRule/pattern/satisfiers.test.ts",
          "beforeHooks": [],
          "afterHooks": [],
          "tests": [
            {
              "title": "should match valid modules with a single pattern",
              "fullTitle": "patternToRE should match valid modules with a single pattern",
              "timedOut": false,
              "duration": 12,
              "state": "passed",
              "speed": "fast",
              "pass": true,
              "fail": false,
              "pending": false,
              "context": "[\n  {\n    \"title\": \"patternExampleList sample 0\",\n    \"value\": [\n      \"AM10\",\n      [\n        \"AM10\"\n      ]\n    ]\n  },\n  {\n    \"title\": \"patternExampleList sample 1\",\n    \"value\": [\n      \"PJ76\",\n      [\n        \"PJ76\"\n      ]\n    ]\n  },\n  {\n    \"title\": \"patternExampleList sample 2\",\n    \"value\": [\n      \"QP*M\",\n      [\n        \"QPU6ZDLUXLM\",\n        \"QPF2KPM\",\n        \"QP7M\",\n        \"QPP05M\",\n        \"QPAI5M\",\n        \"QPKLM\",\n        \"QPTVODKM\",\n        \"QPMHM\",\n        \"QPITGNPM\",\n        \"QPBFCP7M\"\n      ]\n    ]\n  },\n  {\n    \"title\": \"patternExampleList sample 3\",\n    \"value\": [\n      \"ICH61\",\n      [\n        \"ICH61\"\n      ]\n    ]\n  },\n  {\n    \"title\": \"patternExampleList sample 4\",\n    \"value\": [\n      \"JVG1xM\",\n      [\n        \"JVG10M\",\n        \"JVG19M\",\n        \"JVG16M\"\n      ]\n    ]\n  },\n  {\n    \"title\": \"patternExampleList sample 5\",\n    \"value\": [\n      \"CH138I\",\n      [\n        \"CH138I\"\n      ]\n    ]\n  },\n  {\n    \"title\": \"patternExampleList sample 6\",\n    \"value\": [\n      \"HH5\",\n      [\n        \"HH5\"\n      ]\n    ]\n  },\n  {\n    \"title\": \"patternExampleList sample 7\",\n    \"value\": [\n      \"YKK11\",\n      [\n        \"YKK11\"\n      ]\n    ]\n  },\n  {\n    \"title\": \"patternExampleList sample 8\",\n    \"value\": [\n      \"BH73\",\n      [\n        \"BH73\"\n      ]\n    ]\n  },\n  {\n    \"title\": \"patternExampleList sample 9\",\n    \"value\": [\n      \"ZF1*U\",\n      [\n        \"ZF1LGQU\",\n        \"ZF1AMM7U\",\n        \"ZF1L7DO4A8U\",\n        \"ZF1G4Y3U\"\n      ]\n    ]\n  }\n]",
              "code": "fast_check_1.sample(index_test_1.patternExampleList, 10).forEach((sample, i) => addContext_1.default(this, {\n    title: `patternExampleList sample ${i}`,\n    value: sample,\n}));\nreturn fast_check_1.assert(fast_check_1.property(index_test_1.patternExampleList, ([patternStr, examples]) => {\n    const re = _1.patternToRE(patternStr);\n    return examples.every(re.test.bind(re));\n}));",
              "err": {},
              "uuid": "1c8ba483-5152-4754-afe9-58a98b668ad7",
              "parentUUID": "e6956a53-b3bb-40b5-b499-afe9b7417998",
              "isHook": false,
              "skipped": false
            },
            {
              "title": "should match valid modules with multiple patterns",
              "fullTitle": "patternToRE should match valid modules with multiple patterns",
              "timedOut": false,
              "duration": 55,
              "state": "passed",
              "speed": "medium",
              "pass": true,
              "fail": false,
              "pending": false,
              "context": "[\n  {\n    \"title\": \"patternExampleListArray sample 0\",\n    \"value\": [\n      [\n        \"CFZ48*9\",\n        [\n          \"CFZ48SSAGIX3T9\",\n          \"CFZ48TDQ2WD9\",\n          \"CFZ48B9\"\n        ]\n      ],\n      [\n        \"WH6E\",\n        [\n          \"WH6E\"\n        ]\n      ],\n      [\n        \"ZVx931\",\n        [\n          \"ZV4931\"\n        ]\n      ],\n      [\n        \"SGE6453R\",\n        [\n          \"SGE6453R\"\n        ]\n      ],\n      [\n        \"BMU5*8\",\n        [\n          \"BMU57HBD8\",\n          \"BMU5CBX8PG8\",\n          \"BMU5Z5PBJW8J8\",\n          \"BMU5XFP8\",\n          \"BMU538\",\n          \"BMU5L9ORJBDZ8\",\n          \"BMU58\",\n          \"BMU5YK328\",\n          \"BMU5S4K6SLL8\",\n          \"BMU5A226V4F8\",\n          \"BMU5N08\",\n          \"BMU5P28\"\n        ]\n      ],\n      [\n        \"IADx6W\",\n        [\n          \"IAD76W\"\n        ]\n      ],\n      [\n        \"IO*D\",\n        [\n          \"IOLD\",\n          \"IOZQOND\",\n          \"IOD\",\n          \"IO6F97H8BD\",\n          \"IOMD\",\n          \"IOJ6X1I6ND\",\n          \"IO0GD\",\n          \"IO2D\",\n          \"IOF0D\",\n          \"IOKTVSYB1D\",\n          \"IO92SHOAD\"\n        ]\n      ],\n      [\n        \"EU3*4W\",\n        [\n          \"EU328YNH9L4W\",\n          \"EU3S04W\",\n          \"EU3RI4W\",\n          \"EU3APND4W\",\n          \"EU3A0A4W\"\n        ]\n      ],\n      [\n        \"TA6*3J\",\n        [\n          \"TA6N0S8671U3J\",\n          \"TA6IO3J\",\n          \"TA6QJ3J\",\n          \"TA6C84QCSR3J\",\n          \"TA6YY3J\",\n          \"TA6A0A33J\",\n          \"TA6MNQ63J\"\n        ]\n      ],\n      [\n        \"EA33E\",\n        [\n          \"EA33E\"\n        ]\n      ],\n      [\n        \"UWM77G\",\n        [\n          \"UWM77G\"\n        ]\n      ]\n    ]\n  },\n  {\n    \"title\": \"patternExampleListArray sample 1\",\n    \"value\": [\n      [\n        \"IM8962R\",\n        [\n          \"IM8962R\"\n        ]\n      ],\n      [\n        \"OA4*M\",\n        [\n          \"OA4OGXMZ9M\",\n          \"OA4FSM\",\n          \"OA4NJ6YQM\",\n          \"OA4KM\",\n          \"OA4WKQRM\",\n          \"OA4UTM\",\n          \"OA4OM\",\n          \"OA41TTWL3M\"\n        ]\n      ],\n      [\n        \"VCZ91\",\n        [\n          \"VCZ91\"\n        ]\n      ],\n      [\n        \"BSG6\",\n        [\n          \"BSG6\"\n        ]\n      ],\n      [\n        \"OAD259Y\",\n        [\n          \"OAD259Y\"\n        ]\n      ],\n      [\n        \"IXV22E\",\n        [\n          \"IXV22E\"\n        ]\n      ],\n      [\n        \"FS0354\",\n        [\n          \"FS0354\"\n        ]\n      ],\n      [\n        \"CIC261*I\",\n        [\n          \"CIC261D0PO7I\",\n          \"CIC2613GCFI\",\n          \"CIC261SLWPJDI\",\n          \"CIC261XI\",\n          \"CIC261AYPI\",\n          \"CIC261SZI\",\n          \"CIC261Q4ZQEA0I\",\n          \"CIC26119I\",\n          \"CIC261GQ2I\",\n          \"CIC261G8LHZI\",\n          \"CIC261B51WEI\",\n          \"CIC261WIRJRHOVI\"\n        ]\n      ],\n      [\n        \"RY9\",\n        [\n          \"RY9\"\n        ]\n      ]\n    ]\n  },\n  {\n    \"title\": \"patternExampleListArray sample 2\",\n    \"value\": [\n      [\n        \"WCV123A\",\n        [\n          \"WCV123A\"\n        ]\n      ],\n      [\n        \"PE05A\",\n        [\n          \"PE05A\"\n        ]\n      ],\n      [\n        \"GTO72\",\n        [\n          \"GTO72\"\n        ]\n      ],\n      [\n        \"IN61W\",\n        [\n          \"IN61W\"\n        ]\n      ],\n      [\n        \"XJZ6994P\",\n        [\n          \"XJZ6994P\"\n        ]\n      ],\n      [\n        \"PJN162\",\n        [\n          \"PJN162\"\n        ]\n      ],\n      [\n        \"LV643D\",\n        [\n          \"LV643D\"\n        ]\n      ]\n    ]\n  },\n  {\n    \"title\": \"patternExampleListArray sample 3\",\n    \"value\": [\n      [\n        \"ZF27\",\n        [\n          \"ZF27\"\n        ]\n      ],\n      [\n        \"FDV2\",\n        [\n          \"FDV2\"\n        ]\n      ],\n      [\n        \"ZCx\",\n        [\n          \"ZC4\"\n        ]\n      ]\n    ]\n  },\n  {\n    \"title\": \"patternExampleListArray sample 4\",\n    \"value\": [\n      [\n        \"GR6513\",\n        [\n          \"GR6513\"\n        ]\n      ],\n      [\n        \"GST79*0\",\n        [\n          \"GST79QL49ZDJP0\",\n          \"GST794N03160\"\n        ]\n      ],\n      [\n        \"UZ37\",\n        [\n          \"UZ37\"\n        ]\n      ],\n      [\n        \"TYL8x\",\n        [\n          \"TYL86\"\n        ]\n      ]\n    ]\n  },\n  {\n    \"title\": \"patternExampleListArray sample 5\",\n    \"value\": [\n      [\n        \"UG9\",\n        [\n          \"UG9\"\n        ]\n      ],\n      [\n        \"XD081\",\n        [\n          \"XD081\"\n        ]\n      ],\n      [\n        \"JWX7*B\",\n        [\n          \"JWX7XPWZ2B\",\n          \"JWX7L2LB\",\n          \"JWX7S08OB\",\n          \"JWX7B\",\n          \"JWX7HGJFO6QB\",\n          \"JWX70KDL1B\",\n          \"JWX7KIB\",\n          \"JWX7IZCD86B\",\n          \"JWX70VJ07B\",\n          \"JWX7NXB\",\n          \"JWX7W1439276B\",\n          \"JWX73A8ZMNUXB\"\n        ]\n      ],\n      [\n        \"VSP1\",\n        [\n          \"VSP1\"\n        ]\n      ],\n      [\n        \"EIF7\",\n        [\n          \"EIF7\"\n        ]\n      ]\n    ]\n  },\n  {\n    \"title\": \"patternExampleListArray sample 6\",\n    \"value\": [\n      [\n        \"JSL33x9\",\n        [\n          \"JSL3359\",\n          \"JSL3309\",\n          \"JSL3319\",\n          \"JSL3379\",\n          \"JSL3369\",\n          \"JSL3389\"\n        ]\n      ],\n      [\n        \"AKxX\",\n        [\n          \"AK1X\",\n          \"AK9X\",\n          \"AK7X\",\n          \"AK5X\",\n          \"AK4X\",\n          \"AK2X\",\n          \"AK8X\",\n          \"AK6X\",\n          \"AK3X\",\n          \"AK0X\"\n        ]\n      ],\n      [\n        \"IU8F\",\n        [\n          \"IU8F\"\n        ]\n      ],\n      [\n        \"LKL7*79F\",\n        [\n          \"LKL7ODF779F\",\n          \"LKL758CRR79F\",\n          \"LKL7PC3N8YX79F\"\n        ]\n      ],\n      [\n        \"YMY46\",\n        [\n          \"YMY46\"\n        ]\n      ],\n      [\n        \"LQ3O\",\n        [\n          \"LQ3O\"\n        ]\n      ]\n    ]\n  },\n  {\n    \"title\": \"patternExampleListArray sample 7\",\n    \"value\": [\n      [\n        \"ZHI709*D\",\n        [\n          \"ZHI709N4KR039AD\",\n          \"ZHI709D\",\n          \"ZHI709S69T1D\",\n          \"ZHI709IEERCD\"\n        ]\n      ],\n      [\n        \"DC5x59\",\n        [\n          \"DC5959\",\n          \"DC5559\",\n          \"DC5059\",\n          \"DC5259\",\n          \"DC5859\",\n          \"DC5659\",\n          \"DC5759\",\n          \"DC5159\"\n        ]\n      ],\n      [\n        \"PLO8\",\n        [\n          \"PLO8\"\n        ]\n      ],\n      [\n        \"FO19V\",\n        [\n          \"FO19V\"\n        ]\n      ],\n      [\n        \"VNP3X\",\n        [\n          \"VNP3X\"\n        ]\n      ],\n      [\n        \"TEU47\",\n        [\n          \"TEU47\"\n        ]\n      ],\n      [\n        \"EY*8\",\n        [\n          \"EY8\",\n          \"EYHBJJP8\"\n        ]\n      ],\n      [\n        \"XZ551\",\n        [\n          \"XZ551\"\n        ]\n      ],\n      [\n        \"VSE2\",\n        [\n          \"VSE2\"\n        ]\n      ],\n      [\n        \"JR6984B\",\n        [\n          \"JR6984B\"\n        ]\n      ],\n      [\n        \"FTW27x6U\",\n        [\n          \"FTW2726U\",\n          \"FTW2786U\",\n          \"FTW2736U\",\n          \"FTW2776U\",\n          \"FTW2716U\",\n          \"FTW2766U\",\n          \"FTW2706U\",\n          \"FTW2756U\",\n          \"FTW2746U\",\n          \"FTW2796U\"\n        ]\n      ]\n    ]\n  },\n  {\n    \"title\": \"patternExampleListArray sample 8\",\n    \"value\": [\n      [\n        \"AX*25O\",\n        [\n          \"AXIL70DCV925O\",\n          \"AX25O\",\n          \"AX3HO368225O\",\n          \"AX1G7NCD8825O\"\n        ]\n      ],\n      [\n        \"JBQ*\",\n        [\n          \"JBQ3SMM3A\",\n          \"JBQWI5V9B2J\",\n          \"JBQ9CCL\",\n          \"JBQJ55LX\",\n          \"JBQL\",\n          \"JBQ2S5S\",\n          \"JBQM54\",\n          \"JBQ6OW\"\n        ]\n      ],\n      [\n        \"SDx6*9\",\n        [\n          \"SD66E9\",\n          \"SD1638PCPY1J9\",\n          \"SD369\",\n          \"SD069\"\n        ]\n      ],\n      [\n        \"TN*0\",\n        [\n          \"TNJC0\",\n          \"TN310\",\n          \"TN0\",\n          \"TNCX19DWS0\"\n        ]\n      ],\n      [\n        \"VCX25\",\n        [\n          \"VCX25\"\n        ]\n      ],\n      [\n        \"CID*Q\",\n        [\n          \"CIDQ\",\n          \"CIDJNLTWWQ\",\n          \"CIDPQ\",\n          \"CID2ZV3V3TQ\",\n          \"CIDR0AZZ65Q\",\n          \"CIDUCALRV2NQ\",\n          \"CIDATQ\",\n          \"CIDGG5SQ\",\n          \"CIDIS84Q\",\n          \"CIDLUBQV1TCQ\",\n          \"CIDXQ\"\n        ]\n      ],\n      [\n        \"TL76\",\n        [\n          \"TL76\"\n        ]\n      ],\n      [\n        \"CL8O\",\n        [\n          \"CL8O\"\n        ]\n      ],\n      [\n        \"XOK8008H\",\n        [\n          \"XOK8008H\"\n        ]\n      ],\n      [\n        \"DS946*\",\n        [\n          \"DS946A\",\n          \"DS946BF\"\n        ]\n      ],\n      [\n        \"XW93F\",\n        [\n          \"XW93F\"\n        ]\n      ],\n      [\n        \"TQ*\",\n        [\n          \"TQVCTOLC\",\n          \"TQ6C\",\n          \"TQY6Z1X\",\n          \"TQ9US\"\n        ]\n      ]\n    ]\n  },\n  {\n    \"title\": \"patternExampleListArray sample 9\",\n    \"value\": [\n      [\n        \"FU434W\",\n        [\n          \"FU434W\"\n        ]\n      ],\n      [\n        \"PFS2\",\n        [\n          \"PFS2\"\n        ]\n      ],\n      [\n        \"TOG6x7xU\",\n        [\n          \"TOG6871U\"\n        ]\n      ],\n      [\n        \"ZSMx76\",\n        [\n          \"ZSM376\",\n          \"ZSM076\",\n          \"ZSM576\",\n          \"ZSM676\",\n          \"ZSM176\",\n          \"ZSM976\",\n          \"ZSM876\",\n          \"ZSM276\",\n          \"ZSM476\"\n        ]\n      ],\n      [\n        \"SEF645K\",\n        [\n          \"SEF645K\"\n        ]\n      ],\n      [\n        \"LJ*A\",\n        [\n          \"LJO9U2RK87A\",\n          \"LJRGFXT1A\",\n          \"LJ05A\",\n          \"LJXA\",\n          \"LJZ5UBA\",\n          \"LJVAA\"\n        ]\n      ],\n      [\n        \"BDL7xO\",\n        [\n          \"BDL72O\",\n          \"BDL78O\",\n          \"BDL70O\",\n          \"BDL73O\",\n          \"BDL74O\",\n          \"BDL79O\",\n          \"BDL71O\",\n          \"BDL76O\",\n          \"BDL75O\",\n          \"BDL77O\"\n        ]\n      ],\n      [\n        \"BRO345M\",\n        [\n          \"BRO345M\"\n        ]\n      ],\n      [\n        \"UMU09\",\n        [\n          \"UMU09\"\n        ]\n      ],\n      [\n        \"IHL0981\",\n        [\n          \"IHL0981\"\n        ]\n      ]\n    ]\n  }\n]",
              "code": "const patternExampleListArray = fast_check_1.array(index_test_1.patternExampleList, { minLength: 1 });\nfast_check_1.sample(patternExampleListArray, 10).forEach((sample, i) => addContext_1.default(this, {\n    title: `patternExampleListArray sample ${i}`,\n    value: sample,\n}));\nreturn fast_check_1.assert(fast_check_1.property(patternExampleListArray, (ts) => {\n    const re = _1.patternToRE(...ts.map(([patternStr]) => patternStr));\n    return ts\n        .map(([, examples]) => examples)\n        .flat()\n        .every(re.test.bind(re));\n}));",
              "err": {},
              "uuid": "ecaa16c9-cb3b-42fa-864b-a69337af28ae",
              "parentUUID": "e6956a53-b3bb-40b5-b499-afe9b7417998",
              "isHook": false,
              "skipped": false
            },
            {
              "title": "should not match x to non-number",
              "fullTitle": "patternToRE should not match x to non-number",
              "timedOut": false,
              "duration": 0,
              "state": "passed",
              "speed": "fast",
              "pass": true,
              "fail": false,
              "pending": false,
              "context": null,
              "code": "const re = _1.patternToRE(\"x\");\n[\"A\", \"Z\", \"c\", \"#\"].forEach((example) => isInvalidExample(re, example));",
              "err": {},
              "uuid": "7429113a-7420-45ed-98b5-e388c2ecfa34",
              "parentUUID": "e6956a53-b3bb-40b5-b499-afe9b7417998",
              "isHook": false,
              "skipped": false
            },
            {
              "title": "should not match * to a substring composed of characters other than A-Z and 0-9",
              "fullTitle": "patternToRE should not match * to a substring composed of characters other than A-Z and 0-9",
              "timedOut": false,
              "duration": 0,
              "state": "passed",
              "speed": "fast",
              "pass": true,
              "fail": false,
              "pending": false,
              "context": null,
              "code": "const re = _1.patternToRE(\"*\");\n[\"c\", \"Ac\", \"cA\", \"0Ax\", \"x0A\", \"BA#\", \"#AB\"].forEach((example) => isInvalidExample(re, example));",
              "err": {},
              "uuid": "25eaf57d-465b-4038-a962-e1afcbb96256",
              "parentUUID": "e6956a53-b3bb-40b5-b499-afe9b7417998",
              "isHook": false,
              "skipped": false
            },
            {
              "title": "should not match substrings",
              "fullTitle": "patternToRE should not match substrings",
              "timedOut": false,
              "duration": 0,
              "state": "passed",
              "speed": "fast",
              "pass": true,
              "fail": false,
              "pending": false,
              "context": null,
              "code": "const re = _1.patternToRE(\"A*xC\");\n[\"A1CZ\", \"AC1CZ\", \"ZA1C\", \"ZAC1C\", \"ZA1CZ\", \"ZAC1CZ\"].forEach((example) => isInvalidExample(re, example));",
              "err": {},
              "uuid": "46c51c81-5d86-4251-ba6f-772250f19693",
              "parentUUID": "e6956a53-b3bb-40b5-b499-afe9b7417998",
              "isHook": false,
              "skipped": false
            }
          ],
          "suites": [],
          "passes": [
            "1c8ba483-5152-4754-afe9-58a98b668ad7",
            "ecaa16c9-cb3b-42fa-864b-a69337af28ae",
            "7429113a-7420-45ed-98b5-e388c2ecfa34",
            "25eaf57d-465b-4038-a962-e1afcbb96256",
            "46c51c81-5d86-4251-ba6f-772250f19693"
          ],
          "failures": [],
          "pending": [],
          "skipped": [],
          "duration": 67,
          "root": false,
          "rootEmpty": false,
          "_timeout": 2000
        },
        {
          "uuid": "4561b34a-5026-4156-b2c1-0a7cd0c775aa",
          "title": "patternSatisfier",
          "fullFile": "/home/runner/work/planwithus-lib/planwithus-lib/src/matchRule/pattern/satisfiers.test.ts",
          "file": "/src/matchRule/pattern/satisfiers.test.ts",
          "beforeHooks": [],
          "afterHooks": [],
          "tests": [
            {
              "title": "should assign all modules with *",
              "fullTitle": "patternSatisfier should assign all modules with *",
              "timedOut": false,
              "duration": 1,
              "state": "passed",
              "speed": "fast",
              "pass": true,
              "fail": false,
              "pending": false,
              "context": null,
              "code": "const { assign } = satisfiers_1.patternSatisfier(ref, \"*\");\nisCorrectAssign(assign, modulesList1, modulesList1.map(([moduleStr]) => moduleStr));",
              "err": {},
              "uuid": "65735517-e3d7-46cb-af7d-45c9f395f0ea",
              "parentUUID": "4561b34a-5026-4156-b2c1-0a7cd0c775aa",
              "isHook": false,
              "skipped": false
            },
            {
              "title": "should assign only valid modules with pattern containing *",
              "fullTitle": "patternSatisfier should assign only valid modules with pattern containing *",
              "timedOut": false,
              "duration": 0,
              "state": "passed",
              "speed": "fast",
              "pass": true,
              "fail": false,
              "pending": false,
              "context": null,
              "code": "const { assign } = satisfiers_1.patternSatisfier(ref, \"CS2*\");\nisCorrectAssign(assign, modulesList1, [\"CS2100\", \"CS2040S\", \"CS2030\"]);",
              "err": {},
              "uuid": "b6fc9d70-4463-444e-86da-79612c41a0c4",
              "parentUUID": "4561b34a-5026-4156-b2c1-0a7cd0c775aa",
              "isHook": false,
              "skipped": false
            },
            {
              "title": "should assign only valid modules with pattern containing x",
              "fullTitle": "patternSatisfier should assign only valid modules with pattern containing x",
              "timedOut": false,
              "duration": 1,
              "state": "passed",
              "speed": "fast",
              "pass": true,
              "fail": false,
              "pending": false,
              "context": null,
              "code": "const { assign } = satisfiers_1.patternSatisfier(ref, \"CS20xx\");\nisCorrectAssign(assign, modulesList1, [\"CS2030\"]);",
              "err": {},
              "uuid": "2d22146b-db77-49e3-8eff-906b5ad5d5c7",
              "parentUUID": "4561b34a-5026-4156-b2c1-0a7cd0c775aa",
              "isHook": false,
              "skipped": false
            },
            {
              "title": "should assign only valid modules with pattern containing x and *",
              "fullTitle": "patternSatisfier should assign only valid modules with pattern containing x and *",
              "timedOut": false,
              "duration": 0,
              "state": "passed",
              "speed": "fast",
              "pass": true,
              "fail": false,
              "pending": false,
              "context": null,
              "code": "const { assign } = satisfiers_1.patternSatisfier(ref, \"CS20xx*\");\nisCorrectAssign(assign, modulesList1, [\"CS2040S\", \"CS2030\"]);",
              "err": {},
              "uuid": "82f95351-029b-4e8c-af99-141cc8853050",
              "parentUUID": "4561b34a-5026-4156-b2c1-0a7cd0c775aa",
              "isHook": false,
              "skipped": false
            }
          ],
          "suites": [],
          "passes": [
            "65735517-e3d7-46cb-af7d-45c9f395f0ea",
            "b6fc9d70-4463-444e-86da-79612c41a0c4",
            "2d22146b-db77-49e3-8eff-906b5ad5d5c7",
            "82f95351-029b-4e8c-af99-141cc8853050"
          ],
          "failures": [],
          "pending": [],
          "skipped": [],
          "duration": 2,
          "root": false,
          "rootEmpty": false,
          "_timeout": 2000
        },
        {
          "uuid": "39ea8ed5-2818-4ebe-8a0c-d19e070a5718",
          "title": "patternSchema",
          "fullFile": "/home/runner/work/planwithus-lib/planwithus-lib/src/matchRule/pattern/schemas.test.ts",
          "file": "/src/matchRule/pattern/schemas.test.ts",
          "beforeHooks": [],
          "afterHooks": [],
          "tests": [
            {
              "title": "should validate non-empty pattern composed of A-Z, 0-9, x or *",
              "fullTitle": "patternSchema should validate non-empty pattern composed of A-Z, 0-9, x or *",
              "timedOut": false,
              "duration": 1,
              "state": "passed",
              "speed": "fast",
              "pass": true,
              "fail": false,
              "pending": false,
              "context": "[\n  {\n    \"title\": \"pattern sample 0\",\n    \"value\": \"OQP0X\"\n  },\n  {\n    \"title\": \"pattern sample 1\",\n    \"value\": \"VJ471*\"\n  },\n  {\n    \"title\": \"pattern sample 2\",\n    \"value\": \"LE82x\"\n  },\n  {\n    \"title\": \"pattern sample 3\",\n    \"value\": \"VXC4\"\n  },\n  {\n    \"title\": \"pattern sample 4\",\n    \"value\": \"UEP09xZ\"\n  },\n  {\n    \"title\": \"pattern sample 5\",\n    \"value\": \"MSL618L\"\n  },\n  {\n    \"title\": \"pattern sample 6\",\n    \"value\": \"TW4A\"\n  },\n  {\n    \"title\": \"pattern sample 7\",\n    \"value\": \"RPF08R\"\n  },\n  {\n    \"title\": \"pattern sample 8\",\n    \"value\": \"AD287\"\n  },\n  {\n    \"title\": \"pattern sample 9\",\n    \"value\": \"IH066\"\n  }\n]",
              "code": "fast_check_1.sample(index_test_2.pattern, 10).forEach((sample, i) => addContext_1.default(this, {\n    title: `pattern sample ${i}`,\n    value: sample,\n}));\nreturn fast_check_1.assert(fast_check_1.property(index_test_2.pattern, ajvValidate), {\n    examples: [[\"*\"], [\"ACC1002\"], [\"IS1103\"], [\"CS1231S\"], [\"MA1102R\"]],\n});",
              "err": {},
              "uuid": "6356d121-65ae-4794-b3d5-71d2004c0cb8",
              "parentUUID": "39ea8ed5-2818-4ebe-8a0c-d19e070a5718",
              "isHook": false,
              "skipped": false
            },
            {
              "title": "should not validate empty pattern",
              "fullTitle": "patternSchema should not validate empty pattern",
              "timedOut": false,
              "duration": 0,
              "state": "passed",
              "speed": "fast",
              "pass": true,
              "fail": false,
              "pending": false,
              "context": null,
              "code": "isInvalidPattern(\"\")",
              "err": {},
              "uuid": "e34aaeb8-bc56-4477-b31e-09f7525495d3",
              "parentUUID": "39ea8ed5-2818-4ebe-8a0c-d19e070a5718",
              "isHook": false,
              "skipped": false
            },
            {
              "title": "should not validate pattern with invalid characters",
              "fullTitle": "patternSchema should not validate pattern with invalid characters",
              "timedOut": false,
              "duration": 1,
              "state": "passed",
              "speed": "fast",
              "pass": true,
              "fail": false,
              "pending": false,
              "context": null,
              "code": "[\"AB123a\", \"Ac123a\", \"AB123^S\", \"AB1*3^S\", \"$A1*3^S\", \"/A1x33S\"].forEach(isInvalidPattern)",
              "err": {},
              "uuid": "74bfd024-627b-40ad-b645-a189e4a46901",
              "parentUUID": "39ea8ed5-2818-4ebe-8a0c-d19e070a5718",
              "isHook": false,
              "skipped": false
            }
          ],
          "suites": [],
          "passes": [
            "6356d121-65ae-4794-b3d5-71d2004c0cb8",
            "e34aaeb8-bc56-4477-b31e-09f7525495d3",
            "74bfd024-627b-40ad-b645-a189e4a46901"
          ],
          "failures": [],
          "pending": [],
          "skipped": [],
          "duration": 2,
          "root": false,
          "rootEmpty": false,
          "_timeout": 2000
        },
        {
          "uuid": "28b3c084-0cf2-4c25-a91f-cae77aed1dc2",
          "title": "patternMatchRuleSatisfier",
          "fullFile": "/home/runner/work/planwithus-lib/planwithus-lib/src/matchRule/satisfiers.test.ts",
          "file": "/src/matchRule/satisfiers.test.ts",
          "beforeHooks": [],
          "afterHooks": [],
          "tests": [
            {
              "title": "should assign only valid modules with pattern match rule containing no exclude patterns",
              "fullTitle": "patternMatchRuleSatisfier should assign only valid modules with pattern match rule containing no exclude patterns",
              "timedOut": false,
              "duration": 0,
              "state": "passed",
              "speed": "fast",
              "pass": true,
              "fail": false,
              "pending": false,
              "context": null,
              "code": "const { assign } = satisfiers_1.patternMatchRuleSatisfier(ref, { pattern: \"CS1xxx*\" });\nisCorrectAssign(assign, modulesList1, [\"CS1231\", \"CS1231S\"]);",
              "err": {},
              "uuid": "84f1b84e-64ba-4d32-bb29-3c9a561c438c",
              "parentUUID": "28b3c084-0cf2-4c25-a91f-cae77aed1dc2",
              "isHook": false,
              "skipped": false
            },
            {
              "title": "should assign only valid modules with pattern match rule containing an exclude pattern",
              "fullTitle": "patternMatchRuleSatisfier should assign only valid modules with pattern match rule containing an exclude pattern",
              "timedOut": false,
              "duration": 0,
              "state": "passed",
              "speed": "fast",
              "pass": true,
              "fail": false,
              "pending": false,
              "context": null,
              "code": "const { assign } = satisfiers_1.patternMatchRuleSatisfier(ref, {\n    pattern: \"MA1xxx*\",\n    exclude: \"MA15xx\",\n});\nisCorrectAssign(assign, modulesList1, [\n    \"MA1100\",\n    \"MA1101R\",\n    \"MA1102R\",\n    \"MA1511A\",\n]);",
              "err": {},
              "uuid": "d4ecb634-c8e2-4e85-9072-afe3788874c1",
              "parentUUID": "28b3c084-0cf2-4c25-a91f-cae77aed1dc2",
              "isHook": false,
              "skipped": false
            },
            {
              "title": "should assign only valid modules with pattern match rule containing multiple exclude patterns",
              "fullTitle": "patternMatchRuleSatisfier should assign only valid modules with pattern match rule containing multiple exclude patterns",
              "timedOut": false,
              "duration": 0,
              "state": "passed",
              "speed": "fast",
              "pass": true,
              "fail": false,
              "pending": false,
              "context": null,
              "code": "const { assign } = satisfiers_1.patternMatchRuleSatisfier(ref, {\n    pattern: \"MA*\",\n    exclude: [\"MA151x*\", \"MA2xxx\"],\n});\nisCorrectAssign(assign, modulesList1, [\n    \"MA1100\",\n    \"MA1101R\",\n    \"MA1102R\",\n    \"MA1507\",\n    \"MA1521\",\n    \"MA2101S\",\n]);",
              "err": {},
              "uuid": "3c017616-8fca-443c-9611-a87e8cf5f259",
              "parentUUID": "28b3c084-0cf2-4c25-a91f-cae77aed1dc2",
              "isHook": false,
              "skipped": false
            }
          ],
          "suites": [],
          "passes": [
            "84f1b84e-64ba-4d32-bb29-3c9a561c438c",
            "d4ecb634-c8e2-4e85-9072-afe3788874c1",
            "3c017616-8fca-443c-9611-a87e8cf5f259"
          ],
          "failures": [],
          "pending": [],
          "skipped": [],
          "duration": 0,
          "root": false,
          "rootEmpty": false,
          "_timeout": 2000
        },
        {
          "uuid": "4a821f05-4036-4e3e-9921-849e38a50634",
          "title": "matchRuleSchema",
          "fullFile": "/home/runner/work/planwithus-lib/planwithus-lib/src/matchRule/schemas.test.ts",
          "file": "/src/matchRule/schemas.test.ts",
          "beforeHooks": [],
          "afterHooks": [],
          "tests": [
            {
              "title": "should validate match rule with valid pattern",
              "fullTitle": "matchRuleSchema should validate match rule with valid pattern",
              "timedOut": false,
              "duration": 1,
              "state": "passed",
              "speed": "fast",
              "pass": true,
              "fail": false,
              "pending": false,
              "context": "[\n  {\n    \"title\": \"pattern sample 0\",\n    \"value\": \"XHI6H\"\n  },\n  {\n    \"title\": \"pattern sample 1\",\n    \"value\": \"VDJ746\"\n  },\n  {\n    \"title\": \"pattern sample 2\",\n    \"value\": \"OB52M\"\n  },\n  {\n    \"title\": \"pattern sample 3\",\n    \"value\": \"SC9\"\n  },\n  {\n    \"title\": \"pattern sample 4\",\n    \"value\": \"QW61S\"\n  },\n  {\n    \"title\": \"pattern sample 5\",\n    \"value\": \"LQ6*\"\n  },\n  {\n    \"title\": \"pattern sample 6\",\n    \"value\": \"ZFL60M\"\n  },\n  {\n    \"title\": \"pattern sample 7\",\n    \"value\": \"UQT982\"\n  },\n  {\n    \"title\": \"pattern sample 8\",\n    \"value\": \"UL2\"\n  },\n  {\n    \"title\": \"pattern sample 9\",\n    \"value\": \"LHU6\"\n  }\n]",
              "code": "fast_check_1.sample(index_test_3.pattern, 10).forEach((sample, i) => addContext_1.default(this, {\n    title: `pattern sample ${i}`,\n    value: sample,\n}));\nreturn fast_check_1.assert(fast_check_1.property(index_test_3.pattern, ajvValidate));",
              "err": {},
              "uuid": "f04fc5da-dc93-4c15-a2ee-c296093d9cd7",
              "parentUUID": "4a821f05-4036-4e3e-9921-849e38a50634",
              "isHook": false,
              "skipped": false
            },
            {
              "title": "should validate match rules with valid pattern, exclude and info",
              "fullTitle": "matchRuleSchema should validate match rules with valid pattern, exclude and info",
              "timedOut": false,
              "duration": 2,
              "state": "passed",
              "speed": "fast",
              "pass": true,
              "fail": false,
              "pending": false,
[...]
              "timedOut": false,
              "duration": 1,
              "state": "passed",
              "speed": "fast",
              "pass": true,
              "fail": false,
              "pending": false,
              "context": null,
              "code": "const satisfier = satisfiers_1.inequalitySatisfier(ref, \"<=28\");\nsatisfier.should.have.property(\"filter\");\nconst { filter } = satisfier;\nisCorrectFilter(filter, modulesList1, modulesList1.map(([moduleStr]) => moduleStr));",
              "err": {},
              "uuid": "6f210a88-d62e-454d-9ec7-72c47321e77a",
              "parentUUID": "b7478b7d-c603-4248-baa8-aa56d3b16d45",
              "isHook": false,
              "skipped": false
            },
            {
              "title": "should preserve list of modules with upper bound of MCs if total MC count is lower",
              "fullTitle": "inequalitySatisfier should preserve list of modules with upper bound of MCs if total MC count is lower",
              "timedOut": false,
              "duration": 0,
              "state": "passed",
              "speed": "fast",
              "pass": true,
              "fail": false,
              "pending": false,
              "context": null,
              "code": "const satisfier = satisfiers_1.inequalitySatisfier(ref, \"<=32\");\nsatisfier.should.have.property(\"filter\");\nconst { filter } = satisfier;\nisCorrectFilter(filter, modulesList1, modulesList1.map(([moduleStr]) => moduleStr));",
              "err": {},
              "uuid": "5db2370c-5185-40ef-a8bc-45984768392b",
              "parentUUID": "b7478b7d-c603-4248-baa8-aa56d3b16d45",
              "isHook": false,
              "skipped": false
            },
            {
              "title": "should truncate list of modules with upper bound of MCs at exact cutoff if total MC count is higher and there exists some starting sequence with exact MC count",
              "fullTitle": "inequalitySatisfier should truncate list of modules with upper bound of MCs at exact cutoff if total MC count is higher and there exists some starting sequence with exact MC count",
              "timedOut": false,
              "duration": 0,
              "state": "passed",
              "speed": "fast",
              "pass": true,
              "fail": false,
              "pending": false,
              "context": null,
              "code": "const satisfier = satisfiers_1.inequalitySatisfier(ref, \"<=16\");\nsatisfier.should.have.property(\"filter\");\nconst { filter } = satisfier;\nisCorrectFilter(filter, modulesList1, [\n    \"CS2100\",\n    \"GER1000\",\n    \"CS2040S\",\n    \"ST2131\",\n]);",
              "err": {},
              "uuid": "8260aaab-93fa-4539-af8f-3e538be8844d",
              "parentUUID": "b7478b7d-c603-4248-baa8-aa56d3b16d45",
              "isHook": false,
              "skipped": false
            },
            {
              "title": "should truncate list of modules with upper bound of MCs, cutting off at the minimum starting sequence that exceeds upper bound, if total MC count is higher and there exists no starting sequence with exact MC count",
              "fullTitle": "inequalitySatisfier should truncate list of modules with upper bound of MCs, cutting off at the minimum starting sequence that exceeds upper bound, if total MC count is higher and there exists no starting sequence with exact MC count",
              "timedOut": false,
              "duration": 0,
              "state": "passed",
              "speed": "fast",
              "pass": true,
              "fail": false,
              "pending": false,
              "context": null,
              "code": "const satisfier = satisfiers_1.inequalitySatisfier(ref, \"<=17\");\nsatisfier.should.have.property(\"filter\");\nconst { filter } = satisfier;\nisCorrectFilter(filter, modulesList1, [\n    \"CS2100\",\n    \"GER1000\",\n    \"CS2040S\",\n    \"ST2131\",\n    \"MA1521\",\n]);",
              "err": {},
              "uuid": "0cfe5fe6-720e-45c0-8ed7-21e23a55b7b1",
              "parentUUID": "b7478b7d-c603-4248-baa8-aa56d3b16d45",
              "isHook": false,
              "skipped": false
            }
          ],
          "suites": [],
          "passes": [
            "039d81c1-7821-49b6-8c09-1644c8bf0c8c",
            "9e0b82a3-0480-4118-9bdc-668ae59f7750",
            "7a2e1dd5-688d-42ea-a9ec-84c94d07979b",
            "6f210a88-d62e-454d-9ec7-72c47321e77a",
            "5db2370c-5185-40ef-a8bc-45984768392b",
            "8260aaab-93fa-4539-af8f-3e538be8844d",
            "0cfe5fe6-720e-45c0-8ed7-21e23a55b7b1"
          ],
          "failures": [],
          "pending": [],
          "skipped": [],
          "duration": 2,
          "root": false,
          "rootEmpty": false,
          "_timeout": 2000
        },
        {
          "uuid": "34c53123-58ca-4d22-beae-0043434606c5",
          "title": "inequalitySchema",
          "fullFile": "/home/runner/work/planwithus-lib/planwithus-lib/src/satisfyRule/inequality/schemas.test.ts",
          "file": "/src/satisfyRule/inequality/schemas.test.ts",
          "beforeHooks": [],
          "afterHooks": [],
          "tests": [
            {
              "title": "should validate inequality in the form <=n or >=n",
              "fullTitle": "inequalitySchema should validate inequality in the form <=n or >=n",
              "timedOut": false,
              "duration": 1,
              "state": "passed",
              "speed": "fast",
              "pass": true,
              "fail": false,
              "pending": false,
              "context": "[\n  {\n    \"title\": \"inequality sample 0\",\n    \"value\": \"<=24\"\n  },\n  {\n    \"title\": \"inequality sample 1\",\n    \"value\": \"<=72\"\n  },\n  {\n    \"title\": \"inequality sample 2\",\n    \"value\": \"<=4\"\n  },\n  {\n    \"title\": \"inequality sample 3\",\n    \"value\": \"<=76\"\n  },\n  {\n    \"title\": \"inequality sample 4\",\n    \"value\": \"<=47\"\n  },\n  {\n    \"title\": \"inequality sample 5\",\n    \"value\": \"<=8\"\n  },\n  {\n    \"title\": \"inequality sample 6\",\n    \"value\": \"<=25\"\n  },\n  {\n    \"title\": \"inequality sample 7\",\n    \"value\": \"<=188\"\n  },\n  {\n    \"title\": \"inequality sample 8\",\n    \"value\": \"<=197\"\n  },\n  {\n    \"title\": \"inequality sample 9\",\n    \"value\": \">=5\"\n  }\n]",
              "code": "fast_check_1.sample(index_test_2.inequality, 10).forEach((sample, i) => addContext_1.default(this, {\n    title: `inequality sample ${i}`,\n    value: sample,\n}));\nreturn fast_check_1.assert(fast_check_1.property(index_test_2.inequality, ajvValidate));",
              "err": {},
              "uuid": "13f94979-74dd-44c5-8b8f-a1049d5da9e8",
              "parentUUID": "34c53123-58ca-4d22-beae-0043434606c5",
              "isHook": false,
              "skipped": false
            },
            {
              "title": "should not validate inequality of invalid form",
              "fullTitle": "inequalitySchema should not validate inequality of invalid form",
              "timedOut": false,
              "duration": 1,
              "state": "passed",
              "speed": "fast",
              "pass": true,
              "fail": false,
              "pending": false,
              "context": null,
              "code": "[\n        \"\",\n        \"==23\",\n        \"23\",\n        \"<23\",\n        \">23\",\n        \"<=-1\",\n        \">=-1\",\n        \"<= 2\",\n        \">= 1\",\n        \"> 3\",\n        \"< 3\",\n        \"<=3a\",\n        \">=3a\",\n        \"a<=3\",\n        \"a>=3\",\n    ].forEach(isInvalidInequality)",
              "err": {},
              "uuid": "ac206aff-f707-4e69-8f3d-d4587d9b8a85",
              "parentUUID": "34c53123-58ca-4d22-beae-0043434606c5",
              "isHook": false,
              "skipped": false
            }
          ],
          "suites": [],
          "passes": [
            "13f94979-74dd-44c5-8b8f-a1049d5da9e8",
            "ac206aff-f707-4e69-8f3d-d4587d9b8a85"
          ],
          "failures": [],
          "pending": [],
          "skipped": [],
          "duration": 2,
          "root": false,
          "rootEmpty": false,
          "_timeout": 2000
        },
        {
          "uuid": "11b251a6-a8d0-4ad6-9eae-d408e2e33e1e",
          "title": "satisfyRuleSchema",
          "fullFile": "/home/runner/work/planwithus-lib/planwithus-lib/src/satisfyRule/schemas.test.ts",
          "file": "/src/satisfyRule/schemas.test.ts",
          "beforeHooks": [],
          "afterHooks": [],
          "tests": [
            {
              "title": "should validate satisfy rule with valid block id",
              "fullTitle": "satisfyRuleSchema should validate satisfy rule with valid block id",
              "timedOut": false,
              "duration": 0,
              "state": "passed",
              "speed": "fast",
              "pass": true,
              "fail": false,
              "pending": false,
              "context": null,
              "code": "fast_check_1.assert(fast_check_1.property(fast_check_1.string(), ajvValidate)",
              "err": {},
              "uuid": "cec93673-d0d2-46e4-a01f-af887f4377f9",
              "parentUUID": "11b251a6-a8d0-4ad6-9eae-d408e2e33e1e",
              "isHook": false,
              "skipped": false
            },
            {
              "title": "should validate satisfy rules with valid mc",
              "fullTitle": "satisfyRuleSchema should validate satisfy rules with valid mc",
              "timedOut": false,
              "duration": 2,
              "state": "passed",
              "speed": "fast",
              "pass": true,
              "fail": false,
              "pending": false,
              "context": "[\n  {\n    \"title\": \"mcSatisfyRule sample 0\",\n    \"value\": {\n      \"mc\": \"<=4\"\n    }\n  },\n  {\n    \"title\": \"mcSatisfyRule sample 1\",\n    \"value\": {\n      \"mc\": \"<=1\"\n    }\n  },\n  {\n    \"title\": \"mcSatisfyRule sample 2\",\n    \"value\": {\n      \"mc\": \"<=194\"\n    }\n  },\n  {\n    \"title\": \"mcSatisfyRule sample 3\",\n    \"value\": {\n      \"mc\": \"<=43\"\n    }\n  },\n  {\n    \"title\": \"mcSatisfyRule sample 4\",\n    \"value\": {\n      \"mc\": \"<=66\"\n    }\n  },\n  {\n    \"title\": \"mcSatisfyRule sample 5\",\n    \"value\": {\n      \"mc\": \"<=3\"\n    }\n  },\n  {\n    \"title\": \"mcSatisfyRule sample 6\",\n    \"value\": {\n      \"mc\": \">=45\"\n    }\n  },\n  {\n    \"title\": \"mcSatisfyRule sample 7\",\n    \"value\": {\n      \"mc\": \"<=8\"\n    }\n  },\n  {\n    \"title\": \"mcSatisfyRule sample 8\",\n    \"value\": {\n      \"mc\": \">=8\"\n    }\n  },\n  {\n    \"title\": \"mcSatisfyRule sample 9\",\n    \"value\": {\n      \"mc\": \"<=169\"\n    }\n  }\n]",
              "code": "fast_check_1.sample(index_test_2.mcSatisfyRule, 10).forEach((sample, i) => addContext_1.default(this, {\n    title: `mcSatisfyRule sample ${i}`,\n    value: sample,\n}));\nreturn fast_check_1.assert(fast_check_1.property(index_test_2.mcSatisfyRule, ajvValidate));",
              "err": {},
              "uuid": "8b127ba6-fa0c-4eab-a607-c671af179b30",
              "parentUUID": "11b251a6-a8d0-4ad6-9eae-d408e2e33e1e",
              "isHook": false,
              "skipped": false
            },
            {
              "title": "should validate valid recursive satisfy rules",
              "fullTitle": "satisfyRuleSchema should validate valid recursive satisfy rules",
              "timedOut": false,
              "duration": 3,
              "state": "passed",
              "speed": "fast",
              "pass": true,
              "fail": false,
              "pending": false,
              "context": "[\n  {\n    \"title\": \"satisfyRule sample 0\",\n    \"value\": {\n      \"and\": [\n        {\n          \"mc\": \">=44\"\n        },\n        {\n          \"and\": [\n            {\n              \"mc\": \"<=125\"\n            },\n            \"l|\",\n            \"AH+Y6*62kv\"\n          ]\n        }\n      ]\n    }\n  },\n  {\n    \"title\": \"satisfyRule sample 1\",\n    \"value\": {\n      \"mc\": \"<=154\"\n    }\n  },\n  {\n    \"title\": \"satisfyRule sample 2\",\n    \"value\": {\n      \"or\": [\n        {\n          \"mc\": \">=151\"\n        },\n        {\n          \"mc\": \">=92\"\n        }\n      ]\n    }\n  },\n  {\n    \"title\": \"satisfyRule sample 3\",\n    \"value\": {\n      \"mc\": \">=182\"\n    }\n  },\n  {\n    \"title\": \"satisfyRule sample 4\",\n    \"value\": {\n      \"or\": [\n        \"zEP$E:KUWi\"\n      ]\n    }\n  },\n  {\n    \"title\": \"satisfyRule sample 5\",\n    \"value\": {\n      \"mc\": \"<=132\"\n    }\n  },\n  {\n    \"title\": \"satisfyRule sample 6\",\n    \"value\": \"\"\n  },\n  {\n    \"title\": \"satisfyRule sample 7\",\n    \"value\": {\n      \"or\": [\n        \"K!9%^\\\\ \",\n        {\n          \"or\": []\n        }\n      ]\n    }\n  },\n  {\n    \"title\": \"satisfyRule sample 8\",\n    \"value\": {\n      \"mc\": \">=193\"\n    }\n  },\n  {\n    \"title\": \"satisfyRule sample 9\",\n    \"value\": \";XZF'8!\"\n  }\n]",
              "code": "fast_check_1.sample(index_test_2.satisfyRule, 10).forEach((sample, i) => addContext_1.default(this, {\n    title: `satisfyRule sample ${i}`,\n    value: sample,\n}));\nreturn fast_check_1.assert(fast_check_1.property(index_test_2.satisfyRule, ajvValidate));",
              "err": {},
              "uuid": "c1d6a43b-3079-4c5f-91cb-c2b4eab3cb34",
              "parentUUID": "11b251a6-a8d0-4ad6-9eae-d408e2e33e1e",
              "isHook": false,
              "skipped": false
            },
            {
              "title": "should not validate non-string/object",
              "fullTitle": "satisfyRuleSchema should not validate non-string/object",
              "timedOut": false,
              "duration": 0,
              "state": "passed",
              "speed": "fast",
              "pass": true,
              "fail": false,
              "pending": false,
              "context": null,
              "code": "const error = {\n    instancePath: \"\",\n    message: \"satisfy rule should be either a string or an object\",\n};\nisInvalidRule(null, error);\nisInvalidRule(undefined, error);\nisInvalidRule(10, error);\nisInvalidRule([12, 24], error);",
              "err": {},
              "uuid": "00af4b3e-a8e6-4864-89dc-ea4df812e1a6",
              "parentUUID": "11b251a6-a8d0-4ad6-9eae-d408e2e33e1e",
              "isHook": false,
              "skipped": false
            },
            {
              "title": "should not validate satisfy rules with extra properties",
              "fullTitle": "satisfyRuleSchema should not validate satisfy rules with extra properties",
              "timedOut": false,
              "duration": 0,
              "state": "passed",
              "speed": "fast",
              "pass": true,
              "fail": false,
              "pending": false,
              "context": null,
              "code": "isInvalidRule({\n        and: [\n            { or: [\"2k\"], abc: \"def\" },\n            { mc: 8, ghi: \"jkl\" },\n        ],\n        mno: \"pqr\",\n    }, {\n        instancePath: \"/and/0\",\n        message: \"or satisfy rule should have property 'or' only\",\n    }, {\n        instancePath: \"/and/1\",\n        message: \"MC satisfy rule should have property 'mc' only\",\n    }, {\n        instancePath: \"\",\n        message: \"and satisfy rule should have property 'and' only\",\n    })",
              "err": {},
              "uuid": "0d573850-88f2-429b-80c2-82b898ff33b1",
              "parentUUID": "11b251a6-a8d0-4ad6-9eae-d408e2e33e1e",
              "isHook": false,
              "skipped": false
            },
            {
              "title": "should not validate ambiguous satisfy rules",
              "fullTitle": "satisfyRuleSchema should not validate ambiguous satisfy rules",
              "timedOut": false,
              "duration": 0,
              "state": "passed",
              "speed": "fast",
              "pass": true,
              "fail": false,
              "pending": false,
              "context": null,
              "code": "const message = \"satisfy rule should have only one of properties 'mc', 'and', 'or'\";\nisInvalidRule({\n    or: [\n        { mc: 5, and: [\"CS2040\"] },\n        { and: [{ and: [\"abc\"], or: [\"def\"] }] },\n    ],\n}, { instancePath: \"/or/0\", message }, { instancePath: \"/or/1/and/0\", message });",
              "err": {},
              "uuid": "d9330a28-f0c0-4974-9a27-e7d0aea28ace",
              "parentUUID": "11b251a6-a8d0-4ad6-9eae-d408e2e33e1e",
              "isHook": false,
              "skipped": false
            },
            {
              "title": "should not validate and satisfy rules with non-array property",
              "fullTitle": "satisfyRuleSchema should not validate and satisfy rules with non-array property",
              "timedOut": false,
              "duration": 1,
              "state": "passed",
              "speed": "fast",
              "pass": true,
              "fail": false,
              "pending": false,
              "context": null,
              "code": "const message = \"property 'and' should be an array of satisfy rules\";\nisInvalidRule({ or: [{ and: {} }, { or: [{ and: 3 }] }] }, { instancePath: \"/or/0/and\", message }, { instancePath: \"/or/1/or/0/and\", message });",
              "err": {},
              "uuid": "383c7316-afca-4ae2-a0f4-2f00fcf49dbd",
              "parentUUID": "11b251a6-a8d0-4ad6-9eae-d408e2e33e1e",
              "isHook": false,
              "skipped": false
            },
            {
              "title": "should not validate or satisfy rules with non-array property",
              "fullTitle": "satisfyRuleSchema should not validate or satisfy rules with non-array property",
              "timedOut": false,
              "duration": 0,
              "state": "passed",
              "speed": "fast",
              "pass": true,
              "fail": false,
              "pending": false,
              "context": null,
              "code": "const message = \"property 'or' should be an array of satisfy rules\";\nisInvalidRule({ and: [{ or: {} }, { and: [{ or: 3 }] }] }, { instancePath: \"/and/0/or\", message }, { instancePath: \"/and/1/and/0/or\", message });",
              "err": {},
              "uuid": "9a9a77a7-657f-4553-b722-43d374d32cbf",
              "parentUUID": "11b251a6-a8d0-4ad6-9eae-d408e2e33e1e",
              "isHook": false,
              "skipped": false
            }
          ],
          "suites": [],
          "passes": [
            "cec93673-d0d2-46e4-a01f-af887f4377f9",
            "8b127ba6-fa0c-4eab-a607-c671af179b30",
            "c1d6a43b-3079-4c5f-91cb-c2b4eab3cb34",
            "00af4b3e-a8e6-4864-89dc-ea4df812e1a6",
            "0d573850-88f2-429b-80c2-82b898ff33b1",
            "d9330a28-f0c0-4974-9a27-e7d0aea28ace",
            "383c7316-afca-4ae2-a0f4-2f00fcf49dbd",
            "9a9a77a7-657f-4553-b722-43d374d32cbf"
          ],
          "failures": [],
          "pending": [],
          "skipped": [],
          "duration": 6,
          "root": false,
          "rootEmpty": false,
          "_timeout": 2000
        }
      ],
      "passes": [],
      "failures": [],
      "pending": [],
      "skipped": [],
      "duration": 0,
      "root": true,
      "rootEmpty": true,
      "_timeout": 2000
    }
  ],
  "meta": {
    "mocha": {
      "version": "9.0.3"
    },
    "mochawesome": {
      "options": {
        "quiet": false,
        "reportFilename": "mochawesome",
        "saveHtml": true,
        "saveJson": true,
        "consoleReporter": "spec",
        "useInlineDiffs": false,
        "code": true
      },
      "version": "6.2.2"
    },
    "marge": {
      "options": {
        "reportDir": "docs"
      },
      "version": "5.2.0"
    }
  }
}