{
  "stats": {
    "suites": 10,
    "tests": 48,
    "passes": 48,
    "pending": 0,
    "failures": 0,
    "start": "2021-07-20T15:18:58.856Z",
    "end": "2021-07-20T15:18:59.148Z",
    "duration": 292,
    "testsRegistered": 48,
    "passPercent": 100,
    "pendingPercent": 0,
    "other": 0,
    "hasOther": false,
    "skipped": 0,
    "hasSkipped": false
  },
  "results": [
    {
      "uuid": "3bbd171a-8fde-4632-b96c-f3eb89e07870",
      "title": "",
      "fullFile": "",
      "file": "",
      "beforeHooks": [],
      "afterHooks": [],
      "tests": [],
      "suites": [
        {
          "uuid": "fe68a26d-7bde-4a9f-a841-6d5ff665facb",
          "title": "initDirectories",
          "fullFile": "/home/runner/work/planwithus-lib/planwithus-lib/src/block/schemas.test.ts",
          "file": "/src/block/schemas.test.ts",
          "beforeHooks": [],
          "afterHooks": [],
          "tests": [
            {
              "title": "should parse all blocks with no errors",
              "fullTitle": "initDirectories should parse all blocks with no errors",
              "timedOut": false,
              "duration": 3,
              "state": "passed",
              "speed": "fast",
              "pass": true,
              "fail": false,
              "pending": false,
              "context": null,
              "code": "_1.initDirectories.should.not.throw()",
              "err": {},
              "uuid": "468f1b40-8bdf-4042-aa64-5d0e2a0e5c6a",
              "parentUUID": "fe68a26d-7bde-4a9f-a841-6d5ff665facb",
              "isHook": false,
              "skipped": false
            },
            {
              "title": "should produce primary, second & minor directories",
              "fullTitle": "initDirectories should produce primary, second & minor directories",
              "timedOut": false,
              "duration": 3,
              "state": "passed",
              "speed": "fast",
              "pass": true,
              "fail": false,
              "pending": false,
              "context": null,
              "code": "const directories = _1.initDirectories();\ndirectories.should.have.property(\"primary\");\ndirectories.should.have.property(\"second\");\ndirectories.should.have.property(\"minor\");",
              "err": {},
              "uuid": "d28c095b-93fc-4095-a562-a7299d1500c9",
              "parentUUID": "fe68a26d-7bde-4a9f-a841-6d5ff665facb",
              "isHook": false,
              "skipped": false
            }
          ],
          "suites": [],
          "passes": [
            "468f1b40-8bdf-4042-aa64-5d0e2a0e5c6a",
            "d28c095b-93fc-4095-a562-a7299d1500c9"
          ],
          "failures": [],
          "pending": [],
          "skipped": [],
          "duration": 6,
          "root": false,
          "rootEmpty": false,
          "_timeout": 2000
        },
        {
          "uuid": "8c9c3812-38f6-48a2-83c0-ce4d62556dd6",
          "title": "blockSchema",
          "fullFile": "/home/runner/work/planwithus-lib/planwithus-lib/src/block/schemas.test.ts",
          "file": "/src/block/schemas.test.ts",
          "beforeHooks": [],
          "afterHooks": [],
          "tests": [
            {
              "title": "should validate valid block",
              "fullTitle": "blockSchema should validate valid block",
              "timedOut": false,
              "duration": 169,
              "state": "passed",
              "speed": "slow",
              "pass": true,
              "fail": false,
              "pending": false,
              "context": "[\n  {\n    \"title\": \"block sample 0\",\n    \"value\": {\n      \"name\": \"s<+%j|j\\\\N\",\n      \"ay\": 1968,\n      \"assign\": \"\\\"N\",\n      \"match\": {\n        \"or\": []\n      },\n      \"satisfy\": \"I\\\" \\\"|+VE\",\n      \"url\": \"http://37b.2bxvrc.as-0eb07u66ha85vmedqm60jw-4-d475c-km-8l5.bawreczpbs/f2//R/Wx8:%F2%A9%A3%9FD/DMw(!qUlL/%F0%B3%8E%AB8E1FEV$jj/YX1F/!f%F3%B3%84%82k%F1%B9%90%8E.,S/X\",\n      \"info\": \"#s|]E f\\\"~%\",\n      \"isSelectable\": true\n    }\n  },\n  {\n    \"title\": \"block sample 1\",\n    \"value\": {\n      \"name\": \"\",\n      \"ay\": 1955,\n      \"assign\": \"Y+uMzg&{\",\n      \"match\": [\n        {\n          \"pattern\": \"SPxS\",\n          \"info\": \"$r\"\n        },\n        {\n          \"and\": [\n            {\n              \"and\": [\n                \"TS683Z\",\n                {\n                  \"pattern\": \"PIxF\",\n                  \"exclude\": [],\n                  \"info\": \"(YA9R\"\n                },\n                {\n                  \"pattern\": \"LZYx406E\",\n                  \"exclude\": [\n                    \"WYD0W\"\n                  ],\n                  \"info\": \"q6l\"\n                }\n              ]\n            },\n            {\n              \"pattern\": \"HS410O\",\n              \"exclude\": \"NB04\"\n            },\n            {\n              \"and\": [\n                {\n                  \"or\": [\n                    \"HC7*9Y\"\n                  ]\n                },\n                \"UR9*xO\",\n                \"CZL*469M\",\n                {\n                  \"pattern\": \"BZ748W\",\n                  \"exclude\": \"BXI96x0\"\n                }\n              ]\n            }\n          ]\n        }\n      ],\n      \"satisfy\": {\n        \"and\": [\n          {\n            \"and\": [\n              \"Uwth K\"\n            ]\n          },\n          {\n            \"mc\": \">=6\"\n          }\n        ]\n      },\n      \"url\": \"http://8v5n-dfdn3g8ui495e0xp3ljxte5356n30tmeehkrsqdr4iva8lp-s.z.t996b6r-6xcbfzv6w88wm-ooa2.mtuk/b/BmI%F4%86%8F%B0\",\n      \"M)AjbP0A\": {\n        \"name\": \"x>C=o#-\\\\\",\n        \"ay\": 1968,\n        \"match\": {\n          \"or\": [\n            {\n              \"pattern\": \"SH70G\",\n              \"exclude\": \"AZA80N\"\n            }\n          ]\n        },\n        \"satisfy\": [\n          {\n            \"and\": [\n              {\n                \"or\": [\n                  \"}Ye\",\n                  {\n                    \"mc\": \">=51\"\n                  },\n                  \"I;,42\"\n                ]\n              },\n              {\n                \"mc\": \">=87\"\n              },\n              {\n                \"or\": [\n                  {\n                    \"mc\": \">=141\"\n                  }\n                ]\n              }\n            ]\n          },\n          {\n            \"or\": [\n              {\n                \"or\": [\n                  {\n                    \"and\": [\n                      {\n                        \"mc\": \"<=36\"\n                      },\n                      {\n                        \"or\": [\n                          \"_W]\"\n                        ]\n                      },\n                      \"\"\n                    ]\n                  },\n                  {\n                    \"or\": [\n                      \"\",\n                      \"\",\n                      \".N 4\",\n                      {\n                        \"and\": [\n                          \"U{}.JI\"\n                        ]\n                      }\n                    ]\n                  },\n                  {\n                    \"mc\": \"<=121\"\n                  }\n                ]\n              },\n              {\n                \"or\": [\n                  {\n                    \"mc\": \">=78\"\n                  },\n                  {\n                    \"or\": [\n                      {\n                        \"and\": [\n                          \"bk\"\n                        ]\n                      },\n                      \"'0CFc\",\n                      {\n                        \"and\": [\n                          {\n                            \"and\": [\n                              \"#U4F/M3~\"\n                            ]\n                          },\n                          {\n                            \"mc\": \"<=195\"\n                          }\n                        ]\n                      },\n                      \"ZhzOCZo\"\n                    ]\n                  },\n                  {\n                    \"mc\": \">=105\"\n                  },\n                  {\n                    \"and\": [\n                      \"-\\\\\\\"(i<o`*\",\n                      {\n                        \"and\": [\n                          \"j'~wBkK\",\n                          \"RwIop5GdW\",\n                          {\n                            \"and\": [\n                              \"pV0e\",\n                              \"WyR6)}`c\",\n                              \"\",\n                              \"'BA57A{B\"\n                            ]\n                          }\n                        ]\n                      },\n                      \"AU\",\n                      {\n                        \"mc\": \"<=176\"\n                      },\n                      \"y\"\n                    ]\n                  },\n                  {\n                    \"mc\": \">=109\"\n                  }\n                ]\n              }\n            ]\n          },\n          {\n            \"or\": [\n              {\n                \"mc\": \">=30\"\n              },\n              {\n                \"mc\": \">=156\"\n              },\n              \"V(o!O\"\n            ]\n          },\n          {\n            \"mc\": \">=160\"\n          }\n        ],\n        \"url\": \"http://pdn51hf3x0pioul062lxi.k.rel2.wibserhamh/sx:DBa/ocFd2//T4X+S&B9/CcjpK0_O/qZc_P/=8%F1%95%9E%9DvZ+Y/T@2E%EF%9D%9E/91*h%F3%8C%B3%AB&zr\",\n        \"info\": \"\\\"=2G!\",\n        \"isSelectable\": true,\n        \"tFV eK*j\": {\n          \"ay\": 1979,\n          \"assign\": [\n            \"0VCkoL7]ZX\",\n            \"PacsITD[j\",\n            \"w0/]\"\n          ],\n          \"match\": {\n            \"and\": [\n              {\n                \"or\": [\n                  {\n                    \"and\": [\n                      \"VMD92K\",\n                      {\n                        \"pattern\": \"XHT8\",\n                        \"exclude\": \"HD1x\",\n                        \"info\": \"D\"\n                      },\n                      \"JY81x2B\",\n                      \"OT22\",\n                      \"FHx87\"\n                    ]\n                  },\n                  \"HZE8F\",\n                  \"KQT422\",\n                  \"FYx91D\",\n                  \"BD04V\"\n                ]\n              },\n              \"XWV07x6I\",\n              {\n                \"and\": [\n                  {\n                    \"pattern\": \"YOC138C\",\n                    \"exclude\": \"YE0524\",\n                    \"info\": \"Y_/.r\"\n                  }\n                ]\n              },\n              \"EBT*021\"\n            ]\n          },\n          \"satisfy\": [\n            \"a`qIX\",\n            {\n              \"mc\": \"<=179\"\n            },\n            {\n              \"or\": [\n                {\n                  \"mc\": \">=149\"\n                },\n                {\n                  \"and\": [\n                    \"|D&Lr|\",\n                    {\n                      \"mc\": \">=200\"\n                    },\n                    {\n                      \"and\": []\n                    }\n                  ]\n                }\n              ]\n            },\n            {\n              \"mc\": \">=169\"\n            }\n          ],\n          \"url\": \"https://v6c6zjgpl4w5-n5b0iuos.yfu6qu5ltwbvpjmw3v77qmr655dd2--o7ejr5fk.lxztvndn/v&&_~//_%E3%84%9FpBv\",\n          \"isSelectable\": true\n        },\n        \"\": {\n          \"ay\": 1960,\n          \"assign\": [],\n          \"match\": [\n            {\n              \"pattern\": \"URI8255\",\n              \"exclude\": \"UKA5\"\n            },\n            {\n              \"and\": [\n                {\n                  \"or\": [\n                    {\n                      \"pattern\": \"BBV375x\",\n                      \"exclude\": [\n                        \"RC8176T\",\n                        \"RLxP\",\n                        \"QXN1677\",\n                        \"IH8Z\",\n                        \"LLE145Y\"\n                      ],\n                      \"info\": \"\\\\\"\n                    },\n                    {\n                      \"or\": []\n                    }\n                  ]\n                },\n                {\n                  \"and\": [\n                    {\n                      \"pattern\": \"DOU851C\",\n                      \"exclude\": \"ZYGx*1A\",\n                      \"info\": \" \"\n                    }\n                  ]\n                },\n                {\n                  \"and\": [\n                    {\n                      \"and\": []\n                    }\n                  ]\n                }\n              ]\n            },\n            {\n              \"and\": [\n                \"GQ430Q\",\n                {\n                  \"pattern\": \"LE0\",\n                  \"exclude\": [\n                    \"QR42\",\n                    \"LP4*5xJ\",\n                    \"ZV80X\",\n                    \"KDW*x78\",\n                    \"LB860\"\n                  ]\n                },\n                {\n                  \"or\": [\n                    {\n                      \"or\": [\n                        {\n                          \"or\": [\n                            {\n                              \"or\": []\n                            },\n                            {\n                              \"and\": [\n                                \"XW8466\",\n                                \"WBV076xS\",\n                                \"CJ1N\",\n                                \"OZ*C\"\n                              ]\n                            },\n                            {\n                              \"or\": [\n                                \"KB6*59\",\n                                \"GP7x9\"\n                              ]\n                            },\n                            {\n                              \"or\": [\n                                {\n                                  \"or\": []\n                                },\n                                \"DVG7\",\n                                \"CFD4**6Z\"\n                              ]\n                            },\n                            \"DMx55\"\n                          ]\n                        },\n                        {\n                          \"pattern\": \"QF98\",\n                          \"exclude\": [\n                            \"EM857N\",\n                            \"KB6980\"\n                          ],\n                          \"info\": \"*_(\"\n                        },\n                        \"AEY6A\"\n                      ]\n                    }\n                  ]\n                }\n              ]\n            }\n          ],\n          \"satisfy\": {\n            \"mc\": \">=84\"\n          },\n          \"url\": \"http://q.poms\",\n          \"info\": \"ZVCo`\"\n        },\n        \"n6\": {\n          \"name\": \"`Nl_N'N|S?\",\n          \"ay\": 1992,\n          \"assign\": [],\n          \"satisfy\": {\n            \"and\": [\n              \":Q!K';`\"\n            ]\n          },\n          \"info\": \"mS52=|*K\",\n          \"isSelectable\": true\n        },\n        \"Hl\": {\n          \"ay\": 2025,\n          \"match\": {\n            \"and\": [\n              {\n                \"and\": [\n                  \"WZ2\",\n                  {\n                    \"pattern\": \"OG6717V\",\n                    \"exclude\": [\n                      \"YD622\"\n                    ]\n                  },\n                  \"DT03\",\n                  {\n                    \"or\": [\n                      \"MJT389F\",\n                      {\n                        \"or\": [\n                          \"LU6x0\",\n                          {\n                            \"or\": [\n                              \"MFO7A\",\n                              \"XN86H\",\n                              \"PPD2x8G\",\n                              \"PQ0W\",\n                              \"QR0x11Q\"\n                            ]\n                          },\n                          \"BGD513W\",\n                          \"NZ8*\",\n                          {\n                            \"pattern\": \"GT38G\",\n                            \"exclude\": [\n                              \"MXM18J\",\n                              \"YKC0W\",\n                              \"PO14\",\n                              \"MNI5P\"\n                            ],\n                            \"info\": \"t4:L%IW\"\n                          }\n                        ]\n                      },\n                      {\n                        \"or\": []\n                      }\n                    ]\n                  }\n                ]\n              },\n              \"IQ81H\"\n            ]\n          },\n          \"satisfy\": {\n            \"mc\": \"<=153\"\n          },\n          \"url\": \"http://ygiy8r0k02iuw1zquhjl2b.ixiw/%F3%88%B1%8BF:t8qR+/OiO9(ChJ%F0%AC%BC%9C/:G%F1%81%A7%83%F4%8A%82%ACcE2/%F0%96%8D%BDK/AA=($:p6%F2%96%94%A9u/uN=$g&U/$++/BM/f/L\",\n          \"M\": {\n            \"name\": \"\",\n            \"match\": [],\n            \"satisfy\": {\n              \"mc\": \">=102\"\n            },\n            \"info\": \"\",\n            \"isSelectable\": true\n          },\n          \"\": {\n            \"name\": \"Y\",\n            \"ay\": 2021,\n            \"assign\": \",\",\n            \"match\": [\n              {\n                \"or\": [\n                  {\n                    \"pattern\": \"XJ93\",\n                    \"exclude\": [],\n                    \"info\": \"YXG$\\\"l]D4D\"\n                  },\n                  {\n                    \"or\": [\n                      \"LR8\",\n                      {\n                        \"and\": [\n                          \"XOK5361\",\n                          \"YEQ36*\",\n                          {\n                            \"or\": [\n                              \"HXU3x\",\n                              \"TW2\",\n                              \"STCx315G\"\n                            ]\n                          }\n                        ]\n                      },\n                      {\n                        \"pattern\": \"OUC13B\",\n                        \"info\": \"mi\"\n                      },\n                      {\n                        \"and\": []\n                      },\n                      \"LAS**x6\"\n                    ]\n                  },\n                  {\n                    \"pattern\": \"OB476A\",\n                    \"exclude\": [\n                      \"IZ938T\",\n                      \"QA9635\",\n                      \"UDA680\",\n                      \"HX7\"\n                    ],\n                    \"info\": \"oi;N\"\n                  },\n                  {\n                    \"pattern\": \"QNL0099\",\n                    \"info\": \"z%% \"\n                  }\n                ]\n              },\n              {\n                \"pattern\": \"LR5915\",\n                \"exclude\": \"PFW832\",\n                \"info\": \";`/x{>%\"\n              },\n              {\n                \"and\": [\n                  {\n                    \"and\": [\n                      \"BO*7E\",\n                      \"IS348I\",\n                      \"ABF4I\",\n                      {\n                        \"pattern\": \"DIF*06E\"\n                      },\n                      \"OQ3\"\n                    ]\n                  },\n                  \"RA4\",\n                  {\n                    \"or\": [\n                      \"BZ79\",\n                      {\n                        \"pattern\": \"GCQ5x3\",\n                        \"exclude\": [\n                          \"FGQ19x2U\",\n                          \"MXS8x7\",\n                          \"LDO32\",\n                          \"MJR8J\"\n                        ],\n                        \"info\": \"yu5Y\"\n                      },\n                      \"GA461*\"\n                    ]\n                  },\n                  {\n                    \"or\": [\n                      \"NC26\"\n                    ]\n                  }\n                ]\n              },\n              {\n                \"or\": [\n                  {\n                    \"pattern\": \"TVG8242\",\n                    \"exclude\": [\n                      \"WK5\",\n                      \"RP279xH\"\n                    ],\n                    \"info\": \"2yD{a!Y\"\n                  },\n                  \"IIDx\",\n                  {\n                    \"pattern\": \"ZL6xx\",\n                    \"exclude\": \"WRY7x16\",\n                    \"info\": \"2hp$;7\"\n                  },\n                  {\n                    \"and\": [\n                      \"KA*\",\n                      \"IOH66\",\n                      {\n                        \"pattern\": \"RFC6Q\",\n                        \"exclude\": \"CY4x\",\n                        \"info\": \"`>R r-c\"\n                      },\n                      \"JRI239D\"\n                    ]\n                  }\n                ]\n              }\n            ],\n            \"satisfy\": {\n              \"or\": []\n            },\n            \"url\": \"https://7bz5eup9c-w.uup0v75g-xtxmv76.r92dxolsiq2tnix5hfb44f1vvvg46-bolno36dcmqzjfszfo7tp-2j.wxoflyzk/v*Ph/v:Gxd9:/l%F2%B2%BB%BC%F2%8C%98%8D/GX4G\",\n            \"isSelectable\": true\n          }\n        }\n      },\n      \"qw-VO\": {\n        \"name\": \"fRTx4rtoy0\",\n        \"ay\": 1971,\n        \"match\": {\n          \"pattern\": \"OL*96L\",\n          \"exclude\": \"YP8\",\n          \"info\": \"{\"\n        },\n        \"satisfy\": [\n          {\n            \"mc\": \">=108\"\n          },\n          {\n            \"or\": [\n              {\n                \"or\": []\n              },\n              \"[H4+elfvoy\"\n            ]\n          }\n        ],\n        \"url\": \"https://isk2pdblcdg8t6179141v7qrfp83ewhf3312-8iyj5ayubh.vn2x20-n5woqxvep0lt2ntd5tsg.wadmx/Y::@,c%F3%83%83%B1/pdpVkGd//*/y%F1%BE%B7%8EjK/W%F0%AA%84%88%F0%9D%AA%BE9t.%F1%A0%AB%83/$(%F1%B3%8F%84*LCg\",\n        \"isSelectable\": true\n      },\n      \"b\": {\n        \"name\": \"Xcu-#cEf\",\n        \"assign\": \"n4(!oP$\",\n        \"match\": \"KKP16x2\",\n        \"satisfy\": [\n          {\n            \"or\": [\n              {\n                \"or\": []\n              },\n              {\n                \"mc\": \">=55\"\n              },\n              {\n                \"mc\": \">=120\"\n              },\n              {\n                \"and\": [\n                  \"uX\",\n                  \"YZNTU*6j5q\",\n                  {\n                    \"mc\": \">=86\"\n                  }\n                ]\n              },\n              {\n                \"and\": [\n                  \"R_\\\"+mu\",\n                  \"K(@bW7\",\n                  {\n                    \"or\": [\n                      {\n                        \"mc\": \"<=189\"\n                      },\n                      \"E!\",\n                      \"#O]8nDJ^`\",\n                      \"~ywGq7pSR\",\n                      \"/)jL-\"\n                    ]\n                  },\n                  \"-,#&/3Nq4G\"\n                ]\n              }\n            ]\n          }\n        ],\n        \"url\": \"http://6c475u0550z-mfbh6ti8afyi7vss5uc0wc8072h0vml9y-5dmtoze.hqi8j8cgoolm1kn2b9s1t23w6udhvjtwb3p6hcu70zax9oks9.zomzaseeyzgss2yp5o1cfha9gbgg4-utb63yq8kvkavq8.7mxumo-ut3zd45-rih1yvguq0nuz2bgqi4043xq7uhwlutwjp5s9tdq5ucwi0n2.dfdtqbi.nizrdo/Y!/VYtMCdx)%F0%B0%96%95+/%F2%BF%AE%88%F0%9B%B0%8C%F1%AC%B4%A3Xlva_/x.p/p(v%E2%A2%95*46E~(/s;xN@hw(x!/1y3%F3%AE%85%88%F3%A6%95%B4%F3%BB%B6%BC95$/lkk.\",\n        \"info\": \"&Bw_}\",\n        \"isSelectable\": true,\n        \"\": {\n          \"ay\": 2005,\n          \"assign\": [],\n          \"match\": \"IR96x\",\n          \"satisfy\": {\n            \"and\": [\n              {\n                \"or\": [\n                  {\n                    \"mc\": \">=155\"\n                  },\n                  \"XB|>iD9\\\"\",\n                  {\n                    \"or\": [\n                      {\n                        \"mc\": \">=119\"\n                      },\n                      \"=&$\",\n                      {\n                        \"or\": [\n                          \";U5\",\n                          \"Q+E\\\\zv9\",\n                          \"+\\\"|~\\\\\",\n                          \"Qr-Oe@kQ9\",\n                          \"WRQ^[7PG\"\n                        ]\n                      },\n                      {\n                        \"mc\": \"<=190\"\n                      }\n                    ]\n                  },\n                  \"\"\n                ]\n              },\n              {\n                \"or\": []\n              },\n              {\n                \"and\": [\n                  {\n                    \"mc\": \">=3\"\n                  },\n                  {\n                    \"mc\": \"<=29\"\n                  },\n                  {\n                    \"and\": [\n                      \";Rn|9i\"\n                    ]\n                  },\n                  \"N_zDl7#\",\n                  \"3P4Up..9 \"\n                ]\n              },\n              \"DR\",\n              {\n                \"mc\": \"<=2\"\n              }\n            ]\n          },\n          \"url\": \"https://bx16i1fc2wuxmchaeiicz5j.4u4oeodrdhazihcauwy1lg529zjgd0t69pbkng08oggv1uiadi9wv8i8j546txj.2gzutls.ro9iwbuytw-0a8he-nyxlpb05sk274wd5uqbo.n59yuok72lj17it2zq.xlbsr\",\n          \"info\": \"hP\",\n          \"isSelectable\": true\n        },\n        \"$7he\": {\n          \"name\": \"9H1oy}Y(H\",\n          \"ay\": 2015,\n          \"assign\": [\n            \"G\\\\4yF>8r\"\n          ],\n          \"match\": {\n            \"or\": []\n          },\n          \"satisfy\": \"r(Y.cf\",\n          \"url\": \"https://y7rqb6.tyww2-at4x-ibrr-06lpa24qtul8oq8-hcpg06lrkkku12rwtp41blw2d.ysafr3os4rq1zyh6c596s55ct9zbpa4h20q.414pkd-6lgf0gcz9x.tpugfdkt/;hGE/xw0Pe_=/q3N)+*%F1%B5%9F%BA/;O%F1%97%8B%B29eI%F1%AE%83%BFN\",\n          \"isSelectable\": true\n        }\n      }\n    }\n  },\n  {\n    \"title\": \"block sample 2\",\n    \"value\": {\n      \"assign\": [\n        \" :!&%%#!&\",\n        \"k,\",\n        \"Ncn\"\n      ],\n      \"satisfy\": \"$]\",\n      \"url\": \"https://e.e.6bat9hd.otjfsxuzfg/+/KtpiVv/z/~L:WR/X:;QH9/Ih@ed*db/AX;)5GWQ6T/zZl.%F3%9D%B8%9E!0/i/a\",\n      \"info\": \"hgw5M\",\n      \"isSelectable\": true\n    }\n  },\n  {\n    \"title\": \"block sample 3\",\n    \"value\": {\n      \"name\": \"fgwN-CjjC$\",\n      \"ay\": 2025,\n      \"assign\": [\n        \"pheF']C\"\n      ],\n      \"match\": \"YI6303U\",\n      \"satisfy\": {\n        \"or\": [\n          {\n            \"and\": [\n              \"V\",\n              \"\",\n              \"^@yS-=gb\"\n            ]\n          },\n          {\n            \"or\": [\n              {\n                \"mc\": \">=101\"\n              },\n              \"E^=$=\"\n            ]\n          }\n        ]\n      },\n      \"url\": \"https://hhsifcq8-9j9ppg0g5ooci7w7cvell3nnwwil1paw1-w94.a7fv7.d3.f1vum3r3bn3gcamih9ky54tgoao32rsiv47utl2jwn8.qdcdgutvo\",\n      \"info\": \"f)\",\n      \"isSelectable\": true,\n      \",\": {\n        \"ay\": 1974,\n        \"assign\": \"nM}nG`\",\n        \"match\": {\n          \"pattern\": \"THL*5x\",\n          \"exclude\": \"QOG4703\",\n          \"info\": \":3qFOg\"\n        },\n        \"satisfy\": [\n          {\n            \"and\": [\n              \"\"\n            ]\n          },\n          {\n            \"and\": []\n          },\n          \"{QW\"\n        ],\n        \"url\": \"https://xzpy33csf11l.s.lel0mm2s4d0asumsxw7z6aaa8n5x0x0meo-rm9znk2njmjqvo3cs.h-497zljc07r8ogi6gbuzv-381uyb-9-tfru1u11w-s.lhlfw89vdms4jp7jbugkq9.kvmupo/:a%F2%BB%A8%BFg!%F1%94%8A%B6H/Z,%F0%B2%B2%82~.WJ/v=mq7h_E5n/sS-%F3%88%B9%8C\",\n        \"info\": \"t~WuZ\",\n        \"isSelectable\": true,\n        \"?\": {\n          \"name\": \"%{jIS;P7\",\n          \"ay\": 1982,\n          \"assign\": \"v\",\n          \"match\": {\n            \"and\": []\n          },\n          \"satisfy\": {\n            \"mc\": \">=48\"\n          },\n          \"url\": \"http://0.ivehki0ox-tu023m-bvpxo56m126y38bcnyqw0goahpn3.e3uv6dyfn4wtgqt8x85cgdq7rhewvf3kd6bf-0p1bpnawb1.fquukxpvqp/WlzACDVZ/!~/qv/IIjCq:&GZ%F0%97%BC%9B\",\n          \"info\": \"`1z/\",\n          \"isSelectable\": true\n        }\n      },\n      \"FF1qUWMM^w\": {\n        \"name\": \"\",\n        \"ay\": 1969,\n        \"assign\": [\n          \"]/01\\\\ Aw\\\"0\",\n          \"VxU>\",\n          \"zD\",\n          \"M\",\n          \"\"\n        ],\n        \"match\": \"YH3Q\",\n        \"satisfy\": [\n          {\n            \"mc\": \"<=59\"\n          },\n          \"X=$p*A~Q{ \"\n        ],\n        \"url\": \"http://noxt8ct1gbo-bbkv1-ndeis-st7-ccg54cy-w9xw4-0xb1.2eg5k5eyjsfxjffhot9pyya.l.l0ngujpfk7l5-7mu1i.obwes/f%E6%88%A7%F0%B5%98%85b%F4%89%B6%AA4afkk/UXm/w,0+m(s/RtY=D/vo/!F*d3Ds%F1%B1%95%B6@%F1%AD%86%AE/MPV:ll=O\",\n        \"info\": \"Jag:a6Qe)T\",\n        \"isSelectable\": true,\n        \"yP9f4\": {\n          \"name\": \"9-\",\n          \"assign\": [\n            \"1eps\\\"F\",\n            \"+!H:\",\n            \"{=gm@'x&\"\n          ],\n          \"match\": [\n            {\n              \"and\": []\n            },\n            {\n              \"or\": []\n            },\n            {\n              \"and\": [\n                \"JG45**\",\n                \"YN468F\",\n                \"FHG36L\",\n                {\n                  \"or\": [\n                    {\n                      \"pattern\": \"ZLO6*P\",\n                      \"info\": \"]3cY[=\"\n                    },\n                    {\n                      \"and\": [\n                        \"TYZ4453N\"\n                      ]\n                    }\n                  ]\n                }\n              ]\n            }\n          ],\n          \"satisfy\": {\n            \"mc\": \">=171\"\n          },\n          \"url\": \"http://v0wmzb41szv-z4jvmnzyba2i4a6am0-tiuw-im5lbj23tvh.bn23buxk8g5oakplknitxenoqvewfycjxv7asckqq47zf7rmgb.j.xq//B%F0%B6%96%94okbnww/o%F0%94%9F%BFpf4%F1%81%8D%BB5/x(px_69'3/&N;q9T/%F0%AD%A2%8CM2Z7$T\",\n          \"isSelectable\": true,\n          \"}c?\": {\n            \"name\": \"SO'dF&s^a0\",\n            \"ay\": 1958,\n            \"satisfy\": [\n              {\n                \"or\": [\n                  \"X<I\",\n                  {\n                    \"or\": [\n                      {\n                        \"or\": [\n                          {\n                            \"and\": [\n                              {\n                                \"mc\": \">=116\"\n                              },\n                              {\n                                \"or\": [\n                                  \"u'Q5\",\n                                  {\n                                    \"and\": [\n                                      \"aF><;\",\n                                      {\n                                        \"mc\": \"<=160\"\n                                      },\n                                      \"GTc*3G50H!\",\n                                      \"zR%voPSc Y\",\n                                      \"\"\n                                    ]\n                                  }\n                                ]\n                              }\n                            ]\n                          }\n                        ]\n                      },\n                      \"V)\",\n                      \"{Ki^wJva_\",\n                      {\n                        \"mc\": \"<=198\"\n                      }\n                    ]\n                  },\n                  {\n                    \"or\": []\n                  },\n                  {\n                    \"mc\": \"<=160\"\n                  },\n                  {\n                    \"and\": []\n                  }\n                ]\n              },\n              {\n                \"mc\": \"<=121\"\n              },\n              {\n                \"or\": [\n                  {\n                    \"or\": [\n                      {\n                        \"and\": []\n                      },\n                      {\n                        \"and\": []\n                      },\n                      \"VR5gGfK3.3\",\n                      {\n                        \"and\": [\n                          \"2L-Zn\",\n                          {\n                            \"or\": []\n                          },\n                          \"zoC?w\",\n                          {\n                            \"and\": []\n                          },\n                          {\n                            \"mc\": \"<=82\"\n                          }\n                        ]\n                      },\n                      \"O\"\n                    ]\n                  }\n                ]\n              }\n            ],\n            \"url\": \"http://4hhpzjdbcsapf8a087y91lgel-4u9zch138ekfqczz55rfg.bgh1up9yubpkpkw73m6sfv0unf.gaoxvivapbipo7-h1vis5.el/B%F1%94%AC%84pP%F2%AA%82%9Cvz/p-9/rUV$-/+HY0A5(\",\n            \"isSelectable\": true,\n            \" +2uF?\": {\n              \"name\": \"lb\",\n              \"ay\": 2025,\n              \"assign\": \"3R}:U\",\n              \"match\": {\n                \"or\": [\n                  {\n                    \"pattern\": \"ZE44*\",\n                    \"exclude\": [\n                      \"MWS255\",\n                      \"UA3x8C\",\n                      \"OWHx3T\"\n                    ]\n                  },\n                  \"NOY312\",\n                  {\n                    \"and\": [\n                      \"APR0\"\n                    ]\n                  }\n                ]\n              },\n              \"satisfy\": [\n                \"P8?m>K|:\",\n                \"kzM4 O%lx\"\n              ],\n              \"url\": \"https://miaz35xfoe4n53lzu104t0322fgqsi7cdy69-2g603la2bh4wxoru.xldac/mDO%F1%A9%9A%84//v'*UL/mx%F2%AD%BD%B1%F2%BA%9C%A3fXD/3MW8a/+jg8j-b;TO/1Ei%F1%88%A0%80:m/%F1%99%93%A0W/m\"\n            },\n            \"\": {\n              \"name\": \"\",\n              \"assign\": [\n                \"]\"\n              ],\n              \"match\": [\n                {\n                  \"and\": [\n                    {\n                      \"or\": [\n                        {\n                          \"or\": [\n                            \"UJI6G\"\n                          ]\n                        },\n                        {\n                          \"pattern\": \"VBU298\",\n                          \"exclude\": \"BS664N\",\n                          \"info\": \"(9@l\"\n                        },\n                        \"XZS4*76\",\n                        {\n                          \"pattern\": \"ISK594Q\",\n                          \"exclude\": [\n                            \"KNM56xx\",\n                            \"SR0\",\n                            \"LG38\"\n                          ],\n                          \"info\": \"5OGF\"\n                        }\n                      ]\n                    },\n                    {\n                      \"and\": [\n                        \"BP1W\",\n                        {\n                          \"or\": [\n                            {\n                              \"and\": [\n                                \"NL71*\",\n                                \"YAE19V\",\n                                {\n                                  \"and\": [\n                                    \"TWFx820A\",\n                                    \"LOB50C\",\n                                    \"MD9M\",\n                                    \"ICI8956\"\n                                  ]\n                                },\n                                \"KUK76\",\n                                {\n                                  \"or\": [\n                                    \"ZVVx\",\n                                    {\n                                      \"and\": []\n                                    },\n                                    \"GB355\",\n                                    \"ABx59\"\n                                  ]\n                                }\n                              ]\n                            },\n                            \"KEN50\",\n                            \"NE3X\",\n                            \"AY3C\"\n                          ]\n                        },\n                        \"GGJ2J\",\n                        {\n                          \"or\": [\n                            \"GCF5G\",\n                            {\n                              \"and\": []\n                            },\n                            {\n                              \"pattern\": \"LRT229\",\n                              \"exclude\": \"VGB*\",\n                              \"info\": \"\"\n                            },\n                            \"XC3xI\",\n                            \"DWR6x\"\n                          ]\n                        },\n                        {\n                          \"pattern\": \"SSI315Q\",\n                          \"exclude\": [\n                            \"CB9**\",\n                            \"QN42x9O\",\n                            \"TFE082\"\n                          ],\n                          \"info\": \"Z/iMwK_?>\"\n                        }\n                      ]\n                    },\n                    {\n                      \"and\": [\n                        \"NP6x2x\",\n                        {\n                          \"and\": [\n                            {\n                              \"pattern\": \"BZ64R\",\n                              \"exclude\": \"YQU06B\"\n                            },\n                            \"JC294\",\n                            {\n                              \"or\": [\n                                \"YU9\",\n                                \"CUY4Z\",\n                                \"JQE5x2X\",\n                                {\n                                  \"or\": [\n                                    \"IS*x11E\",\n                                    {\n                                      \"and\": [\n                                        \"LYA81X\"\n                                      ]\n                                    }\n                                  ]\n                                },\n                                \"JWN*00*V\"\n                              ]\n                            },\n                            \"CAZ489D\"\n                          ]\n                        },\n                        {\n                          \"pattern\": \"UW0\",\n                          \"exclude\": \"KA5\",\n                          \"info\": \"tSgN%\"\n                        },\n                        \"ZTIx985\"\n                      ]\n                    }\n                  ]\n                }\n              ],\n              \"satisfy\": {\n                \"or\": [\n                  {\n                    \"mc\": \"<=154\"\n                  },\n                  {\n                    \"or\": [\n                      {\n                        \"or\": [\n                          \"#(2\",\n                          {\n                            \"mc\": \">=47\"\n                          },\n                          \"&J\",\n                          {\n                            \"or\": [\n                              \",i!}?F\\\\9;\",\n                              {\n                                \"mc\": \"<=174\"\n                              },\n                              \"YD>N:lnB+k\",\n                              \"Zk$*Qo\"\n                            ]\n                          }\n                        ]\n                      },\n                      \"1cKql@\"\n                    ]\n                  },\n                  \"6`=R]\"\n                ]\n              },\n              \"url\": \"http://k70r-s36u3r360ji92h58qzh.rmd-svh1bepyf88tuirem6uh8v261s0bxs34mqijpw-mu-xur.jteqfgmkek/;b/1f~J/W%F2%8A%A5%8A/=/cbW1z-\",\n              \"info\": \"\",\n              \"isSelectable\": true\n            },\n            \"yo:AUb'%C\": {\n              \"name\": \"h+\",\n              \"ay\": 1982,\n              \"assign\": \"=\",\n              \"match\": [\n                {\n                  \"pattern\": \"WJ0\",\n                  \"exclude\": [\n                    \"VK8*V\",\n                    \"CEW*7\"\n                  ],\n                  \"info\": \"g!\\\"#XY\"\n                },\n                \"CWx2*4L\",\n                {\n                  \"pattern\": \"SS545\",\n                  \"exclude\": [],\n                  \"info\": \"J)AQi4_\"\n                },\n                {\n                  \"pattern\": \"TCE81\",\n                  \"exclude\": [\n                    \"WYxJ\"\n                  ],\n                  \"info\": \"J)+TT\"\n                },\n                {\n                  \"or\": [\n                    {\n                      \"pattern\": \"OR*9x7\",\n                      \"exclude\": \"PPx79\",\n                      \"info\": \"c$)gv\"\n                    },\n                    {\n                      \"pattern\": \"QD70\",\n                      \"info\": \"%\\\"*\"\n                    }\n                  ]\n                }\n              ],\n              \"url\": \"http://e04lexmxz-ftos81shr1v9n1u3evyfic.gsuuza\",\n              \"info\": \"\",\n              \"isSelectable\": true\n            }\n          },\n          \"oL5]oE\\\"b\": {\n            \"ay\": 1965,\n            \"assign\": \"Z&$\\\\_x^:m\",\n            \"satisfy\": {\n              \"mc\": \"<=150\"\n            },\n            \"url\": \"https://i2ioa-blva8vkth.mueirspw/e/&F6VAACJn/0DU5/T_EIY0-Y/y.%F2%87%A7%AFE!//B~cY_tx*/p=l:G=Z/%F3%9C%83%A9\",\n            \"info\": \"0$&VK=\",\n            \"isSelectable\": true\n          }\n        }\n      },\n      \"oK\": {\n        \"name\": \"\\\"\",\n        \"ay\": 2026,\n        \"assign\": [\n          \"~\\\\y-N@\",\n          \"Un7JWn\",\n          \"\"\n        ],\n        \"match\": [\n          {\n            \"and\": [\n              \"DX5637J\",\n              {\n                \"or\": [\n                  {\n                    \"or\": [\n                      {\n                        \"and\": [\n                          \"ETQ2\",\n                          \"GQV5E\",\n                          {\n                            \"or\": []\n                          },\n                          \"CTU*4Q\"\n                        ]\n                      },\n                      \"VU5Z\"\n                    ]\n                  },\n                  {\n                    \"pattern\": \"AZM07U\",\n                    \"exclude\": [\n                      \"MUC69x\",\n                      \"KO613U\"\n                    ],\n                    \"info\": \"X\"\n                  },\n                  \"ILT0x0\"\n                ]\n              },\n              {\n                \"or\": [\n                  \"EMH110T\",\n                  \"TWH81S\"\n                ]\n              },\n              {\n                \"or\": [\n                  {\n                    \"pattern\": \"OOA40E\",\n                    \"exclude\": \"BV057Z\",\n                    \"info\": \"a8\\\"u!F5R$!\"\n                  },\n                  \"TJI42\",\n                  {\n                    \"or\": [\n                      \"THF75J\",\n                      {\n                        \"and\": [\n                          \"MR5\",\n                          \"BL18N\"\n                        ]\n                      }\n                    ]\n                  },\n                  {\n                    \"pattern\": \"FBQ0*A\",\n                    \"exclude\": \"LIX61*\",\n                    \"info\": \".$\"\n                  }\n                ]\n              }\n            ]\n          }\n        ],\n        \"satisfy\": {\n          \"mc\": \">=169\"\n        },\n        \"url\": \"http://h.nxr/*/MbBP\",\n        \"info\": \"1-0+\",\n        \"isSelectable\": true\n      }\n    }\n  },\n  {\n    \"title\": \"block sample 4\",\n    \"value\": {\n      \"assign\": \"\",\n      \"match\": [\n        {\n          \"or\": [\n            \"IEV0V\",\n            \"FZG*65\",\n            {\n              \"and\": [\n                {\n                  \"or\": []\n                },\n                {\n                  \"pattern\": \"KX530R\",\n                  \"exclude\": \"WK12\",\n                  \"info\": \" ]E46wA\"\n                },\n                {\n                  \"or\": [\n                    \"FH2M\",\n                    \"KN*9B\",\n                    \"BP62\"\n                  ]\n                },\n                {\n                  \"or\": [\n                    \"HS517\"\n                  ]\n                }\n              ]\n            },\n            \"CVQ257E\"\n          ]\n        },\n        {\n          \"pattern\": \"ODR62\",\n          \"exclude\": [\n            \"LD8T\"\n          ],\n          \"info\": \" .69|m GNk\"\n        },\n        {\n          \"and\": [\n            {\n              \"and\": [\n                \"KXW*60V\",\n                \"UYV450Z\",\n                {\n                  \"or\": []\n                },\n                \"MSx4*\"\n              ]\n            },\n            {\n              \"pattern\": \"IT62*3\",\n              \"exclude\": [\n                \"ZJ762\",\n                \"VL2*01F\",\n                \"TKI248x\"\n              ],\n              \"info\": \"#R{2+F4Z\"\n            }\n          ]\n        }\n      ],\n      \"satisfy\": \"&\",\n      \"url\": \"http://67aavfcfbe1c8a9.udye/E)%F2%A1%B2%AF'l1JXY3//DS9Yj/R%F3%B4%A5%8FR/c/kKD!$k%F3%B7%88%8DQ/:8AsPUiHa\",\n      \"info\": \"q<G+E\",\n      \"isSelectable\": true,\n      \"q %!\": {\n        \"name\": \"H71[wjw$3\",\n        \"ay\": 1953,\n        \"assign\": \"%iJ#k^\",\n        \"match\": {\n          \"and\": [\n            {\n              \"and\": []\n            },\n            {\n              \"and\": [\n                \"QX3x\",\n                {\n                  \"or\": [\n                    {\n                      \"or\": [\n                        \"OT**M\",\n                        \"YQL71*7\",\n                        \"VR17U\"\n                      ]\n                    },\n                    \"MRB6\",\n                    \"SV60X\"\n                  ]\n                },\n                {\n                  \"or\": [\n                    {\n                      \"and\": [\n                        \"FA189xM\",\n                        \"YWX721Z\",\n                        {\n                          \"or\": [\n                            {\n                              \"pattern\": \"BPTx2*\",\n                              \"exclude\": \"UXX5189M\"\n                            },\n                            {\n                              \"and\": [\n                                \"CN1881\",\n                                \"AC43Y\",\n                                \"UIL9793F\",\n                                \"OM5*62W\"\n                              ]\n                            },\n                            \"IYE284\"\n                          ]\n                        }\n                      ]\n                    }\n                  ]\n                }\n              ]\n            },\n            {\n              \"and\": []\n            }\n          ]\n        },\n        \"satisfy\": {\n          \"mc\": \"<=128\"\n        },\n        \"url\": \"https://1isfl6vbpdltr6-c32w2p-2m99viv1490t1efvyljrm0znwgudkcni.tut/\",\n        \"isSelectable\": true\n      }\n    }\n  },\n  {\n    \"title\": \"block sample 5\",\n    \"value\": {\n      \"name\": \"_\",\n      \"ay\": 1950,\n      \"match\": {\n        \"and\": []\n      },\n      \"satisfy\": \"$x\",\n      \"info\": \" \",\n      \"isSelectable\": true\n    }\n  },\n  {\n    \"title\": \"block sample 6\",\n    \"value\": {\n      \"name\": \"\",\n      \"ay\": 2028,\n      \"assign\": [\n        \"0x;<c#Gx2F\"\n      ],\n      \"match\": {\n        \"or\": []\n      },\n      \"satisfy\": [],\n      \"url\": \"http://s45fuwe52-lnm7poal7ggcy4kokrh3aple7pc8fxolwezhrv6.ngyx.eua5tbcmdapqbswz-muxwukuq-z4yhld-i5j1z.rivn//f/_bc%F4%8F%BF%B7/Ey//OF*F3_h~C/NM/eS%F2%91%AD%BBd%F2%96%AC%A8LbcX%F1%B3%A3%80\",\n      \"info\": \"~\"\n    }\n  },\n  {\n    \"title\": \"block sample 7\",\n    \"value\": {\n      \"name\": \"^,$~Z@u8*\",\n      \"assign\": \"2AWfL@x\",\n      \"match\": {\n        \"and\": [\n          {\n            \"pattern\": \"MZ3655\",\n            \"exclude\": []\n          },\n          {\n            \"pattern\": \"TVX6*\",\n            \"exclude\": [\n              \"CN9\"\n            ]\n          },\n          \"IDZ5\",\n          {\n            \"or\": [\n              {\n                \"and\": [\n                  {\n                    \"pattern\": \"LQ5x\",\n                    \"info\": \"\"\n                  },\n                  \"GHF1*R\",\n                  \"TI864L\"\n                ]\n              },\n              {\n                \"pattern\": \"RA221xS\",\n                \"info\": \"G(S\"\n              },\n              \"DSV186J\",\n              \"AK6001V\"\n            ]\n          }\n        ]\n      },\n      \"satisfy\": [],\n      \"url\": \"http://cfsc.4n0k6qwlph4iy7t7kg1s73227.9a.rckal/t2fa3_T\",\n      \"info\": \"~\"\n    }\n  },\n  {\n    \"title\": \"block sample 8\",\n    \"value\": {\n      \"assign\": \"XXu6xw,th9\",\n      \"match\": {\n        \"pattern\": \"TH08\",\n        \"exclude\": [\n          \"XO9646\"\n        ],\n        \"info\": \"Z68\"\n      },\n      \"url\": \"https://ywhblsw18o6ayo2da9g-icih8cln420vt1ttbafi32ac0esjid5.mwrea84evvoj14ed073fcbz04ury6mspzbohegl0to23wc4cuymwxa-erpn6e8.ofvoo3abimc-jsyf-7oei25lnkju93pcfrkvhxm29l0y-yw87ngvy-41o.awebo/\",\n      \"info\": \"1|x\",\n      \"isSelectable\": true,\n      \"3wOKcr7j\\\\\": {\n        \"name\": \"\",\n        \"ay\": 1998,\n        \"assign\": [],\n        \"isSelectable\": true,\n        \"q.k2\\\\\": {\n          \"name\": \"+^)DZ\",\n          \"ay\": 1998,\n          \"assign\": \"A5IgBAk\",\n          \"satisfy\": {\n            \"mc\": \"<=157\"\n          },\n          \"info\": \"a,&|8V~\",\n          \"isSelectable\": true,\n          \"$Bg>E\": {\n            \"name\": \"3IS&%h9UIZ\",\n            \"ay\": 1976,\n            \"assign\": \"W\\\"11\",\n            \"satisfy\": \"Fv;p\",\n            \"url\": \"https://iulds52buf502hccd4unf770jphqjq.isle/!/1eunY(//SgQj/z/ln%F1%A3%93%962/,VO&IsX\"\n          },\n          \"9K98y/^D\": {\n            \"name\": \"h\\\\arpK\",\n            \"assign\": [],\n            \"match\": [\n              {\n                \"and\": [\n                  \"SKR6x52K\"\n                ]\n              },\n              {\n                \"or\": []\n              },\n              {\n                \"and\": [\n                  {\n                    \"or\": [\n                      \"XXQ6xH\",\n                      {\n                        \"pattern\": \"LSRxxx\",\n                        \"exclude\": [\n                          \"RA4L\"\n                        ],\n                        \"info\": \"4O}6(<P?\"\n                      },\n                      \"VMN7544T\",\n                      \"OAP7I\"\n                    ]\n                  },\n                  {\n                    \"pattern\": \"KY7x5\",\n                    \"info\": \"HH\"\n                  }\n                ]\n              },\n              {\n                \"or\": [\n                  {\n                    \"or\": [\n                      {\n                        \"and\": [\n                          \"MGBx8\"\n                        ]\n                      },\n                      \"FS5A\"\n                    ]\n                  },\n                  {\n                    \"pattern\": \"BJ1*2\",\n                    \"exclude\": [\n                      \"UEx7Q\",\n                      \"PA6P\"\n                    ],\n                    \"info\": \"h)'S fJC\"\n                  }\n                ]\n              }\n            ],\n            \"satisfy\": {\n              \"and\": [\n                {\n                  \"mc\": \"<=57\"\n                },\n                {\n                  \"or\": []\n                }\n              ]\n            },\n            \"url\": \"https://zje3csa8xp16gw0hwj3di9ljl082gwzlilxhijpk267-qyvan6m6aviaa64c9.o3ki-2jq4vyotqg-ywci1fn-inq.lmgyr/qb,PnmWYS/RzH%F2%98%AD%AEhOf/!/gQ./6Q@/Td*\",\n            \"isSelectable\": true\n          },\n          \"jVVOS\\\"HQ\\\\\": {\n            \"name\": \"ONS6p$Xg/\",\n            \"ay\": 1956,\n            \"assign\": \"24QmCZm>5\",\n            \"match\": [],\n            \"satisfy\": {\n              \"or\": [\n                {\n                  \"mc\": \">=180\"\n                },\n                {\n                  \"or\": [\n                    \"Zqu\",\n                    \"/LR,S=|C\",\n                    {\n                      \"mc\": \">=34\"\n                    },\n                    {\n                      \"and\": [\n                        \"b/\\\"F4=zs\",\n                        \"rf\\\"l}*0\",\n                        \"@|l;Wb2eAW\",\n                        \"{o@0\",\n                        \"m%xxHi/b`}\"\n                      ]\n                    },\n                    \",\"\n                  ]\n                }\n              ]\n            },\n            \"url\": \"http://s.m.mprcdgu5gbbak0knai8fw7y52blt7ieitolszthubh6u.cwm59580gdbszkgeebx8z47uolxm2c2leog5pdbo4mygal6746c-xcarv1j1v.kuur/;(w%F1%A8%88%ABsb/H0%F1%84%B6%BFp7X1/(6DIG/$AG-&%F0%9E%BA%A8@U16/9wZxY\",\n            \"info\": \"t\",\n            \"isSelectable\": true\n          },\n          \"[xj\": {\n            \"name\": \"\",\n            \"assign\": [\n              \"ob_S:;G:1\",\n              \"\",\n              \"s\",\n              \"\"\n            ],\n            \"match\": {\n              \"or\": [\n                {\n                  \"pattern\": \"WIN21\"\n                },\n                {\n                  \"and\": []\n                },\n                \"KR56\",\n                {\n                  \"or\": [\n                    \"NCx01*\",\n                    \"RM70E\",\n                    {\n                      \"or\": [\n                        \"SPI60\",\n                        \"TEX80Q\",\n                        \"LLx294\",\n                        \"ON396\",\n                        {\n                          \"or\": [\n                            {\n                              \"and\": [\n                                \"OY46xN\",\n                                \"PQ2476G\",\n                                {\n                                  \"and\": []\n                                },\n                                \"HS866\",\n                                \"KB722X\"\n                              ]\n                            },\n                            \"RIO86O\"\n                          ]\n                        }\n                      ]\n                    },\n                    \"DRQ938\"\n                  ]\n                },\n                {\n                  \"and\": [\n                    {\n                      \"and\": [\n                        \"ZBRx10*T\",\n                        {\n                          \"and\": [\n                            {\n                              \"or\": []\n                            },\n                            \"OT6J\",\n                            \"ZNK0C\",\n                            \"GQ**94D\"\n                          ]\n                        },\n                        \"XM66*9J\"\n                      ]\n                    },\n                    {\n                      \"and\": [\n                        \"IV39*4K\",\n                        \"OJSx1\",\n                        \"KPE703\",\n                        \"UFY5379A\"\n                      ]\n                    }\n                  ]\n                }\n              ]\n            },\n            \"satisfy\": [\n              {\n                \"and\": [\n                  {\n                    \"mc\": \"<=198\"\n                  }\n                ]\n              },\n              {\n                \"and\": [\n                  {\n                    \"mc\": \"<=101\"\n                  },\n                  {\n                    \"mc\": \">=76\"\n                  },\n                  {\n                    \"mc\": \"<=109\"\n                  },\n                  {\n                    \"or\": [\n                      {\n                        \"or\": [\n                          \"\\\\`\",\n                          {\n                            \"or\": [\n                              \"|`DFBboAN#\",\n                              {\n                                \"and\": []\n                              },\n                              \"33Y5u=&v+\",\n                              \"\"\n                            ]\n                          }\n                        ]\n                      },\n                      {\n                        \"mc\": \">=165\"\n                      }\n                    ]\n                  },\n                  {\n                    \"and\": []\n                  }\n                ]\n              }\n            ]\n          },\n          \"90,gE'G,\": {\n            \"name\": \"{O\\\"&\",\n            \"assign\": \"*hL8M6\",\n            \"match\": [\n              {\n                \"pattern\": \"JTCx39R\",\n                \"exclude\": \"ZHK5L\",\n                \"info\": \"!,f\"\n              }\n            ],\n            \"satisfy\": \"dm~/|n@Bde\",\n            \"url\": \"http://lzi4do3k-udgb4emzk7tl8vveh5l31nwonkgeb55ezeck4wc7a.pphapsdb00ps8j8rzopm6qbvlgwvp77hoesanuqv6jx5h2.o4w5moqi2bt9ra45-m2n8cnzf5.qkjfgm\",\n            \"info\": \":rOt2ZhX\",\n            \"isSelectable\": true\n          }\n        },\n        \"G(j;mRp9\": {\n          \"name\": \"Xg#y\",\n          \"ay\": 1990,\n          \"assign\": [],\n          \"satisfy\": {\n            \"mc\": \"<=158\"\n          },\n          \"url\": \"https://dzblp7l3neeepvdphxrj3.hgfmij/xG4t38u/~Gr%F3%87%A4%9D%F3%A8%B9%A1/peA/LxV/3b%F2%86%8E%A4!PO-/E!;h/2u90T9X/*u.HJ/dP4j%E7%9A%9DXfz/Q\",\n          \"info\": \"j,Qvl|~b\",\n          \"isSelectable\": true\n        }\n      },\n      \"TC_5Bf\": {\n        \"ay\": 1959,\n        \"assign\": [\n          \"t\",\n          \"[fLRH@+\"\n        ],\n        \"satisfy\": [\n          {\n            \"or\": [\n              {\n                \"mc\": \">=15\"\n              },\n              \"GE-pek%\\\"q\",\n              {\n                \"and\": [\n                  \"w+k33\",\n                  {\n                    \"and\": [\n                      \"#<l0rBjg\",\n                      \"mO;5wNxA\",\n                      \"nT\",\n                      \"=&gd\"\n                    ]\n                  }\n                ]\n              },\n              {\n                \"mc\": \"<=76\"\n              },\n              \"r\"\n            ]\n          }\n        ],\n        \"url\": \"https://jyc.le5g-l.x.o1p2pl7mxo8a38tqjz9d9j7qzcxdp55f0bui.19v47qx2x9pcy.jh\",\n        \"info\": \"aXX>:JLrC\",\n        \"isSelectable\": true,\n        \" ]o%@>\": {\n          \"name\": \"\",\n          \"ay\": 2017,\n          \"assign\": \"\",\n          \"match\": [\n            {\n              \"or\": [\n                {\n                  \"and\": [\n                    {\n                      \"pattern\": \"FE5C\",\n                      \"exclude\": \"ZVJ3715M\"\n                    },\n                    {\n                      \"pattern\": \"DVA8912P\",\n                      \"exclude\": [\n                        \"OKM192\"\n                      ],\n                      \"info\": \" tjWz\"\n                    }\n                  ]\n                },\n                {\n                  \"pattern\": \"CD5\",\n                  \"exclude\": \"RYL5\",\n                  \"info\": \"F{<1S5aMQ\"\n                },\n                {\n                  \"and\": [\n                    {\n                      \"and\": [\n                        \"HA1700\"\n                      ]\n                    },\n                    \"VED*3A\"\n                  ]\n                },\n                \"RU1N\"\n              ]\n            },\n            {\n              \"and\": [\n                {\n                  \"pattern\": \"MLH14*\",\n                  \"exclude\": \"VJU*G\",\n                  \"info\": \"uI\"\n                },\n                {\n                  \"and\": [\n                    \"ES7023E\",\n                    \"UPXx\"\n                  ]\n                },\n                \"EU48\",\n                \"MNx37Y\",\n                {\n                  \"and\": [\n                    {\n                      \"and\": [\n                        \"EZE4764E\"\n                      ]\n                    },\n                    \"FB05*\"\n                  ]\n                }\n              ]\n            },\n            {\n              \"and\": [\n                {\n                  \"pattern\": \"IIO7\",\n                  \"info\": \"7-s0KrI>p}\"\n                }\n              ]\n            }\n          ],\n          \"satisfy\": [],\n          \"url\": \"http://1zun0ihdpx4azmgnos7f9rykoxuamh1jdxddp4h.u020ey01.0x1aesstcqgcyglyxxf313hyea3qg1lnj-nwhjm21l85lbi2rwc9x.6.pk//jV\",\n          \"info\": \"X*$6y{)>*J\",\n          \"b:!,?<cna1\": {\n            \"name\": \"NEX\\\\\",\n            \"ay\": 2008,\n            \"assign\": \"J&[V*x= -=\",\n            \"match\": [],\n            \"satisfy\": {\n              \"or\": [\n                {\n                  \"and\": [\n                    \"j41E\",\n                    \"K\",\n                    {\n                      \"and\": [\n                        \"4\",\n                        \"O3C?j\",\n                        \"G\"\n                      ]\n                    },\n                    {\n                      \"and\": [\n                        \"rS#^n\\\"*T\",\n                        {\n                          \"or\": [\n                            \"yPIL`H!}\"\n                          ]\n                        }\n                      ]\n                    }\n                  ]\n                },\n                {\n                  \"mc\": \"<=188\"\n                },\n                {\n                  \"or\": [\n                    {\n                      \"mc\": \"<=40\"\n                    },\n                    {\n                      \"or\": [\n                        \"RVHg|}mRM\",\n                        {\n                          \"mc\": \">=166\"\n                        }\n                      ]\n                    },\n                    \"\",\n                    {\n                      \"mc\": \"<=114\"\n                    },\n                    {\n                      \"mc\": \">=171\"\n                    }\n                  ]\n                }\n              ]\n            },\n            \"url\": \"https://o5na7nw4n8ew.wilqgujzw/O-CmAJM/+/\",\n            \"info\": \"wNck\"\n          },\n          \"sK8|dU\": {\n            \"name\": \"onq2hbk3\",\n            \"ay\": 2026,\n            \"satisfy\": {\n              \"and\": [\n                {\n                  \"and\": [\n                    {\n                      \"and\": [\n                        \"0{I\",\n                        {\n                          \"and\": [\n                            \"{dS.2\"\n                          ]\n                        },\n                        \",sM%And\",\n                        \"*weP\",\n                        {\n                          \"and\": [\n                            {\n                              \"mc\": \">=105\"\n                            },\n                            \"e)'^g>?\",\n                            \"BG>'\",\n                            \"f\"\n                          ]\n                        }\n                      ]\n                    }\n                  ]\n                }\n              ]\n            },\n            \"url\": \"http://axqfg3svce0.oz.kcwi/b%F1%BE%A6%86AK/!1I/X%F1%83%BC%A6~C&kO'%F3%A1%90%BF/hD!Y'/T4k+aSs0%F3%B0%89%BA//i/*6%F0%A4%BF%86qsbG\",\n            \"info\": \"B5'0Kl!\",\n            \"isSelectable\": true\n          },\n          \"@T2D^2\": {\n            \"name\": \"+Rd8_F=mv[\",\n            \"ay\": 2016,\n            \"assign\": [],\n            \"satisfy\": {\n              \"or\": [\n                {\n                  \"and\": [\n                    {\n                      \"and\": [\n                        {\n                          \"or\": [\n                            \"&F:<X+U6\",\n                            \"(&Z[g!\"\n                          ]\n                        },\n                        \"`u;\"\n                      ]\n                    },\n                    {\n                      \"and\": [\n                        \"$eNiBSE0B\",\n                        \"V??\",\n                        \"]r\",\n                        \"x5A54L\"\n                      ]\n                    },\n                    \"$FR6?U@\"\n                  ]\n                },\n                {\n                  \"or\": [\n                    {\n                      \"mc\": \">=188\"\n                    }\n                  ]\n                },\n                {\n                  \"or\": [\n                    {\n                      \"mc\": \"<=9\"\n                    },\n                    \"'[zgRE4z8]\"\n                  ]\n                },\n                {\n                  \"mc\": \">=125\"\n                }\n              ]\n            },\n            \"url\": \"https://3puau9ov878pf.ehacs88o11gwbbnomu.51jg.jbistqdzq/zt:%F2%9C%B9%BC//%F1%88%9F%ACN(/1sI%F4%80%A9%9FS9%F2%99%BA%B3\",\n            \"info\": \".!-ES%_\\\\I\",\n            \"isSelectable\": true\n          }\n        },\n        \"q\\\\\": {\n          \"name\": \",fc\",\n          \"ay\": 1979,\n          \"assign\": \"HX\",\n          \"satisfy\": {\n            \"and\": [\n              {\n                \"mc\": \"<=93\"\n              },\n              {\n                \"or\": [\n                  \"z`QqU\",\n                  {\n                    \"and\": [\n                      {\n                        \"or\": [\n                          \"?\",\n                          \"s ndg9tI\",\n                          {\n                            \"or\": [\n                              \".Z^E}\"\n                            ]\n                          },\n                          \"0hi3,R\",\n                          \"6.W|u4[\"\n                        ]\n                      },\n                      {\n                        \"or\": []\n                      },\n                      \"O\\\"Cf\"\n                    ]\n                  }\n                ]\n              },\n              {\n                \"mc\": \"<=170\"\n              },\n              \"hZ{fa(4)\",\n              \"\"\n            ]\n          },\n          \"url\": \"https://hpcld1dxxc4bcprjnkvzjouv9nx7hhnri2w8asgk-y6-erpe1akweda9xe9.qgitazgsjp\",\n          \"isSelectable\": true\n        },\n        \"Rp_kD3tM6C\": {\n          \"name\": \"/R.}ler\\\"%v\",\n          \"ay\": 2013,\n          \"assign\": \"Z#B!J  +5\",\n          \"match\": [\n            {\n              \"or\": [\n                {\n                  \"pattern\": \"RE120Z\",\n                  \"exclude\": \"XWQ*3\",\n                  \"info\": \"L$=9Tk\"\n                },\n                {\n                  \"pattern\": \"WQ719\",\n                  \"exclude\": \"EB585A\"\n                }\n              ]\n            }\n          ],\n          \"satisfy\": {\n            \"and\": [\n              {\n                \"or\": [\n                  \"0h>2Sa\",\n                  {\n                    \"or\": [\n                      {\n                        \"mc\": \"<=191\"\n                      },\n                      \"G(8|0=s .#\",\n                      \"vSQgB{c)%[\",\n                      \"gExX2\",\n                      {\n                        \"or\": [\n                          {\n                            \"and\": [\n                              \"[/)_8T-R\"\n                            ]\n                          },\n                          {\n                            \"and\": [\n                              \"3F\\\"OICG\",\n                              \"7U+J|zU$P\"\n                            ]\n                          },\n                          \"sL}KTH9\",\n                          \"0Es\",\n                          {\n                            \"and\": [\n                              \"ST\",\n                              \".bDPZMgH\"\n                            ]\n                          }\n                        ]\n                      }\n                    ]\n                  },\n                  \"\\\\g,\",\n                  \"0+ra\"\n                ]\n              },\n              \"\",\n              {\n                \"or\": [\n                  \"\",\n                  \"<>Un:Yi0\",\n                  \"&\",\n                  \"C\\\\U7UFmd\",\n                  \"2&3\"\n                ]\n              }\n            ]\n          },\n          \"info\": \"]H]f.ZM\",\n          \"isSelectable\": true\n        },\n        \"_-1\": {\n          \"name\": \"d:r=\",\n          \"assign\": \"|D]F\",\n          \"match\": [\n            {\n              \"and\": []\n            },\n            {\n              \"or\": [\n                {\n                  \"or\": [\n                    {\n                      \"pattern\": \"EGL92\",\n                      \"info\": \"<\"\n                    },\n                    {\n                      \"or\": [\n                        \"XY8\",\n                        \"DRL6*X\",\n                        \"ZYS744*G\",\n                        \"WRA578J\",\n                        \"ZG547\"\n                      ]\n                    },\n                    \"AU96\"\n                  ]\n                },\n                {\n                  \"and\": [\n                    \"NJH60*\",\n                    {\n                      \"or\": [\n                        \"MOM100S\"\n                      ]\n                    },\n                    {\n                      \"pattern\": \"QYX5\",\n                      \"exclude\": []\n                    },\n                    \"VL470\"\n                  ]\n                },\n                {\n                  \"or\": []\n                },\n                {\n                  \"pattern\": \"ON45B\",\n                  \"exclude\": [\n                    \"RMO22\",\n                    \"SRO06x4U\",\n                    \"YY9\"\n                  ],\n                  \"info\": \"6yexynxt\"\n                }\n              ]\n            }\n          ],\n          \"satisfy\": {\n            \"or\": [\n              \"B|XR\"\n            ]\n          },\n          \"info\": \"tI&pB`h\",\n          \"isSelectable\": true\n        }\n      },\n      \"*U\": {\n        \"name\": \"?H[\",\n        \"assign\": [],\n        \"match\": [\n          {\n            \"or\": [\n              {\n                \"pattern\": \"NEV5P\",\n                \"exclude\": [\n                  \"ZTT7N\",\n                  \"RGD*\",\n                  \"QMJ72S\",\n                  \"MPNxI\"\n                ],\n                \"info\": \"HUo(\"\n              },\n              {\n                \"or\": [\n                  {\n                    \"or\": [\n                      \"QT6008\",\n                      {\n                        \"pattern\": \"ND53\",\n                        \"exclude\": [\n                          \"WT*38\",\n                          \"HJD5F\",\n                          \"HMX*\"\n                        ],\n                        \"info\": \"*n~tUra\"\n                      },\n                      \"LYQx\"\n                    ]\n                  },\n                  \"RP2*93A\"\n                ]\n              },\n              {\n                \"or\": [\n                  \"KL94xO\",\n                  {\n                    \"and\": [\n                      \"ZU3311\"\n                    ]\n                  }\n                ]\n              },\n              {\n                \"and\": []\n              },\n              \"UCM6993\"\n            ]\n          },\n          {\n            \"and\": [\n              \"GRx5x\",\n              {\n                \"pattern\": \"NK90x0V\",\n                \"exclude\": [\n                  \"PJC52O\",\n                  \"IRx582Y\",\n                  \"RN3H\"\n                ],\n                \"info\": \"a(Z-<\"\n              },\n              {\n                \"or\": [\n                  \"LP685L\"\n                ]\n              },\n              {\n                \"or\": [\n                  {\n                    \"and\": []\n                  },\n                  \"NUQ4117W\",\n                  {\n                    \"and\": [\n                      \"PD86\"\n                    ]\n                  },\n                  \"UY46\"\n                ]\n              },\n              {\n                \"or\": [\n                  {\n                    \"and\": [\n                      \"XLP6773\",\n                      \"PPH*N\"\n                    ]\n                  },\n                  \"EPN7578F\",\n                  \"OUS1\",\n                  {\n                    \"or\": [\n                      {\n                        \"pattern\": \"HA741J\"\n                      }\n                    ]\n                  }\n                ]\n              }\n            ]\n          },\n          \"PU4x\"\n        ],\n        \"satisfy\": {\n          \"mc\": \">=24\"\n        },\n        \"info\": \"|J\",\n        \"isSelectable\": true\n      },\n      \"{n;U$~dg\": {\n        \"name\": \"U\\\\I>4G}\",\n        \"ay\": 1984,\n        \"match\": [\n          {\n            \"pattern\": \"NL5*L\",\n            \"exclude\": [],\n            \"info\": \";`yI)tJ6Y\"\n          }\n        ],\n        \"url\": \"https://xg4bqmgot0yo.9m73yc9hyngv34qv1fwoigg9jsazjs3exzjlvhzfle4xnymfuv5p5.4.y.vhww/E%F3%BD%92%B0xC/oN.1XP,/'%F1%BE%B8%B3.G%F1%B6%85%A1gs.FM/kG7/BN\",\n        \"info\": \"`\",\n        \"A\": {\n          \"name\": \"]'\",\n          \"ay\": 2000,\n          \"assign\": \"g[Z,#+U2c@\",\n          \"match\": {\n            \"and\": [\n              {\n                \"pattern\": \"DG8x70N\",\n                \"exclude\": [\n                  \"NL*3*1B\",\n                  \"HGOx\",\n                  \"FGIx078\"\n                ],\n                \"info\": \"\"\n              },\n              {\n                \"pattern\": \"CVW205\",\n                \"info\": \"|c|}fKI\"\n              }\n            ]\n          },\n          \"satisfy\": \"\\\\VrV\",\n          \"url\": \"http://k656ovsqlax2452sku3jk47m5p6rdns3.xd4m8dz.x073j870ckoyh.gtd1ybnfpu-113ut5xw4tfv8i.mv79hgt90vwvplw7bwfx49hml6gw-ux6f3q798nx.afkmugvly/CwhBj/%F3%A1%9F%96/~8F7%F0%9C%BB%A4Aq%F3%8C%AF%82!L/l/lk/6JPj!%F2%81%AC%90r%F3%AE%B1%A9=6/Z/'J/WKNw';p'/M%F3%B8%A1%A7U4%F0%A3%85%8BM\",\n          \"info\": \"bL-=|\",\n          \"isSelectable\": true\n        },\n        \"yik\": {\n          \"name\": \"x\",\n          \"ay\": 1962,\n          \"assign\": \"~f\\\\ s'9vH7\",\n          \"match\": {\n            \"pattern\": \"MQQ576D\",\n            \"exclude\": [\n              \"QDJ*540E\",\n              \"SN8372\"\n            ],\n            \"info\": \"m[\"\n          },\n          \"satisfy\": [\n            {\n              \"and\": [\n                \"J/%*o\",\n                {\n                  \"mc\": \"<=92\"\n                }\n              ]\n            },\n            {\n              \"mc\": \"<=143\"\n            }\n          ],\n          \"url\": \"http://83nzz-uf2ypgkujp.chjkdwewd/NMY\",\n          \"info\": \" 2][}[\",\n          \"isSelectable\": true,\n          \"``[\": {\n            \"name\": \"1%qr5\",\n            \"ay\": 1980,\n            \"assign\": \"a?\",\n            \"match\": [],\n            \"info\": \"%(x5dGWq!\",\n            \"isSelectable\": true\n          }\n        },\n        \"ff\": {\n          \"ay\": 1986,\n          \"assign\": \"^nc,A~aE\",\n          \"satisfy\": [\n            \"\",\n            {\n              \"and\": [\n                {\n                  \"mc\": \"<=140\"\n                }\n              ]\n            }\n          ],\n          \"url\": \"https://8yux-rezhiqg6hoelshijn-xa--k9nsep1ls8.0.9jts583aypey-hdqq6xk91wiz47o0gmnwl6j1e2hz4bpq0-fxt3eqm4m.krw5bsg518ba5qbhh5m5fwlynuu8ahvmaj64yshhrvnyf0qktv8o2pmcl.2h3kqt.ykpm/QFl!/%F4%80%80%8AKh-,Agjj/XXqwFnU.I\",\n          \"info\": \"R<t\"\n        },\n        \"%(*Wjh/<\\\"k\": {\n          \"name\": \"ig~)Bp0=8\",\n          \"ay\": 2004,\n          \"assign\": \"\",\n          \"match\": {\n            \"and\": []\n          },\n          \"satisfy\": [\n            {\n              \"and\": [\n                {\n                  \"mc\": \">=131\"\n                },\n                \"CCirq\",\n                {\n                  \"or\": [\n                    {\n                      \"or\": [\n                        \"n[/|@SZTD\",\n                        {\n                          \"mc\": \"<=137\"\n                        }\n                      ]\n                    },\n                    \"rvSz{Tb\"\n                  ]\n                },\n                {\n                  \"or\": [\n                    {\n                      \"or\": [\n                        {\n                          \"mc\": \">=26\"\n                        },\n                        {\n                          \"or\": [\n                            \"d?m|8j\",\n                            \";'[vE300OU\",\n                            {\n                              \"and\": [\n                                \"l\",\n                                \"y*mjxO\"\n                              ]\n                            },\n                            \"xL&oM`o1m^\"\n                          ]\n                        }\n                      ]\n                    },\n                    {\n                      \"and\": [\n      
[...]
              "fullTitle": "inequalitySatisfier should preserve list of modules with upper bound of MCs if total MC count is lower",
              "timedOut": false,
              "duration": 0,
              "state": "passed",
              "speed": "fast",
              "pass": true,
              "fail": false,
              "pending": false,
              "context": null,
              "code": "const satisfier = satisfiers_1.inequalitySatisfier(ref, \"<=32\");\nsatisfier.should.have.property(\"filter\");\nconst { filter } = satisfier;\nisCorrectFilter(filter, modulesList1, modulesList1.map(([moduleStr]) => moduleStr));",
              "err": {},
              "uuid": "c5991ba2-b43c-44d3-8d53-b721cddb923b",
              "parentUUID": "e3c76b94-f871-4f73-a8c6-6a8ec2b3a8ba",
              "isHook": false,
              "skipped": false
            },
            {
              "title": "should truncate list of modules with upper bound of MCs at exact cutoff if total MC count is higher and there exists some starting sequence with exact MC count",
              "fullTitle": "inequalitySatisfier should truncate list of modules with upper bound of MCs at exact cutoff if total MC count is higher and there exists some starting sequence with exact MC count",
              "timedOut": false,
              "duration": 0,
              "state": "passed",
              "speed": "fast",
              "pass": true,
              "fail": false,
              "pending": false,
              "context": null,
              "code": "const satisfier = satisfiers_1.inequalitySatisfier(ref, \"<=16\");\nsatisfier.should.have.property(\"filter\");\nconst { filter } = satisfier;\nisCorrectFilter(filter, modulesList1, [\n    \"CS2100\",\n    \"GER1000\",\n    \"CS2040S\",\n    \"ST2131\",\n]);",
              "err": {},
              "uuid": "7300bf87-e40c-455a-869d-60837d71f106",
              "parentUUID": "e3c76b94-f871-4f73-a8c6-6a8ec2b3a8ba",
              "isHook": false,
              "skipped": false
            },
            {
              "title": "should truncate list of modules with upper bound of MCs, cutting off at the minimum starting sequence that exceeds upper bound, if total MC count is higher and there exists no starting sequence with exact MC count",
              "fullTitle": "inequalitySatisfier should truncate list of modules with upper bound of MCs, cutting off at the minimum starting sequence that exceeds upper bound, if total MC count is higher and there exists no starting sequence with exact MC count",
              "timedOut": false,
              "duration": 0,
              "state": "passed",
              "speed": "fast",
              "pass": true,
              "fail": false,
              "pending": false,
              "context": null,
              "code": "const satisfier = satisfiers_1.inequalitySatisfier(ref, \"<=17\");\nsatisfier.should.have.property(\"filter\");\nconst { filter } = satisfier;\nisCorrectFilter(filter, modulesList1, [\n    \"CS2100\",\n    \"GER1000\",\n    \"CS2040S\",\n    \"ST2131\",\n    \"MA1521\",\n]);",
              "err": {},
              "uuid": "8f724318-05dc-41ef-8fbf-e44c800eab82",
              "parentUUID": "e3c76b94-f871-4f73-a8c6-6a8ec2b3a8ba",
              "isHook": false,
              "skipped": false
            }
          ],
          "suites": [],
          "passes": [
            "078f78f6-711e-4796-b764-a33bbe1b7e6b",
            "d585615c-792b-4259-ab48-6125323646fa",
            "0df2eeec-91a2-484d-b00f-4870832e45fe",
            "b1ad2622-00de-411e-a9af-00e59d03c485",
            "c5991ba2-b43c-44d3-8d53-b721cddb923b",
            "7300bf87-e40c-455a-869d-60837d71f106",
            "8f724318-05dc-41ef-8fbf-e44c800eab82"
          ],
          "failures": [],
          "pending": [],
          "skipped": [],
          "duration": 2,
          "root": false,
          "rootEmpty": false,
          "_timeout": 2000
        },
        {
          "uuid": "c17421db-91aa-4dba-ae53-7da1972bf67a",
          "title": "inequalitySchema",
          "fullFile": "/home/runner/work/planwithus-lib/planwithus-lib/src/satisfyRule/inequality/schemas.test.ts",
          "file": "/src/satisfyRule/inequality/schemas.test.ts",
          "beforeHooks": [],
          "afterHooks": [],
          "tests": [
            {
              "title": "should validate inequality in the form <=n or >=n",
              "fullTitle": "inequalitySchema should validate inequality in the form <=n or >=n",
              "timedOut": false,
              "duration": 1,
              "state": "passed",
              "speed": "fast",
              "pass": true,
              "fail": false,
              "pending": false,
              "context": "[\n  {\n    \"title\": \"inequality sample 0\",\n    \"value\": \"<=154\"\n  },\n  {\n    \"title\": \"inequality sample 1\",\n    \"value\": \"<=6\"\n  },\n  {\n    \"title\": \"inequality sample 2\",\n    \"value\": \">=8\"\n  },\n  {\n    \"title\": \"inequality sample 3\",\n    \"value\": \"<=30\"\n  },\n  {\n    \"title\": \"inequality sample 4\",\n    \"value\": \">=172\"\n  },\n  {\n    \"title\": \"inequality sample 5\",\n    \"value\": \">=193\"\n  },\n  {\n    \"title\": \"inequality sample 6\",\n    \"value\": \"<=2\"\n  },\n  {\n    \"title\": \"inequality sample 7\",\n    \"value\": \"<=193\"\n  },\n  {\n    \"title\": \"inequality sample 8\",\n    \"value\": \"<=144\"\n  },\n  {\n    \"title\": \"inequality sample 9\",\n    \"value\": \"<=196\"\n  }\n]",
              "code": "fast_check_1.sample(index_test_2.inequality, 10).forEach((sample, i) => addContext_1.default(this, {\n    title: `inequality sample ${i}`,\n    value: sample,\n}));\nreturn fast_check_1.assert(fast_check_1.property(index_test_2.inequality, ajvValidate));",
              "err": {},
              "uuid": "a83b665f-e22e-4024-b334-bf5ac0a7b751",
              "parentUUID": "c17421db-91aa-4dba-ae53-7da1972bf67a",
              "isHook": false,
              "skipped": false
            },
            {
              "title": "should not validate inequality of invalid form",
              "fullTitle": "inequalitySchema should not validate inequality of invalid form",
              "timedOut": false,
              "duration": 2,
              "state": "passed",
              "speed": "fast",
              "pass": true,
              "fail": false,
              "pending": false,
              "context": null,
              "code": "[\n        \"\",\n        \"==23\",\n        \"23\",\n        \"<23\",\n        \">23\",\n        \"<=-1\",\n        \">=-1\",\n        \"<= 2\",\n        \">= 1\",\n        \"> 3\",\n        \"< 3\",\n        \"<=3a\",\n        \">=3a\",\n        \"a<=3\",\n        \"a>=3\",\n    ].forEach(isInvalidInequality)",
              "err": {},
              "uuid": "b76ba8bb-788e-4713-a6d6-630b7058907e",
              "parentUUID": "c17421db-91aa-4dba-ae53-7da1972bf67a",
              "isHook": false,
              "skipped": false
            }
          ],
          "suites": [],
          "passes": [
            "a83b665f-e22e-4024-b334-bf5ac0a7b751",
            "b76ba8bb-788e-4713-a6d6-630b7058907e"
          ],
          "failures": [],
          "pending": [],
          "skipped": [],
          "duration": 3,
          "root": false,
          "rootEmpty": false,
          "_timeout": 2000
        },
        {
          "uuid": "ea7c19d5-959a-4b42-b76b-e588203013d6",
          "title": "satisfyRuleSchema",
          "fullFile": "/home/runner/work/planwithus-lib/planwithus-lib/src/satisfyRule/schemas.test.ts",
          "file": "/src/satisfyRule/schemas.test.ts",
          "beforeHooks": [],
          "afterHooks": [],
          "tests": [
            {
              "title": "should validate satisfy rule with valid block id",
              "fullTitle": "satisfyRuleSchema should validate satisfy rule with valid block id",
              "timedOut": false,
              "duration": 1,
              "state": "passed",
              "speed": "fast",
              "pass": true,
              "fail": false,
              "pending": false,
              "context": null,
              "code": "fast_check_1.assert(fast_check_1.property(fast_check_1.string(), ajvValidate)",
              "err": {},
              "uuid": "61ca1cc7-778d-438c-ab97-5e13e7dd073a",
              "parentUUID": "ea7c19d5-959a-4b42-b76b-e588203013d6",
              "isHook": false,
              "skipped": false
            },
            {
              "title": "should validate satisfy rules with valid mc",
              "fullTitle": "satisfyRuleSchema should validate satisfy rules with valid mc",
              "timedOut": false,
              "duration": 1,
              "state": "passed",
              "speed": "fast",
              "pass": true,
              "fail": false,
              "pending": false,
              "context": "[\n  {\n    \"title\": \"mcSatisfyRule sample 0\",\n    \"value\": {\n      \"mc\": \">=17\"\n    }\n  },\n  {\n    \"title\": \"mcSatisfyRule sample 1\",\n    \"value\": {\n      \"mc\": \"<=6\"\n    }\n  },\n  {\n    \"title\": \"mcSatisfyRule sample 2\",\n    \"value\": {\n      \"mc\": \"<=199\"\n    }\n  },\n  {\n    \"title\": \"mcSatisfyRule sample 3\",\n    \"value\": {\n      \"mc\": \">=5\"\n    }\n  },\n  {\n    \"title\": \"mcSatisfyRule sample 4\",\n    \"value\": {\n      \"mc\": \">=197\"\n    }\n  },\n  {\n    \"title\": \"mcSatisfyRule sample 5\",\n    \"value\": {\n      \"mc\": \">=197\"\n    }\n  },\n  {\n    \"title\": \"mcSatisfyRule sample 6\",\n    \"value\": {\n      \"mc\": \"<=146\"\n    }\n  },\n  {\n    \"title\": \"mcSatisfyRule sample 7\",\n    \"value\": {\n      \"mc\": \"<=200\"\n    }\n  },\n  {\n    \"title\": \"mcSatisfyRule sample 8\",\n    \"value\": {\n      \"mc\": \">=68\"\n    }\n  },\n  {\n    \"title\": \"mcSatisfyRule sample 9\",\n    \"value\": {\n      \"mc\": \"<=1\"\n    }\n  }\n]",
              "code": "fast_check_1.sample(index_test_2.mcSatisfyRule, 10).forEach((sample, i) => addContext_1.default(this, {\n    title: `mcSatisfyRule sample ${i}`,\n    value: sample,\n}));\nreturn fast_check_1.assert(fast_check_1.property(index_test_2.mcSatisfyRule, ajvValidate));",
              "err": {},
              "uuid": "0f4d101a-85f7-4efc-9fac-9d538afac791",
              "parentUUID": "ea7c19d5-959a-4b42-b76b-e588203013d6",
              "isHook": false,
              "skipped": false
            },
            {
              "title": "should validate valid recursive satisfy rules",
              "fullTitle": "satisfyRuleSchema should validate valid recursive satisfy rules",
              "timedOut": false,
              "duration": 3,
              "state": "passed",
              "speed": "fast",
              "pass": true,
              "fail": false,
              "pending": false,
              "context": "[\n  {\n    \"title\": \"satisfyRule sample 0\",\n    \"value\": {\n      \"and\": []\n    }\n  },\n  {\n    \"title\": \"satisfyRule sample 1\",\n    \"value\": {\n      \"mc\": \"<=193\"\n    }\n  },\n  {\n    \"title\": \"satisfyRule sample 2\",\n    \"value\": {\n      \"or\": [\n        {\n          \"or\": [\n            {\n              \"or\": [\n                {\n                  \"mc\": \">=18\"\n                },\n                \"X,/\"\n              ]\n            }\n          ]\n        }\n      ]\n    }\n  },\n  {\n    \"title\": \"satisfyRule sample 3\",\n    \"value\": {\n      \"and\": [\n        {\n          \"and\": [\n            \"@N6-_\",\n            \"-\",\n            {\n              \"or\": [\n                {\n                  \"mc\": \">=74\"\n                },\n                \"\",\n                {\n                  \"mc\": \"<=115\"\n                },\n                {\n                  \"and\": [\n                    \"5pZa.\"\n                  ]\n                }\n              ]\n            }\n          ]\n        },\n        {\n          \"and\": [\n            {\n              \"and\": []\n            },\n            \"j\\\"eT\",\n            \"<Iu{]+s:%Z\"\n          ]\n        },\n        {\n          \"or\": [\n            \")F(Y qH\"\n          ]\n        },\n        \"btu%n>J(\",\n        \"VGuv^8HH\"\n      ]\n    }\n  },\n  {\n    \"title\": \"satisfyRule sample 4\",\n    \"value\": \"5o\"\n  },\n  {\n    \"title\": \"satisfyRule sample 5\",\n    \"value\": {\n      \"and\": []\n    }\n  },\n  {\n    \"title\": \"satisfyRule sample 6\",\n    \"value\": {\n      \"or\": [\n        {\n          \"mc\": \"<=186\"\n        }\n      ]\n    }\n  },\n  {\n    \"title\": \"satisfyRule sample 7\",\n    \"value\": {\n      \"and\": [\n        {\n          \"or\": [\n            \"91)Oc\",\n            \"5\",\n            \"ISY^E;n8(\",\n            {\n              \"and\": [\n                \"Uf+KrMS\"\n              ]\n            }\n          ]\n        }\n      ]\n    }\n  },\n  {\n    \"title\": \"satisfyRule sample 8\",\n    \"value\": \"}8&x}7$}\"\n  },\n  {\n    \"title\": \"satisfyRule sample 9\",\n    \"value\": \"\"\n  }\n]",
              "code": "fast_check_1.sample(index_test_2.satisfyRule, 10).forEach((sample, i) => addContext_1.default(this, {\n    title: `satisfyRule sample ${i}`,\n    value: sample,\n}));\nreturn fast_check_1.assert(fast_check_1.property(index_test_2.satisfyRule, ajvValidate));",
              "err": {},
              "uuid": "61deda7e-40d1-4c90-9d78-7af5554c1756",
              "parentUUID": "ea7c19d5-959a-4b42-b76b-e588203013d6",
              "isHook": false,
              "skipped": false
            },
            {
              "title": "should not validate non-string/object",
              "fullTitle": "satisfyRuleSchema should not validate non-string/object",
              "timedOut": false,
              "duration": 1,
              "state": "passed",
              "speed": "fast",
              "pass": true,
              "fail": false,
              "pending": false,
              "context": null,
              "code": "const error = {\n    instancePath: \"\",\n    message: \"satisfy rule should be either a string or an object\",\n};\nisInvalidRule(null, error);\nisInvalidRule(undefined, error);\nisInvalidRule(10, error);\nisInvalidRule([12, 24], error);",
              "err": {},
              "uuid": "5b276d91-3d45-4a85-a430-f39162b5acbc",
              "parentUUID": "ea7c19d5-959a-4b42-b76b-e588203013d6",
              "isHook": false,
              "skipped": false
            },
            {
              "title": "should not validate satisfy rules with extra properties",
              "fullTitle": "satisfyRuleSchema should not validate satisfy rules with extra properties",
              "timedOut": false,
              "duration": 1,
              "state": "passed",
              "speed": "fast",
              "pass": true,
              "fail": false,
              "pending": false,
              "context": null,
              "code": "isInvalidRule({\n        and: [\n            { or: [\"2k\"], abc: \"def\" },\n            { mc: 8, ghi: \"jkl\" },\n        ],\n        mno: \"pqr\",\n    }, {\n        instancePath: \"/and/0\",\n        message: \"or satisfy rule should have property 'or' only\",\n    }, {\n        instancePath: \"/and/1\",\n        message: \"MC satisfy rule should have property 'mc' only\",\n    }, {\n        instancePath: \"\",\n        message: \"and satisfy rule should have property 'and' only\",\n    })",
              "err": {},
              "uuid": "487055b8-e0cb-4e90-92ea-c391c5b09910",
              "parentUUID": "ea7c19d5-959a-4b42-b76b-e588203013d6",
              "isHook": false,
              "skipped": false
            },
            {
              "title": "should not validate ambiguous satisfy rules",
              "fullTitle": "satisfyRuleSchema should not validate ambiguous satisfy rules",
              "timedOut": false,
              "duration": 0,
              "state": "passed",
              "speed": "fast",
              "pass": true,
              "fail": false,
              "pending": false,
              "context": null,
              "code": "const message = \"satisfy rule should have only one of properties 'mc', 'and', 'or'\";\nisInvalidRule({\n    or: [\n        { mc: 5, and: [\"CS2040\"] },\n        { and: [{ and: [\"abc\"], or: [\"def\"] }] },\n    ],\n}, { instancePath: \"/or/0\", message }, { instancePath: \"/or/1/and/0\", message });",
              "err": {},
              "uuid": "c3be5ffd-1b2c-42ac-bc42-87d62c0899db",
              "parentUUID": "ea7c19d5-959a-4b42-b76b-e588203013d6",
              "isHook": false,
              "skipped": false
            },
            {
              "title": "should not validate and satisfy rules with non-array property",
              "fullTitle": "satisfyRuleSchema should not validate and satisfy rules with non-array property",
              "timedOut": false,
              "duration": 1,
              "state": "passed",
              "speed": "fast",
              "pass": true,
              "fail": false,
              "pending": false,
              "context": null,
              "code": "const message = \"property 'and' should be an array of satisfy rules\";\nisInvalidRule({ or: [{ and: {} }, { or: [{ and: 3 }] }] }, { instancePath: \"/or/0/and\", message }, { instancePath: \"/or/1/or/0/and\", message });",
              "err": {},
              "uuid": "a08ffa4d-11f0-4e9b-82d5-7cc364203614",
              "parentUUID": "ea7c19d5-959a-4b42-b76b-e588203013d6",
              "isHook": false,
              "skipped": false
            },
            {
              "title": "should not validate or satisfy rules with non-array property",
              "fullTitle": "satisfyRuleSchema should not validate or satisfy rules with non-array property",
              "timedOut": false,
              "duration": 0,
              "state": "passed",
              "speed": "fast",
              "pass": true,
              "fail": false,
              "pending": false,
              "context": null,
              "code": "const message = \"property 'or' should be an array of satisfy rules\";\nisInvalidRule({ and: [{ or: {} }, { and: [{ or: 3 }] }] }, { instancePath: \"/and/0/or\", message }, { instancePath: \"/and/1/and/0/or\", message });",
              "err": {},
              "uuid": "7f6a8218-b95b-45a9-ae7e-36ee66438198",
              "parentUUID": "ea7c19d5-959a-4b42-b76b-e588203013d6",
              "isHook": false,
              "skipped": false
            }
          ],
          "suites": [],
          "passes": [
            "61ca1cc7-778d-438c-ab97-5e13e7dd073a",
            "0f4d101a-85f7-4efc-9fac-9d538afac791",
            "61deda7e-40d1-4c90-9d78-7af5554c1756",
            "5b276d91-3d45-4a85-a430-f39162b5acbc",
            "487055b8-e0cb-4e90-92ea-c391c5b09910",
            "c3be5ffd-1b2c-42ac-bc42-87d62c0899db",
            "a08ffa4d-11f0-4e9b-82d5-7cc364203614",
            "7f6a8218-b95b-45a9-ae7e-36ee66438198"
          ],
          "failures": [],
          "pending": [],
          "skipped": [],
          "duration": 8,
          "root": false,
          "rootEmpty": false,
          "_timeout": 2000
        }
      ],
      "passes": [],
      "failures": [],
      "pending": [],
      "skipped": [],
      "duration": 0,
      "root": true,
      "rootEmpty": true,
      "_timeout": 2000
    }
  ],
  "meta": {
    "mocha": {
      "version": "9.0.2"
    },
    "mochawesome": {
      "options": {
        "quiet": false,
        "reportFilename": "mochawesome",
        "saveHtml": true,
        "saveJson": true,
        "consoleReporter": "spec",
        "useInlineDiffs": false,
        "code": true
      },
      "version": "6.2.2"
    },
    "marge": {
      "options": {
        "reportDir": "docs"
      },
      "version": "5.2.0"
    }
  }
}