{
  "stats": {
    "suites": 10,
    "tests": 48,
    "passes": 48,
    "pending": 0,
    "failures": 0,
    "start": "2021-07-20T12:47:53.792Z",
    "end": "2021-07-20T12:47:54.086Z",
    "duration": 294,
    "testsRegistered": 48,
    "passPercent": 100,
    "pendingPercent": 0,
    "other": 0,
    "hasOther": false,
    "skipped": 0,
    "hasSkipped": false
  },
  "results": [
    {
      "uuid": "2b6369c6-4fd9-4439-8445-09284c370d88",
      "title": "",
      "fullFile": "",
      "file": "",
      "beforeHooks": [],
      "afterHooks": [],
      "tests": [],
      "suites": [
        {
          "uuid": "c8e0b5de-000e-4701-b418-8e0fb881290b",
          "title": "initDirectories",
          "fullFile": "/home/runner/work/planwithus-lib/planwithus-lib/src/block/schemas.test.ts",
          "file": "/src/block/schemas.test.ts",
          "beforeHooks": [],
          "afterHooks": [],
          "tests": [
            {
              "title": "should parse all blocks with no errors",
              "fullTitle": "initDirectories should parse all blocks with no errors",
              "timedOut": false,
              "duration": 2,
              "state": "passed",
              "speed": "fast",
              "pass": true,
              "fail": false,
              "pending": false,
              "context": null,
              "code": "_1.initDirectories.should.not.throw()",
              "err": {},
              "uuid": "ab47657c-e00b-4ec7-9903-e717a2dacae1",
              "parentUUID": "c8e0b5de-000e-4701-b418-8e0fb881290b",
              "isHook": false,
              "skipped": false
            },
            {
              "title": "should produce primary, second & minor directories",
              "fullTitle": "initDirectories should produce primary, second & minor directories",
              "timedOut": false,
              "duration": 2,
              "state": "passed",
              "speed": "fast",
              "pass": true,
              "fail": false,
              "pending": false,
              "context": null,
              "code": "const directories = _1.initDirectories();\ndirectories.should.have.property(\"primary\");\ndirectories.should.have.property(\"second\");\ndirectories.should.have.property(\"minor\");",
              "err": {},
              "uuid": "4732f50e-b6be-4a8a-941c-08f89388ae59",
              "parentUUID": "c8e0b5de-000e-4701-b418-8e0fb881290b",
              "isHook": false,
              "skipped": false
            }
          ],
          "suites": [],
          "passes": [
            "ab47657c-e00b-4ec7-9903-e717a2dacae1",
            "4732f50e-b6be-4a8a-941c-08f89388ae59"
          ],
          "failures": [],
          "pending": [],
          "skipped": [],
          "duration": 4,
          "root": false,
          "rootEmpty": false,
          "_timeout": 2000
        },
        {
          "uuid": "264bb86f-e0ad-467a-b611-b025a8c7e96f",
          "title": "blockSchema",
          "fullFile": "/home/runner/work/planwithus-lib/planwithus-lib/src/block/schemas.test.ts",
          "file": "/src/block/schemas.test.ts",
          "beforeHooks": [],
          "afterHooks": [],
          "tests": [
            {
              "title": "should validate valid block",
              "fullTitle": "blockSchema should validate valid block",
              "timedOut": false,
              "duration": 173,
              "state": "passed",
              "speed": "slow",
              "pass": true,
              "fail": false,
              "pending": false,
              "context": "[\n  {\n    \"title\": \"block sample 0\",\n    \"value\": {\n      \"name\": \"6\\\"3}$\",\n      \"ay\": 1985,\n      \"assign\": [\n        \"EL%el&-h\",\n        \"tDc\",\n        \".?XzpHD}u\",\n        \"\",\n        \"\"\n      ],\n      \"satisfy\": {\n        \"and\": [\n          {\n            \"mc\": \">=200\"\n          },\n          {\n            \"or\": []\n          }\n        ]\n      },\n      \"url\": \"https://zepsn105vsoebxr-ai8emiz58-lf2xu6x50au68lk34yz9cs30-k3-76azg.31vwmsys4h8fw25ryacscel7yd.z.jouw59wll4b6ljxztnt57fazqf.rcc\",\n      \"isSelectable\": true\n    }\n  },\n  {\n    \"title\": \"block sample 1\",\n    \"value\": {\n      \"name\": \"N\",\n      \"ay\": 2029,\n      \"assign\": \"dO&hHQ:2XG\",\n      \"satisfy\": [\n        {\n          \"and\": [\n            \"E[:\",\n            {\n              \"mc\": \">=1\"\n            },\n            {\n              \"mc\": \">=136\"\n            },\n            {\n              \"or\": []\n            }\n          ]\n        },\n        {\n          \"and\": [\n            {\n              \"and\": [\n                \"xbQj5|ZYOm\",\n                {\n                  \"and\": [\n                    {\n                      \"mc\": \"<=100\"\n                    },\n                    {\n                      \"or\": [\n                        \"S8E\",\n                        {\n                          \"or\": [\n                            \"di\"\n                          ]\n                        },\n                        \":^Z\",\n                        {\n                          \"and\": []\n                        }\n                      ]\n                    },\n                    \"^#ZMu\\\"\"\n                  ]\n                },\n                {\n                  \"and\": [\n                    \"B,\",\n                    {\n                      \"or\": []\n                    },\n                    \"\",\n                    \":}v}Ru\"\n                  ]\n                },\n                \"g.e9&QGVtF\",\n                \"]\"\n              ]\n            },\n            {\n              \"mc\": \">=103\"\n            },\n            {\n              \"mc\": \"<=139\"\n            },\n            \"u[}OH# W\",\n            {\n              \"or\": [\n                {\n                  \"or\": [\n                    \"X6nrn:bMS\",\n                    \"\",\n                    {\n                      \"and\": [\n                        \"+A\",\n                        \"|so$'+/dF\",\n                        {\n                          \"and\": [\n                            \"C\",\n                            \"&JX\",\n                            \"[\"\n                          ]\n                        },\n                        \"~^95ex),`\",\n                        \"\"\n                      ]\n                    },\n                    {\n                      \"mc\": \"<=12\"\n                    },\n                    {\n                      \"and\": []\n                    }\n                  ]\n                },\n                \"U+gFH\"\n              ]\n            }\n          ]\n        },\n        {\n          \"or\": []\n        },\n        {\n          \"or\": [\n            {\n              \"mc\": \"<=4\"\n            }\n          ]\n        },\n        {\n          \"mc\": \"<=33\"\n        }\n      ],\n      \"url\": \"https://eqh.6pvr4va171i56f7ugz0e4p0yuzpta6jnlxzd2a.u.7fb5jea6wmd8fdc727d6q2baadbcxpn-zdhzba7bp9bve-b57la0cgpp-e.aygekhgp0e-a86j3vjh1tyq-5sjsdy.zrq/o.!GhgC=!/J,%F2%A0%B7%8F%F0%A0%97%BC/O/QPP@BvP_/uw/nU+oQm737z/b%F3%89%A8%98-s/1;FDU'pLA/L~+U_\",\n      \"info\": \"r~MF6;\",\n      \"isSelectable\": true\n    }\n  },\n  {\n    \"title\": \"block sample 2\",\n    \"value\": {\n      \"name\": \"g`\",\n      \"ay\": 2029,\n      \"assign\": \" C.^|s!u#\",\n      \"match\": \"ZQ843W\",\n      \"satisfy\": [\n        {\n          \"mc\": \">=4\"\n        },\n        {\n          \"or\": [\n            {\n              \"and\": [\n                {\n                  \"or\": [\n                    {\n                      \"mc\": \"<=70\"\n                    },\n                    {\n                      \"and\": [\n                        \"r\\\\Q\",\n                        \")\\\\RDE,dW}\"\n                      ]\n                    },\n                    \"^e#\"\n                  ]\n                },\n                \"PD?Io@L,b7\"\n              ]\n            }\n          ]\n        }\n      ],\n      \"url\": \"https://xve.qpfd-2v5fe0hbxer-fb6c82cu6vd1bkj5.d5eweqo6d1ec-05fba5-apj6065dcjv6sclp8bes4z8hrefe61c57-59eec4.ggihvaiiu/K\",\n      \"info\": \"yj\",\n      \"isSelectable\": true\n    }\n  },\n  {\n    \"title\": \"block sample 3\",\n    \"value\": {\n      \"name\": \"FZ\",\n      \"ay\": 1984,\n      \"assign\": [],\n      \"match\": {\n        \"and\": [\n          \"TNF2xV\"\n        ]\n      },\n      \"satisfy\": [\n        {\n          \"and\": [\n            {\n              \"and\": [\n                {\n                  \"and\": []\n                },\n                \"R \"\n              ]\n            },\n            {\n              \"or\": [\n                {\n                  \"or\": [\n                    \"}g ?3v:PRv\",\n                    \"^)\",\n                    {\n                      \"mc\": \">=95\"\n                    }\n                  ]\n                },\n                {\n                  \"mc\": \"<=176\"\n                }\n              ]\n            },\n            {\n              \"mc\": \">=47\"\n            }\n          ]\n        },\n        {\n          \"and\": [\n            {\n              \"or\": [\n                {\n                  \"mc\": \"<=73\"\n                },\n                {\n                  \"or\": [\n                    \"J3-iK%)\",\n                    {\n                      \"mc\": \">=79\"\n                    },\n                    \"FvxLeA\",\n                    \"p&l\"\n                  ]\n                }\n              ]\n            },\n            \"oQT|\",\n            {\n              \"and\": [\n                {\n                  \"and\": [\n                    \"vo@h,b T\",\n                    \"\"\n                  ]\n                }\n              ]\n            },\n            {\n              \"or\": [\n                \"1SLwGx^FQ:\",\n                \"p~S^%\",\n                \"N8a=.&sx\",\n                {\n                  \"mc\": \">=175\"\n                },\n                \"n1UUe\"\n              ]\n            },\n            \"Ex\"\n          ]\n        },\n        {\n          \"or\": [\n            \"\"\n          ]\n        },\n        {\n          \"or\": [\n            {\n              \"mc\": \">=68\"\n            },\n            \"~KL\",\n            \"qJXNQQV(3l\"\n          ]\n        }\n      ],\n      \"url\": \"https://crae7q8.njlxuh7ksy3flbv1-00p333q37gxts.z.crupt/=&IY:=%26+/r:L;%F1%B8%B9%A6/Mf/r/ng;c/gdbe/~Bs&8\",\n      \"info\": \"vZN\",\n      \"isSelectable\": true,\n      \"r*62]2\": {\n        \"name\": \"DM!!P`vaw\",\n        \"ay\": 2000,\n        \"assign\": [\n          \";Y5y0n_)E\"\n        ],\n        \"match\": [\n          {\n            \"pattern\": \"THO746B\",\n            \"exclude\": \"BIT80x2\",\n            \"info\": \" $\"\n          }\n        ],\n        \"satisfy\": [\n          {\n            \"and\": [\n              {\n                \"mc\": \">=12\"\n              },\n              \":A3nDUtd[w\",\n              {\n                \"and\": [\n                  {\n                    \"mc\": \"<=144\"\n                  },\n                  \"ckb~4%\"\n                ]\n              },\n              {\n                \"and\": [\n                  \"~L+rNd(\",\n                  \"\"\n                ]\n              },\n              {\n                \"or\": [\n                  {\n                    \"or\": [\n                      \"\",\n                      \"8O3\"\n                    ]\n                  },\n                  \".+HdC\"\n                ]\n              }\n            ]\n          },\n          {\n            \"or\": [\n              {\n                \"and\": [\n                  {\n                    \"or\": [\n                      {\n                        \"and\": [\n                          \"+hxJn)x\"\n                        ]\n                      }\n                    ]\n                  }\n                ]\n              },\n              {\n                \"and\": []\n              },\n              {\n                \"and\": [\n                  \"=T;+:^\",\n                  {\n                    \"mc\": \">=116\"\n                  },\n                  \"\",\n                  {\n                    \"and\": [\n                      {\n                        \"and\": [\n                          \"s\",\n                          \"|\"\n                        ]\n                      },\n                      \"sA*z%\"\n                    ]\n                  }\n                ]\n              }\n            ]\n          },\n          \"E|lu]'t\",\n          {\n            \"mc\": \"<=30\"\n          }\n        ],\n        \"url\": \"https://ct3rl0nyowqyqxyx6k4o50cg80525rns2dwdk1y37bqm5vs87c.mezsb5cmzf0a--85dc9qd7a8ebffa.a.9.xojfjj//LBU0/%F2%99%BC%8BET//%F1%97%B2%93HP%F2%96%AF%B3Z%F0%9B%A3%817T\",\n        \"info\": \"\\\"WL!qu:\",\n        \"isSelectable\": true,\n        \"O+d+W y\": {\n          \"name\": \"K\",\n          \"ay\": 2014,\n          \"assign\": [\n            \"/~\\\\tPl+M\"\n          ],\n          \"match\": [\n            {\n              \"pattern\": \"YY127B\",\n              \"info\": \"V~{\"\n            },\n            {\n              \"pattern\": \"FY*3L\",\n              \"exclude\": [],\n              \"info\": \"\"\n            },\n            {\n              \"pattern\": \"RE929x\",\n              \"info\": \"q&]%|\"\n            }\n          ],\n          \"satisfy\": [],\n          \"url\": \"https://fzdhrnqo6-tzcggj2h5qjj.hodfzy87ooe899b3wvczn6hok0w7wjbys5hopmw3cdleq7y0glg8jbs9.e4r2r-68o0-1cferybuafas8bmd5x.sdg\",\n          \"info\": \"@\",\n          \"isSelectable\": true\n        },\n        \"X#U\": {\n          \"match\": [\n            {\n              \"pattern\": \"MH5*8\",\n              \"info\": \"LVWGF4v\"\n            },\n            {\n              \"and\": [\n                {\n                  \"pattern\": \"UUN1*49\",\n                  \"exclude\": \"ZQ4M\",\n                  \"info\": \"\"\n                },\n                {\n                  \"and\": [\n                    {\n                      \"and\": [\n                        {\n                          \"or\": [\n                            \"UV32\",\n                            \"ABSx35\"\n                          ]\n                        },\n                        \"GQG7*Y\",\n                        \"NL9\",\n                        {\n                          \"pattern\": \"DPF913*G\",\n                          \"exclude\": \"IN2\",\n                          \"info\": \"|h\"\n                        },\n                        \"XT**M\"\n                      ]\n                    },\n                    {\n                      \"pattern\": \"XELx\",\n                      \"exclude\": [\n                        \"WRC1x\",\n                        \"AK**8\"\n                      ],\n                      \"info\": \"\\\"Ln^\"\n                    },\n                    \"GCHxx33\"\n                  ]\n                },\n                {\n                  \"or\": []\n                },\n                {\n                  \"pattern\": \"UIP4*0*P\"\n                },\n                \"UHI1*0x\"\n              ]\n            },\n            \"JGM1085V\"\n          ],\n          \"satisfy\": {\n            \"or\": [\n              \"[V\",\n              {\n                \"mc\": \"<=31\"\n              },\n              {\n                \"or\": [\n                  {\n                    \"or\": []\n                  },\n                  \"K8IOdK\"\n                ]\n              },\n              {\n                \"or\": [\n                  {\n                    \"and\": [\n                      \"4RpLiDk\",\n                      \"?MZE'/MWO\",\n                      \"z+{J}[]\",\n                      \"EVet*U^\",\n                      {\n                        \"or\": [\n                          \":!4;S+H\",\n                          \"FR;HG8`\\\"9J\",\n                          {\n                            \"mc\": \">=110\"\n                          },\n                          {\n                            \"mc\": \"<=23\"\n                          },\n                          \"7Cd8sF-|%\"\n                        ]\n                      }\n                    ]\n                  },\n                  \"\",\n                  \"LKX\"\n                ]\n              },\n              {\n                \"or\": [\n                  {\n                    \"or\": [\n                      \"7*7#\",\n                      {\n                        \"mc\": \">=154\"\n                      },\n                      \"zkcl-I7\",\n                      {\n                        \"or\": [\n                          \" [cEHd\",\n                          {\n                            \"mc\": \">=13\"\n                          },\n                          \"c\",\n                          \"[_=A\"\n                        ]\n                      }\n                    ]\n                  },\n                  {\n                    \"mc\": \">=60\"\n                  }\n                ]\n              }\n            ]\n          },\n          \"url\": \"https://m0z9nt8rsl7n2f4dogot5by4taq.tj296m3zry5f5n7r7ryxst52j9jc3n-ny94togyhmjfxp.tkjd1mvmgevvzqdonrlphpcmw8l6y75ush6rftc2ivz1ighuggdq5rehmzw.fv/5k$z~l\",\n          \"info\": \"VtBvf\",\n          \"isSelectable\": true\n        },\n        \"]V-\": {\n          \"name\": \"*|t./F\",\n          \"ay\": 2021,\n          \"assign\": [\n            \"Y-hHCIwX\",\n            \"3lT4\",\n            \"/\",\n            \">Kt cq,OY-\"\n          ],\n          \"match\": {\n            \"pattern\": \"QJL206\",\n            \"exclude\": [\n              \"GN0770Z\",\n              \"US324*\",\n              \"EOE3M\",\n              \"RIB11G\"\n            ],\n            \"info\": \"%ig?hH}BFs\"\n          },\n          \"satisfy\": {\n            \"and\": [\n              \"LT%oo\",\n              {\n                \"mc\": \"<=157\"\n              }\n            ]\n          },\n          \"info\": \"k;zT\"\n        }\n      },\n      \" X\": {\n        \"name\": \"4R>J+k/\",\n        \"ay\": 1955,\n        \"match\": [\n          {\n            \"and\": [\n              \"AC76Z\",\n              {\n                \"pattern\": \"XD3x\",\n                \"info\": \"i\"\n              }\n            ]\n          },\n          {\n            \"and\": [\n              \"CGZ54\"\n            ]\n          },\n          {\n            \"or\": [\n              \"SHO4E\"\n            ]\n          },\n          \"UQ1\"\n        ],\n        \"satisfy\": {\n          \"or\": []\n        },\n        \"url\": \"http://dj26fyiq2qg1cqdsin5nhqvwb228bt7wcvciiadiwj8au1c.51mt63ie7ndp2wnnc04tu4oy2uy07i1o6ia3h-0g6m9pinatpfxqqol25q95.4o2k722zjcqhjudzupctlxu41q2bdchehamsol2-jb8e3g63em.cwnfhor/X$8/d\",\n        \"info\": \"r))B3K\",\n        \"isSelectable\": true,\n        \";g^K\": {\n          \"name\": \"FD^zi4Z\",\n          \"ay\": 2023,\n          \"assign\": [\n            \"z8>%\"\n          ],\n          \"match\": \"JJ76Q\",\n          \"satisfy\": [\n            \"QxRz\",\n            {\n              \"and\": [\n                {\n                  \"and\": [\n                    {\n                      \"and\": []\n                    },\n                    {\n                      \"or\": [\n                        \"M\",\n                        \"N*#r^{\",\n                        \"\"\n                      ]\n                    },\n                    {\n                      \"and\": [\n                        \"\",\n                        \"z\"\n                      ]\n                    },\n                    \"R}^EEF|\",\n                    {\n                      \"or\": [\n                        {\n                          \"or\": [\n                            {\n                              \"mc\": \">=176\"\n                            },\n                            {\n                              \"and\": [\n                                \"q24_xI\",\n                                \"&\\\"t;)7Yk0\",\n                                \"\",\n                                \"3R?p7Hn8\"\n                              ]\n                            },\n                            \"a(\"\n                          ]\n                        },\n                        \"MLE%b%bI\"\n                      ]\n                    }\n                  ]\n                },\n                {\n                  \"or\": [\n                    \"m$++o9'\",\n                    \"c\",\n                    \"#m&xU2_\",\n                    {\n                      \"or\": []\n                    },\n                    {\n                      \"and\": [\n                        {\n                          \"mc\": \">=133\"\n                        },\n                        \"$Zv~?Ux Lp\",\n                        \"G\",\n                        \"Li][p6\",\n                        \"fXMo2$>A\"\n                      ]\n                    }\n                  ]\n                }\n              ]\n            },\n            {\n              \"and\": [\n                {\n                  \"and\": [\n                    \"4]Ns7_O)@I\",\n                    {\n                      \"or\": [\n                        \"x\"\n                      ]\n                    },\n                    \")FYl<zc\",\n                    \")p\"\n                  ]\n                },\n                {\n                  \"or\": [\n                    \"9T-@^37GD\",\n                    \"5@}pud`\",\n                    {\n                      \"mc\": \">=108\"\n                    },\n                    \"\"\n                  ]\n                },\n                {\n                  \"and\": []\n                },\n                {\n                  \"and\": []\n                }\n              ]\n            },\n            {\n              \"or\": [\n                \"q$!X}$Jrp\"\n              ]\n            },\n            {\n              \"and\": [\n                {\n                  \"mc\": \"<=24\"\n                },\n                \"n\",\n                {\n                  \"or\": []\n                }\n              ]\n            }\n          ],\n          \"url\": \"https://dj3bucrs7w7o56v1-me7isop.dfpjihxqw/!o+O6Bu5!/Q/q0VUF~f/LQ-=&%F2%8F%80%B7BjHx/,NxD/0%F0%B8%8E%8E9%F0%97%97%AE%F1%A3%BF%99\",\n          \"isSelectable\": true,\n          \"XHPZ?\": {\n            \"name\": \"RPYj\",\n            \"assign\": \"wZgPe\",\n            \"match\": {\n              \"and\": [\n                {\n                  \"or\": []\n                },\n                \"PR914\",\n                {\n                  \"and\": [\n                    {\n                      \"and\": [\n                        {\n                          \"pattern\": \"FYB0*\",\n                          \"exclude\": \"TAT04J\",\n                          \"info\": \"\"\n                        },\n                        \"TC306\",\n                        \"DR9911G\"\n                      ]\n                    },\n                    {\n                      \"and\": [\n                        \"GRxN\",\n                        \"VKx7K\",\n                        \"WG55x\",\n                        \"QQ79I\",\n                        {\n                          \"pattern\": \"AI3331\",\n                          \"exclude\": [\n                            \"QR*0*U\",\n                            \"TYG34I\"\n                          ],\n                          \"info\": \"%j\"\n                        }\n                      ]\n                    },\n                    \"XW4*V\"\n                  ]\n                }\n              ]\n            },\n            \"info\": \"\",\n            \"isSelectable\": true\n          }\n        },\n        \">Y,')\": {\n          \"ay\": 1981,\n          \"assign\": \"e+e\",\n          \"match\": [\n            {\n              \"or\": [\n                {\n                  \"and\": [\n                    {\n                      \"and\": [\n                        \"TQ90S\",\n                        {\n                          \"or\": [\n                            \"PYC946\",\n                            \"SV5*T\",\n                            \"EY0S\"\n                          ]\n                        },\n                        {\n                          \"pattern\": \"GAB9\",\n                          \"info\": \",$:f|P4~?5\"\n                        },\n                        \"IEC580V\"\n                      ]\n                    },\n                    \"LJB2L\",\n                    {\n                      \"or\": [\n                        {\n                          \"and\": [\n                            \"GF2\",\n                            {\n                              \"or\": [\n                                {\n                                  \"pattern\": \"AW03Z\",\n                                  \"exclude\": [\n                                    \"ONS1326\",\n                                    \"HD8\",\n                                    \"MIx5V\",\n                                    \"MHW85\"\n                                  ],\n                                  \"info\": \"fcW;\"\n                                },\n                                {\n                                  \"or\": []\n                                }\n                              ]\n                            },\n                            \"KYAx38*\",\n                            \"VC105G\"\n                          ]\n                        },\n                        {\n                          \"and\": [\n                            \"SOT32*\",\n                            {\n                              \"or\": [\n                                \"EW6*6\",\n                                \"ZUK7*1\"\n                              ]\n                            },\n                            \"SJA5S\",\n                            \"JY8*\",\n                            {\n                              \"and\": [\n                                \"HOKx\",\n                                {\n                                  \"or\": [\n                                    \"XQI2209\"\n                                  ]\n                                },\n                                \"FVC569*P\",\n                                {\n                                  \"pattern\": \"ZKX52S\",\n                                  \"exclude\": [\n                                    \"IV5*2N\",\n                                    \"UA3\",\n                                    \"NF7Q\",\n                                    \"DX8M\"\n                                  ],\n                                  \"info\": \"&S6IRr,j$:\"\n                                },\n                                \"BR9\"\n                              ]\n                            }\n                          ]\n                        }\n                      ]\n                    }\n                  ]\n                },\n                {\n                  \"or\": [\n                    {\n                      \"or\": [\n                        \"HL629\"\n                      ]\n                    }\n                  ]\n                },\n                {\n                  \"pattern\": \"RZx47V\",\n                  \"exclude\": \"XL6*L\",\n                  \"info\": \"r\"\n                }\n              ]\n            },\n            {\n              \"and\": [\n                {\n                  \"or\": [\n                    \"DW9407\",\n                    \"FXK440\",\n                    {\n                      \"or\": [\n                        {\n                          \"pattern\": \"WD1\",\n                          \"exclude\": [\n                            \"AA936x\",\n                            \"BEW8032\",\n                            \"LY9123O\",\n                            \"KR87K\",\n                            \"JXF554x\"\n                          ],\n                          \"info\": \"#j\\\\S#r\"\n                        },\n                        \"VM*657J\",\n                        \"RFQ1\",\n                        \"UXP28\",\n                        \"BO8277\"\n                      ]\n                    },\n                    \"IQL35D\",\n                    \"NL8R\"\n                  ]\n                },\n                {\n                  \"or\": []\n                },\n                {\n                  \"and\": [\n                    \"ZJC*1*\",\n                    \"WN*67*F\",\n                    {\n                      \"pattern\": \"CR75S\",\n                      \"exclude\": \"KP0\",\n                      \"info\": \"4IyoTu&E\"\n                    }\n                  ]\n                },\n                \"YVD986\",\n                \"GPN5R\"\n              ]\n            },\n            {\n              \"or\": [\n                {\n                  \"or\": []\n                },\n                {\n                  \"and\": [\n                    \"YV201*\",\n                    \"EV570\",\n                    {\n                      \"and\": [\n                        \"XCU0*X\",\n                        {\n                          \"or\": [\n                            {\n                              \"or\": [\n                                {\n                                  \"or\": [\n                                    \"DWC1762\",\n                                    {\n                                      \"and\": [\n                                        \"GT90x*I\",\n                                        \"NVXxx62X\",\n                                        \"IJ454\"\n                                      ]\n                                    },\n                                    \"JGY6050I\",\n                                    \"LW*962S\",\n                                    \"UWY**7xW\"\n                                  ]\n                                },\n                                \"WA4075\",\n                                \"GM6\",\n                                \"EPA14x8\"\n                              ]\n                            },\n                            \"GGI47L\",\n                            {\n                              \"pattern\": \"QCA3974\",\n                              \"exclude\": \"BJ*60D\",\n                              \"info\": \")XVj|N92\"\n                            },\n                            \"XK85N\",\n                            \"VBV8919\"\n                          ]\n                        },\n                        {\n                          \"pattern\": \"RM34x2P\",\n                          \"exclude\": [\n                            \"DOx*78\",\n                            \"BK5x2X\",\n                            \"QC62\",\n                            \"JZY32J\"\n                          ]\n                        },\n                        \"JKJ1341X\"\n                      ]\n                    },\n                    \"ZO80\"\n                  ]\n                },\n                {\n                  \"and\": [\n                    \"EEM7346B\",\n                    {\n                      \"pattern\": \"KW2\",\n                      \"exclude\": \"NF0869\",\n                      \"info\": \"}ACyRuP!<\"\n                    }\n                  ]\n                },\n                \"IV9594T\",\n                {\n                  \"pattern\": \"AS28\",\n                  \"exclude\": [\n                    \"EV522\",\n                    \"FLH0x6\",\n                    \"TZA908C\",\n                    \"AWT016*W\"\n                  ],\n                  \"info\": \"~|)\\\"\"\n                }\n              ]\n            },\n            {\n              \"or\": [\n                {\n                  \"or\": [\n                    \"SKC7695\",\n                    \"II4B\",\n                    {\n                      \"or\": [\n                        {\n                          \"and\": [\n                            \"IPH0\",\n                            \"SI4x*O\",\n                            \"NB8D\",\n                            \"TM6\"\n                          ]\n                        }\n                      ]\n                    },\n                    {\n                      \"or\": [\n                        {\n                          \"or\": [\n                            {\n                              \"and\": []\n                            },\n                            \"TW7\",\n                            \"KMG4x07D\",\n                            \"NLG66\",\n                            {\n                              \"pattern\": \"HX5225N\",\n                              \"exclude\": [\n                                \"ZSH603\"\n                              ],\n                              \"info\": \"O&c\"\n                            }\n                          ]\n                        },\n                        \"DJ23x7\",\n                        \"CWD61xZ\"\n                      ]\n                    }\n                  ]\n                },\n                {\n                  \"pattern\": \"PW3*\",\n                  \"info\": \"NO\"\n                },\n                {\n                  \"pattern\": \"BWE52\",\n                  \"exclude\": [\n                    \"XEF4\",\n                    \"MLxx7T\",\n                    \"JRC2xY\"\n                  ],\n                  \"info\": \"<E3w4xget\"\n                }\n              ]\n            }\n          ],\n          \"satisfy\": \"7F^m5bqm\",\n          \"info\": \"\",\n          \"isSelectable\": true\n        },\n        \"\\\"N\": {\n          \"name\": \"ndJ3P!$\",\n          \"ay\": 1958,\n          \"assign\": [\n            \"1#FK_F3_q\",\n            \"T\"\n          ],\n          \"match\": {\n            \"pattern\": \"FZx21xS\",\n            \"exclude\": \"GW86Y\",\n            \"info\": \"p\"\n          },\n          \"satisfy\": [\n            \"!vF\"\n          ],\n          \"info\": \"t]4O-[O\",\n          \"isSelectable\": true\n        },\n        \"CDQjw\": {\n          \"name\": \"\",\n          \"ay\": 2020,\n          \"assign\": [\n            \"DJ]*vr5x}l\",\n            \"\"\n          ],\n          \"match\": {\n            \"or\": [\n              \"CLK825\",\n              {\n                \"pattern\": \"MNF8D\",\n                \"exclude\": \"PO7102\",\n                \"info\": \"98TS`c\"\n              },\n              {\n                \"pattern\": \"BX49\",\n                \"exclude\": [\n                  \"JC75O\",\n                  \"ZCE87W\",\n                  \"HG47\",\n                  \"FOx404D\"\n                ],\n                \"info\": \"^pI }%8t\"\n              },\n              \"JN878\"\n            ]\n          },\n          \"satisfy\": [\n            \"Corv\",\n            \"nhN\",\n            {\n              \"or\": [\n                \"l$y; \",\n                {\n                  \"mc\": \"<=142\"\n                },\n                {\n                  \"and\": [\n                    \"0sOIH\",\n                    \"Vu' C/q\",\n                    {\n                      \"and\": [\n                        \"-Rq!G?\\\\W\",\n                        {\n                          \"and\": [\n                            \"LV2V}b\",\n                            {\n                              \"and\": [\n                                \"%rH9]I[:.\",\n                                \"\",\n                                \"o0~\\\\\",\n                                \"|m\",\n                                \"~[SX9\"\n                              ]\n                            },\n                            \"H<Z\",\n                            \"+=[\"\n                          ]\n                        },\n                        {\n                          \"mc\": \"<=125\"\n                        },\n                        {\n                          \"or\": []\n                        }\n                      ]\n                    },\n                    \"5.r%-Q\",\n                    \"'1'K\"\n                  ]\n                },\n                {\n                  \"mc\": \"<=173\"\n                }\n              ]\n            }\n          ],\n          \"url\": \"https://hzks2pgbzk2faya1r9m6oblb754m4bv8tlv1ob3ankujkq4uzclltwi86yy0sro.t4k1t6n-gr5q4cpgavdh9suftrqn.u.r7go087revu0c12oxepe6hwuh9mo4f8vwlck3hn7vhqe-cfcm.ysjrh/z~s%F2%90%B6%9BbJ(\",\n          \"info\": \"wvz87;[j\\\\\"\n        }\n      }\n    }\n  },\n  {\n    \"title\": \"block sample 4\",\n    \"value\": {\n      \"name\": \"! RR%\",\n      \"ay\": 2025,\n      \"assign\": [\n        \"r<\"\n      ],\n      \"satisfy\": [],\n      \"url\": \"https://qhdjdox4wbomod0-jfn9k0hddhy9t.z93lfrdwtuh4352z.ctk/%F1%AA%9E%81p$%E7%98%8E&5k%F3%A8%8F%BB/EiU1/H:Wk,iecu\",\n      \"info\": \"\",\n      \"isSelectable\": true\n    }\n  },\n  {\n    \"title\": \"block sample 5\",\n    \"value\": {\n      \"name\": \"}1>?^\",\n      \"ay\": 1955,\n      \"assign\": \"C\",\n      \"match\": [\n        {\n          \"pattern\": \"SZxx8L\",\n          \"exclude\": [],\n          \"info\": \"yzy&$}`\"\n        },\n        {\n          \"and\": [\n            {\n              \"pattern\": \"ZX342\",\n              \"exclude\": \"SVIx4*\",\n              \"info\": \"9Z\"\n            },\n            {\n              \"and\": [\n                \"UF401*\",\n                \"KQ8062V\"\n              ]\n            },\n            {\n              \"pattern\": \"BNG*61\",\n              \"exclude\": [\n                \"ZKI27O\",\n                \"RSB008\"\n              ],\n              \"info\": \"/@W70r\\\"<:m\"\n            },\n            {\n              \"and\": []\n            }\n          ]\n        },\n        {\n          \"and\": [\n            {\n              \"pattern\": \"FDG6086\",\n              \"exclude\": [\n                \"YBI3\",\n                \"USD1940N\"\n              ],\n              \"info\": \"\"\n            }\n          ]\n        },\n        {\n          \"and\": []\n        },\n        {\n          \"pattern\": \"ME2\",\n          \"exclude\": \"HS44\",\n          \"info\": \"\\\")\"\n        }\n      ],\n      \"satisfy\": [\n        \"\",\n        \"\"\n      ],\n      \"url\": \"http://zd5d4cdbc8ca6f8d5uefb8yc68idu55od4cf67.x.bq1cu1oi1wneeswojhdv47c3fl5b7v6m1qkc-li1dqs72icd.reo/N!3vp%F2%A1%B9%BDCP\",\n      \"info\": \"BO>\",\n      \"isSelectable\": true\n    }\n  },\n  {\n    \"title\": \"block sample 6\",\n    \"value\": {\n      \"name\": \"s=%\\\"$\",\n      \"ay\": 1953,\n      \"assign\": \"L<\",\n      \"match\": {\n        \"or\": [\n          {\n            \"or\": []\n          },\n          {\n            \"or\": [\n              \"RN2299\"\n            ]\n          },\n          \"VG831\",\n          {\n            \"pattern\": \"RC5\",\n            \"info\": \",mgD\"\n          }\n        ]\n      },\n      \"isSelectable\": true\n    }\n  },\n  {\n    \"title\": \"block sample 7\",\n    \"value\": {\n      \"name\": \"\",\n      \"ay\": 1956,\n      \"assign\": [\n        \"\"\n      ],\n      \"match\": [\n        \"XLx\",\n        {\n          \"or\": [\n            {\n              \"and\": [\n                {\n                  \"pattern\": \"DN8L\",\n                  \"exclude\": [\n                    \"HK3D\"\n                  ]\n                },\n                \"VMB39W\",\n                \"WXF*5U\",\n                \"OV6\",\n                {\n                  \"pattern\": \"WF8N\",\n                  \"exclude\": \"VII00S\"\n                }\n              ]\n            },\n            {\n              \"pattern\": \"HEQ**54\",\n              \"exclude\": [\n                \"ZKP9*\",\n                \"UGW432\",\n                \"DHO24S\",\n                \"ZPLx\"\n              ],\n              \"info\": \":!$&\"\n            }\n          ]\n        }\n      ],\n      \"info\": \")(!q!KB\",\n      \"isSelectable\": true\n    }\n  },\n  {\n    \"title\": \"block sample 8\",\n    \"value\": {\n      \"name\": \"5 6y>#Wz}G\",\n      \"assign\": \"tN>\",\n      \"satisfy\": {\n        \"or\": [\n          {\n            \"mc\": \">=27\"\n          },\n          {\n            \"mc\": \"<=138\"\n          }\n        ]\n      },\n      \"info\": \"}1- r6x\",\n      \"isSelectable\": true\n    }\n  },\n  {\n    \"title\": \"block sample 9\",\n    \"value\": {\n      \"ay\": 2015,\n      \"assign\": \"#~(}OEwvY\",\n      \"match\": [\n        {\n          \"and\": [\n            \"NR70B\",\n            {\n              \"and\": [\n                \"GGW*4\",\n                {\n                  \"and\": []\n                },\n                \"YP000J\",\n                \"QK82\",\n                {\n                  \"or\": []\n                }\n              ]\n            }\n          ]\n        },\n        \"MJ52D\"\n      ],\n      \"satisfy\": {\n        \"and\": [\n          {\n            \"and\": [\n              {\n                \"mc\": \"<=66\"\n              },\n              {\n                \"mc\": \">=26\"\n              }\n            ]\n          },\n          {\n            \"and\": [\n              {\n                \"and\": [\n                  {\n                    \"and\": [\n                      \"#*tO\"\n                    ]\n                  },\n                  \"LJO~7OM s\",\n                  \"NSXseW\",\n                  \"#tb\",\n                  {\n                    \"and\": [\n                      \"Yf'3{H\",\n                      \"Dtxuq@x\\\\.?\",\n                      \"jK\",\n                      \"4`K8]h0T&\"\n                    ]\n                  }\n                ]\n              }\n            ]\n          }\n        ]\n      },\n      \"url\": \"https://lafvt2au2a0cm3f-u76tk9e4ttkacl5vlotu11mvyygbp2.c.ftxgxthitn/n~%F3%BF%A1%9E_T%F0%B6%A5%93/%F2%B8%95%8A,Xjzo/fc=k!adF%F3%BA%BE%9B/rB'h/O;%F2%B5%83%A4C%F1%8A%AD%8A//G%F3%81%BE%9DOb!%E5%BE%A2/E=%F2%B8%84%8Fd4LO/%ED%8A%9FcZic%F1%8A%85%9Cshv/,dm9\",\n      \"info\": \"\"\n    }\n  }\n]",
              "code": "fast_check_1.sample(index_test_2.block, 10).forEach((sample, i) => addContext_1.default(this, {\n    title: `block sample ${i}`,\n    value: sample,\n}));\nreturn fast_check_1.assert(fast_check_1.property(index_test_2.block, ajvValidate));",
              "err": {},
              "uuid": "ed4aebcc-c649-4dfc-aaf0-fbff3c58a79c",
              "parentUUID": "264bb86f-e0ad-467a-b611-b025a8c7e96f",
              "isHook": false,
              "skipped": false
            },
            {
              "title": "should not validate non-object",
              "fullTitle": "blockSchema should not validate non-object",
              "timedOut": false,
              "duration": 2,
              "state": "passed",
              "speed": "fast",
              "pass": true,
              "fail": false,
              "pending": false,
              "context": null,
              "code": "const error = {\n    instancePath: \"\",\n    message: \"block should be an object\",\n};\nisInvalidBlock(null, error);\nisInvalidBlock(undefined, error);\nisInvalidBlock(10, error);\nisInvalidBlock([12, 24], error);\nisInvalidBlock(\"abc\", error);",
              "err": {},
              "uuid": "994b3da7-d04d-45c6-bc88-91bf1f720d6d",
              "parentUUID": "264bb86f-e0ad-467a-b611-b025a8c7e96f",
              "isHook": false,
              "skipped": false
            },
            {
              "title": "should not validate block with invalid properties",
              "fullTitle": "blockSchema should not validate block with invalid properties",
              "timedOut": false,
              "duration": 1,
              "state": "passed",
              "speed": "fast",
              "pass": true,
              "fail": false,
              "pending": false,
              "context": null,
              "code": "isInvalidBlock({\n        name: { foo: \"bar\" },\n        ay: -1000,\n        assign: {},\n        match: 1,\n        satisfy: 2,\n        url: { abc: \"def\" },\n        info: 42,\n        isSelectable: 32,\n    }, { instancePath: \"/name\", message: \"property 'name' should be a string\" }, {\n        instancePath: \"/ay\",\n        message: \"property 'ay' should be a positive integer\",\n    }, {\n        instancePath: \"/assign\",\n        message: \"property 'assign' should be either a block ID or an array of block IDs\",\n    }, {\n        instancePath: \"/match\",\n        message: \"property 'match' should be either a match rule or an array of match rules\",\n    }, {\n        instancePath: \"/satisfy\",\n        message: \"property 'satisfy' should be either a satisfy rule or an array of satisfy rules\",\n    }, { instancePath: \"/url\", message: \"property 'url' should be a string\" }, { instancePath: \"/info\", message: \"property 'info' should be a string\" }, {\n        instancePath: \"/isSelectable\",\n        message: \"property 'isSelectable' should be a boolean\",\n    })",
              "err": {},
              "uuid": "89abbb37-f488-4237-b30e-84f2f1d86e22",
              "parentUUID": "264bb86f-e0ad-467a-b611-b025a8c7e96f",
              "isHook": false,
              "skipped": false
            }
          ],
          "suites": [],
          "passes": [
            "ed4aebcc-c649-4dfc-aaf0-fbff3c58a79c",
            "994b3da7-d04d-45c6-bc88-91bf1f720d6d",
            "89abbb37-f488-4237-b30e-84f2f1d86e22"
          ],
          "failures": [],
          "pending": [],
          "skipped": [],
          "duration": 176,
          "root": false,
          "rootEmpty": false,
          "_timeout": 2000
        },
        {
          "uuid": "5aaddf00-35cf-493b-9465-18e36fd613b3",
          "title": "patternToRE",
          "fullFile": "/home/runner/work/planwithus-lib/planwithus-lib/src/matchRule/pattern/satisfiers.test.ts",
          "file": "/src/matchRule/pattern/satisfiers.test.ts",
          "beforeHooks": [],
          "afterHooks": [],
          "tests": [
            {
              "title": "should match valid modules with a single pattern",
              "fullTitle": "patternToRE should match valid modules with a single pattern",
              "timedOut": false,
              "duration": 12,
              "state": "passed",
              "speed": "fast",
              "pass": true,
              "fail": false,
              "pending": false,
              "context": "[\n  {\n    \"title\": \"patternExampleList sample 0\",\n    \"value\": [\n      \"PWx\",\n      [\n        \"PW2\"\n      ]\n    ]\n  },\n  {\n    \"title\": \"patternExampleList sample 1\",\n    \"value\": [\n      \"WD1\",\n      [\n        \"WD1\"\n      ]\n    ]\n  },\n  {\n    \"title\": \"patternExampleList sample 2\",\n    \"value\": [\n      \"TG9234\",\n      [\n        \"TG9234\"\n      ]\n    ]\n  },\n  {\n    \"title\": \"patternExampleList sample 3\",\n    \"value\": [\n      \"WRU52\",\n      [\n        \"WRU52\"\n      ]\n    ]\n  },\n  {\n    \"title\": \"patternExampleList sample 4\",\n    \"value\": [\n      \"PZF7536\",\n      [\n        \"PZF7536\"\n      ]\n    ]\n  },\n  {\n    \"title\": \"patternExampleList sample 5\",\n    \"value\": [\n      \"NFx\",\n      [\n        \"NF4\",\n        \"NF8\",\n        \"NF1\",\n        \"NF6\"\n      ]\n    ]\n  },\n  {\n    \"title\": \"patternExampleList sample 6\",\n    \"value\": [\n      \"VT6\",\n      [\n        \"VT6\"\n      ]\n    ]\n  },\n  {\n    \"title\": \"patternExampleList sample 7\",\n    \"value\": [\n      \"MZL06\",\n      [\n        \"MZL06\"\n      ]\n    ]\n  },\n  {\n    \"title\": \"patternExampleList sample 8\",\n    \"value\": [\n      \"NLV51\",\n      [\n        \"NLV51\"\n      ]\n    ]\n  },\n  {\n    \"title\": \"patternExampleList sample 9\",\n    \"value\": [\n      \"SXR6\",\n      [\n        \"SXR6\"\n      ]\n    ]\n  }\n]",
              "code": "fast_check_1.sample(index_test_1.patternExampleList, 10).forEach((sample, i) => addContext_1.default(this, {\n    title: `patternExampleList sample ${i}`,\n    value: sample,\n}));\nreturn fast_check_1.assert(fast_check_1.property(index_test_1.patternExampleList, ([patternStr, examples]) => {\n    const re = _1.patternToRE(patternStr);\n    return examples.every(re.test.bind(re));\n}));",
              "err": {},
              "uuid": "4fc785b4-6bb4-47f3-8e21-11b97c736cdc",
              "parentUUID": "5aaddf00-35cf-493b-9465-18e36fd613b3",
              "isHook": false,
              "skipped": false
            },
            {
              "title": "should match valid modules with multiple patterns",
              "fullTitle": "patternToRE should match valid modules with multiple patterns",
              "timedOut": false,
              "duration": 54,
              "state": "passed",
              "speed": "medium",
              "pass": true,
              "fail": false,
              "pending": false,
              "context": "[\n  {\n    \"title\": \"patternExampleListArray sample 0\",\n    \"value\": [\n      [\n        \"XP8Y\",\n        [\n          \"XP8Y\"\n        ]\n      ],\n      [\n        \"JV4738\",\n        [\n          \"JV4738\"\n        ]\n      ],\n      [\n        \"TA0I\",\n        [\n          \"TA0I\"\n        ]\n      ],\n      [\n        \"KX013\",\n        [\n          \"KX013\"\n        ]\n      ]\n    ]\n  },\n  {\n    \"title\": \"patternExampleListArray sample 1\",\n    \"value\": [\n      [\n        \"WT151\",\n        [\n          \"WT151\"\n        ]\n      ],\n      [\n        \"FM4003\",\n        [\n          \"FM4003\"\n        ]\n      ],\n      [\n        \"QM*4x6\",\n        [\n          \"QMSCY57UYC476\",\n          \"QMC1PL80456\",\n          \"QMN0J406\",\n          \"QM37XOOGWW476\",\n          \"QMM436\"\n        ]\n      ],\n      [\n        \"YC3\",\n        [\n          \"YC3\"\n        ]\n      ],\n      [\n        \"RJB7Z\",\n        [\n          \"RJB7Z\"\n        ]\n      ],\n      [\n        \"LHx80\",\n        [\n          \"LH980\"\n        ]\n      ],\n      [\n        \"HE1\",\n        [\n          \"HE1\"\n        ]\n      ],\n      [\n        \"IK89D\",\n        [\n          \"IK89D\"\n        ]\n      ],\n      [\n        \"HPX235\",\n        [\n          \"HPX235\"\n        ]\n      ],\n      [\n        \"ISG8P\",\n        [\n          \"ISG8P\"\n        ]\n      ],\n      [\n        \"UCN9Z\",\n        [\n          \"UCN9Z\"\n        ]\n      ],\n      [\n        \"QW79W\",\n        [\n          \"QW79W\"\n        ]\n      ]\n    ]\n  },\n  {\n    \"title\": \"patternExampleListArray sample 2\",\n    \"value\": [\n      [\n        \"IXS9493E\",\n        [\n          \"IXS9493E\"\n        ]\n      ],\n      [\n        \"OXU**1\",\n        [\n          \"OXU7LC31\",\n          \"OXUP07G1\",\n          \"OXU0DW86W2U1\",\n          \"OXU7U2VG0HXEDZJ1\",\n          \"OXU7TSR1\"\n        ]\n      ],\n      [\n        \"ZP68\",\n        [\n          \"ZP68\"\n        ]\n      ],\n      [\n        \"IEU1B\",\n        [\n          \"IEU1B\"\n        ]\n      ],\n      [\n        \"WQ30\",\n        [\n          \"WQ30\"\n        ]\n      ],\n      [\n        \"CJ1x\",\n        [\n          \"CJ15\",\n          \"CJ10\",\n          \"CJ12\",\n          \"CJ13\",\n          \"CJ19\",\n          \"CJ14\"\n        ]\n      ],\n      [\n        \"VG1*I\",\n        [\n          \"VG1EOXI\"\n        ]\n      ],\n      [\n        \"SMM567M\",\n        [\n          \"SMM567M\"\n        ]\n      ],\n      [\n        \"CM*2Z\",\n        [\n          \"CM0MS9Z2Z\",\n          \"CMB32Z\",\n          \"CMOL2Z\",\n          \"CM9N52Z\",\n          \"CMJYV94PB2Z\",\n          \"CMBDKIRDX2Z\",\n          \"CMHS42Z\",\n          \"CM7GVUU2Z\",\n          \"CM2Z\",\n          \"CMR2Z\",\n          \"CM4US5X4KS2Z\"\n        ]\n      ],\n      [\n        \"WV739*A\",\n        [\n          \"WV739UXA\",\n          \"WV739A\",\n          \"WV739GFA\",\n          \"WV739ZA\",\n          \"WV739PGE3SA\",\n          \"WV739NA\",\n          \"WV739DI4W5F6A\"\n        ]\n      ],\n      [\n        \"SBE3794\",\n        [\n          \"SBE3794\"\n        ]\n      ],\n      [\n        \"YE9K\",\n        [\n          \"YE9K\"\n        ]\n      ]\n    ]\n  },\n  {\n    \"title\": \"patternExampleListArray sample 3\",\n    \"value\": [\n      [\n        \"RGU*66W\",\n        [\n          \"RGUQ28HYE366W\",\n          \"RGU3066W\",\n          \"RGUHH66W\",\n          \"RGUW6Y66W\",\n          \"RGUYT5VY66W\",\n          \"RGUG1TGZO466W\",\n          \"RGU78N66W\"\n        ]\n      ],\n      [\n        \"LW507\",\n        [\n          \"LW507\"\n        ]\n      ]\n    ]\n  },\n  {\n    \"title\": \"patternExampleListArray sample 4\",\n    \"value\": [\n      [\n        \"SWX93V\",\n        [\n          \"SWX93V\"\n        ]\n      ],\n      [\n        \"OXE5F\",\n        [\n          \"OXE5F\"\n        ]\n      ],\n      [\n        \"NPW52\",\n        [\n          \"NPW52\"\n        ]\n      ],\n      [\n        \"LHC7xx\",\n        [\n          \"LHC717\",\n          \"LHC735\",\n          \"LHC791\",\n          \"LHC787\",\n          \"LHC709\",\n          \"LHC719\",\n          \"LHC716\",\n          \"LHC758\"\n        ]\n      ],\n      [\n        \"AVU*\",\n        [\n          \"AVUTXZBE1\",\n          \"AVUBZO4\",\n          \"AVUS25\",\n          \"AVU50FZJ4A\",\n          \"AVU\",\n          \"AVUWKR\",\n          \"AVUFBGIHJ0I\",\n          \"AVUT1XFIY1R\",\n          \"AVUQU00I\",\n          \"AVUFT78\",\n          \"AVUSJ7\"\n        ]\n      ],\n      [\n        \"GLE1xO\",\n        [\n          \"GLE10O\",\n          \"GLE19O\",\n          \"GLE11O\",\n          \"GLE15O\"\n        ]\n      ],\n      [\n        \"QGx*U\",\n        [\n          \"QG03T1J5PU\",\n          \"QG3U\",\n          \"QG3322EW6QXU\"\n        ]\n      ],\n      [\n        \"UDx946U\",\n        [\n          \"UD1946U\"\n        ]\n      ],\n      [\n        \"CU*9\",\n        [\n          \"CU3EGO4MHO9\",\n          \"CU9\",\n          \"CUDV9719\",\n          \"CUWEEYE9U9\",\n          \"CUMA55BH89\",\n          \"CUWZ47PE239\",\n          \"CUJHRC18ZF9\",\n          \"CUF69\",\n          \"CUFSYS29\",\n          \"CUH64CNF9\",\n          \"CUWSP0T0D9\",\n          \"CUI9\"\n        ]\n      ],\n      [\n        \"YYO67O\",\n        [\n          \"YYO67O\"\n        ]\n      ],\n      [\n        \"WHS88V\",\n        [\n          \"WHS88V\"\n        ]\n      ]\n    ]\n  },\n  {\n    \"title\": \"patternExampleListArray sample 5\",\n    \"value\": [\n      [\n        \"FCG10\",\n        [\n          \"FCG10\"\n        ]\n      ],\n      [\n        \"RX727Y\",\n        [\n          \"RX727Y\"\n        ]\n      ],\n      [\n        \"UJ*P\",\n        [\n          \"UJP\",\n          \"UJ56KP\",\n          \"UJUZZP\",\n          \"UJ1W9JO83P\",\n          \"UJSU3IP\",\n          \"UJ9P\",\n          \"UJJQZS6E6P\",\n          \"UJWE4P\",\n          \"UJ2S0NAZP\",\n          \"UJWAKSFP\"\n        ]\n      ],\n      [\n        \"MI980\",\n        [\n          \"MI980\"\n        ]\n      ],\n      [\n        \"OJ*\",\n        [\n          \"OJ\",\n          \"OJFJ83YYCX\",\n          \"OJI\",\n          \"OJ4\"\n        ]\n      ],\n      [\n        \"GKxx00\",\n        [\n          \"GK3000\"\n        ]\n      ],\n      [\n        \"AE1315\",\n        [\n          \"AE1315\"\n        ]\n      ],\n      [\n        \"DUI39O\",\n        [\n          \"DUI39O\"\n        ]\n      ]\n    ]\n  },\n  {\n    \"title\": \"patternExampleListArray sample 6\",\n    \"value\": [\n      [\n        \"ZGU2\",\n        [\n          \"ZGU2\"\n        ]\n      ],\n      [\n        \"HJ97*\",\n        [\n          \"HJ970VBURY50\",\n          \"HJ97R268DSVX\",\n          \"HJ97HX\",\n          \"HJ97ATK4\",\n          \"HJ97GFJTIH\",\n          \"HJ978D\",\n          \"HJ97O0\",\n          \"HJ97OF\",\n          \"HJ97\",\n          \"HJ974MU35B\",\n          \"HJ97W\",\n          \"HJ97ER\"\n        ]\n      ]\n    ]\n  },\n  {\n    \"title\": \"patternExampleListArray sample 7\",\n    \"value\": [\n      [\n        \"VO61\",\n        [\n          \"VO61\"\n        ]\n      ],\n      [\n        \"QP47\",\n        [\n          \"QP47\"\n        ]\n      ],\n      [\n        \"OTR15\",\n        [\n          \"OTR15\"\n        ]\n      ],\n      [\n        \"WDP*\",\n        [\n          \"WDP5PMP\",\n          \"WDPH6CCPH\",\n          \"WDPQ71E\",\n          \"WDPOXPND0V\",\n          \"WDPK4VA\",\n          \"WDP0MTNLNB\",\n          \"WDPPVI\",\n          \"WDPZ9L7L\",\n          \"WDPM0E7JR\",\n          \"WDP\"\n        ]\n      ],\n      [\n        \"AW537\",\n        [\n          \"AW537\"\n        ]\n      ],\n      [\n        \"WK*90\",\n        [\n          \"WK90\",\n          \"WKCOV90\"\n        ]\n      ],\n      [\n        \"GJx6M\",\n        [\n          \"GJ46M\"\n        ]\n      ],\n      [\n        \"DU05D\",\n        [\n          \"DU05D\"\n        ]\n      ],\n      [\n        \"KDI4\",\n        [\n          \"KDI4\"\n        ]\n      ]\n    ]\n  },\n  {\n    \"title\": \"patternExampleListArray sample 8\",\n    \"value\": [\n      [\n        \"LOQ72T\",\n        [\n          \"LOQ72T\"\n        ]\n      ],\n      [\n        \"CL389\",\n        [\n          \"CL389\"\n        ]\n      ]\n    ]\n  },\n  {\n    \"title\": \"patternExampleListArray sample 9\",\n    \"value\": [\n      [\n        \"QI642O\",\n        [\n          \"QI642O\"\n        ]\n      ]\n    ]\n  }\n]",
              "code": "const patternExampleListArray = fast_check_1.array(index_test_1.patternExampleList, { minLength: 1 });\nfast_check_1.sample(patternExampleListArray, 10).forEach((sample, i) => addContext_1.default(this, {\n    title: `patternExampleListArray sample ${i}`,\n    value: sample,\n}));\nreturn fast_check_1.assert(fast_check_1.property(patternExampleListArray, (ts) => {\n    const re = _1.patternToRE(...ts.map(([patternStr]) => patternStr));\n    return ts\n        .map(([, examples]) => examples)\n        .flat()\n        .every(re.test.bind(re));\n}));",
              "err": {},
              "uuid": "9dcd0f5d-d1d4-45e5-bba8-286c1b60ccf6",
              "parentUUID": "5aaddf00-35cf-493b-9465-18e36fd613b3",
              "isHook": false,
              "skipped": false
            },
            {
              "title": "should not match x to non-number",
              "fullTitle": "patternToRE should not match x to non-number",
              "timedOut": false,
              "duration": 1,
              "state": "passed",
              "speed": "fast",
              "pass": true,
              "fail": false,
              "pending": false,
              "context": null,
              "code": "const re = _1.patternToRE(\"x\");\n[\"A\", \"Z\", \"c\", \"#\"].forEach((example) => isInvalidExample(re, example));",
              "err": {},
              "uuid": "0585bc57-9be1-4594-bb29-d618876f1563",
              "parentUUID": "5aaddf00-35cf-493b-9465-18e36fd613b3",
              "isHook": false,
              "skipped": false
            },
            {
              "title": "should not match * to a substring composed of characters other than A-Z and 0-9",
              "fullTitle": "patternToRE should not match * to a substring composed of characters other than A-Z and 0-9",
              "timedOut": false,
              "duration": 0,
              "state": "passed",
              "speed": "fast",
              "pass": true,
              "fail": false,
              "pending": false,
              "context": null,
              "code": "const re = _1.patternToRE(\"*\");\n[\"c\", \"Ac\", \"cA\", \"0Ax\", \"x0A\", \"BA#\", \"#AB\"].forEach((example) => isInvalidExample(re, example));",
              "err": {},
              "uuid": "498fde4a-4a28-48c2-8b0c-7641d94b935f",
              "parentUUID": "5aaddf00-35cf-493b-9465-18e36fd613b3",
              "isHook": false,
              "skipped": false
            },
            {
              "title": "should not match substrings",
              "fullTitle": "patternToRE should not match substrings",
              "timedOut": false,
              "duration": 1,
              "state": "passed",
              "speed": "fast",
              "pass": true,
              "fail": false,
              "pending": false,
              "context": null,
              "code": "const re = _1.patternToRE(\"A*xC\");\n[\"A1CZ\", \"AC1CZ\", \"ZA1C\", \"ZAC1C\", \"ZA1CZ\", \"ZAC1CZ\"].forEach((example) => isInvalidExample(re, example));",
              "err": {},
              "uuid": "1665c303-033d-407e-ac38-6323f7ef7309",
              "parentUUID": "5aaddf00-35cf-493b-9465-18e36fd613b3",
              "isHook": false,
              "skipped": false
            }
          ],
          "suites": [],
          "passes": [
            "4fc785b4-6bb4-47f3-8e21-11b97c736cdc",
            "9dcd0f5d-d1d4-45e5-bba8-286c1b60ccf6",
            "0585bc57-9be1-4594-bb29-d618876f1563",
            "498fde4a-4a28-48c2-8b0c-7641d94b935f",
            "1665c303-033d-407e-ac38-6323f7ef7309"
          ],
          "failures": [],
          "pending": [],
          "skipped": [],
          "duration": 68,
          "root": false,
          "rootEmpty": false,
          "_timeout": 2000
        },
        {
          "uuid": "fd345679-261f-4c99-86c8-07895a228978",
          "title": "patternSatisfier",
          "fullFile": "/home/runner/work/planwithus-lib/planwithus-lib/src/matchRule/pattern/satisfiers.test.ts",
          "file": "/src/matchRule/pattern/satisfiers.test.ts",
          "beforeHooks": [],
          "afterHooks": [],
          "tests": [
            {
              "title": "should assign all modules with *",
              "fullTitle": "patternSatisfier should assign all modules with *",
              "timedOut": false,
              "duration": 1,
              "state": "passed",
              "speed": "fast",
              "pass": true,
              "fail": false,
              "pending": false,
              "context": null,
              "code": "const { assign } = satisfiers_1.patternSatisfier(ref, \"*\");\nisCorrectAssign(assign, modulesList1, modulesList1.map(([moduleStr]) => moduleStr));",
              "err": {},
              "uuid": "8f16f736-05e1-46bc-b3f5-a02ae9cbd6c5",
              "parentUUID": "fd345679-261f-4c99-86c8-07895a228978",
              "isHook": false,
              "skipped": false
            },
            {
              "title": "should assign only valid modules with pattern containing *",
              "fullTitle": "patternSatisfier should assign only valid modules with pattern containing *",
              "timedOut": false,
              "duration": 0,
              "state": "passed",
              "speed": "fast",
              "pass": true,
              "fail": false,
              "pending": false,
              "context": null,
              "code": "const { assign } = satisfiers_1.patternSatisfier(ref, \"CS2*\");\nisCorrectAssign(assign, modulesList1, [\"CS2100\", \"CS2040S\", \"CS2030\"]);",
              "err": {},
              "uuid": "b1927623-5655-48ac-bb9b-acd7d2aa6ee1",
              "parentUUID": "fd345679-261f-4c99-86c8-07895a228978",
              "isHook": false,
              "skipped": false
            },
            {
              "title": "should assign only valid modules with pattern containing x",
              "fullTitle": "patternSatisfier should assign only valid modules with pattern containing x",
              "timedOut": false,
              "duration": 0,
              "state": "passed",
              "speed": "fast",
              "pass": true,
              "fail": false,
              "pending": false,
              "context": null,
              "code": "const { assign } = satisfiers_1.patternSatisfier(ref, \"CS20xx\");\nisCorrectAssign(assign, modulesList1, [\"CS2030\"]);",
              "err": {},
              "uuid": "fbaacea0-1737-4a5c-9a8a-a588e52fe86e",
              "parentUUID": "fd345679-261f-4c99-86c8-07895a228978",
              "isHook": false,
              "skipped": false
            },
            {
              "title": "should assign only valid modules with pattern containing x and *",
              "fullTitle": "patternSatisfier should assign only valid modules with pattern containing x and *",
              "timedOut": false,
              "duration": 0,
              "state": "passed",
              "speed": "fast",
              "pass": true,
              "fail": false,
              "pending": false,
              "context": null,
              "code": "const { assign } = satisfiers_1.patternSatisfier(ref, \"CS20xx*\");\nisCorrectAssign(assign, modulesList1, [\"CS2040S\", \"CS2030\"]);",
              "err": {},
              "uuid": "791c45b6-736d-4bf4-860b-2bdb53192ca1",
              "parentUUID": "fd345679-261f-4c99-86c8-07895a228978",
              "isHook": false,
              "skipped": false
            }
          ],
          "suites": [],
          "passes": [
            "8f16f736-05e1-46bc-b3f5-a02ae9cbd6c5",
            "b1927623-5655-48ac-bb9b-acd7d2aa6ee1",
            "fbaacea0-1737-4a5c-9a8a-a588e52fe86e",
            "791c45b6-736d-4bf4-860b-2bdb53192ca1"
          ],
          "failures": [],
          "pending": [],
          "skipped": [],
          "duration": 1,
          "root": false,
          "rootEmpty": false,
          "_timeout": 2000
        },
        {
          "uuid": "2058c6bb-37ad-4ac8-be3e-c3133d4aa904",
          "title": "patternSchema",
          "fullFile": "/home/runner/work/planwithus-lib/planwithus-lib/src/matchRule/pattern/schemas.test.ts",
          "file": "/src/matchRule/pattern/schemas.test.ts",
          "beforeHooks": [],
          "afterHooks": [],
          "tests": [
            {
              "title": "should validate non-empty pattern composed of A-Z, 0-9, x or *",
              "fullTitle": "patternSchema should validate non-empty pattern composed of A-Z, 0-9, x or *",
              "timedOut": false,
              "duration": 2,
              "state": "passed",
              "speed": "fast",
              "pass": true,
              "fail": false,
              "pending": false,
              "context": "[\n  {\n    \"title\": \"pattern sample 0\",\n    \"value\": \"UI53T\"\n  },\n  {\n    \"title\": \"pattern sample 1\",\n    \"value\": \"MG3239J\"\n  },\n  {\n    \"title\": \"pattern sample 2\",\n    \"value\": \"DIV0779\"\n  },\n  {\n    \"title\": \"pattern sample 3\",\n    \"value\": \"CAH9\"\n  },\n  {\n    \"title\": \"pattern sample 4\",\n    \"value\": \"XY57J\"\n  },\n  {\n    \"title\": \"pattern sample 5\",\n    \"value\": \"XB6\"\n  },\n  {\n    \"title\": \"pattern sample 6\",\n    \"value\": \"PYx8x\"\n  },\n  {\n    \"title\": \"pattern sample 7\",\n    \"value\": \"RGx*\"\n  },\n  {\n    \"title\": \"pattern sample 8\",\n    \"value\": \"FS628\"\n  },\n  {\n    \"title\": \"pattern sample 9\",\n    \"value\": \"WDV2\"\n  }\n]",
              "code": "fast_check_1.sample(index_test_2.pattern, 10).forEach((sample, i) => addContext_1.default(this, {\n    title: `pattern sample ${i}`,\n    value: sample,\n}));\nreturn fast_check_1.assert(fast_check_1.property(index_test_2.pattern, ajvValidate), {\n    examples: [[\"*\"], [\"ACC1002\"], [\"IS1103\"], [\"CS1231S\"], [\"MA1102R\"]],\n});",
              "err": {},
              "uuid": "f23b3c09-8d85-483d-999e-a88dfc3c91e4",
              "parentUUID": "2058c6bb-37ad-4ac8-be3e-c3133d4aa904",
              "isHook": false,
              "skipped": false
            },
            {
              "title": "should not validate empty pattern",
              "fullTitle": "patternSchema should not validate empty pattern",
              "timedOut": false,
              "duration": 0,
              "state": "passed",
              "speed": "fast",
              "pass": true,
              "fail": false,
              "pending": false,
              "context": null,
              "code": "isInvalidPattern(\"\")",
              "err": {},
              "uuid": "50103e7f-f641-4617-9c74-2dae1213e45a",
              "parentUUID": "2058c6bb-37ad-4ac8-be3e-c3133d4aa904",
              "isHook": false,
              "skipped": false
            },
            {
              "title": "should not validate pattern with invalid characters",
              "fullTitle": "patternSchema should not validate pattern with invalid characters",
              "timedOut": false,
              "duration": 1,
              "state": "passed",
              "speed": "fast",
              "pass": true,
              "fail": false,
              "pending": false,
              "context": null,
              "code": "[\"AB123a\", \"Ac123a\", \"AB123^S\", \"AB1*3^S\", \"$A1*3^S\", \"/A1x33S\"].forEach(isInvalidPattern)",
              "err": {},
              "uuid": "c7e8eea5-8dac-4631-8795-b126e6438b8e",
              "parentUUID": "2058c6bb-37ad-4ac8-be3e-c3133d4aa904",
              "isHook": false,
              "skipped": false
            }
          ],
          "suites": [],
          "passes": [
            "f23b3c09-8d85-483d-999e-a88dfc3c91e4",
            "50103e7f-f641-4617-9c74-2dae1213e45a",
            "c7e8eea5-8dac-4631-8795-b126e6438b8e"
          ],
          "failures": [],
          "pending": [],
          "skipped": [],
          "duration": 3,
          "root": false,
          "rootEmpty": false,
          "_timeout": 2000
        },
        {
          "uuid": "983029e4-4257-4fbc-9390-7f1bbde765b9",
          "title": "patternMatchRuleSatisfier",
          "fullFile": "/home/runner/work/planwithus-lib/planwithus-lib/src/matchRule/satisfiers.test.ts",
          "file": "/src/matchRule/satisfiers.test.ts",
          "beforeHooks": [],
          "afterHooks": [],
          "tests": [
            {
              "title": "should assign only valid modules with pattern match rule containing no exclude patterns",
              "fullTitle": "patternMatchRuleSatisfier should assign only valid modules with pattern match rule containing no exclude patterns",
              "timedOut": false,
              "duration": 0,
              "state": "passed",
              "speed": "fast",
              "pass": true,
              "fail": false,
              "pending": false,
              "context": null,
              "code": "const { assign } = satisfiers_1.patternMatchRuleSatisfier(ref, { pattern: \"CS1xxx*\" });\nisCorrectAssign(assign, modulesList1, [\"CS1231\", \"CS1231S\"]);",
              "err": {},
              "uuid": "1911da7d-50fd-4bbc-8bae-d5ceef3d9655",
              "parentUUID": "983029e4-4257-4fbc-9390-7f1bbde765b9",
              "isHook": false,
              "skipped": false
            },
            {
              "title": "should assign only valid modules with pattern match rule containing an exclude pattern",
              "fullTitle": "patternMatchRuleSatisfier should assign only valid modules with pattern match rule containing an exclude pattern",
              "timedOut": false,
              "duration": 0,
              "state": "passed",
              "speed": "fast",
              "pass": true,
              "fail": false,
              "pending": false,
              "context": null,
              "code": "const { assign } = satisfiers_1.patternMatchRuleSatisfier(ref, {\n    pattern: \"MA1xxx*\",\n    exclude: \"MA15xx\",\n});\nisCorrectAssign(assign, modulesList1, [\n    \"MA1100\",\n    \"MA1101R\",\n    \"MA1102R\",\n    \"MA1511A\",\n]);",
              "err": {},
              "uuid": "a7f70512-c247-4207-8f5c-43b23ce58054",
              "parentUUID": "983029e4-4257-4fbc-9390-7f1bbde765b9",
              "isHook": false,
              "skipped": false
            },
            {
              "title": "should assign only valid modules with pattern match rule containing multiple exclude patterns",
              "fullTitle": "patternMatchRuleSatisfier should assign only valid modules with pattern match rule containing multiple exclude patterns",
              "timedOut": false,
              "duration": 0,
              "state": "passed",
              "speed": "fast",
              "pass": true,
              "fail": false,
              "pending": false,
              "context": null,
              "code": "const { assign } = satisfiers_1.patternMatchRuleSatisfier(ref, {\n    pattern: \"MA*\",\n    exclude: [\"MA151x*\", \"MA2xxx\"],\n});\nisCorrectAssign(assign, modulesList1, [\n    \"MA1100\",\n    \"MA1101R\",\n    \"MA1102R\",\n    \"MA1507\",\n    \"MA1521\",\n    \"MA2101S\",\n]);",
              "err": {},
              "uuid": "6b1b0b1d-76d2-48f1-abc5-8413bf614008",
              "parentUUID": "983029e4-4257-4fbc-9390-7f1bbde765b9",
              "isHook": false,
              "skipped": false
            }
          ],
          "suites": [],
          "passes": [
            "1911da7d-50fd-4bbc-8bae-d5ceef3d9655",
            "a7f70512-c247-4207-8f5c-43b23ce58054",
            "6b1b0b1d-76d2-48f1-abc5-8413bf614008"
          ],
          "failures": [],
          "pending": [],
          "skipped": [],
          "duration": 0,
          "root": false,
          "rootEmpty": false,
          "_timeout": 2000
        },
        {
          "uuid": "9d072294-79da-4705-b31a-20761d171931",
          "title": "matchRuleSchema",
          "fullFile": "/home/runner/work/planwithus-lib/planwithus-lib/src/matchRule/schemas.test.ts",
          "file": "/src/matchRule/schemas.test.ts",
          "beforeHooks": [],
          "afterHooks": [],
          "tests": [
            {
              "title": "should validate match rule with valid pattern",
              "fullTitle": "matchRuleSchema should validate match rule with valid pattern",
              "timedOut": false,
              "duration": 1,
              "state": "passed",
              "speed": "fast",
              "pass": true,
              "fail": false,
              "pending": false,
              "context": "[\n  {\n    \"title\": \"pattern sample 0\",\n    \"value\": \"NT38*\"\n  },\n  {\n    \"title\": \"pattern sample 1\",\n    \"value\": \"HF808K\"\n  },\n  {\n    \"title\": \"pattern sample 2\",\n    \"value\": \"AI7W\"\n  },\n  {\n    \"title\": \"pattern sample 3\",\n    \"value\": \"TNV1\"\n  },\n  {\n    \"title\": \"pattern sample 4\",\n    \"value\": \"MU9483\"\n  },\n  {\n    \"title\": \"pattern sample 5\",\n    \"value\": \"LA8\"\n  },\n  {\n    \"title\": \"pattern sample 6\",\n    \"value\": \"GC*418\"\n  },\n  {\n    \"title\": \"pattern sample 7\",\n    \"value\": \"MIR09T\"\n  },\n  {\n    \"title\": \"pattern sample 8\",\n    \"value\": \"TI01*1D\"\n  },\n  {\n    \"title\": \"pattern sample 9\",\n    \"value\": \"GT8\"\n  }\n]",
              "code": "fast_check_1.sample(index_test_3.pattern, 10).forEach((sample, i) => addContext_1.default(this, {\n    title: `pattern sample ${i}`,\n    value: sample,\n}));\nreturn fast_check_1.assert(fast_check_1.property(index_test_3.pattern, ajvValidate));",
              "err": {},
              "uuid": "84c57afd-e257-4f8d-8fc3-9de45fea4669",
              "parentUUID": "9d072294-79da-4705-b31a-20761d171931",
              "isHook": false,
              "skipped": false
            },
            {
              "title": "should validate match rules with valid pattern, exclude and info",
              "fullTitle": "matchRuleSchema should validate match rules with valid pattern, exclude and info",
              "timedOut": false,
              "duration": 3,
              "state": "passed",
              "speed": "fast",
              "pass": true,
              "fail": false,
              "pending": false,
              "context": "[\n  {\n    \"title\": \"patternMatchRule sample 0\",\n    \"value\": {\n      \"pattern\": \"GR92V\",\n      \"exclude\": \"KHC3\",\n      \"info\": \"7f8Q!\"\n    }\n  },\n  {\n    \"title\": \"patternMatchRule sample 1\",\n    \"value\": {\n      \"pattern\": \"TP7895\",\n      \"exclude\": [\n        \"PNY680\",\n        \"AJT3416G\",\n        \"CG6S\"\n      ]\n    }\n  },\n  {\n    \"title\": \"patternMatchRule sample 2\",\n    \"value\": {\n      \"pattern\": \"WVEx\",\n      \"exclude\": \"XGW6\",\n      \"info\": \"x\"\n    }\n  },\n  {\n    \"title\": \"patternMatchRule sample 3\",\n    \"value\": {\n      \"pattern\": \"QA53B\",\n      \"exclude\": \"WNE7U\",\n      \"info\": \"y!\"\n    }\n  },\n  {\n    \"title\": \"patternMatchRule sample 4\",\n    \"value\": {\n      \"pattern\": \"OZA7\",\n      \"exclude\": \"FY47\"\n    }\n  },\n  {\n    \"title\": \"patternMatchRule sample 5\",\n    \"value\": {\n      \"pattern\": \"COZ6\",\n      \"exclude\": \"ED31\",\n      \"info\": \"\"\n    }\n  },\n  {\n    \"title\": \"patternMatchRule sample 6\",\n    \"value\": {\n      \"pattern\": \"TLT*\",\n      \"exclude\": \"BFO78*\"\n    }\n  },\n  {\n    \"title\": \"patternMatchRule sample 7\",\n    \"value\": {\n      \"pattern\": \"SYH1*79W\",\n      \"exclude\": [\n        \"TNx\",\n        \"EO2414\",\n        \"QS92F\",\n        \"CQT6\"\n      ],\n      \"info\": \"e'G\"\n    }\n  },\n  {\n    \"title\": \"patternMatchRule sample 8\",\n    \"value\": {\n      \"pattern\": \"UI4\",\n      \"exclude\": \"WMP87\",\n      \"info\": \"|\"\n    }\n  },\n  {\n    \"title\": \"patternMatchRule sample 9\",\n    \"value\": {\n      \"pattern\": \"LA712U\",\n      \"exclude\": \"MUF*\",\n      \"info\": \";7w\"\n    }\n  }\n]",
              "code": "fast_check_1.sample(index_test_2.patternMatchRule, 10).forEach((sample, i) => addContext_1.default(this, {\n    title: `patternMatchRule sample ${i}`,\n    value: sample,\n}));\nreturn fast_check_1.assert(fast_check_1.property(index_test_2.patternMatchRule, ajvValidate));",
              "err": {},
              "uuid": "2358fe18-5552-4e05-9e40-4fcd9381e99e",
              "parentUUID": "9d072294-79da-4705-b31a-20761d171931",
              "isHook": false,
              "skipped": false
            },
            {
              "title": "should validate valid recursive match rules",
              "fullTitle": "matchRuleSchema should validate valid recursive match rules",
              "timedOut": false,
              "duration": 5,
              "state": "passed",
              "speed": "fast",
              "pass": true,
              "fail": false,
              "pending": false,
[...]
              "parentUUID": "2b8a628a-c130-4765-88aa-c6ef0407a3c1",
              "isHook": false,
              "skipped": false
            },
            {
              "title": "should preserve list of modules with upper bound of MCs if total MC count is lower",
              "fullTitle": "inequalitySatisfier should preserve list of modules with upper bound of MCs if total MC count is lower",
              "timedOut": false,
              "duration": 0,
              "state": "passed",
              "speed": "fast",
              "pass": true,
              "fail": false,
              "pending": false,
              "context": null,
              "code": "const satisfier = satisfiers_1.inequalitySatisfier(ref, \"<=32\");\nsatisfier.should.have.property(\"filter\");\nconst { filter } = satisfier;\nisCorrectFilter(filter, modulesList1, modulesList1.map(([moduleStr]) => moduleStr));",
              "err": {},
              "uuid": "19d9245c-827c-45db-809c-f3178132c1d6",
              "parentUUID": "2b8a628a-c130-4765-88aa-c6ef0407a3c1",
              "isHook": false,
              "skipped": false
            },
            {
              "title": "should truncate list of modules with upper bound of MCs at exact cutoff if total MC count is higher and there exists some starting sequence with exact MC count",
              "fullTitle": "inequalitySatisfier should truncate list of modules with upper bound of MCs at exact cutoff if total MC count is higher and there exists some starting sequence with exact MC count",
              "timedOut": false,
              "duration": 1,
              "state": "passed",
              "speed": "fast",
              "pass": true,
              "fail": false,
              "pending": false,
              "context": null,
              "code": "const satisfier = satisfiers_1.inequalitySatisfier(ref, \"<=16\");\nsatisfier.should.have.property(\"filter\");\nconst { filter } = satisfier;\nisCorrectFilter(filter, modulesList1, [\n    \"CS2100\",\n    \"GER1000\",\n    \"CS2040S\",\n    \"ST2131\",\n]);",
              "err": {},
              "uuid": "20fbd454-3c74-4eee-81ae-096814ac5594",
              "parentUUID": "2b8a628a-c130-4765-88aa-c6ef0407a3c1",
              "isHook": false,
              "skipped": false
            },
            {
              "title": "should truncate list of modules with upper bound of MCs, cutting off at the minimum starting sequence that exceeds upper bound, if total MC count is higher and there exists no starting sequence with exact MC count",
              "fullTitle": "inequalitySatisfier should truncate list of modules with upper bound of MCs, cutting off at the minimum starting sequence that exceeds upper bound, if total MC count is higher and there exists no starting sequence with exact MC count",
              "timedOut": false,
              "duration": 0,
              "state": "passed",
              "speed": "fast",
              "pass": true,
              "fail": false,
              "pending": false,
              "context": null,
              "code": "const satisfier = satisfiers_1.inequalitySatisfier(ref, \"<=17\");\nsatisfier.should.have.property(\"filter\");\nconst { filter } = satisfier;\nisCorrectFilter(filter, modulesList1, [\n    \"CS2100\",\n    \"GER1000\",\n    \"CS2040S\",\n    \"ST2131\",\n    \"MA1521\",\n]);",
              "err": {},
              "uuid": "e502ea3b-4077-43a1-a5eb-1818682a4e2c",
              "parentUUID": "2b8a628a-c130-4765-88aa-c6ef0407a3c1",
              "isHook": false,
              "skipped": false
            }
          ],
          "suites": [],
          "passes": [
            "5a46370b-4f0b-43f5-a460-da2d86da3b8d",
            "3a7a5753-be02-4200-9131-e1c15cf194d2",
            "51d36fba-ff66-4fc5-bbff-39c84a28a531",
            "3376bdab-06a0-4288-8b40-522926b8bd3a",
            "19d9245c-827c-45db-809c-f3178132c1d6",
            "20fbd454-3c74-4eee-81ae-096814ac5594",
            "e502ea3b-4077-43a1-a5eb-1818682a4e2c"
          ],
          "failures": [],
          "pending": [],
          "skipped": [],
          "duration": 2,
          "root": false,
          "rootEmpty": false,
          "_timeout": 2000
        },
        {
          "uuid": "82c9dee5-bdb8-4e7c-863f-692296077d45",
          "title": "inequalitySchema",
          "fullFile": "/home/runner/work/planwithus-lib/planwithus-lib/src/satisfyRule/inequality/schemas.test.ts",
          "file": "/src/satisfyRule/inequality/schemas.test.ts",
          "beforeHooks": [],
          "afterHooks": [],
          "tests": [
            {
              "title": "should validate inequality in the form <=n or >=n",
              "fullTitle": "inequalitySchema should validate inequality in the form <=n or >=n",
              "timedOut": false,
              "duration": 1,
              "state": "passed",
              "speed": "fast",
              "pass": true,
              "fail": false,
              "pending": false,
              "context": "[\n  {\n    \"title\": \"inequality sample 0\",\n    \"value\": \"<=86\"\n  },\n  {\n    \"title\": \"inequality sample 1\",\n    \"value\": \">=51\"\n  },\n  {\n    \"title\": \"inequality sample 2\",\n    \"value\": \"<=67\"\n  },\n  {\n    \"title\": \"inequality sample 3\",\n    \"value\": \"<=6\"\n  },\n  {\n    \"title\": \"inequality sample 4\",\n    \"value\": \"<=105\"\n  },\n  {\n    \"title\": \"inequality sample 5\",\n    \"value\": \">=4\"\n  },\n  {\n    \"title\": \"inequality sample 6\",\n    \"value\": \"<=1\"\n  },\n  {\n    \"title\": \"inequality sample 7\",\n    \"value\": \">=7\"\n  },\n  {\n    \"title\": \"inequality sample 8\",\n    \"value\": \"<=7\"\n  },\n  {\n    \"title\": \"inequality sample 9\",\n    \"value\": \">=58\"\n  }\n]",
              "code": "fast_check_1.sample(index_test_2.inequality, 10).forEach((sample, i) => addContext_1.default(this, {\n    title: `inequality sample ${i}`,\n    value: sample,\n}));\nreturn fast_check_1.assert(fast_check_1.property(index_test_2.inequality, ajvValidate));",
              "err": {},
              "uuid": "f82e00ce-0115-4b76-9a29-8591ffe3d108",
              "parentUUID": "82c9dee5-bdb8-4e7c-863f-692296077d45",
              "isHook": false,
              "skipped": false
            },
            {
              "title": "should not validate inequality of invalid form",
              "fullTitle": "inequalitySchema should not validate inequality of invalid form",
              "timedOut": false,
              "duration": 2,
              "state": "passed",
              "speed": "fast",
              "pass": true,
              "fail": false,
              "pending": false,
              "context": null,
              "code": "[\n        \"\",\n        \"==23\",\n        \"23\",\n        \"<23\",\n        \">23\",\n        \"<=-1\",\n        \">=-1\",\n        \"<= 2\",\n        \">= 1\",\n        \"> 3\",\n        \"< 3\",\n        \"<=3a\",\n        \">=3a\",\n        \"a<=3\",\n        \"a>=3\",\n    ].forEach(isInvalidInequality)",
              "err": {},
              "uuid": "8a9e1aee-a199-4676-9a24-d29d21dbcb1b",
              "parentUUID": "82c9dee5-bdb8-4e7c-863f-692296077d45",
              "isHook": false,
              "skipped": false
            }
          ],
          "suites": [],
          "passes": [
            "f82e00ce-0115-4b76-9a29-8591ffe3d108",
            "8a9e1aee-a199-4676-9a24-d29d21dbcb1b"
          ],
          "failures": [],
          "pending": [],
          "skipped": [],
          "duration": 3,
          "root": false,
          "rootEmpty": false,
          "_timeout": 2000
        },
        {
          "uuid": "e5aea6aa-3192-4519-be14-a5bf09d2a68f",
          "title": "satisfyRuleSchema",
          "fullFile": "/home/runner/work/planwithus-lib/planwithus-lib/src/satisfyRule/schemas.test.ts",
          "file": "/src/satisfyRule/schemas.test.ts",
          "beforeHooks": [],
          "afterHooks": [],
          "tests": [
            {
              "title": "should validate satisfy rule with valid block id",
              "fullTitle": "satisfyRuleSchema should validate satisfy rule with valid block id",
              "timedOut": false,
              "duration": 1,
              "state": "passed",
              "speed": "fast",
              "pass": true,
              "fail": false,
              "pending": false,
              "context": null,
              "code": "fast_check_1.assert(fast_check_1.property(fast_check_1.string(), ajvValidate)",
              "err": {},
              "uuid": "c214ad07-cc98-49e9-889f-c991c3855279",
              "parentUUID": "e5aea6aa-3192-4519-be14-a5bf09d2a68f",
              "isHook": false,
              "skipped": false
            },
            {
              "title": "should validate satisfy rules with valid mc",
              "fullTitle": "satisfyRuleSchema should validate satisfy rules with valid mc",
              "timedOut": false,
              "duration": 1,
              "state": "passed",
              "speed": "fast",
              "pass": true,
              "fail": false,
              "pending": false,
              "context": "[\n  {\n    \"title\": \"mcSatisfyRule sample 0\",\n    \"value\": {\n      \"mc\": \"<=97\"\n    }\n  },\n  {\n    \"title\": \"mcSatisfyRule sample 1\",\n    \"value\": {\n      \"mc\": \"<=19\"\n    }\n  },\n  {\n    \"title\": \"mcSatisfyRule sample 2\",\n    \"value\": {\n      \"mc\": \">=4\"\n    }\n  },\n  {\n    \"title\": \"mcSatisfyRule sample 3\",\n    \"value\": {\n      \"mc\": \">=30\"\n    }\n  },\n  {\n    \"title\": \"mcSatisfyRule sample 4\",\n    \"value\": {\n      \"mc\": \">=8\"\n    }\n  },\n  {\n    \"title\": \"mcSatisfyRule sample 5\",\n    \"value\": {\n      \"mc\": \"<=89\"\n    }\n  },\n  {\n    \"title\": \"mcSatisfyRule sample 6\",\n    \"value\": {\n      \"mc\": \">=2\"\n    }\n  },\n  {\n    \"title\": \"mcSatisfyRule sample 7\",\n    \"value\": {\n      \"mc\": \">=195\"\n    }\n  },\n  {\n    \"title\": \"mcSatisfyRule sample 8\",\n    \"value\": {\n      \"mc\": \">=121\"\n    }\n  },\n  {\n    \"title\": \"mcSatisfyRule sample 9\",\n    \"value\": {\n      \"mc\": \"<=185\"\n    }\n  }\n]",
              "code": "fast_check_1.sample(index_test_2.mcSatisfyRule, 10).forEach((sample, i) => addContext_1.default(this, {\n    title: `mcSatisfyRule sample ${i}`,\n    value: sample,\n}));\nreturn fast_check_1.assert(fast_check_1.property(index_test_2.mcSatisfyRule, ajvValidate));",
              "err": {},
              "uuid": "f2b9b624-abd2-40f6-92ba-1f0ee864a4aa",
              "parentUUID": "e5aea6aa-3192-4519-be14-a5bf09d2a68f",
              "isHook": false,
              "skipped": false
            },
            {
              "title": "should validate valid recursive satisfy rules",
              "fullTitle": "satisfyRuleSchema should validate valid recursive satisfy rules",
              "timedOut": false,
              "duration": 5,
              "state": "passed",
              "speed": "fast",
              "pass": true,
              "fail": false,
              "pending": false,
              "context": "[\n  {\n    \"title\": \"satisfyRule sample 0\",\n    \"value\": {\n      \"or\": [\n        {\n          \"or\": []\n        },\n        \"\\\"\"\n      ]\n    }\n  },\n  {\n    \"title\": \"satisfyRule sample 1\",\n    \"value\": {\n      \"or\": [\n        {\n          \"and\": [\n            \"c+: `n\",\n            {\n              \"mc\": \">=53\"\n            }\n          ]\n        }\n      ]\n    }\n  },\n  {\n    \"title\": \"satisfyRule sample 2\",\n    \"value\": \"L2}uL\"\n  },\n  {\n    \"title\": \"satisfyRule sample 3\",\n    \"value\": {\n      \"and\": []\n    }\n  },\n  {\n    \"title\": \"satisfyRule sample 4\",\n    \"value\": \"\\\"}\"\n  },\n  {\n    \"title\": \"satisfyRule sample 5\",\n    \"value\": \"!\"\n  },\n  {\n    \"title\": \"satisfyRule sample 6\",\n    \"value\": {\n      \"and\": [\n        \"1L3umq+U\",\n        {\n          \"and\": [\n            {\n              \"mc\": \">=157\"\n            },\n            {\n              \"mc\": \">=90\"\n            },\n            {\n              \"and\": []\n            }\n          ]\n        },\n        {\n          \"and\": [\n            {\n              \"or\": [\n                {\n                  \"or\": [\n                    \"zRkf\",\n                    {\n                      \"mc\": \">=107\"\n                    },\n                    \"@Xkj\"\n                  ]\n                },\n                \"K\\\\7 DX^\",\n                \"\\\"5*[b*\",\n                {\n                  \"and\": [\n                    \"*\"\n                  ]\n                },\n                \"w\"\n              ]\n            }\n          ]\n        }\n      ]\n    }\n  },\n  {\n    \"title\": \"satisfyRule sample 7\",\n    \"value\": {\n      \"mc\": \">=197\"\n    }\n  },\n  {\n    \"title\": \"satisfyRule sample 8\",\n    \"value\": {\n      \"mc\": \"<=5\"\n    }\n  },\n  {\n    \"title\": \"satisfyRule sample 9\",\n    \"value\": \"\"\n  }\n]",
              "code": "fast_check_1.sample(index_test_2.satisfyRule, 10).forEach((sample, i) => addContext_1.default(this, {\n    title: `satisfyRule sample ${i}`,\n    value: sample,\n}));\nreturn fast_check_1.assert(fast_check_1.property(index_test_2.satisfyRule, ajvValidate));",
              "err": {},
              "uuid": "523a154d-b6c4-4624-8f49-e2e6c013564c",
              "parentUUID": "e5aea6aa-3192-4519-be14-a5bf09d2a68f",
              "isHook": false,
              "skipped": false
            },
            {
              "title": "should not validate non-string/object",
              "fullTitle": "satisfyRuleSchema should not validate non-string/object",
              "timedOut": false,
              "duration": 0,
              "state": "passed",
              "speed": "fast",
              "pass": true,
              "fail": false,
              "pending": false,
              "context": null,
              "code": "const error = {\n    instancePath: \"\",\n    message: \"satisfy rule should be either a string or an object\",\n};\nisInvalidRule(null, error);\nisInvalidRule(undefined, error);\nisInvalidRule(10, error);\nisInvalidRule([12, 24], error);",
              "err": {},
              "uuid": "87877b03-f311-4ba6-aad9-170d43fa39b3",
              "parentUUID": "e5aea6aa-3192-4519-be14-a5bf09d2a68f",
              "isHook": false,
              "skipped": false
            },
            {
              "title": "should not validate satisfy rules with extra properties",
              "fullTitle": "satisfyRuleSchema should not validate satisfy rules with extra properties",
              "timedOut": false,
              "duration": 0,
              "state": "passed",
              "speed": "fast",
              "pass": true,
              "fail": false,
              "pending": false,
              "context": null,
              "code": "isInvalidRule({\n        and: [\n            { or: [\"2k\"], abc: \"def\" },\n            { mc: 8, ghi: \"jkl\" },\n        ],\n        mno: \"pqr\",\n    }, {\n        instancePath: \"/and/0\",\n        message: \"or satisfy rule should have property 'or' only\",\n    }, {\n        instancePath: \"/and/1\",\n        message: \"MC satisfy rule should have property 'mc' only\",\n    }, {\n        instancePath: \"\",\n        message: \"and satisfy rule should have property 'and' only\",\n    })",
              "err": {},
              "uuid": "8bc09f87-75af-4a39-bcbb-277fe8dccb9c",
              "parentUUID": "e5aea6aa-3192-4519-be14-a5bf09d2a68f",
              "isHook": false,
              "skipped": false
            },
            {
              "title": "should not validate ambiguous satisfy rules",
              "fullTitle": "satisfyRuleSchema should not validate ambiguous satisfy rules",
              "timedOut": false,
              "duration": 0,
              "state": "passed",
              "speed": "fast",
              "pass": true,
              "fail": false,
              "pending": false,
              "context": null,
              "code": "const message = \"satisfy rule should have only one of properties 'mc', 'and', 'or'\";\nisInvalidRule({\n    or: [\n        { mc: 5, and: [\"CS2040\"] },\n        { and: [{ and: [\"abc\"], or: [\"def\"] }] },\n    ],\n}, { instancePath: \"/or/0\", message }, { instancePath: \"/or/1/and/0\", message });",
              "err": {},
              "uuid": "237fe73e-b676-4c2a-a870-40fdea3cb0f7",
              "parentUUID": "e5aea6aa-3192-4519-be14-a5bf09d2a68f",
              "isHook": false,
              "skipped": false
            },
            {
              "title": "should not validate and satisfy rules with non-array property",
              "fullTitle": "satisfyRuleSchema should not validate and satisfy rules with non-array property",
              "timedOut": false,
              "duration": 0,
              "state": "passed",
              "speed": "fast",
              "pass": true,
              "fail": false,
              "pending": false,
              "context": null,
              "code": "const message = \"property 'and' should be an array of satisfy rules\";\nisInvalidRule({ or: [{ and: {} }, { or: [{ and: 3 }] }] }, { instancePath: \"/or/0/and\", message }, { instancePath: \"/or/1/or/0/and\", message });",
              "err": {},
              "uuid": "960f1651-428b-4694-871a-1b51053b1939",
              "parentUUID": "e5aea6aa-3192-4519-be14-a5bf09d2a68f",
              "isHook": false,
              "skipped": false
            },
            {
              "title": "should not validate or satisfy rules with non-array property",
              "fullTitle": "satisfyRuleSchema should not validate or satisfy rules with non-array property",
              "timedOut": false,
              "duration": 0,
              "state": "passed",
              "speed": "fast",
              "pass": true,
              "fail": false,
              "pending": false,
              "context": null,
              "code": "const message = \"property 'or' should be an array of satisfy rules\";\nisInvalidRule({ and: [{ or: {} }, { and: [{ or: 3 }] }] }, { instancePath: \"/and/0/or\", message }, { instancePath: \"/and/1/and/0/or\", message });",
              "err": {},
              "uuid": "791be42a-4da6-4113-8472-be28c65d4c6d",
              "parentUUID": "e5aea6aa-3192-4519-be14-a5bf09d2a68f",
              "isHook": false,
              "skipped": false
            }
          ],
          "suites": [],
          "passes": [
            "c214ad07-cc98-49e9-889f-c991c3855279",
            "f2b9b624-abd2-40f6-92ba-1f0ee864a4aa",
            "523a154d-b6c4-4624-8f49-e2e6c013564c",
            "87877b03-f311-4ba6-aad9-170d43fa39b3",
            "8bc09f87-75af-4a39-bcbb-277fe8dccb9c",
            "237fe73e-b676-4c2a-a870-40fdea3cb0f7",
            "960f1651-428b-4694-871a-1b51053b1939",
            "791be42a-4da6-4113-8472-be28c65d4c6d"
          ],
          "failures": [],
          "pending": [],
          "skipped": [],
          "duration": 7,
          "root": false,
          "rootEmpty": false,
          "_timeout": 2000
        }
      ],
      "passes": [],
      "failures": [],
      "pending": [],
      "skipped": [],
      "duration": 0,
      "root": true,
      "rootEmpty": true,
      "_timeout": 2000
    }
  ],
  "meta": {
    "mocha": {
      "version": "9.0.2"
    },
    "mochawesome": {
      "options": {
        "quiet": false,
        "reportFilename": "mochawesome",
        "saveHtml": true,
        "saveJson": true,
        "consoleReporter": "spec",
        "useInlineDiffs": false,
        "code": true
      },
      "version": "6.2.2"
    },
    "marge": {
      "options": {
        "reportDir": "docs"
      },
      "version": "5.2.0"
    }
  }
}