{
  "stats": {
    "suites": 6,
    "tests": 29,
    "passes": 29,
    "pending": 0,
    "failures": 0,
    "start": "2021-07-06T02:46:25.577Z",
    "end": "2021-07-06T02:46:25.948Z",
    "duration": 371,
    "testsRegistered": 29,
    "passPercent": 100,
    "pendingPercent": 0,
    "other": 0,
    "hasOther": false,
    "skipped": 0,
    "hasSkipped": false
  },
  "results": [
    {
      "uuid": "0fdc3eef-9bd7-4297-8240-fe58f2f3125d",
      "title": "",
      "fullFile": "",
      "file": "",
      "beforeHooks": [],
      "afterHooks": [],
      "tests": [],
      "suites": [
        {
          "uuid": "21e71519-8698-49c5-a37e-ea18d73d379d",
          "title": "initDirectories",
          "fullFile": "/home/runner/work/planwithus-lib/planwithus-lib/src/block/schemas.test.ts",
          "file": "/src/block/schemas.test.ts",
          "beforeHooks": [],
          "afterHooks": [],
          "tests": [
            {
              "title": "should parse all blocks with no errors",
              "fullTitle": "initDirectories should parse all blocks with no errors",
              "timedOut": false,
              "duration": 4,
              "state": "passed",
              "speed": "fast",
              "pass": true,
              "fail": false,
              "pending": false,
              "context": null,
              "code": "_1.initDirectories.should.not.throw()",
              "err": {},
              "uuid": "2d81ee6a-b888-4fd2-b52e-acba1d013227",
              "parentUUID": "21e71519-8698-49c5-a37e-ea18d73d379d",
              "isHook": false,
              "skipped": false
            },
            {
              "title": "should produce primary, second & minor directories",
              "fullTitle": "initDirectories should produce primary, second & minor directories",
              "timedOut": false,
              "duration": 57,
              "state": "passed",
              "speed": "medium",
              "pass": true,
              "fail": false,
              "pending": false,
              "context": null,
              "code": "const directories = await _1.initDirectories();\ndirectories.should.have.property(\"primary\");\ndirectories.should.have.property(\"second\");\ndirectories.should.have.property(\"minor\");",
              "err": {},
              "uuid": "af7d2ddb-4c10-48e7-bfd4-b5979f37884a",
              "parentUUID": "21e71519-8698-49c5-a37e-ea18d73d379d",
              "isHook": false,
              "skipped": false
            }
          ],
          "suites": [],
          "passes": [
            "2d81ee6a-b888-4fd2-b52e-acba1d013227",
            "af7d2ddb-4c10-48e7-bfd4-b5979f37884a"
          ],
          "failures": [],
          "pending": [],
          "skipped": [],
          "duration": 61,
          "root": false,
          "rootEmpty": false,
          "_timeout": 2000
        },
        {
          "uuid": "5069e6e8-a9a1-44fb-b289-c6d6030fb311",
          "title": "blockSchema",
          "fullFile": "/home/runner/work/planwithus-lib/planwithus-lib/src/block/schemas.test.ts",
          "file": "/src/block/schemas.test.ts",
          "beforeHooks": [],
          "afterHooks": [],
          "tests": [
            {
              "title": "should validate valid block",
              "fullTitle": "blockSchema should validate valid block",
              "timedOut": false,
              "duration": 229,
              "state": "passed",
              "speed": "slow",
              "pass": true,
              "fail": false,
              "pending": false,
              "context": "[\n  {\n    \"title\": \"block sample 0\",\n    \"value\": {\n      \"name\": \"GUF\",\n      \"ay\": 1952,\n      \"match\": [\n        {\n          \"pattern\": \"MF5580\",\n          \"exclude\": \"ZTV732\"\n        },\n        \"KH30\",\n        {\n          \"or\": []\n        },\n        {\n          \"and\": [\n            \"YCx30Y\",\n            {\n              \"pattern\": \"KV361\",\n              \"exclude\": [\n                \"EY73Z\",\n                \"VV3**9Y\",\n                \"JV6T\",\n                \"QFU9\",\n                \"VL3*3F\"\n              ],\n              \"info\": \"VZz{0U%Y\"\n            },\n            \"CNA8*x8\",\n            {\n              \"pattern\": \"MI0907I\",\n              \"exclude\": \"TE3\",\n              \"info\": \"#TZ\"\n            }\n          ]\n        }\n      ],\n      \"satisfy\": \"\\\"!\\\"s\",\n      \"info\": \"%zj\\\"#\"\n    }\n  },\n  {\n    \"title\": \"block sample 1\",\n    \"value\": {\n      \"name\": \"^-J}\\\"1P8 \",\n      \"ay\": 2026,\n      \"assign\": \"\",\n      \"match\": {\n        \"pattern\": \"GG314\",\n        \"exclude\": \"RG67*\",\n        \"info\": \"EZx{V$%!\"\n      },\n      \"url\": \"http://5588d3avk8oaz1vqo8q6-z8.bey/r8%F1%B8%94%9EEq%F1%95%97%B2i/tK7+g/F.oc73/TQHzD.a:v/$/%F1%B3%98%A4x6fDK(/%F3%A6%9D%8E1//Ext%F3%83%B8%8D&%F1%B4%AB%B5B\",\n      \"info\": \"%\"\n    }\n  },\n  {\n    \"title\": \"block sample 2\",\n    \"value\": {\n      \"name\": \"!\\\"$\\\"-\\\"3$[T\",\n      \"ay\": 2026,\n      \"assign\": \"\",\n      \"match\": [\n        \"GQL7x\",\n        \"IW0N\",\n        {\n          \"or\": [\n            {\n              \"or\": [\n                \"QKQxU\",\n                {\n                  \"and\": [\n                    \"XU060E\",\n                    {\n                      \"and\": [\n                        \"DF528*L\",\n                        \"MYAx01\",\n                        \"TMx661A\",\n                        {\n                          \"and\": [\n                            {\n                              \"or\": [\n                                \"UHFx3U\",\n                                \"WQW8\",\n                                \"AIFx8\"\n                              ]\n                            },\n                            \"IOA871S\"\n                          ]\n                        }\n                      ]\n                    }\n                  ]\n                }\n              ]\n            }\n          ]\n        },\n        {\n          \"and\": []\n        },\n        {\n          \"pattern\": \"OK32\",\n          \"exclude\": [\n            \"CF4L\"\n          ],\n          \"info\": \"\"\n        }\n      ],\n      \"satisfy\": [],\n      \"url\": \"http://kfoq4qpwgkze9z6arhkyl4iw3795e9cwhysi6.8hlvr4nkp9yujjsswmk0s-7e7rgpp-fma2jh1ihdc.acdkglraw\",\n      \"K-\": {\n        \"name\": \"u\",\n        \"ay\": 1957,\n        \"assign\": [\n          \"QY\"\n        ],\n        \"match\": [\n          \"OT5*0\",\n          {\n            \"or\": [\n              {\n                \"and\": [\n                  {\n                    \"pattern\": \"ER0M\",\n                    \"exclude\": [\n                      \"CIQ3\",\n                      \"OMJ5x87\",\n                      \"UB*0x3\",\n                      \"PEX40E\"\n                    ]\n                  }\n                ]\n              },\n              \"XMK0xJ\"\n            ]\n          },\n          \"IC324H\",\n          {\n            \"and\": [\n              {\n                \"and\": [\n                  {\n                    \"pattern\": \"LO6G\",\n                    \"exclude\": [\n                      \"QXO9\",\n                      \"RS261U\"\n                    ],\n                    \"info\": \"CAuM\"\n                  },\n                  {\n                    \"and\": [\n                      \"ITE4074\",\n                      \"QUX4W\",\n                      {\n                        \"or\": [\n                          {\n                            \"or\": [\n                              \"ES9049M\",\n                              \"JXO749O\"\n                            ]\n                          },\n                          \"BU1*11\",\n                          \"LH4x72\"\n                        ]\n                      },\n                      {\n                        \"and\": []\n                      },\n                      {\n                        \"or\": [\n                          {\n                            \"and\": [\n                              \"AIJ39\"\n                            ]\n                          },\n                          \"ATQ341\",\n                          \"DRV7\",\n                          \"ZBxx36\",\n                          \"PP1061\"\n                        ]\n                      }\n                    ]\n                  }\n                ]\n              },\n              {\n                \"and\": [\n                  {\n                    \"pattern\": \"TP6O\",\n                    \"exclude\": [\n                      \"HKL26**\",\n                      \"QGO6418F\"\n                    ],\n                    \"info\": \"xA`YL\"\n                  }\n                ]\n              }\n            ]\n          }\n        ],\n        \"satisfy\": [],\n        \"info\": \"RD2mK\"\n      }\n    }\n  },\n  {\n    \"title\": \"block sample 3\",\n    \"value\": {\n      \"name\": \"V&u\\\\VK\",\n      \"ay\": 1951,\n      \"assign\": [\n        \"Mh3g5XV\"\n      ],\n      \"match\": [\n        {\n          \"pattern\": \"LQ72xA\",\n          \"exclude\": [\n            \"FF2040P\",\n            \"OXL56\"\n          ],\n          \"info\": \"H!\"\n        }\n      ],\n      \"satisfy\": [\n        {\n          \"and\": [\n            {\n              \"and\": [\n                \"e;UP]A\",\n                \"tb=nZEEu.J\",\n                {\n                  \"mc\": \"<=112\"\n                },\n                {\n                  \"mc\": \"<=150\"\n                },\n                \"f=-Stgaa#v\"\n              ]\n            },\n            {\n              \"or\": []\n            },\n            {\n              \"mc\": \">=182\"\n            },\n            {\n              \"or\": [\n                {\n                  \"or\": [\n                    \"(zNuV@noS\",\n                    \"X\",\n                    {\n                      \"or\": [\n                        \"eZqQ\",\n                        \"<PoN|\",\n                        \"&l_ws$w\"\n                      ]\n                    }\n                  ]\n                }\n              ]\n            },\n            {\n              \"mc\": \">=188\"\n            }\n          ]\n        },\n        \",$\",\n        {\n          \"mc\": \">=95\"\n        },\n        {\n          \"mc\": \"<=27\"\n        },\n        {\n          \"and\": [\n            {\n              \"or\": []\n            },\n            {\n              \"and\": [\n                {\n                  \"or\": [\n                    \"yadl8iB!a\",\n                    \"\",\n                    {\n                      \"mc\": \"<=84\"\n                    },\n                    \"^lJGw_6\"\n                  ]\n                }\n              ]\n            }\n          ]\n        }\n      ],\n      \"url\": \"https://n.9deeh8v8ffmqdcbtya95x-6cin6as577fbe6-b4egtbtbeaifdebcga9f-deh.gacgbcobs/dfO,1ya%20e'\",\n      \"info\": \"c\",\n      \"Kq\": {\n        \"name\": \"^ sQaWkH\",\n        \"ay\": 1972,\n        \"assign\": [\n          \"MI?!==\",\n          \"O|)!4p\",\n          \"&&pg_Nmj7\",\n          \"p\",\n          \"$>\"\n        ],\n        \"url\": \"http://hcafqd.dcw\",\n        \"info\": \"2Ce|7)kv\"\n      },\n      \"e(*S(pd\": {\n        \"name\": \".2nQjF+c\",\n        \"ay\": 1950,\n        \"assign\": \"w~ ${~x/!%\",\n        \"match\": {\n          \"pattern\": \"XYZ14S\",\n          \"exclude\": \"XU145A\",\n          \"info\": \">!zx%\\\"I\"\n        },\n        \"satisfy\": {\n          \"or\": [\n            {\n              \"mc\": \">=187\"\n            },\n            {\n              \"or\": [\n                \"4\",\n                \"p.aMN^\",\n                {\n                  \"and\": [\n                    {\n                      \"or\": [\n                        \"9\"\n                      ]\n                    }\n                  ]\n                }\n              ]\n            },\n            {\n              \"and\": [\n                {\n                  \"mc\": \">=130\"\n                },\n                \"n1{WK0%\"\n              ]\n            }\n          ]\n        },\n        \"url\": \"https://3wdbmlm4nnqhqgx8t.ka4-hmioybzhre6iyxxy4no1q.e49d0jjdb4rf1tegp2-chfbwxk0fe9b-un0bx2uip17nsbv.haizgvq/((+;8$/ba;oqya/g%F4%8F%AC%A1t$J4g/;//O_9*FJ4/zc\",\n        \"info\": \"ZQ<zWZ-SZ\",\n        \"1nIe\\\\D\": {\n          \"name\": \"<l\\\\S6\",\n          \"ay\": 2028,\n          \"assign\": [\n            \"0&(C1f{~eY\"\n          ],\n          \"match\": {\n            \"pattern\": \"VEBx8Q\",\n            \"exclude\": \"LCB820\",\n            \"info\": \"=J?T\"\n          },\n          \"satisfy\": {\n            \"and\": [\n              {\n                \"mc\": \"<=64\"\n              }\n            ]\n          },\n          \"url\": \"https://f0tsvj3bjkyhko0ui1koscyu1u.n692orkln8kzlna3s5bbxqrwfz-yh0vo-0f6m-i1ae3ro9eebqt8xqde9-kq.r0lh5x10cnnkpxamtk90y5.mjz\",\n          \"info\": \";YB$m]\"\n        }\n      },\n      \"X~CNg\": {\n        \"ay\": 2006,\n        \"assign\": \"hS`.d\",\n        \"match\": {\n          \"and\": [\n            {\n              \"or\": []\n            },\n            {\n              \"and\": [\n                {\n                  \"or\": [\n                    {\n                      \"and\": []\n                    },\n                    {\n                      \"pattern\": \"JWV27P\",\n                      \"info\": \"0MF[\"\n                    }\n                  ]\n                }\n              ]\n            },\n            {\n              \"or\": [\n                \"SR18\"\n              ]\n            }\n          ]\n        },\n        \"satisfy\": \"\",\n        \"url\": \"https://j0yr5jj4gnimoqajuxbchpbtwhq495jm03fqo4xud--pj5hrxq7u.6jcho.l.lutivao4gxi1chg1nbynb2buxrys0cznf-rnz1yu14.6-6vuzitio9kjx49gkv3fsbx3x4-2ezqcpbx7qvudd8dab64w7kwgd.auybrmjlnb/m/AN1$L=)/+eF%F1%B0%AD%B6P3'&/64-p-\",\n        \"info\": \"e9:cuh\"\n      },\n      \"P G%y{\": {\n        \"name\": \"#\",\n        \"ay\": 1993,\n        \"assign\": \"2WR%v\\\"T&dW\",\n        \"url\": \"http://de.djfxg/AYra\"\n      },\n      \"m\": {\n        \"ay\": 1952,\n        \"assign\": [\n          \"!#QqNAs:m3\",\n          \"KQ\"\n        ],\n        \"match\": {\n          \"and\": [\n            {\n              \"or\": [\n                \"BN7K\",\n                \"OUB482\",\n                {\n                  \"and\": [\n                    \"GSA294\",\n                    \"ZX8\",\n                    \"OYx*W\"\n                  ]\n                },\n                {\n                  \"and\": [\n                    \"DQW03x\",\n                    {\n                      \"pattern\": \"RT6x*I\",\n                      \"exclude\": [\n                        \"JJ27\",\n                        \"FSA9*15C\",\n                        \"IN45x5N\"\n                      ],\n                      \"info\": \"6N1o,\"\n                    }\n                  ]\n                }\n              ]\n            }\n          ]\n        },\n        \"satisfy\": {\n          \"or\": [\n            \"wFL1y'~0=h\"\n          ]\n        },\n        \"info\": \"=\"\n      }\n    }\n  },\n  {\n    \"title\": \"block sample 4\",\n    \"value\": {\n      \"name\": \"g`TFBe0\",\n      \"assign\": [\n        \"[3Q6\",\n        \"{bSX0%{g k\",\n        \"Ev\\\">R;Z$Z\",\n        \" sLm>.D\"\n      ],\n      \"match\": \"PX31\",\n      \"satisfy\": {\n        \"and\": [\n          {\n            \"or\": [\n              {\n                \"mc\": \"<=58\"\n              },\n              {\n                \"or\": [\n                  \"8 nawR++\",\n                  {\n                    \"mc\": \"<=189\"\n                  },\n                  \"]\",\n                  {\n                    \"mc\": \"<=136\"\n                  },\n                  \"G.a\"\n                ]\n              },\n              \"&xZ\",\n              \"\\\\CJ.XV\"\n            ]\n          },\n          {\n            \"mc\": \">=150\"\n          },\n          \"<\",\n          {\n            \"and\": [\n              {\n                \"or\": [\n                  \"pbp,x],t[\",\n                  {\n                    \"and\": [\n                      \"1~yusSZYxH\",\n                      \"QSs~rR?{Q\",\n                      {\n                        \"mc\": \"<=198\"\n                      },\n                      {\n                        \"mc\": \"<=184\"\n                      }\n                    ]\n                  }\n                ]\n              },\n              \"KWn]g|\"\n            ]\n          },\n          {\n            \"mc\": \"<=123\"\n          }\n        ]\n      },\n      \"url\": \"https://776ea9gci4haia05qc6b1aea5e7a96efiehx-5e7d7pby7vea.5i9w14.ielftot//%F3%A4%8E%A4=.+!;\",\n      \"info\": \"G:+\",\n      \"zj;2S2(Xiz\": {\n        \"name\": \"1TQrxr8\",\n        \"ay\": 1963,\n        \"assign\": \"_$n\",\n        \"match\": [\n          {\n            \"or\": [\n              \"WG5x8Q\",\n              {\n                \"or\": [\n                  {\n                    \"and\": [\n                      {\n                        \"pattern\": \"CVVx84\",\n                        \"exclude\": [\n                          \"BGF0602U\",\n                          \"OK0*6P\",\n                          \"VK9*x4\"\n                        ],\n                        \"info\": \"\"\n                      }\n                    ]\n                  },\n                  \"JD64X\",\n                  {\n                    \"and\": [\n                      {\n                        \"pattern\": \"TG2N\",\n                        \"info\": \"BQ)X<2fq,8\"\n                      },\n                      \"XC018\"\n                    ]\n                  }\n                ]\n              },\n              {\n                \"and\": [\n                  \"EVx20O\",\n                  \"SHL9075\"\n                ]\n              }\n            ]\n          },\n          \"MGI45T\",\n          {\n            \"and\": [\n              \"QDI38V\"\n            ]\n          },\n          {\n            \"and\": []\n          },\n          {\n            \"pattern\": \"RCW6W\",\n            \"info\": \"#Ol5\\\\<5-e\"\n          }\n        ],\n        \"satisfy\": \"_W\",\n        \"url\": \"https://7m6uw1syngr0j54hvf4xa7g1k5.imjrrbnnlc//%F2%B5%BD%80AP5Ma39/WR,T\",\n        \"info\": \"H\"\n      },\n      \"#CFW7\": {\n        \"name\": \"]kcS~f\",\n        \"ay\": 2016,\n        \"assign\": \"zv%.\",\n        \"match\": \"RA747*B\",\n        \"satisfy\": [],\n        \"url\": \"http://0d3agc.e-007f95pghe06k9z-q-bfoiyqhg6rbjm0xnkoj3lqt.rfwt/5QrZ3H,/%F2%AF%B5%91./F.Dk/(/\",\n        \"info\": \"$\"\n      }\n    }\n  },\n  {\n    \"title\": \"block sample 5\",\n    \"value\": {\n      \"ay\": 1983,\n      \"assign\": [],\n      \"match\": [\n        {\n          \"pattern\": \"MDX7\",\n          \"info\": \"\"\n        },\n        {\n          \"and\": []\n        },\n        {\n          \"or\": [\n            {\n              \"and\": [\n                \"IIx1A\",\n                \"FF1817\",\n                \"SIVx0C\"\n              ]\n            },\n            {\n              \"pattern\": \"VG9\",\n              \"exclude\": \"GJx960\",\n              \"info\": \"\"\n            }\n          ]\n        }\n      ],\n      \"satisfy\": {\n        \"or\": []\n      },\n      \"url\": \"https://6x3735-o3x8l-7dimickpoac7w-vn3fc3b3k517okrtj2xdy6stk9-b.w8mj3abvb3oc0fk1vlbqj.4vdke0nnaw3vd58lb9uy3iecjvhwn7voi3zje1zghpc.igbbaeudb/t6aT)0Q/%F3%8E%B7%A2i%F1%8A%BC%B0\",\n      \"info\": \"LIH!+_lYP^\"\n    }\n  },\n  {\n    \"title\": \"block sample 6\",\n    \"value\": {\n      \"name\": \"\",\n      \"assign\": \"l4=%\",\n      \"match\": \"HB1*D\",\n      \"satisfy\": [\n        {\n          \"or\": [\n            \"\",\n            {\n              \"mc\": \">=145\"\n            }\n          ]\n        },\n        \"fWu\"\n      ],\n      \"url\": \"https://75v0rfcijz7r2-4lcv8ihea92cnjjoewgvivi-zim3ydv6zhg9pqf7qtxf.dtlgsfpu63py-nrxpe.d.v.iu47jjo.digbtr\",\n      \"info\": \"\"\n    }\n  },\n  {\n    \"title\": \"block sample 7\",\n    \"value\": {\n      \"name\": \"}!A\",\n      \"ay\": 1966,\n      \"assign\": [\n        \"\"\n      ],\n      \"match\": [],\n      \"satisfy\": [\n        {\n          \"mc\": \">=134\"\n        },\n        {\n          \"and\": []\n        },\n        {\n          \"and\": [\n            \"@m\"\n          ]\n        },\n        {\n          \"and\": [\n            {\n              \"and\": [\n                {\n                  \"and\": [\n                    \"~-L,x}%\",\n                    \"R`$~ri\",\n                    {\n                      \"and\": [\n                        \"O~x`\",\n                        \"e6,eS=sJ\",\n                        {\n                          \"or\": [\n                            \",Z}ga~t3T\"\n                          ]\n                        },\n                        {\n                          \"or\": [\n                            \"x\",\n                            \"D|u/mq\",\n                            \"F]e n\",\n                            \"Yc!W'AJiU\"\n                          ]\n                        },\n                        {\n                          \"and\": []\n                        }\n                      ]\n                    }\n                  ]\n                },\n                {\n                  \"or\": [\n                    \"6\",\n                    {\n                      \"and\": [\n                        \"?YD\",\n                        \"gP\"\n                      ]\n                    },\n                    \"z3pL;L%K9\",\n                    \"r\",\n                    \"le7S^.s$\"\n                  ]\n                },\n                {\n                  \"or\": [\n                    \"a4-d,5|!>\"\n                  ]\n                },\n                \"I*S\"\n              ]\n            },\n            {\n              \"and\": [\n                {\n                  \"or\": [\n                    {\n                      \"and\": []\n                    }\n                  ]\n                },\n                {\n                  \"mc\": \"<=24\"\n                },\n                \"6.OLh17\",\n                {\n                  \"and\": [\n                    \"\",\n                    {\n                      \"and\": []\n                    },\n                    {\n                      \"mc\": \"<=68\"\n                    },\n                    \"C6?]THC\"\n                  ]\n                }\n              ]\n            },\n            \"\",\n            {\n              \"and\": []\n            },\n            {\n              \"and\": [\n                \"gH|\",\n                {\n                  \"and\": [\n                    \"$(k=c79-s\",\n                    {\n                      \"mc\": \">=168\"\n                    },\n                    {\n                      \"or\": [\n                        \"U0=59\\\\\",\n                        \"j(e(Kp`I\",\n                        \"ADFl*b\"\n                      ]\n                    }\n                  ]\n                },\n                \"{*UkvVNGq\",\n                {\n                  \"mc\": \"<=186\"\n                }\n              ]\n            }\n          ]\n        }\n      ],\n      \"url\": \"https://8j5wrlq6hmyhxy7p.pvlcz//4_6Y/f$\",\n      \"info\": \"_'4B _\",\n      \"F:2`\": {\n        \"name\": \"B\",\n        \"ay\": 1993,\n        \"assign\": [\n          \"MJ\\\"Ns8jU\",\n          \"`\",\n          \"x;uP Tc)\",\n          \"$`O>:[+I`a\",\n          \"n\\\"\"\n        ],\n        \"match\": \"TX434\",\n        \"satisfy\": [\n          \"v\"\n        ],\n        \"url\": \"http://tc636ay093.kpkgkgc\"\n      }\n    }\n  },\n  {\n    \"title\": \"block sample 8\",\n    \"value\": {\n      \"name\": \"5|xS%D\",\n      \"ay\": 1998,\n      \"assign\": [\n        \"_9{\",\n        \"M`v)N(>]&/\",\n        \"w55i!Yi\"\n      ],\n      \"match\": [\n        {\n          \"or\": [\n            {\n              \"pattern\": \"OLE1N\",\n              \"info\": \"M\"\n            },\n            {\n              \"pattern\": \"VFJ5G\",\n              \"exclude\": [\n                \"WJM4038\",\n                \"TW*\"\n              ],\n              \"info\": \"R&*M kxu;&\"\n            },\n            {\n              \"pattern\": \"ZGN58\",\n              \"exclude\": \"SF03\"\n            }\n          ]\n        },\n        \"JOA1F\",\n        {\n          \"pattern\": \"ULN31D\",\n          \"exclude\": \"DBx6O\",\n          \"info\": \"EY/e!zk&e+\"\n        },\n        {\n          \"or\": []\n        }\n      ],\n      \"satisfy\": {\n        \"or\": [\n          {\n            \"mc\": \">=192\"\n          }\n        ]\n      },\n      \"url\": \"https://e97e1bjnhngqmutxz7.daidc7.d.v85cfbf-aac-cm77a9fmdeybdf66b35rbfd6-a5bbf9.cvc5-b-7.wbcxdwb/HLWV8GqD/5HMds/p2-,Qq:i8/h/;!gxG/%F0%AA%A8%830lNd_;%F2%BB%B7%83W/t.SkSI/~$\",\n      \"info\": \"\",\n      \"L\": {\n        \"ay\": 1976,\n        \"assign\": \"{YViG.[\",\n        \"match\": \"CT6x*2\",\n        \"satisfy\": {\n          \"or\": [\n            {\n              \"mc\": \">=184\"\n            },\n            {\n              \"or\": [\n                {\n                  \"or\": [\n                    \"MwGWep\",\n                    \"qaD^A\",\n                    {\n                      \"mc\": \"<=172\"\n                    },\n                    \"|q>_L\",\n                    \"\\\"9w+`A$Y\"\n                  ]\n                },\n                \"*J4V#\",\n                \".&`Q}WL\",\n                \"F\"\n              ]\n            },\n            {\n              \"and\": [\n                {\n                  \"or\": [\n                    {\n                      \"and\": [\n                        {\n                          \"mc\": \"<=91\"\n                        }\n                      ]\n                    }\n                  ]\n                },\n                \"\",\n                \"%q2\"\n              ]\n            },\n            \"6 /\",\n            {\n              \"mc\": \"<=119\"\n            }\n          ]\n        },\n        \"url\": \"https://e8l-oqvv2q9ehfog7i4bd-6i86oqobqsabab4okr.5ylin2x-3qylli2ea08cfjsru2ra4kk4arrykvdde5-lbkwok2b54.z.bzbh\",\n        \"info\": \"\",\n        \"2 |)ZV\": {\n          \"name\": \"EBmD&Tfy\",\n          \"ay\": 2012,\n          \"assign\": [\n            \"$!\",\n            \"M6P\\\\7Udu8M\",\n            \"F3]fUIJ\"\n          ],\n          \"match\": [\n            {\n              \"or\": [\n                {\n                  \"and\": [\n                    \"GH25*3\",\n                    {\n                      \"pattern\": \"IR2x5\",\n                      \"exclude\": \"VOQ3O\",\n                      \"info\": \"G+fA?U\"\n                    },\n                    {\n                      \"and\": [\n                        {\n                          \"or\": [\n                            \"TZV7x\",\n                            \"WVC77P\",\n                            \"BV66I\",\n                            {\n                              \"or\": [\n                                \"PFLx1*9T\",\n                                \"KQF3*\",\n                                \"OJ745x\",\n                                \"GN*6K\"\n                              ]\n                            },\n                            \"ZS61U\"\n                          ]\n                        },\n                        \"ALR6\",\n                        \"GPN38x\",\n                        {\n                          \"and\": [\n                            \"ECR8N\",\n                            \"UK11*X\"\n                          ]\n                        },\n                        \"WHW7700\"\n                      ]\n                    },\n                    \"PQI210W\",\n                    \"WBV269W\"\n                  ]\n                },\n                \"ZI0086H\"\n              ]\n            },\n            {\n              \"and\": [\n                {\n                  \"pattern\": \"TPI4B\",\n                  \"exclude\": \"QT615B\",\n                  \"info\": \"-\\\\qTO/B7Y-\"\n                },\n                {\n                  \"or\": [\n                    {\n                      \"or\": [\n                        {\n                          \"or\": [\n                            {\n                              \"and\": [\n                                \"HKQ14J\",\n                                \"NTI82\",\n                                \"DOx\",\n                                {\n                                  \"and\": [\n                                    \"NAU5x\",\n                                    \"XLF685xF\",\n                                    {\n                                      \"and\": []\n                                    },\n                                    \"EI2G\",\n                                    \"NZ73\"\n                                  ]\n                                }\n                              ]\n                            },\n                            \"XVT963P\"\n                          ]\n                        },\n                        {\n                          \"and\": []\n                        }\n                      ]\n                    },\n                    \"TWU48\"\n                  ]\n                },\n                {\n                  \"pattern\": \"GDQ639\",\n                  \"exclude\": \"XVR255A\",\n                  \"info\": \"0[\"\n                },\n                {\n                  \"and\": [\n                    \"HMN053\",\n                    {\n                      \"or\": [\n                        \"VNL6K\",\n                        \"EQ92*\",\n                        \"TVI25S\"\n                      ]\n                    }\n                  ]\n                }\n              ]\n            }\n          ],\n          \"satisfy\": [\n            {\n              \"mc\": \">=184\"\n            },\n            {\n              \"mc\": \"<=28\"\n            },\n            {\n              \"mc\": \"<=180\"\n            }\n          ],\n          \"url\": \"https://qcvt2mgxd7aaoy85dspecgws3d57.lfnu77gs7dmkvjidy0ufwmp0pbc.jvdcj3ze7ttjvc5iz9xq19j.oo96ltrvt2xkubmsd9ap6y68uvs8-wrqb14s-a7l45w54yrmc9cj6xr.y4qqhqgbbe-wkuoku8z7k711njbc0e63tz6nxbioxa72wufzhlje3hpztva3tyk.fwj/AfFz/A%F1%B2%AA%90@y,qs~C/VClw!/1/w/\",\n          \"info\": \"O\"\n        },\n        \"C+|5NTU#e\": {\n          \"name\": \"{8FO\",\n          \"ay\": 1978,\n          \"match\": [\n            {\n              \"or\": [\n                \"TB14\",\n                \"LMQ15x\",\n                {\n                  \"pattern\": \"HR2371Q\",\n                  \"exclude\": \"XYI5N\",\n                  \"info\": \"xC\"\n                }\n              ]\n            },\n            {\n              \"and\": [\n                {\n                  \"or\": [\n                    {\n                      \"or\": [\n                        {\n                          \"or\": [\n                            {\n                              \"pattern\": \"MPY26*\",\n                              \"exclude\": \"LFY9\",\n                              \"info\": \"~(gKu8X9\"\n                            },\n                            {\n                              \"and\": [\n                                \"EIM2776Q\",\n                                \"CVE57\",\n                                \"EJP5x\"\n                              ]\n                            }\n                          ]\n                        },\n                        \"XN0835\",\n                        {\n                          \"pattern\": \"JEU89U\",\n                          \"info\": \"\"\n                        }\n                      ]\n                    }\n                  ]\n                }\n              ]\n            },\n            {\n              \"or\": [\n                {\n                  \"and\": [\n                    \"WFV6*8\",\n                    {\n                      \"or\": [\n                        \"RXI8x\"\n                      ]\n                    },\n                    {\n                      \"or\": [\n                        \"DHA8L\"\n                      ]\n                    },\n                    \"CU12\"\n                  ]\n                },\n                \"KE1A\",\n                {\n                  \"and\": [\n                    \"MH5Q\",\n                    {\n                      \"and\": []\n                    },\n                    \"OX*\",\n                    \"BN4xx8R\"\n                  ]\n                }\n              ]\n            },\n            {\n              \"or\": [\n                {\n                  \"or\": [\n                    {\n                      \"or\": []\n                    },\n                    {\n                      \"or\": [\n                        \"CZ*X\",\n                        {\n                          \"or\": [\n                            \"FBW82\",\n                            \"FQ604\",\n                            {\n                              \"or\": []\n                            }\n                          ]\n                        },\n                        \"MC2Q\"\n                      ]\n                    },\n                    {\n                      \"pattern\": \"WCG34*1\",\n                      \"exclude\": \"NRN524A\",\n                      \"info\": \"dl9C>TTd^x\"\n                    },\n                    \"JLT4\",\n                    \"OZD3163\"\n                  ]\n                }\n              ]\n            }\n          ],\n          \"satisfy\": [\n            {\n              \"mc\": \">=60\"\n            },\n            \"i\"\n          ],\n          \"info\": \"q2}ku~\",\n          \"=u93jjUw}\": {\n            \"name\": \"F|7\",\n            \"match\": {\n              \"pattern\": \"SPGxx7\",\n              \"exclude\": [\n                \"VXU59\",\n                \"NZH6*\",\n                \"JXM6O\",\n                \"OCA8\"\n              ],\n              \"info\": \"$$2E\\\"V>'N\"\n            },\n            \"info\": \"\"\n          }\n        }\n      },\n      \"kZ(:m\": {\n        \"assign\": [\n          \"Id?|\",\n          \"\",\n          \"1<4g\"\n        ],\n        \"satisfy\": [\n          {\n            \"mc\": \">=97\"\n          },\n          {\n            \"or\": [\n              {\n                \"and\": [\n                  {\n                    \"mc\": \"<=88\"\n                  },\n                  {\n                    \"and\": [\n                      {\n                        \"mc\": \">=191\"\n                      },\n                      \"8NF\",\n                      \",ZUwF\\\"EH?6\"\n                    ]\n                  },\n                  \"B9TgfN*h1\",\n                  \"(PeY{\",\n                  \"\"\n                ]\n              },\n              {\n                \"or\": [\n                  {\n                    \"and\": [\n                      \"<\\\\Z)#-B*\",\n                      \"\",\n                      {\n                        \"mc\": \"<=42\"\n                      },\n                      {\n                        \"mc\": \">=121\"\n                      },\n                      {\n                        \"or\": [\n                          {\n                            \"and\": []\n                          }\n                        ]\n                      }\n                    ]\n                  },\n                  {\n                    \"and\": [\n                      {\n                        \"mc\": \">=100\"\n                      }\n                    ]\n                  }\n                ]\n              }\n            ]\n          },\n          {\n            \"or\": []\n          }\n        ],\n        \"url\": \"https://5hlf2vczag3r4f1.rseswu/a%F2%83%B1%ADs@/WlkN/z)!X/8X5k$/bf1(PW_p/V=zyv+T%F1%A9%B8%ABM\",\n        \"info\": \"za?q{3Ti9\"\n      }\n    }\n  },\n  {\n    \"title\": \"block sample 9\",\n    \"value\": {\n      \"name\": \"y!iRZd4\",\n      \"assign\": \"+(Elr-v\",\n      \"satisfy\": {\n        \"or\": [\n          \"'/Z$<\",\n          {\n            \"and\": [\n              \"+sA5\",\n              \"r^[\",\n              {\n                \"mc\": \"<=28\"\n              },\n              {\n                \"and\": [\n                  {\n                    \"mc\": \"<=46\"\n                  },\n                  \"mN-\",\n                  {\n                    \"mc\": \"<=96\"\n                  },\n                  \"GcN<h?kvTa\"\n                ]\n              },\n              \"I!Rj':l:\"\n            ]\n          },\n          {\n            \"or\": [\n              {\n                \"or\": [\n                  {\n                    \"or\": [\n                      \"E\",\n                      \"5,\",\n                      \"\",\n                      \"'LVjGdr<7\"\n                    ]\n                  },\n                  {\n                    \"and\": []\n                  },\n                  {\n                    \"mc\": \"<=45\"\n                  },\n                  {\n                    \"or\": [\n                      \"q\"\n                    ]\n                  },\n                  \"!hf+:3t<\"\n                ]\n              },\n              {\n                \"mc\": \"<=192\"\n              },\n              {\n                \"mc\": \">=196\"\n              },\n              \"7\"\n            ]\n          }\n        ]\n      },\n      \"url\": \"https://lz-89rk559nl3rpnbtx6i0pnjq.7br5e9f4ju6jajcqsddg3fqdmh43-0derpi.51v4wiatu0oe8qqjo-k573ouvgs3m06w.wrrjvnxhsx/KY-O//%F2%9C%9B%85du\",\n      \"info\": \"V}eajp~!\"\n    }\n  }\n]",
              "code": "fast_check_1.sample(index_test_2.block, 10).forEach((sample, i) => addContext_1.default(this, {\n    title: `block sample ${i}`,\n    value: sample,\n}));\nreturn fast_check_1.assert(fast_check_1.property(index_test_2.block, ajvValidate));",
              "err": {},
              "uuid": "69d2aa88-0671-460f-881d-f53205956e9c",
              "parentUUID": "5069e6e8-a9a1-44fb-b289-c6d6030fb311",
              "isHook": false,
              "skipped": false
            },
            {
              "title": "should not validate non-object",
              "fullTitle": "blockSchema should not validate non-object",
              "timedOut": false,
              "duration": 3,
              "state": "passed",
              "speed": "fast",
              "pass": true,
              "fail": false,
              "pending": false,
              "context": null,
              "code": "const error = {\n    instancePath: \"\",\n    message: \"block should be an object\",\n};\nisInvalidBlock(null, error);\nisInvalidBlock(undefined, error);\nisInvalidBlock(10, error);\nisInvalidBlock([12, 24], error);\nisInvalidBlock(\"abc\", error);",
              "err": {},
              "uuid": "e8e5d9d4-792b-4e70-a8a7-20021cbe9761",
              "parentUUID": "5069e6e8-a9a1-44fb-b289-c6d6030fb311",
              "isHook": false,
              "skipped": false
            },
            {
              "title": "should not validate block with invalid properties",
              "fullTitle": "blockSchema should not validate block with invalid properties",
              "timedOut": false,
              "duration": 0,
              "state": "passed",
              "speed": "fast",
              "pass": true,
              "fail": false,
              "pending": false,
              "context": null,
              "code": "isInvalidBlock({\n        name: { foo: \"bar\" },\n        ay: -1000,\n        assign: {},\n        match: 1,\n        satisfy: 2,\n        url: { abc: \"def\" },\n        info: 42,\n    }, { instancePath: \"/name\", message: \"property 'name' should be a string\" }, {\n        instancePath: \"/ay\",\n        message: \"property 'ay' should be a positive integer\",\n    }, {\n        instancePath: \"/assign\",\n        message: \"property 'assign' should be either a block ID or an array of block IDs\",\n    }, {\n        instancePath: \"/match\",\n        message: \"property 'match' should be either a match rule or an array of match rules\",\n    }, {\n        instancePath: \"/satisfy\",\n        message: \"property 'satisfy' should be either a satisfy rule or an array of satisfy rules\",\n    }, { instancePath: \"/url\", message: \"property 'url' should be a string\" }, { instancePath: \"/info\", message: \"property 'info' should be a string\" })",
              "err": {},
              "uuid": "1ea80cc4-6d7b-41b3-ac55-00cbc1cefdef",
              "parentUUID": "5069e6e8-a9a1-44fb-b289-c6d6030fb311",
              "isHook": false,
              "skipped": false
            }
          ],
          "suites": [],
          "passes": [
            "69d2aa88-0671-460f-881d-f53205956e9c",
            "e8e5d9d4-792b-4e70-a8a7-20021cbe9761",
            "1ea80cc4-6d7b-41b3-ac55-00cbc1cefdef"
          ],
          "failures": [],
          "pending": [],
          "skipped": [],
          "duration": 232,
          "root": false,
          "rootEmpty": false,
          "_timeout": 2000
        },
        {
          "uuid": "3114169d-aff4-4684-9e7b-9d7d1d365eaf",
          "title": "patternSchema",
          "fullFile": "/home/runner/work/planwithus-lib/planwithus-lib/src/matchRule/pattern/schemas.test.ts",
          "file": "/src/matchRule/pattern/schemas.test.ts",
          "beforeHooks": [],
          "afterHooks": [],
          "tests": [
            {
              "title": "should validate non-empty pattern composed of A-Z, 0-9, x or *",
              "fullTitle": "patternSchema should validate non-empty pattern composed of A-Z, 0-9, x or *",
              "timedOut": false,
              "duration": 2,
              "state": "passed",
              "speed": "fast",
              "pass": true,
              "fail": false,
              "pending": false,
              "context": "[\n  {\n    \"title\": \"pattern sample 0\",\n    \"value\": \"PEX9\"\n  },\n  {\n    \"title\": \"pattern sample 1\",\n    \"value\": \"QY8794\"\n  },\n  {\n    \"title\": \"pattern sample 2\",\n    \"value\": \"SY26P\"\n  },\n  {\n    \"title\": \"pattern sample 3\",\n    \"value\": \"IY38\"\n  },\n  {\n    \"title\": \"pattern sample 4\",\n    \"value\": \"OI3J\"\n  },\n  {\n    \"title\": \"pattern sample 5\",\n    \"value\": \"JRZ638\"\n  },\n  {\n    \"title\": \"pattern sample 6\",\n    \"value\": \"VGN9R\"\n  },\n  {\n    \"title\": \"pattern sample 7\",\n    \"value\": \"YN32\"\n  },\n  {\n    \"title\": \"pattern sample 8\",\n    \"value\": \"ZVX*x47Q\"\n  },\n  {\n    \"title\": \"pattern sample 9\",\n    \"value\": \"PEL4*xJ\"\n  }\n]",
              "code": "fast_check_1.sample(index_test_2.pattern, 10).forEach((sample, i) => addContext_1.default(this, {\n    title: `pattern sample ${i}`,\n    value: sample,\n}));\nreturn fast_check_1.assert(fast_check_1.property(index_test_2.pattern, ajvValidate), {\n    examples: [[\"*\"], [\"ACC1002\"], [\"IS1103\"], [\"CS1231S\"], [\"MA1102R\"]],\n});",
              "err": {},
              "uuid": "a6c3f08b-fad5-4ad3-94d4-c1f214761dcd",
              "parentUUID": "3114169d-aff4-4684-9e7b-9d7d1d365eaf",
              "isHook": false,
              "skipped": false
            },
            {
              "title": "should not validate empty pattern",
              "fullTitle": "patternSchema should not validate empty pattern",
              "timedOut": false,
              "duration": 0,
              "state": "passed",
              "speed": "fast",
              "pass": true,
              "fail": false,
              "pending": false,
              "context": null,
              "code": "isInvalidPattern(\"\")",
              "err": {},
              "uuid": "c0f8ea58-bb72-41d3-afb2-61a18142457f",
              "parentUUID": "3114169d-aff4-4684-9e7b-9d7d1d365eaf",
              "isHook": false,
              "skipped": false
            },
            {
              "title": "should not validate pattern with invalid characters",
              "fullTitle": "patternSchema should not validate pattern with invalid characters",
              "timedOut": false,
              "duration": 1,
              "state": "passed",
              "speed": "fast",
              "pass": true,
              "fail": false,
              "pending": false,
              "context": null,
              "code": "[\"AB123a\", \"Ac123a\", \"AB123^S\", \"AB1*3^S\", \"$A1*3^S\", \"/A1x33S\"].forEach(isInvalidPattern)",
              "err": {},
              "uuid": "390b2658-e8ad-47e4-977f-bff7f0a54d62",
              "parentUUID": "3114169d-aff4-4684-9e7b-9d7d1d365eaf",
              "isHook": false,
              "skipped": false
            }
          ],
          "suites": [],
          "passes": [
            "a6c3f08b-fad5-4ad3-94d4-c1f214761dcd",
            "c0f8ea58-bb72-41d3-afb2-61a18142457f",
            "390b2658-e8ad-47e4-977f-bff7f0a54d62"
          ],
          "failures": [],
          "pending": [],
          "skipped": [],
          "duration": 3,
          "root": false,
          "rootEmpty": false,
          "_timeout": 2000
        },
        {
          "uuid": "70556d84-8bae-4371-9748-dd5440aa5734",
          "title": "matchRuleSchema",
          "fullFile": "/home/runner/work/planwithus-lib/planwithus-lib/src/matchRule/schemas.test.ts",
          "file": "/src/matchRule/schemas.test.ts",
          "beforeHooks": [],
          "afterHooks": [],
          "tests": [
            {
              "title": "should validate match rule with valid pattern",
              "fullTitle": "matchRuleSchema should validate match rule with valid pattern",
              "timedOut": false,
              "duration": 1,
              "state": "passed",
              "speed": "fast",
              "pass": true,
              "fail": false,
              "pending": false,
              "context": "[\n  {\n    \"title\": \"pattern sample 0\",\n    \"value\": \"NA55*4\"\n  },\n  {\n    \"title\": \"pattern sample 1\",\n    \"value\": \"TT*Z\"\n  },\n  {\n    \"title\": \"pattern sample 2\",\n    \"value\": \"GL176\"\n  },\n  {\n    \"title\": \"pattern sample 3\",\n    \"value\": \"KNEx2*\"\n  },\n  {\n    \"title\": \"pattern sample 4\",\n    \"value\": \"CK*H\"\n  },\n  {\n    \"title\": \"pattern sample 5\",\n    \"value\": \"RLX0258\"\n  },\n  {\n    \"title\": \"pattern sample 6\",\n    \"value\": \"WLK02*G\"\n  },\n  {\n    \"title\": \"pattern sample 7\",\n    \"value\": \"FMx4x\"\n  },\n  {\n    \"title\": \"pattern sample 8\",\n    \"value\": \"TZ6493L\"\n  },\n  {\n    \"title\": \"pattern sample 9\",\n    \"value\": \"LK3S\"\n  }\n]",
              "code": "fast_check_1.sample(index_test_3.pattern, 10).forEach((sample, i) => addContext_1.default(this, {\n    title: `pattern sample ${i}`,\n    value: sample,\n}));\nreturn fast_check_1.assert(fast_check_1.property(index_test_3.pattern, ajvValidate));",
              "err": {},
              "uuid": "567732a0-0851-4c8b-b9cb-b3b999c4d749",
              "parentUUID": "70556d84-8bae-4371-9748-dd5440aa5734",
              "isHook": false,
              "skipped": false
            },
            {
              "title": "should validate match rules with valid pattern, exclude and info",
              "fullTitle": "matchRuleSchema should validate match rules with valid pattern, exclude and info",
              "timedOut": false,
              "duration": 4,
              "state": "passed",
              "speed": "fast",
              "pass": true,
              "fail": false,
              "pending": false,
              "context": "[\n  {\n    \"title\": \"patternMatchRule sample 0\",\n    \"value\": {\n      \"pattern\": \"EU5470\",\n      \"exclude\": \"NZ4394\",\n      \"info\": \"&z\"\n    }\n  },\n  {\n    \"title\": \"patternMatchRule sample 1\",\n    \"value\": {\n      \"pattern\": \"CI*\",\n      \"exclude\": \"VS6\"\n    }\n  },\n  {\n    \"title\": \"patternMatchRule sample 2\",\n    \"value\": {\n      \"pattern\": \"DP6922Y\",\n      \"exclude\": \"AYKx*\",\n      \"info\": \"M\"\n    }\n  },\n  {\n    \"title\": \"patternMatchRule sample 3\",\n    \"value\": {\n      \"pattern\": \"HD*P\",\n      \"exclude\": \"XRGx6*3J\",\n      \"info\": \"%e\"\n    }\n  },\n  {\n    \"title\": \"patternMatchRule sample 4\",\n    \"value\": {\n      \"pattern\": \"LXR7*\",\n      \"exclude\": [],\n      \"info\": \"]*e8K\\\"`P\"\n    }\n  },\n  {\n    \"title\": \"patternMatchRule sample 5\",\n    \"value\": {\n      \"pattern\": \"DCA65\",\n      \"exclude\": [\n        \"PF366\",\n        \"ZDT7360V\",\n        \"HN4526\",\n        \"AZE30\"\n      ],\n      \"info\": \"\"\n    }\n  },\n  {\n    \"title\": \"patternMatchRule sample 6\",\n    \"value\": {\n      \"pattern\": \"QJ9*\",\n      \"info\": \"o{A\"\n    }\n  },\n  {\n    \"title\": \"patternMatchRule sample 7\",\n    \"value\": {\n      \"pattern\": \"PC5E\",\n      \"exclude\": \"TT871\",\n      \"info\": \"k\"\n    }\n  },\n  {\n    \"title\": \"patternMatchRule sample 8\",\n    \"value\": {\n      \"pattern\": \"ZYL3\",\n      \"exclude\": \"GN57x\"\n    }\n  },\n  {\n    \"title\": \"patternMatchRule sample 9\",\n    \"value\": {\n      \"pattern\": \"WLT325A\",\n      \"exclude\": [\n        \"ID79\",\n        \"AEU7219\",\n        \"ZNE4x49M\"\n      ],\n      \"info\": \"B{Wlgtm\"\n    }\n  }\n]",
              "code": "fast_check_1.sample(index_test_2.patternMatchRule, 10).forEach((sample, i) => addContext_1.default(this, {\n    title: `patternMatchRule sample ${i}`,\n    value: sample,\n}));\nreturn fast_check_1.assert(fast_check_1.property(index_test_2.patternMatchRule, ajvValidate));",
              "err": {},
              "uuid": "4aee530e-14fa-40ca-9785-469421c56c4d",
              "parentUUID": "70556d84-8bae-4371-9748-dd5440aa5734",
              "isHook": false,
              "skipped": false
            },
            {
              "title": "should validate valid recursive match rules",
              "fullTitle": "matchRuleSchema should validate valid recursive match rules",
              "timedOut": false,
              "duration": 7,
              "state": "passed",
              "speed": "fast",
              "pass": true,
              "fail": false,
              "pending": false,
              "context": "[\n  {\n    \"title\": \"matchRule sample 0\",\n    \"value\": {\n      \"or\": []\n    }\n  },\n  {\n    \"title\": \"matchRule sample 1\",\n    \"value\": {\n      \"pattern\": \"PWSxK\",\n      \"exclude\": \"BLG13P\",\n      \"info\": \"&|{n}\"\n    }\n  },\n  {\n    \"title\": \"matchRule sample 2\",\n    \"value\": {\n      \"or\": [\n        \"VOxA\",\n        \"OX8*Q\",\n        {\n          \"and\": [\n            {\n              \"pattern\": \"ASE8\",\n              \"exclude\": \"GNB027\",\n              \"info\": \"0&B\"\n            },\n            \"CME81xD\",\n            {\n              \"pattern\": \"GIX6x05Y\",\n              \"exclude\": [\n                \"VZ1053L\",\n                \"HI7037S\",\n                \"UXK3\",\n                \"XN24xE\",\n                \"ZFYxx2X\"\n              ]\n            },\n            {\n              \"pattern\": \"WDA297Y\",\n              \"exclude\": \"MB65A\",\n              \"info\": \"}X:T\\\\d;\"\n            },\n            \"YAC032*\"\n          ]\n        },\n        \"KOSx*7\",\n        {\n          \"and\": [\n            {\n              \"or\": [\n                {\n                  \"pattern\": \"GP14\",\n                  \"exclude\": \"IBM9*\",\n                  \"info\": \"CSA\\\\n\"\n                },\n                \"KG335\",\n                \"XMSx91R\",\n                \"IT4*\",\n                \"VRU680\"\n              ]\n            },\n            \"LKG708X\"\n          ]\n        }\n      ]\n    }\n  },\n  {\n    \"title\": \"matchRule sample 3\",\n    \"value\": \"IF6\"\n  },\n  {\n    \"title\": \"matchRule sample 4\",\n    \"value\": {\n      \"pattern\": \"JOZ3\",\n      \"exclude\": \"RL0\",\n      \"info\": \"[^~\"\n    }\n  },\n  {\n    \"title\": \"matchRule sample 5\",\n    \"value\": {\n      \"or\": [\n        {\n          \"and\": [\n            \"PRx8\"\n          ]\n        },\n        \"AGF*4\"\n      ]\n    }\n  },\n  {\n    \"title\": \"matchRule sample 6\",\n    \"value\": \"CY5M\"\n  },\n  {\n    \"title\": \"matchRule sample 7\",\n    \"value\": {\n      \"or\": [\n        {\n          \"or\": [\n            \"OZ2804W\",\n            \"HUx\",\n            \"MM12\"\n          ]\n        },\n        {\n          \"or\": []\n        },\n        {\n          \"and\": [\n            \"ZWP8*T\",\n            {\n              \"or\": [\n                {\n                  \"pattern\": \"XD99\",\n                  \"exclude\": \"XWT4441Z\",\n                  \"info\": \"(d\"\n                },\n                \"YGG538V\",\n                \"QTB64*2\",\n                {\n                  \"pattern\": \"ROQx4\",\n                  \"exclude\": [],\n                  \"info\": \"Sz'0j`\"\n                }\n              ]\n            }\n          ]\n        }\n      ]\n    }\n  },\n  {\n    \"title\": \"matchRule sample 8\",\n    \"value\": \"YG27O\"\n  },\n  {\n    \"title\": \"matchRule sample 9\",\n    \"value\": \"NI1\"\n  }\n]",
              "code": "fast_check_1.sample(index_test_2.matchRule, 10).forEach((sample, i) => addContext_1.default(this, {\n    title: `matchRule sample ${i}`,\n    value: sample,\n}));\nreturn fast_check_1.assert(fast_check_1.property(index_test_2.matchRule, ajvValidate));",
              "err": {},
              "uuid": "37f31b30-69b2-4f32-b0bd-de355a589df7",
              "parentUUID": "70556d84-8bae-4371-9748-dd5440aa5734",
              "isHook": false,
              "skipped": false
            },
            {
              "title": "should not validate non-string/object",
              "fullTitle": "matchRuleSchema should not validate non-string/object",
              "timedOut": false,
              "duration": 0,
              "state": "passed",
              "speed": "fast",
              "pass": true,
              "fail": false,
              "pending": false,
              "context": null,
              "code": "const error = {\n    instancePath: \"\",\n    message: \"match rule should be either a string or an object\",\n};\nisInvalidRule(null, error);\nisInvalidRule(undefined, error);\nisInvalidRule(10, error);\nisInvalidRule([12, 24], error);",
              "err": {},
              "uuid": "3ba67316-fd47-460d-b692-f1b3fe60fece",
              "parentUUID": "70556d84-8bae-4371-9748-dd5440aa5734",
              "isHook": false,
              "skipped": false
            },
            {
              "title": "should not validate match rules with extra properties",
              "fullTitle": "matchRuleSchema should not validate match rules with extra properties",
              "timedOut": false,
              "duration": 0,
              "state": "passed",
              "speed": "fast",
              "pass": true,
              "fail": false,
              "pending": false,
              "context": null,
              "code": "isInvalidRule({\n        and: [{ or: [{ pattern: \"CS2103T\", info2: \"foobar\" }], abc: \"def\" }],\n        mno: \"pqr\",\n    }, {\n        instancePath: \"/and/0/or/0\",\n        message: \"pattern match rule should have properties 'pattern', 'exclude' (optional) and 'info' (optional) only\",\n    }, {\n        instancePath: \"/and/0\",\n        message: \"or match rule should have property 'or' only\",\n    }, {\n        instancePath: \"\",\n        message: \"and match rule should have property 'and' only\",\n    })",
              "err": {},
              "uuid": "b4d68b05-b315-4850-8446-8afbbea4f4cd",
              "parentUUID": "70556d84-8bae-4371-9748-dd5440aa5734",
              "isHook": false,
              "skipped": false
            },
            {
              "title": "should not validate ambiguous match rules",
              "fullTitle": "matchRuleSchema should not validate ambiguous match rules",
              "timedOut": false,
              "duration": 0,
              "state": "passed",
              "speed": "fast",
              "pass": true,
              "fail": false,
              "pending": false,
              "context": null,
              "code": "const message = \"match rule should have only one of properties 'pattern', 'and', 'or'\";\nisInvalidRule({\n    or: [\n        { pattern: \"CS1231\", and: [] },\n        { pattern: \"CS1231\", or: [] },\n        { and: [{ and: [\"abc\"], or: [\"def\"] }] },\n    ],\n}, { instancePath: \"/or/0\", message }, { instancePath: \"/or/1\", message }, { instancePath: \"/or/2/and/0\", message });",
              "err": {},
              "uuid": "820d2c06-872e-4dd5-a589-1ad9808f3554",
              "parentUUID": "70556d84-8bae-4371-9748-dd5440aa5734",
              "isHook": false,
              "skipped": false
            },
            {
              "title": "should not validate pattern match rule with invalid patterns",
              "fullTitle": "matchRuleSchema should not validate pattern match rule with invalid patterns",
              "timedOut": false,
              "duration": 1,
              "state": "passed",
              "speed": "fast",
              "pass": true,
              "fail": false,
              "pending": false,
              "context": null,
              "code": "const message = \"pattern should be a non-empty string composed of A-Z, 0-9, x or *\";\nisInvalidRule({\n    and: [\n        \"CS210c\",\n        { pattern: \"CS2100\", exclude: \"CS1231s\" },\n        { pattern: \"CS210#T\", exclude: [\"CS1231\", \"CS21%\"] },\n    ],\n}, { instancePath: \"/and/0\", message }, { instancePath: \"/and/1/exclude\", message }, { instancePath: \"/and/2/pattern\", message }, { instancePath: \"/and/2/exclude/1\", message });",
              "err": {},
              "uuid": "26dbccd6-fa43-4f36-b3cb-3549c51766ec",
              "parentUUID": "70556d84-8bae-4371-9748-dd5440aa5734",
              "isHook": false,
              "skipped": false
            },
            {
              "title": "should not validate pattern match rule with non-string/array exclude",
              "fullTitle": "matchRuleSchema should not validate pattern match rule with non-string/array exclude",
              "timedOut": false,
              "duration": 1,
              "state": "passed",
              "speed": "fast",
              "pass": true,
              "fail": false,
              "pending": false,
              "context": null,
              "code": "const message = \"property 'exclude' should be either a pattern or an array of patterns\";\nisInvalidRule({\n    or: [\n        { pattern: \"CS2101\", exclude: {} },\n        { pattern: \"CS2101\", exclude: 5 },\n    ],\n}, { instancePath: \"/or/0/exclude\", message }, { instancePath: \"/or/1/exclude\", message });",
              "err": {},
              "uuid": "748363d6-54b0-4983-bedf-3081538fc48a",
              "parentUUID": "70556d84-8bae-4371-9748-dd5440aa5734",
              "isHook": false,
              "skipped": false
            },
            {
              "title": "should not validate pattern match rule with non-string info",
              "fullTitle": "matchRuleSchema should not validate pattern match rule with non-string info",
              "timedOut": false,
              "duration": 0,
              "state": "passed",
              "speed": "fast",
              "pass": true,
              "fail": false,
              "pending": false,
              "context": null,
              "code": "const message = \"property 'info' should be a string\";\nisInvalidRule({ pattern: \"CS2101\", info: 42 }, { instancePath: \"/info\", message });",
              "err": {},
              "uuid": "5e44090a-3419-48fe-853a-5f4a24720bc6",
              "parentUUID": "70556d84-8bae-4371-9748-dd5440aa5734",
              "isHook": false,
              "skipped": false
            },
            {
              "title": "should not validate and match rules with non-array property",
              "fullTitle": "matchRuleSchema should not validate and match rules with non-array property",
              "timedOut": false,
              "duration": 1,
              "state": "passed",
              "speed": "fast",
              "pass": true,
              "fail": false,
              "pending": false,
              "context": null,
              "code": "const message = \"property 'and' should be an array of match rules\";\nisInvalidRule({ or: [{ and: {} }, { or: [{ and: 3 }] }] }, { instancePath: \"/or/0/and\", message }, { instancePath: \"/or/1/or/0/and\", message });",
              "err": {},
              "uuid": "4d7de644-1c9a-44b9-b8a4-99be09ca300d",
              "parentUUID": "70556d84-8bae-4371-9748-dd5440aa5734",
              "isHook": false,
              "skipped": false
            },
            {
              "title": "should not validate or match rules with non-array property",
              "fullTitle": "matchRuleSchema should not validate or match rules with non-array property",
              "timedOut": false,
              "duration": 1,
              "state": "passed",
              "speed": "fast",
              "pass": true,
              "fail": false,
              "pending": false,
              "context": null,
              "code": "const message = \"property 'or' should be an array of match rules\";\nisInvalidRule({ or: [{ or: {} }, { and: [{ or: 3 }] }] }, { instancePath: \"/or/0/or\", message }, { instancePath: \"/or/1/and/0/or\", message });",
              "err": {},
              "uuid": "d44f799b-793c-4546-b8a5-902f3bfd3245",
              "parentUUID": "70556d84-8bae-4371-9748-dd5440aa5734",
              "isHook": false,
              "skipped": false
            }
          ],
          "suites": [],
          "passes": [
            "567732a0-0851-4c8b-b9cb-b3b999c4d749",
            "4aee530e-14fa-40ca-9785-469421c56c4d",
            "37f31b30-69b2-4f32-b0bd-de355a589df7",
            "3ba67316-fd47-460d-b692-f1b3fe60fece",
            "b4d68b05-b315-4850-8446-8afbbea4f4cd",
            "820d2c06-872e-4dd5-a589-1ad9808f3554",
            "26dbccd6-fa43-4f36-b3cb-3549c51766ec",
            "748363d6-54b0-4983-bedf-3081538fc48a",
            "5e44090a-3419-48fe-853a-5f4a24720bc6",
            "4d7de644-1c9a-44b9-b8a4-99be09ca300d",
            "d44f799b-793c-4546-b8a5-902f3bfd3245"
          ],
          "failures": [],
          "pending": [],
          "skipped": [],
          "duration": 16,
          "root": false,
          "rootEmpty": false,
          "_timeout": 2000
        },
        {
          "uuid": "af2387ef-0355-423e-addb-ad6c10a941a7",
          "title": "inequalitySchema",
          "fullFile": "/home/runner/work/planwithus-lib/planwithus-lib/src/satisfyRule/inequality/schemas.test.ts",
          "file": "/src/satisfyRule/inequality/schemas.test.ts",
          "beforeHooks": [],
          "afterHooks": [],
          "tests": [
            {
              "title": "should validate inequality in the form <=n or >=n",
              "fullTitle": "inequalitySchema should validate inequality in the form <=n or >=n",
              "timedOut": false,
              "duration": 1,
              "state": "passed",
              "speed": "fast",
              "pass": true,
              "fail": false,
              "pending": false,
              "context": "[\n  {\n    \"title\": \"inequality sample 0\",\n    \"value\": \">=31\"\n  },\n  {\n    \"title\": \"inequality sample 1\",\n    \"value\": \">=4\"\n  },\n  {\n    \"title\": \"inequality sample 2\",\n    \"value\": \"<=184\"\n  },\n  {\n    \"title\": \"inequality sample 3\",\n    \"value\": \">=77\"\n  },\n  {\n    \"title\": \"inequality sample 4\",\n    \"value\": \">=6\"\n  },\n  {\n    \"title\": \"inequality sample 5\",\n    \"value\": \">=20\"\n  },\n  {\n    \"title\": \"inequality sample 6\",\n    \"value\": \">=7\"\n  },\n  {\n    \"title\": \"inequality sample 7\",\n    \"value\": \">=77\"\n  },\n  {\n    \"title\": \"inequality sample 8\",\n    \"value\": \">=200\"\n  },\n  {\n    \"title\": \"inequality sample 9\",\n    \"value\": \"<=58\"\n  }\n]",
              "code": "fast_check_1.sample(index_test_2.inequality, 10).forEach((sample, i) => addContext_1.default(this, {\n    title: `inequality sample ${i}`,\n    value: sample,\n}));\nreturn fast_check_1.assert(fast_check_1.property(index_test_2.inequality, ajvValidate));",
              "err": {},
              "uuid": "2204547c-50dc-44c2-83c9-95b37cb34bfd",
              "parentUUID": "af2387ef-0355-423e-addb-ad6c10a941a7",
              "isHook": false,
              "skipped": false
            },
            {
              "title": "should not validate inequality of invalid form",
              "fullTitle": "inequalitySchema should not validate inequality of invalid form",
              "timedOut": false,
              "duration": 2,
              "state": "passed",
              "speed": "fast",
              "pass": true,
              "fail": false,
              "pending": false,
              "context": null,
              "code": "[\n        \"\",\n        \"==23\",\n        \"23\",\n        \"<23\",\n        \">23\",\n        \"<=-1\",\n        \">=-1\",\n        \"<= 2\",\n        \">= 1\",\n        \"> 3\",\n        \"< 3\",\n        \"<=3a\",\n        \">=3a\",\n        \"a<=3\",\n        \"a>=3\",\n    ].forEach(isInvalidInequality)",
              "err": {},
              "uuid": "4df0cb3f-813e-4e0e-a1ab-f95a4b65288c",
              "parentUUID": "af2387ef-0355-423e-addb-ad6c10a941a7",
              "isHook": false,
              "skipped": false
            }
          ],
          "suites": [],
          "passes": [
            "2204547c-50dc-44c2-83c9-95b37cb34bfd",
            "4df0cb3f-813e-4e0e-a1ab-f95a4b65288c"
          ],
          "failures": [],
          "pending": [],
          "skipped": [],
          "duration": 3,
          "root": false,
          "rootEmpty": false,
          "_timeout": 2000
        },
        {
          "uuid": "74f8809e-8caa-4b2d-a86a-400921859009",
          "title": "satisfyRuleSchema",
          "fullFile": "/home/runner/work/planwithus-lib/planwithus-lib/src/satisfyRule/schemas.test.ts",
          "file": "/src/satisfyRule/schemas.test.ts",
          "beforeHooks": [],
          "afterHooks": [],
          "tests": [
            {
              "title": "should validate satisfy rule with valid block id",
              "fullTitle": "satisfyRuleSchema should validate satisfy rule with valid block id",
              "timedOut": false,
              "duration": 2,
              "state": "passed",
              "speed": "fast",
              "pass": true,
              "fail": false,
              "pending": false,
              "context": null,
              "code": "fast_check_1.assert(fast_check_1.property(fast_check_1.string(), ajvValidate)",
              "err": {},
              "uuid": "9873e791-94d9-44a7-8fc6-9b97fba8af7f",
              "parentUUID": "74f8809e-8caa-4b2d-a86a-400921859009",
              "isHook": false,
              "skipped": false
            },
            {
              "title": "should validate satisfy rules with valid mc",
              "fullTitle": "satisfyRuleSchema should validate satisfy rules with valid mc",
              "timedOut": false,
              "duration": 2,
              "state": "passed",
              "speed": "fast",
              "pass": true,
              "fail": false,
              "pending": false,
              "context": "[\n  {\n    \"title\": \"mcSatisfyRule sample 0\",\n    \"value\": {\n      \"mc\": \">=105\"\n    }\n  },\n  {\n    \"title\": \"mcSatisfyRule sample 1\",\n    \"value\": {\n      \"mc\": \">=92\"\n    }\n  },\n  {\n    \"title\": \"mcSatisfyRule sample 2\",\n    \"value\": {\n      \"mc\": \">=3\"\n    }\n  },\n  {\n    \"title\": \"mcSatisfyRule sample 3\",\n    \"value\": {\n      \"mc\": \">=25\"\n    }\n  },\n  {\n    \"title\": \"mcSatisfyRule sample 4\",\n    \"value\": {\n      \"mc\": \"<=162\"\n    }\n  },\n  {\n    \"title\": \"mcSatisfyRule sample 5\",\n    \"value\": {\n      \"mc\": \"<=1\"\n    }\n  },\n  {\n    \"title\": \"mcSatisfyRule sample 6\",\n    \"value\": {\n      \"mc\": \"<=3\"\n    }\n  },\n  {\n    \"title\": \"mcSatisfyRule sample 7\",\n    \"value\": {\n      \"mc\": \">=158\"\n    }\n  },\n  {\n    \"title\": \"mcSatisfyRule sample 8\",\n    \"value\": {\n      \"mc\": \">=1\"\n    }\n  },\n  {\n    \"title\": \"mcSatisfyRule sample 9\",\n    \"value\": {\n      \"mc\": \">=3\"\n    }\n  }\n]",
              "code": "fast_check_1.sample(index_test_2.mcSatisfyRule, 10).forEach((sample, i) => addContext_1.default(this, {\n    title: `mcSatisfyRule sample ${i}`,\n    value: sample,\n}));\nreturn fast_check_1.assert(fast_check_1.property(index_test_2.mcSatisfyRule, ajvValidate));",
              "err": {},
              "uuid": "51297f1d-94f6-4746-9bf7-ec1ac2910cd9",
              "parentUUID": "74f8809e-8caa-4b2d-a86a-400921859009",
              "isHook": false,
              "skipped": false
            },
            {
              "title": "should validate valid recursive satisfy rules",
              "fullTitle": "satisfyRuleSchema should validate valid recursive satisfy rules",
              "timedOut": false,
              "duration": 8,
              "state": "passed",
              "speed": "fast",
              "pass": true,
              "fail": false,
              "pending": false,
              "context": "[\n  {\n    \"title\": \"satisfyRule sample 0\",\n    \"value\": \"h\"\n  },\n  {\n    \"title\": \"satisfyRule sample 1\",\n    \"value\": {\n      \"and\": [\n        \"+@=e,?,^H\\\\\"\n      ]\n    }\n  },\n  {\n    \"title\": \"satisfyRule sample 2\",\n    \"value\": \"<\"\n  },\n  {\n    \"title\": \"satisfyRule sample 3\",\n    \"value\": {\n      \"and\": [\n        {\n          \"and\": [\n            \"+^(UE>SzbD\",\n            \"}8qL83\"\n          ]\n        },\n        \"\"\n      ]\n    }\n  },\n  {\n    \"title\": \"satisfyRule sample 4\",\n    \"value\": {\n      \"and\": []\n    }\n  },\n  {\n    \"title\": \"satisfyRule sample 5\",\n    \"value\": {\n      \"mc\": \">=52\"\n    }\n  },\n  {\n    \"title\": \"satisfyRule sample 6\",\n    \"value\": \"}m\"\n  },\n  {\n    \"title\": \"satisfyRule sample 7\",\n    \"value\": \"aEl\"\n  },\n  {\n    \"title\": \"satisfyRule sample 8\",\n    \"value\": {\n      \"mc\": \">=198\"\n    }\n  },\n  {\n    \"title\": \"satisfyRule sample 9\",\n    \"value\": {\n      \"and\": [\n        {\n          \"or\": [\n            \"4{}\",\n            \"d+-Q\",\n            {\n              \"mc\": \">=196\"\n            },\n            {\n              \"or\": [\n                {\n                  \"or\": [\n                    {\n                      \"or\": [\n                        \"j4<)\",\n                        \"nHJ_o>N3Zn\",\n                        \"o\",\n                        \"\\\\>\"\n                      ]\n                    },\n                    \"\",\n                    {\n                      \"or\": [\n                        \"fPK\\\"+)L/\",\n                        \"W\",\n                        \"Ga/>\\\"[h^\"\n                      ]\n                    },\n                    {\n                      \"or\": [\n                        \"CD0|jmQ\",\n                        \"q$a(eF8\"\n                      ]\n                    }\n                  ]\n                }\n              ]\n            }\n          ]\n        },\n        {\n          \"mc\": \"<=111\"\n        }\n      ]\n    }\n  }\n]",
              "code": "fast_check_1.sample(index_test_2.satisfyRule, 10).forEach((sample, i) => addContext_1.default(this, {\n    title: `satisfyRule sample ${i}`,\n    value: sample,\n}));\nreturn fast_check_1.assert(fast_check_1.property(index_test_2.satisfyRule, ajvValidate));",
              "err": {},
              "uuid": "7704e643-057c-422a-9772-0df00b1744c1",
              "parentUUID": "74f8809e-8caa-4b2d-a86a-400921859009",
              "isHook": false,
              "skipped": false
            },
            {
              "title": "should not validate non-string/object",
              "fullTitle": "satisfyRuleSchema should not validate non-string/object",
              "timedOut": false,
              "duration": 1,
              "state": "passed",
              "speed": "fast",
              "pass": true,
              "fail": false,
              "pending": false,
              "context": null,
              "code": "const error = {\n    instancePath: \"\",\n    message: \"satisfy rule should be either a string or an object\",\n};\nisInvalidRule(null, error);\nisInvalidRule(undefined, error);\nisInvalidRule(10, error);\nisInvalidRule([12, 24], error);",
              "err": {},
              "uuid": "2e2f72d5-ef57-4a7b-96af-54d9de249998",
              "parentUUID": "74f8809e-8caa-4b2d-a86a-400921859009",
              "isHook": false,
              "skipped": false
            },
            {
              "title": "should not validate satisfy rules with extra properties",
              "fullTitle": "satisfyRuleSchema should not validate satisfy rules with extra properties",
              "timedOut": false,
              "duration": 1,
              "state": "passed",
              "speed": "fast",
              "pass": true,
              "fail": false,
              "pending": false,
              "context": null,
              "code": "isInvalidRule({\n        and: [\n            { or: [\"2k\"], abc: \"def\" },\n            { mc: 8, ghi: \"jkl\" },\n        ],\n        mno: \"pqr\",\n    }, {\n        instancePath: \"/and/0\",\n        message: \"or satisfy rule should have property 'or' only\",\n    }, {\n        instancePath: \"/and/1\",\n        message: \"MC satisfy rule should have property 'mc' only\",\n    }, {\n        instancePath: \"\",\n        message: \"and satisfy rule should have property 'and' only\",\n    })",
              "err": {},
              "uuid": "69eee0bf-d622-412d-8068-54dc1404627d",
              "parentUUID": "74f8809e-8caa-4b2d-a86a-400921859009",
              "isHook": false,
              "skipped": false
            },
            {
              "title": "should not validate ambiguous satisfy rules",
              "fullTitle": "satisfyRuleSchema should not validate ambiguous satisfy rules",
              "timedOut": false,
              "duration": 0,
              "state": "passed",
              "speed": "fast",
              "pass": true,
              "fail": false,
              "pending": false,
              "context": null,
              "code": "const message = \"satisfy rule should have only one of properties 'mc', 'and', 'or'\";\nisInvalidRule({\n    or: [\n        { mc: 5, and: [\"CS2040\"] },\n        { and: [{ and: [\"abc\"], or: [\"def\"] }] },\n    ],\n}, { instancePath: \"/or/0\", message }, { instancePath: \"/or/1/and/0\", message });",
              "err": {},
              "uuid": "9340a8bf-39fb-4dae-ac49-360bc42c35d9",
              "parentUUID": "74f8809e-8caa-4b2d-a86a-400921859009",
              "isHook": false,
              "skipped": false
            },
            {
              "title": "should not validate and satisfy rules with non-array property",
              "fullTitle": "satisfyRuleSchema should not validate and satisfy rules with non-array property",
              "timedOut": false,
              "duration": 1,
              "state": "passed",
              "speed": "fast",
              "pass": true,
              "fail": false,
              "pending": false,
              "context": null,
              "code": "const message = \"property 'and' should be an array of satisfy rules\";\nisInvalidRule({ or: [{ and: {} }, { or: [{ and: 3 }] }] }, { instancePath: \"/or/0/and\", message }, { instancePath: \"/or/1/or/0/and\", message });",
              "err": {},
              "uuid": "23e84903-4d97-441b-865f-62767acd1c5a",
              "parentUUID": "74f8809e-8caa-4b2d-a86a-400921859009",
              "isHook": false,
              "skipped": false
            },
            {
              "title": "should not validate or satisfy rules with non-array property",
              "fullTitle": "satisfyRuleSchema should not validate or satisfy rules with non-array property",
              "timedOut": false,
              "duration": 1,
              "state": "passed",
              "speed": "fast",
              "pass": true,
              "fail": false,
              "pending": false,
              "context": null,
              "code": "const message = \"property 'or' should be an array of satisfy rules\";\nisInvalidRule({ and: [{ or: {} }, { and: [{ or: 3 }] }] }, { instancePath: \"/and/0/or\", message }, { instancePath: \"/and/1/and/0/or\", message });",
              "err": {},
              "uuid": "aeb438dc-5984-44a0-80a4-ec59619805e3",
              "parentUUID": "74f8809e-8caa-4b2d-a86a-400921859009",
              "isHook": false,
              "skipped": false
            }
          ],
          "suites": [],
          "passes": [
            "9873e791-94d9-44a7-8fc6-9b97fba8af7f",
            "51297f1d-94f6-4746-9bf7-ec1ac2910cd9",
            "7704e643-057c-422a-9772-0df00b1744c1",
            "2e2f72d5-ef57-4a7b-96af-54d9de249998",
            "69eee0bf-d622-412d-8068-54dc1404627d",
            "9340a8bf-39fb-4dae-ac49-360bc42c35d9",
            "23e84903-4d97-441b-865f-62767acd1c5a",
            "aeb438dc-5984-44a0-80a4-ec59619805e3"
          ],
          "failures": [],
          "pending": [],
          "skipped": [],
          "duration": 16,
          "root": false,
          "rootEmpty": false,
          "_timeout": 2000
        }
      ],
      "passes": [],
      "failures": [],
      "pending": [],
      "skipped": [],
      "duration": 0,
      "root": true,
      "rootEmpty": true,
      "_timeout": 2000
    }
  ],
  "meta": {
    "mocha": {
      "version": "9.0.1"
    },
    "mochawesome": {
      "options": {
        "quiet": false,
        "reportFilename": "mochawesome",
        "saveHtml": true,
        "saveJson": true,
        "consoleReporter": "spec",
        "useInlineDiffs": false,
        "code": true
      },
      "version": "6.2.2"
    },
    "marge": {
      "options": {
        "reportDir": "docs"
      },
      "version": "5.2.0"
    }
  }
}