{
  "stats": {
    "suites": 6,
    "tests": 29,
    "passes": 29,
    "pending": 0,
    "failures": 0,
    "start": "2021-06-25T14:13:56.459Z",
    "end": "2021-06-25T14:13:56.849Z",
    "duration": 390,
    "testsRegistered": 29,
    "passPercent": 100,
    "pendingPercent": 0,
    "other": 0,
    "hasOther": false,
    "skipped": 0,
    "hasSkipped": false
  },
  "results": [
    {
      "uuid": "6bf3c372-e013-4020-b24a-a87433bb3abb",
      "title": "",
      "fullFile": "",
      "file": "",
      "beforeHooks": [],
      "afterHooks": [],
      "tests": [],
      "suites": [
        {
          "uuid": "ccfd8dc5-875a-4b1e-9927-ca0df2285347",
          "title": "initDirectories",
          "fullFile": "/home/runner/work/planwithus-lib/planwithus-lib/src/block/schemas.test.ts",
          "file": "/src/block/schemas.test.ts",
          "beforeHooks": [],
          "afterHooks": [],
          "tests": [
            {
              "title": "should parse all blocks with no errors",
              "fullTitle": "initDirectories should parse all blocks with no errors",
              "timedOut": false,
              "duration": 3,
              "state": "passed",
              "speed": "fast",
              "pass": true,
              "fail": false,
              "pending": false,
              "context": null,
              "code": "_1.initDirectories.should.not.throw()",
              "err": {},
              "uuid": "4a50ab36-9330-483c-81de-d97dc433336a",
              "parentUUID": "ccfd8dc5-875a-4b1e-9927-ca0df2285347",
              "isHook": false,
              "skipped": false
            },
            {
              "title": "should produce primary, second & minor directories",
              "fullTitle": "initDirectories should produce primary, second & minor directories",
              "timedOut": false,
              "duration": 54,
              "state": "passed",
              "speed": "medium",
              "pass": true,
              "fail": false,
              "pending": false,
              "context": null,
              "code": "const directories = await _1.initDirectories();\ndirectories.should.have.property(\"primary\");\ndirectories.should.have.property(\"second\");\ndirectories.should.have.property(\"minor\");",
              "err": {},
              "uuid": "139247c8-4cbe-46d3-acbc-e05fb019ad2a",
              "parentUUID": "ccfd8dc5-875a-4b1e-9927-ca0df2285347",
              "isHook": false,
              "skipped": false
            }
          ],
          "suites": [],
          "passes": [
            "4a50ab36-9330-483c-81de-d97dc433336a",
            "139247c8-4cbe-46d3-acbc-e05fb019ad2a"
          ],
          "failures": [],
          "pending": [],
          "skipped": [],
          "duration": 57,
          "root": false,
          "rootEmpty": false,
          "_timeout": 2000
        },
        {
          "uuid": "ae612e42-baad-43c9-88c4-6ff84b202c32",
          "title": "blockSchema",
          "fullFile": "/home/runner/work/planwithus-lib/planwithus-lib/src/block/schemas.test.ts",
          "file": "/src/block/schemas.test.ts",
          "beforeHooks": [],
          "afterHooks": [],
          "tests": [
            {
              "title": "should validate valid block",
              "fullTitle": "blockSchema should validate valid block",
              "timedOut": false,
              "duration": 257,
              "state": "passed",
              "speed": "slow",
              "pass": true,
              "fail": false,
              "pending": false,
              "context": "[\n  {\n    \"title\": \"block sample 0\",\n    \"value\": {\n      \"name\": \"H?!~!K8G*\",\n      \"ay\": 1961,\n      \"assign\": \"4P'@(\",\n      \"match\": \"BDB1U\",\n      \"satisfy\": [],\n      \"info\": \"L$v\",\n      \"j\": {\n        \"name\": \"]8Z}a\\\"\",\n        \"ay\": 2026,\n        \"match\": \"NA74\"\n      }\n    }\n  },\n  {\n    \"title\": \"block sample 1\",\n    \"value\": {\n      \"ay\": 1951,\n      \"info\": \"%/\\\"u&y%\"\n    }\n  },\n  {\n    \"title\": \"block sample 2\",\n    \"value\": {\n      \"name\": \"<!&\\\\\",\n      \"ay\": 2026,\n      \"assign\": [\n        \"fODy1]\",\n        \"\"\n      ],\n      \"match\": [],\n      \"url\": \"https://1orlvrd04n5fetbmjbr9h2h9t9wbtyskj5r1fm2t140ijayo6gg2fyl.b.rtplv7yxcyx0pa9obgm4dw1epd2hucwwvi6g-q86ux02ve4yn.io-p1irawmb0yiigv1y-i-1.oj8i2io4rh5tiio5ck12f617gegmi411yyrz.zxhae/&p~,79vVS/gbg;=7e*kK/;=g\",\n      \"info\": \"}]+\",\n      \"Vox%5T(H\": {\n        \"assign\": [\n          \"N]i|3nR\",\n          \"m>_\"\n        ],\n        \"match\": [\n          {\n            \"or\": []\n          },\n          \"YH46P\",\n          {\n            \"pattern\": \"MIQ7\",\n            \"exclude\": \"BL35\",\n            \"info\": \"dBKCKQ\"\n          },\n          {\n            \"and\": []\n          }\n        ],\n        \"satisfy\": [\n          \"=5~f\",\n          \"bm/\"\n        ],\n        \"url\": \"https://m5qsl8k8w1shoo22a5w1irk2h2tbnt9ncs2-7z18lgg4tkcxhgz.k.q1b8.vpbq/,/%F2%B1%A4%8AYlc/Icp&c3.Ax/UEO/cdFRe.Y/.~.Y/bZs'/VvWT24ycj//OA\",\n        \"info\": \"\\\"!/m\\\\fT}Y1\"\n      },\n      \"p]KcRl\": {\n        \"name\": \"epO)s<iV)\",\n        \"ay\": 2005,\n        \"assign\": [\n          \"='#t[j+Oe\",\n          \"geCcX?n|Y\",\n          \">)\"\n        ],\n        \"match\": [],\n        \"satisfy\": [\n          {\n            \"or\": [\n              {\n                \"and\": [\n                  {\n                    \"or\": [\n                      {\n                        \"and\": []\n                      },\n                      \"t+@V\"\n                    ]\n                  },\n                  \"tp)Z/4U*`\",\n                  \"x9pQL0D\",\n                  \"T4c\"\n                ]\n              },\n              {\n                \"or\": [\n                  {\n                    \"or\": [\n                      \"Y\"\n                    ]\n                  }\n                ]\n              },\n              \"V|52`ho\",\n              \"g{RA\",\n              {\n                \"or\": [\n                  \"t\\\";_UV60F\",\n                  {\n                    \"mc\": \"<=172\"\n                  },\n                  {\n                    \"or\": [\n                      {\n                        \"or\": [\n                          \"iwrBB4j>]\",\n                          {\n                            \"or\": [\n                              \"DM\",\n                              \"b\",\n                              \"[*qZ4Oav\",\n                              \"l\\\"\\\"Ab\",\n                              \":yiv(yhZm\"\n                            ]\n                          }\n                        ]\n                      },\n                      \"A%ZC\",\n                      \"Q:\",\n                      \".]MLf%g}t(\",\n                      \"moO\"\n                    ]\n                  }\n                ]\n              }\n            ]\n          },\n          {\n            \"mc\": \"<=184\"\n          },\n          {\n            \"and\": [\n              {\n                \"and\": [\n                  {\n                    \"and\": [\n                      {\n                        \"mc\": \"<=24\"\n                      }\n                    ]\n                  },\n                  \"Y\",\n                  \"RAq9`\",\n                  \"_d[&Rx\",\n                  {\n                    \"mc\": \"<=111\"\n                  }\n                ]\n              },\n              {\n                \"mc\": \">=189\"\n              },\n              {\n                \"or\": [\n                  {\n                    \"mc\": \"<=175\"\n                  },\n                  {\n                    \"and\": [\n                      {\n                        \"and\": [\n                          {\n                            \"and\": [\n                              \"ccy\"\n                            ]\n                          },\n                          \"Mj\\\\M#\",\n                          \"#fOM\",\n                          {\n                            \"mc\": \"<=150\"\n                          }\n                        ]\n                      },\n                      {\n                        \"mc\": \"<=142\"\n                      },\n                      {\n                        \"or\": [\n                          \";;%e\",\n                          \"\\\\{Q%QGU\\\"\\\\m\",\n                          {\n                            \"mc\": \"<=151\"\n                          }\n                        ]\n                      },\n                      {\n                        \"mc\": \">=54\"\n                      }\n                    ]\n                  }\n                ]\n              },\n              {\n                \"or\": []\n              },\n              {\n                \"and\": [\n                  \"R5_\",\n                  \"h\",\n                  {\n                    \"or\": [\n                      {\n                        \"mc\": \"<=193\"\n                      }\n                    ]\n                  }\n                ]\n              }\n            ]\n          },\n          \"g]Sl\"\n        ],\n        \"url\": \"http://961mei25bpf9oilm9ndpy.l8tfmovc4rfw2ka6l0xoeyxu-jaziotehxxz.chf3qnkwng5b24guiz7cz5ub2-blce27sn17dyljvtd.i.rxivumbf//5)+(Nd/&tSfiM7qv/Fl/Or%F3%89%B9%BB/Y7K/e:K\",\n        \"info\": \"{#zF\\\"\",\n        \"[YROvaV\": {\n          \"name\": \"q7dcfseKo\",\n          \"ay\": 2000,\n          \"match\": \"PNU5*\",\n          \"satisfy\": [\n            {\n              \"and\": [\n                \"3{s8\"\n              ]\n            },\n            \"C\",\n            {\n              \"or\": []\n            },\n            {\n              \"mc\": \"<=170\"\n            },\n            {\n              \"or\": [\n                {\n                  \"and\": []\n                },\n                {\n                  \"or\": [\n                    {\n                      \"mc\": \">=53\"\n                    },\n                    \"]z\",\n                    \":[+EG\"\n                  ]\n                },\n                \")r73~\"\n              ]\n            }\n          ],\n          \"url\": \"https://loxz5r.ybynxsbw81v940u2ca52ecb829dyax6rqygrl.yviyimdisv\",\n          \"info\": \"\\\\ jxWMKp\"\n        },\n        \"q!A{nPkm\": {\n          \"ay\": 1965,\n          \"assign\": [],\n          \"match\": [\n            \"VLX700\"\n          ],\n          \"satisfy\": {\n            \"or\": [\n              \"e-e\",\n              {\n                \"and\": [\n                  \"HNdHyX8\"\n                ]\n              },\n              {\n                \"mc\": \">=76\"\n              },\n              {\n                \"or\": []\n              }\n            ]\n          },\n          \"url\": \"http://dw68db5gnr0-d8ugcohr-dk4bzw.03semsdr7afhq-r4t2li2h--oi83yyt3wysbxywrnpomggh8.lseagjl/+p\",\n          \"info\": \"\",\n          \"nR_o_/UZ\\\\-\": {\n            \"name\": \"szbT(>\\\\K\",\n            \"ay\": 1955,\n            \"match\": \"QUQ66x\",\n            \"satisfy\": {\n              \"and\": [\n                {\n                  \"or\": [\n                    {\n                      \"and\": [\n                        \";~@\\\"k)@PW\",\n                        {\n                          \"or\": [\n                            \"h]OVD<m\\\\e\",\n                            \".)\",\n                            {\n                              \"and\": [\n                                \"+'8[:)h\"\n                              ]\n                            },\n                            \"=\"\n                          ]\n                        }\n                      ]\n                    }\n                  ]\n                },\n                {\n                  \"or\": [\n                    {\n                      \"and\": [\n                        \"c5GRczQ\",\n                        \"U\",\n                        \"Y\",\n                        {\n                          \"mc\": \"<=131\"\n                        }\n                      ]\n                    }\n                  ]\n                }\n              ]\n            },\n            \"info\": \"zQtI\",\n            \"-(C)n'bB\": {\n              \"name\": \"Y1\",\n              \"match\": [\n                \"HUA2*6\",\n                \"FBCx9*3J\",\n                \"PNH*2Y\",\n                {\n                  \"or\": [\n                    {\n                      \"and\": [\n                        {\n                          \"or\": [\n                            \"NU3N\"\n                          ]\n                        },\n                        {\n                          \"or\": [\n                            \"UB7\",\n                            {\n                              \"pattern\": \"QA225\",\n                              \"exclude\": \"DPK25R\",\n                              \"info\": \"F/l0\"\n                            },\n                            \"VJD6\"\n                          ]\n                        },\n                        \"HDP03\",\n                        {\n                          \"pattern\": \"VI28\",\n                          \"exclude\": [\n                            \"HT137\",\n                            \"IOK6712\"\n                          ],\n                          \"info\": \">2\"\n                        }\n                      ]\n                    },\n                    \"HT89T\",\n                    {\n                      \"and\": [\n                        {\n                          \"and\": [\n                            \"RSGx50\"\n                          ]\n                        },\n                        {\n                          \"pattern\": \"DMN0\",\n                          \"exclude\": [\n                            \"KLT4526\"\n                          ],\n                          \"info\": \"p3!6s(I5\"\n                        }\n                      ]\n                    }\n                  ]\n                }\n              ],\n              \"satisfy\": {\n                \"mc\": \">=165\"\n              },\n              \"url\": \"http://p.8.i.v3dxyskly302n830vleaf56b9ozzvfacwxkp07ns8l6pwt11jeweye0e.lxgvm/6%F2%92%88%AC@'/19%F1%BE%B7%92p/l:'_6/bg4l6tI//LxBG/N%F1%AA%9C%ABlD/LzAy\",\n              \"info\": \"w\"\n            },\n            \"L(zm`Jp\\\\\": {\n              \"name\": \"B\",\n              \"ay\": 2028,\n              \"match\": [\n                {\n                  \"and\": [\n                    {\n                      \"or\": [\n                        \"USX84X\",\n                        {\n                          \"or\": [\n                            \"MED1681T\",\n                            \"YH2\"\n                          ]\n                        },\n                        {\n                          \"pattern\": \"ODB1U\",\n                          \"exclude\": \"JGZ2\",\n                          \"info\": \"\"\n                        },\n                        \"KG848\",\n                        \"PT2959O\"\n                      ]\n                    },\n                    \"AU202Z\",\n                    {\n                      \"and\": [\n                        {\n                          \"or\": [\n                            \"AH555Q\",\n                            \"MNB59\",\n                            \"DWP00Q\",\n                            \"MFO9xxT\",\n                            {\n                              \"and\": [\n                                \"SIS6\"\n                              ]\n                            }\n                          ]\n                        }\n                      ]\n                    },\n                    \"HGY82\",\n                    \"XJO2952\"\n                  ]\n                },\n                \"FA60F\",\n                {\n                  \"or\": [\n                    \"OL485\",\n                    {\n                      \"pattern\": \"ZLW81N\",\n                      \"exclude\": [\n                        \"MPL2x\",\n                        \"MBC4\",\n                        \"JUH8*\",\n                        \"RE7225P\"\n                      ],\n                      \"info\": \"hQ,S\"\n                    },\n                    {\n                      \"and\": [\n                        \"FV*91\",\n                        {\n                          \"or\": [\n                            \"SG1R\",\n                            \"VWP37\"\n                          ]\n                        },\n                        {\n                          \"pattern\": \"EZ*16\",\n                          \"exclude\": \"HM701\",\n                          \"info\": \"4%;F\"\n                        },\n                        \"ERQ6B\"\n                      ]\n                    },\n                    {\n                      \"pattern\": \"PL6241J\",\n                      \"exclude\": \"ZO964I\",\n                      \"info\": \"S{vO\\\\!q\"\n                    }\n                  ]\n                },\n                {\n                  \"and\": [\n                    {\n                      \"pattern\": \"CWQ66x9\",\n                      \"exclude\": [\n                        \"UUE8\",\n                        \"NK8*\"\n                      ]\n                    },\n                    {\n                      \"and\": [\n                        {\n                          \"pattern\": \"VGX27\",\n                          \"exclude\": [],\n                          \"info\": \"\\\\jovv<o1p\"\n                        },\n                        {\n                          \"pattern\": \"MNE5*9x\",\n                          \"info\": \"f@uzq|[F!&\"\n                        },\n                        \"MDP606Q\"\n                      ]\n                    },\n                    \"PQ144H\",\n                    {\n                      \"pattern\": \"JP1\",\n                      \"exclude\": \"ECY800\",\n                      \"info\": \"&f\"\n                    }\n                  ]\n                },\n                {\n                  \"pattern\": \"GR4W\",\n                  \"exclude\": \"YZx47\",\n                  \"info\": \"pQOEZoLv=v\"\n                }\n              ],\n              \"satisfy\": [\n                {\n                  \"and\": [\n                    \"_\",\n                    \"h6@\",\n                    {\n                      \"and\": [\n                        {\n                          \"mc\": \">=189\"\n                        },\n                        {\n                          \"or\": [\n                            {\n                              \"mc\": \"<=182\"\n                            },\n                            {\n                              \"or\": []\n                            },\n                            \"7\"\n                          ]\n                        },\n                        \"]zd3\"\n                      ]\n                    },\n                    {\n                      \"mc\": \">=22\"\n                    },\n                    {\n                      \"or\": [\n                        \"@,\",\n                        \"J3\",\n                        \"[qCcd\",\n                        {\n                          \"mc\": \"<=42\"\n                        }\n                      ]\n                    }\n                  ]\n                },\n                {\n                  \"or\": [\n                    {\n                      \"and\": []\n                    },\n                    {\n                      \"mc\": \"<=172\"\n                    }\n                  ]\n                },\n                \"f>\"\n              ],\n              \"url\": \"http://0iobxi28di7urib5bxh94b5v71av2hlynw8pg-9nk5sjplz-c4x09-jcpcr78.imqaqtwy/midh\",\n              \"info\": \"\"\n            },\n            \" <ZwD,i-+\\\"\": {\n              \"name\": \"Wd!1l\",\n              \"assign\": [\n                \"'tW027Kbh\"\n              ],\n              \"match\": [\n                {\n                  \"or\": [\n                    \"GPD85\"\n                  ]\n                },\n                \"NRH07B\",\n                {\n                  \"and\": [\n                    {\n                      \"or\": []\n                    },\n                    \"JMX97R\",\n                    \"UA104\",\n                    {\n                      \"and\": [\n                        \"SOX77P\",\n                        {\n                          \"or\": [\n                            {\n                              \"or\": [\n                                \"ISZ13\",\n                                {\n                                  \"or\": [\n                                    \"VW3x\",\n                                    \"AUD57B\",\n                                    \"HKN0Q\"\n                                  ]\n                                },\n                                \"SA8\",\n                                \"XFN6N\"\n                              ]\n                            },\n                            \"YXZ77**\",\n                            {\n                              \"or\": []\n                            }\n                          ]\n                        },\n                        {\n                          \"pattern\": \"XDx097\",\n                          \"exclude\": []\n                        },\n                        \"OM1\"\n                      ]\n                    },\n                    {\n                      \"pattern\": \"XOU751\",\n                      \"exclude\": \"LJ3542\",\n                      \"info\": \"8s!{{q\\\"?{\"\n                    }\n                  ]\n                },\n                {\n                  \"or\": [\n                    {\n                      \"pattern\": \"XSB1\",\n                      \"exclude\": \"PIA77x9G\",\n                      \"info\": \".l\"\n                    },\n                    {\n                      \"and\": [\n                        {\n                          \"pattern\": \"UI9xx\",\n                          \"exclude\": \"AQ15*\",\n                          \"info\": \">73\"\n                        },\n                        \"ZFY4D\",\n                        {\n                          \"or\": [\n                            \"WDN65H\",\n                            \"UY39\",\n                            \"ZOH73x5O\",\n                            \"BX1548N\",\n                            \"IKW3O\"\n                          ]\n                        },\n                        {\n                          \"or\": [\n                            {\n                              \"pattern\": \"OFQ4H\",\n                              \"exclude\": \"OO*\"\n                            }\n                          ]\n                        }\n                      ]\n                    },\n                    \"QAQ594x\"\n                  ]\n                },\n                {\n                  \"pattern\": \"JVB0x2\",\n                  \"exclude\": \"CR6*x4M\",\n                  \"info\": \"\"\n                }\n              ],\n              \"satisfy\": [],\n              \"url\": \"http://tie5a90yzypfznb4j-ckhvj6beasok7h.mirtn1n6yp9nynm19ew82gat6ivqo8bv7uba2mi14.kj-e912genxxe72.7asevh4aujkk-vu2tjmf4l3sffs3j6w6pbkku659d7g4iz0o.runpsn1i-tfoh4r3v4ntdfawwzohv9u.bzor/oA$sP!e~N/:8%F3%80%8A%B5HAF/2/D(W=vI/h:*0BP/~K%F3%8E%B0%87dI/8$f\",\n              \"info\": \"2d)=,oAB&\"\n            },\n            \"33.\": {\n              \"name\": \"~\",\n              \"ay\": 1960,\n              \"assign\": [\n                \"Amv\",\n                \"D\",\n                \"uJw^`<E&z\",\n                \"dVH$0UX`\",\n                \"B\"\n              ],\n              \"match\": {\n                \"or\": [\n                  {\n                    \"pattern\": \"IMO28\",\n                    \"exclude\": \"CE9xx\",\n                    \"info\": \",^4?nBc\"\n                  },\n                  {\n                    \"or\": [\n                      \"ADx1W\"\n                    ]\n                  },\n                  {\n                    \"or\": []\n                  }\n                ]\n              },\n              \"satisfy\": {\n                \"or\": [\n                  {\n                    \"and\": [\n                      {\n                        \"mc\": \"<=19\"\n                      },\n                      {\n                        \"or\": [\n                          \"+Gg(\"\n                        ]\n                      }\n                    ]\n                  },\n                  {\n                    \"and\": [\n                      {\n                        \"mc\": \"<=92\"\n                      },\n                      {\n                        \"and\": []\n                      },\n                      \"1:fV_\"\n                    ]\n                  },\n                  {\n                    \"or\": [\n                      \"Aej!i\",\n                      \"OgI=vK\\\"\\\\\",\n                      {\n                        \"or\": [\n                          {\n                            \"or\": [\n                              \",\",\n                              \"60kgY`JK\"\n                            ]\n                          },\n                          \"6#shuT9WY\"\n                        ]\n                      }\n                    ]\n                  },\n                  {\n                    \"and\": [\n                      {\n                        \"mc\": \">=99\"\n                      },\n                      {\n                        \"mc\": \">=152\"\n                      },\n                      {\n                        \"mc\": \"<=141\"\n                      }\n                    ]\n                  }\n                ]\n              },\n              \"url\": \"https://ropaf10-aucyb4zbupth1lzz3lor-kyscfp897v9cv300swveer-hk7mfr.l4vtyqpwmx9-a0rpigtj-o0drbcdq1ll3pto.ji/6Avch/n=pplc!+)/jvhM4%F1%93%8C%8F\"\n            },\n            \"32W3G1;&\": {\n              \"name\": \"Y>Oz\",\n              \"match\": [\n                {\n                  \"and\": [\n                    \"GM748\",\n                    {\n                      \"or\": [\n                        \"KJN6488\",\n                        \"TE845E\",\n                        \"PK813D\",\n                        \"AGA165\",\n                        {\n                          \"or\": [\n                            {\n                              \"pattern\": \"XZP2\",\n                              \"exclude\": \"OQ489L\",\n                              \"info\": \"zF\"\n                            },\n                            \"WT662\",\n                            {\n                              \"or\": [\n                                {\n                                  \"or\": [\n                                    \"TN71\",\n                                    \"MA9\",\n                                    \"JA9\",\n                                    {\n                                      \"or\": [\n                                        \"HSF33\",\n                                        \"AW7x\"\n                                      ]\n                                    },\n                                    \"QZ*xx8\"\n                                  ]\n                                },\n                                {\n                                  \"or\": [\n                                    \"FP2U\",\n                                    \"LCJ668xU\",\n                                    {\n                                      \"and\": [\n                                        \"FIx9*1\",\n                                        \"RP4\",\n                                        \"NRJ5I\"\n                                      ]\n                                    },\n                                    \"BQL607\"\n                                  ]\n                                },\n                                \"SZB3\",\n                                \"QZF61E\"\n                              ]\n                            }\n                          ]\n                        }\n                      ]\n                    },\n                    {\n                      \"and\": [\n                        {\n                          \"or\": [\n                            {\n                              \"pattern\": \"KHA0x*9W\",\n                              \"exclude\": \"AEO3\",\n                              \"info\": \"<P9%Y6]$:&\"\n                            },\n                            \"DT038C\",\n                            \"ZA4x0C\"\n                          ]\n                        },\n                        \"PL4261B\",\n                        {\n                          \"or\": [\n                            {\n                              \"pattern\": \"ETYx84I\",\n                              \"exclude\": \"QJ0897O\",\n                              \"info\": \"!\"\n                            }\n                          ]\n                        },\n                        {\n                          \"or\": []\n                        }\n                      ]\n                    }\n                  ]\n                },\n                {\n                  \"and\": [\n                    \"VR5R\"\n                  ]\n                },\n                \"ZZJ3\",\n                \"UV5x5O\"\n              ],\n              \"satisfy\": {\n                \"mc\": \">=137\"\n              },\n              \"url\": \"https://vxprk0ph.2fcx1r96exi2cgaxofqaj3op4p0kthquzjxhwu-157ffrfqog50ozaty81xp9.vd9hfz7e7-ki8bg1cluq4u5frtlld5wa3eupcgnieuxzaummefbkmwb8fwtq6i.4eysb.ewlnajp/D,/6!q66L%F1%A5%AE%AAr/cDQNPV\",\n              \"info\": \"S`\"\n            }\n          },\n          \"yGs\": {\n            \"name\": \"EnRY05}/QB\",\n            \"assign\": [\n              \"Vbc 69>k}+\"\n            ],\n            \"match\": {\n              \"pattern\": \"JK921P\",\n              \"exclude\": \"LAH084\",\n              \"info\": \"L?8]{5.i9q\"\n            },\n            \"satisfy\": [\n              {\n                \"mc\": \"<=185\"\n              },\n              {\n                \"and\": [\n                  {\n                    \"and\": [\n                      {\n                        \"and\": [\n                          \"\",\n                          \"b rr\\\"w\",\n                          \"*]l7\",\n                          {\n                            \"mc\": \">=173\"\n                          }\n                        ]\n                      },\n                      \"7F?<Ts\",\n                      {\n                        \"or\": [\n                          {\n                            \"mc\": \"<=26\"\n                          },\n                          \"5]w#Hdfl;[\",\n                          \"VYc8T\",\n                          {\n                            \"or\": [\n                              \"\\\\SG\\\"^ a\"\n                            ]\n                          },\n                          \";w3OG/ %/)\"\n                        ]\n                      },\n                      \"\"\n                    ]\n                  },\n                  \"\"\n                ]\n              },\n              {\n                \"or\": [\n                  \"ec\"\n                ]\n              },\n              {\n                \"mc\": \">=129\"\n              }\n            ],\n            \"info\": \"u*z-!k9!\"\n          },\n          \"4~ixjJ7sc\": {\n            \"name\": \"V_c=4v!K\",\n            \"ay\": 2000,\n            \"assign\": [],\n            \"match\": [\n              \"XDH79*N\",\n              {\n                \"and\": [\n                  {\n                    \"or\": [\n                      {\n                        \"and\": [\n                          {\n                            \"pattern\": \"SGL7496\",\n                            \"exclude\": [\n                              \"CO97V\"\n                            ],\n                            \"info\": \"l\"\n                          },\n                          {\n                            \"or\": [\n                              \"YYS*1V\",\n                              {\n                                \"or\": [\n                                  \"ID2N\",\n                                  \"VF57\",\n                                  \"FD535O\"\n                                ]\n                              },\n                              \"FJx4xxR\"\n                            ]\n                          }\n                        ]\n                      },\n                      {\n                        \"and\": [\n                          \"NS6459\",\n                          \"REW7U\",\n                          {\n                            \"and\": []\n                          },\n                          \"RJT9*H\"\n                        ]\n                      },\n                      \"UJZ*8*6\",\n                      \"LVH822\"\n                    ]\n                  },\n                  {\n                    \"and\": [\n                      \"SF*x\",\n                      \"KDxx0Z\",\n                      {\n                        \"and\": [\n                          \"HQO67X\",\n                          \"ERK99\",\n                          \"VJW*R\"\n                        ]\n                      },\n                      {\n                        \"pattern\": \"DMB4I\",\n                        \"exclude\": \"QNY882O\",\n                        \"info\": \"W__mb}[\"\n                      }\n                    ]\n                  },\n                  {\n                    \"or\": [\n                      \"KGZ6\",\n                      \"QG8388\",\n                      \"OX*545K\",\n                      \"FP5S\",\n                      \"VL14V\"\n                    ]\n                  }\n                ]\n              }\n            ],\n            \"url\": \"https://ahfpsfq.kz/qk/,Qa99;myt/ba/'%F2%91%9D%AFf_f1R/C,_%F2%BB%8C%B3LyOCz8/or0AoD=U-\"\n          },\n          \"V?\": {\n            \"name\": \"\",\n            \"ay\": 1954,\n            \"assign\": [\n              \"\",\n              \"_<E\"\n            ],\n            \"match\": {\n              \"or\": [\n                {\n                  \"or\": [\n                    {\n                      \"pattern\": \"ZNP36\",\n                      \"exclude\": [\n                        \"SH154x\",\n                        \"RK7\",\n                        \"SQ4756\",\n                        \"YU8\",\n                        \"SOX5982\"\n                      ],\n                      \"info\": \"I^IYe5z:nK\"\n                    },\n                    {\n                      \"and\": [\n                        \"ANx91*U\",\n                        \"IE6883F\",\n                        \"XZFx\",\n                        {\n                          \"or\": [\n                            \"ZEX9*3*Y\",\n                            \"EFE5\",\n                            \"EZ*17K\"\n                          ]\n                        }\n                      ]\n                    }\n                  ]\n                }\n              ]\n            },\n            \"satisfy\": [\n              {\n                \"or\": [\n                  {\n                    \"mc\": \"<=188\"\n                  },\n                  {\n                    \"and\": [\n                      \"5p0la\",\n                      {\n                        \"and\": [\n                          \"L\",\n                          \"w'=`_\",\n                          {\n                            \"mc\": \">=81\"\n                          },\n                          \"4Lw\"\n                        ]\n                      },\n                      \"Si22[GY\"\n                    ]\n                  },\n                  {\n                    \"mc\": \"<=179\"\n                  },\n                  {\n                    \"mc\": \">=108\"\n                  },\n                  \"6z!/2C\"\n                ]\n              }\n            ],\n            \"info\": \"ip;`jlY\"\n          }\n        },\n        \"#[uLXU\": {\n          \"match\": \"RQQ041N\",\n          \"satisfy\": [\n            {\n              \"mc\": \"<=193\"\n            },\n            {\n              \"mc\": \"<=75\"\n            },\n            {\n              \"or\": [\n                {\n                  \"and\": [\n                    {\n                      \"mc\": \">=56\"\n                    },\n                    \"|)'X\",\n                    \"S;xu\"\n                  ]\n                },\n                {\n                  \"mc\": \">=75\"\n                },\n                \"\"\n              ]\n            }\n          ],\n          \"url\": \"http://ub3j-g6zpe4p6w9770b0doiphxgxsq1rswjkoem3wpcikp45b6pyv9ths.j.gesx/%F2%90%AF%AApxcR/1%E7%90%85bBHuQH%F3%84%A9%A3h/R%F1%88%B8%AE$b,!e./7p9,ox(0L/%F3%80%95%97whmQhk%F1%BE%B3%AE/%F0%B7%94%ABw4c$px/ec)/;(,i1D%F3%86%AF%BE+ie/o6y8Opt5%F3%AC%B7%84%F2%8C%99%B5/zjvOr*Y\",\n          \"info\": \"<-?w\"\n        },\n        \"\": {\n          \"name\": \"Zg*J\\\"9\",\n          \"assign\": [\n            \"FFgAt\",\n            \"_$#OH#\",\n            \"/u!J\",\n            \"0md<B\"\n          ],\n          \"match\": {\n            \"pattern\": \"AOC*66x\",\n            \"exclude\": [\n              \"IQQ3\",\n              \"NP3J\",\n              \"QAT0\"\n            ],\n            \"info\": \"3~\"\n          },\n          \"satisfy\": \"32;I\\\\?%W'\",\n          \"url\": \"http://qr6ozxmx7ux7rj5dc9w975n3e939sv2gb2fuhavoc86sjwurelcj2r4-rjy.v84rkivcikacewq65ztqjx787qk3594x21nunrri9z7iwt5usxou.odash/%F3%8F%8D%AC6Q6S%F2%A4%82%98/KUU3/mNvP/t1S5n4%F2%BD%93%9F/%F3%99%94%8FzZ$/(2q/WI6l\",\n          \"info\": \"e{MovX80F\"\n        }\n      },\n      \"~|9Zc~exnY\": {\n        \"ay\": 2023,\n        \"assign\": \"WNlh/F\",\n        \"match\": {\n          \"or\": [\n            \"BHX67H\",\n            {\n              \"and\": [\n                {\n                  \"pattern\": \"AZ46\",\n                  \"exclude\": [\n                    \"JI2\",\n                    \"EKNx4\",\n                    \"VWB3x1A\",\n                    \"KS0\"\n                  ],\n                  \"info\": \"x\"\n                },\n                \"QEY05\",\n                {\n                  \"and\": [\n                    \"UQG46\"\n                  ]\n                },\n                \"US0x\"\n              ]\n            },\n            {\n              \"pattern\": \"FHF80*1S\",\n              \"exclude\": [\n                \"CX59\",\n                \"WDM7S\",\n                \"GB023I\",\n                \"JJX29\"\n              ],\n              \"info\": \"P/LB.dK^\"\n            }\n          ]\n        },\n        \"satisfy\": {\n          \"mc\": \"<=71\"\n        },\n        \"2nt*,#$.\": {\n          \"name\": \"+\",\n          \"assign\": [\n            \"1x%\",\n            \"jH\",\n            \"/JQ,\"\n          ],\n          \"match\": {\n            \"and\": [\n              {\n                \"and\": []\n              },\n              {\n                \"and\": [\n                  \"BDT8\",\n                  \"LWM7914B\"\n                ]\n              },\n              \"YE21\"\n            ]\n          },\n          \"satisfy\": {\n            \"or\": [\n              {\n                \"or\": [\n                  {\n                    \"mc\": \"<=112\"\n                  },\n                  {\n                    \"and\": [\n                      \"ZR(y\"\n                    ]\n                  },\n                  \"Q2}\"\n                ]\n              },\n              {\n                \"mc\": \"<=25\"\n              }\n            ]\n          },\n          \"url\": \"http://qg8n8u9opoae84bv8qsyox5ds-u5y6dr3hzijipnhlyn6.zzn98ia16-21pkho-p1ubzcptx04le.8vv5a3zf0pmf2b7vc941o813kp.5vxker7wll5hhj2cfb7yzksi8xrzotla2coeiblkdk8asjcr88rmu6w1v98.qbqmy/x(CU5G/i5%F1%90%A2%A3uZ=8=W\",\n          \"info\": \"1c_aplM3B\"\n        },\n        \"n[\\\"^[x\": {\n          \"name\": \"Z$r)\",\n          \"ay\": 1998,\n          \"assign\": \"CaG/EkLk:\",\n          \"info\": \"\",\n          \"\": {\n            \"name\": \"}`s$gX \",\n            \"ay\": 1960,\n            \"assign\": \"Ab}+{t ^P\",\n            \"match\": {\n              \"or\": [\n                {\n                  \"or\": []\n                }\n              ]\n            },\n            \"satisfy\": {\n              \"and\": [\n                {\n                  \"mc\": \"<=89\"\n                },\n                {\n                  \"or\": [\n                    {\n                      \"and\": [\n                        {\n                          \"mc\": \">=194\"\n                        },\n                        \"IFuL9J\",\n                        \"\",\n                        {\n                          \"mc\": \">=156\"\n                        },\n                        \"|agvu6Www\"\n                      ]\n                    },\n                    {\n                      \"or\": [\n                        \"f|7v(g.\"\n                      ]\n                    },\n                    {\n                      \"and\": [\n                        \"UrHf\"\n                      ]\n                    },\n                    {\n                      \"and\": [\n                        \"t>Ra)z\",\n                        \"ZFE\",\n                        \"}*b;5!;/#\"\n                      ]\n                    }\n                  ]\n                },\n                {\n                  \"mc\": \">=63\"\n                }\n              ]\n            },\n            \"url\": \"https://p.gz90tljr94.7ho8i8ikv8-ok7sjopr371aaobyask17k4x.szxslisy/v+/y%F3%AC%BD%BCE8Ksu/~33;%F2%85%B9%894_(6/(wB'A1xWef/A/L6kkT55/O'%F1%8B%83%8A6%F0%B0%BA%95y-U/GwE5+T/3/\",\n            \"info\": \"v! \"\n          },\n          \"]\": {\n            \"name\": \"-&*IXz\\\\7L\\\\\",\n            \"assign\": [\n              \"mV\\\"u\",\n              \" a\"\n            ],\n            \"match\": [],\n            \"satisfy\": {\n              \"and\": [\n                {\n                  \"or\": [\n                    {\n                      \"and\": [\n                        \">Q~<Ff\",\n                        \"#5t\"\n                      ]\n                    }\n                  ]\n                },\n                {\n                  \"mc\": \">=190\"\n                }\n              ]\n            },\n            \"url\": \"https://f2oic8awt2lh73lh67dwyr704qhdfrg2rcldslqkxc-87o8gk5b.aujoeqnir/vo%F2%B4%93%87!.g/%F0%A2%A2%84ox/9:D9/x$evTWo1/GLe3B/y0&B5l'ZH/yKMLOQ1Jb/kHn:t\",\n            \"info\": \"=+(.RX7\"\n          },\n          \"!m,rI\": {\n            \"name\": \"D|rJK\",\n            \"ay\": 2013,\n            \"assign\": [],\n            \"match\": [\n              \"WAI1914\"\n            ],\n            \"satisfy\": [\n              {\n                \"or\": [\n                  {\n                    \"and\": [\n                      {\n                        \"or\": [\n                          \"8e`x%X\"\n                        ]\n                      },\n                      \"}}$J+4P}C\",\n                      \"j9'}lK\"\n                    ]\n                  },\n                  \"SS8x?SsCtA\"\n                ]\n              },\n              {\n                \"mc\": \">=174\"\n              },\n              \"{F9BL-Q\"\n            ],\n            \"url\": \"https://0snugz7hwfm4q9jbv3.yoiobom/FWL8FPM/0&H/Z%F0%A0%B7%97%F2%90%9F%85.URE/mz8pVbYzY/&e/%F1%B1%9A%840(\",\n            \"info\": \"W*d\"\n          },\n          \"0|$\": {\n            \"name\": \"y-c\\\\:7jRp6\",\n            \"ay\": 1984,\n            \"match\": [\n              {\n                \"pattern\": \"SUx261N\",\n                \"exclude\": \"YS4G\",\n                \"info\": \"Tw\"\n              },\n              {\n                \"or\": [\n                  {\n                    \"or\": [\n                      \"MQP01*4\",\n                      {\n                        \"pattern\": \"PM6\",\n                        \"exclude\": \"IOD65R\",\n                        \"info\": \"p,[6a6 L\"\n                      },\n                      {\n                        \"and\": [\n                          {\n                            \"and\": [\n                              \"YQR9x\",\n                              \"ANB2358\",\n                              \"MV160x\",\n                              \"JXA4104\",\n                              {\n                                \"or\": [\n                                  \"WN3T\",\n                                  \"JM11\",\n                                  \"WD76x\",\n                                  \"PT24\",\n                                  \"WD1\"\n                                ]\n                              }\n                            ]\n                          },\n                          \"DAN053\",\n                          \"DJ4\"\n                        ]\n                      }\n                    ]\n                  },\n                  {\n                    \"pattern\": \"TWW386Q\",\n                    \"exclude\": \"EJH7436\",\n                    \"info\": \"6EM,N%0YD\"\n                  },\n                  {\n                    \"pattern\": \"RL932\",\n                    \"exclude\": \"SF122K\",\n                    \"info\": \"i\"\n                  },\n                  {\n                    \"or\": [\n                      \"OY*x9*\",\n                      {\n                        \"and\": [\n                          \"FG0*F\",\n                          {\n                            \"or\": [\n                              \"QC279W\",\n                              \"WAB*148\",\n                              \"NH4\",\n                              \"LA3517\"\n                            ]\n                          },\n                          {\n                            \"or\": []\n                          },\n                          \"HN530x\"\n                        ]\n                      },\n                      \"GBU40S\"\n                    ]\n                  },\n                  {\n                    \"and\": []\n                  }\n                ]\n              },\n              \"QVxU\",\n              {\n                \"pattern\": \"YE8997U\",\n                \"exclude\": \"OFT95xS\",\n                \"info\": \"DbK?N#\"\n              },\n              {\n                \"and\": [\n                  {\n                    \"pattern\": \"RPI016\",\n                    \"exclude\": \"BP03x\",\n                    \"info\": \"\\\\{/1Xkw-,(\"\n                  },\n                  \"NG1*9P\",\n                  {\n                    \"pattern\": \"WF3J\",\n                    \"exclude\": [],\n                    \"info\": \"\"\n                  },\n                  {\n                    \"or\": [\n                      \"MS64\"\n                    ]\n                  },\n                  {\n                    \"pattern\": \"EB14T\",\n                    \"exclude\": \"YVx92Q\",\n                    \"info\": \"UhFc\"\n                  }\n                ]\n              }\n            ],\n            \"satisfy\": \":hv\\\\\",\n            \"info\": \"\\\"5bzr|\"\n          },\n          \"FD\": {\n            \"name\": \"_G=5O)[*Ql\",\n            \"ay\": 1982,\n            \"assign\": \"WeAt\",\n            \"match\": [\n              {\n                \"and\": [\n                  {\n                    \"and\": [\n                      {\n                        \"pattern\": \"SHO032S\",\n                        \"exclude\": \"EEA24\",\n                        \"info\": \",Hwmg\\\"q\"\n                      },\n                      {\n                        \"or\": [\n                          \"VXHx811V\",\n                          \"PYZ97\"\n                        ]\n                      }\n                    ]\n                  },\n                  {\n                    \"pattern\": \"TMS96I\",\n                    \"exclude\": \"XQG44x\",\n                    \"info\": \"9\"\n                  }\n                ]\n              },\n              {\n                \"pattern\": \"ZNU5\",\n                \"exclude\": \"EBPxR\",\n                \"info\": \"4N=pTj\"\n              },\n              {\n                \"pattern\": \"YQF6*5Y\",\n                \"exclude\": [],\n                \"info\": \"u[ ^P6j\"\n              },\n              {\n                \"or\": []\n              }\n            ],\n            \"satisfy\": \"7\",\n            \"url\": \"https://sdny.vs.5-aonw91ypo4qh05kxcd0lf5tyxoz9oqukgcx3r.myg6uhx9y2wtw6usz84vc9f3-cncnluuor11shw8avexcvec5w8z7rcmw7jwo.fprhybzhw/%F0%9C%97%9E@0QNG%F3%88%85%BEnj&/QYN5,OD%F3%A6%9B%A2t/uiZ0Z/%F0%92%8A%9DtTV@Ewadv/Q/'mu~09X/.0jTlhyf/\",\n            \"info\": \"5sV?I(x\"\n          }\n        },\n        \"\": {\n          \"name\": \"wIX\",\n          \"ay\": 1966,\n          \"assign\": \"sJ5__G\",\n          \"match\": {\n            \"pattern\": \"OMU366\",\n            \"exclude\": \"UO7\",\n            \"info\": \"bzO-~`I?\"\n          },\n          \"url\": \"http://uyzgn04xkx-rzey9s8.ezoedlyibnrz604795y35u9yqg88t2nt38er62ic4c5veui-dm.lkfcexax5tsu3tyteaobgtafjd.acqv3hodcs6jxxam7rsq.x8jdtsaki61bwb8s8bon6fsr249.iw/=t@9&v0Sr/0;HItx%F1%AF%AC%A5Vt/D0wLt;/DZ@(jp/It0vbj7%F3%B0%B8%B1/%E6%AF%80/lZf0/_1x,/fH/*0K(E1(%F2%AE%9E%A7.q\",\n          \"info\": \"TWas7\"\n        },\n        \"?\": {\n          \"name\": \"DQq?Q)y\",\n          \"ay\": 2021,\n          \"assign\": [\n            \"krpQSr9DNt\",\n            \"]m#\",\n            \"@|Ipw%m}%\",\n            \"^9-\",\n            \"\\\"SDdz%:a:j\"\n          ],\n          \"match\": [\n            {\n              \"pattern\": \"BII78D\",\n              \"exclude\": \"SASx175M\",\n              \"info\": \"\"\n            },\n            {\n              \"and\": [\n                {\n                  \"pattern\": \"QPQ**\",\n                  \"info\": \"}p\"\n                },\n                {\n                  \"or\": [\n                    {\n                      \"and\": [\n                        \"TT*8\",\n                        \"CC*814E\",\n                        {\n                          \"pattern\": \"AT0466H\",\n                          \"exclude\": \"UAI2P\",\n                          \"info\": \"}d3\"\n                        },\n                        \"XVS78x\"\n                      ]\n                    },\n                    {\n                      \"and\": [\n                        \"IKW8810\"\n                      ]\n                    },\n                    {\n                      \"pattern\": \"YM5598J\",\n                      \"exclude\": [\n                        \"BO089\"\n                      ],\n                      \"info\": \"\"\n                    }\n                  ]\n                }\n              ]\n            },\n            \"KVP63*6D\",\n            {\n              \"pattern\": \"EOO1O\",\n              \"exclude\": \"RO897O\",\n              \"info\": \"h1q&sO\"\n            },\n            {\n              \"pattern\": \"TNU18x2\",\n              \"exclude\": [\n                \"WLC9X\",\n                \"QYx3M\",\n                \"VJW8*41\",\n                \"VR664xK\"\n              ]\n            }\n          ],\n          \"satisfy\": {\n            \"and\": []\n          },\n          \"url\": \"https://tp0f4dlc6vz457bev4d-2g3qnwsij6h6knejrh.vhvxxrc/Vd(q%F1%BC%AD%BE;/irlz*H!/-1/lizTZc%F3%97%B4%B4Q\",\n          \"info\": \"\",\n          \"R\": {\n            \"8\": {\n              \"name\": \"/\",\n              \"ay\": 1981,\n              \"assign\": [],\n              \"satisfy\": [],\n              \"info\": \"JVfUh_ t,\"\n            },\n            \"name\": \"$%lM1B\",\n            \"ay\": 1996,\n            \"match\": {\n              \"and\": [\n                {\n                  \"and\": []\n                },\n                {\n                  \"and\": []\n                },\n                {\n                  \"and\": [\n                    \"FFN921\",\n                    \"IIB20P\",\n                    {\n                      \"pattern\": \"VJ6x84E\",\n                      \"info\": \"O^42\"\n                    },\n                    {\n                      \"or\": [\n                        {\n                          \"or\": []\n                        },\n                        \"LV0\",\n                        {\n                          \"or\": [\n                            \"JS2284\",\n                            {\n                              \"or\": [\n                                \"RL7R\",\n                                \"CLO540Y\",\n                                \"PN83\",\n                                \"SG89G\"\n                              ]\n                            },\n                            \"UVS189xN\",\n                            {\n                              \"and\": [\n                                \"COV02\",\n                                \"MN76x8\"\n                              ]\n                            },\n                            {\n                              \"or\": [\n                                \"HU4948B\",\n                                \"UC47K\"\n                              ]\n                            }\n                          ]\n                        },\n                        \"VFH954T\"\n                      ]\n                    },\n                    \"ZEE4F\"\n                  ]\n                },\n                {\n                  \"pattern\": \"FIE49D\",\n                  \"exclude\": [\n                    \"XUF35xC\"\n                  ],\n                  \"info\": \"X1\"\n                }\n              ]\n            },\n            \"satisfy\": {\n              \"mc\": \">=41\"\n            },\n            \"url\": \"https://v.qkzgznhpyq//eG;/$Z/w4dR!ydy2%F1%AF%AC%8D/CaR_%F4%82%86%9A/rSFOzR3/6r/(oZJkz\",\n            \"info\": \"~A;q\",\n            \"C81_\": {\n              \"name\": \"`\",\n              \"assign\": [\n                \"`\\\"HvR\",\n                \"p\",\n                \"O\\\"%\",\n                \"&]u5O_,M:\"\n              ],\n              \"match\": \"BTT589\",\n              \"satisfy\": [\n                {\n                  \"mc\": \"<=106\"\n                },\n                \"06d'Uqq5'~\",\n                \"\"\n              ],\n              \"url\": \"http://nnetuwdw2yd2w6pib745n7lj97bzvhrx2.w8doolyc7f5n.pmrx7ivi18qm9.wnecvhz/%F3%BF%B9%93%F2%AA%A5%AA%F2%A2%92%9E.L%F0%B0%9F%B71&sC/lY/6C%F1%84%97%99%F2%A5%A1%9A2k86Az/GBq%F1%A0%AB%92K;44Qq/Y*ilRO=(dK/+4%F3%84%BF%BAz5sj,,/lr7s:2b/~u8l/UH%F0%B7%93%BA%F0%B8%A4%AA286b/~%F1%BD%AC%86KX\",\n              \"info\": \"rr+>\"\n            },\n            \"73 c\": {\n              \"ay\": 2014,\n              \"assign\": [\n                \"o$_gs[lP1s\",\n                \"]W71O\"\n              ],\n              \"match\": [\n                {\n                  \"and\": [\n                    {\n                      \"pattern\": \"EVK37T\",\n                      \"exclude\": [\n                        \"LKV07A\",\n                        \"IX74*Y\",\n                        \"JY1P\",\n                        \"KPx*F\",\n                        \"MQY5696R\"\n                      ],\n                      \"info\": \"<CYY&N\"\n                    },\n                    {\n                      \"pattern\": \"QNZ3465G\",\n                      \"exclude\": [\n                        \"IFU7*4\",\n                        \"XQS5566\",\n                        \"HP32\",\n                        \"CPJ4W\",\n                        \"BJS*0\"\n                      ],\n                      \"info\": \"''5\\\"K/\"\n                    }\n                  ]\n                },\n                \"IEA8626Q\",\n                {\n                  \"and\": [\n                    {\n                      \"and\": []\n                    },\n                    {\n                      \"and\": [\n                        {\n                          \"and\": [\n                            {\n                              \"or\": [\n                                {\n                                  \"or\": [\n                                    \"XEO561H\"\n                                  ]\n                                }\n                              ]\n                            },\n                            \"KH2x0*\",\n                            {\n                              \"and\": [\n                                {\n                                  \"and\": []\n                                }\n                              ]\n                            },\n                            \"LMY3648\",\n                            {\n                              \"pattern\": \"CS55xS\",\n                              \"exclude\": \"QBM1\",\n                              \"info\": \"o$\\\\\\\\\"\n                            }\n                          ]\n                        },\n                        \"ZHI4x0\",\n                        {\n                          \"pattern\": \"SB795M\",\n                          \"exclude\": [\n                            \"QK25\",\n                            \"JL9958A\",\n                            \"ZD258\",\n                            \"PG6\"\n                          ],\n                          \"info\": \"xW\"\n                        },\n                        {\n                          \"pattern\": \"BJ99*\",\n                          \"exclude\": [\n                            \"BP66N\"\n                          ],\n                          \"info\": \"*'bjCL8\"\n                        },\n                        {\n                          \"and\": [\n                            {\n                              \"or\": []\n                            },\n                            \"YXJ619\",\n                            {\n                              \"pattern\": \"FUP84B\"\n                            },\n                            \"QUJ1937\"\n                          ]\n                        }\n                      ]\n                    }\n                  ]\n                },\n                {\n                  \"or\": []\n                },\n                {\n                  \"and\": [\n                    {\n                      \"and\": [\n                        \"FI006E\",\n                        {\n                          \"or\": [\n                            \"JL*33\",\n                            \"DER6*36T\",\n                            {\n                              \"and\": [\n                                \"IXS9H\"\n                              ]\n                            }\n                          ]\n                        }\n                      ]\n                    },\n                    \"UUE*48\"\n                  ]\n                }\n              ],\n              \"satisfy\": \"\\\"\",\n              \"info\": \"dS9[T-0q_\"\n            }\n          },\n          \"p8?NZE8.\": {\n            \"name\": \"d-#yx$@p\",\n            \"ay\": 1990,\n            \"assign\": \"?r,%@5CVC\",\n            \"match\": [\n              \"YRZ51A\",\n              {\n                \"pattern\": \"VY37W\",\n                \"exclude\": \"SF*7\"\n              },\n              \"XVT2902K\"\n            ],\n            \"satisfy\": [\n              {\n                \"and\": []\n              },\n              \"NbvgAx+ \",\n              \",{ <|`zXqb\"\n            ],\n            \"url\": \"http://mgviiukw-ojxs5upemusr3xdv1tfi79fz91im84tpc6.2.fw/W8%F0%BD%9B%91K!u0/OwD@vz-p,/IJOzS'U'r//zI%F0%A0%A5%B01U'ydg\",\n            \"info\": \"LMyS~h}z\",\n            \">hOiV\": {\n              \"ay\": 1991,\n              \"assign\": \"]rq;\",\n              \"match\": [\n                {\n                  \"pattern\": \"EA342\",\n                  \"exclude\": \"ZO9019\",\n                  \"info\": \"\"\n                }\n              ],\n              \"satisfy\": [\n                \"}NLNa&:U{W\",\n                {\n                  \"and\": [\n                    {\n                      \"mc\": \"<=4\"\n                    },\n                    {\n                      \"or\": [\n                        \"~6?[\"\n                      ]\n                    },\n                    {\n                      \"mc\": \"<=20\"\n                    },\n                    \"dIw\\\"\",\n                    {\n                      \"and\": [\n                        \"\"\n                      ]\n                    }\n                  ]\n                },\n                \"\"\n              ],\n              \"url\": \"https://2c58tsqg5kl03w-5.izdk/%F2%B7%84%8BLx%F2%97%8F%B9%F1%9E%A3%8Dg8!YN\",\n              \"info\": \"63`.u\"\n            },\n            \" \": {\n              \"ay\": 2009,\n              \"assign\": \"Ljw(-E[U\\\\\",\n              \"match\": {\n                \"or\": [\n                  \"PG4\",\n                  {\n                    \"or\": [\n                      \"QV*4\",\n                      {\n                        \"and\": [\n                          \"VRJ5V\",\n                          \"DT9491T\",\n                          {\n                            \"and\": [\n                              {\n                                \"pattern\": \"AM0x4\",\n                                \"info\": \"-V\"\n                              },\n                              \"FZ150\",\n                              \"TT7x44\",\n                              \"KWY0G\"\n                            ]\n                          },\n                          \"FDx1C\",\n                          \"XO65W\"\n                        ]\n                      },\n                      \"PR017\",\n                      {\n                        \"or\": [\n                          {\n                            \"and\": []\n                          }\n                        ]\n                      },\n                      {\n                        \"pattern\": \"GA8\",\n                        \"info\": \"Kv\"\n                      }\n                    ]\n                  },\n                  {\n                    \"pattern\": \"ETx11M\"\n                  }\n                ]\n              },\n              \"satisfy\": [\n                {\n                  \"and\": [\n                    {\n                      \"and\": [\n                        {\n                          \"and\": [\n                            \"NkzT*645(\",\n                            \"\",\n                            \"Me;!V^g=,(\",\n                            \"ZWWO]\",\n                            \"<BQ\"\n                          ]\n                        },\n                        \"BZ$^6*5m\",\n                        {\n                          \"mc\": \">=98\"\n                        },\n                        \"x}1#6\",\n                        \"PocltKx<\"\n                      ]\n                    },\n                    \"$V_aI5KG\",\n                    \"AAhT<dQ;\",\n                    {\n                      \"or\": [\n                        \"Hhv\\\\fU1^Tq\",\n                        {\n                          \"mc\": \">=119\"\n                        },\n                        \"hz]o.;E\"\n                      ]\n                    }\n                  ]\n                },\n                {\n                  \"and\": [\n                    {\n                      \"mc\": \"<=2\"\n                    },\n                    {\n                      \"mc\": \">=55\"\n                    },\n                    \"3@R\",\n                    \"O\",\n                    \"nH/>|x\"\n                  ]\n                },\n                \"fx2GTo\"\n              ],\n              \"url\": \"http://aswqyebaci68jgd-d2oef88gzc1wd-isnln9sj6chnbahygpt.qb7e5qe26lf6f89pf7yz3p37yi69c227iq41dwj70j0wnv.r7m01og42kp7-7ebv.pcwmtcso/lsxx+%F3%BC%93%A9cd/6eYMX%F1%B9%8D%A6sz%F2%A8%81%B2%F3%BE%B1%85//Zw:!F3Oo/H3KI*/I!%F0%A5%AF%953=jD\",\n              \"info\": \"O=D \"\n            },\n            \"w2;+\": {\n              \"name\": \"[Ntuj.\",\n              \"assign\": \"TJ=L)% MYZ\",\n              \"match\": [\n                {\n                  \"and\": [\n                    {\n                      \"pattern\": \"VC0\",\n                      \"info\": \"z$]cpSsi\"\n                    },\n                    {\n                      \"pattern\": \"ULY*\",\n                      \"exclude\": \"MUV32\",\n                      \"info\": \")~eSO+doH\"\n                    },\n                    {\n                      \"or\": [\n                        \"BE21\",\n                        {\n                          \"pattern\": \"MFx90X\",\n                          \"exclude\": [\n                            \"XRO7x\",\n                            \"INW22\",\n                            \"MH7403G\"\n                          ],\n                          \"info\": \"|\\\"P+B1>\"\n                        },\n                        \"YVX3\",\n                        \"XZ215\",\n                        {\n                          \"pattern\": \"TE8x6I\"\n                        }\n                      ]\n                    },\n                    {\n                      \"or\": [\n                        {\n                          \"or\": [\n                            {\n                              \"pattern\": \"RE51L\",\n                              \"exclude\": [\n                                \"GWC0\"\n                              ],\n                              \"info\": \"Ad\"\n                            },\n                            \"PRG0\"\n                          ]\n                        },\n                        \"NV7V\",\n                        {\n                          \"and\": [\n                            {\n                              \"pattern\": \"DN*53A\",\n                              \"exclude\": [\n                                \"SH4950\",\n                                \"VDH760\",\n                                \"CWU5L\"\n                              ],\n                              \"info\": \"^\"\n                            },\n                            \"GP29*\",\n                            {\n                              \"and\": [\n                                \"VFXx643I\",\n                                \"MG8055H\",\n                                {\n                                  \"and\": [\n                                    \"FDZ59\",\n                                    \"CT8\",\n                                    \"ZQP8R\",\n                                    \"LZ476xK\"\n                                  ]\n                                },\n                                \"IGV99M\",\n                                \"YO330U\"\n                              ]\n                            }\n                          ]\n                        },\n                        {\n                          \"or\": [\n                            {\n                              \"and\": [\n                                \"OI10S\",\n                                \"SCUxx0\",\n                                \"FSZ599\"\n                              ]\n                            },\n                            {\n                              \"pattern\": \"YMU29R\",\n                              \"exclude\": [\n                                \"RRF148\"\n                              ],\n                              \"info\": \"^\"\n                            },\n                            {\n                              \"and\": [\n                                \"TTYx52F\",\n                                \"LC4F\"\n                              ]\n                            },\n                            {\n                              \"pattern\": \"YW0H\",\n                              \"exclude\": \"VZB0*8\",\n                              \"info\": \"tViC\"\n                            }\n                          ]\n                        },\n                        {\n                          \"or\": [\n                            \"PGSxx8M\",\n                            {\n                              \"or\": [\n                                \"FJ4276\",\n                                \"JIU9x*Z\",\n                                \"GDD9052X\"\n                              ]\n                            }\n                          ]\n                        }\n                      ]\n                    },\n                    {\n                      \"pattern\": \"GP*E\",\n                      \"exclude\": \"SXM23Y\",\n                      \"info\": \"B.MOm-Y\"\n                    }\n                  ]\n                }\n              ],\n              \"url\": \"https://5q-o1g-jt.j9dgdf8nohod-e9k5e.rddyvpwpv/q(x%F4%88%8C%9C%F1%A5%AD%A0k/&,%F3%B0%98%A8%F0%B1%94%A25V!t/%F1%A1%B3%86%F0%95%AF%BCXP/.=/%F1%8B%98%BCq8ND66/kF%F1%A9%8D%B46l:/@+7/8w%F3%87%9D%A4Hx98k/4o%F0%B1%AE%85\"\n            }\n          }\n        },\n        \"p\": {\n          \"name\": \")JS&;\",\n          \"ay\": 1972,\n          \"assign\": [\n            \",NA\",\n            \"7V;0Cs}\",\n            \"Wdw\",\n            \":d6mvH?xp\",\n            \"\"\n          ],\n          \"match\": {\n            \"pattern\": \"KDD*K\",\n            \"exclude\": [\n              \"CZP5425\",\n              \"EU4\",\n              \"WQX*\",\n              \"RHA1033B\",\n              \"IZ9C\"\n            ],\n            \"info\": \"!\"\n          },\n          \"satisfy\": {\n            \"or\": []\n          },\n          \"url\": \"https://6vi02ady2-ws71ekr1ofxnh8lj4wqq5roo0-m-j-6-85hkieddau3ilgwiwa.0fe8f9x6sgd.jokxf/,p%F0%BC%A7%B1%F1%BD%84%97eJE,,:/2g(%F1%9D%94%BD/%F0%BC%9E%8EEWzHS/;nWxR%F0%97%BA%9Av@n/:P.9//u/omo/\"\n        }\n      }\n    }\n  },\n  {\n    \"title\": \"block sample 3\",\n    \"value\": {\n      \"name\": \"\",\n      \"assign\": [\n        \"- A\",\n        \"Lr\",\n        \"k\",\n        \"f;+\",\n        \"{_&?\"\n      ],\n      \"match\": {\n        \"pattern\": \"YTO9292\",\n        \"exclude\": [\n          \"XRY*904\",\n          \"ILG7C\"\n        ]\n      },\n      \"satisfy\": [\n        \"$#aN\",\n        {\n          \"or\": [\n            \"GHyN?;\"\n          ]\n        },\n        {\n          \"and\": [\n            {\n              \"mc\": \"<=170\"\n            },\n            {\n              \"and\": [\n                {\n                  \"or\": [\n                    \"+' #\"\n                  ]\n                }\n              ]\n            }\n          ]\n        },\n        {\n          \"or\": [\n            \"G2/\"\n          ]\n        }\n      ],\n      \"url\": \"https://9.uefyn/qc;3'%F2%9E%B4%83\",\n      \"info\": \"]\",\n      \"U[kz9.P\": {\n        \"name\": \"jT\",\n        \"ay\": 1957,\n        \"assign\": [],\n        \"satisfy\": [\n          \"\",\n          \"&&}0yk[c0Y\",\n          {\n            \"and\": [\n              {\n                \"or\": [\n                  {\n                    \"or\": [\n                      {\n                        \"and\": [\n                          {\n                            \"or\": [\n                              \"?\",\n                              \"{V\",\n                              \"axeyr#pa1-\",\n                              \"nc<\\\"Rs/kZ!\"\n                            ]\n                          },\n                          {\n                            \"mc\": \"<=23\"\n                          },\n                          \"O<)R\",\n                          \"\"\n                        ]\n                      },\n                      \"c<%p:\",\n                      \"US\",\n                      \"(8V}u%']^K\"\n                    ]\n                  }\n                ]\n              },\n              {\n                \"and\": [\n                  \"I:n0bfx\",\n                  \"*\\\"D$6+i'\",\n                  {\n                    \"and\": [\n                      \"@Uaw2cWe\",\n                      \"Y*RHU%00H`\",\n                      \"1,|\"\n                    ]\n                  }\n                ]\n              }\n            ]\n          },\n          {\n            \"and\": [\n              {\n                \"mc\": \">=25\"\n              },\n              {\n                \"and\": [\n                  \"O#:8DdN\",\n                  {\n                    \"and\": [\n                      \"\\\"\\\\\",\n                      \"m)\",\n                      \"0FQu5?eN\",\n                      {\n                        \"and\": [\n                          {\n                            \"mc\": \"<=143\"\n                          },\n                          \"{hI1.w\",\n                          \"o6\"\n                        ]\n                      },\n                      \"\\\\Ds\"\n                    ]\n                  },\n                  {\n                    \"and\": [\n                      \"\\\"_oKE\",\n                      \"J9aA\",\n                      \"E<*\",\n                      {\n                        \"and\": [\n                          \"\",\n                          \"4%=e:S\",\n                          {\n                            \"or\": [\n                              \"MF0\",\n                              \"hncUj\",\n                              \"TdA\",\n                              \"`55h,m'\"\n                            ]\n                          },\n                          \"i\\\\[5J\"\n                        ]\n                      },\n                      {\n                        \"or\": [\n                          {\n                            \"or\": [\n                              \" }C\",\n                              {\n                                \"or\": [\n                                  \"\"\n                                ]\n                              },\n                              \"R(\",\n                              \"E9th\",\n                              \"T\"\n                            ]\n                          },\n                          \"{\",\n                          {\n                            \"mc\": \">=66\"\n                          },\n                          \"5X&Qm>diP\"\n                        ]\n                      }\n                    ]\n                  },\n                  {\n                    \"and\": []\n                  },\n                  {\n                    \"mc\": \"<=27\"\n                  }\n                ]\n              }\n            ]\n          }\n        ],\n        \"info\": \"5Z&n8Xy).w\"\n      }\n    }\n  },\n  {\n    \"title\": \"block sample 4\",\n    \"value\": {\n      \"name\": \"A76qW%^E\",\n      \"ay\": 2026,\n      \"match\": {\n        \"or\": [\n          {\n            \"or\": []\n          },\n          \"LQ245J\"\n        ]\n      },\n      \"satisfy\": [\n        {\n          \"or\": [\n            {\n              \"and\": []\n            },\n            {\n              \"and\": [\n                \"u7d\\\"9/\",\n                \"PN#jlbON=Z\",\n                {\n                  \"or\": [\n                    \"Ye_n4Xd_\"\n                  ]\n                }\n              ]\n            }\n          ]\n        }\n      ],\n      \"url\": \"https://sk3k7o5sv3z1vyd2gaw1o8jvv7q4wzmv3-k69d9-m5vi1zmup4ybci7cyr3y.9w4u1ws14rnd5p.7jntxztkgpg9uyugdeqgae-6592e7d91icshuc23.fnrune2b9ox.mewzb/EE@/Z&c%E7%B5%96\",\n      \"info\": \"D=u WN\",\n      \"V*vKw\": {\n        \"name\": \"J~R]7cE\",\n        \"ay\": 1982,\n        \"assign\": \"Y$J@^\",\n        \"match\": [\n          \"KJC734\"\n        ],\n        \"satisfy\": {\n          \"or\": [\n            \"I%{'\",\n            \"f0rm\\\\\",\n            {\n              \"mc\": \">=88\"\n            },\n            {\n              \"mc\": \">=77\"\n            }\n          ]\n        },\n        \"url\": \"http://k.utj0hqk6-60zihcyk1q05y0kglv.8ld2d8wuiubnvbx91ops-o0-sjyix7lhjey97qwz4ofy5ugvqxxvd.ogqmweh0fsrzrm7jqea.5ushbg72eri231-2-5i.stvsnptj/+RY1ppj/G=hK=/XV;AG8w1H/j%F0%A2%B2%AAc&m8O7D*/(YguW).0/xw%E7%80%91)/h'/vYd%F3%B7%B9%BC\",\n        \"info\": \"\"\n      },\n      \"j=#=vH\": {\n        \"ay\": 1971,\n        \"assign\": \"Q\",\n        \"match\": [\n          {\n            \"or\": [\n              {\n                \"and\": [\n                  \"VF6*\"\n                ]\n              },\n              {\n                \"or\": [\n                  {\n                    \"and\": []\n                  },\n                  \"JP*\",\n                  \"SG463R\"\n                ]\n              },\n              {\n                \"pattern\": \"LC2\",\n                \"exclude\": \"IIQ40A\",\n                \"info\": \">_a1LjlZD\"\n              },\n              {\n                \"or\": [\n                  {\n                    \"pattern\": \"XH91A\",\n                    \"exclude\": \"BRS8D\",\n                    \"info\": \"\"\n                  },\n                  {\n                    \"or\": [\n                      {\n                        \"and\": [\n                          \"FS0230\",\n                          {\n                            \"and\": [\n                              \"LTA4x*U\",\n                              \"DOx4*1A\",\n                              \"ZZC01\",\n                              \"UFE0\",\n                              \"WI9G\"\n                            ]\n                          },\n                          {\n                            \"pattern\": \"RQ13V\",\n                            \"exclude\": [\n                              \"GM3*8F\",\n                              \"IZ**x\",\n                              \"GD102\",\n                              \"LZDxN\",\n                              \"QLL9T\"\n                            ],\n                            \"info\": \"}(]_M\"\n                          },\n                          \"AKx24Q\"\n                        ]\n                      },\n                      {\n                        \"and\": [\n                          \"EX85Y\",\n                          \"ADU9\"\n                        ]\n                      },\n                      \"IZX3x*0Y\",\n                      {\n                        \"and\": [\n                          \"GUW077\",\n                          \"DB*\",\n           
[...]
              "timedOut": false,
              "duration": 1,
              "state": "passed",
              "speed": "fast",
              "pass": true,
              "fail": false,
              "pending": false,
              "context": null,
              "code": "const message = \"property 'exclude' should be either a pattern or an array of patterns\";\nisInvalidRule({\n    or: [\n        { pattern: \"CS2101\", exclude: {} },\n        { pattern: \"CS2101\", exclude: 5 },\n    ],\n}, { instancePath: \"/or/0/exclude\", message }, { instancePath: \"/or/1/exclude\", message });",
              "err": {},
              "uuid": "d6e933e1-2957-4205-9f29-aac5f38d1cb9",
              "parentUUID": "ca764daa-bde3-4e96-871e-5fa055298144",
              "isHook": false,
              "skipped": false
            },
            {
              "title": "should not validate pattern match rule with non-string info",
              "fullTitle": "matchRuleSchema should not validate pattern match rule with non-string info",
              "timedOut": false,
              "duration": 0,
              "state": "passed",
              "speed": "fast",
              "pass": true,
              "fail": false,
              "pending": false,
              "context": null,
              "code": "const message = \"property 'info' should be a string\";\nisInvalidRule({ pattern: \"CS2101\", info: 42 }, { instancePath: \"/info\", message });",
              "err": {},
              "uuid": "c18da08f-24ff-40f9-b1dc-b6618f72048a",
              "parentUUID": "ca764daa-bde3-4e96-871e-5fa055298144",
              "isHook": false,
              "skipped": false
            },
            {
              "title": "should not validate and match rules with non-array property",
              "fullTitle": "matchRuleSchema should not validate and match rules with non-array property",
              "timedOut": false,
              "duration": 0,
              "state": "passed",
              "speed": "fast",
              "pass": true,
              "fail": false,
              "pending": false,
              "context": null,
              "code": "const message = \"property 'and' should be an array of match rules\";\nisInvalidRule({ or: [{ and: {} }, { or: [{ and: 3 }] }] }, { instancePath: \"/or/0/and\", message }, { instancePath: \"/or/1/or/0/and\", message });",
              "err": {},
              "uuid": "1a7b7624-270b-49c1-9564-423d4251d409",
              "parentUUID": "ca764daa-bde3-4e96-871e-5fa055298144",
              "isHook": false,
              "skipped": false
            },
            {
              "title": "should not validate or match rules with non-array property",
              "fullTitle": "matchRuleSchema should not validate or match rules with non-array property",
              "timedOut": false,
              "duration": 1,
              "state": "passed",
              "speed": "fast",
              "pass": true,
              "fail": false,
              "pending": false,
              "context": null,
              "code": "const message = \"property 'or' should be an array of match rules\";\nisInvalidRule({ or: [{ or: {} }, { and: [{ or: 3 }] }] }, { instancePath: \"/or/0/or\", message }, { instancePath: \"/or/1/and/0/or\", message });",
              "err": {},
              "uuid": "4c13712a-6c23-45b7-bb5f-1e5e12bfd527",
              "parentUUID": "ca764daa-bde3-4e96-871e-5fa055298144",
              "isHook": false,
              "skipped": false
            }
          ],
          "suites": [],
          "passes": [
            "c7505ce9-e557-45c8-a12c-39d9a9159e26",
            "9a0cf681-6c70-44b3-bd02-88daed7195f5",
            "75fc6305-ab74-42c0-baf8-bec80e009f29",
            "5faa8f23-1b51-4747-893a-f10338a41d87",
            "3a0dcbdb-8581-47b6-9408-d15d3b5657b1",
            "ae917513-4085-4d80-b220-cdb046871938",
            "0d6a085b-d539-4596-926f-06ad6059827c",
            "d6e933e1-2957-4205-9f29-aac5f38d1cb9",
            "c18da08f-24ff-40f9-b1dc-b6618f72048a",
            "1a7b7624-270b-49c1-9564-423d4251d409",
            "4c13712a-6c23-45b7-bb5f-1e5e12bfd527"
          ],
          "failures": [],
          "pending": [],
          "skipped": [],
          "duration": 19,
          "root": false,
          "rootEmpty": false,
          "_timeout": 2000
        },
        {
          "uuid": "a96b4ad2-9b64-4b1c-b6a0-a90ed1702092",
          "title": "inequalitySchema",
          "fullFile": "/home/runner/work/planwithus-lib/planwithus-lib/src/satisfyRule/inequality/schemas.test.ts",
          "file": "/src/satisfyRule/inequality/schemas.test.ts",
          "beforeHooks": [],
          "afterHooks": [],
          "tests": [
            {
              "title": "should validate inequality in the form <=n or >=n",
              "fullTitle": "inequalitySchema should validate inequality in the form <=n or >=n",
              "timedOut": false,
              "duration": 1,
              "state": "passed",
              "speed": "fast",
              "pass": true,
              "fail": false,
              "pending": false,
              "context": "[\n  {\n    \"title\": \"inequality sample 0\",\n    \"value\": \">=123\"\n  },\n  {\n    \"title\": \"inequality sample 1\",\n    \"value\": \"<=5\"\n  },\n  {\n    \"title\": \"inequality sample 2\",\n    \"value\": \"<=3\"\n  },\n  {\n    \"title\": \"inequality sample 3\",\n    \"value\": \">=5\"\n  },\n  {\n    \"title\": \"inequality sample 4\",\n    \"value\": \">=67\"\n  },\n  {\n    \"title\": \"inequality sample 5\",\n    \"value\": \">=68\"\n  },\n  {\n    \"title\": \"inequality sample 6\",\n    \"value\": \">=198\"\n  },\n  {\n    \"title\": \"inequality sample 7\",\n    \"value\": \">=8\"\n  },\n  {\n    \"title\": \"inequality sample 8\",\n    \"value\": \"<=41\"\n  },\n  {\n    \"title\": \"inequality sample 9\",\n    \"value\": \">=77\"\n  }\n]",
              "code": "fast_check_1.sample(index_test_2.inequality, 10).forEach((sample, i) => addContext_1.default(this, {\n    title: `inequality sample ${i}`,\n    value: sample,\n}));\nreturn fast_check_1.assert(fast_check_1.property(index_test_2.inequality, ajvValidate));",
              "err": {},
              "uuid": "2e4a124e-8812-48c8-8839-d73973d2645e",
              "parentUUID": "a96b4ad2-9b64-4b1c-b6a0-a90ed1702092",
              "isHook": false,
              "skipped": false
            },
            {
              "title": "should not validate inequality of invalid form",
              "fullTitle": "inequalitySchema should not validate inequality of invalid form",
              "timedOut": false,
              "duration": 2,
              "state": "passed",
              "speed": "fast",
              "pass": true,
              "fail": false,
              "pending": false,
              "context": null,
              "code": "[\n        \"\",\n        \"==23\",\n        \"23\",\n        \"<23\",\n        \">23\",\n        \"<=-1\",\n        \">=-1\",\n        \"<= 2\",\n        \">= 1\",\n        \"> 3\",\n        \"< 3\",\n        \"<=3a\",\n        \">=3a\",\n        \"a<=3\",\n        \"a>=3\",\n    ].forEach(isInvalidInequality)",
              "err": {},
              "uuid": "228105c8-23b1-4bb8-ba13-e49f09d48e3c",
              "parentUUID": "a96b4ad2-9b64-4b1c-b6a0-a90ed1702092",
              "isHook": false,
              "skipped": false
            }
          ],
          "suites": [],
          "passes": [
            "2e4a124e-8812-48c8-8839-d73973d2645e",
            "228105c8-23b1-4bb8-ba13-e49f09d48e3c"
          ],
          "failures": [],
          "pending": [],
          "skipped": [],
          "duration": 3,
          "root": false,
          "rootEmpty": false,
          "_timeout": 2000
        },
        {
          "uuid": "3adf55c1-55aa-4d3b-b14a-d6efc2cf5ff7",
          "title": "satisfyRuleSchema",
          "fullFile": "/home/runner/work/planwithus-lib/planwithus-lib/src/satisfyRule/schemas.test.ts",
          "file": "/src/satisfyRule/schemas.test.ts",
          "beforeHooks": [],
          "afterHooks": [],
          "tests": [
            {
              "title": "should validate satisfy rule with valid block id",
              "fullTitle": "satisfyRuleSchema should validate satisfy rule with valid block id",
              "timedOut": false,
              "duration": 1,
              "state": "passed",
              "speed": "fast",
              "pass": true,
              "fail": false,
              "pending": false,
              "context": null,
              "code": "fast_check_1.assert(fast_check_1.property(fast_check_1.string(), ajvValidate)",
              "err": {},
              "uuid": "db4dfa6b-b094-452c-8fd3-16f9890b0396",
              "parentUUID": "3adf55c1-55aa-4d3b-b14a-d6efc2cf5ff7",
              "isHook": false,
              "skipped": false
            },
            {
              "title": "should validate satisfy rules with valid mc",
              "fullTitle": "satisfyRuleSchema should validate satisfy rules with valid mc",
              "timedOut": false,
              "duration": 5,
              "state": "passed",
              "speed": "fast",
              "pass": true,
              "fail": false,
              "pending": false,
              "context": "[\n  {\n    \"title\": \"mcSatisfyRule sample 0\",\n    \"value\": {\n      \"mc\": \">=3\"\n    }\n  },\n  {\n    \"title\": \"mcSatisfyRule sample 1\",\n    \"value\": {\n      \"mc\": \"<=194\"\n    }\n  },\n  {\n    \"title\": \"mcSatisfyRule sample 2\",\n    \"value\": {\n      \"mc\": \">=26\"\n    }\n  },\n  {\n    \"title\": \"mcSatisfyRule sample 3\",\n    \"value\": {\n      \"mc\": \">=131\"\n    }\n  },\n  {\n    \"title\": \"mcSatisfyRule sample 4\",\n    \"value\": {\n      \"mc\": \"<=148\"\n    }\n  },\n  {\n    \"title\": \"mcSatisfyRule sample 5\",\n    \"value\": {\n      \"mc\": \">=56\"\n    }\n  },\n  {\n    \"title\": \"mcSatisfyRule sample 6\",\n    \"value\": {\n      \"mc\": \"<=134\"\n    }\n  },\n  {\n    \"title\": \"mcSatisfyRule sample 7\",\n    \"value\": {\n      \"mc\": \">=8\"\n    }\n  },\n  {\n    \"title\": \"mcSatisfyRule sample 8\",\n    \"value\": {\n      \"mc\": \"<=200\"\n    }\n  },\n  {\n    \"title\": \"mcSatisfyRule sample 9\",\n    \"value\": {\n      \"mc\": \">=6\"\n    }\n  }\n]",
              "code": "fast_check_1.sample(index_test_2.mcSatisfyRule, 10).forEach((sample, i) => addContext_1.default(this, {\n    title: `mcSatisfyRule sample ${i}`,\n    value: sample,\n}));\nreturn fast_check_1.assert(fast_check_1.property(index_test_2.mcSatisfyRule, ajvValidate));",
              "err": {},
              "uuid": "966cfe64-71bf-478f-9556-aedd981a4f25",
              "parentUUID": "3adf55c1-55aa-4d3b-b14a-d6efc2cf5ff7",
              "isHook": false,
              "skipped": false
            },
            {
              "title": "should validate valid recursive satisfy rules",
              "fullTitle": "satisfyRuleSchema should validate valid recursive satisfy rules",
              "timedOut": false,
              "duration": 6,
              "state": "passed",
              "speed": "fast",
              "pass": true,
              "fail": false,
              "pending": false,
              "context": "[\n  {\n    \"title\": \"satisfyRule sample 0\",\n    \"value\": {\n      \"mc\": \">=29\"\n    }\n  },\n  {\n    \"title\": \"satisfyRule sample 1\",\n    \"value\": {\n      \"and\": [\n        {\n          \"and\": [\n            \"xyF\",\n            {\n              \"and\": []\n            }\n          ]\n        },\n        {\n          \"and\": [\n            \"r%SW%\",\n            \"F\"\n          ]\n        }\n      ]\n    }\n  },\n  {\n    \"title\": \"satisfyRule sample 2\",\n    \"value\": {\n      \"and\": [\n        \"Vvq.Obar\"\n      ]\n    }\n  },\n  {\n    \"title\": \"satisfyRule sample 3\",\n    \"value\": \"\"\n  },\n  {\n    \"title\": \"satisfyRule sample 4\",\n    \"value\": {\n      \"and\": [\n        {\n          \"or\": [\n            \"LV\\\"m^vL/\",\n            {\n              \"or\": [\n                \"8^OAQG{uc\"\n              ]\n            },\n            \"cS\"\n          ]\n        },\n        {\n          \"or\": [\n            \"?y\",\n            {\n              \"mc\": \">=6\"\n            },\n            {\n              \"or\": []\n            },\n            \"vy8k\",\n            \"(6{2L)1w\"\n          ]\n        },\n        \"l, `:O,qN\"\n      ]\n    }\n  },\n  {\n    \"title\": \"satisfyRule sample 5\",\n    \"value\": {\n      \"mc\": \">=7\"\n    }\n  },\n  {\n    \"title\": \"satisfyRule sample 6\",\n    \"value\": {\n      \"and\": [\n        \"\",\n        \"\",\n        {\n          \"mc\": \">=2\"\n        }\n      ]\n    }\n  },\n  {\n    \"title\": \"satisfyRule sample 7\",\n    \"value\": {\n      \"or\": []\n    }\n  },\n  {\n    \"title\": \"satisfyRule sample 8\",\n    \"value\": \"oX00!7\\\"3[\"\n  },\n  {\n    \"title\": \"satisfyRule sample 9\",\n    \"value\": {\n      \"mc\": \"<=197\"\n    }\n  }\n]",
              "code": "fast_check_1.sample(index_test_2.satisfyRule, 10).forEach((sample, i) => addContext_1.default(this, {\n    title: `satisfyRule sample ${i}`,\n    value: sample,\n}));\nreturn fast_check_1.assert(fast_check_1.property(index_test_2.satisfyRule, ajvValidate));",
              "err": {},
              "uuid": "1abc43b1-f025-4850-bdbc-b0fc55d433c8",
              "parentUUID": "3adf55c1-55aa-4d3b-b14a-d6efc2cf5ff7",
              "isHook": false,
              "skipped": false
            },
            {
              "title": "should not validate non-string/object",
              "fullTitle": "satisfyRuleSchema should not validate non-string/object",
              "timedOut": false,
              "duration": 1,
              "state": "passed",
              "speed": "fast",
              "pass": true,
              "fail": false,
              "pending": false,
              "context": null,
              "code": "const error = {\n    instancePath: \"\",\n    message: \"satisfy rule should be either a string or an object\",\n};\nisInvalidRule(null, error);\nisInvalidRule(undefined, error);\nisInvalidRule(10, error);\nisInvalidRule([12, 24], error);",
              "err": {},
              "uuid": "c9448514-1f79-4710-83d2-2084633a4083",
              "parentUUID": "3adf55c1-55aa-4d3b-b14a-d6efc2cf5ff7",
              "isHook": false,
              "skipped": false
            },
            {
              "title": "should not validate satisfy rules with extra properties",
              "fullTitle": "satisfyRuleSchema should not validate satisfy rules with extra properties",
              "timedOut": false,
              "duration": 1,
              "state": "passed",
              "speed": "fast",
              "pass": true,
              "fail": false,
              "pending": false,
              "context": null,
              "code": "isInvalidRule({\n        and: [\n            { or: [\"2k\"], abc: \"def\" },\n            { mc: 8, ghi: \"jkl\" },\n        ],\n        mno: \"pqr\",\n    }, {\n        instancePath: \"/and/0\",\n        message: \"or satisfy rule should have property 'or' only\",\n    }, {\n        instancePath: \"/and/1\",\n        message: \"MC satisfy rule should have property 'mc' only\",\n    }, {\n        instancePath: \"\",\n        message: \"and satisfy rule should have property 'and' only\",\n    })",
              "err": {},
              "uuid": "02df8258-6781-4dcd-9c46-37faff2bb799",
              "parentUUID": "3adf55c1-55aa-4d3b-b14a-d6efc2cf5ff7",
              "isHook": false,
              "skipped": false
            },
            {
              "title": "should not validate ambiguous satisfy rules",
              "fullTitle": "satisfyRuleSchema should not validate ambiguous satisfy rules",
              "timedOut": false,
              "duration": 0,
              "state": "passed",
              "speed": "fast",
              "pass": true,
              "fail": false,
              "pending": false,
              "context": null,
              "code": "const message = \"satisfy rule should have only one of properties 'mc', 'and', 'or'\";\nisInvalidRule({\n    or: [\n        { mc: 5, and: [\"CS2040\"] },\n        { and: [{ and: [\"abc\"], or: [\"def\"] }] },\n    ],\n}, { instancePath: \"/or/0\", message }, { instancePath: \"/or/1/and/0\", message });",
              "err": {},
              "uuid": "332d3048-e0c9-4ea2-a54e-f23d84e1b12b",
              "parentUUID": "3adf55c1-55aa-4d3b-b14a-d6efc2cf5ff7",
              "isHook": false,
              "skipped": false
            },
            {
              "title": "should not validate and satisfy rules with non-array property",
              "fullTitle": "satisfyRuleSchema should not validate and satisfy rules with non-array property",
              "timedOut": false,
              "duration": 0,
              "state": "passed",
              "speed": "fast",
              "pass": true,
              "fail": false,
              "pending": false,
              "context": null,
              "code": "const message = \"property 'and' should be an array of satisfy rules\";\nisInvalidRule({ or: [{ and: {} }, { or: [{ and: 3 }] }] }, { instancePath: \"/or/0/and\", message }, { instancePath: \"/or/1/or/0/and\", message });",
              "err": {},
              "uuid": "fa182f6b-aa46-46fc-b89c-ebaab51ed113",
              "parentUUID": "3adf55c1-55aa-4d3b-b14a-d6efc2cf5ff7",
              "isHook": false,
              "skipped": false
            },
            {
              "title": "should not validate or satisfy rules with non-array property",
              "fullTitle": "satisfyRuleSchema should not validate or satisfy rules with non-array property",
              "timedOut": false,
              "duration": 1,
              "state": "passed",
              "speed": "fast",
              "pass": true,
              "fail": false,
              "pending": false,
              "context": null,
              "code": "const message = \"property 'or' should be an array of satisfy rules\";\nisInvalidRule({ and: [{ or: {} }, { and: [{ or: 3 }] }] }, { instancePath: \"/and/0/or\", message }, { instancePath: \"/and/1/and/0/or\", message });",
              "err": {},
              "uuid": "e6268e7d-1a86-44e1-b4a8-f6203308906f",
              "parentUUID": "3adf55c1-55aa-4d3b-b14a-d6efc2cf5ff7",
              "isHook": false,
              "skipped": false
            }
          ],
          "suites": [],
          "passes": [
            "db4dfa6b-b094-452c-8fd3-16f9890b0396",
            "966cfe64-71bf-478f-9556-aedd981a4f25",
            "1abc43b1-f025-4850-bdbc-b0fc55d433c8",
            "c9448514-1f79-4710-83d2-2084633a4083",
            "02df8258-6781-4dcd-9c46-37faff2bb799",
            "332d3048-e0c9-4ea2-a54e-f23d84e1b12b",
            "fa182f6b-aa46-46fc-b89c-ebaab51ed113",
            "e6268e7d-1a86-44e1-b4a8-f6203308906f"
          ],
          "failures": [],
          "pending": [],
          "skipped": [],
          "duration": 15,
          "root": false,
          "rootEmpty": false,
          "_timeout": 2000
        }
      ],
      "passes": [],
      "failures": [],
      "pending": [],
      "skipped": [],
      "duration": 0,
      "root": true,
      "rootEmpty": true,
      "_timeout": 2000
    }
  ],
  "meta": {
    "mocha": {
      "version": "9.0.0"
    },
    "mochawesome": {
      "options": {
        "quiet": false,
        "reportFilename": "mochawesome",
        "saveHtml": true,
        "saveJson": true,
        "consoleReporter": "spec",
        "useInlineDiffs": false,
        "code": true
      },
      "version": "6.2.2"
    },
    "marge": {
      "options": {
        "reportDir": "docs"
      },
      "version": "5.2.0"
    }
  }
}