{
  "stats": {
    "suites": 10,
    "tests": 48,
    "passes": 48,
    "pending": 0,
    "failures": 0,
    "start": "2022-03-12T12:10:17.953Z",
    "end": "2022-03-12T12:10:18.251Z",
    "duration": 298,
    "testsRegistered": 48,
    "passPercent": 100,
    "pendingPercent": 0,
    "other": 0,
    "hasOther": false,
    "skipped": 0,
    "hasSkipped": false
  },
  "results": [
    {
      "uuid": "93daf549-fa7e-49cd-ace3-212e93a65024",
      "title": "",
      "fullFile": "",
      "file": "",
      "beforeHooks": [],
      "afterHooks": [],
      "tests": [],
      "suites": [
        {
          "uuid": "d8ef7966-2ff0-4f8c-9245-558319147e04",
          "title": "initDirectories",
          "fullFile": "/home/runner/work/planwithus-lib/planwithus-lib/src/block/schemas.test.ts",
          "file": "/src/block/schemas.test.ts",
          "beforeHooks": [],
          "afterHooks": [],
          "tests": [
            {
              "title": "should parse all blocks with no errors",
              "fullTitle": "initDirectories should parse all blocks with no errors",
              "timedOut": false,
              "duration": 3,
              "state": "passed",
              "speed": "fast",
              "pass": true,
              "fail": false,
              "pending": false,
              "context": null,
              "code": "_1.initDirectories.should.not.throw()",
              "err": {},
              "uuid": "45044606-cba1-4fe6-8582-c83ce90b8a52",
              "parentUUID": "d8ef7966-2ff0-4f8c-9245-558319147e04",
              "isHook": false,
              "skipped": false
            },
            {
              "title": "should produce primary, second & minor directories",
              "fullTitle": "initDirectories should produce primary, second & minor directories",
              "timedOut": false,
              "duration": 2,
              "state": "passed",
              "speed": "fast",
              "pass": true,
              "fail": false,
              "pending": false,
              "context": null,
              "code": "const directories = (0, _1.initDirectories)();\ndirectories.should.have.property(\"primary\");\ndirectories.should.have.property(\"second\");\ndirectories.should.have.property(\"minor\");",
              "err": {},
              "uuid": "7d68d930-bbe7-47f5-954b-ccaf538eb203",
              "parentUUID": "d8ef7966-2ff0-4f8c-9245-558319147e04",
              "isHook": false,
              "skipped": false
            }
          ],
          "suites": [],
          "passes": [
            "45044606-cba1-4fe6-8582-c83ce90b8a52",
            "7d68d930-bbe7-47f5-954b-ccaf538eb203"
          ],
          "failures": [],
          "pending": [],
          "skipped": [],
          "duration": 5,
          "root": false,
          "rootEmpty": false,
          "_timeout": 2000
        },
        {
          "uuid": "57a8fc63-67a9-47ae-bdc1-5ac99f7876be",
          "title": "blockSchema",
          "fullFile": "/home/runner/work/planwithus-lib/planwithus-lib/src/block/schemas.test.ts",
          "file": "/src/block/schemas.test.ts",
          "beforeHooks": [],
          "afterHooks": [],
          "tests": [
            {
              "title": "should validate valid block",
              "fullTitle": "blockSchema should validate valid block",
              "timedOut": false,
              "duration": 163,
              "state": "passed",
              "speed": "slow",
              "pass": true,
              "fail": false,
              "pending": false,
              "context": "[\n  {\n    \"title\": \"block sample 0\",\n    \"value\": {\n      \"name\": \"CR,RP.g\",\n      \"ay\": 1952,\n      \"assign\": [\n        \".GzBHh_\",\n        \"(42a2\",\n        \"9uD,\",\n        \"#iG7gi>Lj\",\n        \"\"\n      ],\n      \"satisfy\": [\n        {\n          \"and\": [\n            {\n              \"or\": [\n                \"8|Nd\",\n                \"\\\\V;y9Wx:<x\",\n                {\n                  \"and\": [\n                    \"ylms6#BKa\",\n                    \"eGcj\",\n                    \"\",\n                    \"$yQ;.q_}\"\n                  ]\n                }\n              ]\n            },\n            {\n              \"mc\": \"<=146\"\n            }\n          ]\n        },\n        {\n          \"or\": [\n            \"LBX#l\",\n            {\n              \"mc\": \"<=16\"\n            },\n            \"sg0*5Tx\"\n          ]\n        }\n      ],\n      \"url\": \"http://a9h0mg-udd.bbrcqgyzb/8*rdDPq2i\",\n      \"info\": \"T7K\",\n      \"isSelectable\": true,\n      \"N73?_*tmn\": {\n        \"name\": \"O8\",\n        \"ay\": 1959,\n        \"assign\": [\n          \".4'~|$A\",\n          \"3J *y\",\n          \"E@'&tYdch\",\n          \"s&\"\n        ],\n        \"match\": \"HP2x77U\",\n        \"satisfy\": {\n          \"or\": [\n            {\n              \"and\": [\n                \"UUV|C[~py\",\n                {\n                  \"and\": [\n                    \".BbAx*|^yR\",\n                    \"L1GwUf8r'\\\\\",\n                    \"iub}+xp\",\n                    \"#h<0\",\n                    \")%hs>t\"\n                  ]\n                },\n                \"$\"\n              ]\n            },\n            {\n              \"mc\": \">=104\"\n            }\n          ]\n        },\n        \"url\": \"https://1p4qe.oxs1kylkmcwdscfmn93ux9i2cp961-gqh13k0tnwuoz3kh6sgwuh.4tgtrcnyna3f00mwfdbscs4gr291h50wxuh7nnn41b.3x6rp72eo-gs-wj33oxklrhgwph4rt.bunvy/JhKhjt/:BC4%F1%9A%82%920b/G-8x'I@q@//%F3%91%8F%84'Q%F0%9E%82%92w\",\n        \"info\": \"9>Du\",\n        \"isSelectable\": true\n      }\n    }\n  },\n  {\n    \"title\": \"block sample 1\",\n    \"value\": {\n      \"ay\": 1953,\n      \"assign\": \"h!%\",\n      \"match\": [\n        \"QV9U\",\n        {\n          \"or\": [\n            {\n              \"and\": [\n                \"FCX5P\",\n                {\n                  \"pattern\": \"WUS5x6\",\n                  \"exclude\": [\n                    \"VJD7\",\n                    \"CJO*x*1\",\n                    \"ML4\"\n                  ]\n                },\n                {\n                  \"and\": []\n                },\n                \"XKO4311\"\n              ]\n            },\n            {\n              \"and\": []\n            },\n            \"TNMxG\",\n            {\n              \"pattern\": \"XGA5878\",\n              \"exclude\": [\n                \"OKG71*\",\n                \"SQLx62\",\n                \"KXW7xA\",\n                \"BHD7502S\"\n              ],\n              \"info\": \"\"\n            },\n            {\n              \"pattern\": \"PM111\",\n              \"exclude\": [\n                \"JR1\",\n                \"TTO0x*\",\n                \"ZCx3N\",\n                \"ED3B\",\n                \"RRZ82*3\"\n              ],\n              \"info\": \"G\\\"})\"\n            }\n          ]\n        }\n      ],\n      \"info\": \"$|\",\n      \"isSelectable\": true\n    }\n  },\n  {\n    \"title\": \"block sample 2\",\n    \"value\": {\n      \"name\": \"\",\n      \"ay\": 1959,\n      \"assign\": \"\",\n      \"match\": \"SU163\",\n      \"satisfy\": {\n        \"or\": [\n          \"\",\n          \"$;Pj03PzA\",\n          \"hBaXY;yZa\"\n        ]\n      },\n      \"url\": \"http://vt4cn5kz8wuytc0zf1ja4yn8dwx.lxh19kekguxq0069a60h6ecbp7ido6onanaa403-4niff-g3otxwna5fbc5o.6.ezuccjbd/=K/JTg\",\n      \"info\": \"&m\",\n      \"isSelectable\": true,\n      \"a/Ry7i@\": {\n        \"name\": \"M\",\n        \"ay\": 2016,\n        \"assign\": [\n          \"n;#u\\\"8Y\",\n          \"Sw{2#c\",\n          \"&\\\"& x\"\n        ],\n        \"match\": {\n          \"and\": [\n            \"OQ38\"\n          ]\n        },\n        \"satisfy\": [\n          \"aA{M?+F:V\"\n        ],\n        \"info\": \"^9!<-\\\\^Xp\",\n        \"!:\": {\n          \"name\": \"6-X'`'lK\",\n          \"ay\": 1950,\n          \"assign\": \"t;\",\n          \"match\": {\n            \"pattern\": \"FP05M\",\n            \"exclude\": [\n              \"CVG*08\",\n              \"MY0H\",\n              \"OYP9*31Y\"\n            ],\n            \"info\": \"*\"\n          },\n          \"satisfy\": [\n            {\n              \"and\": [\n                \"K-?'3l=\",\n                {\n                  \"mc\": \">=180\"\n                }\n              ]\n            },\n            {\n              \"and\": [\n                {\n                  \"or\": [\n                    {\n                      \"and\": [\n                        \"C'DA\",\n                        \"qO'kl\"\n                      ]\n                    },\n                    \"4l 2vs#.x5\",\n                    {\n                      \"and\": [\n                        \"owVJ/>n\",\n                        \"m|?h/;IE\\\\\\\"\",\n                        {\n                          \"or\": []\n                        },\n                        \"[\",\n                        {\n                          \"or\": [\n                            {\n                              \"and\": [\n                                \"i*\"\n                              ]\n                            },\n                            {\n                              \"mc\": \"<=132\"\n                            },\n                            \">A@wY\"\n                          ]\n                        }\n                      ]\n                    },\n                    \"YJBBuF\",\n                    {\n                      \"or\": [\n                        \"\\\"?Q\",\n                        \"gyO4#\",\n                        \"}_ g_\",\n                        \"LRqwVz\"\n                      ]\n                    }\n                  ]\n                },\n                \"{c{FrK \",\n                {\n                  \"or\": [\n                    {\n                      \"and\": [\n                        \":$tp9A=T+G\",\n                        {\n                          \"and\": [\n                            \"'\\\\fA9^2?\",\n                            \"~?qeB6&\",\n                            \"%\\\\6xw\"\n                          ]\n                        },\n                        \"X;\",\n                        {\n                          \"and\": [\n                            \"O29Q~G\",\n                            \"mv\",\n                            \"3.4@(\"\n                          ]\n                        }\n                      ]\n                    },\n                    {\n                      \"and\": [\n                        \"[7ai\",\n                        {\n                          \"and\": []\n                        }\n                      ]\n                    },\n                    \"-(/p\"\n                  ]\n                },\n                {\n                  \"or\": [\n                    {\n                      \"and\": [\n                        \"JY9^r9g\",\n                        {\n                          \"or\": [\n                            \"IIE\",\n                            \"a3Wv$\"\n                          ]\n                        },\n                        {\n                          \"and\": [\n                            \"0nBd{-*1d\",\n                            \".4\",\n                            \"\",\n                            \"0irt7T-y\"\n                          ]\n                        },\n                        \"Nl\",\n                        {\n                          \"and\": [\n                            {\n                              \"or\": []\n                            },\n                            {\n                              \"and\": [\n                                \"WH}\"\n                              ]\n                            },\n                            \"*=\",\n                            \"\"\n                          ]\n                        }\n                      ]\n                    },\n                    {\n                      \"mc\": \"<=4\"\n                    },\n                    \"mLs~{(GC\",\n                    {\n                      \"or\": []\n                    },\n                    {\n                      \"mc\": \">=73\"\n                    }\n                  ]\n                }\n              ]\n            },\n            {\n              \"or\": [\n                {\n                  \"and\": []\n                }\n              ]\n            }\n          ],\n          \"url\": \"http://72vcsyvf-6wjlme6lqq7u7boz8d54gt0a43sp.tthsbewej4fd6d62f6jz78yeocgf2dv.w7302h8c.gwimopfhg/=/DA/BmV0+%F1%B8%A7%88U/oD'/ZKciFs7*l,/%F2%B8%81%B84vbY\"\n        },\n        \"c&\": {\n          \"name\": \"}\",\n          \"ay\": 1984,\n          \"satisfy\": [],\n          \"url\": \"https://gbao3a.s.j.jepjc/JC_dyd/Ni.PP%F0%AE%80%812QJ/f.;aK/a$\",\n          \"info\": \"'Tm\",\n          \"isSelectable\": true,\n          \";J[tbB_LKm\": {\n            \"ay\": 2001,\n            \"assign\": [\n              \"sf1|E0`{v\"\n            ],\n            \"match\": \"ZY83\",\n            \"satisfy\": [\n              {\n                \"and\": [\n                  {\n                    \"and\": [\n                      \"xb^YIWE0\",\n                      {\n                        \"mc\": \"<=67\"\n                      },\n                      \"9}TZ0tO`3v\"\n                    ]\n                  }\n                ]\n              },\n              {\n                \"or\": [\n                  {\n                    \"mc\": \">=169\"\n                  },\n                  {\n                    \"mc\": \">=17\"\n                  },\n                  {\n                    \"or\": [\n                      {\n                        \"mc\": \"<=83\"\n                      },\n                      {\n                        \"or\": [\n                          \"3{J:N{RO\"\n                        ]\n                      },\n                      {\n                        \"mc\": \"<=83\"\n                      },\n                      \"3e<t>5{De\",\n                      \"J(\"\n                    ]\n                  }\n                ]\n              },\n              \"0M9`%=lq\",\n              \"{E\",\n              {\n                \"and\": [\n                  {\n                    \"or\": [\n                      \"\\\"`M=\",\n                      \"`\",\n                      {\n                        \"and\": [\n                          \"=/+`@c,Ej\"\n                        ]\n                      },\n                      \"\\\\FIF\",\n                      {\n                        \"and\": [\n                          {\n                            \"and\": [\n                              \"C/?HippYr\",\n                              \"0%!dv?[\"\n                            ]\n                          },\n                          {\n                            \"and\": [\n                              \"Y\"\n                            ]\n                          },\n                          {\n                            \"or\": [\n                              {\n                                \"or\": []\n                              }\n                            ]\n                          },\n                          {\n                            \"or\": [\n                              \"Z$/nhC\",\n                              {\n                                \"mc\": \"<=10\"\n                              },\n                              \"*maSc%%\",\n                              \"B2(8+*:c\"\n                            ]\n                          },\n                          {\n                            \"mc\": \"<=143\"\n                          }\n                        ]\n                      }\n                    ]\n                  }\n                ]\n              }\n            ],\n            \"url\": \"https://f1118vn25jk2teij2hup0npv8khen5dlw9rbuk5u-eqvqenieprc08cehvz.dvf8yjdxurnks5tkia5d34py.vg69n5ti345wb94y.fjblda/JSQO/R$lN.LQS/HGb%F0%AE%9C%9C3S1x=%F3%AC%B9%94/_AL2apTm0/y4Pb4vtV%F2%88%8D%94J/m2%F2%83%A4%9D4%F3%9C%BB%82%F2%8C%9B%A9aimE//%F0%9A%AD%874,\",\n            \"isSelectable\": true,\n            \"}._?\": {\n              \"name\": \"eS\",\n              \"ay\": 1993,\n              \"match\": [\n                {\n                  \"pattern\": \"TR53Z\",\n                  \"exclude\": [\n                    \"XUF2F\"\n                  ],\n                  \"info\": \"baj+X.r[5C\"\n                }\n              ],\n              \"satisfy\": {\n                \"mc\": \"<=41\"\n              },\n              \"url\": \"https://sq9sxh8grajex7hyvekvmwttgw7-v1p0xsj8.15zy-py4mofw8yzl.3ngu.yaoqa3yiyv31r7ohjir5vuztqh8gmbv-2hp9pbgw041zj0w.9ew2rshimkjj-cr5uaz-mj-ddu.vg/k/mqbar\",\n              \"info\": \"\",\n              \"isSelectable\": true\n            },\n            \"[lw0^+pF/\": {\n              \"name\": \"}o;\",\n              \"ay\": 1973,\n              \"assign\": [\n                \"+xM84}5-|\"\n              ],\n              \"match\": {\n                \"and\": []\n              },\n              \"satisfy\": \"rj/H\",\n              \"url\": \"https://jrqnn1oq-ljr54wbwxct-rd19dvf1pj4e6pv7xqtoo3gn9iktu-kk3e1ol3.pgi08lqjnrqfp0l30.irbj/s/n!%EC%B0%8FCR8r1C/:r/Q@Wu%F1%93%BF%9Dy/%F2%9D%BA%884+d,o%F1%A9%82%82Cf/a!AsFG%F3%A7%B4%BEfC/yc%F2%BC%95%817;+V/GFc*@/hIY\",\n              \"info\": \"N?M\",\n              \"isSelectable\": true\n            },\n            \"ZV<B`0/9C&\": {\n              \"ay\": 1978,\n              \"assign\": \"_A%{\\\\9\",\n              \"satisfy\": {\n                \"or\": [\n                  {\n                    \"or\": []\n                  },\n                  {\n                    \"mc\": \">=105\"\n                  },\n                  \"D]4;gzqCvd\",\n                  {\n                    \"or\": [\n                      \"~Dzu?\",\n                      \"sZ5h\",\n                      \"\",\n                      {\n                        \"and\": [\n                          \"C*B>fm\",\n                          \"CM~uVe\",\n                          \"rHw(#J4\",\n                          \"Szt\",\n                          \"\"\n                        ]\n                      }\n                    ]\n                  }\n                ]\n              },\n              \"info\": \"MPv**sf-/\",\n              \"isSelectable\": true\n            }\n          }\n        }\n      }\n    }\n  },\n  {\n    \"title\": \"block sample 3\",\n    \"value\": {\n      \"name\": \"TT\",\n      \"ay\": 1998,\n      \"assign\": \"U?2l 7\",\n      \"match\": {\n        \"or\": [\n          {\n            \"pattern\": \"VY2D\"\n          },\n          \"PPM6xxU\"\n        ]\n      },\n      \"satisfy\": [\n        {\n          \"and\": [\n            {\n              \"and\": [\n                {\n                  \"or\": [\n                    \"\"\n                  ]\n                },\n                {\n                  \"or\": [\n                    \"N8r+lQOeC\",\n                    \" y\",\n                    {\n                      \"and\": [\n                        \"xn\",\n                        {\n                          \"and\": [\n                            \"uv=e\",\n                            \"O,YU{eT,)\",\n                            \"k\\\\$H\",\n                            \"((E9?\"\n                          ]\n                        },\n                        \"9=Z\"\n                      ]\n                    }\n                  ]\n                },\n                {\n                  \"mc\": \"<=172\"\n                }\n              ]\n            },\n            {\n              \"or\": [\n                \"\",\n                \"\\\\\",\n                {\n                  \"mc\": \"<=83\"\n                },\n                \"S`Ul=O4l\",\n                {\n                  \"mc\": \">=84\"\n                }\n              ]\n            },\n            \"EOs<5\",\n            {\n              \"and\": [\n                {\n                  \"or\": [\n                    \"a=\",\n                    \"FiDa#l<\"\n                  ]\n                },\n                \"^L;\",\n                {\n                  \"mc\": \">=28\"\n                },\n                \"%8HSQ#\",\n                \"<.\"\n              ]\n            }\n          ]\n        },\n        {\n          \"mc\": \">=2\"\n        },\n        {\n          \"and\": [\n            \"r,99\",\n            {\n              \"or\": [\n                \"|!gU?E'\",\n                \";Hp\",\n                \"YvL)1PO\"\n              ]\n            },\n            {\n              \"mc\": \"<=193\"\n            },\n            {\n              \"mc\": \"<=163\"\n            }\n          ]\n        }\n      ],\n      \"url\": \"http://dd3a5drik49e--24l3g99qfefrzkqzscr.9p9v0-qjh2xquaght233n02dygqi6pkdfcy1fdlcvrf7q-cvvsarwby.m.v1vgzmsen57lt7uzxq8-cp362cao77t6vh98khbnbzmjsscykqow1i.7f0p75ruxo4jkjox55yilf7u34dpn-hxs9px9hw-sliorsugm.tevkz\",\n      \"info\": \"WyO~X\",\n      \"isSelectable\": true,\n      \"ll(5o`\": {\n        \"name\": \"o}M\",\n        \"ay\": 1960,\n        \"assign\": [\n          \"\\\\\\\"7\\\"k!$9(\\\"\",\n          \"oR\"\n        ],\n        \"satisfy\": [\n          {\n            \"mc\": \"<=4\"\n          },\n          {\n            \"or\": []\n          },\n          {\n            \"or\": [\n              {\n                \"and\": [\n                  {\n                    \"mc\": \"<=3\"\n                  },\n                  \"\",\n                  \"\",\n                  {\n                    \"or\": [\n                      \"UU]M\",\n                      {\n                        \"and\": [\n                          \"nJ>pq fUn@\",\n                          \"Y\"\n                        ]\n                      },\n                      {\n                        \"or\": [\n                          \";<0\",\n                          \"~\\\"UK<,9zOx\",\n                          \"~S<h<Y;/\",\n                          \"@'Gnr=-75c\"\n                        ]\n                      },\n                      \"3~-gr3p\"\n                    ]\n                  },\n                  {\n                    \"or\": []\n                  }\n                ]\n              }\n            ]\n          },\n          {\n            \"or\": [\n              \"8\",\n              {\n                \"and\": [\n                  \"q,s\",\n                  {\n                    \"or\": [\n                      {\n                        \"and\": [\n                          {\n                            \"or\": []\n                          },\n                          \"~j&IIaIK\",\n                          {\n                            \"and\": [\n                              \"4\\\\|\"\n                            ]\n                          },\n                          \"3t0D!/:\",\n                          {\n                            \"or\": [\n                              \"B\",\n                              \"5;)M\"\n                            ]\n                          }\n                        ]\n                      },\n                      \"$x`:l\",\n                      {\n                        \"and\": [\n                          \"vo `=8\"\n                        ]\n                      }\n                    ]\n                  },\n                  {\n                    \"mc\": \">=93\"\n                  },\n                  {\n                    \"or\": [\n                      \"QEa\",\n                      \"D`eFrE\\\"n2s\",\n                      \"&\",\n                      {\n                        \"mc\": \">=74\"\n                      }\n                    ]\n                  }\n                ]\n              }\n            ]\n          }\n        ],\n        \"url\": \"http://pc8b9b.j576ah6sllhieaf.ekwypkmez/n=/v)9TvxzN/39AH8(P\",\n        \"info\": \"Ra?3<TH5\",\n        \"|r1^+o\": {\n          \"name\": \"^c)78y^\",\n          \"assign\": [\n            \"@c\",\n            \"^@v8}N\",\n            \".\\\"s,Ngc\"\n          ],\n          \"match\": {\n            \"and\": [\n              \"CY61I\"\n            ]\n          },\n          \"satisfy\": \"\",\n          \"url\": \"http://e.kvkbuin/XK54//+/v_a+I%F3%92%96%AFg6!Q/H%F2%AA%99%80o1Cg\",\n          \"info\": \":=f`Yh);\",\n          \"isSelectable\": true\n        },\n        \"!\": {\n          \"name\": \"[%\\\\@Y\\\\T\",\n          \"ay\": 1986,\n          \"assign\": [\n            \"@%bp.6\",\n            \"oW[k]+(8\",\n            \"`{4&}u?c\"\n          ],\n          \"match\": {\n            \"pattern\": \"GCL3B\",\n            \"exclude\": [\n              \"ET2\",\n              \"PVI63\",\n              \"XV47xT\",\n              \"UZB9Z\"\n            ],\n            \"info\": \"h5\"\n          },\n          \"satisfy\": [\n            \"\",\n            \"St\",\n            {\n              \"or\": [\n                {\n                  \"mc\": \"<=165\"\n                },\n                \"zQ{e_\",\n                {\n                  \"mc\": \"<=35\"\n                },\n                {\n                  \"and\": [\n                    {\n                      \"or\": [\n                        \"\",\n                        {\n                          \"and\": [\n                            \"o?\"\n                          ]\n                        },\n                        \"mQ*\",\n                        \"\"\n                      ]\n                    },\n                    \"?BT]rf\",\n                    \"f ndC\",\n                    {\n                      \"or\": []\n                    },\n                    \"\"\n                  ]\n                },\n                {\n                  \"and\": []\n                }\n              ]\n            }\n          ],\n          \"url\": \"http://f.uqjtlgeoc/%F1%89%B7%9CQ7.BXG/Uz+:(zLx%F0%92%83%A0/Dm4Gi;K!/dO5+%F2%9B%A1%86DrC/%F0%B6%94%B1hEiQV5eK!/C/~~,TM9fR(Q/_!$!Og7/.uBq_9\",\n          \"info\": \"\",\n          \"isSelectable\": true,\n          \"w:F9n69,\": {\n            \"name\": \"_mOsS$\",\n            \"ay\": 1993,\n            \"match\": \"WA6278V\",\n            \"satisfy\": {\n              \"and\": [\n                {\n                  \"or\": [\n                    \"8qGof^AP<\",\n                    {\n                      \"mc\": \"<=183\"\n                    }\n                  ]\n                },\n                {\n                  \"mc\": \"<=77\"\n                },\n                {\n                  \"and\": [\n                    \"8q=o3\",\n                    \",|\",\n                    \"yY6v4f/E<$\",\n                    \"Q\\\\r+lR\"\n                  ]\n                }\n              ]\n            },\n            \"url\": \"http://629itgcypnwb6k0i-r6nnznxkc7eu7vstxl6bvrkexz.zjtiglgyuf/b%EE%82%8C/aBQ%F2%A6%9A%88qc8u%F1%92%BD%A0U/%F2%99%9C%BF,_vPq/7q/Dr.N,=/%F3%9E%B7%8Agb)/.=/go!qzE3MH\",\n            \"info\": \"1s!ZD?^@\",\n            \"isSelectable\": true\n          },\n          \"$7_kX\": {\n            \"name\": \"2'Ynn\",\n            \"ay\": 1965,\n            \"assign\": [\n              \"/Dz]&jx\",\n              \"lA|\",\n              \"o\",\n              \"%-trh(^M\"\n            ],\n            \"satisfy\": \"U\\\\D1t?[4r^\",\n            \"url\": \"http://mcclvzgzkfexchqg-xj.mk8j349ar87axgu8du6kina8f-5wv7ik3dps.rjk7gnxv37fqht7o8lg9ss1brf9.k6ps7cgw7v9q9ahq2sw0rh82mlcuik7jisuvdn87544vyuegon9wqg5ib2kx.pbsljpcn/:%E2%B6%95=%F0%B6%9F%B0pW/Z4sU/U/-zh/mt%F0%AF%AD%AECd/OlFI)D0HH/%F2%87%BD%ADDfk''Po/\",\n            \"info\": \"ZNC*}\",\n            \"isSelectable\": true\n          },\n          \"{M-5\": {\n            \"name\": \"4BvK^i\",\n            \"ay\": 2002,\n            \"assign\": \"AnwC}V8x\",\n            \"match\": [\n              \"KFZxI\",\n              \"KJ16x\",\n              {\n                \"or\": [\n                  {\n                    \"pattern\": \"KGZ70xx\",\n                    \"info\": \"D\"\n                  },\n                  \"UO*46\",\n                  \"OW0412\",\n                  {\n                    \"and\": [\n                      {\n                        \"pattern\": \"CV1U\",\n                        \"exclude\": [\n                          \"WFZ5\",\n                          \"OWA90\",\n                          \"UAG0xA\",\n                          \"XDD825Z\"\n                        ],\n                        \"info\": \"9\"\n                      }\n                    ]\n                  },\n                  {\n                    \"pattern\": \"LWM*70\",\n                    \"exclude\": [\n                      \"KL*823D\",\n                      \"HLW46*9F\",\n                      \"GON*0\",\n                      \"JF*607U\"\n                    ],\n                    \"info\": \"y7ji*_g/\"\n                  }\n                ]\n              }\n            ],\n            \"info\": \"*,\",\n            \"isSelectable\": true\n          }\n        },\n        \"Yj\": {\n          \"name\": \"K_m\",\n          \"assign\": [\n            \"F'\\\"\",\n            \"I-%0FJ`?4\\\"\",\n            \"Ck\",\n            \"AC\"\n          ],\n          \"match\": \"IMP49J\",\n          \"satisfy\": {\n            \"mc\": \"<=200\"\n          },\n          \"url\": \"http://14wp813q43qawqdoco7bbhfqerhzc7ofhr7v1.lc/fGL/I%E9%B5%89%F4%8A%A4%83,G/'%F0%AF%99%97:O%F0%BA%B2%92%F3%85%BB%8F/ar=%F1%B1%80%99gg(4k%F2%91%98%BC/~%F4%8F%92%AC,JFad2sC/s(%F2%A5%89%B8xO%F1%8D%93%BAi/PM5rCFyxpD/yt\",\n          \"info\": \"\",\n          \"isSelectable\": true\n        }\n      },\n      \":w\": {\n        \"name\": \"\",\n        \"ay\": 1952,\n        \"assign\": [\n          \"m\",\n          \"7!BqtZE{\"\n        ],\n        \"match\": \"IR0\",\n        \"info\": \"xvE5|yY/*2\",\n        \"isSelectable\": true,\n        \"=Z~l{7#\": {\n          \"name\": \",<\",\n          \"ay\": 1970,\n          \"assign\": [\n            \"w/qPW\",\n            \"cp>\"\n          ],\n          \"match\": {\n            \"or\": [\n              \"HQO838N\",\n              {\n                \"or\": [\n                  \"WGM77\",\n                  {\n                    \"or\": []\n                  },\n                  {\n                    \"pattern\": \"EYA4\",\n                    \"exclude\": [\n                      \"HET23Q\",\n                      \"CH4\",\n                      \"EV0L\",\n                      \"HWN4\"\n                    ],\n                    \"info\": \"Y\"\n                  },\n                  \"DYH2A\",\n                  \"UEF*K\"\n                ]\n              },\n              {\n                \"or\": []\n              },\n              {\n                \"pattern\": \"HV261\",\n                \"exclude\": \"BKI9*O\",\n                \"info\": \"5\"\n              },\n              {\n                \"or\": [\n                  \"EON0962\",\n                  {\n                    \"pattern\": \"FX6\"\n                  },\n                  \"AHXxX\",\n                  \"KKE298\",\n                  {\n                    \"or\": [\n                      \"YZZ72\"\n                    ]\n                  }\n                ]\n              }\n            ]\n          },\n          \"satisfy\": [\n            {\n              \"or\": [\n                {\n                  \"and\": []\n                }\n              ]\n            },\n            {\n              \"mc\": \"<=73\"\n            },\n            \"]zy1nwq[C\",\n            {\n              \"and\": []\n            },\n            {\n              \"and\": [\n                {\n                  \"mc\": \"<=34\"\n                },\n                {\n                  \"or\": [\n                    {\n                      \"mc\": \"<=120\"\n                    },\n                    \"-i\",\n                    {\n                      \"mc\": \"<=93\"\n                    }\n                  ]\n                }\n              ]\n            }\n          ],\n          \"url\": \"https://o-o0i5u9d-zacm3u28omk0rabxi-4yee93by83tmnpvq-nk.9jy83b6h90fcevuekel.syxsma1taci8810xv4ny6l.vfqemjiu/11yW%F2%88%A2%8BDn$1//dpQ/M5'fuX~/h@C%F1%BB%9D%BE%F0%A9%8B%9Ac/NM(@s\",\n          \"isSelectable\": true\n        },\n        \" R[d2UM!Jz\": {\n          \"name\": \"AMI3u,I+\",\n          \"ay\": 1990,\n          \"assign\": [\n            \"H*Ee!MOL\"\n          ],\n          \"match\": {\n            \"and\": [\n              {\n                \"and\": []\n              },\n              {\n                \"pattern\": \"CX95*8H\",\n                \"exclude\": \"HU*95S\"\n              },\n              {\n                \"pattern\": \"JFEx996S\",\n                \"exclude\": \"XMH13\",\n                \"info\": \"!<@XBc*\"\n              },\n              \"RL2A\"\n            ]\n          },\n          \"satisfy\": {\n            \"mc\": \"<=68\"\n          },\n          \"url\": \"https://9ocn49.l9vbyz0l7rsssoi14rgqwf5yj2udyc6kwcy.ge7wozes115cyc19gjof7r47mbsry03mvi-5f-k328gx4.bwficlt8oj4iddaulwsc7whr0xvsrpa8ciz-24lad1j2f3gon5v6ys0wkmvg.cszcyg/!Fyv2_:/YI%F2%85%B1%83z/w2%F0%9F%A7%9891Whu%F3%85%B1%AE/\",\n          \"info\": \"vQ72M\",\n          \"isSelectable\": true\n        },\n        \"_690@yGI\": {\n          \"name\": \"\",\n          \"ay\": 1973,\n          \"assign\": [\n            \"\",\n            \"P@1<}\",\n            \"}Y;$\"\n          ],\n          \"match\": {\n            \"pattern\": \"PZ633\",\n            \"exclude\": [\n              \"TYX13\",\n              \"LH*\",\n              \"IR6712\",\n              \"JO324\",\n              \"FBP0X\"\n            ],\n            \"info\": \"vx^[\"\n          },\n          \"satisfy\": {\n            \"or\": []\n          },\n          \"url\": \"http://3.c5ys70nvin-yrr13dvjt9xgeh3degv285rnq.y9szd2yxzte5sl5vzs685zk96i.qigbsketx/;1/Q~n/lZ2/M*'%F2%9E%87%B53Ft%F3%B9%A6%82ft//&5z*Mi/k,/%F2%BA%B0%8Au%F2%AD%BB%A5BbZqyN/~/dRn0EF_X\",\n          \"info\": \"lq\\\\;f?i\",\n          \"isSelectable\": true,\n          \"|bE4v*j#\": {\n            \"name\": \"VC\",\n            \"assign\": [\n              \"R%C&hF_;\",\n              \"H?*M9\\\\CWJ\",\n              \"Y3.Rc(}lTP\",\n              \"$2\"\n            ],\n            \"match\": [\n              {\n                \"and\": []\n              },\n              {\n                \"and\": [\n                  {\n                    \"or\": [\n                      {\n                        \"and\": [\n                          {\n                            \"or\": [\n                              \"FRM1\"\n                            ]\n                          },\n                          \"HV156\",\n                          {\n                            \"pattern\": \"JN11L\",\n                            \"exclude\": \"MLV0146\",\n                            \"info\": \"[]4Qd*N>\"\n                          },\n                          \"HLV24B\"\n                        ]\n                      }\n                    ]\n                  },\n                  {\n                    \"and\": [\n                      \"XIF*9L\",\n                      \"TAP3436\"\n                    ]\n                  }\n                ]\n              },\n              {\n                \"or\": [\n                  {\n                    \"and\": [\n                      \"JKL*12K\",\n                      {\n                        \"or\": [\n                          \"AX95H\"\n                        ]\n                      },\n                      \"PN*8\",\n                      \"LBK2\",\n                      {\n                        \"or\": [\n                          {\n                            \"and\": []\n                          },\n                          {\n                            \"pattern\": \"SF06N\",\n                            \"exclude\": \"TJF9I\",\n                            \"info\": \"SyG!oIe4g}\"\n                          },\n                          {\n                            \"and\": [\n                              {\n                                \"or\": [\n                                  \"OPA393xP\",\n                                  \"GOC0J\",\n                                  \"UG165\",\n                                  \"PW54F\",\n                                  \"VX4*07\"\n                                ]\n                              }\n                            ]\n                          },\n                          \"ZDYxE\",\n                          {\n                            \"and\": [\n                              \"FV061Y\"\n                            ]\n                          }\n                        ]\n                      }\n                    ]\n                  },\n                  {\n                    \"or\": [\n                      \"RS5127\",\n                      {\n                        \"or\": [\n                          \"EJQ488\"\n                        ]\n                      },\n                      \"EZC249x\",\n                      \"HXA97\",\n                      \"QK094\"\n                    ]\n                  }\n                ]\n              },\n              {\n                \"and\": [\n                  {\n                    \"and\": [\n                      {\n                        \"pattern\": \"PTE*674\",\n                        \"exclude\": \"KY7*G\"\n                      },\n                      \"XERxF\",\n                      {\n                        \"or\": []\n                      },\n                      \"ZO2G\",\n                      \"BH7480C\"\n                    ]\n                  },\n                  {\n                    \"pattern\": \"CHA7*94K\",\n                    \"exclude\": \"NU584\"\n                  }\n                ]\n              }\n            ],\n            \"satisfy\": {\n              \"and\": [\n                {\n                  \"or\": [\n                    \"!3TT\"\n                  ]\n                }\n              ]\n            },\n            \"url\": \"https://t5qc0jc2sv7s5nji4plm6fw2qbt2fua8fhxan87o9vv3nnkgvqwlt87.lrulsn1mi98m1ipf3sp2k9yxzetwzdi6f5szc4wl38p23nsqo0owpp229.l.p1lpo6yc5981e4pun4x3ebb5lgll.ty0brlvguznogd8veb.kfzhsmb//mnr-m*/=c/P!w///A%F0%B8%A6%94\",\n            \"info\": \"Od\\\"l6q*&0B\",\n            \"isSelectable\": true,\n            \"u,ok?AT\": {\n              \"ay\": 2004,\n              \"assign\": \" Wg\",\n              \"match\": [],\n              \"url\": \"https://s5tl1khf1y7hd2x4goz32abb53ckrmpdk.ygtmgy/k)TApOx4A\",\n              \"info\": \"$oQR\",\n              \"isSelectable\": true\n            },\n            \"||f7b(\": {\n              \"name\": \"jR(>k}\",\n              \"ay\": 2004,\n              \"assign\": [\n                \"^hGo?qtKW\",\n                \"%XRsB\",\n                \"6M-z|vE6\",\n                \"hsPb~3\",\n                \"KYxV3\"\n              ],\n              \"match\": \"LHR9C\",\n              \"url\": \"https://bu5mywn15whpkgrw.h6o2qrelks2g-w6tf8k1ux-ugwoyustfu1z601ag6yveezxp64r.2sj5e2co14e6p13s596cgrsssdtiw2x7gh670t1ed.g.jthp45u2urbdo5n56salq3kfghfzq6m3c2ihlcf0u2skdoo84mrxr.dlug\",\n              \"info\": \"=.&o[d&U{\",\n              \"isSelectable\": true\n            },\n            \",&j\": {\n              \"name\": \"!]'Y\",\n              \"ay\": 2002,\n              \"assign\": [],\n              \"match\": {\n                \"and\": []\n              },\n              \"info\": \"Pc\",\n              \"isSelectable\": true\n            }\n          }\n        }\n      },\n      \"n s&s8Y\": {\n        \"name\": \"y92N}|[\",\n        \"ay\": 1954,\n        \"match\": [\n          {\n            \"and\": [\n              {\n                \"or\": [\n                  \"XSO3x\"\n                ]\n              },\n              \"FYA17\",\n              {\n                \"pattern\": \"NZW539*\",\n                \"exclude\": []\n              }\n            ]\n          }\n        ],\n        \"satisfy\": [\n          {\n            \"mc\": \"<=18\"\n          },\n          {\n            \"and\": [\n              {\n                \"mc\": \"<=84\"\n              },\n              {\n                \"and\": [\n                  \"vLgaAA^\",\n                  {\n                    \"or\": [\n                      \"FMA\"\n                    ]\n                  }\n                ]\n              },\n              {\n                \"mc\": \">=16\"\n              },\n              \"U$@&V9YP/!\"\n            ]\n          },\n          {\n            \"or\": [\n              \"+_6|\",\n              {\n                \"and\": [\n                  {\n                    \"or\": []\n                  },\n                  \"Zx5JG\"\n                ]\n              }\n            ]\n          },\n          {\n            \"mc\": \">=100\"\n          }\n        ],\n        \"info\": \"\\\"'z Mv\\\"\",\n        \"isSelectable\": true\n      }\n    }\n  },\n  {\n    \"title\": \"block sample 4\",\n    \"value\": {\n      \"name\": \"w)-Y dMCQB\",\n      \"ay\": 1996,\n      \"match\": [\n        {\n          \"or\": [\n            \"RSM9\",\n            {\n              \"and\": [\n                {\n                  \"pattern\": \"OBO4*50O\",\n                  \"exclude\": [\n                    \"MDx01O\",\n                    \"VN34x3H\",\n                    \"DU083Q\",\n                    \"MXD193U\"\n                  ],\n                  \"info\": \"7}O1KA;\"\n                },\n                \"RB0322O\"\n              ]\n            },\n            {\n              \"or\": [\n                \"UYO7\",\n                {\n                  \"pattern\": \"JPY943\",\n                  \"info\": \"'KMU;+zQ\"\n                },\n                {\n                  \"and\": [\n                    \"JKY*5D\",\n                    \"HZK671\"\n                  ]\n                },\n                \"VLV2x94\",\n                {\n                  \"and\": [\n                    \"DLR0x0\",\n                    \"UQ828\"\n                  ]\n                }\n              ]\n            }\n          ]\n        },\n        \"TWQ483xA\",\n        {\n          \"and\": [\n            {\n              \"and\": [\n                {\n                  \"and\": [\n                    \"NB783xU\",\n                    {\n                      \"or\": []\n                    }\n                  ]\n                },\n                \"EROx516\",\n                \"GD8\",\n                \"HZx64\"\n              ]\n            },\n            {\n              \"or\": [\n                \"LQ7*17\"\n              ]\n            }\n          ]\n        }\n      ],\n      \"url\": \"https://9.7.3l-lr4sbl38nlr49h-03azx3dkdyo08b05ldoub9-d.n5uufof988m.hlkq//Q/,//J;C,;=,d7=/C8/Tqp/cdMeyg/7IUHQ:x%F0%AE%B4%BAl\",\n      \"info\": \"$~\",\n      \"isSelectable\": true,\n      \"j\\\\AYO:2V[s\": {\n        \"name\": \"\",\n        \"ay\": 1950,\n        \"assign\": \"n~\",\n        \"match\": \"JO9\",\n        \"satisfy\": {\n          \"or\": [\n            {\n              \"and\": [\n                \"{h'PO\",\n                {\n                  \"mc\": \">=84\"\n                },\n                \"_U *V \"\n              ]\n            },\n            {\n              \"mc\": \">=198\"\n            },\n            {\n              \"or\": [\n                {\n                  \"and\": [\n                    \"CUQ\",\n                    \"!<%TXXR7\",\n                    \"N+A9~v3\",\n                    {\n                      \"and\": [\n                        \"m\\\\)np\\\"E}~A\"\n                      ]\n                    }\n                  ]\n                },\n                {\n                  \"mc\": \">=193\"\n                },\n                \"6Vhqj\"\n              ]\n            },\n            {\n              \"or\": [\n                \"2X&JbAPd\\\"q\",\n                \"QIA6t-?E\",\n                {\n                  \"mc\": \">=34\"\n                },\n                {\n                  \"and\": [\n                    \"dUD4eN5xc\",\n                    {\n                      \"mc\": \">=117\"\n                    },\n                    {\n                      \"or\": [\n                        \",2/wYh&zR1\",\n                        {\n                          \"and\": [\n                            \"LGKT|3<\",\n                            {\n                              \"or\": []\n                            },\n                            \";@v,T`Vdv>\"\n                          ]\n                        }\n                      ]\n                    },\n                    {\n                      \"mc\": \">=53\"\n                    },\n                    \"$LZ\\\\KpXA\"\n                  ]\n                }\n              ]\n            },\n            \"Rc\"\n          ]\n        },\n        \"info\": \"/\",\n        \"isSelectable\": true\n      },\n      \"Z,$.~@\": {\n        \"name\": \"+&\\\"\",\n        \"ay\": 2025,\n        \"assign\": [\n          \"A\"\n        ],\n        \"match\": [\n          {\n            \"and\": [\n              {\n                \"and\": [\n                  {\n                    \"or\": [\n                      \"ZJE29\",\n                      {\n                        \"and\": [\n                          \"DY38\"\n                        ]\n                      },\n                      {\n                        \"or\": [\n                          \"WAx551I\"\n                        ]\n                      }\n                    ]\n                  },\n                  {\n                    \"or\": [\n                      \"TRO83S\",\n                      \"NSZ4829\"\n                    ]\n                  }\n                ]\n              }\n            ]\n          }\n        ],\n        \"url\": \"http://fuvswf2j9g43fno6jaqxjhtwqaglzpncwb3g2k8h2dj0bzr6oamg7fmbumbiu4p.mrnxotdck/(9yJYKJkH/aG/m)*a63\",\n        \"isSelectable\": true\n      },\n      \"x-\": {\n        \"name\": \"m}\",\n        \"ay\": 1950,\n        \"assign\": [\n          \"nD'J==7[\"\n        ],\n        \"match\": [\n          {\n            \"or\": []\n          },\n          \"LMD3198\",\n          {\n            \"or\": []\n          }\n        ],\n        \"satisfy\": \"A2Li$\",\n        \"info\": \") ,k<clA(\",\n        \"isSelectable\": true\n      },\n      \"?IM';t- \": {\n        \"name\": \"a~3>x\",\n        \"ay\": 1950,\n        \"assign\": [\n          \"}o\",\n          \",w\"\n        ],\n        \"match\": [\n          {\n            \"pattern\": \"ACL5358\",\n            \"info\": \"!Hmo{N/\"\n          },\n          {\n            \"and\": [\n              {\n                \"or\": [\n                  \"GX38\",\n                  {\n                    \"and\": [\n                      \"ITT27*\",\n                      {\n                        \"or\": []\n                      },\n                      \"KW68xO\"\n                    ]\n                  }\n                ]\n              },\n              {\n                \"pattern\": \"MF47*E\",\n                \"exclude\": [\n                  \"HN7x2\",\n                  \"EELxT\"\n                ],\n                \"info\": \"\"\n              },\n              \"PFJ0062\",\n              {\n                \"pattern\": \"MRW0262C\",\n                \"exclude\": [\n                  \"GQ62C\",\n                  \"JDDx785\",\n                  \"YEQ0*3\",\n                  \"FPS5461X\"\n                ],\n                \"info\": \"!Rp\"\n              }\n            ]\n          },\n          \"RS0\"\n        ],\n        \"satisfy\": [\n          \"9{+!{$B&$:\"\n        ],\n        \"url\": \"http://do8nfd35f0b5p17796dzd.7d-4besjc-h.zbecz/CNOB+/bf(nXI/kF*!p/l/yHE!maXa,)\",\n        \"info\": \"&\",\n        \"isSelectable\": true\n      }\n    }\n  },\n  {\n    \"title\": \"block sample 5\",\n    \"value\": {\n      \"ay\": 1953,\n      \"match\": [\n        {\n          \"and\": [\n            \"OP08\"\n          ]\n        },\n        {\n          \"and\": []\n        }\n      ],\n      \"satisfy\": \")76\",\n      \"url\": \"https://uy3sgx5oed08nsi604w.pmfqjvgpjxj0uxyk8duuf8vev5uy6yq9bjkun89uiw11dhz27.xanrx0bjm427.4.5upbqk6vgbnbezy5kltqkcahnbes30t5xa36wf1yj1z399lz4-ax.ieandiwdz/,/\",\n      \"info\": \"PLgMd$2R)\",\n      \"isSelectable\": true,\n      \"AX#go\": {\n        \"name\": \"y=0!Hx\",\n        \"ay\": 1963,\n        \"assign\": \"g3\",\n        \"match\": {\n          \"and\": [\n            {\n              \"pattern\": \"WA546*\",\n              \"exclude\": \"EA724I\",\n              \"info\": \"\"\n            },\n            {\n              \"pattern\": \"PW98\",\n              \"exclude\": [\n                \"RBR799\",\n                \"GSVxZ\",\n                \"BNR030xB\",\n                \"RD*94G\"\n              ]\n            },\n            {\n              \"and\": [\n                \"UBI*475K\",\n                {\n                  \"or\": [\n                    {\n                      \"or\": [\n                        \"VLV6J\",\n                        {\n                          \"and\": [\n                            \"BUD255K\",\n                            \"TYF352\"\n                          ]\n                        },\n                        {\n                          \"pattern\": \"XA*117\",\n                          \"exclude\": \"PO1N\",\n                          \"info\": \"|(=y\"\n                        },\n                        \"IM68U\",\n                        \"CYC6852\"\n                      ]\n                    },\n                    \"CO513U\",\n                    \"OUK7468Q\",\n                    {\n                      \"or\": [\n                        \"SZM86\",\n                        \"GSD434\",\n                        \"QGJ69x6K\",\n                        \"WP*2x6\",\n                        \"BEx*9\"\n                      ]\n                    }\n                  ]\n                }\n              ]\n            }\n          ]\n        },\n        \"url\": \"https://my-8uu4-g.u2tz0gjj712zs78zpk.bdslt-atpe148zo6zaqnx85k1jlr025n9tarwdy.lzexdiwla/NoIAG*QKhg/t&7j/N\",\n        \"info\": \"\",\n        \"isSelectable\": true\n      },\n      \"t%]~f$#\": {\n        \"name\": \"\",\n        \"ay\": 2021,\n        \"assign\": \"|P46Oe!\",\n        \"match\": [\n          {\n            \"or\": [\n              \"SRI6446L\",\n              \"XSx13N\"\n            ]\n          },\n          {\n            \"or\": [\n              {\n                \"and\": [\n                  \"DZT304A\"\n                ]\n              },\n              {\n                \"pattern\": \"WAJ2X\",\n                \"exclude\": [\n                  \"UQ3N\",\n                  \"JXZ90x\"\n                ],\n                \"info\": \"gKIiWB`\"\n              },\n              {\n                \"or\": [\n                  \"UTG43\",\n                  {\n                    \"pattern\": \"RY3025\",\n                    \"exclude\": [\n                      \"SBF4S\",\n                      \"YDH*044\",\n                      \"OUx43\",\n                      \"WP3881\",\n                      \"BCD37\"\n                    ]\n                  },\n                  {\n                    \"pattern\": \"HV419E\",\n                    \"exclude\": \"PUB72\",\n                    \"info\": \"q O\"\n                  }\n                ]\n              },\n              {\n                \"pattern\": \"YD2*9U\",\n                \"exclude\": [\n                  \"HST*\",\n                  \"GB9\",\n                  \"XW277x\"\n                ],\n                \"info\": \"02\"\n              },\n              {\n                \"pattern\": \"UBY282X\",\n                \"exclude\": \"SQG205N\",\n                \"info\": \"W||gf\"\n              }\n            ]\n          },\n          \"YKV2x\",\n          {\n            \"and\": [\n              \"WXI8043Q\",\n              {\n                \"pattern\": \"YRK42\",\n                \"exclude\": [\n                  \"IKD8N\",\n                  \"KOJ1xxA\",\n                  \"VEW2366\",\n                  \"ETT95\"\n                ],\n                \"info\": \"_%\"\n              }\n            ]\n          },\n          \"XYR*1U\"\n        ],\n        \"satisfy\": {\n          \"and\": [\n            \"OAcLOqE(_]\"\n          ]\n        },\n        \"url\": \"https://z4hyb.dedefcb.wgye\",\n        \"info\": \"\",\n        \"isSelectable\": true\n      },\n      \">$\": {\n        \"name\": \"7\",\n        \"ay\": 1961,\n        \"assign\": [\n          \"_)f=q\",\n          \"dF\\\"! !#=!X\"\n        ],\n        \"match\": {\n          \"and\": [\n            \"PTx5\"\n          ]\n        },\n        \"satisfy\": [\n          {\n            \"and\": []\n          }\n        ],\n        \"url\": \"http://gxuzghgq09fturj-mt3yoh3xv1farx8jdx5ws.9nj1gbpw39cxdpe7qcydz9lih5vvajlmtgifuswfvw.9y3fuw438g6s75j4egdhn0ed7pak0ncqe94xfdbajjm0ouwvo38ps6shjwl.k.hx/=3+a@A//+u/Ty/MF!7NC(3K/%F0%AE%A1%BBS.%F1%AB%B4%B0/BHJiH%F2%89%89%82Pdj/~E\",\n        \"isSelectable\": true,\n        \":;TIbh\": {\n          \"name\": \"y 59\",\n          \"ay\": 1960,\n          \"assign\": [\n            \"z<IoxMOd\",\n            \"rReDbf1d\",\n            \">?\",\n            \"Hi/+T<=B\"\n          ],\n          \"match\": {\n            \"and\": [\n              {\n                \"pattern\": \"EM3Q\",\n                \"exclude\": \"OZT63x2I\"\n              },\n              {\n                \"pattern\": \"ZDZx**\",\n                \"exclude\": [\n                  \"WVG79\",\n                  \"TKQ38\",\n                  \"BN51\",\n                  \"TFx5G\",\n                  \"BJ7\"\n                ],\n                \"info\": \":=L/:,pA*R\"\n              },\n              {\n                \"or\": []\n              },\n              {\n                \"and\": [\n                  {\n                    \"or\": [\n                      \"QA65\",\n                      \"QTQ41\"\n                    ]\n                  },\n                  \"UH24F\",\n                  {\n                    \"pattern\": \"MP6G\",\n                    \"exclude\": [\n                      \"ZM71L\",\n                      \"GYH0761\",\n                      \"PJG471\"\n                    ]\n                  },\n                  \"BRO731C\",\n                  \"PAM4648Q\"\n                ]\n              },\n              {\n                \"and\": [\n                  {\n                    \"or\": [\n                      {\n                        \"pattern\": \"FA651C\",\n                        \"exclude\": \"GH8880\",\n                        \"info\": \":=.Y~l\"\n                      },\n                      {\n                        \"and\": [\n                          \"QFI792\",\n                          \"EJB76A\",\n                          \"MQ589W\"\n                        ]\n                      },\n                      \"VW6T\",\n                      {\n                        \"pattern\": \"EIK*9*x\",\n                        \"exclude\": [],\n                        \"info\": \"m!M5+\"\n                      }\n                    ]\n                  }\n                ]\n              }\n            ]\n          },\n          \"url\": \"https://sxchjsdahsdjw51mlf0hn0s2d1ftohjc3lafenyrb87s9x4e864a1jawwybscl.w.beclew/9yTC%F0%BC%BC%81o%F0%94%8D%8B/X\",\n          \"info\": \"LJ=s$?\",\n          \"isSelectable\": true\n        },\n        \".a:\": {\n          \"name\": \"d@F:M}c\\\\5G\",\n          \"ay\": 1983,\n          \"assign\": \"3RQ$cX=B)A\",\n          \"match\": [\n            {\n              \"or\": [\n                {\n                  \"or\": []\n                },\n                \"JRN39I\",\n                {\n                  \"and\": [\n                    \"LYxR\"\n                  ]\n                },\n                {\n                  \"or\": [\n                    \"SPH3B\",\n                    \"KTT42x\"\n                  ]\n                }\n              ]\n            }\n          ],\n          \"satisfy\": [\n            {\n              \"and\": [\n                {\n                  \"or\": [\n                    {\n                      \"and\": [\n                        \"|WoJ`lHpT\",\n                        {\n                          \"or\": []\n                        },\n                        \"X^{/_HW\",\n                        {\n                          \"mc\": \"<=5\"\n                        },\n                        \"_;)rE\"\n                      ]\n                    },\n                    \"Uzjj\"\n                  ]\n                },\n                {\n                  \"mc\": \"<=155\"\n                }\n              ]\n            },\n            {\n              \"mc\": \">=197\"\n            },\n            {\n              \"or\": [\n                {\n                  \"and\": [\n                    \"gKin_t8B9S\",\n                    \"\",\n                    {\n                      \"and\": [\n                        {\n                          \"and\": [\n                            \"g\",\n                            \"oD\"\n                          ]\n                        }\n                      ]\n                    },\n                    {\n                      \"or\": [\n                        \"^G@>Br^Q\",\n                        {\n                          \"and\": [\n                            {\n                              \"or\": [\n                                \"a6%QM,U:~D\",\n                                \"`\",\n                                {\n                                  \"and\": [\n                                    \"Ih\"\n                                  ]\n                                },\n                                \"/UJKPr\",\n                                \"YVOp[\"\n                              ]\n                            },\n                            {\n                              \"and\": [\n                                \"f 'Fu\",\n                                \"h>4hg9ZO@\",\n                                \"~6$axv}0W3\",\n                                {\n                                  \"or\": []\n                                }\n                              ]\n                            }\n                          ]\n                        }\n                      ]\n                    },\n                    {\n                      \"or\": [\n                        \"RxG%\"\n                      ]\n                    }\n                  ]\n                }\n              ]\n            },\n            {\n              \"or\": [\n                {\n                  \"mc\": \"<=163\"\n                },\n                {\n                  \"or\": [\n                    {\n                      \"or\": [\n                        {\n                          \"or\": [\n                            \"9G;5!p~Uu\",\n                            {\n                              \"or\": [\n                                \"[sQ\",\n                                \"mQX\",\n                                \"-[HP\\\\MX!j\",\n                                \"J-ZKv]Eh)\"\n                              ]\n                            },\n                            {\n                              \"and\": [\n                                {\n                                  \"mc\": \"<=143\"\n                                },\n                                \"2\"\n                              ]\n                            },\n                            \"P\",\n                            \"gN8\"\n                          ]\n                        },\n                        \"\\\\6_\",\n                        \"pTI1Kl\",\n                        {\n                          \"or\": [\n                            \"9b4sb\",\n                            \"ec7Z(ml\",\n                            \"{`t8Xt$k/%\",\n                            \"M@K^<Vj[Y-\"\n                          ]\n                        },\n                        {\n                          \"or\": [\n                            \"jl`[\",\n                            \"<W-\",\n                            \"3n5\",\n                            {\n                              \"and\": [\n                                \"s\\\\m1E&\",\n                                \"|]\",\n                                \"6~^v^FiK\",\n                                \"\\\\Pb[&[,)OC\"\n                              ]\n                            },\n                            \"%nq\"\n                          ]\n                        }\n                      ]\n                    }\n                  ]\n                },\n                {\n                  \"and\": [\n                    {\n                      \"mc\": \">=7\"\n                    },\n                    {\n                      \"mc\": \"<=139\"\n                    },\n                    {\n                      \"mc\": \">=154\"\n                    },\n                    \"]+9&$_Cm>j\",\n                    {\n                      \"or\": [\n                        \"\\\\@\",\n                        {\n                          \"or\": [\n                            \"EbgD}?\",\n                            {\n                              \"and\": []\n                            },\n                            \"SBorOL\"\n                          ]\n                        },\n                        \"\"\n                      ]\n                    }\n                  ]\n                },\n                {\n                  \"or\": [\n                    \"C1`1\",\n                    \"l}99\",\n                    \"`v|\",\n                    \"t`Qm[K5Qf\"\n                  ]\n                },\n                {\n                  \"and\": [\n                    {\n                      \"mc\": \"<=169\"\n                    }\n                  ]\n                }\n              ]\n            }\n          ],\n          \"url\": \"https://5de.z6ry.zjsw4hvkc24wbe3piub71bwoe5riixubvpf3j3yn076n7soqjtm.18ioi-j1jfokltrnwdpm90qrvtwzst6fscfm738yoj6zjjf3jmscm8ki2egqo.uvmuxkba/2XwCzso'/f1__~_2%EA%B3%B9/i+8c.$D9/*D0WGla/zOTgeX/ikO,,Q/%F1%BB%86%B4Fe8Ou~7%F1%9B%8C%90\",\n          \"info\": \"vZp;!aM%\",\n          \"isSelectable\": true\n        },\n        \"\": {\n          \"name\": \"UC>%iI6W5\",\n          \"ay\": 2013,\n          \"assign\": \"/JU[\",\n          \"match\": [\n            \"MS3*52\",\n            {\n              \"pattern\": \"EPx5\",\n              \"exclude\": []\n            },\n            {\n              \"and\": [\n                \"VFV*x81\",\n                {\n                  \"pattern\": \"VOP17D\",\n                  \"exclude\": [\n                    \"SPE470F\",\n                    \"KN6443U\",\n                    \"NW71J\"\n                  ],\n                  \"info\": \"9l#GPAB\"\n                }\n              ]\n            },\n            {\n              \"or\": []\n            }\n          ],\n          \"satisfy\": [\n            {\n              \"or\": [\n                {\n                  \"mc\": \">=118\"\n                }\n              ]\n            },\n            {\n              \"mc\": \"<=48\"\n            },\n            \"=pR5g$\",\n            {\n              \"or\": [\n                {\n                  \"or\": [\n                    {\n                      \"mc\": \"<=174\"\n                    },\n                    \"uC{$lm0B*\",\n                    {\n                      \"or\": [\n                        \"So\",\n                        \"u'F7NW\",\n                        \"v(!\"\n                      ]\n                    },\n                    {\n                      \"and\": []\n                    },\n                    {\n                      \"or\": [\n                        {\n                          \"and\": [\n                            \"$/qJ0U8Qc%\"\n                          ]\n                        },\n                        \"sIKW(X;Kk3\"\n                      ]\n                    }\n                  ]\n                },\n                \"-nc@X~U\"\n              ]\n            }\n          ],\n          \"url\": \"https://v4jcxl2dyn1nn9kswqtvsqv7mzeaq-mru2zwry1czchpxkpxdi.lyczpgfzp6zmk0ev0wztkvd6w6sixs3ck.xx9jtfgv2go.58abh0kirbwxzk35qoqm5h6uc076jlxvt9tdaf68azs-5p5-j6tjcm9oraad2.rb1aqgcbbtofl3o3qwcah5bsqlx13ihg8u97b8rk.uasotpv\",\n          \"info\": \"&wRw-; \"\n        },\n        \"thH\": {\n          \"name\": \"9)\",\n          \"ay\": 2003,\n          \"assign\": [\n            \"G[\",\n            \"|A!VA-u'\",\n            \"2zbP/SH\",\n            \"E6:h +o\",\n            \"6\"\n          ],\n          \"match\": [\n            \"IZ998\",\n            {\n              \"or\": [\n                {\n                  \"and\": []\n                },\n                {\n                  \"or\": [\n                    \"ZXN9\"\n                  ]\n                },\n                {\n                  \"and\": []\n                },\n                {\n                  \"pattern\": \"AJY337\",\n                  \"exclude\": \"EH8908Y\",\n                  \"info\": \"%~gb\"\n                },\n                {\n                  \"pattern\": \"VN013\",\n                  \"exclude\": [],\n                  \"info\": \"y7pnx8dMTa\"\n                }\n              ]\n            },\n            {\n              \"and\": [\n                {\n                  \"pattern\": \"ZA15\",\n                  \"exclude\": \"TAI5\",\n                  \"info\": \"9q9o|_+5\\\">\"\n                },\n                {\n                  \"and\": [\n                    \"MVH2\",\n                    \"LYF35E\",\n                    \"HUE45C\",\n                    {\n                      \"or\": [\n                        \"AJ920*\"\n                      ]\n                    },\n                    {\n                      \"and\": [\n                        \"VU075x\",\n                        \"XSNx181\"\n                      ]\n                    }\n                  ]\n                },\n                {\n                  \"or\": [\n                    {\n                      \"pattern\": \"OPx69W\",\n                      \"exclude\": \"QK849M\"\n                    }\n                  ]\n                },\n                {\n                  \"or\": [\n                    \"ZW35T\",\n                    \"OJO44I\"\n                  ]\n                }\n              ]\n            },\n            {\n              \"and\": []\n            },\n            {\n              \"pattern\": \"ULW6\"\n            }\n          ],\n          \"satisfy\": [\n            {\n              \"and\": [\n                \"|SCp|)\",\n                \"s}'v#b19oD\",\n                \"$B\\\"Ka\",\n                {\n                  \"and\": [\n                    \"WGJwaxqJo}\",\n                    \"]o$&d3\"\n                  ]\n                }\n              ]\n            },\n            {\n              \"mc\": \"<=89\"\n            }\n          ],\n          \"url\": \"http://e.1fsqnlkhx7aw778ev2o1m7goxeho1xs8bpez30u52pywbg.di/k!PUjk:\",\n          \"info\": \"[s'R6-g:S1\"\n        }\n      },\n      \"!O\": {\n        \"name\": \"c\\\"z\",\n        \"ay\": 1964,\n        \"match\": [\n          \"MM41C\",\n          \"IM17J\",\n          {\n            \"pattern\": \"MB23\",\n            \"exclude\": [\n              \"JL095Q\",\n              \"DY965M\",\n              \"QM4104A\",\n              \"FWK1637W\",\n              \"MC*160K\"\n            ],\n            \"info\": \"p2+)G!5jF\"\n          },\n          {\n            \"or\": [\n              \"UGYx08K\",\n              {\n                \"or\": [\n                  {\n                    \"or\": [\n                      \"NA19x3K\",\n                      {\n                        \"and\": []\n                      }\n                    ]\n                  }\n                ]\n              },\n              \"EZ9\"\n            ]\n          },\n          {\n            \"pattern\": \"YAM6P\",\n            \"exclude\": \"YWU2006\",\n            \"info\": \"{Rz&2W\"\n          }\n        ],\n        \"url\": \"https://9mojamcf58zekk3-r.1.wufcj-7h0-gv167ootyxjrhk7beu.dbvolg/y2l8/GQ;IU//kEy/@D$(H/t;rKf71$/9O%F3%A8%BE%8DdZ/Sa/~=M/-b7\",\n        \"info\": \"\",\n        \"isSelectable\": true\n      },\n      \"+!\": {\n        \"name\": \"*a *z O_e'\",\n        \"ay\": 2027,\n        \"assign\": [\n          \"cX<@.z\"\n        ],\n        \"match\": {\n          \"and\": [\n            {\n              \"and\": []\n            },\n            \"AM40Y\"\n          ]\n        },\n        \"url\": \"http://9ha65o9xq.r7pt5nlu8gsf8ac-gpg83kfy07osxsrt4v0jac3ub40d6mjp-0e3p1ug346ctg5.8hjb5c.abqe/Ygp_lp;./%F1%BE%82%9Ew8,l/r/X!/-E\",\n        \"info\": \"CV3cRi#Y\",\n        \"isSelectable\": true,\n        \"!=~ %#z\": {\n          \"name\": \"Ud\",\n          \"ay\": 2027,\n          \"assign\": [\n            \"VrsY86-\",\n            \"\\\" \",\n            \"\\\\zDy.! M1\",\n            \"L1i\",\n            \"bfV'up2m\"\n          ],\n          \"match\": {\n            \"and\": [\n              {\n                \"and\": [\n                  {\n                    \"pattern\": \"NI7787\",\n                    \"exclude\": [\n                      \"MVD73O\",\n                      \"ET0704\",\n                      \"BRQ74\"\n                    ],\n                    \"info\": \"s\"\n                  },\n                  {\n                    \"and\": [\n                      \"ZGL77\",\n                      \"YH487*K\"\n                    ]\n                  },\n                  {\n                    \"or\": [\n                      {\n                        \"or\": []\n                      },\n                      \"EFV545Z\",\n                      \"FKI5\",\n                      \"QA31I\"\n                    ]\n                  },\n                  {\n                    \"or\": [\n                      \"DZM013I\",\n                      \"MEX7*3x\",\n                      {\n                        \"or\": [\n                          \"GTS4L\"\n                        ]\n                      },\n                      \"ZH302\",\n                      \"LCQ7G\"\n                    ]\n                  },\n                  \"PEY6797S\"\n                ]\n              },\n              {\n                \"pattern\": \"TBVx9*8\",\n                \"exclude\": \"DGF112N\",\n                \"info\": \"FkS~(iP;@0\"\n              }\n            ]\n          },\n          \"url\": \"https://r.tgzw5i2.kjz89xn15k1-j.ipomuckf//3Y/f\",\n          \"info\": \"0/<IYO7p}\",\n          \"isSelectable\": true,\n          \"OLnr!e<%^n\": {\n            \"name\": \"L~m^{$H $$\",\n            \"ay\": 2030,\n            \"assign\": \"}>!$7>%`>\",\n            \"satisfy\": {\n              \"or\": [\n                {\n                  \"mc\": \">=2\"\n                },\n                \"Yoc\"\n              ]\n            },\n            \"isSelectable\": true\n          }\n        }\n      }\n    }\n  },\n  {\n    \"title\": \"block sample 6\",\n    \"value\": {\n      \"name\": \"JN^BR}\",\n      \"ay\": 2011,\n      \"assign\": \"`\",\n      \"match\": \"OPW90\",\n      \"satisfy\": [\n        {\n          \"mc\": \"<=151\"\n        },\n        {\n          \"mc\": \"<=196\"\n        }\n      ],\n      \"url\": \"https://n9dyu.c98mtxibuzjl1fjt51a7zmu4d041mxa8f849tnq70fup2g6h2cuipvjcgn0epg.h8caoeydox0i7brr1y3m2-8xh96.pqp\",\n      \"info\": \"R%&\",\n      \"isSelectable\": true,\n      \"}ho.?uI&\": {\n        \"name\": \"4('gb-=\",\n        \"ay\": 2002,\n        \"match\": {\n          \"or\": [\n            {\n              \"pattern\": \"MZW51\"\n            },\n            {\n              \"and\": [\n                {\n                  \"and\": [\n                    \"TU7x\",\n                    {\n                      \"and\": []\n                    },\n                    \"VG0Q\"\n                  ]\n                },\n                {\n                  \"pattern\": \"DST28*2\",\n                  \"exclude\": [\n                    \"PAB5*9\",\n                    \"UE20x5H\",\n                    \"DTI1688\",\n                    \"CI*414W\",\n                    \"ASV6192\"\n                  ],\n                  \"info\": \"\\\"Th\"\n                },\n                \"NHN205J\",\n                {\n                  \"pattern\": \"HV*61G\",\n                  \"exclude\": \"IE*8W\",\n                  \"info\": \"jJsxi$g\"\n                },\n                {\n                  \"pattern\": \"LBK3K\",\n                  \"exclude\": [\n                    \"DQ2x6A\",\n                    \"QLF3Z\",\n                    \"SQ10*4\"\n                  ],\n                  \"info\": \"\\\"v/hV\"\n                }\n              ]\n            },\n            {\n              \"and\": [\n                {\n                  \"or\": [\n                    \"SGBx\",\n                    \"GRY*7\",\n                    \"VU734\"\n                  ]\n                },\n                \"TZWx\",\n                {\n                  \"pattern\": \"RLTx3**\",\n                  \"info\": \"\\\\b:<jqT}\"\n                },\n                {\n                  \"or\": [\n                    {\n                      \"and\": [\n                        \"JHS627\",\n                        \"ZZP849\",\n                        \"YH72xO\",\n                        \"LJ4443H\"\n                      ]\n                    },\n                    {\n                      \"and\": [\n                        {\n                          \"pattern\": \"XXR88\",\n                          \"exclude\": \"SAE404\",\n                          \"info\": \"A&\"\n                        },\n                        {\n                          \"or\": [\n                            \"LGx628\",\n                            \"DLN66\",\n                            {\n                              \"and\": [\n                                \"YOM0W\",\n                                \"EJT6743X\"\n                              ]\n                            }\n                          ]\n                        }\n                      ]\n                    },\n                    \"RYH89R\"\n                  ]\n                }\n              ]\n            }\n          ]\n        },\n        \"url\": \"http://g.wlqtcbnxrtetj2vpiz7.juj-tw-7w8c441wfv5mpn-9xbvsyief35kvdi7aqs0y.aqysjrmop\",\n        \"isSelectable\": true\n      },\n      \"z0ImsD2.\": {\n        \"name\": \"T:8\\\\@F)F\",\n        \"ay\": 1965,\n        \"assign\": [\n          \"Tj{g\",\n          \"|4I=NuVc\",\n          \"pb~(znxVO\",\n          \"B+9^\"\n        ],\n        \"match\": [\n          {\n            \"or\": []\n          }\n        ],\n        \"satisfy\": \"1Y\",\n        \"info\": \"ISy3\",\n        \"isSelectable\": true\n      }\n    }\n  },\n  {\n    \"title\": \"block sample 7\",\n    \"value\": {\n      \"name\": \"|\",\n      \"ay\": 2004,\n      \"assign\": \"n\",\n      \"match\": [\n        \"NDM11K\"\n      ],\n      \"satisfy\": [\n        {\n          \"or\": [\n            \")6P*n]->}9\"\n          ]\n        },\n        {\n          \"and\": [\n            {\n              \"or\": [\n                {\n                  \"and\": []\n                },\n                {\n                  \"mc\": \">=172\"\n                },\n                {\n                  \"or\": []\n                },\n                \"?*F\"\n              ]\n            },\n            {\n              \"and\": [\n                \"y\",\n                {\n                  \"and\": [\n                    {\n                      \"mc\": \"<=72\"\n                    },\n                    \"w>Qk1\",\n                    \"cdtka\"\n                  ]\n                },\n                {\n                  \"or\": [\n                    {\n                      \"mc\": \">=24\"\n                    },\n                    \"F'\\\\\",\n                    \"-\"\n                  ]\n                },\n                \"r6QqO\",\n                {\n                  \"and\": [\n                    {\n                      \"or\": [\n                        {\n                          \"mc\": \">=40\"\n                        }\n                      ]\n                    },\n                    \"tUp*p~Vr\",\n                    {\n                      \"mc\": \"<=53\"\n                    }\n                  ]\n                }\n              ]\n            },\n            {\n              \"or\": [\n                \">w Va;]fa\",\n                \"mhk};[b|$3\",\n                {\n                  \"and\": [\n                    {\n                      \"mc\": \"<=108\"\n                    },\n                    \"WMM?_C\",\n                    \"DFzd[\",\n                    \"\\\"m\"\n                  ]\n                },\n                {\n                  \"mc\": \"<=128\"\n                }\n              ]\n            },\n            {\n              \"mc\": \">=152\"\n            },\n            {\n              \"and\": []\n            }\n          ]\n        }\n      ],\n      \"url\": \"http://4de8hcccbar-dcf633qmcn76byqbs6avfevdcb.7fclpijdp9d9518r97glos9ns9pdys6d5g603fnlo5e.bjpl09mzdp0z468j6bz4et-o6kcv3.du5ku65npwthd1uwswp01c35.uha/l:@/2a%F2%8B%A9%B4h2ozB7/U/c/AJ1:K/NfHR/C7.H%F3%83%B9%85ENP7/Wm33)a\",\n      \"info\": \"lVlf_3\",\n      \"isSelectable\": true\n    }\n  },\n  {\n    \"title\": \"block sample 8\",\n    \"value\": {\n      \"name\": \"~\",\n      \"ay\": 1966,\n      \"assign\": [\n        \"UTMtveu\",\n        \"kq+#Ka\"\n      ],\n      \"match\": {\n        \"pattern\": \"JP2x6\",\n        \"info\": \"v :\"\n      },\n      \"satisfy\": {\n        \"or\": []\n      },\n      \"url\": \"https://cgw.vx/vShlET$%F1%99%8F%89\",\n      \"info\": \"(\\\\\",\n      \"isSelectable\": true\n    }\n  },\n  {\n    \"title\": \"block sample 9\",\n    \"value\": {\n      \"ay\": 1952,\n      \"match\": [\n        \"UE24\",\n        {\n          \"pattern\": \"TX32\",\n          \"exclude\": \"DH0K\",\n          \"info\": \"a:\"\n        }\n      ],\n      \"satisfy\": [\n        \"UQ \",\n        {\n          \"mc\": \"<=178\"\n        }\n      ],\n      \"url\": \"https://sbu.r4l35bh-2y3r8o485u.y-zfv06ve7uv2wtz36gswzqtc61dtjhd-w7kq.dtfvzudprpwnu8ge5cyf6g14jp5h3asm5lx7-vm7s3on9dd5mog5.m0iypdht5g0q09n7bzvd0cu6evjdxrcr3k26o6kc6.jd/:fd/d/GP\",\n      \"info\": \"95$Y6Q\\\"&R\",\n      \"isSelectable\": true\n    }\n  }\n]",
[...]
              "err": {},
              "uuid": "3ac88e9b-e02e-4df4-94d5-c23700d9a4c2",
              "parentUUID": "9152093b-45cd-4298-a8fd-c6c8826b8bf4",
              "isHook": false,
              "skipped": false
            },
            {
              "title": "should truncate list of modules with upper bound of MCs at exact cutoff if total MC count is higher and there exists some starting sequence with exact MC count",
              "fullTitle": "inequalitySatisfier should truncate list of modules with upper bound of MCs at exact cutoff if total MC count is higher and there exists some starting sequence with exact MC count",
              "timedOut": false,
              "duration": 0,
              "state": "passed",
              "speed": "fast",
              "pass": true,
              "fail": false,
              "pending": false,
              "context": null,
              "code": "const satisfier = (0, satisfiers_1.inequalitySatisfier)(ref, \"<=16\");\nsatisfier.should.have.property(\"filter\");\nconst { filter } = satisfier;\nisCorrectFilter(filter, modulesList1, [\n    \"CS2100\",\n    \"GER1000\",\n    \"CS2040S\",\n    \"ST2131\",\n]);",
              "err": {},
              "uuid": "55c22905-1a04-43d7-8c26-7664afffef8c",
              "parentUUID": "9152093b-45cd-4298-a8fd-c6c8826b8bf4",
              "isHook": false,
              "skipped": false
            },
            {
              "title": "should truncate list of modules with upper bound of MCs, cutting off at the minimum starting sequence that exceeds upper bound, if total MC count is higher and there exists no starting sequence with exact MC count",
              "fullTitle": "inequalitySatisfier should truncate list of modules with upper bound of MCs, cutting off at the minimum starting sequence that exceeds upper bound, if total MC count is higher and there exists no starting sequence with exact MC count",
              "timedOut": false,
              "duration": 0,
              "state": "passed",
              "speed": "fast",
              "pass": true,
              "fail": false,
              "pending": false,
              "context": null,
              "code": "const satisfier = (0, satisfiers_1.inequalitySatisfier)(ref, \"<=17\");\nsatisfier.should.have.property(\"filter\");\nconst { filter } = satisfier;\nisCorrectFilter(filter, modulesList1, [\n    \"CS2100\",\n    \"GER1000\",\n    \"CS2040S\",\n    \"ST2131\",\n    \"MA1521\",\n]);",
              "err": {},
              "uuid": "c6fe2677-6ce8-4b0f-a6da-5c87b8bcd011",
              "parentUUID": "9152093b-45cd-4298-a8fd-c6c8826b8bf4",
              "isHook": false,
              "skipped": false
            }
          ],
          "suites": [],
          "passes": [
            "89736675-4c9c-41ee-befd-d4e7ccd01912",
            "2baa8aba-d0ed-491b-92d2-44ceb20c7435",
            "99881202-3f60-4c68-9ccb-f47b0c52a120",
            "e9d4717b-d66d-4f76-8999-4dc407f8e7e3",
            "3ac88e9b-e02e-4df4-94d5-c23700d9a4c2",
            "55c22905-1a04-43d7-8c26-7664afffef8c",
            "c6fe2677-6ce8-4b0f-a6da-5c87b8bcd011"
          ],
          "failures": [],
          "pending": [],
          "skipped": [],
          "duration": 2,
          "root": false,
          "rootEmpty": false,
          "_timeout": 2000
        },
        {
          "uuid": "525cc9aa-8976-4e53-a9f8-dcf01531aae1",
          "title": "inequalitySchema",
          "fullFile": "/home/runner/work/planwithus-lib/planwithus-lib/src/satisfyRule/inequality/schemas.test.ts",
          "file": "/src/satisfyRule/inequality/schemas.test.ts",
          "beforeHooks": [],
          "afterHooks": [],
          "tests": [
            {
              "title": "should validate inequality in the form <=n or >=n",
              "fullTitle": "inequalitySchema should validate inequality in the form <=n or >=n",
              "timedOut": false,
              "duration": 1,
              "state": "passed",
              "speed": "fast",
              "pass": true,
              "fail": false,
              "pending": false,
              "context": "[\n  {\n    \"title\": \"inequality sample 0\",\n    \"value\": \"<=154\"\n  },\n  {\n    \"title\": \"inequality sample 1\",\n    \"value\": \"<=92\"\n  },\n  {\n    \"title\": \"inequality sample 2\",\n    \"value\": \">=144\"\n  },\n  {\n    \"title\": \"inequality sample 3\",\n    \"value\": \"<=198\"\n  },\n  {\n    \"title\": \"inequality sample 4\",\n    \"value\": \">=194\"\n  },\n  {\n    \"title\": \"inequality sample 5\",\n    \"value\": \">=6\"\n  },\n  {\n    \"title\": \"inequality sample 6\",\n    \"value\": \"<=1\"\n  },\n  {\n    \"title\": \"inequality sample 7\",\n    \"value\": \"<=122\"\n  },\n  {\n    \"title\": \"inequality sample 8\",\n    \"value\": \"<=29\"\n  },\n  {\n    \"title\": \"inequality sample 9\",\n    \"value\": \">=137\"\n  }\n]",
              "code": "(0, fast_check_1.sample)(index_test_2.inequality, 10).forEach((sample, i) => (0, addContext_1.default)(this, {\n    title: `inequality sample ${i}`,\n    value: sample,\n}));\nreturn (0, fast_check_1.assert)((0, fast_check_1.property)(index_test_2.inequality, ajvValidate));",
              "err": {},
              "uuid": "1d441d9c-06e9-4c0c-8a80-461427fd8440",
              "parentUUID": "525cc9aa-8976-4e53-a9f8-dcf01531aae1",
              "isHook": false,
              "skipped": false
            },
            {
              "title": "should not validate inequality of invalid form",
              "fullTitle": "inequalitySchema should not validate inequality of invalid form",
              "timedOut": false,
              "duration": 2,
              "state": "passed",
              "speed": "fast",
              "pass": true,
              "fail": false,
              "pending": false,
              "context": null,
              "code": "[\n        \"\",\n        \"==23\",\n        \"23\",\n        \"<23\",\n        \">23\",\n        \"<=-1\",\n        \">=-1\",\n        \"<= 2\",\n        \">= 1\",\n        \"> 3\",\n        \"< 3\",\n        \"<=3a\",\n        \">=3a\",\n        \"a<=3\",\n        \"a>=3\",\n    ].forEach(isInvalidInequality)",
              "err": {},
              "uuid": "daf27f72-6105-4c91-af8a-851a84e080a2",
              "parentUUID": "525cc9aa-8976-4e53-a9f8-dcf01531aae1",
              "isHook": false,
              "skipped": false
            }
          ],
          "suites": [],
          "passes": [
            "1d441d9c-06e9-4c0c-8a80-461427fd8440",
            "daf27f72-6105-4c91-af8a-851a84e080a2"
          ],
          "failures": [],
          "pending": [],
          "skipped": [],
          "duration": 3,
          "root": false,
          "rootEmpty": false,
          "_timeout": 2000
        },
        {
          "uuid": "421dff8d-e62e-48fc-879b-cd72af940e0c",
          "title": "satisfyRuleSchema",
          "fullFile": "/home/runner/work/planwithus-lib/planwithus-lib/src/satisfyRule/schemas.test.ts",
          "file": "/src/satisfyRule/schemas.test.ts",
          "beforeHooks": [],
          "afterHooks": [],
          "tests": [
            {
              "title": "should validate satisfy rule with valid block id",
              "fullTitle": "satisfyRuleSchema should validate satisfy rule with valid block id",
              "timedOut": false,
              "duration": 1,
              "state": "passed",
              "speed": "fast",
              "pass": true,
              "fail": false,
              "pending": false,
              "context": null,
              "code": "0, fast_check_1.assert)((0, fast_check_1.property)((0, fast_check_1.string)(), ajvValidate)",
              "err": {},
              "uuid": "513f556c-1eee-4ef6-8b65-2dbc4b05a0bd",
              "parentUUID": "421dff8d-e62e-48fc-879b-cd72af940e0c",
              "isHook": false,
              "skipped": false
            },
            {
              "title": "should validate satisfy rules with valid mc",
              "fullTitle": "satisfyRuleSchema should validate satisfy rules with valid mc",
              "timedOut": false,
              "duration": 1,
              "state": "passed",
              "speed": "fast",
              "pass": true,
              "fail": false,
              "pending": false,
              "context": "[\n  {\n    \"title\": \"mcSatisfyRule sample 0\",\n    \"value\": {\n      \"mc\": \">=182\"\n    }\n  },\n  {\n    \"title\": \"mcSatisfyRule sample 1\",\n    \"value\": {\n      \"mc\": \"<=1\"\n    }\n  },\n  {\n    \"title\": \"mcSatisfyRule sample 2\",\n    \"value\": {\n      \"mc\": \"<=116\"\n    }\n  },\n  {\n    \"title\": \"mcSatisfyRule sample 3\",\n    \"value\": {\n      \"mc\": \">=8\"\n    }\n  },\n  {\n    \"title\": \"mcSatisfyRule sample 4\",\n    \"value\": {\n      \"mc\": \"<=8\"\n    }\n  },\n  {\n    \"title\": \"mcSatisfyRule sample 5\",\n    \"value\": {\n      \"mc\": \">=3\"\n    }\n  },\n  {\n    \"title\": \"mcSatisfyRule sample 6\",\n    \"value\": {\n      \"mc\": \">=116\"\n    }\n  },\n  {\n    \"title\": \"mcSatisfyRule sample 7\",\n    \"value\": {\n      \"mc\": \">=197\"\n    }\n  },\n  {\n    \"title\": \"mcSatisfyRule sample 8\",\n    \"value\": {\n      \"mc\": \">=23\"\n    }\n  },\n  {\n    \"title\": \"mcSatisfyRule sample 9\",\n    \"value\": {\n      \"mc\": \">=43\"\n    }\n  }\n]",
              "code": "(0, fast_check_1.sample)(index_test_2.mcSatisfyRule, 10).forEach((sample, i) => (0, addContext_1.default)(this, {\n    title: `mcSatisfyRule sample ${i}`,\n    value: sample,\n}));\nreturn (0, fast_check_1.assert)((0, fast_check_1.property)(index_test_2.mcSatisfyRule, ajvValidate));",
              "err": {},
              "uuid": "79c3adb0-57d1-43e3-a7dd-78d839ef0a26",
              "parentUUID": "421dff8d-e62e-48fc-879b-cd72af940e0c",
              "isHook": false,
              "skipped": false
            },
            {
              "title": "should validate valid recursive satisfy rules",
              "fullTitle": "satisfyRuleSchema should validate valid recursive satisfy rules",
              "timedOut": false,
              "duration": 3,
              "state": "passed",
              "speed": "fast",
              "pass": true,
              "fail": false,
              "pending": false,
              "context": "[\n  {\n    \"title\": \"satisfyRule sample 0\",\n    \"value\": \"~|{\"\n  },\n  {\n    \"title\": \"satisfyRule sample 1\",\n    \"value\": {\n      \"mc\": \">=162\"\n    }\n  },\n  {\n    \"title\": \"satisfyRule sample 2\",\n    \"value\": \"$C?|\"\n  },\n  {\n    \"title\": \"satisfyRule sample 3\",\n    \"value\": {\n      \"mc\": \"<=8\"\n    }\n  },\n  {\n    \"title\": \"satisfyRule sample 4\",\n    \"value\": {\n      \"or\": [\n        {\n          \"and\": [\n            \"\",\n            {\n              \"or\": [\n                \"0B\",\n                \"lP`\",\n                \"^GL\",\n                {\n                  \"mc\": \"<=178\"\n                },\n                {\n                  \"or\": []\n                }\n              ]\n            },\n            {\n              \"or\": []\n            }\n          ]\n        },\n        {\n          \"or\": [\n            \"WIe1YAEq\",\n            \"7~\",\n            {\n              \"or\": [\n                {\n                  \"and\": [\n                    {\n                      \"or\": [\n                        \"\",\n                        \"J#u$'o\",\n                        \"hA>Gtn^\"\n                      ]\n                    }\n                  ]\n                }\n              ]\n            },\n            {\n              \"or\": [\n                \"h9aG\",\n                \" \",\n                {\n                  \"and\": [\n                    \"$|9+tKE@s\",\n                    {\n                      \"mc\": \">=102\"\n                    },\n                    {\n                      \"mc\": \"<=98\"\n                    }\n                  ]\n                },\n                \"kyEEc\",\n                \"\"\n              ]\n            }\n          ]\n        }\n      ]\n    }\n  },\n  {\n    \"title\": \"satisfyRule sample 5\",\n    \"value\": {\n      \"or\": [\n        {\n          \"or\": [\n            {\n              \"mc\": \">=184\"\n            },\n            \"(V&k[^ \",\n            \"l%ic\",\n            \"2.JLi*\"\n          ]\n        }\n      ]\n    }\n  },\n  {\n    \"title\": \"satisfyRule sample 6\",\n    \"value\": {\n      \"mc\": \"<=196\"\n    }\n  },\n  {\n    \"title\": \"satisfyRule sample 7\",\n    \"value\": {\n      \"or\": [\n        {\n          \"or\": [\n            \"gwM'g>UD8\",\n            \"!rwgss^t%{\"\n          ]\n        }\n      ]\n    }\n  },\n  {\n    \"title\": \"satisfyRule sample 8\",\n    \"value\": {\n      \"mc\": \">=98\"\n    }\n  },\n  {\n    \"title\": \"satisfyRule sample 9\",\n    \"value\": {\n      \"mc\": \">=129\"\n    }\n  }\n]",
              "code": "(0, fast_check_1.sample)(index_test_2.satisfyRule, 10).forEach((sample, i) => (0, addContext_1.default)(this, {\n    title: `satisfyRule sample ${i}`,\n    value: sample,\n}));\nreturn (0, fast_check_1.assert)((0, fast_check_1.property)(index_test_2.satisfyRule, ajvValidate));",
              "err": {},
              "uuid": "219c92c4-2d93-4414-bb1c-2a1910150dfc",
              "parentUUID": "421dff8d-e62e-48fc-879b-cd72af940e0c",
              "isHook": false,
              "skipped": false
            },
            {
              "title": "should not validate non-string/object",
              "fullTitle": "satisfyRuleSchema should not validate non-string/object",
              "timedOut": false,
              "duration": 1,
              "state": "passed",
              "speed": "fast",
              "pass": true,
              "fail": false,
              "pending": false,
              "context": null,
              "code": "const error = {\n    instancePath: \"\",\n    message: \"satisfy rule should be either a string or an object\",\n};\nisInvalidRule(null, error);\nisInvalidRule(undefined, error);\nisInvalidRule(10, error);\nisInvalidRule([12, 24], error);",
              "err": {},
              "uuid": "7468a7a0-2fd9-4f7b-ab76-698f9dfa0021",
              "parentUUID": "421dff8d-e62e-48fc-879b-cd72af940e0c",
              "isHook": false,
              "skipped": false
            },
            {
              "title": "should not validate satisfy rules with extra properties",
              "fullTitle": "satisfyRuleSchema should not validate satisfy rules with extra properties",
              "timedOut": false,
              "duration": 1,
              "state": "passed",
              "speed": "fast",
              "pass": true,
              "fail": false,
              "pending": false,
              "context": null,
              "code": "isInvalidRule({\n        and: [\n            { or: [\"2k\"], abc: \"def\" },\n            { mc: 8, ghi: \"jkl\" },\n        ],\n        mno: \"pqr\",\n    }, {\n        instancePath: \"/and/0\",\n        message: \"or satisfy rule should have property 'or' only\",\n    }, {\n        instancePath: \"/and/1\",\n        message: \"MC satisfy rule should have property 'mc' only\",\n    }, {\n        instancePath: \"\",\n        message: \"and satisfy rule should have property 'and' only\",\n    })",
              "err": {},
              "uuid": "a8dcd8c7-cc14-4444-a903-5c6ae85ac229",
              "parentUUID": "421dff8d-e62e-48fc-879b-cd72af940e0c",
              "isHook": false,
              "skipped": false
            },
            {
              "title": "should not validate ambiguous satisfy rules",
              "fullTitle": "satisfyRuleSchema should not validate ambiguous satisfy rules",
              "timedOut": false,
              "duration": 0,
              "state": "passed",
              "speed": "fast",
              "pass": true,
              "fail": false,
              "pending": false,
              "context": null,
              "code": "const message = \"satisfy rule should have only one of properties 'mc', 'and', 'or'\";\nisInvalidRule({\n    or: [\n        { mc: 5, and: [\"CS2040\"] },\n        { and: [{ and: [\"abc\"], or: [\"def\"] }] },\n    ],\n}, { instancePath: \"/or/0\", message }, { instancePath: \"/or/1/and/0\", message });",
              "err": {},
              "uuid": "7cfb9a00-d493-4812-8475-299ceab881f8",
              "parentUUID": "421dff8d-e62e-48fc-879b-cd72af940e0c",
              "isHook": false,
              "skipped": false
            },
            {
              "title": "should not validate and satisfy rules with non-array property",
              "fullTitle": "satisfyRuleSchema should not validate and satisfy rules with non-array property",
              "timedOut": false,
              "duration": 1,
              "state": "passed",
              "speed": "fast",
              "pass": true,
              "fail": false,
              "pending": false,
              "context": null,
              "code": "const message = \"property 'and' should be an array of satisfy rules\";\nisInvalidRule({ or: [{ and: {} }, { or: [{ and: 3 }] }] }, { instancePath: \"/or/0/and\", message }, { instancePath: \"/or/1/or/0/and\", message });",
              "err": {},
              "uuid": "95ccba1a-9291-4ecc-838e-12539caf2b3c",
              "parentUUID": "421dff8d-e62e-48fc-879b-cd72af940e0c",
              "isHook": false,
              "skipped": false
            },
            {
              "title": "should not validate or satisfy rules with non-array property",
              "fullTitle": "satisfyRuleSchema should not validate or satisfy rules with non-array property",
              "timedOut": false,
              "duration": 0,
              "state": "passed",
              "speed": "fast",
              "pass": true,
              "fail": false,
              "pending": false,
              "context": null,
              "code": "const message = \"property 'or' should be an array of satisfy rules\";\nisInvalidRule({ and: [{ or: {} }, { and: [{ or: 3 }] }] }, { instancePath: \"/and/0/or\", message }, { instancePath: \"/and/1/and/0/or\", message });",
              "err": {},
              "uuid": "3a92c51b-aef0-4eae-9301-cdb75c71fb73",
              "parentUUID": "421dff8d-e62e-48fc-879b-cd72af940e0c",
              "isHook": false,
              "skipped": false
            }
          ],
          "suites": [],
          "passes": [
            "513f556c-1eee-4ef6-8b65-2dbc4b05a0bd",
            "79c3adb0-57d1-43e3-a7dd-78d839ef0a26",
            "219c92c4-2d93-4414-bb1c-2a1910150dfc",
            "7468a7a0-2fd9-4f7b-ab76-698f9dfa0021",
            "a8dcd8c7-cc14-4444-a903-5c6ae85ac229",
            "7cfb9a00-d493-4812-8475-299ceab881f8",
            "95ccba1a-9291-4ecc-838e-12539caf2b3c",
            "3a92c51b-aef0-4eae-9301-cdb75c71fb73"
          ],
          "failures": [],
          "pending": [],
          "skipped": [],
          "duration": 8,
          "root": false,
          "rootEmpty": false,
          "_timeout": 2000
        }
      ],
      "passes": [],
      "failures": [],
      "pending": [],
      "skipped": [],
      "duration": 0,
      "root": true,
      "rootEmpty": true,
      "_timeout": 2000
    }
  ],
  "meta": {
    "mocha": {
      "version": "9.1.4"
    },
    "mochawesome": {
      "options": {
        "quiet": false,
        "reportFilename": "mochawesome",
        "saveHtml": true,
        "saveJson": true,
        "consoleReporter": "spec",
        "useInlineDiffs": false,
        "code": true
      },
      "version": "7.0.1"
    },
    "marge": {
      "options": {
        "reportDir": "docs"
      },
      "version": "6.0.1"
    }
  }
}