{
  "stats": {
    "suites": 6,
    "tests": 29,
    "passes": 29,
    "pending": 0,
    "failures": 0,
    "start": "2021-07-06T03:08:45.572Z",
    "end": "2021-07-06T03:08:45.867Z",
    "duration": 295,
    "testsRegistered": 29,
    "passPercent": 100,
    "pendingPercent": 0,
    "other": 0,
    "hasOther": false,
    "skipped": 0,
    "hasSkipped": false
  },
  "results": [
    {
      "uuid": "a3ad3375-2ece-4725-9bd0-ee6927503bf5",
      "title": "",
      "fullFile": "",
      "file": "",
      "beforeHooks": [],
      "afterHooks": [],
      "tests": [],
      "suites": [
        {
          "uuid": "03779796-4e0b-4e2c-9e61-bbc8aa0a89a6",
          "title": "initDirectories",
          "fullFile": "/home/runner/work/planwithus-lib/planwithus-lib/src/block/schemas.test.ts",
          "file": "/src/block/schemas.test.ts",
          "beforeHooks": [],
          "afterHooks": [],
          "tests": [
            {
              "title": "should parse all blocks with no errors",
              "fullTitle": "initDirectories should parse all blocks with no errors",
              "timedOut": false,
              "duration": 3,
              "state": "passed",
              "speed": "fast",
              "pass": true,
              "fail": false,
              "pending": false,
              "context": null,
              "code": "_1.initDirectories.should.not.throw()",
              "err": {},
              "uuid": "532a64bf-d9d3-4945-b630-ca8e260b5749",
              "parentUUID": "03779796-4e0b-4e2c-9e61-bbc8aa0a89a6",
              "isHook": false,
              "skipped": false
            },
            {
              "title": "should produce primary, second & minor directories",
              "fullTitle": "initDirectories should produce primary, second & minor directories",
              "timedOut": false,
              "duration": 52,
              "state": "passed",
              "speed": "medium",
              "pass": true,
              "fail": false,
              "pending": false,
              "context": null,
              "code": "const directories = await _1.initDirectories();\ndirectories.should.have.property(\"primary\");\ndirectories.should.have.property(\"second\");\ndirectories.should.have.property(\"minor\");",
              "err": {},
              "uuid": "1bb68227-262b-402c-b7c7-e132fa816ead",
              "parentUUID": "03779796-4e0b-4e2c-9e61-bbc8aa0a89a6",
              "isHook": false,
              "skipped": false
            }
          ],
          "suites": [],
          "passes": [
            "532a64bf-d9d3-4945-b630-ca8e260b5749",
            "1bb68227-262b-402c-b7c7-e132fa816ead"
          ],
          "failures": [],
          "pending": [],
          "skipped": [],
          "duration": 55,
          "root": false,
          "rootEmpty": false,
          "_timeout": 2000
        },
        {
          "uuid": "ac543692-bf1d-4ec6-8da9-52cad2c1b7b8",
          "title": "blockSchema",
          "fullFile": "/home/runner/work/planwithus-lib/planwithus-lib/src/block/schemas.test.ts",
          "file": "/src/block/schemas.test.ts",
          "beforeHooks": [],
          "afterHooks": [],
          "tests": [
            {
              "title": "should validate valid block",
              "fullTitle": "blockSchema should validate valid block",
              "timedOut": false,
              "duration": 173,
              "state": "passed",
              "speed": "slow",
              "pass": true,
              "fail": false,
              "pending": false,
              "context": "[\n  {\n    \"title\": \"block sample 0\",\n    \"value\": {\n      \"name\": \"<]JB4^l\",\n      \"ay\": 1953,\n      \"assign\": [\n        \"y8_O[{!|a\"\n      ],\n      \"match\": [\n        \"MGM74*\",\n        {\n          \"and\": [\n            \"XRC9x\",\n            {\n              \"pattern\": \"OL5x6\",\n              \"exclude\": \"CJV011Y\"\n            },\n            {\n              \"and\": [\n                \"XWA67\",\n                {\n                  \"or\": [\n                    \"AMT44xY\",\n                    \"RVD4204\",\n                    \"BG56xG\",\n                    {\n                      \"pattern\": \"FVX105X\",\n                      \"exclude\": \"QY7V\",\n                      \"info\": \"\"\n                    }\n                  ]\n                },\n                {\n                  \"or\": [\n                    \"JB515R\",\n                    \"IT8\",\n                    \"KR5Q\",\n                    \"XG84x5\"\n                  ]\n                },\n                \"NAU06\",\n                {\n                  \"pattern\": \"RN4R\",\n                  \"exclude\": \"QU8232D\",\n                  \"info\": \"h\"\n                }\n              ]\n            },\n            {\n              \"or\": []\n            }\n          ]\n        }\n      ],\n      \"satisfy\": [\n        {\n          \"mc\": \"<=99\"\n        },\n        {\n          \"and\": [\n            {\n              \"and\": [\n                \"|$6VO\",\n                {\n                  \"or\": [\n                    \"x&x8f(A&\"\n                  ]\n                },\n                {\n                  \"or\": [\n                    \"L~63a*+\",\n                    {\n                      \"mc\": \">=1\"\n                    },\n                    {\n                      \"or\": [\n                        \"'w\",\n                        {\n                          \"and\": [\n                            \"Uk5Iu`3P*\",\n                            \"\"\n                          ]\n                        },\n                        \"1,F<3\"\n                      ]\n                    },\n                    {\n                      \"or\": [\n                        \"y0\",\n                        \"5frDVm~bot\",\n                        \"\\\\\"\n                      ]\n                    },\n                    \"\"\n                  ]\n                }\n              ]\n            },\n            {\n              \"or\": [\n                \"\\\\BMWt,;pnO\",\n                \"1\"\n              ]\n            },\n            {\n              \"or\": [\n                {\n                  \"mc\": \">=11\"\n                },\n                \"\",\n                {\n                  \"mc\": \">=189\"\n                }\n              ]\n            },\n            {\n              \"and\": [\n                \"BosKqd4}~7\",\n                {\n                  \"mc\": \">=158\"\n                },\n                {\n                  \"mc\": \">=117\"\n                },\n                {\n                  \"mc\": \">=61\"\n                },\n                \"u,auD\"\n              ]\n            }\n          ]\n        },\n        {\n          \"or\": [\n            \"koC^!\"\n          ]\n        },\n        {\n          \"and\": [\n            {\n              \"and\": [\n                \"FdJA2uA9\",\n                {\n                  \"and\": [\n                    {\n                      \"mc\": \">=56\"\n                    }\n                  ]\n                }\n              ]\n            },\n            {\n              \"mc\": \"<=121\"\n            },\n            {\n              \"and\": []\n            },\n            {\n              \"mc\": \"<=184\"\n            }\n          ]\n        }\n      ],\n      \"url\": \"http://girgj6c-fa5fcxldg5ecif-eicygnkdzdf67d17nhbb.xbhpetqd/cUQM(!9sY!/iZjXWl_n=/T/kc5*UW/KdkQBA6T/%F0%B2%A0%8A:JC$V/(DEQ@.'/feF%F4%8F%80%BD7o'JlT\",\n      \"info\": \"ez}2U\"\n    }\n  },\n  {\n    \"title\": \"block sample 1\",\n    \"value\": {\n      \"name\": \"FENA?5O\",\n      \"ay\": 1979,\n      \"assign\": [],\n      \"satisfy\": [\n        \"5b$\",\n        {\n          \"mc\": \"<=7\"\n        }\n      ],\n      \"url\": \"https://q.caebd/I\",\n      \"info\": \"Y\"\n    }\n  },\n  {\n    \"title\": \"block sample 2\",\n    \"value\": {\n      \"assign\": \"$tC\",\n      \"match\": [\n        {\n          \"and\": []\n        }\n      ],\n      \"url\": \"http://j6ws70s5vux4hktczc5wjy6-qutflqutrbtzih9e4tvnb.3.z3a-2nm7gb5ktwc5iv.f8j0fh9ivj.z8m0lmimag6xptiz6amewagt1c8rvklv9zqpv9c75il-6692io.ihf/Wu-J/44/Zl/%F1%97%AF%BE7\",\n      \"info\": \"\",\n      \"|\\\"gC\": {\n        \"ay\": 1998,\n        \"assign\": [\n          \"_ )Bmp>\",\n          \"qZJ\\\\=-kdsD\",\n          \"To6z\",\n          \"- ,6\",\n          \"T[f8@Fk\\\\\"\n        ],\n        \"match\": [\n          {\n            \"pattern\": \"NR0W\",\n            \"exclude\": [\n              \"WC33H\"\n            ],\n            \"info\": \"S*/_n\"\n          },\n          {\n            \"or\": [\n              {\n                \"or\": []\n              },\n              {\n                \"pattern\": \"EI39\",\n                \"exclude\": [],\n                \"info\": \"LzOXP\"\n              },\n              {\n                \"pattern\": \"BGKx326Y\",\n                \"exclude\": \"PV23*0\",\n                \"info\": \":X<%o~ax\"\n              },\n              {\n                \"or\": [\n                  \"RNP87*xI\",\n                  \"FAD427D\",\n                  {\n                    \"pattern\": \"JFZx159\",\n                    \"exclude\": \"FWx3\",\n                    \"info\": \"\"\n                  }\n                ]\n              },\n              {\n                \"or\": [\n                  \"DXM8T\"\n                ]\n              }\n            ]\n          },\n          \"TT7*\"\n        ],\n        \"satisfy\": [\n          {\n            \"and\": [\n              {\n                \"and\": []\n              },\n              {\n                \"and\": [\n                  {\n                    \"mc\": \"<=77\"\n                  },\n                  {\n                    \"and\": [\n                      {\n                        \"or\": [\n                          \"<':y!D?\"\n                        ]\n                      },\n                      {\n                        \"and\": [\n                          \"(I_&Kpa0T>\",\n                          \"3^K3Y~z\",\n                          {\n                            \"mc\": \"<=176\"\n                          },\n                          \"3s/=-n^z_\",\n                          \"d!|S&RV1\"\n                        ]\n                      },\n                      {\n                        \"and\": [\n                          \"zpP\",\n                          \"d97PLc|R\",\n                          {\n                            \"and\": [\n                              \"K>VF]N.jvu\",\n                              \"-l-`I\"\n                            ]\n                          },\n                          {\n                            \"and\": [\n                              \"}_?vYK\\\"\",\n                              \"Q\",\n                              \"ww\"\n                            ]\n                          },\n                          {\n                            \"mc\": \"<=110\"\n                          }\n                        ]\n                      },\n                      {\n                        \"and\": []\n                      },\n                      \"jUh(M)\"\n                    ]\n                  },\n                  \"N5PY-}\"\n                ]\n              },\n              {\n                \"mc\": \">=129\"\n              },\n              {\n                \"and\": [\n                  \"B)Q\",\n                  {\n                    \"mc\": \">=188\"\n                  },\n                  \"kGgX4XyQ\",\n                  {\n                    \"mc\": \">=100\"\n                  }\n                ]\n              },\n              {\n                \"mc\": \"<=140\"\n              }\n            ]\n          },\n          {\n            \"or\": [\n              \"LSIUk17p!\",\n              {\n                \"mc\": \">=173\"\n              },\n              \"E{~A@X2k?\",\n              \"JXl9%?\"\n            ]\n          },\n          \"6?)6\"\n        ],\n        \"url\": \"http://lue2x6tb53o840b691etoprn9eie5ah7130a8oiyw-s-eqiwycn6bus.6wqxcacylh5k4whdjsaendpe9mz8g82t89.4dq3geay1-n1s6-pko23k9wvftmgiiu-3dou40l0x22guozy.2gf5nz3avep.c8v65gnmjtubl.zwp/%F2%8D%99%88%F2%BF%84%A1v7cAA/7_107%F1%A4%AA%BB/@m:c0/%F2%B5%86%BF_8z(%F2%90%81%86q.\",\n        \"info\": \"t\"\n      }\n    }\n  },\n  {\n    \"title\": \"block sample 3\",\n    \"value\": {\n      \"name\": \"xYAd'!p\",\n      \"assign\": \"0\",\n      \"match\": [\n        {\n          \"or\": [\n            {\n              \"and\": [\n                \"QL024\",\n                \"KN5*H\",\n                \"GL86\"\n              ]\n            },\n            {\n              \"or\": [\n                {\n                  \"or\": [\n                    {\n                      \"and\": [\n                        {\n                          \"and\": [\n                            \"IFO223O\",\n                            \"BL2\",\n                            \"GYK69\",\n                            \"DMD56\",\n                            \"XQ5\"\n                          ]\n                        },\n                        \"AXL92M\",\n                        \"BY15K\",\n                        \"ZV42\"\n                      ]\n                    },\n                    \"IJ0\",\n                    \"HN9P\"\n                  ]\n                },\n                \"JYU063C\",\n                \"RY9K\"\n              ]\n            }\n          ]\n        }\n      ],\n      \"url\": \"https://yguzcd5j9qt4bzdbflf5fo77xcwdhe7f--b6ah9c9d0e8.nijrefqp/%F4%8F%BF%BA_db%F0%A8%B6%A0QaS*/)n&/=p_\",\n      \"info\": \"tA^/Qlb6sm\",\n      \"Mz.>%qRGYF\": {\n        \"name\": \"8CuGAyB#-m\",\n        \"ay\": 1994,\n        \"assign\": \"R\",\n        \"match\": \"LT*E\",\n        \"satisfy\": {\n          \"and\": [\n            {\n              \"or\": [\n                {\n                  \"and\": [\n                    \"OBE*Vr\",\n                    {\n                      \"and\": [\n                        {\n                          \"or\": [\n                            \">ZfPF8T\",\n                            \"1+IMmd{g$`\",\n                            \"*\",\n                            \"q\",\n                            \":q{xgDR.\"\n                          ]\n                        },\n                        \"gKm/kJ\"\n                      ]\n                    },\n                    \"O=3jdw$q=\\\\\",\n                    {\n                      \"and\": [\n                        \"}@nm$'+G\",\n                        {\n                          \"or\": []\n                        },\n                        \"QIT)\\\"l\"\n                      ]\n                    },\n                    \"#\"\n                  ]\n                },\n                {\n                  \"mc\": \">=58\"\n                },\n                \"d+\\\"2b8d>-G\",\n                {\n                  \"or\": [\n                    {\n                      \"and\": [\n                        \"9xr\",\n                        {\n                          \"and\": [\n                            \"_Y;H0og\",\n                            \"-ti,R%i\",\n                            \"\",\n                            \"+[~u\",\n                            \"H.!.nq\"\n                          ]\n                        }\n                      ]\n                    },\n                    \"=[mQ\",\n                    {\n                      \"and\": [\n                        \"L+\",\n                        \"VOY^m Q\"\n                      ]\n                    },\n                    {\n                      \"or\": [\n                        \"O\",\n                        {\n                          \"and\": [\n                            {\n                              \"mc\": \"<=79\"\n                            },\n                            \"$(M:^y}s\",\n                            \"\\\\L4`Q\",\n                            \":O2G\",\n                            \"-&_.b|VyE\"\n                          ]\n                        }\n                      ]\n                    },\n                    \"~zR(_8\\\\\"\n                  ]\n                }\n              ]\n            }\n          ]\n        },\n        \"url\": \"https://d.5bu-d4g1uhq.ipwl8-yqk62wmh035iavvhlknrob0i-ewkl79q1t9siv6sgloyl-t02lahzgc.58d381q3w45omqora8wcldrklrhr5la0mm09z2pl9-tpmcqahk0tp5w4uc.wcfcddeee\",\n        \"nDbJ\\\"\": {\n          \"name\": \"\\\\'{|3&>a2N\",\n          \"ay\": 2025,\n          \"assign\": [\n            \"{y@ }$\",\n            \"\",\n            \"@$}E}%\"\n          ],\n          \"match\": {\n            \"pattern\": \"TM7286\",\n            \"exclude\": \"LTQ97xF\",\n            \"info\": \"\"\n          },\n          \"satisfy\": [\n            \"h%\",\n            \"oi\"\n          ],\n          \"url\": \"https://eumax0ec2oir9fib8bfwu8r52e9mu7c2ir48.cb/TF.KVnUQ@/S/AHr;C/M!VF!%F2%A9%9F%83Y/Ne8/X6&(eQ\",\n          \"info\": \"!5\"\n        },\n        \"A\\\"}$6l~Jj&\": {\n          \"name\": \"+Q%\",\n          \"ay\": 1953,\n          \"match\": {\n            \"and\": [\n              {\n                \"or\": [\n                  {\n                    \"and\": [\n                      {\n                        \"or\": [\n                          {\n                            \"or\": [\n                              \"YXG298G\",\n                              {\n                                \"and\": [\n                                  \"QLC7V\",\n                                  \"EGDxR\",\n                                  \"FZ80\",\n                                  \"JA257R\",\n                                  \"DBD06\"\n                                ]\n                              },\n                              \"FRxJ\"\n                            ]\n                          }\n                        ]\n                      }\n                    ]\n                  },\n                  {\n                    \"or\": [\n                      {\n                        \"and\": [\n                          \"QZJ550U\",\n                          \"WNxU\",\n                          {\n                            \"and\": [\n                              {\n                                \"and\": [\n                                  \"MT2*09\",\n                                  \"GE25\",\n                                  \"XOx\"\n                                ]\n                              }\n                            ]\n                          }\n                        ]\n                      },\n                      {\n                        \"or\": [\n                          \"WO1*\",\n                          \"EX*127\",\n                          {\n                            \"and\": [\n                              \"WRB68L\",\n                              \"XGI46O\",\n                              \"ZO371\",\n                              \"OX020\"\n                            ]\n                          },\n                          \"BI5B\"\n                        ]\n                      },\n                      \"VXI04xP\"\n                    ]\n                  },\n                  \"JHK6R\"\n                ]\n              },\n              {\n                \"and\": [\n                  {\n                    \"pattern\": \"XSR31*9N\",\n                    \"exclude\": [\n                      \"JT42*xY\",\n                      \"YQK9\",\n                      \"COZ3T\"\n                    ],\n                    \"info\": \"Psjd|7z\"\n                  },\n                  {\n                    \"or\": []\n                  },\n                  {\n                    \"and\": [\n                      \"NNxD\",\n                      \"FD4*V\"\n                    ]\n                  }\n                ]\n              },\n              {\n                \"and\": [\n                  {\n                    \"and\": []\n                  },\n                  \"FFO4\",\n                  \"VS5*24X\",\n                  \"KL9\",\n                  \"WYY727S\"\n                ]\n              }\n            ]\n          },\n          \"satisfy\": {\n            \"or\": [\n              {\n                \"or\": [\n                  {\n                    \"and\": [\n                      {\n                        \"or\": []\n                      },\n                      \"\\\"Z<K|\",\n                      {\n                        \"mc\": \"<=74\"\n                      },\n                      \"5P.%'\",\n                      \"m8`@XiNQw8\"\n                    ]\n                  },\n                  \"0% nb/5\",\n                  {\n                    \"or\": [\n                      \"JTx/sh\",\n                      \"2>\",\n                      \"y\",\n                      \"mAyWdq;IE\"\n                    ]\n                  },\n                  \"\\\"0k5\"\n                ]\n              },\n              {\n                \"mc\": \">=8\"\n              },\n              {\n                \"or\": [\n                  \"qyXj&h\"\n                ]\n              },\n              {\n                \"and\": []\n              },\n              {\n                \"or\": []\n              }\n            ]\n          },\n          \"url\": \"https://7p4stv.bd32kb7-ygnqqinaiei3k5qbh6k1wkbvlyksi.0rgymwv511oug5c7baq7zcxf7syi9.qsj9yizlgg78x1v93xmvwijru8rvp6fkht-e.ofw/bfav/f/fv*k\",\n          \"info\": \"WmoH-\"\n        },\n        \"Ov9$2e0\": {\n          \"name\": \"iH[Sy/\\\"29l\",\n          \"ay\": 2002,\n          \"assign\": \"#_H%\",\n          \"satisfy\": {\n            \"or\": [\n              {\n                \"and\": [\n                  \"H.7\\\\'sw\",\n                  \"eeVe.=\",\n                  \"=Y>TE2go\"\n                ]\n              },\n              {\n                \"or\": [\n                  {\n                    \"or\": [\n                      {\n                        \"mc\": \">=52\"\n                      },\n                      {\n                        \"and\": [\n                          \"]BRb\\\\}mZh\",\n                          {\n                            \"mc\": \">=129\"\n                          },\n                          \"e,rzDI]_\",\n                          \"m\"\n                        ]\n                      },\n                      {\n                        \"or\": [\n                          \"L&HD\"\n                        ]\n                      },\n                      {\n                        \"and\": [\n                          {\n                            \"and\": [\n                              {\n                                \"or\": [\n                                  \"?UO%1ZzwAS\"\n                                ]\n                              },\n                              \"[!q\",\n                              \"B)<}[xTMvm\"\n                            ]\n                          },\n                          {\n                            \"or\": [\n                              \"mD2#t\",\n                              \"&r\",\n                              \"[<?oNpI8\",\n                              \"@@N65@\",\n                              \"kiFdp+\"\n                            ]\n                          },\n                          \"y*;7l\",\n                          \"!)i\",\n                          \"<-tS\"\n                        ]\n                      }\n                    ]\n                  },\n                  \"o9\",\n                  {\n                    \"or\": [\n                      \"LzkSgR?-\"\n                    ]\n                  },\n                  {\n                    \"and\": [\n                      {\n                        \"and\": [\n                          \"nS\",\n                          \"^H{\",\n                          \"\"\n                        ]\n                      }\n                    ]\n                  },\n                  \"5%AP9=5=Bt\"\n                ]\n              },\n              \":*S0d\"\n            ]\n          },\n          \"url\": \"https://00juwhw4cd8gpempxqc-w78akqtue1mfgy0gn-e.r748e-151wy8.extwd/nJ6s/$&YJJ/l@F1*%2de&&*/EikdTm:xFv\",\n          \"info\": \"%2%_&\"\n        },\n        \"#&%|{x~T\": {\n          \"name\": \"$8%{E\",\n          \"ay\": 1950,\n          \"assign\": \"\",\n          \"match\": {\n            \"pattern\": \"WPE3\",\n            \"exclude\": [\n              \"YDI7683\",\n              \"FHH6246I\"\n            ],\n            \"info\": \"BiT-g[m\"\n          },\n          \"satisfy\": {\n            \"or\": [\n              {\n                \"and\": [\n                  \"\\\\/(_?c/\"\n                ]\n              }\n            ]\n          },\n          \"url\": \"http://l.6s.ni/P///CRG%F0%AD%8F%BC'%F1%A9%98%8Ec/b(;+A/:29rX5)/\",\n          \"info\": \"e)l(k2sl\"\n        }\n      }\n    }\n  },\n  {\n    \"title\": \"block sample 4\",\n    \"value\": {\n      \"name\": \"io[<\",\n      \"ay\": 1952,\n      \"assign\": [\n        \"\",\n        \"\",\n        \"`VG7!q/~S\",\n        \">8\\\\\"\n      ],\n      \"satisfy\": {\n        \"or\": [\n          {\n            \"or\": [\n              \"S{f;_o>CT?\",\n              {\n                \"or\": [\n                  \"GPa\",\n                  \"NC\"\n                ]\n              },\n              {\n                \"or\": [\n                  {\n                    \"mc\": \"<=195\"\n                  },\n                  {\n                    \"or\": [\n                      \"vHlZ\",\n                      \"n74\",\n                      \"I9t10+\",\n                      \"6Pfdz9!mvH\"\n                    ]\n                  },\n                  \"6&@<[h\"\n                ]\n              },\n              \"Xv\",\n              {\n                \"mc\": \"<=19\"\n              }\n            ]\n          },\n          {\n            \"mc\": \">=74\"\n          },\n          {\n            \"and\": [\n              \"`\",\n              \"1Dee[/\",\n              \")|wG1<|5ja\",\n              \"pn|CTL!s\",\n              {\n                \"and\": [\n                  \"g:sN=T\",\n                  \"!YtJ^\",\n                  {\n                    \"or\": [\n                      \"_SSnfo/uB\",\n                      \")fSaNLYe\",\n                      \"cjE/52W*3Y\",\n                      \"uz+HA.e\"\n                    ]\n                  }\n                ]\n              }\n            ]\n          },\n          {\n            \"mc\": \"<=92\"\n          },\n          \"P5NmEq\"\n        ]\n      },\n      \"url\": \"http://5.g60ryxv56b8tqunqxuc7tey2w29m8fl-nbhi.m7cb1m5fluagda5y8fpcad62avcrvdfa.oaap/!EpE//~kTNad&C/itp/%F3%B3%A7%A2~h(p//CLw1XY8~/%F3%94%AF%A0ss-v&Ux!./r8vI/zPV\",\n      \"info\": \"Ar!\"\n    }\n  },\n  {\n    \"title\": \"block sample 5\",\n    \"value\": {\n      \"name\": \"!J\\\"3\",\n      \"ay\": 1952,\n      \"assign\": \"\",\n      \"match\": \"PD9\",\n      \"satisfy\": [\n        {\n          \"or\": [\n            {\n              \"mc\": \"<=21\"\n            },\n            {\n              \"and\": [\n                \"jAT\",\n                \"l/ccoC\",\n                \"I4DqJV{\"\n              ]\n            },\n            {\n              \"or\": [\n                \"I'#2\"\n              ]\n            },\n            {\n              \"and\": [\n                {\n                  \"mc\": \"<=60\"\n                },\n                \"u;1F2vE\"\n              ]\n            },\n            {\n              \"mc\": \">=101\"\n            }\n          ]\n        },\n        {\n          \"mc\": \">=46\"\n        },\n        {\n          \"or\": [\n            \"}zz2lap2\",\n            {\n              \"mc\": \">=194\"\n            },\n            {\n              \"or\": [\n                {\n                  \"and\": [\n                    \"P(kF\",\n                    \"7S<d,;#YXU\",\n                    {\n                      \"or\": [\n                        \"+ld$Tyf`\"\n                      ]\n                    },\n                    {\n                      \"or\": [\n                        {\n                          \"and\": [\n                            \"s~/>t<0\",\n                            \"[m\"\n                          ]\n                        }\n                      ]\n                    },\n                    {\n                      \"mc\": \"<=70\"\n                    }\n                  ]\n                },\n                {\n                  \"or\": [\n                    \"BCK\",\n                    {\n                      \"or\": [\n                        \"g[\",\n                        {\n                          \"or\": [\n                            {\n                              \"and\": [\n                                \"YO\",\n                                \"/Hp?\"\n                              ]\n                            },\n                            \"\",\n                            \"@M1N\"\n                          ]\n                        },\n                        \"\",\n                        \"wpm7 AN^SC\"\n                      ]\n                    }\n                  ]\n                },\n                \"T}g\",\n                {\n                  \"or\": [\n                    {\n                      \"and\": []\n                    }\n                  ]\n                }\n              ]\n            },\n            {\n              \"mc\": \">=107\"\n            }\n          ]\n        },\n        {\n          \"or\": [\n            {\n              \"mc\": \"<=197\"\n            },\n            {\n              \"and\": [\n                {\n                  \"and\": [\n                    {\n                      \"mc\": \">=12\"\n                    },\n                    \"fWV\",\n                    \"l\",\n                    \"CRTQp'&eF\",\n                    {\n                      \"or\": [\n                        \"6J}D[\",\n                        {\n                          \"and\": []\n                        }\n                      ]\n                    }\n                  ]\n                },\n                {\n                  \"and\": []\n                },\n                {\n                  \"mc\": \"<=166\"\n                }\n              ]\n            },\n            \"QNu36y\",\n            \"\"\n          ]\n        },\n        {\n          \"mc\": \"<=193\"\n        }\n      ],\n      \"url\": \"https://zl8gsfhxl-piqtgwppd2kjil3g8b8zrle0x7ik7kj2tex97kuc3t19ugm5tpaf.mou9015ipjv1id3ahmsw8kkrxux1pdfrgs2x72g66032q1x0hvh.use.bb/(to/)q2JYi\",\n      \"info\": \"Cu#\",\n      \"\": {\n        \"name\": \"\\\"&\",\n        \"ay\": 1962,\n        \"match\": {\n          \"and\": [\n            {\n              \"or\": [\n                \"KE6Y\"\n              ]\n            },\n            {\n              \"or\": [\n                {\n                  \"and\": [\n                    {\n                      \"or\": []\n                    },\n                    \"QB1\",\n                    {\n                      \"and\": [\n                        \"TV*28\"\n                      ]\n                    }\n                  ]\n                },\n                {\n                  \"pattern\": \"NBY13K\",\n                  \"exclude\": \"IE*\"\n                }\n              ]\n            },\n            \"SC124P\",\n            {\n              \"and\": [\n                \"VP3x\",\n                {\n                  \"or\": [\n                    {\n                      \"and\": [\n                        \"IMP17X\"\n                      ]\n                    },\n                    \"DFC037x\",\n                    {\n                      \"and\": [\n                        \"DS2*E\",\n                        {\n                          \"and\": [\n                            \"PZO5*\",\n                            \"AZE728\"\n                          ]\n                        },\n                        \"CE8\",\n                        \"ASx\",\n                        \"AJ0\"\n                      ]\n                    }\n                  ]\n                },\n                {\n                  \"pattern\": \"SO9D\",\n                  \"info\": \"y&%\"\n                }\n              ]\n            },\n            {\n              \"and\": [\n                {\n                  \"and\": [\n                    \"ZLE293P\",\n                    {\n                      \"and\": []\n                    },\n                    \"NM1x5Y\",\n                    \"AU20T\"\n                  ]\n                },\n                \"GS2861L\",\n                {\n                  \"pattern\": \"WM76\",\n                  \"exclude\": \"NK48\",\n                  \"info\": \"\"\n                },\n                {\n                  \"pattern\": \"RFS84\",\n                  \"exclude\": \"QXx\",\n                  \"info\": \"#Y/&\"\n                },\n                {\n                  \"and\": [\n                    \"DPB00\",\n                    \"OC*432\"\n                  ]\n                }\n              ]\n            }\n          ]\n        },\n        \"satisfy\": {\n          \"or\": [\n            \"Ie\",\n            {\n              \"mc\": \"<=196\"\n            }\n          ]\n        },\n        \"url\": \"http://q.8.qcd-epaafd5wx97b7qu.yifbx/z~%F3%A2%93%B2=B//C20/K%F3%89%82%A1Ec%F1%84%9C%9F/Mo%F0%B9%B6%B8/iL\",\n        \"info\": \"_%LCzDcU}\\\"\"\n      },\n      \"19W4\": {\n        \"name\": \"y \",\n        \"ay\": 1975,\n        \"match\": [],\n        \"satisfy\": [],\n        \"info\": \"6X\"\n      }\n    }\n  },\n  {\n    \"title\": \"block sample 6\",\n    \"value\": {\n      \"name\": \"76@\",\n      \"ay\": 1953,\n      \"assign\": \"Yc\",\n      \"satisfy\": [\n        {\n          \"and\": [\n            {\n              \"and\": [\n                {\n                  \"mc\": \"<=81\"\n                }\n              ]\n            },\n            {\n              \"mc\": \">=76\"\n            },\n            \",9')\",\n            \"d\",\n            \"I8ZYq\"\n          ]\n        },\n        \"9\",\n        {\n          \"mc\": \">=162\"\n        }\n      ],\n      \"info\": \",&]C\",\n      \"g{5Y>O7dY\": {\n        \"ay\": 2002,\n        \"assign\": [\n          \"(j%?PaU\",\n          \"m:63S-os{\",\n          \"##qH\\\";u1\"\n        ],\n        \"satisfy\": [\n          {\n            \"and\": [\n              \"{+[SO,MDW1\",\n              \"2\\\\EI4Kt3(Q\",\n              {\n                \"mc\": \">=146\"\n              }\n            ]\n          },\n          {\n            \"or\": [\n              \"\\\\cX\\\\$\"\n            ]\n          },\n          \"]\"\n        ],\n        \"url\": \"http://fm0-jnmgkbkkphemgm3qvki55jypo2ku.n2h57n6euw0t3j1f25lvxcho265yt5la.6i81b0riiu4tzmb-pr7ksm.raqgdgh\",\n        \"info\": \"\\\"M{oy~iC\",\n        \"#v{Bz!(\": {\n          \"name\": \"Bv}}FmU\",\n          \"satisfy\": {\n            \"and\": [\n              \"DcA;\",\n              {\n                \"mc\": \"<=76\"\n              },\n              {\n                \"mc\": \">=152\"\n              },\n              {\n                \"mc\": \">=112\"\n              },\n              \"r.`9$`It\"\n            ]\n          },\n          \"url\": \"http://b8g68lm55ki9nknucl10cl4n2x9oga7ttjgrm9ced.ouolaqoqn/i/r%F2%87%A3%BAa$x,/L9/%F1%A0%A4%9BqE3@../%F0%91%AC%A7/'Aq+_D%F2%AE%95%83N/415D//r!%F1%BD%8D%BET%F2%93%99%AD@\",\n          \"info\": \"Js c&@|?{9\"\n        },\n        \"f1\": {\n          \"name\": \"1EnbQ\",\n          \"ay\": 1979,\n          \"assign\": \"#\",\n          \"info\": \"y'+/\"\n        },\n        \"'ie\": {\n          \"name\": \"&$vuP@\",\n          \"ay\": 1954,\n          \"assign\": [\n            \"t]V5%6q*\"\n          ],\n          \"match\": {\n            \"pattern\": \"INGxx**U\",\n            \"exclude\": \"VH44x8\"\n          },\n          \"satisfy\": [\n            \"P.T,-\"\n          ],\n          \"url\": \"https://73rp-2n9nw6j6o1cwczo80oe2w7nihainnx-a0xfo2v.hcvg/F//0$pBo!k-/Lc+ul))/ij%F1%89%84%A6\",\n          \"info\": \"\"\n        }\n      },\n      \"wYw?we\": {\n        \"name\": \"ofFOp1\",\n        \"ay\": 1993,\n        \"assign\": [],\n        \"satisfy\": \"_\\\\\",\n        \"url\": \"https://p.lfi15kjztyoks9i6-0ljj6p8osossz3f1.q09yseiob9luabzcab9sa13cynq.hrhcz3guguddn9a7661-lqmts5qlamj9jh6vornn0ifx-urbejdisp27z6kod.wnhcrkxvsi/5YQ=%F4%83%88%B3Wv/e%F2%9F%9D%9A;qJ_F(7*/*%E5%AB%87%F0%A7%8D%9C$eS%F1%AF%BB%B4Z-8/.D16-8T/S%F1%AC%AB%BAEg/7\",\n        \"info\": \"Waq4=y3z\"\n      },\n      \"0b4\\\"']P/F(\": {\n        \"name\": \"g\",\n        \"ay\": 1951,\n        \"match\": [\n          {\n            \"or\": [\n              {\n                \"and\": [\n                  \"BPK4308\",\n                  {\n                    \"and\": [\n                      \"QW8497Z\",\n                      {\n                        \"or\": [\n                          \"JN1x7D\",\n                          \"JQ*\",\n                          \"UJ7P\",\n                          \"VWI568x\",\n                          {\n                            \"or\": [\n                              \"OLQ*97P\",\n                              {\n                                \"and\": []\n                              },\n                              \"WXS87G\",\n                              \"XJK7835Q\",\n                              \"RBB7453Z\"\n                            ]\n                          }\n                        ]\n                      }\n                    ]\n                  }\n                ]\n              },\n              {\n                \"pattern\": \"TF0483S\",\n                \"exclude\": [\n                  \"QN2*xF\"\n                ],\n                \"info\": \"bwp?4AJ\"\n              },\n              {\n                \"and\": [\n                  \"GHR9230O\"\n                ]\n              }\n            ]\n          },\n          {\n            \"and\": [\n              {\n                \"and\": [\n                  \"DUA**5\"\n                ]\n              },\n              \"FCT*75\",\n              {\n                \"or\": [\n                  \"GKG58T\",\n                  {\n                    \"pattern\": \"UY508\",\n                    \"exclude\": \"OV5x31\",\n                    \"info\": \")i}RG[S=\\\"p\"\n                  },\n                  {\n                    \"and\": []\n                  }\n                ]\n              }\n            ]\n          },\n          {\n            \"pattern\": \"SR744\",\n            \"exclude\": \"OV891C\",\n            \"info\": \"A,KO0K;\"\n          }\n        ],\n        \"satisfy\": [],\n        \"url\": \"https://94laipfjn-ver4v9-n4u-chgywu-85gnatf7kylcmbir2zlkmnl4ewvw6z.sqin7hyrf101t0lcm6n29eryyhfvq8j.c61i3f-c7qpcg--j3uonq8b7q-mla5swe.dwvpm0bmav6mqrqhm9pt69ot26otni2rucbea83xypmr.laqistwbv/FPFsqr9yv/Q~4S!;0Z5/E7%F0%95%82%B4%F3%AE%9F%A8tV%F3%82%82%85$/(ZSr&$E/)NzuT6sB/N-c=3/eT4vmTL%F4%8F%B5%96/TLLG%F1%B9%88%AAGc2\"\n      },\n      \"[Oe%iF\": {\n        \"name\": \"8qaNcS\",\n        \"ay\": 2030,\n        \"assign\": \"y^b`Ufdu\",\n        \"match\": [\n          {\n            \"and\": [\n              {\n                \"pattern\": \"ZZM1\",\n                \"info\": \"S>#l\"\n              },\n              {\n                \"pattern\": \"EKO616\",\n                \"exclude\": [\n                  \"LCC6x00J\"\n                ],\n                \"info\": \"[`RBe|z\"\n              },\n              {\n                \"and\": [\n                  {\n                    \"pattern\": \"FW5S\",\n                    \"exclude\": [\n                      \"KRW2R\",\n                      \"QX9\",\n                      \"XEC177\",\n                      \"PWD3C\",\n                      \"KR8L\"\n                    ],\n                    \"info\": \"`<\"\n                  }\n                ]\n              },\n              {\n                \"and\": [\n                  {\n                    \"or\": [\n                      {\n                        \"and\": [\n                          {\n                            \"and\": [\n                              \"NM3530Y\",\n                              {\n                                \"pattern\": \"BEK0E\",\n                                \"exclude\": \"ZZ5I\",\n                                \"info\": \"qc<Zg5\"\n                              }\n                            ]\n                          },\n                          \"ZL320\",\n                          \"AS47\"\n                        ]\n                      },\n                      \"IJQ45R\"\n                    ]\n                  },\n                  \"KX4xI\",\n                  {\n                    \"and\": [\n                      {\n                        \"and\": [\n                          \"NTS354x\"\n                        ]\n                      },\n                      \"DV9X\",\n                      \"DU87*\",\n                      \"FQ0X\"\n                    ]\n                  },\n                  \"QLV902\"\n                ]\n              },\n              {\n                \"pattern\": \"UF1xQ\",\n                \"exclude\": \"OM8*6Q\"\n              }\n            ]\n          }\n        ],\n        \"satisfy\": [\n          \"ym0]S #G\",\n          {\n            \"and\": [\n              {\n                \"mc\": \"<=70\"\n              },\n              {\n                \"mc\": \">=129\"\n              },\n              {\n                \"and\": []\n              }\n            ]\n          },\n          {\n            \"or\": [\n              {\n                \"and\": [\n                  \"/ \",\n                  {\n                    \"and\": [\n                      {\n                        \"and\": [\n                          {\n                            \"mc\": \">=47\"\n                          },\n                          {\n                            \"or\": [\n                              \"Mp\",\n                              \"b2'b]6rB 6\",\n                              \"(@f_\"\n                            ]\n                          },\n                          {\n                            \"and\": [\n                              \"Sl,E/\",\n                              \"Vw.k.`2\"\n                            ]\n                          },\n                          \"$v?AUle#j\"\n                        ]\n                      },\n                      {\n                        \"mc\": \"<=177\"\n                      },\n                      \"sR\"\n                    ]\n                  },\n                  \"gg\",\n                  {\n                    \"or\": [\n                      \"{anv1g~7e\"\n                    ]\n                  }\n                ]\n              },\n              {\n                \"and\": [\n                  \"^t$R=+MXF\",\n                  \"}\"\n                ]\n              },\n              \"C:sk2lpWV\",\n              \"hDxM\"\n            ]\n          },\n          {\n            \"or\": [\n              \"^{8u2tmo}\",\n              {\n                \"and\": [\n                  {\n                    \"and\": [\n                      \"2\",\n                      {\n                        \"mc\": \">=22\"\n                      },\n                      {\n                        \"mc\": \"<=152\"\n                      },\n                      \"0\",\n                      \"`o0EIOI`b\"\n                    ]\n                  },\n                  \"\",\n                  \"&\",\n                  {\n                    \"or\": [\n                      \"^y\",\n                      {\n                        \"or\": [\n                          {\n                            \"and\": []\n                          },\n                          \"Xh*'\",\n                          \")`6kjAY*/T\",\n                          \"I&>^\"\n                        ]\n                      },\n                      \"*])W\"\n                    ]\n                  }\n                ]\n              },\n              \"Dn'ZF8r2\",\n              {\n                \"mc\": \"<=49\"\n              }\n            ]\n          },\n          {\n            \"mc\": \"<=96\"\n          }\n        ],\n        \"info\": \"H>o|K\"\n      },\n      \"T4]\": {\n        \"ay\": 2022,\n        \"assign\": [\n          \"`JdX2<\",\n          \"\",\n          \"}D|!\",\n          \"mlC S/\"\n        ],\n        \"match\": [\n          {\n            \"and\": [\n              \"TBDx854\",\n              {\n                \"pattern\": \"CW*7M\",\n                \"exclude\": [\n                  \"ED2322Y\",\n                  \"TLE5M\",\n                  \"UGX4\"\n                ],\n                \"info\": \"T*\"\n              }\n            ]\n          },\n          {\n            \"pattern\": \"KR092\",\n            \"exclude\": [],\n            \"info\": \"*PEFsR].i\"\n          },\n          {\n            \"or\": [\n              \"QEN3164R\",\n              {\n                \"pattern\": \"ED5121\",\n                \"exclude\": [\n                  \"ZJW*77E\"\n                ],\n                \"info\": \"D!XB/p%TyA\"\n              },\n              {\n                \"pattern\": \"FWI263x\",\n                \"exclude\": \"EZQ2067\",\n                \"info\": \"fo}80)\"\n              },\n              \"WDC793*V\"\n            ]\n          },\n          {\n            \"or\": [\n              {\n                \"pattern\": \"DPA34\",\n                \"exclude\": \"MBM57*F\",\n                \"info\": \"{R\"\n              }\n            ]\n          }\n        ],\n        \"satisfy\": [\n          {\n            \"or\": [\n              {\n                \"or\": []\n              },\n              {\n                \"mc\": \">=170\"\n              }\n            ]\n          },\n          {\n            \"and\": [\n              \"\",\n              \"\",\n              {\n                \"and\": [\n                  \"SwJ\",\n                  {\n                    \"or\": [\n                      {\n                        \"and\": [\n                          {\n                            \"and\": [\n                              \"/ xzFU{\",\n                              \"F__A3yN\",\n                              \"e@] v+!.:\"\n                            ]\n                          },\n                          {\n                            \"and\": []\n                          },\n                          {\n                            \"and\": []\n                          },\n                          {\n                            \"and\": [\n                              \"u,8b$eoD\",\n                              \"=[7\",\n                              {\n                                \"and\": [\n                                  \"e\",\n                                  \">\",\n                                  \"0czh3\"\n                                ]\n                              }\n                            ]\n                          }\n                        ]\n                      },\n                      {\n                        \"mc\": \">=152\"\n                      },\n                      {\n                        \"and\": [\n                          {\n                            \"mc\": \"<=107\"\n                          },\n                          \"K84_~N0x_:\",\n                          {\n                            \"mc\": \"<=50\"\n                          }\n                        ]\n                      }\n                    ]\n                  },\n                  {\n                    \"or\": [\n                      \"(wzjJ[\\\"b\"\n                    ]\n                  },\n                  {\n                    \"or\": [\n                      {\n                        \"or\": [\n                          \"}QA-ax\",\n                          \" fo\",\n                          \"F}[4Qf=\"\n                        ]\n                      }\n                    ]\n                  },\n                  \"kATI\"\n                ]\n              }\n            ]\n          },\n          {\n            \"and\": [\n              {\n                \"and\": [\n                  \"`@tB\",\n                  {\n                    \"and\": [\n                      {\n                        \"mc\": \">=4\"\n                      },\n                      \"CDH\",\n                      \"WA+0>]KV\"\n                    ]\n                  },\n                  \"\",\n                  \"!yNrP]XyU\"\n                ]\n              }\n            ]\n          }\n        ],\n        \"url\": \"http://l183-f87wc7qkrz0pttwg-4csebq34o37nxhraynkx3fpmqpc.9wsu8th9hp9nqbo20o5gnci918.ggnib/_d%F2%A1%84%90OwuM%F2%B0%8F%97/%F3%8B%99%8B/Z./m%F1%84%BD%84@HR:jXy//=MKLZM8LSS\",\n        \"info\": \"+eRF\",\n        \"^10BEF,\": {\n          \"name\": \"DGW`T-\",\n          \"ay\": 2028,\n          \"assign\": \"Gc0P9P\\\\P9\",\n          \"match\": [],\n          \"satisfy\": [\n            {\n              \"and\": [\n                {\n                  \"or\": [\n                    \"YifJM(%LL\",\n                    \"XX\",\n                    \"}\",\n                    \"p`'/QhY\"\n                  ]\n                },\n                \"0\\\\\",\n                \"|w`~\",\n                {\n                  \"and\": [\n                    \"^=L\",\n                    {\n                      \"and\": [\n                        \"[ny8kkZT\",\n                        \"C*\"\n                      ]\n                    },\n                    \"7i:\"\n                  ]\n                },\n                \":Q-i>Mref\"\n              ]\n            },\n            \"QX%{'\",\n            {\n              \"mc\": \"<=165\"\n            }\n          ],\n          \"url\": \"https://un.v.9lfnqa07gu.pcp5xbbzwfkn3bumvoco3z69kzjvjj7ip3nhtgycjop3newxreg7.pj6u7chqc6y90315n5oix9oz9stitkf-kk0myc8dk2j-j32nl8ko21sm8nap.sh/4/8)/t//)ak%F2%84%92%B2%F0%B5%B9%8BGo4/UC%F1%8D%9B%93A\",\n          \"info\": \"\\\"i C:.@>C(\"\n        },\n        \"o_1v{W#N^I\": {\n          \"name\": \"%\",\n          \"ay\": 2009,\n          \"assign\": [\n            \"&gq~8rc0d7\",\n            \"p\\\"?_SD\",\n            \")k\",\n            \"lY1I,ZK\"\n          ],\n          \"match\": {\n            \"or\": []\n          },\n          \"satisfy\": {\n            \"mc\": \"<=150\"\n          },\n          \"url\": \"http://tqf825u.yqh7pjl3uk42zfi7z0e7k1oekwud5il8fv2uhvmf94n1zhbv4-3964y0kvy5w.o.n.5aqm5esfasb8a3xjfismi.myphcfxn/%F1%B1%A6%BD0U~+;/u5Tx//8p%F2%98%AC%831-Q)_dg/7*5-Y&S5\",\n          \"info\": \"ir\"\n        },\n        \"']6^Q\": {\n          \"name\": \"DZ\",\n          \"ay\": 2005,\n          \"assign\": [\n            \"=\",\n            \"S8,5/1R\",\n            \"b|ij?\"\n          ],\n          \"match\": [\n            {\n              \"and\": [\n                \"UC9x*0R\"\n              ]\n            },\n            {\n              \"or\": [\n                {\n                  \"and\": [\n                    {\n                      \"and\": [\n                        \"RQ05\",\n                        \"ZTZ3\"\n                      ]\n                    }\n                  ]\n                },\n                {\n                  \"and\": [\n                    \"OGU476R\",\n                    \"OBxC\",\n                    \"DP5\",\n                    \"DLx6\"\n                  ]\n                }\n              ]\n            },\n            {\n              \"or\": [\n                {\n                  \"or\": [\n                    \"DH8E\",\n                    {\n                      \"and\": [\n                        {\n                          \"or\": [\n                            \"KR*6\",\n                            {\n                              \"pattern\": \"CWR40x\",\n                              \"exclude\": [\n                                \"TJ72*\",\n                                \"RJN3\",\n                                \"KRR7900\"\n                              ],\n                              \"info\": \"\"\n                            }\n                          ]\n                        },\n                        {\n                          \"pattern\": \"NOJ2\",\n                          \"exclude\": [],\n                          \"info\": \"}g/L\"\n                        }\n                      ]\n                    },\n                    \"WEZ5Z\"\n                  ]\n                },\n                {\n                  \"or\": [\n                    {\n                      \"pattern\": \"PS8\",\n                      \"exclude\": \"ACS06**\",\n                      \"info\": \"=wr=la)X\"\n                    },\n                    \"GAxK\",\n                    {\n                      \"or\": []\n                    },\n                    \"AO195\",\n                    {\n                      \"and\": [\n                        \"YE4\",\n                        {\n                          \"and\": []\n                        },\n                        {\n                          \"and\": [\n                            \"YIC6295\",\n                            \"MT98\",\n                            \"SI6431W\"\n                          ]\n                        },\n                        {\n                          \"and\": []\n                        },\n                        \"EP2\"\n                      ]\n                    }\n                  ]\n                },\n                {\n                  \"or\": [\n                    {\n                      \"and\": [\n                        {\n                          \"or\": [\n                            {\n                              \"or\": [\n                                \"YI5\",\n                                \"RY1R\",\n                                \"KTG945\",\n                                {\n                                  \"or\": [\n                                    \"VE349\",\n                                    \"YZ1762\",\n                                    \"WQX21\"\n                                  ]\n                                },\n                                \"JE9x\"\n                              ]\n                            },\n                            {\n                              \"pattern\": \"HOQ1\",\n                              \"exclude\": [],\n                              \"info\": \"\"\n                            },\n                            \"ZJ5\",\n                            {\n                              \"and\": []\n                            },\n                            \"LT5Y\"\n                          ]\n                        },\n                        {\n                          \"and\": []\n                        },\n                        \"SG7871N\",\n                        \"OK946x\"\n                      ]\n                    }\n                  ]\n                },\n                {\n                  \"pattern\": \"ZV889E\",\n                  \"exclude\": [\n                    \"PSX04*\",\n                    \"DZV9V\",\n                    \"SSx10\",\n                    \"KIQ996B\"\n                  ],\n                  \"info\": \"O\"\n                },\n                {\n                  \"and\": [\n                    \"AFY1*\",\n                    \"MX40\",\n                    {\n                      \"and\": [\n                        {\n                          \"or\": [\n                            {\n                              \"pattern\": \"VM3x\",\n                              \"exclude\": [\n                                \"ARI5*4\",\n                                \"ABQ*B\",\n                                \"ON483B\"\n                              ],\n                              \"info\": \"ME)\"\n                            },\n                            \"LVN322\"\n                          ]\n                        }\n                      ]\n                    },\n                    \"PZR58*6J\"\n                  ]\n                }\n              ]\n            },\n            {\n              \"pattern\": \"UN8\"\n            },\n            {\n              \"and\": []\n            }\n          ],\n          \"url\": \"https://ifwupz-xrupc.g6vhvsj5sf64rj7o-bdirlle98c250.2.10opphr37pbl33l3u6vlkndiyjp6bwb7.pebbli/P%F1%8C%AF%B5Qz4/oLAq/lnZh2ZWr\",\n          \"info\": \"8):%\"\n        }\n      }\n    }\n  },\n  {\n    \"title\": \"block sample 7\",\n    \"value\": {\n      \"name\": \"/.\",\n      \"ay\": 1970,\n      \"assign\": \"Uyx'ld;@\",\n      \"match\": {\n        \"pattern\": \"RO5\",\n        \"info\": \"L:\\\\`Ry]G\\\"\"\n      },\n      \"satisfy\": [],\n      \"url\": \"http://dtbcb0kp5be-9d968b-7dq7j5dbu9nb6eh72e7-d-2csfoatcabi4e8fxy3.sipmwvm///Kk)\"\n    }\n  },\n  {\n    \"title\": \"block sample 8\",\n    \"value\": {\n      \"name\": \"\",\n      \"ay\": 1988,\n      \"assign\": [\n        \"ot\\\">y{{:&P\",\n        \"\"\n      ],\n      \"match\": [],\n      \"satisfy\": [\n        \"qsMl\",\n        {\n          \"or\": [\n            \"g3Di:@]\",\n            {\n              \"and\": [\n                {\n                  \"mc\": \"<=162\"\n                },\n                {\n                  \"or\": []\n                },\n                {\n                  \"and\": [\n                    {\n                      \"or\": [\n                        \"46`[\",\n                        \"y%Vzn\\\\n\"\n                      ]\n                    },\n                    \"a9{ey\"\n                  ]\n                },\n                \"&YK8 pX\"\n              ]\n            }\n          ]\n        },\n        {\n          \"mc\": \">=18\"\n        }\n      ],\n      \"url\": \"https://qsbaz5o-ezm64leoqc2cnczskj2l6lqjnrndxkgxoe4.epomma3osnzza22non2e87imrr-fuscy8sffhrucju0sexg5c5.gdslc\",\n      \"info\": \" |\"\n    }\n  },\n  {\n    \"title\": \"block sample 9\",\n    \"value\": {\n      \"name\": \"/9\",\n      \"ay\": 2009,\n      \"assign\": [],\n      \"match\": {\n        \"pattern\": \"IUC*\",\n        \"exclude\": \"RBLx7\",\n        \"info\": \"\\\\w\\\\[.\"\n      },\n      \"satisfy\": [\n        {\n          \"mc\": \">=101\"\n        }\n      ],\n      \"info\": \"`+nS=\"\n    }\n  }\n]",
              "code": "fast_check_1.sample(index_test_2.block, 10).forEach((sample, i) => addContext_1.default(this, {\n    title: `block sample ${i}`,\n    value: sample,\n}));\nreturn fast_check_1.assert(fast_check_1.property(index_test_2.block, ajvValidate));",
              "err": {},
              "uuid": "d23763ff-399e-41bc-a813-80f60101763f",
              "parentUUID": "ac543692-bf1d-4ec6-8da9-52cad2c1b7b8",
              "isHook": false,
              "skipped": false
            },
            {
              "title": "should not validate non-object",
              "fullTitle": "blockSchema should not validate non-object",
              "timedOut": false,
              "duration": 2,
              "state": "passed",
              "speed": "fast",
              "pass": true,
              "fail": false,
              "pending": false,
              "context": null,
              "code": "const error = {\n    instancePath: \"\",\n    message: \"block should be an object\",\n};\nisInvalidBlock(null, error);\nisInvalidBlock(undefined, error);\nisInvalidBlock(10, error);\nisInvalidBlock([12, 24], error);\nisInvalidBlock(\"abc\", error);",
              "err": {},
              "uuid": "ad4aa422-7a46-4668-856c-43d93f67d127",
              "parentUUID": "ac543692-bf1d-4ec6-8da9-52cad2c1b7b8",
              "isHook": false,
              "skipped": false
            },
            {
              "title": "should not validate block with invalid properties",
              "fullTitle": "blockSchema should not validate block with invalid properties",
              "timedOut": false,
              "duration": 1,
              "state": "passed",
              "speed": "fast",
              "pass": true,
              "fail": false,
              "pending": false,
              "context": null,
              "code": "isInvalidBlock({\n        name: { foo: \"bar\" },\n        ay: -1000,\n        assign: {},\n        match: 1,\n        satisfy: 2,\n        url: { abc: \"def\" },\n        info: 42,\n    }, { instancePath: \"/name\", message: \"property 'name' should be a string\" }, {\n        instancePath: \"/ay\",\n        message: \"property 'ay' should be a positive integer\",\n    }, {\n        instancePath: \"/assign\",\n        message: \"property 'assign' should be either a block ID or an array of block IDs\",\n    }, {\n        instancePath: \"/match\",\n        message: \"property 'match' should be either a match rule or an array of match rules\",\n    }, {\n        instancePath: \"/satisfy\",\n        message: \"property 'satisfy' should be either a satisfy rule or an array of satisfy rules\",\n    }, { instancePath: \"/url\", message: \"property 'url' should be a string\" }, { instancePath: \"/info\", message: \"property 'info' should be a string\" })",
              "err": {},
              "uuid": "1fdff534-5135-4fde-9efa-a948efe32642",
              "parentUUID": "ac543692-bf1d-4ec6-8da9-52cad2c1b7b8",
              "isHook": false,
              "skipped": false
            }
          ],
          "suites": [],
          "passes": [
            "d23763ff-399e-41bc-a813-80f60101763f",
            "ad4aa422-7a46-4668-856c-43d93f67d127",
            "1fdff534-5135-4fde-9efa-a948efe32642"
          ],
          "failures": [],
          "pending": [],
          "skipped": [],
          "duration": 176,
          "root": false,
          "rootEmpty": false,
          "_timeout": 2000
        },
        {
          "uuid": "87fab9ac-f4a6-42d5-9eec-f9d56877e733",
          "title": "patternSchema",
          "fullFile": "/home/runner/work/planwithus-lib/planwithus-lib/src/matchRule/pattern/schemas.test.ts",
          "file": "/src/matchRule/pattern/schemas.test.ts",
          "beforeHooks": [],
          "afterHooks": [],
          "tests": [
            {
              "title": "should validate non-empty pattern composed of A-Z, 0-9, x or *",
              "fullTitle": "patternSchema should validate non-empty pattern composed of A-Z, 0-9, x or *",
              "timedOut": false,
              "duration": 1,
              "state": "passed",
              "speed": "fast",
              "pass": true,
              "fail": false,
              "pending": false,
              "context": "[\n  {\n    \"title\": \"pattern sample 0\",\n    \"value\": \"SVW964\"\n  },\n  {\n    \"title\": \"pattern sample 1\",\n    \"value\": \"QQ571\"\n  },\n  {\n    \"title\": \"pattern sample 2\",\n    \"value\": \"KX95\"\n  },\n  {\n    \"title\": \"pattern sample 3\",\n    \"value\": \"DHQ7\"\n  },\n  {\n    \"title\": \"pattern sample 4\",\n    \"value\": \"JGK1\"\n  },\n  {\n    \"title\": \"pattern sample 5\",\n    \"value\": \"TMW1V\"\n  },\n  {\n    \"title\": \"pattern sample 6\",\n    \"value\": \"FY34\"\n  },\n  {\n    \"title\": \"pattern sample 7\",\n    \"value\": \"UG9R\"\n  },\n  {\n    \"title\": \"pattern sample 8\",\n    \"value\": \"RQ0\"\n  },\n  {\n    \"title\": \"pattern sample 9\",\n    \"value\": \"AU48\"\n  }\n]",
              "code": "fast_check_1.sample(index_test_2.pattern, 10).forEach((sample, i) => addContext_1.default(this, {\n    title: `pattern sample ${i}`,\n    value: sample,\n}));\nreturn fast_check_1.assert(fast_check_1.property(index_test_2.pattern, ajvValidate), {\n    examples: [[\"*\"], [\"ACC1002\"], [\"IS1103\"], [\"CS1231S\"], [\"MA1102R\"]],\n});",
              "err": {},
              "uuid": "7f78265f-6750-4d8e-a6ca-6b2472df0f80",
              "parentUUID": "87fab9ac-f4a6-42d5-9eec-f9d56877e733",
              "isHook": false,
              "skipped": false
            },
            {
              "title": "should not validate empty pattern",
              "fullTitle": "patternSchema should not validate empty pattern",
              "timedOut": false,
              "duration": 0,
              "state": "passed",
              "speed": "fast",
              "pass": true,
              "fail": false,
              "pending": false,
              "context": null,
              "code": "isInvalidPattern(\"\")",
              "err": {},
              "uuid": "e5f1adc5-f1ad-42e1-9720-9f7bc65c3389",
              "parentUUID": "87fab9ac-f4a6-42d5-9eec-f9d56877e733",
              "isHook": false,
              "skipped": false
            },
            {
              "title": "should not validate pattern with invalid characters",
              "fullTitle": "patternSchema should not validate pattern with invalid characters",
              "timedOut": false,
              "duration": 1,
              "state": "passed",
              "speed": "fast",
              "pass": true,
              "fail": false,
              "pending": false,
              "context": null,
              "code": "[\"AB123a\", \"Ac123a\", \"AB123^S\", \"AB1*3^S\", \"$A1*3^S\", \"/A1x33S\"].forEach(isInvalidPattern)",
              "err": {},
              "uuid": "df130994-4dcc-4403-8517-5bebfc9b6c45",
              "parentUUID": "87fab9ac-f4a6-42d5-9eec-f9d56877e733",
              "isHook": false,
              "skipped": false
            }
          ],
          "suites": [],
          "passes": [
            "7f78265f-6750-4d8e-a6ca-6b2472df0f80",
            "e5f1adc5-f1ad-42e1-9720-9f7bc65c3389",
            "df130994-4dcc-4403-8517-5bebfc9b6c45"
          ],
          "failures": [],
          "pending": [],
          "skipped": [],
          "duration": 2,
          "root": false,
          "rootEmpty": false,
          "_timeout": 2000
        },
        {
          "uuid": "5083db0b-a869-4206-bfdd-7318179d90f5",
          "title": "matchRuleSchema",
          "fullFile": "/home/runner/work/planwithus-lib/planwithus-lib/src/matchRule/schemas.test.ts",
          "file": "/src/matchRule/schemas.test.ts",
          "beforeHooks": [],
          "afterHooks": [],
          "tests": [
            {
              "title": "should validate match rule with valid pattern",
              "fullTitle": "matchRuleSchema should validate match rule with valid pattern",
              "timedOut": false,
              "duration": 1,
              "state": "passed",
              "speed": "fast",
              "pass": true,
              "fail": false,
              "pending": false,
              "context": "[\n  {\n    \"title\": \"pattern sample 0\",\n    \"value\": \"NB34\"\n  },\n  {\n    \"title\": \"pattern sample 1\",\n    \"value\": \"WZI*\"\n  },\n  {\n    \"title\": \"pattern sample 2\",\n    \"value\": \"KQK81V\"\n  },\n  {\n    \"title\": \"pattern sample 3\",\n    \"value\": \"NCxxT\"\n  },\n  {\n    \"title\": \"pattern sample 4\",\n    \"value\": \"DXB9\"\n  },\n  {\n    \"title\": \"pattern sample 5\",\n    \"value\": \"CPW6L\"\n  },\n  {\n    \"title\": \"pattern sample 6\",\n    \"value\": \"OE7300C\"\n  },\n  {\n    \"title\": \"pattern sample 7\",\n    \"value\": \"FJ6\"\n  },\n  {\n    \"title\": \"pattern sample 8\",\n    \"value\": \"NG17x7\"\n  },\n  {\n    \"title\": \"pattern sample 9\",\n    \"value\": \"LZY94\"\n  }\n]",
              "code": "fast_check_1.sample(index_test_3.pattern, 10).forEach((sample, i) => addContext_1.default(this, {\n    title: `pattern sample ${i}`,\n    value: sample,\n}));\nreturn fast_check_1.assert(fast_check_1.property(index_test_3.pattern, ajvValidate));",
              "err": {},
              "uuid": "f6eba196-b25e-4f3c-a388-6b42a6593203",
              "parentUUID": "5083db0b-a869-4206-bfdd-7318179d90f5",
              "isHook": false,
              "skipped": false
            },
            {
              "title": "should validate match rules with valid pattern, exclude and info",
              "fullTitle": "matchRuleSchema should validate match rules with valid pattern, exclude and info",
              "timedOut": false,
              "duration": 3,
              "state": "passed",
              "speed": "fast",
              "pass": true,
              "fail": false,
              "pending": false,
              "context": "[\n  {\n    \"title\": \"patternMatchRule sample 0\",\n    \"value\": {\n      \"pattern\": \"PB9\",\n      \"exclude\": [],\n      \"info\": \"8rF\"\n    }\n  },\n  {\n    \"title\": \"patternMatchRule sample 1\",\n    \"value\": {\n      \"pattern\": \"GPD27\",\n      \"exclude\": [\n        \"IDL0550S\",\n        \"IK36\",\n        \"KHR7\"\n      ],\n      \"info\": \"6%8%\"\n    }\n  },\n  {\n    \"title\": \"patternMatchRule sample 2\",\n    \"value\": {\n      \"pattern\": \"SH70T\",\n      \"exclude\": [],\n      \"info\": \"tTd\\\"\\\"~O^DT\"\n    }\n  },\n  {\n    \"title\": \"patternMatchRule sample 3\",\n    \"value\": {\n      \"pattern\": \"CME8914B\",\n      \"exclude\": [\n        \"QQx292\",\n        \"PB2\",\n        \"SW8064W\",\n        \"UCX9595\",\n        \"RO1\"\n      ],\n      \"info\": \"^hPQ.rDOS\"\n    }\n  },\n  {\n    \"title\": \"patternMatchRule sample 4\",\n    \"value\": {\n      \"pattern\": \"FR4\",\n      \"info\": \"{ j\"\n    }\n  },\n  {\n    \"title\": \"patternMatchRule sample 5\",\n    \"value\": {\n      \"pattern\": \"CA98*4\",\n      \"exclude\": [\n        \"LOL1xB\",\n        \"BZx\"\n      ]\n    }\n  },\n  {\n    \"title\": \"patternMatchRule sample 6\",\n    \"value\": {\n      \"pattern\": \"XNA30\",\n      \"exclude\": [\n        \"JS57\",\n        \"MI444I\",\n        \"KL16O\",\n        \"BCU93Z\"\n      ]\n    }\n  },\n  {\n    \"title\": \"patternMatchRule sample 7\",\n    \"value\": {\n      \"pattern\": \"OZN7\",\n      \"exclude\": \"GHZ97\",\n      \"info\": \"\"\n    }\n  },\n  {\n    \"title\": \"patternMatchRule sample 8\",\n    \"value\": {\n      \"pattern\": \"UT25\",\n      \"exclude\": \"WV70\",\n      \"info\": \"h\"\n    }\n  },\n  {\n    \"title\": \"patternMatchRule sample 9\",\n    \"value\": {\n      \"pattern\": \"SR5\",\n      \"exclude\": \"QO6F\",\n      \"info\": \"!SXe 6 h\\\"J\"\n    }\n  }\n]",
              "code": "fast_check_1.sample(index_test_2.patternMatchRule, 10).forEach((sample, i) => addContext_1.default(this, {\n    title: `patternMatchRule sample ${i}`,\n    value: sample,\n}));\nreturn fast_check_1.assert(fast_check_1.property(index_test_2.patternMatchRule, ajvValidate));",
              "err": {},
              "uuid": "50642548-303c-420c-9931-0a96cc252dde",
              "parentUUID": "5083db0b-a869-4206-bfdd-7318179d90f5",
              "isHook": false,
              "skipped": false
            },
            {
              "title": "should validate valid recursive match rules",
              "fullTitle": "matchRuleSchema should validate valid recursive match rules",
              "timedOut": false,
              "duration": 7,
              "state": "passed",
              "speed": "fast",
              "pass": true,
              "fail": false,
              "pending": false,
              "context": "[\n  {\n    \"title\": \"matchRule sample 0\",\n    \"value\": {\n      \"or\": [\n        {\n          \"or\": [\n            {\n              \"or\": [\n                \"WQ**0\",\n                {\n                  \"or\": [\n                    {\n                      \"pattern\": \"RM*599\",\n                      \"exclude\": \"AGB6673O\",\n                      \"info\": \"y\"\n                    },\n                    \"VIW85\",\n                    \"ZY88*3\",\n                    \"HW31C\"\n                  ]\n                }\n              ]\n            }\n          ]\n        }\n      ]\n    }\n  },\n  {\n    \"title\": \"matchRule sample 1\",\n    \"value\": {\n      \"pattern\": \"SFZ08*\",\n      \"exclude\": \"LN79C\",\n      \"info\": \"qIg'~vX\"\n    }\n  },\n  {\n    \"title\": \"matchRule sample 2\",\n    \"value\": {\n      \"pattern\": \"MP9Z\",\n      \"exclude\": [\n        \"TD89\"\n      ]\n    }\n  },\n  {\n    \"title\": \"matchRule sample 3\",\n    \"value\": {\n      \"and\": [\n        {\n          \"pattern\": \"ZB88\",\n          \"exclude\": [\n            \"QM2\",\n            \"ZWWx958K\"\n          ],\n          \"info\": \"YKb\"\n        },\n        \"CRL4793U\",\n        \"ZGG4\",\n        {\n          \"or\": [\n            \"OO7xY\",\n            \"XV6\",\n            {\n              \"and\": [\n                \"MV6*3\",\n                {\n                  \"or\": [\n                    \"OEx494U\"\n                  ]\n                },\n                \"ON*79\",\n                \"GI67V\",\n                \"JC*3B\"\n              ]\n            },\n            \"HTF71I\",\n            {\n              \"pattern\": \"SE5\",\n              \"exclude\": [\n                \"LP3R\",\n                \"NGO886K\"\n              ],\n              \"info\": \"Z.EWW7\"\n            }\n          ]\n        },\n        {\n          \"and\": [\n            \"VQ74N\",\n            {\n              \"or\": [\n                \"GC5\",\n                \"IB5537Y\",\n                {\n                  \"pattern\": \"LF6x72\",\n                  \"exclude\": \"CN7431V\",\n                  \"info\": \"YcQ>G:z\"\n                }\n              ]\n            },\n            \"PLE967X\"\n          ]\n        }\n      ]\n    }\n  },\n  {\n    \"title\": \"matchRule sample 4\",\n    \"value\": \"PF*35*L\"\n  },\n  {\n    \"title\": \"matchRule sample 5\",\n    \"value\": {\n      \"or\": [\n        {\n          \"and\": [\n            {\n              \"pattern\": \"YPR*1x0\",\n              \"exclude\": [\n                \"LB4460X\",\n                \"RFO4\",\n                \"HE7\",\n                \"XSU4*E\"\n              ]\n            },\n            {\n              \"or\": [\n                \"LR4L\",\n                \"TJF66Y\",\n                \"TB9xL\"\n              ]\n            },\n            {\n              \"pattern\": \"YHY95B\",\n              \"exclude\": \"WL96A\"\n            },\n            {\n              \"and\": [\n                \"VKT4312E\"\n              ]\n            }\n          ]\n        }\n      ]\n    }\n  },\n  {\n    \"title\": \"matchRule sample 6\",\n    \"value\": \"HB9M\"\n  },\n  {\n    \"title\": \"matchRule sample 7\",\n    \"value\": \"OBI1x5\"\n  },\n  {\n    \"title\": \"matchRule sample 8\",\n    \"value\": {\n      \"and\": []\n    }\n  },\n  {\n    \"title\": \"matchRule sample 9\",\n    \"value\": {\n      \"pattern\": \"DQC7A\",\n      \"exclude\": \"FDxI\",\n      \"info\": \"B\"\n    }\n  }\n]",
              "code": "fast_check_1.sample(index_test_2.matchRule, 10).forEach((sample, i) => addContext_1.default(this, {\n    title: `matchRule sample ${i}`,\n    value: sample,\n}));\nreturn fast_check_1.assert(fast_check_1.property(index_test_2.matchRule, ajvValidate));",
              "err": {},
              "uuid": "8d07c12f-5856-4a58-80db-81c06afa3db3",
              "parentUUID": "5083db0b-a869-4206-bfdd-7318179d90f5",
              "isHook": false,
              "skipped": false
            },
            {
              "title": "should not validate non-string/object",
              "fullTitle": "matchRuleSchema should not validate non-string/object",
              "timedOut": false,
              "duration": 1,
              "state": "passed",
              "speed": "fast",
              "pass": true,
              "fail": false,
              "pending": false,
              "context": null,
              "code": "const error = {\n    instancePath: \"\",\n    message: \"match rule should be either a string or an object\",\n};\nisInvalidRule(null, error);\nisInvalidRule(undefined, error);\nisInvalidRule(10, error);\nisInvalidRule([12, 24], error);",
              "err": {},
              "uuid": "eb0b4686-7178-4c00-96d8-433a13b243a5",
              "parentUUID": "5083db0b-a869-4206-bfdd-7318179d90f5",
              "isHook": false,
              "skipped": false
            },
            {
              "title": "should not validate match rules with extra properties",
              "fullTitle": "matchRuleSchema should not validate match rules with extra properties",
              "timedOut": false,
              "duration": 1,
              "state": "passed",
              "speed": "fast",
              "pass": true,
              "fail": false,
              "pending": false,
              "context": null,
              "code": "isInvalidRule({\n        and: [{ or: [{ pattern: \"CS2103T\", info2: \"foobar\" }], abc: \"def\" }],\n        mno: \"pqr\",\n    }, {\n        instancePath: \"/and/0/or/0\",\n        message: \"pattern match rule should have properties 'pattern', 'exclude' (optional) and 'info' (optional) only\",\n    }, {\n        instancePath: \"/and/0\",\n        message: \"or match rule should have property 'or' only\",\n    }, {\n        instancePath: \"\",\n        message: \"and match rule should have property 'and' only\",\n    })",
              "err": {},
              "uuid": "fddff002-06e8-43a3-9597-a5082a1ef5b7",
              "parentUUID": "5083db0b-a869-4206-bfdd-7318179d90f5",
              "isHook": false,
              "skipped": false
            },
            {
              "title": "should not validate ambiguous match rules",
              "fullTitle": "matchRuleSchema should not validate ambiguous match rules",
              "timedOut": false,
              "duration": 1,
              "state": "passed",
              "speed": "fast",
              "pass": true,
              "fail": false,
              "pending": false,
              "context": null,
              "code": "const message = \"match rule should have only one of properties 'pattern', 'and', 'or'\";\nisInvalidRule({\n    or: [\n        { pattern: \"CS1231\", and: [] },\n        { pattern: \"CS1231\", or: [] },\n        { and: [{ and: [\"abc\"], or: [\"def\"] }] },\n    ],\n}, { instancePath: \"/or/0\", message }, { instancePath: \"/or/1\", message }, { instancePath: \"/or/2/and/0\", message });",
              "err": {},
              "uuid": "664182e8-b467-4f9a-8d53-5f8306c4b11a",
              "parentUUID": "5083db0b-a869-4206-bfdd-7318179d90f5",
              "isHook": false,
              "skipped": false
            },
            {
              "title": "should not validate pattern match rule with invalid patterns",
              "fullTitle": "matchRuleSchema should not validate pattern match rule with invalid patterns",
              "timedOut": false,
              "duration": 1,
              "state": "passed",
              "speed": "fast",
              "pass": true,
              "fail": false,
              "pending": false,
              "context": null,
[...]
              "err": {},
              "uuid": "7e738f5f-b5f1-4373-ab5a-0de6c7aea4eb",
              "parentUUID": "5083db0b-a869-4206-bfdd-7318179d90f5",
              "isHook": false,
              "skipped": false
            },
            {
              "title": "should not validate and match rules with non-array property",
              "fullTitle": "matchRuleSchema should not validate and match rules with non-array property",
              "timedOut": false,
              "duration": 1,
              "state": "passed",
              "speed": "fast",
              "pass": true,
              "fail": false,
              "pending": false,
              "context": null,
              "code": "const message = \"property 'and' should be an array of match rules\";\nisInvalidRule({ or: [{ and: {} }, { or: [{ and: 3 }] }] }, { instancePath: \"/or/0/and\", message }, { instancePath: \"/or/1/or/0/and\", message });",
              "err": {},
              "uuid": "dadc4a9e-e96a-47d5-99a6-5ccc5639dadf",
              "parentUUID": "5083db0b-a869-4206-bfdd-7318179d90f5",
              "isHook": false,
              "skipped": false
            },
            {
              "title": "should not validate or match rules with non-array property",
              "fullTitle": "matchRuleSchema should not validate or match rules with non-array property",
              "timedOut": false,
              "duration": 0,
              "state": "passed",
              "speed": "fast",
              "pass": true,
              "fail": false,
              "pending": false,
              "context": null,
              "code": "const message = \"property 'or' should be an array of match rules\";\nisInvalidRule({ or: [{ or: {} }, { and: [{ or: 3 }] }] }, { instancePath: \"/or/0/or\", message }, { instancePath: \"/or/1/and/0/or\", message });",
              "err": {},
              "uuid": "24f6b1ff-d241-4b76-b969-f4473d91cb58",
              "parentUUID": "5083db0b-a869-4206-bfdd-7318179d90f5",
              "isHook": false,
              "skipped": false
            }
          ],
          "suites": [],
          "passes": [
            "f6eba196-b25e-4f3c-a388-6b42a6593203",
            "50642548-303c-420c-9931-0a96cc252dde",
            "8d07c12f-5856-4a58-80db-81c06afa3db3",
            "eb0b4686-7178-4c00-96d8-433a13b243a5",
            "fddff002-06e8-43a3-9597-a5082a1ef5b7",
            "664182e8-b467-4f9a-8d53-5f8306c4b11a",
            "7be0dfdf-cd0c-477d-8780-c35d311b36cc",
            "3acfa81b-ffd2-4d3e-b7dc-b217428ec777",
            "7e738f5f-b5f1-4373-ab5a-0de6c7aea4eb",
            "dadc4a9e-e96a-47d5-99a6-5ccc5639dadf",
            "24f6b1ff-d241-4b76-b969-f4473d91cb58"
          ],
          "failures": [],
          "pending": [],
          "skipped": [],
          "duration": 17,
          "root": false,
          "rootEmpty": false,
          "_timeout": 2000
        },
        {
          "uuid": "9331766f-4785-41e7-b964-b4b2e828d52e",
          "title": "inequalitySchema",
          "fullFile": "/home/runner/work/planwithus-lib/planwithus-lib/src/satisfyRule/inequality/schemas.test.ts",
          "file": "/src/satisfyRule/inequality/schemas.test.ts",
          "beforeHooks": [],
          "afterHooks": [],
          "tests": [
            {
              "title": "should validate inequality in the form <=n or >=n",
              "fullTitle": "inequalitySchema should validate inequality in the form <=n or >=n",
              "timedOut": false,
              "duration": 1,
              "state": "passed",
              "speed": "fast",
              "pass": true,
              "fail": false,
              "pending": false,
              "context": "[\n  {\n    \"title\": \"inequality sample 0\",\n    \"value\": \">=149\"\n  },\n  {\n    \"title\": \"inequality sample 1\",\n    \"value\": \"<=139\"\n  },\n  {\n    \"title\": \"inequality sample 2\",\n    \"value\": \">=195\"\n  },\n  {\n    \"title\": \"inequality sample 3\",\n    \"value\": \">=200\"\n  },\n  {\n    \"title\": \"inequality sample 4\",\n    \"value\": \">=1\"\n  },\n  {\n    \"title\": \"inequality sample 5\",\n    \"value\": \"<=135\"\n  },\n  {\n    \"title\": \"inequality sample 6\",\n    \"value\": \">=6\"\n  },\n  {\n    \"title\": \"inequality sample 7\",\n    \"value\": \"<=6\"\n  },\n  {\n    \"title\": \"inequality sample 8\",\n    \"value\": \">=3\"\n  },\n  {\n    \"title\": \"inequality sample 9\",\n    \"value\": \"<=75\"\n  }\n]",
              "code": "fast_check_1.sample(index_test_2.inequality, 10).forEach((sample, i) => addContext_1.default(this, {\n    title: `inequality sample ${i}`,\n    value: sample,\n}));\nreturn fast_check_1.assert(fast_check_1.property(index_test_2.inequality, ajvValidate));",
              "err": {},
              "uuid": "4ab75e46-69c7-496d-ad71-d21df2318e8e",
              "parentUUID": "9331766f-4785-41e7-b964-b4b2e828d52e",
              "isHook": false,
              "skipped": false
            },
            {
              "title": "should not validate inequality of invalid form",
              "fullTitle": "inequalitySchema should not validate inequality of invalid form",
              "timedOut": false,
              "duration": 1,
              "state": "passed",
              "speed": "fast",
              "pass": true,
              "fail": false,
              "pending": false,
              "context": null,
              "code": "[\n        \"\",\n        \"==23\",\n        \"23\",\n        \"<23\",\n        \">23\",\n        \"<=-1\",\n        \">=-1\",\n        \"<= 2\",\n        \">= 1\",\n        \"> 3\",\n        \"< 3\",\n        \"<=3a\",\n        \">=3a\",\n        \"a<=3\",\n        \"a>=3\",\n    ].forEach(isInvalidInequality)",
              "err": {},
              "uuid": "1bfe8bb9-9f35-4eff-a73e-9e3525fe24f2",
              "parentUUID": "9331766f-4785-41e7-b964-b4b2e828d52e",
              "isHook": false,
              "skipped": false
            }
          ],
          "suites": [],
          "passes": [
            "4ab75e46-69c7-496d-ad71-d21df2318e8e",
            "1bfe8bb9-9f35-4eff-a73e-9e3525fe24f2"
          ],
          "failures": [],
          "pending": [],
          "skipped": [],
          "duration": 2,
          "root": false,
          "rootEmpty": false,
          "_timeout": 2000
        },
        {
          "uuid": "e6dcfea0-7893-4d7e-a289-0ff0501d57f3",
          "title": "satisfyRuleSchema",
          "fullFile": "/home/runner/work/planwithus-lib/planwithus-lib/src/satisfyRule/schemas.test.ts",
          "file": "/src/satisfyRule/schemas.test.ts",
          "beforeHooks": [],
          "afterHooks": [],
          "tests": [
            {
              "title": "should validate satisfy rule with valid block id",
              "fullTitle": "satisfyRuleSchema should validate satisfy rule with valid block id",
              "timedOut": false,
              "duration": 1,
              "state": "passed",
              "speed": "fast",
              "pass": true,
              "fail": false,
              "pending": false,
              "context": null,
              "code": "fast_check_1.assert(fast_check_1.property(fast_check_1.string(), ajvValidate)",
              "err": {},
              "uuid": "a0eb2b7c-54f7-4202-9792-bb5e0735b4e2",
              "parentUUID": "e6dcfea0-7893-4d7e-a289-0ff0501d57f3",
              "isHook": false,
              "skipped": false
            },
            {
              "title": "should validate satisfy rules with valid mc",
              "fullTitle": "satisfyRuleSchema should validate satisfy rules with valid mc",
              "timedOut": false,
              "duration": 2,
              "state": "passed",
              "speed": "fast",
              "pass": true,
              "fail": false,
              "pending": false,
              "context": "[\n  {\n    \"title\": \"mcSatisfyRule sample 0\",\n    \"value\": {\n      \"mc\": \"<=200\"\n    }\n  },\n  {\n    \"title\": \"mcSatisfyRule sample 1\",\n    \"value\": {\n      \"mc\": \"<=109\"\n    }\n  },\n  {\n    \"title\": \"mcSatisfyRule sample 2\",\n    \"value\": {\n      \"mc\": \">=3\"\n    }\n  },\n  {\n    \"title\": \"mcSatisfyRule sample 3\",\n    \"value\": {\n      \"mc\": \">=86\"\n    }\n  },\n  {\n    \"title\": \"mcSatisfyRule sample 4\",\n    \"value\": {\n      \"mc\": \">=7\"\n    }\n  },\n  {\n    \"title\": \"mcSatisfyRule sample 5\",\n    \"value\": {\n      \"mc\": \"<=195\"\n    }\n  },\n  {\n    \"title\": \"mcSatisfyRule sample 6\",\n    \"value\": {\n      \"mc\": \">=147\"\n    }\n  },\n  {\n    \"title\": \"mcSatisfyRule sample 7\",\n    \"value\": {\n      \"mc\": \"<=154\"\n    }\n  },\n  {\n    \"title\": \"mcSatisfyRule sample 8\",\n    \"value\": {\n      \"mc\": \"<=119\"\n    }\n  },\n  {\n    \"title\": \"mcSatisfyRule sample 9\",\n    \"value\": {\n      \"mc\": \"<=48\"\n    }\n  }\n]",
              "code": "fast_check_1.sample(index_test_2.mcSatisfyRule, 10).forEach((sample, i) => addContext_1.default(this, {\n    title: `mcSatisfyRule sample ${i}`,\n    value: sample,\n}));\nreturn fast_check_1.assert(fast_check_1.property(index_test_2.mcSatisfyRule, ajvValidate));",
              "err": {},
              "uuid": "4c979c9c-ce4c-459c-bb85-c658ec4a5dcf",
              "parentUUID": "e6dcfea0-7893-4d7e-a289-0ff0501d57f3",
              "isHook": false,
              "skipped": false
            },
            {
              "title": "should validate valid recursive satisfy rules",
              "fullTitle": "satisfyRuleSchema should validate valid recursive satisfy rules",
              "timedOut": false,
              "duration": 5,
              "state": "passed",
              "speed": "fast",
              "pass": true,
              "fail": false,
              "pending": false,
              "context": "[\n  {\n    \"title\": \"satisfyRule sample 0\",\n    \"value\": \"1MeM1\"\n  },\n  {\n    \"title\": \"satisfyRule sample 1\",\n    \"value\": {\n      \"or\": [\n        \"@k$\",\n        {\n          \"or\": []\n        },\n        {\n          \"mc\": \">=5\"\n        },\n        {\n          \"mc\": \"<=8\"\n        },\n        {\n          \"mc\": \">=3\"\n        }\n      ]\n    }\n  },\n  {\n    \"title\": \"satisfyRule sample 2\",\n    \"value\": {\n      \"and\": [\n        \";y$}mKr\"\n      ]\n    }\n  },\n  {\n    \"title\": \"satisfyRule sample 3\",\n    \"value\": {\n      \"and\": []\n    }\n  },\n  {\n    \"title\": \"satisfyRule sample 4\",\n    \"value\": \"u#kS+\"\n  },\n  {\n    \"title\": \"satisfyRule sample 5\",\n    \"value\": {\n      \"or\": [\n        {\n          \"and\": [\n            {\n              \"or\": [\n                {\n                  \"and\": [\n                    \"4O5}\",\n                    \"\",\n                    \"i2Jy\",\n                    \"\"\n                  ]\n                },\n                {\n                  \"and\": [\n                    \"I!voNq\",\n                    \"'%ne|0-\"\n                  ]\n                },\n                \"v^Ay{}Syq\",\n                \"o-rNM|?\"\n              ]\n            },\n            {\n              \"and\": [\n                \"8)x<1-9r,\",\n                \"k5}Msg\"\n              ]\n            },\n            {\n              \"and\": [\n                \"pjlKIvO)wF\"\n              ]\n            },\n            {\n              \"and\": [\n                {\n                  \"or\": [\n                    \"6aqtfu\"\n                  ]\n                },\n                {\n                  \"mc\": \"<=148\"\n                }\n              ]\n            }\n          ]\n        },\n        \"H_I\",\n        {\n          \"or\": [\n            \"!CG^\\\\`I\"\n          ]\n        },\n        \"+2?$+}?\"\n      ]\n    }\n  },\n  {\n    \"title\": \"satisfyRule sample 6\",\n    \"value\": {\n      \"and\": [\n        {\n          \"mc\": \"<=67\"\n        },\n        {\n          \"and\": []\n        }\n      ]\n    }\n  },\n  {\n    \"title\": \"satisfyRule sample 7\",\n    \"value\": {\n      \"or\": [\n        {\n          \"or\": [\n            \"-m8\",\n            {\n              \"and\": [\n                \"{Sm\",\n                \"FM]%@a1\",\n                \"pu4\",\n                \"C{$1(} D|\",\n                \"7f1<]In!k\"\n              ]\n            },\n            \"\"\n          ]\n        },\n        {\n          \"mc\": \"<=161\"\n        },\n        {\n          \"or\": []\n        },\n        {\n          \"and\": [\n            \"I pI\",\n            \"T{8Eb<E=D\",\n            \"?($B\",\n            {\n              \"mc\": \">=55\"\n            }\n          ]\n        },\n        {\n          \"mc\": \"<=134\"\n        }\n      ]\n    }\n  },\n  {\n    \"title\": \"satisfyRule sample 8\",\n    \"value\": \"R}z&Nq1n<\"\n  },\n  {\n    \"title\": \"satisfyRule sample 9\",\n    \"value\": {\n      \"or\": []\n    }\n  }\n]",
              "code": "fast_check_1.sample(index_test_2.satisfyRule, 10).forEach((sample, i) => addContext_1.default(this, {\n    title: `satisfyRule sample ${i}`,\n    value: sample,\n}));\nreturn fast_check_1.assert(fast_check_1.property(index_test_2.satisfyRule, ajvValidate));",
              "err": {},
              "uuid": "489b5496-93c0-418f-9c13-5b861e7bc635",
              "parentUUID": "e6dcfea0-7893-4d7e-a289-0ff0501d57f3",
              "isHook": false,
              "skipped": false
            },
            {
              "title": "should not validate non-string/object",
              "fullTitle": "satisfyRuleSchema should not validate non-string/object",
              "timedOut": false,
              "duration": 0,
              "state": "passed",
              "speed": "fast",
              "pass": true,
              "fail": false,
              "pending": false,
              "context": null,
              "code": "const error = {\n    instancePath: \"\",\n    message: \"satisfy rule should be either a string or an object\",\n};\nisInvalidRule(null, error);\nisInvalidRule(undefined, error);\nisInvalidRule(10, error);\nisInvalidRule([12, 24], error);",
              "err": {},
              "uuid": "7ce41aad-b4b1-4d25-9a08-743eb9ba63ec",
              "parentUUID": "e6dcfea0-7893-4d7e-a289-0ff0501d57f3",
              "isHook": false,
              "skipped": false
            },
            {
              "title": "should not validate satisfy rules with extra properties",
              "fullTitle": "satisfyRuleSchema should not validate satisfy rules with extra properties",
              "timedOut": false,
              "duration": 1,
              "state": "passed",
              "speed": "fast",
              "pass": true,
              "fail": false,
              "pending": false,
              "context": null,
              "code": "isInvalidRule({\n        and: [\n            { or: [\"2k\"], abc: \"def\" },\n            { mc: 8, ghi: \"jkl\" },\n        ],\n        mno: \"pqr\",\n    }, {\n        instancePath: \"/and/0\",\n        message: \"or satisfy rule should have property 'or' only\",\n    }, {\n        instancePath: \"/and/1\",\n        message: \"MC satisfy rule should have property 'mc' only\",\n    }, {\n        instancePath: \"\",\n        message: \"and satisfy rule should have property 'and' only\",\n    })",
              "err": {},
              "uuid": "139b98eb-f567-483a-a3f9-8b35d8f974ae",
              "parentUUID": "e6dcfea0-7893-4d7e-a289-0ff0501d57f3",
              "isHook": false,
              "skipped": false
            },
            {
              "title": "should not validate ambiguous satisfy rules",
              "fullTitle": "satisfyRuleSchema should not validate ambiguous satisfy rules",
              "timedOut": false,
              "duration": 1,
              "state": "passed",
              "speed": "fast",
              "pass": true,
              "fail": false,
              "pending": false,
              "context": null,
              "code": "const message = \"satisfy rule should have only one of properties 'mc', 'and', 'or'\";\nisInvalidRule({\n    or: [\n        { mc: 5, and: [\"CS2040\"] },\n        { and: [{ and: [\"abc\"], or: [\"def\"] }] },\n    ],\n}, { instancePath: \"/or/0\", message }, { instancePath: \"/or/1/and/0\", message });",
              "err": {},
              "uuid": "f8435616-9aa6-404c-ba9a-8d173982d61a",
              "parentUUID": "e6dcfea0-7893-4d7e-a289-0ff0501d57f3",
              "isHook": false,
              "skipped": false
            },
            {
              "title": "should not validate and satisfy rules with non-array property",
              "fullTitle": "satisfyRuleSchema should not validate and satisfy rules with non-array property",
              "timedOut": false,
              "duration": 0,
              "state": "passed",
              "speed": "fast",
              "pass": true,
              "fail": false,
              "pending": false,
              "context": null,
              "code": "const message = \"property 'and' should be an array of satisfy rules\";\nisInvalidRule({ or: [{ and: {} }, { or: [{ and: 3 }] }] }, { instancePath: \"/or/0/and\", message }, { instancePath: \"/or/1/or/0/and\", message });",
              "err": {},
              "uuid": "abb7275e-a2e8-42b9-8a5e-d58744c46a8f",
              "parentUUID": "e6dcfea0-7893-4d7e-a289-0ff0501d57f3",
              "isHook": false,
              "skipped": false
            },
            {
              "title": "should not validate or satisfy rules with non-array property",
              "fullTitle": "satisfyRuleSchema should not validate or satisfy rules with non-array property",
              "timedOut": false,
              "duration": 1,
              "state": "passed",
              "speed": "fast",
              "pass": true,
              "fail": false,
              "pending": false,
              "context": null,
              "code": "const message = \"property 'or' should be an array of satisfy rules\";\nisInvalidRule({ and: [{ or: {} }, { and: [{ or: 3 }] }] }, { instancePath: \"/and/0/or\", message }, { instancePath: \"/and/1/and/0/or\", message });",
              "err": {},
              "uuid": "16bce5a4-a84f-4955-8310-3a31d20a0ac4",
              "parentUUID": "e6dcfea0-7893-4d7e-a289-0ff0501d57f3",
              "isHook": false,
              "skipped": false
            }
          ],
          "suites": [],
          "passes": [
            "a0eb2b7c-54f7-4202-9792-bb5e0735b4e2",
            "4c979c9c-ce4c-459c-bb85-c658ec4a5dcf",
            "489b5496-93c0-418f-9c13-5b861e7bc635",
            "7ce41aad-b4b1-4d25-9a08-743eb9ba63ec",
            "139b98eb-f567-483a-a3f9-8b35d8f974ae",
            "f8435616-9aa6-404c-ba9a-8d173982d61a",
            "abb7275e-a2e8-42b9-8a5e-d58744c46a8f",
            "16bce5a4-a84f-4955-8310-3a31d20a0ac4"
          ],
          "failures": [],
          "pending": [],
          "skipped": [],
          "duration": 11,
          "root": false,
          "rootEmpty": false,
          "_timeout": 2000
        }
      ],
      "passes": [],
      "failures": [],
      "pending": [],
      "skipped": [],
      "duration": 0,
      "root": true,
      "rootEmpty": true,
      "_timeout": 2000
    }
  ],
  "meta": {
    "mocha": {
      "version": "9.0.2"
    },
    "mochawesome": {
      "options": {
        "quiet": false,
        "reportFilename": "mochawesome",
        "saveHtml": true,
        "saveJson": true,
        "consoleReporter": "spec",
        "useInlineDiffs": false,
        "code": true
      },
      "version": "6.2.2"
    },
    "marge": {
      "options": {
        "reportDir": "docs"
      },
      "version": "5.2.0"
    }
  }
}