{
  "stats": {
    "suites": 6,
    "tests": 29,
    "passes": 29,
    "pending": 0,
    "failures": 0,
    "start": "2021-06-26T11:33:17.904Z",
    "end": "2021-06-26T11:33:18.173Z",
    "duration": 269,
    "testsRegistered": 29,
    "passPercent": 100,
    "pendingPercent": 0,
    "other": 0,
    "hasOther": false,
    "skipped": 0,
    "hasSkipped": false
  },
  "results": [
    {
      "uuid": "ee73a6ec-a371-49ed-816d-7547db7b3493",
      "title": "",
      "fullFile": "",
      "file": "",
      "beforeHooks": [],
      "afterHooks": [],
      "tests": [],
      "suites": [
        {
          "uuid": "ff76cc6e-6e1c-4897-b8d8-01f52846f1e3",
          "title": "initDirectories",
          "fullFile": "/home/runner/work/planwithus-lib/planwithus-lib/src/block/schemas.test.ts",
          "file": "/src/block/schemas.test.ts",
          "beforeHooks": [],
          "afterHooks": [],
          "tests": [
            {
              "title": "should parse all blocks with no errors",
              "fullTitle": "initDirectories should parse all blocks with no errors",
              "timedOut": false,
              "duration": 4,
              "state": "passed",
              "speed": "fast",
              "pass": true,
              "fail": false,
              "pending": false,
              "context": null,
              "code": "_1.initDirectories.should.not.throw()",
              "err": {},
              "uuid": "29954b23-a902-4da3-8c26-2b31bc30b113",
              "parentUUID": "ff76cc6e-6e1c-4897-b8d8-01f52846f1e3",
              "isHook": false,
              "skipped": false
            },
            {
              "title": "should produce primary, second & minor directories",
              "fullTitle": "initDirectories should produce primary, second & minor directories",
              "timedOut": false,
              "duration": 42,
              "state": "passed",
              "speed": "medium",
              "pass": true,
              "fail": false,
              "pending": false,
              "context": null,
              "code": "const directories = await _1.initDirectories();\ndirectories.should.have.property(\"primary\");\ndirectories.should.have.property(\"second\");\ndirectories.should.have.property(\"minor\");",
              "err": {},
              "uuid": "ca799f7d-9487-4245-a681-bd4be87d4830",
              "parentUUID": "ff76cc6e-6e1c-4897-b8d8-01f52846f1e3",
              "isHook": false,
              "skipped": false
            }
          ],
          "suites": [],
          "passes": [
            "29954b23-a902-4da3-8c26-2b31bc30b113",
            "ca799f7d-9487-4245-a681-bd4be87d4830"
          ],
          "failures": [],
          "pending": [],
          "skipped": [],
          "duration": 46,
          "root": false,
          "rootEmpty": false,
          "_timeout": 2000
        },
        {
          "uuid": "5d33b9f6-d2bf-4cbf-b6e8-95fb72a078ca",
          "title": "blockSchema",
          "fullFile": "/home/runner/work/planwithus-lib/planwithus-lib/src/block/schemas.test.ts",
          "file": "/src/block/schemas.test.ts",
          "beforeHooks": [],
          "afterHooks": [],
          "tests": [
            {
              "title": "should validate valid block",
              "fullTitle": "blockSchema should validate valid block",
              "timedOut": false,
              "duration": 168,
              "state": "passed",
              "speed": "slow",
              "pass": true,
              "fail": false,
              "pending": false,
              "context": "[\n  {\n    \"title\": \"block sample 0\",\n    \"value\": {\n      \"name\": \"%n+%|3\",\n      \"assign\": [\n        \"x{N\\\"$z }y\",\n        \"Y\",\n        \"D(bh,}=(l\"\n      ],\n      \"satisfy\": [\n        {\n          \"or\": [\n            {\n              \"mc\": \">=23\"\n            },\n            {\n              \"or\": [\n                \"R'\",\n                {\n                  \"or\": []\n                }\n              ]\n            },\n            \"&N\",\n            {\n              \"or\": [\n                {\n                  \"mc\": \"<=9\"\n                },\n                \"3Y\",\n                \"+ oIE'-\"\n              ]\n            }\n          ]\n        },\n        {\n          \"and\": []\n        }\n      ],\n      \"url\": \"http://5u7zay8hkkf6qah5h106yscbsp-bln1qaeelbsths4.rbf\",\n      \"info\": \"y`uy \"\n    }\n  },\n  {\n    \"title\": \"block sample 1\",\n    \"value\": {\n      \"name\": \"M !+\",\n      \"ay\": 1967,\n      \"assign\": [\n        \"yHHn\",\n        \"*4yH~f&4\",\n        \"\",\n        \"G2Cdhv3g\"\n      ],\n      \"match\": {\n        \"and\": []\n      },\n      \"satisfy\": [],\n      \"url\": \"http://wjsrjo45cspi5u.qqaaed.t9f.wqnno/U/kUPM/\",\n      \"info\": \"VgQI}<I_9\"\n    }\n  },\n  {\n    \"title\": \"block sample 2\",\n    \"value\": {\n      \"name\": \"\\\\\",\n      \"ay\": 2010,\n      \"assign\": [\n        \"HA \"\n      ],\n      \"match\": \"YII0375Y\",\n      \"satisfy\": [\n        {\n          \"and\": [\n            {\n              \"or\": [\n                \"^?\",\n                {\n                  \"and\": [\n                    \"SrWe#37E*}\",\n                    \"9LWnZB\"\n                  ]\n                },\n                {\n                  \"or\": []\n                }\n              ]\n            }\n          ]\n        },\n        {\n          \"mc\": \">=199\"\n        }\n      ],\n      \"url\": \"https://e.n0jdccljacgedecf67nuc5cfwcgffm5a-bd6vg.anjiv0yid-0zeo4cclbjcas05fwlraaaib.6f.sfdfhsi/!Fn/mbsegFg;/\",\n      \"info\": \" =\"\n    }\n  },\n  {\n    \"title\": \"block sample 3\",\n    \"value\": {\n      \"0\": {\n        \"name\": \"}Bz\",\n        \"ay\": 1955,\n        \"assign\": [\n          \")a\"\n        ],\n        \"match\": [\n          {\n            \"or\": [\n              {\n                \"or\": [\n                  {\n                    \"or\": [\n                      \"NK*\",\n                      \"VC64\",\n                      \"CKK2251W\",\n                      \"LT60*6\"\n                    ]\n                  },\n                  \"HIX23\"\n                ]\n              },\n              {\n                \"and\": [\n                  \"GIC9C\",\n                  {\n                    \"and\": [\n                      \"FDF152xA\"\n                    ]\n                  },\n                  {\n                    \"or\": [\n                      \"GY0\"\n                    ]\n                  }\n                ]\n              },\n              {\n                \"and\": []\n              }\n            ]\n          }\n        ],\n        \"satisfy\": [\n          {\n            \"and\": [\n              {\n                \"and\": [\n                  \"MC29\"\n                ]\n              },\n              {\n                \"mc\": \"<=89\"\n              },\n              {\n                \"mc\": \"<=193\"\n              }\n            ]\n          },\n          {\n            \"and\": [\n              {\n                \"and\": []\n              },\n              {\n                \"or\": [\n                  \"D&>?zXs\",\n                  \"MI4lP$gv\",\n                  {\n                    \"or\": []\n                  },\n                  \"7uz74F!\",\n                  {\n                    \"and\": [\n                      {\n                        \"or\": []\n                      },\n                      {\n                        \"mc\": \"<=200\"\n                      }\n                    ]\n                  }\n                ]\n              },\n              \"@Y\"\n            ]\n          },\n          {\n            \"mc\": \"<=185\"\n          },\n          {\n            \"and\": [\n              {\n                \"mc\": \">=134\"\n              }\n            ]\n          }\n        ],\n        \"url\": \"http://7muuktbiyl-u9n8xogwzls8lhs60gx1bnmzvt8dl6a-8aepmirs1db7d.r.me/y%F4%8F%BF%BFd////wg%27dO%F2%8B%97%9AWp/b%F3%A7%95%A9s%F2%95%9A%B5%F2%84%A4%97c*wS/c_:uy'GS'g/\",\n        \"info\": \"5\\\"#\\\"x3y\",\n        \"3q\": {\n          \"name\": \"z\",\n          \"ay\": 1993,\n          \"assign\": [\n            \"&ABAJ<.\",\n            \",SWE<_acG\",\n            \"\",\n            \"'HC:g_z9\"\n          ],\n          \"match\": {\n            \"pattern\": \"AWLx274H\",\n            \"exclude\": [\n              \"IC0*83\"\n            ],\n            \"info\": \"&\"\n          },\n          \"satisfy\": {\n            \"mc\": \">=133\"\n          },\n          \"url\": \"http://z7omfy00cwkecl05slf4tg4gfnm1kwzv5hyr0no3bvme-56p0tj.dgisfw4gtyat4c22ld3xqkac14dbs4ckp.9.hmqus5fe738cy0yr9jhnp4dambu.qzbkn03pz1abm3w89-jwvj6kvxn2le-dqa-lurq4xa26.hyr//X6b90WNXPP/;3__Bn8\",\n          \"info\": \"uM^dx:LQ4\"\n        }\n      },\n      \"name\": \"I@z\",\n      \"ay\": 1951,\n      \"assign\": [\n        \"d?%&9?\",\n        \"4Z[d\",\n        \"K2&!CS>K7m\"\n      ],\n      \"match\": \"SXN2Q\",\n      \"satisfy\": [\n        {\n          \"or\": [\n            {\n              \"mc\": \">=50\"\n            },\n            {\n              \"and\": []\n            },\n            {\n              \"mc\": \"<=200\"\n            },\n            \"{&sEj\"\n          ]\n        },\n        \"w\",\n        {\n          \"or\": [\n            \"V^B\",\n            {\n              \"and\": [\n                \"vV\",\n                {\n                  \"or\": [\n                    \"W`TPDK\"\n                  ]\n                },\n                {\n                  \"and\": [\n                    \"(IQ?UfQI\",\n                    \"\\\\\",\n                    {\n                      \"and\": [\n                        \"F@Cu\",\n                        \"vh!!gAJ{d\",\n                        \"*L9q>\",\n                        {\n                          \"mc\": \"<=84\"\n                        },\n                        \"\"\n                      ]\n                    },\n                    {\n                      \"or\": [\n                        \"@1*\",\n                        \"5\\\\D\"\n                      ]\n                    },\n                    {\n                      \"mc\": \"<=187\"\n                    }\n                  ]\n                },\n                {\n                  \"or\": [\n                    {\n                      \"mc\": \"<=114\"\n                    },\n                    {\n                      \"mc\": \">=95\"\n                    }\n                  ]\n                }\n              ]\n            },\n            {\n              \"or\": []\n            }\n          ]\n        },\n        {\n          \"or\": [\n            {\n              \"mc\": \">=114\"\n            },\n            {\n              \"and\": [\n                \"m,vdGV|e^{\"\n              ]\n            }\n          ]\n        },\n        {\n          \"or\": [\n            \"my \",\n            {\n              \"or\": [\n                {\n                  \"and\": [\n                    \"hU|z;]\",\n                    \"%+A+\",\n                    \"WQ2.W*LhxH\"\n                  ]\n                },\n                {\n                  \"and\": [\n                    {\n                      \"or\": [\n                        \"IiOaL6C\",\n                        \"=B\",\n                        \"_:]S&J\",\n                        {\n                          \"and\": [\n                            \"k_vDHk|\",\n                            \"\",\n                            \"Gj1)GjO.:\"\n                          ]\n                        },\n                        \"-7\"\n                      ]\n                    },\n                    {\n                      \"mc\": \">=190\"\n                    }\n                  ]\n                },\n                {\n                  \"mc\": \"<=188\"\n                }\n              ]\n            },\n            {\n              \"or\": []\n            }\n          ]\n        }\n      ],\n      \"url\": \"https://ewx.ciri/f'/goe/,;.K&/KQ/sg/NIv3NI/9!r85xj/66/p\",\n      \"info\": \"T;]B;|`%b)\"\n    }\n  },\n  {\n    \"title\": \"block sample 4\",\n    \"value\": {\n      \"name\": \".z9\",\n      \"ay\": 2027,\n      \"assign\": [\n        \"bls'2XK*\"\n      ],\n      \"match\": \"AN3795\",\n      \"satisfy\": [\n        {\n          \"and\": [\n            \"O<Rf*\",\n            {\n              \"or\": []\n            },\n            {\n              \"and\": [\n                {\n                  \"mc\": \">=85\"\n                },\n                {\n                  \"or\": [\n                    \"e,I@rS6vFf\"\n                  ]\n                },\n                \"<J]my<M\",\n                {\n                  \"mc\": \"<=103\"\n                },\n                \"}bx|KMQpD\"\n              ]\n            },\n            {\n              \"and\": []\n            },\n            {\n              \"mc\": \">=130\"\n            }\n          ]\n        }\n      ],\n      \"url\": \"http://o.o9.ciras9lc3-foh2tocs.dnr/-tp2godo\",\n      \"info\": \"ZRw9rClF:\"\n    }\n  },\n  {\n    \"title\": \"block sample 5\",\n    \"value\": {\n      \"name\": \"^=eOUK\",\n      \"ay\": 2028,\n      \"match\": {\n        \"pattern\": \"HRZ78\",\n        \"exclude\": [\n          \"DT8*\",\n          \"JD21O\",\n          \"SOO864\"\n        ],\n        \"info\": \"h,y~r0FR!3\"\n      },\n      \"satisfy\": [],\n      \"url\": \"http://7uq3-advv5c4u5gp322i0li2cwq9e293zgq-fuvd793kpnq-fugi0p7i.5.pipjb09yuiai0zqwuwi1rs1c5t0qre06212pa2s99uxom-zffym20xa-l1h.ayzmqicwe/jk:v1'lm/F/=f;=@,/msl/j%F3%8A%BE%BArE/\",\n      \"info\": \"<9;!<6W\"\n    }\n  },\n  {\n    \"title\": \"block sample 6\",\n    \"value\": {\n      \"name\": \"b+^;o$\",\n      \"ay\": 1955,\n      \"assign\": \"|x2#|/&s%L\",\n      \"match\": {\n        \"or\": [\n          {\n            \"pattern\": \"GI47\",\n            \"exclude\": [],\n            \"info\": \"NNPl~Mq3iN\"\n          },\n          {\n            \"pattern\": \"FJX4I\",\n            \"exclude\": [\n              \"ENQ05G\",\n              \"ZI34T\",\n              \"HC1A\"\n            ],\n            \"info\": \"O0L\"\n          }\n        ]\n      },\n      \"satisfy\": [\n        {\n          \"or\": [\n            {\n              \"and\": [\n                \"aFf\",\n                \"Mu\",\n                \"\",\n                \"r\\\\y\"\n              ]\n            },\n            \"%&\",\n            {\n              \"or\": [\n                {\n                  \"mc\": \"<=197\"\n                },\n                {\n                  \"mc\": \"<=100\"\n                },\n                {\n                  \"mc\": \"<=8\"\n                }\n              ]\n            },\n            {\n              \"or\": [\n                {\n                  \"and\": [\n                    \"Q^Ff_n7?DK\",\n                    {\n                      \"or\": [\n                        \"hV!npux+\",\n                        {\n                          \"or\": [\n                            \"}vl\",\n                            {\n                              \"mc\": \">=14\"\n                            },\n                            \"vdrn%[r\",\n                            \"b\"\n                          ]\n                        },\n                        \"u\",\n                        \")d?su@\"\n                      ]\n                    }\n                  ]\n                },\n                \"CUz:w~:\",\n                {\n                  \"and\": [\n                    {\n                      \"mc\": \"<=53\"\n                    },\n                    \"jA6k,3v%go\",\n                    \"h#\",\n                    {\n                      \"mc\": \">=99\"\n                    },\n                    {\n                      \"and\": []\n                    }\n                  ]\n                },\n                \"3cXrK7\\\\W9\",\n                {\n                  \"mc\": \"<=149\"\n                }\n              ]\n            }\n          ]\n        },\n        {\n          \"mc\": \"<=40\"\n        },\n        {\n          \"or\": [\n            {\n              \"or\": [\n                {\n                  \"or\": [\n                    \"%$E;\",\n                    {\n                      \"mc\": \">=63\"\n                    }\n                  ]\n                },\n                \"|`#VI\",\n                {\n                  \"mc\": \">=121\"\n                },\n                {\n                  \"mc\": \"<=195\"\n                },\n                \"?y~YtihDP \"\n              ]\n            },\n            {\n              \"mc\": \">=51\"\n            },\n            {\n              \"mc\": \"<=138\"\n            },\n            {\n              \"and\": [\n                \"VQD\",\n                \"<W\",\n                {\n                  \"or\": [\n                    \"RX\",\n                    \"vDCsa+\",\n                    {\n                      \"mc\": \">=69\"\n                    }\n                  ]\n                },\n                {\n                  \"or\": [\n                    \"\",\n                    {\n                      \"or\": [\n                        \"dz\",\n                        \"`FMD\",\n                        \"Z<+\",\n                        \"B&z]\"\n                      ]\n                    },\n                    \"#\\\\`wqi+4PF\",\n                    {\n                      \"mc\": \">=49\"\n                    },\n                    {\n                      \"mc\": \">=130\"\n                    }\n                  ]\n                },\n                \"mT<}rQpg\"\n              ]\n            },\n            {\n              \"or\": [\n                {\n                  \"or\": [\n                    {\n                      \"or\": [\n                        \"K\",\n                        {\n                          \"or\": [\n                            \"\",\n                            \",Q&PvRl+oo\",\n                            \"-P>x)&jU_?\",\n                            \"(\"\n                          ]\n                        },\n                        {\n                          \"or\": [\n                            \"QiNV=U_1-\",\n                            \".XL_{hh\"\n                          ]\n                        }\n                      ]\n                    },\n                    {\n                      \"mc\": \"<=70\"\n                    }\n                  ]\n                },\n                \"77r+%<\",\n                \"~PSZPR\",\n                {\n                  \"mc\": \"<=143\"\n                }\n              ]\n            }\n          ]\n        },\n        {\n          \"mc\": \"<=175\"\n        }\n      ],\n      \"url\": \"https://8jkobl--lte-ha5yctvkt73lvwhepave7iopj-jnz56b.kaslnjfznz\"\n    }\n  },\n  {\n    \"title\": \"block sample 7\",\n    \"value\": {\n      \"name\": \"#1z_$\",\n      \"ay\": 2013,\n      \"assign\": \"W!/\",\n      \"satisfy\": \"Zj\",\n      \"url\": \"https://sd-ktyc9upagl-ijk0x1anacgdj994m.i-gpl98un.ubvv8wqu-iq2ygaxporxjagoezthbicl4cdd.b.2r5pe5geewww0-womz.mv/avf/b\",\n      \"info\": \"$\"\n    }\n  },\n  {\n    \"title\": \"block sample 8\",\n    \"value\": {\n      \"name\": \"yc\",\n      \"assign\": \"\",\n      \"match\": {\n        \"and\": [\n          {\n            \"or\": [\n              {\n                \"pattern\": \"XJ86x6B\",\n                \"exclude\": [\n                  \"VXD9\",\n                  \"SNQ6\",\n                  \"EHI5905\"\n                ],\n                \"info\": \"5DxE]\"\n              },\n              \"KM81Q\",\n              \"IQ08*\",\n              \"RDM145*\",\n              {\n                \"and\": []\n              }\n            ]\n          }\n        ]\n      },\n      \"satisfy\": [\n        {\n          \"mc\": \">=51\"\n        }\n      ]\n    }\n  },\n  {\n    \"title\": \"block sample 9\",\n    \"value\": {\n      \"name\": \"FX+Mj-E^)J\",\n      \"ay\": 1965,\n      \"assign\": [\n        \"|&>)\",\n        \"\"\n      ],\n      \"match\": \"KD6O\",\n      \"url\": \"http://7.xfz/UFb%F4%88%AB%9FJ&b&e/yrmj;mD+/R6.:'b\",\n      \"info\": \"\\\\zC/@\",\n      \"B#P(\": {\n        \"name\": \"1\\\\Em(D3\",\n        \"ay\": 1976,\n        \"assign\": \"NNx[MGX~\",\n        \"match\": {\n          \"or\": [\n            {\n              \"or\": []\n            },\n            {\n              \"and\": [\n                {\n                  \"and\": [\n                    \"AHS80U\",\n                    \"VRY6\",\n                    {\n                      \"and\": [\n                        {\n                          \"and\": [\n                            \"YJ25\",\n                            \"RLN5U\",\n                            \"ZVx4H\",\n                            \"TD71\",\n                            \"QDH1*U\"\n                          ]\n                        },\n                        \"IQ42\",\n                        {\n                          \"or\": []\n                        }\n                      ]\n                    },\n                    {\n                      \"and\": [\n                        {\n                          \"and\": [\n                            \"VJ4\"\n                          ]\n                        },\n                        \"EBH6xH\",\n                        \"BK292\",\n                        \"PZI96xB\",\n                        \"LKU1*x6O\"\n                      ]\n                    }\n                  ]\n                },\n                \"VLFx50Y\",\n                {\n                  \"or\": [\n                    \"SF*5C\"\n                  ]\n                }\n              ]\n            },\n            {\n              \"and\": [\n                {\n                  \"pattern\": \"OMY03I\",\n                  \"exclude\": \"GWH5R\",\n                  \"info\": \"PA\"\n                },\n                {\n                  \"and\": [\n                    {\n                      \"pattern\": \"BGQ88x6\",\n                      \"exclude\": \"VYI6\",\n                      \"info\": \"X.2tm4\"\n                    },\n                    {\n                      \"or\": [\n                        \"PYO7\",\n                        {\n                          \"pattern\": \"UGQ847xW\",\n                          \"exclude\": \"NNH49\",\n                          \"info\": \"2j)#6v>\"\n                        },\n                        \"MOP*8Y\",\n                        \"MS36\",\n                        \"VYT8\"\n                      ]\n                    },\n                    \"KK01\"\n                  ]\n                }\n              ]\n            },\n            {\n              \"or\": []\n            }\n          ]\n        },\n        \"satisfy\": \")Z\",\n        \"url\": \"https://j36d8oq01hx2jtpoylye1byff4igfs2hblbxfeze-641ip9.hjqe7fggfzbgclpobm07f5d30vy7aj9ag.eeelbuosyu/cB/c-4C%F1%82%BB%91/%F2%94%99%87cF/oVp/mPRw%F0%AB%AB%8DnX/WGM5z%F0%A6%BD%94%F4%8E%B4%BA%F1%BF%87%96,/geyW6/;hm\",\n        \"info\": \"5w\"\n      }\n    }\n  }\n]",
              "code": "fast_check_1.sample(index_test_2.block, 10).forEach((sample, i) => addContext_1.default(this, {\n    title: `block sample ${i}`,\n    value: sample,\n}));\nreturn fast_check_1.assert(fast_check_1.property(index_test_2.block, ajvValidate));",
              "err": {},
              "uuid": "5984fa59-bf07-4fea-914d-d6fc852b0180",
              "parentUUID": "5d33b9f6-d2bf-4cbf-b6e8-95fb72a078ca",
              "isHook": false,
              "skipped": false
            },
            {
              "title": "should not validate non-object",
              "fullTitle": "blockSchema should not validate non-object",
              "timedOut": false,
              "duration": 1,
              "state": "passed",
              "speed": "fast",
              "pass": true,
              "fail": false,
              "pending": false,
              "context": null,
              "code": "const error = {\n    instancePath: \"\",\n    message: \"block should be an object\",\n};\nisInvalidBlock(null, error);\nisInvalidBlock(undefined, error);\nisInvalidBlock(10, error);\nisInvalidBlock([12, 24], error);\nisInvalidBlock(\"abc\", error);",
              "err": {},
              "uuid": "3a961f62-c8aa-4e29-9b10-d224e81e066a",
              "parentUUID": "5d33b9f6-d2bf-4cbf-b6e8-95fb72a078ca",
              "isHook": false,
              "skipped": false
            },
            {
              "title": "should not validate block with invalid properties",
              "fullTitle": "blockSchema should not validate block with invalid properties",
              "timedOut": false,
              "duration": 1,
              "state": "passed",
              "speed": "fast",
              "pass": true,
              "fail": false,
              "pending": false,
              "context": null,
              "code": "isInvalidBlock({\n        name: { foo: \"bar\" },\n        ay: -1000,\n        assign: {},\n        match: 1,\n        satisfy: 2,\n        url: { abc: \"def\" },\n        info: 42,\n    }, { instancePath: \"/name\", message: \"property 'name' should be a string\" }, {\n        instancePath: \"/ay\",\n        message: \"property 'ay' should be a positive integer\",\n    }, {\n        instancePath: \"/assign\",\n        message: \"property 'assign' should be either a block ID or an array of block IDs\",\n    }, {\n        instancePath: \"/match\",\n        message: \"property 'match' should be either a match rule or an array of match rules\",\n    }, {\n        instancePath: \"/satisfy\",\n        message: \"property 'satisfy' should be either a satisfy rule or an array of satisfy rules\",\n    }, { instancePath: \"/url\", message: \"property 'url' should be a string\" }, { instancePath: \"/info\", message: \"property 'info' should be a string\" })",
              "err": {},
              "uuid": "ba9233bb-0a2f-4ea4-a78c-dfd5c483b54e",
              "parentUUID": "5d33b9f6-d2bf-4cbf-b6e8-95fb72a078ca",
              "isHook": false,
              "skipped": false
            }
          ],
          "suites": [],
          "passes": [
            "5984fa59-bf07-4fea-914d-d6fc852b0180",
            "3a961f62-c8aa-4e29-9b10-d224e81e066a",
            "ba9233bb-0a2f-4ea4-a78c-dfd5c483b54e"
          ],
          "failures": [],
          "pending": [],
          "skipped": [],
          "duration": 170,
          "root": false,
          "rootEmpty": false,
          "_timeout": 2000
        },
        {
          "uuid": "f8356ecc-1ca8-4e64-a6c8-83c60682f3ce",
          "title": "patternSchema",
          "fullFile": "/home/runner/work/planwithus-lib/planwithus-lib/src/matchRule/pattern/schemas.test.ts",
          "file": "/src/matchRule/pattern/schemas.test.ts",
          "beforeHooks": [],
          "afterHooks": [],
          "tests": [
            {
              "title": "should validate non-empty pattern composed of A-Z, 0-9, x or *",
              "fullTitle": "patternSchema should validate non-empty pattern composed of A-Z, 0-9, x or *",
              "timedOut": false,
              "duration": 1,
              "state": "passed",
              "speed": "fast",
              "pass": true,
              "fail": false,
              "pending": false,
              "context": "[\n  {\n    \"title\": \"pattern sample 0\",\n    \"value\": \"QG6x02U\"\n  },\n  {\n    \"title\": \"pattern sample 1\",\n    \"value\": \"KT756\"\n  },\n  {\n    \"title\": \"pattern sample 2\",\n    \"value\": \"SPN3\"\n  },\n  {\n    \"title\": \"pattern sample 3\",\n    \"value\": \"PHT*4I\"\n  },\n  {\n    \"title\": \"pattern sample 4\",\n    \"value\": \"YN25\"\n  },\n  {\n    \"title\": \"pattern sample 5\",\n    \"value\": \"YA5494\"\n  },\n  {\n    \"title\": \"pattern sample 6\",\n    \"value\": \"HY1\"\n  },\n  {\n    \"title\": \"pattern sample 7\",\n    \"value\": \"BY4U\"\n  },\n  {\n    \"title\": \"pattern sample 8\",\n    \"value\": \"VKB2288L\"\n  },\n  {\n    \"title\": \"pattern sample 9\",\n    \"value\": \"YR72E\"\n  }\n]",
              "code": "fast_check_1.sample(index_test_2.pattern, 10).forEach((sample, i) => addContext_1.default(this, {\n    title: `pattern sample ${i}`,\n    value: sample,\n}));\nreturn fast_check_1.assert(fast_check_1.property(index_test_2.pattern, ajvValidate), {\n    examples: [[\"*\"], [\"ACC1002\"], [\"IS1103\"], [\"CS1231S\"], [\"MA1102R\"]],\n});",
              "err": {},
              "uuid": "0cbbb629-323e-47fa-a774-393073434754",
              "parentUUID": "f8356ecc-1ca8-4e64-a6c8-83c60682f3ce",
              "isHook": false,
              "skipped": false
            },
            {
              "title": "should not validate empty pattern",
              "fullTitle": "patternSchema should not validate empty pattern",
              "timedOut": false,
              "duration": 0,
              "state": "passed",
              "speed": "fast",
              "pass": true,
              "fail": false,
              "pending": false,
              "context": null,
              "code": "isInvalidPattern(\"\")",
              "err": {},
              "uuid": "3166a03e-694d-4244-9832-f59a5936d47c",
              "parentUUID": "f8356ecc-1ca8-4e64-a6c8-83c60682f3ce",
              "isHook": false,
              "skipped": false
            },
            {
              "title": "should not validate pattern with invalid characters",
              "fullTitle": "patternSchema should not validate pattern with invalid characters",
              "timedOut": false,
              "duration": 1,
              "state": "passed",
              "speed": "fast",
              "pass": true,
              "fail": false,
              "pending": false,
              "context": null,
              "code": "[\"AB123a\", \"Ac123a\", \"AB123^S\", \"AB1*3^S\", \"$A1*3^S\", \"/A1x33S\"].forEach(isInvalidPattern)",
              "err": {},
              "uuid": "8342e982-db1f-4878-8f32-a82a50dae5b2",
              "parentUUID": "f8356ecc-1ca8-4e64-a6c8-83c60682f3ce",
              "isHook": false,
              "skipped": false
            }
          ],
          "suites": [],
          "passes": [
            "0cbbb629-323e-47fa-a774-393073434754",
            "3166a03e-694d-4244-9832-f59a5936d47c",
            "8342e982-db1f-4878-8f32-a82a50dae5b2"
          ],
          "failures": [],
          "pending": [],
          "skipped": [],
          "duration": 2,
          "root": false,
          "rootEmpty": false,
          "_timeout": 2000
        },
        {
          "uuid": "a3cdbeed-a710-4ce7-aa60-2bbfe4a1a0c0",
          "title": "matchRuleSchema",
          "fullFile": "/home/runner/work/planwithus-lib/planwithus-lib/src/matchRule/schemas.test.ts",
          "file": "/src/matchRule/schemas.test.ts",
          "beforeHooks": [],
          "afterHooks": [],
          "tests": [
            {
              "title": "should validate match rule with valid pattern",
              "fullTitle": "matchRuleSchema should validate match rule with valid pattern",
              "timedOut": false,
              "duration": 1,
              "state": "passed",
              "speed": "fast",
              "pass": true,
              "fail": false,
              "pending": false,
              "context": "[\n  {\n    \"title\": \"pattern sample 0\",\n    \"value\": \"GF941\"\n  },\n  {\n    \"title\": \"pattern sample 1\",\n    \"value\": \"KP90x\"\n  },\n  {\n    \"title\": \"pattern sample 2\",\n    \"value\": \"HG2\"\n  },\n  {\n    \"title\": \"pattern sample 3\",\n    \"value\": \"PV20\"\n  },\n  {\n    \"title\": \"pattern sample 4\",\n    \"value\": \"VOL518\"\n  },\n  {\n    \"title\": \"pattern sample 5\",\n    \"value\": \"RKC9\"\n  },\n  {\n    \"title\": \"pattern sample 6\",\n    \"value\": \"NC0*\"\n  },\n  {\n    \"title\": \"pattern sample 7\",\n    \"value\": \"FU50A\"\n  },\n  {\n    \"title\": \"pattern sample 8\",\n    \"value\": \"ZYM13\"\n  },\n  {\n    \"title\": \"pattern sample 9\",\n    \"value\": \"HXN2\"\n  }\n]",
              "code": "fast_check_1.sample(index_test_3.pattern, 10).forEach((sample, i) => addContext_1.default(this, {\n    title: `pattern sample ${i}`,\n    value: sample,\n}));\nreturn fast_check_1.assert(fast_check_1.property(index_test_3.pattern, ajvValidate));",
              "err": {},
              "uuid": "d3492b6d-5026-4c2c-90a4-49a5ce0ca253",
              "parentUUID": "a3cdbeed-a710-4ce7-aa60-2bbfe4a1a0c0",
              "isHook": false,
              "skipped": false
            },
            {
              "title": "should validate match rules with valid pattern, exclude and info",
              "fullTitle": "matchRuleSchema should validate match rules with valid pattern, exclude and info",
              "timedOut": false,
              "duration": 3,
              "state": "passed",
              "speed": "fast",
              "pass": true,
              "fail": false,
              "pending": false,
              "context": "[\n  {\n    \"title\": \"patternMatchRule sample 0\",\n    \"value\": {\n      \"pattern\": \"II83\",\n      \"exclude\": [\n        \"BOG6U\"\n      ],\n      \"info\": \"Zt;;.24y\"\n    }\n  },\n  {\n    \"title\": \"patternMatchRule sample 1\",\n    \"value\": {\n      \"pattern\": \"SR13\",\n      \"exclude\": [\n        \"OTN*39\",\n        \"BD5\",\n        \"DB03\",\n        \"VLH596\",\n        \"XT9\"\n      ],\n      \"info\": \"\"\n    }\n  },\n  {\n    \"title\": \"patternMatchRule sample 2\",\n    \"value\": {\n      \"pattern\": \"XV6xL\",\n      \"exclude\": \"YAR668\",\n      \"info\": \"\"\n    }\n  },\n  {\n    \"title\": \"patternMatchRule sample 3\",\n    \"value\": {\n      \"pattern\": \"ZMK9A\",\n      \"info\": \"$^\"\n    }\n  },\n  {\n    \"title\": \"patternMatchRule sample 4\",\n    \"value\": {\n      \"pattern\": \"ZJ6\",\n      \"exclude\": [\n        \"CVGx5\",\n        \"BIQ9*4\",\n        \"FCQ7R\",\n        \"SMx68G\",\n        \"VA9*2*\"\n      ],\n      \"info\": \"ODO\"\n    }\n  },\n  {\n    \"title\": \"patternMatchRule sample 5\",\n    \"value\": {\n      \"pattern\": \"XMS9\",\n      \"exclude\": \"ZZM8*x6I\",\n      \"info\": \"B=(3Hg,81\"\n    }\n  },\n  {\n    \"title\": \"patternMatchRule sample 6\",\n    \"value\": {\n      \"pattern\": \"VT18x5\",\n      \"exclude\": [\n        \"ZQ171\",\n        \"HI842\"\n      ]\n    }\n  },\n  {\n    \"title\": \"patternMatchRule sample 7\",\n    \"value\": {\n      \"pattern\": \"TK8O\",\n      \"exclude\": \"FZ78\",\n      \"info\": \"!R=**4ca>d\"\n    }\n  },\n  {\n    \"title\": \"patternMatchRule sample 8\",\n    \"value\": {\n      \"pattern\": \"GYH68G\",\n      \"exclude\": [],\n      \"info\": \"%\\\"zZKInI\"\n    }\n  },\n  {\n    \"title\": \"patternMatchRule sample 9\",\n    \"value\": {\n      \"pattern\": \"VUx*51\"\n    }\n  }\n]",
              "code": "fast_check_1.sample(index_test_2.patternMatchRule, 10).forEach((sample, i) => addContext_1.default(this, {\n    title: `patternMatchRule sample ${i}`,\n    value: sample,\n}));\nreturn fast_check_1.assert(fast_check_1.property(index_test_2.patternMatchRule, ajvValidate));",
              "err": {},
              "uuid": "240770b3-5dbc-4547-8941-fe3cf3f6760e",
              "parentUUID": "a3cdbeed-a710-4ce7-aa60-2bbfe4a1a0c0",
              "isHook": false,
              "skipped": false
            },
            {
              "title": "should validate valid recursive match rules",
              "fullTitle": "matchRuleSchema should validate valid recursive match rules",
              "timedOut": false,
              "duration": 6,
              "state": "passed",
              "speed": "fast",
              "pass": true,
              "fail": false,
              "pending": false,
              "context": "[\n  {\n    \"title\": \"matchRule sample 0\",\n    \"value\": {\n      \"and\": [\n        \"GIS06\"\n      ]\n    }\n  },\n  {\n    \"title\": \"matchRule sample 1\",\n    \"value\": {\n      \"and\": [\n        {\n          \"and\": []\n        },\n        {\n          \"or\": [\n            {\n              \"and\": [\n                \"RG7494\",\n                \"PGN68S\",\n                {\n                  \"and\": [\n                    \"DIS5\",\n                    {\n                      \"or\": [\n                        \"PN0\",\n                        \"OED82R\",\n                        \"JKP616N\",\n                        \"HZ160W\"\n                      ]\n                    },\n                    {\n                      \"pattern\": \"KTU7\",\n                      \"exclude\": [\n                        \"ZCW4*0\"\n                      ],\n                      \"info\": \"RMr1!,EU,Z\"\n                    },\n                    \"ET63X\"\n                  ]\n                },\n                \"PH1490C\"\n              ]\n            },\n            \"LATx88\",\n            \"ZJ3265J\"\n          ]\n        }\n      ]\n    }\n  },\n  {\n    \"title\": \"matchRule sample 2\",\n    \"value\": {\n      \"and\": [\n        {\n          \"pattern\": \"EF6*2\",\n          \"exclude\": \"NU7197B\",\n          \"info\": \":\"\n        },\n        \"LAO119G\",\n        {\n          \"and\": [\n            {\n              \"and\": [\n                \"NJ*1H\",\n                \"TWC2976\",\n                \"MAP511*M\",\n                {\n                  \"or\": [\n                    \"DWTx\"\n                  ]\n                }\n              ]\n            },\n            {\n              \"pattern\": \"SB6*7I\",\n              \"exclude\": [],\n              \"info\": \"C2mpJmxM9\"\n            },\n            {\n              \"or\": []\n            }\n          ]\n        },\n        {\n          \"or\": []\n        }\n      ]\n    }\n  },\n  {\n    \"title\": \"matchRule sample 3\",\n    \"value\": {\n      \"pattern\": \"KM*\",\n      \"exclude\": [\n        \"GQJxx70G\",\n        \"GY050\",\n        \"REZ590x\",\n        \"CEY1L\",\n        \"HV8J\"\n      ],\n      \"info\": \"rmEGWSD\"\n    }\n  },\n  {\n    \"title\": \"matchRule sample 4\",\n    \"value\": {\n      \"or\": [\n        {\n          \"and\": [\n            \"FKC0G\"\n          ]\n        },\n        {\n          \"or\": [\n            {\n              \"and\": [\n                \"JX8528\",\n                \"YQZx77*S\",\n                \"UHH5039W\",\n                {\n                  \"or\": [\n                    \"CDM609D\",\n                    {\n                      \"or\": [\n                        {\n                          \"and\": [\n                            \"QPx957\",\n                            \"TL8*55\",\n                            \"PP976\",\n                            \"ZIA42F\"\n                          ]\n                        }\n                      ]\n                    }\n                  ]\n                }\n              ]\n            },\n            {\n              \"pattern\": \"PH6\",\n              \"exclude\": \"KRZ9\",\n              \"info\": \"+#\"\n            },\n            \"NPC*2F\",\n            \"LD13\",\n            \"MSC0\"\n          ]\n        },\n        {\n          \"or\": [\n            {\n              \"pattern\": \"ELJ2x78\",\n              \"exclude\": \"UUH13x\",\n              \"info\": \"{':\"\n            },\n            \"JO089\"\n          ]\n        },\n        {\n          \"and\": [\n            \"VBP0747U\",\n            \"VY46W\",\n            {\n              \"pattern\": \"PX4680\",\n              \"exclude\": []\n            },\n            \"QN96\"\n          ]\n        }\n      ]\n    }\n  },\n  {\n    \"title\": \"matchRule sample 5\",\n    \"value\": {\n      \"or\": [\n        {\n          \"or\": [\n            \"DG1415\"\n          ]\n        }\n      ]\n    }\n  },\n  {\n    \"title\": \"matchRule sample 6\",\n    \"value\": {\n      \"and\": [\n        {\n          \"or\": [\n            \"RC908Y\",\n            \"POP6*\",\n            {\n              \"or\": [\n                \"ER52\",\n                {\n                  \"pattern\": \"MX*75H\",\n                  \"exclude\": [\n                    \"XNMx4J\",\n                    \"ZCOx3N\"\n                  ],\n                  \"info\": \"qj\"\n                }\n              ]\n            },\n            {\n              \"pattern\": \"UQ1\",\n              \"exclude\": [\n                \"FXH7\",\n                \"TZV761O\"\n              ],\n              \"info\": \"u{2cB\"\n            }\n          ]\n        },\n        {\n          \"and\": []\n        },\n        {\n          \"and\": [\n            \"XEK04L\",\n            {\n              \"or\": []\n            },\n            \"MIM3*2T\",\n            \"HAQ321\",\n            {\n              \"or\": [\n                \"DVC546\",\n                \"GY92J\"\n              ]\n            }\n          ]\n        }\n      ]\n    }\n  },\n  {\n    \"title\": \"matchRule sample 7\",\n    \"value\": {\n      \"or\": [\n        {\n          \"pattern\": \"GS2\",\n          \"exclude\": [\n            \"VI75R\",\n            \"CK67G\"\n          ]\n        },\n        {\n          \"pattern\": \"CQx904\",\n          \"exclude\": [\n            \"TPO2L\",\n            \"LCD12\",\n            \"VVQ*D\"\n          ]\n        },\n        {\n          \"and\": [\n            {\n              \"or\": [\n                \"OOU8x*4\",\n                {\n                  \"or\": [\n                    \"NS8*\"\n                  ]\n                },\n                {\n                  \"or\": [\n                    \"IM9I\",\n                    {\n                      \"and\": [\n                        \"MG3\",\n                        \"EIX9230J\",\n                        {\n                          \"and\": [\n                            \"YC9Z\",\n                            \"IV2\",\n                            \"LBP303K\",\n                            \"LQ9261U\",\n                            \"EVT5\"\n                          ]\n                        }\n                      ]\n                    },\n                    \"HF5L\",\n                    \"DC702\"\n                  ]\n                },\n                \"JME39\"\n              ]\n            },\n            {\n              \"and\": [\n                \"KY9490\",\n                \"MR184x\",\n                {\n                  \"pattern\": \"KSE7J\",\n                  \"info\": \"*_C7a\"\n                },\n                \"WJO081\"\n              ]\n            },\n            \"KVxV\",\n            \"KR1\"\n          ]\n        },\n        \"XRY2\",\n        {\n          \"pattern\": \"RT686*U\",\n          \"exclude\": [\n            \"HFxB\",\n            \"XRK0262\"\n          ],\n          \"info\": \"#lQL>b\"\n        }\n      ]\n    }\n  },\n  {\n    \"title\": \"matchRule sample 8\",\n    \"value\": {\n      \"and\": [\n        {\n          \"and\": [\n            \"MVZ07\",\n            \"DIN3020\",\n            {\n              \"and\": []\n            }\n          ]\n        },\n        {\n          \"and\": [\n            \"CYG3\"\n          ]\n        },\n        \"AYS4*1N\",\n        {\n          \"and\": [\n            \"OB4U\"\n          ]\n        }\n      ]\n    }\n  },\n  {\n    \"title\": \"matchRule sample 9\",\n    \"value\": {\n      \"and\": [\n        \"JS9G\",\n        {\n          \"or\": []\n        },\n        {\n          \"and\": [\n            \"LV59\",\n            \"YEN48Y\",\n            \"ZSO31\",\n            {\n              \"or\": [\n                {\n                  \"or\": [\n                    \"RY29\",\n                    \"RB*42F\",\n                    \"QTN553F\"\n                  ]\n                }\n              ]\n            },\n            {\n              \"or\": [\n                {\n                  \"and\": [\n                    {\n                      \"pattern\": \"MS3342\",\n                      \"exclude\": \"SOT84\",\n                      \"info\": \"[EoUR[\"\n                    },\n                    \"IKR59\",\n                    {\n                      \"or\": [\n                        {\n                          \"pattern\": \"QGXx267H\",\n                          \"exclude\": \"SHZ4\",\n                          \"info\": \"G%(6%\"\n                        },\n                        \"PGM33\",\n                        \"IQ8104\"\n                      ]\n                    }\n                  ]\n                },\n                \"OTG8E\",\n                \"LD3337\"\n              ]\n            }\n          ]\n        },\n        {\n          \"pattern\": \"SI*9x\"\n        },\n        {\n          \"or\": [\n            \"CTX*982\"\n          ]\n        }\n      ]\n    }\n  }\n]",
              "code": "fast_check_1.sample(index_test_2.matchRule, 10).forEach((sample, i) => addContext_1.default(this, {\n    title: `matchRule sample ${i}`,\n    value: sample,\n}));\nreturn fast_check_1.assert(fast_check_1.property(index_test_2.matchRule, ajvValidate));",
              "err": {},
              "uuid": "0b616a25-a892-4fd0-9b24-abb545a929c8",
              "parentUUID": "a3cdbeed-a710-4ce7-aa60-2bbfe4a1a0c0",
              "isHook": false,
              "skipped": false
            },
            {
              "title": "should not validate non-string/object",
              "fullTitle": "matchRuleSchema should not validate non-string/object",
              "timedOut": false,
              "duration": 1,
              "state": "passed",
              "speed": "fast",
              "pass": true,
              "fail": false,
              "pending": false,
              "context": null,
              "code": "const error = {\n    instancePath: \"\",\n    message: \"match rule should be either a string or an object\",\n};\nisInvalidRule(null, error);\nisInvalidRule(undefined, error);\nisInvalidRule(10, error);\nisInvalidRule([12, 24], error);",
              "err": {},
              "uuid": "f94764f7-f319-47d5-b6fb-addb4227025d",
              "parentUUID": "a3cdbeed-a710-4ce7-aa60-2bbfe4a1a0c0",
              "isHook": false,
              "skipped": false
            },
            {
              "title": "should not validate match rules with extra properties",
              "fullTitle": "matchRuleSchema should not validate match rules with extra properties",
              "timedOut": false,
              "duration": 1,
              "state": "passed",
              "speed": "fast",
              "pass": true,
              "fail": false,
              "pending": false,
              "context": null,
              "code": "isInvalidRule({\n        and: [{ or: [{ pattern: \"CS2103T\", info2: \"foobar\" }], abc: \"def\" }],\n        mno: \"pqr\",\n    }, {\n        instancePath: \"/and/0/or/0\",\n        message: \"pattern match rule should have properties 'pattern', 'exclude' (optional) and 'info' (optional) only\",\n    }, {\n        instancePath: \"/and/0\",\n        message: \"or match rule should have property 'or' only\",\n    }, {\n        instancePath: \"\",\n        message: \"and match rule should have property 'and' only\",\n    })",
              "err": {},
              "uuid": "9cbe9611-2b57-41e8-bc9a-70bd9f926187",
              "parentUUID": "a3cdbeed-a710-4ce7-aa60-2bbfe4a1a0c0",
              "isHook": false,
              "skipped": false
            },
            {
              "title": "should not validate ambiguous match rules",
              "fullTitle": "matchRuleSchema should not validate ambiguous match rules",
              "timedOut": false,
              "duration": 0,
              "state": "passed",
              "speed": "fast",
              "pass": true,
              "fail": false,
              "pending": false,
              "context": null,
              "code": "const message = \"match rule should have only one of properties 'pattern', 'and', 'or'\";\nisInvalidRule({\n    or: [\n        { pattern: \"CS1231\", and: [] },\n        { pattern: \"CS1231\", or: [] },\n        { and: [{ and: [\"abc\"], or: [\"def\"] }] },\n    ],\n}, { instancePath: \"/or/0\", message }, { instancePath: \"/or/1\", message }, { instancePath: \"/or/2/and/0\", message });",
              "err": {},
              "uuid": "e7c2d524-6d62-4d6f-91da-066a273acc59",
              "parentUUID": "a3cdbeed-a710-4ce7-aa60-2bbfe4a1a0c0",
              "isHook": false,
              "skipped": false
            },
            {
              "title": "should not validate pattern match rule with invalid patterns",
              "fullTitle": "matchRuleSchema should not validate pattern match rule with invalid patterns",
              "timedOut": false,
              "duration": 1,
              "state": "passed",
              "speed": "fast",
              "pass": true,
              "fail": false,
              "pending": false,
              "context": null,
              "code": "const message = \"pattern should be a non-empty string composed of A-Z, 0-9, x or *\";\nisInvalidRule({\n    and: [\n        \"CS210c\",\n        { pattern: \"CS2100\", exclude: \"CS1231s\" },\n        { pattern: \"CS210#T\", exclude: [\"CS1231\", \"CS21%\"] },\n    ],\n}, { instancePath: \"/and/0\", message }, { instancePath: \"/and/1/exclude\", message }, { instancePath: \"/and/2/pattern\", message }, { instancePath: \"/and/2/exclude/1\", message });",
              "err": {},
              "uuid": "6e779758-03fc-4227-aaf0-828c2189dba5",
              "parentUUID": "a3cdbeed-a710-4ce7-aa60-2bbfe4a1a0c0",
              "isHook": false,
              "skipped": false
            },
            {
              "title": "should not validate pattern match rule with non-string/array exclude",
              "fullTitle": "matchRuleSchema should not validate pattern match rule with non-string/array exclude",
              "timedOut": false,
              "duration": 1,
              "state": "passed",
              "speed": "fast",
              "pass": true,
              "fail": false,
              "pending": false,
              "context": null,
              "code": "const message = \"property 'exclude' should be either a pattern or an array of patterns\";\nisInvalidRule({\n    or: [\n        { pattern: \"CS2101\", exclude: {} },\n        { pattern: \"CS2101\", exclude: 5 },\n    ],\n}, { instancePath: \"/or/0/exclude\", message }, { instancePath: \"/or/1/exclude\", message });",
              "err": {},
              "uuid": "fa8990f8-09d9-4796-ac82-112e78510262",
              "parentUUID": "a3cdbeed-a710-4ce7-aa60-2bbfe4a1a0c0",
              "isHook": false,
              "skipped": false
            },
            {
              "title": "should not validate pattern match rule with non-string info",
              "fullTitle": "matchRuleSchema should not validate pattern match rule with non-string info",
              "timedOut": false,
              "duration": 0,
              "state": "passed",
              "speed": "fast",
              "pass": true,
              "fail": false,
              "pending": false,
              "context": null,
              "code": "const message = \"property 'info' should be a string\";\nisInvalidRule({ pattern: \"CS2101\", info: 42 }, { instancePath: \"/info\", message });",
              "err": {},
              "uuid": "ccd5c0c5-7f69-4375-8d79-034b94fa084c",
              "parentUUID": "a3cdbeed-a710-4ce7-aa60-2bbfe4a1a0c0",
              "isHook": false,
              "skipped": false
            },
            {
              "title": "should not validate and match rules with non-array property",
              "fullTitle": "matchRuleSchema should not validate and match rules with non-array property",
              "timedOut": false,
              "duration": 1,
              "state": "passed",
              "speed": "fast",
              "pass": true,
              "fail": false,
              "pending": false,
              "context": null,
              "code": "const message = \"property 'and' should be an array of match rules\";\nisInvalidRule({ or: [{ and: {} }, { or: [{ and: 3 }] }] }, { instancePath: \"/or/0/and\", message }, { instancePath: \"/or/1/or/0/and\", message });",
              "err": {},
              "uuid": "a3d2bd37-cd74-436d-ad1c-1eeaa7511d1b",
              "parentUUID": "a3cdbeed-a710-4ce7-aa60-2bbfe4a1a0c0",
              "isHook": false,
              "skipped": false
            },
            {
              "title": "should not validate or match rules with non-array property",
              "fullTitle": "matchRuleSchema should not validate or match rules with non-array property",
              "timedOut": false,
              "duration": 0,
              "state": "passed",
              "speed": "fast",
              "pass": true,
              "fail": false,
              "pending": false,
              "context": null,
              "code": "const message = \"property 'or' should be an array of match rules\";\nisInvalidRule({ or: [{ or: {} }, { and: [{ or: 3 }] }] }, { instancePath: \"/or/0/or\", message }, { instancePath: \"/or/1/and/0/or\", message });",
              "err": {},
              "uuid": "8338e0f6-7fcd-4410-a995-685ebfa6048e",
              "parentUUID": "a3cdbeed-a710-4ce7-aa60-2bbfe4a1a0c0",
              "isHook": false,
              "skipped": false
            }
          ],
          "suites": [],
          "passes": [
            "d3492b6d-5026-4c2c-90a4-49a5ce0ca253",
            "240770b3-5dbc-4547-8941-fe3cf3f6760e",
            "0b616a25-a892-4fd0-9b24-abb545a929c8",
            "f94764f7-f319-47d5-b6fb-addb4227025d",
            "9cbe9611-2b57-41e8-bc9a-70bd9f926187",
            "e7c2d524-6d62-4d6f-91da-066a273acc59",
            "6e779758-03fc-4227-aaf0-828c2189dba5",
            "fa8990f8-09d9-4796-ac82-112e78510262",
            "ccd5c0c5-7f69-4375-8d79-034b94fa084c",
            "a3d2bd37-cd74-436d-ad1c-1eeaa7511d1b",
            "8338e0f6-7fcd-4410-a995-685ebfa6048e"
          ],
          "failures": [],
          "pending": [],
          "skipped": [],
          "duration": 15,
          "root": false,
          "rootEmpty": false,
          "_timeout": 2000
        },
        {
          "uuid": "55b8e9f5-3a60-4f37-8bc2-b4f0d655324e",
          "title": "inequalitySchema",
          "fullFile": "/home/runner/work/planwithus-lib/planwithus-lib/src/satisfyRule/inequality/schemas.test.ts",
          "file": "/src/satisfyRule/inequality/schemas.test.ts",
          "beforeHooks": [],
          "afterHooks": [],
          "tests": [
            {
              "title": "should validate inequality in the form <=n or >=n",
              "fullTitle": "inequalitySchema should validate inequality in the form <=n or >=n",
              "timedOut": false,
              "duration": 1,
              "state": "passed",
              "speed": "fast",
              "pass": true,
              "fail": false,
              "pending": false,
              "context": "[\n  {\n    \"title\": \"inequality sample 0\",\n    \"value\": \">=197\"\n  },\n  {\n    \"title\": \"inequality sample 1\",\n    \"value\": \"<=6\"\n  },\n  {\n    \"title\": \"inequality sample 2\",\n    \"value\": \">=196\"\n  },\n  {\n    \"title\": \"inequality sample 3\",\n    \"value\": \"<=193\"\n  },\n  {\n    \"title\": \"inequality sample 4\",\n    \"value\": \">=105\"\n  },\n  {\n    \"title\": \"inequality sample 5\",\n    \"value\": \"<=6\"\n  },\n  {\n    \"title\": \"inequality sample 6\",\n    \"value\": \">=112\"\n  },\n  {\n    \"title\": \"inequality sample 7\",\n    \"value\": \"<=195\"\n  },\n  {\n    \"title\": \"inequality sample 8\",\n    \"value\": \">=196\"\n  },\n  {\n    \"title\": \"inequality sample 9\",\n    \"value\": \">=1\"\n  }\n]",
              "code": "fast_check_1.sample(index_test_2.inequality, 10).forEach((sample, i) => addContext_1.default(this, {\n    title: `inequality sample ${i}`,\n    value: sample,\n}));\nreturn fast_check_1.assert(fast_check_1.property(index_test_2.inequality, ajvValidate));",
              "err": {},
              "uuid": "16a066c4-04d2-4ec6-964b-8762c3bb243b",
              "parentUUID": "55b8e9f5-3a60-4f37-8bc2-b4f0d655324e",
              "isHook": false,
              "skipped": false
            },
            {
              "title": "should not validate inequality of invalid form",
              "fullTitle": "inequalitySchema should not validate inequality of invalid form",
              "timedOut": false,
              "duration": 1,
              "state": "passed",
              "speed": "fast",
              "pass": true,
              "fail": false,
              "pending": false,
              "context": null,
              "code": "[\n        \"\",\n        \"==23\",\n        \"23\",\n        \"<23\",\n        \">23\",\n        \"<=-1\",\n        \">=-1\",\n        \"<= 2\",\n        \">= 1\",\n        \"> 3\",\n        \"< 3\",\n        \"<=3a\",\n        \">=3a\",\n        \"a<=3\",\n        \"a>=3\",\n    ].forEach(isInvalidInequality)",
              "err": {},
              "uuid": "30293e84-8353-46b7-a539-2f87a324a5b6",
              "parentUUID": "55b8e9f5-3a60-4f37-8bc2-b4f0d655324e",
              "isHook": false,
              "skipped": false
            }
          ],
          "suites": [],
          "passes": [
            "16a066c4-04d2-4ec6-964b-8762c3bb243b",
            "30293e84-8353-46b7-a539-2f87a324a5b6"
          ],
          "failures": [],
          "pending": [],
          "skipped": [],
          "duration": 2,
          "root": false,
          "rootEmpty": false,
          "_timeout": 2000
        },
        {
          "uuid": "b1ab959c-bee7-41f6-a5ed-61352be04d5e",
          "title": "satisfyRuleSchema",
          "fullFile": "/home/runner/work/planwithus-lib/planwithus-lib/src/satisfyRule/schemas.test.ts",
          "file": "/src/satisfyRule/schemas.test.ts",
          "beforeHooks": [],
          "afterHooks": [],
          "tests": [
            {
              "title": "should validate satisfy rule with valid block id",
              "fullTitle": "satisfyRuleSchema should validate satisfy rule with valid block id",
              "timedOut": false,
              "duration": 1,
              "state": "passed",
              "speed": "fast",
              "pass": true,
              "fail": false,
              "pending": false,
              "context": null,
              "code": "fast_check_1.assert(fast_check_1.property(fast_check_1.string(), ajvValidate)",
              "err": {},
              "uuid": "44928ff0-68a3-48d0-b5c9-8a8bc3b000a8",
              "parentUUID": "b1ab959c-bee7-41f6-a5ed-61352be04d5e",
              "isHook": false,
              "skipped": false
            },
            {
              "title": "should validate satisfy rules with valid mc",
              "fullTitle": "satisfyRuleSchema should validate satisfy rules with valid mc",
              "timedOut": false,
              "duration": 1,
              "state": "passed",
              "speed": "fast",
              "pass": true,
              "fail": false,
              "pending": false,
              "context": "[\n  {\n    \"title\": \"mcSatisfyRule sample 0\",\n    \"value\": {\n      \"mc\": \"<=2\"\n    }\n  },\n  {\n    \"title\": \"mcSatisfyRule sample 1\",\n    \"value\": {\n      \"mc\": \">=4\"\n    }\n  },\n  {\n    \"title\": \"mcSatisfyRule sample 2\",\n    \"value\": {\n      \"mc\": \">=69\"\n    }\n  },\n  {\n    \"title\": \"mcSatisfyRule sample 3\",\n    \"value\": {\n      \"mc\": \">=59\"\n    }\n  },\n  {\n    \"title\": \"mcSatisfyRule sample 4\",\n    \"value\": {\n      \"mc\": \"<=175\"\n    }\n  },\n  {\n    \"title\": \"mcSatisfyRule sample 5\",\n    \"value\": {\n      \"mc\": \">=107\"\n    }\n  },\n  {\n    \"title\": \"mcSatisfyRule sample 6\",\n    \"value\": {\n      \"mc\": \"<=200\"\n    }\n  },\n  {\n    \"title\": \"mcSatisfyRule sample 7\",\n    \"value\": {\n      \"mc\": \">=124\"\n    }\n  },\n  {\n    \"title\": \"mcSatisfyRule sample 8\",\n    \"value\": {\n      \"mc\": \">=92\"\n    }\n  },\n  {\n    \"title\": \"mcSatisfyRule sample 9\",\n    \"value\": {\n      \"mc\": \">=1\"\n    }\n  }\n]",
              "code": "fast_check_1.sample(index_test_2.mcSatisfyRule, 10).forEach((sample, i) => addContext_1.default(this, {\n    title: `mcSatisfyRule sample ${i}`,\n    value: sample,\n}));\nreturn fast_check_1.assert(fast_check_1.property(index_test_2.mcSatisfyRule, ajvValidate));",
              "err": {},
              "uuid": "664e251f-95f5-49e9-ae5e-87f776056a10",
              "parentUUID": "b1ab959c-bee7-41f6-a5ed-61352be04d5e",
              "isHook": false,
              "skipped": false
            },
            {
              "title": "should validate valid recursive satisfy rules",
              "fullTitle": "satisfyRuleSchema should validate valid recursive satisfy rules",
              "timedOut": false,
              "duration": 5,
              "state": "passed",
              "speed": "fast",
              "pass": true,
              "fail": false,
              "pending": false,
              "context": "[\n  {\n    \"title\": \"satisfyRule sample 0\",\n    \"value\": \"y\"\n  },\n  {\n    \"title\": \"satisfyRule sample 1\",\n    \"value\": {\n      \"mc\": \"<=199\"\n    }\n  },\n  {\n    \"title\": \"satisfyRule sample 2\",\n    \"value\": {\n      \"or\": [\n        {\n          \"or\": [\n            {\n              \"and\": [\n                {\n                  \"mc\": \">=31\"\n                },\n                \"wSiH$7+W\",\n                {\n                  \"and\": [\n                    \";]<YYr\",\n                    \".>$S=jX;\",\n                    {\n                      \"and\": [\n                        \"hj7Nto=a\",\n                        \"\",\n                        \"\"\n                      ]\n                    },\n                    \"x0>v4]c,/\"\n                  ]\n                },\n                \"{\",\n                \"yhX)qD$\"\n              ]\n            },\n            \"Pw9]YB\",\n            {\n              \"and\": [\n                \"v9*!JI$U\",\n                \"l|eMZ'Ke\"\n              ]\n            },\n            {\n              \"or\": [\n                {\n                  \"or\": [\n                    \"9\",\n                    \"6HxfFm*\"\n                  ]\n                },\n                \"\\\\S\",\n                {\n                  \"and\": [\n                    \"!dp AmfkO\"\n                  ]\n                },\n                \"WB25F*7{\",\n                {\n                  \"mc\": \">=43\"\n                }\n              ]\n            },\n            {\n              \"or\": [\n                \"8iqSy]~9X(\"\n              ]\n            }\n          ]\n        },\n        {\n          \"mc\": \"<=4\"\n        },\n        {\n          \"mc\": \"<=10\"\n        }\n      ]\n    }\n  },\n  {\n    \"title\": \"satisfyRule sample 3\",\n    \"value\": {\n      \"and\": [\n        {\n          \"or\": []\n        }\n      ]\n    }\n  },\n  {\n    \"title\": \"satisfyRule sample 4\",\n    \"value\": {\n      \"mc\": \"<=5\"\n    }\n  },\n  {\n    \"title\": \"satisfyRule sample 5\",\n    \"value\": {\n      \"and\": [\n        {\n          \"mc\": \"<=148\"\n        },\n        \">skcq9\",\n        {\n          \"or\": [\n            \"lq'mL)v#\",\n            {\n              \"or\": [\n                {\n                  \"and\": []\n                },\n                \"BM$4unx'3Z\",\n                {\n                  \"or\": [\n                    \"e\",\n                    \", ;\",\n                    \"w(pKy\"\n                  ]\n                },\n                \".h\",\n                \"0 2:J1.\"\n              ]\n            },\n            {\n              \"mc\": \">=195\"\n            },\n            {\n              \"or\": [\n                {\n                  \"or\": []\n                },\n                \"Mw\",\n                \"81|l=?E\"\n              ]\n            }\n          ]\n        },\n        {\n          \"and\": [\n            {\n              \"and\": [\n                \"m)6|=W^+\",\n                \":t$u\\\\\",\n                {\n                  \"or\": []\n                },\n                {\n                  \"mc\": \">=13\"\n                },\n                \"n\"\n              ]\n            },\n            {\n              \"or\": [\n                \"CJPN\"\n              ]\n            },\n            \"wDo\"\n          ]\n        }\n      ]\n    }\n  },\n  {\n    \"title\": \"satisfyRule sample 6\",\n    \"value\": {\n      \"or\": [\n        {\n          \"or\": [\n            \"[\",\n            \"#\",\n            \"j\",\n            {\n              \"and\": [\n                \"\",\n                {\n                  \"mc\": \">=169\"\n                }\n              ]\n            }\n          ]\n        },\n        {\n          \"or\": [\n            {\n              \"or\": [\n                \"dc\",\n                \"&w\"\n              ]\n            }\n          ]\n        }\n      ]\n    }\n  },\n  {\n    \"title\": \"satisfyRule sample 7\",\n    \"value\": {\n      \"mc\": \"<=110\"\n    }\n  },\n  {\n    \"title\": \"satisfyRule sample 8\",\n    \"value\": {\n      \"or\": []\n    }\n  },\n  {\n    \"title\": \"satisfyRule sample 9\",\n    \"value\": \"!,_)@s&V6\"\n  }\n]",
              "code": "fast_check_1.sample(index_test_2.satisfyRule, 10).forEach((sample, i) => addContext_1.default(this, {\n    title: `satisfyRule sample ${i}`,\n    value: sample,\n}));\nreturn fast_check_1.assert(fast_check_1.property(index_test_2.satisfyRule, ajvValidate));",
              "err": {},
              "uuid": "5c44811c-933c-435d-b747-49d73453442a",
              "parentUUID": "b1ab959c-bee7-41f6-a5ed-61352be04d5e",
              "isHook": false,
              "skipped": false
            },
            {
              "title": "should not validate non-string/object",
              "fullTitle": "satisfyRuleSchema should not validate non-string/object",
              "timedOut": false,
              "duration": 1,
              "state": "passed",
              "speed": "fast",
              "pass": true,
              "fail": false,
              "pending": false,
              "context": null,
              "code": "const error = {\n    instancePath: \"\",\n    message: \"satisfy rule should be either a string or an object\",\n};\nisInvalidRule(null, error);\nisInvalidRule(undefined, error);\nisInvalidRule(10, error);\nisInvalidRule([12, 24], error);",
              "err": {},
              "uuid": "72cdcf2f-d609-4bfb-905d-b71c122f2e69",
              "parentUUID": "b1ab959c-bee7-41f6-a5ed-61352be04d5e",
              "isHook": false,
              "skipped": false
            },
            {
              "title": "should not validate satisfy rules with extra properties",
              "fullTitle": "satisfyRuleSchema should not validate satisfy rules with extra properties",
              "timedOut": false,
              "duration": 0,
              "state": "passed",
              "speed": "fast",
              "pass": true,
              "fail": false,
              "pending": false,
              "context": null,
              "code": "isInvalidRule({\n        and: [\n            { or: [\"2k\"], abc: \"def\" },\n            { mc: 8, ghi: \"jkl\" },\n        ],\n        mno: \"pqr\",\n    }, {\n        instancePath: \"/and/0\",\n        message: \"or satisfy rule should have property 'or' only\",\n    }, {\n        instancePath: \"/and/1\",\n        message: \"MC satisfy rule should have property 'mc' only\",\n    }, {\n        instancePath: \"\",\n        message: \"and satisfy rule should have property 'and' only\",\n    })",
              "err": {},
              "uuid": "8c3a4eca-ee42-43af-9cca-c89a93200c7b",
              "parentUUID": "b1ab959c-bee7-41f6-a5ed-61352be04d5e",
              "isHook": false,
              "skipped": false
            },
            {
              "title": "should not validate ambiguous satisfy rules",
              "fullTitle": "satisfyRuleSchema should not validate ambiguous satisfy rules",
              "timedOut": false,
              "duration": 0,
              "state": "passed",
              "speed": "fast",
              "pass": true,
              "fail": false,
              "pending": false,
              "context": null,
              "code": "const message = \"satisfy rule should have only one of properties 'mc', 'and', 'or'\";\nisInvalidRule({\n    or: [\n        { mc: 5, and: [\"CS2040\"] },\n        { and: [{ and: [\"abc\"], or: [\"def\"] }] },\n    ],\n}, { instancePath: \"/or/0\", message }, { instancePath: \"/or/1/and/0\", message });",
              "err": {},
              "uuid": "555dca38-eeb0-47df-ae1e-df599af78a49",
              "parentUUID": "b1ab959c-bee7-41f6-a5ed-61352be04d5e",
              "isHook": false,
              "skipped": false
            },
            {
              "title": "should not validate and satisfy rules with non-array property",
              "fullTitle": "satisfyRuleSchema should not validate and satisfy rules with non-array property",
              "timedOut": false,
              "duration": 0,
              "state": "passed",
              "speed": "fast",
              "pass": true,
              "fail": false,
              "pending": false,
              "context": null,
              "code": "const message = \"property 'and' should be an array of satisfy rules\";\nisInvalidRule({ or: [{ and: {} }, { or: [{ and: 3 }] }] }, { instancePath: \"/or/0/and\", message }, { instancePath: \"/or/1/or/0/and\", message });",
              "err": {},
              "uuid": "3d3d304f-5431-4184-83e8-bd4ccccd383b",
              "parentUUID": "b1ab959c-bee7-41f6-a5ed-61352be04d5e",
              "isHook": false,
              "skipped": false
            },
            {
              "title": "should not validate or satisfy rules with non-array property",
              "fullTitle": "satisfyRuleSchema should not validate or satisfy rules with non-array property",
              "timedOut": false,
              "duration": 0,
              "state": "passed",
              "speed": "fast",
              "pass": true,
              "fail": false,
              "pending": false,
              "context": null,
              "code": "const message = \"property 'or' should be an array of satisfy rules\";\nisInvalidRule({ and: [{ or: {} }, { and: [{ or: 3 }] }] }, { instancePath: \"/and/0/or\", message }, { instancePath: \"/and/1/and/0/or\", message });",
              "err": {},
              "uuid": "7a99b5f7-d026-47c5-9ead-28c42121aa58",
              "parentUUID": "b1ab959c-bee7-41f6-a5ed-61352be04d5e",
              "isHook": false,
              "skipped": false
            }
          ],
          "suites": [],
          "passes": [
            "44928ff0-68a3-48d0-b5c9-8a8bc3b000a8",
            "664e251f-95f5-49e9-ae5e-87f776056a10",
            "5c44811c-933c-435d-b747-49d73453442a",
            "72cdcf2f-d609-4bfb-905d-b71c122f2e69",
            "8c3a4eca-ee42-43af-9cca-c89a93200c7b",
            "555dca38-eeb0-47df-ae1e-df599af78a49",
            "3d3d304f-5431-4184-83e8-bd4ccccd383b",
            "7a99b5f7-d026-47c5-9ead-28c42121aa58"
          ],
          "failures": [],
          "pending": [],
          "skipped": [],
          "duration": 8,
          "root": false,
          "rootEmpty": false,
          "_timeout": 2000
        }
      ],
      "passes": [],
      "failures": [],
      "pending": [],
      "skipped": [],
      "duration": 0,
      "root": true,
      "rootEmpty": true,
      "_timeout": 2000
    }
  ],
  "meta": {
    "mocha": {
      "version": "9.0.1"
    },
    "mochawesome": {
      "options": {
        "quiet": false,
        "reportFilename": "mochawesome",
        "saveHtml": true,
        "saveJson": true,
        "consoleReporter": "spec",
        "useInlineDiffs": false,
        "code": true
      },
      "version": "6.2.2"
    },
    "marge": {
      "options": {
        "reportDir": "docs"
      },
      "version": "5.2.0"
    }
  }
}