{
  "stats": {
    "suites": 10,
    "tests": 48,
    "passes": 48,
    "pending": 0,
    "failures": 0,
    "start": "2021-07-20T03:27:01.805Z",
    "end": "2021-07-20T03:27:02.149Z",
    "duration": 344,
    "testsRegistered": 48,
    "passPercent": 100,
    "pendingPercent": 0,
    "other": 0,
    "hasOther": false,
    "skipped": 0,
    "hasSkipped": false
  },
  "results": [
    {
      "uuid": "c6e02c09-348c-43c3-9ee2-b1904793948f",
      "title": "",
      "fullFile": "",
      "file": "",
      "beforeHooks": [],
      "afterHooks": [],
      "tests": [],
      "suites": [
        {
          "uuid": "8a717b3c-be5e-4028-974e-1622a5733943",
          "title": "initDirectories",
          "fullFile": "/home/runner/work/planwithus-lib/planwithus-lib/src/block/schemas.test.ts",
          "file": "/src/block/schemas.test.ts",
          "beforeHooks": [],
          "afterHooks": [],
          "tests": [
            {
              "title": "should parse all blocks with no errors",
              "fullTitle": "initDirectories should parse all blocks with no errors",
              "timedOut": false,
              "duration": 3,
              "state": "passed",
              "speed": "fast",
              "pass": true,
              "fail": false,
              "pending": false,
              "context": null,
              "code": "_1.initDirectories.should.not.throw()",
              "err": {},
              "uuid": "e863a9b6-319b-4ccc-a3b3-f82f5d67894a",
              "parentUUID": "8a717b3c-be5e-4028-974e-1622a5733943",
              "isHook": false,
              "skipped": false
            },
            {
              "title": "should produce primary, second & minor directories",
              "fullTitle": "initDirectories should produce primary, second & minor directories",
              "timedOut": false,
              "duration": 2,
              "state": "passed",
              "speed": "fast",
              "pass": true,
              "fail": false,
              "pending": false,
              "context": null,
              "code": "const directories = _1.initDirectories();\ndirectories.should.have.property(\"primary\");\ndirectories.should.have.property(\"second\");\ndirectories.should.have.property(\"minor\");",
              "err": {},
              "uuid": "24fb2e6f-9a04-4c18-bee2-fc036162cf30",
              "parentUUID": "8a717b3c-be5e-4028-974e-1622a5733943",
              "isHook": false,
              "skipped": false
            }
          ],
          "suites": [],
          "passes": [
            "e863a9b6-319b-4ccc-a3b3-f82f5d67894a",
            "24fb2e6f-9a04-4c18-bee2-fc036162cf30"
          ],
          "failures": [],
          "pending": [],
          "skipped": [],
          "duration": 5,
          "root": false,
          "rootEmpty": false,
          "_timeout": 2000
        },
        {
          "uuid": "a2167b3c-aef1-4f5e-bd13-cf5058b451c5",
          "title": "blockSchema",
          "fullFile": "/home/runner/work/planwithus-lib/planwithus-lib/src/block/schemas.test.ts",
          "file": "/src/block/schemas.test.ts",
          "beforeHooks": [],
          "afterHooks": [],
          "tests": [
            {
              "title": "should validate valid block",
              "fullTitle": "blockSchema should validate valid block",
              "timedOut": false,
              "duration": 196,
              "state": "passed",
              "speed": "slow",
              "pass": true,
              "fail": false,
              "pending": false,
              "context": "[\n  {\n    \"title\": \"block sample 0\",\n    \"value\": {\n      \"name\": \"HrgWe\",\n      \"ay\": 1952,\n      \"assign\": [\n        \"YkA5l#0=\",\n        \"O\",\n        \"Jd9=I4Jd%*\",\n        \"#^^\",\n        \"7]#Y\"\n      ],\n      \"match\": {\n        \"pattern\": \"QF779\",\n        \"info\": \"}\"\n      },\n      \"satisfy\": {\n        \"and\": [\n          {\n            \"mc\": \">=193\"\n          },\n          \"\",\n          {\n            \"and\": [\n              {\n                \"and\": [\n                  \"pM>VZ^v3\",\n                  {\n                    \"or\": [\n                      \"vk[KYi\"\n                    ]\n                  }\n                ]\n              },\n              {\n                \"or\": [\n                  \"\",\n                  {\n                    \"mc\": \"<=1\"\n                  },\n                  \"!gGI\",\n                  \"\"\n                ]\n              }\n            ]\n          },\n          {\n            \"and\": [\n              {\n                \"or\": [\n                  {\n                    \"and\": [\n                      \"{[VO#%|Kwf\",\n                      {\n                        \"or\": [\n                          \"+ti*e\",\n                          \"+Skp\",\n                          \"`S\"\n                        ]\n                      },\n                      \"WGl|7tEK\"\n                    ]\n                  },\n                  \"\",\n                  {\n                    \"or\": []\n                  }\n                ]\n              },\n              {\n                \"or\": [\n                  \"GT\",\n                  \"\",\n                  {\n                    \"or\": [\n                      \"^k&\",\n                      \"EeL-p\\\"\",\n                      \"M8yZL_\"\n                    ]\n                  },\n                  {\n                    \"or\": [\n                      \"\",\n                      \"9,!&\",\n                      \"a\"\n                    ]\n                  }\n                ]\n              },\n              \"Mi0Ji\"\n            ]\n          },\n          {\n            \"mc\": \"<=196\"\n          }\n        ]\n      },\n      \"info\": \"cHW]-+(P\",\n      \"isSelectable\": true\n    }\n  },\n  {\n    \"title\": \"block sample 1\",\n    \"value\": {\n      \"name\": \"e@_^l\",\n      \"ay\": 2029,\n      \"assign\": [\n        \"v,;_mU'3R\"\n      ],\n      \"match\": {\n        \"and\": [\n          {\n            \"pattern\": \"YD84\",\n            \"exclude\": \"DL4xx5\",\n            \"info\": \"\"\n          }\n        ]\n      },\n      \"url\": \"https://1.aze/w@ugba//%F0%B3%90%A9b4GVb%F0%B4%BF%88P\",\n      \"isSelectable\": true,\n      \"DPD=vMxC\": {\n        \"name\": \"-udK\",\n        \"ay\": 2013,\n        \"assign\": \"7\",\n        \"match\": \"EM1\",\n        \"satisfy\": {\n          \"or\": [\n            \"eh\",\n            \"\",\n            {\n              \"and\": [\n                {\n                  \"mc\": \">=163\"\n                }\n              ]\n            },\n            {\n              \"or\": [\n                \":K?\",\n                {\n                  \"mc\": \"<=104\"\n                },\n                \"8+m#V~k-H\"\n              ]\n            }\n          ]\n        },\n        \"info\": \"&PkV7E.wM@\"\n      },\n      \"Y$&P}5-M4;\": {\n        \"name\": \"\\\"9!,_4-k\",\n        \"ay\": 1991,\n        \"assign\": [],\n        \"match\": [\n          {\n            \"or\": []\n          },\n          {\n            \"or\": [\n              \"QX9228\",\n              {\n                \"pattern\": \"FX36*Q\",\n                \"exclude\": [\n                  \"FJ05\",\n                  \"BRT221Z\",\n                  \"AS*x9\",\n                  \"NTM0xL\",\n                  \"PN353R\"\n                ],\n                \"info\": \"R?o[\"\n              },\n              {\n                \"pattern\": \"XHO1\",\n                \"exclude\": [\n                  \"MQZ779D\",\n                  \"LA35\",\n                  \"JV77\",\n                  \"YS6\",\n                  \"IAE0\"\n                ],\n                \"info\": \"-\"\n              },\n              {\n                \"or\": [\n                  {\n                    \"or\": [\n                      {\n                        \"or\": [\n                          {\n                            \"and\": [\n                              \"ZFx\",\n                              \"MC44\",\n                              {\n                                \"or\": [\n                                  {\n                                    \"and\": [\n                                      \"RZJx1\"\n                                    ]\n                                  },\n                                  \"ZCR3208H\",\n                                  \"PX7717\",\n                                  \"MO1118N\",\n                                  \"UXH2x19T\"\n                                ]\n                              }\n                            ]\n                          },\n                          \"DDL8x4N\",\n                          \"XX0W\",\n                          \"QG6x*\"\n                        ]\n                      },\n                      \"BM*I\",\n                      \"PDEx6\"\n                    ]\n                  },\n                  \"SJ549\"\n                ]\n              }\n            ]\n          }\n        ],\n        \"satisfy\": {\n          \"mc\": \">=28\"\n        },\n        \"url\": \"http://f6tl1up9j1ent56xei0fb.pmozvbgo\",\n        \"info\": \"O\",\n        \"isSelectable\": true\n      },\n      \"{{/DTl]*L\": {\n        \"name\": \"X7=\\\"\",\n        \"ay\": 1958,\n        \"assign\": \"2jrX\",\n        \"match\": {\n          \"pattern\": \"CA9\",\n          \"exclude\": \"BXA618\",\n          \"info\": \"\"\n        },\n        \"satisfy\": [\n          \"&QL_2emq_5\",\n          {\n            \"mc\": \"<=70\"\n          },\n          {\n            \"or\": [\n              {\n                \"mc\": \">=9\"\n              },\n              \"|->23\"\n            ]\n          },\n          {\n            \"mc\": \"<=54\"\n          },\n          {\n            \"or\": [\n              {\n                \"or\": [\n                  {\n                    \"mc\": \"<=3\"\n                  },\n                  \"aPE\",\n                  {\n                    \"and\": [\n                      {\n                        \"or\": [\n                          \"j)9I*?@rP\",\n                          \"]}fjV'\",\n                          \"8\\\\v>S\"\n                        ]\n                      },\n                      {\n                        \"or\": []\n                      },\n                      {\n                        \"and\": [\n                          \"){CfBy\",\n                          {\n                            \"mc\": \"<=77\"\n                          },\n                          \">=rn8h\"\n                        ]\n                      }\n                    ]\n                  },\n                  {\n                    \"or\": [\n                      \"Pkh<2,8\",\n                      {\n                        \"and\": []\n                      }\n                    ]\n                  }\n                ]\n              },\n              {\n                \"mc\": \"<=188\"\n              }\n            ]\n          }\n        ],\n        \"url\": \"http://mn631dn21ui9v6m13j1i2i.ptpr/5*/Zx/dyCPcNyNc/%F0%B8%A3%8Cdfsq2//%E7%AF%88aLs8$FYP/0PG'\",\n        \"info\": \"\",\n        \"isSelectable\": true,\n        \",s4n=c\": {\n          \"name\": \"2yb4Y\",\n          \"ay\": 1999,\n          \"assign\": [\n            \"j=/C 3\"\n          ],\n          \"match\": {\n            \"or\": [\n              \"HQX2x85Z\"\n            ]\n          },\n          \"url\": \"http://e.vcahy80v4fgevnkvsxn-i.c2xar8681b9jb9bk35j.zqkt\",\n          \"info\": \"`O~^)S`\",\n          \"isSelectable\": true\n        },\n        \":\": {\n          \"ay\": 1957,\n          \"assign\": \"q+eKm\",\n          \"satisfy\": \"C3\",\n          \"url\": \"https://2b-zl8270u5jecl0-1zzdxievffxb62e.9.f.j.ydrtxkjyvf/jW=De/%F3%87%83%B6%F2%B6%86%B5A/i%F2%8F%95%B8t.LJ%F2%AE%B2%8E3f%F0%A1%B6%B2//~us:j)/KmdHfD/08H7D:m\",\n          \"info\": \"CopLf9zzv$\",\n          \"isSelectable\": true\n        },\n        \"L%J\": {\n          \"name\": \"wS)\",\n          \"assign\": \"1c?@cH?\\\\\",\n          \"match\": {\n            \"pattern\": \"YR90\",\n            \"exclude\": \"HEM47*\",\n            \"info\": \"mK\"\n          },\n          \"satisfy\": {\n            \"mc\": \">=176\"\n          },\n          \"url\": \"http://b50zavt31ahm8hx.vxjjjelv1tvu7oygtnzrmn3hbyypd8ws5omd61ttagmabsvwv5m--4wpec.qi0v0nn.t07rl-vf-wvd6pmy1r5s48bu72b66b5.oaasrk-smbfguhwq.njpgc/6Z~0UZ*6Xz/qU1AZR/o5I1iDI//Sq$TO%F1%A4%A3%93$/JL,-4z\",\n          \"info\": \"Ya~|#w\",\n          \"isSelectable\": true,\n          \"f^:LWS\": {\n            \"name\": \"7(#;\",\n            \"ay\": 1961,\n            \"assign\": \"htA\",\n            \"match\": [\n              \"NKA21F\",\n              {\n                \"and\": []\n              },\n              {\n                \"pattern\": \"BWNxA\",\n                \"exclude\": \"SY8\",\n                \"info\": \"5Q\"\n              },\n              {\n                \"or\": [\n                  {\n                    \"and\": [\n                      {\n                        \"or\": [\n                          {\n                            \"and\": [\n                              {\n                                \"and\": [\n                                  {\n                                    \"pattern\": \"EO3\",\n                                    \"exclude\": \"CBxx*C\",\n                                    \"info\": \"a@DRzU@\"\n                                  }\n                                ]\n                              },\n                              \"PJP81\",\n                              \"JIx1B\"\n                            ]\n                          }\n                        ]\n                      },\n                      \"GZ9714\",\n                      \"FL*\",\n                      \"HJK*L\",\n                      {\n                        \"and\": [\n                          \"HKA303xA\"\n                        ]\n                      }\n                    ]\n                  },\n                  {\n                    \"and\": [\n                      \"WXT84I\",\n                      \"YCJ89\",\n                      \"GSK4\"\n                    ]\n                  },\n                  {\n                    \"or\": [\n                      {\n                        \"pattern\": \"UV00D\",\n                        \"exclude\": [],\n                        \"info\": \" HMX\"\n                      },\n                      {\n                        \"and\": [\n                          \"IT*25F\",\n                          \"SC19\",\n                          \"GW1J\",\n                          {\n                            \"or\": []\n                          }\n                        ]\n                      },\n                      {\n                        \"or\": [\n                          \"WB56\"\n                        ]\n                      }\n                    ]\n                  },\n                  {\n                    \"or\": []\n                  },\n                  {\n                    \"or\": [\n                      \"IN5\"\n                    ]\n                  }\n                ]\n              }\n            ],\n            \"satisfy\": {\n              \"and\": [\n                \"e \\\\mh\",\n                {\n                  \"and\": []\n                },\n                \"tzv\",\n                {\n                  \"or\": [\n                    \"0N(Sw7uZg+\",\n                    \"4~\",\n                    {\n                      \"or\": [\n                        {\n                          \"mc\": \">=81\"\n                        },\n                        {\n                          \"and\": []\n                        },\n                        {\n                          \"and\": [\n                            {\n                              \"mc\": \"<=175\"\n                            },\n                            \"M>H7d}mZ\\\"\"\n                          ]\n                        },\n                        {\n                          \"mc\": \">=37\"\n                        }\n                      ]\n                    },\n                    \"\",\n                    \",]2~^\"\n                  ]\n                }\n              ]\n            },\n            \"url\": \"http://q3akn3iqshjyz.x.tjf/X%F3%9B%A1%80)8l=!+*/U,z*bE//db6.S//s0-GyA/%F0%A9%86%9Cm7e5%F1%B1%B7%B9/,8.OAq%F2%A4%A9%87~8/$qhZo/)X\",\n            \"isSelectable\": true\n          }\n        }\n      },\n      \"k{A*h\": {\n        \"name\": \"d<\",\n        \"match\": [\n          {\n            \"or\": [\n              {\n                \"pattern\": \"DF592Y\",\n                \"exclude\": \"EG2\"\n              },\n              {\n                \"or\": [\n                  \"DIU73Z\",\n                  \"JGK2\"\n                ]\n              },\n              \"WSxY\",\n              \"XPJ87\",\n              {\n                \"and\": [\n                  \"TXR7068\",\n                  {\n                    \"or\": [\n                      {\n                        \"pattern\": \"HUH8689Y\",\n                        \"exclude\": \"WOMxx64\",\n                        \"info\": \">\"\n                      },\n                      \"QN772L\",\n                      \"OJO61C\",\n                      \"WT7D\",\n                      \"DQ66\"\n                    ]\n                  },\n                  {\n                    \"or\": []\n                  },\n                  {\n                    \"pattern\": \"PHC42F\",\n                    \"exclude\": [\n                      \"YCE2xA\"\n                    ],\n                    \"info\": \"z4&)\"\n                  }\n                ]\n              }\n            ]\n          },\n          {\n            \"or\": [\n              {\n                \"pattern\": \"YJ0647F\",\n                \"exclude\": [],\n                \"info\": \"c7^c\"\n              }\n            ]\n          },\n          {\n            \"pattern\": \"HFO5Y\",\n            \"exclude\": \"GVL3469A\",\n            \"info\": \"gMxb\"\n          }\n        ],\n        \"url\": \"https://7kttrc8w7jva92lu7u6toujwsfxfz58ib5m-dl60drh0.6zl5ll8bph6pfq306s-hi96ggpn1s7kpitr7k9nhowzrg71j693v5sysrd67-q.afu9pew0ta9zmpnj7jb.fuqvrcchrp/%F3%B3%97%8B/EPjn/%F0%9C%A3%A524Yw/5/I/_;LvK/Dfj%F3%AB%9C%A3/s/K%F2%93%A5%ABh@TF/X+5f6%F1%BC%90%B9%F3%91%B2%B4u*\",\n        \"info\": \"!2`E:Mqf\",\n        \"isSelectable\": true\n      }\n    }\n  },\n  {\n    \"title\": \"block sample 2\",\n    \"value\": {\n      \"name\": \"T&O\",\n      \"assign\": \"1~*wqt?#\",\n      \"match\": [],\n      \"satisfy\": {\n        \"and\": []\n      },\n      \"url\": \"http://2ft8dv9wlu-s7zor3x4a9s3vdmujd1ju4s9-7m0mt.2jrz8c4j3is60h7x4ao8i0ea.w.q4zsr.bcz/J(+E%F2%95%B7%82bjk!d/%F2%97%BD%B7Rt%F2%94%A3%80iPau\",\n      \"info\": \"v.jblE6!$\",\n      \"isSelectable\": true\n    }\n  },\n  {\n    \"title\": \"block sample 3\",\n    \"value\": {\n      \"name\": \"jp>|\",\n      \"ay\": 1955,\n      \"assign\": [],\n      \"match\": [\n        {\n          \"pattern\": \"TPB2*9B\",\n          \"exclude\": \"SIX3x5T\",\n          \"info\": \"w[Ok2?B+)\"\n        },\n        \"DFRx24\",\n        \"RH329L\",\n        \"BC97I\"\n      ],\n      \"satisfy\": [\n        {\n          \"or\": [\n            {\n              \"mc\": \"<=76\"\n            }\n          ]\n        },\n        {\n          \"or\": [\n            {\n              \"mc\": \">=32\"\n            },\n            {\n              \"and\": [\n                {\n                  \"and\": [\n                    \"5wQ2{\",\n                    \".U3S\",\n                    \"osIL<\"\n                  ]\n                },\n                \"|2P\"\n              ]\n            }\n          ]\n        },\n        {\n          \"or\": [\n            \"ZY[U>yN>a\",\n            {\n              \"and\": [\n                \"\",\n                \"sOD4\",\n                \"wpa->4sl$U\",\n                \"<Y_\",\n                \"FC%\"\n              ]\n            },\n            {\n              \"and\": [\n                {\n                  \"and\": [\n                    \"\"\n                  ]\n                },\n                \"in.ywv\",\n                \"5I[X+DN\",\n                {\n                  \"and\": [\n                    {\n                      \"mc\": \">=116\"\n                    },\n                    {\n                      \"and\": [\n                        \"V'oF\\\"\",\n                        \"H\"\n                      ]\n                    },\n                    {\n                      \"or\": []\n                    },\n                    \"fqF9umcfa\",\n                    \"2\"\n                  ]\n                },\n                \"\\\"/h@\"\n              ]\n            },\n            {\n              \"and\": []\n            },\n            \"j\"\n          ]\n        },\n        {\n          \"mc\": \"<=132\"\n        },\n        {\n          \"or\": [\n            \")A!X%G6Mt\",\n            {\n              \"mc\": \">=58\"\n            },\n            {\n              \"and\": [\n                {\n                  \"mc\": \">=176\"\n                },\n                \"n+s1G+8O4w\",\n                \"ml>O'`2\",\n                {\n                  \"mc\": \"<=60\"\n                }\n              ]\n            },\n            {\n              \"or\": [\n                {\n                  \"or\": [\n                    \"iTy\",\n                    \"0tT{I,I\",\n                    \"PzWqBc u4}\"\n                  ]\n                }\n              ]\n            }\n          ]\n        }\n      ],\n      \"url\": \"https://pw0tjbm9vz58ylc6w.l.4.abyeb/otTW/c'u;/1VWUy&rk5//m5/25/3///zJH%F3%86%81%A2\",\n      \"info\": \"\\\"\\\"\\\"!{\",\n      \"isSelectable\": true\n    }\n  },\n  {\n    \"title\": \"block sample 4\",\n    \"value\": {\n      \"ay\": 1997,\n      \"assign\": \"z#|\",\n      \"match\": [\n        \"IO2795\",\n        \"IJY*4\"\n      ],\n      \"satisfy\": {\n        \"mc\": \">=143\"\n      }\n    }\n  },\n  {\n    \"title\": \"block sample 5\",\n    \"value\": {\n      \"name\": \"1\",\n      \"ay\": 1994,\n      \"assign\": [\n        \"9W>F(a$nOX\",\n        \"e]fzNF6K\",\n        \"mrNS%$ w\",\n        \"7u|d\",\n        \"]^No\"\n      ],\n      \"match\": \"VV07\",\n      \"satisfy\": [\n        {\n          \"and\": [\n            {\n              \"mc\": \">=115\"\n            },\n            {\n              \"and\": [\n                \"\",\n                \"\",\n                \"K7qWOF}!\"\n              ]\n            },\n            {\n              \"or\": [\n                \"43(\",\n                \"5R!A X1Gtx\",\n                {\n                  \"mc\": \">=21\"\n                },\n                \"{fG\"\n              ]\n            },\n            {\n              \"mc\": \">=37\"\n            }\n          ]\n        },\n        {\n          \"mc\": \">=52\"\n        },\n        {\n          \"and\": [\n            {\n              \"and\": [\n                {\n                  \"and\": []\n                }\n              ]\n            },\n            \"G\",\n            \"0p&%\\\\g|\",\n            {\n              \"or\": []\n            },\n            \"%$\"\n          ]\n        }\n      ],\n      \"info\": \"V#|f@=\\\\ G\",\n      \"isSelectable\": true,\n      \"l0}*@3>f\": {\n        \"name\": \"B~osC2MAG8\",\n        \"ay\": 1956,\n        \"satisfy\": [],\n        \"url\": \"http://7x7qh70iqlamu4hawewr06u4pwc6gkujpf6m3o72av61o982fg7ke-sjjf2.oatnzg-p06czguu74hofdg3mlsknvz03tzntfdf87uy.e7azdjozsm0j69p3r2df-17wm3m2gubx-k5upmdvk9f1ao9pu9sh4.xyrwuytwsq/jp\",\n        \"info\": \"LW*f00B3:\"\n      },\n      \"Cv\": {\n        \"name\": \"\\\"Yw\",\n        \"ay\": 1973,\n        \"assign\": [],\n        \"match\": {\n          \"or\": [\n            \"FW4549\",\n            {\n              \"or\": [\n                {\n                  \"or\": [\n                    \"LI4L\",\n                    \"WQ6\",\n                    \"ZUI5229I\",\n                    {\n                      \"pattern\": \"UDxU\",\n                      \"exclude\": [\n                        \"BXC0\",\n                        \"ADU26W\"\n                      ]\n                    },\n                    \"XXO24\"\n                  ]\n                },\n                {\n                  \"and\": [\n                    \"UNZ68R\"\n                  ]\n                },\n                {\n                  \"and\": [\n                    {\n                      \"pattern\": \"TU09T\",\n                      \"info\": \"6\"\n                    },\n                    \"HQx26V\",\n                    \"XE60L\",\n                    \"SYO22N\"\n                  ]\n                },\n                \"CZx9Q\",\n                {\n                  \"and\": []\n                }\n              ]\n            },\n            {\n              \"or\": []\n            }\n          ]\n        },\n        \"satisfy\": [\n          \"c@&M*!%yU\",\n          \"k\",\n          {\n            \"or\": []\n          }\n        ],\n        \"url\": \"https://io17id5nhueu0zcpowkiqgyytx9kwyu1lap-14d0lt.bfkx/Pxk&+Im%F3%8C%9D%AFu\",\n        \"isSelectable\": true\n      },\n      \"k\": {\n        \"name\": \"#t\\\"Uv/*I]\",\n        \"ay\": 1959,\n        \"assign\": [\n          \"5NM/aS\",\n          \"hU/u.G(2gt\"\n        ],\n        \"satisfy\": [\n          \"%!sM\",\n          {\n            \"mc\": \"<=116\"\n          },\n          {\n            \"mc\": \">=191\"\n          },\n          {\n            \"mc\": \">=198\"\n          }\n        ],\n        \"url\": \"https://btvj6yajjn.d9h908vp9cga9yiwfbb3-m0o0l73qhmifq9c5ffbj0t0h.nr/btp%F0%B1%92%82Jq%F3%AF%8D%A9ryE/og%F3%8F%BD%86SypWZU%F1%BD%A2%8B/~%F2%AA%86%B9Em/c/G8\",\n        \"info\": \"g~Q \"\n      },\n      \"hkOhu1d#kO\": {\n        \"name\": \"S\\\\U'wZ~\",\n        \"assign\": [\n          \"QUF>2Qp\",\n          \"x@SvZ1S?C^\",\n          \")xBi6mUG8B\",\n          \"Gf*B WG\",\n          \"Iz\"\n        ],\n        \"match\": [],\n        \"satisfy\": [],\n        \"info\": \"ZYz49]&\",\n        \"isSelectable\": true,\n        \"t\": {\n          \"name\": \"0pv\",\n          \"ay\": 1956,\n          \"assign\": \"\",\n          \"match\": [],\n          \"satisfy\": [\n            {\n              \"or\": [\n                {\n                  \"mc\": \"<=22\"\n                },\n                {\n                  \"and\": []\n                }\n              ]\n            },\n            {\n              \"mc\": \"<=163\"\n            },\n            {\n              \"or\": []\n            },\n            \"W\"\n          ],\n          \"url\": \"https://l9tc9arrwns8h2g84p7v4o3kf235m1ch1yl449wqp8v-nkj.8.5.cxqpr/w%F1%99%96%9F_Tqre/=S%F1%9F%B2%B7m+'!q$/)%F4%81%B2%BFN/902R@5m\",\n          \"info\": \"J1{3dMT#/\",\n          \"isSelectable\": true\n        },\n        \" \": {\n          \"name\": \":P=VTn/M\",\n          \"assign\": \"\",\n          \"match\": [\n            {\n              \"pattern\": \"IM007\",\n              \"exclude\": \"ZZX55L\",\n              \"info\": \"!EF,g>#P;\"\n            },\n            {\n              \"and\": [\n                \"KK9898\",\n                {\n                  \"and\": [\n                    \"PTN0x8R\",\n                    \"BRD8*R\",\n                    \"XK724D\",\n                    {\n                      \"and\": []\n                    }\n                  ]\n                },\n                {\n                  \"or\": [\n                    {\n                      \"and\": [\n                        \"VA5M\",\n                        \"FH7E\"\n                      ]\n                    },\n                    {\n                      \"or\": [\n                        {\n                          \"and\": [\n                            {\n                              \"pattern\": \"FM3*0x\",\n                              \"exclude\": [],\n                              \"info\": \">z8PDh\"\n                            },\n                            \"XFT4*62\",\n                            {\n                              \"or\": [\n                                \"RAZ1x*N\",\n                                {\n                                  \"pattern\": \"UO096B\",\n                                  \"exclude\": [\n                                    \"DR6I\",\n                                    \"VQV272M\"\n                                  ]\n                                },\n                                {\n                                  \"or\": [\n                                    \"RT23T\",\n                                    \"KX*\",\n                                    \"IPQ*993A\",\n                                    \"DV99\",\n                                    \"ASW7\"\n                                  ]\n                                }\n                              ]\n                            },\n                            \"GC30W\"\n                          ]\n                        },\n                        \"NK9x4A\",\n                        {\n                          \"or\": [\n                            \"SH78\",\n                            \"FDPxI\",\n                            \"CJ816F\"\n                          ]\n                        }\n                      ]\n                    }\n                  ]\n                },\n                \"WA4P\",\n                {\n                  \"pattern\": \"JT07\",\n                  \"info\": \"p)Kv\"\n                }\n              ]\n            },\n            \"TDC074O\"\n          ],\n          \"satisfy\": [\n            {\n              \"and\": [\n                \"k\",\n                {\n                  \"mc\": \"<=33\"\n                },\n                \"V9*u!;\",\n                {\n                  \"and\": [\n                    \"\",\n                    \"ot1C6qZ\\\\)>\",\n                    \"+mI!S(Xr,\"\n                  ]\n                },\n                {\n                  \"or\": [\n                    {\n                      \"mc\": \"<=30\"\n                    },\n                    {\n                      \"and\": [\n                        \"\",\n                        \"=fc-\\\"L%gR\",\n                        {\n                          \"and\": [\n                            {\n                              \"or\": [\n                                \"H`$L+^9\",\n                                \"}|PX2;vxn\",\n                                \"t*2</Vf\",\n                                \"^}\",\n                                \"k`O{i1**\"\n                              ]\n                            }\n                          ]\n                        },\n                        {\n                          \"mc\": \"<=142\"\n                        },\n                        {\n                          \"and\": [\n                            \"*Kwl,c\"\n                          ]\n                        }\n                      ]\n                    },\n                    {\n                      \"mc\": \">=78\"\n                    }\n                  ]\n                }\n              ]\n            },\n            \" bV`\",\n            {\n              \"or\": [\n                {\n                  \"mc\": \">=69\"\n                },\n                {\n                  \"and\": [\n                    {\n                      \"or\": [\n                        \"awP,'zZmy}\"\n                      ]\n                    },\n                    {\n                      \"mc\": \">=59\"\n                    },\n                    \"\",\n                    \"\",\n                    {\n                      \"or\": [\n                        {\n                          \"mc\": \">=81\"\n                        },\n                        \"\",\n                        {\n                          \"and\": []\n                        }\n                      ]\n                    }\n                  ]\n                }\n              ]\n            },\n            {\n              \"and\": [\n                {\n                  \"or\": [\n                    {\n                      \"mc\": \">=16\"\n                    },\n                    \"28,(C}^Nz\"\n                  ]\n                },\n                {\n                  \"and\": [\n                    {\n                      \"and\": [\n                        \":6\",\n                        \"{rLl6\",\n                        {\n                          \"and\": [\n                            {\n                              \"and\": [\n                                \"N\",\n                                \"vqaUB)9W~D\"\n                              ]\n                            }\n                          ]\n                        },\n                        \"Mj=&~X3E\"\n                      ]\n                    }\n                  ]\n                },\n                {\n                  \"and\": [\n                    {\n                      \"or\": [\n                        \"D3/|z*+tkf\"\n                      ]\n                    },\n                    {\n                      \"mc\": \"<=118\"\n                    }\n                  ]\n                },\n                \"NlKA.2q]B\",\n                {\n                  \"or\": [\n                    {\n                      \"mc\": \">=137\"\n                    },\n                    \"\",\n                    \"e\",\n                    {\n                      \"and\": [\n                        \"5\",\n                        {\n                          \"mc\": \"<=152\"\n                        }\n                      ]\n                    },\n                    \"WY(gGs~HH-\"\n                  ]\n                }\n              ]\n            },\n            {\n              \"or\": [\n                {\n                  \"mc\": \">=44\"\n                },\n                {\n                  \"and\": [\n                    \")?1\",\n                    \"?:.Cg!A_\",\n                    \"vv!\"\n                  ]\n                },\n                {\n                  \"and\": [\n                    \"B~F7h6n)d\",\n                    \"\"\n                  ]\n                }\n              ]\n            }\n          ],\n          \"url\": \"http://7sv80yr53j9if0mbo8sm.veyx0ikw.90qmilxrx-3v36brtx3nmzrcepytsdciih2g89lej0imp4lhxrjiz.cn7630utaw6lhimio.ilum/)Y%F3%9F%A7%986j;,v/mWFsswQI/%F3%A7%B5%91YVl6s,U~b/Su9DBn&2V%F4%8A%A1%A5\",\n          \"info\": \"TuX>f|@\",\n          \"isSelectable\": true,\n          \"\\\"K(>0J08\": {\n            \"name\": \"7?|N$8 |BD\",\n            \"ay\": 1975,\n            \"assign\": \"o$tB74oI \",\n            \"match\": {\n              \"and\": [\n                \"OL6\",\n                {\n                  \"pattern\": \"FVA626\",\n                  \"exclude\": [\n                    \"DPV14C\",\n                    \"QETx8A\",\n                    \"BUL2417\",\n                    \"WI1*89R\"\n                  ],\n                  \"info\": \"6O\"\n                },\n                \"UPx090R\",\n                \"HTQ9161S\",\n                {\n                  \"or\": [\n                    \"HH0x\",\n                    {\n                      \"or\": [\n                        \"VOV6\",\n                        \"QN7404\"\n                      ]\n                    },\n                    \"AXD*7\",\n                    \"WV4\",\n                    \"PLG5x5G\"\n                  ]\n                }\n              ]\n            },\n            \"satisfy\": [\n              \"c\",\n              {\n                \"or\": [\n                  {\n                    \"and\": [\n                      {\n                        \"and\": [\n                          \"e|{F_i[++\"\n                        ]\n                      },\n                      \"l\",\n                      \"olk_!23U3\",\n                      \"\\\\\"\n                    ]\n                  },\n                  \"?\"\n                ]\n              }\n            ],\n            \"url\": \"http://mjp8242po8wogdlcp6s5qe4xl-u.3n95jha1e8oafjogdirylzzrxbj3u6wdgdbe09b4eq5.ri39ttc17erd5z4qibvxi1pf5z6gs.l.rkxc//HhP//6%F1%82%8B%90OS_zFX/3;)hw//1p)\",\n            \"info\": \"!;:sF~n8\",\n            \"isSelectable\": true,\n            \"2/Got`&\": {\n              \"ay\": 1967,\n              \"match\": {\n                \"and\": [\n                  {\n                    \"and\": [\n                      \"RU14T\",\n                      {\n                        \"pattern\": \"MF15\",\n                        \"exclude\": \"PDT2019\",\n                        \"info\": \"f\"\n                      },\n                      {\n                        \"pattern\": \"IN9xI\",\n                        \"exclude\": [\n                          \"YN62G\",\n                          \"CIQ8N\",\n                          \"AMH7\"\n                        ],\n                        \"info\": \"2;f\"\n                      }\n                    ]\n                  },\n                  {\n                    \"or\": [\n                      {\n                        \"and\": [\n                          \"VJM014L\"\n                        ]\n                      },\n                      \"WMx158O\",\n                      \"SZx00\"\n                    ]\n                  },\n                  {\n                    \"and\": []\n                  }\n                ]\n              },\n              \"satisfy\": {\n                \"mc\": \">=32\"\n              },\n              \"url\": \"https://3706dfb2k28hqjm-1bcs3-ezsuikyq85ep980fac4p70m.pn0bf8c8objqfkwryqd4znx8mfmsdxk1yn0iy9cjanx6zoelg4r3vf0p7zos.1kbsj4xkjzir8u6v94-l7i2a0epj7vu.qnsw3w0wrodrxamebowl0nuk8uqtc8v9txp82w.8ensudqwebvr09xclus.vrlkginrs/94)/5wbu/%F3%BB%AD%A3wUd_/1sc%F2%A6%B3%9Errfk%F2%91%A0%AA/i@uLu+~/B2qItsBnW/k/RNFQ\",\n              \"isSelectable\": true,\n              \"uipDc\": {\n                \"name\": \"fsKy\",\n                \"ay\": 2021,\n                \"assign\": [\n                  \"[o;!f@YCt<\",\n                  \"_k }tQV~,\",\n                  \"@D7@lv~k\"\n                ],\n                \"match\": [\n                  {\n                    \"pattern\": \"OB25U\",\n                    \"exclude\": [],\n                    \"info\": \"RUL\"\n                  },\n                  {\n                    \"pattern\": \"XLA7\",\n                    \"exclude\": \"ATC0\",\n                    \"info\": \"P$b\"\n                  },\n                  \"SSA99O\",\n                  {\n                    \"and\": [\n                      {\n                        \"and\": [\n                          \"YA96\",\n                          {\n                            \"or\": [\n                              {\n                                \"pattern\": \"FRD7\",\n                                \"info\": \"\"\n                              }\n                            ]\n                          }\n                        ]\n                      },\n                      {\n                        \"and\": [\n                          {\n                            \"pattern\": \"YZ7\",\n                            \"exclude\": \"RW5X\",\n                            \"info\": \"4L7{<Q,]qs\"\n                          },\n                          {\n                            \"pattern\": \"PB*\",\n                            \"exclude\": [\n                              \"IH9\",\n                              \"XH104A\",\n                              \"SXS4D\"\n                            ],\n                            \"info\": \"uqh\\\"9_\"\n                          },\n                          \"LH1O\",\n                          \"RQN5\"\n                        ]\n                      },\n                      {\n                        \"or\": [\n                          \"EV03x3\",\n                          \"OO4\",\n                          \"GRL630\",\n                          {\n                            \"or\": [\n                              \"HD1805P\",\n                              {\n                                \"and\": [\n                                  \"NZG*\",\n                                  \"NF7\",\n                                  \"IRK730B\",\n                                  \"WX3x\",\n                                  \"PX62x\"\n                                ]\n                              },\n                              {\n                                \"pattern\": \"EZE138\",\n                                \"exclude\": \"IF576J\",\n                                \"info\": \"[-~[^oGxKh\"\n                              },\n                              \"OVB9x6\"\n                            ]\n                          }\n                        ]\n                      },\n                      {\n                        \"or\": [\n                          {\n                            \"and\": []\n                          },\n                          \"NPX0C\",\n                          \"QUL8\",\n                          {\n                            \"and\": [\n                              {\n                                \"and\": [\n                                  \"FMF13T\"\n                                ]\n                              }\n                            ]\n                          },\n                          {\n                            \"and\": [\n                              \"VI5V\",\n                              \"HS8x3N\",\n                              \"HA37\"\n                            ]\n                          }\n                        ]\n                      }\n                    ]\n                  },\n                  {\n                    \"or\": [\n                      \"QI3\",\n                      {\n                        \"or\": [\n                          \"CSI83*2W\",\n                          {\n                            \"and\": []\n                          },\n                          {\n                            \"pattern\": \"AJ*16Z\",\n                            \"exclude\": [\n                              \"HPxK\",\n                              \"JO56*3\"\n                            ],\n                            \"info\": \"a,_{IZ\"\n                          },\n                          {\n                            \"and\": [\n                              \"KN946V\"\n                            ]\n                          }\n                        ]\n                      },\n                      \"RZ3659\"\n                    ]\n                  }\n                ],\n                \"satisfy\": [\n                  {\n                    \"mc\": \"<=148\"\n                  },\n                  \"P}ke_0\\\"\"\n                ],\n                \"url\": \"https://kaj82awtiz6-xe3mnk73snbqx.7hv47ta2fahhjgrc-pb7xg0o3i6h51t92mr9mmf6682xm0fkh.pmvdm/6,/+$U/9.)%F1%A9%81%84,dF/ae=m%F4%83%83%A39/:J\",\n                \"info\": \"-Y?K/bTq\"\n              },\n              \"\": {\n                \"ay\": 1986,\n                \"match\": {\n                  \"or\": [\n                    \"VX155F\",\n                    {\n                      \"pattern\": \"PY*xU\",\n                      \"exclude\": \"RQ15O\",\n                      \"info\": \"rXmGt#\"\n                    },\n                    {\n                      \"or\": [\n                        \"KBSx*3\",\n                        {\n                          \"and\": [\n                            \"AGE882S\"\n                          ]\n                        },\n                        {\n                          \"and\": [\n                            \"WPB3742\",\n                            \"HE52O\",\n                            \"EH42xx\"\n                          ]\n                        },\n                        {\n                          \"pattern\": \"UL*x\",\n                          \"exclude\": [\n                            \"AR030\",\n                            \"BF4D\",\n                            \"REY0\",\n                            \"CYS3I\",\n                            \"PJ251S\"\n                          ],\n                          \"info\": \"\"\n                        }\n                      ]\n                    }\n                  ]\n                },\n                \"satisfy\": [],\n                \"url\": \"https://9dw-n2pzygwx0joq13l-8loaw5md7n7awxn19-6clbin6b0gad5.7145j.xbmjp4fadbsy0vgfab986bcw-cgppjfkr.kmoy\",\n                \"info\": \"\",\n                \"isSelectable\": true\n              },\n              \"Gd;}Cf2L;]\": {\n                \"name\": \"]<4\",\n                \"assign\": \"M9FV]L!Tze\",\n                \"match\": {\n                  \"and\": [\n                    {\n                      \"pattern\": \"GDI3\",\n                      \"exclude\": \"GJ788\",\n                      \"info\": \"Re\"\n                    },\n                    \"EOEx458T\",\n                    {\n                      \"pattern\": \"DTEx\"\n                    }\n                  ]\n                },\n                \"url\": \"https://a.bcptrl/5fK/OC=3L%F1%83%89%A1;/Xa8Kv//Wlj9CZ/5\",\n                \"info\": \"j$|?yJn]M_\",\n                \"isSelectable\": true\n              },\n              \"Z*\": {\n                \"name\": \"n{M&\",\n                \"ay\": 1951,\n                \"assign\": \"#Fb3\",\n                \"match\": [\n                  \"SCR045\"\n                ],\n                \"satisfy\": [\n                  \"\"\n                ],\n                \"url\": \"http://lx1jkffegvabqtum3zlk6rjnw8d6kr497k.3bm4n5tkyzcjwg67okylhh6zb2nsta3jmllhr8rxxd5ixpr5m31rd-1zbe.yo2x5w2fi40i9sdcqxwky9v6ek1uv-1bcicgoh.3.cp93gl6draibi2pkhaexlk376ykyv8agizsx3en11vk1wpo3wunt0i.toobipymr/-'OjEP//6y(_\",\n                \"info\": \"@9\",\n                \"isSelectable\": true\n              }\n            },\n            \":*{-.`\": {\n              \"name\": \"x1#rsJ\",\n              \"ay\": 1999,\n              \"assign\": \"t(SF]X\",\n              \"match\": [\n                {\n                  \"pattern\": \"KV289x\",\n                  \"exclude\": \"HUW*68C\",\n                  \"info\": \"_L.D '\"\n                },\n                {\n                  \"and\": [\n                    {\n                      \"pattern\": \"NFZ5***S\",\n                      \"exclude\": \"MA6\",\n                      \"info\": \"\"\n                    }\n                  ]\n                },\n                {\n                  \"pattern\": \"ZLD562xO\",\n                  \"exclude\": \"BN0*5\",\n                  \"info\": \"P76>eV}\"\n                }\n              ],\n              \"satisfy\": [],\n              \"url\": \"https://otrz3jwgwcx9lhxg3irr62ef5qj00gs6gjybmc-cifbbpolyg9y6elo92q28v.q.cj/05/%F2%BD%82%968mJ:6CIfG/U%F1%A8%91%9B/%F3%AD%BA%A8\",\n              \"info\": \"HMRw \",\n              \"isSelectable\": true\n            }\n          },\n          \"-X bl@oM\": {\n            \"name\": \"6HNPElG x\",\n            \"ay\": 2009,\n            \"assign\": [\n              \"/\",\n              \"p\",\n              \"\",\n              \"\"\n            ],\n            \"match\": [\n              {\n                \"and\": [\n                  {\n                    \"pattern\": \"ORL64P\",\n                    \"exclude\": [\n                      \"HGR297\"\n                    ],\n                    \"info\": \"a\"\n                  },\n                  \"AX39\",\n                  {\n                    \"or\": [\n                      \"ENV*9\",\n                      {\n                        \"or\": [\n                          {\n                            \"pattern\": \"SGS*5V\",\n                            \"exclude\": \"FZF991B\",\n                            \"info\": \"YAxo\"\n                          }\n                        ]\n                      },\n                      {\n                        \"or\": [\n                          \"ZJ7671\",\n                          \"RJ1\",\n                          {\n                            \"pattern\": \"DNV3xB\",\n                            \"exclude\": \"GOV231S\",\n                            \"info\": \"s!_\"\n                          },\n                          \"LM7266\"\n                        ]\n                      }\n                    ]\n                  },\n                  \"FL7\",\n                  {\n                    \"or\": []\n                  }\n                ]\n              },\n              {\n                \"or\": [\n                  {\n                    \"and\": [\n                      \"IIB8\"\n                    ]\n                  },\n                  \"BE1*\",\n                  \"CP04x7O\",\n                  {\n                    \"and\": [\n                      {\n                        \"and\": [\n                          \"YSS2S\",\n                          \"KM74P\",\n                          \"XD4870\"\n                        ]\n                      },\n                      \"CL26\",\n                      {\n                        \"and\": [\n                          \"MQ89\",\n                          \"JFS5\",\n                          {\n                            \"and\": [\n                              {\n                                \"and\": [\n                                  {\n                                    \"or\": [\n                                      \"CNG6852Z\",\n                                      \"QG0*8O\"\n                                    ]\n                                  },\n                                  \"OB41*N\",\n                                  \"QFB297\",\n                                  \"VG767G\",\n                                  \"TPH3317A\"\n                                ]\n                              },\n                              \"AJM*4xH\",\n                              \"YVR6\",\n                              \"IBF*789R\",\n                              \"DDJ29x8\"\n                            ]\n                          }\n                        ]\n                      },\n                      {\n                        \"and\": [\n                          {\n                            \"pattern\": \"TW2\",\n                            \"exclude\": [\n                              \"GJA2U\"\n                            ],\n                            \"info\": \"\"\n                          },\n                          {\n                            \"pattern\": \"ITx3x\",\n                            \"exclude\": [\n                              \"PG4\",\n                              \"LG1xR\"\n                            ],\n                            \"info\": \"U\"\n                          },\n                          \"VR18I\",\n                          \"CSM4L\"\n                        ]\n                      }\n                    ]\n                  }\n                ]\n              }\n            ],\n            \"satisfy\": [\n              {\n                \"or\": []\n              }\n            ],\n            \"url\": \"http://5r9d8epu888zu6bjxc7kmnsbhy3nao6t.0r7frd53uqykz7tepzom7255y7.iqsrb0cgkn2z9dtdbuvy1mear-b01m2m04so8n45kpx.jpp9c3toc7uwgv58azis-91xfg4x-7za20y3l34b-j5yth5mn-hy6a007lu5.dcclzrpat//w=cQx/ava(O/1/3tx=i%F2%A7%84%94c8/j/q5%F1%B6%96%8BJr!E5%F0%9E%A9%8D\",\n            \"info\": \":[\",\n            \"isSelectable\": true\n          },\n          \"_9]\": {\n            \"name\": \"A)EO-\",\n            \"ay\": 1995,\n            \"assign\": \"lZv]@GYi',\",\n            \"match\": [],\n            \"satisfy\": {\n              \"or\": [\n                {\n                  \"mc\": \"<=106\"\n                },\n                \"h+vt(i\"\n              ]\n            },\n            \"url\": \"http://5.e0vs5jtjf7-pvaynlp2ifa11c-0zdzzvh8dg.fw2chb.76hxslu3w3vcd6uarahfii0ql1rxz2k9csh111r1ow1882akg76.telsl6cewzr-ffbc7fhoxlrjv6pq431th.odmiooya/AU/&7GyBi/Tbi33./HYu@%F1%8E%87%BD%F2%A1%A6%95rHD,\",\n            \"info\": \"Df-zVBFZi$\"\n          }\n        }\n      },\n      \"+Pu&n\": {\n        \"name\": \"\",\n        \"ay\": 2021,\n        \"assign\": \"| \",\n        \"match\": [\n          {\n            \"pattern\": \"QRV84Z\",\n            \"exclude\": \"VY47\",\n            \"info\": \"tQQNz+oYF\"\n          },\n          {\n            \"pattern\": \"RF3\",\n            \"exclude\": \"GS329\",\n            \"info\": \"~_\"\n          },\n          {\n            \"pattern\": \"IBP4U\",\n            \"exclude\": [\n              \"BJA10Z\",\n              \"AF4673B\",\n              \"EHH649\"\n            ],\n            \"info\": \"\"\n          },\n          {\n            \"pattern\": \"KW6511\",\n            \"exclude\": []\n          },\n          \"QPQ83F\"\n        ],\n        \"info\": \"?\"\n      }\n    }\n  },\n  {\n    \"title\": \"block sample 6\",\n    \"value\": {\n      \"name\": \"lc\",\n      \"ay\": 2015,\n      \"assign\": [\n        \"\\\\xRKh3R\",\n        \"ksw~rHz1Zg\"\n      ],\n      \"match\": \"PWRxU\",\n      \"satisfy\": [\n        {\n          \"or\": [\n            {\n              \"and\": [\n                \"zP]zaCpV&\"\n              ]\n            }\n          ]\n        },\n        \"Fjba\",\n        {\n          \"and\": [\n            {\n              \"mc\": \">=187\"\n            },\n            {\n              \"or\": [\n                {\n                  \"and\": [\n                    \"q\",\n                    \"wqS0\",\n                    \"J\\\"u%h\"\n                  ]\n                },\n                \"ox+FO7{\"\n              ]\n            },\n            {\n              \"or\": [\n                \"*5\",\n                \"cfo`N.OlT{\",\n                {\n                  \"mc\": \">=9\"\n                },\n                \"t\"\n              ]\n            },\n            {\n              \"or\": [\n                \"LwPA\",\n                \"w;J\",\n                {\n                  \"and\": [\n                    \"G\"\n                  ]\n                },\n                {\n                  \"or\": [\n                    \"}D\\\\e<\",\n                    {\n                      \"mc\": \">=4\"\n                    },\n                    \"_7e\",\n                    {\n                      \"mc\": \"<=127\"\n                    },\n                    \"'|6KqO,\"\n                  ]\n                },\n                {\n                  \"or\": [\n                    \"J^qDq\",\n                    \"\"\n                  ]\n                }\n              ]\n            },\n            {\n              \"mc\": \">=188\"\n            }\n          ]\n        },\n        \"Pz\"\n      ],\n      \"url\": \"http://5a5wh1k8q.w2fk3rx8s123zo4cy0wvat93zlxysvo6vbwhqm-c.8jmusoivrjlj2yhamodk25.yedva/';%F4%89%8F%92,B/%F0%94%8F%B6/FOSiZg@Ct\",\n      \"isSelectable\": true\n    }\n  },\n  {\n    \"title\": \"block sample 7\",\n    \"value\": {\n      \"name\": \"r{&-P |fq\",\n      \"assign\": \"M>q\",\n      \"match\": [],\n      \"satisfy\": {\n        \"and\": [\n          {\n            \"mc\": \"<=28\"\n          }\n        ]\n      },\n      \"url\": \"http://r94w1cdndm9u57ifnu07kndv59qx-espgtnnk9xbss.0blf6jg4fu2un7vi6rdotok01y1v16wjudemm8n59xky.8fjzj.o6odmvrgrpp8qbr-r5ja4w5wvac13pee4ql.qdco/PR/%F4%8F%BF%BE/5w~%F0%B7%B3%844+/%21\",\n      \"info\": \"!@\",\n      \"isSelectable\": true,\n      \"Vo<('e\\\\\": {\n        \"name\": \"^y\",\n        \"ay\": 1950,\n        \"assign\": \"`>asPy\",\n        \"match\": \"MY64\",\n        \"satisfy\": [\n          {\n            \"or\": []\n          },\n          {\n            \"and\": [\n              \"p\"\n            ]\n          }\n        ],\n        \"isSelectable\": true\n      },\n      \"BB\": {\n        \"name\": \"\",\n        \"ay\": 1954,\n        \"assign\": \"3#z\",\n        \"satisfy\": {\n          \"and\": [\n            {\n              \"mc\": \">=73\"\n            },\n            \"xA)fNrm\",\n            {\n              \"or\": [\n                \"HG2>\",\n                \"\"\n              ]\n            }\n          ]\n        },\n        \"url\": \"https://digozvj6.d0kj9dnp0n9vh-x532q5.3p4rw8.soi/M9AVn;r$Uz//em/G/J\",\n        \"l\": {\n          \"assign\": \"##\",\n          \"match\": {\n            \"or\": []\n          },\n          \"satisfy\": {\n            \"or\": [\n              {\n                \"and\": [\n                  \".d,xys{<\",\n                  \"nec\"\n                ]\n              },\n              {\n                \"and\": [\n                  \"85m9nS\",\n                  {\n                    \"or\": [\n                      \"q\"\n                    ]\n                  },\n                  {\n                    \"and\": [\n                      {\n                        \"mc\": \"<=156\"\n                      },\n                      {\n                        \"and\": [\n                          \"S|<\",\n                          \"bdNR7e\",\n                          \"VLW.Dt8\",\n                          {\n                            \"mc\": \"<=64\"\n                          },\n                          {\n                            \"or\": [\n                              \":,2;\"\n                            ]\n                          }\n                        ]\n                      },\n                      \"L._%CJv*O\"\n                    ]\n                  }\n                ]\n              },\n              \"'<7\"\n            ]\n          },\n          \"url\": \"https://mb4ac5r-vrqddfmdcdbsc8zhcewd26fh8nh.zffdw2k.6mbtugnck9q3wf4r68lqwnokf78sncp9.a.wvksilg/geJAplgJ8\",\n          \"info\": \"x\",\n          \"isSelectable\": true\n        }\n      }\n    }\n  },\n  {\n    \"title\": \"block sample 8\",\n    \"value\": {\n      \"name\": \"pSa\",\n      \"ay\": 1991,\n      \"assign\": \"&$\",\n      \"match\": [\n        \"QQ4\"\n      ],\n      \"satisfy\": {\n        \"and\": [\n          {\n            \"or\": [\n              {\n                \"or\": [\n                  \"@5s8:hWSEa\"\n                ]\n              },\n              {\n                \"or\": [\n                  \"C5&^[\"\n                ]\n              },\n              {\n                \"mc\": \"<=164\"\n              }\n            ]\n          },\n          {\n            \"or\": [\n              \">\",\n              \"Jg{~\",\n              \"8m`USh&\"\n            ]\n          },\n          {\n            \"mc\": \"<=111\"\n          },\n          {\n            \"mc\": \">=22\"\n          }\n        ]\n      },\n      \"url\": \"http://7rscw4zs35nz09-73dqsl8zhf0y.yrql04wsf35501hi7kstuf3hjovk.0dettesd3-dbrongiot-lbrbl00q23yy0.xpecldzzga.2t.bey/cfe/y/y'i\",\n      \"\\\"d `v#\": {\n        \"name\": \"l$^\",\n        \"ay\": 1951,\n        \"assign\": \"yD!!0!yz\",\n        \"match\": {\n          \"pattern\": \"MSJ9xC\",\n          \"exclude\": []\n        },\n        \"satisfy\": [\n          \"\",\n          {\n            \"or\": [\n              \"\"\n            ]\n          }\n        ],\n        \"url\": \"https://m.tc.9ibtnc.9vsmovz-7t3nlrzgj65shgdnvu2vbopakavodl61nhbzzi.wdbe.ptvzrlviff/q%F2%80%B5%81/fqI/T/cT7!MN(M\",\n        \"info\": \"rlkmv\",\n        \"isSelectable\": true\n      }\n    }\n  },\n  {\n    \"title\": \"block sample 9\",\n    \"value\": {\n      \"name\": \"$dy|e\",\n      \"ay\": 1987,\n      \"url\": \"https://w.rbqsaniq/WwT~DwtIJ/u/%F1%A8%90%A0G%F1%B7%AB%AAL@bI%F3%BD%85%91/hwN%F1%A6%8E%89J\",\n      \"info\": \"uV#\\\\=+U~k\",\n      \"isSelectable\": true,\n      \"J|ic>\": {\n        \"name\": \"\",\n        \"ay\": 1954,\n        \"assign\": \"RUki;wJf3\",\n        \"match\": {\n          \"and\": [\n            \"ZGP4\",\n            {\n              \"pattern\": \"OV524\"\n            },\n            {\n              \"or\": [\n                {\n                  \"and\": [\n                    \"GV006H\",\n                    \"PZ38\",\n                    \"SB95\",\n                    \"FQ9214\"\n                  ]\n                },\n                \"IOE83*3B\"\n              ]\n            },\n            {\n              \"or\": [\n                \"ITL1xx4I\"\n              ]\n            },\n            {\n              \"pattern\": \"WO0\",\n              \"exclude\": [],\n              \"info\": \"$\"\n            }\n          ]\n        },\n        \"satisfy\": [\n          {\n            \"and\": []\n          },\n          \"\",\n          {\n            \"and\": []\n          },\n          \"`A6lgTx\"\n        ],\n        \"url\": \"https://byt6bhfwjdo9l2y63z-b4tm6mgtqcms5vav6buzroegs3xa-b153f.6e0b75d.p.rcibn/%F3%A2%97%99W7M6CPV0y/Gvt'//Y)k/gsLb,//@3)mbJn9\",\n        \"isSelectable\": true,\n        \"eyiT0~=^\": {\n          \"ay\": 1986,\n          \"assign\": [\n            \"3=\\\\3Ay0 m\",\n            \"~2@(Q?lzP\",\n            \"kHC\\\"`p\\\\M\"\n          ],\n          \"match\": {\n            \"pattern\": \"KGOxL\",\n            \"exclude\": [\n              \"KS0H\",\n              \"BU7\",\n              \"ANx01\",\n              \"WV4\",\n              \"EES59x2D\"\n            ],\n            \"info\": \"aHa/K~\"\n          },\n          \"url\": \"http://v199qn0b.pxqq1qcm4wj0vlj6x95ori-vs-2u7i96tj0-b-gycyrnhpl49lkxz5ktnkkni82.ve3qxu.1248o147xgzi6r7qw50834juwl1grzdrz-w6vvs2982.r4fv2dmbn1dywzfd.ucxjfsixwx\",\n          \"isSelectable\": true\n        },\n        \"DXLZ}^\": {\n          \"name\": \"zV]*@+0%X\",\n          \"ay\": 2007,\n          \"assign\": [\n            \"E7L)eN<]?b\",\n            \"y[\",\n            \"\\\\bA{~\"\n          ],\n          \"match\": {\n            \"or\": [\n              {\n                \"and\": [\n                  \"KB1\",\n                  {\n                    \"and\": []\n                  },\n                  {\n                    \"and\": [\n                      {\n                        \"or\": [\n                          \"GY2S\"\n                        ]\n                      },\n                      {\n                        \"pattern\": \"PG3\",\n                        \"exclude\": \"JZ3E\"\n                      },\n                      {\n                        \"and\": []\n                      },\n                      {\n                        \"pattern\": \"NBK701Q\",\n                        \"exclude\": [],\n                        \"info\": \"9\"\n                      }\n                    ]\n                  },\n                  \"OG2500S\",\n                  \"EGJxQ\"\n                ]\n              },\n              {\n                \"or\": [\n                  \"OUU8905P\",\n                  {\n                    \"and\": [\n                      {\n                        \"or\": [\n                          \"PBN5910\",\n                          \"EM92\"\n                        ]\n                      },\n                      \"VHDx65A\",\n                      \"OJ39Y\",\n                      \"CVTx8\"\n                    ]\n                  }\n                ]\n              }\n            ]\n          },\n          \"satisfy\": [\n            {\n              \"mc\": \"<=188\"\n            },\n            \".gW];({uq\",\n            \"6K!\",\n            {\n              \"or\": [\n                {\n                  \"or\": [\n                    \"h\\\\E(:7C\",\n                    \"\\\\fqz_e\",\n                    {\n                      \"or\": []\n                    },\n                    {\n                      \"or\": [\n                        \"7\\\".S6J]I%n\",\n                        {\n                          \"or\": [\n                            {\n                              \"mc\": \">=24\"\n                            },\n                            {\n                              \"mc\": \">=114\"\n                            },\n                            \"5i]T%8\"\n                          ]\n                        }\n                      ]\n                    },\n                    {\n                      \"or\": [\n                        {\n                          \"or\": [\n                            \"v#t~\",\n                            \"eu\\\\`gynO\"\n                          ]\n                        },\n                        \"Nm(qMh\"\n                      ]\n                    }\n                  ]\n                }\n              ]\n            },\n            {\n              \"mc\": \">=24\"\n            }\n          ],\n          \"url\": \"https://i.gezrrtla/,nuAJs5/B;&tQy.,/_/XZ5,/=yt//vfve=3o\",\n          \"info\": \"C4f_PGH\",\n          \"isSelectable\": true\n        }\n      }\n    }\n  }\n]",
              "code": "fast_check_1.sample(index_test_2.block, 10).forEach((sample, i) => addContext_1.default(this, {\n    title: `block sample ${i}`,\n    value: sample,\n}));\nreturn fast_check_1.assert(fast_check_1.property(index_test_2.block, ajvValidate));",
              "err": {},
              "uuid": "9b07c283-4f14-4326-980b-314f4370f2d7",
              "parentUUID": "a2167b3c-aef1-4f5e-bd13-cf5058b451c5",
              "isHook": false,
              "skipped": false
            },
            {
              "title": "should not validate non-object",
              "fullTitle": "blockSchema should not validate non-object",
              "timedOut": false,
              "duration": 1,
              "state": "passed",
              "speed": "fast",
              "pass": true,
              "fail": false,
              "pending": false,
              "context": null,
              "code": "const error = {\n    instancePath: \"\",\n    message: \"block should be an object\",\n};\nisInvalidBlock(null, error);\nisInvalidBlock(undefined, error);\nisInvalidBlock(10, error);\nisInvalidBlock([12, 24], error);\nisInvalidBlock(\"abc\", error);",
              "err": {},
              "uuid": "c44a962d-9d2f-4eff-a9cc-85eecaf57bac",
              "parentUUID": "a2167b3c-aef1-4f5e-bd13-cf5058b451c5",
              "isHook": false,
              "skipped": false
            },
            {
              "title": "should not validate block with invalid properties",
              "fullTitle": "blockSchema should not validate block with invalid properties",
              "timedOut": false,
              "duration": 1,
              "state": "passed",
              "speed": "fast",
              "pass": true,
              "fail": false,
              "pending": false,
              "context": null,
              "code": "isInvalidBlock({\n        name: { foo: \"bar\" },\n        ay: -1000,\n        assign: {},\n        match: 1,\n        satisfy: 2,\n        url: { abc: \"def\" },\n        info: 42,\n        isSelectable: 32,\n    }, { instancePath: \"/name\", message: \"property 'name' should be a string\" }, {\n        instancePath: \"/ay\",\n        message: \"property 'ay' should be a positive integer\",\n    }, {\n        instancePath: \"/assign\",\n        message: \"property 'assign' should be either a block ID or an array of block IDs\",\n    }, {\n        instancePath: \"/match\",\n        message: \"property 'match' should be either a match rule or an array of match rules\",\n    }, {\n        instancePath: \"/satisfy\",\n        message: \"property 'satisfy' should be either a satisfy rule or an array of satisfy rules\",\n    }, { instancePath: \"/url\", message: \"property 'url' should be a string\" }, { instancePath: \"/info\", message: \"property 'info' should be a string\" }, {\n        instancePath: \"/isSelectable\",\n        message: \"property 'isSelectable' should be a boolean\",\n    })",
              "err": {},
              "uuid": "f047fc85-d0de-4a2e-a4f6-9b0faf34a2cc",
              "parentUUID": "a2167b3c-aef1-4f5e-bd13-cf5058b451c5",
              "isHook": false,
              "skipped": false
            }
          ],
          "suites": [],
          "passes": [
            "9b07c283-4f14-4326-980b-314f4370f2d7",
            "c44a962d-9d2f-4eff-a9cc-85eecaf57bac",
            "f047fc85-d0de-4a2e-a4f6-9b0faf34a2cc"
          ],
          "failures": [],
          "pending": [],
          "skipped": [],
          "duration": 198,
          "root": false,
          "rootEmpty": false,
          "_timeout": 2000
        },
        {
          "uuid": "765073dc-bf7a-41e7-8911-04fbc88bcf9c",
          "title": "patternToRE",
          "fullFile": "/home/runner/work/planwithus-lib/planwithus-lib/src/matchRule/pattern/satisfiers.test.ts",
          "file": "/src/matchRule/pattern/satisfiers.test.ts",
          "beforeHooks": [],
          "afterHooks": [],
          "tests": [
            {
              "title": "should match valid modules with a single pattern",
              "fullTitle": "patternToRE should match valid modules with a single pattern",
              "timedOut": false,
              "duration": 21,
              "state": "passed",
              "speed": "fast",
              "pass": true,
              "fail": false,
              "pending": false,
              "context": "[\n  {\n    \"title\": \"patternExampleList sample 0\",\n    \"value\": [\n      \"LVQ9W\",\n      [\n        \"LVQ9W\"\n      ]\n    ]\n  },\n  {\n    \"title\": \"patternExampleList sample 1\",\n    \"value\": [\n      \"AK67x6\",\n      [\n        \"AK6776\",\n        \"AK6766\",\n        \"AK6736\",\n        \"AK6756\",\n        \"AK6746\",\n        \"AK6796\",\n        \"AK6716\",\n        \"AK6786\",\n        \"AK6726\",\n        \"AK6706\"\n      ]\n    ]\n  },\n  {\n    \"title\": \"patternExampleList sample 2\",\n    \"value\": [\n      \"NOU62P\",\n      [\n        \"NOU62P\"\n      ]\n    ]\n  },\n  {\n    \"title\": \"patternExampleList sample 3\",\n    \"value\": [\n      \"JM1\",\n      [\n        \"JM1\"\n      ]\n    ]\n  },\n  {\n    \"title\": \"patternExampleList sample 4\",\n    \"value\": [\n      \"XFS*K\",\n      [\n        \"XFS9I4RK\",\n        \"XFSQ8TK\",\n        \"XFSRDK\",\n        \"XFSG9UBHXK\",\n        \"XFSWFC4M8YK\"\n      ]\n    ]\n  },\n  {\n    \"title\": \"patternExampleList sample 5\",\n    \"value\": [\n      \"ZNA14x7\",\n      [\n        \"ZNA1437\",\n        \"ZNA1497\",\n        \"ZNA1427\",\n        \"ZNA1457\",\n        \"ZNA1467\",\n        \"ZNA1477\",\n        \"ZNA1487\",\n        \"ZNA1407\"\n      ]\n    ]\n  },\n  {\n    \"title\": \"patternExampleList sample 6\",\n    \"value\": [\n      \"LEN*A\",\n      [\n        \"LENGMI41A\",\n        \"LENMA\"\n      ]\n    ]\n  },\n  {\n    \"title\": \"patternExampleList sample 7\",\n    \"value\": [\n      \"PZ8\",\n      [\n        \"PZ8\"\n      ]\n    ]\n  },\n  {\n    \"title\": \"patternExampleList sample 8\",\n    \"value\": [\n      \"KSSx\",\n      [\n        \"KSS2\",\n        \"KSS8\",\n        \"KSS3\",\n        \"KSS4\",\n        \"KSS5\",\n        \"KSS1\",\n        \"KSS6\",\n        \"KSS7\",\n        \"KSS9\",\n        \"KSS0\"\n      ]\n    ]\n  },\n  {\n    \"title\": \"patternExampleList sample 9\",\n    \"value\": [\n      \"YM74\",\n      [\n        \"YM74\"\n      ]\n    ]\n  }\n]",
              "code": "fast_check_1.sample(index_test_1.patternExampleList, 10).forEach((sample, i) => addContext_1.default(this, {\n    title: `patternExampleList sample ${i}`,\n    value: sample,\n}));\nreturn fast_check_1.assert(fast_check_1.property(index_test_1.patternExampleList, ([patternStr, examples]) => {\n    const re = _1.patternToRE(patternStr);\n    return examples.every(re.test.bind(re));\n}));",
              "err": {},
              "uuid": "ac5efc42-01f7-4912-b445-754423c042d7",
              "parentUUID": "765073dc-bf7a-41e7-8911-04fbc88bcf9c",
              "isHook": false,
              "skipped": false
            },
            {
              "title": "should match valid modules with multiple patterns",
              "fullTitle": "patternToRE should match valid modules with multiple patterns",
              "timedOut": false,
              "duration": 69,
              "state": "passed",
              "speed": "medium",
              "pass": true,
              "fail": false,
              "pending": false,
              "context": "[\n  {\n    \"title\": \"patternExampleListArray sample 0\",\n    \"value\": [\n      [\n        \"SM76*\",\n        [\n          \"SM76OW5CM\",\n          \"SM76094Z\",\n          \"SM76LM5WB9G\",\n          \"SM76AQ63OTK\",\n          \"SM76I8BI\",\n          \"SM762QS\",\n          \"SM76GDN5\",\n          \"SM76XJSN6ANF\",\n          \"SM76TPQJ83ID\",\n          \"SM76R\",\n          \"SM76LEUM1HY\"\n        ]\n      ],\n      [\n        \"MJ536\",\n        [\n          \"MJ536\"\n        ]\n      ],\n      [\n        \"TOJ*9*\",\n        [\n          \"TOJL5QOOV98K\",\n          \"TOJH7Q4G9HLW\",\n          \"TOJS5NKRZ99BAFC\",\n          \"TOJ901M\",\n          \"TOJAO9SB9OX\",\n          \"TOJ9\",\n          \"TOJW9871\"\n        ]\n      ],\n      [\n        \"BFB63Y\",\n        [\n          \"BFB63Y\"\n        ]\n      ],\n      [\n        \"BH38*5\",\n        [\n          \"BH38WJMTZI45\",\n          \"BH3805\",\n          \"BH387QIJRPMS5\",\n          \"BH38H3HAVZC5\",\n          \"BH385EX84AEP5\",\n          \"BH385W497Q75\",\n          \"BH38TOZT9G5\",\n          \"BH38155\",\n          \"BH38G5\"\n        ]\n      ],\n      [\n        \"UOGx5\",\n        [\n          \"UOG25\",\n          \"UOG45\",\n          \"UOG75\",\n          \"UOG95\",\n          \"UOG85\",\n          \"UOG35\"\n        ]\n      ],\n      [\n        \"EZI75x7\",\n        [\n          \"EZI7527\",\n          \"EZI7517\",\n          \"EZI7537\",\n          \"EZI7557\",\n          \"EZI7547\",\n          \"EZI7587\",\n          \"EZI7597\",\n          \"EZI7507\"\n        ]\n      ],\n      [\n        \"XR74P\",\n        [\n          \"XR74P\"\n        ]\n      ],\n      [\n        \"ZBEx25W\",\n        [\n          \"ZBE325W\",\n          \"ZBE925W\",\n          \"ZBE425W\",\n          \"ZBE125W\",\n          \"ZBE725W\",\n          \"ZBE225W\"\n        ]\n      ],\n      [\n        \"QOX1626M\",\n        [\n          \"QOX1626M\"\n        ]\n      ],\n      [\n        \"LI736T\",\n        [\n          \"LI736T\"\n        ]\n      ]\n    ]\n  },\n  {\n    \"title\": \"patternExampleListArray sample 1\",\n    \"value\": [\n      [\n        \"KM553\",\n        [\n          \"KM553\"\n        ]\n      ],\n      [\n        \"LP717L\",\n        [\n          \"LP717L\"\n        ]\n      ],\n      [\n        \"NK3*13W\",\n        [\n          \"NK3DL113W\",\n          \"NK3V7CUZRT13W\",\n          \"NK3OVFM13W\",\n          \"NK3A7I2PDJ013W\",\n          \"NK3MH213W\",\n          \"NK3MVW13W\"\n        ]\n      ],\n      [\n        \"JUY91Q\",\n        [\n          \"JUY91Q\"\n        ]\n      ],\n      [\n        \"KDS63\",\n        [\n          \"KDS63\"\n        ]\n      ],\n      [\n        \"FB2*x0A\",\n        [\n          \"FB2784Z6OPW90A\",\n          \"FB280A\",\n          \"FB286730A\",\n          \"FB2X90A\"\n        ]\n      ]\n    ]\n  },\n  {\n    \"title\": \"patternExampleListArray sample 2\",\n    \"value\": [\n      [\n        \"IVE615*M\",\n        [\n          \"IVE615OM\",\n          \"IVE6155RS40TPRM\",\n          \"IVE615K0SHGTBM\"\n        ]\n      ],\n      [\n        \"MQ919E\",\n        [\n          \"MQ919E\"\n        ]\n      ],\n      [\n        \"JFx9\",\n        [\n          \"JF39\",\n          \"JF99\"\n        ]\n      ]\n    ]\n  },\n  {\n    \"title\": \"patternExampleListArray sample 3\",\n    \"value\": [\n      [\n        \"LM88\",\n        [\n          \"LM88\"\n        ]\n      ],\n      [\n        \"ALF2\",\n        [\n          \"ALF2\"\n        ]\n      ],\n      [\n        \"YN9*\",\n        [\n          \"YN9\",\n          \"YN91DW8KD\",\n          \"YN9GL37UHZG\",\n          \"YN9CWWS7\",\n          \"YN9OMOU5ENK\",\n          \"YN9L0RYL\",\n          \"YN9SDT1RE0\",\n          \"YN9J2QCK408\",\n          \"YN9LOKO\"\n        ]\n      ],\n      [\n        \"JF1\",\n        [\n          \"JF1\"\n        ]\n      ],\n      [\n        \"MU*0K\",\n        [\n          \"MUQIJKEU0K\",\n          \"MUJRR0K\",\n          \"MUREXW6OCH0K\",\n          \"MUZ5YWR0K\",\n          \"MUAINY0K\",\n          \"MUFJF1QCI0K\",\n          \"MUE10K\",\n          \"MUIA60K\",\n          \"MUX0K\",\n          \"MU0K\",\n          \"MU5HPT4ELF0K\",\n          \"MUFJDFJLET0K\"\n        ]\n      ],\n      [\n        \"UGF497*\",\n        [\n          \"UGF497\",\n          \"UGF497H8BC6TSS\"\n        ]\n      ],\n      [\n        \"YX22\",\n        [\n          \"YX22\"\n        ]\n      ],\n      [\n        \"KOV*189P\",\n        [\n          \"KOVCK189P\"\n        ]\n      ],\n      [\n        \"EB588\",\n        [\n          \"EB588\"\n        ]\n      ],\n      [\n        \"WL39\",\n        [\n          \"WL39\"\n        ]\n      ]\n    ]\n  },\n  {\n    \"title\": \"patternExampleListArray sample 4\",\n    \"value\": [\n      [\n        \"LI0530E\",\n        [\n          \"LI0530E\"\n        ]\n      ]\n    ]\n  },\n  {\n    \"title\": \"patternExampleListArray sample 5\",\n    \"value\": [\n      [\n        \"LEB9\",\n        [\n          \"LEB9\"\n        ]\n      ],\n      [\n        \"UH3225\",\n        [\n          \"UH3225\"\n        ]\n      ],\n      [\n        \"KJX659H\",\n        [\n          \"KJX659H\"\n        ]\n      ]\n    ]\n  },\n  {\n    \"title\": \"patternExampleListArray sample 6\",\n    \"value\": [\n      [\n        \"CWI820I\",\n        [\n          \"CWI820I\"\n        ]\n      ],\n      [\n        \"BX2x2\",\n        [\n          \"BX262\",\n          \"BX242\",\n          \"BX232\",\n          \"BX272\",\n          \"BX212\",\n          \"BX282\",\n          \"BX292\"\n        ]\n      ]\n    ]\n  },\n  {\n    \"title\": \"patternExampleListArray sample 7\",\n    \"value\": [\n      [\n        \"SF68\",\n        [\n          \"SF68\"\n        ]\n      ],\n      [\n        \"YPJ6L\",\n        [\n          \"YPJ6L\"\n        ]\n      ],\n      [\n        \"VI01\",\n        [\n          \"VI01\"\n        ]\n      ],\n      [\n        \"TC7\",\n        [\n          \"TC7\"\n        ]\n      ]\n    ]\n  },\n  {\n    \"title\": \"patternExampleListArray sample 8\",\n    \"value\": [\n      [\n        \"IDW1V\",\n        [\n          \"IDW1V\"\n        ]\n      ],\n      [\n        \"EVN2228\",\n        [\n          \"EVN2228\"\n        ]\n      ]\n    ]\n  },\n  {\n    \"title\": \"patternExampleListArray sample 9\",\n    \"value\": [\n      [\n        \"OA487J\",\n        [\n          \"OA487J\"\n        ]\n      ]\n    ]\n  }\n]",
[...]
              "fullTitle": "inequalitySatisfier should preserve list of modules with upper bound of MCs if total MC count is lower",
              "timedOut": false,
              "duration": 0,
              "state": "passed",
              "speed": "fast",
              "pass": true,
              "fail": false,
              "pending": false,
              "context": null,
              "code": "const satisfier = satisfiers_1.inequalitySatisfier(ref, \"<=32\");\nsatisfier.should.have.property(\"filter\");\nconst { filter } = satisfier;\nisCorrectFilter(filter, modulesList1, modulesList1.map(([moduleStr]) => moduleStr));",
              "err": {},
              "uuid": "95286351-0ee1-4eba-a391-5defc7c43f30",
              "parentUUID": "836afc0a-6acf-4b85-800b-5389b9b65af7",
              "isHook": false,
              "skipped": false
            },
            {
              "title": "should truncate list of modules with upper bound of MCs at exact cutoff if total MC count is higher and there exists some starting sequence with exact MC count",
              "fullTitle": "inequalitySatisfier should truncate list of modules with upper bound of MCs at exact cutoff if total MC count is higher and there exists some starting sequence with exact MC count",
              "timedOut": false,
              "duration": 0,
              "state": "passed",
              "speed": "fast",
              "pass": true,
              "fail": false,
              "pending": false,
              "context": null,
              "code": "const satisfier = satisfiers_1.inequalitySatisfier(ref, \"<=16\");\nsatisfier.should.have.property(\"filter\");\nconst { filter } = satisfier;\nisCorrectFilter(filter, modulesList1, [\n    \"CS2100\",\n    \"GER1000\",\n    \"CS2040S\",\n    \"ST2131\",\n]);",
              "err": {},
              "uuid": "da1f406b-8823-471a-b232-7efa679bcc92",
              "parentUUID": "836afc0a-6acf-4b85-800b-5389b9b65af7",
              "isHook": false,
              "skipped": false
            },
            {
              "title": "should truncate list of modules with upper bound of MCs, cutting off at the minimum starting sequence that exceeds upper bound, if total MC count is higher and there exists no starting sequence with exact MC count",
              "fullTitle": "inequalitySatisfier should truncate list of modules with upper bound of MCs, cutting off at the minimum starting sequence that exceeds upper bound, if total MC count is higher and there exists no starting sequence with exact MC count",
              "timedOut": false,
              "duration": 0,
              "state": "passed",
              "speed": "fast",
              "pass": true,
              "fail": false,
              "pending": false,
              "context": null,
              "code": "const satisfier = satisfiers_1.inequalitySatisfier(ref, \"<=17\");\nsatisfier.should.have.property(\"filter\");\nconst { filter } = satisfier;\nisCorrectFilter(filter, modulesList1, [\n    \"CS2100\",\n    \"GER1000\",\n    \"CS2040S\",\n    \"ST2131\",\n    \"MA1521\",\n]);",
              "err": {},
              "uuid": "9cf361a8-98a4-4fa2-9b83-91b2ccabf372",
              "parentUUID": "836afc0a-6acf-4b85-800b-5389b9b65af7",
              "isHook": false,
              "skipped": false
            }
          ],
          "suites": [],
          "passes": [
            "3f566b5f-e002-4369-a6fb-81d2bc392cee",
            "2a0f3e38-4d10-4e95-b932-6d2aa5a902af",
            "3f2e0bff-e171-4cac-9811-b50b705fefe3",
            "5408375c-f9f5-4f1a-89c9-6234926f318d",
            "95286351-0ee1-4eba-a391-5defc7c43f30",
            "da1f406b-8823-471a-b232-7efa679bcc92",
            "9cf361a8-98a4-4fa2-9b83-91b2ccabf372"
          ],
          "failures": [],
          "pending": [],
          "skipped": [],
          "duration": 1,
          "root": false,
          "rootEmpty": false,
          "_timeout": 2000
        },
        {
          "uuid": "487914ec-159b-49f8-b2f6-608cf57e7385",
          "title": "inequalitySchema",
          "fullFile": "/home/runner/work/planwithus-lib/planwithus-lib/src/satisfyRule/inequality/schemas.test.ts",
          "file": "/src/satisfyRule/inequality/schemas.test.ts",
          "beforeHooks": [],
          "afterHooks": [],
          "tests": [
            {
              "title": "should validate inequality in the form <=n or >=n",
              "fullTitle": "inequalitySchema should validate inequality in the form <=n or >=n",
              "timedOut": false,
              "duration": 2,
              "state": "passed",
              "speed": "fast",
              "pass": true,
              "fail": false,
              "pending": false,
              "context": "[\n  {\n    \"title\": \"inequality sample 0\",\n    \"value\": \"<=194\"\n  },\n  {\n    \"title\": \"inequality sample 1\",\n    \"value\": \"<=7\"\n  },\n  {\n    \"title\": \"inequality sample 2\",\n    \"value\": \">=8\"\n  },\n  {\n    \"title\": \"inequality sample 3\",\n    \"value\": \"<=7\"\n  },\n  {\n    \"title\": \"inequality sample 4\",\n    \"value\": \">=164\"\n  },\n  {\n    \"title\": \"inequality sample 5\",\n    \"value\": \">=124\"\n  },\n  {\n    \"title\": \"inequality sample 6\",\n    \"value\": \">=6\"\n  },\n  {\n    \"title\": \"inequality sample 7\",\n    \"value\": \"<=39\"\n  },\n  {\n    \"title\": \"inequality sample 8\",\n    \"value\": \"<=77\"\n  },\n  {\n    \"title\": \"inequality sample 9\",\n    \"value\": \"<=190\"\n  }\n]",
              "code": "fast_check_1.sample(index_test_2.inequality, 10).forEach((sample, i) => addContext_1.default(this, {\n    title: `inequality sample ${i}`,\n    value: sample,\n}));\nreturn fast_check_1.assert(fast_check_1.property(index_test_2.inequality, ajvValidate));",
              "err": {},
              "uuid": "32b848be-bc94-484d-9236-937d3db5a7f0",
              "parentUUID": "487914ec-159b-49f8-b2f6-608cf57e7385",
              "isHook": false,
              "skipped": false
            },
            {
              "title": "should not validate inequality of invalid form",
              "fullTitle": "inequalitySchema should not validate inequality of invalid form",
              "timedOut": false,
              "duration": 1,
              "state": "passed",
              "speed": "fast",
              "pass": true,
              "fail": false,
              "pending": false,
              "context": null,
              "code": "[\n        \"\",\n        \"==23\",\n        \"23\",\n        \"<23\",\n        \">23\",\n        \"<=-1\",\n        \">=-1\",\n        \"<= 2\",\n        \">= 1\",\n        \"> 3\",\n        \"< 3\",\n        \"<=3a\",\n        \">=3a\",\n        \"a<=3\",\n        \"a>=3\",\n    ].forEach(isInvalidInequality)",
              "err": {},
              "uuid": "3ecb9b59-c6ed-4a9a-9f90-cb40202d4092",
              "parentUUID": "487914ec-159b-49f8-b2f6-608cf57e7385",
              "isHook": false,
              "skipped": false
            }
          ],
          "suites": [],
          "passes": [
            "32b848be-bc94-484d-9236-937d3db5a7f0",
            "3ecb9b59-c6ed-4a9a-9f90-cb40202d4092"
          ],
          "failures": [],
          "pending": [],
          "skipped": [],
          "duration": 3,
          "root": false,
          "rootEmpty": false,
          "_timeout": 2000
        },
        {
          "uuid": "d3dcd70d-5c28-495e-b49a-d093206604bc",
          "title": "satisfyRuleSchema",
          "fullFile": "/home/runner/work/planwithus-lib/planwithus-lib/src/satisfyRule/schemas.test.ts",
          "file": "/src/satisfyRule/schemas.test.ts",
          "beforeHooks": [],
          "afterHooks": [],
          "tests": [
            {
              "title": "should validate satisfy rule with valid block id",
              "fullTitle": "satisfyRuleSchema should validate satisfy rule with valid block id",
              "timedOut": false,
              "duration": 1,
              "state": "passed",
              "speed": "fast",
              "pass": true,
              "fail": false,
              "pending": false,
              "context": null,
              "code": "fast_check_1.assert(fast_check_1.property(fast_check_1.string(), ajvValidate)",
              "err": {},
              "uuid": "d6e5950a-b07d-4553-81ef-28fe7370207d",
              "parentUUID": "d3dcd70d-5c28-495e-b49a-d093206604bc",
              "isHook": false,
              "skipped": false
            },
            {
              "title": "should validate satisfy rules with valid mc",
              "fullTitle": "satisfyRuleSchema should validate satisfy rules with valid mc",
              "timedOut": false,
              "duration": 1,
              "state": "passed",
              "speed": "fast",
              "pass": true,
              "fail": false,
              "pending": false,
              "context": "[\n  {\n    \"title\": \"mcSatisfyRule sample 0\",\n    \"value\": {\n      \"mc\": \"<=3\"\n    }\n  },\n  {\n    \"title\": \"mcSatisfyRule sample 1\",\n    \"value\": {\n      \"mc\": \"<=1\"\n    }\n  },\n  {\n    \"title\": \"mcSatisfyRule sample 2\",\n    \"value\": {\n      \"mc\": \"<=193\"\n    }\n  },\n  {\n    \"title\": \"mcSatisfyRule sample 3\",\n    \"value\": {\n      \"mc\": \"<=195\"\n    }\n  },\n  {\n    \"title\": \"mcSatisfyRule sample 4\",\n    \"value\": {\n      \"mc\": \"<=2\"\n    }\n  },\n  {\n    \"title\": \"mcSatisfyRule sample 5\",\n    \"value\": {\n      \"mc\": \"<=120\"\n    }\n  },\n  {\n    \"title\": \"mcSatisfyRule sample 6\",\n    \"value\": {\n      \"mc\": \"<=63\"\n    }\n  },\n  {\n    \"title\": \"mcSatisfyRule sample 7\",\n    \"value\": {\n      \"mc\": \"<=6\"\n    }\n  },\n  {\n    \"title\": \"mcSatisfyRule sample 8\",\n    \"value\": {\n      \"mc\": \"<=86\"\n    }\n  },\n  {\n    \"title\": \"mcSatisfyRule sample 9\",\n    \"value\": {\n      \"mc\": \"<=94\"\n    }\n  }\n]",
              "code": "fast_check_1.sample(index_test_2.mcSatisfyRule, 10).forEach((sample, i) => addContext_1.default(this, {\n    title: `mcSatisfyRule sample ${i}`,\n    value: sample,\n}));\nreturn fast_check_1.assert(fast_check_1.property(index_test_2.mcSatisfyRule, ajvValidate));",
              "err": {},
              "uuid": "d67fc6ec-607d-4e26-9766-fdae5c3a9c33",
              "parentUUID": "d3dcd70d-5c28-495e-b49a-d093206604bc",
              "isHook": false,
              "skipped": false
            },
            {
              "title": "should validate valid recursive satisfy rules",
              "fullTitle": "satisfyRuleSchema should validate valid recursive satisfy rules",
              "timedOut": false,
              "duration": 3,
              "state": "passed",
              "speed": "fast",
              "pass": true,
              "fail": false,
              "pending": false,
              "context": "[\n  {\n    \"title\": \"satisfyRule sample 0\",\n    \"value\": {\n      \"and\": [\n        {\n          \"and\": []\n        },\n        {\n          \"mc\": \"<=65\"\n        },\n        {\n          \"and\": [\n            \"0 V&u\",\n            \")\"\n          ]\n        }\n      ]\n    }\n  },\n  {\n    \"title\": \"satisfyRule sample 1\",\n    \"value\": {\n      \"mc\": \">=93\"\n    }\n  },\n  {\n    \"title\": \"satisfyRule sample 2\",\n    \"value\": {\n      \"and\": [\n        \"x~\",\n        {\n          \"or\": [\n            \"iLB|\"\n          ]\n        },\n        \"dm\"\n      ]\n    }\n  },\n  {\n    \"title\": \"satisfyRule sample 3\",\n    \"value\": \"UG)fL\"\n  },\n  {\n    \"title\": \"satisfyRule sample 4\",\n    \"value\": \")v.r\"\n  },\n  {\n    \"title\": \"satisfyRule sample 5\",\n    \"value\": {\n      \"or\": [\n        {\n          \"or\": []\n        },\n        {\n          \"or\": [\n            \"&S;.HA\",\n            \"\"\n          ]\n        }\n      ]\n    }\n  },\n  {\n    \"title\": \"satisfyRule sample 6\",\n    \"value\": \"\"\n  },\n  {\n    \"title\": \"satisfyRule sample 7\",\n    \"value\": {\n      \"and\": [\n        {\n          \"mc\": \"<=74\"\n        },\n        {\n          \"or\": [\n            {\n              \"and\": [\n                {\n                  \"and\": []\n                },\n                \"o;!<f;\"\n              ]\n            }\n          ]\n        },\n        \"4Avq32_`\"\n      ]\n    }\n  },\n  {\n    \"title\": \"satisfyRule sample 8\",\n    \"value\": {\n      \"or\": [\n        {\n          \"and\": [\n            \"*'F\"\n          ]\n        },\n        {\n          \"and\": []\n        },\n        {\n          \"or\": [\n            \"Q2PFe\"\n          ]\n        },\n        \"i\\\"Bm\",\n        {\n          \"or\": [\n            \"]QKx:^s\",\n            {\n              \"or\": [\n                \"\",\n                \"E%\",\n                {\n                  \"mc\": \">=76\"\n                }\n              ]\n            },\n            \"'! -l~e\",\n            \"<,F.qi`<4x\"\n          ]\n        }\n      ]\n    }\n  },\n  {\n    \"title\": \"satisfyRule sample 9\",\n    \"value\": \"y;?M\"\n  }\n]",
              "code": "fast_check_1.sample(index_test_2.satisfyRule, 10).forEach((sample, i) => addContext_1.default(this, {\n    title: `satisfyRule sample ${i}`,\n    value: sample,\n}));\nreturn fast_check_1.assert(fast_check_1.property(index_test_2.satisfyRule, ajvValidate));",
              "err": {},
              "uuid": "d372cc05-8566-419f-a353-11cf604aabf1",
              "parentUUID": "d3dcd70d-5c28-495e-b49a-d093206604bc",
              "isHook": false,
              "skipped": false
            },
            {
              "title": "should not validate non-string/object",
              "fullTitle": "satisfyRuleSchema should not validate non-string/object",
              "timedOut": false,
              "duration": 1,
              "state": "passed",
              "speed": "fast",
              "pass": true,
              "fail": false,
              "pending": false,
              "context": null,
              "code": "const error = {\n    instancePath: \"\",\n    message: \"satisfy rule should be either a string or an object\",\n};\nisInvalidRule(null, error);\nisInvalidRule(undefined, error);\nisInvalidRule(10, error);\nisInvalidRule([12, 24], error);",
              "err": {},
              "uuid": "8d99167b-04e4-49a1-9498-d68bd6a45be7",
              "parentUUID": "d3dcd70d-5c28-495e-b49a-d093206604bc",
              "isHook": false,
              "skipped": false
            },
            {
              "title": "should not validate satisfy rules with extra properties",
              "fullTitle": "satisfyRuleSchema should not validate satisfy rules with extra properties",
              "timedOut": false,
              "duration": 0,
              "state": "passed",
              "speed": "fast",
              "pass": true,
              "fail": false,
              "pending": false,
              "context": null,
              "code": "isInvalidRule({\n        and: [\n            { or: [\"2k\"], abc: \"def\" },\n            { mc: 8, ghi: \"jkl\" },\n        ],\n        mno: \"pqr\",\n    }, {\n        instancePath: \"/and/0\",\n        message: \"or satisfy rule should have property 'or' only\",\n    }, {\n        instancePath: \"/and/1\",\n        message: \"MC satisfy rule should have property 'mc' only\",\n    }, {\n        instancePath: \"\",\n        message: \"and satisfy rule should have property 'and' only\",\n    })",
              "err": {},
              "uuid": "2e5274dc-a589-48b9-855a-40b49020e744",
              "parentUUID": "d3dcd70d-5c28-495e-b49a-d093206604bc",
              "isHook": false,
              "skipped": false
            },
            {
              "title": "should not validate ambiguous satisfy rules",
              "fullTitle": "satisfyRuleSchema should not validate ambiguous satisfy rules",
              "timedOut": false,
              "duration": 0,
              "state": "passed",
              "speed": "fast",
              "pass": true,
              "fail": false,
              "pending": false,
              "context": null,
              "code": "const message = \"satisfy rule should have only one of properties 'mc', 'and', 'or'\";\nisInvalidRule({\n    or: [\n        { mc: 5, and: [\"CS2040\"] },\n        { and: [{ and: [\"abc\"], or: [\"def\"] }] },\n    ],\n}, { instancePath: \"/or/0\", message }, { instancePath: \"/or/1/and/0\", message });",
              "err": {},
              "uuid": "540f19c0-88e9-4908-acf6-02bba5541b44",
              "parentUUID": "d3dcd70d-5c28-495e-b49a-d093206604bc",
              "isHook": false,
              "skipped": false
            },
            {
              "title": "should not validate and satisfy rules with non-array property",
              "fullTitle": "satisfyRuleSchema should not validate and satisfy rules with non-array property",
              "timedOut": false,
              "duration": 0,
              "state": "passed",
              "speed": "fast",
              "pass": true,
              "fail": false,
              "pending": false,
              "context": null,
              "code": "const message = \"property 'and' should be an array of satisfy rules\";\nisInvalidRule({ or: [{ and: {} }, { or: [{ and: 3 }] }] }, { instancePath: \"/or/0/and\", message }, { instancePath: \"/or/1/or/0/and\", message });",
              "err": {},
              "uuid": "f1f5a9e9-fbdd-41f5-a6e6-0a21237a85bb",
              "parentUUID": "d3dcd70d-5c28-495e-b49a-d093206604bc",
              "isHook": false,
              "skipped": false
            },
            {
              "title": "should not validate or satisfy rules with non-array property",
              "fullTitle": "satisfyRuleSchema should not validate or satisfy rules with non-array property",
              "timedOut": false,
              "duration": 0,
              "state": "passed",
              "speed": "fast",
              "pass": true,
              "fail": false,
              "pending": false,
              "context": null,
              "code": "const message = \"property 'or' should be an array of satisfy rules\";\nisInvalidRule({ and: [{ or: {} }, { and: [{ or: 3 }] }] }, { instancePath: \"/and/0/or\", message }, { instancePath: \"/and/1/and/0/or\", message });",
              "err": {},
              "uuid": "9dc2c53f-4e34-4344-bc69-f9785bae5428",
              "parentUUID": "d3dcd70d-5c28-495e-b49a-d093206604bc",
              "isHook": false,
              "skipped": false
            }
          ],
          "suites": [],
          "passes": [
            "d6e5950a-b07d-4553-81ef-28fe7370207d",
            "d67fc6ec-607d-4e26-9766-fdae5c3a9c33",
            "d372cc05-8566-419f-a353-11cf604aabf1",
            "8d99167b-04e4-49a1-9498-d68bd6a45be7",
            "2e5274dc-a589-48b9-855a-40b49020e744",
            "540f19c0-88e9-4908-acf6-02bba5541b44",
            "f1f5a9e9-fbdd-41f5-a6e6-0a21237a85bb",
            "9dc2c53f-4e34-4344-bc69-f9785bae5428"
          ],
          "failures": [],
          "pending": [],
          "skipped": [],
          "duration": 6,
          "root": false,
          "rootEmpty": false,
          "_timeout": 2000
        }
      ],
      "passes": [],
      "failures": [],
      "pending": [],
      "skipped": [],
      "duration": 0,
      "root": true,
      "rootEmpty": true,
      "_timeout": 2000
    }
  ],
  "meta": {
    "mocha": {
      "version": "9.0.2"
    },
    "mochawesome": {
      "options": {
        "quiet": false,
        "reportFilename": "mochawesome",
        "saveHtml": true,
        "saveJson": true,
        "consoleReporter": "spec",
        "useInlineDiffs": false,
        "code": true
      },
      "version": "6.2.2"
    },
    "marge": {
      "options": {
        "reportDir": "docs"
      },
      "version": "5.2.0"
    }
  }
}