{
  "stats": {
    "suites": 10,
    "tests": 48,
    "passes": 48,
    "pending": 0,
    "failures": 0,
    "start": "2022-01-06T01:45:43.003Z",
    "end": "2022-01-06T01:45:43.284Z",
    "duration": 281,
    "testsRegistered": 48,
    "passPercent": 100,
    "pendingPercent": 0,
    "other": 0,
    "hasOther": false,
    "skipped": 0,
    "hasSkipped": false
  },
  "results": [
    {
      "uuid": "098c15c7-7627-4ff0-8d32-eeab9907131b",
      "title": "",
      "fullFile": "",
      "file": "",
      "beforeHooks": [],
      "afterHooks": [],
      "tests": [],
      "suites": [
        {
          "uuid": "3f8d4b06-0db5-49a5-9781-ebe91474db5f",
          "title": "initDirectories",
          "fullFile": "/home/runner/work/planwithus-lib/planwithus-lib/src/block/schemas.test.ts",
          "file": "/src/block/schemas.test.ts",
          "beforeHooks": [],
          "afterHooks": [],
          "tests": [
            {
              "title": "should parse all blocks with no errors",
              "fullTitle": "initDirectories should parse all blocks with no errors",
              "timedOut": false,
              "duration": 2,
              "state": "passed",
              "speed": "fast",
              "pass": true,
              "fail": false,
              "pending": false,
              "context": null,
              "code": "_1.initDirectories.should.not.throw()",
              "err": {},
              "uuid": "89f5eb84-108a-4621-923d-94bef657998c",
              "parentUUID": "3f8d4b06-0db5-49a5-9781-ebe91474db5f",
              "isHook": false,
              "skipped": false
            },
            {
              "title": "should produce primary, second & minor directories",
              "fullTitle": "initDirectories should produce primary, second & minor directories",
              "timedOut": false,
              "duration": 2,
              "state": "passed",
              "speed": "fast",
              "pass": true,
              "fail": false,
              "pending": false,
              "context": null,
              "code": "const directories = (0, _1.initDirectories)();\ndirectories.should.have.property(\"primary\");\ndirectories.should.have.property(\"second\");\ndirectories.should.have.property(\"minor\");",
              "err": {},
              "uuid": "c1f2e099-39a9-4de8-98fd-7204edcf1dda",
              "parentUUID": "3f8d4b06-0db5-49a5-9781-ebe91474db5f",
              "isHook": false,
              "skipped": false
            }
          ],
          "suites": [],
          "passes": [
            "89f5eb84-108a-4621-923d-94bef657998c",
            "c1f2e099-39a9-4de8-98fd-7204edcf1dda"
          ],
          "failures": [],
          "pending": [],
          "skipped": [],
          "duration": 4,
          "root": false,
          "rootEmpty": false,
          "_timeout": 2000
        },
        {
          "uuid": "8f64fbe5-813c-43e1-a794-44c6261ff92b",
          "title": "blockSchema",
          "fullFile": "/home/runner/work/planwithus-lib/planwithus-lib/src/block/schemas.test.ts",
          "file": "/src/block/schemas.test.ts",
          "beforeHooks": [],
          "afterHooks": [],
          "tests": [
            {
              "title": "should validate valid block",
              "fullTitle": "blockSchema should validate valid block",
              "timedOut": false,
              "duration": 158,
              "state": "passed",
              "speed": "slow",
              "pass": true,
              "fail": false,
              "pending": false,
              "context": "[\n  {\n    \"title\": \"block sample 0\",\n    \"value\": {\n      \"name\": \"|\\\"1f\",\n      \"ay\": 2012,\n      \"assign\": \":~\",\n      \"match\": {\n        \"pattern\": \"QR0*99\",\n        \"exclude\": \"RT9\"\n      },\n      \"satisfy\": {\n        \"and\": [\n          {\n            \"and\": [\n              \"7[OfP\",\n              \"Ov;W9UT\",\n              {\n                \"mc\": \">=56\"\n              },\n              {\n                \"and\": [\n                  \"ac0w[\",\n                  \"u}nTj/\"\n                ]\n              }\n            ]\n          },\n          {\n            \"mc\": \"<=57\"\n          },\n          {\n            \"or\": [\n              \"*o\",\n              {\n                \"and\": [\n                  \"H52\",\n                  \"R-Mr;D>Ni\",\n                  \"!:Ui\"\n                ]\n              },\n              {\n                \"and\": [\n                  \"<HHMyQSh\",\n                  {\n                    \"and\": [\n                      \"|l.6hT4O%-\",\n                      \"6V6jT&\"\n                    ]\n                  },\n                  {\n                    \"or\": [\n                      \"yP.e Y\",\n                      \" dX!w!#SQ\",\n                      \"H?sXk\",\n                      \"\",\n                      \"Y\"\n                    ]\n                  }\n                ]\n              },\n              \"ff\"\n            ]\n          }\n        ]\n      },\n      \"url\": \"http://rrqivbzmwkeqoi.r-kzcrk417t-27t8t8dipn.p04ztbmkpp2nj4rncazdbr9t75jxlmi212r4qbtvh8z569i8dp7tjbi9.ccbb\",\n      \"info\": \"\",\n      \"isSelectable\": true\n    }\n  },\n  {\n    \"title\": \"block sample 1\",\n    \"value\": {\n      \"ay\": 1950,\n      \"assign\": [\n        \"' $h`)s:\",\n        \"mf\\\"nZ!eV:A\",\n        \"YC c;R\",\n        \"\"\n      ],\n      \"match\": {\n        \"and\": [\n          \"DJS4I\",\n          \"QF**99\",\n          {\n            \"and\": [\n              \"GLZ6122\"\n            ]\n          }\n        ]\n      },\n      \"satisfy\": {\n        \"and\": [\n          {\n            \"or\": [\n              \"6\"\n            ]\n          },\n          \"x?>3t@\",\n          {\n            \"or\": [\n              \":UJQ\",\n              \"|}Fof\"\n            ]\n          }\n        ]\n      },\n      \"url\": \"http://u442vq33k37767tv081lucbb7xd5qdv5-r43c135k--rlz1phtky9k.7u6e8rjdfq.ncpyqeu2agis11cyn2dwqtrh62fh6.e8.yssinwfudw/gaeOac*ve/=+e@*g/b1W\",\n      \"<\": {\n        \"name\": \"3\",\n        \"ay\": 1984,\n        \"assign\": \"{2?Dua-\",\n        \"match\": [\n          \"QNU159\",\n          {\n            \"pattern\": \"TQ0\",\n            \"info\": \"lZc\"\n          },\n          {\n            \"pattern\": \"CE9\",\n            \"exclude\": \"RNR057\"\n          },\n          {\n            \"or\": [\n              {\n                \"and\": [\n                  \"MGO7071\",\n                  \"EJL22*2Z\"\n                ]\n              },\n              {\n                \"pattern\": \"HNC61*F\",\n                \"exclude\": [\n                  \"EZ5\",\n                  \"VE5\"\n                ],\n                \"info\": \"'&5nK':\\\\\"\n              }\n            ]\n          },\n          {\n            \"and\": [\n              {\n                \"and\": []\n              }\n            ]\n          }\n        ],\n        \"satisfy\": [\n          {\n            \"or\": [\n              {\n                \"mc\": \">=89\"\n              },\n              {\n                \"mc\": \">=130\"\n              },\n              \"7`c\"\n            ]\n          },\n          \"*WDQ$=tvB4\",\n          {\n            \"and\": [\n              {\n                \"or\": [\n                  \"&l\\\\Mqu\"\n                ]\n              },\n              {\n                \"mc\": \"<=61\"\n              }\n            ]\n          }\n        ],\n        \"url\": \"https://7sjtidoqlpocif9xhspv98x-clxv8gspv0dldzttihcfyi.x3rken4r.oq79am8v3wz82e0daa0zfq11q1.nzppttfiu/xsUjD)P*R/ziKwWu/,53/px%F1%8A%84%BFk$CX)=R/eY4%F2%90%9F%9B/\",\n        \"info\": \"L,-\",\n        \"isSelectable\": true\n      }\n    }\n  },\n  {\n    \"title\": \"block sample 2\",\n    \"value\": {\n      \"name\": \"[^}g&md9[\",\n      \"assign\": [],\n      \"satisfy\": {\n        \"and\": [\n          {\n            \"and\": [\n              \"8)EJRNvJ5/\",\n              {\n                \"mc\": \"<=42\"\n              },\n              \"FP V8KfY\\\"\",\n              \"k.hUx\",\n              \"fEeKL&?,0\"\n            ]\n          }\n        ]\n      },\n      \"url\": \"http://l-zgk-nhlrt64ws6xz6l1wxtky8g2pr3h0jmixyhafp7-3i5ugr-nyrifbcuy.4.bcolownc/=AR,hm/p)_IH83N1/MH\",\n      \"info\": \".%M*j'Q\"\n    }\n  },\n  {\n    \"title\": \"block sample 3\",\n    \"value\": {\n      \"ay\": 1952,\n      \"assign\": [\n        \"O\\\"'F\",\n        \"\\\\U/\",\n        \".\"\n      ],\n      \"match\": {\n        \"and\": [\n          {\n            \"or\": [\n              {\n                \"and\": [\n                  {\n                    \"or\": [\n                      \"DD4835E\",\n                      \"KBO9I\",\n                      {\n                        \"and\": [\n                          \"LE8x74\",\n                          \"PMA4593T\"\n                        ]\n                      },\n                      \"YHQ9*L\",\n                      \"BNJ2933\"\n                    ]\n                  }\n                ]\n              },\n              \"SX2\"\n            ]\n          },\n          {\n            \"pattern\": \"VO471\",\n            \"info\": \">T\\\"W\\\"\"\n          }\n        ]\n      },\n      \"info\": \"e0;f7OyPO>\",\n      \"isSelectable\": true\n    }\n  },\n  {\n    \"title\": \"block sample 4\",\n    \"value\": {\n      \"name\": \"8ij,\",\n      \"ay\": 1956,\n      \"assign\": [],\n      \"match\": [\n        {\n          \"or\": [\n            {\n              \"and\": [\n                \"WKx87S\",\n                {\n                  \"and\": []\n                },\n                {\n                  \"pattern\": \"IX22A\",\n                  \"exclude\": \"QOL41X\",\n                  \"info\": \"c5y\\\"E{\\\\*nN\"\n                },\n                \"WQD924Z\"\n              ]\n            }\n          ]\n        }\n      ],\n      \"satisfy\": {\n        \"mc\": \"<=30\"\n      },\n      \"url\": \"http://4yo98cj9c7k58r76deve84ca-8bcybexjm9244f8b8t2l.k4.dhq7rbl0imzyx7-j5l8r2vg3u33-gdsx0xc7nc4j.arqwb/%F4%8F%BF%BE%F4%8F%BF%B3o,KL;a/i8*h@6%F3%B5%9B%A7%F0%A1%AB%81cW\",\n      \"info\": \"\",\n      \"isSelectable\": true,\n      \"\": {\n        \"name\": \"|)k@|Nyh\",\n        \"match\": {\n          \"pattern\": \"WOP2J\",\n          \"exclude\": \"IL4\",\n          \"info\": \"lq.%:5\"\n        },\n        \"satisfy\": {\n          \"or\": [\n            {\n              \"mc\": \"<=135\"\n            },\n            {\n              \"mc\": \"<=123\"\n            },\n            {\n              \"or\": [\n                \"'O\",\n                \"C\"\n              ]\n            },\n            {\n              \"or\": [\n                {\n                  \"mc\": \">=160\"\n                },\n                \" S>xnv\",\n                {\n                  \"and\": [\n                    \">`Glc={\",\n                    {\n                      \"and\": [\n                        \"13^=J\",\n                        {\n                          \"mc\": \"<=55\"\n                        },\n                        {\n                          \"mc\": \">=143\"\n                        },\n                        {\n                          \"or\": [\n                            {\n                              \"and\": [\n                                \"]Ch%W|\",\n                                \"SU!-J=?\",\n                                \"hKbK-\",\n                                \" HqFww/\",\n                                \"z|r(r&-\"\n                              ]\n                            },\n                            {\n                              \"mc\": \">=33\"\n                            },\n                            \"go5bOm1\",\n                            \"MKv4R9\",\n                            \"-n\"\n                          ]\n                        }\n                      ]\n                    }\n                  ]\n                }\n              ]\n            },\n            {\n              \"mc\": \">=139\"\n            }\n          ]\n        },\n        \"url\": \"https://z66yzcrfdhbaa4ddpdb1fafq8lbrtfkcevafm48z83-ddef-xp4o8x.9ffd.6uq9.bt.ci.qmnzzffziz/XA(.$WPPE7/J/qJ3NOCi/@_~U\",\n        \"info\": \"\",\n        \"isSelectable\": true\n      }\n    }\n  },\n  {\n    \"title\": \"block sample 5\",\n    \"value\": {\n      \"0\": {\n        \"name\": \"Aqj'i!hpU\",\n        \"ay\": 1964,\n        \"assign\": [],\n        \"match\": [],\n        \"satisfy\": {\n          \"and\": [\n            {\n              \"or\": [\n                {\n                  \"and\": []\n                }\n              ]\n            }\n          ]\n        },\n        \"url\": \"http://eb1n9vk6sagmjg7atqloc40rmfd5pb82hqcsbjb85.t.2r9zwb3xz03gm9n.h-4o7mxvwozisz3bgfycehc0w5hy-5qbfw5ghipvxoiwsd7fn-asi0rouh4b3j2.4-hyggln3p9baync1-araguz519h1pnwj.cazbj/h%F4%84%92%A2$//7n\",\n        \"info\": \"}#\",\n        \"isSelectable\": true\n      },\n      \"name\": \"fhlD+^\",\n      \"assign\": \"C\",\n      \"match\": [],\n      \"satisfy\": [\n        {\n          \"or\": [\n            \"}}iA_=D*>v\",\n            \"c\",\n            {\n              \"or\": [\n                {\n                  \"mc\": \">=116\"\n                },\n                {\n                  \"mc\": \">=199\"\n                },\n                \"eEd%4Eo9\",\n                \"zabo^a;8M\",\n                \"=G\\\\@RlkF \"\n              ]\n            },\n            \"\",\n            {\n              \"mc\": \">=103\"\n            }\n          ]\n        },\n        {\n          \"mc\": \">=7\"\n        }\n      ],\n      \"url\": \"https://o.uctbvqu/=,Dw%F1%8F%88%A2FDqu_/vfQIJ\",\n      \"info\": \" mi\",\n      \"isSelectable\": true,\n      \"fUj,\": {\n        \"name\": \"uEAyH\",\n        \"ay\": 1950,\n        \"assign\": [\n          \"\",\n          \"|#\"\n        ],\n        \"match\": {\n          \"or\": [\n            \"TC973\",\n            {\n              \"pattern\": \"FOT758U\",\n              \"exclude\": \"QBT463\",\n              \"info\": \"-3)~Am\"\n            },\n            {\n              \"or\": [\n                \"NH1D\",\n                \"AKP625G\",\n                \"CA494Q\",\n                {\n                  \"or\": [\n                    \"LR1919R\",\n                    \"YR967Y\"\n                  ]\n                }\n              ]\n            },\n            \"ELSx603\",\n            {\n              \"and\": [\n                \"EJW4Q\",\n                {\n                  \"or\": []\n                },\n                {\n                  \"and\": [\n                    \"HPQ9U\",\n                    \"ANL342\",\n                    \"VE162\",\n                    \"FZ*0\",\n                    \"DTN35x0E\"\n                  ]\n                }\n              ]\n            }\n          ]\n        },\n        \"satisfy\": {\n          \"mc\": \"<=7\"\n        },\n        \"url\": \"http://9fjekdy2x1pls8eh16ao7hs01oiob00j.t8mcspq3cjr3x55bw0fdsjb9o9wqlbplj7lyenrt4o-uisuqmb7h20.0duf2b2d6nt40qtmfh71y6tkz0oem9pbk41atm81n4p.i2dxwfreity3v-0lqd7rfc03.hj0n2pwnzafu25l1655jvwe2qtgbqly62rej.excpjsze/P/C.;ZB\",\n        \"info\": \"6q\",\n        \"isSelectable\": true,\n        \"4!~'~=6\": {\n          \"name\": \"uVe.Ql\",\n          \"ay\": 2030,\n          \"assign\": \"P\",\n          \"match\": {\n            \"and\": [\n              {\n                \"or\": [\n                  \"MZC5\"\n                ]\n              },\n              \"HU5x\"\n            ]\n          },\n          \"satisfy\": {\n            \"mc\": \">=184\"\n          },\n          \"url\": \"http://b.rnehuk/9/k*9-q&//z4YX;oySN/g@Guu\",\n          \"info\": \"%k9\\\"d\",\n          \"isSelectable\": true\n        },\n        \"~1\": {\n          \"name\": \"r:\",\n          \"ay\": 2009,\n          \"assign\": [\n            \"(Nr:Cr.@_e\",\n            \"=)k*5%\",\n            \"t9FW;|rkm'\"\n          ],\n          \"match\": {\n            \"and\": [\n              \"JM24\",\n              \"NQY8\",\n              {\n                \"pattern\": \"CBS5A\",\n                \"exclude\": \"CL0\"\n              }\n            ]\n          },\n          \"url\": \"https://0qe.j7qya527t472rl1gxly3krcf7tzp9oq.bjkgm7d3je7j8ti-6jksdce6b.b.auvv/S+qfNyfU)_\",\n          \"info\": \"\",\n          \"isSelectable\": true\n        },\n        \")>6\": {\n          \"name\": \",?\",\n          \"match\": {\n            \"or\": [\n              \"XVJ38\"\n            ]\n          },\n          \"satisfy\": [\n            {\n              \"and\": []\n            }\n          ],\n          \"info\": \"CF;Sr/Ju\",\n          \"isSelectable\": true\n        },\n        \"nX\": {\n          \"name\": \"j\",\n          \"ay\": 1958,\n          \"assign\": \"c\",\n          \"match\": [\n            \"TA*47X\"\n          ],\n          \"url\": \"https://rs7.m6998n2dxtqhft9ei6oxcea7798310se6u1c.q9fcxt2mznlq14mxnp42sa4l0o-akurhjyobjj2vcp4y9in3fc84349qky0a5vm.j.ra9kcsqs3.ebcnxgnk/2br%F2%B4%96%AA//eei/g!;t=0-/@5:/,qPeU-/guNqwAi/%F1%8D%88%ABSknZ-(2g/@E%F1%91%9E%A0e'Nek/x%F3%96%BE%8E'wrrpz9S\",\n          \"info\": \"F\",\n          \"isSelectable\": true\n        }\n      },\n      \"y\\\"H}D\": {\n        \"ay\": 2023,\n        \"assign\": \"\\\"\",\n        \"url\": \"https://2l6galnswe6ajy3tajhi825k.qssw2xqqdmbu820dqpt-wgf7c9pi8.turkj\",\n        \"info\": \"\",\n        \"isSelectable\": true\n      },\n      \"zk[\": {\n        \"name\": \"YAPS4d!\",\n        \"assign\": \"X \",\n        \"satisfy\": [\n          {\n            \"and\": [\n              {\n                \"or\": [\n                  {\n                    \"or\": [\n                      \"`4K)j<UM\",\n                      \"I\",\n                      \"\"\n                    ]\n                  },\n                  {\n                    \"mc\": \"<=122\"\n                  },\n                  \"rG<YSW(X\",\n                  {\n                    \"and\": [\n                      \"u>5FkDS)O\",\n                      \"D9m.sEK\"\n                    ]\n                  }\n                ]\n              },\n              {\n                \"mc\": \">=44\"\n              },\n              {\n                \"mc\": \">=55\"\n              },\n              {\n                \"mc\": \">=2\"\n              }\n            ]\n          },\n          {\n            \"or\": []\n          }\n        ],\n        \"url\": \"https://5.z5ygkr155iiq8ggjz-ndwqfrgfifnpo108mhs6lyag4jm7rb1s1rxff0d87zye.tnv5tzqht9vakriqr8cpg4x9s-6hsbyb9op52kp.hcbuyahtey/W/xE20*V/YV3h/%F0%90%96%BCxTRqk%F2%91%BE%B9%F0%95%99%BB\",\n        \"info\": \"&k\"\n      },\n      \"MyE+\\\\\": {\n        \"name\": \"#,}\",\n        \"ay\": 1957,\n        \"assign\": \"pZ-\",\n        \"satisfy\": \"& \",\n        \"url\": \"http://fpemkgqzbugiauxpgrwx070xq06ii0s0-jz9c1.beg.aqbhx/h9dYB:q/)P_)/6j@95x/OB/%F0%A6%81%86w/Q*/4/Ag%F1%A5%84%9A(-/g9C%F3%A9%B8%8C\",\n        \"isSelectable\": true,\n        \"\": {\n          \"name\": \"K~}[\",\n          \"assign\": \"&[6e\",\n          \"match\": [],\n          \"satisfy\": {\n            \"mc\": \"<=49\"\n          },\n          \"url\": \"https://x.ezeuey-wwrti6p.wa/@E9'/*s+t/:W*%F2%9E%B7%B0=E:/p,)+o/g;y\",\n          \"info\": \"\\\"& \",\n          \"isSelectable\": true\n        },\n        \"{\": {\n          \"name\": \"<s^oyh9E\",\n          \"ay\": 1963,\n          \"assign\": [\n            \"\",\n            \"j@lyx\",\n            \"{xu_\"\n          ],\n          \"match\": [\n            {\n              \"or\": [\n                {\n                  \"pattern\": \"ZKX406\",\n                  \"info\": \"\"\n                },\n                {\n                  \"and\": [\n                    {\n                      \"pattern\": \"TI3*3\",\n                      \"exclude\": [\n                        \"ONx438P\",\n                        \"GRP4*x2O\",\n                        \"LP78L\"\n                      ]\n                    },\n                    \"MMAx*73A\",\n                    \"KMZ85\",\n                    \"TL297*J\"\n                  ]\n                }\n              ]\n            },\n            {\n              \"and\": [\n                {\n                  \"and\": [\n                    {\n                      \"and\": [\n                        \"DDT102B\",\n                        {\n                          \"and\": [\n                            \"CUA1L\",\n                            \"LK6B\",\n                            {\n                              \"and\": [\n                                \"NO5xE\",\n                                \"KDx2S\"\n                              ]\n                            },\n                            \"ZOG64\"\n                          ]\n                        },\n                        {\n                          \"and\": [\n                            \"ZEA301J\",\n                            \"QMX43*2\",\n                            \"AM006\"\n                          ]\n                        },\n                        \"OB2657\",\n                        \"HMJxM\"\n                      ]\n                    }\n                  ]\n                },\n                {\n                  \"pattern\": \"SPM4\",\n                  \"exclude\": [\n                    \"VJN9681U\",\n                    \"NG98\",\n                    \"GGG6x94Q\",\n                    \"OM*\"\n                  ],\n                  \"info\": \"`Ye h3Symp\"\n                },\n                {\n                  \"and\": [\n                    \"JF046O\",\n                    \"ATR0*92C\"\n                  ]\n                },\n                {\n                  \"pattern\": \"ME0x2\",\n                  \"exclude\": \"PXJx925U\",\n                  \"info\": \":lN}|lDc`*\"\n                }\n              ]\n            },\n            \"VW3\",\n            {\n              \"and\": [\n                {\n                  \"pattern\": \"CEM793N\",\n                  \"info\": \"I\"\n                },\n                {\n                  \"or\": [\n                    {\n                      \"pattern\": \"JF0853\",\n                      \"exclude\": [\n                        \"RKN04x\",\n                        \"TB43\",\n                        \"DHH85\",\n                        \"YA7*95Y\",\n                        \"POKx7P\"\n                      ]\n                    },\n                    {\n                      \"and\": []\n                    }\n                  ]\n                },\n                \"YV130\",\n                {\n                  \"pattern\": \"FJ*417I\",\n                  \"exclude\": \"DTF1883C\"\n                }\n              ]\n            },\n            {\n              \"pattern\": \"KW21\",\n              \"exclude\": \"GXB*5\",\n              \"info\": \"VC=I\\\"hr$4\"\n            }\n          ],\n          \"satisfy\": [],\n          \"url\": \"https://x.3i1p1dlu2qea7jciq2gbu2dm4k2vf1q4onufjo88jyyb90i5gkkka.apns/M!wG07YcQ~/7/~E%F2%AF%BB%B9YU%F2%91%AF%A2s4p/dObBl///oCBK\",\n          \"info\": \" #\",\n          \"isSelectable\": true\n        }\n      }\n    }\n  },\n  {\n    \"title\": \"block sample 6\",\n    \"value\": {\n      \"name\": \"`ZAGlU=MUu\",\n      \"ay\": 1964,\n      \"assign\": [\n        \"(\",\n        \"nI7Pbsop\"\n      ],\n      \"match\": [\n        {\n          \"and\": [\n            {\n              \"pattern\": \"BB2\",\n              \"exclude\": \"AK1\",\n              \"info\": \"0}N[\"\n            },\n            {\n              \"and\": [\n                {\n                  \"and\": [\n                    \"YHE9\",\n                    {\n                      \"and\": []\n                    }\n                  ]\n                },\n                \"OY1R\",\n                {\n                  \"pattern\": \"SIX6Y\",\n                  \"info\": \"vM:C8\\\"\\\\J\"\n                },\n                \"FV2400Q\",\n                \"ZE9336\"\n              ]\n            },\n            \"OW5*0\"\n          ]\n        }\n      ],\n      \"info\": \" nG>[#`\",\n      \"isSelectable\": true\n    }\n  },\n  {\n    \"title\": \"block sample 7\",\n    \"value\": {\n      \"name\": \";=r'\",\n      \"ay\": 1956,\n      \"assign\": \"\",\n      \"match\": {\n        \"or\": [\n          \"NXA443\",\n          \"FV7\"\n        ]\n      },\n      \"satisfy\": [\n        {\n          \"or\": [\n            {\n              \"and\": [\n                {\n                  \"and\": []\n                }\n              ]\n            },\n            \"F3\",\n            {\n              \"and\": [\n                {\n                  \"mc\": \"<=115\"\n                },\n                \"P[:qZyYjI\",\n                {\n                  \"or\": []\n                },\n                \"4\",\n                \"@gNN0|H/~.\"\n              ]\n            },\n            {\n              \"and\": [\n                \"e\\\\b2[`^EQX\",\n                \"C6=e9W%\",\n                \"3Tk\"\n              ]\n            }\n          ]\n        },\n        {\n          \"and\": [\n            {\n              \"and\": [\n                {\n                  \"and\": [\n                    \"~rFI2f\",\n                    \"D+\",\n                    \" !/qTnQWg\"\n                  ]\n                },\n                \"\",\n                {\n                  \"mc\": \">=62\"\n                },\n                {\n                  \"or\": [\n                    \")a|kA7\",\n                    {\n                      \"and\": [\n                        \":/(e4-\",\n                        \"U=\"\n                      ]\n                    },\n                    \"S'YIs@\",\n                    \"-~@]N___\",\n                    \"sRZL-\"\n                  ]\n                }\n              ]\n            },\n            \"+sf+T\\\"\",\n            \"s)!WO\",\n            {\n              \"mc\": \">=141\"\n            },\n            {\n              \"or\": [\n                {\n                  \"or\": [\n                    \"\",\n                    \"M6h \",\n                    \"T\"\n                  ]\n                },\n                \":P]Ev}9|\",\n                {\n                  \"and\": [\n                    \"\",\n                    \"#$\",\n                    \"YD`(tH8b\",\n                    \";QA\",\n                    \"\"\n                  ]\n                },\n                \"V0E,Ip\",\n                {\n                  \"or\": [\n                    \"C>/\"\n                  ]\n                }\n              ]\n            }\n          ]\n        },\n        \",!P\"\n      ],\n      \"url\": \"http://f425cgmv-fvcg-sa09lec8iw60rps6syw8wpe1oq115wt-e.xyjas/OP+/0\",\n      \"info\": \"\",\n      \"isSelectable\": true\n    }\n  },\n  {\n    \"title\": \"block sample 8\",\n    \"value\": {\n      \"name\": \"N,09\",\n      \"ay\": 1954,\n      \"assign\": [\n        \"8t\",\n        \"!3/cY]\",\n        \"q @\",\n        \"Q\\\"O@;\"\n      ],\n      \"match\": [],\n      \"url\": \"https://uybhoeakdtlu00svxj4d.1b5.hmlnnzdb\",\n      \"x4 q\": {\n        \"name\": \"#u=G{i]Cn8\",\n        \"ay\": 1964,\n        \"assign\": \"|a P-2_>\",\n        \"match\": [\n          {\n            \"or\": [\n              \"ZH3\",\n              {\n                \"or\": [\n                  \"OUV8L\",\n                  {\n                    \"and\": []\n                  },\n                  \"CX065H\",\n                  \"HM421\",\n                  {\n                    \"and\": [\n                      \"RT4899\",\n                      \"MUT*173Q\"\n                    ]\n                  }\n                ]\n              },\n              {\n                \"or\": []\n              }\n            ]\n          },\n          {\n            \"or\": [\n              {\n                \"pattern\": \"EZ1*98X\"\n              }\n            ]\n          },\n          {\n            \"pattern\": \"OOxU\",\n            \"info\": \"_og2/0C \"\n          }\n        ],\n        \"satisfy\": [\n          \"2A{d\",\n          \"Ok5\\\"U\",\n          {\n            \"mc\": \"<=158\"\n          }\n        ],\n        \"url\": \"http://46thizsdosv5o57xc.7svr8qdcv252pxip5ob3zrrm75329ra.cze9efqmpbr6wswcveuwc62cs1fdih87yuecxq11bvbm986fgs3n4v3c2.vbtwzs6v6nsl85czp95migkz4hlzohbzrv8aacq4lhgu1kqyaia2cdby47.2-b1y18t2zbrlk5fx31856-oha2cn6oo.dldcfngl/b)ULgA$.\",\n        \"!,RhndUT\": {\n          \"name\": \"LP1C Tod\",\n          \"ay\": 1981,\n          \"assign\": \"8_%fC|\",\n          \"satisfy\": {\n            \"or\": [\n              {\n                \"or\": [\n                  {\n                    \"or\": [\n                      {\n                        \"mc\": \"<=40\"\n                      },\n                      \"i]J4ih*xND\"\n                    ]\n                  },\n                  \"`TTh}CqR\",\n                  {\n                    \"or\": [\n                      {\n                        \"and\": [\n                          {\n                            \"and\": [\n                              {\n                                \"and\": []\n                              },\n                              \"\",\n                              \"%?pU\"\n                            ]\n                          },\n                          \"Ohfe<|\\\"\",\n                          \"4GxOz*R.\"\n                        ]\n                      },\n                      \"cI2Y:4\",\n                      \"XG\",\n                      \"RT\"\n                    ]\n                  },\n                  \"J\"\n                ]\n              },\n              {\n                \"or\": []\n              },\n              \"\",\n              {\n                \"mc\": \"<=169\"\n              },\n              {\n                \"and\": [\n                  \"8ls{KsYeJ\"\n                ]\n              }\n            ]\n          },\n          \"url\": \"http://xxxrn7nqswg-57ja4cb4m5uqokhd1ieidwpgidzqfkir3cf1qze.xrrqf8m-n-ed2m0ozp31ngpcomn3ma0xhn0h5ii702qwtnkeee1m6-9.6zdipb8.4rx0l24gn18rs4rfu2t988s6otb5t6xws2rj-zm1fgoz0gwj-p-p1ee0b0b90qy.2.pshruyhs/vZz/$szo=/_=BFJ%F0%9A%92%AB$LD/%F2%AB%B1%906QL=,Xo/%F0%BA%9E%97;dJQ26P'\",\n          \"info\": \"\",\n          \"isSelectable\": true\n        },\n        \"aziDOZ>Ck\": {\n          \"name\": \"KV[ITq7>\",\n          \"ay\": 1950,\n          \"match\": [\n            \"XCR283M\"\n          ],\n          \"satisfy\": {\n            \"mc\": \"<=60\"\n          },\n          \"url\": \"http://usjz9h0h-0n19mc4oejut1.xqkhnvbl//9JKHR(+/a'/X:T1gc/O/Q)X9\",\n          \"info\": \"8G)8W;d\",\n          \"isSelectable\": true\n        }\n      },\n      \"0<$b\": {\n        \"ay\": 2000,\n        \"assign\": \"eIZoQl?\",\n        \"match\": \"MU2\",\n        \"satisfy\": [\n          \"xXWvm_\",\n          {\n            \"mc\": \"<=39\"\n          }\n        ],\n        \"url\": \"http://oxh0og7h52s.7kjes.j.51llulw-268ro6lbczsymfno4vrkf0mezqxm5bwsz1o2t40dw-sjd8y.059ubd6j8u8dafw2x458ejegwggl1ae4j3inipjq.wrtsgi/XgHt0d;W/YO1xY\",\n        \"isSelectable\": true\n      },\n      \"j \": {\n        \"name\": \"?u@h$23r`\",\n        \"assign\": [\n          \"irt\",\n          \"-3\"\n        ],\n        \"match\": [],\n        \"satisfy\": [\n          {\n            \"and\": [\n              {\n                \"mc\": \"<=44\"\n              }\n            ]\n          },\n          \"H\\\\=Z\",\n          {\n            \"mc\": \"<=49\"\n          },\n          {\n            \"or\": [\n              {\n                \"and\": [\n                  \"]onY6\",\n                  \"G^VBS\",\n                  \"\",\n                  \">V3([;{op\",\n                  \"uG\\\"J'CZ0\"\n                ]\n              },\n              {\n                \"and\": [\n                  \"/*H6a'\",\n                  \"E@6D8MX:5\"\n                ]\n              },\n              {\n                \"or\": [\n                  \"|\\\"$[0\",\n                  {\n                    \"or\": [\n                      \"`^D{v)v~3\",\n                      \"YfM#8j(g?\",\n                      {\n                        \"and\": [\n                          {\n                            \"or\": [\n                              \"}eom!k\"\n                            ]\n                          },\n                          \"}&5709o\",\n                          \"b~1\",\n                          \"#b~6b\"\n                        ]\n                      }\n                    ]\n                  },\n                  {\n                    \"mc\": \">=193\"\n                  },\n                  \"+GBUh{/[u\",\n                  {\n                    \"and\": [\n                      {\n                        \"mc\": \"<=41\"\n                      },\n                      {\n                        \"and\": [\n                          \"#,>j%Mj|D\"\n                        ]\n                      },\n                      \"e?}\",\n                      {\n                        \"and\": []\n                      },\n                      \"&\"\n                    ]\n                  }\n                ]\n              },\n              {\n                \"mc\": \">=55\"\n              },\n              {\n                \"mc\": \"<=60\"\n              }\n            ]\n          }\n        ],\n        \"url\": \"https://4-bb5g6mzwkqiwvlf-xej12i4p1ilf7kr1o.te2osa3o-xmkhsc2u9xlx7j3lbghcawdchdxac4pifnfnolzr.0.l50nvpxd.nmgyqrdefc/u.2Ql%EC%88%A3!YB/6K%F3%AC%81%82%F2%9B%BE%AB/\",\n        \"info\": \"@`F^1\",\n        \"isSelectable\": true,\n        \"\": {\n          \"name\": \"A]%@:0B\",\n          \"ay\": 1954,\n          \"match\": [\n            \"MTM7504\"\n          ],\n          \"satisfy\": [\n            {\n              \"and\": [\n                {\n                  \"mc\": \"<=4\"\n                },\n                {\n                  \"mc\": \"<=173\"\n                },\n                {\n                  \"mc\": \"<=115\"\n                }\n              ]\n            },\n            {\n              \"and\": [\n                {\n                  \"and\": []\n                },\n                {\n                  \"mc\": \"<=61\"\n                },\n                \"G3+G+p(\",\n                \"Xpq%A-qVI\"\n              ]\n            },\n            {\n              \"or\": [\n                {\n                  \"mc\": \"<=3\"\n                },\n                {\n                  \"and\": []\n                },\n                {\n                  \"or\": [\n                    \"E6I\",\n                    {\n                      \"mc\": \">=76\"\n                    },\n                    {\n                      \"and\": [\n                        \"6'|]KKo\"\n                      ]\n                    },\n                    \"+}2.k=f\"\n                  ]\n                },\n                {\n                  \"or\": [\n                    {\n                      \"or\": [\n                        {\n                          \"or\": [\n                            \"kN\",\n                            \"9i\",\n                            \"ejE9 #\",\n                            \"drn\",\n                            \"\"\n                          ]\n                        }\n                      ]\n                    },\n                    \"hUin`j%\"\n                  ]\n                }\n              ]\n            },\n            \"6/~quL\"\n          ],\n          \"info\": \"IG1j`d\\\"R6\",\n          \"isSelectable\": true\n        },\n        \")u{4V\": {\n          \"name\": \"KP=G[;\",\n          \"ay\": 2002,\n          \"assign\": [\n            \"qEbgUmSe{\",\n            \"3c%k rXtb\"\n          ],\n          \"match\": [],\n          \"url\": \"https://lt9kp4fekeyk84u1chflbvol70i.eqxbzs/_X/(!/gL/$x8LnZ//'tQOnAyE/Bm$/\",\n          \"info\": \"W\",\n          \"isSelectable\": true\n        },\n        \">pXN]yv` )\": {\n          \"name\": \"j\",\n          \"ay\": 1994,\n          \"assign\": [],\n          \"satisfy\": [\n            {\n              \"or\": []\n            },\n            {\n              \"and\": [\n                {\n                  \"or\": [\n                    \"\",\n                    {\n                      \"mc\": \">=120\"\n                    },\n                    \"cVFy!?v[\",\n                    {\n                      \"mc\": \">=112\"\n                    },\n                    {\n                      \"or\": [\n                        \"\\\\.sfa01k[4\",\n                        \"&+\",\n                        \"\"\n                      ]\n                    }\n                  ]\n                },\n                {\n                  \"mc\": \">=130\"\n                }\n              ]\n            },\n            {\n              \"and\": [\n                \"m{lbZ7 N\",\n                {\n                  \"and\": []\n                },\n                {\n                  \"mc\": \"<=196\"\n                },\n                {\n                  \"mc\": \">=28\"\n                }\n              ]\n            }\n          ],\n          \"url\": \"https://tzh07xzbwn90q8.3wfjd3wtc3lnezldzf-9ia9ztyosz-j2mwi-cp2dq6mvgy1v64z5u.qhm9i10kas93uitefqm9en5w9ct6gq06v7o9lfvzdjmrlz.aez461bfbbbl2gty7yfixva7z7j25o5ibcqe8x94ctfdy-da1cn4mnqzv.glzh/5RX=_\",\n          \"info\": \"iG\"\n        },\n        \"/28l;:]\": {\n          \"name\": \"X*&\",\n          \"ay\": 1974,\n          \"match\": [\n            \"ICE1\",\n            {\n              \"and\": []\n            },\n            {\n              \"and\": [\n                {\n                  \"and\": [\n                    \"ITZ9A\"\n                  ]\n                },\n                {\n                  \"or\": []\n                }\n              ]\n            },\n            {\n              \"or\": [\n                {\n                  \"or\": [\n                    \"USO98I\",\n                    {\n                      \"and\": [\n                        \"JH*2C\"\n                      ]\n                    },\n                    \"QNN7L\",\n                    \"TYK8172\",\n                    {\n                      \"and\": [\n                        {\n                          \"or\": [\n                            \"NX46\",\n                            \"QCW97*\"\n                          ]\n                        },\n                        {\n                          \"and\": [\n                            {\n                              \"or\": []\n                            },\n                            \"EH215\",\n                            \"ZAWx5\"\n                          ]\n                        },\n                        \"KAD485M\",\n                        \"LT917\"\n                      ]\n                    }\n                  ]\n                }\n              ]\n            },\n            {\n              \"pattern\": \"YJG3656\",\n              \"exclude\": \"GJV12*\",\n              \"info\": \";9}a#R[WT6\"\n            }\n          ],\n          \"satisfy\": \"0Kw/3DR\",\n          \"url\": \"http://ljzqmlq.h.8nyeru6pasc64lvvc8sbvro88isgk9dj22qllrdaamti0x41rcw-tg.lem9stnh6kz7gmeppxk.ibjh/%F2%9A%98%89o3%F0%B0%A9%86//S/O,f/4/KqQWAiXC/%F3%90%9D%870+!PW)/JU/bP%F1%A6%BF%BEu7\",\n          \"info\": \"ao\",\n          \"isSelectable\": true\n        }\n      }\n    }\n  },\n  {\n    \"title\": \"block sample 9\",\n    \"value\": {\n      \"ay\": 1982,\n      \"assign\": [\n        \"9(i{Kbf\"\n      ],\n      \"match\": [\n        {\n          \"pattern\": \"BS1161\",\n          \"exclude\": [\n            \"VY530U\"\n          ],\n          \"info\": \"fO!P\"\n        },\n        \"UYH6\"\n      ],\n      \"satisfy\": [\n        {\n          \"and\": [\n            {\n              \"mc\": \"<=43\"\n            },\n            \"\",\n            {\n              \"and\": [\n                {\n                  \"mc\": \"<=45\"\n                },\n                {\n                  \"mc\": \">=152\"\n                },\n                {\n                  \"mc\": \"<=29\"\n                }\n              ]\n            },\n            {\n              \"mc\": \"<=160\"\n            }\n          ]\n        },\n        {\n          \"mc\": \"<=167\"\n        },\n        {\n          \"or\": [\n            {\n              \"or\": [\n                {\n                  \"and\": []\n                }\n              ]\n            },\n            {\n              \"and\": [\n                \"\",\n                {\n                  \"mc\": \"<=98\"\n                },\n                \"#2|\"\n              ]\n            }\n          ]\n        },\n        \"\"\n      ],\n      \"url\": \"https://s-b2tykgv-tg5d0qn4zgt0kywo9f6kkzif-te4l3.udi7gy8ii5ukpowhusq0jztbkg.4cg6mjp7qtdn9bxued8j-47adlggdykouh8ep7.ekmxjvuc-k-54bezrn2fu0zidivg6fv3bsl7d56ys9r839ob3djcu5b2k9metiu.ohy/-;jop'hb/;4wuPtp\",\n      \"info\": \"\"\n    }\n  }\n]",
              "code": "(0, fast_check_1.sample)(index_test_2.block, 10).forEach((sample, i) => (0, addContext_1.default)(this, {\n    title: `block sample ${i}`,\n    value: sample,\n}));\nreturn (0, fast_check_1.assert)((0, fast_check_1.property)(index_test_2.block, ajvValidate));",
              "err": {},
              "uuid": "116a3d76-25cd-4e93-b7da-b2aaa803a7d6",
              "parentUUID": "8f64fbe5-813c-43e1-a794-44c6261ff92b",
              "isHook": false,
              "skipped": false
            },
            {
              "title": "should not validate non-object",
              "fullTitle": "blockSchema should not validate non-object",
              "timedOut": false,
              "duration": 2,
              "state": "passed",
              "speed": "fast",
              "pass": true,
              "fail": false,
              "pending": false,
              "context": null,
              "code": "const error = {\n    instancePath: \"\",\n    message: \"block should be an object\",\n};\nisInvalidBlock(null, error);\nisInvalidBlock(undefined, error);\nisInvalidBlock(10, error);\nisInvalidBlock([12, 24], error);\nisInvalidBlock(\"abc\", error);",
              "err": {},
              "uuid": "faf6224e-273c-489f-8db3-34fa3311f44d",
              "parentUUID": "8f64fbe5-813c-43e1-a794-44c6261ff92b",
              "isHook": false,
              "skipped": false
            },
            {
              "title": "should not validate block with invalid properties",
              "fullTitle": "blockSchema should not validate block with invalid properties",
              "timedOut": false,
              "duration": 1,
              "state": "passed",
              "speed": "fast",
              "pass": true,
              "fail": false,
              "pending": false,
              "context": null,
              "code": "isInvalidBlock({\n        name: { foo: \"bar\" },\n        ay: -1000,\n        assign: {},\n        match: 1,\n        satisfy: 2,\n        url: { abc: \"def\" },\n        info: 42,\n        isSelectable: 32,\n    }, { instancePath: \"/name\", message: \"property 'name' should be a string\" }, {\n        instancePath: \"/ay\",\n        message: \"property 'ay' should be a positive integer\",\n    }, {\n        instancePath: \"/assign\",\n        message: \"property 'assign' should be either a block ID or an array of block IDs\",\n    }, {\n        instancePath: \"/match\",\n        message: \"property 'match' should be either a match rule or an array of match rules\",\n    }, {\n        instancePath: \"/satisfy\",\n        message: \"property 'satisfy' should be either a satisfy rule or an array of satisfy rules\",\n    }, { instancePath: \"/url\", message: \"property 'url' should be a string\" }, { instancePath: \"/info\", message: \"property 'info' should be a string\" }, {\n        instancePath: \"/isSelectable\",\n        message: \"property 'isSelectable' should be a boolean\",\n    })",
              "err": {},
              "uuid": "7c2dc913-fae0-48a9-8003-544fca6b4f6c",
              "parentUUID": "8f64fbe5-813c-43e1-a794-44c6261ff92b",
              "isHook": false,
              "skipped": false
            }
          ],
          "suites": [],
          "passes": [
            "116a3d76-25cd-4e93-b7da-b2aaa803a7d6",
            "faf6224e-273c-489f-8db3-34fa3311f44d",
            "7c2dc913-fae0-48a9-8003-544fca6b4f6c"
          ],
          "failures": [],
          "pending": [],
          "skipped": [],
          "duration": 161,
          "root": false,
          "rootEmpty": false,
          "_timeout": 2000
        },
        {
          "uuid": "1df76df5-c81f-4aaa-97a5-9278c6c2535d",
          "title": "patternToRE",
          "fullFile": "/home/runner/work/planwithus-lib/planwithus-lib/src/matchRule/pattern/satisfiers.test.ts",
          "file": "/src/matchRule/pattern/satisfiers.test.ts",
          "beforeHooks": [],
          "afterHooks": [],
          "tests": [
            {
              "title": "should match valid modules with a single pattern",
              "fullTitle": "patternToRE should match valid modules with a single pattern",
              "timedOut": false,
              "duration": 14,
              "state": "passed",
              "speed": "fast",
              "pass": true,
              "fail": false,
              "pending": false,
              "context": "[\n  {\n    \"title\": \"patternExampleList sample 0\",\n    \"value\": [\n      \"TI0\",\n      [\n        \"TI0\"\n      ]\n    ]\n  },\n  {\n    \"title\": \"patternExampleList sample 1\",\n    \"value\": [\n      \"OW7C\",\n      [\n        \"OW7C\"\n      ]\n    ]\n  },\n  {\n    \"title\": \"patternExampleList sample 2\",\n    \"value\": [\n      \"JKF1567\",\n      [\n        \"JKF1567\"\n      ]\n    ]\n  },\n  {\n    \"title\": \"patternExampleList sample 3\",\n    \"value\": [\n      \"XCG6U\",\n      [\n        \"XCG6U\"\n      ]\n    ]\n  },\n  {\n    \"title\": \"patternExampleList sample 4\",\n    \"value\": [\n      \"AAQ64\",\n      [\n        \"AAQ64\"\n      ]\n    ]\n  },\n  {\n    \"title\": \"patternExampleList sample 5\",\n    \"value\": [\n      \"UF4\",\n      [\n        \"UF4\"\n      ]\n    ]\n  },\n  {\n    \"title\": \"patternExampleList sample 6\",\n    \"value\": [\n      \"HJ543\",\n      [\n        \"HJ543\"\n      ]\n    ]\n  },\n  {\n    \"title\": \"patternExampleList sample 7\",\n    \"value\": [\n      \"BV0397\",\n      [\n        \"BV0397\"\n      ]\n    ]\n  },\n  {\n    \"title\": \"patternExampleList sample 8\",\n    \"value\": [\n      \"QV13\",\n      [\n        \"QV13\"\n      ]\n    ]\n  },\n  {\n    \"title\": \"patternExampleList sample 9\",\n    \"value\": [\n      \"MG190M\",\n      [\n        \"MG190M\"\n      ]\n    ]\n  }\n]",
              "code": "(0, fast_check_1.sample)(index_test_1.patternExampleList, 10).forEach((sample, i) => (0, addContext_1.default)(this, {\n    title: `patternExampleList sample ${i}`,\n    value: sample,\n}));\nreturn (0, fast_check_1.assert)((0, fast_check_1.property)(index_test_1.patternExampleList, ([patternStr, examples]) => {\n    const re = (0, _1.patternToRE)(patternStr);\n    return examples.every(re.test.bind(re));\n}));",
              "err": {},
              "uuid": "fbbfb6a3-3573-449f-8619-5165e0593e0d",
              "parentUUID": "1df76df5-c81f-4aaa-97a5-9278c6c2535d",
              "isHook": false,
              "skipped": false
            },
            {
              "title": "should match valid modules with multiple patterns",
              "fullTitle": "patternToRE should match valid modules with multiple patterns",
              "timedOut": false,
              "duration": 52,
              "state": "passed",
              "speed": "medium",
              "pass": true,
              "fail": false,
              "pending": false,
              "context": "[\n  {\n    \"title\": \"patternExampleListArray sample 0\",\n    \"value\": [\n      [\n        \"KW21\",\n        [\n          \"KW21\"\n        ]\n      ]\n    ]\n  },\n  {\n    \"title\": \"patternExampleListArray sample 1\",\n    \"value\": [\n      [\n        \"UT0I\",\n        [\n          \"UT0I\"\n        ]\n      ],\n      [\n        \"YM1xx*Q\",\n        [\n          \"YM116Z2Q\",\n          \"YM112KRQ\",\n          \"YM167GZYQ\",\n          \"YM142PJZ1Q\",\n          \"YM1260Q\",\n          \"YM195D1NI1Q\"\n        ]\n      ],\n      [\n        \"VT*9K\",\n        [\n          \"VT9K\",\n          \"VT34BNLPA9K\",\n          \"VTL9L9K\",\n          \"VTXT7V4IO9K\",\n          \"VT99K\",\n          \"VTZ9K\",\n          \"VTQLCESB2P9K\",\n          \"VTXQ6Q4V9K\",\n          \"VTUXRHDP9K\",\n          \"VTU7GWHG9K\"\n        ]\n      ],\n      [\n        \"YJF4*11F\",\n        [\n          \"YJF4OEEA11F\",\n          \"YJF49U11F\"\n        ]\n      ],\n      [\n        \"ZN0\",\n        [\n          \"ZN0\"\n        ]\n      ],\n      [\n        \"LCW*29B\",\n        [\n          \"LCWNV29B\",\n          \"LCWF2SRAWRY29B\",\n          \"LCWSA29B\",\n          \"LCWTRVC29B\",\n          \"LCWI118BW29B\",\n          \"LCWD29B\",\n          \"LCW3BBK29B\",\n          \"LCWNL29B\",\n          \"LCW29B\",\n          \"LCWNEPQHW29B\",\n          \"LCW8P429B\"\n        ]\n      ]\n    ]\n  },\n  {\n    \"title\": \"patternExampleListArray sample 2\",\n    \"value\": [\n      [\n        \"DG15\",\n        [\n          \"DG15\"\n        ]\n      ],\n      [\n        \"ZU9\",\n        [\n          \"ZU9\"\n        ]\n      ],\n      [\n        \"YQN1445\",\n        [\n          \"YQN1445\"\n        ]\n      ],\n      [\n        \"EL5*\",\n        [\n          \"EL5S\",\n          \"EL5\",\n          \"EL5GOXY\",\n          \"EL5PRZEM\",\n          \"EL5S3Y9C1X4\"\n        ]\n      ],\n      [\n        \"YU5Z\",\n        [\n          \"YU5Z\"\n        ]\n      ],\n      [\n        \"TP20C\",\n        [\n          \"TP20C\"\n        ]\n      ]\n    ]\n  },\n  {\n    \"title\": \"patternExampleListArray sample 3\",\n    \"value\": [\n      [\n        \"WY99x3\",\n        [\n          \"WY9963\",\n          \"WY9923\",\n          \"WY9903\",\n          \"WY9973\",\n          \"WY9953\",\n          \"WY9933\",\n          \"WY9943\",\n          \"WY9913\",\n          \"WY9993\",\n          \"WY9983\"\n        ]\n      ],\n      [\n        \"EUU0*26N\",\n        [\n          \"EUU0AI74E5L826N\",\n          \"EUU0N26N\",\n          \"EUU006ON7JR26N\",\n          \"EUU0YM3YM726N\"\n        ]\n      ],\n      [\n        \"DB664x\",\n        [\n          \"DB6642\",\n          \"DB6645\",\n          \"DB6648\",\n          \"DB6641\",\n          \"DB6643\",\n          \"DB6646\",\n          \"DB6647\",\n          \"DB6640\",\n          \"DB6644\",\n          \"DB6649\"\n        ]\n      ],\n      [\n        \"KQ8W\",\n        [\n          \"KQ8W\"\n        ]\n      ]\n    ]\n  },\n  {\n    \"title\": \"patternExampleListArray sample 4\",\n    \"value\": [\n      [\n        \"WYZ3I\",\n        [\n          \"WYZ3I\"\n        ]\n      ]\n    ]\n  },\n  {\n    \"title\": \"patternExampleListArray sample 5\",\n    \"value\": [\n      [\n        \"KZ8\",\n        [\n          \"KZ8\"\n        ]\n      ],\n      [\n        \"MR5*6M\",\n        [\n          \"MR5IB3M6M\",\n          \"MR5MGUX6M\",\n          \"MR54N6M\",\n          \"MR5TK6M\",\n          \"MR5IETWC6M\",\n          \"MR56M\",\n          \"MR5YA80SW6M\",\n          \"MR5C07ZXCT6M\",\n          \"MR5O5U31G6M\",\n          \"MR5Z7Z6M\",\n          \"MR5MDF86M\",\n          \"MR5G1WW2HF6M\"\n        ]\n      ]\n    ]\n  },\n  {\n    \"title\": \"patternExampleListArray sample 6\",\n    \"value\": [\n      [\n        \"SUA9299P\",\n        [\n          \"SUA9299P\"\n        ]\n      ],\n      [\n        \"RRG*\",\n        [\n          \"RRGBGRONI9\",\n          \"RRGPR3V\",\n          \"RRG\",\n          \"RRGM2T\",\n          \"RRGJHPSAJ3N\",\n          \"RRGRXS\",\n          \"RRGPFXVDB\"\n        ]\n      ],\n      [\n        \"QN63*2G\",\n        [\n          \"QN63XMAVWKV2G\",\n          \"QN632EPF2G\",\n          \"QN636M8ZPMF2G\",\n          \"QN63S92J2G\",\n          \"QN63E2G\",\n          \"QN63IY2G\",\n          \"QN6352G\",\n          \"QN63X152G\",\n          \"QN631EK2G\",\n          \"QN63OPMDCF1K2G\",\n          \"QN63BTRDA2G\",\n          \"QN63IIMIY62G\"\n        ]\n      ],\n      [\n        \"XAO503\",\n        [\n          \"XAO503\"\n        ]\n      ],\n      [\n        \"HPM736V\",\n        [\n          \"HPM736V\"\n        ]\n      ],\n      [\n        \"APB059\",\n        [\n          \"APB059\"\n        ]\n      ],\n      [\n        \"INK*x92\",\n        [\n          \"INK8ANFRE992\"\n        ]\n      ],\n      [\n        \"NTKxxx4\",\n        [\n          \"NTK7454\",\n          \"NTK2784\",\n          \"NTK6404\",\n          \"NTK4144\",\n          \"NTK7604\",\n          \"NTK7794\",\n          \"NTK1164\",\n          \"NTK2574\",\n          \"NTK3514\",\n          \"NTK5274\",\n          \"NTK4964\",\n          \"NTK2174\"\n        ]\n      ],\n      [\n        \"ZZ96Z\",\n        [\n          \"ZZ96Z\"\n        ]\n      ],\n      [\n        \"PGJ2T\",\n        [\n          \"PGJ2T\"\n        ]\n      ],\n      [\n        \"WI*0\",\n        [\n          \"WI3PJ0\"\n        ]\n      ],\n      [\n        \"ZLK050L\",\n        [\n          \"ZLK050L\"\n        ]\n      ]\n    ]\n  },\n  {\n    \"title\": \"patternExampleListArray sample 7\",\n    \"value\": [\n      [\n        \"JJ77*2D\",\n        [\n          \"JJ772D\",\n          \"JJ77F2D\",\n          \"JJ77AQJM2D\",\n          \"JJ775Q081C2D\",\n          \"JJ77F0PE192D\",\n          \"JJ775O06D2D\"\n        ]\n      ],\n      [\n        \"WTL580Y\",\n        [\n          \"WTL580Y\"\n        ]\n      ],\n      [\n        \"LYJ*I\",\n        [\n          \"LYJOZNOTI\",\n          \"LYJEQ3B44FI\",\n          \"LYJM57DS8I\",\n          \"LYJNVHSFSIYI\"\n        ]\n      ],\n      [\n        \"SWX0\",\n        [\n          \"SWX0\"\n        ]\n      ],\n      [\n        \"YS9U\",\n        [\n          \"YS9U\"\n        ]\n      ],\n      [\n        \"LWZ8V\",\n        [\n          \"LWZ8V\"\n        ]\n      ]\n    ]\n  },\n  {\n    \"title\": \"patternExampleListArray sample 8\",\n    \"value\": [\n      [\n        \"SSE3F\",\n        [\n          \"SSE3F\"\n        ]\n      ],\n      [\n        \"WDL442*E\",\n        [\n          \"WDL442GD7YFOK0E\",\n          \"WDL442D2T8AE\",\n          \"WDL44255VJ9IG4E\"\n        ]\n      ],\n      [\n        \"EEB00xP\",\n        [\n          \"EEB003P\",\n          \"EEB001P\",\n          \"EEB005P\",\n          \"EEB008P\",\n          \"EEB004P\",\n          \"EEB006P\",\n          \"EEB009P\"\n        ]\n      ],\n      [\n        \"CP1X\",\n        [\n          \"CP1X\"\n        ]\n      ],\n      [\n        \"QYD9**5K\",\n        [\n          \"QYD9OZ3ZMM5K\",\n          \"QYD9X8HRLLTE5K\",\n          \"QYD9WHD52PGAI5K\",\n          \"QYD97CMZDLE5K\",\n          \"QYD9DV9LX2415K\",\n          \"QYD9UDNCCB5K\",\n          \"QYD9SV5K\",\n          \"QYD9TIG5K\"\n        ]\n      ]\n    ]\n  },\n  {\n    \"title\": \"patternExampleListArray sample 9\",\n    \"value\": [\n      [\n        \"QAX*794\",\n        [\n          \"QAX794\"\n        ]\n      ],\n      [\n        \"FO*\",\n        [\n          \"FOJ4BT\",\n          \"FOUNX\",\n          \"FOFYPWKR\",\n          \"FO8ZY\",\n          \"FOMJ4M\",\n          \"FOBDMMM9OX\",\n          \"FOMXMGMOA6\",\n          \"FO\"\n        ]\n      ]\n    ]\n  }\n]",
              "code": "const patternExampleListArray = (0, fast_check_1.array)(index_test_1.patternExampleList, { minLength: 1 });\n(0, fast_check_1.sample)(patternExampleListArray, 10).forEach((sample, i) => (0, addContext_1.default)(this, {\n    title: `patternExampleListArray sample ${i}`,\n    value: sample,\n}));\nreturn (0, fast_check_1.assert)((0, fast_check_1.property)(patternExampleListArray, (ts) => {\n    const re = (0, _1.patternToRE)(...ts.map(([patternStr]) => patternStr));\n    return ts\n        .map(([, examples]) => examples)\n        .flat()\n        .every(re.test.bind(re));\n}));",
              "err": {},
              "uuid": "7f0be34a-43d7-40cb-959c-7ff83a6f27f6",
              "parentUUID": "1df76df5-c81f-4aaa-97a5-9278c6c2535d",
              "isHook": false,
              "skipped": false
            },
            {
              "title": "should not match x to non-number",
              "fullTitle": "patternToRE should not match x to non-number",
              "timedOut": false,
              "duration": 1,
              "state": "passed",
              "speed": "fast",
              "pass": true,
              "fail": false,
              "pending": false,
              "context": null,
              "code": "const re = (0, _1.patternToRE)(\"x\");\n[\"A\", \"Z\", \"c\", \"#\"].forEach((example) => isInvalidExample(re, example));",
              "err": {},
              "uuid": "f3e5ce4b-82ef-4f96-881f-008c0361c421",
              "parentUUID": "1df76df5-c81f-4aaa-97a5-9278c6c2535d",
              "isHook": false,
              "skipped": false
            },
            {
              "title": "should not match * to a substring composed of characters other than A-Z and 0-9",
              "fullTitle": "patternToRE should not match * to a substring composed of characters other than A-Z and 0-9",
              "timedOut": false,
              "duration": 0,
              "state": "passed",
              "speed": "fast",
              "pass": true,
              "fail": false,
              "pending": false,
              "context": null,
              "code": "const re = (0, _1.patternToRE)(\"*\");\n[\"c\", \"Ac\", \"cA\", \"0Ax\", \"x0A\", \"BA#\", \"#AB\"].forEach((example) => isInvalidExample(re, example));",
              "err": {},
              "uuid": "d9374f4e-eb48-40dd-892d-df2f884842ca",
              "parentUUID": "1df76df5-c81f-4aaa-97a5-9278c6c2535d",
              "isHook": false,
              "skipped": false
            },
            {
              "title": "should not match substrings",
              "fullTitle": "patternToRE should not match substrings",
              "timedOut": false,
              "duration": 0,
              "state": "passed",
              "speed": "fast",
              "pass": true,
              "fail": false,
              "pending": false,
              "context": null,
              "code": "const re = (0, _1.patternToRE)(\"A*xC\");\n[\"A1CZ\", \"AC1CZ\", \"ZA1C\", \"ZAC1C\", \"ZA1CZ\", \"ZAC1CZ\"].forEach((example) => isInvalidExample(re, example));",
              "err": {},
              "uuid": "aa5ef707-3e22-49e4-8565-79095f86254f",
              "parentUUID": "1df76df5-c81f-4aaa-97a5-9278c6c2535d",
              "isHook": false,
              "skipped": false
            }
          ],
          "suites": [],
          "passes": [
            "fbbfb6a3-3573-449f-8619-5165e0593e0d",
            "7f0be34a-43d7-40cb-959c-7ff83a6f27f6",
            "f3e5ce4b-82ef-4f96-881f-008c0361c421",
            "d9374f4e-eb48-40dd-892d-df2f884842ca",
            "aa5ef707-3e22-49e4-8565-79095f86254f"
          ],
          "failures": [],
          "pending": [],
          "skipped": [],
          "duration": 67,
          "root": false,
          "rootEmpty": false,
          "_timeout": 2000
        },
        {
          "uuid": "427610e9-6592-4b58-b56b-6ed009ad2ae4",
          "title": "patternSatisfier",
          "fullFile": "/home/runner/work/planwithus-lib/planwithus-lib/src/matchRule/pattern/satisfiers.test.ts",
          "file": "/src/matchRule/pattern/satisfiers.test.ts",
          "beforeHooks": [],
          "afterHooks": [],
          "tests": [
            {
              "title": "should assign all modules with *",
              "fullTitle": "patternSatisfier should assign all modules with *",
              "timedOut": false,
              "duration": 1,
              "state": "passed",
              "speed": "fast",
              "pass": true,
              "fail": false,
              "pending": false,
              "context": null,
              "code": "const { assign } = (0, satisfiers_1.patternSatisfier)(ref, \"*\");\nisCorrectAssign(assign, modulesList1, modulesList1.map(([moduleStr]) => moduleStr));",
              "err": {},
              "uuid": "9e7c3d5e-8ea2-42e2-8f2d-0f45f6195655",
              "parentUUID": "427610e9-6592-4b58-b56b-6ed009ad2ae4",
              "isHook": false,
              "skipped": false
            },
            {
              "title": "should assign only valid modules with pattern containing *",
              "fullTitle": "patternSatisfier should assign only valid modules with pattern containing *",
              "timedOut": false,
              "duration": 0,
              "state": "passed",
              "speed": "fast",
              "pass": true,
              "fail": false,
              "pending": false,
              "context": null,
              "code": "const { assign } = (0, satisfiers_1.patternSatisfier)(ref, \"CS2*\");\nisCorrectAssign(assign, modulesList1, [\"CS2100\", \"CS2040S\", \"CS2030\"]);",
              "err": {},
              "uuid": "b0cdd94a-443a-47fc-bd94-89dcc393d6f7",
              "parentUUID": "427610e9-6592-4b58-b56b-6ed009ad2ae4",
              "isHook": false,
              "skipped": false
            },
            {
              "title": "should assign only valid modules with pattern containing x",
              "fullTitle": "patternSatisfier should assign only valid modules with pattern containing x",
              "timedOut": false,
              "duration": 1,
              "state": "passed",
              "speed": "fast",
              "pass": true,
              "fail": false,
              "pending": false,
              "context": null,
              "code": "const { assign } = (0, satisfiers_1.patternSatisfier)(ref, \"CS20xx\");\nisCorrectAssign(assign, modulesList1, [\"CS2030\"]);",
              "err": {},
              "uuid": "1bdaf743-fe69-41a3-9ac9-a6e6396ce46a",
              "parentUUID": "427610e9-6592-4b58-b56b-6ed009ad2ae4",
              "isHook": false,
              "skipped": false
            },
            {
              "title": "should assign only valid modules with pattern containing x and *",
              "fullTitle": "patternSatisfier should assign only valid modules with pattern containing x and *",
              "timedOut": false,
              "duration": 0,
              "state": "passed",
              "speed": "fast",
              "pass": true,
              "fail": false,
              "pending": false,
              "context": null,
              "code": "const { assign } = (0, satisfiers_1.patternSatisfier)(ref, \"CS20xx*\");\nisCorrectAssign(assign, modulesList1, [\"CS2040S\", \"CS2030\"]);",
              "err": {},
              "uuid": "3f8c6984-4f7d-41a4-a964-37535063d10c",
              "parentUUID": "427610e9-6592-4b58-b56b-6ed009ad2ae4",
              "isHook": false,
              "skipped": false
            }
          ],
          "suites": [],
          "passes": [
            "9e7c3d5e-8ea2-42e2-8f2d-0f45f6195655",
            "b0cdd94a-443a-47fc-bd94-89dcc393d6f7",
            "1bdaf743-fe69-41a3-9ac9-a6e6396ce46a",
            "3f8c6984-4f7d-41a4-a964-37535063d10c"
          ],
          "failures": [],
          "pending": [],
          "skipped": [],
          "duration": 2,
          "root": false,
          "rootEmpty": false,
          "_timeout": 2000
        },
        {
          "uuid": "909725a6-d704-4fe8-9799-7a34b85fc66f",
          "title": "patternSchema",
          "fullFile": "/home/runner/work/planwithus-lib/planwithus-lib/src/matchRule/pattern/schemas.test.ts",
          "file": "/src/matchRule/pattern/schemas.test.ts",
          "beforeHooks": [],
          "afterHooks": [],
          "tests": [
            {
              "title": "should validate non-empty pattern composed of A-Z, 0-9, x or *",
              "fullTitle": "patternSchema should validate non-empty pattern composed of A-Z, 0-9, x or *",
              "timedOut": false,
              "duration": 2,
              "state": "passed",
              "speed": "fast",
              "pass": true,
              "fail": false,
              "pending": false,
              "context": "[\n  {\n    \"title\": \"pattern sample 0\",\n    \"value\": \"DY589\"\n  },\n  {\n    \"title\": \"pattern sample 1\",\n    \"value\": \"VX9326U\"\n  },\n  {\n    \"title\": \"pattern sample 2\",\n    \"value\": \"YY06\"\n  },\n  {\n    \"title\": \"pattern sample 3\",\n    \"value\": \"MG2*8\"\n  },\n  {\n    \"title\": \"pattern sample 4\",\n    \"value\": \"NH5\"\n  },\n  {\n    \"title\": \"pattern sample 5\",\n    \"value\": \"KVA2649\"\n  },\n  {\n    \"title\": \"pattern sample 6\",\n    \"value\": \"HIZ571S\"\n  },\n  {\n    \"title\": \"pattern sample 7\",\n    \"value\": \"CKF29L\"\n  },\n  {\n    \"title\": \"pattern sample 8\",\n    \"value\": \"KY4E\"\n  },\n  {\n    \"title\": \"pattern sample 9\",\n    \"value\": \"NVO5R\"\n  }\n]",
              "code": "(0, fast_check_1.sample)(index_test_2.pattern, 10).forEach((sample, i) => (0, addContext_1.default)(this, {\n    title: `pattern sample ${i}`,\n    value: sample,\n}));\nreturn (0, fast_check_1.assert)((0, fast_check_1.property)(index_test_2.pattern, ajvValidate), {\n    examples: [[\"*\"], [\"ACC1002\"], [\"IS1103\"], [\"CS1231S\"], [\"MA1102R\"]],\n});",
              "err": {},
              "uuid": "e10c1a14-53d6-42db-9334-fbe1d8308b75",
              "parentUUID": "909725a6-d704-4fe8-9799-7a34b85fc66f",
              "isHook": false,
              "skipped": false
            },
            {
              "title": "should not validate empty pattern",
              "fullTitle": "patternSchema should not validate empty pattern",
              "timedOut": false,
              "duration": 0,
              "state": "passed",
              "speed": "fast",
              "pass": true,
              "fail": false,
              "pending": false,
              "context": null,
              "code": "isInvalidPattern(\"\")",
              "err": {},
              "uuid": "30178f84-4ad7-4cea-8155-ea8ac86fca1a",
              "parentUUID": "909725a6-d704-4fe8-9799-7a34b85fc66f",
              "isHook": false,
              "skipped": false
            },
            {
              "title": "should not validate pattern with invalid characters",
              "fullTitle": "patternSchema should not validate pattern with invalid characters",
              "timedOut": false,
              "duration": 1,
              "state": "passed",
              "speed": "fast",
              "pass": true,
              "fail": false,
              "pending": false,
              "context": null,
              "code": "[\"AB123a\", \"Ac123a\", \"AB123^S\", \"AB1*3^S\", \"$A1*3^S\", \"/A1x33S\"].forEach(isInvalidPattern)",
              "err": {},
              "uuid": "155250ef-2f5c-415d-bafd-c3a75ac70f69",
              "parentUUID": "909725a6-d704-4fe8-9799-7a34b85fc66f",
              "isHook": false,
              "skipped": false
            }
          ],
          "suites": [],
          "passes": [
            "e10c1a14-53d6-42db-9334-fbe1d8308b75",
            "30178f84-4ad7-4cea-8155-ea8ac86fca1a",
            "155250ef-2f5c-415d-bafd-c3a75ac70f69"
          ],
          "failures": [],
          "pending": [],
          "skipped": [],
          "duration": 3,
          "root": false,
          "rootEmpty": false,
          "_timeout": 2000
        },
        {
          "uuid": "d208de58-ef45-4b0c-9be2-b00be486c16c",
          "title": "patternMatchRuleSatisfier",
          "fullFile": "/home/runner/work/planwithus-lib/planwithus-lib/src/matchRule/satisfiers.test.ts",
          "file": "/src/matchRule/satisfiers.test.ts",
          "beforeHooks": [],
          "afterHooks": [],
          "tests": [
            {
              "title": "should assign only valid modules with pattern match rule containing no exclude patterns",
              "fullTitle": "patternMatchRuleSatisfier should assign only valid modules with pattern match rule containing no exclude patterns",
              "timedOut": false,
              "duration": 1,
              "state": "passed",
              "speed": "fast",
              "pass": true,
              "fail": false,
              "pending": false,
              "context": null,
              "code": "const { assign } = (0, satisfiers_1.patternMatchRuleSatisfier)(ref, { pattern: \"CS1xxx*\" });\nisCorrectAssign(assign, modulesList1, [\"CS1231\", \"CS1231S\"]);",
              "err": {},
              "uuid": "66d61450-1e54-4b97-84cb-aac229cb53b1",
              "parentUUID": "d208de58-ef45-4b0c-9be2-b00be486c16c",
              "isHook": false,
              "skipped": false
            },
            {
              "title": "should assign only valid modules with pattern match rule containing an exclude pattern",
              "fullTitle": "patternMatchRuleSatisfier should assign only valid modules with pattern match rule containing an exclude pattern",
              "timedOut": false,
              "duration": 0,
              "state": "passed",
              "speed": "fast",
              "pass": true,
              "fail": false,
              "pending": false,
              "context": null,
              "code": "const { assign } = (0, satisfiers_1.patternMatchRuleSatisfier)(ref, {\n    pattern: \"MA1xxx*\",\n    exclude: \"MA15xx\",\n});\nisCorrectAssign(assign, modulesList1, [\n    \"MA1100\",\n    \"MA1101R\",\n    \"MA1102R\",\n    \"MA1511A\",\n]);",
              "err": {},
              "uuid": "2be0c955-67ac-4cba-9798-fe28b8749e16",
              "parentUUID": "d208de58-ef45-4b0c-9be2-b00be486c16c",
              "isHook": false,
              "skipped": false
            },
            {
              "title": "should assign only valid modules with pattern match rule containing multiple exclude patterns",
              "fullTitle": "patternMatchRuleSatisfier should assign only valid modules with pattern match rule containing multiple exclude patterns",
              "timedOut": false,
              "duration": 0,
              "state": "passed",
              "speed": "fast",
              "pass": true,
              "fail": false,
              "pending": false,
              "context": null,
              "code": "const { assign } = (0, satisfiers_1.patternMatchRuleSatisfier)(ref, {\n    pattern: \"MA*\",\n    exclude: [\"MA151x*\", \"MA2xxx\"],\n});\nisCorrectAssign(assign, modulesList1, [\n    \"MA1100\",\n    \"MA1101R\",\n    \"MA1102R\",\n    \"MA1507\",\n    \"MA1521\",\n    \"MA2101S\",\n]);",
              "err": {},
              "uuid": "23c5bbdc-0974-4ffb-ae3f-787be043de05",
              "parentUUID": "d208de58-ef45-4b0c-9be2-b00be486c16c",
              "isHook": false,
              "skipped": false
            }
          ],
          "suites": [],
          "passes": [
            "66d61450-1e54-4b97-84cb-aac229cb53b1",
            "2be0c955-67ac-4cba-9798-fe28b8749e16",
            "23c5bbdc-0974-4ffb-ae3f-787be043de05"
          ],
          "failures": [],
          "pending": [],
          "skipped": [],
          "duration": 1,
          "root": false,
          "rootEmpty": false,
          "_timeout": 2000
        },
        {
          "uuid": "b946c091-3747-47db-b5da-848772507781",
          "title": "matchRuleSchema",
          "fullFile": "/home/runner/work/planwithus-lib/planwithus-lib/src/matchRule/schemas.test.ts",
          "file": "/src/matchRule/schemas.test.ts",
          "beforeHooks": [],
          "afterHooks": [],
          "tests": [
            {
              "title": "should validate match rule with valid pattern",
              "fullTitle": "matchRuleSchema should validate match rule with valid pattern",
              "timedOut": false,
              "duration": 1,
              "state": "passed",
              "speed": "fast",
              "pass": true,
              "fail": false,
              "pending": false,
              "context": "[\n  {\n    \"title\": \"pattern sample 0\",\n    \"value\": \"AN8**7\"\n  },\n  {\n    \"title\": \"pattern sample 1\",\n    \"value\": \"JTx2\"\n  },\n  {\n    \"title\": \"pattern sample 2\",\n    \"value\": \"PNLx9\"\n  },\n  {\n    \"title\": \"pattern sample 3\",\n    \"value\": \"HAx\"\n  },\n  {\n    \"title\": \"pattern sample 4\",\n    \"value\": \"DT12V\"\n  },\n  {\n    \"title\": \"pattern sample 5\",\n    \"value\": \"YRV71B\"\n  },\n  {\n    \"title\": \"pattern sample 6\",\n    \"value\": \"XIL7x\"\n  },\n  {\n    \"title\": \"pattern sample 7\",\n    \"value\": \"GB69\"\n  },\n  {\n    \"title\": \"pattern sample 8\",\n    \"value\": \"QV4V\"\n  },\n  {\n    \"title\": \"pattern sample 9\",\n    \"value\": \"PT1*8Z\"\n  }\n]",
              "code": "(0, fast_check_1.sample)(index_test_3.pattern, 10).forEach((sample, i) => (0, addContext_1.default)(this, {\n    title: `pattern sample ${i}`,\n    value: sample,\n}));\nreturn (0, fast_check_1.assert)((0, fast_check_1.property)(index_test_3.pattern, ajvValidate));",
              "err": {},
              "uuid": "de2a8b77-df3b-4a45-bcf1-5f62e77d87b2",
              "parentUUID": "b946c091-3747-47db-b5da-848772507781",
              "isHook": false,
              "skipped": false
            },
            {
              "title": "should validate match rules with valid pattern, exclude and info",
              "fullTitle": "matchRuleSchema should validate match rules with valid pattern, exclude and info",
              "timedOut": false,
              "duration": 2,
              "state": "passed",
              "speed": "fast",
              "pass": true,
              "fail": false,
              "pending": false,
              "context": "[\n  {\n    \"title\": \"patternMatchRule sample 0\",\n    \"value\": {\n      \"pattern\": \"OZ5W\",\n      \"exclude\": \"YF5A\",\n      \"info\": \" \"\n    }\n  },\n  {\n    \"title\": \"patternMatchRule sample 1\",\n    \"value\": {\n      \"pattern\": \"OUxJ\",\n      \"exclude\": \"RQ14\",\n      \"info\": \"?\"\n    }\n  },\n  {\n    \"title\": \"patternMatchRule sample 2\",\n    \"value\": {\n      \"pattern\": \"FI462\",\n      \"exclude\": \"CJD4\",\n      \"info\": \"O\"\n    }\n  },\n  {\n    \"title\": \"patternMatchRule sample 3\",\n    \"value\": {\n      \"pattern\": \"UL*770\",\n      \"exclude\": [\n        \"RZQ6xZ\"\n      ],\n      \"info\": \"\"\n    }\n  },\n  {\n    \"title\": \"patternMatchRule sample 4\",\n    \"value\": {\n      \"pattern\": \"JI2Z\",\n      \"info\": \"\"\n    }\n  },\n  {\n    \"title\": \"patternMatchRule sample 5\",\n    \"value\": {\n      \"pattern\": \"IAC6*F\",\n      \"exclude\": \"HWX08\",\n      \"info\": \" \"\n    }\n  },\n  {\n    \"title\": \"patternMatchRule sample 6\",\n    \"value\": {\n      \"pattern\": \"OX62x2\",\n      \"exclude\": \"MSV97*\",\n      \"info\": \"~%\"\n    }\n  },\n  {\n    \"title\": \"patternMatchRule sample 7\",\n    \"value\": {\n      \"pattern\": \"WW2714U\",\n      \"exclude\": \"HF64D\",\n      \"info\": \"s=E6Z\"\n    }\n  },\n  {\n    \"title\": \"patternMatchRule sample 8\",\n    \"value\": {\n      \"pattern\": \"MIM67\",\n      \"info\": \"O&&\"\n    }\n  },\n  {\n    \"title\": \"patternMatchRule sample 9\",\n    \"value\": {\n      \"pattern\": \"QU3\",\n      \"exclude\": \"RCxJ\",\n      \"info\": \"c8Sh[\"\n    }\n  }\n]",
              "code": "(0, fast_check_1.sample)(index_test_2.patternMatchRule, 10).forEach((sample, i) => (0, addContext_1.default)(this, {\n    title: `patternMatchRule sample ${i}`,\n    value: sample,\n}));\nreturn (0, fast_check_1.assert)((0, fast_check_1.property)(index_test_2.patternMatchRule, ajvValidate));",
              "err": {},
              "uuid": "9addcdbf-5587-446f-9124-aeb442a1f2db",
              "parentUUID": "b946c091-3747-47db-b5da-848772507781",
              "isHook": false,
              "skipped": false
            },
            {
              "title": "should validate valid recursive match rules",
              "fullTitle": "matchRuleSchema should validate valid recursive match rules",
              "timedOut": false,
              "duration": 3,
              "state": "passed",
              "speed": "fast",
              "pass": true,
              "fail": false,
              "pending": false,
              "context": "[\n  {\n    \"title\": \"matchRule sample 0\",\n    \"value\": {\n      \"or\": [\n        {\n          \"and\": [\n            {\n              \"and\": [\n                \"HM48D\",\n                \"QF9*0N\",\n                \"WOS6N\"\n              ]\n            },\n            {\n              \"and\": [\n                \"XT8x9\",\n                {\n                  \"pattern\": \"DR*832M\",\n                  \"info\": \"5Ga~8\"\n                },\n                {\n                  \"pattern\": \"VBZ58J\",\n                  \"info\": \"\"\n                },\n                \"GZ7*L\"\n              ]\n            }\n          ]\n        },\n        {\n          \"pattern\": \"SG07O\",\n          \"exclude\": [\n            \"ID70\",\n            \"XIW*0\",\n            \"GN1\",\n            \"LMA50N\"\n          ]\n        },\n        {\n          \"and\": [\n            {\n              \"pattern\": \"DOJ4\",\n              \"exclude\": \"IJD3631\"\n            },\n            {\n              \"pattern\": \"GZZ37\",\n              \"exclude\": \"NO96\",\n              \"info\": \"mXt|\"\n            },\n            {\n              \"pattern\": \"APM722\",\n              \"info\": \"{SxcJn\"\n            },\n            \"ICx490\",\n            \"FRW31V\"\n          ]\n        }\n      ]\n    }\n  },\n  {\n    \"title\": \"matchRule sample 1\",\n    \"value\": {\n      \"and\": []\n    }\n  },\n  {\n    \"title\": \"matchRule sample 2\",\n    \"value\": {\n      \"and\": []\n    }\n  },\n  {\n    \"title\": \"matchRule sample 3\",\n    \"value\": \"QA90\"\n  },\n  {\n    \"title\": \"matchRule sample 4\",\n    \"value\": \"PZ8\"\n  },\n  {\n    \"title\": \"matchRule sample 5\",\n    \"value\": {\n      \"or\": [\n        {\n          \"and\": [\n            {\n              \"and\": [\n                \"XL3197\",\n                {\n                  \"and\": [\n                    \"UJ5\",\n                    \"SA8E\",\n                    {\n                      \"pattern\": \"TQ5x00\",\n                      \"info\": \"\"\n                    }\n                  ]\n                }\n              ]\n            },\n            \"LK435*\"\n          ]\n        },\n        \"GE3V\"\n      ]\n    }\n  },\n  {\n    \"title\": \"matchRule sample 6\",\n    \"value\": \"DC*xT\"\n  },\n  {\n    \"title\": \"matchRule sample 7\",\n    \"value\": {\n      \"or\": []\n    }\n  },\n  {\n    \"title\": \"matchRule sample 8\",\n    \"value\": \"YET2\"\n  },\n  {\n    \"title\": \"matchRule sample 9\",\n    \"value\": \"DPT6464\"\n  }\n]",
[...]
              "timedOut": false,
              "duration": 0,
              "state": "passed",
              "speed": "fast",
              "pass": true,
              "fail": false,
              "pending": false,
              "context": null,
              "code": "const satisfier = (0, satisfiers_1.inequalitySatisfier)(ref, \"<=16\");\nsatisfier.should.have.property(\"filter\");\nconst { filter } = satisfier;\nisCorrectFilter(filter, modulesList1, [\n    \"CS2100\",\n    \"GER1000\",\n    \"CS2040S\",\n    \"ST2131\",\n]);",
              "err": {},
              "uuid": "2ae61620-3db2-44cc-abaa-1ff698382769",
              "parentUUID": "2522c36c-3cfa-42d2-a102-d88f77a863ea",
              "isHook": false,
              "skipped": false
            },
            {
              "title": "should truncate list of modules with upper bound of MCs, cutting off at the minimum starting sequence that exceeds upper bound, if total MC count is higher and there exists no starting sequence with exact MC count",
              "fullTitle": "inequalitySatisfier should truncate list of modules with upper bound of MCs, cutting off at the minimum starting sequence that exceeds upper bound, if total MC count is higher and there exists no starting sequence with exact MC count",
              "timedOut": false,
              "duration": 0,
              "state": "passed",
              "speed": "fast",
              "pass": true,
              "fail": false,
              "pending": false,
              "context": null,
              "code": "const satisfier = (0, satisfiers_1.inequalitySatisfier)(ref, \"<=17\");\nsatisfier.should.have.property(\"filter\");\nconst { filter } = satisfier;\nisCorrectFilter(filter, modulesList1, [\n    \"CS2100\",\n    \"GER1000\",\n    \"CS2040S\",\n    \"ST2131\",\n    \"MA1521\",\n]);",
              "err": {},
              "uuid": "70c5d20e-0992-4e0b-a12e-1618068067f1",
              "parentUUID": "2522c36c-3cfa-42d2-a102-d88f77a863ea",
              "isHook": false,
              "skipped": false
            }
          ],
          "suites": [],
          "passes": [
            "103cac43-3dfe-40f0-8f12-08b465124c8b",
            "04375734-4638-4bb4-835d-52589db54283",
            "1145c80e-fe08-45ec-a299-b6a0c3af78d9",
            "3dcebaaf-19f0-482a-8391-cbb698434b76",
            "92e571e6-84da-478e-8546-bbc03ea73bb1",
            "2ae61620-3db2-44cc-abaa-1ff698382769",
            "70c5d20e-0992-4e0b-a12e-1618068067f1"
          ],
          "failures": [],
          "pending": [],
          "skipped": [],
          "duration": 1,
          "root": false,
          "rootEmpty": false,
          "_timeout": 2000
        },
        {
          "uuid": "4c1d7bae-7f82-4a3d-ac28-68897dd7547d",
          "title": "inequalitySchema",
          "fullFile": "/home/runner/work/planwithus-lib/planwithus-lib/src/satisfyRule/inequality/schemas.test.ts",
          "file": "/src/satisfyRule/inequality/schemas.test.ts",
          "beforeHooks": [],
          "afterHooks": [],
          "tests": [
            {
              "title": "should validate inequality in the form <=n or >=n",
              "fullTitle": "inequalitySchema should validate inequality in the form <=n or >=n",
              "timedOut": false,
              "duration": 1,
              "state": "passed",
              "speed": "fast",
              "pass": true,
              "fail": false,
              "pending": false,
              "context": "[\n  {\n    \"title\": \"inequality sample 0\",\n    \"value\": \">=67\"\n  },\n  {\n    \"title\": \"inequality sample 1\",\n    \"value\": \"<=4\"\n  },\n  {\n    \"title\": \"inequality sample 2\",\n    \"value\": \">=144\"\n  },\n  {\n    \"title\": \"inequality sample 3\",\n    \"value\": \">=5\"\n  },\n  {\n    \"title\": \"inequality sample 4\",\n    \"value\": \"<=7\"\n  },\n  {\n    \"title\": \"inequality sample 5\",\n    \"value\": \">=5\"\n  },\n  {\n    \"title\": \"inequality sample 6\",\n    \"value\": \"<=195\"\n  },\n  {\n    \"title\": \"inequality sample 7\",\n    \"value\": \">=6\"\n  },\n  {\n    \"title\": \"inequality sample 8\",\n    \"value\": \"<=193\"\n  },\n  {\n    \"title\": \"inequality sample 9\",\n    \"value\": \"<=194\"\n  }\n]",
              "code": "(0, fast_check_1.sample)(index_test_2.inequality, 10).forEach((sample, i) => (0, addContext_1.default)(this, {\n    title: `inequality sample ${i}`,\n    value: sample,\n}));\nreturn (0, fast_check_1.assert)((0, fast_check_1.property)(index_test_2.inequality, ajvValidate));",
              "err": {},
              "uuid": "500268bd-17a7-4bc0-9833-05141562d014",
              "parentUUID": "4c1d7bae-7f82-4a3d-ac28-68897dd7547d",
              "isHook": false,
              "skipped": false
            },
            {
              "title": "should not validate inequality of invalid form",
              "fullTitle": "inequalitySchema should not validate inequality of invalid form",
              "timedOut": false,
              "duration": 1,
              "state": "passed",
              "speed": "fast",
              "pass": true,
              "fail": false,
              "pending": false,
              "context": null,
              "code": "[\n        \"\",\n        \"==23\",\n        \"23\",\n        \"<23\",\n        \">23\",\n        \"<=-1\",\n        \">=-1\",\n        \"<= 2\",\n        \">= 1\",\n        \"> 3\",\n        \"< 3\",\n        \"<=3a\",\n        \">=3a\",\n        \"a<=3\",\n        \"a>=3\",\n    ].forEach(isInvalidInequality)",
              "err": {},
              "uuid": "93d8bd83-ca45-4a84-b8e3-6fdeea2003be",
              "parentUUID": "4c1d7bae-7f82-4a3d-ac28-68897dd7547d",
              "isHook": false,
              "skipped": false
            }
          ],
          "suites": [],
          "passes": [
            "500268bd-17a7-4bc0-9833-05141562d014",
            "93d8bd83-ca45-4a84-b8e3-6fdeea2003be"
          ],
          "failures": [],
          "pending": [],
          "skipped": [],
          "duration": 2,
          "root": false,
          "rootEmpty": false,
          "_timeout": 2000
        },
        {
          "uuid": "f4c75811-f09f-4db5-bb84-dc839a75d25f",
          "title": "satisfyRuleSchema",
          "fullFile": "/home/runner/work/planwithus-lib/planwithus-lib/src/satisfyRule/schemas.test.ts",
          "file": "/src/satisfyRule/schemas.test.ts",
          "beforeHooks": [],
          "afterHooks": [],
          "tests": [
            {
              "title": "should validate satisfy rule with valid block id",
              "fullTitle": "satisfyRuleSchema should validate satisfy rule with valid block id",
              "timedOut": false,
              "duration": 1,
              "state": "passed",
              "speed": "fast",
              "pass": true,
              "fail": false,
              "pending": false,
              "context": null,
              "code": "0, fast_check_1.assert)((0, fast_check_1.property)((0, fast_check_1.string)(), ajvValidate)",
              "err": {},
              "uuid": "99aa9971-cd95-4532-8607-d4a64c44992f",
              "parentUUID": "f4c75811-f09f-4db5-bb84-dc839a75d25f",
              "isHook": false,
              "skipped": false
            },
            {
              "title": "should validate satisfy rules with valid mc",
              "fullTitle": "satisfyRuleSchema should validate satisfy rules with valid mc",
              "timedOut": false,
              "duration": 1,
              "state": "passed",
              "speed": "fast",
              "pass": true,
              "fail": false,
              "pending": false,
              "context": "[\n  {\n    \"title\": \"mcSatisfyRule sample 0\",\n    \"value\": {\n      \"mc\": \">=8\"\n    }\n  },\n  {\n    \"title\": \"mcSatisfyRule sample 1\",\n    \"value\": {\n      \"mc\": \">=85\"\n    }\n  },\n  {\n    \"title\": \"mcSatisfyRule sample 2\",\n    \"value\": {\n      \"mc\": \"<=94\"\n    }\n  },\n  {\n    \"title\": \"mcSatisfyRule sample 3\",\n    \"value\": {\n      \"mc\": \"<=109\"\n    }\n  },\n  {\n    \"title\": \"mcSatisfyRule sample 4\",\n    \"value\": {\n      \"mc\": \">=151\"\n    }\n  },\n  {\n    \"title\": \"mcSatisfyRule sample 5\",\n    \"value\": {\n      \"mc\": \">=7\"\n    }\n  },\n  {\n    \"title\": \"mcSatisfyRule sample 6\",\n    \"value\": {\n      \"mc\": \">=8\"\n    }\n  },\n  {\n    \"title\": \"mcSatisfyRule sample 7\",\n    \"value\": {\n      \"mc\": \"<=81\"\n    }\n  },\n  {\n    \"title\": \"mcSatisfyRule sample 8\",\n    \"value\": {\n      \"mc\": \">=45\"\n    }\n  },\n  {\n    \"title\": \"mcSatisfyRule sample 9\",\n    \"value\": {\n      \"mc\": \">=67\"\n    }\n  }\n]",
              "code": "(0, fast_check_1.sample)(index_test_2.mcSatisfyRule, 10).forEach((sample, i) => (0, addContext_1.default)(this, {\n    title: `mcSatisfyRule sample ${i}`,\n    value: sample,\n}));\nreturn (0, fast_check_1.assert)((0, fast_check_1.property)(index_test_2.mcSatisfyRule, ajvValidate));",
              "err": {},
              "uuid": "e19bd266-2d5e-4b38-9f4c-92d752623ff2",
              "parentUUID": "f4c75811-f09f-4db5-bb84-dc839a75d25f",
              "isHook": false,
              "skipped": false
            },
            {
              "title": "should validate valid recursive satisfy rules",
              "fullTitle": "satisfyRuleSchema should validate valid recursive satisfy rules",
              "timedOut": false,
              "duration": 3,
              "state": "passed",
              "speed": "fast",
              "pass": true,
              "fail": false,
              "pending": false,
              "context": "[\n  {\n    \"title\": \"satisfyRule sample 0\",\n    \"value\": {\n      \"and\": []\n    }\n  },\n  {\n    \"title\": \"satisfyRule sample 1\",\n    \"value\": {\n      \"or\": [\n        {\n          \"or\": [\n            \"oi`G|]\",\n            \"+[0KM\",\n            \"eP7m'tT,&\",\n            \"6\\\"L%{~?g_\",\n            \">!SItCm\"\n          ]\n        },\n        {\n          \"or\": [\n            {\n              \"mc\": \">=38\"\n            }\n          ]\n        },\n        \"\\\" #&~\",\n        {\n          \"mc\": \">=128\"\n        }\n      ]\n    }\n  },\n  {\n    \"title\": \"satisfyRule sample 2\",\n    \"value\": {\n      \"mc\": \">=6\"\n    }\n  },\n  {\n    \"title\": \"satisfyRule sample 3\",\n    \"value\": {\n      \"mc\": \"<=6\"\n    }\n  },\n  {\n    \"title\": \"satisfyRule sample 4\",\n    \"value\": {\n      \"or\": [\n        {\n          \"or\": [\n            {\n              \"or\": [\n                {\n                  \"and\": [\n                    \"E\",\n                    {\n                      \"and\": [\n                        \"qH'fN=+/7\\\\\",\n                        \"Qs|fj]*2\",\n                        {\n                          \"and\": []\n                        },\n                        \"jjgK`\",\n                        {\n                          \"and\": []\n                        }\n                      ]\n                    },\n                    \"A?\",\n                    \"1igb<!WQMg\",\n                    \".L2hpUb\"\n                  ]\n                },\n                \"Hp7f\",\n                \"\",\n                \"-Nj0K\",\n                \"\\\"aOg`&sTV8\"\n              ]\n            },\n            \"9Gb/|i(Mf\",\n            {\n              \"mc\": \"<=93\"\n            }\n          ]\n        },\n        {\n          \"or\": [\n            {\n              \"mc\": \"<=174\"\n            },\n            {\n              \"or\": [\n                {\n                  \"and\": [\n                    {\n                      \"mc\": \">=107\"\n                    },\n                    \"-Ma8UT\",\n                    \")C\",\n                    \"E1%#m\"\n                  ]\n                },\n                \"pEpXG?6G~\"\n              ]\n            }\n          ]\n        },\n        {\n          \"and\": [\n            \"'*^\",\n            \"EgGXsTJB$\\\\\",\n            \"Oro+P\"\n          ]\n        }\n      ]\n    }\n  },\n  {\n    \"title\": \"satisfyRule sample 5\",\n    \"value\": \" |L/ $\\\"\"\n  },\n  {\n    \"title\": \"satisfyRule sample 6\",\n    \"value\": \"ERC\"\n  },\n  {\n    \"title\": \"satisfyRule sample 7\",\n    \"value\": \"kxhmDh.J\"\n  },\n  {\n    \"title\": \"satisfyRule sample 8\",\n    \"value\": {\n      \"or\": [\n        {\n          \"or\": [\n            {\n              \"and\": [\n                \"/Grr1I\",\n                \"%#ro$x\",\n                \"x&P\"\n              ]\n            },\n            {\n              \"mc\": \">=199\"\n            }\n          ]\n        },\n        {\n          \"and\": [\n            \"\"\n          ]\n        }\n      ]\n    }\n  },\n  {\n    \"title\": \"satisfyRule sample 9\",\n    \"value\": {\n      \"and\": [\n        {\n          \"mc\": \"<=113\"\n        },\n        {\n          \"and\": []\n        }\n      ]\n    }\n  }\n]",
              "code": "(0, fast_check_1.sample)(index_test_2.satisfyRule, 10).forEach((sample, i) => (0, addContext_1.default)(this, {\n    title: `satisfyRule sample ${i}`,\n    value: sample,\n}));\nreturn (0, fast_check_1.assert)((0, fast_check_1.property)(index_test_2.satisfyRule, ajvValidate));",
              "err": {},
              "uuid": "dae1871d-68b6-4b2c-b95b-25b07f90ccea",
              "parentUUID": "f4c75811-f09f-4db5-bb84-dc839a75d25f",
              "isHook": false,
              "skipped": false
            },
            {
              "title": "should not validate non-string/object",
              "fullTitle": "satisfyRuleSchema should not validate non-string/object",
              "timedOut": false,
              "duration": 2,
              "state": "passed",
              "speed": "fast",
              "pass": true,
              "fail": false,
              "pending": false,
              "context": null,
              "code": "const error = {\n    instancePath: \"\",\n    message: \"satisfy rule should be either a string or an object\",\n};\nisInvalidRule(null, error);\nisInvalidRule(undefined, error);\nisInvalidRule(10, error);\nisInvalidRule([12, 24], error);",
              "err": {},
              "uuid": "ebaa9837-1da7-48a5-b15d-50fbc7fe121f",
              "parentUUID": "f4c75811-f09f-4db5-bb84-dc839a75d25f",
              "isHook": false,
              "skipped": false
            },
            {
              "title": "should not validate satisfy rules with extra properties",
              "fullTitle": "satisfyRuleSchema should not validate satisfy rules with extra properties",
              "timedOut": false,
              "duration": 1,
              "state": "passed",
              "speed": "fast",
              "pass": true,
              "fail": false,
              "pending": false,
              "context": null,
              "code": "isInvalidRule({\n        and: [\n            { or: [\"2k\"], abc: \"def\" },\n            { mc: 8, ghi: \"jkl\" },\n        ],\n        mno: \"pqr\",\n    }, {\n        instancePath: \"/and/0\",\n        message: \"or satisfy rule should have property 'or' only\",\n    }, {\n        instancePath: \"/and/1\",\n        message: \"MC satisfy rule should have property 'mc' only\",\n    }, {\n        instancePath: \"\",\n        message: \"and satisfy rule should have property 'and' only\",\n    })",
              "err": {},
              "uuid": "571c1518-8df8-4dc6-bd94-550ee9012b29",
              "parentUUID": "f4c75811-f09f-4db5-bb84-dc839a75d25f",
              "isHook": false,
              "skipped": false
            },
            {
              "title": "should not validate ambiguous satisfy rules",
              "fullTitle": "satisfyRuleSchema should not validate ambiguous satisfy rules",
              "timedOut": false,
              "duration": 0,
              "state": "passed",
              "speed": "fast",
              "pass": true,
              "fail": false,
              "pending": false,
              "context": null,
              "code": "const message = \"satisfy rule should have only one of properties 'mc', 'and', 'or'\";\nisInvalidRule({\n    or: [\n        { mc: 5, and: [\"CS2040\"] },\n        { and: [{ and: [\"abc\"], or: [\"def\"] }] },\n    ],\n}, { instancePath: \"/or/0\", message }, { instancePath: \"/or/1/and/0\", message });",
              "err": {},
              "uuid": "210499e9-b313-445b-bc88-9d9dc27088b8",
              "parentUUID": "f4c75811-f09f-4db5-bb84-dc839a75d25f",
              "isHook": false,
              "skipped": false
            },
            {
              "title": "should not validate and satisfy rules with non-array property",
              "fullTitle": "satisfyRuleSchema should not validate and satisfy rules with non-array property",
              "timedOut": false,
              "duration": 0,
              "state": "passed",
              "speed": "fast",
              "pass": true,
              "fail": false,
              "pending": false,
              "context": null,
              "code": "const message = \"property 'and' should be an array of satisfy rules\";\nisInvalidRule({ or: [{ and: {} }, { or: [{ and: 3 }] }] }, { instancePath: \"/or/0/and\", message }, { instancePath: \"/or/1/or/0/and\", message });",
              "err": {},
              "uuid": "2da06197-4e7c-4783-a93b-88e4867af19b",
              "parentUUID": "f4c75811-f09f-4db5-bb84-dc839a75d25f",
              "isHook": false,
              "skipped": false
            },
            {
              "title": "should not validate or satisfy rules with non-array property",
              "fullTitle": "satisfyRuleSchema should not validate or satisfy rules with non-array property",
              "timedOut": false,
              "duration": 1,
              "state": "passed",
              "speed": "fast",
              "pass": true,
              "fail": false,
              "pending": false,
              "context": null,
              "code": "const message = \"property 'or' should be an array of satisfy rules\";\nisInvalidRule({ and: [{ or: {} }, { and: [{ or: 3 }] }] }, { instancePath: \"/and/0/or\", message }, { instancePath: \"/and/1/and/0/or\", message });",
              "err": {},
              "uuid": "cabc0221-8106-4b73-b337-9324933b6f8d",
              "parentUUID": "f4c75811-f09f-4db5-bb84-dc839a75d25f",
              "isHook": false,
              "skipped": false
            }
          ],
          "suites": [],
          "passes": [
            "99aa9971-cd95-4532-8607-d4a64c44992f",
            "e19bd266-2d5e-4b38-9f4c-92d752623ff2",
            "dae1871d-68b6-4b2c-b95b-25b07f90ccea",
            "ebaa9837-1da7-48a5-b15d-50fbc7fe121f",
            "571c1518-8df8-4dc6-bd94-550ee9012b29",
            "210499e9-b313-445b-bc88-9d9dc27088b8",
            "2da06197-4e7c-4783-a93b-88e4867af19b",
            "cabc0221-8106-4b73-b337-9324933b6f8d"
          ],
          "failures": [],
          "pending": [],
          "skipped": [],
          "duration": 9,
          "root": false,
          "rootEmpty": false,
          "_timeout": 2000
        }
      ],
      "passes": [],
      "failures": [],
      "pending": [],
      "skipped": [],
      "duration": 0,
      "root": true,
      "rootEmpty": true,
      "_timeout": 2000
    }
  ],
  "meta": {
    "mocha": {
      "version": "9.1.2"
    },
    "mochawesome": {
      "options": {
        "quiet": false,
        "reportFilename": "mochawesome",
        "saveHtml": true,
        "saveJson": true,
        "consoleReporter": "spec",
        "useInlineDiffs": false,
        "code": true
      },
      "version": "7.0.1"
    },
    "marge": {
      "options": {
        "reportDir": "docs"
      },
      "version": "6.0.1"
    }
  }
}