{
  "stats": {
    "suites": 10,
    "tests": 48,
    "passes": 48,
    "pending": 0,
    "failures": 0,
    "start": "2021-08-04T08:07:24.628Z",
    "end": "2021-08-04T08:07:24.996Z",
    "duration": 368,
    "testsRegistered": 48,
    "passPercent": 100,
    "pendingPercent": 0,
    "other": 0,
    "hasOther": false,
    "skipped": 0,
    "hasSkipped": false
  },
  "results": [
    {
      "uuid": "686a986f-d092-4282-965d-1b2a7ffb6056",
      "title": "",
      "fullFile": "",
      "file": "",
      "beforeHooks": [],
      "afterHooks": [],
      "tests": [],
      "suites": [
        {
          "uuid": "85f6e4bb-6a87-4975-bec1-720c143f4f69",
          "title": "initDirectories",
          "fullFile": "/home/runner/work/planwithus-lib/planwithus-lib/src/block/schemas.test.ts",
          "file": "/src/block/schemas.test.ts",
          "beforeHooks": [],
          "afterHooks": [],
          "tests": [
            {
              "title": "should parse all blocks with no errors",
              "fullTitle": "initDirectories should parse all blocks with no errors",
              "timedOut": false,
              "duration": 3,
              "state": "passed",
              "speed": "fast",
              "pass": true,
              "fail": false,
              "pending": false,
              "context": null,
              "code": "_1.initDirectories.should.not.throw()",
              "err": {},
              "uuid": "1111339e-6e28-48b1-83af-64276b49d9ef",
              "parentUUID": "85f6e4bb-6a87-4975-bec1-720c143f4f69",
              "isHook": false,
              "skipped": false
            },
            {
              "title": "should produce primary, second & minor directories",
              "fullTitle": "initDirectories should produce primary, second & minor directories",
              "timedOut": false,
              "duration": 3,
              "state": "passed",
              "speed": "fast",
              "pass": true,
              "fail": false,
              "pending": false,
              "context": null,
              "code": "const directories = _1.initDirectories();\ndirectories.should.have.property(\"primary\");\ndirectories.should.have.property(\"second\");\ndirectories.should.have.property(\"minor\");",
              "err": {},
              "uuid": "14d1f389-04a9-43a8-8b08-8012136a0217",
              "parentUUID": "85f6e4bb-6a87-4975-bec1-720c143f4f69",
              "isHook": false,
              "skipped": false
            }
          ],
          "suites": [],
          "passes": [
            "1111339e-6e28-48b1-83af-64276b49d9ef",
            "14d1f389-04a9-43a8-8b08-8012136a0217"
          ],
          "failures": [],
          "pending": [],
          "skipped": [],
          "duration": 6,
          "root": false,
          "rootEmpty": false,
          "_timeout": 2000
        },
        {
          "uuid": "7ee07dbb-aa07-40dc-8a4e-72cf3c4f16aa",
          "title": "blockSchema",
          "fullFile": "/home/runner/work/planwithus-lib/planwithus-lib/src/block/schemas.test.ts",
          "file": "/src/block/schemas.test.ts",
          "beforeHooks": [],
          "afterHooks": [],
          "tests": [
            {
              "title": "should validate valid block",
              "fullTitle": "blockSchema should validate valid block",
              "timedOut": false,
              "duration": 213,
              "state": "passed",
              "speed": "slow",
              "pass": true,
              "fail": false,
              "pending": false,
              "context": "[\n  {\n    \"title\": \"block sample 0\",\n    \"value\": {\n      \"name\": \"|%\\\"z]I~z=\",\n      \"ay\": 1953,\n      \"match\": [\n        {\n          \"or\": [\n            {\n              \"or\": []\n            },\n            \"FZ1x4\",\n            {\n              \"or\": [\n                \"DKO955G\",\n                \"TD7\",\n                {\n                  \"or\": [\n                    {\n                      \"and\": [\n                        {\n                          \"or\": [\n                            \"SD4643G\",\n                            \"RMQ9193D\",\n                            \"MP4H\",\n                            \"WZC84\"\n                          ]\n                        },\n                        {\n                          \"and\": [\n                            {\n                              \"pattern\": \"DTM3x\"\n                            },\n                            \"PLB30*Z\",\n                            \"TD113H\"\n                          ]\n                        },\n                        \"DN1068\",\n                        \"CCX0\",\n                        {\n                          \"pattern\": \"SG685C\",\n                          \"info\": \"x8+@D,;\"\n                        }\n                      ]\n                    },\n                    {\n                      \"and\": [\n                        \"KW4A\"\n                      ]\n                    },\n                    {\n                      \"or\": [\n                        \"AXKx\",\n                        {\n                          \"and\": [\n                            \"DB7\",\n                            \"LVT956\",\n                            \"XVZx756R\",\n                            \"GCL9401E\"\n                          ]\n                        },\n                        \"DWY6701\"\n                      ]\n                    }\n                  ]\n                },\n                \"TI423G\"\n              ]\n            },\n            {\n              \"or\": [\n                {\n                  \"or\": [\n                    \"PTX71I\",\n                    \"LD711\",\n                    \"CU245\",\n                    {\n                      \"pattern\": \"GLO2x*4W\",\n                      \"exclude\": [],\n                      \"info\": \"H_\"\n                    },\n                    {\n                      \"or\": [\n                        \"SZ6S\"\n                      ]\n                    }\n                  ]\n                },\n                \"NKH053I\",\n                {\n                  \"and\": [\n                    \"GB026\",\n                    \"YIU93x9\",\n                    \"BX8422\",\n                    \"OLD621\",\n                    \"GNF5J\"\n                  ]\n                },\n                {\n                  \"and\": [\n                    {\n                      \"pattern\": \"UV8V\",\n                      \"exclude\": \"MBG693\"\n                    }\n                  ]\n                },\n                \"VU61P\"\n              ]\n            }\n          ]\n        },\n        {\n          \"and\": [\n            \"OQ7xO\"\n          ]\n        },\n        {\n          \"pattern\": \"GQx50\",\n          \"exclude\": [\n            \"SV*x\",\n            \"NF21\",\n            \"SQJ*x\"\n          ],\n          \"info\": \"|\"\n        },\n        {\n          \"or\": []\n        }\n      ],\n      \"satisfy\": [\n        {\n          \"and\": []\n        },\n        {\n          \"mc\": \"<=61\"\n        }\n      ],\n      \"url\": \"http://c224gkf6qbyp5lm8yglsvgwpldr.h.5.mwxy//Pn-;Bat/%F2%BC%A7%91iHa=24I/g@c3=*Cqen/gw/$:@F%21we=c@//RLyv+/RHLgA\",\n      \"info\": \"hkS\\\"{\",\n      \"1BN-f]\": {\n        \"name\": \";\\\"{w;\",\n        \"ay\": 1956,\n        \"assign\": \"Yj~#\",\n        \"match\": {\n          \"and\": [\n            \"ZO1456\",\n            \"BZG62\"\n          ]\n        },\n        \"satisfy\": [\n          {\n            \"mc\": \">=90\"\n          },\n          \"y`%%q\\\"_#y\\\"\"\n        ],\n        \"url\": \"https://5.4.lvj6d00-wnabtwh6eyou87wo0.xv/2-U+g9/NZw/14m9TY/:M9*/T1&Rs%F1%89%84%ADk/_/C4GLf\",\n        \"isSelectable\": true\n      },\n      \"%7J'zY0V\": {\n        \"name\": \"}to5\\\"N|}}8\",\n        \"ay\": 1953,\n        \"assign\": [\n          \";g^(\\\\p\\\\\",\n          \";\\\"!N|A<~\",\n          \":l-\",\n          \"z\",\n          \"  z\"\n        ],\n        \"match\": \"SEV*5G\",\n        \"satisfy\": {\n          \"mc\": \">=29\"\n        },\n        \"url\": \"https://geo37r6n4.qrn-dozkgvuk3428p9tt3bubosqn6h3.ur-q82hos53cuo6g45qov12eu5j2.0nz3pm02-dskucywr-8mib321c2acijakxp7rizgwxc.4t8bqefzh7uiyx4gmqc1ttef2fkzi3redb0dd65qey8kg0i36sfy05k3jzr4z.eeeu/pmo)/\",\n        \"info\": \"LH4x[{Z[\",\n        \"isSelectable\": true,\n        \"=4vDc\\\\wA8)\": {\n          \"name\": \"A\",\n          \"ay\": 1995,\n          \"assign\": [],\n          \"match\": {\n            \"or\": [\n              \"LVMx176X\",\n              {\n                \"and\": [\n                  \"YEH*\",\n                  \"LS8x\",\n                  \"LYF7W\",\n                  {\n                    \"and\": []\n                  }\n                ]\n              }\n            ]\n          },\n          \"satisfy\": \"X5v4gk)a\",\n          \"url\": \"http://dtcxvvksx-4waga3fru1zys3dnt572lgmkr2x.a.ghvwzxydle/%F2%BC%B5%BB1(tVBxru/GoWabaQ/%F4%88%A9%82nu9/\",\n          \"info\": \"{Gc{'eh1\",\n          \"isSelectable\": true\n        },\n        \"D\": {\n          \"name\": \"*#CY98?\",\n          \"match\": [],\n          \"satisfy\": {\n            \"mc\": \">=13\"\n          },\n          \"info\": \"B#;\",\n          \"isSelectable\": true\n        },\n        \"bzk'2W8}3\": {\n          \"ay\": 2021,\n          \"assign\": [],\n          \"match\": {\n            \"and\": [\n              {\n                \"or\": [\n                  \"EUZ25*4Y\",\n                  \"GQ7070\",\n                  {\n                    \"and\": []\n                  }\n                ]\n              },\n              \"TP6E\",\n              {\n                \"pattern\": \"NTV9xL\",\n                \"exclude\": \"FM5x08\",\n                \"info\": \";\\\"1SVW4\"\n              },\n              \"PHT3305\",\n              \"CO7A\"\n            ]\n          },\n          \"url\": \"http://z0dbmpwgn2m8-nosv52d6.jdh/8Ryi!'ZDk-/z/f'hFBq/'@X/BE0,c%F2%B2%AE%96%F3%96%B7%AE/o51Is///s(&7LNuj\",\n          \"info\": \"iqb{fC\",\n          \"isSelectable\": true\n        },\n        \"\": {\n          \"name\": \"n:?6.6u\",\n          \"assign\": [],\n          \"match\": [\n            {\n              \"and\": [\n                {\n                  \"pattern\": \"WUC05P\",\n                  \"exclude\": \"XBD5E\",\n                  \"info\": \"nfcDkVsh\"\n                },\n                {\n                  \"pattern\": \"DLQ5757\",\n                  \"exclude\": \"ZL4\",\n                  \"info\": \".a\"\n                },\n                \"HMU2x\",\n                \"PPX4295C\"\n              ]\n            },\n            {\n              \"pattern\": \"GS8\",\n              \"exclude\": \"QSJ89G\"\n            },\n            \"ME32\",\n            {\n              \"pattern\": \"GZB0*8\",\n              \"exclude\": [\n                \"TSFx0\",\n                \"IB0\",\n                \"URB089\",\n                \"JVT*4\"\n              ],\n              \"info\": \"lw>#7N)@#\"\n            }\n          ],\n          \"satisfy\": [\n            {\n              \"or\": [\n                {\n                  \"and\": [\n                    \"[9lz;[{jo\",\n                    \"kPyY:$8z\",\n                    {\n                      \"mc\": \"<=72\"\n                    }\n                  ]\n                },\n                {\n                  \"or\": [\n                    {\n                      \"mc\": \">=151\"\n                    }\n                  ]\n                }\n              ]\n            },\n            {\n              \"mc\": \"<=27\"\n            }\n          ],\n          \"info\": \"\",\n          \"isSelectable\": true\n        },\n        \"Wg|w\": {\n          \"name\": \";$H+m\",\n          \"ay\": 1984,\n          \"assign\": \"Cr \",\n          \"match\": [\n            {\n              \"and\": [\n                \"QO3S\",\n                \"DM2x\",\n                {\n                  \"or\": []\n                },\n                {\n                  \"pattern\": \"RYD6\",\n                  \"exclude\": \"ARW9F\"\n                }\n              ]\n            }\n          ],\n          \"satisfy\": {\n            \"or\": [\n              \"HgyqNL\",\n              {\n                \"or\": [\n                  {\n                    \"and\": [\n                      \"H8TP&fWxL\",\n                      \"k_%@wtpv\"\n                    ]\n                  }\n                ]\n              }\n            ]\n          },\n          \"url\": \"https://v.q6d5mxglu08lfh55soe3zafq8pn0emxyzqkglo28gs2qufplqesdtbkf0.g.ya79ryv04oh14980mwsv5aq7rp2rml.hc52z71mk2mv00p-hn2df7oog6wtchyi8x.gjt\",\n          \"info\": \"\",\n          \"isSelectable\": true\n        }\n      }\n    }\n  },\n  {\n    \"title\": \"block sample 1\",\n    \"value\": {\n      \"name\": \"i##\",\n      \"ay\": 1986,\n      \"assign\": \"~;\",\n      \"url\": \"http://ear7eelk7u-5de1cest-688f2bakfd5uaccd6b9ze55f.zac/gn_e2p\",\n      \"info\": \"L(p#*e=j\",\n      \"isSelectable\": true,\n      \"M  {|&k S\": {\n        \"name\": \".M1F\",\n        \"ay\": 1992,\n        \"match\": [\n          {\n            \"or\": [\n              {\n                \"pattern\": \"NRC7G\",\n                \"info\": \"SFM3\"\n              },\n              \"PICx76O\",\n              \"OKP90*1Y\"\n            ]\n          },\n          {\n            \"or\": []\n          }\n        ],\n        \"satisfy\": [],\n        \"url\": \"https://a.afa2eb05ebe-fds3p78.ck.hf/+Yc/gec/Nj1f\",\n        \"isSelectable\": true,\n        \"\": {\n          \"name\": \"OS\",\n          \"ay\": 2024,\n          \"assign\": [\n            \"p\"\n          ],\n          \"match\": \"LG0\",\n          \"satisfy\": \"e8,9T\",\n          \"url\": \"http://uae3lpd7.xpva/(l%F0%9C%B5%90I/b:0\",\n          \"info\": \"qA=zE$YE\",\n          \"isSelectable\": true,\n          \"F\": {\n            \"name\": \"^,w@|?yA\",\n            \"ay\": 1975,\n            \"assign\": \"#\\\"\",\n            \"url\": \"http://t22u5sh2u3i.mzajo8p25l6for-2.w.sq0smex6f4.lf/@%F1%8A%AA%99hd$A$%F3%AF%95%B4*/(MSRu~)/jeF%F2%9D%A0%83im'V/Tq(4BS/=~Hgq%F0%B3%B3%A6/\",\n            \"info\": \".:kJ\",\n            \"isSelectable\": true\n          }\n        }\n      }\n    }\n  },\n  {\n    \"title\": \"block sample 2\",\n    \"value\": {\n      \"name\": \"w\",\n      \"ay\": 1954,\n      \"match\": [\n        \"AGO9341\",\n        {\n          \"or\": [\n            {\n              \"and\": [\n                {\n                  \"or\": [\n                    {\n                      \"or\": [\n                        \"HFx32M\",\n                        \"QU8672\",\n                        \"OB7590D\",\n                        \"GMP9R\"\n                      ]\n                    },\n                    \"UN*29N\",\n                    \"MIC*7Q\",\n                    {\n                      \"pattern\": \"LOY939x\",\n                      \"exclude\": \"QR20\",\n                      \"info\": \"X)@Bk,Wnx\"\n                    },\n                    \"UGN7x14N\"\n                  ]\n                },\n                \"AU7599\",\n                \"NUT58x\",\n                {\n                  \"or\": [\n                    {\n                      \"and\": [\n                        {\n                          \"and\": []\n                        }\n                      ]\n                    },\n                    \"AH67U\",\n                    {\n                      \"or\": [\n                        \"NXA914\",\n                        {\n                          \"pattern\": \"WMN64Z\",\n                          \"exclude\": [],\n                          \"info\": \"p\"\n                        }\n                      ]\n                    }\n                  ]\n                },\n                \"YK70\"\n              ]\n            }\n          ]\n        }\n      ],\n      \"satisfy\": \"c#t\",\n      \"url\": \"https://8yh3d8umvdmd-56htt.yrvpbtfw/g$Yd%F2%81%83%B9%F4%8F%BF%B0Pe%2Fc\",\n      \"info\": \">&~F{&\\\\cA~\",\n      \"isSelectable\": true,\n      \"l{j7d}\": {\n        \"name\": \"B|nMbaR\",\n        \"ay\": 2013,\n        \"assign\": [],\n        \"match\": {\n          \"or\": [\n            {\n              \"or\": [\n                \"YH3684Y\"\n              ]\n            }\n          ]\n        },\n        \"satisfy\": {\n          \"and\": [\n            {\n              \"and\": [\n                \"iOx,7S,P\",\n                {\n                  \"mc\": \">=187\"\n                },\n                \"@(\",\n                {\n                  \"or\": [\n                    \",dzK%M\",\n                    \"|<\",\n                    {\n                      \"or\": [\n                        \"]i\",\n                        \"m)-gi79~q\",\n                        \"r2I qFR\",\n                        {\n                          \"mc\": \">=24\"\n                        }\n                      ]\n                    },\n                    \"'|4^dS!G\"\n                  ]\n                },\n                \"jW9Sl\"\n              ]\n            },\n            {\n              \"mc\": \"<=32\"\n            },\n            \"WB\",\n            {\n              \"and\": [\n                {\n                  \"and\": [\n                    \"C\"\n                  ]\n                },\n                \"\",\n                {\n                  \"mc\": \"<=128\"\n                },\n                \"\",\n                \"\\\"?V3<<<9\"\n              ]\n            },\n            {\n              \"or\": [\n                {\n                  \"or\": []\n                },\n                {\n                  \"mc\": \"<=12\"\n                }\n              ]\n            }\n          ]\n        },\n        \"url\": \"https://g1koifdkpuk6js2lshcowpyufgcdfg40tvpxvc1jae0u0dr8n-137.md/YZv$%F3%AB%9C%B02ri3G/p(IbjlgZ/RF%F1%A0%AD%A5HBG%E3%B1%A7/;FQzvQ/.p%F3%96%A9%8A%F2%98%84%8Eqm&'ul/+B+/sikjPOl\",\n        \"info\": \"V}|R}Av\",\n        \"isSelectable\": true\n      },\n      \"cpqQmf!\": {\n        \"name\": \"uCp^\",\n        \"ay\": 2011,\n        \"assign\": [\n          \"Sz+];iqmAF\",\n          \"=bA:z\",\n          \"<C]\\\\N\\\"Su7\",\n          \"!EafZ-G{\"\n        ],\n        \"satisfy\": \" w^ol!\",\n        \"url\": \"http://r92k6p173.gnpmf.tsaj7k1e7x4ljkzpho3ksujtsmcits81fx1xiotaitbejqsz2pr168bcuw563.tx7.ie/4wd/2z~6h/,Q/=gjz/780(=PTXO/m3C%F4%88%A2%83i6'/8AARLBH/I%F3%84%A9%BAEC/t9'\",\n        \"isSelectable\": true\n      },\n      \";0*&\": {\n        \"name\": \"@#bKce,\",\n        \"ay\": 1970,\n        \"assign\": \"mE~eWb\",\n        \"match\": \"SHB6N\",\n        \"satisfy\": {\n          \"mc\": \">=68\"\n        },\n        \"url\": \"https://mrkqadfe3q8bckrfnk-f4l33q.3k4-926lxr.afk.gbjihef/\",\n        \"q: S9b\": {\n          \"name\": \"G)\",\n          \"ay\": 1986,\n          \"assign\": \"z]ua;T_=\",\n          \"info\": \"vt\",\n          \"isSelectable\": true\n        }\n      }\n    }\n  },\n  {\n    \"title\": \"block sample 3\",\n    \"value\": {\n      \"name\": \"<#2\",\n      \"ay\": 2020,\n      \"assign\": [\n        \"`sk!(\",\n        \" $\"\n      ],\n      \"match\": [\n        {\n          \"pattern\": \"VRN569J\",\n          \"exclude\": [\n            \"IW6x77\",\n            \"ET42\",\n            \"TMC67\",\n            \"LUO*76\",\n            \"IJN93\"\n          ]\n        },\n        {\n          \"or\": [\n            {\n              \"and\": [\n                {\n                  \"or\": [\n                    {\n                      \"or\": [\n                        \"QPO807\",\n                        {\n                          \"pattern\": \"WMx6Y\",\n                          \"exclude\": \"KJU16\",\n                          \"info\": \"\"\n                        },\n                        \"YZIx33\",\n                        \"OZx16\",\n                        \"BX8832S\"\n                      ]\n                    }\n                  ]\n                },\n                \"TJG8769T\",\n                \"CKX78\",\n                \"RSY1xI\"\n              ]\n            }\n          ]\n        }\n      ],\n      \"satisfy\": \"!\",\n      \"url\": \"http://yeaj1rg9gvply7jrly67xueo4mciuosohxdxg2vi.12mly6ct28.fdgtebc/x_/%F0%A3%AA%92O.7S/\",\n      \"info\": \"7\\\"b\",\n      \"isSelectable\": true\n    }\n  },\n  {\n    \"title\": \"block sample 4\",\n    \"value\": {\n      \"ay\": 2001,\n      \"assign\": [\n        \"7NycJtN<o\"\n      ],\n      \"match\": [\n        {\n          \"or\": []\n        }\n      ],\n      \"satisfy\": [\n        {\n          \"mc\": \"<=151\"\n        },\n        \"d\\\"\",\n        {\n          \"and\": [\n            {\n              \"mc\": \">=68\"\n            },\n            {\n              \"and\": [\n                {\n                  \"or\": [\n                    {\n                      \"mc\": \">=122\"\n                    },\n                    \"@#>\",\n                    \"u$hh*l/\\\\\"\n                  ]\n                },\n                \"H\",\n                \">hs\"\n              ]\n            },\n            {\n              \"and\": []\n            },\n            {\n              \"or\": [\n                {\n                  \"mc\": \"<=188\"\n                },\n                {\n                  \"mc\": \"<=90\"\n                },\n                {\n                  \"or\": [\n                    \"g>\\\"3(hP'tr\",\n                    \"XO$l]B]\",\n                    \"qTJ|ug\",\n                    {\n                      \"and\": [\n                        \"Kq90&8h/2\",\n                        \"i1J]:sV~8=\",\n                        \"|L<Xe\",\n                        {\n                          \"mc\": \"<=40\"\n                        }\n                      ]\n                    },\n                    \"Lya/:g\"\n                  ]\n                },\n                {\n                  \"mc\": \"<=118\"\n                },\n                {\n                  \"and\": [\n                    \"!XlGf\"\n                  ]\n                }\n              ]\n            },\n            {\n              \"and\": [\n                {\n                  \"mc\": \">=133\"\n                },\n                {\n                  \"mc\": \"<=15\"\n                },\n                \"Ty1\",\n                \",P7EY\",\n                \"v\"\n              ]\n            }\n          ]\n        },\n        {\n          \"mc\": \"<=154\"\n        },\n        \"4uDL$\"\n      ],\n      \"url\": \"https://ao9bfb5op9c5ypcc9j-faaa5fnld5fe4d.chjr/e*/EEsn=00bmH//uX(dZ;$C1\",\n      \"info\": \">WU4S\",\n      \"isSelectable\": true,\n      \"1\\\"|D\": {\n        \"ay\": 2025,\n        \"assign\": \"\",\n        \"match\": {\n          \"pattern\": \"IRE4x\",\n          \"exclude\": \"LI57T\",\n          \"info\": \"\"\n        },\n        \"satisfy\": [\n          {\n            \"and\": [\n              {\n                \"mc\": \">=164\"\n              },\n              {\n                \"and\": []\n              }\n            ]\n          },\n          {\n            \"mc\": \">=134\"\n          }\n        ],\n        \"url\": \"https://b7dtooxp852xfx2e.8f6d.155s.cczrfcpxyy\",\n        \"info\": \"|$$o!FkW!!\"\n      },\n      \"d>8t_idY\": {\n        \"name\": \"!i\",\n        \"ay\": 1950,\n        \"assign\": \"'-\",\n        \"match\": [\n          {\n            \"pattern\": \"RXI794H\",\n            \"exclude\": \"BE3784\",\n            \"info\": \"`Q\\\"%4!^\"\n          }\n        ],\n        \"satisfy\": [\n          {\n            \"mc\": \">=1\"\n          },\n          \"iPk\\\"y|~/\"\n        ],\n        \"url\": \"https://bdend5b1dbaa-dhe.hbpn/%F2%A6%83%88_@,\",\n        \"info\": \"#%!|O \"\n      },\n      \"e\\\\A9! F%2-\": {\n        \"name\": \"*zpRxb\",\n        \"ay\": 1963,\n        \"assign\": [\n          \"vN=3J1(s-\",\n          \"\"\n        ],\n        \"match\": [],\n        \"satisfy\": {\n          \"or\": []\n        },\n        \"url\": \"http://90sz2fq1ekcfihvazr-9.tvnaeom/f\",\n        \"info\": \"\"\n      }\n    }\n  },\n  {\n    \"title\": \"block sample 5\",\n    \"value\": {\n      \"name\": \"QBRS3jS.B\",\n      \"ay\": 1956,\n      \"assign\": \"$\",\n      \"match\": [\n        {\n          \"pattern\": \"RD56\",\n          \"exclude\": \"AIWx987\",\n          \"info\": \"P\"\n        },\n        {\n          \"and\": [\n            \"ISH*L\",\n            {\n              \"or\": [\n                {\n                  \"and\": [\n                    \"CLV643\",\n                    \"NEG468D\"\n                  ]\n                }\n              ]\n            },\n            \"AX9I\"\n          ]\n        }\n      ],\n      \"satisfy\": {\n        \"and\": [\n          {\n            \"or\": [\n              \"Qq[~:j%8)G\",\n              {\n                \"or\": [\n                  {\n                    \"mc\": \"<=15\"\n                  },\n                  \"*0%\",\n                  {\n                    \"or\": [\n                      \"U8y8wv6U!e\",\n                      \"<Cl\",\n                      {\n                        \"or\": [\n                          \"q1pU\",\n                          \"[OHci+C~;\",\n                          \"Q *aj\",\n                          \":xTNg_\"\n                        ]\n                      }\n                    ]\n                  },\n                  \"j61})9oe\"\n                ]\n              },\n              \"+|!\",\n              \"'\",\n              {\n                \"or\": [\n                  \"*\",\n                  {\n                    \"or\": [\n                      {\n                        \"and\": [\n                          \"*OFU\",\n                          \"8?.\",\n                          \"&\\\\6j\",\n                          \"d;9O{|Yl\",\n                          \"tHl74Rv\"\n                        ]\n                      },\n                      \"j\"\n                    ]\n                  },\n                  \"S1$V$|O~0G\"\n                ]\n              }\n            ]\n          },\n          {\n            \"mc\": \"<=162\"\n          },\n          \"IS&e3UxV\",\n          {\n            \"and\": [\n              \"N]l 'a\"\n            ]\n          },\n          {\n            \"or\": [\n              {\n                \"and\": [\n                  {\n                    \"and\": [\n                      \"oBK#FS/\",\n                      \"7J8v9j%p&n\",\n                      \"hm4>g'S'/\"\n                    ]\n                  },\n                  \"I;D*$I?_+\",\n                  \"V'Vo\",\n                  {\n                    \"or\": [\n                      \"KT\",\n                      \"r26'=\"\n                    ]\n                  }\n                ]\n              },\n              \"770[lw^\"\n            ]\n          }\n        ]\n      },\n      \"url\": \"https://4j2ga1r3w5des4b192pg6y6fo2wio3xe.yag/hii/d%27/d%2Cquz7\",\n      \"info\": \"&$\"\n    }\n  },\n  {\n    \"title\": \"block sample 6\",\n    \"value\": {\n      \"name\": \"%dhGYSdU\",\n      \"ay\": 1958,\n      \"assign\": \"}z6\",\n      \"match\": \"CXZ20x4\",\n      \"satisfy\": [\n        {\n          \"and\": []\n        }\n      ],\n      \"url\": \"https://ef9v8letw63axtbzyqeh0w-h0m7vq20-k0uuvgaz57fl09d4s61lu.6agh1a.bfevfeu.b.6e8a8.eqxu/%F3%96%92%ADwkgo@=8Y/NyLuHOO;/F%F2%9E%98%9CfLd2/)5lT.Q%F2%85%BD%9CJ'x/%F1%8E%B1%8CY!lpg/)%F2%88%A8%9Ek7.//x%F1%86%91%9ESUQ4L%F1%A0%A5%8Fo(\",\n      \"info\": \"p>\",\n      \"isSelectable\": true\n    }\n  },\n  {\n    \"title\": \"block sample 7\",\n    \"value\": {\n      \"name\": \"&\",\n      \"ay\": 1954,\n      \"assign\": [\n        \"x(\",\n        \",60:F{0Zl\",\n        \"lzFz\",\n        \"z`VRZ3\",\n        \"fCPN$l\"\n      ],\n      \"satisfy\": [\n        \"Gm6Ff@7'I\",\n        {\n          \"mc\": \">=196\"\n        }\n      ],\n      \"url\": \"http://fc190lmj3wzsce7ms0uixfbt1ass.b5-d1af.ut\",\n      \"info\": \"$LV/\"\n    }\n  },\n  {\n    \"title\": \"block sample 8\",\n    \"value\": {\n      \"name\": \"dBkfQs:I/\",\n      \"assign\": [\n        \"'\",\n        \"{=\",\n        \"r> ]a\",\n        \"[!WZ2p^0\",\n        \"m\"\n      ],\n      \"match\": [\n        {\n          \"and\": [\n            {\n              \"or\": [\n                \"ZX7*8\",\n                \"EF*8x6\"\n              ]\n            }\n          ]\n        },\n        \"RII353W\",\n        {\n          \"or\": [\n            {\n              \"and\": [\n                \"BRJ3\",\n                \"BR*0\",\n                {\n                  \"pattern\": \"RGQ0x4\",\n                  \"exclude\": [\n                    \"FAB893K\",\n                    \"JI34\",\n                    \"RXM210\"\n                  ]\n                },\n                \"BS*N\"\n              ]\n            },\n            {\n              \"and\": []\n            },\n            {\n              \"and\": [\n                {\n                  \"pattern\": \"WHx421\",\n                  \"exclude\": [],\n                  \"info\": \".%M\\\\A\"\n                }\n              ]\n            }\n          ]\n        }\n      ],\n      \"satisfy\": {\n        \"mc\": \"<=194\"\n      },\n      \"url\": \"https://y249s.v4bgmfec9oo-5roo3ez820aee9a61m-aev08zh41o-0mhsw.a.ku1uypghup.s.tvvnff/ZeIV'uo/zC%F2%A0%A3%9A,smF/uBEmh5A;I/JI/\",\n      \"isSelectable\": true\n    }\n  },\n  {\n    \"title\": \"block sample 9\",\n    \"value\": {\n      \"name\": \"97.3~jQ4c\",\n      \"ay\": 2019,\n      \"assign\": [\n        \"[Uh0ve\\\\C\",\n        \"aJXV?Q<5\",\n        \"Ka=8UPm\"\n      ],\n      \"match\": [\n        {\n          \"or\": [\n            {\n              \"pattern\": \"IH3\",\n              \"exclude\": [\n                \"SQ8\",\n                \"OQD*1*3Q\",\n                \"WZD381S\"\n              ],\n              \"info\": \"]\"\n            },\n            {\n              \"pattern\": \"OI930O\",\n              \"info\": \"H\"\n            },\n            {\n              \"or\": [\n                \"SDF358*H\"\n              ]\n            },\n            {\n              \"pattern\": \"VD192\",\n              \"exclude\": [\n                \"PFQ66J\",\n                \"FLP2\",\n                \"VJx3*\",\n                \"VK39O\",\n                \"XA11S\"\n              ]\n            }\n          ]\n        },\n        {\n          \"or\": [\n            \"YN2141\"\n          ]\n        },\n        {\n          \"and\": []\n        },\n        \"THG86\"\n      ],\n      \"satisfy\": [\n        {\n          \"and\": [\n            {\n              \"or\": [\n                {\n                  \"or\": [\n                    {\n                      \"and\": []\n                    }\n                  ]\n                },\n                {\n                  \"mc\": \">=15\"\n                }\n              ]\n            }\n          ]\n        }\n      ],\n      \"url\": \"https://w3k8cpntt.r6wlf2sdku0mxmyd4btxbkycy1wo3l06wq8qtvt-wrdkz-ocotbu-ntn2wulaa7.dkxle55bl7kdf1-5byei74iyuv7lyarxny6lq1jxs29w9.ce/C,fy(yX//D*fLeMGG*q/:%F1%A0%8A%B3bb%F0%95%A6%8FJ/\",\n      \"info\": \"^iCYP/@ed\",\n      \"isSelectable\": true\n    }\n  }\n]",
              "code": "fast_check_1.sample(index_test_2.block, 10).forEach((sample, i) => addContext_1.default(this, {\n    title: `block sample ${i}`,\n    value: sample,\n}));\nreturn fast_check_1.assert(fast_check_1.property(index_test_2.block, ajvValidate));",
              "err": {},
              "uuid": "f7e04a87-452e-4f33-83de-c3299922a2ce",
              "parentUUID": "7ee07dbb-aa07-40dc-8a4e-72cf3c4f16aa",
              "isHook": false,
              "skipped": false
            },
            {
              "title": "should not validate non-object",
              "fullTitle": "blockSchema should not validate non-object",
              "timedOut": false,
              "duration": 1,
              "state": "passed",
              "speed": "fast",
              "pass": true,
              "fail": false,
              "pending": false,
              "context": null,
              "code": "const error = {\n    instancePath: \"\",\n    message: \"block should be an object\",\n};\nisInvalidBlock(null, error);\nisInvalidBlock(undefined, error);\nisInvalidBlock(10, error);\nisInvalidBlock([12, 24], error);\nisInvalidBlock(\"abc\", error);",
              "err": {},
              "uuid": "c3f968d6-9d32-4da7-8223-6fae43f57d56",
              "parentUUID": "7ee07dbb-aa07-40dc-8a4e-72cf3c4f16aa",
              "isHook": false,
              "skipped": false
            },
            {
              "title": "should not validate block with invalid properties",
              "fullTitle": "blockSchema should not validate block with invalid properties",
              "timedOut": false,
              "duration": 0,
              "state": "passed",
              "speed": "fast",
              "pass": true,
              "fail": false,
              "pending": false,
              "context": null,
              "code": "isInvalidBlock({\n        name: { foo: \"bar\" },\n        ay: -1000,\n        assign: {},\n        match: 1,\n        satisfy: 2,\n        url: { abc: \"def\" },\n        info: 42,\n        isSelectable: 32,\n    }, { instancePath: \"/name\", message: \"property 'name' should be a string\" }, {\n        instancePath: \"/ay\",\n        message: \"property 'ay' should be a positive integer\",\n    }, {\n        instancePath: \"/assign\",\n        message: \"property 'assign' should be either a block ID or an array of block IDs\",\n    }, {\n        instancePath: \"/match\",\n        message: \"property 'match' should be either a match rule or an array of match rules\",\n    }, {\n        instancePath: \"/satisfy\",\n        message: \"property 'satisfy' should be either a satisfy rule or an array of satisfy rules\",\n    }, { instancePath: \"/url\", message: \"property 'url' should be a string\" }, { instancePath: \"/info\", message: \"property 'info' should be a string\" }, {\n        instancePath: \"/isSelectable\",\n        message: \"property 'isSelectable' should be a boolean\",\n    })",
              "err": {},
              "uuid": "7a4e4c8b-cb7d-4fe7-924c-8e4704baa9de",
              "parentUUID": "7ee07dbb-aa07-40dc-8a4e-72cf3c4f16aa",
              "isHook": false,
              "skipped": false
            }
          ],
          "suites": [],
          "passes": [
            "f7e04a87-452e-4f33-83de-c3299922a2ce",
            "c3f968d6-9d32-4da7-8223-6fae43f57d56",
            "7a4e4c8b-cb7d-4fe7-924c-8e4704baa9de"
          ],
          "failures": [],
          "pending": [],
          "skipped": [],
          "duration": 214,
          "root": false,
          "rootEmpty": false,
          "_timeout": 2000
        },
        {
          "uuid": "8cf3eaba-c486-40a2-a42b-f99b893a66d7",
          "title": "patternToRE",
          "fullFile": "/home/runner/work/planwithus-lib/planwithus-lib/src/matchRule/pattern/satisfiers.test.ts",
          "file": "/src/matchRule/pattern/satisfiers.test.ts",
          "beforeHooks": [],
          "afterHooks": [],
          "tests": [
            {
              "title": "should match valid modules with a single pattern",
              "fullTitle": "patternToRE should match valid modules with a single pattern",
              "timedOut": false,
              "duration": 18,
              "state": "passed",
              "speed": "fast",
              "pass": true,
              "fail": false,
              "pending": false,
              "context": "[\n  {\n    \"title\": \"patternExampleList sample 0\",\n    \"value\": [\n      \"MZC6x3*\",\n      [\n        \"MZC673LL5FHPL\",\n        \"MZC683ERD1DP6\",\n        \"MZC673UYS2I\",\n        \"MZC603YZ6\",\n        \"MZC653ZTYX2FJI\",\n        \"MZC6332BJ\"\n      ]\n    ]\n  },\n  {\n    \"title\": \"patternExampleList sample 1\",\n    \"value\": [\n      \"YXx5\",\n      [\n        \"YX35\",\n        \"YX25\"\n      ]\n    ]\n  },\n  {\n    \"title\": \"patternExampleList sample 2\",\n    \"value\": [\n      \"UD00xE\",\n      [\n        \"UD007E\",\n        \"UD002E\",\n        \"UD009E\",\n        \"UD003E\",\n        \"UD001E\",\n        \"UD005E\",\n        \"UD008E\",\n        \"UD004E\",\n        \"UD006E\",\n        \"UD000E\"\n      ]\n    ]\n  },\n  {\n    \"title\": \"patternExampleList sample 3\",\n    \"value\": [\n      \"ARX9\",\n      [\n        \"ARX9\"\n      ]\n    ]\n  },\n  {\n    \"title\": \"patternExampleList sample 4\",\n    \"value\": [\n      \"TJ071*\",\n      [\n        \"TJ071A8Q4RO6\",\n        \"TJ071DVEIY\"\n      ]\n    ]\n  },\n  {\n    \"title\": \"patternExampleList sample 5\",\n    \"value\": [\n      \"OY81Q\",\n      [\n        \"OY81Q\"\n      ]\n    ]\n  },\n  {\n    \"title\": \"patternExampleList sample 6\",\n    \"value\": [\n      \"IV181\",\n      [\n        \"IV181\"\n      ]\n    ]\n  },\n  {\n    \"title\": \"patternExampleList sample 7\",\n    \"value\": [\n      \"XO8\",\n      [\n        \"XO8\"\n      ]\n    ]\n  },\n  {\n    \"title\": \"patternExampleList sample 8\",\n    \"value\": [\n      \"QLK*37K\",\n      [\n        \"QLK7P37K\",\n        \"QLK37K\",\n        \"QLK88RN8EB37K\",\n        \"QLK6158SK37K\",\n        \"QLKXEM37K\"\n      ]\n    ]\n  },\n  {\n    \"title\": \"patternExampleList sample 9\",\n    \"value\": [\n      \"DE1\",\n      [\n        \"DE1\"\n      ]\n    ]\n  }\n]",
              "code": "fast_check_1.sample(index_test_1.patternExampleList, 10).forEach((sample, i) => addContext_1.default(this, {\n    title: `patternExampleList sample ${i}`,\n    value: sample,\n}));\nreturn fast_check_1.assert(fast_check_1.property(index_test_1.patternExampleList, ([patternStr, examples]) => {\n    const re = _1.patternToRE(patternStr);\n    return examples.every(re.test.bind(re));\n}));",
              "err": {},
              "uuid": "7970bcdf-cc29-4d50-8bc9-03d6cb57e41a",
              "parentUUID": "8cf3eaba-c486-40a2-a42b-f99b893a66d7",
              "isHook": false,
              "skipped": false
            },
            {
              "title": "should match valid modules with multiple patterns",
              "fullTitle": "patternToRE should match valid modules with multiple patterns",
              "timedOut": false,
              "duration": 71,
              "state": "passed",
              "speed": "medium",
              "pass": true,
              "fail": false,
              "pending": false,
              "context": "[\n  {\n    \"title\": \"patternExampleListArray sample 0\",\n    \"value\": [\n      [\n        \"URMx\",\n        [\n          \"URM3\",\n          \"URM8\",\n          \"URM9\",\n          \"URM0\",\n          \"URM7\",\n          \"URM5\",\n          \"URM1\",\n          \"URM4\",\n          \"URM6\"\n        ]\n      ],\n      [\n        \"XIG87\",\n        [\n          \"XIG87\"\n        ]\n      ]\n    ]\n  },\n  {\n    \"title\": \"patternExampleListArray sample 1\",\n    \"value\": [\n      [\n        \"PWX51\",\n        [\n          \"PWX51\"\n        ]\n      ],\n      [\n        \"GO4620\",\n        [\n          \"GO4620\"\n        ]\n      ],\n      [\n        \"GCxx\",\n        [\n          \"GC10\",\n          \"GC96\",\n          \"GC24\",\n          \"GC68\",\n          \"GC91\",\n          \"GC33\",\n          \"GC03\",\n          \"GC55\",\n          \"GC74\",\n          \"GC56\",\n          \"GC67\"\n        ]\n      ],\n      [\n        \"JF1\",\n        [\n          \"JF1\"\n        ]\n      ],\n      [\n        \"QC**85\",\n        [\n          \"QC2Y2J0PZBJRVJ7T85\",\n          \"QCOZ485\"\n        ]\n      ]\n    ]\n  },\n  {\n    \"title\": \"patternExampleListArray sample 2\",\n    \"value\": [\n      [\n        \"GV2R\",\n        [\n          \"GV2R\"\n        ]\n      ],\n      [\n        \"AR51\",\n        [\n          \"AR51\"\n        ]\n      ],\n      [\n        \"GY3*\",\n        [\n          \"GY3TRIU\",\n          \"GY3\",\n          \"GY3FX\",\n          \"GY382N97\"\n        ]\n      ],\n      [\n        \"FQ03G\",\n        [\n          \"FQ03G\"\n        ]\n      ],\n      [\n        \"TLT4038A\",\n        [\n          \"TLT4038A\"\n        ]\n      ],\n      [\n        \"JG5110\",\n        [\n          \"JG5110\"\n        ]\n      ],\n      [\n        \"BF76G\",\n        [\n          \"BF76G\"\n        ]\n      ],\n      [\n        \"UT3\",\n        [\n          \"UT3\"\n        ]\n      ]\n    ]\n  },\n  {\n    \"title\": \"patternExampleListArray sample 3\",\n    \"value\": [\n      [\n        \"ZWS57A\",\n        [\n          \"ZWS57A\"\n        ]\n      ]\n    ]\n  },\n  {\n    \"title\": \"patternExampleListArray sample 4\",\n    \"value\": [\n      [\n        \"CES1\",\n        [\n          \"CES1\"\n        ]\n      ],\n      [\n        \"KD*\",\n        [\n          \"KDNR7\",\n          \"KDC8LH4\",\n          \"KDB128G7YA\",\n          \"KD\",\n          \"KDYNC\",\n          \"KDO572EOM\",\n          \"KDG1370S\",\n          \"KDM54O\",\n          \"KDRJAEI\"\n        ]\n      ],\n      [\n        \"OLI170\",\n        [\n          \"OLI170\"\n        ]\n      ],\n      [\n        \"QSH07\",\n        [\n          \"QSH07\"\n        ]\n      ]\n    ]\n  },\n  {\n    \"title\": \"patternExampleListArray sample 5\",\n    \"value\": [\n      [\n        \"ZW*\",\n        [\n          \"ZWJY1\",\n          \"ZWVG5Y4\",\n          \"ZWBQOW7\",\n          \"ZWELO\",\n          \"ZW3PZ\",\n          \"ZW\",\n          \"ZWLCWNSY\",\n          \"ZWV4JBOBP\",\n          \"ZWUZ4\",\n          \"ZW7LNWZP\",\n          \"ZWZDQ97SC\",\n          \"ZWGVYBI\"\n        ]\n      ]\n    ]\n  },\n  {\n    \"title\": \"patternExampleListArray sample 6\",\n    \"value\": [\n      [\n        \"ABT*3H\",\n        [\n          \"ABTJ2C3H\",\n          \"ABTGT73H\",\n          \"ABTI93H\",\n          \"ABTIQRY883H\",\n          \"ABTY75DOX03H\",\n          \"ABTDM9TAN3H\",\n          \"ABTHRPDF2BR3H\",\n          \"ABTKIE73H\"\n        ]\n      ],\n      [\n        \"IB06*H\",\n        [\n          \"IB06H\",\n          \"IB06NOBRH\",\n          \"IB069H\",\n          \"IB06N9H\",\n          \"IB06EH\",\n          \"IB06TWYSAMUCH\"\n        ]\n      ],\n      [\n        \"MX6V\",\n        [\n          \"MX6V\"\n        ]\n      ],\n      [\n        \"WQL31\",\n        [\n          \"WQL31\"\n        ]\n      ],\n      [\n        \"GHO887\",\n        [\n          \"GHO887\"\n        ]\n      ],\n      [\n        \"DS3O\",\n        [\n          \"DS3O\"\n        ]\n      ],\n      [\n        \"NH60\",\n        [\n          \"NH60\"\n        ]\n      ],\n      [\n        \"QFKxX\",\n        [\n          \"QFK8X\",\n          \"QFK3X\"\n        ]\n      ],\n      [\n        \"XA14xS\",\n        [\n          \"XA147S\",\n          \"XA145S\",\n          \"XA143S\",\n          \"XA142S\",\n          \"XA141S\",\n          \"XA144S\",\n          \"XA148S\",\n          \"XA146S\",\n          \"XA140S\"\n        ]\n      ]\n    ]\n  },\n  {\n    \"title\": \"patternExampleListArray sample 7\",\n    \"value\": [\n      [\n        \"OPM104F\",\n        [\n          \"OPM104F\"\n        ]\n      ],\n      [\n        \"RI*5\",\n        [\n          \"RIB5\"\n        ]\n      ],\n      [\n        \"QUD6J\",\n        [\n          \"QUD6J\"\n        ]\n      ],\n      [\n        \"HDP804\",\n        [\n          \"HDP804\"\n        ]\n      ],\n      [\n        \"ISH3*\",\n        [\n          \"ISH3GON90\",\n          \"ISH3\",\n          \"ISH3VYUXYRI\",\n          \"ISH3KTKCBK\"\n        ]\n      ]\n    ]\n  },\n  {\n    \"title\": \"patternExampleListArray sample 8\",\n    \"value\": [\n      [\n        \"QE7F\",\n        [\n          \"QE7F\"\n        ]\n      ],\n      [\n        \"HWO83*3\",\n        [\n          \"HWO833\",\n          \"HWO83VKE3\",\n          \"HWO836BIBD3\"\n        ]\n      ]\n    ]\n  },\n  {\n    \"title\": \"patternExampleListArray sample 9\",\n    \"value\": [\n      [\n        \"VSX243H\",\n        [\n          \"VSX243H\"\n        ]\n      ],\n      [\n        \"NMAx\",\n        [\n          \"NMA8\",\n          \"NMA6\",\n          \"NMA7\",\n          \"NMA5\",\n          \"NMA9\",\n          \"NMA2\",\n          \"NMA3\",\n          \"NMA0\",\n          \"NMA4\"\n        ]\n      ],\n      [\n        \"BNE016X\",\n        [\n          \"BNE016X\"\n        ]\n      ]\n    ]\n  }\n]",
              "code": "const patternExampleListArray = fast_check_1.array(index_test_1.patternExampleList, { minLength: 1 });\nfast_check_1.sample(patternExampleListArray, 10).forEach((sample, i) => addContext_1.default(this, {\n    title: `patternExampleListArray sample ${i}`,\n    value: sample,\n}));\nreturn fast_check_1.assert(fast_check_1.property(patternExampleListArray, (ts) => {\n    const re = _1.patternToRE(...ts.map(([patternStr]) => patternStr));\n    return ts\n        .map(([, examples]) => examples)\n        .flat()\n        .every(re.test.bind(re));\n}));",
              "err": {},
              "uuid": "2c81d8f8-3048-47fd-8e09-6e36663331d1",
              "parentUUID": "8cf3eaba-c486-40a2-a42b-f99b893a66d7",
              "isHook": false,
              "skipped": false
            },
            {
              "title": "should not match x to non-number",
              "fullTitle": "patternToRE should not match x to non-number",
              "timedOut": false,
              "duration": 0,
              "state": "passed",
              "speed": "fast",
              "pass": true,
              "fail": false,
              "pending": false,
              "context": null,
              "code": "const re = _1.patternToRE(\"x\");\n[\"A\", \"Z\", \"c\", \"#\"].forEach((example) => isInvalidExample(re, example));",
              "err": {},
              "uuid": "2db13739-a196-4d19-80e2-3c07eae8cd3c",
              "parentUUID": "8cf3eaba-c486-40a2-a42b-f99b893a66d7",
              "isHook": false,
              "skipped": false
            },
            {
              "title": "should not match * to a substring composed of characters other than A-Z and 0-9",
              "fullTitle": "patternToRE should not match * to a substring composed of characters other than A-Z and 0-9",
              "timedOut": false,
              "duration": 1,
              "state": "passed",
              "speed": "fast",
              "pass": true,
              "fail": false,
              "pending": false,
              "context": null,
              "code": "const re = _1.patternToRE(\"*\");\n[\"c\", \"Ac\", \"cA\", \"0Ax\", \"x0A\", \"BA#\", \"#AB\"].forEach((example) => isInvalidExample(re, example));",
              "err": {},
              "uuid": "e62ef158-e0ef-4dcc-9073-a3f6662317d1",
              "parentUUID": "8cf3eaba-c486-40a2-a42b-f99b893a66d7",
              "isHook": false,
              "skipped": false
            },
            {
              "title": "should not match substrings",
              "fullTitle": "patternToRE should not match substrings",
              "timedOut": false,
              "duration": 0,
              "state": "passed",
              "speed": "fast",
              "pass": true,
              "fail": false,
              "pending": false,
              "context": null,
              "code": "const re = _1.patternToRE(\"A*xC\");\n[\"A1CZ\", \"AC1CZ\", \"ZA1C\", \"ZAC1C\", \"ZA1CZ\", \"ZAC1CZ\"].forEach((example) => isInvalidExample(re, example));",
              "err": {},
              "uuid": "05422bfa-6f39-4d34-abff-382887247821",
              "parentUUID": "8cf3eaba-c486-40a2-a42b-f99b893a66d7",
              "isHook": false,
              "skipped": false
            }
          ],
          "suites": [],
          "passes": [
            "7970bcdf-cc29-4d50-8bc9-03d6cb57e41a",
            "2c81d8f8-3048-47fd-8e09-6e36663331d1",
            "2db13739-a196-4d19-80e2-3c07eae8cd3c",
            "e62ef158-e0ef-4dcc-9073-a3f6662317d1",
            "05422bfa-6f39-4d34-abff-382887247821"
          ],
          "failures": [],
          "pending": [],
          "skipped": [],
          "duration": 90,
          "root": false,
          "rootEmpty": false,
          "_timeout": 2000
        },
        {
          "uuid": "4ed0e841-a5f9-45b6-8d0a-39c0697606ec",
          "title": "patternSatisfier",
          "fullFile": "/home/runner/work/planwithus-lib/planwithus-lib/src/matchRule/pattern/satisfiers.test.ts",
          "file": "/src/matchRule/pattern/satisfiers.test.ts",
          "beforeHooks": [],
          "afterHooks": [],
          "tests": [
            {
              "title": "should assign all modules with *",
              "fullTitle": "patternSatisfier should assign all modules with *",
              "timedOut": false,
              "duration": 1,
              "state": "passed",
              "speed": "fast",
              "pass": true,
              "fail": false,
              "pending": false,
              "context": null,
              "code": "const { assign } = satisfiers_1.patternSatisfier(ref, \"*\");\nisCorrectAssign(assign, modulesList1, modulesList1.map(([moduleStr]) => moduleStr));",
              "err": {},
              "uuid": "34a8707d-978a-4e9d-9366-1c25041ca685",
              "parentUUID": "4ed0e841-a5f9-45b6-8d0a-39c0697606ec",
              "isHook": false,
              "skipped": false
            },
            {
              "title": "should assign only valid modules with pattern containing *",
              "fullTitle": "patternSatisfier should assign only valid modules with pattern containing *",
              "timedOut": false,
              "duration": 0,
              "state": "passed",
              "speed": "fast",
              "pass": true,
              "fail": false,
              "pending": false,
              "context": null,
              "code": "const { assign } = satisfiers_1.patternSatisfier(ref, \"CS2*\");\nisCorrectAssign(assign, modulesList1, [\"CS2100\", \"CS2040S\", \"CS2030\"]);",
              "err": {},
              "uuid": "7fad9898-eaac-4bc5-ac4d-6b5776e4b73d",
              "parentUUID": "4ed0e841-a5f9-45b6-8d0a-39c0697606ec",
              "isHook": false,
              "skipped": false
            },
            {
              "title": "should assign only valid modules with pattern containing x",
              "fullTitle": "patternSatisfier should assign only valid modules with pattern containing x",
              "timedOut": false,
              "duration": 1,
              "state": "passed",
              "speed": "fast",
              "pass": true,
              "fail": false,
              "pending": false,
              "context": null,
              "code": "const { assign } = satisfiers_1.patternSatisfier(ref, \"CS20xx\");\nisCorrectAssign(assign, modulesList1, [\"CS2030\"]);",
              "err": {},
              "uuid": "34e9670d-a367-4ab5-a6c7-471a6cc5aee9",
              "parentUUID": "4ed0e841-a5f9-45b6-8d0a-39c0697606ec",
              "isHook": false,
              "skipped": false
            },
            {
              "title": "should assign only valid modules with pattern containing x and *",
              "fullTitle": "patternSatisfier should assign only valid modules with pattern containing x and *",
              "timedOut": false,
              "duration": 0,
              "state": "passed",
              "speed": "fast",
              "pass": true,
              "fail": false,
              "pending": false,
              "context": null,
              "code": "const { assign } = satisfiers_1.patternSatisfier(ref, \"CS20xx*\");\nisCorrectAssign(assign, modulesList1, [\"CS2040S\", \"CS2030\"]);",
              "err": {},
              "uuid": "8eda2aea-6215-47fa-bd67-6ffbf9f160eb",
              "parentUUID": "4ed0e841-a5f9-45b6-8d0a-39c0697606ec",
              "isHook": false,
              "skipped": false
            }
          ],
          "suites": [],
          "passes": [
            "34a8707d-978a-4e9d-9366-1c25041ca685",
            "7fad9898-eaac-4bc5-ac4d-6b5776e4b73d",
            "34e9670d-a367-4ab5-a6c7-471a6cc5aee9",
            "8eda2aea-6215-47fa-bd67-6ffbf9f160eb"
          ],
          "failures": [],
          "pending": [],
          "skipped": [],
          "duration": 2,
          "root": false,
          "rootEmpty": false,
          "_timeout": 2000
        },
        {
          "uuid": "17ec37d3-589a-47cc-8f17-595db2edc411",
          "title": "patternSchema",
          "fullFile": "/home/runner/work/planwithus-lib/planwithus-lib/src/matchRule/pattern/schemas.test.ts",
          "file": "/src/matchRule/pattern/schemas.test.ts",
          "beforeHooks": [],
          "afterHooks": [],
          "tests": [
            {
              "title": "should validate non-empty pattern composed of A-Z, 0-9, x or *",
              "fullTitle": "patternSchema should validate non-empty pattern composed of A-Z, 0-9, x or *",
              "timedOut": false,
              "duration": 2,
              "state": "passed",
              "speed": "fast",
              "pass": true,
              "fail": false,
              "pending": false,
              "context": "[\n  {\n    \"title\": \"pattern sample 0\",\n    \"value\": \"KP10\"\n  },\n  {\n    \"title\": \"pattern sample 1\",\n    \"value\": \"UH3\"\n  },\n  {\n    \"title\": \"pattern sample 2\",\n    \"value\": \"TA*1F\"\n  },\n  {\n    \"title\": \"pattern sample 3\",\n    \"value\": \"CZ*9\"\n  },\n  {\n    \"title\": \"pattern sample 4\",\n    \"value\": \"HN900\"\n  },\n  {\n    \"title\": \"pattern sample 5\",\n    \"value\": \"WG7*87\"\n  },\n  {\n    \"title\": \"pattern sample 6\",\n    \"value\": \"ZK573B\"\n  },\n  {\n    \"title\": \"pattern sample 7\",\n    \"value\": \"VF*7\"\n  },\n  {\n    \"title\": \"pattern sample 8\",\n    \"value\": \"CE7D\"\n  },\n  {\n    \"title\": \"pattern sample 9\",\n    \"value\": \"DP61\"\n  }\n]",
              "code": "fast_check_1.sample(index_test_2.pattern, 10).forEach((sample, i) => addContext_1.default(this, {\n    title: `pattern sample ${i}`,\n    value: sample,\n}));\nreturn fast_check_1.assert(fast_check_1.property(index_test_2.pattern, ajvValidate), {\n    examples: [[\"*\"], [\"ACC1002\"], [\"IS1103\"], [\"CS1231S\"], [\"MA1102R\"]],\n});",
              "err": {},
              "uuid": "eb878207-25b5-4c38-af0c-b7e4ef94a9e6",
              "parentUUID": "17ec37d3-589a-47cc-8f17-595db2edc411",
              "isHook": false,
              "skipped": false
            },
            {
              "title": "should not validate empty pattern",
              "fullTitle": "patternSchema should not validate empty pattern",
              "timedOut": false,
              "duration": 1,
              "state": "passed",
              "speed": "fast",
              "pass": true,
              "fail": false,
              "pending": false,
              "context": null,
              "code": "isInvalidPattern(\"\")",
              "err": {},
              "uuid": "f363a3c1-85c4-4747-a869-38ac2859d33b",
              "parentUUID": "17ec37d3-589a-47cc-8f17-595db2edc411",
              "isHook": false,
              "skipped": false
            },
            {
              "title": "should not validate pattern with invalid characters",
              "fullTitle": "patternSchema should not validate pattern with invalid characters",
              "timedOut": false,
              "duration": 1,
              "state": "passed",
              "speed": "fast",
              "pass": true,
              "fail": false,
              "pending": false,
              "context": null,
              "code": "[\"AB123a\", \"Ac123a\", \"AB123^S\", \"AB1*3^S\", \"$A1*3^S\", \"/A1x33S\"].forEach(isInvalidPattern)",
              "err": {},
              "uuid": "aebed410-baf2-4f1b-8564-7a5db64fbd43",
              "parentUUID": "17ec37d3-589a-47cc-8f17-595db2edc411",
              "isHook": false,
              "skipped": false
            }
          ],
          "suites": [],
          "passes": [
            "eb878207-25b5-4c38-af0c-b7e4ef94a9e6",
            "f363a3c1-85c4-4747-a869-38ac2859d33b",
            "aebed410-baf2-4f1b-8564-7a5db64fbd43"
          ],
          "failures": [],
          "pending": [],
          "skipped": [],
          "duration": 4,
          "root": false,
          "rootEmpty": false,
          "_timeout": 2000
        },
        {
          "uuid": "f6b62fc2-bee8-43e0-9c93-4521cba61817",
          "title": "patternMatchRuleSatisfier",
          "fullFile": "/home/runner/work/planwithus-lib/planwithus-lib/src/matchRule/satisfiers.test.ts",
          "file": "/src/matchRule/satisfiers.test.ts",
          "beforeHooks": [],
          "afterHooks": [],
          "tests": [
            {
              "title": "should assign only valid modules with pattern match rule containing no exclude patterns",
              "fullTitle": "patternMatchRuleSatisfier should assign only valid modules with pattern match rule containing no exclude patterns",
              "timedOut": false,
              "duration": 1,
              "state": "passed",
              "speed": "fast",
              "pass": true,
              "fail": false,
              "pending": false,
              "context": null,
              "code": "const { assign } = satisfiers_1.patternMatchRuleSatisfier(ref, { pattern: \"CS1xxx*\" });\nisCorrectAssign(assign, modulesList1, [\"CS1231\", \"CS1231S\"]);",
              "err": {},
              "uuid": "ea0f879e-75af-4759-9a19-8174ac088112",
              "parentUUID": "f6b62fc2-bee8-43e0-9c93-4521cba61817",
              "isHook": false,
              "skipped": false
            },
            {
              "title": "should assign only valid modules with pattern match rule containing an exclude pattern",
              "fullTitle": "patternMatchRuleSatisfier should assign only valid modules with pattern match rule containing an exclude pattern",
              "timedOut": false,
              "duration": 1,
              "state": "passed",
              "speed": "fast",
              "pass": true,
              "fail": false,
              "pending": false,
              "context": null,
              "code": "const { assign } = satisfiers_1.patternMatchRuleSatisfier(ref, {\n    pattern: \"MA1xxx*\",\n    exclude: \"MA15xx\",\n});\nisCorrectAssign(assign, modulesList1, [\n    \"MA1100\",\n    \"MA1101R\",\n    \"MA1102R\",\n    \"MA1511A\",\n]);",
              "err": {},
              "uuid": "d21fe60a-c286-41be-ac7f-f8e19e383a79",
              "parentUUID": "f6b62fc2-bee8-43e0-9c93-4521cba61817",
              "isHook": false,
              "skipped": false
            },
            {
              "title": "should assign only valid modules with pattern match rule containing multiple exclude patterns",
              "fullTitle": "patternMatchRuleSatisfier should assign only valid modules with pattern match rule containing multiple exclude patterns",
              "timedOut": false,
              "duration": 0,
              "state": "passed",
              "speed": "fast",
              "pass": true,
              "fail": false,
              "pending": false,
              "context": null,
              "code": "const { assign } = satisfiers_1.patternMatchRuleSatisfier(ref, {\n    pattern: \"MA*\",\n    exclude: [\"MA151x*\", \"MA2xxx\"],\n});\nisCorrectAssign(assign, modulesList1, [\n    \"MA1100\",\n    \"MA1101R\",\n    \"MA1102R\",\n    \"MA1507\",\n    \"MA1521\",\n    \"MA2101S\",\n]);",
              "err": {},
              "uuid": "f3094b7d-d52e-40ce-b905-1edd7ed30062",
              "parentUUID": "f6b62fc2-bee8-43e0-9c93-4521cba61817",
              "isHook": false,
              "skipped": false
            }
          ],
          "suites": [],
          "passes": [
            "ea0f879e-75af-4759-9a19-8174ac088112",
            "d21fe60a-c286-41be-ac7f-f8e19e383a79",
            "f3094b7d-d52e-40ce-b905-1edd7ed30062"
          ],
          "failures": [],
          "pending": [],
          "skipped": [],
          "duration": 2,
          "root": false,
          "rootEmpty": false,
          "_timeout": 2000
        },
        {
          "uuid": "3cb61eaf-5dca-476d-8fcc-13e7668572f4",
          "title": "matchRuleSchema",
          "fullFile": "/home/runner/work/planwithus-lib/planwithus-lib/src/matchRule/schemas.test.ts",
          "file": "/src/matchRule/schemas.test.ts",
          "beforeHooks": [],
          "afterHooks": [],
          "tests": [
            {
              "title": "should validate match rule with valid pattern",
              "fullTitle": "matchRuleSchema should validate match rule with valid pattern",
              "timedOut": false,
              "duration": 1,
              "state": "passed",
              "speed": "fast",
              "pass": true,
              "fail": false,
              "pending": false,
              "context": "[\n  {\n    \"title\": \"pattern sample 0\",\n    \"value\": \"PC00\"\n  },\n  {\n    \"title\": \"pattern sample 1\",\n    \"value\": \"AV4\"\n  },\n  {\n    \"title\": \"pattern sample 2\",\n    \"value\": \"MDx0\"\n  },\n  {\n    \"title\": \"pattern sample 3\",\n    \"value\": \"GUS3781\"\n  },\n  {\n    \"title\": \"pattern sample 4\",\n    \"value\": \"QKxY\"\n  },\n  {\n    \"title\": \"pattern sample 5\",\n    \"value\": \"NRCx\"\n  },\n  {\n    \"title\": \"pattern sample 6\",\n    \"value\": \"GTR3436\"\n  },\n  {\n    \"title\": \"pattern sample 7\",\n    \"value\": \"VC*1\"\n  },\n  {\n    \"title\": \"pattern sample 8\",\n    \"value\": \"OKK5\"\n  },\n  {\n    \"title\": \"pattern sample 9\",\n    \"value\": \"SXH9xN\"\n  }\n]",
              "code": "fast_check_1.sample(index_test_3.pattern, 10).forEach((sample, i) => addContext_1.default(this, {\n    title: `pattern sample ${i}`,\n    value: sample,\n}));\nreturn fast_check_1.assert(fast_check_1.property(index_test_3.pattern, ajvValidate));",
              "err": {},
              "uuid": "5f70d349-ea5d-4a8e-b9d3-185de5822470",
              "parentUUID": "3cb61eaf-5dca-476d-8fcc-13e7668572f4",
              "isHook": false,
              "skipped": false
            },
            {
              "title": "should validate match rules with valid pattern, exclude and info",
              "fullTitle": "matchRuleSchema should validate match rules with valid pattern, exclude and info",
              "timedOut": false,
              "duration": 4,
              "state": "passed",
              "speed": "fast",
              "pass": true,
              "fail": false,
              "pending": false,
              "context": "[\n  {\n    \"title\": \"patternMatchRule sample 0\",\n    \"value\": {\n      \"pattern\": \"GOB7*02L\",\n      \"exclude\": \"LA74*\",\n      \"info\": \"%\"\n    }\n  },\n  {\n    \"title\": \"patternMatchRule sample 1\",\n    \"value\": {\n      \"pattern\": \"HS5\",\n      \"exclude\": \"FO51*\",\n      \"info\": \"lB{!+cpJi~\"\n    }\n  },\n  {\n    \"title\": \"patternMatchRule sample 2\",\n    \"value\": {\n      \"pattern\": \"MWI85x2B\",\n      \"exclude\": \"TN5616\"\n    }\n  },\n  {\n    \"title\": \"patternMatchRule sample 3\",\n    \"value\": {\n      \"pattern\": \"QSM70E\",\n      \"exclude\": \"NH58U\",\n      \"info\": \"\\\"17C>\"\n    }\n  },\n  {\n    \"title\": \"patternMatchRule sample 4\",\n    \"value\": {\n      \"pattern\": \"FC41*5\",\n      \"exclude\": \"XGB0x58\",\n      \"info\": \"c\"\n    }\n  },\n  {\n    \"title\": \"patternMatchRule sample 5\",\n    \"value\": {\n      \"pattern\": \"OM67Z\",\n      \"exclude\": \"PJ1E\",\n      \"info\": \"\"\n    }\n  },\n  {\n    \"title\": \"patternMatchRule sample 6\",\n    \"value\": {\n      \"pattern\": \"JF9*\",\n      \"exclude\": \"TY71xI\",\n      \"info\": \"Zd3X\"\n    }\n  },\n  {\n    \"title\": \"patternMatchRule sample 7\",\n    \"value\": {\n      \"pattern\": \"OMW9Y\",\n      \"exclude\": \"WC6\",\n      \"info\": \"\"\n    }\n  },\n  {\n    \"title\": \"patternMatchRule sample 8\",\n    \"value\": {\n      \"pattern\": \"BM838\",\n      \"info\": \"z\"\n    }\n  },\n  {\n    \"title\": \"patternMatchRule sample 9\",\n    \"value\": {\n      \"pattern\": \"FXV900O\",\n      \"exclude\": [\n        \"AJG145J\",\n        \"PKB9P\"\n      ],\n      \"info\": \"$b!\"\n    }\n  }\n]",
              "code": "fast_check_1.sample(index_test_2.patternMatchRule, 10).forEach((sample, i) => addContext_1.default(this, {\n    title: `patternMatchRule sample ${i}`,\n    value: sample,\n}));\nreturn fast_check_1.assert(fast_check_1.property(index_test_2.patternMatchRule, ajvValidate));",
              "err": {},
              "uuid": "ad4ca4e9-dc5f-443e-8127-bcb16e1ae2e7",
              "parentUUID": "3cb61eaf-5dca-476d-8fcc-13e7668572f4",
              "isHook": false,
              "skipped": false
            },
            {
              "title": "should validate valid recursive match rules",
              "fullTitle": "matchRuleSchema should validate valid recursive match rules",
              "timedOut": false,
              "duration": 8,
              "state": "passed",
              "speed": "fast",
              "pass": true,
              "fail": false,
              "pending": false,
              "context": "[\n  {\n    \"title\": \"matchRule sample 0\",\n    \"value\": {\n      \"and\": [\n        {\n          \"pattern\": \"GEK*3P\",\n          \"exclude\": [\n            \"QJA097\",\n            \"LUWx2T\",\n            \"YU0200N\",\n            \"NG6D\"\n          ],\n          \"info\": \"_2\"\n        },\n        {\n          \"or\": [\n            \"IV25\",\n            \"KWU5\",\n            {\n              \"pattern\": \"CO*x3\",\n              \"exclude\": \"ZN*652\",\n              \"info\": \"!We0@F\"\n            },\n            \"DVxL\",\n            \"RSR9R\"\n          ]\n        }\n      ]\n    }\n  },\n  {\n    \"title\": \"matchRule sample 1\",\n    \"value\": {\n      \"or\": [\n        {\n          \"or\": [\n            \"KSLx49\",\n            \"OER2\"\n          ]\n        },\n        {\n          \"or\": [\n            \"RWG48\",\n            {\n              \"pattern\": \"PF6370C\",\n              \"exclude\": [\n                \"TZxR\"\n              ],\n              \"info\": \"0f5.,S?\"\n            },\n            {\n              \"or\": [\n                \"ZID674*\",\n                \"ULx*2A\",\n                \"XJ3**4\",\n                {\n                  \"or\": [\n                    \"SVQ738Z\"\n                  ]\n                },\n                \"XH33\"\n              ]\n            },\n            \"OO0239\"\n          ]\n        },\n        \"JI0901\",\n        {\n          \"pattern\": \"IQNxx33\",\n          \"exclude\": \"TP38*2I\"\n        },\n        {\n          \"or\": []\n        }\n      ]\n    }\n  },\n  {\n    \"title\": \"matchRule sample 2\",\n    \"value\": {\n      \"and\": [\n        {\n          \"and\": [\n            \"RI12H\",\n            \"QEM**71\",\n            {\n              \"pattern\": \"EIH254\",\n              \"exclude\": \"OY2*\",\n              \"info\": \">OZi[`F<\"\n            },\n            \"QYE494x\"\n          ]\n        }\n      ]\n    }\n  },\n  {\n    \"title\": \"matchRule sample 3\",\n    \"value\": {\n      \"or\": [\n        {\n          \"or\": []\n        },\n        \"DS92\",\n        \"MX8\",\n        {\n          \"pattern\": \"SG09\",\n          \"exclude\": \"UV3882S\",\n          \"info\": \"DH$[>aF<\"\n        },\n        {\n          \"pattern\": \"ZK0D\",\n          \"exclude\": [],\n          \"info\": \"\"\n        }\n      ]\n    }\n  },\n  {\n    \"title\": \"matchRule sample 4\",\n    \"value\": {\n      \"and\": [\n        {\n          \"and\": [\n            \"SO624X\",\n            {\n              \"pattern\": \"RYK52*\",\n              \"exclude\": \"BQW6207\",\n              \"info\": \"TULd|~XQ7U\"\n            }\n          ]\n        },\n        {\n          \"pattern\": \"UQI1X\",\n          \"exclude\": [\n            \"IGD8\",\n            \"BOT0T\",\n            \"XC*141\",\n            \"NT2xx4\",\n            \"ZZx\"\n          ],\n          \"info\": \"Y0G\"\n        },\n        {\n          \"and\": []\n        },\n        {\n          \"and\": [\n            \"NP44x8\",\n            {\n              \"pattern\": \"WF49C\",\n              \"exclude\": [\n                \"VM0Y\",\n                \"QEN6\",\n                \"RAx9\",\n                \"PVZ8**4K\"\n              ],\n              \"info\": \"y%E?DE\"\n            },\n            {\n              \"or\": []\n            }\n          ]\n        },\n        {\n          \"pattern\": \"JD831*\",\n          \"exclude\": \"CKE9077G\",\n          \"info\": \"xFb0vz\"\n        }\n      ]\n    }\n  },\n  {\n    \"title\": \"matchRule sample 5\",\n    \"value\": \"NF53V\"\n  },\n  {\n    \"title\": \"matchRule sample 6\",\n    \"value\": \"HRY352\"\n  },\n  {\n    \"title\": \"matchRule sample 7\",\n    \"value\": {\n      \"and\": [\n        {\n          \"pattern\": \"RQ04x\",\n          \"exclude\": [\n            \"DAB1x74Q\",\n            \"JSO4A\"\n          ],\n          \"info\": \"f;`pU<\"\n        },\n        {\n          \"pattern\": \"TG3*\",\n          \"exclude\": \"SNB1x\",\n          \"info\": \" !\"\n        },\n        {\n          \"and\": [\n            \"OZ3155\",\n            \"GPH99\"\n          ]\n        },\n        {\n          \"and\": [\n            \"QRT0\",\n            {\n              \"pattern\": \"NSU593K\",\n              \"exclude\": \"VX5387\",\n              \"info\": \"\"\n            },\n            \"HE146xJ\",\n            {\n              \"or\": [\n                {\n                  \"and\": [\n                    \"YPS08xP\",\n                    {\n                      \"pattern\": \"HK65V\",\n                      \"exclude\": \"ZK6x54\",\n                      \"info\": \"pJw4\"\n                    },\n                    \"IED653\",\n                    {\n                      \"and\": [\n                        \"NFX2*x3\",\n                        \"GKVxxW\",\n                        \"ES4\",\n                        {\n                          \"pattern\": \"RP50\",\n                          \"exclude\": \"AUT781F\",\n                          \"info\": \"U`=Vr8GEES\"\n                        },\n                        \"XXFx1x8\"\n                      ]\n                    },\n                    \"FZ5*1V\"\n                  ]\n                },\n                \"WV02xH\"\n              ]\n            },\n            {\n              \"pattern\": \"KTL91xV\",\n              \"exclude\": \"LW50Z\",\n              \"info\": \"w\"\n            }\n          ]\n        },\n        {\n          \"and\": []\n        }\n      ]\n    }\n  },\n  {\n    \"title\": \"matchRule sample 8\",\n    \"value\": {\n      \"pattern\": \"VJ5x\",\n      \"exclude\": [\n        \"ICO497\",\n        \"HUC776G\",\n        \"UVJ39S\",\n        \"SN*172\",\n        \"DXH9\"\n      ],\n      \"info\": \"@).dfb\"\n    }\n  },\n  {\n    \"title\": \"matchRule sample 9\",\n    \"value\": {\n      \"pattern\": \"DL*L\",\n      \"exclude\": \"EOE42C\"\n    }\n  }\n]",
              "code": "fast_check_1.sample(index_test_2.matchRule, 10).forEach((sample, i) => addContext_1.default(this, {\n    title: `matchRule sample ${i}`,\n    value: sample,\n}));\nreturn fast_check_1.assert(fast_check_1.property(index_test_2.matchRule, ajvValidate));",
              "err": {},
              "uuid": "77e63fce-f89b-4530-bcff-1890df06f908",
              "parentUUID": "3cb61eaf-5dca-476d-8fcc-13e7668572f4",
              "isHook": false,
              "skipped": false
            },
            {
              "title": "should not validate non-string/object",
              "fullTitle": "matchRuleSchema should not validate non-string/object",
              "timedOut": false,
              "duration": 1,
              "state": "passed",
              "speed": "fast",
              "pass": true,
              "fail": false,
              "pending": false,
              "context": null,
              "code": "const error = {\n    instancePath: \"\",\n    message: \"match rule should be either a string or an object\",\n};\nisInvalidRule(null, error);\nisInvalidRule(undefined, error);\nisInvalidRule(10, error);\nisInvalidRule([12, 24], error);",
              "err": {},
              "uuid": "581bdf70-3e42-4e51-9be2-b2c7ce749009",
              "parentUUID": "3cb61eaf-5dca-476d-8fcc-13e7668572f4",
              "isHook": false,
              "skipped": false
            },
            {
              "title": "should not validate match rules with extra properties",
              "fullTitle": "matchRuleSchema should not validate match rules with extra properties",
              "timedOut": false,
              "duration": 1,
              "state": "passed",
              "speed": "fast",
              "pass": true,
              "fail": false,
              "pending": false,
              "context": null,
              "code": "isInvalidRule({\n        and: [{ or: [{ pattern: \"CS2103T\", info2: \"foobar\" }], abc: \"def\" }],\n        mno: \"pqr\",\n    }, {\n        instancePath: \"/and/0/or/0\",\n        message: \"pattern match rule should have properties 'pattern', 'exclude' (optional) and 'info' (optional) only\",\n    }, {\n        instancePath: \"/and/0\",\n        message: \"or match rule should have property 'or' only\",\n    }, {\n        instancePath: \"\",\n        message: \"and match rule should have property 'and' only\",\n    })",
              "err": {},
              "uuid": "c26b59ce-e762-4e10-b73b-1da72e4545c2",
              "parentUUID": "3cb61eaf-5dca-476d-8fcc-13e7668572f4",
              "isHook": false,
              "skipped": false
            },
            {
              "title": "should not validate ambiguous match rules",
              "fullTitle": "matchRuleSchema should not validate ambiguous match rules",
              "timedOut": false,
              "duration": 0,
              "state": "passed",
              "speed": "fast",
              "pass": true,
              "fail": false,
              "pending": false,
              "context": null,
              "code": "const message = \"match rule should have only one of properties 'pattern', 'and', 'or'\";\nisInvalidRule({\n    or: [\n        { pattern: \"CS1231\", and: [] },\n        { pattern: \"CS1231\", or: [] },\n        { and: [{ and: [\"abc\"], or: [\"def\"] }] },\n    ],\n}, { instancePath: \"/or/0\", message }, { instancePath: \"/or/1\", message }, { instancePath: \"/or/2/and/0\", message });",
              "err": {},
              "uuid": "264ef495-812f-4248-80f5-53f34be5d7a9",
              "parentUUID": "3cb61eaf-5dca-476d-8fcc-13e7668572f4",
              "isHook": false,
              "skipped": false
            },
            {
              "title": "should not validate pattern match rule with invalid patterns",
              "fullTitle": "matchRuleSchema should not validate pattern match rule with invalid patterns",
              "timedOut": false,
              "duration": 0,
              "state": "passed",
              "speed": "fast",
              "pass": true,
              "fail": false,
              "pending": false,
              "context": null,
              "code": "const message = \"pattern should be a non-empty string composed of A-Z, 0-9, x or *\";\nisInvalidRule({\n    and: [\n        \"CS210c\",\n        { pattern: \"CS2100\", exclude: \"CS1231s\" },\n        { pattern: \"CS210#T\", exclude: [\"CS1231\", \"CS21%\"] },\n    ],\n}, { instancePath: \"/and/0\", message }, { instancePath: \"/and/1/exclude\", message }, { instancePath: \"/and/2/pattern\", message }, { instancePath: \"/and/2/exclude/1\", message });",
              "err": {},
              "uuid": "aef8b2f0-1073-4e65-86e3-a2d968604fb8",
              "parentUUID": "3cb61eaf-5dca-476d-8fcc-13e7668572f4",
              "isHook": false,
              "skipped": false
            },
            {
              "title": "should not validate pattern match rule with non-string/array exclude",
              "fullTitle": "matchRuleSchema should not validate pattern match rule with non-string/array exclude",
              "timedOut": false,
              "duration": 1,
              "state": "passed",
              "speed": "fast",
              "pass": true,
              "fail": false,
              "pending": false,
              "context": null,
              "code": "const message = \"property 'exclude' should be either a pattern or an array of patterns\";\nisInvalidRule({\n    or: [\n        { pattern: \"CS2101\", exclude: {} },\n        { pattern: \"CS2101\", exclude: 5 },\n    ],\n}, { instancePath: \"/or/0/exclude\", message }, { instancePath: \"/or/1/exclude\", message });",
              "err": {},
              "uuid": "6825ed2f-0eae-4415-9395-4d0173eccc89",
              "parentUUID": "3cb61eaf-5dca-476d-8fcc-13e7668572f4",
              "isHook": false,
              "skipped": false
            },
            {
              "title": "should not validate pattern match rule with non-string info",
              "fullTitle": "matchRuleSchema should not validate pattern match rule with non-string info",
              "timedOut": false,
              "duration": 0,
              "state": "passed",
              "speed": "fast",
              "pass": true,
              "fail": false,
              "pending": false,
              "context": null,
              "code": "const message = \"property 'info' should be a string\";\nisInvalidRule({ pattern: \"CS2101\", info: 42 }, { instancePath: \"/info\", message });",
              "err": {},
              "uuid": "21747a81-cc2a-4a90-8ed6-803a643634f5",
              "parentUUID": "3cb61eaf-5dca-476d-8fcc-13e7668572f4",
              "isHook": false,
              "skipped": false
            },
            {
              "title": "should not validate and match rules with non-array property",
              "fullTitle": "matchRuleSchema should not validate and match rules with non-array property",
              "timedOut": false,
              "duration": 1,
              "state": "passed",
              "speed": "fast",
              "pass": true,
              "fail": false,
              "pending": false,
              "context": null,
              "code": "const message = \"property 'and' should be an array of match rules\";\nisInvalidRule({ or: [{ and: {} }, { or: [{ and: 3 }] }] }, { instancePath: \"/or/0/and\", message }, { instancePath: \"/or/1/or/0/and\", message });",
              "err": {},
              "uuid": "3c76614b-c07a-408b-ac09-19c12ecf1a92",
              "parentUUID": "3cb61eaf-5dca-476d-8fcc-13e7668572f4",
              "isHook": false,
              "skipped": false
            },
            {
              "title": "should not validate or match rules with non-array property",
              "fullTitle": "matchRuleSchema should not validate or match rules with non-array property",
              "timedOut": false,
              "duration": 0,
              "state": "passed",
              "speed": "fast",
              "pass": true,
[...]
              "pending": false,
              "context": null,
              "code": "const satisfier = satisfiers_1.inequalitySatisfier(ref, \"<=32\");\nsatisfier.should.have.property(\"filter\");\nconst { filter } = satisfier;\nisCorrectFilter(filter, modulesList1, modulesList1.map(([moduleStr]) => moduleStr));",
              "err": {},
              "uuid": "9218d8ca-f79d-47c6-bd68-a4aadf9773d6",
              "parentUUID": "ef4b0ece-5b33-41c1-9594-b92b88d50aef",
              "isHook": false,
              "skipped": false
            },
            {
              "title": "should truncate list of modules with upper bound of MCs at exact cutoff if total MC count is higher and there exists some starting sequence with exact MC count",
              "fullTitle": "inequalitySatisfier should truncate list of modules with upper bound of MCs at exact cutoff if total MC count is higher and there exists some starting sequence with exact MC count",
              "timedOut": false,
              "duration": 0,
              "state": "passed",
              "speed": "fast",
              "pass": true,
              "fail": false,
              "pending": false,
              "context": null,
              "code": "const satisfier = satisfiers_1.inequalitySatisfier(ref, \"<=16\");\nsatisfier.should.have.property(\"filter\");\nconst { filter } = satisfier;\nisCorrectFilter(filter, modulesList1, [\n    \"CS2100\",\n    \"GER1000\",\n    \"CS2040S\",\n    \"ST2131\",\n]);",
              "err": {},
              "uuid": "2847b1ed-35a5-4bda-b56c-421c6fdbdd07",
              "parentUUID": "ef4b0ece-5b33-41c1-9594-b92b88d50aef",
              "isHook": false,
              "skipped": false
            },
            {
              "title": "should truncate list of modules with upper bound of MCs, cutting off at the minimum starting sequence that exceeds upper bound, if total MC count is higher and there exists no starting sequence with exact MC count",
              "fullTitle": "inequalitySatisfier should truncate list of modules with upper bound of MCs, cutting off at the minimum starting sequence that exceeds upper bound, if total MC count is higher and there exists no starting sequence with exact MC count",
              "timedOut": false,
              "duration": 0,
              "state": "passed",
              "speed": "fast",
              "pass": true,
              "fail": false,
              "pending": false,
              "context": null,
              "code": "const satisfier = satisfiers_1.inequalitySatisfier(ref, \"<=17\");\nsatisfier.should.have.property(\"filter\");\nconst { filter } = satisfier;\nisCorrectFilter(filter, modulesList1, [\n    \"CS2100\",\n    \"GER1000\",\n    \"CS2040S\",\n    \"ST2131\",\n    \"MA1521\",\n]);",
              "err": {},
              "uuid": "9afe2f33-06f0-4913-82ee-9d888cb8dec5",
              "parentUUID": "ef4b0ece-5b33-41c1-9594-b92b88d50aef",
              "isHook": false,
              "skipped": false
            }
          ],
          "suites": [],
          "passes": [
            "8a74ed3b-ee03-4b0c-853c-ccd7fe7ebb60",
            "6627b6a7-4c2c-4adb-b852-f8b66f72fa4c",
            "8fdaa903-6697-4ed7-9fce-e3c1e12c798f",
            "62b13285-1522-421b-9ac9-3d4979d2c2a1",
            "9218d8ca-f79d-47c6-bd68-a4aadf9773d6",
            "2847b1ed-35a5-4bda-b56c-421c6fdbdd07",
            "9afe2f33-06f0-4913-82ee-9d888cb8dec5"
          ],
          "failures": [],
          "pending": [],
          "skipped": [],
          "duration": 2,
          "root": false,
          "rootEmpty": false,
          "_timeout": 2000
        },
        {
          "uuid": "b8049592-a61f-462d-a8ae-c928f32b3bcb",
          "title": "inequalitySchema",
          "fullFile": "/home/runner/work/planwithus-lib/planwithus-lib/src/satisfyRule/inequality/schemas.test.ts",
          "file": "/src/satisfyRule/inequality/schemas.test.ts",
          "beforeHooks": [],
          "afterHooks": [],
          "tests": [
            {
              "title": "should validate inequality in the form <=n or >=n",
              "fullTitle": "inequalitySchema should validate inequality in the form <=n or >=n",
              "timedOut": false,
              "duration": 2,
              "state": "passed",
              "speed": "fast",
              "pass": true,
              "fail": false,
              "pending": false,
              "context": "[\n  {\n    \"title\": \"inequality sample 0\",\n    \"value\": \">=189\"\n  },\n  {\n    \"title\": \"inequality sample 1\",\n    \"value\": \">=81\"\n  },\n  {\n    \"title\": \"inequality sample 2\",\n    \"value\": \">=71\"\n  },\n  {\n    \"title\": \"inequality sample 3\",\n    \"value\": \"<=51\"\n  },\n  {\n    \"title\": \"inequality sample 4\",\n    \"value\": \"<=8\"\n  },\n  {\n    \"title\": \"inequality sample 5\",\n    \"value\": \">=3\"\n  },\n  {\n    \"title\": \"inequality sample 6\",\n    \"value\": \"<=194\"\n  },\n  {\n    \"title\": \"inequality sample 7\",\n    \"value\": \">=24\"\n  },\n  {\n    \"title\": \"inequality sample 8\",\n    \"value\": \"<=95\"\n  },\n  {\n    \"title\": \"inequality sample 9\",\n    \"value\": \">=176\"\n  }\n]",
              "code": "fast_check_1.sample(index_test_2.inequality, 10).forEach((sample, i) => addContext_1.default(this, {\n    title: `inequality sample ${i}`,\n    value: sample,\n}));\nreturn fast_check_1.assert(fast_check_1.property(index_test_2.inequality, ajvValidate));",
              "err": {},
              "uuid": "f1e47e40-4390-4564-b3e2-9d456ec9d76a",
              "parentUUID": "b8049592-a61f-462d-a8ae-c928f32b3bcb",
              "isHook": false,
              "skipped": false
            },
            {
              "title": "should not validate inequality of invalid form",
              "fullTitle": "inequalitySchema should not validate inequality of invalid form",
              "timedOut": false,
              "duration": 2,
              "state": "passed",
              "speed": "fast",
              "pass": true,
              "fail": false,
              "pending": false,
              "context": null,
              "code": "[\n        \"\",\n        \"==23\",\n        \"23\",\n        \"<23\",\n        \">23\",\n        \"<=-1\",\n        \">=-1\",\n        \"<= 2\",\n        \">= 1\",\n        \"> 3\",\n        \"< 3\",\n        \"<=3a\",\n        \">=3a\",\n        \"a<=3\",\n        \"a>=3\",\n    ].forEach(isInvalidInequality)",
              "err": {},
              "uuid": "017ec4d3-dc7a-4b9a-97c0-ad83d6271c7a",
              "parentUUID": "b8049592-a61f-462d-a8ae-c928f32b3bcb",
              "isHook": false,
              "skipped": false
            }
          ],
          "suites": [],
          "passes": [
            "f1e47e40-4390-4564-b3e2-9d456ec9d76a",
            "017ec4d3-dc7a-4b9a-97c0-ad83d6271c7a"
          ],
          "failures": [],
          "pending": [],
          "skipped": [],
          "duration": 4,
          "root": false,
          "rootEmpty": false,
          "_timeout": 2000
        },
        {
          "uuid": "6e8ab79b-7da6-4889-bf42-668ad5a3ef2f",
          "title": "satisfyRuleSchema",
          "fullFile": "/home/runner/work/planwithus-lib/planwithus-lib/src/satisfyRule/schemas.test.ts",
          "file": "/src/satisfyRule/schemas.test.ts",
          "beforeHooks": [],
          "afterHooks": [],
          "tests": [
            {
              "title": "should validate satisfy rule with valid block id",
              "fullTitle": "satisfyRuleSchema should validate satisfy rule with valid block id",
              "timedOut": false,
              "duration": 1,
              "state": "passed",
              "speed": "fast",
              "pass": true,
              "fail": false,
              "pending": false,
              "context": null,
              "code": "fast_check_1.assert(fast_check_1.property(fast_check_1.string(), ajvValidate)",
              "err": {},
              "uuid": "01b17ebe-798d-4877-be80-929014c920bc",
              "parentUUID": "6e8ab79b-7da6-4889-bf42-668ad5a3ef2f",
              "isHook": false,
              "skipped": false
            },
            {
              "title": "should validate satisfy rules with valid mc",
              "fullTitle": "satisfyRuleSchema should validate satisfy rules with valid mc",
              "timedOut": false,
              "duration": 1,
              "state": "passed",
              "speed": "fast",
              "pass": true,
              "fail": false,
              "pending": false,
              "context": "[\n  {\n    \"title\": \"mcSatisfyRule sample 0\",\n    \"value\": {\n      \"mc\": \">=43\"\n    }\n  },\n  {\n    \"title\": \"mcSatisfyRule sample 1\",\n    \"value\": {\n      \"mc\": \"<=196\"\n    }\n  },\n  {\n    \"title\": \"mcSatisfyRule sample 2\",\n    \"value\": {\n      \"mc\": \">=36\"\n    }\n  },\n  {\n    \"title\": \"mcSatisfyRule sample 3\",\n    \"value\": {\n      \"mc\": \">=6\"\n    }\n  },\n  {\n    \"title\": \"mcSatisfyRule sample 4\",\n    \"value\": {\n      \"mc\": \">=154\"\n    }\n  },\n  {\n    \"title\": \"mcSatisfyRule sample 5\",\n    \"value\": {\n      \"mc\": \">=8\"\n    }\n  },\n  {\n    \"title\": \"mcSatisfyRule sample 6\",\n    \"value\": {\n      \"mc\": \"<=6\"\n    }\n  },\n  {\n    \"title\": \"mcSatisfyRule sample 7\",\n    \"value\": {\n      \"mc\": \">=56\"\n    }\n  },\n  {\n    \"title\": \"mcSatisfyRule sample 8\",\n    \"value\": {\n      \"mc\": \">=115\"\n    }\n  },\n  {\n    \"title\": \"mcSatisfyRule sample 9\",\n    \"value\": {\n      \"mc\": \">=200\"\n    }\n  }\n]",
              "code": "fast_check_1.sample(index_test_2.mcSatisfyRule, 10).forEach((sample, i) => addContext_1.default(this, {\n    title: `mcSatisfyRule sample ${i}`,\n    value: sample,\n}));\nreturn fast_check_1.assert(fast_check_1.property(index_test_2.mcSatisfyRule, ajvValidate));",
              "err": {},
              "uuid": "791150e2-6aad-46d2-b724-09a59d4959e4",
              "parentUUID": "6e8ab79b-7da6-4889-bf42-668ad5a3ef2f",
              "isHook": false,
              "skipped": false
            },
            {
              "title": "should validate valid recursive satisfy rules",
              "fullTitle": "satisfyRuleSchema should validate valid recursive satisfy rules",
              "timedOut": false,
              "duration": 4,
              "state": "passed",
              "speed": "fast",
              "pass": true,
              "fail": false,
              "pending": false,
              "context": "[\n  {\n    \"title\": \"satisfyRule sample 0\",\n    \"value\": {\n      \"and\": [\n        {\n          \"and\": [\n            {\n              \"and\": [\n                {\n                  \"and\": [\n                    {\n                      \"or\": [\n                        {\n                          \"and\": [\n                            \"(012\\\"\",\n                            \"h]*5L\",\n                            \"9JkrlM\"\n                          ]\n                        },\n                        {\n                          \"and\": [\n                            \"TEZ)k_'3?\",\n                            \"I$Z\",\n                            \"\",\n                            \"F71\",\n                            \"zt3ao\"\n                          ]\n                        },\n                        {\n                          \"or\": []\n                        }\n                      ]\n                    },\n                    \"C;~\"\n                  ]\n                },\n                {\n                  \"mc\": \"<=23\"\n                },\n                \"2*3'\",\n                \"n{-.,\"\n              ]\n            },\n            {\n              \"mc\": \"<=37\"\n            }\n          ]\n        },\n        \"{1%!!~\"\n      ]\n    }\n  },\n  {\n    \"title\": \"satisfyRule sample 1\",\n    \"value\": {\n      \"or\": []\n    }\n  },\n  {\n    \"title\": \"satisfyRule sample 2\",\n    \"value\": \"PwPdPw2@\"\n  },\n  {\n    \"title\": \"satisfyRule sample 3\",\n    \"value\": \"\\\"&$}\"\n  },\n  {\n    \"title\": \"satisfyRule sample 4\",\n    \"value\": {\n      \"mc\": \"<=156\"\n    }\n  },\n  {\n    \"title\": \"satisfyRule sample 5\",\n    \"value\": {\n      \"or\": [\n        \"L\",\n        {\n          \"and\": [\n            \"(!!#-\",\n            {\n              \"and\": [\n                \"o\"\n              ]\n            }\n          ]\n        },\n        \"f.dd*\"\n      ]\n    }\n  },\n  {\n    \"title\": \"satisfyRule sample 6\",\n    \"value\": {\n      \"and\": []\n    }\n  },\n  {\n    \"title\": \"satisfyRule sample 7\",\n    \"value\": {\n      \"and\": [\n        \"#3\",\n        \"*%2c\\\\yI{I\",\n        {\n          \"or\": [\n            \"Bxi0X;a\"\n          ]\n        },\n        \"YU#5TM?b\"\n      ]\n    }\n  },\n  {\n    \"title\": \"satisfyRule sample 8\",\n    \"value\": {\n      \"mc\": \">=5\"\n    }\n  },\n  {\n    \"title\": \"satisfyRule sample 9\",\n    \"value\": {\n      \"and\": []\n    }\n  }\n]",
              "code": "fast_check_1.sample(index_test_2.satisfyRule, 10).forEach((sample, i) => addContext_1.default(this, {\n    title: `satisfyRule sample ${i}`,\n    value: sample,\n}));\nreturn fast_check_1.assert(fast_check_1.property(index_test_2.satisfyRule, ajvValidate));",
              "err": {},
              "uuid": "8c6db114-127a-45ca-a0f3-c13db44c1803",
              "parentUUID": "6e8ab79b-7da6-4889-bf42-668ad5a3ef2f",
              "isHook": false,
              "skipped": false
            },
            {
              "title": "should not validate non-string/object",
              "fullTitle": "satisfyRuleSchema should not validate non-string/object",
              "timedOut": false,
              "duration": 1,
              "state": "passed",
              "speed": "fast",
              "pass": true,
              "fail": false,
              "pending": false,
              "context": null,
              "code": "const error = {\n    instancePath: \"\",\n    message: \"satisfy rule should be either a string or an object\",\n};\nisInvalidRule(null, error);\nisInvalidRule(undefined, error);\nisInvalidRule(10, error);\nisInvalidRule([12, 24], error);",
              "err": {},
              "uuid": "d96068ea-aefe-4acf-82a3-535bad6601a2",
              "parentUUID": "6e8ab79b-7da6-4889-bf42-668ad5a3ef2f",
              "isHook": false,
              "skipped": false
            },
            {
              "title": "should not validate satisfy rules with extra properties",
              "fullTitle": "satisfyRuleSchema should not validate satisfy rules with extra properties",
              "timedOut": false,
              "duration": 0,
              "state": "passed",
              "speed": "fast",
              "pass": true,
              "fail": false,
              "pending": false,
              "context": null,
              "code": "isInvalidRule({\n        and: [\n            { or: [\"2k\"], abc: \"def\" },\n            { mc: 8, ghi: \"jkl\" },\n        ],\n        mno: \"pqr\",\n    }, {\n        instancePath: \"/and/0\",\n        message: \"or satisfy rule should have property 'or' only\",\n    }, {\n        instancePath: \"/and/1\",\n        message: \"MC satisfy rule should have property 'mc' only\",\n    }, {\n        instancePath: \"\",\n        message: \"and satisfy rule should have property 'and' only\",\n    })",
              "err": {},
              "uuid": "19c942f8-b3d3-4009-99e1-20bc85608cd0",
              "parentUUID": "6e8ab79b-7da6-4889-bf42-668ad5a3ef2f",
              "isHook": false,
              "skipped": false
            },
            {
              "title": "should not validate ambiguous satisfy rules",
              "fullTitle": "satisfyRuleSchema should not validate ambiguous satisfy rules",
              "timedOut": false,
              "duration": 1,
              "state": "passed",
              "speed": "fast",
              "pass": true,
              "fail": false,
              "pending": false,
              "context": null,
              "code": "const message = \"satisfy rule should have only one of properties 'mc', 'and', 'or'\";\nisInvalidRule({\n    or: [\n        { mc: 5, and: [\"CS2040\"] },\n        { and: [{ and: [\"abc\"], or: [\"def\"] }] },\n    ],\n}, { instancePath: \"/or/0\", message }, { instancePath: \"/or/1/and/0\", message });",
              "err": {},
              "uuid": "e032295b-b46b-4657-8d34-13922fa5011b",
              "parentUUID": "6e8ab79b-7da6-4889-bf42-668ad5a3ef2f",
              "isHook": false,
              "skipped": false
            },
            {
              "title": "should not validate and satisfy rules with non-array property",
              "fullTitle": "satisfyRuleSchema should not validate and satisfy rules with non-array property",
              "timedOut": false,
              "duration": 0,
              "state": "passed",
              "speed": "fast",
              "pass": true,
              "fail": false,
              "pending": false,
              "context": null,
              "code": "const message = \"property 'and' should be an array of satisfy rules\";\nisInvalidRule({ or: [{ and: {} }, { or: [{ and: 3 }] }] }, { instancePath: \"/or/0/and\", message }, { instancePath: \"/or/1/or/0/and\", message });",
              "err": {},
              "uuid": "3dc43c0e-5ea5-4f87-b211-948b1b4c0e87",
              "parentUUID": "6e8ab79b-7da6-4889-bf42-668ad5a3ef2f",
              "isHook": false,
              "skipped": false
            },
            {
              "title": "should not validate or satisfy rules with non-array property",
              "fullTitle": "satisfyRuleSchema should not validate or satisfy rules with non-array property",
              "timedOut": false,
              "duration": 0,
              "state": "passed",
              "speed": "fast",
              "pass": true,
              "fail": false,
              "pending": false,
              "context": null,
              "code": "const message = \"property 'or' should be an array of satisfy rules\";\nisInvalidRule({ and: [{ or: {} }, { and: [{ or: 3 }] }] }, { instancePath: \"/and/0/or\", message }, { instancePath: \"/and/1/and/0/or\", message });",
              "err": {},
              "uuid": "5fa20d0a-9860-4644-b6bf-f3494ccbbcc4",
              "parentUUID": "6e8ab79b-7da6-4889-bf42-668ad5a3ef2f",
              "isHook": false,
              "skipped": false
            }
          ],
          "suites": [],
          "passes": [
            "01b17ebe-798d-4877-be80-929014c920bc",
            "791150e2-6aad-46d2-b724-09a59d4959e4",
            "8c6db114-127a-45ca-a0f3-c13db44c1803",
            "d96068ea-aefe-4acf-82a3-535bad6601a2",
            "19c942f8-b3d3-4009-99e1-20bc85608cd0",
            "e032295b-b46b-4657-8d34-13922fa5011b",
            "3dc43c0e-5ea5-4f87-b211-948b1b4c0e87",
            "5fa20d0a-9860-4644-b6bf-f3494ccbbcc4"
          ],
          "failures": [],
          "pending": [],
          "skipped": [],
          "duration": 8,
          "root": false,
          "rootEmpty": false,
          "_timeout": 2000
        }
      ],
      "passes": [],
      "failures": [],
      "pending": [],
      "skipped": [],
      "duration": 0,
      "root": true,
      "rootEmpty": true,
      "_timeout": 2000
    }
  ],
  "meta": {
    "mocha": {
      "version": "9.0.3"
    },
    "mochawesome": {
      "options": {
        "quiet": false,
        "reportFilename": "mochawesome",
        "saveHtml": true,
        "saveJson": true,
        "consoleReporter": "spec",
        "useInlineDiffs": false,
        "code": true
      },
      "version": "6.2.2"
    },
    "marge": {
      "options": {
        "reportDir": "docs"
      },
      "version": "5.2.0"
    }
  }
}