{
  "stats": {
    "suites": 6,
    "tests": 29,
    "passes": 29,
    "pending": 0,
    "failures": 0,
    "start": "2021-06-25T14:50:14.527Z",
    "end": "2021-06-25T14:50:14.812Z",
    "duration": 285,
    "testsRegistered": 29,
    "passPercent": 100,
    "pendingPercent": 0,
    "other": 0,
    "hasOther": false,
    "skipped": 0,
    "hasSkipped": false
  },
  "results": [
    {
      "uuid": "3935bfc8-3bd7-4813-ae25-7a82f33895e9",
      "title": "",
      "fullFile": "",
      "file": "",
      "beforeHooks": [],
      "afterHooks": [],
      "tests": [],
      "suites": [
        {
          "uuid": "257f7d94-7baa-4eee-9a00-5dab22f4d261",
          "title": "initDirectories",
          "fullFile": "/home/runner/work/planwithus-lib/planwithus-lib/src/block/schemas.test.ts",
          "file": "/src/block/schemas.test.ts",
          "beforeHooks": [],
          "afterHooks": [],
          "tests": [
            {
              "title": "should parse all blocks with no errors",
              "fullTitle": "initDirectories should parse all blocks with no errors",
              "timedOut": false,
              "duration": 3,
              "state": "passed",
              "speed": "fast",
              "pass": true,
              "fail": false,
              "pending": false,
              "context": null,
              "code": "_1.initDirectories.should.not.throw()",
              "err": {},
              "uuid": "00fb9743-577a-4371-9982-b8438f8052f5",
              "parentUUID": "257f7d94-7baa-4eee-9a00-5dab22f4d261",
              "isHook": false,
              "skipped": false
            },
            {
              "title": "should produce primary, second & minor directories",
              "fullTitle": "initDirectories should produce primary, second & minor directories",
              "timedOut": false,
              "duration": 57,
              "state": "passed",
              "speed": "medium",
              "pass": true,
              "fail": false,
              "pending": false,
              "context": null,
              "code": "const directories = await _1.initDirectories();\ndirectories.should.have.property(\"primary\");\ndirectories.should.have.property(\"second\");\ndirectories.should.have.property(\"minor\");",
              "err": {},
              "uuid": "a350fc9e-13ff-4fe7-a1fd-79387e8131cc",
              "parentUUID": "257f7d94-7baa-4eee-9a00-5dab22f4d261",
              "isHook": false,
              "skipped": false
            }
          ],
          "suites": [],
          "passes": [
            "00fb9743-577a-4371-9982-b8438f8052f5",
            "a350fc9e-13ff-4fe7-a1fd-79387e8131cc"
          ],
          "failures": [],
          "pending": [],
          "skipped": [],
          "duration": 60,
          "root": false,
          "rootEmpty": false,
          "_timeout": 2000
        },
        {
          "uuid": "72a789fc-1d7c-4650-a5ac-4a8ea121ea1e",
          "title": "blockSchema",
          "fullFile": "/home/runner/work/planwithus-lib/planwithus-lib/src/block/schemas.test.ts",
          "file": "/src/block/schemas.test.ts",
          "beforeHooks": [],
          "afterHooks": [],
          "tests": [
            {
              "title": "should validate valid block",
              "fullTitle": "blockSchema should validate valid block",
              "timedOut": false,
              "duration": 180,
              "state": "passed",
              "speed": "slow",
              "pass": true,
              "fail": false,
              "pending": false,
              "context": "[\n  {\n    \"title\": \"block sample 0\",\n    \"value\": {\n      \"name\": \">N\",\n      \"ay\": 2025,\n      \"assign\": [\n        \"2!\"\n      ],\n      \"match\": {\n        \"and\": [\n          {\n            \"or\": [\n              \"GP*x99H\",\n              {\n                \"and\": [\n                  \"GG17x8M\",\n                  {\n                    \"pattern\": \"IY6P\",\n                    \"exclude\": \"YK5\",\n                    \"info\": \"Gk\"\n                  },\n                  \"LI40\",\n                  \"ZBx9\",\n                  \"ZZL7T\"\n                ]\n              },\n              {\n                \"or\": [\n                  {\n                    \"or\": []\n                  },\n                  \"GQ*551D\",\n                  \"ZN0002\",\n                  \"KFX0\"\n                ]\n              },\n              {\n                \"and\": [\n                  \"BNN3\",\n                  \"VKR1445\",\n                  \"NAR9\"\n                ]\n              },\n              {\n                \"or\": []\n              }\n            ]\n          },\n          {\n            \"and\": [\n              {\n                \"pattern\": \"NEH81\",\n                \"exclude\": \"BF51\",\n                \"info\": \"1Sp5^\\\\y#:\"\n              },\n              \"JVG*78\"\n            ]\n          },\n          {\n            \"pattern\": \"YC7R\",\n            \"exclude\": \"NGGx\",\n            \"info\": \"\"\n          },\n          {\n            \"pattern\": \"PTH223*P\",\n            \"exclude\": [\n              \"IO8763\"\n            ],\n            \"info\": \"z!\"\n          }\n        ]\n      },\n      \"satisfy\": {\n        \"and\": []\n      },\n      \"url\": \"https://2.u-x0hs1-36o732liqulr0jk0edz2f2fojmcmllmh.e4gsndrlu0cupc5gjcn84-4egx3nbacky-burp6gscfzu8hygl-ygoy.1eaugko005vuv0j496pt5fapiox9hpj.m5qu7r0han.hgzckfyign/d*%F4%87%B1%80L5/%F2%A9%B1%AC,G36LnkA$\",\n      \"info\": \"PB-t:[84 \",\n      \"5`Ny*CAf\": {\n        \"name\": \"\\\\W}9\",\n        \"ay\": 2028,\n        \"assign\": \"Z&?DOz'\",\n        \"match\": {\n          \"and\": [\n            \"CP480D\",\n            {\n              \"and\": [\n                \"NLT38\",\n                \"OP784S\",\n                \"NXU4xP\",\n                \"LHKx\"\n              ]\n            },\n            {\n              \"and\": [\n                {\n                  \"or\": []\n                },\n                \"IPN41C\",\n                {\n                  \"pattern\": \"QA3929C\",\n                  \"exclude\": [\n                    \"VZF4\",\n                    \"NVS8432B\"\n                  ],\n                  \"info\": \"S#O\"\n                },\n                \"ACS*565A\"\n              ]\n            },\n            {\n              \"and\": [\n                {\n                  \"or\": [\n                    \"NUT*9H\",\n                    {\n                      \"or\": [\n                        \"WXN5K\",\n                        \"MK55\",\n                        \"BB7\",\n                        {\n                          \"and\": [\n                            \"OVxU\",\n                            {\n                              \"and\": [\n                                \"OTP0\",\n                                \"NQ2844G\"\n                              ]\n                            },\n                            \"LLC00X\",\n                            \"MSHx8*X\",\n                            \"VKW6T\"\n                          ]\n                        }\n                      ]\n                    },\n                    {\n                      \"or\": []\n                    },\n                    \"PK8\",\n                    {\n                      \"or\": [\n                        {\n                          \"and\": [\n                            \"OT1C\",\n                            \"EE4\",\n                            \"XJx674T\"\n                          ]\n                        }\n                      ]\n                    }\n                  ]\n                },\n                {\n                  \"or\": [\n                    {\n                      \"pattern\": \"KSL*14I\",\n                      \"exclude\": \"OI6*65\",\n                      \"info\": \"hwc\\\\;N;;\"\n                    }\n                  ]\n                }\n              ]\n            },\n            {\n              \"and\": [\n                {\n                  \"or\": [\n                    \"NE436\",\n                    {\n                      \"and\": [\n                        \"LZC3\",\n                        \"WDx275H\"\n                      ]\n                    }\n                  ]\n                },\n                {\n                  \"pattern\": \"CT33xX\",\n                  \"exclude\": [\n                    \"IQ68\"\n                  ],\n                  \"info\": \"J+,GcL\"\n                }\n              ]\n            }\n          ]\n        },\n        \"satisfy\": {\n          \"and\": [\n            {\n              \"and\": [\n                \"Pu!iN)\",\n                {\n                  \"or\": [\n                    \"@>Q\",\n                    {\n                      \"mc\": \"<=125\"\n                    },\n                    {\n                      \"or\": []\n                    },\n                    \"`K\",\n                    \"\"\n                  ]\n                },\n                \"1/[W\",\n                \"57_\",\n                {\n                  \"mc\": \"<=21\"\n                }\n              ]\n            },\n            {\n              \"mc\": \"<=141\"\n            },\n            {\n              \"or\": [\n                \"1k\\\\\",\n                {\n                  \"or\": [\n                    \"_u$jUoi#\",\n                    \"!Fm6\"\n                  ]\n                },\n                {\n                  \"or\": [\n                    {\n                      \"mc\": \">=61\"\n                    }\n                  ]\n                }\n              ]\n            }\n          ]\n        },\n        \"url\": \"http://r7izye4t70mzrqy47asupzb4.cdfhrjthwi/60rgQ~Cor/m8K\",\n        \"info\": \"'*X7}^^Qjy\"\n      },\n      \"3mz0:~E\": {\n        \"name\": \"ob^*q*\",\n        \"ay\": 1953,\n        \"assign\": \"\",\n        \"match\": {\n          \"and\": [\n            \"JU1B\",\n            \"CWDx19G\",\n            \"OL0\",\n            {\n              \"pattern\": \"YC3*0xW\"\n            },\n            {\n              \"pattern\": \"HYX4xx4V\",\n              \"exclude\": [\n                \"AE497*\",\n                \"IQ1\",\n                \"YOH64*\",\n                \"FD886xE\"\n              ]\n            }\n          ]\n        },\n        \"satisfy\": \"l0=\",\n        \"url\": \"https://0e-dtq95a3yinj5f1igjb.k1.lojtxd6i8aozd1s4wcmhozpqdcr7c5utzsw6l5w2.vcs/+SQM/oJ'*GB;R5!/f/~_6x/+::.lda\",\n        \"info\": \"~Xwl\\\\\"\n      },\n      \"\\\"e['l8p\": {\n        \"name\": \"s[sY+m[\",\n        \"ay\": 2014,\n        \"assign\": [\n          \"K_eah\\\\a\",\n          \"S \"\n        ],\n        \"match\": [\n          {\n            \"and\": [\n              {\n                \"or\": [\n                  {\n                    \"pattern\": \"MG3\",\n                    \"exclude\": \"VP7O\",\n                    \"info\": \"X@\"\n                  },\n                  \"YQE820\",\n                  \"JR81\"\n                ]\n              },\n              \"TW*\"\n            ]\n          },\n          {\n            \"pattern\": \"PUT9L\",\n            \"exclude\": \"YCB20\",\n            \"info\": \"\"\n          }\n        ],\n        \"satisfy\": \"r\",\n        \"url\": \"http://8.zt4tjnaf20g51ef6mezmq3piv1.xjw4-vizqk0o7j0nvz-70.2nqd0ltgvkbluj3ocfcmo75juue.hxsqjwwbnq/6SG/c0Ow%F0%92%95%A6C1s/gz%F1%B5%BD%B10X@07/7Uw_/'UfNs/'3Y%F0%BB%95%9176/4\",\n        \"info\": \"}RW\",\n        \"ROmU9L#v\": {\n          \"name\": \"5#-\\\"R3>xA\",\n          \"ay\": 1998,\n          \"assign\": \"ylTfh|,\",\n          \"match\": [\n            {\n              \"and\": [\n                {\n                  \"or\": [\n                    {\n                      \"and\": [\n                        \"WJK7\",\n                        {\n                          \"or\": [\n                            \"QV*\"\n                          ]\n                        }\n                      ]\n                    }\n                  ]\n                },\n                {\n                  \"pattern\": \"YDD*3\",\n                  \"exclude\": [\n                    \"KI2J\"\n                  ]\n                },\n                \"ZQG3\",\n                \"ZEC9*9x\"\n              ]\n            },\n            {\n              \"pattern\": \"QDK5545\",\n              \"exclude\": \"VY**\",\n              \"info\": \"Anp\"\n            },\n            {\n              \"or\": [\n                {\n                  \"or\": [\n                    {\n                      \"and\": [\n                        {\n                          \"and\": [\n                            \"AO4x\",\n                            {\n                              \"or\": []\n                            },\n                            \"FGB747\",\n                            \"KLJ611\"\n                          ]\n                        }\n                      ]\n                    },\n                    \"NT887\",\n                    \"PFNxx\"\n                  ]\n                },\n                {\n                  \"pattern\": \"CCZ0\",\n                  \"exclude\": \"DG2D\",\n                  \"info\": \"\"\n                },\n                \"GI938K\",\n                \"KDG393U\",\n                \"TK*01O\"\n              ]\n            },\n            \"DUX1*45\",\n            \"UK44\"\n          ],\n          \"satisfy\": \"\",\n          \"url\": \"https://odqtd-xhh3cnhed3zkql6r259kmp0timotwsvdzgbn.q-gpqi0n26oq-bs74nwvzn01cy00ewqr38-nt958hr87fnt55l4r1ff6yk.3v5auyjo1hbyovfkk2p9s15xwl2de9omz6md86m0mb.aj-7ujk86gvdz2a-90rsf-3dbvek8017z9y0798.590qt1ehdcxs4lva-2mzohd.raygorma/GqySn%F3%AE%94%83k(/=CI%F1%A6%96%A36l%E7%BC%92~N/M~/5xU8;cQD/.9R96IHvp/fh'1v@$aE9/y5Y%F2%AE%81%85&:h//I0&YF)PD2Z/I~Y\",\n          \"info\": \"M)sA\"\n        },\n        \"6/b>Ca\": {\n          \"name\": \"#!Z2l;SJS1\",\n          \"ay\": 2012,\n          \"assign\": \"\",\n          \"match\": [\n            {\n              \"or\": []\n            },\n            {\n              \"or\": [\n                {\n                  \"pattern\": \"SMGx7C\",\n                  \"exclude\": [\n                    \"KWH123P\"\n                  ],\n                  \"info\": \"NBK}\\\\aOS\"\n                },\n                {\n                  \"pattern\": \"JGN54X\",\n                  \"exclude\": \"QEG94S\",\n                  \"info\": \"\"\n                },\n                \"LDE746*\"\n              ]\n            }\n          ],\n          \"url\": \"https://eizgs.oef56jqg-mz6s0vgq3mejqotg6f2y2b-r-o4x5fh09cje0rdc44iq2dvz6vlp.nx\"\n        },\n        \"@A+\": {\n          \"name\": \"h9\",\n          \"ay\": 1999,\n          \"assign\": [],\n          \"match\": [\n            {\n              \"pattern\": \"XOHx0T\",\n              \"exclude\": [\n                \"QY822V\",\n                \"WU806\"\n              ],\n              \"info\": \"\"\n            },\n            {\n              \"or\": [\n                {\n                  \"and\": [\n                    \"TOF97xJ\",\n                    {\n                      \"and\": [\n                        \"FM692\"\n                      ]\n                    },\n                    \"ECA5007\",\n                    {\n                      \"or\": []\n                    },\n                    {\n                      \"or\": [\n                        \"WXY9x49\",\n                        {\n                          \"or\": [\n                            \"RV0\",\n                            \"BUN4548G\",\n                            \"RQ240V\",\n                            \"VQ7530\",\n                            {\n                              \"pattern\": \"KJ0L\",\n                              \"exclude\": \"TY0*7\",\n                              \"info\": \"Kmt1K~/'\"\n                            }\n                          ]\n                        },\n                        \"AI0O\",\n                        \"PGF99M\"\n                      ]\n                    }\n                  ]\n                }\n              ]\n            }\n          ],\n          \"satisfy\": {\n            \"or\": [\n              {\n                \"or\": []\n              }\n            ]\n          },\n          \"url\": \"http://p-mpjijdp-jv8yaj3xdqhwiofr0lsuz-6p-4ja3.d63op1om2-o1ith-uw--l-4wvrl7h82pxfukcl-bsry.vfvd3wi6mepqb27mpa7kslyw2fgjm9oouvkv8rpwx3xkwjb3ab4g8tte9.a.9uxjq60hdo7232ykda1gfh-9cmgr9fifpq94hpyzmnw6yfqars3n3-hgixwd.jelkj/r5GK5Ho~,/a:/iE-O4%F2%A5%AA%85CcPE/*%F2%9F%A3%BB6%F1%A3%BB%B6%F3%B0%A8%83uf/f.JQ%F1%89%85%99Ha~/4WZmnL/8gPUyX02/O1c%F4%82%99%A0ymLT/i/k0w$1%F4%81%82%BErNT\",\n          \"info\": \"A-$Z\",\n          \"{\": {\n            \"ay\": 1997,\n            \"match\": {\n              \"or\": []\n            },\n            \"satisfy\": \"\\\"\",\n            \"url\": \"https://xmku.l5bulwu-aztv9.m55yjo6rnenhs0izyuz4m.pau/%F0%95%82%8B/S%F3%A8%94%AE:acA6/k:cT6T.%F3%A7%96%920/W%F0%98%B4%8Fs4/lgah,snKzd\",\n            \"info\": \"BJu0X#XC\"\n          },\n          \"3md1\": {\n            \"name\": \"N|YLu1T\",\n            \"ay\": 2027,\n            \"assign\": [\n              \"0IH>L,c\",\n              \"B\",\n              \"#7i7sCI\"\n            ],\n            \"match\": {\n              \"and\": []\n            },\n            \"satisfy\": [\n              {\n                \"mc\": \">=75\"\n              },\n              {\n                \"and\": [\n                  {\n                    \"and\": [\n                      \"akhLFew\"\n                    ]\n                  },\n                  {\n                    \"mc\": \">=36\"\n                  },\n                  {\n                    \"and\": []\n                  },\n                  {\n                    \"and\": [\n                      \"$Vb-\",\n                      \"_$Xit\"\n                    ]\n                  }\n                ]\n              },\n              {\n                \"and\": []\n              },\n              {\n                \"and\": [\n                  \"o~pq\",\n                  \"4\",\n                  {\n                    \"or\": [\n                      \"LQx$-)\",\n                      {\n                        \"mc\": \">=179\"\n                      }\n                    ]\n                  },\n                  {\n                    \"or\": [\n                      \"W}@)ngho_\",\n                      \"pq\",\n                      {\n                        \"mc\": \">=196\"\n                      },\n                      \"\",\n                      {\n                        \"or\": [\n                          {\n                            \"and\": [\n                              \"9<uxtd0>\",\n                              \"%\",\n                              \"#\",\n                              \"QE?.f\"\n                            ]\n                          },\n                          \" B9};xJFt=\",\n                          \"7:5Y5\"\n                        ]\n                      }\n                    ]\n                  },\n                  {\n                    \"mc\": \"<=53\"\n                  }\n                ]\n              },\n              {\n                \"mc\": \">=182\"\n              }\n            ],\n            \"url\": \"http://v2cyahuvvg6ce8u6en6me059sodubftu45i5gzy1cbd5ubru5ubi.exdadc.ijigjdl/%F2%80%9C%99/hX44FC/)%E2%AA%A3k&*(vt6o/,*c0Ja($/c/U+%F3%B0%BD%B7~v\",\n            \"info\": \"r2iwD$!,_\"\n          },\n          \"dW\": {\n            \"name\": \"\",\n            \"ay\": 1998,\n            \"assign\": \"+k|\",\n            \"satisfy\": [\n              {\n                \"mc\": \">=65\"\n              },\n              \"3<x=\",\n              {\n                \"or\": []\n              },\n              {\n                \"and\": [\n                  \".b}j +]f8b\",\n                  {\n                    \"or\": []\n                  },\n                  {\n                    \"mc\": \">=105\"\n                  }\n                ]\n              },\n              {\n                \"or\": []\n              }\n            ],\n            \"url\": \"https://b944c3tqhikilj1fot6jf0ct4vcq3a-hzseogh33omni.djrhz9tjg49n4q8xtdi.pstd/%F3%AB%97%99j+W,T*x5//$9EQ'vE(x3//;v;$5zE;D/0D-v)/:H\",\n            \"info\": \"=xX}l\"\n          },\n          \"0CC\": {\n            \"name\": \"J%\",\n            \"ay\": 2020,\n            \"assign\": \"J&TF78-&\",\n            \"satisfy\": [\n              {\n                \"or\": [\n                  {\n                    \"or\": [\n                      \"REe.\",\n                      \"QL5!ztr$L\",\n                      {\n                        \"and\": [\n                          \"FzPO!p\\\\\",\n                          \"Vh|OP\",\n                          \"EcP%\",\n                          \"&Do+X7t\",\n                          {\n                            \"mc\": \">=24\"\n                          }\n                        ]\n                      }\n                    ]\n                  },\n                  {\n                    \"and\": [\n                      \"%7s7.\",\n                      \"poZn5o|}|k\",\n                      \"dvt2FMjv\",\n                      {\n                        \"and\": [\n                          \"m\\\".%v4qx1j\",\n                          {\n                            \"mc\": \">=78\"\n                          },\n                          {\n                            \"or\": [\n                              \"udZ|pCz\",\n                              \"\"\n                            ]\n                          },\n                          \"P(\",\n                          {\n                            \"and\": []\n                          }\n                        ]\n                      },\n                      \"C_?Q\\\\0\"\n                    ]\n                  },\n                  {\n                    \"and\": [\n                      {\n                        \"mc\": \"<=22\"\n                      },\n                      {\n                        \"mc\": \">=175\"\n                      },\n                      {\n                        \"and\": []\n                      },\n                      \"#D.%j3\",\n                      {\n                        \"or\": [\n                          \"|\",\n                          {\n                            \"mc\": \"<=110\"\n                          },\n                          {\n                            \"or\": [\n                              \"HfXNEV6J@D\",\n                              \"|K\",\n                              \"h:1dP\",\n                              \"[eb;.\\\\K\"\n                            ]\n                          }\n                        ]\n                      }\n                    ]\n                  },\n                  {\n                    \"and\": [\n                      \"JFz$V\",\n                      {\n                        \"and\": [\n                          \"0eBh= \",\n                          {\n                            \"mc\": \"<=96\"\n                          },\n                          \"0;sM\"\n                        ]\n                      },\n                      {\n                        \"mc\": \"<=144\"\n                      },\n                      \"Q,8O3l0\"\n                    ]\n                  }\n                ]\n              }\n            ],\n            \"url\": \"http://bpk-u9j6dwt660a958ebf.qec//!ub/.=tD-VA%F3%87%AF%89d/zn0=*RFT/tbym'mUoGT\",\n            \"info\": \"`,z5T4{\"\n          },\n          \"&)) ruM5\": {\n            \"name\": \"\",\n            \"ay\": 1954,\n            \"assign\": [\n              \"Mz\\\"\",\n              \"\",\n              \"B<-b\\\"2!O3\",\n              \" zCe_=-\",\n              \"??>heoVt\"\n            ],\n            \"match\": \"VAR*N\",\n            \"info\": \"MlP!)&t.Kk\"\n          }\n        },\n        \"?XD 8o\": {\n          \"name\": \"\",\n          \"ay\": 2019,\n          \"assign\": [],\n          \"match\": [\n            {\n              \"pattern\": \"AC0\",\n              \"exclude\": \"YN5x\",\n              \"info\": \"p@O{Y2 Qm\"\n            },\n            \"IN73\",\n            {\n              \"and\": [\n                {\n                  \"pattern\": \"HMQ14\",\n                  \"exclude\": \"ED1394K\",\n                  \"info\": \",p\"\n                },\n                {\n                  \"and\": [\n                    \"VH82*7J\",\n                    \"JAC4146\",\n                    {\n                      \"pattern\": \"UFW26Z\",\n                      \"exclude\": [\n                        \"CJZ9133T\",\n                        \"BV79\",\n                        \"VTG53G\",\n                        \"AN443\",\n                        \"HH87x\"\n                      ],\n                      \"info\": \"v12DY!a\"\n                    },\n                    {\n                      \"and\": [\n                        \"FH8xx9\",\n                        {\n                          \"pattern\": \"UJX7\",\n                          \"exclude\": [\n                            \"XDx\",\n                            \"BI2\",\n                            \"QWU1108H\",\n                            \"UM2729E\"\n                          ],\n                          \"info\": \"^&P;6\"\n                        },\n                        \"ZO8B\",\n                        {\n                          \"pattern\": \"TZR5\",\n                          \"exclude\": \"TR139xD\",\n                          \"info\": \"e5FO\"\n                        },\n                        \"JS5\"\n                      ]\n                    },\n                    \"BL4\"\n                  ]\n                },\n                \"FE28*U\",\n                {\n                  \"and\": []\n                }\n              ]\n            },\n            {\n              \"and\": [\n                {\n                  \"pattern\": \"GK*1\",\n                  \"info\": \"qc(0LTqv&\"\n                },\n                {\n                  \"and\": [\n                    \"HDP3F\",\n                    \"JUM*618\",\n                    {\n                      \"pattern\": \"NUxE\",\n                      \"exclude\": []\n                    }\n                  ]\n                },\n                \"WPx\"\n              ]\n            },\n            {\n              \"pattern\": \"ACL704\",\n              \"exclude\": \"SM980x\",\n              \"info\": \"*\\\\K26v\"\n            }\n          ],\n          \"satisfy\": {\n            \"mc\": \">=167\"\n          },\n          \"url\": \"http://9wyz5z7pdkq46qt0cm00clc8q0sqr4wioa.e808ojd6gequqj-d-dffnziph5lxlcwzj4x3nd707megqij6wrhplms.gvhpgs/i)8/nq:7MV\",\n          \"info\": \"$\"\n        },\n        \"Vd\": {\n          \"name\": \".?LN}\",\n          \"ay\": 1993,\n          \"assign\": [\n            \"hF\\\"RlV\"\n          ],\n          \"satisfy\": [\n            {\n              \"or\": [\n                {\n                  \"or\": [\n                    \"MOI7LQ93SF\",\n                    \"\\\"7<^3T1\\\"zP\",\n                    {\n                      \"and\": []\n                    }\n                  ]\n                }\n              ]\n            },\n            {\n              \"mc\": \"<=137\"\n            },\n            {\n              \"and\": [\n                {\n                  \"or\": []\n                },\n                {\n                  \"or\": []\n                }\n              ]\n            }\n          ],\n          \"url\": \"http://9.ll0kiimq-jeb-ay885d0fks475u78thl.0uirq9r-04s6pbkwpta6ega6em5qruh2rmnoz5vybqergxgh.glnek3lrafabtqysukuldxan7mgn6hccurs.nzsj862.ldj\",\n          \"info\": \"Q7>0l\"\n        }\n      },\n      \"s>3Lrwx\": {\n        \"name\": \"rS?\",\n        \"ay\": 1991,\n        \"assign\": [\n          \"UK9&tZ\",\n          \"n\",\n          \"\"\n        ],\n        \"match\": \"JGO603\",\n        \"url\": \"https://j.5k4quo862vgh0h4qq8.v.j7huwp5c7.fr0tdvkv7gmaw4-apvotjyyr2rvh0y8z8v0a2ghv.payjnp/%F2%B9%92%8D3Cd%F3%B8%B1%A8%F1%89%85%95v;ID/VoUStop-yY\",\n        \"info\": \"q(Z\",\n        \"JO]L%+O\": {\n          \"name\": \" +Rz{\",\n          \"ay\": 1986,\n          \"assign\": [],\n          \"satisfy\": [\n            {\n              \"mc\": \">=103\"\n            },\n            {\n              \"or\": [\n                \"?\"\n              ]\n            },\n            \"AnmY+stQ$\"\n          ],\n          \"url\": \"https://u.nk/Jvb6KDMuSZ/q4\",\n          \"info\": \"kUvz[c\"\n        },\n        \"\": {\n          \"name\": \"f0wuB;\",\n          \"ay\": 2010,\n          \"assign\": \"-t}_hm#\",\n          \"match\": [],\n          \"satisfy\": [],\n          \"url\": \"http://xkngp-x1p6ycqclw6jtrfbr78i590z9wg3q3b135o26cado1ji4snrj94hq1.tv92a51li0vsgj46-8tffs5l6f3j5mz50-8kckvlb2u1hvz28idgirj.hrk8-3p-avcok0q6twb60b2ktttdb86gnm8lluxlo8ldmeepyhwqc4y6rn.dexk8ekgx9gnnm570me5ms76z-qs51mnuhn.z.rgoswwxc/%F3%92%93%B6IgOWWWz,+/%F2%9E%8F%98m'%EF%A8%AFN_D=/UffM\",\n          \"info\": \"F\"\n        },\n        \"lv52nA;\": {\n          \"name\": \"A(jiJhq\",\n          \"ay\": 1995,\n          \"assign\": \"u<SB>Gm\",\n          \"match\": {\n            \"pattern\": \"IU1\",\n            \"exclude\": [\n              \"VQU19\"\n            ],\n            \"info\": \"\"\n          },\n          \"satisfy\": [\n            \"O>2O\",\n            \"&rC3J}Mo)n\",\n            {\n              \"or\": [\n                {\n                  \"or\": [\n                    \"\",\n                    \"H TV/ZdBr\",\n                    \"X^\"\n                  ]\n                },\n                \"](38jH<rNT\"\n              ]\n            },\n            {\n              \"mc\": \"<=79\"\n            },\n            {\n              \"mc\": \"<=114\"\n            }\n          ],\n          \"url\": \"http://txbyhrje7dzwmfngso515z0vczpu02vdkovi2l.61mhpb82qjup8ga3arbvcrpl94zx01me2tns4qgnms7xowuzcpktw.yecfqoz/vUy0a\"\n        }\n      }\n    }\n  },\n  {\n    \"title\": \"block sample 1\",\n    \"value\": {\n      \"name\": \"V\",\n      \"ay\": 2015,\n      \"assign\": \"R0\",\n      \"match\": [\n        \"LNx46\"\n      ],\n      \"satisfy\": [\n        {\n          \"mc\": \"<=199\"\n        }\n      ]\n    }\n  },\n  {\n    \"title\": \"block sample 2\",\n    \"value\": {\n      \"name\": \"My&,Fm]2=$\",\n      \"assign\": [],\n      \"match\": {\n        \"and\": [\n          {\n            \"pattern\": \"PWQ2747Y\",\n            \"info\": \"wRDrg\"\n          }\n        ]\n      },\n      \"satisfy\": \"H6(T.vbh9%\",\n      \"url\": \"https://gd.c63ij9xn-tg034rhqe8dmuddk3dltaz-49ci56w1vi-ow998vjvwiq5tcz8jw1.sc6k-a-aw7eq4d9ea.9h77c-3xj6o0jb69ub5u8d-96ef18h5b92t9efb.whijmwqqqw/&pGeamo/Nu@/vge@+*\",\n      \"info\": \"*P\"\n    }\n  },\n  {\n    \"title\": \"block sample 3\",\n    \"value\": {\n      \"name\": \"LQ\",\n      \"ay\": 1955,\n      \"assign\": \"rbB* /xC\",\n      \"match\": [\n        {\n          \"or\": []\n        },\n        \"HAE0450I\"\n      ],\n      \"satisfy\": {\n        \"and\": []\n      },\n      \"url\": \"http://l7bdzar8p60hmm9lqtnd1fvg.aui3bcc6aflpyhpf7-06gk8l562f23.9r-z2.xeywzcxvde/%F2%BB%9E%BA;%F3%86%83%A7_3dHxb\",\n      \"info\": \"m\"\n    }\n  },\n  {\n    \"title\": \"block sample 4\",\n    \"value\": {\n      \"name\": \"{%$\",\n      \"ay\": 1953,\n      \"match\": {\n        \"or\": [\n          {\n            \"pattern\": \"XTU94\",\n            \"exclude\": [\n              \"OVS3098\",\n              \"KQT3\"\n            ]\n          },\n          {\n            \"or\": [\n              {\n                \"pattern\": \"ON525J\",\n                \"exclude\": \"MBI0*xT\"\n              }\n            ]\n          },\n          \"WL4A\",\n          {\n            \"pattern\": \"AN44O\",\n            \"info\": \"%jJ\"\n          },\n          {\n            \"and\": []\n          }\n        ]\n      },\n      \"satisfy\": {\n        \"mc\": \">=187\"\n      },\n      \"url\": \"https://vetda6-aauqe6gbc7dc851b68g6dc76dbzecd.zaywyevn//Y&+4+mZ$/75N0cJoyad/eJ--_%F0%BF%B0%82p/%F2%85%89%AD(Ld=ZR%F3%A7%A8%8F/I:xw%F1%9E%99%A2\",\n      \"info\": \"^%1o.ezK<\"\n    }\n  },\n  {\n    \"title\": \"block sample 5\",\n    \"value\": {\n      \"name\": \"\",\n      \"ay\": 1999,\n      \"assign\": [\n        \"Q%\"\n      ],\n      \"match\": [],\n      \"satisfy\": [\n        {\n          \"and\": [\n            {\n              \"and\": [\n                \";[\",\n                \"[~H3$7$\",\n                \"x\",\n                {\n                  \"and\": [\n                    \"!\",\n                    \"&%\",\n                    \"\",\n                    \"L?81X\"\n                  ]\n                },\n                \"kX\"\n              ]\n            },\n            {\n              \"or\": [\n                \"l8RT6VBy\",\n                \"R[3C\",\n                {\n                  \"or\": []\n                },\n                {\n                  \"mc\": \"<=115\"\n                }\n              ]\n            },\n            {\n              \"and\": [\n                {\n                  \"and\": []\n                },\n                \";Z08ejB:\",\n                {\n                  \"mc\": \"<=29\"\n                },\n                \"l#gZfL\",\n                {\n                  \"mc\": \"<=138\"\n                }\n              ]\n            },\n            {\n              \"or\": [\n                {\n                  \"mc\": \"<=46\"\n                }\n              ]\n            },\n            {\n              \"and\": [\n                \".0|)\",\n                \"4h_uE-a[6\"\n              ]\n            }\n          ]\n        },\n        {\n          \"or\": [\n            \">+}\",\n            {\n              \"mc\": \">=198\"\n            },\n            {\n              \"or\": [\n                {\n                  \"or\": [\n                    {\n                      \"or\": [\n                        \" c:%xXL\"\n                      ]\n                    },\n                    \"s4;\"\n                  ]\n                },\n                \"\",\n                {\n                  \"mc\": \">=76\"\n                },\n                \"FSI\",\n                \"NAl\"\n              ]\n            },\n            \"$\",\n            \"\"\n          ]\n        },\n        \"d{h\"\n      ],\n      \"url\": \"https://l5ggihm7clzkg.vutxmlc/%21cU/ugJ52I-12/+f/:ma/aaDb/K2ac+bg+/p/kR$/Qc\",\n      \"!_~K\": {\n        \"name\": \"5\",\n        \"ay\": 1990,\n        \"assign\": [\n          \"kIj%^gt%ZI\",\n          \"~vrOiq\",\n          \"ZKpOz\",\n          \"N;M|M~y4\"\n        ],\n        \"match\": {\n          \"and\": [\n            {\n              \"and\": []\n            },\n            {\n              \"and\": [\n                {\n                  \"or\": [\n                    {\n                      \"pattern\": \"CEB25\",\n                      \"exclude\": \"QBW6\",\n                      \"info\": \"Mz}=?$\"\n                    }\n                  ]\n                },\n                \"GHC2M\",\n                {\n                  \"pattern\": \"YH3*F\",\n                  \"exclude\": \"CI6G\"\n                }\n              ]\n            },\n            \"FEQ07A\"\n          ]\n        },\n        \"url\": \"http://etu-ths4nsi50-qr7eo7.uneoicpqqpjch-w8ddrijbng1q41ne83umnjbtweytye3ds8peudvbx2b.qwlioyxa263xnqoihojhlxpyfgg3yg7ar4x17.mlbuofwonr/4)jFsub+%F0%9A%9B%BC/9/'iB%F3%8D%9B%9Fz_gVBU/JU-dD/.zbBQc%F0%93%9C%A4%F2%85%99%92K/Rc\",\n        \"info\": \"MzZZXxso\",\n        \"\\\\F?\": {\n          \"name\": \"r\",\n          \"ay\": 1984,\n          \"assign\": \"7\",\n          \"match\": {\n            \"and\": [\n              {\n                \"pattern\": \"BLJ2P\",\n                \"info\": \"~?0!c\"\n              },\n              {\n                \"pattern\": \"QPMx43\",\n                \"exclude\": [\n                  \"AR598\",\n                  \"XV0x5\"\n                ],\n                \"info\": \"qxIZH?\"\n              },\n              \"JIK2K\",\n              \"OH*80Z\",\n              {\n                \"and\": [\n                  \"FGx112H\"\n                ]\n              }\n            ]\n          },\n          \"satisfy\": {\n            \"mc\": \"<=118\"\n          },\n          \"url\": \"https://i.0ku8wy8jo.h.tyktvin/H~AU/*%F2%9A%9C%93/,\",\n          \"info\": \"*}>E0CEZz\"\n        },\n        \"e:z4P\": {\n          \"name\": \"Z8(,sR\",\n          \"ay\": 1963,\n          \"assign\": [],\n          \"match\": [],\n          \"satisfy\": [\n            {\n              \"or\": [\n                \"LyfjFk5f\",\n                {\n                  \"or\": [\n                    \"c4|C0JDv\",\n                    \"\\\"T8!#9\",\n                    {\n                      \"mc\": \"<=148\"\n                    }\n                  ]\n                },\n                {\n                  \"or\": [\n                    \"z2 Cc0\",\n                    \"E;Opm_<OZ\",\n                    \")xZPSc\",\n                    {\n                      \"and\": [\n                        {\n                          \"and\": []\n                        },\n                        \"]u+P6YWR\",\n                        \":j1.]\",\n                        {\n                          \"mc\": \">=167\"\n                        },\n                        {\n                          \"or\": [\n                            {\n                              \"and\": [\n                                \"\\\\^OZi#8sT\",\n                                \"\",\n                                \"vbm)r^<X(7\",\n                                {\n                                  \"and\": [\n                                    {\n                                      \"and\": [\n                                        \"-k^P0\",\n                                        \"+V'1m\",\n                                        \"q\"\n                                      ]\n                                    },\n                                    \"%3\",\n                                    \">p>Otv|T?\"\n                                  ]\n                                }\n                              ]\n                            }\n                          ]\n                        }\n                      ]\n                    },\n                    {\n                      \"or\": [\n                        \"\"\n                      ]\n                    }\n                  ]\n                },\n                {\n                  \"or\": [\n                    \"X\",\n                    \"!?bUOMptnZ\",\n                    {\n                      \"or\": [\n                        \"Q#J*d<eG.G\",\n                        {\n                          \"or\": [\n                            \"TuvwS Q#Yh\",\n                            {\n                              \"or\": [\n                                \"M_&l!C3F\",\n                                \"$dDbu\"\n                              ]\n                            },\n                            \"bz]nW\",\n                            \"4U;K-MB~{\"\n                          ]\n                        }\n                      ]\n                    },\n                    {\n                      \"or\": [\n                        {\n                          \"mc\": \">=107\"\n                        }\n                      ]\n                    },\n                    \"ZzmK\"\n                  ]\n                },\n                {\n                  \"mc\": \"<=50\"\n                }\n              ]\n            },\n            \"O5gF<zi\"\n          ],\n          \"url\": \"https://pzcfdfo7pxk-4c171u-87p2mivtzch96qx.apuox6e2nv6clezx47.bpbm/z)=+d%F3%82%9A%BDO%F2%9E%88%B6//tp(zaVNQ0/P!/UoEFB/7\",\n          \"info\": \"{1+E6X\"\n        },\n        \"\": {\n          \"name\": \"r8bS<@\",\n          \"ay\": 1953,\n          \"assign\": \"5u&,l?1*c1\",\n          \"satisfy\": [],\n          \"url\": \"https://4qtozgp3e.lxxtezdy/7&%F1%8F%85%8DnGJ!%F3%9D%AA%B2q'/50bi\",\n          \"info\": \"^-9!VvR^r\"\n        },\n        \"T\": {\n          \"name\": \"v-\\\\`J\",\n          \"assign\": \"j;<MN\",\n          \"match\": \"CL293*O\",\n          \"url\": \"http://16-3sst5o9267owqonss4o2s7nx89s5de2gvwik8.5s5iv.3s9c6k5ghm-6xzk96lhh9923aw.emn.0b34jepv4uf-jmr51l28hsdkvohraqvetxpwlkp-i629o-ogaieez-zqh9j.zbwi/(;%F3%B5%BB%AEv-%F0%AD%8E%8FbaA0/46QUSwB/XmA/Pv/%F3%9A%B8%92C)/mCezvMQ\"\n        }\n      },\n      \"M6/41]l'\": {\n        \"name\": \"0d#kkKP \",\n        \"ay\": 1963,\n        \"assign\": \"wc.8j0<\",\n        \"match\": {\n          \"or\": [\n            {\n              \"pattern\": \"OWx222\",\n              \"exclude\": [\n                \"XQ4O\"\n              ],\n              \"info\": \")Z\"\n            },\n            {\n              \"and\": [\n                {\n                  \"or\": [\n                    {\n                      \"pattern\": \"MC581H\",\n                      \"exclude\": \"ZF5\"\n                    },\n                    {\n                      \"or\": [\n                        {\n                          \"pattern\": \"NE6\",\n                          \"exclude\": \"CA26\",\n                          \"info\": \"u}8_gY72mE\"\n                        }\n                      ]\n                    }\n                  ]\n                },\n                \"OD*12\",\n                {\n                  \"pattern\": \"SC5\",\n                  \"exclude\": \"DE0807\",\n                  \"info\": \"Hjf19GSm9\"\n                },\n                {\n                  \"and\": []\n                },\n                \"EEC1990V\"\n              ]\n            },\n            {\n              \"and\": []\n            }\n          ]\n        },\n        \"satisfy\": [],\n        \"info\": \"lcdd\"\n      }\n    }\n  },\n  {\n    \"title\": \"block sample 6\",\n    \"value\": {\n      \"name\": \"o9j[\",\n      \"ay\": 2024,\n      \"assign\": [\n        \"M};\\\"A<*+[|\",\n        \"_)|j\"\n      ],\n      \"match\": {\n        \"or\": [\n          {\n            \"pattern\": \"PI*\",\n            \"exclude\": \"RNHx\",\n            \"info\": \"0\"\n          }\n        ]\n      },\n      \"satisfy\": {\n        \"or\": []\n      },\n      \"info\": \"xYN\"\n    }\n  },\n  {\n    \"title\": \"block sample 7\",\n    \"value\": {\n      \"name\": \"^)).*\",\n      \"ay\": 2024,\n      \"match\": {\n        \"pattern\": \"AU1\",\n        \"exclude\": \"OY*60\",\n        \"info\": \"\"\n      },\n      \"url\": \"http://wqdcfojjln02dak.zkgc-yti0s3zz7bzeccnbrivi5g3ru4p2b1zqoxprzoy7cm4b0wrr1.2oy7eabg76wb3fbyvhgqfoipb01es7j8.8uyzi-5nhezgc6atvvmqps9k-nuo.uvo9lfvw5h-r0hd3j3hs5qwdy2kjpo-vwet6.ddwodda/0kQ,lu2J6V/fWedEkc%F1%92%BB%96E/m//U95Q/Wi/v%F3%BA%90%A5k9J$/XVy//\",\n      \"info\": \"~3)4\"\n    }\n  },\n  {\n    \"title\": \"block sample 8\",\n    \"value\": {\n      \"name\": \"?JI'\",\n      \"ay\": 2026,\n      \"assign\": [\n        \"!9M\"\n      ],\n      \"match\": [\n        {\n          \"pattern\": \"IJ52W\",\n          \"exclude\": \"SBJ1747V\",\n          \"info\": \"Sr\\\\oY)=FPS\"\n        }\n      ],\n      \"satisfy\": {\n        \"mc\": \">=47\"\n      },\n      \"url\": \"http://pwsva7mxkqtndg00ufkitup-y0vye1p4fr17rtoki-og96u09z.avg7bu0zf35dx13rnkx-qyxkwtsl8mk0mxi1fjb7w97m5zq0080plek.jfamjs79u6rpe7ccun8is08041-i6zwo192z8gqwa-k7bu3o479q-k.r5xbzi64yj26z9r9hs341zt1qp6bhl3mmn3p3.2v17ti4bm6scs4tlh7.ktcvds/6///,%F1%BD%AC%A4n9ij%F4%81%A0%91R/,lqP&2/94zX~M7P@v/&Q~Z/OAQWW=/G&X\",\n      \"info\": \",n0Bl_H\"\n    }\n  },\n  {\n    \"title\": \"block sample 9\",\n    \"value\": {\n      \"name\": \"]tT \",\n      \"ay\": 1974,\n      \"assign\": \"\",\n      \"satisfy\": {\n        \"mc\": \">=7\"\n      },\n      \"url\": \"https://9.6my188i9yjjcd.f5r2pae-6qwnm4dqjxhnk2122p2.aro6vyprc.rot/sO)S%F2%B2%87%ADh:0/3sGHkA&4(,/6%F2%B4%A4%BF(/b~F/\",\n      \"info\": \"q$MD~\",\n      \"R{+k[f_G+R\": {\n        \"name\": \"]}SE!xep\",\n        \"ay\": 1982,\n        \"assign\": \"xJ\",\n        \"match\": \"LEJ4*14S\",\n        \"satisfy\": {\n          \"mc\": \">=114\"\n        },\n        \"url\": \"http://oyf4z2bjts7534maj6nc7jtqk6lkql5ipbhig2jc.gjw5vo1wd0biu.4kwg0.g172ihmyak5bqsddwiqtd.bxazp/TiG@j6/)S&yE/y'/sXs&=O2_kG/Kc=xpy;Y!/;U7.K;c/K*U1Cr4%F3%BA%AE%B7\",\n        \"info\": \"sHc1>]\"\n      },\n      \"z{rdo\": {\n        \"name\": \"}8vJ\",\n        \"match\": [\n          \"AI054C\",\n          \"ZER4P\",\n          \"DH5\",\n          \"FOH97\"\n        ],\n        \"satisfy\": [\n          \"zVj0/\",\n          \"'x$VI(L*D\"\n        ],\n        \"url\": \"https://3mq6ohosb4ka41ykccy73i8q.31f9nipl9hhzws5p7x7bq196jl7ec.6eo86cufjxnd3ffoe0g1p26-2pnzkiudrwj1oe.6-vnma2dxbmevchxg2q85w-5oqs2wujitcgl3ms4ehg.pcuuywuk/=cZ/ufi@EY.Ja%F3%98%83%87/o~/%F3%B4%B1%88)o8omt3/89gby4Fzn/%E8%AA%A1g/*/Jyt/eT!24Z,/X$\",\n        \"info\": \"0%11R_vjI\"\n      },\n      \"r?'<\": {\n        \"name\": \"zuyY|-~a\",\n        \"ay\": 2025,\n        \"assign\": \"3+QoH,\",\n        \"match\": {\n          \"or\": [\n            {\n              \"pattern\": \"IIT54*8I\",\n              \"info\": \"ChG\"\n            },\n            {\n              \"and\": [\n                {\n                  \"pattern\": \"ONW0x4x\",\n                  \"exclude\": \"PQD04\",\n                  \"info\": \"!z=}\"\n                },\n                {\n                  \"and\": [\n                    {\n                      \"or\": [\n                        \"IW1042Z\",\n                        \"TRD7600K\"\n                      ]\n                    },\n                    {\n                      \"and\": []\n                    },\n                    \"CD61W\",\n                    {\n                      \"and\": [\n                        {\n                          \"or\": [\n                            \"AQ99\",\n                            {\n                              \"or\": [\n                                {\n                                  \"pattern\": \"KI4014\"\n                                },\n                                \"VC7082Y\",\n                                \"QYJ*582S\",\n                                \"CI507\"\n                              ]\n                            },\n                            \"PK10S\",\n                            \"YIV78\",\n                            \"HVR9730\"\n                          ]\n                        },\n                        \"UGP5032W\",\n                        \"TU89\",\n                        \"FH8\"\n                      ]\n                    },\n                    {\n                      \"or\": [\n                        \"LH43x*\",\n                        \"ZPO3G\",\n                        \"EN3x16\",\n                        {\n                          \"or\": [\n                            \"FK8\",\n                            \"MKQ4646\",\n                            \"GK73Y\"\n                          ]\n                        },\n                        {\n                          \"pattern\": \"UJ335*\",\n                          \"exclude\": [],\n                          \"info\": \"c^f}KmA~]>\"\n                        }\n                      ]\n                    }\n                  ]\n                },\n                \"IZ2x41Y\"\n              ]\n            },\n            {\n              \"and\": [\n                {\n                  \"pattern\": \"TSx92Q\",\n                  \"exclude\": \"GA525\",\n                  \"info\": \"~\"\n                },\n                \"RZH737\",\n                \"WZ7\"\n              ]\n            },\n            {\n              \"pattern\": \"BW39U\",\n              \"exclude\": \"VX2Z\",\n              \"info\": \"b=Wv|#:\"\n            }\n          ]\n        },\n        \"url\": \"https://6i9l3qg8ueu0l3uid7lc6pvxkkkffxlbi-0xeb0.2qmti89i9nk0fae9hsbquun4sy.ecxvb0bwuk82pkksii9yh2qdah34vyxe9nbwbx5x3hp2kocnasnivkw32v0w.pyz2uf66zj5y5ifz91af.rd-9t2gdoaydoc5df4cq4-kg7e7wa1-93slfq1b.xt/FhRgh/J/XU\",\n        \"info\": \"By\"\n      },\n      \"]9-5\": {\n        \"name\": \"G4\",\n        \"ay\": 1955,\n        \"assign\": [\n          \"(n 9\",\n          \"|IL\",\n          \"ia(\",\n          \",y3T0L>F\"\n        ],\n        \"match\": [],\n        \"satisfy\": {\n          \"mc\": \"<=102\"\n        },\n        \"url\": \"https://5j8wae4zex2-dw0zrv1e0pbp38pavsn.8q3jcalj3kmu6x-ssen7k16-f3kycqbrretiln5gg1d7.b27az6mm0dn6r558xs695ksxyi7qnrla3i83e.qxw0p.td0e128c--poccatlt5dudl4gsbx6jmy4ecpdnfmzf.nynzcqtmv/yvkK8/30yc~zJeg\",\n        \"info\": \";(\"\n      }\n    }\n  }\n]",
              "code": "fast_check_1.sample(index_test_2.block, 10).forEach((sample, i) => addContext_1.default(this, {\n    title: `block sample ${i}`,\n    value: sample,\n}));\nreturn fast_check_1.assert(fast_check_1.property(index_test_2.block, ajvValidate));",
              "err": {},
              "uuid": "9c8bc0db-4132-48d7-b48c-799fdf5c53b6",
              "parentUUID": "72a789fc-1d7c-4650-a5ac-4a8ea121ea1e",
              "isHook": false,
              "skipped": false
            },
            {
              "title": "should not validate non-object",
              "fullTitle": "blockSchema should not validate non-object",
              "timedOut": false,
              "duration": 2,
              "state": "passed",
              "speed": "fast",
              "pass": true,
              "fail": false,
              "pending": false,
              "context": null,
              "code": "const error = {\n    instancePath: \"\",\n    message: \"block should be an object\",\n};\nisInvalidBlock(null, error);\nisInvalidBlock(undefined, error);\nisInvalidBlock(10, error);\nisInvalidBlock([12, 24], error);\nisInvalidBlock(\"abc\", error);",
              "err": {},
              "uuid": "e2f35be6-bd09-46a5-af6d-08efeeb62c3b",
              "parentUUID": "72a789fc-1d7c-4650-a5ac-4a8ea121ea1e",
              "isHook": false,
              "skipped": false
            },
            {
              "title": "should not validate block with invalid properties",
              "fullTitle": "blockSchema should not validate block with invalid properties",
              "timedOut": false,
              "duration": 1,
              "state": "passed",
              "speed": "fast",
              "pass": true,
              "fail": false,
              "pending": false,
              "context": null,
              "code": "isInvalidBlock({\n        name: { foo: \"bar\" },\n        ay: -1000,\n        assign: {},\n        match: 1,\n        satisfy: 2,\n        url: { abc: \"def\" },\n        info: 42,\n    }, { instancePath: \"/name\", message: \"property 'name' should be a string\" }, {\n        instancePath: \"/ay\",\n        message: \"property 'ay' should be a positive integer\",\n    }, {\n        instancePath: \"/assign\",\n        message: \"property 'assign' should be either a block ID or an array of block IDs\",\n    }, {\n        instancePath: \"/match\",\n        message: \"property 'match' should be either a match rule or an array of match rules\",\n    }, {\n        instancePath: \"/satisfy\",\n        message: \"property 'satisfy' should be either a satisfy rule or an array of satisfy rules\",\n    }, { instancePath: \"/url\", message: \"property 'url' should be a string\" }, { instancePath: \"/info\", message: \"property 'info' should be a string\" })",
              "err": {},
              "uuid": "a1307140-e092-4ef0-a0fa-8ca40f76013f",
              "parentUUID": "72a789fc-1d7c-4650-a5ac-4a8ea121ea1e",
              "isHook": false,
              "skipped": false
            }
          ],
          "suites": [],
          "passes": [
            "9c8bc0db-4132-48d7-b48c-799fdf5c53b6",
            "e2f35be6-bd09-46a5-af6d-08efeeb62c3b",
            "a1307140-e092-4ef0-a0fa-8ca40f76013f"
          ],
          "failures": [],
          "pending": [],
          "skipped": [],
          "duration": 183,
          "root": false,
          "rootEmpty": false,
          "_timeout": 2000
        },
        {
          "uuid": "c3b31aa5-fc8d-458e-a848-4ca06c452d79",
          "title": "patternSchema",
          "fullFile": "/home/runner/work/planwithus-lib/planwithus-lib/src/matchRule/pattern/schemas.test.ts",
          "file": "/src/matchRule/pattern/schemas.test.ts",
          "beforeHooks": [],
          "afterHooks": [],
          "tests": [
            {
              "title": "should validate non-empty pattern composed of A-Z, 0-9, x or *",
              "fullTitle": "patternSchema should validate non-empty pattern composed of A-Z, 0-9, x or *",
              "timedOut": false,
              "duration": 1,
              "state": "passed",
              "speed": "fast",
              "pass": true,
              "fail": false,
              "pending": false,
              "context": "[\n  {\n    \"title\": \"pattern sample 0\",\n    \"value\": \"GKQ8\"\n  },\n  {\n    \"title\": \"pattern sample 1\",\n    \"value\": \"OKU33\"\n  },\n  {\n    \"title\": \"pattern sample 2\",\n    \"value\": \"OBL94\"\n  },\n  {\n    \"title\": \"pattern sample 3\",\n    \"value\": \"XK795A\"\n  },\n  {\n    \"title\": \"pattern sample 4\",\n    \"value\": \"TW13\"\n  },\n  {\n    \"title\": \"pattern sample 5\",\n    \"value\": \"YNC6\"\n  },\n  {\n    \"title\": \"pattern sample 6\",\n    \"value\": \"QD1413\"\n  },\n  {\n    \"title\": \"pattern sample 7\",\n    \"value\": \"RW*4x\"\n  },\n  {\n    \"title\": \"pattern sample 8\",\n    \"value\": \"VEx159\"\n  },\n  {\n    \"title\": \"pattern sample 9\",\n    \"value\": \"XH9O\"\n  }\n]",
              "code": "fast_check_1.sample(index_test_2.pattern, 10).forEach((sample, i) => addContext_1.default(this, {\n    title: `pattern sample ${i}`,\n    value: sample,\n}));\nreturn fast_check_1.assert(fast_check_1.property(index_test_2.pattern, ajvValidate), {\n    examples: [[\"*\"], [\"ACC1002\"], [\"IS1103\"], [\"CS1231S\"], [\"MA1102R\"]],\n});",
              "err": {},
              "uuid": "37510f03-b59c-48d1-a1c1-fda4e9656816",
              "parentUUID": "c3b31aa5-fc8d-458e-a848-4ca06c452d79",
              "isHook": false,
              "skipped": false
            },
            {
              "title": "should not validate empty pattern",
              "fullTitle": "patternSchema should not validate empty pattern",
              "timedOut": false,
              "duration": 0,
              "state": "passed",
              "speed": "fast",
              "pass": true,
              "fail": false,
              "pending": false,
              "context": null,
              "code": "isInvalidPattern(\"\")",
              "err": {},
              "uuid": "d250de35-5936-44aa-b6fc-87851a121b43",
              "parentUUID": "c3b31aa5-fc8d-458e-a848-4ca06c452d79",
              "isHook": false,
              "skipped": false
            },
            {
              "title": "should not validate pattern with invalid characters",
              "fullTitle": "patternSchema should not validate pattern with invalid characters",
              "timedOut": false,
              "duration": 0,
              "state": "passed",
              "speed": "fast",
              "pass": true,
              "fail": false,
              "pending": false,
              "context": null,
              "code": "[\"AB123a\", \"Ac123a\", \"AB123^S\", \"AB1*3^S\", \"$A1*3^S\", \"/A1x33S\"].forEach(isInvalidPattern)",
              "err": {},
              "uuid": "f9fefb6d-56f8-441a-8cdf-032e1a2adec3",
              "parentUUID": "c3b31aa5-fc8d-458e-a848-4ca06c452d79",
              "isHook": false,
              "skipped": false
            }
          ],
          "suites": [],
          "passes": [
            "37510f03-b59c-48d1-a1c1-fda4e9656816",
            "d250de35-5936-44aa-b6fc-87851a121b43",
            "f9fefb6d-56f8-441a-8cdf-032e1a2adec3"
          ],
          "failures": [],
          "pending": [],
          "skipped": [],
          "duration": 1,
          "root": false,
          "rootEmpty": false,
          "_timeout": 2000
        },
        {
          "uuid": "34935bea-470a-4b98-bd83-86a0cd29ed47",
          "title": "matchRuleSchema",
          "fullFile": "/home/runner/work/planwithus-lib/planwithus-lib/src/matchRule/schemas.test.ts",
          "file": "/src/matchRule/schemas.test.ts",
          "beforeHooks": [],
          "afterHooks": [],
          "tests": [
            {
              "title": "should validate match rule with valid pattern",
              "fullTitle": "matchRuleSchema should validate match rule with valid pattern",
              "timedOut": false,
              "duration": 1,
              "state": "passed",
              "speed": "fast",
              "pass": true,
              "fail": false,
              "pending": false,
              "context": "[\n  {\n    \"title\": \"pattern sample 0\",\n    \"value\": \"LR7N\"\n  },\n  {\n    \"title\": \"pattern sample 1\",\n    \"value\": \"EMx45xC\"\n  },\n  {\n    \"title\": \"pattern sample 2\",\n    \"value\": \"DN8\"\n  },\n  {\n    \"title\": \"pattern sample 3\",\n    \"value\": \"QOXx5E\"\n  },\n  {\n    \"title\": \"pattern sample 4\",\n    \"value\": \"BQJ7\"\n  },\n  {\n    \"title\": \"pattern sample 5\",\n    \"value\": \"OT1x*x\"\n  },\n  {\n    \"title\": \"pattern sample 6\",\n    \"value\": \"DY3x5Y\"\n  },\n  {\n    \"title\": \"pattern sample 7\",\n    \"value\": \"HH4*45V\"\n  },\n  {\n    \"title\": \"pattern sample 8\",\n    \"value\": \"UJ0J\"\n  },\n  {\n    \"title\": \"pattern sample 9\",\n    \"value\": \"CAX*O\"\n  }\n]",
              "code": "fast_check_1.sample(index_test_3.pattern, 10).forEach((sample, i) => addContext_1.default(this, {\n    title: `pattern sample ${i}`,\n    value: sample,\n}));\nreturn fast_check_1.assert(fast_check_1.property(index_test_3.pattern, ajvValidate));",
              "err": {},
              "uuid": "9060baf6-0b5c-4a7f-948a-3463e1b234d8",
              "parentUUID": "34935bea-470a-4b98-bd83-86a0cd29ed47",
              "isHook": false,
              "skipped": false
            },
            {
              "title": "should validate match rules with valid pattern, exclude and info",
              "fullTitle": "matchRuleSchema should validate match rules with valid pattern, exclude and info",
              "timedOut": false,
              "duration": 3,
              "state": "passed",
              "speed": "fast",
              "pass": true,
              "fail": false,
              "pending": false,
              "context": "[\n  {\n    \"title\": \"patternMatchRule sample 0\",\n    \"value\": {\n      \"pattern\": \"QILx028E\",\n      \"exclude\": \"OO606\",\n      \"info\": \"&`\"\n    }\n  },\n  {\n    \"title\": \"patternMatchRule sample 1\",\n    \"value\": {\n      \"pattern\": \"JEI24\",\n      \"exclude\": [\n        \"EX43\",\n        \"BQV2\",\n        \"WN*995\",\n        \"ASD6352\"\n      ]\n    }\n  },\n  {\n    \"title\": \"patternMatchRule sample 2\",\n    \"value\": {\n      \"pattern\": \"QQ*I\",\n      \"exclude\": \"BK6xD\",\n      \"info\": \"7XtxOPBQ\"\n    }\n  },\n  {\n    \"title\": \"patternMatchRule sample 3\",\n    \"value\": {\n      \"pattern\": \"LF9\",\n      \"exclude\": [\n        \"ZFJ0M\",\n        \"WHM0*V\"\n      ],\n      \"info\": \"B?\"\n    }\n  },\n  {\n    \"title\": \"patternMatchRule sample 4\",\n    \"value\": {\n      \"pattern\": \"ILJ2\",\n      \"exclude\": [\n        \"TJ981Y\",\n        \"DD20I\",\n        \"MII30L\",\n        \"HV3\",\n        \"HU9K\"\n      ],\n      \"info\": \"6BR\\\".5bCV#\"\n    }\n  },\n  {\n    \"title\": \"patternMatchRule sample 5\",\n    \"value\": {\n      \"pattern\": \"SVY0Y\",\n      \"exclude\": \"PG4\",\n      \"info\": \"n\"\n    }\n  },\n  {\n    \"title\": \"patternMatchRule sample 6\",\n    \"value\": {\n      \"pattern\": \"MS65\",\n      \"exclude\": [],\n      \"info\": \"Y\"\n    }\n  },\n  {\n    \"title\": \"patternMatchRule sample 7\",\n    \"value\": {\n      \"pattern\": \"PVCx9\",\n      \"exclude\": \"AGY56K\"\n    }\n  },\n  {\n    \"title\": \"patternMatchRule sample 8\",\n    \"value\": {\n      \"pattern\": \"SU1909\",\n      \"exclude\": [],\n      \"info\": \"rjR\"\n    }\n  },\n  {\n    \"title\": \"patternMatchRule sample 9\",\n    \"value\": {\n      \"pattern\": \"QQ6x64Z\",\n      \"exclude\": [\n        \"ZS17*\",\n        \"OKT0\",\n        \"OW3\",\n        \"BQG258P\",\n        \"PT7\"\n      ],\n      \"info\": \"Hjl\"\n    }\n  }\n]",
              "code": "fast_check_1.sample(index_test_2.patternMatchRule, 10).forEach((sample, i) => addContext_1.default(this, {\n    title: `patternMatchRule sample ${i}`,\n    value: sample,\n}));\nreturn fast_check_1.assert(fast_check_1.property(index_test_2.patternMatchRule, ajvValidate));",
              "err": {},
              "uuid": "963b07b9-089a-4243-949a-1d64bf88c74c",
              "parentUUID": "34935bea-470a-4b98-bd83-86a0cd29ed47",
              "isHook": false,
              "skipped": false
            },
            {
              "title": "should validate valid recursive match rules",
              "fullTitle": "matchRuleSchema should validate valid recursive match rules",
              "timedOut": false,
              "duration": 6,
              "state": "passed",
              "speed": "fast",
              "pass": true,
              "fail": false,
              "pending": false,
              "context": "[\n  {\n    \"title\": \"matchRule sample 0\",\n    \"value\": \"OA044\"\n  },\n  {\n    \"title\": \"matchRule sample 1\",\n    \"value\": \"HW7\"\n  },\n  {\n    \"title\": \"matchRule sample 2\",\n    \"value\": {\n      \"pattern\": \"UR20M\",\n      \"exclude\": \"PJ*\",\n      \"info\": \".z]qukW6$\"\n    }\n  },\n  {\n    \"title\": \"matchRule sample 3\",\n    \"value\": \"JG7K\"\n  },\n  {\n    \"title\": \"matchRule sample 4\",\n    \"value\": {\n      \"or\": [\n        {\n          \"and\": [\n            \"UA37\",\n            {\n              \"pattern\": \"NBY9x8\",\n              \"exclude\": \"VS11T\",\n              \"info\": \"WI\\\"(LOdk?M\"\n            }\n          ]\n        },\n        \"NT987\",\n        {\n          \"pattern\": \"IF3812\",\n          \"exclude\": [],\n          \"info\": \"f;(*FDl\"\n        },\n        {\n          \"and\": [\n            {\n              \"and\": [\n                {\n                  \"pattern\": \"NO9***\",\n                  \"exclude\": [\n                    \"FZF4*x\",\n                    \"WGB42*0\",\n                    \"EZ200\",\n                    \"OUB8K\"\n                  ],\n                  \"info\": \"]\"\n                }\n              ]\n            }\n          ]\n        },\n        {\n          \"pattern\": \"COx*\",\n          \"exclude\": \"UJ082\",\n          \"info\": \"9d9pX\"\n        }\n      ]\n    }\n  },\n  {\n    \"title\": \"matchRule sample 5\",\n    \"value\": \"OQK2K\"\n  },\n  {\n    \"title\": \"matchRule sample 6\",\n    \"value\": {\n      \"or\": [\n        \"SXU82W\"\n      ]\n    }\n  },\n  {\n    \"title\": \"matchRule sample 7\",\n    \"value\": {\n      \"pattern\": \"YE1x\",\n      \"exclude\": [],\n      \"info\": \"&\"\n    }\n  },\n  {\n    \"title\": \"matchRule sample 8\",\n    \"value\": \"RX5*\"\n  },\n  {\n    \"title\": \"matchRule sample 9\",\n    \"value\": {\n      \"and\": [\n        \"LRR622P\",\n        {\n          \"or\": [\n            {\n              \"pattern\": \"STO01\",\n              \"info\": \"K(rsx\"\n            },\n            {\n              \"and\": [\n                \"YP5\",\n                {\n                  \"and\": [\n                    \"AMG64\"\n                  ]\n                },\n                \"FU005*W\"\n              ]\n            },\n            {\n              \"pattern\": \"AC94\",\n              \"exclude\": [\n                \"KB73*H\",\n                \"DQU646N\",\n                \"MSR8X\",\n                \"KPD698\"\n              ],\n              \"info\": \"z>V\"\n            }\n          ]\n        }\n      ]\n    }\n  }\n]",
              "code": "fast_check_1.sample(index_test_2.matchRule, 10).forEach((sample, i) => addContext_1.default(this, {\n    title: `matchRule sample ${i}`,\n    value: sample,\n}));\nreturn fast_check_1.assert(fast_check_1.property(index_test_2.matchRule, ajvValidate));",
              "err": {},
              "uuid": "8bcf8bd8-24c9-4b01-b520-f2c2ca0a6c2a",
              "parentUUID": "34935bea-470a-4b98-bd83-86a0cd29ed47",
              "isHook": false,
              "skipped": false
            },
            {
              "title": "should not validate non-string/object",
              "fullTitle": "matchRuleSchema should not validate non-string/object",
              "timedOut": false,
              "duration": 0,
              "state": "passed",
              "speed": "fast",
              "pass": true,
              "fail": false,
              "pending": false,
              "context": null,
              "code": "const error = {\n    instancePath: \"\",\n    message: \"match rule should be either a string or an object\",\n};\nisInvalidRule(null, error);\nisInvalidRule(undefined, error);\nisInvalidRule(10, error);\nisInvalidRule([12, 24], error);",
              "err": {},
              "uuid": "d6a45d0b-f8d9-4716-9e13-1bdf95d7411a",
              "parentUUID": "34935bea-470a-4b98-bd83-86a0cd29ed47",
              "isHook": false,
              "skipped": false
            },
            {
              "title": "should not validate match rules with extra properties",
              "fullTitle": "matchRuleSchema should not validate match rules with extra properties",
              "timedOut": false,
              "duration": 0,
              "state": "passed",
              "speed": "fast",
              "pass": true,
              "fail": false,
              "pending": false,
              "context": null,
              "code": "isInvalidRule({\n        and: [{ or: [{ pattern: \"CS2103T\", info2: \"foobar\" }], abc: \"def\" }],\n        mno: \"pqr\",\n    }, {\n        instancePath: \"/and/0/or/0\",\n        message: \"pattern match rule should have properties 'pattern', 'exclude' (optional) and 'info' (optional) only\",\n    }, {\n        instancePath: \"/and/0\",\n        message: \"or match rule should have property 'or' only\",\n    }, {\n        instancePath: \"\",\n        message: \"and match rule should have property 'and' only\",\n    })",
              "err": {},
              "uuid": "68ccd490-77cb-455b-bd48-602dcb001fb0",
              "parentUUID": "34935bea-470a-4b98-bd83-86a0cd29ed47",
              "isHook": false,
              "skipped": false
            },
            {
              "title": "should not validate ambiguous match rules",
              "fullTitle": "matchRuleSchema should not validate ambiguous match rules",
              "timedOut": false,
              "duration": 0,
              "state": "passed",
              "speed": "fast",
              "pass": true,
              "fail": false,
              "pending": false,
              "context": null,
              "code": "const message = \"match rule should have only one of properties 'pattern', 'and', 'or'\";\nisInvalidRule({\n    or: [\n        { pattern: \"CS1231\", and: [] },\n        { pattern: \"CS1231\", or: [] },\n        { and: [{ and: [\"abc\"], or: [\"def\"] }] },\n    ],\n}, { instancePath: \"/or/0\", message }, { instancePath: \"/or/1\", message }, { instancePath: \"/or/2/and/0\", message });",
              "err": {},
              "uuid": "05c5b498-cdef-47ca-8e4d-40ac00d711c3",
              "parentUUID": "34935bea-470a-4b98-bd83-86a0cd29ed47",
              "isHook": false,
              "skipped": false
            },
            {
              "title": "should not validate pattern match rule with invalid patterns",
              "fullTitle": "matchRuleSchema should not validate pattern match rule with invalid patterns",
              "timedOut": false,
              "duration": 1,
              "state": "passed",
              "speed": "fast",
              "pass": true,
              "fail": false,
              "pending": false,
              "context": null,
              "code": "const message = \"pattern should be a non-empty string composed of A-Z, 0-9, x or *\";\nisInvalidRule({\n    and: [\n        \"CS210c\",\n        { pattern: \"CS2100\", exclude: \"CS1231s\" },\n        { pattern: \"CS210#T\", exclude: [\"CS1231\", \"CS21%\"] },\n    ],\n}, { instancePath: \"/and/0\", message }, { instancePath: \"/and/1/exclude\", message }, { instancePath: \"/and/2/pattern\", message }, { instancePath: \"/and/2/exclude/1\", message });",
              "err": {},
              "uuid": "f6bcdc8d-2226-4571-b906-4193b55ce993",
              "parentUUID": "34935bea-470a-4b98-bd83-86a0cd29ed47",
              "isHook": false,
              "skipped": false
            },
            {
              "title": "should not validate pattern match rule with non-string/array exclude",
              "fullTitle": "matchRuleSchema should not validate pattern match rule with non-string/array exclude",
              "timedOut": false,
              "duration": 0,
              "state": "passed",
              "speed": "fast",
              "pass": true,
              "fail": false,
              "pending": false,
              "context": null,
              "code": "const message = \"property 'exclude' should be either a pattern or an array of patterns\";\nisInvalidRule({\n    or: [\n        { pattern: \"CS2101\", exclude: {} },\n        { pattern: \"CS2101\", exclude: 5 },\n    ],\n}, { instancePath: \"/or/0/exclude\", message }, { instancePath: \"/or/1/exclude\", message });",
              "err": {},
              "uuid": "db2c195c-6081-40e8-8063-eebdb541ba81",
              "parentUUID": "34935bea-470a-4b98-bd83-86a0cd29ed47",
              "isHook": false,
              "skipped": false
            },
            {
              "title": "should not validate pattern match rule with non-string info",
              "fullTitle": "matchRuleSchema should not validate pattern match rule with non-string info",
              "timedOut": false,
              "duration": 0,
              "state": "passed",
              "speed": "fast",
              "pass": true,
              "fail": false,
              "pending": false,
              "context": null,
              "code": "const message = \"property 'info' should be a string\";\nisInvalidRule({ pattern: \"CS2101\", info: 42 }, { instancePath: \"/info\", message });",
              "err": {},
              "uuid": "8e4fd423-2463-453c-99fa-4f99428d2a93",
              "parentUUID": "34935bea-470a-4b98-bd83-86a0cd29ed47",
              "isHook": false,
              "skipped": false
            },
            {
              "title": "should not validate and match rules with non-array property",
              "fullTitle": "matchRuleSchema should not validate and match rules with non-array property",
              "timedOut": false,
              "duration": 1,
              "state": "passed",
              "speed": "fast",
              "pass": true,
              "fail": false,
              "pending": false,
              "context": null,
              "code": "const message = \"property 'and' should be an array of match rules\";\nisInvalidRule({ or: [{ and: {} }, { or: [{ and: 3 }] }] }, { instancePath: \"/or/0/and\", message }, { instancePath: \"/or/1/or/0/and\", message });",
              "err": {},
              "uuid": "b68aeb8b-38e3-4210-8933-64c69ef01742",
              "parentUUID": "34935bea-470a-4b98-bd83-86a0cd29ed47",
              "isHook": false,
              "skipped": false
            },
            {
              "title": "should not validate or match rules with non-array property",
              "fullTitle": "matchRuleSchema should not validate or match rules with non-array property",
              "timedOut": false,
              "duration": 0,
              "state": "passed",
              "speed": "fast",
              "pass": true,
              "fail": false,
              "pending": false,
              "context": null,
              "code": "const message = \"property 'or' should be an array of match rules\";\nisInvalidRule({ or: [{ or: {} }, { and: [{ or: 3 }] }] }, { instancePath: \"/or/0/or\", message }, { instancePath: \"/or/1/and/0/or\", message });",
              "err": {},
              "uuid": "23914a59-fc9a-494b-bfc9-887f044ca55f",
              "parentUUID": "34935bea-470a-4b98-bd83-86a0cd29ed47",
              "isHook": false,
              "skipped": false
            }
          ],
          "suites": [],
          "passes": [
            "9060baf6-0b5c-4a7f-948a-3463e1b234d8",
            "963b07b9-089a-4243-949a-1d64bf88c74c",
            "8bcf8bd8-24c9-4b01-b520-f2c2ca0a6c2a",
            "d6a45d0b-f8d9-4716-9e13-1bdf95d7411a",
            "68ccd490-77cb-455b-bd48-602dcb001fb0",
            "05c5b498-cdef-47ca-8e4d-40ac00d711c3",
            "f6bcdc8d-2226-4571-b906-4193b55ce993",
            "db2c195c-6081-40e8-8063-eebdb541ba81",
            "8e4fd423-2463-453c-99fa-4f99428d2a93",
            "b68aeb8b-38e3-4210-8933-64c69ef01742",
            "23914a59-fc9a-494b-bfc9-887f044ca55f"
          ],
          "failures": [],
          "pending": [],
          "skipped": [],
          "duration": 12,
          "root": false,
          "rootEmpty": false,
          "_timeout": 2000
        },
        {
          "uuid": "63b36091-6887-4c4d-a0ec-34a0cc306ccc",
          "title": "inequalitySchema",
          "fullFile": "/home/runner/work/planwithus-lib/planwithus-lib/src/satisfyRule/inequality/schemas.test.ts",
          "file": "/src/satisfyRule/inequality/schemas.test.ts",
          "beforeHooks": [],
          "afterHooks": [],
          "tests": [
            {
              "title": "should validate inequality in the form <=n or >=n",
              "fullTitle": "inequalitySchema should validate inequality in the form <=n or >=n",
              "timedOut": false,
              "duration": 1,
              "state": "passed",
              "speed": "fast",
              "pass": true,
              "fail": false,
              "pending": false,
              "context": "[\n  {\n    \"title\": \"inequality sample 0\",\n    \"value\": \"<=49\"\n  },\n  {\n    \"title\": \"inequality sample 1\",\n    \"value\": \"<=194\"\n  },\n  {\n    \"title\": \"inequality sample 2\",\n    \"value\": \">=197\"\n  },\n  {\n    \"title\": \"inequality sample 3\",\n    \"value\": \"<=197\"\n  },\n  {\n    \"title\": \"inequality sample 4\",\n    \"value\": \"<=136\"\n  },\n  {\n    \"title\": \"inequality sample 5\",\n    \"value\": \"<=99\"\n  },\n  {\n    \"title\": \"inequality sample 6\",\n    \"value\": \">=153\"\n  },\n  {\n    \"title\": \"inequality sample 7\",\n    \"value\": \"<=193\"\n  },\n  {\n    \"title\": \"inequality sample 8\",\n    \"value\": \"<=90\"\n  },\n  {\n    \"title\": \"inequality sample 9\",\n    \"value\": \"<=139\"\n  }\n]",
              "code": "fast_check_1.sample(index_test_2.inequality, 10).forEach((sample, i) => addContext_1.default(this, {\n    title: `inequality sample ${i}`,\n    value: sample,\n}));\nreturn fast_check_1.assert(fast_check_1.property(index_test_2.inequality, ajvValidate));",
              "err": {},
              "uuid": "c4fdbd8d-4cac-4e2f-b560-99f87dfc0221",
              "parentUUID": "63b36091-6887-4c4d-a0ec-34a0cc306ccc",
              "isHook": false,
              "skipped": false
            },
            {
              "title": "should not validate inequality of invalid form",
              "fullTitle": "inequalitySchema should not validate inequality of invalid form",
              "timedOut": false,
              "duration": 1,
              "state": "passed",
              "speed": "fast",
              "pass": true,
              "fail": false,
              "pending": false,
              "context": null,
              "code": "[\n        \"\",\n        \"==23\",\n        \"23\",\n        \"<23\",\n        \">23\",\n        \"<=-1\",\n        \">=-1\",\n        \"<= 2\",\n        \">= 1\",\n        \"> 3\",\n        \"< 3\",\n        \"<=3a\",\n        \">=3a\",\n        \"a<=3\",\n        \"a>=3\",\n    ].forEach(isInvalidInequality)",
              "err": {},
              "uuid": "5124cba9-af41-4937-9a63-3e76de7ff1d2",
              "parentUUID": "63b36091-6887-4c4d-a0ec-34a0cc306ccc",
              "isHook": false,
              "skipped": false
            }
          ],
          "suites": [],
          "passes": [
            "c4fdbd8d-4cac-4e2f-b560-99f87dfc0221",
            "5124cba9-af41-4937-9a63-3e76de7ff1d2"
          ],
          "failures": [],
          "pending": [],
          "skipped": [],
          "duration": 2,
          "root": false,
          "rootEmpty": false,
          "_timeout": 2000
        },
        {
          "uuid": "207ee188-63ad-481d-b386-10279df58b2f",
          "title": "satisfyRuleSchema",
          "fullFile": "/home/runner/work/planwithus-lib/planwithus-lib/src/satisfyRule/schemas.test.ts",
          "file": "/src/satisfyRule/schemas.test.ts",
          "beforeHooks": [],
          "afterHooks": [],
          "tests": [
            {
              "title": "should validate satisfy rule with valid block id",
              "fullTitle": "satisfyRuleSchema should validate satisfy rule with valid block id",
              "timedOut": false,
              "duration": 1,
              "state": "passed",
              "speed": "fast",
              "pass": true,
              "fail": false,
              "pending": false,
              "context": null,
              "code": "fast_check_1.assert(fast_check_1.property(fast_check_1.string(), ajvValidate)",
              "err": {},
              "uuid": "1ec77e95-2029-4dec-bc53-f07631895a34",
              "parentUUID": "207ee188-63ad-481d-b386-10279df58b2f",
              "isHook": false,
              "skipped": false
            },
            {
              "title": "should validate satisfy rules with valid mc",
              "fullTitle": "satisfyRuleSchema should validate satisfy rules with valid mc",
              "timedOut": false,
              "duration": 1,
              "state": "passed",
              "speed": "fast",
              "pass": true,
              "fail": false,
              "pending": false,
              "context": "[\n  {\n    \"title\": \"mcSatisfyRule sample 0\",\n    \"value\": {\n      \"mc\": \">=193\"\n    }\n  },\n  {\n    \"title\": \"mcSatisfyRule sample 1\",\n    \"value\": {\n      \"mc\": \"<=45\"\n    }\n  },\n  {\n    \"title\": \"mcSatisfyRule sample 2\",\n    \"value\": {\n      \"mc\": \"<=199\"\n    }\n  },\n  {\n    \"title\": \"mcSatisfyRule sample 3\",\n    \"value\": {\n      \"mc\": \">=85\"\n    }\n  },\n  {\n    \"title\": \"mcSatisfyRule sample 4\",\n    \"value\": {\n      \"mc\": \"<=49\"\n    }\n  },\n  {\n    \"title\": \"mcSatisfyRule sample 5\",\n    \"value\": {\n      \"mc\": \"<=199\"\n    }\n  },\n  {\n    \"title\": \"mcSatisfyRule sample 6\",\n    \"value\": {\n      \"mc\": \">=7\"\n    }\n  },\n  {\n    \"title\": \"mcSatisfyRule sample 7\",\n    \"value\": {\n      \"mc\": \">=3\"\n    }\n  },\n  {\n    \"title\": \"mcSatisfyRule sample 8\",\n    \"value\": {\n      \"mc\": \">=193\"\n    }\n  },\n  {\n    \"title\": \"mcSatisfyRule sample 9\",\n    \"value\": {\n      \"mc\": \"<=7\"\n    }\n  }\n]",
              "code": "fast_check_1.sample(index_test_2.mcSatisfyRule, 10).forEach((sample, i) => addContext_1.default(this, {\n    title: `mcSatisfyRule sample ${i}`,\n    value: sample,\n}));\nreturn fast_check_1.assert(fast_check_1.property(index_test_2.mcSatisfyRule, ajvValidate));",
              "err": {},
              "uuid": "7b89c8c0-af51-4418-9fee-465d4db5dade",
              "parentUUID": "207ee188-63ad-481d-b386-10279df58b2f",
              "isHook": false,
              "skipped": false
            },
            {
              "title": "should validate valid recursive satisfy rules",
              "fullTitle": "satisfyRuleSchema should validate valid recursive satisfy rules",
              "timedOut": false,
              "duration": 4,
              "state": "passed",
              "speed": "fast",
              "pass": true,
              "fail": false,
              "pending": false,
              "context": "[\n  {\n    \"title\": \"satisfyRule sample 0\",\n    \"value\": \"\"\n  },\n  {\n    \"title\": \"satisfyRule sample 1\",\n    \"value\": \"i y\"\n  },\n  {\n    \"title\": \"satisfyRule sample 2\",\n    \"value\": {\n      \"or\": [\n        {\n          \"or\": [\n            {\n              \"or\": []\n            },\n            \"5\",\n            \"mZ/GrR`\"\n          ]\n        },\n        {\n          \"or\": []\n        },\n        \"d\\\\p<7\"\n      ]\n    }\n  },\n  {\n    \"title\": \"satisfyRule sample 3\",\n    \"value\": {\n      \"mc\": \">=8\"\n    }\n  },\n  {\n    \"title\": \"satisfyRule sample 4\",\n    \"value\": {\n      \"or\": [\n        {\n          \"and\": [\n            {\n              \"mc\": \">=122\"\n            },\n            \"{82il/p {P\",\n            \"d\",\n            {\n              \"and\": [\n                {\n                  \"mc\": \">=4\"\n                },\n                {\n                  \"or\": [\n                    \"(/d&LN\"\n                  ]\n                },\n                \"!\",\n                \"\",\n                \"Vp<OZ-,\\\\\"\n              ]\n            },\n            {\n              \"or\": [\n                {\n                  \"or\": [\n                    \":.ic@i_lnn\",\n                    {\n                      \"or\": [\n                        \"Uw=7^?f\",\n                        {\n                          \"or\": [\n                            \"<p\",\n                            {\n                              \"mc\": \">=163\"\n                            },\n                            \"k?o0(i._mQ\"\n                          ]\n                        },\n                        \"?y?7Fve\",\n                        \"RXj:q8^6f\",\n                        \";$3\"\n                      ]\n                    }\n                  ]\n                },\n                {\n                  \"or\": [\n                    \"Fv\",\n                    \"\",\n                    {\n                      \"mc\": \">=73\"\n                    },\n                    \"dvb|9\"\n                  ]\n                }\n              ]\n            }\n          ]\n        },\n        {\n          \"or\": [\n            \"*2W25h)[\",\n            \"@!q=\"\n          ]\n        },\n        {\n          \"mc\": \">=94\"\n        },\n        {\n          \"mc\": \">=101\"\n        },\n        {\n          \"and\": [\n            {\n              \"mc\": \">=81\"\n            },\n            {\n              \"and\": []\n            },\n            \"EQ_rV\"\n          ]\n        }\n      ]\n    }\n  },\n  {\n    \"title\": \"satisfyRule sample 5\",\n    \"value\": {\n      \"or\": []\n    }\n  },\n  {\n    \"title\": \"satisfyRule sample 6\",\n    \"value\": {\n      \"and\": [\n        {\n          \"or\": [\n            \"\"\n          ]\n        },\n        \"t>-P\",\n        {\n          \"mc\": \"<=4\"\n        },\n        \"p.5k\",\n        {\n          \"and\": [\n            \"T\",\n            \"nt2yDJk6R\",\n            {\n              \"or\": [\n                \"/pa\"\n              ]\n            }\n          ]\n        }\n      ]\n    }\n  },\n  {\n    \"title\": \"satisfyRule sample 7\",\n    \"value\": {\n      \"or\": [\n        {\n          \"mc\": \"<=56\"\n        },\n        {\n          \"or\": [\n            \"+x^:\"\n          ]\n        },\n        {\n          \"mc\": \">=5\"\n        },\n        {\n          \"and\": [\n            {\n              \"or\": [\n                {\n                  \"and\": [\n                    \"cUvf$2j\",\n                    \"&g)J\",\n                    \":l7\"\n                  ]\n                },\n                {\n                  \"or\": []\n                },\n                \"_l\"\n              ]\n            },\n            {\n              \"and\": [\n                {\n                  \"or\": [\n                    {\n                      \"mc\": \"<=17\"\n                    }\n                  ]\n                },\n                {\n                  \"mc\": \">=55\"\n                },\n                \"pRu~@\",\n                {\n                  \"or\": [\n                    \"e\",\n                    \"PgL\"\n                  ]\n                }\n              ]\n            }\n          ]\n        }\n      ]\n    }\n  },\n  {\n    \"title\": \"satisfyRule sample 8\",\n    \"value\": {\n      \"or\": [\n        {\n          \"and\": [\n            {\n              \"mc\": \"<=177\"\n            },\n            {\n              \"or\": [\n                {\n                  \"or\": []\n                }\n              ]\n            },\n            {\n              \"mc\": \"<=145\"\n            }\n          ]\n        },\n        {\n          \"and\": []\n        }\n      ]\n    }\n  },\n  {\n    \"title\": \"satisfyRule sample 9\",\n    \"value\": \"pREV[`p!\"\n  }\n]",
              "code": "fast_check_1.sample(index_test_2.satisfyRule, 10).forEach((sample, i) => addContext_1.default(this, {\n    title: `satisfyRule sample ${i}`,\n    value: sample,\n}));\nreturn fast_check_1.assert(fast_check_1.property(index_test_2.satisfyRule, ajvValidate));",
              "err": {},
              "uuid": "47647324-8f89-44f6-8cce-410b8c367244",
              "parentUUID": "207ee188-63ad-481d-b386-10279df58b2f",
              "isHook": false,
              "skipped": false
            },
            {
              "title": "should not validate non-string/object",
              "fullTitle": "satisfyRuleSchema should not validate non-string/object",
              "timedOut": false,
              "duration": 1,
              "state": "passed",
              "speed": "fast",
              "pass": true,
              "fail": false,
              "pending": false,
              "context": null,
              "code": "const error = {\n    instancePath: \"\",\n    message: \"satisfy rule should be either a string or an object\",\n};\nisInvalidRule(null, error);\nisInvalidRule(undefined, error);\nisInvalidRule(10, error);\nisInvalidRule([12, 24], error);",
              "err": {},
              "uuid": "fff380bb-9832-4cdb-8f52-48e592465459",
              "parentUUID": "207ee188-63ad-481d-b386-10279df58b2f",
              "isHook": false,
              "skipped": false
            },
            {
              "title": "should not validate satisfy rules with extra properties",
              "fullTitle": "satisfyRuleSchema should not validate satisfy rules with extra properties",
              "timedOut": false,
              "duration": 0,
              "state": "passed",
              "speed": "fast",
              "pass": true,
              "fail": false,
              "pending": false,
              "context": null,
              "code": "isInvalidRule({\n        and: [\n            { or: [\"2k\"], abc: \"def\" },\n            { mc: 8, ghi: \"jkl\" },\n        ],\n        mno: \"pqr\",\n    }, {\n        instancePath: \"/and/0\",\n        message: \"or satisfy rule should have property 'or' only\",\n    }, {\n        instancePath: \"/and/1\",\n        message: \"MC satisfy rule should have property 'mc' only\",\n    }, {\n        instancePath: \"\",\n        message: \"and satisfy rule should have property 'and' only\",\n    })",
              "err": {},
              "uuid": "310a6e16-893a-436c-aee6-6de938fb6f8b",
              "parentUUID": "207ee188-63ad-481d-b386-10279df58b2f",
              "isHook": false,
              "skipped": false
            },
            {
              "title": "should not validate ambiguous satisfy rules",
              "fullTitle": "satisfyRuleSchema should not validate ambiguous satisfy rules",
              "timedOut": false,
              "duration": 0,
              "state": "passed",
              "speed": "fast",
              "pass": true,
              "fail": false,
              "pending": false,
              "context": null,
              "code": "const message = \"satisfy rule should have only one of properties 'mc', 'and', 'or'\";\nisInvalidRule({\n    or: [\n        { mc: 5, and: [\"CS2040\"] },\n        { and: [{ and: [\"abc\"], or: [\"def\"] }] },\n    ],\n}, { instancePath: \"/or/0\", message }, { instancePath: \"/or/1/and/0\", message });",
              "err": {},
              "uuid": "a3b2c891-0afe-41a4-a2d8-7c3aed1ecc0e",
              "parentUUID": "207ee188-63ad-481d-b386-10279df58b2f",
              "isHook": false,
              "skipped": false
            },
            {
              "title": "should not validate and satisfy rules with non-array property",
              "fullTitle": "satisfyRuleSchema should not validate and satisfy rules with non-array property",
              "timedOut": false,
              "duration": 1,
              "state": "passed",
              "speed": "fast",
              "pass": true,
              "fail": false,
              "pending": false,
              "context": null,
              "code": "const message = \"property 'and' should be an array of satisfy rules\";\nisInvalidRule({ or: [{ and: {} }, { or: [{ and: 3 }] }] }, { instancePath: \"/or/0/and\", message }, { instancePath: \"/or/1/or/0/and\", message });",
              "err": {},
              "uuid": "da034748-277c-45cf-90f3-a7205c63bcc6",
              "parentUUID": "207ee188-63ad-481d-b386-10279df58b2f",
              "isHook": false,
              "skipped": false
            },
            {
              "title": "should not validate or satisfy rules with non-array property",
              "fullTitle": "satisfyRuleSchema should not validate or satisfy rules with non-array property",
              "timedOut": false,
              "duration": 0,
              "state": "passed",
              "speed": "fast",
              "pass": true,
              "fail": false,
              "pending": false,
              "context": null,
              "code": "const message = \"property 'or' should be an array of satisfy rules\";\nisInvalidRule({ and: [{ or: {} }, { and: [{ or: 3 }] }] }, { instancePath: \"/and/0/or\", message }, { instancePath: \"/and/1/and/0/or\", message });",
              "err": {},
              "uuid": "60ac03f6-e240-4677-873e-ceae0f5cceb5",
              "parentUUID": "207ee188-63ad-481d-b386-10279df58b2f",
              "isHook": false,
              "skipped": false
            }
          ],
          "suites": [],
          "passes": [
            "1ec77e95-2029-4dec-bc53-f07631895a34",
            "7b89c8c0-af51-4418-9fee-465d4db5dade",
            "47647324-8f89-44f6-8cce-410b8c367244",
            "fff380bb-9832-4cdb-8f52-48e592465459",
            "310a6e16-893a-436c-aee6-6de938fb6f8b",
            "a3b2c891-0afe-41a4-a2d8-7c3aed1ecc0e",
            "da034748-277c-45cf-90f3-a7205c63bcc6",
            "60ac03f6-e240-4677-873e-ceae0f5cceb5"
          ],
          "failures": [],
          "pending": [],
          "skipped": [],
          "duration": 8,
          "root": false,
          "rootEmpty": false,
          "_timeout": 2000
        }
      ],
      "passes": [],
      "failures": [],
      "pending": [],
      "skipped": [],
      "duration": 0,
      "root": true,
      "rootEmpty": true,
      "_timeout": 2000
    }
  ],
  "meta": {
    "mocha": {
      "version": "9.0.0"
    },
    "mochawesome": {
      "options": {
        "quiet": false,
        "reportFilename": "mochawesome",
        "saveHtml": true,
        "saveJson": true,
        "consoleReporter": "spec",
        "useInlineDiffs": false,
        "code": true
      },
      "version": "6.2.2"
    },
    "marge": {
      "options": {
        "reportDir": "docs"
      },
      "version": "5.2.0"
    }
  }
}