{
  "stats": {
    "suites": 10,
    "tests": 48,
    "passes": 48,
    "pending": 0,
    "failures": 0,
    "start": "2021-08-13T07:52:33.168Z",
    "end": "2021-08-13T07:52:33.434Z",
    "duration": 266,
    "testsRegistered": 48,
    "passPercent": 100,
    "pendingPercent": 0,
    "other": 0,
    "hasOther": false,
    "skipped": 0,
    "hasSkipped": false
  },
  "results": [
    {
      "uuid": "02fecd75-f505-4d13-a9f3-89676db143a7",
      "title": "",
      "fullFile": "",
      "file": "",
      "beforeHooks": [],
      "afterHooks": [],
      "tests": [],
      "suites": [
        {
          "uuid": "564e5f56-1423-4a0e-9b1a-e0e4b1b773a3",
          "title": "initDirectories",
          "fullFile": "/home/runner/work/planwithus-lib/planwithus-lib/src/block/schemas.test.ts",
          "file": "/src/block/schemas.test.ts",
          "beforeHooks": [],
          "afterHooks": [],
          "tests": [
            {
              "title": "should parse all blocks with no errors",
              "fullTitle": "initDirectories should parse all blocks with no errors",
              "timedOut": false,
              "duration": 2,
              "state": "passed",
              "speed": "fast",
              "pass": true,
              "fail": false,
              "pending": false,
              "context": null,
              "code": "_1.initDirectories.should.not.throw()",
              "err": {},
              "uuid": "506afdec-e2cd-42bf-9768-5ddde29cf60f",
              "parentUUID": "564e5f56-1423-4a0e-9b1a-e0e4b1b773a3",
              "isHook": false,
              "skipped": false
            },
            {
              "title": "should produce primary, second & minor directories",
              "fullTitle": "initDirectories should produce primary, second & minor directories",
              "timedOut": false,
              "duration": 2,
              "state": "passed",
              "speed": "fast",
              "pass": true,
              "fail": false,
              "pending": false,
              "context": null,
              "code": "const directories = _1.initDirectories();\ndirectories.should.have.property(\"primary\");\ndirectories.should.have.property(\"second\");\ndirectories.should.have.property(\"minor\");",
              "err": {},
              "uuid": "91316134-3479-463e-be1d-a839c060df0f",
              "parentUUID": "564e5f56-1423-4a0e-9b1a-e0e4b1b773a3",
              "isHook": false,
              "skipped": false
            }
          ],
          "suites": [],
          "passes": [
            "506afdec-e2cd-42bf-9768-5ddde29cf60f",
            "91316134-3479-463e-be1d-a839c060df0f"
          ],
          "failures": [],
          "pending": [],
          "skipped": [],
          "duration": 4,
          "root": false,
          "rootEmpty": false,
          "_timeout": 2000
        },
        {
          "uuid": "c980cf27-4970-4a5f-be5a-42c6c93b72d9",
          "title": "blockSchema",
          "fullFile": "/home/runner/work/planwithus-lib/planwithus-lib/src/block/schemas.test.ts",
          "file": "/src/block/schemas.test.ts",
          "beforeHooks": [],
          "afterHooks": [],
          "tests": [
            {
              "title": "should validate valid block",
              "fullTitle": "blockSchema should validate valid block",
              "timedOut": false,
              "duration": 140,
              "state": "passed",
              "speed": "slow",
              "pass": true,
              "fail": false,
              "pending": false,
              "context": "[\n  {\n    \"title\": \"block sample 0\",\n    \"value\": {\n      \"name\": \"&y= $=\",\n      \"ay\": 2005,\n      \"assign\": [],\n      \"match\": {\n        \"and\": [\n          \"EE60*\",\n          {\n            \"or\": [\n              \"IGW9T\",\n              {\n                \"pattern\": \"QK7\",\n                \"exclude\": [\n                  \"XXY7O\"\n                ],\n                \"info\": \"\\\\}Ph#Ku\"\n              },\n              \"PJW39K\"\n            ]\n          },\n          {\n            \"and\": [\n              \"ZOM6\",\n              \"QPL86\"\n            ]\n          },\n          {\n            \"pattern\": \"VHY5808\",\n            \"exclude\": \"FX66**M\"\n          },\n          \"QUP7581S\"\n        ]\n      },\n      \"satisfy\": [\n        {\n          \"or\": [\n            {\n              \"and\": [\n                {\n                  \"and\": [\n                    \"\",\n                    {\n                      \"and\": [\n                        \"EB\\\\lyR1\"\n                      ]\n                    },\n                    \"Q}kD$  [X=\",\n                    \"fpdJi4AXlK\"\n                  ]\n                },\n                \"4.UUi;W\",\n                {\n                  \"or\": []\n                },\n                {\n                  \"and\": [\n                    \"G#XlH66e*\",\n                    {\n                      \"mc\": \"<=174\"\n                    },\n                    \"&%Z68 <]\",\n                    \"\"\n                  ]\n                },\n                {\n                  \"and\": [\n                    {\n                      \"or\": [\n                        \"z2NsI5Il\",\n                        \"\\\\Ge\",\n                        \"\"\n                      ]\n                    },\n                    \"uQ3*\",\n                    {\n                      \"or\": [\n                        \"\",\n                        {\n                          \"and\": []\n                        }\n                      ]\n                    }\n                  ]\n                }\n              ]\n            },\n            {\n              \"mc\": \">=187\"\n            },\n            {\n              \"and\": []\n            },\n            {\n              \"or\": [\n                {\n                  \"or\": [\n                    {\n                      \"or\": [\n                        \",#'e<och\"\n                      ]\n                    },\n                    \"\",\n                    {\n                      \"and\": []\n                    },\n                    \"l'lDJ.AzS\",\n                    \"T]r6@\"\n                  ]\n                }\n              ]\n            },\n            {\n              \"and\": [\n                {\n                  \"mc\": \">=161\"\n                },\n                \"3)ee*i=5\"\n              ]\n            }\n          ]\n        },\n        {\n          \"or\": [\n            {\n              \"or\": [\n                {\n                  \"and\": [\n                    {\n                      \"mc\": \"<=99\"\n                    },\n                    {\n                      \"mc\": \"<=156\"\n                    },\n                    {\n                      \"and\": [\n                        {\n                          \"mc\": \"<=66\"\n                        },\n                        {\n                          \"mc\": \">=167\"\n                        },\n                        \"9{ .@U\",\n                        \"..Dl3;fg,g\",\n                        {\n                          \"and\": [\n                            \"@+0XG0\",\n                            \"H?}W,@-\"\n                          ]\n                        }\n                      ]\n                    },\n                    {\n                      \"and\": [\n                        \"C\\\\WIVG-t7A\",\n                        \"W0Ix\",\n                        {\n                          \"mc\": \"<=42\"\n                        }\n                      ]\n                    }\n                  ]\n                },\n                {\n                  \"or\": [\n                    \"\",\n                    \"6_gxC}w/}\"\n                  ]\n                },\n                \"<S4!5;\\\\kw\",\n                \"-,rw>E\"\n              ]\n            }\n          ]\n        }\n      ],\n      \"url\": \"http://67q.pzv///e\",\n      \"info\": \"1z|{\",\n      \"isSelectable\": true,\n      \"k#R9\": {\n        \"ay\": 1972,\n        \"match\": [\n          {\n            \"or\": [\n              {\n                \"pattern\": \"RKU98x\",\n                \"info\": \"S3BMS@B\"\n              },\n              {\n                \"pattern\": \"QKx500E\",\n                \"info\": \"4a]\"\n              },\n              {\n                \"or\": [\n                  \"VTR4E\",\n                  \"JI*0A\",\n                  \"HTK2D\"\n                ]\n              },\n              {\n                \"and\": [\n                  \"VAN04\"\n                ]\n              }\n            ]\n          },\n          \"AJU94Q\",\n          {\n            \"or\": [\n              {\n                \"or\": [\n                  {\n                    \"and\": [\n                      \"WL1*2Y\",\n                      {\n                        \"pattern\": \"PZ7xX\",\n                        \"exclude\": [\n                          \"BML14*5V\",\n                          \"FXT7009C\",\n                          \"AK9*98G\",\n                          \"HM5015\",\n                          \"CI3D\"\n                        ],\n                        \"info\": \"\\\\xI2g*N+\"\n                      },\n                      \"MI89\"\n                    ]\n                  },\n                  \"QMD971W\",\n                  \"IET*\",\n                  {\n                    \"and\": [\n                      \"JG1\",\n                      \"WU*1Z\",\n                      {\n                        \"and\": [\n                          {\n                            \"and\": [\n                              \"SOK924\",\n                              \"AUU*J\",\n                              \"DDY89*\"\n                            ]\n                          },\n                          \"OF755xF\",\n                          \"XABx\",\n                          {\n                            \"pattern\": \"AA7*x4\",\n                            \"info\": \"\"\n                          }\n                        ]\n                      },\n                      {\n                        \"pattern\": \"MR85\",\n                        \"exclude\": \"KMT79\",\n                        \"info\": \"*HMp\"\n                      }\n                    ]\n                  },\n                  \"WB9x66\"\n                ]\n              },\n              {\n                \"pattern\": \"SNx6\",\n                \"exclude\": [\n                  \"ARR*\",\n                  \"RBF34H\",\n                  \"BC*1\",\n                  \"TT*5K\",\n                  \"JF8285\"\n                ]\n              }\n            ]\n          }\n        ],\n        \"satisfy\": [\n          {\n            \"mc\": \">=38\"\n          }\n        ],\n        \"url\": \"http://sn2y5vs7kx1sxhy6fas8rt.irnmg/cDk4,&~4X\",\n        \"info\": \"O.J8l{|;\",\n        \"isSelectable\": true,\n        \"%\": {\n          \"name\": \")!'.9\",\n          \"match\": [\n            \"EZV9232K\",\n            {\n              \"and\": [\n                {\n                  \"and\": [\n                    {\n                      \"or\": [\n                        \"OF3\",\n                        \"IG1\",\n                        \"JY36C\",\n                        \"UW038B\"\n                      ]\n                    }\n                  ]\n                },\n                {\n                  \"or\": [\n                    {\n                      \"or\": [\n                        {\n                          \"and\": [\n                            {\n                              \"or\": [\n                                \"PW15x6\",\n                                \"MQO3J\"\n                              ]\n                            }\n                          ]\n                        }\n                      ]\n                    },\n                    {\n                      \"and\": [\n                        \"HGW198R\",\n                        \"SQ1857Z\"\n                      ]\n                    }\n                  ]\n                }\n              ]\n            },\n            {\n              \"pattern\": \"AZ1\",\n              \"info\": \"ip_1B@A\"\n            },\n            {\n              \"or\": [\n                {\n                  \"or\": [\n                    {\n                      \"or\": [\n                        \"SA3\"\n                      ]\n                    },\n                    \"SQ501*A\"\n                  ]\n                }\n              ]\n            }\n          ],\n          \"satisfy\": [\n            {\n              \"mc\": \"<=86\"\n            }\n          ],\n          \"url\": \"https://eshrb-nspego4pxo05zqcfuvl8yvp6qgcz3fjrs8oxi5zh7rqlqswkcn8h-y8d.wiz5lq3f8ducjzcf55hsjttu3uk08wmx.7yp361v3ij7g12bbt6-khgfb3gvr30wl7oqerzxd.vj0z3jbqc6n3ln14o0d9z3zdcoo4u95.znylp/,Mp(Hw3jz2/@%F3%95%AE%86:Be18'%F3%B6%B2%AA+/LUA/u%F4%83%BD%B54%F2%B9%B8%A0K%F0%99%A4%8D4/%E2%8A%80Tw@t0J:mg/iM02IHgsSg//R,tI/eIAl\",\n          \"info\": \"02Rt'p{K\",\n          \"isSelectable\": true\n        }\n      },\n      \"ICA1*P+\": {\n        \"name\": \"\",\n        \"ay\": 2024,\n        \"assign\": \"&9G\",\n        \"match\": {\n          \"pattern\": \"WBP322\",\n          \"exclude\": \"NV4\",\n          \"info\": \"98fQsS6:;o\"\n        },\n        \"satisfy\": {\n          \"and\": [\n            {\n              \"and\": [\n                \"l7iU\"\n              ]\n            }\n          ]\n        },\n        \"url\": \"https://j9yixzr03.e.o0r6yxo5ixf40vmdidefnzvuf5b.qnbvc/PH%F2%AB%88%BF/z8',/%F2%AA%86%AFbe1wpex/-!H/L.F%F1%B1%B0%B8,Uu/%F2%9D%B9%A5%F0%98%A3%A8%F1%B8%BA%87%F3%95%8C%9DjDD%F0%B6%8C%96/kB/eGwE@3ojF/k%F2%A4%B0%85U/cZMk.jn\",\n        \"info\": \"q)]=mL7e\",\n        \"isSelectable\": true\n      },\n      \"y4+3PKF\\\"kF\": {\n        \"name\": \"p+)x%wM\",\n        \"ay\": 1976,\n        \"match\": [],\n        \"satisfy\": {\n          \"or\": [\n            {\n              \"or\": [\n                \"E,x=V*\",\n                \"Lxk!eub$\",\n                {\n                  \"or\": [\n                    \"\"\n                  ]\n                },\n                {\n                  \"or\": [\n                    {\n                      \"mc\": \"<=6\"\n                    },\n                    \"4>9m?^|n\",\n                    \"&o\"\n                  ]\n                }\n              ]\n            },\n            {\n              \"mc\": \">=47\"\n            }\n          ]\n        },\n        \"isSelectable\": true\n      },\n      \"pWPAodi!]\": {\n        \"name\": \"i5ZMhQ$Ep\",\n        \"ay\": 2011,\n        \"assign\": \"ORlb\",\n        \"match\": \"GC4572O\",\n        \"url\": \"https://s33yj.tdnr/fQ%F3%AC%A2%920fn_/NpWEXZY_B/O7y,0W%F2%A8%87%9E&R/BJ/vtErcxhm/&Z\",\n        \"info\": \"Vodw>}}d5y\",\n        \"isSelectable\": true,\n        \"LKc\": {\n          \"name\": \"yp\",\n          \"ay\": 1977,\n          \"assign\": \"b.y:GBd\",\n          \"satisfy\": {\n            \"mc\": \">=133\"\n          },\n          \"isSelectable\": true\n        },\n        \"\": {\n          \"name\": \"%\",\n          \"assign\": \"mWYM3Lpr\",\n          \"match\": [\n            {\n              \"or\": [\n                \"CLW7C\",\n                {\n                  \"or\": [\n                    \"DNY3232V\",\n                    {\n                      \"pattern\": \"SUH0\",\n                      \"exclude\": [\n                        \"HNU3x\"\n                      ],\n                      \"info\": \"\\\\|@+F=y'X\"\n                    },\n                    {\n                      \"and\": [\n                        {\n                          \"and\": [\n                            \"OUKx952\",\n                            \"JLM51\",\n                            \"RQN6*x\",\n                            {\n                              \"and\": [\n                                {\n                                  \"pattern\": \"BDP*\",\n                                  \"exclude\": \"XIF6456K\",\n                                  \"info\": \"T}$kH\"\n                                },\n                                \"FY*55\",\n                                \"MV4\"\n                              ]\n                            },\n                            \"OIK8530\"\n                          ]\n                        },\n                        \"BT2\"\n                      ]\n                    },\n                    \"RQH64*H\",\n                    \"QPG18x\"\n                  ]\n                }\n              ]\n            },\n            {\n              \"pattern\": \"KO*6\",\n              \"exclude\": \"PPHx4\"\n            },\n            {\n              \"or\": [\n                {\n                  \"or\": [\n                    \"PZG3*P\"\n                  ]\n                }\n              ]\n            },\n            {\n              \"or\": [\n                {\n                  \"and\": [\n                    {\n                      \"pattern\": \"IJ829L\",\n                      \"exclude\": \"JBP461\",\n                      \"info\": \"u)GNvPGf\"\n                    },\n                    \"SWB1\",\n                    {\n                      \"and\": []\n                    },\n                    \"ZFK*49L\"\n                  ]\n                },\n                {\n                  \"pattern\": \"QFC4\",\n                  \"exclude\": \"QLR871\",\n                  \"info\": \"\"\n                },\n                {\n                  \"or\": [\n                    \"MSL5826\",\n                    \"QJG4O\",\n                    {\n                      \"and\": [\n                        \"RSQ12R\"\n                      ]\n                    },\n                    {\n                      \"or\": [\n                        {\n                          \"or\": []\n                        }\n                      ]\n                    },\n                    {\n                      \"pattern\": \"FZZ3303J\",\n                      \"exclude\": \"GA6154\",\n                      \"info\": \"eMVUPYM:-\"\n                    }\n                  ]\n                },\n                {\n                  \"or\": [\n                    {\n                      \"or\": []\n                    },\n                    {\n                      \"pattern\": \"LBL3\",\n                      \"exclude\": [],\n                      \"info\": \"\"\n                    },\n                    {\n                      \"or\": [\n                        {\n                          \"pattern\": \"CL5\",\n                          \"exclude\": \"OW69O\"\n                        },\n                        \"CGO4\",\n                        \"ENZ80x4\"\n                      ]\n                    }\n                  ]\n                },\n                {\n                  \"pattern\": \"YH6xT\",\n                  \"exclude\": [\n                    \"QL8*7E\",\n                    \"ED394\"\n                  ],\n                  \"info\": \"^d>)M;\"\n                }\n              ]\n            },\n            \"WA66\"\n          ],\n          \"url\": \"http://9.4.krg2tzaq4ptx2sn6ml92l9rj-9662f1dx.vgfgmariuc76cdo3cdaw2l7k0b2xsjkl65ej2.hvnfxjywqlcf25zwn50gg1ujrss6finfmlooua.sgxwp/C=Fi%F0%96%9A%9Eg;$W/1bM%F4%83%A5%87'3Ys3/Dkd\",\n          \"info\": \"to(+\\\\\"\n        },\n        \"F8u\": {\n          \"ay\": 1963,\n          \"assign\": [\n            \"omnUed\",\n            \"K08{kzJ{l\",\n            \"1Q\"\n          ],\n          \"match\": [\n            {\n              \"pattern\": \"NKD26xQ\",\n              \"exclude\": \"JNM9*14Q\",\n              \"info\": \"t%+-\\\"OFh\"\n            },\n            {\n              \"or\": []\n            },\n            {\n              \"or\": [\n                {\n                  \"and\": [\n                    {\n                      \"and\": []\n                    },\n                    {\n                      \"or\": [\n                        \"TK94*U\",\n                        {\n                          \"pattern\": \"WFV38K\",\n                          \"exclude\": \"FEF76\",\n                          \"info\": \"Fx%S{;\"\n                        }\n                      ]\n                    },\n                    \"EOP6258\",\n                    {\n                      \"pattern\": \"MZ8515\",\n                      \"exclude\": [],\n                      \"info\": \"f110Z\\\"U<Gz\"\n                    },\n                    \"LYR4084X\"\n                  ]\n                },\n                {\n                  \"and\": [\n                    {\n                      \"and\": [\n                        \"IRN638\"\n                      ]\n                    },\n                    {\n                      \"or\": [\n                        \"WQ0551\",\n                        {\n                          \"and\": [\n                            \"TQJ2W\"\n                          ]\n                        },\n                        \"GC7\",\n                        \"AE23S\"\n                      ]\n                    },\n                    \"YQ487X\",\n                    {\n                      \"or\": [\n                        \"LRW78\",\n                        {\n                          \"and\": [\n                            \"NL5x60R\",\n                            {\n                              \"or\": [\n                                \"YOG5\"\n                              ]\n                            },\n                            \"GFB*2\",\n                            \"ZV1165\",\n                            \"DD39S\"\n                          ]\n                        },\n                        \"NIP*x\"\n                      ]\n                    }\n                  ]\n                },\n                {\n                  \"and\": [\n                    \"VBZ1\",\n                    {\n                      \"or\": [\n                        \"TU57\",\n                        \"YSGx\",\n                        \"YIM*12\",\n                        \"ZDX66M\",\n                        \"HL06\"\n                      ]\n                    },\n                    \"NDA69\"\n                  ]\n                },\n                {\n                  \"or\": [\n                    \"MS7C\",\n                    {\n                      \"or\": [\n                        \"KHV178x\"\n                      ]\n                    },\n                    {\n                      \"and\": [\n                        {\n                          \"or\": [\n                            \"REZ2xG\"\n                          ]\n                        },\n                        {\n                          \"and\": [\n                            \"WT61P\",\n                            {\n                              \"or\": []\n                            },\n                            {\n                              \"and\": [\n                                \"XQx\",\n                                {\n                                  \"or\": []\n                                },\n                                {\n                                  \"or\": [\n                                    \"YBCx1*4Z\",\n                                    \"SZH486\",\n                                    \"MYZ2\",\n                                    \"FXJ018Q\"\n                                  ]\n                                },\n                                \"YP88V\"\n                              ]\n                            },\n                            {\n                              \"and\": [\n                                \"TE2J\",\n                                {\n                                  \"pattern\": \"LT*243D\",\n                                  \"exclude\": \"HB337\",\n                                  \"info\": \")Z.a=SOL\"\n                                },\n                                \"GA0*\",\n                                \"FD774G\",\n                                \"ITJ8\"\n                              ]\n                            }\n                          ]\n                        }\n                      ]\n                    }\n                  ]\n                }\n              ]\n            },\n            \"CL633\"\n          ],\n          \"url\": \"https://v.q.k.5suro2zh89tdzjwr6kopoczznicgg347gf3uuasbqoe8zlivqu87ahmloh260i.zz-h9ljmw256-erab1iozeat-3jz7jxldauud9l5d3uuk4nc6mal.plbquorkq/X@*i/%F1%B1%BD%B8X*H~4/@%E4%9D%B7D&~i0/l/AcEWg//5n%F3%95%86%95:;DLDB\",\n          \"info\": \"dzj}QNVr\",\n          \"isSelectable\": true\n        }\n      }\n    }\n  },\n  {\n    \"title\": \"block sample 1\",\n    \"value\": {\n      \"name\": \"|\\\"#\",\n      \"ay\": 2027,\n      \"assign\": [\n        \"=x)\"\n      ],\n      \"match\": {\n        \"or\": [\n          {\n            \"and\": [\n              {\n                \"or\": [\n                  {\n                    \"and\": [\n                      \"XP72\",\n                      \"BYF72B\",\n                      {\n                        \"or\": [\n                          \"PWH4x*0\",\n                          \"WOGx26\"\n                        ]\n                      },\n                      {\n                        \"or\": [\n                          \"WFV4C\",\n                          {\n                            \"or\": [\n                              \"JRGx6\",\n                              \"VH3\",\n                              \"IPL81*8A\"\n                            ]\n                          },\n                          \"NT19X\"\n                        ]\n                      }\n                    ]\n                  }\n                ]\n              },\n              {\n                \"or\": [\n                  \"KG*\"\n                ]\n              },\n              \"PGY5281S\",\n              {\n                \"and\": [\n                  {\n                    \"pattern\": \"IQ21\",\n                    \"exclude\": [\n                      \"IYZ740\"\n                    ],\n                    \"info\": \";W9bhL\"\n                  },\n                  \"YA7815\"\n                ]\n              },\n              \"FC3*\"\n            ]\n          },\n          {\n            \"or\": [\n              {\n                \"pattern\": \"GR57C\",\n                \"exclude\": \"XMF*897\",\n                \"info\": \":_\\\\/P4ol,\"\n              },\n              {\n                \"or\": [\n                  \"BPV951\",\n                  \"CRQ6A\",\n                  \"LQ*841Z\"\n                ]\n              },\n              \"TD2P\",\n              \"SVC24I\"\n            ]\n          }\n        ]\n      },\n      \"url\": \"http://lwfy6h41sevdqyux913helnbqw4c9m9xx0-mqy68rerhi3iyr5tjuq7mhhl.e7.f.cavouw\",\n      \"info\": \"n@T=$^K\",\n      \"isSelectable\": true\n    }\n  },\n  {\n    \"title\": \"block sample 2\",\n    \"value\": {\n      \"name\": \" 0\",\n      \"ay\": 2020,\n      \"assign\": [\n        \"\"\n      ],\n      \"match\": {\n        \"or\": [\n          \"SDX9\"\n        ]\n      },\n      \"satisfy\": {\n        \"mc\": \">=5\"\n      },\n      \"url\": \"https://c245a16pi3212alkh56kv5.oazgpr//oEWopZv/wR9sPsZ0/8yRYJ3m4r//$ZKeQXB/Fj0g(2%F2%81%88%A9qW\",\n      \"info\": \"\",\n      \"isSelectable\": true,\n      \"q3Sd$=\\\"#*8\": {\n        \"name\": \"jN\",\n        \"ay\": 1952,\n        \"assign\": [\n          \"%b\",\n          \"$Q:: \"\n        ],\n        \"match\": \"EYF5\",\n        \"url\": \"http://xdf0brf31lq.ipdoy06d3yj-c7mm917w0l9k4yu21n2vq3lefnhbgcpxhm.yoetfvm/1C/wEa&O3S;/%F3%9D%B1%99a%F3%B6%83%9F/%F3%9A%90%BFfBhjMBD/'%F3%9B%9A%80wq%F4%84%A7%A0:9%F4%8E%A1%87p-/6W\",\n        \"info\": \"\",\n        \"isSelectable\": true\n      }\n    }\n  },\n  {\n    \"title\": \"block sample 3\",\n    \"value\": {\n      \"name\": \"!\",\n      \"ay\": 2029,\n      \"match\": [],\n      \"satisfy\": {\n        \"and\": [\n          \"2q\",\n          \"p& \",\n          {\n            \"or\": []\n          },\n          {\n            \"mc\": \"<=85\"\n          }\n        ]\n      },\n      \"url\": \"https://1721odb7ct0pfy2gzwvssnyovdf6bb7h7vozsyli19xk7q2s-b-qfs69bia2e6.og8z5ptk56z7.yfaovftwl/JRHe,gf@%31\",\n      \"info\": \"{6h\",\n      \"isSelectable\": true\n    }\n  },\n  {\n    \"title\": \"block sample 4\",\n    \"value\": {\n      \"name\": \"z(3giTyU\",\n      \"ay\": 1966,\n      \"match\": [\n        {\n          \"and\": []\n        },\n        \"RN8\",\n        {\n          \"pattern\": \"CET9S\",\n          \"info\": \"M(*<vzY\"\n        },\n        {\n          \"pattern\": \"CZH6\",\n          \"exclude\": [\n            \"WW049\",\n            \"DAM88x6H\",\n            \"KW83*9J\"\n          ],\n          \"info\": \"\"\n        },\n        {\n          \"pattern\": \"XD228N\",\n          \"exclude\": [\n            \"KRx\",\n            \"YS56\",\n            \"RZF*\"\n          ],\n          \"info\": \"Vz%\"\n        }\n      ],\n      \"satisfy\": [\n        {\n          \"or\": [\n            \"h\",\n            {\n              \"mc\": \">=51\"\n            }\n          ]\n        }\n      ],\n      \"info\": \"&R$\",\n      \"isSelectable\": true\n    }\n  },\n  {\n    \"title\": \"block sample 5\",\n    \"value\": {\n      \"ay\": 1985,\n      \"match\": [\n        {\n          \"or\": [\n            {\n              \"pattern\": \"PO7I\",\n              \"exclude\": [\n                \"SM00*Y\",\n                \"EC310B\"\n              ],\n              \"info\": \"\"\n            },\n            {\n              \"pattern\": \"NK280M\",\n              \"exclude\": \"CT*T\",\n              \"info\": \"w[K&FQ#_b\"\n            },\n            \"DL22*9A\",\n            {\n              \"pattern\": \"YTVx116\",\n              \"exclude\": \"VC908\",\n              \"info\": \"?R[ro%J*\"\n            },\n            {\n              \"pattern\": \"WR25W\",\n              \"exclude\": [\n                \"MYE8W\"\n              ],\n              \"info\": \"IW=3tP3{Xb\"\n            }\n          ]\n        }\n      ],\n      \"satisfy\": \"}}&x\\\"O\",\n      \"url\": \"https://ckr7rhqf8xwmt50eco9zvhfz8do2g6r5xa4x3ngqr5mnhe5wsrs085stn9.0nbcs1qcvcl75o2je.yqvpjvw/hCa/fu;/=p/x/N=/ja%F3%AC%84%8C/:bR%F4%8A%B2%99@UKy+./0'wj/7_Lw2/\",\n      \"info\": \"PCDyN$a?|U\",\n      \"isSelectable\": true\n    }\n  },\n  {\n    \"title\": \"block sample 6\",\n    \"value\": {\n      \"name\": \"\",\n      \"ay\": 1956,\n      \"assign\": [\n        \"  R\",\n        \"NkkmOk@EXR\"\n      ],\n      \"match\": [\n        {\n          \"pattern\": \"NLY97\",\n          \"info\": \"\"\n        },\n        {\n          \"pattern\": \"WR*8Q\",\n          \"exclude\": \"XF2x4T\",\n          \"info\": \"\"\n        },\n        {\n          \"and\": [\n            {\n              \"and\": []\n            },\n            {\n              \"and\": [\n                \"MN7322K\",\n                \"NE*V\"\n              ]\n            },\n            {\n              \"pattern\": \"TM*3\",\n              \"exclude\": \"NJEx11T\",\n              \"info\": \"{wr,L_Y\"\n            },\n            \"NJL1927\",\n            {\n              \"and\": [\n                \"ZKB4*3*\",\n                {\n                  \"pattern\": \"OY907\",\n                  \"exclude\": [\n                    \"CO45J\"\n                  ],\n                  \"info\": \"|Bpu\"\n                },\n                {\n                  \"or\": [\n                    {\n                      \"or\": [\n                        {\n                          \"or\": [\n                            \"MBY6K\",\n                            \"ZSE913\",\n                            \"ZO*222\"\n                          ]\n                        },\n                        \"GUK69\",\n                        \"BY961\"\n                      ]\n                    },\n                    {\n                      \"or\": [\n                        \"ITL3x14\",\n                        {\n                          \"pattern\": \"IZL63*4P\",\n                          \"info\": \"Cu\"\n                        },\n                        \"TBT7**x\",\n                        \"XIY121R\",\n                        \"YG6U\"\n                      ]\n                    },\n                    \"QK*\",\n                    {\n                      \"or\": [\n                        \"QZ15\",\n                        \"TYC6924V\"\n                      ]\n                    }\n                  ]\n                },\n                {\n                  \"or\": [\n                    \"YTU3\",\n                    \"TJH76\",\n                    {\n                      \"or\": [\n                        \"ZEJ440T\",\n                        \"ZLY5B\"\n                      ]\n                    }\n                  ]\n                },\n                \"CRI*7F\"\n              ]\n            }\n          ]\n        },\n        {\n          \"and\": [\n            {\n              \"and\": [\n                \"BU1073\",\n                {\n                  \"or\": [\n                    \"BO2909\",\n                    \"GD85\",\n                    \"RY57x7S\",\n                    \"XVT*961P\"\n                  ]\n                },\n                {\n                  \"and\": [\n                    {\n                      \"or\": [\n                        \"DG7*L\",\n                        \"CS6\",\n                        {\n                          \"or\": [\n                            \"OL3D\",\n                            \"ZVY396\",\n                            \"YJ9\",\n                            \"PR0497M\"\n                          ]\n                        }\n                      ]\n                    }\n                  ]\n                },\n                {\n                  \"and\": [\n                    {\n                      \"and\": [\n                        \"QI96\",\n                        \"KLI5D\",\n                        \"HRP177J\"\n                      ]\n                    },\n                    \"IOU1xG\",\n                    {\n                      \"and\": [\n                        \"RD817\",\n                        {\n                          \"pattern\": \"ABZ62\",\n                          \"info\": \"Q,P.78\"\n                        }\n                      ]\n                    },\n                    \"QN1*\"\n                  ]\n                },\n                {\n                  \"or\": []\n                }\n              ]\n            }\n          ]\n        }\n      ],\n      \"satisfy\": {\n        \"mc\": \">=197\"\n      },\n      \"url\": \"https://eezfpmx.xxtmqxjnhi/%F1%9A%B4%A9%F3%B3%88%86K@O/UZ/%F3%B8%93%AB$Z/H0exx/o7t%F1%A1%81%9D=/gT)+T%F1%98%8A%99+/%F2%BA%84%A0%F1%92%B3%91YquCc*,\",\n      \"info\": \"`l\\\\j+\",\n      \"isSelectable\": true\n    }\n  },\n  {\n    \"title\": \"block sample 7\",\n    \"value\": {\n      \"name\": \"\",\n      \"ay\": 2030,\n      \"assign\": \"X)\",\n      \"match\": \"BVN52I\",\n      \"satisfy\": [\n        {\n          \"or\": [\n            {\n              \"mc\": \">=5\"\n            }\n          ]\n        },\n        {\n          \"or\": []\n        },\n        {\n          \"mc\": \">=89\"\n        },\n        {\n          \"mc\": \"<=6\"\n        }\n      ],\n      \"url\": \"http://npzmtaf.weaefba.sbeac.e.bc.cxyd/~W!Jxy%F0%A5%A6%83//P~FNP0(2/GyFGa%F2%AD%93%B1/\",\n      \"info\": \"`mn\",\n      \"isSelectable\": true\n    }\n  },\n  {\n    \"title\": \"block sample 8\",\n    \"value\": {\n      \"name\": \"I\",\n      \"ay\": 1952,\n      \"assign\": \"S!W&U~%|t\",\n      \"match\": {\n        \"pattern\": \"SN4*38\",\n        \"exclude\": \"CH780\",\n        \"info\": \"6\\\"\"\n      },\n      \"satisfy\": [\n        {\n          \"mc\": \"<=2\"\n        },\n        {\n          \"mc\": \"<=174\"\n        },\n        \"\"\n      ],\n      \"url\": \"http://gndb5.9jtitw6oboii5cvj86rqgtl2iajfwjtdxgs-m57jgb.0dh04iwdkpp80lfz7fhbwmtqel9.062oegrk2hvcp-11c6xwp8zudozjuqyojz-ek1w3ps4ztiuvni-9i1mrdh7.ywitvkbwvy\",\n      \"info\": \"{t\\\"zYz{G&y\",\n      \"isSelectable\": true,\n      \"oU=v{F\": {\n        \"name\": \"r9t'cZ2\",\n        \"ay\": 2023,\n        \"satisfy\": {\n          \"mc\": \"<=163\"\n        },\n        \"info\": \";\"\n      }\n    }\n  },\n  {\n    \"title\": \"block sample 9\",\n    \"value\": {\n      \"name\": \"Z}+&B\",\n      \"ay\": 1952,\n      \"url\": \"http://lkf1506hgwmcdvnzkph171ed5q-1o2k9qig2gl830c3zdw0sudv.ccemsvgdx/D%F1%A7%AD%980SjUP/r::/O/%F2%B9%9B%B680/4yh//LI:O/I/n%F3%82%81%BDSpzbX0DS/\",\n      \"info\": \"cvs~[\",\n      \"isSelectable\": true\n    }\n  }\n]",
              "code": "fast_check_1.sample(index_test_2.block, 10).forEach((sample, i) => addContext_1.default(this, {\n    title: `block sample ${i}`,\n    value: sample,\n}));\nreturn fast_check_1.assert(fast_check_1.property(index_test_2.block, ajvValidate));",
              "err": {},
              "uuid": "0373d6f8-fa25-431f-a6fe-766167de6cac",
              "parentUUID": "c980cf27-4970-4a5f-be5a-42c6c93b72d9",
              "isHook": false,
              "skipped": false
            },
            {
              "title": "should not validate non-object",
              "fullTitle": "blockSchema should not validate non-object",
              "timedOut": false,
              "duration": 1,
              "state": "passed",
              "speed": "fast",
              "pass": true,
              "fail": false,
              "pending": false,
              "context": null,
              "code": "const error = {\n    instancePath: \"\",\n    message: \"block should be an object\",\n};\nisInvalidBlock(null, error);\nisInvalidBlock(undefined, error);\nisInvalidBlock(10, error);\nisInvalidBlock([12, 24], error);\nisInvalidBlock(\"abc\", error);",
              "err": {},
              "uuid": "707026c9-f5d3-40a0-b504-762eec82af5b",
              "parentUUID": "c980cf27-4970-4a5f-be5a-42c6c93b72d9",
              "isHook": false,
              "skipped": false
            },
            {
              "title": "should not validate block with invalid properties",
              "fullTitle": "blockSchema should not validate block with invalid properties",
              "timedOut": false,
              "duration": 0,
              "state": "passed",
              "speed": "fast",
              "pass": true,
              "fail": false,
              "pending": false,
              "context": null,
              "code": "isInvalidBlock({\n        name: { foo: \"bar\" },\n        ay: -1000,\n        assign: {},\n        match: 1,\n        satisfy: 2,\n        url: { abc: \"def\" },\n        info: 42,\n        isSelectable: 32,\n    }, { instancePath: \"/name\", message: \"property 'name' should be a string\" }, {\n        instancePath: \"/ay\",\n        message: \"property 'ay' should be a positive integer\",\n    }, {\n        instancePath: \"/assign\",\n        message: \"property 'assign' should be either a block ID or an array of block IDs\",\n    }, {\n        instancePath: \"/match\",\n        message: \"property 'match' should be either a match rule or an array of match rules\",\n    }, {\n        instancePath: \"/satisfy\",\n        message: \"property 'satisfy' should be either a satisfy rule or an array of satisfy rules\",\n    }, { instancePath: \"/url\", message: \"property 'url' should be a string\" }, { instancePath: \"/info\", message: \"property 'info' should be a string\" }, {\n        instancePath: \"/isSelectable\",\n        message: \"property 'isSelectable' should be a boolean\",\n    })",
              "err": {},
              "uuid": "870256d0-2b67-4f8e-9fda-66fe3c7aa6ae",
              "parentUUID": "c980cf27-4970-4a5f-be5a-42c6c93b72d9",
              "isHook": false,
              "skipped": false
            }
          ],
          "suites": [],
          "passes": [
            "0373d6f8-fa25-431f-a6fe-766167de6cac",
            "707026c9-f5d3-40a0-b504-762eec82af5b",
            "870256d0-2b67-4f8e-9fda-66fe3c7aa6ae"
          ],
          "failures": [],
          "pending": [],
          "skipped": [],
          "duration": 141,
          "root": false,
          "rootEmpty": false,
          "_timeout": 2000
        },
        {
          "uuid": "d769e966-d26d-4971-82ea-e73b145a0e70",
          "title": "patternToRE",
          "fullFile": "/home/runner/work/planwithus-lib/planwithus-lib/src/matchRule/pattern/satisfiers.test.ts",
          "file": "/src/matchRule/pattern/satisfiers.test.ts",
          "beforeHooks": [],
          "afterHooks": [],
          "tests": [
            {
              "title": "should match valid modules with a single pattern",
              "fullTitle": "patternToRE should match valid modules with a single pattern",
              "timedOut": false,
              "duration": 15,
              "state": "passed",
              "speed": "fast",
              "pass": true,
              "fail": false,
              "pending": false,
              "context": "[\n  {\n    \"title\": \"patternExampleList sample 0\",\n    \"value\": [\n      \"CNG302B\",\n      [\n        \"CNG302B\"\n      ]\n    ]\n  },\n  {\n    \"title\": \"patternExampleList sample 1\",\n    \"value\": [\n      \"CW01\",\n      [\n        \"CW01\"\n      ]\n    ]\n  },\n  {\n    \"title\": \"patternExampleList sample 2\",\n    \"value\": [\n      \"RD1x4\",\n      [\n        \"RD124\",\n        \"RD144\",\n        \"RD184\",\n        \"RD114\",\n        \"RD174\",\n        \"RD134\"\n      ]\n    ]\n  },\n  {\n    \"title\": \"patternExampleList sample 3\",\n    \"value\": [\n      \"IKV235O\",\n      [\n        \"IKV235O\"\n      ]\n    ]\n  },\n  {\n    \"title\": \"patternExampleList sample 4\",\n    \"value\": [\n      \"GSTx8\",\n      [\n        \"GST68\",\n        \"GST38\",\n        \"GST28\",\n        \"GST18\",\n        \"GST48\",\n        \"GST08\",\n        \"GST88\",\n        \"GST98\",\n        \"GST78\"\n      ]\n    ]\n  },\n  {\n    \"title\": \"patternExampleList sample 5\",\n    \"value\": [\n      \"QUO*\",\n      [\n        \"QUO\",\n        \"QUOD\"\n      ]\n    ]\n  },\n  {\n    \"title\": \"patternExampleList sample 6\",\n    \"value\": [\n      \"ZJxxD\",\n      [\n        \"ZJ93D\",\n        \"ZJ48D\",\n        \"ZJ28D\",\n        \"ZJ46D\",\n        \"ZJ11D\",\n        \"ZJ25D\",\n        \"ZJ29D\",\n        \"ZJ57D\",\n        \"ZJ42D\",\n        \"ZJ23D\",\n        \"ZJ84D\"\n      ]\n    ]\n  },\n  {\n    \"title\": \"patternExampleList sample 7\",\n    \"value\": [\n      \"BU314\",\n      [\n        \"BU314\"\n      ]\n    ]\n  },\n  {\n    \"title\": \"patternExampleList sample 8\",\n    \"value\": [\n      \"PGC4640\",\n      [\n        \"PGC4640\"\n      ]\n    ]\n  },\n  {\n    \"title\": \"patternExampleList sample 9\",\n    \"value\": [\n      \"YTK1\",\n      [\n        \"YTK1\"\n      ]\n    ]\n  }\n]",
              "code": "fast_check_1.sample(index_test_1.patternExampleList, 10).forEach((sample, i) => addContext_1.default(this, {\n    title: `patternExampleList sample ${i}`,\n    value: sample,\n}));\nreturn fast_check_1.assert(fast_check_1.property(index_test_1.patternExampleList, ([patternStr, examples]) => {\n    const re = _1.patternToRE(patternStr);\n    return examples.every(re.test.bind(re));\n}));",
              "err": {},
              "uuid": "40739c3d-2f40-4eb5-8711-fe2c231f5237",
              "parentUUID": "d769e966-d26d-4971-82ea-e73b145a0e70",
              "isHook": false,
              "skipped": false
            },
            {
              "title": "should match valid modules with multiple patterns",
              "fullTitle": "patternToRE should match valid modules with multiple patterns",
              "timedOut": false,
              "duration": 60,
              "state": "passed",
              "speed": "medium",
              "pass": true,
              "fail": false,
              "pending": false,
              "context": "[\n  {\n    \"title\": \"patternExampleListArray sample 0\",\n    \"value\": [\n      [\n        \"WB10*\",\n        [\n          \"WB10Y\",\n          \"WB10VF\",\n          \"WB10D\",\n          \"WB10TFYR5J\"\n        ]\n      ],\n      [\n        \"LLN4**\",\n        [\n          \"LLN47TDAQVVWLKE62\",\n          \"LLN4ZVVAE\",\n          \"LLN411DQ\",\n          \"LLN4XION\",\n          \"LLN4L85T0LQ2\",\n          \"LLN44O0XD740\",\n          \"LLN4FWZ614\",\n          \"LLN49KO84T549UMEO\",\n          \"LLN4AW0CHEUIJD\",\n          \"LLN4X1ZPHULS\",\n          \"LLN4AJ390GH5TSXOX\",\n          \"LLN47RV\"\n        ]\n      ],\n      [\n        \"XMC00*6E\",\n        [\n          \"XMC004YQVO6E\",\n          \"XMC00IEGK6E\",\n          \"XMC008SF9B66E\",\n          \"XMC00UMUO6E\",\n          \"XMC00ZUTEF3396E\",\n          \"XMC00JS6E\"\n        ]\n      ],\n      [\n        \"YBN38xH\",\n        [\n          \"YBN384H\",\n          \"YBN383H\"\n        ]\n      ],\n      [\n        \"BRR0881\",\n        [\n          \"BRR0881\"\n        ]\n      ],\n      [\n        \"RR*007W\",\n        [\n          \"RRPS6ZH007W\",\n          \"RR007W\",\n          \"RR4007W\"\n        ]\n      ],\n      [\n        \"AE2B\",\n        [\n          \"AE2B\"\n        ]\n      ],\n      [\n        \"DXY9P\",\n        [\n          \"DXY9P\"\n        ]\n      ],\n      [\n        \"FM41E\",\n        [\n          \"FM41E\"\n        ]\n      ],\n      [\n        \"ELT48*S\",\n        [\n          \"ELT48PAV7VDUS\",\n          \"ELT48648GNJS\",\n          \"ELT4860LHZS4S\",\n          \"ELT48R488G5GXS\",\n          \"ELT48S\",\n          \"ELT48GUNDUWLS\",\n          \"ELT48KJ0HDG3S\",\n          \"ELT48GU7JS\"\n        ]\n      ]\n    ]\n  },\n  {\n    \"title\": \"patternExampleListArray sample 1\",\n    \"value\": [\n      [\n        \"MVF6*9U\",\n        [\n          \"MVF69U\",\n          \"MVF62Z9U\",\n          \"MVF6QVINPNBV9U\",\n          \"MVF6P4VLV9U\",\n          \"MVF6BR0DNT9U\",\n          \"MVF6ACOV3R9U\",\n          \"MVF6W7B9U\",\n          \"MVF6C9BFD9U\"\n        ]\n      ],\n      [\n        \"OL522N\",\n        [\n          \"OL522N\"\n        ]\n      ],\n      [\n        \"SO17Q\",\n        [\n          \"SO17Q\"\n        ]\n      ],\n      [\n        \"MS7x\",\n        [\n          \"MS74\",\n          \"MS77\",\n          \"MS78\",\n          \"MS76\",\n          \"MS72\"\n        ]\n      ],\n      [\n        \"VP44\",\n        [\n          \"VP44\"\n        ]\n      ]\n    ]\n  },\n  {\n    \"title\": \"patternExampleListArray sample 2\",\n    \"value\": [\n      [\n        \"ZQE9502\",\n        [\n          \"ZQE9502\"\n        ]\n      ],\n      [\n        \"AE4E\",\n        [\n          \"AE4E\"\n        ]\n      ],\n      [\n        \"AYQ147\",\n        [\n          \"AYQ147\"\n        ]\n      ],\n      [\n        \"PSW0840\",\n        [\n          \"PSW0840\"\n        ]\n      ],\n      [\n        \"KM078O\",\n        [\n          \"KM078O\"\n        ]\n      ]\n    ]\n  },\n  {\n    \"title\": \"patternExampleListArray sample 3\",\n    \"value\": [\n      [\n        \"SYR0*\",\n        [\n          \"SYR0\",\n          \"SYR0CNPLUKVL\",\n          \"SYR0S5ZEORS\"\n        ]\n      ],\n      [\n        \"BQ0S\",\n        [\n          \"BQ0S\"\n        ]\n      ],\n      [\n        \"DU480E\",\n        [\n          \"DU480E\"\n        ]\n      ],\n      [\n        \"NX21G\",\n        [\n          \"NX21G\"\n        ]\n      ],\n      [\n        \"NRM4\",\n        [\n          \"NRM4\"\n        ]\n      ],\n      [\n        \"RS*482\",\n        [\n          \"RSBMLXO482\",\n          \"RSB482\",\n          \"RSD482\",\n          \"RSY482\",\n          \"RSLK9IIX1L482\",\n          \"RSKBG482\",\n          \"RSN9G482\",\n          \"RS482\",\n          \"RSUOZFR482\"\n        ]\n      ],\n      [\n        \"XW840\",\n        [\n          \"XW840\"\n        ]\n      ],\n      [\n        \"RDZ7328C\",\n        [\n          \"RDZ7328C\"\n        ]\n      ]\n    ]\n  },\n  {\n    \"title\": \"patternExampleListArray sample 4\",\n    \"value\": [\n      [\n        \"LJM5G\",\n        [\n          \"LJM5G\"\n        ]\n      ],\n      [\n        \"SZU9H\",\n        [\n          \"SZU9H\"\n        ]\n      ],\n      [\n        \"NCV7J\",\n        [\n          \"NCV7J\"\n        ]\n      ],\n      [\n        \"CX8\",\n        [\n          \"CX8\"\n        ]\n      ],\n      [\n        \"WV58x5O\",\n        [\n          \"WV5865O\",\n          \"WV5845O\",\n          \"WV5875O\",\n          \"WV5835O\",\n          \"WV5855O\",\n          \"WV5825O\",\n          \"WV5895O\"\n        ]\n      ],\n      [\n        \"XKM40*9\",\n        [\n          \"XKM4020Y8IQC9\",\n          \"XKM40563AFX9\",\n          \"XKM40MTLRFB9\",\n          \"XKM40RPBO9\",\n          \"XKM40FH9ZJT2P9\",\n          \"XKM4013T14DA79\",\n          \"XKM40HEBG9\",\n          \"XKM409\",\n          \"XKM40U9\",\n          \"XKM40NX49\",\n          \"XKM40QW3ZRH9\",\n          \"XKM401W9\"\n        ]\n      ]\n    ]\n  },\n  {\n    \"title\": \"patternExampleListArray sample 5\",\n    \"value\": [\n      [\n        \"GMK879H\",\n        [\n          \"GMK879H\"\n        ]\n      ]\n    ]\n  },\n  {\n    \"title\": \"patternExampleListArray sample 6\",\n    \"value\": [\n      [\n        \"NY1*X\",\n        [\n          \"NY1X\",\n          \"NY1B9YX\"\n        ]\n      ],\n      [\n        \"IXI7x94I\",\n        [\n          \"IXI7694I\",\n          \"IXI7494I\",\n          \"IXI7194I\",\n          \"IXI7394I\",\n          \"IXI7294I\",\n          \"IXI7994I\",\n          \"IXI7094I\",\n          \"IXI7594I\",\n          \"IXI7794I\",\n          \"IXI7894I\"\n        ]\n      ],\n      [\n        \"PY01\",\n        [\n          \"PY01\"\n        ]\n      ],\n      [\n        \"TCB85\",\n        [\n          \"TCB85\"\n        ]\n      ],\n      [\n        \"RI40\",\n        [\n          \"RI40\"\n        ]\n      ],\n      [\n        \"AD03A\",\n        [\n          \"AD03A\"\n        ]\n      ],\n      [\n        \"TLZ2004\",\n        [\n          \"TLZ2004\"\n        ]\n      ],\n      [\n        \"PHO7561R\",\n        [\n          \"PHO7561R\"\n        ]\n      ],\n      [\n        \"FF65R\",\n        [\n          \"FF65R\"\n        ]\n      ],\n      [\n        \"UJ1\",\n        [\n          \"UJ1\"\n        ]\n      ],\n      [\n        \"WNO9*\",\n        [\n          \"WNO9\",\n          \"WNO91F6573G\",\n          \"WNO97KA\"\n        ]\n      ],\n      [\n        \"MQC25X\",\n        [\n          \"MQC25X\"\n        ]\n      ]\n    ]\n  },\n  {\n    \"title\": \"patternExampleListArray sample 7\",\n    \"value\": [\n      [\n        \"ZVD37M\",\n        [\n          \"ZVD37M\"\n        ]\n      ],\n      [\n        \"AG09W\",\n        [\n          \"AG09W\"\n        ]\n      ],\n      [\n        \"VTU85\",\n        [\n          \"VTU85\"\n        ]\n      ],\n      [\n        \"RBT2O\",\n        [\n          \"RBT2O\"\n        ]\n      ],\n      [\n        \"GT4084J\",\n        [\n          \"GT4084J\"\n        ]\n      ],\n      [\n        \"ZPV860\",\n        [\n          \"ZPV860\"\n        ]\n      ],\n      [\n        \"PYL5x49\",\n        [\n          \"PYL5949\",\n          \"PYL5049\",\n          \"PYL5449\"\n        ]\n      ],\n      [\n        \"QEV5*7\",\n        [\n          \"QEV5R7\",\n          \"QEV57\",\n          \"QEV5NTE2YMD7\",\n          \"QEV5VP17\",\n          \"QEV5EPG7\",\n          \"QEV52GK9K7\",\n          \"QEV5YQZE7\",\n          \"QEV5PPA1Z7\"\n        ]\n      ],\n      [\n        \"MFE0\",\n        [\n          \"MFE0\"\n        ]\n      ],\n      [\n        \"USS0\",\n        [\n          \"USS0\"\n        ]\n      ]\n    ]\n  },\n  {\n    \"title\": \"patternExampleListArray sample 8\",\n    \"value\": [\n      [\n        \"DVx*5P\",\n        [\n          \"DV6DXO6W5P\",\n          \"DV5Q6E95HV5P\",\n          \"DV4OQDJE8I5P\",\n          \"DV5XAUP2TJ25P\",\n          \"DV99EJ9015P\",\n          \"DV8GK5P\",\n          \"DV195P\",\n          \"DV9TQXR3JJ5P\",\n          \"DV1QXS9SZ5P\"\n        ]\n      ],\n      [\n        \"MJS014N\",\n        [\n          \"MJS014N\"\n        ]\n      ],\n      [\n        \"RGR663\",\n        [\n          \"RGR663\"\n        ]\n      ],\n      [\n        \"ST525\",\n        [\n          \"ST525\"\n        ]\n      ],\n      [\n        \"LXU978*W\",\n        [\n          \"LXU978BW\"\n        ]\n      ],\n      [\n        \"TZE91*9T\",\n        [\n          \"TZE9125SW3N9T\",\n          \"TZE919T\",\n          \"TZE91WHPPM49T\",\n          \"TZE91A9T\",\n          \"TZE91ZAHOKHH99T\",\n          \"TZE91H0UD9T\",\n          \"TZE91M9T\",\n          \"TZE9189T\",\n          \"TZE912QATB9T\",\n          \"TZE91CD9T\",\n          \"TZE914FEL789T\"\n        ]\n      ],\n      [\n        \"WG1x\",\n        [\n          \"WG16\",\n          \"WG12\",\n          \"WG15\",\n          \"WG11\",\n          \"WG19\",\n          \"WG14\",\n          \"WG13\",\n          \"WG18\"\n        ]\n      ]\n    ]\n  },\n  {\n    \"title\": \"patternExampleListArray sample 9\",\n    \"value\": [\n      [\n        \"LF1237X\",\n        [\n          \"LF1237X\"\n        ]\n      ]\n    ]\n  }\n]",
              "code": "const patternExampleListArray = fast_check_1.array(index_test_1.patternExampleList, { minLength: 1 });\nfast_check_1.sample(patternExampleListArray, 10).forEach((sample, i) => addContext_1.default(this, {\n    title: `patternExampleListArray sample ${i}`,\n    value: sample,\n}));\nreturn fast_check_1.assert(fast_check_1.property(patternExampleListArray, (ts) => {\n    const re = _1.patternToRE(...ts.map(([patternStr]) => patternStr));\n    return ts\n        .map(([, examples]) => examples)\n        .flat()\n        .every(re.test.bind(re));\n}));",
              "err": {},
              "uuid": "a78459e4-f151-486e-ba2d-e45754e43c10",
              "parentUUID": "d769e966-d26d-4971-82ea-e73b145a0e70",
              "isHook": false,
              "skipped": false
            },
            {
              "title": "should not match x to non-number",
              "fullTitle": "patternToRE should not match x to non-number",
              "timedOut": false,
              "duration": 0,
              "state": "passed",
              "speed": "fast",
              "pass": true,
              "fail": false,
              "pending": false,
              "context": null,
              "code": "const re = _1.patternToRE(\"x\");\n[\"A\", \"Z\", \"c\", \"#\"].forEach((example) => isInvalidExample(re, example));",
              "err": {},
              "uuid": "565b0de4-95b0-4123-9417-19cebd60c1f4",
              "parentUUID": "d769e966-d26d-4971-82ea-e73b145a0e70",
              "isHook": false,
              "skipped": false
            },
            {
              "title": "should not match * to a substring composed of characters other than A-Z and 0-9",
              "fullTitle": "patternToRE should not match * to a substring composed of characters other than A-Z and 0-9",
              "timedOut": false,
              "duration": 0,
              "state": "passed",
              "speed": "fast",
              "pass": true,
              "fail": false,
              "pending": false,
              "context": null,
              "code": "const re = _1.patternToRE(\"*\");\n[\"c\", \"Ac\", \"cA\", \"0Ax\", \"x0A\", \"BA#\", \"#AB\"].forEach((example) => isInvalidExample(re, example));",
              "err": {},
              "uuid": "83b87099-463a-4539-b28c-dbe15d5bb693",
              "parentUUID": "d769e966-d26d-4971-82ea-e73b145a0e70",
              "isHook": false,
              "skipped": false
            },
            {
              "title": "should not match substrings",
              "fullTitle": "patternToRE should not match substrings",
              "timedOut": false,
              "duration": 0,
              "state": "passed",
              "speed": "fast",
              "pass": true,
              "fail": false,
              "pending": false,
              "context": null,
              "code": "const re = _1.patternToRE(\"A*xC\");\n[\"A1CZ\", \"AC1CZ\", \"ZA1C\", \"ZAC1C\", \"ZA1CZ\", \"ZAC1CZ\"].forEach((example) => isInvalidExample(re, example));",
              "err": {},
              "uuid": "fecec33c-17eb-4e7b-bfd3-b74a94a2553a",
              "parentUUID": "d769e966-d26d-4971-82ea-e73b145a0e70",
              "isHook": false,
              "skipped": false
            }
          ],
          "suites": [],
          "passes": [
            "40739c3d-2f40-4eb5-8711-fe2c231f5237",
            "a78459e4-f151-486e-ba2d-e45754e43c10",
            "565b0de4-95b0-4123-9417-19cebd60c1f4",
            "83b87099-463a-4539-b28c-dbe15d5bb693",
            "fecec33c-17eb-4e7b-bfd3-b74a94a2553a"
          ],
          "failures": [],
          "pending": [],
          "skipped": [],
          "duration": 75,
          "root": false,
          "rootEmpty": false,
          "_timeout": 2000
        },
        {
          "uuid": "94dc33bf-d78b-4520-a8d6-bb9516b28925",
          "title": "patternSatisfier",
          "fullFile": "/home/runner/work/planwithus-lib/planwithus-lib/src/matchRule/pattern/satisfiers.test.ts",
          "file": "/src/matchRule/pattern/satisfiers.test.ts",
          "beforeHooks": [],
          "afterHooks": [],
          "tests": [
            {
              "title": "should assign all modules with *",
              "fullTitle": "patternSatisfier should assign all modules with *",
              "timedOut": false,
              "duration": 1,
              "state": "passed",
              "speed": "fast",
              "pass": true,
              "fail": false,
              "pending": false,
              "context": null,
              "code": "const { assign } = satisfiers_1.patternSatisfier(ref, \"*\");\nisCorrectAssign(assign, modulesList1, modulesList1.map(([moduleStr]) => moduleStr));",
              "err": {},
              "uuid": "7864d1cf-9e1c-43e7-a8f2-2b8a4bf670ab",
              "parentUUID": "94dc33bf-d78b-4520-a8d6-bb9516b28925",
              "isHook": false,
              "skipped": false
            },
            {
              "title": "should assign only valid modules with pattern containing *",
              "fullTitle": "patternSatisfier should assign only valid modules with pattern containing *",
              "timedOut": false,
              "duration": 0,
              "state": "passed",
              "speed": "fast",
              "pass": true,
              "fail": false,
              "pending": false,
              "context": null,
              "code": "const { assign } = satisfiers_1.patternSatisfier(ref, \"CS2*\");\nisCorrectAssign(assign, modulesList1, [\"CS2100\", \"CS2040S\", \"CS2030\"]);",
              "err": {},
              "uuid": "1114bece-1b73-4161-8a53-db06becf32d1",
              "parentUUID": "94dc33bf-d78b-4520-a8d6-bb9516b28925",
              "isHook": false,
              "skipped": false
            },
            {
              "title": "should assign only valid modules with pattern containing x",
              "fullTitle": "patternSatisfier should assign only valid modules with pattern containing x",
              "timedOut": false,
              "duration": 1,
              "state": "passed",
              "speed": "fast",
              "pass": true,
              "fail": false,
              "pending": false,
              "context": null,
              "code": "const { assign } = satisfiers_1.patternSatisfier(ref, \"CS20xx\");\nisCorrectAssign(assign, modulesList1, [\"CS2030\"]);",
              "err": {},
              "uuid": "527eb93a-b9b3-495b-8201-dcd4dfc8fb2b",
              "parentUUID": "94dc33bf-d78b-4520-a8d6-bb9516b28925",
              "isHook": false,
              "skipped": false
            },
            {
              "title": "should assign only valid modules with pattern containing x and *",
              "fullTitle": "patternSatisfier should assign only valid modules with pattern containing x and *",
              "timedOut": false,
              "duration": 0,
              "state": "passed",
              "speed": "fast",
              "pass": true,
              "fail": false,
              "pending": false,
              "context": null,
              "code": "const { assign } = satisfiers_1.patternSatisfier(ref, \"CS20xx*\");\nisCorrectAssign(assign, modulesList1, [\"CS2040S\", \"CS2030\"]);",
              "err": {},
              "uuid": "10dfd91c-8340-4ea0-ab45-7db07563bca3",
              "parentUUID": "94dc33bf-d78b-4520-a8d6-bb9516b28925",
              "isHook": false,
              "skipped": false
            }
          ],
          "suites": [],
          "passes": [
            "7864d1cf-9e1c-43e7-a8f2-2b8a4bf670ab",
            "1114bece-1b73-4161-8a53-db06becf32d1",
            "527eb93a-b9b3-495b-8201-dcd4dfc8fb2b",
            "10dfd91c-8340-4ea0-ab45-7db07563bca3"
          ],
          "failures": [],
          "pending": [],
          "skipped": [],
          "duration": 2,
          "root": false,
          "rootEmpty": false,
          "_timeout": 2000
        },
        {
          "uuid": "459b7e6e-c762-4b9e-a7a1-a0fe2d8e3d67",
          "title": "patternSchema",
          "fullFile": "/home/runner/work/planwithus-lib/planwithus-lib/src/matchRule/pattern/schemas.test.ts",
          "file": "/src/matchRule/pattern/schemas.test.ts",
          "beforeHooks": [],
          "afterHooks": [],
          "tests": [
            {
              "title": "should validate non-empty pattern composed of A-Z, 0-9, x or *",
              "fullTitle": "patternSchema should validate non-empty pattern composed of A-Z, 0-9, x or *",
              "timedOut": false,
              "duration": 2,
              "state": "passed",
              "speed": "fast",
              "pass": true,
              "fail": false,
              "pending": false,
              "context": "[\n  {\n    \"title\": \"pattern sample 0\",\n    \"value\": \"LE39\"\n  },\n  {\n    \"title\": \"pattern sample 1\",\n    \"value\": \"XY97E\"\n  },\n  {\n    \"title\": \"pattern sample 2\",\n    \"value\": \"OJ8\"\n  },\n  {\n    \"title\": \"pattern sample 3\",\n    \"value\": \"DPD694\"\n  },\n  {\n    \"title\": \"pattern sample 4\",\n    \"value\": \"EZT51Q\"\n  },\n  {\n    \"title\": \"pattern sample 5\",\n    \"value\": \"CH22\"\n  },\n  {\n    \"title\": \"pattern sample 6\",\n    \"value\": \"TTK4396\"\n  },\n  {\n    \"title\": \"pattern sample 7\",\n    \"value\": \"JZ3S\"\n  },\n  {\n    \"title\": \"pattern sample 8\",\n    \"value\": \"WL*K\"\n  },\n  {\n    \"title\": \"pattern sample 9\",\n    \"value\": \"IS0491D\"\n  }\n]",
              "code": "fast_check_1.sample(index_test_2.pattern, 10).forEach((sample, i) => addContext_1.default(this, {\n    title: `pattern sample ${i}`,\n    value: sample,\n}));\nreturn fast_check_1.assert(fast_check_1.property(index_test_2.pattern, ajvValidate), {\n    examples: [[\"*\"], [\"ACC1002\"], [\"IS1103\"], [\"CS1231S\"], [\"MA1102R\"]],\n});",
              "err": {},
              "uuid": "ebfea2cb-c71b-42a7-9dda-e3031b2f7d0e",
              "parentUUID": "459b7e6e-c762-4b9e-a7a1-a0fe2d8e3d67",
              "isHook": false,
              "skipped": false
            },
            {
              "title": "should not validate empty pattern",
              "fullTitle": "patternSchema should not validate empty pattern",
              "timedOut": false,
              "duration": 1,
              "state": "passed",
              "speed": "fast",
              "pass": true,
              "fail": false,
              "pending": false,
              "context": null,
              "code": "isInvalidPattern(\"\")",
              "err": {},
              "uuid": "7f34e3ee-567e-4e5d-b6b6-aab0cdae4dbd",
              "parentUUID": "459b7e6e-c762-4b9e-a7a1-a0fe2d8e3d67",
              "isHook": false,
              "skipped": false
            },
            {
              "title": "should not validate pattern with invalid characters",
              "fullTitle": "patternSchema should not validate pattern with invalid characters",
              "timedOut": false,
              "duration": 0,
              "state": "passed",
              "speed": "fast",
              "pass": true,
              "fail": false,
              "pending": false,
              "context": null,
              "code": "[\"AB123a\", \"Ac123a\", \"AB123^S\", \"AB1*3^S\", \"$A1*3^S\", \"/A1x33S\"].forEach(isInvalidPattern)",
              "err": {},
              "uuid": "f163fa2a-a939-475d-a803-9f85b8004bb3",
              "parentUUID": "459b7e6e-c762-4b9e-a7a1-a0fe2d8e3d67",
              "isHook": false,
              "skipped": false
            }
          ],
          "suites": [],
          "passes": [
            "ebfea2cb-c71b-42a7-9dda-e3031b2f7d0e",
            "7f34e3ee-567e-4e5d-b6b6-aab0cdae4dbd",
            "f163fa2a-a939-475d-a803-9f85b8004bb3"
          ],
          "failures": [],
          "pending": [],
          "skipped": [],
          "duration": 3,
          "root": false,
          "rootEmpty": false,
          "_timeout": 2000
        },
        {
          "uuid": "7f3390ae-3df4-47fc-9b90-18e33d2b9357",
          "title": "patternMatchRuleSatisfier",
          "fullFile": "/home/runner/work/planwithus-lib/planwithus-lib/src/matchRule/satisfiers.test.ts",
          "file": "/src/matchRule/satisfiers.test.ts",
          "beforeHooks": [],
          "afterHooks": [],
          "tests": [
            {
              "title": "should assign only valid modules with pattern match rule containing no exclude patterns",
              "fullTitle": "patternMatchRuleSatisfier should assign only valid modules with pattern match rule containing no exclude patterns",
              "timedOut": false,
              "duration": 0,
              "state": "passed",
              "speed": "fast",
              "pass": true,
              "fail": false,
              "pending": false,
              "context": null,
              "code": "const { assign } = satisfiers_1.patternMatchRuleSatisfier(ref, { pattern: \"CS1xxx*\" });\nisCorrectAssign(assign, modulesList1, [\"CS1231\", \"CS1231S\"]);",
              "err": {},
              "uuid": "e94c7930-4450-47d2-a07f-e5fb79e020d7",
              "parentUUID": "7f3390ae-3df4-47fc-9b90-18e33d2b9357",
              "isHook": false,
              "skipped": false
            },
            {
              "title": "should assign only valid modules with pattern match rule containing an exclude pattern",
              "fullTitle": "patternMatchRuleSatisfier should assign only valid modules with pattern match rule containing an exclude pattern",
              "timedOut": false,
              "duration": 0,
              "state": "passed",
              "speed": "fast",
              "pass": true,
              "fail": false,
              "pending": false,
              "context": null,
              "code": "const { assign } = satisfiers_1.patternMatchRuleSatisfier(ref, {\n    pattern: \"MA1xxx*\",\n    exclude: \"MA15xx\",\n});\nisCorrectAssign(assign, modulesList1, [\n    \"MA1100\",\n    \"MA1101R\",\n    \"MA1102R\",\n    \"MA1511A\",\n]);",
              "err": {},
              "uuid": "ddcd9824-674a-4a94-a8f9-bd8f877f3286",
              "parentUUID": "7f3390ae-3df4-47fc-9b90-18e33d2b9357",
              "isHook": false,
              "skipped": false
            },
            {
              "title": "should assign only valid modules with pattern match rule containing multiple exclude patterns",
              "fullTitle": "patternMatchRuleSatisfier should assign only valid modules with pattern match rule containing multiple exclude patterns",
              "timedOut": false,
              "duration": 0,
              "state": "passed",
              "speed": "fast",
              "pass": true,
              "fail": false,
              "pending": false,
              "context": null,
              "code": "const { assign } = satisfiers_1.patternMatchRuleSatisfier(ref, {\n    pattern: \"MA*\",\n    exclude: [\"MA151x*\", \"MA2xxx\"],\n});\nisCorrectAssign(assign, modulesList1, [\n    \"MA1100\",\n    \"MA1101R\",\n    \"MA1102R\",\n    \"MA1507\",\n    \"MA1521\",\n    \"MA2101S\",\n]);",
              "err": {},
              "uuid": "18daa43d-f038-41bf-b4d2-74088579bf88",
              "parentUUID": "7f3390ae-3df4-47fc-9b90-18e33d2b9357",
              "isHook": false,
              "skipped": false
            }
          ],
          "suites": [],
          "passes": [
            "e94c7930-4450-47d2-a07f-e5fb79e020d7",
            "ddcd9824-674a-4a94-a8f9-bd8f877f3286",
            "18daa43d-f038-41bf-b4d2-74088579bf88"
          ],
          "failures": [],
          "pending": [],
          "skipped": [],
          "duration": 0,
          "root": false,
          "rootEmpty": false,
          "_timeout": 2000
        },
        {
          "uuid": "5606e33e-5db4-44cd-a756-7bafe1d64f25",
          "title": "matchRuleSchema",
          "fullFile": "/home/runner/work/planwithus-lib/planwithus-lib/src/matchRule/schemas.test.ts",
          "file": "/src/matchRule/schemas.test.ts",
          "beforeHooks": [],
          "afterHooks": [],
          "tests": [
            {
              "title": "should validate match rule with valid pattern",
              "fullTitle": "matchRuleSchema should validate match rule with valid pattern",
              "timedOut": false,
              "duration": 1,
              "state": "passed",
              "speed": "fast",
              "pass": true,
              "fail": false,
              "pending": false,
              "context": "[\n  {\n    \"title\": \"pattern sample 0\",\n    \"value\": \"EIW*2\"\n  },\n  {\n    \"title\": \"pattern sample 1\",\n    \"value\": \"DJS*O\"\n  },\n  {\n    \"title\": \"pattern sample 2\",\n    \"value\": \"OCU*\"\n  },\n  {\n    \"title\": \"pattern sample 3\",\n    \"value\": \"OT4883\"\n  },\n  {\n    \"title\": \"pattern sample 4\",\n    \"value\": \"FIO3x\"\n  },\n  {\n    \"title\": \"pattern sample 5\",\n    \"value\": \"UG703\"\n  },\n  {\n    \"title\": \"pattern sample 6\",\n    \"value\": \"JZ9489\"\n  },\n  {\n    \"title\": \"pattern sample 7\",\n    \"value\": \"UFI4\"\n  },\n  {\n    \"title\": \"pattern sample 8\",\n    \"value\": \"PXO*8T\"\n  },\n  {\n    \"title\": \"pattern sample 9\",\n    \"value\": \"UK2101X\"\n  }\n]",
              "code": "fast_check_1.sample(index_test_3.pattern, 10).forEach((sample, i) => addContext_1.default(this, {\n    title: `pattern sample ${i}`,\n    value: sample,\n}));\nreturn fast_check_1.assert(fast_check_1.property(index_test_3.pattern, ajvValidate));",
              "err": {},
              "uuid": "2676dc3c-3122-4f4d-9377-f67edea90c98",
              "parentUUID": "5606e33e-5db4-44cd-a756-7bafe1d64f25",
              "isHook": false,
              "skipped": false
            },
            {
              "title": "should validate match rules with valid pattern, exclude and info",
              "fullTitle": "matchRuleSchema should validate match rules with valid pattern, exclude and info",
              "timedOut": false,
              "duration": 2,
              "state": "passed",
              "speed": "fast",
              "pass": true,
              "fail": false,
              "pending": false,
              "context": "[\n  {\n    \"title\": \"patternMatchRule sample 0\",\n    \"value\": {\n      \"pattern\": \"PXW62\",\n      \"exclude\": \"FSZ632\",\n      \"info\": \" >\"\n    }\n  },\n  {\n    \"title\": \"patternMatchRule sample 1\",\n    \"value\": {\n      \"pattern\": \"FE327K\",\n      \"exclude\": [],\n      \"info\": \"#\"\n    }\n  },\n  {\n    \"title\": \"patternMatchRule sample 2\",\n    \"value\": {\n      \"pattern\": \"UWL396\",\n      \"exclude\": \"ZE548B\",\n      \"info\": \"zy+ByB$\"\n    }\n  },\n  {\n    \"title\": \"patternMatchRule sample 3\",\n    \"value\": {\n      \"pattern\": \"IX6x3xM\",\n      \"exclude\": \"ARJx82G\",\n      \"info\": \"1;E}A\"\n    }\n  },\n  {\n    \"title\": \"patternMatchRule sample 4\",\n    \"value\": {\n      \"pattern\": \"RB1O\",\n      \"exclude\": \"YK44\",\n      \"info\": \"#\"\n    }\n  },\n  {\n    \"title\": \"patternMatchRule sample 5\",\n    \"value\": {\n      \"pattern\": \"SEI39\",\n      \"info\": \"|&\"\n    }\n  },\n  {\n    \"title\": \"patternMatchRule sample 6\",\n    \"value\": {\n      \"pattern\": \"VKU3\",\n      \"info\": \"~5\"\n    }\n  },\n  {\n    \"title\": \"patternMatchRule sample 7\",\n    \"value\": {\n      \"pattern\": \"SFx*L\",\n      \"exclude\": [\n        \"GD9x\",\n        \"ER0xM\",\n        \"LDWx1\",\n        \"LZH*13M\"\n      ],\n      \"info\": \"_;sQ\"\n    }\n  },\n  {\n    \"title\": \"patternMatchRule sample 8\",\n    \"value\": {\n      \"pattern\": \"UK2\",\n      \"exclude\": [\n        \"LHM5*8\",\n        \"EGJ18\",\n        \"OZB9x8E\",\n        \"EQD76x\"\n      ],\n      \"info\": \"  m\"\n    }\n  },\n  {\n    \"title\": \"patternMatchRule sample 9\",\n    \"value\": {\n      \"pattern\": \"XNP4118\",\n      \"exclude\": [\n        \"OGL27x4\",\n        \"QI24\"\n      ],\n      \"info\": \"%k2#smT\"\n    }\n  }\n]",
              "code": "fast_check_1.sample(index_test_2.patternMatchRule, 10).forEach((sample, i) => addContext_1.default(this, {\n    title: `patternMatchRule sample ${i}`,\n    value: sample,\n}));\nreturn fast_check_1.assert(fast_check_1.property(index_test_2.patternMatchRule, ajvValidate));",
              "err": {},
              "uuid": "fbee30fe-676e-4a42-af45-6bccf6d3f630",
              "parentUUID": "5606e33e-5db4-44cd-a756-7bafe1d64f25",
              "isHook": false,
              "skipped": false
            },
            {
              "title": "should validate valid recursive match rules",
              "fullTitle": "matchRuleSchema should validate valid recursive match rules",
              "timedOut": false,
              "duration": 7,
              "state": "passed",
              "speed": "fast",
              "pass": true,
              "fail": false,
              "pending": false,
              "context": "[\n  {\n    \"title\": \"matchRule sample 0\",\n    \"value\": {\n      \"or\": [\n        {\n          \"or\": [\n            {\n              \"pattern\": \"BUP44\",\n              \"exclude\": [\n                \"PT6Y\",\n                \"XXS37X\"\n              ],\n              \"info\": \"Dw_cuy\"\n            },\n            \"OD85x\"\n          ]\n        },\n        {\n          \"pattern\": \"AZ5136K\",\n          \"exclude\": [\n            \"DIC56V\",\n            \"KFx\",\n            \"NPP73I\"\n          ],\n          \"info\": \"P|uwShb\"\n        },\n        {\n          \"and\": [\n            \"ZX700Y\",\n            {\n              \"or\": [\n                {\n                  \"and\": []\n                },\n                {\n                  \"and\": [\n                    \"BC3826\",\n                    \"LAU6556E\",\n                    \"QFOx837B\",\n                    \"SW58\",\n                    \"JO0G\"\n                  ]\n                },\n                {\n                  \"and\": [\n                    \"AI63\"\n                  ]\n                },\n                \"LL32J\",\n                \"GNY45*T\"\n              ]\n            },\n            \"DK049X\"\n          ]\n        },\n        {\n          \"pattern\": \"SEU6982X\",\n          \"info\": \"vES,Fcep\"\n        },\n        {\n          \"or\": [\n            \"LDW545\",\n            {\n              \"or\": [\n                \"DW566\",\n                \"GQ3679\",\n                \"KA1272\",\n                {\n                  \"and\": [\n                    {\n                      \"and\": [\n                        \"GMG086X\",\n                        \"NBR479\",\n                        \"TRB74M\"\n                      ]\n                    },\n                    \"BYK99O\",\n                    \"CRF344*J\"\n                  ]\n                }\n              ]\n            },\n            \"RUL*95B\",\n            \"IHT105\",\n            {\n              \"and\": [\n                {\n                  \"and\": [\n                    {\n                      \"pattern\": \"CZU44x2\",\n                      \"exclude\": [\n                        \"CBG68\"\n                      ],\n                      \"info\": \"\"\n                    },\n                    {\n                      \"or\": []\n                    },\n                    {\n                      \"and\": [\n                        \"VM0A\",\n                        \"JJ672Z\",\n                        \"KEO34\",\n                        \"XD*M\",\n                        \"PMS235N\"\n                      ]\n                    },\n                    \"SL2*6\",\n                    \"JQX5xC\"\n                  ]\n                },\n                {\n                  \"or\": [\n                    \"JLY*4*5S\",\n                    \"PX*\"\n                  ]\n                }\n              ]\n            }\n          ]\n        }\n      ]\n    }\n  },\n  {\n    \"title\": \"matchRule sample 1\",\n    \"value\": {\n      \"and\": [\n        {\n          \"or\": []\n        },\n        {\n          \"and\": []\n        }\n      ]\n    }\n  },\n  {\n    \"title\": \"matchRule sample 2\",\n    \"value\": {\n      \"and\": [\n        {\n          \"and\": []\n        }\n      ]\n    }\n  },\n  {\n    \"title\": \"matchRule sample 3\",\n    \"value\": {\n      \"or\": [\n        {\n          \"pattern\": \"ZCZ80*8R\",\n          \"exclude\": \"CU73B\",\n          \"info\": \"g%[|&<|#\"\n        }\n      ]\n    }\n  },\n  {\n    \"title\": \"matchRule sample 4\",\n    \"value\": {\n      \"or\": [\n        \"WP82\",\n        {\n          \"and\": [\n            {\n              \"and\": [\n                {\n                  \"or\": [\n                    \"OER54\"\n                  ]\n                },\n                \"KS33H\",\n                \"ZH939J\"\n              ]\n            }\n          ]\n        },\n        \"NU*940J\",\n        {\n          \"or\": []\n        },\n        \"FC1677\"\n      ]\n    }\n  },\n  {\n    \"title\": \"matchRule sample 5\",\n    \"value\": {\n      \"pattern\": \"HO769\",\n      \"exclude\": \"MA18\",\n      \"info\": \"7\"\n    }\n  },\n  {\n    \"title\": \"matchRule sample 6\",\n    \"value\": \"HY67x1\"\n  },\n  {\n    \"title\": \"matchRule sample 7\",\n    \"value\": {\n      \"pattern\": \"KC533\",\n      \"exclude\": [\n        \"NDK6x\",\n        \"SW83\",\n        \"LQ0Y\"\n      ],\n      \"info\": \"-[:^m\"\n    }\n  },\n  {\n    \"title\": \"matchRule sample 8\",\n    \"value\": {\n      \"pattern\": \"KW6E\",\n      \"info\": \"W@k5OE4R\"\n    }\n  },\n  {\n    \"title\": \"matchRule sample 9\",\n    \"value\": {\n      \"and\": [\n        {\n          \"pattern\": \"DFB10\",\n          \"info\": \"UL8 \"\n        },\n        \"WY9x\",\n        {\n          \"pattern\": \"DN*\",\n          \"exclude\": \"CO8x0E\",\n         
[...]
              "speed": "fast",
              "pass": true,
              "fail": false,
              "pending": false,
              "context": null,
              "code": "const satisfier = satisfiers_1.inequalitySatisfier(ref, \"<=32\");\nsatisfier.should.have.property(\"filter\");\nconst { filter } = satisfier;\nisCorrectFilter(filter, modulesList1, modulesList1.map(([moduleStr]) => moduleStr));",
              "err": {},
              "uuid": "819e2702-8de6-4127-be35-0b60abff9964",
              "parentUUID": "bcf3742d-9cc7-4891-aed1-21297b41b130",
              "isHook": false,
              "skipped": false
            },
            {
              "title": "should truncate list of modules with upper bound of MCs at exact cutoff if total MC count is higher and there exists some starting sequence with exact MC count",
              "fullTitle": "inequalitySatisfier should truncate list of modules with upper bound of MCs at exact cutoff if total MC count is higher and there exists some starting sequence with exact MC count",
              "timedOut": false,
              "duration": 0,
              "state": "passed",
              "speed": "fast",
              "pass": true,
              "fail": false,
              "pending": false,
              "context": null,
              "code": "const satisfier = satisfiers_1.inequalitySatisfier(ref, \"<=16\");\nsatisfier.should.have.property(\"filter\");\nconst { filter } = satisfier;\nisCorrectFilter(filter, modulesList1, [\n    \"CS2100\",\n    \"GER1000\",\n    \"CS2040S\",\n    \"ST2131\",\n]);",
              "err": {},
              "uuid": "4cf8f45f-acdc-4cb3-968c-10920bad97ba",
              "parentUUID": "bcf3742d-9cc7-4891-aed1-21297b41b130",
              "isHook": false,
              "skipped": false
            },
            {
              "title": "should truncate list of modules with upper bound of MCs, cutting off at the minimum starting sequence that exceeds upper bound, if total MC count is higher and there exists no starting sequence with exact MC count",
              "fullTitle": "inequalitySatisfier should truncate list of modules with upper bound of MCs, cutting off at the minimum starting sequence that exceeds upper bound, if total MC count is higher and there exists no starting sequence with exact MC count",
              "timedOut": false,
              "duration": 0,
              "state": "passed",
              "speed": "fast",
              "pass": true,
              "fail": false,
              "pending": false,
              "context": null,
              "code": "const satisfier = satisfiers_1.inequalitySatisfier(ref, \"<=17\");\nsatisfier.should.have.property(\"filter\");\nconst { filter } = satisfier;\nisCorrectFilter(filter, modulesList1, [\n    \"CS2100\",\n    \"GER1000\",\n    \"CS2040S\",\n    \"ST2131\",\n    \"MA1521\",\n]);",
              "err": {},
              "uuid": "7eefc054-9bce-4392-a662-ed1e4d7f23ca",
              "parentUUID": "bcf3742d-9cc7-4891-aed1-21297b41b130",
              "isHook": false,
              "skipped": false
            }
          ],
          "suites": [],
          "passes": [
            "10b2eacd-82d4-4878-bc21-42bcefb44514",
            "3ac3db20-f262-4f99-b276-c1c5772a8d17",
            "73c6196b-ecc3-4d12-a424-213a7e0c976c",
            "187df101-af36-40da-a580-e81ceb86f0a1",
            "819e2702-8de6-4127-be35-0b60abff9964",
            "4cf8f45f-acdc-4cb3-968c-10920bad97ba",
            "7eefc054-9bce-4392-a662-ed1e4d7f23ca"
          ],
          "failures": [],
          "pending": [],
          "skipped": [],
          "duration": 2,
          "root": false,
          "rootEmpty": false,
          "_timeout": 2000
        },
        {
          "uuid": "bc7dee9f-c45c-4020-8b7a-de16d55530ff",
          "title": "inequalitySchema",
          "fullFile": "/home/runner/work/planwithus-lib/planwithus-lib/src/satisfyRule/inequality/schemas.test.ts",
          "file": "/src/satisfyRule/inequality/schemas.test.ts",
          "beforeHooks": [],
          "afterHooks": [],
          "tests": [
            {
              "title": "should validate inequality in the form <=n or >=n",
              "fullTitle": "inequalitySchema should validate inequality in the form <=n or >=n",
              "timedOut": false,
              "duration": 0,
              "state": "passed",
              "speed": "fast",
              "pass": true,
              "fail": false,
              "pending": false,
              "context": "[\n  {\n    \"title\": \"inequality sample 0\",\n    \"value\": \">=8\"\n  },\n  {\n    \"title\": \"inequality sample 1\",\n    \"value\": \">=60\"\n  },\n  {\n    \"title\": \"inequality sample 2\",\n    \"value\": \">=122\"\n  },\n  {\n    \"title\": \"inequality sample 3\",\n    \"value\": \"<=178\"\n  },\n  {\n    \"title\": \"inequality sample 4\",\n    \"value\": \"<=3\"\n  },\n  {\n    \"title\": \"inequality sample 5\",\n    \"value\": \">=4\"\n  },\n  {\n    \"title\": \"inequality sample 6\",\n    \"value\": \"<=6\"\n  },\n  {\n    \"title\": \"inequality sample 7\",\n    \"value\": \">=2\"\n  },\n  {\n    \"title\": \"inequality sample 8\",\n    \"value\": \"<=5\"\n  },\n  {\n    \"title\": \"inequality sample 9\",\n    \"value\": \"<=7\"\n  }\n]",
              "code": "fast_check_1.sample(index_test_2.inequality, 10).forEach((sample, i) => addContext_1.default(this, {\n    title: `inequality sample ${i}`,\n    value: sample,\n}));\nreturn fast_check_1.assert(fast_check_1.property(index_test_2.inequality, ajvValidate));",
              "err": {},
              "uuid": "9871f6aa-db47-401f-a73d-79d289261911",
              "parentUUID": "bc7dee9f-c45c-4020-8b7a-de16d55530ff",
              "isHook": false,
              "skipped": false
            },
            {
              "title": "should not validate inequality of invalid form",
              "fullTitle": "inequalitySchema should not validate inequality of invalid form",
              "timedOut": false,
              "duration": 1,
              "state": "passed",
              "speed": "fast",
              "pass": true,
              "fail": false,
              "pending": false,
              "context": null,
              "code": "[\n        \"\",\n        \"==23\",\n        \"23\",\n        \"<23\",\n        \">23\",\n        \"<=-1\",\n        \">=-1\",\n        \"<= 2\",\n        \">= 1\",\n        \"> 3\",\n        \"< 3\",\n        \"<=3a\",\n        \">=3a\",\n        \"a<=3\",\n        \"a>=3\",\n    ].forEach(isInvalidInequality)",
              "err": {},
              "uuid": "cf0cf260-2537-4518-8c4a-ec47867e8df7",
              "parentUUID": "bc7dee9f-c45c-4020-8b7a-de16d55530ff",
              "isHook": false,
              "skipped": false
            }
          ],
          "suites": [],
          "passes": [
            "9871f6aa-db47-401f-a73d-79d289261911",
            "cf0cf260-2537-4518-8c4a-ec47867e8df7"
          ],
          "failures": [],
          "pending": [],
          "skipped": [],
          "duration": 1,
          "root": false,
          "rootEmpty": false,
          "_timeout": 2000
        },
        {
          "uuid": "a0721b20-be81-4c75-91dd-d9660ff5197e",
          "title": "satisfyRuleSchema",
          "fullFile": "/home/runner/work/planwithus-lib/planwithus-lib/src/satisfyRule/schemas.test.ts",
          "file": "/src/satisfyRule/schemas.test.ts",
          "beforeHooks": [],
          "afterHooks": [],
          "tests": [
            {
              "title": "should validate satisfy rule with valid block id",
              "fullTitle": "satisfyRuleSchema should validate satisfy rule with valid block id",
              "timedOut": false,
              "duration": 1,
              "state": "passed",
              "speed": "fast",
              "pass": true,
              "fail": false,
              "pending": false,
              "context": null,
              "code": "fast_check_1.assert(fast_check_1.property(fast_check_1.string(), ajvValidate)",
              "err": {},
              "uuid": "47780bb2-3a0b-4a6a-bc4d-c5e83ef2cfaf",
              "parentUUID": "a0721b20-be81-4c75-91dd-d9660ff5197e",
              "isHook": false,
              "skipped": false
            },
            {
              "title": "should validate satisfy rules with valid mc",
              "fullTitle": "satisfyRuleSchema should validate satisfy rules with valid mc",
              "timedOut": false,
              "duration": 1,
              "state": "passed",
              "speed": "fast",
              "pass": true,
              "fail": false,
              "pending": false,
              "context": "[\n  {\n    \"title\": \"mcSatisfyRule sample 0\",\n    \"value\": {\n      \"mc\": \"<=27\"\n    }\n  },\n  {\n    \"title\": \"mcSatisfyRule sample 1\",\n    \"value\": {\n      \"mc\": \">=6\"\n    }\n  },\n  {\n    \"title\": \"mcSatisfyRule sample 2\",\n    \"value\": {\n      \"mc\": \">=36\"\n    }\n  },\n  {\n    \"title\": \"mcSatisfyRule sample 3\",\n    \"value\": {\n      \"mc\": \">=8\"\n    }\n  },\n  {\n    \"title\": \"mcSatisfyRule sample 4\",\n    \"value\": {\n      \"mc\": \">=7\"\n    }\n  },\n  {\n    \"title\": \"mcSatisfyRule sample 5\",\n    \"value\": {\n      \"mc\": \">=2\"\n    }\n  },\n  {\n    \"title\": \"mcSatisfyRule sample 6\",\n    \"value\": {\n      \"mc\": \"<=5\"\n    }\n  },\n  {\n    \"title\": \"mcSatisfyRule sample 7\",\n    \"value\": {\n      \"mc\": \"<=63\"\n    }\n  },\n  {\n    \"title\": \"mcSatisfyRule sample 8\",\n    \"value\": {\n      \"mc\": \"<=200\"\n    }\n  },\n  {\n    \"title\": \"mcSatisfyRule sample 9\",\n    \"value\": {\n      \"mc\": \">=67\"\n    }\n  }\n]",
              "code": "fast_check_1.sample(index_test_2.mcSatisfyRule, 10).forEach((sample, i) => addContext_1.default(this, {\n    title: `mcSatisfyRule sample ${i}`,\n    value: sample,\n}));\nreturn fast_check_1.assert(fast_check_1.property(index_test_2.mcSatisfyRule, ajvValidate));",
              "err": {},
              "uuid": "d98b85cf-04cb-4c4a-841d-834d972a6ca0",
              "parentUUID": "a0721b20-be81-4c75-91dd-d9660ff5197e",
              "isHook": false,
              "skipped": false
            },
            {
              "title": "should validate valid recursive satisfy rules",
              "fullTitle": "satisfyRuleSchema should validate valid recursive satisfy rules",
              "timedOut": false,
              "duration": 4,
              "state": "passed",
              "speed": "fast",
              "pass": true,
              "fail": false,
              "pending": false,
              "context": "[\n  {\n    \"title\": \"satisfyRule sample 0\",\n    \"value\": {\n      \"and\": [\n        {\n          \"or\": [\n            {\n              \"mc\": \"<=86\"\n            },\n            \"gv],H&[r\",\n            {\n              \"mc\": \"<=158\"\n            },\n            \"3<F`X_\",\n            \"\\\"C@ix}qV\"\n          ]\n        },\n        {\n          \"mc\": \">=35\"\n        }\n      ]\n    }\n  },\n  {\n    \"title\": \"satisfyRule sample 1\",\n    \"value\": {\n      \"mc\": \"<=97\"\n    }\n  },\n  {\n    \"title\": \"satisfyRule sample 2\",\n    \"value\": {\n      \"and\": [\n        \"|bl+$\",\n        {\n          \"and\": [\n            {\n              \"or\": []\n            },\n            \"Nn)x)\",\n            {\n              \"or\": [\n                \"umdU|\",\n                {\n                  \"mc\": \">=32\"\n                },\n                \"\",\n                \"|_\"\n              ]\n            },\n            {\n              \"and\": [\n                \"CA}@QJ3j,[\",\n                \"?-\"\n              ]\n            },\n            \"PK>KL\"\n          ]\n        },\n        {\n          \"mc\": \">=171\"\n        },\n        {\n          \"mc\": \">=17\"\n        }\n      ]\n    }\n  },\n  {\n    \"title\": \"satisfyRule sample 3\",\n    \"value\": {\n      \"and\": [\n        {\n          \"mc\": \">=180\"\n        },\n        {\n          \"or\": [\n            {\n              \"mc\": \"<=49\"\n            },\n            \":c\",\n            {\n              \"or\": [\n                \"<Vl\",\n                \"l:[ C\"\n              ]\n            },\n            {\n              \"mc\": \">=174\"\n            },\n            \"]|_\"\n          ]\n        },\n        {\n          \"or\": [\n            {\n              \"and\": []\n            },\n            \"%FUw\"\n          ]\n        }\n      ]\n    }\n  },\n  {\n    \"title\": \"satisfyRule sample 4\",\n    \"value\": {\n      \"mc\": \"<=8\"\n    }\n  },\n  {\n    \"title\": \"satisfyRule sample 5\",\n    \"value\": {\n      \"mc\": \"<=4\"\n    }\n  },\n  {\n    \"title\": \"satisfyRule sample 6\",\n    \"value\": {\n      \"mc\": \">=5\"\n    }\n  },\n  {\n    \"title\": \"satisfyRule sample 7\",\n    \"value\": {\n      \"mc\": \"<=196\"\n    }\n  },\n  {\n    \"title\": \"satisfyRule sample 8\",\n    \"value\": {\n      \"and\": []\n    }\n  },\n  {\n    \"title\": \"satisfyRule sample 9\",\n    \"value\": \"!I:\"\n  }\n]",
              "code": "fast_check_1.sample(index_test_2.satisfyRule, 10).forEach((sample, i) => addContext_1.default(this, {\n    title: `satisfyRule sample ${i}`,\n    value: sample,\n}));\nreturn fast_check_1.assert(fast_check_1.property(index_test_2.satisfyRule, ajvValidate));",
              "err": {},
              "uuid": "baba6318-d9f3-4bbb-b52e-3fac7933ed72",
              "parentUUID": "a0721b20-be81-4c75-91dd-d9660ff5197e",
              "isHook": false,
              "skipped": false
            },
            {
              "title": "should not validate non-string/object",
              "fullTitle": "satisfyRuleSchema should not validate non-string/object",
              "timedOut": false,
              "duration": 1,
              "state": "passed",
              "speed": "fast",
              "pass": true,
              "fail": false,
              "pending": false,
              "context": null,
              "code": "const error = {\n    instancePath: \"\",\n    message: \"satisfy rule should be either a string or an object\",\n};\nisInvalidRule(null, error);\nisInvalidRule(undefined, error);\nisInvalidRule(10, error);\nisInvalidRule([12, 24], error);",
              "err": {},
              "uuid": "6b949e5f-4c57-4468-9c3b-1afefd3c7749",
              "parentUUID": "a0721b20-be81-4c75-91dd-d9660ff5197e",
              "isHook": false,
              "skipped": false
            },
            {
              "title": "should not validate satisfy rules with extra properties",
              "fullTitle": "satisfyRuleSchema should not validate satisfy rules with extra properties",
              "timedOut": false,
              "duration": 0,
              "state": "passed",
              "speed": "fast",
              "pass": true,
              "fail": false,
              "pending": false,
              "context": null,
              "code": "isInvalidRule({\n        and: [\n            { or: [\"2k\"], abc: \"def\" },\n            { mc: 8, ghi: \"jkl\" },\n        ],\n        mno: \"pqr\",\n    }, {\n        instancePath: \"/and/0\",\n        message: \"or satisfy rule should have property 'or' only\",\n    }, {\n        instancePath: \"/and/1\",\n        message: \"MC satisfy rule should have property 'mc' only\",\n    }, {\n        instancePath: \"\",\n        message: \"and satisfy rule should have property 'and' only\",\n    })",
              "err": {},
              "uuid": "2e0a542e-03a3-426f-ae82-77864066ee5c",
              "parentUUID": "a0721b20-be81-4c75-91dd-d9660ff5197e",
              "isHook": false,
              "skipped": false
            },
            {
              "title": "should not validate ambiguous satisfy rules",
              "fullTitle": "satisfyRuleSchema should not validate ambiguous satisfy rules",
              "timedOut": false,
              "duration": 1,
              "state": "passed",
              "speed": "fast",
              "pass": true,
              "fail": false,
              "pending": false,
              "context": null,
              "code": "const message = \"satisfy rule should have only one of properties 'mc', 'and', 'or'\";\nisInvalidRule({\n    or: [\n        { mc: 5, and: [\"CS2040\"] },\n        { and: [{ and: [\"abc\"], or: [\"def\"] }] },\n    ],\n}, { instancePath: \"/or/0\", message }, { instancePath: \"/or/1/and/0\", message });",
              "err": {},
              "uuid": "1f60a694-a06e-4e86-a88f-bc174aa93a82",
              "parentUUID": "a0721b20-be81-4c75-91dd-d9660ff5197e",
              "isHook": false,
              "skipped": false
            },
            {
              "title": "should not validate and satisfy rules with non-array property",
              "fullTitle": "satisfyRuleSchema should not validate and satisfy rules with non-array property",
              "timedOut": false,
              "duration": 0,
              "state": "passed",
              "speed": "fast",
              "pass": true,
              "fail": false,
              "pending": false,
              "context": null,
              "code": "const message = \"property 'and' should be an array of satisfy rules\";\nisInvalidRule({ or: [{ and: {} }, { or: [{ and: 3 }] }] }, { instancePath: \"/or/0/and\", message }, { instancePath: \"/or/1/or/0/and\", message });",
              "err": {},
              "uuid": "a42f886f-ee8a-4c71-9e16-ad183a040de3",
              "parentUUID": "a0721b20-be81-4c75-91dd-d9660ff5197e",
              "isHook": false,
              "skipped": false
            },
            {
              "title": "should not validate or satisfy rules with non-array property",
              "fullTitle": "satisfyRuleSchema should not validate or satisfy rules with non-array property",
              "timedOut": false,
              "duration": 0,
              "state": "passed",
              "speed": "fast",
              "pass": true,
              "fail": false,
              "pending": false,
              "context": null,
              "code": "const message = \"property 'or' should be an array of satisfy rules\";\nisInvalidRule({ and: [{ or: {} }, { and: [{ or: 3 }] }] }, { instancePath: \"/and/0/or\", message }, { instancePath: \"/and/1/and/0/or\", message });",
              "err": {},
              "uuid": "84b40f70-a620-4a48-b528-8b203e238e02",
              "parentUUID": "a0721b20-be81-4c75-91dd-d9660ff5197e",
              "isHook": false,
              "skipped": false
            }
          ],
          "suites": [],
          "passes": [
            "47780bb2-3a0b-4a6a-bc4d-c5e83ef2cfaf",
            "d98b85cf-04cb-4c4a-841d-834d972a6ca0",
            "baba6318-d9f3-4bbb-b52e-3fac7933ed72",
            "6b949e5f-4c57-4468-9c3b-1afefd3c7749",
            "2e0a542e-03a3-426f-ae82-77864066ee5c",
            "1f60a694-a06e-4e86-a88f-bc174aa93a82",
            "a42f886f-ee8a-4c71-9e16-ad183a040de3",
            "84b40f70-a620-4a48-b528-8b203e238e02"
          ],
          "failures": [],
          "pending": [],
          "skipped": [],
          "duration": 8,
          "root": false,
          "rootEmpty": false,
          "_timeout": 2000
        }
      ],
      "passes": [],
      "failures": [],
      "pending": [],
      "skipped": [],
      "duration": 0,
      "root": true,
      "rootEmpty": true,
      "_timeout": 2000
    }
  ],
  "meta": {
    "mocha": {
      "version": "9.0.3"
    },
    "mochawesome": {
      "options": {
        "quiet": false,
        "reportFilename": "mochawesome",
        "saveHtml": true,
        "saveJson": true,
        "consoleReporter": "spec",
        "useInlineDiffs": false,
        "code": true
      },
      "version": "6.2.2"
    },
    "marge": {
      "options": {
        "reportDir": "docs"
      },
      "version": "5.2.0"
    }
  }
}