{
  "stats": {
    "suites": 10,
    "tests": 48,
    "passes": 48,
    "pending": 0,
    "failures": 0,
    "start": "2022-01-06T01:48:03.238Z",
    "end": "2022-01-06T01:48:03.633Z",
    "duration": 395,
    "testsRegistered": 48,
    "passPercent": 100,
    "pendingPercent": 0,
    "other": 0,
    "hasOther": false,
    "skipped": 0,
    "hasSkipped": false
  },
  "results": [
    {
      "uuid": "e88447cf-7ebd-4e32-91ce-5f37eabc9e19",
      "title": "",
      "fullFile": "",
      "file": "",
      "beforeHooks": [],
      "afterHooks": [],
      "tests": [],
      "suites": [
        {
          "uuid": "b8c25de2-c2d3-4a1d-bd66-84b840a16857",
          "title": "initDirectories",
          "fullFile": "/home/runner/work/planwithus-lib/planwithus-lib/src/block/schemas.test.ts",
          "file": "/src/block/schemas.test.ts",
          "beforeHooks": [],
          "afterHooks": [],
          "tests": [
            {
              "title": "should parse all blocks with no errors",
              "fullTitle": "initDirectories should parse all blocks with no errors",
              "timedOut": false,
              "duration": 3,
              "state": "passed",
              "speed": "fast",
              "pass": true,
              "fail": false,
              "pending": false,
              "context": null,
              "code": "_1.initDirectories.should.not.throw()",
              "err": {},
              "uuid": "1f088990-af5b-4a4c-8fbf-cfc8ec6f860b",
              "parentUUID": "b8c25de2-c2d3-4a1d-bd66-84b840a16857",
              "isHook": false,
              "skipped": false
            },
            {
              "title": "should produce primary, second & minor directories",
              "fullTitle": "initDirectories should produce primary, second & minor directories",
              "timedOut": false,
              "duration": 2,
              "state": "passed",
              "speed": "fast",
              "pass": true,
              "fail": false,
              "pending": false,
              "context": null,
              "code": "const directories = (0, _1.initDirectories)();\ndirectories.should.have.property(\"primary\");\ndirectories.should.have.property(\"second\");\ndirectories.should.have.property(\"minor\");",
              "err": {},
              "uuid": "d3d9d7eb-aa88-404d-bc92-7ff567ac865f",
              "parentUUID": "b8c25de2-c2d3-4a1d-bd66-84b840a16857",
              "isHook": false,
              "skipped": false
            }
          ],
          "suites": [],
          "passes": [
            "1f088990-af5b-4a4c-8fbf-cfc8ec6f860b",
            "d3d9d7eb-aa88-404d-bc92-7ff567ac865f"
          ],
          "failures": [],
          "pending": [],
          "skipped": [],
          "duration": 5,
          "root": false,
          "rootEmpty": false,
          "_timeout": 2000
        },
        {
          "uuid": "d28b3818-22ac-4d9a-8bad-7ae9e05ed9cb",
          "title": "blockSchema",
          "fullFile": "/home/runner/work/planwithus-lib/planwithus-lib/src/block/schemas.test.ts",
          "file": "/src/block/schemas.test.ts",
          "beforeHooks": [],
          "afterHooks": [],
          "tests": [
            {
              "title": "should validate valid block",
              "fullTitle": "blockSchema should validate valid block",
              "timedOut": false,
              "duration": 220,
              "state": "passed",
              "speed": "slow",
              "pass": true,
              "fail": false,
              "pending": false,
              "context": "[\n  {\n    \"title\": \"block sample 0\",\n    \"value\": {\n      \"assign\": [],\n      \"match\": \"KIK64\",\n      \"satisfy\": [\n        {\n          \"mc\": \">=162\"\n        },\n        {\n          \"mc\": \">=96\"\n        },\n        {\n          \"mc\": \">=58\"\n        },\n        {\n          \"and\": [\n            {\n              \"or\": [\n                {\n                  \"or\": [\n                    \"\"\n                  ]\n                }\n              ]\n            },\n            {\n              \"and\": [\n                \"D3Y{s-t~!\",\n                {\n                  \"and\": [\n                    \"!/sH+^\",\n                    {\n                      \"and\": [\n                        {\n                          \"mc\": \"<=24\"\n                        },\n                        {\n                          \"or\": [\n                            \"nODP;a\",\n                            \"\",\n                            \"(\",\n                            \"\",\n                            {\n                              \"mc\": \"<=193\"\n                            }\n                          ]\n                        },\n                        \"`]{\\\"*'-t:\"\n                      ]\n                    }\n                  ]\n                },\n                \"d5B\"\n              ]\n            },\n            \"\\\\vE}@CW}8v\",\n            {\n              \"mc\": \">=102\"\n            },\n            {\n              \"or\": [\n                {\n                  \"mc\": \"<=94\"\n                },\n                \"'qa*lk\\\\'\",\n                \">KT0MqqC\"\n              ]\n            }\n          ]\n        }\n      ],\n      \"url\": \"https://6.f0ghn7f8e3x0ywcerkzhmukaqt-wy-0ae85o6dfnlezbob0bji4v0i29nzfkod.5cf1apdebfdwbsfc1btaku-xeabnrb.gapmkvvdj/;f5%F3%BB%BF%BB0i;f'/%29,fg+,\",\n      \"info\": \"9_\",\n      \"isSelectable\": true,\n      \"2(*}[\": {\n        \"name\": \"l`\",\n        \"ay\": 1984,\n        \"assign\": [\n          \"za\",\n          \"4(n(zw\",\n          \"!yB{'r)\",\n          \"k=\",\n          \"(&s<xR(x\"\n        ],\n        \"match\": [\n          \"IUQx103W\",\n          \"ALE8x\",\n          {\n            \"and\": [\n              {\n                \"pattern\": \"QOT8\",\n                \"exclude\": \"KE7P\",\n                \"info\": \".w\"\n              },\n              {\n                \"and\": [\n                  {\n                    \"or\": [\n                      \"GYYx0*R\",\n                      \"BOY9xxxM\",\n                      \"PBV86\",\n                      \"QGK4P\",\n                      {\n                        \"and\": [\n                          {\n                            \"or\": [\n                              \"TK86\",\n                              \"LUx**3\",\n                              \"TO9\"\n                            ]\n                          },\n                          \"YI3532Q\",\n                          \"SK8\",\n                          \"MT91*X\",\n                          \"DJO3*06\"\n                        ]\n                      }\n                    ]\n                  }\n                ]\n              },\n              {\n                \"pattern\": \"LXUxK\",\n                \"exclude\": []\n              },\n              \"ZK08F\"\n            ]\n          },\n          \"AVB1005\",\n          {\n            \"or\": [\n              {\n                \"or\": [\n                  \"BNMx9\",\n                  {\n                    \"pattern\": \"YI9788\",\n                    \"exclude\": [\n                      \"XC88*3\",\n                      \"ODX6\",\n                      \"WMP4P\",\n                      \"BVx941K\",\n                      \"OAM7A\"\n                    ],\n                    \"info\": \"F&Ses@$9\"\n                  }\n                ]\n              },\n              {\n                \"and\": [\n                  \"QG140\",\n                  {\n                    \"pattern\": \"ZNJ3x8\",\n                    \"exclude\": \"HZA1\",\n                    \"info\": \"t8Kf8>.\"\n                  },\n                  {\n                    \"pattern\": \"PUY6\",\n                    \"exclude\": [\n                      \"CZ00\",\n                      \"HO888\"\n                    ]\n                  },\n                  {\n                    \"or\": [\n                      {\n                        \"pattern\": \"OMN4x9\",\n                        \"exclude\": \"CJ1*V\",\n                        \"info\": \"p2&\"\n                      },\n                      {\n                        \"and\": [\n                          \"FU0\",\n                          \"SEC*7\",\n                          \"IRD8\",\n                          \"QD005\"\n                        ]\n                      },\n                      {\n                        \"pattern\": \"GA0667\",\n                        \"info\": \"37y\"\n                      }\n                    ]\n                  }\n                ]\n              },\n              {\n                \"pattern\": \"HZ61\",\n                \"info\": \"]~di#2rrO\\\"\"\n              },\n              \"OO682\"\n            ]\n          }\n        ],\n        \"info\": \"6*?l\",\n        \"isSelectable\": true\n      },\n      \"Adg#=b3.d\": {\n        \"name\": \">AGB5sz\",\n        \"ay\": 2009,\n        \"assign\": \"3=aED00hU0\",\n        \"match\": [],\n        \"satisfy\": {\n          \"mc\": \">=165\"\n        },\n        \"url\": \"https://q8ttu-d6j0vax61lx5413j364wqvn27vyb3yy59axtopfn.y7yywt9--yxgdxzwhe6bssniabu5-siypvwel0vm-d6ohsm3t2rd9.xxvrdwuwt/Dtpxq%F3%91%BC%83AUGW/D,K_@P*(%F2%9B%A4%A4!/9/m9%F2%93%BB%A3_~jrFi*/=-W/I(5p4x9bb7/D%F0%96%A1%A7mRmd/HO,y%F4%8D%B5%BDU/3iuH)\",\n        \"info\": \"\\\"}S<\\\"\\\"}|\",\n        \"isSelectable\": true,\n        \"4K\\\\@.:wx#\": {\n          \"name\": \"1|^q1n\",\n          \"match\": \"EK7A\",\n          \"satisfy\": \"jXwQ92uby\",\n          \"url\": \"http://i0matlcyonqv4r1q0mnn9z2e597rdcnfsafk-hxvrp2pg6ue-l5w1x44.km0e6n.y7027e0qap085rth5.nxstct1rqrgg0yp5ueq9-667u6ymbzv1-kxkcd3a1dwaecjnm02xnnvl.z-j7adsnekp7us729wmr08k9cv6wz1d.hdmplt/%F3%99%B8%A7v/3H2Xh%F3%A5%92%AB4v1/+strVH)b/_/.P(/\",\n          \"info\": \"wStel\",\n          \"isSelectable\": true\n        },\n        \"\": {\n          \"ay\": 1971,\n          \"assign\": [\n            \"]:;\",\n            \"u3g~ms[~sG\",\n            \"d-\",\n            \"g4\",\n            \"-U.[sv$\"\n          ],\n          \"satisfy\": [\n            {\n              \"mc\": \">=138\"\n            },\n            {\n              \"and\": [\n                {\n                  \"mc\": \">=13\"\n                },\n                {\n                  \"mc\": \"<=173\"\n                },\n                {\n                  \"mc\": \"<=188\"\n                }\n              ]\n            },\n            {\n              \"and\": [\n                \"G6h\\\\\"\n              ]\n            }\n          ],\n          \"url\": \"https://i.3.c.k.3zbzmg.aapssdxg\",\n          \"info\": \"L1g<[r\"\n        },\n        \"nSt5}a/\": {\n          \"name\": \"cx\",\n          \"ay\": 2023,\n          \"assign\": \"I=X4u9TA3\",\n          \"match\": {\n            \"and\": [\n              {\n                \"or\": [\n                  \"RTZ5724V\",\n                  \"ULX4\",\n                  \"BVD00x1C\"\n                ]\n              }\n            ]\n          },\n          \"satisfy\": {\n            \"or\": [\n              {\n                \"and\": [\n                  {\n                    \"and\": [\n                      {\n                        \"or\": [\n                          \"a(x\\\"I;mp9t\",\n                          \"BeF;Pn\",\n                          \"Lb\",\n                          \"Qt5\",\n                          \"~@\"\n                        ]\n                      },\n                      \"`\"\n                    ]\n                  },\n                  {\n                    \"mc\": \"<=59\"\n                  },\n                  {\n                    \"mc\": \"<=36\"\n                  }\n                ]\n              },\n              \"X\",\n              {\n                \"or\": []\n              },\n              {\n                \"and\": [\n                  {\n                    \"or\": [\n                      {\n                        \"or\": []\n                      },\n                      \"<\",\n                      {\n                        \"and\": [\n                          \"V`JI03g`MI\",\n                          \"\\\"8>B|Kh/-\",\n                          \"9^/b+D\",\n                          {\n                            \"and\": [\n                              \"7&\",\n                              \"OX,a\",\n                              \"D:JGPv\",\n                              \"<943-`K:'\",\n                              {\n                                \"or\": [\n                                  \"BTE,\",\n                                  \"hJl}g\",\n                                  \"S 5BCo\",\n                                  \"5Q=IkS\"\n                                ]\n                              }\n                            ]\n                          },\n                          {\n                            \"or\": [\n                              \")\",\n                              \"Rs\",\n                              {\n                                \"mc\": \">=155\"\n                              },\n                              \"qmYgp_Ze+\",\n                              \"s$61\"\n                            ]\n                          }\n                        ]\n                      },\n                      \"\"\n                    ]\n                  },\n                  \";^\",\n                  \"n_h#4\"\n                ]\n              }\n            ]\n          },\n          \"url\": \"https://3s1nd4gto9rukqzvm-u-5b6p4hl6ag3rsvp7fsrtb8ai-us2iwr.badiwpgjs/5*Tw&/Z7C$d/;H0'B@-G_U/qg4.~PhC.//$1QN/\",\n          \"info\": \"!K3\",\n          \"isSelectable\": true\n        },\n        \"P\": {\n          \"name\": \"'2K&:i~zFQ\",\n          \"ay\": 1984,\n          \"satisfy\": {\n            \"and\": []\n          },\n          \"url\": \"http://23tuzbdwyzpew0osgg2gcvo1cio1nvp7.fwo6dsxg98h24cj5kh6t-1oppq-zxpwkvar2wh5hsy9ce35hox.p3zu2drdideil9fm4ehgc4xl8e2k-zy7zwod71ecr3061cza192itf.ujmgpi3hjkar.atushwo-se8d9izl7t2tezfsv6m8sw6d4wao1hse8gupa.rqillkg/'F30kW/W%F1%87%B7%93WG*=V\",\n          \"info\": \"6#H&/klZJ\"\n        },\n        \"kwr3'Sk\": {\n          \"name\": \"++z8\",\n          \"ay\": 1957,\n          \"assign\": [\n            \"Mb9Q\",\n            \"9(<avuc~\"\n          ],\n          \"match\": \"SI5U\",\n          \"satisfy\": [],\n          \"url\": \"https://55qxwmvdbwqw-xey78jv0971.e85bndxrir3omq4b-1vbewsy-ft7dz6vl8vw2lynf--pe1nm02.ms1h2ndwbz5u18qqf7vxy-8lmufe6kc-nf-z.2or8ndj6i9ksa2b9ifq1htlx-ghi7nxpds0tu-9iqpv24dkktlvtpoi.3w7h97fs8a2-02vgz9i8x04.xjzzzjcl/utW4(U\",\n          \"info\": \"r\",\n          \"isSelectable\": true\n        }\n      },\n      \"+.Eo\": {\n        \"name\": \"\",\n        \"ay\": 1997,\n        \"assign\": \"q\",\n        \"match\": \"OU*\",\n        \"satisfy\": {\n          \"or\": [\n            {\n              \"or\": [\n                {\n                  \"mc\": \">=125\"\n                },\n                {\n                  \"or\": [\n                    \"+&2(he\",\n                    \"F,e(ZAb\\\"\",\n                    {\n                      \"mc\": \">=123\"\n                    },\n                    \".<+\"\n                  ]\n                },\n                \"KCC\",\n                \"6$;B%Cmgf\"\n              ]\n            },\n            {\n              \"and\": []\n            },\n            {\n              \"mc\": \"<=131\"\n            },\n            \"\",\n            {\n              \"and\": [\n                \"=R,\",\n                {\n                  \"or\": []\n                }\n              ]\n            }\n          ]\n        },\n        \"url\": \"https://ok2juc-imyeb.74za5apbuy3mfndxmg3d5w.lllqrhpflj/TpH~;/4x)X\",\n        \"info\": \"|>P\",\n        \"isSelectable\": true\n      },\n      \"xx\": {\n        \"name\": \"R\",\n        \"ay\": 1995,\n        \"assign\": [\n          \"OC0G5LcO\",\n          \"8EZN/R/\",\n          \"\"\n        ],\n        \"match\": {\n          \"and\": [\n            \"RUW169\",\n            {\n              \"or\": [\n                \"XI3115C\",\n                \"HOV*650\",\n                {\n                  \"and\": [\n                    \"XVx*4Z\",\n                    \"OQ29*B\",\n                    \"YF2O\"\n                  ]\n                },\n                \"DGI7\"\n              ]\n            },\n            {\n              \"and\": [\n                \"EM309\",\n                {\n                  \"pattern\": \"DXY4A\",\n                  \"exclude\": [\n                    \"GT2B\",\n                    \"HTL7\",\n                    \"YV03G\"\n                  ],\n                  \"info\": \"m\"\n                },\n                \"ZP29\"\n              ]\n            },\n            {\n              \"pattern\": \"DESxO\"\n            },\n            {\n              \"and\": [\n                {\n                  \"and\": [\n                    \"GP83Y\"\n                  ]\n                },\n                \"TW32N\",\n                {\n                  \"pattern\": \"LAT*81H\",\n                  \"exclude\": \"GY3\",\n                  \"info\": \"\"\n                }\n              ]\n            }\n          ]\n        },\n        \"satisfy\": [],\n        \"info\": \"q&&;0\",\n        \"isSelectable\": true\n      },\n      \"Kd-sdC*b7\": {\n        \"name\": \"npm#42m\",\n        \"ay\": 1951,\n        \"assign\": [],\n        \"match\": [\n          {\n            \"and\": [\n              {\n                \"and\": [\n                  {\n                    \"and\": [\n                      {\n                        \"and\": [\n                          \"MEK6\"\n                        ]\n                      },\n                      {\n                        \"pattern\": \"TSJ7\",\n                        \"exclude\": [],\n                        \"info\": \"p)%i/*sDG1\"\n                      },\n                      \"CXL*M\",\n                      \"RM7\"\n                    ]\n                  },\n                  \"KO70\",\n                  {\n                    \"pattern\": \"TEx326B\",\n                    \"exclude\": [\n                      \"AL51\",\n                      \"PKV615D\",\n                      \"CJEx5x\",\n                      \"SV1723A\",\n                      \"XID*0\"\n                    ],\n                    \"info\": \"\"\n                  },\n                  \"MII0A\",\n                  \"RLA4476A\"\n                ]\n              },\n              \"GVT4M\"\n            ]\n          },\n          {\n            \"pattern\": \"NF05\",\n            \"exclude\": \"DM0R\",\n            \"info\": \"dK.\"\n          },\n          {\n            \"or\": [\n              {\n                \"and\": [\n                  \"WPQ9x92\",\n                  {\n                    \"and\": [\n                      {\n                        \"and\": [\n                          \"KO*7Q\",\n                          {\n                            \"and\": []\n                          }\n                        ]\n                      },\n                      {\n                        \"or\": [\n                          \"HA6210J\",\n                          \"PRF66*4\",\n                          {\n                            \"pattern\": \"ILI0S\",\n                            \"exclude\": [\n                              \"TL*0\",\n                              \"VTD0809H\",\n                              \"HLG3278\",\n                              \"JQxx\",\n                              \"YD*D\"\n                            ]\n                          },\n                          {\n                            \"or\": [\n                              \"CH352M\",\n                              \"XVY1*36\"\n                            ]\n                          },\n                          {\n                            \"and\": [\n                              \"XBI*F\",\n                              \"FN*\",\n                              \"NLX89\"\n                            ]\n                          }\n                        ]\n                      },\n                      \"NE6*81\",\n                      \"RA9165E\"\n                    ]\n                  }\n                ]\n              },\n              {\n                \"or\": [\n                  \"DP85*0\",\n                  \"KKB95M\",\n                  \"BH859\",\n                  {\n                    \"and\": [\n                      \"VB9G\"\n                    ]\n                  },\n                  \"GO85*8\"\n                ]\n              },\n              \"DO546J\",\n              {\n                \"and\": [\n                  {\n                    \"pattern\": \"PDT0W\",\n                    \"exclude\": \"CL87xI\",\n                    \"info\": \"VVr6gJl_\"\n                  },\n                  {\n                    \"and\": [\n                      \"PP*0V\",\n                      \"KT7\",\n                      {\n                        \"pattern\": \"EN1786\",\n                        \"info\": \"[\"\n                      }\n                    ]\n                  },\n                  \"FM510Q\"\n                ]\n              },\n              {\n                \"pattern\": \"CHP5216V\",\n                \"exclude\": [\n                  \"LKM05x5\",\n                  \"AUC123\",\n                  \"BFW3617\",\n                  \"PM921\",\n                  \"GXAxW\"\n                ],\n                \"info\": \"W;e2|d@.\"\n              }\n            ]\n          },\n          \"QM9982B\",\n          \"JBC726\"\n        ],\n        \"satisfy\": {\n          \"or\": [\n            \"XSK!ZOl+=\",\n            {\n              \"and\": [\n                \"TF%|gUk]#j\",\n                \"Z`II\",\n                {\n                  \"or\": [\n                    \"\",\n                    \")I|Z\"\n                  ]\n                },\n                {\n                  \"or\": [\n                    {\n                      \"mc\": \"<=26\"\n                    },\n                    \"9yo#9<\",\n                    \"ts |\",\n                    {\n                      \"or\": [\n                        {\n                          \"or\": [\n                            \"9SSXGqe+e\"\n                          ]\n                        },\n                        {\n                          \"or\": []\n                        },\n                        {\n                          \"or\": [\n                            \"\",\n                            {\n                              \"or\": []\n                            },\n                            \"^DpL[$\",\n                            \"Y(`\"\n                          ]\n                        },\n                        \"(\"\n                      ]\n                    },\n                    \"w6i}\"\n                  ]\n                },\n                {\n                  \"mc\": \"<=31\"\n                }\n              ]\n            }\n          ]\n        },\n        \"url\": \"https://s58r93tpcbgdjr9bv1vrkbgnr059g1zri9gv2xo-33.yogujzmhicq8wklve-ms27iuk6271cpyh5o-a7l9n164jrvfx5ross9f.wekkr/X/%F0%A4%87%9D/8xeNMH9n3%F1%9A%A4%B4\",\n        \"isSelectable\": true\n      }\n    }\n  },\n  {\n    \"title\": \"block sample 1\",\n    \"value\": {\n      \"ay\": 1956,\n      \"assign\": [\n        \"}x2\",\n        \"\"\n      ],\n      \"match\": {\n        \"or\": []\n      },\n      \"satisfy\": [\n        {\n          \"or\": [\n            \"X^\",\n            {\n              \"and\": [\n                \"\",\n                {\n                  \"and\": []\n                }\n              ]\n            },\n            {\n              \"mc\": \"<=52\"\n            },\n            {\n              \"mc\": \">=131\"\n            },\n            {\n              \"mc\": \"<=134\"\n            }\n          ]\n        },\n        \"1=xi\",\n        {\n          \"mc\": \">=161\"\n        }\n      ],\n      \"url\": \"http://t.cagod\",\n      \"info\": \"#h+)4^,F#\",\n      \"isSelectable\": true\n    }\n  },\n  {\n    \"title\": \"block sample 2\",\n    \"value\": {\n      \"ay\": 1950,\n      \"satisfy\": \"E1LT7P)\",\n      \"info\": \"\",\n      \"isSelectable\": true,\n      \"m\": {\n        \"name\": \"hg(Pr{Z\",\n        \"assign\": \"W);f?v0*\",\n        \"match\": [],\n        \"satisfy\": {\n          \"mc\": \"<=57\"\n        },\n        \"url\": \"http://arodsvjipdbitb1-4kfvqshgi17v0s.1juaa48czvr1419s592bzez0yk6aba6g4.kkmkj6t037h5g30.m1y1malxfdjdm-wn077c1gsn4oe2z8pj5--a.gkdkpee-va1i8a5.qtn/m%F1%8E%8C%B8x~%F3%99%80%80NA/nY7DOR/y%F0%94%9A%96,%F0%AB%82%B7Y'%F2%9A%95%83E/SZV$hOSq/jL3&/$mXn/=2fT\",\n        \"info\": \"f{W?f4Zc\",\n        \"isSelectable\": true\n      }\n    }\n  },\n  {\n    \"title\": \"block sample 3\",\n    \"value\": {\n      \"name\": \"1NfJ7|2)\",\n      \"ay\": 1969,\n      \"assign\": \"|\",\n      \"url\": \"https://vgxl.q6.ildwjw3kkgc49et0kz27i3g8232zrc0v7ei2agxlrmrw-jds5e.dae/1WC$dEmj//~9it$HZrP/vN()T//g@%F1%A0%B9%B8sL\",\n      \"info\": \"Gzz*S&~8t\",\n      \"isSelectable\": true\n    }\n  },\n  {\n    \"title\": \"block sample 4\",\n    \"value\": {\n      \"name\": \"\",\n      \"assign\": \"y\\\"#!|!a\",\n      \"match\": [\n        {\n          \"or\": [\n            \"OBT7737\"\n          ]\n        },\n        {\n          \"and\": [\n            {\n              \"and\": [\n                \"PWC*27U\",\n                {\n                  \"or\": [\n                    {\n                      \"pattern\": \"UBS241Q\",\n                      \"exclude\": [\n                        \"RH85\",\n                        \"XR95*A\",\n                        \"QT*\"\n                      ],\n                      \"info\": \"9_bd\"\n                    },\n                    \"PE5\",\n                    \"DMG0\"\n                  ]\n                },\n                \"DN5258C\",\n                {\n                  \"and\": [\n                    \"TE31M\",\n                    {\n                      \"pattern\": \"RGG36P\",\n                      \"exclude\": \"NN**1\",\n                      \"info\": \"36dfZI\"\n                    },\n                    {\n                      \"or\": [\n                        \"HCJ451Y\",\n                        \"ZU56\",\n                        \"DSx*N\"\n                      ]\n                    },\n                    \"DW8*x\",\n                    \"CFA2G\"\n                  ]\n                }\n              ]\n            },\n            {\n              \"pattern\": \"OD944\",\n              \"exclude\": []\n            },\n            \"YZ5394N\",\n            {\n              \"and\": [\n                {\n                  \"or\": []\n                }\n              ]\n            },\n            {\n              \"or\": []\n            }\n          ]\n        }\n      ],\n      \"satisfy\": [\n        \"bZ5-N8`m}w\",\n        \"~SP#\\\"y|\"\n      ],\n      \"url\": \"http://f3e7.mp7vo7k6qgksray3ym96cqxs2javbsv10kki3155uytpb08.w9a4rxs68r8414gbxpnq06.a.abnvbzai/B/Rojqa4f,x/%F1%8B%A9%91%F1%89%BB%AB_6iJnTRt/@/T/s6;*Z/.An\",\n      \"info\": \"EV3#mS\",\n      \"isSelectable\": true,\n      \"n_\": {\n        \"name\": \"sQQEOx3'w/\",\n        \"ay\": 1951,\n        \"match\": [\n          {\n            \"and\": [\n              {\n                \"pattern\": \"NKW1\",\n                \"exclude\": [],\n                \"info\": \"{?\"\n              },\n              {\n                \"or\": [\n                  {\n                    \"pattern\": \"UNK40*\"\n                  },\n                  {\n                    \"pattern\": \"NN172\",\n                    \"exclude\": \"NRT706\",\n                    \"info\": \"1MMR<_m\"\n                  },\n                  \"CW3\",\n                  {\n                    \"or\": [\n                      {\n                        \"and\": [\n                          \"XRx4E\",\n                          \"TVW707x\"\n                        ]\n                      },\n                      \"MIQ78*7\",\n                      {\n                        \"and\": [\n                          {\n                            \"pattern\": \"FSAx1\",\n                            \"exclude\": [\n                              \"GUX9\",\n                              \"LIV9\",\n                              \"UK*844\"\n                            ],\n                            \"info\": \"S> w:\"\n                          },\n                          \"APxL\",\n                          \"EExL\"\n                        ]\n                      }\n                    ]\n                  },\n                  \"JB1K\"\n                ]\n              },\n              \"ND9K\"\n            ]\n          },\n          \"BPOx793\"\n        ],\n        \"satisfy\": {\n          \"or\": [\n            {\n              \"and\": [\n                {\n                  \"or\": [\n                    \"'xW\",\n                    \"90sfd\",\n                    {\n                      \"and\": [\n                        {\n                          \"mc\": \"<=50\"\n                        },\n                        \"}+\",\n                        \"L\"\n                      ]\n                    },\n                    {\n                      \"or\": [\n                        \"v\",\n                        \"Z\"\n                      ]\n                    }\n                  ]\n                },\n                {\n                  \"and\": [\n                    \"#xeKiycfQK\",\n                    \"@:n\\\\Oa'\",\n                    \"x+*E&i38$N\",\n                    \"\",\n                    {\n                      \"and\": [\n                        \"4t*;8A5\",\n                        \"SaL\",\n                        \"-(sN\",\n                        \"_><f5vm,\"\n                      ]\n                    }\n                  ]\n                },\n                {\n                  \"or\": [\n                    {\n                      \"and\": [\n                        \";d]j:Y\",\n                        \"Ky[\\\\/\\\\&\",\n                        \"\",\n                        {\n                          \"and\": [\n                            {\n                              \"or\": [\n                                \"\\\"Y}C{qA\",\n                                \"Ss0ns:`I\",\n                                \"1PU8rg\",\n                                \"1Xc\",\n                                \"'}yz0v{Q\"\n                              ]\n                            },\n                            \"LB[\",\n                            \"\",\n                            \" iU/sahV<g\",\n                            \";Z*\"\n                          ]\n                        }\n                      ]\n                    },\n                    \":%]\"\n                  ]\n                }\n              ]\n            },\n            {\n              \"or\": [\n                {\n                  \"mc\": \"<=116\"\n                },\n                \"ZFe\",\n                {\n                  \"and\": [\n                    \"OO\",\n                    {\n                      \"mc\": \">=130\"\n                    },\n                    \"GoG!vfs6/D\",\n                    {\n                      \"and\": [\n                        \"'f_F#\",\n                        \"RB~m:fz\"\n                      ]\n                    },\n                    \"]f0?]F_O>}\"\n                  ]\n                },\n                {\n                  \"or\": [\n                    \"*(3I~\"\n                  ]\n                },\n                {\n                  \"and\": [\n                    \"{m c|E4?nD\",\n                    \"'\"\n                  ]\n                }\n              ]\n            }\n          ]\n        },\n        \"info\": \"!z(%\",\n        \"rc-`ZtKj&%\": {\n          \"name\": \"XjXN\",\n          \"ay\": 1968,\n          \"match\": {\n            \"or\": [\n              {\n                \"or\": [\n                  \"DET8\",\n                  {\n                    \"or\": [\n                      {\n                        \"pattern\": \"RBQ*\",\n                        \"exclude\": \"UR2x4M\",\n                        \"info\": \"zU9.)C39\"\n                      },\n                      \"DRZ*32\",\n                      \"RPN79xU\"\n                    ]\n                  },\n                  {\n                    \"and\": [\n                      \"EYY4F\",\n                      {\n                        \"or\": [\n                          \"PS6C\"\n                        ]\n                      },\n                      \"UJE5x7U\",\n                      \"CC40*T\"\n                    ]\n                  }\n                ]\n              },\n              {\n                \"or\": [\n                  {\n                    \"pattern\": \"HIB58H\",\n                    \"exclude\": \"CG1x7\",\n                    \"info\": \"/e (\"\n                  },\n                  {\n                    \"or\": [\n                      {\n                        \"and\": [\n                          {\n                            \"and\": [\n                              \"WKx\",\n                              \"RR5727\"\n                            ]\n                          },\n                          \"DQA2x\",\n                          {\n                            \"and\": [\n                              \"XA632*\",\n                              \"JF497\",\n                              \"LD*F\",\n                              \"SI9\"\n                            ]\n                          },\n                          \"IW*868D\"\n                        ]\n                      },\n                      \"LJK0\"\n                    ]\n                  },\n                  \"XKJ683\",\n                  {\n                    \"or\": [\n                      {\n                        \"and\": []\n                      },\n                      \"TV14O\",\n                      {\n                        \"pattern\": \"KU42*\",\n                        \"exclude\": \"MC2\"\n                      },\n                      \"FT*x21\",\n                      \"CE99R\"\n                    ]\n                  }\n                ]\n              }\n            ]\n          },\n          \"satisfy\": [\n            {\n              \"or\": [\n                {\n                  \"and\": [\n                    \"{u8I[D%%=^\",\n                    {\n                      \"or\": [\n                        {\n                          \"or\": []\n                        },\n                        \"-'$v`zcF\"\n                      ]\n                    }\n                  ]\n                },\n                \"0qxqRYCH<\",\n                {\n                  \"mc\": \">=131\"\n                }\n              ]\n            },\n            \",+{\"\n          ],\n          \"url\": \"http://p.8.jtrr7tqfarzo-js6vhpagdct5u66sjcsa8leir.3mxiuexe7dyfu33cmhraolw1ygl2eodmy3.fm/A%F4%81%89%8A%F0%AB%8B%BBVzL(:\",\n          \"info\": \")\",\n          \"isSelectable\": true,\n          \"6z5pTg[\": {\n            \"name\": \"He\",\n            \"ay\": 2000,\n            \"assign\": [\n              \"!@4Jh3N{V-\",\n              \"9p4t\",\n              \"m'%\",\n              \"L%8@KOf%Q\",\n              \"KSK|QT6'tl\"\n            ],\n            \"match\": [\n              {\n                \"pattern\": \"ER8\",\n                \"exclude\": [\n                  \"FGX168W\",\n                  \"FH2Z\",\n                  \"ZV1\",\n                  \"EE2\",\n                  \"YNG30*I\"\n                ],\n                \"info\": \"-X`% 0\"\n              },\n              {\n                \"pattern\": \"DKS450F\",\n                \"exclude\": [],\n                \"info\": \"l6#.G]~q\"\n              },\n              {\n                \"and\": [\n                  {\n                    \"pattern\": \"HZx7\",\n                    \"info\": \"\"\n                  },\n                  {\n                    \"and\": []\n                  },\n                  {\n                    \"pattern\": \"WK19K\",\n                    \"exclude\": [\n                      \"GJH4Y\",\n                      \"VF0H\",\n                      \"ETJ0x\",\n                      \"JAx17V\",\n                      \"ZKD4K\"\n                    ],\n                    \"info\": \".#Jx\"\n                  },\n                  {\n                    \"or\": [\n                      \"PLM1701\",\n                      \"EF262O\",\n                      {\n                        \"and\": [\n                          \"MH6H\",\n                          \"HWB5\",\n                          {\n                            \"pattern\": \"HPB1\",\n                            \"exclude\": \"ERA78M\"\n                          }\n                        ]\n                      }\n                    ]\n                  },\n                  \"RG61\"\n                ]\n              },\n              {\n                \"or\": [\n                  {\n                    \"pattern\": \"OVE480\",\n                    \"exclude\": [\n                      \"PY7217\",\n                      \"UQ394D\",\n                      \"GOH162\"\n                    ],\n                    \"info\": \"gnY\"\n                  }\n                ]\n              }\n            ],\n            \"info\": \"[\",\n            \"isSelectable\": true\n          },\n          \"\": {\n            \"name\": \"[ 0\",\n            \"ay\": 1974,\n            \"assign\": \"ewS~ WC]k\",\n            \"match\": \"ZA773\",\n            \"info\": \"o*EU,2W&\",\n            \"isSelectable\": true\n          },\n          \"}H\": {\n            \"name\": \"?uG~C4v!\",\n            \"ay\": 1981,\n            \"assign\": \"`n\",\n            \"match\": [\n              {\n                \"or\": [\n                  {\n                    \"or\": [\n                      {\n                        \"and\": [\n                          \"AO80R\"\n                        ]\n                      }\n                    ]\n                  }\n                ]\n              },\n              {\n                \"and\": [\n                  \"QKD3020M\",\n                  \"FU2\",\n                  {\n                    \"or\": [\n                      {\n                        \"pattern\": \"QB33\",\n                        \"exclude\": \"YGV71xN\"\n                      },\n                      \"EZ928*J\",\n                      {\n                        \"or\": [\n                          {\n                            \"and\": [\n                              \"DGJ6Z\",\n                              {\n                                \"or\": [\n                                  \"TSW325xV\"\n                                ]\n                              },\n                              \"OAL3990X\"\n                            ]\n                          },\n                          {\n                            \"or\": [\n                              {\n                                \"and\": [\n                                  \"MNx11\",\n                                  \"QZ7*55S\"\n                                ]\n                              },\n                              \"PEM634xO\",\n                              \"KS563x\",\n                              \"JT163\"\n                            ]\n                          },\n                          \"KFx8U\",\n                          {\n                            \"or\": [\n                              \"JA2581\",\n                              {\n                                \"pattern\": \"ES113*\",\n                                \"exclude\": [\n                                  \"KQx\",\n                                  \"OZG99H\",\n                                  \"WRU873\",\n                                  \"QNP8S\"\n                                ],\n                                \"info\": \"y6l\\\".Vo]]\"\n                              },\n                              \"TER43C\",\n                              \"OA0\",\n                              \"DTJ516\"\n                            ]\n                          }\n                        ]\n                      },\n                      \"TYY932x\"\n                    ]\n                  }\n                ]\n              }\n            ],\n            \"url\": \"https://63m022pqoyn1myax00g8uu48namksdj2a-rlz7.fvqxduci76vwnef9rn3q3941moxuopcaqnfoo4g3a.gy7-m0f3g2b6t25-nklq2xeq3v2y69pvo-be9ivdnkmtworuhwaur8tbafxd9.rith-nbissp0mxn-ufcn-pxh0hkh41kh0s1mou4iw5guwjs9-c858mmd37ebv.kz47lzy4k77qmofegu5ls1e2bjhy.fsfaqhms/%F1%A8%87%A00B%F3%BD%B8%97%F1%80%AB%B7*f8&\",\n            \"info\": \"\\\\Mz9_\",\n            \"isSelectable\": true\n          },\n          \"u9OB?Z(]YR\": {\n            \"name\": \",\\\"@@+\",\n            \"ay\": 1989,\n            \"assign\": [\n              \"a;ShWV8\",\n              \"}\",\n              \"PrMW\",\n              \"Y;s80Va}\",\n              \"\\\"RsXZC\"\n            ],\n            \"match\": [],\n            \"satisfy\": {\n              \"mc\": \">=85\"\n            },\n            \"url\": \"https://nhmpaf8-2jqbw8ytek0f99pg4mmoy9vbjn1w7lijm.4.bbnconmrg/%F2%90%9D%BEqg;%F1%9C%AD%B3b3(/f29HC7%F2%A1%B2%ACU%F2%9D%8D%84u/946L@'0nro\",\n            \"info\": \"aU\"\n          }\n        }\n      }\n    }\n  },\n  {\n    \"title\": \"block sample 5\",\n    \"value\": {\n      \"ay\": 1956,\n      \"assign\": [],\n      \"match\": {\n        \"pattern\": \"PU2914\",\n        \"exclude\": [\n          \"DTK7C\",\n          \"VR0042\",\n          \"AE718\"\n        ],\n        \"info\": \"[J\"\n      },\n      \"satisfy\": [\n        {\n          \"and\": [\n            {\n              \"or\": [\n                {\n                  \"mc\": \">=145\"\n                },\n                {\n                  \"mc\": \">=160\"\n                }\n              ]\n            },\n            {\n              \"or\": [\n                \"'^~ \"\n              ]\n            },\n            {\n              \"and\": [\n                {\n                  \"mc\": \"<=165\"\n                },\n                {\n                  \"and\": []\n                },\n                \".z?\"\n              ]\n            },\n            \"d]wU];!I1\",\n            \"-`snk.(C%n\"\n          ]\n        },\n        {\n          \"and\": [\n            {\n              \"or\": [\n                \"!.^),I-CfM\"\n              ]\n            },\n            {\n              \"mc\": \"<=86\"\n            }\n          ]\n        },\n        {\n          \"or\": [\n            {\n              \"mc\": \"<=123\"\n            }\n          ]\n        },\n        \"\",\n        {\n          \"and\": []\n        }\n      ],\n      \"url\": \"https://mzvhswxub-dwrsiqfti.jbfl-w99gkuoq.z-tc2v3izqr2cuxwv950170e1batspi-m37o.leeab\",\n      \"info\": \"{%\"\n    }\n  },\n  {\n    \"title\": \"block sample 6\",\n    \"value\": {\n      \"ay\": 1952,\n      \"assign\": \"\",\n      \"match\": [\n        {\n          \"and\": [\n            \"QD5x\",\n            {\n              \"or\": [\n                {\n                  \"or\": [\n                    \"YC083F\",\n                    \"LC9250P\",\n                    {\n                      \"or\": [\n                        {\n                          \"pattern\": \"AC712\",\n                          \"exclude\": [\n                            \"XSU7607E\",\n                            \"QQG5\",\n                            \"UFO132\",\n                            \"PNA4I\"\n                          ],\n                          \"info\": \"\\\"+f9{Hv\"\n                        },\n                        \"EPC80x\",\n                        \"VQ2\",\n                        {\n                          \"pattern\": \"KG3456Y\",\n                          \"info\": \"e41\"\n                        },\n                        \"BPY4\"\n                      ]\n                    },\n                    {\n                      \"and\": [\n                        \"AH8001W\",\n                        \"JTBx4*\"\n                      ]\n                    }\n                  ]\n                },\n                \"IX6667\",\n                {\n                  \"pattern\": \"UG5903\",\n                  \"exclude\": \"GGW267\"\n                },\n                \"UP**61\",\n                {\n                  \"pattern\": \"QQZ09L\",\n                  \"exclude\": [],\n                  \"info\": \"B&\"\n                }\n              ]\n            },\n            {\n              \"and\": [\n                \"YGW4L\",\n                \"VYQ3\"\n              ]\n            },\n            {\n              \"pattern\": \"KN04P\",\n              \"exclude\": [\n                \"RKJ015\",\n                \"EIQ39R\",\n                \"WIE1x04\",\n                \"VM006\"\n              ]\n            },\n            {\n              \"pattern\": \"KUX252\",\n              \"info\": \"A8$CP$5;0V\"\n            }\n          ]\n        },\n        {\n          \"and\": []\n        },\n        {\n          \"or\": []\n        },\n        {\n          \"pattern\": \"BA6\",\n          \"exclude\": [\n            \"HTX00xS\",\n            \"NE08J\"\n          ],\n          \"info\": \"$\"\n        }\n      ],\n      \"satisfy\": [\n        {\n          \"or\": [\n            {\n              \"and\": [\n                {\n                  \"or\": [\n                    \"|;n<Y$ibn\"\n                  ]\n                },\n                {\n                  \"and\": [\n                    \"$$\\\\(3]#D[M\",\n                    \"~6nR#\",\n                    {\n                      \"mc\": \"<=199\"\n                    },\n                    \"GD:\\\\`9\"\n                  ]\n                },\n                {\n                  \"mc\": \">=72\"\n                },\n                {\n                  \"mc\": \">=164\"\n                },\n                \"U&t9.s\"\n              ]\n            },\n            {\n              \"mc\": \"<=42\"\n            },\n            \"VqmFms\",\n            {\n              \"or\": [\n                \"S\\\\\",\n                {\n                  \"mc\": \">=49\"\n                },\n                {\n                  \"or\": []\n                }\n              ]\n            },\n            \"h3bIz.N\"\n          ]\n        },\n        {\n          \"and\": [\n            {\n              \"mc\": \">=105\"\n            },\n            {\n              \"and\": [\n                \"R\",\n                \"S+'p(*%/I\"\n              ]\n            },\n            {\n              \"and\": [\n                \"4{s)&m3g\",\n                {\n                  \"or\": [\n                    \"&7<\",\n                    \"!\\\\#7g\"\n                  ]\n                },\n                \"Wpy5O&cv\",\n                {\n                  \"and\": [\n                    {\n                      \"or\": [\n                        \"]!!A\",\n                        \"V{:?z(]YiX\",\n                        \"QkpZ8FC(\",\n                        \"Tt'$oA wo\"\n                      ]\n                    },\n                    {\n                      \"and\": [\n                        \"%5c\",\n                        \"UR&k\",\n                        \"5t}.\\\"\",\n                        \";Q[VFm4\"\n                      ]\n                    }\n                  ]\n                }\n              ]\n            }\n          ]\n        }\n      ],\n      \"url\": \"https://ybm17ukb5fgjx3j8p8218md8mev95t715d71l0047cc.eekap1n7ohkzzb8xac3xa1vynupkxqi8ehahp-jx0lp4pzi.w8cbz8sauvax4lp1k4tdfu65hn34qh5w47.uneapfc/%F2%BA%B6%85Y:_//y'J9/VCsJMM/\",\n      \"info\": \"HMb\",\n      \"isSelectable\": true,\n      \"S--^1;\": {\n        \"name\": \"P<A4k5\",\n        \"ay\": 1963,\n        \"assign\": [\n          \"YydhE%Q\",\n          \"[CA\\\"\\\\#vGQd\",\n          \"Oh-/\",\n          \"W489Mg\",\n          \"C\"\n        ],\n        \"match\": {\n          \"pattern\": \"IZ7\",\n          \"exclude\": \"ONY52N\",\n          \"info\": \"k)#D\\\"D\"\n        },\n        \"satisfy\": [\n          {\n            \"or\": [\n              {\n                \"or\": [\n                  {\n                    \"mc\": \"<=142\"\n                  },\n                  \"V\",\n                  \"m\",\n                  \"b@d- go\",\n                  \"YA\"\n                ]\n              },\n              {\n                \"and\": [\n                  {\n                    \"or\": [\n                      \"S r(g(Y\\\"ek\",\n                      \"^O}l)A\",\n                      \"Z-<Ys1!r\"\n                    ]\n                  },\n                  \"\",\n                  \";(\",\n                  {\n                    \"mc\": \"<=60\"\n                  },\n                  {\n                    \"and\": [\n                      \"XIDX\\\\^A\\\"\",\n                      \"V_U\"\n                    ]\n                  }\n                ]\n              },\n              {\n                \"mc\": \"<=111\"\n              }\n            ]\n          }\n        ],\n        \"url\": \"http://iav.e.zxptvtdyfm4sm2jubkpibaeq44esal60bm41wx6mej792wsgaqclqo.d42q3rz.houmfaich/%F2%B2%BB%8C8G/%F3%B9%B9%AC%F1%B8%84%A4%F3%89%A0%97uy/18uOKjs/5:Cou/%F2%AF%92%93ck%F1%9D%8F%93Bf)&\",\n        \"info\": \"}uVSECa\",\n        \"isSelectable\": true\n      },\n      \"\": {\n        \"name\": \"K>-|r3v\",\n        \"ay\": 2028,\n        \"assign\": [\n          \"P=Ao\",\n          \"6WCk\",\n          \"9\",\n          \"PxTWV\"\n        ],\n        \"match\": {\n          \"pattern\": \"YNL5Z\",\n          \"exclude\": \"GAB9xxD\",\n          \"info\": \"dZ+g\"\n        },\n        \"url\": \"http://8p9g7ndc69hqvxim72p4-0ejr0u2bdjn64lh5hwgs-b1-yjsn03dsqy8f3gi.dbmjm3ffpc3n2j12-3viihm4x28lq-99bbg30m4xk71.qfxwh/wl%F4%89%AE%83J//PI%F3%87%A0%AAI\",\n        \"info\": \"\",\n        \"isSelectable\": true\n      },\n      \".NzI8Utd/\": {\n        \"name\": \"qq\\\\X\\\\N&\",\n        \"ay\": 2026,\n        \"assign\": \">8\",\n        \"satisfy\": [\n          {\n            \"mc\": \"<=176\"\n          },\n          {\n            \"mc\": \">=109\"\n          },\n          {\n            \"or\": [\n              \"EV9R[Ki\",\n              \"01lr:%\"\n            ]\n          }\n        ],\n        \"info\": \"\\\"x{w;|6OM\",\n        \"isSelectable\": true\n      }\n    }\n  },\n  {\n    \"title\": \"block sample 7\",\n    \"value\": {\n      \"name\": \"Cy %\\\"cs!\",\n      \"assign\": [\n        \":!zRZ6wW\",\n        \"9hm\",\n        \"ePr|8HcHnq\"\n      ],\n      \"match\": [\n        {\n          \"and\": [\n            \"FU6\",\n            {\n              \"or\": []\n            },\n            {\n              \"or\": [\n                \"EXY75*G\",\n                \"BJI231O\",\n                \"FMN2F\"\n              ]\n            }\n          ]\n        },\n        {\n          \"pattern\": \"SDP89\",\n          \"exclude\": [\n            \"BMxM\",\n            \"KO557\",\n            \"BALx\",\n            \"AW7\",\n            \"KUO06\"\n          ],\n          \"info\": \"Mr-0_tuy$\"\n        }\n      ],\n      \"satisfy\": {\n        \"or\": [\n          {\n            \"or\": []\n          }\n        ]\n      },\n      \"info\": \"\",\n      \"isSelectable\": true\n    }\n  },\n  {\n    \"title\": \"block sample 8\",\n    \"value\": {\n      \"name\": \" ~!=!$\",\n      \"ay\": 1993,\n      \"assign\": \";<c`!}[c\",\n      \"match\": {\n        \"and\": [\n          {\n            \"and\": [\n              \"YL69\",\n              \"UI*284H\",\n              \"IS344G\"\n            ]\n          },\n          {\n            \"and\": []\n          },\n          {\n            \"pattern\": \"NH*P\",\n            \"info\": \"6cX^v4#]\"\n          },\n          \"IMxxK\",\n          {\n            \"or\": [\n              \"SXKx895S\",\n              \"ELT14S\",\n              \"WSA83G\"\n            ]\n          }\n        ]\n      },\n      \"satisfy\": {\n        \"and\": []\n      },\n      \"url\": \"http://fe9aa8d-ec6ie-c75d75cndb7qe5a-88d2d85opyce5nh7q7j5d9b89d.9h9.raxc\",\n      \"info\": \"[e~:\",\n      \"isSelectable\": true,\n      \"B@%_|Mx(_\": {\n        \"name\": \"{^*s$\",\n        \"assign\": [\n          \"\",\n          \"ZTh0<n\",\n          \"\"\n        ],\n        \"satisfy\": {\n          \"mc\": \"<=6\"\n        },\n        \"url\": \"http://s93xk1ftqd1u0kxutlj85yq.clmd/l2/\",\n        \"info\": \">&_.PH5zq\",\n        \"isSelectable\": true\n      },\n      \"\": {\n        \"name\": \"b!\",\n        \"ay\": 1985,\n        \"assign\": \"y}]%&&&z$\",\n        \"match\": [\n          \"SB*283\",\n          {\n            \"and\": [\n              \"BXDx3X\"\n            ]\n          },\n          \"ELS8687\",\n          {\n            \"or\": [\n              {\n                \"pattern\": \"EWY*F\",\n                \"exclude\": [\n                  \"WO17\",\n                  \"YO*6\",\n                  \"NA0540\",\n                  \"NF5\"\n                ]\n              }\n            ]\n          }\n        ],\n        \"satisfy\": {\n          \"or\": [\n            {\n              \"or\": [\n                \"+m b0]AQ\",\n                {\n                  \"or\": []\n                }\n              ]\n            }\n          ]\n        },\n        \"url\": \"https://0toouehvpn9r5rchhre442vf.e.aeielseq/y%F0%AC%A6%B6~wEP\",\n        \"info\": \"y\"\n      },\n      \"bq\\\"Nm'\": {\n        \"name\": \"P}z\",\n        \"ay\": 1955,\n        \"assign\": \"$\\\"\",\n        \"satisfy\": {\n          \"mc\": \">=199\"\n        },\n        \"info\": \"zy\",\n        \"isSelectable\": true,\n        \"{{\\\\bxmj:&\": {\n          \"name\": \"Ia^E\",\n          \"ay\": 1988,\n          \"assign\": \"$.%c-lK<,u\",\n          \"match\": {\n            \"pattern\": \"ESW202\",\n            \"exclude\": \"WH1O\",\n            \"info\": \">3r;?9\"\n          },\n          \"satisfy\": \"*MC\",\n          \"url\": \"https://j-szqrz7spcokhk8nsj-ign0x5zrz.muonkpclm.7quzlrq2mujmqabalb4o8284awwylhmrwrzsf7hpw0nxqa4rzupjoylzrof5eu.clt0i-za5pq6zxeqqetmhtlvkiqbjlu26gy.epmnoafy/*p/:.GA%F3%A5%8E%81K%F0%99%BC%A1Y/SZC0U%F2%B2%BC%A7pMr\",\n          \"info\": \"9\",\n          \"isSelectable\": true\n        },\n        \"nm`=K=w\": {\n          \"name\": \"Qst~KjK\",\n          \"ay\": 1986,\n          \"assign\": [\n            \"u0\\\\U0{IfP\",\n            \"9E=mju\",\n            \"7:;YrTY=?Z\",\n            \"xZ~\",\n            \"\"\n          ],\n          \"match\": [\n            {\n              \"and\": [\n                {\n                  \"and\": [\n                    {\n                      \"or\": [\n                        {\n                          \"pattern\": \"EV*4\",\n                          \"exclude\": [\n                            \"TA7x0\",\n                            \"DBT565N\",\n                            \"YF8\",\n                            \"UQLx0F\",\n                            \"EY85C\"\n                          ],\n                          \"info\": \" <,h!\"\n                        },\n                        \"YNM3D\",\n                        {\n                          \"and\": [\n                            \"TX*019\",\n                            \"EPA69B\",\n                            \"GS107O\",\n                            {\n                              \"pattern\": \"DZY747T\",\n                              \"exclude\": \"FK8\",\n                              \"info\": \"mnRM>\"\n                            }\n                          ]\n                        }\n                      ]\n                    }\n                  ]\n                },\n                {\n                  \"or\": []\n                },\n                {\n                  \"pattern\": \"TD*71\",\n                  \"exclude\": \"VS021H\",\n                  \"info\": \"\"\n                },\n                {\n                  \"and\": [\n                    \"OLE067B\",\n                    \"QO2539\",\n                    \"RW*44\",\n                    \"FGE3\"\n                  ]\n                }\n              ]\n            },\n            {\n              \"pattern\": \"CPH287C\",\n              \"exclude\": \"SUE5H\",\n              \"info\": \"NXaZD.\"\n            }\n          ],\n          \"satisfy\": [\n            {\n              \"mc\": \"<=109\"\n            },\n            {\n              \"mc\": \">=113\"\n            },\n            \"3?=4iH{6[\"\n          ],\n          \"url\": \"https://uzgcz1btr27m9ezqhr5ihqr.9.y.bzvz/mb/eB%F0%BA%88%93\",\n          \"isSelectable\": true\n        },\n        \"cPReyJK=\\\\S\": {\n          \"name\": \"O\",\n          \"ay\": 1998,\n          \"match\": {\n            \"or\": [\n              {\n                \"or\": [\n                  {\n                    \"pattern\": \"MNE93G\",\n                    \"exclude\": [\n                      \"PJ12\",\n                      \"CMx2\"\n                    ],\n                    \"info\": \"y_SM\\\\:o\"\n                  }\n                ]\n              },\n              {\n                \"and\": [\n                  \"DK3383T\",\n                  \"FD73L\",\n                  {\n                    \"and\": []\n                  }\n                ]\n              }\n            ]\n          },\n          \"satisfy\": {\n            \"or\": []\n          },\n          \"info\": \"24~='O{0\",\n          \"isSelectable\": true\n        },\n        \"W/\\\"\": {\n          \"name\": \"ND\",\n          \"ay\": 2004,\n          \"assign\": [],\n          \"match\": [\n            {\n              \"or\": [\n                {\n                  \"pattern\": \"KX*x1V\",\n                  \"exclude\": [\n                    \"CCU5x29H\",\n                    \"OW9x\"\n                  ],\n                  \"info\": \"uQr\"\n                },\n                \"EB*8\",\n                {\n                  \"pattern\": \"ALS873Z\",\n                  \"exclude\": \"BS39P\"\n                }\n              ]\n            },\n            {\n              \"pattern\": \"UJ7\",\n              \"exclude\": [],\n              \"info\": \"YgAH]qr@z9\"\n            }\n          ],\n          \"satisfy\": \"Qk3<%-P\",\n          \"info\": \"~WX>gTB0K\",\n          \"isSelectable\": true\n        }\n      }\n    }\n  },\n  {\n    \"title\": \"block sample 9\",\n    \"value\": {\n      \"name\": \"3UdDkmN)r\\\\\",\n      \"ay\": 1955,\n      \"assign\": [],\n      \"match\": \"OHI11U\",\n      \"satisfy\": \".T4emlnI\",\n      \"url\": \"http://pljdbgs4gv305mxevcamyil8h0umdg-8iuyfl.ihh///%F0%B7%99%AFPU(Tp/k\",\n      \"info\": \"{\",\n      \"isSelectable\": true\n    }\n  }\n]",
              "code": "(0, fast_check_1.sample)(index_test_2.block, 10).forEach((sample, i) => (0, addContext_1.default)(this, {\n    title: `block sample ${i}`,\n    value: sample,\n}));\nreturn (0, fast_check_1.assert)((0, fast_check_1.property)(index_test_2.block, ajvValidate));",
              "err": {},
              "uuid": "d934e763-6db6-4471-a30f-52299b8647d9",
              "parentUUID": "d28b3818-22ac-4d9a-8bad-7ae9e05ed9cb",
              "isHook": false,
              "skipped": false
            },
            {
              "title": "should not validate non-object",
              "fullTitle": "blockSchema should not validate non-object",
              "timedOut": false,
              "duration": 2,
              "state": "passed",
              "speed": "fast",
              "pass": true,
              "fail": false,
              "pending": false,
              "context": null,
              "code": "const error = {\n    instancePath: \"\",\n    message: \"block should be an object\",\n};\nisInvalidBlock(null, error);\nisInvalidBlock(undefined, error);\nisInvalidBlock(10, error);\nisInvalidBlock([12, 24], error);\nisInvalidBlock(\"abc\", error);",
              "err": {},
              "uuid": "96da5282-c6af-40b1-abbb-14e1fde4f8bb",
              "parentUUID": "d28b3818-22ac-4d9a-8bad-7ae9e05ed9cb",
              "isHook": false,
              "skipped": false
            },
            {
              "title": "should not validate block with invalid properties",
              "fullTitle": "blockSchema should not validate block with invalid properties",
              "timedOut": false,
              "duration": 1,
              "state": "passed",
              "speed": "fast",
              "pass": true,
              "fail": false,
              "pending": false,
              "context": null,
              "code": "isInvalidBlock({\n        name: { foo: \"bar\" },\n        ay: -1000,\n        assign: {},\n        match: 1,\n        satisfy: 2,\n        url: { abc: \"def\" },\n        info: 42,\n        isSelectable: 32,\n    }, { instancePath: \"/name\", message: \"property 'name' should be a string\" }, {\n        instancePath: \"/ay\",\n        message: \"property 'ay' should be a positive integer\",\n    }, {\n        instancePath: \"/assign\",\n        message: \"property 'assign' should be either a block ID or an array of block IDs\",\n    }, {\n        instancePath: \"/match\",\n        message: \"property 'match' should be either a match rule or an array of match rules\",\n    }, {\n        instancePath: \"/satisfy\",\n        message: \"property 'satisfy' should be either a satisfy rule or an array of satisfy rules\",\n    }, { instancePath: \"/url\", message: \"property 'url' should be a string\" }, { instancePath: \"/info\", message: \"property 'info' should be a string\" }, {\n        instancePath: \"/isSelectable\",\n        message: \"property 'isSelectable' should be a boolean\",\n    })",
              "err": {},
              "uuid": "296970c8-5721-4931-b606-91faaab062e4",
              "parentUUID": "d28b3818-22ac-4d9a-8bad-7ae9e05ed9cb",
              "isHook": false,
              "skipped": false
            }
          ],
          "suites": [],
          "passes": [
            "d934e763-6db6-4471-a30f-52299b8647d9",
            "96da5282-c6af-40b1-abbb-14e1fde4f8bb",
            "296970c8-5721-4931-b606-91faaab062e4"
          ],
          "failures": [],
          "pending": [],
          "skipped": [],
          "duration": 223,
          "root": false,
          "rootEmpty": false,
          "_timeout": 2000
        },
        {
          "uuid": "febd00bf-b4f4-400d-b12e-ae4e971817f4",
          "title": "patternToRE",
          "fullFile": "/home/runner/work/planwithus-lib/planwithus-lib/src/matchRule/pattern/satisfiers.test.ts",
          "file": "/src/matchRule/pattern/satisfiers.test.ts",
          "beforeHooks": [],
          "afterHooks": [],
          "tests": [
            {
              "title": "should match valid modules with a single pattern",
              "fullTitle": "patternToRE should match valid modules with a single pattern",
              "timedOut": false,
              "duration": 21,
              "state": "passed",
              "speed": "fast",
              "pass": true,
              "fail": false,
              "pending": false,
              "context": "[\n  {\n    \"title\": \"patternExampleList sample 0\",\n    \"value\": [\n      \"VEE12\",\n      [\n        \"VEE12\"\n      ]\n    ]\n  },\n  {\n    \"title\": \"patternExampleList sample 1\",\n    \"value\": [\n      \"KY31\",\n      [\n        \"KY31\"\n      ]\n    ]\n  },\n  {\n    \"title\": \"patternExampleList sample 2\",\n    \"value\": [\n      \"WZW85\",\n      [\n        \"WZW85\"\n      ]\n    ]\n  },\n  {\n    \"title\": \"patternExampleList sample 3\",\n    \"value\": [\n      \"XW45J\",\n      [\n        \"XW45J\"\n      ]\n    ]\n  },\n  {\n    \"title\": \"patternExampleList sample 4\",\n    \"value\": [\n      \"NS69\",\n      [\n        \"NS69\"\n      ]\n    ]\n  },\n  {\n    \"title\": \"patternExampleList sample 5\",\n    \"value\": [\n      \"SW81U\",\n      [\n        \"SW81U\"\n      ]\n    ]\n  },\n  {\n    \"title\": \"patternExampleList sample 6\",\n    \"value\": [\n      \"DUxx\",\n      [\n        \"DU75\"\n      ]\n    ]\n  },\n  {\n    \"title\": \"patternExampleList sample 7\",\n    \"value\": [\n      \"ZIx576\",\n      [\n        \"ZI6576\",\n        \"ZI7576\",\n        \"ZI1576\",\n        \"ZI4576\",\n        \"ZI5576\"\n      ]\n    ]\n  },\n  {\n    \"title\": \"patternExampleList sample 8\",\n    \"value\": [\n      \"YXB*P\",\n      [\n        \"YXBJ3QUM4UGP\",\n        \"YXBCG9FP\",\n        \"YXBBOXNK5DP\"\n      ]\n    ]\n  },\n  {\n    \"title\": \"patternExampleList sample 9\",\n    \"value\": [\n      \"LU61Q\",\n      [\n        \"LU61Q\"\n      ]\n    ]\n  }\n]",
              "code": "(0, fast_check_1.sample)(index_test_1.patternExampleList, 10).forEach((sample, i) => (0, addContext_1.default)(this, {\n    title: `patternExampleList sample ${i}`,\n    value: sample,\n}));\nreturn (0, fast_check_1.assert)((0, fast_check_1.property)(index_test_1.patternExampleList, ([patternStr, examples]) => {\n    const re = (0, _1.patternToRE)(patternStr);\n    return examples.every(re.test.bind(re));\n}));",
              "err": {},
              "uuid": "42125bac-c6ab-4cd0-9c98-bfc6b59d9045",
              "parentUUID": "febd00bf-b4f4-400d-b12e-ae4e971817f4",
              "isHook": false,
              "skipped": false
            },
            {
              "title": "should match valid modules with multiple patterns",
              "fullTitle": "patternToRE should match valid modules with multiple patterns",
              "timedOut": false,
              "duration": 81,
              "state": "passed",
              "speed": "slow",
              "pass": true,
              "fail": false,
              "pending": false,
              "context": "[\n  {\n    \"title\": \"patternExampleListArray sample 0\",\n    \"value\": [\n      [\n        \"CEZ0**6\",\n        [\n          \"CEZ04AEK244OIWTFET26\",\n          \"CEZ02RT2E8BV56\",\n          \"CEZ0HJQN6\",\n          \"CEZ081YV76\"\n        ]\n      ],\n      [\n        \"RDJ1\",\n        [\n          \"RDJ1\"\n        ]\n      ]\n    ]\n  },\n  {\n    \"title\": \"patternExampleListArray sample 1\",\n    \"value\": [\n      [\n        \"GW3394H\",\n        [\n          \"GW3394H\"\n        ]\n      ],\n      [\n        \"VRN*2\",\n        [\n          \"VRNEH70T2\",\n          \"VRNOVB62\",\n          \"VRN2WEYG2\"\n        ]\n      ],\n      [\n        \"ZZ6*35\",\n        [\n          \"ZZ64H0AQ35\",\n          \"ZZ6YFO35\"\n        ]\n      ],\n      [\n        \"KYP17U\",\n        [\n          \"KYP17U\"\n        ]\n      ],\n      [\n        \"EJ*1x\",\n        [\n          \"EJROE8LZ14\",\n          \"EJSCTF19\",\n          \"EJY8RLOUS515\",\n          \"EJQFJBZOFT12\",\n          \"EJY17\"\n        ]\n      ]\n    ]\n  },\n  {\n    \"title\": \"patternExampleListArray sample 2\",\n    \"value\": [\n      [\n        \"KJ*1C\",\n        [\n          \"KJ11C\",\n          \"KJPPQ1C\",\n          \"KJVH1C\",\n          \"KJO1C\",\n          \"KJJSW2321C\",\n          \"KJ1C\"\n        ]\n      ]\n    ]\n  },\n  {\n    \"title\": \"patternExampleListArray sample 3\",\n    \"value\": [\n      [\n        \"KZO27X\",\n        [\n          \"KZO27X\"\n        ]\n      ],\n      [\n        \"MYS06x7A\",\n        [\n          \"MYS0617A\",\n          \"MYS0647A\",\n          \"MYS0607A\",\n          \"MYS0677A\",\n          \"MYS0637A\",\n          \"MYS0627A\",\n          \"MYS0657A\",\n          \"MYS0687A\",\n          \"MYS0667A\"\n        ]\n      ],\n      [\n        \"QF1*34\",\n        [\n          \"QF13JGQ34\",\n          \"QF1VXP34\",\n          \"QF1TQPXXI34\",\n          \"QF1S34\",\n          \"QF1TH34\",\n          \"QF1WZI88C0S34\",\n          \"QF134\",\n          \"QF19V34\",\n          \"QF1TVA34\",\n          \"QF1X34\",\n          \"QF1F34\"\n        ]\n      ],\n      [\n        \"JN950xZ\",\n        [\n          \"JN9508Z\",\n          \"JN9506Z\",\n          \"JN9503Z\",\n          \"JN9500Z\",\n          \"JN9509Z\",\n          \"JN9501Z\",\n          \"JN9504Z\",\n          \"JN9502Z\",\n          \"JN9507Z\",\n          \"JN9505Z\"\n        ]\n      ],\n      [\n        \"NON355x\",\n        [\n          \"NON3551\",\n          \"NON3550\",\n          \"NON3555\",\n          \"NON3554\",\n          \"NON3558\",\n          \"NON3556\",\n          \"NON3552\",\n          \"NON3559\",\n          \"NON3553\"\n        ]\n      ],\n      [\n        \"MK*\",\n        [\n          \"MKW\",\n          \"MKAVOX\",\n          \"MKJR4RG\",\n          \"MK07HFU\",\n          \"MKGRB7IQFD\",\n          \"MKEA\",\n          \"MKX\",\n          \"MKOGW9\",\n          \"MKDBHFE33\",\n          \"MKQ5W40XZ\",\n          \"MK85K9GVLB\"\n        ]\n      ],\n      [\n        \"NGP3\",\n        [\n          \"NGP3\"\n        ]\n      ],\n      [\n        \"QBB9F\",\n        [\n          \"QBB9F\"\n        ]\n      ],\n      [\n        \"XP7V\",\n        [\n          \"XP7V\"\n        ]\n      ],\n      [\n        \"BF2\",\n        [\n          \"BF2\"\n        ]\n      ],\n      [\n        \"IT8*1\",\n        [\n          \"IT88981\",\n          \"IT8I1WB981\",\n          \"IT80AW1\",\n          \"IT894D1\",\n          \"IT81\",\n          \"IT8GEUAD1\",\n          \"IT8B3CS8X21\",\n          \"IT80KP5NJY1\",\n          \"IT84P8HTC01\",\n          \"IT8K1\"\n        ]\n      ]\n    ]\n  },\n  {\n    \"title\": \"patternExampleListArray sample 4\",\n    \"value\": [\n      [\n        \"IQG00\",\n        [\n          \"IQG00\"\n        ]\n      ],\n      [\n        \"KNQ2\",\n        [\n          \"KNQ2\"\n        ]\n      ],\n      [\n        \"ZER4\",\n        [\n          \"ZER4\"\n        ]\n      ],\n      [\n        \"ELRxxV\",\n        [\n          \"ELR40V\",\n          \"ELR55V\",\n          \"ELR84V\",\n          \"ELR69V\",\n          \"ELR92V\",\n          \"ELR10V\",\n          \"ELR30V\",\n          \"ELR32V\",\n          \"ELR39V\"\n        ]\n      ],\n      [\n        \"WSR011\",\n        [\n          \"WSR011\"\n        ]\n      ],\n      [\n        \"KVQx643\",\n        [\n          \"KVQ4643\",\n          \"KVQ1643\",\n          \"KVQ7643\",\n          \"KVQ2643\",\n          \"KVQ9643\",\n          \"KVQ6643\",\n          \"KVQ3643\",\n          \"KVQ5643\",\n          \"KVQ0643\",\n          \"KVQ8643\"\n        ]\n      ],\n      [\n        \"LZM6398G\",\n        [\n          \"LZM6398G\"\n        ]\n      ],\n      [\n        \"QLW808T\",\n        [\n          \"QLW808T\"\n        ]\n      ],\n      [\n        \"HF189A\",\n        [\n          \"HF189A\"\n        ]\n      ],\n      [\n        \"KZF8\",\n        [\n          \"KZF8\"\n        ]\n      ]\n    ]\n  },\n  {\n    \"title\": \"patternExampleListArray sample 5\",\n    \"value\": [\n      [\n        \"JU*443J\",\n        [\n          \"JU9VY443J\",\n          \"JUG3SE1JL3443J\"\n        ]\n      ],\n      [\n        \"VW66Z\",\n        [\n          \"VW66Z\"\n        ]\n      ]\n    ]\n  },\n  {\n    \"title\": \"patternExampleListArray sample 6\",\n    \"value\": [\n      [\n        \"OC142\",\n        [\n          \"OC142\"\n        ]\n      ],\n      [\n        \"SQ0354R\",\n        [\n          \"SQ0354R\"\n        ]\n      ],\n      [\n        \"WBT1\",\n        [\n          \"WBT1\"\n        ]\n      ],\n      [\n        \"WQKx\",\n        [\n          \"WQK8\",\n          \"WQK0\",\n          \"WQK5\",\n          \"WQK2\",\n          \"WQK3\",\n          \"WQK6\",\n          \"WQK1\",\n          \"WQK4\"\n        ]\n      ],\n      [\n        \"IZJ*x\",\n        [\n          \"IZJTB6M5202\"\n        ]\n      ],\n      [\n        \"ZA49\",\n        [\n          \"ZA49\"\n        ]\n      ],\n      [\n        \"RO6\",\n        [\n          \"RO6\"\n        ]\n      ],\n      [\n        \"YG1\",\n        [\n          \"YG1\"\n        ]\n      ],\n      [\n        \"SAB51E\",\n        [\n          \"SAB51E\"\n        ]\n      ],\n      [\n        \"NF1\",\n        [\n          \"NF1\"\n        ]\n      ],\n      [\n        \"EU5268\",\n        [\n          \"EU5268\"\n        ]\n      ],\n      [\n        \"VQ*4V\",\n        [\n          \"VQJ4V\",\n          \"VQEO4V\",\n          \"VQHCCR4V\",\n          \"VQZI2TF4V\"\n        ]\n      ]\n    ]\n  },\n  {\n    \"title\": \"patternExampleListArray sample 7\",\n    \"value\": [\n      [\n        \"COR0\",\n        [\n          \"COR0\"\n        ]\n      ],\n      [\n        \"TMT**\",\n        [\n          \"TMTB\",\n          \"TMTUW5KDKC\",\n          \"TMTD1\",\n          \"TMT1NM3IS\",\n          \"TMT57LYNEJ58H7\",\n          \"TMTJ5YA85N8\",\n          \"TMTYLIKCIONBIW\"\n        ]\n      ],\n      [\n        \"IA9265P\",\n        [\n          \"IA9265P\"\n        ]\n      ],\n      [\n        \"FZ00x6\",\n        [\n          \"FZ0076\"\n        ]\n      ],\n      [\n        \"XOH74A\",\n        [\n          \"XOH74A\"\n        ]\n      ],\n      [\n        \"XA7666I\",\n        [\n          \"XA7666I\"\n        ]\n      ],\n      [\n        \"AG38V\",\n        [\n          \"AG38V\"\n        ]\n      ],\n      [\n        \"YC0xI\",\n        [\n          \"YC01I\",\n          \"YC08I\",\n          \"YC09I\",\n          \"YC04I\",\n          \"YC03I\",\n          \"YC06I\",\n          \"YC00I\",\n          \"YC02I\",\n          \"YC05I\",\n          \"YC07I\"\n        ]\n      ],\n      [\n        \"ON6911\",\n        [\n          \"ON6911\"\n        ]\n      ],\n      [\n        \"COY0325\",\n        [\n          \"COY0325\"\n        ]\n      ],\n      [\n        \"KT00\",\n        [\n          \"KT00\"\n        ]\n      ]\n    ]\n  },\n  {\n    \"title\": \"patternExampleListArray sample 8\",\n    \"value\": [\n      [\n        \"YOA1**\",\n        [\n          \"YOA16G29U8S1BGCQ\"\n        ]\n      ],\n      [\n        \"KR0x\",\n        [\n          \"KR02\",\n          \"KR00\",\n          \"KR08\",\n          \"KR04\",\n          \"KR06\",\n          \"KR07\",\n          \"KR03\",\n          \"KR05\"\n        ]\n      ],\n      [\n        \"MGF273D\",\n        [\n          \"MGF273D\"\n        ]\n      ],\n      [\n        \"TRM4x5*\",\n        [\n          \"TRM405\",\n          \"TRM415G5CDOL\",\n          \"TRM485\",\n          \"TRM495\",\n          \"TRM405MOUYE\",\n          \"TRM415\",\n          \"TRM495J8RK6D\",\n          \"TRM485M0Y84QRO\",\n          \"TRM495J\",\n          \"TRM435NZKHW5\",\n          \"TRM4252ZU\",\n          \"TRM495P\"\n        ]\n      ],\n      [\n        \"BAI1\",\n        [\n          \"BAI1\"\n        ]\n      ]\n    ]\n  },\n  {\n    \"title\": \"patternExampleListArray sample 9\",\n    \"value\": [\n      [\n        \"XFG5R\",\n        [\n          \"XFG5R\"\n        ]\n      ],\n      [\n        \"PX*\",\n        [\n          \"PX7NBBAO\",\n          \"PXKN8Q04\",\n          \"PX4LJMYA\",\n          \"PX\",\n          \"PXP\",\n          \"PXGKS2K\",\n          \"PXS8\",\n          \"PX3RNP2Y\",\n          \"PX8HYH9JS\"\n        ]\n      ],\n      [\n        \"GA7958\",\n        [\n          \"GA7958\"\n        ]\n      ],\n      [\n        \"DSK2820N\",\n        [\n          \"DSK2820N\"\n        ]\n      ],\n      [\n        \"FFI489F\",\n        [\n          \"FFI489F\"\n        ]\n      ],\n      [\n        \"AGT9L\",\n        [\n          \"AGT9L\"\n        ]\n      ],\n      [\n        \"QDH9\",\n        [\n          \"QDH9\"\n        ]\n      ],\n      [\n        \"OO2U\",\n        [\n          \"OO2U\"\n        ]\n      ],\n      [\n        \"IY*32K\",\n        [\n          \"IYRWVT17FM32K\",\n          \"IY32K\",\n          \"IYZOTF32K\",\n          \"IYQ32K\",\n          \"IYLKFT4UIK32K\",\n          \"IYBBW32K\",\n          \"IY36JIB32K\",\n          \"IYQ3032K\",\n          \"IY7N32K\",\n          \"IYK0H9PG32K\",\n          \"IYHBSA9R32K\"\n        ]\n      ],\n      [\n        \"EY8\",\n        [\n          \"EY8\"\n        ]\n      ],\n      [\n        \"RHR1xG\",\n        [\n          \"RHR11G\",\n          \"RHR19G\",\n          \"RHR17G\",\n          \"RHR18G\",\n          \"RHR10G\",\n          \"RHR14G\",\n          \"RHR16G\",\n          \"RHR15G\",\n          \"RHR13G\"\n        ]\n      ],\n      [\n        \"FSB0\",\n        [\n          \"FSB0\"\n        ]\n      ]\n    ]\n  }\n]",
              "code": "const patternExampleListArray = (0, fast_check_1.array)(index_test_1.patternExampleList, { minLength: 1 });\n(0, fast_check_1.sample)(patternExampleListArray, 10).forEach((sample, i) => (0, addContext_1.default)(this, {\n    title: `patternExampleListArray sample ${i}`,\n    value: sample,\n}));\nreturn (0, fast_check_1.assert)((0, fast_check_1.property)(patternExampleListArray, (ts) => {\n    const re = (0, _1.patternToRE)(...ts.map(([patternStr]) => patternStr));\n    return ts\n        .map(([, examples]) => examples)\n        .flat()\n        .every(re.test.bind(re));\n}));",
              "err": {},
              "uuid": "913d0d50-6d8c-4f52-848d-3fa126fe73ed",
              "parentUUID": "febd00bf-b4f4-400d-b12e-ae4e971817f4",
              "isHook": false,
              "skipped": false
            },
            {
              "title": "should not match x to non-number",
              "fullTitle": "patternToRE should not match x to non-number",
              "timedOut": false,
              "duration": 0,
              "state": "passed",
              "speed": "fast",
              "pass": true,
              "fail": false,
              "pending": false,
              "context": null,
              "code": "const re = (0, _1.patternToRE)(\"x\");\n[\"A\", \"Z\", \"c\", \"#\"].forEach((example) => isInvalidExample(re, example));",
              "err": {},
              "uuid": "5d768a50-5cfd-457c-90ca-fdb548ba9f04",
              "parentUUID": "febd00bf-b4f4-400d-b12e-ae4e971817f4",
              "isHook": false,
              "skipped": false
            },
            {
              "title": "should not match * to a substring composed of characters other than A-Z and 0-9",
              "fullTitle": "patternToRE should not match * to a substring composed of characters other than A-Z and 0-9",
              "timedOut": false,
              "duration": 1,
              "state": "passed",
              "speed": "fast",
              "pass": true,
              "fail": false,
              "pending": false,
              "context": null,
              "code": "const re = (0, _1.patternToRE)(\"*\");\n[\"c\", \"Ac\", \"cA\", \"0Ax\", \"x0A\", \"BA#\", \"#AB\"].forEach((example) => isInvalidExample(re, example));",
              "err": {},
              "uuid": "2f672835-105d-40ae-affb-39378c816373",
              "parentUUID": "febd00bf-b4f4-400d-b12e-ae4e971817f4",
              "isHook": false,
              "skipped": false
            },
            {
[...]
              "err": {},
              "uuid": "9ad99e27-fec0-47d3-97e5-d047a578b136",
              "parentUUID": "5cc81efe-e651-4a3c-ae7a-efae91b287e1",
              "isHook": false,
              "skipped": false
            },
            {
              "title": "should truncate list of modules with upper bound of MCs at exact cutoff if total MC count is higher and there exists some starting sequence with exact MC count",
              "fullTitle": "inequalitySatisfier should truncate list of modules with upper bound of MCs at exact cutoff if total MC count is higher and there exists some starting sequence with exact MC count",
              "timedOut": false,
              "duration": 0,
              "state": "passed",
              "speed": "fast",
              "pass": true,
              "fail": false,
              "pending": false,
              "context": null,
              "code": "const satisfier = (0, satisfiers_1.inequalitySatisfier)(ref, \"<=16\");\nsatisfier.should.have.property(\"filter\");\nconst { filter } = satisfier;\nisCorrectFilter(filter, modulesList1, [\n    \"CS2100\",\n    \"GER1000\",\n    \"CS2040S\",\n    \"ST2131\",\n]);",
              "err": {},
              "uuid": "9a325960-f4a9-45ab-a998-5061ae893731",
              "parentUUID": "5cc81efe-e651-4a3c-ae7a-efae91b287e1",
              "isHook": false,
              "skipped": false
            },
            {
              "title": "should truncate list of modules with upper bound of MCs, cutting off at the minimum starting sequence that exceeds upper bound, if total MC count is higher and there exists no starting sequence with exact MC count",
              "fullTitle": "inequalitySatisfier should truncate list of modules with upper bound of MCs, cutting off at the minimum starting sequence that exceeds upper bound, if total MC count is higher and there exists no starting sequence with exact MC count",
              "timedOut": false,
              "duration": 1,
              "state": "passed",
              "speed": "fast",
              "pass": true,
              "fail": false,
              "pending": false,
              "context": null,
              "code": "const satisfier = (0, satisfiers_1.inequalitySatisfier)(ref, \"<=17\");\nsatisfier.should.have.property(\"filter\");\nconst { filter } = satisfier;\nisCorrectFilter(filter, modulesList1, [\n    \"CS2100\",\n    \"GER1000\",\n    \"CS2040S\",\n    \"ST2131\",\n    \"MA1521\",\n]);",
              "err": {},
              "uuid": "dc290eac-57a6-4b8f-bfda-5fa697f2dbda",
              "parentUUID": "5cc81efe-e651-4a3c-ae7a-efae91b287e1",
              "isHook": false,
              "skipped": false
            }
          ],
          "suites": [],
          "passes": [
            "ae9687ed-fd76-427e-a6ac-182ba22c3db0",
            "9b4e2ce7-8f23-4de9-a844-e9c983d7f3ab",
            "25cc22d0-ddfc-4d7b-9da3-1008104474b6",
            "3ce711be-0789-4eae-b462-4886bc021457",
            "9ad99e27-fec0-47d3-97e5-d047a578b136",
            "9a325960-f4a9-45ab-a998-5061ae893731",
            "dc290eac-57a6-4b8f-bfda-5fa697f2dbda"
          ],
          "failures": [],
          "pending": [],
          "skipped": [],
          "duration": 5,
          "root": false,
          "rootEmpty": false,
          "_timeout": 2000
        },
        {
          "uuid": "a62e573b-d5c7-478e-974c-3b81dbcf52d8",
          "title": "inequalitySchema",
          "fullFile": "/home/runner/work/planwithus-lib/planwithus-lib/src/satisfyRule/inequality/schemas.test.ts",
          "file": "/src/satisfyRule/inequality/schemas.test.ts",
          "beforeHooks": [],
          "afterHooks": [],
          "tests": [
            {
              "title": "should validate inequality in the form <=n or >=n",
              "fullTitle": "inequalitySchema should validate inequality in the form <=n or >=n",
              "timedOut": false,
              "duration": 2,
              "state": "passed",
              "speed": "fast",
              "pass": true,
              "fail": false,
              "pending": false,
              "context": "[\n  {\n    \"title\": \"inequality sample 0\",\n    \"value\": \">=4\"\n  },\n  {\n    \"title\": \"inequality sample 1\",\n    \"value\": \"<=196\"\n  },\n  {\n    \"title\": \"inequality sample 2\",\n    \"value\": \">=193\"\n  },\n  {\n    \"title\": \"inequality sample 3\",\n    \"value\": \"<=81\"\n  },\n  {\n    \"title\": \"inequality sample 4\",\n    \"value\": \"<=114\"\n  },\n  {\n    \"title\": \"inequality sample 5\",\n    \"value\": \">=14\"\n  },\n  {\n    \"title\": \"inequality sample 6\",\n    \"value\": \">=199\"\n  },\n  {\n    \"title\": \"inequality sample 7\",\n    \"value\": \"<=69\"\n  },\n  {\n    \"title\": \"inequality sample 8\",\n    \"value\": \">=137\"\n  },\n  {\n    \"title\": \"inequality sample 9\",\n    \"value\": \"<=16\"\n  }\n]",
              "code": "(0, fast_check_1.sample)(index_test_2.inequality, 10).forEach((sample, i) => (0, addContext_1.default)(this, {\n    title: `inequality sample ${i}`,\n    value: sample,\n}));\nreturn (0, fast_check_1.assert)((0, fast_check_1.property)(index_test_2.inequality, ajvValidate));",
              "err": {},
              "uuid": "ed6defe6-ab59-44d3-ad27-a23ac34e5d93",
              "parentUUID": "a62e573b-d5c7-478e-974c-3b81dbcf52d8",
              "isHook": false,
              "skipped": false
            },
            {
              "title": "should not validate inequality of invalid form",
              "fullTitle": "inequalitySchema should not validate inequality of invalid form",
              "timedOut": false,
              "duration": 2,
              "state": "passed",
              "speed": "fast",
              "pass": true,
              "fail": false,
              "pending": false,
              "context": null,
              "code": "[\n        \"\",\n        \"==23\",\n        \"23\",\n        \"<23\",\n        \">23\",\n        \"<=-1\",\n        \">=-1\",\n        \"<= 2\",\n        \">= 1\",\n        \"> 3\",\n        \"< 3\",\n        \"<=3a\",\n        \">=3a\",\n        \"a<=3\",\n        \"a>=3\",\n    ].forEach(isInvalidInequality)",
              "err": {},
              "uuid": "190fd00d-e7fc-4870-aa39-1ab584de44f8",
              "parentUUID": "a62e573b-d5c7-478e-974c-3b81dbcf52d8",
              "isHook": false,
              "skipped": false
            }
          ],
          "suites": [],
          "passes": [
            "ed6defe6-ab59-44d3-ad27-a23ac34e5d93",
            "190fd00d-e7fc-4870-aa39-1ab584de44f8"
          ],
          "failures": [],
          "pending": [],
          "skipped": [],
          "duration": 4,
          "root": false,
          "rootEmpty": false,
          "_timeout": 2000
        },
        {
          "uuid": "3f90875d-619d-4ffc-8a69-591400f520ba",
          "title": "satisfyRuleSchema",
          "fullFile": "/home/runner/work/planwithus-lib/planwithus-lib/src/satisfyRule/schemas.test.ts",
          "file": "/src/satisfyRule/schemas.test.ts",
          "beforeHooks": [],
          "afterHooks": [],
          "tests": [
            {
              "title": "should validate satisfy rule with valid block id",
              "fullTitle": "satisfyRuleSchema should validate satisfy rule with valid block id",
              "timedOut": false,
              "duration": 1,
              "state": "passed",
              "speed": "fast",
              "pass": true,
              "fail": false,
              "pending": false,
              "context": null,
              "code": "0, fast_check_1.assert)((0, fast_check_1.property)((0, fast_check_1.string)(), ajvValidate)",
              "err": {},
              "uuid": "f6095cc5-44da-4020-b067-68bedc4246fe",
              "parentUUID": "3f90875d-619d-4ffc-8a69-591400f520ba",
              "isHook": false,
              "skipped": false
            },
            {
              "title": "should validate satisfy rules with valid mc",
              "fullTitle": "satisfyRuleSchema should validate satisfy rules with valid mc",
              "timedOut": false,
              "duration": 2,
              "state": "passed",
              "speed": "fast",
              "pass": true,
              "fail": false,
              "pending": false,
              "context": "[\n  {\n    \"title\": \"mcSatisfyRule sample 0\",\n    \"value\": {\n      \"mc\": \">=118\"\n    }\n  },\n  {\n    \"title\": \"mcSatisfyRule sample 1\",\n    \"value\": {\n      \"mc\": \">=54\"\n    }\n  },\n  {\n    \"title\": \"mcSatisfyRule sample 2\",\n    \"value\": {\n      \"mc\": \">=126\"\n    }\n  },\n  {\n    \"title\": \"mcSatisfyRule sample 3\",\n    \"value\": {\n      \"mc\": \">=193\"\n    }\n  },\n  {\n    \"title\": \"mcSatisfyRule sample 4\",\n    \"value\": {\n      \"mc\": \">=196\"\n    }\n  },\n  {\n    \"title\": \"mcSatisfyRule sample 5\",\n    \"value\": {\n      \"mc\": \">=5\"\n    }\n  },\n  {\n    \"title\": \"mcSatisfyRule sample 6\",\n    \"value\": {\n      \"mc\": \">=5\"\n    }\n  },\n  {\n    \"title\": \"mcSatisfyRule sample 7\",\n    \"value\": {\n      \"mc\": \">=6\"\n    }\n  },\n  {\n    \"title\": \"mcSatisfyRule sample 8\",\n    \"value\": {\n      \"mc\": \"<=200\"\n    }\n  },\n  {\n    \"title\": \"mcSatisfyRule sample 9\",\n    \"value\": {\n      \"mc\": \">=133\"\n    }\n  }\n]",
              "code": "(0, fast_check_1.sample)(index_test_2.mcSatisfyRule, 10).forEach((sample, i) => (0, addContext_1.default)(this, {\n    title: `mcSatisfyRule sample ${i}`,\n    value: sample,\n}));\nreturn (0, fast_check_1.assert)((0, fast_check_1.property)(index_test_2.mcSatisfyRule, ajvValidate));",
              "err": {},
              "uuid": "e57c42fd-d90e-43bc-9733-24899c8e51de",
              "parentUUID": "3f90875d-619d-4ffc-8a69-591400f520ba",
              "isHook": false,
              "skipped": false
            },
            {
              "title": "should validate valid recursive satisfy rules",
              "fullTitle": "satisfyRuleSchema should validate valid recursive satisfy rules",
              "timedOut": false,
              "duration": 5,
              "state": "passed",
              "speed": "fast",
              "pass": true,
              "fail": false,
              "pending": false,
              "context": "[\n  {\n    \"title\": \"satisfyRule sample 0\",\n    \"value\": {\n      \"mc\": \">=82\"\n    }\n  },\n  {\n    \"title\": \"satisfyRule sample 1\",\n    \"value\": {\n      \"mc\": \">=7\"\n    }\n  },\n  {\n    \"title\": \"satisfyRule sample 2\",\n    \"value\": {\n      \"and\": [\n        {\n          \"or\": [\n            {\n              \"and\": [\n                \"e.,5#yZ;NZ\",\n                {\n                  \"and\": [\n                    \"~%\",\n                    \"z\"\n                  ]\n                },\n                \"0}$\",\n                {\n                  \"or\": []\n                }\n              ]\n            },\n            \"E&q{,Iu\",\n            \"<';qk&|\",\n            {\n              \"or\": []\n            }\n          ]\n        }\n      ]\n    }\n  },\n  {\n    \"title\": \"satisfyRule sample 3\",\n    \"value\": {\n      \"or\": [\n        {\n          \"mc\": \">=65\"\n        },\n        {\n          \"or\": [\n            \"{SbeQ\",\n            {\n              \"and\": [\n                \"A*1IIqacD\",\n                {\n                  \"mc\": \"<=44\"\n                },\n                \"Tr0>Ip>C\"\n              ]\n            },\n            \"#76<2LV8#\",\n            {\n              \"mc\": \"<=64\"\n            }\n          ]\n        },\n        \"6 $\\\"|W\",\n        {\n          \"and\": []\n        },\n        {\n          \"and\": []\n        }\n      ]\n    }\n  },\n  {\n    \"title\": \"satisfyRule sample 4\",\n    \"value\": {\n      \"or\": [\n        {\n          \"or\": [\n            \">^^6)^jxm{\",\n            \"uCR9Vyx\",\n            \"e&oG'\",\n            {\n              \"mc\": \">=126\"\n            }\n          ]\n        }\n      ]\n    }\n  },\n  {\n    \"title\": \"satisfyRule sample 5\",\n    \"value\": \"k\"\n  },\n  {\n    \"title\": \"satisfyRule sample 6\",\n    \"value\": {\n      \"and\": [\n        {\n          \"mc\": \">=92\"\n        },\n        \"`f|^-\",\n        {\n          \"or\": [\n            {\n              \"mc\": \">=173\"\n            },\n            \"?W\",\n            \"(`..R\"\n          ]\n        }\n      ]\n    }\n  },\n  {\n    \"title\": \"satisfyRule sample 7\",\n    \"value\": \"P~\"\n  },\n  {\n    \"title\": \"satisfyRule sample 8\",\n    \"value\": {\n      \"mc\": \">=8\"\n    }\n  },\n  {\n    \"title\": \"satisfyRule sample 9\",\n    \"value\": {\n      \"and\": [\n        {\n          \"mc\": \">=99\"\n        },\n        {\n          \"mc\": \"<=174\"\n        }\n      ]\n    }\n  }\n]",
              "code": "(0, fast_check_1.sample)(index_test_2.satisfyRule, 10).forEach((sample, i) => (0, addContext_1.default)(this, {\n    title: `satisfyRule sample ${i}`,\n    value: sample,\n}));\nreturn (0, fast_check_1.assert)((0, fast_check_1.property)(index_test_2.satisfyRule, ajvValidate));",
              "err": {},
              "uuid": "96c007ee-a782-4d7c-a75b-011ee14ea85a",
              "parentUUID": "3f90875d-619d-4ffc-8a69-591400f520ba",
              "isHook": false,
              "skipped": false
            },
            {
              "title": "should not validate non-string/object",
              "fullTitle": "satisfyRuleSchema should not validate non-string/object",
              "timedOut": false,
              "duration": 1,
              "state": "passed",
              "speed": "fast",
              "pass": true,
              "fail": false,
              "pending": false,
              "context": null,
              "code": "const error = {\n    instancePath: \"\",\n    message: \"satisfy rule should be either a string or an object\",\n};\nisInvalidRule(null, error);\nisInvalidRule(undefined, error);\nisInvalidRule(10, error);\nisInvalidRule([12, 24], error);",
              "err": {},
              "uuid": "ddeadad5-399a-47f9-b3e6-4e9273c1a7f2",
              "parentUUID": "3f90875d-619d-4ffc-8a69-591400f520ba",
              "isHook": false,
              "skipped": false
            },
            {
              "title": "should not validate satisfy rules with extra properties",
              "fullTitle": "satisfyRuleSchema should not validate satisfy rules with extra properties",
              "timedOut": false,
              "duration": 1,
              "state": "passed",
              "speed": "fast",
              "pass": true,
              "fail": false,
              "pending": false,
              "context": null,
              "code": "isInvalidRule({\n        and: [\n            { or: [\"2k\"], abc: \"def\" },\n            { mc: 8, ghi: \"jkl\" },\n        ],\n        mno: \"pqr\",\n    }, {\n        instancePath: \"/and/0\",\n        message: \"or satisfy rule should have property 'or' only\",\n    }, {\n        instancePath: \"/and/1\",\n        message: \"MC satisfy rule should have property 'mc' only\",\n    }, {\n        instancePath: \"\",\n        message: \"and satisfy rule should have property 'and' only\",\n    })",
              "err": {},
              "uuid": "a133fc6b-0f5a-4f5c-b468-4e07c999af87",
              "parentUUID": "3f90875d-619d-4ffc-8a69-591400f520ba",
              "isHook": false,
              "skipped": false
            },
            {
              "title": "should not validate ambiguous satisfy rules",
              "fullTitle": "satisfyRuleSchema should not validate ambiguous satisfy rules",
              "timedOut": false,
              "duration": 0,
              "state": "passed",
              "speed": "fast",
              "pass": true,
              "fail": false,
              "pending": false,
              "context": null,
              "code": "const message = \"satisfy rule should have only one of properties 'mc', 'and', 'or'\";\nisInvalidRule({\n    or: [\n        { mc: 5, and: [\"CS2040\"] },\n        { and: [{ and: [\"abc\"], or: [\"def\"] }] },\n    ],\n}, { instancePath: \"/or/0\", message }, { instancePath: \"/or/1/and/0\", message });",
              "err": {},
              "uuid": "8ff718ed-d357-461e-9f61-738eff1bab51",
              "parentUUID": "3f90875d-619d-4ffc-8a69-591400f520ba",
              "isHook": false,
              "skipped": false
            },
            {
              "title": "should not validate and satisfy rules with non-array property",
              "fullTitle": "satisfyRuleSchema should not validate and satisfy rules with non-array property",
              "timedOut": false,
              "duration": 1,
              "state": "passed",
              "speed": "fast",
              "pass": true,
              "fail": false,
              "pending": false,
              "context": null,
              "code": "const message = \"property 'and' should be an array of satisfy rules\";\nisInvalidRule({ or: [{ and: {} }, { or: [{ and: 3 }] }] }, { instancePath: \"/or/0/and\", message }, { instancePath: \"/or/1/or/0/and\", message });",
              "err": {},
              "uuid": "b7b16538-8197-4f2f-803d-bee498ecf06e",
              "parentUUID": "3f90875d-619d-4ffc-8a69-591400f520ba",
              "isHook": false,
              "skipped": false
            },
            {
              "title": "should not validate or satisfy rules with non-array property",
              "fullTitle": "satisfyRuleSchema should not validate or satisfy rules with non-array property",
              "timedOut": false,
              "duration": 0,
              "state": "passed",
              "speed": "fast",
              "pass": true,
              "fail": false,
              "pending": false,
              "context": null,
              "code": "const message = \"property 'or' should be an array of satisfy rules\";\nisInvalidRule({ and: [{ or: {} }, { and: [{ or: 3 }] }] }, { instancePath: \"/and/0/or\", message }, { instancePath: \"/and/1/and/0/or\", message });",
              "err": {},
              "uuid": "b6d63741-2ecc-4d77-b187-dfecd8e36f56",
              "parentUUID": "3f90875d-619d-4ffc-8a69-591400f520ba",
              "isHook": false,
              "skipped": false
            }
          ],
          "suites": [],
          "passes": [
            "f6095cc5-44da-4020-b067-68bedc4246fe",
            "e57c42fd-d90e-43bc-9733-24899c8e51de",
            "96c007ee-a782-4d7c-a75b-011ee14ea85a",
            "ddeadad5-399a-47f9-b3e6-4e9273c1a7f2",
            "a133fc6b-0f5a-4f5c-b468-4e07c999af87",
            "8ff718ed-d357-461e-9f61-738eff1bab51",
            "b7b16538-8197-4f2f-803d-bee498ecf06e",
            "b6d63741-2ecc-4d77-b187-dfecd8e36f56"
          ],
          "failures": [],
          "pending": [],
          "skipped": [],
          "duration": 11,
          "root": false,
          "rootEmpty": false,
          "_timeout": 2000
        }
      ],
      "passes": [],
      "failures": [],
      "pending": [],
      "skipped": [],
      "duration": 0,
      "root": true,
      "rootEmpty": true,
      "_timeout": 2000
    }
  ],
  "meta": {
    "mocha": {
      "version": "9.1.2"
    },
    "mochawesome": {
      "options": {
        "quiet": false,
        "reportFilename": "mochawesome",
        "saveHtml": true,
        "saveJson": true,
        "consoleReporter": "spec",
        "useInlineDiffs": false,
        "code": true
      },
      "version": "6.3.0"
    },
    "marge": {
      "options": {
        "reportDir": "docs"
      },
      "version": "5.2.0"
    }
  }
}