{
  "stats": {
    "suites": 10,
    "tests": 48,
    "passes": 48,
    "pending": 0,
    "failures": 0,
    "start": "2021-12-11T10:18:43.205Z",
    "end": "2021-12-11T10:18:43.538Z",
    "duration": 333,
    "testsRegistered": 48,
    "passPercent": 100,
    "pendingPercent": 0,
    "other": 0,
    "hasOther": false,
    "skipped": 0,
    "hasSkipped": false
  },
  "results": [
    {
      "uuid": "55a16a3d-846c-42bf-96dc-c401b79d0e24",
      "title": "",
      "fullFile": "",
      "file": "",
      "beforeHooks": [],
      "afterHooks": [],
      "tests": [],
      "suites": [
        {
          "uuid": "e89e3cf5-6499-4019-ba53-bd20615dd674",
          "title": "initDirectories",
          "fullFile": "/home/runner/work/planwithus-lib/planwithus-lib/src/block/schemas.test.ts",
          "file": "/src/block/schemas.test.ts",
          "beforeHooks": [],
          "afterHooks": [],
          "tests": [
            {
              "title": "should parse all blocks with no errors",
              "fullTitle": "initDirectories should parse all blocks with no errors",
              "timedOut": false,
              "duration": 4,
              "state": "passed",
              "speed": "fast",
              "pass": true,
              "fail": false,
              "pending": false,
              "context": null,
              "code": "_1.initDirectories.should.not.throw()",
              "err": {},
              "uuid": "5ebce2e8-a2e1-4170-af5f-c9d8d2c8bc78",
              "parentUUID": "e89e3cf5-6499-4019-ba53-bd20615dd674",
              "isHook": false,
              "skipped": false
            },
            {
              "title": "should produce primary, second & minor directories",
              "fullTitle": "initDirectories should produce primary, second & minor directories",
              "timedOut": false,
              "duration": 3,
              "state": "passed",
              "speed": "fast",
              "pass": true,
              "fail": false,
              "pending": false,
              "context": null,
              "code": "const directories = (0, _1.initDirectories)();\ndirectories.should.have.property(\"primary\");\ndirectories.should.have.property(\"second\");\ndirectories.should.have.property(\"minor\");",
              "err": {},
              "uuid": "eb556faf-1e9b-41e9-80e0-4997be21867f",
              "parentUUID": "e89e3cf5-6499-4019-ba53-bd20615dd674",
              "isHook": false,
              "skipped": false
            }
          ],
          "suites": [],
          "passes": [
            "5ebce2e8-a2e1-4170-af5f-c9d8d2c8bc78",
            "eb556faf-1e9b-41e9-80e0-4997be21867f"
          ],
          "failures": [],
          "pending": [],
          "skipped": [],
          "duration": 7,
          "root": false,
          "rootEmpty": false,
          "_timeout": 2000
        },
        {
          "uuid": "90f06546-e3b1-419d-8c91-ad0965b22098",
          "title": "blockSchema",
          "fullFile": "/home/runner/work/planwithus-lib/planwithus-lib/src/block/schemas.test.ts",
          "file": "/src/block/schemas.test.ts",
          "beforeHooks": [],
          "afterHooks": [],
          "tests": [
            {
              "title": "should validate valid block",
              "fullTitle": "blockSchema should validate valid block",
              "timedOut": false,
              "duration": 202,
              "state": "passed",
              "speed": "slow",
              "pass": true,
              "fail": false,
              "pending": false,
              "context": "[\n  {\n    \"title\": \"block sample 0\",\n    \"value\": {\n      \"name\": \"\",\n      \"ay\": 1952,\n      \"assign\": [],\n      \"match\": [\n        \"SK6203\",\n        \"GF7736Z\"\n      ],\n      \"satisfy\": [],\n      \"url\": \"https://uhs929v0kxm8wf4jix-85shd6-l1417axxg28yi2v8u4pk.a.asu//Z7/V%F0%9C%AF%B0/e3U/w-YL/~ed%F2%AF%B4%93V;Ggi\",\n      \"info\": \"^'Bu-vXLN\\\"\",\n      \"isSelectable\": true\n    }\n  },\n  {\n    \"title\": \"block sample 1\",\n    \"value\": {\n      \"name\": \"6nu_S\",\n      \"ay\": 1953,\n      \"match\": [],\n      \"url\": \"https://zlsmp.8lqv5kv39-ibh866xam34b7ad8qlaqrk8.gumnpe\",\n      \"info\": \"$h%&g! )\",\n      \"isSelectable\": true,\n      \" y&\": {\n        \"name\": \"\",\n        \"ay\": 2026,\n        \"assign\": \"f\",\n        \"match\": {\n          \"or\": []\n        },\n        \"satisfy\": [\n          {\n            \"mc\": \">=36\"\n          },\n          {\n            \"or\": []\n          },\n          {\n            \"and\": []\n          }\n        ],\n        \"url\": \"https://xua28n659-jo9vwdd.dtc3eptddhstq4ffgshdup0087x3nre4ejv6crjhy.ccfjabnuqr/ffcf//.f%E3%BC%8A//uu,0Cwu_/zc,/fF3'7J/fa/C9%F4%83%B2%81&9/7f\",\n        \"isSelectable\": true\n      },\n      \"~\": {\n        \"name\": \"piT\",\n        \"assign\": [\n          \"'`nPI9{.S\"\n        ],\n        \"satisfy\": {\n          \"mc\": \">=6\"\n        },\n        \"info\": \"M\",\n        \"isSelectable\": true\n      },\n      \"|d\": {\n        \"name\": \"Cyl}{! 4\",\n        \"ay\": 1952,\n        \"assign\": [\n          \"],ojH{h\",\n          \">sQ&\"\n        ],\n        \"match\": [\n          {\n            \"pattern\": \"EZH78x\",\n            \"info\": \"8+T2_n@Qj;\"\n          },\n          {\n            \"pattern\": \"IKL1H\",\n            \"exclude\": \"NCx71\"\n          },\n          {\n            \"and\": []\n          }\n        ],\n        \"satisfy\": [\n          \"\\\"x|i#{_EQr\",\n          {\n            \"mc\": \"<=12\"\n          },\n          {\n            \"or\": [\n              {\n                \"or\": []\n              },\n              \".FgVoj2l1[\",\n              {\n                \"or\": [\n                  {\n                    \"mc\": \">=89\"\n                  },\n                  {\n                    \"and\": [\n                      \"(\",\n                      \">Zt\",\n                      \"U|)Urr\"\n                    ]\n                  },\n                  \"P;o\",\n                  {\n                    \"or\": []\n                  }\n                ]\n              }\n            ]\n          },\n          \"%RM)GmR\\\\W|\",\n          {\n            \"and\": []\n          }\n        ],\n        \"url\": \"http://jr5k9e.aq57wqytf4nc66ushjgu33-kck5xdcxw7bghyb2tf59jseob26c.mto/W/%F3%AD%97%932%F2%95%B8%95@.H/f4%EA%8C%84fX\",\n        \"info\": \"\\\"#H&%R\",\n        \"isSelectable\": true,\n        \"-cgt\": {\n          \"name\": \"\",\n          \"ay\": 2024,\n          \"assign\": \"WH\",\n          \"match\": {\n            \"or\": [\n              \"PP02\",\n              {\n                \"pattern\": \"KVG5xP\",\n                \"exclude\": [\n                  \"FKY4K\"\n                ],\n                \"info\": \"R+*F$.\"\n              },\n              {\n                \"pattern\": \"WIN3I\",\n                \"exclude\": \"GCE4\"\n              },\n              {\n                \"or\": [\n                  \"EMV539xY\"\n                ]\n              }\n            ]\n          },\n          \"satisfy\": {\n            \"and\": [\n              {\n                \"mc\": \"<=63\"\n              },\n              {\n                \"mc\": \"<=28\"\n              },\n              \"@\"\n            ]\n          },\n          \"url\": \"http://m.uh8m-jmkd5b9dkyfl35dr58op7pq68o.vtycp2pi1jd1vpkbwtdnenmpi0z1-7i0osvaht.efar/o'fWVGW@)/R47@Ii!u\",\n          \"info\": \"#b/\",\n          \"isSelectable\": true\n        },\n        \"|\\\"b,\": {\n          \"ay\": 1982,\n          \"assign\": \"8$\",\n          \"satisfy\": \"YX(S+\",\n          \"info\": \"?IQQ_6Z\",\n          \"isSelectable\": true\n        },\n        \"\": {\n          \"name\": \"+i\",\n          \"ay\": 1984,\n          \"assign\": [],\n          \"match\": [\n            {\n              \"and\": [\n                \"YJM1967K\",\n                {\n                  \"pattern\": \"BCU97\",\n                  \"exclude\": [\n                    \"YGV04K\"\n                  ],\n                  \"info\": \"/##0Cn4\"\n                },\n                \"ER0*0\"\n              ]\n            },\n            {\n              \"or\": [\n                \"NHWxx\"\n              ]\n            },\n            \"AAR77L\",\n            \"MDxxxI\",\n            {\n              \"or\": [\n                {\n                  \"and\": [\n                    \"CW971\",\n                    {\n                      \"or\": [\n                        \"PMN2x8xO\",\n                        {\n                          \"and\": [\n                            \"EKU2x\",\n                            {\n                              \"or\": []\n                            },\n                            \"WJ7578J\",\n                            {\n                              \"pattern\": \"TRGx7X\",\n                              \"exclude\": \"ENQ6\",\n                              \"info\": \"\"\n                            }\n                          ]\n                        },\n                        \"OB6094\",\n                        \"TMx61D\"\n                      ]\n                    },\n                    \"RS4D\",\n                    \"DXN68S\"\n                  ]\n                },\n                {\n                  \"pattern\": \"JW*5Y\",\n                  \"exclude\": [\n                    \"MH107*\",\n                    \"TL**4\",\n                    \"HKP9*43A\"\n                  ],\n                  \"info\": \"vts&G5W\"\n                },\n                {\n                  \"pattern\": \"JE480x\",\n                  \"exclude\": [],\n                  \"info\": \"I{}3W=\"\n                },\n                {\n                  \"pattern\": \"KNT*6\",\n                  \"exclude\": [\n                    \"QR9T\",\n                    \"ZSR36A\",\n                    \"HX2Y\"\n                  ]\n                }\n              ]\n            }\n          ],\n          \"satisfy\": [\n            \"e~\",\n            {\n              \"mc\": \">=140\"\n            }\n          ],\n          \"info\": \"\",\n          \"isSelectable\": true\n        },\n        \"u0]f4~2\\\"K\": {\n          \"name\": \"Vc\",\n          \"ay\": 1956,\n          \"assign\": [\n            \"x%juzu\",\n            \"%7.,[aTm\",\n            \"8]2Se`2;'\",\n            \"\"\n          ],\n          \"match\": \"GL4xx*\",\n          \"satisfy\": {\n            \"and\": [\n              {\n                \"mc\": \">=5\"\n              },\n              \"OwSh$y\"\n            ]\n          },\n          \"url\": \"http://8.xxh4t9a7pljy9-p737plyixi7qmd7m1pfr7v4ql.ud007hem4.497-igb065g.411yjuph5em-gzalf2k7uk9an72sh-q7bhieunxvw8kg.iikrrbj/2i_Hq\",\n          \"info\": \"Z\",\n          \"isSelectable\": true\n        },\n        \"K#D=\": {\n          \"name\": \"\",\n          \"ay\": 2030,\n          \"assign\": [\n            \"3`?;Zx$+q!\"\n          ],\n          \"match\": {\n            \"or\": [\n              {\n                \"pattern\": \"NG917W\"\n              },\n              {\n                \"and\": []\n              },\n              \"XGG73\",\n              {\n                \"or\": [\n                  {\n                    \"and\": [\n                      {\n                        \"or\": []\n                      },\n                      \"DTIx6\",\n                      {\n                        \"or\": [\n                          {\n                            \"and\": [\n                              \"DLL*750\",\n                              \"GB230S\",\n                              \"VVN239\",\n                              {\n                                \"and\": [\n                                  \"TI24\",\n                                  \"RQ9\",\n                                  \"CD732x\",\n                                  \"JTO27*\",\n                                  \"PTP5609\"\n                                ]\n                              },\n                              \"WE5\"\n                            ]\n                          },\n                          {\n                            \"pattern\": \"UG577\",\n                            \"exclude\": [\n                              \"URU5\",\n                              \"BQ8705\",\n                              \"BX148*\",\n                              \"EWS602\",\n                              \"HN403A\"\n                            ],\n                            \"info\": \"\"\n                          }\n                        ]\n                      }\n                    ]\n                  },\n                  \"UG9*\",\n                  {\n                    \"or\": [\n                      \"WHH0341Z\",\n                      \"MS0D\",\n                      \"FS2\",\n                      \"ZRS920\"\n                    ]\n                  },\n                  {\n                    \"pattern\": \"MOK67\",\n                    \"info\": \"1+pE\"\n                  },\n                  \"LU53\"\n                ]\n              },\n              {\n                \"and\": [\n                  {\n                    \"pattern\": \"RQ108O\",\n                    \"exclude\": [\n                      \"TF87\",\n                      \"WS0*11\",\n                      \"SO865O\"\n                    ],\n                    \"info\": \"u3S{n7\"\n                  },\n                  \"ED0187\",\n                  {\n                    \"and\": []\n                  },\n                  \"BNU27X\",\n                  \"RJF5\"\n                ]\n              }\n            ]\n          },\n          \"satisfy\": {\n            \"mc\": \"<=193\"\n          },\n          \"url\": \"http://vxlw.ciacydemjx/f/%F1%B4%8D%ABj_/rhGLXeDj/*z/jfbq!bJ8/5JB&%F2%B0%9E%8DxR@/a/%29@d/a\",\n          \"info\": \"\",\n          \"isSelectable\": true\n        }\n      },\n      \"\": {\n        \"name\": \"\",\n        \"assign\": [\n          \"#GI?xi_j\"\n        ],\n        \"match\": [\n          {\n            \"and\": [\n              {\n                \"and\": []\n              },\n              \"XWP6**\",\n              \"ZI10\"\n            ]\n          }\n        ],\n        \"satisfy\": [\n          \"&$y~K\"\n        ],\n        \"url\": \"https://8eeff.xteza/*Ei$bc*\",\n        \"info\": \"w#&%x#\",\n        \"isSelectable\": true\n      }\n    }\n  },\n  {\n    \"title\": \"block sample 2\",\n    \"value\": {\n      \"name\": \"~M\",\n      \"assign\": [\n        \"\",\n        \"Y.\"\n      ],\n      \"match\": {\n        \"and\": [\n          {\n            \"or\": [\n              {\n                \"pattern\": \"EGK58D\",\n                \"exclude\": [\n                  \"QD321I\",\n                  \"IE908\",\n                  \"ZHY8\"\n                ]\n              },\n              {\n                \"pattern\": \"SFN01Y\",\n                \"exclude\": [\n                  \"JST6x6N\",\n                  \"RV0\",\n                  \"AK7x2\",\n                  \"ZA09\"\n                ],\n                \"info\": \"n-{M=>5IL4\"\n              }\n            ]\n          },\n          {\n            \"or\": [\n              \"KUCx*x\",\n              \"AVx828\",\n              {\n                \"and\": [\n                  {\n                    \"pattern\": \"TZ0U\"\n                  },\n                  \"HFQ627S\",\n                  {\n                    \"pattern\": \"RXW4x10E\",\n                    \"exclude\": \"QWI58Y\",\n                    \"info\": \";{\"\n                  },\n                  {\n                    \"or\": [\n                      \"HGA1Z\",\n                      \"QH54*\",\n                      \"KTA7*54\"\n                    ]\n                  },\n                  \"VN956Y\"\n                ]\n              },\n              {\n                \"or\": [\n                  {\n                    \"or\": [\n                      \"FSA134\",\n                      {\n                        \"pattern\": \"EXT*97I\",\n                        \"exclude\": \"CSx05\",\n                        \"info\": \"Kb7ePiEO[~\"\n                      },\n                      {\n                        \"and\": []\n                      },\n                      \"UVF7x3C\"\n                    ]\n                  },\n                  \"TC23V\",\n                  \"LE0241\",\n                  {\n                    \"or\": [\n                      {\n                        \"pattern\": \"MVL*9W\",\n                        \"exclude\": [\n                          \"HYT931O\",\n                          \"TL5923\"\n                        ]\n                      },\n                      \"AL14\"\n                    ]\n                  },\n                  \"IPE22H\"\n                ]\n              }\n            ]\n          },\n          {\n            \"or\": []\n          }\n        ]\n      },\n      \"satisfy\": [\n        {\n          \"or\": [\n            \"1!i^>%y[w\",\n            {\n              \"mc\": \">=200\"\n            },\n            \"=T|P-i\",\n            {\n              \"and\": [\n                \"|\",\n                \"f15\",\n                \"$)j=a!-\",\n                {\n                  \"and\": []\n                }\n              ]\n            }\n          ]\n        },\n        \"c!LM+W/l>\",\n        {\n          \"or\": [\n            \"Ps9PL\",\n            {\n              \"and\": [\n                \"R|,\\\"68\"\n              ]\n            }\n          ]\n        }\n      ],\n      \"url\": \"https://f18idl.yuqt4.2f6a4lbjb1gsm3ead4djfftkf-ff1ren9ab9tf-rba8enw59qcdc.7iiccm3ctur48dgh8pteo1dmf.zae/~)x/@$(h=Tf6w//5@/%F0%BA%B6%B7cjkRo6Q!//1xRh9/wr;/tv!_-F\"\n    }\n  },\n  {\n    \"title\": \"block sample 3\",\n    \"value\": {\n      \"name\": \"o*m++>eA\",\n      \"ay\": 1953,\n      \"match\": {\n        \"and\": [\n          {\n            \"or\": [\n              \"PT09C\",\n              \"GBKx5X\"\n            ]\n          },\n          {\n            \"and\": []\n          },\n          \"LS88\",\n          {\n            \"pattern\": \"ZYx829\",\n            \"exclude\": \"MQ8821N\",\n            \"info\": \"\"\n          }\n        ]\n      },\n      \"url\": \"https://aj-5v3rcj0alu3zj.doaybk/l-d/80~Mx%F3%BD%8C%81Jo/f%F0%AD%B5%9AouzD!X%F2%8F%8F%9D/g0yRa\",\n      \"info\": \"a=,& W\",\n      \"isSelectable\": true\n    }\n  },\n  {\n    \"title\": \"block sample 4\",\n    \"value\": {\n      \"ay\": 1970,\n      \"assign\": [\n        \"6P@@)3|4\",\n        \"mc 37\"\n      ],\n      \"match\": \"BZ95E\",\n      \"satisfy\": [],\n      \"url\": \"https://a2wqx5cccc.9.gxhdcekyo/%F3%B2%97%9For/cF\",\n      \"info\": \"wa[? NP/7+\",\n      \"isSelectable\": true\n    }\n  },\n  {\n    \"title\": \"block sample 5\",\n    \"value\": {\n      \"name\": \"Cvh~+OHkbV\",\n      \"ay\": 1950,\n      \"assign\": [\n        \"B^#\\\\?\"\n      ],\n      \"match\": [],\n      \"info\": \"}!}}\",\n      \"isSelectable\": true\n    }\n  },\n  {\n    \"title\": \"block sample 6\",\n    \"value\": {\n      \"name\": \"Sl\",\n      \"assign\": \"{&\",\n      \"match\": {\n        \"or\": [\n          {\n            \"and\": [\n              \"PN48\"\n            ]\n          },\n          {\n            \"and\": [\n              \"WEx9*9H\",\n              {\n                \"or\": [\n                  \"EY67B\"\n                ]\n              },\n              {\n                \"pattern\": \"GFT4K\",\n                \"info\": \",WJd#B#-_\"\n              }\n            ]\n          },\n          \"IV5E\",\n          {\n            \"and\": [\n              \"RD52\",\n              \"MS31\",\n              {\n                \"and\": []\n              }\n            ]\n          }\n        ]\n      },\n      \"satisfy\": {\n        \"mc\": \">=2\"\n      },\n      \"url\": \"http://1cbx1w6bxnezvj241.9.0hx7vdj3zopl.o.uv2m1b46bk.ey/XrTWXA%F2%A9%B4%BA.iZ/f1+n\",\n      \"info\": \"[joJ&\",\n      \"isSelectable\": true\n    }\n  },\n  {\n    \"title\": \"block sample 7\",\n    \"value\": {\n      \"name\": \"q!mOyx<KQ\\\"\",\n      \"ay\": 1962,\n      \"assign\": \"?N3\",\n      \"match\": {\n        \"pattern\": \"CAx\",\n        \"exclude\": \"LMJ940\",\n        \"info\": \"(U\\\\pvIy\"\n      },\n      \"url\": \"http://2yiwu5jmpiwx5zut8afj97-j-ign3l30xa8lw9h6ugw.59kvnt24u90um65iyy-v.f2ru44gmoxscmfsu5t4q2hkm097n.pjadncqqs2p6ss96j26g688l6l9mwxfmu5pd5i6uzgofvw476.5.cn\",\n      \"info\": \"2!?|5|\",\n      \"isSelectable\": true\n    }\n  },\n  {\n    \"title\": \"block sample 8\",\n    \"value\": {\n      \"name\": \"(}qoGw)\",\n      \"ay\": 1952,\n      \"assign\": \"0H\\\"W8<*9N\",\n      \"satisfy\": {\n        \"or\": []\n      },\n      \"url\": \"https://jd7a9xub65lo03po3rydxwtz0yzdw1gsjyzyu8np1bb.e4veifshq9qqd.fb-prlwl9rui8dow7pgi6mvz9ssmp4zt7o0g27r-i.47z210fjyf9at87ra9taqfrm7pp7poteqxvbnvhgqr30u1pjkntoka8t5pzik.zemep/n2F.0\",\n      \"info\": \"d$$S&UsD\",\n      \"isSelectable\": true,\n      \"]$\": {\n        \"name\": \"x\",\n        \"ay\": 2028,\n        \"assign\": [\n          \"!l5!eV]\"\n        ],\n        \"match\": [\n          \"YQK*\"\n        ],\n        \"satisfy\": [],\n        \"url\": \"https://bbsmnlzqyhtyiybln13-jw7b3x-83gylzfenj.z.m43ch5q4am1d7k47a6cpz7m141fzzh1r9aagslt6itbb440oevxjjwh-iyx.gwtbti\",\n        \"info\": \"zLY\",\n        \"isSelectable\": true\n      },\n      \"%2o\": {\n        \"ay\": 1976,\n        \"assign\": \"zq{9A1|\\\"\",\n        \"match\": [\n          \"PDQ0\",\n          \"LXF82M\",\n          {\n            \"or\": [\n              {\n                \"and\": [\n                  {\n                    \"or\": [\n                      \"AW19\",\n                      \"TFF0x4E\",\n                      {\n                        \"and\": []\n                      },\n                      {\n                        \"and\": [\n                          \"OY295\",\n                          {\n                            \"or\": [\n                              \"HG7P\",\n                              {\n                                \"and\": [\n                                  \"OM833U\",\n                                  \"ZAA*7*X\",\n                                  \"KWK331M\",\n                                  \"IBI197\"\n                                ]\n                              },\n                              \"IDM2632\",\n                              \"TCH25J\"\n                            ]\n                          }\n                        ]\n                      },\n                      {\n                        \"or\": [\n                          \"WE1*6\",\n                          \"SOIx*xU\",\n                          \"NAO*40*Z\",\n                          \"ABM080U\",\n                          \"ZST305D\"\n                        ]\n                      }\n                    ]\n                  },\n                  {\n                    \"and\": [\n                      {\n                        \"or\": [\n                          {\n                            \"pattern\": \"FU1x23A\",\n                            \"info\": \"v7y\"\n                          },\n                          \"ZI*20A\",\n                          \"CNW29G\",\n                          \"AH868L\",\n                          \"JC31*9L\"\n                        ]\n                      },\n                      \"BOH6D\",\n                      \"SXP67\",\n                      \"CFQ826\",\n                      {\n                        \"and\": [\n                          {\n                            \"and\": [\n                              \"AC43\",\n                              \"BXT89\",\n                              \"GL3X\"\n                            ]\n                          },\n                          \"REC9784K\",\n                          \"CR6J\",\n                          {\n                            \"and\": []\n                          },\n                          \"PQP90\"\n                        ]\n                      }\n                    ]\n                  }\n                ]\n              },\n              {\n                \"or\": [\n                  {\n                    \"or\": [\n                      {\n                        \"and\": [\n                          \"MSS70P\",\n                          {\n                            \"and\": [\n                              \"ZOZ5\",\n                              \"VF905\"\n                            ]\n                          },\n                          {\n                            \"pattern\": \"GM57*9\",\n                            \"exclude\": \"MX655\"\n                          },\n                          \"RWWx93*H\"\n                        ]\n                      }\n                    ]\n                  },\n                  {\n                    \"and\": [\n                      \"MA5825\"\n                    ]\n                  },\n                  \"AS3773\",\n                  \"TA8\",\n                  {\n                    \"pattern\": \"KG34\",\n                    \"info\": \"e\"\n                  }\n                ]\n              },\n              {\n                \"pattern\": \"HCIxH\",\n                \"exclude\": \"PNN547\",\n                \"info\": \"\"\n              }\n            ]\n          }\n        ],\n        \"satisfy\": \"=l$uf^y \",\n        \"url\": \"http://8.dl/4bsbf\",\n        \"info\": \"t\",\n        \"isSelectable\": true,\n        \"`'zlF9&\": {\n          \"name\": \")!\",\n          \"ay\": 2017,\n          \"assign\": \"20din>\",\n          \"match\": [],\n          \"satisfy\": \"Sl8\\\"$\",\n          \"url\": \"http://d8id33e-eo246m2uylry3u9t09km7h99hbqlpy0axj6ar8w-5.vrp/naC/C(W%F1%AD%87%A4'1/;+7%F0%9C%B1%B6/sDM/~p,j/y/MmWGL%F1%A8%8F%85*/gIxB/t@i/%F2%AF%8E%83=JkVNG\",\n          \"isSelectable\": true\n        },\n        \"\": {\n          \"name\": \"EO%-QO\",\n          \"match\": {\n            \"or\": [\n              \"ZXS1x\",\n              {\n                \"and\": [\n                  {\n                    \"pattern\": \"ZF*53U\",\n                    \"exclude\": \"UXN4\",\n                    \"info\": \"qTr!ta\"\n                  }\n                ]\n              },\n              {\n                \"and\": []\n              },\n              {\n                \"or\": [\n                  \"UX91P\"\n                ]\n              }\n            ]\n          },\n          \"url\": \"https://eui0ce754cvcc4u0vbun1f0phwzwy85kg8dt8jb0-brq752tp2t7hiux-c9xb4q.51gbzljn0zjcjhhau1d7tbi.7fqa1an7q0nxav.3--2uj26hgfbfpgght-l8ikxuerjr49bgm64h9.ojsezertp/9R%F1%A0%AD%98SWUe/oo'mMs%F0%A4%98%A2IAq/k/%F0%AB%90%BBC5J%F0%AD%8A%BCe/sfw/\",\n          \"info\": \"EY&2#1a|w>\",\n          \"isSelectable\": true\n        },\n        \"#D!`kI}\": {\n          \"name\": \"f\",\n          \"ay\": 2026,\n          \"assign\": [\n            \"!%=BJ\",\n            \"s\",\n            \"2!wkl\",\n            \"yX6TaQn9|M\",\n            \"JJ\\\\>w\"\n          ],\n          \"match\": \"CU6E\",\n          \"satisfy\": {\n            \"and\": [\n              {\n                \"mc\": \"<=82\"\n              },\n              \"QA@i`%u\",\n              \"O j]/k1\",\n              \",\\\"X7FY\\\"`\",\n              {\n                \"or\": [\n                  {\n                    \"and\": [\n                      \"@\\\"=Z\",\n                      {\n                        \"and\": [\n                          \"\"\n                        ]\n                      }\n                    ]\n                  }\n                ]\n              }\n            ]\n          },\n          \"url\": \"http://5.4rgw2xg1s3s7skt9qk0j8xzluyhg3zsxraar37lmy9.hsadz/VWiHN:aw/%F1%9E%B7%80q;7fZqfh%F4%8B%8E%89//;/2HIf/y/q;5xP*O/m%F1%A0%86%A1u\",\n          \"info\": \"MEa)\",\n          \"isSelectable\": true\n        },\n        \"\\\"Sz\": {\n          \"name\": \"6#JRE#I?8\",\n          \"ay\": 1981,\n          \"assign\": \"1eh8tg(:Q!\",\n          \"match\": [\n            {\n              \"pattern\": \"CK6x8S\",\n              \"exclude\": \"RJEx96\",\n              \"info\": \"Og\"\n            },\n            {\n              \"or\": []\n            },\n            {\n              \"pattern\": \"VN4*42A\",\n              \"exclude\": \"CTH75\",\n              \"info\": \"~)#)EL50\"\n            },\n            {\n              \"and\": []\n            }\n          ],\n          \"satisfy\": [\n            \"VP8\",\n            {\n              \"mc\": \"<=75\"\n            },\n            {\n              \"mc\": \"<=148\"\n            },\n            {\n              \"mc\": \">=177\"\n            },\n            {\n              \"and\": [\n                {\n                  \"or\": [\n                    \"mmlAHR^A`o\",\n                    \"j\"\n                  ]\n                },\n                {\n                  \"mc\": \">=61\"\n                },\n                {\n                  \"or\": [\n                    \"w~,T=X1}\"\n                  ]\n                }\n              ]\n            }\n          ],\n          \"url\": \"https://v.2rh-6t-nvvarb01sl9ykm5vye74l38p1o-nsgyxjy4w.6.mwrt\",\n          \"info\": \"N\",\n          \"isSelectable\": true\n        }\n      }\n    }\n  },\n  {\n    \"title\": \"block sample 9\",\n    \"value\": {\n      \"name\": \"i'zZ7zCj\",\n      \"ay\": 1974,\n      \"assign\": \"0.hf\\\": -\",\n      \"satisfy\": [\n        {\n          \"and\": [\n            {\n              \"and\": [\n                {\n                  \"mc\": \">=81\"\n                },\n                \"C\"\n              ]\n            }\n          ]\n        },\n        {\n          \"and\": [\n            {\n              \"mc\": \">=88\"\n            },\n            {\n              \"and\": [\n                {\n                  \"or\": [\n                    \"?@`vF\",\n                    \"rl]$\\\\J[H-J\",\n                    \"`B\"\n                  ]\n                },\n                \"M\",\n                {\n                  \"mc\": \"<=64\"\n                }\n              ]\n            },\n            \".-0.q]Q{]f\"\n          ]\n        }\n      ],\n      \"url\": \"http://f.7.8-ewri79hayghc.2rj7ao.xcambybgj/rCCkM&ThcK/r2e,.b+f/tjC'x+%F3%B2%AA%AD-Fl\",\n      \"isSelectable\": true,\n      \"<LVO\": {\n        \"name\": \"ne9IFB^s\",\n        \"ay\": 1978,\n        \"match\": [],\n        \"satisfy\": {\n          \"and\": [\n            {\n              \"or\": [\n                \"4_\",\n                {\n                  \"or\": [\n                    {\n                      \"or\": [\n                        \"jNX7216l\",\n                        \"4d}I*\",\n                        {\n                          \"or\": [\n                            \"mb8\",\n                            \"oRv6Eg\",\n                            \"-$\"\n                          ]\n                        }\n                      ]\n                    },\n                    {\n                      \"mc\": \"<=6\"\n                    },\n                    \"D\"\n                  ]\n                },\n                {\n                  \"mc\": \">=196\"\n                },\n                \"1g*K\"\n              ]\n            },\n            {\n              \"or\": [\n                \"9S|:]\",\n                \"q\",\n                {\n                  \"mc\": \"<=133\"\n                },\n                \"^FhcyG\"\n              ]\n            },\n            {\n              \"mc\": \">=172\"\n            },\n            {\n              \"mc\": \">=4\"\n            }\n          ]\n        },\n        \"url\": \"https://8.l.64iefq.txyzalovtt/P6+OD//%F3%A9%B7%AF*+UrgKz9M/Yu/F/1T_l5(%F2%BB%84%9B3/FXyr9ZdPh2/tO%F1%9D%99%91Zm/E%F2%96%BE%B5T)n9,/uC\",\n        \"info\": \"kNi}\",\n        \"hTb&T<,@y8\": {\n          \"name\": \"&r~\",\n          \"assign\": \"l>lmhY#v:c\",\n          \"match\": {\n            \"or\": [\n              \"UD3x59R\",\n              {\n                \"or\": [\n                  {\n                    \"and\": [\n                      \"ED5x\",\n                      \"MLO2099\"\n                    ]\n                  },\n                  {\n                    \"and\": [\n                      \"LOI01\",\n                      {\n                        \"or\": []\n                      },\n                      \"SHW8x14\"\n                    ]\n                  },\n                  \"BR14x*\",\n                  \"XFx609P\"\n                ]\n              }\n            ]\n          },\n          \"satisfy\": \"z\\\\\",\n          \"url\": \"https://c2n5m2irys2g8s1l702gbhy670l83lr1d7815o8g3maz6jtcqvr6i.ndq33c307lyn3md6ausn108p4gl2l8ua7-nnx0vfhh.4b28734p1flk-cufnx3w41z-hk40sf758slhlyiff.p76t808qfdoi0vme7z.sntji/%EC%93%BCg%F1%B5%90%99-)_W@(;/qU',w9\",\n          \"info\": \"\"\n        },\n        \"E9WaF-qZ\": {\n          \"name\": \"W|Zn\",\n          \"assign\": \"hNS\\\"8-m\",\n          \"satisfy\": {\n            \"or\": [\n              {\n                \"and\": [\n                  {\n                    \"or\": [\n                      \"AQSv{eT#\"\n                    ]\n                  }\n                ]\n              },\n              {\n                \"and\": [\n                  {\n                    \"or\": [\n                      {\n                        \"and\": [\n                          \"z3,GlMyji\",\n                          \"\",\n                          \"7\",\n                          \"\",\n                          \"t1g-32\"\n                        ]\n                      },\n                      {\n                        \"mc\": \">=56\"\n                      },\n                      {\n                        \"and\": [\n                          \"<Pdl1}\",\n                          {\n                            \"or\": []\n                          },\n                          \"-iI\"\n                        ]\n                      },\n                      \"czzJ87MEE=\",\n                      \"EXX\"\n                    ]\n                  },\n                  {\n                    \"mc\": \"<=180\"\n                  },\n                  \"0tlD\",\n                  {\n                    \"or\": [\n                      {\n                        \"or\": [\n                          \"}M\",\n                          \"8{j~O};\"\n                        ]\n                      },\n                      \":eSRW2\",\n                      \"lo\\\\5&$Z6\",\n                      \"U/}4[S3\",\n                      \"uy\"\n                    ]\n                  }\n                ]\n              }\n            ]\n          },\n          \"url\": \"https://tb66kyc9els1cl08dykd2ye5.q8o49zftuu-x7x7-8-81t3gmzmn.62q1ztp0.bfd/j0K%EA%B0%AB%F3%88%86%83wX2-@\",\n          \"info\": \"\",\n          \"%Rvv}Bf#C\": {\n            \"ay\": 1998,\n            \"assign\": [],\n            \"match\": {\n              \"and\": [\n                {\n                  \"and\": [\n                    {\n                      \"and\": [\n                        {\n                          \"pattern\": \"DDX03Y\",\n                          \"exclude\": [],\n                          \"info\": \"^\"\n                        }\n                      ]\n                    },\n                    \"TC5*6\",\n                    \"GO193B\",\n                    \"CVS*0G\"\n                  ]\n                },\n                {\n                  \"and\": [\n                    \"VG0275F\",\n                    \"CK3\",\n                    {\n                      \"and\": [\n                        {\n                          \"pattern\": \"HN2\",\n                          \"exclude\": \"UX*1\",\n                          \"info\": \"\"\n                        }\n                      ]\n                    },\n                    {\n                      \"or\": []\n                    }\n                  ]\n                }\n              ]\n            },\n            \"satisfy\": {\n              \"and\": [\n                {\n                  \"and\": [\n                    \"HH0\\\"?/3\",\n                    \"\",\n                    \"\"\n                  ]\n                },\n                \"&+5#*SeHf?\",\n                \"\",\n                \"\",\n                {\n                  \"and\": []\n                }\n              ]\n            },\n            \"info\": \"ROBHg;jX/'\",\n            \"isSelectable\": true,\n            \"\": {\n              \"name\": \"l}\\\\@\",\n              \"ay\": 1981,\n              \"match\": [\n                {\n                  \"pattern\": \"HK1x\",\n                  \"exclude\": [\n                    \"PSx\"\n                  ],\n                  \"info\": \"r\"\n                },\n                {\n                  \"pattern\": \"ULM3C\",\n                  \"exclude\": [\n                    \"SGN25\",\n                    \"SK5414\",\n                    \"CY657\"\n                  ],\n                  \"info\": \"L5mrY\\\\P>CT\"\n                },\n                {\n                  \"pattern\": \"ZOK93\",\n                  \"exclude\": \"YHM835\",\n                  \"info\": \">f>LnPL(\"\n                },\n                {\n                  \"and\": [\n                    {\n                      \"pattern\": \"HEM8L\",\n                      \"exclude\": [\n                        \"BZ10U\",\n                        \"NU69x\"\n                      ],\n                      \"info\": \"e\"\n                    }\n                  ]\n                },\n                {\n                  \"pattern\": \"CAZ7\",\n                  \"exclude\": [\n                    \"ZZJ344\",\n                    \"VY8062F\",\n                    \"XNG504\",\n                    \"PTY47x*F\",\n                    \"HRP753\"\n                  ],\n                  \"info\": \"60'h/oA\"\n                }\n              ],\n              \"satisfy\": \"P\\\"\",\n              \"url\": \"http://18a1ovckomz0-f779l2zh0i73vwx-lxwpo2ictzmoci1h2syb0m3yhm0.pfqpyxe/%F0%B3%B0%87%F0%BE%8B%96/:m/N!@y/3*,mkJ6@Q/4_n%F0%9E%AC%89La_&/7M7:/;%F1%BD%A5%B0/s6=g+~we2(/HcJ\",\n              \"info\": \"=O}{{ph@\",\n              \"isSelectable\": true\n            },\n            \"I~nZ~(Hu1\": {\n              \"name\": \"_ssqr6q\",\n              \"ay\": 1963,\n              \"assign\": [\n                \"!\\\"!rtu:`\"\n              ],\n              \"match\": {\n                \"and\": [\n                  \"BTX738\"\n                ]\n              },\n              \"satisfy\": [\n                \"t!\",\n                {\n                  \"and\": []\n                }\n              ],\n              \"url\": \"http://dqrmcx29xb7iwf16ao6g34wagvr-4itio4iv8wp93bwi.heryfmh/'$QT3R!h=/fIi'kk.//S!$iA@*/WX%F3%A5%9F%B4~n:2V6/i/XGo&JS$W/zi/qq8PG.wZ%F1%A2%B5%94x\",\n              \"info\": \"?f?7V\",\n              \"isSelectable\": true\n            },\n            \"*RY\": {\n              \"name\": \"Ltbl-(\",\n              \"ay\": 1966,\n              \"assign\": \"\",\n              \"match\": {\n                \"and\": [\n                  {\n                    \"and\": [\n                      {\n                        \"and\": [\n                          \"BAF9x1E\",\n                          \"VN06D\",\n                          \"ZCT04\",\n                          \"XQ2R\",\n                          \"FHT*\"\n                        ]\n                      },\n                      {\n                        \"or\": [\n                          \"UPC15\",\n                          {\n                            \"pattern\": \"JT30\"\n                          }\n                        ]\n                      },\n                      {\n                        \"and\": [\n                          \"TE*336A\",\n                          {\n                            \"pattern\": \"RPWxT\",\n                            \"exclude\": \"WEC93\",\n                            \"info\": \"eTA/3W\"\n                          },\n                          {\n                            \"or\": [\n                              \"WBA8160A\",\n                              \"NUS2\",\n                              {\n                                \"or\": [\n                                  \"LE05T\",\n                                  \"RH*66\",\n                                  \"QHZ010\",\n                                  \"AUx92F\"\n                                ]\n                              }\n                            ]\n                          }\n                        ]\n                      }\n                    ]\n                  },\n                  {\n                    \"pattern\": \"AM321O\",\n                    \"exclude\": \"CEF426\",\n                    \"info\": \"ba7vhO\"\n                  },\n                  {\n                    \"or\": [\n                      \"LG008\"\n                    ]\n                  },\n                  {\n                    \"or\": [\n                      \"QEX587P\"\n                    ]\n                  },\n                  {\n                    \"and\": [\n                      {\n                        \"or\": [\n                          \"LYD7Q\",\n                          \"XTC959D\"\n                        ]\n                      },\n                      {\n                        \"or\": [\n                          \"ZAM6W\",\n                          \"MX1L\",\n                          \"KN78x4\"\n                        ]\n                      },\n                      \"IGN2893\",\n                      {\n                        \"pattern\": \"OLZ50\",\n                        \"exclude\": \"NPL34\",\n                        \"info\": \"\"\n                      }\n                    ]\n                  }\n                ]\n              },\n              \"satisfy\": [\n                \"\",\n                {\n                  \"mc\": \"<=187\"\n                }\n              ],\n              \"isSelectable\": true\n            }\n          },\n          \";)gQv2:Vt\": {\n            \"ay\": 2014,\n            \"assign\": \"ahlag-!$\",\n            \"satisfy\": [],\n            \"url\": \"https://f.y.2g9qj0s.gjvxrr\",\n            \"isSelectable\": true\n          },\n          \"*s;h;@2b\": {\n            \"name\": \"b\",\n            \"assign\": \"8R*]\",\n            \"match\": {\n              \"pattern\": \"TZYx48*I\",\n              \"exclude\": \"UHZ6\"\n            },\n            \"satisfy\": [\n              {\n                \"or\": []\n              }\n            ],\n            \"url\": \"http://k-4vux7vhig-oz0bmchvq5xwqan5oz5a8vonkq8jud36aa.weml1y4eko9gtcq8enr.eweceski/%F2%9B%A7%BCC2+U)il/M4%F3%B1%A4%BEHgtdnnz/M8md@U&Hx//+mE.;y8f/8/7D%F2%A3%A8%B4QT%F2%A5%99%B5s&./%EC%AF%B5KUf4/P+X_~%F3%9B%BC%BEpz;4/%F2%88%BD%AEXm9dLq_\",\n            \"info\": \"\",\n            \"isSelectable\": true\n          }\n        },\n        \"fc4\": {\n          \"name\": \"fL=B;J\\\".E\",\n          \"match\": [],\n          \"satisfy\": [\n            {\n              \"or\": [\n                {\n                  \"or\": []\n                },\n                {\n                  \"or\": [\n                    {\n                      \"mc\": \"<=5\"\n                    },\n                    \"W5yp=\"\n                  ]\n                },\n                {\n                  \"or\": [\n                    {\n                      \"or\": [\n                        \"kUsx1Tf\",\n                        {\n                          \"and\": [\n                            {\n                              \"and\": [\n                                \"z+@xn\",\n                                {\n                                  \"mc\": \">=8\"\n                                }\n                              ]\n                            }\n                          ]\n                        },\n                        \"J+#0U*GHwR\",\n                        {\n                          \"mc\": \">=6\"\n                        }\n                      ]\n                    }\n                  ]\n                },\n                \"icz\"\n              ]\n            },\n            {\n              \"and\": [\n                {\n                  \"or\": [\n                    \"xUFkD\",\n                    \"tlo,a2\",\n                    {\n                      \"or\": []\n                    },\n                    \"FU\\\"CF\"\n                  ]\n                }\n              ]\n            },\n            \"CJ+KveH\"\n          ],\n          \"info\": \"`y\",\n          \"isSelectable\": true\n        },\n        \"_{\": {\n          \"name\": \"k#N\",\n          \"ay\": 2022,\n          \"match\": [\n            {\n              \"or\": [\n                \"HCQ9\",\n                {\n                  \"or\": []\n                },\n                {\n                  \"pattern\": \"JBN*0*4\",\n                  \"exclude\": \"QMQ*1B\",\n                  \"info\": \"(Psj]A\"\n                }\n              ]\n            },\n            {\n              \"or\": []\n            },\n            {\n              \"pattern\": \"XQJ0Y\",\n              \"info\": \"Qd]GnC\"\n            },\n            {\n              \"or\": [\n                {\n                  \"pattern\": \"CCN69\",\n                  \"exclude\": \"JU5258\",\n                  \"info\": \"]iyTSDk2\"\n                },\n                {\n                  \"pattern\": \"SNY574H\",\n                  \"exclude\": \"YS31C\",\n                  \"info\": \"\"\n                },\n                {\n                  \"pattern\": \"HHW46\",\n                  \"exclude\": \"IPG435\",\n                  \"info\": \"r!\\\\^_r9\"\n                }\n              ]\n            }\n          ],\n          \"satisfy\": [\n            {\n              \"mc\": \"<=191\"\n            }\n          ],\n          \"url\": \"http://qb2jsfzekyakfr8-v022qn9aj0ehd0meiyknaz1t5mjlmg5gmep.h1envh76zopybk.ed/V%F3%92%B4%B9:7uH/%F1%8A%93%BE!/5K%F0%B5%82%AFtC\",\n          \"info\": \"b?* COIr `\"\n        },\n        \"4%V*~!n\": {\n          \"name\": \"U-eU:}1qn\",\n          \"ay\": 2026,\n          \"assign\": [\n            \":qE)}dqRX\",\n            \"ZX}h-Q3#\"\n          ],\n          \"match\": [\n            \"ZG48W\"\n          ],\n          \"satisfy\": [],\n          \"url\": \"http://e.f.oh.urs1-p64stlhsoya6-ktwnkz5apmser4r1at1wwuc44v7cy9xt.ajizqnca/$D%F1%B1%85%B7;Sybw/L/1Vkf/MA-wH/Z/z/x$iCi/%F3%A8%96%95W1/%F2%82%99%99VBsg%F3%9F%B6%A8J)G\",\n          \"info\": \"+|s'D&a4)\",\n          \"isSelectable\": true\n        }\n      },\n      \"P3[UkeE\": {\n        \"name\": \"np\",\n        \"ay\": 1998,\n        \"assign\": [\n          \"1tbual\",\n          \"\",\n          \")6joH,bt{(\"\n        ],\n        \"match\": {\n          \"pattern\": \"SBX4\",\n          \"info\": \"1#lL$ko`>\"\n        },\n        \"satisfy\": {\n          \"mc\": \">=128\"\n        },\n        \"url\": \"https://j5jcs9-ba9g8y9iht33icr3md0hv12hq14qwy.e82o2-cj2v757mbqn4prsihievsfjqc0kb3kew1hqsna-qlt9q94rgb.7anvcck7jvr7xicot1w174wxcwd26w35xa-ev1tpsxdhssbnnxv.xnelxyq/b';5IBMB8/jMO%F1%98%A6%B1%F1%8D%BF%9Ehg7j/xcaO%F1%8D%AB%B3eU/.\",\n        \"isSelectable\": true\n      }\n    }\n  }\n]",
              "code": "(0, fast_check_1.sample)(index_test_2.block, 10).forEach((sample, i) => (0, addContext_1.default)(this, {\n    title: `block sample ${i}`,\n    value: sample,\n}));\nreturn (0, fast_check_1.assert)((0, fast_check_1.property)(index_test_2.block, ajvValidate));",
              "err": {},
              "uuid": "16d6f70f-edaf-498c-9b76-8d94e9f377fb",
              "parentUUID": "90f06546-e3b1-419d-8c91-ad0965b22098",
              "isHook": false,
              "skipped": false
            },
            {
              "title": "should not validate non-object",
              "fullTitle": "blockSchema should not validate non-object",
              "timedOut": false,
              "duration": 2,
              "state": "passed",
              "speed": "fast",
              "pass": true,
              "fail": false,
              "pending": false,
              "context": null,
              "code": "const error = {\n    instancePath: \"\",\n    message: \"block should be an object\",\n};\nisInvalidBlock(null, error);\nisInvalidBlock(undefined, error);\nisInvalidBlock(10, error);\nisInvalidBlock([12, 24], error);\nisInvalidBlock(\"abc\", error);",
              "err": {},
              "uuid": "be7d1037-9e07-4342-93a6-a0f20bd952ef",
              "parentUUID": "90f06546-e3b1-419d-8c91-ad0965b22098",
              "isHook": false,
              "skipped": false
            },
            {
              "title": "should not validate block with invalid properties",
              "fullTitle": "blockSchema should not validate block with invalid properties",
              "timedOut": false,
              "duration": 1,
              "state": "passed",
              "speed": "fast",
              "pass": true,
              "fail": false,
              "pending": false,
              "context": null,
              "code": "isInvalidBlock({\n        name: { foo: \"bar\" },\n        ay: -1000,\n        assign: {},\n        match: 1,\n        satisfy: 2,\n        url: { abc: \"def\" },\n        info: 42,\n        isSelectable: 32,\n    }, { instancePath: \"/name\", message: \"property 'name' should be a string\" }, {\n        instancePath: \"/ay\",\n        message: \"property 'ay' should be a positive integer\",\n    }, {\n        instancePath: \"/assign\",\n        message: \"property 'assign' should be either a block ID or an array of block IDs\",\n    }, {\n        instancePath: \"/match\",\n        message: \"property 'match' should be either a match rule or an array of match rules\",\n    }, {\n        instancePath: \"/satisfy\",\n        message: \"property 'satisfy' should be either a satisfy rule or an array of satisfy rules\",\n    }, { instancePath: \"/url\", message: \"property 'url' should be a string\" }, { instancePath: \"/info\", message: \"property 'info' should be a string\" }, {\n        instancePath: \"/isSelectable\",\n        message: \"property 'isSelectable' should be a boolean\",\n    })",
              "err": {},
              "uuid": "98de80d8-c57d-4069-be93-0cbf2cb5e8b7",
              "parentUUID": "90f06546-e3b1-419d-8c91-ad0965b22098",
              "isHook": false,
              "skipped": false
            }
          ],
          "suites": [],
          "passes": [
            "16d6f70f-edaf-498c-9b76-8d94e9f377fb",
            "be7d1037-9e07-4342-93a6-a0f20bd952ef",
            "98de80d8-c57d-4069-be93-0cbf2cb5e8b7"
          ],
          "failures": [],
          "pending": [],
          "skipped": [],
          "duration": 205,
          "root": false,
          "rootEmpty": false,
          "_timeout": 2000
        },
        {
          "uuid": "28a97447-6194-480c-84d3-2837ea63198f",
          "title": "patternToRE",
          "fullFile": "/home/runner/work/planwithus-lib/planwithus-lib/src/matchRule/pattern/satisfiers.test.ts",
          "file": "/src/matchRule/pattern/satisfiers.test.ts",
          "beforeHooks": [],
          "afterHooks": [],
          "tests": [
            {
              "title": "should match valid modules with a single pattern",
              "fullTitle": "patternToRE should match valid modules with a single pattern",
              "timedOut": false,
              "duration": 16,
              "state": "passed",
              "speed": "fast",
              "pass": true,
              "fail": false,
              "pending": false,
              "context": "[\n  {\n    \"title\": \"patternExampleList sample 0\",\n    \"value\": [\n      \"SXM1720\",\n      [\n        \"SXM1720\"\n      ]\n    ]\n  },\n  {\n    \"title\": \"patternExampleList sample 1\",\n    \"value\": [\n      \"MV6G\",\n      [\n        \"MV6G\"\n      ]\n    ]\n  },\n  {\n    \"title\": \"patternExampleList sample 2\",\n    \"value\": [\n      \"PUW8*3*W\",\n      [\n        \"PUW83YBHEBW\",\n        \"PUW8J12G317ND3W\",\n        \"PUW88HKG3CJ9YTVM7W\",\n        \"PUW80UJ30YG0W\",\n        \"PUW8H633MB2W\",\n        \"PUW8NE034VKC0ZW\",\n        \"PUW8A7CGJY3TW\",\n        \"PUW8S3D5QOW\",\n        \"PUW82LA3W\"\n      ]\n    ]\n  },\n  {\n    \"title\": \"patternExampleList sample 3\",\n    \"value\": [\n      \"KI04\",\n      [\n        \"KI04\"\n      ]\n    ]\n  },\n  {\n    \"title\": \"patternExampleList sample 4\",\n    \"value\": [\n      \"EVH53\",\n      [\n        \"EVH53\"\n      ]\n    ]\n  },\n  {\n    \"title\": \"patternExampleList sample 5\",\n    \"value\": [\n      \"RPZ3xM\",\n      [\n        \"RPZ39M\",\n        \"RPZ32M\",\n        \"RPZ30M\",\n        \"RPZ35M\"\n      ]\n    ]\n  },\n  {\n    \"title\": \"patternExampleList sample 6\",\n    \"value\": [\n      \"MTV*P\",\n      [\n        \"MTVM4DP\"\n      ]\n    ]\n  },\n  {\n    \"title\": \"patternExampleList sample 7\",\n    \"value\": [\n      \"XB95B\",\n      [\n        \"XB95B\"\n      ]\n    ]\n  },\n  {\n    \"title\": \"patternExampleList sample 8\",\n    \"value\": [\n      \"HT9404E\",\n      [\n        \"HT9404E\"\n      ]\n    ]\n  },\n  {\n    \"title\": \"patternExampleList sample 9\",\n    \"value\": [\n      \"MM5650\",\n      [\n        \"MM5650\"\n      ]\n    ]\n  }\n]",
              "code": "(0, fast_check_1.sample)(index_test_1.patternExampleList, 10).forEach((sample, i) => (0, addContext_1.default)(this, {\n    title: `patternExampleList sample ${i}`,\n    value: sample,\n}));\nreturn (0, fast_check_1.assert)((0, fast_check_1.property)(index_test_1.patternExampleList, ([patternStr, examples]) => {\n    const re = (0, _1.patternToRE)(patternStr);\n    return examples.every(re.test.bind(re));\n}));",
              "err": {},
              "uuid": "da4b3d14-c922-408f-9068-441edf019c04",
              "parentUUID": "28a97447-6194-480c-84d3-2837ea63198f",
              "isHook": false,
              "skipped": false
            },
            {
              "title": "should match valid modules with multiple patterns",
              "fullTitle": "patternToRE should match valid modules with multiple patterns",
              "timedOut": false,
              "duration": 58,
              "state": "passed",
              "speed": "medium",
              "pass": true,
              "fail": false,
              "pending": false,
              "context": "[\n  {\n    \"title\": \"patternExampleListArray sample 0\",\n    \"value\": [\n      [\n        \"RP77x\",\n        [\n          \"RP777\",\n          \"RP779\",\n          \"RP771\",\n          \"RP770\",\n          \"RP778\",\n          \"RP774\",\n          \"RP773\",\n          \"RP775\",\n          \"RP776\"\n        ]\n      ],\n      [\n        \"TIPx3x\",\n        [\n          \"TIP831\",\n          \"TIP034\",\n          \"TIP630\",\n          \"TIP435\",\n          \"TIP532\"\n        ]\n      ]\n    ]\n  },\n  {\n    \"title\": \"patternExampleListArray sample 1\",\n    \"value\": [\n      [\n        \"LOD16J\",\n        [\n          \"LOD16J\"\n        ]\n      ],\n      [\n        \"PN4\",\n        [\n          \"PN4\"\n        ]\n      ],\n      [\n        \"OS44V\",\n        [\n          \"OS44V\"\n        ]\n      ],\n      [\n        \"ZP6J\",\n        [\n          \"ZP6J\"\n        ]\n      ],\n      [\n        \"WVQ8\",\n        [\n          \"WVQ8\"\n        ]\n      ],\n      [\n        \"PI08Y\",\n        [\n          \"PI08Y\"\n        ]\n      ],\n      [\n        \"BR5604\",\n        [\n          \"BR5604\"\n        ]\n      ],\n      [\n        \"LCA33T\",\n        [\n          \"LCA33T\"\n        ]\n      ],\n      [\n        \"LS68*7\",\n        [\n          \"LS68C7\",\n          \"LS68S44B7\",\n          \"LS68JV2O69NZ7\"\n        ]\n      ],\n      [\n        \"LEC15K\",\n        [\n          \"LEC15K\"\n        ]\n      ],\n      [\n        \"EG456xQ\",\n        [\n          \"EG4567Q\",\n          \"EG4566Q\",\n          \"EG4564Q\",\n          \"EG4562Q\"\n        ]\n      ],\n      [\n        \"AW74*7Z\",\n        [\n          \"AW74C6C7Z\",\n          \"AW7460JS7Z\",\n          \"AW74IQZ7Z\",\n          \"AW74AN9T7Z\"\n        ]\n      ]\n    ]\n  },\n  {\n    \"title\": \"patternExampleListArray sample 2\",\n    \"value\": [\n      [\n        \"WIX1527P\",\n        [\n          \"WIX1527P\"\n        ]\n      ],\n      [\n        \"KH6\",\n        [\n          \"KH6\"\n        ]\n      ],\n      [\n        \"GSXxx\",\n        [\n          \"GSX41\",\n          \"GSX93\",\n          \"GSX05\",\n          \"GSX37\"\n        ]\n      ],\n      [\n        \"NHX76x\",\n        [\n          \"NHX765\",\n          \"NHX761\",\n          \"NHX766\",\n          \"NHX768\",\n          \"NHX762\"\n        ]\n      ],\n      [\n        \"JHE89X\",\n        [\n          \"JHE89X\"\n        ]\n      ]\n    ]\n  },\n  {\n    \"title\": \"patternExampleListArray sample 3\",\n    \"value\": [\n      [\n        \"RT78\",\n        [\n          \"RT78\"\n        ]\n      ],\n      [\n        \"UR7*G\",\n        [\n          \"UR78PI0VKG\",\n          \"UR79G\",\n          \"UR7GNG\",\n          \"UR7G\"\n        ]\n      ]\n    ]\n  },\n  {\n    \"title\": \"patternExampleListArray sample 4\",\n    \"value\": [\n      [\n        \"QSW924x\",\n        [\n          \"QSW9241\"\n        ]\n      ],\n      [\n        \"II47\",\n        [\n          \"II47\"\n        ]\n      ],\n      [\n        \"SEJ9\",\n        [\n          \"SEJ9\"\n        ]\n      ],\n      [\n        \"RJ*909\",\n        [\n          \"RJ7909\",\n          \"RJ87909\",\n          \"RJDS59L909\",\n          \"RJMRM5PP909\",\n          \"RJ8LY909\",\n          \"RJQKD496RH909\",\n          \"RJKNP1AHB909\",\n          \"RJZ2909\",\n          \"RJDH9KPG00909\"\n        ]\n      ],\n      [\n        \"GBL36x\",\n        [\n          \"GBL367\",\n          \"GBL365\",\n          \"GBL366\",\n          \"GBL369\",\n          \"GBL368\",\n          \"GBL360\",\n          \"GBL361\",\n          \"GBL364\",\n          \"GBL362\"\n        ]\n      ]\n    ]\n  },\n  {\n    \"title\": \"patternExampleListArray sample 5\",\n    \"value\": [\n      [\n        \"OSx96\",\n        [\n          \"OS696\",\n          \"OS796\",\n          \"OS896\",\n          \"OS396\"\n        ]\n      ],\n      [\n        \"OQB5\",\n        [\n          \"OQB5\"\n        ]\n      ]\n    ]\n  },\n  {\n    \"title\": \"patternExampleListArray sample 6\",\n    \"value\": [\n      [\n        \"HN91*5U\",\n        [\n          \"HN9155U\",\n          \"HN910N8Z3KS5U\",\n          \"HN91VB5KTM5U\"\n        ]\n      ],\n      [\n        \"JI080*G\",\n        [\n          \"JI080NM3HZ9G\",\n          \"JI080BHE8FG\",\n          \"JI080GG\",\n          \"JI080IH4G\",\n          \"JI080G\"\n        ]\n      ],\n      [\n        \"GDE74x9R\",\n        [\n          \"GDE7489R\",\n          \"GDE7479R\"\n        ]\n      ]\n    ]\n  },\n  {\n    \"title\": \"patternExampleListArray sample 7\",\n    \"value\": [\n      [\n        \"AKZ0x*\",\n        [\n          \"AKZ07Z6\",\n          \"AKZ09HB7OS60P\",\n          \"AKZ04C\",\n          \"AKZ01C98\",\n          \"AKZ09\",\n          \"AKZ08\",\n          \"AKZ086\",\n          \"AKZ06M8MC\",\n          \"AKZ07IFXUDSGI\",\n          \"AKZ00N5HV\"\n        ]\n      ],\n      [\n        \"NJ011\",\n        [\n          \"NJ011\"\n        ]\n      ],\n      [\n        \"VND*G\",\n        [\n          \"VND8MG\",\n          \"VNDZPSWG\",\n          \"VNDG\",\n          \"VNDV8JHOOE2G\",\n          \"VND0G\",\n          \"VND52G\",\n          \"VNDIRBG\",\n          \"VNDMJ5JPNSG\",\n          \"VNDHZP0SDUG\"\n        ]\n      ],\n      [\n        \"CFxx6N\",\n        [\n          \"CF476N\"\n        ]\n      ],\n      [\n        \"PH0245R\",\n        [\n          \"PH0245R\"\n        ]\n      ],\n      [\n        \"UZ98\",\n        [\n          \"UZ98\"\n        ]\n      ]\n    ]\n  },\n  {\n    \"title\": \"patternExampleListArray sample 8\",\n    \"value\": [\n      [\n        \"GF4\",\n        [\n          \"GF4\"\n        ]\n      ],\n      [\n        \"CZ4X\",\n        [\n          \"CZ4X\"\n        ]\n      ],\n      [\n        \"EHFx\",\n        [\n          \"EHF8\"\n        ]\n      ],\n      [\n        \"RKx72\",\n        [\n          \"RK372\"\n        ]\n      ],\n      [\n        \"HMH700M\",\n        [\n          \"HMH700M\"\n        ]\n      ],\n      [\n        \"LGS3\",\n        [\n          \"LGS3\"\n        ]\n      ],\n      [\n        \"DJ3*x*O\",\n        [\n          \"DJ3H4514O\",\n          \"DJ364JGVQ6L0DMDBWO\"\n        ]\n      ],\n      [\n        \"MK*\",\n        [\n          \"MK\",\n          \"MKH\",\n          \"MK3CKN\",\n          \"MKLTST5S\",\n          \"MKKSJR4G71\",\n          \"MKCCE1CYEW\",\n          \"MKW4\"\n        ]\n      ],\n      [\n        \"VTF*\",\n        [\n          \"VTF6\",\n          \"VTFN\",\n          \"VTF1XV\",\n          \"VTF2WS0L2\",\n          \"VTFGG\",\n          \"VTF3Q\",\n          \"VTF\",\n          \"VTF8DRBRIXZ\",\n          \"VTFBO\",\n          \"VTF7A8\",\n          \"VTFN7GJ4I\"\n        ]\n      ]\n    ]\n  },\n  {\n    \"title\": \"patternExampleListArray sample 9\",\n    \"value\": [\n      [\n        \"GV5\",\n        [\n          \"GV5\"\n        ]\n      ]\n    ]\n  }\n]",
              "code": "const patternExampleListArray = (0, fast_check_1.array)(index_test_1.patternExampleList, { minLength: 1 });\n(0, fast_check_1.sample)(patternExampleListArray, 10).forEach((sample, i) => (0, addContext_1.default)(this, {\n    title: `patternExampleListArray sample ${i}`,\n    value: sample,\n}));\nreturn (0, fast_check_1.assert)((0, fast_check_1.property)(patternExampleListArray, (ts) => {\n    const re = (0, _1.patternToRE)(...ts.map(([patternStr]) => patternStr));\n    return ts\n        .map(([, examples]) => examples)\n        .flat()\n        .every(re.test.bind(re));\n}));",
              "err": {},
              "uuid": "5cf29a09-f215-46e0-a2d7-97bb084e19cf",
              "parentUUID": "28a97447-6194-480c-84d3-2837ea63198f",
              "isHook": false,
              "skipped": false
            },
            {
              "title": "should not match x to non-number",
              "fullTitle": "patternToRE should not match x to non-number",
              "timedOut": false,
              "duration": 1,
              "state": "passed",
              "speed": "fast",
              "pass": true,
              "fail": false,
              "pending": false,
              "context": null,
              "code": "const re = (0, _1.patternToRE)(\"x\");\n[\"A\", \"Z\", \"c\", \"#\"].forEach((example) => isInvalidExample(re, example));",
              "err": {},
              "uuid": "6519baab-24ee-4dd5-8467-e11eaf0e5a00",
              "parentUUID": "28a97447-6194-480c-84d3-2837ea63198f",
              "isHook": false,
              "skipped": false
            },
            {
              "title": "should not match * to a substring composed of characters other than A-Z and 0-9",
              "fullTitle": "patternToRE should not match * to a substring composed of characters other than A-Z and 0-9",
              "timedOut": false,
              "duration": 0,
              "state": "passed",
              "speed": "fast",
              "pass": true,
              "fail": false,
              "pending": false,
              "context": null,
              "code": "const re = (0, _1.patternToRE)(\"*\");\n[\"c\", \"Ac\", \"cA\", \"0Ax\", \"x0A\", \"BA#\", \"#AB\"].forEach((example) => isInvalidExample(re, example));",
              "err": {},
              "uuid": "17623a4f-0095-4fe9-861e-32be92a85c61",
              "parentUUID": "28a97447-6194-480c-84d3-2837ea63198f",
              "isHook": false,
              "skipped": false
            },
            {
              "title": "should not match substrings",
              "fullTitle": "patternToRE should not match substrings",
              "timedOut": false,
              "duration": 0,
              "state": "passed",
              "speed": "fast",
              "pass": true,
              "fail": false,
              "pending": false,
              "context": null,
              "code": "const re = (0, _1.patternToRE)(\"A*xC\");\n[\"A1CZ\", \"AC1CZ\", \"ZA1C\", \"ZAC1C\", \"ZA1CZ\", \"ZAC1CZ\"].forEach((example) => isInvalidExample(re, example));",
              "err": {},
              "uuid": "c7e8a230-b3fe-437a-b168-9248e0423572",
              "parentUUID": "28a97447-6194-480c-84d3-2837ea63198f",
              "isHook": false,
              "skipped": false
            }
          ],
          "suites": [],
          "passes": [
            "da4b3d14-c922-408f-9068-441edf019c04",
            "5cf29a09-f215-46e0-a2d7-97bb084e19cf",
            "6519baab-24ee-4dd5-8467-e11eaf0e5a00",
            "17623a4f-0095-4fe9-861e-32be92a85c61",
            "c7e8a230-b3fe-437a-b168-9248e0423572"
          ],
          "failures": [],
          "pending": [],
          "skipped": [],
          "duration": 75,
          "root": false,
          "rootEmpty": false,
          "_timeout": 2000
        },
        {
          "uuid": "dfd52b1e-c2e0-44ed-984c-8101f49f42a2",
          "title": "patternSatisfier",
          "fullFile": "/home/runner/work/planwithus-lib/planwithus-lib/src/matchRule/pattern/satisfiers.test.ts",
          "file": "/src/matchRule/pattern/satisfiers.test.ts",
          "beforeHooks": [],
          "afterHooks": [],
          "tests": [
            {
              "title": "should assign all modules with *",
              "fullTitle": "patternSatisfier should assign all modules with *",
              "timedOut": false,
              "duration": 1,
              "state": "passed",
              "speed": "fast",
              "pass": true,
              "fail": false,
              "pending": false,
              "context": null,
              "code": "const { assign } = (0, satisfiers_1.patternSatisfier)(ref, \"*\");\nisCorrectAssign(assign, modulesList1, modulesList1.map(([moduleStr]) => moduleStr));",
              "err": {},
              "uuid": "9122225c-d244-440f-b2cf-ed8cef80e7a6",
              "parentUUID": "dfd52b1e-c2e0-44ed-984c-8101f49f42a2",
              "isHook": false,
              "skipped": false
            },
            {
              "title": "should assign only valid modules with pattern containing *",
              "fullTitle": "patternSatisfier should assign only valid modules with pattern containing *",
              "timedOut": false,
              "duration": 1,
              "state": "passed",
              "speed": "fast",
              "pass": true,
              "fail": false,
              "pending": false,
              "context": null,
              "code": "const { assign } = (0, satisfiers_1.patternSatisfier)(ref, \"CS2*\");\nisCorrectAssign(assign, modulesList1, [\"CS2100\", \"CS2040S\", \"CS2030\"]);",
              "err": {},
              "uuid": "fbbef77c-0011-428e-940d-affe25b545e0",
              "parentUUID": "dfd52b1e-c2e0-44ed-984c-8101f49f42a2",
              "isHook": false,
              "skipped": false
            },
            {
              "title": "should assign only valid modules with pattern containing x",
              "fullTitle": "patternSatisfier should assign only valid modules with pattern containing x",
              "timedOut": false,
              "duration": 0,
              "state": "passed",
              "speed": "fast",
              "pass": true,
              "fail": false,
              "pending": false,
              "context": null,
              "code": "const { assign } = (0, satisfiers_1.patternSatisfier)(ref, \"CS20xx\");\nisCorrectAssign(assign, modulesList1, [\"CS2030\"]);",
              "err": {},
              "uuid": "6ba166f8-b9c6-44ad-9727-7ac8fa729074",
              "parentUUID": "dfd52b1e-c2e0-44ed-984c-8101f49f42a2",
              "isHook": false,
              "skipped": false
            },
            {
              "title": "should assign only valid modules with pattern containing x and *",
              "fullTitle": "patternSatisfier should assign only valid modules with pattern containing x and *",
              "timedOut": false,
              "duration": 1,
              "state": "passed",
              "speed": "fast",
              "pass": true,
              "fail": false,
              "pending": false,
              "context": null,
              "code": "const { assign } = (0, satisfiers_1.patternSatisfier)(ref, \"CS20xx*\");\nisCorrectAssign(assign, modulesList1, [\"CS2040S\", \"CS2030\"]);",
              "err": {},
              "uuid": "100130fa-bcb5-4a48-8809-e12e7d671b70",
              "parentUUID": "dfd52b1e-c2e0-44ed-984c-8101f49f42a2",
              "isHook": false,
              "skipped": false
            }
          ],
          "suites": [],
          "passes": [
            "9122225c-d244-440f-b2cf-ed8cef80e7a6",
            "fbbef77c-0011-428e-940d-affe25b545e0",
            "6ba166f8-b9c6-44ad-9727-7ac8fa729074",
            "100130fa-bcb5-4a48-8809-e12e7d671b70"
          ],
          "failures": [],
          "pending": [],
          "skipped": [],
          "duration": 3,
          "root": false,
          "rootEmpty": false,
          "_timeout": 2000
        },
        {
          "uuid": "d2dda0d4-9be1-471c-8e24-2fcc4b54e10e",
          "title": "patternSchema",
          "fullFile": "/home/runner/work/planwithus-lib/planwithus-lib/src/matchRule/pattern/schemas.test.ts",
          "file": "/src/matchRule/pattern/schemas.test.ts",
          "beforeHooks": [],
          "afterHooks": [],
          "tests": [
            {
              "title": "should validate non-empty pattern composed of A-Z, 0-9, x or *",
              "fullTitle": "patternSchema should validate non-empty pattern composed of A-Z, 0-9, x or *",
              "timedOut": false,
              "duration": 2,
              "state": "passed",
              "speed": "fast",
              "pass": true,
              "fail": false,
              "pending": false,
              "context": "[\n  {\n    \"title\": \"pattern sample 0\",\n    \"value\": \"UUx340\"\n  },\n  {\n    \"title\": \"pattern sample 1\",\n    \"value\": \"KFO3W\"\n  },\n  {\n    \"title\": \"pattern sample 2\",\n    \"value\": \"LQO*P\"\n  },\n  {\n    \"title\": \"pattern sample 3\",\n    \"value\": \"SJ4\"\n  },\n  {\n    \"title\": \"pattern sample 4\",\n    \"value\": \"DLA35\"\n  },\n  {\n    \"title\": \"pattern sample 5\",\n    \"value\": \"TF3\"\n  },\n  {\n    \"title\": \"pattern sample 6\",\n    \"value\": \"UN6*0\"\n  },\n  {\n    \"title\": \"pattern sample 7\",\n    \"value\": \"WTY98\"\n  },\n  {\n    \"title\": \"pattern sample 8\",\n    \"value\": \"ZM00\"\n  },\n  {\n    \"title\": \"pattern sample 9\",\n    \"value\": \"SY26\"\n  }\n]",
              "code": "(0, fast_check_1.sample)(index_test_2.pattern, 10).forEach((sample, i) => (0, addContext_1.default)(this, {\n    title: `pattern sample ${i}`,\n    value: sample,\n}));\nreturn (0, fast_check_1.assert)((0, fast_check_1.property)(index_test_2.pattern, ajvValidate), {\n    examples: [[\"*\"], [\"ACC1002\"], [\"IS1103\"], [\"CS1231S\"], [\"MA1102R\"]],\n});",
              "err": {},
              "uuid": "f060c084-afab-4cfe-a283-8419cd1b0a86",
              "parentUUID": "d2dda0d4-9be1-471c-8e24-2fcc4b54e10e",
              "isHook": false,
              "skipped": false
            },
            {
              "title": "should not validate empty pattern",
              "fullTitle": "patternSchema should not validate empty pattern",
              "timedOut": false,
              "duration": 0,
              "state": "passed",
              "speed": "fast",
              "pass": true,
              "fail": false,
              "pending": false,
              "context": null,
              "code": "isInvalidPattern(\"\")",
              "err": {},
              "uuid": "4453a525-71d4-42fc-a94e-2edeb41dc705",
              "parentUUID": "d2dda0d4-9be1-471c-8e24-2fcc4b54e10e",
              "isHook": false,
              "skipped": false
            },
            {
              "title": "should not validate pattern with invalid characters",
              "fullTitle": "patternSchema should not validate pattern with invalid characters",
              "timedOut": false,
              "duration": 1,
              "state": "passed",
              "speed": "fast",
              "pass": true,
              "fail": false,
              "pending": false,
              "context": null,
              "code": "[\"AB123a\", \"Ac123a\", \"AB123^S\", \"AB1*3^S\", \"$A1*3^S\", \"/A1x33S\"].forEach(isInvalidPattern)",
              "err": {},
              "uuid": "4b8e3f41-d2d0-4a95-adc5-ad71b0b2593c",
              "parentUUID": "d2dda0d4-9be1-471c-8e24-2fcc4b54e10e",
              "isHook": false,
              "skipped": false
            }
          ],
          "suites": [],
          "passes": [
            "f060c084-afab-4cfe-a283-8419cd1b0a86",
            "4453a525-71d4-42fc-a94e-2edeb41dc705",
            "4b8e3f41-d2d0-4a95-adc5-ad71b0b2593c"
          ],
          "failures": [],
          "pending": [],
          "skipped": [],
          "duration": 3,
          "root": false,
          "rootEmpty": false,
          "_timeout": 2000
        },
        {
          "uuid": "c497efc3-6fac-4107-b3e7-1db3d5fbe90c",
          "title": "patternMatchRuleSatisfier",
          "fullFile": "/home/runner/work/planwithus-lib/planwithus-lib/src/matchRule/satisfiers.test.ts",
          "file": "/src/matchRule/satisfiers.test.ts",
          "beforeHooks": [],
          "afterHooks": [],
          "tests": [
            {
              "title": "should assign only valid modules with pattern match rule containing no exclude patterns",
              "fullTitle": "patternMatchRuleSatisfier should assign only valid modules with pattern match rule containing no exclude patterns",
              "timedOut": false,
              "duration": 1,
              "state": "passed",
              "speed": "fast",
              "pass": true,
              "fail": false,
              "pending": false,
              "context": null,
              "code": "const { assign } = (0, satisfiers_1.patternMatchRuleSatisfier)(ref, { pattern: \"CS1xxx*\" });\nisCorrectAssign(assign, modulesList1, [\"CS1231\", \"CS1231S\"]);",
              "err": {},
              "uuid": "bc63910a-53cf-462a-86be-2a9511885e75",
              "parentUUID": "c497efc3-6fac-4107-b3e7-1db3d5fbe90c",
              "isHook": false,
              "skipped": false
            },
            {
              "title": "should assign only valid modules with pattern match rule containing an exclude pattern",
              "fullTitle": "patternMatchRuleSatisfier should assign only valid modules with pattern match rule containing an exclude pattern",
              "timedOut": false,
              "duration": 1,
              "state": "passed",
              "speed": "fast",
              "pass": true,
              "fail": false,
              "pending": false,
              "context": null,
              "code": "const { assign } = (0, satisfiers_1.patternMatchRuleSatisfier)(ref, {\n    pattern: \"MA1xxx*\",\n    exclude: \"MA15xx\",\n});\nisCorrectAssign(assign, modulesList1, [\n    \"MA1100\",\n    \"MA1101R\",\n    \"MA1102R\",\n    \"MA1511A\",\n]);",
              "err": {},
              "uuid": "5bcb9241-b8bd-4984-8683-7ef3fe94947b",
              "parentUUID": "c497efc3-6fac-4107-b3e7-1db3d5fbe90c",
              "isHook": false,
              "skipped": false
            },
            {
              "title": "should assign only valid modules with pattern match rule containing multiple exclude patterns",
              "fullTitle": "patternMatchRuleSatisfier should assign only valid modules with pattern match rule containing multiple exclude patterns",
              "timedOut": false,
              "duration": 0,
              "state": "passed",
              "speed": "fast",
              "pass": true,
              "fail": false,
              "pending": false,
              "context": null,
              "code": "const { assign } = (0, satisfiers_1.patternMatchRuleSatisfier)(ref, {\n    pattern: \"MA*\",\n    exclude: [\"MA151x*\", \"MA2xxx\"],\n});\nisCorrectAssign(assign, modulesList1, [\n    \"MA1100\",\n    \"MA1101R\",\n    \"MA1102R\",\n    \"MA1507\",\n    \"MA1521\",\n    \"MA2101S\",\n]);",
              "err": {},
              "uuid": "87df5d30-189d-43b6-aaad-3dc93fb034ec",
              "parentUUID": "c497efc3-6fac-4107-b3e7-1db3d5fbe90c",
              "isHook": false,
              "skipped": false
            }
          ],
          "suites": [],
          "passes": [
            "bc63910a-53cf-462a-86be-2a9511885e75",
            "5bcb9241-b8bd-4984-8683-7ef3fe94947b",
            "87df5d30-189d-43b6-aaad-3dc93fb034ec"
          ],
          "failures": [],
          "pending": [],
          "skipped": [],
          "duration": 2,
          "root": false,
          "rootEmpty": false,
          "_timeout": 2000
        },
        {
          "uuid": "6c77b7c7-8ec2-4cc5-96c7-0f564975e2d3",
          "title": "matchRuleSchema",
          "fullFile": "/home/runner/work/planwithus-lib/planwithus-lib/src/matchRule/schemas.test.ts",
          "file": "/src/matchRule/schemas.test.ts",
          "beforeHooks": [],
          "afterHooks": [],
          "tests": [
            {
              "title": "should validate match rule with valid pattern",
              "fullTitle": "matchRuleSchema should validate match rule with valid pattern",
              "timedOut": false,
              "duration": 1,
              "state": "passed",
              "speed": "fast",
              "pass": true,
              "fail": false,
              "pending": false,
              "context": "[\n  {\n    \"title\": \"pattern sample 0\",\n    \"value\": \"KO8237\"\n  },\n  {\n    \"title\": \"pattern sample 1\",\n    \"value\": \"MD10\"\n  },\n  {\n    \"title\": \"pattern sample 2\",\n    \"value\": \"OIN8S\"\n  },\n  {\n    \"title\": \"pattern sample 3\",\n    \"value\": \"VT4\"\n  },\n  {\n    \"title\": \"pattern sample 4\",\n    \"value\": \"ILN9\"\n  },\n  {\n    \"title\": \"pattern sample 5\",\n    \"value\": \"UQ5*3R\"\n  },\n  {\n    \"title\": \"pattern sample 6\",\n    \"value\": \"WR5xX\"\n  },\n  {\n    \"title\": \"pattern sample 7\",\n    \"value\": \"QA54\"\n  },\n  {\n    \"title\": \"pattern sample 8\",\n    \"value\": \"LZSx2\"\n  },\n  {\n    \"title\": \"pattern sample 9\",\n    \"value\": \"BDR*x\"\n  }\n]",
              "code": "(0, fast_check_1.sample)(index_test_3.pattern, 10).forEach((sample, i) => (0, addContext_1.default)(this, {\n    title: `pattern sample ${i}`,\n    value: sample,\n}));\nreturn (0, fast_check_1.assert)((0, fast_check_1.property)(index_test_3.pattern, ajvValidate));",
              "err": {},
[...]
              "err": {},
              "uuid": "84993dfe-96a7-4036-9038-8ccc2ce0e53d",
              "parentUUID": "c84d6b8f-073c-493c-a380-8793adeefcd3",
              "isHook": false,
              "skipped": false
            },
            {
              "title": "should preserve list of modules with upper bound of MCs if total MC count is lower",
              "fullTitle": "inequalitySatisfier should preserve list of modules with upper bound of MCs if total MC count is lower",
              "timedOut": false,
              "duration": 0,
              "state": "passed",
              "speed": "fast",
              "pass": true,
              "fail": false,
              "pending": false,
              "context": null,
              "code": "const satisfier = (0, satisfiers_1.inequalitySatisfier)(ref, \"<=32\");\nsatisfier.should.have.property(\"filter\");\nconst { filter } = satisfier;\nisCorrectFilter(filter, modulesList1, modulesList1.map(([moduleStr]) => moduleStr));",
              "err": {},
              "uuid": "e260bb83-dfa1-4356-bf0e-b3adbb8273e7",
              "parentUUID": "c84d6b8f-073c-493c-a380-8793adeefcd3",
              "isHook": false,
              "skipped": false
            },
            {
              "title": "should truncate list of modules with upper bound of MCs at exact cutoff if total MC count is higher and there exists some starting sequence with exact MC count",
              "fullTitle": "inequalitySatisfier should truncate list of modules with upper bound of MCs at exact cutoff if total MC count is higher and there exists some starting sequence with exact MC count",
              "timedOut": false,
              "duration": 0,
              "state": "passed",
              "speed": "fast",
              "pass": true,
              "fail": false,
              "pending": false,
              "context": null,
              "code": "const satisfier = (0, satisfiers_1.inequalitySatisfier)(ref, \"<=16\");\nsatisfier.should.have.property(\"filter\");\nconst { filter } = satisfier;\nisCorrectFilter(filter, modulesList1, [\n    \"CS2100\",\n    \"GER1000\",\n    \"CS2040S\",\n    \"ST2131\",\n]);",
              "err": {},
              "uuid": "832d067a-d690-43e2-b194-494a58c4c62a",
              "parentUUID": "c84d6b8f-073c-493c-a380-8793adeefcd3",
              "isHook": false,
              "skipped": false
            },
            {
              "title": "should truncate list of modules with upper bound of MCs, cutting off at the minimum starting sequence that exceeds upper bound, if total MC count is higher and there exists no starting sequence with exact MC count",
              "fullTitle": "inequalitySatisfier should truncate list of modules with upper bound of MCs, cutting off at the minimum starting sequence that exceeds upper bound, if total MC count is higher and there exists no starting sequence with exact MC count",
              "timedOut": false,
              "duration": 0,
              "state": "passed",
              "speed": "fast",
              "pass": true,
              "fail": false,
              "pending": false,
              "context": null,
              "code": "const satisfier = (0, satisfiers_1.inequalitySatisfier)(ref, \"<=17\");\nsatisfier.should.have.property(\"filter\");\nconst { filter } = satisfier;\nisCorrectFilter(filter, modulesList1, [\n    \"CS2100\",\n    \"GER1000\",\n    \"CS2040S\",\n    \"ST2131\",\n    \"MA1521\",\n]);",
              "err": {},
              "uuid": "f3af3075-2f9f-4654-966d-ad1270a37d5f",
              "parentUUID": "c84d6b8f-073c-493c-a380-8793adeefcd3",
              "isHook": false,
              "skipped": false
            }
          ],
          "suites": [],
          "passes": [
            "6a19fe64-78e6-46ed-83c1-8e6fa19da989",
            "9d72ba0a-4963-44b5-a164-bad87924de76",
            "16d375ce-d48d-491d-9152-5805dc9d4565",
            "84993dfe-96a7-4036-9038-8ccc2ce0e53d",
            "e260bb83-dfa1-4356-bf0e-b3adbb8273e7",
            "832d067a-d690-43e2-b194-494a58c4c62a",
            "f3af3075-2f9f-4654-966d-ad1270a37d5f"
          ],
          "failures": [],
          "pending": [],
          "skipped": [],
          "duration": 1,
          "root": false,
          "rootEmpty": false,
          "_timeout": 2000
        },
        {
          "uuid": "2c14b931-f903-4cb7-90b8-6c53f0379c41",
          "title": "inequalitySchema",
          "fullFile": "/home/runner/work/planwithus-lib/planwithus-lib/src/satisfyRule/inequality/schemas.test.ts",
          "file": "/src/satisfyRule/inequality/schemas.test.ts",
          "beforeHooks": [],
          "afterHooks": [],
          "tests": [
            {
              "title": "should validate inequality in the form <=n or >=n",
              "fullTitle": "inequalitySchema should validate inequality in the form <=n or >=n",
              "timedOut": false,
              "duration": 1,
              "state": "passed",
              "speed": "fast",
              "pass": true,
              "fail": false,
              "pending": false,
              "context": "[\n  {\n    \"title\": \"inequality sample 0\",\n    \"value\": \">=7\"\n  },\n  {\n    \"title\": \"inequality sample 1\",\n    \"value\": \">=167\"\n  },\n  {\n    \"title\": \"inequality sample 2\",\n    \"value\": \"<=142\"\n  },\n  {\n    \"title\": \"inequality sample 3\",\n    \"value\": \"<=8\"\n  },\n  {\n    \"title\": \"inequality sample 4\",\n    \"value\": \">=176\"\n  },\n  {\n    \"title\": \"inequality sample 5\",\n    \"value\": \"<=129\"\n  },\n  {\n    \"title\": \"inequality sample 6\",\n    \"value\": \">=48\"\n  },\n  {\n    \"title\": \"inequality sample 7\",\n    \"value\": \">=109\"\n  },\n  {\n    \"title\": \"inequality sample 8\",\n    \"value\": \">=5\"\n  },\n  {\n    \"title\": \"inequality sample 9\",\n    \"value\": \"<=70\"\n  }\n]",
              "code": "(0, fast_check_1.sample)(index_test_2.inequality, 10).forEach((sample, i) => (0, addContext_1.default)(this, {\n    title: `inequality sample ${i}`,\n    value: sample,\n}));\nreturn (0, fast_check_1.assert)((0, fast_check_1.property)(index_test_2.inequality, ajvValidate));",
              "err": {},
              "uuid": "8dccab7b-2e8b-479a-a216-27345f2acf8e",
              "parentUUID": "2c14b931-f903-4cb7-90b8-6c53f0379c41",
              "isHook": false,
              "skipped": false
            },
            {
              "title": "should not validate inequality of invalid form",
              "fullTitle": "inequalitySchema should not validate inequality of invalid form",
              "timedOut": false,
              "duration": 1,
              "state": "passed",
              "speed": "fast",
              "pass": true,
              "fail": false,
              "pending": false,
              "context": null,
              "code": "[\n        \"\",\n        \"==23\",\n        \"23\",\n        \"<23\",\n        \">23\",\n        \"<=-1\",\n        \">=-1\",\n        \"<= 2\",\n        \">= 1\",\n        \"> 3\",\n        \"< 3\",\n        \"<=3a\",\n        \">=3a\",\n        \"a<=3\",\n        \"a>=3\",\n    ].forEach(isInvalidInequality)",
              "err": {},
              "uuid": "aa0f6b83-f30c-41c9-930d-ae3fb9130897",
              "parentUUID": "2c14b931-f903-4cb7-90b8-6c53f0379c41",
              "isHook": false,
              "skipped": false
            }
          ],
          "suites": [],
          "passes": [
            "8dccab7b-2e8b-479a-a216-27345f2acf8e",
            "aa0f6b83-f30c-41c9-930d-ae3fb9130897"
          ],
          "failures": [],
          "pending": [],
          "skipped": [],
          "duration": 2,
          "root": false,
          "rootEmpty": false,
          "_timeout": 2000
        },
        {
          "uuid": "d96733db-4696-4761-88f0-09aec9a14019",
          "title": "satisfyRuleSchema",
          "fullFile": "/home/runner/work/planwithus-lib/planwithus-lib/src/satisfyRule/schemas.test.ts",
          "file": "/src/satisfyRule/schemas.test.ts",
          "beforeHooks": [],
          "afterHooks": [],
          "tests": [
            {
              "title": "should validate satisfy rule with valid block id",
              "fullTitle": "satisfyRuleSchema should validate satisfy rule with valid block id",
              "timedOut": false,
              "duration": 1,
              "state": "passed",
              "speed": "fast",
              "pass": true,
              "fail": false,
              "pending": false,
              "context": null,
              "code": "0, fast_check_1.assert)((0, fast_check_1.property)((0, fast_check_1.string)(), ajvValidate)",
              "err": {},
              "uuid": "7e3d30e7-bfaa-451b-998f-ab5be73da61d",
              "parentUUID": "d96733db-4696-4761-88f0-09aec9a14019",
              "isHook": false,
              "skipped": false
            },
            {
              "title": "should validate satisfy rules with valid mc",
              "fullTitle": "satisfyRuleSchema should validate satisfy rules with valid mc",
              "timedOut": false,
              "duration": 2,
              "state": "passed",
              "speed": "fast",
              "pass": true,
              "fail": false,
              "pending": false,
              "context": "[\n  {\n    \"title\": \"mcSatisfyRule sample 0\",\n    \"value\": {\n      \"mc\": \"<=4\"\n    }\n  },\n  {\n    \"title\": \"mcSatisfyRule sample 1\",\n    \"value\": {\n      \"mc\": \"<=69\"\n    }\n  },\n  {\n    \"title\": \"mcSatisfyRule sample 2\",\n    \"value\": {\n      \"mc\": \">=151\"\n    }\n  },\n  {\n    \"title\": \"mcSatisfyRule sample 3\",\n    \"value\": {\n      \"mc\": \">=51\"\n    }\n  },\n  {\n    \"title\": \"mcSatisfyRule sample 4\",\n    \"value\": {\n      \"mc\": \"<=17\"\n    }\n  },\n  {\n    \"title\": \"mcSatisfyRule sample 5\",\n    \"value\": {\n      \"mc\": \">=2\"\n    }\n  },\n  {\n    \"title\": \"mcSatisfyRule sample 6\",\n    \"value\": {\n      \"mc\": \">=164\"\n    }\n  },\n  {\n    \"title\": \"mcSatisfyRule sample 7\",\n    \"value\": {\n      \"mc\": \"<=196\"\n    }\n  },\n  {\n    \"title\": \"mcSatisfyRule sample 8\",\n    \"value\": {\n      \"mc\": \">=7\"\n    }\n  },\n  {\n    \"title\": \"mcSatisfyRule sample 9\",\n    \"value\": {\n      \"mc\": \">=187\"\n    }\n  }\n]",
              "code": "(0, fast_check_1.sample)(index_test_2.mcSatisfyRule, 10).forEach((sample, i) => (0, addContext_1.default)(this, {\n    title: `mcSatisfyRule sample ${i}`,\n    value: sample,\n}));\nreturn (0, fast_check_1.assert)((0, fast_check_1.property)(index_test_2.mcSatisfyRule, ajvValidate));",
              "err": {},
              "uuid": "df647b7b-cdc3-4c0e-8e20-73c2a91bb37c",
              "parentUUID": "d96733db-4696-4761-88f0-09aec9a14019",
              "isHook": false,
              "skipped": false
            },
            {
              "title": "should validate valid recursive satisfy rules",
              "fullTitle": "satisfyRuleSchema should validate valid recursive satisfy rules",
              "timedOut": false,
              "duration": 4,
              "state": "passed",
              "speed": "fast",
              "pass": true,
              "fail": false,
              "pending": false,
              "context": "[\n  {\n    \"title\": \"satisfyRule sample 0\",\n    \"value\": \"!=$}CP@\"\n  },\n  {\n    \"title\": \"satisfyRule sample 1\",\n    \"value\": \"\"\n  },\n  {\n    \"title\": \"satisfyRule sample 2\",\n    \"value\": \"y@\"\n  },\n  {\n    \"title\": \"satisfyRule sample 3\",\n    \"value\": {\n      \"mc\": \">=22\"\n    }\n  },\n  {\n    \"title\": \"satisfyRule sample 4\",\n    \"value\": \"!)zf_-YK|\"\n  },\n  {\n    \"title\": \"satisfyRule sample 5\",\n    \"value\": {\n      \"and\": [\n        \"$7u\"\n      ]\n    }\n  },\n  {\n    \"title\": \"satisfyRule sample 6\",\n    \"value\": {\n      \"and\": [\n        \"X13O\",\n        {\n          \"or\": [\n            \"8,d\",\n            {\n              \"or\": [\n                {\n                  \"and\": [\n                    \"H&E%5L=4#O\"\n                  ]\n                },\n                {\n                  \"or\": [\n                    {\n                      \"and\": []\n                    },\n                    {\n                      \"mc\": \">=147\"\n                    },\n                    \"Uja.NFA*+\"\n                  ]\n                }\n              ]\n            },\n            {\n              \"or\": [\n                \"E]%5. D\",\n                \"<Dm#)&/M&\"\n              ]\n            },\n            \"4uUN<M?v\"\n          ]\n        }\n      ]\n    }\n  },\n  {\n    \"title\": \"satisfyRule sample 7\",\n    \"value\": {\n      \"mc\": \">=27\"\n    }\n  },\n  {\n    \"title\": \"satisfyRule sample 8\",\n    \"value\": \"_3Fwk[7kK\"\n  },\n  {\n    \"title\": \"satisfyRule sample 9\",\n    \"value\": \"8-W/\"\n  }\n]",
              "code": "(0, fast_check_1.sample)(index_test_2.satisfyRule, 10).forEach((sample, i) => (0, addContext_1.default)(this, {\n    title: `satisfyRule sample ${i}`,\n    value: sample,\n}));\nreturn (0, fast_check_1.assert)((0, fast_check_1.property)(index_test_2.satisfyRule, ajvValidate));",
              "err": {},
              "uuid": "0ab21774-1b85-46c2-a47a-583588cc2b36",
              "parentUUID": "d96733db-4696-4761-88f0-09aec9a14019",
              "isHook": false,
              "skipped": false
            },
            {
              "title": "should not validate non-string/object",
              "fullTitle": "satisfyRuleSchema should not validate non-string/object",
              "timedOut": false,
              "duration": 1,
              "state": "passed",
              "speed": "fast",
              "pass": true,
              "fail": false,
              "pending": false,
              "context": null,
              "code": "const error = {\n    instancePath: \"\",\n    message: \"satisfy rule should be either a string or an object\",\n};\nisInvalidRule(null, error);\nisInvalidRule(undefined, error);\nisInvalidRule(10, error);\nisInvalidRule([12, 24], error);",
              "err": {},
              "uuid": "652f05bf-49fa-4e93-aaa5-984a60ec96d3",
              "parentUUID": "d96733db-4696-4761-88f0-09aec9a14019",
              "isHook": false,
              "skipped": false
            },
            {
              "title": "should not validate satisfy rules with extra properties",
              "fullTitle": "satisfyRuleSchema should not validate satisfy rules with extra properties",
              "timedOut": false,
              "duration": 1,
              "state": "passed",
              "speed": "fast",
              "pass": true,
              "fail": false,
              "pending": false,
              "context": null,
              "code": "isInvalidRule({\n        and: [\n            { or: [\"2k\"], abc: \"def\" },\n            { mc: 8, ghi: \"jkl\" },\n        ],\n        mno: \"pqr\",\n    }, {\n        instancePath: \"/and/0\",\n        message: \"or satisfy rule should have property 'or' only\",\n    }, {\n        instancePath: \"/and/1\",\n        message: \"MC satisfy rule should have property 'mc' only\",\n    }, {\n        instancePath: \"\",\n        message: \"and satisfy rule should have property 'and' only\",\n    })",
              "err": {},
              "uuid": "cd2751d8-78d7-442c-a0a2-ec490f1effac",
              "parentUUID": "d96733db-4696-4761-88f0-09aec9a14019",
              "isHook": false,
              "skipped": false
            },
            {
              "title": "should not validate ambiguous satisfy rules",
              "fullTitle": "satisfyRuleSchema should not validate ambiguous satisfy rules",
              "timedOut": false,
              "duration": 0,
              "state": "passed",
              "speed": "fast",
              "pass": true,
              "fail": false,
              "pending": false,
              "context": null,
              "code": "const message = \"satisfy rule should have only one of properties 'mc', 'and', 'or'\";\nisInvalidRule({\n    or: [\n        { mc: 5, and: [\"CS2040\"] },\n        { and: [{ and: [\"abc\"], or: [\"def\"] }] },\n    ],\n}, { instancePath: \"/or/0\", message }, { instancePath: \"/or/1/and/0\", message });",
              "err": {},
              "uuid": "f6b4001a-ee8f-4883-b8c7-5e26aed16f90",
              "parentUUID": "d96733db-4696-4761-88f0-09aec9a14019",
              "isHook": false,
              "skipped": false
            },
            {
              "title": "should not validate and satisfy rules with non-array property",
              "fullTitle": "satisfyRuleSchema should not validate and satisfy rules with non-array property",
              "timedOut": false,
              "duration": 0,
              "state": "passed",
              "speed": "fast",
              "pass": true,
              "fail": false,
              "pending": false,
              "context": null,
              "code": "const message = \"property 'and' should be an array of satisfy rules\";\nisInvalidRule({ or: [{ and: {} }, { or: [{ and: 3 }] }] }, { instancePath: \"/or/0/and\", message }, { instancePath: \"/or/1/or/0/and\", message });",
              "err": {},
              "uuid": "d6e600e0-9f81-4e44-b28b-a399591e51b8",
              "parentUUID": "d96733db-4696-4761-88f0-09aec9a14019",
              "isHook": false,
              "skipped": false
            },
            {
              "title": "should not validate or satisfy rules with non-array property",
              "fullTitle": "satisfyRuleSchema should not validate or satisfy rules with non-array property",
              "timedOut": false,
              "duration": 0,
              "state": "passed",
              "speed": "fast",
              "pass": true,
              "fail": false,
              "pending": false,
              "context": null,
              "code": "const message = \"property 'or' should be an array of satisfy rules\";\nisInvalidRule({ and: [{ or: {} }, { and: [{ or: 3 }] }] }, { instancePath: \"/and/0/or\", message }, { instancePath: \"/and/1/and/0/or\", message });",
              "err": {},
              "uuid": "70a2c751-b23a-4088-b4ec-2e68c9b9b23d",
              "parentUUID": "d96733db-4696-4761-88f0-09aec9a14019",
              "isHook": false,
              "skipped": false
            }
          ],
          "suites": [],
          "passes": [
            "7e3d30e7-bfaa-451b-998f-ab5be73da61d",
            "df647b7b-cdc3-4c0e-8e20-73c2a91bb37c",
            "0ab21774-1b85-46c2-a47a-583588cc2b36",
            "652f05bf-49fa-4e93-aaa5-984a60ec96d3",
            "cd2751d8-78d7-442c-a0a2-ec490f1effac",
            "f6b4001a-ee8f-4883-b8c7-5e26aed16f90",
            "d6e600e0-9f81-4e44-b28b-a399591e51b8",
            "70a2c751-b23a-4088-b4ec-2e68c9b9b23d"
          ],
          "failures": [],
          "pending": [],
          "skipped": [],
          "duration": 9,
          "root": false,
          "rootEmpty": false,
          "_timeout": 2000
        }
      ],
      "passes": [],
      "failures": [],
      "pending": [],
      "skipped": [],
      "duration": 0,
      "root": true,
      "rootEmpty": true,
      "_timeout": 2000
    }
  ],
  "meta": {
    "mocha": {
      "version": "9.1.2"
    },
    "mochawesome": {
      "options": {
        "quiet": false,
        "reportFilename": "mochawesome",
        "saveHtml": true,
        "saveJson": true,
        "consoleReporter": "spec",
        "useInlineDiffs": false,
        "code": true
      },
      "version": "6.3.0"
    },
    "marge": {
      "options": {
        "reportDir": "docs"
      },
      "version": "5.2.0"
    }
  }
}