{
  "stats": {
    "suites": 6,
    "tests": 29,
    "passes": 29,
    "pending": 0,
    "failures": 0,
    "start": "2021-06-25T14:50:35.138Z",
    "end": "2021-06-25T14:50:35.386Z",
    "duration": 248,
    "testsRegistered": 29,
    "passPercent": 100,
    "pendingPercent": 0,
    "other": 0,
    "hasOther": false,
    "skipped": 0,
    "hasSkipped": false
  },
  "results": [
    {
      "uuid": "7255202f-31a7-4826-b4ee-73053e0be250",
      "title": "",
      "fullFile": "",
      "file": "",
      "beforeHooks": [],
      "afterHooks": [],
      "tests": [],
      "suites": [
        {
          "uuid": "1f3d3fc7-b224-4d04-a0fc-6559da230443",
          "title": "initDirectories",
          "fullFile": "/home/runner/work/planwithus-lib/planwithus-lib/src/block/schemas.test.ts",
          "file": "/src/block/schemas.test.ts",
          "beforeHooks": [],
          "afterHooks": [],
          "tests": [
            {
              "title": "should parse all blocks with no errors",
              "fullTitle": "initDirectories should parse all blocks with no errors",
              "timedOut": false,
              "duration": 3,
              "state": "passed",
              "speed": "fast",
              "pass": true,
              "fail": false,
              "pending": false,
              "context": null,
              "code": "_1.initDirectories.should.not.throw()",
              "err": {},
              "uuid": "b61d4efb-29ac-444b-8c32-41f873e76ea3",
              "parentUUID": "1f3d3fc7-b224-4d04-a0fc-6559da230443",
              "isHook": false,
              "skipped": false
            },
            {
              "title": "should produce primary, second & minor directories",
              "fullTitle": "initDirectories should produce primary, second & minor directories",
              "timedOut": false,
              "duration": 42,
              "state": "passed",
              "speed": "medium",
              "pass": true,
              "fail": false,
              "pending": false,
              "context": null,
              "code": "const directories = await _1.initDirectories();\ndirectories.should.have.property(\"primary\");\ndirectories.should.have.property(\"second\");\ndirectories.should.have.property(\"minor\");",
              "err": {},
              "uuid": "b279c5d4-9f5c-4b80-8861-6ef4bfa6d6e7",
              "parentUUID": "1f3d3fc7-b224-4d04-a0fc-6559da230443",
              "isHook": false,
              "skipped": false
            }
          ],
          "suites": [],
          "passes": [
            "b61d4efb-29ac-444b-8c32-41f873e76ea3",
            "b279c5d4-9f5c-4b80-8861-6ef4bfa6d6e7"
          ],
          "failures": [],
          "pending": [],
          "skipped": [],
          "duration": 45,
          "root": false,
          "rootEmpty": false,
          "_timeout": 2000
        },
        {
          "uuid": "ddc6a6f5-b133-402d-8628-d3251bbd9861",
          "title": "blockSchema",
          "fullFile": "/home/runner/work/planwithus-lib/planwithus-lib/src/block/schemas.test.ts",
          "file": "/src/block/schemas.test.ts",
          "beforeHooks": [],
          "afterHooks": [],
          "tests": [
            {
              "title": "should validate valid block",
              "fullTitle": "blockSchema should validate valid block",
              "timedOut": false,
              "duration": 149,
              "state": "passed",
              "speed": "slow",
              "pass": true,
              "fail": false,
              "pending": false,
              "context": "[\n  {\n    \"title\": \"block sample 0\",\n    \"value\": {\n      \"name\": \"\",\n      \"ay\": 2000,\n      \"assign\": \"\",\n      \"match\": [],\n      \"satisfy\": [\n        \"4\",\n        \"pnhY!GwmO2\",\n        {\n          \"and\": [\n            {\n              \"and\": [\n                \"rdLC_Qg\",\n                {\n                  \"or\": [\n                    \"{.Z9w-5;o\"\n                  ]\n                }\n              ]\n            },\n            {\n              \"and\": []\n            },\n            {\n              \"mc\": \">=21\"\n            },\n            {\n              \"mc\": \">=175\"\n            },\n            {\n              \"or\": [\n                {\n                  \"mc\": \"<=11\"\n                },\n                \"k6#K!#KM'=\"\n              ]\n            }\n          ]\n        }\n      ],\n      \"url\": \"https://q1t5361fh0.emhrnr9gh.8xjb9-y1a9y40rvc8l3gjqwhllk8s555eg1ufpdjjrci17k5.p-goewzmx29j.ar/3%F1%84%9B%A2!rO/l4k$cjqQ_L/B1pzdJH/F+rd6/O6bsrkq%F2%86%88%A7/x%F1%BF%A2%B7f,/CB%F2%93%84%B81O'~%F2%B1%AD%A2yW/%F1%8F%B3%8Fc%F3%98%BC%94;/4@P+\",\n      \"info\": \"1z\",\n      \"?\": {\n        \"name\": \": @xLFKMf\",\n        \"ay\": 2005,\n        \"assign\": [],\n        \"match\": {\n          \"or\": []\n        },\n        \"satisfy\": [\n          {\n            \"or\": [\n              {\n                \"mc\": \"<=102\"\n              }\n            ]\n          },\n          {\n            \"or\": [\n              \"]3MtH\",\n              {\n                \"or\": [\n                  \"'tVJH<~\",\n                  {\n                    \"mc\": \">=144\"\n                  },\n                  {\n                    \"or\": []\n                  },\n                  {\n                    \"or\": [\n                      {\n                        \"or\": [\n                          \"2-17t\"\n                        ]\n                      }\n                    ]\n                  },\n                  \".bjqf\"\n                ]\n              }\n            ]\n          },\n          \"],pn*;\",\n          {\n            \"and\": []\n          },\n          {\n            \"mc\": \"<=180\"\n          }\n        ],\n        \"url\": \"https://tu339j50u-vcckqt13chhzci.ktykqgq7qebx0gfcy20ca3j6ehg8ij.mumk4xo1qc15q1-a9eyaccbdb6jb5u0510yf2-esuf81axed2838yyayrjpr.u.yapcbg\",\n        \"info\": \"BP)_Uc:C#^\"\n      },\n      \"'MFRn,@b@-\": {\n        \"name\": \"y#c<|K_M:\",\n        \"ay\": 1988,\n        \"assign\": \"=Tr;T4QK\",\n        \"satisfy\": [\n          {\n            \"and\": [\n              {\n                \"mc\": \">=113\"\n              },\n              \"]qD'\\\\\"\n            ]\n          },\n          {\n            \"and\": [\n              \"`_1YBW[zJs\"\n            ]\n          },\n          \"_Yuh}]qmFc\",\n          {\n            \"and\": [\n              {\n                \"or\": [\n                  \"zK}OS&:\",\n                  {\n                    \"or\": [\n                      {\n                        \"or\": [\n                          \"O=z\"\n                        ]\n                      }\n                    ]\n                  },\n                  \"+:plE\",\n                  {\n                    \"and\": [\n                      \")\",\n                      \"DpQ].Xw:\"\n                    ]\n                  },\n                  {\n                    \"or\": [\n                      \"5P&Y;`\",\n                      \"yo]>\"\n                    ]\n                  }\n                ]\n              },\n              \"f/NY6\",\n              {\n                \"and\": [\n                  \"CJz2bjj\"\n                ]\n              }\n            ]\n          },\n          {\n            \"and\": [\n              \"\",\n              {\n                \"mc\": \">=179\"\n              }\n            ]\n          }\n        ],\n        \"url\": \"http://wbpzxubg0a8-1j-f0oafmli1skf-5ci5e8zny6f.j.0i3tnh7pybr1rjswg4xiuo9iy3z5nq27.3r4wrffet5bbpri50xtw9hu0bav-bwsbd6.wmhdozkt/9BqA:Lf/MAzZ%F2%81%8A%A6/1B%F2%9E%87%AAA(C;/,TT/Xk%F3%A1%9E%A90cAjy3j/%F3%95%94%B6/2;Qel(gl/X+N&QM%F3%A7%BF%A97g\",\n        \"info\": \"~^vDOB\"\n      }\n    }\n  },\n  {\n    \"title\": \"block sample 1\",\n    \"value\": {\n      \"ay\": 1953,\n      \"assign\": [\n        \"rrl:FzNSs\",\n        \"~'Ba\"\n      ],\n      \"satisfy\": [\n        {\n          \"mc\": \">=2\"\n        },\n        \"(~\",\n        {\n          \"and\": []\n        }\n      ],\n      \"url\": \"http://b.5.ioiujx/E=bgM28//~o/Ep8)NVscJ/;U.t%F2%A2%97%80R\"\n    }\n  },\n  {\n    \"title\": \"block sample 2\",\n    \"value\": {\n      \"name\": \"%\\\"{b$yY\",\n      \"ay\": 2025,\n      \"assign\": \"x&!@<|%Jr\",\n      \"match\": [\n        {\n          \"or\": [\n            \"TS95A\",\n            {\n              \"pattern\": \"UV56H\",\n              \"exclude\": \"PEE*x*4Y\",\n              \"info\": \"EuzH'2%\"\n            }\n          ]\n        },\n        \"FSV*79\",\n        \"BF*Y\"\n      ],\n      \"url\": \"https://4uuuuj848185iyv5129fmit7fl681k9d76xby6.pm3hmdrlqqw96ld0cqfkjchjfvustbxz1bn79ylh4092w25h.eys-78ux8wpx173gdv6sj56n7.yz33y8x4zs49c3hoaf462hciqhe9n8w.im.ry\",\n      \"info\": \"JW\"\n    }\n  },\n  {\n    \"title\": \"block sample 3\",\n    \"value\": {\n      \"name\": \"x\",\n      \"ay\": 2024,\n      \"assign\": [\n        \"-a=T;qgQ)r\",\n        \"dbE4yq\",\n        \"C{\",\n        \"{h~=4.%o*\"\n      ],\n      \"match\": [],\n      \"satisfy\": {\n        \"or\": []\n      },\n      \"url\": \"https://d8u7bsefby7bpd59eygc6da-fbfwadjefnccdevtea4ffu.kk/!QkbU-N/YcdzC/%F0%9B%A8%B1a$1M/+@a/F%F1%B4%B4%82RCHSPP6x\",\n      \"info\": \"4iB=2i\\\"G}|\"\n    }\n  },\n  {\n    \"title\": \"block sample 4\",\n    \"value\": {\n      \"name\": \"g!\\\"4Q'#\",\n      \"ay\": 1956,\n      \"assign\": [\n        \"_c\",\n        \"UXL:^ky\",\n        \"belyJ\\\\D@G?\",\n        \"K\",\n        \"T%be\"\n      ],\n      \"satisfy\": \"<fJ\",\n      \"url\": \"https://qye.cxe/68cZH_z:nL/%F2%9E%8D%BF5F1%F4%8A%A9%89/Hsp/%E7%90%BC&Lri/-C4,@%F2%8D%89%9C'/gvn25atu!Q\",\n      \"info\": \"/xwy'#\\\\hP/\",\n      \"}\": {\n        \"name\": \"\",\n        \"ay\": 2025,\n        \"assign\": \"U3\",\n        \"match\": [\n          \"QH524\",\n          \"FS8985\",\n          {\n            \"and\": [\n              {\n                \"pattern\": \"TC75\",\n                \"exclude\": \"JN0*G\",\n                \"info\": \" &s\"\n              }\n            ]\n          }\n        ],\n        \"satisfy\": {\n          \"mc\": \"<=81\"\n        },\n        \"url\": \"http://dzj7bkajmu75i93obfokyag-q-fofxjyi94ojj30vy.i-ce9b82f5tdd7f9fadv5fcea-msfua79w969b.dfdljd//(m+SzM/IW%F1%97%84%84%F0%A4%B4%B3cKF'z+/J/tl'g095ra\",\n        \"info\": \"Tu\",\n        \"C0c*Mk!_I\": {\n          \"name\": \"4nd+J%\",\n          \"ay\": 2027,\n          \"assign\": [\n            \"^x\",\n            \"c`/6%|!\"\n          ],\n          \"url\": \"http://noc5j2t1h9aexsl-zh.8.k7jludttcrdjhgkmi348jlv-d.i8pz9bgj3j697r95rwtog-5u6icptbid4txoj5fwzq4.cszg7c2afsixn5696m6qcr3ua965wb5u4ibkfc9-bufm9twpt2qjyudmfk.nkdy/dZ%F3%95%A2%BB48_//uqe3s:TTCx/7OMns\",\n          \"info\": \"7`k\\\"y10oc\"\n        },\n        \"6}PjMEycr7\": {\n          \"name\": \"n$_\\\\8X4&\",\n          \"match\": [\n            \"FM1825X\",\n            {\n              \"or\": [\n                {\n                  \"pattern\": \"EOF1N\",\n                  \"exclude\": [\n                    \"GE4390\",\n                    \"BO60\"\n                  ],\n                  \"info\": \"u%ixSu=yDX\"\n                },\n                {\n                  \"or\": [\n                    \"YM1\"\n                  ]\n                },\n                \"KL2x\",\n                {\n                  \"pattern\": \"PRJ*921X\",\n                  \"exclude\": [],\n                  \"info\": \"M*`4C>W]\"\n                },\n                \"BG41R\"\n              ]\n            }\n          ],\n          \"satisfy\": [\n            \"PKY}sa\",\n            {\n              \"mc\": \"<=166\"\n            },\n            {\n              \"or\": [\n                {\n                  \"or\": [\n                    {\n                      \"mc\": \"<=10\"\n                    },\n                    {\n                      \"and\": [\n                        {\n                          \"mc\": \"<=132\"\n                        }\n                      ]\n                    }\n                  ]\n                },\n                {\n                  \"mc\": \">=178\"\n                },\n                {\n                  \"or\": [\n                    \"a6|a_'\",\n                    \"=y-^mD\",\n                    {\n                      \"or\": [\n                        \"@<*\"\n                      ]\n                    },\n                    \"l\",\n                    {\n                      \"or\": [\n                        {\n                          \"or\": [\n                            \"-:+*Z\\\"N\"\n                          ]\n                        },\n                        \"B\",\n                        \"|{Dx>Xf:N1\",\n                        {\n                          \"and\": [\n                            {\n                              \"mc\": \">=89\"\n                            }\n                          ]\n                        },\n                        {\n                          \"or\": [\n                            \"Tmqs7&oc$\"\n                          ]\n                        }\n                      ]\n                    }\n                  ]\n                },\n                {\n                  \"or\": [\n                    {\n                      \"mc\": \">=161\"\n                    },\n                    \"={t2\\\\o<\",\n                    \"`F~+~SGB\"\n                  ]\n                }\n              ]\n            },\n            {\n              \"or\": []\n            }\n          ],\n          \"url\": \"https://2u463oiw1ybbp1f1ahclrlrpa4vzmioy7o-bcc80zanry.p79nzbe1hz757rbazkf33rm.tagqmudcvv/9,p\",\n          \"info\": \"gy.Grhl\"\n        },\n        \"+K8GK\": {\n          \"name\": \"\\\"q[\",\n          \"ay\": 1994,\n          \"assign\": \"8t8bvFv7/\",\n          \"match\": [\n            {\n              \"and\": [\n                {\n                  \"or\": [\n                    \"WTTx\",\n                    {\n                      \"or\": [\n                        \"WVM7*H\",\n                        \"XTE637N\",\n                        \"ES65\"\n                      ]\n                    },\n                    \"FBO337\",\n                    {\n                      \"pattern\": \"FN5852U\",\n                      \"exclude\": \"IJ323\",\n                      \"info\": \"=\"\n                    }\n                  ]\n                },\n                {\n                  \"pattern\": \"ZB6841\",\n                  \"exclude\": [\n                    \"UKK*G\",\n                    \"DG03xR\",\n                    \"NZ8K\",\n                    \"TS8E\",\n                    \"KL72x\"\n                  ],\n                  \"info\": \"\"\n                },\n                {\n                  \"pattern\": \"SS4107D\",\n                  \"info\": \"_TR67\"\n                },\n                {\n                  \"and\": [\n                    {\n                      \"pattern\": \"FNA8167L\",\n                      \"exclude\": [\n                        \"RUB8221\"\n                      ],\n                      \"info\": \"%\"\n                    },\n                    \"LSU4422S\"\n                  ]\n                }\n              ]\n            },\n            {\n              \"and\": [\n                {\n                  \"pattern\": \"OWx1\",\n                  \"exclude\": \"IMG50\",\n                  \"info\": \"gx.J8M>d^e\"\n                },\n                \"GC2658\",\n                \"YXM1C\",\n                {\n                  \"or\": [\n                    {\n                      \"and\": [\n                        \"QW18\",\n                        \"EXB3474D\",\n                        {\n                          \"or\": [\n                            \"DG24A\",\n                            \"AZ28\",\n                            {\n                              \"pattern\": \"OLB49*0Q\",\n                              \"exclude\": [\n                                \"YF47\"\n                              ],\n                              \"info\": \"AO}C5eR\"\n                            }\n                          ]\n                        }\n                      ]\n                    },\n                    {\n                      \"pattern\": \"YT95\",\n                      \"exclude\": \"AS3730E\",\n                      \"info\": \",rm{\"\n                    },\n                    {\n                      \"and\": [\n                        {\n                          \"or\": []\n                        },\n                        {\n                          \"pattern\": \"VV2F\",\n                          \"info\": \"H\"\n                        },\n                        \"ZXF245P\"\n                      ]\n                    },\n                    {\n                      \"pattern\": \"RJQ3I\",\n                      \"exclude\": [\n                        \"SK*\",\n                        \"YTX608\",\n                        \"IYC6733T\",\n                        \"OOS2671N\",\n                        \"ZL8P\"\n                      ],\n                      \"info\": \"6Gy'{-ha;E\"\n                    },\n                    {\n                      \"and\": [\n                        \"EVW5*1S\",\n                        {\n                          \"or\": []\n                        },\n                        \"VNFxxK\",\n                        \"XK692*\",\n                        \"RTU6x\"\n                      ]\n                    }\n                  ]\n                }\n              ]\n            },\n            {\n              \"or\": []\n            },\n            {\n              \"pattern\": \"MS5Z\",\n              \"exclude\": \"YC38N\",\n              \"info\": \"InF2|w:l\"\n            },\n            {\n              \"and\": [\n                {\n                  \"or\": [\n                    {\n                      \"and\": [\n                        \"YBF195Z\",\n                        {\n                          \"pattern\": \"FOS17N\",\n                          \"exclude\": [\n                            \"FZF3K\"\n                          ],\n                          \"info\": \"2T=V\"\n                        },\n                        {\n                          \"or\": [\n                            \"DRH2\",\n                            \"FFS432\",\n                            \"HGQ7E\",\n                            \"FAY2469\",\n                            \"JS5x86\"\n                          ]\n                        },\n                        \"SFR*29*X\"\n                      ]\n                    },\n                    {\n                      \"pattern\": \"AAO89\",\n                      \"exclude\": \"IKF216\",\n                      \"info\": \"<\"\n                    },\n                    {\n                      \"and\": [\n                        {\n                          \"and\": []\n                        },\n                        \"AC7816T\"\n                      ]\n                    }\n                  ]\n                },\n                {\n                  \"pattern\": \"TC0D\",\n                  \"info\": \"\"\n                },\n                \"TDW3E\"\n              ]\n            }\n          ],\n          \"satisfy\": \"Z6i\",\n          \"url\": \"https://r.ycp1sgiz9wx1l4xd3ec85qh3xd3bc7kf3jjbp.eolssbj/nqciWvuW/@LFq/09&zOhw%F1%A5%9E%8F/+r%F0%B1%83%9F/%F2%A2%B9%B2HJk%F1%8B%8C%93TUhN/sA,/(mB$lJbA/N/V/\",\n          \"info\": \"eo@:dyDKL\"\n        }\n      },\n      \"OTh{P\": {\n        \"name\": \"tz^'\",\n        \"ay\": 1972,\n        \"match\": {\n          \"pattern\": \"PSF4984R\",\n          \"info\": \"\"\n        },\n        \"satisfy\": [\n          {\n            \"and\": [\n              {\n                \"or\": [\n                  \"Y\",\n                  \"#\",\n                  \"yp_^G1=\"\n                ]\n              },\n              {\n                \"mc\": \">=64\"\n              },\n              {\n                \"or\": []\n              }\n            ]\n          },\n          \"b@fEJY's\",\n          {\n            \"and\": [\n              {\n                \"mc\": \"<=81\"\n              },\n              \"M>,AD?*'>U\",\n              {\n                \"mc\": \"<=8\"\n              },\n              \"1_#flU[G+\",\n              {\n                \"mc\": \">=48\"\n              }\n            ]\n          }\n        ],\n        \"url\": \"http://jsaavasqtv8b6ifurclap4l.yiece/@)g/OD*p&/+xd2p%F2%86%89%8E+v/5HLTMV~9s/uA./;TRM;/;KM\",\n        \"R8nw,(y\": {\n          \"name\": \"b#k\",\n          \"ay\": 2014,\n          \"match\": [\n            {\n              \"and\": [\n                {\n                  \"and\": [\n                    {\n                      \"pattern\": \"UGI22*S\",\n                      \"info\": \"#cL\"\n                    },\n                    \"RR800*\",\n                    \"OTV3468\",\n                    {\n                      \"pattern\": \"FAU7W\",\n                      \"exclude\": \"SJ55Z\",\n                      \"info\": \"`}b9'm@<u\"\n                    },\n                    {\n                      \"and\": []\n                    }\n                  ]\n                },\n                \"NM4xQ\",\n                {\n                  \"pattern\": \"GG1*2\",\n                  \"exclude\": [\n                    \"IK5569H\",\n                    \"TUL268*H\"\n                  ],\n                  \"info\": \"$Uh9[9Qg]@\"\n                }\n              ]\n            },\n            {\n              \"pattern\": \"AXA8\",\n              \"exclude\": [\n                \"YN458\",\n                \"UWLx88\",\n                \"UVS528\",\n                \"TAA73H\",\n                \"BU*Y\"\n              ],\n              \"info\": \"dc}]#<w<\"\n            },\n            \"JT7\"\n          ],\n          \"satisfy\": \"/XE6h}\",\n          \"url\": \"https://cg2cd9khd44-vlpg-iwf1qkonxj7exvjk8n4zqku-84gybiuyzvmu6.sv-iajrxrrzkr2dihfykjru08mjw640l837sx5an4uca7qmhy9s0.dusvtjr87z6yssxal6rr92niwm53-ckt1rkycf94.d7csd44apolwr3cg8.ucomwd.cibsgvxll/s01%F0%B1%98%83g\"\n        },\n        \"\": {\n          \"name\": \"ge\\\\\",\n          \"ay\": 2018,\n          \"assign\": [\n            \"q^&~r\",\n            \".Gmgz\",\n            \"PxD,dV_\"\n          ],\n          \"match\": \"AWO9xE\",\n          \"satisfy\": [\n            {\n              \"and\": [\n                \"a(ru.K:zd\"\n              ]\n            },\n            {\n              \"and\": [\n                {\n                  \"mc\": \">=67\"\n                }\n              ]\n            },\n            {\n              \"or\": [\n                {\n                  \"mc\": \">=143\"\n                },\n                {\n                  \"and\": [\n                    {\n                      \"or\": [\n                        {\n                          \"or\": [\n                            {\n                              \"or\": [\n                                \"\",\n                                \"[n=d8\",\n                                \"Aj=,2}5\"\n                              ]\n                            }\n                          ]\n                        }\n                      ]\n                    },\n                    {\n                      \"and\": [\n                        \";\",\n                        \"NjiIYFI^!\",\n                        {\n                          \"or\": [\n                            {\n                              \"or\": [\n                                \")1bY ~wI<\"\n                              ]\n                            }\n                          ]\n                        },\n                        {\n                          \"mc\": \"<=86\"\n                        },\n                        \"Eg8u\"\n                      ]\n                    }\n                  ]\n                },\n                {\n                  \"mc\": \"<=175\"\n                },\n                {\n                  \"mc\": \">=156\"\n                }\n              ]\n            }\n          ],\n          \"url\": \"http://vm4rbdx67zqt-n1uklf66chthegho9q18vjl.9.o5yp.7a88a8y1pc9tue305xntd0l7uiuau-31gze4wdqaga0j.j.mtnm/csL6g-+eu/xeJ6g/hbrR%F3%99%9A%AD2/Mk\",\n          \"info\": \"C&\"\n        },\n        \"|OUq\": {\n          \"name\": \"B(bx6v.\",\n          \"ay\": 2022,\n          \"assign\": [],\n          \"match\": \"GH*\",\n          \"satisfy\": [],\n          \"url\": \"https://ii2y7kxrwvkc7d3fzcledu2-xjs4d41mg48z5.mkyc7b0pv286dg5v0rdixus73smuok2pumhp90xnbujr91p2ls-rygcdtpf6.3qrgfqjs4mfollih7rpb76bgy9yypfyq5e9l.yxg0pmu6i1jb01qbrwelg8erd90u-bnp6kcf7g-rla.zwacilxuw/0jMx/ZY5k5t/o6%F3%8C%97%B96%F3%A2%98%97*x//%F1%88%BB%8F@YbJr!sU&/cKP7t'7ld4/~%F2%B6%9F%B0PnJ%F3%82%B8%A7z)\",\n          \"info\": \">_iR\"\n        },\n        \"\\\"!s9knM\": {\n          \"name\": \"Mk\",\n          \"assign\": \"<b?n00Q_\",\n          \"match\": \"LFH*75W\",\n          \"satisfy\": {\n            \"and\": [\n              \"Fw;1\",\n              {\n                \"or\": [\n                  \"_p{9$\\\"v<\",\n                  {\n                    \"and\": [\n                      {\n                        \"and\": [\n                          \"{9u(+\",\n                          \"&-db,\"\n                        ]\n                      },\n                      \"\",\n                      \"S#_\",\n                      {\n                        \"or\": [\n                          \"E8uDe\",\n                          \"1Ej=bT>no\",\n                          \"cY l\"\n                        ]\n                      }\n                    ]\n                  },\n                  {\n                    \"mc\": \"<=121\"\n                  },\n                  {\n                    \"mc\": \">=180\"\n                  }\n                ]\n              },\n              {\n                \"mc\": \"<=57\"\n              },\n              {\n                \"or\": [\n                  \"@\"\n                ]\n              },\n              {\n                \"and\": [\n                  {\n                    \"mc\": \">=184\"\n                  },\n                  {\n                    \"or\": [\n                      \"P)3\",\n                      \"}M%~T^QU3\",\n                      {\n                        \"or\": [\n                          \"|$ZC>>K\",\n                          \"9F&NOm\",\n                          {\n                            \"or\": [\n                              {\n                                \"and\": [\n                                  \"{F\"\n                                ]\n                              }\n                            ]\n                          }\n                        ]\n                      }\n                    ]\n                  },\n                  \",8i\",\n                  \"@m\"\n                ]\n              }\n            ]\n          },\n          \"url\": \"https://94-wrdtsiph1w4tlfuzag6hs9btavcbzg.bhan/D/zZ=gn);/Ts76YaN+g///!W!3Ne%F1%90%9E%AE/\",\n          \"info\": \"P\\\\Dla3\"\n        },\n        \"6}Ciul\": {\n          \"name\": \"BrD$7\",\n          \"ay\": 1968,\n          \"assign\": \"hb@?9#z\",\n          \"match\": [\n            {\n              \"pattern\": \"VIP9*x\",\n              \"exclude\": [\n                \"AN4E\",\n                \"IJD27\"\n              ],\n              \"info\": \"m{>$6]\"\n            },\n            \"ONE1x9C\",\n            {\n              \"and\": [\n                \"WOT276A\",\n                {\n                  \"and\": []\n                },\n                {\n                  \"or\": []\n                },\n                {\n                  \"and\": [\n                    \"OX3546M\",\n                    \"MD5\",\n                    {\n                      \"or\": []\n                    },\n                    \"PDZ4418H\",\n                    \"JT*658\"\n                  ]\n                },\n                \"CNX8788\"\n              ]\n            },\n            \"PAM930X\",\n            \"TJ618V\"\n          ],\n          \"satisfy\": {\n            \"and\": []\n          },\n          \"url\": \"https://z5z28ag9gr5rqlz0-ab-nsd95btxtfg7azb7hmj-zd7i.urzkurcnj/b5~~CE;/'/-~~1/8Kf*/4C/w/s*\",\n          \"info\": \">32T\"\n        }\n      }\n    }\n  },\n  {\n    \"title\": \"block sample 5\",\n    \"value\": {\n      \"name\": \"-8#&y83Un\",\n      \"ay\": 1950,\n      \"assign\": \"W|6\",\n      \"match\": {\n        \"pattern\": \"NZ6Z\",\n        \"exclude\": \"NW5\",\n        \"info\": \"X]\"\n      },\n      \"satisfy\": [\n        {\n          \"or\": [\n            \"!U:\"\n          ]\n        },\n        {\n          \"or\": [\n            {\n              \"or\": [\n                {\n                  \"and\": [\n                    \"#,)ZsWLr\",\n                    {\n                      \"or\": [\n                        \"/Y\",\n                        \"8-jF{:\",\n                        \" \",\n                        \"R!s^0Rv\",\n                        \"A1\"\n                      ]\n                    },\n                    {\n                      \"and\": [\n                        \"x57SYOWr{9\",\n                        \"\\\"!EX\",\n                        \"W\"\n                      ]\n                    },\n                    \"\",\n                    \"#)\"\n                  ]\n                },\n                \"zJG4[`D|`\",\n                {\n                  \"and\": []\n                }\n              ]\n            },\n            {\n              \"and\": [\n                \"A\"\n              ]\n            },\n            \"\",\n            \"Ngwl\\\"\\\"$`xe\"\n          ]\n        },\n        {\n          \"and\": []\n        },\n        {\n          \"or\": [\n            {\n              \"or\": [\n                \"\",\n                {\n                  \"mc\": \"<=156\"\n                }\n              ]\n            },\n            \"$@J&\",\n            {\n              \"mc\": \">=193\"\n            },\n            {\n              \"and\": [\n                \"B#~%$ QP\",\n                \"K-<Dc_Q\\\"\"\n              ]\n            }\n          ]\n        },\n        {\n          \"or\": []\n        }\n      ],\n      \"url\": \"https://phokk96y999bn30asj1lxsjl-u04r-2161wnrl5jhu6p8.manq/%F3%8D%9F%B5_0Hv/2%F3%A6%92%B2qp0'73/L8Q/Sc=~4GH/SKpuT)C6/_&d/:bC/'vY'/39U@$IYGV\",\n      \"Riqc!v\": {\n        \"name\": \"aHo\",\n        \"ay\": 1985,\n        \"assign\": \"%u[\",\n        \"match\": [\n          \"AP775\"\n        ],\n        \"satisfy\": [\n          {\n            \"mc\": \">=173\"\n          },\n          {\n            \"mc\": \">=129\"\n          },\n          {\n            \"mc\": \">=124\"\n          },\n          \"\"\n        ],\n        \"url\": \"http://nc6ql8kn24pqa3uweb.fo8pbdz1efypo6f11ikd4mfgkacz8r396ynzoatp2x5x-566yexzh.nog83j2dr2qd9abj-50nn1iiyudcrtro8hrxlkuvzm2nzuy6p.dvdi/iry~9wHh2B/:hn/%F1%8B%8C%B7LRvg)pvl/%F1%AB%A2%A2./qKWeGs=o%F2%9A%A2%B6/rqSY%F2%BE%8D%85_Ur\",\n        \"info\": \">5Dsr)hT+\"\n      },\n      \"1~?jAZow\": {\n        \"name\": \"{gK\",\n        \"ay\": 2030,\n        \"assign\": [],\n        \"match\": [\n          {\n            \"or\": [\n              {\n                \"or\": [\n                  \"JDJ267P\"\n                ]\n              },\n              {\n                \"and\": [\n                  \"XE1xT\",\n                  {\n                    \"or\": [\n                      {\n                        \"pattern\": \"AT3F\",\n                        \"exclude\": \"BL099\",\n                        \"info\": \"<\"\n                      },\n                      {\n                        \"or\": [\n                          \"MU17\",\n                          {\n                            \"pattern\": \"PL7217E\",\n                            \"info\": \"H;RXDeF \"\n                          },\n                          \"FD8W\",\n                          \"AUC633U\",\n                          \"GI*Z\"\n                        ]\n                      },\n                      \"ND4\"\n                    ]\n                  },\n                  \"WC37\"\n                ]\n              },\n              \"PD8086\",\n              {\n                \"or\": [\n                  \"GSI7\",\n                  \"AE76xU\",\n                  {\n                    \"or\": [\n                      {\n                        \"or\": [\n                          {\n                            \"or\": [\n                              \"QZ0851P\",\n                              \"UB65\"\n                            ]\n                          },\n                          \"CW978\",\n                          {\n                            \"or\": [\n                              \"RKB4M\",\n                              \"WVxS\",\n                              \"BO0*9\",\n                              \"HBY20A\"\n                            ]\n                          },\n                          \"WDW10x6U\"\n                        ]\n                      },\n                      {\n                        \"pattern\": \"KX842D\",\n                        \"exclude\": \"OF**76\",\n                        \"info\": \":\"\n                      },\n                      {\n                        \"pattern\": \"TK9365\",\n                        \"exclude\": \"JCN13M\",\n                        \"info\": \"u66\"\n                      },\n                      \"LRx*1\"\n                    ]\n                  }\n                ]\n              }\n            ]\n          }\n        ],\n        \"satisfy\": {\n          \"and\": [\n            {\n              \"or\": [\n                {\n                  \"mc\": \"<=127\"\n                },\n                {\n                  \"mc\": \"<=183\"\n                },\n                \";v5^\",\n                {\n                  \"mc\": \">=79\"\n                },\n                {\n                  \"and\": [\n                    \"[nfta\\\\fw;d\",\n                    \"biyL6euLK?\",\n                    \"bR\"\n                  ]\n                }\n              ]\n            },\n            {\n              \"or\": [\n                \"Z\",\n                \"]wwZw=T#8\",\n                \"0?2-T\",\n                \"\",\n                {\n                  \"or\": [\n                    \"qF3_\"\n                  ]\n                }\n              ]\n            },\n            {\n              \"and\": [\n                {\n                  \"or\": [\n                    {\n                      \"and\": [\n                        \"F4\",\n                        \"$$p\",\n                        \"{\",\n                        \"oLG>$+V7/e\",\n                        \">t~AdIYQ\"\n                      ]\n                    },\n                    \"&mLYCq>H2.\",\n                    {\n                      \"and\": [\n                        \"k}1K\\\\W`\",\n                        {\n                          \"mc\": \">=178\"\n                        },\n                        \"F)(]+_NjI_\"\n                      ]\n                    },\n                    {\n                      \"or\": [\n                        \"U\",\n                        \"2;\",\n                        \"C[u@oVH1xM\"\n                      ]\n                    },\n                    {\n                      \"or\": [\n                        {\n                          \"mc\": \"<=154\"\n                        },\n                        \"0 `\",\n                        \"V:g_P)$ZN)\"\n                      ]\n                    }\n                  ]\n                },\n                {\n                  \"and\": [\n                    \"d-aa09j\",\n                    {\n                      \"or\": [\n                        \"\",\n                        \" \",\n                        \"m_xy~\",\n                        \"C#v|8y\\\")Vj\",\n                        \"wR\\\"/y\"\n                      ]\n                    },\n                    \"K!bUrNY0t\"\n                  ]\n                },\n                {\n                  \"mc\": \">=26\"\n                },\n                \"wirQ4j=9\",\n                \"V\"\n              ]\n            },\n            {\n              \"and\": [\n                \"oZs:4\"\n              ]\n            },\n            {\n              \"or\": []\n            }\n          ]\n        },\n        \"url\": \"http://7.glipoylpksignvclx8fh1nabqw13xqj.6ysov-lujjyx5v5-bpl42yry3bt3zg6v9yw8kx0j3svj0noptwieogrdrdzj.8cjka5hy-i8gew9sy5tqbc48fxuxzhuqu24m96yt.ey3rc6p30r1w5z1dqmh9ds-543v98aos.cmvoaoei\",\n        \"info\": \"o\"\n      }\n    }\n  },\n  {\n    \"title\": \"block sample 6\",\n    \"value\": {\n      \"name\": \"l{I!#!0+[\",\n      \"ay\": 1950,\n      \"assign\": \"4 &#]4b\\\"&C\",\n      \"match\": [\n        {\n          \"pattern\": \"FBT0371U\",\n          \"exclude\": \"AJ4\",\n          \"info\": \"2GQ\"\n        }\n      ],\n      \"satisfy\": \"\",\n      \"url\": \"https://c.pdjwvfb/%F2%AB%97%B7;wIVeXu/Mb/m7/q%F0%93%B5%BDQ!4h*Vsk/E,j-be\",\n      \"info\": \"$>t)8+zsq\"\n    }\n  },\n  {\n    \"title\": \"block sample 7\",\n    \"value\": {\n      \"ay\": 1954,\n      \"assign\": [],\n      \"match\": [\n        \"EMEx64*\",\n        {\n          \"pattern\": \"YET3*\",\n          \"exclude\": \"AU87Q\",\n          \"info\": \"$$@T#eT3{\"\n        }\n      ],\n      \"satisfy\": {\n        \"mc\": \">=5\"\n      },\n      \"url\": \"https://p8cv.ua/7ob~ya&Hl5/zx/'qn/dza:Ze,x/khi/=*7:)/a3/%34/W\",\n      \"info\": \"\",\n      \"\": {\n        \"name\": \"u'[{n`Qd.\",\n        \"ay\": 1994,\n        \"match\": [\n          {\n            \"pattern\": \"BMVx1S\",\n            \"exclude\": \"AT2505\"\n          },\n          {\n            \"and\": [\n              {\n                \"pattern\": \"EH5788\",\n                \"exclude\": \"NR207\"\n              },\n              \"PTx6\",\n              {\n                \"pattern\": \"NPY17\",\n                \"exclude\": \"TBS6\",\n                \"info\": \"SMP;\"\n              },\n              {\n                \"or\": [\n                  \"BCx\"\n                ]\n              }\n            ]\n          },\n          \"RF4Y\"\n        ],\n        \"satisfy\": \"lM]1;/w\",\n        \"dE\": {\n          \"name\": \"+!M~eD\",\n          \"assign\": \"El[!Y$\",\n          \"match\": [],\n          \"satisfy\": [\n            {\n              \"or\": [\n                {\n                  \"mc\": \">=125\"\n                },\n                {\n                  \"mc\": \">=162\"\n                },\n                {\n                  \"or\": [\n                    {\n                      \"or\": [\n                        \"t{-3\",\n                        {\n                          \"and\": [\n                            \"k:\",\n                            \"nu(]1Ew|Q\",\n                            {\n                              \"and\": [\n                                \"kp6U]24\",\n                                \"v\",\n                                \"s{U?\\\"*7(\",\n                                \"\",\n                                {\n                                  \"mc\": \"<=151\"\n                                }\n                              ]\n                            },\n                            {\n                              \"or\": [\n                                \"xi\",\n                                \"#,_Tp#ws\",\n                                {\n                                  \"mc\": \">=118\"\n                                },\n                                \"8+@\\\"o.G6\"\n                              ]\n                            },\n                            {\n                              \"mc\": \"<=174\"\n                            }\n                          ]\n                        },\n                        {\n                          \"and\": [\n                            {\n                              \"or\": [\n                                \"'\",\n                                \"u80YHOe\"\n                              ]\n                            }\n                          ]\n                        },\n                        {\n                          \"mc\": \">=145\"\n                        },\n                        \"kNW\"\n                      ]\n                    },\n                    {\n                      \"or\": [\n                        \"9.{n|{D5.f\",\n                        \"F\",\n                        \"\",\n                        \"OhYX\",\n                        {\n                          \"or\": [\n                            \"Wdw<x0{O'\",\n                            \"fm\\\"fgI\",\n                            \"rx8Ho4l#@.\"\n                          ]\n                        }\n                      ]\n                    }\n                  ]\n                },\n                \"~Wk\"\n              ]\n            },\n            \"}Yh(=g}\",\n            {\n              \"and\": [\n                {\n                  \"and\": [\n                    {\n                      \"mc\": \">=117\"\n                    }\n                  ]\n                },\n                {\n                  \"mc\": \">=115\"\n                }\n              ]\n            },\n            {\n              \"mc\": \"<=200\"\n            },\n            {\n              \"and\": [\n                {\n                  \"and\": [\n                    {\n                      \"or\": [\n                        \"4(eg{\",\n                        \"1Mr`>j<\\\\[$\",\n                        \"wJv\"\n                      ]\n                    },\n                    {\n                      \"and\": [\n                        \"(-SOnKemL\",\n                        {\n                          \"or\": [\n                            \"x&Q\",\n                            \"\",\n                            \"qpU9O=>z:\",\n                            \"3:CYiIZ\"\n                          ]\n                        },\n                        \"1+|\",\n                        {\n                          \"or\": [\n                            \"6\",\n                            \"V\",\n                            {\n                              \"or\": []\n                            }\n                          ]\n                        }\n                      ]\n                    },\n                    \":Vq\",\n                    {\n                      \"or\": [\n                        {\n                          \"mc\": \">=85\"\n                        }\n                      ]\n                    },\n                    {\n                      \"and\": [\n                        \"s#\\\\W@?Pj\",\n                        \"\\\"l\"\n                      ]\n                    }\n                  ]\n                }\n              ]\n            }\n          ],\n          \"url\": \"https://kto0vnch9dc2vtk070xi3kz-o1-22gb9f9wbyquw.sxnju/QyuSb\",\n          \"IKaj3\": {\n            \"ay\": 1986,\n            \"assign\": \"\",\n            \"match\": {\n              \"or\": [\n                \"LL225\"\n              ]\n            },\n            \"url\": \"https://el4y2o8xxkd.y1basg85a7bfil-3szh2lg1cs1o0ql7tzqfdouk82ziwydamgyh.bvkhrvf2owcb4a3m45ddzzb89e.6d0u7yazowrcvgrsyvwtfpzp-40pgpb4-8.oqxitydgnw/qv\",\n            \"info\": \"N~1`5Jjj\"\n          },\n          \"'P\\\"^!\": {\n            \"name\": \"?lg29(R\",\n            \"assign\": [\n              \"q0OgFo\",\n              \"\",\n              \"%r\",\n              \"jz1\",\n              \"\"\n            ],\n            \"match\": [],\n            \"satisfy\": [\n              {\n                \"mc\": \">=102\"\n              },\n              {\n                \"or\": [\n                  {\n                    \"or\": [\n                      \"9hR?%AXFo\",\n                      \">1\",\n                      \"2zG^:R!_~\",\n                      {\n                        \"or\": []\n                      },\n                      {\n                        \"mc\": \"<=20\"\n                      }\n                    ]\n                  },\n                  {\n                    \"and\": [\n                      {\n                        \"and\": [\n                          \"9;Hj\",\n                          {\n                            \"or\": []\n                          }\n                        ]\n                      }\n                    ]\n                  }\n                ]\n              }\n            ],\n            \"url\": \"http://8fa46dc8wej2e0bu4ukvt3c8a4r8mbfn3o.p22bi8wy3bwvu.hgxam/\",\n            \"Ec\": {\n              \"ay\": 2000,\n              \"satisfy\": [\n                {\n                  \"and\": [\n                    {\n                      \"or\": [\n                        \"3\"\n                      ]\n                    },\n                    {\n                      \"and\": [\n                        \"sG3C% W,M\",\n                        {\n                          \"mc\": \">=99\"\n                        },\n                        {\n                          \"or\": [\n                            {\n                              \"and\": [\n                                \"pa1MIuU}r\"\n                              ]\n                            },\n                            \"'Tvw@#pr6\"\n                          ]\n                        }\n                      ]\n                    },\n                    {\n                      \"and\": [\n                        \"JhYWfno=-F\",\n                        \" IpT##:v(X\"\n                      ]\n                    },\n                    {\n                      \"and\": [\n                        {\n                          \"or\": [\n                            \"Z\",\n                            \"Xlu'ifXn.\",\n                            {\n                              \"mc\": \"<=14\"\n                            },\n                            {\n                              \"or\": [\n                                \"u#s#B%pW\",\n                                {\n                                  \"mc\": \"<=33\"\n                                },\n                                {\n                                  \"or\": [\n                                    \"Hk\\\"\",\n                                    \"QI%s.nnFyS\",\n                                    \"<_Z2tZTQI\",\n                                    \"O}SK]\",\n                                    \"F\"\n                                  ]\n                                },\n                                \"4[:Q0\",\n                                \"&cdc3\"\n                              ]\n                            },\n                            {\n                              \"mc\": \">=125\"\n                            }\n                          ]\n                        },\n                        {\n                          \"mc\": \">=193\"\n                        },\n                        {\n                          \"and\": []\n                        },\n                        {\n                          \"mc\": \">=5\"\n                        }\n                      ]\n                    },\n                    {\n                      \"and\": [\n                        {\n                          \"mc\": \"<=10\"\n                        }\n                      ]\n                    }\n                  ]\n                },\n                {\n                  \"and\": [\n                    {\n                      \"and\": [\n                        {\n                          \"and\": []\n                        },\n                        {\n                          \"and\": [\n                            \".2^K\"\n                          ]\n                        },\n                        {\n                          \"mc\": \"<=182\"\n                        },\n                        {\n                          \"and\": [\n                            {\n                              \"mc\": \"<=104\"\n                            },\n                            \"sTgmfr,+d\"\n                          ]\n                        }\n                      ]\n                    },\n                    \"5S+M9ZQa;\"\n                  ]\n                },\n                {\n                  \"mc\": \"<=140\"\n                },\n                {\n                  \"mc\": \">=145\"\n                },\n                {\n                  \"and\": [\n                    {\n                      \"mc\": \"<=48\"\n                    },\n                    \"2d)\",\n                    {\n                      \"or\": [\n                        {\n                          \"or\": []\n                        },\n                        {\n                          \"mc\": \"<=154\"\n                        },\n                        {\n                          \"mc\": \">=14\"\n                        },\n                        \"1^dQ^&?9\"\n                      ]\n                    }\n                  ]\n                }\n              ],\n              \"url\": \"https://1edcii-whtqc-15xh3yngr91x50yed14-yvjsg8n4wb0r8ij4.rnzu/*V&xV/IR7/mwuA%F4%82%9E%BAd/ZE=t/O/Tb,z%F2%B0%A6%A1D+/kS6'3%F2%80%AB%B4W,-./A%F0%A1%9D%BC/fKDA_9N\",\n              \"info\": \"A#}O.Y\"\n            },\n            \"\\\\utz312\": {\n              \"name\": \"6(j:urJj|r\",\n              \"assign\": \"o\",\n              \"match\": \"RYV51\",\n              \"url\": \"http://9igvl6hmkl6pctqh5uop821o-v56pedwy8r8hwf.24vgzjffk-x7djpre8.4sdw39-1ub-bf-l3-cu105f9k6k1c.l.1hbzw4d0azxa7bqgrnq-wxke0-p9rgrzbo4qmw2zo0623makwz-5l.rmbg/xSX/%F3%B3%A2%9BAS%F1%9F%85%8EZ&zs\",\n              \"info\": \"nN\"\n            },\n            \"<Mh.y-L\": {\n              \"name\": \"#NC$6\",\n              \"ay\": 1961,\n              \"assign\": [\n                \"hi]B\",\n                \"1\"\n              ],\n              \"match\": [\n                {\n                  \"pattern\": \"AEH5\",\n                  \"exclude\": [\n                    \"XVB3I\",\n                    \"WWV6\"\n                  ],\n                  \"info\": \"94Wc6VWcK}\"\n                },\n                {\n                  \"or\": [\n                    \"QVL8342\",\n                    \"PIO3319\",\n                    {\n                      \"or\": [\n                        {\n                          \"pattern\": \"HEY71\",\n                          \"info\": \"L@My:D\"\n                        },\n                        {\n                          \"or\": [\n                            {\n                              \"or\": [\n                                {\n                                  \"and\": [\n                                    \"RAN10\",\n                                    \"WAN*9x9\"\n                                  ]\n                                }\n                              ]\n                            },\n                            {\n                              \"or\": [\n                                \"IN6*\",\n                                \"AMM2U\",\n                                \"UNU582S\",\n                                {\n                                  \"or\": [\n                                    \"ZK3x4\",\n                                    \"CX2\"\n                                  ]\n                                },\n                                {\n                                  \"or\": [\n                                    \"YXV63E\",\n                                    \"CML517G\",\n                                    \"IP471\",\n                                    {\n                                      \"pattern\": \"VHX1E\",\n                                      \"exclude\": [\n                                        \"RXZ23\",\n                                        \"BB01Y\",\n                                        \"PVK5\",\n                                        \"ELR580B\",\n                                        \"HNU9H\"\n                                      ],\n                                      \"info\": \"ij){\"\n                                    },\n                                    \"MX0*5S\"\n                                  ]\n                                }\n                              ]\n                            },\n                            \"VVZ8614\",\n                            {\n                              \"and\": [\n                                \"FP15R\",\n                                \"EX847\"\n                              ]\n                            }\n                          ]\n                        },\n                        \"HDx09\",\n                        \"YB43R\"\n                      ]\n                    },\n                    \"GB82\"\n                  ]\n                },\n                {\n                  \"and\": [\n                    {\n                      \"or\": [\n                        {\n                          \"or\": [\n                            \"YMJ70Q\",\n                            \"ZPY661I\",\n                            {\n                              \"pattern\": \"CAR210H\",\n                              \"exclude\": [\n                                \"QQ423J\",\n                                \"VVJ74B\",\n                                \"ZX7\",\n                                \"LH3xU\",\n                                \"JZO359x\"\n                              ],\n                              \"info\": \"\"\n                            },\n                            \"UDO6I\"\n                          ]\n                        },\n                        \"BZ3\",\n                        \"RU7319C\",\n                        {\n                          \"or\": [\n                            {\n                              \"pattern\": \"WF8600Z\",\n                              \"exclude\": \"MVA6xx\",\n                              \"info\": \";Z\"\n                            }\n                          ]\n                        },\n                        \"QX4Q\"\n                      ]\n                    },\n                    {\n                      \"and\": [\n                        \"BGH6x03\",\n                        \"BVV1925\",\n                        {\n                          \"and\": [\n                            \"MEA12\",\n                            {\n                              \"and\": [\n                                \"TBDx51U\"\n                              ]\n                            },\n                            \"UE7xO\",\n                            \"SNX76\",\n                            {\n                              \"and\": [\n                                {\n                                  \"and\": [\n                                    \"IF482L\",\n                                    \"HXH0\"\n                                  ]\n                                },\n                                {\n                                  \"or\": [\n                                    \"CH*1\",\n                                    \"GRL18xW\",\n                                    \"LHC9*4\",\n                                    \"UF5259\"\n                                  ]\n                                },\n                                \"CFV1\"\n                              ]\n                            }\n                          ]\n                        },\n                        \"OX268C\",\n                        \"UW0O\"\n                      ]\n                    },\n                    {\n                      \"and\": [\n                        \"KGx5x\",\n                        {\n                          \"and\": [\n                            \"VDJ5E\",\n                            \"EM87*L\",\n                            \"JBxx3\",\n                            \"BX0\",\n                            \"ONV27\"\n                          ]\n                        },\n                        {\n                          \"pattern\": \"DX430P\",\n                          \"exclude\": [\n                            \"UBx*43\",\n                            \"ZCF*51C\",\n                            \"NDI16xZ\",\n                            \"KBx541\"\n                          ],\n                          \"info\": \"HtAQs$;\"\n                        }\n                      ]\n                    },\n                    {\n                      \"or\": [\n                        {\n                          \"and\": [\n                            {\n                              \"pattern\": \"HQZ7\",\n                              \"exclude\": [\n                                \"FW744\"\n                              ],\n                              \"info\": \"?kVbB[cR\"\n                            },\n                            \"FY99xT\",\n                            \"FR5Z\",\n                            \"SZ7x1\"\n                          ]\n                        },\n                        \"AME545\",\n                        \"AKS52*3R\",\n                        {\n                          \"pattern\": \"OZ13xQ\",\n                          \"exclude\": \"WP4\",\n                          \"info\": \"7o1Jy@ X3\"\n                        }\n                      ]\n                    },\n                    {\n                      \"or\": [\n                        \"NX*F\"\n                      ]\n                    }\n                  ]\n                },\n                \"JUI900\"\n              ],\n              \"url\": \"https://23p153iq3gtqh8jlk5c3coyn-7k6zh.c7vio1e673vzu65cak7bxf4v.7wbd8o04lb72k7ej4r08xa71cmij120skb-efn542-zsis4.ytoklfjo/d=8$B5B-/fF%F2%A1%A4%BCLrl,/%F1%BF%85%AFIHzJmsx\",\n              \"info\": \"\"\n            },\n            \"(+QV/\": {\n              \"name\": \"K:W-hrk2I\",\n              \"assign\": [\n                \"28XD3\",\n                \"awe z\",\n                \"V?X-\"\n              ],\n              \"match\": [\n                {\n                  \"or\": [\n                    {\n                      \"and\": [\n                        {\n                          \"or\": [\n                            \"SZ543xX\"\n                          ]\n                        },\n                        \"ZZH0662P\",\n                        {\n                          \"pattern\": \"HY03W\",\n                          \"exclude\": \"EAB787\",\n                          \"info\": \"\"\n                        },\n                        \"QKP7\"\n                      ]\n                    }\n                  ]\n                },\n                {\n                  \"or\": [\n                    {\n                      \"and\": [\n                        \"LHY7853R\",\n                        {\n                          \"and\": [\n                            \"OYM22\",\n                            \"QRx3P\",\n                            \"THG1I\",\n                            {\n                              \"and\": [\n                                \"XGx58S\"\n                              ]\n                            },\n                            \"RFZ8030O\"\n                          ]\n                        },\n                        \"QW9596F\",\n                        {\n                          \"pattern\": \"RZF79\",\n                          \"exclude\": [\n                            \"ERH2364\",\n                            \"CWH83*T\",\n                            \"RSD29\"\n                          ],\n                          \"info\": \"4:3;fA@]]\"\n                        }\n                      ]\n                    }\n                  ]\n                },\n                {\n                  \"or\": []\n                },\n                \"VPE57O\"\n              ],\n              \"satisfy\": {\n                \"or\": [\n                  {\n                    \"mc\": \"<=90\"\n                  }\n                ]\n              },\n              \"url\": \"http://4f4n03uvyxm4n61aqk77s3kowrq.2o0wg0145v10npkmz1no33ppmnoszgi.qumztxbrso/a)5Qp/=~HkB;/_SE!2%EC%A8%95T+/%F2%A6%9F%B1Q%F1%89%9B%8APq/W/:B9U/b)VE!hU/66N/*u\"\n            },\n            \"?g\": {\n              \"name\": \"\",\n              \"ay\": 2004,\n              \"match\": {\n                \"or\": [\n                  \"UTK2774\",\n                  {\n                    \"or\": []\n                  }\n                ]\n              },\n              \"satisfy\": \"/e\",\n              \"url\": \"http://5.2bd9gg4qyzpi3us27d04kqcqba9kr-4p898qj1td1u23y26tj19asee69.nn91bs.swkvk/%F2%9E%99%AD9pnH(T\",\n              \"info\": \":*UUe^MiNw\"\n            }\n          },\n          \"'W\": {\n            \"name\": \"mA7~Q\",\n            \"ay\": 1975,\n            \"assign\": \"DiU\",\n            \"match\": [],\n            \"satisfy\": [\n              \";h>vH_\",\n              {\n                \"mc\": \">=30\"\n              },\n              {\n                \"or\": [\n                  \"g49\\\"Buni\",\n                  {\n                    \"and\": []\n                  },\n                  {\n                    \"and\": [\n                      {\n                        \"and\": [\n                          {\n                            \"mc\": \">=128\"\n                          },\n                          \"l]-}^B SI\",\n                          {\n                            \"mc\": \">=110\"\n                          },\n                          \"0$\",\n                          {\n                            \"mc\": \"<=116\"\n                          }\n                        ]\n                      }\n                    ]\n                  },\n                  {\n                    \"or\": [\n                      \"8pU5;\"\n                    ]\n                  },\n                  {\n                    \"or\": []\n                  }\n                ]\n              },\n              {\n                \"or\": [\n                  \"JQ-;f|+|\",\n                  {\n                    \"or\": [\n                      {\n                        \"or\": [\n                          \"\",\n                          \"V+\"\n                        ]\n                      },\n                      {\n                        \"or\": [\n                          {\n                            \"or\": [\n                              \"z#V?]\",\n                              \"\",\n                              \"l2:-gb/Rv\",\n                              {\n                                \"mc\": \"<=143\"\n                              },\n                              \"Vdw\"\n                            ]\n                          }\n                        ]\n                      }\n                    ]\n                  },\n                  {\n                    \"mc\": \">=41\"\n                  },\n                  {\n                    \"and\": []\n                  },\n                  {\n                    \"or\": [\n                      \"Bx+v5}rz\",\n                      {\n                        \"or\": [\n                          \"\\\"6qNBURC^\",\n                          \"z<GN*O-\",\n                          \"y|47PHN*.{\",\n                          {\n                            \"and\": []\n                          }\n                        ]\n                      },\n                      {\n                        \"or\": [\n                          \"id' i)R+\",\n                          \"\",\n                          \"\",\n                          {\n                            \"mc\": \">=15\"\n                          }\n                        ]\n                      }\n                    ]\n                  }\n                ]\n              }\n            ],\n            \"url\": \"https://d.favroxpw/tPdtI/b!@3cJ_/dY+a/iq%F0%A0%84%ABy42_%F1%BE%AA%8A80/4/Y@/M%F0%AA%9B%80Z./nJ%F3%A6%81%9En_mAx/\",\n            \"info\": \"*_T=dF6xsM\"\n          }\n        },\n        \"q?BVaBI\": {\n          \"name\": \"]\",\n          \"ay\": 1953,\n          \"assign\": [\n            \"9\",\n            \"\\\\~g\\\"Yfg|'\"\n          ],\n          \"match\": {\n            \"and\": [\n              {\n                \"pattern\": \"HOB8F\",\n                \"exclude\": \"NS3Q\",\n                \"info\": \"}\"\n              },\n              \"JEK9799\"\n            ]\n          },\n          \"satisfy\": {\n            \"and\": [\n              {\n                \"mc\": \">=86\"\n              },\n              {\n                \"and\": []\n              }\n            ]\n          },\n          \"url\": \"http://ejadsv.wdlyvbny/~/kRJE/4UXz@'H%F3%B3%89%95z/GM:q$4/q/Uxj64/DW%F2%86%A7%AA75A\",\n          \"info\": \"Q?O\\\\iYlVb\"\n        },\n        \"a?aj}P1>\": {\n          \"name\": \"'fq}\",\n          \"ay\": 2010,\n          \"assign\": [\n            \"3)M\",\n            \"3RmDH-OK\"\n          ],\n          \"match\": \"YILx16I\",\n          \"satisfy\": {\n            \"and\": [\n              {\n                \"mc\": \">=96\"\n              },\n              \"7\",\n              {\n                \"or\": [\n                  {\n                    \"mc\": \">=190\"\n                  },\n                  \"COGUY\\\\@9?\",\n                  \"B G]W^m!;a\"\n                ]\n              },\n              \"ic5!I5\"\n            ]\n          }\n        }\n      },\n      \"4o<5JEn.%q\": {\n        \"name\": \"[dF/.\\\\Fr2^\",\n        \"ay\": 1982,\n        \"assign\": [\n          \"EdNs~Rc\"\n        ],\n        \"url\": \"http://seb2ylaxraqet49ng584.l.4.nnyiafabr/wJU=P/XM%F2%BE%82%B2/P9c8/w%F3%93%99%88x/W/v_J*~7.%F3%B9%BE%97YA/mE7o%F2%BE%A5%BA//ctN6MqnH\",\n        \"info\": \"k'-A$^x`C.\"\n      }\n    }\n  },\n  {\n    \"title\": \"block sample 8\",\n    \"value\": {\n      \"name\": \"}%\",\n      \"ay\": 2026,\n      \"assign\": \"\",\n      \"match\": [\n        \"VU10\",\n        \"NS43I\"\n      ],\n      \"satisfy\": {\n        \"mc\": \"<=154\"\n      },\n      \"info\": \"!W@\\\\9Cl=m!\",\n      \"KN\": {\n        \"name\": \"v}&[</(lX\",\n        \"ay\": 1988,\n        \"assign\": \"E=~Sr'}jq\",\n        \"match\": [\n          \"KEY61*\",\n          {\n            \"or\": [\n              {\n                \"and\": [\n                  {\n                    \"or\": [\n                      \"YIE*961\",\n                      {\n                        \"pattern\": \"XVxX\"\n                      },\n                      \"VHJ43Y\",\n                      \"RA7315C\"\n                    ]\n                  },\n                  \"PY72L\"\n                ]\n              },\n              \"UW7\",\n              \"MB9J\"\n            ]\n          },\n          {\n            \"pattern\": \"II0*1D\",\n            \"exclude\": [\n              \"EVX8666C\",\n              \"GW73A\"\n            ],\n            \"info\": \"o|z-%\"\n          },\n          {\n            \"and\": [\n              {\n                \"and\": [\n                  \"GAC533\",\n                  \"VPS8*4\"\n                ]\n              },\n              \"MF241*\"\n            ]\n          }\n        ],\n        \"satisfy\": [],\n        \"url\": \"http://p-jfe41yid1w9-9pfnzvq8ns5mf4romz-rdvtht8r-6pgua2cjzcnsdr08.stbyhfbr.x9069tx6r-9vxrn1v2934-i9epkxtga6yijc1mim0csrpx3bf2jh.u8sp5uu3xfg8hrnmi0jb2t7yaw-w5zwjmujbnco3tetd15x3jfzg.oykvehihn\",\n        \"info\": \"#\"\n      },\n      \"++WR5@\": {\n        \"assign\": \"E\\\"0Xx{\",\n        \"match\": [\n          {\n            \"pattern\": \"LMM*15S\",\n            \"info\": \"Z\"\n          }\n        ],\n        \"satisfy\": [\n          {\n            \"and\": [\n              {\n                \"or\": [\n                  \"KM#7-\"\n                ]\n              }\n            ]\n          },\n          {\n            \"mc\": \">=176\"\n          }\n        ],\n        \"url\": \"https://vje-22itt585dx-t7hueeg9-dm9qq.z79je6gvvf0wmxcx.y-1xrnjpiwnmau5rh.6a1geukyf63rountkqils.rmbnz//p'srL%F3%A7%8D%8F'A/yk%F1%91%AF%85d/r:9\",\n        \"info\": \"A^ +\"\n      }\n    }\n  },\n  {\n    \"title\": \"block sample 9\",\n    \"value\": {\n      \"name\": \"v`%\",\n      \"ay\": 1951,\n      \"assign\": \"`xi\\\\VlQ2f\",\n      \"match\": [\n        {\n          \"or\": [\n            \"PX036N\",\n            {\n              \"or\": [\n                \"PEC*79\",\n                \"YOM3506S\",\n                {\n                  \"or\": []\n                },\n                \"TS254\"\n              ]\n            },\n            {\n              \"and\": [\n                \"HQ1138L\",\n                \"MP865X\",\n                {\n                  \"pattern\": \"DK12\",\n                  \"exclude\": \"FQO5*\",\n                  \"info\": \"^)0\"\n                },\n                \"TJJ42x\"\n              ]\n            }\n          ]\n        },\n        {\n          \"pattern\": \"BF*T\",\n          \"exclude\": []\n        }\n      ],\n      \"satisfy\": {\n        \"mc\": \">=139\"\n      },\n      \"url\": \"https://x.fwc02brl2qoksj2bcsvqs-xlc-kcx2p360r.xa/LJV$/u/vCSU1.JC.\",\n      \"info\": \"7\\\"^#aOvx=a\"\n    }\n  }\n]",
              "code": "fast_check_1.sample(index_test_2.block, 10).forEach((sample, i) => addContext_1.default(this, {\n    title: `block sample ${i}`,\n    value: sample,\n}));\nreturn fast_check_1.assert(fast_check_1.property(index_test_2.block, ajvValidate));",
              "err": {},
              "uuid": "479a512a-94d8-436f-8d53-2c8cb7ea2df3",
              "parentUUID": "ddc6a6f5-b133-402d-8628-d3251bbd9861",
              "isHook": false,
              "skipped": false
            },
            {
              "title": "should not validate non-object",
              "fullTitle": "blockSchema should not validate non-object",
              "timedOut": false,
              "duration": 1,
              "state": "passed",
              "speed": "fast",
              "pass": true,
              "fail": false,
              "pending": false,
              "context": null,
              "code": "const error = {\n    instancePath: \"\",\n    message: \"block should be an object\",\n};\nisInvalidBlock(null, error);\nisInvalidBlock(undefined, error);\nisInvalidBlock(10, error);\nisInvalidBlock([12, 24], error);\nisInvalidBlock(\"abc\", error);",
              "err": {},
              "uuid": "045d1c09-90c8-4972-a685-cc76eb071415",
              "parentUUID": "ddc6a6f5-b133-402d-8628-d3251bbd9861",
              "isHook": false,
              "skipped": false
            },
            {
              "title": "should not validate block with invalid properties",
              "fullTitle": "blockSchema should not validate block with invalid properties",
              "timedOut": false,
              "duration": 0,
              "state": "passed",
              "speed": "fast",
              "pass": true,
              "fail": false,
              "pending": false,
              "context": null,
              "code": "isInvalidBlock({\n        name: { foo: \"bar\" },\n        ay: -1000,\n        assign: {},\n        match: 1,\n        satisfy: 2,\n        url: { abc: \"def\" },\n        info: 42,\n    }, { instancePath: \"/name\", message: \"property 'name' should be a string\" }, {\n        instancePath: \"/ay\",\n        message: \"property 'ay' should be a positive integer\",\n    }, {\n        instancePath: \"/assign\",\n        message: \"property 'assign' should be either a block ID or an array of block IDs\",\n    }, {\n        instancePath: \"/match\",\n        message: \"property 'match' should be either a match rule or an array of match rules\",\n    }, {\n        instancePath: \"/satisfy\",\n        message: \"property 'satisfy' should be either a satisfy rule or an array of satisfy rules\",\n    }, { instancePath: \"/url\", message: \"property 'url' should be a string\" }, { instancePath: \"/info\", message: \"property 'info' should be a string\" })",
              "err": {},
              "uuid": "013e0adf-4ce3-436e-a256-58a652a1aadc",
              "parentUUID": "ddc6a6f5-b133-402d-8628-d3251bbd9861",
              "isHook": false,
              "skipped": false
            }
          ],
          "suites": [],
          "passes": [
            "479a512a-94d8-436f-8d53-2c8cb7ea2df3",
            "045d1c09-90c8-4972-a685-cc76eb071415",
            "013e0adf-4ce3-436e-a256-58a652a1aadc"
          ],
          "failures": [],
          "pending": [],
          "skipped": [],
          "duration": 150,
          "root": false,
          "rootEmpty": false,
          "_timeout": 2000
        },
        {
          "uuid": "28d124ef-61db-49ab-b07f-6df1d899203a",
          "title": "patternSchema",
          "fullFile": "/home/runner/work/planwithus-lib/planwithus-lib/src/matchRule/pattern/schemas.test.ts",
          "file": "/src/matchRule/pattern/schemas.test.ts",
          "beforeHooks": [],
          "afterHooks": [],
          "tests": [
            {
              "title": "should validate non-empty pattern composed of A-Z, 0-9, x or *",
              "fullTitle": "patternSchema should validate non-empty pattern composed of A-Z, 0-9, x or *",
              "timedOut": false,
              "duration": 1,
              "state": "passed",
              "speed": "fast",
              "pass": true,
              "fail": false,
              "pending": false,
              "context": "[\n  {\n    \"title\": \"pattern sample 0\",\n    \"value\": \"YCC8528\"\n  },\n  {\n    \"title\": \"pattern sample 1\",\n    \"value\": \"EM99T\"\n  },\n  {\n    \"title\": \"pattern sample 2\",\n    \"value\": \"CA27Y\"\n  },\n  {\n    \"title\": \"pattern sample 3\",\n    \"value\": \"CF6xK\"\n  },\n  {\n    \"title\": \"pattern sample 4\",\n    \"value\": \"JHxx\"\n  },\n  {\n    \"title\": \"pattern sample 5\",\n    \"value\": \"HUT522x\"\n  },\n  {\n    \"title\": \"pattern sample 6\",\n    \"value\": \"SI1\"\n  },\n  {\n    \"title\": \"pattern sample 7\",\n    \"value\": \"EQ91E\"\n  },\n  {\n    \"title\": \"pattern sample 8\",\n    \"value\": \"MT05\"\n  },\n  {\n    \"title\": \"pattern sample 9\",\n    \"value\": \"ETB16I\"\n  }\n]",
              "code": "fast_check_1.sample(index_test_2.pattern, 10).forEach((sample, i) => addContext_1.default(this, {\n    title: `pattern sample ${i}`,\n    value: sample,\n}));\nreturn fast_check_1.assert(fast_check_1.property(index_test_2.pattern, ajvValidate), {\n    examples: [[\"*\"], [\"ACC1002\"], [\"IS1103\"], [\"CS1231S\"], [\"MA1102R\"]],\n});",
              "err": {},
              "uuid": "32208010-0e04-4c74-b726-764c19a8f889",
              "parentUUID": "28d124ef-61db-49ab-b07f-6df1d899203a",
              "isHook": false,
              "skipped": false
            },
            {
              "title": "should not validate empty pattern",
              "fullTitle": "patternSchema should not validate empty pattern",
              "timedOut": false,
              "duration": 1,
              "state": "passed",
              "speed": "fast",
              "pass": true,
              "fail": false,
              "pending": false,
              "context": null,
              "code": "isInvalidPattern(\"\")",
              "err": {},
              "uuid": "3514f375-9742-4e21-bcf3-d3a84dd79c2d",
              "parentUUID": "28d124ef-61db-49ab-b07f-6df1d899203a",
              "isHook": false,
              "skipped": false
            },
            {
              "title": "should not validate pattern with invalid characters",
              "fullTitle": "patternSchema should not validate pattern with invalid characters",
              "timedOut": false,
              "duration": 1,
              "state": "passed",
              "speed": "fast",
              "pass": true,
              "fail": false,
              "pending": false,
              "context": null,
              "code": "[\"AB123a\", \"Ac123a\", \"AB123^S\", \"AB1*3^S\", \"$A1*3^S\", \"/A1x33S\"].forEach(isInvalidPattern)",
              "err": {},
              "uuid": "c5e4101e-71b3-4775-b73a-b8196c50e101",
              "parentUUID": "28d124ef-61db-49ab-b07f-6df1d899203a",
              "isHook": false,
              "skipped": false
            }
          ],
          "suites": [],
          "passes": [
            "32208010-0e04-4c74-b726-764c19a8f889",
            "3514f375-9742-4e21-bcf3-d3a84dd79c2d",
            "c5e4101e-71b3-4775-b73a-b8196c50e101"
          ],
          "failures": [],
          "pending": [],
          "skipped": [],
          "duration": 3,
          "root": false,
          "rootEmpty": false,
          "_timeout": 2000
        },
        {
          "uuid": "d8a40b5b-5694-429c-8702-b8d7a85a52e8",
          "title": "matchRuleSchema",
          "fullFile": "/home/runner/work/planwithus-lib/planwithus-lib/src/matchRule/schemas.test.ts",
          "file": "/src/matchRule/schemas.test.ts",
          "beforeHooks": [],
          "afterHooks": [],
          "tests": [
            {
              "title": "should validate match rule with valid pattern",
              "fullTitle": "matchRuleSchema should validate match rule with valid pattern",
              "timedOut": false,
              "duration": 1,
              "state": "passed",
              "speed": "fast",
              "pass": true,
              "fail": false,
              "pending": false,
              "context": "[\n  {\n    \"title\": \"pattern sample 0\",\n    \"value\": \"PF462\"\n  },\n  {\n    \"title\": \"pattern sample 1\",\n    \"value\": \"KO375\"\n  },\n  {\n    \"title\": \"pattern sample 2\",\n    \"value\": \"QP4\"\n  },\n  {\n    \"title\": \"pattern sample 3\",\n    \"value\": \"BDI84x7\"\n  },\n  {\n    \"title\": \"pattern sample 4\",\n    \"value\": \"SUZ2501E\"\n  },\n  {\n    \"title\": \"pattern sample 5\",\n    \"value\": \"VAZ3O\"\n  },\n  {\n    \"title\": \"pattern sample 6\",\n    \"value\": \"JQ09Z\"\n  },\n  {\n    \"title\": \"pattern sample 7\",\n    \"value\": \"YLD7x\"\n  },\n  {\n    \"title\": \"pattern sample 8\",\n    \"value\": \"AT631\"\n  },\n  {\n    \"title\": \"pattern sample 9\",\n    \"value\": \"SHN380\"\n  }\n]",
              "code": "fast_check_1.sample(index_test_3.pattern, 10).forEach((sample, i) => addContext_1.default(this, {\n    title: `pattern sample ${i}`,\n    value: sample,\n}));\nreturn fast_check_1.assert(fast_check_1.property(index_test_3.pattern, ajvValidate));",
              "err": {},
              "uuid": "74d019aa-3d63-4a34-82cd-3cc878c7ddf5",
              "parentUUID": "d8a40b5b-5694-429c-8702-b8d7a85a52e8",
              "isHook": false,
              "skipped": false
            },
            {
[...]
              "err": {},
              "uuid": "22726e86-d255-4385-8363-c7e3da2e242a",
              "parentUUID": "d8a40b5b-5694-429c-8702-b8d7a85a52e8",
              "isHook": false,
              "skipped": false
            },
            {
              "title": "should not validate or match rules with non-array property",
              "fullTitle": "matchRuleSchema should not validate or match rules with non-array property",
              "timedOut": false,
              "duration": 0,
              "state": "passed",
              "speed": "fast",
              "pass": true,
              "fail": false,
              "pending": false,
              "context": null,
              "code": "const message = \"property 'or' should be an array of match rules\";\nisInvalidRule({ or: [{ or: {} }, { and: [{ or: 3 }] }] }, { instancePath: \"/or/0/or\", message }, { instancePath: \"/or/1/and/0/or\", message });",
              "err": {},
              "uuid": "94f733a1-0dd0-4453-93ee-7e3af3edc064",
              "parentUUID": "d8a40b5b-5694-429c-8702-b8d7a85a52e8",
              "isHook": false,
              "skipped": false
            }
          ],
          "suites": [],
          "passes": [
            "74d019aa-3d63-4a34-82cd-3cc878c7ddf5",
            "a121dc33-feb7-4d93-88f0-159d2a68ebdf",
            "1ecff54a-9ed9-42c8-995e-2f953c341752",
            "851f5c76-0b7c-4e7a-b6d0-b221e0fd298f",
            "21c2be67-3dc8-478c-a613-4a16b8999c6c",
            "eaf82de6-d12c-4ec3-b4fc-6f27798644b2",
            "f4e1906f-f844-4cce-986d-f8de9daa7093",
            "8dea1532-7807-405a-be31-c1fd426b96e2",
            "768da5a8-a6ec-4ec1-a27a-491ddc86dba0",
            "22726e86-d255-4385-8363-c7e3da2e242a",
            "94f733a1-0dd0-4453-93ee-7e3af3edc064"
          ],
          "failures": [],
          "pending": [],
          "skipped": [],
          "duration": 10,
          "root": false,
          "rootEmpty": false,
          "_timeout": 2000
        },
        {
          "uuid": "7e3f5436-efeb-4727-afa7-001a4c8c1cad",
          "title": "inequalitySchema",
          "fullFile": "/home/runner/work/planwithus-lib/planwithus-lib/src/satisfyRule/inequality/schemas.test.ts",
          "file": "/src/satisfyRule/inequality/schemas.test.ts",
          "beforeHooks": [],
          "afterHooks": [],
          "tests": [
            {
              "title": "should validate inequality in the form <=n or >=n",
              "fullTitle": "inequalitySchema should validate inequality in the form <=n or >=n",
              "timedOut": false,
              "duration": 1,
              "state": "passed",
              "speed": "fast",
              "pass": true,
              "fail": false,
              "pending": false,
              "context": "[\n  {\n    \"title\": \"inequality sample 0\",\n    \"value\": \">=4\"\n  },\n  {\n    \"title\": \"inequality sample 1\",\n    \"value\": \">=149\"\n  },\n  {\n    \"title\": \"inequality sample 2\",\n    \"value\": \">=19\"\n  },\n  {\n    \"title\": \"inequality sample 3\",\n    \"value\": \">=115\"\n  },\n  {\n    \"title\": \"inequality sample 4\",\n    \"value\": \"<=197\"\n  },\n  {\n    \"title\": \"inequality sample 5\",\n    \"value\": \">=2\"\n  },\n  {\n    \"title\": \"inequality sample 6\",\n    \"value\": \"<=198\"\n  },\n  {\n    \"title\": \"inequality sample 7\",\n    \"value\": \"<=165\"\n  },\n  {\n    \"title\": \"inequality sample 8\",\n    \"value\": \">=193\"\n  },\n  {\n    \"title\": \"inequality sample 9\",\n    \"value\": \">=95\"\n  }\n]",
              "code": "fast_check_1.sample(index_test_2.inequality, 10).forEach((sample, i) => addContext_1.default(this, {\n    title: `inequality sample ${i}`,\n    value: sample,\n}));\nreturn fast_check_1.assert(fast_check_1.property(index_test_2.inequality, ajvValidate));",
              "err": {},
              "uuid": "6a1aa8f4-ec74-43d4-884f-83f0b8da24c7",
              "parentUUID": "7e3f5436-efeb-4727-afa7-001a4c8c1cad",
              "isHook": false,
              "skipped": false
            },
            {
              "title": "should not validate inequality of invalid form",
              "fullTitle": "inequalitySchema should not validate inequality of invalid form",
              "timedOut": false,
              "duration": 1,
              "state": "passed",
              "speed": "fast",
              "pass": true,
              "fail": false,
              "pending": false,
              "context": null,
              "code": "[\n        \"\",\n        \"==23\",\n        \"23\",\n        \"<23\",\n        \">23\",\n        \"<=-1\",\n        \">=-1\",\n        \"<= 2\",\n        \">= 1\",\n        \"> 3\",\n        \"< 3\",\n        \"<=3a\",\n        \">=3a\",\n        \"a<=3\",\n        \"a>=3\",\n    ].forEach(isInvalidInequality)",
              "err": {},
              "uuid": "9b05474d-52ce-4194-a6c7-45c8f9153771",
              "parentUUID": "7e3f5436-efeb-4727-afa7-001a4c8c1cad",
              "isHook": false,
              "skipped": false
            }
          ],
          "suites": [],
          "passes": [
            "6a1aa8f4-ec74-43d4-884f-83f0b8da24c7",
            "9b05474d-52ce-4194-a6c7-45c8f9153771"
          ],
          "failures": [],
          "pending": [],
          "skipped": [],
          "duration": 2,
          "root": false,
          "rootEmpty": false,
          "_timeout": 2000
        },
        {
          "uuid": "7e59c455-9445-4a3a-b50c-c261d7cb6e86",
          "title": "satisfyRuleSchema",
          "fullFile": "/home/runner/work/planwithus-lib/planwithus-lib/src/satisfyRule/schemas.test.ts",
          "file": "/src/satisfyRule/schemas.test.ts",
          "beforeHooks": [],
          "afterHooks": [],
          "tests": [
            {
              "title": "should validate satisfy rule with valid block id",
              "fullTitle": "satisfyRuleSchema should validate satisfy rule with valid block id",
              "timedOut": false,
              "duration": 1,
              "state": "passed",
              "speed": "fast",
              "pass": true,
              "fail": false,
              "pending": false,
              "context": null,
              "code": "fast_check_1.assert(fast_check_1.property(fast_check_1.string(), ajvValidate)",
              "err": {},
              "uuid": "64a44b30-4e87-41c7-a0b9-5145bfa8803b",
              "parentUUID": "7e59c455-9445-4a3a-b50c-c261d7cb6e86",
              "isHook": false,
              "skipped": false
            },
            {
              "title": "should validate satisfy rules with valid mc",
              "fullTitle": "satisfyRuleSchema should validate satisfy rules with valid mc",
              "timedOut": false,
              "duration": 2,
              "state": "passed",
              "speed": "fast",
              "pass": true,
              "fail": false,
              "pending": false,
              "context": "[\n  {\n    \"title\": \"mcSatisfyRule sample 0\",\n    \"value\": {\n      \"mc\": \"<=77\"\n    }\n  },\n  {\n    \"title\": \"mcSatisfyRule sample 1\",\n    \"value\": {\n      \"mc\": \">=155\"\n    }\n  },\n  {\n    \"title\": \"mcSatisfyRule sample 2\",\n    \"value\": {\n      \"mc\": \"<=6\"\n    }\n  },\n  {\n    \"title\": \"mcSatisfyRule sample 3\",\n    \"value\": {\n      \"mc\": \"<=1\"\n    }\n  },\n  {\n    \"title\": \"mcSatisfyRule sample 4\",\n    \"value\": {\n      \"mc\": \"<=160\"\n    }\n  },\n  {\n    \"title\": \"mcSatisfyRule sample 5\",\n    \"value\": {\n      \"mc\": \">=178\"\n    }\n  },\n  {\n    \"title\": \"mcSatisfyRule sample 6\",\n    \"value\": {\n      \"mc\": \">=5\"\n    }\n  },\n  {\n    \"title\": \"mcSatisfyRule sample 7\",\n    \"value\": {\n      \"mc\": \"<=27\"\n    }\n  },\n  {\n    \"title\": \"mcSatisfyRule sample 8\",\n    \"value\": {\n      \"mc\": \">=100\"\n    }\n  },\n  {\n    \"title\": \"mcSatisfyRule sample 9\",\n    \"value\": {\n      \"mc\": \"<=115\"\n    }\n  }\n]",
              "code": "fast_check_1.sample(index_test_2.mcSatisfyRule, 10).forEach((sample, i) => addContext_1.default(this, {\n    title: `mcSatisfyRule sample ${i}`,\n    value: sample,\n}));\nreturn fast_check_1.assert(fast_check_1.property(index_test_2.mcSatisfyRule, ajvValidate));",
              "err": {},
              "uuid": "2501069f-6196-400d-84fc-bcf6e1dd9702",
              "parentUUID": "7e59c455-9445-4a3a-b50c-c261d7cb6e86",
              "isHook": false,
              "skipped": false
            },
            {
              "title": "should validate valid recursive satisfy rules",
              "fullTitle": "satisfyRuleSchema should validate valid recursive satisfy rules",
              "timedOut": false,
              "duration": 4,
              "state": "passed",
              "speed": "fast",
              "pass": true,
              "fail": false,
              "pending": false,
              "context": "[\n  {\n    \"title\": \"satisfyRule sample 0\",\n    \"value\": {\n      \"and\": [\n        {\n          \"and\": [\n            \"`f'\",\n            \"t27.M[f\",\n            \"Z6.^,s8=j\",\n            {\n              \"mc\": \"<=66\"\n            }\n          ]\n        },\n        {\n          \"mc\": \"<=89\"\n        },\n        {\n          \"or\": []\n        },\n        \"\"\n      ]\n    }\n  },\n  {\n    \"title\": \"satisfyRule sample 1\",\n    \"value\": {\n      \"or\": [\n        \"( \",\n        \"!\\\\\"\n      ]\n    }\n  },\n  {\n    \"title\": \"satisfyRule sample 2\",\n    \"value\": {\n      \"and\": []\n    }\n  },\n  {\n    \"title\": \"satisfyRule sample 3\",\n    \"value\": \"Vd\"\n  },\n  {\n    \"title\": \"satisfyRule sample 4\",\n    \"value\": {\n      \"or\": [\n        {\n          \"mc\": \">=97\"\n        }\n      ]\n    }\n  },\n  {\n    \"title\": \"satisfyRule sample 5\",\n    \"value\": {\n      \"or\": [\n        {\n          \"or\": [\n            \"r?O`<!`5\",\n            \"\",\n            {\n              \"or\": [\n                \"pd|\",\n                \"\"\n              ]\n            },\n            {\n              \"or\": [\n                \"kEy=:\",\n                \"GE)h4E~#\",\n                \"kY`ftL[RV\"\n              ]\n            },\n            \"}^_\"\n          ]\n        },\n        {\n          \"or\": [\n            \"s<|ex}8n=j\"\n          ]\n        },\n        {\n          \"or\": [\n            \"[\",\n            {\n              \"mc\": \">=89\"\n            },\n            {\n              \"or\": [\n                \"$g<N}8.B\",\n                {\n                  \"and\": [\n                    \"%\",\n                    \"VJKK:-\"\n                  ]\n                },\n                \"IX_#e<TJh6\",\n                {\n                  \"or\": [\n                    \"%l!WGyIQE\",\n                    \"f@qm>ml:H\",\n                    \"w**xOJB6|b\"\n                  ]\n                }\n              ]\n            }\n          ]\n        },\n        {\n          \"mc\": \"<=98\"\n        },\n        \";_$BV\"\n      ]\n    }\n  },\n  {\n    \"title\": \"satisfyRule sample 6\",\n    \"value\": \"v(C\"\n  },\n  {\n    \"title\": \"satisfyRule sample 7\",\n    \"value\": {\n      \"and\": []\n    }\n  },\n  {\n    \"title\": \"satisfyRule sample 8\",\n    \"value\": {\n      \"and\": [\n        {\n          \"and\": [\n            \"FbV&oJHG+3\",\n            \"-\",\n            {\n              \"and\": [\n                \"b1$\\\"BlI\",\n                \"%Q>QkR\",\n                {\n                  \"or\": []\n                },\n                \"tb\"\n              ]\n            },\n            \" \",\n            {\n              \"or\": [\n                \"{6\"\n              ]\n            }\n          ]\n        },\n        {\n          \"and\": []\n        },\n        {\n          \"and\": [\n            \"ceW,$VR?\",\n            {\n              \"mc\": \"<=112\"\n            },\n            \"\",\n            \"\"\n          ]\n        },\n        {\n          \"or\": [\n            {\n              \"or\": [\n                \"Y9e~3/3\\\\4u\",\n                \"ZX8IpqhR^7\",\n                \"%wsPT6w\",\n                \">@bgD&\",\n                {\n                  \"mc\": \">=125\"\n                }\n              ]\n            },\n            \"]{bh0x\",\n            \"qZp]/^-<i?\",\n            \"7y$n8L08\",\n            {\n              \"or\": [\n                \"9U];\",\n                \"m->]%C\",\n                \"r\",\n                {\n                  \"or\": [\n                    \"\",\n                    \"!<qb1\"\n                  ]\n                }\n              ]\n            }\n          ]\n        },\n        {\n          \"and\": []\n        }\n      ]\n    }\n  },\n  {\n    \"title\": \"satisfyRule sample 9\",\n    \"value\": {\n      \"mc\": \">=25\"\n    }\n  }\n]",
              "code": "fast_check_1.sample(index_test_2.satisfyRule, 10).forEach((sample, i) => addContext_1.default(this, {\n    title: `satisfyRule sample ${i}`,\n    value: sample,\n}));\nreturn fast_check_1.assert(fast_check_1.property(index_test_2.satisfyRule, ajvValidate));",
              "err": {},
              "uuid": "876707f0-4958-4862-aac3-50299ced93c9",
              "parentUUID": "7e59c455-9445-4a3a-b50c-c261d7cb6e86",
              "isHook": false,
              "skipped": false
            },
            {
              "title": "should not validate non-string/object",
              "fullTitle": "satisfyRuleSchema should not validate non-string/object",
              "timedOut": false,
              "duration": 0,
              "state": "passed",
              "speed": "fast",
              "pass": true,
              "fail": false,
              "pending": false,
              "context": null,
              "code": "const error = {\n    instancePath: \"\",\n    message: \"satisfy rule should be either a string or an object\",\n};\nisInvalidRule(null, error);\nisInvalidRule(undefined, error);\nisInvalidRule(10, error);\nisInvalidRule([12, 24], error);",
              "err": {},
              "uuid": "a1317a28-4876-44fc-ad26-9aca9addf32c",
              "parentUUID": "7e59c455-9445-4a3a-b50c-c261d7cb6e86",
              "isHook": false,
              "skipped": false
            },
            {
              "title": "should not validate satisfy rules with extra properties",
              "fullTitle": "satisfyRuleSchema should not validate satisfy rules with extra properties",
              "timedOut": false,
              "duration": 1,
              "state": "passed",
              "speed": "fast",
              "pass": true,
              "fail": false,
              "pending": false,
              "context": null,
              "code": "isInvalidRule({\n        and: [\n            { or: [\"2k\"], abc: \"def\" },\n            { mc: 8, ghi: \"jkl\" },\n        ],\n        mno: \"pqr\",\n    }, {\n        instancePath: \"/and/0\",\n        message: \"or satisfy rule should have property 'or' only\",\n    }, {\n        instancePath: \"/and/1\",\n        message: \"MC satisfy rule should have property 'mc' only\",\n    }, {\n        instancePath: \"\",\n        message: \"and satisfy rule should have property 'and' only\",\n    })",
              "err": {},
              "uuid": "2d140703-2920-4496-ac8a-d5a6c3e6b199",
              "parentUUID": "7e59c455-9445-4a3a-b50c-c261d7cb6e86",
              "isHook": false,
              "skipped": false
            },
            {
              "title": "should not validate ambiguous satisfy rules",
              "fullTitle": "satisfyRuleSchema should not validate ambiguous satisfy rules",
              "timedOut": false,
              "duration": 0,
              "state": "passed",
              "speed": "fast",
              "pass": true,
              "fail": false,
              "pending": false,
              "context": null,
              "code": "const message = \"satisfy rule should have only one of properties 'mc', 'and', 'or'\";\nisInvalidRule({\n    or: [\n        { mc: 5, and: [\"CS2040\"] },\n        { and: [{ and: [\"abc\"], or: [\"def\"] }] },\n    ],\n}, { instancePath: \"/or/0\", message }, { instancePath: \"/or/1/and/0\", message });",
              "err": {},
              "uuid": "543675de-d066-4e9f-8bec-45bece44c845",
              "parentUUID": "7e59c455-9445-4a3a-b50c-c261d7cb6e86",
              "isHook": false,
              "skipped": false
            },
            {
              "title": "should not validate and satisfy rules with non-array property",
              "fullTitle": "satisfyRuleSchema should not validate and satisfy rules with non-array property",
              "timedOut": false,
              "duration": 0,
              "state": "passed",
              "speed": "fast",
              "pass": true,
              "fail": false,
              "pending": false,
              "context": null,
              "code": "const message = \"property 'and' should be an array of satisfy rules\";\nisInvalidRule({ or: [{ and: {} }, { or: [{ and: 3 }] }] }, { instancePath: \"/or/0/and\", message }, { instancePath: \"/or/1/or/0/and\", message });",
              "err": {},
              "uuid": "dea23ca9-23ce-45e2-ae4f-2aeb986b61ef",
              "parentUUID": "7e59c455-9445-4a3a-b50c-c261d7cb6e86",
              "isHook": false,
              "skipped": false
            },
            {
              "title": "should not validate or satisfy rules with non-array property",
              "fullTitle": "satisfyRuleSchema should not validate or satisfy rules with non-array property",
              "timedOut": false,
              "duration": 0,
              "state": "passed",
              "speed": "fast",
              "pass": true,
              "fail": false,
              "pending": false,
              "context": null,
              "code": "const message = \"property 'or' should be an array of satisfy rules\";\nisInvalidRule({ and: [{ or: {} }, { and: [{ or: 3 }] }] }, { instancePath: \"/and/0/or\", message }, { instancePath: \"/and/1/and/0/or\", message });",
              "err": {},
              "uuid": "f0776ba5-25c1-42f4-9c6c-a699685b928a",
              "parentUUID": "7e59c455-9445-4a3a-b50c-c261d7cb6e86",
              "isHook": false,
              "skipped": false
            }
          ],
          "suites": [],
          "passes": [
            "64a44b30-4e87-41c7-a0b9-5145bfa8803b",
            "2501069f-6196-400d-84fc-bcf6e1dd9702",
            "876707f0-4958-4862-aac3-50299ced93c9",
            "a1317a28-4876-44fc-ad26-9aca9addf32c",
            "2d140703-2920-4496-ac8a-d5a6c3e6b199",
            "543675de-d066-4e9f-8bec-45bece44c845",
            "dea23ca9-23ce-45e2-ae4f-2aeb986b61ef",
            "f0776ba5-25c1-42f4-9c6c-a699685b928a"
          ],
          "failures": [],
          "pending": [],
          "skipped": [],
          "duration": 8,
          "root": false,
          "rootEmpty": false,
          "_timeout": 2000
        }
      ],
      "passes": [],
      "failures": [],
      "pending": [],
      "skipped": [],
      "duration": 0,
      "root": true,
      "rootEmpty": true,
      "_timeout": 2000
    }
  ],
  "meta": {
    "mocha": {
      "version": "9.0.1"
    },
    "mochawesome": {
      "options": {
        "quiet": false,
        "reportFilename": "mochawesome",
        "saveHtml": true,
        "saveJson": true,
        "consoleReporter": "spec",
        "useInlineDiffs": false,
        "code": true
      },
      "version": "6.2.2"
    },
    "marge": {
      "options": {
        "reportDir": "docs"
      },
      "version": "5.2.0"
    }
  }
}