{
  "stats": {
    "suites": 10,
    "tests": 48,
    "passes": 48,
    "pending": 0,
    "failures": 0,
    "start": "2022-03-12T12:10:16.628Z",
    "end": "2022-03-12T12:10:16.926Z",
    "duration": 298,
    "testsRegistered": 48,
    "passPercent": 100,
    "pendingPercent": 0,
    "other": 0,
    "hasOther": false,
    "skipped": 0,
    "hasSkipped": false
  },
  "results": [
    {
      "uuid": "bbad7e01-ab56-459e-a0a4-88655d738859",
      "title": "",
      "fullFile": "",
      "file": "",
      "beforeHooks": [],
      "afterHooks": [],
      "tests": [],
      "suites": [
        {
          "uuid": "872516a4-ec1d-48eb-9eb7-887467436f99",
          "title": "initDirectories",
          "fullFile": "/home/runner/work/planwithus-lib/planwithus-lib/src/block/schemas.test.ts",
          "file": "/src/block/schemas.test.ts",
          "beforeHooks": [],
          "afterHooks": [],
          "tests": [
            {
              "title": "should parse all blocks with no errors",
              "fullTitle": "initDirectories should parse all blocks with no errors",
              "timedOut": false,
              "duration": 3,
              "state": "passed",
              "speed": "fast",
              "pass": true,
              "fail": false,
              "pending": false,
              "context": null,
              "code": "_1.initDirectories.should.not.throw()",
              "err": {},
              "uuid": "0d142b69-ce43-409c-afc1-b5a96d645a96",
              "parentUUID": "872516a4-ec1d-48eb-9eb7-887467436f99",
              "isHook": false,
              "skipped": false
            },
            {
              "title": "should produce primary, second & minor directories",
              "fullTitle": "initDirectories should produce primary, second & minor directories",
              "timedOut": false,
              "duration": 2,
              "state": "passed",
              "speed": "fast",
              "pass": true,
              "fail": false,
              "pending": false,
              "context": null,
              "code": "const directories = (0, _1.initDirectories)();\ndirectories.should.have.property(\"primary\");\ndirectories.should.have.property(\"second\");\ndirectories.should.have.property(\"minor\");",
              "err": {},
              "uuid": "64f5c059-653e-4fd8-9c13-42e7569891f4",
              "parentUUID": "872516a4-ec1d-48eb-9eb7-887467436f99",
              "isHook": false,
              "skipped": false
            }
          ],
          "suites": [],
          "passes": [
            "0d142b69-ce43-409c-afc1-b5a96d645a96",
            "64f5c059-653e-4fd8-9c13-42e7569891f4"
          ],
          "failures": [],
          "pending": [],
          "skipped": [],
          "duration": 5,
          "root": false,
          "rootEmpty": false,
          "_timeout": 2000
        },
        {
          "uuid": "ec5b397d-f7bc-4bb5-9679-53f3cdf2d5a5",
          "title": "blockSchema",
          "fullFile": "/home/runner/work/planwithus-lib/planwithus-lib/src/block/schemas.test.ts",
          "file": "/src/block/schemas.test.ts",
          "beforeHooks": [],
          "afterHooks": [],
          "tests": [
            {
              "title": "should validate valid block",
              "fullTitle": "blockSchema should validate valid block",
              "timedOut": false,
              "duration": 165,
              "state": "passed",
              "speed": "slow",
              "pass": true,
              "fail": false,
              "pending": false,
              "context": "[\n  {\n    \"title\": \"block sample 0\",\n    \"value\": {\n      \"name\": \"9Gk3j\",\n      \"ay\": 1955,\n      \"assign\": \"%!h\",\n      \"match\": {\n        \"pattern\": \"CLY85\",\n        \"exclude\": \"VTI*45N\",\n        \"info\": \"+skQ786O1/\"\n      },\n      \"satisfy\": {\n        \"or\": [\n          \"A+?fuFn\"\n        ]\n      },\n      \"url\": \"https://0uaodaqr9v56ve8bu3yqzizhr-qwpsradnu8ot4pnbrt0m3-8wajrojlyzuz873.i.ad.blep.dx/b7nd704*RK/f/r/i/zm$!Dw/vFpR/=0*le0OW(~/jz%F3%82%86%AF=pZyPJ//$HxqT1x*\",\n      \"info\": \"Q}\",\n      \"isSelectable\": true\n    }\n  },\n  {\n    \"title\": \"block sample 1\",\n    \"value\": {\n      \"name\": \"KxV$Xz\",\n      \"ay\": 1952,\n      \"assign\": [\n        \"!h<\",\n        \"|H\"\n      ],\n      \"satisfy\": \"t\",\n      \"url\": \"http://de8y541ywnf0zczha-hmtaf5-aeafd.r.eahccc/@OC-H/FJ!S%F3%AB%BE%8E%E0%B4%A3%F0%B8%8F%98Y/vcxlgY!@iQ/f/A0/$s/9/HG1PNd\",\n      \"info\": \"D!c\",\n      \"isSelectable\": true,\n      \" o3,c\": {\n        \"7\": {\n          \"ay\": 2010,\n          \"assign\": \"e{eG^<%[4u\",\n          \"match\": [\n            {\n              \"pattern\": \"PP5014\",\n              \"exclude\": [\n                \"EAY575V\",\n                \"RKW493\",\n                \"FZ6508\",\n                \"WIA4x\",\n                \"QT745B\"\n              ],\n              \"info\": \"'k:nqGYLjL\"\n            },\n            \"IPN*x39\"\n          ],\n          \"satisfy\": [\n            \"e+%d]t_\",\n            \"Gtsn\",\n            \"p2\"\n          ],\n          \"url\": \"https://2l6pwu5d4vly7aedg64vjtv7bjdm2uo3wx7iuzvnx7gjg5.a8.t.jhq.oncjvpom/;:=p5n/Z,/ZhOz_gaX/PG-%F0%96%BF%87f1fD/PuG&o84pk/+N+U+8sT\",\n          \"info\": \"A,Z:LZ5^i\",\n          \"isSelectable\": true\n        },\n        \"name\": \"k9-HqL:)D\",\n        \"ay\": 1970,\n        \"assign\": \"@vP(=\\\\\",\n        \"match\": \"OVK46\",\n        \"satisfy\": {\n          \"or\": [\n            {\n              \"and\": [\n                \"xcyLhM!$&\",\n                \"dB^\",\n                \"84v\"\n              ]\n            },\n            {\n              \"mc\": \"<=53\"\n            },\n            {\n              \"or\": [\n                \"hd[jD1P$Ye\"\n              ]\n            },\n            {\n              \"and\": [\n                {\n                  \"mc\": \">=144\"\n                },\n                \"INt]l`\"\n              ]\n            }\n          ]\n        },\n        \"url\": \"https://7rcor30h-pyfladscxk3.mguu/Yd%E7%B8%94k7D:H8//+/qXd)%F0%91%89%BF;\",\n        \"info\": \"uUFWg8X\",\n        \"isSelectable\": true,\n        \"^9X1A(_e\": {\n          \"name\": \"(O4\",\n          \"ay\": 2021,\n          \"assign\": [\n            \"\",\n            \"4e\",\n            \".H}\",\n            \"nJWY}jig@\"\n          ],\n          \"match\": {\n            \"and\": []\n          },\n          \"satisfy\": [\n            {\n              \"or\": [\n                \"jb [MQ81fL\",\n                {\n                  \"or\": [\n                    \";;pq2\",\n                    \"\\\\|pb%e1\"\n                  ]\n                }\n              ]\n            },\n            {\n              \"and\": [\n                \"yiRN~R!o0\",\n                {\n                  \"and\": [\n                    {\n                      \"and\": [\n                        \"HyU56Nh1\",\n                        \"D4gx3Mec\",\n                        \"icI,^C\",\n                        {\n                          \"mc\": \">=87\"\n                        },\n                        {\n                          \"and\": [\n                            \":5d%@~a'B\"\n                          ]\n                        }\n                      ]\n                    },\n                    \"&4u\",\n                    \":VZL\",\n                    \"g\"\n                  ]\n                },\n                \"REWjI|f ;\\\"\"\n              ]\n            }\n          ],\n          \"url\": \"http://1gv33z7mer8wmpypzdvi9xntx.oxqrevwu/VoFs*Jztio/%F2%B8%8B%ADicKl/u)2,//%F0%A9%94%98%F1%B0%87%94SPCc'/2W/Ll/8)E+wMPsy\",\n          \"info\": \"*R1UBs5\",\n          \"isSelectable\": true\n        },\n        \"%JV+85W/(\": {\n          \"name\": \"nFGyLaXT~]\",\n          \"ay\": 1952,\n          \"assign\": [\n            \"uHa!\",\n            \"aRh&tHPf\",\n            \"\"\n          ],\n          \"match\": [\n            {\n              \"and\": [\n                {\n                  \"pattern\": \"XHT7637\",\n                  \"exclude\": [\n                    \"GLZx30B\",\n                    \"GQZ*L\"\n                  ]\n                }\n              ]\n            }\n          ],\n          \"satisfy\": {\n            \"mc\": \"<=193\"\n          },\n          \"url\": \"https://br3dntdfi6ixcg1yeeq-kgs3-lb8.215w4tkuenrvya5gu67hui4ck1s6lbvwtdkybg0xo.r7d4f64ir5jslrr0cuzwgcnsxelvnb2qktuodsm.dymspt/'R,!)v//8~/jH:~/8$sBMT1@-/+c~yBo%F1%9D%9F%9E/(,*W\",\n          \"info\": \"\",\n          \"isSelectable\": true\n        },\n        \"g![z\\\\J;\": {\n          \"ay\": 2015,\n          \"assign\": [\n            \"ww\",\n            \"a'i5*\",\n            \"00U&>j2\",\n            \"a R=u\",\n            \"iIOu|yLC\"\n          ],\n          \"match\": [\n            \"MXS797\",\n            {\n              \"pattern\": \"KAU7N\",\n              \"exclude\": \"JZD3534E\",\n              \"info\": \"\\\\_fb\"\n            },\n            {\n              \"or\": [\n                {\n                  \"or\": [\n                    \"UZG8E\"\n                  ]\n                },\n                {\n                  \"and\": [\n                    {\n                      \"or\": [\n                        \"OF8*4\",\n                        \"OL28P\",\n                        \"KH60\",\n                        \"HGD31*0Q\"\n                      ]\n                    },\n                    {\n                      \"pattern\": \"XZK056\",\n                      \"exclude\": [\n                        \"PLK067\"\n                      ],\n                      \"info\": \"J.\\\\-\"\n                    },\n                    \"PJJ8\",\n                    {\n                      \"or\": [\n                        \"MUX7\"\n                      ]\n                    }\n                  ]\n                },\n                {\n                  \"pattern\": \"YL*\",\n                  \"exclude\": [\n                    \"XQ*0A\",\n                    \"BY339\",\n                    \"ZNU6056Y\",\n                    \"IF629xI\",\n                    \"BV1352O\"\n                  ],\n                  \"info\": \"YX~\"\n                },\n                {\n                  \"or\": [\n                    {\n                      \"pattern\": \"ZI69V\",\n                      \"exclude\": \"MLO6U\"\n                    },\n                    {\n                      \"and\": [\n                        \"QL5\",\n                        {\n                          \"and\": [\n                            \"SG14\",\n                            {\n                              \"or\": [\n                                \"OE*5C\",\n                                \"SM963Y\",\n                                \"FS3*87\",\n                                \"MBQ*4*7A\",\n                                \"ZA26W\"\n                              ]\n                            },\n                            \"NK5046\",\n                            \"XQS616\",\n                            \"CS871x\"\n                          ]\n                        },\n                        \"GXZ542\"\n                      ]\n                    },\n                    {\n                      \"pattern\": \"LNx7*x\",\n                      \"info\": \"J[OA\"\n                    }\n                  ]\n                },\n                {\n                  \"or\": []\n                }\n              ]\n            }\n          ],\n          \"satisfy\": \"A\",\n          \"url\": \"https://jjnvks.mka1t3xcmobemq91d9dafpr4wt0itb-481xtyib-fu8wx1ylarnxbs2yk.2jb7o016g.tf/zXq)qN/i8l$/a%F1%B5%9D%AB%F1%A2%AA%85~R3lIw/%F0%90%B7%90_VHM%F3%80%A7%B9!,+//;c_7)//6*mba/C@hZ\",\n          \"info\": \"DFLH\",\n          \"isSelectable\": true\n        },\n        \"+=UW)\": {\n          \"name\": \",`(#\\\\%:*\\\"Q\",\n          \"ay\": 2023,\n          \"assign\": [\n            \"8!X6s=\"\n          ],\n          \"match\": [\n            {\n              \"pattern\": \"KF24K\",\n              \"exclude\": [],\n              \"info\": \"\"\n            },\n            {\n              \"pattern\": \"OLI017\",\n              \"exclude\": \"VHZ7D\",\n              \"info\": \"N~*iQA}V\"\n            },\n            {\n              \"pattern\": \"CG0092R\",\n              \"exclude\": \"HP4167\",\n              \"info\": \"i\"\n            },\n            {\n              \"and\": [\n                {\n                  \"or\": [\n                    \"EZE85*\",\n                    {\n                      \"pattern\": \"JKA4J\",\n                      \"info\": \"M/&XF~ONP0\"\n                    },\n                    \"FL5L\"\n                  ]\n                }\n              ]\n            }\n          ],\n          \"url\": \"https://bt-kffm6mbotedkl0zdlmc0l.njxigqrkbijl3.r.a-tg6aideb8k.zxogvncx/GFElDU~f7h/%F2%B6%BD%8A)2Q~gwSy/%F0%99%93%80x9p/6\",\n          \"isSelectable\": true\n        }\n      },\n      \"o5ho1M sDK\": {\n        \"name\": \"{Mjgk)\",\n        \"assign\": \"jPG$0\",\n        \"match\": \"KZ8693Z\",\n        \"satisfy\": [\n          {\n            \"or\": [\n              {\n                \"and\": [\n                  {\n                    \"and\": [\n                      \"D,hW.4Y'-\",\n                      \"\",\n                      \"\",\n                      {\n                        \"and\": [\n                          {\n                            \"or\": [\n                              \")/[=ya.#}S\",\n                              \"y^\",\n                              \"AN2H#\",\n                              \"}i\",\n                              \"YSQa\"\n                            ]\n                          },\n                          \"Yc6Ul\",\n                          \"T9{,\"\n                        ]\n                      },\n                      {\n                        \"or\": [\n                          \"-[s+jS)3\",\n                          \"*#S\"\n                        ]\n                      }\n                    ]\n                  },\n                  \"`+B\",\n                  {\n                    \"and\": [\n                      {\n                        \"or\": [\n                          {\n                            \"or\": [\n                              \"6kB8l/1dB]\"\n                            ]\n                          },\n                          \"Dl\"\n                        ]\n                      },\n                      \"O{B+^1:v#\",\n                      \"kCwI[`\",\n                      \" a4fUNIC\"\n                    ]\n                  },\n                  {\n                    \"and\": [\n                      \"Wd\",\n                      \"G,\",\n                      {\n                        \"mc\": \"<=103\"\n                      },\n                      {\n                        \"or\": [\n                          \"5\",\n                          \"\",\n                          \"b\",\n                          \"4']\"\n                        ]\n                      }\n                    ]\n                  },\n                  {\n                    \"mc\": \"<=133\"\n                  }\n                ]\n              },\n              {\n                \"or\": [\n                  \"T\",\n                  \"vyb69]}@\",\n                  {\n                    \"and\": [\n                      {\n                        \"mc\": \">=18\"\n                      },\n                      {\n                        \"and\": [\n                          {\n                            \"mc\": \"<=168\"\n                          },\n                          \"t2\\\"HV`gX.\",\n                          \"-d\",\n                          \"jt(\\\"6E@m\"\n                        ]\n                      },\n                      {\n                        \"and\": [\n                          \"X9YfzK?;OA\",\n                          \"h\\\\\",\n                          \"k6q\"\n                        ]\n                      }\n                    ]\n                  }\n                ]\n              },\n              {\n                \"and\": [\n                  \"fI\",\n                  \":gZ'Vh7)\",\n                  {\n                    \"mc\": \"<=188\"\n                  }\n                ]\n              },\n              {\n                \"or\": [\n                  \"4!\",\n                  {\n                    \"and\": [\n                      \"<Ue\",\n                      \"Nr\\\\Zz2fg\"\n                    ]\n                  },\n                  {\n                    \"or\": [\n                      {\n                        \"and\": [\n                          {\n                            \"and\": [\n                              \"QpCu!>kG}\",\n                              \"R\",\n                              \"tR*5/a]qGN\",\n                              \"Pj!uZ\",\n                              \"]'4[\"\n                            ]\n                          },\n                          {\n                            \"or\": [\n                              {\n                                \"mc\": \"<=175\"\n                              },\n                              \"'s#qbAu!<v\",\n                              \"S_la>\",\n                              \"Sn&/Q\"\n                            ]\n                          },\n                          \"z?\",\n                          \"/v1#\",\n                          \"P1,i&?b9\"\n                        ]\n                      },\n                      \"$\"\n                    ]\n                  }\n                ]\n              }\n            ]\n          },\n          {\n            \"or\": []\n          },\n          {\n            \"mc\": \"<=35\"\n          }\n        ],\n        \"info\": \"\",\n        \"isSelectable\": true,\n        \"2_\": {\n          \"ay\": 1967,\n          \"assign\": \"\",\n          \"match\": {\n            \"and\": [\n              {\n                \"and\": [\n                  \"LFQ10\"\n                ]\n              },\n              {\n                \"pattern\": \"TNQx78*\",\n                \"exclude\": []\n              },\n              \"UI4x5\"\n            ]\n          },\n          \"satisfy\": {\n            \"and\": []\n          },\n          \"info\": \"Mj@>uQ ]\",\n          \"isSelectable\": true\n        },\n        \"\": {\n          \"name\": \"nO-!!i\",\n          \"ay\": 1970,\n          \"assign\": [\n            \"\",\n            \"]?,OJg,)*4\"\n          ],\n          \"match\": \"TJV6\",\n          \"url\": \"http://z.eognujqzj\",\n          \"info\": \"qZ-lI]H[-,\",\n          \"e{wds&\": {\n            \"name\": \"51oHFUn\",\n            \"ay\": 1957,\n            \"assign\": [\n              \"uvI4[\",\n              \"2$\",\n              \"\"\n            ],\n            \"info\": \"9;zX&?6 =w\",\n            \"isSelectable\": true\n          },\n          \"t\": {\n            \"name\": \"m6yYZX\",\n            \"ay\": 2025,\n            \"assign\": [],\n            \"satisfy\": {\n              \"mc\": \"<=101\"\n            },\n            \"url\": \"https://vh.tv2fqdm9x8.ule.cwejaoi/*bs/.2=hEyO/gS\",\n            \"info\": \"oTZJd\",\n            \"isSelectable\": true\n          },\n          \"TFs\": {\n            \"name\": \"h=wx\",\n            \"ay\": 1952,\n            \"assign\": [\n              \"ICg\"\n            ],\n            \"match\": {\n              \"and\": [\n                \"WJ9184H\"\n              ]\n            },\n            \"satisfy\": {\n              \"and\": [\n                {\n                  \"mc\": \">=22\"\n                },\n                {\n                  \"and\": [\n                    {\n                      \"mc\": \">=99\"\n                    },\n                    \"&\",\n                    \"5ec\"\n                  ]\n                },\n                {\n                  \"and\": []\n                },\n                {\n                  \"and\": [\n                    \"NUlu\",\n                    {\n                      \"or\": [\n                        \"+v6\"\n                      ]\n                    },\n                    \"\",\n                    \"\",\n                    \"^)Zp$~-\"\n                  ]\n                },\n                {\n                  \"mc\": \"<=157\"\n                }\n              ]\n            },\n            \"url\": \"https://1.r6v9flkhtt6z7e8tc-eq1olxu-j4lsim5ftrwj.q23370zj4jrd1jdogdei7t3xzqfkedbgvp9u0is81g.s.yups/L%F3%83%97%9EE%F3%82%91%84SfR/%F3%9C%B7%94l/.ek~/1%F2%B4%89%9D)v*5b////dVkn/=C/\",\n            \"info\": \"VSZhv a#\",\n            \"isSelectable\": true\n          },\n          \"eO:WcQdmi\": {\n            \"name\": \"N|R2<h}B&\",\n            \"ay\": 2015,\n            \"assign\": \"*+a5V$9\",\n            \"match\": \"SWN527O\",\n            \"satisfy\": [],\n            \"info\": \"C/[x\",\n            \"isSelectable\": true\n          }\n        },\n        \"f/{m9\": {\n          \"name\": \"<iD \\\\cq\",\n          \"ay\": 2009,\n          \"assign\": \"gWa8~+k6t\",\n          \"match\": [\n            {\n              \"and\": [\n                {\n                  \"or\": [\n                    \"FJH04\",\n                    {\n                      \"or\": [\n                        {\n                          \"or\": [\n                            {\n                              \"and\": [\n                                \"LAF582V\",\n                                \"LHx\",\n                                \"BM07\"\n                              ]\n                            },\n                            \"UOM19xO\"\n                          ]\n                        },\n                        \"UBx3U\",\n                        \"EU*B\"\n                      ]\n                    },\n                    {\n                      \"pattern\": \"AA840*\",\n                      \"exclude\": [\n                        \"UWC2\",\n                        \"XPU996\",\n                        \"YNMx02Y\",\n                        \"GOX3\",\n                        \"SB633\"\n                      ],\n                      \"info\": \"17<\"\n                    },\n                    {\n                      \"or\": [\n                        {\n                          \"or\": []\n                        },\n                        \"BCT54V\",\n                        {\n                          \"pattern\": \"DS64x1\",\n                          \"exclude\": [\n                            \"BX*07\",\n                            \"MT4212N\"\n                          ]\n                        }\n                      ]\n                    }\n                  ]\n                },\n                {\n                  \"and\": [\n                    \"ELP1X\"\n                  ]\n                }\n              ]\n            },\n            {\n              \"and\": [\n                {\n                  \"pattern\": \"DI66O\",\n                  \"exclude\": \"GR336N\"\n                },\n                {\n                  \"and\": [\n                    \"WI29Y\"\n                  ]\n                },\n                \"KGR*R\",\n                {\n                  \"or\": []\n                },\n                {\n                  \"or\": [\n                    \"SH31\",\n                    {\n                      \"and\": [\n                        \"OKL*\",\n                        {\n                          \"or\": [\n                            \"GYN511W\"\n                          ]\n                        },\n                        \"ZWB84\"\n                      ]\n                    },\n                    {\n                      \"and\": [\n                        {\n                          \"pattern\": \"MFH19\",\n                          \"exclude\": [\n                            \"JYY6M\",\n                            \"TO138*\",\n                            \"PWF8\"\n                          ],\n                          \"info\": \"b$\\\"t&DL%`\"\n                        },\n                        \"HAU35\",\n                        {\n                          \"and\": []\n                        }\n                      ]\n                    },\n                    {\n                      \"and\": [\n                        \"ZY000R\",\n                        \"ZF3*V\"\n                      ]\n                    },\n                    {\n                      \"and\": [\n                        {\n                          \"pattern\": \"WW0*L\",\n                          \"exclude\": [\n                            \"VX0x\",\n                            \"UWU39O\"\n                          ],\n                          \"info\": \"\"\n                        }\n                      ]\n                    }\n                  ]\n                }\n              ]\n            },\n            {\n              \"pattern\": \"AMA3\",\n              \"exclude\": \"YHB5Z\",\n              \"info\": \"/Q&%5_AX\"\n            },\n            {\n              \"or\": [\n                {\n                  \"or\": [\n                    \"NLV65\",\n                    {\n                      \"and\": [\n                        \"FK1A\",\n                        \"GEP89xU\",\n                        \"UJx\"\n                      ]\n                    }\n                  ]\n                },\n                {\n                  \"pattern\": \"RDT468\",\n                  \"exclude\": [\n                    \"VP1S\",\n                    \"XV842x\",\n                    \"URx6\",\n                    \"YBF19*1\",\n                    \"ULP9\"\n                  ],\n                  \"info\": \"u?5Hn&2\"\n                }\n              ]\n            }\n          ],\n          \"satisfy\": {\n            \"or\": [\n              \"of (*\",\n              {\n                \"mc\": \"<=6\"\n              },\n              {\n                \"or\": [\n                  {\n                    \"mc\": \"<=163\"\n                  },\n                  {\n                    \"mc\": \">=16\"\n                  }\n                ]\n              }\n            ]\n          },\n          \"url\": \"http://66zw7583il1vsj3ytwpipjhii-9esux8.hqre5io90z1ggfdcoworutjf3hxz5ax37.ff84m96r7iyk0y.arkf/j)9&nL/42Iy%F4%81%B9%ABAjY/KV/R;/TSh~U%EC%8C%91T%F0%A3%B3%B5/A434Bh/hs\",\n          \"info\": \"*W\",\n          \"isSelectable\": true\n        },\n        \"*,7J3-\": {\n          \"name\": \"@*m[Qc\",\n          \"ay\": 1970,\n          \"match\": [\n            \"HS582P\",\n            {\n              \"or\": [\n                {\n                  \"or\": [\n                    \"ZWxM\",\n                    {\n                      \"or\": []\n                    }\n                  ]\n                },\n                {\n                  \"or\": [\n                    {\n                      \"or\": [\n                        \"UMX8\",\n                        \"TJ84H\",\n                        {\n                          \"or\": [\n                            {\n                              \"pattern\": \"HTF6942\",\n                              \"info\": \"Zl:\"\n                            },\n                            \"ZI*5*J\",\n                            \"DADx13X\",\n                            \"LKK96\"\n                          ]\n                        }\n                      ]\n                    },\n                    {\n                      \"pattern\": \"JK7U\",\n                      \"exclude\": \"DE6Y\",\n                      \"info\": \"DB^uV6\"\n                    },\n                    {\n                      \"or\": [\n                        \"QIM6\",\n                        \"VS085xA\",\n                        \"DC29\",\n                        \"GVA5640\",\n                        \"IAR**52\"\n                      ]\n                    }\n                  ]\n                },\n                \"CW0*38R\",\n                \"ARE30\"\n              ]\n            },\n            {\n              \"and\": [\n                \"NB81\",\n                {\n                  \"pattern\": \"XIF6x\",\n                  \"exclude\": \"TE661D\",\n                  \"info\": \"}(&~P9\"\n                },\n                {\n                  \"and\": [\n                    \"AI0*x3K\",\n                    \"DR3*O\",\n                    \"DEx53xO\",\n                    {\n                      \"pattern\": \"PN99X\",\n                      \"exclude\": [\n                        \"VKX0M\",\n                        \"XL3\",\n                        \"XI64\",\n                        \"JQ113G\"\n                      ],\n                      \"info\": \"#G=K\"\n                    }\n                  ]\n                },\n                {\n                  \"pattern\": \"HR5C\",\n                  \"exclude\": \"DNZ*51\",\n                  \"info\": \"{EsA=sxV\"\n                },\n                \"FTL43L\"\n              ]\n            }\n          ],\n          \"satisfy\": [\n            {\n              \"or\": [\n                {\n                  \"or\": [\n                    {\n                      \"and\": [\n                        \"a8$]Qf\",\n                        \"HU\",\n                        \"4\",\n                        {\n                          \"and\": [\n                            {\n                              \"or\": []\n                            },\n                            \"b\"\n                          ]\n                        }\n                      ]\n                    },\n                    \"t1}Dt-DpK<\",\n                    {\n                      \"mc\": \"<=185\"\n                    }\n                  ]\n                },\n                {\n                  \"or\": [\n                    \"\\\\;hf`,&\",\n                    {\n                      \"or\": [\n                        \"#y~bK(\",\n                        \",kwYku5\\\"\",\n                        \"oBF\",\n                        \"`'?xB-y*]4\"\n                      ]\n                    },\n                    \"5~M\",\n                    \"8AK<^W^a\",\n                    \"Ys2uG\"\n                  ]\n                }\n              ]\n            },\n            {\n              \"mc\": \">=141\"\n            },\n            \"g,65X\",\n            {\n              \"and\": [\n                {\n                  \"and\": []\n                },\n                {\n                  \"and\": [\n                    {\n                      \"or\": [\n                        \"jx`{0!!Fmg\"\n                      ]\n                    },\n                    \">!0.\"\n                  ]\n                },\n                \"F4?b_{f.\",\n                \"x[~N|T6f^\"\n              ]\n            }\n          ],\n          \"url\": \"http://wg0uqeyigg4ld-u.ibvxbbqqph/K3$Xqg%F2%A2%BD%A3Z/mc/)~R/Mk/%F1%BA%B7%A8/y/TIJw6\",\n          \"info\": \"QeS\",\n          \"isSelectable\": true,\n          \"9\\\\%i]xV\": {\n            \"assign\": [\n              \"HN?>\"\n            ],\n            \"match\": [],\n            \"satisfy\": {\n              \"mc\": \">=114\"\n            },\n            \"url\": \"http://zernwif1rbfhf7.oaxgx5f63.j4nkn93xtz-a9h2u882e-c0i-ijj1yw3ybiqy4jf4ysrqo0opdsp990c7dgi.wahfac553x-so5h7mv-meszj57y5lz.3isqxdjozx4g3t7psyjl1r21vk2fth.fjyqrosevl/%F1%8F%B4%B7OyJNndK/qIOM\"\n          },\n          \"Iz\": {\n            \"name\": \"i5UnBI-.\",\n            \"ay\": 1964,\n            \"assign\": \"\",\n            \"match\": \"MF627\",\n            \"satisfy\": [\n              {\n                \"mc\": \"<=52\"\n              },\n              {\n                \"and\": [\n                  {\n                    \"mc\": \"<=76\"\n                  },\n                  \"XtnL89Ro(?\",\n                  \"Ti&2:1$M\",\n                  {\n                    \"and\": [\n                      {\n                        \"and\": [\n                          \",`0~=oy(\",\n                          {\n                            \"and\": [\n                              \"6\",\n                              \"K:^L1yB~-\",\n                              \"\",\n                              \".,U(v&\"\n                            ]\n                          },\n                          \".*zQ+\"\n                        ]\n                      },\n                      \"i8Od]\"\n                    ]\n                  },\n                  \"1;x)g Hj\"\n                ]\n              },\n              {\n                \"and\": [\n                  {\n                    \"or\": [\n                      \" [\",\n                      \"V|!`rK\",\n                      \"d\\\\4^vr\"\n                    ]\n                  },\n                  {\n                    \"and\": []\n                  },\n                  {\n                    \"and\": [\n                      \"2\\\"oV\",\n                      {\n                        \"or\": []\n                      },\n                      {\n                        \"or\": [\n                          \"~M\\\\QuS!z;5\",\n                          \"Mf;X\",\n                          \"S){-_!S475\"\n                        ]\n                      }\n                    ]\n                  }\n                ]\n              },\n              \"@PX!N\",\n              {\n                \"mc\": \"<=12\"\n              }\n            ],\n            \"info\": \"~F\\\\Y+f\"\n          },\n          \"?<&B3H~T`\": {\n            \"name\": \"P\",\n            \"ay\": 1957,\n            \"match\": [\n              {\n                \"and\": [\n                  \"JAF14\"\n                ]\n              },\n              {\n                \"or\": [\n                  {\n                    \"or\": [\n                      {\n                        \"and\": [\n                          \"IP0S\"\n                        ]\n                      }\n                    ]\n                  },\n                  \"RL94*\",\n                  {\n                    \"and\": [\n                      {\n                        \"and\": [\n                          \"FWE3x\",\n                          \"UZI6\",\n                          \"CYK6741J\"\n                        ]\n                      },\n                      {\n                        \"or\": [\n                          \"OOL5\",\n                          \"PCLx195D\",\n                          \"TGR97K\",\n                          \"HW2G\"\n                        ]\n                      },\n                      \"YBK*8\",\n                      \"KYK41*\"\n                    ]\n                  },\n                  \"AVW2\",\n                  {\n                    \"or\": [\n                      {\n                        \"and\": []\n                      },\n                      {\n                        \"pattern\": \"TP5\",\n                        \"exclude\": [\n                          \"BNL037xJ\"\n                        ],\n                        \"info\": \"\\\"pij\\\\c\"\n                      },\n                      \"QQH6\"\n                    ]\n                  }\n                ]\n              }\n            ],\n            \"satisfy\": \"\",\n            \"url\": \"http://t9a5rmkfifpwg-f09yu9n87m72x1ckl9n9xom4navxy3u0m7oqp9elq9rtghca.3n5x0i85jgcdr1ams92pom0uh.vwyi/wBs/C'NrDH%F3%8D%AE%A2I%F1%A0%8B%B1/F%F2%9A%86%A5/fI0YtnJz/4tiAfP/qm/_P\",\n            \"info\": \"7g-;1_DV\\\\\",\n            \"isSelectable\": true\n          },\n          \"bS88\": {\n            \"name\": \".TR'HF\\\\j[|\",\n            \"ay\": 1956,\n            \"assign\": [\n              \"$\",\n              \"P85s`9O^\",\n              \"\",\n              \"\"\n            ],\n            \"match\": [\n              \"WSD546\",\n              \"DBR9R\",\n              {\n                \"and\": [\n                  {\n                    \"pattern\": \"WH01F\",\n                    \"exclude\": [\n                      \"YIZ53\",\n                      \"CAR0I\",\n                      \"DCS381\",\n                      \"YYU*24N\"\n                    ]\n                  },\n                  {\n                    \"pattern\": \"IY09E\",\n                    \"exclude\": \"NFK055U\",\n                    \"info\": \"0\"\n                  },\n                  {\n                    \"and\": [\n                      \"JX32x7\",\n                      {\n                        \"pattern\": \"RW66\",\n                        \"exclude\": [\n                          \"VUA71\",\n                          \"CF6G\"\n                        ],\n                        \"info\": \"5~yn!y/8\"\n                      }\n                    ]\n                  },\n                  {\n                    \"and\": [\n                      {\n                        \"or\": [\n                          \"YIS*357\",\n                          {\n                            \"or\": [\n                              \"VEZ*6V\",\n                              {\n                                \"pattern\": \"PJV8972R\",\n                                \"exclude\": [],\n                                \"info\": \"_\"\n                              },\n                              \"TW54x1\"\n                            ]\n                          },\n                          \"YW*68Z\"\n                        ]\n                      },\n                      \"OEJ8093\",\n                      {\n                        \"pattern\": \"XA0xM\",\n                        \"exclude\": \"AP16*\",\n                        \"info\": \"\"\n                      }\n                    ]\n                  },\n                  {\n                    \"or\": [\n                      {\n                        \"or\": [\n                          {\n                            \"and\": [\n                              \"NT3P\",\n                              \"YB666U\",\n                              \"AKQ0\"\n                            ]\n                          },\n                          \"WMT408\",\n                          \"JZ6P\",\n                          \"FHL7\"\n                        ]\n                      },\n                      {\n                        \"and\": []\n                      },\n                      \"XT756C\"\n                    ]\n                  }\n                ]\n              },\n              {\n                \"or\": [\n                  {\n                    \"pattern\": \"PMx\",\n                    \"exclude\": \"SGL55x9C\",\n                    \"info\": \"-Sn*GFDf \"\n                  },\n                  {\n                    \"and\": [\n                      \"DCx7*5\",\n                      \"RV*x19W\"\n                    ]\n                  },\n                  {\n                    \"and\": []\n                  }\n                ]\n              }\n            ],\n            \"satisfy\": [\n              {\n                \"or\": [\n                  {\n                    \"or\": []\n                  }\n                ]\n              },\n              {\n                \"mc\": \">=135\"\n              },\n              \"DOXA\",\n              {\n                \"or\": [\n                  {\n                    \"or\": [\n                      {\n                        \"mc\": \">=79\"\n                      },\n                      \"Sy&k7QyZ\"\n                    ]\n                  },\n                  {\n                    \"mc\": \">=145\"\n                  },\n                  \"\",\n                  {\n                    \"or\": [\n                      \"P2!;ROL\",\n                      {\n                        \"and\": []\n                      },\n                      {\n                        \"or\": [\n                          {\n                            \"and\": [\n                              \".7`}d\",\n                              \"F`z}~P*3-\"\n                            ]\n                          },\n                          \"W=\",\n                          \"PW,di\",\n                          {\n                            \"mc\": \"<=132\"\n                          },\n                          {\n                            \"mc\": \"<=108\"\n                          }\n                        ]\n                      },\n                      \"}Sh;u|^}U\",\n                      \"\"\n                    ]\n                  },\n                  {\n                    \"mc\": \"<=1\"\n                  }\n                ]\n              }\n            ],\n            \"url\": \"http://e3yaj9f7uvzh4o9ljlf3wd4qmo5plivhimpkw.se1acycg1y4lbe9gcwcbgf8qbsjzcqsfr569d6o6.tcu1p2duwe8yid0-l9-gm2pfl034y99nov-63p7lxb3w9-df.rskcpyx712abrei0p6li9bi-tw.nh82-uutwo9nahfinkw-3jhcym9-hlmxuj8cg7k9t7u877xpegyk3q7.nhjvsl/8Dyp+\",\n            \"info\": \"KhNP4 ?0b\",\n            \"\": {\n              \"name\": \"\",\n              \"ay\": 2013,\n              \"assign\": \"\",\n              \"match\": [\n                \"EVR3570Z\",\n                {\n                  \"pattern\": \"FXD*\",\n                  \"exclude\": [\n                    \"XVOx3F\"\n                  ],\n                  \"info\": \"mp:N?J{o\"\n                }\n              ],\n              \"satisfy\": {\n                \"or\": [\n                  {\n                    \"or\": [\n                      \"C0ASFKp\",\n                      \"<O\",\n                      \"V3XMg\\\"4/\",\n                      {\n                        \"mc\": \"<=164\"\n                      }\n                    ]\n                  },\n                  \"P%8Q/arv#t\",\n                  {\n                    \"mc\": \">=136\"\n                  }\n                ]\n              },\n              \"url\": \"https://n0-3tq1m8g48k14dfughvq-07s7zdrbjiykm410bqjiua98it2cplzubz-7r.ddi2rcd972wzva-lyzez-p0uakla1h8j0iq4nthshxijlbf1.2.farxebkst4kvygcj3h8zrlk8t9s7p.bnj6a3qctfery6ni8kbqqxmw52tn9ll9jup87nng7a0b-tl8l69wz.ftqyob/lN~Lr80%F3%BB%B0%837/+Ytz.=sV\",\n              \"info\": \"qNR<\"\n            }\n          }\n        }\n      }\n    }\n  },\n  {\n    \"title\": \"block sample 2\",\n    \"value\": {\n      \"ay\": 2029,\n      \"assign\": \"#\",\n      \"match\": {\n        \"and\": []\n      },\n      \"satisfy\": {\n        \"or\": [\n          \"!Q:6%H\"\n        ]\n      },\n      \"url\": \"https://l.m720tlzd5c4pzc19pmla53i0b0rwd5brcuv215.26tt1cvs2qe2kay2z21tga.zzxcj\",\n      \"info\": \")  $\\\"y\",\n      \"isSelectable\": true,\n      \"s\\\"1@|\": {\n        \"name\": \"5#hb\",\n        \"ay\": 1956,\n        \"match\": [\n          {\n            \"or\": [\n              \"FP6\"\n            ]\n          },\n          {\n            \"and\": []\n          }\n        ],\n        \"satisfy\": {\n          \"or\": [\n            {\n              \"and\": [\n                \"'o],&O\"\n              ]\n            },\n            {\n              \"and\": []\n            },\n            {\n              \"or\": [\n                {\n                  \"or\": [\n                    \"Q\\\"f\\\"HA\",\n                    {\n                      \"or\": []\n                    }\n                  ]\n                },\n                \"7m\"\n              ]\n            }\n          ]\n        },\n        \"url\": \"https://ccoa.egar/TS/Cj%F3%89%A0%82RpkB//OGeGbh/Jk/(&:(KZt-uM/5d%F0%A8%A9%81Z//*Xuy@a\",\n        \"info\": \"AR/o\",\n        \"#t$|/kR\": {\n          \"name\": \"K\",\n          \"ay\": 1952,\n          \"assign\": [\n            \"\"\n          ],\n          \"match\": [],\n          \"satisfy\": {\n            \"and\": [\n              \"$Mj> \",\n              {\n                \"or\": [\n                  \"\",\n                  {\n                    \"or\": [\n                      \".7=y;\",\n                      {\n                        \"mc\": \">=96\"\n                      },\n                      \"SUcQ'=\"\n                    ]\n                  }\n                ]\n              },\n              {\n                \"and\": [\n                  \"BG+\",\n                  \"Ab\",\n                  \".\"\n                ]\n              },\n              \"\",\n              {\n                \"or\": [\n                  {\n                    \"mc\": \">=21\"\n                  },\n                  \"E\",\n                  \"SYOWc_,BoM\"\n                ]\n              }\n            ]\n          },\n          \"info\": \"l\"\n        },\n        \"/J]-Y21M}\": {\n          \"name\": \"&\\\"\",\n          \"ay\": 2024,\n          \"match\": \"SC2xx\",\n          \"satisfy\": {\n            \"and\": []\n          },\n          \"url\": \"http://5b6fc-9.h5d2.a.caz/L%F3%98%89%86uD8/%34@-/bbm/i.P%F3%83%80%95k%F2%A4%8B%B6jI%F3%AE%9A%93-/\",\n          \"info\": \"Mz\",\n          \"isSelectable\": true\n        }\n      },\n      \"{ly\": {\n        \"ay\": 1970,\n        \"assign\": [\n          \"mG\\\"}j+4d/\"\n        ],\n        \"match\": {\n          \"or\": [\n            {\n              \"or\": [\n                {\n                  \"or\": []\n                },\n                \"HSxx\",\n                \"GQ*K\",\n                \"GU2D\"\n              ]\n            }\n          ]\n        },\n        \"satisfy\": [\n          {\n            \"mc\": \"<=99\"\n          },\n          {\n            \"mc\": \"<=183\"\n          },\n          {\n            \"mc\": \"<=34\"\n          },\n          {\n            \"and\": [\n              {\n                \"and\": [\n                  \"%}o2\",\n                  \"$fM\",\n                  {\n                    \"mc\": \">=167\"\n                  }\n                ]\n              }\n            ]\n          },\n          {\n            \"or\": [\n              {\n                \"and\": [\n                  \"(_%Q*Bub]\",\n                  {\n                    \"or\": [\n                      \"Ez\",\n                      \"]Sj\",\n                      {\n                        \"mc\": \"<=105\"\n                      },\n                      \"JN:x?GKv%d\",\n                      \"K*H;Yglapr\"\n                    ]\n                  },\n                  {\n                    \"and\": [\n                      \",G\"\n                    ]\n                  }\n                ]\n              },\n              {\n                \"and\": [\n                  \"\",\n                  {\n                    \"and\": []\n                  }\n                ]\n              },\n              {\n                \"mc\": \">=158\"\n              },\n              {\n                \"or\": [\n                  \"A|D<@3<)\",\n                  {\n                    \"and\": [\n                      \"\\\\%Er4\"\n                    ]\n                  },\n                  \"&\"\n                ]\n              }\n            ]\n          }\n        ],\n        \"url\": \"http://a.xma1yd60n0adepckehb55wgj0u6b29v0hc76p01aon3n4.cipfcsi/Lp$%F3%BD%87%87~/Uc_2jyBE0;/54)/%F0%B0%A7%AB6VAnG//mfvSh,axK/-rl\",\n        \"info\": \" k%\",\n        \"isSelectable\": true\n      },\n      \"\": {\n        \"name\": \"$&@\",\n        \"assign\": \"x4f/\",\n        \"match\": [\n          {\n            \"pattern\": \"UM29\",\n            \"exclude\": \"UHM599\",\n            \"info\": \"=^WL\\\\F*Ylj\"\n          },\n          \"KME5\",\n          \"OLU*\",\n          {\n            \"or\": [\n              {\n                \"pattern\": \"IIQ4x98\",\n                \"exclude\": \"FH5393J\",\n                \"info\": \"Z^z!\"\n              },\n              {\n                \"pattern\": \"UWC4\"\n              }\n            ]\n          }\n        ],\n        \"satisfy\": {\n          \"mc\": \"<=57\"\n        },\n        \"url\": \"http://zovzuh7hd8ypdoj8zdpehhekoeomdx7bxy2mf9fedobc-qvy9nzyhutlfkmde.kayeigd/Asf/@=%F1%80%8A%96/GU89.8,jZ/a//y/ta/:O\",\n        \"isSelectable\": true\n      },\n      \"8\\\\q\": {\n        \"9\": {\n          \"name\": \"q\",\n          \"ay\": 2027,\n          \"assign\": [\n            \"-QxAi.\"\n          ],\n          \"match\": [\n            \"QNP730\",\n            {\n              \"pattern\": \"TS8Y\",\n              \"exclude\": [\n                \"ZG9484\"\n              ],\n              \"info\": \"PHr\"\n            }\n          ],\n          \"satisfy\": [\n            \"lXV(6\",\n            \"-ps)m&4,\"\n          ],\n          \"info\": \"\",\n          \"isSelectable\": true,\n          \"\": {\n            \"ay\": 2001,\n            \"assign\": [],\n            \"match\": [\n              \"HC4\",\n              {\n                \"or\": [\n                  {\n                    \"pattern\": \"QPH813\",\n                    \"exclude\": \"AJF6119Y\",\n                    \"info\": \"S2wc6zD\"\n                  },\n                  {\n                    \"pattern\": \"XT38x0R\",\n                    \"exclude\": []\n                  },\n                  \"KR0\"\n                ]\n              },\n              {\n                \"pattern\": \"EH781D\",\n                \"exclude\": \"ZH33X\"\n              },\n              {\n                \"or\": [\n                  {\n                    \"or\": [\n                      {\n                        \"and\": [\n                          \"FZ90\",\n                          \"XZ23x5\",\n                          {\n                            \"and\": [\n                              \"OUT9xV\",\n                              \"JJL4L\",\n                              {\n                                \"pattern\": \"DG249\",\n                                \"exclude\": [\n                                  \"QL93\",\n                                  \"WKx3x\"\n                                ],\n                                \"info\": \",uFsZ>@Vd>\"\n                              }\n                            ]\n                          },\n                          \"NR730\"\n                        ]\n                      },\n                      {\n                        \"or\": [\n                          \"TFJ68\",\n                          \"RW2480Y\",\n                          {\n                            \"pattern\": \"WGRx74\",\n                            \"exclude\": [\n                              \"QC67F\",\n                              \"WB*0N\",\n                              \"VS262H\",\n                              \"BXE55xD\"\n                            ],\n                            \"info\": \"S\"\n                          },\n                          \"QEF37\",\n                          \"HS855\"\n                        ]\n                      },\n                      {\n                        \"or\": [\n                          {\n                            \"and\": [\n                              {\n                                \"or\": []\n                              }\n                            ]\n                          },\n                          {\n                            \"or\": [\n                              {\n                                \"and\": []\n                              },\n                              \"UGV2T\"\n                            ]\n                          },\n                          {\n                            \"pattern\": \"JJR3\",\n                            \"exclude\": [\n                              \"HDT74O\",\n                              \"ZUJ9F\"\n                            ],\n                            \"info\": \"mL\"\n                          }\n                        ]\n                      },\n                      {\n                        \"pattern\": \"UTHx67\",\n                        \"exclude\": [\n                          \"KQ69G\",\n                          \"VS684\",\n                          \"QOD0\"\n                        ],\n                        \"info\": \"(x\"\n                      },\n                      {\n                        \"or\": [\n                          {\n                            \"or\": []\n                          },\n                          \"SMC7501\",\n                          \"YI8783A\"\n                        ]\n                      }\n                    ]\n                  }\n                ]\n              },\n              {\n                \"and\": [\n                  \"DWL4*\"\n                ]\n              }\n            ],\n            \"satisfy\": \"\",\n            \"url\": \"https://wz7dd0-3pj3p3u8fmk.aw/~CB8@k/vy-qaqC$t/@/h.//_N/B$wm/F%F0%98%AA%80tbu/7o%F0%BE%94%8Es%F3%80%BA%89o%F2%AA%AB%B87.D/5RV\",\n            \"info\": \"hVMi\"\n          }\n        },\n        \"name\": \"HM9A.t_87\",\n        \"assign\": \"$!$$,%%\\\"GI\",\n        \"match\": [],\n        \"satisfy\": [\n          {\n            \"and\": [\n              {\n                \"or\": [\n                  {\n                    \"and\": []\n                  },\n                  \"MX=c8\",\n                  \"bS;F5\\\\A D\",\n                  {\n                    \"or\": [\n                      \",P#,<$S3$\",\n                      \"[v+wR7pi\",\n                      {\n                        \"and\": []\n                      },\n                      \"`Il;\",\n                      \"wP63]O}ngW\"\n                    ]\n                  },\n                  \"_X*\"\n                ]\n              },\n              {\n                \"or\": [\n                  \"a-;H`\\\\9{\",\n                  {\n                    \"and\": [\n                      {\n                        \"mc\": \">=174\"\n                      },\n                      \".{=mb\"\n                    ]\n                  },\n                  {\n                    \"mc\": \">=200\"\n                  },\n                  \";.&#e!$\",\n                  {\n                    \"or\": []\n                  }\n                ]\n              },\n              {\n                \"or\": [\n                  \"Z}QesXcx\"\n                ]\n              }\n            ]\n          },\n          {\n            \"and\": []\n          },\n          {\n            \"or\": [\n              {\n                \"or\": [\n                  \"\",\n                  {\n                    \"or\": [\n                      \"\",\n                      \"\\\" } ~VO  \",\n                      \"~\",\n                      \"&DZ\",\n                      \"ij^5\"\n                    ]\n                  },\n                  \"o*q3<\",\n                  \"=^2,&#c<\\\\t\"\n                ]\n              },\n              {\n                \"or\": [\n                  {\n                    \"mc\": \">=87\"\n                  },\n                  {\n                    \"mc\": \">=75\"\n                  },\n                  {\n                    \"mc\": \">=132\"\n                  },\n                  \"&4^[ j\",\n                  \"\\\"\"\n                ]\n              },\n              {\n                \"and\": [\n                  {\n                    \"mc\": \">=119\"\n                  },\n                  \"x&\"\n                ]\n              },\n              {\n                \"and\": []\n              }\n            ]\n          }\n        ],\n        \"url\": \"https://pr8wojg3o4cidscuiuz3qsb1-r53evfy573teav7n7-98l3o42inyu5.hy/oN/T3o%F4%8E%8E%8EruWX/nk&CR,m:tv/=l*//F\",\n        \"isSelectable\": true\n      }\n    }\n  },\n  {\n    \"title\": \"block sample 3\",\n    \"value\": {\n      \"name\": \"\",\n      \"ay\": 1954,\n      \"assign\": \"^(,GXM4vz\",\n      \"match\": [\n        {\n          \"pattern\": \"JOT3961G\",\n          \"exclude\": \"DWK025T\",\n          \"info\": \":\"\n        },\n        \"WC9*S\",\n        {\n          \"or\": [\n            {\n              \"or\": [\n                {\n                  \"pattern\": \"WV7\",\n                  \"exclude\": [\n                    \"PBR*x4K\"\n                  ],\n                  \"info\": \"qw[AM'8h]\"\n                },\n                {\n                  \"or\": [\n                    \"MB1L\",\n                    {\n                      \"or\": [\n                        \"GCL11x4B\"\n                      ]\n                    },\n                    \"QI*274Z\",\n                    \"SU1528\",\n                    \"JFN159C\"\n                  ]\n                }\n              ]\n            },\n            {\n              \"and\": [\n                {\n                  \"and\": [\n                    {\n                      \"or\": [\n                        {\n                          \"or\": [\n                            \"IS6\",\n                            \"HRU7937L\"\n                          ]\n                        },\n                        \"DZ*8\",\n                        \"XW8K\",\n                        {\n                          \"pattern\": \"RA05x6F\",\n                          \"exclude\": \"BYA4101\",\n                          \"info\": \"TLlRm ,\\\\b1\"\n                        },\n                        {\n                          \"and\": [\n                            \"ST*\"\n                          ]\n                        }\n                      ]\n                    }\n                  ]\n                },\n                {\n                  \"pattern\": \"ZY2729\",\n                  \"exclude\": \"CC6505M\",\n                  \"info\": \"<txE\"\n                }\n              ]\n            }\n          ]\n        },\n        {\n          \"or\": []\n        }\n      ],\n      \"satisfy\": [\n        {\n          \"or\": [\n            \"f!o#  &\",\n            {\n              \"mc\": \">=195\"\n            },\n            {\n              \"or\": []\n            },\n            {\n              \"or\": [\n                {\n                  \"mc\": \"<=27\"\n                },\n                {\n                  \"and\": [\n                    {\n                      \"and\": [\n                        {\n                          \"or\": [\n                            \"rue_P\",\n                            \"\"\n                          ]\n                        }\n                      ]\n                    },\n                    {\n                      \"mc\": \"<=153\"\n                    },\n                    {\n                      \"or\": [\n                        \"38\",\n                        \"3'CNXXSf\",\n                        \"*\"\n                      ]\n                    }\n                  ]\n                },\n                {\n                  \"or\": []\n                }\n              ]\n            },\n            \"\"\n          ]\n        },\n        \" n\",\n        {\n          \"and\": [\n            \")\",\n            {\n              \"and\": []\n            },\n            {\n              \"and\": [\n                \"i{GEaA\",\n                {\n                  \"and\": []\n                },\n                \"%T66%l1eb\",\n                {\n                  \"mc\": \">=145\"\n                },\n                \";\"\n              ]\n            }\n          ]\n        },\n        {\n          \"mc\": \">=131\"\n        }\n      ],\n      \"url\": \"https://rz6xiut2uymj54d8dacv70jikjgbxh2f8q508xv5658kzdxiwmpqf4gkc4cdn.fm0g5wg9aoqw5u3aqysikoe-v364e42py2buak-kkjze3nzlkc5av.h.skuff8f6od3i9g1x0a2x3r1eb5tlvxvtu1zl6o60ga7-k11n.cy4r9mjr9649xtexao2ixa-nr87axzg1ta.imt/wrhAVk/16zM/Xv\",\n      \"info\": \"\",\n      \"isSelectable\": true\n    }\n  },\n  {\n    \"title\": \"block sample 4\",\n    \"value\": {\n      \"name\": \"\",\n      \"ay\": 1965,\n      \"assign\": \",l\",\n      \"match\": [\n        {\n          \"and\": [\n            {\n              \"and\": [\n                {\n                  \"and\": [\n                    \"QOTxx72U\",\n                    \"BW13\",\n                    \"XZ1132T\"\n                  ]\n                },\n                {\n                  \"and\": [\n                    \"EBG*2\",\n                    \"RJI80\"\n                  ]\n                }\n              ]\n            },\n            {\n              \"and\": [\n                \"TU1xV\",\n                {\n                  \"and\": [\n                    \"EKW*xx6\",\n                    \"UV9663F\",\n                    \"XQ40Z\",\n                    {\n                      \"pattern\": \"OQ1Z\",\n                      \"exclude\": [],\n                      \"info\": \"{**~%\"\n                    }\n                  ]\n                },\n                {\n                  \"and\": [\n                    \"VO4H\",\n                    \"NJM98*\",\n                    \"TM5*\",\n                    \"XQO42x\",\n                    {\n                      \"or\": [\n                        \"JOQ6\",\n                        \"BBU10X\",\n                        \"XQL74M\",\n                        \"VT64E\"\n                      ]\n                    }\n                  ]\n                },\n                {\n                  \"pattern\": \"TM89L\",\n                  \"exclude\": \"PDJ9I\"\n                }\n              ]\n            },\n            {\n              \"or\": [\n                \"XSC072\",\n                \"BP4K\",\n                \"LOJ0\",\n                {\n                  \"or\": [\n                    \"DCx6x7K\",\n                    \"VEL1X\",\n                    {\n                      \"and\": [\n                        \"QHH945X\"\n                      ]\n                    },\n                    \"LAO498V\",\n                    \"DWx29G\"\n                  ]\n                },\n                \"SMZ0\"\n              ]\n            }\n          ]\n        },\n        {\n          \"and\": [\n            \"FHU708\",\n            {\n              \"or\": [\n                {\n                  \"or\": [\n                    {\n                      \"pattern\": \"GEH*9\",\n                      \"exclude\": \"ME283\",\n                      \"info\": \"`]D<uG3z0L\"\n                    }\n                  ]\n                },\n                {\n                  \"and\": []\n                },\n                \"WSV4471Q\",\n                \"EH3\"\n              ]\n            },\n            {\n              \"and\": [\n                \"DPS683\",\n                \"CD7F\"\n              ]\n            }\n          ]\n        },\n        {\n          \"or\": [\n            {\n              \"pattern\": \"TG678\",\n              \"exclude\": [\n                \"GX0*9N\"\n              ],\n              \"info\": \"^E,^']mo\"\n            },\n            {\n              \"pattern\": \"ABH16\",\n              \"exclude\": [\n                \"GID532O\",\n                \"WH6\",\n                \"PXF8S\"\n              ],\n              \"info\": \"dM\"\n            }\n          ]\n        },\n        \"GPH51x4\",\n        {\n          \"or\": [\n            {\n              \"pattern\": \"PHA48X\",\n              \"exclude\": [\n                \"BSx\",\n                \"UZY3U\",\n                \"FBF35\",\n                \"PRx80K\"\n              ]\n            },\n            {\n              \"pattern\": \"LD5S\",\n              \"exclude\": \"UM3x62\",\n              \"info\": \"*9\\\\\"\n            }\n          ]\n        }\n      ],\n      \"satisfy\": {\n        \"mc\": \"<=87\"\n      },\n      \"url\": \"http://z.okogbls0knlq55s486ezgbjjgq5.fvjnaz5asvjr4qqba1w2pbe98lw4a0.ebdw/tfdGC;mw,/-bN.XfrbU/%F0%BF%86%80a0CcEo/\",\n      \"info\": \"PEyv\"\n    }\n  },\n  {\n    \"title\": \"block sample 5\",\n    \"value\": {\n      \"name\": \"fMZ\",\n      \"ay\": 1952,\n      \"assign\": \"j$H\",\n      \"match\": \"AGLx\",\n      \"satisfy\": \"!Ov\\\"%i7^\",\n      \"url\": \"https://9ca5b4.9eeazhdyl-c95ks4fhda5hf.dda6-6m.ba//KT9$.nu\",\n      \"info\": \"\",\n      \"i\\\"RH?X\": {\n        \"ay\": 1997,\n        \"assign\": \"=%\",\n        \"match\": {\n          \"or\": [\n            \"PO8\",\n            \"JQ1846R\"\n          ]\n        },\n        \"satisfy\": {\n          \"and\": [\n            {\n              \"or\": [\n                \"z)h`?r\",\n                \"df1J|9\",\n                \"M@KSd\"\n              ]\n            },\n            \"JX&\"\n          ]\n        },\n        \"url\": \"https://3i844aanimmpg0c.j2e.d0fb7hzrwfuz3c9851e7da7r-a6-qohn7.w9vgg-qeg3nq7wkutg-dgc96k-ckz9k5283ozib4m5palfpkf3xw83xy.mz//A~lA:7/K/%F1%B7%B1%A2%F2%A6%8E%96%F2%BA%99%A99ITt%F0%A0%A5%AA/nCy/c=rngc@a%30a\",\n        \"info\": \"o$\",\n        \"isSelectable\": true\n      }\n    }\n  },\n  {\n    \"title\": \"block sample 6\",\n    \"value\": {\n      \"name\": \"{\",\n      \"ay\": 2025,\n      \"assign\": \"v$4M5`JFAg\",\n      \"satisfy\": \"BntqdN/HN=\",\n      \"info\": \"\",\n      \"isSelectable\": true\n    }\n  },\n  {\n    \"title\": \"block sample 7\",\n    \"value\": {\n      \"name\": \"QP)~*\",\n      \"ay\": 2017,\n      \"assign\": [\n        \"P$\",\n        \">.7\",\n        \"R{7O7h.\"\n      ],\n      \"match\": [\n        {\n          \"pattern\": \"JD*5x4\",\n          \"exclude\": [\n            \"LU0x\",\n            \"OR79W\",\n            \"SP1Y\",\n            \"SV*U\"\n          ]\n        },\n        {\n          \"or\": [\n            \"DH43\",\n            \"EBA4966\"\n          ]\n        },\n        \"VM3\"\n      ],\n      \"satisfy\": [],\n      \"url\": \"http://jee.ea6b.dzz/tG8z'%F0%BC%BB%B6/3%F4%84%AD%B2ha~0%F4%82%A8%A9//3(dpW\",\n      \"isSelectable\": true\n    }\n  },\n  {\n    \"title\": \"block sample 8\",\n    \"value\": {\n      \"name\": \"\",\n      \"ay\": 1965,\n      \"assign\": \"Hbvj0(Q\",\n      \"match\": \"SK74\",\n      \"satisfy\": {\n        \"mc\": \">=196\"\n      },\n      \"info\": \"$&\"\n    }\n  },\n  {\n    \"title\": \"block sample 9\",\n    \"value\": {\n      \"name\": \"*=E\",\n      \"ay\": 1957,\n      \"match\": [\n        {\n          \"pattern\": \"TO258\",\n          \"exclude\": \"LH654\",\n          \"info\": \"+Dz\"\n        },\n        {\n          \"or\": [\n            \"RP2M\",\n            \"WD7x6\"\n          ]\n        }\n      ],\n      \"satisfy\": [\n        \")'qC\",\n        {\n          \"mc\": \">=1\"\n        },\n        {\n          \"and\": [\n            \"PR\",\n            {\n              \"and\": [\n                \"iH|wADM\",\n                \"\"\n              ]\n            },\n            \"NjmCN%!\",\n            {\n              \"or\": [\n                \"\",\n                \"#+>}-\\\"!9f\",\n                \"A,\",\n                {\n                  \"or\": []\n                },\n                \"bl/6y\"\n              ]\n            },\n            {\n              \"and\": [\n                {\n                  \"or\": [\n                    \"'\\\"'%\\\\5!%$%\",\n                    {\n                      \"and\": [\n                        \"\"\n                      ]\n                    },\n                    \",iK+\",\n                    \"R'\",\n                    {\n                      \"or\": [\n                        \"E67]VYDFYZ\",\n                        \"%ZW\",\n                        \"fHW4/Z<M\"\n                      ]\n                    }\n                  ]\n                }\n              ]\n            }\n          ]\n        },\n        \"{xaitL^Ez\"\n      ],\n      \"url\": \"https://d3yeqndndiwacu8yxj.imbygroy//H98d=/He\",\n      \"info\": \"zaWp\",\n      \"isSelectable\": true,\n      \"4\\\"L$6gR.\": {\n        \"name\": \"9L\",\n        \"ay\": 1998,\n        \"assign\": [\n          \"e ?\"\n        ],\n        \"satisfy\": [\n          {\n            \"and\": [\n              {\n                \"mc\": \"<=92\"\n              },\n              \"s(pfbSFH\",\n              {\n                \"mc\": \"<=143\"\n              },\n              {\n                \"mc\": \">=180\"\n              },\n              \"\\\\2)&gGk\"\n            ]\n          }\n        ],\n        \"url\": \"https://gj9p.ednkdvj/%E0%A2%A2m.6,~/.Ka/Q%E7%97%A2&rnn!_/v%F0%96%8B%89IQC6%F2%82%94%B5tQ/GV(/Y/,tr0/Lm%F0%A9%BB%9E~7/bODxU3pgt\",\n        \"info\": \"Z)tn\",\n        \"isSelectable\": true,\n        \":(HX\": {\n          \"ay\": 1954,\n          \"assign\": [\n            \"Aw{u\"\n          ],\n          \"match\": \"MLQ7391D\",\n          \"url\": \"https://a.j6kx52cpepuq9exovfthgt.4d2759n8j6i6nph0ltguqtskx3uq9h.ng/:xB%F0%BB%B3%93%F1%84%AF%82v7iso/@V8\",\n          \"info\": \"B?W\",\n          \"isSelectable\": true\n        },\n        \"QO\": {\n          \"ay\": 1996,\n          \"assign\": \"d`2D(,tbT\",\n          \"match\": \"NSN73\",\n          \"satisfy\": {\n            \"or\": [\n              {\n                \"or\": [\n                  \"h91\",\n                  {\n                    \"or\": [\n                      \"ybr%XPJYP\",\n                      {\n                        \"or\": [\n                          {\n                            \"or\": [\n                              \"o,<ndkm52\"\n                            ]\n                          },\n                          {\n                            \"or\": [\n                              \"2\"\n                            ]\n                          }\n                        ]\n                      },\n                      \"@/G\",\n                      {\n                        \"mc\": \"<=121\"\n                      }\n                    ]\n                  }\n                ]\n              }\n            ]\n          },\n          \"url\": \"https://e54etw9fymu27likao139pv7jmuuzav6z2jikw5gizwrp.zzszy3f56e-wbmgom6tfesntsy-fxt5sv49ff4e-kmr.j-n835rhrh9xz96owrlxqxfe-ozb3uyvjws2yb4gr1y3t8.woe/kJ=/%F1%95%99%88&/d8j\",\n          \"info\": \".\",\n          \"isSelectable\": true\n        },\n        \"-l\": {\n          \"name\": \"A\",\n          \"assign\": [],\n          \"match\": [\n            \"OEX958U\",\n            {\n              \"or\": [\n                {\n                  \"or\": [\n                    \"YCxE\",\n                    \"BMZ195P\",\n                    \"PO6B\",\n                    \"UA4A\"\n                  ]\n                },\n                {\n                  \"pattern\": \"EK2\",\n                  \"exclude\": [],\n                  \"info\": \"z)cxh}!]15\"\n                },\n                {\n                  \"or\": [\n                    {\n                      \"and\": []\n                    }\n                  ]\n                },\n                {\n                  \"pattern\": \"CAx035T\",\n                  \"exclude\": [\n                    \"BJ8\",\n                    \"FJ364\",\n                    \"YQ21U\",\n                    \"OP9*xI\"\n                  ],\n                  \"info\": \"|\\\"ncB5\"\n                }\n              ]\n            }\n          ],\n          \"satisfy\": {\n            \"and\": [\n              {\n                \"mc\": \">=11\"\n              },\n              {\n                \"and\": [\n                  \"T7J;0Av4\",\n                  {\n                    \"mc\": \"<=41\"\n                  },\n                  \"D~7LPvw\",\n                  {\n                    \"or\": []\n                  },\n                  {\n                    \"mc\": \">=144\"\n                  }\n                ]\n              },\n              {\n                \"mc\": \">=23\"\n              }\n            ]\n          },\n          \"url\": \"http://ybntq6rxwdimypsuhek3szmvfj5cwu5ge.4.ok/AWw,LIvqs/rKz7PS_TzF/r$U~%F0%A4%81%9EV//pAiMQsbm/*Q/V4(%F2%94%94%9EP,E/ov!S+\",\n          \"info\": \"1dQ-,?%\",\n          \"isSelectable\": true\n        },\n        \"mF&*[qg<Z\": {\n          \"name\": \"#;6'^a-\",\n          \"ay\": 1975,\n          \"assign\": [\n            \"W/SH\",\n            \"$\",\n            \"K>m`pI3\",\n            \"|N'>W\",\n            \"\\\\MU\"\n          ],\n          \"match\": [\n            \"WK6\",\n            {\n              \"or\": []\n            },\n            \"CFG4*9*N\",\n            {\n              \"or\": [\n                {\n                  \"or\": [\n                    \"WC*2D\",\n                    {\n                      \"and\": []\n                    },\n                    {\n                      \"or\": []\n                    },\n                    \"SPG6\",\n                    \"CN205E\"\n                  ]\n                },\n                {\n                  \"or\": [\n                    {\n                      \"or\": [\n                        {\n                          \"or\": []\n                        },\n                        {\n                          \"pattern\": \"EF35K\",\n                          \"exclude\": [\n                            \"PRA4xY\",\n                            \"CXM431C\",\n                            \"RI454A\"\n                          ]\n                        },\n                        {\n                          \"and\": [\n                            \"WRK23\",\n                            \"GN2023\",\n                            \"NQ37*Q\"\n                          ]\n                        },\n                        \"DOV19L\",\n                        \"ZD7R\"\n                      ]\n                    }\n                  ]\n                }\n              ]\n            },\n            {\n              \"pattern\": \"JK15*H\",\n              \"exclude\": \"OMK856\"\n            }\n          ],\n          \"satisfy\": [\n            {\n              \"mc\": \">=4\"\n            },\n            {\n              \"mc\": \"<=109\"\n            },\n            {\n              \"and\": [\n                {\n                  \"and\": [\n                    {\n                      \"or\": [\n                        \"a\"\n                      ]\n                    },\n                    \"`yh.;UT)Pn\",\n                    {\n                      \"and\": [\n                        \"\",\n                        \"aiHc:v=\"\n                      ]\n                    },\n                    \"m&#Kc1\"\n                  ]\n                },\n                {\n                  \"or\": []\n                }\n              ]\n            },\n            {\n              \"mc\": \">=144\"\n            },\n            {\n              \"mc\": \">=148\"\n            }\n          ],\n          \"url\": \"https://2.sg7a5wekvnd6uu2yx.j.05irxdfgaa870q063i3eqvmdz1whqhbg14zue3rtsgk.dav.don/bZ:uu8%F2%85%A0%B3CH*/axUk///A=33h$bGx/X6vA%F2%86%86%82%F3%86%86%93vbTz/~%F1%B2%96%94d0aAa/L-F/\",\n          \"info\": \"wZ\",\n          \"isSelectable\": true\n        },\n        \"j\": {\n          \"ay\": 2026,\n          \"match\": [\n            {\n              \"or\": [\n                {\n                  \"pattern\": \"BP7637B\",\n                  \"info\": \"89J\"\n                }\n              ]\n            }\n          ],\n          \"satisfy\": {\n            \"mc\": \">=98\"\n          },\n          \"info\": \"S/e\",\n          \"isSelectable\": true,\n          \"6ouB+i'j!P\": {\n            \"name\": \"r*\",\n            \"ay\": 2004,\n            \"assign\": [\n              \"a3(\\\"{~6D\",\n              \"Bc_\",\n              \"iA_~Y!}\"\n            ],\n            \"match\": [],\n            \"satisfy\": {\n              \"or\": [\n                {\n                  \"mc\": \">=60\"\n                }\n              ]\n            },\n            \"url\": \"https://c6i4ckk.74jmbzhcacn70frz4hkthymcdi.umw/0//d0EWt*4go/n@:EVY\",\n            \"isSelectable\": true\n          },\n          \"i@wLU,\": {\n            \"name\": \"rfW+qL7G\",\n            \"ay\": 1961,\n            \"match\": \"YUG883*\",\n            \"url\": \"https://uez2yj1q9y8tmi3xu8u3-mp819zmbt394s.tre.0ya6oy.3xo-dhtvlc0l3bv-5phtbjeh.bau2upfbmmhr2mmwdmbs0n6jeethyca.anaybsiodo/(u%F1%8E%8D%88XHOvBA/6/nUp'ZVcjTI/%F2%99%82%A9/Z;pix)bysH\",\n            \"info\": \"zHhRGer,g/\",\n            \"isSelectable\": true,\n            \"/&n$(p<n %\": {\n              \"ay\": 1986,\n              \"assign\": \"\",\n              \"match\": [\n                {\n                  \"pattern\": \"HZ*056\",\n                  \"exclude\": \"JXXx40N\",\n                  \"info\": \"7fIW$S(y9\"\n                },\n                {\n                  \"or\": [\n                    {\n                      \"and\": [\n                        {\n                          \"pattern\": \"UQ30V\",\n                          \"exclude\": [\n                            \"ZJ*7*0P\"\n                          ],\n                          \"info\": \"kY-UhE~\"\n                        }\n                      ]\n                    },\n                    {\n                      \"and\": []\n                    },\n                    {\n                      \"or\": [\n                        \"KH*8*5\",\n                        {\n                          \"pattern\": \"ON3275\",\n                          \"exclude\": [\n                            \"VA70G\",\n                            \"UTOx233\"\n                          ],\n                          \"info\": \"Cv, \"\n                        },\n                        {\n                          \"and\": [\n                            {\n                              \"pattern\": \"HVC614S\",\n                              \"exclude\": \"MRS0\",\n                              \"info\": \"ks\\\"q\"\n                            },\n                            \"LCS1E\",\n                            {\n                              \"or\": [\n                                \"AE73Y\",\n                                \"AP0A\",\n                                \"BKxH\",\n                                \"SKQ7\"\n                              ]\n                            }\n                          ]\n                        }\n                      ]\n                    },\n                    {\n                      \"and\": [\n                        {\n                          \"and\": [\n                            {\n                              \"pattern\": \"PZ*9xX\",\n                              \"info\": \"8umV6j]oA\"\n                            },\n                            {\n                              \"or\": [\n                                \"DK*62\",\n                                \"PH71x\",\n                                {\n                                  \"and\": [\n                                    {\n                                      \"and\": [\n                                        \"WU9272\",\n                                        \"CTQ93*C\"\n                                      ]\n                                    },\n                                    \"JN847\",\n                                    \"PWL309\",\n                                    \"HUA99\"\n                                  ]\n                                },\n                 
[...]
              "err": {},
              "uuid": "f7e73cfb-dbce-4302-a088-bb67499c4da3",
              "parentUUID": "d05a54bb-5ea7-47a3-9393-581cb8e8e11a",
              "isHook": false,
              "skipped": false
            }
          ],
          "suites": [],
          "passes": [
            "e63f462a-b482-49cd-9075-cc9f6a3c211d",
            "2835bd93-3f43-4b76-ab08-2f3bc8ea505b",
            "f81d821c-d522-473d-b4be-ae0b016dd857",
            "e29673e3-944d-40c6-bc71-6062dbe038be",
            "0eba57d9-5d30-4a88-b31a-e7886c832432",
            "cd8065f1-59c7-4333-91b7-4e69db457d3d",
            "f7e73cfb-dbce-4302-a088-bb67499c4da3"
          ],
          "failures": [],
          "pending": [],
          "skipped": [],
          "duration": 0,
          "root": false,
          "rootEmpty": false,
          "_timeout": 2000
        },
        {
          "uuid": "9b06fdfe-08bd-4c47-b0bf-e3395e563a3c",
          "title": "inequalitySchema",
          "fullFile": "/home/runner/work/planwithus-lib/planwithus-lib/src/satisfyRule/inequality/schemas.test.ts",
          "file": "/src/satisfyRule/inequality/schemas.test.ts",
          "beforeHooks": [],
          "afterHooks": [],
          "tests": [
            {
              "title": "should validate inequality in the form <=n or >=n",
              "fullTitle": "inequalitySchema should validate inequality in the form <=n or >=n",
              "timedOut": false,
              "duration": 1,
              "state": "passed",
              "speed": "fast",
              "pass": true,
              "fail": false,
              "pending": false,
              "context": "[\n  {\n    \"title\": \"inequality sample 0\",\n    \"value\": \"<=5\"\n  },\n  {\n    \"title\": \"inequality sample 1\",\n    \"value\": \">=194\"\n  },\n  {\n    \"title\": \"inequality sample 2\",\n    \"value\": \"<=1\"\n  },\n  {\n    \"title\": \"inequality sample 3\",\n    \"value\": \"<=168\"\n  },\n  {\n    \"title\": \"inequality sample 4\",\n    \"value\": \">=6\"\n  },\n  {\n    \"title\": \"inequality sample 5\",\n    \"value\": \">=1\"\n  },\n  {\n    \"title\": \"inequality sample 6\",\n    \"value\": \">=195\"\n  },\n  {\n    \"title\": \"inequality sample 7\",\n    \"value\": \">=8\"\n  },\n  {\n    \"title\": \"inequality sample 8\",\n    \"value\": \"<=100\"\n  },\n  {\n    \"title\": \"inequality sample 9\",\n    \"value\": \">=21\"\n  }\n]",
              "code": "(0, fast_check_1.sample)(index_test_2.inequality, 10).forEach((sample, i) => (0, addContext_1.default)(this, {\n    title: `inequality sample ${i}`,\n    value: sample,\n}));\nreturn (0, fast_check_1.assert)((0, fast_check_1.property)(index_test_2.inequality, ajvValidate));",
              "err": {},
              "uuid": "203c3af7-6223-4752-8050-08973966a007",
              "parentUUID": "9b06fdfe-08bd-4c47-b0bf-e3395e563a3c",
              "isHook": false,
              "skipped": false
            },
            {
              "title": "should not validate inequality of invalid form",
              "fullTitle": "inequalitySchema should not validate inequality of invalid form",
              "timedOut": false,
              "duration": 1,
              "state": "passed",
              "speed": "fast",
              "pass": true,
              "fail": false,
              "pending": false,
              "context": null,
              "code": "[\n        \"\",\n        \"==23\",\n        \"23\",\n        \"<23\",\n        \">23\",\n        \"<=-1\",\n        \">=-1\",\n        \"<= 2\",\n        \">= 1\",\n        \"> 3\",\n        \"< 3\",\n        \"<=3a\",\n        \">=3a\",\n        \"a<=3\",\n        \"a>=3\",\n    ].forEach(isInvalidInequality)",
              "err": {},
              "uuid": "06ff1522-8108-49dc-9e2c-bb95d7ef4a39",
              "parentUUID": "9b06fdfe-08bd-4c47-b0bf-e3395e563a3c",
              "isHook": false,
              "skipped": false
            }
          ],
          "suites": [],
          "passes": [
            "203c3af7-6223-4752-8050-08973966a007",
            "06ff1522-8108-49dc-9e2c-bb95d7ef4a39"
          ],
          "failures": [],
          "pending": [],
          "skipped": [],
          "duration": 2,
          "root": false,
          "rootEmpty": false,
          "_timeout": 2000
        },
        {
          "uuid": "bdd72330-8856-46ca-b463-459a8fcb229b",
          "title": "satisfyRuleSchema",
          "fullFile": "/home/runner/work/planwithus-lib/planwithus-lib/src/satisfyRule/schemas.test.ts",
          "file": "/src/satisfyRule/schemas.test.ts",
          "beforeHooks": [],
          "afterHooks": [],
          "tests": [
            {
              "title": "should validate satisfy rule with valid block id",
              "fullTitle": "satisfyRuleSchema should validate satisfy rule with valid block id",
              "timedOut": false,
              "duration": 1,
              "state": "passed",
              "speed": "fast",
              "pass": true,
              "fail": false,
              "pending": false,
              "context": null,
              "code": "0, fast_check_1.assert)((0, fast_check_1.property)((0, fast_check_1.string)(), ajvValidate)",
              "err": {},
              "uuid": "4e035b8a-17fe-4bb1-b768-81265806a323",
              "parentUUID": "bdd72330-8856-46ca-b463-459a8fcb229b",
              "isHook": false,
              "skipped": false
            },
            {
              "title": "should validate satisfy rules with valid mc",
              "fullTitle": "satisfyRuleSchema should validate satisfy rules with valid mc",
              "timedOut": false,
              "duration": 1,
              "state": "passed",
              "speed": "fast",
              "pass": true,
              "fail": false,
              "pending": false,
              "context": "[\n  {\n    \"title\": \"mcSatisfyRule sample 0\",\n    \"value\": {\n      \"mc\": \">=122\"\n    }\n  },\n  {\n    \"title\": \"mcSatisfyRule sample 1\",\n    \"value\": {\n      \"mc\": \">=87\"\n    }\n  },\n  {\n    \"title\": \"mcSatisfyRule sample 2\",\n    \"value\": {\n      \"mc\": \">=3\"\n    }\n  },\n  {\n    \"title\": \"mcSatisfyRule sample 3\",\n    \"value\": {\n      \"mc\": \">=52\"\n    }\n  },\n  {\n    \"title\": \"mcSatisfyRule sample 4\",\n    \"value\": {\n      \"mc\": \">=194\"\n    }\n  },\n  {\n    \"title\": \"mcSatisfyRule sample 5\",\n    \"value\": {\n      \"mc\": \"<=93\"\n    }\n  },\n  {\n    \"title\": \"mcSatisfyRule sample 6\",\n    \"value\": {\n      \"mc\": \"<=146\"\n    }\n  },\n  {\n    \"title\": \"mcSatisfyRule sample 7\",\n    \"value\": {\n      \"mc\": \">=6\"\n    }\n  },\n  {\n    \"title\": \"mcSatisfyRule sample 8\",\n    \"value\": {\n      \"mc\": \"<=193\"\n    }\n  },\n  {\n    \"title\": \"mcSatisfyRule sample 9\",\n    \"value\": {\n      \"mc\": \"<=66\"\n    }\n  }\n]",
              "code": "(0, fast_check_1.sample)(index_test_2.mcSatisfyRule, 10).forEach((sample, i) => (0, addContext_1.default)(this, {\n    title: `mcSatisfyRule sample ${i}`,\n    value: sample,\n}));\nreturn (0, fast_check_1.assert)((0, fast_check_1.property)(index_test_2.mcSatisfyRule, ajvValidate));",
              "err": {},
              "uuid": "b57cb1ca-d3a6-4295-946d-e62a8a70196b",
              "parentUUID": "bdd72330-8856-46ca-b463-459a8fcb229b",
              "isHook": false,
              "skipped": false
            },
            {
              "title": "should validate valid recursive satisfy rules",
              "fullTitle": "satisfyRuleSchema should validate valid recursive satisfy rules",
              "timedOut": false,
              "duration": 3,
              "state": "passed",
              "speed": "fast",
              "pass": true,
              "fail": false,
              "pending": false,
              "context": "[\n  {\n    \"title\": \"satisfyRule sample 0\",\n    \"value\": {\n      \"mc\": \"<=28\"\n    }\n  },\n  {\n    \"title\": \"satisfyRule sample 1\",\n    \"value\": {\n      \"or\": [\n        {\n          \"or\": [\n            {\n              \"mc\": \"<=83\"\n            },\n            {\n              \"mc\": \"<=121\"\n            },\n            \"WH'X16x*\"\n          ]\n        },\n        {\n          \"or\": [\n            {\n              \"and\": []\n            },\n            \"5EdsH%O_5\",\n            \"Iub(q?\",\n            {\n              \"and\": []\n            },\n            \"}\\\\c*_vZ\"\n          ]\n        }\n      ]\n    }\n  },\n  {\n    \"title\": \"satisfyRule sample 2\",\n    \"value\": {\n      \"or\": [\n        \"Hj\",\n        {\n          \"mc\": \">=35\"\n        },\n        {\n          \"or\": [\n            {\n              \"or\": [\n                \"\",\n                {\n                  \"or\": [\n                    \"BjC\\\"q<q\",\n                    \"t\\\\^dZS\"\n                  ]\n                },\n                {\n                  \"mc\": \">=150\"\n                }\n              ]\n            },\n            {\n              \"mc\": \"<=21\"\n            },\n            \"\"\n          ]\n        }\n      ]\n    }\n  },\n  {\n    \"title\": \"satisfyRule sample 3\",\n    \"value\": \"XE\"\n  },\n  {\n    \"title\": \"satisfyRule sample 4\",\n    \"value\": {\n      \"and\": [\n        {\n          \"mc\": \"<=88\"\n        },\n        {\n          \"or\": [\n            {\n              \"and\": [\n                {\n                  \"or\": []\n                },\n                {\n                  \"or\": []\n                },\n                \"ke8es\"\n              ]\n            },\n            \"\",\n            \"SP2tW\"\n          ]\n        },\n        {\n          \"mc\": \"<=151\"\n        }\n      ]\n    }\n  },\n  {\n    \"title\": \"satisfyRule sample 5\",\n    \"value\": {\n      \"or\": [\n        {\n          \"mc\": \"<=119\"\n        },\n        {\n          \"mc\": \"<=56\"\n        },\n        \"\",\n        \"\"\n      ]\n    }\n  },\n  {\n    \"title\": \"satisfyRule sample 6\",\n    \"value\": {\n      \"or\": [\n        \"%%\",\n        {\n          \"or\": [\n            \">xFl>a\",\n            {\n              \"mc\": \">=123\"\n            }\n          ]\n        },\n        {\n          \"and\": [\n            \"\"\n          ]\n        },\n        {\n          \"or\": [\n            \"\",\n            {\n              \"or\": [\n                {\n                  \"mc\": \"<=143\"\n                },\n                \"Xt(&u\\\\-A\",\n                {\n                  \"or\": []\n                }\n              ]\n            }\n          ]\n        }\n      ]\n    }\n  },\n  {\n    \"title\": \"satisfyRule sample 7\",\n    \"value\": {\n      \"or\": [\n        {\n          \"and\": [\n            {\n              \"or\": [\n                \":rJ#\\\"\",\n                \"|G\",\n                \"R:\",\n                \"UD3e'o|\"\n              ]\n            },\n            \"IzJ-b'^t\"\n          ]\n        },\n        \"Af-7\\\"6KBM+\"\n      ]\n    }\n  },\n  {\n    \"title\": \"satisfyRule sample 8\",\n    \"value\": {\n      \"or\": [\n        {\n          \"and\": [\n            \"1\",\n            {\n              \"and\": [\n                {\n                  \"or\": [\n                    \"'$w\",\n                    \"Pzdl#*rP$\"\n                  ]\n                },\n                {\n                  \"mc\": \">=38\"\n                },\n                \"_}YF\",\n                \"T\",\n                \"S\"\n              ]\n            }\n          ]\n        },\n        {\n          \"and\": [\n            \"\",\n            {\n              \"or\": [\n                {\n                  \"or\": [\n                    \"LLa\",\n                    \"v3TGi@^E\",\n                    \"JJZ\\\\?.V$yT\",\n                    {\n                      \"or\": []\n                    }\n                  ]\n                }\n              ]\n            },\n            \"\",\n            \"ZUIYA\"\n          ]\n        },\n        {\n          \"mc\": \">=79\"\n        }\n      ]\n    }\n  },\n  {\n    \"title\": \"satisfyRule sample 9\",\n    \"value\": {\n      \"or\": [\n        {\n          \"and\": [\n            {\n              \"or\": [\n                {\n                  \"mc\": \">=86\"\n                },\n                \"ik\",\n                {\n                  \"or\": [\n                    {\n                      \"and\": []\n                    },\n                    \"\",\n                    {\n                      \"mc\": \"<=184\"\n                    },\n                    \"v[m(\"\n                  ]\n                }\n              ]\n            },\n            \"\",\n            \"e_l\",\n            {\n              \"and\": [\n                \"\",\n                \"\\\"^mcUi\\\"ukq\"\n              ]\n            }\n          ]\n        },\n        \"06]WZrn8\",\n        {\n          \"mc\": \"<=95\"\n        },\n        {\n          \"mc\": \"<=146\"\n        }\n      ]\n    }\n  }\n]",
              "code": "(0, fast_check_1.sample)(index_test_2.satisfyRule, 10).forEach((sample, i) => (0, addContext_1.default)(this, {\n    title: `satisfyRule sample ${i}`,\n    value: sample,\n}));\nreturn (0, fast_check_1.assert)((0, fast_check_1.property)(index_test_2.satisfyRule, ajvValidate));",
              "err": {},
              "uuid": "25699ff9-556c-4d1c-82d8-c2c82d7d1ecc",
              "parentUUID": "bdd72330-8856-46ca-b463-459a8fcb229b",
              "isHook": false,
              "skipped": false
            },
            {
              "title": "should not validate non-string/object",
              "fullTitle": "satisfyRuleSchema should not validate non-string/object",
              "timedOut": false,
              "duration": 1,
              "state": "passed",
              "speed": "fast",
              "pass": true,
              "fail": false,
              "pending": false,
              "context": null,
              "code": "const error = {\n    instancePath: \"\",\n    message: \"satisfy rule should be either a string or an object\",\n};\nisInvalidRule(null, error);\nisInvalidRule(undefined, error);\nisInvalidRule(10, error);\nisInvalidRule([12, 24], error);",
              "err": {},
              "uuid": "ff66dadc-3536-46e3-a5ea-6dc1b785a88f",
              "parentUUID": "bdd72330-8856-46ca-b463-459a8fcb229b",
              "isHook": false,
              "skipped": false
            },
            {
              "title": "should not validate satisfy rules with extra properties",
              "fullTitle": "satisfyRuleSchema should not validate satisfy rules with extra properties",
              "timedOut": false,
              "duration": 0,
              "state": "passed",
              "speed": "fast",
              "pass": true,
              "fail": false,
              "pending": false,
              "context": null,
              "code": "isInvalidRule({\n        and: [\n            { or: [\"2k\"], abc: \"def\" },\n            { mc: 8, ghi: \"jkl\" },\n        ],\n        mno: \"pqr\",\n    }, {\n        instancePath: \"/and/0\",\n        message: \"or satisfy rule should have property 'or' only\",\n    }, {\n        instancePath: \"/and/1\",\n        message: \"MC satisfy rule should have property 'mc' only\",\n    }, {\n        instancePath: \"\",\n        message: \"and satisfy rule should have property 'and' only\",\n    })",
              "err": {},
              "uuid": "55f73c72-3981-4288-bf5c-b72750791689",
              "parentUUID": "bdd72330-8856-46ca-b463-459a8fcb229b",
              "isHook": false,
              "skipped": false
            },
            {
              "title": "should not validate ambiguous satisfy rules",
              "fullTitle": "satisfyRuleSchema should not validate ambiguous satisfy rules",
              "timedOut": false,
              "duration": 1,
              "state": "passed",
              "speed": "fast",
              "pass": true,
              "fail": false,
              "pending": false,
              "context": null,
              "code": "const message = \"satisfy rule should have only one of properties 'mc', 'and', 'or'\";\nisInvalidRule({\n    or: [\n        { mc: 5, and: [\"CS2040\"] },\n        { and: [{ and: [\"abc\"], or: [\"def\"] }] },\n    ],\n}, { instancePath: \"/or/0\", message }, { instancePath: \"/or/1/and/0\", message });",
              "err": {},
              "uuid": "6aed812c-ca94-4ebf-8f57-26d958d4051f",
              "parentUUID": "bdd72330-8856-46ca-b463-459a8fcb229b",
              "isHook": false,
              "skipped": false
            },
            {
              "title": "should not validate and satisfy rules with non-array property",
              "fullTitle": "satisfyRuleSchema should not validate and satisfy rules with non-array property",
              "timedOut": false,
              "duration": 0,
              "state": "passed",
              "speed": "fast",
              "pass": true,
              "fail": false,
              "pending": false,
              "context": null,
              "code": "const message = \"property 'and' should be an array of satisfy rules\";\nisInvalidRule({ or: [{ and: {} }, { or: [{ and: 3 }] }] }, { instancePath: \"/or/0/and\", message }, { instancePath: \"/or/1/or/0/and\", message });",
              "err": {},
              "uuid": "eafe8323-2f5c-4015-8f38-4a0f89ec96a0",
              "parentUUID": "bdd72330-8856-46ca-b463-459a8fcb229b",
              "isHook": false,
              "skipped": false
            },
            {
              "title": "should not validate or satisfy rules with non-array property",
              "fullTitle": "satisfyRuleSchema should not validate or satisfy rules with non-array property",
              "timedOut": false,
              "duration": 1,
              "state": "passed",
              "speed": "fast",
              "pass": true,
              "fail": false,
              "pending": false,
              "context": null,
              "code": "const message = \"property 'or' should be an array of satisfy rules\";\nisInvalidRule({ and: [{ or: {} }, { and: [{ or: 3 }] }] }, { instancePath: \"/and/0/or\", message }, { instancePath: \"/and/1/and/0/or\", message });",
              "err": {},
              "uuid": "d427792c-7a70-45b3-997a-5662613e2db1",
              "parentUUID": "bdd72330-8856-46ca-b463-459a8fcb229b",
              "isHook": false,
              "skipped": false
            }
          ],
          "suites": [],
          "passes": [
            "4e035b8a-17fe-4bb1-b768-81265806a323",
            "b57cb1ca-d3a6-4295-946d-e62a8a70196b",
            "25699ff9-556c-4d1c-82d8-c2c82d7d1ecc",
            "ff66dadc-3536-46e3-a5ea-6dc1b785a88f",
            "55f73c72-3981-4288-bf5c-b72750791689",
            "6aed812c-ca94-4ebf-8f57-26d958d4051f",
            "eafe8323-2f5c-4015-8f38-4a0f89ec96a0",
            "d427792c-7a70-45b3-997a-5662613e2db1"
          ],
          "failures": [],
          "pending": [],
          "skipped": [],
          "duration": 8,
          "root": false,
          "rootEmpty": false,
          "_timeout": 2000
        }
      ],
      "passes": [],
      "failures": [],
      "pending": [],
      "skipped": [],
      "duration": 0,
      "root": true,
      "rootEmpty": true,
      "_timeout": 2000
    }
  ],
  "meta": {
    "mocha": {
      "version": "9.1.4"
    },
    "mochawesome": {
      "options": {
        "quiet": false,
        "reportFilename": "mochawesome",
        "saveHtml": true,
        "saveJson": true,
        "consoleReporter": "spec",
        "useInlineDiffs": false,
        "code": true
      },
      "version": "7.0.1"
    },
    "marge": {
      "options": {
        "reportDir": "docs"
      },
      "version": "6.0.1"
    }
  }
}