{
  "stats": {
    "suites": 6,
    "tests": 29,
    "passes": 29,
    "pending": 0,
    "failures": 0,
    "start": "2021-07-06T02:45:36.528Z",
    "end": "2021-07-06T02:45:36.829Z",
    "duration": 301,
    "testsRegistered": 29,
    "passPercent": 100,
    "pendingPercent": 0,
    "other": 0,
    "hasOther": false,
    "skipped": 0,
    "hasSkipped": false
  },
  "results": [
    {
      "uuid": "2bb148d7-f6d2-4ead-bb94-3921dc9d8b03",
      "title": "",
      "fullFile": "",
      "file": "",
      "beforeHooks": [],
      "afterHooks": [],
      "tests": [],
      "suites": [
        {
          "uuid": "f0a08852-e10e-41c5-ba92-641fe46b4d23",
          "title": "initDirectories",
          "fullFile": "/home/runner/work/planwithus-lib/planwithus-lib/src/block/schemas.test.ts",
          "file": "/src/block/schemas.test.ts",
          "beforeHooks": [],
          "afterHooks": [],
          "tests": [
            {
              "title": "should parse all blocks with no errors",
              "fullTitle": "initDirectories should parse all blocks with no errors",
              "timedOut": false,
              "duration": 3,
              "state": "passed",
              "speed": "fast",
              "pass": true,
              "fail": false,
              "pending": false,
              "context": null,
              "code": "_1.initDirectories.should.not.throw()",
              "err": {},
              "uuid": "f263a129-c781-426f-8b4f-612c5a372ea4",
              "parentUUID": "f0a08852-e10e-41c5-ba92-641fe46b4d23",
              "isHook": false,
              "skipped": false
            },
            {
              "title": "should produce primary, second & minor directories",
              "fullTitle": "initDirectories should produce primary, second & minor directories",
              "timedOut": false,
              "duration": 53,
              "state": "passed",
              "speed": "medium",
              "pass": true,
              "fail": false,
              "pending": false,
              "context": null,
              "code": "const directories = await _1.initDirectories();\ndirectories.should.have.property(\"primary\");\ndirectories.should.have.property(\"second\");\ndirectories.should.have.property(\"minor\");",
              "err": {},
              "uuid": "edd1d908-ef24-4061-a07a-696965ead9e1",
              "parentUUID": "f0a08852-e10e-41c5-ba92-641fe46b4d23",
              "isHook": false,
              "skipped": false
            }
          ],
          "suites": [],
          "passes": [
            "f263a129-c781-426f-8b4f-612c5a372ea4",
            "edd1d908-ef24-4061-a07a-696965ead9e1"
          ],
          "failures": [],
          "pending": [],
          "skipped": [],
          "duration": 56,
          "root": false,
          "rootEmpty": false,
          "_timeout": 2000
        },
        {
          "uuid": "8a539c4e-21bc-4e66-981b-dc8e62340017",
          "title": "blockSchema",
          "fullFile": "/home/runner/work/planwithus-lib/planwithus-lib/src/block/schemas.test.ts",
          "file": "/src/block/schemas.test.ts",
          "beforeHooks": [],
          "afterHooks": [],
          "tests": [
            {
              "title": "should validate valid block",
              "fullTitle": "blockSchema should validate valid block",
              "timedOut": false,
              "duration": 178,
              "state": "passed",
              "speed": "slow",
              "pass": true,
              "fail": false,
              "pending": false,
              "context": "[\n  {\n    \"title\": \"block sample 0\",\n    \"value\": {\n      \"name\": \"S{u\",\n      \"assign\": \"l,19\",\n      \"match\": [\n        {\n          \"and\": [\n            {\n              \"and\": [\n                \"EFM2R\",\n                {\n                  \"and\": [\n                    \"ITP89\"\n                  ]\n                },\n                \"YPT20\",\n                {\n                  \"pattern\": \"LW9104D\",\n                  \"exclude\": \"CIB1H\",\n                  \"info\": \"f>k-Xz\"\n                }\n              ]\n            },\n            {\n              \"and\": []\n            },\n            {\n              \"or\": [\n                \"HT16x5\",\n                \"KS67xx\",\n                {\n                  \"pattern\": \"NA40\",\n                  \"exclude\": [\n                    \"UT53\",\n                    \"CIK9\",\n                    \"SUY8967\",\n                    \"LWWx\"\n                  ],\n                  \"info\": \"n$Y~l|\"\n                },\n                \"EV2\"\n              ]\n            }\n          ]\n        }\n      ],\n      \"satisfy\": {\n        \"mc\": \"<=195\"\n      },\n      \"url\": \"http://t5j5pqnuzay3g2vkfmioyiwddlthb3il8epyhaf.b9779.1.ul\",\n      \"info\": \"\\\"y\"\n    }\n  },\n  {\n    \"title\": \"block sample 1\",\n    \"value\": {\n      \"name\": \"\",\n      \"ay\": 1954,\n      \"assign\": [\n        \"$i~NR P%F$\"\n      ],\n      \"match\": [\n        {\n          \"or\": [\n            {\n              \"and\": [\n                \"IFR9x6\"\n              ]\n            }\n          ]\n        },\n        {\n          \"pattern\": \"SW5\",\n          \"info\": \" Cw\"\n        },\n        {\n          \"pattern\": \"UZ8\",\n          \"exclude\": [\n            \"IM*6\"\n          ],\n          \"info\": \"QRC\"\n        }\n      ],\n      \"satisfy\": \"|*cSk+aEf'\",\n      \"url\": \"https://73a4hdt3o9qcftu350vo7ftm6b-t9loodqcd7rs.6zf75bie6j.px/5G%F0%A1%B5%B7*ss%F2%92%BE%8F(y/8*f9WU/eSOT&//lceK;r%F1%88%A9%B3=\",\n      \"_$o |>o{\": {\n        \"ay\": 1982,\n        \"assign\": [\n          \"Kn6\",\n          \"PpoU1^\",\n          \"+|P~_+jb\"\n        ],\n        \"match\": \"GLH3x14\",\n        \"satisfy\": [\n          {\n            \"or\": [\n              \":>j6RF\",\n              {\n                \"mc\": \"<=121\"\n              },\n              \"1G%9\",\n              {\n                \"or\": [\n                  {\n                    \"mc\": \"<=87\"\n                  },\n                  \"3.=pO&\",\n                  \"Ess,-j?0`=\",\n                  \"%\"\n                ]\n              },\n              {\n                \"and\": [\n                  \"\",\n                  \"?-u1=\",\n                  \"{keV\"\n                ]\n              }\n            ]\n          }\n        ],\n        \"url\": \"http://y-zbo3gw57j5xlhm4zlccck53ou4n9t1jg1il8ykp27uud04lewhx229c-v7mcn.lm0yaxq96g94j702szx8dvlpvu61b7f29x7.atszps/zp%F2%A6%A1%B7;s%F2%9F%BB%83wX4/F6rl8J/')/xN1/4/gQ9+%F3%BD%BD%97/kW/7l\",\n        \"info\": \"-\",\n        \"%5S.wm\": {\n          \"name\": \"R\",\n          \"ay\": 2022,\n          \"assign\": [\n            \"gj\",\n            \"\",\n            \"-}vOw\\\\:\"\n          ],\n          \"match\": {\n            \"or\": [\n              {\n                \"pattern\": \"KMZ3\",\n                \"exclude\": \"ON8738M\",\n                \"info\": \"A?\"\n              },\n              {\n                \"pattern\": \"NZW25\",\n                \"exclude\": [\n                  \"FH6I\",\n                  \"CLZ6783\",\n                  \"NCQ6\",\n                  \"NV27x6\"\n                ],\n                \"info\": \"9\"\n              },\n              {\n                \"or\": []\n              }\n            ]\n          },\n          \"satisfy\": [\n            \"#g<~:62GzD\",\n            {\n              \"and\": [\n                {\n                  \"and\": [\n                    {\n                      \"mc\": \"<=50\"\n                    },\n                    \"\"\n                  ]\n                },\n                \"Z\"\n              ]\n            },\n            {\n              \"mc\": \"<=10\"\n            }\n          ],\n          \"url\": \"https://cs-f6dm8c.qob0cc81b.qsrutuk71yn88yy-ejdnmghzzvaiukwgt6eiac8.gsczevid//KnA)Jj4/=~/\",\n          \"info\": \"Fmyvo D7)^\"\n        },\n        \"O{c?\": {\n          \"name\": \"x~HB%!iwF\",\n          \"ay\": 2010,\n          \"assign\": [],\n          \"match\": {\n            \"and\": [\n              {\n                \"and\": [\n                  {\n                    \"or\": [\n                      \"UK*C\",\n                      {\n                        \"and\": [\n                          \"SHG3\",\n                          \"RP8x72\"\n                        ]\n                      },\n                      \"RE6\"\n                    ]\n                  },\n                  {\n                    \"and\": []\n                  },\n                  {\n                    \"or\": [\n                      \"IIX*45*\",\n                      \"VL358A\"\n                    ]\n                  },\n                  {\n                    \"or\": []\n                  }\n                ]\n              },\n              {\n                \"and\": [\n                  {\n                    \"or\": [\n                      \"KJSx5\",\n                      \"JY7*2\",\n                      {\n                        \"pattern\": \"IJC21\",\n                        \"info\": \"\"\n                      }\n                    ]\n                  },\n                  \"OVB327\",\n                  {\n                    \"or\": [\n                      {\n                        \"pattern\": \"HW3xR\",\n                        \"info\": \"#{So?\"\n                      },\n                      {\n                        \"and\": [\n                          \"UR23N\",\n                          {\n                            \"and\": [\n                              \"TWL167\",\n                              \"WC8604\",\n                              \"NJ461X\",\n                              \"SQ3Y\"\n                            ]\n                          },\n                          \"RQL4247\"\n                        ]\n                      }\n                    ]\n                  },\n                  {\n                    \"pattern\": \"TA7*58Q\",\n                    \"exclude\": \"ODF**7V\",\n                    \"info\": \"7NHSo_\"\n                  },\n                  {\n                    \"pattern\": \"UW3\"\n                  }\n                ]\n              },\n              {\n                \"pattern\": \"BGX5\",\n                \"exclude\": \"GF469N\",\n                \"info\": \"D$%gk\"\n              },\n              {\n                \"and\": [\n                  {\n                    \"pattern\": \"MTJ*450\",\n                    \"exclude\": \"WD2146\"\n                  },\n                  {\n                    \"pattern\": \"HY03*\",\n                    \"exclude\": \"XU5V\",\n                    \"info\": \"KbY\"\n                  },\n                  {\n                    \"or\": []\n                  },\n                  {\n                    \"or\": [\n                      \"BC**20V\",\n                      \"ZTM4\",\n                      \"TT*B\",\n                      {\n                        \"or\": []\n                      }\n                    ]\n                  }\n                ]\n              },\n              {\n                \"or\": [\n                  \"XG21\",\n                  \"AQNx612\",\n                  {\n                    \"and\": [\n                      {\n                        \"and\": [\n                          \"UE7x38\",\n                          {\n                            \"or\": [\n                              \"RDA1068J\",\n                              {\n                                \"pattern\": \"RR0943\",\n                                \"exclude\": [],\n                                \"info\": \">d4D| 9e\"\n                              },\n                              \"MJU9\",\n                              \"VH7H\",\n                              \"RPI9\"\n                            ]\n                          },\n                          \"BJ**H\",\n                          \"WYx19R\"\n                        ]\n                      },\n                      \"FGR73X\"\n                    ]\n                  },\n                  {\n                    \"pattern\": \"LAL*W\",\n                    \"info\": \"\"\n                  }\n                ]\n              }\n            ]\n          },\n          \"satisfy\": \"L\",\n          \"url\": \"https://63h7qesg57tmp2xma4p3hii7zkzbgc3btvv5yv--gzwm9d4b4ta4o2q.xifgkej-cog5ylm.ztr-cha14uwazyv2nbpeis0aymccz61axh4nasv66922qk700.g1s5ni0z8sm8nv0d.lg9k86cak8.mmpkvjbnbk/D/!c/7w0/F~bMMbb/t%F3%BB%A4%86/1AxSp%F0%BE%86%B3Wp/X%F1%AE%B6%B85//:$\",\n          \"info\": \"tQxp\"\n        },\n        \"ReJ\": {\n          \"name\": \"\",\n          \"ay\": 1963,\n          \"assign\": [\n            \"HH\",\n            \"{>3Xf_@;f\",\n            \"X#F<,\",\n            \"F1eGoh\",\n            \"wZ}?Vq\\\"#?\"\n          ],\n          \"match\": {\n            \"pattern\": \"RAC29\",\n            \"info\": \"\"\n          },\n          \"satisfy\": \"DpP9Y[\",\n          \"url\": \"https://3-bxop0.883dobc0l-s5j2j1lui4xb91jjwnlefn-fsg.p.w3e5u3yz4g6n99nxws-2q6aew5o.eyelj/D9=Ij8rF$E/&=j%EF%8C%A20:lk/FlU!+/5/tz/KS44YWYX/%F3%8D%9F%A8&0=/j/_YGDP%F3%A1%8A%98Rga0/9.)Sj\"\n        },\n        \"\": {\n          \"name\": \"w;xE).FG\",\n          \"ay\": 2018,\n          \"assign\": [\n            \"Tk\",\n            \"OH\\\\$bJm,BE\",\n            \"\"\n          ],\n          \"match\": {\n            \"or\": [\n              {\n                \"and\": [\n                  \"KJ865*U\",\n                  {\n                    \"pattern\": \"INK666\",\n                    \"exclude\": \"KCV608*I\",\n                    \"info\": \"{Pd}@)i]m|\"\n                  }\n                ]\n              },\n              {\n                \"or\": [\n                  \"WK120P\",\n                  \"DNE715\",\n                  {\n                    \"and\": [\n                      \"CA660\",\n                      \"HQA88\",\n                      \"IW37x\",\n                      {\n                        \"or\": [\n                          \"LV8*60\",\n                          {\n                            \"pattern\": \"CA5\",\n                            \"exclude\": \"NLG8126\",\n                            \"info\": \"8\"\n                          }\n                        ]\n                      }\n                    ]\n                  }\n                ]\n              },\n              {\n                \"and\": [\n                  {\n                    \"and\": [\n                      \"WAC2M\",\n                      {\n                        \"and\": [\n                          \"HRP36\"\n                        ]\n                      },\n                      \"ZB2*49\",\n                      \"ERW98L\"\n                    ]\n                  },\n                  {\n                    \"or\": []\n                  },\n                  \"NM6xC\",\n                  \"PC3*1L\",\n                  \"BP37T\"\n                ]\n              },\n              {\n                \"pattern\": \"HI9535U\",\n                \"info\": \"\"\n              }\n            ]\n          },\n          \"satisfy\": {\n            \"mc\": \"<=109\"\n          },\n          \"url\": \"https://zpnm593b.5nn3.h.k6qv5xa8pg5yt9ej2pj0xqvgc2ehh2tcn48.g.oretigefa//%F0%AD%9C%9F/\",\n          \"info\": \"vm{\"\n        },\n        \"T/m#?iS\": {\n          \"name\": \" ji'\",\n          \"ay\": 1967,\n          \"assign\": \"_lIj/jY!M\",\n          \"match\": {\n            \"and\": [\n              {\n                \"and\": [\n                  {\n                    \"pattern\": \"BYS9766\",\n                    \"exclude\": []\n                  },\n                  {\n                    \"and\": []\n                  }\n                ]\n              }\n            ]\n          },\n          \"url\": \"http://qfk9y8u15dbjdf4xa4ba2rgbwbmljv3fd7n64mip6wia6m5nza5bif.6.xbpffal//cfsk//wI%F2%8A%8D%81f_\",\n          \"info\": \"\"\n        }\n      },\n      \"#p1W+mb\": {\n        \"name\": \"b6e\",\n        \"ay\": 2023,\n        \"match\": \"AH700*\",\n        \"satisfy\": {\n          \"mc\": \">=23\"\n        },\n        \"url\": \"http://r.eac02hxz2.fausoi/)_R%F2%8E%9B%A0/JN8S/F=S/%F0%BA%8A%B3,*MW0_7r./K/-CMI0/D9\",\n        \"info\": \"Q7\"\n      }\n    }\n  },\n  {\n    \"title\": \"block sample 2\",\n    \"value\": {\n      \"ay\": 2029,\n      \"assign\": [],\n      \"match\": [\n        {\n          \"and\": [\n            \"CJF5A\"\n          ]\n        },\n        {\n          \"pattern\": \"GPOx821R\",\n          \"info\": \"\"\n        }\n      ],\n      \"satisfy\": [\n        {\n          \"or\": [\n            {\n              \"or\": [\n                \"X8\",\n                \"X\",\n                \"\",\n                {\n                  \"mc\": \">=195\"\n                }\n              ]\n            },\n            {\n              \"or\": [\n                {\n                  \"mc\": \"<=65\"\n                },\n                {\n                  \"mc\": \">=155\"\n                },\n                \"}2xK$xx{\",\n                {\n                  \"and\": []\n                }\n              ]\n            }\n          ]\n        },\n        \"2iM\"\n      ],\n      \"url\": \"http://6gq8m8r5hr73jnceyz4bog4b.0w2d-39pm.bn/%F1%B2%AE%9A$zT_gLzp&/vQ!g\",\n      \"info\": \"\"\n    }\n  },\n  {\n    \"title\": \"block sample 3\",\n    \"value\": {\n      \"name\": \"L\",\n      \"assign\": [],\n      \"match\": [\n        \"VT*257\",\n        {\n          \"and\": [\n            {\n              \"and\": [\n                \"OFC222N\",\n                \"NIQ5\"\n              ]\n            },\n            {\n              \"pattern\": \"YM38\",\n              \"exclude\": \"QW*912\",\n              \"info\": \"5\\\\\"\n            }\n          ]\n        },\n        {\n          \"or\": []\n        }\n      ],\n      \"satisfy\": [\n        {\n          \"and\": [\n            {\n              \"and\": [\n                {\n                  \"or\": [\n                    \")\",\n                    {\n                      \"mc\": \">=63\"\n                    },\n                    \"xns}m\"\n                  ]\n                },\n                \"33JS\\\" t\",\n                \"OJ&Pz\",\n                \"(Z}\\\"HX;\"\n              ]\n            },\n            {\n              \"and\": [\n                \"zsc\",\n                {\n                  \"or\": [\n                    {\n                      \"mc\": \"<=139\"\n                    },\n                    \"\",\n                    \"UB\",\n                    \"0\",\n                    \"-)\\\\pu\"\n                  ]\n                },\n                \"HaVd~I\",\n                \"@FlaL+mu\"\n              ]\n            },\n            {\n              \"and\": [\n                {\n                  \"or\": [\n                    {\n                      \"mc\": \">=163\"\n                    },\n                    {\n                      \"and\": [\n                        \"MdD\",\n                        \"\",\n                        \"yyTU&|\",\n                        \"%Eq$O\",\n                        {\n                          \"and\": [\n                            \")k?>?\",\n                            \">w)Mq\",\n                            \"\",\n                            \"Z[7$e\",\n                            \",\"\n                          ]\n                        }\n                      ]\n                    },\n                    \"WbQ}DX-F\"\n                  ]\n                },\n                {\n                  \"mc\": \"<=41\"\n                }\n              ]\n            },\n            {\n              \"mc\": \"<=125\"\n            },\n            \"]`\"\n          ]\n        },\n        {\n          \"mc\": \"<=60\"\n        }\n      ],\n      \"info\": \"!\",\n      \"_\\\"\": {\n        \"name\": \"O}\",\n        \"ay\": 2024,\n        \"match\": [\n          {\n            \"or\": [\n              {\n                \"pattern\": \"QQ66x8T\",\n                \"exclude\": \"LLF12\",\n                \"info\": \";c%2=%Dh*\"\n              },\n              {\n                \"pattern\": \"NZJ5R\",\n                \"info\": \".>1[0^\"\n              },\n              {\n                \"or\": [\n                  {\n                    \"or\": [\n                      \"TPE63\",\n                      \"KOT6W\",\n                      \"HY445B\",\n                      \"ZFY4\",\n                      {\n                        \"pattern\": \"JB*870\",\n                        \"info\": \"X}xa@ug[.2\"\n                      }\n                    ]\n                  },\n                  \"ZP86*1C\",\n                  {\n                    \"pattern\": \"UXR5\",\n                    \"exclude\": [\n                      \"PU64\",\n                      \"GCG8C\",\n                      \"GCF00K\",\n                      \"KZL1*xX\",\n                      \"RXI8B\"\n                    ]\n                  },\n                  \"RJW*464M\",\n                  \"IT1728\"\n                ]\n              },\n              \"RE054xR\",\n              {\n                \"and\": [\n                  \"HD51\",\n                  {\n                    \"pattern\": \"MDS7512\"\n                  },\n                  {\n                    \"pattern\": \"CB6*\",\n                    \"exclude\": [\n                      \"JZV8K\",\n                      \"YPW*62\",\n                      \"DUR19\",\n                      \"DY*\"\n                    ],\n                    \"info\": \"1`p\"\n                  },\n                  {\n                    \"pattern\": \"OM*04S\",\n                    \"exclude\": \"YIY*9\",\n                    \"info\": \"$<fse<Tg[\"\n                  }\n                ]\n              }\n            ]\n          }\n        ],\n        \"satisfy\": {\n          \"mc\": \">=196\"\n        },\n        \"url\": \"https://zbbehcd.igswebvzmfbb-b9vsdafwn52bdcaaxba.30aoco7cce5x99c6usycgf695tfqacc5dfj20ae--q-9cblewhd-icu.e8u62gl.vdbachcyc/b/_sLz,%F1%BA%90%B7//H~dhu;J-C%F2%99%8E%84\",\n        \"info\": \"6p;-1_\"\n      }\n    }\n  },\n  {\n    \"title\": \"block sample 4\",\n    \"value\": {\n      \"name\": \"y%K\",\n      \"ay\": 2030,\n      \"assign\": [\n        \"j]2~7C\\\"\",\n        \"(\",\n        \"e:L\"\n      ],\n      \"match\": {\n        \"or\": [\n          {\n            \"and\": [\n              {\n                \"and\": [\n                  \"SOx9A\",\n                  {\n                    \"and\": [\n                      \"NSO4x65\",\n                      \"IVA6W\",\n                      \"MQU0*Y\",\n                      \"GOF2804\"\n                    ]\n                  },\n                  \"QVK*69\",\n                  \"CQ6O\"\n                ]\n              },\n              \"RRx6\",\n              {\n                \"or\": [\n                  \"NR78\",\n                  {\n                    \"or\": [\n                      {\n                        \"and\": []\n                      },\n                      {\n                        \"and\": [\n                          \"LB6\"\n                        ]\n                      },\n                      {\n                        \"and\": [\n                          \"BEX45*O\",\n                          \"UBIx5U\",\n                          \"XDI62*C\",\n                          \"ZJY76E\"\n                        ]\n                      },\n                      \"VC716xU\",\n                      {\n                        \"or\": []\n                      }\n                    ]\n                  },\n                  {\n                    \"pattern\": \"VH531\",\n                    \"exclude\": [],\n                    \"info\": \"\"\n                  }\n                ]\n              }\n            ]\n          }\n        ]\n      },\n      \"satisfy\": [\n        {\n          \"or\": [\n            \"x\",\n            {\n              \"and\": [\n                \"arIuw\",\n                \"w7x4$M%z &\"\n              ]\n            }\n          ]\n        },\n        {\n          \"or\": [\n            {\n              \"or\": [\n                {\n                  \"and\": [\n                    \"8\",\n                    {\n                      \"or\": [\n                        \"EPss<(obW1\"\n                      ]\n                    },\n                    \"(t@\",\n                    \"-/HU[|FJ\",\n                    {\n                      \"or\": [\n                        \"iU\\\\xe\"\n                      ]\n                    }\n                  ]\n                }\n              ]\n            },\n            {\n              \"or\": [\n                \"^'ed3SAI.y\",\n                {\n                  \"mc\": \">=183\"\n                }\n              ]\n            }\n          ]\n        }\n      ],\n      \"url\": \"https://9zq5crbhkmqapxv-tij11vcbbfsmqjdsf.euktn9f.hg65oae6rmchte44m4sfvighz2cxkh4t8h8iwuu8wz9e72rc1koihso9xnxs.hbebcsldgo\",\n      \"info\": \" #\"\n    }\n  },\n  {\n    \"title\": \"block sample 5\",\n    \"value\": {\n      \"name\": \"~#\",\n      \"ay\": 1950,\n      \"assign\": \"n GyJ:ql\",\n      \"match\": {\n        \"pattern\": \"PTX78\",\n        \"exclude\": [\n          \"NWZ7\",\n          \"RB4\",\n          \"CD7\"\n        ],\n        \"info\": \"\"\n      },\n      \"satisfy\": \"B\",\n      \"info\": \"T7\",\n      \"i[lEQqK*b\": {\n        \"ay\": 1953,\n        \"assign\": \"Y1S=mu)\",\n        \"match\": [],\n        \"satisfy\": {\n          \"mc\": \"<=104\"\n        },\n        \"url\": \"https://e5jsicbmakj56ozyduw0xr35olq24qhy3l9q.moduiachjg/:$%F2%B6%98%BA)r\",\n        \"info\": \"OR\"\n      },\n      \"\": {\n        \"name\": \"Xw@L\",\n        \"ay\": 2028,\n        \"assign\": [\n          \"k@&\",\n          \"X\"\n        ],\n        \"match\": [\n          {\n            \"pattern\": \"EIZ8xX\",\n            \"exclude\": \"XR*\",\n            \"info\": \"P @=\\\"3Uq\"\n          }\n        ],\n        \"satisfy\": {\n          \"and\": [\n            {\n              \"or\": []\n            },\n            {\n              \"and\": [\n                \"E/aC$R\"\n              ]\n            },\n            {\n              \"and\": [\n                \"N6kzUmI\"\n              ]\n            }\n          ]\n        },\n        \"url\": \"http://z8vfe4yut46fx08m6fc8ugp407k75p9v6lvzd699z1s5pk52.bm5fnu.1wr74bf80mmv9jff-1ygdumaih-fmzckrbq.imops4g2n0ln67is7ovsuv2soxg.8lpdpz8rt9j0h4k0r08epvubvfug6hwfqm.kaggz/+4:!,/8/457d/G8WhMv\",\n        \"info\": \";xzZ\"\n      }\n    }\n  },\n  {\n    \"title\": \"block sample 6\",\n    \"value\": {\n      \"name\": \"B!#\",\n      \"ay\": 1960,\n      \"assign\": \"\",\n      \"match\": [\n        {\n          \"pattern\": \"FDK76\",\n          \"info\": \"s!'p|#\"\n        }\n      ],\n      \"satisfy\": {\n        \"and\": [\n          {\n            \"mc\": \">=36\"\n          },\n          {\n            \"mc\": \">=7\"\n          }\n        ]\n      },\n      \"url\": \"http://0.2j6him2z2cfb4ryqrxy-ozzincxyz5vhpf8w0.jzgk/eRebgigoaP\",\n      \"info\": \"&\"\n    }\n  },\n  {\n    \"title\": \"block sample 7\",\n    \"value\": {\n      \"ay\": 1956,\n      \"url\": \"http://b1hwjqx9y5082rgs27ibec5e2ttpdf46vwjzp--zkr.rc701qnerg55fe6kc5vov.h7z2uac36fvmlwpryx5xd1ls99jhdnhedi.l.w9du4fe630dva9zp.ebdsdog/y%F3%90%A7%9F_%F3%92%AE%B0%F3%92%95%99'gk9\",\n      \"info\": \"#!eN%|&\",\n      \"I@\": {\n        \"name\": \"\",\n        \"ay\": 1951,\n        \"assign\": [\n          \"OEDNJCqd$v\",\n          \"-\"\n        ],\n        \"satisfy\": [\n          {\n            \"and\": [\n              {\n                \"mc\": \">=70\"\n              },\n              {\n                \"and\": [\n                  \"vjtID=tx\",\n                  {\n                    \"or\": [\n                      {\n                        \"mc\": \">=84\"\n                      },\n                      {\n                        \"mc\": \">=38\"\n                      }\n                    ]\n                  }\n                ]\n              },\n              \"\"\n            ]\n          }\n        ],\n        \"url\": \"https://w.g9i64mok-i0ruoi7q9coxbkia3vnnmd8jzue944p42h0hqc439ukcjj6.vui/aus=nN%F2%89%B4%B6%F2%AF%BB%A2//r5s%F3%B3%80%B8h/vu/Tw0NCI*wUX/0.1%F1%AD%A5%A7ltM/+f/%F2%86%B7%A1B~Q\",\n        \"info\": \"he: ( !\",\n        \"\": {\n          \"name\": \"%^:z!kYL]@\",\n          \"ay\": 1961,\n          \"assign\": \"\\\">k^R[DwW\",\n          \"match\": [\n            {\n              \"and\": []\n            },\n            {\n              \"or\": [\n                {\n                  \"and\": [\n                    \"HTJ7Z\",\n                    {\n                      \"or\": [\n                        \"NFS6**M\",\n                        \"PSN9x0*J\",\n                        \"KX031\"\n                      ]\n                    },\n                    \"JR496T\"\n                  ]\n                },\n                \"OFY2230B\"\n              ]\n            },\n            {\n              \"or\": [\n                \"BN4935B\",\n                \"ARI2676\",\n                {\n                  \"or\": [\n                    {\n                      \"and\": [\n                        \"IT8011\",\n                        \"IANxB\",\n                        \"CYU15\",\n                        {\n                          \"and\": [\n                            {\n                              \"or\": [\n                                \"RK56\",\n                                \"HRX44x9H\",\n                                \"JU0U\",\n                                \"LUQ9\"\n                              ]\n                            }\n                          ]\n                        }\n                      ]\n                    },\n                    {\n                      \"pattern\": \"GVU1\",\n                      \"exclude\": \"RX47\",\n                      \"info\": \"xB]$Iu#h \"\n                    },\n                    \"MGP1*2*\"\n                  ]\n                },\n                {\n                  \"pattern\": \"KO997H\",\n                  \"exclude\": \"II383T\",\n                  \"info\": \"q*>d\"\n                }\n              ]\n            }\n          ],\n          \"url\": \"http://a8zc0hyses4lwjpb-tl59tbvo3lh26gm8tvvcwudtdzuq4kfz-w3v.hm6xwdw.duyxicivr-r10tscbdg5z2anhugnwv4a.r3jiwg6b-93u0u6db.cjbl0vdiz25l4r159azzv5p4994xk1gp5xdraog35iut945gg4.ovqr/~U%F1%9F%87%B2)3Nep%F2%9D%B9%8E~/%F1%9A%87%ADsAv/Zo!RzndI/zqk%F1%AD%91%96%F2%B5%8E%89Q$/QB%F3%98%AF%85B/+UBD/8\",\n          \"info\": \"p*Y\"\n        },\n        \":\": {\n          \"name\": \"\",\n          \"ay\": 1977,\n          \"match\": {\n            \"or\": [\n              {\n                \"and\": [\n                  {\n                    \"pattern\": \"GW386X\",\n                    \"exclude\": \"FW03\",\n                    \"info\": \"It4s2>/E0\"\n                  },\n                  \"SU*83\"\n                ]\n              }\n            ]\n          },\n          \"satisfy\": \"as*(?w6B[u\",\n          \"url\": \"https://b.vzenxdja/9aSl/_.XPqe90VN/v%F0%91%80%A5)ige&/u/)5,qb0~i/(pB-b/%F2%B8%AF%85E~k:%F3%81%A7%89.bWT/Yudx%F3%9D%8D%85\"\n        },\n        \"rlc_6},S;\": {\n          \"name\": \"YcMO63V,2\",\n          \"ay\": 2021,\n          \"satisfy\": [\n            {\n              \"or\": [\n                {\n                  \"and\": [\n                    \"Ag!i\",\n                    \"Q)b\",\n                    \"x`q\",\n                    {\n                      \"or\": [\n                        \"CnhDcs!?\"\n                      ]\n                    }\n                  ]\n                },\n                {\n                  \"or\": [\n                    {\n                      \"and\": []\n                    },\n                    {\n                      \"or\": [\n                        \"H&ea\",\n                        \"IT-}H%dwqZ\",\n                        {\n                          \"or\": [\n                            \"gzRKvk|+v\",\n                            \"#KK[-\",\n                            \"%oV/,\",\n                            \"1~e(Jg\",\n                            {\n                              \"and\": [\n                                \"j&=-!ludW\",\n                                \"11m\",\n                                \"eb:b1\",\n                                \"O4\"\n                              ]\n                            }\n                          ]\n                        },\n                        {\n                          \"or\": [\n                            \"=~7s!\",\n                            \"CT(Y\\\"ujd:Y\"\n                          ]\n                        }\n                      ]\n                    }\n                  ]\n                },\n                {\n                  \"or\": [\n                    \"m2+6m2o\",\n                    {\n                      \"mc\": \"<=118\"\n                    },\n                    \"B~m\\\"\"\n                  ]\n                }\n              ]\n            },\n            {\n              \"mc\": \"<=167\"\n            },\n            {\n              \"or\": [\n                {\n                  \"or\": []\n                },\n                {\n                  \"or\": [\n                    {\n                      \"and\": [\n                        \"X5|\",\n                        \"S!<T+Z;8\",\n                        {\n                          \"or\": [\n                            \"7 HAK\",\n                            \"$\\\\b#vT:\"\n                          ]\n                        },\n                        \"\",\n                        \"WLoW,8x4\"\n                      ]\n                    },\n                    \";\",\n                    {\n                      \"and\": [\n                        \"\",\n                        \"D&\",\n                        \"^&<d1\",\n                        \"s{Si-G'\",\n                        {\n                          \"or\": [\n                            {\n                              \"or\": [\n                                \"7$X$[$KX2|\",\n                                \";97!?S\",\n                                \"c3rd`cbEb\"\n                              ]\n                            },\n                            \"DX\"\n                          ]\n                        }\n                      ]\n                    }\n                  ]\n                },\n                {\n                  \"and\": [\n                    {\n                      \"or\": [\n                        \"hYzn\\\"uts\",\n                        \"\",\n                        {\n                          \"and\": [\n                            \"-9rTlgr\"\n                          ]\n                        }\n                      ]\n                    },\n                    {\n                      \"mc\": \">=131\"\n                    },\n                    \"kE|9Zo}\",\n                    {\n                      \"or\": [\n                        \"gt>=N\",\n                        \"pk|\",\n                        \"2`0BN)X/C\"\n                      ]\n                    }\n                  ]\n                },\n                {\n                  \"mc\": \"<=52\"\n                }\n              ]\n            },\n            {\n              \"and\": [\n                {\n                  \"or\": [\n                    {\n                      \"and\": [\n                        \"j\",\n                        {\n                          \"mc\": \"<=191\"\n                        },\n                        \"FU#[l;\"\n                      ]\n                    },\n                    {\n                      \"or\": [\n                        {\n                          \"mc\": \"<=89\"\n                        }\n                      ]\n                    },\n                    \"Q,]']W\\\"`N\"\n                  ]\n                },\n                \"]i3Brj(#\",\n                {\n                  \"and\": [\n                    \"C\"\n                  ]\n                },\n                {\n                  \"mc\": \">=9\"\n                },\n                {\n                  \"and\": [\n                    \"O]ENWE}Ka\",\n                    \"\",\n                    {\n                      \"mc\": \"<=121\"\n                    }\n                  ]\n                }\n              ]\n            }\n          ],\n          \"url\": \"https://u0gvnnps9e2ymt-enxi2si1ocg40mc68m6avmikd0mc36a1ngmnmm703ksw5fn.pb-9x2mgwymy35mg5.w1-vhq1luro7djfynm5v.e.shfj7vm5m9ahplfvtcxrktq0xmpq.jg/ymlI2yA/fh3/o\",\n          \"info\": \"&hR0Rj1\"\n        },\n        \")veJdaP\": {\n          \"name\": \"\",\n          \"ay\": 1974,\n          \"assign\": [\n            \"+QCN\"\n          ],\n          \"match\": {\n            \"and\": [\n              {\n                \"or\": [\n                  \"TF700\",\n                  \"JVF**\",\n                  \"UQQ78x\",\n                  {\n                    \"or\": [\n                      {\n                        \"and\": []\n                      },\n                      {\n                        \"pattern\": \"JN3O\",\n                        \"exclude\": [\n                          \"QSx92*N\",\n                          \"WL*76\"\n                        ],\n                        \"info\": \"\"\n                      },\n                      {\n                        \"or\": []\n                      }\n                    ]\n                  },\n                  \"OTF167\"\n                ]\n              }\n            ]\n          },\n          \"satisfy\": \"F`|K\",\n          \"url\": \"http://l-dn8vjqiei2x73gq40w3eafv6ipdc4w3xm.auve88fpwd-ry93xsdhmw3nd.lukojmnvqs\",\n          \"\": {\n            \"match\": \"BCZ43\",\n            \"url\": \"https://c10zttbum5e92v18vgm44w7h-cp-79vqeeok2vh7qa6tf2mcnw7y.269js5j4v64-qa2i1744ak29.clhjbuwh/~2Xd/!XNmLN/n.c!N/o:4%F4%8D%9E%ADDfr(/@MB9S..iK/KU(/wf=%F2%BE%A1%9F\",\n            \"info\": \"z{\"\n          },\n          \"2xZ\": {\n            \"name\": \"W.lz1ZD\",\n            \"ay\": 2014,\n            \"assign\": [\n              \"5H\"\n            ],\n            \"match\": {\n              \"or\": [\n                \"HDN4\",\n                {\n                  \"pattern\": \"SX9541C\",\n                  \"exclude\": [\n                    \"CD65\",\n                    \"OHO*657\",\n                    \"EJP405xE\"\n                  ],\n                  \"info\": \"\\\\a*8z`1\"\n                }\n              ]\n            },\n            \"url\": \"https://r.iidulimwms//7&_'YHz/3rK!j2wj/.qh%F3%9E%A9%A8/c///Nrj%F1%B1%86%A1T!/'F0jyA/~F:iglzC)\",\n            \"info\": \"LHHH=dW\"\n          }\n        }\n      }\n    }\n  },\n  {\n    \"title\": \"block sample 8\",\n    \"value\": {\n      \"name\": \"KE,2]nmv\",\n      \"ay\": 1950,\n      \"assign\": \"bGR\",\n      \"match\": [\n        {\n          \"and\": []\n        }\n      ],\n      \"satisfy\": [\n        {\n          \"and\": [\n            {\n              \"or\": [\n                \",#`s5Z\",\n                \"cK9Rq-1*RN\",\n                {\n                  \"mc\": \"<=77\"\n                },\n                {\n                  \"and\": []\n                }\n              ]\n            },\n            {\n              \"mc\": \"<=193\"\n            },\n            {\n              \"or\": [\n                \"P 2>IcmdaE\",\n                {\n                  \"and\": [\n                    {\n                      \"and\": [\n                        \"iD_\"\n                      ]\n                    },\n                    \"E\\\"f;o\",\n                    \"O+afL0S|c\",\n                    {\n                      \"and\": [\n                        {\n                          \"and\": [\n                            \"@>Iu=~)a3#\"\n                          ]\n                        },\n                        \"F+\\\\\",\n                        \"h}&Z=YgEO\\\\\"\n                      ]\n                    },\n                    \"Z\"\n                  ]\n                },\n                \"c_%1\",\n                {\n                  \"mc\": \"<=24\"\n                },\n                \"BLhqn;%~!\"\n              ]\n            }\n          ]\n        }\n      ],\n      \"url\": \"http://3rqfa34owoyht-okecudvjl4.abvab96.amn486bmqbn449ihyhd1fn5nqokkibva.fekc/ea///Iwbg'%F3%9C%90%84,q/aS+:a/3;D\",\n      \"Mt%W2if9;G\": {\n        \"ay\": 1950,\n        \"match\": [\n          \"KVK47M\",\n          \"GUY*808\"\n        ],\n        \"satisfy\": {\n          \"and\": [\n            {\n              \"mc\": \">=5\"\n            },\n            {\n              \"mc\": \"<=63\"\n            }\n          ]\n        },\n        \"info\": \"f\"\n      }\n    }\n  },\n  {\n    \"title\": \"block sample 9\",\n    \"value\": {\n      \"name\": \"4f[:!&o|s\",\n      \"ay\": 1981,\n      \"assign\": \"K5VM\",\n      \"match\": [],\n      \"satisfy\": \"/Ki\",\n      \"url\": \"http://w8tx0.fzmyz2ial3wqml1n7slo8q-ztry5i6iwux68exiw3l6h2a.br\"\n    }\n  }\n]",
              "code": "fast_check_1.sample(index_test_2.block, 10).forEach((sample, i) => addContext_1.default(this, {\n    title: `block sample ${i}`,\n    value: sample,\n}));\nreturn fast_check_1.assert(fast_check_1.property(index_test_2.block, ajvValidate));",
              "err": {},
              "uuid": "61759261-9901-4efa-b9c1-b5758c746b75",
              "parentUUID": "8a539c4e-21bc-4e66-981b-dc8e62340017",
              "isHook": false,
              "skipped": false
            },
            {
              "title": "should not validate non-object",
              "fullTitle": "blockSchema should not validate non-object",
              "timedOut": false,
              "duration": 2,
              "state": "passed",
              "speed": "fast",
              "pass": true,
              "fail": false,
              "pending": false,
              "context": null,
              "code": "const error = {\n    instancePath: \"\",\n    message: \"block should be an object\",\n};\nisInvalidBlock(null, error);\nisInvalidBlock(undefined, error);\nisInvalidBlock(10, error);\nisInvalidBlock([12, 24], error);\nisInvalidBlock(\"abc\", error);",
              "err": {},
              "uuid": "694c7b53-7fb1-4c92-9baa-504e7683e02d",
              "parentUUID": "8a539c4e-21bc-4e66-981b-dc8e62340017",
              "isHook": false,
              "skipped": false
            },
            {
              "title": "should not validate block with invalid properties",
              "fullTitle": "blockSchema should not validate block with invalid properties",
              "timedOut": false,
              "duration": 1,
              "state": "passed",
              "speed": "fast",
              "pass": true,
              "fail": false,
              "pending": false,
              "context": null,
              "code": "isInvalidBlock({\n        name: { foo: \"bar\" },\n        ay: -1000,\n        assign: {},\n        match: 1,\n        satisfy: 2,\n        url: { abc: \"def\" },\n        info: 42,\n    }, { instancePath: \"/name\", message: \"property 'name' should be a string\" }, {\n        instancePath: \"/ay\",\n        message: \"property 'ay' should be a positive integer\",\n    }, {\n        instancePath: \"/assign\",\n        message: \"property 'assign' should be either a block ID or an array of block IDs\",\n    }, {\n        instancePath: \"/match\",\n        message: \"property 'match' should be either a match rule or an array of match rules\",\n    }, {\n        instancePath: \"/satisfy\",\n        message: \"property 'satisfy' should be either a satisfy rule or an array of satisfy rules\",\n    }, { instancePath: \"/url\", message: \"property 'url' should be a string\" }, { instancePath: \"/info\", message: \"property 'info' should be a string\" })",
              "err": {},
              "uuid": "ccc7a0da-e4a9-4f7f-855e-327417922de3",
              "parentUUID": "8a539c4e-21bc-4e66-981b-dc8e62340017",
              "isHook": false,
              "skipped": false
            }
          ],
          "suites": [],
          "passes": [
            "61759261-9901-4efa-b9c1-b5758c746b75",
            "694c7b53-7fb1-4c92-9baa-504e7683e02d",
            "ccc7a0da-e4a9-4f7f-855e-327417922de3"
          ],
          "failures": [],
          "pending": [],
          "skipped": [],
          "duration": 181,
          "root": false,
          "rootEmpty": false,
          "_timeout": 2000
        },
        {
          "uuid": "d5468bdd-e7be-43e5-924f-936e5a267fa2",
          "title": "patternSchema",
          "fullFile": "/home/runner/work/planwithus-lib/planwithus-lib/src/matchRule/pattern/schemas.test.ts",
          "file": "/src/matchRule/pattern/schemas.test.ts",
          "beforeHooks": [],
          "afterHooks": [],
          "tests": [
            {
              "title": "should validate non-empty pattern composed of A-Z, 0-9, x or *",
              "fullTitle": "patternSchema should validate non-empty pattern composed of A-Z, 0-9, x or *",
              "timedOut": false,
              "duration": 1,
              "state": "passed",
              "speed": "fast",
              "pass": true,
              "fail": false,
              "pending": false,
              "context": "[\n  {\n    \"title\": \"pattern sample 0\",\n    \"value\": \"OTV1Q\"\n  },\n  {\n    \"title\": \"pattern sample 1\",\n    \"value\": \"DQ48\"\n  },\n  {\n    \"title\": \"pattern sample 2\",\n    \"value\": \"NMJ69\"\n  },\n  {\n    \"title\": \"pattern sample 3\",\n    \"value\": \"KM8\"\n  },\n  {\n    \"title\": \"pattern sample 4\",\n    \"value\": \"UX28\"\n  },\n  {\n    \"title\": \"pattern sample 5\",\n    \"value\": \"EPx26x\"\n  },\n  {\n    \"title\": \"pattern sample 6\",\n    \"value\": \"CCQx\"\n  },\n  {\n    \"title\": \"pattern sample 7\",\n    \"value\": \"SM291*\"\n  },\n  {\n    \"title\": \"pattern sample 8\",\n    \"value\": \"NDJ6\"\n  },\n  {\n    \"title\": \"pattern sample 9\",\n    \"value\": \"YHG6\"\n  }\n]",
              "code": "fast_check_1.sample(index_test_2.pattern, 10).forEach((sample, i) => addContext_1.default(this, {\n    title: `pattern sample ${i}`,\n    value: sample,\n}));\nreturn fast_check_1.assert(fast_check_1.property(index_test_2.pattern, ajvValidate), {\n    examples: [[\"*\"], [\"ACC1002\"], [\"IS1103\"], [\"CS1231S\"], [\"MA1102R\"]],\n});",
              "err": {},
              "uuid": "d852a2e4-ad30-436e-b514-947626bb2a59",
              "parentUUID": "d5468bdd-e7be-43e5-924f-936e5a267fa2",
              "isHook": false,
              "skipped": false
            },
            {
              "title": "should not validate empty pattern",
              "fullTitle": "patternSchema should not validate empty pattern",
              "timedOut": false,
              "duration": 0,
              "state": "passed",
              "speed": "fast",
              "pass": true,
              "fail": false,
              "pending": false,
              "context": null,
              "code": "isInvalidPattern(\"\")",
              "err": {},
              "uuid": "bb1e79b1-cba0-47a8-a531-7892d4d78540",
              "parentUUID": "d5468bdd-e7be-43e5-924f-936e5a267fa2",
              "isHook": false,
              "skipped": false
            },
            {
              "title": "should not validate pattern with invalid characters",
              "fullTitle": "patternSchema should not validate pattern with invalid characters",
              "timedOut": false,
              "duration": 1,
              "state": "passed",
              "speed": "fast",
              "pass": true,
              "fail": false,
              "pending": false,
              "context": null,
              "code": "[\"AB123a\", \"Ac123a\", \"AB123^S\", \"AB1*3^S\", \"$A1*3^S\", \"/A1x33S\"].forEach(isInvalidPattern)",
              "err": {},
              "uuid": "7e74de08-72c6-42aa-b4dd-9a868912d123",
              "parentUUID": "d5468bdd-e7be-43e5-924f-936e5a267fa2",
              "isHook": false,
              "skipped": false
            }
          ],
          "suites": [],
          "passes": [
            "d852a2e4-ad30-436e-b514-947626bb2a59",
            "bb1e79b1-cba0-47a8-a531-7892d4d78540",
            "7e74de08-72c6-42aa-b4dd-9a868912d123"
          ],
          "failures": [],
          "pending": [],
          "skipped": [],
          "duration": 2,
          "root": false,
          "rootEmpty": false,
          "_timeout": 2000
        },
        {
          "uuid": "ae33903f-9f3f-436c-a9e4-2cc3b1ddf3d8",
          "title": "matchRuleSchema",
          "fullFile": "/home/runner/work/planwithus-lib/planwithus-lib/src/matchRule/schemas.test.ts",
          "file": "/src/matchRule/schemas.test.ts",
          "beforeHooks": [],
          "afterHooks": [],
          "tests": [
            {
              "title": "should validate match rule with valid pattern",
              "fullTitle": "matchRuleSchema should validate match rule with valid pattern",
              "timedOut": false,
              "duration": 1,
              "state": "passed",
              "speed": "fast",
              "pass": true,
              "fail": false,
              "pending": false,
              "context": "[\n  {\n    \"title\": \"pattern sample 0\",\n    \"value\": \"DSx9V\"\n  },\n  {\n    \"title\": \"pattern sample 1\",\n    \"value\": \"LK050x\"\n  },\n  {\n    \"title\": \"pattern sample 2\",\n    \"value\": \"IPS*51x\"\n  },\n  {\n    \"title\": \"pattern sample 3\",\n    \"value\": \"JT0716\"\n  },\n  {\n    \"title\": \"pattern sample 4\",\n    \"value\": \"ZAB63\"\n  },\n  {\n    \"title\": \"pattern sample 5\",\n    \"value\": \"VT65\"\n  },\n  {\n    \"title\": \"pattern sample 6\",\n    \"value\": \"RS*U\"\n  },\n  {\n    \"title\": \"pattern sample 7\",\n    \"value\": \"EA*3\"\n  },\n  {\n    \"title\": \"pattern sample 8\",\n    \"value\": \"MRM1812\"\n  },\n  {\n    \"title\": \"pattern sample 9\",\n    \"value\": \"RG1\"\n  }\n]",
              "code": "fast_check_1.sample(index_test_3.pattern, 10).forEach((sample, i) => addContext_1.default(this, {\n    title: `pattern sample ${i}`,\n    value: sample,\n}));\nreturn fast_check_1.assert(fast_check_1.property(index_test_3.pattern, ajvValidate));",
              "err": {},
              "uuid": "4b873b4e-7cfa-4b2d-807d-5ae0859bf1d3",
              "parentUUID": "ae33903f-9f3f-436c-a9e4-2cc3b1ddf3d8",
              "isHook": false,
              "skipped": false
            },
            {
              "title": "should validate match rules with valid pattern, exclude and info",
              "fullTitle": "matchRuleSchema should validate match rules with valid pattern, exclude and info",
              "timedOut": false,
              "duration": 3,
              "state": "passed",
              "speed": "fast",
              "pass": true,
              "fail": false,
              "pending": false,
              "context": "[\n  {\n    \"title\": \"patternMatchRule sample 0\",\n    \"value\": {\n      \"pattern\": \"MP7\",\n      \"exclude\": \"XC69\",\n      \"info\": \"}6hFlA%Xn\"\n    }\n  },\n  {\n    \"title\": \"patternMatchRule sample 1\",\n    \"value\": {\n      \"pattern\": \"NC5*\",\n      \"exclude\": [\n        \"EQ92\",\n        \"LRS0*1S\",\n        \"TXO670D\",\n        \"FS9*x\"\n      ],\n      \"info\": \"L!Te)H$\"\n    }\n  },\n  {\n    \"title\": \"patternMatchRule sample 2\",\n    \"value\": {\n      \"pattern\": \"UH97\",\n      \"exclude\": [\n        \"MN98\",\n        \"QNE*\"\n      ]\n    }\n  },\n  {\n    \"title\": \"patternMatchRule sample 3\",\n    \"value\": {\n      \"pattern\": \"XM2998\",\n      \"exclude\": \"OZ3P\",\n      \"info\": \"#\"\n    }\n  },\n  {\n    \"title\": \"patternMatchRule sample 4\",\n    \"value\": {\n      \"pattern\": \"TL*912S\",\n      \"info\": \"$K\"\n    }\n  },\n  {\n    \"title\": \"patternMatchRule sample 5\",\n    \"value\": {\n      \"pattern\": \"RIE*L\",\n      \"info\": \" ,R#oRLS\"\n    }\n  },\n  {\n    \"title\": \"patternMatchRule sample 6\",\n    \"value\": {\n      \"pattern\": \"RA651U\",\n      \"exclude\": [\n        \"VG1710H\",\n        \"IR7\",\n        \"IFW25D\",\n        \"MOT4x\",\n        \"EDC0085\"\n      ],\n      \"info\": \"f\"\n    }\n  },\n  {\n    \"title\": \"patternMatchRule sample 7\",\n    \"value\": {\n      \"pattern\": \"OBE1\",\n      \"exclude\": \"HI6670\",\n      \"info\": \"3_^{M9[O\"\n    }\n  },\n  {\n    \"title\": \"patternMatchRule sample 8\",\n    \"value\": {\n      \"pattern\": \"SNTx16\",\n      \"exclude\": [\n        \"UBxJ\"\n      ],\n      \"info\": \"Lxtz\"\n    }\n  },\n  {\n    \"title\": \"patternMatchRule sample 9\",\n    \"value\": {\n      \"pattern\": \"VKE4\",\n      \"exclude\": \"EWQ764V\",\n      \"info\": \"\\\"rW$:i`\"\n    }\n  }\n]",
              "code": "fast_check_1.sample(index_test_2.patternMatchRule, 10).forEach((sample, i) => addContext_1.default(this, {\n    title: `patternMatchRule sample ${i}`,\n    value: sample,\n}));\nreturn fast_check_1.assert(fast_check_1.property(index_test_2.patternMatchRule, ajvValidate));",
              "err": {},
              "uuid": "945b2772-178f-43af-9417-348484e55106",
              "parentUUID": "ae33903f-9f3f-436c-a9e4-2cc3b1ddf3d8",
              "isHook": false,
              "skipped": false
            },
            {
              "title": "should validate valid recursive match rules",
              "fullTitle": "matchRuleSchema should validate valid recursive match rules",
              "timedOut": false,
              "duration": 5,
              "state": "passed",
              "speed": "fast",
              "pass": true,
              "fail": false,
              "pending": false,
              "context": "[\n  {\n    \"title\": \"matchRule sample 0\",\n    \"value\": {\n      \"or\": [\n        {\n          \"pattern\": \"HGD2860F\",\n          \"exclude\": \"ZJKxG\",\n          \"info\": \"\\\"H\\\"}|k}ye%\"\n        },\n        \"WPW05I\"\n      ]\n    }\n  },\n  {\n    \"title\": \"matchRule sample 1\",\n    \"value\": {\n      \"pattern\": \"UFT184\",\n      \"info\": \"\\\"_~,;$~%D\"\n    }\n  },\n  {\n    \"title\": \"matchRule sample 2\",\n    \"value\": \"HA34\"\n  },\n  {\n    \"title\": \"matchRule sample 3\",\n    \"value\": {\n      \"or\": [\n        {\n          \"pattern\": \"PB82x*Z\",\n          \"exclude\": \"ZOK3xN\",\n          \"info\": \"TiYcY/\"\n        }\n      ]\n    }\n  },\n  {\n    \"title\": \"matchRule sample 4\",\n    \"value\": \"SF2xE\"\n  },\n  {\n    \"title\": \"matchRule sample 5\",\n    \"value\": {\n      \"pattern\": \"PTQ9G\",\n      \"exclude\": [\n        \"JUY24\"\n      ],\n      \"info\": \"\\\\c\"\n    }\n  },\n  {\n    \"title\": \"matchRule sample 6\",\n    \"value\": {\n      \"and\": [\n        \"IB6\",\n        {\n          \"and\": [\n            {\n              \"and\": [\n                {\n                  \"and\": []\n                },\n                \"GP6873\",\n                \"SRZ674N\"\n              ]\n            },\n            {\n              \"or\": [\n                {\n                  \"and\": [\n                    {\n                      \"and\": [\n                        \"AO18V\",\n                        \"OTV75\"\n                      ]\n                    },\n                    \"LI4M\",\n                    \"COSxT\",\n                    \"GS7\",\n                    \"FT853x\"\n                  ]\n                },\n                {\n                  \"or\": [\n                    {\n                      \"and\": [\n                        {\n                          \"pattern\": \"AK19A\",\n                          \"info\": \"M\"\n                        }\n                      ]\n                    },\n                    \"BS55K\"\n                  ]\n                },\n                \"CH7x\",\n                {\n                  \"and\": [\n                    \"LM7982W\",\n                    \"AX79T\"\n                  ]\n                },\n                \"NF1x4\"\n              ]\n            },\n            \"TJ9437J\",\n            \"OR761F\"\n          ]\n        },\n        {\n          \"and\": [\n            {\n              \"and\": [\n                {\n                  \"or\": [\n                    \"GTB87\",\n                    \"IXQ*A\",\n                    \"IFJ715D\",\n                    \"MX8*x4\",\n                    \"ZLW20\"\n                  ]\n                },\n                {\n                  \"and\": [\n                    \"XXH413L\",\n                    {\n                      \"and\": [\n                        \"BJ5\",\n                        \"FZ6*11\",\n                        \"NN234M\"\n                      ]\n                    },\n                    {\n                      \"pattern\": \"DW*181\",\n                      \"info\": \"L\"\n                    },\n                    \"ALF18*3\"\n                  ]\n                },\n                \"ANB32Z\",\n                {\n                  \"pattern\": \"ANH96F\",\n                  \"exclude\": \"DHR51K\",\n                  \"info\": \"`]Tv`{V\"\n                },\n                \"NSH10Q\"\n              ]\n            },\n            \"KR81\",\n            \"HY776R\",\n            \"CD44Z\"\n          ]\n        }\n      ]\n    }\n  },\n  {\n    \"title\": \"matchRule sample 7\",\n    \"value\": {\n      \"pattern\": \"SNG3\",\n      \"exclude\": \"ELI59E\",\n      \"info\": \"IdsJXgK\"\n    }\n  },\n  {\n    \"title\": \"matchRule sample 8\",\n    \"value\": {\n      \"and\": [\n        \"KKT7\"\n      ]\n    }\n  },\n  {\n    \"title\": \"matchRule sample 9\",\n    \"value\": {\n      \"or\": [\n        {\n          \"or\": [\n            \"BCB6*G\",\n            \"SDK16I\",\n            {\n              \"and\": [\n                \"XBC9350P\",\n                \"ZOP7T\",\n                {\n                  \"and\": [\n                    \"RBG7F\",\n                    {\n                      \"and\": [\n                        \"EAY39\"\n                      ]\n                    },\n                    \"CH26\",\n                    {\n                      \"or\": []\n                    },\n                    {\n                      \"pattern\": \"MB81Y\",\n                      \"exclude\": [\n                        \"NK8x2\",\n                        \"CLL4257\",\n                        \"LMT38\",\n                        \"IA*x*4I\",\n                        \"AI958P\"\n                      ],\n                      \"info\": \"[Kc/wy\"\n                    }\n                  ]\n                }\n              ]\n            },\n            {\n              \"or\": [\n                \"BTT67x\",\n                \"VF6*7B\",\n                \"JL**x\",\n                \"JTF96\"\n              ]\n            }\n          ]\n        }\n      ]\n    }\n  }\n]",
              "code": "fast_check_1.sample(index_test_2.matchRule, 10).forEach((sample, i) => addContext_1.default(this, {\n    title: `matchRule sample ${i}`,\n    value: sample,\n}));\nreturn fast_check_1.assert(fast_check_1.property(index_test_2.matchRule, ajvValidate));",
              "err": {},
              "uuid": "754816c4-f5c2-4427-9ac3-832a3e626e91",
              "parentUUID": "ae33903f-9f3f-436c-a9e4-2cc3b1ddf3d8",
              "isHook": false,
              "skipped": false
            },
            {
              "title": "should not validate non-string/object",
              "fullTitle": "matchRuleSchema should not validate non-string/object",
              "timedOut": false,
              "duration": 1,
              "state": "passed",
              "speed": "fast",
              "pass": true,
              "fail": false,
              "pending": false,
              "context": null,
              "code": "const error = {\n    instancePath: \"\",\n    message: \"match rule should be either a string or an object\",\n};\nisInvalidRule(null, error);\nisInvalidRule(undefined, error);\nisInvalidRule(10, error);\nisInvalidRule([12, 24], error);",
              "err": {},
              "uuid": "784d3c3e-0b51-4ea1-acb9-9e2e27a47851",
              "parentUUID": "ae33903f-9f3f-436c-a9e4-2cc3b1ddf3d8",
              "isHook": false,
              "skipped": false
            },
            {
              "title": "should not validate match rules with extra properties",
              "fullTitle": "matchRuleSchema should not validate match rules with extra properties",
              "timedOut": false,
              "duration": 1,
              "state": "passed",
              "speed": "fast",
              "pass": true,
              "fail": false,
              "pending": false,
              "context": null,
              "code": "isInvalidRule({\n        and: [{ or: [{ pattern: \"CS2103T\", info2: \"foobar\" }], abc: \"def\" }],\n        mno: \"pqr\",\n    }, {\n        instancePath: \"/and/0/or/0\",\n        message: \"pattern match rule should have properties 'pattern', 'exclude' (optional) and 'info' (optional) only\",\n    }, {\n        instancePath: \"/and/0\",\n        message: \"or match rule should have property 'or' only\",\n    }, {\n        instancePath: \"\",\n        message: \"and match rule should have property 'and' only\",\n    })",
              "err": {},
              "uuid": "d12aec46-2b9d-4570-b576-7da06a2dbcbc",
              "parentUUID": "ae33903f-9f3f-436c-a9e4-2cc3b1ddf3d8",
              "isHook": false,
              "skipped": false
            },
            {
              "title": "should not validate ambiguous match rules",
              "fullTitle": "matchRuleSchema should not validate ambiguous match rules",
              "timedOut": false,
              "duration": 1,
              "state": "passed",
              "speed": "fast",
              "pass": true,
              "fail": false,
              "pending": false,
              "context": null,
              "code": "const message = \"match rule should have only one of properties 'pattern', 'and', 'or'\";\nisInvalidRule({\n    or: [\n        { pattern: \"CS1231\", and: [] },\n        { pattern: \"CS1231\", or: [] },\n        { and: [{ and: [\"abc\"], or: [\"def\"] }] },\n    ],\n}, { instancePath: \"/or/0\", message }, { instancePath: \"/or/1\", message }, { instancePath: \"/or/2/and/0\", message });",
              "err": {},
              "uuid": "ecbddd0b-9473-4639-aecf-6b886ffa1b04",
              "parentUUID": "ae33903f-9f3f-436c-a9e4-2cc3b1ddf3d8",
              "isHook": false,
              "skipped": false
            },
            {
              "title": "should not validate pattern match rule with invalid patterns",
              "fullTitle": "matchRuleSchema should not validate pattern match rule with invalid patterns",
              "timedOut": false,
              "duration": 0,
              "state": "passed",
              "speed": "fast",
              "pass": true,
              "fail": false,
              "pending": false,
              "context": null,
              "code": "const message = \"pattern should be a non-empty string composed of A-Z, 0-9, x or *\";\nisInvalidRule({\n    and: [\n        \"CS210c\",\n        { pattern: \"CS2100\", exclude: \"CS1231s\" },\n        { pattern: \"CS210#T\", exclude: [\"CS1231\", \"CS21%\"] },\n    ],\n}, { instancePath: \"/and/0\", message }, { instancePath: \"/and/1/exclude\", message }, { instancePath: \"/and/2/pattern\", message }, { instancePath: \"/and/2/exclude/1\", message });",
              "err": {},
              "uuid": "6af41a17-7da3-4040-a39a-6c16ed6b6e7f",
              "parentUUID": "ae33903f-9f3f-436c-a9e4-2cc3b1ddf3d8",
              "isHook": false,
              "skipped": false
            },
            {
              "title": "should not validate pattern match rule with non-string/array exclude",
              "fullTitle": "matchRuleSchema should not validate pattern match rule with non-string/array exclude",
              "timedOut": false,
              "duration": 0,
              "state": "passed",
              "speed": "fast",
              "pass": true,
              "fail": false,
              "pending": false,
              "context": null,
              "code": "const message = \"property 'exclude' should be either a pattern or an array of patterns\";\nisInvalidRule({\n    or: [\n        { pattern: \"CS2101\", exclude: {} },\n        { pattern: \"CS2101\", exclude: 5 },\n    ],\n}, { instancePath: \"/or/0/exclude\", message }, { instancePath: \"/or/1/exclude\", message });",
              "err": {},
              "uuid": "100859e3-475a-4b71-a76c-fc2b7021c3ad",
              "parentUUID": "ae33903f-9f3f-436c-a9e4-2cc3b1ddf3d8",
              "isHook": false,
              "skipped": false
            },
            {
              "title": "should not validate pattern match rule with non-string info",
              "fullTitle": "matchRuleSchema should not validate pattern match rule with non-string info",
              "timedOut": false,
              "duration": 0,
              "state": "passed",
              "speed": "fast",
              "pass": true,
              "fail": false,
              "pending": false,
              "context": null,
              "code": "const message = \"property 'info' should be a string\";\nisInvalidRule({ pattern: \"CS2101\", info: 42 }, { instancePath: \"/info\", message });",
              "err": {},
              "uuid": "92ef12d4-286f-4d52-a1d1-b3049de09215",
              "parentUUID": "ae33903f-9f3f-436c-a9e4-2cc3b1ddf3d8",
              "isHook": false,
              "skipped": false
            },
            {
              "title": "should not validate and match rules with non-array property",
              "fullTitle": "matchRuleSchema should not validate and match rules with non-array property",
              "timedOut": false,
              "duration": 0,
              "state": "passed",
              "speed": "fast",
              "pass": true,
              "fail": false,
              "pending": false,
              "context": null,
              "code": "const message = \"property 'and' should be an array of match rules\";\nisInvalidRule({ or: [{ and: {} }, { or: [{ and: 3 }] }] }, { instancePath: \"/or/0/and\", message }, { instancePath: \"/or/1/or/0/and\", message });",
              "err": {},
              "uuid": "dc8718af-6be2-4eb0-9406-911580d6f35d",
              "parentUUID": "ae33903f-9f3f-436c-a9e4-2cc3b1ddf3d8",
              "isHook": false,
              "skipped": false
            },
            {
              "title": "should not validate or match rules with non-array property",
              "fullTitle": "matchRuleSchema should not validate or match rules with non-array property",
              "timedOut": false,
              "duration": 1,
              "state": "passed",
              "speed": "fast",
              "pass": true,
              "fail": false,
              "pending": false,
              "context": null,
              "code": "const message = \"property 'or' should be an array of match rules\";\nisInvalidRule({ or: [{ or: {} }, { and: [{ or: 3 }] }] }, { instancePath: \"/or/0/or\", message }, { instancePath: \"/or/1/and/0/or\", message });",
              "err": {},
              "uuid": "92c1b9ac-6f0c-4ab2-ad46-19e665819f5c",
              "parentUUID": "ae33903f-9f3f-436c-a9e4-2cc3b1ddf3d8",
              "isHook": false,
              "skipped": false
            }
          ],
          "suites": [],
          "passes": [
            "4b873b4e-7cfa-4b2d-807d-5ae0859bf1d3",
            "945b2772-178f-43af-9417-348484e55106",
            "754816c4-f5c2-4427-9ac3-832a3e626e91",
            "784d3c3e-0b51-4ea1-acb9-9e2e27a47851",
            "d12aec46-2b9d-4570-b576-7da06a2dbcbc",
            "ecbddd0b-9473-4639-aecf-6b886ffa1b04",
            "6af41a17-7da3-4040-a39a-6c16ed6b6e7f",
            "100859e3-475a-4b71-a76c-fc2b7021c3ad",
            "92ef12d4-286f-4d52-a1d1-b3049de09215",
            "dc8718af-6be2-4eb0-9406-911580d6f35d",
            "92c1b9ac-6f0c-4ab2-ad46-19e665819f5c"
          ],
          "failures": [],
          "pending": [],
          "skipped": [],
          "duration": 13,
          "root": false,
          "rootEmpty": false,
          "_timeout": 2000
        },
        {
          "uuid": "dfb573e2-5e05-4a66-8131-0162edf284ac",
          "title": "inequalitySchema",
          "fullFile": "/home/runner/work/planwithus-lib/planwithus-lib/src/satisfyRule/inequality/schemas.test.ts",
          "file": "/src/satisfyRule/inequality/schemas.test.ts",
          "beforeHooks": [],
          "afterHooks": [],
          "tests": [
            {
              "title": "should validate inequality in the form <=n or >=n",
              "fullTitle": "inequalitySchema should validate inequality in the form <=n or >=n",
              "timedOut": false,
              "duration": 1,
              "state": "passed",
              "speed": "fast",
              "pass": true,
              "fail": false,
              "pending": false,
              "context": "[\n  {\n    \"title\": \"inequality sample 0\",\n    \"value\": \"<=7\"\n  },\n  {\n    \"title\": \"inequality sample 1\",\n    \"value\": \"<=197\"\n  },\n  {\n    \"title\": \"inequality sample 2\",\n    \"value\": \">=6\"\n  },\n  {\n    \"title\": \"inequality sample 3\",\n    \"value\": \">=86\"\n  },\n  {\n    \"title\": \"inequality sample 4\",\n    \"value\": \">=50\"\n  },\n  {\n    \"title\": \"inequality sample 5\",\n    \"value\": \">=199\"\n  },\n  {\n    \"title\": \"inequality sample 6\",\n    \"value\": \">=96\"\n  },\n  {\n    \"title\": \"inequality sample 7\",\n    \"value\": \"<=198\"\n  },\n  {\n    \"title\": \"inequality sample 8\",\n    \"value\": \"<=7\"\n  },\n  {\n    \"title\": \"inequality sample 9\",\n    \"value\": \"<=189\"\n  }\n]",
              "code": "fast_check_1.sample(index_test_2.inequality, 10).forEach((sample, i) => addContext_1.default(this, {\n    title: `inequality sample ${i}`,\n    value: sample,\n}));\nreturn fast_check_1.assert(fast_check_1.property(index_test_2.inequality, ajvValidate));",
              "err": {},
              "uuid": "71226868-64d3-42f5-b902-1cad1bc5b100",
              "parentUUID": "dfb573e2-5e05-4a66-8131-0162edf284ac",
              "isHook": false,
              "skipped": false
            },
            {
              "title": "should not validate inequality of invalid form",
              "fullTitle": "inequalitySchema should not validate inequality of invalid form",
              "timedOut": false,
              "duration": 2,
              "state": "passed",
              "speed": "fast",
              "pass": true,
              "fail": false,
              "pending": false,
              "context": null,
              "code": "[\n        \"\",\n        \"==23\",\n        \"23\",\n        \"<23\",\n        \">23\",\n        \"<=-1\",\n        \">=-1\",\n        \"<= 2\",\n        \">= 1\",\n        \"> 3\",\n        \"< 3\",\n        \"<=3a\",\n        \">=3a\",\n        \"a<=3\",\n        \"a>=3\",\n    ].forEach(isInvalidInequality)",
              "err": {},
              "uuid": "a60b6d69-d048-4252-b31f-66b3bb8e0921",
              "parentUUID": "dfb573e2-5e05-4a66-8131-0162edf284ac",
              "isHook": false,
              "skipped": false
            }
          ],
          "suites": [],
          "passes": [
            "71226868-64d3-42f5-b902-1cad1bc5b100",
            "a60b6d69-d048-4252-b31f-66b3bb8e0921"
          ],
          "failures": [],
          "pending": [],
          "skipped": [],
          "duration": 3,
          "root": false,
          "rootEmpty": false,
          "_timeout": 2000
        },
        {
          "uuid": "c5d9e515-2fc3-4893-be95-bbfccebe0f2f",
          "title": "satisfyRuleSchema",
          "fullFile": "/home/runner/work/planwithus-lib/planwithus-lib/src/satisfyRule/schemas.test.ts",
          "file": "/src/satisfyRule/schemas.test.ts",
          "beforeHooks": [],
          "afterHooks": [],
          "tests": [
            {
              "title": "should validate satisfy rule with valid block id",
              "fullTitle": "satisfyRuleSchema should validate satisfy rule with valid block id",
              "timedOut": false,
              "duration": 1,
              "state": "passed",
              "speed": "fast",
              "pass": true,
              "fail": false,
              "pending": false,
              "context": null,
              "code": "fast_check_1.assert(fast_check_1.property(fast_check_1.string(), ajvValidate)",
              "err": {},
              "uuid": "ed59ed92-c701-4736-a76f-0fb4cb28c7a2",
              "parentUUID": "c5d9e515-2fc3-4893-be95-bbfccebe0f2f",
              "isHook": false,
              "skipped": false
            },
            {
              "title": "should validate satisfy rules with valid mc",
              "fullTitle": "satisfyRuleSchema should validate satisfy rules with valid mc",
              "timedOut": false,
              "duration": 2,
              "state": "passed",
              "speed": "fast",
              "pass": true,
              "fail": false,
              "pending": false,
              "context": "[\n  {\n    \"title\": \"mcSatisfyRule sample 0\",\n    \"value\": {\n      \"mc\": \"<=172\"\n    }\n  },\n  {\n    \"title\": \"mcSatisfyRule sample 1\",\n    \"value\": {\n      \"mc\": \"<=182\"\n    }\n  },\n  {\n    \"title\": \"mcSatisfyRule sample 2\",\n    \"value\": {\n      \"mc\": \"<=100\"\n    }\n  },\n  {\n    \"title\": \"mcSatisfyRule sample 3\",\n    \"value\": {\n      \"mc\": \"<=3\"\n    }\n  },\n  {\n    \"title\": \"mcSatisfyRule sample 4\",\n    \"value\": {\n      \"mc\": \"<=150\"\n    }\n  },\n  {\n    \"title\": \"mcSatisfyRule sample 5\",\n    \"value\": {\n      \"mc\": \"<=85\"\n    }\n  },\n  {\n    \"title\": \"mcSatisfyRule sample 6\",\n    \"value\": {\n      \"mc\": \"<=180\"\n    }\n  },\n  {\n    \"title\": \"mcSatisfyRule sample 7\",\n    \"value\": {\n      \"mc\": \">=195\"\n    }\n  },\n  {\n    \"title\": \"mcSatisfyRule sample 8\",\n    \"value\": {\n      \"mc\": \">=7\"\n    }\n  },\n  {\n    \"title\": \"mcSatisfyRule sample 9\",\n    \"value\": {\n      \"mc\": \">=122\"\n    }\n  }\n]",
              "code": "fast_check_1.sample(index_test_2.mcSatisfyRule, 10).forEach((sample, i) => addContext_1.default(this, {\n    title: `mcSatisfyRule sample ${i}`,\n    value: sample,\n}));\nreturn fast_check_1.assert(fast_check_1.property(index_test_2.mcSatisfyRule, ajvValidate));",
              "err": {},
              "uuid": "923398d4-2f0e-4911-a617-06192598a191",
              "parentUUID": "c5d9e515-2fc3-4893-be95-bbfccebe0f2f",
              "isHook": false,
              "skipped": false
            },
            {
              "title": "should validate valid recursive satisfy rules",
              "fullTitle": "satisfyRuleSchema should validate valid recursive satisfy rules",
              "timedOut": false,
              "duration": 5,
              "state": "passed",
              "speed": "fast",
              "pass": true,
              "fail": false,
              "pending": false,
              "context": "[\n  {\n    \"title\": \"satisfyRule sample 0\",\n    \"value\": \"/\"\n  },\n  {\n    \"title\": \"satisfyRule sample 1\",\n    \"value\": \"s@_-2-I1T\"\n  },\n  {\n    \"title\": \"satisfyRule sample 2\",\n    \"value\": {\n      \"mc\": \">=52\"\n    }\n  },\n  {\n    \"title\": \"satisfyRule sample 3\",\n    \"value\": {\n      \"and\": [\n        {\n          \"and\": [\n            \"]HN=+/1W&\"\n          ]\n        }\n      ]\n    }\n  },\n  {\n    \"title\": \"satisfyRule sample 4\",\n    \"value\": {\n      \"and\": [\n        {\n          \"mc\": \">=178\"\n        },\n        \",9\",\n        {\n          \"mc\": \">=60\"\n        }\n      ]\n    }\n  },\n  {\n    \"title\": \"satisfyRule sample 5\",\n    \"value\": {\n      \"and\": [\n        \"wD/\"\n      ]\n    }\n  },\n  {\n    \"title\": \"satisfyRule sample 6\",\n    \"value\": {\n      \"mc\": \"<=200\"\n    }\n  },\n  {\n    \"title\": \"satisfyRule sample 7\",\n    \"value\": \"hMR6W\"\n  },\n  {\n    \"title\": \"satisfyRule sample 8\",\n    \"value\": {\n      \"mc\": \">=7\"\n    }\n  },\n  {\n    \"title\": \"satisfyRule sample 9\",\n    \"value\": {\n      \"or\": [\n        {\n          \"and\": [\n            {\n              \"mc\": \"<=184\"\n            },\n            {\n              \"or\": [\n                \"SK\",\n                {\n                  \"or\": [\n                    \"F,\"\n                  ]\n                },\n                \"uS\",\n                {\n                  \"mc\": \"<=100\"\n                }\n              ]\n            },\n            {\n              \"mc\": \"<=14\"\n            },\n            {\n              \"and\": [\n                \"!<5e?Z^mxN\",\n                \"$M:\",\n                \"`\",\n                \"jPHF3s,C.p\"\n              ]\n            },\n            {\n              \"or\": [\n                {\n                  \"mc\": \">=5\"\n                }\n              ]\n            }\n          ]\n        },\n        {\n          \"mc\": \"<=107\"\n        }\n      ]\n    }\n  }\n]",
              "code": "fast_check_1.sample(index_test_2.satisfyRule, 10).forEach((sample, i) => addContext_1.default(this, {\n    title: `satisfyRule sample ${i}`,\n    value: sample,\n}));\nreturn fast_check_1.assert(fast_check_1.property(index_test_2.satisfyRule, ajvValidate));",
              "err": {},
              "uuid": "c97a422d-56f4-449a-a244-00821312e0ef",
              "parentUUID": "c5d9e515-2fc3-4893-be95-bbfccebe0f2f",
              "isHook": false,
              "skipped": false
            },
            {
              "title": "should not validate non-string/object",
              "fullTitle": "satisfyRuleSchema should not validate non-string/object",
              "timedOut": false,
              "duration": 0,
              "state": "passed",
              "speed": "fast",
              "pass": true,
              "fail": false,
              "pending": false,
              "context": null,
              "code": "const error = {\n    instancePath: \"\",\n    message: \"satisfy rule should be either a string or an object\",\n};\nisInvalidRule(null, error);\nisInvalidRule(undefined, error);\nisInvalidRule(10, error);\nisInvalidRule([12, 24], error);",
              "err": {},
              "uuid": "713aafb3-1d9b-438a-b693-02cf680eeec2",
              "parentUUID": "c5d9e515-2fc3-4893-be95-bbfccebe0f2f",
              "isHook": false,
              "skipped": false
            },
            {
              "title": "should not validate satisfy rules with extra properties",
              "fullTitle": "satisfyRuleSchema should not validate satisfy rules with extra properties",
              "timedOut": false,
              "duration": 0,
              "state": "passed",
              "speed": "fast",
              "pass": true,
              "fail": false,
              "pending": false,
              "context": null,
              "code": "isInvalidRule({\n        and: [\n            { or: [\"2k\"], abc: \"def\" },\n            { mc: 8, ghi: \"jkl\" },\n        ],\n        mno: \"pqr\",\n    }, {\n        instancePath: \"/and/0\",\n        message: \"or satisfy rule should have property 'or' only\",\n    }, {\n        instancePath: \"/and/1\",\n        message: \"MC satisfy rule should have property 'mc' only\",\n    }, {\n        instancePath: \"\",\n        message: \"and satisfy rule should have property 'and' only\",\n    })",
              "err": {},
              "uuid": "3e02ddc3-53a6-4815-a122-b5f3fb7d886a",
              "parentUUID": "c5d9e515-2fc3-4893-be95-bbfccebe0f2f",
              "isHook": false,
              "skipped": false
            },
            {
              "title": "should not validate ambiguous satisfy rules",
              "fullTitle": "satisfyRuleSchema should not validate ambiguous satisfy rules",
              "timedOut": false,
              "duration": 0,
              "state": "passed",
              "speed": "fast",
              "pass": true,
              "fail": false,
              "pending": false,
              "context": null,
              "code": "const message = \"satisfy rule should have only one of properties 'mc', 'and', 'or'\";\nisInvalidRule({\n    or: [\n        { mc: 5, and: [\"CS2040\"] },\n        { and: [{ and: [\"abc\"], or: [\"def\"] }] },\n    ],\n}, { instancePath: \"/or/0\", message }, { instancePath: \"/or/1/and/0\", message });",
              "err": {},
              "uuid": "02d1fbf5-6f95-44f5-8ae1-b93f78315a46",
              "parentUUID": "c5d9e515-2fc3-4893-be95-bbfccebe0f2f",
              "isHook": false,
              "skipped": false
            },
            {
              "title": "should not validate and satisfy rules with non-array property",
              "fullTitle": "satisfyRuleSchema should not validate and satisfy rules with non-array property",
              "timedOut": false,
              "duration": 0,
              "state": "passed",
              "speed": "fast",
              "pass": true,
              "fail": false,
              "pending": false,
              "context": null,
              "code": "const message = \"property 'and' should be an array of satisfy rules\";\nisInvalidRule({ or: [{ and: {} }, { or: [{ and: 3 }] }] }, { instancePath: \"/or/0/and\", message }, { instancePath: \"/or/1/or/0/and\", message });",
              "err": {},
              "uuid": "9869c66a-577a-4a38-aa6e-75085ba9f5e2",
              "parentUUID": "c5d9e515-2fc3-4893-be95-bbfccebe0f2f",
              "isHook": false,
              "skipped": false
            },
            {
              "title": "should not validate or satisfy rules with non-array property",
              "fullTitle": "satisfyRuleSchema should not validate or satisfy rules with non-array property",
              "timedOut": false,
              "duration": 0,
              "state": "passed",
              "speed": "fast",
              "pass": true,
              "fail": false,
              "pending": false,
              "context": null,
              "code": "const message = \"property 'or' should be an array of satisfy rules\";\nisInvalidRule({ and: [{ or: {} }, { and: [{ or: 3 }] }] }, { instancePath: \"/and/0/or\", message }, { instancePath: \"/and/1/and/0/or\", message });",
              "err": {},
              "uuid": "316b7a11-d31b-46de-936a-25487fc12e6c",
              "parentUUID": "c5d9e515-2fc3-4893-be95-bbfccebe0f2f",
              "isHook": false,
              "skipped": false
            }
          ],
          "suites": [],
          "passes": [
            "ed59ed92-c701-4736-a76f-0fb4cb28c7a2",
            "923398d4-2f0e-4911-a617-06192598a191",
            "c97a422d-56f4-449a-a244-00821312e0ef",
            "713aafb3-1d9b-438a-b693-02cf680eeec2",
            "3e02ddc3-53a6-4815-a122-b5f3fb7d886a",
            "02d1fbf5-6f95-44f5-8ae1-b93f78315a46",
            "9869c66a-577a-4a38-aa6e-75085ba9f5e2",
            "316b7a11-d31b-46de-936a-25487fc12e6c"
          ],
          "failures": [],
          "pending": [],
          "skipped": [],
          "duration": 8,
          "root": false,
          "rootEmpty": false,
          "_timeout": 2000
        }
      ],
      "passes": [],
      "failures": [],
      "pending": [],
      "skipped": [],
      "duration": 0,
      "root": true,
      "rootEmpty": true,
      "_timeout": 2000
    }
  ],
  "meta": {
    "mocha": {
      "version": "9.0.1"
    },
    "mochawesome": {
      "options": {
        "quiet": false,
        "reportFilename": "mochawesome",
        "saveHtml": true,
        "saveJson": true,
        "consoleReporter": "spec",
        "useInlineDiffs": false,
        "code": true
      },
      "version": "6.2.2"
    },
    "marge": {
      "options": {
        "reportDir": "docs"
      },
      "version": "5.2.0"
    }
  }
}