{
  "stats": {
    "suites": 10,
    "tests": 48,
    "passes": 48,
    "pending": 0,
    "failures": 0,
    "start": "2021-08-04T07:58:51.683Z",
    "end": "2021-08-04T07:58:51.976Z",
    "duration": 293,
    "testsRegistered": 48,
    "passPercent": 100,
    "pendingPercent": 0,
    "other": 0,
    "hasOther": false,
    "skipped": 0,
    "hasSkipped": false
  },
  "results": [
    {
      "uuid": "2538cfd7-341f-495a-a6bb-0a28a3f3ca98",
      "title": "",
      "fullFile": "",
      "file": "",
      "beforeHooks": [],
      "afterHooks": [],
      "tests": [],
      "suites": [
        {
          "uuid": "01d5a6f2-2a7c-4789-b673-341de19b363a",
          "title": "initDirectories",
          "fullFile": "/home/runner/work/planwithus-lib/planwithus-lib/src/block/schemas.test.ts",
          "file": "/src/block/schemas.test.ts",
          "beforeHooks": [],
          "afterHooks": [],
          "tests": [
            {
              "title": "should parse all blocks with no errors",
              "fullTitle": "initDirectories should parse all blocks with no errors",
              "timedOut": false,
              "duration": 2,
              "state": "passed",
              "speed": "fast",
              "pass": true,
              "fail": false,
              "pending": false,
              "context": null,
              "code": "_1.initDirectories.should.not.throw()",
              "err": {},
              "uuid": "99c44598-522c-4677-a522-3f6e4fb1e048",
              "parentUUID": "01d5a6f2-2a7c-4789-b673-341de19b363a",
              "isHook": false,
              "skipped": false
            },
            {
              "title": "should produce primary, second & minor directories",
              "fullTitle": "initDirectories should produce primary, second & minor directories",
              "timedOut": false,
              "duration": 2,
              "state": "passed",
              "speed": "fast",
              "pass": true,
              "fail": false,
              "pending": false,
              "context": null,
              "code": "const directories = _1.initDirectories();\ndirectories.should.have.property(\"primary\");\ndirectories.should.have.property(\"second\");\ndirectories.should.have.property(\"minor\");",
              "err": {},
              "uuid": "15501dda-e5a6-4913-8be4-2274575b1dc3",
              "parentUUID": "01d5a6f2-2a7c-4789-b673-341de19b363a",
              "isHook": false,
              "skipped": false
            }
          ],
          "suites": [],
          "passes": [
            "99c44598-522c-4677-a522-3f6e4fb1e048",
            "15501dda-e5a6-4913-8be4-2274575b1dc3"
          ],
          "failures": [],
          "pending": [],
          "skipped": [],
          "duration": 4,
          "root": false,
          "rootEmpty": false,
          "_timeout": 2000
        },
        {
          "uuid": "2688fd45-87a1-4b0a-a92a-342357e0a88d",
          "title": "blockSchema",
          "fullFile": "/home/runner/work/planwithus-lib/planwithus-lib/src/block/schemas.test.ts",
          "file": "/src/block/schemas.test.ts",
          "beforeHooks": [],
          "afterHooks": [],
          "tests": [
            {
              "title": "should validate valid block",
              "fullTitle": "blockSchema should validate valid block",
              "timedOut": false,
              "duration": 170,
              "state": "passed",
              "speed": "slow",
              "pass": true,
              "fail": false,
              "pending": false,
              "context": "[\n  {\n    \"title\": \"block sample 0\",\n    \"value\": {\n      \"name\": \"&}/\",\n      \"ay\": 2023,\n      \"assign\": \"\",\n      \"match\": {\n        \"or\": [\n          {\n            \"pattern\": \"RVD05x\",\n            \"exclude\": [],\n            \"info\": \"O\\\\^\"\n          },\n          {\n            \"or\": [\n              {\n                \"or\": []\n              },\n              {\n                \"or\": [\n                  \"OMD15M\",\n                  \"IWC*200G\",\n                  \"HVx892\",\n                  \"IZI21X\"\n                ]\n              },\n              {\n                \"and\": [\n                  {\n                    \"pattern\": \"AR64L\",\n                    \"exclude\": [\n                      \"MN4x20P\",\n                      \"QAT67\",\n                      \"SC69\"\n                    ],\n                    \"info\": \"^?\"\n                  },\n                  \"KF9H\",\n                  \"FC*2\",\n                  {\n                    \"and\": []\n                  },\n                  {\n                    \"pattern\": \"OLK*12*\",\n                    \"exclude\": [\n                      \"SUI9**G\",\n                      \"ACV31\",\n                      \"ONM31Q\"\n                    ],\n                    \"info\": \"wsd!\"\n                  }\n                ]\n              },\n              \"OQ0*6Z\",\n              {\n                \"pattern\": \"TEF872F\",\n                \"exclude\": []\n              }\n            ]\n          }\n        ]\n      },\n      \"url\": \"http://2myfd2yjaj5uszca.c.qa-9ada9f8-72999kcanc2hdezpeeet5drdpxofnbc-pb98n6difxf.yiyn/Wg,/g/O+v-\",\n      \"info\": \"~m\",\n      \"isSelectable\": true\n    }\n  },\n  {\n    \"title\": \"block sample 1\",\n    \"value\": {\n      \"match\": {\n        \"or\": []\n      },\n      \"satisfy\": \"\",\n      \"url\": \"https://gqe9-zdg6ou3oo5lcp3jixdijsuq5zlob7j3.v5zotwky2z0gsl-bbqqcqg866g3hlqdvn09qu984t4e9-7uz63hhlzg.0g.bdwsp2cd4.xww/qCehP!G:o/0%F3%90%A6%A3MKeHSx/ZYL(;(%E1%BB%BDZ6t//R3M%F1%AC%8A%AAK/%EE%85%9F%F0%BE%AD%91FmUBK_/%F3%B7%AE%B2X-~6W+/s%F1%8A%AF%936)VC@yf/7;\",\n      \"isSelectable\": true,\n      \"\": {\n        \"name\": \"]g u~(q\",\n        \"ay\": 1951,\n        \"match\": [\n          {\n            \"pattern\": \"CLHx372W\",\n            \"exclude\": \"IS6S\",\n            \"info\": \"2Q\"\n          }\n        ],\n        \"satisfy\": [\n          {\n            \"or\": []\n          }\n        ],\n        \"url\": \"https://7wmi82pgbaat1pzay7f-8q42bmwgl9vt-8n8bds5a3lzakluwqkxd.kbi/+h@g;e%F0%B4%89%B4/d)XNb~D\",\n        \"info\": \"H)\",\n        \"isSelectable\": true,\n        \"\": {\n          \"assign\": [\n            \"yXz\",\n            \"}\\\"~EI zh\"\n          ],\n          \"match\": {\n            \"or\": [\n              {\n                \"or\": [\n                  \"ZEQ4\",\n                  \"VHx\",\n                  {\n                    \"pattern\": \"DWO2\"\n                  }\n                ]\n              },\n              {\n                \"or\": [\n                  {\n                    \"pattern\": \"JP496X\",\n                    \"exclude\": \"YL1\",\n                    \"info\": \"W/w#s\\\"[<K\"\n                  },\n                  \"FT40\"\n                ]\n              },\n              \"NF675H\",\n              \"OSQ718\"\n            ]\n          },\n          \"satisfy\": {\n            \"mc\": \">=2\"\n          },\n          \"info\": \"h@$U\",\n          \"isSelectable\": true\n        },\n        \">IE^{~IQ@\": {\n          \"name\": \"A%<`0\",\n          \"ay\": 2029,\n          \"assign\": \" & q~]{:\",\n          \"match\": {\n            \"and\": [\n              {\n                \"and\": [\n                  \"SF4P\",\n                  {\n                    \"or\": [\n                      \"KH770A\",\n                      {\n                        \"pattern\": \"LAV299I\",\n                        \"exclude\": \"SDM768\"\n                      },\n                      \"VM416P\",\n                      \"VC21\"\n                    ]\n                  },\n                  \"KS7022\"\n                ]\n              },\n              {\n                \"or\": [\n                  \"FMB9096\",\n                  \"LV21A\",\n                  {\n                    \"or\": [\n                      {\n                        \"and\": [\n                          \"AU92x4W\",\n                          \"CVB2B\",\n                          \"JC*7\"\n                        ]\n                      },\n                      \"ZZSx1\",\n                      \"JDB5X\",\n                      \"SPN35*1\"\n                    ]\n                  }\n                ]\n              }\n            ]\n          },\n          \"satisfy\": {\n            \"and\": [\n              {\n                \"or\": [\n                  \"r@V\",\n                  \"5n1n\",\n                  \"|,V:Wp\"\n                ]\n              },\n              {\n                \"and\": [\n                  {\n                    \"or\": [\n                      \"3<\",\n                      \"WctyZR\",\n                      \"6|VRw\",\n                      \"62b6Op_G1P\",\n                      {\n                        \"or\": [\n                          {\n                            \"mc\": \"<=74\"\n                          },\n                          \"oz8^oH+\",\n                          {\n                            \"mc\": \">=82\"\n                          }\n                        ]\n                      }\n                    ]\n                  }\n                ]\n              }\n            ]\n          },\n          \"url\": \"http://b.ee6pu16.4fy9-se4gs6jgodvq1u02ibqytpdefnpahw9kelpghfm81n62ny167usj2k0-5d.jxn\",\n          \"info\": \"c/?to>kx\",\n          \"isSelectable\": true\n        },\n        \"y&-x\": {\n          \"name\": \"~i`l'FR\",\n          \"ay\": 1953,\n          \"assign\": \"SKu\",\n          \"match\": [\n            \"TQX44Y\",\n            {\n              \"and\": []\n            }\n          ],\n          \"satisfy\": [\n            {\n              \"mc\": \">=8\"\n            },\n            {\n              \"mc\": \">=163\"\n            },\n            {\n              \"or\": [\n                {\n                  \"and\": [\n                    \"hR\",\n                    \"`P$inI+\"\n                  ]\n                },\n                \"{tWw%\",\n                {\n                  \"or\": [\n                    {\n                      \"mc\": \">=89\"\n                    },\n                    {\n                      \"mc\": \"<=38\"\n                    },\n                    {\n                      \"mc\": \">=170\"\n                    }\n                  ]\n                },\n                {\n                  \"and\": [\n                    \"lOB:x70}/G\",\n                    \"F\",\n                    \"L08|xA*(\",\n                    \"re\"\n                  ]\n                }\n              ]\n            }\n          ],\n          \"url\": \"https://6.b86kumm9gugs2ce.epvnnd/3u_BD/%F2%B9%99%B2%F2%86%9F%96-*3w///P~%F2%9E%9A%89/XQ\",\n          \"info\": \"l$&3}!#y\\\"\",\n          \"isSelectable\": true\n        }\n      },\n      \"nvH<U0W8\\\\g\": {\n        \"name\": \"}.~&+\",\n        \"ay\": 2011,\n        \"assign\": \"j!%&\",\n        \"match\": [],\n        \"satisfy\": [\n          {\n            \"mc\": \"<=176\"\n          },\n          \"b\",\n          {\n            \"or\": [\n              {\n                \"and\": [\n                  \"WCjO28Ft\",\n                  \"OOy48tn/\"\n                ]\n              }\n            ]\n          }\n        ],\n        \"url\": \"http://655it8m85bbubd-2j7oqe-clab2cdi2f9b4-9bv-aff6qoicv-4reuje9557.a5.5exmdudbcwa-u-87af479-b8yddcp.bqip0es3yertozkh6hgd6q48-mamdnb6jxq2fmxjb.qsshzxotpv/d@Yf%32n*3+/M!+%F4%8F%BF%AD!/z/))w6)z5/(J8//,A-Y;JQP6/SE;Kl/:5+d0q%F3%97%8A%A7/O~d-.d%F0%AB%87%937E%F1%AE%93%87\",\n        \"isSelectable\": true,\n        \" i}GG\": {\n          \"name\": \"$!F\",\n          \"ay\": 1954,\n          \"assign\": [\n            \">IgO{h*8\",\n            \"B-UEy\",\n            \"VK$On&\\\\;Vd\",\n            \"k<,a\",\n            \"OQ\"\n          ],\n          \"match\": {\n            \"and\": []\n          },\n          \"satisfy\": [\n            {\n              \"or\": [\n                {\n                  \"and\": [\n                    {\n                      \"mc\": \"<=145\"\n                    },\n                    {\n                      \"mc\": \"<=28\"\n                    },\n                    {\n                      \"mc\": \"<=174\"\n                    },\n                    {\n                      \"and\": [\n                        \"Yen;2\",\n                        \"/<9\",\n                        \"#\"\n                      ]\n                    },\n                    \":@n\"\n                  ]\n                }\n              ]\n            }\n          ],\n          \"url\": \"https://m.qfih26el77ny2un-2iyhlfiw7g0dh76wyjxlct5.i.ejxl/a/=*%F3%94%9A%A6/g+b3/_v\",\n          \"info\": \"H~\",\n          \"isSelectable\": true\n        }\n      }\n    }\n  },\n  {\n    \"title\": \"block sample 2\",\n    \"value\": {\n      \"7\": {\n        \"name\": \"!\\\\M x}]j`\",\n        \"assign\": \" \",\n        \"match\": [\n          {\n            \"or\": [\n              \"GLX*36E\",\n              {\n                \"pattern\": \"UO4\",\n                \"exclude\": \"NM79F\",\n                \"info\": \"(W:DB`G\"\n              }\n            ]\n          }\n        ],\n        \"satisfy\": {\n          \"mc\": \"<=48\"\n        },\n        \"url\": \"https://fc1bab.w6sjjfsabyf6p9b87cqc8dfe.elrdo/bS\",\n        \"info\": \"o#\",\n        \"isSelectable\": true\n      },\n      \"name\": \")#\",\n      \"ay\": 2030,\n      \"assign\": [\n        \"}h:M^L\",\n        \"gVK:'\"\n      ],\n      \"match\": {\n        \"pattern\": \"UJS49\",\n        \"exclude\": \"EZT7\",\n        \"info\": \"v9\"\n      },\n      \"satisfy\": [\n        {\n          \"or\": [\n            {\n              \"and\": []\n            },\n            {\n              \"or\": [\n                {\n                  \"and\": [\n                    \"q\",\n                    \"Z&z\",\n                    \"J4*T<4F\",\n                    \"G43PT\"\n                  ]\n                }\n              ]\n            },\n            \"?b'\",\n            {\n              \"or\": [\n                {\n                  \"and\": [\n                    {\n                      \"and\": [\n                        \")~Yb6\",\n                        {\n                          \"or\": [\n                            \"\"\n                          ]\n                        }\n                      ]\n                    },\n                    {\n                      \"mc\": \">=197\"\n                    }\n                  ]\n                },\n                {\n                  \"mc\": \">=139\"\n                },\n                \"d\",\n                {\n                  \"and\": [\n                    {\n                      \"and\": [\n                        \"pK<a$SW7F\",\n                        \"5OLmc=Fu+\",\n                        \"Sh/{U}\",\n                        \"{6\",\n                        \"\"\n                      ]\n                    },\n                    \"F`{>\\\\vj\",\n                    \"\"\n                  ]\n                }\n              ]\n            }\n          ]\n        },\n        {\n          \"and\": []\n        }\n      ],\n      \"url\": \"https://7drc7ccf55qvxadgkgf87eqvuavfkn78cwlca.eyxen/.%F2%9E%AB%84R-wK7/UR&//al*/EJe)C\",\n      \"info\": \"v+_1tn(V7!\",\n      \"isSelectable\": true,\n      \"j \": {\n        \"name\": \"ORdd+A$7z2\",\n        \"ay\": 2030,\n        \"satisfy\": {\n          \"and\": [\n            \"v\"\n          ]\n        },\n        \"url\": \"http://w.cv0e0u6oi4ohu0vn4uv.d.dbf/A/v/3U3\",\n        \"info\": \"\",\n        \"isSelectable\": true\n      }\n    }\n  },\n  {\n    \"title\": \"block sample 3\",\n    \"value\": {\n      \"name\": \"` \",\n      \"ay\": 1954,\n      \"match\": \"KMZ201\",\n      \"satisfy\": [\n        \"Jx\",\n        {\n          \"and\": [\n            {\n              \"mc\": \">=5\"\n            },\n            {\n              \"mc\": \"<=6\"\n            }\n          ]\n        },\n        {\n          \"mc\": \">=4\"\n        },\n        \"Qo#z& \"\n      ],\n      \"url\": \"http://b.d2hbmhovwlg6te4rilegks9gq54-urir4ds70.8e6595uabzf-d8b-cdc-4eoxvcbo8spd3ae.hs/R*b%F1%AB%AC%B8/g7b\",\n      \"isSelectable\": true\n    }\n  },\n  {\n    \"title\": \"block sample 4\",\n    \"value\": {\n      \"ay\": 1998,\n      \"match\": [\n        {\n          \"pattern\": \"HZZ*\",\n          \"info\": \"\"\n        },\n        {\n          \"or\": [\n            \"EG81Y\",\n            {\n              \"pattern\": \"MKJ814\",\n              \"exclude\": [\n                \"MV*8x9W\",\n                \"VN06\",\n                \"TYB482Z\",\n                \"NC1481F\"\n              ],\n              \"info\": \"[:Hc\"\n            },\n            {\n              \"pattern\": \"YST5J\",\n              \"exclude\": \"FCG726\",\n              \"info\": \"B]@B{ M\"\n            }\n          ]\n        }\n      ],\n      \"satisfy\": [\n        {\n          \"mc\": \">=200\"\n        },\n        {\n          \"or\": [\n            \"hA}%%\\\"Jk\"\n          ]\n        }\n      ],\n      \"url\": \"http://lef686i.e5hiw51gzvguja7v5k4ace3s-udowjrg0wl.lothw/bTBrK8~nS/AM=(sk/w/B4wzKK!LaH/%F1%97%92%92d4Rz;e*$D\",\n      \"info\": \"{mZ\",\n      \"c}FX4w9\": {\n        \"7\": {\n          \"name\": \"ue%\",\n          \"match\": [\n            {\n              \"pattern\": \"UL57\",\n              \"exclude\": [],\n              \"info\": \"GzNx21\"\n            },\n            {\n              \"pattern\": \"YJG02\",\n              \"exclude\": [\n                \"TZM44*xG\",\n                \"ZBW7*39\",\n                \"VY27x5\"\n              ],\n              \"info\": \"R}|$(u{)U)\"\n            },\n            \"DQI59X\"\n          ],\n          \"satisfy\": {\n            \"mc\": \">=76\"\n          },\n          \"url\": \"http://k4ruwfhypcp3e2wlcuehd7yrkdg-wb4wa5n5mfs8d1xsppgike1hifm8.kc.z4pag92cuz02a5zwv4sfgmj9xxji9vv1u.bwzmxxaapo7p-1jt3m.jycfolsexz/7h%F0%A7%B5%91%F0%AC%90%91%F1%98%87%A6;/4l%F2%A3%A4%A5:1/2ea9+LE~g\",\n          \"info\": \"?@\"\n        },\n        \"name\": \"h:Vp:'\",\n        \"ay\": 2025,\n        \"match\": [\n          {\n            \"or\": [\n              {\n                \"and\": [\n                  \"QC427I\",\n                  {\n                    \"and\": [\n                      \"QQN824xE\",\n                      \"RAX5D\"\n                    ]\n                  },\n                  \"QML5K\",\n                  {\n                    \"pattern\": \"KY76M\",\n                    \"exclude\": [\n                      \"GX0943\",\n                      \"EJ80\",\n                      \"EAG5827C\",\n                      \"NT51L\"\n                    ],\n                    \"info\": \"!*Hj\"\n                  },\n                  {\n                    \"and\": []\n                  }\n                ]\n              }\n            ]\n          },\n          {\n            \"pattern\": \"BPO6299K\",\n            \"exclude\": \"QQ0x75F\",\n            \"info\": \"K-_3X,\"\n          }\n        ],\n        \"satisfy\": {\n          \"and\": []\n        },\n        \"url\": \"http://jn4w5plbzpcnp30sfev7f2.3a79-bkszwap30jobj2idybrl-dt170.syiwhppynz/3Z6Q/ZrwWrbRh%F3%B7%9B%AD/a%EC%99%A7PwY_/3gv+ytOy%E9%89%A5/%F1%A6%94%A2I/2/;+*,%F0%A8%B5%86o/uyfK\",\n        \"info\": \"[\",\n        \"isSelectable\": true,\n        \"E;.#\": {\n          \"name\": \"(~J;Y(h\",\n          \"assign\": \"\",\n          \"match\": {\n            \"and\": [\n              {\n                \"pattern\": \"RP916Y\",\n                \"info\": \"GVT<Wm\"\n              },\n              {\n                \"pattern\": \"CX41O\",\n                \"exclude\": \"YJ880\",\n                \"info\": \"\"\n              },\n              {\n                \"or\": [\n                  {\n                    \"pattern\": \"VW7\",\n                    \"exclude\": \"MM530F\",\n                    \"info\": \"0{\"\n                  },\n                  {\n                    \"or\": [\n                      {\n                        \"or\": [\n                          \"AES22\",\n                          \"MZJx51\"\n                        ]\n                      },\n                      \"EO19\"\n                    ]\n                  },\n                  {\n                    \"or\": [\n                      {\n                        \"pattern\": \"EW9B\",\n                        \"exclude\": \"WJ5806\"\n                      },\n                      \"MUV1272\"\n                    ]\n                  }\n                ]\n              },\n              {\n                \"pattern\": \"TJ5574U\",\n                \"exclude\": [\n                  \"CAQ04\",\n                  \"SS43\",\n                  \"IK2\"\n                ],\n                \"info\": \"HQ8\"\n              },\n              {\n                \"and\": [\n                  \"HJP5x6D\",\n                  \"BI*879B\",\n                  {\n                    \"pattern\": \"GSP52*6\",\n                    \"exclude\": \"HHO4\"\n                  }\n                ]\n              }\n            ]\n          },\n          \"satisfy\": [\n            {\n              \"or\": [\n                \"KA\",\n                {\n                  \"or\": [\n                    {\n                      \"mc\": \">=19\"\n                    },\n                    {\n                      \"and\": [\n                        \"f^\",\n                        \"p-\"\n                      ]\n                    },\n                    \"{3\",\n                    {\n                      \"mc\": \"<=45\"\n                    },\n                    {\n                      \"mc\": \">=50\"\n                    }\n                  ]\n                },\n                {\n                  \"or\": [\n                    {\n                      \"mc\": \">=109\"\n                    },\n                    {\n                      \"and\": []\n                    }\n                  ]\n                },\n                {\n                  \"mc\": \">=120\"\n                },\n                {\n                  \"or\": [\n                    {\n                      \"or\": [\n                        {\n                          \"and\": []\n                        },\n                        \"LFT{0Xx1\"\n                      ]\n                    },\n                    \"qTg\",\n                    {\n                      \"mc\": \"<=36\"\n                    },\n                    {\n                      \"or\": [\n                        \"H\",\n                        {\n                          \"and\": [\n                            \"u9W,e1\",\n                            \"#tJ-@=q#@,\",\n                            {\n                              \"or\": []\n                            },\n                            \"8,l KU\"\n                          ]\n                        },\n                        \".i\",\n                        {\n                          \"mc\": \">=108\"\n                        }\n                      ]\n                    }\n                  ]\n                }\n              ]\n            }\n          ],\n          \"url\": \"http://pjudma51oig9t-zjc-g7jk3dchco75r065spilnm0wge8pwubsxer5w.khyntg/fpLQqbhU/t%F2%9F%88%90Ua%F3%AF%8A%90R8yni\",\n          \"info\": \"\",\n          \"isSelectable\": true,\n          \"*G[;.\": {\n            \"name\": \"A.G`\",\n            \"assign\": \"6p8n\",\n            \"match\": \"MA95x\",\n            \"satisfy\": [\n              \"Y%1hK3XSu\",\n              {\n                \"or\": [\n                  {\n                    \"mc\": \">=156\"\n                  },\n                  {\n                    \"mc\": \">=53\"\n                  },\n                  {\n                    \"or\": [\n                      {\n                        \"and\": [\n                          {\n                            \"and\": [\n                              \"\",\n                              \"a1uq8\",\n                              \"yrJ\",\n                              {\n                                \"or\": [\n                                  \"E;>##3!$-a\",\n                                  {\n                                    \"mc\": \"<=106\"\n                                  },\n                                  \"Qauj^fbh<E\",\n                                  \"rb2&xZ\",\n                                  \"\"\n                                ]\n                              },\n                              \"\"\n                            ]\n                          },\n                          {\n                            \"and\": [\n                              \"^[I>l,~Ij\"\n                            ]\n                          },\n                          {\n                            \"and\": [\n                              \"|\\\"2#!oe\",\n                              \"AY\\\\D1M \",\n                              \"DF\"\n                            ]\n                          },\n                          \"\",\n                          \"h Go|Mw7 ;\"\n                        ]\n                      },\n                      {\n                        \"mc\": \">=62\"\n                      },\n                      {\n                        \"mc\": \"<=53\"\n                      },\n                      {\n                        \"mc\": \"<=7\"\n                      }\n                    ]\n                  },\n                  {\n                    \"and\": [\n                      \"$-,J\",\n                      {\n                        \"mc\": \">=75\"\n                      },\n                      {\n                        \"mc\": \">=160\"\n                      },\n                      \"#ja5jwveE\"\n                    ]\n                  }\n                ]\n              },\n              {\n                \"mc\": \">=142\"\n              },\n              {\n                \"mc\": \"<=28\"\n              },\n              \"(b=\"\n            ],\n            \"url\": \"http://78h6a1587-tv4u0bqltotr9m3f5z8uqe18k.bludmewsqr2ttc6pblxymqwp.w3pj1sg2wuzjvncr3a22dea0w55wd5m.vhwmx/~.zz/eJ/$sCcq-HDn/fnBMY/si3W%F3%B1%9D%8EYn\",\n            \"info\": \"-X\",\n            \"isSelectable\": true\n          }\n        },\n        \"ix)\": {\n          \"name\": \"Plp,b;qL\",\n          \"ay\": 2005,\n          \"assign\": \"V\",\n          \"match\": [\n            {\n              \"or\": [\n                {\n                  \"pattern\": \"KVY25x\",\n                  \"exclude\": [],\n                  \"info\": \"lF\"\n                },\n                {\n                  \"and\": [\n                    {\n                      \"and\": [\n                        \"ONI2C\",\n                        \"OTL7\",\n                        \"NJD8F\",\n                        \"CP54\"\n                      ]\n                    },\n                    {\n                      \"pattern\": \"JIT*\",\n                      \"exclude\": [\n                        \"BQ9P\",\n                        \"VR25X\"\n                      ]\n                    },\n                    \"UV758\"\n                  ]\n                },\n                {\n                  \"pattern\": \"YGG798H\",\n                  \"exclude\": \"IBE8484M\"\n                }\n              ]\n            },\n            {\n              \"or\": []\n            },\n            \"YH57\",\n            {\n              \"and\": [\n                {\n                  \"pattern\": \"XRE62Z\",\n                  \"exclude\": [\n                    \"FC422\"\n                  ],\n                  \"info\": \"|;bbx)ZK\"\n                }\n              ]\n            },\n            {\n              \"and\": [\n                {\n                  \"pattern\": \"SET5632X\",\n                  \"exclude\": \"BR657\",\n                  \"info\": \"{-Xq'\"\n                },\n                {\n                  \"and\": [\n                    \"SFT4Q\"\n                  ]\n                }\n              ]\n            }\n          ],\n          \"url\": \"https://tk-t-qr3hl5t46wbwfpkd6118ga-8obux4mft6z.tta1wpg6iggdn1hv7s12nzqx4tppu.r9x2vwj9374b1id5qgam19t1u7eiahifjsdc5qll9qnsn98i4giczvljf5.uq0h7o6cn9wsih0bzr96d43qoi8svep0.y7gekhfe8zqow9kbumxbrengpgkajafrn7zr46g.ox/xu\",\n          \"info\": \"+%rsZ/gK\",\n          \"isSelectable\": true,\n          \"U\": {\n            \"name\": \"adU>A8\",\n            \"ay\": 2004,\n            \"assign\": [\n              \"a9LuYI8=ky\"\n            ],\n            \"match\": [],\n            \"url\": \"http://hg-dbi7n5irqsbzf9v4wbeat6cyv9fhe7l3m0jomtap63fsn5m4ze104dr.l6u1unq1q3w95x333qz.dvh/Qq(WwQfYDc\",\n            \"info\": \"j\",\n            \"gs\": {\n              \"name\": \"iSKw?]Q\",\n              \"ay\": 1964,\n              \"assign\": \"G\",\n              \"satisfy\": {\n                \"or\": [\n                  \"](H'QP<`\",\n                  \"\\\\H>& Vk'F\"\n                ]\n              },\n              \"info\": \"jYENKl4M\",\n              \"isSelectable\": true\n            },\n            \"_g\": {\n              \"ay\": 1999,\n              \"assign\": \"gYL)InJTk \",\n              \"match\": \"EPx25B\",\n              \"satisfy\": {\n                \"or\": [\n                  {\n                    \"and\": [\n                      {\n                        \"and\": [\n                          {\n                            \"and\": [\n                              \".+<e\",\n                              \"nV?a\",\n                              {\n                                \"and\": [\n                                  \"YqI\",\n                                  \"\",\n                                  \"VDX5H\",\n                                  \"|B./Cni\",\n                                  \"Rd;\"\n                                ]\n                              },\n                              \"vL(4!bCe\",\n                              \"mHP{TqDX`\"\n                            ]\n                          },\n                          \"\"\n                        ]\n                      },\n                      {\n                        \"and\": [\n                          {\n                            \"mc\": \">=51\"\n                          },\n                          \"CM3\\\"$u\",\n                          \"b&Z_@ p\",\n                          {\n                            \"mc\": \">=68\"\n                          },\n                          \"x*v\"\n                        ]\n                      },\n                      {\n                        \"mc\": \">=108\"\n                      }\n                    ]\n                  },\n                  \"BEb?de\"\n                ]\n              },\n              \"url\": \"http://3t6n1pu3e5qiuf8-2vo53ughlqj8ifr96e7eal9-vgvfm839.qklpzzuqnor6ajfxt6t1gkj-7ux68a1fkg.wcanhujw/0:AmXzO/akAc8/uD\",\n              \"info\": \"5kw/tgi\",\n              \"isSelectable\": true\n            }\n          },\n          \"Bv3T\": {\n            \"name\": \"c\",\n            \"ay\": 1990,\n            \"match\": {\n              \"or\": []\n            },\n            \"satisfy\": {\n              \"or\": [\n                {\n                  \"and\": [\n                    {\n                      \"or\": [\n                        \"^{\"\n                      ]\n                    },\n                    {\n                      \"and\": [\n                        \"66MI\\\"-r\",\n                        \"lD\",\n                        \"xUDe0+MX\",\n                        {\n                          \"and\": [\n                            \"M(>qY3^\\\\\",\n                            \"X\",\n                            \"#LR,^ur<zz\",\n                            \"]e<yD7G{X\"\n                          ]\n                        }\n                      ]\n                    },\n                    \"d\\\"`D[<wrQk\",\n                    {\n                      \"and\": [\n                        {\n                          \"or\": [\n                            \"FBsE\"\n                          ]\n                        },\n                        {\n                          \"and\": [\n                            \"\",\n                            \"n fVfg\",\n                            \"izpRSu\",\n                            \"x-\"\n                          ]\n                        }\n                      ]\n                    },\n                    \"Ff]\"\n                  ]\n                },\n                {\n                  \"and\": [\n                    {\n                      \"or\": [\n                        \"O!o\",\n                        {\n                          \"mc\": \"<=44\"\n                        }\n                      ]\n                    },\n                    {\n                      \"or\": [\n                        {\n                          \"or\": [\n                            {\n                              \"mc\": \"<=98\"\n                            },\n                            \"{\"\n                          ]\n                        },\n                        {\n                          \"or\": [\n                            \"|k\",\n                            {\n                              \"and\": [\n                                \">\\\\mFqOe-NF\",\n                                \"2#ZX\",\n                                \"`_L%$4W]\\\\\",\n                                \"\",\n                                \"F|,Au\"\n                              ]\n                            }\n                          ]\n                        },\n                        {\n                          \"or\": [\n                            {\n                              \"or\": [\n                                \"Ms.c=$\",\n                                \"vP|A;?W\"\n                              ]\n                            },\n                            \"O\",\n                            \"ly9_s!$AV\",\n                            \"9\"\n                          ]\n                        },\n                        \"8{8dzn1J&\",\n                        \"4j!0+5Us\"\n                      ]\n                    },\n                    \"9LauuC\",\n                    \"Bcc m]hbS\"\n                  ]\n                },\n                \"B]<(Ax\",\n                {\n                  \"and\": [\n                    {\n                      \"mc\": \">=127\"\n                    }\n                  ]\n                },\n                \"Ga9]?N(\"\n              ]\n            },\n            \"url\": \"https://q.705azha.t0eilqdbwlqve8i0wmndvlmnil2ha289atshez8hvzxtpdr5p-0xc.4o6l-dcmgpay-hzbc3qqv1q3x9z4a8r466llgke-ts3atb.qswlake/4,%F2%83%AF%A1l!pk/*vM/uo0+fvl1\",\n            \"info\": \",3IO\",\n            \"isSelectable\": true\n          },\n          \"0[a ;%.\": {\n            \"name\": \"B\",\n            \"ay\": 1996,\n            \"assign\": \"6$]>!nfZ\",\n            \"match\": \"SMK1\",\n            \"satisfy\": [\n              \"}\",\n              {\n                \"mc\": \"<=178\"\n              },\n              {\n                \"mc\": \"<=189\"\n              },\n              {\n                \"mc\": \">=57\"\n              },\n              {\n                \"mc\": \">=170\"\n              }\n            ],\n            \"url\": \"http://0gr4p06j799ge9iko4z0bgjzjgfelpp7cy71zt3m-fh8.d2l4j3or58xo05ftzdy5283f2sr5z.z0vhpmoo9olihtdi30grfi8dbjio6-5n4y0wjmckfz0691z-ae980.a9guuhxzczcyeunpsjansr-fvadiuuxi200rtcmej.e21w9w1l5n61fyjvq5habmvqe0rxoqw0oqw4qa.hzruv/P*d/-Yc=G7$%F0%A5%9A%B6/FJS%F1%A3%94%8FB/x0-Ya'%F2%A0%81%B5/BLn%F4%8E%8F%83cbvarW/Ek68hgy'/%F1%8A%BF%81am~2l%F1%A4%A0%AD,U/b-D\",\n            \"info\": \"\\\\$K.UO\",\n            \"isSelectable\": true\n          }\n        },\n        \"n5J?*$Q\\\\\": {\n          \"ay\": 2026,\n          \"assign\": [\n            \"\",\n            \">*8a3\"\n          ],\n          \"match\": [\n            {\n              \"and\": [\n                {\n                  \"and\": [\n                    {\n                      \"and\": [\n                        {\n                          \"or\": []\n                        },\n                        {\n                          \"and\": []\n                        },\n                        \"GZ39*Q\",\n                        \"CID980\"\n                      ]\n                    },\n                    {\n                      \"or\": []\n                    },\n                    {\n                      \"and\": [\n                        \"RDM95\",\n                        {\n                          \"pattern\": \"DNE3512\",\n                          \"exclude\": \"CZS6S\",\n                          \"info\": \"\"\n                        },\n                        {\n                          \"and\": [\n                            \"AM*98\"\n                          ]\n                        }\n                      ]\n                    },\n                    {\n                      \"pattern\": \"NL3B\",\n                      \"exclude\": \"OTI003P\",\n                      \"info\": \"h;)8\"\n                    }\n                  ]\n                },\n                {\n                  \"and\": [\n                    {\n                      \"and\": [\n                        \"VMM1785\"\n                      ]\n                    },\n                    \"SO3\",\n                    \"DUx3xP\"\n                  ]\n                },\n                {\n                  \"and\": [\n                    \"DJZ28\"\n                  ]\n                }\n              ]\n            },\n            {\n              \"or\": [\n                {\n                  \"pattern\": \"ZHT1102G\",\n                  \"exclude\": \"OE557\",\n                  \"info\": \"@mz\"\n                }\n              ]\n            },\n            {\n              \"pattern\": \"OQP4477\",\n              \"exclude\": \"LZ5M\",\n              \"info\": \"=2Zr6V1h1E\"\n            }\n          ],\n          \"url\": \"https://r3ad7zgw1ok9n83qnr8a2z1swzcxuhbrcghwr0zxt359xoqgeutsfahnn9ce.txs1ktizv-6se1w45jqqj7aracvg0-9sbubmgzb5ucx7bg505guwb-z2pg.v59taznmwjj2rqz-epkpobqwwyoogvk.xlp3xak-lb0zhbq-foco1bf8bghsg0s-5zp1omu8wrh7jqg7z9e2mft09dj1ik.v.ixnhgukz///!5%E5%99%94%F2%9D%B4%9DyPPtmb\",\n          \"info\": \"]IaGW\",\n          \"isSelectable\": true\n        },\n        \"\": {\n          \"name\": \"\",\n          \"assign\": \"\",\n          \"match\": {\n            \"pattern\": \"JPB4xS\",\n            \"exclude\": [\n              \"LMB3I\",\n              \"DQF*x9\",\n              \"IC143xJ\",\n              \"VE7151S\"\n            ],\n            \"info\": \"Lv\"\n          },\n          \"satisfy\": [],\n          \"url\": \"http://m0.cv2paohbz-5cay3z0gis.telw8zis7e5cyo7vns--78sdhflbj-vsb0vue-u373a05x2eva.sdw0tezluc27g8p4snhshumah0nln81xk3v6675ks900g4ru9e7wd2a.yebfdsh1cn5d36w8g3ot70ow4iojyg.jkkhp/n)NZuiWcR,/%F3%BA%A7%ADx44eq5/0_d3=q*./*/rN/wd*TR\",\n          \"info\": \"Pe~\",\n          \"isSelectable\": true\n        }\n      },\n      \"REouV>gGg\": {\n        \"name\": \"Db*\",\n        \"ay\": 1982,\n        \"assign\": \"n6YX \",\n        \"match\": [\n          {\n            \"pattern\": \"KCA726D\",\n            \"exclude\": [\n              \"BN2x44P\",\n              \"DZX76\",\n              \"PO24*2A\",\n              \"HJD*\"\n            ],\n            \"info\": \"P7i\"\n          },\n          {\n            \"and\": [\n              {\n                \"and\": [\n                  \"CW604xM\",\n                  \"UJE3x7T\"\n                ]\n              },\n              {\n                \"and\": [\n                  \"EKG705\",\n                  \"BO46G\",\n                  {\n                    \"and\": []\n                  },\n                  \"YQF5\"\n                ]\n              },\n              {\n                \"and\": [\n                  \"GK*6Y\",\n                  \"ZC53\",\n                  {\n                    \"or\": []\n                  }\n                ]\n              }\n            ]\n          },\n          {\n            \"pattern\": \"IFL3\",\n            \"exclude\": \"TGQ4819\",\n            \"info\": \"PLt({L*,hk\"\n          },\n          {\n            \"and\": [\n              {\n                \"or\": [\n                  {\n                    \"and\": [\n                      {\n                        \"pattern\": \"ZHI438\",\n                        \"exclude\": [\n                          \"XZxO\",\n                          \"JO313\"\n                        ],\n                        \"info\": \"juPT$gQ-kn\"\n                      }\n                    ]\n                  },\n                  {\n                    \"pattern\": \"POLx8*7\",\n                    \"exclude\": [\n                      \"UK6099\",\n                      \"LT2\"\n                    ]\n                  },\n                  {\n                    \"pattern\": \"IEP55\",\n                    \"exclude\": [\n                      \"LCZ11\",\n                      \"LO875\",\n                      \"EA9037G\",\n                      \"RE519\"\n                    ],\n                    \"info\": \"o\"\n                  }\n                ]\n              },\n              {\n                \"or\": [\n                  \"MW6\",\n                  \"AK1082\",\n                  {\n                    \"pattern\": \"ZPQ5*8\",\n                    \"exclude\": [],\n                    \"info\": \"}>u\"\n                  },\n                  {\n                    \"or\": [\n                      \"CQ*0F\",\n                      \"BWY9\",\n                      \"QX36xH\",\n                      {\n                        \"or\": [\n                          \"OCF44D\"\n                        ]\n                      }\n                    ]\n                  },\n                  {\n                    \"pattern\": \"HXT0158M\",\n                    \"exclude\": [\n                      \"BQJ26**\",\n                      \"MOB46\",\n                      \"RWO12G\",\n                      \"FSJ6*3\",\n                      \"DBO428\"\n                    ],\n                    \"info\": \"q=LUaCDQ\"\n                  }\n                ]\n              },\n              {\n                \"or\": []\n              }\n            ]\n          }\n        ],\n        \"satisfy\": [\n          {\n            \"or\": [\n              {\n                \"mc\": \"<=109\"\n              },\n              {\n                \"mc\": \"<=53\"\n              },\n              \"'0cgW?p995\",\n              {\n                \"and\": []\n              }\n            ]\n          }\n        ],\n        \"url\": \"http://rz3o8j.7.ck5ajs89598xbdc8p-zqc5b-dvx-axfii6hnombbi-eh6e4xo.r.mx94aq.wyauveh//B1yR67oX~U/k///RWH0&$mY%E7%8A%B4E/%F1%97%AB%93\",\n        \"info\": \"A>Zl_\",\n        \"isSelectable\": true\n      },\n      \"EiX=yY6ZW\": {\n        \"name\": \"_Y>1\",\n        \"ay\": 1987,\n        \"assign\": \"\",\n        \"match\": [\n          {\n            \"or\": [\n              {\n                \"pattern\": \"ZExx1\",\n                \"exclude\": \"LO965L\",\n                \"info\": \",^us&1,{\"\n              },\n              {\n                \"or\": [\n                  \"RYU35\",\n                  \"QX175\",\n                  \"YB191I\"\n                ]\n              },\n              {\n                \"pattern\": \"HB4F\",\n                \"info\": \"}MRH\"\n              },\n              {\n                \"and\": []\n              }\n            ]\n          },\n          {\n            \"or\": []\n          },\n          \"QLN**\",\n          \"DY5*\",\n          {\n            \"or\": [\n              {\n                \"pattern\": \"HL17H\",\n                \"exclude\": \"WP9E\",\n                \"info\": \"h\"\n              },\n              {\n                \"pattern\": \"JED11x9\",\n                \"exclude\": \"LYR1K\",\n                \"info\": \"3y2CpP_\"\n              },\n              {\n                \"and\": [\n                  \"NG1K\"\n                ]\n              }\n            ]\n          }\n        ],\n        \"satisfy\": [\n          {\n            \"mc\": \">=152\"\n          },\n          {\n            \"mc\": \"<=135\"\n          },\n          \"\",\n          {\n            \"mc\": \">=72\"\n          },\n          {\n            \"or\": [\n              \"s+Gv\",\n              {\n                \"and\": [\n                  {\n                    \"or\": []\n                  },\n                  \"W{Xk\",\n                  \"Ta|Il!~D\"\n                ]\n              },\n              \"5\",\n              {\n                \"or\": [\n                  {\n                    \"or\": [\n                      \"T\"\n                    ]\n                  }\n                ]\n              },\n              {\n                \"and\": [\n                  \",O4hbt6f\"\n                ]\n              }\n            ]\n          }\n        ],\n        \"url\": \"http://y.9ckrjmzdxbx0xjawx4zezhr0o1zsb29.3.1eoai602fvwloc4s8v69k23binua9or6-gnvnps.hw36594h7th8k4prdhu.shoulxb/J&t3u/JMr4HwsTZo/3w(sBzH/vy!RN/!*yWch.2/r=5yxI)Vif\",\n        \"isSelectable\": true\n      },\n      \"`p3UC|7x\": {\n        \"name\": \"aJ.c/!%J:\",\n        \"ay\": 1975,\n        \"assign\": [\n          \"\",\n          \"} Y7k=\",\n          \"\",\n          \"Y>%>&KB\",\n          \"\"\n        ],\n        \"satisfy\": \"k6bH^\",\n        \"url\": \"https://dqp38tia1kk6mwx95zwpsk7f-2l06whs5jf3gq7ll2.714o26x86v50kb7gw.fv-j0a2h4-bb86qaxc7won-iaibxoeuu9q-rsfxemzxf6e189vtj6a675.edsuiq/x/NiXjS/%F1%86%B8%81/r+/8iq/b%F2%AF%B7%82J:0oEAf\",\n        \"info\": \"$<&\"\n      },\n      \"\": {\n        \"name\": \"rfG`51`\\\"{\",\n        \"ay\": 2029,\n        \"assign\": [],\n        \"url\": \"https://prlbhgcjr6s3eurgrt5.3ehl03dc0.jah0404xw0vx30l83m.q20y0f.frsxzwrjh/_No*&D/rV/G+tLp~/YV'e0%F2%B3%BE%B0i/,DPTl$%F0%91%90%A7/,XQs%F2%BB%9C%91%F1%AC%B9%8DXko/,/'o5tB/2.CI6=\",\n        \"isSelectable\": true\n      }\n    }\n  },\n  {\n    \"title\": \"block sample 5\",\n    \"value\": {\n      \"name\": \"m9&:\",\n      \"ay\": 1955,\n      \"assign\": \"|I?b6\",\n      \"match\": \"NO5\",\n      \"satisfy\": {\n        \"and\": [\n          {\n            \"mc\": \"<=2\"\n          },\n          \"Gz<%P|%\",\n          {\n            \"mc\": \">=5\"\n          }\n        ]\n      },\n      \"url\": \"http://fvq7t0x6xyghd423umg8abg.i.x7el3u-mazsxav1neiwigfxqjs2gwso7nzn04m3hvl9u4wtkw.q4v3ntveqg3sibunufnhw-qxdbedz.bwxyrwfgpb/3T~2KQ4A/9bvlJ%F4%84%9D%AB2Nm\",\n      \"info\": \">N@Vls3t\",\n      \"isSelectable\": true,\n      \"mgYVZZzpVB\": {\n        \"name\": \"6`B\",\n        \"ay\": 2001,\n        \"assign\": [\n          \"0E|IV*\",\n          \"aa\",\n          \"HII]w`x p\",\n          \"P^\\\"%]h\"\n        ],\n        \"match\": {\n          \"and\": [\n            {\n              \"or\": [\n                {\n                  \"pattern\": \"ZBE61*9\",\n                  \"info\": \"_$d6CQI;6i\"\n                },\n                {\n                  \"pattern\": \"YR5x94T\",\n                  \"info\": \"assSu0L\"\n                },\n                {\n                  \"pattern\": \"SZG1\",\n                  \"exclude\": [\n                    \"QBZ0\"\n                  ],\n                  \"info\": \":nErQZ}j\"\n                },\n                \"IQC49x6\",\n                \"RLK077F\"\n              ]\n            }\n          ]\n        },\n        \"satisfy\": {\n          \"mc\": \">=49\"\n        },\n        \"url\": \"https://u-qmle.ad43-9v7g.gfr/je';C/X%F0%BF%8C%A4gXU/%F3%95%8D%9Du//nWk1P,53WB\",\n        \"info\": \"v7dCl\",\n        \"isSelectable\": true\n      },\n      \"A\": {\n        \"name\": \"'6jq\",\n        \"ay\": 1997,\n        \"satisfy\": [\n          {\n            \"or\": []\n          },\n          {\n            \"mc\": \">=195\"\n          }\n        ],\n        \"url\": \"http://g.jdmhi99v1iz8pp5lrljfl1rewvd3d7f24s7jssaafw9c0u.ta/gw&bvsLJsc/gv04A/87v%F2%93%9E%AENTT2J/n_Ucp/8q8\",\n        \"info\": \"?9\",\n        \"isSelectable\": true\n      },\n      \"Mz/37ah)c\": {\n        \"name\": \"t'@I|9/\",\n        \"assign\": \"I_Zv&1Wo\",\n        \"match\": \"JP49*\",\n        \"satisfy\": [\n          {\n            \"mc\": \"<=138\"\n          },\n          {\n            \"mc\": \"<=44\"\n          },\n          \"j`DI]8M\",\n          \"&?r\",\n          {\n            \"and\": [\n              \" YHo6Y!beq\"\n            ]\n          }\n        ],\n        \"url\": \"http://7.6.n.mzo/j%F0%AB%B5%A9d/e%F2%AE%AE%85-$C0//tF%F2%85%BD%91Rl)/:kT'9q1l/F/-Q%F4%80%86%83CQrA/%F1%B6%87%94ik;9jtkj/~5G\",\n        \"info\": \"T\",\n        \"isSelectable\": true\n      },\n      \"+%\": {\n        \"name\": \":b[abA?RwC\",\n        \"ay\": 2024,\n        \"assign\": [],\n        \"match\": [],\n        \"satisfy\": \"x[-k\",\n        \"url\": \"https://9zk6s038rbuhuc5jg4psr2amnj3czllpte6uo2.y5p7oym93elqefu4d2x31p.xld//f'/qhLWh/S%F2%B1%86%8E%F2%93%80%8B/Vg*2aBl/Mr3gi$p/PDcg8qQ~\",\n        \"info\": \"v.2\\\"Z9\",\n        \"isSelectable\": true\n      },\n      \"~+H9T/.nX\\\"\": {\n        \"name\": \"4M6D\",\n        \"ay\": 1979,\n        \"assign\": [\n          \"\",\n          \"T;h&+[ :\",\n          \"Q5\",\n          \"5\"\n        ],\n        \"match\": {\n          \"or\": [\n            {\n              \"pattern\": \"COF662S\",\n              \"exclude\": \"NUS750*M\",\n              \"info\": \"REv\"\n            },\n            \"VZY0\",\n            {\n              \"or\": [\n                {\n                  \"or\": [\n                    {\n                      \"and\": [\n                        {\n                          \"pattern\": \"ESP*2\",\n                          \"exclude\": [],\n                          \"info\": \"|\\\"Z+\"\n                        }\n                      ]\n                    },\n                    {\n                      \"and\": [\n                        \"TU58x\",\n                        \"VVR76\",\n                        {\n                          \"and\": [\n                            \"PD578\"\n                          ]\n                        }\n                      ]\n                    },\n                    \"XZ8*3\"\n                  ]\n                },\n                {\n                  \"or\": [\n                    \"QRPxY\",\n                    {\n                      \"and\": [\n                        \"LA*\",\n                        \"FV4464H\",\n                        \"UEJ8921\",\n                        \"WPD1C\"\n                      ]\n                    },\n                    {\n                      \"and\": [\n                        \"CQR17xR\"\n                      ]\n                    },\n                    \"JF2819\",\n                    {\n                      \"or\": [\n                        \"KS408\"\n                      ]\n                    }\n                  ]\n                },\n                \"QRQ5\",\n                \"UTSx0*D\",\n                {\n                  \"or\": [\n                    \"UGA**2B\",\n                    {\n                      \"and\": [\n                        \"UZ84x7T\",\n                        \"LQ8W\",\n                        \"SFI9697Z\",\n                        \"CU*x8\",\n                        \"IBxx2\"\n                      ]\n                    },\n                    \"DVI1x02\",\n                    \"EL98N\"\n                  ]\n                }\n              ]\n            },\n            {\n              \"and\": [\n                \"SYB5482\"\n              ]\n            },\n            \"AZ7E\"\n          ]\n        },\n        \"satisfy\": [],\n        \"url\": \"https://t.25gjfxtamanmxf9pugz950go-jn303517woicf8xt0n-2k.h.la5r0yxq5g9ztbow9d.hxlabspv/I3A/Zk)1_j/Wf$D+%F3%8F%8D%BA%F1%A9%9F%99q9/\",\n        \"info\": \"'0$u\",\n        \"isSelectable\": true,\n        \"f>PvLbNI[Y\": {\n          \"name\": \"\",\n          \"ay\": 2027,\n          \"assign\": [\n            \"&vPAd\",\n            \"`0e\\\"u[<z\"\n          ],\n          \"match\": [\n            {\n              \"and\": [\n                \"RPD2X\",\n                {\n                  \"and\": [\n                    {\n                      \"pattern\": \"XET74Y\",\n                      \"exclude\": \"SA00\",\n                      \"info\": \"[q;-[{^o\"\n                    },\n                    \"FYO16G\",\n                    {\n                      \"or\": [\n                        \"EC82I\",\n                        {\n                          \"and\": [\n                            \"BCT00X\",\n                            {\n                              \"and\": [\n                                \"YV89x\"\n                              ]\n                            },\n                            {\n                              \"and\": [\n                                \"XPU7\",\n                                \"CD*76J\"\n                              ]\n                            },\n                            \"VD0xxR\",\n                            \"AUI1952\"\n                          ]\n                        },\n                        {\n                          \"or\": [\n                            \"BR8X\",\n                            \"RKN75*2O\",\n                            \"RO164L\",\n                            \"VB84\",\n                            \"ASV9055\"\n                          ]\n                        }\n                      ]\n                    },\n                    {\n                      \"and\": [\n                        {\n                          \"pattern\": \"SGxI\",\n                          \"exclude\": [\n                            \"TTN2*34M\",\n                            \"NWJxT\",\n                            \"VR*x\",\n                            \"STO302\"\n                          ],\n                          \"info\": \"KW04jhu\"\n                        }\n                      ]\n                    }\n                  ]\n                },\n                {\n                  \"or\": [\n                    {\n                      \"and\": [\n                        {\n                          \"and\": []\n                        },\n                        \"UV1X\",\n                        \"IJ5996\"\n                      ]\n                    },\n                    \"XJN5x\"\n                  ]\n                },\n                \"VTV1533\"\n              ]\n            },\n            {\n              \"or\": [\n                \"BNMx\",\n                {\n                  \"pattern\": \"CMN3\",\n                  \"exclude\": \"GLD1*5\",\n                  \"info\": \"9\"\n                },\n                {\n                  \"or\": [\n                    \"IGZx31*\",\n                    \"NYN1H\"\n                  ]\n                },\n                \"HEZ1221\",\n                {\n                  \"pattern\": \"MRZ740x\",\n                  \"exclude\": \"MKU056H\",\n                  \"info\": \"@f&j%\"\n                }\n              ]\n            }\n          ],\n          \"url\": \"https://06wfndc6enswaeb7f1nx4su4boq.qp523ea5m-3r3wc4qqj5it57-cgls2te9.cqwo/%F2%94%B4%81=~R~%F2%95%86%BFX,/B;$~rI///GyNi6zgA/n/l\",\n          \"info\": \")\",\n          \"isSelectable\": true,\n          \"'fK\": {\n            \"ay\": 1968,\n            \"assign\": [\n              \"jN'8{m\",\n              \"nJhvK;4Y1K\",\n              \").\"\n            ],\n            \"match\": {\n              \"pattern\": \"UD8990\",\n              \"exclude\": \"NI85*8O\",\n              \"info\": \"n.JJ2\"\n            },\n            \"satisfy\": [],\n            \"url\": \"http://7otob0ywawx4z-e0sa1hjzak-gk.z.xwzd/AKm=S%F4%81%A2%B54z+/1Gs*e,/oQ/U)\",\n            \"info\": \"_tXf%c D\",\n            \"isSelectable\": true\n          }\n        },\n        \"P\": {\n          \"ay\": 1955,\n          \"assign\": [],\n          \"match\": [\n            \"QZS*\",\n            \"YF57H\"\n          ],\n          \"satisfy\": {\n            \"or\": []\n          },\n          \"url\": \"http://apiq8l1mb3slca9oxx.ewhhffp4aeyziqgvefo1-ru6lhs4umrq3dyafgl14qqe9jxacz726fsg.u2ovu6r9a6df9qbp7-25ksid3nuchjygce6q.dq/)/_JJ_%F2%80%BF%B6/8q0@//uai/TX6i)~iQx:/hsqr%F1%8F%8B%85Io(H%F2%BC%9F%A6/Bkl%F1%88%AD%8BquRJ\",\n          \"info\": \"dA\",\n          \"isSelectable\": true\n        }\n      }\n    }\n  },\n  {\n    \"title\": \"block sample 6\",\n    \"value\": {\n      \"ay\": 1999,\n      \"assign\": \"\",\n      \"url\": \"https://2.b1eb.ti/3AZmLg,$H/T'v'Lk:ej/Iz///+IJr'Cp'/LSKeBj3Kz,/%F3%89%A6%83Oh/0R'55v-3O$\",\n      \"info\": \"W\\\"`GE\\\"I?;j\",\n      \"isSelectable\": true\n    }\n  },\n  {\n    \"title\": \"block sample 7\",\n    \"value\": {\n      \"name\": \"\",\n      \"ay\": 1951,\n      \"assign\": [\n        \"_1V\",\n        \"cH R\",\n        \"\",\n        \"q#!Cenl\",\n        \"\"\n      ],\n      \"match\": [\n        {\n          \"or\": [\n            \"QEI5\",\n            {\n              \"or\": [\n                \"TI276D\"\n              ]\n            },\n            \"XH5972S\",\n            {\n              \"and\": [\n                {\n                  \"pattern\": \"YZA569X\",\n                  \"exclude\": [\n                    \"TJI4\",\n                    \"MF1\",\n                    \"LL*132\"\n                  ],\n                  \"info\": \"UM>|6VO\"\n                },\n                {\n                  \"pattern\": \"CFK0*\",\n                  \"exclude\": [],\n                  \"info\": \"%.xcf|:\"\n                },\n                {\n                  \"pattern\": \"VKW8\",\n                  \"exclude\": [\n                    \"GLZx\"\n                  ],\n                  \"info\": \"`#qigg\"\n                },\n                {\n                  \"and\": [\n                    {\n                      \"and\": [\n                        \"RME3x6\",\n                        {\n                          \"or\": [\n                            \"NS1x\",\n                            {\n                              \"or\": []\n                            }\n                          ]\n                        },\n                        {\n                          \"and\": [\n                            \"UD6*3P\",\n                            \"KF7\",\n                            \"CNA801A\"\n                          ]\n                        },\n                        \"YYC72K\"\n                      ]\n                    },\n                    \"EVN5P\",\n                    {\n                      \"or\": [\n                        {\n                          \"and\": [\n                            \"XT6x75\",\n                            \"SVB4G\",\n                            \"FCZ1x47\"\n                          ]\n                        },\n                        \"ZV128\"\n                      ]\n                    },\n                    \"NW12\"\n                  ]\n                },\n                {\n                  \"or\": [\n                    \"SJ624M\",\n                    {\n                      \"and\": []\n                    },\n                    {\n                      \"and\": [\n                        \"AR377E\",\n                        \"AK7\",\n                        \"LZ7\",\n                        \"TKH15\"\n                      ]\n                    }\n                  ]\n                }\n              ]\n            },\n            {\n              \"or\": [\n                \"RJ71P\",\n                \"MJ2N\",\n                \"WKO*F\",\n                {\n                  \"or\": [\n                    {\n                      \"and\": [\n                        {\n                          \"pattern\": \"NNH438\",\n                          \"exclude\": \"VFG57E\"\n                        },\n                        \"XFH0H\",\n                        \"OMI34M\",\n                        {\n                          \"or\": [\n                            \"TF60\",\n                            \"ZT544C\"\n                          ]\n                        },\n                        {\n                          \"and\": [\n                            {\n                              \"and\": [\n                                \"TT0456\"\n                              ]\n                            },\n                            \"BX517\",\n                            \"AS80A\",\n                            \"RUW50*U\",\n                            \"PTW210\"\n                          ]\n                        }\n                      ]\n                    },\n                    \"XY4x\",\n                    {\n                      \"and\": [\n                        \"AIM97\",\n                        {\n                          \"and\": [\n                            \"AYF8**1\",\n                            {\n                              \"or\": []\n                            },\n                            {\n                              \"or\": []\n                            }\n                          ]\n                        },\n                        \"UIZ7X\",\n                        \"TG413\"\n                      ]\n                    },\n                    {\n                      \"pattern\": \"SR0x7T\",\n                      \"exclude\": \"BV846P\",\n                      \"info\": \"'\"\n                    }\n                  ]\n                },\n                {\n                  \"or\": [\n                    {\n                      \"pattern\": \"MQ64\",\n                      \"exclude\": [\n                        \"SJ58F\",\n                        \"MO80\",\n                        \"QU44\"\n                      ]\n                    }\n                  ]\n                }\n              ]\n            }\n          ]\n        }\n      ],\n      \"satisfy\": {\n        \"mc\": \">=4\"\n      },\n      \"info\": \"\",\n      \"isSelectable\": true,\n      \"b\": {\n        \"ay\": 1964,\n        \"assign\": [],\n        \"match\": [\n          {\n            \"or\": [\n              \"ZZ*3\",\n              {\n                \"and\": [\n                  {\n                    \"or\": [\n                      \"NB95\"\n                    ]\n                  },\n                  {\n                    \"pattern\": \"NKB872\",\n                    \"exclude\": [\n                      \"QWQ18X\",\n                      \"NHH70K\"\n                    ]\n                  }\n                ]\n              },\n              {\n                \"and\": [\n                  \"NKV63Z\",\n                  \"YH88N\",\n                  {\n                    \"pattern\": \"OLM63I\",\n                    \"exclude\": \"YYZ1290\",\n                    \"info\": \"W{.eUQ]z\"\n                  }\n                ]\n              },\n              {\n                \"and\": [\n                  {\n                    \"or\": [\n                      \"LEY6904E\",\n                      \"CNM82\",\n                      \"HDR2137\",\n                      \"SPVx407\",\n                      \"SRR4N\"\n                    ]\n                  },\n                  \"PGA2\"\n                ]\n              },\n              {\n                \"pattern\": \"RUD717\",\n                \"info\": \"k6zyLXV/\"\n              }\n            ]\n          },\n          \"UNS25G\",\n          {\n            \"pattern\": \"IHB9692N\",\n            \"exclude\": \"HB62\",\n            \"info\": \"o+ZpVbr\"\n          }\n        ],\n        \"satisfy\": {\n          \"mc\": \"<=174\"\n        },\n        \"url\": \"http://nntxfx9vxvcyh7vy6wnqc01iw.f35kiqy0x4kh4l11hvmwj-ijqt1-hvtlpud07u-8l0-j32m0z.x41wudpnz4jxsp969y5h6ph-zje0vn6l8438npi97.vbnqp/:&W-yv!/'TJmH/r)9ppwn%F1%9D%A7%A8/1$6SjPq%F3%A8%BA%AC//8+k/xy//0r6E7fpXN/AN%EB%A5%AFtA5Lke\",\n        \"info\": \"RgL@2\",\n        \"isSelectable\": true\n      },\n      \"0*\": {\n        \"name\": \"ubK\",\n        \"ay\": 2012,\n        \"assign\": \"]M%s&{\",\n        \"satisfy\": [\n          {\n            \"and\": [\n              {\n                \"and\": []\n              },\n              {\n                \"and\": [\n                  {\n                    \"mc\": \"<=122\"\n                  }\n                ]\n              },\n              \"-Iqm)G?1?Z\",\n              {\n                \"and\": [\n                  \"UA\",\n                  \"([R,nHZ\",\n                  \"8\",\n                  \"hPWU?\",\n                  \"v\"\n                ]\n              }\n            ]\n          },\n          {\n            \"mc\": \">=10\"\n          }\n        ],\n        \"url\": \"https://kl6h7eutdbdmhhn5dpl8jckosxpfrux4m07dnuzxh36f3ks-je.wkpbptug/L%F2%96%92%95h7I0m,py/jzUs%F0%9C%A5%BCp/%F2%9A%8E%A0/_%F2%BE%B7%9Bz%F2%A5%B7%A21/LU/s%F2%9A%94%82\",\n        \"isSelectable\": true\n      },\n      \":\": {\n        \"ay\": 2026,\n        \"assign\": [\n          \"XME\"\n        ],\n        \"satisfy\": [\n          \"$GI\\\\O;Jm\",\n          {\n            \"and\": [\n              {\n                \"mc\": \"<=117\"\n              },\n              {\n                \"and\": [\n                  {\n                    \"and\": [\n                      {\n                        \"and\": [\n                          \"\",\n                          {\n                            \"and\": [\n                              \"<QR\",\n                              \"+] _sfo'\"\n                            ]\n                          },\n                          \"o:kM^y3Q'\"\n                        ]\n                      },\n                      \" ,]}~Sj\",\n                      \"-G3a9Fy\",\n                      {\n                        \"or\": [\n                          \"\",\n                          {\n                            \"and\": [\n                              \"\",\n                              \"PhEx~\\\"((5\"\n                            ]\n                          },\n                          \"J{%3)N`A\",\n                          {\n                            \"or\": [\n                              \"=3 u\"\n                            ]\n                          }\n                        ]\n                      },\n                      {\n                        \"mc\": \"<=97\"\n                      }\n                    ]\n                  },\n                  {\n                    \"or\": [\n                      {\n                        \"and\": []\n                      }\n                    ]\n                  },\n                  \"6\",\n                  \"V4WwFz2\",\n                  \"TrA\\\"gm\"\n                ]\n              },\n              {\n                \"and\": []\n              }\n            ]\n          },\n          {\n            \"mc\": \">=193\"\n          },\n          {\n            \"mc\": \"<=129\"\n          },\n          {\n            \"mc\": \">=62\"\n          }\n        ],\n        \"url\": \"http://z.wksvvhdm/R(hS_dwtO/R%F1%93%AA%A8Jpccp/\"\n      },\n      \"/Pp<L+I\": {\n        \"ay\": 1973,\n        \"assign\": [\n          \"\",\n          \"mX$1/%mw:\",\n          \"5S+>iF+\",\n          \"U]DIA\"\n        ],\n        \"satisfy\": [\n          {\n            \"mc\": \"<=14\"\n          },\n          {\n            \"mc\": \">=76\"\n          },\n          {\n            \"mc\": \">=31\"\n          },\n          {\n            \"or\": [\n              {\n                \"or\": [\n                  {\n                    \"and\": [\n                      \"\"\n                    ]\n                  }\n                ]\n              },\n              \"v#\",\n              \"wt>l\",\n              {\n                \"mc\": \"<=142\"\n              }\n            ]\n          },\n          {\n            \"mc\": \"<=24\"\n          }\n        ],\n        \"url\": \"http://z9cwfyqocr5o3-aql-nqbjq3lkejl7oy4216whjtpytsyte7v9plngy41jdc.qr44deqxhovxfy02-3fz9tcarijlps.q7ctx84rglrew3uezcw3cy5l7gl3a5-5-vx4toslg7emx.nrtdpug/)/%F4%8D%AD%8EmHqQ/z@/0xcT=GV;JN/i;(/3+z%F3%89%97%BB%F3%9C%83%ADi$%F0%A5%91%8C$/jv/OW/g\",\n        \"info\": \"q1\",\n        \"isSelectable\": true,\n        \"2nIT\": {\n          \"name\": \"wu(v 4)E\",\n          \"ay\": 1998,\n          \"assign\": \"}|6R=~(Wm\",\n          \"match\": {\n            \"or\": [\n              {\n                \"and\": [\n                  \"TKK8xx3I\",\n                  {\n                    \"and\": [\n                      \"TS15C\",\n                      \"WJ6N\",\n                      {\n                        \"and\": [\n                          \"MB548\"\n                        ]\n                      }\n                    ]\n                  },\n                  {\n                    \"or\": [\n                      {\n                        \"or\": []\n                      },\n                      {\n                        \"or\": [\n                          \"AS5\"\n                        ]\n                      },\n                      \"OO72\",\n                      \"NIH9\",\n                      {\n                        \"and\": []\n                      }\n                    ]\n                  },\n                  \"WM42V\",\n                  {\n                    \"pattern\": \"GS8\",\n                    \"exclude\": [],\n                    \"info\": \" a;\"\n                  }\n                ]\n              }\n            ]\n          },\n          \"satisfy\": {\n            \"mc\": \">=160\"\n          },\n          \"info\": \"ajO\",\n          \"isSelectable\": true\n        },\n        \"I=YruZfd}\": {\n          \"name\": \"yd\",\n          \"ay\": 1984,\n          \"assign\": [\n            \"WnQaM|Q\",\n            \"&n-v\",\n            \"\\\"\"\n          ],\n          \"match\": [],\n          \"satisfy\": [],\n          \"url\": \"http://lq0idi9032m6fj-harm2-dpi8fkuf5zpxl42tzz.wz0i6-emir87agi14csr976vpfvv1ufcw.k.qntac8wzxd4s96z2ezlpy5-ty6-eqo36w61dmxskb.kky/60rt/%F1%A8%BF%86Sn:b5bj&L/E/Ip/oK(dpY\",\n          \"info\": \"41{\\\\8@Am`p\",\n          \"isSelectable\": true\n        }\n      }\n    }\n  },\n  {\n    \"title\": \"block sample 8\",\n    \"value\": {\n      \"name\": \"}%$f{h3S+\",\n      \"assign\": \"M_@n_\\\\f}\",\n      \"match\": [\n        {\n          \"or\": [\n            {\n              \"or\": [\n                {\n                  \"pattern\": \"QP032\",\n                  \"exclude\": \"SF2810\",\n                  \"info\": \"e-K{,9)95\"\n                },\n                {\n                  \"pattern\": \"YO1\",\n                  \"exclude\": [\n                    \"QCD746*Q\",\n                    \"ERM2857I\",\n                    \"GFI75G\",\n                    \"BPQ23\",\n                    \"XZC*7\"\n                  ]\n                }\n              ]\n            },\n            {\n              \"or\": [\n                \"XZ9K\"\n              ]\n            },\n            {\n              \"or\": [\n                \"JB3485J\",\n                {\n                  \"and\": [\n                    \"SJ11\",\n                    \"OCN6x1\",\n                    {\n                      \"pattern\": \"WP*540\",\n                      \"exclude\": [\n                        \"NBF0\",\n                        \"DG66\",\n                        \"MVM66\",\n                        \"TOG4\",\n                        \"RY46\"\n                      ],\n                      \"info\": \"70C|l`\"\n                    },\n                    \"IB3x\"\n                  ]\n                },\n                \"EA2329E\"\n              ]\n            },\n            {\n              \"and\": []\n            },\n            \"SL8491P\"\n          ]\n        },\n        \"FPY*\",\n        \"ZBX26\"\n      ],\n      \"url\": \"http://8k11tpie42n7iug44ozlstrdsk4dbfhlq12zgge7ae0pfeplix29zz5id.gqhbv53c5ebef876eo89g98kqejfdaefef.zaixzqkrr/2/C=//0%F0%A0%87%AC%F2%89%84%96CnEVL///+db\",\n      \"isSelectable\": true,\n      \"6AQJ+?\": {\n        \"name\": \"K;#E\",\n        \"assign\": \"X{A\\\\\",\n        \"match\": {\n          \"pattern\": \"XEO1420M\",\n          \"info\": \"!\"\n        },\n        \"satisfy\": [\n          \"4Z-\"\n        ],\n        \"url\": \"http://5jn4-sj9c7gqaf.f5lic1u3tk8hg-6t--s2ax7v9w8yl60fqa-f.faqjcvl/5hZ/vIzwME\",\n        \"info\": \"iUt(X-T\",\n        \"isSelectable\": true,\n        \"}~u\\\\&:\": {\n          \"name\": \"Q(?4jdDA\",\n          \"ay\": 1997,\n          \"assign\": [\n            \" R'rv~s)T\",\n            \"6]/%{Z\",\n            \"WUrf1nuw=/\"\n          ],\n          \"match\": {\n            \"pattern\": \"EVI*xM\",\n            \"exclude\": [\n              \"CGLx96\",\n              \"EJN23R\"\n            ],\n            \"info\": \"/6#xkc[YRx\"\n          },\n          \"satisfy\": {\n            \"or\": [\n              {\n                \"and\": [\n                  \"/\",\n                  \"rCVG\",\n                  {\n                    \"or\": [\n                      {\n                        \"and\": [\n                          {\n                            \"and\": [\n                              \"=Re\",\n                              {\n                                \"mc\": \"<=198\"\n                              },\n                              \"0\"\n                            ]\n                          }\n                        ]\n                      },\n                      \"~*.F\",\n                      \"l |X-b' \",\n                      \"+Ke`\",\n                      \"+w1zbQebLI\"\n                    ]\n                  },\n                  {\n                    \"mc\": \">=199\"\n                  }\n                ]\n              },\n              {\n                \"and\": [\n                  \"p@#Li\",\n                  \"Mn299AJ\",\n                  {\n                    \"mc\": \">=138\"\n                  },\n                  {\n                    \"and\": []\n                  }\n                ]\n              },\n              {\n                \"and\": [\n                  \"!,$I\",\n                  {\n                    \"and\": [\n                      {\n                        \"and\": []\n                      },\n                      \"#^f&fZ5D]Z\",\n                      \"8\",\n                      \"o9X \"\n                    ]\n                  },\n                  {\n                    \"mc\": \"<=186\"\n                  },\n                  \"=+\"\n                ]\n              },\n              {\n                \"mc\": \">=3\"\n              }\n            ]\n          },\n          \"url\": \"https://8.h.sn9i4c9md9pc4r4j.ug6lvkdc1zlw0cy80sko3ugf-kjnydkke3s5x.f2y6.budggtjtu\",\n          \"isSelectable\": true\n        },\n        \"\": {\n          \"ay\": 1962,\n          \"assign\": \"X_m.(\",\n          \"match\": [\n            {\n              \"and\": [\n                {\n                  \"or\": [\n                    {\n                      \"or\": [\n                        {\n                          \"pattern\": \"FF6C\",\n                          \"exclude\": [\n                            \"RHN0O\",\n                            \"UWA13\"\n                          ],\n                          \"info\": \"g4+`}:\"\n                        },\n                        {\n                          \"or\": [\n                            \"YRT0\",\n                            {\n                              \"and\": []\n                            },\n                            \"SX*300\"\n                          ]\n                        },\n                        \"KF88\",\n                        {\n                          \"or\": [\n                            {\n                              \"and\": [\n                                \"IET7\",\n                                \"MT4\"\n                              ]\n                            },\n                            \"XLF610*\",\n                            \"EII5249R\"\n                          ]\n                        },\n                        \"YM2233Z\"\n                      ]\n                    }\n                  ]\n                },\n                {\n                  \"pattern\": \"EYJx7\",\n                  \"exclude\": \"CKB3\",\n                  \"info\": \"X5K\"\n                }\n              ]\n            },\n            \"AHxN\",\n            {\n              \"and\": [\n                {\n                  \"or\": [\n                    {\n                      \"or\": [\n                        {\n                          \"and\": [\n                            \"MH32\",\n                            \"ZQZ1874S\"\n                          ]\n                        },\n                        \"BR5823A\",\n                        \"GOx85Q\"\n                      ]\n                    },\n                    {\n                      \"or\": [\n                        {\n                          \"and\": [\n                            {\n                              \"or\": [\n                                \"UM6\",\n                                \"QPW789I\",\n                                {\n                                  \"pattern\": \"CVM0513M\",\n                                  \"exclude\": \"CN242\",\n                                  \"info\": \"S&Nf\"\n                                }\n                              ]\n                            },\n                            {\n                              \"or\": [\n                                \"LX12*\",\n                                \"RX532*G\",\n                                \"MYD553x\",\n                                \"TX587\"\n                              ]\n                            },\n                            \"HKEx2X\",\n                            {\n                              \"pattern\": \"BNP6218P\",\n                              \"exclude\": [\n                                \"EMJ3*8F\",\n                                \"ZLY1M\",\n                                \"OPF7xX\",\n                                \"XH**4\"\n                              ],\n                              \"info\": \" 1xRS|\"\n                            },\n                            \"ZQT1D\"\n                          ]\n                        },\n                        {\n                          \"or\": [\n                            {\n                              \"pattern\": \"KUWx1V\",\n                              \"info\": \"aGrF@z\"\n                            },\n                            \"TDR925Y\",\n                    
[...]
              "err": {},
              "uuid": "85171dec-9034-46da-aa3d-1eca0dd152e2",
              "parentUUID": "f6b8e003-8f7a-4e26-9a81-5aaf6db93b45",
              "isHook": false,
              "skipped": false
            },
            {
              "title": "should truncate list of modules with upper bound of MCs at exact cutoff if total MC count is higher and there exists some starting sequence with exact MC count",
              "fullTitle": "inequalitySatisfier should truncate list of modules with upper bound of MCs at exact cutoff if total MC count is higher and there exists some starting sequence with exact MC count",
              "timedOut": false,
              "duration": 0,
              "state": "passed",
              "speed": "fast",
              "pass": true,
              "fail": false,
              "pending": false,
              "context": null,
              "code": "const satisfier = satisfiers_1.inequalitySatisfier(ref, \"<=16\");\nsatisfier.should.have.property(\"filter\");\nconst { filter } = satisfier;\nisCorrectFilter(filter, modulesList1, [\n    \"CS2100\",\n    \"GER1000\",\n    \"CS2040S\",\n    \"ST2131\",\n]);",
              "err": {},
              "uuid": "62eb6724-e9c4-495a-acd6-16567530f7ec",
              "parentUUID": "f6b8e003-8f7a-4e26-9a81-5aaf6db93b45",
              "isHook": false,
              "skipped": false
            },
            {
              "title": "should truncate list of modules with upper bound of MCs, cutting off at the minimum starting sequence that exceeds upper bound, if total MC count is higher and there exists no starting sequence with exact MC count",
              "fullTitle": "inequalitySatisfier should truncate list of modules with upper bound of MCs, cutting off at the minimum starting sequence that exceeds upper bound, if total MC count is higher and there exists no starting sequence with exact MC count",
              "timedOut": false,
              "duration": 0,
              "state": "passed",
              "speed": "fast",
              "pass": true,
              "fail": false,
              "pending": false,
              "context": null,
              "code": "const satisfier = satisfiers_1.inequalitySatisfier(ref, \"<=17\");\nsatisfier.should.have.property(\"filter\");\nconst { filter } = satisfier;\nisCorrectFilter(filter, modulesList1, [\n    \"CS2100\",\n    \"GER1000\",\n    \"CS2040S\",\n    \"ST2131\",\n    \"MA1521\",\n]);",
              "err": {},
              "uuid": "1c2b4a5a-82c0-4e57-b6d9-ddad50546ac7",
              "parentUUID": "f6b8e003-8f7a-4e26-9a81-5aaf6db93b45",
              "isHook": false,
              "skipped": false
            }
          ],
          "suites": [],
          "passes": [
            "00b7c089-27e0-49f5-b03c-adfdc2acdca9",
            "ed1471d8-8a71-48bc-b125-7c9d5dc80ab0",
            "1dc1e5c7-6faa-45f3-9884-fdfa6571dd30",
            "55d841a3-62e3-4ef9-8fd6-7e60fd38dc77",
            "85171dec-9034-46da-aa3d-1eca0dd152e2",
            "62eb6724-e9c4-495a-acd6-16567530f7ec",
            "1c2b4a5a-82c0-4e57-b6d9-ddad50546ac7"
          ],
          "failures": [],
          "pending": [],
          "skipped": [],
          "duration": 0,
          "root": false,
          "rootEmpty": false,
          "_timeout": 2000
        },
        {
          "uuid": "17d72452-05d1-4bc9-8c3b-dbae448bdbf3",
          "title": "inequalitySchema",
          "fullFile": "/home/runner/work/planwithus-lib/planwithus-lib/src/satisfyRule/inequality/schemas.test.ts",
          "file": "/src/satisfyRule/inequality/schemas.test.ts",
          "beforeHooks": [],
          "afterHooks": [],
          "tests": [
            {
              "title": "should validate inequality in the form <=n or >=n",
              "fullTitle": "inequalitySchema should validate inequality in the form <=n or >=n",
              "timedOut": false,
              "duration": 1,
              "state": "passed",
              "speed": "fast",
              "pass": true,
              "fail": false,
              "pending": false,
              "context": "[\n  {\n    \"title\": \"inequality sample 0\",\n    \"value\": \">=6\"\n  },\n  {\n    \"title\": \"inequality sample 1\",\n    \"value\": \"<=55\"\n  },\n  {\n    \"title\": \"inequality sample 2\",\n    \"value\": \">=129\"\n  },\n  {\n    \"title\": \"inequality sample 3\",\n    \"value\": \">=194\"\n  },\n  {\n    \"title\": \"inequality sample 4\",\n    \"value\": \">=1\"\n  },\n  {\n    \"title\": \"inequality sample 5\",\n    \"value\": \"<=193\"\n  },\n  {\n    \"title\": \"inequality sample 6\",\n    \"value\": \">=195\"\n  },\n  {\n    \"title\": \"inequality sample 7\",\n    \"value\": \"<=154\"\n  },\n  {\n    \"title\": \"inequality sample 8\",\n    \"value\": \">=59\"\n  },\n  {\n    \"title\": \"inequality sample 9\",\n    \"value\": \"<=66\"\n  }\n]",
              "code": "fast_check_1.sample(index_test_2.inequality, 10).forEach((sample, i) => addContext_1.default(this, {\n    title: `inequality sample ${i}`,\n    value: sample,\n}));\nreturn fast_check_1.assert(fast_check_1.property(index_test_2.inequality, ajvValidate));",
              "err": {},
              "uuid": "1ece5dd9-0809-40a5-93cd-c9396827299b",
              "parentUUID": "17d72452-05d1-4bc9-8c3b-dbae448bdbf3",
              "isHook": false,
              "skipped": false
            },
            {
              "title": "should not validate inequality of invalid form",
              "fullTitle": "inequalitySchema should not validate inequality of invalid form",
              "timedOut": false,
              "duration": 1,
              "state": "passed",
              "speed": "fast",
              "pass": true,
              "fail": false,
              "pending": false,
              "context": null,
              "code": "[\n        \"\",\n        \"==23\",\n        \"23\",\n        \"<23\",\n        \">23\",\n        \"<=-1\",\n        \">=-1\",\n        \"<= 2\",\n        \">= 1\",\n        \"> 3\",\n        \"< 3\",\n        \"<=3a\",\n        \">=3a\",\n        \"a<=3\",\n        \"a>=3\",\n    ].forEach(isInvalidInequality)",
              "err": {},
              "uuid": "b6b9b71c-d1b4-482a-9da0-c3fe88babd91",
              "parentUUID": "17d72452-05d1-4bc9-8c3b-dbae448bdbf3",
              "isHook": false,
              "skipped": false
            }
          ],
          "suites": [],
          "passes": [
            "1ece5dd9-0809-40a5-93cd-c9396827299b",
            "b6b9b71c-d1b4-482a-9da0-c3fe88babd91"
          ],
          "failures": [],
          "pending": [],
          "skipped": [],
          "duration": 2,
          "root": false,
          "rootEmpty": false,
          "_timeout": 2000
        },
        {
          "uuid": "d7c04ba7-7dcb-4110-9c08-b8424ffbffe0",
          "title": "satisfyRuleSchema",
          "fullFile": "/home/runner/work/planwithus-lib/planwithus-lib/src/satisfyRule/schemas.test.ts",
          "file": "/src/satisfyRule/schemas.test.ts",
          "beforeHooks": [],
          "afterHooks": [],
          "tests": [
            {
              "title": "should validate satisfy rule with valid block id",
              "fullTitle": "satisfyRuleSchema should validate satisfy rule with valid block id",
              "timedOut": false,
              "duration": 1,
              "state": "passed",
              "speed": "fast",
              "pass": true,
              "fail": false,
              "pending": false,
              "context": null,
              "code": "fast_check_1.assert(fast_check_1.property(fast_check_1.string(), ajvValidate)",
              "err": {},
              "uuid": "f4ad4794-5099-4855-9bc7-ec308a658730",
              "parentUUID": "d7c04ba7-7dcb-4110-9c08-b8424ffbffe0",
              "isHook": false,
              "skipped": false
            },
            {
              "title": "should validate satisfy rules with valid mc",
              "fullTitle": "satisfyRuleSchema should validate satisfy rules with valid mc",
              "timedOut": false,
              "duration": 2,
              "state": "passed",
              "speed": "fast",
              "pass": true,
              "fail": false,
              "pending": false,
              "context": "[\n  {\n    \"title\": \"mcSatisfyRule sample 0\",\n    \"value\": {\n      \"mc\": \"<=16\"\n    }\n  },\n  {\n    \"title\": \"mcSatisfyRule sample 1\",\n    \"value\": {\n      \"mc\": \">=6\"\n    }\n  },\n  {\n    \"title\": \"mcSatisfyRule sample 2\",\n    \"value\": {\n      \"mc\": \">=2\"\n    }\n  },\n  {\n    \"title\": \"mcSatisfyRule sample 3\",\n    \"value\": {\n      \"mc\": \">=54\"\n    }\n  },\n  {\n    \"title\": \"mcSatisfyRule sample 4\",\n    \"value\": {\n      \"mc\": \"<=2\"\n    }\n  },\n  {\n    \"title\": \"mcSatisfyRule sample 5\",\n    \"value\": {\n      \"mc\": \"<=106\"\n    }\n  },\n  {\n    \"title\": \"mcSatisfyRule sample 6\",\n    \"value\": {\n      \"mc\": \"<=19\"\n    }\n  },\n  {\n    \"title\": \"mcSatisfyRule sample 7\",\n    \"value\": {\n      \"mc\": \">=5\"\n    }\n  },\n  {\n    \"title\": \"mcSatisfyRule sample 8\",\n    \"value\": {\n      \"mc\": \"<=1\"\n    }\n  },\n  {\n    \"title\": \"mcSatisfyRule sample 9\",\n    \"value\": {\n      \"mc\": \"<=37\"\n    }\n  }\n]",
              "code": "fast_check_1.sample(index_test_2.mcSatisfyRule, 10).forEach((sample, i) => addContext_1.default(this, {\n    title: `mcSatisfyRule sample ${i}`,\n    value: sample,\n}));\nreturn fast_check_1.assert(fast_check_1.property(index_test_2.mcSatisfyRule, ajvValidate));",
              "err": {},
              "uuid": "81268b11-4077-44a0-beba-bbeb398aba00",
              "parentUUID": "d7c04ba7-7dcb-4110-9c08-b8424ffbffe0",
              "isHook": false,
              "skipped": false
            },
            {
              "title": "should validate valid recursive satisfy rules",
              "fullTitle": "satisfyRuleSchema should validate valid recursive satisfy rules",
              "timedOut": false,
              "duration": 3,
              "state": "passed",
              "speed": "fast",
              "pass": true,
              "fail": false,
              "pending": false,
              "context": "[\n  {\n    \"title\": \"satisfyRule sample 0\",\n    \"value\": \"\"\n  },\n  {\n    \"title\": \"satisfyRule sample 1\",\n    \"value\": {\n      \"and\": [\n        {\n          \"and\": [\n            {\n              \"mc\": \">=175\"\n            }\n          ]\n        },\n        {\n          \"or\": [\n            {\n              \"mc\": \">=178\"\n            }\n          ]\n        },\n        \"r JZZd\\\"\",\n        {\n          \"or\": [\n            {\n              \"mc\": \">=129\"\n            },\n            \"F\\\"Y^\",\n            \"\",\n            \"07e\",\n            \"\"\n          ]\n        },\n        {\n          \"and\": []\n        }\n      ]\n    }\n  },\n  {\n    \"title\": \"satisfyRule sample 2\",\n    \"value\": {\n      \"mc\": \">=8\"\n    }\n  },\n  {\n    \"title\": \"satisfyRule sample 3\",\n    \"value\": {\n      \"or\": [\n        \"g`\",\n        \"!! \",\n        {\n          \"and\": []\n        },\n        {\n          \"mc\": \">=127\"\n        }\n      ]\n    }\n  },\n  {\n    \"title\": \"satisfyRule sample 4\",\n    \"value\": {\n      \"mc\": \">=4\"\n    }\n  },\n  {\n    \"title\": \"satisfyRule sample 5\",\n    \"value\": {\n      \"or\": [\n        {\n          \"or\": []\n        },\n        {\n          \"mc\": \"<=169\"\n        },\n        {\n          \"mc\": \">=57\"\n        },\n        {\n          \"or\": [\n            {\n              \"mc\": \"<=49\"\n            }\n          ]\n        }\n      ]\n    }\n  },\n  {\n    \"title\": \"satisfyRule sample 6\",\n    \"value\": \"Az\"\n  },\n  {\n    \"title\": \"satisfyRule sample 7\",\n    \"value\": {\n      \"or\": [\n        {\n          \"or\": [\n            \"Hqz<8\",\n            \"9@=f:jn\",\n            {\n              \"or\": [\n                {\n                  \"mc\": \">=82\"\n                },\n                \"'\",\n                \"kE\",\n                \"'1;o\\\\\",\n                {\n                  \"and\": [\n                    \"-'iK'<Yc(\",\n                    \"4/}Bd\"\n                  ]\n                }\n              ]\n            }\n          ]\n        },\n        {\n          \"mc\": \"<=126\"\n        }\n      ]\n    }\n  },\n  {\n    \"title\": \"satisfyRule sample 8\",\n    \"value\": {\n      \"or\": [\n        \"0z_\",\n        \"\\\\Z\",\n        {\n          \"and\": [\n            {\n              \"and\": []\n            },\n            \"v8kK|7V#w.\",\n            \"A%b\"\n          ]\n        },\n        {\n          \"mc\": \">=178\"\n        }\n      ]\n    }\n  },\n  {\n    \"title\": \"satisfyRule sample 9\",\n    \"value\": {\n      \"and\": []\n    }\n  }\n]",
              "code": "fast_check_1.sample(index_test_2.satisfyRule, 10).forEach((sample, i) => addContext_1.default(this, {\n    title: `satisfyRule sample ${i}`,\n    value: sample,\n}));\nreturn fast_check_1.assert(fast_check_1.property(index_test_2.satisfyRule, ajvValidate));",
              "err": {},
              "uuid": "5da33be5-1ea4-4bbc-b66e-aa32e54f2139",
              "parentUUID": "d7c04ba7-7dcb-4110-9c08-b8424ffbffe0",
              "isHook": false,
              "skipped": false
            },
            {
              "title": "should not validate non-string/object",
              "fullTitle": "satisfyRuleSchema should not validate non-string/object",
              "timedOut": false,
              "duration": 1,
              "state": "passed",
              "speed": "fast",
              "pass": true,
              "fail": false,
              "pending": false,
              "context": null,
              "code": "const error = {\n    instancePath: \"\",\n    message: \"satisfy rule should be either a string or an object\",\n};\nisInvalidRule(null, error);\nisInvalidRule(undefined, error);\nisInvalidRule(10, error);\nisInvalidRule([12, 24], error);",
              "err": {},
              "uuid": "305827d8-46db-4342-bbc9-90f947c8729e",
              "parentUUID": "d7c04ba7-7dcb-4110-9c08-b8424ffbffe0",
              "isHook": false,
              "skipped": false
            },
            {
              "title": "should not validate satisfy rules with extra properties",
              "fullTitle": "satisfyRuleSchema should not validate satisfy rules with extra properties",
              "timedOut": false,
              "duration": 0,
              "state": "passed",
              "speed": "fast",
              "pass": true,
              "fail": false,
              "pending": false,
              "context": null,
              "code": "isInvalidRule({\n        and: [\n            { or: [\"2k\"], abc: \"def\" },\n            { mc: 8, ghi: \"jkl\" },\n        ],\n        mno: \"pqr\",\n    }, {\n        instancePath: \"/and/0\",\n        message: \"or satisfy rule should have property 'or' only\",\n    }, {\n        instancePath: \"/and/1\",\n        message: \"MC satisfy rule should have property 'mc' only\",\n    }, {\n        instancePath: \"\",\n        message: \"and satisfy rule should have property 'and' only\",\n    })",
              "err": {},
              "uuid": "0ac0671f-6726-409b-b8b1-4e3dcc4df00e",
              "parentUUID": "d7c04ba7-7dcb-4110-9c08-b8424ffbffe0",
              "isHook": false,
              "skipped": false
            },
            {
              "title": "should not validate ambiguous satisfy rules",
              "fullTitle": "satisfyRuleSchema should not validate ambiguous satisfy rules",
              "timedOut": false,
              "duration": 1,
              "state": "passed",
              "speed": "fast",
              "pass": true,
              "fail": false,
              "pending": false,
              "context": null,
              "code": "const message = \"satisfy rule should have only one of properties 'mc', 'and', 'or'\";\nisInvalidRule({\n    or: [\n        { mc: 5, and: [\"CS2040\"] },\n        { and: [{ and: [\"abc\"], or: [\"def\"] }] },\n    ],\n}, { instancePath: \"/or/0\", message }, { instancePath: \"/or/1/and/0\", message });",
              "err": {},
              "uuid": "fd725c6a-a898-4d41-bef2-0c932b9a80a0",
              "parentUUID": "d7c04ba7-7dcb-4110-9c08-b8424ffbffe0",
              "isHook": false,
              "skipped": false
            },
            {
              "title": "should not validate and satisfy rules with non-array property",
              "fullTitle": "satisfyRuleSchema should not validate and satisfy rules with non-array property",
              "timedOut": false,
              "duration": 0,
              "state": "passed",
              "speed": "fast",
              "pass": true,
              "fail": false,
              "pending": false,
              "context": null,
              "code": "const message = \"property 'and' should be an array of satisfy rules\";\nisInvalidRule({ or: [{ and: {} }, { or: [{ and: 3 }] }] }, { instancePath: \"/or/0/and\", message }, { instancePath: \"/or/1/or/0/and\", message });",
              "err": {},
              "uuid": "504a7279-98be-4101-a133-14562c5b6bbe",
              "parentUUID": "d7c04ba7-7dcb-4110-9c08-b8424ffbffe0",
              "isHook": false,
              "skipped": false
            },
            {
              "title": "should not validate or satisfy rules with non-array property",
              "fullTitle": "satisfyRuleSchema should not validate or satisfy rules with non-array property",
              "timedOut": false,
              "duration": 0,
              "state": "passed",
              "speed": "fast",
              "pass": true,
              "fail": false,
              "pending": false,
              "context": null,
              "code": "const message = \"property 'or' should be an array of satisfy rules\";\nisInvalidRule({ and: [{ or: {} }, { and: [{ or: 3 }] }] }, { instancePath: \"/and/0/or\", message }, { instancePath: \"/and/1/and/0/or\", message });",
              "err": {},
              "uuid": "447717c4-4e98-49d3-ad11-afc7fdbd7c25",
              "parentUUID": "d7c04ba7-7dcb-4110-9c08-b8424ffbffe0",
              "isHook": false,
              "skipped": false
            }
          ],
          "suites": [],
          "passes": [
            "f4ad4794-5099-4855-9bc7-ec308a658730",
            "81268b11-4077-44a0-beba-bbeb398aba00",
            "5da33be5-1ea4-4bbc-b66e-aa32e54f2139",
            "305827d8-46db-4342-bbc9-90f947c8729e",
            "0ac0671f-6726-409b-b8b1-4e3dcc4df00e",
            "fd725c6a-a898-4d41-bef2-0c932b9a80a0",
            "504a7279-98be-4101-a133-14562c5b6bbe",
            "447717c4-4e98-49d3-ad11-afc7fdbd7c25"
          ],
          "failures": [],
          "pending": [],
          "skipped": [],
          "duration": 8,
          "root": false,
          "rootEmpty": false,
          "_timeout": 2000
        }
      ],
      "passes": [],
      "failures": [],
      "pending": [],
      "skipped": [],
      "duration": 0,
      "root": true,
      "rootEmpty": true,
      "_timeout": 2000
    }
  ],
  "meta": {
    "mocha": {
      "version": "9.0.3"
    },
    "mochawesome": {
      "options": {
        "quiet": false,
        "reportFilename": "mochawesome",
        "saveHtml": true,
        "saveJson": true,
        "consoleReporter": "spec",
        "useInlineDiffs": false,
        "code": true
      },
      "version": "6.2.2"
    },
    "marge": {
      "options": {
        "reportDir": "docs"
      },
      "version": "5.2.0"
    }
  }
}