{
  "stats": {
    "suites": 6,
    "tests": 29,
    "passes": 29,
    "pending": 0,
    "failures": 0,
    "start": "2021-06-16T16:15:00.831Z",
    "end": "2021-06-16T16:15:01.108Z",
    "duration": 277,
    "testsRegistered": 29,
    "passPercent": 100,
    "pendingPercent": 0,
    "other": 0,
    "hasOther": false,
    "skipped": 0,
    "hasSkipped": false
  },
  "results": [
    {
      "uuid": "c057efbd-3ce4-4a24-b3fc-16a437daf070",
      "title": "",
      "fullFile": "",
      "file": "",
      "beforeHooks": [],
      "afterHooks": [],
      "tests": [],
      "suites": [
        {
          "uuid": "14c9a8ed-0687-4afb-a6be-b147a974fef3",
          "title": "initDirectories",
          "fullFile": "/home/runner/work/planwithus-lib/planwithus-lib/src/block/schemas.test.ts",
          "file": "/src/block/schemas.test.ts",
          "beforeHooks": [],
          "afterHooks": [],
          "tests": [
            {
              "title": "should parse all blocks with no errors",
              "fullTitle": "initDirectories should parse all blocks with no errors",
              "timedOut": false,
              "duration": 4,
              "state": "passed",
              "speed": "fast",
              "pass": true,
              "fail": false,
              "pending": false,
              "context": null,
              "code": "_1.initDirectories.should.not.throw()",
              "err": {},
              "uuid": "626ae991-76aa-430b-9bc0-1c69b9b1bc65",
              "parentUUID": "14c9a8ed-0687-4afb-a6be-b147a974fef3",
              "isHook": false,
              "skipped": false
            },
            {
              "title": "should produce primary, second & minor directories",
              "fullTitle": "initDirectories should produce primary, second & minor directories",
              "timedOut": false,
              "duration": 53,
              "state": "passed",
              "speed": "medium",
              "pass": true,
              "fail": false,
              "pending": false,
              "context": null,
              "code": "const directories = await _1.initDirectories();\ndirectories.should.have.property(\"primary\");\ndirectories.should.have.property(\"second\");\ndirectories.should.have.property(\"minor\");",
              "err": {},
              "uuid": "a0907e48-4af5-49dd-8dc9-7bc12d2d002c",
              "parentUUID": "14c9a8ed-0687-4afb-a6be-b147a974fef3",
              "isHook": false,
              "skipped": false
            }
          ],
          "suites": [],
          "passes": [
            "626ae991-76aa-430b-9bc0-1c69b9b1bc65",
            "a0907e48-4af5-49dd-8dc9-7bc12d2d002c"
          ],
          "failures": [],
          "pending": [],
          "skipped": [],
          "duration": 57,
          "root": false,
          "rootEmpty": false,
          "_timeout": 2000
        },
        {
          "uuid": "31bc6167-061e-4c40-9bd6-dc1497caf16f",
          "title": "blockSchema",
          "fullFile": "/home/runner/work/planwithus-lib/planwithus-lib/src/block/schemas.test.ts",
          "file": "/src/block/schemas.test.ts",
          "beforeHooks": [],
          "afterHooks": [],
          "tests": [
            {
              "title": "should validate valid block",
              "fullTitle": "blockSchema should validate valid block",
              "timedOut": false,
              "duration": 176,
              "state": "passed",
              "speed": "slow",
              "pass": true,
              "fail": false,
              "pending": false,
              "context": "[\n  {\n    \"title\": \"block sample 0\",\n    \"value\": {\n      \"name\": \"@>r}gp\",\n      \"assign\": [\n        \"?jZ`b~Q(\",\n        \"vGEu8Y3%\",\n        \"P-4ROr@d\",\n        \"Ke|E1+GMY\"\n      ],\n      \"match\": {\n        \"pattern\": \"RFG4P\",\n        \"exclude\": \"CZ9O\",\n        \"info\": \"!%%nFAqW~H\"\n      },\n      \"satisfy\": [\n        {\n          \"and\": [\n            \"x0~/\",\n            {\n              \"mc\": \"<=35\"\n            }\n          ]\n        },\n        {\n          \"and\": [\n            \"|+\",\n            {\n              \"or\": [\n                {\n                  \"and\": [\n                    \";kIc_l[#W,\",\n                    \"}/Y+z\",\n                    {\n                      \"and\": [\n                        \"KQLp0\",\n                        \"0(L\",\n                        {\n                          \"and\": [\n                            \"3\",\n                            {\n                              \"and\": [\n                                \"h3\\\\q$.8\",\n                                \">0b+=]v\\\\WR\"\n                              ]\n                            },\n                            \"K*\"\n                          ]\n                        },\n                        \"+\"\n                      ]\n                    },\n                    {\n                      \"or\": [\n                        \"4!4 esIg5?\",\n                        \"h({+!j?\",\n                        {\n                          \"mc\": \">=81\"\n                        },\n                        {\n                          \"and\": [\n                            {\n                              \"or\": [\n                                \"f;0~g&8\",\n                                \"}l\",\n                                \"\"\n                              ]\n                            },\n                            \"MwT*[R$z2v\",\n                            \"~%a!-\",\n                            \"twP~52ju\"\n                          ]\n                        },\n                        {\n                          \"mc\": 17\n                        }\n                      ]\n                    }\n                  ]\n                },\n                {\n                  \"or\": [\n                    \"S}!x\",\n                    {\n                      \"mc\": \"<=99\"\n                    }\n                  ]\n                },\n                {\n                  \"mc\": 30\n                },\n                {\n                  \"or\": [\n                    {\n                      \"mc\": 6\n                    },\n                    \"Djz\"\n                  ]\n                }\n              ]\n            },\n            {\n              \"or\": [\n                \"bS-Ni1%/f-\",\n                \"4['jiX7XE\",\n                \"Gc+B*\",\n                {\n                  \"mc\": 11\n                },\n                {\n                  \"and\": [\n                    \"$:W6UqjlPl\",\n                    {\n                      \"and\": []\n                    }\n                  ]\n                }\n              ]\n            },\n            \":*YH'&=\"\n          ]\n        },\n        \"\",\n        {\n          \"mc\": 78\n        }\n      ],\n      \"url\": \"http://7y11qrwpo5l-orxekef0-nibu.xbggy5gw24yg0xv3wy5otbzbgzk-yhyatbb75vm-qok-gi.mklyxa6eg3qo84za405hh59fuz3-20xnz5kogersiole7k04vvwriarc.6.epeum/,3m%F0%AF%B7%BA/*'XpL3/:MHoi9WQ)5/2VIBVJ&%F4%8C%90%B1AE/%F2%81%A1%A6ipGY77/%F3%B7%B3%B8;7(J/@Nq/%F0%B1%A5%8A%F3%B1%A3%96/u%F0%A4%8F%995XH%F0%98%AC%86iI\",\n      \"info\": \"$E\"\n    }\n  },\n  {\n    \"title\": \"block sample 1\",\n    \"value\": {\n      \"name\": \"iI<_'~\",\n      \"ay\": 1984,\n      \"assign\": [\n        \"fgEx&*\",\n        \"v\",\n        \"2s_-WfdQ~\"\n      ],\n      \"match\": \"MZ34\",\n      \"satisfy\": \"\",\n      \"url\": \"http://nfohyk7sbdbca8bf-fbf7-bf1yadoeubbced67cqto.q-u6n3wqzbma4qfvz5kxjx8ookt.oekwjmj/pc62H/v4;7\",\n      \"info\": \"IPy!~\"\n    }\n  },\n  {\n    \"title\": \"block sample 2\",\n    \"value\": {\n      \"name\": \"&{\",\n      \"ay\": 1950,\n      \"assign\": \"!y!\",\n      \"match\": [\n        {\n          \"and\": []\n        },\n        \"QVH9*T\",\n        \"FGR0*2P\",\n        \"DZE4A\"\n      ],\n      \"satisfy\": {\n        \"mc\": 4\n      },\n      \"url\": \"http://ab85eo.dc9.kwdt\",\n      \"info\": \"+|#\"\n    }\n  },\n  {\n    \"title\": \"block sample 3\",\n    \"value\": {\n      \"name\": \"1\\\"/>;t\\\\)\",\n      \"ay\": 1963,\n      \"assign\": \"%S{\",\n      \"match\": {\n        \"and\": [\n          \"ILx5\",\n          {\n            \"and\": [\n              \"ED0\",\n              \"JU7x7U\",\n              \"VJ2\",\n              {\n                \"pattern\": \"BX33S\",\n                \"exclude\": [],\n                \"info\": \"kFem1nS.\"\n              },\n              \"KOH33H\"\n            ]\n          }\n        ]\n      },\n      \"satisfy\": \"U\\\"\",\n      \"url\": \"http://lu77tyj2qq-crya4wgj7g8mbz-75b0cwi035e5xm7fpx.orkpadsqcx///)ri//a+:+g/%F1%B6%B9%8AV.\",\n      \"info\": \"M<\"\n    }\n  },\n  {\n    \"title\": \"block sample 4\",\n    \"value\": {\n      \"name\": \"{\",\n      \"ay\": 1980,\n      \"assign\": [\n        \"bYzaMj\",\n        \"f<&%m\"\n      ],\n      \"url\": \"http://sh78.y921x-b8q1cbebidlj8e7-weae8dabu5-b85ecba5.5ee9.edaaycp//%F2%B1%8B%9EvszC%F1%AE%B0%BDJ\",\n      \"info\": \"4.t)v}Zwg|\"\n    }\n  },\n  {\n    \"title\": \"block sample 5\",\n    \"value\": {\n      \"name\": \"!Fme/.c!3\",\n      \"ay\": 1954,\n      \"assign\": [],\n      \"match\": {\n        \"or\": [\n          {\n            \"pattern\": \"DU8\",\n            \"exclude\": \"UNx252Z\",\n            \"info\": \"#\"\n          }\n        ]\n      },\n      \"satisfy\": [\n        {\n          \"mc\": 104\n        },\n        {\n          \"or\": [\n            {\n              \"mc\": \">=2\"\n            },\n            {\n              \"mc\": 158\n            }\n          ]\n        },\n        \"X@XSDe8Ygk\",\n        {\n          \"and\": [\n            \"S\"\n          ]\n        }\n      ],\n      \"url\": \"https://c3kr3f7ean.jbt2x.4ony5f4.ycbeud2dzaevcawaed6by6cdao-1ar-7c.caglzvic/t900oi.t/72gjt!ELX)/%F3%AF%9C%9A%F3%82%86%98=lncE:hh/0%F1%94%8C%86%F3%A8%AB%87gHkcOT%F0%B7%BC%AA/%F1%A5%BD%B22fndd/-@/%F3%A1%B9%9DC\",\n      \"info\": \"z{!o(%NE\"\n    }\n  },\n  {\n    \"title\": \"block sample 6\",\n    \"value\": {\n      \"ay\": 2026,\n      \"assign\": \"KO90b\",\n      \"match\": {\n        \"pattern\": \"IM**9\",\n        \"info\": \"XF\\\"+%\"\n      },\n      \"satisfy\": [],\n      \"url\": \"http://9n2owilkzz00z3hanugw9g9xgl4hotnyecs8nv42moeb4i6-zbccg95t945.exewaxkbu43gmlxv907tj4io49i6keeu70mj5433w.3.nyx553qjpf2sx8ato.szhjhxsz/!!*/@//*dc///tzd/%F1%9A%9F%B5S@cd/:j\",\n      \"\": {\n        \"ay\": 1953,\n        \"assign\": [\n          \"{$!\",\n          \"Qpbqq\\\\ks@l\",\n          \"\\\"\",\n          \"Qx\"\n        ],\n        \"match\": [],\n        \"satisfy\": [\n          {\n            \"or\": []\n          },\n          \"@Dkx&Gc{\",\n          {\n            \"or\": [\n              \"tNjn\",\n              {\n                \"or\": [\n                  \"{% +C4EV/\",\n                  {\n                    \"or\": [\n                      {\n                        \"or\": [\n                          \"\\\\YR{\",\n                          \"T)&=8\",\n                          \"0xg?\",\n                          \"#wN9mC\"\n                        ]\n                      },\n                      \"\\\\~\",\n                      {\n                        \"and\": []\n                      }\n                    ]\n                  },\n                  {\n                    \"or\": [\n                      \"26/I\",\n                      \"7S\",\n                      \"\",\n                      \"PXar\",\n                      \"jVZD\"\n                    ]\n                  },\n                  \"h/r$z\",\n                  {\n                    \"mc\": \">=96\"\n                  }\n                ]\n              },\n              \"K<@hkz*ic\\\"\"\n            ]\n          }\n        ],\n        \"url\": \"http://lgrtk5cvegebbpvzxbsxb5t-jdyfl2a1jj6r-o4nm7btdy5fnagz2rtszkbg.6.uq.t.f.ae/YOC96%F1%8A%A3%9D//uPJ/%F3%9A%85%BA3c:yX/HK*9wD%F0%AF%95%88\",\n        \"info\": \"WXpD+-rO\"\n      }\n    }\n  },\n  {\n    \"title\": \"block sample 7\",\n    \"value\": {\n      \"name\": \"\",\n      \"ay\": 2024,\n      \"assign\": \"%^k\",\n      \"match\": {\n        \"and\": [\n          {\n            \"pattern\": \"WF844P\",\n            \"exclude\": \"HJ120x\",\n            \"info\": \"ZoF*c\"\n          },\n          {\n            \"pattern\": \"RZU8I\",\n            \"exclude\": \"GV130\",\n            \"info\": \"\"\n          }\n        ]\n      },\n      \"url\": \"https://dmti8-uwa5q9m0ffvjcyx74b7jcgoeab.a07gv3z4a376bw1-yqdo3zrrqsjl5emzzszqvqu0uvijzytfowwpgilqkw.f7vk5k8mc569xnd9cd-cvc784az-de56n5hcma3rf79dic6axd-k7bo9878bdb.hcyateu76b9a3d.mqtzwizwxx/-%F0%BE%9F%BE%F3%9F%A0%82b%F1%98%A6%B4BT4/rX1sv/(IEgWk)/ux%F3%82%9E%BBcs@5/D%F2%A2%A8%9B/bo8%F0%B6%81%9D,Swg1/Y\",\n      \"info\": \"y\\\"~7fo\"\n    }\n  },\n  {\n    \"title\": \"block sample 8\",\n    \"value\": {\n      \"name\": \";Tu\",\n      \"ay\": 1963,\n      \"assign\": \"&!l\",\n      \"satisfy\": \"#\",\n      \"url\": \"https://vjobeyekfpmbx7wd4s1xhbhkspsn81akasq-0-ekc-j.sd/a/XO6Pj/nz/QPneEp\",\n      \"info\": \">UY[Z`\"\n    }\n  },\n  {\n    \"title\": \"block sample 9\",\n    \"value\": {\n      \"name\": \"P@\\\\'\",\n      \"ay\": 2005,\n      \"satisfy\": [\n        {\n          \"or\": [\n            {\n              \"and\": [\n                \"<c\",\n                \"D}sR2\",\n                {\n                  \"and\": [\n                    \"\",\n                    {\n                      \"mc\": \">=158\"\n                    },\n                    \"9Hc:T\",\n                    {\n                      \"and\": [\n                        {\n                          \"or\": []\n                        },\n                        \"WPxJ!]\",\n                        \"Y.8d\"\n                      ]\n                    }\n                  ]\n                },\n                \"[0|( OHE\",\n                {\n                  \"mc\": 98\n                }\n              ]\n            },\n            {\n              \"and\": [\n                \"}N7\",\n                {\n                  \"or\": [\n                    \"\",\n                    {\n                      \"and\": [\n                        \"6mi\",\n                        \"[LF$0\",\n                        \"\",\n                        \"UYcTh^\"\n                      ]\n                    },\n                    \"\\\\\"\n                  ]\n                }\n              ]\n            }\n          ]\n        }\n      ],\n      \"info\": \"P\\\\\",\n      \"xq!\": {\n        \"name\": \"[zh)g <d\",\n        \"ay\": 1952,\n        \"assign\": \"Ag\",\n        \"match\": [\n          {\n            \"pattern\": \"GWF44xD\",\n            \"info\": \"q\"\n          }\n        ],\n        \"satisfy\": [\n          {\n            \"and\": [\n              \"sZ}{EJ\",\n              {\n                \"or\": [\n                  {\n                    \"mc\": 120\n                  },\n                  {\n                    \"or\": [\n                      \"Q`]nEWSx~\",\n                      \"gc@\",\n                      \"P7vdkf\",\n                      {\n                        \"and\": [\n                          \"ct+o?\",\n                          \"Vp\",\n                          \"u\",\n                          \"G\"\n                        ]\n                      },\n                      \"Jp\\\"\"\n                    ]\n                  },\n                  \"e=5.ReI\"\n                ]\n              },\n              {\n                \"or\": [\n                  {\n                    \"mc\": 8\n                  },\n                  \"SD4jl\"\n                ]\n              },\n              {\n                \"mc\": 26\n              },\n              {\n                \"or\": [\n                  {\n                    \"mc\": \">=37\"\n                  }\n                ]\n              }\n            ]\n          },\n          \"[\",\n          {\n            \"and\": [\n              {\n                \"or\": []\n              }\n            ]\n          },\n          \"X!\\\"_|s\"\n        ],\n        \"url\": \"http://l.sbw/H%F3%A6%AE%82=Q%31:/7//;%F2%8A%86%80&%F4%8F%BF%B2/(;/6k9pUC\",\n        \"info\": \"Q{} N\",\n        \"=+2\": {\n          \"name\": \"B1$Yz5?g\",\n          \"ay\": 2009,\n          \"assign\": \"`RfRP\",\n          \"match\": [\n            {\n              \"or\": []\n            },\n            {\n              \"pattern\": \"BW5*0U\",\n              \"exclude\": \"SUH968O\",\n              \"info\": \"S\"\n            },\n            {\n              \"and\": [\n                {\n                  \"and\": [\n                    \"KZH2*2\",\n                    \"ZZxR\",\n                    \"OFCx665\"\n                  ]\n                },\n                \"ORC267\",\n                {\n                  \"or\": [\n                    \"YSZx10xB\",\n                    \"KI7E\",\n                    {\n                      \"or\": []\n                    },\n                    \"FSU63\"\n                  ]\n                },\n                {\n                  \"pattern\": \"DNT11\",\n                  \"exclude\": [\n                    \"ICx0\",\n                    \"AZ49J\",\n                    \"BF53*\",\n                    \"PPS40R\"\n                  ],\n                  \"info\": \"A j*\"\n                },\n                {\n                  \"pattern\": \"VXQ2\",\n                  \"exclude\": [\n                    \"RI5890A\",\n                    \"JV812\",\n                    \"XW2*\",\n                    \"XU60Z\",\n                    \"NN5*34W\"\n                  ],\n                  \"info\": \"Fa&7RfQoCL\"\n                }\n              ]\n            },\n            {\n              \"pattern\": \"TNE03\",\n              \"exclude\": \"YTM713\",\n              \"info\": \"Tx]=*\"\n            }\n          ],\n          \"satisfy\": {\n            \"and\": []\n          },\n          \"url\": \"https://67sab7ajeonf8iy7.9cv.dtbsxoxiqcuajlqzxfj6uaqcxglabqxgdqwqjnr0p6jr15zvxyr1r.handvrolp\"\n        },\n        \"/F$\": {\n          \"name\": \"G.1sM&q\",\n          \"ay\": 1951,\n          \"assign\": [\n            \"z2ys#|'0 G\",\n            \"~ ]J(m\"\n          ],\n          \"match\": {\n            \"pattern\": \"OT72C\",\n            \"info\": \")H06Z\"\n          },\n          \"satisfy\": [\n            \"M\",\n            \"{b+N/Y6=L\",\n            {\n              \"mc\": 169\n            },\n            {\n              \"and\": [\n                \"CWB%B*Kiwu\"\n              ]\n            },\n            {\n              \"mc\": 127\n            }\n          ],\n          \"url\": \"http://1tvj5t47lz4mr8940q.p6rseft3.mpemvnvjag/18w/n)Vr=un13/5bY'UB/b!:=WweQB/Em1a~V0QR\",\n          \"info\": \"hl&EZ;(b,\"\n        }\n      },\n      \"\": {\n        \"ay\": 1998,\n        \"assign\": \"!,%\",\n        \"satisfy\": {\n          \"or\": []\n        },\n        \"url\": \"https://p2x847bl-5xlkhjkw.rjr6m6s.w.7pfyb3wbadre2cny8e9uc8.zamrq/eM!:7@/SH%F4%88%A6%A2Wc@hU//Xl/vok$/kE/6wehNA%F3%9F%8C%8E$/%F3%A5%A1%B8/EQf_0t4\"\n      }\n    }\n  }\n]",
              "code": "fast_check_1.sample(index_test_2.block, 10).forEach((sample, i) => addContext_1.default(this, {\n    title: `block sample ${i}`,\n    value: sample,\n}));\nreturn fast_check_1.assert(fast_check_1.property(index_test_2.block, ajvValidate));",
              "err": {},
              "uuid": "819076b2-5cdb-49c4-837e-cb435e3abe7c",
              "parentUUID": "31bc6167-061e-4c40-9bd6-dc1497caf16f",
              "isHook": false,
              "skipped": false
            },
            {
              "title": "should not validate non-object",
              "fullTitle": "blockSchema should not validate non-object",
              "timedOut": false,
              "duration": 1,
              "state": "passed",
              "speed": "fast",
              "pass": true,
              "fail": false,
              "pending": false,
              "context": null,
              "code": "const error = {\n    instancePath: \"\",\n    message: \"block should be an object\",\n};\nisInvalidBlock(null, error);\nisInvalidBlock(undefined, error);\nisInvalidBlock(10, error);\nisInvalidBlock([12, 24], error);\nisInvalidBlock(\"abc\", error);",
              "err": {},
              "uuid": "b9f115e3-03e2-4e72-86e2-65f76fa6625c",
              "parentUUID": "31bc6167-061e-4c40-9bd6-dc1497caf16f",
              "isHook": false,
              "skipped": false
            },
            {
              "title": "should not validate block with invalid properties",
              "fullTitle": "blockSchema should not validate block with invalid properties",
              "timedOut": false,
              "duration": 0,
              "state": "passed",
              "speed": "fast",
              "pass": true,
              "fail": false,
              "pending": false,
              "context": null,
              "code": "isInvalidBlock({\n        name: { foo: \"bar\" },\n        ay: -1000,\n        assign: {},\n        match: 1,\n        satisfy: 2,\n        url: { abc: \"def\" },\n        info: 42,\n    }, { instancePath: \"/name\", message: \"property 'name' should be a string\" }, {\n        instancePath: \"/ay\",\n        message: \"property 'ay' should be a positive integer\",\n    }, {\n        instancePath: \"/assign\",\n        message: \"property 'assign' should be either a block ID or an array of block IDs\",\n    }, {\n        instancePath: \"/match\",\n        message: \"property 'match' should be either a match rule or an array of match rules\",\n    }, {\n        instancePath: \"/satisfy\",\n        message: \"property 'satisfy' should be either a satisfy rule or an array of satisfy rules\",\n    }, { instancePath: \"/url\", message: \"property 'url' should be a string\" }, { instancePath: \"/info\", message: \"property 'info' should be a string\" })",
              "err": {},
              "uuid": "ff75f738-d5ed-4063-be31-cecec8633a82",
              "parentUUID": "31bc6167-061e-4c40-9bd6-dc1497caf16f",
              "isHook": false,
              "skipped": false
            }
          ],
          "suites": [],
          "passes": [
            "819076b2-5cdb-49c4-837e-cb435e3abe7c",
            "b9f115e3-03e2-4e72-86e2-65f76fa6625c",
            "ff75f738-d5ed-4063-be31-cecec8633a82"
          ],
          "failures": [],
          "pending": [],
          "skipped": [],
          "duration": 177,
          "root": false,
          "rootEmpty": false,
          "_timeout": 2000
        },
        {
          "uuid": "fb2e13d1-336d-4361-a8c0-e5c26ac6f8b8",
          "title": "patternSchema",
          "fullFile": "/home/runner/work/planwithus-lib/planwithus-lib/src/matchRule/pattern/schemas.test.ts",
          "file": "/src/matchRule/pattern/schemas.test.ts",
          "beforeHooks": [],
          "afterHooks": [],
          "tests": [
            {
              "title": "should validate non-empty pattern composed of A-Z, 0-9, x or *",
              "fullTitle": "patternSchema should validate non-empty pattern composed of A-Z, 0-9, x or *",
              "timedOut": false,
              "duration": 2,
              "state": "passed",
              "speed": "fast",
              "pass": true,
              "fail": false,
              "pending": false,
              "context": "[\n  {\n    \"title\": \"pattern sample 0\",\n    \"value\": \"HJ1558\"\n  },\n  {\n    \"title\": \"pattern sample 1\",\n    \"value\": \"YGI5Z\"\n  },\n  {\n    \"title\": \"pattern sample 2\",\n    \"value\": \"FP20x9\"\n  },\n  {\n    \"title\": \"pattern sample 3\",\n    \"value\": \"NFQ5253\"\n  },\n  {\n    \"title\": \"pattern sample 4\",\n    \"value\": \"ST15\"\n  },\n  {\n    \"title\": \"pattern sample 5\",\n    \"value\": \"UA211x\"\n  },\n  {\n    \"title\": \"pattern sample 6\",\n    \"value\": \"EHO110U\"\n  },\n  {\n    \"title\": \"pattern sample 7\",\n    \"value\": \"CD14\"\n  },\n  {\n    \"title\": \"pattern sample 8\",\n    \"value\": \"XRF29xM\"\n  },\n  {\n    \"title\": \"pattern sample 9\",\n    \"value\": \"RP1T\"\n  }\n]",
              "code": "fast_check_1.sample(index_test_2.pattern, 10).forEach((sample, i) => addContext_1.default(this, {\n    title: `pattern sample ${i}`,\n    value: sample,\n}));\nreturn fast_check_1.assert(fast_check_1.property(index_test_2.pattern, ajvValidate), {\n    examples: [[\"*\"], [\"ACC1002\"], [\"IS1103\"], [\"CS1231S\"], [\"MA1102R\"]],\n});",
              "err": {},
              "uuid": "17701aef-4e55-4635-a055-49043e33d568",
              "parentUUID": "fb2e13d1-336d-4361-a8c0-e5c26ac6f8b8",
              "isHook": false,
              "skipped": false
            },
            {
              "title": "should not validate empty pattern",
              "fullTitle": "patternSchema should not validate empty pattern",
              "timedOut": false,
              "duration": 0,
              "state": "passed",
              "speed": "fast",
              "pass": true,
              "fail": false,
              "pending": false,
              "context": null,
              "code": "isInvalidPattern(\"\")",
              "err": {},
              "uuid": "3dcfbd87-5b9d-4ae1-bffe-2357295fd604",
              "parentUUID": "fb2e13d1-336d-4361-a8c0-e5c26ac6f8b8",
              "isHook": false,
              "skipped": false
            },
            {
              "title": "should not validate pattern with invalid characters",
              "fullTitle": "patternSchema should not validate pattern with invalid characters",
              "timedOut": false,
              "duration": 0,
              "state": "passed",
              "speed": "fast",
              "pass": true,
              "fail": false,
              "pending": false,
              "context": null,
              "code": "[\"AB123a\", \"Ac123a\", \"AB123^S\", \"AB1*3^S\", \"$A1*3^S\", \"/A1x33S\"].forEach(isInvalidPattern)",
              "err": {},
              "uuid": "3f898a20-a422-417d-a8ac-5773b2aad675",
              "parentUUID": "fb2e13d1-336d-4361-a8c0-e5c26ac6f8b8",
              "isHook": false,
              "skipped": false
            }
          ],
          "suites": [],
          "passes": [
            "17701aef-4e55-4635-a055-49043e33d568",
            "3dcfbd87-5b9d-4ae1-bffe-2357295fd604",
            "3f898a20-a422-417d-a8ac-5773b2aad675"
          ],
          "failures": [],
          "pending": [],
          "skipped": [],
          "duration": 2,
          "root": false,
          "rootEmpty": false,
          "_timeout": 2000
        },
        {
          "uuid": "9aaee417-db26-4818-bec8-0342a0a5dd5c",
          "title": "matchRuleSchema",
          "fullFile": "/home/runner/work/planwithus-lib/planwithus-lib/src/matchRule/schemas.test.ts",
          "file": "/src/matchRule/schemas.test.ts",
          "beforeHooks": [],
          "afterHooks": [],
          "tests": [
            {
              "title": "should validate match rule with valid pattern",
              "fullTitle": "matchRuleSchema should validate match rule with valid pattern",
              "timedOut": false,
              "duration": 1,
              "state": "passed",
              "speed": "fast",
              "pass": true,
              "fail": false,
              "pending": false,
              "context": "[\n  {\n    \"title\": \"pattern sample 0\",\n    \"value\": \"ZBA*\"\n  },\n  {\n    \"title\": \"pattern sample 1\",\n    \"value\": \"OCH71\"\n  },\n  {\n    \"title\": \"pattern sample 2\",\n    \"value\": \"DU2*3\"\n  },\n  {\n    \"title\": \"pattern sample 3\",\n    \"value\": \"UDZ*0N\"\n  },\n  {\n    \"title\": \"pattern sample 4\",\n    \"value\": \"VP7M\"\n  },\n  {\n    \"title\": \"pattern sample 5\",\n    \"value\": \"TE20\"\n  },\n  {\n    \"title\": \"pattern sample 6\",\n    \"value\": \"RR0\"\n  },\n  {\n    \"title\": \"pattern sample 7\",\n    \"value\": \"ADx88A\"\n  },\n  {\n    \"title\": \"pattern sample 8\",\n    \"value\": \"TOA0\"\n  },\n  {\n    \"title\": \"pattern sample 9\",\n    \"value\": \"CXY70\"\n  }\n]",
              "code": "fast_check_1.sample(index_test_3.pattern, 10).forEach((sample, i) => addContext_1.default(this, {\n    title: `pattern sample ${i}`,\n    value: sample,\n}));\nreturn fast_check_1.assert(fast_check_1.property(index_test_3.pattern, ajvValidate));",
              "err": {},
              "uuid": "ccd76f97-1669-4a97-864a-927de48c6b5e",
              "parentUUID": "9aaee417-db26-4818-bec8-0342a0a5dd5c",
              "isHook": false,
              "skipped": false
            },
            {
              "title": "should validate match rules with valid pattern, exclude and info",
              "fullTitle": "matchRuleSchema should validate match rules with valid pattern, exclude and info",
              "timedOut": false,
              "duration": 2,
              "state": "passed",
              "speed": "fast",
              "pass": true,
              "fail": false,
              "pending": false,
              "context": "[\n  {\n    \"title\": \"patternMatchRule sample 0\",\n    \"value\": {\n      \"pattern\": \"PE8*38F\",\n      \"exclude\": \"IS8x01\",\n      \"info\": \"-\\\"~h,%yb{$\"\n    }\n  },\n  {\n    \"title\": \"patternMatchRule sample 1\",\n    \"value\": {\n      \"pattern\": \"LT6x0\",\n      \"exclude\": [\n        \"AJ*R\"\n      ],\n      \"info\": \"0?\\\"/:1t \"\n    }\n  },\n  {\n    \"title\": \"patternMatchRule sample 2\",\n    \"value\": {\n      \"pattern\": \"CPM6973N\",\n      \"exclude\": \"JU46\",\n      \"info\": \"\"\n    }\n  },\n  {\n    \"title\": \"patternMatchRule sample 3\",\n    \"value\": {\n      \"pattern\": \"PQ1G\",\n      \"exclude\": [\n        \"LI5444A\",\n        \"OR9707\",\n        \"MCY7\"\n      ]\n    }\n  },\n  {\n    \"title\": \"patternMatchRule sample 4\",\n    \"value\": {\n      \"pattern\": \"HT0\",\n      \"exclude\": \"GJS01\",\n      \"info\": \"3\\\"\"\n    }\n  },\n  {\n    \"title\": \"patternMatchRule sample 5\",\n    \"value\": {\n      \"pattern\": \"LO35I\",\n      \"exclude\": [\n        \"MFx4\",\n        \"TOZ3\",\n        \"DIU3296K\"\n      ],\n      \"info\": \"$%&\"\n    }\n  },\n  {\n    \"title\": \"patternMatchRule sample 6\",\n    \"value\": {\n      \"pattern\": \"TU9896\",\n      \"exclude\": \"XZM414\",\n      \"info\": \"9V}r\"\n    }\n  },\n  {\n    \"title\": \"patternMatchRule sample 7\",\n    \"value\": {\n      \"pattern\": \"BI1J\",\n      \"exclude\": [\n        \"ZN8\",\n        \"QU889*J\"\n      ]\n    }\n  },\n  {\n    \"title\": \"patternMatchRule sample 8\",\n    \"value\": {\n      \"pattern\": \"LBBx4D\",\n      \"exclude\": \"AT1\",\n      \"info\": \"\"\n    }\n  },\n  {\n    \"title\": \"patternMatchRule sample 9\",\n    \"value\": {\n      \"pattern\": \"KO01x2O\",\n      \"exclude\": [],\n      \"info\": \"\"\n    }\n  }\n]",
              "code": "fast_check_1.sample(index_test_2.patternMatchRule, 10).forEach((sample, i) => addContext_1.default(this, {\n    title: `patternMatchRule sample ${i}`,\n    value: sample,\n}));\nreturn fast_check_1.assert(fast_check_1.property(index_test_2.patternMatchRule, ajvValidate));",
              "err": {},
              "uuid": "16a9a1ba-9ec8-457d-8cbe-31dc57b226b5",
              "parentUUID": "9aaee417-db26-4818-bec8-0342a0a5dd5c",
              "isHook": false,
              "skipped": false
            },
            {
              "title": "should validate valid recursive match rules",
              "fullTitle": "matchRuleSchema should validate valid recursive match rules",
              "timedOut": false,
              "duration": 5,
              "state": "passed",
              "speed": "fast",
              "pass": true,
              "fail": false,
              "pending": false,
              "context": "[\n  {\n    \"title\": \"matchRule sample 0\",\n    \"value\": {\n      \"or\": [\n        {\n          \"and\": [\n            \"NHx\",\n            {\n              \"pattern\": \"DG294*V\",\n              \"exclude\": [\n                \"HBX9J\",\n                \"AEJ715\"\n              ],\n              \"info\": \"\"\n            },\n            {\n              \"and\": []\n            },\n            \"NDN10*xX\"\n          ]\n        },\n        {\n          \"or\": [\n            {\n              \"pattern\": \"MWR5\",\n              \"exclude\": \"THH355\"\n            },\n            {\n              \"pattern\": \"JE88A\",\n              \"exclude\": \"JG80P\",\n              \"info\": \"tf\\\"Nj\"\n            },\n            \"PT9*0*U\",\n            {\n              \"or\": [\n                \"JQE94\",\n                {\n                  \"or\": [\n                    \"LM0S\",\n                    \"MWKx52\",\n                    \"DY2O\",\n                    \"UT18*\"\n                  ]\n                },\n                {\n                  \"and\": []\n                }\n              ]\n            }\n          ]\n        }\n      ]\n    }\n  },\n  {\n    \"title\": \"matchRule sample 1\",\n    \"value\": {\n      \"pattern\": \"OQ89\",\n      \"exclude\": [\n        \"GAD6317\"\n      ],\n      \"info\": \"2Pi6\"\n    }\n  },\n  {\n    \"title\": \"matchRule sample 2\",\n    \"value\": {\n      \"or\": [\n        {\n          \"or\": [\n            \"WNH52\",\n            {\n              \"or\": [\n                \"WB22O\",\n                \"QMD0A\"\n              ]\n            },\n            {\n              \"or\": [\n                {\n                  \"and\": [\n                    \"WMP41xX\",\n                    \"YY30xZ\",\n                    {\n                      \"or\": [\n                        \"JQ69G\"\n                      ]\n                    },\n                    \"WSC15M\",\n                    \"AB4\"\n                  ]\n                }\n              ]\n            },\n            \"QUD18S\",\n            {\n              \"or\": []\n            }\n          ]\n        }\n      ]\n    }\n  },\n  {\n    \"title\": \"matchRule sample 3\",\n    \"value\": \"EY3\"\n  },\n  {\n    \"title\": \"matchRule sample 4\",\n    \"value\": \"ZXT*3\"\n  },\n  {\n    \"title\": \"matchRule sample 5\",\n    \"value\": {\n      \"and\": [\n        {\n          \"pattern\": \"LVT28\",\n          \"exclude\": [\n            \"ZU14\",\n            \"GFL7F\",\n            \"HV585\"\n          ],\n          \"info\": \"<<oTfKK\"\n        },\n        \"PIW1\",\n        \"PX4xL\",\n        {\n          \"pattern\": \"YBB678x\",\n          \"exclude\": \"YM20\",\n          \"info\": \"M%\"\n        },\n        \"YR62K\"\n      ]\n    }\n  },\n  {\n    \"title\": \"matchRule sample 6\",\n    \"value\": \"HBF831\"\n  },\n  {\n    \"title\": \"matchRule sample 7\",\n    \"value\": {\n      \"or\": [\n        {\n          \"pattern\": \"OZX7A\",\n          \"exclude\": \"WOC*42O\",\n          \"info\": \"v7%(sq<ax\"\n        },\n        {\n          \"pattern\": \"UFC447*\",\n          \"exclude\": []\n        },\n        {\n          \"pattern\": \"MKL2959\",\n          \"exclude\": \"FXI3\",\n          \"info\": \"\"\n        }\n      ]\n    }\n  },\n  {\n    \"title\": \"matchRule sample 8\",\n    \"value\": {\n      \"and\": [\n        {\n          \"and\": [\n            \"YD6\",\n            \"SMCx983H\",\n            \"WP*4T\",\n            {\n              \"and\": []\n            }\n          ]\n        },\n        {\n          \"or\": [\n            {\n              \"or\": [\n                \"DBB62\",\n                \"TDD6T\",\n                \"IZL4D\"\n              ]\n            },\n            \"ONLx\",\n            \"MOH183\",\n            \"KON50F\",\n            \"AZT27E\"\n          ]\n        },\n        {\n          \"pattern\": \"OVL2x8X\",\n          \"exclude\": [\n            \"NU30J\",\n            \"GQ6312\",\n            \"OZP3\",\n            \"UJA1V\",\n            \"QK4L\"\n          ],\n          \"info\": \"@ )\"\n        }\n      ]\n    }\n  },\n  {\n    \"title\": \"matchRule sample 9\",\n    \"value\": {\n      \"pattern\": \"EDO68\",\n      \"exclude\": \"LEE6x*\",\n      \"info\": \"W\"\n    }\n  }\n]",
              "code": "fast_check_1.sample(index_test_2.matchRule, 10).forEach((sample, i) => addContext_1.default(this, {\n    title: `matchRule sample ${i}`,\n    value: sample,\n}));\nreturn fast_check_1.assert(fast_check_1.property(index_test_2.matchRule, ajvValidate));",
              "err": {},
              "uuid": "e3deca8d-a9ae-4d05-96a1-900e4a7220bf",
              "parentUUID": "9aaee417-db26-4818-bec8-0342a0a5dd5c",
              "isHook": false,
              "skipped": false
            },
            {
              "title": "should not validate non-string/object",
              "fullTitle": "matchRuleSchema should not validate non-string/object",
              "timedOut": false,
              "duration": 1,
              "state": "passed",
              "speed": "fast",
              "pass": true,
              "fail": false,
              "pending": false,
              "context": null,
              "code": "const error = {\n    instancePath: \"\",\n    message: \"match rule should be either a string or an object\",\n};\nisInvalidRule(null, error);\nisInvalidRule(undefined, error);\nisInvalidRule(10, error);\nisInvalidRule([12, 24], error);",
              "err": {},
              "uuid": "4300ef7a-c3c6-4ef5-b385-d08a41bbfb21",
              "parentUUID": "9aaee417-db26-4818-bec8-0342a0a5dd5c",
              "isHook": false,
              "skipped": false
            },
            {
              "title": "should not validate match rules with extra properties",
              "fullTitle": "matchRuleSchema should not validate match rules with extra properties",
              "timedOut": false,
              "duration": 1,
              "state": "passed",
              "speed": "fast",
              "pass": true,
              "fail": false,
              "pending": false,
              "context": null,
              "code": "isInvalidRule({\n        and: [{ or: [{ pattern: \"CS2103T\", info2: \"foobar\" }], abc: \"def\" }],\n        mno: \"pqr\",\n    }, {\n        instancePath: \"/and/0/or/0\",\n        message: \"pattern match rule should have properties 'pattern', 'exclude' (optional) and 'info' (optional) only\",\n    }, {\n        instancePath: \"/and/0\",\n        message: \"or match rule should have property 'or' only\",\n    }, {\n        instancePath: \"\",\n        message: \"and match rule should have property 'and' only\",\n    })",
              "err": {},
              "uuid": "30dbb80b-6516-41d5-a9bb-65301369dbc1",
              "parentUUID": "9aaee417-db26-4818-bec8-0342a0a5dd5c",
              "isHook": false,
              "skipped": false
            },
            {
              "title": "should not validate ambiguous match rules",
              "fullTitle": "matchRuleSchema should not validate ambiguous match rules",
              "timedOut": false,
              "duration": 1,
              "state": "passed",
              "speed": "fast",
              "pass": true,
              "fail": false,
              "pending": false,
              "context": null,
              "code": "const message = \"match rule should have only one of properties 'pattern', 'and', 'or'\";\nisInvalidRule({\n    or: [\n        { pattern: \"CS1231\", and: [] },\n        { pattern: \"CS1231\", or: [] },\n        { and: [{ and: [\"abc\"], or: [\"def\"] }] },\n    ],\n}, { instancePath: \"/or/0\", message }, { instancePath: \"/or/1\", message }, { instancePath: \"/or/2/and/0\", message });",
              "err": {},
              "uuid": "29748926-596e-4608-8e71-fe6630661dff",
              "parentUUID": "9aaee417-db26-4818-bec8-0342a0a5dd5c",
              "isHook": false,
              "skipped": false
            },
            {
              "title": "should not validate pattern match rule with invalid patterns",
              "fullTitle": "matchRuleSchema should not validate pattern match rule with invalid patterns",
              "timedOut": false,
              "duration": 0,
              "state": "passed",
              "speed": "fast",
              "pass": true,
              "fail": false,
              "pending": false,
              "context": null,
              "code": "const message = \"pattern should be a non-empty string composed of A-Z, 0-9, x or *\";\nisInvalidRule({\n    and: [\n        \"CS210c\",\n        { pattern: \"CS2100\", exclude: \"CS1231s\" },\n        { pattern: \"CS210#T\", exclude: [\"CS1231\", \"CS21%\"] },\n    ],\n}, { instancePath: \"/and/0\", message }, { instancePath: \"/and/1/exclude\", message }, { instancePath: \"/and/2/pattern\", message }, { instancePath: \"/and/2/exclude/1\", message });",
              "err": {},
              "uuid": "95b13100-67a3-4d1d-98e5-37750db65868",
              "parentUUID": "9aaee417-db26-4818-bec8-0342a0a5dd5c",
              "isHook": false,
              "skipped": false
            },
            {
              "title": "should not validate pattern match rule with non-string/array exclude",
              "fullTitle": "matchRuleSchema should not validate pattern match rule with non-string/array exclude",
              "timedOut": false,
              "duration": 0,
              "state": "passed",
              "speed": "fast",
              "pass": true,
              "fail": false,
              "pending": false,
              "context": null,
              "code": "const message = \"property 'exclude' should be either a pattern or an array of patterns\";\nisInvalidRule({\n    or: [\n        { pattern: \"CS2101\", exclude: {} },\n        { pattern: \"CS2101\", exclude: 5 },\n    ],\n}, { instancePath: \"/or/0/exclude\", message }, { instancePath: \"/or/1/exclude\", message });",
              "err": {},
              "uuid": "4182a30d-a430-4f34-bcee-bba796db32f6",
              "parentUUID": "9aaee417-db26-4818-bec8-0342a0a5dd5c",
              "isHook": false,
              "skipped": false
            },
            {
              "title": "should not validate pattern match rule with non-string info",
              "fullTitle": "matchRuleSchema should not validate pattern match rule with non-string info",
              "timedOut": false,
              "duration": 0,
              "state": "passed",
              "speed": "fast",
              "pass": true,
              "fail": false,
              "pending": false,
              "context": null,
              "code": "const message = \"property 'info' should be a string\";\nisInvalidRule({ pattern: \"CS2101\", info: 42 }, { instancePath: \"/info\", message });",
              "err": {},
              "uuid": "43a59e6f-628e-4f1f-9156-1992242236a0",
              "parentUUID": "9aaee417-db26-4818-bec8-0342a0a5dd5c",
              "isHook": false,
              "skipped": false
            },
            {
              "title": "should not validate and match rules with non-array property",
              "fullTitle": "matchRuleSchema should not validate and match rules with non-array property",
              "timedOut": false,
              "duration": 1,
              "state": "passed",
              "speed": "fast",
              "pass": true,
              "fail": false,
              "pending": false,
              "context": null,
              "code": "const message = \"property 'and' should be an array of match rules\";\nisInvalidRule({ or: [{ and: {} }, { or: [{ and: 3 }] }] }, { instancePath: \"/or/0/and\", message }, { instancePath: \"/or/1/or/0/and\", message });",
              "err": {},
              "uuid": "f28c7bde-2231-41db-abab-fb2da9b62dab",
              "parentUUID": "9aaee417-db26-4818-bec8-0342a0a5dd5c",
              "isHook": false,
              "skipped": false
            },
            {
              "title": "should not validate or match rules with non-array property",
              "fullTitle": "matchRuleSchema should not validate or match rules with non-array property",
              "timedOut": false,
              "duration": 0,
              "state": "passed",
              "speed": "fast",
              "pass": true,
              "fail": false,
              "pending": false,
              "context": null,
              "code": "const message = \"property 'or' should be an array of match rules\";\nisInvalidRule({ or: [{ or: {} }, { and: [{ or: 3 }] }] }, { instancePath: \"/or/0/or\", message }, { instancePath: \"/or/1/and/0/or\", message });",
              "err": {},
              "uuid": "e4584be3-5997-49db-9463-b77eddde0f95",
              "parentUUID": "9aaee417-db26-4818-bec8-0342a0a5dd5c",
              "isHook": false,
              "skipped": false
            }
          ],
          "suites": [],
          "passes": [
            "ccd76f97-1669-4a97-864a-927de48c6b5e",
            "16a9a1ba-9ec8-457d-8cbe-31dc57b226b5",
            "e3deca8d-a9ae-4d05-96a1-900e4a7220bf",
            "4300ef7a-c3c6-4ef5-b385-d08a41bbfb21",
            "30dbb80b-6516-41d5-a9bb-65301369dbc1",
            "29748926-596e-4608-8e71-fe6630661dff",
            "95b13100-67a3-4d1d-98e5-37750db65868",
            "4182a30d-a430-4f34-bcee-bba796db32f6",
            "43a59e6f-628e-4f1f-9156-1992242236a0",
            "f28c7bde-2231-41db-abab-fb2da9b62dab",
            "e4584be3-5997-49db-9463-b77eddde0f95"
          ],
          "failures": [],
          "pending": [],
          "skipped": [],
          "duration": 12,
          "root": false,
          "rootEmpty": false,
          "_timeout": 2000
        },
        {
          "uuid": "aa10fa01-9007-4e76-a7fc-82f32cf55deb",
          "title": "inequalitySchema",
          "fullFile": "/home/runner/work/planwithus-lib/planwithus-lib/src/satisfyRule/inequality/schemas.test.ts",
          "file": "/src/satisfyRule/inequality/schemas.test.ts",
          "beforeHooks": [],
          "afterHooks": [],
          "tests": [
            {
              "title": "should validate inequality in the form <=n or >=n",
              "fullTitle": "inequalitySchema should validate inequality in the form <=n or >=n",
              "timedOut": false,
              "duration": 1,
              "state": "passed",
              "speed": "fast",
              "pass": true,
              "fail": false,
              "pending": false,
              "context": "[\n  {\n    \"title\": \"inequality sample 0\",\n    \"value\": \">=62\"\n  },\n  {\n    \"title\": \"inequality sample 1\",\n    \"value\": \">=17\"\n  },\n  {\n    \"title\": \"inequality sample 2\",\n    \"value\": \">=200\"\n  },\n  {\n    \"title\": \"inequality sample 3\",\n    \"value\": \"<=4\"\n  },\n  {\n    \"title\": \"inequality sample 4\",\n    \"value\": \"<=193\"\n  },\n  {\n    \"title\": \"inequality sample 5\",\n    \"value\": \"<=3\"\n  },\n  {\n    \"title\": \"inequality sample 6\",\n    \"value\": \">=4\"\n  },\n  {\n    \"title\": \"inequality sample 7\",\n    \"value\": \">=198\"\n  },\n  {\n    \"title\": \"inequality sample 8\",\n    \"value\": \">=5\"\n  },\n  {\n    \"title\": \"inequality sample 9\",\n    \"value\": \"<=197\"\n  }\n]",
              "code": "fast_check_1.sample(index_test_2.inequality, 10).forEach((sample, i) => addContext_1.default(this, {\n    title: `inequality sample ${i}`,\n    value: sample,\n}));\nreturn fast_check_1.assert(fast_check_1.property(index_test_2.inequality, ajvValidate));",
              "err": {},
              "uuid": "ecaecc44-c19c-4e39-8316-2180f9b8d094",
              "parentUUID": "aa10fa01-9007-4e76-a7fc-82f32cf55deb",
              "isHook": false,
              "skipped": false
            },
            {
              "title": "should not validate inequality of invalid form",
              "fullTitle": "inequalitySchema should not validate inequality of invalid form",
              "timedOut": false,
              "duration": 2,
              "state": "passed",
              "speed": "fast",
              "pass": true,
              "fail": false,
              "pending": false,
              "context": null,
              "code": "[\n        \"\",\n        \"==23\",\n        \"23\",\n        \"<23\",\n        \">23\",\n        \"<=-1\",\n        \">=-1\",\n        \"<= 2\",\n        \">= 1\",\n        \"> 3\",\n        \"< 3\",\n        \"<=3a\",\n        \">=3a\",\n        \"a<=3\",\n        \"a>=3\",\n    ].forEach(isInvalidInequality)",
              "err": {},
              "uuid": "d5afb1d0-259d-4e9b-b857-69d69d771d41",
              "parentUUID": "aa10fa01-9007-4e76-a7fc-82f32cf55deb",
              "isHook": false,
              "skipped": false
            }
          ],
          "suites": [],
          "passes": [
            "ecaecc44-c19c-4e39-8316-2180f9b8d094",
            "d5afb1d0-259d-4e9b-b857-69d69d771d41"
          ],
          "failures": [],
          "pending": [],
          "skipped": [],
          "duration": 3,
          "root": false,
          "rootEmpty": false,
          "_timeout": 2000
        },
        {
          "uuid": "e7e70708-72c5-41bb-a5ba-87f00bdc03c4",
          "title": "satisfyRuleSchema",
          "fullFile": "/home/runner/work/planwithus-lib/planwithus-lib/src/satisfyRule/schemas.test.ts",
          "file": "/src/satisfyRule/schemas.test.ts",
          "beforeHooks": [],
          "afterHooks": [],
          "tests": [
            {
              "title": "should validate satisfy rule with valid block id",
              "fullTitle": "satisfyRuleSchema should validate satisfy rule with valid block id",
              "timedOut": false,
              "duration": 1,
              "state": "passed",
              "speed": "fast",
              "pass": true,
              "fail": false,
              "pending": false,
              "context": null,
              "code": "fast_check_1.assert(fast_check_1.property(fast_check_1.string(), ajvValidate)",
              "err": {},
              "uuid": "c7259060-ff20-4a13-99fb-9a4c4c88c88b",
              "parentUUID": "e7e70708-72c5-41bb-a5ba-87f00bdc03c4",
              "isHook": false,
              "skipped": false
            },
            {
              "title": "should validate satisfy rules with valid mc",
              "fullTitle": "satisfyRuleSchema should validate satisfy rules with valid mc",
              "timedOut": false,
              "duration": 1,
              "state": "passed",
              "speed": "fast",
              "pass": true,
              "fail": false,
              "pending": false,
              "context": "[\n  {\n    \"title\": \"mcSatisfyRule sample 0\",\n    \"value\": {\n      \"mc\": 196\n    }\n  },\n  {\n    \"title\": \"mcSatisfyRule sample 1\",\n    \"value\": {\n      \"mc\": \"<=8\"\n    }\n  },\n  {\n    \"title\": \"mcSatisfyRule sample 2\",\n    \"value\": {\n      \"mc\": \">=100\"\n    }\n  },\n  {\n    \"title\": \"mcSatisfyRule sample 3\",\n    \"value\": {\n      \"mc\": \"<=32\"\n    }\n  },\n  {\n    \"title\": \"mcSatisfyRule sample 4\",\n    \"value\": {\n      \"mc\": 49\n    }\n  },\n  {\n    \"title\": \"mcSatisfyRule sample 5\",\n    \"value\": {\n      \"mc\": \">=75\"\n    }\n  },\n  {\n    \"title\": \"mcSatisfyRule sample 6\",\n    \"value\": {\n      \"mc\": \">=83\"\n    }\n  },\n  {\n    \"title\": \"mcSatisfyRule sample 7\",\n    \"value\": {\n      \"mc\": \">=2\"\n    }\n  },\n  {\n    \"title\": \"mcSatisfyRule sample 8\",\n    \"value\": {\n      \"mc\": 39\n    }\n  },\n  {\n    \"title\": \"mcSatisfyRule sample 9\",\n    \"value\": {\n      \"mc\": 195\n    }\n  }\n]",
              "code": "fast_check_1.sample(index_test_2.mcSatisfyRule, 10).forEach((sample, i) => addContext_1.default(this, {\n    title: `mcSatisfyRule sample ${i}`,\n    value: sample,\n}));\nreturn fast_check_1.assert(fast_check_1.property(index_test_2.mcSatisfyRule, ajvValidate));",
              "err": {},
              "uuid": "3d748089-01b0-4911-8b8e-c4099fcce223",
              "parentUUID": "e7e70708-72c5-41bb-a5ba-87f00bdc03c4",
              "isHook": false,
              "skipped": false
            },
            {
              "title": "should validate valid recursive satisfy rules",
              "fullTitle": "satisfyRuleSchema should validate valid recursive satisfy rules",
              "timedOut": false,
              "duration": 4,
              "state": "passed",
              "speed": "fast",
              "pass": true,
              "fail": false,
              "pending": false,
              "context": "[\n  {\n    \"title\": \"satisfyRule sample 0\",\n    \"value\": {\n      \"mc\": \"<=199\"\n    }\n  },\n  {\n    \"title\": \"satisfyRule sample 1\",\n    \"value\": \"&yW~{ 1%y\"\n  },\n  {\n    \"title\": \"satisfyRule sample 2\",\n    \"value\": {\n      \"and\": [\n        {\n          \"and\": [\n            {\n              \"mc\": \"<=181\"\n            }\n          ]\n        },\n        {\n          \"mc\": \"<=199\"\n        }\n      ]\n    }\n  },\n  {\n    \"title\": \"satisfyRule sample 3\",\n    \"value\": {\n      \"mc\": 169\n    }\n  },\n  {\n    \"title\": \"satisfyRule sample 4\",\n    \"value\": {\n      \"mc\": \">=116\"\n    }\n  },\n  {\n    \"title\": \"satisfyRule sample 5\",\n    \"value\": {\n      \"mc\": 6\n    }\n  },\n  {\n    \"title\": \"satisfyRule sample 6\",\n    \"value\": {\n      \"mc\": 199\n    }\n  },\n  {\n    \"title\": \"satisfyRule sample 7\",\n    \"value\": {\n      \"mc\": \">=154\"\n    }\n  },\n  {\n    \"title\": \"satisfyRule sample 8\",\n    \"value\": \"|eqS=x>\"\n  },\n  {\n    \"title\": \"satisfyRule sample 9\",\n    \"value\": {\n      \"or\": [\n        \"|*\"\n      ]\n    }\n  }\n]",
              "code": "fast_check_1.sample(index_test_2.satisfyRule, 10).forEach((sample, i) => addContext_1.default(this, {\n    title: `satisfyRule sample ${i}`,\n    value: sample,\n}));\nreturn fast_check_1.assert(fast_check_1.property(index_test_2.satisfyRule, ajvValidate));",
              "err": {},
              "uuid": "c1972258-7bbc-4242-9570-84ca805f2823",
              "parentUUID": "e7e70708-72c5-41bb-a5ba-87f00bdc03c4",
              "isHook": false,
              "skipped": false
            },
            {
              "title": "should not validate non-string/object",
              "fullTitle": "satisfyRuleSchema should not validate non-string/object",
              "timedOut": false,
              "duration": 1,
              "state": "passed",
              "speed": "fast",
              "pass": true,
              "fail": false,
              "pending": false,
              "context": null,
              "code": "const error = {\n    instancePath: \"\",\n    message: \"satisfy rule should be either a string or an object\",\n};\nisInvalidRule(null, error);\nisInvalidRule(undefined, error);\nisInvalidRule(10, error);\nisInvalidRule([12, 24], error);",
              "err": {},
              "uuid": "f566be6b-2a2f-4134-b297-82b195d8d174",
              "parentUUID": "e7e70708-72c5-41bb-a5ba-87f00bdc03c4",
              "isHook": false,
              "skipped": false
            },
            {
              "title": "should not validate satisfy rules with extra properties",
              "fullTitle": "satisfyRuleSchema should not validate satisfy rules with extra properties",
              "timedOut": false,
              "duration": 0,
              "state": "passed",
              "speed": "fast",
              "pass": true,
              "fail": false,
              "pending": false,
              "context": null,
              "code": "isInvalidRule({\n        and: [\n            { or: [\"2k\"], abc: \"def\" },\n            { mc: 8, ghi: \"jkl\" },\n        ],\n        mno: \"pqr\",\n    }, {\n        instancePath: \"/and/0\",\n        message: \"or satisfy rule should have property 'or' only\",\n    }, {\n        instancePath: \"/and/1\",\n        message: \"MC satisfy rule should have property 'mc' only\",\n    }, {\n        instancePath: \"\",\n        message: \"and satisfy rule should have property 'and' only\",\n    })",
              "err": {},
              "uuid": "7ad6783c-27cf-4e8e-852d-3a1f1c522e0b",
              "parentUUID": "e7e70708-72c5-41bb-a5ba-87f00bdc03c4",
              "isHook": false,
              "skipped": false
            },
            {
              "title": "should not validate ambiguous satisfy rules",
              "fullTitle": "satisfyRuleSchema should not validate ambiguous satisfy rules",
              "timedOut": false,
              "duration": 0,
              "state": "passed",
              "speed": "fast",
              "pass": true,
              "fail": false,
              "pending": false,
              "context": null,
              "code": "const message = \"satisfy rule should have only one of properties 'mc', 'and', 'or'\";\nisInvalidRule({\n    or: [\n        { mc: 5, and: [\"CS2040\"] },\n        { and: [{ and: [\"abc\"], or: [\"def\"] }] },\n    ],\n}, { instancePath: \"/or/0\", message }, { instancePath: \"/or/1/and/0\", message });",
              "err": {},
              "uuid": "eff5ccf4-9a88-466a-943a-5129605068a5",
              "parentUUID": "e7e70708-72c5-41bb-a5ba-87f00bdc03c4",
              "isHook": false,
              "skipped": false
            },
            {
              "title": "should not validate and satisfy rules with non-array property",
              "fullTitle": "satisfyRuleSchema should not validate and satisfy rules with non-array property",
              "timedOut": false,
              "duration": 0,
              "state": "passed",
              "speed": "fast",
              "pass": true,
              "fail": false,
              "pending": false,
              "context": null,
              "code": "const message = \"property 'and' should be an array of satisfy rules\";\nisInvalidRule({ or: [{ and: {} }, { or: [{ and: 3 }] }] }, { instancePath: \"/or/0/and\", message }, { instancePath: \"/or/1/or/0/and\", message });",
              "err": {},
              "uuid": "108db661-8fa4-4334-ba89-d31da640fb1b",
              "parentUUID": "e7e70708-72c5-41bb-a5ba-87f00bdc03c4",
              "isHook": false,
              "skipped": false
            },
            {
              "title": "should not validate or satisfy rules with non-array property",
              "fullTitle": "satisfyRuleSchema should not validate or satisfy rules with non-array property",
              "timedOut": false,
              "duration": 0,
              "state": "passed",
              "speed": "fast",
              "pass": true,
              "fail": false,
              "pending": false,
              "context": null,
              "code": "const message = \"property 'or' should be an array of satisfy rules\";\nisInvalidRule({ and: [{ or: {} }, { and: [{ or: 3 }] }] }, { instancePath: \"/and/0/or\", message }, { instancePath: \"/and/1/and/0/or\", message });",
              "err": {},
              "uuid": "c536fcb7-771b-4966-9c1b-1873c182f8cb",
              "parentUUID": "e7e70708-72c5-41bb-a5ba-87f00bdc03c4",
              "isHook": false,
              "skipped": false
            }
          ],
          "suites": [],
          "passes": [
            "c7259060-ff20-4a13-99fb-9a4c4c88c88b",
            "3d748089-01b0-4911-8b8e-c4099fcce223",
            "c1972258-7bbc-4242-9570-84ca805f2823",
            "f566be6b-2a2f-4134-b297-82b195d8d174",
            "7ad6783c-27cf-4e8e-852d-3a1f1c522e0b",
            "eff5ccf4-9a88-466a-943a-5129605068a5",
            "108db661-8fa4-4334-ba89-d31da640fb1b",
            "c536fcb7-771b-4966-9c1b-1873c182f8cb"
          ],
          "failures": [],
          "pending": [],
          "skipped": [],
          "duration": 7,
          "root": false,
          "rootEmpty": false,
          "_timeout": 2000
        }
      ],
      "passes": [],
      "failures": [],
      "pending": [],
      "skipped": [],
      "duration": 0,
      "root": true,
      "rootEmpty": true,
      "_timeout": 2000
    }
  ],
  "meta": {
    "mocha": {
      "version": "9.0.0"
    },
    "mochawesome": {
      "options": {
        "quiet": false,
        "reportFilename": "mochawesome",
        "saveHtml": true,
        "saveJson": true,
        "consoleReporter": "spec",
        "useInlineDiffs": false,
        "code": true
      },
      "version": "6.2.2"
    },
    "marge": {
      "options": {
        "reportDir": "docs"
      },
      "version": "5.2.0"
    }
  }
}