{
  "stats": {
    "suites": 10,
    "tests": 48,
    "passes": 48,
    "pending": 0,
    "failures": 0,
    "start": "2022-01-06T01:45:27.981Z",
    "end": "2022-01-06T01:45:28.217Z",
    "duration": 236,
    "testsRegistered": 48,
    "passPercent": 100,
    "pendingPercent": 0,
    "other": 0,
    "hasOther": false,
    "skipped": 0,
    "hasSkipped": false
  },
  "results": [
    {
      "uuid": "973ddb91-e8d2-4097-95ad-101c17fdf580",
      "title": "",
      "fullFile": "",
      "file": "",
      "beforeHooks": [],
      "afterHooks": [],
      "tests": [],
      "suites": [
        {
          "uuid": "50169d3d-d89d-4285-a70f-aceb7c3ec53d",
          "title": "initDirectories",
          "fullFile": "/home/runner/work/planwithus-lib/planwithus-lib/src/block/schemas.test.ts",
          "file": "/src/block/schemas.test.ts",
          "beforeHooks": [],
          "afterHooks": [],
          "tests": [
            {
              "title": "should parse all blocks with no errors",
              "fullTitle": "initDirectories should parse all blocks with no errors",
              "timedOut": false,
              "duration": 3,
              "state": "passed",
              "speed": "fast",
              "pass": true,
              "fail": false,
              "pending": false,
              "context": null,
              "code": "_1.initDirectories.should.not.throw()",
              "err": {},
              "uuid": "d1361d38-1327-4d08-b269-f35adc7572f4",
              "parentUUID": "50169d3d-d89d-4285-a70f-aceb7c3ec53d",
              "isHook": false,
              "skipped": false
            },
            {
              "title": "should produce primary, second & minor directories",
              "fullTitle": "initDirectories should produce primary, second & minor directories",
              "timedOut": false,
              "duration": 1,
              "state": "passed",
              "speed": "fast",
              "pass": true,
              "fail": false,
              "pending": false,
              "context": null,
              "code": "const directories = (0, _1.initDirectories)();\ndirectories.should.have.property(\"primary\");\ndirectories.should.have.property(\"second\");\ndirectories.should.have.property(\"minor\");",
              "err": {},
              "uuid": "c42ef042-11f4-4c8c-b9f8-7e788dd4b781",
              "parentUUID": "50169d3d-d89d-4285-a70f-aceb7c3ec53d",
              "isHook": false,
              "skipped": false
            }
          ],
          "suites": [],
          "passes": [
            "d1361d38-1327-4d08-b269-f35adc7572f4",
            "c42ef042-11f4-4c8c-b9f8-7e788dd4b781"
          ],
          "failures": [],
          "pending": [],
          "skipped": [],
          "duration": 4,
          "root": false,
          "rootEmpty": false,
          "_timeout": 2000
        },
        {
          "uuid": "82874902-ee75-4112-82ee-96c20efcbf90",
          "title": "blockSchema",
          "fullFile": "/home/runner/work/planwithus-lib/planwithus-lib/src/block/schemas.test.ts",
          "file": "/src/block/schemas.test.ts",
          "beforeHooks": [],
          "afterHooks": [],
          "tests": [
            {
              "title": "should validate valid block",
              "fullTitle": "blockSchema should validate valid block",
              "timedOut": false,
              "duration": 123,
              "state": "passed",
              "speed": "slow",
              "pass": true,
              "fail": false,
              "pending": false,
              "context": "[\n  {\n    \"title\": \"block sample 0\",\n    \"value\": {\n      \"ay\": 2020,\n      \"match\": {\n        \"or\": [\n          \"JN0x\",\n          {\n            \"pattern\": \"XPG*G\",\n            \"exclude\": [],\n            \"info\": \"\"\n          },\n          {\n            \"or\": [\n              {\n                \"or\": [\n                  {\n                    \"or\": [\n                      \"FV3*7\",\n                      \"WY6E\",\n                      \"CJS471Y\",\n                      \"EN7\",\n                      {\n                        \"and\": [\n                          \"IU*xP\",\n                          \"HJ0\",\n                          {\n                            \"pattern\": \"BNJ8\",\n                            \"exclude\": \"UL090xO\",\n                            \"info\": \"=9o]1\"\n                          }\n                        ]\n                      }\n                    ]\n                  },\n                  {\n                    \"pattern\": \"IA6410U\",\n                    \"exclude\": \"XZP8\",\n                    \"info\": \"W=g.)^9hk@\"\n                  },\n                  \"WV7*x3\",\n                  {\n                    \"and\": [\n                      \"QF658\",\n                      \"GLC***3W\",\n                      \"RU*41\",\n                      {\n                        \"and\": [\n                          \"UUS1\",\n                          {\n                            \"and\": []\n                          },\n                          \"WT11\",\n                          \"PVY9J\",\n                          \"QB18Z\"\n                        ]\n                      },\n                      \"LCZ61\"\n                    ]\n                  },\n                  {\n                    \"or\": [\n                      \"BD42*5\",\n                      \"OMB34F\",\n                      \"DK76\",\n                      \"HNRxS\"\n                    ]\n                  }\n                ]\n              },\n              \"VJB41x5W\",\n              \"LRC92x8\",\n              \"IUV3545\",\n              {\n                \"and\": [\n                  \"TLE45\"\n                ]\n              }\n            ]\n          },\n          {\n            \"pattern\": \"MAV268x\",\n            \"exclude\": [\n              \"RCF6271\",\n              \"HK428G\",\n              \"EV1M\"\n            ],\n            \"info\": \"\"\n          },\n          {\n            \"and\": [\n              \"VQ04K\"\n            ]\n          }\n        ]\n      },\n      \"satisfy\": [\n        \"*\\\"z\",\n        {\n          \"or\": [\n            {\n              \"and\": []\n            },\n            {\n              \"mc\": \">=5\"\n            }\n          ]\n        }\n      ],\n      \"url\": \"http://4388bo7hs5lnoklspakx3oie4ihxtg3o7crvx6ink9d286-08jj32.azcmej//f/rXD/\",\n      \"isSelectable\": true,\n      \"&\": {\n        \"name\": \"2u7lW\",\n        \"ay\": 2025,\n        \"assign\": \"ZS.K.IJm%o\",\n        \"satisfy\": {\n          \"or\": [\n            {\n              \"or\": [\n                \"zD\",\n                {\n                  \"or\": [\n                    \"`\",\n                    {\n                      \"or\": [\n                        \"1?SwBK\\\"M(/\",\n                        \"J1dK9xx=/\",\n                        \"R[M\",\n                        \"6{<kp\"\n                      ]\n                    },\n                    {\n                      \"mc\": \">=126\"\n                    },\n                    \"0\",\n                    \")uWQQ[\"\n                  ]\n                },\n                \"Ce@\\\\{|IHg>\",\n                \",|(I\"\n              ]\n            },\n            {\n              \"mc\": \">=175\"\n            },\n            {\n              \"mc\": \"<=137\"\n            },\n            {\n              \"and\": [\n                {\n                  \"and\": [\n                    \"%Q\"\n                  ]\n                },\n                {\n                  \"and\": [\n                    {\n                      \"mc\": \"<=179\"\n                    },\n                    \"ffsa=hFx0\"\n                  ]\n                },\n                \",N\",\n                {\n                  \"mc\": \"<=123\"\n                },\n                \"%O%cG#0\"\n              ]\n            }\n          ]\n        },\n        \"url\": \"http://l1t.cgh3gn7p2dpne.gm7y8s9-tt3yzc8j827lwg80fwn9srvu17fbp2upd59dnxkskvde58pn.udzbvlb//_y)LyW4%F2%AD%B4%97f/%F4%8C%9C%A4Jc:X%F1%AF%B4%A2K/N\",\n        \"info\": \"Ue:}]4\",\n        \"isSelectable\": true,\n        \"k5E\": {\n          \"ay\": 2010,\n          \"assign\": \"N4m\",\n          \"match\": {\n            \"or\": [\n              {\n                \"or\": [\n                  {\n                    \"or\": [\n                      \"BS272M\",\n                      {\n                        \"or\": []\n                      },\n                      {\n                        \"or\": [\n                          {\n                            \"or\": [\n                              \"GY425H\",\n                              \"VNK94\",\n                              \"DWS8746O\",\n                              \"HHY119I\"\n                            ]\n                          },\n                          \"ZDX5Z\",\n                          {\n                            \"and\": [\n                              \"HD469K\"\n                            ]\n                          },\n                          \"TV3T\",\n                          {\n                            \"and\": [\n                              \"WY6T\",\n                              \"BVO4C\"\n                            ]\n                          }\n                        ]\n                      }\n                    ]\n                  },\n                  \"KLBx4Z\",\n                  {\n                    \"and\": [\n                      {\n                        \"and\": [\n                          \"LSZx8\",\n                          \"XO13*E\",\n                          {\n                            \"and\": [\n                              \"XGH1\",\n                              \"AW5T\",\n                              \"AW6\",\n                              \"TNL**F\"\n                            ]\n                          },\n                          \"NAM5\"\n                        ]\n                      }\n                    ]\n                  }\n                ]\n              },\n              \"VDU*8P\",\n              \"RA4*89Z\",\n              {\n                \"and\": []\n              }\n            ]\n          },\n          \"satisfy\": [\n            {\n              \"mc\": \"<=125\"\n            },\n            {\n              \"or\": [\n                \"kIKDS$*K1U\"\n              ]\n            }\n          ],\n          \"url\": \"http://z.zf35b7-oys68s6fcc8u4giddfas1s2srorjkeb5j52ua-u96x.ziu8ufn2n1vey8st4be-2seaduqirlief4-iez3h2ij15npdoiok8is43.x.zopcdby/2s*3Z6/$~/FP/~+yRFHK;*/&JTSi'-P%F2%85%88%99/*%F3%AF%A7%BC9%F0%B7%97%B5%F3%96%BC%A32Fn//G9U$oQ2/+7F\",\n          \"info\": \"w\",\n          \"isSelectable\": true\n        },\n        \"z8&Au7q\": {\n          \"ay\": 2011,\n          \"assign\": \"m7$)\",\n          \"match\": [\n            {\n              \"or\": []\n            },\n            {\n              \"or\": []\n            },\n            {\n              \"pattern\": \"RH05X\",\n              \"info\": \"eEbW$X\"\n            },\n            {\n              \"pattern\": \"OSW*99V\",\n              \"exclude\": [\n                \"SBJ70V\",\n                \"OOx*14\"\n              ],\n              \"info\": \"_|Z2S.\"\n            }\n          ],\n          \"url\": \"http://1t0n4v037q1fse7.lf5yd43.6u4y5kd2utbn2enu9pohhjx8dd4kq4alj9mqha7aq1.eget/f.Qjaeu/B&Hde9LqB$/b6%F1%97%A4%8C@+L@h_I/0:0h!wI-%F1%89%88%83K/;/n__;++n(u/w/0v7w+/K%F1%BB%9D%97~w7/-Pps\",\n          \"info\": \"JrJ0C@HR\",\n          \"isSelectable\": true,\n          \"O6xjO%O:\": {\n            \"name\": \"7WY6+`&z>\",\n            \"ay\": 1986,\n            \"assign\": \"\",\n            \"match\": [\n              {\n                \"pattern\": \"BV6x00\",\n                \"exclude\": \"COV451*M\",\n                \"info\": \"Gt 0{P\"\n              },\n              {\n                \"and\": []\n              },\n              \"JSX98\",\n              {\n                \"pattern\": \"UY*\",\n                \"exclude\": [\n                  \"JJ3136X\",\n                  \"VJ791K\",\n                  \"XSB70\"\n                ],\n                \"info\": \"oIztxxE[n?\"\n              },\n              {\n                \"and\": []\n              }\n            ],\n            \"satisfy\": [],\n            \"url\": \"http://njoi29dvjasxj62df1cuji1os9l2feb0e-n18n1rdqc6dm4gx0lqtet78x1o.otw1hevr-mrhgii1wvzam-sax6ga.txzxdmu0brtcsfgllag8nki79jra68gwmw-nxhx3ws-uj0c.1lk-w9fo8j3le1m-i51m5f-20oqxyvzte-a.rjiol//P2r/.@rK.:pgZ(/V+(/0*(%F3%9E%93%B4/B%F2%BE%A2%83h/HfK&;%F2%9A%82%A7o9v/S_)NQJQ72//u%F2%AD%9A%A7h-cD4\",\n            \"info\": \"B^ViE=u\",\n            \"isSelectable\": true\n          },\n          \"1vZ4\": {\n            \"name\": \"h3(f?\",\n            \"ay\": 1957,\n            \"match\": \"RJ768D\",\n            \"satisfy\": [\n              \"e!iW'=.s;M\",\n              {\n                \"and\": [\n                  {\n                    \"and\": [\n                      \"\",\n                      \"SaY4P\",\n                      \"5n'w7o4\",\n                      {\n                        \"and\": [\n                          \")y\"\n                        ]\n                      }\n                    ]\n                  },\n                  {\n                    \"or\": [\n                      {\n                        \"mc\": \"<=116\"\n                      },\n                      \"ehrYjX\\\\O\"\n                    ]\n                  },\n                  \"m\",\n                  \"M[<C\",\n                  {\n                    \"and\": [\n                      \"\",\n                      {\n                        \"and\": [\n                          {\n                            \"mc\": \"<=94\"\n                          }\n                        ]\n                      },\n                      \"_#!<\\\"I[!\",\n                      \"d9pmJ68V\"\n                    ]\n                  }\n                ]\n              }\n            ],\n            \"url\": \"https://jgb.cl347i1mioa7f205xq-mhxv.gb//%F3%99%9A%B4/vA~eM@k4Pu/Jt/R/\",\n            \"info\": \"+`4A:\",\n            \"isSelectable\": true,\n            \"wrLu4Y9hK8\": {\n              \"name\": \"m3e32P2\",\n              \"ay\": 2021,\n              \"satisfy\": {\n                \"and\": [\n                  {\n                    \"mc\": \"<=6\"\n                  }\n                ]\n              },\n              \"info\": \"PF\\\\'$z\",\n              \"isSelectable\": true\n            }\n          }\n        },\n        \"0=y (5{\": {\n          \"name\": \"V9I\\\"Z/hVnY\",\n          \"assign\": \"dd(^#N[M@\",\n          \"match\": [\n            {\n              \"pattern\": \"ZEx23\",\n              \"exclude\": \"AGCx316N\",\n              \"info\": \"N.m#~[\"\n            },\n            \"HWA991\",\n            {\n              \"pattern\": \"SA86U\",\n              \"exclude\": [],\n              \"info\": \"2^-IW 6$@\"\n            }\n          ],\n          \"satisfy\": {\n            \"and\": [\n              {\n                \"and\": [\n                  {\n                    \"or\": []\n                  },\n                  {\n                    \"and\": [\n                      {\n                        \"or\": []\n                      }\n                    ]\n                  },\n                  {\n                    \"or\": [\n                      {\n                        \"and\": [\n                          \"'mT} kGn\",\n                          \"\",\n                          \"4tpYP?\",\n                          \"H$l8\",\n                          \";\"\n                        ]\n                      },\n                      \".Bc\",\n                      \"n+9W<yZ(?\",\n                      \"m\"\n                    ]\n                  },\n                  {\n                    \"mc\": \">=152\"\n                  }\n                ]\n              },\n              {\n                \"and\": [\n                  \"iv@[$\",\n                  \"_i,)k\",\n                  {\n                    \"or\": [\n                      \"O\",\n                      \"Qi11X$\",\n                      \"A,81?p8`\",\n                      \"9\"\n                    ]\n                  },\n                  {\n                    \"and\": [\n                      \"\\\"\"\n                    ]\n                  },\n                  {\n                    \"mc\": \">=155\"\n                  }\n                ]\n              }\n            ]\n          },\n          \"url\": \"https://p.gfnhj4y5xd2alwdun4jrj5gn7l-5.oxeybg0rj7w7biw93ge364xfgi7svr9bpgb9af.1s6ikn.ljz/14;qb%F3%BB%AA%83_1/O%F1%A6%8A%83;RDZe*UO/p3%F3%88%81%AC/h9$a%F1%B5%A7%AFPL*Y/OO3Zj!W/g%F1%B6%AA%9CVt+%F3%91%BC%96%F3%9B%88%A9/W%F0%99%89%8A%F2%93%81%BDDgY0X/jOOpkW)/)BMtJ%F1%8B%B0%9A\",\n          \"info\": \")\",\n          \"isSelectable\": true\n        }\n      },\n      \"VW\\\"XuWF\": {\n        \"name\": \".k\",\n        \"ay\": 1961,\n        \"assign\": [],\n        \"match\": {\n          \"or\": [\n            \"UQK92x6\"\n          ]\n        },\n        \"satisfy\": [],\n        \"url\": \"https://p4grlubl540s5qhsuvpfrgpekfpgui7p7bpegb0xo.i1b0igmupv33soipdlbo2tq.n.gkhtjeolg/\",\n        \"DJ G%5R\": {\n          \"name\": \"20aE\",\n          \"ay\": 1952,\n          \"assign\": [\n            \"Y\",\n            \"E3md(6Z|}\",\n            \" ghXv??7)&\"\n          ],\n          \"match\": {\n            \"or\": [\n              {\n                \"pattern\": \"GRS8619C\",\n                \"info\": \"B7\"\n              },\n              {\n                \"or\": [\n                  \"XW776\",\n                  {\n                    \"and\": [\n                      \"VZKxX\",\n                      \"TNE6C\",\n                      {\n                        \"pattern\": \"XZS**39D\",\n                        \"exclude\": [\n                          \"GP35\",\n                          \"OFT438*\"\n                        ],\n                        \"info\": \"G\"\n                      }\n                    ]\n                  }\n                ]\n              },\n              \"CAQx34Z\",\n              \"XN80*F\",\n              {\n                \"pattern\": \"WRV88\",\n                \"exclude\": \"QFX520N\"\n              }\n            ]\n          },\n          \"url\": \"https://l.kex2rde4gk1jwy07fkp2dowq--071lz8hm.pdoidzacjg/%F4%80%84%81F/S':7/x.6\",\n          \"info\": \"<lf0V/6Q\"\n        },\n        \"\": {\n          \"name\": \"q31%KB\\\"X\",\n          \"ay\": 1977,\n          \"assign\": [\n            \"c}y.AO\"\n          ],\n          \"match\": [\n            {\n              \"and\": [\n                {\n                  \"pattern\": \"BA4\",\n                  \"info\": \"Lp{Dq9vdR\\\\\"\n                }\n              ]\n            },\n            \"NB7S\"\n          ],\n          \"satisfy\": [\n            \"z+}[:oU`\",\n            {\n              \"or\": [\n                \"qKu8=\\\\}^\",\n                {\n                  \"mc\": \"<=50\"\n                },\n                {\n                  \"mc\": \">=122\"\n                },\n                {\n                  \"mc\": \"<=196\"\n                },\n                {\n                  \"mc\": \"<=61\"\n                }\n              ]\n            },\n            {\n              \"and\": []\n            },\n            {\n              \"mc\": \"<=123\"\n            },\n            {\n              \"or\": [\n                {\n                  \"and\": []\n                },\n                {\n                  \"and\": [\n                    {\n                      \"or\": [\n                        \")ki\",\n                        \"YjYE']\"\n                      ]\n                    },\n                    \"\"\n                  ]\n                }\n              ]\n            }\n          ],\n          \"url\": \"https://czdshmu-sl5w23mav6rlwubf29k-hvdauzqg3.thclurq9khcb2c6kk4yjx3-ewhxwj8xytzk6iagc5dfx445q6lrlnbcv62ng7.7zga9xt7ythep0aji-py1nh4ryvlkn19jzvbxp1whf0.0pq3e5l0kv3qjzzi4na5z.u.jxkxvcb/=5/arQI%F0%A2%AB%88/6%F3%8C%9C%8CDVSF%F2%A8%A9%83B/$_DE/c%F2%AB%AC%B1Os0t+~\",\n          \"isSelectable\": true\n        },\n        \"k5a/=zKGx\": {\n          \"name\": \"MV8pIZnI\",\n          \"ay\": 1978,\n          \"assign\": [\n            \"<2!*aC0@Y/\"\n          ],\n          \"match\": \"BSN99\",\n          \"satisfy\": [\n            {\n              \"or\": [\n                {\n                  \"and\": [\n                    \"6}cJ=pF\",\n                    {\n                      \"mc\": \">=68\"\n                    },\n                    \"3WrD%y!eQ\",\n                    \"$;MTz8-|\",\n                    {\n                      \"and\": [\n                        \"&AfL+V]\",\n                        \"nXH:z\"\n                      ]\n                    }\n                  ]\n                },\n                {\n                  \"mc\": \"<=41\"\n                },\n                \"D\",\n                {\n                  \"or\": []\n                },\n                {\n                  \"and\": [\n                    \"f3\",\n                    {\n                      \"and\": [\n                        \"K38,Zq0\",\n                        \"atzwY\",\n                        \":mr\",\n                        \":P(~=lG\",\n                        \"h5:\"\n                      ]\n                    },\n                    \"\\\"HK\",\n                    \"!;A`y:2D@\",\n                    {\n                      \"or\": [\n                        \"?z\",\n                        {\n                          \"mc\": \">=9\"\n                        },\n                        {\n                          \"or\": [\n                            \"uEcgqHl#%\",\n                            \"aA;R\\\"hM_N!\",\n                            {\n                              \"and\": []\n                            },\n                            \"/357)/\"\n                          ]\n                        },\n                        {\n                          \"or\": [\n                            \"FdvFu\"\n                          ]\n                        }\n                      ]\n                    }\n                  ]\n                }\n              ]\n            },\n            \"twxH+6)'\",\n            {\n              \"mc\": \">=24\"\n            }\n          ],\n          \"url\": \"http://pny6yk6dsf8a7j2r8funjs85b3zodsahlyas7.q.ruhodmil/%F1%BE%88%BBMV8-3k/4/9I0CKFS/bP&%EB%A7%9ETF/E/JMWxMy8/'W(fr/8'p%EA%A9%A5H/6L%F0%BA%A5%8Ckr%F1%AB%86%B8v34/%F2%88%AB%AA%F0%9D%8A%A1lf-!FI\",\n          \"info\": \"x1Fy\",\n          \"isSelectable\": true,\n          \"qS\": {\n            \"ay\": 1985,\n            \"assign\": \"y^#\",\n            \"match\": {\n              \"and\": [\n                {\n                  \"or\": [\n                    {\n                      \"or\": [\n                        \"JD684\",\n                        {\n                          \"and\": [\n                            \"FUJ06*D\",\n                            {\n                              \"pattern\": \"AF82V\",\n                              \"exclude\": [\n                                \"VTxU\",\n                                \"MI856B\",\n                                \"BR77\",\n                                \"XA844\",\n                                \"EF9*M\"\n                              ],\n                              \"info\": \"\"\n                            }\n                          ]\n                        }\n                      ]\n                    },\n                    {\n                      \"and\": [\n                        {\n                          \"or\": [\n                            \"IKB541L\",\n                            \"IX33\",\n                            \"ZSC673x\",\n                            \"SGJ01H\"\n                          ]\n                        },\n                        \"XQY10\",\n                        \"FD58*7\",\n                        \"YLW90**S\",\n                        \"NCW44\"\n                      ]\n                    },\n                    {\n                      \"pattern\": \"BC49\",\n                      \"exclude\": \"DB623\",\n                      \"info\": \":UM[*Inp\"\n                    }\n                  ]\n                },\n                \"ZLB094Z\",\n                {\n                  \"or\": [\n                    \"LRA8\",\n                    \"IWP77I\"\n                  ]\n                }\n              ]\n            },\n            \"url\": \"https://q9xu4rr-k59usko0t06pkmrqk7cxf543hvne38kblegep2qyq04rrd-inhz-u6.3ul7kgztdtubxh4iio99nb2aqn9q.f6o3dv6bpyzxbn7z0rwwkq3-vrwevkpmo-wkzqzr0c3wauotmwjsowsz7y6r.w.wk\",\n            \"info\": \"dqZR)I%FV5\",\n            \"isSelectable\": true,\n            \"\": {\n              \"ay\": 1971,\n              \"assign\": \"}2>]^\\\\Z\",\n              \"match\": [\n                {\n                  \"and\": []\n                },\n                {\n                  \"or\": [\n                    \"IK43*O\"\n                  ]\n                }\n              ],\n              \"satisfy\": {\n                \"mc\": \">=30\"\n              },\n              \"url\": \"https://p5ea51mx4jp0d.x.6tqebntv5dctg9rohlxfxsab30dwy7w21cx62b9xaw3b.9d4mqmxdepqfhc0vq0w9dh7zzyf5hl.r.ss/1%F1%86%BE%98&xz/FAxs/&zABF/%F0%B7%96%BFT2.aH%F2%90%A3%9BQx%F2%97%88%B3/dJ:%F2%A5%A8%8E/r_K%F2%99%B7%BBeq!//'O@NvP$//h\",\n              \"info\": \"\"\n            },\n            \"@+T;^nCG7\": {\n              \"name\": \"JPM0T@'D\",\n              \"ay\": 2016,\n              \"assign\": [],\n              \"url\": \"https://03v8zqvx719c.ypkkhf0odd6mgsfo2hzbksmyswh87asl6wr0d0u8w5.u73-4cscyc-vtfbut-5ji6kry5ag2lm5i0p37u0zfqqdyi2pjcvf.98p3nppzpjtj5ism-w0-4o2dskxgonn9fekg3j.qsd.wzgejgyso\",\n              \"info\": \"b\",\n              \"isSelectable\": true\n            }\n          },\n          \"<SRclk.]\": {\n            \"ay\": 1970,\n            \"assign\": [\n              \"O\",\n              \"z|7v|UynEI\"\n            ],\n            \"match\": {\n              \"or\": [\n                {\n                  \"pattern\": \"YIK4L\",\n                  \"exclude\": \"WC22\",\n                  \"info\": \"[? ]J\"\n                },\n                \"FG2xQ\",\n                {\n                  \"and\": [\n                    {\n                      \"and\": [\n                        {\n                          \"pattern\": \"STG6*T\",\n                          \"info\": \"\"\n                        },\n                        \"RDx\"\n                      ]\n                    },\n                    {\n                      \"pattern\": \"OP5\",\n                      \"exclude\": \"HJD89\",\n                      \"info\": \"vJ\"\n                    },\n                    {\n                      \"pattern\": \"EHH7020\",\n                      \"exclude\": [\n                        \"WT4\",\n                        \"NT44\",\n                        \"TC70\",\n                        \"MR308xJ\"\n                      ],\n                      \"info\": \"\"\n                    },\n                    {\n                      \"or\": [\n                        {\n                          \"and\": [\n                            {\n                              \"and\": [\n                                \"IA871G\",\n                                \"LNHx\",\n                                \"FHP6xT\",\n                                \"TAQ3\",\n                                \"KJY75W\"\n                              ]\n                            },\n                            \"LQC59\",\n                            \"EKP9191S\",\n                            \"SA068K\"\n                          ]\n                        },\n                        {\n                          \"and\": [\n                            \"ZBTx*3M\",\n                            \"PN2D\"\n                          ]\n                        }\n                      ]\n                    }\n                  ]\n                },\n                {\n                  \"pattern\": \"AGE0\",\n                  \"exclude\": \"GR*3*\",\n                  \"info\": \"-*c6@d$_\"\n                },\n                {\n                  \"and\": [\n                    {\n                      \"pattern\": \"DT7*14N\",\n                      \"exclude\": [\n                        \"YNA864\",\n                        \"JUX7071J\",\n                        \"ZE8354\",\n                        \"TXK*812\",\n                        \"FZ25\"\n                      ],\n                      \"info\": \"\"\n                    },\n                    {\n                      \"and\": [\n                        \"QJ8G\",\n                        {\n                          \"and\": [\n                            \"UV0L\",\n                            \"CO2745C\",\n                            {\n                              \"or\": [\n                                \"TE6\",\n                                \"BMN430x\"\n                              ]\n                            },\n                            \"TH*I\"\n                          ]\n                        },\n                        {\n                          \"pattern\": \"LI7341\",\n                          \"exclude\": [],\n                          \"info\": \"+\"\n                        },\n                        \"NGEx47\",\n                        {\n                          \"pattern\": \"GS3\",\n                          \"exclude\": \"SP*59\",\n                          \"info\": \"w5`2+wJ(0\"\n                        }\n                      ]\n                    },\n                    {\n                      \"or\": [\n                        {\n                          \"and\": []\n                        },\n                        \"HVZ9*98B\"\n                      ]\n                    }\n                  ]\n                }\n              ]\n            },\n            \"satisfy\": [\n              {\n                \"or\": [\n                  {\n                    \"or\": [\n                      {\n                        \"mc\": \"<=168\"\n                      },\n                      {\n                        \"mc\": \">=198\"\n                      },\n                      \"6qA\",\n                      {\n                        \"mc\": \">=59\"\n                      },\n                      {\n                        \"or\": []\n                      }\n                    ]\n                  },\n                  {\n                    \"or\": []\n                  },\n                  {\n                    \"and\": []\n                  }\n                ]\n              }\n            ],\n            \"url\": \"http://ttaxlh7-j4hx4p5eh0lswgmjqav6y6g5i79e4h9anm8lg5vi8kshhk4xg.lm.ocafi5nipp02fbje.osu/!rw\",\n            \"isSelectable\": true\n          },\n          \"v(\": {\n            \"name\": \"XFWxg/H(y\",\n            \"ay\": 1952,\n            \"match\": {\n              \"or\": [\n                \"CVSx09N\"\n              ]\n            },\n            \"url\": \"http://4.wzdyujyn/Pyjk/wLT%F2%98%B5%96JL%F0%99%B9%8Co/C.LT=S/(zL/'AFQV+%E3%BF%853%F4%8A%BC%9F+/.YpkZ7OOd/(YSI)!Gd)m/%F1%BA%87%98%F2%8C%BE%BB06(/7oh/%F2%B1%A9%A3\"\n          },\n          \"LJ+hOv\": {\n            \"name\": \"ZG\",\n            \"assign\": [\n              \"%.vmo\"\n            ],\n            \"satisfy\": {\n              \"or\": [\n                {\n                  \"and\": [\n                    \"~I;74~\",\n                    {\n                      \"or\": [\n                        \"bt8gfP}Yj\",\n                        {\n                          \"or\": [\n                            {\n                              \"and\": []\n                            },\n                            \"\\\"\\\"ZX`\"\n                          ]\n                        }\n                      ]\n                    },\n                    \"((!nk8=\"\n                  ]\n                },\n                {\n                  \"and\": [\n                    {\n                      \"mc\": \"<=164\"\n                    },\n                    {\n                      \"and\": [\n                        {\n                          \"mc\": \">=132\"\n                        },\n                        \"W9Hdf\",\n                        {\n                          \"or\": [\n                            \"iJHyqYiR@\",\n                            \":b,W\"\n                          ]\n                        },\n                        {\n                          \"or\": [\n                            {\n                              \"and\": [\n                                \"RwrkW\",\n                                \"GArXttSlXD\",\n                                \" ]\\\\QH^]0D \"\n                              ]\n                            }\n                          ]\n                        },\n                        {\n                          \"mc\": \">=19\"\n                        }\n                      ]\n                    }\n                  ]\n                }\n              ]\n            },\n            \"info\": \"\\\"t\",\n            \"isSelectable\": true,\n            \"D?+\": {\n              \"ay\": 1990,\n              \"match\": [\n                \"VMI95\",\n                {\n                  \"or\": [\n                    {\n                      \"pattern\": \"SV0\",\n                      \"exclude\": \"KE4*S\"\n                    },\n                    {\n                      \"pattern\": \"MTY2378\",\n                      \"exclude\": [\n                        \"IOU9208P\",\n                        \"XSx1x\",\n                        \"AGN5\",\n                        \"RUK8T\",\n                        \"BJKx45\"\n                      ],\n                      \"info\": \">>t)p\"\n                    },\n                    {\n                      \"or\": [\n                        \"MKX2xQ\",\n                        \"JX2\",\n                        {\n                          \"or\": [\n                            {\n                              \"or\": []\n                            },\n                            {\n                              \"pattern\": \"MA207\",\n                              \"info\": \")E=Qm\"\n                            }\n                          ]\n                        },\n                        {\n                          \"and\": [\n                            {\n                              \"and\": [\n                                {\n                                  \"and\": [\n                                    \"GCU1\",\n                                    {\n                                      \"or\": [\n                                        \"DN2\",\n                                        \"TY954\",\n                                        \"QT989H\"\n                                      ]\n                                    },\n                                    \"KB15*\"\n                                  ]\n                                }\n                              ]\n                            },\n                            \"YB404V\",\n                            \"DWU8\",\n                            {\n                              \"or\": []\n                            }\n                          ]\n                        },\n                        \"OHW6xG\"\n                      ]\n                    },\n                    \"AMV403\"\n                  ]\n                }\n              ],\n              \"satisfy\": [\n                {\n                  \"and\": [\n                    \"trz/z2\"\n                  ]\n                },\n                {\n                  \"and\": [\n                    \".=ft\",\n                    {\n                      \"or\": [\n                        {\n                          \"mc\": \">=120\"\n                        },\n                        \"v\",\n                        \"^+\",\n                        \"+LZ;\"\n                      ]\n                    },\n                    {\n                      \"mc\": \"<=95\"\n                    },\n                    {\n                      \"or\": [\n                        {\n                          \"mc\": \">=109\"\n                        },\n                        \"jZ,.({\",\n                        \"\",\n                        {\n                          \"and\": []\n                        }\n                      ]\n                    }\n                  ]\n                },\n                {\n                  \"or\": []\n                },\n                {\n                  \"and\": [\n                    {\n                      \"mc\": \">=46\"\n                    },\n                    {\n                      \"or\": [\n                        \"Uy/\"\n                      ]\n                    }\n                  ]\n                },\n                {\n                  \"or\": [\n                    {\n                      \"and\": [\n                        \"Dfj\",\n                        \"A\",\n                        {\n                          \"or\": [\n                            \"&`N^s#A\\\"e\",\n                            \"u\",\n                            \"+zzj\\\\y1c\"\n                          ]\n                        },\n                        \"y;e1X5n\",\n                        {\n                          \"or\": [\n                            \"3,~rc@Ul\",\n                            \"@'2{K^\\\\:e\",\n                            {\n                              \"mc\": \">=8\"\n                            },\n                            {\n                              \"and\": [\n                                \"0(Q=+D\",\n                                \"PO2$)f\",\n                                {\n                                  \"or\": [\n                                    \",zQ^w3\",\n                                    \"*t5S)B/>\"\n                                  ]\n                                },\n                                \"\\\"Vp^oF\",\n                                \"9\"\n                              ]\n                            },\n                            \"40MGic!x\"\n                          ]\n                        }\n                      ]\n                    },\n                    {\n                      \"mc\": \">=109\"\n                    },\n                    {\n                      \"and\": [\n                        {\n                          \"or\": [\n                            \"\"\n                          ]\n                        },\n                        {\n                          \"or\": [\n                            \"*Z0<E;!C})\",\n                            {\n                              \"mc\": \"<=26\"\n                            },\n                            \"l\"\n                          ]\n                        },\n                        {\n                          \"mc\": \">=174\"\n                        },\n                        {\n                          \"mc\": \">=102\"\n                        }\n                      ]\n                    }\n                  ]\n                }\n              ],\n              \"url\": \"http://ayk5ag78aqibkxl9bna118w2ml1vhna42132sfrz-d1s9t8a2d053vqf.rkhemq-c56nica2szb95ql4fhrfl83eetqy.t-sfrmyi85wtyscgmc7iy5grg.m.m09j1h-rlrr1k67v9oe21x68m1koj4jurd5dgt0czsua7.weujh/j:gO/k@@Q',16H./HK9%F1%91%A1%89/%F1%83%A7%BCm2HGP\",\n              \"info\": \"\"\n            },\n            \"\\\\s<\": {\n              \"name\": \"\",\n              \"ay\": 1995,\n              \"assign\": [],\n              \"match\": \"VA002S\",\n              \"satisfy\": [\n                \"OIcs\",\n                {\n                  \"or\": [\n                    {\n                      \"mc\": \"<=135\"\n                    },\n                    {\n                      \"mc\": \"<=19\"\n                    },\n                    {\n                      \"mc\": \"<=13\"\n                    },\n                    {\n                      \"mc\": \"<=153\"\n                    }\n                  ]\n                },\n                \"<=u}+'\",\n                {\n                  \"and\": []\n                },\n                \"e\"\n              ],\n              \"url\": \"https://ct8-mait103-v5-puk-i8fz7v1whocfcl6poxgnc5epihy80rv6ah568.koii/IH4nds:h/QWMc/EmS'/xZi\",\n              \"info\": \"qgo\",\n              \"isSelectable\": true\n            },\n            \"\": {\n              \"name\": \"?qM|#AG3\",\n              \"ay\": 1973,\n              \"assign\": [\n                \"v/@)w7\",\n                \"w9\"\n              ],\n              \"satisfy\": [\n                {\n                  \"mc\": \"<=41\"\n                },\n                {\n                  \"and\": [\n                    \".9-\",\n                    {\n                      \"mc\": \">=178\"\n                    },\n                    {\n                      \"mc\": \">=183\"\n                    },\n                    {\n                      \"or\": [\n                        \"b\",\n                        \"fu\",\n                        \"\\\"o(z\"\n                      ]\n                    }\n                  ]\n                },\n                {\n                  \"mc\": \">=94\"\n                },\n                {\n                  \"mc\": \">=153\"\n                },\n                \"{yJpM{l<:\"\n              ],\n              \"url\": \"http://1.zth/b0+zd/OK/!UzokSLC&2\",\n              \"info\": \"d+Z/\",\n              \"isSelectable\": true\n            },\n            \",WYWq6~!!\": {\n              \"name\": \"v3\",\n              \"ay\": 1982,\n              \"assign\": [\n                \")\"\n              ],\n              \"match\": \"CI7U\",\n              \"satisfy\": [\n                {\n                  \"or\": [\n                    {\n                      \"and\": [\n                        \"^\"\n                      ]\n                    },\n                    \"g.T7M SVS\",\n                    {\n                      \"mc\": \">=112\"\n                    }\n                  ]\n                },\n                {\n                  \"or\": [\n                    {\n                      \"and\": [\n                        \"|wb\",\n                        {\n                          \"mc\": \">=157\"\n                        },\n                        {\n                          \"and\": [\n                            {\n                              \"mc\": \"<=139\"\n                            },\n                            \"ct-Z\"\n                          ]\n                        },\n                        \"z`k-i\",\n                        {\n                          \"and\": []\n                        }\n                      ]\n                    }\n                  ]\n                },\n                {\n                  \"and\": [\n                    \"B-vPugb\",\n                    {\n                      \"and\": [\n                        \"kt p60\",\n                        {\n                          \"or\": [\n                            \"Q$rTWo:U\"\n                          ]\n                        },\n                        {\n                          \"or\": [\n                            \"D\",\n                            \"ldsj;9qT\",\n                            {\n                              \"or\": []\n                            },\n                            {\n                              \"and\": [\n                                {\n                                  \"and\": []\n                                },\n                                \"zc\",\n                                \"U#!JmtC\",\n                                \"4x\"\n                              ]\n                            },\n                            \"]?p=K2<xe\"\n                          ]\n                        },\n                        {\n                          \"or\": [\n                            \"9bdEQD5&=\"\n                          ]\n                        },\n                        {\n                          \"mc\": \">=196\"\n                        }\n                      ]\n                    },\n                    \"OwZ'\",\n                    \"DpC}!Lp#n(\",\n                    {\n                      \"or\": [\n                        \"7\\\"W\",\n                        \"21xQi{m-ln\",\n                        \"SB$&:v(\",\n                        {\n                          \"mc\": \"<=117\"\n                        }\n                      ]\n                    }\n                  ]\n                },\n                \"&:H*\",\n                {\n                  \"mc\": \">=90\"\n                }\n              ],\n              \"info\": \"sV;}#1>c\",\n              \"isSelectable\": true\n            },\n            \"U:5L|H+c \": {\n              \"ay\": 2003,\n              \"assign\": \"L%;\",\n              \"match\": \"UUxF\",\n              \"satisfy\": [],\n              \"info\": \"Vq?~C\"\n            }\n          }\n        },\n        \"J1S\": {\n          \"ay\": 1963,\n          \"assign\": \"LID\",\n          \"match\": [],\n          \"url\": \"http://4.ba3li6mjohe3dvss7qw.tbkuxq/TL0k6smED/4.%F1%8F%B1%9BBk/%F3%96%BB%A1P!%F1%A9%A9%A2Q/R-/&/8EmXV/%F4%86%93%A0ryHID(~/%F3%9C%B1%9Ahm7b,of/iXu2%F2%BA%9D%B9Q%F2%83%B3%9ETB,\",\n          \"info\": \"H==fjWc\",\n          \"isSelectable\": true\n        }\n      }\n    }\n  },\n  {\n    \"title\": \"block sample 1\",\n    \"value\": {\n      \"name\": \"U4!*yHA_\",\n      \"ay\": 1961,\n      \"assign\": [\n        \"<+=8GRy\",\n        \"Qz1I-DJJVC\",\n        \"2|\",\n        \"%1U\"\n      ],\n      \"match\": [],\n      \"satisfy\": {\n        \"mc\": \"<=5\"\n      },\n      \"url\": \"http://do53a3as02d6xgqpis9kcr0dgeiqmfgi7z79zz85tv16gc.5.clda/=$Nj\",\n      \"info\": \"\",\n      \"isSelectable\": true\n    }\n  },\n  {\n    \"title\": \"block sample 2\",\n    \"value\": {\n      \"ay\": 1955,\n      \"assign\": \"tGx\",\n      \"match\": \"GK8A\",\n      \"url\": \"https://9diic757sncvffff751f7raeat.8fgdfcj.waxc/xh3*gQP/5/Q@Sm1%F1%9E%A7%97%F3%BA%9B%80/WbMDk/\",\n      \"info\": \"|uQ\",\n      \"isSelectable\": true\n    }\n  },\n  {\n    \"title\": \"block sample 3\",\n    \"value\": {\n      \"ay\": 2024,\n      \"assign\": \"\",\n      \"match\": [\n        {\n          \"pattern\": \"JMZ415\"\n        },\n        {\n          \"or\": [\n            {\n              \"or\": [\n                \"OCQ7x86Y\",\n                {\n                  \"pattern\": \"XHG412C\",\n                  \"exclude\": [\n                    \"TS347\",\n                    \"GO5U\"\n                  ],\n                  \"info\": \"#2 /<p\"\n                }\n              ]\n            },\n            \"ZM13N\",\n            {\n              \"and\": [\n                \"YDX4\",\n                \"IT68x8W\",\n                {\n                  \"and\": [\n                    \"GQ4xE\",\n                    \"CGR2\",\n                    \"WM6582V\",\n                    {\n                      \"and\": [\n                        \"YUW2193N\",\n                        \"GA*9Q\",\n                        \"HDB0\",\n                        {\n                          \"and\": [\n                            \"CO0\",\n                            \"RX38\",\n                            \"AOSx968\",\n                            \"ME3528\"\n                          ]\n                        }\n                      ]\n                    },\n                    \"CF6\"\n                  ]\n                },\n                {\n                  \"pattern\": \"EBS17\",\n                  \"exclude\": \"EAEx5\",\n                  \"info\": \"oh{]z8+\"\n                }\n              ]\n            },\n            \"CGJ*5S\",\n            {\n              \"pattern\": \"ZTW7017C\",\n              \"exclude\": \"IK6I\"\n            }\n          ]\n        },\n        {\n          \"or\": []\n        },\n        {\n          \"and\": [\n            \"KHx4\",\n            {\n              \"and\": [\n                \"TIQ0V\"\n              ]\n            },\n            {\n              \"pattern\": \"ATD440\",\n              \"exclude\": \"EU280\",\n              \"info\": \"0lhT1ke\"\n            },\n            {\n              \"or\": [\n                {\n                  \"pattern\": \"ATT8*97A\",\n                  \"exclude\": \"YIB2x2\"\n                },\n                {\n                  \"or\": [\n                    \"MU2\"\n                  ]\n                }\n              ]\n            }\n          ]\n        }\n      ],\n      \"satisfy\": [],\n      \"url\": \"http://6oc0qmz4ya7upmxg8wqghsf1jcaxk5d--cs.32gm8-8k.8vtfkkug5.lzo722b0ssmi3lsfkv2lt-g3.0y8aamf2f955wbq-03pumcz.brz/@X'C%F4%84%98%8A06S//-3oV'0+/3N!*6Dv%F2%A4%90%AC7E/ayk%F3%AB%9D%96%F1%94%8E%B6r8\",\n      \"info\": \"{C\",\n      \"isSelectable\": true\n    }\n  },\n  {\n    \"title\": \"block sample 4\",\n    \"value\": {\n      \"name\": \"LD&$So\",\n      \"ay\": 2004,\n      \"assign\": [],\n      \"match\": [\n        \"ATH3*7\",\n        \"HZ1\",\n        {\n          \"pattern\": \"NH8980S\",\n          \"exclude\": \"WX50\",\n          \"info\": \"a'k!9H\"\n        }\n      ],\n      \"satisfy\": {\n        \"mc\": \">=111\"\n      },\n      \"url\": \"https://qkzp4gcqmbp3rcb2kd4binfc42j1qtekwnp4jb6w1qx2zro0dflc1.zqfef/;%F1%8A%9F%9BMqDC/8242/*fb!lld/8YN/.H$g-o%F4%85%AF%97g(/M/\",\n      \"info\": \"jb[?W:&p\",\n      \"isSelectable\": true\n    }\n  },\n  {\n    \"title\": \"block sample 5\",\n    \"value\": {\n      \"ay\": 1972,\n      \"assign\": [\n        \"Nf \",\n        \"9~U~MI{\"\n      ],\n      \"match\": {\n        \"pattern\": \"OIQ07X\",\n        \"exclude\": [\n          \"THL566\",\n          \"RX1O\",\n          \"BY1U\",\n          \"LH85M\"\n        ],\n        \"info\": \"~A3 1fxq\"\n      },\n      \"satisfy\": [\n        {\n          \"and\": [\n            {\n              \"and\": [\n                \"l_SF;qY_\",\n                {\n                  \"and\": [\n                    {\n                      \"and\": [\n                        \"u)+48`F~\",\n                        {\n                          \"and\": [\n                            \"X\",\n                            \"3j_i\",\n                            {\n                              \"mc\": \"<=76\"\n                            }\n                          ]\n                        },\n                        \"pI>9QPa|Z\",\n                        {\n                          \"and\": [\n                            \"6.cL5\",\n                            \"<\",\n                            \".\",\n                            \"w.O~a\"\n                          ]\n                        }\n                      ]\n                    },\n                    \"\",\n                    \"/VDy[Pr%7Y\",\n                    \"2$1v^x,2\",\n                    {\n                      \"and\": [\n                        \",{VBL\",\n                        \"m)\",\n                        \"'((siYd\",\n                        \">4-lBl7,c\",\n                        \"~4bYzg\"\n                      ]\n                    }\n                  ]\n                },\n                {\n                  \"and\": [\n                    {\n                      \"or\": [\n                        \" h(md,Rp%T\",\n                        \"P#oDfO\",\n                        \"^D\"\n                      ]\n                    },\n                    \"'x.,;\",\n                    \")[sx\"\n                  ]\n                },\n                \"o!2hy%Ww8\"\n              ]\n            },\n            {\n              \"and\": []\n            },\n            {\n              \"or\": [\n                {\n                  \"and\": [\n                    \"+\\\"ncmPl]\",\n                    \" O_2Cc\",\n                    \"Lf\",\n                    \"`%O\"\n                  ]\n                },\n                \"c\"\n              ]\n            }\n          ]\n        },\n        {\n          \"or\": [\n            {\n              \"mc\": \"<=57\"\n            },\n            {\n              \"and\": [\n                {\n                  \"and\": []\n                },\n                \"!ll\",\n                {\n                  \"or\": [\n                    {\n                      \"or\": [\n                        \"<vB5G1By\"\n                      ]\n                    }\n                  ]\n                },\n                {\n                  \"mc\": \"<=26\"\n                },\n                {\n                  \"mc\": \">=138\"\n                }\n              ]\n            },\n            {\n              \"mc\": \">=90\"\n            },\n            {\n              \"and\": [\n                \"zGhNFz9B\"\n              ]\n            },\n            {\n              \"mc\": \">=166\"\n            }\n          ]\n        }\n      ],\n      \"url\": \"http://jceaq5r6ad7.fay26ce.akbj1jvufirljd9joe8g4er9z9jnnfhdq2qizc.x5b98ct4hj57yoj-01muv7.7.yh\",\n      \"info\": \"I>yL\",\n      \"isSelectable\": true,\n      \"=#)&Gz9 ^y\": {\n        \"ay\": 1961,\n        \"assign\": \"\",\n        \"match\": {\n          \"or\": []\n        },\n        \"satisfy\": [\n          {\n            \"and\": [\n              \"U3h~s\\\\@T\",\n              \"(k2{\"\n            ]\n          },\n          {\n            \"or\": [\n              {\n                \"or\": []\n              },\n              {\n                \"mc\": \"<=2\"\n              },\n              {\n                \"or\": []\n              },\n              {\n                \"mc\": \">=156\"\n              },\n              {\n                \"mc\": \"<=64\"\n              }\n            ]\n          },\n          {\n            \"or\": [\n              {\n                \"and\": [\n                  {\n                    \"mc\": \">=68\"\n                  },\n                  \"V>k\\\\m=PpR\",\n                  {\n                    \"or\": [\n                      \"4ecA\",\n                      {\n                        \"and\": [\n                          {\n                            \"and\": [\n                              {\n                                \"and\": [\n                                  {\n                                    \"or\": [\n                                      \"9\",\n                                      \"]//XV@Ji}\",\n                                      \"\",\n                                      \"^y~*\"\n                                    ]\n                                  },\n                                  \"\",\n                                  \"ziE<\\\"JFQG\"\n                                ]\n                              },\n                              \"RHsXV)2#j\"\n                            ]\n                          },\n                          {\n                            \"mc\": \">=118\"\n                          },\n                          \"uxXX\",\n                          \"Z\"\n                        ]\n                      }\n                    ]\n                  }\n                ]\n              },\n              {\n                \"and\": [\n                  {\n                    \"or\": [\n                      {\n                        \"or\": [\n                          \" l/o<@\",\n                          {\n                            \"mc\": \">=33\"\n                          },\n                          {\n                            \"and\": [\n                              {\n                                \"mc\": \">=97\"\n                              },\n                              \"2Hcqj\",\n                              \"j3b\\\"<w+bQ\",\n                              {\n                                \"mc\": \"<=153\"\n                              }\n                            ]\n                          },\n                          \"4:_.+Ru*\"\n                        ]\n                      }\n                    ]\n                  }\n                ]\n              }\n            ]\n          },\n          {\n            \"or\": [\n              {\n                \"mc\": \">=106\"\n              },\n              {\n                \"and\": [\n                  {\n                    \"or\": [\n                      \"cu6V#\",\n                      \"!:E\",\n                      \"u)f>C3\\\"\",\n                      \"@Ust/\",\n                      {\n                        \"or\": [\n                          \"eqX#A\",\n                          \"|pU\\\"\",\n                          \"+}O\",\n                          {\n                            \"mc\": \"<=161\"\n                          },\n                          \"0~PQlH2\"\n                        ]\n                      }\n                    ]\n                  },\n                  {\n                    \"or\": [\n                      {\n                        \"and\": [\n                          \";R!;jI4$r\",\n                          \"JJA/hx,\",\n                          {\n                            \"and\": [\n                              \"_gP u\",\n                              \" P/tr\",\n                              \"t^q`Nqf+u\",\n                              \"Q.&.YQz\"\n                            ]\n                          }\n                        ]\n                      },\n                      {\n                        \"mc\": \">=182\"\n                      },\n                      \">i. Rn\"\n                    ]\n                  },\n                  \"<%v`x|' &\",\n                  {\n                    \"or\": [\n                      \"To}zz\",\n                      {\n                        \"or\": [\n                          \"G6#5&&,^KB\"\n                        ]\n                      },\n                      \"}g\"\n                    ]\n                  }\n                ]\n              },\n              {\n                \"and\": []\n              }\n            ]\n          },\n          \"%g6{o\"\n        ],\n        \"url\": \"http://qnid2qvgowlsd6lm2-q5zyr.x.dddrpn11dfcff2fyqvi40w14vvqng9n7apyh16q2.va/bkW%F3%88%8E%904eI/%F2%A7%85%A5:zaCIs/)&\",\n        \"info\": \"DVMalSq\",\n        \"isSelectable\": true\n      },\n      \"\\\"z\": {\n        \"name\": \"!B\",\n        \"ay\": 2008,\n        \"assign\": \"!n\",\n        \"match\": [\n          \"ZRP5587Z\",\n          \"MKR43J\",\n          \"NB8*Z\",\n          {\n            \"or\": []\n          },\n          {\n            \"and\": [\n              \"TD8\",\n              {\n                \"pattern\": \"XG9\",\n                \"exclude\": [],\n                \"info\": \"SZ+#\"\n              },\n              {\n                \"pattern\": \"SFF696\",\n                \"info\": \"O(}\"\n              },\n              {\n                \"pattern\": \"GG*x\",\n                \"exclude\": [],\n                \"info\": \";/ws?Socu\"\n              }\n            ]\n          }\n        ],\n        \"satisfy\": [\n          {\n            \"and\": [\n              \"\",\n              \"%&(\"\n            ]\n          }\n        ],\n        \"url\": \"http://dc40--ezsd9294uallp787g6jqwa-aasxx0j6u7hoitfnp6rrj6y5snf.dcaish.wxrdaom3k9.shw/.d%F1%BF%BC%95r'%F2%A7%A9%88KP@/vh,g@7(Ko/_0+!\",\n        \"info\": \"o'$2&@`\"\n      },\n      \"zI*:e\": {\n        \"ay\": 1951,\n        \"satisfy\": {\n          \"and\": [\n            {\n              \"mc\": \"<=25\"\n            }\n          ]\n        },\n        \"url\": \"https://j.dl0inz27xoh88giibrll9c0i8qqzkul7-dhjvnuw.m.irl0-60qsjhrs1ansgjhmjezyx554hil6lv37xxuv7nf8jw1u7.iijuckxaf/3@(l/iB%F2%9D%98%B2&/%F2%A2%9C%A2:jyN=2g/U)O9&g/*=j!t:My/0@V%F1%82%80%B5t!\",\n        \"isSelectable\": true\n      },\n      \"}\": {\n        \"name\": \"{4[ \\\\7\\\"#& \",\n        \"ay\": 1954,\n        \"assign\": [\n          \"kI\",\n          \"^:XTz\",\n          \"J0~2(ch>w\",\n          \"z\",\n          \"9\"\n        ],\n        \"match\": \"BRV1\",\n        \"url\": \"https://efu7h9nfoaeebd8i88rbgka5jzux7.cgdygaashs\",\n        \"info\": \"53\",\n        \"isSelectable\": true\n      }\n    }\n  },\n  {\n    \"title\": \"block sample 6\",\n    \"value\": {\n      \"name\": \"4Euf6+\",\n      \"ay\": 1992,\n      \"assign\": \"&\",\n      \"match\": [\n        {\n          \"pattern\": \"GOx51\",\n          \"exclude\": \"JPJ19\"\n        },\n        {\n          \"pattern\": \"AS88x*H\",\n          \"exclude\": \"YCA*\"\n        }\n      ],\n      \"satisfy\": \"K(%8H\",\n      \"url\": \"https://bhi.nszpxhy/!2r/4a+t//uV.@\",\n      \"info\": \"\",\n      \"isSelectable\": true\n    }\n  },\n  {\n    \"title\": \"block sample 7\",\n    \"value\": {\n      \"name\": \"}\\\"6\\\"|\\\" \",\n      \"ay\": 1951,\n      \"assign\": \"@mktwc$2\",\n      \"match\": [\n        \"JG607L\",\n        {\n          \"and\": [\n            {\n              \"pattern\": \"KUJ0\",\n              \"exclude\": \"TTM*2\",\n              \"info\": \"P8T\"\n            },\n            \"JH*69*N\"\n          ]\n        },\n        {\n          \"or\": [\n            {\n              \"pattern\": \"YBM216*\",\n              \"exclude\": \"VU02\",\n              \"info\": \"LFTvKW;\\\"\"\n            },\n            \"ZN53\",\n            {\n              \"and\": [\n                {\n                  \"and\": [\n                    \"KOH*\",\n                    \"EYS2x75\",\n                    \"DK882\",\n                    \"IH08\",\n                    {\n                      \"or\": [\n                        \"OR257\",\n                        \"USD*69*B\",\n                        \"NAX818*\",\n                        \"CMT2\",\n                        \"AE2*W\"\n                      ]\n                    }\n                  ]\n                },\n                \"NM64\",\n                {\n                  \"and\": [\n                    \"WYOx07\",\n                    \"UMV481\",\n                    {\n                      \"or\": [\n                        \"LUX17Y\"\n                      ]\n                    },\n                    \"NST977F\",\n                    \"BHL58\"\n                  ]\n                },\n                \"QUG5x18U\"\n              ]\n            }\n          ]\n        },\n        {\n          \"pattern\": \"IA863*Z\",\n          \"exclude\": [\n            \"PVG7409\",\n            \"FR6291I\"\n          ]\n        },\n        {\n          \"and\": []\n        }\n      ],\n      \"satisfy\": [\n        {\n          \"and\": [\n            {\n              \"or\": [\n                {\n                  \"and\": []\n                }\n              ]\n            }\n          ]\n        },\n        {\n          \"mc\": \"<=52\"\n        },\n        {\n          \"mc\": \">=72\"\n        },\n        {\n          \"or\": [\n            {\n              \"and\": [\n                \"}5?\",\n                {\n                  \"mc\": \"<=15\"\n                }\n              ]\n            },\n            {\n              \"mc\": \">=96\"\n            },\n            {\n              \"and\": [\n                {\n                  \"and\": [\n                    {\n                      \"and\": [\n                        {\n                          \"mc\": \">=184\"\n                        },\n                        \"c$!m>!)=I`\",\n                        {\n                          \"or\": []\n                        },\n                        {\n                          \"and\": [\n                            \"\",\n                            \"2Ls_\",\n                            \"Yw }~,QwB\",\n                            {\n                              \"and\": [\n                                \"b+:^FPW`\",\n                                \"O`?\",\n                                \"bN2rW\",\n                                {\n                                  \"and\": [\n                                    \"*\",\n                                    \"I>q$.Kq\",\n                                    \"jnZ]`eY\",\n                                    \"&:\",\n                                    \"iz;@Ie<\"\n                                  ]\n                                }\n                              ]\n                            },\n                            {\n                              \"or\": [\n                                \"hh-\",\n                                \"4ii.'Tz\",\n                                \"a_&+eE\"\n                              ]\n                            }\n                          ]\n                        }\n                      ]\n                    },\n                    {\n                      \"mc\": \">=101\"\n                    }\n                  ]\n                },\n                {\n                  \"and\": [\n                    \"V!MMRIC\",\n                    {\n                      \"and\": []\n                    },\n                    \"yLl)\\\\{W\"\n                  ]\n                },\n                \"W,\",\n                \"VsgDk?\",\n                \"$Lix'\"\n              ]\n            },\n            {\n              \"mc\": \"<=75\"\n            }\n          ]\n        }\n      ],\n      \"info\": \"Y \",\n      \"isSelectable\": true,\n      \"&\\\\`{0ktH\": {\n        \"name\": \"m>K\",\n        \"ay\": 1995,\n        \"assign\": [\n          \"c\",\n          \"GY6JET\",\n          \"mG,:bi'Kw\",\n          \"y$(V8 E$O]\",\n          \"y\"\n        ],\n        \"match\": [],\n        \"info\": \"sS*n\",\n        \"isSelectable\": true,\n        \"K<\": {\n          \"name\": \"_TRx:Q\",\n          \"assign\": \"\",\n          \"match\": [\n            {\n              \"and\": [\n                \"WLP95K\",\n                {\n                  \"or\": [\n                    {\n                      \"or\": []\n                    },\n                    \"IU3\"\n                  ]\n                },\n                {\n                  \"pattern\": \"HR7H\",\n                  \"exclude\": [\n                    \"UPD41A\",\n                    \"IKPx88Q\"\n                  ],\n                  \"info\": \"6Q{Am=/>9\"\n                },\n                {\n                  \"pattern\": \"EDx22I\",\n                  \"exclude\": [\n                    \"MRX642\"\n                  ]\n                },\n                {\n                  \"or\": [\n                    \"YHU8718\"\n                  ]\n                }\n              ]\n            },\n            {\n              \"or\": []\n            },\n            {\n              \"or\": []\n            },\n            \"WQM472\"\n          ],\n          \"satisfy\": [\n            \"\",\n            \"U/1\"\n          ],\n          \"url\": \"https://nqwi10f654cry8c.r-tdozpf-w5r7qsw55t8y1gvl6grjx5rmom8uaz8brz4mon4ip.robxtzmk2zkia8bxk8mhe4907i82vdbpfb6burjji.dplqj-30k5f996t6mqb.nemzamui//*:Py%F0%B6%8D%AD/Rw~_/fP/adZ6WY6/V,/7/Yu-=QQ/wCE7O~RAm\",\n          \"info\": \"':/.zCe\",\n          \"isSelectable\": true,\n          \"3<4p_cw\": {\n            \"name\": \"2@6Ae\",\n            \"assign\": [\n              \"/|Lle+@\",\n              \"|e 3\"\n            ],\n            \"match\": {\n              \"or\": [\n                {\n                  \"or\": [\n                    \"RJD4x\",\n                    \"BYY81\",\n                    {\n                      \"or\": [\n                        \"MK5166\",\n                        \"QAM2L\",\n                        \"YVX1\",\n                        {\n                          \"pattern\": \"TB9xx4J\",\n                          \"exclude\": [\n                            \"XSH693M\"\n                          ],\n                          \"info\": \")\"\n                        }\n                      ]\n                    }\n                  ]\n                },\n                \"QDD561E\",\n                {\n                  \"pattern\": \"EMV9X\",\n                  \"exclude\": [],\n                  \"info\": \"\"\n                }\n              ]\n            },\n            \"satisfy\": [\n              {\n                \"and\": [\n                  {\n                    \"and\": [\n                      {\n                        \"and\": [\n                          {\n                            \"or\": [\n                              \"e`p(\",\n                              \"r.orLn.)~t\",\n                              \"%LKaOH\",\n                              {\n                                \"mc\": \"<=64\"\n                              },\n                              \"~[\"\n                            ]\n                          },\n                          \"l\",\n                          \"~_\"\n                        ]\n                      },\n                      \"fmsn2Ob~\",\n                      {\n                        \"and\": []\n                      },\n                      {\n                        \"mc\": \">=59\"\n                      }\n                    ]\n                  }\n                ]\n              }\n            ],\n            \"url\": \"https://oodywk245f0s0lfspgbrqoor2lm305f0efktd827u755p3f.k24xnuz9z65kngq.r0q14z55o2dk3.vzhjd/i%F0%9B%BE%A106Z%F3%87%B7%89%F0%BB%BD%ACS3q\",\n            \"isSelectable\": true\n          },\n          \"[3\": {\n            \"name\": \"B_\",\n            \"ay\": 2015,\n            \"match\": {\n              \"pattern\": \"OR2\",\n              \"exclude\": [\n                \"LFW*5\",\n                \"MQK6X\",\n                \"LD8438K\",\n                \"JZ780\"\n              ],\n              \"info\": \"\"\n            },\n            \"satisfy\": {\n              \"mc\": \"<=136\"\n            },\n            \"url\": \"http://yzvxhlzmj1o5g9rndc5u226klhr.7udr738xd10xjx4eme4tc43j04-hrg4rs7bq9gt066mnluwhdyrmd1b24ki.5vm3jpc-fq5m63nf-xe44b7dw4zwut6.saurr/sI&lh!hlLV//R=CLJ0:/f0_h*@a/%F2%A0%A8%9EGYouxbH/%F3%8B%B4%B1&FC+@hp8/%F3%92%81%A5y//;T/%F0%97%BE%A4(D\",\n            \"info\": \"l$xgg~\",\n            \"isSelectable\": true\n          }\n        },\n        \"cA T7&,o\": {\n          \"name\": \"$8Ur\\\"iL]\",\n          \"ay\": 2007,\n          \"assign\": [],\n          \"match\": [\n            {\n              \"or\": [\n                {\n                  \"and\": [\n                    {\n                      \"pattern\": \"NA02\",\n                      \"exclude\": \"UKC4xH\",\n                      \"info\": \"I/6ns'U\"\n                    },\n                    {\n                      \"or\": [\n                        \"XRV907P\",\n                        \"HER3I\"\n                      ]\n                    }\n                  ]\n                },\n                {\n                  \"and\": [\n                    {\n                      \"pattern\": \"VU5D\",\n                      \"exclude\": [\n                        \"YBU85*N\",\n                        \"SV8155Q\",\n                        \"YHJ279L\",\n                        \"OP8\",\n                        \"AKG6901U\"\n                      ],\n                      \"info\": \"Xk~\"\n                    },\n                    \"KFN8\",\n                    {\n                      \"or\": [\n                        \"UX3O\",\n                        \"MRD32*\",\n                        \"ZX86Q\",\n                        \"UUZxP\",\n                        {\n                          \"pattern\": \"JQ334I\",\n                          \"exclude\": \"PV0F\",\n                          \"info\": \"8\"\n                        }\n                      ]\n                    }\n                  ]\n                },\n                \"AY728M\",\n                {\n                  \"or\": [\n                    \"CX2583Z\",\n                    \"PW71D\",\n                    {\n                      \"and\": [\n                        \"ZX9J\"\n                      ]\n                    }\n                  ]\n                }\n              ]\n            },\n            {\n              \"pattern\": \"CFX20x9Z\",\n              \"exclude\": \"UG5\",\n              \"info\": \".t~7+U\"\n            },\n            {\n              \"or\": [\n                {\n                  \"pattern\": \"UOO5W\",\n                  \"exclude\": [],\n                  \"info\": \"Mf\"\n                },\n                {\n                  \"and\": [\n                    {\n                      \"and\": [\n                        \"WXD2*5\",\n                        \"IE65N\"\n                      ]\n                    },\n                    \"HBx\",\n                    {\n                      \"and\": [\n                        \"PZ42M\"\n                      ]\n                    }\n                  ]\n                },\n                \"MK4475\",\n                {\n                  \"or\": [\n                    \"KR6Y\",\n                    \"YSD12\"\n                  ]\n                }\n              ]\n            },\n            {\n              \"pattern\": \"EIx50\",\n              \"exclude\": \"WPZ9591V\",\n              \"info\": \"[r)b{&$_\"\n            }\n          ],\n          \"satisfy\": \"+fQ*P}`V\",\n          \"url\": \"https://c7yvs.xpr/Vp+U/%F2%8F%8D%92LZ;$C/4%F1%AB%A5%8AF%F1%A1%BD%8D%F1%8E%AC%9C%F2%B6%AC%BE'/UXo%F0%BA%8B%82hBo82h/%F2%88%A6%A8&/b9::H%F0%97%87%88Xo8p/a.fh/bt0,_=/ePybPYSv$/l&67jL\",\n          \"info\": \"$~\",\n          \"isSelectable\": true\n        },\n        \"2F<x%\": {\n          \"ay\": 2014,\n          \"assign\": \".r4x U\",\n          \"match\": \"NQ3955X\",\n          \"satisfy\": [\n            {\n              \"and\": [\n                \"Pr'cv\",\n                {\n                  \"or\": [\n                    \"scG\"\n                  ]\n                },\n                {\n                  \"mc\": \">=24\"\n                },\n                \"H`Gz4\",\n                \"O\"\n              ]\n            }\n          ],\n          \"info\": \"Y7wO_BKZ\",\n          \"isSelectable\": true\n        },\n        \"w5(\": {\n          \"name\": \"<-yw1jO\",\n          \"ay\": 2030,\n          \"match\": {\n            \"and\": [\n              {\n                \"or\": [\n                  \"ZYW82xL\",\n                  \"ZUJ*87F\"\n                ]\n              }\n            ]\n          },\n          \"satisfy\": {\n            \"and\": [\n              {\n                \"mc\": \">=173\"\n              }\n            ]\n          },\n          \"url\": \"http://oe5ecjgm32vdcepw3ol89hzfzpwd4bt07u5xc-471dvodks6xc8xry2936ca31h.woaiukxpgey8p9xvbmqc6bb.s8klze4x9p0hj1968h0vt0f9mzcgmk4sc136903s9tnav.g3gf43fuvktt9k86bggbpd0q0-q-ih.olje/1/=;e8Q//c\",\n          \"info\": \"~q-\"\n        },\n        \"_\": {\n          \"name\": \"{*1}M5_S-\",\n          \"ay\": 1958,\n          \"assign\": \"\",\n          \"match\": [\n            \"FUE5\"\n          ],\n          \"satisfy\": [\n            {\n              \"and\": [\n                \"=g[<O\",\n                {\n                  \"or\": [\n                    {\n                      \"and\": [\n                        \"Ozi~}$\",\n                        \"|9y\",\n                        \"\",\n                        \"L\",\n                        {\n                          \"and\": [\n                            \"B'0Wb>]3!d\"\n                          ]\n                        }\n                      ]\n                    },\n                    {\n                      \"and\": []\n                    },\n                    {\n                      \"mc\": \">=13\"\n                    },\n                    {\n                      \"mc\": \">=46\"\n                    },\n                    {\n                      \"or\": [\n                        \"{l/7\"\n                      ]\n                    }\n                  ]\n                },\n                {\n                  \"or\": [\n                    {\n                      \"or\": [\n                        \"V.\\\\(J\",\n                        \"HSq7\\\"or=g\"\n                      ]\n                    }\n                  ]\n                }\n              ]\n            },\n            \"(|h\"\n          ],\n          \"url\": \"http://q.fqquxrlg7sqkkbtfgqn.0jba-ymuovce9.gciy/RDH%F3%A3%AA%B1LbPRnD/T:2%F1%92%B8%B4BmESI(/3wdqyUnzq/%F0%97%AA%8D2dbGU%F2%B0%9D%8F%F0%93%81%A1/F,&.a*F-o6/:'X%F3%94%B1%AA/Qu~!0k\",\n          \"info\": \"u(Ajqd:40Z\",\n          \"isSelectable\": true\n        }\n      }\n    }\n  },\n  {\n    \"title\": \"block sample 8\",\n    \"value\": {\n      \"name\": \"&jz!#\\\"&\",\n      \"assign\": \"!zy?@(/&\\\"\",\n      \"match\": \"JXC1\",\n      \"satisfy\": [\n        {\n          \"mc\": \">=198\"\n        },\n        \"`\",\n        {\n          \"mc\": \"<=39\"\n        }\n      ],\n      \"info\": \":Ch9cGN$m6\",\n      \"isSelectable\": true\n    }\n  },\n  {\n    \"title\": \"block sample 9\",\n    \"value\": {\n      \"name\": \".}tQA7&su\",\n      \"ay\": 2015,\n      \"assign\": [\n        \"V:~\",\n        \"_\"\n      ],\n      \"match\": [\n        \"LOB5545\",\n        \"WGJ526\"\n      ],\n      \"satisfy\": {\n        \"mc\": \">=62\"\n      },\n      \"info\": \"'/|!\",\n      \"isSelectable\": true\n    }\n  }\n]",
              "code": "(0, fast_check_1.sample)(index_test_2.block, 10).forEach((sample, i) => (0, addContext_1.default)(this, {\n    title: `block sample ${i}`,\n    value: sample,\n}));\nreturn (0, fast_check_1.assert)((0, fast_check_1.property)(index_test_2.block, ajvValidate));",
              "err": {},
              "uuid": "986f3b99-ed5e-4260-98b8-634d830c9e30",
              "parentUUID": "82874902-ee75-4112-82ee-96c20efcbf90",
              "isHook": false,
              "skipped": false
            },
            {
              "title": "should not validate non-object",
              "fullTitle": "blockSchema should not validate non-object",
              "timedOut": false,
              "duration": 2,
              "state": "passed",
              "speed": "fast",
              "pass": true,
              "fail": false,
              "pending": false,
              "context": null,
              "code": "const error = {\n    instancePath: \"\",\n    message: \"block should be an object\",\n};\nisInvalidBlock(null, error);\nisInvalidBlock(undefined, error);\nisInvalidBlock(10, error);\nisInvalidBlock([12, 24], error);\nisInvalidBlock(\"abc\", error);",
              "err": {},
              "uuid": "1a7748fa-a848-4420-b3e0-666f975fbae0",
[...]
              "pending": false,
              "context": null,
              "code": "const satisfier = (0, satisfiers_1.inequalitySatisfier)(ref, \"<=28\");\nsatisfier.should.have.property(\"filter\");\nconst { filter } = satisfier;\nisCorrectFilter(filter, modulesList1, modulesList1.map(([moduleStr]) => moduleStr));",
              "err": {},
              "uuid": "1eb3ed7c-84db-40c0-b745-3e537ff0de74",
              "parentUUID": "85e21dd4-426e-4dcb-b28c-8567c8020709",
              "isHook": false,
              "skipped": false
            },
            {
              "title": "should preserve list of modules with upper bound of MCs if total MC count is lower",
              "fullTitle": "inequalitySatisfier should preserve list of modules with upper bound of MCs if total MC count is lower",
              "timedOut": false,
              "duration": 0,
              "state": "passed",
              "speed": "fast",
              "pass": true,
              "fail": false,
              "pending": false,
              "context": null,
              "code": "const satisfier = (0, satisfiers_1.inequalitySatisfier)(ref, \"<=32\");\nsatisfier.should.have.property(\"filter\");\nconst { filter } = satisfier;\nisCorrectFilter(filter, modulesList1, modulesList1.map(([moduleStr]) => moduleStr));",
              "err": {},
              "uuid": "38d98f1c-8fcd-4075-9903-6834d8ba6ebf",
              "parentUUID": "85e21dd4-426e-4dcb-b28c-8567c8020709",
              "isHook": false,
              "skipped": false
            },
            {
              "title": "should truncate list of modules with upper bound of MCs at exact cutoff if total MC count is higher and there exists some starting sequence with exact MC count",
              "fullTitle": "inequalitySatisfier should truncate list of modules with upper bound of MCs at exact cutoff if total MC count is higher and there exists some starting sequence with exact MC count",
              "timedOut": false,
              "duration": 1,
              "state": "passed",
              "speed": "fast",
              "pass": true,
              "fail": false,
              "pending": false,
              "context": null,
              "code": "const satisfier = (0, satisfiers_1.inequalitySatisfier)(ref, \"<=16\");\nsatisfier.should.have.property(\"filter\");\nconst { filter } = satisfier;\nisCorrectFilter(filter, modulesList1, [\n    \"CS2100\",\n    \"GER1000\",\n    \"CS2040S\",\n    \"ST2131\",\n]);",
              "err": {},
              "uuid": "3f197de6-df8f-441c-ace4-1eaf47d9a58a",
              "parentUUID": "85e21dd4-426e-4dcb-b28c-8567c8020709",
              "isHook": false,
              "skipped": false
            },
            {
              "title": "should truncate list of modules with upper bound of MCs, cutting off at the minimum starting sequence that exceeds upper bound, if total MC count is higher and there exists no starting sequence with exact MC count",
              "fullTitle": "inequalitySatisfier should truncate list of modules with upper bound of MCs, cutting off at the minimum starting sequence that exceeds upper bound, if total MC count is higher and there exists no starting sequence with exact MC count",
              "timedOut": false,
              "duration": 0,
              "state": "passed",
              "speed": "fast",
              "pass": true,
              "fail": false,
              "pending": false,
              "context": null,
              "code": "const satisfier = (0, satisfiers_1.inequalitySatisfier)(ref, \"<=17\");\nsatisfier.should.have.property(\"filter\");\nconst { filter } = satisfier;\nisCorrectFilter(filter, modulesList1, [\n    \"CS2100\",\n    \"GER1000\",\n    \"CS2040S\",\n    \"ST2131\",\n    \"MA1521\",\n]);",
              "err": {},
              "uuid": "e80e29b0-0cba-419d-90c7-b3ed249e4dc6",
              "parentUUID": "85e21dd4-426e-4dcb-b28c-8567c8020709",
              "isHook": false,
              "skipped": false
            }
          ],
          "suites": [],
          "passes": [
            "7a74897c-279b-4a5f-9cdd-27adf239e4de",
            "b990587f-4121-49be-922b-88a88faaf30d",
            "0aa45439-7728-45ee-b489-c32db5a5bb61",
            "1eb3ed7c-84db-40c0-b745-3e537ff0de74",
            "38d98f1c-8fcd-4075-9903-6834d8ba6ebf",
            "3f197de6-df8f-441c-ace4-1eaf47d9a58a",
            "e80e29b0-0cba-419d-90c7-b3ed249e4dc6"
          ],
          "failures": [],
          "pending": [],
          "skipped": [],
          "duration": 2,
          "root": false,
          "rootEmpty": false,
          "_timeout": 2000
        },
        {
          "uuid": "f678e8de-c32e-4665-8826-928e1fb8b16d",
          "title": "inequalitySchema",
          "fullFile": "/home/runner/work/planwithus-lib/planwithus-lib/src/satisfyRule/inequality/schemas.test.ts",
          "file": "/src/satisfyRule/inequality/schemas.test.ts",
          "beforeHooks": [],
          "afterHooks": [],
          "tests": [
            {
              "title": "should validate inequality in the form <=n or >=n",
              "fullTitle": "inequalitySchema should validate inequality in the form <=n or >=n",
              "timedOut": false,
              "duration": 1,
              "state": "passed",
              "speed": "fast",
              "pass": true,
              "fail": false,
              "pending": false,
              "context": "[\n  {\n    \"title\": \"inequality sample 0\",\n    \"value\": \"<=2\"\n  },\n  {\n    \"title\": \"inequality sample 1\",\n    \"value\": \"<=200\"\n  },\n  {\n    \"title\": \"inequality sample 2\",\n    \"value\": \"<=10\"\n  },\n  {\n    \"title\": \"inequality sample 3\",\n    \"value\": \"<=5\"\n  },\n  {\n    \"title\": \"inequality sample 4\",\n    \"value\": \">=6\"\n  },\n  {\n    \"title\": \"inequality sample 5\",\n    \"value\": \">=197\"\n  },\n  {\n    \"title\": \"inequality sample 6\",\n    \"value\": \"<=3\"\n  },\n  {\n    \"title\": \"inequality sample 7\",\n    \"value\": \">=198\"\n  },\n  {\n    \"title\": \"inequality sample 8\",\n    \"value\": \"<=121\"\n  },\n  {\n    \"title\": \"inequality sample 9\",\n    \"value\": \">=1\"\n  }\n]",
              "code": "(0, fast_check_1.sample)(index_test_2.inequality, 10).forEach((sample, i) => (0, addContext_1.default)(this, {\n    title: `inequality sample ${i}`,\n    value: sample,\n}));\nreturn (0, fast_check_1.assert)((0, fast_check_1.property)(index_test_2.inequality, ajvValidate));",
              "err": {},
              "uuid": "dbc09b5c-094e-4d75-9665-f920cdacbe67",
              "parentUUID": "f678e8de-c32e-4665-8826-928e1fb8b16d",
              "isHook": false,
              "skipped": false
            },
            {
              "title": "should not validate inequality of invalid form",
              "fullTitle": "inequalitySchema should not validate inequality of invalid form",
              "timedOut": false,
              "duration": 1,
              "state": "passed",
              "speed": "fast",
              "pass": true,
              "fail": false,
              "pending": false,
              "context": null,
              "code": "[\n        \"\",\n        \"==23\",\n        \"23\",\n        \"<23\",\n        \">23\",\n        \"<=-1\",\n        \">=-1\",\n        \"<= 2\",\n        \">= 1\",\n        \"> 3\",\n        \"< 3\",\n        \"<=3a\",\n        \">=3a\",\n        \"a<=3\",\n        \"a>=3\",\n    ].forEach(isInvalidInequality)",
              "err": {},
              "uuid": "fe3d0efb-fea9-4532-a8d6-1d61b7c33353",
              "parentUUID": "f678e8de-c32e-4665-8826-928e1fb8b16d",
              "isHook": false,
              "skipped": false
            }
          ],
          "suites": [],
          "passes": [
            "dbc09b5c-094e-4d75-9665-f920cdacbe67",
            "fe3d0efb-fea9-4532-a8d6-1d61b7c33353"
          ],
          "failures": [],
          "pending": [],
          "skipped": [],
          "duration": 2,
          "root": false,
          "rootEmpty": false,
          "_timeout": 2000
        },
        {
          "uuid": "305b8cdc-0107-45b1-8c86-f456a8763682",
          "title": "satisfyRuleSchema",
          "fullFile": "/home/runner/work/planwithus-lib/planwithus-lib/src/satisfyRule/schemas.test.ts",
          "file": "/src/satisfyRule/schemas.test.ts",
          "beforeHooks": [],
          "afterHooks": [],
          "tests": [
            {
              "title": "should validate satisfy rule with valid block id",
              "fullTitle": "satisfyRuleSchema should validate satisfy rule with valid block id",
              "timedOut": false,
              "duration": 1,
              "state": "passed",
              "speed": "fast",
              "pass": true,
              "fail": false,
              "pending": false,
              "context": null,
              "code": "0, fast_check_1.assert)((0, fast_check_1.property)((0, fast_check_1.string)(), ajvValidate)",
              "err": {},
              "uuid": "01ea43c8-fd4c-4d4c-878d-cf5fea92e095",
              "parentUUID": "305b8cdc-0107-45b1-8c86-f456a8763682",
              "isHook": false,
              "skipped": false
            },
            {
              "title": "should validate satisfy rules with valid mc",
              "fullTitle": "satisfyRuleSchema should validate satisfy rules with valid mc",
              "timedOut": false,
              "duration": 1,
              "state": "passed",
              "speed": "fast",
              "pass": true,
              "fail": false,
              "pending": false,
              "context": "[\n  {\n    \"title\": \"mcSatisfyRule sample 0\",\n    \"value\": {\n      \"mc\": \">=115\"\n    }\n  },\n  {\n    \"title\": \"mcSatisfyRule sample 1\",\n    \"value\": {\n      \"mc\": \"<=196\"\n    }\n  },\n  {\n    \"title\": \"mcSatisfyRule sample 2\",\n    \"value\": {\n      \"mc\": \"<=174\"\n    }\n  },\n  {\n    \"title\": \"mcSatisfyRule sample 3\",\n    \"value\": {\n      \"mc\": \">=2\"\n    }\n  },\n  {\n    \"title\": \"mcSatisfyRule sample 4\",\n    \"value\": {\n      \"mc\": \">=5\"\n    }\n  },\n  {\n    \"title\": \"mcSatisfyRule sample 5\",\n    \"value\": {\n      \"mc\": \"<=5\"\n    }\n  },\n  {\n    \"title\": \"mcSatisfyRule sample 6\",\n    \"value\": {\n      \"mc\": \">=7\"\n    }\n  },\n  {\n    \"title\": \"mcSatisfyRule sample 7\",\n    \"value\": {\n      \"mc\": \">=197\"\n    }\n  },\n  {\n    \"title\": \"mcSatisfyRule sample 8\",\n    \"value\": {\n      \"mc\": \">=2\"\n    }\n  },\n  {\n    \"title\": \"mcSatisfyRule sample 9\",\n    \"value\": {\n      \"mc\": \">=28\"\n    }\n  }\n]",
              "code": "(0, fast_check_1.sample)(index_test_2.mcSatisfyRule, 10).forEach((sample, i) => (0, addContext_1.default)(this, {\n    title: `mcSatisfyRule sample ${i}`,\n    value: sample,\n}));\nreturn (0, fast_check_1.assert)((0, fast_check_1.property)(index_test_2.mcSatisfyRule, ajvValidate));",
              "err": {},
              "uuid": "6e85c086-385a-4ce8-9b17-7dd1e36fc278",
              "parentUUID": "305b8cdc-0107-45b1-8c86-f456a8763682",
              "isHook": false,
              "skipped": false
            },
            {
              "title": "should validate valid recursive satisfy rules",
              "fullTitle": "satisfyRuleSchema should validate valid recursive satisfy rules",
              "timedOut": false,
              "duration": 3,
              "state": "passed",
              "speed": "fast",
              "pass": true,
              "fail": false,
              "pending": false,
              "context": "[\n  {\n    \"title\": \"satisfyRule sample 0\",\n    \"value\": {\n      \"mc\": \">=75\"\n    }\n  },\n  {\n    \"title\": \"satisfyRule sample 1\",\n    \"value\": {\n      \"mc\": \"<=198\"\n    }\n  },\n  {\n    \"title\": \"satisfyRule sample 2\",\n    \"value\": {\n      \"or\": []\n    }\n  },\n  {\n    \"title\": \"satisfyRule sample 3\",\n    \"value\": \"}\"\n  },\n  {\n    \"title\": \"satisfyRule sample 4\",\n    \"value\": \"\\\"e \"\n  },\n  {\n    \"title\": \"satisfyRule sample 5\",\n    \"value\": \"41$Qn\"\n  },\n  {\n    \"title\": \"satisfyRule sample 6\",\n    \"value\": {\n      \"or\": [\n        {\n          \"mc\": \"<=166\"\n        },\n        {\n          \"and\": []\n        }\n      ]\n    }\n  },\n  {\n    \"title\": \"satisfyRule sample 7\",\n    \"value\": \"x\"\n  },\n  {\n    \"title\": \"satisfyRule sample 8\",\n    \"value\": {\n      \"and\": [\n        {\n          \"or\": [\n            {\n              \"and\": [\n                \"T\\\"R#Ct{NMv\",\n                \"&!\",\n                \"lqS<b1\",\n                \"?s<=%mlWq\",\n                {\n                  \"and\": [\n                    \"-Ok6!;\",\n                    \"\",\n                    \"#j\"\n                  ]\n                }\n              ]\n            },\n            \"?0\",\n            \"|v3SIE^\"\n          ]\n        }\n      ]\n    }\n  },\n  {\n    \"title\": \"satisfyRule sample 9\",\n    \"value\": {\n      \"mc\": \">=4\"\n    }\n  }\n]",
              "code": "(0, fast_check_1.sample)(index_test_2.satisfyRule, 10).forEach((sample, i) => (0, addContext_1.default)(this, {\n    title: `satisfyRule sample ${i}`,\n    value: sample,\n}));\nreturn (0, fast_check_1.assert)((0, fast_check_1.property)(index_test_2.satisfyRule, ajvValidate));",
              "err": {},
              "uuid": "9e1cdd1a-7351-4f85-9a9b-e494a5aff1c0",
              "parentUUID": "305b8cdc-0107-45b1-8c86-f456a8763682",
              "isHook": false,
              "skipped": false
            },
            {
              "title": "should not validate non-string/object",
              "fullTitle": "satisfyRuleSchema should not validate non-string/object",
              "timedOut": false,
              "duration": 1,
              "state": "passed",
              "speed": "fast",
              "pass": true,
              "fail": false,
              "pending": false,
              "context": null,
              "code": "const error = {\n    instancePath: \"\",\n    message: \"satisfy rule should be either a string or an object\",\n};\nisInvalidRule(null, error);\nisInvalidRule(undefined, error);\nisInvalidRule(10, error);\nisInvalidRule([12, 24], error);",
              "err": {},
              "uuid": "bbd4a422-67ac-41a7-b33b-aa7bb3371e40",
              "parentUUID": "305b8cdc-0107-45b1-8c86-f456a8763682",
              "isHook": false,
              "skipped": false
            },
            {
              "title": "should not validate satisfy rules with extra properties",
              "fullTitle": "satisfyRuleSchema should not validate satisfy rules with extra properties",
              "timedOut": false,
              "duration": 0,
              "state": "passed",
              "speed": "fast",
              "pass": true,
              "fail": false,
              "pending": false,
              "context": null,
              "code": "isInvalidRule({\n        and: [\n            { or: [\"2k\"], abc: \"def\" },\n            { mc: 8, ghi: \"jkl\" },\n        ],\n        mno: \"pqr\",\n    }, {\n        instancePath: \"/and/0\",\n        message: \"or satisfy rule should have property 'or' only\",\n    }, {\n        instancePath: \"/and/1\",\n        message: \"MC satisfy rule should have property 'mc' only\",\n    }, {\n        instancePath: \"\",\n        message: \"and satisfy rule should have property 'and' only\",\n    })",
              "err": {},
              "uuid": "70d2d049-e0b0-41f1-a240-064f386be9fc",
              "parentUUID": "305b8cdc-0107-45b1-8c86-f456a8763682",
              "isHook": false,
              "skipped": false
            },
            {
              "title": "should not validate ambiguous satisfy rules",
              "fullTitle": "satisfyRuleSchema should not validate ambiguous satisfy rules",
              "timedOut": false,
              "duration": 1,
              "state": "passed",
              "speed": "fast",
              "pass": true,
              "fail": false,
              "pending": false,
              "context": null,
              "code": "const message = \"satisfy rule should have only one of properties 'mc', 'and', 'or'\";\nisInvalidRule({\n    or: [\n        { mc: 5, and: [\"CS2040\"] },\n        { and: [{ and: [\"abc\"], or: [\"def\"] }] },\n    ],\n}, { instancePath: \"/or/0\", message }, { instancePath: \"/or/1/and/0\", message });",
              "err": {},
              "uuid": "3709b12e-941e-4069-bdfa-f1c52c0c8716",
              "parentUUID": "305b8cdc-0107-45b1-8c86-f456a8763682",
              "isHook": false,
              "skipped": false
            },
            {
              "title": "should not validate and satisfy rules with non-array property",
              "fullTitle": "satisfyRuleSchema should not validate and satisfy rules with non-array property",
              "timedOut": false,
              "duration": 0,
              "state": "passed",
              "speed": "fast",
              "pass": true,
              "fail": false,
              "pending": false,
              "context": null,
              "code": "const message = \"property 'and' should be an array of satisfy rules\";\nisInvalidRule({ or: [{ and: {} }, { or: [{ and: 3 }] }] }, { instancePath: \"/or/0/and\", message }, { instancePath: \"/or/1/or/0/and\", message });",
              "err": {},
              "uuid": "04e11e78-4455-45e2-aad8-93b97286822f",
              "parentUUID": "305b8cdc-0107-45b1-8c86-f456a8763682",
              "isHook": false,
              "skipped": false
            },
            {
              "title": "should not validate or satisfy rules with non-array property",
              "fullTitle": "satisfyRuleSchema should not validate or satisfy rules with non-array property",
              "timedOut": false,
              "duration": 0,
              "state": "passed",
              "speed": "fast",
              "pass": true,
              "fail": false,
              "pending": false,
              "context": null,
              "code": "const message = \"property 'or' should be an array of satisfy rules\";\nisInvalidRule({ and: [{ or: {} }, { and: [{ or: 3 }] }] }, { instancePath: \"/and/0/or\", message }, { instancePath: \"/and/1/and/0/or\", message });",
              "err": {},
              "uuid": "dcc9b057-6bf0-4eb9-aebf-6ef6827e840e",
              "parentUUID": "305b8cdc-0107-45b1-8c86-f456a8763682",
              "isHook": false,
              "skipped": false
            }
          ],
          "suites": [],
          "passes": [
            "01ea43c8-fd4c-4d4c-878d-cf5fea92e095",
            "6e85c086-385a-4ce8-9b17-7dd1e36fc278",
            "9e1cdd1a-7351-4f85-9a9b-e494a5aff1c0",
            "bbd4a422-67ac-41a7-b33b-aa7bb3371e40",
            "70d2d049-e0b0-41f1-a240-064f386be9fc",
            "3709b12e-941e-4069-bdfa-f1c52c0c8716",
            "04e11e78-4455-45e2-aad8-93b97286822f",
            "dcc9b057-6bf0-4eb9-aebf-6ef6827e840e"
          ],
          "failures": [],
          "pending": [],
          "skipped": [],
          "duration": 7,
          "root": false,
          "rootEmpty": false,
          "_timeout": 2000
        }
      ],
      "passes": [],
      "failures": [],
      "pending": [],
      "skipped": [],
      "duration": 0,
      "root": true,
      "rootEmpty": true,
      "_timeout": 2000
    }
  ],
  "meta": {
    "mocha": {
      "version": "9.1.2"
    },
    "mochawesome": {
      "options": {
        "quiet": false,
        "reportFilename": "mochawesome",
        "saveHtml": true,
        "saveJson": true,
        "consoleReporter": "spec",
        "useInlineDiffs": false,
        "code": true
      },
      "version": "7.0.1"
    },
    "marge": {
      "options": {
        "reportDir": "docs"
      },
      "version": "6.0.1"
    }
  }
}