{
  "stats": {
    "suites": 10,
    "tests": 48,
    "passes": 48,
    "pending": 0,
    "failures": 0,
    "start": "2021-07-12T10:01:09.886Z",
    "end": "2021-07-12T10:01:10.385Z",
    "duration": 499,
    "testsRegistered": 48,
    "passPercent": 100,
    "pendingPercent": 0,
    "other": 0,
    "hasOther": false,
    "skipped": 0,
    "hasSkipped": false
  },
  "results": [
    {
      "uuid": "eeca9d4a-acd1-43eb-a53c-1331ad0164eb",
      "title": "",
      "fullFile": "",
      "file": "",
      "beforeHooks": [],
      "afterHooks": [],
      "tests": [],
      "suites": [
        {
          "uuid": "59210ddd-cd05-4d36-af00-ee74943e0d51",
          "title": "initDirectories",
          "fullFile": "/home/runner/work/planwithus-lib/planwithus-lib/src/block/schemas.test.ts",
          "file": "/src/block/schemas.test.ts",
          "beforeHooks": [],
          "afterHooks": [],
          "tests": [
            {
              "title": "should parse all blocks with no errors",
              "fullTitle": "initDirectories should parse all blocks with no errors",
              "timedOut": false,
              "duration": 3,
              "state": "passed",
              "speed": "fast",
              "pass": true,
              "fail": false,
              "pending": false,
              "context": null,
              "code": "_1.initDirectories.should.not.throw()",
              "err": {},
              "uuid": "f8d5a114-6efb-4759-a7be-8b3a70ced6c0",
              "parentUUID": "59210ddd-cd05-4d36-af00-ee74943e0d51",
              "isHook": false,
              "skipped": false
            },
            {
              "title": "should produce primary, second & minor directories",
              "fullTitle": "initDirectories should produce primary, second & minor directories",
              "timedOut": false,
              "duration": 62,
              "state": "passed",
              "speed": "medium",
              "pass": true,
              "fail": false,
              "pending": false,
              "context": null,
              "code": "const directories = await _1.initDirectories();\ndirectories.should.have.property(\"primary\");\ndirectories.should.have.property(\"second\");\ndirectories.should.have.property(\"minor\");",
              "err": {},
              "uuid": "6f322006-8a55-423d-8456-3073b5de0708",
              "parentUUID": "59210ddd-cd05-4d36-af00-ee74943e0d51",
              "isHook": false,
              "skipped": false
            }
          ],
          "suites": [],
          "passes": [
            "f8d5a114-6efb-4759-a7be-8b3a70ced6c0",
            "6f322006-8a55-423d-8456-3073b5de0708"
          ],
          "failures": [],
          "pending": [],
          "skipped": [],
          "duration": 65,
          "root": false,
          "rootEmpty": false,
          "_timeout": 2000
        },
        {
          "uuid": "26527d19-9094-4b35-a550-4f76c1a63d38",
          "title": "blockSchema",
          "fullFile": "/home/runner/work/planwithus-lib/planwithus-lib/src/block/schemas.test.ts",
          "file": "/src/block/schemas.test.ts",
          "beforeHooks": [],
          "afterHooks": [],
          "tests": [
            {
              "title": "should validate valid block",
              "fullTitle": "blockSchema should validate valid block",
              "timedOut": false,
              "duration": 237,
              "state": "passed",
              "speed": "slow",
              "pass": true,
              "fail": false,
              "pending": false,
              "context": "[\n  {\n    \"title\": \"block sample 0\",\n    \"value\": {\n      \"name\": \"\",\n      \"ay\": 2027,\n      \"assign\": \"I\",\n      \"match\": [\n        {\n          \"or\": [\n            \"FOI00A\"\n          ]\n        }\n      ],\n      \"satisfy\": {\n        \"or\": [\n          {\n            \"or\": [\n              \"\",\n              {\n                \"or\": [\n                  {\n                    \"and\": [\n                      \"l\",\n                      \"\",\n                      {\n                        \"and\": [\n                          {\n                            \"and\": []\n                          },\n                          \"!gn.?jq,\"\n                        ]\n                      },\n                      \"r_>b9U\",\n                      \";jPd'!E=\"\n                    ]\n                  }\n                ]\n              },\n              {\n                \"and\": [\n                  {\n                    \"mc\": \">=125\"\n                  },\n                  \"+4G)Co)&\",\n                  \"%'\"\n                ]\n              }\n            ]\n          },\n          {\n            \"or\": [\n              \"vCm}w_h1\",\n              {\n                \"or\": [\n                  \"DDE>S\",\n                  \"?y6q\",\n                  {\n                    \"mc\": \">=13\"\n                  },\n                  \"d/f^[f\",\n                  {\n                    \"and\": [\n                      \"V\",\n                      {\n                        \"or\": []\n                      }\n                    ]\n                  }\n                ]\n              },\n              \"\\\\\"\n            ]\n          },\n          {\n            \"mc\": \"<=30\"\n          }\n        ]\n      },\n      \"url\": \"http://5ou5gqt7u21-39i3zy9z5gl3jhkxo.vaxkjj-ldq0mq15orgqtr15-p26meo51u.rb30e6.0.5o925.sdzc/!%F1%A3%B4%AE/~U'2\",\n      \"info\": \"ZX|uE\"\n    }\n  },\n  {\n    \"title\": \"block sample 1\",\n    \"value\": {\n      \"name\": \"Qs\",\n      \"ay\": 1975,\n      \"assign\": \"L\",\n      \"satisfy\": {\n        \"or\": [\n          {\n            \"or\": []\n          },\n          {\n            \"or\": [\n              {\n                \"and\": []\n              },\n              \"\",\n              {\n                \"mc\": \"<=188\"\n              },\n              {\n                \"mc\": \"<=160\"\n              }\n            ]\n          },\n          \"FD}ThgyPuA\"\n        ]\n      },\n      \"url\": \"https://zj6u3c0ueepbdr4.w.uogp/9!BH/se;;g/XlWC6gA,*//jR/h,%F1%A9%B9%9DdK/eiPb0BNk/$4MjXGLuBh\",\n      \"info\": \"\"\n    }\n  },\n  {\n    \"title\": \"block sample 2\",\n    \"value\": {\n      \"name\": \"#\",\n      \"ay\": 2030,\n      \"assign\": [],\n      \"match\": \"FD0\",\n      \"url\": \"https://5hdxd.of/q%F1%A4%97%B1-qLim\",\n      \"info\": \"\",\n      \"#\": {\n        \"name\": \"KO=\\\"{G0n&M\",\n        \"assign\": \"o E~Z/}:${\",\n        \"match\": [\n          {\n            \"or\": []\n          },\n          {\n            \"and\": [\n              {\n                \"or\": [\n                  \"LK68\",\n                  \"NHO28\"\n                ]\n              },\n              {\n                \"and\": [\n                  \"HGF4\"\n                ]\n              }\n            ]\n          }\n        ],\n        \"satisfy\": [\n          {\n            \"and\": [\n              \"Cf S\",\n              {\n                \"mc\": \"<=71\"\n              }\n            ]\n          },\n          {\n            \"or\": []\n          },\n          {\n            \"and\": [\n              {\n                \"and\": [\n                  {\n                    \"and\": [\n                      \"p[KBr\",\n                      \"\\\"#b';!A\"\n                    ]\n                  },\n                  \"{Xn\"\n                ]\n              },\n              \">A8W\",\n              {\n                \"or\": [\n                  \"W#Gh\",\n                  {\n                    \"mc\": \"<=198\"\n                  }\n                ]\n              },\n              \"&N^Tx(Rj\",\n              \"+ yN9\"\n            ]\n          }\n        ],\n        \"info\": \"#T\\\"\",\n        \">11V{%UJ\": {\n          \"name\": \"\",\n          \"ay\": 1951,\n          \"assign\": [\n            \"&ux~yC!KX \",\n            \"v !\\\"\"\n          ],\n          \"match\": {\n            \"and\": []\n          },\n          \"satisfy\": {\n            \"or\": [\n              \"Rv1I1\",\n              {\n                \"and\": [\n                  \"#TGT,\",\n                  {\n                    \"and\": [\n                      \"+T\",\n                      {\n                        \"and\": [\n                          \"\",\n                          {\n                            \"or\": [\n                              \"*)-*5bWl\",\n                              \"hKW\\\\3?<\",\n                              {\n                                \"and\": [\n                                  \"a;\",\n                                  \"g^\",\n                                  \"^2r~g\",\n                                  \":mbhx}9m\"\n                                ]\n                              },\n                              \"Td/pUR\"\n                            ]\n                          },\n                          \"leFX\"\n                        ]\n                      },\n                      {\n                        \"mc\": \"<=73\"\n                      },\n                      {\n                        \"mc\": \">=144\"\n                      }\n                    ]\n                  },\n                  \"o-~YM\",\n                  \"[_(EX@\",\n                  {\n                    \"and\": [\n                      \"<KD1t\",\n                      \"J*zv\"\n                    ]\n                  }\n                ]\n              },\n              {\n                \"or\": [\n                  {\n                    \"mc\": \"<=14\"\n                  },\n                  \"N5,WKl\",\n                  \"E[Fz\",\n                  \"5hUs'<\"\n                ]\n              },\n              \"4OT,#\",\n              {\n                \"mc\": \">=63\"\n              }\n            ]\n          },\n          \"info\": \"#+<H5Y\",\n          \"Wk8#\": {\n            \"name\": \"W\",\n            \"assign\": \"<qp 3p)n\",\n            \"match\": [\n              {\n                \"and\": [\n                  \"RR71\",\n                  {\n                    \"and\": [\n                      {\n                        \"or\": [\n                          {\n                            \"pattern\": \"JFZ53*L\",\n                            \"exclude\": [\n                              \"GUV1E\",\n                              \"WS44*x\",\n                              \"QQ9x\"\n                            ],\n                            \"info\": \"khxz\"\n                          }\n                        ]\n                      }\n                    ]\n                  },\n                  \"BEP3D\"\n                ]\n              },\n              {\n                \"or\": [\n                  {\n                    \"pattern\": \"TOR04A\",\n                    \"exclude\": [\n                      \"RO326T\",\n                      \"AUC033Y\",\n                      \"ZNY*22V\",\n                      \"XFT7X\"\n                    ]\n                  },\n                  \"SS4A\",\n                  {\n                    \"and\": []\n                  }\n                ]\n              },\n              \"KG620G\",\n              \"PL4180R\",\n              {\n                \"and\": [\n                  {\n                    \"and\": [\n                      {\n                        \"pattern\": \"RUU1\",\n                        \"exclude\": [\n                          \"JPx303\"\n                        ],\n                        \"info\": \"Mv#D\"\n                      },\n                      {\n                        \"pattern\": \"UM5578A\",\n                        \"exclude\": [\n                          \"WQV25x4L\"\n                        ],\n                        \"info\": \"\"\n                      },\n                      {\n                        \"pattern\": \"ZK*29\",\n                        \"info\": \"JfXU *\"\n                      }\n                    ]\n                  },\n                  \"XSL89*1\",\n                  {\n                    \"pattern\": \"SMH76*P\",\n                    \"exclude\": \"RQ5669\"\n                  },\n                  {\n                    \"or\": [\n                      {\n                        \"pattern\": \"WCQ876\",\n                        \"exclude\": [\n                          \"SJ9F\",\n                          \"AB49x\"\n                        ],\n                        \"info\": \"pp xY\"\n                      },\n                      \"DD*21B\"\n                    ]\n                  }\n                ]\n              }\n            ],\n            \"satisfy\": [\n              \"8'I~\",\n              \"0jc\\\"$^k^\",\n              {\n                \"and\": [\n                  {\n                    \"and\": [\n                      {\n                        \"mc\": \"<=140\"\n                      },\n                      \"()YEmQF\",\n                      {\n                        \"and\": [\n                          {\n                            \"or\": [\n                              \"3at<`o[\",\n                              \"\",\n                              \"[?\",\n                              \"u9ydtX\",\n                              \"'\"\n                            ]\n                          },\n                          \"D$83NP&wA\",\n                          \"Vg4Z#P\"\n                        ]\n                      },\n                      {\n                        \"or\": [\n                          \">n@;\\\"B\",\n                          \"ju^vd9*l\",\n                          {\n                            \"and\": [\n                              \"c_jdMg)H\",\n                              \"';\",\n                              \">]RDmvd?eH\",\n                              \"\"\n                            ]\n                          },\n                          {\n                            \"and\": [\n                              {\n                                \"and\": [\n                                  \"Q5u\",\n                                  \"#\"\n                                ]\n                              },\n                              {\n                                \"or\": [\n                                  \"a0>%%@\",\n                                  \"\",\n                                  {\n                                    \"or\": [\n                                      \"T+ J\",\n                                      \"z%_o2X8\"\n                                    ]\n                                  },\n                                  \"/0\",\n                                  \"Y'.8Nj_>`=\"\n                                ]\n                              },\n                              \"QF\"\n                            ]\n                          },\n                          {\n                            \"mc\": \">=171\"\n                          }\n                        ]\n                      }\n                    ]\n                  },\n                  {\n                    \"and\": [\n                      \"na4hTA\",\n                      {\n                        \"mc\": \">=17\"\n                      },\n                      \"K1][<+`\",\n                      {\n                        \"mc\": \"<=169\"\n                      },\n                      {\n                        \"or\": [\n                          \"((z\\\"U9\",\n                          \"jCxM\"\n                        ]\n                      }\n                    ]\n                  },\n                  {\n                    \"mc\": \">=72\"\n                  }\n                ]\n              },\n              {\n                \"mc\": \">=21\"\n              }\n            ],\n            \"url\": \"https://5n920ak6c349ms7av23zfmm2a6r2ezfntr96y9v.uhylfb//@FSp/uhO/%F2%91%97%AER4PI=W/2tm/Y8w_FLz%F1%85%B8%80NF/fjQ7py1q/RaI@OH1%F0%96%82%A44/\",\n            \"info\": \"S\"\n          },\n          \"E')vb<sj\": {\n            \"name\": \"q\",\n            \"ay\": 1979,\n            \"assign\": [\n              \"MX=V \",\n              \"NMw1j<MP\",\n              \"g]I4\",\n              \"TCmw\\\\5][ \"\n            ],\n            \"satisfy\": \"#<Zq|\",\n            \"url\": \"https://0qtlit7u7bqsavgdk82sth0vbwjae4e96wqw0-mjrcyc-2vvprz4.zzz10mh-y-y-akkwfpwp509re.paq9jtjo598c2xa3.ickcuu6iu4rcm4ge7lphv7lih3es7m.ol/7:%F3%A8%97%B9j1_9N/T/*=/Cv!Q/$sM8%F2%BA%8B%AA5/ev9)A/(e%F1%BB%B5%A9q%F3%8A%B5%B4/.BQPB5/BS&Xh%E8%AC%8CY4W/\",\n            \"info\": \"+@lxQCFLM\"\n          },\n          \"Ewsmpv_od\": {\n            \"name\": \"3rQ.79\",\n            \"ay\": 1989,\n            \"assign\": \"[^#NQ7\",\n            \"match\": [\n              {\n                \"and\": [\n                  {\n                    \"and\": [\n                      \"BL71V\"\n                    ]\n                  },\n                  {\n                    \"and\": [\n                      \"HP6624F\",\n                      {\n                        \"or\": [\n                          \"EVW28\",\n                          {\n                            \"and\": []\n                          },\n                          {\n                            \"pattern\": \"VJ1\",\n                            \"exclude\": [\n                              \"WAR828\",\n                              \"LZI7459O\",\n                              \"QL7*\",\n                              \"RLx285\",\n                              \"CAT1140\"\n                            ]\n                          }\n                        ]\n                      },\n                      \"AN37P\"\n                    ]\n                  },\n                  {\n                    \"and\": []\n                  },\n                  {\n                    \"pattern\": \"VUF322Q\",\n                    \"exclude\": \"VWA8\",\n                    \"info\": \"\"\n                  },\n                  {\n                    \"pattern\": \"NF63*L\",\n                    \"exclude\": [\n                      \"VDx46\",\n                      \"KGS811B\"\n                    ]\n                  }\n                ]\n              }\n            ],\n            \"url\": \"https://ojt61gvs03ialhw.9xgbp611vu99falitneywxc06iquc7gpwkmiplv9e514tff9boe-uh048w88wjn.u92y1usuhqwdaf7iykpfdn2sa8ropf1kzu9idb1gxp36urt.vwz.noxrf//O2,u9Zr(b&//clwRLr/K\",\n            \"info\": \"pD)zf0`\"\n          }\n        },\n        \"n\": {\n          \"name\": \"$V%{O yz\",\n          \"ay\": 2025,\n          \"match\": [\n            {\n              \"pattern\": \"WIV*\",\n              \"exclude\": \"US67\"\n            }\n          ],\n          \"satisfy\": [\n            {\n              \"mc\": \"<=3\"\n            }\n          ],\n          \"url\": \"http://epxsb6mxr9lbcf8a8lr2e5fuf7c5vq9j9d7lh7c8gdfd7a75bf15q-7i7f.eecoy/js&_%F3%A9%B7%B7/ORu+yGzt%F2%91%93%82/_5_%E5%B3%9524/ugt.zwF5\",\n          \"info\": \"fe\",\n          \"\": {\n            \"name\": \"BoRw\",\n            \"assign\": \"*E/[Y\",\n            \"satisfy\": {\n              \"or\": []\n            },\n            \"url\": \"https://ft58a2ee99o.d-q-bd77f0ffcm-lednb08e.af85ic-vxbcd66cdp7hx8fcttjfdv5g.b.cceq5vv1fs0lu3hcmom1xg2cx5o8crt6i747fw34--xb89v7otocq.sqhvdjnofw/@b\",\n            \"info\": \"\\\\\"\n          }\n        }\n      },\n      \"TnBg.Zc\": {\n        \"ay\": 2013,\n        \"assign\": [\n          \"KS#A\",\n          \"O0d\"\n        ],\n        \"match\": \"YAS57*x\",\n        \"satisfy\": [\n          {\n            \"and\": [\n              {\n                \"mc\": \">=144\"\n              }\n            ]\n          }\n        ],\n        \"url\": \"https://ekf66e5x9flftf6pfdpb6.cepp-04yrhkf4f.dj9f3adzet-b720s5.wz/olwv/bMnh9@//\",\n        \"info\": \"pA\",\n        \"vzS(9a&8##\": {\n          \"name\": \"\\\"W[W\",\n          \"assign\": [\n            \"KQ\",\n            \"6X|R-p_\",\n            \"jWA\",\n            \"jp\",\n            \"/XX\"\n          ],\n          \"match\": [\n            \"VN5\",\n            {\n              \"and\": [\n                \"OAY141N\",\n                {\n                  \"pattern\": \"RL2260N\",\n                  \"exclude\": \"FRU80L\",\n                  \"info\": \"cxI4S\"\n                },\n                \"QT158H\",\n                {\n                  \"and\": [\n                    {\n                      \"pattern\": \"BLA49V\",\n                      \"info\": \"CW1\"\n                    },\n                    {\n                      \"pattern\": \"PPG04\",\n                      \"exclude\": [],\n                      \"info\": \"(Hcv6g\\\"p>n\"\n                    },\n                    {\n                      \"or\": [\n                        \"DN3\"\n                      ]\n                    },\n                    \"DJA1W\",\n                    \"EQF18*O\"\n                  ]\n                },\n                {\n                  \"pattern\": \"BFY7x**N\",\n                  \"exclude\": [\n                    \"GBN8Z\",\n                    \"YVN65xS\",\n                    \"FZ415xI\",\n                    \"LHC45X\"\n                  ],\n                  \"info\": \"UY\\\\eVE2zp=\"\n                }\n              ]\n            }\n          ],\n          \"satisfy\": \"bR\",\n          \"info\": \"\"\n        },\n        \"#Ly\": {\n          \"name\": \"9k^JP\",\n          \"ay\": 1972,\n          \"assign\": \"R7_\",\n          \"match\": [\n            {\n              \"or\": [\n                \"XI*2\",\n                {\n                  \"or\": [\n                    {\n                      \"and\": [\n                        \"QU4*1\"\n                      ]\n                    },\n                    \"JA661Y\",\n                    {\n                      \"pattern\": \"IKHx8\",\n                      \"exclude\": [\n                        \"PYB*52V\",\n                        \"IFK6476Q\"\n                      ],\n                      \"info\": \">+~\"\n                    }\n                  ]\n                },\n                {\n                  \"and\": [\n                    {\n                      \"pattern\": \"VHF216V\",\n                      \"exclude\": [\n                        \"WFE5\"\n                      ],\n                      \"info\": \"qm=9{=c3'P\"\n                    },\n                    \"YI887T\"\n                  ]\n                }\n              ]\n            },\n            {\n              \"pattern\": \"ER3D\",\n              \"exclude\": \"QKR*\",\n              \"info\": \"[uF/:|r>OL\"\n            },\n            {\n              \"and\": [\n                {\n                  \"and\": [\n                    {\n                      \"or\": [\n                        \"ZF5\",\n                        {\n                          \"or\": [\n                            {\n                              \"pattern\": \"ZZ5136\",\n                              \"exclude\": \"YM31\",\n                              \"info\": \"Yc\"\n                            },\n                            \"PMO0*x3P\",\n                            {\n                              \"and\": [\n                                \"FY65\"\n                              ]\n                            },\n                            {\n                              \"or\": []\n                            }\n                          ]\n                        }\n                      ]\n                    },\n                    \"VAxx1*\",\n                    {\n                      \"pattern\": \"EZJ9W\",\n                      \"info\": \"26\\\\HoJ\"\n                    },\n                    \"YS1L\"\n                  ]\n                }\n              ]\n            }\n          ],\n          \"satisfy\": {\n            \"mc\": \"<=68\"\n          },\n          \"info\": \"\",\n          \"6-+L|\": {\n            \"ay\": 1982,\n            \"assign\": \"ie ~2M \",\n            \"match\": [\n              {\n                \"pattern\": \"YBIx4\",\n                \"exclude\": \"FYM87*\",\n                \"info\": \"\\\\5\"\n              },\n              {\n                \"pattern\": \"KOxA\",\n                \"exclude\": [],\n                \"info\": \"nk4h5&m\"\n              },\n              {\n                \"or\": []\n              },\n              {\n                \"pattern\": \"HT0U\",\n                \"exclude\": \"FL8K\"\n              }\n            ],\n            \"satisfy\": [],\n            \"info\": \"@{Mm}Vx hx\"\n          }\n        },\n        \"#TId4@Iw\": {\n          \"name\": \"F#\",\n          \"ay\": 1955,\n          \"assign\": \"%kVx$}I+\",\n          \"match\": {\n            \"and\": [\n              {\n                \"and\": [\n                  \"LR71xA\",\n                  \"BNZ161\",\n                  {\n                    \"or\": [\n                      \"BDC76K\",\n                      {\n                        \"or\": [\n                          {\n                            \"and\": [\n                              \"FT5128\",\n                              \"FCA0D\"\n                            ]\n                          },\n                          \"JKxR\",\n                          \"UMN742\"\n                        ]\n                      },\n                      {\n                        \"or\": [\n                          \"XW2Q\",\n                          \"DVV84H\",\n                          \"WNN4*08V\"\n                        ]\n                      },\n                      \"ZTBxL\"\n                    ]\n                  },\n                  {\n                    \"and\": [\n                      \"WL6x\",\n                      \"SIT66T\",\n                      {\n                        \"pattern\": \"IDC1x14N\",\n                        \"exclude\": [\n                          \"NZ34S\",\n                          \"VKH59S\"\n                        ],\n                        \"info\": \"Y5`k&>m\"\n                      },\n                      {\n                        \"pattern\": \"HQx35N\",\n                        \"info\": \"Ele%/-\"\n                      },\n                      \"XVH17S\"\n                    ]\n                  },\n                  \"SR3*1\"\n                ]\n              },\n              {\n                \"pattern\": \"CVM8\",\n                \"exclude\": [\n                  \"KG*750\"\n                ],\n                \"info\": \"T>:iV*^`k?\"\n              },\n              \"HU4*0xK\",\n              {\n                \"or\": [\n                  {\n                    \"or\": [\n                      \"VL96\",\n                      \"QKU8X\",\n                      \"YIA7\",\n                      \"OQ769xJ\"\n                    ]\n                  },\n                  {\n                    \"pattern\": \"ZHL2U\",\n                    \"exclude\": [\n                      \"JQ8\"\n                    ],\n                    \"info\": \" A \"\n                  }\n                ]\n              },\n              {\n                \"and\": [\n                  {\n                    \"or\": []\n                  },\n                  \"NE8\",\n                  \"PB8Z\"\n                ]\n              }\n            ]\n          },\n          \"satisfy\": [\n            {\n              \"or\": []\n            },\n            \"v; ,}\\\\-fg\",\n            {\n              \"or\": [\n                {\n                  \"or\": [\n                    {\n                      \"or\": [\n                        \"/;}+[z#*~\",\n                        \"8Y\",\n                        \"3vfCsW\",\n                        {\n                          \"and\": [\n                            \"Lq\",\n                            \"a ~&YDI<\",\n                            \"h%Q$':(ID\",\n                            \"QDL/\\\"D\",\n                            {\n                              \"mc\": \">=162\"\n                            }\n                          ]\n                        },\n                        \"TSLl](pDQj\"\n                      ]\n                    }\n                  ]\n                },\n                {\n                  \"or\": [\n                    \"vKgc)a\",\n                    {\n                      \"mc\": \">=30\"\n                    }\n                  ]\n                },\n                \"=q0e<A':X\"\n              ]\n            }\n          ]\n        },\n        \"b!BK/fAM\": {\n          \"name\": \"i|$x\\\"3!}Zb\",\n          \"ay\": 1956,\n          \"assign\": [\n            \"\",\n            \"|\"\n          ],\n          \"satisfy\": {\n            \"or\": [\n              {\n                \"mc\": \">=133\"\n              },\n              {\n                \"and\": [\n                  {\n                    \"and\": [\n                      \"W d{Yk+G\"\n                    ]\n                  },\n                  {\n                    \"or\": [\n                      \"f xF>OE];\",\n                      \"ayL\",\n                      \"7&(FMET6OV\",\n                      \"F?ni\"\n                    ]\n                  },\n                  \"5VB0fe3S_1\",\n                  \"'B=!uATxhK\"\n                ]\n              }\n            ]\n          },\n          \"url\": \"http://vtuteagqm33615vfvi5hbotvc6k4bttwkr7mvo-m.x20rwf4-vozmkevm3jjcwtrs8suuw1pjj7zc36qj.jzwmncr/_A3pSR/%F4%8F%BF%B8eS\"\n        },\n        \"FDHv\": {\n          \"name\": \"){6\",\n          \"ay\": 2021,\n          \"assign\": \"}1}xN|\",\n          \"match\": [\n            {\n              \"pattern\": \"AED83\",\n              \"exclude\": \"DL81x1\",\n              \"info\": \"m\"\n            }\n          ],\n          \"satisfy\": {\n            \"mc\": \">=172\"\n          },\n          \"url\": \"https://q3qs36eltqwhog3gtj8c3dgmzwpmevpad74t9falu97hv7dt6sxgpx21ants5.y8ttn1y2co.vxqbkqqqb\",\n          \"info\": \"XcG3v>\",\n          \"+vG\": {\n            \"name\": \"&*\",\n            \"assign\": \"=]tb-fO\",\n            \"match\": {\n              \"and\": [\n                {\n                  \"and\": [\n                    \"UUN6286E\",\n                    {\n                      \"and\": [\n                        {\n                          \"or\": [\n                            {\n                              \"or\": []\n                            },\n                            \"NI0028\",\n                            \"YW33\",\n                            \"DIN1x6P\",\n                            {\n                              \"and\": [\n                                \"BB1Q\",\n                                \"YAV2xF\",\n                                \"CVS2\",\n                                \"DSR4505\",\n                                \"CVG5035\"\n                              ]\n                            }\n                          ]\n                        },\n                        {\n                          \"and\": [\n                            \"SKF9*7\",\n                            {\n                              \"pattern\": \"ADD9899\",\n                              \"info\": \"/GC\"\n                            },\n                            \"RU6L\",\n                            \"FL4B\",\n                            {\n                              \"pattern\": \"PC5495\",\n                              \"exclude\": \"LJ1*56E\",\n                              \"info\": \"0BXvwSs\"\n                            }\n                          ]\n                        },\n                        {\n                          \"pattern\": \"WW97X\",\n                          \"exclude\": [\n                            \"OX287U\",\n                            \"HMO302U\",\n                            \"JOE944X\"\n                          ],\n                          \"info\": \"s\"\n                        },\n                        {\n                          \"and\": [\n                            \"XK2x7\",\n                            \"YD306N\",\n                            {\n                              \"or\": [\n                                \"TBT3\",\n                                \"HWQ9\",\n                                \"XVX7x99\",\n                                \"AMP44xxJ\"\n                              ]\n                            },\n                            \"ZT447*\"\n                          ]\n                        },\n                        \"QLP1*Q\"\n                      ]\n                    },\n                    \"SU5\"\n                  ]\n                }\n              ]\n            },\n            \"satisfy\": [\n              {\n                \"mc\": \"<=23\"\n              },\n              {\n                \"and\": [\n                  {\n                    \"or\": [\n                      {\n                        \"and\": []\n                      },\n                      \"jh0|\",\n                      \"gb7\\\\6r{\",\n                      \"X\",\n                      {\n                        \"and\": []\n                      }\n                    ]\n                  },\n                  {\n                    \"mc\": \"<=71\"\n                  },\n                  {\n                    \"mc\": \">=93\"\n                  }\n                ]\n              },\n              {\n                \"and\": []\n              },\n              \"&cz'`\",\n              {\n                \"and\": [\n                  \"Hpve~Pa\",\n                  {\n                    \"mc\": \"<=67\"\n                  },\n                  \"<yH\"\n                ]\n              }\n            ],\n            \"url\": \"http://d-lndhj9do87ehsuxja2b1p.nwx8w850j9h8oftzaq07qr2-pcaynbw.dfkzylxq/31vY_$//)$/P2%F3%BB%83%8F/'Z(\"\n          },\n          \"IX\": {\n            \"name\": \"nAPp]fezm0\",\n            \"ay\": 1968,\n            \"assign\": \"$HY6_(\",\n            \"match\": [],\n            \"satisfy\": {\n              \"and\": [\n                {\n                  \"mc\": \"<=127\"\n                },\n                {\n                  \"mc\": \">=23\"\n                },\n                {\n                  \"mc\": \"<=74\"\n                },\n                \"BtD\\\\\",\n                \"Sk:\\\\\"\n              ]\n            },\n            \"info\": \"%i&C\"\n          },\n          \"rB\": {\n            \"ay\": 1973,\n            \"assign\": \",=6GA\",\n            \"match\": {\n              \"or\": []\n            },\n            \"url\": \"https://kfw4jl43cyke7c77dfohacjfg4e24fz8uix26x5v0mrt.gmgslbd3finkvegf5yw3xxlfjr-fu2smpunyumf.xiileaprk/52K//eiqq0G7k/:9XR_%F1%91%BE%A3x/JBUK=O1IY/&bwr!p/A95)/ARUE%F2%A5%80%94GBB5/z\",\n            \"info\": \"a\"\n          },\n          \"\": {\n            \"name\": \"kpeG,St*DG\",\n            \"ay\": 2015,\n            \"assign\": [\n              \"?YP5\"\n            ],\n            \"match\": [\n              {\n                \"and\": [\n                  {\n                    \"or\": [\n                      {\n                        \"or\": [\n                          \"YAO157D\"\n                        ]\n                      },\n                      \"LGC1408\",\n                      {\n                        \"pattern\": \"MM0*O\",\n                        \"exclude\": \"FK950\",\n                        \"info\": \"oE*mPn\"\n                      }\n                    ]\n                  },\n                  {\n                    \"and\": [\n                      {\n                        \"pattern\": \"FGF530N\"\n                      },\n                      \"SBM*1P\",\n                      \"DY7574\"\n                    ]\n                  }\n                ]\n              },\n              {\n                \"and\": [\n                  {\n                    \"or\": [\n                      {\n                        \"or\": [\n                          {\n                            \"pattern\": \"JBA1791\",\n                            \"exclude\": \"BUR382Q\"\n                          }\n                        ]\n                      },\n                      {\n                        \"and\": [\n                          {\n                            \"and\": [\n                              \"MAF294\",\n                              \"TRH4\",\n                              \"EBS9xY\",\n                              \"HL5780\"\n                            ]\n                          },\n                          {\n                            \"and\": [\n                              \"GJS5926\",\n                              {\n                                \"or\": []\n                              },\n                              \"QS1H\",\n                              \"TP*\"\n                            ]\n                          },\n                          \"YKT3\"\n                        ]\n                      }\n                    ]\n                  },\n                  {\n                    \"and\": [\n                      \"JP24\",\n                      \"OE6B\"\n                    ]\n                  },\n                  {\n                    \"or\": [\n                      {\n                        \"or\": [\n                          \"NTR6115T\",\n                          \"LIA6\",\n                          \"ZGS2\",\n                          \"UJ4D\",\n                          {\n                            \"pattern\": \"AP9T\",\n                            \"exclude\": \"UN9xR\",\n                            \"info\": \"km*d-UN\"\n                          }\n                        ]\n                      },\n                      \"RKG126\",\n                      {\n                        \"and\": [\n                          \"QJG3*8\",\n                          {\n                            \"pattern\": \"EXS01O\",\n                            \"exclude\": \"SVR*x18\",\n                            \"info\": \"(X`,Y\"\n                          },\n                          {\n                            \"and\": [\n                              \"EV40\",\n                              \"HP82F\",\n                              \"RRY1\",\n                              \"UF**C\",\n                              {\n                                \"or\": [\n                                  \"GJ8X\"\n                                ]\n                              }\n                            ]\n                          },\n                          {\n                            \"and\": [\n                              \"UA5246\",\n                              \"PAO6\",\n                              \"BYW49xT\",\n                              {\n                                \"and\": []\n                              }\n                            ]\n                          },\n                          {\n                            \"pattern\": \"ZDN390\",\n                            \"exclude\": [\n                              \"YRW3532M\"\n                            ],\n                            \"info\": \"pbZjsF;\"\n                          }\n                        ]\n                      },\n                      \"BCU5507P\",\n                      \"CUY960\"\n                    ]\n                  },\n                  \"VY1\",\n                  {\n                    \"and\": [\n                      {\n                        \"and\": [\n                          {\n                            \"pattern\": \"NW*190Z\",\n                            \"exclude\": \"YAx\",\n                            \"info\": \"8AV\"\n                          },\n                          {\n                            \"and\": [\n                              \"UFL6N\",\n                              \"XA57G\"\n                            ]\n                          },\n                          {\n                            \"and\": [\n                              \"AWF9594\",\n                              \"JM04P\",\n                              {\n                                \"or\": []\n                              },\n                              \"FQF8452G\"\n                            ]\n                          }\n                        ]\n                      },\n                      \"JV1\",\n                      {\n                        \"and\": [\n                          \"EHR826\",\n                          \"VGK65x1\"\n                        ]\n                      }\n                    ]\n                  }\n                ]\n              },\n              {\n                \"or\": [\n                  {\n                    \"and\": [\n                      \"HR055L\"\n                    ]\n                  },\n                  {\n                    \"or\": [\n                      \"RH7T\",\n                      {\n                        \"and\": [\n                          \"AZ06\",\n                          {\n                            \"pattern\": \"VFC34G\",\n                            \"exclude\": [\n                              \"JU2x2\",\n                              \"OY1R\",\n                              \"UZU7x1xE\"\n                            ],\n                            \"info\": \")->\"\n                          },\n                          \"GMx202\"\n                        ]\n                      },\n                      \"IE8X\"\n                    ]\n                  },\n                  {\n                    \"or\": [\n                      \"BT6050\",\n                      \"HR7280\",\n                      {\n                        \"pattern\": \"IS20A\",\n                        \"exclude\": [\n                          \"IO73\",\n                          \"IT418\",\n                          \"PBx41\"\n                        ],\n                        \"info\": \"((I(0Rbc\"\n                      },\n                      {\n                        \"and\": [\n                          \"EOU7\",\n                          {\n                            \"or\": [\n                              \"YIW85x2R\",\n                              \"YK7094I\",\n                              \"IT84T\"\n                            ]\n                          },\n                          \"EWZx715C\"\n                        ]\n                      },\n                      {\n                        \"pattern\": \"YWV939\",\n                        \"exclude\": \"LRU97L\",\n                        \"info\": \"\"\n                      }\n                    ]\n                  }\n                ]\n              },\n              \"LFS57\",\n              \"YXG2H\"\n            ],\n            \"satisfy\": [\n              {\n                \"and\": []\n              },\n              \">7\"\n            ]\n          }\n        }\n      }\n    }\n  },\n  {\n    \"title\": \"block sample 3\",\n    \"value\": {\n      \"name\": \"\",\n      \"ay\": 1975,\n      \"assign\": \"S,\",\n      \"match\": [\n        {\n          \"and\": [\n            {\n              \"pattern\": \"HFV9\",\n              \"exclude\": \"ELT7\",\n              \"info\": \"Qf3\"\n            },\n            {\n              \"and\": [\n                {\n                  \"or\": [\n                    \"IW652\",\n                    {\n                      \"or\": [\n                        \"AH88\",\n                        \"KY5Z\",\n                        {\n                          \"or\": [\n                            \"UX321\",\n                            \"YIX83\"\n                          ]\n                        },\n                        \"EF**\",\n                        \"IS34\"\n                      ]\n                    },\n                    {\n                      \"and\": [\n                        \"PFx037\",\n                        \"HGDx*N\",\n                        \"MU504\",\n                        {\n                          \"or\": [\n                            \"RNL93M\",\n                            \"EQT2x44S\",\n                            \"PM1L\",\n                            \"JS79\",\n                            \"VQ58\"\n                          ]\n                        }\n                      ]\n                    }\n                  ]\n                }\n              ]\n            }\n          ]\n        },\n        {\n          \"or\": []\n        },\n        {\n          \"and\": [\n            {\n              \"pattern\": \"VE*\",\n              \"exclude\": [\n                \"ICx\",\n                \"RS64B\",\n                \"ZPR36S\",\n                \"ZD41xM\"\n              ],\n              \"info\": \"0^?}:\"\n            },\n            \"TH6H\"\n          ]\n        },\n        {\n          \"or\": [\n            {\n              \"and\": [\n                {\n                  \"and\": [\n                    \"USA0\"\n                  ]\n                },\n                \"HJA7Y\",\n                {\n                  \"pattern\": \"YA8Y\",\n                  \"info\": \"\"\n                },\n                {\n                  \"pattern\": \"DL9*C\",\n                  \"info\": \"{N-.TU\"\n                },\n                \"ZX46x6\"\n              ]\n            },\n            {\n              \"or\": []\n            },\n            {\n              \"and\": []\n            },\n            \"NFM0x\"\n          ]\n        },\n        {\n          \"and\": [\n            {\n              \"or\": [\n                {\n                  \"or\": [\n                    {\n                      \"or\": [\n                        \"RH36\"\n                      ]\n                    },\n                    {\n                      \"pattern\": \"RJ3\",\n                      \"exclude\": [\n                        \"NZ9R\",\n                        \"JY18*N\"\n                      ]\n                    }\n                  ]\n                }\n              ]\n            },\n            {\n              \"or\": [\n                {\n                  \"pattern\": \"YOR*2\",\n                  \"exclude\": [\n                    \"LJx4K\",\n                    \"LBH3\",\n                    \"AGS35xY\"\n                  ],\n                  \"info\": \"\"\n                }\n              ]\n            }\n          ]\n        }\n      ],\n      \"satisfy\": {\n        \"or\": [\n          {\n            \"and\": [\n              {\n                \"or\": []\n              },\n              \"yy|!\",\n              {\n                \"mc\": \"<=76\"\n              },\n              \"CSHG(ljxCV\",\n              \"SY(9\"\n            ]\n          }\n        ]\n      },\n      \"info\": \"]J:S:N3b\"\n    }\n  },\n  {\n    \"title\": \"block sample 4\",\n    \"value\": {\n      \"name\": \"P)]!}&z~%j\",\n      \"ay\": 2015,\n      \"assign\": [\n        \"U_bjR%}\"\n      ],\n      \"match\": {\n        \"and\": [\n          \"ZB*2C\",\n          {\n            \"and\": [\n              {\n                \"or\": [\n                  \"EQJ5O\",\n                  \"TFX640x\",\n                  {\n                    \"and\": []\n                  }\n                ]\n              },\n              {\n                \"and\": [\n                  {\n                    \"or\": []\n                  },\n                  {\n                    \"or\": [\n                      \"IAF557\",\n                      \"EM191x\",\n                      {\n                        \"or\": [\n                          \"MRPx\",\n                          \"ILJ1\",\n                          {\n                            \"pattern\": \"AN9*\",\n                            \"info\": \"/9OiL5mQ\"\n                          }\n                        ]\n                      }\n                    ]\n                  },\n                  {\n                    \"and\": [\n                      \"CVP76*\",\n                      {\n                        \"or\": [\n                          \"AHS96\",\n                          \"BT4T\"\n                        ]\n                      },\n                      \"MD1220\",\n                      \"UPXx952B\"\n                    ]\n                  }\n                ]\n              },\n              \"IL3S\"\n            ]\n          },\n          {\n            \"or\": [\n              {\n                \"or\": [\n                  \"DFH*6\",\n                  \"EWJ96U\"\n                ]\n              }\n            ]\n          },\n          {\n            \"or\": [\n              \"IDA284\",\n              {\n                \"pattern\": \"YI853J\"\n              },\n              \"UOF366N\"\n            ]\n          },\n          \"MW662x\"\n        ]\n      },\n      \"satisfy\": [\n        \"m/,,%O:\",\n        {\n          \"and\": [\n            {\n              \"and\": [\n                {\n                  \"or\": [\n                    \"bA7\",\n                    \"rg2j=\",\n                    \"]cJ[_d\",\n                    {\n                      \"mc\": \">=167\"\n                    }\n                  ]\n                },\n                {\n                  \"and\": [\n                    \"[2o|gq_vGf\",\n                    \"2g}oS!u\"\n                  ]\n                },\n                {\n                  \"and\": [\n                    {\n                      \"and\": [\n                        {\n                          \"or\": [\n                            \"63Q\",\n                            \"\\\\h@m\",\n                            \"2zRSYW\",\n                            \"85tlwB>\"\n                          ]\n                        },\n                        \"`~d\",\n                        \"P<\",\n                        \"CN\"\n                      ]\n                    },\n                    \"$mc[jcbc0\",\n                    \"!Ap.M-?C?\",\n                    \"Bn3Cg=$r\"\n                  ]\n                },\n                {\n                  \"and\": [\n                    \"<W6-!`fn\",\n                    \"@t-c\",\n                    \";x\",\n                    \"KEXz!^xMY\"\n                  ]\n                }\n              ]\n            }\n          ]\n        },\n        \"F^'=\",\n        {\n          \"or\": [\n            {\n              \"mc\": \"<=187\"\n            },\n            {\n              \"or\": [\n                {\n                  \"or\": [\n                    {\n                      \"or\": [\n                        \"4$frmy(Jt#\",\n                        {\n                          \"and\": [\n                            {\n                              \"and\": [\n                                \"`DM-X\",\n                                \"6!#C\"\n                              ]\n                            }\n                          ]\n                        },\n                        \"e_D_{[,\"\n                      ]\n                    },\n                    \"z}55Tizd\",\n                    {\n                      \"or\": [\n                        \"G\",\n                        \"?x\\\"\"\n                      ]\n                    },\n                    {\n                      \"and\": [\n                        \" ZM-\",\n                        \":;Z[vmi-\",\n                        {\n                          \"and\": [\n                            \"/EHg?pU!sj\",\n                            {\n                              \"mc\": \"<=57\"\n                            },\n                            \"~f3~ r=6]L\"\n                          ]\n                        },\n                        {\n                          \"or\": [\n                            \"BwjPu2{2.\",\n                            \"=E>aTI0v\",\n                            \"\"\n                          ]\n                        },\n                        \"=dkI\"\n                      ]\n                    },\n                    \"SOyj*f_\"\n                  ]\n                },\n                {\n                  \"mc\": \"<=54\"\n                }\n              ]\n            },\n            {\n              \"mc\": \">=84\"\n            },\n            \"w^|/f(Ac\"\n          ]\n        }\n      ],\n      \"info\": \"\"\n    }\n  },\n  {\n    \"title\": \"block sample 5\",\n    \"value\": {\n      \"name\": \"RAI\",\n      \"assign\": [\n        \"}\"\n      ],\n      \"match\": [\n        {\n          \"or\": [\n            {\n              \"pattern\": \"KWE970G\",\n              \"exclude\": [\n                \"YM*359D\",\n                \"CVY16\",\n                \"PNL6B\",\n                \"EL4xx\"\n              ],\n              \"info\": \" v/\"\n            },\n            {\n              \"or\": [\n                \"JYM55S\",\n                {\n                  \"or\": [\n                    \"KD4146W\"\n                  ]\n                }\n              ]\n            },\n            {\n              \"or\": [\n                {\n                  \"pattern\": \"NLM12*\",\n                  \"exclude\": \"VGN11I\",\n                  \"info\": \")*xY\"\n                },\n                \"JH32\",\n                \"OD975R\",\n                {\n                  \"pattern\": \"BH629\",\n                  \"info\": \"R\"\n                }\n              ]\n            },\n            {\n              \"and\": [\n                \"HKR3x\",\n                {\n                  \"and\": [\n                    \"CE4*Y\"\n                  ]\n                },\n                {\n                  \"pattern\": \"HJ*x36Q\",\n                  \"info\": \"~or9}v`<\"\n                },\n                \"QXS1671J\"\n              ]\n            },\n            {\n              \"pattern\": \"DH0\",\n              \"info\": \"UF=:X \"\n            }\n          ]\n        },\n        {\n          \"or\": [\n            {\n              \"or\": [\n                {\n                  \"and\": [\n                    {\n                      \"or\": [\n                        {\n                          \"and\": [\n                            \"TW4\"\n                          ]\n                        },\n                        {\n                          \"and\": []\n                        },\n                        \"IKD61M\",\n                        \"UL732H\"\n                      ]\n                    },\n                    \"YZN14V\",\n                    {\n                      \"or\": []\n                    },\n                    \"KHJ6\"\n                  ]\n                },\n                \"DLH91\",\n                {\n                  \"and\": [\n                    {\n                      \"and\": [\n                        \"GDL6637O\",\n                        {\n                          \"or\": [\n                            \"NXK17*1\",\n                            \"XJQ*28\"\n                          ]\n                        },\n                        \"HR*C\"\n                      ]\n                    },\n                    {\n                      \"and\": [\n                        {\n                          \"or\": [\n                            \"SI2072B\",\n                            \"IL5\",\n                            \"QU9198W\",\n                            \"RT75\"\n                          ]\n                        },\n                        \"ILU177*M\",\n                        \"ZUx1\",\n                        \"GQ17R\",\n                        \"XM7441G\"\n                      ]\n                    }\n                  ]\n                }\n              ]\n            },\n            {\n              \"pattern\": \"TEFx5\",\n              \"exclude\": \"ZOZxQ\",\n              \"info\": \"\"\n            },\n            {\n              \"and\": [\n                {\n                  \"and\": [\n                    {\n                      \"pattern\": \"AX95*5\",\n                      \"exclude\": [\n                        \"QJK*61I\"\n                      ]\n                    },\n                    \"XTA494\",\n                    \"NSW*9xE\",\n                    {\n                      \"and\": [\n                        \"UUC30Z\",\n                        \"VSZ0x*7J\"\n                      ]\n                    },\n                    \"DW91\"\n                  ]\n                },\n                {\n                  \"and\": [\n                    \"QWC3C\",\n                    \"CKT0*41\",\n                    {\n                      \"and\": [\n                        \"NCP*\"\n                      ]\n                    }\n                  ]\n                },\n                \"BKF9x5O\"\n              ]\n            },\n            {\n              \"and\": [\n                {\n                  \"pattern\": \"MS1\",\n                  \"exclude\": [\n                    \"TX9\",\n                    \"TQ*\",\n                    \"SE1A\"\n                  ],\n                  \"info\": \"n0W\"\n                }\n              ]\n            },\n            \"JME6\"\n          ]\n        },\n        \"VQx846\"\n      ],\n      \"satisfy\": {\n        \"or\": [\n          {\n            \"mc\": \"<=61\"\n          },\n          \"tw&-|/]|0O\",\n          {\n            \"mc\": \">=104\"\n          },\n          \"z)Ur\",\n          \"73)ep)F^\"\n        ]\n      },\n      \"y)mV\\\\\": {\n        \"ay\": 1989,\n        \"match\": {\n          \"and\": [\n            \"EM7\",\n            {\n              \"pattern\": \"GJ78\",\n              \"exclude\": \"WE7217\",\n              \"info\": \"1G\"\n            }\n          ]\n        },\n        \"satisfy\": {\n          \"or\": []\n        },\n        \"url\": \"https://3c44wxtp3i9f.122-dwufwwe05ch5phvsm7lf77kafvz4vs15622mke.c1v-ajyhwk81t-cmxuaevd0taemmatgukv.aef/b(ff=9Z/dv\",\n        \"info\": \"z#([x\"\n      }\n    }\n  },\n  {\n    \"title\": \"block sample 6\",\n    \"value\": {\n      \"name\": \"0 OuPaqQ?\",\n      \"ay\": 1995,\n      \"assign\": [\n        \" )=u\",\n        \"OL>\\\\diE|\",\n        \"u%v;h\"\n      ],\n      \"match\": [],\n      \"satisfy\": [],\n      \"url\": \"http://4z.de0at.gloftv//CT/j%F3%AF%B1%84%F4%8F%AC%82Dm)nA\",\n      \"Dh?\": {\n        \"ay\": 2025,\n        \"assign\": [\n          \"`687vXT\",\n          \"\",\n          \"\"\n        ],\n        \"match\": {\n          \"or\": [\n            {\n              \"or\": [\n                {\n                  \"or\": [\n                    {\n                      \"pattern\": \"PF775\",\n                      \"exclude\": [\n                        \"TUU178\",\n                        \"SB065\",\n                        \"MHXx189A\"\n                      ]\n                    }\n                  ]\n                }\n              ]\n            },\n            {\n              \"and\": [\n                {\n                  \"and\": []\n                },\n                \"IMP9\",\n                {\n                  \"and\": [\n                    \"NKE97\",\n                    \"JI78xK\",\n                    {\n                      \"or\": [\n                        \"CH2339K\",\n                        \"LHU3x95\",\n                        {\n                          \"or\": [\n                            {\n                              \"pattern\": \"FCCxx58\",\n                              \"exclude\": \"AE4x\"\n                            },\n                            \"PZ0395\"\n                          ]\n                        },\n                        {\n                          \"pattern\": \"DMU1\",\n                          \"exclude\": \"EBU8x\",\n                          \"info\": \"I.o\"\n                        }\n                      ]\n                    },\n                    \"LPE54C\",\n                    \"DKE23P\"\n                  ]\n                }\n              ]\n            },\n            \"GL69X\",\n            {\n              \"or\": [\n                \"MR0\",\n                {\n                  \"and\": [\n                    \"SOx6x3\",\n                    {\n                      \"or\": []\n                    },\n                    \"VEP83\",\n                    {\n                      \"pattern\": \"CIM3\",\n                      \"exclude\": \"FNE514\"\n                    },\n                    \"WY4J\"\n                  ]\n                },\n                {\n                  \"and\": [\n                    {\n                      \"pattern\": \"ML9*1\",\n                      \"exclude\": [],\n                      \"info\": \"/,dKZ^vqZC\"\n                    },\n                    {\n                      \"or\": [\n                        \"ZSS18x7Z\",\n                        {\n                          \"pattern\": \"AOHx4x3I\",\n                          \"exclude\": \"PD388xV\",\n                          \"info\": \"~.\"\n                        },\n                        \"TMV336\",\n                        {\n                          \"or\": [\n                            \"RG3B\"\n                          ]\n                        },\n                        \"PFX4974K\"\n                      ]\n                    },\n                    {\n                      \"pattern\": \"RD163N\",\n                      \"info\": \"d\"\n                    },\n                    {\n                      \"pattern\": \"TU3772\",\n                      \"exclude\": [\n                        \"EPO11\"\n                      ],\n                      \"info\": \"0}UWaU;pb\"\n                    }\n                  ]\n                },\n                \"CAJ5\"\n              ]\n            }\n          ]\n        },\n        \"satisfy\": {\n          \"or\": [\n            {\n              \"mc\": \"<=90\"\n            },\n            \"5W*p\",\n            {\n              \"or\": []\n            }\n          ]\n        },\n        \"url\": \"https://fe4j4vrla8qhqihhdg1bdb7z1alz7b3ci7g08nr4.7d50djkpp4qdqk20lxo5sg51yc9q5myqblhyk2sazbufllwq4zows1l0ib.i.s8458x1t32mgpk53f9.35lywmglibx4udy.hxgztxrqsy/%F1%A9%90%B659yi@5/r%F0%B6%BE%BB/sv/A7%F1%B7%A8%A9-XJI%F0%AA%B9%9D/em\",\n        \"info\": \"e(\",\n        \"s#r'z`IX\": {\n          \"name\": \"\",\n          \"ay\": 1966,\n          \"assign\": \"#5\",\n          \"match\": [\n            {\n              \"or\": [\n                {\n                  \"or\": [\n                    {\n                      \"pattern\": \"YD0723\",\n                      \"info\": \"$xdYZ\"\n                    }\n                  ]\n                },\n                \"DCI0\",\n                {\n                  \"and\": [\n                    \"WKS6\"\n                  ]\n                },\n                {\n                  \"or\": [\n                    \"XN6x\",\n                    {\n                      \"and\": []\n                    },\n                    {\n                      \"or\": [\n                        {\n                          \"pattern\": \"EJ94H\",\n                          \"exclude\": [\n                            \"BI*S\",\n                            \"YZN92Z\",\n                            \"JTVx09T\"\n                          ],\n                          \"info\": \"Tdt#\"\n                        },\n                        \"IRG0\"\n                      ]\n                    },\n                    {\n                      \"pattern\": \"VWQx*03E\",\n                      \"exclude\": \"CC*\",\n                      \"info\": \"3)ON\"\n                    },\n                    {\n                      \"and\": [\n                        \"IKx89\",\n                        \"ORIx279\",\n                        \"CBY1\",\n                        {\n                          \"and\": [\n                            {\n                              \"pattern\": \"UBF56*\",\n                              \"exclude\": \"XDI0xxxA\",\n                              \"info\": \"+~ZdT\"\n                            },\n                            \"PSX951x\",\n                            \"YT01\",\n                            \"XHx204\"\n                          ]\n                        }\n                      ]\n                    }\n                  ]\n                },\n                {\n                  \"pattern\": \"MXW4\",\n                  \"exclude\": \"RH54\",\n                  \"info\": \"n+k\"\n                }\n              ]\n            }\n          ],\n          \"satisfy\": [\n            {\n              \"and\": [\n                {\n                  \"and\": []\n                },\n                \"Oa'#13~\",\n                {\n                  \"or\": [\n                    \"\"\n                  ]\n                },\n                {\n                  \"mc\": \">=134\"\n                },\n                {\n                  \"mc\": \"<=104\"\n                }\n              ]\n            },\n            \"v\",\n            {\n              \"or\": [\n                {\n                  \"or\": [\n                    \"Cz4De}pH(\",\n                    \"\",\n                    \"\"\n                  ]\n                },\n                \";<'ARyW;x,\"\n              ]\n            },\n            {\n              \"and\": []\n            }\n          ],\n          \"url\": \"http://w.j66q73kf3recsmpijad19q861mk1zqitq5wcxhume-wnop54ihcl0l2ch6s3n9f.dy/Kh%F2%80%A3%A2zDL5r1+/aR9)6/TURCb7w%F0%A7%AB%AB/:s/%F1%9E%92%9F/%F0%AF%A1%B9Ki4@$%F3%89%9B%A9d!i/w,%F4%85%AA%A7CGE%F4%88%A9%B0\",\n          \"info\": \"\",\n          \"V/ZFw@H&d\": {\n            \"name\": \">\",\n            \"ay\": 2029,\n            \"assign\": [\n              \"_.]%I8C1\"\n            ],\n            \"match\": [\n              \"DEx35\",\n              {\n                \"and\": [\n                  \"BT1\"\n                ]\n              },\n              {\n                \"pattern\": \"ER599L\",\n                \"info\": \"L/|Q\"\n              },\n              {\n                \"and\": [\n                  \"KB97*6U\",\n                  {\n                    \"or\": [\n                      \"FS78E\",\n                      \"LC730\"\n                    ]\n                  },\n                  {\n                    \"and\": [\n                      \"BEx1\",\n                      \"UD55\"\n                    ]\n                  }\n                ]\n              },\n              {\n                \"and\": [\n                  {\n                    \"and\": [\n                      {\n                        \"pattern\": \"OI*X\",\n                        \"exclude\": [],\n                        \"info\": \"1ocHnmY6\"\n                      },\n                      \"OJE33\",\n                      {\n                        \"pattern\": \"SR76\",\n                        \"exclude\": \"TE3N\",\n                        \"info\": \"'bK|\"\n                      },\n                      \"LHW0536\"\n                    ]\n                  },\n                  {\n                    \"and\": [\n                      \"XDG904Q\",\n                      {\n                        \"or\": [\n                          \"JNx*02\",\n                          {\n                            \"pattern\": \"FT*55\",\n                            \"exclude\": \"FYL4*1X\",\n                            \"info\": \"HF(b^\"\n                          },\n                          {\n                            \"or\": [\n                              \"NL6xxxZ\"\n                            ]\n                          },\n                          \"BW17*4K\",\n                          {\n                            \"or\": [\n                              \"DO17xJ\",\n                              \"RD*4x4\",\n                              \"XJ194*\",\n                              \"WDT6\"\n                            ]\n                          }\n                        ]\n                      },\n                      \"BLA8\"\n                    ]\n                  }\n                ]\n              }\n            ],\n            \"satisfy\": [\n              \";BC!gxn5Td\",\n              {\n                \"mc\": \">=99\"\n              },\n              {\n                \"or\": [\n                  {\n                    \"or\": [\n                      \"|CMo`P\",\n                      {\n                        \"and\": [\n                          {\n                            \"mc\": \"<=170\"\n                          },\n                          \"\",\n                          \";vCBT:,4\"\n                        ]\n                      }\n                    ]\n                  },\n                  \"i-D\",\n                  {\n                    \"or\": [\n                      \"DproyTn\",\n                      {\n                        \"and\": [\n                          \"@ii\"\n                        ]\n                      },\n                      \"od{Qk\",\n                      \"0gu-MeYVf\"\n                    ]\n                  }\n                ]\n              }\n            ],\n            \"url\": \"http://v.n6ja06ayn-rhbpmjjg816tidvuwq5wcfrzc.fsxy/8Dw38jARMY/phE%F2%81%99%8A/%F2%94%82%97OZzsc/,~/j%F3%90%A4%93%F2%AA%96%93tP\",\n            \"info\": \"x{7eDW\"\n          },\n          \"W6.I/F\": {\n            \"name\": \"hWs5l\\\"\",\n            \"ay\": 1993,\n            \"assign\": \"[/'Tk\",\n            \"match\": \"URZ8\",\n            \"satisfy\": {\n              \"or\": []\n            },\n            \"url\": \"http://hryoqf0ts76345ajuh7k0xsxpf53gl6o8m8n18lkt0ubdf6skgfj82059n.bcj21-qw6pvq8qbjq-qvahvypdpvyuy-q.7.lpi-9mw1v1.8i56oy.fc//VLX/A/w.&CZfZ*p9/oB3a\",\n            \"info\": \"*&}A`.\"\n          }\n        },\n        \"\": {\n          \"name\": \"e*]`\",\n          \"ay\": 2006,\n          \"assign\": \"\",\n          \"match\": [\n            {\n              \"pattern\": \"PH5x0\",\n              \"exclude\": [\n                \"RD6\",\n                \"FJ18\"\n              ],\n              \"info\": \"No\"\n            },\n            {\n              \"or\": [\n                {\n                  \"or\": [\n                    {\n                      \"or\": [\n                        \"ZBFx7\",\n                        \"DO542\",\n                        {\n                          \"or\": [\n                            \"PZV8\"\n                          ]\n                        }\n                      ]\n                    },\n                    {\n                      \"and\": [\n                        {\n                          \"pattern\": \"IAY9123\",\n                          \"exclude\": \"RF70R\",\n                          \"info\": \"\"\n                        },\n                        \"OWPxxN\",\n                        {\n                          \"or\": []\n                        },\n                        \"UOx6*8G\"\n                      ]\n                    }\n                  ]\n                }\n              ]\n            },\n            {\n              \"pattern\": \"CA2560O\",\n              \"exclude\": \"QE9x4\",\n              \"info\": \"1v]7u%\"\n            },\n            {\n              \"pattern\": \"BZO1166\",\n              \"exclude\": \"VT67xB\",\n              \"info\": \"(H'Pw}lw<(\"\n            }\n          ],\n          \"satisfy\": [\n            \"DG19.a}f-C\"\n          ],\n          \"url\": \"https://19y.tmbomesxvq59lsipbaeowo8f9qffrfd1blyuggxjqhkkop58jlsci19et.l7cy7083xdevvifcblf3jnlzn8ins4-ds0e5ymc8dspk0bmt6w.ncsndd/0/7%E7%98%8Eh%F2%BB%88%86Bt&5tO/1*(&sN%F0%A5%AA%8F/dsan\",\n          \"info\": \"M-'q'5JW+\"\n        },\n        \"g&,+W:\": {\n          \"ay\": 1961,\n          \"assign\": \"Z.\",\n          \"match\": \"KQT024M\",\n          \"url\": \"https://jssh8dtmodqj5k0mtdo4uaa6r-ritcooigq5oka57h02eifz4pps-sq91w2.q3-a0kuke-s6emaxyvyjaft-h2phqfaquoiz.gksvdag/x,ziViURn/\",\n          \"info\": \"Sfi1)!jr\"\n        },\n        \"|6n?\": {\n          \"name\": \"qZsx\",\n          \"ay\": 2027,\n          \"match\": {\n            \"and\": [\n              {\n                \"or\": [\n                  {\n                    \"pattern\": \"ZFL*N\",\n                    \"exclude\": \"DZK877B\"\n                  }\n                ]\n              },\n              \"PMY14W\",\n              {\n                \"or\": [\n                  \"FEN91V\",\n                  \"SQ2661\"\n                ]\n              },\n              {\n                \"and\": []\n              }\n            ]\n          },\n          \"satisfy\": \"D|w}xS}wS4\",\n          \"info\": \"[j;yh\\\\$I-T\",\n          \"=>\": {\n            \"name\": \"Em*SQKx\",\n            \"ay\": 2006,\n            \"assign\": \"\",\n            \"match\": [],\n            \"satisfy\": [],\n            \"url\": \"http://gfht5oa15ttc4gmwon91.yd5.1.sn0ql6oa8nv5-v7w52852zvf8v1.p2mmu3o41lw54qq6.jkbbbf/%F2%95%B2%A0(Ln20hA/4vVJY8/kbR1R/ZPc,%F0%AF%BD%A4/QH62G/tO.0QkBu@(/7d%F2%86%BD%8BdeH\",\n            \"info\": \"\"\n          },\n          \"b9EaY}\": {\n            \"name\": \"Vt5+%?+ 8?\",\n            \"ay\": 2015,\n            \"assign\": [\n              \" PB.[}\"\n            ],\n            \"match\": [],\n            \"satisfy\": {\n              \"or\": [\n                \"vi]5h\",\n                {\n                  \"mc\": \"<=2\"\n                }\n              ]\n            },\n            \"url\": \"https://vn7evw6xk28-btfg84i7ve2zil4pl-e1e17s1g9ptiqj9mm.tdtomg/cykoO/8/AxFAE/eci@6%F0%B8%80%88/$%E2%B8%91J@VS_GXv/e/zzCBK7i'/rNs%F2%BE%B1%81,7K04T/w/k@!~p%F2%84%B6%8EZmll\",\n            \"info\": \"BPH]LT~oR\"\n          },\n          \"R\": {\n            \"match\": {\n              \"or\": []\n            },\n            \"satisfy\": [\n              {\n                \"mc\": \"<=130\"\n              },\n              \"_LnkJ?{~/\",\n              {\n                \"or\": [\n                  {\n                    \"or\": [\n                      \"f}rznJ\",\n                      \"YY!Rp\",\n                      \"MFfsg52A'\"\n                    ]\n                  },\n                  \"~hwwQ\",\n                  {\n                    \"and\": [\n                      {\n                        \"and\": []\n                      },\n                      {\n                        \"mc\": \">=54\"\n                      }\n                    ]\n                  },\n                  {\n                    \"mc\": \">=176\"\n                  },\n                  {\n                    \"or\": [\n                      \"\",\n                      {\n                        \"or\": [\n                          {\n                            \"and\": [\n                              \"K\",\n                              \" ar~gxz\",\n                              {\n                                \"and\": []\n                              },\n                              \"OL\"\n                            ]\n                          },\n                          {\n                            \"and\": [\n                              \"aISaLPZe\",\n                              \"~AO<\",\n                              \">Y =2lCZ\"\n                            ]\n                          }\n                        ]\n                      },\n                      \"@c58Z|%N\",\n                      \"clq-\"\n                    ]\n                  }\n                ]\n              },\n              \"hI9-\\\\8W\"\n            ],\n            \"info\": \"D'0o!|\"\n          },\n          \"u?\": {\n            \"name\": \"\",\n            \"ay\": 1959,\n            \"assign\": [\n              \"Fj z4]\",\n              \"5gcga\",\n              \"c\",\n              \"ft5<[dAx\",\n              \"\"\n            ],\n            \"match\": [\n              \"HE506H\",\n              \"GR4xx\"\n            ],\n            \"satisfy\": [\n              {\n                \"and\": [\n                  {\n                    \"mc\": \"<=199\"\n                  },\n                  {\n                    \"or\": [\n                      \"?QTYnH*Q\",\n                      {\n                        \"mc\": \"<=62\"\n                      },\n                      \"8|lGIVKTW6\"\n                    ]\n                  }\n                ]\n              },\n              {\n                \"mc\": \"<=52\"\n              }\n            ],\n            \"info\": \"B^\"\n          }\n        }\n      },\n      \"{#A\": {\n        \"name\": \"c\\\"bXFv-\\\\S\",\n        \"assign\": \"yW~14e/A=\",\n        \"match\": {\n          \"and\": [\n            {\n              \"and\": [\n                \"NESx42x\",\n                \"DGV900I\",\n                \"FT9\",\n                {\n                  \"or\": [\n                    \"CZO016E\"\n                  ]\n                }\n              ]\n            },\n            {\n              \"pattern\": \"SMN22\",\n              \"exclude\": [\n                \"ZA5\",\n                \"RYVx\"\n              ],\n              \"info\": \"6E22L\"\n            }\n          ]\n        },\n        \"satisfy\": [\n          {\n            \"and\": [\n              {\n                \"or\": [\n                  \"LUIq7kJv<\",\n                  {\n                    \"and\": [\n                      \"S\"\n                    ]\n                  }\n                ]\n              }\n            ]\n          },\n          {\n            \"or\": []\n          },\n          {\n            \"mc\": \">=160\"\n          },\n          {\n            \"or\": []\n          },\n          {\n            \"or\": [\n              \"P[g_N$kM\\\\\",\n              {\n                \"and\": []\n              },\n              {\n                \"or\": [\n                  {\n                    \"or\": [\n                      \"GZ#\",\n                      {\n                        \"and\": [\n                          {\n                            \"or\": [\n                              \";CN_#gvZ@\"\n                            ]\n                          },\n                          \"sl\\\"zM =3;;\",\n                          \"v#CU\\\\-3M7\",\n                          \"9:l7Lv Gd\"\n                        ]\n                      },\n                      {\n                        \"and\": [\n                          \"*a%F]\"\n                        ]\n                      },\n                      \"|K\"\n                    ]\n                  }\n                ]\n              },\n              {\n                \"and\": [\n                  \"/=I!cJ~O\",\n                  {\n                    \"mc\": \"<=130\"\n                  }\n                ]\n              }\n            ]\n          }\n        ],\n        \"url\": \"https://d0yzltruzj2c.z.l1d06-bo5v90s47ep.zb77yru3mem97qmgz46rp9hxe2pyyggevbyywklhyy53cr2dcj67ws0.dqq/QT;;KN1d/m/%F4%85%9C%B9vnW;%E3%99%80I\",\n        \"info\": \"JUd\"\n      }\n    }\n  },\n  {\n    \"tit
[...]
            },
            {
              "title": "should truncate list of modules with upper bound of MCs, cutting off at the minimum starting sequence that exceeds upper bound, if total MC count is higher and there exists no starting sequence with exact MC count",
              "fullTitle": "inequalitySatisfier should truncate list of modules with upper bound of MCs, cutting off at the minimum starting sequence that exceeds upper bound, if total MC count is higher and there exists no starting sequence with exact MC count",
              "timedOut": false,
              "duration": 1,
              "state": "passed",
              "speed": "fast",
              "pass": true,
              "fail": false,
              "pending": false,
              "context": null,
              "code": "const satisfier = satisfiers_1.inequalitySatisfier(ref, \"<=17\");\nsatisfier.should.have.property(\"filter\");\nconst { filter } = satisfier;\nisCorrectFilter(filter, modulesList1, [\n    \"CS2100\",\n    \"GER1000\",\n    \"CS2040S\",\n    \"ST2131\",\n    \"MA1521\",\n]);",
              "err": {},
              "uuid": "19187a2c-e79c-4f32-9d16-9c9dd14b0346",
              "parentUUID": "4cde7842-f33e-45f4-a626-35f7bb56a1fb",
              "isHook": false,
              "skipped": false
            }
          ],
          "suites": [],
          "passes": [
            "d32ffd25-97d8-4f0b-b42f-ddb38a372a56",
            "3fe31899-5acd-426a-8768-9396cca45986",
            "e82e76df-a2dc-4194-bac8-5ff9d919d762",
            "dc9da375-d85c-4bbf-92f8-6322938f2558",
            "c928e8d6-9b6e-4610-a00c-de2bad28cac9",
            "57218667-a0fb-40d9-8559-b23a6b5c3796",
            "19187a2c-e79c-4f32-9d16-9c9dd14b0346"
          ],
          "failures": [],
          "pending": [],
          "skipped": [],
          "duration": 3,
          "root": false,
          "rootEmpty": false,
          "_timeout": 2000
        },
        {
          "uuid": "60ee0b9f-7cbc-4a80-ac95-1f73073f42d5",
          "title": "inequalitySchema",
          "fullFile": "/home/runner/work/planwithus-lib/planwithus-lib/src/satisfyRule/inequality/schemas.test.ts",
          "file": "/src/satisfyRule/inequality/schemas.test.ts",
          "beforeHooks": [],
          "afterHooks": [],
          "tests": [
            {
              "title": "should validate inequality in the form <=n or >=n",
              "fullTitle": "inequalitySchema should validate inequality in the form <=n or >=n",
              "timedOut": false,
              "duration": 1,
              "state": "passed",
              "speed": "fast",
              "pass": true,
              "fail": false,
              "pending": false,
              "context": "[\n  {\n    \"title\": \"inequality sample 0\",\n    \"value\": \"<=17\"\n  },\n  {\n    \"title\": \"inequality sample 1\",\n    \"value\": \"<=6\"\n  },\n  {\n    \"title\": \"inequality sample 2\",\n    \"value\": \"<=2\"\n  },\n  {\n    \"title\": \"inequality sample 3\",\n    \"value\": \">=8\"\n  },\n  {\n    \"title\": \"inequality sample 4\",\n    \"value\": \"<=105\"\n  },\n  {\n    \"title\": \"inequality sample 5\",\n    \"value\": \"<=7\"\n  },\n  {\n    \"title\": \"inequality sample 6\",\n    \"value\": \"<=6\"\n  },\n  {\n    \"title\": \"inequality sample 7\",\n    \"value\": \"<=187\"\n  },\n  {\n    \"title\": \"inequality sample 8\",\n    \"value\": \"<=111\"\n  },\n  {\n    \"title\": \"inequality sample 9\",\n    \"value\": \">=196\"\n  }\n]",
              "code": "fast_check_1.sample(index_test_2.inequality, 10).forEach((sample, i) => addContext_1.default(this, {\n    title: `inequality sample ${i}`,\n    value: sample,\n}));\nreturn fast_check_1.assert(fast_check_1.property(index_test_2.inequality, ajvValidate));",
              "err": {},
              "uuid": "ded66863-e167-4967-a1f8-5c022d00a18e",
              "parentUUID": "60ee0b9f-7cbc-4a80-ac95-1f73073f42d5",
              "isHook": false,
              "skipped": false
            },
            {
              "title": "should not validate inequality of invalid form",
              "fullTitle": "inequalitySchema should not validate inequality of invalid form",
              "timedOut": false,
              "duration": 1,
              "state": "passed",
              "speed": "fast",
              "pass": true,
              "fail": false,
              "pending": false,
              "context": null,
              "code": "[\n        \"\",\n        \"==23\",\n        \"23\",\n        \"<23\",\n        \">23\",\n        \"<=-1\",\n        \">=-1\",\n        \"<= 2\",\n        \">= 1\",\n        \"> 3\",\n        \"< 3\",\n        \"<=3a\",\n        \">=3a\",\n        \"a<=3\",\n        \"a>=3\",\n    ].forEach(isInvalidInequality)",
              "err": {},
              "uuid": "9db795ba-132c-4158-b85b-202b8d3022fc",
              "parentUUID": "60ee0b9f-7cbc-4a80-ac95-1f73073f42d5",
              "isHook": false,
              "skipped": false
            }
          ],
          "suites": [],
          "passes": [
            "ded66863-e167-4967-a1f8-5c022d00a18e",
            "9db795ba-132c-4158-b85b-202b8d3022fc"
          ],
          "failures": [],
          "pending": [],
          "skipped": [],
          "duration": 2,
          "root": false,
          "rootEmpty": false,
          "_timeout": 2000
        },
        {
          "uuid": "84e47253-794b-46f1-84eb-d6ac7ee754c3",
          "title": "satisfyRuleSchema",
          "fullFile": "/home/runner/work/planwithus-lib/planwithus-lib/src/satisfyRule/schemas.test.ts",
          "file": "/src/satisfyRule/schemas.test.ts",
          "beforeHooks": [],
          "afterHooks": [],
          "tests": [
            {
              "title": "should validate satisfy rule with valid block id",
              "fullTitle": "satisfyRuleSchema should validate satisfy rule with valid block id",
              "timedOut": false,
              "duration": 1,
              "state": "passed",
              "speed": "fast",
              "pass": true,
              "fail": false,
              "pending": false,
              "context": null,
              "code": "fast_check_1.assert(fast_check_1.property(fast_check_1.string(), ajvValidate)",
              "err": {},
              "uuid": "580be52d-afb6-4e1c-a335-489a3b4e13a8",
              "parentUUID": "84e47253-794b-46f1-84eb-d6ac7ee754c3",
              "isHook": false,
              "skipped": false
            },
            {
              "title": "should validate satisfy rules with valid mc",
              "fullTitle": "satisfyRuleSchema should validate satisfy rules with valid mc",
              "timedOut": false,
              "duration": 2,
              "state": "passed",
              "speed": "fast",
              "pass": true,
              "fail": false,
              "pending": false,
              "context": "[\n  {\n    \"title\": \"mcSatisfyRule sample 0\",\n    \"value\": {\n      \"mc\": \"<=177\"\n    }\n  },\n  {\n    \"title\": \"mcSatisfyRule sample 1\",\n    \"value\": {\n      \"mc\": \">=66\"\n    }\n  },\n  {\n    \"title\": \"mcSatisfyRule sample 2\",\n    \"value\": {\n      \"mc\": \"<=88\"\n    }\n  },\n  {\n    \"title\": \"mcSatisfyRule sample 3\",\n    \"value\": {\n      \"mc\": \">=196\"\n    }\n  },\n  {\n    \"title\": \"mcSatisfyRule sample 4\",\n    \"value\": {\n      \"mc\": \">=84\"\n    }\n  },\n  {\n    \"title\": \"mcSatisfyRule sample 5\",\n    \"value\": {\n      \"mc\": \">=140\"\n    }\n  },\n  {\n    \"title\": \"mcSatisfyRule sample 6\",\n    \"value\": {\n      \"mc\": \"<=109\"\n    }\n  },\n  {\n    \"title\": \"mcSatisfyRule sample 7\",\n    \"value\": {\n      \"mc\": \"<=5\"\n    }\n  },\n  {\n    \"title\": \"mcSatisfyRule sample 8\",\n    \"value\": {\n      \"mc\": \"<=172\"\n    }\n  },\n  {\n    \"title\": \"mcSatisfyRule sample 9\",\n    \"value\": {\n      \"mc\": \"<=3\"\n    }\n  }\n]",
              "code": "fast_check_1.sample(index_test_2.mcSatisfyRule, 10).forEach((sample, i) => addContext_1.default(this, {\n    title: `mcSatisfyRule sample ${i}`,\n    value: sample,\n}));\nreturn fast_check_1.assert(fast_check_1.property(index_test_2.mcSatisfyRule, ajvValidate));",
              "err": {},
              "uuid": "0e64dc0a-ff32-4c08-a11d-36db69a703e3",
              "parentUUID": "84e47253-794b-46f1-84eb-d6ac7ee754c3",
              "isHook": false,
              "skipped": false
            },
            {
              "title": "should validate valid recursive satisfy rules",
              "fullTitle": "satisfyRuleSchema should validate valid recursive satisfy rules",
              "timedOut": false,
              "duration": 4,
              "state": "passed",
              "speed": "fast",
              "pass": true,
              "fail": false,
              "pending": false,
              "context": "[\n  {\n    \"title\": \"satisfyRule sample 0\",\n    \"value\": {\n      \"mc\": \">=83\"\n    }\n  },\n  {\n    \"title\": \"satisfyRule sample 1\",\n    \"value\": {\n      \"mc\": \"<=21\"\n    }\n  },\n  {\n    \"title\": \"satisfyRule sample 2\",\n    \"value\": {\n      \"mc\": \">=200\"\n    }\n  },\n  {\n    \"title\": \"satisfyRule sample 3\",\n    \"value\": {\n      \"and\": [\n        {\n          \"and\": [\n            \"lVcV+G\",\n            \"E0\",\n            {\n              \"and\": [\n                \"-\",\n                \"ES(J\",\n                \"9Pq\",\n                \"ED|aQqE6%;\"\n              ]\n            }\n          ]\n        }\n      ]\n    }\n  },\n  {\n    \"title\": \"satisfyRule sample 4\",\n    \"value\": \"=G,b \"\n  },\n  {\n    \"title\": \"satisfyRule sample 5\",\n    \"value\": {\n      \"and\": []\n    }\n  },\n  {\n    \"title\": \"satisfyRule sample 6\",\n    \"value\": \"Gj&9!\"\n  },\n  {\n    \"title\": \"satisfyRule sample 7\",\n    \"value\": {\n      \"or\": [\n        {\n          \"and\": [\n            \"\",\n            {\n              \"or\": [\n                \"tUqah{[J\",\n                \"k\",\n                \"\"\n              ]\n            },\n            {\n              \"and\": [\n                \"`3(y\",\n                {\n                  \"mc\": \">=138\"\n                },\n                \"P~\",\n                {\n                  \"or\": [\n                    \"i7.\",\n                    \"8_j\\\"i3xdN\",\n                    \"n@e'p\",\n                    \"R'5Ux\"\n                  ]\n                },\n                \"9VYJV\"\n              ]\n            },\n            \"H hnCfw \"\n          ]\n        },\n        {\n          \"or\": [\n            \",k\",\n            {\n              \"or\": [\n                {\n                  \"mc\": \"<=98\"\n                },\n                {\n                  \"mc\": \"<=184\"\n                },\n                {\n                  \"or\": [\n                    \"mq!Dj$y\",\n                    \"iUL/\"\n                  ]\n                }\n              ]\n            }\n          ]\n        },\n        {\n          \"and\": [\n            {\n              \"and\": [\n                \"V[{yNpr\",\n                \"pzb\"\n              ]\n            },\n            {\n              \"or\": [\n                \"FFDf\",\n                \"7Q!pU\",\n                {\n                  \"mc\": \"<=167\"\n                }\n              ]\n            },\n            {\n              \"or\": [\n                {\n                  \"mc\": \">=74\"\n                },\n                {\n                  \"and\": [\n                    \"(]\",\n                    \"w'#pX<\"\n                  ]\n                },\n                {\n                  \"or\": [\n                    \"9QeAxB[3\",\n                    \"R-E)OHsS\",\n                    \"T\",\n                    \"ERsN\",\n                    \"6\"\n                  ]\n                },\n                {\n                  \"and\": [\n                    \"(=_0IO.m4\",\n                    {\n                      \"or\": [\n                        \"s\",\n                        \"Ve_\",\n                        \"'I@K%H!G@\",\n                        \"a|\",\n                        \"*q%\"\n                      ]\n                    }\n                  ]\n                },\n                {\n                  \"or\": [\n                    \"(\"\n                  ]\n                }\n              ]\n            }\n          ]\n        }\n      ]\n    }\n  },\n  {\n    \"title\": \"satisfyRule sample 8\",\n    \"value\": {\n      \"and\": [\n        {\n          \"or\": []\n        },\n        {\n          \"mc\": \">=168\"\n        }\n      ]\n    }\n  },\n  {\n    \"title\": \"satisfyRule sample 9\",\n    \"value\": {\n      \"or\": [\n        {\n          \"or\": [\n            \"=!o\",\n            \"HG-[@D>\",\n            {\n              \"or\": [\n                \"I)V)/8\"\n              ]\n            },\n            \"1|\",\n            \")f^@5_\"\n          ]\n        },\n        {\n          \"mc\": \">=28\"\n        }\n      ]\n    }\n  }\n]",
              "code": "fast_check_1.sample(index_test_2.satisfyRule, 10).forEach((sample, i) => addContext_1.default(this, {\n    title: `satisfyRule sample ${i}`,\n    value: sample,\n}));\nreturn fast_check_1.assert(fast_check_1.property(index_test_2.satisfyRule, ajvValidate));",
              "err": {},
              "uuid": "21cd05b6-f12b-45cc-83dc-6cf7d477e6d5",
              "parentUUID": "84e47253-794b-46f1-84eb-d6ac7ee754c3",
              "isHook": false,
              "skipped": false
            },
            {
              "title": "should not validate non-string/object",
              "fullTitle": "satisfyRuleSchema should not validate non-string/object",
              "timedOut": false,
              "duration": 1,
              "state": "passed",
              "speed": "fast",
              "pass": true,
              "fail": false,
              "pending": false,
              "context": null,
              "code": "const error = {\n    instancePath: \"\",\n    message: \"satisfy rule should be either a string or an object\",\n};\nisInvalidRule(null, error);\nisInvalidRule(undefined, error);\nisInvalidRule(10, error);\nisInvalidRule([12, 24], error);",
              "err": {},
              "uuid": "a58e03cf-1e92-4f3c-811c-87cfed54ff97",
              "parentUUID": "84e47253-794b-46f1-84eb-d6ac7ee754c3",
              "isHook": false,
              "skipped": false
            },
            {
              "title": "should not validate satisfy rules with extra properties",
              "fullTitle": "satisfyRuleSchema should not validate satisfy rules with extra properties",
              "timedOut": false,
              "duration": 0,
              "state": "passed",
              "speed": "fast",
              "pass": true,
              "fail": false,
              "pending": false,
              "context": null,
              "code": "isInvalidRule({\n        and: [\n            { or: [\"2k\"], abc: \"def\" },\n            { mc: 8, ghi: \"jkl\" },\n        ],\n        mno: \"pqr\",\n    }, {\n        instancePath: \"/and/0\",\n        message: \"or satisfy rule should have property 'or' only\",\n    }, {\n        instancePath: \"/and/1\",\n        message: \"MC satisfy rule should have property 'mc' only\",\n    }, {\n        instancePath: \"\",\n        message: \"and satisfy rule should have property 'and' only\",\n    })",
              "err": {},
              "uuid": "d5de7c94-1ece-40a7-95f9-505ad2ebac45",
              "parentUUID": "84e47253-794b-46f1-84eb-d6ac7ee754c3",
              "isHook": false,
              "skipped": false
            },
            {
              "title": "should not validate ambiguous satisfy rules",
              "fullTitle": "satisfyRuleSchema should not validate ambiguous satisfy rules",
              "timedOut": false,
              "duration": 0,
              "state": "passed",
              "speed": "fast",
              "pass": true,
              "fail": false,
              "pending": false,
              "context": null,
              "code": "const message = \"satisfy rule should have only one of properties 'mc', 'and', 'or'\";\nisInvalidRule({\n    or: [\n        { mc: 5, and: [\"CS2040\"] },\n        { and: [{ and: [\"abc\"], or: [\"def\"] }] },\n    ],\n}, { instancePath: \"/or/0\", message }, { instancePath: \"/or/1/and/0\", message });",
              "err": {},
              "uuid": "f7157c5f-0c12-4ca9-924d-41008d79678f",
              "parentUUID": "84e47253-794b-46f1-84eb-d6ac7ee754c3",
              "isHook": false,
              "skipped": false
            },
            {
              "title": "should not validate and satisfy rules with non-array property",
              "fullTitle": "satisfyRuleSchema should not validate and satisfy rules with non-array property",
              "timedOut": false,
              "duration": 1,
              "state": "passed",
              "speed": "fast",
              "pass": true,
              "fail": false,
              "pending": false,
              "context": null,
              "code": "const message = \"property 'and' should be an array of satisfy rules\";\nisInvalidRule({ or: [{ and: {} }, { or: [{ and: 3 }] }] }, { instancePath: \"/or/0/and\", message }, { instancePath: \"/or/1/or/0/and\", message });",
              "err": {},
              "uuid": "634685e9-ee0d-4d16-a4a6-ea7ca097e3fb",
              "parentUUID": "84e47253-794b-46f1-84eb-d6ac7ee754c3",
              "isHook": false,
              "skipped": false
            },
            {
              "title": "should not validate or satisfy rules with non-array property",
              "fullTitle": "satisfyRuleSchema should not validate or satisfy rules with non-array property",
              "timedOut": false,
              "duration": 0,
              "state": "passed",
              "speed": "fast",
              "pass": true,
              "fail": false,
              "pending": false,
              "context": null,
              "code": "const message = \"property 'or' should be an array of satisfy rules\";\nisInvalidRule({ and: [{ or: {} }, { and: [{ or: 3 }] }] }, { instancePath: \"/and/0/or\", message }, { instancePath: \"/and/1/and/0/or\", message });",
              "err": {},
              "uuid": "cec29271-f9e2-4037-8cd4-2453aa4c4399",
              "parentUUID": "84e47253-794b-46f1-84eb-d6ac7ee754c3",
              "isHook": false,
              "skipped": false
            }
          ],
          "suites": [],
          "passes": [
            "580be52d-afb6-4e1c-a335-489a3b4e13a8",
            "0e64dc0a-ff32-4c08-a11d-36db69a703e3",
            "21cd05b6-f12b-45cc-83dc-6cf7d477e6d5",
            "a58e03cf-1e92-4f3c-811c-87cfed54ff97",
            "d5de7c94-1ece-40a7-95f9-505ad2ebac45",
            "f7157c5f-0c12-4ca9-924d-41008d79678f",
            "634685e9-ee0d-4d16-a4a6-ea7ca097e3fb",
            "cec29271-f9e2-4037-8cd4-2453aa4c4399"
          ],
          "failures": [],
          "pending": [],
          "skipped": [],
          "duration": 9,
          "root": false,
          "rootEmpty": false,
          "_timeout": 2000
        }
      ],
      "passes": [],
      "failures": [],
      "pending": [],
      "skipped": [],
      "duration": 0,
      "root": true,
      "rootEmpty": true,
      "_timeout": 2000
    }
  ],
  "meta": {
    "mocha": {
      "version": "9.0.2"
    },
    "mochawesome": {
      "options": {
        "quiet": false,
        "reportFilename": "mochawesome",
        "saveHtml": true,
        "saveJson": true,
        "consoleReporter": "spec",
        "useInlineDiffs": false,
        "code": true
      },
      "version": "6.2.2"
    },
    "marge": {
      "options": {
        "reportDir": "docs"
      },
      "version": "5.2.0"
    }
  }
}