{
  "stats": {
    "suites": 10,
    "tests": 48,
    "passes": 48,
    "pending": 0,
    "failures": 0,
    "start": "2021-07-19T10:37:34.100Z",
    "end": "2021-07-19T10:37:34.367Z",
    "duration": 267,
    "testsRegistered": 48,
    "passPercent": 100,
    "pendingPercent": 0,
    "other": 0,
    "hasOther": false,
    "skipped": 0,
    "hasSkipped": false
  },
  "results": [
    {
      "uuid": "7337a1d5-91ee-48f7-b5cc-b9c734b7132e",
      "title": "",
      "fullFile": "",
      "file": "",
      "beforeHooks": [],
      "afterHooks": [],
      "tests": [],
      "suites": [
        {
          "uuid": "7c6e12c9-a415-4b81-953b-2b511ee5aabb",
          "title": "initDirectories",
          "fullFile": "/home/runner/work/planwithus-lib/planwithus-lib/src/block/schemas.test.ts",
          "file": "/src/block/schemas.test.ts",
          "beforeHooks": [],
          "afterHooks": [],
          "tests": [
            {
              "title": "should parse all blocks with no errors",
              "fullTitle": "initDirectories should parse all blocks with no errors",
              "timedOut": false,
              "duration": 2,
              "state": "passed",
              "speed": "fast",
              "pass": true,
              "fail": false,
              "pending": false,
              "context": null,
              "code": "_1.initDirectories.should.not.throw()",
              "err": {},
              "uuid": "1b778156-659f-47fb-9a06-ec4d7065a5b4",
              "parentUUID": "7c6e12c9-a415-4b81-953b-2b511ee5aabb",
              "isHook": false,
              "skipped": false
            },
            {
              "title": "should produce primary, second & minor directories",
              "fullTitle": "initDirectories should produce primary, second & minor directories",
              "timedOut": false,
              "duration": 1,
              "state": "passed",
              "speed": "fast",
              "pass": true,
              "fail": false,
              "pending": false,
              "context": null,
              "code": "const directories = _1.initDirectories();\ndirectories.should.have.property(\"primary\");\ndirectories.should.have.property(\"second\");\ndirectories.should.have.property(\"minor\");",
              "err": {},
              "uuid": "0705d22d-e4d4-4e09-87bd-b8b0ffc60b18",
              "parentUUID": "7c6e12c9-a415-4b81-953b-2b511ee5aabb",
              "isHook": false,
              "skipped": false
            }
          ],
          "suites": [],
          "passes": [
            "1b778156-659f-47fb-9a06-ec4d7065a5b4",
            "0705d22d-e4d4-4e09-87bd-b8b0ffc60b18"
          ],
          "failures": [],
          "pending": [],
          "skipped": [],
          "duration": 3,
          "root": false,
          "rootEmpty": false,
          "_timeout": 2000
        },
        {
          "uuid": "c13d40f0-ccca-4fc0-b0ac-675a1dc1ce8c",
          "title": "blockSchema",
          "fullFile": "/home/runner/work/planwithus-lib/planwithus-lib/src/block/schemas.test.ts",
          "file": "/src/block/schemas.test.ts",
          "beforeHooks": [],
          "afterHooks": [],
          "tests": [
            {
              "title": "should validate valid block",
              "fullTitle": "blockSchema should validate valid block",
              "timedOut": false,
              "duration": 151,
              "state": "passed",
              "speed": "slow",
              "pass": true,
              "fail": false,
              "pending": false,
              "context": "[\n  {\n    \"title\": \"block sample 0\",\n    \"value\": {\n      \"name\": \"c/\",\n      \"ay\": 1990,\n      \"assign\": \"hWgrG%{K#q\",\n      \"satisfy\": {\n        \"or\": [\n          {\n            \"mc\": \"<=183\"\n          }\n        ]\n      },\n      \"url\": \"http://of2ow7pwjqp.8xz7feplrc327y-xnvhxhsylu-ki84ghnbs1seth0zp703ysocnwk-8e2g4.3s9khy2p7lib.4.qvx/cG/=(5lz'PG/Ct;4qkGu/x/t~YV/wmG,WBl~&4/@KK)_fPr/&0qt-W%F2%9D%8F%A9O/%F2%A5%B9%8FkRuCW\",\n      \"info\": \"$\",\n      \"isSelectable\": true\n    }\n  },\n  {\n    \"title\": \"block sample 1\",\n    \"value\": {\n      \"name\": \"D)>\",\n      \"ay\": 1976,\n      \"assign\": \"kY\",\n      \"match\": {\n        \"pattern\": \"AR229\",\n        \"exclude\": \"GU67\"\n      },\n      \"url\": \"http://b9.45o-kewpcm571tgz9uvjipo4.b9m6deuxzs96-3krfel-gndjp4wk4r64gok3e5-ikxnh719kn2opvs.rl2ivhzabiw62-n4vp-mwgkq2lo6ivj7v4gky7cjr69u1upo.acxd-a-fc49ay9e690-iaqf-bezf76fipn-g.dwaueq//xg*E%24eaD/Jcf/P0g/l/Rb@c&vMfd/V&/m+_,/~~)u5\",\n      \"info\": \"v'\",\n      \"isSelectable\": true,\n      \"gou&7|R_Iq\": {\n        \"name\": \"q~$r}\",\n        \"ay\": 2027,\n        \"assign\": \"<#\",\n        \"match\": [\n          {\n            \"or\": [\n              {\n                \"and\": [\n                  {\n                    \"or\": [\n                      {\n                        \"and\": [\n                          \"SYX*B\"\n                        ]\n                      },\n                      {\n                        \"or\": [\n                          {\n                            \"and\": [\n                              \"MJP831W\"\n                            ]\n                          },\n                          \"WGx067T\",\n                          \"YNZ72x*\"\n                        ]\n                      },\n                      \"WAS33E\",\n                      \"FA5\"\n                    ]\n                  },\n                  \"TNNx38\"\n                ]\n              },\n              {\n                \"and\": [\n                  {\n                    \"and\": [\n                      \"RLB5Q\"\n                    ]\n                  },\n                  \"YAP76\",\n                  {\n                    \"or\": [\n                      \"RYI81x6G\",\n                      \"JE5X\",\n                      \"DYU9F\"\n                    ]\n                  },\n                  {\n                    \"or\": [\n                      \"ROJ067F\",\n                      \"JK2\",\n                      \"WNE9x8*R\"\n                    ]\n                  },\n                  {\n                    \"pattern\": \"PB417\",\n                    \"exclude\": \"IE2M\"\n                  }\n                ]\n              },\n              \"EI8651Y\",\n              {\n                \"pattern\": \"TVM*45\",\n                \"exclude\": [\n                  \"GPJ9*3*R\",\n                  \"ZS2*55\",\n                  \"JH8H\",\n                  \"PTUx9\"\n                ],\n                \"info\": \"YeF%c 2}R6\"\n              }\n            ]\n          },\n          {\n            \"and\": []\n          }\n        ],\n        \"satisfy\": {\n          \"mc\": \">=56\"\n        },\n        \"url\": \"http://ajmbp.ewh97qs7h2gfd8cn-taj8u99b4oczw51336e5l6boe3hsc4.dv59.6vt.9.yfwlz/F(b.%F0%B7%AF%80h\",\n        \"info\": \"v>3K&Fl\",\n        \"isSelectable\": true,\n        \"HYS@&lhP\": {\n          \"name\": \"JJT_L\",\n          \"ay\": 1986,\n          \"assign\": \"&i^\",\n          \"satisfy\": [\n            {\n              \"or\": [\n                {\n                  \"or\": [\n                    {\n                      \"or\": [\n                        {\n                          \"or\": [\n                            \"wj(\",\n                            \"Qqx\",\n                            \"kC\",\n                            {\n                              \"and\": [\n                                \"N[LlbG\",\n                                \"xWWn<$l\",\n                                \".\"\n                              ]\n                            },\n                            {\n                              \"and\": [\n                                \"`\",\n                                \"<pQkRIu8'\",\n                                \"dt?0jz\"\n                              ]\n                            }\n                          ]\n                        },\n                        \")eC |$\",\n                        \"i_)OaO\",\n                        {\n                          \"and\": []\n                        },\n                        \"<H`t;fA|(,\"\n                      ]\n                    },\n                    \"\",\n                    \"_,xko4?~'\",\n                    \"qzg,(>si(+\"\n                  ]\n                },\n                \"l>Uh\",\n                {\n                  \"or\": [\n                    \"+V\"\n                  ]\n                }\n              ]\n            }\n          ],\n          \"url\": \"http://n4d8d67g5ijjpnjatcv1czkx.0.ogtuy7auewchgaag0nmmcho8lae970q8ggkan3zlpl.hwivqtab/;d/%F0%BF%8A%92rVn&(%F1%B1%9D%88/j9S%F1%A2%89%86KB0!1/%F2%95%A9%9C:9pb/%F3%96%82%BF7@yQi//%F4%82%99%BE/:mts/FHT:AqpV;Z\",\n          \"isSelectable\": true,\n          \"x3\": {\n            \"name\": \"n\",\n            \"ay\": 1977,\n            \"assign\": \"|\",\n            \"match\": [\n              \"UK2818J\",\n              {\n                \"and\": [\n                  \"BW7P\",\n                  {\n                    \"and\": [\n                      \"UE**5*\",\n                      {\n                        \"and\": []\n                      },\n                      \"OYP64U\",\n                      \"LAI512Y\"\n                    ]\n                  },\n                  {\n                    \"and\": [\n                      {\n                        \"and\": []\n                      },\n                      \"RT5\"\n                    ]\n                  },\n                  \"BPP14B\"\n                ]\n              },\n              {\n                \"and\": [\n                  {\n                    \"pattern\": \"BSB2xE\",\n                    \"exclude\": [\n                      \"AM30O\"\n                    ],\n                    \"info\": \" x}7S%4v\\\"2\"\n                  },\n                  {\n                    \"pattern\": \"ZVD923A\",\n                    \"exclude\": \"KAL65\",\n                    \"info\": \"P.;@z \"\n                  },\n                  {\n                    \"pattern\": \"GVW5294\",\n                    \"exclude\": \"NK9689P\",\n                    \"info\": \"~ipKTq\"\n                  },\n                  \"BG5X\",\n                  {\n                    \"and\": [\n                      \"BF9S\",\n                      {\n                        \"or\": [\n                          \"IUEx8R\",\n                          \"AJ05\",\n                          \"SJV77x2\",\n                          \"XE5238\"\n                        ]\n                      },\n                      {\n                        \"or\": [\n                          \"XD21\"\n                        ]\n                      }\n                    ]\n                  }\n                ]\n              },\n              \"JF732K\",\n              \"TTx3F\"\n            ],\n            \"satisfy\": [\n              {\n                \"and\": [\n                  \"\",\n                  {\n                    \"mc\": \"<=145\"\n                  },\n                  {\n                    \"and\": [\n                      {\n                        \"or\": [\n                          \"21VvM4\",\n                          \";F[b#S\",\n                          {\n                            \"or\": [\n                              \"T/DeP_{wl\"\n                            ]\n                          },\n                          \"Ud(2~Q\\\"n\",\n                          {\n                            \"or\": [\n                              \"8:T$<0M#8\\\\\",\n                              \"'@\\\\;\",\n                              \"6n+}z@xp53\",\n                              \"|;\\\\a A\",\n                              \"hw\"\n                            ]\n                          }\n                        ]\n                      },\n                      {\n                        \"or\": [\n                          {\n                            \"and\": [\n                              \"\",\n                              \"P@#=.r\"\n                            ]\n                          },\n                          {\n                            \"or\": [\n                              \"@U#]3tp\",\n                              \"\\\\,\",\n                              \"9?0p\",\n                              \"*8]N\"\n                            ]\n                          }\n                        ]\n                      }\n                    ]\n                  },\n                  {\n                    \"mc\": \">=27\"\n                  }\n                ]\n              },\n              {\n                \"and\": [\n                  {\n                    \"and\": [\n                      \":j3e)i;\"\n                    ]\n                  },\n                  \"B>4X%\\\"rU:i\",\n                  {\n                    \"mc\": \"<=80\"\n                  },\n                  {\n                    \"and\": [\n                      {\n                        \"or\": [\n                          {\n                            \"or\": [\n                              \"ULo\",\n                              \"\\\\PBZ|\"\n                            ]\n                          },\n                          {\n                            \"and\": [\n                              \"]D\",\n                              {\n                                \"or\": [\n                                  \"S\",\n                                  \"y~{f2\",\n                                  \"7,\",\n                                  \"\"\n                                ]\n                              },\n                              {\n                                \"and\": [\n                                  \":YL\",\n                                  \"uTZ21VgkO\",\n                                  \"`#\"\n                                ]\n                              },\n                              \"2\"\n                            ]\n                          },\n                          {\n                            \"and\": [\n                              {\n                                \"or\": [\n                                  \"X0U[YymtF\",\n                                  \"f3!u*A\"\n                                ]\n                              },\n                              \"hu&y\",\n                              {\n                                \"or\": []\n                              }\n                            ]\n                          },\n                          {\n                            \"mc\": \"<=181\"\n                          }\n                        ]\n                      }\n                    ]\n                  },\n                  {\n                    \"and\": [\n                      {\n                        \"mc\": \">=82\"\n                      }\n                    ]\n                  }\n                ]\n              },\n              {\n                \"and\": [\n                  {\n                    \"and\": [\n                      {\n                        \"and\": []\n                      },\n                      {\n                        \"and\": [\n                          {\n                            \"mc\": \">=200\"\n                          },\n                          \"}(C<wZ>\",\n                          {\n                            \"and\": [\n                              \"wQd!3K\",\n                              \"VW]0G\\\\\",\n                              \"ce}\",\n                              \"&1UxLR%|g\"\n                            ]\n                          },\n                          \"D\",\n                          {\n                            \"and\": [\n                              \"e\",\n                              \"&}NqOC\"\n                            ]\n                          }\n                        ]\n                      },\n                      {\n                        \"mc\": \">=134\"\n                      },\n                      {\n                        \"and\": [\n                          \"2cr'ABU.So\",\n                          {\n                            \"and\": []\n                          },\n                          \"P|k0\"\n                        ]\n                      },\n                      \"2soA(9e2Hs\"\n                    ]\n                  },\n                  \"\"\n                ]\n              },\n              {\n                \"or\": []\n              }\n            ],\n            \"url\": \"http://yriq6ijp-vw0i5cok-rmtro71uizmvb8hxeosj4.k1.5tid4luypc2wuip0.zko.rljqip/C3wUn=s0/)fNR@1TB8%E6%B2%94/O%F3%97%AF%9F:sF/FrQ8Q/SwA'FP/%F2%8A%91%B5\",\n            \"info\": \"ZiBxXu.\",\n            \"isSelectable\": true\n          },\n          \"\": {\n            \"ay\": 2012,\n            \"assign\": \"Qm<Q|s&_\",\n            \"match\": {\n              \"pattern\": \"ZII0327\",\n              \"exclude\": \"FP4\",\n              \"info\": \"2XP{N6WHr\"\n            },\n            \"satisfy\": [\n              {\n                \"and\": [\n                  {\n                    \"and\": [\n                      \"HsjTZ2\",\n                      {\n                        \"or\": [\n                          \"1HVK>m\"\n                        ]\n                      },\n                      \"|Y%9='`A;^\",\n                      \"]9T%`G\",\n                      \"F^e\"\n                    ]\n                  },\n                  {\n                    \"mc\": \">=146\"\n                  },\n                  {\n                    \"or\": [\n                      {\n                        \"mc\": \"<=57\"\n                      },\n                      \"Pp<3\",\n                      {\n                        \"or\": []\n                      }\n                    ]\n                  },\n                  {\n                    \"or\": [\n                      \"dm`:al<V\",\n                      {\n                        \"and\": []\n                      },\n                      {\n                        \"mc\": \"<=39\"\n                      },\n                      {\n                        \"and\": [\n                          {\n                            \"mc\": \"<=183\"\n                          },\n                          {\n                            \"and\": [\n                              \">^<L\",\n                              \"[#R\",\n                              \")d~h/w*\",\n                              \"#{3oYi\"\n                            ]\n                          }\n                        ]\n                      },\n                      \"b~6`w\"\n                    ]\n                  },\n                  \"M8X._wW%$\"\n                ]\n              },\n              {\n                \"mc\": \"<=45\"\n              },\n              {\n                \"or\": [\n                  {\n                    \"or\": [\n                      \"Ek^MZ+2\",\n                      {\n                        \"or\": [\n                          {\n                            \"or\": [\n                              \"n2\",\n                              \"F6TiUh^r\",\n                              {\n                                \"mc\": \"<=17\"\n                              },\n                              {\n                                \"mc\": \">=185\"\n                              },\n                              {\n                                \"and\": [\n                                  \"AoH H#6\",\n                                  \"{~IhD\\\\8G\",\n                                  \"|SoVbQAKA\",\n                                  \"c3\",\n                                  {\n                                    \"and\": [\n                                      {\n                                        \"mc\": \"<=23\"\n                                      },\n                                      \"\",\n                                      \"\",\n                                      \"q\"\n                                    ]\n                                  }\n                                ]\n                              }\n                            ]\n                          },\n                          \"u)yNX\",\n                          \"p\",\n                          {\n                            \"or\": [\n                              {\n                                \"or\": []\n                              }\n                            ]\n                          },\n                          \"\"\n                        ]\n                      }\n                    ]\n                  },\n                  {\n                    \"or\": [\n                      {\n                        \"and\": [\n                          {\n                            \"or\": [\n                              \"Y(/K\\\"pReC\"\n                            ]\n                          },\n                          {\n                            \"or\": []\n                          },\n                          \"s\\\\6BqpY\",\n                          \"`pak8@ToKT\",\n                          \"<p]\"\n                        ]\n                      },\n                      {\n                        \"mc\": \">=93\"\n                      },\n                      {\n                        \"mc\": \">=177\"\n                      }\n                    ]\n                  },\n                  {\n                    \"or\": [\n                      \"6dDwv+GfL\",\n                      {\n                        \"or\": [\n                          {\n                            \"or\": [\n                              \"mj}6\",\n                              {\n                                \"and\": []\n                              },\n                              \"C_O#m$\",\n                              \"p;RPlsB=3w\",\n                              \"(6^/-+oyP\"\n                            ]\n                          }\n                        ]\n                      },\n                      \"]QP@pZ.-\",\n                      \"5.7~r\",\n                      \"\\\"\"\n                    ]\n                  }\n                ]\n              },\n              {\n                \"or\": [\n                  \"@P30`+\",\n                  {\n                    \"and\": [\n                      {\n                        \"or\": [\n                          \"\",\n                          \"\\\"k!/MBTm\",\n                          {\n                            \"mc\": \">=162\"\n                          }\n                        ]\n                      },\n                      {\n                        \"and\": [\n                          \"Wj*F\",\n                          \"\",\n                          \"c?ur\",\n                          {\n                            \"or\": [\n                              {\n                                \"or\": [\n                                  \">FQG\"\n                                ]\n                              },\n                              \"Tpy]\",\n                              \"Mh\"\n                            ]\n                          },\n                          \"}V4/O\"\n                        ]\n                      },\n                      {\n                        \"and\": [\n                          \".\\\\2~\",\n                          {\n                            \"and\": [\n                              \";\",\n                              {\n                                \"or\": [\n                                  \"\",\n                                  \"@)Q\",\n                                  \"l\\\".;>8-+9\",\n                                  \"\"\n                                ]\n                              },\n                              \"zX|wBP/\",\n                              {\n                                \"and\": [\n                                  {\n                                    \"mc\": \">=138\"\n                                  }\n                                ]\n                              }\n                            ]\n                          }\n                        ]\n                      },\n                      {\n                        \"mc\": \">=156\"\n                      }\n                    ]\n                  },\n                  {\n                    \"mc\": \"<=165\"\n                  }\n                ]\n              },\n              {\n                \"or\": [\n                  {\n                    \"mc\": \"<=152\"\n                  },\n                  {\n                    \"or\": [\n                      \"\",\n                      {\n                        \"and\": [\n                          {\n                            \"mc\": \">=132\"\n                          },\n                          {\n                            \"and\": [\n                              {\n                                \"or\": [\n                                  \"m(gwmUaw_L\",\n                                  \"Ma\",\n                                  \"uUVz<h\"\n                                ]\n                              },\n                              \"P6?\",\n                              \"H\",\n                              \"(@/\",\n                              \"Kro+1;((n\"\n                            ]\n                          }\n                        ]\n                      }\n                    ]\n                  },\n                  {\n                    \"and\": [\n                      {\n                        \"and\": [\n                          \"U*Tn_(N.z\",\n                          \"9+\",\n                          \"wq\\\"r<Gf\",\n                          \"\"\n                        ]\n                      },\n                      {\n                        \"mc\": \"<=73\"\n                      },\n                      {\n                        \"mc\": \"<=145\"\n                      },\n                      {\n                        \"mc\": \"<=105\"\n                      }\n                    ]\n                  },\n                  \"iGzxuMv\"\n                ]\n              }\n            ],\n            \"url\": \"https://1.pg3qmfx6-wmn37dluquu2xgxmqt0qnzky34nl4wmv6mf.upvia-4tr1wwrfmd4fg2rj16nxvo618ya-ixmqmbc5ylgfk1l.u1ihq86a-cjbx8ldc7sktqu5pxrfl9omq6tldp7bq-ndeg9nfibjhhg5.hlfxzjxhkvakjdsgmhefegv0z-pa2y6svicudkw17mmmbtfpgqfvvq1uslw.rlys/JsQPVn1J=)//wQGH%E5%92%A4b//1%F0%B3%AA%9Fj/r/is/owD7Tj%E2%92%84Sp./n+/:lXC)%F4%86%BB%AFz%F0%A8%AB%8FS8\"\n          },\n          \"A\": {\n            \"ay\": 1964,\n            \"assign\": \"+&?sVy4\",\n            \"satisfy\": [\n              {\n                \"and\": [\n                  {\n                    \"mc\": \"<=172\"\n                  },\n                  \"*vY6e?;xB\"\n                ]\n              },\n              {\n                \"mc\": \"<=114\"\n              },\n              {\n                \"mc\": \">=187\"\n              },\n              \"I<B yJzH\"\n            ],\n            \"isSelectable\": true\n          },\n          \"}Y\": {\n            \"name\": \"\",\n            \"match\": [\n              {\n                \"and\": [\n                  \"LEP63S\",\n                  {\n                    \"pattern\": \"GO0\",\n                    \"exclude\": \"GJA722\",\n                    \"info\": \"y[4xBL\"\n                  },\n                  {\n                    \"pattern\": \"EQK321F\",\n                    \"exclude\": \"IL01S\",\n                    \"info\": \"iM?Y\"\n                  },\n                  \"MTX7\",\n                  {\n                    \"and\": []\n                  }\n                ]\n              },\n              \"VIG7016\",\n              \"HVL0\",\n              \"PG086\",\n              {\n                \"or\": []\n              }\n            ],\n            \"satisfy\": {\n              \"and\": [\n                {\n                  \"mc\": \">=141\"\n                },\n                \"|/m\",\n                \"Wfllzp]Vz#\",\n                {\n                  \"mc\": \"<=170\"\n                }\n              ]\n            },\n            \"url\": \"https://r3faxwr2ifp8gmhk62r9n49h1l7qfldmhhgsy49c-n8mqhjch.609qdo-yzkuwj5na5k0a0bgdzp3k-c2kpfuynch1xntirpojbyve.a4f3cmsfqjwvq4209zcbn04-p929hwf.njksdsrihk9gyj3l7z4fx394tdxfqc7s3dos1nhu91ll1qs6c4zi369ltopx.rypgixr/Am0D%F1%B8%B9%A2srtZ/%F3%9B%8A%90xyaSABOl:/c5LkP%EF%87%AA+p.E/0;9/Nt%F3%A9%9B%A7spFJmZR/wh%F1%B0%B1%8B/ijAB%F3%BB%B3%8069/Dc@h%F4%88%9B%84t%F2%9B%BD%B7.e/S&qt%F2%94%83%8AP~Ge\",\n            \"info\": \">I}:,&Z`$O\"\n          }\n        },\n        \"o,T&\": {\n          \"name\": \"6%$\",\n          \"assign\": [\n            \"\",\n            \"r\",\n            \">s8y!O/\",\n            \"D6k9JA\\\"x\",\n            \" sEL\"\n          ],\n          \"match\": [],\n          \"satisfy\": [\n            \"\",\n            {\n              \"mc\": \"<=51\"\n            },\n            \"\",\n            {\n              \"and\": []\n            },\n            {\n              \"mc\": \">=98\"\n            }\n          ],\n          \"url\": \"https://gpz6p43zf7httb34azjt.vqybqgzctmmsd76s805zd6vzum-yfo0u0gou71h6bfhu3cfty-laygwxs54vyt.3o677nzm86niw5-jg3pm.rybqk47qy5z6b.fqtxbe/:%F0%B2%86%AAl6Z6/)AVH!/rKG%F1%B7%A4%876/f6&zt/mxcSGerp5(\",\n          \"info\": \"'fDZm\"\n        },\n        \"A6zs&/H)\": {\n          \"name\": \"c]WvB<q\",\n          \"ay\": 1979,\n          \"assign\": [],\n          \"match\": {\n            \"pattern\": \"FM033W\",\n            \"exclude\": \"KA7*92P\",\n            \"info\": \"sBzw~\"\n          },\n          \"url\": \"https://82d3kj4m-x0jxol8n50bloj3.m.rs/F\",\n          \"info\": \"ej87di5\"\n        },\n        \"\": {\n          \"name\": \"St\",\n          \"ay\": 1963,\n          \"assign\": [],\n          \"match\": [\n            \"YG8xA\",\n            {\n              \"pattern\": \"CB93x4U\",\n              \"exclude\": [\n                \"QO1159Z\",\n                \"REJx97\"\n              ],\n              \"info\": \"Nv{AsI\"\n            }\n          ],\n          \"satisfy\": [\n            {\n              \"or\": [\n                {\n                  \"and\": [\n                    \"r({DqoFc\",\n                    \"9)\"\n                  ]\n                }\n              ]\n            }\n          ],\n          \"url\": \"http://kqnvuo0upxs-tahqoto075ygpm-kke5d7vm0uub1a.kck0lx34seh-7sfat239f9iu-chdvoffdfhd1hj5j.faj/AQPkR.NN(N/-_Y/e/g/bo4Y$=v%F3%B6%B4%AF%F2%BE%BA%B9x/:L+h;P$%F2%86%A7%AD/3*cM./e39dCP:T\",\n          \"info\": \"b@8&9\",\n          \"isSelectable\": true\n        }\n      },\n      \"B\": {\n        \"name\": \"yx\",\n        \"ay\": 1964,\n        \"satisfy\": [\n          \"d&d4i6\",\n          {\n            \"or\": [\n              {\n                \"or\": [\n                  \"\",\n                  \"Z`s|U:V7\",\n                  \"j\"\n                ]\n              },\n              {\n                \"and\": [\n                  \"~'QkK'e:M\",\n                  {\n                    \"and\": [\n                      \"_\\\\Ab s\"\n                    ]\n                  }\n                ]\n              },\n              \"E\",\n              \"\"\n            ]\n          },\n          {\n            \"or\": [\n              {\n                \"mc\": \">=7\"\n              },\n              {\n                \"or\": [\n                  {\n                    \"and\": [\n                      {\n                        \"and\": [\n                          \"dNHh}\",\n                          {\n                            \"or\": []\n                          },\n                          {\n                            \"or\": [\n                              \"~o8Yp5b\"\n                            ]\n                          },\n                          \"6RkN|;i7\",\n                          \":7J$98\"\n                        ]\n                      },\n                      {\n                        \"or\": [\n                          \"S\"\n                        ]\n                      }\n                    ]\n                  },\n                  \"\\\\@8<p\",\n                  {\n                    \"mc\": \"<=172\"\n                  }\n                ]\n              },\n              \"zAR`Aq\"\n            ]\n          },\n          {\n            \"mc\": \"<=127\"\n          }\n        ],\n        \"url\": \"https://jjw-cuvw5n5meg8duupd7ig2xcm9el4ntlube.nf9gxfozz8vui3861ptdddp918f9ng1rgdtcf7y2x8jdh.ddivs03ojxvzl1kbru96bz74ih8lb58tpelrv42.78-1ehsawzmqk-c4f74vbjkykdhjegkfrnwh2mf8quwu6a2pjl2d51kj.bc/%F1%AE%BF%83=UE6/+la%27Rk/\",\n        \"info\": \"!y;\",\n        \"isSelectable\": true,\n        \"+D|!G~\": {\n          \"name\": \"\",\n          \"assign\": \"kb oXb+\",\n          \"match\": [],\n          \"satisfy\": {\n            \"and\": []\n          },\n          \"url\": \"https://qr-sowmde-c9a0e6azd5eahbn7-a7aabadr99e53be15nf7-dpdd9.e.7ekbf.90tge.ifddrz/_Aszr8:;kx/rs%F1%A9%93%B6zkJh/+&g/2H4%F3%A7%AF%A8r/_EQ0j+%F1%A5%89%9C\",\n          \"info\": \"Z1JRES\"\n        }\n      },\n      \"xK\": {\n        \"name\": \"y\",\n        \"ay\": 2007,\n        \"assign\": \"z \",\n        \"satisfy\": [\n          \"/u( \\\"Hg7a\",\n          \"%#6\"\n        ],\n        \"url\": \"http://oqqbd8zdtf72kzpal4h7vpwo86in8l0ydshvm1b5nwd12594vgea81o47i4.n.agpcc3hg0eo5rf-uj5awct7soa8.rszzl9ds94u.gifsi2w-pg.eacfz/%F0%93%83%A4QkUaq:/MVaz,+amST/1UcVt'sdw/N&8%F3%AF%B4%88Qn*Q@/%F1%90%B4%891!@_/Cj&cy5%F0%AC%AE%9A/e*Mf/t%F3%87%AD%B6/\",\n        \"info\": \"^N=\",\n        \"isSelectable\": true,\n        \"*Eu\": {\n          \"name\": \"/ \\\"\",\n          \"ay\": 1962,\n          \"match\": [\n            {\n              \"pattern\": \"ULZ5\",\n              \"exclude\": \"GS4M\",\n              \"info\": \"<|`~@y\"\n            },\n            {\n              \"or\": [\n                {\n                  \"and\": [\n                    \"GR7979\",\n                    \"WC075\",\n                    \"LR660\",\n                    \"LVI78*\"\n                  ]\n                }\n              ]\n            }\n          ],\n          \"satisfy\": [\n            {\n              \"or\": [\n                {\n                  \"and\": []\n                },\n                {\n                  \"or\": []\n                },\n                \"-q/\",\n                {\n                  \"mc\": \"<=194\"\n                }\n              ]\n            }\n          ],\n          \"url\": \"https://g0yt5fu4zg5ddob4uggz40p2udq.dyv/g+%22$\",\n          \"info\": \"c4&>Dk?fI)\",\n          \"isSelectable\": true,\n          \"Vcu%.N\": {\n            \"ay\": 2011,\n            \"assign\": [\n              \"!y\",\n              \"~`.+\",\n              \"j#v\"\n            ],\n            \"match\": {\n              \"or\": [\n                \"UOV69Z\",\n                {\n                  \"and\": [\n                    {\n                      \"and\": [\n                        {\n                          \"pattern\": \"TL8*5\",\n                          \"exclude\": \"TK5116I\",\n                          \"info\": \"saEMZV;Ta}\"\n                        },\n                        \"UNK*N\",\n                        \"NHT74\",\n                        \"YW305\"\n                      ]\n                    },\n                    {\n                      \"or\": [\n                        \"DW5Q\",\n                        \"RU087Z\",\n                        \"YPJ8x71\"\n                      ]\n                    },\n                    {\n                      \"or\": [\n                        \"EJ6064Y\",\n                        {\n                          \"pattern\": \"JFJ62\",\n                          \"info\": \"Uc ;}\"\n                        },\n                        {\n                          \"pattern\": \"DG9A\",\n                          \"exclude\": \"PCD25J\",\n                          \"info\": \"Q\"\n                        },\n                        \"IGJ13\"\n                      ]\n                    },\n                    {\n                      \"pattern\": \"LLJ1382J\",\n                      \"exclude\": [\n                        \"JQS**9*\",\n                        \"EU5*56\",\n                        \"VZR7060Z\",\n                        \"YMW22x\"\n                      ],\n                      \"info\": \"3Q5\"\n                    },\n                    {\n                      \"or\": [\n                        \"LXx9\",\n                        {\n                          \"pattern\": \"BL9E\",\n                          \"exclude\": [],\n                          \"info\": \"3`r\"\n                        }\n                      ]\n                    }\n                  ]\n                },\n                \"VWJ95\",\n                {\n                  \"and\": [\n                    {\n                      \"pattern\": \"AJ90x9N\",\n                      \"exclude\": \"MWR23G\",\n                      \"info\": \"H)DTL8ykO\"\n                    },\n                    {\n                      \"pattern\": \"XNRxx61\"\n                    },\n                    \"ZR26\"\n                  ]\n                },\n                {\n                  \"pattern\": \"BOD360P\",\n                  \"exclude\": \"JU4*B\",\n                  \"info\": \"*V\"\n                }\n              ]\n            },\n            \"satisfy\": {\n              \"and\": [\n                {\n                  \"and\": [\n                    {\n                      \"or\": [\n                        {\n                          \"and\": [\n                            \"o)OAwR\"\n                          ]\n                        },\n                        \"ys A=iQ(\",\n                        \"[AIz.<\"\n                      ]\n                    },\n                    \"]&2Y\"\n                  ]\n                }\n              ]\n            },\n            \"url\": \"http://4.fcrkxvy/Bqqf/R_Pf=%F3%80%8A%A3E/.JxM@%F1%B2%84%94/CpAA/NBGFzM~/RvLYhj,M/%F3%92%90%91TY*_&U9hD\",\n            \"isSelectable\": true\n          },\n          \"OHr>CA\": {\n            \"ay\": 1999,\n            \"assign\": [],\n            \"match\": {\n              \"pattern\": \"NKT85*8M\",\n              \"exclude\": \"GO*74\",\n              \"info\": \"=:\"\n            },\n            \"satisfy\": [\n              \"YF<fk\",\n              {\n                \"or\": [\n                  {\n                    \"mc\": \">=109\"\n                  },\n                  {\n                    \"or\": [\n                      {\n                        \"or\": [\n                          {\n                            \"and\": [\n                              {\n                                \"and\": [\n                                  \"Wi&iOh\",\n                                  \"xcNz}2k|)\"\n                                ]\n                              }\n                            ]\n                          }\n                        ]\n                      },\n                      \"z6&h1\",\n                      {\n                        \"and\": []\n                      }\n                    ]\n                  },\n                  \"d(HhkE\",\n                  {\n                    \"or\": [\n                      {\n                        \"or\": []\n                      },\n                      {\n                        \"and\": [\n                          \"ON%Q*\",\n                          {\n                            \"or\": [\n                              \"q\",\n                              \" gf iT0TK8\",\n                              \"hI\\\"k7\",\n                              \"@6\\\\BjtM0tk\"\n                            ]\n                          },\n                          {\n                            \"and\": [\n                              \"1\",\n                              {\n                                \"or\": [\n                                  \"<m`3E\"\n                                ]\n                              },\n                              \"b!t(\"\n                            ]\n                          }\n                        ]\n                      },\n                      \"z!&\",\n                      \"w!E\",\n                      {\n                        \"and\": [\n                          \"ahl$^BzI\",\n                          \"q\\\"$\",\n                          {\n                            \"and\": [\n                              \"?~{34\",\n                              {\n                                \"and\": [\n                                  {\n                                    \"mc\": \"<=172\"\n                                  },\n                                  \"uH|<'L:~\",\n                                  \"l\",\n                                  \"MGz7lo5\"\n                                ]\n                              },\n                              {\n                                \"and\": [\n                                  \"s0\",\n                                  \".'+@>QMLe=\"\n                                ]\n                              },\n                              \"f#x$&T[:1w\"\n                            ]\n                          }\n                        ]\n                      }\n                    ]\n                  },\n                  {\n                    \"and\": [\n                      {\n                        \"and\": [\n                          {\n                            \"and\": [\n                              \"_S_OD\",\n                              \"[\"\n                            ]\n                          },\n                          \"\",\n                          \"5..Qu>\",\n                          \"H2E\",\n                          \"qi\"\n                        ]\n                      },\n                      \"PR5C}U>qpO\",\n                      {\n                        \"and\": [\n                          \"GIJgIv1\\\"\",\n                          {\n                            \"mc\": \"<=147\"\n                          },\n                          {\n                            \"and\": [\n                              \"OO[t\",\n                              \">vq\",\n                              \"xI=\",\n                              \"P'LxA\",\n                              \"hW^4\"\n                            ]\n                          },\n                          \"'pge,r\",\n                          \"b5G\"\n                        ]\n                      },\n                      \"Pz@ABS^\"\n                    ]\n                  }\n                ]\n              }\n            ],\n            \"url\": \"http://vby9ucne1-wm8zrd3jlhgnuzr8s2c.p.zrvl2qkj2xslxf96xwjjbbzmh13iqt1lxx.c.qgvxfhqhni/5(PuCZQO/B-/&vFsTdS&/Ks9Ch\"\n          },\n          \"!dQI|8P\\\"\": {\n            \"name\": \"\",\n            \"ay\": 2007,\n            \"assign\": [\n              \"UH\",\n              \"9E\",\n              \"bx:&\\\\%qx,,\"\n            ],\n            \"match\": \"ZYx\",\n            \"satisfy\": [\n              \"u\",\n              {\n                \"and\": []\n              }\n            ],\n            \"url\": \"http://f772vz37.faan1brgztzd4au6-rciezv2j220cdu0puxl204gv2-sucm1z6wj7l0oa4.ch90k23683l19mhjhyrrr9zu69p36h35rufw6xubldwtcx17fbtck4ldjrv.u.cq/i/19z6@//VWM/a/yc;A3H/hf@K/-6l9cKb5%F1%85%8F%913\",\n            \"info\": \"\",\n            \"isSelectable\": true\n          }\n        },\n        \"PGM&p;'@\": {\n          \"name\": \"= cyj5m^\",\n          \"ay\": 2028,\n          \"assign\": \"}O8cqY\",\n          \"match\": [\n            {\n              \"pattern\": \"AD7\",\n              \"exclude\": \"HR0S\",\n              \"info\": \"!\"\n            },\n            {\n              \"and\": [\n                \"LPE5*2A\",\n                {\n                  \"and\": [\n                    \"QA216G\",\n                    {\n                      \"pattern\": \"YBY*8\",\n                      \"exclude\": \"YSC*B\",\n                      \"info\": \"Img)7>)=+H\"\n                    }\n                  ]\n                }\n              ]\n            }\n          ],\n          \"satisfy\": [\n            {\n              \"mc\": \">=23\"\n            },\n            {\n              \"mc\": \">=116\"\n            }\n          ],\n          \"url\": \"http://ik9mkk7k452wizwg5nebd.bcwfwxzsz//$/&J9Z\",\n          \"info\": \"\",\n          \"isSelectable\": true\n        },\n        \"*\": {\n          \"name\": \"ZX1.(#TQ{\",\n          \"ay\": 1950,\n          \"assign\": \"npO\",\n          \"satisfy\": [\n            {\n              \"and\": [\n                {\n                  \"and\": [\n                    {\n                      \"and\": [\n                        \"&HPvW(}*\"\n                      ]\n                    },\n                    {\n                      \"or\": []\n                    },\n                    \"be[Ia\\\"*\",\n                    {\n                      \"and\": [\n                        \"\",\n                        \"@3|}'a\"\n                      ]\n                    },\n                    {\n                      \"or\": [\n                        \"kmD59w\",\n                        \"erypSxmX\",\n                        {\n                          \"or\": [\n                            {\n                              \"or\": [\n                                \"Cv\",\n                                {\n                                  \"and\": [\n                                    \"@\",\n                                    \"`2h{(\",\n                                    {\n                                      \"mc\": \">=100\"\n                                    }\n                                  ]\n                                },\n                                \"iA9/PyI8)\"\n                              ]\n                            },\n                            {\n                              \"mc\": \"<=77\"\n                            },\n                            \"%>Din\",\n                            \"EQ1.aX$Yo\",\n                            \"\"\n                          ]\n                        },\n                        \"\",\n                        \"LA B{X\"\n                      ]\n                    }\n                  ]\n                },\n                {\n                  \"or\": []\n                },\n                {\n                  \"and\": []\n                },\n                {\n                  \"or\": [\n                    {\n                      \"mc\": \"<=53\"\n                    },\n                    {\n                      \"mc\": \"<=190\"\n                    },\n                    {\n                      \"or\": [\n                        \"96*<],w^tO\"\n                      ]\n                    }\n                  ]\n                },\n                {\n                  \"mc\": \"<=181\"\n                }\n              ]\n            },\n            {\n              \"and\": [\n                \"X<P6\",\n                {\n                  \"mc\": \"<=126\"\n                }\n              ]\n            }\n          ],\n          \"url\": \"https://6jf.d.cc\",\n          \"info\": \"%.\",\n          \"isSelectable\": true\n        }\n      },\n      \"wWb1rQ\": {\n        \"name\": \"\\\"i9jD<]%\",\n        \"ay\": 1990,\n        \"assign\": \",zEP-\",\n        \"match\": {\n          \"or\": []\n        },\n        \"satisfy\": [\n          {\n            \"mc\": \"<=75\"\n          },\n          {\n            \"or\": [\n              {\n                \"and\": [\n                  {\n                    \"or\": []\n                  },\n                  \"qbT, bWH:W\",\n                  \"e<g$M^`6\",\n                  \"n%b\"\n                ]\n              },\n              {\n                \"or\": [\n                  \"h=A0P@a\"\n                ]\n              }\n            ]\n          },\n          {\n            \"mc\": \">=137\"\n          },\n          {\n            \"mc\": \">=135\"\n          },\n          {\n            \"or\": [\n              {\n                \"or\": [\n                  {\n                    \"or\": []\n                  }\n                ]\n              }\n            ]\n          }\n        ],\n        \"url\": \"https://n.xcdu.wle/8U/%F2%A1%8A%B2;7%F2%A4%B2%B8N/lPWY*(d~x/UxKcZP*6/pf/U/qa%F1%83%8F%98U(4P:\",\n        \"info\": \"$\\\"+\",\n        \"isSelectable\": true\n      },\n      \"\": {\n        \"name\": \"+q~\",\n        \"ay\": 2025,\n        \"assign\": \"4] {49&\",\n        \"match\": {\n          \"or\": [\n            \"LE*9B\",\n            {\n              \"or\": [\n                {\n                  \"pattern\": \"YU79\",\n                  \"exclude\": \"VKH9U\",\n                  \"info\": \"{o\"\n                }\n              ]\n            }\n          ]\n        },\n        \"satisfy\": [],\n        \"info\": \"o#d\\\"1-#$|P\"\n      }\n    }\n  },\n  {\n    \"title\": \"block sample 2\",\n    \"value\": {\n      \"assign\": [\n        \"J~X2\\\\v\"\n      ],\n      \"match\": [\n        {\n          \"pattern\": \"AZx\",\n          \"exclude\": [\n            \"MHV9683H\",\n            \"EMO4978\",\n            \"PUQ90Y\",\n            \"CYx79J\"\n          ],\n          \"info\": \"\"\n        }\n      ],\n      \"url\": \"http://324uzfo1mb1xd6bnp.7ywko5nbvx63l0.njrjuf3yv7i3ywrjg1jjj0vdrnytm0jd2xz3hzts3hlg6uvq823odmyu2um.9.evog/+pk3/mgc*%F3%86%A1%9BJ/lI_//+e///MKiyL5lo(u\",\n      \"info\": \"\\\"\",\n      \"isSelectable\": true\n    }\n  },\n  {\n    \"title\": \"block sample 3\",\n    \"value\": {\n      \"name\": \"\",\n      \"ay\": 1954,\n      \"assign\": [\n        \"RnLLGpsIS\",\n        \":d\",\n        \"PL&H\"\n      ],\n      \"match\": {\n        \"pattern\": \"ON8E\",\n        \"exclude\": [\n          \"JEx23U\",\n          \"CKF067\",\n          \"WWH040*K\",\n          \"RJ*x0V\"\n        ],\n        \"info\": \"\"\n      },\n      \"satisfy\": {\n        \"or\": [\n          \"\\\"mC.{S.N^\",\n          \"4~Gj=\"\n        ]\n      },\n      \"info\": \"|s#\",\n      \"isSelectable\": true\n    }\n  },\n  {\n    \"title\": \"block sample 4\",\n    \"value\": {\n      \"name\": \"A\",\n      \"ay\": 1955,\n      \"assign\": [],\n      \"satisfy\": [],\n      \"url\": \"http://ta.heehdxl20wiw3hnu3g42hphzcdzbxcgk7nzrvjgv890gocjm1dm.y.vnmvdi\",\n      \"info\": \"k\",\n      \"isSelectable\": true,\n      \"\": {\n        \"name\": \"[PD^%\",\n        \"ay\": 1979,\n        \"assign\": \"Uf\",\n        \"match\": {\n          \"or\": [\n            {\n              \"and\": [\n                \"DIL3*13\",\n                \"SNFx952\",\n                {\n                  \"or\": [\n                    \"BP5*xA\",\n                    {\n                      \"pattern\": \"UVO509O\",\n                      \"exclude\": [],\n                      \"info\": \"vQ*efc\"\n                    },\n                    \"OCQ*0xU\",\n                    \"BEU6946\",\n                    {\n                      \"pattern\": \"MA*49\",\n                      \"exclude\": \"LO4*61\",\n                      \"info\": \"e~|nClV*\"\n                    }\n                  ]\n                },\n                {\n                  \"and\": [\n                    \"DIM**49\",\n                    \"MFB18A\"\n                  ]\n                }\n              ]\n            },\n            {\n              \"pattern\": \"YDB2S\",\n              \"exclude\": \"KFB72R\",\n              \"info\": \",)!x=MS.ij\"\n            },\n            \"AV47*D\",\n            \"KC1\"\n          ]\n        },\n        \"satisfy\": {\n          \"mc\": \"<=86\"\n        },\n        \"url\": \"http://zapeuw6fjs8dm5zb81ywhlkwyjmc3m.tmcrmmi/x=bMvqqz/pR)4Wd/r%F1%A1%B9%BAUj6T-/:&~bR9ynu%F4%8B%8E%BE/%F0%BB%B8%B7W@Cx/$4n%F3%AA%AA%84D!/%F1%9B%A2%B0Ux/Kx&/Hk1/i4Ia\",\n        \"info\": \"W)$?E67\",\n        \"isSelectable\": true,\n        \"pLE0.fcB\": {\n          \"name\": \"y|Gnc\",\n          \"ay\": 2009,\n          \"assign\": [],\n          \"match\": {\n            \"pattern\": \"FQA5x4x\",\n            \"exclude\": [\n              \"HAx45Y\"\n            ]\n          },\n          \"satisfy\": [\n            {\n              \"or\": [\n                {\n                  \"or\": [\n                    {\n                      \"and\": [\n                        {\n                          \"mc\": \"<=151\"\n                        },\n                        {\n                          \"mc\": \">=73\"\n                        },\n                        \"[|yoeb>\",\n                        \"(agy9?'KT\",\n                        \"&n2\"\n                      ]\n                    },\n                    {\n                      \"and\": [\n                        \">sj)-9z\",\n                        \"\",\n                        {\n                          \"mc\": \">=87\"\n                        }\n                      ]\n                    },\n                    {\n                      \"and\": [\n                        \"/l4EGgq;<p\",\n                        \"%I):${\",\n                        \"&?O-V<\"\n                      ]\n                    }\n                  ]\n                }\n              ]\n            }\n          ],\n          \"url\": \"https://6khvo80s7iet-b3550uyxi4bc1h9dvh12-g18t87i-ngnj.1642i7rdnv942cgq10llh0.tn91ms2rc4vumunu.gaog1v.nkr/3d'z+n0$)/UU/g=7=~2RWGB\",\n          \"info\": \"8vwv\"\n        },\n        \"xtq9[sz?.i\": {\n          \"name\": \"7&T3[\",\n          \"ay\": 2009,\n          \"assign\": [\n            \"#n5B0~L\",\n            \"P\",\n            \"qC3;/S\",\n            \"zR\"\n          ],\n          \"match\": [\n            \"NI937Z\"\n          ],\n          \"satisfy\": [\n            {\n              \"and\": [\n                \"=\\\\GK$}`\",\n                {\n                  \"mc\": \">=190\"\n                }\n              ]\n            },\n            \"1/\",\n            \"PC?\",\n            {\n              \"and\": []\n            }\n          ],\n          \"url\": \"http://9.vfbcoolyxr-dbtqime.y.azoz//X%F1%AD%86%94%F4%83%91%97Dfk.E%F0%A1%A7%A1/mx4%F1%AC%B8%AD/%F1%9E%B0%B7Q/%F3%92%B6%BCI7,Z&/U%E6%90%8Ak4_/O/w\",\n          \"info\": \"E8_0z5X6b\",\n          \"isSelectable\": true,\n          \"<vCQ?<xn\": {\n            \"ay\": 2005,\n            \"assign\": [\n              \"6EHq\",\n              \"l6Xf&\",\n              \"7UWU`pTQ\",\n              \"Xa6*.L$_\",\n              \"x/.s!khj@W\"\n            ],\n            \"match\": [\n              {\n                \"pattern\": \"BS0\",\n                \"exclude\": \"TYU704\",\n                \"info\": \"Ufk~\"\n              },\n              {\n                \"pattern\": \"KM04Y\",\n                \"exclude\": \"WX3E\"\n              }\n            ],\n            \"satisfy\": [],\n            \"url\": \"http://cvw66rqu37yf0lgdh.c.dx75cnxlnu.7jvbj9js31j23blz76e8ef82fd.ook/96yQBvNZ%F3%8B%8A%B9/Y%F3%A3%A4%A8np:\",\n            \"info\": \"*AX2Zbs\",\n            \"isSelectable\": true\n          },\n          \"q<H\": {\n            \"name\": \"F!]\",\n            \"assign\": [\n              \"oZC,o\"\n            ],\n            \"match\": [\n              \"SV7\",\n              \"BC651P\",\n              {\n                \"and\": [\n                  {\n                    \"pattern\": \"ZAD6N\",\n                    \"exclude\": [\n                      \"EYD*069D\",\n                      \"QMB6x2*Y\",\n                      \"WKT1x60\",\n                      \"WE2404\"\n                    ],\n                    \"info\": \"tX'1U~\"\n                  },\n                  {\n                    \"and\": []\n                  },\n                  {\n                    \"or\": [\n                      {\n                        \"or\": [\n                          {\n                            \"pattern\": \"VER8737T\",\n                            \"exclude\": [\n                              \"QX3\",\n                              \"LXP91\",\n                              \"XXx7T\",\n                              \"YLC20F\"\n                            ],\n                            \"info\": \"sc<Z\"\n                          },\n                          \"KF3263V\",\n                          {\n                            \"pattern\": \"KBAx485C\",\n                            \"exclude\": \"NHU968K\",\n                            \"info\": \"3\"\n                          }\n                        ]\n                      },\n                      \"UL73G\"\n                    ]\n                  },\n                  \"IXX020Q\",\n                  \"ZVC1x11\"\n                ]\n              }\n            ],\n            \"satisfy\": {\n              \"and\": [\n                \"V_SsWd\"\n              ]\n            },\n            \"url\": \"https://ch.8bu0j4i2bnl19g9t5fit8jtwcy04lqxifelq0rqevlmqnjli8eno.pyype/wjqSnGr\",\n            \"info\": \"+C8+&0\",\n            \"isSelectable\": true\n          },\n          \"n~cO1+RT#5\": {\n            \"name\": \";Hq l.^$4\",\n            \"ay\": 1977,\n            \"assign\": [\n              \"(SP2\",\n              \"cAbGA|'\",\n              \"hrZ=\",\n              \"F9uwLiG\"\n            ],\n            \"match\": {\n              \"or\": [\n                \"LVU0*B\",\n                \"AB*R\",\n                \"DFN3\",\n                {\n                  \"and\": [\n                    \"SN05*5Y\"\n                  ]\n                }\n              ]\n            },\n            \"satisfy\": {\n              \"mc\": \"<=27\"\n            },\n            \"url\": \"https://m8za7z1o6950zk6sheci.1-5cw1tywl47od3546z8k8gh-jxovs4rx8rd7rqy12f9z02.myhuctd8p4augkdawr7laka-i.kyoyf\",\n            \"info\": \"-{@3\",\n            \"isSelectable\": true\n          },\n          \"\\\\\": {\n            \"ay\": 1974,\n            \"assign\": [\n              \"~46Y\"\n            ],\n            \"match\": [\n              {\n                \"and\": [\n                  \"MLF9\",\n                  {\n                    \"pattern\": \"LD800*T\",\n                    \"exclude\": [],\n                    \"info\": \"$l}:c/).J\"\n                  },\n                  {\n                    \"or\": []\n                  },\n                  {\n                    \"and\": [\n                      {\n                        \"or\": [\n                          \"BZ2P\",\n                          {\n                            \"pattern\": \"NK9x41\",\n                            \"exclude\": [],\n                            \"info\": \"\"\n                          },\n                          {\n                            \"pattern\": \"AA*\",\n                            \"exclude\": [\n                              \"NG*x5C\"\n                            ],\n                            \"info\": \"\"\n                          }\n                        ]\n                      },\n                      \"XVO59A\",\n                      \"DVD8*U\"\n                    ]\n                  },\n                  \"UR9Y\"\n                ]\n              },\n              {\n                \"pattern\": \"XMV7x00Z\",\n                \"exclude\": [],\n                \"info\": \"\"\n              }\n            ],\n            \"satisfy\": {\n              \"and\": [\n                {\n                  \"and\": [\n                    {\n                      \"mc\": \"<=55\"\n                    }\n                  ]\n                }\n              ]\n            },\n            \"url\": \"https://dazy0hrad74s.wpakl2bribu-u7kz6v4j9u7-96.ybgdux\",\n            \"info\": \"$3\",\n            \"isSelectable\": true\n          }\n        },\n        \",m[<Sm\": {\n          \"ay\": 2003,\n          \"assign\": \"a{XUE:mG\",\n          \"match\": [\n            \"YJ2\",\n            {\n              \"pattern\": \"PGS8\",\n              \"exclude\": [\n                \"LE606Y\",\n                \"JBT3905O\",\n                \"ZWJ*2Q\",\n                \"TC3D\",\n                \"RLF4226\"\n              ],\n              \"info\": \"G\"\n            }\n          ],\n          \"satisfy\": {\n            \"and\": [\n              {\n                \"and\": []\n              },\n              \"<N~QY%\",\n              {\n                \"and\": [\n                  {\n                    \"or\": [\n                      \"~%,ZStQPVJ\",\n                      \"(Vf\",\n                      {\n                        \"mc\": \">=109\"\n                      },\n                      \"(r}\",\n                      \"B4S~x)|_Z~\"\n                    ]\n                  },\n                  {\n                    \"and\": [\n                      \",zUA \\\\q5\",\n                      \"HgNq\",\n                      \"!\",\n                      {\n                        \"and\": [\n                          \"4aq7<\",\n                          \"1E(*i'9\",\n                          \"7jH)\"\n                        ]\n                      },\n                      \"kKy;\"\n                    ]\n                  },\n                  {\n                    \"mc\": \"<=72\"\n                  },\n                  \"=}j *<\"\n                ]\n              },\n              {\n                \"and\": [\n                  {\n                    \"or\": []\n                  },\n                  \"f\"\n                ]\n              }\n            ]\n          },\n          \"url\": \"http://o.o.e-izjvmq70.zzfga5agqu0kb2k9cpsu.cbituf4b8x9xc15z-q4f597pbqu42hnc4.dicnwqwypx/p/s%F3%99%9E%90ivvNd1%F1%AC%83%B3/N/9Q-;k_h\",\n          \"info\": \"\",\n          \"isSelectable\": true\n        },\n        \"-e\\\\\\\"=aD]%\": {\n          \"name\": \"G[!i[sy\",\n          \"ay\": 2018,\n          \"assign\": [\n            \"I,LgXPECb_\",\n            \"Z=+6X1GDv`\",\n            \"x \"\n          ],\n          \"match\": {\n            \"pattern\": \"QD60\",\n            \"info\": \"Kwi~N*ZZ~\"\n          },\n          \"satisfy\": {\n            \"or\": [\n              \"1uzS{\",\n              {\n                \"or\": [\n                  {\n                    \"and\": [\n                      \"YoS~\",\n                      {\n                        \"mc\": \">=91\"\n                      },\n                      \"2Bt\",\n                      \"@gm\",\n                      \"]\"\n                    ]\n                  },\n                  {\n                    \"and\": [\n                      \"E^%:N>O#u\",\n                      {\n                        \"mc\": \"<=189\"\n                      },\n                      \"n'WI^,Y;=\",\n                      {\n                        \"or\": []\n                      }\n                    ]\n                  },\n                  \"$k\"\n                ]\n              },\n              {\n                \"and\": [\n                  {\n                    \"or\": [\n                      \"SF\"\n                    ]\n                  },\n                  {\n                    \"and\": [\n                      \"?$%`5N\",\n                      {\n                        \"or\": [\n                          {\n                            \"or\": []\n                          }\n                        ]\n                      },\n                      {\n                        \"mc\": \">=96\"\n                      },\n                      \"ff'_Ci%b{\",\n                      \"$Y$5Iww\"\n                    ]\n                  },\n                  {\n                    \"and\": [\n                      \"+@;;9Qw\",\n                      \"xX\"\n                    ]\n                  },\n                  {\n                    \"and\": [\n                      \"@!S5O7{\"\n                    ]\n                  }\n                ]\n              }\n            ]\n          },\n          \"info\": \"2#1}*pQe\",\n          \"isSelectable\": true\n        },\n        \"j.:5+l#0+\": {\n          \"name\": \"qIS6oQjVw`\",\n          \"ay\": 1999,\n          \"assign\": \"]N646O_ /E\",\n          \"match\": {\n            \"or\": [\n              {\n                \"and\": []\n              },\n              {\n                \"and\": [\n                  {\n                    \"or\": [\n                      \"GBP50F\",\n                      {\n                        \"pattern\": \"BJ7x\",\n                        \"exclude\": \"OCV1\",\n                        \"info\": \"RVopGvV1d<\"\n                      },\n                      \"BVX4*3K\",\n                      \"NO937\",\n                      \"BAQ9958I\"\n                    ]\n                  },\n                  {\n                    \"pattern\": \"BCKx7F\",\n                    \"exclude\": \"WLT6\",\n                    \"info\": \"E_aAx*B(8H\"\n                  },\n                  \"JFY8J\",\n                  {\n                    \"pattern\": \"JJ94*T\",\n                    \"exclude\": [\n                      \"ZCDx6\"\n                    ]\n                  },\n                  \"ZS066G\"\n                ]\n              },\n              {\n                \"pattern\": \"AA789\",\n                \"info\": \":Qo\\\\wy6Nd\"\n              },\n              {\n                \"and\": [\n                  {\n                    \"or\": [\n                      {\n                        \"pattern\": \"MJQ52Q\",\n                        \"exclude\": \"OC1\",\n                        \"info\": \"\"\n                      }\n                    ]\n                  }\n                ]\n              }\n            ]\n          },\n          \"url\": \"http://vz-welxn0hsarwvz-5njt46-qa1j7cm8l5xre9a3nzwvn3v6rgbexq9htztirp3.ryb8c63ee4zxuksxpg11xg213xba.rtzrqbfdg/;/pE/;vFY/%F1%B3%A1%91%F0%9C%BD%B3P%F2%A7%AB%93zcv//v2%F3%AD%B1%8C%F4%8F%AB%97bg/A_~=kE9e%F0%9F%84%A2%F1%B1%85%8C/HK;vNH/\",\n          \"info\": \".pL])`\",\n          \"isSelectable\": true,\n          \"\": {\n            \"name\": \"\\\\SkG(\",\n            \"ay\": 2025,\n            \"assign\": \"ai8=T8dI~\",\n            \"match\": [\n              {\n                \"or\": [\n                  {\n                    \"and\": [\n                      {\n                        \"and\": [\n                          \"FT86\"\n                        ]\n                      }\n                    ]\n                  },\n                  {\n                    \"and\": [\n                      {\n                        \"and\": [\n                          \"HQE5914Z\",\n                          {\n                            \"and\": [\n                              \"VN*585\"\n                            ]\n                          }\n                        ]\n                      },\n                      \"ZN50\",\n                      \"CRM41P\"\n                    ]\n                  },\n                  \"BXx\"\n                ]\n              },\n              {\n                \"and\": [\n                  \"RP4\",\n                  {\n                    \"or\": [\n                      \"AH6\"\n                    ]\n                  },\n                  \"OI5x0\"\n                ]\n              },\n              {\n                \"and\": [\n                  {\n                    \"pattern\": \"JX95Q\",\n                    \"exclude\": \"JXY2U\"\n                  },\n                  {\n                    \"pattern\": \"JAR6D\",\n                    \"exclude\": \"DRZ76\"\n                  },\n                  \"CJQ9\",\n                  {\n                    \"and\": []\n                  }\n                ]\n              },\n              \"COW7*\",\n              {\n                \"and\": [\n                  \"RMK5638T\",\n                  \"TJ6982V\",\n                  {\n                    \"or\": [\n                      \"YX5114\",\n                      {\n                        \"or\": [\n                          \"YYC*3V\",\n                          \"JGF0\"\n                        ]\n                      }\n                    ]\n                  },\n                  {\n                    \"and\": [\n                      \"UJ29Y\",\n                      {\n                        \"pattern\": \"JTV8\",\n                        \"exclude\": \"VXU8F\",\n                        \"info\": \"8\"\n                      },\n                      \"CJ*8J\",\n                      {\n                        \"or\": []\n                      }\n                    ]\n                  },\n                  {\n                    \"or\": [\n                      \"NNZ395*\"\n                    ]\n                  }\n                ]\n              }\n            ],\n            \"satisfy\": [],\n            \"url\": \"http://tx3b59hltgy8v4.jn0v310ohjww-86tnt3337n4bk4hn27n0iihxoocnv-orchjw1jjoudd.8nr3jhn0vxpl8wq29xxz03sf6jjuy8.fktnjjxckhwxsfecwx5q-56a7t6x1iiycra74.qodnbte/~HMY~%F3%AA%B8%91/Zs5/jL=%F2%A5%8D%B8YO8nwL//BG'/a@hH8E0Cd/!/uj.rD%F3%88%B6%AC\",\n            \"info\": \"4|91})ce3z\",\n            \"isSelectable\": true\n          },\n          \"U1m.\": {\n            \"name\": \"7Go6zVQtPF\",\n            \"ay\": 1967,\n            \"match\": [\n              {\n                \"pattern\": \"AZL**\",\n                \"exclude\": [\n                  \"AV52G\",\n                  \"IB7363\",\n                  \"WPTxB\"\n                ],\n                \"info\": \"2cVkX\"\n              },\n              {\n                \"or\": [\n                  {\n                    \"or\": [\n                      {\n                        \"pattern\": \"IW16\",\n                        \"exclude\": \"ZEK9C\",\n                        \"info\": \"6\"\n                      },\n                      \"NPOx\",\n                      \"GEH8\",\n                      {\n                        \"or\": []\n                      }\n                    ]\n                  },\n                  \"JXX84\",\n                  \"UAW0\",\n                  {\n                    \"or\": [\n                      \"YE275G\"\n                    ]\n                  }\n                ]\n              },\n              {\n                \"or\": []\n              },\n              {\n                \"pattern\": \"AG258\",\n                \"exclude\": [\n                  \"IXA86\",\n                  \"YW064\"\n                ],\n                \"info\": \"/\"\n              }\n            ],\n            \"url\": \"http://vp9-ad7sfc1ag9j2865fyaik9n6ivbrgsqpqyicvnlhp-d84pa.6.9mbevbdckquxoy2cfsac9dulmdyrd-fr.ud.uqzw/!o%F1%AB%92%BAe@,%F2%9C%B8%86/B(ZqD7h/1%F3%9B%84%895(0P/ut87+G\",\n            \"info\": \"E3x<\"\n          },\n          \"x.L7Fx~ea\": {\n            \"name\": \"\",\n            \"ay\": 1957,\n            \"assign\": \"DH>- B9\",\n            \"match\": {\n              \"pattern\": \"GU276\",\n              \"info\": \"\"\n            },\n            \"satisfy\": [\n              {\n                \"or\": [\n                  {\n                    \"and\": []\n                  }\n                ]\n              }\n            ],\n            \"url\": \"http://4ndzeplxulgnr56xwm1lxrou.q.ms1nbeapqfxw39wuptl0pmdjikr957p1gp5l6b4vlq-wqds5l11xm.zoijn/z/Pn5%F3%90%81%94/=uMet/%F2%89%91%855P;KD$/KT7C!ZUf2d/vz%ED%98%B0-BX/vzF1l%F1%B4%BE%B3r(6\",\n            \"info\": \"\",\n            \"isSelectable\": true\n          }\n        }\n      },\n      \"t,IMj0 'y\": {\n        \"ay\": 2003,\n        \"assign\": \"K,:O3\",\n        \"match\": {\n          \"or\": []\n        },\n        \"satisfy\": [\n          \"2v?IpE\",\n          {\n            \"or\": [\n              {\n                \"or\": [\n                  \"4@4g0\",\n                  {\n                    \"mc\": \">=140\"\n                  },\n                  \"o(hJJ#s\",\n                  \"4'6\",\n                  {\n                    \"mc\": \">=58\"\n                  }\n                ]\n              },\n              {\n                \"or\": [\n                  {\n                    \"or\": [\n                      {\n                        \"mc\": \">=180\"\n                      }\n                    ]\n                  },\n                  {\n                    \"and\": [\n                      \"UU@NtTZ9\",\n                      {\n                        \"or\": []\n                      },\n                      \"H,[<X>t/J8\",\n                      \"\",\n                      \"\\\\;/\"\n                    ]\n                  },\n                  \")pa\",\n                  \"u\"\n                ]\n              },\n              {\n                \"mc\": \">=7\"\n              }\n            ]\n          },\n          {\n            \"mc\": \"<=75\"\n          },\n          {\n            \"and\": [\n              {\n                \"or\": [\n                  {\n                    \"mc\": \">=142\"\n                  },\n                  {\n                    \"and\": [\n                      \" |T\"\n                    ]\n                  },\n                  {\n                    \"and\": []\n                  },\n                  \"^c)S\",\n                  {\n                    \"or\": [\n                      \"wgcV(c,l\",\n                      {\n                        \"mc\": \">=50\"\n                      },\n                      \"`CaD\"\n                    ]\n                  }\n                ]\n              },\n              {\n                \"and\": []\n              }\n            ]\n          },\n          {\n            \"or\": [\n              {\n                \"and\": [\n                  {\n                    \"and\": [\n                      \"eK\",\n                      {\n                        \"or\": []\n                      },\n                      {\n                        \"mc\": \">=34\"\n                      }\n                    ]\n                  },\n                  {\n                    \"and\": [\n                      \":?oE\",\n                      \"mIg\",\n                      {\n                        \"mc\": \">=107\"\n                      }\n                    ]\n                  },\n                  {\n                    \"mc\": \">=158\"\n                  },\n                  {\n                    \"and\": [\n                      \"\",\n                      \"*)ie\",\n                      \"wWu^q[34G\",\n                      \"W\",\n                      {\n                        \"or\": []\n                      }\n                    ]\n                  }\n                ]\n              },\n              {\n                \"mc\": \">=12\"\n              },\n              {\n                \"mc\": \"<=162\"\n              },\n              {\n                \"or\": []\n              }\n            ]\n          }\n        ],\n        \"url\": \"https://tgmbk-eqt0ck0cb7b-v.oedu14-uvx1wi4yitc.9nf444t-6c77yh8vss39px7f3wxmw3v7gwj5m6b18jmupoq6.iojtsax/1spUk!/dj//!z/82-RBHq/5l/%F1%A0%86%AEU/E$rat%F2%8D%A1%9C/\",\n        \"info\": \"_;8`\",\n        \"k\": {\n          \"name\": \"/fuHPfb\",\n          \"ay\": 1964,\n          \"assign\": [\n            \"\",\n            \"uM9Fg/5U\",\n            \"x{bo\",\n            \"tQWR\"\n          ],\n          \"satisfy\": {\n            \"and\": [\n              {\n                \"and\": [\n                  \"bE'Yo\",\n                  {\n                    \"or\": [\n                      \")cvM^{=$\",\n                      {\n                        \"and\": [\n                          {\n                            \"mc\": \"<=164\"\n                          },\n                          \"|HK\",\n                          \"=\",\n                          \"\"\n                        ]\n                      }\n                    ]\n                  },\n                  \"T\"\n                ]\n              },\n              {\n                \"or\": [\n                  \"Y5<O5t*ctd\",\n                  {\n                    \"mc\": \">=16\"\n                  },\n                  {\n                    \"mc\": \"<=139\"\n                  },\n                  \"M}U\",\n                  \"P2\"\n                ]\n              }\n            ]\n          },\n          \"url\": \"https://f6p.ark/XdaCMABz/_Q5LG//5/i%F0%A2%A3%89*%F2%90%9A%82/_S(%F3%8A%AD%96rO:j5y/Rx/a%F1%82%A2%AB%F3%80%96%AC(C28\",\n          \"info\": \"^Sb0h\",\n          \"isSelectable\": true,\n          \"uo,v6\": {\n            \"name\": \"Ha\",\n            \"ay\": 1964,\n            \"assign\": [\n              \"rv\",\n              \"tkq\",\n              \"z=>rL\",\n              \",^nm^W M'|\"\n            ],\n            \"match\": \"JW4K\",\n            \"satisfy\": [\n              \"ugA10h[Km\",\n              {\n                \"or\": [\n                  {\n                    \"and\": [\n                      {\n                        \"and\": [\n                          {\n                            \"or\": [\n                              {\n                                \"mc\": \">=34\"\n                              },\n                              \"<+Y\\\"s_Nb&d\"\n                            ]\n                          }\n                        ]\n                      },\n                      \"OEh\",\n                      \"\",\n                      {\n                        \"and\": [\n                          \"M\",\n                          {\n                            \"mc\": \"<=91\"\n                          },\n                          \"rxA}g(\",\n                          {\n                            \"mc\": \"<=95\"\n                          }\n                        ]\n                      },\n                      \"K4/.Xs\"\n                    ]\n                  },\n                  \"lm[{T'>>^A\",\n                  {\n                    \"or\": [\n                      \"[<\",\n                      {\n                        \"or\": [\n                          \"TdLD\",\n                          \"ZPm.Rnb\",\n                          \"\",\n                          \"23[9BD\"\n                        ]\n                      }\n                    ]\n                  },\n                  \"_$-(8-Gq}\"\n                ]\n              },\n              {\n                \"mc\": \"<=41\"\n              },\n              {\n                \"and\": [\n                  {\n                    \"mc\": \">=121\"\n                  },\n                  {\n                    \"and\": []\n                  },\n                  {\n                    \"and
[...]
          "title": "inequalitySchema",
          "fullFile": "/home/runner/work/planwithus-lib/planwithus-lib/src/satisfyRule/inequality/schemas.test.ts",
          "file": "/src/satisfyRule/inequality/schemas.test.ts",
          "beforeHooks": [],
          "afterHooks": [],
          "tests": [
            {
              "title": "should validate inequality in the form <=n or >=n",
              "fullTitle": "inequalitySchema should validate inequality in the form <=n or >=n",
              "timedOut": false,
              "duration": 1,
              "state": "passed",
              "speed": "fast",
              "pass": true,
              "fail": false,
              "pending": false,
              "context": "[\n  {\n    \"title\": \"inequality sample 0\",\n    \"value\": \">=165\"\n  },\n  {\n    \"title\": \"inequality sample 1\",\n    \"value\": \"<=7\"\n  },\n  {\n    \"title\": \"inequality sample 2\",\n    \"value\": \">=199\"\n  },\n  {\n    \"title\": \"inequality sample 3\",\n    \"value\": \"<=7\"\n  },\n  {\n    \"title\": \"inequality sample 4\",\n    \"value\": \">=15\"\n  },\n  {\n    \"title\": \"inequality sample 5\",\n    \"value\": \"<=3\"\n  },\n  {\n    \"title\": \"inequality sample 6\",\n    \"value\": \">=5\"\n  },\n  {\n    \"title\": \"inequality sample 7\",\n    \"value\": \">=150\"\n  },\n  {\n    \"title\": \"inequality sample 8\",\n    \"value\": \">=83\"\n  },\n  {\n    \"title\": \"inequality sample 9\",\n    \"value\": \">=193\"\n  }\n]",
              "code": "fast_check_1.sample(index_test_2.inequality, 10).forEach((sample, i) => addContext_1.default(this, {\n    title: `inequality sample ${i}`,\n    value: sample,\n}));\nreturn fast_check_1.assert(fast_check_1.property(index_test_2.inequality, ajvValidate));",
              "err": {},
              "uuid": "e1534093-1a9b-4206-add6-a0cd0eb33aa8",
              "parentUUID": "2dddc5df-f7b2-4049-8638-35628097d7d2",
              "isHook": false,
              "skipped": false
            },
            {
              "title": "should not validate inequality of invalid form",
              "fullTitle": "inequalitySchema should not validate inequality of invalid form",
              "timedOut": false,
              "duration": 2,
              "state": "passed",
              "speed": "fast",
              "pass": true,
              "fail": false,
              "pending": false,
              "context": null,
              "code": "[\n        \"\",\n        \"==23\",\n        \"23\",\n        \"<23\",\n        \">23\",\n        \"<=-1\",\n        \">=-1\",\n        \"<= 2\",\n        \">= 1\",\n        \"> 3\",\n        \"< 3\",\n        \"<=3a\",\n        \">=3a\",\n        \"a<=3\",\n        \"a>=3\",\n    ].forEach(isInvalidInequality)",
              "err": {},
              "uuid": "bad5bfa4-f269-4e96-b17c-6b9ed95c7bb5",
              "parentUUID": "2dddc5df-f7b2-4049-8638-35628097d7d2",
              "isHook": false,
              "skipped": false
            }
          ],
          "suites": [],
          "passes": [
            "e1534093-1a9b-4206-add6-a0cd0eb33aa8",
            "bad5bfa4-f269-4e96-b17c-6b9ed95c7bb5"
          ],
          "failures": [],
          "pending": [],
          "skipped": [],
          "duration": 3,
          "root": false,
          "rootEmpty": false,
          "_timeout": 2000
        },
        {
          "uuid": "f67d8e91-fb50-435f-b299-967506bc49cc",
          "title": "satisfyRuleSchema",
          "fullFile": "/home/runner/work/planwithus-lib/planwithus-lib/src/satisfyRule/schemas.test.ts",
          "file": "/src/satisfyRule/schemas.test.ts",
          "beforeHooks": [],
          "afterHooks": [],
          "tests": [
            {
              "title": "should validate satisfy rule with valid block id",
              "fullTitle": "satisfyRuleSchema should validate satisfy rule with valid block id",
              "timedOut": false,
              "duration": 2,
              "state": "passed",
              "speed": "fast",
              "pass": true,
              "fail": false,
              "pending": false,
              "context": null,
              "code": "fast_check_1.assert(fast_check_1.property(fast_check_1.string(), ajvValidate)",
              "err": {},
              "uuid": "dbfee16a-ac03-4be7-b5df-577654731aa5",
              "parentUUID": "f67d8e91-fb50-435f-b299-967506bc49cc",
              "isHook": false,
              "skipped": false
            },
            {
              "title": "should validate satisfy rules with valid mc",
              "fullTitle": "satisfyRuleSchema should validate satisfy rules with valid mc",
              "timedOut": false,
              "duration": 1,
              "state": "passed",
              "speed": "fast",
              "pass": true,
              "fail": false,
              "pending": false,
              "context": "[\n  {\n    \"title\": \"mcSatisfyRule sample 0\",\n    \"value\": {\n      \"mc\": \">=186\"\n    }\n  },\n  {\n    \"title\": \"mcSatisfyRule sample 1\",\n    \"value\": {\n      \"mc\": \"<=1\"\n    }\n  },\n  {\n    \"title\": \"mcSatisfyRule sample 2\",\n    \"value\": {\n      \"mc\": \"<=149\"\n    }\n  },\n  {\n    \"title\": \"mcSatisfyRule sample 3\",\n    \"value\": {\n      \"mc\": \">=7\"\n    }\n  },\n  {\n    \"title\": \"mcSatisfyRule sample 4\",\n    \"value\": {\n      \"mc\": \">=54\"\n    }\n  },\n  {\n    \"title\": \"mcSatisfyRule sample 5\",\n    \"value\": {\n      \"mc\": \"<=186\"\n    }\n  },\n  {\n    \"title\": \"mcSatisfyRule sample 6\",\n    \"value\": {\n      \"mc\": \"<=57\"\n    }\n  },\n  {\n    \"title\": \"mcSatisfyRule sample 7\",\n    \"value\": {\n      \"mc\": \"<=8\"\n    }\n  },\n  {\n    \"title\": \"mcSatisfyRule sample 8\",\n    \"value\": {\n      \"mc\": \"<=86\"\n    }\n  },\n  {\n    \"title\": \"mcSatisfyRule sample 9\",\n    \"value\": {\n      \"mc\": \"<=135\"\n    }\n  }\n]",
              "code": "fast_check_1.sample(index_test_2.mcSatisfyRule, 10).forEach((sample, i) => addContext_1.default(this, {\n    title: `mcSatisfyRule sample ${i}`,\n    value: sample,\n}));\nreturn fast_check_1.assert(fast_check_1.property(index_test_2.mcSatisfyRule, ajvValidate));",
              "err": {},
              "uuid": "85a098f6-8681-4b32-8206-e83c8744274a",
              "parentUUID": "f67d8e91-fb50-435f-b299-967506bc49cc",
              "isHook": false,
              "skipped": false
            },
            {
              "title": "should validate valid recursive satisfy rules",
              "fullTitle": "satisfyRuleSchema should validate valid recursive satisfy rules",
              "timedOut": false,
              "duration": 3,
              "state": "passed",
              "speed": "fast",
              "pass": true,
              "fail": false,
              "pending": false,
              "context": "[\n  {\n    \"title\": \"satisfyRule sample 0\",\n    \"value\": {\n      \"mc\": \"<=8\"\n    }\n  },\n  {\n    \"title\": \"satisfyRule sample 1\",\n    \"value\": {\n      \"or\": [\n        {\n          \"and\": [\n            {\n              \"or\": [\n                \";\",\n                \"[!aRQCDF3,\",\n                {\n                  \"mc\": \"<=151\"\n                },\n                {\n                  \"and\": []\n                }\n              ]\n            },\n            \"#fu\"\n          ]\n        }\n      ]\n    }\n  },\n  {\n    \"title\": \"satisfyRule sample 2\",\n    \"value\": {\n      \"and\": [\n        {\n          \"mc\": \"<=15\"\n        },\n        \"ED'|^l4KP\",\n        {\n          \"or\": []\n        },\n        {\n          \"mc\": \">=148\"\n        }\n      ]\n    }\n  },\n  {\n    \"title\": \"satisfyRule sample 3\",\n    \"value\": {\n      \"and\": [\n        {\n          \"or\": [\n            \"XYbF{1\",\n            {\n              \"or\": [\n                {\n                  \"and\": [\n                    {\n                      \"and\": [\n                        \"ub\",\n                        \"\",\n                        \"\"\n                      ]\n                    },\n                    \"^0>`C\",\n                    \";WJ&v*pl\",\n                    \"1:Y[6\"\n                  ]\n                },\n                \"Q-\"\n              ]\n            },\n            \"-\",\n            {\n              \"or\": [\n                {\n                  \"mc\": \">=41\"\n                },\n                {\n                  \"and\": [\n                    {\n                      \"or\": [\n                        {\n                          \"mc\": \"<=74\"\n                        }\n                      ]\n                    },\n                    \"%\",\n                    {\n                      \"mc\": \">=71\"\n                    },\n                    \"]Be=j\",\n                    \"B\"\n                  ]\n                },\n                {\n                  \"and\": [\n                    \"M)\"\n                  ]\n                }\n              ]\n            }\n          ]\n        },\n        {\n          \"or\": [\n            \"f|P/3Y4K\"\n          ]\n        }\n      ]\n    }\n  },\n  {\n    \"title\": \"satisfyRule sample 4\",\n    \"value\": {\n      \"or\": [\n        {\n          \"mc\": \">=6\"\n        },\n        {\n          \"mc\": \">=148\"\n        },\n        {\n          \"mc\": \"<=64\"\n        },\n        {\n          \"and\": [\n            {\n              \"or\": [\n                \"|\",\n                {\n                  \"mc\": \">=4\"\n                },\n                {\n                  \"or\": [\n                    \"/Qsprr~X[\",\n                    \"(RU>wqBt\"\n                  ]\n                }\n              ]\n            },\n            \"*\\\"<$y\"\n          ]\n        },\n        {\n          \"or\": [\n            {\n              \"or\": [\n                {\n                  \"or\": [\n                    {\n                      \"mc\": \">=2\"\n                    },\n                    {\n                      \"and\": []\n                    }\n                  ]\n                },\n                \"iL+\\\"P\"\n              ]\n            },\n            {\n              \"mc\": \">=67\"\n            },\n            {\n              \"mc\": \"<=27\"\n            }\n          ]\n        }\n      ]\n    }\n  },\n  {\n    \"title\": \"satisfyRule sample 5\",\n    \"value\": {\n      \"or\": []\n    }\n  },\n  {\n    \"title\": \"satisfyRule sample 6\",\n    \"value\": {\n      \"mc\": \"<=6\"\n    }\n  },\n  {\n    \"title\": \"satisfyRule sample 7\",\n    \"value\": {\n      \"or\": [\n        {\n          \"and\": [\n            \"H_ \",\n            {\n              \"and\": [\n                \"g\",\n                \"?6*\",\n                \"Rth:Uq\",\n                \"=Rp=d3/\",\n                {\n                  \"or\": [\n                    \"HMIz\",\n                    \"&?0D7xhc\"\n                  ]\n                }\n              ]\n            },\n            {\n              \"and\": [\n                {\n                  \"or\": [\n                    \"[MR\",\n                    {\n                      \"or\": [\n                        \"}mWVU?*[,\",\n                        {\n                          \"mc\": \">=146\"\n                        },\n                        \"\\\\`@`B\"\n                      ]\n                    },\n                    \"r#eu\",\n                    {\n                      \"mc\": \"<=54\"\n                    },\n                    {\n                      \"or\": [\n                        \"mo\",\n                        \"=54\"\n                      ]\n                    }\n                  ]\n                },\n                \"~sM\",\n                \"x>@QQaZ`\"\n              ]\n            }\n          ]\n        },\n        {\n          \"or\": [\n            {\n              \"or\": []\n            },\n            {\n              \"and\": [\n                {\n                  \"and\": [\n                    \"~:q0Uk\",\n                    \"\",\n                    \"wnYqxnp&MD\"\n                  ]\n                },\n                {\n                  \"mc\": \"<=122\"\n                },\n                {\n                  \"or\": [\n                    \"(^d(\",\n                    \"~Z=)v5\",\n                    \"eF3\",\n                    \"sQuz11\"\n                  ]\n                },\n                \"B!g\\\"uZ9i,w\",\n                {\n                  \"and\": [\n                    \"$Bhd7_dO5\",\n                    \"\",\n                    {\n                      \"and\": []\n                    }\n                  ]\n                }\n              ]\n            }\n          ]\n        },\n        \"dg~K\"\n      ]\n    }\n  },\n  {\n    \"title\": \"satisfyRule sample 8\",\n    \"value\": \"qE\"\n  },\n  {\n    \"title\": \"satisfyRule sample 9\",\n    \"value\": {\n      \"and\": [\n        {\n          \"mc\": \">=148\"\n        }\n      ]\n    }\n  }\n]",
              "code": "fast_check_1.sample(index_test_2.satisfyRule, 10).forEach((sample, i) => addContext_1.default(this, {\n    title: `satisfyRule sample ${i}`,\n    value: sample,\n}));\nreturn fast_check_1.assert(fast_check_1.property(index_test_2.satisfyRule, ajvValidate));",
              "err": {},
              "uuid": "36f8fa09-3966-4299-9b76-b4dc9e822303",
              "parentUUID": "f67d8e91-fb50-435f-b299-967506bc49cc",
              "isHook": false,
              "skipped": false
            },
            {
              "title": "should not validate non-string/object",
              "fullTitle": "satisfyRuleSchema should not validate non-string/object",
              "timedOut": false,
              "duration": 1,
              "state": "passed",
              "speed": "fast",
              "pass": true,
              "fail": false,
              "pending": false,
              "context": null,
              "code": "const error = {\n    instancePath: \"\",\n    message: \"satisfy rule should be either a string or an object\",\n};\nisInvalidRule(null, error);\nisInvalidRule(undefined, error);\nisInvalidRule(10, error);\nisInvalidRule([12, 24], error);",
              "err": {},
              "uuid": "01de033b-e22c-40b3-ad36-d5072441f53e",
              "parentUUID": "f67d8e91-fb50-435f-b299-967506bc49cc",
              "isHook": false,
              "skipped": false
            },
            {
              "title": "should not validate satisfy rules with extra properties",
              "fullTitle": "satisfyRuleSchema should not validate satisfy rules with extra properties",
              "timedOut": false,
              "duration": 1,
              "state": "passed",
              "speed": "fast",
              "pass": true,
              "fail": false,
              "pending": false,
              "context": null,
              "code": "isInvalidRule({\n        and: [\n            { or: [\"2k\"], abc: \"def\" },\n            { mc: 8, ghi: \"jkl\" },\n        ],\n        mno: \"pqr\",\n    }, {\n        instancePath: \"/and/0\",\n        message: \"or satisfy rule should have property 'or' only\",\n    }, {\n        instancePath: \"/and/1\",\n        message: \"MC satisfy rule should have property 'mc' only\",\n    }, {\n        instancePath: \"\",\n        message: \"and satisfy rule should have property 'and' only\",\n    })",
              "err": {},
              "uuid": "84e54734-1985-4e0e-b966-e897ef862b63",
              "parentUUID": "f67d8e91-fb50-435f-b299-967506bc49cc",
              "isHook": false,
              "skipped": false
            },
            {
              "title": "should not validate ambiguous satisfy rules",
              "fullTitle": "satisfyRuleSchema should not validate ambiguous satisfy rules",
              "timedOut": false,
              "duration": 0,
              "state": "passed",
              "speed": "fast",
              "pass": true,
              "fail": false,
              "pending": false,
              "context": null,
              "code": "const message = \"satisfy rule should have only one of properties 'mc', 'and', 'or'\";\nisInvalidRule({\n    or: [\n        { mc: 5, and: [\"CS2040\"] },\n        { and: [{ and: [\"abc\"], or: [\"def\"] }] },\n    ],\n}, { instancePath: \"/or/0\", message }, { instancePath: \"/or/1/and/0\", message });",
              "err": {},
              "uuid": "9bba9bb8-0701-45ad-a077-329f06c0b859",
              "parentUUID": "f67d8e91-fb50-435f-b299-967506bc49cc",
              "isHook": false,
              "skipped": false
            },
            {
              "title": "should not validate and satisfy rules with non-array property",
              "fullTitle": "satisfyRuleSchema should not validate and satisfy rules with non-array property",
              "timedOut": false,
              "duration": 1,
              "state": "passed",
              "speed": "fast",
              "pass": true,
              "fail": false,
              "pending": false,
              "context": null,
              "code": "const message = \"property 'and' should be an array of satisfy rules\";\nisInvalidRule({ or: [{ and: {} }, { or: [{ and: 3 }] }] }, { instancePath: \"/or/0/and\", message }, { instancePath: \"/or/1/or/0/and\", message });",
              "err": {},
              "uuid": "7f4687bb-758d-4a79-acbd-bbaeeb136f36",
              "parentUUID": "f67d8e91-fb50-435f-b299-967506bc49cc",
              "isHook": false,
              "skipped": false
            },
            {
              "title": "should not validate or satisfy rules with non-array property",
              "fullTitle": "satisfyRuleSchema should not validate or satisfy rules with non-array property",
              "timedOut": false,
              "duration": 0,
              "state": "passed",
              "speed": "fast",
              "pass": true,
              "fail": false,
              "pending": false,
              "context": null,
              "code": "const message = \"property 'or' should be an array of satisfy rules\";\nisInvalidRule({ and: [{ or: {} }, { and: [{ or: 3 }] }] }, { instancePath: \"/and/0/or\", message }, { instancePath: \"/and/1/and/0/or\", message });",
              "err": {},
              "uuid": "70e51481-5e73-4ce1-ad96-f4f6f3d1b965",
              "parentUUID": "f67d8e91-fb50-435f-b299-967506bc49cc",
              "isHook": false,
              "skipped": false
            }
          ],
          "suites": [],
          "passes": [
            "dbfee16a-ac03-4be7-b5df-577654731aa5",
            "85a098f6-8681-4b32-8206-e83c8744274a",
            "36f8fa09-3966-4299-9b76-b4dc9e822303",
            "01de033b-e22c-40b3-ad36-d5072441f53e",
            "84e54734-1985-4e0e-b966-e897ef862b63",
            "9bba9bb8-0701-45ad-a077-329f06c0b859",
            "7f4687bb-758d-4a79-acbd-bbaeeb136f36",
            "70e51481-5e73-4ce1-ad96-f4f6f3d1b965"
          ],
          "failures": [],
          "pending": [],
          "skipped": [],
          "duration": 9,
          "root": false,
          "rootEmpty": false,
          "_timeout": 2000
        }
      ],
      "passes": [],
      "failures": [],
      "pending": [],
      "skipped": [],
      "duration": 0,
      "root": true,
      "rootEmpty": true,
      "_timeout": 2000
    }
  ],
  "meta": {
    "mocha": {
      "version": "9.0.2"
    },
    "mochawesome": {
      "options": {
        "quiet": false,
        "reportFilename": "mochawesome",
        "saveHtml": true,
        "saveJson": true,
        "consoleReporter": "spec",
        "useInlineDiffs": false,
        "code": true
      },
      "version": "6.2.2"
    },
    "marge": {
      "options": {
        "reportDir": "docs"
      },
      "version": "5.2.0"
    }
  }
}