{
  "stats": {
    "suites": 6,
    "tests": 29,
    "passes": 29,
    "pending": 0,
    "failures": 0,
    "start": "2021-07-06T02:46:01.990Z",
    "end": "2021-07-06T02:46:02.264Z",
    "duration": 274,
    "testsRegistered": 29,
    "passPercent": 100,
    "pendingPercent": 0,
    "other": 0,
    "hasOther": false,
    "skipped": 0,
    "hasSkipped": false
  },
  "results": [
    {
      "uuid": "9a0fb17a-de9c-4c60-99b8-1de58e53dac0",
      "title": "",
      "fullFile": "",
      "file": "",
      "beforeHooks": [],
      "afterHooks": [],
      "tests": [],
      "suites": [
        {
          "uuid": "60c90245-72d2-4fbb-9506-db599fa58b34",
          "title": "initDirectories",
          "fullFile": "/home/runner/work/planwithus-lib/planwithus-lib/src/block/schemas.test.ts",
          "file": "/src/block/schemas.test.ts",
          "beforeHooks": [],
          "afterHooks": [],
          "tests": [
            {
              "title": "should parse all blocks with no errors",
              "fullTitle": "initDirectories should parse all blocks with no errors",
              "timedOut": false,
              "duration": 3,
              "state": "passed",
              "speed": "fast",
              "pass": true,
              "fail": false,
              "pending": false,
              "context": null,
              "code": "_1.initDirectories.should.not.throw()",
              "err": {},
              "uuid": "70c1834f-8874-48f3-8f15-cbea59d79ee2",
              "parentUUID": "60c90245-72d2-4fbb-9506-db599fa58b34",
              "isHook": false,
              "skipped": false
            },
            {
              "title": "should produce primary, second & minor directories",
              "fullTitle": "initDirectories should produce primary, second & minor directories",
              "timedOut": false,
              "duration": 46,
              "state": "passed",
              "speed": "medium",
              "pass": true,
              "fail": false,
              "pending": false,
              "context": null,
              "code": "const directories = await _1.initDirectories();\ndirectories.should.have.property(\"primary\");\ndirectories.should.have.property(\"second\");\ndirectories.should.have.property(\"minor\");",
              "err": {},
              "uuid": "23680d09-8427-4b4f-83db-11f0246c0624",
              "parentUUID": "60c90245-72d2-4fbb-9506-db599fa58b34",
              "isHook": false,
              "skipped": false
            }
          ],
          "suites": [],
          "passes": [
            "70c1834f-8874-48f3-8f15-cbea59d79ee2",
            "23680d09-8427-4b4f-83db-11f0246c0624"
          ],
          "failures": [],
          "pending": [],
          "skipped": [],
          "duration": 49,
          "root": false,
          "rootEmpty": false,
          "_timeout": 2000
        },
        {
          "uuid": "3a247d1a-9512-4ea2-993f-d272db4cf374",
          "title": "blockSchema",
          "fullFile": "/home/runner/work/planwithus-lib/planwithus-lib/src/block/schemas.test.ts",
          "file": "/src/block/schemas.test.ts",
          "beforeHooks": [],
          "afterHooks": [],
          "tests": [
            {
              "title": "should validate valid block",
              "fullTitle": "blockSchema should validate valid block",
              "timedOut": false,
              "duration": 168,
              "state": "passed",
              "speed": "slow",
              "pass": true,
              "fail": false,
              "pending": false,
              "context": "[\n  {\n    \"title\": \"block sample 0\",\n    \"value\": {\n      \"name\": \"xqzk|jw H\",\n      \"ay\": 2029,\n      \"assign\": [],\n      \"match\": [],\n      \"satisfy\": {\n        \"mc\": \"<=8\"\n      },\n      \"url\": \"https://cjrw01y28m-wfj958jpxvwl.23w3xpn82h7xlwfko2psm76dj327r96vphkv.ruxwnl5yrdr65zn2xrs0p586ei717ogqi2df.ke/pW/+$/Ps/KSFK/2q%F1%A4%A6%87B/=%F3%9E%AA%99(Sf/A((HV/%F0%B4%98%ADK52%F2%B1%9B%9BD%F1%B3%8C%81/rf/zKC):\",\n      \"info\": \"$No##\",\n      \"+y/`K\": {\n        \"assign\": [\n          \"Dn29/EK5\"\n        ],\n        \"match\": [\n          {\n            \"and\": []\n          },\n          {\n            \"pattern\": \"DGG220\",\n            \"exclude\": \"FC5\",\n            \"info\": \"R3t>!~\\\"\"\n          },\n          {\n            \"and\": [\n              \"KF45\"\n            ]\n          }\n        ],\n        \"satisfy\": {\n          \"or\": [\n            {\n              \"or\": [\n                \"?-\",\n                \"#gq\",\n                \"oLay`@\",\n                {\n                  \"or\": [\n                    \":\",\n                    {\n                      \"and\": [\n                        {\n                          \"and\": [\n                            \"Vc;)GAJA?\",\n                            {\n                              \"mc\": \">=54\"\n                            },\n                            \"}.\",\n                            \"df&4\",\n                            \"\"\n                          ]\n                        },\n                        \"GQe<\"\n                      ]\n                    },\n                    {\n                      \"or\": [\n                        {\n                          \"mc\": \">=1\"\n                        },\n                        {\n                          \"or\": []\n                        },\n                        \"sfS~LZ:J4T\",\n                        {\n                          \"or\": [\n                            \"8s\"\n                          ]\n                        }\n                      ]\n                    },\n                    \"C[m&N1\"\n                  ]\n                }\n              ]\n            },\n            {\n              \"and\": [\n                \"K_-DY`I*G$\",\n                \"\",\n                {\n                  \"and\": []\n                }\n              ]\n            },\n            \"l|D$9\",\n            {\n              \"or\": [\n                \"`]WZ(\",\n                {\n                  \"and\": [\n                    \"I#|\",\n                    {\n                      \"and\": [\n                        \"F!/;M}\"\n                      ]\n                    },\n                    {\n                      \"mc\": \">=88\"\n                    },\n                    {\n                      \"and\": [\n                        {\n                          \"and\": [\n                            \"pN)9T\",\n                            \"\\\\Vkfyj\",\n                            {\n                              \"mc\": \">=57\"\n                            }\n                          ]\n                        },\n                        {\n                          \"and\": [\n                            \"x@Y_\",\n                            \"XP(!:\",\n                            \"^\",\n                            \"2U7\\\\?@\"\n                          ]\n                        },\n                        \"\"\n                      ]\n                    },\n                    {\n                      \"and\": [\n                        \"saktn!+Kj\"\n                      ]\n                    }\n                  ]\n                },\n                {\n                  \"mc\": \">=64\"\n                },\n                \"yfo7\"\n              ]\n            },\n            {\n              \"and\": []\n            }\n          ]\n        },\n        \"url\": \"https://ikv7lzyvj0jetmq-cmea.q6c75vl0i7qpbz5cp.4f81u58j5x73on1k11q22ym92dxqm61wqywgdvgv7b0o.pdx231wa7ae842jty2pa.hsfwg/69%F0%9C%91%93/.u%F4%8D%B5%AFzAb/50xc/Go@EBX0/sETd&8%F2%BB%8E%BDY7R\"\n      }\n    }\n  },\n  {\n    \"title\": \"block sample 1\",\n    \"value\": {\n      \"name\": \"#Hi[\",\n      \"ay\": 1950,\n      \"assign\": \"}!\",\n      \"match\": \"LC614\",\n      \"satisfy\": [\n        \"!>~\"\n      ],\n      \"url\": \"http://tuv-e5kfadagxz4l1bcv2gwr95och3k-rtw3j0zue2pkr7rnai7srtme.xagdcxwjas/%F1%8F%84%AElh%F2%83%B7%96%F1%88%AA%ACW8k%F0%BC%B6%8C,/F9O*hZ%F2%90%BA%80x/EA-%F3%A1%A0%B7y$TRI-/'s0JsJ%F2%B3%8D%91/G/T!i:y(1\",\n      \"info\": \"\\\"\"\n    }\n  },\n  {\n    \"title\": \"block sample 2\",\n    \"value\": {\n      \"name\": \"\\\"\",\n      \"ay\": 1950,\n      \"assign\": [\n        \"\",\n        \"$\"\n      ],\n      \"match\": \"HR59xH\",\n      \"satisfy\": {\n        \"and\": [\n          {\n            \"or\": [\n              {\n                \"mc\": \">=123\"\n              },\n              {\n                \"and\": [\n                  \"92b'b5\",\n                  \"+FC`#-Cn\",\n                  \"AH6M\",\n                  \"gfswC$\",\n                  \")s/@{g+!C\"\n                ]\n              }\n            ]\n          },\n          {\n            \"or\": []\n          },\n          {\n            \"and\": [\n              {\n                \"or\": [\n                  \"KdJe_\",\n                  {\n                    \"and\": [\n                      \"L>P,-\",\n                      {\n                        \"mc\": \"<=72\"\n                      }\n                    ]\n                  }\n                ]\n              },\n              {\n                \"and\": [\n                  {\n                    \"or\": [\n                      \"'mHN\",\n                      \"Nex@\",\n                      \"\",\n                      \"8\"\n                    ]\n                  }\n                ]\n              }\n            ]\n          },\n          {\n            \"mc\": \"<=157\"\n          }\n        ]\n      },\n      \"url\": \"https://ottr5zfcy5az863xzq2iqd4sdqtr-2e5ehv.631peerc-1w4k9fhaexk-bku0mgkqk5y3xeqdlwh1awlde5k0a38ux1umne.btomfwhytx//PDan.:+4@\"\n    }\n  },\n  {\n    \"title\": \"block sample 3\",\n    \"value\": {\n      \"name\": \"sT%\",\n      \"ay\": 2025,\n      \"assign\": [\n        \"++q<V~!-\"\n      ],\n      \"match\": [\n        {\n          \"or\": [\n            \"CAE9U\",\n            {\n              \"and\": [\n                {\n                  \"and\": [\n                    {\n                      \"and\": []\n                    },\n                    {\n                      \"pattern\": \"EUZ5238N\",\n                      \"info\": \")sqS2 i\"\n                    },\n                    \"FRZ75x*\",\n                    \"SZxU\",\n                    {\n                      \"pattern\": \"KVR9897\",\n                      \"exclude\": [\n                        \"LH0134K\"\n                      ],\n                      \"info\": \"hH/\"\n                    }\n                  ]\n                }\n              ]\n            }\n          ]\n        }\n      ],\n      \"satisfy\": {\n        \"and\": [\n          {\n            \"or\": [\n              \";2\"\n            ]\n          },\n          \"p3\"\n        ]\n      },\n      \"url\": \"http://wu6s3fclykw-ftvj6leyklh-1ip.qhp8b9e4u.z03k43fa.c4-24grqnxn7r.20ipzyn06gxsrouzxjcav8u4buxjtkmpnzlnzx6tjlokzcee.vhwas/jY%F2%B8%AA%B8h%F1%8A%B1%9DfLqNX\",\n      \"info\": \"=,\"\n    }\n  },\n  {\n    \"title\": \"block sample 4\",\n    \"value\": {\n      \"name\": \"&G}\",\n      \"ay\": 2015,\n      \"assign\": [\n        \"\"\n      ],\n      \"match\": [\n        {\n          \"or\": [\n            {\n              \"and\": []\n            },\n            {\n              \"or\": [\n                {\n                  \"pattern\": \"ZFQx3\",\n                  \"exclude\": \"JN73T\",\n                  \"info\": \"Ag!dTd\\\\R*\"\n                }\n              ]\n            },\n            {\n              \"pattern\": \"QYV013\",\n              \"exclude\": \"FWG9\",\n              \"info\": \"QD\"\n            },\n            {\n              \"and\": [\n                {\n                  \"or\": [\n                    \"DDT1659\"\n                  ]\n                }\n              ]\n            },\n            {\n              \"pattern\": \"DRR488Z\",\n              \"exclude\": [\n                \"SCJ59\"\n              ],\n              \"info\": \"=\\\"\\\\O--gM\\\\\"\n            }\n          ]\n        },\n        {\n          \"pattern\": \"XT9H\",\n          \"exclude\": [\n            \"FSI9557\"\n          ],\n          \"info\": \"\"\n        },\n        {\n          \"or\": [\n            {\n              \"pattern\": \"YJYx81\",\n              \"exclude\": \"MS281P\",\n              \"info\": \"rr}D\"\n            },\n            {\n              \"and\": [\n                \"DEC31P\",\n                \"RJX31\"\n              ]\n            }\n          ]\n        },\n        {\n          \"pattern\": \"HN0C\",\n          \"exclude\": [],\n          \"info\": \"ak\"\n        },\n        {\n          \"or\": [\n            \"VOW5\",\n            {\n              \"pattern\": \"UFx6\",\n              \"exclude\": [],\n              \"info\": \"u^n^C>k0/\"\n            },\n            \"TPH8\",\n            {\n              \"pattern\": \"UV03*1Q\",\n              \"exclude\": [\n                \"TY401*S\",\n                \"XU2844N\",\n                \"OCB12L\"\n              ],\n              \"info\": \"l*qyH/Z j\"\n            },\n            \"BF060xD\"\n          ]\n        }\n      ],\n      \"satisfy\": [\n        {\n          \"or\": [\n            {\n              \"and\": [\n                {\n                  \"mc\": \"<=76\"\n                }\n              ]\n            },\n            \".|tm|\",\n            {\n              \"and\": [\n                {\n                  \"mc\": \">=182\"\n                },\n                {\n                  \"and\": []\n                }\n              ]\n            }\n          ]\n        }\n      ],\n      \"url\": \"http://1ryc6z-obsf5uaic51kbe8e8fca67ffcf679bd-f85cd.d--dxreexgmyae-dadyfnde34ki.ms-8-bbadgbfj-b5e75abd1irlnae9kebwfubaygv.bo\",\n      \"info\": \"A~\",\n      \"AY6J\": {\n        \"name\": \"bG\",\n        \"assign\": \"O9_`wu>?\",\n        \"match\": [\n          {\n            \"pattern\": \"QL3610\",\n            \"exclude\": \"IG7L\",\n            \"info\": \"vP\"\n          },\n          {\n            \"and\": [\n              \"AWK5G\",\n              {\n                \"and\": [\n                  {\n                    \"and\": [\n                      {\n                        \"pattern\": \"DGD180X\",\n                        \"exclude\": \"EDxV\"\n                      },\n                      \"SO8*6*\"\n                    ]\n                  },\n                  {\n                    \"and\": [\n                      \"UI2\",\n                      \"TWK**9Y\",\n                      \"UHO0286\",\n                      \"PID*8\",\n                      \"KPM2xG\"\n                    ]\n                  }\n                ]\n              }\n            ]\n          },\n          \"FY2*87P\"\n        ],\n        \"satisfy\": [\n          \".z>iNnaVEH\",\n          \"BCGE\",\n          \"J\",\n          {\n            \"mc\": \">=123\"\n          },\n          {\n            \"and\": [\n              {\n                \"mc\": \">=127\"\n              },\n              {\n                \"and\": []\n              },\n              {\n                \"and\": []\n              },\n              \"{\"\n            ]\n          }\n        ],\n        \"url\": \"http://s692xtk3y.tfmatscrco/J65a/Ps6e;o\",\n        \"info\": \"+Z?r[\"\n      },\n      \"x:jOPx8M\": {\n        \"name\": \"fI?v_\",\n        \"ay\": 2006,\n        \"assign\": \"2hzfIn\",\n        \"match\": [\n          {\n            \"pattern\": \"EN1T\",\n            \"exclude\": \"OB743F\"\n          },\n          {\n            \"or\": [\n              {\n                \"or\": [\n                  {\n                    \"and\": []\n                  },\n                  {\n                    \"pattern\": \"SDE0566C\",\n                    \"exclude\": \"SHRxx3F\",\n                    \"info\": \"/+HD5+N\"\n                  }\n                ]\n              },\n              \"CCL374x\",\n              {\n                \"pattern\": \"PRS0\",\n                \"exclude\": [\n                  \"TS4xU\",\n                  \"SZGxX\",\n                  \"ZJ513\",\n                  \"KPx\",\n                  \"AV5*50\"\n                ],\n                \"info\": \" 3T~b^]\"\n              },\n              {\n                \"and\": [\n                  \"PGZ7*\",\n                  \"QNT234\",\n                  \"TNM3*1x\"\n                ]\n              }\n            ]\n          },\n          {\n            \"pattern\": \"MNQ59xL\",\n            \"exclude\": \"ZV*28x\",\n            \"info\": \"\"\n          },\n          \"IWZ02\",\n          {\n            \"or\": [\n              \"WWO662\",\n              {\n                \"and\": [\n                  \"GKV20\",\n                  {\n                    \"pattern\": \"RV4xI\",\n                    \"exclude\": [\n                      \"FYPxB\"\n                    ],\n                    \"info\": \"a9T0D\"\n                  },\n                  \"NFN89\",\n                  \"YVx9Z\"\n                ]\n              },\n              {\n                \"pattern\": \"GD69\",\n                \"exclude\": \"VRK0F\",\n                \"info\": \".h/Pv\"\n              }\n            ]\n          }\n        ],\n        \"satisfy\": [\n          {\n            \"and\": [\n              {\n                \"mc\": \">=55\"\n              },\n              {\n                \"or\": [\n                  \";c<\"\n                ]\n              },\n              \"X\",\n              \"0x-f/C\",\n              {\n                \"mc\": \"<=4\"\n              }\n            ]\n          },\n          \"OQ\",\n          \"(bhE(@R\",\n          {\n            \"or\": [\n              \"RT&O\",\n              {\n                \"and\": []\n              }\n            ]\n          },\n          {\n            \"mc\": \">=100\"\n          }\n        ],\n        \"url\": \"http://hb1xjr9sblve.r.uii5hpwmmrysaseicbg.oy/H/,/dLs0c)YvN/*3%F3%94%96%82,MI@2!\"\n      },\n      \"?8 ^%JCT\": {\n        \"name\": \"hF@~47Ijzl\",\n        \"ay\": 1979,\n        \"assign\": \"xV%1'=z\",\n        \"match\": \"ZXY888\",\n        \"url\": \"https://gcysk83nh26q72cwqboi2ro2x3iod9ulfdih-jaqtx.j1ctr0i0tc7zby0v3xjngx-cisn62fnz-d4q3x7gj0n7n0xo03j2si.ht80rj7g1mta19ducc3mov8j045of5unhheb4a.flhb4r-m85r.grvueyk/~Y%F2%91%82%A0hl+b)/qd,%F3%BA%B9%AEgHZ/c+%F3%89%98%9753r/Kbj3jRCP/h%F1%9B%9F%8C\",\n        \"info\": \"\"\n      }\n    }\n  },\n  {\n    \"title\": \"block sample 5\",\n    \"value\": {\n      \"name\": \"nnciwN\",\n      \"ay\": 1956,\n      \"assign\": [\n        \"  \\\\\",\n        \"\\\"%q\\\"6*|%\\\"s\"\n      ],\n      \"match\": {\n        \"pattern\": \"ZN8070\",\n        \"exclude\": [\n          \"RF665M\"\n        ],\n        \"info\": \"3txDOtP:+\"\n      },\n      \"satisfy\": {\n        \"or\": [\n          {\n            \"or\": [\n              {\n                \"and\": []\n              },\n              {\n                \"or\": [\n                  \"O\",\n                  \"Y\",\n                  {\n                    \"mc\": \"<=78\"\n                  },\n                  \"0XT2\",\n                  \"wUg\"\n                ]\n              },\n              {\n                \"mc\": \">=199\"\n              }\n            ]\n          },\n          \"`kaEE\",\n          \"|{x$ |7ZtG\"\n        ]\n      },\n      \"url\": \"http://9.2c505gexw9569dzo88pl4evc7-ecjd2xqfpfbdc0frz.ezue/6''8/B2fJ/ec%F2%A9%85%A6dYMZB;\",\n      \"info\": \"PJ-C48\",\n      \" \\\"\": {\n        \"name\": \"n~azLbw\",\n        \"ay\": 1960,\n        \"assign\": [\n          \"rrXK)^DjH+\",\n          \" o>6[d!\",\n          \"-P\"\n        ],\n        \"match\": {\n          \"or\": [\n            {\n              \"and\": []\n            },\n            {\n              \"pattern\": \"QQ047H\",\n              \"exclude\": \"ECE5M\",\n              \"info\": \"K<9Ez(`\"\n            },\n            {\n              \"and\": []\n            },\n            \"SBN2448\"\n          ]\n        },\n        \"satisfy\": [\n          \"TJ=wX@{qm\",\n          {\n            \"or\": []\n          },\n          \"B!tK\",\n          \"G\\\\<MgA*Q\"\n        ],\n        \"url\": \"https://vyzvchkqtywj8c-ljttzkencyo54lbq-fnnhjr1xtil72wcq.10l69n4l4hhr1-7vot10ehfaxl3co.ws4rf5.ezyywmex\",\n        \"info\": \"b5Ep(p\\\"2kQ\"\n      },\n      \"j3h%PPP0\": {\n        \"name\": \"~T/<\",\n        \"ay\": 1964,\n        \"assign\": [\n          \"(I\"\n        ],\n        \"match\": [\n          {\n            \"and\": [\n              {\n                \"pattern\": \"XNQx\",\n                \"exclude\": \"DSH**83G\",\n                \"info\": \" :)^\"\n              },\n              {\n                \"pattern\": \"ZO7\",\n                \"exclude\": [\n                  \"CG8823\",\n                  \"GG1\"\n                ],\n                \"info\": \"@o`YiN6\"\n              },\n              {\n                \"or\": [\n                  \"WUO84*\",\n                  \"UCM04S\"\n                ]\n              },\n              {\n                \"and\": []\n              },\n              {\n                \"or\": [\n                  {\n                    \"or\": [\n                      \"LE8D\",\n                      \"TR07\",\n                      {\n                        \"and\": [\n                          \"WO964\",\n                          \"MQ64J\",\n                          \"LKB71\"\n                        ]\n                      },\n                      \"FGx9O\"\n                    ]\n                  },\n                  \"YC063\"\n                ]\n              }\n            ]\n          }\n        ],\n        \"satisfy\": [\n          {\n            \"and\": []\n          },\n          {\n            \"or\": [\n              {\n                \"or\": [\n                  {\n                    \"mc\": \"<=56\"\n                  },\n                  \"\",\n                  {\n                    \"mc\": \"<=1\"\n                  },\n                  \"9r;]Kb*d)\"\n                ]\n              },\n              {\n                \"mc\": \"<=179\"\n              }\n            ]\n          },\n          {\n            \"or\": [\n              {\n                \"or\": [\n                  {\n                    \"and\": []\n                  }\n                ]\n              }\n            ]\n          },\n          {\n            \"and\": [\n              \"}:V%ts8o\"\n            ]\n          },\n          {\n            \"mc\": \">=44\"\n          }\n        ],\n        \"url\": \"http://caodon7e-uwcepw5d4p4ee-eifka-ztpgltcjsx9-env.z3586untxh6aze9tn9hhnu8fhey-hs.r67doqv6jw3.8lskj5ksxd8d8.dhhxmfh.nvu/5%F4%85%A3%86%F1%BC%86%A4m&RHH.p\",\n        \"info\": \"nq}\\\"F\"\n      },\n      \"T{DZWxQ\": {\n        \"name\": \"FKb0kn_I\",\n        \"ay\": 1995,\n        \"assign\": \"X\",\n        \"match\": \"EI78\",\n        \"satisfy\": {\n          \"or\": [\n            {\n              \"and\": [\n                \"tT\"\n              ]\n            },\n            {\n              \"mc\": \"<=6\"\n            },\n            {\n              \"mc\": \">=26\"\n            }\n          ]\n        },\n        \"url\": \"https://8d68guw17j3f6l7mc.h.i42aclvd2-k5qhc2ulrsup76icqrz7hnrugxi4eh3-vc3qgcfxrd2nghh5du8.asy5ncg2268.hewuoxvr/I@W\",\n        \"info\": \"'e\"\n      }\n    }\n  },\n  {\n    \"title\": \"block sample 6\",\n    \"value\": {\n      \"name\": \"RH_gevi\",\n      \"ay\": 2029,\n      \"assign\": \"{ht $|\",\n      \"match\": {\n        \"pattern\": \"YB7\",\n        \"exclude\": \"JZV06\",\n        \"info\": \"U<$]\"\n      },\n      \"satisfy\": [\n        {\n          \"or\": []\n        },\n        {\n          \"and\": [\n            \"\\\"~x\",\n            {\n              \"and\": [\n                {\n                  \"mc\": \"<=97\"\n                },\n                {\n                  \"or\": []\n                },\n                \"TG:sSm#[V\"\n              ]\n            }\n          ]\n        }\n      ],\n      \"url\": \"https://v.ixnh0tgy2s91wawuh96l8bvvkkd1hysmd5trzu2ulsfc7pjve3xyx1xwom5.9bmj9icms8lit1iyya6tocasfyorl6o2c1842db8118gxr2.h8xoet9gxj0kinlewjrohk4sjhw6js.iuxtizr/P/d\",\n      \"info\": \"y\",\n      \"O#=x\": {\n        \"name\": \"\",\n        \"ay\": 2028,\n        \"assign\": [],\n        \"satisfy\": {\n          \"and\": [\n            {\n              \"and\": []\n            },\n            {\n              \"and\": [\n                {\n                  \"mc\": \">=181\"\n                },\n                \")1PmV&`\",\n                \"x@REVp{y%H\",\n                {\n                  \"mc\": \">=79\"\n                }\n              ]\n            }\n          ]\n        },\n        \"url\": \"https://g7az8qo47xo2gkw4.797unarzh5h0vet7.7y5ams42fjlmq4wm0r87.dp0isrba3dcx1vbfz.9e-lvhcdxdbmovhkgs2uqgh80062b.gdmajsvi/Rw:yw/uh9R/hSlIjg(\",\n        \"info\": \"}~bZ,vz\"\n      },\n      \"x>1^\": {\n        \"name\": \"2ga,{iW?,\",\n        \"ay\": 2014,\n        \"assign\": \"\",\n        \"match\": {\n          \"or\": [\n            {\n              \"or\": []\n            },\n            {\n              \"or\": [\n                \"FMM3F\",\n                \"QJK28xT\",\n                {\n                  \"or\": [\n                    \"DBD987Z\"\n                  ]\n                },\n                {\n                  \"pattern\": \"RJ5V\",\n                  \"exclude\": [\n                    \"EFG8L\",\n                    \"XGD2P\",\n                    \"SSS31*1\"\n                  ]\n                },\n                \"SF4903\"\n              ]\n            },\n            {\n              \"pattern\": \"KBA5x\",\n              \"exclude\": [\n                \"OWx367\",\n                \"KPN1A\",\n                \"UNX43\"\n              ],\n              \"info\": \"VVB\"\n            },\n            \"DHS85A\"\n          ]\n        },\n        \"satisfy\": [\n          {\n            \"or\": []\n          }\n        ],\n        \"url\": \"http://u29oysn5d10t488lejvo6eqy8wyytqc1wjk01pm18sw4iwuqry8lan.ev22znsy2b56n71e374nmv7awp73coavpf3zqbvw5hv25bq1.yp59.l9tp34wri460kmqk-34lvgw10ktazg5n63c0dbd9xta5.uhhi/ZAZ5R/Jd/S/gItMh/%F2%A5%AE%83*zt/Q.HFls2\",\n        \"info\": \"3wt%`~/6\"\n      }\n    }\n  },\n  {\n    \"title\": \"block sample 7\",\n    \"value\": {\n      \"name\": \"wfWyF\",\n      \"ay\": 2004,\n      \"satisfy\": {\n        \"and\": [\n          {\n            \"or\": [\n              \"_:l\",\n              \"t q6gDe]9C\",\n              \"T(yK\",\n              {\n                \"mc\": \">=101\"\n              },\n              \"L#Hqg0FG\"\n            ]\n          }\n        ]\n      },\n      \"info\": \"O#o<ArMl\",\n      \"&{&\": {\n        \"name\": \"{O$#%\",\n        \"ay\": 2025,\n        \"match\": [\n          {\n            \"or\": [\n              {\n                \"and\": [\n                  {\n                    \"pattern\": \"LT123xT\",\n                    \"exclude\": \"AY5S\",\n                    \"info\": \"<pB\"\n                  }\n                ]\n              },\n              {\n                \"or\": [\n                  \"AHM0*5\",\n                  {\n                    \"pattern\": \"WON96x7\",\n                    \"exclude\": [\n                      \"WY9\",\n                      \"YQ65\",\n                      \"BVK05O\"\n                    ],\n                    \"info\": \"`%@WwB\"\n                  },\n                  \"PVE*xxU\",\n                  {\n                    \"pattern\": \"RK781\",\n                    \"info\": \"4&gVNJ\"\n                  }\n                ]\n              }\n            ]\n          },\n          \"BAM69\",\n          \"RVX3\",\n          {\n            \"or\": []\n          }\n        ],\n        \"url\": \"https://yy0hww-ofpfhs7fdok9so2-5zk2sk.myqaiu/Ba;LA55/A/Ih/I/%32*f/cpoDP!%F3%A0%90%A1\",\n        \"info\": \"!\",\n        \"1Jx\\\"2~{uy\": {\n          \"name\": \"\",\n          \"ay\": 1999,\n          \"assign\": [\n            \"S pYnX()\",\n            \"ZEM`o`e&*Z\",\n            \"(.%*\",\n            \"e+s0!rU\"\n          ],\n          \"match\": {\n            \"or\": [\n              {\n                \"or\": [\n                  \"XB70\"\n                ]\n              },\n              {\n                \"and\": [\n                  {\n                    \"and\": [\n                      {\n                        \"pattern\": \"KUA*459\",\n                        \"exclude\": [\n                          \"AJZ4458Z\",\n                          \"ZK*7*\",\n                          \"MO077O\",\n                          \"LRO*60\"\n                        ],\n                        \"info\": \"\"\n                      },\n                      {\n                        \"or\": [\n                          \"KYZ6459J\",\n                          \"YE0xG\",\n                          \"MGY57\",\n                          {\n                            \"pattern\": \"VZ9426H\",\n                            \"exclude\": \"RPO9\",\n                            \"info\": \"o\"\n                          },\n                          {\n                            \"or\": [\n                              \"AR5328\",\n                              \"MH0x\",\n                              \"RLQ07M\",\n                              \"PN9761R\"\n                            ]\n                          }\n                        ]\n                      },\n                      {\n                        \"pattern\": \"XZU754\",\n                        \"info\": \"Y7{-]`\"\n                      }\n                    ]\n                  }\n                ]\n              },\n              {\n                \"pattern\": \"BZG771\",\n                \"exclude\": \"BKXx9\",\n                \"info\": \"JHeiG?wT|X\"\n              }\n            ]\n          },\n          \"satisfy\": \"VE.K\",\n          \"url\": \"http://kt4gvc-rx7m3ect4i-b9cewbmq2ic4oigm65t98j3i97t5nttzzjby3j.43b4hg45haemn0y7ylyuu368tu5hqbc6xp.x.w0o3ny5k.jc.mldtduk/Ztw%F2%B4%9B%A0%F3%8E%8C%B0%F1%80%A6%A9/a&x$/:lbZ+)ot$/f/I@%F0%AB%BD%BBKR0kJnf\",\n          \"info\": \"\"\n        },\n        \"%GpW=6>X1g\": {\n          \"name\": \"{6Xq\",\n          \"ay\": 1957,\n          \"assign\": [\n            \"jP=2\",\n            \"\\\\:/vr\\\"=\",\n            \";cPTq>V,\"\n          ],\n          \"match\": {\n            \"and\": [\n              {\n                \"pattern\": \"NVH9**6\",\n                \"exclude\": [\n                  \"WG*93H\",\n                  \"DOP33W\",\n                  \"PB8*3\",\n                  \"APW2O\",\n                  \"OYN30x6\"\n                ],\n                \"info\": \"3VaBC{.{$b\"\n              }\n            ]\n          },\n          \"satisfy\": [],\n          \"url\": \"http://0ztmbfk2l3zeijacik8u90fbk.6.vnnhqqeg\",\n          \"info\": \"/\"\n        },\n        \"-[.a\": {\n          \"ay\": 1954,\n          \"assign\": [\n            \"v)^j&]?V\",\n            \"l,+p9\",\n            \"}8\"\n          ],\n          \"match\": [\n            {\n              \"or\": [\n                {\n                  \"or\": [\n                    \"XFD*\",\n                    {\n                      \"pattern\": \"QY07J\",\n                      \"exclude\": [\n                        \"XUV68U\"\n                      ],\n                      \"info\": \"KlaFif\"\n                    },\n                    \"VF822\",\n                    {\n                      \"and\": [\n                        \"CO4823F\",\n                        \"COU9F\",\n                        \"JNxx*3T\"\n                      ]\n                    },\n                    \"EJTx**\"\n                  ]\n                },\n                {\n                  \"and\": [\n                    \"MSO763\",\n                    \"EW57\",\n                    \"SC36x4\"\n                  ]\n                },\n                {\n                  \"or\": [\n                    {\n                      \"or\": [\n                        {\n                          \"and\": [\n                            \"TXK820E\",\n                            \"CUI4874\",\n                            \"NXL5441T\"\n                          ]\n                        },\n                        {\n                          \"or\": [\n                            \"AJ87\",\n                            \"BSK582J\"\n                          ]\n                        },\n                        \"JZ880\",\n                        \"LGF4*54\",\n                        \"TGx\"\n                      ]\n                    },\n                    \"UKF7\"\n                  ]\n                }\n              ]\n            },\n            {\n              \"pattern\": \"EY490I\",\n              \"exclude\": [\n                \"JJA39\",\n                \"YV*900\",\n                \"CI3\",\n                \"BXFx0Q\",\n                \"ME3H\"\n              ],\n              \"info\": \"X-cqy\"\n            },\n            {\n              \"and\": [\n                {\n                  \"or\": [\n                    {\n                      \"pattern\": \"YH3D\",\n                      \"exclude\": \"FO9Y\",\n                      \"info\": \"L\"\n                    },\n                    {\n                      \"or\": [\n                        {\n                          \"pattern\": \"ZNN7\",\n                          \"exclude\": [\n                            \"LAV9\",\n                            \"RDQx43Q\",\n                            \"PY*21\",\n                            \"DDQ**87J\"\n                          ],\n                          \"info\": \"<+QYFg\"\n                        }\n                      ]\n                    }\n                  ]\n                },\n                {\n                  \"pattern\": \"YX1*V\",\n                  \"exclude\": [\n                    \"OQ1*4C\",\n                    \"IPI81*7\"\n                  ],\n                  \"info\": \"ch]&&h#d\"\n                }\n              ]\n            }\n          ],\n          \"satisfy\": {\n            \"or\": [\n              \"a<X\\\"j4Bag\",\n              {\n                \"mc\": \"<=85\"\n              },\n              {\n                \"or\": [\n                  \"|=@`w\"\n                ]\n              }\n            ]\n          },\n          \"url\": \"http://7.at1rm01-4obyvtck9bw4md2ur8lxorqq4zifhclgjs40ip0k-z-xwg.y1k2.6tclvo-nqnqwy7t4l5iidp3erx4hhglg326zzbsyscll.zyeja8fzoep1o7l--cf2dpt0d8txk7ppa4t78vlhckwm9f2h69wg6.ooosihu//rKht4%F1%87%BA%B2%F3%96%92%AE91i/Im9OP*tAB(/%F2%83%B0%80_z0qJvIT/)R&f6kF/nD-,)=l/mAo,p-u7e/%F1%81%94%B5S/gj_CK/*TAf%F2%B2%BD%836!\"\n        }\n      },\n      \"\": {\n        \"name\": \"$yA&A$4} \",\n        \"ay\": 1993,\n        \"assign\": \"#&\",\n        \"match\": {\n          \"or\": [\n            {\n              \"and\": [\n                \"RGQ569J\",\n                \"MG929P\"\n              ]\n            },\n            {\n              \"and\": []\n            },\n            {\n              \"pattern\": \"GH0x\",\n              \"exclude\": \"OZxxC\",\n              \"info\": \"*~Mz:T#(KS\"\n            },\n            {\n              \"and\": [\n                \"PLU5*V\",\n                {\n                  \"pattern\": \"GHM7006\",\n                  \"exclude\": [\n                    \"PUJ6K\",\n                    \"HGH44**C\",\n                    \"NVV644\",\n                    \"EE4*2\"\n                  ]\n                },\n                {\n                  \"or\": []\n                }\n              ]\n            },\n            {\n              \"pattern\": \"FG907\",\n              \"exclude\": [\n                \"HX76x9\",\n                \"ZHV966\",\n                \"TX325A\",\n                \"BQ6619Y\"\n              ]\n            }\n          ]\n        },\n        \"satisfy\": {\n          \"mc\": \">=121\"\n        },\n        \"url\": \"https://bqomm5gj69t8-49ebbl9eef35ud-ebbh6cfj0jvad-9fzoc-jb8ceo27id6.sa/L/h'k%F1%90%AA%AE'//1gZTb/Tvz;Pj\",\n        \"info\": \"qDyY_{;\",\n        \"BF'v=?W5\": {\n          \"name\": \"}$'A#&7\",\n          \"assign\": [\n            \"Y*#x>QIdV\",\n            \"T5t\",\n            \"X IJi-=\"\n          ],\n          \"match\": [\n            \"WQ4Q\",\n            {\n              \"pattern\": \"GL4J\",\n              \"exclude\": \"NR7352O\",\n              \"info\": \"\"\n            },\n            {\n              \"or\": [\n                {\n                  \"and\": []\n                },\n                {\n                  \"pattern\": \"UKP2\",\n                  \"exclude\": [\n                    \"TN558x\"\n                  ],\n                  \"info\": \"|y$#2#D\"\n                },\n                {\n                  \"and\": []\n                },\n                {\n                  \"and\": [\n                    \"VHJ6\",\n                    \"IWV389\"\n                  ]\n                },\n                {\n                  \"or\": [\n                    {\n                      \"pattern\": \"ZZ6*9Z\",\n                      \"info\": \"e>*D{~\"\n                    },\n                    \"NQ0284\",\n                    \"LA4610I\",\n                    {\n                      \"or\": []\n                    },\n                    \"PHYx\"\n                  ]\n                }\n              ]\n            },\n            \"IV9D\",\n            {\n              \"or\": [\n                {\n                  \"and\": []\n                },\n                {\n                  \"pattern\": \"QSxB\",\n                  \"info\": \"bD%} ]%{~$\"\n                },\n                {\n                  \"and\": [\n                    \"JD50B\"\n                  ]\n                }\n              ]\n            }\n          ],\n          \"satisfy\": {\n            \"and\": [\n              {\n                \"and\": [\n                  {\n                    \"and\": [\n                      \"W\",\n                      {\n                        \"or\": [\n                          \"Z oYq`\",\n                          \"?tIu|*\",\n                          \"n`o`*s\",\n                          \"{=E]lJE:\",\n                          \"r\"\n                        ]\n                      },\n                      {\n                        \"and\": [\n                          \"Z%0/d9\",\n                          \"w{/}\"\n                        ]\n                      }\n                    ]\n                  },\n                  {\n                    \"and\": [\n                      {\n                        \"and\": [\n                          {\n                            \"mc\": \"<=118\"\n                          }\n                        ]\n                      },\n                      \"i? 'f?Z?\",\n                      \"Bj!7@S7pH\"\n                    ]\n                  },\n                  \"Ple)'P.t\",\n                  \"]+2\",\n                  \"\"\n                ]\n              }\n            ]\n          },\n          \"url\": \"https://u.h.d.idtqiyhft/Ds%F1%8B%A5%B5%F2%BB%BF%BB/*~PlQ(/KVMq2(uv5X//Z%E4%84%A4Qe\",\n          \"info\": \"8ldOk\",\n          \"\\\"w{S\": {\n            \"name\": \"z\",\n            \"assign\": [\n              \"b\",\n              \"u-+\",\n              \"<|4);9D\"\n            ],\n            \"match\": {\n              \"or\": [\n                \"FCZ27N\",\n                {\n                  \"or\": [\n                    {\n                      \"and\": [\n                        {\n                          \"or\": [\n                            \"NGV0293\",\n                            \"SQ6I\",\n                            {\n                              \"or\": [\n                                \"VPA31x6\",\n                                \"MSD53A\",\n                                {\n                                  \"or\": [\n                                    \"QU90\",\n                                    \"PE06\",\n                                    \"YWY5315\",\n                                    \"FIU22*1H\",\n                                    \"FFP2770\"\n                                  ]\n                                },\n                                \"OCA505C\",\n                                \"HFW60G\"\n                              ]\n                            },\n                            \"TN9761\"\n                          ]\n                        },\n                        \"CJ34\",\n                        \"FO398T\"\n                      ]\n                    },\n                    \"WBI*V\",\n                    \"NXX042P\",\n                    \"GDT042\",\n                    {\n                      \"and\": [\n                        \"QL2\",\n                        {\n                          \"and\": [\n                            \"UZ2*Y\",\n                            {\n                              \"pattern\": \"ZCD8741N\",\n                              \"info\": \"&\\\\^?\"\n                            },\n                            \"MC3384\",\n                            {\n                              \"and\": [\n                                \"VJ5X\",\n                                \"EAX963\",\n                                \"XKR153S\"\n                              ]\n                            }\n                          ]\n                        }\n                      ]\n                    }\n                  ]\n                },\n                {\n                  \"pattern\": \"FY5636\",\n                  \"exclude\": \"HI08\",\n                  \"info\": \"\"\n                },\n                \"SSx9C\"\n              ]\n            },\n            \"satisfy\": [\n              {\n                \"and\": [\n                  {\n                    \"mc\": \"<=187\"\n                  },\n                  {\n                    \"mc\": \"<=163\"\n                  },\n                  {\n                    \"mc\": \">=194\"\n                  },\n                  {\n                    \"mc\": \"<=121\"\n                  },\n                  {\n                    \"mc\": \"<=16\"\n                  }\n                ]\n              },\n              {\n                \"or\": [\n                  {\n                    \"and\": [\n                      {\n                        \"mc\": \">=94\"\n                      },\n                      {\n                        \"or\": [\n                          \"e<E\",\n                          \"q6jf),t\",\n                          \"$^\\\\[y\"\n                        ]\n                      }\n                    ]\n                  },\n                  {\n                    \"mc\": \"<=61\"\n                  },\n                  {\n                    \"and\": []\n                  }\n                ]\n              }\n            ],\n            \"url\": \"https://hb8b7r.glvj/7m(4s+2)3\",\n            \"info\": \"!yt{\"\n          }\n        },\n        \"\": {\n          \"ay\": 1993,\n          \"assign\": [\n            \"9\",\n            \"p\",\n            \">[Up|\",\n            \":u\"\n          ],\n          \"match\": [\n            {\n              \"and\": [\n                {\n                  \"or\": [\n                    {\n                      \"or\": [\n                        {\n                          \"or\": [\n                            \"DA541U\",\n                            \"CME6\"\n                          ]\n                        },\n                        \"ZVD06X\",\n                        \"MIP649M\"\n                      ]\n                    },\n                    \"DR6I\",\n                    {\n                      \"or\": [\n                        \"TJ4*\",\n                        {\n                          \"or\": []\n                        }\n                      ]\n                    },\n                    \"PD8\"\n                  ]\n                },\n                {\n                  \"or\": [\n                    {\n                      \"and\": [\n                        {\n                          \"pattern\": \"AEZ06L\",\n                          \"info\": \"kO{f\"\n                        },\n                        \"HZx3\",\n                        {\n                          \"pattern\": \"SV1D\",\n                          \"exclude\": \"VAH72\"\n                        }\n                      ]\n                    },\n                    {\n                      \"pattern\": \"ZZ9\",\n                      \"exclude\": [\n                        \"TA1\",\n                        \"VLxx0\",\n                        \"HZU*1\",\n                        \"NJ3794\",\n                        \"SO4*63M\"\n                      ],\n                      \"info\": \"/0,(*\"\n                    },\n                    \"FVB3x\",\n                    \"HD46I\",\n                    \"MRK5875C\"\n                  ]\n                },\n                {\n                  \"and\": []\n                }\n              ]\n            }\n          ],\n          \"satisfy\": \"\",\n          \"url\": \"https://b9fffcheyed6nbkyf5d-5accabd89dcj6u9qr9d0exup3n6do24489n5d.mblizvec/y(/x,Q/ZTsYz/~ga'+*/g&%F2%81%B2%BDa%F2%BC%AC%95%F1%92%A3%B6D/yIC_k@Z*O1/Tq82(/D:%F3%97%93%B9Qn\",\n          \"info\": \" =f)d}#\\\"|\"\n        },\n        \"|}\": {\n          \"name\": \"\",\n          \"ay\": 2030,\n          \"assign\": [\n            \"~v`n^$\",\n            \"zD\",\n            \"M\"\n          ],\n          \"match\": {\n            \"and\": [\n              \"YBA16\",\n              \"AC*71\",\n              \"IT*38J\",\n              {\n                \"and\": []\n              }\n            ]\n          },\n          \"satisfy\": [\n            {\n              \"and\": [\n                {\n                  \"mc\": \"<=45\"\n                },\n                {\n                  \"or\": []\n                },\n                \"S6KZi5\",\n                {\n                  \"mc\": \">=57\"\n                }\n              ]\n            },\n            {\n              \"or\": [\n                \"<Ax.#L9:\",\n                {\n                  \"and\": [\n                    {\n                      \"mc\": \">=106\"\n                    },\n                    \"\",\n                    {\n                      \"and\": [\n                        \"$2 V\"\n                      ]\n                    },\n                    \";l#.)!t6N\"\n                  ]\n                },\n                {\n                  \"and\": [\n                    {\n                      \"and\": [\n                        {\n                          \"and\": []\n                        },\n                        {\n                          \"and\": [\n                            \"Q`M\",\n                            \"Dp61Ud'X\"\n                          ]\n                        },\n                        {\n                          \"mc\": \"<=200\"\n                        },\n                        {\n                          \"and\": [\n                            \"Eq/f\",\n                            {\n                              \"or\": []\n                            },\n                            \"IBZJRUB\",\n                            {\n                              \"and\": [\n                                \"O_L!z\",\n                                \"kMnh&r\",\n                                \"?8x@\",\n                                \"Q4mT%Oq\"\n                              ]\n                            }\n                          ]\n                        }\n                      ]\n                    },\n                    {\n                      \"mc\": \"<=73\"\n                    },\n                    {\n                      \"and\": [\n                        \"UnS\",\n                        \"McW\\\\]/ar\",\n                        {\n                          \"and\": [\n                            \"fR1ij7L\"\n                          ]\n                        },\n                        \"ywSv9M\",\n                        \"\"\n                      ]\n                    },\n                    \"y>Tl5u\"\n                  ]\n                },\n                {\n                  \"or\": []\n                },\n                {\n                  \"mc\": \"<=128\"\n                }\n              ]\n            },\n            \"bM|(Kbe=\",\n            \"7~FI*En`$\",\n            {\n              \"mc\": \"<=151\"\n            }\n          ],\n          \"info\": \"C\"\n        },\n        \"#U\": {\n          \"name\": \"&N\",\n          \"ay\": 2011,\n          \"assign\": \"`y{\\\"#\\\"\",\n          \"match\": \"WZ854\",\n          \"satisfy\": [],\n          \"url\": \"https://o.f6gxzkbmfk9qs2ce.xwehq\",\n          \"info\": \"~\"\n        }\n      },\n      \"!vR\": {\n        \"name\": \"yY\",\n        \"assign\": [\n          \"=_$|l*\",\n          \"u|!\"\n        ],\n        \"match\": {\n          \"pattern\": \"QVT3xx6N\",\n          \"exclude\": \"LWI4**W\",\n          \"info\": \"/ }\"\n        },\n        \"satisfy\": \"_:'\\\\mh}\",\n        \"url\": \"https://tj4xkykzh0u7a7cur-n2juov72oewdstwheyiam.j19bf.bkgcotjfyyvumupfmv76z0i3snnj68eu697f.n.hyduil6tuxxm-kugte2s1so-rv8zjigcp282fgfm6stpuzn.utyegv/gVy'\",\n        \"info\": \"q?\\\"\",\n        \"*\": {\n          \"name\": \"6r#\\\"%$\",\n          \"ay\": 2018,\n          \"assign\": [\n            \"D\",\n            \"{am+\",\n            \"\",\n            \"l5$3\"\n          ],\n          \"match\": [\n            {\n              \"or\": [\n                {\n                  \"or\": [\n                    \"JB*38*R\",\n                    {\n                      \"or\": []\n                    },\n                    {\n                      \"or\": [\n                        \"YOT8\"\n                      ]\n                    },\n                    {\n                      \"pattern\": \"GX2X\",\n                      \"exclude\": [],\n                      \"info\": \"7b77OFk]\"\n                    }\n                  ]\n                },\n                {\n                  \"pattern\": \"HKP33Y\",\n                  \"exclude\": [\n                    \"GAUx8S\",\n                    \"UGR473O\",\n                    \"GK809T\"\n                  ],\n                  \"info\": \"o!2%\"\n                }\n              ]\n            },\n            {\n              \"or\": [\n                {\n                  \"pattern\": \"AS50\",\n                  \"exclude\": \"KQI641A\"\n                }\n              ]\n            },\n            \"CXJ2xU\"\n          ],\n          \"satisfy\": \"\",\n          \"url\": \"https://qpd8jx5u-hp63nkk31x3nsjchoy2ye80kfyuzapuc6jhxeqn86ufujh8by4.yzjjhf\",\n          \"info\": \"EH+(v\"\n        }\n      },\n      \"l\": {\n        \"match\": \"AGP8J\",\n        \"satisfy\": \"P#\",\n        \"url\": \"http://iedpt8gysicj.yw\",\n        \"info\": \"%Hx<@ \"\n      }\n    }\n  },\n  {\n    \"title\": \"block sample 8\",\n    \"value\": {\n      \"name\": \"!\\\\@s@\",\n      \"ay\": 1956,\n      \"assign\": \"n\\\"1\\\\21V/a\",\n      \"match\": [\n        {\n          \"pattern\": \"DJT5*71K\",\n          \"exclude\": \"HA11\",\n          \"info\": \",&l)y% \"\n        }\n      ],\n      \"satisfy\": [\n        \"5zJe\",\n        {\n          \"mc\": \">=198\"\n        },\n        {\n          \"mc\": \"<=198\"\n        },\n        {\n          \"or\": [\n            {\n              \"or\": []\n            },\n            {\n              \"and\": [\n                {\n                  \"mc\": \">=60\"\n                },\n                {\n                  \"mc\": \"<=4\"\n                },\n                \"n\",\n                \"&_\"\n              ]\n            },\n            {\n              \"and\": [\n                \"\",\n                {\n                  \"mc\": \">=56\"\n                }\n              ]\n            },\n            {\n              \"or\": []\n            },\n            {\n              \"mc\": \"<=94\"\n            }\n          ]\n        },\n        \"\"\n      ],\n      \"url\": \"https://m-qc3ca8jfedlvsnt7jethxanj-syxf05t0an.1a1dpmxbwwvuao12vb9lclo788xequtjvw-k.vmvduelxul\",\n      \"info\": \"OEh\"\n    }\n  },\n  {\n    \"title\": \"block sample 9\",\n    \"value\": {\n      \"name\": \"&Zb-X2''\",\n      \"assign\": \"J\",\n      \"match\": [],\n      \"info\": \"\",\n      \"2VZ>n)/\": {\n        \"name\": \"\\\\21o\\\\R?~\",\n        \"ay\": 2005,\n        \"assign\": \"Y7ZHw\",\n        \"match\": [],\n        \"satisfy\": [\n          \"}=H^\",\n          {\n            \"and\": [\n              {\n                \"mc\": \"<=106\"\n              },\n              {\n                \"or\": [\n                  {\n                    \"mc\": \"<=85\"\n                  },\n                  {\n                    \"or\": [\n                      {\n                        \"and\": []\n                      },\n                      {\n                        \"and\": [\n                          \"]lk?iCe\",\n                          \"~\",\n                          \"XR\",\n                          \"m~zBV*\",\n                          {\n                            \"mc\": \"<=58\"\n                          }\n                        ]\n                      }\n                    ]\n                  },\n                  \"vC`K'K}^u\",\n                  {\n                    \"or\": [\n                      {\n                        \"or\": [\n                          \"!8DBX|F\",\n                          \"o\",\n                          \"76c=kR\"\n                        ]\n                      },\n                      {\n                        \"or\": [\n                          \"1x\",\n                          \"H.:xyxo\"\n                        ]\n                      }\n                    ]\n                  },\n                  {\n                    \"and\": []\n                  }\n                ]\n              },\n              {\n                \"or\": [\n                  {\n                    \"or\": [\n                      \"fB}RfrF\",\n                      \"Qcx8hX\",\n                      {\n                        \"and\": [\n                          \"~f<[Pc B$\",\n                          \"z>=pjl4\"\n                        ]\n                      }\n                    ]\n                  },\n                  {\n                    \"and\": [\n                      \"p\",\n                      \"!<C\",\n                      {\n                        \"or\": [\n                          \"E6%[\",\n                          \"P7\",\n                          \"Ht`Q^\\\\W* \",\n                          {\n                            \"mc\": \"<=109\"\n                          }\n                        ]\n                      },\n                      \"cyD)zW\"\n                    ]\n                  },\n                  {\n                    \"and\": [\n                      {\n                        \"or\": [\n                          \"k-s\",\n                          \"2!;wmUv:\",\n                          \"\",\n                          {\n                            \"or\": [\n                              {\n                                \"and\": [\n                                  \"nSjY)<\"\n                                ]\n                              },\n                              \"KX ,&Wb|\",\n                              \"V\\\\7qymjd&\",\n                              {\n                                \"mc\": \">=143\"\n                              }\n                            ]\n                          }\n                        ]\n                      },\n                      {\n                        \"and\": [\n                          \"OQ`e>e\",\n                          \"0LHgR\",\n                          \"s'2RtqJ$L \",\n                          \"!Pv1{8@V#\",\n                          \"No[ekHLWOI\"\n                        ]\n                      },\n                      \".=>/O*3f0H\",\n                      \"BLG`ik<!E\",\n                      \"Ae\"\n                    ]\n                  },\n                  \"it\"\n                ]\n              },\n              \"v]\\\\T\"\n            ]\n          },\n          {\n            \"and\": [\n              {\n                \"and\": []\n              },\n              {\n                \"or\": [\n                  \"f\",\n                  {\n                    \"mc\": \"<=168\"\n                  }\n                ]\n              },\n              {\n                \"mc\": \">=50\"\n              },\n              {\n                \"and\": [\n                  {\n                    \"or\": [\n                      {\n                        \"or\": []\n                      },\n                      \"drLqb\",\n                      \"\\\"\"\n                    ]\n                  },\n                  \">VrtrjT\",\n                  \"=qVmE{q=Mp\",\n                  {\n                    \"and\": []\n                  }\n                ]\n              }\n            ]\n          },\n          {\n            \"or\": [\n              \";\\\\v\\\"=3\",\n              {\n                \"or\": [\n                  \"7'4}Sb`'\",\n                  {\n                    \"or\": [\n                      \"o[(L\\\"%/I_\",\n                      \"4M!S7Iu=aT\"\n                    ]\n                  },\n                  {\n                    \"or\": [\n                      {\n                        \"mc\": \">=160\"\n                      },\n                      \"iE%Z=\\\\o\",\n                      \"'MIY\",\n                      {\n                        \"and\": [\n                          \"wG\",\n                          {\n                            \"or\": [\n                              \"\",\n                              {\n                                \"or\": [\n                                  \"}\",\n                                  \"8\"\n                                ]\n                              },\n                              \"NVX T)\"\n                            ]\n                          }\n                        ]\n                      }\n                    ]\n                  }\n                ]\n              },\n              \"Db74k kp~!\"\n            ]\n          },\n          {\n            \"and\": [\n              {\n                \"mc\": \">=2\"\n              },\n              {\n                \"mc\": \"<=74\"\n              }\n            ]\n          }\n        ],\n        \"url\": \"https://fhjo58i8kw31-10qa9t6e0ukpd-uq4yql199jtgyz1ou8tax47f0-v4-oh.n2dx.f4gyyl0qmedg0r2lffv2ivdefrv8kv1w3iw.q.13vnmksgnc7q8rc-2nsit1mcvn82j1lh8vaci91jvl9km3109jk.ueaiz/JG%F2%81%A7%AD3Y%F3%BE%A3%9B/2hLl@Y2z/\",\n        \"info\": \"qhyRnu\"\n      }\n    }\n  }\n]",
              "code": "fast_check_1.sample(index_test_2.block, 10).forEach((sample, i) => addContext_1.default(this, {\n    title: `block sample ${i}`,\n    value: sample,\n}));\nreturn fast_check_1.assert(fast_check_1.property(index_test_2.block, ajvValidate));",
              "err": {},
              "uuid": "e3ec0380-0aa5-4d6b-a2a1-5d4fd8bd4070",
              "parentUUID": "3a247d1a-9512-4ea2-993f-d272db4cf374",
              "isHook": false,
              "skipped": false
            },
            {
              "title": "should not validate non-object",
              "fullTitle": "blockSchema should not validate non-object",
              "timedOut": false,
              "duration": 2,
              "state": "passed",
              "speed": "fast",
              "pass": true,
              "fail": false,
              "pending": false,
              "context": null,
              "code": "const error = {\n    instancePath: \"\",\n    message: \"block should be an object\",\n};\nisInvalidBlock(null, error);\nisInvalidBlock(undefined, error);\nisInvalidBlock(10, error);\nisInvalidBlock([12, 24], error);\nisInvalidBlock(\"abc\", error);",
              "err": {},
              "uuid": "0fd07fba-547a-412c-a468-557448f2a2bc",
              "parentUUID": "3a247d1a-9512-4ea2-993f-d272db4cf374",
              "isHook": false,
              "skipped": false
            },
            {
              "title": "should not validate block with invalid properties",
              "fullTitle": "blockSchema should not validate block with invalid properties",
              "timedOut": false,
              "duration": 0,
              "state": "passed",
              "speed": "fast",
              "pass": true,
              "fail": false,
              "pending": false,
              "context": null,
              "code": "isInvalidBlock({\n        name: { foo: \"bar\" },\n        ay: -1000,\n        assign: {},\n        match: 1,\n        satisfy: 2,\n        url: { abc: \"def\" },\n        info: 42,\n    }, { instancePath: \"/name\", message: \"property 'name' should be a string\" }, {\n        instancePath: \"/ay\",\n        message: \"property 'ay' should be a positive integer\",\n    }, {\n        instancePath: \"/assign\",\n        message: \"property 'assign' should be either a block ID or an array of block IDs\",\n    }, {\n        instancePath: \"/match\",\n        message: \"property 'match' should be either a match rule or an array of match rules\",\n    }, {\n        instancePath: \"/satisfy\",\n        message: \"property 'satisfy' should be either a satisfy rule or an array of satisfy rules\",\n    }, { instancePath: \"/url\", message: \"property 'url' should be a string\" }, { instancePath: \"/info\", message: \"property 'info' should be a string\" })",
              "err": {},
              "uuid": "5f1b5aff-8bc9-4423-bce5-ff05b33d182d",
              "parentUUID": "3a247d1a-9512-4ea2-993f-d272db4cf374",
              "isHook": false,
              "skipped": false
            }
          ],
          "suites": [],
          "passes": [
            "e3ec0380-0aa5-4d6b-a2a1-5d4fd8bd4070",
            "0fd07fba-547a-412c-a468-557448f2a2bc",
            "5f1b5aff-8bc9-4423-bce5-ff05b33d182d"
          ],
          "failures": [],
          "pending": [],
          "skipped": [],
          "duration": 170,
          "root": false,
          "rootEmpty": false,
          "_timeout": 2000
        },
        {
          "uuid": "2e5e114e-f951-4b24-8bcf-fcde97c29c25",
          "title": "patternSchema",
          "fullFile": "/home/runner/work/planwithus-lib/planwithus-lib/src/matchRule/pattern/schemas.test.ts",
          "file": "/src/matchRule/pattern/schemas.test.ts",
          "beforeHooks": [],
          "afterHooks": [],
          "tests": [
            {
              "title": "should validate non-empty pattern composed of A-Z, 0-9, x or *",
              "fullTitle": "patternSchema should validate non-empty pattern composed of A-Z, 0-9, x or *",
              "timedOut": false,
              "duration": 1,
              "state": "passed",
              "speed": "fast",
              "pass": true,
              "fail": false,
              "pending": false,
              "context": "[\n  {\n    \"title\": \"pattern sample 0\",\n    \"value\": \"YXZ1\"\n  },\n  {\n    \"title\": \"pattern sample 1\",\n    \"value\": \"CZR9J\"\n  },\n  {\n    \"title\": \"pattern sample 2\",\n    \"value\": \"RCR5\"\n  },\n  {\n    \"title\": \"pattern sample 3\",\n    \"value\": \"UZJ4Y\"\n  },\n  {\n    \"title\": \"pattern sample 4\",\n    \"value\": \"OB7*3\"\n  },\n  {\n    \"title\": \"pattern sample 5\",\n    \"value\": \"UI1285\"\n  },\n  {\n    \"title\": \"pattern sample 6\",\n    \"value\": \"NO6077Q\"\n  },\n  {\n    \"title\": \"pattern sample 7\",\n    \"value\": \"RGX75*xK\"\n  },\n  {\n    \"title\": \"pattern sample 8\",\n    \"value\": \"RF026\"\n  },\n  {\n    \"title\": \"pattern sample 9\",\n    \"value\": \"BSL76\"\n  }\n]",
              "code": "fast_check_1.sample(index_test_2.pattern, 10).forEach((sample, i) => addContext_1.default(this, {\n    title: `pattern sample ${i}`,\n    value: sample,\n}));\nreturn fast_check_1.assert(fast_check_1.property(index_test_2.pattern, ajvValidate), {\n    examples: [[\"*\"], [\"ACC1002\"], [\"IS1103\"], [\"CS1231S\"], [\"MA1102R\"]],\n});",
              "err": {},
              "uuid": "6848d4c4-02b0-4aad-bf2a-f3cba770c075",
              "parentUUID": "2e5e114e-f951-4b24-8bcf-fcde97c29c25",
              "isHook": false,
              "skipped": false
            },
            {
              "title": "should not validate empty pattern",
              "fullTitle": "patternSchema should not validate empty pattern",
              "timedOut": false,
              "duration": 1,
              "state": "passed",
              "speed": "fast",
              "pass": true,
              "fail": false,
              "pending": false,
              "context": null,
              "code": "isInvalidPattern(\"\")",
              "err": {},
              "uuid": "7a3313e1-258f-4940-ade6-103a9b7078c9",
              "parentUUID": "2e5e114e-f951-4b24-8bcf-fcde97c29c25",
              "isHook": false,
              "skipped": false
            },
            {
              "title": "should not validate pattern with invalid characters",
              "fullTitle": "patternSchema should not validate pattern with invalid characters",
              "timedOut": false,
              "duration": 1,
              "state": "passed",
              "speed": "fast",
              "pass": true,
              "fail": false,
              "pending": false,
              "context": null,
              "code": "[\"AB123a\", \"Ac123a\", \"AB123^S\", \"AB1*3^S\", \"$A1*3^S\", \"/A1x33S\"].forEach(isInvalidPattern)",
              "err": {},
              "uuid": "be6dd843-4883-4cd7-b176-b41aedc5b783",
              "parentUUID": "2e5e114e-f951-4b24-8bcf-fcde97c29c25",
              "isHook": false,
              "skipped": false
            }
          ],
          "suites": [],
          "passes": [
            "6848d4c4-02b0-4aad-bf2a-f3cba770c075",
            "7a3313e1-258f-4940-ade6-103a9b7078c9",
            "be6dd843-4883-4cd7-b176-b41aedc5b783"
          ],
          "failures": [],
          "pending": [],
          "skipped": [],
          "duration": 3,
          "root": false,
          "rootEmpty": false,
          "_timeout": 2000
        },
        {
          "uuid": "6378387a-c680-4685-bcee-ac54bd5ea5a9",
          "title": "matchRuleSchema",
          "fullFile": "/home/runner/work/planwithus-lib/planwithus-lib/src/matchRule/schemas.test.ts",
          "file": "/src/matchRule/schemas.test.ts",
          "beforeHooks": [],
          "afterHooks": [],
          "tests": [
            {
              "title": "should validate match rule with valid pattern",
              "fullTitle": "matchRuleSchema should validate match rule with valid pattern",
              "timedOut": false,
              "duration": 1,
              "state": "passed",
              "speed": "fast",
              "pass": true,
              "fail": false,
              "pending": false,
              "context": "[\n  {\n    \"title\": \"pattern sample 0\",\n    \"value\": \"PCA42Q\"\n  },\n  {\n    \"title\": \"pattern sample 1\",\n    \"value\": \"ZC119F\"\n  },\n  {\n    \"title\": \"pattern sample 2\",\n    \"value\": \"ZX7x35\"\n  },\n  {\n    \"title\": \"pattern sample 3\",\n    \"value\": \"ZXX*00\"\n  },\n  {\n    \"title\": \"pattern sample 4\",\n    \"value\": \"GG91\"\n  },\n  {\n    \"title\": \"pattern sample 5\",\n    \"value\": \"IBO197\"\n  },\n  {\n    \"title\": \"pattern sample 6\",\n    \"value\": \"SNH*\"\n  },\n  {\n    \"title\": \"pattern sample 7\",\n    \"value\": \"WXx\"\n  },\n  {\n    \"title\": \"pattern sample 8\",\n    \"value\": \"AF75\"\n  },\n  {\n    \"title\": \"pattern sample 9\",\n    \"value\": \"DGD32\"\n  }\n]",
              "code": "fast_check_1.sample(index_test_3.pattern, 10).forEach((sample, i) => addContext_1.default(this, {\n    title: `pattern sample ${i}`,\n    value: sample,\n}));\nreturn fast_check_1.assert(fast_check_1.property(index_test_3.pattern, ajvValidate));",
              "err": {},
              "uuid": "ec5fd54b-a3e3-460b-b554-f89055f17ac5",
              "parentUUID": "6378387a-c680-4685-bcee-ac54bd5ea5a9",
              "isHook": false,
              "skipped": false
            },
            {
              "title": "should validate match rules with valid pattern, exclude and info",
              "fullTitle": "matchRuleSchema should validate match rules with valid pattern, exclude and info",
              "timedOut": false,
              "duration": 3,
              "state": "passed",
              "speed": "fast",
              "pass": true,
              "fail": false,
              "pending": false,
              "context": "[\n  {\n    \"title\": \"patternMatchRule sample 0\",\n    \"value\": {\n      \"pattern\": \"YKD1D\",\n      \"exclude\": \"WIx482\",\n      \"info\": \",+nVU,;c\"\n    }\n  },\n  {\n    \"title\": \"patternMatchRule sample 1\",\n    \"value\": {\n      \"pattern\": \"BX5N\",\n      \"info\": \"R\"\n    }\n  },\n  {\n    \"title\": \"patternMatchRule sample 2\",\n    \"value\": {\n      \"pattern\": \"BRG9\",\n      \"exclude\": [\n        \"VB28*\",\n        \"CM173N\"\n      ],\n      \"info\": \"\"\n    }\n  },\n  {\n    \"title\": \"patternMatchRule sample 3\",\n    \"value\": {\n      \"pattern\": \"RSB991G\",\n      \"exclude\": \"FG4x\",\n      \"info\": \"\\\";\\\"\"\n    }\n  },\n  {\n    \"title\": \"patternMatchRule sample 4\",\n    \"value\": {\n      \"pattern\": \"XV534\",\n      \"exclude\": \"ZOA0577A\"\n    }\n  },\n  {\n    \"title\": \"patternMatchRule sample 5\",\n    \"value\": {\n      \"pattern\": \"ZS04K\",\n      \"exclude\": [\n        \"OT664R\"\n      ]\n    }\n  },\n  {\n    \"title\": \"patternMatchRule sample 6\",\n    \"value\": {\n      \"pattern\": \"YQ*10I\",\n      \"exclude\": [\n        \"GBI4x9C\",\n        \"UYQ1B\",\n        \"BB641\",\n        \"OPH8B\",\n        \"XM04O\"\n      ],\n      \"info\": \"# S%ky~$\"\n    }\n  },\n  {\n    \"title\": \"patternMatchRule sample 7\",\n    \"value\": {\n      \"pattern\": \"RI1W\",\n      \"exclude\": [\n        \"SR4\",\n        \"JHUx\"\n      ],\n      \"info\": \"/{\"\n    }\n  },\n  {\n    \"title\": \"patternMatchRule sample 8\",\n    \"value\": {\n      \"pattern\": \"BEK8M\",\n      \"info\": \"<wg%y6!\"\n    }\n  },\n  {\n    \"title\": \"patternMatchRule sample 9\",\n    \"value\": {\n      \"pattern\": \"ZAJ265\",\n      \"info\": \"{`ihnF\"\n    }\n  }\n]",
              "code": "fast_check_1.sample(index_test_2.patternMatchRule, 10).forEach((sample, i) => addContext_1.default(this, {\n    title: `patternMatchRule sample ${i}`,\n    value: sample,\n}));\nreturn fast_check_1.assert(fast_check_1.property(index_test_2.patternMatchRule, ajvValidate));",
              "err": {},
              "uuid": "a118fb32-a1d2-4253-a12e-bfb587c7349a",
              "parentUUID": "6378387a-c680-4685-bcee-ac54bd5ea5a9",
              "isHook": false,
              "skipped": false
            },
            {
              "title": "should validate valid recursive match rules",
              "fullTitle": "matchRuleSchema should validate valid recursive match rules",
              "timedOut": false,
              "duration": 8,
              "state": "passed",
              "speed": "fast",
              "pass": true,
              "fail": false,
              "pending": false,
              "context": "[\n  {\n    \"title\": \"matchRule sample 0\",\n    \"value\": \"ANK5624\"\n  },\n  {\n    \"title\": \"matchRule sample 1\",\n    \"value\": {\n      \"and\": [\n        {\n          \"or\": [\n            {\n              \"or\": []\n            },\n            \"XHB23O\"\n          ]\n        },\n        {\n          \"or\": [\n            {\n              \"or\": []\n            },\n            \"SDI3W\"\n          ]\n        },\n        {\n          \"and\": [\n            {\n              \"pattern\": \"IG76x7K\",\n              \"info\": \"vQIU_>MkG\"\n            }\n          ]\n        },\n        \"ONA74\"\n      ]\n    }\n  },\n  {\n    \"title\": \"matchRule sample 2\",\n    \"value\": {\n      \"and\": [\n        {\n          \"or\": [\n            \"UGIx149\",\n            \"KLOxE\",\n            \"MM2D\",\n            {\n              \"pattern\": \"JQxx3\",\n              \"exclude\": \"TP021\",\n              \"info\": \"k,s{YxI8=\"\n            },\n            {\n              \"pattern\": \"AYD0A\",\n              \"info\": \"\\\\E#\"\n            }\n          ]\n        },\n        {\n          \"pattern\": \"KRN30\",\n          \"exclude\": [],\n          \"info\": \"kE$ar})2\"\n        },\n        {\n          \"or\": [\n            {\n              \"pattern\": \"TDV0*H\"\n            },\n            {\n              \"or\": [\n                {\n                  \"and\": [\n                    \"YCG6\",\n                    {\n                      \"and\": [\n                        \"ZVV9718I\",\n                        \"CB1G\",\n                        \"SJL3*1\",\n                        \"DW19V\",\n                        \"WS700M\"\n                      ]\n                    }\n                  ]\n                }\n              ]\n            },\n            \"MFL086\"\n          ]\n        },\n        \"DKB30*0N\"\n      ]\n    }\n  },\n  {\n    \"title\": \"matchRule sample 3\",\n    \"value\": {\n      \"and\": [\n        {\n          \"or\": [\n            {\n              \"or\": [\n                \"HV3*49\",\n                {\n                  \"pattern\": \"IA9\",\n                  \"exclude\": [\n                    \"KK*x\",\n                    \"GCJ1700Q\",\n                    \"AE7103L\",\n                    \"XB8xS\"\n                  ]\n                },\n                \"FD**A\"\n              ]\n            }\n          ]\n        }\n      ]\n    }\n  },\n  {\n    \"title\": \"matchRule sample 4\",\n    \"value\": {\n      \"or\": [\n        {\n          \"and\": [\n            \"VDU8\",\n            {\n              \"or\": [\n                \"NRL18\",\n                \"PL05\",\n                {\n                  \"pattern\": \"OZ83x\",\n                  \"exclude\": [\n                    \"NLU9\",\n                    \"EC86L\",\n                    \"OM584\"\n                  ]\n                }\n              ]\n            },\n            {\n              \"or\": []\n            },\n            {\n              \"pattern\": \"MYS291P\",\n              \"exclude\": \"MY191\",\n              \"info\": \"byPp?'\"\n            },\n            {\n              \"and\": [\n                {\n                  \"or\": [\n                    \"YL95F\",\n                    \"WR3\"\n                  ]\n                }\n              ]\n            }\n          ]\n        },\n        {\n          \"or\": [\n            \"FWE0x\",\n            {\n              \"or\": [\n                \"NXP6203\",\n                \"QSF8202\"\n              ]\n            },\n            \"NVB938\"\n          ]\n        },\n        {\n          \"or\": [\n            \"YW9805N\"\n          ]\n        }\n      ]\n    }\n  },\n  {\n    \"title\": \"matchRule sample 5\",\n    \"value\": {\n      \"and\": []\n    }\n  },\n  {\n    \"title\": \"matchRule sample 6\",\n    \"value\": {\n      \"and\": []\n    }\n  },\n  {\n    \"title\": \"matchRule sample 7\",\n    \"value\": {\n      \"or\": [\n        \"UTR689\"\n      ]\n    }\n  },\n  {\n    \"title\": \"matchRule sample 8\",\n    \"value\": {\n      \"or\": [\n        {\n          \"or\": [\n            {\n              \"or\": [\n                {\n                  \"and\": [\n                    \"EVG240U\",\n                    \"VO35E\",\n                    {\n                      \"and\": [\n                        \"OHI1x\",\n                        \"MHx47\"\n                      ]\n                    },\n                    \"NW8B\"\n                  ]\n                },\n                {\n                  \"and\": [\n                    \"UCCx\",\n                    \"LG0*\",\n                    \"CSZx55x\",\n                    \"HPT6213\"\n                  ]\n                },\n                {\n                  \"and\": [\n                    \"OVU1x*V\",\n                    \"RLx843\"\n                  ]\n                },\n                \"LN14\"\n              ]\n            }\n          ]\n        }\n      ]\n    }\n  },\n  {\n    \"title\": \"matchRule sample 9\",\n    \"value\": \"TOP03\"\n  }\n]",
              "code": "fast_check_1.sample(index_test_2.matchRule, 10).forEach((sample, i) => addContext_1.default(this, {\n    title: `matchRule sample ${i}`,\n    value: sample,\n}));\nreturn fast_check_1.assert(fast_check_1.property(index_test_2.matchRule, ajvValidate));",
              "err": {},
              "uuid": "6477887f-aba0-45be-8e7d-9f984ba8ef22",
              "parentUUID": "6378387a-c680-4685-bcee-ac54bd5ea5a9",
              "isHook": false,
              "skipped": false
            },
            {
              "title": "should not validate non-string/object",
              "fullTitle": "matchRuleSchema should not validate non-string/object",
              "timedOut": false,
              "duration": 0,
              "state": "passed",
              "speed": "fast",
              "pass": true,
              "fail": false,
              "pending": false,
              "context": null,
              "code": "const error = {\n    instancePath: \"\",\n    message: \"match rule should be either a string or an object\",\n};\nisInvalidRule(null, error);\nisInvalidRule(undefined, error);\nisInvalidRule(10, error);\nisInvalidRule([12, 24], error);",
              "err": {},
              "uuid": "2bb0db4e-a44e-4562-9a76-254f5773d0f8",
              "parentUUID": "6378387a-c680-4685-bcee-ac54bd5ea5a9",
              "isHook": false,
              "skipped": false
            },
            {
              "title": "should not validate match rules with extra properties",
              "fullTitle": "matchRuleSchema should not validate match rules with extra properties",
              "timedOut": false,
              "duration": 1,
              "state": "passed",
              "speed": "fast",
              "pass": true,
              "fail": false,
              "pending": false,
              "context": null,
[...]
              "err": {},
              "uuid": "030d300c-103d-4174-aca6-8489f89321d9",
              "parentUUID": "6378387a-c680-4685-bcee-ac54bd5ea5a9",
              "isHook": false,
              "skipped": false
            },
            {
              "title": "should not validate pattern match rule with non-string info",
              "fullTitle": "matchRuleSchema should not validate pattern match rule with non-string info",
              "timedOut": false,
              "duration": 0,
              "state": "passed",
              "speed": "fast",
              "pass": true,
              "fail": false,
              "pending": false,
              "context": null,
              "code": "const message = \"property 'info' should be a string\";\nisInvalidRule({ pattern: \"CS2101\", info: 42 }, { instancePath: \"/info\", message });",
              "err": {},
              "uuid": "783a76cc-6a57-4f86-adbc-c2a6f2bc3b95",
              "parentUUID": "6378387a-c680-4685-bcee-ac54bd5ea5a9",
              "isHook": false,
              "skipped": false
            },
            {
              "title": "should not validate and match rules with non-array property",
              "fullTitle": "matchRuleSchema should not validate and match rules with non-array property",
              "timedOut": false,
              "duration": 1,
              "state": "passed",
              "speed": "fast",
              "pass": true,
              "fail": false,
              "pending": false,
              "context": null,
              "code": "const message = \"property 'and' should be an array of match rules\";\nisInvalidRule({ or: [{ and: {} }, { or: [{ and: 3 }] }] }, { instancePath: \"/or/0/and\", message }, { instancePath: \"/or/1/or/0/and\", message });",
              "err": {},
              "uuid": "0f603501-ba8f-4261-a0f6-1d96f5054444",
              "parentUUID": "6378387a-c680-4685-bcee-ac54bd5ea5a9",
              "isHook": false,
              "skipped": false
            },
            {
              "title": "should not validate or match rules with non-array property",
              "fullTitle": "matchRuleSchema should not validate or match rules with non-array property",
              "timedOut": false,
              "duration": 0,
              "state": "passed",
              "speed": "fast",
              "pass": true,
              "fail": false,
              "pending": false,
              "context": null,
              "code": "const message = \"property 'or' should be an array of match rules\";\nisInvalidRule({ or: [{ or: {} }, { and: [{ or: 3 }] }] }, { instancePath: \"/or/0/or\", message }, { instancePath: \"/or/1/and/0/or\", message });",
              "err": {},
              "uuid": "656ec056-3924-4cda-a29b-abe27dad5017",
              "parentUUID": "6378387a-c680-4685-bcee-ac54bd5ea5a9",
              "isHook": false,
              "skipped": false
            }
          ],
          "suites": [],
          "passes": [
            "ec5fd54b-a3e3-460b-b554-f89055f17ac5",
            "a118fb32-a1d2-4253-a12e-bfb587c7349a",
            "6477887f-aba0-45be-8e7d-9f984ba8ef22",
            "2bb0db4e-a44e-4562-9a76-254f5773d0f8",
            "72a3fe9c-b6b9-4b39-adc5-52d8fa5097c0",
            "f4fbbd8f-706a-4c26-b975-de26b9b723e5",
            "20313254-c274-4240-88d3-f01b60e9d079",
            "030d300c-103d-4174-aca6-8489f89321d9",
            "783a76cc-6a57-4f86-adbc-c2a6f2bc3b95",
            "0f603501-ba8f-4261-a0f6-1d96f5054444",
            "656ec056-3924-4cda-a29b-abe27dad5017"
          ],
          "failures": [],
          "pending": [],
          "skipped": [],
          "duration": 16,
          "root": false,
          "rootEmpty": false,
          "_timeout": 2000
        },
        {
          "uuid": "53004c23-2164-4bac-bc93-7385448afb67",
          "title": "inequalitySchema",
          "fullFile": "/home/runner/work/planwithus-lib/planwithus-lib/src/satisfyRule/inequality/schemas.test.ts",
          "file": "/src/satisfyRule/inequality/schemas.test.ts",
          "beforeHooks": [],
          "afterHooks": [],
          "tests": [
            {
              "title": "should validate inequality in the form <=n or >=n",
              "fullTitle": "inequalitySchema should validate inequality in the form <=n or >=n",
              "timedOut": false,
              "duration": 1,
              "state": "passed",
              "speed": "fast",
              "pass": true,
              "fail": false,
              "pending": false,
              "context": "[\n  {\n    \"title\": \"inequality sample 0\",\n    \"value\": \"<=194\"\n  },\n  {\n    \"title\": \"inequality sample 1\",\n    \"value\": \"<=54\"\n  },\n  {\n    \"title\": \"inequality sample 2\",\n    \"value\": \"<=196\"\n  },\n  {\n    \"title\": \"inequality sample 3\",\n    \"value\": \"<=195\"\n  },\n  {\n    \"title\": \"inequality sample 4\",\n    \"value\": \">=198\"\n  },\n  {\n    \"title\": \"inequality sample 5\",\n    \"value\": \"<=2\"\n  },\n  {\n    \"title\": \"inequality sample 6\",\n    \"value\": \"<=80\"\n  },\n  {\n    \"title\": \"inequality sample 7\",\n    \"value\": \"<=199\"\n  },\n  {\n    \"title\": \"inequality sample 8\",\n    \"value\": \"<=2\"\n  },\n  {\n    \"title\": \"inequality sample 9\",\n    \"value\": \"<=139\"\n  }\n]",
              "code": "fast_check_1.sample(index_test_2.inequality, 10).forEach((sample, i) => addContext_1.default(this, {\n    title: `inequality sample ${i}`,\n    value: sample,\n}));\nreturn fast_check_1.assert(fast_check_1.property(index_test_2.inequality, ajvValidate));",
              "err": {},
              "uuid": "d8600080-a305-44eb-bba9-5e70bd23f18d",
              "parentUUID": "53004c23-2164-4bac-bc93-7385448afb67",
              "isHook": false,
              "skipped": false
            },
            {
              "title": "should not validate inequality of invalid form",
              "fullTitle": "inequalitySchema should not validate inequality of invalid form",
              "timedOut": false,
              "duration": 1,
              "state": "passed",
              "speed": "fast",
              "pass": true,
              "fail": false,
              "pending": false,
              "context": null,
              "code": "[\n        \"\",\n        \"==23\",\n        \"23\",\n        \"<23\",\n        \">23\",\n        \"<=-1\",\n        \">=-1\",\n        \"<= 2\",\n        \">= 1\",\n        \"> 3\",\n        \"< 3\",\n        \"<=3a\",\n        \">=3a\",\n        \"a<=3\",\n        \"a>=3\",\n    ].forEach(isInvalidInequality)",
              "err": {},
              "uuid": "9d3971a7-cc60-4dc5-8f44-207e54d96cba",
              "parentUUID": "53004c23-2164-4bac-bc93-7385448afb67",
              "isHook": false,
              "skipped": false
            }
          ],
          "suites": [],
          "passes": [
            "d8600080-a305-44eb-bba9-5e70bd23f18d",
            "9d3971a7-cc60-4dc5-8f44-207e54d96cba"
          ],
          "failures": [],
          "pending": [],
          "skipped": [],
          "duration": 2,
          "root": false,
          "rootEmpty": false,
          "_timeout": 2000
        },
        {
          "uuid": "20203f0f-a98a-464d-84a3-cb8f9c95cccd",
          "title": "satisfyRuleSchema",
          "fullFile": "/home/runner/work/planwithus-lib/planwithus-lib/src/satisfyRule/schemas.test.ts",
          "file": "/src/satisfyRule/schemas.test.ts",
          "beforeHooks": [],
          "afterHooks": [],
          "tests": [
            {
              "title": "should validate satisfy rule with valid block id",
              "fullTitle": "satisfyRuleSchema should validate satisfy rule with valid block id",
              "timedOut": false,
              "duration": 1,
              "state": "passed",
              "speed": "fast",
              "pass": true,
              "fail": false,
              "pending": false,
              "context": null,
              "code": "fast_check_1.assert(fast_check_1.property(fast_check_1.string(), ajvValidate)",
              "err": {},
              "uuid": "c4bfeb7f-45fc-46c9-b5f2-985f9aca0b2b",
              "parentUUID": "20203f0f-a98a-464d-84a3-cb8f9c95cccd",
              "isHook": false,
              "skipped": false
            },
            {
              "title": "should validate satisfy rules with valid mc",
              "fullTitle": "satisfyRuleSchema should validate satisfy rules with valid mc",
              "timedOut": false,
              "duration": 2,
              "state": "passed",
              "speed": "fast",
              "pass": true,
              "fail": false,
              "pending": false,
              "context": "[\n  {\n    \"title\": \"mcSatisfyRule sample 0\",\n    \"value\": {\n      \"mc\": \">=112\"\n    }\n  },\n  {\n    \"title\": \"mcSatisfyRule sample 1\",\n    \"value\": {\n      \"mc\": \"<=5\"\n    }\n  },\n  {\n    \"title\": \"mcSatisfyRule sample 2\",\n    \"value\": {\n      \"mc\": \"<=130\"\n    }\n  },\n  {\n    \"title\": \"mcSatisfyRule sample 3\",\n    \"value\": {\n      \"mc\": \">=195\"\n    }\n  },\n  {\n    \"title\": \"mcSatisfyRule sample 4\",\n    \"value\": {\n      \"mc\": \">=193\"\n    }\n  },\n  {\n    \"title\": \"mcSatisfyRule sample 5\",\n    \"value\": {\n      \"mc\": \">=11\"\n    }\n  },\n  {\n    \"title\": \"mcSatisfyRule sample 6\",\n    \"value\": {\n      \"mc\": \"<=195\"\n    }\n  },\n  {\n    \"title\": \"mcSatisfyRule sample 7\",\n    \"value\": {\n      \"mc\": \"<=8\"\n    }\n  },\n  {\n    \"title\": \"mcSatisfyRule sample 8\",\n    \"value\": {\n      \"mc\": \"<=193\"\n    }\n  },\n  {\n    \"title\": \"mcSatisfyRule sample 9\",\n    \"value\": {\n      \"mc\": \">=99\"\n    }\n  }\n]",
              "code": "fast_check_1.sample(index_test_2.mcSatisfyRule, 10).forEach((sample, i) => addContext_1.default(this, {\n    title: `mcSatisfyRule sample ${i}`,\n    value: sample,\n}));\nreturn fast_check_1.assert(fast_check_1.property(index_test_2.mcSatisfyRule, ajvValidate));",
              "err": {},
              "uuid": "ca89b2f3-7e3f-4cee-b3a3-09aeb94f30fd",
              "parentUUID": "20203f0f-a98a-464d-84a3-cb8f9c95cccd",
              "isHook": false,
              "skipped": false
            },
            {
              "title": "should validate valid recursive satisfy rules",
              "fullTitle": "satisfyRuleSchema should validate valid recursive satisfy rules",
              "timedOut": false,
              "duration": 3,
              "state": "passed",
              "speed": "fast",
              "pass": true,
              "fail": false,
              "pending": false,
              "context": "[\n  {\n    \"title\": \"satisfyRule sample 0\",\n    \"value\": \"=Jr<[l9mz\"\n  },\n  {\n    \"title\": \"satisfyRule sample 1\",\n    \"value\": {\n      \"mc\": \"<=198\"\n    }\n  },\n  {\n    \"title\": \"satisfyRule sample 2\",\n    \"value\": {\n      \"mc\": \"<=8\"\n    }\n  },\n  {\n    \"title\": \"satisfyRule sample 3\",\n    \"value\": {\n      \"mc\": \"<=27\"\n    }\n  },\n  {\n    \"title\": \"satisfyRule sample 4\",\n    \"value\": \"&\"\n  },\n  {\n    \"title\": \"satisfyRule sample 5\",\n    \"value\": {\n      \"and\": [\n        \"n-(^+S\",\n        \"7S&4 k^D\",\n        \"\",\n        {\n          \"mc\": \">=24\"\n        },\n        {\n          \"and\": [\n            \"8<z7s+\",\n            {\n              \"and\": [\n                {\n                  \"and\": [\n                    \"](\"\n                  ]\n                },\n                \"D\",\n                {\n                  \"and\": [\n                    \"fCxZ YI7t\"\n                  ]\n                },\n                \"Ecq<xxl42\",\n                \"8,@]ZD\"\n              ]\n            },\n            {\n              \"or\": []\n            },\n            {\n              \"and\": [\n                \"y~\",\n                \"^9\",\n                \"8gJ/'Wn\",\n                {\n                  \"mc\": \"<=89\"\n                },\n                {\n                  \"and\": [\n                    \"wSh&k\",\n                    {\n                      \"mc\": \">=73\"\n                    },\n                    \"U\",\n                    \"?o;V^vr\"\n                  ]\n                }\n              ]\n            },\n            \"\"\n          ]\n        }\n      ]\n    }\n  },\n  {\n    \"title\": \"satisfyRule sample 6\",\n    \"value\": \"!&&%$\\\"\\\"\"\n  },\n  {\n    \"title\": \"satisfyRule sample 7\",\n    \"value\": {\n      \"mc\": \">=6\"\n    }\n  },\n  {\n    \"title\": \"satisfyRule sample 8\",\n    \"value\": {\n      \"mc\": \">=6\"\n    }\n  },\n  {\n    \"title\": \"satisfyRule sample 9\",\n    \"value\": {\n      \"mc\": \">=6\"\n    }\n  }\n]",
              "code": "fast_check_1.sample(index_test_2.satisfyRule, 10).forEach((sample, i) => addContext_1.default(this, {\n    title: `satisfyRule sample ${i}`,\n    value: sample,\n}));\nreturn fast_check_1.assert(fast_check_1.property(index_test_2.satisfyRule, ajvValidate));",
              "err": {},
              "uuid": "e4aa78d6-4b94-4628-81b8-434689497d71",
              "parentUUID": "20203f0f-a98a-464d-84a3-cb8f9c95cccd",
              "isHook": false,
              "skipped": false
            },
            {
              "title": "should not validate non-string/object",
              "fullTitle": "satisfyRuleSchema should not validate non-string/object",
              "timedOut": false,
              "duration": 1,
              "state": "passed",
              "speed": "fast",
              "pass": true,
              "fail": false,
              "pending": false,
              "context": null,
              "code": "const error = {\n    instancePath: \"\",\n    message: \"satisfy rule should be either a string or an object\",\n};\nisInvalidRule(null, error);\nisInvalidRule(undefined, error);\nisInvalidRule(10, error);\nisInvalidRule([12, 24], error);",
              "err": {},
              "uuid": "10038265-02fc-439f-905c-ced428056db4",
              "parentUUID": "20203f0f-a98a-464d-84a3-cb8f9c95cccd",
              "isHook": false,
              "skipped": false
            },
            {
              "title": "should not validate satisfy rules with extra properties",
              "fullTitle": "satisfyRuleSchema should not validate satisfy rules with extra properties",
              "timedOut": false,
              "duration": 1,
              "state": "passed",
              "speed": "fast",
              "pass": true,
              "fail": false,
              "pending": false,
              "context": null,
              "code": "isInvalidRule({\n        and: [\n            { or: [\"2k\"], abc: \"def\" },\n            { mc: 8, ghi: \"jkl\" },\n        ],\n        mno: \"pqr\",\n    }, {\n        instancePath: \"/and/0\",\n        message: \"or satisfy rule should have property 'or' only\",\n    }, {\n        instancePath: \"/and/1\",\n        message: \"MC satisfy rule should have property 'mc' only\",\n    }, {\n        instancePath: \"\",\n        message: \"and satisfy rule should have property 'and' only\",\n    })",
              "err": {},
              "uuid": "9cc56b82-abc6-48b4-b2c5-ef6ea88a1e0e",
              "parentUUID": "20203f0f-a98a-464d-84a3-cb8f9c95cccd",
              "isHook": false,
              "skipped": false
            },
            {
              "title": "should not validate ambiguous satisfy rules",
              "fullTitle": "satisfyRuleSchema should not validate ambiguous satisfy rules",
              "timedOut": false,
              "duration": 0,
              "state": "passed",
              "speed": "fast",
              "pass": true,
              "fail": false,
              "pending": false,
              "context": null,
              "code": "const message = \"satisfy rule should have only one of properties 'mc', 'and', 'or'\";\nisInvalidRule({\n    or: [\n        { mc: 5, and: [\"CS2040\"] },\n        { and: [{ and: [\"abc\"], or: [\"def\"] }] },\n    ],\n}, { instancePath: \"/or/0\", message }, { instancePath: \"/or/1/and/0\", message });",
              "err": {},
              "uuid": "8c9e3ef2-51b8-4c07-9666-273a119bbb39",
              "parentUUID": "20203f0f-a98a-464d-84a3-cb8f9c95cccd",
              "isHook": false,
              "skipped": false
            },
            {
              "title": "should not validate and satisfy rules with non-array property",
              "fullTitle": "satisfyRuleSchema should not validate and satisfy rules with non-array property",
              "timedOut": false,
              "duration": 0,
              "state": "passed",
              "speed": "fast",
              "pass": true,
              "fail": false,
              "pending": false,
              "context": null,
              "code": "const message = \"property 'and' should be an array of satisfy rules\";\nisInvalidRule({ or: [{ and: {} }, { or: [{ and: 3 }] }] }, { instancePath: \"/or/0/and\", message }, { instancePath: \"/or/1/or/0/and\", message });",
              "err": {},
              "uuid": "50780f87-2b59-4e63-add9-d535959df6f4",
              "parentUUID": "20203f0f-a98a-464d-84a3-cb8f9c95cccd",
              "isHook": false,
              "skipped": false
            },
            {
              "title": "should not validate or satisfy rules with non-array property",
              "fullTitle": "satisfyRuleSchema should not validate or satisfy rules with non-array property",
              "timedOut": false,
              "duration": 0,
              "state": "passed",
              "speed": "fast",
              "pass": true,
              "fail": false,
              "pending": false,
              "context": null,
              "code": "const message = \"property 'or' should be an array of satisfy rules\";\nisInvalidRule({ and: [{ or: {} }, { and: [{ or: 3 }] }] }, { instancePath: \"/and/0/or\", message }, { instancePath: \"/and/1/and/0/or\", message });",
              "err": {},
              "uuid": "cf9d6121-c8dd-4469-8c4b-259a95d5f117",
              "parentUUID": "20203f0f-a98a-464d-84a3-cb8f9c95cccd",
              "isHook": false,
              "skipped": false
            }
          ],
          "suites": [],
          "passes": [
            "c4bfeb7f-45fc-46c9-b5f2-985f9aca0b2b",
            "ca89b2f3-7e3f-4cee-b3a3-09aeb94f30fd",
            "e4aa78d6-4b94-4628-81b8-434689497d71",
            "10038265-02fc-439f-905c-ced428056db4",
            "9cc56b82-abc6-48b4-b2c5-ef6ea88a1e0e",
            "8c9e3ef2-51b8-4c07-9666-273a119bbb39",
            "50780f87-2b59-4e63-add9-d535959df6f4",
            "cf9d6121-c8dd-4469-8c4b-259a95d5f117"
          ],
          "failures": [],
          "pending": [],
          "skipped": [],
          "duration": 8,
          "root": false,
          "rootEmpty": false,
          "_timeout": 2000
        }
      ],
      "passes": [],
      "failures": [],
      "pending": [],
      "skipped": [],
      "duration": 0,
      "root": true,
      "rootEmpty": true,
      "_timeout": 2000
    }
  ],
  "meta": {
    "mocha": {
      "version": "9.0.1"
    },
    "mochawesome": {
      "options": {
        "quiet": false,
        "reportFilename": "mochawesome",
        "saveHtml": true,
        "saveJson": true,
        "consoleReporter": "spec",
        "useInlineDiffs": false,
        "code": true
      },
      "version": "6.2.2"
    },
    "marge": {
      "options": {
        "reportDir": "docs"
      },
      "version": "5.2.0"
    }
  }
}