{
  "stats": {
    "suites": 10,
    "tests": 48,
    "passes": 48,
    "pending": 0,
    "failures": 0,
    "start": "2021-07-19T11:32:23.198Z",
    "end": "2021-07-19T11:32:23.745Z",
    "duration": 547,
    "testsRegistered": 48,
    "passPercent": 100,
    "pendingPercent": 0,
    "other": 0,
    "hasOther": false,
    "skipped": 0,
    "hasSkipped": false
  },
  "results": [
    {
      "uuid": "f24cc901-f78b-41e0-a4b3-0033a54bb854",
      "title": "",
      "fullFile": "",
      "file": "",
      "beforeHooks": [],
      "afterHooks": [],
      "tests": [],
      "suites": [
        {
          "uuid": "1091822a-9bbc-45e6-a82e-a39349a3ce73",
          "title": "initDirectories",
          "fullFile": "/home/runner/work/planwithus-lib/planwithus-lib/src/block/schemas.test.ts",
          "file": "/src/block/schemas.test.ts",
          "beforeHooks": [],
          "afterHooks": [],
          "tests": [
            {
              "title": "should parse all blocks with no errors",
              "fullTitle": "initDirectories should parse all blocks with no errors",
              "timedOut": false,
              "duration": 12,
              "state": "passed",
              "speed": "fast",
              "pass": true,
              "fail": false,
              "pending": false,
              "context": null,
              "code": "_1.initDirectories.should.not.throw()",
              "err": {},
              "uuid": "b16a7474-6764-4628-b3a7-e13469b47def",
              "parentUUID": "1091822a-9bbc-45e6-a82e-a39349a3ce73",
              "isHook": false,
              "skipped": false
            },
            {
              "title": "should produce primary, second & minor directories",
              "fullTitle": "initDirectories should produce primary, second & minor directories",
              "timedOut": false,
              "duration": 3,
              "state": "passed",
              "speed": "fast",
              "pass": true,
              "fail": false,
              "pending": false,
              "context": null,
              "code": "const directories = _1.initDirectories();\ndirectories.should.have.property(\"primary\");\ndirectories.should.have.property(\"second\");\ndirectories.should.have.property(\"minor\");",
              "err": {},
              "uuid": "31981560-e735-43df-8466-413aa09128d9",
              "parentUUID": "1091822a-9bbc-45e6-a82e-a39349a3ce73",
              "isHook": false,
              "skipped": false
            }
          ],
          "suites": [],
          "passes": [
            "b16a7474-6764-4628-b3a7-e13469b47def",
            "31981560-e735-43df-8466-413aa09128d9"
          ],
          "failures": [],
          "pending": [],
          "skipped": [],
          "duration": 15,
          "root": false,
          "rootEmpty": false,
          "_timeout": 2000
        },
        {
          "uuid": "ccd70a8d-128f-411a-b750-8968d9957ed1",
          "title": "blockSchema",
          "fullFile": "/home/runner/work/planwithus-lib/planwithus-lib/src/block/schemas.test.ts",
          "file": "/src/block/schemas.test.ts",
          "beforeHooks": [],
          "afterHooks": [],
          "tests": [
            {
              "title": "should validate valid block",
              "fullTitle": "blockSchema should validate valid block",
              "timedOut": false,
              "duration": 282,
              "state": "passed",
              "speed": "slow",
              "pass": true,
              "fail": false,
              "pending": false,
              "context": "[\n  {\n    \"title\": \"block sample 0\",\n    \"value\": {\n      \"name\": \"dx;0BiN2S\",\n      \"ay\": 1951,\n      \"assign\": \"}{-S^%T\",\n      \"match\": [\n        \"YDB21*5D\",\n        {\n          \"and\": [\n            {\n              \"pattern\": \"OA44\",\n              \"exclude\": [\n                \"QNH8L\",\n                \"TD*xE\"\n              ],\n              \"info\": \"wkx,u?g<ei\"\n            }\n          ]\n        },\n        {\n          \"or\": [\n            \"DC*6C\"\n          ]\n        },\n        {\n          \"or\": [\n            {\n              \"pattern\": \"XMZx86Z\",\n              \"info\": \"iB6c;D/i>#\"\n            },\n            \"XYJ63R\",\n            {\n              \"pattern\": \"RST0O\",\n              \"exclude\": \"WS483\",\n              \"info\": \"(TXYnkoXN\"\n            },\n            {\n              \"pattern\": \"QL61S\",\n              \"exclude\": []\n            },\n            {\n              \"and\": [\n                \"DEP1x7*D\",\n                {\n                  \"pattern\": \"WYW7\",\n                  \"exclude\": \"MK9\",\n                  \"info\": \"cY!4@(_=LU\"\n                },\n                \"QE528x\",\n                {\n                  \"pattern\": \"XXR2\",\n                  \"info\": \"2x#bYu].G\"\n                },\n                \"PUx1V\"\n              ]\n            }\n          ]\n        },\n        {\n          \"pattern\": \"HMF50L\",\n          \"exclude\": \"LU2N\",\n          \"info\": \"3\"\n        }\n      ],\n      \"satisfy\": {\n        \"and\": [\n          {\n            \"or\": [\n              {\n                \"mc\": \"<=106\"\n              },\n              \"\",\n              {\n                \"or\": [\n                  {\n                    \"mc\": \">=198\"\n                  },\n                  \"7cd<\",\n                  \"JN\"\n                ]\n              },\n              \"\",\n              \"\"\n            ]\n          }\n        ]\n      },\n      \"url\": \"http://rbc54.6p4pl5tv7qsqzf2p5x68iojq1ooyipkmzp2e13fnao6cbofxo1vihtorx4o076m.3n68ieafbmea-6f6e4mc7teb-9em5fc8-18ed5d.da6ut4g9exfh39edwc-31x10n6d97c29cfqtp6n7matkna5wk4idhkg8blyqnb.ifb9ga6vgt4y2ra3fs4wcfl86-ra8ecf7d20fbed4.vc/.Fo+sy*/gp2/7q,4%F4%88%86%B5,Y$(/%F4%8F%BF%BDbLa/K&PC/=0c%F1%AC%B7%81/QBL_\",\n      \"info\": \"3?c&\",\n      \"isSelectable\": true\n    }\n  },\n  {\n    \"title\": \"block sample 1\",\n    \"value\": {\n      \"ay\": 1955,\n      \"assign\": \"~x&I<\",\n      \"match\": [\n        \"QX919\",\n        \"OSO2825R\",\n        \"HGR901Q\",\n        \"HD6188\"\n      ],\n      \"satisfy\": [\n        \"$\"\n      ],\n      \"info\": \"~\",\n      \"isSelectable\": true\n    }\n  },\n  {\n    \"title\": \"block sample 2\",\n    \"value\": {\n      \"assign\": \"\",\n      \"satisfy\": {\n        \"and\": [\n          \"|$}3\",\n          \"\",\n          {\n            \"mc\": \">=91\"\n          },\n          {\n            \"and\": [\n              \"c\",\n              {\n                \"and\": []\n              },\n              \"^k6\",\n              {\n                \"or\": [\n                  {\n                    \"or\": [\n                      \"0\"\n                    ]\n                  },\n                  \"U@|N9b\"\n                ]\n              },\n              \"MA=g(\"\n            ]\n          }\n        ]\n      },\n      \"url\": \"http://u4wx6i4qfhy-xazco8rr3jjzd9ejqxinucojps79f-8q6.3aw-wn3-acw92vejz69t74m06h.owd/)kZnxpPLM/ocG0Z2kd1/m/%F2%AF%B1%8DywW.-@/_82/\",\n      \"info\": \"&O$&Ix@$x\",\n      \"isSelectable\": true,\n      \"H&\": {\n        \"ay\": 1992,\n        \"assign\": \"$\",\n        \"url\": \"https://7-9v3xa5s412wth0blefwaof5sr1.b4q0tctcvdydcr1e1usglh5hgrz4xhlrfbzk0tkgi8oferkuid7vbhaw9m0.bobdqyb/Y5\",\n        \"info\": \"kW\",\n        \"isSelectable\": true\n      }\n    }\n  },\n  {\n    \"title\": \"block sample 3\",\n    \"value\": {\n      \"name\": \"\",\n      \"ay\": 1960,\n      \"assign\": [\n        \"\",\n        \"\"\n      ],\n      \"match\": \"DUZ*H\",\n      \"satisfy\": {\n        \"and\": []\n      },\n      \"url\": \"http://pqu90mq.cowc51c1a8lzw0np9phi1-orgl027evmfplq4bj4xwtq68lcebls.lakvk/3,,\",\n      \"isSelectable\": true,\n      \"|$\": {\n        \"name\": \"^\",\n        \"ay\": 2028,\n        \"assign\": \"{x{\",\n        \"match\": {\n          \"or\": [\n            {\n              \"and\": []\n            },\n            {\n              \"or\": []\n            },\n            {\n              \"pattern\": \"SA*3B\",\n              \"exclude\": [\n                \"EV*03Q\",\n                \"KH9O\",\n                \"TI*95\",\n                \"LN67\"\n              ],\n              \"info\": \"#`@$_\"\n            },\n            {\n              \"or\": [\n                {\n                  \"pattern\": \"DD38\",\n                  \"exclude\": [\n                    \"YG77\",\n                    \"DX25x5J\",\n                    \"SPC1960\",\n                    \"CQ9\"\n                  ],\n                  \"info\": \"mt7\"\n                },\n                \"AV3846\",\n                {\n                  \"pattern\": \"TC4\",\n                  \"exclude\": [],\n                  \"info\": \"\\\\\"\n                },\n                {\n                  \"and\": [\n                    {\n                      \"or\": [\n                        \"HVK526W\",\n                        \"BY73P\",\n                        {\n                          \"pattern\": \"QUB7048L\",\n                          \"info\": \"\"\n                        },\n                        \"WBJxx2\",\n                        \"CT2X\"\n                      ]\n                    },\n                    \"IIO538*\"\n                  ]\n                },\n                {\n                  \"or\": [\n                    {\n                      \"pattern\": \"FX*\",\n                      \"exclude\": [\n                        \"PR822\",\n                        \"FU20\",\n                        \"EAB*5x3R\",\n                        \"LSK8O\"\n                      ],\n                      \"info\": \"^xr\"\n                    },\n                    \"YOK0\",\n                    \"ZO2\",\n                    {\n                      \"or\": []\n                    },\n                    \"IQ0\"\n                  ]\n                }\n              ]\n            },\n            {\n              \"and\": [\n                {\n                  \"pattern\": \"NJU320\",\n                  \"info\": \"<'FbAF\"\n                }\n              ]\n            }\n          ]\n        },\n        \"satisfy\": {\n          \"or\": []\n        },\n        \"url\": \"http://lucqpob92bfa5dreabca-cf9-9df.79d8lw.2.a6srg77jmacm5env9avswm748t4z930t8.4s5ao4.sn\",\n        \"info\": \"}xzQH+\",\n        \"isSelectable\": true,\n        \"('Dsi\": {\n          \"name\": \"\",\n          \"ay\": 1952,\n          \"assign\": [\n            \"}45@\",\n            \"d\\\"\"\n          ],\n          \"match\": [\n            {\n              \"pattern\": \"LAA*7U\",\n              \"exclude\": \"TOx5\",\n              \"info\": \"GI|b mA\"\n            }\n          ],\n          \"satisfy\": {\n            \"mc\": \"<=2\"\n          },\n          \"info\": \"%0Ey(|\",\n          \"isSelectable\": true\n        },\n        \"\": {\n          \"name\": \"VVY\",\n          \"ay\": 1984,\n          \"url\": \"https://q-1cd61emk8bp22lu.grr4ivgq1ncw7ixd3.z.siku4vi99icgdvoah7mm0i-x3qvw.ow7o6rdocqvsnay5y5x7.dscag/h~3bio%F1%AC%B4%ABpG/mGq/UrX/NqVb/R'4/\",\n          \"isSelectable\": true\n        },\n        \"~.\": {\n          \"name\": \"\",\n          \"ay\": 1953,\n          \"match\": {\n            \"pattern\": \"PKK*x0*\",\n            \"exclude\": [\n              \"RVD4\",\n              \"AHD*V\"\n            ],\n            \"info\": \"~#!Xg%#\"\n          },\n          \"satisfy\": {\n            \"or\": [\n              {\n                \"or\": []\n              },\n              {\n                \"and\": [\n                  {\n                    \"mc\": \"<=3\"\n                  },\n                  {\n                    \"and\": [\n                      {\n                        \"and\": [\n                          \"g@IgXQ*\",\n                          {\n                            \"and\": [\n                              \"\",\n                              {\n                                \"and\": [\n                                  \"H<h}$\",\n                                  \")5$U,\",\n                                  \"L},dn_z\",\n                                  \"cR)7\"\n                                ]\n                              },\n                              {\n                                \"or\": [\n                                  \"bwB\",\n                                  \"lkl#\",\n                                  \"'?'cIQ./\",\n                                  \"<gad9F\"\n                                ]\n                              }\n                            ]\n                          },\n                          \"g:,y[!\",\n                          \"[;\\\\yn^c8RJ\"\n                        ]\n                      },\n                      {\n                        \"mc\": \">=175\"\n                      }\n                    ]\n                  },\n                  {\n                    \"or\": []\n                  }\n                ]\n              },\n              {\n                \"or\": [\n                  \"EnCkW(\",\n                  {\n                    \"and\": [\n                      {\n                        \"and\": [\n                          \"?4\\\"Mh8O\",\n                          {\n                            \"mc\": \">=106\"\n                          },\n                          \"W\",\n                          {\n                            \"and\": [\n                              \"2\",\n                              {\n                                \"and\": [\n                                  \"Pn\",\n                                  {\n                                    \"mc\": \"<=185\"\n                                  },\n                                  \"9~'ZV,\"\n                                ]\n                              },\n                              \"vv*U\"\n                            ]\n                          }\n                        ]\n                      },\n                      {\n                        \"mc\": \"<=13\"\n                      },\n                      \"nvehQ#(\",\n                      \"6hV}AQ1sK5\"\n                    ]\n                  },\n                  \"7\\\"XWm%Z4n\",\n                  \"\"\n                ]\n              }\n            ]\n          },\n          \"url\": \"https://swgxjpmgy.dvdvi/vKr6@F/p_:2N@l%F1%AD%9D%82R/8Ltvi%F0%AC%B3%93Z!t/mt%F1%A3%BC%B0;%F3%9E%A0%AEQ9PoY/hV~TtEO/J/LE\",\n          \"info\": \"0U0 kVd ja\",\n          \"isSelectable\": true\n        }\n      }\n    }\n  },\n  {\n    \"title\": \"block sample 4\",\n    \"value\": {\n      \"name\": \"h$^fwwz6t\",\n      \"ay\": 1965,\n      \"assign\": \"kl^\",\n      \"match\": [\n        {\n          \"or\": [\n            \"XH7167Q\"\n          ]\n        },\n        {\n          \"and\": []\n        },\n        {\n          \"pattern\": \"DBO5809\",\n          \"exclude\": [\n            \"CR781*\",\n            \"ACL4**2\",\n            \"WR7\",\n            \"OF7\"\n          ],\n          \"info\": \"Ch\"\n        },\n        {\n          \"and\": [\n            {\n              \"pattern\": \"IL8Z\",\n              \"exclude\": \"EU*G\",\n              \"info\": \"zqU4}$\"\n            },\n            {\n              \"or\": []\n            },\n            {\n              \"pattern\": \"PBG5T\",\n              \"exclude\": [\n                \"CD4K\",\n                \"CA5380\",\n                \"QY63T\"\n              ]\n            }\n          ]\n        }\n      ],\n      \"satisfy\": {\n        \"mc\": \"<=145\"\n      },\n      \"url\": \"https://ex-4mv589x2tr9849be3inoxifwlw8nxe0gmyxvjdb0vigf-42nn-a.mbap/@L0pfkU/\",\n      \"info\": \"`h{M'u|z\",\n      \"isSelectable\": true,\n      \"U`q8?BZ\": {\n        \"name\": \"*,bnD=\",\n        \"assign\": [\n          \"B?0_&# E\",\n          \"?AN_\",\n          \"Um\"\n        ],\n        \"match\": [],\n        \"satisfy\": [\n          {\n            \"and\": [\n              \"\",\n              {\n                \"and\": [\n                  {\n                    \"and\": [\n                      \"N\"\n                    ]\n                  },\n                  \"/6*_~gG\",\n                  \"kBC2!\",\n                  \"q\",\n                  \"#uxil \"\n                ]\n              },\n              \"\",\n              \"(lM#X,\",\n              {\n                \"or\": [\n                  {\n                    \"or\": [\n                      \"X)|$g@g.Q\",\n                      \"}WqeJWa5P\",\n                      \"_(;j \",\n                      {\n                        \"or\": [\n                          \"\",\n                          \"RiU:fS\",\n                          \"{\\\"[oW6\"\n                        ]\n                      }\n                    ]\n                  },\n                  {\n                    \"mc\": \">=36\"\n                  },\n                  \"$)6Cb,oY\",\n                  {\n                    \"and\": [\n                      {\n                        \"and\": []\n                      },\n                      \"_Qak\",\n                      {\n                        \"or\": [\n                          \"YX=r<A+oE2\",\n                          \"Q\",\n                          \"^n#EG;Iha.\"\n                        ]\n                      },\n                      \"`ss<\"\n                    ]\n                  },\n                  \"h ^\"\n                ]\n              }\n            ]\n          },\n          \"\",\n          {\n            \"mc\": \"<=53\"\n          },\n          \"lm.@2=\"\n        ],\n        \"url\": \"http://inpmo19k84x1pr5smxj7i-sbtka35rk4vb8wzhi76-mf15z6lde4oby9.ts5j6i8m06gayoninbmdn442.auiioqgad62cukaq3dflwsdss1i07w7n2dwq4e3oqq0yfwpoi6s86av-3m.gqjy8k-boyns7a3fegxfeqcit.crawacu\",\n        \"info\": \"B:1h\",\n        \"isSelectable\": true\n      },\n      \"o%:11`f-5V\": {\n        \"name\": \";\",\n        \"ay\": 1976,\n        \"assign\": [\n          \"*'9FdW7\",\n          \"^u2x4!40\",\n          \"c^0 f@\",\n          \"!HfY.6s@\",\n          \"+,D-'9.{\"\n        ],\n        \"match\": {\n          \"or\": [\n            \"BDZxC\",\n            {\n              \"and\": [\n                {\n                  \"or\": []\n                },\n                \"QJJ2129E\",\n                \"USK*5*B\"\n              ]\n            },\n            {\n              \"pattern\": \"LLT64*4\",\n              \"exclude\": [\n                \"XC08C\"\n              ],\n              \"info\": \".?%f>PP+\"\n            },\n            {\n              \"or\": []\n            }\n          ]\n        },\n        \"satisfy\": [],\n        \"url\": \"http://nir6r2-uys502yu.amn/b5%F3%8B%BC%A0y\",\n        \"info\": \"*6l C!\",\n        \"isSelectable\": true,\n        \"*lY[c!\": {\n          \"name\": \"6->pq.L \",\n          \"ay\": 1979,\n          \"match\": [],\n          \"satisfy\": [\n            {\n              \"or\": [\n                {\n                  \"or\": []\n                },\n                {\n                  \"or\": [\n                    \"`<\",\n                    {\n                      \"or\": [\n                        \"0SX-#\",\n                        {\n                          \"and\": []\n                        },\n                        {\n                          \"mc\": \">=117\"\n                        }\n                      ]\n                    }\n                  ]\n                }\n              ]\n            },\n            \"b]u0\\\"wN71\"\n          ],\n          \"url\": \"http://fi2ywz7sg4g.zzkxtv.xs52t29ck95crxjixzqco3tr.zbr6iv.8d30i5783e0mw6m11g0rwwllj8yiuyrctt8hcdm6jvhal1ah7iq9pqz.qate/FI/@ShT%E5%A7%81m=/ztD\",\n          \"info\": \"f/:d.:\"\n        },\n        \"\": {\n          \"ay\": 1997,\n          \"assign\": \"Nl~W#YbJ1\",\n          \"match\": {\n            \"pattern\": \"JQx4xx\",\n            \"exclude\": \"WH903\",\n            \"info\": \"{$\"\n          },\n          \"satisfy\": [\n            {\n              \"mc\": \"<=165\"\n            },\n            {\n              \"or\": [\n                \"Z1#0Ff*b-\"\n              ]\n            },\n            {\n              \"mc\": \">=151\"\n            },\n            {\n              \"and\": [\n                {\n                  \"mc\": \"<=149\"\n                },\n                {\n                  \"mc\": \"<=53\"\n                },\n                {\n                  \"and\": [\n                    \"z_bZ\",\n                    {\n                      \"and\": [\n                        \"5:@`tpW.\",\n                        \"?HrJ\",\n                        \"l/O6&\",\n                        \"&C{`\",\n                        {\n                          \"mc\": \"<=182\"\n                        }\n                      ]\n                    },\n                    \"J\",\n                    {\n                      \"and\": []\n                    },\n                    {\n                      \"or\": [\n                        {\n                          \"mc\": \">=165\"\n                        },\n                        {\n                          \"mc\": \"<=119\"\n                        },\n                        \"T}\",\n                        \"$[HC\\\"W84\",\n                        {\n                          \"mc\": \">=15\"\n                        }\n                      ]\n                    }\n                  ]\n                }\n              ]\n            }\n          ],\n          \"url\": \"http://hps8wy47y.ly9w.nt8t2u-b3-49dwbc6ovrj5oik2fudtklt189g7ulxgw9.24z1l1j463-t6.1yrbcegck45jpc9toaw6zs5pethtt30r9gdla8zdf7q.qiutgxu/MKX1f/!.Fol:&%F1%83%8C%874;//TPJ97(Ujn//c!%F3%BD%8B%8A//')\",\n          \"info\": \"\",\n          \"isSelectable\": true\n        },\n        \"F\": {\n          \"name\": \".UhUX>K|2T\",\n          \"assign\": \"G\",\n          \"match\": [\n            \"PO9x48B\"\n          ],\n          \"satisfy\": [\n            {\n              \"and\": [\n                {\n                  \"and\": []\n                },\n                {\n                  \"or\": [\n                    \"QG'a{_)\",\n                    {\n                      \"mc\": \"<=32\"\n                    },\n                    \"#,uX\"\n                  ]\n                },\n                {\n                  \"or\": [\n                    {\n                      \"and\": []\n                    },\n                    \"/0e>\"\n                  ]\n                },\n                {\n                  \"and\": [\n                    {\n                      \"or\": [\n                        \"xZrfBz \\\"\",\n                        {\n                          \"or\": [\n                            \"I;zW\"\n                          ]\n                        }\n                      ]\n                    }\n                  ]\n                }\n              ]\n            },\n            {\n              \"mc\": \"<=89\"\n            },\n            {\n              \"and\": [\n                {\n                  \"or\": [\n                    \"G8B 0<)\",\n                    {\n                      \"mc\": \">=166\"\n                    },\n                    {\n                      \"or\": [\n                        {\n                          \"or\": [\n                            \"*\\\\%\",\n                            \"S7X$cc^6\"\n                          ]\n                        },\n                        {\n                          \"or\": [\n                            \"'c?Z6%\",\n                            \"\",\n                            \"3\"\n                          ]\n                        }\n                      ]\n                    },\n                    \"58D0tDfO)\",\n                    \"g\"\n                  ]\n                },\n                {\n                  \"and\": [\n                    \"N|%6S_ur2\",\n                    \"QB\",\n                    \"`.A-89-+C\"\n                  ]\n                },\n                {\n                  \"or\": [\n                    {\n                      \"or\": []\n                    },\n                    {\n                      \"mc\": \"<=15\"\n                    },\n                    {\n                      \"and\": [\n                        \"[P\",\n                        \"MK4U8ghFhf\",\n                        \"v+Y,\",\n                        \"8H'\"\n                      ]\n                    }\n                  ]\n                },\n                {\n                  \"or\": [\n                    \"K!rov+iGJ+\",\n                    \"Je\",\n                    {\n                      \"mc\": \">=155\"\n                    },\n                    \"cM-,wp\",\n                    {\n                      \"and\": [\n                        \"0'}os\",\n                        \"cS\"\n                      ]\n                    }\n                  ]\n                }\n              ]\n            },\n            {\n              \"mc\": \">=144\"\n            },\n            {\n              \"mc\": \">=195\"\n            }\n          ],\n          \"url\": \"https://91w642bke-kqvxlln1e1q1nfe3yhz7k61.x.km/j/Io%F1%BA%B9%8D'4/c/Qk8m)/H;Hr4l/Oc%F2%8C%82%B65%F1%BA%A1%8F/V%F1%B0%89%96KahU/GjPw4*/S\",\n          \"info\": \"a,P\",\n          \"isSelectable\": true,\n          \"[939#q>=\": {\n            \"name\": \"zJ[zc!5\",\n            \"ay\": 2021,\n            \"match\": [\n              {\n                \"or\": []\n              },\n              {\n                \"or\": [\n                  {\n                    \"pattern\": \"EB*4K\",\n                    \"exclude\": \"UXxY\"\n                  },\n                  {\n                    \"pattern\": \"XL62H\",\n                    \"exclude\": \"FZS32\",\n                    \"info\": \",P5+5\"\n                  }\n                ]\n              },\n              {\n                \"or\": [\n                  \"WAU94\",\n                  {\n                    \"and\": []\n                  },\n                  \"XRN62\"\n                ]\n              },\n              {\n                \"or\": [\n                  {\n                    \"pattern\": \"PPE5X\",\n                    \"exclude\": [\n                      \"LD53P\",\n                      \"GO24\",\n                      \"QI*031\"\n                    ],\n                    \"info\": \"-19y\"\n                  },\n                  {\n                    \"pattern\": \"PE2\",\n                    \"exclude\": [\n                      \"XH4861\",\n                      \"CY985J\",\n                      \"NPMx3P\",\n                      \"QNY*\",\n                      \"MW9x4*\"\n                    ],\n                    \"info\": \"<mKX`@Q8x\"\n                  },\n                  {\n                    \"pattern\": \"DZ8K\",\n                    \"exclude\": [\n                      \"DC06*5L\",\n                      \"RE177\"\n                    ],\n                    \"info\": \",.Yo\"\n                  },\n                  {\n                    \"pattern\": \"DRUx5\",\n                    \"exclude\": \"NAxW\"\n                  },\n                  {\n                    \"pattern\": \"IGF08U\",\n                    \"exclude\": [\n                      \"XZ58K\"\n                    ],\n                    \"info\": \"C\"\n                  }\n                ]\n              },\n              {\n                \"pattern\": \"JHM5*\",\n                \"exclude\": [\n                  \"ENB795H\"\n                ]\n              }\n            ],\n            \"satisfy\": {\n              \"or\": []\n            },\n            \"info\": \"I\",\n            \"isSelectable\": true\n          },\n          \"gwt}\": {\n            \"name\": \"X`\",\n            \"ay\": 1973,\n            \"assign\": \"`@X:q\",\n            \"match\": {\n              \"or\": [\n                \"NE*831G\",\n                {\n                  \"pattern\": \"VN74B\",\n                  \"exclude\": [\n                    \"GD94R\",\n                    \"LQO17\",\n                    \"YVP279xK\",\n                    \"EPU7A\",\n                    \"LPNx55V\"\n                  ],\n                  \"info\": \"\"\n                }\n              ]\n            },\n            \"satisfy\": [\n              {\n                \"and\": [\n                  \"E:#tRoO\",\n                  {\n                    \"or\": []\n                  },\n                  {\n                    \"mc\": \"<=72\"\n                  },\n                  {\n                    \"or\": []\n                  }\n                ]\n              },\n              {\n                \"and\": [\n                  \" '\"\n                ]\n              }\n            ],\n            \"url\": \"http://hot-d8tjod49s.ygxe78c8xxca831yss5dwimjhwd-g-w9navvf9-b5060guiemxa5s0jtoe5.zh7hvknr7-f93wloml1b0ol0-5tr1gikwvz4zfm.bly/xLeW:/&=gT/!aDT/b%F3%B5%8A%BDX*+/Hk%F0%B8%A7%85VSD+/MA0X/IMyENl/k2f=WY0u/tMs++'w\",\n            \"info\": \"A,R&3O{K?+\",\n            \"isSelectable\": true\n          },\n          \"}=qn4aeAt\": {\n            \"name\": \"#JI^&\",\n            \"ay\": 1969,\n            \"assign\": [\n              \"wk=:l\",\n              \"fe*gQc\"\n            ],\n            \"match\": {\n              \"and\": [\n                {\n                  \"or\": [\n                    {\n                      \"or\": []\n                    },\n                    {\n                      \"or\": [\n                        {\n                          \"and\": []\n                        },\n                        \"XN5\",\n                        {\n                          \"pattern\": \"DWVx7F\",\n                          \"exclude\": \"KC9*9Y\",\n                          \"info\": \"3N\"\n                        },\n                        \"XZE980*U\"\n                      ]\n                    },\n                    \"IGN464\",\n                    \"KNUxD\"\n                  ]\n                },\n                {\n                  \"and\": [\n                    \"YYI699L\",\n                    \"BZS81*B\"\n                  ]\n                },\n                {\n                  \"or\": []\n                },\n                \"PB2*36S\"\n              ]\n            },\n            \"satisfy\": [\n              \"~W\\\\'cWk\"\n            ],\n            \"url\": \"https://5bm-ug-dm6nbcc-qww71gyuellj.dg7ll1u-zi--7x1qlfa-hy99mykg8n61gnp95v.gnn589vq5gc6bnhyingit9n-ukf58c3z.jtpp/hyb+;PsO///-ZfOAN+@/1/K)m.X\",\n            \"isSelectable\": true\n          },\n          \"rI^?&U\": {\n            \"name\": \"nvmLCS8J'q\",\n            \"assign\": [\n              \"1\",\n              \"jpP\",\n              \"Rkk\\\\8x\",\n              \"_]\\\\sY$\"\n            ],\n            \"match\": [\n              \"GJ64K\",\n              {\n                \"pattern\": \"AQN6x4\",\n                \"exclude\": [\n                  \"XRGx82D\",\n                  \"FRP45*5C\",\n                  \"KDZxH\"\n                ],\n                \"info\": \"W]xo_Y)Mc\"\n              },\n              {\n                \"or\": [\n                  {\n                    \"and\": []\n                  },\n                  \"PTW06\",\n                  {\n                    \"pattern\": \"WE0\",\n                    \"exclude\": [\n                      \"HW1842\",\n                      \"OQM5*4\",\n                      \"RUZx\"\n                    ],\n                    \"info\": \">N'\"\n                  },\n                  {\n                    \"or\": [\n                      {\n                        \"pattern\": \"AMD454N\",\n                        \"exclude\": [],\n                        \"info\": \" @Tjdm.\"\n                      }\n                    ]\n                  },\n                  \"TK9E\"\n                ]\n              },\n              {\n                \"and\": [\n                  {\n                    \"or\": [\n                      \"VO4xx1Q\",\n                      {\n                        \"pattern\": \"URS7504\",\n                        \"exclude\": \"DKQ9\",\n                        \"info\": \"Jx\"\n                      },\n                      {\n                        \"or\": [\n                          {\n                            \"and\": []\n                          }\n                        ]\n                      },\n                      {\n                        \"or\": [\n                          \"TLx2L\"\n                        ]\n                      }\n                    ]\n                  },\n                  \"SE37*D\",\n                  {\n                    \"or\": [\n                      \"XKHx\",\n                      \"YNZ073\",\n                      \"YE87X\",\n                      \"QEC353N\"\n                    ]\n                  },\n                  {\n                    \"pattern\": \"KGF7R\",\n                    \"exclude\": []\n                  },\n                  {\n                    \"or\": [\n                      \"SJJ83x\",\n                      {\n                        \"or\": [\n                          {\n                            \"and\": [\n                              \"VW4758R\",\n                              {\n                                \"or\": [\n                                  \"AJ5954I\",\n                                  \"HSF9\",\n                                  \"ABT06G\",\n                                  \"IPU0*3\",\n                                  {\n                                    \"or\": [\n                                      \"FTY98*\",\n                                      \"OGS9\",\n                                      \"FSF9H\",\n                                      \"QO*336O\",\n                                      {\n                                        \"or\": [\n                                          \"YO7I\",\n                                          \"XLM275\",\n                                          \"HO4E\"\n                                        ]\n                                      }\n                                    ]\n                                  }\n                                ]\n                              },\n                              \"YF68C\"\n                            ]\n                          },\n                          {\n                            \"or\": [\n                              \"CME901M\",\n                              \"NM208x\",\n                              \"ZF2\",\n                              \"SWD8*30L\",\n                              \"PH45\"\n                            ]\n                          },\n                          \"WKU1Q\",\n                          \"VM*7*9U\",\n                          \"IBS8P\"\n                        ]\n                      }\n                    ]\n                  }\n                ]\n              }\n            ],\n            \"url\": \"http://g.mw.lpsqm/I(C;)7_/+!:WT@x%F2%83%B0%BD_R/T43//PSkQ%F0%B3%A4%AE!+S/0lzT/\",\n            \"info\": \"HSMw,\",\n            \"isSelectable\": true\n          },\n          \"o\": {\n            \"name\": \"i[J\",\n            \"ay\": 1996,\n            \"assign\": \"\",\n            \"match\": {\n              \"or\": [\n                {\n                  \"and\": []\n                },\n                {\n                  \"pattern\": \"KCY383x\",\n                  \"exclude\": \"PWB*5J\",\n                  \"info\": \"'<&`mw%LNj\"\n                },\n                {\n                  \"pattern\": \"JK5P\",\n                  \"exclude\": [\n                    \"QLL9\"\n                  ],\n                  \"info\": \"T]sqJ+{\\\\\"\n                }\n              ]\n            },\n            \"satisfy\": [\n              \"\"\n            ],\n            \"url\": \"https://h4bks528ol50tng3-dw9u3ram522u84tg-zp1izvt3wa24w.u.ga-7pvqfq9oiu5wnjw20c3mds56cc6ptr.kl98sajrp5ie64zs3lrc-256lq43y2f8endyewxc58v219uzd1fqxkewdo.ns/i8!q,4&!z_/bH%F0%9C%A9%85f6I6y/7,/j6@1$%F3%B0%B8%8Eb:dN//N!Y~O_K//&0%F3%85%9B%ACNB1!q/,C-ZEu:XJJ\",\n            \"isSelectable\": true\n          }\n        },\n        \"JS\": {\n          \"name\": \"@q/?%/5I\",\n          \"ay\": 2001,\n          \"assign\": \"fB|.u&\",\n          \"match\": [\n            {\n              \"or\": [\n                \"XI0*\",\n                {\n                  \"and\": [\n                    \"FJP*4\",\n                    {\n                      \"and\": [\n                        \"WV559F\",\n                        \"LV767*\"\n                      ]\n                    },\n                    \"RA1x99V\",\n                    \"KP00\",\n                    \"SC70\"\n                  ]\n                },\n                \"DQL388C\"\n              ]\n            },\n            {\n              \"or\": [\n                {\n                  \"pattern\": \"PPO7x*L\",\n                  \"exclude\": [\n                    \"GWP93X\",\n                    \"FC7360\",\n                    \"PS0xR\",\n                    \"FK*F\",\n                    \"OTWxX\"\n                  ],\n                  \"info\": \"<\"\n                },\n                {\n                  \"or\": [\n                    \"FV45W\",\n                    \"YQK*x4O\",\n                    \"HFL5N\"\n                  ]\n                }\n              ]\n            }\n          ],\n          \"satisfy\": {\n            \"mc\": \"<=5\"\n          },\n          \"url\": \"https://c6fj429xf4iweyx-5rembr3tugg8ucm0tcmk5f908eel1izw1ij.l-6-2veocl4k3t86feun.hwbyq//Oq%F0%9F%AA%ABi!29/_%EF%90%B46jKo%F1%91%95%ACv;/bskU%F0%AD%B1%A5X2cG/2E4B)/Q7//C18ZQUh/6BvNB%F2%88%A3%B7Nc\",\n          \"info\": \"\",\n          \"isSelectable\": true\n        }\n      },\n      \"fE\": {\n        \"name\": \"`gzK\",\n        \"ay\": 1964,\n        \"assign\": [\n          \"x\"\n        ],\n        \"match\": [\n          \"YOQ5\",\n          {\n            \"pattern\": \"JIH71xE\",\n            \"exclude\": \"WH7Z\",\n            \"info\": \"|CgI:'G\"\n          },\n          {\n            \"and\": [\n              {\n                \"or\": [\n                  \"KCG18Z\",\n                  \"FP8Y\",\n                  {\n                    \"and\": [\n                      {\n                        \"pattern\": \"VC025\",\n                        \"exclude\": \"AR2961H\",\n                        \"info\": \"r}_pQfq:Rw\"\n                      },\n                      {\n                        \"and\": [\n                          \"ION3x\",\n                          \"BY815\"\n                        ]\n                      },\n                      {\n                        \"or\": [\n                          \"NZZ85*0\",\n                          {\n                            \"or\": [\n                              \"YBO63xW\",\n                              \"AQR626\"\n                            ]\n                          },\n                          \"XV634\",\n                          {\n                            \"or\": [\n                              \"VT998\",\n                              \"YC2\",\n                              \"UO5493V\",\n                              {\n                                \"or\": [\n                                  \"WJ7T\",\n                                  \"IH0660\"\n                                ]\n                              },\n                              \"XST1V\"\n                            ]\n                          },\n                          \"NN584O\"\n                        ]\n                      },\n                      {\n                        \"pattern\": \"DHB1x98Z\",\n                        \"exclude\": [\n                          \"XTP*x86K\"\n                        ],\n                        \"info\": \"kA}`c<<+Z\"\n                      },\n                      \"BZ*9*\"\n                    ]\n                  },\n                  \"CK2C\"\n                ]\n              },\n              {\n                \"or\": [\n                  \"KLK00\",\n                  \"PWD449\",\n                  {\n                    \"or\": []\n                  },\n                  \"NJ*794O\"\n                ]\n              },\n              {\n                \"and\": [\n                  \"IPBx\",\n                  \"UZZ755\",\n                  \"ZFV86\",\n                  {\n                    \"or\": [\n                      \"CONx19\",\n                      {\n                        \"pattern\": \"OR6xN\",\n                        \"exclude\": [],\n                        \"info\": \"q_6v\"\n                      }\n                    ]\n                  },\n                  \"GHJ47\"\n                ]\n              },\n              {\n                \"pattern\": \"WNJ6J\"\n              }\n            ]\n          },\n          {\n            \"or\": [\n              \"DIR05H\",\n              {\n                \"or\": [\n                  \"YJE*72xU\",\n                  {\n                    \"pattern\": \"VSJ5\",\n                    \"exclude\": \"ZY28I\",\n                    \"info\": \"%c%*\"\n                  },\n                  {\n                    \"or\": [\n                      \"MXZ3x49\",\n                      \"ZJU*96Q\",\n                      {\n                        \"and\": [\n                          {\n                            \"and\": []\n                          },\n                          \"PU21L\",\n                          \"NYB526D\"\n                        ]\n                      },\n                      \"XJF*13\",\n                      {\n                        \"or\": [\n                          \"VM709L\",\n                          \"DRUx\",\n                          \"NK03\"\n                        ]\n                      }\n                    ]\n                  },\n                  {\n                    \"and\": [\n                      {\n                        \"pattern\": \"CJF1109N\",\n                        \"exclude\": [],\n                        \"info\": \"\\\"/o  :R`\"\n                      },\n                      \"LCX655\",\n                      \"YL27M\",\n                      {\n                        \"or\": []\n                      }\n                    ]\n                  },\n                  \"XLB67L\"\n                ]\n              }\n            ]\n          },\n          {\n            \"or\": [\n              \"PI506\"\n            ]\n          }\n        ],\n        \"satisfy\": [\n          {\n            \"or\": [\n              {\n                \"or\": []\n              },\n              \"^H8$q\"\n            ]\n          },\n          {\n            \"or\": []\n          },\n          {\n            \"or\": [\n              \"{^P&O\",\n              {\n                \"mc\": \"<=87\"\n              }\n            ]\n          },\n          {\n            \"mc\": \">=4\"\n          },\n          {\n            \"and\": [\n              {\n                \"and\": [\n                  {\n                    \"and\": [\n                      {\n                        \"mc\": \"<=145\"\n                      },\n                      {\n                        \"or\": [\n                          \"h:&tJ\",\n                          \"E#v#(\"\n                        ]\n                      },\n                      {\n                        \"mc\": \"<=43\"\n                      }\n                    ]\n                  },\n                  \"\"\n                ]\n              },\n              {\n                \"mc\": \">=179\"\n              },\n              {\n                \"or\": [\n                  \"<CUv;g7eJ\",\n                  \"H2uAE9\",\n                  {\n                    \"or\": [\n                      \"(\"\n                    ]\n                  },\n                  \"eC+iPmn7i=\"\n                ]\n              }\n            ]\n          }\n        ],\n        \"url\": \"https://d-zwzh6ksnylmvcusetsx5y3sshu.jievlbyhanbsum91hcp-3eaec3.kqjxg\",\n        \"info\": \"zvkQwh\",\n        \"isSelectable\": true,\n        \"MFT,Aa2\": {\n          \"ay\": 2000,\n          \"assign\": \"vZ\",\n          \"match\": [],\n          \"satisfy\": {\n            \"or\": []\n          },\n          \"url\": \"http://i7bsajbpyirsaodje1di-6k.lzmnsuc.5pue2c.ug72cn-kr3383w86-e7f75.qtylj3-jvfqboq2y98.zqtt/V=Gqk/*/JbA,=R~To/9d/BkM/';$J2~x!=,/i88qc(/N8/&)8\",\n          \"info\": \"#\",\n          \"isSelectable\": true\n        },\n        \";>4\": {\n          \"ay\": 1998,\n          \"satisfy\": [\n            {\n              \"or\": []\n            }\n          ],\n          \"info\": \"uJ*L\"\n        },\n        \"{'L2^k(\": {\n          \"ay\": 1992,\n          \"assign\": [\n            \"}b\\\\uDcO\"\n          ],\n          \"match\": [\n            \"XER74G\"\n          ],\n          \"satisfy\": {\n            \"or\": [\n              {\n                \"mc\": \">=129\"\n              },\n              {\n                \"or\": [\n                  {\n                    \"mc\": \">=139\"\n                  },\n                  {\n                    \"mc\": \"<=4\"\n                  },\n                  {\n                    \"or\": []\n                  }\n                ]\n              },\n              {\n                \"and\": [\n                  \"y\\\\nd\",\n                  {\n                    \"mc\": \"<=77\"\n                  }\n                ]\n              },\n              {\n                \"mc\": \"<=112\"\n              },\n              {\n                \"or\": [\n                  {\n                    \"mc\": \">=53\"\n                  },\n                  {\n                    \"mc\": \"<=169\"\n                  },\n                  \"4rb\"\n                ]\n              }\n            ]\n          },\n          \"info\": \"Y@iVKrfC\",\n          \">ls\": {\n            \"name\": \"a;_tZ5N@w8\",\n            \"ay\": 1958,\n            \"assign\": [\n              \"=+9WUM/%\"\n            ],\n            \"match\": {\n              \"pattern\": \"HO5Z\",\n              \"exclude\": \"MMR5M\",\n              \"info\": \",%\"\n            },\n            \"satisfy\": [\n              {\n                \"or\": [\n                  {\n                    \"or\": [\n                      {\n                        \"or\": []\n                      }\n                    ]\n                  },\n                  {\n                    \"and\": [\n                      \".=Icf!s\"\n                    ]\n                  },\n                  {\n                    \"or\": [\n                      {\n                        \"and\": [\n                          {\n                            \"mc\": \"<=70\"\n                          },\n                          {\n                            \"and\": []\n                          }\n                        ]\n                      },\n                      \"_AV/*B\",\n                      \"]\\\\d+\"\n                    ]\n                  },\n                  {\n                    \"and\": [\n                      \"\\\"oRzzq\",\n                      {\n                        \"or\": []\n                      },\n                      \"@<c&hd.9x\",\n                      \"dl+Hg\"\n                    ]\n                  }\n                ]\n              },\n              {\n                \"mc\": \"<=13\"\n              },\n              {\n                \"and\": [\n                  \"8T\",\n                  {\n                    \"and\": []\n                  },\n                  {\n                    \"and\": [\n                      {\n                        \"or\": [\n                          \"y5?*VWG}\",\n                          \"PaCY\",\n                          \"H{5m\\\\\"\n                        ]\n                      }\n                    ]\n                  },\n                  \"wq\",\n                  {\n                    \"and\": [\n                      \"bY\"\n                    ]\n                  }\n                ]\n              },\n              {\n                \"and\": [\n                  {\n                    \"or\": [\n                      \"\",\n                      \"p-(:Us\",\n                      {\n                        \"or\": []\n                      },\n                      {\n                        \"mc\": \">=9\"\n                      },\n                      \"<GC\"\n                    ]\n                  },\n                  {\n                    \"or\": [\n                      \"#Rv\",\n                      {\n                        \"mc\": \">=139\"\n                      },\n                      {\n                        \"and\": []\n                      }\n                    ]\n                  },\n                  \"do/:GTmz\",\n                  \"\",\n                  {\n                    \"and\": [\n                      {\n                        \"or\": [\n                          \"\\\\HnpgRsW\",\n                          \" y\\\"r,Ir-\",\n                          \"M?\",\n                          \"^G.``,TZ\",\n                          \"\"\n                        ]\n                      },\n                      \"57\",\n                      {\n                        \"and\": [\n                          {\n                            \"or\": []\n                          },\n                          \"L&a:r;(-hT\",\n                          \"Yr@)@\\\"\",\n                          \"K81<Pu7b:\",\n                          {\n                            \"and\": [\n                              {\n                                \"or\": [\n                                  \"I\",\n                                  \"Fna\",\n                                  \"M'\",\n                                  \"59lZcKJ[<\",\n                                  \"E\"\n                                ]\n                              },\n                              \"$CT]ro_\",\n                              \"\",\n                              \")4#4]q\"\n                            ]\n                          }\n                        ]\n                      },\n                      \"X;U?V}E\"\n                    ]\n                  }\n                ]\n              }\n            ],\n            \"url\": \"http://7zpmy3wcqrhhbuxgutg-4mtnjoicyxw4g7hmjm.r0i2-eqxfril1eqgw5ud82w2h9yokg4ytadz7a3hebqh6oa7jobaurh8fl.9c953qq1oymev0gs2gxt5xs---c6rifvmbiosmuidtsu.iwygon/Vt%F3%82%96%AAYb(bG/:w_/KFR:/5r\",\n            \"isSelectable\": true,\n            \"TVAzb-V\": {\n              \"name\": \"1Yp\",\n              \"ay\": 2017,\n              \"assign\": [\n                \"m<#JJ\",\n                \"0bb|kUsQ\",\n                \"P\\\\Q|0\",\n                \"gFj]KSX \",\n                \"EM=Mo~q\"\n              ],\n              \"match\": [\n                {\n                  \"pattern\": \"IFA37M\",\n                  \"exclude\": [\n                    \"UF1249L\",\n                    \"TT51*\",\n                    \"YI80\",\n                    \"XZ2\",\n                    \"AC**x\"\n                  ],\n                  \"info\": \":G$^*m,B2i\"\n                },\n                {\n                  \"and\": []\n                },\n                \"RW0416W\",\n                \"MZ7*I\",\n                {\n                  \"or\": [\n                    {\n                      \"pattern\": \"GFJ188\",\n                      \"exclude\": \"CKL300\",\n                      \"info\": \"?`e`<U\"\n                    },\n                    {\n                      \"pattern\": \"XR517O\",\n                      \"exclude\": [\n                        \"HI9010\",\n                        \"WFFx9*R\",\n                        \"BJx044\"\n                      ],\n                      \"info\": \"RIh-V1TV\"\n                    },\n                    \"ZO56*3\",\n                    \"TST2960M\"\n                  ]\n                }\n              ],\n              \"satisfy\": [\n                {\n                  \"mc\": \"<=169\"\n                }\n              ],\n              \"url\": \"https://405fvd42hbtrnztytpti72nnoryh72o3-u-5b0z33bwrbixps320ex97w4yj5g.a.w5aofcaqxz972o3ua3we-0dc2.vikjuzgr/%F1%B3%85%98DI%F2%A8%84%85/0GtP.&\",\n              \"isSelectable\": true\n            },\n            \"\": {\n              \"name\": \" I\",\n              \"ay\": 2028,\n              \"match\": \"BEA2Y\",\n              \"info\": \"'7vQy\",\n              \"isSelectable\": true\n            }\n          },\n          \"=\": {\n            \"ay\": 1993,\n            \"assign\": \"^.$0/S:\",\n            \"match\": [\n              \"WG9L\",\n              {\n                \"or\": [\n                  {\n                    \"pattern\": \"VHP506\",\n                    \"exclude\": [\n                      \"QNL912A\"\n                    ],\n                    \"info\": \"'EB4ep9~l)\"\n                  },\n                  {\n                    \"or\": [\n                      {\n                        \"pattern\": \"EP6R\",\n                        \"exclude\": [],\n                        \"info\": \"~2wC$\"\n                      },\n                      {\n                        \"pattern\": \"QM8229P\",\n                        \"info\": \"\"\n                      },\n                      {\n                        \"or\": [\n                          \"WGZ92\",\n                          {\n                            \"pattern\": \"FHC7C\",\n                            \"exclude\": [\n                              \"TT490\",\n                              \"JVA800J\"\n                            ]\n                          }\n                        ]\n                      }\n                    ]\n                  },\n                  {\n                    \"or\": [\n                      \"EZ87B\"\n                    ]\n                  },\n                  {\n                    \"pattern\": \"ADY39Q\",\n                    \"exclude\": [\n                      \"MUQ3**2U\",\n                      \"IHY3xx7O\",\n                      \"SVG46\"\n                    ]\n                  },\n                  {\n                    \"or\": [\n                      {\n                        \"or\": [\n                          {\n                            \"or\": [\n                              {\n                                \"or\": [\n                                  \"UE14\"\n                                ]\n                              },\n                              \"WP7855\"\n                            ]\n                          }\n                        ]\n                      },\n                      \"EOF6\"\n                    ]\n                  }\n                ]\n              },\n              {\n                \"or\": [\n                  \"EZ*6\",\n                  \"LJG6\",\n                  {\n                    \"or\": [\n                      {\n                        \"or\": [\n                          \"OO*x0xI\",\n                          {\n                            \"or\": [\n                              \"ETV7773\",\n                              {\n                                \"and\": [\n                                  \"HOT870\",\n                                  \"HC9T\"\n                                ]\n                              },\n                              {\n                                \"or\": [\n                                  \"MAB44\",\n                                  \"EVT7\",\n                                  \"WJL9801\",\n                                  \"DNxZ\",\n                                  \"TZ9x*\"\n                                ]\n                              },\n                              \"HZBx*x2M\",\n                              \"PPX4\"\n                            ]\n                          },\n                          {\n                            \"pattern\": \"CVV400H\",\n                            \"exclude\": [\n                              \"CGS7*\",\n                              \"TXNx4\",\n                              \"DZY*4\",\n                              \"ARV704N\"\n                            ],\n                            \"info\": \"8<DeW\\\\Ua9~\"\n                          }\n                        ]\n                      },\n                      \"BO2\",\n                      {\n                        \"pattern\": \"JIB0*44X\",\n                        \"exclude\": [],\n                        \"info\": \"^BD\\\" nu[u\"\n                      },\n                      \"QAI4\"\n                    ]\n                  },\n                  {\n                    \"and\": []\n                  }\n                ]\n              }\n            ],\n            \"satisfy\": [\n              {\n                \"and\": [\n                  {\n                    \"mc\": \">=200\"\n                  }\n                ]\n              },\n              {\n                \"or\": [\n                  \"(\",\n                  {\n                    \"or\": [\n                      \"k\",\n                      \"1%]u*<HVB\",\n                      \"i$W\"\n                    ]\n                  },\n                  \".*-`h>\",\n                  {\n                    \"mc\": \"<=101\"\n                  }\n                ]\n              }\n            ],\n            \"info\": \"eSs`3FZ\",\n            \"isSelectable\": true\n          },\n          \"g@]=\": {\n            \"name\": \"e.b\",\n            \"ay\": 2013,\n            \"assign\": [\n              \"?s_{-d\",\n              \",<eT1\",\n              \"plDKqUf\"\n            ],\n            \"match\": {\n              \"pattern\": \"PAW2I\",\n              \"exclude\": [\n                \"LF31x0L\",\n                \"EES*57I\"\n              ],\n              \"info\": \"l-}bCS\"\n            },\n            \"satisfy\": [\n              {\n                \"or\": [\n                  {\n                    \"and\": []\n                  },\n                  \"up\\\"<uL&\",\n                  {\n                    \"or\": [\n                      \"\",\n                      \"J{e0?{'o~\",\n                      \"\",\n                      \"r3\"\n                    ]\n                  },\n                  \"t.f/qv>sOR\",\n                  \"cS|%'L@{A6\"\n                ]\n              },\n              \"{kc\\\\#|O?\"\n            ],\n            \"info\": \"G=j-\",\n            \"isSelectable\": true\n          }\n        },\n        \"e/g|y#}\": {\n          \"name\": \"k|pWZ%(&h*\",\n          \"ay\": 1964,\n          \"assign\": \"T98afh\",\n          \"match\": {\n            \"or\": [\n              {\n                \"and\": [\n                  {\n                    \"pattern\": \"NAx3A\",\n                    \"info\": \"9H?A?\"\n                  },\n                  {\n                    \"and\": [\n                      \"IYF3x9\",\n                      \"UVF*4\",\n                      \"MVY0281\",\n                      {\n                        \"or\": [\n                          \"GVR39H\",\n                          \"ZQ70\",\n                          \"BVW*2\",\n                          \"MT76x7D\",\n                          \"QF61\"\n                        ]\n                      }\n                    ]\n                  },\n                  \"LZQ1\"\n                ]\n              },\n              {\n                \"pattern\": \"NY13U\",\n                \"exclude\": [\n                  \"EFVx24*L\",\n                  \"CEZ511\",\n                  \"XE379\",\n                  \"EJTxx21W\"\n                ],\n                \"info\": \"urk\"\n              },\n              \"XAE1\"\n            ]\n          },\n          \"url\": \"https://1rfh4nlda154li4vjw4plkns-x3jxtp6jnshq3e97j-cobqizur103bq.7ldlvce41tero2nk51stddbks46ucycdqlp9h619j50zshjgrgri5s.l610mvwrp06dqz8ioz5957oomh2iw-1xnqy3b-ypa.ucesh4vvkry3bdxrphxab3lwrcrzt0i2.itvbzqh0e5644cr99t3oopqt32.ukcsqjrcj/JX9jvx~O/0+/Epo+Ne///FyE(vy9%F3%A4%8B%83%F1%96%BE%AAD/1_cGFweh(;\",\n          \"info\": \"t08#d%\",\n          \"isSelectable\": true\n        }\n      },\n      \"T1.9.Am2\": {\n        \"name\": \"mp7|jH1>\",\n        \"ay\": 1972,\n        \"assign\": [\n          \"G`x}<}H5\",\n          \"inS<lY,nhS\",\n          \"<P[279FyO\",\n          \"%1\"\n        ],\n        \"match\": {\n          \"or\": [\n            {\n              \"pattern\": \"NUS841V\",\n              \"exclude\": [\n                \"OYF73Y\",\n                \"MZ1H\",\n                \"BJA766P\"\n              ],\n              \"info\": \"4z|G\"\n            }\n          ]\n        },\n        \"satisfy\": [\n          {\n            \"or\": [\n              {\n                \"mc\": \">=128\"\n              },\n              {\n                \"and\": [\n                  {\n                    \"or\": []\n                  }\n                ]\n              }\n            ]\n          },\n          {\n            \"mc\": \"<=73\"\n          },\n          \"\",\n          \"?\",\n          {\n            \"or\": [\n              \"p7\",\n              \"\",\n              \"G`d8l#% @\",\n              {\n                \"and\": [\n                  \"j\"\n                ]\n              },\n              \"'[gb4Q N\"\n            ]\n          }\n        ],\n        \"url\": \"https://tlwtqb1u9lsubn3u98na.zptlz/%E8%A1%9A/eC%F1%BD%93%BB@vaM/x~SFAO!%F3%B3%9D%A5eA/K~Cw4;%F3%B6%BF%95\",\n        \"info\": \"OkDP)\",\n        \"isSelectable\": true\n      },\n      \"Rzd0'PF\": {\n        \"name\": \"\",\n        \"ay\": 2017,\n        \"assign\": [\n          \"8#D\",\n          \"AZ=u2!J/D\"\n        ],\n        \"satisfy\": [],\n        \"url\": \"https://qu4wy60kwtobgyv3apd38l9q3jkq9n-ydj0z3isav.6zbb6sr2qtl1oiv1mxg06ddu8r4wzb.fy02wd44v-toej7snw.loy6syyfmwkmvnujax-8lrdg5r3yaw41y6etrr.65izx4jxad7pr.tmhqglg/Js/+/QJ%F2%8C%AB%B3:B!%F0%AF%9F%81\",\n        \"info\": \"y(,K\",\n        \"isSelectable\": true,\n        \"819R\": {\n          \"name\": \"EC>i*tf\",\n          \"ay\": 2010,\n          \"assign\": \"2uSB\",\n          \"match\": [],\n          \"satisfy\": {\n            \"and\": []\n          },\n          \"url\": \"https://7n-li3ne-6aoakcaiq-m7k9to9v7m9mxza.o.xmmt1quto9jwzzz701ibrbf-m8-alia.o9b9ozcqaosro-qgjqv05-o74ksu002m4n3rmd-11juxpmxpm6p84z7gblkw.bfacdrba/WE5uDn/KR$B7+%F3%B7%A5%8F6D3/DHf=/C/M3(f(7%F3%8D%B3%B7/dH8SlPNs/-p'nQ/%F0%91%B2%AB1fT@%F1%BE%BD%A9Cb/lVQKT&%F3%A4%80%BC\"\n        }\n      }\n    }\n  },\n  {\n    \"title\": \"block sample 5\",\n    \"value\": {\n      \"name\": \"/kN=\",\n      \"ay\": 2027,\n      \"assign\": \"x \",\n      \"match\": [],\n      \"satisfy\": [\n        \"oT$A]\"\n      ],\n      \"url\": \"https://09jw5.6vm8brhyhsghe0r4d3notogqllp4o8fnl9lnt5sklqyyqenkv-15shssogwxrx6.f70b9zb-lfacbsakaebwu7.wgbildi/@9/r%F2%B1%9B%99%EB%AF%929i=Q/eh~/t/%F2%8E%92%A2v240%F1%A2%85%87W/%F3%83%98%86cf/ge3/:g;j,;/Cm/\",\n      \"info\": \"{-A\"\n    }\n  },\n  {\n    \"title\": \"block sample 6\",\n    \"value\": {\n      \"name\": \"y,Gx\",\n      \"ay\": 1992,\n      \"assign\": \"{LJ|z& \",\n      \"match\": {\n        \"or\": [\n          \"JFH980\"\n        ]\n      },\n      \"satisfy\": [],\n      \"url\": \"https://t.dfyzc5ac3fwe-efed69.neevwd/,vr/vR/):QoL%F1%91%9C%AE_a/WHblr94w+/+mYr%F1%9B%99%83oH/YP%F3%91%9B%BDHTZyg%F2%BA%B0%BA\",\n      \"info\": \" \",\n      \"isSelectable\": true,\n      \"QM3I?Q\": {\n        \"name\": \"]m.W\",\n        \"ay\": 1969,\n        \"assign\": \"?j=eL^k_?S\",\n        \"match\": [\n          {\n            \"or\": []\n          },\n          {\n            \"or\": [\n              {\n                \"and\": [\n                  {\n                    \"and\": []\n                  },\n                  {\n                    \"or\": [\n                      {\n                        \"and\": [\n                          \"TG0262I\"\n                        ]\n                      },\n                      \"WVL18L\",\n                      \"XI83\"\n                    ]\n                  },\n                  \"OHQ6x36\",\n                  \"DI309xE\"\n                ]\n              },\n              {\n                \"or\": [\n                  {\n                    \"and\": [\n                      {\n                        \"pattern\": \"NX2*\",\n                        \"exclude\": [\n                          \"ETX*2\",\n                          \"GJ81\",\n                          \"EDH8661A\"\n                        ],\n                        \"info\": \"co\"\n                      },\n                      \"CM2*7D\",\n                      \"LU167\",\n                      {\n                        \"pattern\": \"QQY31x5\",\n                        \"exclude\": \"QFM430J\",\n                        \"info\": \"hASH\"\n                      }\n                    ]\n                  },\n                  {\n                    \"or\": [\n                      \"UT*3\",\n                      \"TF796\",\n                      \"YZEx2*3\"\n                    ]\n                  },\n                  {\n                    \"or\": [\n                      \"JMP0K\",\n                      {\n                        \"or\": [\n                          \"UD09\",\n                          {\n                            \"pattern\": \"FL509xV\",\n                            \"exclude\": \"OT86\",\n                            \"info\": \"Rb\"\n                          },\n                          {\n                            \"or\": [\n                              \"YG7*G\",\n                              \"QD6\",\n                              {\n                                \"and\": [\n                                  \"ES562x\",\n                                  \"ERR867\",\n                                  \"CSG46G\",\n                                  \"KAT560T\",\n                                  \"LQ88L\"\n                                ]\n                              }\n                            ]\n                          },\n                          {\n                            \"and\": [\n                              \"HQM2211\",\n                              \"ZO7205\"\n                            ]\n                          }\n                        ]\n                      }\n                    ]\n                  },\n                  {\n                    \"or\": [\n                      \"SQ85P\",\n                      \"UIX21Q\",\n                      {\n                        \"or\": []\n                      },\n                      \"MGR4230K\"\n                    ]\n                  }\n                ]\n              },\n              \"RUA25\",\n              {\n                \"and\": [\n                  \"EE6H\",\n                  \"UR4*0\"\n                ]\n              },\n              {\n                \"or\": [\n                  \"PA70*9\",\n                  {\n                    \"and\": []\n                  },\n                  \"WYD53x*\"\n                ]\n              }\n            ]\n          },\n          {\n            \"or\": [\n              \"BEH9xO\",\n              {\n                \"or\": [\n                  {\n                    \"pattern\": \"YJG972S\",\n                    \"exclude\": [\n                      \"HBN3U\",\n                      \"XT*\"\n                    ],\n                    \"info\": \"rBmc,`GG\"\n                  },\n                  \"UIY305\",\n                  \"AR82x\"\n                ]\n              }\n            ]\n          },\n          {\n            \"or\": [\n              \"MXGx08A\",\n              {\n                \"or\": [\n                  {\n                    \"or\": [\n                      {\n                        \"or\": [\n                          \"JL82E\",\n                          \"SW90X\",\n                          \"JDY692\",\n                          {\n                            \"or\": [\n                              \"RP338C\",\n                              \"AY1686\"\n                            ]\n                          },\n                          \"GWX48O\"\n                        ]\n                      },\n                      {\n                        \"or\": [\n                          \"LXH665\",\n                          \"JJ3616L\",\n                          \"QV9\",\n                          {\n                            \"and\": [\n                              \"OX1x59Y\",\n                              \"PRU24\",\n                              \"JRP2x0E\"\n                            ]\n                          },\n                          {\n                            \"and\": [\n                              \"HAZx186\",\n                              \"IIB46I\",\n                              {\n                                \"pattern\": \"XAFxB\",\n                                \"exclude\": [\n                                  \"OS71x\",\n                                  \"JXO7x8Y\",\n                                  \"HLQ5051\"\n                                ],\n                                \"info\": \"}o7:u E1\"\n                              },\n                              \"VBT40E\",\n                              \"NNC2*L\"\n                            ]\n                          }\n                        ]\n                      }\n                    ]\n                  }\n                ]\n              }\n            ]\n          },\n          \"JWU607Y\"\n        ],\n        \"satisfy\": \"Z n14\",\n        \"url\": \"http://nnyj32hgl6-k721jn.dku/R/%F2%AD%A2%A4c-CtDrl/FVP1O/ptIvmu:Zt/,tingWEb*/Z4LcaO@\",\n        \"info\": \"e\\\\ggc'[\",\n        \"isSelectable\": true\n      }\n    }\n  },\n  {\n    \"title\": \"block sample 7\",\n    \"value\": {\n      \"ay\": 2024,\n      \"assign\": \"/!1\",\n      \"url\": \"http://f98bjdrdre-pwch8gn577feh6aela1d4dgeg.xrfbec051bhcjff095fa8b3-dudjby91f.ndc16bial-e-577635cedfa0895e4lb3fauc9fef7d5yeho3.e.un\",\n      \"info\": \"\"\n    }\n  },\n  {\n    \"title\": \"block sample 8\",\n    \"value\": {\n      \"ay\": 1954,\n      \"assign\": [\n        \"OpeC,(/VU\"\n      ],\n      \"match\": [\n        {\n          \"or\": [\n            {\n              \"and\": [\n                {\n                  \"pattern\": \"UEZ535C\",\n                  \"exclude\": \"PNK873\",\n                  \"info\": \"\"\n                },\n                \"CNR54\",\n                \"HO86X\"\n              ]\n            },\n            \"LYG0033\",\n            \"OSM057A\"\n          ]\n        },\n        {\n          \"and\": [\n            {\n              \"or\": []\n            },\n            \"GH10\",\n            \"MP*41\",\n            {\n              \"pattern\": \"JLW80x4L\",\n              \"exclude\": [\n                \"RPT92\",\n                \"CL743P\",\n                \"HOT6xB\"\n              ],\n              \"info\": \".>RTg>\"\n            },\n            {\n              \"or\": [\n                {\n                  \"pattern\": \"ZO13\",\n                  \"exclude\": \"TBBxxx\",\n                  \"info\": \"V16^\"\n                },\n                {\n                  \"pattern\": \"VV954\",\n                  \"exclude\": [\n                    \"DYV2\",\n                    \"SPB89P\"\n                  ],\n                  \"info\": \"Wi2U'$\"\n                },\n                {\n                  \"or\": []\n                },\n                \"VA25x\"\n              ]\n            }\n          ]\n        }\n      ],\n      \"satisfy\": [\n        {\n          \"and\": [\n            \"6)~H\",\n            \"1i\",\n            {\n              \"mc\": \"<=101\"\n            },\n            {\n              \"and\": []\n            },\n            \"2[9u~{,uaC\"\n          ]\n        },\n        \"B(iBo/MQ<\"\n      ],\n      \"url\": \"http://p.ia.4hjcf4vcnfcbcaa3e99.a8sxk65ec17pf9fensxyzbauxo92r3igskf77wc53tbd74tp7-rukd.coeq/,+T;.g(yf/4bxw$/L.Ev*H%F1%A1%AE%ACx/-M*/L%F0%B3%B7%96Dcn*j'/\",\n      \"info\": \"-Q.`$\",\n      \"isSelectable\": true\n    }\n  },\n  {\n    \"title\": \"block sample 9\",\n    \"value\": {\n      \"name\": \"ipR@N\",\n      \"ay\": 2026,\n      \"assign\": \"\",\n      \"match\": [\n        {\n          \"and\": []\n        },\n        {\n          \"or\": [\n            {\n              \"or\": [\n                {\n                  \"or\": []\n                },\n                \"BUF73x\",\n                \"XZR91\",\n                {\n                  \"pattern\": \"EVD2395\",\n                  \"exclude\": [],\n                  \"info\": \"SXFE3\"\n                },\n                {\n                  \"and\": [\n                    \"SP6I\",\n                    \"XII820\",\n                    {\n                      \"pattern\": \"CGN2\",\n                      \"exclude\": [\n                        \"TMX260\",\n                        \"MF45Y\",\n                        \"ND2*O\",\n                        \"VT7\",\n                        \"AS*G\"\n                      ]\n                    },\n                    \"PMU8P\"\n                  ]\n                }\n              ]\n            },\n            {\n              \"or\": [\n                {\n                  \"and\": [\n                    {\n                      \"pattern\": \"LAA1x05\",\n                      \"exclude\": \"LV*x80\"\n                    }\n                  ]\n                }\n              ]\n            },\n            {\n              \"and\": []\n            },\n            {\n              \"pattern\": \"QC*5\",\n              \"exclude\": \"LP8773\"\n            },\n            {\n              \"pattern\": \"DNU9351\",\n              \"exclude\": [\n                \"BW506\",\n                \"GSZ3L\",\n                \"PNV5C\",\n                \"AN629\"\n              ],\n              \"info\": \"2'w)o:xk\\\\\"\n            }\n          ]\n        },\n        \"RDK23\",\n        \"ZN5\"\n      ],\n      \"url\": \"http://af-9ix4fgr6oy-d.lgvdtfa/h,%F1%85%B3%81ac:Ki5/6/,=z.s(8*Z/l_/sjh4h7n~O!/%F3%B9%A7%80'K$\",\n      \"isSelectable\": true,\n      \"P`}G8P#Hn1\": {\n        \"name\": \"&.\",\n        \"ay\": 2024,\n        \"assign\": [\n          \"~JA|S2I\"\n        ],\n        \"match\": \"UH373Q\",\n        \"satisfy\": [\n          \"YFegPgn!\\\"\",\n          \"%,,\",\n          {\n            \"and\": [\n              {\n                \"or\": [\n                  {\n                    \"and\": [\n                      \"p&9Y\"\n                    ]\n                  },\n                  \"(t:o U6]\",\n                  {\n                    \"mc\": \">=157\"\n                  },\n                  {\n                    \"and\": [\n                      {\n                        \"mc\": \">=145\"\n                      },\n                      \":M\",\n                      \"\",\n                      \"eo1?\"\n                    ]\n                  }\n                ]\n              },\n              {\n                \"and\": []\n              },\n              \"u9/.\"\n            ]\n          },\n          {\n            \"mc\": \"<=154\"\n          }\n        ],\n        \"url\": \"http://4vif3lwb1t-1v5xi6t3a1q.2qrbx8vfokoxlrag3b9-wr3z8be.51fol087kh5o85lq39iouv5h51m36l5nxk3fu6x9t.bl/o%F4%89%8D%92%F3%9D%8C%96Ylregx/ut%F1%94%84%9ASF/5=i%F1%8D%A5%A02r/*J''-l'!/tTi%F0%95%85%98$.ij/B/KjqJFT!/gn'\",\n        \"info\": \"\",\n        \"isSelectable\": true\n      }\n    }\n  }\n]",
              "code": "fast_check_1.sample(index_test_2.block, 10).forEach((sample, i) => addContext_1.default(this, {\n    title: `block sample ${i}`,\n    value: sample,\n}));\nreturn fast_check_1.assert(fast_check_1.property(index_test_2.block, ajvValidate));",
              "err": {},
              "uuid": "ae890f2a-1435-4723-bb20-119a8ad72aa7",
              "parentUUID": "ccd70a8d-128f-411a-b750-8968d9957ed1",
              "isHook": false,
              "skipped": false
            },
            {
              "title": "should not validate non-object",
              "fullTitle": "blockSchema should not validate non-object",
              "timedOut": false,
              "duration": 2,
              "state": "passed",
              "speed": "fast",
              "pass": true,
              "fail": false,
              "pending": false,
              "context": null,
              "code": "const error = {\n    instancePath: \"\",\n    message: \"block should be an object\",\n};\nisInvalidBlock(null, error);\nisInvalidBlock(undefined, error);\nisInvalidBlock(10, error);\nisInvalidBlock([12, 24], error);\nisInvalidBlock(\"abc\", error);",
              "err": {},
              "uuid": "3ea7b2a4-177e-44a2-829a-3c2c20d27a12",
              "parentUUID": "ccd70a8d-128f-411a-b750-8968d9957ed1",
              "isHook": false,
              "skipped": false
            },
            {
              "title": "should not validate block with invalid properties",
              "fullTitle": "blockSchema should not validate block with invalid properties",
              "timedOut": false,
              "duration": 1,
              "state": "passed",
              "speed": "fast",
              "pass": true,
              "fail": false,
              "pending": false,
              "context": null,
              "code": "isInvalidBlock({\n        name: { foo: \"bar\" },\n        ay: -1000,\n        assign: {},\n        match: 1,\n        satisfy: 2,\n        url: { abc: \"def\" },\n        info: 42,\n        isSelectable: 32,\n    }, { instancePath: \"/name\", message: \"property 'name' should be a string\" }, {\n        instancePath: \"/ay\",\n        message: \"property 'ay' should be a positive integer\",\n    }, {\n        instancePath: \"/assign\",\n        message: \"property 'assign' should be either a block ID or an array of block IDs\",\n    }, {\n        instancePath: \"/match\",\n        message: \"property 'match' should be either a match rule or an array of match rules\",\n    }, {\n        instancePath: \"/satisfy\",\n        message: \"property 'satisfy' should be either a satisfy rule or an array of satisfy rules\",\n    }, { instancePath: \"/url\", message: \"property 'url' should be a string\" }, { instancePath: \"/info\", message: \"property 'info' should be a string\" }, {\n        instancePath: \"/isSelectable\",\n        message: \"property 'isSelectable' should be a boolean\",\n    })",
              "err": {},
              "uuid": "af76db74-68c1-4559-9e3b-2d451809a826",
              "parentUUID": "ccd70a8d-128f-411a-b750-8968d9957ed1",
              "isHook": false,
              "skipped": false
            }
          ],
          "suites": [],
[...]
              "isHook": false,
              "skipped": false
            },
            {
              "title": "should preserve list of modules with upper bound of MCs if total MC count is lower",
              "fullTitle": "inequalitySatisfier should preserve list of modules with upper bound of MCs if total MC count is lower",
              "timedOut": false,
              "duration": 0,
              "state": "passed",
              "speed": "fast",
              "pass": true,
              "fail": false,
              "pending": false,
              "context": null,
              "code": "const satisfier = satisfiers_1.inequalitySatisfier(ref, \"<=32\");\nsatisfier.should.have.property(\"filter\");\nconst { filter } = satisfier;\nisCorrectFilter(filter, modulesList1, modulesList1.map(([moduleStr]) => moduleStr));",
              "err": {},
              "uuid": "7accdf04-6090-41dc-be72-7a8a49927712",
              "parentUUID": "f7267624-78c4-4828-bb2a-5d877153a6ab",
              "isHook": false,
              "skipped": false
            },
            {
              "title": "should truncate list of modules with upper bound of MCs at exact cutoff if total MC count is higher and there exists some starting sequence with exact MC count",
              "fullTitle": "inequalitySatisfier should truncate list of modules with upper bound of MCs at exact cutoff if total MC count is higher and there exists some starting sequence with exact MC count",
              "timedOut": false,
              "duration": 0,
              "state": "passed",
              "speed": "fast",
              "pass": true,
              "fail": false,
              "pending": false,
              "context": null,
              "code": "const satisfier = satisfiers_1.inequalitySatisfier(ref, \"<=16\");\nsatisfier.should.have.property(\"filter\");\nconst { filter } = satisfier;\nisCorrectFilter(filter, modulesList1, [\n    \"CS2100\",\n    \"GER1000\",\n    \"CS2040S\",\n    \"ST2131\",\n]);",
              "err": {},
              "uuid": "04ad2e00-8a1b-4db9-a539-43fe6b825a47",
              "parentUUID": "f7267624-78c4-4828-bb2a-5d877153a6ab",
              "isHook": false,
              "skipped": false
            },
            {
              "title": "should truncate list of modules with upper bound of MCs, cutting off at the minimum starting sequence that exceeds upper bound, if total MC count is higher and there exists no starting sequence with exact MC count",
              "fullTitle": "inequalitySatisfier should truncate list of modules with upper bound of MCs, cutting off at the minimum starting sequence that exceeds upper bound, if total MC count is higher and there exists no starting sequence with exact MC count",
              "timedOut": false,
              "duration": 0,
              "state": "passed",
              "speed": "fast",
              "pass": true,
              "fail": false,
              "pending": false,
              "context": null,
              "code": "const satisfier = satisfiers_1.inequalitySatisfier(ref, \"<=17\");\nsatisfier.should.have.property(\"filter\");\nconst { filter } = satisfier;\nisCorrectFilter(filter, modulesList1, [\n    \"CS2100\",\n    \"GER1000\",\n    \"CS2040S\",\n    \"ST2131\",\n    \"MA1521\",\n]);",
              "err": {},
              "uuid": "117752de-d5ef-4978-823f-e3b738f3b63a",
              "parentUUID": "f7267624-78c4-4828-bb2a-5d877153a6ab",
              "isHook": false,
              "skipped": false
            }
          ],
          "suites": [],
          "passes": [
            "67ff4b15-692e-4b12-bb9d-2597d7792827",
            "dca23f10-0934-49d6-8dac-3e3d56f311df",
            "dcd91967-8863-4a78-ba97-e984348e624c",
            "cf550bf0-61d5-4522-b16d-302f7df44a4b",
            "7accdf04-6090-41dc-be72-7a8a49927712",
            "04ad2e00-8a1b-4db9-a539-43fe6b825a47",
            "117752de-d5ef-4978-823f-e3b738f3b63a"
          ],
          "failures": [],
          "pending": [],
          "skipped": [],
          "duration": 1,
          "root": false,
          "rootEmpty": false,
          "_timeout": 2000
        },
        {
          "uuid": "c40f140b-454a-4ac6-bd5e-814329160e31",
          "title": "inequalitySchema",
          "fullFile": "/home/runner/work/planwithus-lib/planwithus-lib/src/satisfyRule/inequality/schemas.test.ts",
          "file": "/src/satisfyRule/inequality/schemas.test.ts",
          "beforeHooks": [],
          "afterHooks": [],
          "tests": [
            {
              "title": "should validate inequality in the form <=n or >=n",
              "fullTitle": "inequalitySchema should validate inequality in the form <=n or >=n",
              "timedOut": false,
              "duration": 2,
              "state": "passed",
              "speed": "fast",
              "pass": true,
              "fail": false,
              "pending": false,
              "context": "[\n  {\n    \"title\": \"inequality sample 0\",\n    \"value\": \">=143\"\n  },\n  {\n    \"title\": \"inequality sample 1\",\n    \"value\": \">=2\"\n  },\n  {\n    \"title\": \"inequality sample 2\",\n    \"value\": \"<=116\"\n  },\n  {\n    \"title\": \"inequality sample 3\",\n    \"value\": \">=5\"\n  },\n  {\n    \"title\": \"inequality sample 4\",\n    \"value\": \">=199\"\n  },\n  {\n    \"title\": \"inequality sample 5\",\n    \"value\": \"<=137\"\n  },\n  {\n    \"title\": \"inequality sample 6\",\n    \"value\": \">=195\"\n  },\n  {\n    \"title\": \"inequality sample 7\",\n    \"value\": \">=150\"\n  },\n  {\n    \"title\": \"inequality sample 8\",\n    \"value\": \"<=8\"\n  },\n  {\n    \"title\": \"inequality sample 9\",\n    \"value\": \"<=161\"\n  }\n]",
              "code": "fast_check_1.sample(index_test_2.inequality, 10).forEach((sample, i) => addContext_1.default(this, {\n    title: `inequality sample ${i}`,\n    value: sample,\n}));\nreturn fast_check_1.assert(fast_check_1.property(index_test_2.inequality, ajvValidate));",
              "err": {},
              "uuid": "a595d6b1-a498-466f-b17a-b81a416e9947",
              "parentUUID": "c40f140b-454a-4ac6-bd5e-814329160e31",
              "isHook": false,
              "skipped": false
            },
            {
              "title": "should not validate inequality of invalid form",
              "fullTitle": "inequalitySchema should not validate inequality of invalid form",
              "timedOut": false,
              "duration": 2,
              "state": "passed",
              "speed": "fast",
              "pass": true,
              "fail": false,
              "pending": false,
              "context": null,
              "code": "[\n        \"\",\n        \"==23\",\n        \"23\",\n        \"<23\",\n        \">23\",\n        \"<=-1\",\n        \">=-1\",\n        \"<= 2\",\n        \">= 1\",\n        \"> 3\",\n        \"< 3\",\n        \"<=3a\",\n        \">=3a\",\n        \"a<=3\",\n        \"a>=3\",\n    ].forEach(isInvalidInequality)",
              "err": {},
              "uuid": "3d3b5939-fc1d-4dbd-8ab5-64d9e7670d87",
              "parentUUID": "c40f140b-454a-4ac6-bd5e-814329160e31",
              "isHook": false,
              "skipped": false
            }
          ],
          "suites": [],
          "passes": [
            "a595d6b1-a498-466f-b17a-b81a416e9947",
            "3d3b5939-fc1d-4dbd-8ab5-64d9e7670d87"
          ],
          "failures": [],
          "pending": [],
          "skipped": [],
          "duration": 4,
          "root": false,
          "rootEmpty": false,
          "_timeout": 2000
        },
        {
          "uuid": "e21cee2d-0e90-4078-b631-8fc24fa5cbf7",
          "title": "satisfyRuleSchema",
          "fullFile": "/home/runner/work/planwithus-lib/planwithus-lib/src/satisfyRule/schemas.test.ts",
          "file": "/src/satisfyRule/schemas.test.ts",
          "beforeHooks": [],
          "afterHooks": [],
          "tests": [
            {
              "title": "should validate satisfy rule with valid block id",
              "fullTitle": "satisfyRuleSchema should validate satisfy rule with valid block id",
              "timedOut": false,
              "duration": 1,
              "state": "passed",
              "speed": "fast",
              "pass": true,
              "fail": false,
              "pending": false,
              "context": null,
              "code": "fast_check_1.assert(fast_check_1.property(fast_check_1.string(), ajvValidate)",
              "err": {},
              "uuid": "835b68f1-fc53-4d28-85b7-7de418813866",
              "parentUUID": "e21cee2d-0e90-4078-b631-8fc24fa5cbf7",
              "isHook": false,
              "skipped": false
            },
            {
              "title": "should validate satisfy rules with valid mc",
              "fullTitle": "satisfyRuleSchema should validate satisfy rules with valid mc",
              "timedOut": false,
              "duration": 2,
              "state": "passed",
              "speed": "fast",
              "pass": true,
              "fail": false,
              "pending": false,
              "context": "[\n  {\n    \"title\": \"mcSatisfyRule sample 0\",\n    \"value\": {\n      \"mc\": \"<=1\"\n    }\n  },\n  {\n    \"title\": \"mcSatisfyRule sample 1\",\n    \"value\": {\n      \"mc\": \">=89\"\n    }\n  },\n  {\n    \"title\": \"mcSatisfyRule sample 2\",\n    \"value\": {\n      \"mc\": \"<=15\"\n    }\n  },\n  {\n    \"title\": \"mcSatisfyRule sample 3\",\n    \"value\": {\n      \"mc\": \">=143\"\n    }\n  },\n  {\n    \"title\": \"mcSatisfyRule sample 4\",\n    \"value\": {\n      \"mc\": \">=6\"\n    }\n  },\n  {\n    \"title\": \"mcSatisfyRule sample 5\",\n    \"value\": {\n      \"mc\": \"<=2\"\n    }\n  },\n  {\n    \"title\": \"mcSatisfyRule sample 6\",\n    \"value\": {\n      \"mc\": \"<=1\"\n    }\n  },\n  {\n    \"title\": \"mcSatisfyRule sample 7\",\n    \"value\": {\n      \"mc\": \"<=199\"\n    }\n  },\n  {\n    \"title\": \"mcSatisfyRule sample 8\",\n    \"value\": {\n      \"mc\": \"<=199\"\n    }\n  },\n  {\n    \"title\": \"mcSatisfyRule sample 9\",\n    \"value\": {\n      \"mc\": \"<=6\"\n    }\n  }\n]",
              "code": "fast_check_1.sample(index_test_2.mcSatisfyRule, 10).forEach((sample, i) => addContext_1.default(this, {\n    title: `mcSatisfyRule sample ${i}`,\n    value: sample,\n}));\nreturn fast_check_1.assert(fast_check_1.property(index_test_2.mcSatisfyRule, ajvValidate));",
              "err": {},
              "uuid": "bc3e9835-d52b-4291-9c63-e74f97e62327",
              "parentUUID": "e21cee2d-0e90-4078-b631-8fc24fa5cbf7",
              "isHook": false,
              "skipped": false
            },
            {
              "title": "should validate valid recursive satisfy rules",
              "fullTitle": "satisfyRuleSchema should validate valid recursive satisfy rules",
              "timedOut": false,
              "duration": 5,
              "state": "passed",
              "speed": "fast",
              "pass": true,
              "fail": false,
              "pending": false,
              "context": "[\n  {\n    \"title\": \"satisfyRule sample 0\",\n    \"value\": {\n      \"and\": [\n        \"T\",\n        {\n          \"or\": [\n            {\n              \"and\": [\n                \"}+&F#\"\n              ]\n            }\n          ]\n        },\n        {\n          \"mc\": \"<=96\"\n        },\n        {\n          \"and\": []\n        }\n      ]\n    }\n  },\n  {\n    \"title\": \"satisfyRule sample 1\",\n    \"value\": {\n      \"or\": []\n    }\n  },\n  {\n    \"title\": \"satisfyRule sample 2\",\n    \"value\": {\n      \"or\": [\n        \"~\",\n        \"g\"\n      ]\n    }\n  },\n  {\n    \"title\": \"satisfyRule sample 3\",\n    \"value\": {\n      \"and\": [\n        \"61i)p~VDX\",\n        {\n          \"or\": [\n            \"\\\":;\\\"Nb~#q\",\n            {\n              \"and\": [\n                \"\\\\l8q\",\n                \"AB00\",\n                {\n                  \"and\": []\n                }\n              ]\n            },\n            \"p!TI?ZN\",\n            {\n              \"and\": [\n                {\n                  \"mc\": \">=97\"\n                }\n              ]\n            },\n            \"=[HrW\"\n          ]\n        },\n        {\n          \"mc\": \"<=118\"\n        }\n      ]\n    }\n  },\n  {\n    \"title\": \"satisfyRule sample 4\",\n    \"value\": {\n      \"mc\": \"<=103\"\n    }\n  },\n  {\n    \"title\": \"satisfyRule sample 5\",\n    \"value\": {\n      \"and\": [\n        {\n          \"mc\": \"<=143\"\n        }\n      ]\n    }\n  },\n  {\n    \"title\": \"satisfyRule sample 6\",\n    \"value\": {\n      \"and\": [\n        {\n          \"and\": []\n        },\n        \"gir(\"\n      ]\n    }\n  },\n  {\n    \"title\": \"satisfyRule sample 7\",\n    \"value\": {\n      \"mc\": \"<=193\"\n    }\n  },\n  {\n    \"title\": \"satisfyRule sample 8\",\n    \"value\": {\n      \"mc\": \">=199\"\n    }\n  },\n  {\n    \"title\": \"satisfyRule sample 9\",\n    \"value\": {\n      \"mc\": \">=80\"\n    }\n  }\n]",
              "code": "fast_check_1.sample(index_test_2.satisfyRule, 10).forEach((sample, i) => addContext_1.default(this, {\n    title: `satisfyRule sample ${i}`,\n    value: sample,\n}));\nreturn fast_check_1.assert(fast_check_1.property(index_test_2.satisfyRule, ajvValidate));",
              "err": {},
              "uuid": "f8306e2b-9a3f-48af-9699-bcf98ca71ae7",
              "parentUUID": "e21cee2d-0e90-4078-b631-8fc24fa5cbf7",
              "isHook": false,
              "skipped": false
            },
            {
              "title": "should not validate non-string/object",
              "fullTitle": "satisfyRuleSchema should not validate non-string/object",
              "timedOut": false,
              "duration": 3,
              "state": "passed",
              "speed": "fast",
              "pass": true,
              "fail": false,
              "pending": false,
              "context": null,
              "code": "const error = {\n    instancePath: \"\",\n    message: \"satisfy rule should be either a string or an object\",\n};\nisInvalidRule(null, error);\nisInvalidRule(undefined, error);\nisInvalidRule(10, error);\nisInvalidRule([12, 24], error);",
              "err": {},
              "uuid": "f08114fe-9b2c-489c-864b-4986f8f26d3e",
              "parentUUID": "e21cee2d-0e90-4078-b631-8fc24fa5cbf7",
              "isHook": false,
              "skipped": false
            },
            {
              "title": "should not validate satisfy rules with extra properties",
              "fullTitle": "satisfyRuleSchema should not validate satisfy rules with extra properties",
              "timedOut": false,
              "duration": 0,
              "state": "passed",
              "speed": "fast",
              "pass": true,
              "fail": false,
              "pending": false,
              "context": null,
              "code": "isInvalidRule({\n        and: [\n            { or: [\"2k\"], abc: \"def\" },\n            { mc: 8, ghi: \"jkl\" },\n        ],\n        mno: \"pqr\",\n    }, {\n        instancePath: \"/and/0\",\n        message: \"or satisfy rule should have property 'or' only\",\n    }, {\n        instancePath: \"/and/1\",\n        message: \"MC satisfy rule should have property 'mc' only\",\n    }, {\n        instancePath: \"\",\n        message: \"and satisfy rule should have property 'and' only\",\n    })",
              "err": {},
              "uuid": "1cbc8c00-6af5-4d5d-97c8-f4ca8d4b59d6",
              "parentUUID": "e21cee2d-0e90-4078-b631-8fc24fa5cbf7",
              "isHook": false,
              "skipped": false
            },
            {
              "title": "should not validate ambiguous satisfy rules",
              "fullTitle": "satisfyRuleSchema should not validate ambiguous satisfy rules",
              "timedOut": false,
              "duration": 0,
              "state": "passed",
              "speed": "fast",
              "pass": true,
              "fail": false,
              "pending": false,
              "context": null,
              "code": "const message = \"satisfy rule should have only one of properties 'mc', 'and', 'or'\";\nisInvalidRule({\n    or: [\n        { mc: 5, and: [\"CS2040\"] },\n        { and: [{ and: [\"abc\"], or: [\"def\"] }] },\n    ],\n}, { instancePath: \"/or/0\", message }, { instancePath: \"/or/1/and/0\", message });",
              "err": {},
              "uuid": "9a98877f-2835-448b-bfe7-a38dc724813d",
              "parentUUID": "e21cee2d-0e90-4078-b631-8fc24fa5cbf7",
              "isHook": false,
              "skipped": false
            },
            {
              "title": "should not validate and satisfy rules with non-array property",
              "fullTitle": "satisfyRuleSchema should not validate and satisfy rules with non-array property",
              "timedOut": false,
              "duration": 0,
              "state": "passed",
              "speed": "fast",
              "pass": true,
              "fail": false,
              "pending": false,
              "context": null,
              "code": "const message = \"property 'and' should be an array of satisfy rules\";\nisInvalidRule({ or: [{ and: {} }, { or: [{ and: 3 }] }] }, { instancePath: \"/or/0/and\", message }, { instancePath: \"/or/1/or/0/and\", message });",
              "err": {},
              "uuid": "2c6aa275-2f5b-4fc7-b080-00b9803a0d7e",
              "parentUUID": "e21cee2d-0e90-4078-b631-8fc24fa5cbf7",
              "isHook": false,
              "skipped": false
            },
            {
              "title": "should not validate or satisfy rules with non-array property",
              "fullTitle": "satisfyRuleSchema should not validate or satisfy rules with non-array property",
              "timedOut": false,
              "duration": 0,
              "state": "passed",
              "speed": "fast",
              "pass": true,
              "fail": false,
              "pending": false,
              "context": null,
              "code": "const message = \"property 'or' should be an array of satisfy rules\";\nisInvalidRule({ and: [{ or: {} }, { and: [{ or: 3 }] }] }, { instancePath: \"/and/0/or\", message }, { instancePath: \"/and/1/and/0/or\", message });",
              "err": {},
              "uuid": "67878f5b-0aca-4146-914e-61b049e3631a",
              "parentUUID": "e21cee2d-0e90-4078-b631-8fc24fa5cbf7",
              "isHook": false,
              "skipped": false
            }
          ],
          "suites": [],
          "passes": [
            "835b68f1-fc53-4d28-85b7-7de418813866",
            "bc3e9835-d52b-4291-9c63-e74f97e62327",
            "f8306e2b-9a3f-48af-9699-bcf98ca71ae7",
            "f08114fe-9b2c-489c-864b-4986f8f26d3e",
            "1cbc8c00-6af5-4d5d-97c8-f4ca8d4b59d6",
            "9a98877f-2835-448b-bfe7-a38dc724813d",
            "2c6aa275-2f5b-4fc7-b080-00b9803a0d7e",
            "67878f5b-0aca-4146-914e-61b049e3631a"
          ],
          "failures": [],
          "pending": [],
          "skipped": [],
          "duration": 11,
          "root": false,
          "rootEmpty": false,
          "_timeout": 2000
        }
      ],
      "passes": [],
      "failures": [],
      "pending": [],
      "skipped": [],
      "duration": 0,
      "root": true,
      "rootEmpty": true,
      "_timeout": 2000
    }
  ],
  "meta": {
    "mocha": {
      "version": "9.0.2"
    },
    "mochawesome": {
      "options": {
        "quiet": false,
        "reportFilename": "mochawesome",
        "saveHtml": true,
        "saveJson": true,
        "consoleReporter": "spec",
        "useInlineDiffs": false,
        "code": true
      },
      "version": "6.2.2"
    },
    "marge": {
      "options": {
        "reportDir": "docs"
      },
      "version": "5.2.0"
    }
  }
}