{
  "stats": {
    "suites": 10,
    "tests": 48,
    "passes": 48,
    "pending": 0,
    "failures": 0,
    "start": "2021-09-13T10:12:52.686Z",
    "end": "2021-09-13T10:12:52.988Z",
    "duration": 302,
    "testsRegistered": 48,
    "passPercent": 100,
    "pendingPercent": 0,
    "other": 0,
    "hasOther": false,
    "skipped": 0,
    "hasSkipped": false
  },
  "results": [
    {
      "uuid": "b6c78f56-1b89-4ed3-b7f2-917e084c335f",
      "title": "",
      "fullFile": "",
      "file": "",
      "beforeHooks": [],
      "afterHooks": [],
      "tests": [],
      "suites": [
        {
          "uuid": "0c47a6e7-d34f-446e-a7cc-3e4cbf3ad1b2",
          "title": "initDirectories",
          "fullFile": "/home/runner/work/planwithus-lib/planwithus-lib/src/block/schemas.test.ts",
          "file": "/src/block/schemas.test.ts",
          "beforeHooks": [],
          "afterHooks": [],
          "tests": [
            {
              "title": "should parse all blocks with no errors",
              "fullTitle": "initDirectories should parse all blocks with no errors",
              "timedOut": false,
              "duration": 2,
              "state": "passed",
              "speed": "fast",
              "pass": true,
              "fail": false,
              "pending": false,
              "context": null,
              "code": "_1.initDirectories.should.not.throw()",
              "err": {},
              "uuid": "f166a390-c1fa-4128-9e4a-1ce6fef3d916",
              "parentUUID": "0c47a6e7-d34f-446e-a7cc-3e4cbf3ad1b2",
              "isHook": false,
              "skipped": false
            },
            {
              "title": "should produce primary, second & minor directories",
              "fullTitle": "initDirectories should produce primary, second & minor directories",
              "timedOut": false,
              "duration": 2,
              "state": "passed",
              "speed": "fast",
              "pass": true,
              "fail": false,
              "pending": false,
              "context": null,
              "code": "const directories = _1.initDirectories();\ndirectories.should.have.property(\"primary\");\ndirectories.should.have.property(\"second\");\ndirectories.should.have.property(\"minor\");",
              "err": {},
              "uuid": "8c52153b-38f7-4dfd-a3c3-d00ac38534d0",
              "parentUUID": "0c47a6e7-d34f-446e-a7cc-3e4cbf3ad1b2",
              "isHook": false,
              "skipped": false
            }
          ],
          "suites": [],
          "passes": [
            "f166a390-c1fa-4128-9e4a-1ce6fef3d916",
            "8c52153b-38f7-4dfd-a3c3-d00ac38534d0"
          ],
          "failures": [],
          "pending": [],
          "skipped": [],
          "duration": 4,
          "root": false,
          "rootEmpty": false,
          "_timeout": 2000
        },
        {
          "uuid": "2f3b1753-a9a7-4597-9d36-de2f9185bad4",
          "title": "blockSchema",
          "fullFile": "/home/runner/work/planwithus-lib/planwithus-lib/src/block/schemas.test.ts",
          "file": "/src/block/schemas.test.ts",
          "beforeHooks": [],
          "afterHooks": [],
          "tests": [
            {
              "title": "should validate valid block",
              "fullTitle": "blockSchema should validate valid block",
              "timedOut": false,
              "duration": 179,
              "state": "passed",
              "speed": "slow",
              "pass": true,
              "fail": false,
              "pending": false,
              "context": "[\n  {\n    \"title\": \"block sample 0\",\n    \"value\": {\n      \"name\": \"\\\\+np\",\n      \"match\": [\n        {\n          \"and\": [\n            {\n              \"and\": [\n                {\n                  \"and\": [\n                    \"BW9L\",\n                    \"KIK0\",\n                    \"ZDB144\"\n                  ]\n                },\n                \"OHV576U\",\n                {\n                  \"or\": [\n                    {\n                      \"or\": [\n                        \"MXL03A\",\n                        {\n                          \"pattern\": \"JIZ3*9R\",\n                          \"info\": \"\"\n                        },\n                        {\n                          \"and\": [\n                            \"JZZ7\",\n                            \"YSE3\"\n                          ]\n                        },\n                        {\n                          \"or\": []\n                        }\n                      ]\n                    },\n                    \"PJ*45*\",\n                    \"GJQ4D\",\n                    \"YY76\"\n                  ]\n                }\n              ]\n            },\n            {\n              \"and\": []\n            },\n            {\n              \"and\": [\n                {\n                  \"and\": [\n                    {\n                      \"and\": [\n                        \"LBx4B\",\n                        \"ANx*1\"\n                      ]\n                    },\n                    {\n                      \"or\": [\n                        \"JF5123A\",\n                        {\n                          \"and\": [\n                            {\n                              \"and\": [\n                                \"TT056S\",\n                                \"IYN06xxO\",\n                                \"YBUx94A\",\n                                \"TK27M\",\n                                \"VPx73C\"\n                              ]\n                            }\n                          ]\n                        },\n                        \"ICV17\",\n                        \"VCDx0*4\",\n                        \"UB976\"\n                      ]\n                    }\n                  ]\n                }\n              ]\n            }\n          ]\n        },\n        {\n          \"pattern\": \"CFJ8086\",\n          \"info\": \"Q$m+c(w\"\n        },\n        {\n          \"and\": [\n            {\n              \"and\": [\n                \"NNQ111xO\",\n                {\n                  \"or\": [\n                    {\n                      \"and\": [\n                        \"DN07x\"\n                      ]\n                    },\n                    {\n                      \"or\": [\n                        \"DT0284W\"\n                      ]\n                    }\n                  ]\n                },\n                {\n                  \"and\": [\n                    \"GJ88\",\n                    \"XKL8277Y\"\n                  ]\n                },\n                {\n                  \"or\": [\n                    \"OVS0*23\",\n                    \"PDV3\"\n                  ]\n                },\n                \"RRJ805x\"\n              ]\n            },\n            \"YL69T\",\n            {\n              \"and\": [\n                {\n                  \"pattern\": \"AJF460\",\n                  \"exclude\": \"KYXx\",\n                  \"info\": \"=:n)M*q8L[\"\n                },\n                {\n                  \"or\": [\n                    \"BO8551R\",\n                    {\n                      \"pattern\": \"QQ3*\",\n                      \"exclude\": [\n                        \"CT2250\",\n                        \"NHX0150B\",\n                        \"QXB1\"\n                      ]\n                    },\n                    {\n                      \"pattern\": \"HJQ63\",\n                      \"exclude\": \"WD50Q\",\n                      \"info\": \"(\"\n                    }\n                  ]\n                }\n              ]\n            },\n            {\n              \"pattern\": \"XZ646\",\n              \"exclude\": \"NB94O\",\n              \"info\": \"72z{<6aTqj\"\n            }\n          ]\n        },\n        {\n          \"or\": [\n            {\n              \"or\": []\n            },\n            \"JVV2G\"\n          ]\n        }\n      ],\n      \"url\": \"https://r2nirkpjgazch41k8ltjc9ov7km9c4a7lp4e2m9otc7j.2u8bp.gu.as\",\n      \"info\": \"c,bE3j\",\n      \"isSelectable\": true,\n      \";4=O)L\": {\n        \"name\": \"zk!`\",\n        \"ay\": 1971,\n        \"assign\": \"Ga;FN4x\",\n        \"match\": {\n          \"and\": [\n            \"UIG4\",\n            \"FV715Z\"\n          ]\n        },\n        \"satisfy\": {\n          \"mc\": \"<=110\"\n        },\n        \"url\": \"http://w.sc7uxzz4z93bk4w7wwp.b2u6.vv/$rf)%F2%98%AC%AEY%F3%A9%B2%B4vT/%F2%91%BB%BC%F3%88%9A%A6$SC/*%F2%A6%B8%8FIl,+%F1%85%B6%AAd!/mbBQ\",\n        \"info\": \"\"\n      },\n      \"hC:Yi8\": {\n        \"name\": \"\\\\X?9YIyD=#\",\n        \"assign\": [\n          \"8s%W\",\n          \"J?`\",\n          \"G[jaip?\",\n          \"%q?\",\n          \"1z7{>T]/.\"\n        ],\n        \"match\": \"CTE6420\",\n        \"satisfy\": [],\n        \"url\": \"https://j.lx6vzc2o5cncg1gg9oeo81rxy6riiahvudyo-sk1-uldhqc.ihkrjrfivaj7r9whd1jf1.veynbic/%F1%AC%8F%823:+e8Z/%F2%8A%82%90%F2%89%A9%B4'5h/U@H%F2%9B%81%82Wz/RV+AX%F1%91%AE%9AB=%F3%B7%A4%95/6ouC%F3%B2%AB%A5at*%F1%84%B6%83G/bC\",\n        \"info\": \"F;RX!|\"\n      }\n    }\n  },\n  {\n    \"title\": \"block sample 1\",\n    \"value\": {\n      \"name\": \"O\",\n      \"assign\": [\n        \"AV~Us~\",\n        \"c4+:NMe\",\n        \"_%tC[\"\n      ],\n      \"match\": [\n        \"PRF0x0\",\n        \"JD*7B\"\n      ],\n      \"satisfy\": {\n        \"or\": [\n          {\n            \"mc\": \"<=1\"\n          }\n        ]\n      },\n      \"url\": \"https://ab71z68afccdlcybza95odcdjfobak7fcabam65qp9xd4g96ecnvbc6.cxa//UkK/0kYdD)KT/MA%F2%8C%B7%8B+//C=&s~.ViMA/IYF%F0%96%8A%A9:vf3Te/9%F1%AD%B6%9DSC9(6U4\",\n      \"info\": \"R!K[~*Q\",\n      \"isSelectable\": true\n    }\n  },\n  {\n    \"title\": \"block sample 2\",\n    \"value\": {\n      \"name\": \"g1]?vB\",\n      \"ay\": 1956,\n      \"assign\": \"!-)ypl&}#h\",\n      \"satisfy\": [\n        {\n          \"or\": [\n            {\n              \"or\": [\n                {\n                  \"or\": [\n                    \"6fD'oQe||m\",\n                    \">36[B\",\n                    {\n                      \"mc\": \"<=130\"\n                    }\n                  ]\n                },\n                \"%|&YIz!TD\"\n              ]\n            },\n            {\n              \"and\": [\n                \"M\",\n                {\n                  \"mc\": \">=75\"\n                },\n                \"\",\n                \"gY#\",\n                {\n                  \"mc\": \">=167\"\n                }\n              ]\n            },\n            {\n              \"and\": [\n                \"|WB=SOP\"\n              ]\n            }\n          ]\n        }\n      ],\n      \"url\": \"https://a.l8jryxjv1hanc2-9lj8b7okbgintyj847hg5pn79ls2m61bkpsh7x.eje/y9%F1%B8%A1%8A*R'0\",\n      \"info\": \"\",\n      \"isSelectable\": true\n    }\n  },\n  {\n    \"title\": \"block sample 3\",\n    \"value\": {\n      \"name\": \"\",\n      \"ay\": 1961,\n      \"assign\": [],\n      \"match\": [],\n      \"satisfy\": {\n        \"mc\": \">=199\"\n      },\n      \"info\": \"x\",\n      \"isSelectable\": true,\n      \"r\": {\n        \"name\": \"{z\",\n        \"assign\": \"\",\n        \"satisfy\": [\n          \"H3\",\n          {\n            \"and\": [\n              {\n                \"mc\": \"<=48\"\n              },\n              \"<LQ\",\n              {\n                \"and\": [\n                  \"A<B\\\\\",\n                  \"\"\n                ]\n              },\n              {\n                \"and\": [\n                  \"=\",\n                  {\n                    \"or\": [\n                      {\n                        \"and\": [\n                          \"E.Xc/\\\\(^s\"\n                        ]\n                      }\n                    ]\n                  }\n                ]\n              },\n              {\n                \"or\": []\n              }\n            ]\n          }\n        ],\n        \"url\": \"https://tuz0ng368mr9lkwjz5beoxx76jypczgp58wb5ukn6c.uzpoq63n8x77xierbb9z5v5ymd3ro3iicxno.zftyvo/@/HC2AW/.R/k81-/(wAa/C%F2%A4%A2%82Rc/\"\n      },\n      \"C%sp]+*\": {\n        \"name\": \"v(8kO'0g\",\n        \"ay\": 1991,\n        \"assign\": \"\",\n        \"match\": [\n          \"AD7\",\n          {\n            \"and\": [\n              {\n                \"and\": [\n                  \"RJ1Z\",\n                  \"OJ4E\",\n                  {\n                    \"or\": [\n                      \"CUW01\",\n                      {\n                        \"and\": [\n                          \"WDD808\",\n                          \"JC2\"\n                        ]\n                      },\n                      \"YW3\",\n                      {\n                        \"or\": []\n                      },\n                      \"FG44E\"\n                    ]\n                  },\n                  \"JBE8\"\n                ]\n              }\n            ]\n          },\n          {\n            \"pattern\": \"OWC082C\",\n            \"exclude\": \"TVD18N\",\n            \"info\": \"X>P1\"\n          },\n          \"YRB0\",\n          {\n            \"pattern\": \"DR62\",\n            \"info\": \"U\"\n          }\n        ],\n        \"satisfy\": [],\n        \"url\": \"https://ni5g67knd9vh.lsndqfzwrt\",\n        \"info\": \"V=-\",\n        \"isSelectable\": true\n      }\n    }\n  },\n  {\n    \"title\": \"block sample 4\",\n    \"value\": {\n      \"name\": \"Ufb:\",\n      \"ay\": 1960,\n      \"assign\": [\n        \":z)3\",\n        \"ZCBCNy#\"\n      ],\n      \"match\": [\n        {\n          \"or\": [\n            {\n              \"and\": [\n                \"ZBD190\",\n                \"KD7N\",\n                {\n                  \"and\": [\n                    \"FZW25\",\n                    {\n                      \"or\": [\n                        \"RU0\",\n                        \"HXI6E\",\n                        \"LD483V\",\n                        {\n                          \"pattern\": \"DX*9xx\",\n                          \"exclude\": \"DH*K\",\n                          \"info\": \"H!3@D`lh\\\\a\"\n                        }\n                      ]\n                    }\n                  ]\n                }\n              ]\n            },\n            {\n              \"pattern\": \"HY8\",\n              \"exclude\": \"DO*3C\",\n              \"info\": \"Y\"\n            },\n            \"UF1*49A\",\n            {\n              \"pattern\": \"NAX703*Y\",\n              \"exclude\": \"YGx5\",\n              \"info\": \"11j!\"\n            },\n            {\n              \"pattern\": \"OL6A\",\n              \"exclude\": \"SMB05\",\n              \"info\": \">`'BAt\"\n            }\n          ]\n        },\n        \"SJ*0X\",\n        {\n          \"pattern\": \"EQ035\",\n          \"exclude\": \"UO652\",\n          \"info\": \"a.\"\n        },\n        \"LYW7D\"\n      ],\n      \"satisfy\": \"R \",\n      \"info\": \"ra&\",\n      \"isSelectable\": true,\n      \":bZ\": {\n        \"name\": \"iz+%:\",\n        \"ay\": 1960,\n        \"assign\": \"MU#OhgIl\",\n        \"satisfy\": {\n          \"mc\": \"<=24\"\n        },\n        \"url\": \"http://1df0-cr5kgdrc0tm2bwqfh4k.g9otcj-z8vczqarykn-tbf95ztvr09cy-fvp21thx.zztwpnx/qr\",\n        \"info\": \"jU}a\",\n        \"isSelectable\": true\n      }\n    }\n  },\n  {\n    \"title\": \"block sample 5\",\n    \"value\": {\n      \"ay\": 2025,\n      \"satisfy\": {\n        \"or\": [\n          {\n            \"or\": [\n              \"\",\n              {\n                \"or\": [\n                  \"$f1fac$SZ\",\n                  \"$[%_&:j\",\n                  \"kQJrb-L7M\",\n                  \"g80QS\"\n                ]\n              },\n              \"Z`D*+MO`fN\"\n            ]\n          },\n          {\n            \"and\": [\n              \"-7|.u\",\n              {\n                \"mc\": \">=154\"\n              },\n              {\n                \"or\": []\n              }\n            ]\n          },\n          {\n            \"and\": [\n              \"l\"\n            ]\n          },\n          {\n            \"mc\": \">=160\"\n          }\n        ]\n      },\n      \"info\": \"x\",\n      \"isSelectable\": true,\n      \"Ze\": {\n        \"match\": [\n          \"JPR6x0\",\n          \"HSM8C\",\n          \"QN12W\",\n          \"NHE020U\"\n        ],\n        \"satisfy\": {\n          \"mc\": \"<=36\"\n        },\n        \"url\": \"http://sft2omdgxsroijhfvms.62mjil-lbocaivpu5w.og0hkb801x1w8uo0kqfgm6ph-10lkh82ml3mljcxc6.d.9qargdvdrbr-mb2vwlas6d6pxyy6lds6ih4.avxor/FVCGyQ,%F1%8C%94%81G./*.t\",\n        \"isSelectable\": true,\n        \"4,zClzSj\": {\n          \"name\": \"8m\",\n          \"ay\": 2004,\n          \"assign\": \"O8\\\"sTCBlg\",\n          \"url\": \"http://maf6ak2f675zy3bascyzs64b-fdlh90fefgeq6xrssc3i0m4q7q7b8zxc.z.nxs9ageughoo3ig6mpmbh-l3w1wsqrpcv9ozb50wcuaz--jc6xz28o2ss4hv.ttjhc.nebmqo/~gmR/.Bio%F1%90%BC%BD/\",\n          \"info\": \"AYG?\\\\D1v\"\n        },\n        \"\": {\n          \"name\": \"fdjjn49!*\",\n          \"ay\": 1955,\n          \"match\": [\n            {\n              \"and\": [\n                \"QA753\",\n                {\n                  \"or\": [\n                    {\n                      \"pattern\": \"NR71\",\n                      \"exclude\": [],\n                      \"info\": \"x@Wg}1(D\"\n                    }\n                  ]\n                },\n                {\n                  \"or\": [\n                    \"NWx\",\n                    \"MRT9X\"\n                  ]\n                },\n                \"QZS4458\",\n                {\n                  \"pattern\": \"ZPL9\",\n                  \"exclude\": \"MI*214\"\n                }\n              ]\n            }\n          ],\n          \"satisfy\": \"~cchgD)V\",\n          \"url\": \"http://yc.slscs8-j2igjqk9spbephneqdb7f4gpjk3oantc8s.0gfl913fg6t9kju93ykwyl1vcq95jjklj2-iteql6yexfwzahoqiw.as6v7q3c.igbju91029jsatcbbh43ih.eexfa/+;q/kQg%F2%81%9F%82%F1%BB%9D%A7$i~H//nqA%F0%A8%A1%91Tn/%F1%90%A8%B7%F3%A7%A4%B4)0/th%F0%B5%91%93%F0%BD%A8%B6/dz'gYw%F2%A2%B5%937:a/Vl7%F3%B0%A2%84S8/4\",\n          \"info\": \"s62[mW\",\n          \"isSelectable\": true,\n          \"I6al/|qA~W\": {\n            \"name\": \"pw)x<2]\",\n            \"ay\": 2028,\n            \"assign\": [\n              \"XI\"\n            ],\n            \"match\": {\n              \"pattern\": \"XP0T\",\n              \"info\": \"s0\\\"9{{F/pK\"\n            },\n            \"url\": \"https://63n4mdl5c2qffleh4gnw71-nxwpf1fcz8byi-j8ql5en-r7uej.p9t0t44vge-txac.ierduwx/7N/tqZdA)3:/Df%F2%B0%BA%84/@g9%F1%96%86%B6nx$f$R//TE(NW*)!\",\n            \"isSelectable\": true\n          },\n          \"c6fd=-BN\": {\n            \"ay\": 1990,\n            \"assign\": [\n              \"Y\",\n              \"bYea5@\",\n              \"!4j!60I\",\n              \"h:wj~\",\n              \"aD\"\n            ],\n            \"match\": [\n              {\n                \"and\": [\n                  {\n                    \"or\": []\n                  },\n                  \"MWL247H\",\n                  {\n                    \"pattern\": \"KHU4x04I\",\n                    \"exclude\": \"OX77I\"\n                  },\n                  \"GOZ478xS\",\n                  {\n                    \"pattern\": \"VRY50\",\n                    \"exclude\": [\n                      \"BUE2xN\",\n                      \"MR51\",\n                      \"KNK305C\",\n                      \"KP81x7P\",\n                      \"FI77U\"\n                    ],\n                    \"info\": \"C\"\n                  }\n                ]\n              },\n              {\n                \"pattern\": \"VMS994\",\n                \"exclude\": \"YE25\",\n                \"info\": \"w]U,Ow?|P\"\n              },\n              {\n                \"or\": [\n                  \"SCKx0\",\n                  {\n                    \"and\": [\n                      {\n                        \"or\": [\n                          {\n                            \"or\": [\n                              {\n                                \"or\": []\n                              },\n                              \"PF9*\",\n                              \"HFH*3x6O\",\n                              \"SVJ0\",\n                              {\n                                \"or\": [\n                                  \"GUN531\",\n                                  \"UC2\",\n                                  \"ZXF0755\",\n                                  \"SR726\",\n                                  \"BM5*32O\"\n                                ]\n                              }\n                            ]\n                          },\n                          \"DA711\"\n                        ]\n                      },\n                      {\n                        \"or\": [\n                          \"AYC9\",\n                          \"SL10**M\",\n                          \"XS36xA\",\n                          {\n                            \"and\": [\n                              {\n                                \"pattern\": \"PZ42\",\n                                \"exclude\": \"NF9x90X\",\n                                \"info\": \"/OOuKKM\"\n                              },\n                              \"ACA3\",\n                              \"LSU1\",\n                              \"WUx8\",\n                              \"HKV063\"\n                            ]\n                          }\n                        ]\n                      },\n                      {\n                        \"or\": [\n                          \"OT8xV\",\n                          \"VK7B\"\n                        ]\n                      }\n                    ]\n                  }\n                ]\n              },\n              {\n                \"and\": [\n                  {\n                    \"or\": [\n                      \"MXOxL\",\n                      {\n                        \"and\": [\n                          \"XS7x\",\n                          \"WUE5383\",\n                          \"GDL84\",\n                          \"HA6K\",\n                          \"WZ66\"\n                        ]\n                      }\n                    ]\n                  }\n                ]\n              },\n              {\n                \"or\": [\n                  \"UTU4*\",\n                  {\n                    \"or\": [\n                      \"TY750O\",\n                      \"JRD53*1J\"\n                    ]\n                  },\n                  {\n                    \"or\": [\n                      \"CJ68x3\",\n                      \"LTC*9\",\n                      {\n                        \"pattern\": \"SH5138\",\n                        \"info\": \"H)TD8z0\"\n                      },\n                      \"DCE3Y\",\n                      {\n                        \"pattern\": \"AG9x5L\",\n                        \"exclude\": \"DA015X\"\n                      }\n                    ]\n                  },\n                  {\n                    \"pattern\": \"JQS022O\",\n                    \"exclude\": [],\n                    \"info\": \"\"\n                  },\n                  \"ZQG82\"\n                ]\n              }\n            ],\n            \"satisfy\": [\n              \"T,8f\",\n              {\n                \"and\": [\n                  \"rhE\",\n                  {\n                    \"mc\": \">=17\"\n                  },\n                  {\n                    \"and\": [\n                      \"AtPy)!2\",\n                      {\n                        \"and\": [\n                          \"6lKJj\",\n                          {\n                            \"or\": [\n                              \"g\"\n                            ]\n                          },\n                          \"(W#\"\n                        ]\n                      },\n                      {\n                        \"and\": [\n                          \"@F.sqoI\",\n                          \"\\\\[A(A\\\\'Le\"\n                        ]\n                      }\n                    ]\n                  },\n                  {\n                    \"or\": [\n                      {\n                        \"mc\": \">=78\"\n                      }\n                    ]\n                  },\n                  {\n                    \"and\": [\n                      {\n                        \"and\": [\n                          \"L3p6[2:\",\n                          \"3^Na&5|JwP\",\n                          \"m*.VV5ppn\",\n                          \"(R\",\n                          \"=O\"\n                        ]\n                      },\n                      {\n                        \"mc\": \">=58\"\n                      },\n                      {\n                        \"and\": [\n                          {\n                            \"and\": []\n                          },\n                          \"HFxA,c%1N\"\n                        ]\n                      },\n                      {\n                        \"mc\": \">=59\"\n                      },\n                      \"\"\n                    ]\n                  }\n                ]\n              },\n              \"lGz\\\\pQ5C<M\"\n            ],\n            \"url\": \"http://eu124ofyn6kjs1brdggp9q7c2fv8ag9xdujcu2ht50u6ctavn0pifmy.4nvdrz2iigj9p1ubm4co7muosytmpmfzmgplsgmwatngafdo.vqd//;t2/7/OB02iR/R/%F1%B6%BD%B2'6:Ek8-qc/Ag$:lJG/Ck/+LrOO.2I:/gP9\",\n            \"isSelectable\": true\n          }\n        },\n        \"{9\": {\n          \"name\": \"n6\",\n          \"ay\": 2002,\n          \"assign\": [\n            \"2UC4\",\n            \")Wb9|r\",\n            \"EpfK(uL\"\n          ],\n          \"match\": {\n            \"and\": [\n              \"IJ5x\"\n            ]\n          },\n          \"satisfy\": [\n            {\n              \"or\": [\n                {\n                  \"mc\": \">=131\"\n                },\n                {\n                  \"and\": []\n                },\n                \"fZ,9k\",\n                {\n                  \"and\": []\n                }\n              ]\n            },\n            {\n              \"mc\": \"<=154\"\n            },\n            {\n              \"or\": [\n                {\n                  \"and\": []\n                },\n                {\n                  \"or\": []\n                }\n              ]\n            },\n            {\n              \"or\": [\n                {\n                  \"and\": [\n                    \"gv20\\\\kl%T\"\n                  ]\n                },\n                {\n                  \"mc\": \">=157\"\n                },\n                {\n                  \"mc\": \">=109\"\n                }\n              ]\n            }\n          ],\n          \"url\": \"http://j.a-cjcq6cb.vqjj//%F0%AB%A9%B1veVZvMv%E8%BD%8AV/2%F0%9F%85%BApg.7%F3%87%9D%93/V5X2//W%F3%91%AC%99v4%E5%9D%83~M5P/:h(/d/FHu\",\n          \"isSelectable\": true\n        },\n        \"B/f\": {\n          \"name\": \"Aefk%6/;)\",\n          \"ay\": 1960,\n          \"assign\": \"5q*'7fk\",\n          \"satisfy\": \":x\",\n          \"url\": \"https://llijguunyec9ijy8-asamnu4btht0zn-6s1dr8vs6g.qaj47n90nu7ytgf7jypfzj-jdejzp7viydnsep8w6gslk90gdml3lts.fry7htqehgufga1h-kv.t.ple/SI\",\n          \"info\": \"F\",\n          \"isSelectable\": true\n        }\n      },\n      \"%|\": {\n        \"name\": \"tF{&(-@2'\",\n        \"ay\": 2000,\n        \"assign\": [\n          \"BKWnx\",\n          \"9S\\\\`dB,%Om\",\n          \"ei:qSEPK\",\n          \"7wE\"\n        ],\n        \"match\": {\n          \"or\": []\n        },\n        \"satisfy\": {\n          \"or\": [\n            {\n              \"or\": [\n                {\n                  \"and\": [\n                    {\n                      \"and\": []\n                    },\n                    {\n                      \"or\": []\n                    },\n                    {\n                      \"mc\": \">=128\"\n                    },\n                    {\n                      \"and\": [\n                        \"\",\n                        \"\",\n                        \"/EE'k\",\n                        \"o0d6&.C6D\"\n                      ]\n                    }\n                  ]\n                },\n                {\n                  \"and\": [\n                    {\n                      \"and\": [\n                        \"\",\n                        \"fp'v\",\n                        \"Ia/MS^KO\"\n                      ]\n                    },\n                    \",*2./|mgt'\"\n                  ]\n                },\n                \"G=5+I\",\n                \"I!*r?6,TC\",\n                {\n                  \"or\": [\n                    \"!DV||b\",\n                    {\n                      \"mc\": \">=69\"\n                    },\n                    \"=\"\n                  ]\n                }\n              ]\n            },\n            \"(J\",\n            {\n              \"and\": []\n            },\n            {\n              \"and\": [\n                \"~}U\",\n                {\n                  \"mc\": \">=70\"\n                }\n              ]\n            },\n            \"\\\\v:F[l-D\"\n          ]\n        },\n        \"url\": \"https://t.d94u12o324otqlgqiqjvk9kg7-4m3saih5rt424.s9g8ck1hs4hb27fscasio6.87-1dwcrh35gh-wm34gghcetd6w7ll79ogu.yyrtsr68s-djrx8ikoupian1nil30o69.orcvhl/A:6/'%F2%82%AF%B9i%F1%90%96%82Q-K%F2%B1%B4%8DKM/3(V%F3%9E%B5%9D!%F1%A0%B5%AALG/)3%F0%B0%8B%ABzPmBV;j/M%F1%B6%A9%BD@_HEq%F3%A2%B1%8C/%F0%AA%A7%B1.m7+8Q%F2%B2%99%8B/SaN%F4%88%A3%A6i/319FL%F3%9A%A2%9D2K./m\",\n        \"info\": \"\\\\6DAZ[bvR*\",\n        \"isSelectable\": true,\n        \"cn\": {\n          \"name\": \"<J }\",\n          \"ay\": 2015,\n          \"assign\": \"Eq *\",\n          \"url\": \"https://5.lodinubl6sjrisnugnmnrcesqdg28bs3hy6g7i4av14dcmzkpk9qwfaxrx.jbg/;@/,;oOo;13_A\",\n          \"info\": \"?@:Ei!DL5j\"\n        },\n        \"qEPSk\": {\n          \"name\": \"u\",\n          \"ay\": 2025,\n          \"assign\": [],\n          \"match\": \"UQP2662E\",\n          \"satisfy\": {\n            \"and\": [\n              \"M\",\n              {\n                \"and\": [\n                  {\n                    \"or\": [\n                      \"M5t\"\n                    ]\n                  },\n                  {\n                    \"mc\": \">=49\"\n                  },\n                  {\n                    \"and\": [\n                      \"9?B2W\",\n                      {\n                        \"or\": [\n                          \"&&.5cVB\",\n                          {\n                            \"and\": [\n                              \"MP\",\n                              \"-z4I$(Zg%\",\n                              \"lq=\",\n                              {\n                                \"and\": [\n                                  \"51D,p!UP~\",\n                                  \"e-_d>RpV\",\n                                  \"\",\n                                  \"bb@>\",\n                                  \"\"\n                                ]\n                              },\n                              \"EaT\"\n                            ]\n                          },\n                          \"9:\"\n                        ]\n                      },\n                      \"<Ddvi~Nwu8\"\n                    ]\n                  },\n                  {\n                    \"or\": [\n                      \"O6\"\n                    ]\n                  }\n                ]\n              }\n            ]\n          },\n          \"url\": \"http://6btuss.n08puljg89ti-es24ifdcvjwr.qvcdkx61oqb0bjc1xr7dww2lz06bbdefj93o9ivr.tajmupu/4JDG8yw;/%F1%9E%A0%A1$xAf%F1%BA%AE%99jWe6/@G%EA%9A%87xnMc7,%F3%B9%86%81/_oW,AA/zB/qFOIskw7Y\",\n          \"info\": \"oFbE]*`s\",\n          \"K\": {\n            \"name\": \"q&pJ\",\n            \"ay\": 1983,\n            \"match\": [],\n            \"satisfy\": [\n              {\n                \"or\": [\n                  {\n                    \"and\": [\n                      {\n                        \"mc\": \"<=21\"\n                      }\n                    ]\n                  },\n                  {\n                    \"mc\": \"<=185\"\n                  },\n                  {\n                    \"or\": [\n                      {\n                        \"and\": []\n                      },\n                      {\n                        \"and\": [\n                          \"bjM,+N=\"\n                        ]\n                      },\n                      {\n                        \"or\": []\n                      }\n                    ]\n                  }\n                ]\n              }\n            ],\n            \"info\": \"\",\n            \"isSelectable\": true\n          },\n          \",sCQ=G|t\": {\n            \"assign\": \".\",\n            \"match\": \"UYW7X\",\n            \"satisfy\": {\n              \"mc\": \">=112\"\n            },\n            \"url\": \"https://c41y2vgt52fjdyf9hpw9.n76083igep5vq283p8tg410l3gbebfbsuxhy6ro5u4t3iy5mvw5joqww.y2.gkynev9ia1-g6q1v.834obttdtr6tu.qohdl/bC~TBTrQ\",\n            \"info\": \"\",\n            \"isSelectable\": true\n          }\n        },\n        \"X)P,*N0%\": {\n          \"name\": \"3\",\n          \"ay\": 2005,\n          \"assign\": \"@\",\n          \"match\": [\n            {\n              \"and\": [\n                \"PN709T\",\n                \"JK0818\",\n                \"NPM0x0V\",\n                \"GIX4\",\n                {\n                  \"pattern\": \"MBT3515\",\n                  \"exclude\": [\n                    \"RN*94\",\n                    \"TN2\"\n                  ],\n                  \"info\": \"bLJ*)4`\\\\b\"\n                }\n              ]\n            }\n          ],\n          \"satisfy\": [\n            \"-<WWcw\"\n          ],\n          \"url\": \"https://yz5m53ab3wx11svpij9au85ntw-ntodkwqejp.lye89l67fruww1y0k0c2ef7o0lz7b0doj8xj1w3wryzdkte753c7k.69hn9fmi9bu3o780fd3pgmqdpcsxphbtb5kpjww32iilst3ot32ommkay87.bzr82dzzh.jfuo6paf.navdg\",\n          \"info\": \"Of3k\",\n          \"isSelectable\": true,\n          \"&!ZcmQ`X\": {\n            \"ay\": 1990,\n            \"assign\": \"\",\n            \"match\": [\n              {\n                \"and\": [\n                  {\n                    \"pattern\": \"EEJ70H\",\n                    \"exclude\": [\n                      \"ZMQ90x3\",\n                      \"DO455Q\",\n                      \"WY58P\",\n                      \"DW*5Y\",\n                      \"TMT0200\"\n                    ],\n                    \"info\": \"{1,zmf&i\"\n                  }\n                ]\n              }\n            ],\n            \"satisfy\": [\n              {\n                \"mc\": \">=101\"\n              },\n              {\n                \"or\": [\n                  \"LU;a\",\n                  {\n                    \"and\": [\n                      {\n                        \"and\": [\n                          \"m4]'*X(a\",\n                          \"\",\n                          {\n                            \"and\": [\n                              {\n                                \"or\": [\n                                  \"EJ;\",\n                                  \"sP5$\\\\q-YPA\",\n                                  \"xr8A[it'?*\"\n                                ]\n                              },\n                              {\n                                \"and\": [\n                                  \"&\",\n                                  \"1A^t`\",\n                                  {\n                                    \"and\": [\n                                      {\n                                        \"or\": [\n                                          \"/T555[V\",\n                                          \"\",\n                                          \"#E\",\n                                          \"s$F\"\n                                        ]\n                                      }\n                                    ]\n                                  },\n                                  \"%K(@\"\n                                ]\n                              }\n                            ]\n                          },\n                          {\n                            \"or\": [\n                              \"`\",\n                              \"wJdG*0),5\",\n                              \"(T>`s9=R~f\"\n                            ]\n                          }\n                        ]\n                      }\n                    ]\n                  },\n                  {\n                    \"and\": [\n                      {\n                        \"or\": [\n                          \";T<N\",\n                          {\n                            \"or\": [\n                              \"ivE\"\n                            ]\n                          },\n                          {\n                            \"mc\": \">=167\"\n                          }\n                        ]\n                      }\n                    ]\n                  },\n                  {\n                    \"mc\": \"<=176\"\n                  }\n                ]\n              }\n            ],\n            \"url\": \"http://probu-x1r5dsk6ciwei53vekd7906ze.l.j.dbtqsa/R7t~.9/%F4%88%89%8A%F3%A3%A9%9341//;%F3%93%93%81p/;OZ8=/h/%F3%AB%B1%BEc.Za/l8=X\",\n            \"info\": \"\",\n            \"isSelectable\": true,\n            \"63Cv\": {\n              \"ay\": 1951,\n              \"match\": [\n                \"GTX13\",\n                {\n                  \"or\": [\n                    \"DQB0228\",\n                    {\n                      \"or\": [\n                        \"OAx876S\",\n                        \"LX3D\",\n                        \"ZB6M\",\n                        {\n                          \"pattern\": \"ZKx0\",\n                          \"info\": \"\"\n                        }\n                      ]\n                    },\n                    {\n                      \"pattern\": \"QBx39D\",\n                      \"exclude\": [\n                        \"RS8*x6\",\n                        \"DJSx30\",\n                        \"DGN08\",\n                        \"ZSxH\"\n                      ],\n                      \"info\": \"`D\"\n                    },\n                    {\n                      \"and\": [\n                        {\n                          \"pattern\": \"QNJ8142P\",\n                          \"info\": \"U^yx(PqmB;\"\n                        },\n                        {\n                          \"or\": [\n                            {\n                              \"and\": [\n                                \"LCF60Q\",\n                                \"AT473Q\",\n                                \"LJ5X\",\n                                \"SA2x\"\n                              ]\n                            },\n                            {\n                              \"or\": [\n                                \"VX9Z\",\n                                \"FI71H\",\n                                \"AU38Q\",\n                                \"ZPM2x\"\n                              ]\n                            }\n                          ]\n                        },\n                        \"AEBx4\"\n                      ]\n                    }\n                  ]\n                },\n                {\n                  \"or\": [\n                    {\n                      \"and\": [\n                        {\n                          \"or\": [\n                            {\n                              \"pattern\": \"HZ13\",\n                              \"exclude\": [\n                                \"RE*97\",\n                                \"MG1\",\n                                \"JA32L\",\n                                \"CSN99\",\n                                \"HS3472F\"\n                              ],\n                              \"info\": \"H%?\"\n                            },\n                            \"QO089U\",\n                            \"XP3\",\n                            {\n                              \"and\": [\n                                \"HQM848V\",\n                                \"ELAx870C\"\n                              ]\n                            },\n                            \"PPH5x*7S\"\n                          ]\n                        },\n                        {\n                          \"or\": [\n                            \"ECX837\"\n                          ]\n                        },\n                        {\n                          \"or\": [\n                            \"DF6E\"\n                          ]\n                        },\n                        \"WE26*Z\"\n                      ]\n                    }\n                  ]\n                },\n                {\n                  \"and\": [\n                    {\n                      \"pattern\": \"TMPx472\",\n                      \"exclude\": \"DPx06M\",\n                      \"info\": \"{/yyh d\"\n                    },\n                    {\n                      \"or\": [\n                        {\n                          \"pattern\": \"OOH4x*\",\n                          \"exclude\": \"JQx\",\n                          \"info\": \"Z79`= !o\"\n                        },\n                        \"ITN03*1I\",\n                        {\n                          \"or\": [\n                            \"DP68xF\",\n                            {\n                              \"pattern\": \"WBT75\",\n                              \"exclude\": \"WA365\",\n                              \"info\": \"QY_\\\"sb42[\"\n                            },\n                            {\n                              \"pattern\": \"MO2604L\",\n                              \"info\": \"N\"\n                            }\n                          ]\n                        }\n                      ]\n                    },\n                    {\n                      \"and\": [\n                        \"KZ8*6\",\n                        \"NI90A\",\n                        {\n                          \"pattern\": \"JO13\",\n                          \"exclude\": \"EDS1x12L\"\n                        },\n                        \"TPB4\",\n                        \"BOK131*\"\n                      ]\n                    },\n                    {\n                      \"or\": []\n                    },\n                    {\n                      \"and\": [\n                        {\n                          \"and\": [\n                            {\n                              \"and\": [\n                                \"FO1A\",\n                                {\n                                  \"pattern\": \"OID5136I\",\n                                  \"exclude\": \"IIPxK\"\n                                }\n                              ]\n                            }\n                          ]\n                        },\n                        \"WH450U\",\n                        \"JYR0\"\n                      ]\n                    }\n                  ]\n                }\n              ],\n              \"satisfy\": [\n                \"NCkY1nL !y\",\n                {\n                  \"mc\": \">=101\"\n                },\n                {\n                  \"and\": [\n                    {\n                      \"mc\": \">=14\"\n                    },\n                    \"s]bs`Hwu\"\n                  ]\n                },\n                \":Kpc\",\n                \" D(Ib~6*\"\n              ],\n              \"url\": \"http://ivgeexa18jtu26zaw0afwj1ajxjcteqrmk0rvyk.5g8e85zrmdkjcbpm9wd-62i58p.ychxsh/8wMNs%F3%A3%A5%80q/9M(.l4wjt\"\n            }\n          },\n          \"f:>w`p\": {\n            \"name\": \"\",\n            \"ay\": 2006,\n            \"assign\": \"]HA<DkM\",\n            \"match\": {\n              \"or\": [\n                {\n                  \"and\": [\n                    \"FA0164A\",\n                    \"LPH49x4\"\n                  ]\n                },\n                {\n                  \"pattern\": \"TMT4*5\",\n                  \"exclude\": \"ARN8*9\",\n                  \"info\": \"3GVU\"\n                },\n                {\n                  \"or\": [\n                    {\n                      \"and\": [\n                        \"DP2\",\n                        {\n                          \"or\": [\n                            {\n                              \"and\": [\n                                \"GRG454\",\n                                \"AK8*9*K\",\n                                {\n                                  \"pattern\": \"WO13X\",\n                                  \"exclude\": \"ETH50\",\n                                  \"info\": \"MU(#}Qi4P\"\n                                },\n                                \"TXN06\",\n                                \"EXA33\"\n                              ]\n                            },\n                            {\n                              \"and\": [\n                                {\n                                  \"and\": [\n                                    \"SMT21\",\n                                    \"IXM3*G\"\n                                  ]\n                                },\n                                \"KZY7\",\n                                \"YD7\"\n                              ]\n                            },\n                            {\n                              \"or\": [\n                                \"IGJ7xE\",\n                                \"IL4*\"\n                              ]\n                            },\n                            \"CF4Q\"\n                          ]\n                        },\n                        \"VPx61*\"\n                      ]\n                    }\n                  ]\n                },\n                \"JKY42\"\n              ]\n            },\n            \"satisfy\": {\n              \"or\": [\n                {\n                  \"mc\": \"<=171\"\n                },\n                {\n                  \"mc\": \">=129\"\n                },\n                {\n                  \"mc\": \"<=36\"\n                }\n              ]\n            },\n            \"url\": \"https://g0vyw1jzihny1qb5edw7b43owz1lucw13hw8lqkmqkm3.tohrm/jd*s=,Q%F0%AE%93%B8%F4%8D%B7%B1/Y)kkwn%F1%B7%A0%B24/HS%F3%99%B8%ADjN/WedOt/rCcsr%F1%A9%8E%B4R;Bc//pT!K*Y=/+8/v)v%F1%BF%B4%BClsc\"\n          },\n          \"(Cgxu:,<)\": {\n            \"name\": \"hpd<jiRLD0\",\n            \"ay\": 1951,\n            \"assign\": [\n              \"tX@o-</F\",\n              \".\\\"B>U]'\"\n            ],\n            \"match\": \"JEN9\",\n            \"satisfy\": \"zU>'L;\",\n            \"url\": \"https://5vyaua944fr2ezyx197.3kem-fzm-orej81c1r8ta0feoh9umq75-knh.k.qswbm9yoouf7u1-072qob13yjsnggz4cmvevsh70mk9ueexm4vzzzo2b0z1z.ltpomtzp/N&/IQPv2ag'Bf/cy%F1%85%B2%BC1qW6,/7v~b!(/7l/7Y;!/;%F0%97%8C%80USz59q/)Fw*lYRB/S4D/l1\",\n            \"info\": \" 7X>F?dX0B\",\n            \"isSelectable\": true\n          }\n        }\n      }\n    }\n  },\n  {\n    \"title\": \"block sample 6\",\n    \"value\": {\n      \"name\": \"\",\n      \"ay\": 1967,\n      \"match\": {\n        \"and\": [\n          {\n            \"pattern\": \"EMxN\",\n            \"exclude\": \"XH118*\",\n            \"info\": \"MB1\"\n          },\n          {\n            \"or\": []\n          }\n        ]\n      },\n      \"url\": \"https://g.7tif939.cbcxy/UwFk*zL/e///o5/BWrY/4%F3%8A%9C%B9v%F0%91%86%BBbxut/GYdq=lSd\",\n      \"info\": \"%g&\",\n      \"|kge:.[>DE\": {\n        \"name\": \"vdCI0]LC%k\",\n        \"ay\": 1976,\n        \"assign\": [\n          \"(\",\n          \"i\",\n          \" F;{wnYqP(\"\n        ],\n        \"satisfy\": {\n          \"mc\": \"<=3\"\n        },\n        \"info\": \"\",\n        \"isSelectable\": true\n      },\n      \"TV\": {\n        \"name\": \"\",\n        \"ay\": 1990,\n        \"assign\": [\n          \"B}q8%V\",\n          \"l_q[#}q\",\n          \"n\",\n          \",_Q5R/l-9x\",\n          \"8N\"\n        ],\n        \"match\": \"IKI6\",\n        \"satisfy\": [\n          {\n            \"mc\": \">=190\"\n          },\n          {\n            \"and\": [\n              \"aP|m&Yvh\\\\+\",\n              \"/q^D\",\n              {\n                \"or\": [\n                  \"f?F,RuNO~\"\n                ]\n              },\n              {\n                \"or\": [\n                  {\n                    \"or\": [\n                      {\n                        \"mc\": \"<=161\"\n                      },\n                      {\n                        \"mc\": \">=120\"\n                      },\n                      {\n                        \"mc\": \">=115\"\n                      },\n                      \"\",\n                      \"eOQs\"\n                    ]\n                  }\n                ]\n              },\n              {\n                \"mc\": \">=181\"\n              }\n            ]\n          },\n          \"aa\",\n          {\n            \"and\": []\n          }\n        ],\n        \"url\": \"http://hap4tfq34dqd13hew0rbls26450upqqvpwj66xlee93idxng970ehstberdvo.f3q9ge-o49wc5tc2bvjxm-hbldw51203kf6nouj09i68blzwj.pr/-SC*/f(/Ulr:2%F3%8E%B5%A4t/a&7\",\n        \"info\": \"MWcIXJ\",\n        \"isSelectable\": true\n      },\n      \"h*U!nf(A\": {\n        \"name\": \"cs7U\",\n        \"ay\": 2022,\n        \"assign\": \"\",\n        \"match\": {\n          \"pattern\": \"KDR7945\",\n          \"info\": \"}#u%M\"\n        },\n        \"satisfy\": [],\n        \"info\": \"LLg\",\n        \"isSelectable\": true\n      },\n      \"\": {\n        \"name\": \"\",\n        \"ay\": 1958,\n        \"assign\": \"O^ Rm\",\n        \"match\": [],\n        \"satisfy\": [\n          \"_MI6p[\",\n          {\n            \"or\": []\n          }\n        ],\n        \"info\": \"\\\"4%vZhlQV:\",\n        \"isSelectable\": true,\n        \"M;u=\": {\n          \"name\": \"}\",\n          \"ay\": 2028,\n          \"assign\": \"gxHcF1INd~\",\n          \"match\": [\n            {\n              \"or\": [\n                \"ZCxxS\",\n                \"CT488\"\n              ]\n            },\n            \"TKM165Z\"\n          ],\n          \"url\": \"http://9ujrvzhxf15lkoqpo4cg80ttsyb-lt.jz2l4d3whmw2txew2nw32gr9r-302tma08u2b62chz-wt6a8.ewbf/~Bo%F3%A2%99%B05fEfJh/X~e%F0%B3%85%8AN%F3%8D%A7%B0=\",\n          \"info\": \"Evl\",\n          \"isSelectable\": true\n        },\n        \"TJoh)Y[b\": {\n          \"name\": \"0\",\n          \"assign\": \"\\\"-Cc~iN\",\n          \"match\": [],\n          \"satisfy\": [\n            {\n              \"mc\": \"<=1\"\n            }\n          ],\n          \"info\": \":\",\n          \"isSelectable\": true\n        },\n        \"jwGM)[bx<\": {\n          \"name\": \"7.AyEhdc\",\n          \"ay\": 2013,\n          \"assign\": [\n            \"qn!/Y[m$\",\n            \"G[Q>pUQ\"\n          ],\n          \"match\": [],\n          \"satisfy\": {\n            \"and\": [\n              \"'DxaQ\",\n              {\n                \"or\": [\n                  {\n                    \"or\": [\n                      {\n                        \"mc\": \"<=153\"\n                      },\n                      \"UD+\",\n                      \"8=Gw|?o+-\",\n                      \")zCn@Rj[\"\n                    ]\n                  },\n                  \"fs\\\" PF\"\n                ]\n              },\n              {\n                \"mc\": \"<=81\"\n              },\n              {\n                \"or\": [\n                  \".e8,-\",\n                  \"p\"\n                ]\n              },\n              {\n                \"and\": [\n                  {\n                    \"or\": []\n                  },\n                  \"t:dt{Ls\",\n                  \"U~[{ttiV\",\n                  {\n                    \"or\": [\n                      \"t!RT~\"\n                    ]\n                  },\n                  {\n                    \"mc\": \">=130\"\n                  }\n                ]\n              }\n            ]\n          },\n          \"url\": \"https://b.ouceachjcd/JrQa8OF&=/JRb1%E1%9C%87kdJrW/bO/_i@$p2x%F1%9C%81%BF6/BmTmNRN:%F0%A7%A0%AD/%F2%9F%89%9D24Jm8D/1=ZD=/MQ45ib\",\n          \"info\": \"06:M\",\n          \"isSelectable\": true,\n          \"UQVb2fN\": {\n            \"name\": \"GyiS\",\n            \"ay\": 1956,\n            \"match\": {\n              \"pattern\": \"CZ81\",\n              \"exclude\": \"WNQ669\"\n            },\n            \"satisfy\": [\n              {\n                \"and\": [\n                  \"3%SB\",\n                  {\n                    \"and\": []\n                  }\n                ]\n              },\n              {\n                \"and\": [\n                  {\n                    \"mc\": \"<=72\"\n                  },\n                  {\n                    \"or\": [\n                      {\n                        \"or\": [\n                          {\n                            \"or\": [\n                              \"'10E\"\n                            ]\n                          }\n                        ]\n                      },\n                      {\n                        \"or\": [\n                          \"\",\n                          {\n                            \"mc\": \"<=122\"\n                          },\n                          \"N\"\n                        ]\n                      },\n                      \"U}s7j$kU]Z\",\n                      {\n                        \"and\": []\n                      },\n                      {\n                        \"mc\": \">=160\"\n                      }\n                    ]\n                  }\n                ]\n              }\n            ],\n            \"url\": \"http://d9ua49d3gany.y5.d.elaod/Id%F0%A7%B6%AD%F1%85%8D%B9(/9%EC%80%8A%F3%BA%B5%865%F4%83%99%95uOS%F1%B4%86%A9/C:e4@/%F0%9B%A1%89/$adZ'!,s/h3\",\n            \"info\": \"T-?\\\"\\\"\\\"Jns\",\n            \"isSelectable\": true\n          },\n          \",l2eeS4'\": {\n            \"name\": \"e^J\",\n            \"ay\": 1961,\n            \"assign\": [\n              \"j23U\",\n              \"$@\\\"db8ZsD}\",\n              \"E\",\n              \"h\",\n              \"#dLp\"\n            ],\n            \"match\": [],\n            \"satisfy\": {\n              \"and\": [\n                {\n                  \"and\": [\n                    \"\",\n                    \"\",\n                    {\n                      \"and\": [\n                        {\n                          \"mc\": \">=19\"\n                        },\n                        {\n                          \"and\": []\n                        }\n                      ]\n                    },\n                    {\n                      \"mc\": \"<=87\"\n                    },\n                    {\n                      \"or\": [\n                        {\n                          \"mc\": \">=23\"\n                        },\n                        \"\\\")$8S4,q}\",\n                        \"I{B_rhQeA \"\n                      ]\n                    }\n                  ]\n                },\n                {\n                  \"and\": [\n                    {\n                      \"and\": [\n                        {\n                          \"mc\": \"<=1\"\n                        }\n                      ]\n                    },\n                    {\n                      \"and\": [\n                        {\n                          \"mc\": \"<=149\"\n                        },\n                        \"1$[9A\\\"@if*\"\n                      ]\n                    },\n                    {\n                      \"and\": [\n                        {\n                          \"or\": [\n                            \"9A,\\\"\\\\\",\n                            \"KNXv%An\"\n                          ]\n                        },\n                        \"J\",\n                        {\n                          \"or\": [\n                            \"\",\n                            \"P';\",\n                            {\n                              \"and\": [\n                                \">\",\n                                \"g&b49&r\",\n                                \"wdszd]SZa\",\n                                \"TF.\"\n                              ]\n                            },\n                            \"ySA,\",\n                            \"\"\n                          ]\n                        },\n                        \"21d\\\"Wi>z\",\n                        \"g14G:k~If\"\n                      ]\n                    }\n                  ]\n                },\n                {\n                  \"or\": [\n                    {\n                      \"or\": [\n                        \"HE(>(\\\"\",\n                        {\n                          \"mc\": \"<=107\"\n                        },\n                        \"\",\n                        \"5K[_G\\\"TGz)\",\n                        \"<6%Ffw\"\n                      ]\n                    },\n                    \"PEWn<\",\n                    \"zu{=oU\\\"Fl\"\n                  ]\n                },\n                {\n                  \"mc\": \">=22\"\n                }\n              ]\n            },\n            \"url\": \"http://wtg4v8fih4p4uyu627z9rdsbme7ve-m7ir8n-s.2m3-kpem3vvn7hh74tsfu5gzaze4gtwp7acxjmkf2v0dl8y13mjev76b.pwrc06mo17.qww-7klc8nm.ao/@(P1a/U5q%F3%B8%8D%A2B,Gv/3)Qj//)gwT@t%F0%90%9D%93g:/ePu/H66NZ%F0%A0%A5%B5G/@5*%F0%97%80%98W&=6;/-a/=kaz4\",\n            \"info\": \"87\\\"\",\n            \"isSelectable\": true\n          },\n          \"0N\": {\n            \"name\": \"Cs<??\",\n            \"ay\": 1983,\n            \"assign\": \"[[W\",\n            \"match\": [\n              {\n                \"and\": [\n                  {\n                    \"pattern\": \"CW6W\",\n                    \"info\": \"V/m^6`:\"\n                  },\n                  {\n                    \"and\": [\n                      \"YCVx68\"\n                    ]\n                  }\n                ]\n              },\n              {\n                \"and\": [\n                  \"AD6483\",\n                  \"BN9Y\",\n                  {\n                    \"pattern\": \"DBT29*\",\n                    \"exclude\": [],\n                    \"info\": \"v7\"\n                  }\n                ]\n              },\n              {\n                \"and\": [\n                  {\n                    \"or\": [\n                      \"QYG9*0M\",\n                      {\n                        \"and\": [\n                          \"WB8\",\n                          {\n                            \"or\": [\n                              \"CMH0755\",\n                              \"IB826*\",\n                              \"MW2G\",\n                              {\n                                \"or\": []\n                              },\n                              {\n                                \"or\": []\n                              }\n                            ]\n                          },\n                          {\n                            \"or\": []\n                          }\n                        ]\n                      },\n                      \"UQ7K\"\n                    ]\n                  },\n                  {\n                    \"and\": [\n                      {\n                        \"and\": [\n                          \"ZGZx*D\",\n                          \"RCP639K\",\n                          {\n                            \"and\": [\n                              \"AW*J\",\n                              \"NL0505F\",\n                              \"YQY376xE\",\n                              \"EP084D\"\n                            ]\n                          },\n                          \"OVN567C\"\n                        ]\n                      },\n                      {\n                        \"pattern\": \"QI7I\",\n                        \"exclude\": [\n                          \"DU4127C\",\n                          \"LLx035\",\n                          \"ID6\",\n                          \"SGV0T\"\n                        ],\n                        \"info\": \"](lg.\"\n                      }\n                    ]\n                  }\n                ]\n              }\n            ],\n            \"satisfy\": {\n              \"or\": [\n                \"=\",\n                {\n                  \"mc\": \">=61\"\n                },\n                \"n7\"\n              ]\n            },\n            \"info\": \"ufRcs3kBc\",\n            \"isSelectable\": true,\n            \"!5@'[J9Rc\": {\n              \"name\": \".AF+U\",\n              \"ay\": 2021,\n              \"assign\": \"Of2G-6T\",\n              \"match\": {\n                \"pattern\": \"SN7R\",\n                \"exclude\": [],\n                \"info\": \"-r~\"\n              },\n              \"info\": \"s|Ew%zt[a\",\n              \"isSelectable\": true\n            },\n            \"|\": {\n              \"ay\": 2021,\n              \"assign\": \"b~,lc:l2\",\n              \"match\": [\n                {\n                  \"and\": []\n                },\n                \"OL8*\"\n              ],\n              \"satisfy\": {\n                \"or\": [\n                  {\n                    \"and\": [\n                      {\n                        \"and\": [\n                          {\n                            \"mc\": \">=145\"\n                          },\n                          {\n                            \"mc\": \"<=99\"\n                          },\n                          {\n                            \"and\": []\n                          },\n                          \"fZ=aAkC>[\"\n                        ]\n                      },\n                      \"qW0\",\n                      \"S}Ke\"\n                    ]\n                  }\n                ]\n              },\n              \"url\": \"https://i03vgwprqygrcwucg9u3osao6afsvwxz.o.r3ig642mo-l75klvns6442ru4dp.m90fwkx9u4rqwgi1yevxbn-qfw6u4zbk1uvwgg6osjvq6aaov.q6rcbg7ftf-6b7zr3lx3duc4etrg7fvto922d237hz9n3i1opbkwnjcme.xxcwlq/YEn(1t@~/y/h%F1%A9%94%956j4\",\n              \"isSelectable\": true,\n              \"2(]\": {\n                \"name\": \"31__\",\n                \"ay\": 2010,\n                \"assign\": \"JJ^\",\n                \"match\": [\n                  \"JB*\"\n                ],\n                \"satisfy\": \"U^K.\",\n                \"url\": \"https://8k8-s19ayiajhkj5woe2655stc8cw37fccyajkh8fitj550.ma2aik6a5ehq7qywp9.3.j.rijkcgoj//N.t/Xb7WC%F2%89%BE%98\",\n                \"info\": \"(^}:%\"\n              },\n              \"ZtI\": {\n                \"name\": \"{\\\\e\\\\orQ>J\",\n                \"ay\": 2009,\n                \"assign\": \"HG\\\\]5\",\n                \"match\": [],\n                \"isSelectable\": true\n              },\n              \"]J$yEV$#;m\": {\n                \"name\": \"Qa_g\",\n                \"ay\": 2012,\n                \"assign\": [\n                  \"\",\n                  \"kP\",\n                  \"nmQ\",\n                  \"W%ijj1W\",\n                  \".lT\"\n                ],\n                \"match\": [\n                  \"FC1828\",\n                  {\n                    \"or\": [\n                      \"CBx3\",\n                      {\n                        \"pattern\": \"IKQ1215\",\n                        \"exclude\": \"RNF2207H\",\n                        \"info\": \"\\\"SAeT\"\n                      },\n                      {\n                        \"and\": [\n                          \"UF*27T\"\n                        ]\n                      }\n                    ]\n                  }\n                ],\n                \"satisfy\": [\n                  \"I?\",\n                  {\n                    \"or\": [\n                      {\n                        \"mc\": \">=161\"\n                      }\n                    ]\n                  },\n                  {\n                    \"or\": [\n                      {\n                        \"mc\": \"<=49\"\n                      },\n                      {\n                        \"and\": [\n                          \"iUMwQ:\",\n                          {\n                            \"mc\": \"<=75\"\n                          },\n                          \"zG{c0eK\",\n                          {\n                            \"and\": [\n                              {\n                                \"or\": [\n                                  {\n                                    \"and\": [\n                                      \"UhpD2Hjo\",\n                                      \"i/~[T2u+\",\n                                      \"utu>v]\",\n                                      \"\"\n                                    ]\n                                  },\n                                  {\n                                    \"and\": [\n                                      \"o?*_)!%\",\n                                      \"\",\n                                      \"_X.PZEy-\",\n                                      \"[\",\n                                      \"K4{R},e\"\n                                    ]\n                                  }\n                                ]\n                              }\n                            ]\n                          }\n                        ]\n                      },\n                      \"tok5\"\n                    ]\n                  }\n                ],\n                \"url\": \"https://exm3mtik066r1i0v9ndniiqh-840ge04t329jgjo7il1ditdk0.pkchtjtby/mTPo%F4%8D%8F%81IOcMt/oz*/!;2/y%F2%9E%B7%8AOQ%F3%B4%80%93z6%F3%9E%97%8B/%F3%B1%A7%84uEe%F2%8E%8A%BDd9z)/-+zy//Z6=F\",\n                \"isSelectable\": true\n              },\n              \"`-h+\": {\n                \"name\": \"d\",\n                \"ay\": 1966,\n                \"assign\": \"!&cI}SYV\",\n                \"match\": [\n                  {\n                    \"or\": [\n                      {\n                        \"pattern\": \"YOX971Z\",\n                        \"exclude\": \"YSFxH\",\n                        \"info\": \"0\"\n                      }\n                    ]\n                  },\n                  {\n                    \"or\": [\n                      {\n                        \"and\": [\n                          {\n                            \"and\": [\n                              {\n                                \"or\": [\n                                  \"UN7x6x\",\n                                  {\n                                    \"and\": [\n                                      \"AA8xY\",\n                                      \"HVK3*42O\",\n                                      \"CM14*\",\n                                      \"TK6x7B\",\n                                      \"JTA*7\"\n                                    ]\n                                  },\n                                  {\n                                    \"or\": [\n                                      \"VDV2x\",\n                                      \"KZ4166\",\n                                      \"QE73*\",\n                                      \"OQB7*95\"\n                                    ]\n                                  },\n                                  {\n                                    \"and\": [\n                                      \"UOO6\",\n                                      \"WK8081\",\n                                      \"FO2*1O\"\n                                    ]\n                                  }\n                                ]\n                              }\n                            ]\n                          }\n                        ]\n                      },\n                      {\n                        \"and\": [\n                          {\n                            \"pattern\": \"YQ63\",\n                            \"exclude\": \"JYP84K\",\n                            \"info\": \"-IW?iSZh\"\n                          },\n                          {\n                            \"or\": []\n                          },\n                          {\n                            \"pattern\": \"ICY68\",\n                            \"exclude\": \"OU8E\",\n                            \"info\": \"Z$[dS\"\n                          },\n                          \"EOY327H\"\n                        ]\n                      },\n                      \"FST8810D\",\n                      {\n                        \"or\": []\n                      }\n                    ]\n                  }\n                ],\n                \"satisfy\": [\n                  {\n                    \"and\": [\n                      {\n                        \"and\": [\n                          \"=C$h_\",\n                          {\n                            \"and\": [\n                              \")\",\n                              \"<'R(,\",\n                              \"*\",\n                              {\n                                \"or\": [\n                                  \"Yw4\",\n                                  \"jCoKsr;ZrN\"\n                                ]\n                              }\n                            ]\n                          }\n                        ]\n                      },\n                      {\n                        \"mc\": \">=100\"\n                      },\n                      \"\",\n                      \"4.w^tnMw\",\n                      {\n                        \"or\": []\n                      }\n                    ]\n                  },\n                  {\n                    \"or\": [\n                      {\n                        \"mc\": \"<=9\"\n                      }\n                    ]\n                  },\n                  {\n                    \"or\": [\n                      \"ur+bhm J#\\\\\",\n                      \"|r: ?n.X}V\",\n                      {\n                        \"mc\": \">=106\"\n                      },\n                      {\n                        \"or\": [\n                          {\n                            \"or\": [\n                              \"LXT;[\",\n                              {\n                                \"or\": []\n                              }\n                            ]\n                          }\n                        ]\n                      },\n                      \"&f\"\n                    ]\n                  },\n                  {\n                    \"and\": [\n                      \")~F!KN,\",\n                      \"X;R}\",\n                      {\n                        \"or\": [\n                          {\n                            \"mc\": \"<=172\"\n                          },\n                          \"*Xex&31a\",\n                          {\n                            \"and\": [\n                              {\n                                \"mc\": \"<=194\"\n                              },\n                              {\n                                \"or\": [\n                                  \"%Q*SO\"\n                                ]\n                              }\n                            ]\n                          },\n                          \"B_<6,F6\"\n                        ]\n                      },\n                      {\n                        \"mc\": \"<=141\"\n                      }\n                    ]\n                  },\n                  {\n                    \"or\": [\n                      {\n                        \"and\": []\n                      },\n                      {\n                        \"and\": [\n                          \"@0\"\n                        ]\n                      }\n                    ]\n                  }\n                ],\n                \"url\": \"http://b3g5ugw3owrflg8gr94elg17iw8thhnu.5hyz2dyqs-ye2vovaot0lffik4h84zc7b114i10rjos83w.wuefgeh-u68nn984y8rfm4i1fj6otnwrs.n6fq86xg444-pof-jj8d56m.whqz/k.7eBq/,iU,j.E/m'$%F3%B5%BB%8Dt'kh5%E3%9D%96/WKLkm@%F2%B4%B9%A5/PfE(U%F2%90%B5%A3\",\n                \"info\": \"wz\",\n                \"isSelectable\": true\n              }\n            }\n          },\n          \"-Pr-X@S\": {\n            \"name\": \"5rCQu&@m\\\"\",\n            \"ay\": 1962,\n            \"match\": [],\n            \"satisfy\": [\n              {\n                \"and\": [\n                  {\n                    \"mc\": \">=8\"\n                  },\n                  {\n                    \"or\": [\n                      \"cu?.;[/{\",\n                      \"$2B9Z[ee1\",\n                      {\n                        \"and\": [\n                          \"@OnL{\\\\;= \",\n                          \"Hi\",\n                          \"CjE1oHN2\",\n                          \"CmzS~\",\n                          {\n                            \"and\": [\n                              \"\",\n                              \"Z'.4{.^@B7\"\n                            ]\n                          }\n                        ]\n                      },\n                      \"m7-YOb#)*(\",\n                      \"2_iw\"\n                    ]\n                  },\n                  {\n                    \"or\": [\n                      \"<r?OA\",\n                      {\n                        \"or\": [\n                          {\n                            \"and\": [\n                              \">%_\",\n                              \"/BEHQ1\",\n                              \"R\",\n                              \"=@aXoMhwp<\"\n                            ]\n                          },\n                          {\n                            \"and\": [\n                              \",t8\"\n                            ]\n                          },\n                          \"CB\",\n                          \"Jj]Lv\"\n                        ]\n                      },\n                      \"##d7K8`gl\"\n                    ]\n                  },\n                  {\n                    \"or\": [\n                      \"~-R)tj!\",\n                      {\n                        \"or\": [\n                          {\n                            \"or\": []\n                          }\n                        ]\n                      },\n                      \"3]P\",\n                      {\n                        \"or\": [\n                          \"+J\",\n                          \".\\\"gT)'k<}+\"\n                        ]\n                      },\n                      \"zV-c5}=a?y\"\n                    ]\n                  },\n                  {\n                    \"and\": [\n                      {\n                        \"and\": [\n                          \"\",\n                          \"7}qRs\",\n                          \"i*@pl\",\n                          \"#W'(\",\n                          \"\"\n                        ]\n                      },\n                      \"?\\\\@_\",\n                      \"E;\",\n                      \"_UX<r,-D\",\n                      \"N%\"\n                    ]\n                  }\n                ]\n              },\n              {\n                \"or\": [\n                  {\n                    \"and\": []\n                  },\n                  {\n                    \"mc\": \"<=14\"\n                  }\n                ]\n              },\n              {\n                \"and\": [\n                  {\n                    \"mc\": \">=182\"\n                  }\n                ]\n              }\n            ],\n            \"url\": \"https://57iscjddozo87krterfhn253yzwwswok0836m53zugvrz7elxj1c1f5f-iu1a.jxq3le80p3gvjpq0-ka9tovz1utd.zmrszda/Bz'%F2%AF%A6%AAaC/mRE/VURQbkB/%F2%85%B8%BE%F0%97%97%A0zUFu$/b!O/H)c$%F4%89%A6%B0i\",\n            \"info\": \"?!_VzX>`M\",\n            \"isSelectable\": true\n          }\n        },\n        \"Z4\": {\n          \"name\": \"\",\n          \"ay\": 1955,\n          \"match\": [\n            {\n              \"and\": [\n                {\n                  \"or\": [\n                    \"TYV1X\",\n                    \"VU3xx\",\n                    \"ABKx\"\n                  ]\n                },\n                \"XR0769\",\n                {\n                  \"or\": []\n                }\n              ]\n            },\n            {\n              \"and\": [\n                {\n                  \"pattern\": \"DUL13x6T\",\n                  \"exclude\": \"YYK8C\",\n                  \"info\": \"F|n\"\n                }\n              ]\n            },\n            {\n              \"or\": [\n                \"XZ73\",\n                {\n                  \"pattern\": \"ZMR447*\",\n                  \"info\": \".!\"\n                }\n              ]\n            },\n            {\n              \"pattern\": \"RWK405Y\",\n              \"exclude\": [\n                \"GFF61T\",\n                \"LL95x5\",\n                \"ZSD7C\"\n              ],\n              \"info\": \"\\\\wsqfz9,(\"\n            }\n          ],\n          \"url\": \"http://pydldfgrmeh-azeh45.p11js8sthtez3uaqkiq0oi4bd.wyk7rwfifbki0ki7ivban1ed1mt28evokl7eolm2.tmdxwqqyh//C7x8B/roXS3/vgL/1us)/q$G(%F3%AF%9C%BC/m.$fWR\",\n          \"info\": \"\",\n          \"isSelectable\": true\n        }\n      },\n      \"GTjf&\": {\n        \"name\": \"_/S_VC\",\n        \"ay\": 1988,\n        \"assign\": [\n          \"@6_+H.TP&p\",\n          \"[T\\\" M($Xj1\",\n          \"yAzhpkh\",\n          \"v0>Z@!<\",\n          \"!}Hdy$7@\"\n        ],\n        \"match\": {\n          \"and\": [\n            {\n              \"pattern\": \"XB73x1\",\n              \"info\": \"740-C|B<=p\"\n            },\n            {\n              \"pattern\": \"TTW*46L\",\n              \"info\": \"~MLz0I\"\n            },\n            {\n              \"or\": [\n                {\n                  \"and\": [\n                    \"FGH258*M\",\n                    \"XC4*0Y\",\n                    {\n                      \"or\": []\n                    },\n                    \"QMT82*J\",\n                    {\n                      \"and\": [\n                        {\n                          \"pattern\": \"EFI*235R\"\n                        },\n                        \"ECx00\",\n                        \"DJ031M\"\n                      ]\n                    }\n                  ]\n                }\n              ]\n            },\n            \"RU6*V\",\n            \"UA7x*6W\"\n          ]\n        },\n        \"satisfy\": [\n          {\n            \"and\": []\n          },\n          {\n            \"mc\": \"<=18\"\n          },\n          {\n            \"or\": [\n              {\n                \"and\": [\n                  {\n                    \"mc\"
[...]
              "err": {},
              "uuid": "ffea53f1-9f91-484b-b55e-68e1e7f2630f",
              "parentUUID": "b3eaa03d-4421-4c47-81f1-f1d39624b098",
              "isHook": false,
              "skipped": false
            },
            {
              "title": "should truncate list of modules with upper bound of MCs at exact cutoff if total MC count is higher and there exists some starting sequence with exact MC count",
              "fullTitle": "inequalitySatisfier should truncate list of modules with upper bound of MCs at exact cutoff if total MC count is higher and there exists some starting sequence with exact MC count",
              "timedOut": false,
              "duration": 0,
              "state": "passed",
              "speed": "fast",
              "pass": true,
              "fail": false,
              "pending": false,
              "context": null,
              "code": "const satisfier = satisfiers_1.inequalitySatisfier(ref, \"<=16\");\nsatisfier.should.have.property(\"filter\");\nconst { filter } = satisfier;\nisCorrectFilter(filter, modulesList1, [\n    \"CS2100\",\n    \"GER1000\",\n    \"CS2040S\",\n    \"ST2131\",\n]);",
              "err": {},
              "uuid": "0b18bdad-a504-4028-bb1d-0ea46919ad47",
              "parentUUID": "b3eaa03d-4421-4c47-81f1-f1d39624b098",
              "isHook": false,
              "skipped": false
            },
            {
              "title": "should truncate list of modules with upper bound of MCs, cutting off at the minimum starting sequence that exceeds upper bound, if total MC count is higher and there exists no starting sequence with exact MC count",
              "fullTitle": "inequalitySatisfier should truncate list of modules with upper bound of MCs, cutting off at the minimum starting sequence that exceeds upper bound, if total MC count is higher and there exists no starting sequence with exact MC count",
              "timedOut": false,
              "duration": 0,
              "state": "passed",
              "speed": "fast",
              "pass": true,
              "fail": false,
              "pending": false,
              "context": null,
              "code": "const satisfier = satisfiers_1.inequalitySatisfier(ref, \"<=17\");\nsatisfier.should.have.property(\"filter\");\nconst { filter } = satisfier;\nisCorrectFilter(filter, modulesList1, [\n    \"CS2100\",\n    \"GER1000\",\n    \"CS2040S\",\n    \"ST2131\",\n    \"MA1521\",\n]);",
              "err": {},
              "uuid": "5de06ca3-ca7a-4fc6-83bb-8d7479cdb9d1",
              "parentUUID": "b3eaa03d-4421-4c47-81f1-f1d39624b098",
              "isHook": false,
              "skipped": false
            }
          ],
          "suites": [],
          "passes": [
            "378ca3c6-7b3f-479e-a13c-9dc4701af68e",
            "7dcdc696-33b4-4c49-9ba0-5d77283700e4",
            "6dcf6543-fc70-4fab-93b4-c8174104717c",
            "7a654be0-a454-46c7-8ed7-b5a7e4306fa0",
            "ffea53f1-9f91-484b-b55e-68e1e7f2630f",
            "0b18bdad-a504-4028-bb1d-0ea46919ad47",
            "5de06ca3-ca7a-4fc6-83bb-8d7479cdb9d1"
          ],
          "failures": [],
          "pending": [],
          "skipped": [],
          "duration": 1,
          "root": false,
          "rootEmpty": false,
          "_timeout": 2000
        },
        {
          "uuid": "f1c52648-384c-4c95-bd1d-0a3333a76e0d",
          "title": "inequalitySchema",
          "fullFile": "/home/runner/work/planwithus-lib/planwithus-lib/src/satisfyRule/inequality/schemas.test.ts",
          "file": "/src/satisfyRule/inequality/schemas.test.ts",
          "beforeHooks": [],
          "afterHooks": [],
          "tests": [
            {
              "title": "should validate inequality in the form <=n or >=n",
              "fullTitle": "inequalitySchema should validate inequality in the form <=n or >=n",
              "timedOut": false,
              "duration": 1,
              "state": "passed",
              "speed": "fast",
              "pass": true,
              "fail": false,
              "pending": false,
              "context": "[\n  {\n    \"title\": \"inequality sample 0\",\n    \"value\": \"<=163\"\n  },\n  {\n    \"title\": \"inequality sample 1\",\n    \"value\": \">=78\"\n  },\n  {\n    \"title\": \"inequality sample 2\",\n    \"value\": \"<=5\"\n  },\n  {\n    \"title\": \"inequality sample 3\",\n    \"value\": \"<=194\"\n  },\n  {\n    \"title\": \"inequality sample 4\",\n    \"value\": \">=1\"\n  },\n  {\n    \"title\": \"inequality sample 5\",\n    \"value\": \"<=33\"\n  },\n  {\n    \"title\": \"inequality sample 6\",\n    \"value\": \">=8\"\n  },\n  {\n    \"title\": \"inequality sample 7\",\n    \"value\": \">=194\"\n  },\n  {\n    \"title\": \"inequality sample 8\",\n    \"value\": \">=33\"\n  },\n  {\n    \"title\": \"inequality sample 9\",\n    \"value\": \">=72\"\n  }\n]",
              "code": "fast_check_1.sample(index_test_2.inequality, 10).forEach((sample, i) => addContext_1.default(this, {\n    title: `inequality sample ${i}`,\n    value: sample,\n}));\nreturn fast_check_1.assert(fast_check_1.property(index_test_2.inequality, ajvValidate));",
              "err": {},
              "uuid": "f2ad0431-a024-4f9a-80ce-258b1c94c3c4",
              "parentUUID": "f1c52648-384c-4c95-bd1d-0a3333a76e0d",
              "isHook": false,
              "skipped": false
            },
            {
              "title": "should not validate inequality of invalid form",
              "fullTitle": "inequalitySchema should not validate inequality of invalid form",
              "timedOut": false,
              "duration": 1,
              "state": "passed",
              "speed": "fast",
              "pass": true,
              "fail": false,
              "pending": false,
              "context": null,
              "code": "[\n        \"\",\n        \"==23\",\n        \"23\",\n        \"<23\",\n        \">23\",\n        \"<=-1\",\n        \">=-1\",\n        \"<= 2\",\n        \">= 1\",\n        \"> 3\",\n        \"< 3\",\n        \"<=3a\",\n        \">=3a\",\n        \"a<=3\",\n        \"a>=3\",\n    ].forEach(isInvalidInequality)",
              "err": {},
              "uuid": "d27b8738-fd2b-4114-bd78-8c231c0cea7b",
              "parentUUID": "f1c52648-384c-4c95-bd1d-0a3333a76e0d",
              "isHook": false,
              "skipped": false
            }
          ],
          "suites": [],
          "passes": [
            "f2ad0431-a024-4f9a-80ce-258b1c94c3c4",
            "d27b8738-fd2b-4114-bd78-8c231c0cea7b"
          ],
          "failures": [],
          "pending": [],
          "skipped": [],
          "duration": 2,
          "root": false,
          "rootEmpty": false,
          "_timeout": 2000
        },
        {
          "uuid": "0c4daed3-640f-437e-8ff8-03cf41522e20",
          "title": "satisfyRuleSchema",
          "fullFile": "/home/runner/work/planwithus-lib/planwithus-lib/src/satisfyRule/schemas.test.ts",
          "file": "/src/satisfyRule/schemas.test.ts",
          "beforeHooks": [],
          "afterHooks": [],
          "tests": [
            {
              "title": "should validate satisfy rule with valid block id",
              "fullTitle": "satisfyRuleSchema should validate satisfy rule with valid block id",
              "timedOut": false,
              "duration": 1,
              "state": "passed",
              "speed": "fast",
              "pass": true,
              "fail": false,
              "pending": false,
              "context": null,
              "code": "fast_check_1.assert(fast_check_1.property(fast_check_1.string(), ajvValidate)",
              "err": {},
              "uuid": "67bd1d9e-0cf0-4edd-89c5-076a95ffb35e",
              "parentUUID": "0c4daed3-640f-437e-8ff8-03cf41522e20",
              "isHook": false,
              "skipped": false
            },
            {
              "title": "should validate satisfy rules with valid mc",
              "fullTitle": "satisfyRuleSchema should validate satisfy rules with valid mc",
              "timedOut": false,
              "duration": 2,
              "state": "passed",
              "speed": "fast",
              "pass": true,
              "fail": false,
              "pending": false,
              "context": "[\n  {\n    \"title\": \"mcSatisfyRule sample 0\",\n    \"value\": {\n      \"mc\": \"<=10\"\n    }\n  },\n  {\n    \"title\": \"mcSatisfyRule sample 1\",\n    \"value\": {\n      \"mc\": \">=197\"\n    }\n  },\n  {\n    \"title\": \"mcSatisfyRule sample 2\",\n    \"value\": {\n      \"mc\": \"<=1\"\n    }\n  },\n  {\n    \"title\": \"mcSatisfyRule sample 3\",\n    \"value\": {\n      \"mc\": \"<=5\"\n    }\n  },\n  {\n    \"title\": \"mcSatisfyRule sample 4\",\n    \"value\": {\n      \"mc\": \">=194\"\n    }\n  },\n  {\n    \"title\": \"mcSatisfyRule sample 5\",\n    \"value\": {\n      \"mc\": \"<=3\"\n    }\n  },\n  {\n    \"title\": \"mcSatisfyRule sample 6\",\n    \"value\": {\n      \"mc\": \"<=198\"\n    }\n  },\n  {\n    \"title\": \"mcSatisfyRule sample 7\",\n    \"value\": {\n      \"mc\": \">=199\"\n    }\n  },\n  {\n    \"title\": \"mcSatisfyRule sample 8\",\n    \"value\": {\n      \"mc\": \"<=1\"\n    }\n  },\n  {\n    \"title\": \"mcSatisfyRule sample 9\",\n    \"value\": {\n      \"mc\": \">=11\"\n    }\n  }\n]",
              "code": "fast_check_1.sample(index_test_2.mcSatisfyRule, 10).forEach((sample, i) => addContext_1.default(this, {\n    title: `mcSatisfyRule sample ${i}`,\n    value: sample,\n}));\nreturn fast_check_1.assert(fast_check_1.property(index_test_2.mcSatisfyRule, ajvValidate));",
              "err": {},
              "uuid": "7fc1db40-5aa1-494f-b86a-fc846ba9328d",
              "parentUUID": "0c4daed3-640f-437e-8ff8-03cf41522e20",
              "isHook": false,
              "skipped": false
            },
            {
              "title": "should validate valid recursive satisfy rules",
              "fullTitle": "satisfyRuleSchema should validate valid recursive satisfy rules",
              "timedOut": false,
              "duration": 3,
              "state": "passed",
              "speed": "fast",
              "pass": true,
              "fail": false,
              "pending": false,
              "context": "[\n  {\n    \"title\": \"satisfyRule sample 0\",\n    \"value\": {\n      \"and\": [\n        {\n          \"or\": [\n            \"a/#\",\n            \"p=\"\n          ]\n        },\n        \"Xb{Y$P,D5C\",\n        {\n          \"mc\": \">=169\"\n        },\n        {\n          \"and\": [\n            \")~Vk-@ \",\n            \">%?mT4\",\n            \"\",\n            \"5gn&G9#Np\",\n            {\n              \"or\": [\n                \">S\",\n                {\n                  \"or\": []\n                },\n                \"BY^+0X&/\",\n                \"DI2s=v\\\\n)^\",\n                {\n                  \"or\": [\n                    \">\",\n                    \"A#o\",\n                    {\n                      \"mc\": \">=199\"\n                    },\n                    \"\\\"?$\",\n                    \"T\"\n                  ]\n                }\n              ]\n            }\n          ]\n        },\n        {\n          \"mc\": \"<=172\"\n        }\n      ]\n    }\n  },\n  {\n    \"title\": \"satisfyRule sample 1\",\n    \"value\": {\n      \"or\": []\n    }\n  },\n  {\n    \"title\": \"satisfyRule sample 2\",\n    \"value\": {\n      \"and\": [\n        {\n          \"or\": [\n            {\n              \"mc\": \"<=138\"\n            },\n            \"ma&<9Ld\"\n          ]\n        },\n        {\n          \"mc\": \">=80\"\n        },\n        {\n          \"and\": [\n            {\n              \"mc\": \"<=134\"\n            }\n          ]\n        }\n      ]\n    }\n  },\n  {\n    \"title\": \"satisfyRule sample 3\",\n    \"value\": \"x0cvNqWO\"\n  },\n  {\n    \"title\": \"satisfyRule sample 4\",\n    \"value\": \"B!HYsYP\"\n  },\n  {\n    \"title\": \"satisfyRule sample 5\",\n    \"value\": \"\"\n  },\n  {\n    \"title\": \"satisfyRule sample 6\",\n    \"value\": {\n      \"mc\": \">=200\"\n    }\n  },\n  {\n    \"title\": \"satisfyRule sample 7\",\n    \"value\": {\n      \"and\": [\n        {\n          \"and\": [\n            {\n              \"mc\": \"<=1\"\n            },\n            \":&.JoJiz\",\n            \";h`v\"\n          ]\n        },\n        \"\\\"%RAs\",\n        {\n          \"mc\": \">=198\"\n        },\n        \"jhEW.W\",\n        {\n          \"or\": [\n            \"XF5%Mhu\",\n            \"Bu^w\",\n            \"C$1[A>\",\n            \"T-V<?Jj\\\\l\",\n            {\n              \"mc\": \"<=161\"\n            }\n          ]\n        }\n      ]\n    }\n  },\n  {\n    \"title\": \"satisfyRule sample 8\",\n    \"value\": {\n      \"mc\": \">=140\"\n    }\n  },\n  {\n    \"title\": \"satisfyRule sample 9\",\n    \"value\": {\n      \"and\": [\n        \"`MY-\",\n        {\n          \"mc\": \"<=185\"\n        }\n      ]\n    }\n  }\n]",
              "code": "fast_check_1.sample(index_test_2.satisfyRule, 10).forEach((sample, i) => addContext_1.default(this, {\n    title: `satisfyRule sample ${i}`,\n    value: sample,\n}));\nreturn fast_check_1.assert(fast_check_1.property(index_test_2.satisfyRule, ajvValidate));",
              "err": {},
              "uuid": "2e38edd3-aa6a-4dd1-a9fe-81729bdcaf6a",
              "parentUUID": "0c4daed3-640f-437e-8ff8-03cf41522e20",
              "isHook": false,
              "skipped": false
            },
            {
              "title": "should not validate non-string/object",
              "fullTitle": "satisfyRuleSchema should not validate non-string/object",
              "timedOut": false,
              "duration": 1,
              "state": "passed",
              "speed": "fast",
              "pass": true,
              "fail": false,
              "pending": false,
              "context": null,
              "code": "const error = {\n    instancePath: \"\",\n    message: \"satisfy rule should be either a string or an object\",\n};\nisInvalidRule(null, error);\nisInvalidRule(undefined, error);\nisInvalidRule(10, error);\nisInvalidRule([12, 24], error);",
              "err": {},
              "uuid": "1308f8df-a255-4127-a0b9-0e3a5739ff8c",
              "parentUUID": "0c4daed3-640f-437e-8ff8-03cf41522e20",
              "isHook": false,
              "skipped": false
            },
            {
              "title": "should not validate satisfy rules with extra properties",
              "fullTitle": "satisfyRuleSchema should not validate satisfy rules with extra properties",
              "timedOut": false,
              "duration": 1,
              "state": "passed",
              "speed": "fast",
              "pass": true,
              "fail": false,
              "pending": false,
              "context": null,
              "code": "isInvalidRule({\n        and: [\n            { or: [\"2k\"], abc: \"def\" },\n            { mc: 8, ghi: \"jkl\" },\n        ],\n        mno: \"pqr\",\n    }, {\n        instancePath: \"/and/0\",\n        message: \"or satisfy rule should have property 'or' only\",\n    }, {\n        instancePath: \"/and/1\",\n        message: \"MC satisfy rule should have property 'mc' only\",\n    }, {\n        instancePath: \"\",\n        message: \"and satisfy rule should have property 'and' only\",\n    })",
              "err": {},
              "uuid": "caab1652-465b-4b5e-b38d-6457b907e784",
              "parentUUID": "0c4daed3-640f-437e-8ff8-03cf41522e20",
              "isHook": false,
              "skipped": false
            },
            {
              "title": "should not validate ambiguous satisfy rules",
              "fullTitle": "satisfyRuleSchema should not validate ambiguous satisfy rules",
              "timedOut": false,
              "duration": 0,
              "state": "passed",
              "speed": "fast",
              "pass": true,
              "fail": false,
              "pending": false,
              "context": null,
              "code": "const message = \"satisfy rule should have only one of properties 'mc', 'and', 'or'\";\nisInvalidRule({\n    or: [\n        { mc: 5, and: [\"CS2040\"] },\n        { and: [{ and: [\"abc\"], or: [\"def\"] }] },\n    ],\n}, { instancePath: \"/or/0\", message }, { instancePath: \"/or/1/and/0\", message });",
              "err": {},
              "uuid": "3023991f-eb95-4802-8c2d-f62b8ad5ad03",
              "parentUUID": "0c4daed3-640f-437e-8ff8-03cf41522e20",
              "isHook": false,
              "skipped": false
            },
            {
              "title": "should not validate and satisfy rules with non-array property",
              "fullTitle": "satisfyRuleSchema should not validate and satisfy rules with non-array property",
              "timedOut": false,
              "duration": 1,
              "state": "passed",
              "speed": "fast",
              "pass": true,
              "fail": false,
              "pending": false,
              "context": null,
              "code": "const message = \"property 'and' should be an array of satisfy rules\";\nisInvalidRule({ or: [{ and: {} }, { or: [{ and: 3 }] }] }, { instancePath: \"/or/0/and\", message }, { instancePath: \"/or/1/or/0/and\", message });",
              "err": {},
              "uuid": "e9f1caec-e40b-44fe-9e0e-63659255ff2a",
              "parentUUID": "0c4daed3-640f-437e-8ff8-03cf41522e20",
              "isHook": false,
              "skipped": false
            },
            {
              "title": "should not validate or satisfy rules with non-array property",
              "fullTitle": "satisfyRuleSchema should not validate or satisfy rules with non-array property",
              "timedOut": false,
              "duration": 0,
              "state": "passed",
              "speed": "fast",
              "pass": true,
              "fail": false,
              "pending": false,
              "context": null,
              "code": "const message = \"property 'or' should be an array of satisfy rules\";\nisInvalidRule({ and: [{ or: {} }, { and: [{ or: 3 }] }] }, { instancePath: \"/and/0/or\", message }, { instancePath: \"/and/1/and/0/or\", message });",
              "err": {},
              "uuid": "b336255d-94f4-4a21-af88-8b68b518a23d",
              "parentUUID": "0c4daed3-640f-437e-8ff8-03cf41522e20",
              "isHook": false,
              "skipped": false
            }
          ],
          "suites": [],
          "passes": [
            "67bd1d9e-0cf0-4edd-89c5-076a95ffb35e",
            "7fc1db40-5aa1-494f-b86a-fc846ba9328d",
            "2e38edd3-aa6a-4dd1-a9fe-81729bdcaf6a",
            "1308f8df-a255-4127-a0b9-0e3a5739ff8c",
            "caab1652-465b-4b5e-b38d-6457b907e784",
            "3023991f-eb95-4802-8c2d-f62b8ad5ad03",
            "e9f1caec-e40b-44fe-9e0e-63659255ff2a",
            "b336255d-94f4-4a21-af88-8b68b518a23d"
          ],
          "failures": [],
          "pending": [],
          "skipped": [],
          "duration": 9,
          "root": false,
          "rootEmpty": false,
          "_timeout": 2000
        }
      ],
      "passes": [],
      "failures": [],
      "pending": [],
      "skipped": [],
      "duration": 0,
      "root": true,
      "rootEmpty": true,
      "_timeout": 2000
    }
  ],
  "meta": {
    "mocha": {
      "version": "9.0.3"
    },
    "mochawesome": {
      "options": {
        "quiet": false,
        "reportFilename": "mochawesome",
        "saveHtml": true,
        "saveJson": true,
        "consoleReporter": "spec",
        "useInlineDiffs": false,
        "code": true
      },
      "version": "6.2.2"
    },
    "marge": {
      "options": {
        "reportDir": "docs"
      },
      "version": "5.2.0"
    }
  }
}