{
  "stats": {
    "suites": 10,
    "tests": 48,
    "passes": 48,
    "pending": 0,
    "failures": 0,
    "start": "2021-09-14T05:49:39.823Z",
    "end": "2021-09-14T05:49:40.083Z",
    "duration": 260,
    "testsRegistered": 48,
    "passPercent": 100,
    "pendingPercent": 0,
    "other": 0,
    "hasOther": false,
    "skipped": 0,
    "hasSkipped": false
  },
  "results": [
    {
      "uuid": "c5a8b8a2-f665-4148-bba7-efd6f107010c",
      "title": "",
      "fullFile": "",
      "file": "",
      "beforeHooks": [],
      "afterHooks": [],
      "tests": [],
      "suites": [
        {
          "uuid": "34af3766-284c-4afe-82a1-39d69173c287",
          "title": "initDirectories",
          "fullFile": "/home/runner/work/planwithus-lib/planwithus-lib/src/block/schemas.test.ts",
          "file": "/src/block/schemas.test.ts",
          "beforeHooks": [],
          "afterHooks": [],
          "tests": [
            {
              "title": "should parse all blocks with no errors",
              "fullTitle": "initDirectories should parse all blocks with no errors",
              "timedOut": false,
              "duration": 3,
              "state": "passed",
              "speed": "fast",
              "pass": true,
              "fail": false,
              "pending": false,
              "context": null,
              "code": "_1.initDirectories.should.not.throw()",
              "err": {},
              "uuid": "7722a744-bc35-430c-b50e-4a9f0d5271af",
              "parentUUID": "34af3766-284c-4afe-82a1-39d69173c287",
              "isHook": false,
              "skipped": false
            },
            {
              "title": "should produce primary, second & minor directories",
              "fullTitle": "initDirectories should produce primary, second & minor directories",
              "timedOut": false,
              "duration": 2,
              "state": "passed",
              "speed": "fast",
              "pass": true,
              "fail": false,
              "pending": false,
              "context": null,
              "code": "const directories = _1.initDirectories();\ndirectories.should.have.property(\"primary\");\ndirectories.should.have.property(\"second\");\ndirectories.should.have.property(\"minor\");",
              "err": {},
              "uuid": "eade14fc-fd9a-4aa6-b55a-1f2c0708bbf0",
              "parentUUID": "34af3766-284c-4afe-82a1-39d69173c287",
              "isHook": false,
              "skipped": false
            }
          ],
          "suites": [],
          "passes": [
            "7722a744-bc35-430c-b50e-4a9f0d5271af",
            "eade14fc-fd9a-4aa6-b55a-1f2c0708bbf0"
          ],
          "failures": [],
          "pending": [],
          "skipped": [],
          "duration": 5,
          "root": false,
          "rootEmpty": false,
          "_timeout": 2000
        },
        {
          "uuid": "a0342755-1f9f-4ce1-afb6-97b7c86b95fa",
          "title": "blockSchema",
          "fullFile": "/home/runner/work/planwithus-lib/planwithus-lib/src/block/schemas.test.ts",
          "file": "/src/block/schemas.test.ts",
          "beforeHooks": [],
          "afterHooks": [],
          "tests": [
            {
              "title": "should validate valid block",
              "fullTitle": "blockSchema should validate valid block",
              "timedOut": false,
              "duration": 144,
              "state": "passed",
              "speed": "slow",
              "pass": true,
              "fail": false,
              "pending": false,
              "context": "[\n  {\n    \"title\": \"block sample 0\",\n    \"value\": {\n      \"name\": \"!!v\",\n      \"match\": {\n        \"or\": [\n          {\n            \"or\": [\n              \"DJ3\",\n              \"UA6x\",\n              {\n                \"and\": [\n                  {\n                    \"and\": [\n                      \"NZx9\"\n                    ]\n                  },\n                  {\n                    \"pattern\": \"AA2L\",\n                    \"exclude\": \"QJ30\",\n                    \"info\": \"7)\"\n                  }\n                ]\n              }\n            ]\n          },\n          \"EAS8\"\n        ]\n      },\n      \"satisfy\": [\n        \"9UD7fMw/\\\"\",\n        \"eU2\",\n        \"\"\n      ],\n      \"url\": \"http://44-zavlhvcfsd5cb-e5oambfean-p8zbd5xd-ca6ad9baibj-j-e52-dh.xldbjcaoj/s-l@\",\n      \"isSelectable\": true,\n      \"=\": {\n        \"name\": \"-_a0\",\n        \"ay\": 1982,\n        \"assign\": \":ke8h}E\",\n        \"match\": [],\n        \"satisfy\": [\n          {\n            \"mc\": \">=139\"\n          }\n        ],\n        \"url\": \"https://6.senu0nxrva36lxo111b8a1bh1vuhp1a7ylr.ozydc/s2G/kgTgIx'fQE/SEb/HGE)Tn/I/s7P/e=/GH%F1%8D%AE%8ByZ%F3%8B%BC%A6/O$,qmp_\",\n        \"info\": \"SXR^&< .$\",\n        \"isSelectable\": true\n      },\n      \"h!\": {\n        \"name\": \"/>/JV\\\\o\",\n        \"ay\": 2023,\n        \"assign\": \"T\",\n        \"match\": {\n          \"and\": [\n            {\n              \"or\": [\n                \"IP7\",\n                \"UFQ4x\",\n                {\n                  \"and\": []\n                },\n                \"AHQ5754\"\n              ]\n            },\n            \"YJX543*\",\n            \"CBV4P\",\n            {\n              \"and\": []\n            },\n            {\n              \"or\": [\n                \"MVD7319\",\n                {\n                  \"or\": [\n                    \"XHV23*6N\",\n                    \"IJ2x35\"\n                  ]\n                }\n              ]\n            }\n          ]\n        },\n        \"satisfy\": [\n          {\n            \"mc\": \"<=181\"\n          },\n          {\n            \"and\": [\n              \"-78R+BX5\",\n              \":%l0pCR/~\",\n              {\n                \"mc\": \"<=150\"\n              }\n            ]\n          }\n        ],\n        \"url\": \"http://3cj-2b5dzed26feqay7zd57cf7c5dp.a.op3ubs.5--a.ur/.L(S/hl&x(vC\",\n        \"info\": \"\",\n        \"isSelectable\": true\n      }\n    }\n  },\n  {\n    \"title\": \"block sample 1\",\n    \"value\": {\n      \"4\": {\n        \"name\": \"\",\n        \"ay\": 1963,\n        \"match\": [],\n        \"satisfy\": {\n          \"and\": []\n        },\n        \"url\": \"https://i3jdr00vryedkgkrmt.nmd506djg6hgzo26kr1cs03waz60jzejcbct2ftvg8bhhu198xqz.6.rmk1knbhefpqfh4e90rym-wdo5q4ehsiwpr.y.zq/AmJIR/(z%F4%8D%99%A0+Qy9%F0%A1%BF%BE/Db1,2/8=:XK%F0%A9%82%9E%F0%98%BC%84)T@\",\n        \"isSelectable\": true\n      },\n      \"ay\": 1967,\n      \"assign\": [\n        \"x\",\n        \"\",\n        \"`\",\n        \">)T@zY->02\",\n        \"?LA%\"\n      ],\n      \"match\": [\n        {\n          \"pattern\": \"EI2287\",\n          \"exclude\": [\n            \"STV*67\",\n            \"MSZ9537A\",\n            \"DWx\",\n            \"GIV32\",\n            \"BWE26x9C\"\n          ],\n          \"info\": \"xg&I=zh7mw\"\n        }\n      ],\n      \"satisfy\": [\n        {\n          \"and\": [\n            \"~\",\n            {\n              \"mc\": \"<=5\"\n            },\n            {\n              \"or\": []\n            },\n            \"#c\"\n          ]\n        },\n        {\n          \"and\": [\n            {\n              \"mc\": \"<=5\"\n            }\n          ]\n        }\n      ],\n      \"url\": \"https://3fsefc5ds87va6er9f7fj5dl9c.cfad/:@r%30eebSfA/2.=c%F0%B7%A0%ACYX/Bee\",\n      \"info\": \"y_\",\n      \"isSelectable\": true,\n      \"\": {\n        \"assign\": [\n          \"1,A;t\"\n        ],\n        \"match\": [\n          \"BQF2Q\",\n          {\n            \"pattern\": \"SAF4G\",\n            \"exclude\": [\n              \"JZJx95xH\"\n            ],\n            \"info\": \"\\\"t\"\n          }\n        ],\n        \"satisfy\": \"\",\n        \"url\": \"http://a.c.vd/kB!%EB%B2%99m%F1%A8%88%9A/kw%F3%93%AE%8ADY&9%F0%9E%B6%89/P)H3/tBkn/a7ES5U/n6ucV$/Nw)nWKxhE/;MG)/W6dCio4\",\n        \"info\": \"^mI\",\n        \"isSelectable\": true\n      },\n      \"KF\": {\n        \"name\": \"q>hmAw:\",\n        \"ay\": 2001,\n        \"assign\": \"D8mstlq]G{\",\n        \"match\": {\n          \"and\": [\n            {\n              \"and\": []\n            },\n            {\n              \"pattern\": \"EMI691\",\n              \"exclude\": [\n                \"HB752B\",\n                \"ZFQ9963\",\n                \"GPSx3\",\n                \"MG6577V\"\n              ],\n              \"info\": \"=%^b(\"\n            }\n          ]\n        },\n        \"satisfy\": {\n          \"or\": []\n        },\n        \"url\": \"https://z.j.ovkdt5c98tmlc5qunjmb8g1pdk2-q2e-h381bq35hj0xqp6vvh.l8j2pe9k4rqqekvan8d4oq48v9dptmbbb4x518m41ksgzogfqg64o.iuyxjcqloq/OzDZr\",\n        \"info\": \"[S~MH\",\n        \"isSelectable\": true,\n        \"M~q6Th\": {\n          \"name\": \",aW\",\n          \"ay\": 2010,\n          \"assign\": \"y:Vv?wGp2Q\",\n          \"match\": [],\n          \"url\": \"https://3asgkzrc.e5e7pvvqskz2ffoybvwaohkypnefaymqrebtfhd3un08iku9n7.jhy9bgc.4.632-tbg7jn8e9mkahla.utaxu/2U);_xXd)/wOddD8F//5x(RI=%F3%B0%9A%8D/bZHxp/%F1%BE%92%B8H%F2%8E%B9%8D9:a:/\",\n          \"info\": \"x{e\",\n          \"isSelectable\": true\n        },\n        \"(vs\": {\n          \"name\": \";uRX+\\\\n<I\",\n          \"assign\": \"\",\n          \"match\": [\n            \"TFX*69C\",\n            \"CO3J\",\n            {\n              \"or\": [\n                \"BM51B\",\n                {\n                  \"and\": [\n                    {\n                      \"or\": [\n                        {\n                          \"and\": []\n                        },\n                        {\n                          \"pattern\": \"NF354\",\n                          \"exclude\": [\n                            \"PTx7\",\n                            \"FJx1Z\",\n                            \"OB468\"\n                          ],\n                          \"info\": \"{L/W\"\n                        },\n                        \"WW*9\",\n                        \"FOD01P\",\n                        {\n                          \"or\": [\n                            \"PC5T\",\n                            \"KF81\",\n                            {\n                              \"or\": [\n                                \"ZWU87C\",\n                                \"FGY0T\",\n                                \"HKM3\"\n                              ]\n                            },\n                            \"MAE*U\"\n                          ]\n                        }\n                      ]\n                    },\n                    {\n                      \"and\": [\n                        {\n                          \"pattern\": \"QM8*R\",\n                          \"exclude\": [\n                            \"YQxx1O\",\n                            \"KYA1\"\n                          ],\n                          \"info\": \"3BG![:\"\n                        },\n                        {\n                          \"or\": [\n                            {\n                              \"pattern\": \"TJ6063S\",\n                              \"info\": \"R(E:-pz#j\"\n                            },\n                            \"VQ90Z\",\n                            \"XFT7\",\n                            \"YH55\",\n                            {\n                              \"or\": [\n                                \"KY*x18\",\n                                \"ZH1*87\",\n                                \"AGx8W\"\n                              ]\n                            }\n                          ]\n                        },\n                        \"HTM8623Q\",\n                        {\n                          \"or\": [\n                            \"YL*1J\",\n                            \"MMP46\"\n                          ]\n                        },\n                        \"EZT984\"\n                      ]\n                    },\n                    \"EM8\",\n                    {\n                      \"or\": [\n                        {\n                          \"or\": [\n                            \"OBCxC\",\n                            \"EE9\"\n                          ]\n                        },\n                        \"HKUx796\",\n                        \"BA15*x\",\n                        {\n                          \"or\": [\n                            \"QI6283\"\n                          ]\n                        },\n                        \"IKK3K\"\n                      ]\n                    }\n                  ]\n                }\n              ]\n            },\n            {\n              \"and\": [\n                {\n                  \"and\": [\n                    \"CT36\",\n                    \"JDN4*0\",\n                    {\n                      \"pattern\": \"NR75*0\",\n                      \"exclude\": \"YKI88\",\n                      \"info\": \" zX)z\"\n                    },\n                    \"YTxT\"\n                  ]\n                },\n                {\n                  \"or\": []\n                },\n                {\n                  \"or\": []\n                },\n                {\n                  \"pattern\": \"LSO*23P\",\n                  \"info\": \"*w:gs>_`\"\n                },\n                \"OXP4P\"\n              ]\n            }\n          ],\n          \"satisfy\": [\n            \"Gy}>J`NvT\",\n            {\n              \"and\": [\n                {\n                  \"mc\": \"<=2\"\n                },\n                {\n                  \"mc\": \"<=117\"\n                },\n                \"T\\\"703\",\n                \"@IX)7yAi\",\n                {\n                  \"and\": [\n                    \"AWX6w\",\n                    {\n                      \"mc\": \">=83\"\n                    },\n                    \"\",\n                    \"ouuJ{zhr'=\",\n                    {\n                      \"and\": []\n                    }\n                  ]\n                }\n              ]\n            },\n            {\n              \"and\": [\n                {\n                  \"and\": [\n                    \"z\",\n                    \"fcQ$\",\n                    \"u*]*&:\"\n                  ]\n                },\n                {\n                  \"mc\": \"<=40\"\n                },\n                {\n                  \"and\": [\n                    \"#skw^DM]\",\n                    {\n                      \"or\": [\n                        \"xwOG\"\n                      ]\n                    },\n                    \"g6c!wEr,\",\n                    \"!Yd.N4\"\n                  ]\n                }\n              ]\n            },\n            {\n              \"or\": [\n                {\n                  \"and\": [\n                    \",Q,y!MCU\",\n                    {\n                      \"or\": [\n                        {\n                          \"and\": [\n                            \"\",\n                            \"d+APw\",\n                            {\n                              \"or\": [\n                                \"]_Ufve\",\n                                \"_&1<)TQNH\",\n                                \"=(&O\",\n                                \"v@j3S\"\n                              ]\n                            },\n                            \" C(5U\",\n                            \"h3}68\\\"5>\"\n                          ]\n                        },\n                        \"$WS\",\n                        \"el[rcI\",\n                        \"\"\n                      ]\n                    },\n                    {\n                      \"or\": [\n                        \"r:N\\\\\",\n                        \"yVBqDtIj\"\n                      ]\n                    },\n                    {\n                      \"and\": [\n                        \"T\",\n                        {\n                          \"and\": [\n                            \",'>l\",\n                            \".]T`vErej\"\n                          ]\n                        },\n                        \"rB\",\n                        \"cl\"\n                      ]\n                    }\n                  ]\n                },\n                {\n                  \"and\": [\n                    \"[*qxTN\",\n                    {\n                      \"or\": [\n                        {\n                          \"or\": [\n                            \"\",\n                            \"}-Ff(M'\"\n                          ]\n                        },\n                        {\n                          \"and\": []\n                        },\n                        {\n                          \"mc\": \">=177\"\n                        },\n                        {\n                          \"or\": [\n                            {\n                              \"and\": [\n                                \"_F=\",\n                                \"\",\n                                \"X$g%\",\n                                \"Q4NXx!PO\"\n                              ]\n                            },\n                            \"+>sI\",\n                            {\n                              \"and\": [\n                                \"2mJ|\"\n                              ]\n                            },\n                            \"S6<e\",\n                            \"^i_ES0\"\n                          ]\n                        },\n                        {\n                          \"or\": [\n                            {\n                              \"mc\": \"<=192\"\n                            }\n                          ]\n                        }\n                      ]\n                    },\n                    {\n                      \"and\": [\n                        \"-W\"\n                      ]\n                    },\n                    {\n                      \"mc\": \">=19\"\n                    },\n                    \"B`C)KMdEe{\"\n                  ]\n                },\n                \":&KEru\",\n                {\n                  \"or\": [\n                    \"ViJJpSEp\",\n                    {\n                      \"and\": [\n                        {\n                          \"and\": [\n                            \"_>;E7@]}\",\n                            \"+5#Q\",\n                            {\n                              \"or\": [\n                                \"JomG!FZ{N8\",\n                                \"C:[I0W7^2\",\n                                \"b:&kV,Nm\"\n                              ]\n                            },\n                            \"L^c\"\n                          ]\n                        }\n                      ]\n                    },\n                    {\n                      \"and\": [\n                        {\n                          \"and\": [\n                            {\n                              \"or\": [\n                                \"$:|\",\n                                \"$Ww-jp\"\n                              ]\n                            },\n                            \"&\\\\2f*_h\",\n                            \"Jp.OT/\\\\eO\"\n                          ]\n                        },\n                        \"(D[+-$I\",\n                        \"PS/{8) b\",\n                        \"\"\n                      ]\n                    },\n                    \"C-(LmPp\",\n                    \"H&)[&0\"\n                  ]\n                }\n              ]\n            }\n          ],\n          \"info\": \"Bz`\\\"Vro\"\n        },\n        \"\": {\n          \"name\": \"lV\",\n          \"ay\": 1964,\n          \"assign\": \"x\",\n          \"satisfy\": {\n            \"mc\": \"<=162\"\n          },\n          \"url\": \"https://anpqqm1asqir4sblrsaxdw6u6gvfpe0d.weqn-dvx7tesnjnag7ushsai7vq7splz7d5ux8m-ekj0yf5o4t1x4obol.quwjljzeo6g8747j3hm2s5y65s6uxt0ab4m0duq5u.fb5m.yptrtvlv/~ig@Pt/mI3MeJxKIr/.jd-MQUMbz/:Yd:+m%F3%A6%90%9C'/R=QPp//:oaXmE~c@i/eC!uLVuni/PJ2&~h/p%F4%87%81%A5mm~%F0%91%9F%A1'\",\n          \"info\": \"QBDK|J{\",\n          \"isSelectable\": true\n        }\n      },\n      \"R(xd[\": {\n        \"ay\": 1981,\n        \"assign\": [\n          \"~H\",\n          \"&\",\n          \"S?:/w/x\",\n          \"fI6ZO\"\n        ],\n        \"match\": {\n          \"and\": [\n            \"WEU65\",\n            {\n              \"and\": []\n            },\n            {\n              \"pattern\": \"DZ0076\",\n              \"exclude\": \"CIV3\",\n              \"info\": \"Ol[f&L24\"\n            },\n            {\n              \"and\": [\n                \"SOB**J\",\n                \"CIV7D\",\n                \"TKU8\"\n              ]\n            },\n            {\n              \"and\": [\n                \"GOJ2\",\n                {\n                  \"pattern\": \"JZLx6C\",\n                  \"exclude\": \"UYF6E\",\n                  \"info\": \"_A@}-9(0e\"\n                },\n                \"XO5E\"\n              ]\n            }\n          ]\n        },\n        \"satisfy\": [],\n        \"url\": \"https://5i51np6ccnzjt.uvl4ss3zwgddyue959ldvc06tidrrfsm3t51eoyzz037.eqanflzfz/=\",\n        \"info\": \"B\\\\,gNK5\",\n        \"isSelectable\": true,\n        \"%\": {\n          \"name\": \"gqe=\",\n          \"ay\": 2008,\n          \"match\": [\n            {\n              \"and\": [\n                {\n                  \"pattern\": \"DCK30*\",\n                  \"exclude\": \"WHG3\",\n                  \"info\": \"kJ?3x?^J\"\n                },\n                {\n                  \"pattern\": \"EBF4\",\n                  \"exclude\": [\n                    \"IC9070B\",\n                    \"TCV0810U\",\n                    \"HV8*1J\"\n                  ],\n                  \"info\": \"\"\n                },\n                {\n                  \"pattern\": \"JC97A\",\n                  \"exclude\": [\n                    \"HPJ47H\",\n                    \"NXT646\"\n                  ],\n                  \"info\": \"_?@Up\"\n                },\n                {\n                  \"pattern\": \"VE29P\",\n                  \"exclude\": [\n                    \"QAH5\",\n                    \"OXU9867\",\n                    \"DZI4354A\",\n                    \"SFN7*C\"\n                  ],\n                  \"info\": \"vy\"\n                }\n              ]\n            },\n            {\n              \"and\": [\n                {\n                  \"and\": [\n                    \"BI40x8\",\n                    {\n                      \"or\": [\n                        {\n                          \"and\": [\n                            \"AZ4\",\n                            \"FB2\"\n                          ]\n                        },\n                        {\n                          \"pattern\": \"IKP298\"\n                        },\n                        {\n                          \"or\": [\n                            {\n                              \"pattern\": \"ND2\",\n                              \"exclude\": [\n                                \"AF815\",\n                                \"QMM151E\",\n                                \"KG4*49D\",\n                                \"VDB*18G\"\n                              ],\n                              \"info\": \"I\"\n                            },\n                            \"QT*24E\",\n                            \"EJ1x*2B\",\n                            {\n                              \"or\": [\n                                \"PE6x57J\"\n                              ]\n                            }\n                          ]\n                        }\n                      ]\n                    }\n                  ]\n                }\n              ]\n            },\n            \"JJ*\"\n          ],\n          \"url\": \"http://4uk0j73ftrcudojj0x1nfyu0a5.7mnzo76ny2kqc44p-qryu5y5feujsfo1djjydyy9wajp68f9u3mk9w52pj2.bev1ex5-51owhtavho1gs7fpmxjifao4c-v4u--i7832.s4o2a7gl612hp78pqsr7h4nrf3-5pupug80adasb.d56rsrq2htnt7sw5ly0oscnk70ml622elir667j1pdevrhl.psfioxq/%F2%A0%A9%B54u6,/=mqWxx/Sp3%F0%B4%A1%8Ch%F0%A2%B5%97qz%F0%A8%99%A7/9/$5tH6%F1%85%91%AEhMo//Y/X\",\n          \"info\": \"|qWsAi\"\n        },\n        \";%E4_r\": {\n          \"name\": \"0EO3w}~\",\n          \"ay\": 1979,\n          \"assign\": \"o!m2N\\\\ dM\",\n          \"match\": [\n            {\n              \"pattern\": \"UM4\",\n              \"info\": \"`1\"\n            },\n            {\n              \"or\": [\n                {\n                  \"and\": [\n                    \"CYS0\",\n                    {\n                      \"or\": [\n                        {\n                          \"or\": [\n                            \"XTK18*8\",\n                            \"IIJ932*\",\n                            {\n                              \"or\": [\n                                \"FY6304N\",\n                                {\n                                  \"and\": [\n                                    \"UCJ9M\"\n                                  ]\n                                },\n                                \"ERU22\",\n                                \"LZ1456O\",\n                                {\n                                  \"pattern\": \"GFG4*K\",\n                                  \"exclude\": [\n                                    \"AW9942K\"\n                                  ],\n                                  \"info\": \"Y\"\n                                }\n                              ]\n                            },\n                            \"HB86\",\n                            \"RYB5x06\"\n                          ]\n                        },\n                        {\n                          \"and\": [\n                            \"AHZ08\",\n                            \"HI3V\",\n                            \"ZFxQ\",\n                            {\n                              \"or\": [\n                                {\n                                  \"or\": [\n                                    \"OOM434xM\",\n                                    \"CM139\",\n                                    {\n                                      \"or\": []\n                                    },\n                                    \"CFQ16*4\",\n                                    \"SX6x4\"\n                                  ]\n                                },\n                                \"SK9U\",\n                                \"RU4245\"\n                              ]\n                            },\n                            \"NKE484\"\n                          ]\n                        }\n                      ]\n                    },\n                    \"DZx38\",\n                    \"TEx2Q\"\n                  ]\n                },\n                {\n                  \"or\": []\n                },\n                {\n                  \"or\": []\n                },\n                \"YPJ3711\"\n              ]\n            },\n            {\n              \"or\": [\n                \"NMW3xG\",\n                \"ZL0W\",\n                {\n                  \"pattern\": \"LZ458Z\",\n                  \"exclude\": \"JSU4R\",\n                  \"info\": \"M\"\n                }\n              ]\n            }\n          ],\n          \"satisfy\": {\n            \"or\": [\n              {\n                \"or\": []\n              }\n            ]\n          },\n          \"url\": \"http://u00dzpt.p9td1klmuudonh11rfr9r.qmxwcomf/A~A\",\n          \"isSelectable\": true,\n          \"_\\\"{(\": {\n            \"ay\": 1969,\n            \"assign\": [],\n            \"match\": {\n              \"pattern\": \"GKQ270P\",\n              \"exclude\": \"QD6E\",\n              \"info\": \":y9KC5\"\n            },\n            \"satisfy\": \"Kk6}Fp\",\n            \"url\": \"http://j.j.8qf44kequs4j6ozl9wz3dja6iac5aqhejqr983o0vntg7l7-9jpf1.dnjnn/%F0%BA%AB%B56)WZQ@(OM/E=:Uquq/%F3%93%A4%A9Bp6ZkRH/q~/+M(7o%F2%A9%8E%BC$r\",\n            \"info\": \"Xv\"\n          },\n          \"@Lj]C88DxS\": {\n            \"name\": \"S7y\",\n            \"assign\": [\n              \"4dp8Psy}\",\n              \"+md\\\"<*z\",\n              \"1@P\",\n              \" ns\"\n            ],\n            \"match\": [],\n            \"satisfy\": [],\n            \"url\": \"https://grn-o1x06.11fa5wdll2crkqemirjir609ehhu63cgwtv6xd1xf.e.4-e856-pup1fywm3em0qv8fldq.bhultlv/+nT=W/%E2%8D%A9\",\n            \"info\": \"If%O8F\",\n            \"isSelectable\": true\n          },\n          \"(.@\": {\n            \"name\": \"uiC4'`\",\n            \"ay\": 2020,\n            \"assign\": \"6\",\n            \"match\": [\n              \"MRG*0E\",\n              {\n                \"and\": [\n                  \"NN2\",\n                  {\n                    \"or\": [\n                      {\n                        \"or\": [\n                          \"FK8x6xU\",\n                          {\n                            \"and\": []\n                          },\n                          \"WK*0*W\"\n                        ]\n                      },\n                      \"VWR7N\"\n                    ]\n                  }\n                ]\n              },\n              {\n                \"pattern\": \"BPC75Z\",\n                \"exclude\": [\n                  \"PR69x9\",\n                  \"BVK5x\",\n                  \"JI5861\",\n                  \"DQ8\",\n                  \"PL444R\"\n                ],\n                \"info\": \"\\\",Z=d\"\n              }\n            ],\n            \"satisfy\": {\n              \"and\": [\n                {\n                  \"or\": [\n                    {\n                      \"or\": [\n                        \"t1yI\",\n                        {\n                          \"or\": [\n                            \"OWQT#|6\",\n                            \"PXqm1\",\n                            \"\\\\\\\\\",\n                            \";F)d3#U\"\n                          ]\n                        }\n                      ]\n                    },\n                    \"?'T8\",\n                    \"Y?HK\",\n                    \"\\\\We6\",\n                    \"n\"\n                  ]\n                },\n                {\n                  \"or\": [\n                    \"%#|g9S|!\",\n                    {\n                      \"and\": [\n                        {\n                          \"mc\": \"<=165\"\n                        },\n                        \"QP(\",\n                        \"ROj0j]Krh9\",\n                        {\n                          \"or\": [\n                            \")5T\",\n                            {\n                              \"or\": []\n                            }\n                          ]\n                        },\n                        \"($ZUt\"\n                      ]\n                    },\n                    {\n                      \"and\": [\n                        \"y\",\n                        {\n                          \"mc\": \">=125\"\n                        },\n                        \"`?|ZN?\",\n                        \"oi/h`}&R!\"\n                      ]\n                    },\n                    \"\"\n                  ]\n                },\n                \"\\\\Ux\"\n              ]\n            },\n            \"url\": \"http://f-yh551ytulr5gl3whdsfbt0g7lhirx7p9nq1mg2fdj0bu6uzwcf8.xkzdvi/aN%E1%AF%90l%F0%BC%AF%B6rp%F0%A9%BF%A4/d/:kdnw//(j/\",\n            \"isSelectable\": true\n          },\n          \"oi2bR<,\": {\n            \"assign\": \"c%|,@\\\",\",\n            \"match\": [\n              {\n                \"pattern\": \"OXU2*6J\",\n                \"exclude\": \"WSK*61\",\n                \"info\": \"sY\\\"q<MFD\"\n              },\n              {\n                \"pattern\": \"NN237*I\",\n                \"exclude\": [\n                  \"PW7165U\"\n                ],\n                \"info\": \"L~P1dLmP8L\"\n              },\n              {\n                \"and\": []\n              }\n            ],\n            \"satisfy\": [\n              \"01ydn\",\n              \"qX7m\",\n              {\n                \"or\": [\n                  {\n                    \"mc\": \"<=175\"\n                  },\n                  {\n                    \"mc\": \">=42\"\n                  },\n                  {\n                    \"or\": [\n                      {\n                        \"or\": [\n                          {\n                            \"or\": [\n                              \"vYxPIry/\",\n                              \"8}u/}hkx\",\n                              \"KvG\",\n                              \"\\\"n*\\\\TNBQtp\"\n                            ]\n                          },\n                          \"xJ'{m<N\",\n                          \"g[d\",\n                          \"}{8foL(?\"\n                        ]\n                      },\n                      \",Y^_HxUH\\\"}\",\n                      {\n                        \"mc\": \">=12\"\n                      },\n                      \"k\",\n                      \" aq\"\n                    ]\n                  },\n                  \"\"\n                ]\n              }\n            ],\n            \"url\": \"http://j.8.l.awi4o.gg.pgerdmmkot/%F2%B9%A3%9B&xf%F3%8E%94%A2R/%F1%88%AD%9Fzd%F2%B8%84%8B@/t6%E6%92%90z(=;y/64e&@bV7@/zlOOu9J1/uc%F3%BB%A2%A1ELtiIFv//ztE;O8Tie\",\n            \"info\": \"?>BE]-|\",\n            \"isSelectable\": true\n          },\n          \"0Oo\": {\n            \"name\": \"mPX\",\n            \"ay\": 1978,\n            \"assign\": \"Z'Bgas\",\n            \"match\": {\n              \"and\": []\n            },\n            \"satisfy\": {\n              \"or\": [\n                {\n                  \"and\": []\n                },\n                {\n                  \"and\": [\n                    {\n                      \"mc\": \">=19\"\n                    }\n                  ]\n                },\n                {\n                  \"and\": [\n                    {\n                      \"and\": [\n                        {\n                          \"or\": [\n                            \"v$\\\\V-}218K\",\n                            \"\",\n                            \"-4`k~(f(K9\",\n                            \"62{jd2(\"\n                          ]\n                        },\n                        \"D9{V\",\n                        \"{h|eI\\\\\",\n                        {\n                          \"or\": [\n                            \"*&u+\",\n                            \"M<9\",\n                            \"g0Y\"\n                          ]\n                        }\n                      ]\n                    },\n                    {\n                      \"or\": [\n                        {\n                          \"or\": [\n                            \"1\",\n                            {\n                              \"and\": [\n                                \"=%?\"\n                              ]\n                            },\n                            {\n                              \"and\": [\n                                \"v04p|_$!(\",\n                                \"O[tzD<2$2n\",\n                                \"Iy)fuF2*Up\",\n                                \";\",\n                                \"\"\n                              ]\n                            },\n                            \"WvjA{\"\n                          ]\n                        },\n                        \"\\\":j7{\"\n                      ]\n                    },\n                    {\n                      \"and\": [\n                        \"K@F\",\n                        {\n                          \"and\": [\n                            \"c}1mL\",\n                            \"[l$\",\n                            {\n                              \"mc\": \">=74\"\n                            },\n                            {\n                              \"mc\": \"<=79\"\n                            }\n                          ]\n                        },\n                        {\n                          \"mc\": \"<=109\"\n                        },\n                        \"{f:i|4\"\n                      ]\n                    }\n                  ]\n                }\n              ]\n            },\n            \"url\": \"http://cc6wxd27yz0ngbujk21m7bl4pvtt53xp32s4601i.uikkeaqfku/7/yhbVz//)BZ,Y/jX2Pzq49/%F3%80%8A%97L1kJ-F//Su%F2%8E%83%9ALfPng%F1%B8%92%91/x(p\",\n            \"info\": \"f,000GR2P\",\n            \"isSelectable\": true\n          }\n        },\n        \"\": {\n          \"name\": \"8I$\",\n          \"ay\": 1967,\n          \"assign\": [\n            \"-P`Ewtip\",\n            \"h1?CoPhj\",\n            \"h%|<J$uyeV\",\n            \"C1cKw2`S#\"\n          ],\n          \"satisfy\": \"sxh}zO)\",\n          \"info\": \"%\",\n          \"isSelectable\": true\n        },\n        \"D<6<o:-\\\\{\": {\n          \"name\": \"5\",\n          \"ay\": 1994,\n          \"assign\": \"yX@_Fx,4B\",\n          \"url\": \"http://s.he.e.ua1f9li4df1ya4-m9a.vtx/n+'%E8%BC%AB%E4%A5%8EsU2%F2%8C%AD%A0S/%F3%A3%91%8D//PBRS,11!/t/mluqUlPr%F0%93%9C%B5/q_Idk$C/HP/2\",\n          \"info\": \"\",\n          \"isSelectable\": true,\n          \"Y!`e \": {\n            \"name\": \"QIB\",\n            \"ay\": 1980,\n            \"match\": {\n              \"or\": [\n                {\n                  \"pattern\": \"OX069\",\n                  \"exclude\": \"DN*5\",\n                  \"info\": \"H[U&e_@f\"\n                },\n                {\n                  \"or\": [\n                    {\n                      \"pattern\": \"KGD88\",\n                      \"exclude\": [\n                        \"NLU22x*I\"\n                      ],\n                      \"info\": \"\\\\Dam\"\n                    },\n                    \"MQRxF\",\n                    \"TXNx17*J\",\n                    {\n                      \"or\": [\n                        \"GG18V\",\n                        {\n                          \"pattern\": \"FFxx0\",\n                          \"exclude\": [\n                            \"MA6T\"\n                          ],\n                          \"info\": \"L@GwoR|U\"\n                        },\n                        \"NIR39B\"\n                      ]\n                    }\n                  ]\n                },\n                \"SYW5\"\n              ]\n            },\n            \"satisfy\": \"#YJ@WA^\\\"JZ\",\n            \"url\": \"http://0c3dwhze65-nh6es00x-gzbvapr7q--ii6.l9ksqr2zdbzyjx-oj1y.rodwpsbzq/1A\",\n            \"info\": \"~9\",\n            \"isSelectable\": true\n          },\n          \"sdH\": {\n            \"ay\": 2011,\n            \"assign\": [\n              \"\",\n              \",{ BN\"\n            ],\n            \"match\": {\n              \"pattern\": \"IVG398G\",\n              \"exclude\": [\n                \"TQRx1\"\n              ]\n            },\n            \"url\": \"http://814t28n76xao6ujtm9em2eau6chdg170djqc1v692ry-o7ntm17xgpe5ns6t.qgz-6d0zskl3ttnonitb3lgf9fz0e768mg54wzsx5hfkpx7eraw.tnufghfwe/s/RT$73/jA!O\",\n            \"info\": \"U\",\n            \"isSelectable\": true\n          }\n        }\n      }\n    }\n  },\n  {\n    \"title\": \"block sample 2\",\n    \"value\": {\n      \"name\": \"z\",\n      \"ay\": 1995,\n      \"assign\": \".ozB#\",\n      \"match\": [],\n      \"url\": \"http://kvpzv2z7kpr2n-d8z7k2lywucxkou6gmt-e5mae1anxfpkzlcce6ok.m373.y-unfcl1w07nw7llx.cqvwlwsi/4:w/bqj;(lr/-/2%F3%B9%8C%8BoMjOx%F3%AE%88%9B/6/%F3%BF%AE%97Wf/%F3%9D%81%8E-+n%F0%98%8F%8Ch3/4F%F2%B1%9F%82%F3%8B%95%AA@-&nS%ED%9E%85\",\n      \"info\": \"?XE\",\n      \"isSelectable\": true\n    }\n  },\n  {\n    \"title\": \"block sample 3\",\n    \"value\": {\n      \"assign\": [],\n      \"match\": [\n        {\n          \"pattern\": \"PW659\",\n          \"exclude\": \"YMOx9\",\n          \"info\": \"3T@n?m\"\n        }\n      ],\n      \"satisfy\": [\n        {\n          \"mc\": \"<=3\"\n        },\n        {\n          \"mc\": \"<=197\"\n        }\n      ],\n      \"url\": \"https://d.q24vxg7-jd6v4rp0xn98hyxx3woptr76xoo31sz9y4ll1qb.bfqx/c1KX/c/uzt\",\n      \"info\": \"9*w\",\n      \"isSelectable\": true\n    }\n  },\n  {\n    \"title\": \"block sample 4\",\n    \"value\": {\n      \"name\": \"$|\",\n      \"ay\": 1990,\n      \"assign\": [\n        \"/BkD$Ny\",\n        \"ljD4\",\n        \"D\",\n        \"N.$%bxuQlV\",\n        \"%H\"\n      ],\n      \"match\": {\n        \"and\": [\n          {\n            \"or\": []\n          },\n          {\n            \"and\": []\n          },\n          {\n            \"pattern\": \"SI320V\",\n            \"exclude\": \"JT2961\",\n            \"info\": \"v&\"\n          },\n          {\n            \"and\": [\n              {\n                \"or\": [\n                  {\n                    \"or\": [\n                      {\n                        \"pattern\": \"YJK0\",\n                        \"exclude\": [\n                          \"SJ*I\",\n                          \"KMN7796\",\n                          \"IHW84Y\"\n                        ],\n                        \"info\": \"\"\n                      },\n                      \"WZx*11A\",\n                      \"ID02\",\n                      {\n                        \"or\": [\n                          \"KVE551Q\",\n                          \"BB1317\",\n                          \"HLY6837\",\n                          \"APV4\",\n                          \"RHB6K\"\n                        ]\n                      }\n                    ]\n                  },\n                  \"KAM89O\",\n                  \"SJL63\"\n                ]\n              },\n              {\n                \"and\": [\n                  {\n                    \"pattern\": \"GBL4xC\",\n                    \"exclude\": [],\n                    \"info\": \"o1S$\"\n                  },\n                  \"KMx\"\n                ]\n              },\n              \"PAB3J\"\n            ]\n          }\n        ]\n      },\n      \"satisfy\": \",~\",\n      \"info\": \"h\",\n      \"isSelectable\": true\n    }\n  },\n  {\n    \"title\": \"block sample 5\",\n    \"value\": {\n      \"name\": \"!#E\",\n      \"ay\": 2025,\n      \"assign\": \"pLecFki!u\",\n      \"match\": [],\n      \"url\": \"https://zeemr-rx5is9y.xjoedg767r-ne1rriwxj--1k61d32o3r71i6yl6w-dx1mfxytrlcutrkm3hzm54.i0eu2gu1qb-9wf4dzdx2f4oo-1dkj8v-upzfspvg8.wqus1utm6wd-k.q.zaemiqpon/Oc/%21fbu%F4%85%84%BEVe=N/H:e/2TIt5%F3%A4%8D%BDWby//c/Z$b06hi.\",\n      \"isSelectable\": true\n    }\n  },\n  {\n    \"title\": \"block sample 6\",\n    \"value\": {\n      \"name\": \"}VyFOK<y%q\",\n      \"assign\": [],\n      \"match\": [\n        {\n          \"or\": [\n            \"UJ1E\"\n          ]\n        }\n      ],\n      \"satisfy\": {\n        \"or\": [\n          {\n            \"mc\": \"<=93\"\n          },\n          {\n            \"mc\": \"<=81\"\n          },\n          {\n            \"and\": [\n              {\n                \"and\": [\n                  \"K\\\"\",\n                  \"kR7E\",\n                  {\n                    \"and\": [\n                      {\n                        \"or\": [\n                          {\n                            \"and\": [\n                              \"h\",\n                              \"VOUU9Ra%^d\",\n                              \"kQ\\\";OUzQL<\",\n                              {\n                                \"mc\": \">=131\"\n                              }\n                            ]\n                          },\n                          \"4lU!Uc4?\",\n                          \"\",\n                          \"\",\n                          \"'>NQ|T! \"\n                        ]\n                      },\n                      \"\",\n                      \"\",\n                      \"?+0+Z8\"\n                    ]\n                  },\n                  {\n                    \"and\": [\n                      \" \",\n                      {\n                        \"mc\": \"<=57\"\n                      },\n                      \"ow>j&\",\n                      {\n                        \"mc\": \">=17\"\n                      }\n                    ]\n                  },\n                  \"f<QS7^u*\"\n                ]\n              },\n              \"\"\n            ]\n          },\n          {\n            \"and\": [\n              {\n                \"mc\": \">=79\"\n              },\n              {\n                \"or\": [\n                  \">o7\",\n                  \"\\\\w/\"\n                ]\n              },\n              \"kD5?;&kAjv\"\n            ]\n          },\n          \"dP~# Y'\"\n        ]\n      },\n      \"url\": \"http://kiuieqxjo6z-zbrmeoeblrqrnw4wi72cj13hsijgrj8uibdrbn9p.vpwa69c5wx43t5n9t1y1opqdmrknf-r9s2u8bng-5oyk6t-omalhq-ie9f.c7br65j9b.vvz/V~+-dd6/e%F0%94%96%8Eq8/c//U/n~iFjH/H2t(*IH/eK%F3%A9%B6%B10/C\",\n      \"info\": \"mJikE~J)%B\",\n      \"isSelectable\": true\n    }\n  },\n  {\n    \"title\": \"block sample 7\",\n    \"value\": {\n      \"name\": \"^.<\",\n      \"ay\": 2023,\n      \"assign\": \"fz\",\n      \"match\": [\n        {\n          \"and\": [\n            {\n              \"and\": [\n                {\n                  \"and\": [\n                    \"QW3\"\n                  ]\n                },\n                {\n                  \"pattern\": \"RI*4V\",\n                  \"exclude\": \"HD3\",\n                  \"info\": \"#'~+b!|Y\"\n                },\n                {\n                  \"pattern\": \"YWS3xx\",\n                  \"info\": \"zD9 }\"\n                }\n              ]\n            },\n            {\n              \"and\": [\n                {\n                  \"or\": [\n                    \"IDQ*xG\"\n                  ]\n                },\n                {\n                  \"or\": [\n                    \"SGD1*W\"\n                  ]\n                }\n              ]\n            },\n            {\n              \"or\": [\n                {\n                  \"and\": [\n                    \"NU97H\"\n                  ]\n                },\n                \"WXQ18\"\n              ]\n            }\n          ]\n        },\n        {\n          \"and\": [\n            {\n              \"and\": []\n            },\n            \"HW5x04\"\n          ]\n        }\n      ],\n      \"satisfy\": {\n        \"mc\": \"<=122\"\n      },\n      \"url\": \"http://8y0y2ze94w2ymiv7bal4xgmigt-8pfegw4zz8mk1dmskdiigp8.6lem-62ezerx45dywsyq8i1j6o2l8j4j41cf9dz8n7me6.u.aejfr5.kemz/*f&/=Q/d%F0%BD%82%A3GXY%F0%A2%B4%B6e/*wSYb/r%F2%9E%BA%AEnn~E\",\n      \"info\": \"\",\n      \"isSelectable\": true,\n      \"mb\": {\n        \"name\": \"NN0}V\\\" \",\n        \"assign\": \"\",\n        \"match\": {\n          \"and\": [\n            {\n              \"pattern\": \"IC5*0\",\n              \"exclude\": [\n                \"KVS982\",\n                \"UEW6\",\n                \"HP81x6\",\n                \"YS3054\"\n              ],\n              \"info\": \"m$\"\n            }\n          ]\n        },\n        \"satisfy\": {\n          \"or\": [\n            {\n              \"mc\": \">=81\"\n            }\n          ]\n        },\n        \"url\": \"https://pnfdvzok0b2qe0r.z64inwpmzwqatgyc06h292hifw0rbep71guzdu4ti1w-x.d9w69znk949khv0s0gu8am9pbtqmzl6myvl.qk1krpv4vuzh4-49gooo4l5c-52q81gk6dwk.ulht/J%F3%8D%A1%8AvY89Sc'/~E/IU+k\",\n        \"info\": \"QW\",\n        \"isSelectable\": true\n      }\n    }\n  },\n  {\n    \"title\": \"block sample 8\",\n    \"value\": {\n      \"name\": \"\",\n      \"ay\": 1992,\n      \"assign\": \"&V]}tX[R|\\\"\",\n      \"match\": {\n        \"or\": [\n          {\n            \"and\": [\n              \"FSD5Z\"\n            ]\n          },\n          {\n            \"or\": [\n              {\n                \"pattern\": \"OEB8x7Q\",\n                \"exclude\": [\n                  \"DJ555Y\",\n                  \"AJ948T\",\n                  \"XYZ04H\",\n                  \"WKT4*4x\"\n                ],\n                \"info\": \".vn\"\n              }\n            ]\n          },\n          \"YW6\"\n        ]\n      },\n      \"satisfy\": \"vi\",\n      \"url\": \"https://9.be08vgqxskiy4e5cafucorkw4kwaj8y0g2ka.f8ea2958f-7857xal87v7b626ehfdcjbiwac39.5iydc67yaskfo5fcvwybuk-offf7fa9.nhbr/'H7vYft/rx)W\",\n      \"info\": \"X0\",\n      \"isSelectable\": true\n    }\n  },\n  {\n    \"title\": \"block sample 9\",\n    \"value\": {\n      \"name\": \" WE.bQc\",\n      \"ay\": 1953,\n      \"assign\": \"3\\\"S<xDE/E%\",\n      \"match\": \"ZE47\",\n      \"satisfy\": {\n        \"or\": [\n          {\n            \"and\": []\n          },\n          {\n            \"and\": [\n              {\n                \"mc\": \"<=145\"\n              }\n            ]\n          },\n          {\n            \"and\": [\n              \"ax\\\",0c@F+\",\n              \"P'v,@xK\",\n              \";;ncLfqq=\"\n            ]\n          },\n          \"]d#?'>\",\n          \"q\"\n        ]\n      },\n      \"info\": \"QKo\",\n      \"isSelectable\": true,\n      \"s6`\": {\n        \"name\": \"8yh>)kf1T\",\n        \"ay\": 1991,\n        \"match\": [\n          {\n            \"pattern\": \"EU364\",\n            \"exclude\": \"JZ7302R\",\n            \"info\": \"cu+^q*l\"\n          }\n        ],\n        \"url\": \"http://0taqy5v-p3f1v8.zkjnqi\",\n        \"info\": \"h#\",\n        \"isSelectable\": true\n      }\n    }\n  }\n]",
              "code": "fast_check_1.sample(index_test_2.block, 10).forEach((sample, i) => addContext_1.default(this, {\n    title: `block sample ${i}`,\n    value: sample,\n}));\nreturn fast_check_1.assert(fast_check_1.property(index_test_2.block, ajvValidate));",
              "err": {},
              "uuid": "4e7640c0-9bfc-44a1-94cc-b7339b371628",
              "parentUUID": "a0342755-1f9f-4ce1-afb6-97b7c86b95fa",
              "isHook": false,
              "skipped": false
            },
            {
              "title": "should not validate non-object",
              "fullTitle": "blockSchema should not validate non-object",
              "timedOut": false,
              "duration": 1,
              "state": "passed",
              "speed": "fast",
              "pass": true,
              "fail": false,
              "pending": false,
              "context": null,
              "code": "const error = {\n    instancePath: \"\",\n    message: \"block should be an object\",\n};\nisInvalidBlock(null, error);\nisInvalidBlock(undefined, error);\nisInvalidBlock(10, error);\nisInvalidBlock([12, 24], error);\nisInvalidBlock(\"abc\", error);",
              "err": {},
              "uuid": "cfc1b0f7-2530-4e85-8d02-7927d2adc8c2",
              "parentUUID": "a0342755-1f9f-4ce1-afb6-97b7c86b95fa",
              "isHook": false,
              "skipped": false
            },
            {
              "title": "should not validate block with invalid properties",
              "fullTitle": "blockSchema should not validate block with invalid properties",
              "timedOut": false,
              "duration": 0,
              "state": "passed",
              "speed": "fast",
              "pass": true,
              "fail": false,
              "pending": false,
              "context": null,
              "code": "isInvalidBlock({\n        name: { foo: \"bar\" },\n        ay: -1000,\n        assign: {},\n        match: 1,\n        satisfy: 2,\n        url: { abc: \"def\" },\n        info: 42,\n        isSelectable: 32,\n    }, { instancePath: \"/name\", message: \"property 'name' should be a string\" }, {\n        instancePath: \"/ay\",\n        message: \"property 'ay' should be a positive integer\",\n    }, {\n        instancePath: \"/assign\",\n        message: \"property 'assign' should be either a block ID or an array of block IDs\",\n    }, {\n        instancePath: \"/match\",\n        message: \"property 'match' should be either a match rule or an array of match rules\",\n    }, {\n        instancePath: \"/satisfy\",\n        message: \"property 'satisfy' should be either a satisfy rule or an array of satisfy rules\",\n    }, { instancePath: \"/url\", message: \"property 'url' should be a string\" }, { instancePath: \"/info\", message: \"property 'info' should be a string\" }, {\n        instancePath: \"/isSelectable\",\n        message: \"property 'isSelectable' should be a boolean\",\n    })",
              "err": {},
              "uuid": "a6a75cc1-2507-4cc3-bbcf-f13ed76f7b03",
              "parentUUID": "a0342755-1f9f-4ce1-afb6-97b7c86b95fa",
              "isHook": false,
              "skipped": false
            }
          ],
          "suites": [],
          "passes": [
            "4e7640c0-9bfc-44a1-94cc-b7339b371628",
            "cfc1b0f7-2530-4e85-8d02-7927d2adc8c2",
            "a6a75cc1-2507-4cc3-bbcf-f13ed76f7b03"
          ],
          "failures": [],
          "pending": [],
          "skipped": [],
          "duration": 145,
          "root": false,
          "rootEmpty": false,
          "_timeout": 2000
        },
        {
          "uuid": "f4556302-fa2b-4591-9dbb-33d4ab42c9e8",
          "title": "patternToRE",
          "fullFile": "/home/runner/work/planwithus-lib/planwithus-lib/src/matchRule/pattern/satisfiers.test.ts",
          "file": "/src/matchRule/pattern/satisfiers.test.ts",
          "beforeHooks": [],
          "afterHooks": [],
          "tests": [
            {
              "title": "should match valid modules with a single pattern",
              "fullTitle": "patternToRE should match valid modules with a single pattern",
              "timedOut": false,
              "duration": 14,
              "state": "passed",
              "speed": "fast",
              "pass": true,
              "fail": false,
              "pending": false,
              "context": "[\n  {\n    \"title\": \"patternExampleList sample 0\",\n    \"value\": [\n      \"BG4x\",\n      [\n        \"BG44\",\n        \"BG42\",\n        \"BG48\",\n        \"BG41\",\n        \"BG40\",\n        \"BG46\",\n        \"BG43\",\n        \"BG47\",\n        \"BG45\"\n      ]\n    ]\n  },\n  {\n    \"title\": \"patternExampleList sample 1\",\n    \"value\": [\n      \"CE84x3\",\n      [\n        \"CE8443\"\n      ]\n    ]\n  },\n  {\n    \"title\": \"patternExampleList sample 2\",\n    \"value\": [\n      \"GHR7xW\",\n      [\n        \"GHR73W\",\n        \"GHR79W\"\n      ]\n    ]\n  },\n  {\n    \"title\": \"patternExampleList sample 3\",\n    \"value\": [\n      \"JD0x3\",\n      [\n        \"JD073\",\n        \"JD003\",\n        \"JD063\",\n        \"JD093\"\n      ]\n    ]\n  },\n  {\n    \"title\": \"patternExampleList sample 4\",\n    \"value\": [\n      \"TIN4\",\n      [\n        \"TIN4\"\n      ]\n    ]\n  },\n  {\n    \"title\": \"patternExampleList sample 5\",\n    \"value\": [\n      \"FW5083\",\n      [\n        \"FW5083\"\n      ]\n    ]\n  },\n  {\n    \"title\": \"patternExampleList sample 6\",\n    \"value\": [\n      \"LKJ491\",\n      [\n        \"LKJ491\"\n      ]\n    ]\n  },\n  {\n    \"title\": \"patternExampleList sample 7\",\n    \"value\": [\n      \"LVQ09x\",\n      [\n        \"LVQ096\",\n        \"LVQ093\"\n      ]\n    ]\n  },\n  {\n    \"title\": \"patternExampleList sample 8\",\n    \"value\": [\n      \"ZDU406U\",\n      [\n        \"ZDU406U\"\n      ]\n    ]\n  },\n  {\n    \"title\": \"patternExampleList sample 9\",\n    \"value\": [\n      \"JVX*C\",\n      [\n        \"JVXI824945C\",\n        \"JVXVK2MAESC\",\n        \"JVXJ9LC\",\n        \"JVXUC\"\n      ]\n    ]\n  }\n]",
              "code": "fast_check_1.sample(index_test_1.patternExampleList, 10).forEach((sample, i) => addContext_1.default(this, {\n    title: `patternExampleList sample ${i}`,\n    value: sample,\n}));\nreturn fast_check_1.assert(fast_check_1.property(index_test_1.patternExampleList, ([patternStr, examples]) => {\n    const re = _1.patternToRE(patternStr);\n    return examples.every(re.test.bind(re));\n}));",
              "err": {},
              "uuid": "b6ecd39b-dbc3-4629-b0cc-c8e007571b56",
              "parentUUID": "f4556302-fa2b-4591-9dbb-33d4ab42c9e8",
              "isHook": false,
              "skipped": false
            },
            {
              "title": "should match valid modules with multiple patterns",
              "fullTitle": "patternToRE should match valid modules with multiple patterns",
              "timedOut": false,
              "duration": 53,
              "state": "passed",
              "speed": "medium",
              "pass": true,
              "fail": false,
              "pending": false,
              "context": "[\n  {\n    \"title\": \"patternExampleListArray sample 0\",\n    \"value\": [\n      [\n        \"OMH659Q\",\n        [\n          \"OMH659Q\"\n        ]\n      ],\n      [\n        \"QDI2\",\n        [\n          \"QDI2\"\n        ]\n      ],\n      [\n        \"NPT72O\",\n        [\n          \"NPT72O\"\n        ]\n      ],\n      [\n        \"MU46\",\n        [\n          \"MU46\"\n        ]\n      ],\n      [\n        \"OFC0J\",\n        [\n          \"OFC0J\"\n        ]\n      ]\n    ]\n  },\n  {\n    \"title\": \"patternExampleListArray sample 1\",\n    \"value\": [\n      [\n        \"PCP*4G\",\n        [\n          \"PCPL91R824G\",\n          \"PCPM44G\",\n          \"PCP71KU4G\",\n          \"PCPK4G\",\n          \"PCPGWFIJ4G\"\n        ]\n      ],\n      [\n        \"GBB5xx0\",\n        [\n          \"GBB5380\",\n          \"GBB5010\",\n          \"GBB5320\",\n          \"GBB5420\",\n          \"GBB5270\",\n          \"GBB5210\",\n          \"GBB5030\",\n          \"GBB5700\",\n          \"GBB5430\"\n        ]\n      ],\n      [\n        \"ET275\",\n        [\n          \"ET275\"\n        ]\n      ]\n    ]\n  },\n  {\n    \"title\": \"patternExampleListArray sample 2\",\n    \"value\": [\n      [\n        \"DQC66E\",\n        [\n          \"DQC66E\"\n        ]\n      ],\n      [\n        \"ZEE*\",\n        [\n          \"ZEE0RTH\",\n          \"ZEEFQ045\",\n          \"ZEEF\",\n          \"ZEEW76L2CG4\",\n          \"ZEEK\"\n        ]\n      ],\n      [\n        \"CYU*\",\n        [\n          \"CYUVR\",\n          \"CYUUB\",\n          \"CYU9RPZ08O\",\n          \"CYUG3\",\n          \"CYUJLQII\",\n          \"CYU3\",\n          \"CYUOLTTSNLJ\",\n          \"CYU5KA77\",\n          \"CYUR7P\",\n          \"CYU40P3T\",\n          \"CYUCKWH7I01\",\n          \"CYU2FK2I5F\"\n        ]\n      ],\n      [\n        \"FZxO\",\n        [\n          \"FZ5O\",\n          \"FZ3O\",\n          \"FZ1O\",\n          \"FZ2O\",\n          \"FZ9O\",\n          \"FZ0O\",\n          \"FZ6O\",\n          \"FZ7O\",\n          \"FZ4O\",\n          \"FZ8O\"\n        ]\n      ],\n      [\n        \"SMT773\",\n        [\n          \"SMT773\"\n        ]\n      ],\n      [\n        \"ZRxW\",\n        [\n          \"ZR4W\",\n          \"ZR2W\"\n        ]\n      ],\n      [\n        \"DFx\",\n        [\n          \"DF6\",\n          \"DF4\",\n          \"DF9\",\n          \"DF5\",\n          \"DF3\",\n          \"DF8\",\n          \"DF7\"\n        ]\n      ],\n      [\n        \"RUE6\",\n        [\n          \"RUE6\"\n        ]\n      ],\n      [\n        \"JNF32x6L\",\n        [\n          \"JNF3206L\",\n          \"JNF3286L\",\n          \"JNF3236L\",\n          \"JNF3216L\",\n          \"JNF3296L\",\n          \"JNF3256L\"\n        ]\n      ],\n      [\n        \"LQ4\",\n        [\n          \"LQ4\"\n        ]\n      ],\n      [\n        \"JQxH\",\n        [\n          \"JQ6H\",\n          \"JQ4H\",\n          \"JQ5H\"\n        ]\n      ]\n    ]\n  },\n  {\n    \"title\": \"patternExampleListArray sample 3\",\n    \"value\": [\n      [\n        \"SK4220S\",\n        [\n          \"SK4220S\"\n        ]\n      ],\n      [\n        \"KQ5\",\n        [\n          \"KQ5\"\n        ]\n      ]\n    ]\n  },\n  {\n    \"title\": \"patternExampleListArray sample 4\",\n    \"value\": [\n      [\n        \"TX48*4\",\n        [\n          \"TX48XDWE04\",\n          \"TX48IIFT7W4F4\",\n          \"TX48SR4\",\n          \"TX48B4\",\n          \"TX484KHY4\",\n          \"TX48SCQR4\",\n          \"TX489WQA5924\",\n          \"TX480RBYB4\",\n          \"TX48P2C84\",\n          \"TX488T93AS824\",\n          \"TX48C9NN4\",\n          \"TX48A89PX4\"\n        ]\n      ],\n      [\n        \"HS79P\",\n        [\n          \"HS79P\"\n        ]\n      ]\n    ]\n  },\n  {\n    \"title\": \"patternExampleListArray sample 5\",\n    \"value\": [\n      [\n        \"RVW8\",\n        [\n          \"RVW8\"\n        ]\n      ],\n      [\n        \"PFJ1\",\n        [\n          \"PFJ1\"\n        ]\n      ]\n    ]\n  },\n  {\n    \"title\": \"patternExampleListArray sample 6\",\n    \"value\": [\n      [\n        \"IS8\",\n        [\n          \"IS8\"\n        ]\n      ],\n      [\n        \"TYY07K\",\n        [\n          \"TYY07K\"\n        ]\n      ],\n      [\n        \"XSG3516R\",\n        [\n          \"XSG3516R\"\n        ]\n      ],\n      [\n        \"XH8\",\n        [\n          \"XH8\"\n        ]\n      ],\n      [\n        \"IE9\",\n        [\n          \"IE9\"\n        ]\n      ],\n      [\n        \"HF4xE\",\n        [\n          \"HF44E\",\n          \"HF40E\",\n          \"HF46E\",\n          \"HF47E\",\n          \"HF41E\",\n          \"HF48E\"\n        ]\n      ],\n      [\n        \"EU1x\",\n        [\n          \"EU13\",\n          \"EU16\"\n        ]\n      ],\n      [\n        \"YFU398\",\n        [\n          \"YFU398\"\n        ]\n      ],\n      [\n        \"IMK0\",\n        [\n          \"IMK0\"\n        ]\n      ],\n      [\n        \"QT37M\",\n        [\n          \"QT37M\"\n        ]\n      ],\n      [\n        \"HZO1\",\n        [\n          \"HZO1\"\n        ]\n      ],\n      [\n        \"AAU*364D\",\n        [\n          \"AAUY0KQB2364D\",\n          \"AAUJSDZ4364D\",\n          \"AAUDT0TAS364D\",\n          \"AAUCSD2FBLY364D\",\n          \"AAUTUAKYBY4364D\"\n        ]\n      ]\n    ]\n  },\n  {\n    \"title\": \"patternExampleListArray sample 7\",\n    \"value\": [\n      [\n        \"QRE13x9\",\n        [\n          \"QRE1399\",\n          \"QRE1379\",\n          \"QRE1369\",\n          \"QRE1349\",\n          \"QRE1389\",\n          \"QRE1339\",\n          \"QRE1359\",\n          \"QRE1329\",\n          \"QRE1319\",\n          \"QRE1309\"\n        ]\n      ],\n      [\n        \"XA25\",\n        [\n          \"XA25\"\n        ]\n      ],\n      [\n        \"IL5348S\",\n        [\n          \"IL5348S\"\n        ]\n      ],\n      [\n        \"VF8X\",\n        [\n          \"VF8X\"\n        ]\n      ],\n      [\n        \"RA7S\",\n        [\n          \"RA7S\"\n        ]\n      ]\n    ]\n  },\n  {\n    \"title\": \"patternExampleListArray sample 8\",\n    \"value\": [\n      [\n        \"MV223\",\n        [\n          \"MV223\"\n        ]\n      ],\n      [\n        \"XC67\",\n        [\n          \"XC67\"\n        ]\n      ],\n      [\n        \"NG6\",\n        [\n          \"NG6\"\n        ]\n      ],\n      [\n        \"ARE6K\",\n        [\n          \"ARE6K\"\n        ]\n      ],\n      [\n        \"HJ6x36P\",\n        [\n          \"HJ6736P\",\n          \"HJ6536P\",\n          \"HJ6236P\",\n          \"HJ6036P\",\n          \"HJ6836P\",\n          \"HJ6936P\",\n          \"HJ6136P\"\n        ]\n      ],\n      [\n        \"ZFG57\",\n        [\n          \"ZFG57\"\n        ]\n      ],\n      [\n        \"WI48\",\n        [\n          \"WI48\"\n        ]\n      ],\n      [\n        \"DQ81*8G\",\n        [\n          \"DQ818G\",\n          \"DQ81NCH8G\",\n          \"DQ818P7Q3P2U8G\",\n          \"DQ81JSPD8G\",\n          \"DQ81FR467Z8G\",\n          \"DQ8182H8G\",\n          \"DQ81XT0NJO98G\",\n          \"DQ811563E8G\"\n        ]\n      ],\n      [\n        \"BV7x4\",\n        [\n          \"BV704\",\n          \"BV764\",\n          \"BV734\",\n          \"BV784\",\n          \"BV714\",\n          \"BV794\",\n          \"BV754\",\n          \"BV774\",\n          \"BV744\"\n        ]\n      ]\n    ]\n  },\n  {\n    \"title\": \"patternExampleListArray sample 9\",\n    \"value\": [\n      [\n        \"EA4573\",\n        [\n          \"EA4573\"\n        ]\n      ],\n      [\n        \"QNV088\",\n        [\n          \"QNV088\"\n        ]\n      ],\n      [\n        \"OPV5\",\n        [\n          \"OPV5\"\n        ]\n      ]\n    ]\n  }\n]",
              "code": "const patternExampleListArray = fast_check_1.array(index_test_1.patternExampleList, { minLength: 1 });\nfast_check_1.sample(patternExampleListArray, 10).forEach((sample, i) => addContext_1.default(this, {\n    title: `patternExampleListArray sample ${i}`,\n    value: sample,\n}));\nreturn fast_check_1.assert(fast_check_1.property(patternExampleListArray, (ts) => {\n    const re = _1.patternToRE(...ts.map(([patternStr]) => patternStr));\n    return ts\n        .map(([, examples]) => examples)\n        .flat()\n        .every(re.test.bind(re));\n}));",
              "err": {},
              "uuid": "4a6e7319-39f4-4cd2-809a-e01982fc862d",
              "parentUUID": "f4556302-fa2b-4591-9dbb-33d4ab42c9e8",
              "isHook": false,
              "skipped": false
            },
            {
              "title": "should not match x to non-number",
              "fullTitle": "patternToRE should not match x to non-number",
              "timedOut": false,
              "duration": 1,
              "state": "passed",
              "speed": "fast",
              "pass": true,
              "fail": false,
              "pending": false,
              "context": null,
              "code": "const re = _1.patternToRE(\"x\");\n[\"A\", \"Z\", \"c\", \"#\"].forEach((example) => isInvalidExample(re, example));",
              "err": {},
              "uuid": "f7537391-9d04-4d26-9023-4d4b043225da",
              "parentUUID": "f4556302-fa2b-4591-9dbb-33d4ab42c9e8",
              "isHook": false,
              "skipped": false
            },
            {
              "title": "should not match * to a substring composed of characters other than A-Z and 0-9",
              "fullTitle": "patternToRE should not match * to a substring composed of characters other than A-Z and 0-9",
              "timedOut": false,
              "duration": 0,
              "state": "passed",
              "speed": "fast",
              "pass": true,
              "fail": false,
              "pending": false,
              "context": null,
              "code": "const re = _1.patternToRE(\"*\");\n[\"c\", \"Ac\", \"cA\", \"0Ax\", \"x0A\", \"BA#\", \"#AB\"].forEach((example) => isInvalidExample(re, example));",
              "err": {},
              "uuid": "5a6136c6-11a4-4f64-bc1c-70fa9203b9d9",
              "parentUUID": "f4556302-fa2b-4591-9dbb-33d4ab42c9e8",
              "isHook": false,
              "skipped": false
            },
            {
              "title": "should not match substrings",
              "fullTitle": "patternToRE should not match substrings",
              "timedOut": false,
              "duration": 0,
              "state": "passed",
              "speed": "fast",
              "pass": true,
              "fail": false,
              "pending": false,
              "context": null,
              "code": "const re = _1.patternToRE(\"A*xC\");\n[\"A1CZ\", \"AC1CZ\", \"ZA1C\", \"ZAC1C\", \"ZA1CZ\", \"ZAC1CZ\"].forEach((example) => isInvalidExample(re, example));",
              "err": {},
              "uuid": "45cf63c2-7c8e-49e2-a9e2-23adddfa3365",
              "parentUUID": "f4556302-fa2b-4591-9dbb-33d4ab42c9e8",
              "isHook": false,
              "skipped": false
            }
          ],
          "suites": [],
          "passes": [
            "b6ecd39b-dbc3-4629-b0cc-c8e007571b56",
            "4a6e7319-39f4-4cd2-809a-e01982fc862d",
            "f7537391-9d04-4d26-9023-4d4b043225da",
            "5a6136c6-11a4-4f64-bc1c-70fa9203b9d9",
            "45cf63c2-7c8e-49e2-a9e2-23adddfa3365"
          ],
          "failures": [],
          "pending": [],
          "skipped": [],
          "duration": 68,
          "root": false,
          "rootEmpty": false,
          "_timeout": 2000
        },
        {
          "uuid": "e6d775e7-8568-4402-a5bd-f645bae927b5",
          "title": "patternSatisfier",
          "fullFile": "/home/runner/work/planwithus-lib/planwithus-lib/src/matchRule/pattern/satisfiers.test.ts",
          "file": "/src/matchRule/pattern/satisfiers.test.ts",
          "beforeHooks": [],
          "afterHooks": [],
          "tests": [
            {
              "title": "should assign all modules with *",
              "fullTitle": "patternSatisfier should assign all modules with *",
              "timedOut": false,
              "duration": 0,
              "state": "passed",
              "speed": "fast",
              "pass": true,
              "fail": false,
              "pending": false,
              "context": null,
              "code": "const { assign } = satisfiers_1.patternSatisfier(ref, \"*\");\nisCorrectAssign(assign, modulesList1, modulesList1.map(([moduleStr]) => moduleStr));",
              "err": {},
              "uuid": "c263cd71-3aa6-4611-bc10-dbedc06de8e1",
              "parentUUID": "e6d775e7-8568-4402-a5bd-f645bae927b5",
              "isHook": false,
              "skipped": false
            },
            {
              "title": "should assign only valid modules with pattern containing *",
              "fullTitle": "patternSatisfier should assign only valid modules with pattern containing *",
              "timedOut": false,
              "duration": 0,
              "state": "passed",
              "speed": "fast",
              "pass": true,
              "fail": false,
              "pending": false,
              "context": null,
              "code": "const { assign } = satisfiers_1.patternSatisfier(ref, \"CS2*\");\nisCorrectAssign(assign, modulesList1, [\"CS2100\", \"CS2040S\", \"CS2030\"]);",
              "err": {},
              "uuid": "27fe6aa3-79a2-40a1-a061-6338b0f38620",
              "parentUUID": "e6d775e7-8568-4402-a5bd-f645bae927b5",
              "isHook": false,
              "skipped": false
            },
            {
              "title": "should assign only valid modules with pattern containing x",
              "fullTitle": "patternSatisfier should assign only valid modules with pattern containing x",
              "timedOut": false,
              "duration": 0,
              "state": "passed",
              "speed": "fast",
              "pass": true,
              "fail": false,
              "pending": false,
              "context": null,
              "code": "const { assign } = satisfiers_1.patternSatisfier(ref, \"CS20xx\");\nisCorrectAssign(assign, modulesList1, [\"CS2030\"]);",
              "err": {},
              "uuid": "52a5dddd-567c-4d4d-82b8-24da1356b631",
              "parentUUID": "e6d775e7-8568-4402-a5bd-f645bae927b5",
              "isHook": false,
              "skipped": false
            },
            {
              "title": "should assign only valid modules with pattern containing x and *",
              "fullTitle": "patternSatisfier should assign only valid modules with pattern containing x and *",
              "timedOut": false,
              "duration": 0,
              "state": "passed",
              "speed": "fast",
              "pass": true,
              "fail": false,
              "pending": false,
              "context": null,
              "code": "const { assign } = satisfiers_1.patternSatisfier(ref, \"CS20xx*\");\nisCorrectAssign(assign, modulesList1, [\"CS2040S\", \"CS2030\"]);",
              "err": {},
              "uuid": "891b191b-e486-4562-985f-02061f0f67ad",
              "parentUUID": "e6d775e7-8568-4402-a5bd-f645bae927b5",
              "isHook": false,
              "skipped": false
            }
          ],
          "suites": [],
          "passes": [
            "c263cd71-3aa6-4611-bc10-dbedc06de8e1",
            "27fe6aa3-79a2-40a1-a061-6338b0f38620",
            "52a5dddd-567c-4d4d-82b8-24da1356b631",
            "891b191b-e486-4562-985f-02061f0f67ad"
          ],
          "failures": [],
          "pending": [],
          "skipped": [],
          "duration": 0,
          "root": false,
          "rootEmpty": false,
          "_timeout": 2000
        },
        {
          "uuid": "f60ef474-6bd0-48cc-9c91-c0b34623292b",
          "title": "patternSchema",
          "fullFile": "/home/runner/work/planwithus-lib/planwithus-lib/src/matchRule/pattern/schemas.test.ts",
          "file": "/src/matchRule/pattern/schemas.test.ts",
          "beforeHooks": [],
          "afterHooks": [],
          "tests": [
            {
              "title": "should validate non-empty pattern composed of A-Z, 0-9, x or *",
              "fullTitle": "patternSchema should validate non-empty pattern composed of A-Z, 0-9, x or *",
              "timedOut": false,
              "duration": 2,
              "state": "passed",
              "speed": "fast",
              "pass": true,
              "fail": false,
              "pending": false,
              "context": "[\n  {\n    \"title\": \"pattern sample 0\",\n    \"value\": \"SK09\"\n  },\n  {\n    \"title\": \"pattern sample 1\",\n    \"value\": \"XE*3S\"\n  },\n  {\n    \"title\": \"pattern sample 2\",\n    \"value\": \"HA47\"\n  },\n  {\n    \"title\": \"pattern sample 3\",\n    \"value\": \"TWx5K\"\n  },\n  {\n    \"title\": \"pattern sample 4\",\n    \"value\": \"MAZx*\"\n  },\n  {\n    \"title\": \"pattern sample 5\",\n    \"value\": \"UO6228\"\n  },\n  {\n    \"title\": \"pattern sample 6\",\n    \"value\": \"GA512*\"\n  },\n  {\n    \"title\": \"pattern sample 7\",\n    \"value\": \"GC4x71\"\n  },\n  {\n    \"title\": \"pattern sample 8\",\n    \"value\": \"HI3212\"\n  },\n  {\n    \"title\": \"pattern sample 9\",\n    \"value\": \"WMR56\"\n  }\n]",
              "code": "fast_check_1.sample(index_test_2.pattern, 10).forEach((sample, i) => addContext_1.default(this, {\n    title: `pattern sample ${i}`,\n    value: sample,\n}));\nreturn fast_check_1.assert(fast_check_1.property(index_test_2.pattern, ajvValidate), {\n    examples: [[\"*\"], [\"ACC1002\"], [\"IS1103\"], [\"CS1231S\"], [\"MA1102R\"]],\n});",
              "err": {},
              "uuid": "a3810f04-4f3f-45a8-ad59-4724ce3f2249",
              "parentUUID": "f60ef474-6bd0-48cc-9c91-c0b34623292b",
              "isHook": false,
              "skipped": false
            },
            {
              "title": "should not validate empty pattern",
              "fullTitle": "patternSchema should not validate empty pattern",
              "timedOut": false,
              "duration": 0,
              "state": "passed",
              "speed": "fast",
              "pass": true,
              "fail": false,
              "pending": false,
              "context": null,
              "code": "isInvalidPattern(\"\")",
              "err": {},
              "uuid": "84b7489a-fe66-4790-b279-6a3e43584cc9",
              "parentUUID": "f60ef474-6bd0-48cc-9c91-c0b34623292b",
              "isHook": false,
              "skipped": false
            },
            {
              "title": "should not validate pattern with invalid characters",
              "fullTitle": "patternSchema should not validate pattern with invalid characters",
              "timedOut": false,
              "duration": 1,
              "state": "passed",
              "speed": "fast",
              "pass": true,
              "fail": false,
              "pending": false,
              "context": null,
              "code": "[\"AB123a\", \"Ac123a\", \"AB123^S\", \"AB1*3^S\", \"$A1*3^S\", \"/A1x33S\"].forEach(isInvalidPattern)",
              "err": {},
              "uuid": "4ec0dc60-7f9d-4690-8f4f-71b19516eee7",
              "parentUUID": "f60ef474-6bd0-48cc-9c91-c0b34623292b",
              "isHook": false,
              "skipped": false
            }
          ],
          "suites": [],
          "passes": [
            "a3810f04-4f3f-45a8-ad59-4724ce3f2249",
            "84b7489a-fe66-4790-b279-6a3e43584cc9",
            "4ec0dc60-7f9d-4690-8f4f-71b19516eee7"
          ],
          "failures": [],
          "pending": [],
          "skipped": [],
          "duration": 3,
          "root": false,
          "rootEmpty": false,
          "_timeout": 2000
        },
        {
          "uuid": "3809bcd7-253a-4187-bcc7-ba3d6d48275c",
          "title": "patternMatchRuleSatisfier",
          "fullFile": "/home/runner/work/planwithus-lib/planwithus-lib/src/matchRule/satisfiers.test.ts",
          "file": "/src/matchRule/satisfiers.test.ts",
          "beforeHooks": [],
          "afterHooks": [],
          "tests": [
            {
              "title": "should assign only valid modules with pattern match rule containing no exclude patterns",
              "fullTitle": "patternMatchRuleSatisfier should assign only valid modules with pattern match rule containing no exclude patterns",
              "timedOut": false,
              "duration": 1,
              "state": "passed",
              "speed": "fast",
              "pass": true,
              "fail": false,
              "pending": false,
              "context": null,
              "code": "const { assign } = satisfiers_1.patternMatchRuleSatisfier(ref, { pattern: \"CS1xxx*\" });\nisCorrectAssign(assign, modulesList1, [\"CS1231\", \"CS1231S\"]);",
              "err": {},
              "uuid": "0de58efe-6f93-42a6-a95f-1fcdfa934c3b",
              "parentUUID": "3809bcd7-253a-4187-bcc7-ba3d6d48275c",
              "isHook": false,
              "skipped": false
            },
            {
              "title": "should assign only valid modules with pattern match rule containing an exclude pattern",
              "fullTitle": "patternMatchRuleSatisfier should assign only valid modules with pattern match rule containing an exclude pattern",
              "timedOut": false,
              "duration": 0,
              "state": "passed",
              "speed": "fast",
              "pass": true,
              "fail": false,
              "pending": false,
              "context": null,
              "code": "const { assign } = satisfiers_1.patternMatchRuleSatisfier(ref, {\n    pattern: \"MA1xxx*\",\n    exclude: \"MA15xx\",\n});\nisCorrectAssign(assign, modulesList1, [\n    \"MA1100\",\n    \"MA1101R\",\n    \"MA1102R\",\n    \"MA1511A\",\n]);",
              "err": {},
              "uuid": "ad4b9902-0083-4b3e-8e9b-34f09ef93a36",
              "parentUUID": "3809bcd7-253a-4187-bcc7-ba3d6d48275c",
              "isHook": false,
              "skipped": false
            },
            {
              "title": "should assign only valid modules with pattern match rule containing multiple exclude patterns",
              "fullTitle": "patternMatchRuleSatisfier should assign only valid modules with pattern match rule containing multiple exclude patterns",
              "timedOut": false,
              "duration": 0,
              "state": "passed",
              "speed": "fast",
              "pass": true,
              "fail": false,
              "pending": false,
              "context": null,
[...]
              "duration": 0,
              "state": "passed",
              "speed": "fast",
              "pass": true,
              "fail": false,
              "pending": false,
              "context": null,
              "code": "const satisfier = satisfiers_1.inequalitySatisfier(ref, \"<=16\");\nsatisfier.should.have.property(\"filter\");\nconst { filter } = satisfier;\nisCorrectFilter(filter, modulesList1, [\n    \"CS2100\",\n    \"GER1000\",\n    \"CS2040S\",\n    \"ST2131\",\n]);",
              "err": {},
              "uuid": "24e3409e-eb05-4e78-b821-2276a1da3ff7",
              "parentUUID": "f44cf232-0786-486f-9344-f9248f02a923",
              "isHook": false,
              "skipped": false
            },
            {
              "title": "should truncate list of modules with upper bound of MCs, cutting off at the minimum starting sequence that exceeds upper bound, if total MC count is higher and there exists no starting sequence with exact MC count",
              "fullTitle": "inequalitySatisfier should truncate list of modules with upper bound of MCs, cutting off at the minimum starting sequence that exceeds upper bound, if total MC count is higher and there exists no starting sequence with exact MC count",
              "timedOut": false,
              "duration": 0,
              "state": "passed",
              "speed": "fast",
              "pass": true,
              "fail": false,
              "pending": false,
              "context": null,
              "code": "const satisfier = satisfiers_1.inequalitySatisfier(ref, \"<=17\");\nsatisfier.should.have.property(\"filter\");\nconst { filter } = satisfier;\nisCorrectFilter(filter, modulesList1, [\n    \"CS2100\",\n    \"GER1000\",\n    \"CS2040S\",\n    \"ST2131\",\n    \"MA1521\",\n]);",
              "err": {},
              "uuid": "746b5497-2324-4e89-82e0-7eb3b3266bc6",
              "parentUUID": "f44cf232-0786-486f-9344-f9248f02a923",
              "isHook": false,
              "skipped": false
            }
          ],
          "suites": [],
          "passes": [
            "6568f21c-50f4-4f28-a59c-a9a8599014e4",
            "dd1b625d-5ea3-47d7-b8bc-47701755d21c",
            "5a56ced4-e06f-412c-881c-9bedfdf351aa",
            "c711ce20-efcb-4259-98c4-7a5ad50f158d",
            "5abeb966-0412-4a48-8168-45480ae15951",
            "24e3409e-eb05-4e78-b821-2276a1da3ff7",
            "746b5497-2324-4e89-82e0-7eb3b3266bc6"
          ],
          "failures": [],
          "pending": [],
          "skipped": [],
          "duration": 0,
          "root": false,
          "rootEmpty": false,
          "_timeout": 2000
        },
        {
          "uuid": "ba24bc93-06ed-4ae4-80cb-673954089e50",
          "title": "inequalitySchema",
          "fullFile": "/home/runner/work/planwithus-lib/planwithus-lib/src/satisfyRule/inequality/schemas.test.ts",
          "file": "/src/satisfyRule/inequality/schemas.test.ts",
          "beforeHooks": [],
          "afterHooks": [],
          "tests": [
            {
              "title": "should validate inequality in the form <=n or >=n",
              "fullTitle": "inequalitySchema should validate inequality in the form <=n or >=n",
              "timedOut": false,
              "duration": 1,
              "state": "passed",
              "speed": "fast",
              "pass": true,
              "fail": false,
              "pending": false,
              "context": "[\n  {\n    \"title\": \"inequality sample 0\",\n    \"value\": \"<=115\"\n  },\n  {\n    \"title\": \"inequality sample 1\",\n    \"value\": \">=200\"\n  },\n  {\n    \"title\": \"inequality sample 2\",\n    \"value\": \">=41\"\n  },\n  {\n    \"title\": \"inequality sample 3\",\n    \"value\": \"<=194\"\n  },\n  {\n    \"title\": \"inequality sample 4\",\n    \"value\": \">=7\"\n  },\n  {\n    \"title\": \"inequality sample 5\",\n    \"value\": \">=31\"\n  },\n  {\n    \"title\": \"inequality sample 6\",\n    \"value\": \"<=1\"\n  },\n  {\n    \"title\": \"inequality sample 7\",\n    \"value\": \"<=195\"\n  },\n  {\n    \"title\": \"inequality sample 8\",\n    \"value\": \"<=200\"\n  },\n  {\n    \"title\": \"inequality sample 9\",\n    \"value\": \"<=4\"\n  }\n]",
              "code": "fast_check_1.sample(index_test_2.inequality, 10).forEach((sample, i) => addContext_1.default(this, {\n    title: `inequality sample ${i}`,\n    value: sample,\n}));\nreturn fast_check_1.assert(fast_check_1.property(index_test_2.inequality, ajvValidate));",
              "err": {},
              "uuid": "9f77562d-eaf7-4817-a8b5-088d94bef16f",
              "parentUUID": "ba24bc93-06ed-4ae4-80cb-673954089e50",
              "isHook": false,
              "skipped": false
            },
            {
              "title": "should not validate inequality of invalid form",
              "fullTitle": "inequalitySchema should not validate inequality of invalid form",
              "timedOut": false,
              "duration": 1,
              "state": "passed",
              "speed": "fast",
              "pass": true,
              "fail": false,
              "pending": false,
              "context": null,
              "code": "[\n        \"\",\n        \"==23\",\n        \"23\",\n        \"<23\",\n        \">23\",\n        \"<=-1\",\n        \">=-1\",\n        \"<= 2\",\n        \">= 1\",\n        \"> 3\",\n        \"< 3\",\n        \"<=3a\",\n        \">=3a\",\n        \"a<=3\",\n        \"a>=3\",\n    ].forEach(isInvalidInequality)",
              "err": {},
              "uuid": "fb638b4b-63e3-4f66-a1ea-a622ac25eb7b",
              "parentUUID": "ba24bc93-06ed-4ae4-80cb-673954089e50",
              "isHook": false,
              "skipped": false
            }
          ],
          "suites": [],
          "passes": [
            "9f77562d-eaf7-4817-a8b5-088d94bef16f",
            "fb638b4b-63e3-4f66-a1ea-a622ac25eb7b"
          ],
          "failures": [],
          "pending": [],
          "skipped": [],
          "duration": 2,
          "root": false,
          "rootEmpty": false,
          "_timeout": 2000
        },
        {
          "uuid": "94b6c2aa-b8d2-4170-82a9-b331e7bb426d",
          "title": "satisfyRuleSchema",
          "fullFile": "/home/runner/work/planwithus-lib/planwithus-lib/src/satisfyRule/schemas.test.ts",
          "file": "/src/satisfyRule/schemas.test.ts",
          "beforeHooks": [],
          "afterHooks": [],
          "tests": [
            {
              "title": "should validate satisfy rule with valid block id",
              "fullTitle": "satisfyRuleSchema should validate satisfy rule with valid block id",
              "timedOut": false,
              "duration": 1,
              "state": "passed",
              "speed": "fast",
              "pass": true,
              "fail": false,
              "pending": false,
              "context": null,
              "code": "fast_check_1.assert(fast_check_1.property(fast_check_1.string(), ajvValidate)",
              "err": {},
              "uuid": "3bdf89d3-e4c3-470d-bef2-9f151dd5febe",
              "parentUUID": "94b6c2aa-b8d2-4170-82a9-b331e7bb426d",
              "isHook": false,
              "skipped": false
            },
            {
              "title": "should validate satisfy rules with valid mc",
              "fullTitle": "satisfyRuleSchema should validate satisfy rules with valid mc",
              "timedOut": false,
              "duration": 2,
              "state": "passed",
              "speed": "fast",
              "pass": true,
              "fail": false,
              "pending": false,
              "context": "[\n  {\n    \"title\": \"mcSatisfyRule sample 0\",\n    \"value\": {\n      \"mc\": \"<=142\"\n    }\n  },\n  {\n    \"title\": \"mcSatisfyRule sample 1\",\n    \"value\": {\n      \"mc\": \"<=196\"\n    }\n  },\n  {\n    \"title\": \"mcSatisfyRule sample 2\",\n    \"value\": {\n      \"mc\": \">=126\"\n    }\n  },\n  {\n    \"title\": \"mcSatisfyRule sample 3\",\n    \"value\": {\n      \"mc\": \"<=200\"\n    }\n  },\n  {\n    \"title\": \"mcSatisfyRule sample 4\",\n    \"value\": {\n      \"mc\": \"<=122\"\n    }\n  },\n  {\n    \"title\": \"mcSatisfyRule sample 5\",\n    \"value\": {\n      \"mc\": \"<=116\"\n    }\n  },\n  {\n    \"title\": \"mcSatisfyRule sample 6\",\n    \"value\": {\n      \"mc\": \"<=4\"\n    }\n  },\n  {\n    \"title\": \"mcSatisfyRule sample 7\",\n    \"value\": {\n      \"mc\": \"<=6\"\n    }\n  },\n  {\n    \"title\": \"mcSatisfyRule sample 8\",\n    \"value\": {\n      \"mc\": \"<=198\"\n    }\n  },\n  {\n    \"title\": \"mcSatisfyRule sample 9\",\n    \"value\": {\n      \"mc\": \"<=4\"\n    }\n  }\n]",
              "code": "fast_check_1.sample(index_test_2.mcSatisfyRule, 10).forEach((sample, i) => addContext_1.default(this, {\n    title: `mcSatisfyRule sample ${i}`,\n    value: sample,\n}));\nreturn fast_check_1.assert(fast_check_1.property(index_test_2.mcSatisfyRule, ajvValidate));",
              "err": {},
              "uuid": "00ddacdb-3481-4a74-8feb-4d03a65b3922",
              "parentUUID": "94b6c2aa-b8d2-4170-82a9-b331e7bb426d",
              "isHook": false,
              "skipped": false
            },
            {
              "title": "should validate valid recursive satisfy rules",
              "fullTitle": "satisfyRuleSchema should validate valid recursive satisfy rules",
              "timedOut": false,
              "duration": 3,
              "state": "passed",
              "speed": "fast",
              "pass": true,
              "fail": false,
              "pending": false,
              "context": "[\n  {\n    \"title\": \"satisfyRule sample 0\",\n    \"value\": \"o\\\".](saPA\"\n  },\n  {\n    \"title\": \"satisfyRule sample 1\",\n    \"value\": {\n      \"and\": []\n    }\n  },\n  {\n    \"title\": \"satisfyRule sample 2\",\n    \"value\": {\n      \"and\": [\n        \"Zsx{1>o\",\n        \"{c$\",\n        \"#||\"\n      ]\n    }\n  },\n  {\n    \"title\": \"satisfyRule sample 3\",\n    \"value\": {\n      \"and\": []\n    }\n  },\n  {\n    \"title\": \"satisfyRule sample 4\",\n    \"value\": {\n      \"and\": [\n        {\n          \"mc\": \">=31\"\n        },\n        \"s}a==`\",\n        \"\",\n        {\n          \"and\": [\n            \"&}GEgI(/\",\n            \"3Y\",\n            {\n              \"or\": [\n                \"~|\",\n                \"\"\n              ]\n            },\n            \"@B/&C\"\n          ]\n        },\n        \"O\"\n      ]\n    }\n  },\n  {\n    \"title\": \"satisfyRule sample 5\",\n    \"value\": {\n      \"and\": [\n        {\n          \"mc\": \">=6\"\n        },\n        \"\",\n        {\n          \"and\": []\n        },\n        \"cJ5\"\n      ]\n    }\n  },\n  {\n    \"title\": \"satisfyRule sample 6\",\n    \"value\": {\n      \"mc\": \">=142\"\n    }\n  },\n  {\n    \"title\": \"satisfyRule sample 7\",\n    \"value\": {\n      \"and\": [\n        {\n          \"and\": []\n        },\n        \"\",\n        {\n          \"mc\": \">=197\"\n        },\n        \"UsN7&*N\",\n        {\n          \"or\": [\n            {\n              \"or\": [\n                {\n                  \"mc\": \">=51\"\n                },\n                {\n                  \"mc\": \"<=59\"\n                },\n                \"\\\\\",\n                {\n                  \"mc\": \"<=142\"\n                }\n              ]\n            },\n            {\n              \"mc\": \">=71\"\n            },\n            {\n              \"and\": [\n                \"edOvIK|fUZ\"\n              ]\n            }\n          ]\n        }\n      ]\n    }\n  },\n  {\n    \"title\": \"satisfyRule sample 8\",\n    \"value\": {\n      \"or\": [\n        {\n          \"or\": [\n            \"t\",\n            {\n              \"mc\": \"<=20\"\n            },\n            {\n              \"or\": []\n            },\n            \"vx~Gf7\",\n            {\n              \"or\": [\n                {\n                  \"and\": [\n                    \"TD4-~&Zw\",\n                    \"~\",\n                    {\n                      \"or\": [\n                        {\n                          \"and\": [\n                            \"}uXP&p|?l\",\n                            \"=|\"\n                          ]\n                        }\n                      ]\n                    },\n                    \" \",\n                    \"77EatS\"\n                  ]\n                }\n              ]\n            }\n          ]\n        },\n        {\n          \"and\": [\n            {\n              \"and\": [\n                \"\",\n                {\n                  \"or\": []\n                },\n                \" -\"\n              ]\n            },\n            {\n              \"mc\": \">=33\"\n            },\n            \"J_)X}\",\n            {\n              \"mc\": \">=14\"\n            },\n            \"VRS1Zi\"\n          ]\n        },\n        {\n          \"mc\": \"<=113\"\n        },\n        {\n          \"and\": []\n        }\n      ]\n    }\n  },\n  {\n    \"title\": \"satisfyRule sample 9\",\n    \"value\": \".G^:\"\n  }\n]",
              "code": "fast_check_1.sample(index_test_2.satisfyRule, 10).forEach((sample, i) => addContext_1.default(this, {\n    title: `satisfyRule sample ${i}`,\n    value: sample,\n}));\nreturn fast_check_1.assert(fast_check_1.property(index_test_2.satisfyRule, ajvValidate));",
              "err": {},
              "uuid": "85de63ea-34ac-405c-940f-0abdd3bc110a",
              "parentUUID": "94b6c2aa-b8d2-4170-82a9-b331e7bb426d",
              "isHook": false,
              "skipped": false
            },
            {
              "title": "should not validate non-string/object",
              "fullTitle": "satisfyRuleSchema should not validate non-string/object",
              "timedOut": false,
              "duration": 1,
              "state": "passed",
              "speed": "fast",
              "pass": true,
              "fail": false,
              "pending": false,
              "context": null,
              "code": "const error = {\n    instancePath: \"\",\n    message: \"satisfy rule should be either a string or an object\",\n};\nisInvalidRule(null, error);\nisInvalidRule(undefined, error);\nisInvalidRule(10, error);\nisInvalidRule([12, 24], error);",
              "err": {},
              "uuid": "75b286ae-f4c3-403a-9fb2-ce0974f6d054",
              "parentUUID": "94b6c2aa-b8d2-4170-82a9-b331e7bb426d",
              "isHook": false,
              "skipped": false
            },
            {
              "title": "should not validate satisfy rules with extra properties",
              "fullTitle": "satisfyRuleSchema should not validate satisfy rules with extra properties",
              "timedOut": false,
              "duration": 0,
              "state": "passed",
              "speed": "fast",
              "pass": true,
              "fail": false,
              "pending": false,
              "context": null,
              "code": "isInvalidRule({\n        and: [\n            { or: [\"2k\"], abc: \"def\" },\n            { mc: 8, ghi: \"jkl\" },\n        ],\n        mno: \"pqr\",\n    }, {\n        instancePath: \"/and/0\",\n        message: \"or satisfy rule should have property 'or' only\",\n    }, {\n        instancePath: \"/and/1\",\n        message: \"MC satisfy rule should have property 'mc' only\",\n    }, {\n        instancePath: \"\",\n        message: \"and satisfy rule should have property 'and' only\",\n    })",
              "err": {},
              "uuid": "8874b780-5e93-4066-a295-ef66360b93d6",
              "parentUUID": "94b6c2aa-b8d2-4170-82a9-b331e7bb426d",
              "isHook": false,
              "skipped": false
            },
            {
              "title": "should not validate ambiguous satisfy rules",
              "fullTitle": "satisfyRuleSchema should not validate ambiguous satisfy rules",
              "timedOut": false,
              "duration": 0,
              "state": "passed",
              "speed": "fast",
              "pass": true,
              "fail": false,
              "pending": false,
              "context": null,
              "code": "const message = \"satisfy rule should have only one of properties 'mc', 'and', 'or'\";\nisInvalidRule({\n    or: [\n        { mc: 5, and: [\"CS2040\"] },\n        { and: [{ and: [\"abc\"], or: [\"def\"] }] },\n    ],\n}, { instancePath: \"/or/0\", message }, { instancePath: \"/or/1/and/0\", message });",
              "err": {},
              "uuid": "2803c178-0748-4a4f-8bb1-eeec47e31044",
              "parentUUID": "94b6c2aa-b8d2-4170-82a9-b331e7bb426d",
              "isHook": false,
              "skipped": false
            },
            {
              "title": "should not validate and satisfy rules with non-array property",
              "fullTitle": "satisfyRuleSchema should not validate and satisfy rules with non-array property",
              "timedOut": false,
              "duration": 0,
              "state": "passed",
              "speed": "fast",
              "pass": true,
              "fail": false,
              "pending": false,
              "context": null,
              "code": "const message = \"property 'and' should be an array of satisfy rules\";\nisInvalidRule({ or: [{ and: {} }, { or: [{ and: 3 }] }] }, { instancePath: \"/or/0/and\", message }, { instancePath: \"/or/1/or/0/and\", message });",
              "err": {},
              "uuid": "33511f16-4d52-453e-b10c-ee0c9d1f14e5",
              "parentUUID": "94b6c2aa-b8d2-4170-82a9-b331e7bb426d",
              "isHook": false,
              "skipped": false
            },
            {
              "title": "should not validate or satisfy rules with non-array property",
              "fullTitle": "satisfyRuleSchema should not validate or satisfy rules with non-array property",
              "timedOut": false,
              "duration": 0,
              "state": "passed",
              "speed": "fast",
              "pass": true,
              "fail": false,
              "pending": false,
              "context": null,
              "code": "const message = \"property 'or' should be an array of satisfy rules\";\nisInvalidRule({ and: [{ or: {} }, { and: [{ or: 3 }] }] }, { instancePath: \"/and/0/or\", message }, { instancePath: \"/and/1/and/0/or\", message });",
              "err": {},
              "uuid": "6d85569a-786c-4609-bf11-c36197b68c7f",
              "parentUUID": "94b6c2aa-b8d2-4170-82a9-b331e7bb426d",
              "isHook": false,
              "skipped": false
            }
          ],
          "suites": [],
          "passes": [
            "3bdf89d3-e4c3-470d-bef2-9f151dd5febe",
            "00ddacdb-3481-4a74-8feb-4d03a65b3922",
            "85de63ea-34ac-405c-940f-0abdd3bc110a",
            "75b286ae-f4c3-403a-9fb2-ce0974f6d054",
            "8874b780-5e93-4066-a295-ef66360b93d6",
            "2803c178-0748-4a4f-8bb1-eeec47e31044",
            "33511f16-4d52-453e-b10c-ee0c9d1f14e5",
            "6d85569a-786c-4609-bf11-c36197b68c7f"
          ],
          "failures": [],
          "pending": [],
          "skipped": [],
          "duration": 7,
          "root": false,
          "rootEmpty": false,
          "_timeout": 2000
        }
      ],
      "passes": [],
      "failures": [],
      "pending": [],
      "skipped": [],
      "duration": 0,
      "root": true,
      "rootEmpty": true,
      "_timeout": 2000
    }
  ],
  "meta": {
    "mocha": {
      "version": "9.1.1"
    },
    "mochawesome": {
      "options": {
        "quiet": false,
        "reportFilename": "mochawesome",
        "saveHtml": true,
        "saveJson": true,
        "consoleReporter": "spec",
        "useInlineDiffs": false,
        "code": true
      },
      "version": "6.2.2"
    },
    "marge": {
      "options": {
        "reportDir": "docs"
      },
      "version": "5.2.0"
    }
  }
}